<?xml version="1.0" encoding="UTF-8"?>
<!-- Generated by org.testng.reporters.JUnitReportReporter -->
<testsuite skipped="0" hostname="DESKTOP-OT8VNT7" name="testcases.QuickLaunch" tests="2" failures="0" timestamp="2022-10-31T02:34:39 EDT" time="24.501" errors="0">
  <testcase name="VerifyQuickLaunchItemCount_002" time="10.361" classname="testcases.QuickLaunch"/>
  <system-out>
    <![CDATA[<img src="data:image/png;base64,iVBORw0KGgoAAAANSUhEUgAAB4AAAANOCAYAAADwDxERAAAAAXNSR0IArs4c6QAAIABJREFUeJzsvXu0LUd93/n9VfXe55z7vtLV4+p59bogI8lgQTwYI+zYyOOxwEkwHjsOK15rYuK1RnjWzOBxMvFM1jheYRJjOws8E4Px2CTjQBg7KzHYiYTBiIcERgIZCQn0fly9ru773vPe3TV/dFfv7uqqrqp+7X3uqS9L1K2zu7vqV/Xrz/7VrqpuEkIIBAUFBQXZJRKIjWXQ5jLEynFg7QTE2ReBMy8CZ55FcuxJiFNPAqdfAAiAQDUFQNSuGsbTdeVpylcPt+UFAEYOlxepbbWpoTq2vL4VlDNKBRjy1gZqkeaGqg3iZFB7efZ/V8Xl+czcSnPU9H/bVEo2t/zA2N3lMxzyTfq/rgIuqamFLeq5v7suv443jdIG/ibVG38G4Y2aFhrEx398NSe88fm+6TSt4U2eN6on3jTij7GFlbyigfu/bfmD8GZI/mjjnS6+f3z9T22QQn4L88d6d8wxf+z2z5I/zi2s5BXNOX9k/6uH+1S/a/5INeKNesbM+CMbcGDeqOrZ3xrxx1CtrlIplT/NeaPmW/LHx3/OM96o5btau7V5o+T7vAPC7ztb6PedoKDtJf6RI/m/T5w6i7PLK1jf2AQALIxH2L1zBy7Ytzs/hsIEcFBQUFCHWj+L5NijwCvfQvLyXwMvfxPJy9/SH5sFLgQ0CujaDXX9A2qivgJqNYUS8enVeoDTYEDT3QDHsZn6VKvyTBa37P9G/qQaZMor5usGNJqze0t1AxpD6/aimQ6g7LzpPPXmTcf86YA3rfgzj7wZkj+DT5gqeUN1BuNPjbmD8Geu/G+W/IHSIYV8jf9480ZNA3964I2a9+RPI39SDTLly5qHeKdivmPrdqK55I1Un7xRU0w7ZIvxxpU/bhVUT+hYrcr3JaxP//fFH8V8HW80/BmSN6786UQz9T8Dbyr86bEHzoPfd7x4YzLgvOZPk/4fhj9BQdtJ/CNHsLk5wYtHj2NtfUN7zOLCGJddfCFGoyhMAAcFBQX1qngd4sjXIJ6/F+LZLyF59suFD8sBDCmxjDUALgyoBtuBkFWgFL9vyQDXJocAuPPA1jMAtqxAbT2AsqUO/ubamo00tL95ld9gwNTFANtrwFQ/gHLlz7ZZATwo7zx5M6sdNw340ylvhuTPoP3ftvwe+OPsf2qFXfN6c/N8g/4P/GmqWfJHNVhmB+aNmjbwt5rW7IY/Q6oRb9R8x/zx8Z8twBvV30y8qcwf96G54I0sr0/eGPxHxxvVHQs17pw/HfifqXWdNGj/+5av3gA98Kfx951qQL15xvwM+FNqrRr+zL7/25bv4C9zN94qp/PIH1NrNtKs+RMUtIXEP3IEz77winHyV2pxYYyrL78kTAAHBQUFDank6c9DPPOXEE99DskrD5c/LAbcDJaARx9yUZuQzzHgre4EVg0w5S0aOMAzDbjUALuvMN8l4JbqvjkcBzx9DnCsAx5P/2krT/9z9f4uB1iu4yGnAVmrAZaphO554+w/vvyZ8QBTy5sh+VPT3N3/wGzijazQDPjjOaHduVr63zzwR8qJN63sdy1xlvzxVOBPlTed8cfBX+aOP5q0T7Usrxf+uJynqW5n/HG+Ygd+0NjfVAMaamjeQKn9DHjjGu+0b4554o3qb2qDdGKwXT43dM3ptrwXb4bkj5f9A/GmxwU1FbXsf1858aZl//fFn/Yy8adJ/7dNM82aP0FB57FO/4tH8eqJU07HXnTBvjABHBQUFDQLidNHIJ78LxCP/RmSpz5vPI484mtoAkrdAFtzuHeqfSdwg4A6txMdxH+lAtSIutfQHsYAu8sBlE0dD6hca9+m/31TKW2+U/tNJXYxoHYcMNny8/gDsgNvHE9vNKCe3QpltcAB+GM0vNBAQ/NmSP406P/eedPYfqcSy+nM+dOl/Q20Bfgj1T1/DLyZa/50rBnxp833z/zwx5U3at7S/534l5TFf4bmjWf5nfNGTR38TWow/lRKGII3qv9JdcyfbcCbWv8pfGC83Z3VEW+G5E/P/W+Vy+3hfng3vBmSP6UKmfjTA3es/ldooC3EH1tt55k/g9xvQUFbSEf+9wesu3+lFhfGYQI4KCgoaKbaWEby3T9F8p3/iOSx/1wb4HhNBstzSv9SQirtD4juA6rm7wTO1PGKwHkMaAut7RbQztGAsly+65CuiwGVzf9UA0x5P/v7XDChTV3MV1rXlG+kXv3PwV9a8qd5Ku0fmDdq2gNvXPljrOCQGpo3Lvzx8Z/zkDde/uOrXnmjap54o/oblA5pZr83fxr0f++8GZI/XuUPxJsQ7zjFO51oLvgzIG9U/+h4gUYn/GlpnVRj/gwpr/I74E/vvLH4j0v1HK4+C9504h6D8kaVeoMNyZ9M1ninH/749H+v/Jlp/1vKrZTvStR54k9QUJDUk//oq3Cd0iWiMAEcFBQUNBfaXEXy7U9BfPtTynuCq5ITwdofcAwBrumJ0q0HWNmF1XiusiC8D3UaYDcIgBsHuI4DKFve037rgMk37WCA5dr6Ws3VAEs1WL0BOr3zUO9/8rBuB0wV/+mg/9v6n4k3Q3T/MLxR85b+76RlVQMNasibutNb88fzOmrr1irwxn7D+/iPo7l5PiumtjrdW13PGwN/elGn/tcRb4bkj6f9nfPHwfxOeaNqS/CnxzvQO94ZgD/9WVv1l6F5o6pTf3PgjUv/98kbF/7UqDV/euSNU/fNFW/UVL0B5pE3Lfmj482Q/NHxZkj+dOp/rneES/+35Y9qoCHvaX9r3qjpdudPUNAW0hO/cp/X8WECOCgoKGiOJE4/j+ShTyB5+JMQx5+oHfCkO3CneVvERI0HPGrAm9c2q0dXxjuY0acMzaEOuHyq2zbgNg247M0xTwMexwHQnPV/2/K9B2QNBlidDsBKF6jyxuo/bdPWK4RbasYDzHngTXc7JLYCb2Q5Naf3qXnkzZD8qb2AiT8988ZrQrslfzruf+/idbzR8Kdz7sj0vOVP3sL1+S3OH2/eqOkM+WOv4Cz5U2igLnnjZT9mwx/P6nXNHyl/820e59j/nVimtqAhPzRvVLUsvzF/5oI3aoEm3qj5Pnij+p+pRVtqxrwxNcdg/Km53fv7faeQn/l4y+H0oKCgRgoTwEFBQUHng577MuIHP47k4U9ZD80nYB0DLPVwWPIuKXOML10HTI0CYN2AqjLA6jSkL6e6H3DUH/j61MABdsVfdAOqjgfYtf6jG1AZ7Xf1wCb933ZAZWphi2Y9oPIsvw1vXAfYXv5Tk6/KkT+D8EZNCw3i4z++mhPe9PmDns3fTLyx75DoiTeN+GNsYSWvaOD+b1v+ILwZkj/aeKeL7x9f/1MbpJDfwvyx3h1zzB+7/bPkj3MLK3lFc84f04SCT/W75o9UI96oZ8yMP7IBB+aNqp79rRF/DNXqKpVS+dOcN2q+JX98/Oc8441avqu1W5s3St7Xj4gBInE7Pvy+s4V+3wkK2l4KE8BBQUFB54s2V5F842OIv/ExiBNPWw8nsh5SPBrUcUDt/U7glhMYrQc4DQY03Q1wHJupT7Uqz2Rxy/5vNFRQDTLlFfN1AxrN2b2lugGNoXV70UwHUB0N4HvlTcf86YA3rfgzj7wZkj+DT5gqeUN1BuNPjbmD8Geu/G+W/IHSIYV8jf9480ZNA3964I2a9+RPI39SDTLly5qHeKdivmPrdqK55I1Un7xRU0w7ZIvxxpU/bhVUT+hYrcr3JaxP//fFH8V8HW80/BmSN6786UQz9T8Dbyr86bEH5uD3HYzGSBb2ArsPQCztB5b2QIx3A+MliGgR4FHmlAQkE1C8CcTrYJN1YGMFbHMZ2FgGWz8LxJvF1rV337bgT5P+H4Y/Qb4SaZ+IBCKOgWQCTDaBeBNicx3YXJ91BYNqFCaAg4KCgs4zJU/9BcTXfxfxk58thz+GuArwG2DD8rlxwK05gNSXDfepXgNshwC488DWMwC2rEBtPYCypTrzoa+OLd9IQw+ovMpvMGDqYoDtNWBqOQB36P+2aan1ipwxmduneuWNKk/ezGrHTQP+dMqbIfkzaP+3Lb8H/jj7n1ph17ze3DzfoP8Df5pqlvxRDZbZgXmjpg38raY1u+HPkGrEGzXfMX98/GcL8Eb1NxNvKvPHfWgueCPL65M3Bv/R8UZ1x0KNO+dPB/5nal0nDdr/vuWrN0AP/Gn8facaUG+eMT8D/pRaq4Y/s+9/c/nJzgsh9l4GsecyiN0XQyztQf7DWC4Hfyk0NE3WwFZPga2fBq2cBFs7Ffij8T9TazbSrPkTpEhAbKwBG6sQ6ythQnjOFCaAg4KCgs5HnXgck6/934i/8ftZkGcf4PjuyKWOBjzTWLt+AFTRwAGeacClBth9hfkuAbdU981RP+AZ5AcW64DH03/aytP/LNb0MsDyGsDX5N0qWGe9nT/WtPMfWGz5Lu1vLy1vhuRPTXN3/wOziTeyQjPgj+eEdudq6X/zwB8pJ960st+1xFnyx1OBP1XedMYfB3+ZO/5o0j7Vsrxe+ONynqa6nfHH+Yod+EFjf1MNaKiheQOl9jPgjWu807455ok3qr+pDdKJwXb53NA1p9vyXrwZkj9e9g/Emx4X1FTUsv9rL724B8m+KyAuPIRk/5UAH/VXvkjAVk6ALb8KvvwqsLHcOX/ay8SfJv3fNpXtNmP+BHUqMdkA1s5BrJ1LdwoHzVRhAjgoKCjofNVkDfF9/wrxfb8NTNaqobcm3mesnLcNmNQNvE0H2Iy5DaikOon/SgWoEXWPA+u6AVaXAyibOhxQFS9ny9cOsA3VappKafOd2u8wAO9tQCVlyc/jD8hq85hr394fHJp/cN4MyR+j4YUGGpo3Q/KnQf/3zpvG9juVWE5nzp8u7W+gLcAfqe75Y+DNXPOnY82IP22+f+aHP668UfOW/u/Ev6Qs/jM0bzzL75w3aurgb1KD8adSwhC8Uf1PqmP+bAPe1PpP4QPj7e6sjngzJH967n+rXG4P98O74c2Q/ClVKC0w2X0Rkguvg7joOogd+7u2WNPA5ZQmq+BnXwE7dxRs5Ti2En9stJxn/szk+z7IKLG+DLFyBlhfmXVVtq3CBHBQUFDQea746/8a8X3/CuLsS87hJZEmpNL+gKjsBG4Rwpl3IGfqeEXgPAa0hdZ2C2jnaEBZLt91SNduQDXLFcmy2HkaUKuta8o3Uq/+5+AvBv50/4OOK3/8LPTmjZr2wBtX/hgrOKSG5o0Lf3z85zzkjZf/+KpX3qiaJ96o/galQ5rZ782fBv3fO2+G5I9X+QPxJsQ7TvFOJ5oL/gzIG9U/Ol6g0Ql/Wlon1Zg/Q8qr/A740ztvLP7jUj2Hq8+CN524x6C8UaXeYEPyJ5M13mnOn2TnhUguPozk4tcAi7v0Bw3Y/hRvgJ15Cezsi2Crp8rmzaT/LeVWyncl6jzxJ2jeJDZWgeVT6SOigwZVmAAOCgoK2gaKH/w44i//S+DMEaAuzkIhbCL38M1pJ3DhD2o8V6xHb+o0wG4QAPe2Ilk10JD3tH8WA2zX6jUagM/VAMsw4M7Vw0Db2PDysG4HTBX/6aD/2/pfhT+Zhuj+YXij5i3930nLqgYa1JA3dae35o/nddTWrVXgjf2G9/EfR3PzfFZMbXW6t7qeNwb+9KJO/a8j3szxDqzO+eNgfqe8UbUl+NPjHegd7wzAn/6srfrL0LxR1am/OfDGpf/75I0Lf2rUmj898sap++aKN2qq3gDzyJuW/NHxZkj+6HgzJH80FRMLO5AcuAHJwddB7LzA42Kud4RL/5v5Q5ur4KePgJ9+ATRZ1V+3YqAh73n/teaNmm53/gQ1llhfhjh7AphszLoq20ZhAjgoKChomyj51h9h84sfAE4/B4BAjqGdcWeuJsKjDn7gdZ4EnnXAZ2gOdcDlU922AbdpwGVvjmEGPM1StQU9GrRPdVy+94CswQCr0wFY6QLqCN/Bf9qmrVcIt9SMB5jzwJvudkhsBd7IcmpO71PzyJsh+VN7ARN/euaNV7zTkj8d97938TreaPjTOXdket7yJ2/h+vwW5483b9R0hvyxV3CW/Ck0UJe88bIfs+GPZ/W65o+Uv/k2j3Ps/04sU1vQkB+aN6palt+YP3PBG7VAE2/UfB+8Uf3P1KIt1ZI3yd7LkVzxeiQHrvEqdmNtDc8//wJeOXoSR0+v4OTyJs6uJVjbTLA5SQtnLMaYAzvGhD0LHBfsGuPCfbtwyYH9OHjF5RgvLHqVyZaPgZ9+Hvzsy/W8yezu7/edQn7m4y2H04POK4lzJyDOnZx1NbaFwgRwUFBQ0DZS/ODHkdzz6xDLR/NAyvjkZZX25D5cbDqglqnpncBQrm/KV2UKcGUBpgFWFwGubYClNoiTQe01cIBd8ZfM3NrxpmM1Gw24dQMqo/2uHthygN3lAMqmWQ+oPMs3Wds4beBvUr3xZxDeqGmhQXz8x1dzwps+f9Cz+ZuJN/YdEj3xphF/jC2s5BUN3P9tyx+EN0PyRxvvdPH94+t/aoMU8luYP9a7Y475Y7d/lvxxbmElr2jO+WOa0PSpftf8kWrEG/WMmfFHNuDAvFHVs7814o+hWl2lUip/mvNGzbfkj4//nGe8Uct3tXbuecPHiC99HeIrXg8s7LRcMU2Pv3oM333sWTz24ik8dzIGo3TjA8saQAgBBgJRAgKBZT9cENJNDzJlYBBC4Ip9Ea45uA/XXn8V9l14kdIgeoMoXgc/+Rz4qedAcQc7IQf2PxNvar/+HavZljf+8U7QrCQ21yDOHAM212ddlfNaYQI4KCgoaJsp/vq/xuQLvwZsLJf+Xj8UnkZsBGgiuHKERR2EdJWdxy0nMFoPcBoMaLob4Dg2W59qVd4sB/DdDOi1AxrN2b2lugGNoXV70UwHUPW86SX15k3H/OmAN634M4+8GZI/g0+YKnlDdQbjT425g/BnrvxvlvyB0iGFfI3/ePNGTQN/euCNmvfkTyN/Ug0y5cuah3inYr5j63aiueSNVJ+8UVNMO2SL8caVP24VVE/oWK3K9yWsT//3xR/FfB1vNPwZkjeu/OlEM/U/A28q/OmxBzr4fQdL+xBf8QYkl73OyeqHH3oE33z8JTx9IkZELJ/MZUA6CQwBIAEBSJ9ul/6bMZ7+DenvVFSsmWyvrF2v3M/x2msvxvXfc2N9ZTLz2OkXEJ18GrR29jzkT5P+H4Y/QfMlceZViJUzs67GeaswARwUFBS0DRV/6f/E5Isf0A6wAXtYxcg97Mqv1yDApC7jtV4HWA4BcOeBrWcAbFmBaguXexlgQ18dW76RBh1Q+5bfYMDUxQDba8BkH4DXnu3Q/23TUusVPpjJCuBeeaPKkzez2nHTgD+d8mZI/gza/23L74E/zv6nVtg1rzc3zzfo/8Cfppolf1SDZXZg3qhpA3+rac1u+DOkGvFGzXfMHx//2QK8Uf3NxJvK/HEfmgveyPL65I3Bf3S8Ud2xUOPO+dOB/5la10mD9r9v+eoN0AN/Gn/fqQbUm2fMz4A/pdaq4c8Q/Z/sugTJoTchueCQ9dgHvvEtfPWxV3FyRYDLSV9G6cSvQJoHZTuApxPAAulkL6d0AjjfCUxA7gMAQOkWCJkKAHsXBG6+/iK85pabYGtZtnIc0YmnwJaP1x631fkj1Yl7zJo/QZ1LLJ+COHt81tU4LxUmgIOCgoK2ocTGMiaf+1Uk3/h/oIuUXHbwEuwRn/46eS0s+VTGSeCBAzzTgEsNsLscYPkG3FLdN4cmZB/6BxbrgKd+AN25PP3P1fu7HGB5DeBr8m4VrLPeVIJH2vkPLG786cb+9tLyZkj+1DR39z8wm3gjKzQD/nhOaHeulv43D/yRcuJNK/tdS5wlfzwV+FPlTWf8cfCXueOPJu1TLcvrhT8u52mq2xl/nK/YgR809jfVgIYamjdQaj8D3rjGO+2bY554o/qb2iCdGGyXzw1dc7ot78WbIfnjZf9AvOlxQU1FHvYney9HfO2bIfZcWnvJx77zOO55+AheOSfAIcBB4Gy605chnQQmkYATyyd4AeS/QxEBDCxL08+JkE8QSxERAMotlrfx/h2EN7z2Mlxx3fW1daXV0xideAJ09ugMx1tN+r9tmmnW/AmaC4m1sxCnjs66GuedwgRwUFBQ0DaVOPEk4s/+CuLHPwti0A6wWfF4VMM1153AzgMsSzlQrteuAYoFqRF1jwPrugFWlwMomzwH1K6Xs+Wb9H/TVEqb79R+hwF4bwMqKUt+Hn9AVpvHXPv2/uDQ/K7+095+tcAB+GM0vNBAQ/NmSP406P/eedPYfqcSy+nM+dOl/Q20Bfgj1T1/DLyZa/50rBnxp833z/zwx5U3at7S/534l5TFf4bmjWf5nfNGTR38TWow/lRKGII3qv9JdcyfbcCbWv8pfGC83Z3VEW+G5E/P/W+Vy+3hfng3vOmBP8neyxFf94MQuy4yNsXa6gr+4kvfxMMvrecXiwjglE74QiQApruBSQiMGC9dg5hsr3RnMCMCsfRajABihETI3cDIJoABEsgmhwGRWSuEwHUXj3HrG1+P8dIOpQemYutnER1/HOzsK0bbjOrY/2y0nGf+zOT7PqgzifVliJMvz7oa55XCBHBQUFDQNlb8xN2Y3P3LECeezgPXVNOISQa9dSuSidUPqNq9E1jWSJYHlCNMNArw5jGgndrqGNDO0YCyXH6DAbvTiNWS+gzQNQMuH/t1CyZmPaBWW9eUb6Re/c/BX2r4M5sVyX4WevNGTXvgjSt/jBUcUkPzxoU/Pv5zHvLGy3981StvVM0Tb1R/g9Ihzez35k+D/u+dN0Pyx6v8gXgT4h2neKcTzQV/BuSN6h8dL9DohD8trZNqzJ8h5VV+B/zpnTcW/3GpnsPVZ8GbTtxjUN6oUm+wIfmTyRrvVP0n2XMQ8fW3Qew2T/4++fiT+PP7n8byejZxyxhIAJwEAAEOgJCAZe8AZtl7fiNiEJS2xfR9wEiPQfrIaCKWnUsAERKkv3XJyV+QAIm0fdOzU5uSzJl2jAT+xk1X4eDV1xibh9bOIDr2GNi5V106srm8/M+VqPPEn6CtrDAJ3K3CBHBQUFDQNtfkqx9G/LlfnQ6wqBpmMdjDON15pc8Lf1DjucqCcIOoTTzX6QCrQQDc24pk1UBD3tP+WQywXavXaAA+0wG2Wp5hwJ2rh4G2seHlYd0OmCr+00H/t/U/E2+G6P5heKPmLf3fScuqBhrUkDd1p7fmj+d11NatVeCN/Yb38R9Hc/N8Vkxtdbq3up43Bv70ok79ryPeDMkfT/s754+D+Z3yRtWW4E+Pd6B3vDMAf/qztuovQ/NGVaf+5sAbl/7vkzcu/KlRa/70yBun7psr3qipegPMI29a8kfHmyH5o+NNj/xJdh5AfP1bIfZebjzm6/c/iM8+ehKMBKIE4ASkU7kCnAAGgYgTRJJkj3NG9vdsojhzWiYngWk6wZu+H1hACAHGGBghm9hNPydKG1wk0wlhQQARQYj03/KR0W84tB833Gx6NzDAVk8ievU7YKunCtY58Kbm/mvNGzXd7vwJ6l3hcdDdKUwABwUFBW13ba5i88//B8QPfRIyUiLSR1ClnbyaCC/fCWz4gZdK+WbKJ4FnHfAZxn/qgMtweCcDLtPvG/4TXK4huMuAV1OhVqnagh4N2qc6Lt97QNZggNXpAKx0AXWE7+A/ffzg4uM/bTXjAeY88Ka7HRJbgTeynJrT+9Q88mZI/tRewMSfnnnjNaHdkj8d97938TreaPjTOXdket7yJ2/h+vwW5483b9R0hvyxV3CW/Ck0UJe88bIfs+GPZ/W65o+Uv/k2j3Ps/04sU1vQkB+aN6palt+YP3PBG7VAE2/UfB+8Uf3P1KItVVM9sbAL8fW3ITlwrfH0z9/zNfzVcysQJMCIMBIAF+lkroBAxAQIAGeAEAJcpM94ZkiPZ4yBIQFB5I98ZpAmUrbrVwCJyCaLARAHAemjoTMjCJS2F1HeQ4KABCK1SaTXu/7SRdz8xu8z2s/OvoLo1UdBG6s9/r5TyM98vOVwetC2k1g+BXH2+KyrseUVJoCDgoKCgiCe+zI2P/3fQ5x6phRgkSYeIyWvfg6yh3vWgZVhgCXl/05gU4ArCzANsLoIcG0DLLVBnAxqr4ED7Iq/SP+qG286VrPRgFvxc213l89wyLccYHc5gLJp1gMqz/JN1jZOG/iblC1flSN/BuGNmhYaxMd/fDUnvOnzBz2bv5l4Y98h0RNvGvHH2MJKXtHA/d+2/EF4MyR/tPFOF98/vv6nNkghv4X5Y7075pg/dvtnyR/nFlbyiuacP6YJTZ/qd80fqUa8Uc+YGX9kAw7MG1U9+1sj/hiq1VUqpfKnOW/UfEv++PjPecYbtXxXa+eBN/G1P4j4itcbj/gvn78XD76wAp5N9o7AwCHAIXfjCjCWTvZyAkgIEFi2yxfTd/ySSHcDQ+78BQgCRCz9NwOQCHCe5WVtCMgfA43sQJL1TJOY0p3ASDhITBAT4eoDI3zvm94Ek6KTzyJ69VFYBgupBvY/E29qv/4dq9mWN/7xTtA8S5x5FWLlzKyrsaUVJoCDgoKCggAAky//S0y+8OuVv5MMXAsRG1kmTE07iPPPOxjAad8JXDMgaz3AaTCgaTrAqTVgngaUzprlAL6bAb12QKM5u7dUN6AxtG4vmukAqp43vaTeE6Yd86cD3rTizzzyZkj+DD5hquQN1RmMPzXmDsKfufK/WfIHSocU8jX+480bNQ386YE3at6TP438STXIlC9rHuKdivmOrduJ5pI3Un3yRk0x7ZAtxhtX/rhVUD2hY7Uq35ewPv3fF38U83W80fBnSN648qcTzdT/DLyp8KfHHnDkT3zp9yB+zd80WnLXX96LbxxZQUTpo5wJAhEYOJBP8AKFCWAATABE2a5fIjAS6SOhSSDfAQyAQGAsPTadACaQEKXrImuu9BhCus+Y8nPkPcDAEDNW5sWNAAAgAElEQVQGJAIQAhMAIolx1YFFvO6Ntxr7Pzr6CPjJZxv0sUWD8KdJ/w/Dn6CtpeT4EWBzfdbV2LIKE8BBQUFBQQAAcfZFbP7HX0Dy7JcrYZTccVv5O2rCrkKsVYjf8wOogwEO+cRzvQ6wHALgzgNbzwC4MqAqW2ALl3sZYENfHVu+kQYdUPuW32DA1MUA22vAVD+Asp7t0P9t01LrFT6YyQrgXnmjypM3s9px04A/nfJmSP4M2v9ty++BP87+p1bYNa83N8836P/An6aaJX9Ug2V2YN6oaQN/q2nNbvgzpBrxRs13zB8f/9kCvFH9zcSbyvxxH5oL3sjy+uSNwX90vFHdsVDjzvnTgf+ZWtdJg/a/b/nqDdADfxp/36kG1JtnzM+AP6XWquFPV/2f7LwI8Y1vh9hxgfbzL977V/jKk2fAAIwYkL2GF5yACARGDMQSAAkYUf4eYJZ9xindmsAIICKA4vxvHCI7P3sXMKXnAEk64QsCUHj/LwDGCCJ98W/6dyD9N4BIAJt8hEhsIBYRJgJg8QTrfITrL17AdTffom15tn4G0SuPgK2ewFbnj1Qn7jFr/gQNKrG5BnH8hVlXY8sqTAAHBQUFBeWafOMPsfnnvwTdDl1SZ2yzyI5qIj79TmAp9Z3A9QOgirLD06AavQd4pgGXGmB3OcDyDbilum8OTcg+9A8s1h9cPP2nrTwHGNYBvOZybQdYXgP4mrxbBeusN5XgkXb+A4st36X97aXlzZD8qWnu7n9gNvFGVmgG/PGc0O5cLf1vHvgj5cSbVva7ljhL/ngq8KfKm8744+Avc8cfTdqnWpbXC39cztNUtzP+OF+xAz9o7G+qAQ01NG+g1H4GvHGNd9o3xzzxRvU3tUE6Mdgunxu65nRb3os3Q/LHy/6BeNPjgpqKNJefvPZHkFxyo/bwbz30MP7swZcQEQMhQUTpO3uJAA4gYgxEDAwxkL0XmJPIdwYzsHTiV2Q7ehmBUZy/+5eRfPQzZf+WE8Bx+g5gIpBg+QQwEUDEIDKT5SOhZSq4QJIwjJIEMXFMiCERMYSIIESCG6/ch4PX3aBtB372BUQvPVSGUCuZ+NOk/9ummWbNn6C5lzh3AuLcyVlXY0sqTAAHBQUFBU21uYrNP/n7iJ+8Kx3oFj7KwzOqhm22ncB1A6zigLrxAMpjXFExqDjArpQwxABbDajVCpryLeU5oHa9nC1fO8A2VKtpKqXNd2q/wwC8twGVlCU/jz8gq81jrn17f3Boflf/aW+/WuAA/DEaXmigoXkzJH8a9H/vvGlsv1OJ5XTm/OnS/gbaAvyR6p4/Bt7MNX861oz40+b7Z37448obNW/p/078S8riP0PzxrP8znmjpg7+JjUYfyolDMEb1f+kOubPNuBNrf8UPjDe7s7qiDdD8qfn/rfK5fZwP7wb3rTgz+Siw4hvvF1r6tGXX8LHPvstRIwjQjqBGwH57l0igYh4OjmLSb77l5gAF+ljnbkAiAERMQDZe4AZwEQ62ctZVhMConyCmCAnk9MJ4Ky+LL1mmqEMefL9w+m/N0aEcQycO7OKhZ17QVxgTQCjWECICSaC4U03XYWdF1yitXn08kPgp49oP3PuUA/ZaDnP/JnJ933QIEqOPQ9MNmZdjS0n3wngqKd6BAUFBQXNg0ZLYN/ztzF54i5UQioh0tWMCbJnQguILJJLKN0JLLJIq5QWZnorn4v0Xb5CGD7PQkwBFCJHpPVouSJQAHnADiGUgFbmC6lIBxK1qe68ulSUU2nE1JxCXla4ywGlUFLbsZYIfHoZ2X/6fLH/S6m2/6d+JP3NmCrnoeg/urxcntvA/uICBuT9Pz3Ypb8raZ2/1Ppf5h91/gPIg6r93lH/O11Dm9b7S4k/As79r+NNbVrnP33wRsMfr/5vyRsq1KOOP1MD0Nj+0uW68r9cDv7ToP+t/NH6Sw1/VN7U2d+INzX+A0/+1PJG9T8H/6mz28H+fv2vnjdoyhtP/kDxt+7iHQNv6vjj1f8N453s+0jlT/7PwfrfcKxz+Sb+tPj+GSLecbZ/Gmd0yp86f3HwPytvdDY5HFa135D6yli+iT8teWPzP8d4J+dPocd9DTfxpvS5rf87441s6xr/GZo3unMt5Vd5I/8+DG9K4/Ma3uT3at14q/Z+M/OmnO833pn6i4P/FLOdf984ylJ+lTfIummYeMf1951kvARx8HVGMz/79W8jYoQRE+Ai/XkqovTdvZQ1H6MYJADOGQjpjmCGJJ385QQmssc9U5I+OpqyncEs2x3MRDbhS4iYfNQzAUjAstleOelL2XuCAYCIgZBVBNkjphnDOE7Lf/TsCg4s7MPOyTpEzLG2eRZ79u4CJRzPPfE0bnzTxdr+j3cfBJ07CprUvAe1Y/8z8Wbe+dPo3gnaEqLdF0CcfHnW1TjvFXYABwUFBZ3vmqxi81N/F5OnPp/Hf7odvjKmLf69dicwpn9QF+AymW8ocvldotMBlnqCKV9IizN1W2AHlulqjVMH812rZ8tr1ccA20el8lSD1RugVUvrU2PDy8PUHu/G3DzfQf+39b8KfzIN0f3D8EbNW/q/k5ZVDTSoIW/qTm/NH8/rqK1bq8Ab+w3v4z+O5ub5rJja6nRvdT1vDPzpRZ36X0e8meMdWJ3zx8H8Tnmjakvwp8c70DveGYA//Vlb9ZeheaOqU39z4I1L//fJGxf+1Kg1f3rkjVP3zRVv1FS9AeaRNy35o+PNkPzR8aYj/sSXfy/i696q/ey+r/4VvvzECUSMwInARLrzN2KYPqpZpO8BTnfyMjAAnMlHOwOcASzbGZz+h3xXLyMCIUtZagyn9P2+ROkvXozLCeEEgPyM0gbI3htc7BTOGY69cgK79uzDJx89hre9/kY8/PWv4dLdO3HLtZdCYIINLGEh2cClB3bgssM3Qecvo6PfAT/5jMx63X+teaOm250/QTOTOPkSxPrKrKuxpeS7A5jZDwkKCgoK2tKKlsAO/zcApqtckywVhVQk01XVMk2UvBAAhAz+RR6E5YOBLE2aBGeFa8hy1L+X/lM/06U+hZfOFYpN0vbsOFFtK20KjzQvR+R5oeZFlhci/0yfZufm/5NlqflC6mKTKKRwSLW2Is+jmC/2v5LP09763/GaxvJFJV+uglBsruv/Qqq2eTGFKRV5ftrbqjeI6v9KPjT1NVEqu5Bv3P8e/qe1vYY/Srd4ydbfLv7nXdg0r+eN/M+x/33a3Nh3Bt4U/jPyp+BhJt7keV/euPBHayv0+cI9G3jjwB84pHnvOvCn9jtMll3ljairs8lWXersfybemPnjpFb9b0g9CtfyRs036n/H1Jc/BR+ZCX9c7plSd1TzKOYr97AmnWP+CF2+cGDz/i+kTv4nSuW78MfMHU/+uNqqS402Ffyjlj8t1QV/WhRu4g3Ufq/r/zZ9YONNIW/0FaOHQfnLtOxa/jTijZoaeKPmh+aNqlblC6UKHvwZjDeKTyh8sY63SudM69iYP87fdzW8acMfeW60iOSSw9pDTrx6FF954hg4RLqbVyTgBHASILm7lwQ4JeAMGLF0Yjh992+CiAQiloBTgogh+0+AZ//mTICxBJzH4DwB5wDnAiz/LwGLBBgHeCTAIyAaEXgE8IgQjZD+FwFRJBCNgFGWn4yBrz3+DB4/s4GvPvE0Hnz5NNYWIoAznFtdxokzZxCNxnjkhVNYPvXq9CbMGx2Y7L4UCV/I/az97zuFfG/xjiN/Ch/OBX+C5lc79826Bue9wiOgg4KCgraB2A0/DvbA70O8+ijkukABylYBZflsdat81I2g9PE2gtLj8jzkArx0ZWWeF9UVgsyyYlAqLWeaoWm1qun0jHK+VIAhX7ekkMopmfLZ8aSmmaHT09S83pw8JX0KNa9rDujMompeewVDwZYKCVD2rywvKFuhTFl3UNbshRRl/9FW15YWzCxaUuxeY3eXzyjnSx1U9QeQwW9kqtwAJPT+YvSf3M9kc8vPtb1VTXXVVSyuyxsd0nqFLNV1WE2NK/5T4E0phZoa/EfDn5resvKncrtUbHfgj7UGBX9ozBs1lZex+I/r7a6cl+etZg3Dm9oUNf6S+5k7b1R/M/HGvkOiJ9448MfKG1f+GKrrzB8r0BrwpoY/zryp8MfEGyo2tz9/TLxx5Y823lHSJrxR8hW/cY53tjZ/ZP/78wfTfKlaw/EnT41qzx8tbzT8qfqPbObZ8sd84byC9SdYOk72vz9/FP+AiT813DHwp2hJHX+qDaa5Ql/8MfFG9R9f3qipJ28qcuaNmrfwx+QvLvxBjb9U+OPJG8USb964jrdc42XfeCf3O9ncs+YN6fOmK3QU76jfb+7xTje8SS6+HmKX/j249z34cDpJmyB9ly+lO33T3btJvpuXC2QTw0gf5SyS9BHQlKSPiaZ017DcFUzZNcBE9u/sfcAMECTSR0Wz1AeIMYBE+jmlO3+JCMQIhDTNb2HIz4E9e/fh4a8+hWPrwOeOvQS+mWB1Y4LNSYzNJMGJM+dw8e6deOX4STzwrUdw221vq/iFWNoPsfsS4NRzVf/R8caHPx2Nt7bG7ztBW1k0XoJY2AGEXcC9KUwABwUFBW0D0d4rwK5/OyavPiL/AgiBJB/ApHlBgEiQBrlCwPZOmESkA3fTO0ISkQ68TO8ImZZbzGfBYB7h6SRQ/jTLyyBQTPNpKo8vpCIN+GtTaM4rpDLqzPPZr/75O/DkLIAuOHUZ5/pKWFJb+c6S/ajkpy8dKuWd3xFj8TfrO/Kc31ElcneTjiIHsPnnsPd/23fiSUdp/A68qlkGew3Hdj2Aci5/yhsU+ePZ/17vxNP4W5E3KPBm2vYt+dMxbyr8yXlj4E+xI+aRN57lV3mT/b3Xd1KpqZ0303u54D8le038mTZgI97U8Ufjb1P+FOvswZ+B+79t+RXe5F9XDfnT6J1oBd548MeJN5793x1/sDX543h5c7yTHTdQvOPKH51tg8Q7zv5Xz5vB+NNWdeXX8GYa78jDO4p3imnLeEfLGzUvpDtp+r8H3lTeUT80b1T5+ptz+QbeqHmVP73EO9O04i++vNHwp1n/t/2+q+ePUW15M9j3nYE3Ff70G+9Uft9hDOLC65UGSvXi88/isaOr4ExO7GaTvNnELCfK/x7JyWGkk8KcEUaFyV45ycsZZe8NFmBMgDjyCWI5AQyirAykk7yMABKlCV8iAmMsu3b2d0LqxyCsrwscX05wdpNh+fTLOLIa4bIdu3Hu3AoQT7A4HmN5bRUPPf8iXjl1FkdWGK696ilccfU1lS6Od14MdvLZlv2Per9ryp+8vIbxjid/oOY94p2grS3asSc8BrpHhQngoKCgoG0idu2PAvd+CKAsrCqsOGdKXg4S0n/KIH2apr8fUDbOSFdP+u4ANK9ERDlvkLpgWJs3l25ZCClXpMvj5QriQr44kiQlnx9fE4E7LSnWnZ+p8IOOLqBXjq7mNd1lGy+UUuOOl6rfaPOWFajW1HcFrPqpwR3Vs42prrvyzzX+grJfuO6AMPaA4n/TH/QM/qLm8/L1zWX1H03xXv5T4E0pb/KXgqNKf+uXN4YGsfBGPduNN2p1zLxR0xJ/6vync9548sfEG1f+VPzNkz+Fhm7EHx1vfPhj4o0rf1y6Lz9e4z/qzk5f/mhveB1/pGy88eSPQ/H1vFHTWfEH9flpg5Vzjvwx1sLg7vPHHykbf8qtZTrb3P8Wf1FTI2/kcQ35Y+6xcrol4x0H/hj8xYk/2p6SsvGnbP/seGPwnxre5Pm6HmsZ78wHb2S5Bv50whuD/+h4o7pjob0q/mPijSt/dLzx4U9n8Y6pwqr/lGXkjckd1bS222T/1/iPHL9TMe/OH/d4x+A/Jt4ozSvVPX8MvFHzBb+RFZT+Z+JPuf8Nqcbfkn1XItl/hXJ8qr9+9EmMGYFlu285F+nkLgmABMZE2Xt/03cBRwRwpJO8nFg6McwYuEC2mzftY3k+j0ThXb4A5+nnjDFwlqQ+lT0iGtlEsKDsXcGE7DO5C5aBEyDYJmIR4eTRZXz+4SNYFzHWNxiiEcN6vAG+uARaX8UoYjizNsFXvvMcDlx0Eej0MXzhge/g7x26ttJzya6LIHZdDHbu6Bbhj+fvOwPxJ2hrixZ2QkQjYLI566qclwoTwEFBQUHbRPyat4Fdcxvip+/Jgq/pyrokG3CXVuglIn+Gs/y7DPXUFXnp2EuTLwyrrFID3KQQI9adU5c6FJfnRd4sMK9QVvIuOx9cUwFUdmjlg1q5GlMxLF8CXt881bzsR/n3cj87rxCvWwFaaDHjCvJiD+gmmGye49HfVulGQrbDC+WXa2vwF0t/e++QUPzO5C9TcwpGSQOMI0AH/5HuZ+j/2tRhhXDFf2pXAFfuaNT6T43dxv5vwZvKpUq8ceSPiTdNuKPjjWFHeqnSJbtd+WPiDbJudOSPzw4EG388J7TLdhtSH7X0v5nwR+WN/BG2wh8Nb9S8F38MvJkr/ngq8KfKG8OO9FKla+yt5U0f/LH4mR9/NKnJwCb+pruWR7yjlm/ijZr34o/Nb9rEO2p+aN648EfLm6m/VfhTF9/YNDRvoERnTryRHw8b7+TNUYl3yqnZu2YT79Ty57yKd1x5U8jreOMZ77Qfb5VToebzg0388ev/YcdbFglAXHhI+9HJY6/gyWMr6YQsMURANvmbTvISsvf3Ip0UjiDS9/sSSyd5WboTOCKRThAzAst29XIud/GmO36JAYxYOpmbHcMYS3f4MoBxnvYAJ4DE9Dik12GU9g9LwYGFKMLpUy/josV9uPfcMew+sIDkBEM0Poe1syt4ZWMPkrNncTpex/ObY5w6dRanX34Z3z51Aj/8A9+Lyy+9bAq6zAPiHReCzh3tgT+WtCV/TPFOWokZ8ydoy4kWd0GcOznrapyXChPAQUFBQdtI/Kq3IHn6i1nQVV0xXN4JXE1TqSv/MP17cZxZWaFsHu+l1y9kZOrz+0apADmgKZVQSis7Dgw7oio7N01pZri6Qn1qjiVP+rRogbv9cAiS1QLKBVvfgaf6QWGlsGmFaLl6St64QtngL2re235Dc2QDvPKWTo3/TB291O+o9L8hNaxIn3aDxV/ycgrVLVTTtCNVb29NapJxR2SaNn8HnpKa/Md7h0TZdNsCdrv9hQtXluQ78Me0A9OVPzrelPyhIW8M/Km335CWZOKNvkLN38HpyB8TbwpuXKy5E298+GPizZbhT7laNv7U21+TVk7INHf8qabFmnfLHwNv5po/SmriTWf8US/QDX9q451W/KmmxZp3yx9X3qh5C3+Kn9tSE3/yEi3+4xvvaJpAmxqvYOKP2mEG3qh+4MwbD/5A3/1e/HFSA960HW8ZeaN+38katIt3Ks0xo3inPW9UP7PwR2OOyhtlvtCBN0W7s/+bm3jHkT9KnNP/eMuBN4XUFO9YedPZeMviP9G4sPu3rEcfexyMCUScgCQGZzzd3QuR7u7Ndvymj3sW6QQwIZ3w5dN3+OY7hBmBOIFAYFxO/Ip8kpczAcblZDFAxMAZA5gAz2acGQcERL4TOX0/MAGUABSDCQ5iDInYxGtvvAq7cRYvn9mD+46u461XXogbDh7Ez77tFvz+n38Le5Z2ARhj7dxpvHyaMErGuJTtw6fvvR+/+K6frHS32HkAiBZA8Ubhj6g2cCP+KLyZWbzTnD9OvAna+lrcBYQJ4F4UJoCDgoKCtpHoyv8K+drYRGTPfka+AjDJBlJ5XqSBb3GlH8FhxbGyQjApnZfFboUVgILKeXm5fJW4gwQKgzDjCmHLDgTfHQlqalwhjGpeVtg5oHdshGJqO9YyoJheRvanPt9oh0yDFako+o8u77MjS7HXtCNBHuzS377vAG76jqo8b1kh7GN/I/8zlSvq/QV5/6PEn9Y70J1WKFf50+R+0/JGwx+v/m/JGyrUo44/UwPQ2P7S5bryv1wO/tOg/713YNn4o/Kmzv5GvKnxH3jyp5Y3qv85+E+d3Q729+t/9bxBU9548geKv9niHR/Dvfnj1f8N453s+0jlT/7PwfrfcKxz+Sb+tPj+GSLecbZ/Gmd0yp86f3HwPytvdDY5HFa135D6yli+iT8teWPzP8d4J+dPocd9DTfxpvS5rf87441s6xr/GZo3unMt5Vd5I/8+DG9K4/Ma3uT3at14q/Z+M/OmnO833pn6i4P/FLOdf984ylJ+lTfIummYeKfu951k70GIpQs0DQQ8/uJJRBDgIt1xy5CAE0PEAE4JGLL3ApNARISIASOkj3dmTCB9lHM28Uvysc4A5Dt/mQAxBh6lk77prmABnu0MpuyR06AkfR+w/I8IPJ8oJhAlAEsAYmAi/RwEjKIxll63iJ+6+Bo8f3eMH77pEG48QHj020/hit1jfPPoMiBWMZksYi05hWhhhKeXT+LfP3AOv/h3qo6QjHchWdybPgbao/8rx1r8z8SbeedPo3snaMuJojHEaAHYXJ91Vc47hQngoKCgoG0kftWbQRffBBz9dhaEAaAs3CusBC3tBEb62Jviyj4GoPk7qmSWlI/VvP60XEpA67oit1IcpX/VvzNIHt98RTqU8/K8aUlxXkH1Bxol7znArFxt2l31aX451xXB7ivSZYPX5k2OYNwBpre/IuWyrjsC1O5JU9nvSj4/vvmKdKP/FGeKS6k8TO3xevtt913Ff0zFF/0BNf5jXBHsuCOmhjfyuFqDTLxxlDdvSqkrbzz5oznO5D/mLQ1SFv/x5Y2a9+WNkT+OvHHlj6nntglvjP5jv+ELtQUqPd4Rb+QH2mqgxl/64I2BP9rUNd4xaYvHO0beuPKno3incju78qeDHXiywdV8KTXeEFuBPxq/6SjeMXNHHjYD/gA17mjijyNvChUz8sfHIBN/XOXIGzVv5U/2/02fsGTyl/bxjgN/HJorz5v4o7lsmTfonDelfGPeWPzH4pYm3uT52m6bx/GVyhtZYUt7GGSKd5z5M7N4R2bLvBH71N2/6QfPP/041jYTRERgIt2dywngLAGn9HHPnNIJWE7pxO4omwgmlu3Qzd7Zm07eEjhLH9FMPHsUdLYjmHNk56TVY1xkE8QxOE8fJ814kn6WPe6Z54+KFtl7gbNJZQikE8ACGAmMFxZx894RLnlgFy67cj+uuSiBWEzw0kqMp08cxxqfYIViQAgQB86tnMXGwkV47unHcNW1r6n4j1jaD1p+dQ7inXnlD4K2gWhhB0SYAO5cYQI4KCgoaDuJL4BdfismR7+NfEduYYBjWqmn7uBNkAbA5RXByN/bKzTBmRqgGg9Qf/dJF1zqAz5hSZ0llHJNOySmBaR/9liRbEtFOsgo/56e1mvaptNBbyGrSdUImfI6l/OFtMmKzUY78GTNph4hillRqL4t4O+s/w3lOZcvKnllOJf3s5rX97/jDgmj/xXbuFp9rTkle9Wb2OA/bXZguvifzX8U/qjd4iWX/tad06hA9QQTbwqfw6H/G/PGwB+b/xjtr+cNTP3t1P81/LH4S90OhcAbB/44f9858KfWfsptKpyR9zP64o3W/0y8MfPHSa3635B6FK7ljSbeadb/PfEnszP/fhuaPz47oDT5crwz5c/w/W8oz4M/mZuU83W8UdNO+QPl+vX8sdvvyB8f3jjzR15e8Ze2vPGyX9dghb+1Lt/Mm/xzdBzvqKkLb1RDLbxR8978acQbc7xT8Z8Sf+Df3531f9vyG8Q70PV737wpGKXhSyWfS/azPLcD/rSOd6bmNOGP2HWJ9u9Hnn8he5wzwCDAQeCUTghHRBix9F3AxAgRk59lj3HOdu4SSx/lzHg2acsFOET62GeO7N2+In8c9PQcOXmcgHMORuk1iInsPcHp46cZT3uEWNo1RAJE6Y9d6TxmAiCCGAFsJ8Mqj7Fn3wiv2bMHZ5YZ1r99As+fPIl12kREDEkSAWKCS/Yu4kuPfBc/d+3hwk2ZKlncA1GJ88v+MJWJN4X8dv99J2hrarwEIDwGumuFCeCgoKCgbSZ+8A2Iv/lvIHfypsEhIFfmFZdqE6DZCSzDOnXFYOnU0sC6Mt6BJnylaUbNF69dOKOc1w2oKgOsml88lKXGxnfkZcebV6jL09T8tObalPQp1LxyXq6KWVTNa69gKNhSIbnSM89nK0NlueYVo7Ja6g4Jx7RgZtGSYvcau7t8Rjlf6qCqP1S2XKmp4vCuOxSqK9Zlc8vPtb1VTXXVVSyuyxsd0nqFLNV1WE2NK/7jvELd4D8OvGnEH60c+WOtQcEfGvNGTeVlLP7jersr5+V5q1nD8Ma+I8/EG3WHhJ03qr+ZeGNaBFVqiz5448AfK29c+WOorjN/rEBrwJsa/jjzpsIfE2/UHRKe/DHxxpU/2nhHSZvwxrIj3D3e2dr8Mb0Tz84fTPOlag3Hnzw1qj1/mr+TUzbzbPljvnBewfoTLB1neiennT+Kf8DEnxruGPhTtKSOP9UG01yhL/6YeKP6jy9v1NSTNxU580bNW/hj8hcX/qDGXyr88eSNYok3b1zHW67xsm+8k/udbO5Z84b0edMVOop31O8393inOW8w3gGx+4DaIgCAF4+fyd/nG5EAZ3IiWGBEDCMS4IyB5KRwNnHLSYBzlu3YJTBO6aOdKX1sMyeA8ySfHOYcoGy3MM92BstJY2JJPhmcXgP55+kjpdM25tlMcDr5m/kdsax/EiRxgpgLHF9ZBsU7ceroGRzYsQOX7F3CS0c3MKIE0XiEkYgw2jnGmAl89Ynj+DkJ4WJ3L+4FRkugyVr2BygNrN6wFv/ZVr/vBJ0vovFi6NoeFCaAg4KCgraZ6JKb0i9UIZDkAxgqvRNYjbBMK0srnytL+9QVg6WdxIWRgyiNJFBZAZ9VtzBGMqwAFtODZT5NG+5A+P4/BX/7bebGXHkW4skPQ/yn30MiKwmA7vgr8O99DcRf70X86axJ8D7w9/86CF9E8sF3IHEY57L3PAd2CBB3XwbAEmMAACAASURBVIX4aw6dKyypemzjAFr2u5L32aHlsgLVyf9k1WW5shum+aptph0Ihc+h+ItL6rNDoeCgjd+BVzXLYK/h2K4HUM7ly36X5Tfrf68doRp/M/Fm2vbqoHpqqBN/fHnj6W85b4Sa1/iPA2+81ZY3nuVXeZP9vSlvGvHHzpvpvVzwn5K9Jv5MG7ARb+r4o/E36xMmbJ0ycP+3Lb/Cm/zrqiF/fHZI5H5W4I0Hf5x449n/3fEHW5M/jpc3xzvZcQPFO6780dk2SLzj7H/1vBmMP21VV34Nb6bxjjy8o3inmLaMd7S8UfNCupOm/3vgTWXH5dC8UeXrb87lG3ij5lX+9BLvTNOKv/jyRsOfZv3f9vuunj9GteXNYN93Bt5U+NNvvCPLSXYegOCjijErZ0/jzOoE44gwYsCIEQgJOAQisOxRzwBDAkbp55wBUbb7l/EExBIQCXDGEWUTwIxTOkkcUfaeYIBHojDpy7IJ32wCuDiJnO385RwAYhAjMCKA0sdNExgEEyAiCEp3CAsA63yC0YRhDyNQQjj2yjl87YET2NxxDm/cM8HmRftx5NQZnKIFXLoU4aKdI7CNNezatR+TlTOIlnaXW4eNkIx3gm2uNuh/1PtdU/7k5TWMdzz5AzXvEe8EnS8iILwHuHOFCeCgoKCgbSZ+yc1gey5HcuaFNKwi5O/8lTEXyTwAYLoDLx07ZHlB6ao9zVI+kZ+Vnl9M85WFxpWIKOcLEsXDlIBWm6+UXr28Ps1WpMuDj98N8eLpQk0WgQOHQRe9BnTzB0H7LoX4+D8rjizzlpvu/JSn3gb6sUOgu54pV1xNL/wN0FV7AZxGutJUuU7hBx1dQK8cXc1Xu806Xiilxh0v03TaCpq8ZQWqNfVdAat+qlzOtAPAmOq6Lf9c9ruar+7As+2AMPZA8ZeM2h0XUko+L1/fXFb/0RTv5T/GHS8Gfyk4qvS3igOXe6icevPG0CAW3qhnu/FGrY7Gf7KGVlMU83X+47SFocZ/Krzx5I+JN678qfibJ38KDd2IPzre+PDHxBtX/rh0X368xn/UnZ2+/NHe8Dr+SNl448kfh+LreaOms+IP6vPTBivneo131OrMkj9SNv6UW8t0trn/Lf6ipkbeyOMa8sfcY+V0S8Y7Dvwx+IsTf7Q9JWXjT9n+2fHG4D81vMnzdT3WMt6ZD97Icg386YQ3Bv/R8UZ1x0J7VfzHxBtX/uh448OfzuIdU4VV/ynLyBuTO6ppbbfJ/q/xn8xBS+N5D/64xzsG/zHxRmleqe75Y+CNmi/4jayg9D8Tf8r9b0iLfrbzAsW69LjjL7+Y7uhFgogxcCZAQiAS6cTviAgjQjYJKxBRnL4XOJvUJZZO9BJLHwkdZbt1iVg64cvT9/1GDOBRkr8rmFECFlE+CUzyMdGMwIF0hzAnADGIGIgJEAGMpVsYQAnABAQYQBEECIsQmIw2cfFoA1dfdgDHn3sB/+3fvhq0e4TlU6t4/Z89ha89tYBPPHcabzp0JX740lU89xLhkdOEV557Dpe/9nXlNhICWNgFWj4+5/zx/H1nIP4EnT+i0UJ4D3DHChPAQUFBQdtNoyXgwhuAM0cgV9Yl2YBbEGU7gdNIT2gGPKK4lFdO9grkech/Il0lqZMarJb+WExtEpbUcqpuwCUNEgL5jxw4+0XE/+nD1UD5gneD/czHQFfeCfbWf4bkS4aV8hClKtGNvwG6690Qxc8FUFypTLe/E/LpQhBy9aViWL4E3GyjPk953dK/l/u7q3dwQpuX9bD94KL1Er1BLr5ik6f/Tf0emb/r+l3+3XeFuuMOCWUFvKz01N+mP4oU8yUDjCNAB/+R7mfo/9rUYYVwxX9qVwBX7mjU+k+N3cb+b8GbyqVKvDHwJ//YsOOhbgeELdX4m2lHeqnSJbtd+WPiDbJudOSPzw4EG388J7TLdhtSH7X0v5nwR+WN/BG2wh8Nb9S8F38MvJkr/ngq8KfKG8OO9FKla+yt5U0f/LH4mR9/NKnJwCb+pruWR7yjlm/ijZr34o/Nb9rEO2p+aN648EfLm6m/VfhTF9/YNDRvoERnTryRHw8b7+TNUYl3yqnZu2YT79Ty57yKd1x5U8jreOMZ77Qfb5VToebzg0388ev/YcdbZomlvdq/nz1+DGNsYMQWsBBzxLSOBcSIiJDwBCMBcCIQReCEbFI4fTw0J/loZgHOCIwn4Bzg2eOeGaP075Q+QpoTATwGZRPCjANRRIBIMKIRGGMgNgGQgDGWTvCydAk/MUI6Q0yICWCCI+YCTHAkxABMEPMxuEiwa3eCBb6GG36EYUksYD0i7N27gB/+8cPYdc/z+NyxNRzem+BNt96IH4wivPTSKWysnii06VRJtARWdAxX/rz1w1i641bQc3+I1f/rozX9/wNY+EcfBN//DCb/y9/FRkv+AITRP7wLo+t2Ibn/B7D2KQLe+iEsveNW4MkPY/UjnxyIPwfBb7kZNFqHePYexMfMR9Ib3ovxbXeAXXbh9Pe2yTmI5+/F5K6PYvPJl2yFBfWtytMDgtoqTAAHBQUFbUPx/dcgfuovs3f6TlfsyZ3AVJciWwkoz4OM52wrlMtpUen1CxloDoLl76UC5ICmVEIprew40O2IKtQlX0lcPP/kHyN55L3gP/g3QFf+AkAfy1cmyxO15uy6DfT2qyE++9z0cyqkF/w66NAlhctQdcF+rf1wCJKVCyorM63vwIOyArSwUti0QrRcPSVv3SFRrnkl722/oTmyfi5v6dT4z9TRUbcjqrLzV/G3apqVKPN5DZR8Xk6huoVqmnak6u2tSU0y7ohM0+bvwNPwBhp/8d4hUTbdtoDdbn/hwpUl+Q78Me3AVP3B5D+K39nfiafkSZ9CzTvZb0hLMvFGX6Hm7+B05I91h0S55k688eGPiTdbhj/latn4U29/TVo5IdPc8aeaFmveLX8MvJlr/iipiTed8Ue9QDf8qY13WvGnmhZr3i1/XHmj5i38KX5uS038yUu0+I9vvKNpAm1qvIKJP2qHGXij+oEzbzz4A333e/HHSQ1448gff96o33eyBu3inUpzzCjeac8b1c8s/NGYo/JGmS904E3R7uz/5ibeceSPEuf0P95y4E0hNcU7Vt50Nt6qcYeF8uONpU6vnMKIEca0DM4YGHFEEABFWEgIYyQgSsBpExEjRJRO6DImwHg6iUtM5O/0TR/zLMCj9NHMaZqARQCPePp+YZ7u8CWWYMQIQLqbF4wg2PR9v4IJ+RJggBgEpW0ElmDCInAhIBiH4BsYiQgcMRIeYXHHJsajCDsXd4Ily+CU7g9e2s9xwRVjrK9v4Pord+OK/RFYEmPHFTuxsRxXAQQA4yXkmyiafN9f9Q6M3/h72LgfWt6wO94Lvh/537vgz1SkVKs7/th580OIfupO8KVziD99D+Iv6o+iH/oQFn/8VhDbgDj6MOLnX4TYeRnYwcNg19yO0XtvBv3bn8LGw3VlzbFu/cdY/KGbgGN3Y+3jH3c44TCiv/VeRNcddLv+6ktI/vqj2PjKY62qaVUUJoC7VpgADgoKCtqO2nslIIAEIg/GiisDS+/qhSYv0gFT5XNlhaB6nMiDSwAi2yEssh8jXFYE1kigMAgzrhC27EBQUzG9uHGHwupaeszuWyrlCoiqOSe+BbHnFtDrPgj67Lu17wKmH34HKFqDeOEV0OX70uu6tIdQUmuD1afF4F22oS7faIeMw4pk/Yp2WS9N3mdHlmKvaUeCPLjS70C7HVG1/ofpqmsU/UfJW3Yo+NjvNKDUXUOb1vsL8v5H1m1u/d/NjtBC23XNGw1/vPq/zl90qdH/DP5SNLJJf+saoS61nWss38F/GvS/9w4sG39U3tTZ34g3Nf4DT/7U8kb1Pwf/qbPbwf5+/a+eN2jKG0/+QPE3dBbvGHhTxx+v/m/GH/l9pPIn/+dg/W841rl8E39afP8MEe842z+NMzrlT52/OPiflTc6mxwOq9pvSH1lLN/En5a8sfmfY7yT86fQ476Gm3hT+tzW/53xRrZ1jf8MzRvduZbyq7yRfx+GN6XxeQ1v8nu1brxVe7+ZeVPO9xvvTP3FwX+K2c6/bxxlKb/KG2TdNEy8o/6+I3mTLOwsGD41Zm1lDVEELEwSRCOATRKMGIdgMSIQRiRAAuBJAk5yN3C6+5cD4IIASrL39ibp30iAg9I8AcSS7L3BDBEjcCJwxgCWpJOzBEz4JK0aQzYRjLTu2X+CUR4zMhAIYxCPIcQOgAgTEoiwAcHGiEZrWOcbYNiEwARRPAbEKogx7NyXYA0x9u1bxHgksL4pwBdGWEqQs6yohC9CFP/uzZ8Lwd9yJ3D/h6e4z9N3YPT6w4Vr6+IdeXm//p9er9zf0i/a8sd+7zyG5MG7IcZnIV42HXMrRt9/K4idQ/xnP4/1L5R3+tIb7sTCbZch2aqTvwCw8yDo0kMgdpnb8W+5E6O33OoRFRwCu3iM5Cu/hEnDKjqJhenKrhVaNCgoKGgbivZcAdA0HszfAQxArgQUoPIOYWQ7hFFYEZieWFoJWMwDhb+rYQVla2xpmkfxMEMUkp+jBLSuK3IrxWV1074zqHBS/vesgHzluXxszPJjmK5ElqcVVyJLAx6EePoS0A23gd52CHSP+i7g94NddzVw6k8hjr0GdHlaqeo7gMv22gaYleGX7H9bml/OdUWw+4p02eC1eZNDGHeA6e2vSLms646APC35nfQHJZ8f33xFOpTzoPgfKqk8TO3xevuNaaaK/5iKL/oDavzHuCPBcUdMwVGLvEHhuFqDHHljkjdvSqmBN8XPYfEfyZ9iqjnO5D/mLQ1SFv/x5Y2a9+WNkT+OvHHlj6nntglvjP5jv+ELtQUqPd4Rb+QH2mqgxl/64I2BP9q0whtP/gwR7+THO/JGwx9v3rjyp6N4p3I7u/Kngx14ssHVfCk13hBbgT8av+ko3jFzRx42A/4ANe5o4o8jbwoVM/LHxyATf1zlyBs1b+VP9v/WHeOevGkf7zjwx6G58ryJP5rLlnmDznlTyjfmjcV/LG5p4k2er+22eRxfqbyRFba0h0GmeMeZPzOLd2S2wJtoUWMwIVmNMeKEh186jfGOJbx29wKWeIIYMSKW1oMSgFEMDkJEEYhE+s5gQeAJAyUxOCVglGSPhs4eAy0SMCFAIgEXAlwQIqS/dXFBABKQSCeAOTbyOlExFdIOBsjuJwJLdiHmG2AiAQRHQgSRMAjaxBgbWF/fAEvOIUk4KBmBsI4oicD4GjbZCF/6zsu4gIArL94NROsQ8QZYEQ6y7Gic1sTU0SgfrnWpy27H+I2/g/X7y7cx3vEu8OLG7Nwf2vGn0v+F/i6V02u88wA2/8MDdQcAuB3sAIDV7yL5QvUxz+Kbv4O1b1oucb7pK/chefut4DvdTxEv34e4vxoBAIhza3gb5KcwARwUFBS0DUW7LkFxzW0iyjuBZeSX7+zN8pUVeqUVwYVBSZNva88f+AoVMac+hZfKU1coS9umBaSHXQW67nvTv7z6p7CthM//+tlPQVzzPtDrfhW45x+kxwmkg9K/9R7QeA3ia7+KZM//ByavI6aG5c1htF9tMMrrUs4X0iYrxhvtwCv4TzFfaH8xeP8bynMuX1TyJj9Q83ma9b/XDgnjivhiG1errzWnZC8pN7HBf9rswHTxP5v/KPxRu8VLLv2tO6dRgeoJst9l+aYdEpb+t/mLzd+sO9BRzhvtr+cNTP3t1P81/LH4i2mHQuCNI3+MvFGv78CfWvspt6lwRt7P6Is3Wv8z8cbMHye16n9D6lG4ljcV/jTt/574k9mZf78NzR+fHVCafDnemfJn+P43lOfBn8xNyvk63qhpp/yBcv16/tjtd+SPD2+c+SMvr/hLW9542a9rsMLfWpdv5k3+OTqOd9TUhTeqoRbeqHlv/jTijTneqfhPiT/w7+/O+r9t+Q3iHej6vW/eFIzS8KWSzyX7WZ7bAX9axztTc7z5Ey1o/zxZT7CcCPzn506CLW7g4usvwp5da0CSTrgmjBDFANgELOHgWQ1JJGAi3clL2ESUEFgiwHkCJpBOFmMCBgLDBDxOdwYzikGU9V8iICidumIQACOQyPgr+4oBlBAIlD4tjzHEIgYEB5J1sHgNMTFESQSa7AYhxpLYQHJmgtFkFetYBE+WsYkIC5sJaDMGA8Mn730e515ew9/7weuxd2kFJAi7L1H8BYBgo9TDKv5v40122IuPAZcdBn/LnaCvf7jQ3+/AwusPAxsPIzl7E9iFKPT/DeDveh+im24G2znOOuockm99BOuf/A+Y+uFB8J/55xjddBg0BpCcg3j604WdoOU7FACin/kjjG45BIrS45OH/xDr//YTU3OueBfGd/wd8KuzYwBg+RlM7no/Nu57CXT7R7D0o+kjjdf/xf9Rnnj80Y9gx4/dBLz4J1j97d/C6Je/gujiZzD55Z/Lp/fLOg6sA1h6DdgPHQQ0k8BlHUb0U3dW2+WvP4r1T/4JBIDRL6bvPxbf/CWs/rvCBLSs27Mfx8rvfLRwyX+KpV+4HXT2Pmz82vsxsdif6mex8Gt3guMBbN51HPztt4NlE7bi6D2Y/MH/is1j2TFL2SkX34Edv3EHgGew8ss/V2PjJ7D+sTEW/sF7nSaBxZMfxfrvfqKTr4Na5btsgrpSmAAOCgoK2oZiuy6CDM7yEC1bmVdcqk2FdLpiT4ablGfk7xVyQK8unC2fVx7vCcgdyChfr5AvVxTTgopX1g2oKgOsml88lKXGRIXrR5eC3fLu0vG0+BrQze8BHdwLrHwR4q5n07YqRUOyDQs/loGAE/8bxNM/DbrhHWBvJSRfks1+J9j1VwOnPg1xz3OgdxSuU46lldBaZxZV89orTPvbKc0HidPVsgBQ3AGedodpxejUf7TVtaUFM4uWFLvX2N3lM8p52UGlDtOkJv8pOrzHDoXqinXZ3PJzbW9VU111FYvr8tUL2s5QTtB1WE2NK/7jvELd4D8a7tT0VtV/TPzRypE/1hoU/EHLnxp/KfpZKZWXsfiP6+2unJfnrWYNwxv7jjwTb9QdEnbeqP5m4k3l97yKeuKNA3+svHHlj6G6zvyxAq0Bb2r448ybCn9MvFF3SHjyx8QbV/5o4x0lbcIby47wKn/kaecXf5q/gxzTfKlaw/EnT41qz5/m7+SUzTxb/pgvnFew/gRLxzV/B7niHzDxp4Y7Bv4ULfEab+mu0Bd/TLxR/ceXN2rqyZuKnHmj5i38MfmLC39Q4y8V/njyRrHEmzeu4y3XeNk33sn9Tjb3rHlD+rzpCh3FO+r3m3u805w3YFxtDQDA+sYIT506h2PxEs6e3MCJ02u4dLyCnckiYh6DRSPwjQiMEZJogkkyAYsTRFyAEcAYQzyeIOYAWJJOmnEBiglxPAEigEUiq4wARAIkCZAQwASIAyKJIWgExpE++jkBBIn030yAsolhAUAIgSieIKaTiBKBJBkjTgQ4xkiSTSS0CxzrEMvngM1NCCyAT1awkuwH39hAtLELB8SzOCZ2499/5wUsXbAf107OYWHPbvzYDRriMA7zO4DVG1Zz/urdiF88hOiy2zF+0+/k7wKmd6a7f8WDH4W4/EOpl0j/+JH3Y/z9NwHLLyH57kMQ6xeC3XAr2Pe9D4uTZ7H2xw8ABLB3fxDj7zsETI5DPPkw4s0Lwa/+WYzy17VSyQ/oyvdifPVZJE/cjQSHwK4/DHbLe7Hwzi9g/dMvQRAw+sk7EV0FiNMPI376RWDvzWDXHUL0zg8Cx38OG3d/GvH33wR+4GZEh4H4cWn/QYxvvgnABpKHfqseRbk+ivjZd4Ed3gX+E3+MpR94GMkj92Ly0N2In9RMBv/o/zxtl+88hGTjQvAbbgW79U4sTJ7B2h8/gM0HHkJ03ZtBh94FjgfyCerRa7NHbV96K0YANrO/8zfenLbRE5/ABMDonXciujqz/6kXgX2K/cVX7bKbMXonIF68D5PvAOzwrWAXvw2j99yJyW/flz4Ce/9hRK89BJx9GJPHXgRgm+QGcOTjWP/UZVh8zx31T14++hls/O7Hkdiv2F4VNga1VZgAnhMlEJgkE2wmMTaTGJNkglgkkOt5CATOOJb4GAtshMjwZRoUFBTkIlrM3iubB/AEJCKbiUU+oJIrR7OZvWxQUF1Zmn9es0On8i7gwsihvPNYni4j26pENtqYfmrYkZDF/o3fiSivd/mdYJcbGvPU3Uj+5N1pICQks6e1kmOPQu3T/939KdA17wO97kPAl96Xlvdf/zRocQ3i6/8EiRDT80RhNXCdhCVVj3UewKuS/ajkfXZouayAt6TTwS4K5cpumOartpl2IBQ+h+IvLqnPDoWCgzZ+B17VLIO9hmMb93/b8mW/y/Kb9b/XjlCNv5l4M21708DDsANB5Y8vbzz9LeeNUPMa/9H1d9v+b8sbz/KrvMn+3pQ3jfhj5830Xi74T8leE3+mDdiIN3X80fjblD/FOnvwZ+D+b1t+hTf511VD/vjs0Mr9rMAbD/448caz/7vjD7Ymfxwvb453suMGindc+aOzbZB4x9n/6nkzGH/aqq78Gt5M4x15eEfxTjFtGe9oeaPmhXQnTf/3wJvKjsuheaPK19+cyzfwRs2r/Okl3pmmFX/x5Y2GP836v+33XT1/jGrLm8G+7wy8qfCn33hnWi4vGD41ZmNlBeOFDVweJfguEjx8KsGT5ya447IIOzdjEN9MT2Mx4igGiwDBYggWI+EME8bSCVyWIOGAGAkQSyA4A3gCRIDgCcQIiFmCEedgTEBwgCKAOIEYIeabQERpfTkgKEmbkAOMYbr5gSPdEczXkIgxEsRYXE2wwROAEUYbDONNwjgS2DizAr6xgE2cwfjsGJPoHL55ZBG71zlO8VPYZBH++eceBJJ0Z/LLd/yEpsMJ7d4BLLBx973gP/9D4G/5n4D7fxNCvAPjWw4Dqw9g8u/uB70/O1J+H/3FH2Dj1AlM7v/u9DJv/E0s/fSbQVe9HQL3A+J9GL3+EICXEP+/78L6I5ljXfgPsfg//v30qXW5f2WKjmHyb96NjW+nfkHv/iMsvekQ2FV3QIjfAyCw+Ze/CXHm05gcmd4o0X/3pxi/9hDYLQJ47DOYPPHz4G84CPbWO4DHPpNe+4b3gl8G4OR92PwLU1tUtfl774P4mX+K0RsOgfbfBP6Wm8Df8l5g9TiSJz+DyZ99FJNj2cF/8YfYOH0ck68XZmHf9EEs/fSbwa6+HcADwNfvRvLjbwbffzidoH4MAN4Lfmm2Y3jhJvB3AJufBoBbwa88mLbh/elu4c0v/CbEmc9gcqTQbLn9AIoTwAtjiAfej9VP3pfmD/xjLP7KHWAX3owIv5M+Avu2D4G/9hBo9RlsfPID7g3zyAewftdBLP6E4X3Ayw9g8w8+0Pujn6fS1iKohcIE8IyUiAQTEWM93sR6sonVeAPnNlexMlnD6mQDq/E6NpNJ+qgJAIw4dkaLuGb3pTiwsAcRW7KUEBQUFFSjhT0QoHznLaH8Y0Wan77zFwDylaPyPM8VqZW0sPI5LZaUw+q/9En+XzauUBcQlxYY69JqNQpptiJdHnz8bogXT5crcOwuiBe+DvHMM1mblUaWWVnFnZ8o/R0nfzXbBfyTYN//S0i+9h6wG28Bzt2d7v4lAHwxr1T1HcDTH3R0A8rqcEvJm7oNjqlxx8s0LVhbzVtWwFtT6wpYi/8Y3FE925gqflf2N9nvar66A8+2A8LYA8VfMmp3XEgp+bx8fXNZ/UdTvJf/GHe8GPyl4KjS35ryppyinJ82kL5BLLxRz3bjjVodjf9kDa2mKObr/MdpC0ON/1R448kfE29c+VPxN0/+FBq6EX90vPHhj4k3rvxx6b78eI3/qDs7ffmjveF1/JGy8caTPw7F1/NGTWfFH9Tnpw1Wzjnyx1gLg7vPH3+kbPwpt5bpbHP/W/xFTZ13+Hryx9xj5XRLxjsO/DH4ixN/tD0lZeNP2f7Z8cbgPzW8yfN1PdYy3pkP3shyDfzphDcG/9HxRnXHQntV/MfEG1f+6Hjjw5/O4h1ThVX/KcvIG5M7qmltt8n+r/GfzEFL43kP/rjHOwb/MfFGaV6p7vlj4I2aL/iNrKD0PxN/yv1vSIt+JhJUH+NKuOvEObxz7xLGBy7H2SNPY2NjEy+scnz51VX86O6dICzj3GgZI2xivDpGTByIgA0ObEYJRCSweC5BFBESliDhCYjFiCORTuRySjcfRwCPCBMGEEv/xkYEilhardE6iHOAEiCi9G+yfZhITWGAgMAGS8CwiHVawEJyAmC7QbEAiQgbtIH1FcJOsQpxYoLJyZN49dzF+Mazy/ibr9uNI8+dwlIc48CufXg1XsfCDsLG2WUsjkdZs6n8yXqjAX/yvnj0n2DyzF9idOjHsPDW38L6/nT3b3L/xzEhwijvNukHX0X8QOYHBNCNt4OJ7CHKnNK/33Y43W19/CFsPFLwn+MfRfz8u8Cu21W44TMd/QY2Hpn6hXj5OAQOgZYOTG1/9DOY5Pb+/+y9ebAkx3ng98us6uO91+9+c725B8AQNwkMeICkREokQR2ExKUUkhm78nq9tuSNkDfsFRUOh2WvN8KxG+HVMsKW/pEUFkPh1bHUykuZ9CpIcSkKFA+QGJC4gbkwF+Z899FnVaX/qK7qurKO7p43M0B/Abycr7uqMr/8vv71V5WZne/COHEE2t26pfu6/bXv4Lz7F5BHn6bEV+gAxvvdlbTOq79TcFDyFNaf/X2sPzuO8aGPYtx/AuPgccTEPPLhf0j56MOI3/2ndJYAvov1g96Z8sGnkI7XNu/Vr2Gd+VV3gPpDT8Gpr8HTTyIr4Jz8W8SJjyDv/WcIPo86/gsYC8CV79DxBnZf/UrgJ7SPR+yPtv08tjf4C7B0HtUAxmoJcVBc1Df/Ke3df0zlvUfCb1jnsb7o9clOico+ZCSFWOyk7wAAIABJREFUZDQAfJukYbdZaq3z5uY1zm1d5cLWda43V9no1N1BYLvdHQB2F9cbQrJ/fIH//NgnqM4dY8IcDQCPZCQj6V+EWcFNZ93UzUG4s6gF3ZXAbobpdG+0VOSG258R7K1AcHBvqAIrEqIDn/4MYJ0k3cnkONxXksq85wfbp8CfoexdZ/MZ7L/8Hf0NV2wmcq8WV1eRJnV1by/gR/81TL0fUWuinv0cCrd+OTnjNy44YznU6BR7oy/3dM+P3uuuv4e9B2csXro9o/y/0RseEXwCEn4/zcBh5If9xF+g/mS/e68XnaGec4VEJO68RvfirfdQJKiHDNA+QcgRP174afyfWuZYoaDljfdZCK1AiH2iSY2fFLu1/tdxpo/4C/NGwx//bc2Kh7QVEFllQrzpVqSHGh2yOy9/dLyh68ac/CmyAiGLPwUHtMN2a8oiMmD83Rb+RHnjPYSN8SeBN1G9EH80vLmj+FNQRvyJ80azIj3U6BR7U3lzK/iTEWfF+JNQ6gzsJ96SrlUg34nWr+NNVC/En6y4GSTfieo7zZs8/EnkTS/eUn9hoqjsNG+IZGe5eOO9vbP5jt8dsXwnXOqj6/bkO6n8eVvlO3l5E9CTeFMw3xn8fitcqqjuH6zjTzH/7+z9ll6E3UEl7AO81nJYsQXX7DbLhsG8LHGwIjggSrTpYCtJuT6GY4xzpdOiakqmO5JxBGUBUgokCmGAlA7CcLoDvBIhBe6GwAJlCHdwuCJxsDFKEmF4A8ZgyDKOIVAShIH7M9KIXpcIugPADgiBaYFdtmjVp/m/XmrzsYMVKsLh5NI0375R4en7J3nj1Q1W1gyeWdrmmWtXuSn38x+vtGgri9ONNTotG9sBy7ApSxno04DYHTeyCvMn+Iqi8/WvYfyXn0K+/7cpV4/D5nexvvgc3i/SeE5WCDjwGUq/9GuYu2vxQcduG1W54nrebsc+aeGDA5/Q7TeTXg4dLj/0zyl/4qO9PXaTzFn6PPaFp5FHH8b49D46XzqBeXQftF7G/lKOnzhOlFPY3z6F/W1XE/f8KuVf+YcYEycwnzpB509OuvsT//KvJvdLQOznXkI9tg9x8ClMXkLeexycUzhf/ws4/BHMvY9QWgD7/ccRgPNmbw/dTPuD0ljuC8NFxP7i5+hM/B6lB+fdF6xl7K9+zh3I30lRt9rSd56MBoB3WGzlsG01Obl8imdvvsb57etcb6yy0tpk06rTsjvYyqFqlGnbHRp2C1s5zJYn2T+2wFR5gjEj/iU6kpGMZCSFxCjjPvWD3gxhIiuCe3vGuOmdcMeF/exNRNK+8AxlYjOUe0r0fk8E6g1cPlO6zQ8ogRdVrIZQGVtxkLQiKtAWfyZx5Hy/7BouIvXGzRG98/y9gH8JY3LaXf371xf9vuydEtG1nREpUyVywcjM8Mw98OjFhfs8oTdTODxDPVqSrGeukAi3PKYXtl/THV4Qioz48R+gBPwe1dPiRTMjvecG73ivBRHdryfQ3EAzdStSk+1NKXWiXRHplv3vgRcpdfFTeIVE2PSsCezZ9gcuHJuSn4M/uhWY0XjIw5tQ6V0mI35EcklUz2W/pgyJjjfJDep/D86c/MlcIRFueS7eFOGPjjd3DX/CzcriT7r9KWXshK7ccfyJl8GWD5c/Gt7c0fyJlDreDI0/0QsMhz+p+c5A/ImXwZYPlz95eRPVM/gTfD+r1PHHrzEjformOwldkFhqr6DjT9RhGt5E4yA3bwrwh2T3F+JPLumDNzn5U5w30e87rwWD5Tux7rhN+c7gvInGWQZ/EsyJ8iYyXpiDN0G7u3/umHwnJ38iec6tv9/KwZtAqct3MnkztPutlHCwO5AwALzu2Hz52hrXbZtNS3HV7mC1FBe263xvq8OEbSAdd3PeK3aHCm0OVhQlQzFGibKtUFIhEShpUpFNHNPApIOQEiElplSYwqJjOpQME6UEynRA2JSVdPf6xQChUMJCKRMMhZQWtjIwlMSWnl0OtnAwbAGYrDUk/+58h+cumYwbFq9urlMbr3FmU/DlV7ZBlvjWzRXONVZYekFys+Ow32iz2hKIjrvAS0molY04gADh2Oj3AE4o41dwvXj6X2GdfpLyu57EoI3zrX+D1fV3j4OuXvrMf4u5twybp7BPn+9efhH5+MO9Z2Dtlvu6UXavH4q/YN3BZkV4EzoSlPh1yp96Cmm2UZe/i31j031z4QTmofnAgdD5wUnMo08ij34W8fF3ufsZv/5lf2/dQUWd/X3arz/F2Il9MHUcOEnpF3691y+nznfbv4hx4uGw3ad+H/vKU5iLxzGe/CxiL3Dpu7SXTiLePI+5cBz54U8hYoPWEfuvB+w/PD8ky4rKVTpf+DX4r3+P0jGwv/prtL7Z7yD7AKJ2ZKfhd5SMBoB3UGzlsNVpcGbrCv/p6g/5yqXvstzeoOPYSCGoyBIlaVKWJapGGdtxcJTCUYpd1RkemDnEgfEFJkuj1b8jGclIBhdvH10cIit+3X3JvZuAYIaZb4VDYMZ6wnl+8heYgaxEWM91Q+nbEThN9V70LtN9oatnrECIlv71vBucnCsUArXGzJk4jEDhdBvs7wU87q7+dQJ3Un77VW82cHpnRMqsYzNuKILJu9eHSXpfK2RyzEhOjjevXQl6kRVZEXt1KxK8g1P93c8KhdT4I3lFQlTPWKFQxP58N5QJ10gs0+MF3/903ZbP/8NZERrnTxHeBE2P8SaBP4X8n8WX3PGniZegkf34O6kT0sqsc7X154ifPvxfeAVWFn+ivEmzvy/epMQPBfmTypto/OWInzS7c9h/a+MvnTf0y5uC/CESb8PIdzxDC/OnkP/744/3fRTlj//PHfO/5tjc9ev4M8D3z07kO7nt7+UZQ+VPWrzkiL9M3iTZlOOwuP2asqho69fxZ0DeZMVfznzH50/A40UN1/Em9H6W/4fGG6+vU+Jnp3mTdG5G/XHeeK/vDG9UMF5SeON/VtPut1I/b3rehPVbm+/04iVH/ATVoX/f5JSM+uO8oeumncl3QvETzG86DahMEOaNwhwzOHlhlaZpsKskWXdsrrUcUDbYHUTbplSSzDgGS6JMu7nNmw1YnCxRUxLDVrSUxbZyqBgmJWFQdQwmywJTmJjSZLmxxa6JMiY2CgNLGdhCYasOrdI4VdumKixKAEKCZVISDrYpaDsGCpMzG5scmZ5gSoGSko6UlByDlze2Ob+luN5SNNttxso2x8YqfO/yEsoxOLla5/zaJi1sXriywux0FdOQqJbC8bzlwJ7Jqs+ykFhNBt0D2HvOZ33pa5i/8Vlk4yTWV664cUGgWo+h5TKwhf3N/4LWt7rR9NTvM9ZzLOqZk6inTiDmT1B+QtF6ruv/+V/DOFgLXC/sby8uettfeG0EqLmjUo2XsP6Pz9FBAYuUfv1PekZ6vPnBn2L/5JOYix+kUu7uo/utr+g6QSMnKP/6P4Mf/gva3z4Vee9JSof3ubW+9aduH/j98o9oPdPtl0/+XsJA2lU6b57CXDyO/IkPImQb5/Xfd6/1jZM4J44gH/1V1CTw5ncCg9aTEfsB9gXs70O838OuTGIE1GJylc4f/NzQBtf7EWXv3G7D7xQZDQDvoGx26pzauMwXzz/D95deZ7m9geU4CKBqlDla28vi2DxjRoVzW9fY7NSxlcOYWebRuaN8bN9jTJcniM6xGclIRjKSviQwA9i9KenSRXTT9IQZoaHzAjNQvRmhMZ3uBQOl/+ApYUa0CrycibrAjZR/8xi4wdLNyA1UFyi9GcARPXCS/3q3gvSZ6N5pwZnI4db4M+BXfwv17RmYOo/664u9GZ9BA0Tg+AT789xgRh/3ZEwoTpgRnndGcP4Z6b5taXrMc1ED0DU4XSKXzbsiwC+Dceb7P6L7x/c/I53IeUTij1jpHRb1eLr92rIrsfjRVR+MB1LiR7siIeeKmBTehHilMyjGH31XJUneFQDJpYY3wffJiJ9E7sSP08WPfkmDJxnxU5Q3Ub0ob7T8ycmbvPzRee4dwhtt/GR/4AOthZjHh8Qb743EZpASL7eCNxr+JJYJ+U6a/THRfHyHmu/4x+fkTQJ/CvMmL3+GlO/EPs55+TOEFXheh0f1UKn9QNwN/EmImyHlO3rueIfdBv5ASjjq+JOTN4GGaflTxCAdf/JKTt5E9Uz+dP9mrhgvyJvB850c/MnRXb6u40/CZcO8Yei8Cel98yYjfjLCUscbX0912514fxXljdfgjP7QiC7fyc2f25bveGqPN6K9jWJXxELB0V01Tr+1SVmaHJ6dYLEsWdjt8MZbbWrlCqsoxioGB40SU4ZJo1LlRtNmtjzBHqVYsxUlYdCx20yXbDpMMN2w2Vd2qDBOScLm2jZ7psaodhzawvWz3XXXm+Uxpls2c9SpmWWUY2GUDaoONExJvW3RMU1Ob7Y5MjfPvLJBmnTKAtvpcNl0GHMMTAl12+Le6hhrNrx69SZPHRjjyzds9yenDahaFmNSUsUE1faf8yilODw3FYZDt33Sbrve0Dma0OEJISV69az8Lq3/6Xf9aPdDMwBoATjLy7B7HuPjf0L18CnU1CPIxcAKXARC/BGdF5+i8sQRjF/8GmMnTmJ35jEOP9zb6jn2/RLhT/B1AfAyavNpmDyB+Zv/J/JSG3HsEeRk5DgFiJN03jjlrqaN7qObVx7+FMbBI4jDX8D8xFWcG+dxVjYRM0eQi8cRY8CNr9D5snu4s+T1yx9TOXwKJgP9EhH1pe/iPHEcOdtd5fv17htLn8e+9gvIxXkEy9g/+KPAWS+hNj+VYn8f8u2v4XzsBMb0Ryj/xm9jv3WF9p99foAL3iZxrOxjRlJIRgPAOyiX60t8f+kNfrhymrfqSyhgoTrN4Ynd7Bufx1YOdavJzfoNllrr1K0WFaPE/dOHeHT2GPdMLlI1cvwu/EhGMpKR5JLu3r+4M/W8vX79O42kvYAJJm+qdxPazebcvYADOpn3OcHmZNzRaM6Jnovm2KzKQ/VFZyh7N1y9CtzDdDORCR+HijQp8vq3fh0n6X4zeLzqGeabGrXXL6MdJvw6w3qg7GfGeF8r8HrxQ1AP9L/qx/9JZREZKP5UTNfFQVT3SwWD7omXvQKURD1uf+BDHDgjFj+DrMDME39Z8RNakRB3SyHJ4++kc/qqMHqC8j/3yfzJ6f+seMmKt8wV6IR1rf3pvEHn71z+T+FPRrzoViiMeJOTP1reRK+fgz+p9gvfpsAZvp+5VbxJjD8db/T8ySUD+V9TFqg8kTcx/vTr/1vEn66d/vfbTvOnyAqoBD2c7/T4s/P+19RXgD/dMAnrabyJlkPlD5Hrp/Mn2/6c/CnCm9z88S4fiZdBeVPI/qQOC7w2cP163vjvM+R8J1rm4U3U0AzeRPXC/OmLN/p8JxY/If5Q3N9D8/+g9feR75Dk91vNm4BRCXyJ6b54fvbOHQJ/Bs53euYU5Y9obSa+/vC+Bf729Bqi02F6zy72V+scvMfkL0+dYbFeoy1NkGW2DZNzqzc5MD6PZWzwRtuiUVJ8b3WLxclxdtkGjTGb9U2bJeVwaWOD+VoJQYMzysHe2OZSWzJWGWPBaSFMi3HH4Ln6VfbKClWzQkmWqDc7IFtI00Raihtr2zQcwSaSjVWLinJoGHWwLSwhudC22WKc9uY6JQktFMvripmqwx+8chFaY5TKNsqEWqXCZFnQqTdRCKRwB2cdx+H43vnAhzIg7bobYbH4z+IN/gl+hKZ833hOVQisL/xLxK99DvPoEeSjR6BxBfuvv4n42aeQ3TYqJbC/+Dnajf+R0hMnEPd8BNPZQr35p3R4mtI9NYK8iTQpee6I+gqtf3+Eyqefxth9AmM3qNXv0nlhH6UTRyL2g/rSN91B1kob56XPF0fSy/+Cxu+8TPlTn8FYXEQe3Yc82n2vsYxz8o9o/9lf4P34sPWFf4X4b34D8+gRjEePQOMq9te7/RK7+O9jX/ks8mgZdfmbodWznVdfprT4sPtT0j8InpPD/sLyFVr//jjVz3wSufdJzL1bd+cAsHU71x+/PUUoVRTjI+lHlFJ89cpz/PmFv+XbN16hZXeYrdQ4PnWAR2aOsmdsjhdWz/LCylnObl7BUQ5SSHZXZ/n5Q0/y0/vfz/sW3oVIgulIRjKSkfQh6/9iyieKl05KEdVFKI0LHhd73buhJ3B/0z0haYVOEGfRdFZG9LjEE2BBwg1V7AYr64lHpHz/lzE+/uNw4bew/+3vpB8ffKD39LMY734XvDCD/WXvsF9Hfu5/Q/AMzm//XK6EVfyDC8gjoP76MM6zGQfnMWuIEk3vww90At2h8f8wSk9Cz8sC9entT76BiusFyiSD+7JM18MZcov9Pez6ddb2XfYRb55k6XFJOGMYvBk03lJXKAxZ7hDepJY5m9lvvOl4E3ueF5NbxJu++KPt4YgekR32/6D17whvdpI/SbwZyvdP0fiLdkhAv4v5k/npuIP5k23/7eRP7h6O6BG5w/nj+T96eJHmD5s/nvTFm+gZt40/XgfuMG+icovjrS/+aJo1rNKTKH/6501UH5A/ReLnbcabaP15rd0J3qgD76Fz7MMxk77x7Pf5x3/8NSzKTJcUP3HvFOfXGzx7uk5ZSqQUvPeRSX5u/z38z3/1HB2rQ6U0wT//B7s5tTrPH/6HV6DU4P27J/nFpw9z8ssXEIbFXy1X+O9+Yo7ZmTH+1//3Ev/kUJWJCWhNTeNsLHN5yaY2VuPLL1/nsw/Mcd/79vHSK9cxWh1kxWZ2U3HvY/fwrbN1/vBHF6k7dXbNTvFTc4KHdx1l+fyPuPfD7+O3vvo6N7a3wRYY4yaiLsB0cKRJtbNN3RhjzLRZd9o8PreP9Y5Cbi5xrmmjZG8A+E/+q5/hk09+INY/pRuvYqxe6Mv/g4qON6lf/zmbOShviuc7I7mbRW3cRNU3bncz7mg58z98t9DxoxXAOyBKKdqOxUp7k2uNVQDumdzHifnjvHfhXWx2Gry2fpHnl09zrbGCo9ydAcbNKovj8zw2ey8HxhcYDf6OZCQjGaYoR/VGWv0Zga6uhEAocJTq3mOHM63kvaYCM1QDugi8Hjwv+BNLoZXHihx7VMVnADvQm4kXnanrzxguuALhe09jfS+YZ4av42Wdvt596i++/D6sL4eaC/wO9m//Tvi1jAxY/d+H/BmIuURllNFj+06gPT9G9CIrtLQzkPOXXgT4vsi9R5VuBULgfeL+LrwiN+34QID2vQde3CyNvZpjh30Dlbv+MG/o0/+FVoQmxJuON72+z88fz52u2idvCsabzxsV1RPip8gdd14ZlDcF64/zpvt6v7zpiz/ZvOl9lgPxE7JXx59eB/bFmzT+JMRbjz/BNhfgzw77f9D6Y7wJ5Dt98afICi0/zgK8KcCfXLwp6P/h8Ye7kz85L6/Pd7rH7VC+k5c/SbbtSL6TO/7SebNj/BlU0upP4U10hfHQ8p1gOWC+k8ibqK68cErw/y3gTWzF5U7zJipF4y13/RreRPUof25JvtMrY/FSlDcJ/OnP/4N+36XzRyuD8mbHvu80vInx59bmO3499ZWA4T1jHrr3GG3bAmWw1bL51qtXWbImMZRDW9kIx+blNzrcuCTBFpQrBo7d4dln1rjktHh4xmZveT+LExafOTzJM1aLil3i/rEtHp7Zy4MT65yZKPFwR4HdYfaAw+qLdd5lTDGBw/5jE2xKkz2tK8yuO1BSTDoGtb2TiNkmT+6ZoH14jhV7AsYr7JmweM8hi+sLc2zurtFUBoYwECUTYSs6soXhGGC1qRtgOBbKgvsXZvi1T3+Mf/1v/4KrygJhIkTPaY/ee8xnWUhaW/S9B/Ct4I9fX5/5TkH+ENUL5DsjefuI6rRudxPedjIaAN4BcVA07TaOcpgr19i/51GOT+3n4MRulprrvL5+iZfX3uR6Y5WG3UIIwZgs88jMUT66993cP3OI2XLtdpsxkpGM5O0mwdnTEV3QKxXeit/eLjvdE7oHCHefmaRN1XDPE97xgdJ/PbhsOHRY8GYhofmRhFa3J1641vjlk0vdHlUBPXgnKSK6f3xKBp57T7xo2ZXAA52khD5+uxXRE9yVdb8QKpP2qKLnV+XXptF1DtB7LFxm7kmVET+Ry0XDLbMVSe7y30+IF8JxISIXyNwDL1pG4q/3QE8TL1Fdt0dV8tFxPaH6QvEjNHtU6eIlZU+qsP81pfYDT1jvdVByh2TwJnp2Pt5Em6PnTbQM8SctfobOm4L80fEmL39i8VaQP4GO7os/hffESwdKYf7kcZ9/fEL86PbAG3gPzih/PMniTUH+5Kg+nTfR8nbxh3S912FhLSd/tK3QhPudxx9PsvgT7i3d2Xr/Z8RLtNTyxjuuT/7oPRYu78p8Jwd/NPGSiz+JnvIkiz9h+28fbzTxk8IbX0/z2ID5zp3BG6/e4nsA35L7q2g4BvorFj863uTlTxJvivBnaPmOrsHR+AmLlje6cIyWqW7T7QEc0L37dxHU8/Mnf76jiR8dbyLd68nw+aPbAziiB+LGa6AXfzr+hP2vKYPxt3kTYVsooxSwULBnfoFjUxOcublFG4MrrRJGp01HgoFNhzJtTC5ur9IpC6QpcByD77+laJjLCOWwaa2z3HT4l//hMqe2YUo52CXJ86932CrVWWrWOaMqGM0m8vQ2V5YsthsWleoWVavCYVFnt23SKgmMMYlZUtTsFrtm55m4UWd6n0XdglK5iSmaHJudojzRZt8jk3zacPhLw0YpaNgOQoCjbJQyaKsKUjgox6JTh2deOs3Nts22ApTjbrEG3L8wwb5du2MRIOw2sr2Fbg/gO4c/BZ/v7BB/RvJ2EQWjAeChy2gAeAfEXQHcoWaO8cDMYR6dPcp8ZZqNTp2vvvUcL6ye9Vf+gqBqlFgcX+DJXQ/yU4tPcGhiz2jv35GMZCS3QFQ3eeuW3Zl5sb2AFZEZ470Zef5gsOr+8QZ9HQI3WLmbE89E85yTVuaozte75rpv6GYoR/Q8Kx/ylsrts2DpGRJdcRxqdIq90Zd7uudH73XX38PegzMaL16P92wJeCBpgCkrfgr4O1MKxl83THwl3FpNvGT4e9A9gHXx0jMnYJRngPYOMEf8eOGn8f+ge1LF4id1BnDsE01q/KTYrfX/ALyJXSrEm5z80fGmH+4k8UazIj3U6JDdefmj4w1dN+bkT5EVCFn8KTigHbZbUxaRAePvtvAnyhvvIWyMPwm8ieqF+KPhzR3Fn4Iy4k+cN5oV6aFGp9ibyptbwZ+MOCvGn4RSZ2A/8ZZ0rQL5TrR+HW+ieiH+ZMXNIPlOVN9p3uThTyJvevEW409afpMlO80bItlZLt54b+9svuN3RyzfCZf66Lo9+U4qf95W+U5e3gT0JN4UzHcGv98Klyqq+wfr+FPM/zt7v6UX0WkgNm+iZhZj73303v28fuMcQlpYwkRIiTCgrGx2lyrsr5awK22ubjqs2YIyiiMmmBMw5owDDrNOBetqi/eNjTGJxCg5TG5so5TFwxMmC2WbkpDUVm32VMdolxzMssG0I9g1blNq2DAtKJcFUgowW1QbDabFBkemm6iOwiy5n9vSdofxLcnum9f5+QOKC68r2LfAt65ugGwwU5pitbmNkA7SAVsYYCv2VAXj5RKbDZsudAD4ieP7A84PREBzHTrN8MsD8yejHJA/unzHbcRt5s9I7kpR7ebtbsLbUkYDwDsgQghK0uTBmcMcqu3m4PhuXlw9y3+6+jwvrJ7lZnPN/9lnU0rmq1N8YvFxPrT7IQ7V9lCWpcw6RjKSkYykqCiE+wvQSrgrfEVX914PzBj1kjURfB8Ryee61/FzWxHL63T3e349XUXh58dFDApU4N3Q6GpOWHGgWREVW7mpK70+CpYE10tn6CK5DFqQ335yJMnRCsIVe/73jouu5E5asRCeKRqfIRpuXkTPXCERbnlML2y/pju6sRte0pkQP/4NTNjvxPyvKTUz0ntuyIgXv55AcwPN1K1ITbY3pdSJdkWkW3r+18ZPYGVCaqmLn8IrJMKmZ01gz7Y/cOHYlPwc/NGtwMzLnyTehOKhT95o+JNuv6YMiY43yQ3K5E8Sb4rwJ3OFRLjluXhThD863tw1/Ak3K4s/6fanlLETunLH8SdeBls+XP5oeHNH8ydS6ngzNP5ELzAc/qTmOwPxJ14GWz5c/uTlTVTP4E/w/axSxx+/xoz4KZrvJHRBYqm9go4/UYdpeBONg9y8KcAfkt1fiD+5pA/eDHq/peVN9PvOa8Fg+U6sO25TvjM4b6JxlsGfBHOivImMF+bgTdDu7p87Jt/JyZ9InnPr77dy8CZQ6vKdTN4M7X4rPX7E1nVIGAD++GP38/vfvogtLO6dLbNLVbncaLFgGDxRG2ehqmibVf5yY52W7fDY9Bg/N2lijk0wYZfB6DCBiTIFZVtiyBJl0aYk24xjcHS6RMW0MISBKRR7SxUkTSiZVBxQVYWJpLrQxhQKYZRQFYvW1hqy2mKiYiNtgTJBGmWwO4xTwr58lQcPSo687LBrZpZnb9SpIJker7JhN6iqJk2qWMKhrtrMlRTjJYNKo0Sbtv+5/8R7HuwGULhfZHMDEYTS0PgT4c1ty3f6508u3ozk7SHtxu1uwdtSRgPAOyACwZhRYe/YHE27TcNucWH7Bhe2bzBdrjFfmWayNMZCZYr56hQHxhd4fO44xyb3jVb+jmQkI7l1kjAj2eneSPl6KImLz/hzlHvjpJsx6CaXiuBKY7rX82YceslfrhmBaeYQuAnTzhDOWIFQdEVCtNTOECauew3OndDn7IRgmXVsxg1F7zKeH5P1vlbI9DEjlWD8JOlFVmRF7NWtSPAOzuPvonsA97tHla9nrFAoYn9f8aerV6XHC77/CfFn4BXouWYoB/pu2LxJ4E8h/w/IGxFoRxp/egbQt/2hyw0r/nzJET99+L/wCqws/kR5k2Z/X7yh1aD9AAAgAElEQVRJiR8K8ieVN9H4yxE/aXbnsP/Wxl86b+iXNwX5QyTePN4Mnu9oeJPGn0L+7zPf6X4fRfnj/3PH/K85Nnf9Ov4M8P2zE/lObvt7ecZQ+ZMWLzniL5M3STblOCxuv6YsKtr6dfwZkDdZ8Zcz3/H5E/B4UcN1vAm9n+X/ofHG6+uU+Nlp3iSdm1F/nDfe6zvDm9D9eQpv/M9q2v1W6udNz5uwfmvznV685IifoDr075ucklF/nDd03bQz+U70+U6QN2LtMhx4LNZBH3n8cQ5OfoMbVolP7p5lr4KXNyUHxiQfGZ9AlppsNCr8aKzOvRWHX9w/w3sqtm+tITuYykYZAgwLyzCoKoeSMhCmpG3alJGIkkIYHaSUCGyskk1ZVVCmxZiYwCk1EEohSgbKtOnQwJwSVJEgDSzTdgeIVQcThWm0KY8brAtYrNdZKHUod0DKNqapOIbJGdPE2m6w3G7zjVfepN6xmJCKDgobwf7JCh95/DGfY0ERjVVU9PUhx5+ON3c6f/r67IzkrhTVqt/uJrwtZTQAPGxRTu/fQgACKQQVo0TFMDGF4PrWDZr1FWbaTY6Wp5kr19hdneXo1D4OTO5jz8RuxqvT7kyjkYxkJCO5VRKckaxcXXivB/XAId5ewO7zA9HNz3ozAN03Arp/drBMqD9Rz2h/JKHNOyM3Vp1vg0rWu3/7nZFO5Dxf100p9hsYfUAT0QveYMau1nNXeulfLu+M4Pwz0r0OT9V1AaFdAZZsf0wil827IiDqHuF9VrpPNEK6f3z/M9K18RMcKQ6V3mFRj6fbry27EosfXfXBeCAlfrQzgnOuiEnhjXdcqkFFeRORwrwJlXl5U5A/Ccfp4ke/pMGTjPgpypuoXpQ3Wv7k5E1e/ug89w7hjTZ+sj/wgdZCzOND4o33RmIzSImXW8EbDX8Sy3d4vqPlTV7+DCnfiX2c8/JnCCvwvA6P6qFS+4G4G/iTEDdDynf03PEOuw38gZRw1PEnJ28CDdPyp4hBOv7klZy8ieqZ/On+7fcXlnTxMni+k4M/ObrL13X8SbhsmDcMnTchvW/eZMRPRljqeOPrqW67E++vorzxGpzRHxrR5Tu5+XPb8h1PDfNGrl9xBzXHZmPH/733HeLLL1/k3vYkb3VW+cTCNLVxSa1lY5jj1GYsfnNiivFShTEU0gGEDVIgqOAIhZAKKcaoCoEQVWyjBVJQMgBTIaQAw3H/FyZlqZCmDVLSNhtACSEU5bKBEAIpbPfnoA0Q0qJkSISQSAETwsLGZBu4VjZobq1z71iJc50OUx2DitHmico+xGSd05vuQoq/u7rOuOmwu2Sy2TGwJPziY8cCH4Re/MjWJrKxhgjFW0IZjJeIB4aX79yp/GEkb3NRVnu0/+8tktEA8DBFOWC3wbZcPpWqIA2CUKsC9wiD3aLKT9kmxuYNpH0Z0zCpTOyiMrmH8sxB2PMQ1HZBeeJ2WTOSkYzkbS/hmeLRvX8T9wLununuWK5AiVAe5t+U9JOcFXzA558TKN29hzXHZlUeqk+3QqJXoftygRnJWaWC2ArQ7lIaX6d30xtQE8poJwi/zWE9UPYzY7OvFXhey3q3LCqoqkDzC/o/VhaRgeJPxfTwDVnPz1E92f85V0ho4y/Yx/HmJ5oTslcQ/hBr4meQFZh54i8rfkIrEuJuKSR5/J10Tl8VRk/Q8SbwPjn83zdvNPzJih+t/em8QefvXP5P4U9GvKStUBjxJgd/cn/f5eBPqv3Ctylwhu9nbhVvEuNPxxs9f3LJQP7XlAUqT+RNQr7Tn/9vEX+6dvrfbzvNnyIroBL0cL7T48/O+19TXwH+dMMkrKfxJloOlT9Erp/On2z7c/KnCG9y88e7fCReBuVNIfuTOizw2sD163njv8+Q851omYc3UUMzeBPVC/OnL97o851Y/IT4Q3F/D83/g9bfR75Dkt9vNW8CRiXwJab74vnZO3cI/Bk43+mZ0xd/rA5y9RK2PwDck89++AN84Qev8uLkBnOlCvNygrJj0SwrTFNQUSbVcQOwsZUDykYIp/sFpBDCQUiFEApHgiEEjigjpcKRjssZKUEIhASExJYKhUIKemPVUnZ/9U6ghMQS7nZnoBBIBCaOKiMRONSozVU4MLbO8cUZ3rdg8NuvrLHZqfFutqlVDH557wP8wY2TnK8bmMKm5XSYrE7SanUQwuKzP/7+cBx0O1huL4Hd7kVPLP7z8iagv9Of74zk7pPm1u1uwdtWRgPAg4rTQdXXUNs3UVs3YWsJ1WmAAFGZQkzMw8Q8YmwGKjWkNBkzq1SrM8zXdqNsC7W9hNpegc0bcPM0amwWZ+kcav4YYu4IYmofolKD0YrgkYxkJEMUpdw9e6E3c08C/gw9EvYCRvnv984L3M8I/5DQTYKnS+L5nlLdlcXe3ZzAr6/bPP/1wBUJZ4GBG6pghbEbrJQnHpGpxto98rrH62eoe6dF9bAZsVIkl0T1pO4gySwR1xOvoKk4o0HeTE9f784M9erVzxj1mhVdIZGzDJgZtCToXq27w2eE9ZCD4vEQW3IVLYNPkgqsUIjPWPe623s/0VvxMqm5EYvTdG1AZl6hWyY5LKXFsfjJPUNdEz/h7g9//DVl0JIk/uglhT95eRONh755Ey29y2TET96Pe+Q8X880a2d4k70iT8eb6AqJbN5E403Hm9jzvJjcIt7k4E8mb/LyR9Pc3PzJBFofvEnhT27exPij4010hURB/uh4k5c/SbyJlv3wJmNFeP585+7mT/97kNPTQ83aOf74pVYG50//e3J63Xx7+aO/sN/A9BMyHKfbkzObP5H4QMefFO5o+BO0JI0/8Q5LuMKt4o+ON9H4KcqbaFmQNzHJzZuonsEfXbzk4Q8p8RLjT0HeRCwpzJu891t58+Wi+Y4fd153327eiGRdd4Uh5TvR77f8+c7gvBHL52Hx0WjPcOzwIX72nv3cuFznmmlj0+CDuxYwUVSVwDLdlbzSUTjCQSoHA4UQYAiFEAJD4q4EFgJbCKQwXB0HoRRCSYQDyhHuymGlQDlIJcBRSCERSmE4EiG6Q5lKILx+VAZCGkgMMAwUYE53+MefuZf5imC6XOZ/WbR45hWDS9eq/P2f2MPNrQYf3zPHF9/a4kP75xC2zUbLQawb/PxDe7jv8JFEd8v6MiIaD0m8KcKfd9TznZG8HUSNBoBvmYwGgPsWBZ0mqr6Mc+MN1M1TOEtnUetvQacBQiKq0zC9HzF7CDlzEDFzECZ3gTRhcjfC6UClBhuTsHEVtf4WavMGau0yavkcYu4Ics+DyMV3w9xhRG2XOwgsZLglSuE4vZ+ellL6r1uWhVLuF2KpVAp9oXjn2baN4zj+cVJKDMNw90mIJST6OoUQ/vVs245dzzCMzF51HAfHtrG77fGuAYRLpRBSIrv/R9uplPLtCtomhPDbkmSbrRx3dhkghcAQMpAORvoAhaNU6HiJxFEODm7bk0QKgRQSKfy0AkcpHOVgKRtDSExpaOuNiuXY/nmGkMhIfIxkJFpRqruSt5v8K+XPzPP1bmal2wvYy7yCMwYF4ZmC7uzayHGE7xxiK41DGV9i4wm/G1iR0D3X091ySCsQIqWXdfp693PfW6GiCBwWNSH/HXdeURllVv25xfNjRC+yQivPDNSMsnezQqBer9t7etw23QqEwPtk+3+gFQqBAO17D7y4WRp7NccO+wYqd/2e3736+/N/oRWhCfGm402v7/vgD/T4M2TexPjj80bDn6Aj7kTeFKw/zpvu6/3ypi/+ZPOm91kOxE/IXh1/eh3YF2/S+JMQb5m/MJHllB32/6D1x3gTyHf64k+RFRJ+nAV4U4A/uXhT0P/D4w93J39yXl6f73SP26F8Jy9/kmzbkXwnd/yl82bH+DOopNWfwptevuMdPqR8J1gOmO8k8iaqKy+cEvx/C3gTW3G507yJStF4y12/hjdRPcqfW5Lv9MpYvBTlTQJ/+vP/oN936fzRyqC82bHvOw1vYvy5tflO9PmOXLuMXL2EM3sw0BGu/MrHPsRv/uFf0Wpuc9/sJC3HHfhVygElULb7jFXgLiSQSiEVSKmQykHSHcTtDmRLqTCUwJsk4h7rXgPZjUVDIh0QtnAXCEuJtHGvIQWOAGFIpHRXBAshEQKE9zhbWByaLjPmdFCGycHpcT5xr+Lz57aYmS1RLlmcmK9yGcUvP7BIY6vF189cpmbAP/n4j/n8CorcvonYvkniM+Qdi7903vT9fKcgf4jqBfKdkdzdolrbYHVudzPetjIaAO5LFCgHZ+kMzoXv4pz5Js76FWhvoZRCGCUwK6jGGqyehwvfxalMIvY+iDzwOHLx3YjJfYiZQ2B3wGpCaxNn4ypq+U13MPnKj3De+hHO9deQl59HHv0QxtEPIeYOg1kNtcZxHOr1OpZlIYVgfGICKSXtdpvl5WVazSamabJvcZFyubeKuNPpUK/XWV9fp9FoYFkW5VKJiYkJarVJJmoTmGZyiHTabVqtFrZtY5ompXKZUqlEo9Fgc3OTjfV1Oh0LaUimJqeYnplmYmJCO6Ds2dFut9lYX2e7XqfVbGE7NlJIDNMdtDUCg72VSoXx8XEmarXQ4LI38L2+vs721hbNZpNOx8IwJNVqlZmZGcYnJqhUKhGvKrasBhttd8PxCbNCrTRGSZpEB2MVCstx2LIabFtNHOUwaY4xZlbY6NRp2W0s5eCnlMo9RwpBWZaYKk1QNcqUpNvultNhs1NnubXBdGmCXdUZTKkffA7KWmeLldYmtVKVqdIENXMs85yRjARwE2MA0U3Duw8HQnrwuMh5wT1h3NNE974jMFOQbgXd0j8ucv1wSVjXNT+S0Irg/YSnh19KvHxy6c1I9473ZhAH9OCdpIjo/vEpGXiuKcVJ53cl8EAnKaGPHB3Xe+4Ll+mt7pXaFS+90uvxRD1jBmpmWXQGbPTdyOWi4ZbZiiR3+e8nxAvhuMi7AkLrgUj89R7oaeIlqvv1J3dXZvwkVF8ofvyZ5xFdFy+BQPXiLRbAYQ+Fy8K80XSI5uOpWwGQjzfR5uh5Ey1D/EmLn6HzpiB/dLzJy59YvBXkT+T7rDB/knhThD863uTlTx73+ccnxE90ZWdR/iR+4JP440kWbwryJ0f16byJlreLP6TrvQ4Lazn5o22FJtzvPP54ksWfcG/pztb7PyNeoqWWN95xffJH77FweVfmOzn4o4mXXPxJ9JQnWfwJ23/7eKOJnxTe+HqaxwbMd+4M3nj1avgzFN5o4ieJN9FwDPRXLH50vMnLnyTeFOHP0PIdXYOj8RMWLW904RgtU93m+T8lfrz7dxHU8/Mnf76jiR8dbyLd68nw+aPhTVQPxI3XQC/+dPwJ+19TJsWbchBLZ2H2YMRaeOLBB/nEIy/w/Gs3WTBr1C0bKRwsAbLjDhoKIUEqJAbSUe4gRvc5sXQcjG5dQoAhvVXCyt0fWLo/9ywN5Q8ACwnScO1zfyFauMdJCd0BYAzhL6xycSAwDBOBxDYcTNum7RggHBQwM9Fhtd3CsluUpcG9izWerlW5d86gPT7O82fbPP3wPt778IOJnjO2b/Z65q7gT8HnOzvEn5Hc3aLqG7e7CW9rGQ0A9yNWG7X+Fs7F72Of/hvUzVPuqt/SOHL+HsTkXhibco9tbqIaK2558zROYw0aa8jDH0DufQiX4g7YC8iJXajp/ai5w1CZwLn0HM7SWZx2HRwLrCbG/T+NmN7nDwI7jsP21jYvvfQiy0tLlEolHjtxAoCrV65w8uRJtjY3mZ9f4Gc+9bPMz89j2zaNRoML589z9sxZrl27xtbWJu1WGwTMzs5x8OBBHnn0ERZ27WJsLD6geP3GDd48d46V5RV27d7F/v37MU2TCxcucOrUKa5dvUqz2cI0TXbv3sV9x49z/Phxdu3eTblcJjoQ7DgON65f58KFi5w9e4ZWq+WuQhaSZrPpDlDbNhPj44yPj2NZFrt37+bwkcMcu+eeUBtXV1a4dPkyr7/2GhsbGzi2TalUxnEcpBTMzs1x9OhRjhw5wuTUFEb3pzyUUry2dpEfLL8BwAPTh3h09hhz5UlMGV69bCuHrU6Dl9be5JW187ScDu+ZvYf7pvbz/MpprtSX2baa1MwxJswqppCsdbZp2R3K0uRQbTf3TR7gcG03JWmy1tri1MZlfrh6muOTB3jfrvuZKdVi9QbFHYS2eXH1TX60coYHpg/z4Myh0QDwSHKL0tzoeHv/RkuUm+qpwFRe/2fOFO4NT2hGnnt9//C0tnjJbDQTzTYiXuY8V3fD5dmSPEM5oifNfA8dX6BUEFuh5d/UerMxI4b5U8DTuyeud/3nv+76d9h7cJKoE7Al4IGkASayAkdjaD+SdCeUdXig/nBrNfGS4e9B9wDWxUvPnIBR/mc2wW7RsylqM4Er+uGn8X9qmWOGcCx+UmcAxz7RpMZPit1a/yfxBs2xGRLmTU7+6HjTD3eSeKNZkR5qdMjuvPzR8YauG3Pyp8gKhCz+FBzQDtutKYvIgPF3W/gT5Y33EDbGnwTeRPVC/NHw5o7iT0EZ8SfOG82K9FCjU+xN5c2t4E9GnBXjT0KpM7CfeEu6VoF8J1q/jjdRvRB/suJmkHwnqu80b/LwJ5E3vXiL8Sctv8mSneYNkewsF2+8t3c23/G7I5bvhEt9dN2efCeVP2+rfCcvbwJ6Em8K5juD32+FSxXV/YN1/Cnm/52938qQ7uHy5lmcvQ+gJvfEDvlHn/hxtt76JhLJitWirBwqhsRE0ekO5CIVhlBIR2F022kIhYG76hfcsDYFGAJ/j193UFggbRc00hDuLzJK99chheweK91faUSCEgphCHD/QwhwBO6vNCqFZTiUHLBFCYG7Erlpd9iwoNGSiLbD9GSJh00DZbepmhUqwua///mP9wI6yKHmKmLzOqrn+EB/x8vi/MkoB+SPLt/xbbmd/BnJXSOq3YBW/XY3420towHgomJ3UPUVnMvPY7/5HZy3fgQoxPgccu4o8uiHEHNHEeNzIASqsYbauIZavYCzcg5n7RJYLUR1BjVzEFGugTTArCDMirtn8PR+RGUShES1t1Gb13GuvohqbyGmDyDNMmJ6v9+kre0tfvj8Dzl96hSlksnc/AKW1eHVV1/lW3/7DJubmxw5coSP/MRHmZmZodFocOniRV5//XVOvf4Gy8tL1LfrNJpNtre3KZfLLC4uAooHH3qI/QcOYJpmaND2+rVrPPfcc5x+4xT33nsvj7z7UaQQnD17jtdefZVr166yvb2NbdtUKlUuXbrM9tYWjz/xBAsLC6HVt51Oh5WVFV599VVefOFFLl++3F2pO02pVGZtbY3r165x5epVJiYmmJ+fp1arYVkWM7Oz2Jb7c9O2bVOv1zl16hQ/+uGPOHPmDI5tMzY2xuTUJJ1Oh0ajieOc5ubNm9Trde47fpzp6WlK5TIKeH39Il+6+G1A0dz/Pg5P7GGqNIFJeCDWUe5q4ZdWz/H/vfUsW50GhhDsqk7z3NIpXlg9y1p7i/umDnBoYjdT5jhXGsvcaK7RsFvsXp9hbdc2ppQsji+w2t7k9Y2L/PWV51lb2GL/xALjk9XUAWDLsVlqbvDc0ht89cpzdBybPWMzHJ6IJ1UjGUmyxGcMe7q396+M6H5aJ3rnuVfqXi94nxmboUzo+GAOJ4i8GSzzSqgC74YmWEO4JbEVB5oVUbGVm7qya3h0hnrPnAxdJJehPspjf1pCnXbFSMWZe+BF4ycwU1g3QzTcvIiunaGcHC8xvbD9mu7wglFkxE8v0EN+J+Z/TamZkd5zQ0a8+PUEmhtopm5FarK9KaVOtCsi3bL/PfDiPEqMl8IrJMKmZ01gz7Y/cOHYlPwc/NGtwMzLnyTehOKhT95o+JNuv6YMiY43yQ3qfw/OnPzR8SYQxsGW5+JNEf7oeHPX8CfcrCz+pNufUsZO6Modx594GWz5cPmj4c0dzZ9IqePN0PgTvcBw+JOa7wzEn3gZbPlw+ZOXN1E9gz/B97NKHX/8GjPip2i+k9AFiaX2Cjr+RB2m4U00DnLzpgB/SHZ/If7kkj54M+j9lpY30e87rwWD5Tux7rhN+c7gvInGWQZ/EsyJ8iYyXpiDN0G7u3/umHwnJ38iec6tv9/KwZtAqct3MnkztPutjPjxwt1qYNx4AythAHjf4n4++d79fOPFS5RwqHXANBQlE8rCwZDK/b87ACyEQHYHfw3lYMiuLwSUhHRfE27/SCEwDPd4IRTCBkN0t+STri1CutcUdPtWKqQEB9XdbhAc6VACEApHKiwlaEsHR0BZOVgdg00LtptjKHsVw4KOdKBhUBYOH33vw9xz8HBiXJib15B2Kw4jiH4cBuBPhDe3Ld/pnz+5eDOSu1e21253C972MhoALiiqvoJz9SWsl7+EuvE6oBBjs+5PNN/3MXdVb3XK3ecXEI7t/syz3UKtXca5/hrOxe/jLJ+BtxaQB064g71BKY351xHzx7B/+O9wVi/Aynnsl/4fMEyM6UU8SNu2zY3r1zl79ixWp8PhI8+ytbXJxQsXmJmZYXp6mrmFeUqmSbPR4K3Ll/mbb/wNtVqND//4j7N3717KZffnm8+dO8f3v/csr7z8Mssry6ysrPCTH/sYu3bvplQq+U1sNBrcuHad1157zf2p5e1tpCE5eOgQn/7MZyiXSqyvr3H27Dm+9tWv8u1vfYs3z51DAY8//jgHDh70r7W+vs5f/ce/4vmTz7G5uclP/fRP88ADD7Bnzx6EEDQaTS5evMCff/HPWV1doVqt8vOf/nkOHz5CbbLG+NgYtm2ztrrG888/zze+/nXOnDnDJ3/qkzz0yCMc2L/fHeBViuXlZb7x9a9z8gc/4Hvf+Q5/7xd+gccee4wDBw8ihWTbanK1voxCsdHexgn8jHNUHKXY6NS5Ul9io9Ngq9NECkHL6bDa3mKr0+BYbS8f3v0Ix6cO0LQ7vLR2jm/feJlnrr/Exe0bXKkv8yvHPk7TabPW3mK5tcFraxc5OH6KxbEFxsxKPCfsypbV5Ds3X+Gl1XMstdZZbq1Tt1r9BfZI3pmilLvHicKfAeh0b6R0MwK9vYAdpdykr3uDFZ0B6Kjw6+GyV3/3Im7ylzAj0PtnLnMgsKBIN0M4YwVC0RUJ0VI7Q5i4Hm5wjoQ+ZycEy8wOSy97l/H8l6z3tUKmjxmpvZsTkvUiK7Ii9upWJHgH5/F30T2A+92jytczZggXsb+v+NPVq9LjBd//dN2Wz//DmaEc6LsIb4qI9/Gle61E3a81p/8H5I0ItCONPz0D6Nv+0OWGFX++5IifPvxfeAVWFn+ivEmzvy/epMQPBfmTypto/OWInzS7c9h/a+MvnTf0y5uC/CESb8F8ZzD+aHiTxp9C/u8z3+l+H0X54/9zx/yvOTZ3/Tr+DPD9sxP5Tm77e3nGUPmTFi854i+TN0k25Tgsbr+mLCra+nX8GZA3WfGXM9/x+RPweFHDdbwJvZ/l/6HxxuvrlPjZad4knZtRf5w33us7wxsVjJcU3vif1bT7rdTPm543Yf3W5ju9eMkRP0F16N83OSWj/jhv6LppZ/KdUPyk5Dvixmnk/D04M73FTJ585BMf5cU3/5RLKx06ykAagqptY0qHkpSUDJA4yG4/mlJiKIWJxJCuL5FQEoISBoZyf/4ZITAcd5WvOyiskAgM2T1PdAeUJQiE+0xKGojul6SUAiHBkRa2MnEMiUGJjlOmY0DZadGQYFgCwwa1bVGXDmbHpGlYmG2Hck3xkY8/3XVK2G5ZX0ZsXCFx79+c/o8dmxF/Ot7c6fzp67MzkrtCVGsbNVr9e8tlNABcSBRq/RLO5ZOolfOoxgaiWkMeej/G0Q8j978HMT4PRin59HINY2wGMT6H2r6JWr8K+xI2uBYSyhOI2UPuqrulc2C1cZbPuXsC3zyNOvhexPgsIPH2vG01m2xtb3Pp4kUOHDzIh37sx5ifn8cwDMbHx5mcmgIhqFQqHD16hLm5eY4cO8rc3BymaWJZFtPdFcIrKyu8/vrrvPLyKxw6dJjJqanQADC4A0CNep2V5WW2trd5/wfez3333cfeffuolMs0m00Wdu3i2rWrnHzuJBcvXODVV15h//4D/gDw9vY2ly9f5tnvfY/r169x4MAB7jt+nKPHjjE56Q6MW5aFaZq8613HOfncSd66fJm1tXWOHIFarQbA6vIyp0+f5pvf+Abnz59nenqahx5+mPvvv5+ZmRl//4bJyUkee/xxLpy/wA9+8AOe/d73mJ2dZd/iIlJKHKXoODYKBwcnNRqEcGeFdRyLtt3BQWEIA4nAUQ62chg3q8xWJtkzNoujFE27xdXGCt+89gLnt64zU65Rt5s0rBZr7S0aVouL2zf40coZHpw5gikNZsu1WN22clhrb/G9m69yZvMKLbvDRqdO026ntnkkIwmJPwOQbq4VmBHY1bsHho/3XxHd+wyB7JbutUT3wVLk/OjDhsiMaH/GvObwmEQS2rwzcv1SBEtvBnCC3v3b74x0Iuf5um5Ksd/A8C1xMCFOsj/rBjN2tZ670kv/cnlnBOefke51eKquCwjtCrBk+2MSD+9kXdOKsNs8v0d0//j+Z6Rr4yc4UhwqvcOiHk+3X1t2JRY/uuqD8UBK/GhnBOdcERPhTXBPPO+4VIMi/MnkTUQK8yZU5uVNQf4kHKeLH/2SBk8y4qcob6J6Ud5o+ZOTN3n5o/PcO4Q32vjJ/sAHWgsxjw+JN94bic0gJV5uBW80/EksY7wpyJ+7PN/R8iYvf4aU78Q+znn5M4QVeF6HR/VQqf1A3A38SYibIeU7eu54h90G/kBKOOr4k5M3gYZp+VPEIB1/8kpO3kT1TP50//b7C0u6eBk838nBnxzd5es6/iRcNswbhs6bkN43bzLiJyMsdbzx9VS33Yn3V1HeeA3O6A+N6PKd3Py5bfmOp2p4I0B0GoirrwLuY9IAACAASURBVEDCADDAp3/qg/zvX/hrOtIAx2HcdrfwKwuFiaIsDXdfX0NQEmAiMIWDsByEUBiGwBY2lhCYCoQDQkoMx6WqxHEHgqX77MqU7oIG0S2l8NrruLqUCOHGjC0lll3CLrnXRrVQRp2Os0DbXGO65WDYsKa2cFoO0pFgOWyWGjz0nvcF+iEcL8bmFaTd7r1/x+Q7dyp/EkNnJHe5qM2V292Ed4SMBoDzilLgdFCrF3GuvIhqbgAKqjPIYx9GHnjc3fs3RUR1CiqTGHOHcS4/j7N6Mf340jhMLSIPnkCtXYKlM6jtZZzVi8jVi4jyBJhVBALh7l6Pchwsy+K+++7jyQ99kMnJSQyj9zPCrVaL2dlZ3vu+9zE2Ps7ExIT/XqlUYt++fbzr/vu5cuUKL7zwIy5dvMib587x0MMPwWRvpbJhmr29fIVgslbjgx/8IPsWF/1jpoFqtcr7P/ABrl+/zg9PPs/5c2+yvLzkH7O1tcVbly9z+tQpqmNVDhw4wL59+/zBXwDTNKlN1jh2zz289NJLnD59mtdfe43FxUX27HX7fOnmEq+8/DLff/ZZJqemeO9738s999zD3NxcqE/Hx8d59N3v5rnnnuPbf/d3vPzSSzz44IOceOIJKpVK94tf4M4Lc/eH0PoH4R4lJAiQCExhUJYlDOHuTCGF9K8hhWC6PMHe6ixVo8x6Z5v19jaW49Cw26y3t+k4FjebTV7buMgLq2eZKU/EBoAVim2ryZX6Mi+uvcnVxgplabJtNWnZCRMKRjISjajIHYVu799QGUwS3aXD3Wt5F8XXQ8mo6uW1QCxZDb2YM+EN1qctc4uK1KdbIdGrwH25wIzkrFK5fRp+nu62y9fp3fQG1IQy2mHCb3NYD5T9zNjsawWe17JeFKigqgLN3zH/a+rLXb+K6eEY7/k5qif7P+cKCW38Bfs43vxEc0L2ip5NgTNi8TPICsw88ZcVP1H+RNxSSPL4O+mcviqMnqDjTeB9cvi/b95o+JMVP1r703lDv7zJ4k9GvKSvUCDb/2933mTxJ/f3XQ7+pNovfJsCZ/h+5lbxJjH+dLzR8yeXDOR/TVmg8kTeJOQ7/fn/FvGna6f//bbT/CmyAipBD+c7Pf7svP819RXgTzdMwnoab6LlUPlD5Prp/Mm2Pyd/ivAmN3+8y0fiZVDeFLI/qcMCrw1cv543/vsMOd+Jlnl4EzU0gzdRvTB/+uKNPt+JxU+IPxT399D8P2j9feQ7JPn9VvMmYFQCX2K6L56fvXOHwJ+B852eOcPId4ybp1FzB3H2PBA79OChw/zSUw/zha+/QtkGy3J/irkk3QHfslTuAK6tKAkwpHJXBisFOJiOxDRMTAHCcTBQmKZA4iCUg2kKDAWGcrc3E1K6Pw0tQQiBpDsgLER3ABikUID7q3nQBkfS7vaXsEuYqk1LldlUHbaAesdEWm0UG1RsyQP3P8TErgMRv7uBZGy8hVzvrf6N5jvxMi9vAvo7/fnOSO54UVsrYI0Wsu2EjAaA84qyUY111MZV1PoV92edS2OIyd3IXfcharvyXUcIkGXE7vsxZg4iKvHVnaHDzTJi7ghiah+iPI5q11Fb13FunkLMHwWzCgKkdCFbHRvjPY8/xn3H72NyctJf+epJuVzGNE2UUrH3PJkYn2Budg7DMGm122zX6zhOeDWsFBLDcH8aY8+e3dx3/DiVajV2rXKlwtFjx1hYWMC2bdY3Nqh3ryelpF6vs7a2jmXbVKtVapOTmEZ831vDMJianmZsbBzLslhaWmJrawsApRTXr1/jjddfZ2tri6PHjmnbI6WkVquxML/A7Owsm5ubLC8vs7G+ztz8PCDw9jqWojvjK5Bi+n4BDCndAV4E3lFSCEqGidE91xASSa+fW3aHzU6DtmMxXapxuLaHqlGiabfZsBooAW3H4npjle/ceJkD4wvcP3XQb5NCYTkO5zav8tzyG2y1GzhK4SjFdqdB027jKJU6cD2SkfTEi+7ezD0JeDP0gjP1gq8r6O4N7M6U9PO3wI20V8qADuF8L9wS/14DRFwPlaErBfRAYu0OVCfdYKU88YhMNdbukdc9Xj9D3Tstqieb45ciuSSqJ3UHSWaJuJ54BU3FGQ3yV2x7enDlt+jp8RmjXrOiKyRylgEzg5YE3at1d/iMsB5yUDweYkuuomXkA5B3hUJ8xrrX3d77id6Kl0nNjVicpmsDMvMK3TLJYSktjsVP7hnqmvhJ4E+Kt+Lxo+NPoqTzJxdvovHQN2+ipXeZjPjJ+3GPnOfrmWbtDG+yV+TpeBNdIZHNm2i86XgTe54Xk1vEmxz8yeRNXv5ompubP5lA64M3KfzJzZsYf3S8ia6QKMgfHW/y8ieJN9GyH95krAjPn+/c3fzpfw9yenqoWTvHH7/UyuD86X9PTq+bby9/9Bf2G5h+Qobj+t+DPBIf6PiTwh0Nf4KWDPN+a6j80fEmGj9FeRMtC/ImJrl5E9Uz+KOLlzz8ISVeYvwpyJuIJYV5k/d+K2++XDTf8ePO6+7bzRuRrOuuMKR8J/r9lj/fGTJvUMjLL6Am96LGZ2O2/9iTH+Ct1XW+9NwFSgjKjqKMwFA2JmBK93lrWYK03VW3JQQCgSEEhtPdGxgwBO5qXWkghHR/plkodw9gJIZjI4T7LF0K91muEMp/vmUId8Uw0B0A9rYHlEgBQgqQFrYFJds9brvTomw7KFXh8LE9LD74RGIcyM4mxvplNz4DMRCLnyTeFOHPO+r5zkjuNlGdJmpr9XY34x0jowHgvOLY0NxA1VdRzTVwLMTEvDswOzYDRjn/tYRw9/0tT4DU/Fy0f6zhXn9sBkpjYDWhvuquCLbbiO4XtleWSiUOHDjAXPenn+NVi8TXfTMdh2azwdbmJrZtoRzH/T9ynJQCw900gVptkoVdC5hmPJxMw2R2dpbx8Qncn6ruYNvut6NS7teDbwPdFbexJKjXNkc5KKWwbRvHcfB+/npleYUrV67Qbrdd+6Rg6eZNmo2GO9AtBEopHMfBtm2azQZmqcTm5ibb23WazWa3Pe5KXksp6laTpeYGFVmmEvlZb8uxWG5tUrea+HOshGuLKSSGcAd93YFgsBybtc4Wr65f4IXVs0gheWjmED++51FqpXEadoutToPZco2KLOEohzc2LnN28wrL7Q1mSjVMaWA5NkutDV5ae5Mfrpxh7/gcLafDSnuDbatF025jKxshjEAaO5KRaEQpHLzkS3RX+tK7oXe8hLQ3gzSk4+VcvRmAjuMmzkkzBoUIzxQM3sApEbi+IjYDPqHxhN9NWJHQvSlzXx/SCoRI6fWAr3szOLv1+qMASclpnvvcoqIyyqz6c4vnx4heZIVWnhmoGSWRONSt0IrbpluBEHifbP8PtELBC9hAvPXiKWBTEUnzd9Kxw76Byl2/53ev/v78X2hFaEK86XjT6/sB+MPweRPjj88bDX+CjrgTeVOw/jhvuq/3y5u++JPNm95nORA/IXt1/Ol1YF+8SeNPQrxl/sJEllN22P+D1h/jjf911Sd/iqyQ8OMswJsC/MnFm4L+Hx5/uDv5k/Py+nyne9wO5Tt5+ZNk247kO7njL503O8afQSWt/hTe9PId7/Ah5TvBcsB8J5E3UV154ZTg/1vAm9iKy53mTVSKxlvu+jW8iepR/tySfKdXxuKlKG8S+NOf/wf9vkvnj1YG5c2Ofd9peBPjz63Nd7Ke78itJdSlH2K/6ycTDf3PfuaTrG7/JX/18lWqEkrKHcgtAYYtMR2oGO7n3xTKHQxW7rIbw+gO/AqBgcIQgBQYhkAKVzcE/mpfb+BXCreZ7kpgd/GTlO6qYOi2XUj/kyBk9yejDZsyBk1HYQEbtsNUR3Dk0C6Of+AniQS87zO5ehFRX8kXDjsWf+m86fv5TkH+ENUL5DsjubtEbSxlHzSSocloADivKBvV3kK1NqHdAKUQlUlEbTf8/+y9eZAc133n+XmZVdX3AaAbN0ACbBIgQfAQCYoUrYuSLHlkiR7taGc9o9iJ8c5sjCdidyYmNjwRu/JuxM78sev9Y2c8EfbGhNex67Gt8LG0NZbDtGlREi1SMg+BAggSIEGAuBoNoLvRZ3XXlW//yMqqrKx8lZl1N/D7IICHV5WZ7/rlN3+v3nv57AFQ4atpjVgxq15Z7mue00OQHoQNhd5cQa/egFKxfIw74wmlSFkWExMTDA0NNbys4zjk83lyuRzFQrEysOqUSszOznLjxg0KhYI7OGt5Dzp/tix3TwQgM5BhZGQEO2RFsbIUQ4NDZMr7Bwc3tx8YGGB0dJRMJkPJKbGxsUGxWERrjbfqFdx9gFeWl9nIblRW8Q4MDKC1plAosLK6wu3FRXcv5FyO24uLXLxwkaGhIWzbXY1bctyB42KhwPLyMkNDQ2wODWHbdmUwWZX/aO2wlF/n8vpNck6BAStdcVw1UNQllnJr3M6vUnK8mWAu3urfkuPu03s9677P/ur6Ld5e/JBL6zc5OLKTT+x8iE/sPMZoapBsMcd6cZOdg5M42mG1kOXS+k0+XL3GR6tzPDh5DynLJucUuLR2g9O3L/DR2hyf3PUIGs38wjIbpTybpQIFp+S+gjrYaIIQpDIjtNytKzvnlRtelWf24c3kqxxIze8HWpUHW6vfe5+XLxQehsxArHQSfZ/X/vDgy37AoTVNIDbmwpwNt4xK+473ZhD74v6epArEK8c38MBjTSkOO7+Mr0MV5tAH660u7mummrBxrquhccWLz14qdRcSj5iBGhkmnQEb/NZgjsGzjWFYc1W+D7EXau0i7goIYwsE7M93QwZCj0C8kn54dUXaT0jyieynMvM8EDfZi89QPXurM+DaFqoNjTc8tfFqBYVXiOH2NK0AiKc3weyY9SYY1uhPI/tpu94k1B+T3sTVnzp7S6g/vopuSn/C9CaJ/pj0Jq7+xGm+yvEh9hNc2ZlUf0Jv+DD98YjSm4T6EyP5xnoTDHulPzSOVyusNhZTf4y5MJh7/+mPR5T+1NaW6Wxz+0fYSzA06o13XJP6Y26x2nBL+jsx9MdgL7H0J7SlPKL0p7b8vdMbg/000JtKvFGLtejv9IfeeOka9KctemOwnzC9CZqjr77q7MekN3H1J0xvkuhP2/wdU4aD9lOLUW9M5hgMGzab1/4N7Mfrvyt/PL7+xPd3DPZj0ptA9Xq0X38MehOM++zGy6Bnfyb9qW1/QxhTf+wb78LIdkr7HyOMX/7682wUX+DF966TtiCjLHcgWLmrfDO4r35OKU265K74tYCUAynbfdWzpcG2VflV0Lirfy13hTDaAaXKg79uWb1BYEuVf1/HWxXsGWC5npQ7OKwsRabkoKwUmyXFOnBtpcgDh3bx+Gc+j8mQU7cvk1q6VK6Lrao/CX/f6ZL+CFsHvXILCrleZ+OuQgaA46I1lPLuq591ecDPTqNSgz4R6xBKlR24sntT3EDnVkCXao8BUO5rjhu9AthxHDY3Nrh85QofXbzI3NwNNjc3cEolHEezsrzMjRs3KBaKWJblDuwGrqeAyquSLfd10MZ68D3sLcvGP7A7uW2Sg/ccZGp6iuXlZa7NzrK2ukphxw4yGXdVtdaazc1NPvzwQ+bn5xkcHOS+mfvYuXO6MgCcz+cpFAtorVlaWuLChxdYmJ8nnU6jLAutNdrR7mpmrcnlcszMzOBozeH7DjM0PFx5JbZGU8Lh5uYS7y1f5sbmbTJWuvzccXC0puiUWC1scD27SEEX0b6iWsp9KfRKIctfz/6Etxc/ZMBOs1bYYOfQJB+fPsrHtt/PfWN72JEZI2XZbJbybBQ3OTgyzfaBcTZLeeY2lzi/cp3Xbp3h4OguhlMDrBU2eWPhHJfXbzGWHuaZ6QfZKOZ4a/598k6BnJOnoIsMkPZVvCCEo30dH29FbnDPX6f8vRPocFecPY0v1LVOWsAlrRncrfvW94E/jC5E4zDi1LAOl/uFaYZyIB6cgRw2EzluqKFuhValU+vNxgwUzJtUYyhv8ONq3GtH73PXs2/3HpyExvGVpVGHp85CzAWMYytRJLS/splUIgFrD7eXiPZudQ9gk71Ui+MrlFcAYw8whv145mdo/4ZhjBnCdfbTcAZw3R1NQ/tpUG5j+7egN3WXqtGbmPpj0ptmdCdMbwwr0msyXVPuuPpj0hvKzRhTf5KsQIjSn4QD2rXlNoRJaNH+eqI/Qb3xfoSt058QvQnGE+mPQW/6Sn8SIvpTrzeGFek1mW5Q3oZ60wn9ibCzZPoTEpoK2Iy9hV0rgb8TTN+kN8F4Iv2JsptW/J1gvNt6E0d/QvWmam91+tPIv4mi23pDwDuLpTfe1931dyrVUefv1IZm6+qNv9NQf+4ofyeu3vjiYXqT0N9pvb9VG+pgvHKwSX+StX93+1sRNGh369rb6IExnOn7Qk/9V7/4NdJ//G3+8KeX3ZW+QMa2sJUi5bgrddNobF1+DbTWZLRVeQ20hTvgkdblvX8tha0dFNrdxk+5q4Bt3IFihSr/9G6jLIV2SlhKYVvl5cae32uV9we2QOOQyygKOcWGggd27+CZn/1itfC1goa1egPr9sXQ33uqddZu/YkIW9Qfk79TKUsv9UfoS/T6Ejq70uts3HXIAHBMKo6g1lSUp1RAFzdxB4Q7mHKp4KblFN24U3IHo3Wt1KvK/80P5Pn5eS5fusy7Z95heWUF27LZuWsne/fucQdcNSwsLKAsxU9/+lN3cDcV/jphHVeAdTWPtm1XBlqVUmQyGfbu2cPPffnLnD51iuWlZb7//R9w5Ogc+/btI5VKsbS0xEcXL/LhhxfYtWsXT544wbFjx9i2fXtocrt37+axxx5jYnKSdDqFUqrcdNWHtvdYVMpiz57djI2NVV6N7e7da7NzcJIHJw6yc3Cy8gpojUZrXX6l8zpzm4ucWU6xWcpXiuqUbSRjpTgwMs1mqcDF1Tlu51cZsNNMpEc4PLqHnYPbSCmbglNkvbjJRinPeHqYI+MHGLBSXFybYym3xpsL7/PszuMUnRLXsvO8t3yZQTvNscl7ODy6h59kzqOUIu8U2CzlyZUKjNiDLfULhbuF6kxPS0Fwr9+wEH8IgK5+75shaFlep8VLqXF/T1HtWxAM41KTgAqIVH0O6lYcGFZE1a3cNIVlhzY4Q71anIi4Cg/9JYhffmI4ycEEahOO3APPsx+fHdXOFK2fIVqbvUDcOEPZYC/BeOLyG6pDlf9REfZT6cDUtjt17W8IDTPSq80QYS+VdHzZ9WXTtCI1vLwNQhPGFZFu2PweeIHQZD+JV0jUFj1qAnt0+X0XriQciNemWBO2bw/OYOhdpkm9MehP4/IbwhpMehOeoeb34IypPya98ZmxP+ex9CaJ/pj0ZsvoT222ovSncfkbhHUnlOk7/akP/Tlvr/4Y9Kav9ScQmvSmbfoTvEB79Kehv9OS/tSH/py3V3/i6k0wHqE//u+jQpP+VFKMsJ+k/k5IFYSGxiuY9CfYYAa9CdpBbL1JoD+EN38i/YlFE3rTan/LqDfB552Xg9b8nbrq6JG/07reBO0sQn9CihPUm8B4YQy98Ze7/E/f+Dsx9Sfg53S+vxVDb3yhyd+J1Ju29bci7MdXzrp4bg3r8hvozBB6Ym+wIgD47/7e82wf/y6//sq75JQmXcy5q3YdSFvKHRDWkLIsbCCtHSztrvpNWxaq6GCTxnYUUCJFCssCWykGKaBwXwdtO25hlNZgWyhLobCxAGUpbIvyPWBByR04VpYmb2nyloO9oflffv4p/t7zX65tQ195rY3bpG5/hFXYqNz/3etvBfSmZ/5O8/oTS2+EvkdvrqJXF3qdjbsSGQCOiStO3kpYV3l0fh2yi+ANzNY/vVtHayjm0IUNKOaqDnagY6vxa6FZFa9cvsz3v/c9/uaVV9ixYwdPPPkkRx98kAMHDjA6OopSikuXLlEsFhgcGPCt7g1myx0IjUiueizg7T9s29VVwLZts33HDr74xS+SslP84Pvf543XX2d1ZYX1h9bIZDLcvHmTy5cvA5rHHn+cZz7xDPfNzDA0NESpVMK2bVJ2Ctt2B3t379nDEyeeZPfu3ZVVxEmxlcW+4Sme2HE/+4en6/YALjhFFnIrfLBylYyVrllx7Wh3lfBwapBHth9mJZ9lo5RjbmOR5fw6y/l1SuVJAw668vrnglNkND3ModHd7Bya5NzqVX544zRnl6/w3vIlFvOrXM8uMLexwNGJg3x616PsGtzOcGqAtOUOJHsDwPW7NgtCCKYZyY4GS5VnubodqPDQUz7zjHX/8VTCsmz4ZgBqVRtvxsHT+DphxhnCESsQkq5ICIbGGcLUx70Mx3boY1aCP4w6NqJDUb2M137h8aZWyDQxIxW//YTFk6zICpTXMz/PkLwOrXdwnPZOugdws3tUVeIRM4STlL8p+zOlqxvbC5X2p15/Gs1IDoZNzVCu15+26U2I/iRq/xb1Rvny0Uh/qgWg6fLXXK5d9lchhv000f6JV2BF6U9QbxqVvym9aWA/JNSfhnoTtL8Y9tOo3DHK31n7a6w3NKs3CfWHgL21z98x6E0j/UnU/k36O+XnUVB/Kv/tWvsbjo2dvkl/Wnj+dMPfiV3+qp/RVv1pZC8x7C9Sb8LKFOOw+vIbwqQY0zfpT4t6E2V/Mf2div74WjxpwU16U/N9VPu3TW+8um5gP93Wm7BzI9Kv1xvv8+7oTU3/vIHeVO7VRv2thvebWW9q4531d6r2EsN+/NG2P29iEpF+vd5Qbqbu+Dtxf98J0x9rbR4u/JjSzCfRY9Ohxf+HP/s5Du2c4t/++Q+5tZ5H4Q74bjqaNDbKcUhrm4xlkwZwHFJKkdYaSzukdAk0WMrBVhYpDRYWRcvNia0syDuVNzm6BXHc1zyj0bqErTSWpdDaQWv3O8uyyNhpxtIpfu6LH+PQsWMVOw+2u9pcwV44H3/f3wTtX3dshP2Z9Kbf9aepe0foK3RuHb10s9fZuGuRAeC4KAtSGfevZYHjwMYSeukq5NfdVblx9/VNgi6hc2uwueIOOGsHrBQqPUDNdCHfj8CacG10HIf33nuP7738MtlslqefeYbPPvcc+w/sZ2hoqDIo6zgOpZLjSr9SKFW/B7A7AFwdZtQNxNgpPyRRilR5BbD/NdCWZTE0NMT27dvYs2cPJadEZiDDysoKjuMwODjIiRMn2LV7Nzt27GBiYoKBgYHKuZlMhuHhIYaHhrAsi41sltu3bzM9NQUJB4A1uryCN86x4c9eXf4DkFYpntjxAIdGd3Nzc4mP1m7wNzdOcXTiAIN2mu0DYyzl18gWN1FKMWIPMpkZZd/QFD+z82Fm1+d57da7/M2N04ykBtks5RlPj3Bs4hCPbDvMaGqQIXuAIXugOgDsuK/CFoRI/DOStRtXUDMjtGZFMNUZgwp8/ll1BmD5xGq8koAbVn50CqYfGq9mNfSniqBjHRb3FzcYKn/ozQAOiVfKrmvDcmGiZqQTOK8SN00prmQwWOpAPGEHs+5q1eZqHFYuF3dGcPwZ6V6FN4yHGURNATBluDGBy8ZdERBsHuXdO+VfNGrileObn5FutB//SHFN6B0Wetc0KJAhLFNnP6bk/fZAA/sxzgiOuSKmgd54xzUsUAO9iUNivakJ4+pNQv0JOc5kP+YlDR4R9pNUb4LxpHpj1J+YehNXf0wtd5fojdF+om94X26hrsXbpDfeF6HZoIG9dEJvDPoTGibwd0LZ4v6OUW/i6k+b/J262zmu/rRhBZ5X4cF4TWi8IbaC/oTYTZv8HbPueIf1QH+ggTma9Cem3vgyZtSfJAUy6U9cYupNMB6pP+V/m33DksleWvd3YuhPjOqqxE36E3LZWr2h7XpTE29abyLsJ8IsTXpTiTdstn7sXwX1xstwRH0YMPk7sfWnZ/6OFzXoTQP9sVZn4cIPKd33M+jR8EHgTzz2KN+aOcz/8Uff4c/P3qLoaJRSFLUGB6ySxlYl0kqj0KSUjV0sYgEDloOt3FW/ShdJocCBrOOWWVHCQmEpjY0Cx7UTVSpXOE55r2DLyzHuLomajx/Yzle+/BxDo6OYDNfKrZFa/BBrfb5WDNwWr433jb/Tr/qDsEXRuXX07bleZ+OuRgaA46IsVGYUNTAG6WEoZNHFTfT6PM7Nc1iZUdT4HndwOOqpngBdzKOXLqPXb1Vf+5wZRg1NgmWXDyoPOJadoTBN9PbKXVxcZG5ujvGxMSYmJpienmZwcLDy+mOAUqlEvlBAO+VXW9Q9pNzrOaUSaHfA1CnvrRuWbqm8t7AClGWhKg9Ol9zmJh+e/5DLly5TKBR48sST7Nq9m5Hh4coA8NjYGNu2b2egvCrZQylFKpViamqKA/ccZHZ2llu3bnH+/fc5ePAgQ8PD5rrVmkI+j2XbpFKpct25fxwcHHTDgVR3pa9THuB2z3a0puAUccr7RGs0uwYnOTiyk2emH+InCx8wu7HIKzdOM2BnOD55Lwu5VbLFHBaKoVSGQTvNaHqQhybu4fDYHn6y+AHvLl/CVhZj6WGennqQ+8b2MJ4exlKKITvDaHqIhc1lNkt5Not5HDr5WnLhTkF7HWncmXdKV/f6DVsR7HV4qr6XRmn/mqHKFzhO1b8POqbmDJHI4fWnZwxjowPpmVZIVBNwP04wIzkq1G5Hovb3dDdflTjVTq8vGhIGK0xV8lwb94XNzNhsagVe1X7wx331r7ve/ob0Yqev6+K1dl9t52A8vP1jrpAw2p+/juuzH1qcmvKqapl8Z9TZTysrMOPYX5T91KxIqG+WRMRp77BzmkoweIJJb3zfE6P9m9Ybg/5E2Y+x/I31hmb1Jkp/Iuyl8QoFotv/TtebKP2J/byLoT8Ny68qZfKdUWlnOqU3ofZn0huz/sSipfY3hAkSD9WbEH+nufbvkP6Uy1l5vnVbf5KsgAqJ1/o7Vf3pfvsb0kugP2UzqY030ptg2Fb9IXD9xvoT9Tf3BgAAIABJREFUXf6Y+pNEb2Lrj3f5gL20qjeJyh9WYb7PWk7frDeV72mzvxMM4+hNsKARehOMJ9afpvTG7O/U2U+N/pC8vdvW/q2m34S/Q1i7d1pvfIUK0Ze6eAWvnb1z26A/Lfs71eJ00t+xlq7B+R9SOvQMemJ36KUmRsf4t//4F3nu9bf4D999i/O3Nyk6uAOzjsKyoKAcFGBTdPf2xSKri1jKGyRWpCwb5ShS3sAukLIUlnbb2lLub7kKd1hTKdzvKm2juXfHEF/95HEefezRQGFrQ7WxTGrxQ9TqDe/2p/O/7/jid/vvO0JfoDdXZeVvHyADwHGxbBgcRw1tQw1NoIs5KOXRG0s4V96EgXHswTHIjFYHZltFlyC/jnPrA/TKnLvKGNxB6NFpsNJ4r1d2tK5KfYgwegOxhXyBfC4HY2PuF6r+mLW1NZaXblMsFtE63Al2HIdiqYRG4zglSqWisRjuALA7IKksVTfpa2Nzk/fee4+zZ8+ykc2yf/8BDh0+xODgIN5KYaXcV2yEDchalsXuPXt48MGH+PD8hywuLnD69GkeffxxhoeHK6uF/RSLRTY3N1leWmJkZISJyUmUUuW6dFc/O7o8CBxSoRr39c2Odv/qcljSDnmnSLG8OrqkHYZSA+wfnua5PY9RcIq8Pn+Ov51/j8nMCMP2AIv5VbKlHJayGLYHSFsp0laKfcM7ODy2l91D2/lwdRaN5vDoXh6cPMj+kanKa6cH7QxjqSFuscRGKU+2tBl7FbNwt+PNeizflOWZearyo5Rpxmh5PBjfjEGvP+MLCfu8krJ7nuf7udevfhmM14Q1V/DFwzpUdR2sBj2QwIxN4x555ePNM9S904Lx8OJUQhUeEoyHVQdhxVL18dArGBKOyJDX/pV4eWaol655xqiXreAKiZihr5j+kvib19jctWfUxmsaqN4e6pZcBcPADRB3hUL9jHWvur3vQ1urPgzLbqDEjeJGg4y8QjkMa7AGOa6zn9gz1A32E9CfmtvfEPpLYtSfUGLqT2QOfPbQtN4EQ+8yEfYT93YPnFeJRxarO3oTvSLPpDfBFRLRehO0N5Pe1P2eV0eH9CaG/kTqTVz9MWQ3tv5ECloTetNAf2LrTYi/E643wRUSCfXHpDdx9SfU3wmEzehNxIrw+P7O1tYf05540fpDNV6Tre7pTyU00rr+NL8np1fNvdUf84UrGWx8QkTDNb8HecA+MOlPA90x6I+/JJ3pb7VBf0x6E7SfpHoTDBPqTR2x9SYYj9Afk73E0R8a2Eud/iTUm0BJEutN3P5WXH85qb9TsTuvunutNyo8brpCm/yd4PMtvr/TPb2xVmbhw7/BufcpnO33mK7Ic089wXNPPcEfvPR9/p9X3+PSch7bslEO7mudHV0Z2LWVdqvKchf52EqR0qDRpDVYSmGjsLS7+tcC7HJKtuWmpx2NwsLCYfdYhq8+dYQvfPqTkfZvZedJLVzAyi5U6r97v+940QjduaN+3xH6Eb2+JHv+9gkyABwXZaMGxlGjO1Gju9DZRXcAOLdG6cNXIDWAGprA2nkUMuZVp4ko5NBrN9Fz76BXfUvlh7ahJg6Aty+t1uiSg3a0+7QKUUGlFJlMhsGhQdKZDGtra9xeXGTp9hKjo6OkUilKpRLLS8t8+MEHnD51muxGFsdxcEqluisWi+5gsnbcB2KpVAodnNVaUywU3NXCBpxSidWVFRbm55mfn+dHr73GwsI809PTlT2D0+k0wyMjjI+PMzo6WrMKGGDvvn2ceOop5uauc+qnpzj5k5M88sijZNJp9h84UHf88vIyV69c4ezZszzwwAM89vjjlfw6WpcHd53ySt5w3GOdympbrTUlp+QOAJcH671rjaQHeXrqQTZLBbLFHK/Pn+XlubeZz61wz8guNot50laK4dQgGSuFwn3FyOHRPTy54wjXsvPYyubAyDT3je5je2a8ko8BO81oagiAjeImK4XqHsOC0BDtOsSuA6/KK3+pdOiV1jjljlPjGaae6mgcXT5eux36sBmDlev5eg7a15PQDmDh8/BCM0/tt9WZuZWyleNu2KYVCIHQK3klXtbB6goVje+wYBHi97jjoiPCqPRj47VnIJ5khVacGagRIQH7M63Qqi+baQWC73ui27+lFQo+A216D7z6YhnKazi23R2o2Ol77e6l31z7J1oRGmJvbrqeuYbYU6v602a9qdOfit4Y9MffEP2oNwnTr9eb8ufN6k1T+hOtN9V72Wc/NeU16U+1ApvSm0b6E2JvkSsQohqly+3favp1elN5XDWpP0lWSFTszKc3CfQnlt4kbP/26Q9bU39iXt7s75SP65K/E1d/wsrWFX8ntv011puu6U+rNEq/gd5U/R3v8Db5O/6wRX8nVG+Cce2ZU0j7d0Bv6lZcdltvgiS1t9jpG/QmGA/qT0f8nWpYZy9J9SZEf5pr/1afd431x0iretO1551Bb+r0p7P+TtjvO2H6E1ZQtXoD+/zfwP41nL3HDBXh8ve/8Bn+/hc+w5/94DX+5I1z/PjysrtUV2v399+y1ti2Alvj2ApbK/KOg1YlbG1hlSeTWMopvwZaYeH+DpbCQpd/E35y3zZ+7vEjPPfM09W8NGh/a/kaqdsfoTZX6le+JqVr9tdYb5r+fSeh/hCMJ/B3hP5Cr9xCZ1d6nQ2hjAwAx0UpsNOoiX1Yu46ib19C5zfAKaDXbuJcPQnpIUhlUNvucVfpNot2oJjHuXGG0oW/wbl1Hr2xXMmHGtuFNTWDSg2iAa2rr2DW1K64rWZfYds2Bw8e5NFHH+X8+fO8//77/OWLL/LgQw8yNDREPp9naWmZpaVl9uzdw8WLF1hbXeX9c+9z7uxZOHqUqakpAErFIvl8nsrK4kL4vrPeq6dL5UHkUrE+bwMDAxy+7z4uXrzI3Nwcr732Gu+++25loNey3LxnBgYYHxtn+47t7D9wgPvuu48DBw6glGJkZIR77r2Hz33+82TSGU6dOsX3v/89Ll++xKHDh5mamiKTyeA4DktLSyzMz7O+vs74eHU/Yadcf+5D30Jh4RifKrq8UhhsZZG2U6AUeadI3imiUKQtm6J2y5tSNpOZUY5N3sNyfo2La3Ms5lY5ufgB85vL3NxcYsjOMGBnSCl3BblCcWBkmo/tuJ9Xb77DRGaE45OHmBqcYMAb/AeG7AEmM6MM2BlK2iFbzDccuBaECmVnHOW5We6sR62o3/tXga4469UZf7V+mqoNfcf7w8pMQuNMRGrjZYLdheCE4dC4MRcNkldeGbXveG8GsS/u70kGV0BUjm/ggceaUhx2vlch1Q5VmEMfrK+6eKC54swArwmNK16qoVfjofGIGaiRYdIZsMFvA5czzcA1hmHNVfk+xF6otYu4KyCMLRCwv2qH2mAvwXgl/fDqirSfkOQT2U9l5nkgbrIXn6HW6o8vrG2h2jCh3hgrJEJvgmfH05tgdsx6Ewxr9KeR/bRdbxLqj0lv4upPnb0l1B9fRTelP8bnnS9eQ2NBSaw/cZqvcnyI/QRXdibVn9AbPkx/PKL0JqH+xEi+sd4Ew17pD43j1QqrjcXUH2MuDObef/rjEaU/tbVlOtvc/hH2EgyNeuMd16T+mFusNtyS/k4M/THYSyz9CW0pjyj9qS1/7/TGYD8N9KYSb9RiLfo7/aE3XroG/WmL3hjsJ0xvguboq686+zHpTVz9CdObJPrTNn/HlOGg/dRi1BuTOQbDhs3mtX8D+/H678ofj68/8f0dg/2Y9CZQvR7t1x+D3gTjPrvxMujZn0l/atvfECbWn1qUBjaXSF34IaWN25T2Pw4DIw3P+cqnP8FXPv0JLl65xl+/dYrvv3eFN6+u4i1wcEoW2BqVVigv/5ZC42Ap9y2TVrn8lqVwFGjH4cld4zz7wAE+89hxDu7ZF9H+ZXtycti3L2MvfYQqFcvlvhP1J+HvO13SH6E/0IVN9Mo8FHK9zorgQwaAk6AUamIvas9x1NWT6Pw6FDaglMeZfx9KOdTwNqxiHrYddAeB7TQE9rw1oh0oFdD5dfTKHKWLr1I69xJ6+RoUN8GyUQOjqIl9qB33QioDgJ1KsW37Nvbu20s6nSGdyRiyr5iZmeEzn/0MqZTN8vIKb735JtlslpGREbw9cXfv2c2TJ06wsrzCwsICK6srzM7OsmfP3soAcGZggMnJSQ4cOMCOqR2kMxmU4WFuWTbbtm3j4MEDTE9PMzQ0hNa6cnxmYIBDh+7l4MGDvP/++8zNzTF3/TqpVIrKa5kdh0J5JfHw8DAPPXyMz3/+C0xMTDA6Oko6nWbHjh18/OmnKw/x06dPs7iwyJUrVzhw4ADDwyM42uHWzZtsbGwwNjbGgw89xNTUNCiF1g7bB8Z4YHw/trLYPbSNASuNIqxcipSymR6c4P7x/eRKeaYHJkhZNlMD4xwe201Rl9iWGSNju7eZpSwOjOzkqWmH91eucn51lo1ijo1ijonMCNsyo2wfGCPjG9zdOTjJw5OHeHT7fUwPTvKxHfcznh7G9tnU9oEx7h/fx2oxy97hKQbtjLsPhiBEogmuyPXP0FO+0L8SuGZFsOcElvcMr5mRV/eDXmR26j3ROOc0CmMkV4mXHVsv7+EzlAPx4AzksJnIcUMNdSu0Kp1abzZmoGCVKeCNq6c+Xm6/yuf17R9rhnCjGaC+GjPOIG/Y4YlhPwnaO5KE9lcx8XKkNrcGe4lo71b3ADbZS7U4vkJ5BWjQj420H8/8DO3fMIwxQ7jOfhrOAK67o2loP4377+Ht34Le1F2qRm9i6o9Jb5rRnTC9MaxIr8l0Tbnj6o9Jbyg3Y0z9SbICIUp/Eg5o15bbECahRfvrif4E9cb7EbZOf0L0JhhPpD8Gvekr/UmI6E+93hhWpNdkukF5G+pNJ/Qnws6S6U9IaCpgM/YWdq0E/k4wfZPeBOOJ9CfKblrxd4LxbutNHP0J1ZuqvdXpTyP/Jopu6w0B7yyW3nhfd9ffqVRHnb9TG5qtqzf+TkP9uaP8nbh644uH6U1Cf6f1/lZtGFwRGq0/ydq/u/2tCJpt/1IB++rbqNV5nP2P4Ewdjkzq0IF9/NMD+/invwDr2Sxvnz3Pu5euc+HGbS4srLCwWWBxLU+2UAQblCoyMpBicjDFvvFh9k+OcP/eaY7s38PxmRlGhwJv9vQaxnBjWOu3sJevYK/OVb9JoD916bRNfyLCFvXH5O/4KqB3+iN0Hb22iF673etsCCEoHbZsUzBT2MC5fYnSyT+g9NFr6Pnz7ufKgvSguzp3+gjW/sex7vs01vi+eK+E1o77SumV6zhz71I6+xc4N95z9/4t5UE7qIExrANPYD/yX2Af+VmwbLSGjY0NLn30ESsrK9i2zX0zM4yNjZFK1Y/vb25usrKywo25Oa5eucLNmzex7RST27axc9dOdu/ezejoKGi4cfMGKysraEezf/9+tm/fxvCIO/tq/tYt5uZusLa2yujoKFPT0+zYsYN0Ol2TXqlUIpvNcv36deZvzTMyMszuPXvYtWtX5Zi1tTV++vZP+clbb3Hp0iUOHDjA3n37mJ6eIp1K4zgO69ksV69e4eRPfsI777xDIV/gk5/6FF/++Z/nsccfY2xszB0s1pr19XVu377N3PU5FhcWWFlZoVgsYts2Q0NDTE1PsW3bNiYnJxkdG2NgYIB0Oo0GFnLLLORWsJTFeHqYifQIGStd2W+30lxak3eKLBXWWMln0WgmM6OMpodYzK2QKxUAGEsPM5oaYjhVXWWcc/Lc3FwmXyqggZSy0GhsZbF9YIyh8j7A4D5Gc6UCNzeXSFs2o6lhhlMDNQPAa8UNVvJZssUcg6l0JU1bBoGFCG7+6rjrnqnyG5fx9vb1VgBX3TcViFuq1r1T5X+9Dr3Xn/Bfz+/neZ975wb9P9Pk0IbdjZoOhZuB6nWieh5tCLWv4DUdqmAGTfEWidOhauJyUfE6f94fGrLVbOgRGm9r+U0pRrR3rBniUaFHRLyZH5DbSZzbwZz71u0hRvXHtZ/Wyx9M0Gv/YIod1puGEyi6oDfd1J8m2r/jetN0+WOlWBv2XH/aWf4m2AL649F+/THoTV/rT5vpkf608vzpH/2JqzfBeET7t8W+PCLsp9t6kzD9tutNMIxhbx5d05+6FLqhN0H782iz/twFetPQfnxfGG/32LRJb7qpPx1u/0ji3B7xD2+P3nRTfzTozDDO9P04ex9GD28LuWIHwxj+jipsYC9fw16+iipu0M/6E6WW/aw/PXneC7HRuXX06iIU873Oyl3D+X/9o0THywBwUrSD3lzGufKWO0j74Q/QmyvglFwFtFKokR2obfdiHTyBNXU/anK/uxo4PQypAXclL6C1A04R8ln05jJ66Sp68QLOzXM4V3+CXl9wB38BUoOobQdIHf8a1uFPYu16sJKlUqnE5uYmpVIJpRSDg4OV1bNhOI5DLpdj6fYSy8vLlEpFhoaHGR8fZ2Jiwh0M1Zp8Pk8ul8NxHIaGhkin0li2O6iYz+cp5PM4joNl26RSKTIhq4C9V0Tn83mKxSKWZZHJZMiUVymvrq5y6dIl/vIvXqRYLLJ7z26OHTvGzl27GBsbw7ZttKPJ5XPcXlzk7bff5kevvcaPXvsRR44e5Ytf+hKf/8LnmZqawrbtmjJms1nWVtdYW1+jkHfrMZPJMDE5yejoKIODg/XNS+2swvDVv96x1D/xymVG1Z4ZvI5Tvu2UUr7nmI5MMzwfupohlfx84e7lxjfHUKpsuuWVvspyPTmlfCHuut/Kq5PKxlaNu7i3f+2rlLzzaz8vH+tzoOvi3ohxgEbWbXJgPVnqhUPrz3csh7aPOpS16cft0rWjQ+ULk3TQ6+LJyu8l208d6mDtmuJN0VH7i2EvoQMYcdq/1dArf1VvutKBDoYd0Ju4+mPMYDfptt7E0Z8k9nMH6k0i+0lKR/UmSD/pTdDeCDRIc+VPrD9NtH/H9aab+pMo/S7pjfg7sfydttAX+tNFvQnaR5snaLRFf1osnUfT+tNNEqXfBv3puN5E2E+c7MW4ei/0pi3m0VW9CRK8wbqpP2Ui/Z3m9ccZmcLZeT/Ozgdg0LDlYhfrX5XyWCvXsVZnsTaWaovXk/aPSLcu/biK2k/6I/QbOr8B60voXLbXWbnrSDoALK+AToqy3JW4+z8G6/OwModz8yw6t+YO5pYK6NUb6I1l9NpN9NQMamoGa3QnDG9DDY6DnUGjwCmiCxvo7G1YmXWvc/syenUOnVstDypb5b2H92LtfhjrwBNYE/tqsmTbNiMjjfdF8GNZFkNDQwwNDbFn757wYirFwMBAZX/cIP5B3IbVpRSpVCp0NTLAwvw87515l7fefJNjDx/j+PHjHDlyhOGRkbrB5KmpKYaGhrBtmzPvnCG3ucny8lLo/sOWZTE6OuquZk6AIv7wqXIL6IuU/2sYeK/JX+AYFbxIAio5lueikJjqBARvz1+vs6DAff2zAm+Pj+rEhmroXcAb/HX9PuWu8DXuEeNFA7bri1d+nGpEwG9sbU9O055B+Mqsa0Nvskej0Jehuj3OjJsceRmMcIATdjDqruY1X1RYuVxgzynjHjG+sOa8+HtU1cRN9hO5JyeNCVw2mFzQ/upyU9Nshj3LKseH2I9hT6rYe+TFmJHc8MFgql5TdQc+iu7fmfYo85rLtEdVIDTZT4M98bzjGhaoTn/MVRVGYr2pCePqTUL9CTnOZD+J9+AMklRvgvGkemPUn5h6E1d/TC13l+iN0X5i/6DjEYi3SW8a/r5EA3vphN4Y9Cc0bODvhJW/ji3u77S+B3Dt5Zr1d+pu57j6E6Y3SfSngb9TExpviK2gPyF20yZ/x6w73mE90B9oYI4m/YmpN76MGfUnSYFM+hOXmHoTjEfqT/lfo91E+Dsme2nd34mhPzGqqxI36U/IZWv1hrbrTU28ab2JsJ8IszTpTSXesNn6sX8V1BsvwxH1YcDk78TWn575O17UoDdx9afBc97KzmNdnMe5dR5n6j701H3okW2159dkyydYwXjlw7jPm2qoCpvYa3NYqzewNhZrEu2X33fq9CYYVi5n8nf6VX8Q+gSdW0dnV0AGfrcMMgDcDJaNGhzHuvcZSA/C23+Ac+sD9MYyaMdVy2IOvXwNZ30err1NKTWAygyXVwGXB05LJShuuCuACxtQyKKLeXAK4DjuMXYGNbkfe+az2A98HjU1A5n4g739ztWr1zh9+jT5QoHtO3awb/9+MgMDhA2iWpbFrt27eeDIEcbHxxkYHCCTyWBbVujxgiBEUbuHR82ev6oaxwsdXXXewHVwfXvEKJ9TpiOcs9AB3oQOb+WcRmFsdCA9HehwVfcI8o53P44ISRBqt05rf09381WJU+30+qIhYbDCvHYOxn1hsL3DwuB5Te1R5eWs2mXR/qj2Zb9r7W9IL3b6ui5e2yGrtnMwHt7+hj2pgqHR/vx1XJ/90OLUlFdRexMb7KfFPcqS7olXZz81e1TVN0si4rR32DlNJRg8waQ3vu+J0f5N641Bf6Lsx1j+xnqDqb1jtX8D/Ymwl5q47wc90ZuY+hP7eRdDfxqWX1XK5Duj0s7BvTE7tSdeY70x608sWmp/Q5gg8VC9CfF3mmv/DulPuZyV51u39SfW886gN747NKg/3W9/Q3oJ9KdsJrXxRnoTDNuqPwSu31h/ossfU3+S6E1s/fEuH7CXVvUmUfnDKsz3Wcvpm/Wm8j1t9neCYRy9CRY0Qm+C8cT605TemP2dOvup0R+St3fb2r/V9Jvwdwhr907rja9QIfpSF6/gtbN3bhv0p2V/p1qcfvF3rLVbWGu30HPv4kzuR++4F2fyAKTS9ReqSc8QDyagQ0LtYK0vYK3PY6/PQ37NV4yEetPx33d88bv99x2hrehiHjbX0JtrUCz0OjtCQmQAuCmU+6rnsV1Yex9Fry/C4ATO3LvotVuVPXsp5tDFHLACykJbKZSdAivlPgDKr4DWTtFd7RtUtPQQanwP9uGfwbr3aazp+yEzCpYdlqktycZGlqWlJZxSiXQqzcDAAJZl3rs2lUoxUB4g9vYeHjAMGAuCEIUqu2flsDy4W7mfwmaMln+vsvzfl+NaayxL1Ti4/hBd6+/V5qTS1wBV/t4XrwmrZ9TGwzpUXmBVPG7CPU9FcKZmcAanacZw/Qx177RgPLw4lVCFhwTjYdVBWLFUfTz0CoaEIzJUWRnuxcszQ710zTNGvWwFV0jEDH3F9JfE37zVDpbhhLArhM4QDglN9hMw+LgrFOpnrHvV7X0f2lr1YVh2AyVuFDcaZOQVymFYgzXIcZ39xJ6hbrCfMN3B2Fr19hPQn8YLHGLqT2QOfPbQtN4EQ+8yEfYT93YPnFeJRxarO3oTvSLPpDfBFRLRehO0N5Pe1P2eV0eH9CaG/kTqTVz9MWQ3tv5ECloTetNAf2LrTZ3+mPQmuEIiof6Y9Cau/oT6O4GwGb2JWBEe39/Z2vrjtX9y/aEar8lW9/SnEhppXX9C9SZEf+rtx6vm3uqP+cKVDDY+IaLhvPZPrj8B+8CkPw10x6A//pI00p/6Cgu5Qqf0x6Q3QftJqjfBMKHe1BFbb4LxCP0x2Usc/aGBvdTpT0K9CZQksd7E7W/F9ZeT+jsVu/Oqu9d6o8Ljpiu0yd8JPt/i+zv9qDduXOVWsefehbn30MPbcSb3oSf2oEd3oYfGQFkxGzDc3lQxh5W9jZVbRmVvY20uVQteLlD//r4TkYE78vcdof1odH4T8hvuK54LuV5nSGgBGQBuhdQganwv9sxnUZkRsAfRN95FZxfdFb3eQDC4YSmPLlU3xA7VKu+Vz5lR1Pge1O6HsGY+i7XzKAxOdKVY3cSybFIpm2KxSC6XI5fLMTIyUrOfr4fWmrW1NRbmFwDYsWMHB/bvZ3BoqOGgsSAIJsozBEMcaq9D1WhGqar7nMosRm+GoOO4HXvXOQyc7+s56JqeRNkZ9M2Ar+a46p7WfmtYkaDL54TNGNeQeAVCIPSUvBIv/+pfnVCq8R0WrH5Tf6N5h1ZHhFHpx8Zrx0A8yQqtODNQI8KqNeBLt2qHlU5RXdlMKxB83xPd/i2tUPAZqGdvVXvylSkJjdo77Nh2d6Bip++1u5d+c+2faEVoiL359Qaf3lTrvq4bXilgLP1ps97U6U9Fbwz642+IftSbhOnX603582b1pin9idab6r3ss5+a8pr0p1qBTelNI/0JsbfIFQhRjdLl9m81/Tq9qTyumtSfJCskKnbm05sE+hNLbxK2f/v0h62pPzEvb/Z3ysd1yd+Jqz9hZeuKvxPb/hrrTdf0p1Uapd9Ab6r+jnd4m/wdf9iivxOqN8G49swppP07oDd1Ky67rTdBktpb7PQNehOMB/WnI/5ONayzl6R6E6I/zbV/q8+7xvpjpFW96drzzqA3dfrTWX+n0e87fv0JK6hJb9yoQX/QkF3Azi6gr52C9ADOwDiMTaGHtsHQODozCpkhdGoQZaXQluVWSqmIcopQzGEVN6GwgVXIQn4NK7cKpUIgh14Zwurfq+eIMClds7/GetP07zsJ9YdgPIG/IyRFuxWrHXSp5G5rWiy4W5sWcjLge4chA8CtYmfc/Xkf+Dxqz8M4V3+CM/s2ztwZ9O0rUNxMcDHlDiqP7cI+9CzWPR/H2v2wu3dweqhjRegl0zunuefee3nn9Dtcu3aNK5evMDY6Rjpd+/oOrTWFQoHTp07xgx/8gMGhIe5/4AGOHD3KoGGfYkEQolAVH0uBb4Zo2fH2zQx03a/KF25cK5QFoTMRvdBLJyw0zkSkNm7KfcChDY2bU4+YCOnNSPeO92YQ++L+nmRwBQTVGcdGD7zpGallfB2qMIc+2L2qi/uaqSZsnOtqaFzx4rOXSt2FxKOmxEaFSWfABr81mGPwbGMY1lyV70PshVq7iLsCwtgCAfurdqgN9hKMV9IPr65I+wlJPpH9GFe8GOw/hE9ZAAAgAElEQVTFZ6ievXVWbwwVEqE3wbPj6U0wO2a9CYY1+tPIftquNwn1x6Q3cfWnzt4S6k/weZZUf4zPOV+8hsaCklh/4jRf5fgQ+wmu7EyqP6E3fJj+eETpTUL9iZF8Y70Jhr3SHxrHqxVWG4upP8ZcGMy9//THI0p/amvLdLa5/SPsJRga9cY7rkn9MbdYbbgl/Z0Y+mOwl1j6E9pSHlH6U1v+3umNwX4a6E0l3qjFWvR3+kNvvHQN+tMWvTHYT5jeBM3RV1919mPSm7j6E6Y3SfSnbf6OKcNB+6nFqDcmcwyGDZvNa/8G9uP135U/Hl9/4vs7Bvsx6U2gej3arz8GvQnGfXbjZdCzP5P+1La/IUysP7W0RX+KOeziLVi/Fbw6tQ5ESNw4gO2LN26BJsMyrepPq7lpwv5MtdkUcTIqCEJTKK213ELtQGsobqJXZnGWrqGXrqBvX0KvXkevuXsE6HwWChvl1z0rsG33Nc+ZURgcR43udP+O78Gavh+17V7U2E7cEZY7k/n5ed4/d46X/uqvyOcLTO+cZmZmhp07dzI2Po5t2xTyedbW1rl56yaz166xvLzMrl27+djHPsbDxx9GXv8sCM1x45tjeB0hVfboKqHl62hT7XC795uvy6C87paL/34MvnLJf5x7bODzoINvyHezd3xQKkwdrqCD3Sk3P47D7S9zex/WjTs8jTu4bergRHZ4gsd3mIQdjIjSdKSDFbc/FKtD1lIHy5RCgrDVH1gSx9tZ/tYJ1Ztu6k+D6g7qT+uY9MbLUA/0J+GAdttp0f76QX88YulNS+WPm2Iv9Schoj/1etM2/YlhL32nPyFhJ2kxvY7oT5zzQrLbNv2JfcU22EHT9hYsQJN0W28I5L4HehPX32m9OvpJb4L2FqyQthQ4miQ3dIPTo+KJ9Kab+pOo/F3Sm7b2tyJosf2TEktvWmz/TulP65j0p5n2bzUs02v9EYQ7mPP/+keJjpcB4E5RKqDXbqEXP8RZuOD+f30BNm67r5FQClIDqKFtMDLlDvpO3Y+a3Ica3lHe5zfBg3ULs76+zunTp3nzjTd4//33GR8fZ9fOXUxNT5FOpdnc3GBpeZm563OMT4wzMzPDsz/zM+zYsYNUShaxC0KzzH1zvLyXb1ltVHkvX8Aq+2U13wc+Dx6nNTV7AKOr1/X8O+8873MP73M/prkdRmWs8TuDHnX9jN/OdbCDDnUwg6Z4i7S5Q5W4w92FDpVHaLyt5Y/RAe9Yh8ojIt6PPyAHq8ec+450qHs3QzmYYL3+dEVvGk6g6ILedFN/mmj/jutN0+WPlWJt2HP9aWf5m2AL6I9H+/XHoDd9rT9tpkf608rzp3/0J67eBOMR7d8W+/KIsJ9u603C9NuuN8Ewhr15dE1/6lLoht4E7c+jzfpzF+hNQ/vxfWG83WPTJr3ppv50uP0jiXN7xD+8PXrTTf2pyZBJfzqgO5H256ugLaQ/UbntZ/3pyv0mCFsIGQDuF7QGp4gubEIhi86vQ24V8lnQ3grgFGRG3P2DM6OozDDYGffzdj40+pxSqUQ2m2X22jUuXb7MlStXWFleJre5iVIKO5VieHiYffv2cfDgQfbu28e2bdtIp9PI6l9BaJ65/2kMpcpqo9yVvv4VwGh3pW/llUmYVgB7cSpx73ioHXhVPm3zVhZ7Dp2qc6gJHQQ23fWR7rfqvkPrz3Msh7aPOpS16cft0rWjQ+ULk3TQk3a4DNnppw51sHZN8aboqP3FsJfQAYw47d9q6JW/Xm+SkLgDHQy73YE2FaBXHepu600c/UliP3eg3iSyn6R0VG+C9JPeBO2NQIM0V/7E+tNE+3dcb7qpP4nS75LeiL8Ty99pC32hP13Um6B9tHmCRlv0p8XSeTStP90kUfpt0J+O602E/cTJXoyr90Jv2mIeXdWbIMEbrJv6UybS3+mM/iRp/47qT0/bPyLduvTjKmo/6Y8gCB4yANxvaA3acTfTLhXQThG0g0K5G89bKZSVcgd9lcXdKm5aa7LZLCvLK8wvzLO2ukou5244bts2g0NDTE1NsW3bNkZHR7FtWwZ/BaFFmlkBXHOcLstW2Z9DUx44rsaBmkHc4F3b6Lvg93XHJXSwG0tGEw5wx2YkBwtoiCcsfy862C11oIigrzpYwQJ77e/Ralczif15h7W3w1RnP13oYEfZn/dBV35ADtKSvSW9A2K2f1tqNlhAA03qTaPTW9afhNcJ1m5DRG+ib/gk9hOzuJV4OZmG2Wl/qRvrjUF/OkJb7a9NetNN/UlY/rbrT4zit1VvgmwJ/engHZjY3+mC/nSutPX20m29CdJWe4uhN3Hav5N6E0d/GtCy/nRQb2I1X1/pTTAM3gD9qDct6k+Y3nRTf8L0ppv601b7i3tHxGn/VvUnWEBDPGH5W9abYHi3648gbCFkAFgQBEGIxdw3xwiu8EWV9/r1VgCr2s+huqdvdUWwFy+H5c+qceqOIey7EAdPWdQ5fM12qSLnjBj8/2CHy3B4Wzpcpv5F8gGufurwxOwA9drhb3P6iTtkTXSw2toBq7lAsIcfw35aDVueIdwiPe5g9oPetG+FxFbQGy+dBqd3kn7Um27qT8MLmPSnw3qTaEC7Rf1pc/snTj5Mb0L0p+2644V3rP5UarhxfIvrT2K9CYY91J/oDPZSf3wV1E69SVR+eqM/CbPXbv3xSF78KIuL2f5tKVmwBg3xbutNkBbTb1p/+kJvggma9CYY74TeBO3PVKMt0mO9MVVH1/Snwe3eud93fPGe97dinC4IQlPIALAgCIIQi8oKYMqOsHL9MFWOa2pXBFP+zjuuLu451KiKY10ZLC77l8HxXOW/ro/g90GU0cH1nRiIq5Yd27gdLO/jYDy8LG2jyw52nbsf1qFqcwe7YYc7rENlLH/cDlSLHex2dqCi6HWHKmH6ptK2s4OdyH4axOuJqT9d0Ztg6KuQJPaTlD7Rm07+oBdlbya9iV4h0SG9aUp/jDUciAfocvu3mn5X9Kab+hPq77Tj+ZPU/oIV4otvYf2JvDv6WH+iy99L/Yldw4F4gD7XH9OAQpLst1t/PJrSm+AZPdMfrwK7rDdBOmxvTemPIVvtCj2C+tO83gTjLepPEvu5w/QmmH7c0m5tvQnEO3kHyO87W+j3HUG4u5ABYEEQBCEW3h7AANWVvpRX4pb3/C17Vv69fmtWDNfEvWsR+j2+63kepLfSGKVC9gCuXWHsJ0l3rvK5ar1D074OTsSFe9WhiE0vO/B1LRsokCkeKH5Yhybk7I6FYR0aQ+12hJ52oHrZgQ+GBBrEI8J+Io4Oa+92Dxj4ajNaf/pRb7qpP10fMA3EDdnpmv40KG5X9Kev7K+X+kOgQXzxBvaTWG+CoehPB/QmGE+oP03ZU7BApngt/eDv1BU/Zu22hb7UG49O6k0wpNogW0xv4upPvAwGT2gzLaWfVGGTtH+n9CdQ/DC9CdGfbupNXP1pCz21P4Pe1OlPB1sgsf7U0o/646vd6Oa7K/Snmfbvjv4Iwt2EDAALgiAIsZj75njFfars+Vv+QJX/Ce4JrHB9NwWVD7xjVSWuqvHy8R5Bd63Rd8Hvaz73pR/XwTVdy5xChAPcdsc2oQMcMQO15Q5UVBijQxW3Npui2x2qROk30WFqRwc7UYepxQ54GzrUiTrcvi96MgO4qx36hHrTqxU3TehPW/Wmm/rT1fZvNf0O6E9s+wtmOG48vLiVeBPtL/rTLL3Un2CBvWiX9SYYNmFvDWqzPfrTTZrSm2C8zfqTxH62gN4E7c2kN3Xjx52gL/TGS6+TemOwnzC9CZqjL8dt15822J+pdmPR1fZPmn7wBuiA/jT9vAsWoHHxjPEe6E9NbTXQn963f6vpx7CXvutv1Yb9qD+m2myKXuuPIGwhZABYEARBiMWtW7cAUEpR2be3wf8bfdYoNH1mOsb0fZzPG9HMOYIgCIIgCIIgCIIgCIIgCILQa95+52Ki463oQwRBEIS7lXbPEZI5R4IgCIIgCIIgCIIgCIIgCILQWWQAWBAEQegISQd7ZXBYEARBEARBEARBEARBEARBEFpHBoAFQRCERMhArSAIgiAIgiAIgiAIgiAIgiD0LzIALAiCcJdiGsiVAV5BEARBEARBEARBEARBEARB2LrIALAgCILQ1KBv8BwZOBYEQRAEQRAEQRAEQRAEQRCE3iMDwIIgCELPkEFjQRAEQRAEQRAEQRAEQRAEQWgvMgAsCIIgRNJooLYXK4Fl4FgQBEEQBEEQBEEQBEEQBEEQwpEBYEEQBEEQBEEQBEEQBEEQBEEQBEEQhDsEGQAWBEG4y/GvpjX9v1f0Qx4EQRAEQRAEQRAEQRAEQRAEYSshA8CCIAiCIAiCIAiCIAiCIAiCIAiCIAh3CDIALAiCIAiCIAiCIAiCIAiCIAiCIAiCcIeQ6nUGBEEQBOFOQmuNozXacUPQyJusBT9KASgspVBWOXQ/vDNwSlDKQ6kATtGNa6fXuRKaRVlg2WClwE6DnXHjdwCi13cHd7Lmig3Xcye3tyAIgiAIgiAIQhJkAFgQBEGIjda6qR/Rmj1vK1FyHJySU/4BVhDMuCaiKWkN5XFRSyks28K2tvDLWQpZKGy6A7/CnYN2oOS47VrYcD+z05AehPRwb/PWJKLXdxd3ouaKDZu5E9tbEARBEARBEAShGWQAWBAEQegqd9pgcKnkUHJKd/2KG6E1HK1xiiVKqoRt2dj2FvqROp+F/Lqs8r2bKBXcv7l1yIxAZmsMBIteCx5bVXPFhptjq7a3IAiCIAiCIAhCK8gAsCAIgiA0gaM1xWIJLb/CCm1EayiWSpQch1TKxurnyRKlAuRWZcXv3Yx2XBsobsLAmLsyuA8RvRZMbBXNFRtuD1ulvQVBEARBEARBENqBTH0VBEEQGiI/NtZTKjkUCkWpG6FjaK0pFIqUSn26qjafheyiDP4KLqWCaw/5bK9zUofotRCHftZcseH208/tLQiCIAiCIAiC0C5kAFgQBEHoG7bCj5vFUoliqdTrbAh3CX1pb7k1d9WnIATJrbr20Sf05f0j9DX9ZjP9lp87DalfQRAEQRAEQRDuZGQAWBAEQRBiUiyVZLWI0HVKJad/fqDOrbn7/QqCifx6XwwCi14LzdIvmis23B36pb0FQRAEQRAEQRDajQwAC4Ig3MVshRW3/UKp5MgPsULP6Av7y2dl8FeIR369p6+D7ov7RdjS9NqGep3+3YbUtyAIgiAIgiAIdyIyACwIgiAIEThay+oQoecUSyWcXk3aKBXktc9CMnKrPdkjWvRaaBe90lyx4d7Q02esIAiCIAiCIAhCB5ABYEEQBAHozGrgO2WFcbEoP8QK/UHPbFEGf4Vm6IHdiF4L7aQX9iQ23Duk7gVBEARBEARBuJOQAWBBEARBaECp5NwxA9nC1kdr3f3XVOazPVnJKdwBlApdfRW06LXQbrqtuWLDvaUnz1hBEARBEARBEIQOIQPAgiAIgtCAkiOrQYT+ous2Kfv+Cq3QRfsRvRY6QTftSmy490gbCIIgCIIgCIJwpyADwIIgCELT3OmrVEqOwx1eRGELorVrm12hkAUtq6GEFtCOa0cdRvRa6BTd0lyx4f6gq89YQRAEQRAEQRCEDiIDwIIgCIJgwJHXAAp9Stdss7DZnXSEO5su2JHotdBJumFfYsP9g7SFIAiCIAiCIAh3AjIALAiCICTmTl/5C24ZnbugnMLWxNG68/ehU5K9f4X2UCq49tQhRK+FTtNpzRUb7i+68owVBEEQBEEQBEHoMDIALAiCIAghyA+xQr/TcRst5Tt7feHuooP2JHotdINO2pnYcP8hbSIIgiAIgiAIwlZHBoAFQRAEIQTtyA9/Qn/TcRuV1b9CO+mgPYleC92gk3YmNtx/SJsIgiAIgiAIgrDVkQFgQRAEQQhBVn4I/U7HbdQpdvb6wt1FB+1J9FroBrIC+O5C2kQQBEEQBEEQhK2ODAALgiAIdci+ZwBSB0K/04U9gAWhXXTUnkSvhW7QSTsTG+4/pE0EQRAEQRAEQdjapHqdAUEQBEHoRzoyBl68xdmfvMepC8ss5cuDIalBpg7s5+nHH2TvqN2BRKtkr57k5beuMrtcgtH9fO14lhd+tOj+/2tPMtXR1DtAMcvqZgHsYcaG0r3OTdfp+DwN7bTvWt8+AWcbfP/JF+ETO9qXXhTv/zb8yW/C330DHuhesm3j2yfg7Gfhn/wamKqtmIdcDlJjMNDV3IXTTnsKXrqj98Isr/zR65zdGObx53+WExNJzj3Hd37nPWbjaOzCm3zrz6+yuudB/tsvHGl8PeNFBjn25S/xbBdvJT54hf/4o0X2PvML/Pz9XUy3B3TSztp77QZ2omyGt03x+M88xbHJzvocWx2ZCykIgiAIgiAIwlZHBoAFQRAEoRvcOsUL373AfB6Gt09wdN9udqTWuXF1nosfnec7H13l2Be/xLM7O5T+wkm+/b1LrKaHOXh0LwcmJhnYDc8+NQ2Z7Yx3KNn2sMzZH73DRxtjPPLcI+z1Pr74Jt/60SI0HDAR+ocT8Jl/DGMhX02HfSi0xIXfdQe5j/42PH88/nknfxeujcFnn4eRzmVvy3DxIh9sAGQ59+4sJ57ZG3VG5xmY4PFHdzNc90WaKbmVBI86OymwcGWOC3M3ePXPXmL173yJp7s5WaAJZk+9yqn5NPc+9RRHR3udG0EQBEEQBEEQhK2FDAALgiDcpWitUUr1Oht3B/oCL333AvOFQY4+9yk+tb/6c+yx40BxljdemWXXdOeyMHtullVtc+jjn+MLh6qrfo4d7Vya7SPPwvVbXF4rcS9UB4B3H3YHsMd29zBvQnxGYeaEecWq0F72fBa+chwm70123uV/764ufkYGgGGZN07foqQGGRvZZPXiRc4/vZeZXj8602McOvrg1ntrg9Bdwuzk6CM8ee57fOtvlzl77ipPf2J/r3IXi5Ubt7h8fZCxRwEZABYEQRAEQRAE4S5HKRV760allOwBLAiCIAidZvWn57mYh+H7Hq4Z/K2Q2suJ557kYAcHFVbWC0Ca4fE76JWPY/s5dvRBju1L9E7WNvARf/K//Ra/dy6b4JwsZ174Lf7HP/+oY7kShBrGDsFDJ2CvLAltmrlznFsC+8ADPH90Aoq3OPPeZq9zJQgtMTw1xjCQX1/vdVYEQRAEQRAEQRCEBAxk4m+BN5BJywpgQRAEQegsm1y8ngUGOXR//JU2Nfv1AvbQGIceeZznjmyvHuTtvfjxz3Fs+U1ePbdMVgNDYxx98hk+dWi4coyXlzN//qecCSZW8wrlEquXT/Ly317nxkYJVJqpmSN8Yfss3/rbRcaOPssvPjWNeW/L+s/PvvSnvHJ9O89+bS8L3z/HB7cLDB95ll98ajurc+/xxptXuXh7k5IG7DS77n+YLzx1D8PA/Osv8sJZb8BlkVd+5095Bdz9Jre7e2ZSyZOb/6Vzr/PyqXnmN8p1N7GdR554khO+wfdqnu5h6YfvcOZmAYDh7Xt5+nNPMTPUqHXu5Utf2cm/+d3f5/e+8Q/4h0dCBvVrW5MzL/w+v3V2J//oXyVcjXm34e3N+5WX4aNfgzMvgrMXDv8yfPVLcOtF+M5vw/JFSD0Ln/kVeMJbE74Av/Ul4N/A1/fBn/6fMHcaUsfhwV+Gnz0R/e6bd/8IXvkj9/rshd3Pw+e+Afsz4MzCf3weVn8J/sUvQ8Z/4iz8X8/D5r+A//4bYAFXvwff/U9uHtgL+38JfiGwqtZZhb/+TTjzMuQXIPMl+Mwvw+NteM3wwovwW79au7+yswov/ns498NyeifgyD+Ezz0Ll8p1D8D34LdOuP/t9v7MfUOJ82dvkCXN0SOHGd5dYO9by8yefYf5h0L28924xBs/fI9Tc66W2RPTPP1pwxrdpXO8/MPznF8suHuyTu/hUw+3OfuV58OnOHTtdX58zc3X8M79fOrTTzK18CYv/aiq87uOP8nzj+0qn3yLV194lTPs5/nnxjj5g/e5vFwCZTO5b4bnPvUgUw3vpQgd1ld55Y/f5OzmBE///c/ySOBeeuWPXudsYZrnfvFZZlT983B4+16e/swTzIz6JjTpRc788CQnL6+SLQH2IHsfeYSfO76XO2jaU3vIO+QAO/DDQWQ9L3jP3Gf4uYnz/NVbt1gqAqlhDn7scb5wdLqmrpP6MUcXX+fHF1bJDu3na8ezvBDiu1R8EL3Ime+9yRvXs+RLgG0zuecQn37mYXY1fH4LgiAIgiAIgiBsXcZGhtnM5WMfKyuABUEQBKGjzLO0AjDMjpiveM5+8Ap/+PIlZjcHOHh0hmeP72WbWuX8377Ct966VXf80qlXeOmqzaHHjnDi6ATDm6uc/eEPeWOZ8muSjzAzCZBm7/EjPPtU+e/xidoxLCD7wav8f9+/yo3NNHuPzvDsw9PY19/h26dWW6oFWOXkX7zD2RWbbbunmRoqQP59Xn7pPBc30uw7MsOzTx1mZtThxtmTfLtczvFDMzz71D3sHQAYZqac90dC3/pc4sbrL/GHf3uDeXuUo8ePcOLoNGMbi5x8+bu8eCG4cm+Vk39xksv2Lk48NcOx3Wmyi7O8/NIpliJKM3Tsq/zqf7Wdt3/n9yNWAruDv7/57nb+0b/6Ko8Nxq2vO5T11fC/TuC4v/7XsPAIfPnfwb374MKvwh//GvzBf3YHg5/7FUi/Cn/9TQguqnZOwX/6TdjxX8JXfg12DsLpfw7/6XuN8/bar8Kf/Zo7sPzcb8Anvw7Lvwm/98/gfB6svfDE8+D8Nvw0cD9ceBmWgWefdwd/z/82/N6vwOph91rPfQNu/yb8378NFT99Af7fr8PJV+Hwv4Sv/Ds4nIO/+iX48UKzNdyAPPzJ1+H0G9X07r8X3vuX8L1z5VdG/0b5Hesn4DO/4cbvv0tXEOff58yVEgxNM7MHUDMcPWDD2nVOXizVHqtv8OqLJzl5fZOB7Xt5/KkZjo6t88Zfvs988Lob5/jOi+9xftFhcv9+Tpy4h4N6npd+eJ3Y7xRwHFbXluv/ZutXJ8+f/BFvrE3wyIkZju5Ik715lZde+i7f/t4Ncrvv4dnju5hMF7hx6nVeuhQol7PID/7yPCtjezjx1GFmJiyWrp7jhT87WV+uCjF0WO3nkZlh0MucPbNce3p5z+XJBx9mRkH+QvV5OHP8CM8e30VmfZaXv/Mq5yv30i1+/Kev8OrFVeyd+1093wmzJ1/nD0OemXcNIXYyf+0dXnx1ljxp7n/gnsqh8erZpTT3U/707XXGZ2Zc+7GzXH791Zq6bsaPefl8FiYmOLh9kJLBdzlxaAzY5NRfvsKrV7MMeO29Z5j8tfN85/ULnalLQRAEQRAEQRCEPmD75BiDA8Ffc+sZHMiwfXJMVgALgiAIQmdZZyWX5PhZ3nx7kbwa4+mvfo5HyitZjj1WXjH17jucOl67Yipr7+L5v/skuxTAgxzgRV44m2X26iYc28+xo2BfOcf5JZttBx/kmLeYb2GdU6eXq+NRlbSHefyrP8uJCS/tG7z6Jz+qXzmciALFyQf5xheOUF0vu4vnfmE/Y2PVAaZjR0YpfesUFy9fZemJaSanZzg2fYuldy8xmxtk79EHqWxbHBwjy7/Pj89twtBefv7vPsXe8iu1Hz/+Dt/+4/NcfusUs4efqu4hTAH74DP84sfLq96O7oIXXuXM0i0u52Eywp8aOvY1/td/8AL/8+/8PvzXYSuBq4O//+R/+JoM/vI9+FbYIOxn4Z/8Wu3ewHv+MXy9vAL16BT8+jfg6svwd/4zHC83zMSqu2L1wizc61sxeztw3EPPwrf/GZz93+HMs3AspGHzb8CrL8LEN+GXyoO4nIAnjsCv/3P467+Amefh0S/C978NP30VTnzJOxlO/i5YvwSPjgGz7qregV+Cf/rLMFC+1tEp+I1fgdNfhyfG4Mwfws0F+MS34ZN7q3lNfwN+/Bfw9Deaq2Yj5+D8Ahz8d/D8s9X0vvTfwMYOGAMeOgQfALOyX/PSmSvc0DA5c6SsGTYzR3fx48uzXDz3PvlDD1Ym0Ky+8w5nVmF45km+4e2pevRhHj/zXX73rdrJApfffJ/ZPOx64nM8f6ysGUePMfPai3znfGAA1kR2lpdemK3/vO6NDJCf+P/Zu/PwqM770OPfmdEOQiCQZMQiFoFkC2xkGy9gkxjHW7wmcRw7ddPYSZqbpde9cdL03ibpbdMlvbX7NL1ZbpvU6XUcO7F9a2M7XnC84QAGDNgsRgIBZhMgkEAIJLSM5v4xktCKJNBoJPH9PI/QmTPved/3nDmcGZ3f/N43j3tvmhO97hakUf/EBnYerSHtkuvb2i8aHc3C3LdvP+S1G6mitpbkduUozCf31ddYtn8Xyz84n9sv6Oai1tfrcNEUcjaVcnDnNg4Xt/b5JBtKDxEOZFBYlAGU887aKhoSMlh42zUUtb4fzljPk0t2se6DavLnZdDwwSY21EB6Qfvr+fnkvPkir5duZeclWUzv25EdWXo6T5LTKVp8JQsntubr9u04t1VbHeKKO9t9Piks5YUlWyhv+3xyBp9jwuksunMRhe2yd3N6+uxCKbsrgPH53H5dy7ldOIeFTYc4XNfHb9pJkiRJ0jCVmz2e8orKHjOBU5KTyM2O/gFlBrAkSTE1ijHJ/SheWc6+OiBncttNUwACkymYmgKRasr3dtwkPS+vJfgbNWFc9GZ97Yl+Zu22tZ3XFvyNtp1DUd7ZRi9TmDWvffAXINQh+EtDDTUnQiQnAZEwTf1tYtchDkYgbWpeW9ABgNTzyc8B6qrY3SG1N4XpBTntHmcxPh2gkZo+HrpoELi7TGCDv121yyrt8POFaPCxvSkzTi0HJ8BogNs7Bm/HtwRNazp/E6BTOZJg/u1AJezc2X3XPtwYzUIumt/x03HyfMgHqt+FI0SHTL5kYXR45YqWMjXLo4HVosXRYcqMYpcAACAASURBVKGPlEazgadcCE3tspyD02AcsLclZXnnEuAayEvvmA09aSHUb+j6BYezNg0mj4e9T8H7O6H1iykJ47se/3NdZAdrttRCWyCyxXkFFGQAFXt4v13i6r4DNXQ3zH/aBZPpOJj3IfYcCgMZ5F/Q/moYIndWDr0NJt8mOYPiy9qN5tD6M28KYzoVTc9uV28gnbQUurafmUY63c0J27mfaRTOySEJOHig0xtRq75eh5NmM39mIhw/yAcHWspUb6GkAkJT8qLBwaMHo+9JmVlMDbfLZA1lcl4aHD0U3XD3gWoghUkTU9plux4nZ/xoaKqhPBYJ9cNBh/NkBlNHA4E0ChdeycJ2UyL09Ti36fz5JLWAi6cmnvp8cgafY9KmF3QI/p7eeeSMBap2sWzjXg7XRadwICGLCV7LJEmSJI1wiYkJ5E3KIStzLCnJSQQCAQKBACnJSWRljiVvUg6JidHcXzOAJUmKqQmMHQMcqqXyENBbckpjM2GAQNenQi3rmjoliaWPGaCMl9O0PXZMGtB1eNG+62YI7EgNO9e8y/Kyamo7R3tH97+FcGPLPIOBzt9vC7Udu3CHY5fG2LH9b6ezrpnAGPztVj+ySjO7K5Tct68uZuR2LZfc8i2McA/zpDS2RPxD3XxbIwhQf2qY6vm3w5o/g3dL4eMFsHYJsBAubZlHu/5Y9HfZn8KPumkruA8ogLpKes6KJhoAHtAM3HS486fw3A/h5bvgZSBpIRT9ASzuw/zI55CGLbvY2QRkjWdqQzU17U6bnOwUqK6l9INy5l+ZCzRG5yCFruddl2tpY8s16NQ1qU2Qvs9Vm5jO9MLzu85D3I3u3x+6ab87qaMY17lcUpBkoCHcfbZy36/DIXKLchlbtottJTtYdN4Myj8o5yiJFBa2fAHkZGP0PamijCf+s6xrY8EaDtNIbQPASUrefIOSbvp0pIpzM5u903lSNCOZF57eQsmyd8m+cxGFrd+T6dNxpq2etPSuUdakhBDQGP18cgafY8Zm5nQt3KMM5l9XTMNbm9i8/l12rwdCiUyYOoNFV/Y2P7UkSZIkjQyZY9PJHHv6b8H655EkSTGVwvTJ6bxzqIad2/ayMGvy6YsnBqNBgEjXp8It6xL6HCXop9O0ffRYH2en7GbbntRsWs2rJTUwOpOiWVmMTQQ4yc73d9HNoJW9CiVGD0w40nlC2XDbsQvF6NilFn2S7971n3z/0cepnAlbyzP5/AMGf+OiujwarG0ff6pvSXcN9TCud2LLB+ZwN+O1N0OH4HP6QsgfD5tfh2uB95ZD/k8gu7WuliBy7p/BJdO61pcyA0iKZgszHz56X/cZuBN72L+zkTwdPv3P0NwA1fvg/adg1Veh5ifwqfkxaHA4qub9bS3pvYd28OR/dj+naG1ZKRsuyeXCpESSWq8rnS89Xa6HiS3XoJZrUvsAWTP0cQDowVN3giMROmbyNjRHk8d7uJj26zqccT6F2bt4Z88uNtTBwZ2NkF3AFa1zvLe+J43NYeHsbr6tk5TJGBI5HILoPLEzmN5NFml6t3PGn4OSCrgifyf/WVLFu2vLKbyyJT+9T8f5lNpuhshoaInoJoQYnM8xqXksvDGPhZGT1B45zM7SUtZsK+U/T8Dnbzw1PLskSZIkncsMAEuSFGPpcwooLHmXkrL3eXViJtdN7zTQZ9Mh1q/cS87VxeSOz2VS6l5KDu5lQ13BqeETI3sp3X0SAhnk9hJDPmNtbe9iTXXBqWGgIwfZvKtz9u9YxqVB+YlaDkdgQkuAoHZrOQf72Fx9y7CNuXMXsXBWy8q6TZStARI7lo1mDTVSVwf0NExkXhY571RxcPcuyi/LORW0qNtC2UEgNZOpA5Dx25MxF32S7/IcP3gJPv/AbVzqUJRxsgQ2f+HUHMAAG5YA42F6DzOBTpsbDfBuXgMLbz8V7K1fA2VAxqXR4ZsBSILie6Hsh/B4OdQXQHG74On4CyEDOFIPhZ2GlG4fE8u/H0qWQEIhXNDpZGkiBp/SG6J9GpcOwSQYNx0++gUoewoOtfvKRWg8cBzqBrr9YeJAKaXVwOgs5l+Q2W0gqebDMjZUVFOyuZoLizOYMSmDZfur2fbBDhZ+5NTw5bUf7O30ZZYspk9MZPO2aja/X01R27yqYcq3HaSPX7MZRNWUfVBLUescwITZufUgDUDOeT28EfXrOpzChQVZrKk4xOaXt1LTFGJ6wexTx7z1Pam2mbSC85nePhAdaSRMIiFoO/61gVyKCtvPXwDhpkZC/sXbZsK86eSWbaG87QsM9Pk4t+ny+WQHm3c3nvp8kjRwn2MSWr4wUV8X5lSO/EmOVjUyNjMdAimkZU6m6Mpkju5fzuaaaLZybo81SpIkSdK5wz+HJUmKtcBkFl13lCMvl7Hz7aU8tjmDqZPOY3xqI5V7DrH7QA21kUSKCorJzc7l0nmZ7FhZxTvPLaV8ei5TEmsp21nOwTpIL5oTvWEbE6faXv/cyxwsmMz0lrZrwolAY7uyOUyflMjmbVW88+Jq6mamw7EDbC6t7nMW24ScdJJKTlK+bimvH5/CuMYqtu06Sm2XzKAsCqensWFDDWteWk7TBZmMGz+d/M4jjCbN5oqCXSwpKeeFZ96gcPp5pDdWsW3nIY5GQky95MKY3xQec9Ft/N1FMW5k2DoOZWvo9hsCWRdB1gCd2Onz4a0/hV23wYxkWPsUlG+E7O/D+T20kTQfFt4Ib/8NPPIhXLQAGkth3WPQPBc+dlPH8jMWQ8YPoeJlyPgOzGj/ZC4s/go880P4yYdw8TUwFtj7bjRreNFjcEk6nH87rF4Cv7sXdtwPRblwohy2vgGVl8LX7+1lyOtyePMx6G6O8Uvv7fIlCmqWw7/9A2TdBIWXRvu0bUl0qOnCdjsw517Y/EN49odw9QLIKoTcc+XbDGHKSg5SS4jpxVdQPL2HNMW8MAefLuNgWSnlxZeRe/4FFJWuZPOuDfzHcwcpmp1OQ3k52w7VkwS0H3g8d14+ubu2UL7hDZ44NJnCKUnU7CxnW3UzIfqYBdxYw86SLd38V0pkwox8cgbqPSI5hdpNb/DkwRxm5SZxZOseyo6GIX0yV5zfw/AG/b0OT5/OrHcPUVJzElJzKepwzFvfkw7x6pNLmTo9lylj4OihQ+zeXU2o6BrumpdBUuvx3/AGT+zPJX96Oml1Nezcd4jy42O57jMLOwY1z2VtWcDVbFhbzoVX5tLX49xWxehG1rV9Pqlh89aDHG2A9MILWj6fDNznmPyZWfx+7yHKlr9JwgW5jM/MpWj0Dpa+sIua9AymT8oiZwwc3bOXzcchNDGjT0OjS5IkSdK5wACwJEmDYewcbr8zh5J1W9iwo5qSjaXR9QkpTJiUx8L5c5jeEmNJm7WIu1LX8/ravewuKWM3EEpNJ//yYhYXZMa0m2mzFvKp0FpeXXuQ8pIyygOJ5BQUc3vGLp5YVUUo6dRd29wrrmRh3bu8s6+cNZUQSs/k4usK2Le0tG9DOOddwR2Xv8PStYco21gKCWnkXzmH5PXr2dyp6Nh5V7G4biXv7DjE+tWHSC+cQP7MzhWGyLnsOu7KWM3rGw63HeNQRibFCy9l/mTHY46vNfDmmu6fuvplyBqgSTqTFsKnJ8H/+z5s3gkJc6Hwn+HmhacPqC74Poy9EJY9Ba8/BuTCeXfBHffC5M7RilwougZWvAGXLO5a1+z74b4CeOlXsPxPo5m/qddA0Xfgopb/6MFc+KOnYNkjsOER2FEOwemQfSPccXsf5jsuhbLS7p+afW/XOU/Tr4FbDsPKl+Dtx04dq+JH4GNzT5Wbdi/c2ABvLYGXH4PCR+D2uZwTqjewbncYMvKY31PwFyD1fObP3MULZQfZvDNM7vQcFt66kLHL1vPOvoOsX32QUEYWV9yQx87ntnS8HqYWcMstKSz//SZKDuxlzYEQaVkTue4qWP76XroOrtuN+mrWr67u5okUirLyyRmo+W4TJ7B4cTrr39jKmr1hCIQYOzGfq66ZQ06PAdX+XodzKZiaQknpScbmF3T5kk7arEXclbGJZSt3sq+0jN0Rou+bUwtYNKclKBnIYeEdi8h5533e2VnO+kNAIETSmAyKF1xo8LeTCfPyyCkt5WDZFjbMy+XC1D4e5xbJk4q5KaOMl94tY3cYSEgjt3gON809NY/vgH2OybuCmy5ZzlvvV1GyvhQmBim6bg6LLzvJsk2HKSuppgyicwBPP5/FVxU4/LMkSZIktQhEIpF+zNYnSRopDh48SCAQaPsB+rzc+XdPz/W2rvNyXx73tr4n/S1f39DYe6GRKBK9yd9RmPIVL/NCGRRedzOLYjE3qc5IclLnNM8BVNPXwbyHikr4+Y3A9+GLN8a4rRr4v4vhyAPwX3vL1FWb9Jzey5yBc/Z6HTOHWP6fy9nMZD75yUtjnFFZzZolb7D+RBaL71lI/hAP1sbqmjsszuHKd3nit3uhcCH3XJYV794Mipi+x0qSJElSP9XVNvWrvBnAkiSpRZjylS/zws4QORMzmJA1lrGJjVTuLKfkUCOMncGFBn8l2LEEDgCXLzb4K52NnZvYUA1ps6YP+eCvJEmSJEnDiQFgSZK6EQjAuTdGRojcyy5jUcIWNuw4zOa9LRmgCSltQyuOjW8H1U4/k9rPoIEgRJpj3Mhw1ABrHwNuh0tiPav0CBKIXaT83LxejwS1bCg5RJg0Ci4Y+v+XYnnN9RweemL+HitJkiRJMeYQ0JJ0jnII6NNraGzCt0gNZYFAgKTEGH6Xr7YKwsNgWFIND6FESIvNHOZerzUYYnnN9RweemL+HitJkiRJ/dTfIaAdtE6SpG4ETf3QEBfzczTojW8NoBieT16vNRhieZ55Dg89viaSJEmShjsDwJIkdSMQ9MafhraYn6OhxNjWr3NLDM8nr9caDLE8zzyHhx5fE0mSJEnDnQFgSZK6YeaHhrqYn6OhpNjWr3NLDM8nr9caDGYAn1t8TSRJkiQNdwaAJUnqRiAQ8Oafhqxgu7m3Y9dIyCxgDYxQYvR8ihGv14q1WF9zPYeHlkF5j5UkSZKkGDMALElSD4Ih3yY1NA3auZmYMjjtaGQbhPPI67ViaTDOL8/hocPXQpIkSdJI4F82kiT1IBQMYgKIhppAIHpuDorENAj4cVFnIRCMnkcx5vVasTJY11zP4aFhUN9jJUmSJCmG/MtGkqTTCMVw2FLpTAz6OZk0anDb08gyiOeP12vFwmCeV57D8edrIEmSJGmkMAAsSdJphEJB54HTkBEIBAgN9tCUSWnOBawzE0qMnj+D1ZzXaw2wwb7meg7HV1zeYyVJkiQpRvzrRpKkXiQkmA2ioSFu52Jyenza1fAWh/PG67UGUjzOJ8/h+PHYS5IkSRpJDABLktSLYCBAQsibgoqvhFCIYLwyw0KJBoHVP8npcckc93qtgRKva67ncHzE9T1WkiRJkmLAALAkSX0QCgUdFlBxMyTOv6Q05wNW3ySNGtShnzsbEv9fNKzF+xyKd/vnGo+3JEmSpJHIv3IkSeqjhFDIG4QadKFQcOhkgyWPNgis00saFT1P4szrtc7UULnmeg4PjqHyekuSJEnSQPMvSkmS+iEhFPJGoQbNkDzfkkc7HLS6l5w+JIK/rYbk/x8NaUPtnBlq/RlpPL6SJEmSRrKEeHdAkqThJhQKEggGaGoKE4lE4t0djUCBQICEhCE8H2FSWnR+1/oaCDfGuzeKt9Y5ouMw529vvF6rL4byNddzeOAN5ddbkiRJkgaKAWBJks5AMBAgKTGBcLiZcHMY78lqIAQCEAoOk2E/Q4mQlgkNtdBwAiLN8e6RBlsgGPf5fvvC67V6MlyuuZ7DA2O4vN6SJEmSNBAMAEuSdBZCoSChUJBwczPN4WaavSurMxAMBAiGgoSCw/CmdFJa9KexFhpPmhF8LgglQmIKJA7twG9nXq/Varhecz2Hz8xwfb0lSZIk6WwYAJYkaQCEgtEbi5FIhOZIhEhzpOXGbMRMHXUQHXEyQDAQIBBs+T0ShqFMTIv+NIch3BANBDc3RR+bHTx8BYIQDEEwIRr4DSVFHw9jXq/PLSPxmus53LOR+HpLkiRJ0pkwACxJ0gAKBAKEAgEwyUTnqmAIgqmQmBrvnkin5fVaw53nsCRJkiSpJwaAJWkkCzdA6evw4SrYvxmqdsGJSmhqIDuUSCQ1k3DGZJqyC2icdDFNMxYRCSW2ZUpEIpEuy+3XSZIkSZIkSZKkoSUQiYysQaLe21TG+k1llG7fQ2XVsbb1aanJTMnNpnhuPvOK8hmfOSaOvZSkGNv7Hqz5Fbz/DDQ19H27hCTqCz9O/YV3Ep44F4hml7QGfNv/7mm5/e/e1nVe7svj3tb3xKC1JEmSJEmSJGk4qqtt6lf5ERMAXr+pjN8seaND0Pd0Fswv4rbrFxgIljSyHNkNv3s4Gvg9Sw3n38zJhV+jeexkA8CSJEmSJEmSJMXJORcArq2r5z9+/TLrN5V1WJ+aksyUSVltj+vq6tlTfqhDmbTUZD5z+zUsmF80KH2VpJha8zj89nv9y/jtTUISdYv/Ow0X3QkYAJYkSZIkSZIkabCdUwHg2rp6Hvrpk+zZV9G2bsH8IhbML6Jg5pRuy69Ys4nfLVtH5ZFTmcL33X2jQWBJw9uLfwUr/j1m1ddfci8nF3/bALAkSZIkSZIkSYPsnAoA//U//bIt+JuakszX7r+928BvZ7V19Tz3ygpee3td2zqDwJKGrWe+BWt/E/NmGuZ+gpM3fR8wACxJkiRJkiRJ0mDpbwA4IUb9iLnnXlnRFvydkpvFN7/6GdJSkzuU2bOvgt8seROIDvc8b04+C+YXkZaazN13XMPUSdn84tcvA/CbJW9QMHOKcwJLGl5e/KtBCf4CJG18BpJHc3LxtwelPUmSJEmSJEmS1H/BeHfgTFRWHeP5pSuBaObvfXff2CX4C7B+Uxml2/dQun0P6zeV8Ytfv8yf/+3P2gLHC+YXce3VFwMtWcFLVwzeTkjS2VrzeEyHfe5O0ru/JOn9pwe1TUmSJEmSJEmS1HfDMgDcPlB72w1XMmVSdrfliufkM3vmZMaPO5XVW1l1rMO8wbfdsKDt+RVrNlNZdazbuiRpSDmyG377vbg0nfLa3xE8ujcubUuSJEmSJEmSpNMblnMAP/CdH1FbV09qSjL/8rdf79M2lVXH+PEvnmVP+SEAxmeO4Qd/8SUgGvhtHQr61uuv5LYbFsSm4+3VlLFsyW95a/tBak5Ex+1OGJVOzswFXPuxjzDnvOEwOvcmHv2zR9l04ef4X/fOiXdnpHPLUw/A+8/Erfmmols5ees/AM4BLEmSJEmSJElSLPV3DuBhlwFcun0PtXX1QHQI574anzmG7z34OWbPnAxEA8Ir1mwGYN6c/A71x1rdpif4/t/+Gy/sTCB/4R3c89l7uOez93DHwnwSdr3Go//0P/jBkyXUxLwnkoalve/FNfgLkLD5eUL7N8a1D5IkSZIkSZIkqavhkGbaQevQzQAF+VP6vf39d9/En//tz4BoUBggLTWZKblZ7Ck/xNbtMR7WtLmE3z61npoJ1/LNb9xAdocQfDGXfezTVK17iqf3p5Ie255IGq7W/CrePYha8zg1i7/TkgHcutIMYEmSJEmSJEmSBlJiKKVf5YddALg1+xeigdv+ah36ubbuZIe5g1PPoK4zsn0TG+sg7/oFnYK/rRLIvPge/nhweiNpuAk3DGz279X/ChPXwpP/1u9NU7e+RO3i7xEJJjkEtCRJkiRJkiRJQ8SwCwAPhPGZYxjPmPg0npxCAlBXVwf9yfFtrqLkpWd54d0yKk40QUIqky64ljs+tYi81Pblmqj44C1efn0F2w/UUNcEJGeSd/EN3HN7MZntgs6bHvszHt0wh8/93S00Pv8Er6zbRVXKIr72F7eQB9BUxfrW9fVAQirZk4u59jO3UDy+46nTVLmeZ3/1LOv21tEEJJw3h1vu/iwLcs/JU0yKndLXoalhYOq6+tdw3Rx49W/ObPumBhJ3LqMh/2MD0x9JkiRJkiRJknTWjM4NtsmFnD9qGat/9whPZN7Pp+dlk9DbTMzNFbz2Lw/xSkU2cxbfwbUTEqF+H2uWvsCP/1cFf/zdO8lvqaNm1SM89PxB8gqLuXbRJNKBxn1reOXtJ/hhczp/9an8TpVX8NqPfsDBE3kUXnwDi6fnkwlQt4lH/9ejbKpLJ+/yW7hhejrUV7Hx7dd44h+Pwd98juLWs+fAa/z44WMkzL+WTy9Kh5pdLHt9Bc/+y7/Cf/8aCzIG8gBK57gPVw1MPa3B3zc+A2+f+dznieVrDQBLkiRJkiRJkjSEDLsAcPthm/fsq6BgZv/nAe5O5ZFjAIwfF+PM4GA+d/7Xe+Dfn2L1rx9i/ZMJZE4tpHD2XIqLC5k0PrXLi1Lx+qO8cmASN/zpA1x7XuvaYoovnMSjP3iC3y6/gQeujmYTp19+P383P4GE9pXMKyan+fv8ePkKNn0inzkdAs4VVE34HN/90zmcSiRuYtP/e4pNJ7K59hvf5IbzTpUuvvwj7NtbxaT29VfUMfPr3+WWqe36ltXEXz6ymvWbaliw0NmMpQGzf/PZ19E++PvG2dWXUFFy9v2RJEmSJEmSJEkDZtgFgKfmngoAv7dpOx9bdMlZ11lZdYzKqmgAuCB/YALKpzWumDu/OZebyz9kzfplrF9Xwoqlm1ixFEhIp3DxPXx6cT7pQYBdrF5VAbPv5CPndaontZiLZz3Boxs3UnP1guiA0sGEbjOKU1NTobmCg4dhTnb7Z7JZdH374C/QsI7VG+qg8OZ2AedWCUyanN1x1bRFfGRqp2IzppLHanYdOEi/hrqWdHpVu85u+wEM/gKEqveedR2SJEmSJEmSJGngDLsA8PjMMUzJzWJP+SFKt++hsuoY4zPPLmv3uaUr2pbnzek8RHKsJJCam8+i3HwW3Qw01VFVvpFlz73CiqX/xkOH7+e7dxeSQA1V1UD10/yPP3u6+6qy62ibUbi5hrLlz/DbZds5WB2dj7ddwe42Jqfz6qM1VAHZU6f17QQZM6ZriDcprWWu45N9qUFSX52oPPNt2+b8vemshn1uL3iyakDqkSRJkiRJkiRJA2PYBYABPrboEn7x65cB+MWvX+abX73rjOuqrDrGijXRLLjx48ZQPGgB4E4SUsmcehl3fH0uuY/8JU+ve43VNxeyoDWyesGdfPdT53e/bTC1JQDbRMmTD/HIujrSpy7gxpvzSB+VTf55Yzj45o/5t7cHZ1ckxVBTwxlu+H24bgGsG7jg79n1R5IkSZIkSZIkxcKwDADPm5NPWmoytXX1lG7fw3OvrOC2GxacUV2pqcmkpiRTd7Kez9xxzQD39EykMm1yJpQ0UdcAkE5mBnDsJKSn9zKYchnr36uDybfwp19f1KFsXXI/ujA2nUygpHwf3WcNSxp+vguvzoLrfgOVAxwEliRJkiRJkiRJQ0Y3s8UObZVVx3jop09SW1fftu75pSt5funKM6ovLTWZH3znS3zvG384ONm/1St49NHVVDX18HzdJl5eWQXjZlI4HiCP4nmZsPc1ntlU1035KqraVieQmAw0NNKhZGudfZV0McUXAJte45UDXZ+uOlLT97okDayEpDPf9u274dVNcN1LcE1R/PsjSZIkSZIkSZIG3LDKAC7dvoef/GJJW/C3NXMX4LlXVlBatof77r6x1zmBt27fy+yZk9sep6UmkzZpcDJdmyqqqChZxg++8yzZsy+juCiPzJbs3Jp961m9vISK5knc8OVbmNSyzaSb7ueGbQ/xymMP8ePLP8KC6elAI1Ula1jx3i5Y+DW+e2sekM+ij05i9Uuv8K8/q+OG+ZNIrN/HmqVrODYqHU70tZcJFH/iHtbveoLX/vn7lLW2WV/FxuWvsamikHv+5nMUD6uzRxohRo2H6v1nvv3bdwO/jmYC8xl4Y/NZdac5JfOstpckSZIkSZIkSQNr2ITwnl+6kudeWdH2eEpuFp+545oOAeHS7Xv487/9GcVz8inIn8KU3GwiRAgQAGD9pjLWb9pGZdUxrr36Yu6Ow5DPCbNu4Zt//RF2rX2L11atZ9mSFdS1ZAMnpGczaf6dPPCxy5jUfvzmYDbX/tc/Z9LrL/DK8pd5YmUTkEBq9iSKP/EA186f1FY0+5qv8UDK4zy9dAVPP94Eydlc9qkHuOPwIzy0tB8dzSjm/m+ks2zJb3lr3Qs8sRJISCV78mXc861bDP5K8ZKZd3YBYBjQIHA4Y3LvhSRJkiRJkiRJ0qAJRCKRSLw7cTq1dfX8ZskbrFhzKkCxYH4Rt12/gB//xxL27KsAOmYD98W8Ofl87b7bB7y/khRTL/4VrPj3ganr6l/DdXPg1TOfE7iu+F5OLPo2gUD0izadf/e2rvNyXx73tr4n/S0vSZIkSZIkSdJwNKTnAK6tq+ehnz7ZIfh73903ct/dN/Lc0hVtwd8puVn84Dtf4r67b2RKblav9S6YX8Tdtw9+9q8knbVplw9cXW/fDa8uh4k3nXEVjbmXDFx/JEmSJEmSJEnSWRuyGcB79lXw0E+f7DDf77e+ehdTJmXzu2Vr+c2SN9vW/+WDn+sw729l1TFKt+/hcFV1hzoL8qdQMHPK4O2EJA20cAN8/wJoaoh3TyAhicr/spJIKMkMYEmSJEmSJEmShoghOZNr5+DvlNwsvnbfHYzPHMOefRVtwV+A++65sUPwF2B85hgWZBYNZpclaXCEkuCiT8Da38S7J9QX3EJzMBHDqpIkSZIkSZIkDR1DbgjoyqpjXYK/3/zqZxifOabtuVa3Xn8lxXPy49VVSYqP+X8Q7x4AUDfnznh3QZIkSZIkSZIkdTLkAsC/XvJGl+BvWmoytXX1/Pg/lrQ9N29OPrfdsCCeXZWk+Jg8L5oFHEf1hbfQmDMnrn2QJEmSJEmSJEldDbkA8HubygAYc37hvgAAIABJREFUP25Mh+DvQz99kj37KoBoYPi+u2+MZzclKb4+9iAkJMWn7YQkTlz+1fi0LUmSJEmSJEmSTmvIBYBbpaWldBv8TU1J5mv33UFaanKceyhJcTRuKtz813FpuubqP6cpY1Jc2pYkSZIkSZIkSaeXEO8OdDZ+3Bgqjxxjz74KHvrJkxw+Uk1l1TEgGvz91lfvYnzmmDj3UpKGgPmfhUPbYMW/D1qTtfP+gNo5nyQwaC1KkiRJkiRJkqT+GHIZwJ+545q25dLte7oEf6dMyo5X1yRp6Pn4X8IlnxmUpurOv4Oaq781KG1JkiRJkiRJkqQzE4hEIpF4d6Kz9ZvK+M2zb1B5JBr8nT1zMnfffo3BX0nqyYt/FdNM4BMXfZbjV38LAtHc30AgQIB2y+3Wt//d27rOy3153Nv6nvS3vCRJkiRJkiRJw9GQDABLks7Amsfht9+DpoaBqzMhiWNXfZu6OZ+MPjYALEmSJEmSJEnSkGYAWJJGkiO74XcPw/vPnHVVdbM/zvHLvkI4Y9Kp4KkBYEmSJEmSJEmShjQDwJI0Eu19D9b8KhoI7k9GcEIStfk3caLokzTlzAE6BngNAEuSJEmSJEmSNLQZAJakkSzcAKWvw4erYP9mqNoFJyqhqYFIKJHmlEyaxkyiYcJs6icW05B3NZFQYpegrgFgSZIkSZIkSZKGBwPAknSO2vXhvrbgbXfB3i6B3c5BXgPAkiRJkiRJkiQNOcF4d0CSJEmSJEmSJEmSNDAMAEuSJEmSJEmSJEnSCGEAWJIkSZIkSZIkSZJGCAPAkiRJkiRJkiRJkjRCGACWJEmSJEmSJEmSpBHCALAkSZIkSZIkSZIkjRAGgCVJkiRJkiRJkiRphDAALEmSJEmSJEmSJEkjhAFgSZIkSZIkSZIkSRohDABLkiRJkiRJkiRJ0ghhAFiSJEmSJEmSJEmSRggDwJIkSZIkSZIkSZI0QhgAliRJkiRJkiRJkqQRwgCwJEmSJEmSJEmSJI0QBoAlSZIkSZIkSZIkaYRIiHUDR44ciXUTkjRkjRs3Lt5dkCRJkiRJkiRJ55CYB4ANfkiSJEmSJEmSJEnS4HAIaEmSJEmSJEmSJEkaIQwAS5IkSZIkSZIkSdIIYQBYkiRJkiRJkiRJkkYIA8CSJEmSJEmSJEmSNEIYAJYkSZIkSZIkSZKkEcIAsCRJkiRJkiRJkiSNEAaAJUmSJEmSJEmSJGmESIh3ByRJA6OutqltuepoDTUnaqlvaAQgOSmR9FFpZI5Nj1f3JEmSJEmSJEnSIDAALEkjSGNjE+UVlZysb+iw/mR9AyfrG6g5UUtu9ngSE738S5IkSZIkSZI0EjkEtCSNIN0Ff9s7Wd9AeUXlIPZIkiRJkiRJkiQNJgPAkjRCVB2tOW3wt9XJ+gaqjtYMQo8kSZIkSZIkSdJgMwAsSSNEzYnamJSVJEmSJEmSJEnDhwFgSRoh6hsaY1JWkiRJkiRJkiQNHwnx7oAkaWBEIpGYlNXACQQgGAwQDAYIBAMEAhAIRH9LkiRJkiRJ0lASiUTvJUciEGmO0Nzy4+3loc8AsCRJMRQIQCghSCgUDfxKkiRJkiRJ0nDQmsACQOjUvc3m5gjhcIRwU7PB4CHKALAkSTEQDAVIaAn8SpIkSZIkSdJI0TrKYWJikHA4QlNTM81hI8FDiQFgSZIGUDAYICHRwK8kSZIkSZKkkS8UChAKhaKB4MZmmpsNBA8FBoAlSRogiUlBEhKC8e6GJEmSJEmSJA2q1kBwU1MzjQ3N8e7OOc8AsCRJZykUCpCYFDw1H4YkSZIkSZIknYNap8VrbGgm7LDQcTPkA8C/X72JHR+WU36wkr37D1Nf39Cv7SdPzGLSxAlkTxjLbTcsiFEvJUnnqoTEIImJZv1KkiRJkiRJEkAgECApOURjYzNNjWYDx8OQDgD/6JFneX/z9rOqY+/+Q+zdfwiA9zdv5+tf+ATjMkYPRPckSec4h3yWJEmSJEmSpO4lJgYJBHBI6DgIRCKRIZl//aUHH+7weOa0XGZMnUhKSlK/6tmxaz/bd5Vz8uSpzOF//N6XGWsQWNII896mnf0qP250EoFAoO0HOO0y7ZeBAD2Ua/e7t3Wdl/vyuLf1PRno4ZkN/kqSJEmSJElS75wXePANyQzg515Z0bY8fepEPvHxqzh/1tQzru9Q5VGeefH3rHmvFIB/+fdn+N43/vCs+ylJOjcZ/JUkSZIkSZKkvmm9l2oQePAMubvXq9Zt4fmlKwG49KLZ/I8HPntWwV+ArPFj+eM/vIXP330DAHv2VfD/Xlh21n2VJJ17EhIN/kqSJEmSJElSfyQkBElI9L7qYBlyR/qDrbvalm+57soBrXvh/DlMm3oeAOs2lg1o3ZKkkS8UCpDohxRJkiRJkiRJ6rfExCCh0MBO1afuDbm72OUHKgHIm5zDpIkTOjxXWraHTSVd57h87pUVVBw+2mHdjl37eXP5e13Kzpo2CYCKw0eoO1k/UN2WJJ0DEpOG3NumJEmSJEmSJA0b3mMdHENuDuD9B6MB4JnTcjus37X3IA/99EkAbr3+Sm67YQEAD/3kSUq37+H5pSv52cMPAtFAcWvZhsYmrv/opW31zJiWC8vWAnCg4gjTWzKCJUk6ncSkIIGA306TJEmSJEmSpDMVCARITAo6H3CMDbkwe31DIwCj0lI6rK85Xtu2nJjYNW6dPiqVmuN1ADSFw23rT9Y3dCh36UWzyZucQ+55ExiXMXrA+i1JGrmCwYDz/kqSJEmSJEnSAEhICBIMmmwTS0MuA7gncwqnc+v1V3K0+jgzpk5sW3/r9VfCUrjwghmkj04FYGZeLjdeM59jx2tZML+oS13f+W/3Dlq/+2LPvgr+6V+fJhAI8N++fCdTcrP6XcfR6uP8/f9+grq6ev7blz/F9HbH6Gy9ufw9duzez4ypE/nownkDVq8kDRcJzvsrSZIkSZIkSQMmITFIQ32494I6I8MmAAy0DfvcXkH+FAryp3RYl5KSxKduWTRY3TorkQisWreF4yei2cur15ecUQA4lrbu2Mua90ppagobAJZ0zgmGAoRCfhtNkiRJkiRJkgZKKBQgGArQHI7Euysj0rAKAJ+tQ5VH2Vt+mCPVNcyclkve5Jx4d4lDlUdZvb60LXt57ftb+eiVFzE+c0yce3bKH//hLfzxH94S725IUlw49LMkSZIkSZIkDbyEhCANYbOAY2HYBIBrjtfxr48+T/roVIrnzuKy4kIAnntlBc8vXcl1iy7hrts/2u22J+sbeOKZ11mxZnOH9TOn5fL5u2/kvKxxMe9/T1at28KR6ho+fetHAHjq+bdYu2Er13/00rj1SZIUFQhg9q8kSZIkSZIkxUAoFCAQiI6Wq4E1bALAa98vpXT7HgCamyNtAeC3V20E4NVla1kwv4jJnYZPbmoK89BPnmTX3oNd6tz+YTnf/cEj/P1ffJEJmRkx3oOuqo+dYNW6LYzLSGfenHwAfrdsHb9fvZHLLzmfjPRRXbZpbo6wen0Jzy9dyaHKoyQmJnDpRbP52KJLupRtnRcY4L987lZeem0VG0t20tzczIy8XO6/50bSR6ex5OUVLF+9kbqTDYzNGM09n1hM8ZxZBFpiHs8vXclzr6zgthsWROdc7rRuSm4WTz2/jEOVRwmFgswtnM5nP3UtY8eMjtGRk6TBETL7V5IkSZIkSZJiJpQQpKmxOd7dGHGGzZ3tyy4+v235wqIZbcvTp5wHQN7knC7BX4gGhluDv7nnTeCP7rqeP/nCJ7jy0gvayvz8Vy/SFIcU841bdlBx+ChzCqeRNX4sWePHMqdwGgcqjrC55MMu5SMRePG1VTzyxEtUHT1GUUEexXPy2bZjLz/9jyXU1dV3286xmhP88789TUXlUS65cDZjM9Ip27mPHz+yhB8/8iyr129hTuF08qdP4ljNCR55/CXKdu7t0z68+14pjzzxEtkTMrj0otmkpSazflMZP3/sRepONpzV8ZGkeDP7V5IkSZIkSZJix3uwsTFsMoDTUpP52cMPUnO8rm2+XICv3nc7pWV7KMif0u12rcM+F8ycwje/elfb+gsvmMHsGZP5v08uZfuH5SxftYmPLLgotjvRTm1dPW+tfJ+U5CSuvmJuW7btlZdewOr1Jby9aiPFc2eRmpLUts3e8gpee3sdo9JS+Pr9dzBzWi4ATeEwjz65lJXvfkBqSnKXtpqawty0+DJuvX4BgUA08/gff/Ib9h04zNRJ2fzlg3/EmPQ0IhH45VNLeXvVRtZvKmPWjMm97sex47U88KVPtfXlUOVR/un/PM3ufQcpP3C4bb0kDTeBAASDfviQJEmSJEmSpFgJBh0GOhaGTQZwq/bB31Y9BX8PVR7lQEUVAPOLC7o83z44WfbhvgHqYd9s27GXPeWHOH/WVKZOymlbPyMvl6KCaezcvZ+tLUNet9pYspPjJ+oonpPPjLxTfU8Ihbhu0SWMHtX12ED0mF1y4ey2IPOY9FFMnhjNlr7kotmMSU8DosGO82dNBaLDR/fFxXNndTiOmWPHMGniBOpONlB97ESf6pCkocjgryRJkiRJkiTFnvdiB96wCgCXlu1hc+mHnOw0tPBzr6xg/8HK0247Kq1rcDSlXbZsMDh4h6KhoZHfLVsHwIL5RYRCp9oOhYIsmF8EwO9Xb+owNPXe8kMAjBub3hbMbZU+Oo2kpMRu20tMTGRUWkrb4/ZZbedlZXYoGwqF+rUvYzM6zvMbCgVJShw2ieWS1CM/dEiSJEmSJElS7HkvduANm0hdadkeHvrpkwDceM18PnXLIgB+9MizvL95O6vXl/CXD36OxHbBx6zxYxmfOYbKqmOsfb+USy+a3aHO1etL2pZn5E0chL2I2rF7Pzt37yccbuZHjzzbY7ktW3exc9f+tqGY2weKJUmxFfBDhyRJkiRJkiTFnPdiB96wCQC3z/A9dry2bXnHh+UAHDx0hOqaE0zIzOiw3dzCGby54j3efX8rE19ZQfGcfMZmpFO6fQ9PP/8WAAkJIaZNOW8Q9gLC4Wbe+P17NDQ2cf6sqV0yaFsdrT5OSdkelr2zgRl5uYRCQSbmjAfgQEUVkQgdsoBrjtfS0NA4GLsgSeeEziMtSJIkSZIkSZIGnvdiB96wCQB/dOE8GhqbOFRZzQ3XXNq2/tt/cg+/fOpVLru4sEvwF+D6j17C2vdLqTlRx/NLV/L80pVdynz61o+QNzmny/pYKD9wmK079pI9YSxf+OzHyRgzqtty1cdO8I8/+Q2bSj6k/MBhpkzKZu75M/jdsnVs3LKTrTv2UDAzOvdxUzjMq8vWcvxEHanthrWWJJ25gJ86JEmSJEmSJCnmvBc78IZNABjg+o9e2mVdTtY4vvnVu3rcJmv8WL52/x08+dyb7Ni1v8NzyclJfOWPbqWoYNqA97U7kQi8sfw9jp+o46rL5/YY/AXIGDOK4rmzePn11axat4XJudlMnpjF4quKee6VFfzT/3mKGXm5jB83hh27olnQBn8laeD4mUOSJEmSJEmSYs97sQNvWAWAz9TMabl848t3snnrLo5WH6e+oZFxGelMzp3A5IlZg9aPg4eq2LhlJ+My0rn68rm9lr/68rmsWruFVetKuOryuZyXncnNH7uC7AljWfLyCrZ/WM6Hew5wyYWzufbqi/k/jz5PXV39IOyJJEmSJEmSJEmSpKEoEIlEIvHuRHtfevBhAG69/kpuu2FBh+cee/p3NDY18ZErL2JG3kQAnntlBVu372X61PP41C2LBr2/kjRUvLdpZ7/KjxudRCAQaPsBTrtM+2UgQA/l6Dhkx+nWdV7uy+Pe1vekv+VT086J70hJkiRJkiRJUtzV1TbFuwsjyrC5u/32qo28tfJ9AMLh5rYA8NurNnK0+jil2/dw9RUXkj1hbLfbHzlaw/6KKvaWH+JkfQPnZWdGf7LGkZSUOGj7IUmSJEmSJEmSJEmxMuQCwMnJSdTXN3DyZEOH9XmTc9qWJ+eeGrY5N2c8R6uPA3Qb/G1sauLnv3qRdRu2ddve2IzRXH353C7ZxpIkSZIkSZIkSZI03Ay5IaB/8L+fYPuH5cyclsuf/8k9HZ47eOgIzc3NTMwZ37buZH0Du/YcJPe8CaSPTu1Qfs++Cv76n37Zp3bHZozmH7/35bPfAUmKE4eAPj2HgJYkSZIkSZKkockhoAfWkLu7nZsznu0flrP9w3K2bNvN+bOmtj2XkzWuS/mU5CQK8qd0W9dDP32ybXna1PP42NUXM6dwOqPSUtixaz+bSnby/NKVABytPs5zr6wwE1iSJEmSJEmSJEnSsBWMdwc6mzEtt235mRd/f8b1PPHM69TW1QNw6/VX8hcP/AGXX3w+o9JSou3kTeS2Gxbw13/2+bZtnl+6km079p1xm5IkSZIkSZIkSZIUT0MuAHzVZXO4qGgmADt37+dfH32effsP96uOw1XVvP779QBcVDTztFm9E3PG8ydf+ETb41XrtpxBryVJkiRJkiRJkiQp/obcENAAX7//Dr704MMAvPv+Vt59fyt5k3OYOS23LYO3s5nTcikqmAbA/oNVbeuL5+b32t6FF8xgyqRs9uyrYO/+QwOwB5IkSZIkSZIkSZI0+IZkABjgZw8/yHOvrGibo3fX3oPs2nuwx/LjM8fwg7/4EgDlB05lDBfM7H5+4M4KZk5pCQD3L9tYkiRJkiRJkiRJkoaKIRsABrjthgXkZI3jg627KD9Qyf6DldQ3NHZbdsGlRW3LN1wznxXvfsC0KTlMyMzoU1tFBXms37StQz2SJEmSJEmSJEnSQAo3N9PUFCYcDhMON9MciRCJRAAIBAIEAwFCoSChUIiEhBCh4JCb0VVDXCDSekZJkoa19zbt7Ff5caOTCAQCbT/AaZdpvwwE6KFcu9+9reu83JfHva3vSX/Lp6YN6e9ISZIkSZIkSRpmGhobaWhooikc7td2CaEQSUkJJCUmxqhn8VdX2xTvLowo3t2WJEmSJEmSJEmSYqSxqYmTJxsINzef0fZN4TBNdWHq6xtJSUkiMcHwnk7PM0SSJEmSJEmSJEmKgdqT9TT0ML1pf4WbmzlRe5KkpETSUpIHpE6NTAaAJUmSJEmSJEmSpAHUHIlQW3uy38M990VDQyPN4WbS0lII9nPqO50bnDVakiRJkiRJkiRJGiDNkQgnTtTFJPjbqikc5sSJOpojkZi1oeHLALAkSZIkSZIkSZI0QGprT57xfL/9EW5uprb2ZMzb0fBjAFiSJEmSJEmSJEkaALUn62Oa+dtZUzhM7cn6QWtPw4MBYEmSJEmSJEmSJOksNTY10dDQOOjtNjQ00tjUNOjtauhKiHcHJEmSpI6q2b5+J4dbHk2YMY+ZGXHtkCRJkiRJUq9OnmyIa9uJow37KcozQZKkYWUjP31wKet6LZfBHd/+IjdnD0KXTmfjU3zpP3ZHl7Pn8dffvpaJ8e1RDHR8TS7+/IN8Ze5ZVlm1hd++8A5vlFVRfQIggau+/AB/NPss6x02drP0sdfaHdN5Z39MJUmSJEmSYqihsXFQ5v3tSbi5mYbGRpISE+PWBw0dBoAlSZKGkgOv8f2H32N3h78XmqgdaVO5VLzG9/7hPfYDMJWvPPxpLo5zlyRJkiRJks5UQ0P8h2BuaGgyACzAALAkScNYMhffchUXj+3+uakOmTsM1bPqxXbB3/RMLp47lbkzxjNxalw7Nsjm8pWHTfmVJEmSJEnDQ7i5maZwON7doCkcJtzcTCgYjHdXFGcJkX8ZTQCIQMffEQgEor876Py4/fq2DdrV1Pa4XbFO9beW7r3+zs93015bu6ee7rxfPdbfRS/1d13btb2+7Ff79roct07Hr5v6O7fb+361ru9uv07zevW7/s661t+X/Tqz+tufAP14vbo9z3pqt339fXy9+lV/pw735fU63f+r7to93fkX6KH+rr0YnOtFd7sxUP+fTyMQSoSUUQQysghMmEwwdzahaXMIzZpPIHvaabeVYi+FqUXzuDzewzxrAO2mZEfrcjLX33cfn86LZ38kSZIkSZLUm6amswz+Nh/ktV88z1sU8fX7riT7LOK3TU1hQkkGgM91CYGW2EdrCCTQEjiJrg8QCHQKzAR6CAgFWn+3PBcJtK+oTU/1B/pcf6eAUFv9ndvt2Hwg0ml/OgecWjena/3R0j3U377b7dtr+bfLfnUOSAY69IZI5+PWvkCX+rs5np3qb+t258BgoFN7nQ9Yt/vVbn/ovF/tdo9uXqfWrTrV32W/Wh+3Hr/O5x+dXq8e6+98AnRX/2nOj07tnqq/h/Ovc7v9rL9V1/r78Xq1b6/z69Wl3U7t0an+LvvV7eEc/OsF/bxedDnve7henEYk3AgnjhI5cRTKtxHe8AaNLc8Fc2cRKr6OhMtuIzRjXq91SfFRwW//4Zc8WxF9dPG9X+Sqfc/x+IoKDtcDyRlcfNvH+coVuTQefo/HH3uLVXuaaAwmMGH2HL5477XMTG2pqvN8vl8azxuPv8Pvd52gsRnSpkzl5ts/zvXTR/Wta83V7F69nMff2sbuiiYagcRRo5h6UTGfvf5ypqYD1LPqkR/x883RTTIWfZqHbu+YCrv/1Z/zvZerAUi77OP88DPnA1Bd9nsef2EtG/e01J2eyeW33sxnL8mm80A4/SnbZ70cr8TMXG7+7G3cPH0U3c/tXM/Sf3mYpa3bt86f3Kfj1vXYcNH1/PDqCn7++CY2VjXBpEv5+29k8lRbuxnc8Y3rSXvtNZ7dXEVtEyRmZHPNXZ/k04WjqC57jf/7m5ZtExKYevFH+Mqn5zGh3d8TjdU7WfX2O7yxroL91e37dgVfvH0eExLoNPRzq9389MGH2/r5s8/R7nh0nc+68fBGlr74Lm+UVFFdDwQTyJiUyzXXfoTr57Z/zTZ2rOdbn2TC8t/y7NrW838Uc6+5gS9eN520/r26kiRJkiRJbcJnk/3bfJAVv3yRl/eGgQ386JcJfP0P559xEDjaF4eBPteF/udNSf8T6HuGZOuWfcxIpEP5blb3K7Ovm0Bg54BnL+32mCHZbflAxw16yRTsqf4Ogaje9qdTBnOv+9NN/T0fx26OW+eGTnccA1162UuG7pmfH/E8/zq3e0ovr1e3DfS+Xz2X726/+vZ69S2j+szrP7OM6j68Xl1e6F7267Tle2jvdNeLforUVNG8bQ1Nbz5GePMyAgkJBKcWDUzlZ+BAxdF+lU9NChEIBNp+gNMu036ZaEi+23Ltfve2rvNyXx73tr4n/S2fmDhUvyVXwbtLt7cEz1IovOpiZp823nqCbcs3UHIi+qh6+2Z+v/UYta2fScP17P9gG/uCR1n66DtsrP7/7L19fFzVde/9PaORZUs4AiEMkmOBEXakmInlFywCAldxUMEm4CZ1E7gBN43Tht5ckickNyFt+ORD7o2Tp+Vpw21LW0gJCYVQ3ySGxJSKOqpBvAhsWUaABcI4jLEFijAMRjJCss7zx5yXvffZZ2Zk9GLD+ubjzMw5+6y11977bEZa+p01xhiAO8bQwCu07x1j5YoaZgL0P8uvurxkYvIwex7dza7+Eca8e2rkzQzPPtHN/upFnHPqDK+7yjVlp9HcdCazAcYOsOXmn/DPjw3w+qDnExgbGeH1fWkean+OotQSFp6Q5IOzBtjaeZARYLh/hPm/9yFODaYzzQM/62TPYYAymj99CYs+AH1bb+eGu19g/5uK7XcOk+5+irZXZ7Ny8anB1+DxtM0/J1DVcB7nnGrEPvY6nQ/10nMwHK+xw4foeaKXoiVLWVim24jgj13B45Y9/taLnbS94BUPdgd4dttL9A55V82aw8qmMnoCv0dIP/U0nfsOM+I1GRseZE9XL8POHu742XPsP+yfGCOzfy+PHTqFSxadDMDIM7/gy3/7GJ2/PURm2OzbXrbuPsw5jWcye2gvbY+8wltxsZ5Wy2WLiV3nQ92/4C//YQe7XjnMsL+O3TGG38zQ0/UU7a/Npinlz5k6rkfo6+7ksT2Dyvofof+F3exKnEVzbYF/uCAIgiAIgiAIgiAIgmDw9vA7uLEJk1wM0f1/N3NP7zvBkdE3+tg5cALnLqo86jRuyYzjLwE86v9CSpgQwt9uO4AT/Do/fA2OO8Grg58wwPsUvuId996i2zfdq/Z9v6p9B/1/qn3ls2c/+rt9J4hL8+fZJ2Lf9KvaV+IyXIQHVPtGXI4TvKr2g3GMxEXwqjl01H/GPBnzpcUTO25GXIZ9bRzN9RCxH10f1vlSfWhxhQsnsv7M+VLXn7IOVfux68+cL7Wv6nw5ii9jvqJx6cOljZs1rgLWn23c/M/mfKHPl+2+iqw/9f4txL5KIfuFOnaF7Bfq2OXdL2z2zdG0zZNlviaII88/wdv/+D8Y+lYzo49vnljjghBLhs0/uIkvXGf594Ot1mTi0OAwlQtTrL14PjVBvmuYzge6Sc+qoPHiBlrUjPLeHtr7ba4zpA+XULusgXUXz6d2tmLrnvvpHM7d8z2/uo/N+7wPCYud0YNs/of76BkD6hpoqvCOH95L5/OKoee7aD/ovZ93Ni1zgZdaufn+bMI4tF1PylOQDu3axibfxnjavhsOD5MZK6PuvAbWNs9RVLMZWrf1AjW0fHYVGz5bT21wUQlLL13Fhs+uYsPl9VSOd9xM+jNBbeHishLKZyWNBqMMDZZQs8zo41iG1gfSDFXOoeXiBhrnlQRXDD3RRadvs76exllASRm1qfk0X9zEuuZqqnw3+7vY/AxQXs+6z65iw6U1hGWqK2j+rBfryhzFjg9v57af7CXj+5xTTcvljbTUlQc/EGV2tHJzsCj0+DKHoHJhPWsvTlFXGZ7p2/Y4PfFeBUEQBEEQBEEQBEEQcjJ2VMlf6H9oMz959p3I8cPPbuOfHnp1SvsivLdI6oo71/uovHrH8V/iFHcu2YyK63qPS3azj5PNWQPY9RR9pj8Lit9BVJulAAAgAElEQVTAPoY/NWPkAjH2/c9x9kNs9n2/tvYWf77xghSi9rgw4wqOxsXlRtpHXJrjqMalxmOxH74WpgC2z5e9U9lpi1l/kfbme/t8YcblkjOuyHzFvA/iMdZ9+Fhhw77rGus+jwLYtdv3xy8yNBH7edZD5H425smJ3r96e2N9OJb5ynk/W+Ia136RZ/0F9v1D+vqbrP8Eju3bzdt//0WSj/6CGZ+5gUT1WZPkSRCOkrqVfPsLyykFWsrv5s/vOeCdKKPl83692QVw4yZaMwAZ0q8CkTrDSZZe+TmuWZJNFrc0dXHL/95K52HgcJr2XcMsXVFiXpRlrJvW9sHATtPnv8T6uuynllW7ueOG+2k/DAz20rpzmLplNbRcUEHrvQeBUdof3c6VdcspBrp37mXIs5S64BzKgc5t3Qz4fbz6C1yTKvFsz/dsD9O+fTfrF9aPq+27o4yWL30xqOfb9IHb+dq92STl0L4DDLCA2iUN1FJE5527vWuMGs/jHrfo+NdceBnXfmIB5UECuls7X3nhZXzbe8R23ZG/4/sPeZn8RDXrv3IFTbOAC8sZ+ta27JVjGfoGyK6PRD3rvl7NleXlyl+nNtI8J1xne15MQ6qG1JJq6H+NLb9Ok9VIn0DdkgaW5hnFvvYuuv3k9rxGNn6lKZtEvrCJlofCMd2zbTvpphbMVHLlhevY6MW3ZkUp372xgzTA4X72DKAlhQVBEARBEARBEARBEArlaNS/h3t+zd+1HYo9v7/tfn4y59NcXTe+wlVHp0QW3mskdbkfYa1SL8USrempt5/oGsCOY0k4qf58P66j+wsaGPGYcfn+sMdlq/GaTU85gV/VfvCqxeUfdmJrlQaJXN8fMXEZNYCJsa+No+NE2gduzflSi8xa2sfVGI7Ml5EQj8wTZlzY43LVj8b6UxOS5vrzzTnhPGWbG3HF2A/iQbdvZgknqgZwpPZ1cIHuN4jHMdZfTHu9O6p9Yx2a82S5ryLzpfoz7JtxFbz+Jn2/cOzzZbafBEZ3tnLkqTZmrP8exc1XTZ4j4X1OCUsvbWLpiZZTs+Zgy2WlFqeCWqfFqgJ0VjWp0/0PMymNyd2G7efTvERRCs9qoOWcdjq9hOGel9KwYoH92v7+QInKrPk01innEvU0Lm6l/fFRANIvvwrLaihvTJH61bZs8m93L53Dy2lkO23bRz07C2heUgIcIL3fNzZK989v5Wu/DM0P+crkfQfoo3wcbeuz9XePlvIzWXq68vGkEwBPpToyGtQWz8lRjJtGZQMbLl+gqG5NSljaEF5TWjoT8Abh9Hmk/FrQJSWxjx8qTWToePAROp9Ls+egNzejoRw8k8nkDDEf6f3h9bXLU1os5UsWUHtvB3sADr5GehhqtHWsx0d5OZVA2v8sTxkSBEEQBEEQBEEQBGGKGH2lnX/atJ/DOVu9Q/emzTzwhU9z8WlFU9Qz4b1C+JtfLRGSW/kZtleUezEKPrt9xY/FfujXvExV8OVQeMb6LUwxG1GsegnVmBCin4OOxymqjXhiFJ5WH/kUmKAoaE2FpCUuTbFqiUfzm0ehG1yr249VGMe9Vw5GFLR+4xzrL1B4jtf+MbL+jJR2JK54++bxPIp+q/0cCuMC7WsKXUtcE7pfeOvS3t4SV6Rjk4t7ZIThf/k6Y/t2U3L196bGqfA+w1CIFkDxrJjM7uyyHInBwtqrCcOhw2/HX/u7g57q1m6n/MQy8HShQcKwZDlNqW107wLGDtD2ZIals3oDNWjluQ2kEgCvZRWpHiOHholPOY6n7bukpIjx/a2mhaMZN5W5c/IksWdSOivm1AfK866PkWd+wfU/Dh/PPPH0M6A8+ai83OjRbLWPg2QyGMr1HPEJgiAIgiAIgiAIgiC8CxzHKVx5O/AYf3frM+wv5HcoY4fYeus9FP/Zlawq8HeAzkTXPxSOS8IEsKew8xMypgLYF9o5au4IlOShlzRSFXe+OYt98tjXlZMKjp/cCxWeuoJRa6woHs244uzrcYVKSEP56UehKTAVfxFlqR5XmIPTlY+hYtZmXxnHiBLSPm6R+9xQWkYVksZgGApmbb6s9vW4NEWuOo6gz5cfF8Z8Ocb42daf0vFQsW2z75+w2bfHFQhMzfkKksyW9Re0dwwDlvmK2CfGfvS+iqwPTSFdwPpTDRSy/iL9jCqnzbjGtV8o5gvaL9R4zPskcBez/qz7xeQx8uC/4L7xKjOv/dHUOBSEqeDQIBnQEopDQ2HSt3TWzPhrT6mgknQ2mWmxk3ljMHivJvmWrlhA6a5ehoA92x9hE/7jqytovsBXdp5MVSVkjZex5utfZO1pcR05MI62xwBHOW5TQ4b2tjD5W3PhZVxz8QIqS4Cdm/jCnemcVxfGHCpPBbya1NkktxLnoYySwC9jyodAEARBEARBEARBEIT3LQnH4UiBv3A+2LO3sOSvz9ghup9/nVVzTiq4L4KQ1BOaeWp6ukQSLAFKAiq+BrDdfqCEzGtfP+/bj1VkxtYYtjgpVEGoKAn97mrjZ/rzjeeKS/VnUWQqWcFxKlbj4vKP2+LKMV9qPAXZ19/mqsGaK66886VmDW01ZZVHYmeXRQ6Fu2Wdxb73/RVaAziw7xZoXzHnot9XtvnKVQM4Lq5c68+sAezqidr4/SLOvnEubw3gQp9EEGPfeGtXOuv312Qy+uQWDv/VFcz6+t1T4k8QJp3De2nbOUid/xjosV7ad4SP+q093ay+qjBnDjUJGBjL2unogTr/ccZjvXR0j4Z2zlTs1DXQVNFL60Fg327a/OOLUjQHyb5qaubiJXUH6ehIs/ZyvS+ZfWmYV0P5uNoeAxztuE0JwwwF+ecS6hq85C+DdOw6YL9kVomiis7Q14+l1rROzdxy6M6mefds7ybT1BTMTWZXb/bxzwBz5lCb7zHmgiAIgiAIgiAIgiAIE0RRUYIjY4VldSvObeHPTnyV+Oq/JqWcXldY8tfviyAk9Zq1GMo6Ww1gW0JSVdb5ySJdWeiTr6Znfvuhck/zh+lXd2/WYA0Txb5f73Ki9rOtY+yr3Vb9ef8fictMSDpab5SatU60QcS+ZTxjagDblKOaP3PArHHlqSlrtW/EF1MDOKJc9sfPXH8Y8xVr31wANvs51ofhN7Qfs/7GWQPYtO8TtT+O+VL9mfMV8Wv4w7Afics6nFO/XzDO/SKy7mP2iyniyFNtvH3z50UJLEwgb5N+pouO/bZzJdR8uJ6qSUuCjdJ51+18f3c9S0/J0PnIXvb4CcBENY2LczhOpGhpeoTOhwaBUdp/9Hf0LbHYqUjRski9sIaWCypovfegcixJ03nLtZq0S1emqNzVzQAw8NAmvvZSDUvrqyh/s4/uZ9LsyZTR8tUvsm7u+NpOO0c9blNBOZWn4Klzh2m9/XZGzq9haPduOl4atV8yu4baig72HATIsPlHv6D44jMpL6tm6UL7JVVNDaRavVrQ+zq4/gf7aP7oPHiuh7aeUP+baj733dVsFgRBEARBEARBEARBGAdFRUUwEvM7EJNkJWedXTm5fRHe90RqAOtptnyK1mzLia4BHNrXL7Uq+MyEZ06/ORSSSvuIP1MJmcOHnnCy1+jVnkucU8FsicGIU0tYGzV6o33Txy2oAazGFecra9iq/NQWj//iEokrqljNF9dkrz8zgZxb8ZxTQVro+sthXwsNInFZFas54zq6GsCF2C94v/DWTcHzpRq0OC1EUR0ZP1MxnWu/mAJGn9zC8E++JTWBhQlimM5fb6XTeq6ctd+oZ8046gOPi/JyakYz7NnRFaouAShh6dWX0Zgn8Vz7ictYu/duNu8DxoajdpIVrP18C7XGHyyWN6ZI/WpbUPuXinqa6/Q2nN7Ctav38937DzICZF5K0/aS+gjiQTq272Xd3Pnja3sMcLTjNvmU0Li6gdbdXaTHgEMHaXsgm6ivnV/Bnr0HLdfUsObiatruOsAIwMBeNt25Fxa3cGtMAphZy9lwdZobfpJ93PRI/wFa79UVxuXLWtiwomwCYxMEQRAEQRAEQRAEQchNMnnsJF2Ppb4I00f460EHcPxaocprcNwJXh0cHCd7zjsTvOJE69GG9k33qn3fr2rfQf+fal/57NmPPtbcCeLS/Hn2idg3/ar2lbgMF+EB1b4Rl+MEr6r9YBwjcRG8ag4d9Z8xT8Z8afHEjpsRl2FfG0dzPUTsR9eHdb5UH1pc4cKJrD9zvtT1p6xD1X7s+jPnS+2rOl+O4suYr2hc+nBp42aNq4D1Zxs3/7M5X+jzZbuvIutPvX8Lsa9SyH6hjl0h+4U6dnn3C5t9czRt82SZr2lg5MF/YaTtp9PXAUGYCErms+Hrq2mZX0ax922iuKKatddcxTWpApJviWrWfOXLbLyynto5yUDBW1xWRu15TXz7Lz/HGls93pJ6lp4Zfqy5YDm2hx1XrfocP7x+Fc3zyyj1/9wtkaR8XjUtV17Bxk/MP6q2087RjttUcNoqrvvzRpbO8/qVLKO2eTXXrjwh9pLSZVew8RrlmgIoTX2Sv77hMtYtrqDc/0ODRJLyeTWs/eOr2HhlSnm0tCAIgiAIgiAIgiAIwuRTlEiQPAaUt8miIooS8ghoARz3h2Wh8A9T0aeIVX3iFHouBNJX1YL5iFvFrvZo1jh/Vr82+3Yloc2+rfv2uGz2DYWuqVw1/an24+JS/RUSV7Q376oGcCQuo5lpv+D5strPrdAdn32TPPNVYFzx9s3j/gKLny/r+jPW5buxb11/Bds3AzfmyaZ8NwbKFldOf5qdyd4vzA7lWH/TgFNUzKzvtZGoPmvCbHY9vXdc7U86YYb2BxxAzveo71FS/2Y75TXfMfN9IZ/zHY9jvO1nlSbzN3q/0b2JL/zYU8fOaeDGb6ya+sfsZtr57o0dpAES1Wz4X1fkVRsLgiAIgiAIgiAIgiAIwmTzzsgIQ4eHp7UPpbNKmFFc6J/ZH1scHirwEdpCQSRMxZ3xa/1QneodNRV3gZZPUZRqUj7/s2bfzyPYlJdhMiGiKPX9OEofA/uKccO9FpfvLyYutLjCtqpf1X4QG4Y/JS4nR1yautUWF5a4DPvmOEaVuDHzpdl3NPvW+VLmOLo+bHEZa0mLC3tc2iljnsz5UuMx5wslPts8WcYNovYjmlLL+ggGSPWnjZvhz5wv9X+aX2PMLfat68+YL3WEtPny47HNV+R+NubMtv4s9nOuP9u4Teh+4Y+bMV/qGp9G3CMjvPOzG6e3E4JwHJJ++Gn8BzSXLm+Q5K8gCIIgCIIgCIIgCIJwTDCjuHha1bdFicRxm/wVJp5wJbpo8kfXf3UBV/ns/88N64m66jWua1f9afYVPxH7/nHXO67+z2tr+AWg+AQ4sRanpglOqoUZJxQcl+bBtO/3zY1RG5pxuepxe1yua8RjjctiM5f9SJ9d3V9cXLhR++o/zW/02uw0KWvC1kZ9Ve3a/BqBa+tDna8c68+fJ3e89t/N+rPaN4/nX39+XC7xccXbN4/b4kKfp9i4gikft31t/RlxTfh+4Y+Vdl/lmC83l/2pZ3RnK6OPb57ubgjC8cPYbtoeH/Q+lNHUVD+t3REEQRAEQRAEQRAEQRAElZkzZ7wvfQvHHuHzLX0VnveIVAfv1fFesy/Z16A94OqaTddT3kUeCWvYJ4/9QMloJmm8E67rePYdEs3fg+Vf0kMB3O1/j/ub62PiirOvxxXE4wkHI4+gDdqjBBC+OoFfPa4g+aRJNr24Yu0r42jadwxzxjgGuIY/db5Uf74z14hHnS+rfT2u0L4xjoTjqcXln3ENf34z2/pTOh74s9r3T9js2+NyAkN6XMF6N+PS2juGAct8RewTYz96X0XWhxJXQetPNVDI+ov0U7Vvj2tc+4VivqD9Qo3HvE8CdzHrT52vaead+35I8ty1090NQTguyDz6OO2HvQ/zzqZl7rR2RxAEQRAEQRAEQRAEQRA0ipNJZswo5p13RqbU74wZxRQnpaSdEOKM/bDM1RI+EEk0acQlTMwElJHI05oZ9rXET0775nkH57I7cD70B9mPfdtxX2zFObMFqpZnL+v5Je6966MJQZv9CJZ4grii3bImiAuJS/UXGTdj/Cz2rQm0gvza4soxX+O2bxK1X0hcR2dficcZx3xZ11mcX9V+gfM1LvtGhwuZr1z3lc1vrvXnxNiP9mJq9gtbGBN1P08zM7/4f0iev+5d25EawLmRGsCCIAiCIAiCIAiCIAiCIEwFbw0eZvTIkSnxlSwq4oSyWVPiazKRGsATSyKoUeq/eieiNT2zv+w3a256R5mImp757Xuv/vEzPhYkf92t/5OxOz+G+8j3Gfvpx3C3/s+sn7o/wJn/MT9Nodg343KCBEdcDWA9LiUeM65gPG21V/1XIx7fjzluqvGIfdNv1L42juZ4qv4ifnPYxxaXzb7ZOmo/Epd2yjJP5nzF2lfiMecLMy7Dn8WvPS7VvuF3nPYj68G67vPMl9GdyPoz5yvf+ouzH7f+bHEF99sE7BfKvViQ/ci6V+3b52u6GPnNT6e7C4IgCIIgCIIgCIIgCIIgCMIEUVo6c0rqARclEpSWzpx0P8LxR6QGsKt8xFZz0/v/yawBrNb0JKjmGa3p6Zz/rexVP1uNu+MfNfvujn/E/dlqAJymb+n+DL9a1VDNr9K3uLjCwcJvFrwatUqD+MxauS5aXKbNyHvlXzBf6lyotVDVeCJtTOOKbWsf8tSUVeerkPVhi0s7Ndnrz58nrHGp68O2/rTxi7GvH89fAziy/ix+C4/r6GoAF2I/sv4scQX+xjNfqsFC9gvNvmW/sKz7nHFNE0eef4IjL3ZNdzcEQRAEQRAEQRAEQRAEQRCECSDhOJSVzSJZVDRpPpJFRZSVzfKUnoKgEyaAFWVdoJZDVdyFasRQgWmoMkFREoYiwtC+6V5X9GlaSF/Vp+sjQ/szZkP1CnjrFdjXHqoSFdz0I9nz1StgxgmhP18VGLFv+lX6psalh6AcUO0bcSlqRNW+pkb2r/XsOhH7yueI/eh8afFE7MfEZdgPzljsE7EfXR/Y/Ko+tLjChRNZf+Z8qetPWYeq/dj1Z86XoSyNrA/LfEXj0odLGzdrXAWsP9u4+Z/N+UKfL9t9FVl/6v1biH2VQvYLdewK2S/Uscu7X9jsm6NpmyfLfB0jjD5x33R3QRAEQRAEQRAEQRAEQRAEQZggEo7DCWWzmDGjeMJtz5hRzAmS/BVykMQlm2hRVHKO+mqqUrX2Ci7ZjIrr4noNXNchdw1g16vtafoLcc67HqduHVQsgFd3wgv/jvvo93FObcg2ONirKPyUhe4Cjot78AWcE06D0xog3Y5z/vU4Z12S/TzQg/vSQ4w9+LWYuIx41Fdre0s8fmfi1Iamv8B+6A8zruCoPm6aP6t95ZBLfFxqPBb74SuR+dKd2Owb82R0KjttMesv0t58b58vzLhccsYVma+Y90E8xrrHdYIWmn1PBRuue6vIVXlvt++PX2RoIvbzrIfI/WzMkxO9f2P3C8VvvvUX2rHENa79Is/6C+z7h/T1dwwJgAE4svNB+MwN090NQRAEQRAEQRAEQRAEQRAEYQIpnVlCcbKIt99+hyNjY+/KVlEiwcyZMyhOJieod8J7laQu9wPHSwQ5XorFcfwEmvdqtA8SWY7/6p8IVY8qjqseDu07ruEPcP7ofpjXFF586hKcU5fgnPoRxu77Y5zRw1BZr0sH/ayO776yDkYPw/4ncD55N86CNaG9yjqcyjoSs+fi/uLKoNtBwsmLJ5ue8l6DuHQ/aHEFEQRx4cd5xoUkLv8nmF2FlZHDuL/bzdijN+M+uznoUNFV9+LMX4n7ux6O/MO5Wf3jRz5DcvVfg3uEsQdvYGzHT7L+HCcyDgCJC/4fEr/3P2HodUZ/8UV48aFsPP4EGu2t8+XZj8yXkRAPx9EYP0eZJzUD6hj+/PFT15+akDTXn2/OCecp29yIK8Z+EA/GOjeyhLb1oQyQkvzVDwf3laOPm2MmWA2/QTyOsf5i2uvdUe3r6zAyT+Z8OZb5Uv0Z9s24bOsPbdwmfr+w9TMcN8Of2f4YYOxAL27/b3HmnDHdXREEQRAEQRAEQRAEQRAEQRAmkOJkkuITkrwzMsI774wyeuTIuK5PFhUxY0aSGcUTryYW3ptEagD7H3zlYLSWaFjv9d3XYLXXeAUXPvrNbPL3wBO4v7qasb+ejfur9dnLzroUp/GruC/9F5RW4qz4itW+s+IrUFqJ+9v/wjn3uiD56967niPf/wDuv30K9+XHcBauwWn6JmENVj0eX9RoVRuafl31uK0Gq3LBm/txX30m/Pe7HnDHcKqXUnTpD0ks+xPdpunXZ2Y5zkc+Y/TZDfy5rgsVtTipP4TkTD0um9pV/af5cyPXmjWAXVsb9VW1a/NrBKmtD7Vmbo71F5R5Ha99c56CeIy4DL/x9s3j9vtK8+HZd4mPK96+edwWF+SrAaxNz1HY19afEdeE7xf+WLnq+ssxX24u+9PPkd4np7sLgiAIgiAIgiAIgiAIgiAIwiQxozj76ObZJ5Qya2YJM4qTFCUSXhnRLI7jUJRIMKM4yayZJcw+oTT7KGlJ/grjINSI+ypaQwkZKu4IBYRBe0Llnv9YVVVx55uz2CePfaf89Ky9HX8Pz23O6kef+2W2nu+y/w4VC+Hxv4LaS3BW3gjvHIKuHwX+nIbP4/zejVkbj/01zvJrsu+3/z1uz2Ycx8Hd+584iST84UehYmHWhxFXqIQ0lJ9+FJoCU1FYRpSlXr+CArjg7vkNY7/+H/qMVNaR+OSPcE5dhLPsj6H73+Cdt4xpUyfCO1K1mETjFxnr+KfsZ38cPMeJcz6HU7kgmAp/M4kqJA0/poJZnS/FfkAw36Z9YxwJxzPolHrGVJb6zWzrT+l4qNi22fdP2Ozb4woEpkZcwRyacWntHcOAqlyNs0+M/eh9FVl/mkI6bv2p7RUDjuEPm32zn1HltBnXuPYLxXxB+4Uaj6GE9oldf+p8HUMc+e3TJM9fN93dEARBEARBEARBEARBEARBECaRokSCohkJQJK6wuSQ8AWpNmVdRDHoWv6pCj/QFXeezUBtF2Mfm/1ZldmWLz+i2Hdx+7uzPZ95Iu6B7biPfA8A56K/wbnmeRKf2ULiz5/Hafmb7PXtG+HAkzBjdvbz/u2an7G+zqy9khMscSnxWJSEbjBu6HGp10AkNqW1MZ7g/m437vP/DkfewTlhDs7c5VGlok0NOqMUZ/GncWeUReaFyg/hfOhiKCr2/BIqMiNx5Zgvv4/mvMetB19F67qafW3NhSFFxk1bfzH2tbVhmy/fiTpPMXFh2ozYj85XYEsZx3C+bPYZh303uDci95U5X0YfrOvP5teMRx3HiH1lvcfez7nsG3GafS5w/WHaOar1p8zXMcTYgeenuwuCIAiCIAiCIAiCIAiCIAiCIBznJHxBavDqnQhrbmbVotnTymfvn3cUvDbZBtlrUT/nsI/N/usvZNst+m+KfQfnI95joF9/Mavge/T7jP3rx+Hlx2BsFGouyL6+/Bhj//px3Ec3Zp369j7y37y+Z/0kUtnavxzck41Hi8vrm2OLS4nHjCsYT0tchDaCuAK/3rm3+rMxFJdC2SmKKpTAt6a8HXoNhl7DOXURRedf6/nx/uc4JBo34Jx0Bu7BF+GdQT2usOf6fFnjUuKJxGVZD47ZOmofzb55yrL+Ar/57OvK1sj6s/r1/Fn82uNS7Rt+x2nfsdoP131B82V0J7L+zPmKW3/WuIx4ctzPk7ZfKPdiQfb9z+Z8OfHzNd24Ay9PdxcEQRAEQRAEQRAEQRAEQRAEQTjOidQAVsR+mEpCX0UXKuzCY1ZFokoofNUOxtp/YQsATuNXYe1dOPOacD59P8z9aLZl163Za5KzYGwUt/27uPf/Ke7PVmdf278LR97JnneBXs/e/I+TuGILzGvC+YN/xTn3q1l7vb9WlJaGYjBXXOFg4TcLXm0KSW10sSsS59RBciYMvwWZly0KYGMsR99h7PlWcIpw6i7FqagNlJDMvwCnbg2MDuP2/LuuWDU7b9p2jePmXHtxqYpPfL+FrA/Tvqt/nPz1pyhaLXGpCtqIgtSYyzj7+vF4+8F8mevP4rfwuPLM17uw7x/Pu1+445wv1WAh+4VmX1l/5lir/nLFNc24md9NdxcEQRAEQRAEQRAEQRAEQRAEQTjOidQAjtb09F6zL++yBjBG0kW17/v1eLkd96fn4/zR/ThnXQpnXZo9/tYruPddhXPiGTifuB1OOTs2uMDWq0/hPvxdxn7USOLyO6CmicSV92fPvZ1h7F+aoL/bUw7q/QxrACtxqWFo7ZV4zLgCgaMTXOQEn71PH6jGafzvJM7+Q3Ac3Feewt33WFSkaBEtus9twZ23AqdyAc45n8N54C8BKGq4Amf2qbh7H8Z9pTu8PC4uzbY/gf7EG+uBUCgadkTvo4tv3/Bnbe8ECyccN31dTEwNYKLzRcx8ae3DgKNxKf4U+4GBSFxGPMqQq/2M1gA24tPah/MVd185kXHQFb857Uf6mWe/UP0Vsl9ET+fYL+Ls692M1gC2zNexxNuD090DQRAEQRAEQRAEQRAEQRAEQRCOc5J6Qsz1PiqvqirQV81pGTzCc14CyvUauK6SQFSb4efDXC/xY/rzePUp3Ls+jnPaMvhADRzswd3TCid/iMTqf4aZJ+H+tg0GdsPwG5ofXGBGKZxyNs78VTiX/jPuPWs58uMLSHzocjipFjeThr4duAM9MXEZ8aiv1vaWePzOBMrGUHroLLmKoiVXWabFxX15O2P/+Z3I+Knm1KPu4Tdxn/45TtNXcOouhac348w+FWfBx7NJ7h0/gZPPgqLiiOIzEpfaD2VezLhyJtD8BGjEvv/Z1t6z68asv0h78719vjDjCsavgPmK9UUYj7Hu1aypZt8b83DdWyLTfNnt++MXGZqIfYvK24zFTD10pb4AACAASURBVFir86QklLVrbPuF4jfWnxmnLa5x7Rd51l9g3z+kr79jLfcL4B4Zme4uCIIgCIIgCIIgCIIgCIIgCIJwnJMMpYHei6+MNBR9oRJUb68q93yFXfaEriz00ZV7NqWs5+e0pThL/xzmXwQzTwqvHxqAt1/LHntkY7bGr4otq3P+9TjnX0/i0lth5olQNicMYWgAt/d+6N2C+8IDmjJQV6yGSkI1flN56Ginw7hCBa0TXvTmftzDb+h9fSON2/sAY513hA7MfKntkANjj/4fnAUX4VQtJtFwJc4HqqD0ZNxn7sV9+hckPvYt1Nqrjqcw1ZWghl1zvmIUumZCPBxHY/yC9aG319efMn6GgtZch2oiVZsvV4lPjSvGvqlkjVeURteHMkAYEmpD6RuvEA8v0P1GFejmBBlxad1R7evrMDJP5nw5lvlS/Rn2zbgi7f1uTtZ+ETjQ/UYVxmaHOKZwioqnuwuCIAiCIAiCIAiCIAiCIAiCIBznhI+AHofyM2yvKhLtCj67fcWPxX7ivG/CR79l73FpZfbf0ABjj27EqvA0/LrtG3GW/imcvNBqz1l8NSy+Gto34j68MapYdZyIKDQ2rjiFpP+qKIDH9vyGsV99SU9sYhk/m2MzMekCw4cY23UPRZUfIpH6JDhFuIde5cj227N+XeVSpY6qlrTMqajMo9ANrlXGLbI+YmIoZH1offb8WNZfoPAcr/3IujcvU+3nUBjrLnR/RO8rrZESFzFxxds3j+dR9Fvt51AYF2hfU+ha4prQ/cJbl/b2lrgiHTvGmFk23T0QBEEQBEEQBEEQBEEQBEEQBOE4J1IDOKghiqlUJBQQBu1Rkode0ihnDeBoojNi/8xLguSv++CXofdXMDQQ9nheE86n74fXegKFp65gVMNTFI+/2w01Tbh3r8ZNPxI2mXkSzrI/w2m6PvtvTyv0dQZx2WqG6opTfxwMf7E1WJ1grJzgM4HyMbYGq4Y6EUBREqekDBcHt+OfcD90Cc6ZK2HsCO6un8Heh7N+FDGs73fyagCb9o1xBH2+/PURJFQNf34z2/pTOl5YDWCbfXtccTWAg/VeaA1gjPUQa58Y+9H7KrL+NIV03PpT2ysGCqkBHOmnrQawHte49gvFfEH7hRqPdh+GxK4/634x/Tjlp0x3FwRBEARBEARBEARBEARBEARBOM5J6gnNPDU9XSIJlgAlARVfA9huP1BCuuCceXG25aPfw931L4Z9Ne/p9S2XIjOmZqirZn0OH8wqhA/uIXHZbThLNzD262u8kxYFoaIkdENvMQrI3DWAXVy9L5p9Ix5trF39aHIWlJQHx8eeuJVExXwYOczYrntCH27QG9zYGsA55kuNR50XG5YmuWqw5lLiWp24tveW+QoypmFTU8EcVZTG2Te74vkrtAZwnGI11r5izkW/r2zzlasGcFxcZjzq+jNrALt6ojZ+v4izb5zLWwO40CcRxNg33tqVzpb7axpxKj843V0QBEEQBEEQBEEQBEEQBEEQBOE4J6nXrCW25qapLPSZ8JqeNRdmGzz9UxzHidhXFZKaP0y/untNAemoiWLvdX9H9nzNBYbfsIat1b6RmM5bA1g/CxHFqtHxIHB1EC0pKy8ux3Vxe7ZwZPeW8JQXj2/T8exrNXLNAbPGlaemrGNZD1rCUF0fihl13PzP/giZ6y/w65mJtW9fALp906/iz/Ab2jfiOsoawKZ9n6h902+O+VL9mfMV8Wv4w7Afics6nFO/X6DvF3nt+/l/c77M+/kYIVFteUy9IAiCIAiCIAiCIAiCIAiCIAjCOIjUANbTbPkUrdmWE1nTkxNrs2fefDlyqYujK4AhovDM5zdQvZoKycxL2QblNYFiNlYJmcOHnnCyKCSVC/z+xyuY7TFYY/XjAqVWrtHWVZuqfXEibazvHX0dxNUA9g/ZldOKvzhfQa8me/2ZCeTciuecCtKC1l9himp1vatxWRWrOeM6uhrAhdgveL/w1k3B86UatDgtRFEdGT9TMZ1rv5hmis44e7q7IAiCIAiCIAiCIAiCIAiCIAjCcU6kBnC0pqevuCMU3AXtURR0jvcxVw1gjMRLVAEcnDGUh3o/vWtVf4riT2vsmHa9RLKhCNWuUh8Z7Bh+XCM/pcWlxGMqm/12Lz3MkR9+ODDgGIpEW61SgCM/uTwyBu5T9zC662eoKTizRqqaWxtr+x5HfvM9XfE5aTWA/Y9mDVZHHz+tfZigC8fNX49eM9v6UzpeWA1govOFfb7iagBH41L8KfY1pa8TY98YcrWf0RrAuWr0hvMVWX9696MGCqkBHOlnnv1C9VfIfhE9nWO/iLOvdzNaAzjXfjH9FC04Z7q7IBwHvPq7N6a7C4IgCIIgCIIgCIIgCIIgHMecesqJ090FYZJJ6gmxAhSecQo9JQEVXwNYT8yZtUodxahrZmbMBLSvnowoMtX29hrAofrVsB/x7VjshzWAo+NQQA3gHH41hWQeRaZtngqt0etPaWxcajwW+5HxjI3LZt+YJ6NT2WmbwBrAQSZVb58rrsh8xbw3FeJ5awBHavRaItN82e1rNZS19jlqAMfFYias1XmyKd/j9gvFb771F9qxxDWu/SLP+gvs+4f09XeM5X5JVC/AmXPGdHdDOA6QL2eCIAiCIAiCIAiCIAiCIAhCLpKhNNB78RJBpqIvVILq7Se6BnDQzlQAm0o/HN0f9va2GsBZFWBMXJ5vWw1gX0lo7Y+hSHT8PsbUKg0Suf64QWA/Mo5qpjDGvjaO6iNujVxrtEaqEx6wtLfWALYodM2EuGpfG7+YGsD6+lPiMxS05nzZagAHfh3LfMXYN5WsZvtg/IK4jPU+zhrAceve9BtVoJsTZMSldSdPzWY1HnO+HMt8qf4M+2ZcBa+/d1szPOa+CtZHRGFsdohjhqIlF013FwRBEARBEARBEARBEARBEARBeA8QqQHsf8itkPTbK8q9GAWf3b7ix7AfnHFD/WaIpQawTeGZw69/TaxCEgIVo66EjA0h+jnoeJyiOownl8LT6iOfAhMUBa2pkNTnKZsMc/WkZU5FZR6FbnCtbj9WYRz3XjkYUdD6jXOsv0DhOV77kXUfXX9TUQPYSGlH4oq3bx4/uhrAsQrjAu1rCl1LXBO5X9hqAIdY4op07NghueKy6e6CIAiCIAiCIAiCIAiCIAiCIAjvARLBOwdFfefXDPVqlTpO9oj36uDgONlz3pngFcfBFEXa7BNjnzfT2TM1F+j+Avvo1yrHI/VocQy/qvJTjydRc0G2waH9Wlw4UfuGCFLrU9hYuVYdJcf75x9xlFc1Hqt94u07of1gPFV/5nw5SnyOxZ85X4ECkxz2o3FhxuWPozlfvj9zHfr+jPnS4jHnK9a+/95mPxpX4M+My7HMl6OZ1cdNicu6/mxxRexH76vI+jDnK9/6M9dDvvVnma/QfjSuce8XRO3rZ2LWX+S+ciz2lXky5+sYoGjhCorObJjubgiCIAiCIAiCIAiCIAiCIAiC8B4gqT9CN09NT5fcikBTyRqpAWy3HyghXaBvB84HanD+6P7cPZ/XhPO1NyO5qXw5HeeK+3O2cZ/9ecE1gP3h0MbPqpiOUyhiHFft22sAj0+xajugHrfFlWO+YhWrueNyg1c1LkMAnCMuqxOrutcyX8YjsW0K5qiiNM6+2RXHquCOrQEcp1jNpVT2zbno95VtvnLVAI6LK9f6c0z7aOssfr+Is2+csynfC1h/0ScRxNg33tqVzjEK5Cmm+GNXTXcXBEEQBEEQBEEQBEEQBEEQBEF4j5CMqFq9bIlZczOsvWpLSDJxNYB/fTUc+t/woU/B7LkTGWtuMmncvk7G2r5NXA1gALNWrqMOCxhqRidaA9hMSPrj5l3jmuNm1ADOO18xNYDVErrafAXJStOvLS4nd01Zq30jPsN+JC7/sz9+5voL/CpxWe0b8Vjtm34Vf4bf0L4RlynLLbAGsGnfJ2p/HPOl+jPnK+LX8IdhPxKXdTinfr/A2C/y2Y+se2P8zJrK00BiXj3J89dNdzcEQRAEQRAEQRAEQRAEQRAEQXiPEKkBrKfZ8ilasy0ntKYn4G77C/ivv7C0tyQCzYRnHr+RhJClfUQxaCohc/jQ7dtr9IYySSdekagLIePjQU10mbVyzb7p8xTUAFbjivOVNWxVfmqLx39xicQVVazmi2uy15+ZQM6teM6pIC1o/RWmqNbWnzpf5JmvSFxHVwO4EPsF7xfeuil4vlSDFqeFKKoj42cqpnPtF9PAjMu+PN1dEARBEARBEARBEARBEARBEAThPUSYADYUg4HSLlDoEgrugvYoCjrH++hElHd6e9V9VAHskKu9at8JFH2m4k+1byotA3+aMlO/RPUb2lfiUrultVftG3GZAsdgXIzxc414Iu31zjqRuJT5irS3jZsRl2HfVHKa9iN1VA2/LjHzZW0fJugicfnNbOtP6bhqX1sP6jgGHVDtx8yXmZD0TkTjUvwp9k3lt9W+MeRqPyPj5hrxae0t69y4r5zIOOgLM6f9SD/z7Beqv0L2i+jpHPtFnH29m+PbL6ae5JIWkueund5OCIIgCIIgCIIgCIIgCIIgCILwniKpJ8QKUHjGKfSUBFR8DWA9MWfWKg39WVD8xikjXcUPnjLQqsQNlJd2+yE2+2EN4Gj7ya8BrCsvj65Grz+lsXGp8Vjsh685Emh+AtSi+NTmyehUdtomsAZwkEnV2+eKKzJfMe9NhXjeGsCRGr2WyDRfdvtaDWWtfY4awHGxmAlrdZ5syve4/ULxm2/9hXYscY1rv8iz/gL7/iF9/U1z7henqJgZn7lhmnshCIIgCIIgCIIgCIIgCIIgCMJ7jWQoDfRevESQqegLlaB6+4muARz48/GzNIpZU9GnNzDiMeMyFJ9mXLYar9n0VKgkVO2bysO8NYCNuGw1WCPjqGYKY+xr42ipARy4NefLlBob7eNqDEfmy0iIR+YJMy7scbnqR2P9qQlJc/355lTFp2OZrxj7ppLVbB+Mn2V9KAOkJH/1w5H1Z9a+Di7Q/UaV2uYEGXFp3clTs1mNx3JfReZL9WfYN+MqeP1N+n5hKozNDjFtzFj/PRLVZ01fBwRBEARBEARBEARBEARBEARBeE8SqQHsf8itkPTbK8q9GAWf3b7ix2I/9Gtepir4JrMGqx6P6yVUY0KIfg46HqeoNuKJUXhafeRTYIKioDUVkpa4NMWqJR7Nbx6FbnCtbj9WYRz3XjkYUdD6jXOsv0DhOV77x8j6M1Lakbji7ZvH8yj6rfZzKIwLtK8pdC1xTeh+4a1Le3tLXJGOTQ/FF/0Jxc1XTW8nBEEQBEEQBEEQBEEQBEEQBEF4TxKpARzUEMVUKhIKCIP2KMlDL2mUswawmvDJbT++Rqqf3AsVnrqCUWusKB7NuOLs63HZaoZq6TlNgan4K6QGqxaoElesfWUc89QYjq/Ra/ibtBrApn1jHEGfLz8ujPmalBrANvv2uOJqAAfrvdAawMTMV8Q+Mfaj91VkfWgK6QLWn2qgkPUX6aetBrAe17j2C8V8QfuFGo95nwTuYtafdb+YGpLnrKHk6u9NvWNBEARBEARBEARBEARBEARBEN4XJPWEZp6ani6RBEuAkoCKrwFstx8oIfPa18/79mMVmbE1hi1OClUQKkpCv7va+Jn+fOO54lL9WRSZSlZwnIrVuLj847a4csyXGk9B9vW3uWqw5oor73ypWUNbTVnlkdjZZZFD4W5ZZ7HvfX+F1gAO7LsF2lfMuej3lW2+ctUAjosr1/ozawC7eqI2fr+Is2+cy1sDuNAnEcTYN97alc76/TXZFH2kmZnX/mjK/AmCIAiCIAiCIAiCIAiCIAiC8P4jqdesxVDW2WoA2xKSqrLOTxbpykKffDU989sPlXuaP0y/unuzBmuYKPb9epcTtZ9tHWNf7bbqz/v/SFxmQtLReqPUrHWiDSL2LeMZUwPYphzV/JkDZo0rT01Zq30jvpgawBHlsj9+5vrDmK9Y++YCsNnPsT4Mv6H9mPU3zhrApn2fqP1xzJfqz5yviF/DH4b9SFzW4Zz6/YJx7heRdR+zX0wByXPWSPJXEARBEARBEARBEARBEARBEIRJJ1IDWE+z5VO0ZltOdA3g0L5+qVXBZyY8c/rNoZBU2kf8mUrIHD70hJO9Rq/2XOKcCmZLDEacWsLaqNEb7Zs+bkENYDWuOF9Zw1blp7Z4/BeXSFxRxWq+uCZ7/ZkJ5NyK55wK0kLXXw77WmgQicuqWM0Z19HVAC7EfsH7hbduCp4v1aDFaSGK6sj4mYrpXPvFJFF80Z/IY58FQRAEQRAEQRAEQRAEQRAEQZgSIjWAozU9fcUdoeAuaI+ioHO8j7lqAGMkXqIKYIdc7VX7Rm1URfGn2o/UAA5q2XotzESQ4Te0n6tWKUGCK7RvxGUKHINxMcbPUqtUb6931onEpcxXpL1t3CarBrD/MWa+rO3DBF0kLr+Zbf0pHS+sBjDR+SJmvsyEpF8rNxKX4k+xbyq/rfaNIVf7Ga0BnKtGr2WdG/fVu6oBHOlnnv1C9VfIfhE9nWO/iLOvd3N8+8XE4xQVM2P99yhuvmpyHQmCIAiCIAiCIAiCIAiCIAiCIHgk9YRYAQrPOIWekoCKrwGsJ+ZMJW7oz4LiN04Z6Sp+8JSBViVuoLy02w+x2Q9rAEfbT34NYF15eXQ1ev0pjY1LjcdiP3zNkUDzE6AWxac2T0anstM2gTWAg0yq3j5XXJH5inlvKsTz1gCO1Oi1RKb5stvXaihr7QtTuGvvzYS1Ok825XvcfqH4zbf+QjuWuMa1X+RZf4F9/5C+/iY590tySQszPnMDieqzJtmTIAiCIAiCIAiCIAiCIAiCIAhCSDKUBnovXiLIVPSZtXL914muARzW6PXwszSKWVPRpzcw4jHjMhSfkRrAijJQUwwSKglV+6byMG8NYCMuWw3WyDiqmcIY+9o4WmoAB27N+TKlxkb7uBrDkfkyEuKRecKMC3tcrvrRWH9qQtJcf745VfHpWOYrxr6pZDXbB+NnWR/KACnJX/1wZP2Zta+DC3S/UaW2OUFGXFp38tRsVuOx3FeR+VL9GfbNuApef5O+X5gKY7NDTDiJefXMuOzLJM9dO/HGBSFCN7dc10pn7Ply1n5jA2vmTGWXNvGFH6dZ+sfXcU1qCv1OCN541q3kh19YTqm1yfEcnyAI9G/lhh900RfboIZrblrH0insUudPbuKWXVPvd0Lwx3NxC7denWdTHE9bQRCOGfoevI0bHsjEN5jye7qfLT/4KZtp4MZvrKJqCj0fFxxK0966jS07+hkYzh4qnl1B3fIlrLuogaqS6e2eILwfyH63m6Sfxb3vU1x8FTdeNEHG5TuaIAjCe5ZIDWD/Q26FpN9eUe7FKPjs9hU/FvuhX/MyVcE3mTVY9XhcL6EaE0L0c9DxOEW1EU+MwtPqI58CExQFramQtMSlKVYt8Wh+8yh0g2t1+7EK47j3ysGIgtZvnGP9BQrP8do/RtafkdKOxBVv3zyeR9FvtZ9DYVygfU2ha4lrQvcLb13a21viinRs4ihauILij11F8vx1E29cEPJRXsO6TyygPHKihJroQSEfPdu46cFqvn1R9XT3RBCEyeL0ejZcYLvHy6md8s4IgiAc+9Q2raL5DMuJipop78v7in0d3PbwfioXr2Ltojxf7F/Zxnf/ZjvpsRJqF6VoXjyH8kP9dD71It1tW7nh4d2sv+EKmsoAMnTfv5WON+bScmUj457FQ91s/lUvA2csZ8N5sgYEQRAEQRCORSI1gIMaophKRUIBYdAeJXnoJY1y1gBWEz657cfXSPWTe6HCU1cwao0VxaMZV5x9PS5bzVAtPacpMBV/hdRg1QJV4oq1r4xjnhrD8TV6DX+TVgPYtG+MI+jz5ceFMV+TUgPYZt8eV1wN4GC9F1oDmJj5itgnxn70voqsD00hXcD6Uw0Usv4i/bTVANbjGtd+oZgvaL9Q4zHvk8BdzPqz7hfjJ1G9gKIlF5FccRlFZza8O2OC8G4oqSC1pEEUEBNI+oH72ZzawNrTprsngiBMCifOo3GJKBwEQRAKpfysBhpl25x63kjTsSNN1SnDrF2Uq+EwHfdvJz1azpqv699hGy8EDvWyqfUgqbKwfbp7Lx39R1h6NAngw/107thL3+gCNpw33osFQRAEQRCEqSCpJzTz1PR0iSRYApQEVHwNYLv9QAmZ175+3rcfq8iMrTFscVKoglBREvrd1cbP9OcbzxWX6s+iyFSyguNUrMbF5R+3xZVjvtR4CrKvv81VgzVXXHnnS80a2mrKKo/Ezi6LHAp3yzqLfe/7K7QGcGDfLdC+Ys5Fv69s85WrBnBcXLnWn1kD2NUTtfH7RZx941zeGsCFPokgxr7x1q501u8vG05RMcwswyk/BafygySqF1J0xtkULTgHZ47tT+AFQTjumVNOzUCGLf+wiZrr17F01nR3SBAEQRAEQRBy8SLdu4HK+TTa/oBx9gLWfWqq+yQIgiAIgiBMJ0nn2reAMAUS9zpRTJUfQRAEQRBC/BqTG/5iAT0/2kb7K6OQLCP18d9nw0Vz6HvwPm5rO8DAMBSXV7PuT6+g2f/lUVBn6AqurXycW365l/QgFJdV0Hj5Gq5cNofiXM7HDtLxyy1s9muRJZPULFrGleuaqJ0FvNTK9Td3M7BoJf/wJ8t1W/tbuf7/62ZoxWp++Ol6AAZ23s9t9/ey5+AoJJJUpc5lw5WN1CSV6w7vpXXTf7HlmYMMjUJx+RyaP3UZ6/I9Og+gqpHrVvdw/Y/T3LGpm7qrU/Z6wD6j/XS2bWPLIwdIHxoFoHTefK68+pM0Vphj+EnW8zi3/OcBMqNQfNp81n/+kzTSxR0/2UbHvlFGEkmqzm3hm5+q1/wO7W3njnt30L1vlBGgfH6K9etbSM3OH5IgCOMlrDH5zT+CLT/tojsDlJTTtO6TrF8MHZvu5a5Ob485rZ5rvrSalP8HI0G98C/S8oqyv1ZUs+bTq1lzVp69yNjDKCmjdtm5bPiDBioTMPTE3Xz5ngNUNq9j46W6bmtkx938+V0HqLn8c3z7woroHlxSztJLW9hwXo22307oHnOwi7vuepz2vYOMJJJULjybDR8/CjuCIBw/vMvvOkE99P+1nL47/4Mtzw8yQnb/WP+ZVdTl2YvMPay4Yg5Nq9dw5ZIKYJD2W/+RO3rKaPnqF1k3V71ymI5/+Ttue6aCdTd8jpbhKfjOFozVOq6t2M7NP99Ln78/X7aaa86tBrq55bpWOr1L+h74KV94AJgTV/u4jPLZwMBeOl4h51Ns9LrOaW657iYAlv7xdVyTgsy+Drbcu5OOfYPBf4NSzb/PhovmU+r/97Hfu3xXK1+4rhXwatl7//2rMuuT2o4f3suWO/+D1heyforLyqhbsZIrV9dTmcg124JwnFHQPR8yMtDFpp89TvtLg4yMZet4pz7WxJVNtrJP/j3p3YP5jo/jO1pBP3cLgiAIxzRF3/nOd74z3Z0QBEEQ3j2v9L8xrvazZhThOE7wD8j5HvU94cPFI+2U13zHzPeFfM53PI7xti8uPh5+69DP9tY99M06haUNlRS/M8yw+m/UYeaM7E9nfbseY/urb9PTlYa6pXzq3AqGXnqZZ5/tpffF53hg9xjnXHQe55ycYc8L/XTuGmDhyg9R6QCDe2l75BVGjhzgoZ3DzG9axiWLynj9t/vYteMpupNnsfJM73ly/c/yq64MVQ3ncc6pwNgBtvztT7nr2UHKF6S45OKFLCx6k+6dL9DW8Qrzz6vn1JNPYmx3F8++cIjSc5dQOzOMsPvff03b/hNZ+/mLqJ0JfVtv4y9//jJvzf4gl61eTuO8EfZ0dLPlmRHO+egZzAYY3s1t37uP1v1j1DQu51MrP8js/pfY+l9P0f/BxSydE/cTqzeep9XyqZbz+OBru2jf+TzP5ooPSN//U276rzcoP6OelotTnFN9hN92vUT7Di++ZDiGmb4XaX/tA7RcvJzUCQfpee4Vtj+3h96Hn6Zv7kdYe+FpFL16gN7neuktq6OpJptNGnnmF3zjn54m7Z7IykvO4+N1M+l/5hkeeETxIQhCfrx78a3KKlaeNVvfM98ZZngsycziBDBI7yNP0XPodTp3vMWpF5zDmkVF9D33Cs927aV3707aXq3gkotT1BW9xrMvHqBj7xgrV9QwE4K9ojjzIq3pJOc1r6Bp/hH6dr/M9iee0fai7P5czjm/vyj7C/3D3dyy8dds3T9GTUOKy1adzqmD/Wzveo6tz2b3uoqqJK+399Lz8gjzf+9DnBr8J+4gW//tYZ4dWcD69Q2c6vSz5W/uyO7BZzfwqYvOYv5YP+1tnexS9raj3mP88TytlssWe5vi4W5u+ev/5LH+BB9clmLtx+Yx+8AL3LXtFUZGjjCithUE4ZjnrRc7aXthmMoFi6grH47sm2NFM8lum+/uu052Lyzi9b1P8dvkQlp+fyELeZ3uZ16i/Ul1L/L2Z06juelMZgND3Zu4/p+fJe2eyDkfW8Yli8p56+W9bH+8y9vrTqKmbICtna+QPnISl5x9Shhg5nFu/7/7GVnRzJeWnTI139k8H0MHX6J19yhLL8q2G/jty/R09fL6/BU0nDyTijknUfeBDJ3pw5SnGrmqpY6lZ59BbeVsiiIzVU7F6LO09WboffxJtr/0JiOzZ1F1wmyKjT18Ztksqs6sgJf20zdcQfNnz+PjHzmT1BmnUeFs5583PkyncxINFyzhknOrKB84QEfn09534nJmV86mtvoIe57PMHx6PRs+sZilHzmThVUnMdP779/ssxbTXFsWOo0cT7Pp//05W/Yngu/rFYMH2d75NHvKFtFUMxNBOF7J7mczqWtaysIyCrznvYtfauUv/+Zxnj1UyqILG7is6YNUvPU7Oh7Zw1hqOYuKsrYI7iVvSJtqvAAAIABJREFUTxxUvkuC/fg4vqMV9HO3IAjCJDA6MjbdXXhPIb8uFARBEITjnYFubvpOd/R4RCEwTO3qL3LtiuwvYxpPfJsv39rLnhfLWH/jFTTNAmigcvAmbtmVpnsf1J2uuHlpptIOGs+Zxy0bW+l8YCsdTVfQWBLtwsjObWzeD5UXruPGyz2V2pJGms+6my/fs5e7Hkyz8dIami+oZtNdB2h/op8WXxUwvJ227aOwKEVzefbzpgcyMKeBb399FVWJbH+b5t3Hl2/tovX5laxfCOkHt9ExmGTpZz/HNUu8WJd8mMq/vZ1NbU+yblGT5S+nTUpIfeaTrH3lbjY/cB9bFm1gTYySombVFfz1xeWUB9+qGkiV3M7X7t1LxwuQUuq1DZUs5Jtfb6E2AZxbA323s2lfPwMXrmOjNz5NZ8INP+hiz+4XGWmqoJg0mzfvZWhWDRu+sY5Gb54aF3+A797YwZYnM6SaClA2C4IQ8kw7X3umPXp8cQu3Xq0UuTycpOnaDazz9sI6budr9x6k52CKb17v38vz4Qc/ZfPefXQPQ5OyF6Yzc8N2NNCU2sp3b+qiY/M2Wha1WGsuprc+QucgpD79uWC/ZkkTS+/9R77/0HY27TiXa5fV03zuNtrbeml/BlJ+l/dvp20fVDY3kErAyI6tbN4PVRddwY0Xe+qSJY3U3PNDbm57nJ5Vl1E3wXvMnvu35ej/cMF2BEE4tujedBtf2xQ97qtGfY7uu47PQTLzwnYsaWTpg7dxwwPhd8Yoabbcl2YoUc36byjfU5vq2LRxE63+99S6Bpoqemnd/jSd6+pZ6v2tZ/rhp0lTRktTvWZ1Kr6zZQ6fzIa/UNqdNMgXfpyme3caFtZQu6SB2mQvt7UfpHTuQhqXzCEXVav+mI0n3pdVF/Z0s6mnm014auhVK1mzoobyRPapFY2n9TPQ2kEnJ1C3pEFRDS5n/V8uoLw87Gfj4pMZueF+2nftZmDVSqrqGqiqeI0tv06TOXEejUuOojh0fy/dB6G0aQ3f/IP5WT9Lmlh3qJ+BGfK9Vnhvku+ehzSb7uxmYKycNdeFtbwblzSxNpNhpBzoj7efj4K/oxX4c7cgCIJw7CMJYEEQBEE43imvYd0nLI+DmjWHSr0htWcqf4lfUUY5MLSoPvhlGUBVVTnsyjDwpmHPaMesFC3LttH50AG6X4DGRUTofuYAUEZjo/4Lu9Ll9Sy95wCdz+9lgBoql5xPywObaH2ii/RF2aRIpqOb7rEkTed5j4V+IU33GFTW1VA6mMF/cB1zT6WWXva81A8Lk3Q/PwhUkzprlMwhv1URNfPL4KE+9oDyS64cJKpZc2UDnTd1sflHrdRd30Ktrd2scmXsRxk6NAgzsqqFyB8uzp/nJYIAKqisAPYZ4zNnDlVA38EMA0DVwF56DgKLaqgbzZA55PfvVOoqofXFNDQdxS/eBOH9zOn1bLigOnq8wkguJOZofwhTftIJwEEql52t3MtzqKoC+gfJZADl9/N6O+C0JpoXdnFHT5ruAajRN2mgn+5nBoEaGpeXaWdqGxdQ+VAX3c+9CMvqqVm1nNS2bXQ+uZ2RVHaf7G7fzQAVrLsgG0fPc9k9OHVWmbIfQs3pc+CJfvb0Q11iIveYfnpeGM7Z/4ECLQmCcGxR27SK5jOixyvNnOzRfNcJTkS/M1Zd2EDqgW10+98ZzQ54iURSxvfURA1Ny8pofdD/nlrDmouqab0nTfvOYZYuK4Gx3bQ9PgjzGmmZa9idiu9sHz7bSwR5nFpBFWn6MhmOjiSVyz7JjctGGRrYx55ne2nr3E3Pvn7aNm2i7dEGbvyKn8yJR03+MjxI5p0kpWXASPaR1hNCZQ21ZV2072xn01klrFlYTWkJMNv8+UUQ3kPku+f9PaSuIfLHx8Xl5bnLLuVlHN/RCvq5O/cfpAiCIAjHBpIAFgRBEITjnZIKUksaLLXATMqpsv1GJRF9iJyNyjkVkWOlpTOB4WiiE4BRRoYBkkSeqO379H+RlKih5YIKWu/dTVtPC+vr0rQ+fBAqUjTXeU3fzv5V8sBD9/G1hyzu+l4Fyhk6DHCAO75zm6VRkr5+tARNTk5bxXVXHuT6O7u5+c4qNi6JNhkZ6OKuO9vp2B83DiFVp5xsOWoZH5XDwwxBvGIx0U8fFDD/giAEFKpYqiy3/iK6uKiwH6OqTjE3m5LsL7gBrPvF29l6i2DZN8n+4m/UazBrOc3LH6H7iW7aMstpmWk8NYFRhgYBBmm95TZaLd7SrwInTuQeU0D/BUE4Lik/q4HGArbNo/quE3qJflctKcnuHXHJx+Ej3ndJy/dZb6/2v5+VLm+g6b4DtD/8JJllTZTu7KL9MKQuOCfyh5RT8Z3N7mMiSFJaOZ/UhfNJXdgCw2k2//0mtuzvYtPOJq5dZnlsj89Yhp6t93PXwwfoGzTOTWS+J7GA9V9ZBT/aRuuP76YVKC6rIPVxr87p8VCNRxDGSd573t9D/H1vQin8O1phP3dLAlgQBOF4QBLAgiAIgiAUxED/QTAeWDo09DZg+SESgCTFJQCj0cTo2JHsa3Ey+GGzvDFF6lfbaH90O+s4QPtBSF25MvBY7NUzLk81sm7xCVF3FTXAMKVJgAqaP7vEotgtoWacT5UrXbKa9d23c8uu33DHmJkE38umm7fSfriE2nMbaT7T69dvd3Jb+8HxOYqjpCg7RnGKxYjSWxCEY4W+3/UD6n07zJD/hD3rvjnT28O8hIXaZoxskiMZ/giXaqqn8olu2h5O0/iBbrrHymj5fe+pCcEeXMLSS5tYemLUW2UNMDyRe0wB/RcEQYglQ98AoCrfhoeze4fynVHD/57kf7dUOZLNdgTfUxP+4/OfpnX/hyl/+ABUpFibKyE6Ho7V72wlNaxtrmHLnWkGDhqPqjDIPH4fNz3QT/GcGtauXkBlCcBbdP6qg85304dRy7GKBtZ/vYH1o4NkXj1Ax7atbLr3PtJvrot53LcgvMfx9xBv33t3SWDzZ/DCv6MV9nO3IAiCcDwgCWBBEARBEArjmd20H24IH6831kv7jmFIVJM6y35JalE17DpAR0eatZeHPygObd9NJ1C5cH74i7ASX83WxU1vZBiatYDmJcov5BbOJ5VI0/0W1C1p0JUao6OMeEmR1KIyNvcPMlLWQKNRm2hkFIrH/e2njKWf/SRr+u5mS7dZdOktMoPAnHrWf6opUHTsST8+XifxzFlAqqKLvoFRyhc3UKf9sD7KCDG/EBUEYdoZ2PE0e1qqw8eIZp6k/XmgooaUNQswx9vD0nRsH6RxRfiIvj0dvQwAqQ+dGTafu5zmed1seryVm2dlIo8x9ffgTHENjUv0P2AZGR319sOJ3GPC/rc9epDGptCn339BEIR4BiPfGTNPdtON8Z1Rxf+eFPmemqZ9x2Dke2rNBWdT09ZB+z2/oHQ/1Fy+3FqP/aiYjO9snrJ56C1TjmsyTMe9W+D8y2isNL/sDtKx6wCQpPZ0P/mb9LJLb2efnuON29Bg9q+UUqvXscZXfB/eTsddgJonT3ixDA4xBJT6x0+poJI0fZpC0PevkmFgoIzKyiQkyyifu4CWK99mz45WOvv6GaFGvt8K7z/8PaSniy2vLA9qAAOMZDKMlJeH91p4EZWnAv0Z/UlXr+ymc0BvV/B3tAJ/7hYEQRCOfWTHFgRBEITjneGDdO/sIh05UULNh+upmiBRQ3nVIJt/cDs953+YVMlrtP1mN3sGoebilTTG+ChespK12+5m80ObuKE/RdPyckZ2P0vbzoNQNp8rL9J/5ear2dL7obK5gZT6i7OS5axr6aL7gQ6u/8E+mj9aT83st0jv2kvH7gypz3+J9QuhZtX5LH2ilfZb/46+JfU01Z8MAwfo7OqlZ9YyNn6pKVovOR+Jataub6D7pi7S2l9Sz6VuPnTu7eKWn0BLqoS+7T107LPJHI6WGtZcVkP7j3u56cbbaTz/w6QqYeDFF+nYcYDS1Z/jm03Rx3MLgpCDN/bRsdOiFqOcuiXzx79HxFA1K81Nf3U3zR+tp2q4l9b/TNM3VsLSy86PTTj4e1jnptv5/gv1NNVn95W2nkGYu5x1mlKtguYLqtl01wHShyF1sf4Y02AP/uXt3LA7RdPyOZQf6qfzqRfp7q/m2u9cRl1iYveYoP+/vJ0bXmwI9sW2faOUQvbRhoIgHHdkXuiiw6rinE/j6RO1a5ZTuueX3HBrffY7Y3c3W3ZloKyGdatid01vD0tzR/A9NUPHY910H4Sa1av076nl59CyqIPbnskwlKhmQ+NEfoeahO9s9SmayvbS/ugWbio+h6a5c+z/nRrspuPRvXQ/9EPumldN6qx5pOaewMjAATo7d9PdD6WLW1gX/HFkBU0rKtj8y37uuvkXDLWcSVVVPanT51BKhs6f385dry+hZvhF2h87QJ/5Xb8yRdP87dz1Qjvfv2eENQtPzv7ccdoCllZ00bprGzf9eoimuTCwaydbnjEWT882vntrL8Xza2j8yAJqZr/Fnoe76ASqzpDkr/B+JdzPtvzNbaQvqKNxLqS399DWM0rzV7/IOsvNsTRVDd0H2PyjX1B88ZmUHzpA63/upi+BVnKk4O9oBf7cLQiCIBz7SAJYEARBEI53Mmk23RlN/0I5a79Rz5oJKs9TmlrNtZWPc/OmdjqGs3W6ln5qFRvOszzizidRzZqvfI7KX25h845uNvUAySQ1qUauWddErfnLpLln01jZzZaBCpoviP6ir+qiDWysbuWuX++m7d4D2Udjza4gteb3WeurO2aluOb6k2m/7z/YvKuLO3ZkfVbNW8D6z5x79Imd01Zx3bp+vnyPqmCooPnzn2Tozv9gS3cXd3QnqVy4jOv+oI8brHNydJSm1rHxqx1s2vQkHa3tdIxBcVkZNctWseFcSf4Kwrh5aff/z97dx1VV5vv/f+3Nhg0bcQsiCAjeoqCSircR6ZiFTZbZDU15pmwaa8a5sX6jZ6b5nlPfM/Wd0zRH51SPZpzKmdIay8Ec07SkyDTSMEUNU7xFUUQRUURuNmz2/v2BICAoKLBvej8fDx5u1r7WWp+11c9aa3/WdV0sPrq3hTdimDOqP4kdtJuI2x5i1snVLFqbQakdfEPCSJkxndRhga2vFJDAnN92Iz3tc9bW5zBzIAOTpjD7npGX9YDzHRVP4rITZDcfNQEacnDMuvWkbb2Yg40mrFGRzHhkUkPvtA7NMQEJzPl3f9a+l9EoLw5n3o9gyas7VQAW8VCHMjM41MK0toxIYfwjbZgcuE2sTJszhcJ31rPqnXJqjCZC+ycwc1YKCQGtr2VJSOWFX2Sy5IPtZH+cSRZ1+XbyD6cxc1TzHGZm/KgYFn+bj2XMyFYfYrxWHX7NZoxl1s8mUfHel+RsyCS3tfNU4Bjm/j6G7A2ZpGefIHvjCbLq5z4OC2PyzKmkjg5rUli1Jj/A3HMrWbY5j7R38oi4PZKE26bzzA9XsuhfeWz4IAPfwBCSZ04j4YOVrGqywxAm//gOiv+2kQ3bsli8tf6+I4bUOVOoWLqRrA2Z5BpNRCRM4OkH83l+WaNr48GTmHO3jbTPTpD+Qd1y38AQEu+exqyJmltUvrsa57OcDVnkcPF+9+5JpERAS8Op+I6eztMlq1m8oe7/sq81jMk/mE7Ch6tZ23gAq3Zco7XpvltERNyewel0Ol0dhIiIXL+du/Pa1T64mx8Gg6HhB7jiaxq/Bgy00q7Rn1db1vx1W36/2vLWtLd9gEXPSDUoyuDZF3fC7Q/z3G2d/IVMaSbPP5dF8bg7ePkH8Z27LxGRzpKTxuNv5ZP46DzmdFRdpDW5q3nyjQOE3v0jnpmoB0JExDNlL13Iol0xzFmY2mEP4bQmZ/nLvLK1O6nP/oiUjuq8LCIiIiLXrbKiI0fUE+PVm4iIiIh0jZyPt5NPIMnJKv6KiFxdCekfH6DCGElKhw5jKiLipUozWbXVDsMSmKzir4iIiIh4MRWARURExD1UbmPDNjtEDyclytXBiIh4gKPb2HCMThnGVETEGx36fDf5mEhOGqN5ZkVERETEq3n8ENDbdu3no4wsTp4+S3V1TcNys58vEb17MvqGwdw+eawLIxQR6RoaAvrKNAS0iIiIiIiIiIiIiHvSENAdy6O/3V7/+TZWrNnY4nu26hqO5J/kSP5JQkOsjBkxuIujExERERERERERERERERHpWh5bAD56/FST4u/ECTdg7R7Y8PuZs+fZ/PW3ALy2dA0R82cRFRHa5XGKiIiIiIiIiIiIiIiIiHQVjy0AnywqaXj9b/dO4Xs3jbysTf/o3vxjZQYAR46fVAFYRERERERERERERERERLya0dUBXKtTp88C0DOkO6NHDGmxzegRQwi0+ANwpuR8l8UmIiIiIiIiIiIiIiIiIuIKHtsDOGnsMM6cPc+kG0cQ1C2gxTZB3QKY99NUPv0im6Sxw7o4QhERERERERERERERERGRrmVwOp1OVwchIiLXb+fuvHa1D+7mh8FgaPgBrviaxq8BA620a/Tn1ZY1f92W36+2vDXtbR9g8dhnpEREREREREREREQ8SmWF3dUheBWPHQJaRERERERERERERERERESacvvuTcdPnCYvv5DCohJOFp2lurrmurfp5+dLdFQvwkJ7EB0ZRkxUWAdEKiIiIiIiIiIiIiIiIiLiWm5dAM7OOcCS5eupqLR1+LZz9h4G6orBU783hulTkzp8Hy2prKrmlcUrOZhXwJxZ00m8IbZL9isiIiIiIiIiIiIiIiIi3s9tC8B/efMDduw+2GRZn8heBAb4X/e2q2zVHD1+CoDq6hrWpG/h8NFCnnrivuvetoiIiIiIiIiIiIiIiIiIq7hlAfifH3zeUPw1+/ny0L1TGDa4Lz2s3TpsH6Vl5WzNzmXlui+w22v5dt8RsrL3Mj4xvsP2ISIiIiIiIiIiIiIiIiLSlYyuDqC5PfuP8smm7QB0Cwzg1RfmctPYYR1a/AWwBgVy26TRLHrxKXqGdAdg8T/WcfhoYYfuR0RERERERERERERERESkq7hdD+Bd3x5qeH3PHcldss9ZD0zlT39NA2DLtj0M6BvRJfttC6cTcg/ms3LtF+QXnMLphF49e3D37UmMHRmHwXCp7bnSC3yyaTvbd+2n5FwZTqeTHtZufP+WcXwvaSRGo4HMrByWpn3CkIHR/PLHM/Dz822yv81ff8tby9czPjGOR39wOz4+Rs6cPc8HH33J9pwDVFfX0C0wgAmjh3L37Un4m/26+BMREZH2stfWUm2zU223Y7fX4nA4cTqdrg5LRDyAwWDAaDRgMvngZzLhZzZh8vFxdVidSjlTRK6H8qbypoi0j/Km8qaItM93MW/KtXG7AvCp02cBiOwdysQJN3TJPuNjYwjvFcyp02cpPHWmS/bZVl/vzOXN9z7GaDQydHA/Avz92HfoGIv/sY7iklLumDIegMoqG395azVHj58kvFcw40bFUV1dQ+7BfN5btQGn08mUmxNJiB9AWGgP8vILOXr8FLED+jTsq7q6hi3b9uDna2LihBvw8TFy+kwpL72+guKSUvpE9CIqIpT8giIyvsjmWEERP39sBgH+KgKLiLgjm62GiiobdrsDf7Mv/mY/TIE++BgNGBo/QSQi0gqn00mtw4ndXktNjZ2z58oxmYxY/M2Yzb5X34AHUc4UkY6gvKm8KSLto7ypvCki7fNdyptyfdyuAHzsRBHANfXCfTvtEzZ99Q3J44Yz6wdT27Vuv+jenDp9lhMni9u9385y7MRp3lu1gR7du/Hk4/fSOywEgIpKG3/++yo+/3IXY0YMISy0BwH+ZmbeewuhIVa6BQZc2kZBEX96bQWbv/6WCaOHYu0eyKiEWD7+bCtbtu1hUP8+Db2Ijx4/RV5+If1jIujbJ5zq6hr+8f6nnDl7nlkPTOXGMcMwGOp6Ja/99CvWpG9hR84BksYOc8XHIyIiraitdVB2oRKHw4HFYtZoDSJyzQwGAyYfAyYfI/5mX4K6BVBlq6a8oorKqmqCugXg4+N2s8q0i3KmiHQk5U0RkfZR3hQRaZ/vQt6UjuF2/wrOl1UAENxszt8vv97N4/MW8nbaJ62uu23Xvro/v9nf7v2GhfYAoKy8st3rdpb9h45RdqGCUQmDGoq/AJYAM99LGsG58xeaFKz7RfduUvwFCOpmwc/PlwsVVdTU2AEYN3II3QID2H/4OOfLyoG6ou6WbXuorrFz45ih+Pn5cvpMKfkFp4jqHcqIYQMbCsUGAySNGYo1KJC9B4528qcgIiLtUWWr4czZMnx9TYQEB+nGUkQ6nL/Zj5DgIHx9TZw5W0aVrcbVIV0z5UwR6QrKmyIi7aO8KSLSPt6UN6XjuF0P4NbsyDkIwKavvuG+O2/GEuB/WZuI8J4cOnKCyPCeV93el1/v5qaxwxt+7xPZi6DAABKGDui4oK/TkWMnAfhk43Y+2bi9xTYnTp1h5PBBQN3w2esysth36Bil58ux22sb2oUEd2943ScyjFHDB5G5dTff7jtC0thhnD5zjt25RwgL7cGwIf0AOH3mHBfKqyi7UMlTz/y5xf2XnC3DZqvR0AIiIm6gsqqaC+WV9LAG4ufrMad4EfFQgRYzvr4+lJ4vx+kM8LhpQZQzRaSrKW+KiLSP8qaISPt4et6UjuUxZ56+fcLZ9e0hAE6fKaVvn8sLwE//8iH2HTzGkEHRV9zWf7zwN4qKz1FZaePWiaMBSEyIJTEhtuMDvw61tQ4AoqPC6BMR2mKb+mL3sROn+d/XVlB2oQJLgJm4QTEEdQugutrO7ty8JusYDHDjmKFs3ZHLlm17GDNiMDt3H+RsaRnTpyZh7R4IgMPhxOl0EtTNQnxsTIvDBoSHBmM0ao4KERFXq7LVcKG8kmBrN0wmH1eHIyLfEX6+JoKt3ThbegGDwYC/hzwUqJwpIq6ivCki0j7KmyIi7eOpeVM6nscUgHv3Cm54/fmXO1ud4/dqxV+AouJzQN1cuu6sT2Qvvt65j/7RvXk49bYrtj16/BRlFypIiO/Pz350NyafuguLkrPnOXy08LL2ffuE0z8mgrz8QvbsP8rXO3MJtgYxPjG+oU3PkO5YAvwJtPjz4IzJBHWzdOwBiohIh6itdXC+rIIe1kDdWIpIlzOZfLB2D+RcaTm+piC3n2tIOVNEXE15U0SkfZQ3RUTax9PypnQOjykAj0qIJToqjGMFRWRu3c2YkUMahiq+kn0HjwF1heFjJ07zr3WZDe+ty8jCz8+X2yePbWjbNzrcbeZiSIgfwKebssnOOUDS2GEM7BfZ8F51dQ2H808S2z8KHx8j3Sz+GAxNe+I6nbB52x7Onb9AcI+gJu/5+fly45ih7Dt0jH+szKDsQgVJY4bRq2ePhjYRYSH0j+nNnv1H2bjlG6bdOqFhHmCns26I6p7B3ekepMKwiIgrlV2oJNDiryGlRMRl/HxNBFr8KbtQN8SdO1POFBF3oLwpIq7kcDiw22ux1zpwOBw4nU6czs7Zl8EABoMBo9GIyceIyeSD0dj+QoTypoi4kvKmeCKPOQuZTD789JG7+I8X/gbAS6+/z7Ah/RjQN4IhAy/1+g3vFUwPazegbt7gv7z1AQATRg/lq+17mmyzttbB+x9u4tON2xnQN4Iduw/St084//n//bBLjuntFZ+w/IMNLb73cOptDBvSn9snj+VfH2Xyxz+/x4C+kfTqaaXsQiX7Dx/H5OPDr356f11v3r4R9A4LJmdvHs8tXEq/6N7kFxRx4UJlqxcbw4b0Iyy0B6dOn8V8sSDcuIbs5+fLjO8nU3jqDB98/CWbv97NgL6ROBwODuQVcK70AvfckcwdU8Z3xscjIiJtYLPV4HA4CLSYXR2KiHzHBVrMlJytxmarweymQ0wpZ4qIO1HeFJGuZrfXUl1tx15b22X7dDrB6XTicNRit9eCrQaTjw9+fqZ2945V3hSRrqa8KZ7MYwrAAGGhPXjmVw/z4qvvUV1dw7f7jvDtviOsYUtDm8jeofzu32cBUF1T07C8cfH3/rsmERnek7z8Qtakb6G0rJwduw8C0KuntYuOBi6UV7b6XnW1HYMBbps0hgF9I/jwk684kFfAwbwC/Px8ie0fxZ23TSAmKhwAa1AgTz5+H8tXbSAnN49Tp88SH9uXmfdO4W/LPmpxH9bugYxKiOXjz7bSPyaCvn3CL2vTLzqc386dybqMLLK/OUBW9l6MRgPhvYKZnnJbkyGjRUSk61VU2bDoxlJE3ITFYqaiyua2N5bKmSLibpQ3RaQrOBxOqmzVdYUEN2CvrcVeWYvJ5IO/2Q+j0XD1lS5S3hSRrqC8Kd7A4HR2Vkf1a/P4vIUA3JVyI9OnJrXYpqKiiiVp6RzMK+B8WUWT9xoXgAG27drPa0vXNPz+xsJ5TdqvWLOR9Z9vu+o+RUTc3c7dee1qH9zND4PB0PADXPE1jV8DBlpp1+jPqy1r/rotv19teWva2z7A4v7PSNlrazl7rpxePbu7OhQRkQanz5wnuEcgJh/3mu9MOVNE3JXypoh0php7LVVVtk4bqvR6GQzg72/Gtx292pQ3RaQzKW+6TmWF3dUheBX3/3a7BRaLP3NmTQeguKSUMyXnG94L7xXcpG3jeXPvSrnxsm3df9cktmzfw/myCoobbUdERMTdVdvs+OvpPRFxM/5mX6ptdkwW97qxVM4UEXelvCkinaW6xk5VVbWrw7gipxMqK204/f3aPGeu8qaIdBblTfEmblcANpv9sNmq2/yfLDTESmhI68M2nz1XdtVt9OjejfNlFVwor7hqWxEREXdRbbfjb/ZzdRgiIk34+pqoslVjwb2GvlPOFBF3pbwpIp2hrgebexcxGquqqsZgMLSpR5vypoh0BuVN8TZGVwfQXJ+IUAAO5xd2yPYG9I244vuFp85w8vRZ4PLewyIiIu7Mbq+b+0NExJ2YTD5uM09SY8rD6rxAAAAgAElEQVSZIuKulDdFpKM5HE6qqmyuDqPdqqpsOBxXH3NVeVNEOprypngjtysAR4b3BODQkRPsPZB/3dt7+vdvNLxek76FFWs2NvxeeOoMf136IdXVNUDdfMHbdu2/7n2KiIh0BYfDiY+xfXMbi4h0Nh+joU03oF1NOVNE3JXypoh0tCpbtdvOXXklTmdd7FejvCkiHU15U7yR2w0BPaBfJF9k5QDwr3WZxD8585q39fmXO5vMDwyw/vNtbNm+h5Ae3Sk8dQbbxeIvwLnSC7y2dA1jFs675n2KiIh0FafTicGgm0sRcS8GgwGnG945K2eKiLtS3hSRjmS313p0L6/6+K/Uk1Z5U0Q6kvKmeCu36wGcPG44I4YNBCAvv5DXlq6hoLD4mrY1PL4/SWOHMSphEP/9f2aTeEMsAOfLKjhy7GRD8fd7SSN59MGpDBkYzaMPTu2YAxERERERERERERHpQtXVdleHcN284RhExHN4Q87xhmOQjud2PYABfvHYDB6ftxC4NCxz3z7hDOwXSaDF/4rrBvcIIqxnD4YMiiY0xMqPHry94b05s6ZzMK+AF199D4C7Um7kjinjG56MuGns8E46IhEREREREREREZHO43A4sNd6bi+2evbaWhwOB0aj2/VdEhEvo7wp3swtC8AAbyycx+r1m1mTvgWAo8dPcfT4qTate/+dExkyKLrF9wb1j2ry+5W6xYuIiIiIiIiIiIh4Ak8ewrQ5u70WPz8VMkSkcylvijdz2wIwwPSpSYT3CmbP/qOcOHnmsjl7W9IzpDsR4T2v2OaulBvZvO1b+kX37shwRURERERERERERFzCXutwdQgdxl7rwM/VQYiI11PeFG/m1gVggPGJ8YxPjO/QbU6fmsT0qUkduk0RERERERERERERV3E4vKeQ4U3HIiLuy5tyjTcdi3QM9QcXERERERERERER8XBOp9PVIXQYbzoWEXFf3pRrvOlYpGOoACwiIiIiIiIiIiLi4bzpu39vOhYRcV/elGu86VikY6gALCIiIiIiIiIiIiIiIiLiJVQAFhERERERERERERERERHxEioAi4iIiIiIiIiIiIiIiIh4CZOrAxAREZGuk7Hg16wvunq7sJT5zL81rPMDahM7BVuWsSI9l4Jye6fFtvudX7P05FTmz5+Cuxy5iIiIiADYKd6ezuJPD5BfZKcGwGwmJi6eaXdMIjG0fV9vZS9dyKLCkTz3mylEdEq8IiLXwk7x9s9Y9sV+cgts1Di4rlznUYoyePbFnRS22iCGOQtTSey6gFj74tusikjhjUcSumyvXc5eRNYH61m7q4jC8rpFviFhJN48gdTkWKzX2H1Q51kR9+DFZw0RERFpbtKcZxjnaLRgTxrPv1/ExJ/8nEmNqp4mc1CXx9Ya++5lvP6vQ0RNmsmTE/sS4uLYij5dwIL0IoY/8kceGd7OlY9v5t3MMkZNm0qc+3zEIiIiIm6snOylb7IoB+ImTWLej/sTaobSwhwyP97Johf2Epc6k3kTQlwdKFBKzroMsnqMYXZSjKuDERFP4jjBhtdWsuwwDJwwkrmpCUR0d9dc13b5m1eSfi6W1DsSsLahfULqbGYNa+kdE5YOju077+RGnv/fbeQHhJFyz73MHRSCr62E3B3bWLt2NfO3jeSZuVOIUQVJxGPpv6+IiMh3iCkwiCZ1x0ATYCIgKIggNy1I5mTvpjLufh6bNtwtLlzCJv6cZ8bbMQVcw8rnDrIju4iwW1QAFhEREWmTgi9J21VL4g9nM2dUYMNia1AyMwcnM+3bDLJ7uEtBxEZ+Th5ZEbHMTnJ1LCLXyV7Mwa93k3WyvE3Nu/eO56axAwhxh5s2D3RozWqWHfZnxrzZTOt9aXmTXNfNXXJd2xUfzCOr0Mq0O2hTAdg30IpV98qdz3GAJX/ZRn74SJ57agoR9T19g6yMv60/4yfsZNH/ZLDwn5EsmBmPr0uD9SAXCsjevpe9JbY2NDYTPiie8cOiCNJErdJJdEoWERERN1ZESRHQ2+I+Fy1+AQT5uToIERERke+G0rwCigljRkJgi+9bh01hchfHJPJdULJlPYsyzrd9hV35HLA/yK9uDu68oLyVbRtrM8sJnZTapPjbmHKddKSaHdvILLcy4xeNir+NBY1k1p17eXL5V2yYFk9KW6r3wt5PVvOPXe1YYdcBTvnN4d+GdFpI8h3nNt+lioiIiJso3cTLv/8Q7nqGJ29u9uht9Q7+/uy7cP/veGxMGRkLFrC+90M8k3iUv6dtpaDcDuYQ4iY9xEO39qVJJ1l7CTtWvs2qnQVU2sEUHMeUhx5iSr+Wu9LWD7Vc98tSfv1rgDCmzp/PlDCoPLKJtNUZ5B6vxI6JgD5xTJmeysRG26uf1/fn9/uycXUGucdNJP3iGe68woh8lUcy+Pu7GeSetYMpgKiRM3j4/lGE1N8U7V7Kr5cWNcRBUQYLFqwnbOYzjCtYStqXRym77Ph2s/TXS9l9cRPrF/ya9QA3PMIffzgcKo+y6f1VZOy5+NkERhF3yzTuuWmQngQVERGR7zRrsBU4RnZOOeNHtVwEbsJRSm7GOpZsOEGxDXwDQxh/z93MGnWVnnP2IrLeX8uy7BIq7OAbEsm0mdOZ1r/pPksPZrBk+W5ySuwAWKJjmHZnCgl5aTz7cWldo6J0Hp+XDliZ8ZvZTAtDxOOExPcnasMuChxXbwuAsTs3DFHx95rsySPHEci0MW0cOj4njcffKr08v+Sk8fhbXJort77dL6bg+8XnrP22BN+kVBbc7X9xftspvJBwgsXrDnCoJIxZ//0QyWaoKd7Jsnc2knXMTo3RROjg4cz+4RQGBjTb/69SsGSkk5ZTSo0DLNH9mfnIvYwPqW+Tf3GFnTw7bycAiY/OY851Talb1Cj2w7ySlkehrS5np/74ISZb81j7znrW5pZTYzQRMWYSc1NHElp/X90odt9161i1v/zy2K+geMe6i5+XHYwmQvvGMmPmHRfXKyH9pTdJYzwLnkpu1uPZRtbfX2Vx7SRefnwMFpqdT0wmYhInMadxrNC2c1NlHulpdX+/Ffa6817CrcnMvMIcvtk5JyBsJIlXOD9ZRsSSsHwj2TmlpCRbm3z2C0YXsej9HA6VAuZAEiZPZfZt/Vsepjt3NU++kUfi408yK67ZewXp/PZPh0mc+1NS+7Yei6eIHRpDwK58Ktu6giWKG7zguMV9qQAsIiIiTVmTmDj0Q97N3EjBzXcS1eitsqxN5JrH8VhiAFBWt/DYev5c0JdbfjSf+GAo2fkhS9f+mT+UPsHv7htU18ZRRMarC1hvG8X9P32Y+GA4lbWCt//yMpW/eLrFgmzdUMsFbPzL62wKv59n7osHTAQEAgdWseBvm/EdeT8/+bd4Qihh7yfvsuKvCyj58TPMiG0c9Cb+/rcgBk6aRurEEPpGXuHYyzax9B9RjLr756T2DaBkz4e8+/67vB4YxtPToq6wIhz64CWK4qfyyLxHCLEdZeOqNNb/9V1CnnuMUX5xpD7zDPc0n3PZVPc5bn7zz3xYdumzKTm0mfVr3mZ9r99xf/MbJBEREZHvkvgJzIjKY9U7f+XZnJHMmDKBhIhAfFv8Uruc7HfeZtFBKykPPURKv0BK92ewaNmbvFLzU+aOa6WA7DjB2lfeZZWtP7N+No2EECj8aj2LXn2bikZfSlfkpPHsW/lYRifz9E/iCKWEnI2fsyoti7hfPcSCCSdIf3U16eHJLEiNA0xY2lCzFnFLoUnMfaKWV17fffUisLE7tz7xILfqYYdrUlhcCvQkppXev9ennPQ3V2MdNJzUB0cRGh0JlNS9dTCTPxwOJPGWSUzuGUKcL3Aygz8s3EnFqGTm/TCOUIrITFvPH/5Uy9O/TWGgsdF231hHzJibePrZGCwluaS9k8niRelE/EcKMfF3sOC/7OSkLWbJqQTm/WI8EYDvtUyl1JKDmbxSPpgZP5/NQPJZuzydZX95m+wepfiOmcZzD4ZQsT+dRcsyWBQRwzMTG1d2q8h8azWhIybx9IMxWM/nszYtncUvvEnFf/6Iya30di3d/DbPvl/KwMm38MykuvXSV29k8YtvU/F/HmayNYTJN0eStmw36QXJpDb+CqH0a9K/NZF8sfhbdz45RUzDtvJIW5rBb/9mbygQt+3cVMKGv60krexSm+KDO1n1wXpWhcVeXnAFoIjiU0BEGBFX+ozNYURYIT3/BE0G8D6YyfOFkcyY9TBzQuwc+mw9Sz5eyeKQXzB3tPny7cSNJDnkAOmbtzEzbkyT4aRzMvdSHD2aFC8pgpqGTOM3963mxfcLrl4EtkTxbz+bToJ/V0Qm31UqAIuIiEgzJkalTGT9SzvYkX8nUQ3F2QI2ZhYQMu5+4hp/4VYaxi3/9yHGXbyRC7r5EZ7iZZ5fs5ZNtz7JRCuUffku60/GcX/jdrc+wWOVf+DPn+3g9kdHXX5R4hdAkF93AnwAk4WghkmKy9j00WbKBt/P7x4cd7GXcRDjHnwSKv4vKz7axJTYiZfmOq4MYOwv5l+x12+DyhAm/eoJJl68twka/whT9/2adw/kUkIUV3wYOD6V+Q/U310N5857C9j9pwxyD8KooXXzLLc85/JRDh6BuAdTGRdT9ykEjbyTJ264E9T7V0RERL7rjJFMm/swoR+sZ9X2nSzaVdeLzBIdSfKECaSM6Y+1/kIyN4Mlu0ykzH24oWhrHX0vz9S+y5OffEn+uBRauiQszVzPqsJIZj13L8kXr1Wttz3M3Iq/8oeMbcx4bAy+jr2kLc+HESk8NzPh4hfYVpLv6894ux1fkwnMVixGwGTBGqTxMsXzmXrfzJzUs/x++ZWKGWYSUu/h+719ujAyaTs7ltGpPHd3C9mvsicznnuoIe9BCenv7SR/8CRennmxCImVaT8xU/FCGmt3TGpU4LMTesvDzKsvrAaNZ84d+Tz+Tj45xRATGog1CCwmwOiDNcjapjmAs99ayOMtLI+4/WGeu63REwaOGFJ/kkKCESCBmbflsuGtfIpHp/LCxIvHOno607JfZck3eyid2LhHrg2GpzKv/kuCoARmzjVR8+w6Vn28l8k/iL88AMdeVq0rwjqx6XqpP7HCC2kN6/mOvomUj9PI2pZP6qUvU8j/Yjf5IfF1BdmL5xNLk22NZPZTdiqe3cbagjGkRrXx3EQBuXmQMHM6yX3rTobWUSnMG5HSAd8n+GMxA3Z7s88ihln/Pv3iZw+Jd08lf8+7rN13GEa38NkRw4zbI0lfdoAs2xiS6/8J2baxYZudhAfHtunfhqcISpjOL0v+wR83XGEIfWN3vv/odBK7dV1c8t2krxVFRETkcpGTSOpTxtdf5V5alruFr0vjuOWWZj1hBw8nsdlTvEEjx9KXAg4esANl5OQUtNiu78C+kHeII+2JrSyHnOMQd0Ni0yGmCSDxhjg4fpC91Y0W9xzFuDaOpEXYcOKa3XlERYaBHewtr9Fg4NBmj9b2jiISqLnqkGlhRIVB7qYP2X2iEnt9e12liYiIiNQxhTH+vod54b/n8Zf/uJe5dycQZyplQ9pK5j+XRvbFylRuTh4V1gEkNutJZBkQSUxJAYfKWtp4KdnflMDgWMY3u1YdOCgMDp/gEMDBA2RXmkickNCk9xJQV/wV8VIB8dP55eTurb4fNXkaj8a3OPCruIVAxo9v5YZ4WHyj4i9QtofsY5AwIqHpUL7GGOL6w6HD+Y0WWkmMa/aIdFRIXY/Stg4b3oKE1Nks+K/Lf56e2Kx7+eD+DQVIAMLr9h0zoPGxmusKmOU2KpqsbCZxZLPPxBjP+BEmKvYdq8v5zR08QHZlS+vFkDjc3Gi9GFJuDqH0653k1H8Ojr1s+KqchNtuqnsIqbVtBQxgYEQ5h/JKafO5iXBiwiBn4zqyC8ovff/QId8nVFFhA5qf45p/9kQSE8XlheJGfEeNJDngBBuyShqWlWblkNMjgWmjWug17OHCJ93Do8NaO666h2Y0YoJ0BV2hioiISAuCSEqO48N/bmbHjDhG+dnZ8dVWSHysoQdvAz/L5RcUQd0JAorO1V3cV1YAR1bwf369ooV9DaeqPaFVVlIJBPlffhlj8jcBRZSdA+ovpn3c/XInjCk//zm8m0baq5uptNfNZzzx1juZMvQqExCJiIiIuJuiDJ59cSeFjZeFjeS530ypKww0mRfyohEpvPFI2yaF9A3pT8LE/iRMBEqyeOVPmSz6117emBlPRaUdSnP4w7ycFta0UlEJl4aJqWejohzI28jP5m1sYb2YusKBzUYFgYT2aFOYV5W9dCGLdjVddmluzIvzLBY1jV/zCYurhE+6h0eL3uOtb21NlgcM+x5zJoW7KCrvERFqBc6QfxISO3wYaFMrQ+YDxma9tivrCqWHlr/K48tbaD+iXXfu18Q30Ir1sjzd0fyxtDAUtbVHIJSWUtrSKjYbFa2sZ7H4N1nPOj6BhDUb2bDDRsJoMzU7dpJJLHPHBDbalo30VxaS3sKuIirr/p+16dxEGNPm3gvvrGfJK3+lwl43N33KbVOYNqy17xPCCA0HCosohNaHgbYVUVgKA2OuNI9WGxnjmTxhI89/sY38iSnEkE/6FyXE3Hx3o2HFvYmFhPum8f0zK/noZNN39NCMdCV3/0ZUREREXMQ0MolxH/ydTVlljLphB5v2hDD2qRYmkKmuwE6zi4qy85QBIT1CgEoCLMDQ+nl8L9sT7ZoGKCCAAMBeddleLy4LIaiDvpjrMgF9mfLYfKYA9vICcj9fS9pbf+Dog//NY4m6XBMREREPEprM0/81hprGy4z+l4Z3vDgvZBOma5woN2Q84wdlknOyiGLisQSYIDS+Ya7JZjtpZT5ec93yYfXz9rawHoDZjIVyihs/aHgdElJns+CepssuzY0ZRsovZpPcpBed5hMWV6orZtxbsZaVeXXFqYD+o/nlffHtu5eTlg3tT4Ixn6xt+cxo09xFLSstvQBcx5iyAWYs1OWnWcNaeP9ac7Xbqap7IKiZ0nPlYI1peThisxlLK+tVVFQ1Xc88hsljvuSVL76mdPRQsr44QeiE1Eu9Zs1mLASSPOchUlp4fsLXzwqUtu3cBBDQn2mP/5RpQE35CXI2ZLDk729yaGYrc/ICiQmRkHOAzIIpTecqbnxcO/aSQwipCR0zQHPMzcOJ2bCdDbkpzGInmecimTneix96N4Zz66O3UvL6p9R3fA4ZfasempEu5ZXPV4iIiEgHMMZx47gQCjI3sjlzMwV9kpjU0oOf+3c3DLtXr+ybHRwlikGxJiCIhIQoyMunIDCIoKDmPwHteyItKIGEPpD7TXazeagqyf4mF/oMIt6vncfaVcwWAqikssmD0/YmIyWZAqMYPm0GE8Mgd//Bro5QRERE5PoYzViCrHXzPdb/BDb6AtoU2PS9ICvWgCtcDRblkJlX3vJ7jr3kHqybDzgUiEvoj6W4gHyH9fJ9BAW20gvOSuINIXD4FPmBrawHMCiWxAA72Tv2thBH/YuLxWSbrWkBvAW+AZfvy9LoY/C9LJbW4hfpIsZwbnp4Gt/v40NAnxH88uFxhOvfZMcwj2FaciDFG9NZe7LlJjUFO8muHxWgxWJkOTl7S1pYsx2ChpIYDYeOnmghF14lV7fCEmACW22zIZhdzUb2zmYjUTgOkJVjxzIkmoEtrTIolsSAltbLJ3u37bL1EpLjCT22m/TN29hwLITJN8c021Y5uSdqW/ycLWZo87kJOzWNvk/wDYwk8c6ppIRBzr7DrX4CvqNuIiWknPTlGRS2NGR32U6WrCvCMnoCkztqgl7rWFKG2cncnMWGzQdgzEjGe9/oz035x/LAE99jfHcfgkZ9j1/dFauHZqRL6TQtIiIirYpKTiLq7CZWbSwhLjnp8hHzAKxFfPbKu2zNL6GsrISjWe/y5zVHCUicStLFG4Wgm6aRZNrK0j+tYNOBAsrKyig7cZBN//ozzy/dcdX5dZsKYuL3kwjav4KX39vK0TNllJ05ytb3XmbF/iCSvj+x5TjdwcCRJASWsWnlKnafKKOs3A4nPmbBswtY8UVu3bGUlXD0iw/ZVARxgwfVrZe7iud//zyvf1nS8u/ksur3z/P8G5u5zlt+EREREbdSnLuNZa/+lfmvriP92zyKy0opLSvi0I4MFv3POjKNMcy6M7aucVwyMwaVkPa/b5O242Lb4jyyPknj2RfTyW9lH9bkZCabDrDof1aSvv8EpWWllBYcIP39N5n/1ra6Yq4xnhl3hFGzdR2/XZbFoeKL2/7wbeY3bNtK4sgQyP2KRZvq9l/RvgtdEfdmDOfW2U/w/2YnqfjbwQbeNZ2ZA6pYtfBV/vB+JrkFpZSWlZK/P4u1Sxfz5J8yWPvtxQrwoHgSA22kv7+a7IK6XJS57G1WHbvealoIKXfE47ttHc8ubxxDJste+SuLttuuvolm4kb0x1Kaw7L3c8gvK62bU/YKasrr9nn5T/lVH6xpOzPsXs3CD+tiKi3IIe219WRWWkmZ3NKoZTScA0o3NV9vNennw5hxe7P1osYwObqc9PdzKB6W0LSIenFbhWuWsfDDnXXnk/rz2ouLSSuoa9amc1PBZzz7H4tZsinn0nY2ZZBeBAlDBrT+ERhjSP3xeOLO7eTZ51o4Z/6/DHJCxvD0g/GXzXt/7cyMT4rF8m0my74NJDm5lc/a2/jH88CvnuC/7taICdL1NKagiIiItM6axI1xH7Li2DgmjmzlsiF6Kj9PLGDp2wtYUWoHcwhxtz5B6i2DLl1oGAcx47dP03fl23y49GU+tAGmAKKGTuGhe0a1/4IkdgbzfxpC2uq1vPbiCuzUzZs7Y+5MkjpgeppOYxzEjMfv5PySj1n60mYIm8r8+bfzxP123v3sXV5bU1k3nHZgFHH3PMnM+uGf7ecpKy0joNLe8u/YOV9aRpm5sp3FdBERERH3FjrxR7w8NIf0ddtIX76XtIudgX0DA4kZkcwzd4wnpuEb1RAm/2Q2ERnrWPavlaSXA0YToX1jmfHjW2h1YFVjLDP/82EGvr+WtLfeJc0GmEzEDBvN7PvGNHz5bU16mOcC1rF43Vf84YVMMJqwRkWSkjq+YdvWpHuZe2oli9eu5LcfNJ7XV0TkCoyRTJ7zUxK2f8ayL3byyldZ1DgAk4mI6FhmPpVKcvTFKqIxllk/G0/p37az6E8H6vLVuBSeuWc389+5zjgG38ELv4lk2TuZvPJSXQy+gSEk3DqFmaOuocA8+A7m3Z3Goo/TeX4zRNz+MM/d1vo4+jlpi5mf1tI7McxZmEpi+yNogT/Jj6ZgyUjnD8+lU+MAS3R/Zv9mOuNDW1/r0jngM57fYL94foln7n+mkHDZU+ghTE6KJG35GZKTx1xWRLUmPcwLYRkseX8jCzdkUAP4hoSRfPt0ZtQPydyWc1PULcx7IJ3Fn37Gwg/sddsJDCHhvlRmtzL8c4Peycx7djBZH6xnbf05E7CEhTH+nlSmjYvB2tEPesSNJNl6gPSQ4aS0MvS0iHQcg9PpdLo6CBERuX47d+e1q31wNz8MBkPDD3DF1zR+DRhopV2jP6+2rPnrtvx+teWtaW/7AIv7PyN16vQ5wnt18mS3jlxW/O7vFNz6DE/e3PyOpoiMBQtY3/sR/vjD4Z0bh4h4lC7JT+3kjjGJiNRzxxzljjGJyJWdL3OvgXavV/cgS6vvuWOOcseYpJmcNB5/q5QZv5nNtA6Yz/2Ku1r+Mq8UjmbBU8ktzyv8XVSayfPPbSfm8SeZ1dLUxi6gvOleKjV0SofSYB0iIiLSqrItGWy1xTFxvNsOqiwiIiIiIiIi4j5KM1m7zU7CzWNV/G0kN30n+SHxTHaT4q+It1MBWERERFrmOMrGTUcJSExilJ+rgxERERERERERcX+HPt/NIXMsk69l2GxvVbmN9K02Ym4e0/qUDCLSoTQEtIiIl9AQ0FemIaBFRLqOO+Ynd4xJRKSeO+Yod4xJRK5MQ5m6ljvGJCJXprzpXjQEdMdSD2ARERERERERERERERERES/h/t2briL/eBFHjp+koLCYI8dOcvhoIQP6RtAvujdREaH069ObmD6dPKO7iIiIiIiIiIiIiIiIiIgb8OgC8PIPNvBZ5k4cDkeT5YePFnL4aCEARqORW5JH8oO7J7siRBEREREREREREZFOZzCAt0z2185ZnEREronypngzjywAHzl2ipdeX0F5RRUAd6XcSGTvUKJ69yQivCeFp85QcPIMJ04WsyZ9C59uymbLtj089cT99IsOd3H0IiIiIiIiIiIiIh3LYDDg9JJKhkGVDBHpAsqb4s08sgD8+5feASDQ4s+sH0xl1PBBAOw7eKxh0u4xIwbDiMFER4WxZPl6yiuq+P1L7/DGwnkui1tERERERERERESkMxiNRhyOWleH0SGMRqOrQxCR7wDlTfFmHvcv4qPPtgIQ2TuUl57/eUPxF2DfoWMsWPRP9h061rBs1PBBvPT8z4nsHdpkfRERERERERERERFvYfLxuK96W+VNxyIi7subco03HYt0DI/6F7H/8HFWrv0CgKcev7dd69a3X7n2C/YfPt7hsYmIiIiIiIiIiIi4isnk4+oQOow3HYuIuC9vyjXedCzSMTyqALw1OxeAh+65heAeQe1aN7hHEA/dc0uT7YiIiIiIiIiIiIh4A6PRiMnH8wsAJh8fDWUqIl1CeVO8mUf9izh6/BQA8bEx17R+/Xr12xERERERERERERHxFn5+JleHcN284RhExHN4Q87xhmOQjucx/yocDgf5BUUE+PsREd7zqu33HTx22bIhg6IJ8Pcjv6AIh8OhJyJERMSjGQwGnE4nBoPB1aGIiDRw17yknCki7spdc5PypohnMpl8MJl8sNtrXR3KNamP/0rcNTcpb4p4JuVN8VYeUwCuL9qG9wq+ats16VtYw5Ymy+bPeQCA8F7BHDl2ivyCIvpF9+6UWHPvoJ4AACAASURBVFuT/c0BFi1Z3eb2Y0cO4UcP3k7659s4VXyWxIRYRg4f1IkRioiIJzEaDdQ6nJh8dAEnIu6j1uHEaHS/vKScKSLuSnlTRDqav9mP8tpKnE5XR9I+BkNd7FejvCkiHU15U7yRxxSAg611c/6WV1Rdsd2QgdFXfL9+/frtdaWQ4O7cOGZok2UlZ8vYd+gYPUO6M3hAnybvDYiJwF7rYPe+IxzMK6BXzx4qAIuISIP6pxNNPhrRQkTch91ee9Wnj11BOVNE3JXypoh0NKPRgL+/mcpKm6tDaRd/f3ObChTKmyLS0ZQ3xRt5TAHY2j2QniHdOX2mlIpKG5YA82Vtpk9NuuI2KiptnD5TSs+Q7li7B3ZWqK3qFx3OYw99v8my7G8OsO/QMQbERFz2Xr3f/OLBrghPREQ8jJ/JRE2NHX+zr6tDERFpUFNjx8/kfrcZypki4q6UN0WkM/iafHD6+1FVVe3qUNrE398P3zYWJ5Q3RaQzKG+Kt/Gox5Hqh2wuPHXmmtavX6+rh34WERHpDH5mE1W2GleHISLSRJWtBj+z+91YKmeKiLtS3hSRzuLnayIgwIw7T/toMEBAgBk/37bnQeVNEeksypviTTzqbzwyvCfbgX+ty2T+zx5o9/r/WpfZsB1P8vrbH/L1zn3MmTWdxBtimyx7/IfTKC4p5ZON27lQXkkPazceuucWRg4bxLZd+1j1USanz5Ti5+fLpAk3MOP7N+Hnd+kpNIfDydYduaxJ38LpM+cwGCAmKpz775p41eG0RUTEtUw+PphMRqps1W2a70NEpLNV2aoxmYyYfNxvaCnlTBFxR8qbItLZfE0++FgCqLJVY7fXujqcJkwmH/zNfu2al1J5U0Q6m/KmeAuP6gE8fWoSURGh7Dt0jOUffN6udZd/8Dn7Dh0jKiL0qkNFe5L3Vn1GxhfZxMfGMKBvBKXny/n7so9Y8s/1LPlnOuG9ghk1fBA+RgOfbNrOmk++aljX6YR1GVn8/d2PqKisYuSwgYwYOpBTp0t46fX32f7NfhcemYiItIXF30xFhWfNTyIi3quiwobF//KpWtyFcqaIuBvlTRHpCkajAUuAGUuA2S0KACYfn4Z42lPEAOVNEekaypviDTyqBzDAI6kpvPDKMj7dtJ2B/SIZM2LwVdfZtms/n27a3rC+NwkLDWbu7HuxBJhxOuHttHS+yMph+679/OzR6Qwb0g+AXd8eYtGS1ezZd4TbJ48l0OLP7tw81n76Ff1jevPLH99Dt8AAAE6fKeWl11fw8WdbiY/t2+J8yyIi4h7MZl8qq6opr7ARaFG+FhHXKa+wYTQaMbvxnGfKmSLiTpQ3RaSrmUw+mEw+OBwO7PZa7LUOHA4HTqcTp7Nz9mkwgMFgwGg0YvIxYjL5YDReW58k5U0R6WrKm+LJPK4APKBvBHel3Mia9C28tnQNB5JHcfvksQT3CLqs7dlzZXy84Ws+y9wBwF0pNzKgb0RXh9ypxo4c0lCgNRggPjaGL7Jy6NsnnEH9ohraRUf2onu3QC5UVFFTYwdg5+6D2O213DzhhobiL0CvnlbGjYrjs8ydnD5zjr59wrv2oEREpF2CugVw5mwZvr4+7Zr/Q0Sko1TX2CmvqKJn8OXX5O5GOVNE3IHypoi4ktFoxM/PiCcNUqy8KSKupLwpnsgjz0DTpyYxblQcb773MZ9l7uCLrBzCewUT1rMHURGhFBQWU3TmHKdOn6Wmxs6AvhH86MHb6R0W4urQO1ywtel/Xp+LwxFYuwc2earDaDRiaDQ0gM1Ww8miEgCWLF/PkuXrL9u2wWDg7LkyFYBFRNycj4+R7kEWSs+XE2zthsnk+qFpROS7w26vpfR8Od2DLPj4uP8MM8qZIuJqypsiIu2jvCki0j6eljelc3hkARigd1gIv507kxUfbmL7rv0cP3Ga4ydOk51zoKFNaIiV0SMGc/+dE10YqXtyOJ04Lo5RMGRgNCGtPAXSw6qnQ0REPIG/2RenM4CzpRewdg/UU8Yi0iWqa+yUni+nW2AA/h40pJRypoi4ivKmiEj7KG+KiLSPp+ZN6Xgef+a5/86J3H/nRIpLSjl24jTHCoqIjgojOrIXoSFWV4fntgL8/QgN6c7BvAJGJQxiys2Jrg5JRESuU4C/HwaDgXOl5QRa/DXfkIh0qvIKG+UVVXQPsnjkTaVypoh0NeVNEZH2Ud4UEWkfT8+b0rE8vgBcLzTESmiIlVHDB7k6FI8xblQ823bt57PMHdwwdCC9el4qmFdW2cgvKGLIwGgXRigiIu3lb/bF1xRE2YVKSs5WY7GY8Td70gwlIuLuqmzVVFTYMBqN9AwO8ujhpJQzRaQrKG+KiLSP8qaISPt4U96UjuPWBeC9B/IpOXee0vPl2O21Hb59X5OJkOAgugcFEh8b0+Hbd3fxg2OYOOEGNny5k2f/+CZxg6IJ6mahuOQ8efmFhPQIYt6cBwjpoWGgRUQ8iY+PkR7WQGy2GiqqbJRdqKq76fQ1YTL54GM0YDAYrr4hEfnOczqd1Dqc2O211NTYqbLVYDIZCbT4Y/aSp4mVM0WkIylvKm+KSPsobypvikj7fBfypnQMty0Af5a5g3f/9VmX7W/C6Hh+PPOOLtufOzD5+PCDuycTNyiajz77mtyDx7Dba7EEmElMiGXarRNU/BUR8WBmsy9msy/22lqqbXaqbNXYy2txOJw4L84DLyJyJQaDAaPRgMnkg5/JRHCPQEw+Pq4Oq1MoZ4pIR1DeVN4UkfZR3lTeFJH2+S7lTbk+Bqcbnl0W/2MdWdl7ARg3Ko4RwwZiDQpkwaJ/MmRgNHel3NikfUvL16RvYd+hY8yf80CTto2Xl1dWsevbQ2z++lsA7kq5kelTkzr56EREOsfO3Xntah/crW4umvof4IqvafwaMNBKu0Z/Xm1Z89dt+f1qy1vT3vYBFrd9RkpERERERERERETEq1RW2F0dgldxu2+3v9lzuKH4+8J/zCY0pG5e2n0HjzW0GTLo0ry09tpaenTvxtHjp+hh7UZ4r2BOnT7L0eOn6BnSnUH9o5qMd74mfUvD68SEWBITYpl04wheeGUZa9K3MGxIPwb2i+zswxQRERERERERERERERER6XBuWQAGuO/OiQ3F3ysx+fgQFRHKt/uO8HbaJw3Lq2zVJMT3b9Nk1wP6RvDog1N56731ZG7drQKwiIiIiIiIiIiIiIiIiHgktysAH84vBGD0DbFtXqe+ALzv0LEmy3sGd2/zNgb1i6rb/9HCNq8jIiIiIiIiIiIiIiIiIuJO3K4AfKygCIBePXu0eZ0TJ88A8MD0ScREhZOXX8j7a7+gqPhcm7cR3iv44raK2xGtiIiIiIiIiIiIiIiIiIj7cLsC8LUoLikFoH9MBIP6R3GhohKAojNtLwCLiIiIiIiIiIiIiIiIiHi6q0+Q6+YulFdypuQ8AP1jegNww9ABAJw6fZaKSpvLYhMRERERERERERERERER6UoeXwAuKj5Hjd1OcI8gfHx8APA1megWGEBNjZ1Tp8+6OEIRERERERERERERERERka5hcDqdTlcH0djj8xa6OgTeWDjP1SGIiLTbzt157Wof3M0Pg8HQ8ANc8TWNXwMGWmnX6M+rLWv+ui2/X215a9rbPsDiFbMkiIiIiIiIiIiIiLi9ygq7q0PwKh7fA1hEREREREREREREREREROq4XQ9gERG5NuoBfGXqASwiIiIiIiIiIiLintQDuGOpB7CIiIiIiIiIiIiIiIiIiJdQAVhERERERERERERERERExEuoACwiIiIiIiIiIiIiIiIi4iVUABYRERERERERERERERER8RIqAIuIiIiIiIiIiIiIiIiIeAkVgEVEREREREREREREREREvIQKwCIiIiIiIiIiIiIiIiIiXkIFYBERERERERERERERERERL6ECsIiIiIiIiIiIiIiIiIiIl1ABWERERERERERERERERETES6gALCIiIiIiIiIiIiIiIiLiJVQAFhERERERERERERERERHxEioAi4iIiIiIiIiIiIiIiIh4CRWARURERERERERERERERES8hArAIiIiIiIiIiIiIiIiIiJeQgVgEREREREREREREREREREvoQKwiIiIiIiIiIiIiIiIiIiXUAFYRERERERERERERERERMRLmFwdgIiIiFwPO8U5G0nL2E3OMTs1ACYTEdHRJKdMYfJgK76uDvG62akoK6cGE5agQNceT1EGz764k5qJqbxwd0yLTQo/WcyzH8OM38xmWlgXxycibVDE2hffZlVRDHMWppLYrlXrcgC3P8xzt7XnP3j9PtvQdEQKbzwS3/a8d80xiYi0UVk+mekbWbu9iGJb3SLfoBDixowi9baRRJjbub3rzFvZSxeyaJe19Wuti9svHJHCG48ktG/j9nJKK+1gCsQaoK/MRERERMRz6WpWRETEY5WTvexNFm234RsWSfLtAxgYCsWHD5O1PY+01xaTPvleFtzZ39WBXqe9LPmvdLK5hmJNJynetJpFA37EnIRAV4ciIh7BSuLdUwitvLSkdFcmaTk2BiZPYXK/Rk1DYvj/2bv3sKjOc+/jX2AAAWEUEQUUg4iCOAp4wBjUGCJatYbEkCY2iSbVtrZp0l3t8W3c3UnbpG3c3UkPto3NyVSTkhgP0SgJsRKCEhUP4wGPKAooIjoi4MAA7x8DCIIKBmEgv891cTGz1jNr3WtG7lmuez3P03zes2DekErmxSASZsfS/C0oIiJt7MwWnv/jDnKr3QmNNDFphD/GkkKy9h7HvDmVxZ8dZM7iR4jrKqdEBzew6I3c2ptxaovHpzJZ9lkefiPiSYw0dmx8IiIiIiItpAKwiIhIZ5X3Ock7rXia4nlhbhSedcujY5k+y0bRtrWk+3b24i9AMAmPxhODkdCODqWelax3N5A5KIlYj46ORUQcnzsB4VEENFhSULSDZLMV46AoYpt0UGsu71nJNeeQWVhFjArAItIurGRu2EGuzcj0H88jse/VNbETgJIjJKcU06XuhwsexbxHw2pvxql1MZfMnbkE9LaSGNlxoYmIiIiItIYKwCIiIp1UUXYuRUDMiAbF33oG/MY+QGL7h3UbGAmNjnKg4i8Yg4xU5uWybGkqwT+MJ8C5oyMSka7F8fKeiHwVHcd8EPALIbZvM6u9w0ia1d4x3WbGEGKjOzoIEREREZEvTwVgERGRTsro7QVYyN6zm7Lo5orADZlZujCFLP8onvtpfINeaE2X2+dVC2bBr0dR8PYm1h+2z0PpN3gYcx6OJ9y78ZaLdm1g2YYjHCu2gbOBANNY5s2OJbjuLMOczPw3col5dB5xeWtZkVFIkTGKX0wq5Lfv5uM3KYkXZjTuy1a5cyXfW5FP8H1P8OwEm33uTBrEXl1MZvIakvcUY7EC7u4EjxjNnJmxBHtcJzbAs38w0++bRkJIXVeVwvptP/tod9Ynb8N8yoZp7kIW3GDKOE/TNBaYNrB4426WpUbw7OTAG777llOZrF+zi8xTpZTZAHcvTJOmMG9yyNXPrf59eoKYw6t4c4eFymowhkex4NF4As6ksmzFPszF9nnpTF+fydNxjfd7089CRK6vupjMD9azum6OS4OB4MiRzE6KI7RJT38bRbtWsfSDHHJLwdXLF9PUeOaNC26jecoLG+U9Pl7G4o2W2nW5LF24BICYuQtZ0Kf5LZTlpPPmmp3188MbQ0zMmZOAybv59iIiTXlh9AaKcsg8Q6MewM0pqM1VMdecR11v+e3PpVfVnd/O+1UURe+ksj679Gpu/FYCpro832h+4rP28+S649i4nPkbgSbn0yIiIiIijqdL9Fe5cqWC/YdOsGrDZ7z4p5X84rf/5Klf/ImnfvEnfvHbf/Lin1aydlMGR47ndXSoIiIibcZ1RBSxXlBmTmXRc8tZ9vFujhXZL2Z9eZdJ+edaMhlI4uw4Ek1eWLJ3s+QPqzBbr7YqSF3Gz98+SK4hkMSkeOYkBML+dJ5/ZQsF12wxd8NKXvmsGNfAYGLv6I7LqCjiPKAoK5tjjVoWs/mzfHAOJCHWt5nYrGS+8TrLvijGMzyKOY/GkTjMiCUrnSUfHrka28d1sfmTcF88c6aG4FecS/KfX2fZfus1mzzC0v9Lx3zRh/CRIQS4lt7k/TEQMHkmiUGQu3FV0+012vYO3nwlnXSLF6Z745j3aCyT/G2YN65iSWphk+bZH6wg+WwgibPjSBjsjiV7N6/8czlL/naQsvCRzLsvgmD3UswfrOLNw1df15rPQkSuUZ3P+v97nWUZhbiGmEh6NI7EET4U7cnkxRca5z2AykObeHGNhYDxcfa/Sedist5P5sWP829LeH6mu5j3aCwxRgBfJj0az7xH40m4zjjQlftX8fM/Z5J10Ye4++KZd18EfkVmXvlD02MREbm+YOLuMgIW1i95mcWvppByOJ+yNsoj7Z1L4TyrX1lLpnsYsx+tPb/NMfPKP9OxNNvePhz/vDj7+ajRFMu8R2tz6m2KUERERESkrXTq/iCWS6Vs2bqHzzLNXLRcbrbNOWsF585f5NiJfNalbGVAvz5MuHM4E8YOb+doRURE2ph7BPN+bCDgnVTWZxeSuTGVzI2ptb3WhjF92kRi/G71q74YS/8kXrivtroQHUvMx8tYvDGHFR/n2nvsWneQvNEC/lE8++O6YZCjiOu/lmde3U3K4YnMGXx1i0XWXiz4VRIxDXrSTRq7hfTNB0nPTiA0vHZh3g42nwK/CXcR695cbIfJ2g8MiuNnj8fae9BGxzL9oUKKSv3tTaw7SE6xgK+JhT9OILQutrgdvLJ4C5mrt5AQmXB1Dk1LKZ5TH+GFm/Tkbcyf6QsSyH0hhcx31xLz88bHVs99FHN+GYbRaKxfFDuiF5WLN5C+5yBF8f6NLiKW9R/Ly/NH2Y9rhA9lizeQnlOI8Rvf5ekx9p7LsT1Lmf9GLuaDuTC49Z+FiDRWuWsLq/PAb0ISzzXIe5MGreSZdxvkvVpFJ7sx57lHiKv9m4+NC+PNX60lPWULmRMeuU7uunWufSOI7VtIUUomWXQnPDqKmLqVTe4jyWX16hzKPIKZ99O6ecqjiB3hw/PPZbJ+uwVTnPHaF4mINCsgfi4v9FjLK+/nUJBtJjnbTDLg6utPXPxEpo8JxniLXQvaO5dCKa4jH+G5qbXne9Eh8LvlrM45hdkKcU32Vzscv+EIy9KL8QwaTGy0f1sHJSIiIiJyW3TaAvCWrXv48ONt9YXfPr17MiIylOERA+lh7I7Rxwtq4IKlhDOFF9h/6AQHDp/k5OmzLE/+mLSte5k+eSzRwwZ18JGIiIh8Cd5hTJ8fxnRrKbkn92HecZj0fYXk7tnN0j0HiZn7BAtMXjffThNexMY27loWMCEK08YtmA/nUEQwfkdzMVeDX3gwnqWWqz0ngvoQyhGOnSyEwVcvkvmNu6tJgTR4/DCCN2eSnrGD2eGjcAWO7ThMEb4k3X2drm0EER4CWcd3sWKbP4kj+uPnYQCDP351NY3DOfbYRg6rLf7W8hhFbOQWzOZczEUQXF95DSYhvjXF37rtmZiTlE32G7ksfXsHL88f1WyzhsVfrKVYKgx4egGVtiY9toMHDrw6LLRzL/y8gfJgYkc1+Bz7+BJALgWW2ne9lZ+FiDRm3p9Pc3nPc1QEMe/mk1WX9+pWREbUFywAcA4jbqQ76Wn5mI9CbGQ7Bd6cohyyi4HIYMJtFiwldTH2IdwPUo7nQtwNxrgXEWnEgN/IB3hupI2yolMcO3CEzVkHyT5VyObkZDZnRPHcD+tuPmulds+lRmJHNTzf8ycgACgsxWIBdKokIiIiIl1IpywAr92UwbqUrQDX7dF77rwFF2dnAvr0IqBPL6JN9kJv2ra9pG3dy8nTZ/nr62v4xn2TuHdCTJN9iIiIdCruXgQPjiV4cCzTsWHZ+QGLV+SStfZzck0Nerq2mJGAa8e2c3e3z8dWW7SsvGIf/68obS2L0prZRMFZGl5JCw5qpsBqHE1CZCbL9pvZbBlFgvdB0rdbIXIsk67bQc2XSd96gLK3N7E+eRWZyYC7F6EjxzLvvij8DFBZYZ/z19Wl6amOa90FyuoGC/19Cb7F3iuepiR+NnkZiz/ewpKPA5l3bYNqC9mpG1jxWT4F144s3cyFRj//5oa9bhB3M1r7WYhIQzYqrQCGpn9nzi7239fcrNHc36mnZzfASmV1k1Xtq9xKGcD+dBbtT2+63rmQAtDclSLSSgY8/UIwTQjBNCEBrLms/ksy6/N2k7wrjqdHtr677q3mUqPRHbhCWXlr99jM+a2IiIiISBfV6QrAew8cry/+jo818fhDCQCUX7GyY/dhjuTkcTTnNOfO2/u+9Ondk/BBwYQE98UUMZAJY+3F4r+/tY4dew7z7prN+Pv1YPjQgR12TCIiIm3LgHHkXUxKyWV9kYUiuH4BuLrqOissFBQBfRssslrtBRBXA66Aq5v9NMJoiiVpRPemm/BtSdnZndhxYazYf4TMPcVM8tpNermBuHH23sDX5RHC9PnfZXq1lbLifMzb0lmxOZWfW2z89clR9bFVVtmavLT+guItFnybE5AwjcQDK1m9cQOrTTYanmJZtq1lycZCXP2DSZwWhp87wGWy1mWS1Ub7b5vPQuSryoCrO4CtacGhLkfW5r06RYXFXJtZy8qu2Ju2YW65Je4u9lgHRDBvfDM33nj4a+5KEfny3INJnBTM+rdzKSq+SffZZs7H4NZzqV8vL6CYY6csMKCZOwbPFlMA+Pn3uuEhiIiIiIh0ZZ2qAJyTe4Y//fMDAJ56MpERkaEA7MvOYfVHn3Py9Nn6tn6+RpydnTh77gJnz11gy9Y99Orpw6S4aKbcPYrvPP51Amp7Ev/pnx/wi2e+SUhw32b3KyIi4pDy0nnzQB8S48Oazr125iBZRUBIAPZvy172Hg9FxRRUUz9MX9meI2Q3u/FSMjNzSbzv6kU5y3YzZsBvcIi9eDA4BJNzLubLEB4dRaPLbzYblYYWnmaERxHne4SUz1JZ5pUPviYmhd/oBVaKiq7g52cEZ3c8/UKIneFF0f7lrC6wX/ALrott5z6OJQReHQa6fAeZ+wHfYExtWQFxDmT6gnhyf5NKlhlo8G6Uldp755qmJTG9btTV8h1krgDaam67tvosRL4KynPILgSMxvq/FVNkIOzJb5L3ynYcJIsGea/O/oOkl0ddHbq03EzKTis4B2K6bTPMGLBXdmt7vTU35ziAfxgm390UFNkwjogivOH3Q7WNSgw3vsFGRKSelcw16+GumcT6XXsuUUrmnnzAQOgAe/E3wM8IWCg4Uwim2oJwdT6Ze64dAqXWLeZSoymM0DWZHEtJIWtkUuMpRqrzWb0hF/AixnQL03s0p3Y0iLLL1zkOEREREREH1KmuBv7r/U8A+PZjM+qLv39+bTV79h8D7D2ChwwKJvSOAPx87ZdzLlguc+xEPrv3HSUz6yDvrdvCth0H+O9FjzNzyjiqqqrZkJrJv97/hF/+16Mdc2AiIiK34NiufaRvziR9sxehg4MxhQfi536Z3D1HyNxfjMXZSOKDcbUFjkBiTF6s35zLm39PoWysPxQdYf0nufahQpsw4nnsAxa/GkHcKCOVZjPr91jAK5ik+NriiPsokhJ2Y96Yyc9/d4pJd0YQ7H2Z3D05ZB60YPrWU8wZ3JIjCSZhvC8pa3LJKobg+0bdeMhqy3aWvpBJQd9A4qIGEuoHRWYz6wvBc0SAfVjT+tjMLPnDeSbdGUGA9Tjpn+dwrNqd2MSJtzAs9k14RDHnG0fIfqPxexowwB9PLGS9/zorLkQTbD1O+tZ8Ctqq+Att+FmIdFVWCrIPkluYz+ZPD3IM8IsJr71BBlyjJ5K4ZSWr05JZXGiy572DB9i8qxi8Qpg9uXHGMAaUsvp3r5N911BM7uft2yyF4GnxxLbl33YjvsSN8WX1B4WseGUVZQkDCQiIwNSkl1ww02cGk/7GEZY89zqxdw3F5AdFx4+TuTMfz2lP8LO45oeaFxFppNRMZkYO5rSXWdE/ENOg/piCulNZlE9W1kHMheA5IoGkunOMobU3pKWsYpn7WEzelzm2ZTebi5rf/C3nUmMcc6Ye4fkNuSz91TJM48OJDeqOJe8g6Rn5FFgheOpMkoLa6H2IMBHnlUN6xnqWuI4mLsif8OgQrjtbiYiIiIiIA+g0BeC0bfZ5eyeMHc7oqCEA/PLF1zh77gLd3N146slEhgzqD0BZuZVTeYUYDC749erBqBGDGTViMP5+PViXspXTBef482ureerJRO6fFsf+Qyc4efosadv2NplLWERExFGFzvguL43IJGXjATKPH2S1+aB9hbs7waZY5t0fR7j31fbB0x5iXukaVmSZefMouPYNJunpeLL/N7WZoYiNTF8QT8Hbm1j9dimVzgb8QkzMnpOAqUEvi4DJ83ghMIUVHx5k85p8KgFXb19M06eQ2IpecMZYE6Z1WzATSELsTQoTxrEsmH2JZZ8cIX1jPpvBPgfwuHjm3W+q79kWMHkeL/htYNmGI6SsyQfAs38wSXOmkRByeyo0nqYknp7wN15sOA/v4Jk8++gqln6Qw+Y1qbh6+RI3ezqmNatY3Yb7bqvPQqRrcqfgi1SW7QEMBoLHJfD0tAZFXedApv/wCfw+WM/qnWaSs2vbmWJZkBRH6DUpw9M0jaf9tvFKcjqZVur/rmePvL1zbRvjHuLpi6tYkZFD8ts5BEwNxDSiaTtPUxIv/CiT5OTtZKakk1kNrl5eBI+MZ95YFX9FpIW8RvH0b4LJ2pxOSlY+WVvyyawdKt/T359Js6eQNNL/6qgC7qOY9z0Ly1bsI3NNKpkGL0LHx7Mw/HOWfGxpsvkvk0sD4p/ghQHpJG/ch/mzTMw2wNmAMSiYpBkJJAxqw/KscxhzvjeRsnc+x7w5nWyCWRAdQkzb7UFEKnuErgAAIABJREFUREREpM051dTU1HR0EC3x6z++zcnTZ/nlfz3KgH59+Pfa//Dxlp30MHbnD4u/U99ux57D/P2tdfXPexi7M2PyWCbeefXKyPyFSwB4Zv4DDAsPIW3bXpYnf8yAfn3UC1hEOq3d+3Ja1b5ndzecnJzqf4AbPqbhY8CJ67Rr8Ptmy6593JLnN1t+Pa1t7+HZae6RanNZby1h6Z5gFixJ0oUtERERERERERERue3Ky2wdHUKX0imubm/dcYCTp88yOmoIA/r14eCRXD7eshOAp791f327tbVz+gL49vCmuqaGi5bLvP3eJ/Tt7VvfQ/ipJxP582urWf3R54TeEciEscPZ8EkmJ0+fZf+hE0QOueO2HUv5lQpeWbaKozl5za53c3NlYHAA0+6NJXxQMK2sV3SYE6fO8ml6Fl6eHnw9YSyeHt06OiQRERERERERERERERGRr5wmM0Y5osws+5CWgwf2A2CX+QgAs2ZMoH+QfWig8ivW+uLvogUP8btnv80fFn+HuQ9PBWD1xs/rtzciMpS4McM4efosO3YfBiCsdtsHD59shyMCFxdnTBEh3DlqaKOfvr17cvj4KV5Ztor0zL3tEktbKL5wia07DpBlPkJFxdW7NP6x/EPmL1xS/9l0JutStjJ/4RL+sfzDjg5FREREREREREREREREpEUcvgewraqK/YdOADByhH3u3/wz5wGIGnZ1QrviCyUA9O7Vo76nL8BdoyP51/ufcKawuNF2w8MGkP7FPo7k5DF+rIkRkaFs23mAoyfyb+vx1HFzdeXrCXcSEhzQZN0u8xH+ueIjUrbsJGrYILy7e7ZLTF9GzPAwXl2ysKPDEBGRNhDz+EJe7eggREREREREREREROSWOHwP4EslZQB4e3ng3d0DgJOnz+LqaqBv75717Zyd7WMlV9qajhFeWWmrX18n9A574fVozmkAgvr2arS/jhQeFkxQgB+WS6UUFVs6OhwRERERERERERERERER6SQcvgdwXUHWt6cPAGfPXeCKtYJ+gb0btfPr1YMexu5ctFzm8+37uWt0JGCfFxggdEBg4/a+Rvx8jZw7b+HceQs9jd72/V3u+ALw9dTUQPbRXFat/4zcvLPU1Nh7PN83dRyjo8IbzRd8bdvq6hqM3l6MihrCfVPH4dHNnZzcAv749/cJCvDjoZkTWf3R5xw+fpoRQ0N5/KEp/Omf9rmKF8yZSczwsPptX7Rc5oU/rQTg5z94hB7G7o229fS8B/gkbWf9ew/2z2Htpgw8urnzX9+ZRU+jd/02vvv41/koNRNzdg7V1dUMHBDIk49Mxbu7J2s2ZvD5F2bKr1TQw9idR+6/h+hhYY2OtfyKlTUbM8jMOsjl0nLc3FwZaQrjgRnj6eHTvb7dP5Z/yPbdh/jOYzO4dLmMjz79gouWy7i5uTJu1FBmzZhAN3c3svYeYemba+tft333IbbvPgTQ5L0QERERERERERERERERcSQOXwD26ObW7HKDi0uj564GF2ZMHsvb733CG+9s5F/vf0Jl5dXewF9PuLOZbTToAO3UZHWHMR/MITevkH4BfvTp7Vu/fPvubF5/ZyPOzs4MHXwHHt3cOHTsFMv+tYGiYgvT4mMBe/F3/SfbWLspAxcXZ0LvCMLP14fcvEI+Td+F5dJl5j86o367Z88V88e/v4e1ohKf7l5U19RQWVn5pY6hf2Bv7hw1lMPHT3O++BL9g/zpF+CHm6uB7l4e9e0ulZTyf/94j549vBk5fDBHcvI4mpPHX15bg3d3D/LPnmdYeAgXLJc5fjKf11Z8xDPzPernbC4rt/KX11ZzJCeP3r16EDnkDs5fuETmroMczy3gR995sP7mgTobPv2C88UWhoT2h/72Qvl/MvZQaavisQcn49vThztHDeV0QRGn8grp5etTP//0tdsSERERERERERERERERcSQOXwDu07sn3dzdsJSUNnpeUtq0p+7EO0fQt7cvqzd+zpnCYrw8u9EvoDeT7oqif5B/o7ZXrBWcOXeB3r2M9O5l5Oy5CwD4tNN8uxWVlaxL2dqoGFpdXUNO7hnOnb9IN3c3psXH4unhDsCp/HO8s3ozPXy688z8B+jrby8M1xVA//P5HkaNGIK/Xw8OHctl46df4OXZjaeeTCT0jqu9n/PPnAcnGg2JXXK5nJHDBzPnGwl4dLPvr/xKxZc6vqhhg4gaNoh/LP+Q88WXiB42qFER/qLlMgA2WxVfu2cMX08Yh5MTWC6V8oe/vkvemSKCg/z574Vz8PH2pKYGlien8FmmmV37jhI2sB81NbBqw2ccPn6a6ffGMnPKXfXH9cUue7F8c8YeZk0f3yg2q7WCX/7XY/TuZQTgaE4eryz7gAOHTmK5dJk7+vfhyUe+xrqUrZzKK2RgcABPPvK1L/V+iIiIiIiIiIiIiIiIiLQHhy8AAwzo14dDx041en7i1Jlm2w4Z1J+fPvXwTbd5Ov8cAINC7D076wqSPt7tUwCuqqrGfDCnyXI3N1fuGh3JjIQ76dWgt+nhY6couVzG2Ikj64u/AJ4e7tw9bgSv/msD+WeK8PfrwfZdh7BWVDLhzuGNir8AgbVzHTfUq6cPD913d33xtz15d/dg5PDB9UM6+3h70S+gN2fPXWDkiMH1n4eTE0SEBfNZprn+s7pcWsaho6cw+ngxbnRko6K2KSKE4CB/jp/Ix2qtxN3dtX7dPXHR9cVfgIA+vejdyz4cuKWkVL18RUREREREREREREREpNPqFAXgwL69OHTsFLvMR4g2hdU/37h5O1Mnjb6lbW7dcQCAsJAgAPYePA7A4NB+bRN0CzScT7as3MqqDZ+RtnUvVdXVGH28GrWtK3h/vGUnH2/Z2ez28s+eJyJsAGcKiwEYdEdQi+Lo2cO7Q4q/AK6urnh5dqt/7tSgd3LfBsNfA7hcM+x38cUSLpWUUVZ+hf/3wmvNbt/P18gVa0WjAnDdfM91nJ2dcXNzvfalIiIiIiIiIiIiIiIiIp1OpygAhw3sx+bPd7Nr31GiTWFEm8LY/PluNtUWgNO27SVt615Onj57w+0MCe3PnaOH0re3L2nb9jKgXx9GRQ0GYM/+Y/VtOoKnhzuzpk8gr6CIbTsPMqBfH+LHx9Svr6qqBqifS7c5gX16UV1TQ3VNTbvE3NGqq6upqanB3c2VYeEhuLk1/efs5emBq6tLM68WERERERERERERERER6Xo6RQF4dNQQPtiQztYdB4gfH0NEWDCTJ47k4y07mb9wSYu3c+jYqUZDSSd+7S48urmTtm0vZ89doIexO6EDAm+whdvLo5sb99wVRU5uAVu27mFU1BCM3vaewP0Ce7N99yFC+vflsaTJN9yOn68PR3PyOHoir76HcWsZXJxxc23+n8f5C5coL7+Ch0e3Ztc35OLifEv7bwnfHj54eXbDWlHB1xPuJOg6hfFbdTtjFxEREREREREREREREbkdOkUBGGDk8DA2bt5O2ta9PJY0mYdm3s3eA8exVlQyPtbExDtHNBk2+VonT58lbete0rbtZURkKMPCQwBI27oXgPGxJrp1c7vtx3IjIyJDCQvpR/bRXNK27uXrCXcCYIoYyCdpWWSZjzBudGSjuX0rKio5nnuGsJAgXFycGRMdwY49h9m64wAjhw9u1Db/zHkMBmf8/XreMA5XVwN+vvZ5co+fzCfaFIaTE9iqqtiydQ/lVypaVAAO6GOfczg3rxBbVRUGl7brjevj7UVk+B1sydjDpv9s5/GHEhptv6XHej2BfXrh5OTE2aKLXC4tp7uXR1uFLiIiIiIiIiIiIiIiInJbdJoCcPz4GHsBeNteAvr24t7xMfz6Z0/y+7+8y7qUrXyWaWZ8rImoyFACA/zqC4FWawWnC4rI2L6ftG32Qm+f3j156slEAN76dwonT5+lh7E7E+8c0WHHV8fNzZWEu0dx9EQeaVv3MjpqCH39fekX0Jupk0bzwUfp/P4v7zBwQCC9exkpuVzO4eOnMbi48KPvPsiAfn2IGBxMbEwEGdv389LSfxMSHICfrw+5eYXknznPnaOGMuehKTeNZXT0EDKzDvJx2k5OFxTh4+3JiVNnuGgpxWBoWSG3rnC9Z/8xfv3HtwkO8ueeuBh63KRY3xJOTjDtnjHknCxg644D7D90giGh/XF2diYn9wznzl+sP9a6eYVbI2RAAH39e5J7+iy/fflfDBwQyKgRg4kaNuhLxy4iIiIiIiIiIiIiIiJyO3SaAvAb726qf/zu6s3cWzs/7k++/w3SM828+e8U1qVsZV3KVlxcnPH364GTkzP5Z4oabWfyxJE8NPNuwD7v72eZZgBmTB570x7E7SVicDDDwkPYve8o6ZlmZs2YiJMTTJ44ioEDAvjw420cycnjaE4ebm6uhIUEMWPyWIKD+gBgcHHh8aQEwgcFsyF1G8dO5HHk+GmM3l7cExfNfVPHtaggOiQ0mHnfnEbyujQOHD6Ji4szpvAQ5jw0hX+8vb5Fx9I/sDc/+u6DvP3eJ+TkFpBXUERU5KA2KQAD+Pb0YdH3HiL1s12kZ5rZseewfXkPb2ZOGUf8+OhbKv4CGL29eGb+LN5dvRlzdg6ZWQfp07unCsAiIiIiIiIiIiIiIiLisJxqampqOjqIm/nrG2vZZT5CT2N34mJNrEvZCsAz8x+oH8b52Il8tu44wOmCc5wuKMJqrQCgm7sbA/r1IbBvL6JNYUSEBQOwffch/rH8QwC+nnAnM6eM64AjExFpO7v35bSqfc/ubjg5OdX/ADd8TMPHgBPXadfg982WXfu4Jc9vtvx6Wtvew7PT3CMlIiIiIiIiIiIi0qmVl9k6OoQuxeGvbi/71wZ2mY/g4uLMnG9MIXLIHQCsS9nKy6+uYsLY4Uy4czihdwQ2muu24Gwxzs5O9OndeP7XhvMAA/zgW/czfOjA9jsgERGRdmarqqLCaqPCZsNmq6K6uoZOcP+XiDgAJycnnJ2dMBhccDMYcHM31E+10lUpZ4rIl6G8qbwpIq3zVcybIiIi7cGhC8DLkz8mM+sggX39yD9TRHrtcM11vwHSttmLuWOiwxk6ZAB3jR4GQEAf3/o2JZfL2bnnEIePn2b77kMADOjXh2/OupeQ4L7teEQiIiLtx2qtpOyKFZutmm7urnRzd8Pg5YKLs1Ore0SLyFdTTU0NVdU12GxVVFbauHCxFIPBGc9u7ri7u3Z0eG1KOVNE2oLypvKmiLTOVylvioiItCeHHQL69Xc2krF9P716+vDM/Af421sfkn+mCBcXZ6qqqokccgdPPDKVjC/2k7FjP2cKi+tf28PYHaO3fY7Z4guXKCktr183oF8fJtw5nAljh7f7MYmI3E4aAvrGvkpDQFdVVVNyuZzq6mo8Pd3p5u7W0SGJSBdyxVpBWZkVZ2dnvLt74OLi3NEhfSnKmSJyuylvioi0TlfLmyIi0jIaArptOWQB+NW31/PFrmy6e3nwg2/dz8ABARScPV9fBI42hfG9uTMbvSbLfIQDh042mQO4TuSQO4iNieDOUUPb81BERNqNCsA39lUpAF+xVnKppAwvz254ebp3dDgi0oWVllkpLbuCj7cn3Tpp7wzlTBFpT8qbIiKt0xXypoiItJwKwG3L4a5uf/TpF3yxKxs3VwPzH53OwAEBHD9ZwD+Wf8j5C5eIjYlg3jenNXldjCmMGFNY/fOCs8VYKyrx8fbEx9tTc0eIiEiXV36lgsul5fQweuHm6nBf8SLSxXh5uuPq6oLlUik1NR54dOtcPcCUM0WkvSlvioi0TmfPmyIiIh3J4c7YM7MOAvDkI19j6OABHDh8klffXs/l0nImjB3OY0mTW7SdhnMAi4iIdHVXrJVcLi2np7E7BoNuehKR9uHmaqCnsTsXLJdxcnLqND0zlDNFpKMob4qItE5nzZsiIiIdzeEmUHB3s3+Jd/fyYOeew/zltdVcLi1n3OjIFhd/RUREvkqqqqq5VFKG0cdLF+REpN0ZDC4Yfby4VFJGVVV1R4dzU8qZItLRlDdFRFqns+VNERERR+BwPYCjTWEcP1nAS0v/Xb9sTHQ4Tzw8tQOjEhERcVwll8vx8uymofhEpMO4uRrw8uxGyWX70KCOTDlTpOuprq7GZqvCVlVNdXU1NTU11NTcvv05OYGTkxPOzs4YXJwxGFxwdm7d/fXKmyLSkdozb7ZFzoTOlTdFREQcgcOdvYf070vC3aPYs/8YBoMLsTERfO2eMR0dloiIiEOyWiuprq7Gy9O9o0MRka84L093ii9UYLVW4u6gQ/MpZ4p0LTZbFRUVNmxVVe2635oaqKmpobq6CputCqyVGFxccHMztKqHrPKmiLS3jsibbZUzoXPkTREREUfhVFNzO++LFRGR9rJ7X06r2vfs7oaTk1P9D3DDxzR8DDhxnXYNft9s2bWPW/L8Zsuvp7XtPTwd7h6pZl2wXMajmxvd3N06OhQREa5YKyi/UkFPY/eODqVZypkiXUN1dQ1XrBX2QoKDMRhc6ObuhrNzy849lTdFpD04at5sbc4Ex8+bIiJy68rLbB0dQpficHMAi4iISMvYqqqw2ap1QU5EHEY3dzdstup2743XEsqZIl1Dpa2K0rJyhyti1LHVxlfZwviUN0XkdnPkvNnanAmOnTdFREQciQrAIiIinVSF1UY3DXslIg6mm7srFVbHu2tXOVOk86uotFFebr2t8/u2hZoaKC+3UlHZslyovCkit0tnyJutzZnguHlTRETEkagALCIi0klV2Gy4unaOoapF5KvD1dVAhc3xLsgpZ4p0bpW2Kq5cqejoMFrlypWKFvVqU94Ukduhs+XNluZMcNy8KSIi4khUABYREemkbLYqDAaXjg5DRKQRg8HFYYcYVM4U6Zyqq2u4csXa0WHckitXrFRX37jrnfKmiLS1zpo3W5IzwXHzpoiIiCNRAVhERKSTqq6uwcXZqaPDEBFpxMXZqUUX7tqbcqZI53XFWuHQw5feSE2NPf4bUd4UkbbWWfNmS3ImOG7eFBERcSQqAIuIiHRSNTU1ODnpopyIOBYnJydqHPCKo3KmSOdks1V1+l5eNzsG5U0RaUudPW+2JH5HzZsiIiKORAVgEREREREREXFIFRVdY47HrnIcIuL4ukK+6QrHICIi0tFUABYRERERERERh1NdXY2tqvP2YmvIVlVFdXV1R4chIl1cV8mbypkiIiJfngrAIiIiIiIiIuJwOvMQps3pascjIo6nK+WZrnQsIiIiHUEFYBERERERERFxOLaqrtX7q6sdj4g4nq6UZ7rSsYiIiHQEFYBFRERERERExOF0teE/u9rxiIjj6Up5pisdi4iISEdQAVhEREREREREHE5NTU1Hh9CmutrxiIjj6Up5pisdi4iISEdQAVhEREREREREHE5Xu/bf1Y5HRBxPV8ozXelYREREOoIKwCIiIiIiIiIiIiIiIiIiXYQKwCIiIiIiIiIiIiIiIiIiXYQKwCIiIiIiIiIiIiIiIiIiXYShowMQERGR9pP60k/YVHjzdv4Ji1h0r//tD6hFbORtXcF7KdnkldpuW2z73v4Jb52ZwqJF8TjKkYtI11VZtJvkd7aReaqUMhvgbMAYFMik+IkkmPxxbc3GzMnMf8NC4k/nMV0JTES6JBtFO1NY9skRcgttVAK4uxMcHsH0aROJ8Wvd5a2st5awtCCK534aT8BtiVdEREREpGOpACwiIvIVMnHBs4ypbrDgQDLPv1/IhO98n4kNigYGd+92j+16bPtW8I8PjhE0cTbPTBiAbwfHVvjJS7yUUsiwx3/P48Na+eLTGaxMLyF6+hTCHectFpF2VmZO5udv5OI62MTs70UR7usOlwrJ3JZOylvLSRk0kWe/Mwq/jg4UyM1YRcrFMJKmmTB2dDAi8hVVStZbr7PUDOETJ7LwWyH4uYOlwEz6xt0sfeEg4UmzWTjWt6MDBSyYN6SS2WMU88YFd3QwIiIiIvIVpgKwiIjIV4jBy5tGdUcvA2DAw9sbbwctSJqz9lEe/iBPTh/mECcu/hO+z7OxNgwet/Dii0fZlVWI/z0qAIt8deWyfm0umOJ5bm4UnnWLvY0kzAojIeEg681eDlH8BSg6mkNmgZHp01ABWDq5KoqP7eTzvee41JLm3XsTO3Ikg3xdbndgcjN5n5O8p4qYR+exINqrfrHRO47Zg+OYvj+VrB6OUPwFsJJrziEzIIx54zo6FpEvyVbE0e37yDxT2qLmPn0juGv0QHwd4T9tIiIi4hDXUUVERESuo5DiQqCvp+OctLh54O3W0UGISKdVksuxYgidOuxq8bch7wimq2gg0vaKM3lj+R7yWvyCXLKO2fh/3x2Ho5QWv6osOXkU4U+iyavZ9cbIeCa1c0wiXwXFWzexNLVFt8zY7cnliO1hfjS+5+0LSkRERFrMYa6lioiIiIOwpPHybz6Erz/LM+Ov6aZasYvXFq+EB/+HJ0eVkPrSS2zq+wjPxpzkteQvyCu1gbsv4RMf4ZF7B9Cok6ytmF2rlrN6dx7lNjD0DCf+kUeIv6P5rrR1Qy3bn7zFT34C4M+URYuI94fyE2kkr00l+3Q5Ngx49AsnfmYSExpsr25e3+8/6MqWtalknzYw7qlnmXGDEfnKT6Ty2spUsi/YwOBBUFQijz0Yja9z3Ubf4idvFdbHQWEqL720Cf/ZzzIm7y2SPz9JSZPj28dbP3mLfbWb2PTST9gEMPxxfv/oMCg/Sdr7q0k9UPveeAURfs907r9rEN7OzUUpIp2Wdy/8nMFs3kfZyKjmi8DXsBxN5c1392EutoHBQHDMRBYkReF3o/xQbSE7dQNvbs6nyAquXr7E3n8fc6Ibl7Iqi3az4u0tZJ6yz6np6utP3NQpJLlt4Xtv5Na22s3ihbsBiJm7kAWmWzlwkQ7mO5jhffeQd6blLwmKCFXx1wEYexqBU2SZS4mNbr4I3EgL818TtkIy31/Piqxiymzg6hvI9NkzmR7SeJ+NcjLg2T+Y6TMSMOUks3ijxd6oMIX5C1MAo+Znl07LNyKEoM17yKu+eVsAnH0YPkTFXxEREUfh8qtf/epXHR2EiIh8eWcKL7aqvYebC05OTvU/wA0f0/Ax4MR12jX4fbNl1z5uyfObLb+e1rZ3dXX8qltp2RW6e3X7chsp3MPHe0oZNG4cA+uubXULwj0vlYwDMHT8YHwaNC/J+DerciOY+cgI/JxKycnI4NiFfPYd8WLCY48za0ocJq8C0jetJ80SwqShtRfaqgtJ/dPvWV00iMQn5jJrShyDa/ax7p3/UDokjsHNjCvq1S+asXcNhv07ORnyIM9+dxYTJ45lUA9XnI+u5sVXUykLTWTu47OYGhdJz7NbWf1hOqUDJhLeq/bw9n7MnoJ89mUV4Tt6MpNix2AK9cWjmY+3rm32ARuDZn6Tx2dOwtSriF2pn7Kzcihxg32af89Kc8jIOMaZ47s4aZzA7G/OYuroO6g+kcGnqafwmxBNgIsvg8eOY3zvQtIOVjPhO4t4fNpEJg4LwN21lIxXX2Jtg/cm0r+UQykfkd93EkMdZRxYkVZok/zUxhwnpt4EOB0gJeMgqbvzwNiTfj28cb3Orbll5mR+uewE3mMnsWDuJGZGGcn9TypvHnLj3pGBuAIUHmDdbivhcTEM9gIoJWv5m7yy2424b8xkQeJYRvfOZ+PKzRzoMYLYoNphDM6k8ts/bOVY70ienDuTh6cMIaSmgPQNx/C+bwazJ0YRcC6LPTUmFv5kJrPujiEmoBud4CtSughrRWUbbs2TgVGBVB8+xPHLN28dNHEmT98dQFv/c3d3d212uePkqKscJiY/Iy4H9rL58x3sOFuO0a8Pft3dcGn29L5l+a9gz1Z2XO7LpLiB9ulRqvNZ//K/WFHUl9lPfp3HvjaCyJojvLtiB5fDRxHZw751e04+hHXoOJ6em0Di+Dvwu3CY9Z9dYvTD05g5PhD2HeJYSBwvfT+BhLtHEN7jerGKtL02zZue/Rk95AoHswopqblJW2cf7v32w0zp07ZZ83o5ExwoR4mISJuxVbb0riNpCfUAFhERkWsYiE6YwKb/28Wu3BkE1feWzWNLeh6+Yx4kvOH/6y3+3PPfjzCmtuOt9/jH+SEv8/y69aTd+wwTjFDy+Uo2nQnnwYbt7v02T5a/yF8+3cXUudFNT0rcPPB288HDBTB44l0/SXEJaR9lUDL4Qf7n4TG1vYy9GfPwM1D237z3URrxYROuznVc7sHopxbdsNdvvXJfJv7o20yoLUh7xz7OlEM/YeWRbIoJunEvoIgkFj0UXvtkGDMeyGPf/6aSfRSih9rnWW5+zuWTHD0B4Q8nMSbY/i54R83g28Nn0OZXnUXEIQRMnssLviks23iE1W+sZDX2HmrhY4YyffxIQo21GbH6IMnv5uI5IYmFdUnMO4p5P7RRtngH6/NGkRTUzA6yU3lzj4GEpx8jaYB9kXHkAzxbtZJnPv6c3DEJBFNMyju7yfWL4rkF8QTYWxEzOYmYSfaexgCeBsDZBaO3UXMAS+dnCOJrc+/m7Cv/wVx2/WYekXezYFKQLpg4CudApj/9GH5rNrF6526W7rGPSODZP5C4sWNJGBVCXdpsWf5rypK+idUFgcx57gHias9VjZMf4+myv/Fi6g4SnxyFa21OZkQCz8022W/AwUjcrBBibTZcDQZwN+LpDBg8MXora0rnZ+g7ngVJF/jNu3mUX7eVO6ak+/laX82ZLiIi4kg6/WXFQ8dOcfjYaQ4fO01ZubWjwxEREekaAicyrl8J27dlX12WvZXtlnDuueeaasPgYcRcM4qzd9RoBpDH0SM2oASzOa/ZdgNCB0DOMU60JrYSM+bTED48pvEQ03gQMzwcTh/lYEWDxb2iGdOS4i+A/zDCr7lWFxToDzaw3eSloUPDGy/oG0QgcPObF/0J8ofstA/Zl1+Ora59pz9LE5HrM+A3cho/+38fBJ03AAAgAElEQVTP8Opvn+BnT8YyaaCB3M/SefG5v7HUXGpvdvQIWeXuxERdk8Q8BhIaUMqxHEuzW88251BmHEjMgMbLPQcGElycx7ESoOQAWacg9K5RtcXfhuGp7CVdWLcI5s4dRtD1vmf7DuMHsyJofoIK6TAGf2JnPcYLv13IX//fAzx9n4lwg4XNyatY9FwyWbWVqRblvyYsZO0thsFhxF7zwYcO8ofj+RyD2pxsIGZsXfH3KlflTenCPCJm8oNJPtddHzRpOnMjWjKphYiIiLSnTnmGWlZuZV3KVjK272tS9B03OpJ7x8fQP0gTrIiIiNw6b8bFhfPhvzPYlRhOtJuNXdu+gJgn63vw1nPzbHpC4e2DN1B4sRiA8jLgxHv84ifvNbOvYVxpTWjl5ZQD3t2ansYYuhmAQkouAnWnAi6OfrrjT/z3vw8rk0n+cwblNvt8xhPunUH8UM08KNLxCln/u+WsLmy4rMGcjoWpLP7dbgoarvaP4rmfxjctrDbH3ZfQyDhCI+NIqi4m/Z/LefOtTZj/8AAmq5UyrKS8soSUZl4acJ0bYMvKbWAx8+JCczNrjZSVA1gpAwKMbdRDzZzM/Po5g2uNSODVx+0TBme9tYSlexqv1nzC0mH8r9OjzTOIuXPH08YjmH713Cwv3iRf3IyrbwimCSGYJgDFmbzyv+ks/eAgr86OaFn+8752uZWyUiBnC99buKWZ1wVTBmC1UoYXfj1aFOZN3Tgv3uS7R6Sd9Zl4P3ML3+GN/Y3PPTwi72bBxD4dFJWIiIjciKNfEW3iVF4hLy3993V7+2Zs30/G9v088fBUxo2ObOfoREREug5D1DjGrHmNtMwSoofvIu2AL6N/GN60YUUZNq45qSi5RAng28MXKMfDExj6IM/OimhuT63rZePhgQdgu9Jkr7XLfPFuowtz7cZjAPFPLiIesJXmkf2f9SS/8SInH/4tT8Z0utM1kS7Gn4Sn5hHXqDe/Ac+6edP94vjZr0bRaMY95263Nlyysy9xowJ5M7uY3CIwubvjiRdxCx4hoZlrq65uze/F08MAfhEsfCq2mSJ0beyl7ngCFosF2mJw54hpvPSra8ZKMHjVPzQlzeOl+xuvdlUXS+lAHhEz+cHXkvnTR0X2IrCnHw/MnYlJ00l+eTfLizfJF63iG0vsoHTMZwopIqJl+a8Jd/vyyDheSmrmXBcDngDu7nhSSlHDGw2/hBvnxZt894i0O09Ms6bzQNl6VuXYr8l6hIzUiAkiIiIOrFNdUTxffKm++OvRzZ17J8Rw1+hh9PL1oazcyu59R1m7KYPzFy7x+jsb8fBwJ3rYoI4OW0REpHNyDufOMb68nL6FjEv7yOs3jicDm2l3eB9Z5WMa9Qwu2buLkwQxI8wAeGMyBbH6k1zyvMY0nj/4VnibMPVbzYd7sygfNabBBYdysvZmQ78ZRLh9yX3cLu6eeFBOeaMuzzZsNkP9iKsGryCGTU/k7MGX2HT4KMQ0dyFSRNqTq9cN5r91dsfT270VWyska1sp4WNDaG6wRPPhfPAIIdQP8A0jxuMI2flVJA1q+YgA4aYQPLflkVttbDKsfT3vocT0zyR5hxlLXFzj46umfhh6Tw8DWKu4wXSpdgYvjE161V3l6qE5hMXx9IlN4gcV7/CnrXD33CTuUs/KtnGzvHiTfNFEoZn00oHEhTRT/aw+SPZR8BwRiB/g15L814SRmOG+rEg5S65XLKbrnasOsufkrF0HmTP4mpsa6/NmbTHZaqUSmgwV3dDN8uINv3tEOoJzH+56bDrlr63hPwzjB4+N0YgJIiIiDqxTfU2/9s5H9cXfH3/vIWZOGUcvX/scFJ4e7owbHcnihY/TP7A3AG+8s1HzAouIiHwJQXHjCLqQxuotxYTHjWs6Yh6AsZBPX1nJF7nFlJQUczJzJX9ZdxKPmCmMq71q5X3XdMYZvuCt/32PtCN5lJSUUJJ/lLQP/sLzb+266fy6jXkz4Wvj8D78Hi+/8wUnz5dQcv4kX7zzMu8d9mbc1yY0H6cjCI3C5FVC2qrV7MsvoaTUBvkbeWnxS7z3Wbb9WEqKOfnZh6QVQvjg2hvZslfz/G+e5x+fFzf/nGxW/+Z5nn81g+JmdywiDqPoMCkfrGLRc8tZkWbmWJEFS4mFopO7Wf/WMpZ+4ULMN+IJB3COIHGaPwXrVrDkw921bQs5tiuVpb9bRnLedfYRHkfioGKS/7ic5F05FJVYsBTlkPlxMot/l4J94FVfEqZFYMzLZPHSFLLyLFhK8slOW8XiX64ks/a/UeEjQvC0mFnxvpncEgtl+u+VdDF9xj/Mr3/yMPeq+OuwirJ3sOLPf2PRnzeQsr82p9Xlwj9sIN05mDkzwuyNW5T/mjLGxTHJcISlf1hFyuF8LCUWLHlHSHn/dRa9scPem7k2J1d+sYGfr8i05+SiHDI/XM6i+m0biYnyhextLE2z77+sdSe6Io7NuQ/3zvs2v543TsVfERERB9dpegCfyivk8LHTADzxyNTrzvHr6eHO959I5H+WvEVZuZWM7fu4d8LI9gxVRESk6zCO487wD3nv1BgmRF3ntKH/FL4fk8dby1/iPYsN3H0Jv/fbJN0z6OqJhvMgEn/+MwasWs6Hb73Mh1bA4EHQ0HgeuT+69SckYYks+q4vyWvX8/ffvYcN+7y5iU/PZlxzvZQdhfMgEufP4NKbG3nr/zLAfwqLFk3l2w/aWPnpSv6+rtw+nLZXEOH3P8PsuuGfbZcosZTgUW5r/jk2LllKKHEvb2UxXUTanV8cP/vNYLI2b2H9fz4lfY3NXlgwGAjoH8bsH00kLuhqLzfjuMd4wT+VN9/fwpLNqfYeZb7+xE2dSWLQ9Xbiy6TvzCMgdQMrPlhFSingbMBvQBiJ37qH4Lpmg6fx3Pd8eHPNTpb9r5lKwNPfn9hZU4hxv9pm4X3JLN2YwvMZEDD1MZ6brEqZiLQfvwlP8PJQMykbdpDy7kGSS+3LXb28CB4Rx7PTYgmuHxKmhfnvWs5hzP7lY4S+v57kN1aSbAUMBoIjRzJv1qj6nrzGcY/xnMcGlm3YxosvpIOzAWNQIAlJsfXbNo57gKfPrmLZ+lX8fI3mOxcRERGRjuFUU1NT09FBtMTaTRmsS9lKr54+vPjL+Tdt//o7G8nYvp/Bof348fe+0Q4Rioh0rN37clrVvmd3N5ycnOp/gBs+puFjwInrtGvw+2bLrn3ckuc3W349rW3v4en490idPXeRPr1v82S31dm89z+vkXfvszwz/tp+tYWkvvQSm/o+zu8fHXZ74xCRTqVd8lMrOWJMInJjl0puOvh4p+Pj3dzg746ZoxwxJhG5sa6WN6+XM0E5SkSkKyrX0CltqtMM1nH+wiUAhgzq36L2UbVz/57OP3fbYhIREenqSram8oU1nAmxDjuosoiIiIiIiIiIiIg00GkKwHVz+Xp0c79JSztPD/dGrxMREZFWqj7JlrSTeMSMI9qto4MRERERERERERERkZZw/PEta/UP7M3ufUc5fPx0i9ofOnoKgMGh/W5nWK1WfqWCV5atIq+giP/6zixCggNu2N5yqZQ//PVdKm1V/PwHj9DD2L1N4liXspW1mzIYHTWEbz8245a3U11dwxe7slmXspVz5y/i0c2dH333QQb069MmcYqISAdyHsCMn/+e639L+BO/6PfEt2NIIiIiIiIiIiIiInJjnaYHcP8gfwBO5RVyvvjSTdtnbN9vf12g/22N61aVX7Gy8dPtVFVV37Bd2ra9nD13oZ2iar2Nm7/gtZUfcfHSZSKH3MHoqMH1va9FREREREREREREREREpH11mh7A0cMG0aunD+cvXOIvb6xh0YKHrltofP2djfVzBk+eMLI9w2yV/YdOcCTnNOGDgptdf6awmLSte9s5qpYruVzG1h0HcHM18NS3Eq97HCIiIiIiIiIiIiIiIiLSPjpND2CAJx6ZCth7Ab+09N8cOnaq0fqyciuvv7Oxvvdv/PgYevn6tHucLWWtqGTjp9upqKhssq6mBtIzzVy8dLkDImuZSyVllJaV4+XlQd/evh0djoiIiIiIiHQhTk4dHUHb6mrHIyKOpyvlma50LCIiIh2h0/QABhgS2p8nHp7K6+9stBeB//pvevn64NfTCNCoIDxudCQPJ07qqFBvyujjRd/evmQfzWXP/mOMjg5vtP50wTkydhwg9I5AKiptlJZdAeByaTl//Mf75BWcY8GcmYyIDG30urJyK3/8ezIFZ4t5Zv4DhA1s+RzIdfMCz5wyjv6BvUlel8a58xdxcXHGFB7C7Fnx9PDpzkXLZV7400qKL9QNxV3Oj5/7O0CjOYXPX7jEmo/+P3t3Hh9Vfe9//DWZySSTPRMSyDIJkA1JgBBADCKiKNgqoFaxtsVbrba32lZbvT971V+321rv72o3q13cWr0Wpd4qWBfwgogsIhCCECGQsGRIgITsy2SSSeb3R5IhYQshy0yG9/PxyCOTc77nnM8Zjl8w7/l+vxvZ+XkJzQ4nZnMg6eMSuWXhHJLiYy/wnRMREREREZGLgcFgwO12e7uMQWNQmiEiQ8yf+k31mSIiIgMzogLgohI7BbuLe22rqq7vtSawJTiIRQvyuKZr6ucjRyvZs7+UA4fKKTlUDgYDaeMSSUkaTVL8KLIyxw7rPXQzGo0suGoG5a9VsXZjAdmXjMcSbAagvb2D1es6RwYvuGoGq9dt8wTAYaEWZk6dwN+PHGfT1kKyJ4zDaDw5kHv/gSPYyyuZMjGV8SkJF1TbtoIiPvhoG6ljE0hJiqOoxM6O3cU0O5zcd9eNmM0mcielc7yyms/3HcZkNJI9YRxms4nxyfEAHDh8lN+/+BaNTQ4SxsQwJSuVyqo69uw/zC9/t4yvL5l/WugtIiIiIiIi0i0gIICOjnZvlzFoAgJG1CRsIjIC+VO/qT5TRERkYEZEAFxVXc/rKz5kxynhb0ZqEqOskcREd07zbEuMIzPV5lkbePO2z/nbP9bQ4mztddzWHXvZumMv0DlS+M4vXzcMd3G6xPhRzJo+kdUfbWf7ziJmz5wEQGnZcXYWHmDqpDQyxiexet22XsflZKfxv+vzOVh6jKqaeuJGRQGdwXH39NezZmT1Cob7o76xmfvv+RKpYzsD5MqqWn71xzcoLTtO+bETpI5N4LbFczlYepTig+VYLEF8+cariIoMA6C1tY2VqzbR2ORg0YJZXH/NZZ5pWz7dsZeXXnuftz/YTEaajcjw0AuqUURERERERPybyRiAy+UfQQZ03o+IyFDyp35TfaaIiMjA+HwA3L3eb7PDCYAtIZZr5kwjJzvNE/Seya/++Hf27C8FYOH8POLjrCQnjSYqIpQjR09w5Ggl6z/ZxaathWzfuY8f/OutjE+JH5Z76hZgMHDV5VPJ31XM6o+2MWnieEJDgnl3zaeYTEbmz52By9VObV3vdYBjY6LInjCWj7fsomB3MfPnTgfgWEU1+w8ewZYQ26+pn0+VOyndE/4CWKMiSIwfxc7CEurqm/o8/mhFNQdLjxE3KoorZk7qtWZHTlYqaWMTKSqxc/DwUXKy0y64ThEREREREfFfJpMRnG3eLmPQmExGb5cgIn7On/pN9ZkiIiID49MfpeoZ/lqCg7ht8Vx+9OAdzJqRdc7w9yf/9Vf27C9lTJyV/3j4ThYtmMWMqRPYtecAL/ztPcyBJq7Mm8L//f7XyJ4wFmdrG7/83d9ob+8YxrvrFGONYN4VUzlWUcOW7XvYs6+U3XsPMmv6RJLiY3G73XScsnaHwQB50ycSZA5ka8FeTzheWHSIhkYHM3ImnPP96Uv3SN5uRmMA5sDz/6xATW0DjhYn4WEhmM2BvfaZzYGEh1lwu93YyysvuEYRERERERHxbwEBAZiM/hEAmIxGTWcqIkPOX/pN9ZkiIiID57N/k/YMf2OiI/i3e5d41vU9l3fXbKHs2AkswUH8x8N3MibO6tn3+op17Nhd3Gsq6fvv+RKzZmR17f9w8G/kPMzMvQRbYhwffLSd5SvXER0ZzlWXT+01cvZUKUmjGZccj728kgOHy2l2ONlasJfoyHCvj6rt6HDjPiW0FhEREREREekvs9nnJy47L/5yHyLi+/yhv/GHexAREfE2nw2AX3rtfc/I3x89eAe2xLg+j2lv72DDll0A3LZ47mn7512RS0ZqElNPCUi/cvM8YqwRfLixgMKiQ4NzA33W2k5rW+eULGGhFq6bO52GpmaOV9Yw74qpxFgjznm82RxI3vSJdHS4yf9sP/sPHMFeXkn2hLHExkQNxy2cVYw1ghBLMA2NzbS29p52prW1jYZGBwaDAVtCrJcqFBHxDwaDQR+4ERGf43a7MZzrk4xeoj5TZGQymYwjfhrQvu5B/aaIDKaR3m+eT/2+2m+KiIj4Ep8MgFeu2uSZHvi+uxaf93TGOwtLqKyqY+qkNC6/NPu0/V++8Sr+7d7bTguTg8yBzLsiF4At+XsGWP35aW110dTc4vl56uR0Ls2ZQNq4RKbnZJ7XObIyxxI3Koqdn5fw5rsbMBmN5E2feM6Rw8MhPs7KuOQxVJyo5eMtu+j5/4sFhSUUHypjTFw044Z5zWUREX8TEGCgvUO/lBMR39Le4SYgwPd+Iac+U2TkCg4ye/3/cy+UwdBZ/7mo3xSRwTZS+83z6TPBd/tNERERX+Jz82k0O5ys+Tgf6Byxm5lqO+9j127YAUBSfO+RpVXV9axcvYmC3cXEWCN56NtLTguVM8YnAbB52+fcdfsXBnILF8RkNHLXV/p33ciIUKZOSuf9tZ9S39DMhLRkUpJGD1GF589sDmTRglmUllWwctUmtu0sIjkxjsqqOg4cLsdkMrHw2jwiw0O9XaqIyIhmMhlxudoxGX3y81wicpFyudp9ctSJ+kyRkSsgwEBwcBAOh9PbpfRbcHBQnyGF+k0RGWwjtd88nz4TfLffFBER8SU+96/4gt3FNHf942TRglkXdI6EMaN6/Xyipo5ZM7Jodjixl1VgL6847ZiUpNFER4Zd0PW86dKcTMJCLRgMBvKmT8RsDvR2SQCMT4nn0Qe+ymW5l1BT28DmbZ9TWlbBJekp/Pv3bmfG1AneLlFEZMQzm0y0tbm8XYaISC9tbS7MJp/7nKn6TJERLtBkJDi471FhviQ42EzgeQQU6jdFZCiMtH7zfPtM8N1+U0RExJf43N+UO3YXAzBrRtZ5T/18Kper9/+gnO8o4oCAoc/DLcFmHv7Ol8+7fVRkGP/52D19tosbFUVW5tjzPu/C+XksnJ/X57Zu31x6A99cekOvbeOS4/ndL75z1mvEREf0e1SziIicP3OQiZraJsLDLN4uRUTEo8XZRnSU7830oj5TZOQzB5owGAy0tDjx5aVpDYbOUWznG2So3xSRoTIS+s3+9pngu/2miIiIL/G5EcBFxXbg/EPbniIjOv/iLz5Y1u9jjx6voqqmnrDQkfU/Np8WFNHY5GDqpHTP/YuIyMXBZDRiMgXQ4mz1dikiIgC0OFsxmQIwGX1vSj71mSL+IdBkJDTE4rNTf5q66jv/8Ff9pogMLV/uN/vbZ4Jv95siIiK+xOcCYEdL5/TPlgsY/TttcgYAxQfLT9tXVV3veX2mcLn7mNxJ6f2+rrfU1TexY9d+oiPDuWLmJG+XIyIiXhASHERz88ha10lE/Fdzs5OQ4AubxWc4qM8U8Q8BAQZCLEGEWIJ8JgAwGY2ems5n/cpu6jdFZDj4Wr95oX0m+H6/KSIi4it8bgrojNQk9pUc4S+vvc+ahLjzPi4zzca82VOJjgqn7NgJPtxYwFWX53j2n6ip87yuqq6n2dGCLfHk+bfk7wEgJzttEO5ieGzbWUTFiVpmX5pNbEyUt8sREREvCAoKxNHSSlOzk9AQ/U+wiHhPU7OTgIAAgoICvV3KWanPFPEvJpMRk8lIR0cHLlc7rvYOOjo6cLvdQzrVqcEABoOBgIAATMYATCbjBS0ppX5TRIabN/rNweozYWT0myIiIr7C4Hb71goQ9rIK/uvZ5Z6RwP3x3FMPsnrdNv7+9kcYjQH88f99v9f+nz31MvbySmKiI7jtxquY2hX2vvo//8u6TTu5dOoE7vna9YNyHyIiw61g98F+tY8OM2MwGDxfwDlf0/M1YOAs7Xp872vbqa/P5+e+tp9Nf9tbQnzuM1Jn1d7eQVVNA1GRoZgDR07dIuI/Wttc1NY1ERMdjtHoc5MM9aI+U0R8gfpNEZH+GUn9poiIXBhHs8vbJfgVnwuAoXOE7satu/t1zChrJLNmZOFytfPLp5dReuQ441Piuf/umwkJCe517hhrhOfnv76+ig2fdl7rkfu/wrjk+MG5CRGRYaYA+Nz8OQAGaHG20dDYTHRkmE+u7SQi/svlaqemrpHwsBCCR8hoDPWZIuJN6jdFRPpnJPabIiLSfwqAB5dPBsADdfR4FX98+Z+UHzsBwFe/dA3jksdgjYrAEmympq6Buvomlq/8iIOlRwH41h0LmT4lw5tli4gMiALgc/P3ABjA0dJKY5ODyAiNzhCR4dHa5qKuvomwUAuWYLO3y+kX9Zki4g3qN0VE+mck95siItI/CoAHl18GwNAZAi9fuY7dew+ds13imFHcMD9P4a+IjHgKgM/tYgiAoXN0Rn1DM6EhwVqnTUSGVFOzk6bmFiLCR+5IDPWZIjKc1G+KiPSPP/SbIiJy/hQADy6/DYC7bd72OR9t3smRoydwOlsBMBmNJMTHMG1yBvOuyCXIrH9AiMjIpwD43C6WABg612lraHTQ0dFBSEgQwUH6lLSIDJ4WZyvNzU4CAgIID7OM+DXY1GeKyFBTvyki0j/+1m+KiMj5UQA8uPw+AO7p6PEqAOJGRWE0as0aEfEvCoDP7WIKgLs5nW00tzhxuToIDgokMNCEyWTEGGDo9/shIhcnt9tNe4cbl6udtjYXLc42TKYAQoKDCPKzURjqM0VkMKjfVL8pIv1zMfWbIiJybgqAB9dFFQCLiPgzBcDndjEGwN1c7e20Ol20uly4XO10dLjRX/8icj4MBgMBAQZMJiNmkwlzkAmTn3+QUn2miAyE+k31myLSPxdjvykiImemAHhw+c9vt0VEROSMTEYjphAjIWidNhGRvqjPFBHpH/WbIiIiIiK+RwsoiIiIiIiIiIiIiIiIiIj4CQXAIiIiIiIiIiIiIiIiIiJ+QgGwiIiIiIiIiIiIiIiIiIifUAAsIiIiIiIiIiIiIiIiIuInFACLiIiIiIiIiIiIiIiIiPgJBcAiIiIiIiIiIiIiIiIiIn5CAbCIiIiIiIiIiIiIiIiIiJ9QACwiIiIiIiIiIiIiIiIi4icUAIuIiIiIiIiIiIiIiIiI+AkFwCIiIiIiIiIiIiIiIiIifkIBsIiIiIiIiIiIiIiIiIiIn1AALCIiIiIiIiIiIiIiIiLiJxQAi4iIiIiIiIiIiIiIiIj4CQXAIiIiIiIiIiIiIiIiIiJ+QgGwiIiIiIiIiIiIiIiIiIifUAAsIiIiIiIiIiIiIiIiIuInFACLiIiIiIiIiIiIiIiIiPgJBcAiIiIiIiIiIiIiIiIiIn5CAbCIiIiIiIiIiIiIiIiIiJ9QACwiIiIiIiIiIiIiIiIi4icUAIuIiIiIiIiIiIiIiIiI+AkFwCIiIiIiIiIiIiIiIiIifsLk7QIGamdhCUcrqjl6vAp7eSX2sgpsiXHYEmKJHx1DfJyVKVmp3i5TRERERERERERERERERGTIjdgAuKa2gb8uX01h0aHT9tnLKrCXVXh+zsocy78smU90VPhwligiIiIiIiIiIiIiIiIiMqwMbrfb7e0i+mvzts95cdl7AIy1jSFv+kTiRkURNyqauFFRVJyopeJEDRUnatm87XMO2Y8BcNftXyBv+kRvli4iMmQKdh/sV/voMDMGg8HzBZzzNT1fAwbO0q7H9762nfr6fH7ua/vZ9Le9JWTEfkZKREREREREREREZERxNLu8XYJfGXG/3S45VO4Jf6dPyeRbd9zg2edqb6eo2E7quATiRkUBcPXsqfzp5X+ybWcRLy57j7hRUaSOTfBK7SIiIiIiIiIiIiIiIiIiQ2nEjQD+ziNP43S28p27bvSs7VtZVcvrK9bx+b7DtLW5CAw0MTEjhdsWzyU2pjMI3llYwu9ffIugIDO/f/y73rwFEZEhoRHA56YRwCIiIiIiIiIiIiK+SSOAB1eAtwvojzff3YDT2coX5830hL/VNfU88vgL7CwsIdgcSGaqjWBzIDsLS3jk8ReorqkHYEpWKl+cNxOns5U3393gzdsQERERERERERERERERERkSIyYALiw6xLtrtjAmzsoN117m2f7q/6wBYPqUDH71s3t56N4l/Opn9zJ9Skav/QA3XHsZY+KsvLtmC4VFh4b3BkREREREREREREREREREhtiICYBLDpUDMHvmJAIDO6flrKlr5LM9B5iYkcK37ljYq/237ljIxIwUPttzgJq6RgACA03Mnjmp1/lERERERERERERERERERPzFiAmADxw+CoAtIdazrXt654Qxo854TPf27nY9j+8+n4iIiIiIiIiIiIiIiIiIvzB5u4DzVXK4c8Ru2tgEz7bRcdEA1Dc0nfGY7u3d7Xoe332+4eZoaeV3z/+D4oNlZ9wfGR5K7uR0Fs7PIzwsZAjrcLLi/U1syd9DY5ODjPFJfO/umwkKChyya4qIiIiIiIiIiIiIiIjI0BoRAfDhI8dpaWklOTEOs/lkQBkWYmF8Sjyf7tjL1EnpnnV/Abbt3MenO/YyPiWesBCLZ7vZHEhyYhylZRUcPnKclKTRw3ovPWWm2rBGh3t+drna2X+wjA83FlBYdIgHvnkLsTGRg35dR0srz7y4gqISO1GRYczIySRxzCgCAgyDfi0RERERERERERERERERGT4jIgCOCA8FoLq24bR9c2flcODwUf708tt8kpXqCXd3FpI5BbcAACAASURBVJZ49p+q+zzd5/WWq2dPJXdyeq9trvZ2Xl6+ms3bPue9NVtYeut8DIOcy5YcKqP4UBnJSaP5/je/RFiope+DRERERERERERERERERMTnjYg1gKMjw4iNiaKxycHhI8d77RtrG82kS8YBsLOwhLdXb/aEv5MuGcdYW+8RvoePHKexyUFsTBTRkWHDcwP9YDIauTJvCpZgM2XHTtDidA76NY5X1tDe3sHoUVEKf0VERERERERERERERET8yIgYAQwwPiWeyqpa9h8o80zbvGvPQd7453rKj50AOqdUzkhNYl/JEYpK7Ozac5CqmgZuuWGOJyTef6DMcz5fFR5mwWwOpL6hmdZWF5bgINxu2Ftcyj/e+ZjSsuO43RAbE8Xi62YxI2eCZ5TwwdKj/PpP/0Ni/CiWLLqSt97byL4DR5gyMZUZOZn88eW3PdfZWlDE1oIiAL79L4vInZzuuc6b727AXl6By9VOZHgo03MyWXzdLCzBQZ7j3169mZWrNrFowSxGx0az4v1NVFbVcs9Xv0j6+CR++fQyAP71joW8t2YLu/YepKOjg/EpCdx1+3WEh4Ww4v1NbPx0F46WVqIiw7j9pquZmp3uuZ+ODjc7C4tZu6GAA6VHaW1tw2QyMiHNxldunkdsTNQZ67ElxPL3t9dTWVWL0RjApAnj+MqX5hEV0Tv0P3UtZJPJiC0hjpu+OJsJackYDJz3ey8iMhyOV9Z6uwQREREREREREREZwUbHRvXdSEa0ERMAT7pkHFvy9/Dxll1cMyeXhkYHf3n9feobmplz2WTm5E3utZ7v4SPHWb/5M9Z/8hl/ef19fvLQ1wkPs/Dxll2e8/mqo8eraWxykJqSQHCQGYCtBXt56bX3CQgIYGLGWCzBZopK7Dz/6rucqK7ji/Nm9jrH8cpqfv2nN3C2thERFkqH2014WAh50ydy5OgJ7GUVxFgjyBifBIA1OgK3G95bu4UV728kICCACWk2QkMsHDhczpqP8/l83yG++42bT1uXeOPW3VTXNBAYaCI6Moz6xmbPvvqGJn7z5zeIjgpn2uQM9h8so/hgGc+8uILwMAvlx6vInjCOmrpGDhwu58W/vcf991hI76pra8FeXvjbe1iCzWSMTyI8zEJpWQWFRYd5+oU3efDbS4g8ZSrvbQVFfPDRNlLHJpCSFEdRiZ0du4tpdji5764bsQR3vqeVVXX85s9vUHGi1rMWssvVzt7iUv7wlxXcf8+XSB2b0O/3XkRkKOkfZyIiIiIiIiIiIiJyLiMmAM6eMA5rVDjlx06wctUmWlvbqG9oZtrkDJbeeu1p7VOSRrP01mtpam5h+2f7WPXhp5jNgZQfO4E1KpzsCb4XAHd0uNl3wM5rb31IR4eb3MnpBAUFYi+v5LW3PiQqIoz777mZMXFWAJodTp558S3WbdzJ9CmZxI06GQo0NDqYNjmDf7ltfq9RuxmpSby9ejP2sgrGJ8dz1+1f8Oyzl1fyv+vzCbEE8527biR1bALQe13iVeu28tWbr+k16rWuvomv3HQ1c/KmEBDQuaO2rrHzWFc7X7j6UhbOn4XB0Nn2v559nbJjJ0hOjOPHD/4LEeEhuN3wyt9X8/GWXezYXewJgCddMp5//95XSEka7Tl3z7a79hxk9qXZvd7H+sZmT3gLUFlVy6/++AalZccpP3aC1LEJuNrbWb5yHRUnasmbPpE7lszHZDQC0NraRvGhclJsoy/ovRcRERERERERERERERHxlhETAIeGBPPFay7jv9/4gA/Wb6e9vQOAa+dOO+dx186dxvbP9rF2YwFGY+eSx1+85jJCQ4KHvOa+/OGvK8+4PSDAwNWzp3LlrCkA7Cux09DYzGVXTvMEkAAhliDmzprCc6++S/mxE71CyJjoCJYsntsr/O3Lrj0HaGhs5oqZkxifkuDZbjIauXbONHbtOUjh3kPUNzQRGXFy1G3upHSunJVzxqmQw8MsTJuc4dkXER5KUnwsxytrmDYlg4jwEAAMBrgkPZmPt+zyhMfd9zgueUyvcxoMEB0VDkBNbcNp18ydlO4JfwGsUREkxo9iZ2EJdfVNAByvqKHkUBmREaHccO1lnvAXwGwOZGJGCnBh772IiIiIiIiIiIiIiIiIt4yYABjgyrzJ7N1/mG079wGdoXBqj6DyTFJTEggNCaapuYW2Npg+JYMr8yYPR7l9yky1YY0O77UtJWk0OVlpxFgjPNsO2Y8B8MFH2/ngo+1nPFf58SpystM8P0dHhfcr/AU4erzKc+ypYW54WAhmcyBNzS1U19b3CoDHxFnPug5uYGBgr7DdYMAzkndMrLVXW2OPELabq72dT/P38uHGHZyorqexydHnfURF9l7n12gMwBzY+1GvrKqlsamF1LEJhIf1nkK6pwt570VERERERERERERERES8ZUQFwADfumMhxlffZUv+HpqaW3jptfe5YuYk0sYlnta2+GAZH2/ZRVNzCwAzcy/h7q9+cbhLPqurZ08ld3J6n+26RzvbEuNIih91xjYJo2MGXE/3dXyF2w2vvfUhH23aSUCAgdGx0WRljiUgwOBZx/hCdXS4cbvdfbYbrvdeREREREREREREREREZDCMuAAY4O6vfpGM1CTWb/6MTVsL2bS1kBhrBAmjYxhrG8Mh+zHKj1dRVV0PdI6qnZM3mTmX+cbI3/5KSohla0ER42xjzrje8WBfp6a2AbebXqN6GxqbaW1tIzQkGGtUxNlPMoiaHS0cPHyUwEAT9925mKzMsZ59K97fOKAAOMYaQYglmMqqWhoam7AEm8/YbrjeexEREREREREREREREZHBEODtAi7UnMsm89j3v8bSW68lbVwiTmcbu/Yc5O3Vm9m15yBOZxtp4xJZeuu1PPb9r43Y8Bdg0iXjCQ8LIX/XfkoOlffa19raxt5i+6CM3u2+zo7dxRw4fPI6rvZ2Pli/ncYmB1kTxhIRfvYpkweTyWgkOOj0YLayqo5Pd+wd0Lnj46yMSx5DXX0T//zgE1zt7Z59Pd/T4XrvRURERERERERERERERAbDiBgB3OxwEmI583q2cy47ObK3tq6Rw2UVpCTGnbYObH/P60uS4mO57qoZvPneBv7fM68xPiWB2JhIGhod7DtwBJPRyA/+9RZSkkYP+DrXzMllxfsbefIPy5mQZiM0xMKBw+VUVtURP9rKgrkzzrre72ALCgokd3I6+w+W8exfVnJJejIBBgNFJXYsA/xzM5sDWbRgFqVlFWze9jl79peSPi4Rl6udvcWlGAwB/OBfbyE5cfSwvPciIiIiIiIiIiIiIiIig8HnA+Cq6np+9quXsSXE8dC9S87Z9qD9GM++tIKF8/NYtGDWOds++exy7OUV/OgHdxBjHZ4pjS+UwQDXXjmd8Snx/PODT9h/sIzig2WYzYGkj0vkhmsvIzlx4AGkwQBfuHom45LjefPdDewttuNytRMZHsq8K3JZfN0sLMHDG5hfdflULMFBvPneBnYWlhARHsLi6y6nscnB26s3D+jc41PiefSBr7LivY3s/LyErQVFmExGbAlx3PTF2SQnjh62915ERERERERERERERERkMBjcbrfb20Wcy0uvvc+mrYUAPHTvEjJTbWdt+8NfPEdVdT0hliB++eg9Zx3dW1Ri58lnlwMwa0YWd375usEvXERkmBXsPtiv9tFhZgwGg+cLOOdrer4GDJylXY/vfW079fX5/NzX9rPpb3tLiM9/RkpERERERERERETELziaXd4uwa/49BrAVdX1nvAX4O1VZx/xuWlrIVXV9UDn1M7/u377Wdv2PE/P40RERERERERERERERERERjKfGwH8v+u3U7C7hBM1dZ5gdtaMLIqK7VTVdP5sS4wjJDiIGGsEVdX1FJXYPccvnJ/Xa2rgzFSbp11zixN7WQUAMdERZKbZPAFzjDWCUdGR5GSncs2cacN1uyIig0YjgM9NI4BFREREREREREREfJNGAA8un/vt9spVm3G0OAGwBAeRmWbjtsVXUVRi5+1Vm7CXV3pCXEpOHhcTHUFOdhqLFsyi2eGkYHcxVTVd4XBJ72vYEmJZuGAWmak2mh3OznC5up6q6npKyyoUAIuIiIiIiIiIiIiIiIjIiORzI4DtZRX817PLcbQ4T1uft9nh5Mk/LMdeVoEtIZZZM7J4fcU6AO788nXMmpHlabtjdzF/ee19mh2d57GXVWAvr8SWGMdD317Sa33g7nWGLcFB/Nu9S7Alxg3fDYuIDBKNAD43jQAWERERERERkfNV21LOgdot2Os/o6JxP9Utdppaq2ltb8aNT/1KXc7AgAGzMYRQsxVrsI24sHRsEZMZHzWTqOAEb5c3YHo+/Z+/P8NnohHAg8vnAmDoHQLfe+dipmanAfDMSyso2F2MLSGWh+69jRBLEJu2FvLSa+8D8NxTD3rOcf9jv6fZ4eS2xXO5Zs60zvD42dexl1eSk53GfXcuBqCoxM6Tzy5X+CsiI54C4HNTACwiIiIiIiIi59LUVkP+0X/wWcU7VDWXkmrNIzkihzFhmVgtNsLMozAbQzy/ExHf5cZNa3szja0nqHbYOdZYRGl9ASXVm4kJSWZy3PXkxt9MaGC0t0s9bz2fz9K6Am+XI16UHJkzIp/hvigAHlw++dttW2IcmWk2CnYXE2IJYs3H+SQlxBITHQHANXOmeUbwzpqR5QmAq6rr2bStkFnTs7AEB3WN/s0GIMQSxMIFs3j2pRWEWIIoKrFzpLwSa9c5bYmxCn9FRERERERERERELjK1LeV8VPocm+0vMy3hFuaP/wHp1tneLksGwICBIGMoQZZQYiwpvf4891dvoOD42/zH+unk2e7gyuR7fHpEZc/nU6N7BaC0roDSugLe2f/4iHiGxTt8MgAGsJd3rvP77EsraHZ0rgncHfqeqK472a5rPeAQSxA//MVzAKxctcnT1l5eQWaqrVfbgt3FbNpa2OucVTX1Q3o/IiIiIiIiIiIiIuJb1hx8mg8O/IYrU77Fo1d8Qrg51tslyRBLt84m3Tqb61IfYkPpSzyx8QquHf8A88Z919ulnab7+VTwK2fixs0m+1/ZbH/ZZ59h8Z4AbxdwNlXVnYFss8NJRmoSMdERniC4qMTuaXei5mQ7gJzsNM/oXzgZ+vY8rtnhJCY6gozUJE+77uuJiIiIiIiIiIiIiH8ra9jNM9tu5ljTPv5t1lq+kPZ/FP5eZMLNsXwh7f/wb7PWcqxpH89su5myht3eLgs4+XyuPvBrhb/SJzduVh/4tU89w+J9PjsC2JYQi8USxKIFszwjeDdtLeS1tz7ElnByquZRXVM4z5qRxaL5s4ixRlBVXc/K1ZvYtLWQGGtkj3PGYS+rZNGCPK6ZMw3oDIVXrtqEoysIFhERERERERERERH/lX/sTZYXPsRNE37OzMTbvV2OeFmMJYWvZj/NlrJlPP3pYpZkPUnumJu8Vk/386ngV/qrtK7AJ55h8Q0Gt9utXkRExA8U7D7Yr/bRYWYMBoPnCzjna3q+pnMtlTO26/G9r22nvj6fn/vafjb9bW8J8dnPSImIiIiIiIjIBfq49AU22v/C7dm/JSUy19vliI85XJfPst33c7nt61yR/I1hv/7HpS/wz/2/GPbriv+5If1RrzzDA+Fodnm7BL/is1NAi4iIiIiIiIiIiIgMlo9LX2Br+XLuyf1vhb9yRimRudyT+99sLV/Ox6UvDOu1Ff7KYPrn/l8M+zMsvkUBsIiIiIiIiIiIiIj4tfxjb7LR/hf+ZcqfibGkeLsc8WExlhT+Zcqf2Wj/C/nH3hyWa+Yfe1Phrwy6f+7/xbA9w+J7FACLiIiIiIiIiIiIiN8qa9jN8sKHuD37twp/5bzEWFK4Pfu3LC98iLKG3UN6re7nU2QoDMczLL5JAbCIiIiIiIiIiIiI+K23in7ETRN+rmmfpV9SInO5acLPeavoR0N6nbeKfoQb95BeQy5ebtxD/gyLb1IALCIiIiIiIiIiIiJ+ac3Bp4kKTmRm4u3eLkVGoJmJtxMVnMiag08PyfnXHHya0rqCITm3SLfSuoIhe4bFdykAFhERERERERERERG/U9tSzgcHfsN1qZpeVy7cdakP8cGB31DbUj6o5+1+PkWGw1A8w+LbFACLiIiIiIiIiIiIiN/5qPQ5rkz5ltb9lQGJsaRwZcq3+Kj0uUE970elz2nqZxk2btyD/gyLbzN5uwARERERERERERERkcHU1FbDZvvLPHrFJ94uZUAqCu/iqWPrzrI3CJNxLhPGfIcbM7II13CvITM7+U5+8fFlXDPue4QGRg/4fN3P54gXsZTb0+8mM8KGpfv5cztxOAspObacNSXLGTljTp/gwXlLiKOekv05/LnU2/UMvs32lwftGRbfp78SRERERERERERERMSv5B/9B9MSbiHcHOvtUgaHIY1wU1bvL2MErvZV7C5byM83Laeiw9tF+q9wcyzTEm4h/+g/BuV8+Uf/MeJH/1pTXuWx6T8lJ6oz/HW1Ozu/CMISnEv22Ce4b/aLXB3h7Uqlmxv3oD3D4vs0AlhERERERERERERE/MpnFe8wf/wPvF3G4Il4gsem556+vXEzr2z7KrudP2TZvuu4f4LvpG3do5fjxmzhwayRH8TnjF7I6gO/4orkbwz4XJ9VvDMIFXmR5RGWjs8j3ACOuud5q/BxChzdO23kjH+EebYFxAWlMloplE/5rOKdQXmGxfdpBLCIiIiIiIiIiIiI+I3alnKqmktJt872dilDLyyP25OWAlBevZkGL5fjz9Kts6lqLqW2ZWCTGte2lFNaVzBIVXlJylwSAoD2fNZv6xn+AtgpOPBtnvr0ATYfWcmqai/VKGdUWlcw4GdYRgYFwCIiIiIiIiIiIiLiNw7UbiHVmuftMoaNyZpFHEB7HY6+GsuApFrzOFC7ZUDnGOjxvmBOSFzni5Zi1p6tkWMlbxU9hfJf3+MPz6D0TYPvRURERERERERERMRv2Os/Izkix9tlDJ8OcJ1xh5Py/c/z97KXKW+vBGKxht7DgkvuJifylKaOYtYXPsX6hnU0dDjBkEZcyBLmZd5NTvQpTSvX8c6+p9jRUoiLIEyBC5hhe5Qbx3VO89w99XO3imMzefhY5+vs1AMsHTtI9+0FyRE52Os/I3fMTRd8Dnv9Z4NYkXfsdtZxPREQksfto2DZifM/1pr0U76cspjEoAhMBqCjnoqa5bxT8Dh7ezaMWMKCsUuZEZ1GuCmoc1tHPdV1y1m1p/eo41suO8CMUKg4eiVr2p5gQUIuVlMQjuof85MdrwCQYPsNt6bMJc7cdV23E0fzZrYe/DHvHLf3LtKwiOtzH2RGlA2LAXDXU117+nVHqoE+wzIyaASwiIiIiIiIiIiIiPiNisb9jAnL9HYZw6bhxIedoywtacR5tjrZvW0hvy19ivJ2CDdlEW6E6qbHWbbtLtb2DOyc+SzbMp936lbRQFpn24AKKpoeZ1n+Qt45drKp49Dj/Odnd7G1pRiMWYSb0qBtJZsPzOG3hZ0hmskU13WOrtAuIKvz564aRrIxYZlUNO4f0DkGerwvqD66o/OZM9jImVzAg5MfZEa0rc/jrCmv8r3MpaQER2ByO3G1O3EZIoiLuZullz3BBE/Lu/nm1Ce4OjaLcFNQZ7t2JwREYI2+m1snP0HqGc5viXiBW5PzsHYHxl0mTFzNfRmLSAiKwETXdQnCEjqXOVkvcEuvD0QEkZDyn8yJthHY4cTVARi6rpv1INYLeL98jT88g9I3jQAWEREREREREREREb9R3WLHauk7jBrxXE7KS3/PK2WrgDRmjMn17GrY9zCv1BVD0BPcf9kSErqSAMfR53n288dZdWAzc0blYQIaDr9MQTsQ9iKPzZhLeNewMVfVZv6+N5/U7lS5fhUvlTyPg7lcPflFFsR2bXcU89a2+Ww+9jwFaT8lJ/MJHss8ORI4Lu5FHsyKxR9YLTaqW+x9NzyHgR7vE6ofYIU9lS/bsrAYIoiLvY9bYu/jlo56quvzKTrxHOsPb+49/bPlEZaOz8OCk4pjD/NS4cquDy4sZWnuT8kOXczV437I3oMAz7O36iocjhWsKVmOZ8XaUX/g4SkLsIblMcsKJafMLx0emoajcSVrSp5j7YlCzzGL49MwAY6ap/hz/jNd58tiRsZPuTqykLV1Pc8ShMVYTMHub7DsuB2wkTP5v7k91oYpYi55PMU7g/x2Dje/eAalTwqARURERERERERERMRvNLVWE2Ye5e0yBlfdLTy85mw700i1vcAtSd0/V7L1+EogiznpJ8NfAEv83cw78jjL6t9nhzOPGUHQ5qoHINyS5Al/AUwxedx++cm1lCvsr3MYCI995GT4C2BJ48aku9l84Hl22B8hJ6336Et/EmYeRVPrwFa1HejxvmLvvoX8rvJuFoxfSmZk11TJARFYo+aSFzWXvLHFFJR8g2VHOsNG67i5JAQALet4qzv8BXC8witHruMnaXkkxjwIB58CYP3ur55+0RPbqXEtwGqyYY2B0xYYdq7itS0P9JpKek5yXueo3dZ1vOMJfwEK2brvFrae4d7Ky7rDXwA7Bft3sCDWhtVgIzEZKO3XW+Vz/OUZlHNTACwiIiIiIiIiIiIifqO1vRmzMcTbZQwuQxrhxpPBqsNViAsID/sNS7MWkRLWo21HMWWtAHa27l3Ijr29T+Vq79zX0AQEgXXMjSQcXUd55fd5tuAerh6TR8qoWCynpAflzZ3r+jqqv8/PPzqlPndnWFbtrAf8Y7TvmZiNIbS2Nw/oHAM93pdU1zzPsu3PA5AwaimTRl9HdnQucUFBYEojJ/0F2prn80Y1ZAd3DSUPmstdc/f0PpEhqDOsMvV8drKYkbqU7KhcrIGRhAdHEAiYuqYRNwWeXo+jeXvvdYSxkRgc0bmvadMZw97T1eM4dYSso+Us62yPTP70DMrZKQAWEREREREREREREfFlEU/w2PSTUzzjsrPqk/msbXyYtw5P5f6sHlNe19qpAKAeh6vwLCfczPFGwApYF/HNiS28tu9x9lY9wEtVAEGYgpayIPVB5sQHAZVUt3Rdur2QhrOctaLFjj8HwHJ25SdeofzEK6wCEmx/YGn6AqwBaUywLYLqlcSZO4NYDEGeEPc0Zht5wGbuZunsB8kOGuho8gWEnyEoFrkYKAAWEREREREREREREb/RPUozyBjq7VKGjsnGgok/ZfeOH1J+7MesjX+Rq61d+0LjsAIVLOWW2T9lxnlkaJb4JdwZvwRXSyVlxwspqXyZNXXP887n+TQY3+D6uAjCzUArTEjZw51+PM3zuQzG6HKzMQRne9MgVeSbyu3fpiTxANZQMBk7R/42uJxAEK66Z3h021PnPkH64q7wt57ysuf46MQ6Ck4UAnfzzSsfIfW8k61CHC6UhJ3C72ZIkDMK6LuJiIiIiIiIiIiIiMjIEGq20th6wttlDD3rYhZE2oB1rNq/Dkf39qBU4gIB1nG4on+nNAXHkpIyl6unv8gPExcA+eytrASCSAzpHIF8uL64X+dsaO1nET6ssfUEoWZr3w3PYaDH+wTL3SwYl3WOBnlYukb5uto7//yLWzq/myxZzOjr/IFdHzBwrOOVvc90hb8AkZgM/Sl0M2Utzs6SQ2f1fd2LhF88g9InBcAiIiIiIiIiIiIi4jeswTaqHfa+G454QWRnPEgCQOPvWXu8e7uNOWMWAXa2lvyYrTW9j2o4spxXdp2cGtpV8gx/3pVPRWvvdhUtRwA8gVtCyj2kAI6a7/PS/spea6K66gtZu/UV9nac3BYXmgaAo24de/1kAdVqhx1rsK3vhucw0ON9wYyMe7h6/Bs8PO0J5kSfcj+WPOZMfoIJwQB2DpetBKCkZBXlHYB5LtdPf4Qcy8lDrNF3c/vM1dwZ37WhrTO0JXgqC0Z3nz+Lq3OXknK26aPPYm355s4py81zuT73vs7/XgCwkZP+Kg9P+ykXWxzqD8+g9E0D30VERERERERERETEb8SFpXOssYh062xvlzL0IhZxg/X3/Lk6n/Ulq5gzegHhQHjag9xY/TlvNb3CG/nLecuYhsUAdBTT0OGEgAcpIYtUnOyu/j0l9U/xVEUQplPbsYhLk7rW9I1YwC22JTxrX87e0pk8eiSL8ADAXUFDeyUQy4zypUxI6qoteTEzDj3P1vaneOnjD0kJyyM6YjG3Z6Z54Y0aHMcai4gLSx/QOeLC0imu2TRIFXlHg6MChzsWa9QSrs9dwvUdTlzurp0BQV0fGnBScfTHvNI9GN/xOKvK8viyLQtL5N3cnreUW7s+MGAydo74bYhbAkeXw/5X2DvmCSaYbeRkf0T2Jc7O87qLqWiJIC64H8Ue/THr495gwahYLNEPcv/V38HV0aNOdyxXR8IbdYPxzowMA32GZWTQCGARERERERERERER8Ru2iMmU1hd4u4xhk5r6ICnQGbB1D3wOsJF32WoeHvcIKWYbtBfS4CrEYcglJeZVHrz8PlIBCCJn2hbuT+7drsFtIy78p9w5/TfkRZy8VlzGEzyW+yp5oXlY3F1tOyKJC32E23PWc0tSj8ICsrhl+tssCM/D4s7ncP0zlLsih+ldGRql9QXYIiYP6BwDPd4X7N23kJ9s+yFrK/OpbnPiMgRhMnZ9uetpaFzH+t3zeerzdacd97vdz7O3qR4XJ49xtRWz1/5DXty5vKvlcl7a9mMKGutxuTsDYpOrmIL93+Bwe3+rtbN+5y38/eAqKtqc0F0rXXUWfuOiCn/BP55B6ZvB7Xa7+242MuwrOUJRiR1bQiwZqTZCLBfnQvQicnEq2H2wX+2jw8wYDAbPF3DO1/R8DRg4S7se3/vadurr8/m5r+1n09/2lhBNkiEiIiIiIiIyEtW2lPO7TxfxoznbvF2K+JmfrZ/O9y5dSVRwQt+Nz6K2pZxfbrwIRqeLz/r3yzcM6BkeKo5mplqoUAAAIABJREFUP5kr3kf4xW+37WUVPPOXFVRV13u2xVgjuO/ri7ElxnmxMhEREREREREREREZTlHBCcSEJLO/esPFMQ20DIv91RuICUkecHAWFZxAcmQOpXUXzyh18R3JkTk+Gf7K4BvxU0Dbyyp48g/Le4W/AFXV9Tz5h+XYyyq8VJmIiIiIiIiIiIiIeMPkuOspOP62t8sQP1Jw/G0mx10/KOcarPOI9JeevYvHiA6Au8PfZocTAFtCLA/du4Sc7M5F5JsdToXAIiIiIiIiIiIiIheZ3Pib2V7+Bg2tld4uRfxAQ2sl28vfIDf+5kE5X278zZ7l1USGiwHDoD3D4vtGbAB85vD3NjJTbdx352KFwCIiIiIiIiIiIiIXqdDAaPJsd7Ch9CVvlyJ+YEPpS+TZ7iA0MHpQztf9fIoMp8F8hsX3jcgA+Gzhb4glyNPmvjsXM2tGFqAQWERERERERERERORic2XyPXx0+E9UOQ57uxQZwaoch/no8J+4MvmeQT3vlcn3aBSwDBsDhkF/hsW3jbgA+HzC3253fvk6hcAiIiIiIiIiIiIiF6Go4ASuHf8A75c86e1SZAR7v+RJrh3/AFHBCYN63u7nU2Q4DMUzLL5tRAXA/Ql/uykEFhEREREREREREbk4zRv3XWpbythStszbpcgItKVsGbUtZcwb990hOf+8cd8lOTJnSM4t0i05MmfInmHxXSMmAL6Q8LfbbYuvUggsIiIiIiIiIiIichG6MfNnvLn3MQ7X5Xu7FBlBDtfl8+bex7gx82dDep0bM3+mqaBlyBgwDPkzLL7J4Ha73d4uoi8DCX97+tlTL2MvrwQgxBLEQ99egi0xbtDrPRdHSyu/e/4fFB8sO22fyWQkLiaKmdMu4arLc7AE9+/+LkRtXSO/fLrz02///t3biYoMO2f7g6VH+fWf/ofE+FF87+6bsQSbh7zGwfb26s2sXLWJGTmZfHPpDd4uR2TQFOw+2K/20WFmDAaD5ws452t6vgbPP0xPa9fje1/bTn19Pj/3tf1s+tveEmLqV3sRERERERER8V35x95kdcmvuCf3v4mxpHi7HPFxVY7DPJf/Nean/oDcMTcN+fXyj73J64UPDvl15OJzW9ZTw/IMDwZHs8vbJfgVnx8BPFjhL8BD996GLSEW8I2RwJmpNvKmT/R8jU+O50RNPW++u4FHf/kihUWHvFabiIiIiIiIiIiIiL/IHXMTl9u+zl93fpMqx2FvlyM+rMpxmL/u/CaX274+bMFZ7pibuCH90WG5llw8bkh/dMSEvzL4fHp402CGv9A16vfe23jy2dexl1d6QmBvjAQGuHr2VHInp/fa1traxqp123h3zRaef/VdvnPXjaSO1cLcIiIiIiIiIiIiIgNxRfI3AHgu/2vcnv1bUiJzvVyR+JrDdfks230/l9u+7nlehkv39f65/xfDel3xTzekPzrsz7D4Fp8dATzY4W+37hDYl0YC92Q2B3LDtXlcf81lNDW38MY/1+NoafV2WSIiIiIiIiIiIiIj3hXJ32B+6g/4w7Zb2VK2zNvliA/ZUraMP2y7lfmpP/BacHZF8je4LesprQksF8yAgduynlL4K745AvjU8DcmOmJQwt9u3SHwz556maqaeq+PBD6VwQBXzJzEJ9s/x15WwZHyCtLHJwGdI4S3FhTx4cYCyo6dwOVqx2wOZPqUDG5deCVhoRbPeVzt7az9eAdrN+ygurYBgwFGx0bzxXmXcenUCQQE9P5LpKHJwZvvbWDbzn20trYRFRnGzddfwWW5EznT0pnVNfWseH8ju/YepL29gzFx0dy2+ComZozt1b6jw82nO/by7ppPOF5Zg9sN1qhwrpo9latmTcFsDvS07c/9/fmVf7K1oIh7vnY9tXWNfLB+O05nK/ff8yVSxyZQVVPPivc2sn3XftraXMTGRHHrwjmD9KckIiIiIiIiIiIiI1HumJsYHZrOW0U/orhmE9elPqR1gS9iVY7DvF/yJLUtZXz30hUkhmd7tZ6ez2dpXYFXa5GRJTkyhxszf+b1Z1h8g/EnP/nJT7xdRE+nhr8AtsRY5s6aMqjXCQw0sWN3MVU19QC0udrZWlBEduZYIiNCB/VaPblc7WzJ30N1bQMzcjKJHx1z5vpMJvYWl1J27AS2xDjGp8QD8PYHn/D3lR+BGyak2UhJGo3D0UJRsZ0j5ZXkTkrHaDTidsOyN9fy7potBAYamXzJeOJiojhaUc2W/D0EBBjITLXR4mxlw6e7cTicfPZ5CdU19UzMSMESHMSximo++/wA8aOtJHTVWVvXyCfb99DR0cEn2z+nqdnJxIwUgoPNHCmvZEv+HgJNRtLGJXbeb3s7r7zxAStXbcLlaic7cxxJCbFUVNWyY1cxB0uPMiUrjcBAU7/uD2D7Z/soP1ZF6ZEKtu0sIiDAgCU4iImZKRgMAfz6T29QVGLHGhVO9oRxmAONrN2wg5raBhqaHCSOGcW0KRlD9mctMtyOVdT2q73FbMRgMHi+gHO+pudr8HwS8bR2Pb73te3U1+fzc1/bz6a/7QMDfXaSDBEREREREREZoIigOC5NuI3KphJe+ezbtHU4GROWQZBx6H43LL6lobWStQef4W+7v8eU0ddzW9aviAjy/gAxOPl8BhgCOFCzxdvliI8zYGD++O/71DN8IVxtHd4uwa/43AjgU8Pf4dQ9Evi3P/+OV67fk9EYgLkrFO35fsyZOYlLp04gPi7GM8q2tbWNp194i30HjnCg9BgT0mzUNzRRuPcQ1ugI/s+9txFjjQA6R+Nu21lEUtcU2N0cLU5yslO5Y8l8TF0B8turN/H26s1s3VFE7qSMXqN6T1TXcf01M1m04HLPSOJPd+zlpdfeZ+2GAnInZxA3Koo9+0rZkr+H2JhIHvjmLcTGRHru6ZkX32JvsZ3N2wqZd0Vuv+6vpxZnK9/9xk1MumQ8BgO43fDK31dTcaKWvOkTPfcEUHKonN+/+NYg/AmJiIiIiIiIiIjISDdv3HeZFv8lPip9jl98fBnTEm4hZ/RC0q2zvV2aDJH91RsoOP4228vfIM92Bz+8/GOighO8XdYZ9Xw+N9tfxo3b2yWJDzFgIM92B1cm3+Ozz7B4j88FwD3X/AWwl1cO+TV7Xstb4fP5skZHnLbNbA4kPMxCW5uL5uYWAAICDJhMRhqbHDQ2OzwBcECAgUunTjjtHOFhFhbMneEJSg0GyEi1ERi4lbqGJlqcrViCzZ72MdERzMmb0msa6anZaWwcn8Tn+w6z78AR4kZF8emOPbhc7VyZN8UT/kLnNNzz506n5HA5+Z/tZ/alkwgKCjzv++vp6tlTmTxxvOfn+oYm9uwvJSzUwrVzpnnuCWB8SgJTs9P4eMuus7/JIiIiIiIiIiIictGICk5gccaPuWbc98g/+g9WH/gVy3Y/QKo1j+SIHMaEZWK12Agzj8JsDNH6rCOAGzet7c00tp6g2mHnWGMRpfUFlFRvJiYkmclx1/N/52wjNDDa26X26dTn87OKdzQ19EUuOTKHyXHXkxt/84h4hsU7fC4AfujeJdjLKpg1I5tnXhqekZoWSxD33Xkjm7bu9ok1gAHa2ztobXMB9Fr7uMXZyocbC9iyfQ81dQ1nDazDw0K4Mm8y//POx/ziN692TYM89v+zd+9hUd53/v9fNzMMDAoKCCo4oIJnTdRILSSamKQxbeqhbaJJd3uw3ew3Ne2vu6299tvNXt1uv5vddtdtt4fYQ7p1N22vRNtNozZtNAcTYyAGD5hAFAOeRlA5DGeGmWFmfn+MjIycEZgBno/rmov78Lk/875xrkuu+zWfz0fLlszRvGxbSCgqSdHR0ZoQFxtyLMZi7tKuQ+LkeFljQ9dkjo42a0pSIOStq2+Sy+WRo65JkoLHO0uIj5MlOlo1dY1ytrkUExPd7/vrLH3alJB9R32jWlrbZLXGKH5iXMg5wwjUDgAAAAAAAACdTYhO1KqML2pVxhdV31aps/VHZG98V6drDsrRZleL2yG3t5VRmKOAIUMWU5wmWJKUFGtT6sQ5WjDlbj2Q/c1RO1Kyp89nVfMHfD7HoO4+w7aEWzR78spR+xnGyIq4AHhelk3zsmx9N5RU62jUd77/TJ8h4batm/rsM84ao3tX39bvOodbc4tTV6ocirFEK+NaKO12e/Sz/9mnktLzMptNSp82RWnTAmvznjl7SbWOxpA+7l19m5YtnqMjJ06p5PR5FRw7pTcK3lXS5Hh96fMbNNM2dVjvwef3y+fv/382A72/nkRFRQ14rU8AAAAAAAAA6DA5Nk3Lp31Cy6d9ItylAF3w+QTQl4gLgAeipq6hXyNES8vs/Q6VI4HfL7155D1V1dRrXpZNmTMCQW19Y7MuXa5WQnycvrF1s6alJgXb//yZfd0GpMlJCfrYPSv1sXtWyufzK7+wWL/531f051eP6K8/8/FB11hX3yRnmytkWmi326OqmnpJ0rSURFljLZqSlKCycxWqcTR06aOxqVVuj0e2tBRZY2MGdX/dmZwwUXHWGLW0tqmuoUmTJ00MnvP7A7UDAAAAAAAAAAAAY1FUuAsYKnk5i7TuvtzgKy9nUbhLGhS326M/vlygF195WxPiYrXxo7fLYomWJMVYLIo2d83sz16oVGm5PeRYq9Olt4+dUpvLHTwWFWVo+tRkWaLNam5xqr3dO+g6a+sadajgpHy+6yN8i0rKVXa+QomT4pVpmyZJ+tCyBTKbTXqj4KSqa6+HwK1Olw68flQ+n1/Lb5mjmJjoAd1fbxLiJ2jR/Jlytrn08qHjcrs9IX2dKC4bzC0DAAAAAAAAAAAAEW9UjwDuLC9nUcgo39Jyu/ILS3q9xpaWqjPll2RLC8+6v68dPqGikuthZK2jUecvXZXb7VH8xDh98dMfVdbM63O5dwSbb+Sf1Hd//KwWzs2Us82lcxevyGQKzfLP26/of3bv1//sVnAq5bY2t06XXVSbyxMMXZ1tfY+g7s7khIk6/E6xCovOaFbGNNXWNershUpFRUXpwXWrlTplsiRpwdwMrVy+QPmFJfp/339G87MzZDabVFpuV2NTqxbMyVDuikUDvr/eGIa09q4cnTpzQYUnTqu07KLmZdnkbHOp/HylEifFq7nFOaj7BgAAAAAAAAAAACLZmAmAB+PhjWv08MY1YXv/G0e1ms0mpSZP1srbFmjN7UtljY0JOW8Y0qZ1dyoxYaJeefO4CotKlZI8SZ/fvFZHTpzW0aLSYNsFczL19cce0h9fflsfnKvQhUtXFRVlaGpKoj7+kVzlLJ1/U7VPSZ6kRz5xt/7wpzd17N0z8vl8ykifqk8+sErzszOu35PJpM8+dJ/mZ2foT6++rZPvl8vvl5Imx+vBdXdqTd6twRHOA7m/vqQkT9I3Ht+s5//4po6990Gwr7988CO6Wl2nvfvzb+r+AQAAAAAAAAAAgEhk+P1+f9/NwuPfd+zSmfJLmps1Q9/YurnL+dJyu7bv2C1J2rZ1U5cRwB3n1t2Xq/Vr80amaAAIk6LicwNqnzjRIsMwgi9JvW6r87YkQz206/Szr2M3bvdnv6/jPRloe2vcuP6OFAAAAAAAAACMGGdre7hLGFPGzBrAAAAAAAAAAAAAADDejfsAuNbRGO4SAAAAAAAAAAAAAGBIjOv5LZ974aBeffO48nIWacvD94e7HAAAAAAAAAAAAAC4KaNiBHBt3fCM0j1z9pIkqcbRMCz9AwAAAAAAAAAAAMBIGh0BsKNRpeX2Ie2ztNwue0WVJCnOGjukfQMARj+/P9wVAAAAAAAAAMDYx7PYoRfRU0DfnrNYZ8oDo3R37NyjzRvWaErSpOD5S5XV/eqntq4x2I8k2SurtHd/fnB/2eLsIaoYADBW+P1+GYYR7jIAAAAAAAAAYEzzkwAPuYgOgPNyFumtwmKdKb+kVqdLO597aVD95BeWKL+wpNtzc7NmKC9n0c2UCQAYg/ibAwAAAAAAAACGH89ih17ETwH9+JaNumfV8gFfFxcb02ebe1Yt1+NbNg6mLADAGOf38VcHAAAAAAAAAAw3nsUOPcM/SsZV1zoadbGyKrhub2dTkiZ1O4q3tNyu0rKuawfb0lOVkZaq5KSEYakVAMKhqPjcgNonTrTIMIzgS1Kv2+q8LclQD+06/ezr2I3b/dnv63hPBtreZDJkiTEN6BoAAAAAAAAAwMC4XV55vaMirhw1Rk0ADADoHQFw7wbeXoq1RvRKCQAAAAAAAAAw6rU525kGeohF/BTQAACEg98v+Zh6BAAAAAAAAACGjc/nJ/wdBgTAAAD0gGlHAAAAAAAAAGD48Ax2eBAAAwDQA2+7L9wlAAAAAAAAAMCYxTPY4UEADABAD/x+voEGAAAAAAAAAMPB62X65+FCAAwAQC/a+QYaAAAAAAAAAAw5nr0OHwJgAAB64fP6GQUMAAAAAAAAAEPI6/XLx3PXYUMADABAH9o9fBMNAAAAAAAAAIYKz1yHFwEwAAB98Pn8TEcCAAAAAAAAAEOgvd0nn4/Rv8OJABgAgH7wuH3y+/mjBAAAAAAAAAAGy+/3y+NmsM1wIwAGAKCf+MMEAAAAAAAAAAaPZ6wjgwAYAIB+8nr98rA2BQAAAAAAAAAMmMfjk9fLLIsjgQAYAIABaPf4WA8YAAAAAAAAAAagvd2ndgbXjBgCYAAABsjjJgQGAAAAAAAAgP5ob/cx9fMIIwAGAGAQCIEBAAAAAAAAoHeEv+FBAAwAwCB53D7WBAYAAAAAAACAbng8hL/hYg53AQAAjGbtHp/8Pr+iLVEyDCPc5QAAAAAAAABAWPn9fnncPnm9/nCXMm4RAAMAcJO8Xr+8Tq+iLVEym5lcAwAAAAAAAMD4xJTPkYEAGACAIeJx++Rt98scHSWTidHAAAAAAAAAAMYHr9evdo9PPh+jfiMBATAAAEPI5/PL7fIqymTIbCYIBgAAAAAAADB2eb1+tbf75GO654hCAAwAwDDwef1ye70yDMl0LQiOiiIMBgAAAAAAADC6+Xz+wLJ47T75yX0jEgEwAADDyO+X2j0+tXskw5CiogJBsBFlyDAkwwj8BAAAAAAAAIBI4vdLfr8/8NPnl+/ai9A38hEAAwAwQvz+wJQoXqZDAQAAAAAAAAAMk6hwFwAAAAAAAAAAAAAAGBqjYgRwq9OlXXsOqqi4TK1O15D2nZezSJs3rFGcNWZI+wUAAAAAAAAAAACAkRbxAXCto1Hf+f4zQx78dsgvLJG9slrf+tpnhqV/AAAAAAAAAAAAABgpER8AP/Xfe4LhrzU2Rrb0FEmSLS110KN2S8vtkiR7RbWcbS7ZK6qUX1iivJxFQ1M0AAAAAAAAAAAAAIRBRAfA9ooq2SuqJEm2tBRt27p5SKdqPlFcph0790iSahwNQ9YvAAAAAAAAAAAAAIRDVLgL6M2J4rLg9rq1eUO+Ti/r/gIAAAAAAAAAAAAYSyI6AO6MsBYAAAAAAAAAAAAAehexAfCJ4jKdKb8U3M8vLAlOBw0AAAAAAAAAAAAA6Coi1wCudTQG1+btkF9YIntltb71tc/0eF1+YYmKisvU6nTJlp6qe1ctV3JSwnCXCwAAAAAAAAAAAAARISIDYKs1RtbYGDnbXKHHYy3dtm91urT9p7tDRgiXltuVX1isbV/aJFt66rDWCwAAAAAAAAAAAACRICID4DhrjL77D49q156Dyi8skSRt3nCX7l19W7ft9+7P73Z66I5g+F+feDRi1hB2trn1o18+r7JzFV3Omc0mpSZP1srbFmjN7UtljQ2t2eNp14HXj+pqTZ2WL5mjpYuzR6psAAAAAAAAAAAAAKNARAbAUiAETk68Pn1zb6N4X33zuCTJGhujb2wNjPjd+dxLyi8sUavTpaLiMuXlLBr2mgdqXpZNSYnxwf1aR6POX7qqP/zpsF45dFxf/PRHtWjezOD5dq9PxaXnVXauQinJk8MWAO87UKC9+/OVs3Se/vozHw9LDQAAAAAAAAAAAAC6itgAeDCWLckOBsV5OYuCo4drHA3hLKtHd9+xTMtvmRNyzO32aP/rR/WnV4/ol7/9k778hY3KmpkmKTAF9t99+eFwlAoAAAAAAAAAAABgFIgKdwE92bXndeUfLQnZP1Fc1us1peV2tToD6wZ3hL+SNCVp0vAUOQwslmh9/CO5euDeD6ultU2//+MhOdvc4S4LAAAAAAAAAAAAwCgQkSOA7RVVeuXQsS7Hdr1wUMu6mfa4Y7RvraNRX/2Hn4Scs8bGjLq1cg1DWrVyid4+9r7sFVW6VFmlObNnSJJ+8es/qrCoVF/63Prg6OGOY4/+5QOqb2jWy4eOyeVy66uPfkpZM9PkbHNpz0v5OnL8lJpbnLJYonXbkjn65MdXaXLCxJD3vrGt2WySLS1Vn/jYHWptbdPPntkXbFtYVKrColJJCqmntq5Re/78lk6+X65Wp0sWS7TmzErXg+tWa8b0lOD15y5e1g9+/r9Knz5Fm9bfqRf+/JbOnL2kWxdm6c68W/XUr17Q5EkT9Y2tmzUpYUJInR+cvaQfPv28pk9N0t/+n4ciZo1nAAAAAAAAAAAAIJwicgSwLT1Vc7NmdDne3Tq+rU6XnNdG/XbHMCR7ZdWQ1jcSJk6walpqklxujy5W9K/+P/zpsH637w253R5ZY2PkbHOp1enST/7rBb12+ITirLFauXyBMtJTdeTEKW3fsVuOusbg9dW1DfrnH/xGr755XGazSTlL52nJ/Fm6UlWrn/73HrW53MpdsTA4zXZyUoJyVyxU7oqFSrq2XvPZC5f15H/+Vm8fP6XEyfHKXbFQGempOvXBBf3rj55V4YnTXeq+Wu3QD37+e50uu6iJcVb5/H7NmDZFszKmq6qmXiWl50Pa+/1SwdH35fa0a83tywh/AQAAAAAAAAAAgGsicgSwJH1j62bt3Z+vfQcKJEnbtm7SvCxbl3bbf7pb9hsC0uTEBNVeCzZbnS5t37G7x+sjlckUJUt04J+ntZeAu7M2l1tf+eIntGTBbBlGICj97fOv6MzZS3rg3pVav/Z2RUUZkqR3TpzWzude0sH8k/rUA6vU7vVq997XVVVTr9wVC/XZTffJbDJJCqxLXHa+UnOzZuj2Dy3WvgMFsldUaXbGdH3hkY8G39/t9mjv/nw1tzi1fm2eHrj3wzICbxd8v30vF2hutk2T4q+P6G1qduq2W+bqc5vvkzX2epibu2KhSsvtOllSrpXLF8hkCnxfobq2XsWnzyt1ymQtmjdz8L9kAAAAAAAAAAAAYIyJ2AC4P/buzw+Gv9bYGD3+hQ3BkLfW0ajn9hxU0bV1g3c+95K++8SjYat1JNx9xzLdsnB2cL+5pVWlZXZNSpigvJxFwfBXkpYsmKWM9FSdPV8pl8ujGkeDys9XaFLCBH38Ix8Ohr9SYF3ihXMz+3z/y1UOnbt4RalTJmvVyiXB8FeSli7KUvbMdJWW23XuwuWQabmTExO0acNdIeGvJC2aN1OpUybrzNlLqrxSExx5/N6ps6praNL9d3+oy9TQAAAAAAAAAAAAwHg2qgPgV988Htz+xtZNwYBQCkxP/PiWDXpq5x4VFZep1tGo/MKSbqeRjkRer09uT7sk9XuK4/RpU0L2HfVNamxqVauzTU/866+6vWZK0iS1udyqrq1Xc0ubsmamKX7i4ELVuvomOdtcSpuWLIslOuScxRKt+IlW+f1+2SurQwLgxMnxXcJfSZqUMEHLlszRS6+9o3eKSmVLT5Xb7VFRcbkmTrDqQ0vnDapOAAAAAAAAAAAAYKyK2AB4+47dKi23h+yvuy9X69fmSZJKy+3BqZGTkxJUVFKuopLyLv10Dk9Ly+2jJgBubnHqSpVDMZZoZXQKtgfC5/PJ7/crxhKtxfNnyWLp+s89Ic6q6GiTfD6//H7/TdU8FH3c6ENL5+nwkfdUVFym++68TVeqHDp38bIWzZuptBsCbwAAAAAAAAAAAGC8i8gA2F5RFRL+dnjl0PFgANxZraNRe/fn99lvjaNhSOobbn6/9OaR91RVU695WTZlzpg6qH6SJidoQlysXG631t2Xq/TpPQemyUkJirPGqrq2Xk3NLbLGWnps27EWb099NDW3yu32hPThdnvU1OyUYRiypaX0+x7Spk3R3NkzdPL9cp29cFknS8rV7vUqL2dRj3UAAAAAAAAAAAAA41VEJmi29FTds2q5khMTrh9LS9HDG9cE96ckTup22uDeLOs07XCgz8GNrB1ObrdHf3y5QC++8rYmxMVq40dv7zKdcn8lxE/Qovkz1dTs1P7XC9Xu9Yacr7xSq6qaOknS9NQkzcqYpobGFv3x5bdD2rrdHp0us8vr9UmS0qYmyzAMXa2pV3OLM9iuo4+qmnq9eeQ9dR4MXFRSrrLzFZqWmqhZmdP7fQ8mU1Rw1PYf/nRYJ98vly0tRXNmzxjw7wMAAAAAAAAAAAAY6yJyBLAkPbxxjeKsMdp3oECStHnjGs3LsgXPJycl6EdPfjnkGntFlVrbXMF9W1pqr+vn9ndt3eHy2uETKiopC+7XOhp1/tJVud0exU+M0xc//VFlzUwbdP+GIX3s7g/p3IXLKjj6vkpKz2telk1RUVE6d/GKqmvrlbtioT63aa0slmitX5unixVVKjj6vk59cFFzZqWrvd2r02UXZRhR+tpjDypzxlTNypyuaamJunjpqv7lh7/V7Mw0rbh1rpYuzg72sXd/vo6eLFVGeqqqaxt09kKlzGaz1n0kV5PiB7bG8JzZM2RLS9F5+1VJ0tq7csL+bwcAAAAAAAAAAABEoogNgAfDNoi1cu9ZtVy1dY26PWfxMFTUuxunuTabTUpNnqyVty3QmtuXDniEc3eSEhO0besmvfrmCR0+8p6OnjwTOD45XuvX5umeVcsUFWVIkmZnTtcTf/MX2vPnt3Ty/XIVFpXKbDbJlpaqT3zsDmWkB6ainhQ/QV999FPa9cLKZc9cAAAgAElEQVRBvXf6nI4cP6WpKYlauji7Sx8Vl2tksURrwZxMPbhutWZM7//0zx3irDHKWTpf5+1XlTgpXktvGMkNAAAAAAAAAAAAIMDw+ztP1Bs5Wp0u7dpzUPmFJZICI4LvWbW827bbd+zuds3gzrZt3RQyghijy4HXj+p3+97QqpVL9JmH7pNhhLsiIPIUFZ8bUPvEiRYZhhF8Sep1W523JRnqoV2nn30du3G7P/t9He/JQNsDAAAAAAAAADAaReQawK1Ol7755NPB8FeSnnvhoLbv2N1t+77CX0kqLeu7DSJTq9OlwqLTirFEK3fFQsJfAAAAAAAAAAAAoAcROQV0raNBrU5Xl+M1joZu29+zarnslVW99hmOKZ4xND44e0n2ymrdujBLszMHvyYyAISbYUhRUYaiogwZUYYCA6sNvtgCAAAAAAAAIOL4/ZLf7w/89Pnlu/aKzLmF0VlEBsC29FRt3bJBrxw6pjPllyRJeTmLdG8PU0A/vHHNoN/rRHGZHHWNyl2xSHHWm19zF0PL7fbo4FtFkgKfAZMpIgetA0CPDEMymaNkMhnBNdcBAAAAAAAAINJ1DGCRJJmuP9v0+fzyev3ytvsIgyNURAbAkrRscbbsFVUhAbAtPXVI36PW0agdO/dICnyD4d7Vtw1p/7h5Fku0/uavPxXuMgBgwKJMhszXgl8AAAAAAAAAGCs6ZjmMjo6S1+tXe7tPPi9JcCSJ2AD4Rt1NCX2zauquTyk9HP0DAMafqChD5miCXwAAAAAAAABjn8lkyGQyBYJgj08+H0FwJIjo+XQ7j/jdd6BgyENaQl8AwFCKtkQpJtZE+AsAAAAAAABgXDGZDMXEmhRtiejocdyI6BHAyxZny5aWIntltewVVfrmk0/Llpaqedm2m+67xtGgouKy4P6UpEk33ScAYHwymQxFW6Kur4cBAAAAAAAAAONQx7J4HrdPXqaFDhvD74/s5ZntFVX69x275WwbvtG6trQUfevrnx22/gFgJBQVnxtQ+8SJFhmGEXxJ6nVbnbclGeqhXaeffR27cbs/+30d78lwhbPm6ChFR/OtNgAAAAAAAADozOPxqd3jC3cZ41LEB8BSYKrmXXsO6sR7ZUMeBOflLNLmDWsUZ40Z0n4BYKQRAPduOALgaEuUzGbCXwAAAAAAAADoTnu7Tx43IfBIGxUBMACgbwTAvRvqAJjwFwAAAAAAAAD6Rgg88nhyDQDAABH+AgAAAAAAAED/mM1RirbwPHUk8dsGAGAAzNGEvwAAAAAAAAAwEGZzlMzRPFcdKfymAQDoJ5PJUDR/pAAAAAAAAADAgEVHR8lkGtql+tA9nmIDANBPTFMCAAAAAAAAAIPHM9aRwW8ZAIB+iLZEyTD4dhoAAAAAAAAADJZhGITAI4DfMAAAfYiKMlj3FwAAAAAAAACGgNkcpagoBtsMJ55mAwDQBzPr/gIAAAAAAADAkOGZ6/DitwsAQC+iTIZMJr6NBgAAAAAAAABDxWQyFMVz12FDAAwAQC+Y+hkAAAAAAAAAhh7PXocPv1kAAHpgGGL0LwAAAAAAAAAMA5PJkMHj12FBAAwAQA9MfAMNAAAAAAAAAIYNz2CHB79VAAB6wOhfAAAAAAAAABg+PIMdHgTAAAB0wzCkqCj++AAAAAAAAACA4RIVxTTQw4EAGACAbhD+AgAAAAAAAMDw41ns0CMABgCgG/zRAQAAAAAAAADDj2exQ48AGACAbhj80QEAAAAAAAAAw45nsUOPABgAxghjAAslDKTteMWvCAAAAAAAAACGH89ihx4BMACMETGW6GFpO14RkgMAAAAAAADA8ONZ7NAjAAaAMSJ+QtywtB2v+JsDAAAAAAAAAIYfz2KHHgEwAIwRSZPjFRtj6bNdbIxFSZPjR6AiAAAAAAAAAAAw0giAAWAMSUtN7jUEjo2xKC01eQQrAgAAAAAAAAAAI8kc7gIAAEMnOtqszPSpctQ3qamlVS63R1Jgzd/4CXGM/AUAAAAAAAAAYIwjAAaAMShpcjxhLwAAAAAAAAAA49CYCIBLy+3ated12SuqgseSkxK05eH7NS/LFsbKAAAAAAAAAAAAAGDkjPo1gE8Ul2n7jt0h4a8k1ToatX3Hbp0oLgtTZQAAAAAAAAAAAAAwskZ9ALxrz8Hgti0tRevuy5UtLaXb8wAAAAAAAAAAAAAwlo2KKaBbnS69+uZxlZbZJUm29FStuy9XcdYY1ToaA8fSUvStr39WkrR+bZ6+8x/PyF5ZHTzf6nRp34GC4Ejhedk23bNqueKsMWG4IwAAAAAAAAAAAAAYehEfALc6Xdr+09ApnkvL7Sott2vzhruCx5Yuzg65bunibNkrqyVJRcVl2tsp/O3o40RxmbZ9aRMhMAAAAAAAAAAAAIAxIaKngO4u/O1gr6jS9h27g/s3hrid95/auafnPn66W61O1xBWDQAAAAAAAAAAAADhEdEjgF85dCwY3NrSUvT4lo2yWmO0fceu4OjejnN5OYtDrs3LWaz8wpIu7bZt3SxJwT7sFVV65dAxrV+bNwJ3BABAeLV4HCp3FOhiY5GuNJfK4bSr2V0jt7dVfvnDXR6GkCFDFlOcJlqmKMlq07SJ85SRsFRZSbmaEJ0U7vIAAAAAAAAADBPD7/dH7NPef9+xS2fKL0mSvvvEo0pOSpAUGBmcX1isVqdLcdYY5eUs7nYa597atTpd+uo//ESSNDdrhr5xLRgGgNHK2do+oPZVVVdlGEbwJanXbXXeViBc6rZdp599Hbtxuz/7fR3vyUDbW+Mi+jtSA3a08ncqurpPHzgOh7sURIA5SXdo6dR1WpH2ULhLAQAAAAAAAAb8fBu9GzVPt62dAt44a4zuXX1byPlWp0uXro32tcZaZEtP7bYdAADjyesXfqbDF3eqyV3dd2OMGx84DusDx2G9VL5dd2Rs0V2Zj4W7JAAAAAAAAABDJKIDYFtaanAE8Paf7ta2L23qdqTvcy8c1KtvHu9yfNnibN2zernmZdlCjnesLdz5fUaKs82tH/3yeVVcrtHf/p9PaVbG9F7bNzS26N937JKn3atvfuURTZ40cUDvV11br/0HCyVJa9fkKCV58qBrBwCMHu9efVEvlW9XrfNCuEtBBGtyV+vPZf+mdyp26f6sbbpl6gPhLgkAAAAAAADATYoKdwG9Wb82T7a0FEmSvaJK+YXF3bbLLyzp9viJ4jJt37FbO597Sa1OV6f2xSFrC4dj/V9nm0svvVYor9fXa7tDb7+rq9V1g36f5han3jlRqndOlKq5xTnofn7x6z/q0a//h/YdKBh0HwCAkfH86Sf02+KvEP6i32qdF/Tb4q/o+dNPhLsUAAAAAAAAADcpogPgOGuM1nUKZzuHuJ09vHFNyH5yYkIwOJYCAfGuPQe77WfzxjXdjioeCSWl5/XBuUs9nr9S5dChgndv6j1mZUzXj578sn705Jf7HG0MABjd6toqtOPogzpS8Wy4S8EodaTiWe04+qDq2irCXQoAAAAAAACAQYrIKaBPFJdp156DqnU0hhzvKajNy1kkSdr53EuSpNq6Rq1fe7+kwPTQzjaX8gtLZEtL0b2rbwvpZ/uOwFTQyUkJ2rxhjZYtzh7y++mJy+3RS68VanbGdFks0SHn/H7p8JH3VN/YPGL1AABGr6stH+h/Tv41o35x0y40HNfTx/9Sn7v1F5o6YU64ywEAAAAAAAAwQIbf7/eHu4jOSsvtwVC2M1tairZt3aw4a0xwzd+8nEXa8vD9wTb5hSXBEFiSvvW1z0iSvvP9X0sKhLzffeLRwBrAO3bJXlnd5X22btkwrCFwxxrA1bX1mpaSpLLzFfriIx9VzrL5Ie3sldX6wc9/r9Qpk+X2tKultS1kDWC326PColIdfKtIFVdq1N7ulcUSrRW3ztVD6+7UxAlWSVJ9Q7P+9ceBkWAd13c+9uUvbNQrh47p6Mkzcrs9mjxpoj75wCp9ePlCGYa070CB9u7P73If1tiY4BrGfr90uuyinn/xTV2suCq/X0pJnqwN9+cpZ+l8GUbgmnMXL+sHP/9fpU+fokc+cbf+8Kc3dbrMLq/Xp2mpiXpk491aMDcz+B4+n18nS8r02uEinb14WW63R2azSfOzbfr0J+8JWc+4o86OacN/t++QqmvrZTJFacn8Wfr0p+7R5ITQ9ZOdbS7teSlfR46fUnOLU2azSba0VH3iY3dofnaGDEP9vjcgEjhb2wfUvqrqqgzDCL4k9bqtztuSDPXQrtPPvo7duN2f/b6O92Sg7a1xEfkdqW7VtVXo6eN/SfiLIZVszdSjy3+jxNj0cJcCAAAAAACAMW6gz7fRO9O3v/3tb4e7iM62/3S3nNemaLalpejO3Fu1bHG2Nm+8Ozhy94dPPy8pEJLW1jUGA1tbeqpq6xqDwW7OsvmanZkWPOZ0urRscbamJE1SzrL5mhQfp9mZ0+V0utTY1CpJOnvxsu5dfduw3V97u1dHjp+Sy+3RJz+2SiWl51Vd26DbbpmraLNJkuT1+vS/Lx5SxeUaPbT+Ll2wX5Wzza1VK5coNtYiSdr38tv63d43JL80P9umzBlT5XS2qbTMrkuV1Vq+ZI5MJpPaXG4dfiewdnLH9R3HnE6X3n2/XI66Ri2cmylrbIyuVDn07vtnNX1qktKmJsvpdMlsNsnZ5pLT6ZItPVWL5mUqIz1VC+dmakJcrAqLTuvnz+xTc2ub5mdnKHNGqq5WO/T2sVMym6M0Z/YMSYEw+u1jp+R2e3Tk+Cn5fH4tnJspn9+vy1cdeu/UOc3PtgVD7ndOnNYvfvOiWp1typ6VrqyZafJ6fTp74bLeP3Ney2+Zq9iYwO/jTPkllZbb1dTcqoKjgdHemTOmqrGpRRcuXdXFS1VatmRO8HdcXdugf3vqORWfPqe4uFgtWTBLKUmTdN5+RUeLSjUvy6akyfH9vjcgErR7el9T/EYtLS0EwL2Ijo7oVRJC7Cz6gi43nw53GRhjnO0NsjeeVE7apnCXAgAAAAAAgDFuoM+30buIG97UMe2zLS1F3/r6Z7uct1dUheznF5ZIUnAkcI2jIXjOlpYqKbAmcIfWtkC4HGeNCQa969fm6Tv/8UwgUL5h2unhlD59ivJWLNSBN47p2MlS3bFyiSTpYsVVnSw5q2VLsjV39gwdeP1ol2tXr1yiDy2br+mpycFRqG63Rz/+rxd05uwlnb14RfOzbb2+v7PNpaWLs/TZTffJbDLJ75f2HcjXvgMFKjxRquVL5mrp4mwtXZytX/z6j6p1BML2dfflBvuwV1bruRcOanLCRH310U9qWmqSpMA6y0/96gW9/tZJrbh1nlKnXB+t29DUovVr8/TAvR+WYUjtXq92PvuS3jlxWidLyjXTNk2StGTBbH3z//u0MmdMVVRU4Cb9funXvzugN4+8p/dOndMdH1occk+Nza366qOfUtbMNElSdW29vv+z3+tixVVVXqlR1sw0tXu92r33dVXV1Ct3xcLg/Xf8DsvOVyrTNnVQ9wYAI+3500/oQsPxcJeBMepCw3E9f/oJfXL+k+EuBQAAAAAAAEA/RezwpqU9TMPcEeB2ll9You07dmv7jt06U35JUiBA7hgxXFt3PdSNi+1+HeGe3m84RRmG1ty+TFOSJunAG0fV0NSidq9Xf3r1HZnNJt13V47a272qb+i6DnBSYoLSpl4PfyXJYolW/ESrPJ52tba29fn+8ROtWntXTjD8NAxpbpZN0dFmNTS1qM3l7rOPM9dG3S5bkh0MSKVAwH5X3q2qb2xW5ZWakGumpiTqztxbgrWbTabg1M9Xq+tC+piVMS0Y/nbUmDg5XpJUV9/UpZ7lS+YEw19JSpqcoPTpU+Rsc6uhsSXwHlV1Kj9foUkJE/Txj3w4eP9S4He4cG6mzCbToO4NAEbSu1df1JGKZ8NdBsa4IxXP6t2rL4a7DAAAAAAAAAD9FHEjgDsUlZRr/dq8Lsc7RvUGtlNU42iUs82l0nJ7SLu5WYHRr7WOxuAo4eTEBNnSU9WdopLyoSp9QJKTEnTPqmXated1HTl2StOnJqv49Dndc8cyzZieoobGZvm6Waa5zeXWwbeKdOTYKdU1NKnV2TUY70t0dLQmxMWGHIuxmEMC0b6ct1+RJL38xjG9/MaxbttUXq0NCdgnTrDKbA796HUXzLd7vXrn+GkdfOuEahyNam5x9llPx/TRHUymKFmiQ9+rurZezS1typqZpviJE3rsazD3BgAj6aXy7eEuAePES+XbdcvUB8JdBgAAAAAAAIB+iLgAODkxIbBmb0WVtu/YrXnZNsVZY5S7YpHirDGKs8bIGhsjZ5tLrW0ufWPrJv37jt1yXhsZPDdrhmxpqcHw+ETxB8G+nW0utTpdwZHBUmA63x079wSnlu48XfRIWbl8gfKPvq+X3zim2FiLEifFa83ty9TTcpVut0c/+599Kik9L7PZpPRpU5Q2LVmSdObspRGdxtrrDczJbktP1YzpU7ptkzY1ecD9+v3Scy8c1Bv5JxUVZWhqSqIWzZupqChDly7XdJkKfCB8Pr/83YTqNxquewOAofD6hZ+p1nkh3GVgnKh1XtDrF36muzIfC3cpAAAAAAAAAPoQcQHw5o1rtGPnHklSabk9OLL3rcISbfvSJsVZY7RsSbbyC0tU62hUabld//j1z6qmrkHzsrqueZuXs1j5hSWyV1ar1enSN598Wt/62meVnBQIel85dCxk9PDmjWtG4C4lr9crt8cjKTAi9v67Vui/nv2zGppatHnDXcH6ulPf2KxLl6uVEB+nb2zdHJye2O+Xfv7MvmEJgE2m7mcLn5GWosKiUs2yTdNnHvrIkL1fq7NN5y5cVnS0WY9v2aBF82YGz+156a2bCoCTkxIUZ41VdW29mppbZI21dNtuuO4NAIbC4Ys7w10CxpnDF3cSAAMAAAAAAACjQMStAbxscba2btnQZSSuvaJK+YXFkqT1912fGnrfgYIu4W+to1Gvvnk8ONp329bNsqWlSAqM+H3qv6+P+LWlp8oaG6PkxARt3bJBy0ZoOl+3u10tndbpXXbLHH1o6Xxlz0rXiqXzer02xmJRtLlrdn/2QmWXqbCHyvRrI10vVlSp3esNHl+yYLbiJ8bp+HsfqPx8Zcg1brdHp8vswZG0A2E2mRQb0zWYra5t0DsnTg+4v86mpyZpVsY0NTS26I8vvx1yP51rHq57A4CbdbTyd2pyV4e7jFEpa/Eb+t49Z/W9Vb9Szk308+CHz+p795zVt5f/Vf8uWHgg8L53/larb+J9w6nJXa2jlb8LdxkAAAAAAAAA+hBxI4ClQAjcEcSeKC4LjgjuWOc2sG7u8mDIu33HbtnSU7VscbbsFVUqLber1ekKGTW8betmbd+xS/bK6sD00j/drW1f2hR4rye/HLZ77WA2mfSFT3+0X20T4ido0fyZeiP/pL7742e1cG6mnG0unbt4pceRujdryYLZeuXQcZ0sKdc//+A3ykhP1d13LFfmjKm6f02O/vDnw/q3p57T7Mw0pSRPUlOzU2fOXpLZZNLXHntQmTOmDuj9YmKitfyWOfrgXIV2/PdeLZiToSjDUGm5XVZr1/WCB8Jiidb6tXm6WFGlgqPv69QHFzVnVrra2706XXZRhhGlrz32oDLSh+feAOBmFV3dF+4SRqlNWp147QtjllzlzJIKz4W3otGm6Oo+rUh7KNxlAAAAAAAAAOhFxI0A7qzV6dK+AwXB/c5r9z68cY3ychYF9+0VVdq7P18nisuCQXFH0NvbSOCOtqOJYUib1t2pjfffLsMwVFhUqqvVdfr85rWa28002EPBlpairz32oGZnTtflq7UqOPq+HHWNMgzpI3eu0Ncfe0gL5mQGQ9UzZy9pzqx0feWLG5WRPriAdM3ty/T5zWsVZ43RyZJylV+o1Ib7b1feikV9X9yH2ZnT9cTf/IVyb1sot9ujwqJSvXf6nKalJuuxz61TRvrUYb03ABisFo9DHzgOh7uM0WnWJmVbJPklKUaZKf+kpDCXNNp84DisFo8j3GUAAAAAAAAA6IXh9/v94S6iJ8+9cFCvvnlcUiCA3LZ1c0gILAVGCO/bny975fWpMJMTExRnjQkes6WnBkcCB0YM7wqei7PGaNuXNsmWnjpCdwUAw8PZ2j6g9lVVV2UYRvAlqddtdd6WZKiHdp1+9nXsxu3+7Pd1vCcDbW+Ni8hJMvTu1Rf12+KvhLuMYbV66RGt1tP656JfDmGvNm380BvKjZccV3erLXWT0gy7ik7cqWcHkWc++OGzypkgOev+Rd8+3o86Fx7Q96ZnS+0FevGNv9Chgb9lxPiLxT/WLVMfCHcZAAAAAAAAGEMG+nwbvYvMp9vX2Curgtvdhb9S6HTRtY5GJScF1g7uHPR2nvL5xumgO0YCP/75DYTAAICId7GxKNwlDLvU2BTFK3toO036uubFS/KXqLT8/6oxZoPSJtuUlbFJcuwe2vca4y42FhEAAwAAAAAAABEsoqeA7kmr06VX3zyufQcKgusASwqGv5K6TPnc23TQtY5GPfXfe1TraBz5mwEAYACuNJeGu4RRKScjNzDdc3OBXnBKr1UWqElS/ORNurvHq2xaOudX+vrqU/rePWf1vXvO6tu3/1YPTO15uYWkqX+vLR8u0pN3B9p/78439Ndz1o+pqab5DAIAAAAAAACRLaID4Hmd1rPtCG9bnS5t/+luPffCQe3dn6/nXjgYPHejgYbA3/n+M6NyTWAAwPjhcNrDXcIo9LhyJqdIculC9b8EDl1+WuVOSablWjK3+0B3/sL/0kMZdyk1Okbyu9TudSk6JlerF/6XMk3dXDDlu9qy8K80f0KCzIbU7nWpPcqmrIzvaUt811lMRis+gwAAAAAAAEBki+gA+N7Vt4WEt1/9h5/oq//wE9krqkLa2SuqlF9Y3G0fAwmBW50u7XzupWG8IwAAbk6zuybcJQwxm7JS12vptOsva5SkqEkhx5am5g56FG3S3PsDga27QIXnOo4WaH99mSQpbcrXldXlou/qgWnZMkty1v2HfvjaAj3x+gI9UfA3KnLalBp74wW5ejB7k1KjJHkKtL9wdqD9wTv17BW7kib2PGp4tBl7n0EAAAAAAABgbInoAPjGgLYzW1qKtm3dFNy/ceRuxzTRtY7GfoXAyYmB6aOLisuG8Y4AALg5bm9ruEsYWrN+oC8s+U89suj6a7FVknVtyLFHlvxKD88azBvkau2URZIkR93TKux0xnGuQJV+SdZcrZ4eelVWeq5SDUne4zp0/ClVdpxw7tWzZ/bLcePbJH1WWRMkyaUL9r/Qa8FVJewqKvlHFTsHU3tkGnOfQQAAAAAAAGCMMYe7gL50BLSvHDqm0vLAlIO2tFStX5unOOv16RSLSsq1fm1ecH/Hzj0qLbfr5UPH9N0nHg32s33HLtkrq4Mh8OOf36DkpATFxcWqto41gAEAGFHn/la/almm+E5fSVsy+z+1WPv17Nk/Xz/oq9bFqq6X92n6o8qySvKXqLS8IPSc8x/1XsMmpU1OUXba49Llp4KnsmNSAxutx/XajX06XlOVe72SLJ2OTU5RgiT5y3Th3I0XFOhUS7WWWrt+oQ0AAAAAAAAAhlrEB8BSIATuHO52lpyYoNq6RtkrqvSd7/9ayxZn60Rx2fVpov2h/dwYAn/n+88oOWlSsH3HSGAAACKRxRQnl7cl3GUMIbvKq0LXlM2e+Z+SGlR0Ze9N9353Wq7iA70qZ+Up5dzYwAh8mcw86X5ttD6lF66N1I03B44727tLnfeqyfOfUucAODYh8EeVt1FN3VxR5GnQIxobAbDFFBfuEgAAAAAAAAD0IqKngO6PzRvXBLftFVXauz8/ZI3gzuelrtNKtzpdvbYHACCSTLRMCXcJo4f1n7Rk0rXZQowYmU3dvDr+EjIWaV5WbvDSpvbA0hJWc2o3Ha9XfPQNh9oa1S5JpoRrgXOopdGTbu5eIgifQQAAAAAAACCyjYoRwL1ZtjhbW7ds0K4XDoZM4ZycmKDNG9do2eLsLtd0hMC79hzUiffK5GxzyZaWos0b12helm0kywcAYECSrDbVOi+Eu4xRISvrLqUZktyv6/dvfiFk/d/OkhYe0N9Nz1ZS4qPKUYEKJRW22nX3pGwpbrnulkKngU66W6mWGzq5XCbHrOVKNbKVOUtSyDTQuVowYWyM/pUCn0EAAAAAAAAAkWvUB8BSIATuLujtTZw1Rlsevl9bHh6mogAAGAbTJs7TB47D4S5jWFW1VatJZTfZyyatTgwElY66p3sMfyXJca5AldOylWbJVc4sqfBcp2Om5Vq94u9VefRfdFqSrOv1yNy1SrqxE+dTKm/apNT4GGXafq8Hmh7UizWSZNPSRf+kxdabvJ0IMm3ivHCXAAAAAAAAAKAXYyIABgBgvMhIWBruEobdoaKVOnSznczapGyLJH+JSssLem/r/Ee917BJaZNjlJny99K5f5Gc/6j9V3L1menZsk76K225+zNq90mKipHZX6YqV7ZSYzp3YtcLZ3cra8kmpUYv1+pbzyrP6wpMPR3lUlVLtVLHyCjg8fAZBAAAAAAAAEazUb8GMAAA40lWUm7fjcY9mzamLA98y625QC84+77itcoCNUnSxFxtvDZa9/T79+nXF15XlccVXEPY4z6ugve/qAvt3XRS83/1H+/9UqdbGtXuV2CNYV+1Llz6O+1sbBiyuws3PoMAAAAAAABAZDP8fr8/3EUAAG6es7W7RKpnVVVXZRhG8CWp12113pZkqId2nX72dezG7f7s93W8JwNtb42L3Ekyfnnis2N+GmhEpjlJd+ivlj0T7jIAAAAAAAAwxgz0+TZ6xwhgABinBhqIInIsnbou3CVgnOKzBwAAAAAAAEQ+AmAAwIB1jP5FeKxIe0jxlrGxnixGj3hLilakPRTuMgAAAAAAAAD0gQAYAIBR6P7qGAcAAAgASURBVI6MLeEuAeMMnzkAAAAAAABgdCAABgB0wfTQke+uzMeUbM0MdxkYJ5Ktmbor87FwlwEAAAAAAACgHwiAAQCDRlAcXvdnbQt3CRgn+KwBAAAAAAAAowcBMAAAo9QtUx/QyvRHwl0GxriV6Y/olqkPhLsMAAAAAAAAAP1EAAwAwCj2yflPKnPS8nCXgTEqc9JyfXL+k+EuAwAAAAAAAMAAEAADADDKPbL4h6wHjCGXbM3UI4t/GO4yAAAAAAAAAAwQATAAAKNcYmy6PnfrLwiBMWSSrZn63K2/UGJserhLAQAAAAAAADBABMAAAIwBUyfM0aPLf8N00LhpmZOW69Hlv9HUCXPCXQoAAAAAAACAQSAABgBgjEiMTdfWFb/XyvRHwl0KRqmV6Y9o64rfM/IXAAAAAAAAGMUMv9/vD3cRAICR5XA0qLmpRZJkGIYMwwjZ7rwf/Nm5jbo5383Pvo7duN2f/b6O92Sg7a1x5gG1jzTvXn1RL5VvV63zQrhLwSiQbM3U/VnbdMvUB8JdCgAAAAAAAMYhZ2t7uEsYUwiAAWAcunqlRi6XW1L3oe9QBcD9CX0JgIfX6xd+psMXd6rJXR3uUhCB4i0puiNji+7KfCzcpQAAAAAAAGAcIwAeWgTAADDO+P1+VVy6Kp/PJ4kAuCdjJQDucLTydyq6uk8fOA6HuxREgDlJd2jp1HVakfZQuEsBAAAAAAAACICHGAEwAIwzLpdbVy5X9xr6EgCPvQC4Q4vHoXJHgS42FulKc6kcTrua3TVye1vlF38SjCWGDFlMcZpomaIkq03TJs5TRsJSZSXlakJ0UrjLAwAAAAAAAIIIgIcWATAAjDPNTa2qra2LyAC4u5CWABgAAAAAAAAAxjYC4KEVFe4CAAAjq2PtXwAAAAAAAAAAMPYQAAPAOONyDywAHujI2eHqAwAAAAAAAAAA9I0AGADGkbY2lzxuT7jL6DeCYwAAAAAAAAAABoYAGADGkTanK9wlEOoCAAAAAAAAADCMCIABYBxpa7u5AJjwFgAAAAAAAACAyEYADADjRFuba0ABMGEvAAAAAAAAAACjDwEwAIwTzta2PtsMRehLcAwAAAAAAAAAQPgQAAPAONDe7lWrs/sA+GYDWwJfAAAAAAAAAAAiBwEwAIwDzlan3C734Dsg5AUAAAAAAAAAYFQgAAaAMc7v96ulxRlybDhG7TISGAAAAAAAAACA8CMABoAxrqXFKaezjYAWAAAAAAAAAIBxgAAYAMa45uaWPtt0Dof7GxSHM1AmzAYAAAAAAAAAoHsEwAAwhjU2NKv1humfOww2RDU0dOErQS4AAAAAAAAAAEOLABgAxqj2dq+am1sGNboXAAAAAAAAAACMTgTAADBGNTY2qa3NdVN9EBgDAAAAAAAAADC6EAADwBjU1uZSc1NrWGsYaHhM2AwAAAAAAAAAwM0jAAaAMcbv96uxoVkejyfcpXRByAsAAAAAAAAAwPAiAAaAMaa+vlFNTc09nu9pTeC+1goebHhL6AsAAAAAAAAAwMghAAaAMaS1xanGhkD421eg228EuAAAAAAAAAAAjBoEwAAwRng8HtU3NPZr6ueBjPztbz+DuX6kRGpdAAAAAAAAAAAMNQJgABgD/H6/6uoa1driHLJwtzejJfgFAAAAAAAAAGC8IQAGgDGgrq5BDfWN4S5jRBA2AwAAAAAAAADQMwJgABjl6usa5HA0DHm/3QWthkZf+EpgDAAAAAAAAAAYTwiAAWAUa2hoksPRIL/P16/pnkdieuj+6uv9CW4BAAAAAAAAABg4AmAAGKUaGprkqK2X1+vttd1Ag9ShCGMJbwEAAAAAAAAACA8CYAAYherrG+WorZfH4wk53p8RvgMaBdxLkEsoDAAAAAAAAABA5DGHuwAAwMDUOepVV9eo9vb2cJcSgmmcAQAAAAAAAAAIPwJgABhFamocfa75O1yhqyGj2/5HMuQlUAYAAAAAAAAAoHcEwAAwCrjdbjkcDaqva5RhXA9C+wpEBxsS30zQSkgLAAAAAAAAAED4EAADQIRrafn/27uXHbVhMACjf9+gm6rv/3hVJSb3kBvpYjSq2oFgMzCh6jkbEImdLJE+2e7icCijbbrN+2495zfnOgAAAAAA8NwEYIAnta5rHA5FFC9VTNPreb/nWuytgfbqiuCNeT8ahUVlAAAAAAB4DAEY4Al1XR8vhzKqqomI87E2ZzXvw84FvuFdtu5LuT+H0AwAAAAAwP9GAAZ4ItM0R1GUUZZ1TOPbqt+3yHp53KO3fP4SaWcOAwAAAAAA+xKAAZ7Auq5RFFWUZRVde4yItNiaE2RvCr+ZwVcgBgAAAACAfQnAADta1zXKso66aqKqmncB9e/Vv+e2XN76LUXu+b97EZcBAAAAAOA6ARhgB+M4RVO3UdVNNHV7MfzmygnDqc942/45Z1zumb8AAAAAAMB9CMAAn6hp2mjqNtq2i74fIuJ9qH3/GZvX//5+Tur2zznhNmVM7pwp8wEAAAAAAJcJwAAPtK5rdF0fTfMafdumv7pKN8dHt4Le2v5ZiH1OP34We78CAAAAAPAP+/7t696vwIMJwAB3dDqdou+PcTwOr5/9MbrumBxn77X6955nBF+aN+faR5/Lb/6cAQAAAACwRQAGyLAsS5xOayzLHPO8xDhOMc9zjOMUwzDEMIwxT8sfY66t8t2KuynjUu5NGXP2Wmy/02dt4SwcAwAAAABAml+UYbWhkglPEwAAAABJRU5ErkJggg==" height="600" width="800"/>]]>
  </system-out>
  <testcase name="VerifyQuickLaunchItems_003" time="14.140" classname="testcases.QuickLaunch"/>
  <system-out>
    <![CDATA[<img src="data:image/png;base64,iVBORw0KGgoAAAANSUhEUgAAB4AAAANOCAYAAADwDxERAAAAAXNSR0IArs4c6QAAIABJREFUeJzsvXu0LUd93/n9VfXe55z7vtLV4+p59bog62GwIB6MEXZs5PFY4CQYjx2HFa81MfFaIzxrZvA4mXgmaxyvMImxnQWeicF4bJJxIIydlRjsRMJgxEtgJJCRkEDvx9Xr6r7vPe/dXfNHd/Xurq7qqurX3uee+rJE3dq7u6t+Vb/+nF/tquomIYRAUFBQUJBdIoHYWAZtLkOsHAfWTkCcfRE48yJw5lkkx56EOPUkcPoFgAAIVFMARO2qYTxdV56mfPVwW14AYORweZHaVpsaqmPL61tBOaNUgCFvbaAWaW6o2iBOBrWXZ/93VVyez8ytNEdN/7dNpWRzyy+M3V0+wyHfpP/rKuCSmlrYop77u+vy63jTKG3gb1K98WcQ3qhpoUF8/MdXc8Ibn783naY1vMnzRvXEm0b8Mbawklc0cP+3LX8Q3gzJH22808XfH1//UxukkN/C/LHeHXPMH7v9s+SPcwsreUVzzh/Z/+rhPtXvmj9SjXijnjEz/sgGHJg3qnr2t0b8MVSrq1RK5U9z3qj5lvzx8Z/zjDdq+a7Wbm3eKPk+74Dw+84W+n0nKGh7iX/4SP7vE6fO4uzyCtY3NgEAC+MRdu/cgQv27c6PoTABHBQUFNSh1s8iOfYo8Mq3kLz818DL30Ty8rf0x2aBCwGNArp2Q13/gJqor4BaTaFEfHq1HuA0GNB0N8BxbKY+1ao8k8Ut+7+RP6kGmfKK+boBjebs3lLdgMbQur1opgMoO286T7150zF/OuBNK/7MI2+G5M/gE6ZK3lCdwfhTY+4g/Jkr/5slf6B0SCFf4z/evFHTwJ8eeKPmPfnTyJ9Ug0z5suYh3qmY79i6nWgueSPVJ2/UFNMO2WK8ceWPWwXVEzpWq/J9CevT/33xRzFfxxsNf4bkjSt/OtFM/c/Amwp/euyB8+D3HS/emAw4r/nTpP+H4U9Q0HYS//ARbG5O8OLR41hb39Aes7gwxmUXX4jRKAoTwEFBQUG9Kl6HOPI1iOe/AvHsF5E8+6XCl+UAhpRYxhoAFwZUg+1AyCpQit+3ZIBrk0MA3Hlg6xkAW1agth5A2VIHf3NtzUYa2t+8ym8wYOpigO01YKofQLnyZ9usAB6Ud568mdWOmwb86ZQ3Q/Jn0P5vW34P/HH2P7XCrnm9uXm+Qf8H/jTVLPmjGiyzA/NGTRv4W01rdsOfIdWIN2q+Y/74+M8W4I3qbybeVOaP+9Bc8EaW1ydvDP6j443qjoUad86fDvzP1LpOGrT/fctXb4Ae+NP4751qQL15xvwM+FNqrRr+zL7/25bv4C9zN94qp/PIH1NrNtKs+RMUtIXEP3wEz77winHyV2pxYYyrL78kTAAHBQUFDank6c9BPPOXEE99FskrD5e/LAbcDJaARx9yUZuQzzHgre4EVg0w5S0aOMAzDbjUALuvMN8l4JbqvjkcBzx9DnCsAx5P/2krT/9z9f4uB1iu4yGnAVmrAZaphO554+w/vvyZ8QBTy5sh+VPT3N3/wGzijazQDPjjOaHduVr63zzwR8qJN63sdy1xlvzxVOBPlTed8cfBX+aOP5q0T7Usrxf+uJynqW5n/HG+Ygd+0NjfVAMaamjeQKn9DHjjGu+0b4554o3qb2qDdGKwXT43dM3ptrwXb4bkj5f9A/GmxwU1FbXsf1858aZl//fFn/Yy8adJ/7dNM82aP0FB57FO/4tH8eqJU07HXnTBvjABHBQUFDQLidNHIJ78LxCP/RmSpz5nPI484mtoAkrdAFtzuHeqfSdwg4A6txMdxH+lAtSIutfQHsYAu8sBlE0dD6hca9+m/31TKW2+U/tNJXYxoHYcMNny8/gDsgNvHE9vNKCe3QpltcAB+GM0vNBAQ/NmSP406P/eedPYfqcSy+nM+dOl/Q20Bfgj1T1/DLyZa/50rBnxp83fn/nhjytv1Lyl/zvxLymL/wzNG8/yO+eNmjr4m9Rg/KmUMARvVP+T6pg/24A3tf5T+MJ4uzurI94MyZ+e+98ql9vD/fBueDMkf0oVMvGnB+5Y/a/QQFuIP7bazjN/BrnfgoK2kI787w9Yd/9KLS6MwwRwUFBQ0Ey1sYzku3+K5Dv/Eclj/7k2wPGaDJbnlP6lhFTaHxDdB1TN3wmcqeMVgfMY0BZa2y2gnaMBZbl81yFdFwMqm/+pBpjyfvb3uWBCm7qYr7SuKd9Ivfqfg7+05E/zVNo/MG/UtAfeuPLHWMEhNTRvXPjj4z/nIW+8/MdXvfJG1TzxRvU3KB3SzH5v/jTo/955MyR/vMofiDch3nGKdzrRXPBnQN6o/tHxAo1O+NPSOqnG/BlSXuV3wJ/eeWPxH5fqOVx9FrzpxD0G5Y0q9QYbkj+ZrPFOP/zx6f9e+TPT/reUWynflajzxJ+goCCpJ//RV+E6pUtEYQI4KCgoaC60uYrk25+E+PYnlfcEVyUngrU/4BgCXNMTpVsPsLILq/FcZUF4H+o0wG4QADcOcB0HULa8p/3WAZNv2sEAy7X1tZqrAZZqsHoDdHrnod7/5GHdDpgq/tNB/7f1PxNvhuj+YXij5i3930nLqgYa1JA3dae35o/nddTWrVXgjf2G9/EfR3PzfFZMbXW6t7qeNwb+9KJO/a8j3gzJH0/7O+ePg/md8kbVluBPj3egd7wzAH/6s7bqL0PzRlWn/ubAG5f+75M3LvypUWv+9Mgbp+6bK96oqXoDzCNvWvJHx5sh+aPjzZD86dT/XO8Il/5vyx/VQEPe0/7WvFHT7c6foKAtpCd+5T6v48MEcFBQUNAcSZx+HslDH0fy8Ccgjj9RO+BJd+BO87aIiRoPeNSAN69tVo+ujHcwo08ZmkMdcPlUt23AbRpw2ZtjngY8jgOgOev/tuV7D8gaDLA6HYCVLlDljdV/2qatVwi31IwHmPPAm+52SGwF3shyak7vU/PImyH5U3sBE3965o3XhHZL/nTc/97F63ij4U/n3JHpecufvIXr81ucP968UdMZ8sdewVnyp9BAXfLGy37Mhj+e1euaP1L+5ts8zrH/O7FMbUFDfmjeqGpZfmP+zAVv1AJNvFHzffBG9T9Ti7bUjHljao7B+FNzu/f3+04hP/PxlsPpQUFBjRQmgIOCgoLOBz33JcQPfgzJw5+0HppPwDoGWOrhsORdUuYYX7oOmBoFwLoBVWWA1WlIX051P+CoP/D1qYED7Iq/6AZUHQ+wa/1HN6Ay2u/qgU36v+2AytTCFs16QOVZfhveuA6wvfynJl+VI38G4Y2aFhrEx398NSe86fMHPZu/mXhj3yHRE28a8cfYwkpe0cD937b8QXgzJH+08U4Xf398/U9tkEJ+C/PHenfMMX/s9s+SP84trOQVzTl/TBMKPtXvmj9SjXijnjEz/sgGHJg3qnr2t0b8MVSrq1RK5U9z3qj5lvzx8Z/zjDdq+a7Wbm3eKHlfPyIGiMTt+PD7zhb6fScoaHspTAAHBQUFnS/aXEXyjY8i/sZHIU48bT2cyHpI8WhQxwG19zuBW05gtB7gNBjQdDfAcWymPtWqPJPFLfu/0VBBNciUV8zXDWg0Z/eW6gY0htbtRTMdQHU0gO+VNx3zpwPetOLPPPJmSP4MPmGq5A3VGYw/NeYOwp+58r9Z8gdKhxTyNf7jzRs1DfzpgTdq3pM/jfxJNciUL2se4p2K+Y6t24nmkjdSffJGTTHtkC3GG1f+uFVQPaFjtSrfl7A+/d8XfxTzdbzR8GdI3rjypxPN1P8MvKnwp8cemIPfdzAaI1nYC+w+ALG0H1jaAzHeDYyXIKJFgEeZUxKQTEDxJhCvg03WgY0VsM1lYGMZbP0sEG8WW9fefduCP036fxj+BPlKpH0iEog4BpIJMNkE4k2IzXVgc33WFQyqUZgADgoKCjrPlDz1FxBf/13ET36mHP4Y4irAb4ANy/fGAbfmAFJfNtyneg2wHQLgzgNbzwDYsgK19QDKlurMh746tnwjDT2g8iq/wYCpiwG214Cp5QDcof/bpqXWK3LGZG6f6pU3qjx5M6sdNw340ylvhuTPoP3ftvwe+OPsf2qFXfN6c/N8g/4P/GmqWfJHNVhmB+aNmjbwt5rW7IY/Q6oRb9R8x/zx8Z8twBvV30y8qcwf96G54I0sr0/eGPxHxxvVHQs17pw/HfifqXWdNGj/+5av3gA98Kfx3zvVgHrzjPkZ8KfUWjX8mX3/m8tPdl4IsfcyiD2XQey+GGJpD/IfxnI5+EuhoWmyBrZ6Cmz9NGjlJNjaqcAfjf+ZWrORZs2fIEUCYmMN2FiFWF8JE8JzpjABHBQUFHQ+6sTjmHzt/0b8jd/Pgjz7AMd3Ry51NOCZxtr1A6CKBg7wTAMuNcDuK8x3Cbilum+O+gHPID+wWAc8nv7TVp7+Z7GmlwGW1wC+Ju9WwTrr7fyxpp3/wGLLd2l/e2l5MyR/apq7+x+YTbyRFZoBfzwntDtXS/+bB/5IOfGmlf2uJc6SP54K/KnypjP+OPjL3PFHk/apluX1wh+X8zTV7Yw/zlfswA8a+5tqQEMNzRsotZ8Bb1zjnfbNMU+8Uf1NbZBODLbL54auOd2W9+LNkPzxsn8g3vS4oKailv1fe+nFPUj2XQFx4SEk+68E+Ki/8kUCtnICbPlV8OVXgY3lzvnTXib+NOn/tqlstxnzJ6hTickGsHYOYu1culM4aKYKE8BBQUFB56sma4jv+1eI7/ttYLJWDb018T5j5bxtwKRu4G06wGbMbUAl1Un8VypAjah7HFjXDbC6HEDZ1OGAqng5W752gG2oVtNUSpvv1H6HAXhvAyopS34ef0BWm8dc+/b+4ND8g/NmSP4YDS800NC8GZI/Dfq/d940tt+pxHI6c/50aX8DbQH+SHXPHwNv5po/HWtG/Gnz92d++OPKGzVv6f9O/EvK4j9D88az/M55o6YO/iY1GH8qJQzBG9X/pDrmzzbgTa3/FL4w3u7O6og3Q/Kn5/63yuX2cD+8G94MyZ9ShdICk90XIbnwOoiLroPYsb9rizUNXE5psgp+9hWwc0fBVo5jK/HHRst55s9M/t4HGSXWlyFWzgDrK7OuyrZVmAAOCgoKOs8Vf/1fI77vX0Gcfck5vCTShFTaHxCVncAtQjjzDuRMHa8InMeAttDabgHtHA0oy+W7DunaDahmuSJZFjtPA2q1dU35RurV/xz8xcCf7n/QceWPn4XevFHTHnjjyh9jBYfU0Lxx4Y+P/5yHvPHyH1/1yhtV88Qb1d+gdEgz+73506D/e+fNkPzxKn8g3oR4xyne6URzwZ8BeaP6R8cLNDrhT0vrpBrzZ0h5ld8Bf3rnjcV/XKrncPVZ8KYT9xiUN6rUG2xI/mSyxjvN+ZPsvBDJxYeRXPwaYHGX/qAB25/iDbAzL4GdfRFs9VTZvJn0v6XcSvmuRJ0n/gTNm8TGKrB8Kn1EdNCgChPAQUFBQdtA8YMfQ/ylfwmcOQLUxVkohE3kHr457QQufKDGc8V69KZOA+wGAXBvK5JVAw15T/tnMcB2rV6jAfhcDbAMA+5cPQy0jQ0vD+t2wFTxnw76v63/VfiTaYjuH4Y3at7S/520rGqgQQ15U3d6a/54Xkdt3VoF3thveB//cTQ3z2fF1Fane6vreWPgTy/q1P864s0c78DqnD8O5nfKG1Vbgj893oHe8c4A/OnP2qq/DM0bVZ36mwNvXPq/T9648KdGrfnTI2+cum+ueKOm6g0wj7xpyR8db4bkj443Q/JHUzGxsAPJgRuQHLwJYucFHhdzvSNc+t/MH9pcBT99BPz0C6DJqv66FQMNec/7rzVv1HS78yeoscT6MsTZE8BkY9ZV2TYKE8BBQUFB20TJt/4Im194P3D6OQAEcgztjDtzNREedfADr/Mk8KwDPkNzqAMun+q2DbhNAy57cwwz4GmWqi3o0aB9quPyvQdkDQZYnQ7AShdQR/gO/tM2bb1CuKVmPMCcB950t0NiK/BGllNzep+aR94MyZ/aC5j40zNvvOKdlvzpuP+9i9fxRsOfzrkj0/OWP3kL1+e3OH+8eaOmM+SPvYKz5E+hgbrkjZf9mA1/PKvXNX+k/M23eZxj/3dimdqChvzQvFHVsvzG/JkL3qgFmnij5vvgjep/phZtqZa8SfZejuSK1yE5cI1XsRtra3j++RfwytGTOHp6BSeXN3F2LcHaZoLNSVo4YzHGHNgxJuxZ4Lhg1xgX7tuFSw7sx8ErLsd4YdGrTLZ8DPz08+BnX67nTWZ3f7/vFPIzH285nB50XkmcOwFx7uSsq7EtFCaAg4KCgraR4gc/huTeX4dYPpoHUsYnL6u0J/fhYtMBtUxN7wSGcn1TvipTgCsLMA2wughwbQMstUGcDGqvgQPsir9k5taONx2r2WjArRtQGe139cCWA+wuB1A2zXpA5Vm+ydrGaQN/k+qNP4PwRk0LDeLjP76aE970+YOezd9MvLHvkOiJN434Y2xhJa9o4P5vW/4gvBmSP9p4p4u/P77+pzZIIb+F+WO9O+aYP3b7Z8kf5xZW8ormnD+mCU2f6nfNH6lGvFHPmBl/ZAMOzBtVPftbI/4YqtVVKqXypzlv1HxL/vj4z3nGG7V8V2vnnjd8jPjSmxBf8TpgYafliml6/NVj+O5jz+KxF0/huZMxGKUbH1jWAEIIMBCIEhAILPvhgpBuepApA4MQAlfsi3DNwX249vqrsO/Ci5QG0RtE8Tr4yefATz0HijvYCTmw/5l4U/vn37GabXnjH+8EzUpicw3izDFgc33WVTmvFSaAg4KCgraZ4q//a0w+/2vAxnLp8/qh8DRiI0ATwZUjLOogpKvsPG45gdF6gNNgQNPdAMex2fpUq/JmOYDvZkCvHdBozu4t1Q1oDK3bi2Y6gKrnTS+pN2865k8HvGnFn3nkzZD8GXzCVMkbqjMYf2rMHYQ/c+V/s+QPlA4p5Gv8x5s3ahr40wNv1Lwnfxr5k2qQKV/WPMQ7FfMdW7cTzSVvpPrkjZpi2iFbjDeu/HGroHpCx2pVvi9hffq/L/4o5ut4o+HPkLxx5U8nmqn/GXhT4U+PPdDB7ztY2of4itcjuewmJ6sffugRfPPxl/D0iRgRsXwylwHpJDAEgAQEIH26Xfpvxnj6GdLfqahYM9leWbteuZ/jtddejOu/58b6ymTmsdMvIDr5NGjt7HnInyb9Pwx/guZL4syrECtnZl2N81ZhAjgoKChoGyr+4v+JyRferx1gA/awipF72JVfr0GASV3Ga70OsBwC4M4DW88A2LIC1RYu9zLAhr46tnwjDTqg9i2/wYCpiwG214DJPgCvPduh/9umpdYrfDGTFcC98kaVJ29mteOmAX865c2Q/Bm0/9uW3wN/nP1PrbBrXm9unm/Q/4E/TTVL/qgGy+zAvFHTBv5W05rd8GdINeKNmu+YPz7+swV4o/qbiTeV+eM+NBe8keX1yRuD/+h4o7pjocad86cD/zO1rpMG7X/f8tUboAf+NP57pxpQb54xPwP+lFqrhj9D9H+y6xIkh96I5IJD1mMf+Ma38NXHXsXJFQEuJ30ZpRO/AmkelO0Ank4AC6STvZzSCeB8JzABuQ8AAKVbIGQqAOxdELjl+ovwmltvhq1l2cpxRCeeAls+XnvcVuePVCfuMWv+BHUusXwK4uzxWVfjvFSYAA4KCgrahhIby5h89leRfOP/gS5SctnBS7BHfPrr5LWw5FMZJ4EHDvBMAy41wO5ygOUbcEt13xyakH3oH1isA576AXTn8vQ/V+/vcoDlNYCvybtVsM56Uwkeaec/sLjxpxv720vLmyH5U9Pc3f/AbOKNrNAM+OM5od25WvrfPPBHyok3rex3LXGW/PFU4E+VN53xx8Ff5o4/mrRPtSyvF/64nKepbmf8cb5iB37Q2N9UAxpqaN5Aqf0MeOMa77RvjnnijepvaoN0YrBdPjd0zem2vBdvhuSPl/0D8abHBTUVedif7L0c8bVvgthzae0lH/vO47j34SN45ZwAhwAHgbPpTl+GdBKYRAJOLJ/gBZD/DkUEMLAsTb8nQj5BLEVEACi3WN7G+3cQXv/ay3DFddfX1pVWT2N04gnQ2aMzHG816f+2aaZZ8ydoLiTWzkKcOjrrapx3ChPAQUFBQdtU4sSTiD/zK4gf/wyIQTvAZsXjUQ3XXHcCOw+wLOVAuV67BigWpEbUPQ6s6wZYXQ6gbPIcULtezpZv0v9NUyltvlP7HQbgvQ2opCz5efwBWW0ec+3b+4ND87v6T3v71QIH4I/R8EIDDc2bIfnToP97501j+51KLKcz50+X9jfQFuCPVPf8MfBmrvnTsWbEnzZ/f+aHP668UfOW/u/Ev6Qs/jM0bzzL75w3aurgb1KD8adSwhC8Uf1PqmP+bAPe1PpP4Qvj7e6sjngzJH967n+rXG4P98O74U0P/En2Xo74uh+E2HWRsSnWVlfwF1/8Jh5+aT2/WEQAp3TCFyIBMN0NTEJgxHjpGsRke6U7gxkRiKXXYgQQIyRC7gZGNgEMkEA2OQyIzFohBK67eIzb3vA6jJd2KD0wFVs/i+j442BnXzHaZlTH/mej5TzzZyZ/74M6k1hfhjj58qyrcV4pTAAHBQUFbWPFT9yDyT2/DHHi6TxwTTWNmGTQW7cimVj9gKrdO4FljWR5QDnCRKMAbx4D2qmtjgHtHA0oy+U3GLA7jVgtqc8AXTPg8rFft2Bi1gNqtXVN+Ubq1f8c/KWGP7NZkexnoTdv1LQH3rjyx1jBITU0b1z44+M/5yFvvPzHV73yRtU88Ub1Nygd0sx+b/406P/eeTMkf7zKH4g3Id5xinc60VzwZ0DeqP7R8QKNTvjT0jqpxvwZUl7ld8Cf3nlj8R+X6jlcfRa86cQ9BuWNKvUGG5I/mazxTtV/kj0HEV9/O8Ru8+Tvk48/iT+//2ksr2cTt4yBBMBJABDgAAgJWPYOYJa95zciBkFpW0zfB4z0GKSPjCZi2bkEECFB+luXnPwFCZBI2zc9O7UpyZxpx0jgb9x8FQ5efY2xeWjtDKJjj4Gde9WlI5vLy/9ciTpP/AnaygqTwN0qTAAHBQUFbXNNvvohxJ/91ekAi6phFoM9jNOdV/q+8IEaz1UWhBtEbeK5TgdYDQLg3lYkqwYa8p72z2KA7Vq9RgPwmQ6w1fIMA+5cPQy0jQ0vD+t2wFTxnw76v63/mXgzRPcPwxs1b+n/TlpWNdCghrypO701fzyvo7ZurQJv7De8j/84mpvns2Jqq9O91fW8MfCnF3Xqfx3xZkj+eNrfOX8czO+UN6q2BH96vAO9450B+NOftVV/GZo3qjr1NwfeuPR/n7xx4U+NWvOnR944dd9c8UZN1RtgHnnTkj863gzJHx1veuRPsvMA4uvfArH3cuMxX7//QXzm0ZNgJBAlACcgncoV4AQwCEScIJIke5wzss+zieLMaZmcBKbpBG/6fmABIQQYY2CEbGI3/Z4obXCRTCeEBQFEBCHSf8tHRr/+0H7ccIvp3cAAWz2J6NXvgK2eKljnwJua+681b9R0u/MnqHeFx0F3pzABHBQUFLTdtbmKzT//HxA/9AnISIlIH0GVdvJqIrx8J7DhB14q5ZspnwSedcBnGP+pAy7D4Z0MuEy/b/hPcLmG4C4DXk2FWqVqC3o0aJ/quHzvAVmDAVanA7DSBdQRvoP/9PGDi4//tNWMB5jzwJvudkhsBd7IcmpO71PzyJsh+VN7ARN/euaN14R2S/503P/exet4o+FP59yR6XnLn7yF6/NbnD/evFHTGfLHXsFZ8qfQQF3yxst+zIY/ntXrmj9S/ubbPM6x/zuxTG1BQ35o3qhqWX5j/swFb9QCTbxR833wRvU/U4u2VE31xMIuxNffjuTAtcbTP3fv1/BXz61AkAAjwkgAXKSTuQICERMgAJwBQghwkT7jmSE9njEGhgQEkT/ymUGaSNmuXwEkIpssBkAcBKSPhs6MIFDaXkR5DwkCEojUJpFe7/pLF3HLG77PaD87+wqiVx8Fbaz2+PtOIT/z8ZbD6UHbTmL5FMTZ47OuxpZXmAAOCgoKCoJ47kvY/NR/D3HqmVKARZp4jJS8+j3IHu5ZB1aGAZaU/zuBTQGuLMA0wOoiwLUNsNQGcTKovQYOsCv+Iv2rbrzpWM1GA27Fz7XdXT7DId9ygN3lAMqmWQ+oPMs3Wds4beBvUrZ8VY78GYQ3alpoEB//8dWc8KbPH/Rs/mbijX2HRE+8acQfYwsreUUD93/b8gfhzZD80cY7Xfz98fU/tUEK+S3MH+vdMcf8sds/S/44t7CSVzTn/DFNaPpUv2v+SDXijXrGzPgjG3Bg3qjq2d8a8cdQra5SKZU/zXmj5lvyx8d/zjPeqOW7WjsPvImv/UHEV7zOeMR/+dxX8OALK+DZZO8IDBwCHHI3rgBj6WQvJ4CEAIFlu3wxfccviXQ3MOTOX4AgQMTSfzMAiQDnWV7WhoD8MdDIDiRZzzSJKd0JjISDxAQxEa4+MML3vvGNMCk6+SyiVx+FZbCQamD/M/Gm9s+/YzXb8sY/3gmaZ4kzr0KsnJl1Nba0wgRwUFBQUBAAYPKlf4nJ53+98jnJwLUQsZFlwtS0gzj/voMBnPadwDUDstYDnAYDmqYDnFoD5mlA6axZDuC7GdBrBzSas3tLdQMaQ+v2opkOoOp500vqPWHaMX864E0r/swjb4bkz+ATpkreUJ3B+FNj7iD8mSv/myV/oHRIIV/jP968UdPAnx54o+Y9+dPIn1SDTPmy5iHeqZjv2LqdaC55I9Unb9QU0w7ZYrxx5Y9bBdUTOlar8n0J69P/ffFHMV/HGw1/huSNK3860Uz9z8CbCn967AFH/sSXfg/i1/xNoyV3/+VX8I0jK4gofZQzQSACAwfyCV6gMAEMgAmAKNv1SwRGIn0kNAnkO4ABEAiMpcemE8AEEqJ0XWTNlR5DSPcZU36OvAcYGGJ6l8KyAAAgAElEQVTGgEQAQmACQCQxrjqwiJvecJux/6Ojj4CffLZBH1s0CH+a9P8w/AnaWkqOHwE212ddjS2rMAEcFBQUFAQAEGdfxOZ//AUkz36pEkbJHbeVz1ETdhVirUL8nh9AHQxwyCee63WA5RAAdx7YegbAlQFV2QJbuNzLABv66tjyjTTogNq3/AYDpi4G2F4DpvoBlPVsh/5vm5Zar/DFTFYA98obVZ68mdWOmwb86ZQ3Q/Jn0P5vW34P/HH2P7XCrnm9uXm+Qf8H/jTVLPmjGiyzA/NGTRv4W01rdsOfIdWIN2q+Y/74+M8W4I3qbybeVOaP+9Bc8EaW1ydvDP6j443qjoUad86fDvzP1LpOGrT/fctXb4Ae+NP4751qQL15xvwM+FNqrRr+dNX/yc6LEN/4NogdF2i//8JX/gpffvIMGIARA7LX8IITEIHAiIFYAiABI8rfA8yy7zilWxMYAUQEUJx/xiGy87N3AVN6DpCkE74gAIX3/wJgjCDSF/+mnwPpvwFEAtjkI0RiA7GIMBEAiydY5yNcf/ECrrvlVm3Ls/UziF55BGz1BLY6f6Q6cY9Z8ydoUInNNYjjL8y6GltWYQI4KCgoKCjX5Bt/iM0//yXoduiSOmObRXZUE/HpdwJLqe8Erh8AVZQdngbV6D3AMw241AC7ywGWb8At1X1zaEL2oX9gsf7g4uk/beU5wLAO4DWXazvA8hrA1+TdKlhnvakEj7TzH1hs+S7tby8tb4bkT01zd/8Ds4k3skIz4I/nhHbnaul/88AfKSfetLLftcRZ8sdTgT9V3nTGHwd/mTv+aNI+1bK8Xvjjcp6mup3xx/mKHfhBY39TDWiooXkDpfYz4I1rvNO+OeaJN6q/qQ3SicF2+dzQNafb8l68GZI/XvYPxJseF9RUpLn85LU/guSSG7WHf+uhh/FnD76EiBgICSJK39lLBHAAEWMgYmCIgey9wJxEvjOYgaUTvyLb0csIjOL83b+M5KOfKfu3nACO03cAE4EEyyeAiQAiBpGZLB8JLVPBBZKEYZQkiIljQgyJiCFEBCES3HjlPhy87gZtO/CzLyB66aEyhFrJxJ8m/d82zTRr/gTNvcS5ExDnTs66GltSYQI4KCgoKGiqzVVs/snfR/zk3elAt/BVHp5RNWyz7QSuG2AVB9SNB1Ae44qKQcUBdqWEIQbYakCtVtCUbynPAbXr5Wz52gG2oVpNUyltvlP7HQbgvQ2opCz5efwBWW0ec+3b+4ND87v6T3v71QIH4I/R8EIDDc2bIfnToP97501j+51KLKcz50+X9jfQFuCPVPf8MfBmrvnTsWbEnzZ/f+aHP668UfOW/u/Ev6Qs/jM0bzzL75w3aurgb1KD8adSwhC8Uf1PqmP+bAPe1PpP4Qvj7e6sjngzJH967n+rXG4P98O74U0L/kwuOoz4xju0ph59+SV89DPfQsQ4IqQTuBGQ794lEoiIp5OzmOS7f4kJcJE+1pkLgBgQEQOQvQeYAUykk72cZTUhIMoniAlyMjmdAM7qy9JrphnKkCffP5z+e2NEGMfAuTOrWNi5F8QF1gQwigWEmGAiGN5481XYecElWptHLz8EfvqI9jvnDvWQjZbzzJ+Z/L0PGkTJseeBycasq7Hl5DsBHPVUj6CgoKCgedBoCex7/jYmT9yNSkglRLqaMUH2TGgBkUVyCaU7gUUWaZXSwkxv5XuRvstXCMP3WYgpgELkiLQeLVcECiAP2CGEEtDKfCEV6UCiNtWdV5eKciqNmJpTyMsKdzmgFEpqO9YSgU8vI/tPny/2fynV9v/Uj6S/GVPlPBT9R5eXy3Mb2F9cwIC8/6cHu/R3Ja3zl1r/y/yjzn8AeVC13zvqf6draNN6fynxR8C5/3W8qU3r/KcP3mj449X/LXlDhXrU8WdqABrbX7pcV/6Xy8F/GvS/lT9af6nhj8qbOvsb8abGf+DJn1reqP7n4D91djvY36//1fMGTXnjyR8o/tZdvGPgTR1/vPq/YbyT/T1S+ZP/c7D+NxzrXL6JPy3+/gwR7zjbP40zOuVPnb84+J+VNzqbHA6r2m9IfWUs38Sflryx+Z9jvJPzp9DjvoabeFP63tb/nfFGtnWN/wzNG925lvKrvJGfD8Ob0vi8hjf5vVo33qq938y8Kef7jXem/uLgP8Vs539vHGUpv8obZN00TLzj+vtOMl6COHiT0czPfP3biBhhxAS4SH+eiih9dy9lzccoBgmAcwZCuiOYIUknfzmBiexxz5Skj46mbGcwy3YHM5FN+BIiJh/1TAASsGy2V076UvaeYAAgYiBkFUH2iGnGMI7T8h89u4IDC/uwc7IOEXOsbZ7Fnr27QAnHc088jRvfeLG2/+PdB0HnjoImNe9B7dj/TLyZd/40uneCtoRo9wUQJ1+edTXOe4UdwEFBQUHnuyar2Pzk38Xkqc/l8Z9uh6+MaYuf1+4ExvQDdQEuk/mGIpffJTodYKknmPKFtDhTtwV2YJmu1jh1MN+1era8Vn0MsH1UKk81WL0BWrW0PjU2vDxM7fFuzM3zHfR/W/+r8CfTEN0/DG/UvKX/O2lZ1UCDGvKm7vTW/PG8jtq6tQq8sd/wPv7jaG6ez4qprU73VtfzxsCfXtSp/3XEmznegdU5fxzM75Q3qrYEf3q8A73jnQH405+1VX8ZmjeqOvU3B9649H+fvHHhT41a86dH3jh131zxRk3VG2AeedOSPzreDMkfHW864k98+fcivu4t2u/u++pf4UtPnEDECJwITKQ7fyOG6aOaRfoe4HQnLwMDwJl8tDPAGcCyncHpf8h39TIiELKUpcZwSt/vS5T+4sW4nBBOAMjvKG2A7L3BxU7hnOHYKyewa88+fOLRY3jr627Ew1//Gi7dvRO3XnspBCbYwBIWkg1cemAHLjt8M3T+Mjr6HfCTz8is1/3Xmjdqut35EzQziZMvQayvzLoaW0q+O4CZ/ZCgoKCgoC2taAns8H8DYLrKNclSUUhFMl1VLdNEyQsBQMjgX+RBWD4YyNKkSXBWuIYsR/289J/6nS71Kbx0rlBskrZnx4lqW2lTeKR5OSLPCzUvsrwQ+Xf6NDs3/58sS80XUhebRCGFQ6q1FXkexXyx/5V8nvbW/47XNJYvKvlyFYRic13/F1K1zYspTKnI89PeVr1BVP9X8qGpr4lS2YV84/738D+t7TX8UbrFS7b+dvE/78KmeT1v5H+O/e/T5sa+M/Cm8J+RPwUPM/Emz/vyxoU/Wluhzxfu2cAbB/7AIc1714E/tX/DZNlV3oi6Opts1aXO/mfijZk/TmrV/4bUo3Atb9R8o/53TH35U/CRmfDH5Z4pdUc1j2K+cg9r0jnmj9DlCwc27/9C6uR/olS+C3/M3PHkj6ututRoU8E/avnTUl3wp0XhJt5A7fe6/m/TBzbeFPJGXzF6GJRPpmXX8qcRb9TUwBs1PzRvVLUqXyhV8ODPYLxRfELhi3W8VTpnWsfG/HH+e1fDmzb8kedGi0guOaw95MSrR/HlJ46BQ6S7eUUCTgAnAZK7e0mAUwLOgBFLJ4bTd/8miEggYgk4JYgYsv8EePZvzgQYS8B5DM4TcA5wLsDy/xKwSIBxgEcCPAKiEYFHAI8I0QjpfxEQRQLRCBhl+ckY+Nrjz+DxMxv46hNP48GXT2NtIQI4w7nVZZw4cwbRaIxHXjiF5VOvTm/CvNGBye5LkfCF3M/a/75TyPcW7zjyp/DlXPAnaH61c9+sa3DeKzwCOigoKGgbiN3w42AP/D7Eq49CrgsUoGwVUJbPVrfKR90ISh9vIyg9Ls9DLsBLV1bmeVFdIcgsKwal0nKmGZpWq5pOzyjnSwUY8nVLCqmckimfHU9qmhk6PU3N683JU9KnUPO65oDOLKrmtVcwFGypkABl/8rygrIVypR1B2XNXkhR9h9tdW1pwcyiJcXuNXZ3+YxyvtRBVX8AGfxGpsoNQELvL0b/yf1MNrf8Xttb1VRXXcXiurzRIa1XyFJdh9XUuOI/Bd6UUqipwX80/KnpLSt/KrdLxXYH/lhrUPCHxrxRU3kZi/+43u7KeXneatYwvKlNUeMvuZ+580b1NxNv7DskeuKNA3+svHHlj6G6zvyxAq0Bb2r448ybCn9MvKFic/vzx8QbV/5o4x0lbcIbJV/xG+d4Z2vzR/a/P38wzZeqNRx/8tSo9vzR8kbDn6r/yGaeLX/MF84rWH+CpeNk//vzR/EPmPhTwx0Df4qW1PGn2mCaK/TFHxNvVP/x5Y2aevKmImfeqHkLf0z+4sIf1PhLhT+evFEs8eaN63jLNV72jXdyv5PNPWvekD5vukJH8Y7698093umGN8nF10Ps0r8H974HH04naROk7/KldKdvuns3yXfzcoFsYhjpo5xFkj4CmpL0MdGU7hqWu4IpuwaYyP6dvQ+YAYJE+qholvoAMQaQSL+ndOcvEYEYgZCm+S0M+T2wZ+8+PPzVp3BsHfjssZfANxOsbkywOYmxmSQ4ceYcLt69E68cP4kHvvUIbr/9rRW/EEv7IXZfApx6ruo/Ot748Kej8dbW+H0naCuLxksQCzuAsAu4N4UJ4KCgoKBtINp7Bdj1b8Pk1UfkJ4AQSPIBTJoXBIgEaZArBGzvhElEOnA3vSMkEenAy/SOkGm5xXwWDOYRnk4C5W+zvAwCxTSfpvL4QirSgL82hea8Qiqjzjyf/eqfvwNPzgLoglOXca6vhCW1le8s2Y9KfvrSoVLe+R0xFn+zviPP+R1VInc36ShyAJt/D3v/t30nnnSUxu/Aq5plsNdwbNcDKOfyp7xBkT+e/e/1TjyNvxV5gwJvpm3fkj8d86bCn5w3Bv4UO2IeeeNZfpU32ee9vpNKTe28md7LBf8p2Wviz7QBG/Gmjj8af5vyp1hnD/4M3P9ty6/wJv9z1ZA/jd6JVuCNB3+ceOPZ/93xB1uTP46XN8c72XEDxTuu/NHZNki84+x/9bwZjD9tVVd+DW+m8Y48vKN4p5i2jHe0vFHzQrqTpv974E3lHfVD80aVr785l2/gjZpX+dNLvDNNK/7iyxsNf5r1f9u/d/X8Maotbwb7e2fgTYU//cY7ld93GIO48HqlgVK9+PyzeOzoKjiTE7vZJG82McuJ8s8jOTmMdFKYM8KoMNkrJ3k5o+y9wQKMCRBHPkEsJ4BBlJWBdJKXEUCiNOFLRGCMZdfOPiekfgzC+rrA8eUEZzcZlk+/jCOrES7bsRvnzq0A8QSL4zGW11bx0PMv4pVTZ3FkheHaq57CFVdfU+nieOfFYCefbdn/qPe7pvzJy2sY73jyB2reI94J2tqiHXvCY6B7VJgADgoKCtomYtf+KPCVDwKUhVWFFedMyctBQvpPGaRP0/T3A8rGGenqSd8dgOaViCjnDVIXDGvz5tItCyHlinR5vFxBXMgXR5Kk5PPjayJwpyXFuvMzFX7Q0QX0ytHVvKa7bOOFUmrc8VL1G23esgLVmvqugFW/NbijerYx1XVX/r3GX1D2C9cdEMYeUPxv+oOewV/UfF6+vrms/qMp3st/Crwp5U3+UnBU6W/98sbQIBbeqGe78Uatjpk3alriT53/dM4bT/6YeOPKn4q/efKn0NCN+KPjjQ9/TLxx5Y9L9+XHa/xH3dnpyx/tDa/jj5SNN578cSi+njdqOiv+oD4/bbByzpE/xloY3H3++CNl40+5tUxnm/vf4i9qauSNPK4hf8w9Vk63ZLzjwB+DvzjxR9tTUjb+lO2fHW8M/lPDmzxf12Mt45354I0s18CfTnhj8B8db1R3LLRXxX9MvHHlj443PvzpLN4xVVj1n7KMvDG5o5rWdpvs/xr/keN3Kubd+eMe7xj8x8QbpXmluuePgTdqvuA3soLS/0z8Kfe/IdX4W7LvSiT7r1COT/XXjz6JMSOwbPct5yKd3CUBkMCYKHvvb/ou4IgAjnSSlxNLJ4YZAxfIdvOmfSzP55EovMsX4Dz9njEGzpLUp7JHRCObCBaUvSuYkH0nd8EycAIE20QsIpw8uozPPXwE6yLG+gZDNGJYjzfAF5dA66sYRQxn1ib48neew4GLLgKdPobPP/Ad/L1D11Z6Ltl1EcSui8HOHd0i/PH8fWcg/gRtbdHCTohoBEw2Z12V81JhAjgoKChom4hf81awa25H/PS9WfA1XVmXZAPu0gq9ROTPcJafy1BPXZGXjr00+cKwyio1wE0KMWLdOXWpQ3F5XuTNAvMKZSXvsvPBNRVAZYdWPqiVqzEVw/Il4PXNU83LfpSfl/vZeYV43QrQQosZV5AXe0A3wWTzHI/+tko3ErIdXii/XFuDv1j623uHhOJ3Jn+ZmlMwShpgHAE6+I90P0P/16YOK4Qr/lO7ArhyR6PWf2rsNvZ/C95ULlXijSN/TLxpwh0dbww70kuVLtntyh8Tb5B1oyN/fHYg2PjjOaFdttuQ+qil/82EPypv5I+wFf5oeKPmvfhj4M1c8cdTgT9V3hh2pJcqXWNvLW/64I/Fz/z4o0lNBjbxN921POIdtXwTb9S8F39sftMm3lHzQ/PGhT9a3kz9rcKfuvjGpqF5AyU6c+KN/HrYeCdvjkq8U07N3jWbeKeWP+dVvOPKm0JexxvPeKf9eKucCjWfH2zij1//DzveskgA4sJD2q9OHnsFTx5bSSdkiSECssnfdJKXkL2/F+mkcASRvt+XWDrJy9KdwBGJdIKYEVi2q5dzuYs33fFLDGDE0snc7BjGWLrDlwGM87QHOAEkpschvQ6jtH9YCg4sRBFOn3oZFy3uw1fOHcPuAwtITjBE43NYO7uCVzb2IDl7FqfjdTy/OcapU2dx+uWX8e1TJ/DDP/C9uPzSy6agyzwg3nEh6NzRHvhjSVvyxxTvpJWYMX+CtpxocRfEuZOzrsZ5qTABHBQUFLSNxK96M5Knv5AFXdUVw+WdwNU0lbryD9PPi+PMygpl83gvvX4hI1Of3zdKBcgBTamEUlrZcWDYEVXZuWlKM8PVFepTcyx50qdFC9zth0OQrBZQLtj6DjzVDworhU0rRMvVU/LGFcoGf1Hz3vYbmiMb4JW3dGr8Z+ropX5Hpf8NqWFF+rQbLP6Sl1OobqGaph2pentrUpOMOyLTtPk78JTU5D/eOyTKptsWsNvtL1y4siTfgT+mHZiu/NHxpuQPDXlj4E+9/Ya0JBNv9BVq/g5OR/6YeFNw42LNnXjjwx8Tb7YMf8rVsvGn3v6atHJCprnjTzUt1rxb/hh4M9f8UVITbzrjj3qBbvhTG++04k81Lda8W/648kbNW/hT/N6WmviTl2jxH994R9ME2tR4BRN/1A4z8Eb1A2feePAH+u734o+TGvCm7XjLyBv1752sQbt4p9IcM4p32vNG9TMLfzTmqLxR5gsdeFO0O/u/uYl3HPmjxDn9j7cceFNITfGOlTedjbcs/hONC7t/y3r0scfBmEDECUhicMbT3b0Q6e7ebMdv+rhnkU4AE9IJXz59h2++Q5gRiBMIBMblxK/IJ3k5E2BcThYDRAycMYAJ8GzGmXFAQOQ7kdP3AxNACUAxmOAgxpCITbz2xquwG2fx8pk9uO/oOt5y5YW44eBB/Oxbb8Xv//m3sGdpF4Ax1s6dxsunCaNkjEvZPnzqK/fjF9/5k5XuFjsPANECKN4ofIhqAzfij8KbmcU7zfnjxJugra/FXUCYAO5FYQI4KCgoaBuJrvyvkK+NTUT27GfkKwCTbCCV50Ua+NpW+lU+V1YIJtlATOTBJQojh+zHCM2KwHyVuIMECoMw4wphyw4E3x0JampcIYxqXlbYOaB3bIRiajvWMqCYXkb2pz7faIdMgxWpKPqPLu+zI0ux17QjQR7s0t++7wBu+o6qPG9ZIexjfyP/M5Ur6v0Fef+jxJ/WO9CdVihX+dPkftPyRsMfr/5vyRsq1KOOP1MD0Nj+0uW68r9cDv7ToP+9d2DZ+KPyps7+Rryp8R948qeWN6r/OfhPnd0O9vfrf/W8QVPeePIHir/Z4h0fw73549X/DeOd7O+Ryp/8n4P1v+FY5/JN/Gnx92eIeMfZ/mmc0Sl/6vzFwf+svNHZ5HBY1X5D6itj+Sb+tOSNzf8c452cP4Ue9zXcxJvS97b+74w3sq1r/Gdo3ujOtZRf5Y38fBjelMbnNbzJ79W68Vbt/WbmTTnfb7wz9RcH/ylmO/974yhL+VXeIOumYeKdut93kr0HIZYu0DQQ8PiLJxFBgIt0xy1DAk4MEQM4JWDI3gtMAhERIgaMkD7emTGB9FHO2cQvycc6A5Dv/GUCxBh4lE76pruCBXi2M5iyR06DkvR9wPI/IvB8ophAlAAsAYiBifR7EDCKxli6aRE/dfE1eP6eGD988yHceIDw6LefwhW7x/jm0WVArGIyWcRacgrRwghPL5/Ev3/gHH7x71QdIRnvQrK4N30MtEf/V461+J+JN/POn0b3TtCWE0VjiNECsLk+66qcdwoTwEFBQUHbSPyqN4Euvhk4+u0sCANAWbhXWAla2gmM9LE3uhWB2Qn5CsBKHsB0WKf82GBcEV1/Wi4loHVdkVspjtJP9e8Mksc3X5EO5bw8b1pSnFdQ/YFGyXsOMCtXm3ZXfZpfznVFsPuKdNngtXmTIxh3gOntr0i5rOuOALV70lT2u5LPj2++It3oP8WZ4lIqD1N7vN5+231X8R9T8UV/QI3/GFcEO+6IqeGNPK7WIBNvHOXNm1LqyhtP/miOM/mPeUuDlMV/fHmj5n15Y+SPI29c+WPquW3CG6P/2G/4Qm2BSo93xBv5hbYaqPGXPnhj4I82dY13TNri8Y6RN6786SjeqdzOrvzpYAeebHA1X0qNN8RW4I/GbzqKd8zckYfNgD9AjTua+OPIm0LFjPzxMcjEH1c58kbNW/mT/X/TJyyZ/KV9vOPAH4fmyvMm/mguW+YNOudNKd+YNxb/sbiliTd5vrbb5nF8pfJGVtjSHgaZ4h1n/sws3pHZMm/EPnX3b/rF808/jrXNBBERmEh353ICOEvAKX3cM6d0ApZTOrE7yiaCiWU7dLN39qaTtwTO0kc0E88eBZ3tCOYc2Tlp9RgX2QRxDM7Tx0kznqTfZY975vmjokX2XuBsUhkC6QSwAEYC44VF3LJ3hEse2IXLrtyPay5KIBYTvLQS4+kTx7HGJ1ihGBACxIFzK2exsXARnnv6MVx17Wsq/iOW9oOWX52DeGde+YOgbSBa2AERJoA7V5gADgoKCtpO4gtgl9+GydFvI9+RWxjgmFbqqTt4E6QBcHlFMPL39gpNcKYGqMYD1N990gWX+oBPWFJnCaVc0w6JaQHpxx4rkm2pSAcZ5d/T03pN23Q66C1kNakaIVNe53K+kDZZsdloB56s2dQjRDErCtW3Bfyd9b+hPOfyRSWvDOfyflbz+v533CFh9L9iG1errzWnZK96Exv8p80OTBf/s/mPwh+1W7zk0t+6cxoVqJ5g4k3hezj0f2PeGPhj8x+j/fW8gam/nfq/hj8Wf6nboRB448Af5793DvyptZ9ymwpn5P2Mvnij9T8Tb8z8cVKr/jekHoVreaOJd5r1f0/8yezM/74NzR+fHVCafDnemfJn+P43lOfBn8xNyvk63qhpp/yBcv16/tjtd+SPD2+c+SMvr/hLW9542a9rsMJnrcs38yb/Hh3HO2rqwhvVUAtv1Lw3fxrxxhzvVPynxB/493dn/d+2/AbxDnT93jdvCkZp+FLJ55L9LM/tgD+t452pOU34I3Zdov38yPMvZI9zBhgEOAic0gnhiAgjlr4LmBghYvK77DHO2c5dYumjnBnPJm25AIdIH/vMkb3bV+SPg56eIyePE3DOwSi9BjGRvSc4ffw042mPEEu7hkiAKP2xK53HTABEECOA7WRY5TH27BvhNXv24Mwyw/q3T+D5kyexTpuIiCFJIkBMcMneRXzxke/i5649XLgpUyWLeyAqcX7ZH6Yy8aaQ3+6/7wRtTY2XAITHQHetMAEcFBQUtM3ED74e8Tf/DQTSnb5pcAjIlXnFpdoEaHYCY5pHIS9Kp5YG1pXxDjThK00zar547cIZ5bxuQFUZYNX84qEsNTa+Iy873rxCXZ6m5qc116akT6HmlfNyVcyial57BUPBlgrJlZ55PlsZKss1rxid+o+2ura0YGbRkmL3Gru7fEY5X+qgqj9UtlypqeLwrjsUqivWZXPL77W9VU111VUsrssbHdJ6hSzVdVhNjSv+47xC3eA/DrxpxB+tHPljrUHBHxrzRk3lZSz+43q7K+fleatZw/DGviPPxBt1h4SdN6q/mXhjWgRVaos+eOPAHytvXPljqK4zf6xAa8CbGv4486bCHxNv1B0Snvwx8caVP9p4R0mb8MayI9w93tna/DG9E8/OH0zzpWoNx588Nao9f5q/k1M282z5Y75wXsH6EywdZ3onp50/in/AxJ8a7hj4U7Skjj/VBtNcoS/+mHij+o8vb9TUkzcVOfNGzVv4Y/IXF/6gxl8q/PHkjWKJN29cx1uu8bJvvJP7nWzuWfOG9HnTFTqKd9S/b+7xTnPeYLwDYvcBtUUAAC8eP5O/zzciAc7kRLDAiBhGJMAZA8lJ4WzilpMA5yzbsUtgnNJHO1P62GZOAOdJPjnMOUDZbmGe7QyWk8bEknwyOL0G8u/TR0qnbcyzmeB08jfzO2JZ/yRI4gQxFzi+sgyKd+LU0TM4sGMHLtm7hJeObmBECaLxCCMRYbRzjDET+OoTx/FzEsLF7l7cC4yWQJO17AMoDazesBb/2Va/7wSdL6LxYujaHhQmgIOCgoK2meiSm9M/qEIgyQcwVHonsBphyRV+6juByzuDCytUlbxMS8cXRg6iNJJAZQV8Vt3CGMmwAlhMD5b5NG24A+H7/xT8bbebG3PlWYgnPwTxn34PiawkALrzr8C/9zUQf70X8aeyJsF7wd/36yB8AckH3o7EYe0NNJ0AACAASURBVJzL3v0c2CFA3HMV4q85dK6wpOqxjQNo6RdK3meHlssKVEs6HaygUK7shmm+aptpB0Lheyj+4pL67FAoOGjjd+BVzTLYazi26wGUc/my32X5zfrfa0eoxt9MvJm2vTqonhrqxB9f3nj6W84boeY1/uPAG2+15Y1n+VXeZJ835U0j/th5M72XC/5TstfEn2kDNuJNHX80/mZ9woStUwbu/7blV3iT/7lqyB+fHRK5nxV448EfJ9549n93/MHW5I/j5c3xTnbcQPGOK390tg0S7zj7Xz1vBuNPW9WVX8ObabwjD+8o3immLeMdLW/UvJDupOn/HnhT2XE5NG9U+fqbc/kG3qh5lT+9xDvTtOIvvrzR8KdZ/7f9e1fPH6Pa8mawv3cG3lT402+8I8tJdh6A4KOKMStnT+PM6gTjiDBiwIgRCAk4BCKw7FHPAEMCRun3nAFRtvuX8QTEEhAJcMYRZRPAjFM6SRxR9p5ggEeiMOnLsgnfbAK4OImc7fzlHABiECMwIoDSx00TGAQTICIISncICwDrfILRhGEPI1BCOPbKOXztgRPY3HEOb9gzweZF+3Hk1BmcogVcuhThop0jsI017Nq1H5OVM4iWdpdbh42QjHeCba426H/U+11T/uTlNYx3PPkDNe8R7wSdLyIgvAe4c4UJ4KCgoKBtJn7JLWB7Lkdy5oU0rCLk7/yVMRfJPABgugMvzWb5mqV8Ij8rPb+Y5isLjSsRUc4XJIqHKQGtNl8pvXp5fZqtSJcHH78H4sXThZosAgcOgy56DeiWD4D2XQrxsX9WHFnmLTfd+SlPvR30Y4dAdz9TrriaXvgboKv2Ajidtjkp1yn8oKML6JWjq3lT98ExNe54UfzFlLesQLWmvitg1W+Vy5l2ABhTXbfl38t+V/PVHXi2HRDGHij+klG740JKyefl65vL6j+a4r38x7jjxeAvBUeV/lZx4HIPlVNv3hgaxMIb9Ww33qjV0fhP1tBqimK+zn+ctjDU+E+FN578MfHGlT8Vf/PkT6GhG/FHxxsf/ph448ofl+7Lj9f4j7qz05c/2htexx8pG288+eNQfD1v1HRW/EF9ftpg5Vyv8Y5anVnyR8rGn3Jrmc4297/FX9TUyBt5XEP+mHusnG7JeMeBPwZ/ceKPtqekbPwp2z873hj8p4Y3eb6ux1rGO/PBG1mugT+d8MbgPzreqO5YaK+K/5h448ofHW98+NNZvGOqsOo/ZRl5Y3JHNa3tNtn/Nf6TOWhpPO/BH/d4x+A/Jt4ozSvVPX8MvFHzBb+RFZT+Z+JPuf8NadHPdl6gWJced/zlF9MdvUgQMQbOBEgIRCKd+B0RYUTIJmEFIorT9wJnk7rE0oleYukjoaNsty4RSyd8efq+34gBPErydwUzSsAiyieBST4mmhE4kO4Q5gQgBhEDMQEigLF0CwMoAZiAAAMoggBhEQKT0SYuHm3g6ssO4PhzL+C//dtXg3aPsHxqFa/7s6fwtacW8PHnTuONh67ED1+6iudeIjxymvDKc8/h8tfeVG4jIYCFXaDl43POH8/fdwbiT9D5IxothPcAd6wwARwUFBS03TRaAi68AThzBKWdvHJlXiKQPutZXTmeRl6iuJRXTvYK5HnIfyJdJamTGqyWPiymNglLajlVN+CSBgmB/EcOnP0C4v/0oWqgfMG7wH7mo6Ar7wJ7yz9D8kXDSnmIUpXoxt8A3f0uiOL3AiiuVKY73gH5dCEIufpSMSxfAm62UZ+nvG7p5+X+7uodnNDmZT1sP7hovURvkIuv2OTpf1O/R+bvun6Xn/uuUHfcIaGsgJeVnvrb9EeRYr5kgHEE6OA/0v0M/V+bOqwQrvhP7Qrgyh2NWv+psdvY/y14U7lUiTcG/uRfG3Y81O2AsKUafzPtSC9VumS3K39MvEHWjY788dmBYOOP54R22W5D6qOW/jcT/qi8kT/CVvij4Y2a9+KPgTdzxR9PBf5UeWPYkV6qdI29tbzpgz8WP/PjjyY1GdjE33TX8oh31PJNvFHzXvyx+U2beEfND80bF/5oeTP1twp/6uIbm4bmDZTozIk38uth4528OSrxTjk1e9ds4p1a/pxX8Y4rbwp5HW884532461yKtR8frCJP379P+x4yyyxtFf7+dnjxzDGBkZsAQsxR0zrWECMiAgJTzASACcCUQROyCaF08dDc5KPZhbgjMB4As4Bnj3umTFKP6f0EdKcCOAxKJsQZhyIIgJEghGNwBgDsQmABIyxdIKXpUv4iRHSGWJCTAATHDEXYIIjIQZggpiPwUWCXbsTLPA13PAjDEtiAesRYe/eBfzwjx/Grnufx2ePreHw3gRvvO1G/GAU4aWXTmFj9UShTadKoiWwomO48uctH8LSnbeBnvtDrP5fH6np/x/Awj/6APj+ZzD5X/4uNlryByCM/uHdGF23C8n9P4C1TxLwlg9i6e23AU9+CKsf/sRA/DkIfustoNE6xLP3Ij5mPpJe/x6Mb78T7LILp7+3Tc5BPP8VTO7+CDaffMlWWFDfqjw9IKitwgRwUFBQ0DYU338N4qf+Mnun73TFXnkn8PTzUiqDfnUFu3WFcjktKr1+IQPNQbB8XipADmhKJZTSyo4D3Y6oQl3ylcTF80/+MZJH3gP+g38DdOUvAPTRfGWyPFFrzq7bQW+7GuIzz02/p0J6wa+DDl1SuAxVF+zX2g+HIFm5oLIy0/oOPCgrQAsrhU0rRMvVU/LWHRLlmlfy3vYbmiPr5/KWTo3/TB0dxZ0JpbzqL8XUsCJ92g3yeFkDJZ+XU6huoZqmHal6e2tSk4w7ItO0+TvwqrzR+ov3Domy6bYF7Hb7CxeuLMl34I9pB6bqDyb/UfzO/k48JU/6FGreyX5DWpKJN/oKNX8HpyN/rDskyjV34o0Pf0y82TL8KVfLxp96+2vSygmZ5o4/1bRY8275Y+DNXPNHSU286Yw/6gW64U9tvNOKP9W0WPNu+ePKGzVv4U/xe1tq4k9eosV/fOMdTRNoU+MVTPxRO8zAG9UPnHnjwR/ou9+LP05qwBtH/vjzRv17J2vQLt6pNMeM4p32vFH9zMIfjTkqb5T5QgfeFO3O/m9u4h1H/ihxTv/jLQfeFFJTvGPlTWfjrRp3WCg/3ljq9MopjBhhTMvgjIERRwQBUISFhDBGAqIEnDYRMUJE6YQuYwKMp5O4xET+Tt/0Mc8CPEofzZymCVgE8Iin7xfm6Q5fYglGjACku3nBCIJN3/crmJAvAQaIQVDaRmAJJiwCFwKCcQi+gZGIwBEj4REWd2xiPIqwc3EnWLIMTun+4KX9HBdcMcb6+gauv3I3rtgfgSUxdlyxExvLcRVAADBeQr6Josnf+6vejvEbfg8b90PLG3bne8D3I/+8C/5MRUq1uuOPnTc/hOin7gJfOof4U/ci/oL+KPqhD2Lxx28DsQ2Iow8jfv5FiJ2XgR08DHbNHRi95xbQv/0pbDxcV9Yc67Z/jMUfuhk4dg/WPvYxhxMOI/pb70F03UG366++hOSvP4KNLz/WqppWRWECuGuFCeCgoKCg7ai9VwICSCDyYExdIUiFFcmVd/0q+fx7ZYWg+s5gkQeXAES2Q1hkP0a4rAiskUBhEGZcIWzZgaCmYnpx4w6F1bX0mN23VsoVEFVzTnwLYs+toJs+APrMu7TvAqYffjsoWoN44RXQ5fvS67q0h1BSa4PVp8XgXbahLt9oh4zDimT9inZZL03eZ0eWYq9pR4I8uNLvQLsdUbX+h+mqaxT9R8lbdij42O80oNRdQ5vW+wvy/kfWbW79382O0ELbdc0bDX+8+r/OX3Sp0f8M/lI0skl/6xqhLrWdayzfwX8a9L/3Diwbf1Te1NnfiDc1/gNP/tTyRvU/B/+ps9vB/n79r543aMobT/5A8Td0Fu8YeFPHH6/+b8Yf+fdI5U/+z8H633Csc/km/rT4+zNEvONs/zTO6JQ/df7i4H9W3uhscjisar8h9ZWxfBN/WvLG5n+O8U7On0KP+xpu4k3pe1v/d8Yb2dY1/jM0b3TnWsqv8kZ+PgxvSuPzGt7k92rdeKv2fjPzppzvN96Z+ouD/xSznf+9cZSl/CpvkHXTMPGO+vuO5E2ysLNg+NSYtZU1RBGwMEkQjQA2STBiHILFiEAYkQAJgCcJOMndwOnuXw6ACwIoyd7bm6SfkQAHpXkCiCXZe4MZIkbgROCMASxJJ2cJmPBJWjWGbCIYad2z/wSjPGZkIBDGIB5DiB0AESYkEGEDgo0RjdawzjfAsAmBCaJ4DIhVEGPYuS/BGmLs27eI8UhgfVOAL4ywlCBnWVEJX4Qofu7NnwvB33wXcP+HprjP07dj9LrDhWvr4h15eb/+n16v3N/SL9ryx37vPIbkwXsgxmchXjYdcxtG338biJ1D/Gc/j/XPl3f60uvvwsLtlyHZqpO/ALDzIOjSQyB2mdvxb74Lozff5hEVHAK7eIzky7+EScMqOomF6cquFVo0KCgoaBuK9lwB0DQezHf+ApArAQWovEMY2Q5hFFYEpieWVgIW80DhczWsoGyNLU3zKB5miELyc5SA1nVFbqW4rG7adwYVTso/zwrIV57Lx8YsP4bpSmR5WnElsjTgQYinLwHdcDvorYdA96rvAn4f2HVXA6f+FOLYa0CXp5WqvgO4bK9tgFkZfsn+t6X55VxXBLuvSJcNXps3OYRxB5je/oqUy7ruCMjTkt9Jf1Dy+fHNV6RDOQ+K/6GSysPUHq+335hmqviPqfiiP6DGf4w7Ehx3xBQctcgbFI6rNciRNyZ586aUGnhT/B4W/5H8Kaaa40z+Y97SIGXxH1/eqHlf3hj548gbV/6Yem6b8MboP/YbvlBboNLjHfFGfqGtBmr8pQ/eGPijTSu88eTPEPFOfrwjbzT88eaNK386incqt7MrfzrYgScbXM2XUuMNsRX4o/GbjuIdM3fkYTPgD1Djjib+OPKmUDEjf3wMMvHHVY68UfNW/mT/b90x7smb9vGOA38cmivPm/ijuWyZN+icN6V8Y95Y/Mfilibe5PnabpvH8ZXKG1lhS3sYZIp3nPkzs3hHZgu8iRY1BhOS1RgjTnj4pdMY71jCa3cvYIkniBEjYmk9KAEYxeAgRBSBSKTvDBYEnjBQEoNTAkZJ9mjo7DHQIgETAiQScCHABSFC+lsXFwQgAYl0AphjI68TFVMh7WCA7H4isGQXYr4BJhJAcCREEAmDoE2MsYH19Q2w5ByShIOSEQjriJIIjK9hk43wxe+8jAsIuPLi3UC0DhFvgBXhIMuOxmlNTB2N8uFal7rsDozf8DtYv798G+Pt7wQvbszO/aEdfyr9X+jvUjm9xjsPYPM/PFB3AIA7wA4AWP0uks9XH/Msvvk7WPum5RLnm758H5K33Qa+0/0U8fJ9iPurEQCAOLeGt0F+ChPAQUFBQdtQtOsSFNfcJqK8E1hGfvnO3iyvrtATyTRIBAqDkiZ/rT1/4CtUxJz6FF4qT12hLG2bFpAedhXouu9NP3n1T2FbCZ9/+plPQlzzXtBNvwrc+w/S4wTSQenfejdovAbxtV9Fsuf/A5PXEVPD8uYw2q82GOV1KecLaZMV44124E39B8V8of3F4P1vKM+5fFHJm/xAzedp1v9eOySMK+KLbVytvtackr2Fm7pwRsV/2uzAdPE/m/+UdiRUu8VLLv2tO6dRgeoJst9l+aYdEpb+t/mLzd+sO9BRzhvtr+cNTP3t1P81/LH4i2mHQuCNI3+MvFGv78CfWvspt6lwRt7P6Is3Wv8z8cbMHye16n9D6lG4ljcV/jTt/574k9mZ/30bmj8+O6A0+XK8M+XP8P1vKM+DP5mblPN1vFHTTvkD5fr1/LHb78gfH94480deXvGXtrzxsl/XYIXPWpdv5k3+PTqOd9TUhTeqoRbeqHlv/jTijTneqfhPiT/w7+/O+r9t+Q3iHej6vW/eFIzS8KWSzyX7WZ7bAX9axztTc7z5Ey1oP56sJ1hOBP7zcyfBFjdw8fUXYc+uNSBJJ1wTRohiAGwClnDwrIYkEjCR7uQlbCJKCCwR4DwBE0gnizEBA4FhAh6nO4MZxSDK+i8REJROXTEIgBFIZPyVfcUASggESp+WxxhiEQOCA8k6WLyGmBiiJAJNdoMQY0lsIDkzwWiyinUsgifL2ESEhc0EtBmDgeETX3ke515ew9/7weuxd2kFJAi7L1H8BYBgo9TDKv5v40122IuPAZcdBn/zXaCvf6jQ32/HwusOAxsPIzl7M9iFKPT/DeDvfC+im28B2znOOuockm99GOuf+A+Y+uFB8J/55xjdfBg0BpCcg3j6U4WdoOU7FACin/kjjG49BIrS45OH/xDr//bjU3OueCfGd/4d8KuzYwBg+RlM7n4fNu57CXTHh7H0o+kjjdf/xf9Rnnj80Q9jx4/dDLz4J1j97d/C6Je/jOjiZzD55Z/Lp/fLOg6sA1h6DdgPHQQ0k8BlHUb0U3dV2+WvP4L1T/wJBIDRL6bvPxbf/CWs/rvCBLSs27Mfw8rvfKRwyX+KpV+4A3T2Pmz82vswsdif6mex8Gt3geMBbN59HPxtd4BlE7bi6L2Y/MH/is1j2TFL2SkX34kdv3EngGew8ss/V2Pjx7H+0TEW/sF7nCaBxZMfwfrvfryTPwe1ynfZBHWlMAEcFBQUtA3Fdl0EGZzJEE0gXR1ZXKpNhXS6Yk+Gm/L7LF8Y0KsLZ8vnlcd7stziglJS8qU0r6MSAOsGVJUBVs0vHspSY6LC9aNLwW59V+l4WnwN6JZ3gw7uBVa+AHH3s2lblaKhQhuJ6Wc48b9BPP3ToBveDvYWQvJF2ex3gV1/NXDqUxD3Pgd6e+E65VhaCa11ZlE1r73CtL+d0nyQOF0tCwDFHeBpd5hWjJb9p1JdW1ows2hJsXuN3V0+o5yXHVTqME1q8p+iw3vsUKiuWJfNLb/X9lY11VVXsbguX72g7QzlBF2H1dS44j/OK9QN/qPhTk1vVf3HxB+tHPljrUHBH7T8qfGXop+VUnkZi/+43u7KeXneatYwvLHvyDPxRt0hYeeN6m8m3lR+z6uoJ9448MfKG1f+GKrrzB8r0BrwpoY/zryp8MfEG3WHhCd/TLxx5Y823lHSJryx7Aiv8keedn7xp/k7yDHNl6o1HH/y1Kj2/Gn+Tk7ZzLPlj/nCeQXrT7B0XPN3kCv+ARN/arhj4E/REq/xlu4KffHHxBvVf3x5o6aevKnImTdq3sIfk7+48Ac1/lLhjydvFEu8eeM63nKNl33jndzvZHPPmjekz5uu0FG8o/59c493mvMGjKutAQBY3xjhqVPncCxewtmTGzhxeg2XjlewM1lEzGOwaAS+EYExQhJNMEkmYHGCiAswAhhjiMcTxBwAS9JJMy5AMSGOJ0AEsEhklRGASIAkARICmABxQCQxBI3AONJHPyeAIJH+mwlQNjEsAAghEMUTxHQSUSKQJGPEiQDHGEmyiYR2gWMdYvkcsLkJgQXwyQpWkv3gGxuINnbhgHgWx8Ru/PvvvIClC/bj2sk5LOzZjR+7QUMcxmF+B7B6w2rOX70H8YuHEF12B8Zv/J38XcD0jnT3r3jwIxCXfzD1EukfP/I+jL//ZmD5JSTffQhi/UKwG24D+773YnHyLNb++AGAAPauD2D8fYeAyXGIJx9GvHkh+NU/i1H+ulYq+QFd+R6Mrz6L5Il7kOAQ2PWHwW59Dxbe8Xmsf+olCAJGP3kXoqsAcfphxE+/COy9Bey6Q4je8QHg+M9h455PIf7+m8EP3ILoMBA/Lu0/iPEtNwPYQPLQb9WjKNdHED/7TrDDu8B/4o+x9AMPI3nkK5g8dA/iJzWTwT/6P0/b5TsPIdm4EPyG28BuuwsLk2ew9scPYPOBhxBd9ybQoXeC44F8gnr02uxR25fehhGAzexz/oZb0jZ64uOYABi94y5EV2f2P/UisE+xv/iqXXYLRu8AxIv3YfIdgB2+Dezit2L07rsw+e370kdg7z+M6LWHgLMPY/LYiwBsk9wAjnwM65+8DIvvvrP+yctHP42N3/0YEvsV26vCxqC2ChPAc6IEApNkgs0kxmYSY5JMEIsEcj0PgcAZxxIfY4GNEBn+mAYFBQW5iBaz98rmATyl8XG+tJWQvwO4MLMrlBC/8n3NDp3Ku4ALI4fyzmN5uiynKpGNNqbfGnYkSHN0K8ZFOuirTeX1Lr8L7HJDY566B8mfvCsNhIRk9rRWcuxRqH36v3s+CbrmvaCbPgh88b1pef/1T4MW1yC+/k+QCDE9TxRWA9dJWFL1WOcBvCrZj0reZ4eWywp4Szod7KJQruyGab5qm2kHQuF7KP7ikvrsUCg4aON34FXNMthrOLZx/7ctX/a7LL9Z/3vtCNX4m4k307Y3DTwMOxBU/vjyxtPfct4INa/xH11/t+3/trzxLL/Km+zzprxpxB87b6b3csF/Svaa+DNtwEa8qeOPxt+m/CnW2YM/A/d/2/IrvMn/XDXkj88OrdzPCrzx4I8Tbzz7vzv+YGvyx/Hy5ngnO26geMeVPzrbBol3nP2vnjeD8aet6sqv4c003pGHdxTvFNOW8Y6WN2peSHfS9H8PvKnsuByaN6p8/c25fANv1LzKn17inWla8Rdf3mj406z/2/69q+ePUW15M9jfOwNvKvzpN96ZlssLhk+N2VhZwXhhA5dHCb6LBA+fSvDkuQnuvCzCzs0YxDfT01iMOIrBIkCwGILFSDjDhLF0ApclSDggRgLEEgjOAJ4AESB4AjECYpZgxDkYExAcoAggTiBGiPkmEFFaXw4IStIm5ABjmG5+4Eh3BPM1JGKMBDEWVxNs8ARghNEGw3iTMI4ENs6sgG8sYBNnMD47xiQ6h28eWcTudY5T/BQ2WYR//tkHgSTdmfzynT+h6XBCu3cAC2zc8xXwn/8h8Df/T8D9vwkh3o7xrYeB1Qcw+Xf3g96XHSn/Hv3FH2Dj1AlM7v/u9DJv+E0s/fSbQFe9DQL3A+K9GL3uEICXEP+/78T6I5ljXfgPsfg//v10I0nuX5miY5j8m3dh49upX9C7/ghLbzwEdtWdEOL3AAhs/uVvQpz5FCZHpjdK9N/9KcavPQR2qwAe+zQmT/w8+OsPgr3lTuCxT6fXvuE94JcBOHkfNv/C1BZVbf7eeyF+5p9i9PpDoP03g7/5ZvA3vwdYPY7kyU9j8mcfweRYdvBf/CE2Th/H5OuFWdg3fgBLP/0msKvvAPAA8PV7kPz4m8D3H04nqB8DgPeAX5rtGF64GfztwOanAOA28CsPpm14f7pbePPzvwlx5tOYHCk0W24/gOIE8MIY4oH3YfUT96X5A/8Yi79yJ9iFtyDC76SPwL79g+CvPQRafQYbn3i/e8M88n6s330Qiz9heB/w8gPY/IP39/7o56m0tQhqoTABPCMlIsFExFiPN7GebGI13sC5zVWsTNawOtnAaryOzWSSPmoCACOOndEirtl9KQ4s7EHEliwlBAUFBdVoYQ8EqLLzVg4OCGnQK9/5m34/PTD9/YCyc2rS/MKatLDyOS2WlMPq/+hTqc6oLCAuLTDWpdVqFNJsRbo8+Pg9EC+eLlfg2N0QL3wd4plnsjYrjSyzsoo7P1H6HCd/NdsF/JNg3/9LSL72brAbbwXO3ZPu/iUAfDGvVPUdwNMfdHQDyupwS8mbug2OqXHHyzQtWFvNW1bAW1PrCliL/xjcUT3bmCp+V/Y32e9qvroDz7YDwtgDxV8yandcSCn5vHx9c1n9R1O8l/8Yd7wY/KXgqNLfmvKmnKKcnzaQvkEsvFHPduONWh2N/2QNraYo5uv8x2kLQ43/VHjjyR8Tb1z5U/E3T/4UGroRf3S88eGPiTeu/HHpvvx4jf+oOzt9+aO94XX8kbLxxpM/DsXX80ZNZ8Uf1OenDVbOOfLHWAuDu88ff6Rs/Cm3lulsc/9b/EVNnXf4evLH3GPldEvGOw78MfiLE3+0PSVl40/Z/tnxxuA/NbzJ83U91jLemQ/eyHIN/OmENwb/0fFGdcdCe1X8x8QbV/7oeOPDn87iHVOFVf8py8gbkzuqaW23yf6v8Z/MQUvjeQ/+uMc7Bv8x8UZpXqnu+WPgjZov+I2soPQ/E3/K/W9Ii34mElQf40q4+8Q5vGPvEsYHLsfZI09jY2MTL6xyfOnVVfzo7p0gLOPcaBkjbGK8OkZMHIiADQ5sRglEJLB4LkEUERKWIOEJiMWII5FO5HJKNx9HAI8IEwYQSz9jIwJFLK3WaB3EOUAJEFH6mWwfJlJTGCAgsMESMCxinRawkJwA2G5QLEAiwgZtYH2FsFOsQpyYYHLyJF49dzG+8ewy/uZNu3HkuVNYimMc2LUPr8brWNhB2Di7jMXxKGs2lT9ZbzTgT94Xj/4TTJ75S4wO/RgW3vJbWN+f7v5N7v8YJkQY5d0m/eCriB/I/IAAuvEOMJE9RJlT+vnth9Pd1scfwsYjBf85/hHEz78T7LpdhRs+09FvYOORqV+Il49D4BBo6cDU9kc/jUlu72vA/3/23jxokuM68PtlVvXx3edc39wDYIibBAY8QFIiKZIgJREil1RIZuzK6/XaojeC3rBXVDgclr3eCMduhFfLCJv6R1RYDIVXx1IrL2XQy+CxFAUKJEBiQOIG5sJcmPO7jz6rKv1HdVXXlXV093wzA/QL4MvJ7qzKfPle//pVZb6uY4eg1elbuq/b3/kRzjs/hzz8OCW+SRsw3utm0jqvfKXgouQJrL/4+1h/cRTjAx/GuPsYxv6jiLE55P3/kPLh+xF/8E9pLwL8GOun3SPlvY8hHW9s3qvfwTr12+4C9QcegxPfgccfRVbAOf63iGMfQt75zxB8GXX0cxjzwKUf0fYWdl/5ZuAntI9G9I+O/Sy2t/gLsHgWVQdGxhP8oLioH/xTWjv/lMq7D4XfsM5ifd2bk+0Sld1kcya3CgAAIABJREFUKIVkuAB8k6Rut1hsrvHGxhXObF7m3OZVrjZWWG/X3EVgu9VZAHaT6w0h2Ts6z39+5ONUZ48wZg4XgIcylKH0LsKsAAonkJkrVCemd5QbbCmF07nQUkKAo3AXabvPBvYzEBzcC6pARkJ04dPfAayTpCuZHM39SlKZ9/jg+BT4O5S982w8if3XX9FfcMV2Ind7cesqMqRO3XsW8IP/GibfixhvoJ75Egq3fzkx7Q8uuGM5NOgUfaMvd+uiOwY6wXsvO8TTdgAHZki7gzx2wSOCd0DC76cpOIj4sBf/C/SfbHfv9aI71HNmSET8zht019+6N0WC9ZAC2jsIOfzHcz+N/VPLHBkKMf9JzXiKfaJJ9Z8UvbX213GmB/8L80bDH/9tTcZDWgZEVpngb7qM9NCgQ3rn5Y+ON3TMmJM/RTIQsvhTcEE7rLemLCJ9+t9N4U+UN95N2Bh/EngTrRfij4Y3txR/CsqQP3HeaDLSQ4NO0TeVNzeCPxl+Vow/CaVOwV78LelcBeKdaP863kTrhfiT5Tf9xDvR+nbzJg9/EnnT9bfUX5goKtvNGyLRWS7eeG9vb7zjT0cs3gmXeu+6OfFOKn/eUvFOXt4E6km8KRjv9H+9FS5VtO431vGnmP2393pLL8JuoxKeA7zadFi2BVfsFkuGwZwssb8i2CdKtGhjK0m5NoJjjHKp3aRqSqbaklEEZQFSCiQKYYCUDsJwOgu8EiEF7gOBBcoQ7uJwReJgY5QkwvAWjMGQZRxDoCQIA/dnpBHdKRF0FoAdEALTArts0axN8X+92OKj+ytUhMPxxSmeulbh8bsneP2VdZZXDZ5c3OLJK5e5LvfyHy81aSmLk/VV2k0b2wHLsClLGZjTgNht17MK8yf4iqL9ve9g/JefQr739ylXj8LGj7G+/izeL9J4RlYI2PdZSr/xBcyd4/FFx84YVbniWt5uxT5p4caBT+jWG0kvh5rLD/xzyh//cPcZu0nqLH4Z+9zjyMP3Y3xmD+1vHMM8vAeaL2F/I8dPHCfKCeynTmA/5dbEHb9N+bf+IcbYMczHjtH+s+Pu84l/87eT5yUg9rMvoh7ag9j/GCYvIu88Cs4JnO/9FRz8EObuByjNg/3eowjAeaP7DN1M/YNSX+oJw0XE/vqXaI/9IaV759wXrCXsb3/JXcjfTlE3WtO3nwwXgLdZbOWwZTU4vnSCZ66/ytmtq1ytr7Dc3GDDqtG029jKoWqUadlt6nYTWznMlCfYOzLPZHmMESP+JTqUoQxlKIXEKAPdZ8QI3Njeywh2691nxvh14V7MuuGelyFM9zyB60xiO5S7lej1ngj06weHOa4tFHQXlUNxqIgEDfErzljGQVJGVGAs/k7iyPF+2VFcRPqNqyO6x/nPAv4NjIkpN/v3u+f9ueweEqlrJyNSpkrkhJGd4ZnPwAv4gXs/obtTOLxDPVqSXM/MkAiPPFYvrL9mOjwnFBn+499ACdg9Wk/zF82O9K4ZvPbeCCJ1v5/AcAPD1GWkJuubUupEmxHplr0/Ay9S6vyncIZEWPWsDezZ+gdOHNuSn4M/ugzMqD/k4U2o9E6T4T8iuSRaz6W/pgyJjjfJA+r9GZw5+ZOZIREeeS7eFOGPjje3DX/Cw8riT7r+KWXsgI7ccvyJl8GRD5Y/Gt7c0vyJlDreDIw/0RMMhj+p8U5f/ImXwZEPlj95eROtZ/An+H5WqeOP32OG/xSNdxKmILHUnkHHn6jBNLyJ+kFu3hTgD8nmL8SfXNIDb3Lypzhvot933gj6i3di03GT4p3+eRP1swz+JKgT5U1kvTAHb4J6d/7cMvFOTv5E4pwbf72VgzeBUhfvZPJmYNdbKe5gtyFhAXjNsXniyipXbZsNS3HZbmM1Fee2ajy92WbMNpCO+3DeS3abCi32VxQlQzFCibKtUFIhEShpUpENHNPApI2QEiElplSYwqJtOpQME6UEynRA2JSVdJ/1iwFCoYSFUiYYCiktbGVgKIktPb0cbOFg2AIwWa1L/t3ZNs9eMBk1LF7ZWGN8dJxTG4InXt4CWeKH15c5U19m8XnJ9bbDXqPFSlMg2m6Cl5IwXjbiAAKEY6N/BnBCGT+Da8WT/wrr5KOU3/EoBi2cH/4brI69uxx066XP/reYu8uwcQL75NnO6ReQD9/fvQfWarqvG2X3/CH/C/YdHFaEN6GWoMQXKX/qMaTZQl38Mfa1DffN+WOYB+YCDaH90+OYhx9FHv484mPvcJ9n/NoT/rN1+xV1+qu0XnuMkWN7YPIocJzS577YnZcTZzvjX8A4dn9Y7xNfxb70GObCUYxHP4/YDVz4Ma3F44g3zmLOH0V+8FOI2KJ1RP+rAf0Pzg1Is6JymfbXvgD/9R9SOgL2t79A8we9LrL3IWpbnjT8tpLhAvA2iq0cNtt1Tm1e4j9d/hnfvPBjllrrtB0bKQQVWaIkTcqyRNUoYzsOjlI4SrGjOs090wfYNzrPRGmY/TuUoQylf/Geo4tDJOPXfS65dxEQjDCDGcOQsuM4srU12M4P/gI7kJUI13NdUPp6BA5T3Re903Re6NQzMhCipX8+7wInZ4ZCoNeYOmMHESiczoD9ZwGPutm/TuBKyh+/6u4GTp+MSJnVNuOCIhi8e3OYVO8pQybHjuRk//LGlVAvkpEV0VeXkeA1TrV3LxkKqf5HckZCtJ6RoVBE/3wXlAnnSCzT/QXf/nTMls/+g8kIjfOnCG+Cqsd4k8CfQvbP4ktu/9P4S1DJXuydNAlpZdax2v5z+E8P9i+cgZXFnyhv0vTviTcp/kNB/qTyJup/OfwnTe8c+t9Y/0vnDb3ypiB/iPjbIOIdT9HC/Clk/974430fRfnj/3Pb7K9pm7t/HX/6+P7Zjngnt/7dOGOg/Enzlxz+l8mbJJ1yNIvrrymLirZ/HX/65E2W/+WMd3z+BCxeVHEdb0LvZ9l/YLzx5jrFf7abN0nHZvQf5433+vbwRuXkjf9ZTbveSv286XkTrt/YeKfrLzn8J1gd+PdNTsnoP84bOmbanngn5D/B+KZdh8oYYd4ozBGD4+dWaJgGO0qSNcfmStMBZYPdRrRsSiXJtGOwKMq0Glu8UYeFiRLjSmLYiqay2FIOFcOkJAyqjsFEWWAKE1OaLNU32TFWxsRGYWApA1sobNWmWRqlattUhUUJQEiwTErCwTYFLcdAYXJqfYNDU2NMKlBS0paSkmPw0voWZzcVV5uKRqvFSNnmyEiFpy8uohyD4ys1zq5u0MTm+UvLzExVMQ2Jaiocz1oO7Jqo+iwLidWg32cAe/f5rG98B/N3Po+sH8f65iXXLwh06zG0XAY2sX/wX9D8YcebHvsqI13Dop48jnrsGGLuGOVHFM1nO/af+wLG/vHA+cL29vyi+/gLb4wA4+6qVP1FrP/jS7RRwAKlL/5ZV0mPNz/9c+xfehRz4f1Uyp3n6P7wm7pJ0Mgxyl/8Z/Czf0HrqROR9x6ldHCP2+ubf+7OgT8v/4jmk515+cQfJiykXab9xgnMhaPIj7wfIVs4r33VPdf3j+McO4R88LdRE8AbPwosWk9E9AfYE9C/B/F+D7sygRGoFpPLtP/o1wa2uN6LKHv7njb8dpHhAvA2yka7xon1i3z97JP8ZPE1llrrWI6DAKpGmcPju1kYmWPEqHBm8wob7Rq2chgxyzw4e5iP7nmIqfIY0T02QxnKUIbSkwR3JCu3Ljp17yUpCARx3vvdHclKgAjsQHbfCNT9Drqlf+MpYUe0CrycibrAhZR/8Ri4wNLtyA10Fyi9HcCReuAg//VOB+k70bszFt1J7L/jbSFe+T3UU9MweRb13fPdHZ9BBUSgfYL+eS4wo7d7MjYUJ+wIz7sjOP+OdF+3tHrMclEF0A04XSKnzZsR4JdBP/PtH6n77XvfkU7kOCL+R6z0mkUtnq6/tuxIzH903Qf9gRT/0WYk5MyISeGN1y5VoRh/9FOVJHkzAJJLDW+C75PhP4ncibfT+Y8+pcGTDP8pyptovShvtPzJyZu8/NFZ7m3CG63/ZH/gA6OFmMUHxBvvjcRhkOIvN4I3Gv4klgnxTpr+MdF8fAca7/jtc/ImgT+FeZOXPwOKd2If57z8GUAGnjfh0Xqo1H4gbgf+JPjNgOIdPXe8ZjeBP5Dijjr+5ORNYGBa/hRRSMefvJKTN9F6Jn86fzMzxgvypv94Jwd/ckyXX9fxJ+G0Yd4wcN6E6j3zJsN/MtxSxxu/nmq2W/H6Ksobb8AZ86ERXbyTmz83Ld7xql3eiNYWih0RDQWHd4xz8s0NytLk4MwYC2XJ/E6H199sMV6usIJipGKw3ygxaZjUK1WuNWxmymPsUopVW1ESBm27xVTJps0YU3WbPWWHCqOUJGysbrFrcoRq26ElXDvbHXO9UR5hqmkzS41xs4xyLIyyQdWBuimptSzapsnJjRaHZueYUzZIk3ZZYDttLpoOI46BKaFmW9xZHWHVhlcuX+exfSM8cc12f3LagKplMSIlVUxQLf8+j1KKg7OTYTh0xiftlmsNnaEJNU9wKdHtZ/kPaP5Pf+B7u++aAUALwFlagp1zGB/7M6oHT6AmH0AuBDJwEQjxJ7RfeIzKI4cwfv07jBw7jt2ewzh4f/dRz7Hvlwh/gq8LgJdQG4/DxDHM3/0/kRdaiCMPICci7RQgjtN+/YSbTRt9jm5euf9TGPsPIQ5+DfPjl3GuncVZ3kBMH0IuHEWMANe+SfsJt7mz6M3Ln1I5eAImAvMSEfWNH+M8chQ508ny/V7njcUvY1/5HHJhDsES9k//JHDUi6iNT6Xo34M89R2cjx7DmPoQ5d/5few3L9H6iy/3ccKbJI6V3WYohWS4ALyNcrG2yE8WX+dnyyd5s7aIAuarUxwc28me0Tls5VCzGlyvXWOxuUbNalIxStw9dYAHZ45wx8QCVSPH78IPZShDGUouUZ1gv1MGdoZ6FzreTnHVueBydxbTCdi8Bvi7CN1nAQfqJAWl2uFkXNFojokei6ZtVueh/qI7lL0Lrm4HbjPdTmTC7VCRIUVe/+EXcZKuN4PtVVcxX9Wovn4ZnTDh9xmuB8pedoz3lIHnjaw7UypYVYHhF7F/UllE+vI/Favr/CBa90sF/T4TLzsDlMR6XP/AhzhwRMx/+snAzON/Wf4T4U/ULIUkj72Tjumpw+gByv/cJ/Mnp/2z/CXL3zIz0AnXtfqn8wadvXPZP4U/Gf6iy1AY8iYnf7S8iZ4/B39S9Re+ToEjfDtzo3iT6H863uj5k0v6sr+mLNB5Im9i/OnV/jeIPx09/e+37eZPkQyohHo43unyZ/vtr+mvAH86bhKup/EmWg6UP0TOn86fbP1z8qcIb3LzB/+6i6j/9MObQvonTVjgtb771/PGf58BxzvRMg9voopm8CZaL8yfnnijj3di/hPiD8XtPTD799t/D/EOSXa/0bwJKJXAl1jdF8/O3rED4E/f8U5XnaL8Ec2NxNfv3zPP355cRbTbTO3awd5qjf13mPz1iVMs1MZpSRNkmS3D5MzKdfaNzmEZ67zesqiXFE+vbLIwMcoO26A+YrO2YbOoHC6srzM3XkJQ55RysNe3uNCSjFRGmHeaCNNi1DF4tnaZ3bJC1axQkiVqjTbIJtI0kZbi2uoWdUewgWR9xaKiHOpGDWwLS0jOtWw2GaW1sUZJQhPF0ppiuurwRy+fh+YIpbKNMmG8UmGiLGjXGigEUriLs47jcHT3XOBDGZBWzfWwmP9n8Qb/AN9DU75vPKMqBNbX/iXiC1/CPHwI+eAhqF/C/u4PEL/6GLIzRqUE9te/RKv+P1J65Bjijg9hOpuoN/6cNo9TumOcIG8iQ0reO6K+SfPfH6Lymccxdh7D2Alq5ce0n99D6dihiP6gvvEDd5G10sJ58cvFkfTSv6D+lZcof+qzGAsLyMN7kIc779WXcI7/Ca2/+Cu8Hx+2vvavEP/N72AePoTx4CGoX8b+XmdeYif/KvalzyMPl1EXfxDKnm2/8hKlhfvdn5L+afCYHPoXlm/S/PdHqX72E8jdj2Lu3rw9F4Ctm5l//NYUoVRRjA+lF1FK8e1Lz/KX5/6Wp669TNNuM1MZ5+jkPh6YPsyukVmeXznN88unOb1xCUc5SCHZWZ3h0wce5Zf3vpf3zL8DkQTToQxlKEPpQdb+xaRPFC+clCJcF0Bwx54MtAuGd979iuAu7+AFflKGThBn0XBWRupxiQfAgoQLqtgFVtYdj0j53icwPvaLcO73sP/tV9LbB2/oPf4MxjvfAc9PYz/hNfsi8kv/G4IncX7/13IFrOIfnEMeAvXdgzjPZDTOo9YAJRreh2/oBKZDY/9BlJ6E7pcF+tPrn3wBFa8XKJMU7kkz3QxnyA2296D712nbc9mDv3mSVY9LwhGD4E2//paaoTBguUV4k1rmHGav/qbjTex+XkxuEG964o92hiP1iGyz/fvtf1t4s538SeLNQL5/ivpfdEIC9duYP5mfjluYP9n630z+5J7hSD0itzh/PPtHmxcZ/qD540lPvIkecdP4403gNvMmKjfY33rij2ZYgyo9ifKnd95E633yp4j/vMV4E+0/r7bbwRu17120j3wwptL3n/kJ//hPv4NFmamS4iN3TnJ2rc4zJ2uUpURKwbsfmODX9t7B//ytZ2lbbSqlMf75P9jJiZU5/vg/vAylOu/dOcGvP36Q40+cQxgW31qq8N99ZJaZ6RH+1//3Av/kQJWxMWhOTuGsL3Fx0WZ8ZJwnXrrK5++Z5a737OHFl69iNNvIis3MhuLOh+7gh6dr/PHPz1NzauyYmeSTs4L7dxxm6ezPufOD7+H3vv0a17a2wBYYoyaiJsB0cKRJtb1FzRhhxLRZc1o8PLuHtbZCbixypmGjZHcB+M/+q1/hE4++LzY/pWuvYKyc68n+/YqON6lf/zmH2S9visc7Q7mdRa1fR9XWb/Ywbmk59T/8uFD7YQbwNohSipZjsdza4Ep9BYA7JvZwbO4o755/BxvtOq+unee5pZNcqS/jKPfJAKNmlYXROR6auZN9o/MMF3+HMpShDFKUo/yVVi/D16ETSwkR2eXqRlheGX0WsBeBxZ59pzoZxgk7VoM/saTLPNZfkMV3ADvQ3YkX3anr7xgumIHw9ONYTwfjzPB5vKjTr3fu+osn3oP1RGi4wFewf/8r4dcyImD1fx/wdyDmEpVRRtv2HEB7dozUi2RoaXcg5y89D/BtkfsZVboMhMD7xO1dOCM3rX3AQXt+Bl5cLY2+mraDvoDK3b9nd6//3uxfKCM0wd90vOnOfX7+eOZ0qz3ypqC/+bxR0XqC/xS54s4r/fKmYP9x3nRe75U3PfEnmzfdz3LAf0L66vjTncCeeJPGnwR/6/InOOYC/Nlm+/fbf4w3/tdVj/wpkqHl+1mANwX4k4s3Be0/OP5we/In5+n18U6n3TbFO3n5k6TbtsQ7uf0vnTfbxp9+Ja3/FN5EM4wHFu8Eyz7jnUTeROvKc6cE+98A3sQyLrebN1Ep6m+5+9fwJlqP8ueGxDvdMuYvRXmTwJ/e7N/v9106f7TSL2+27ftOw5sYf25svOP3U1sOKN5V5r47j9CyLVAGm02bH75ymUVrAkM5tJSNcGxeer3NtQsSbEG5YuDYbZ55cpULTpP7p212l/eyMGbx2YMTPGk1qdgl7h7Z5P7p3dw7tsapsRL3txXYbWb2Oay8UOMdxiRjOOw9MsaGNNnVvMTMmgMlxYRjML57AjHT4NFdY7QOzrJsj8FohV1jFu86YHF1fpaNneM0lIEhDETJRNiKtmxiOAZYLWoGGI6FsuDu+Wm+8JmP8q//7V9xWVkgTIToGu3BO4/4LAtJc5OenwF8I/jj99djvFOQP0TrBeKdobx1RLWbN3sIbzkZLgBvgzgoGnYLRznMlsfZu+tBjk7uZf/YThYba7y2doGXVt/gan2Fut1ECMGILPPA9GE+vPud3D19gJny+M1WYyhDGcpbTQK7p0Wn7padsEtEM367T9lxw65uQyVAJD1UDfc4v32g9F8Ppg2HmgUvFhKGHwlodc/EC/caP31yqXtGVaAevJIUkbrfPiUCz/1MvGjZkcANnaSAPn65FaknmCvreiFUJj2jiq5dld+bpq4zgN5i4TLzmVQZ/hM5XdTdMkeRZC7//QR/IewXInKCzGfgRcuI/3Vv6Gn8JVrXPaMquXW8ntB9If8RmmdU6fwl5ZlUYftrSu0HnnC9O0HJE5LBm+jR+XgTHY6eN9EyxJ80/xk4bwryR8ebvPyJ+VtB/gQmuif+JPGmCH90vMnLnzzm89sn+I/uGXh9P4Mzyh9PsnhTkD85uk/nTbS8Wfwhvd6dsHAtJ3+0o9C4+63HH0+y+BOeLd3Revtn+Eu01PLGa9cjf/QWC5e3ZbyTgz8af8nFn0RLeZLFn7D+N483Gv9J4Y1fT7NYn/HOrcEbr18NfwbCG43/JPEm6o6B+Yr5j443efmTxJsi/BlYvKMbcNR/wqLljc4do2Wq2XTPAA7Uvet3Eazn50/+eEfjPzreRKbXk8HzR/cM4Eg94DfeAD3/0/EnbH9NGfS/jesI20IZpYCGgl1z8xyZHOPU9U1aGFxqljDaLdoSDGzalGlhcn5rhXZZIE2B4xj85E1F3VxCKIcNa42lhsO//A8XObEFk8rBLkmee63NZqnGYqPGKVXBaDSQJ7e4tGixVbeoVDepWhUOiho7bZNmSWCMSMySYtxusmNmjrFrNab2WNQsKJUbmKLBkZlJymMt9jwwwWcMh782bJSCuu0gBDjKRimDlqoghYNyLNo1ePLFk1xv2WwpQDnguP559/wYe3bsjHmAsFvI1ia6ZwDfOvwpeH9nm/gzlLeKKBguAA9chgvA2yBuBnCbcXOEe6YP8uDMYeYqU6y3a3z7zWd5fuW0n/kLgqpRYmF0nkd33MsnFx7hwNiu4bN/hzKUodwAUZ3gLbJj01GdFV9vpx6RHePdHXn+LxOozh9v0dchcIGVezjxSDTPMWllju78ekd99w3dDuVIPU/mQ95SuXMWLD1FohnHoUGn6Bt9uVv37Oi9HrR3gR3iaTtAAzOm3UEetEDSAlOW/xSwd6YU9L+Om/iV8Gg1/pJh736fAazzl646AaU8BbRXgDn8x3M/jf37fSZVzH9SdwDHPtGk+k+K3lr798Gb2KlCvMnJHx1veuFOEm80GemhQYf0zssfHW/omDEnf4pkIGTxp+CCdlhvTVlE+vS/m8KfKG+8m7Ax/iTwJlovxB8Nb24p/hSUIX/ivNFkpIcGnaJvKm9uBH8y/KwYfxJKnYK9+FvSuQrEO9H+dbyJ1gvxJ8tv+ol3ovXt5k0e/iTyputvMf6kxTdZst28IRKd5eKN9/b2xjv+dMTinXCp966bE++k8uctFe/k5U2gnsSbgvFO/9db4VJF635jHX+K2X97r7f0Itp1xMZ11PRC7L0P37mX166dQUgLS5gIKREGlJXNzlKFvdUSdqXF5Q2HVVtQRnHIBHMMRpxRwGHGqWBdbvKekREmkBglh4n1LZSyuH/MZL5sUxKS8RWbXdURWiUHs2ww5Qh2jNqU6jZMCcplgZQCzCbVep0psc6hqQaqrTBL7ue2tNVmdFOy8/pVPr1Pce41BXvm+eHldZB1pkuTrDS2ENJBOmALA2zFrqpgtFxio27TgQ4AHzm6N2D8gAc01qDdCL/cN38yyj75o4t33EHcZP4M5bYU1Wrc7CG8JWW4ALwNIoSgJE3unT7IgfGd7B/dyQsrp/lPl5/j+ZXTXG+s+j/7bErJXHWSjy88zAd23seB8V2UZSmzj6EMZShDKSoK4Wb4KuGu9wZ2CnslEArWROcF0Tk+HM8Jb924u+uWcKymu95z++tWFH58XEShQAfeBY2u54SMA01GVCxzU1d6cxQs8ZfIA+01dZFcBjXIrz85guRoB+GOVcDe7umT68GMhfBO0fgO0fDwIvXMDInwyGP1wvprpqPju+GUzgT/8S9gwnYnZn9NqdmR3jVDhr/4/QSGGximLiM1Wd+UUifajEi39Oyv9Z8E3iSWOv8pnCERVj1rA3u2/oETx7bk5+CPLgMzL3+SeBPyhx55o+FPuv6aMiQ63iQPKJM/Sbwpwp/MDInwyHPxpgh/dLy5bfgTHlYWf9L1TyljB3TkluNPvAyOfLD80fDmluZPpNTxZmD8iZ5gMPxJjXf64k+8DI58sPzJy5toPYM/wfezSh1//B4z/KdovJMwBYml9gw6/kQNpuFN1A9y86YAf0g2fyH+5JIeeNPv9ZaWN9HvO28E/cU7sem4SfFO/7yJ+lkGfxLUifImsl6YgzdBvTt/bpl4Jyd/InHOjb/eysGbQKmLdzJ5M7DrrXT/EZtXIWEB+GMP3c1XnzqPLSzunCmzQ1W5WG8ybxg8Mj7KfFXRMqv89foaTdvhoakRfm3CxBwZY8wug9FmDBNlCsq2xJAlyqJFSbYYxeDwVImKaWEIA1ModpcqSBpQMqk4oKoKE0l1voUpFMIooSoWzc1VZLXJWMVG2gJlgjTKYLcZpYR98TL37pcceslhx/QMz1yrUUEyNVpl3a5TVQ0aVLGEQ021mC0pRksGlXqJFi3/c//xd93bcaDwvMjGOiIIpYHxJ8Kbmxbv9M6fXLwZyltDWvWbPYK3pAwXgLdBBIIRo8LukVkadou63eTc1jXObV1jqjzOXGWKidII85VJ5qqT7Bud5+HZoxyZ2DPM/B3KUIZy40QpnM6Fi9O5UHI6F1JePRzExXf6RZ8FHN0h6AaX3nm8dp3YTQXO70V4QvQc4CkCF2HaHcIZGQhFMxKipXaHMPG6N+DcAX3OSQiWWW0zLii6p/HsmFzvKUOmhx2pBP0nqV4kIyuiry4jwWucx95FnwHc6zOq/HpGhkIR/XvyP12/Kt1f8O1Px2z57D+YHcqBuRs0bxL4U8j+ffLk6fxzAAAgAElEQVRGBMaRxp+uAvSsf+h0g/I/X3L4Tw/2L5yBlcWfKG/S9O+JNyn+Q0H+pPIm6n85/CdN7xz631j/S+cNvfKmIH+I+JvHm/7jHQ1v0vhTyP49xjud76Mof/x/bpv9NW1z96/jTx/fP9sR7+TWvxtnDJQ/af6Sw/8yeZOkU45mcf01ZVHR9q/jT5+8yfK/nPGOz5+AxYsqruNN6P0s+w+MN95cp/jPdvMm6diM/uO88V7fHt6Ers9TeON/VtOut1I/b3rehOs3Nt7p+ksO/wlWB/59k1My+o/zho6Ztifeid7fCfJGrF6EfQ/FJuhDDz/M/onvc80q8YmdM+xW8NKGZN+I5EOjY8hSg/V6hZ+P1Liz4vDre6d5V8X2tTVkG1PZKEOAYWEZBlXlUFIGwpS0TJsyElFSCKONlBKBjVWyKasKyrQYEWM4pTpCKUTJQJk2beqYk4IqEqSBZdruArFqY6IwjRblUYM1AQu1GvOlNuU2SNnCNBVHMDllmlhbdZZaLb7/8hvU2hZjUtFGYSPYO1HhQw8/5HMsKKK+goq+PmD/0/HmVudPT5+dodyWopq1mz2Et6QMF4AHLcrp/lsIQCCFoGKUqBgmphBc3bxGo7bMdKvB4fIUs+VxdlZnODy5h30Te9g1tpPR6pS702goQxnKUG6U+DsAO2FWYEdgsFTEnwUM4G/Zo7sD0D0gUKfTQajs9h9+O1rPGH8koM27IzfWna+DSq53/va6I53IcX5dt6XYH2D0Bk2kXvACM3a2rrnSS/90eXcE59+R7k14al3nENoMsGT9YxI5bd6MgKh53NKze6Tut+99R7rWf4IrxaHSaxa1eLr+2rIjMf/RdR/0B1L8R7sjOGdGTApvvHapChXlTUQK8yZU5uVNQf4ktNP5jz6lwZMM/ynKm2i9KG+0/MnJm7z80VnubcIbrf9kf+ADo4WYxQfEG++NxGGQ4i83gjca/iSWb/N4R8ubvPwZULwT+zjn5c8AMvC8CY/WQ6X2A3E78CfBbwYU7+i54zW7CfyBFHfU8ScnbwID0/KniEI6/uSVnLyJ1jP50/nb6y8s6fyl/3gnB39yTJdf1/En4bRh3jBw3oTqPfMmw38y3FLHG7+earZb8foqyhtvwBnzoRFdvJObPzct3vGqYd7ItUvuoubITKz933vPAZ546Tx3tiZ4s73Cx+enGB+VjDdtDHOU8WmL3x2bZLRUYQSFdABhgxQIKjhCIaRCihGqQiBEFdtoghSUDMBUCCnAcNz/hUlZKqRpg5S0zDpQQghFuWwghEAK2/05aAOEtCgZEiEkUsCYsLAx2QKulA0am2vcOVLiTLvNZNugYrR4pLIHMVHj5IabUPF3l9cYNR12lkw22gaWhF9/6Ejgg9D1H9ncQNZXESF/SyiD/hKxwODinVuVPwzlLS7Kag2f/3uDZLgAPEhRDtgtsC2XT6UqSIMg1KrAHcJgp6jySdvE2LiGtC9iGiaVsR1UJnZRnt4Pu+6D8R1QHrtZ2gxlKEN5i4uKXlEEnv2LEMnPAvaOBfeCSYlQHOZflPQSnBW8wecfEyjdZw9r2mZ1HupPlyHR7dB9ucCO5KxSQSwDtJNK49fpXvQGqglldBKEP+ZwPVD2smOzpww8b2TdSxYVrKrA8AvaP1YWkb78T8Xq4Quyrp2j9WT758yQ0PpfcI7jw09UJ6SvIPwh1vhPPxmYefwvy39CGQlxsxSSPPZOOqanDqMH6HgTeJ8c9u+ZNxr+ZPmPVv903qCzdy77p/Anw1/SMhSGvMnBn9zfdzn4k6q/8HUKHOHbmRvFm0T/0/FGz59c0pf9NWWBzhN5kxDv9Gb/G8Sfjp7+99t286dIBlRCPRzvdPmz/fbX9FeAPx03CdfTeBMtB8ofIudP50+2/jn5U4Q3ufnjnT7iL/3yppD+SRMWeK3v/vW88d9nwPFOtMzDm6iiGbyJ1gvzpyfe6OOdmP+E+ENxew/M/v3230O8Q5LdbzRvAkol8CVW98Wzs3fsAPjTd7zTVacn/lht5MoFbH8BuCuf/+D7+NpPX+GFiXVmSxXm5Bhlx6JRVpimoKJMqqMGYGMrB5SNEE7nC0ghhIOQCiEUjgRDCBxRRkqFIx2XM1KCEAgJCIktFQqFFHTXqqXs/PqdQAmJJdzHpIFCIBGYOKqMROAwzvhshX0jaxxdmOY98wa///IqG+1x3skW4xWD39x9D3907ThnawamsGk6bSaqEzSbbYSw+PwvvjfsB50JlluLYLe63hPz/7y8CdTf7vd3hnL7SWPzZo/gLSvDBeB+xWmjaquoreuozeuwuYhq10GAqEwixuZgbA4xMg2VcaQ0GTGrVKvTzI3vRNkWamsRtbUMG9fg+knUyAzO4hnU3BHE7CHE5B5EZRyGGcFDGcpQBiqiE56Fd4QGd+h5ZacZoPz3/eMIXM8Iv0noIsGre5nEwXhPqc46s3c1Jzrvd0oCrwfHHguAgysm2guslDseka3G2mfkddrrd6h7h0XrYTVipUguidaTpoMktUS8nngGTccZA/J2evr1zs5Qr1/9jlFvWNEMiZxlQM2gJkHzas0dPiJcDxko7g+xlKtoGbyTVCBDIb5j3Ztu7/1Ea8XLpOFGNE6rax0y8wydMslgKSOO+U/uHeoa/wlPf/jjrymDmiTxRy8p/MnLm6g/9MybaOmdJsN/8n7cI8f59Uy1toc32Rl5Ot5EMySyeRP1Nx1vYvfzYnKDeJODP5m8ycsfzXBz8ycTaD3wJoU/uXkT44+ON9EMiYL80fEmL3+SeBMte+FNRkZ4/njn9uZP788gp1sPDWv7+OOXWumfP70/k9Ob5pvLH/2J/QGmH5BhON0zObP5E/EPdPxJ4Y6GP0FN0vgTn7CEM9wo/uh4E/WforyJlgV5E5PcvInWM/ij85c8/CHFX2L8KcibiCaFeZP3eitvvFw03vH9zpvum80bkVzXnWFA8U70+y1/vNM/b8TSWVh4MDozHDl4gF+9Yy/XLta4YtrY1Hn/jnlMFFUlsEw3k1c6Ckc4SOVgoBACDKEQQmBI3ExgIbCFQArDreMglEIoiXBAOcLNHFYKlINUAhyFFBKhFIYjEaKzlKkEwptHZSCkgcQAw0AB5lSbf/zZO5mrCKbKZf6XBYsnXza4cKXK3//ILq5v1vnYrlm+/uYmH9g7i7Bt1psOYs3g0/ft4q6DhxLNLWtLiKg/JPGmCH/eVvd3hvJWEDVcAL5hMlwA7lkUtBuo2hLOtddR10/gLJ5Grb0J7ToIiahOwdRexMwB5PR+xPR+mNgB0oSJnQinDZVxWJ+A9cuotTdRG9dQqxdRS2cQs4eQu+5FLrwTZg8ixne4i8BChkeiFI7T/elpKaX/umVZKOV+IZZKpdAXinecbds4juO3k1JiGIb7nIRYQKLvUwjhn8+27dj5DMPInFXHcXBsG7szHu8cQLhUCiElsvN/dJxKKV+voG5CCH8sSbrZynF3lwFSCAwhA+FgZA5QOEqF2kskjnJwcMeeJFIIpJBI4YcVOErhKAdL2RhCYkpD229ULMf2jzOEREb8YyhD0YpSOHjBlxsQx+rKvTAPB3ORncyEdwwKwjsF3d21kXaErxy8HYhundgO+ITBE343kJHQOdaru+WAMhAipRd1+vXO576boaIINIuqkP+KO6+ojDKr/9zi2TFSL5KhlWcHakbZvVgh0K837d16XDddBkLgfbLt31eGQsBBe34GXlwtjb6atoO+gMrdv2d3r//e7F8oIzTB33S86c59D/yBLn8GzJsYf3zeaPgTNMStyJuC/cd503m9V970xJ9s3nQ/ywH/Cemr4093AnviTRp/Evwt8xcmsoyyzfbvt/8Yb/yvqx75UyRDwvezAG8K8CcXbwraf3D84fbkT87T6+OdTrttinfy8idJt22Jd3L7Xzpvto0//Upa/ym86cY7XvMBxTvBss94J5E30bry3CnB/jeAN7GMy+3mTVSK+lvu/jW8idaj/Lkh8U63jPlLUd4k8Kc3+/f7fZfOH630y5tt+77T8CbGnxsb70Tv78jVi8iVCzgz+wMT4cpvffQD/O4ff4tmY4u7ZiZoOu7Cr1IOKIGy3XusAjeRQCqFVCClQioHSWcRt7OQLaXCUAJvk4jb1j0HsuOLhkQ6IGzhJghLibRxzyEFjgBhSKR0M4KFkAgBwrudLSwOTJUZcdoow2T/1Cgfv1Px5TObTM+UKJcsjs1VuYjiN+9ZoL7Z5HunLjJuwD/52C/4/AqK3LqO2LpO4j3kbfO/dN70fH+nIH+I1gvEO0O5vUU1t8Bq3+xhvGVluADckyhQDs7iKZxzP8Y59QOctUvQ2kQphTBKYFZQ9VVYOQvnfoxTmUDsvhe572HkwjsRE3sQ0wfAboPVgOYGzvpl1NIb7mLypZ/jvPlznKuvIi8+hzz8AYzDH0DMHgSzGhqN4zjUajUsy0IKwejYGFJKWq0WS0tLNBsNTNNkz8IC5XI3i7jdblOr1VhbW6Ner2NZFuVSibGxMcbHJxgbH8M0k12k3WrRbDaxbRvTNCmVy5RKJer1OhsbG6yvrdFuW0hDMjkxydT0FGNjY9oFZU+PVqvF+toaW7UazUYT27GRQmKY7qKtEVjsrVQqjI6OMjY+Hlpc9ha+19bW2NrcpNFo0G5bGIakWq0yPT3N6NgYlUolYlXFplVnveU+cHzMrDBeGqEkTaKLsQqF5ThsWnW2rAaOcpgwRxgxK6y3azTtFpZy8ENK5R4jhaAsS0yWxqgaZUrSHXfTabPRrrHUXGeqNMaO6jSm1C8+B2W1vclyc4PxUpXJ0hjj5kjmMUMZCoASnZ+3EZ0w3N8hGq1Hd/Z5vwzdaagCe7M7r/s7BemcsFP67TrnTS4J1zUS3TAsgtcTXj38UuLpk0tvR7rX3ttBHKgHryRFpO63T4nAc20pTjq+I4EbOkkBfaR1vN41X7hMH3W31Ga8dEtvxhPrGTtQM8uiO2Cj70ZOF3W3zFEkmct/P8FfCPtF3gwIrQUi/te9oafxl2jd7z95ujL9J6H7Qv7j7zyP1HX+EnBUz99iDhy2ULgszBvNhGg+nroMgHy8iQ5Hz5toGeJPmv8MnDcF+aPjTV7+xPytIH8CE90Tf5J4U4Q/Ot7k5U8e8/ntE/wnmtlZlD+JH/gk/niSxZuC/MnRfTpvouXN4g/p9e6EhWs5+aMdhcbdbz3+eJLFn/Bs6Y7W2z/DX6Klljdeux75o7dYuLwt450c/NH4Sy7+JFrKkyz+hPW/ebzR+E8Kb/x6msX6jHduDd54/Wr4MxDeaPwniTdRdwzMV8x/dLzJy58k3hThz8DiHd2Ao/4TFi1vdO4YLVPN5tk/xX+863cRrOfnT/54R+M/Ot5EpteTwfNHw5toPeA33gA9/9PxJ2x/TZnkb8pBLJ6Gmf0RbeGRe+/l4w88z3OvXmfeHKdm2UjhYAmQbXfRUAgJUiExkI5yFzE694ml42B0+hICDOllCSv3+cDS/blnaSh/AVhIkIarn/sL0cJtJyV0FoAxhJ9Y5eJAYBgmAoltOJi2TcsxQDgoYHqszUqriWU3KUuDOxfGeXy8yp2zBq3RUZ473eLx+/fw7vvvTbScsXW9OzO3BX8K3t/ZJv4M5fYWVVu/2UN4S8twAbgXsVqotTdxzv8E++TfoK6fcLN+S6PIuTsQE7thZNJt29hA1Zfd8vpJnPoq1FeRB9+H3H0fLsUdsOeRYztQU3tRswehMoZz4VmcxdM4rRo4FlgNjLt/GTG1x18EdhyHrc0tXnzxBZYWFymVSjx07BgAly9d4vjx42xubDA3N8+vfOpXmZubw7Zt6vU6586e5fSp01y5coXNzQ1azRYImJmZZf/+/Tzw4APM79jByEh8QfHqtWu8ceYMy0vL7Ni5g71792KaJufOnePEiRNcuXyZRqOJaZrs3LmDu44e5ejRo+zYuZNyuUx0IdhxHK5dvcq5c+c5ffoUzWbTzUIWkkaj4S5Q2zZjo6OMjo5iWRY7d+7k4KGDHLnjjtAYV5aXuXDxIq+9+irr6+s4tk2pVMZxHKQUzMzOcvjwYQ4dOsTE5CRG56c8lFK8unqeny69DsA9Uwd4cOYIs+UJTBnOXraVw2a7zourb/Dy6lmaTpt3zdzBXZN7eW75JJdqS2xZDcbNEcbMKqaQrLa3aNptytLkwPhO7prYx8HxnZSkyWpzkxPrF/nZykmOTuzjPTvuZro0Hus3KO4itM0LK2/w8+VT3DN1kHunDwwXgIdSQOI7NREi9VnAXnCmvOM7QaAblKluUKb8F7s7f9NG4gWz0Ug0W4V4mfNY3QWXp0vyDuVIPWnne6h9gVJBLEPLv6j1dmNGFPO3gKdPT7zuatKdNte+g34GJ4l1AroELJC0wESW42gU7UWSroSymgf6D49W4y8Z9u73GcA6f+mqE1DK/8wm6C26OkV1JnBG3/009k8tc+wQjvlP6g7g2CeaVP9J0Vtr/yTeoGmbIWHe5OSPjje9cCeJN5qM9NCgQ3rn5Y+ON3TMmJM/RTIQsvhTcEE7rLemLCJ9+t9N4U+UN95N2Bh/EngTrRfij4Y3txR/CsqQP3HeaDLSQ4NO0TeVNzeCPxl+Vow/CaVOwV78LelcBeKdaP863kTrhfiT5Tf9xDvR+nbzJg9/EnnT9bcYf9LimyzZbt4Qic5y8cZ7e3vjHX86YvFOuNR7182Jd1L585aKd/LyJlBP4k3BeKf/661wqaJ1v7GOP8Xsv73XWxnSaS6vn8bZfQ9qYlesyT/6+C+y+eYPkEiWrSZl5VAxJCaKdmchF6kwhEI6CqMzTkMoDNysX3Dd2hRgCPxn/LqLwgJpu6CRhnB/kVG6vw4pZKetdH+lEQlKKIQhwP3PvR0mcH+lUSksw6HkgC1KCNxM5IbdZt2CelMiWg5TEyXuNw2U3aJqVqgIm//+0x/rOnSQQ40VxMZVVNfwgfmOl8X5k1H2yR9dvOPrcjP5M5TbRlSrDs3azR7GW1qGC8BFxW6jass4F5/DfuNHOG/+HFCI0Vnk7GHk4Q8gZg8jRmdBCFR9FbV+BbVyDmf5DM7qBbCaiOo0ano/ojwO0gCzgjAr7jODp/YiKhMgJKq1hdq4inP5BVRrEzG1D2mWEVN7/SFtbm3ys+d+xskTJyiVTGbn5rGsNq+88go//Nsn2djY4NChQ3zoIx9menqaer3OhfPnee211zjx2ussLS1S26pRbzTY2tqiXC6zsLAAKO697z727tuHaZqhRdurV67w7LPPcvL1E9x555088M4HkUJw+vQZXn3lFa5cuczW1ha2bVOpVLlw4SJbm5s8/MgjzM/Ph7Jv2+02y8vLvPLKK7zw/AtcvHixk6k7RalUZnV1latXrnDp8mXGxsaYm5tjfHwcy7KYnpnBttyfm7Ztm1qtxokTJ/j5z37OqVOncGybkZERJiYnaLfb1OsNHOck169fp1arcdfRo0xNTVEql1HAa2vn+cb5pwBFY+97ODi2i8nSGCbhhVhHudnCL66c4f978xk223UMIdhRneLZxRM8v3Ka1dYmd03u48DYTibNUS7Vl7jWWKVuN9m5Ns3qji1MKVkYnWeltcFr6+f57qXnWJ3fZO/YPKMT1dQFYMuxWWys8+zi63z70rO0HZtdI9McHIsHVUMZSrLEdwznKvHitm6OuvDOF7zOjO1QJtQ+GMMJIm8Gy7wS6sC7oAn2EB5JLONAkxEVy9zUlR3FozvUu+pk1EVyGZqjPPqnBdRpZ4x0nPkMvKj/BHYK63aIhocXqWt3KCf7S6xeWH/NdHjOKDL8p+voIbsTs7+m1OxI75ohw1/8fgLDDQxTl5GarG9KqRNtRqRb9v4MvChvNP5TOEMirHrWBvZs/QMnjm3Jz8EfXQZmXv4k8SbkDz3yRsOfdP01ZUh0vEkeUO/P4MzJHx1vAm4cHHku3hThj443tw1/wsPK4k+6/ill7ICO3HL8iZfBkQ+WPxre3NL8iZQ63gyMP9ETDIY/qfFOX/yJl8GRD5Y/eXkTrWfwJ/h+Vqnjj99jhv8UjXcSpiCx1J5Bx5+owTS8ifpBbt4U4A/J5i/En1zSA2/6vd7S8ib6feeNoL94JzYdNyne6Z83UT/L4E+COlHe+ObOzZug3p0/t0y8k5M/kTjnxl9v5eBNoNTFO8Xv7+TlTUH+eO5u1TGuvY6VsAC8Z2Evn3j3Xr7/wgVKOIy3wTQUJRPKwsGQyv2/swAshEB2Fn8N5WDIji0ElIR0XxPu/EghMAy3vRAKYYMhOo/kk64uQrrnFHTmViqkBAfVedwgONKhBCAUjlRYStCSDo6AsnKw2gYbFmw1RlD2CoYFbelA3aAsHD787vu5Y//BRL8wN64g7WYcRhD9OPTBnwhvblq80zt/cvFmKLevbK3e7BG85WW4AFxQVG0Z5/KLWC99A3XtNUAhRmbcn2i+66NuVm910n3OLyAc2/2ZZ7uJWr2Ic/VVnPM/wVk6BW/OI/cdcxd7g1Ia8c8j5o5g/+zf4aycg+Wz2C/+P2CYGFMLeJC2bZtrV69y+vRprHabg4eeYXNzg/PnzjE9Pc3U1BSz83OUTJNGvc6bFy/yN9//G8bHx/ngL/4iu3fvplx2f775zJkz/OTpZ3j5pZdYWl5ieXmZX/roR9mxcyelUskfYr1e59qVq7z66qvuTy1vbSENyf4DB/jMZz9LuVRibW2V06fP8J1vf5unfvhD3jhzBgU8/PDD7Nu/3z/X2toa3/qP3+K548+ysbHBJ3/5l7nnnnvYtWsXQgjq9Qbnz5/jL7/+l6ysLFOtVvn0Zz7NwYOHGJ8YZ3RkBNu2WV1Z5bnnnuP73/sep06d4hOf/AT3PfAA+/budRd4lWJpaYnvf+97HP/pT3n6Rz/i733uczz00EPs278fKSRbVoPLtSUUivXWFk7gZ5yj4ijFervGpdoi6+06m+0GUgiaTpuV1iab7TpHxnfzwZ0PcHRyHw27zYurZ3jq2ks8efVFzm9d41Jtid868jEaTovV1iZLzXVeXT3P/tETLIzMM2JW4jFhRzatBj+6/jIvrpxhsbnGUnONmtXszbGH8vYUpdxnnChwOhdKTudCytsR6L3u7ehzOkGdo5Qb9EXe9yIzR4VfD5fd/jsncYO/hB2B3j9zqQOBhCLdDuGMDISiGQnRUrtDmHg9POAcAX3OSQiWmROWXnZP49kvud5ThkwPO1K7Fyck14tkZEX01WUkeI3z2LvoM4B7fUaVX8/YIVxE/578T9evSvcXfPvTMVs++w9mh3Jg7iK8KSLex5fOuRLrfq857d8nb0RgHGn86SpAz/qHTjco//Mlh//0YP/CGVhZ/InyJk3/nniT4j8U5E8qb6L+l8N/0vTOof+N9b903tArbwryh4i/BeOd/vij4U0afwrZv8d4p/N9FOWP/89ts7+mbe7+dfzp4/tnO+Kd3Pp344yB8ifNX3L4XyZvknTK0Syuv6YsKtr+dfzpkzdZ/pcz3vH5E7B4UcV1vAm9n2X/gfHGm+sU/9lu3iQdm9F/nDfe69vDGxX0lxTe+J/VtOut1M+bnjfh+o2Nd7r+ksN/gtWBf9/klIz+47yhY6btiXdC/pMS74hrJ5Fzd+BMd5OZPPnQxz/MC2/8OReW27SVgTQEVdvGlA4lKSkZIHGQnXk0pcRQChOJIV1bIqEkBCUMDOX+/DNCYDhulq+7KKyQCAzZOU50FpQlCIR7T0oaiM6XpJQCIcGRFrYycQyJQYm2U6ZtQNlpUpdgWALDBrVlUZMOZtukYViYLYfyuOJDH3u8Y5Sw3rK2hFi/ROKzf3PaP9Y2w/90vLnV+dPTZ2cot4Wo5hZqmP17w2W4AFxIFGrtAs7F46jls6j6OqI6jjzwXozDH0TufRdidA6MUvLh5XGMkWnE6Cxq6zpq7TLsSXjAtZBQHkPMHEACavEMWC2cpTPuM4Gvn0TtfzdidAaQeM+8bTYabG5tceH8efbt388HfuEXmJubwzAMRkdHmZicBCGoVCocPnyI2dk5Dh05zOzsLKZpYlkWU50M4eXlZV577TVefullDhw4yMTkZGgBGNwFoHqtxvLSEptbW7z3fe/lrrvuYveePVTKZRqNBvM7dnDlymWOP3uc8+fO8crLL7N37z5/AXhra4uLFy/yzNNPc/XqFfbt28ddR49y+MgRJibchXHLsjBNk3e84yjHnz3Omxcvsrq6xqFDMD4+DsDK0hInT57kB9//PmfPnmVqaor77r+fu+++m+npaf/5DRMTEzz08MOcO3uOn/70pzzz9NPMzMywZ2EBKSWOUrQdG4WDg5PqDUK4u8LajkXLbuOgMISBROAoB1s5jJpVZioT7BqZwVGKht3kcn2ZH1x5nrObV5kuj1OzG9StJqutTepWk/Nb1/j58inunT6EKQ1myuOxvm3lsNra5Onrr3Bq4xJNu816u0bDbqWOeShDCYm/A7ATZgV3BKpA3bss8+t0XxeglIg9E1h0ymDr2M2GyI5of8e8pnlMIgFt3h25fimCpbcDOKHe+dvrjnQix/l13ZZif4DhS+JgQJykf9YFZuxsXXOll/7p8u4Izr8j3Zvw1LrOIbQZYMn6xyRy2rwZAVHzCO+z0rmjEar77Xvfka71n+BKcaj0mkUtnq6/tuxIzH903Qf9gRT/0e4IzpkRE+FN8Jl4XrtUhSL8yeRNRArzJlTm5U1B/iS00/mPPqXBkwz/KcqbaL0ob7T8ycmbvPzRWe5twhut/2R/4AOjhZjFB8Qb743EYZDiLzeCNxr+JJYx3hTkz20e72h5k5c/A4p3Yh/nvPwZQAaeN+HReqjUfiBuB/4k+M2A4h09d7xmN4E/kOKOOv7k5E1gYFr+FFFIx5+8kpM30Xomfzp/e/2FJZ2/9B/v5OBPjuny6zr+JJw2zBsGzptQvWfeZPhPhlvqeOPXU812KzzRdf4AACAASURBVF5fRXnjDThjPjSii3dy8+emxTteVcMbAaJdR1x+GRIWgAE+88n3879/7bu0pQGOw6jtPsKvLBQmirI03Of6GoKSABOBKRyE5SCEwjAEtrCxhMBUIBwQUmI4LlUljrsQLN17V6Z0ExpEp5TCG6/j1qVECNdnbCmx7BJ2yT03qokyarSdeVrmKlNNB8OGVbWJ03SQjgTLYaNU5753vScwD2F/MTYuIe1W9/1bJt65VfmT6DpDuc1FbSzf7CG8LWS4AJxXlAKnjVo5j3PpBVRjHVBQnUYe+SBy38Pus39TRFQnoTKBMXsQ5+JzOCvn09uXRmFyAbn/GGr1AiyeQm0t4aycR66cR5THwKwiEAj36fUox8GyLO666y4e/cD7mZiYwDC6PyPcbDaZmZnh3e95DyOjo4yNjfnvlUol9uzZwzvuvptLly7x/PM/58L587xx5gz33X8fTHQzlQ3T7D7LVwgmxsd5//vfz56FBb/NFFCtVnnv+97H1atX+dnx5zh75g2Wlhb9Npubm7x58SInT5ygOlJl37597Nmzx1/8BTBNk/GJcY7ccQcvvvgiJ0+e5LVXX2VhYYFdu905X7y+yMsvvcRPnnmGiclJ3v3ud3PHHXcwOzsbmtPR0VEefOc7efbZZ3nq7/6Ol158kXvvvZdjjzxCpVLpfPEL3H1h7vMhtPZBuK2EBAESgSkMyrKEIdwnU0gh/XNIIZgqj7G7OkPVKLPW3mKttYXlONTtFmutLdqOxfVGg1fXz/P8ymmmy2OxBWCFYstqcKm2xAurb3C5vkxZmmxZDZp2woaCoQxFIypyReFl/qaWgSCxG+rhbcT2g7Lw7t7AxUugWezTVTDgDfanLXOLivSny5DoduC+XGBHclapIJYB2kml8et0L3oD1YQyOmHCH3O4Hih72bHZUwZe138I1gPzr7bd/pr+cvevYvWwj3ftHK0n2z9nhoTW/4JzHB9+ojohfUVXp8ARMf/pJwMzj/9l+U8oIyFulkKSx95Jx/TUYfQAHW8C75PD/j3zRsOfLP/R6p/OG3rlTRZ/MvwlPUOBbPu/1XmTxZ/c33c5+JOqv/B1Chzh25kbxZtE/9PxRs+fXNKX/TVlgc4TeZMQ7/Rm/xvEn46e/vfbdvOnSAZUQj0c73T5s/321/RXgD8dNwnX03gTLQfKHyLnT+dPtv45+VOEN7n5450+4i/98qaQ/kkTFnit7/71vPHfZ8DxTrTMw5uoohm8idYL86cn3ujjnZj/hPhDcXsPzP799t9DvEOS3W80bwJKJfAlVvfFs7N37AD403e801VnEPGOcf0kanY/zq57Yk33HzjIbzx2P1/73suUbbAs96eYS9Jd8C1L5S7g2oqSAEMqNzNYKcDBdCSmYWIKEI6DgcI0BRIHoRxMU2AoMJRAAkJK96ehJQghkHQWhIXoLACDFApwfzUPWuBIWp35EnYJU7VoqjIbqs0mUGubSKuFYp2KLbnn7vsY27EvYnfXkYz1N5Fr3ezfaLwTL/PyJlB/u9/fGcotL2pzGaxhItt2yHABOK8oG1VfQ61fRq1dcn/WuTSCmNiJ3HEXYnxHvvMIAbKM2Hk3xvR+RCWe3RlqbpYRs4cQk3sQ5VFUq4bavIpz/QRi7jCYVRAgpQvZ6sgI73r4Ie46ehcTExN+5qsn5XIZ0zRRSsXe82RsdIzZmVkMw6TZarFVq+E44WxYKSSG4f40xq5dO7nr6FEq1WrsXOVKhcNHjjA/P49t26ytr1PrnE9KSa1WY3V1Dcu2qVarjE9MYBrx594ahsHk1BQjI6NYlsXi4iKbm5sAKKW4evUKr7/2Gpubmxw+ckQ7Hikl4+PjzM/NMzMzw8bGBktLS6yvrTE7NwcIvGcdS9HZ8RUIMX27AIaU7gIvAq+VFIKSYWJ0jjWERNKd56bdZqNdp+VYTJXGOTi+i6pRomG3WLfqKAEtx+JqfYUfXXuJfaPz3D253x+TQmE5Dmc2LvPs0utstuo4SuEoxVa7TsNu4SiVunA9lKF0xfPu7s49CXg79II79aT3vnt/olOP3L8KXEh7pQzUIRzvhUfiX2uAiNdDZehMgXogsHaXppMusFLueES2Gmufkddpr9+h7h0WrSer45ciuSRaT5oOktQS8XriGTQdZwyou/zvXSSKzg0d0TGHbseoN6xohkTOMqBmUJOgebXmDh8RrocMFPeHWMpVtIx8APJmKMR3rHvT7b2faK14mTTciMZpda1DZp6hUyYZLGXEMf/JvUNd4z8J/EmxVtx/dPxJlHT+5OJN1B965k209E6T4T95P+6R4/x6plrbw5vsjDwdb6IZEtm8ifqbjjex+3kxuUG8ycGfTN7k5Y9muLn5kwm0HniTwp/cvInxR8ebaIZEQf7oeJOXP0m8iZa98CYjIzx/vHN786f3Z5DTrYeGtX388Uut9M+f3p/J6U3zzeWP/sT+ANMPyDBc788gj/gHOv6kcEfDn6Amg7zeGih/dLyJ+k9R3kTLgryJSW7eROsZ/NH5Sx7+kOIvMf4U5E1Ek8K8yXu9lTdeLhrv+H7nTffN5o1IruvOMKB4J/r9lj/eGTBvUMiLz6MmdqNGZ2K6/8Kj7+PNlTW+8ew5SgjKjqKMwFA2JmBK935rWYK03azbEgKBwBACw+k8GxgwBG62rjQQQro/0yyU+wxgJIZjI4R7L10K916uEMq/32UIN2MY6CwAe48HlEgBQgqQFrYFJdttt9VuUrYdlKpw8MguFu59JNEPZHsDY+2i658BH4j5TxJvivDnbXV/Zyi3m6h2A7W5crOH8baR4QJwXnFsaKyjaiuoxio4FmJszl2YHZkGo5z/XEK4z/0tj4HU/Fy039Zwzz8yDaURsBpQW3Ezgu0WovOF7ZWlUol9+/Yx2/np53jXIvF1X03HodGos7mxgW1bKMdx/4+0k1JguA9NYHx8gvkd85hm3J1Mw2RmZobR0THcn6puY9vut6NS7teDrwOdjNtYENQdm6MclFLYto3jOHg/f728tMylS5dotVquflKweP06jXrdXegWAqUUjuNg2zaNRh2zVGJjY4OtrRqNRqMzHjeT11KKmtVgsbFORZapRH7W23Islpob1KwG/h4r4epiCokh3EVfdyEYLMdmtb3JK2vneH7lNFJI7ps+wC/uepDx0ih1u8lmu85MeZyKLOEoh9fXL3J64xJLrXWmS+OY0sBybBab67y4+gY/Wz7F7tFZmk6b5dY6W1aTht3CVjZCGIEwdihD0YhSOHjBl+hk+tK9oHe8gDR7p5/3uuO4gXPSjkEhwscHL+BU6EqC2A74hMETfjchI6FzUea+PqAMhEjpzYBf93Zwdvr1VwGSgtM817lFRWWUWf3nFs+OkXqRDK08O1AzSiJ+qMvQiuumy0AIvE+2/fvKUPAcNuBvXX8K6FRE0uyd1HbQF1C5+/fs7vXfm/0LZYQm+JuON92574M/DJ43Mf74vNHwJ2iIW5E3BfuP86bzeq+86Yk/2bzpfpYD/hPSV8ef7gT2xJs0/iT4W+YvTGQZZZvt32//Md74X1c98qdIhoTvZwHeFOBPLt4UtP/g+MPtyZ+cp9fHO5122xTv5OVPkm7bEu/k9r903mwbf/qVtP5TeNONd7zmA4p3gmWf8U4ib6J15blTgv1vAG9iGZfbzZuoFPW33P1reBOtR/lzQ+Kdbhnzl6K8SeBPb/bv9/sunT9a6Zc32/Z9p+FNjD83Nt7Jur8jNxdRF36G/Y5fSlT0P/uVT7Cy9dd866XLVCWUlLuQWwIMW2I6UDHcz78plLsYrNy0G8PoLPwKgYHCEIAUGIZACrduCPxsX2/hVwp3mG4msJv8JKWbFQydsQvpfxKE7PxktGFTxqDhKCxg3XaYbAsOHdjB0ff9EhGH920mV84jasv53GHb/C+dNz3f3ynIH6L1AvHOUP5/9t48SI7rvvP8vMyq6vsA0I0bIAE2CYAgeIgERYrWRUmWPLJEj3a0s55R7MR4ZzbGE7E7ExMbnogdeTdiZ/7Y9f6xM94Ie2PC69j12Fb4WNkay2HatEiJ5iHzECiAIAESBIi7AXQ3+qzuuvLtH1lZlZWVrzKz7gZ+Hwb5+Loy812//Obv5Xsv3+ZCL89FHyS0DRkAjosuofOr6NwK5NdBa9TAGGp0O9gDoMJX0xqxYla9stzPPKeHID0I6wq9sYxeuQGlYvkYd8YTSpGyLCYmJhgaGmp4WcdxyOfz5HI5ioViZWDVKZW4du0aN27coFAouIOzlveg82fLcvdEADIDGUZGRrBDVhQrSzE0OESmvH9wcHP7gYEBRkdHyWQylJwS6+vrFItFtNZ4q17B3Qd4eWmJ9ex6ZRXvwMAAWmsKhQLLK8vcXlhw90LO5bi9sMCF8xcYGhrCtt3VuCXHHTguFgosLS0xNDTExtAQtm1XBpNV+R+tHRbza1xau0nOKTBgpSuOqwaKusRibpXb+RVKjjcTzMVb/Vty3H16r2fd79lfWbvFOwsfcXHtJvtHtvOp7Q/yqe1HGU0Nki3mWCtusH1wEkc7rBSyXFy7yUcrV/l4ZZYjk/eQsmxyToGLqzc4dfs8H6/O8ukdD6PRzM0vsV7Ks1EqUHBK7ieog40mCEEqM0LL3bqyc+7FtSrP7MObyVc50D1fe66ZKg+2+n53L+AlFB6GzECsdBJ9f6998eDLfsChNU0gNubCnA3Am5HuHe/NIPbF/T1JFYhXjm/ggceaUhx2fhlfhyrMoQ/WW13c10w1YeNcV0PjihefvVTqLiQeMQM1Mkw6Azb4q8Ecg2cbw7DmqvweYi/U2kXcFRDGFgjYX/WFnsFegvFK+uHVFWk/Icknsp/KzPNA3GQvPkP17K3OgGtbqDY03vDUxqsVFF4hhtvTtAIgnt4Es2PWm2BYoz+N7KftepNQf0x6E1d/6uwtof74Krop/QnTmyT6Y9KbuPoTp/kqx4fYT3BlZ1L9Cb3hw/THI0pvEupPjOQb600w7JX+0DherbDaWEz9MebCYO79pz8eUfpTW1ums83tH2EvwdCoN95xTeqPucVqw03p78TQH4O9xNKf0JbyiNKf2vL3Tm8M9tNAbyrxRi3Wor/TH3rjpWvQn7bojcF+wvQmaI6++qqzH5PexNWfML1Joj9t83dMGQ7aTy1GvTGZYzBs2Gxe+zewH6//rvzx+PoT398x2I9JbwLV69F+/THoTTDusxsvg579mfSntv0NYUz9sW+8ByNbKe19lDB++ZvPsV78Ls+/f520BRlluQPByl3lm8H99HNKadIld8WvBaQcSNnup54tDbatyp+Cxl39a7krhNEOKFUe/HXL6g0CW6r8fh1vVbBngOV6Uu7gsLIUmZKDslJslBRrwNXlIg8c2MFjn/siJkNO3b5EavFiuS42q/4kfL/TJf0RNg96+RYUcr3Oxl2FDADHRWso5d1PP+vygJ+dRqUGfSLWIZQqO3Bl96a4js4tgy7VHgOg3M8cN/oEsOM4bKyvc+nyZT6+cIHZ2RtsbKzjlEo4jmZ5aYkbN25QLBSxLMsd2A1cTwGVTyVb7uegjfXge9hblo1/YHdyyyT779nP1PQUS0tLXL12jdWVFQrbtpHJuKuqtdZsbGzw0UcfMTc3x+DgIPfN3Mf27dOVAeB8Pk+hWEBrzeLiIuc/Os/83BzpdBplWWit0Y52VzNrTS6XY2ZmBkdrDt53kKHh4consTWaEg43NxZ5f+kSNzZuk7HS5eeOg6M1RafESmGd69kFCrqI9hXVUu5HoZcLWf762k94Z+EjBuw0q4V1tg9N8snpw3xi6/3cN7aLbZkxUpbNRinPenGD/SPTbB0YZ6OUZ3ZjkXPL13nt1mn2j+5gODXAamGDN+fPcmntFmPpYZ6ePsJ6Mcfbcx+QdwrknDwFXWSAtK/iBSEc7ev4eCtyvZXAjheWf/fi/pW8yr1I1SlD1zppAZe0ZnC37ldCPNBYhWgcRpwa1uFyfzDNUA7EgzOQw2Yixw011K3QqnRqvdmYgYJ5k2oM5Q3+uRp3S1KtLtezb/cenITG8ZWlUYenzkLMBYxjK1EktL+ymVQiAWsPt5eI9m51D2CTvVSL4yuUVwBjDzCG/XjmZ2j/hmGMGcJ19tNwBnDdHU1D+2lQbmP7t6A3dZeq0ZuY+mPSm2Z0J0xvDCvSazJdU+64+mPSG8rNGFN/kqxAiNKfhAPateU2hElo0f56oj9BvfFewtbpT4jeBOOJ9MegN32lPwkR/anXG8OK9JpMNyhvQ73phP5E2Fky/QkJTQVsxt7CrpXA3wmmb9KbYDyR/kTZTSv+TjDebb2Joz+helO1tzr9aeTfRNFtvSHgncXSG+/n7vo7leqo83dqQ7N19cbfaag/d5S/E1dvfPEwvUno77Te36oNdTBeOdikP8nav7v9rQgatLt19R30wBjO9H2hp/6rX/wG6T/+Hn/400vuSl8gY1vYSpFy3JW6aTS2Ln8GWmsy2qp8BtrCHfBI6/Lev5bC1g4K7W7jp9xVwDbuQLFClV+92yhLoZ0SllLYVnm5sef3WuX9gS3QOOQyikJOsa7ggZ3bePpnv1wtfK2gYa3cwLp9IfR9T7XO2q0/EWGL+mPydypl6aX+CH2JXltEZ5d7nY27DhkAjknFEdSaivKUCujiBu6AcAdTLhXctJyiG3dK7mC0rpV6Vfl/8wN5bm6OSxcv8d7pd1laXsa2bLbv2M7u3bvcAVcN8/PzKEvx05/+1B3cTYV/TljHFWBdzaNt25WBVqUUmUyG3bt28XNf/SqnTp5kaXGJH/7wRxw6PMuePXtIpVIsLi7y8YULfPTReXbs2METx49z9OhRtmzdGprczp07efTRR5mYnCSdTqGUKjdd9aHtPRaVsti1aydjY2OVT2O7e/fabB+c5MjEfrYPTlY+Aa3RaK3Ln3ReY3ZjgdNLKTZK+UpRnbKNZKwU+0am2SgVuLAyy+38CgN2mon0CAdHd7F9cAspZVNwiqwVN1gv5RlPD3NofB8DVooLq7Ms5lZ5a/4Dntl+jKJT4mp2jveXLjFopzk6eQ8HR3fxk8w5lFLknQIbpTy5UoERe7ClfqFwt1Cd6Wkp8Pb69WYMR4aUzUyVQ98MQcvyOi3V4xr19xTVvgXBMC41CaiASNXnoG7FgWFFVN3KTVNYdmiDM9SrxYmIq/DQX4L45SeGkxxMoDbhyD3wPPvx2VHtTNH6GaK12QvEjTOUDfYSjCcuv6E6KkYdYT+VDkxtu1PX/obQMCO92gwR9lJJx5ddXzZNK1LDy9sgNGFcEemGze+BFwhN9pN4hURt0aMmsEeX33fhSsKBeG2KNWH79uAMht5lmtQbg/40Lr8hrMGkN+EZan4Pzpj6Y9Ibnxn7cx5Lb5Loj0lvNo3+1GYrSn8al79BWHdCmb7Tn/rQn/P26o9Bb/pafwKhSW/apj/BC7RHfxr6Oy3pT33oz3l79Seu3gTjEfrj/z0qNOlPJcUI+0nq74RUQWhovIJJf4INZtCboB3E1psE+kN48yfSn1g0oTet9reMehN83nk5aM3fqauOHvk7retN0M4i9CekOEG9CYwXxtAbf7nL/+kbfyem/gT8nM73t2LojS80+TuRetO2/laE/fjKWRfPrWJdehOdGUJP7A5WBAD/3d97jq3jP+DXX36PnNKkizl31a4DaUu5A8IaUpaFDaS1g6XdVb9py0IVHWzS2I4CSqRIYVlgK8UgBRTu56Btxy2M0hpsC2UpFDYWoCyFbVG+BywouQPHytLkLU3ecrDXNf/zzz/J33vuq7Vt6CuvtX6b1O2PsQrrlfu/e/2tgN70zN9pXn9i6Y3Q9+iNFfTKfK+zcVciA8AxccXJWwnrKo/Or0F2AbyB2fqnd+toDcUcurAOxVzVwQ50bDV+LTSr4uVLl/jhSy/xNy+/zLZt23j8iSc4fOQI+/btY3R0FKUUFy9epFgsMDgw4FvdG8yWOxAakVz1WMDbf9i2q6uAbdtm67ZtfPnLXyZlp/jRD3/Im2+8wcryMmsPrpLJZLh58yaXLl0CNI8+9hhPf+pp7puZYWhoiFKphG3bpOwUtu0O9u7ctYvHjz/Bzp07K6uIk2Iriz3DUzy+7X72Dk/X7QFccIrM55b5cPkKGStds+La0e4q4eHUIA9vPchyPst6Kcfs+gJL+TWW8muUypMGHHTl888Fp8hoepgDozvZPjTJ2ZUrvHLjFGeWLvP+0kUW8itcz84zuz7P4Yn9fHbHI+wY3MpwaoC05Q4kewPA9bs2C0IIphnJjna/gePrUOnQ0FM+84x1//FUwrJs+GYAalUbb8bB0/g6YcYZwhErEJKuSAiGxhnC1Me9DMd26GNWgj+MOjaiQ1G9jNd+4fGmVsg0MSMVv/2ExZOsyAqU1zM/z5C8Dq13cJz2TroHcLN7VFXiETOEk5S/Kfszpasb2wuV9qdefxrNSA6GTc1QrteftulNiP4kav8W9Ub58tFIf6oFoOny11yuXfZXIYb9NNH+iVdgRelPUG8alb8pvWlgPyTUn4Z6E7S/GPbTqNwxyt9Z+2usNzSrNwn1h4C9tc/fMehNI/1J1P5N+jvl51FQfyr/27X2NxwbO32T/rTw/OmGvxO7/FU/o63608heYthfpN6ElSnGYfXlN4RJMaZv0p8W9SbK/mL6OxX98bV40oKb9Kbm96j2b5veeHXdwH66rTdh50akX6833t+7ozc1/fMGelO5Vxv1txreb2a9qY131t+p2ksM+/FH2/68iUlE+vV6Q7mZuuPvxH2/E6Y/1uocnP8xpZlPo8emQ4v/D3/2CxzYPsW/+/NXuLWWR+EO+G44mjQ2ynFIa5uMZZMGcBxSSpHWGks7pHQJNFjKwVYWKQ0WFkXLzYmtLMg7lS85ugVx3M88o9G6hK00lqXQ2kFr9zfLssjYacbSKX7uy5/gwNGjFTsPtrvaWMaePxd/398E7V93bIT9mfSm3/WnqXtH6Ct0bg29eLPX2bhrkQHguCgLUhn3X8sCx4H1RfTiFcivuaty4+7rmwRdQudWYWPZHXDWDlgpVHqAmulCvpfAmnBtdByH999/n5defJFsNstTTz/N5599lr379jI0NFQZlHUch1LJcaVfKZSq3wPYHQCuDjPqBmLslB+SKEWqvALY/xloy7IYGhpi69Yt7Nq1i5JTIjOQYXl5GcdxGBwc5Pjx4+zYuZNt27YxMTHBwMBA5dxMJsPw8BDDQ0NYlsV6Nsvt27eZnpqChAPAGl1ewRvn2PBnry7/A5BWKR7f9gAHRndyc2ORj1dv8Dc3TnJ4Yh+DdpqtA2Ms5lfJFjdQSjFiDzKZGWXP0BQ/s/0hrq3N8dqt9/ibG6cYSQ2yUcoznh7h6MQBHt5ykNHUIEP2AEP2QHUA2HE/hS0IkfhnJGs3riB0RqilyiG+47R3ieoMwPKJ1XglATesnhNIPzRezWroq4qgYx0W9xc3GCp/6M0ADomX/9vsjHQC51XipinFlQwGSx2IJ+xg1l2t2lyNw8rl4s4Ijj8j3avwhvEwg6gpAKYMNyZw2bgrAoLNo7x7p/xGoyZeOb75GelG+/GPFNeE3mGhd02DAhnCMnX2Y0rebw80sB/jjOCYK2Ia6I13XMMCNdCbOCTWm5owrt4k1J+Q40z2Y17S4BFhP0n1JhhPqjdG/YmpN3H1x9Ryd4neGO0n+ob35RbqWrxNeuP9EJoNGthLJ/TGoD+hYQJ/J5RN7u8Y9Sau/rTJ36m7nePqTxtW4HkVHozXhMYbYjPoT4jdtMnfMeuOd1gP9AcamKNJf2LqjS9jRv1JUiCT/sQlpt4E45H6U/5vs19YMtlL6/5ODP2JUV2VuEl/Qi5bqze0XW9q4k3rTYT9RJilSW8q8YbN1o/9q6DeeBmOqA8DJn8ntv70zN/xoga9aaA/1so1OP8Kpft+Bj0aPgj8qUcf4TszB/nf/+j7/PmZWxQdjVKKotbggFXS2KpEWmkUmpSysYtFLGDAcrCVu+pX6SIpFDiQddwyK0pYKCylsVHguHaiSuUKxynvFWx5OcbdJVHzyX1b+dpXn2VodBST4Vq5VVILH2GtzdWKgdvitfG+8Xf6VX8QNik6t4a+PdvrbNzVyABwXJSFyoyiBsYgPQyFLLq4gV6bw7l5Fiszihrf5Q4ORz3VE6CLefTiJfTarepnnzPDqKFJsOzyQeUBx7IzFKaJ3l65CwsLzM7OMj42xsTEBNPT0wwODlY+fwxQKpXIFwpop/xpi7qHlHs9p1QC7Q6YOuW9dcPSLZX3FlaAsixU5cHpktvY4KNzH3Hp4iUKhQJPHH+CHTt3MjI8XBkAHhsbY8vWrQyUVyV7KKVIpVJMTU2x7579XLt2jVu3bnHugw/Yv38/Q8PD5rrVmkI+j2XbpFKpct25/zg4OOiGA6nuSl+nPMDtnu1oTcEp4pT3idZodgxOsn9kO09PP8hP5j/k2voCL984xYCd4djkvcznVsgWc1gohlIZBu00o+lBHpy4h4Nju/jJwoe8t3QRW1mMpYd5auoI943tYjw9jKUUQ3aG0fQQ8xtLbJTybBTzOHTys+TCnYL2OtK4M+/8e/82nLFX8TQ1aP+aISoC5DhV/z7omJozRCKH15+eMYyNDqRnWiFRTcD9c4IZyVGhdjsSte/T3XxV4lQ7vb5oSBisMFXJc23cFzYzY7OpFXhezqqWof1R7ct+19rfkF7s9HVdvNbuq+0cjIe3f8wVEkb789dxffZDi1NTXlUtk++MOvtpZQVmHPuLsp+aFQn1zZKIOO0ddk5TCQZPMOmN73ditH/TemPQnyj7MZa/sd7QrN5E6U+EvTReoUB0+9/pehOlP7GfdzH0p2H5VaVMvjMq7Uyn9CbU/kx6Y9afWLTU/oYwQeKhehPi7zTX/h3Sn3I5K8+3butPkhVQIfFaf6eqP91vf0N6CfSnbCa18UZ6vZQpEgAAIABJREFUEwzbqj8Ert9Yf6LLH1N/kuhNbP3xLh+wl1b1JlH5wyrM97eW0zfrTeV32uzvBMM4ehMsaITeBOOJ9acpvTH7O3X2U6M/JG/vtrV/q+k34e8Q1u6d1htfoUL0pS5ewWtn79w26E/L/k61OJ30d6zFq3DuFUoHnkZP7Ay91MToGP/uH/8iz77xNv/nD97m3O0Nig7uwKyjsCwoKAcF2BTdvX2xyOoilvIGiRUpy0Y5ipQ3sAukLIWl3ba2lPsuV+EOayqF+1ulbTT3bhvi658+xiOPPhIobG2o1pdILXyEWrnh3f50/v2OL363v98R+gK9sSIrf/sAGQCOi2XD4DhqaAtqaAJdzEEpj15fxLn8FgyMYw+OQWa0OjDbKroE+TWcWx+il2fdVcbgDkKPToOVxvu8sqN1VepDhNEbiC3kC+RzORgbc39Q9cesrq6ytHibYrGI1uFOsOM4FEslNBrHKVEqFY3FcAeA3QFJZam6SV/rGxu8//77nDlzhvVslr1793Hg4AEGBwfxVgor5X5iI2xA1rIsdu7axZEjD/LRuY9YWJjn1KlTPPLYYwwPD1dWC/spFotsbGywtLjIyMgIE5OTKKXKdemufnZ0eRA4pEI17uebHe3+q8thSTvknSLF8uroknYYSg2wd3iaZ3c9SsEp8sbcWf527n0mMyMM2wMs5FfIlnJYymLYHiBtpUhbKfYMb+Pg2G52Dm3lo5VraDQHR3dzZHI/e0emKp+dHrQzjKWGuMUi66U82dJG7FXMwt2ON+uxfFOWZ+apykup2r/X7MmqoGbGoNef8YWE/b2Ssnue5/u516/+GIzXhDVX8MXDOlR1HawGPZDAjE3jHnnl480z1L3TgvHw4lRCFR4SjIdVB2HFUvXx0CsYEo7IkNf+lXh5ZqiXrnnGqJet4AqJmKGvmP6S+JvX2Ny1Z9TGaxqo3h7qllwFw8ANEHeFQv2Mda+6vd9DW6s+DMtuoMSN4kaDjLxCOQxrsAY5rrOf2DPUDfYT0J+a298Q+kti1J9QYupPZA589tC03gRD7zIR9hP3dg+cV4lHFqs7ehO9Is+kN8EVEtF6E7Q3k97Uvc+ro0N6E0N/IvUmrv4YshtbfyIFrQm9aaA/sfUmzN/xnV9t/+AKiYT6Y9KbuPoT6u8Ewmb0JmJFeHx/Z3Prj2lPvGj9oRqvyVb39KcSGmldf5rfk9Or5t7qj/nClQw2PiGi4ZrfgzxgH5j0p4HuGPTHX5LO9LfaoD8mvQnaT1K9CYYJ9aaO2HoTjEfoj8le4ugPDeylTn8S6k2gJIn1Jm5/K66/nNTfqdidV9291hsVHjddoU3+TvD5Ft/f6Z7eWMvX4KO/wbn3SZyt95iuyLNPPs6zTz7OH7zwQ/6fV9/n4lIe27JRDu5nnR1dGdi1lXarynIX+dhKkdKg0aQ1WEpho7C0u/rXAuxySrblpqcdjcLCwmHnWIavP3mIL33205H2b2XnSM2fx8rOV+q/e+93vGiE7txR73eEfkSvLcqev32CDADHRdmogXHU6HbU6A50dsEdAM6tUvroZUgNoIYmsLYfhox51WkiCjn06k307LvoFd9S+aEtqIl94O1LqzW65KAd7T6tQlRQKUUmk2FwaJB0JsPq6iq3FxZYvL3I6OgoqVSKUqnE0uISH334IadOniK7nsVxHJxSqe6KxaI7mKwd94FYKpVCB2e11hQLBXe1sAGnVGJleZn5uTnm5uZ4/bXXmJ+fY3p6urJncDqdZnhkhPHxcUZHR2tWAQPs3rOH408+yezsdU7+9CQnfnKChx9+hEw6zd59++qOX1pa4srly5w5c4YHHniARx97rJJfR+vy4K5TXskbjnusU1ltq7Wm5JTcAeDyYL13rZH0IE9NHWGjVCBbzPHG3BlenH2Hudwy94zsYKOYJ22lGE4NkrFSKNxPjBwc3cUT2w5xNTuHrWz2jUxz3+getmbGK/kYsNOMpoYAWC9usFyo7jEsCA3RrkPsOvCqvPcvlQ69Ks8I9FYIYww91dE4uny8djv0YTMGK9fz9Ry0ryehHcr58Dy70MxT+2t1Zm6lbOW4G7ZpBUIg9EpeiZd1sLpCReM7LFiE+D3uuOiIMCr92HjtGYgnWaEVZwZqREjA/kwrtOrLZlqB4Pud6PZvaYWCz0Cb3gOvvliG8hqObXcHKnb6Xrt76TfX/olWhIbYm5uuZ64h9tSq/rRZb+r0p6I3Bv3xN0Q/6k3C9Ov1pvz3ZvWmKf2J1pvqveyzn5rymvSnWoFN6U0j/Qmxt8gVCFGN0uX2bzX9Or2pPK6a1J8kKyQqdubTmwT6E0tvErZ/+/SHzak/MS9v9nfKx3XJ34mrP2Fl64q/E9v+GutN1/SnVRql30Bvqv6Od3ib/B1/2KK/E6o3wbj2zCmk/TugN3UrLrutN0GS2lvs9A16E4wH9acj/k41rLOXpHoToj/NtX+rz7vG+mOkVb3p2vPOoDd1+tNZfyfs/U6Y/oQVVK3cwD73N7B3FWf3UUNFuPz9L32Ov/+lz/FnP3qNP3nzLD++tOQu1dXaff9b1hrbVmBrHFtha0XecdCqhK0trPJkEks55c9AKyzc92ApLHT5nfATe7bwc48d4tmnn6rmpUH7W0tXSd3+GLWxXL/yNSlds7/GetP0+52E+kMwnsDfEfoLvXwLnV3udTaEMjIAHBelwE6jJvZg7TiMvn0RnV8Hp4BevYlz5QSkhyCVQW25x12l2yzagWIe58ZpSuf/BufWOfT6UiUfamwH1tQMKjWIBrSufoJZU7vitpp9hW3b7N+/n0ceeYRz587xwQcf8JfPP8+RB48wNDREPp9ncXGJxcUldu3exYUL51ldWeGDsx9w9swZOHyYqakpAErFIvl8nsrK4kL4vrPep6dL5UHkUrE+bwMDAxy87z4uXLjA7Owsr732Gu+9915loNey3LxnBgYYHxtn67at7N23j/vuu499+/ahlGJkZIR77r2HL3zxi2TSGU6ePMkPf/gSly5d5MDBg0xNTZHJZHAch8XFRebn5lhbW2N8vLqfsFOuP/ehb6GwcIxPFV1eKQy2skjbKVCKvFMk7xRRKNKWTVG75U0pm8nMKEcn72Epv8qF1VkWciucWPiQuY0lbm4sMmRnGLAzpJS7glyh2DcyzSe23c+rN99lIjPCsckDTA1OMOAN/gND9gCTmVEG7Awl7ZAt5hsOXAtChbIzjiq7Wb4Z6P69fitOuqrOpfVm/GmFb+Kuqg0rzn1tWJlJaJyJSG28TLC7EJwwHBo35qJB8uW8R+7J6e9JBldAVI5v4IHHmlIcdr5XIdUOVZhDH6yvunigueLMAK8JjSteqqFX46HxiBmokWHSGbDBXwOXM83ANYZhzVX5PcReqLWLuCsgjC0QsL9qh9pgL8F4Jf3w6oq0n5DkE9mPT29q4iZ78RmqZ291BlzbQrVhQr0xVkiE3gTPjqc3weyY9SYY1uhPI/tpu94k1B+T3sTVnzp7S6g/vopuSn/C9CaJ/pj0Jq7+xGm+yvEh9hNc2ZlUf0Jv+DD98YjSm4T6EyP5xnoTDHulPzSOVyusNhZTf4y5MJh7/+mPR5T+1NaW6Wxz+0fYSzA06o13XJP6Y26x2nBT+jsx9MdgL7H0J7SlPKL0p7b8vdMbg/000JtKvFGLtejv9IfeeOka9KctemOwnzC9CZqjr77q7MekN3H1J0xvkuhP2/wdU4aD9lOLUW9M5hgMGzab1/4N7Mfrvyt/PL7+xPd3DPZj0ptA9Xq0X38MehOM++zGy6Bnfyb9qW1/Q5hYf2pRGthYJHX+FUrrtyntfQwGRhqe87XPfoqvffZTXLh8lb9++yQ/fP8yb11ZQZXtxSlZYGtUWqG8/FsKjYOl3K9MWuXyW5bCUaAdhyd2jPPMA/v43KPH2L9rT0T7l+3JyWHfvoS9+DGqVCyX+07Un4Tvd7qkP0J/oAsb6OU5KOR6nRXBhwwAJ0Ep1MRu1K5jqCsn0Pk1KKxDKY8z9wGUcqjhLVjFPGzZ7w4C22kI7HlrRDtQKqDza+jlWUoXXqV09gX00lUoboBlowZGURN7UNvuhVQGADuVYsvWLezes5t0OkM6kzFkXzEzM8PnPv85UimbpaVl3n7rLbLZLCMjI3h74u7ctZMnjh9neWmZ+fl5lleWuXbtGrt27a4MAGcGBpicnGTfvn1sm9pGOpNBGR7mlmWzZcsW9u/fx/T0NENDQ2itK8dnBgY4cOBe9u/fzwcffMDs7Cyz16+TSqWofJbZcSiUVxIPDw/z4ENH+eIXv8TExASjo6Ok02m2bdvGJ596qvIQP3XqFAvzC1y+fJl9+/YxPDyCox1u3bzJ+vo6Y2NjHHnwQaampkEptHbYOjDGA+N7sZXFzqEtDFhpFGHlUqSUzfTgBPeP7yVXyjM9MEHKspkaGOfg2E6KusSWzBgZ273NLGWxb2Q7T047fLB8hXMr11gv5lgv5pjIjLAlM8rWgTEyvsHd7YOTPDR5gEe23sf04CSf2HY/4+lhbJ9NbR0Y4/7xPawUs+wenmLQzrj7YAhCJJrgilz/DD0VEnoemKPLHShvRl55z/CaGXl1L/Qis1PvicY5p1EYI7lKvOzYenkPn6EciAdnIIfNRI4baqhboVXp1HqzMQMFq0wBb1w99XG3JNXqqm//WDOEG80A9dWYcQZ5ww5PDPtJ0N6RJLS/iomXI7W5NdhLRHu3ugewyV6qxfEVyitAg35spP145mdo/4ZhjBnCdfbTcAZw3R1NQ/tp3H8Pb/8W9KbuUjV6E1N/THrTjO6E6Y1hRXpNpmvKHVd/THpDuRlj6k+SFQhR+pNwQLu23IYwCS3aX0/0J6g33kvYOv0J0ZtgPJH+GPSmr/QnIaI/9XpjWJFek+kG5W2oN53Qnwg7S6Y/IaGpgM3YW9i1Evg7wfRNehOMJ9KfKLtpxd8JxrutN3H0J1RvqvZWpz+N/Jsouq03BLyzWHrj/dxdf6dSHXX+Tm1otq7e+DsN9eeO8nfi6o0vHqY3Cf2d1vtbtWFwRWi0/iRr/+72tyJotv1LBewr76BW5nD2PowzdTAyqQP79vBP9+3hn/4CrGWzvHPmHO9dvM75G7c5P7/M/EaBhdU82UIRbFCqyMhAisnBFHvGh9k7OcL9u6c5tHcXx2ZmGB0KfNnTaxjDjWGt3cJeuoy9Mlv9JYH+1KXTNv2JCFvUH5O/46uA3umP0HX06gJ69XavsyGEoHTYsk3BTGEd5/ZFSif+gNLHr6Hnzrl/VxakB93VudOHsPY+hnXfZ7HG98T7JLR23E9KL1/HmX2P0pm/wLnxvrv3bykP2kENjGHtexz74f8C+9DPgmWjNayvr3Px449ZXl7Gtm3um5lhbGyMVKp+fH9jY4Pl5WVuzM5y5fJlbt68iW2nmNyyhe07trNz505GR0dBw42bN1heXkY7mr1797J16xaGR9zZV3O3bjE7e4PV1RVGR0eZmp5m27ZtpNPpmvRKpRLZbJbr168zd2uOkZFhdu7axY4dOyrHrK6u8tN3fspP3n6bixcvsm/fPnbv2cP09BTpVBrHcVjLZrly5TInfvIT3n33XQr5Ap/+zGf46s//PI8+9ihjY2PuYLHWrK2tcfv2bWavz7IwP8/y8jLFYhHbthkaGmJqeootW7YwOTnJ6NgYAwMDpNNpNDCfW2I+t4ylLMbTw0ykR8hY6cp+u5Xm0pq8U2SxsMpyPotGM5kZZTQ9xEJumVypAMBYepjR1BDDqeoq45yT5+bGEvlSAQ2klIVGYyuLrQNjDJX3AQb3MZorFbi5sUjashlNDTOcGqgZAF4trrOcz5It5hhMpStp2jIILERw81fHXfdMVd00q+yPeV+C9sf9xwXPU+X/eh16rz8RvJ4KXNc7N+j/mSaHNuxu1HQo3AxUrxPV82hDqH0Fr+lQBTNoirdInA5VE5eLitf58/7QkK1mQ4/QeFvLb0oxor1jzRCPCj0i4s28QG4ncW4Hc+5bt4cY1R/XflovfzBBr/2DKXZYbxpOoOiC3nRTf5po/47rTdPlj5Vibdhz/Wln+ZtgE+iPR/v1x6A3fa0/baZH+tPK86d/9Ceu3gTjEe3fFvvyiLCfbutNwvTbrjfBMIa9eXRNf+pS6IbeBO3Po836cxfoTUP78f1gvN1j0ya96ab+dLj9I4lze8Q/vD1600390aAzwzjT9+Psfgg9vCXkih0MY/g7qrCOvXQVe+kKqrhOP+tPlFr2s/705HkvxEbn1tArC1DM9zordw3n/vXriY6XAeCkaAe9sYRz+W13kPajH6E3lsEpuQpopVAj21Bb7sXafxxr6n7U5F53NXB6GFID7kpeQGsHnCLks+iNJfTiFfTCeZybZ3Gu/AS9Nu8O/gKkBlFb9pE69g2sg5/G2nGkkqVSqcTGxgalUgmlFIODg5XVs2E4jkMul2Px9iJLS0uUSkWGhocZHx9nYmLCHQzVmnw+Ty6Xw3EchoaGSKfSWLY7qJjP5ynk8ziOg2XbpFIpMiGrgL1PROfzeYrFIpZlkclkyJRXKa+srHDx4kX+8i+ep1gssnPXTo4ePcr2HTsYGxvDtm20o8nlc9xeWOCdd97h9dde4/XXXufQ4cN8+Stf4Ytf+iJTU1PYtl1Txmw2y+rKKqtrqxTybj1mMhkmJicZHR1lcHCwvnmpnVUYvvrXO5b6J165zKjaM4PXccq3nVLK9xzTkWmG50NXM6SSny/cvdz49hhKlU3XW+Gr3BXBqjKA6lqo+9ln18iCn7Ct3C/uhSq/Q/X82r+Xj/U50HVxb8Q4QCPrNjmwniz1wqH15zuWQ9tHHcra9ON26drRofKFSTrodfFk5feS7acOdbB2TfGm6Kj9xbCX0AGMOO3fauiVv6o3XelAB8MO6E1c/TFmsJt0W2/i6E8S+7kD9SaR/SSlo3oTpJ/0JmhvBBqkufIn1p8m2r/jetNN/UmUfpf0RvydWP5OW+gL/emi3gTto80TNNqiPy2WzqNp/ekmidJvg/50XG8i7CdO9mJcvRd60xbz6KreBAneYN3UnzKR/k7z+uOMTOFsvx9n+wMwaNhysYv1r0p5rOXrWCvXsNYXa4vXk/aPSLcu/biK2k/6I/QbOr8Oa4voXLbXWbnrSDoALJ+AToqy3JW4ez8Ba3OwPItz8ww6t+oO5pYK6JUb6PUl9OpN9NQMamoGa3Q7DG9BDY6DnUGjwCmiC+vo7G1YvuZe5/Yl9MosOrdSHlS2ynsP78ba+RDWvsexJvbUZMm2bUZGGu+L4MeyLIaGhhgaGmLX7l3hxVSKgYGByv64QfyDuA2rSylSqVToamSA+bk53j/9Hm+/9RZHHzrKsWPHOHToEMMjI3WDyVNTUwwNDWHbNqffPU1uY4OlpcXQ/Ycty2J0dNRdzZwARfzhU+UW0Bcp/69h4L0mf4FjVPAiCajkWJ6LQmKqExBq9vxV1T08XH+9useHparngar4bd7gr+v3uceZ96jyogHb9cUrL6caEfAbW9uT07RnUPX+rNvD1RswbxT6MlS3x5lxkyMvgxEOcMIORt3VvOaLCiuXC+w5ZdwjxhdSaz81oa8BGsZN9hO5JyeNCVw2mFzQ/upyU9Nshj3LKseH2I9hT6rYe+TFmJHc8MFgql5TdQf+FN2/M+1R5jWXaY+qQGiynwZ74nnHNSxQnf6YqyqMxHpTE8bVm4T6E3KcyX4S78EZJKneBONJ9caoPzH1Jq7+mFruLtEbo/3EfqHjEYi3SW8avl+igb10Qm8M+hMaNvB3wspfxyb3d1rfA7j2cs36O3W3c1z9CdObJPrTwN+pCY03xGbQnxC7aZO/Y9Yd77Ae6A80MEeT/sTUG1/GjPqTpEAm/YlLTL0JxiP1p/xfo91E+Dsme2nd34mhPzGqqxI36U/IZWv1hrbrTU28ab2JsJ8IszTpTSXesNn6sX8V1BsvwxH1YcDk78TWn575O17UoDdx9afBc97KzmFdmMO5dQ5n6j701H3okS2159dkyydYwXjlj3GfN9VQFTawV2exVm5grS/UJNov73fq9CYYVi5n8nf6VX8Q+gSdW0Nnl0EGfjcNMgDcDJaNGhzHuvdpSA/CO3+Ac+tD9PoSaMdVy2IOvXQVZ20Orr5DKTWAygyXVwGXB05LJSiuuyuAC+tQyKKLeXAK4DjuMXYGNbkXe+bz2A98ETU1A5n4g739zpUrVzl16hT5QoGt27axZ+9eMgMDhA2iWpbFjp07eeDQIcbHxxkYHCCTyWBbVujxgiBEUbuHh3+vX0dV4+jgHiHV81U5XtM5KccbpuwdX5udRA5v5ZxGYWx0ID0d6HBV9wjyjnf/HBGSINSgfOnqcrr441Q7vb5oSBisMK+dg3FfGNbeoe3f6h5VXs6qXRbtj2pf9rvW/ob0Yqev6+K1HbJqOwfj4e1v2JMqGBrtz1/H9dkPLU5NeRW1N7HBflrcoyzpnnh19lOzR1V9syQiTnuHndNUgsETTHrj+50Y7d+03hj0J8p+jOVvrDeY2jtW+zfQnwh7qYn7XuiJ3sTUn9jPuxj607D8qlIm3xmVdg7ujdmpPfEa641Zf2LRUvsbwgSJh+pNiL/TXPt3SH/K5aw837qtP7Gedwa98d2hQf3pfvsb0kugP2UzqY030ptg2Fb9IXD9xvoTXf6Y+pNEb2Lrj3f5gL20qjeJyh9WYb6/tZy+WW8qv9NmfycYxtGbYEEj9CYYT6w/TemN2d+ps58a/SF5e7et/VtNvwl/h7B277Te+AoVoi918QpeO3vntkF/WvZ3qsXpF3/HWr2FtXoLPfsezuRe9LZ7cSb3QSpdf6Ga9AzxYAI6JNQO1to81toc9toc5Fd9xUioNx1/v+OL3+3vd4S2oot52FhFb6xCsdDr7AgJkQHgplDup57HdmDtfgS9tgCDEziz76FXb1X27KWYQxdzwDIoC22lUHYKrJT7ACh/Alo7RXe1b1DR0kOo8V3YB38G696nsKbvh8woWHZYpjYl6+tZFhcXcUol0qk0AwMDWJZ579pUKsVAeYDY23t4wDBgLAhCFKrsfFZn5FlQvZ/CZozWvK+qxi1Aa41lqRoH1x+ia/29QE6qE4pV+XdfvCasnhEoS0iHygusisdNuOepCM7UDM7gNM0Yrp+h7p0WjIcXpxKq8JBgPKw6CCuWqo+HXsGQcESGqsP/XidRldtZlevdNGPUZz9h2Y0KfcX0l8TfvNUOluGEsCuEzhAOCU32EzD4uCsU6mese9Xt/R7aWvVhWHYDJW4UNxpk5BXKYViDNchxnf3EnqFusJ8w3cHYWvX2E9CfxgscYupPZA589tC03gRD7zIR9hP3dg+cV4lHFqs7ehO9Is+kN8EVEtF6E7Q3k97Uvc+ro0N6E0N/IvUmrv4YshtbfyIFrQm9aaA/sfWmTn9MehNcIZFQf0x6E1d/Qv2dQNiM3kSsCI/v72xu/fHaP7n+UI3XZKt7+lMJjbSuP6F6E6I/9fbjVXNv9cd84UoGG58Q0XBe+yfXn4B9YNKfBrpj0B9/SRrpT32FhVyhU/pj0pug/STVm2CYUG/qiK03wXiE/pjsJY7+0MBe6vQnod4ESpJYb+L2t+L6y0n9nYrdedXda71R4XHTFdrk7wSfb/H9nX7UGzeucivYs+/B7Pvo4a04k3vQE7vQozvQQ2OgrJgNGG5vqpjDyt7Gyi2hsrexNharBS8XqH/f70Rk4I58vyO0H43Ob0B+3f3EcyHX6wwJLSADwK2QGkSN78ae+TwqMwL2IPrGe+jsgrui1xsIBjcs5dGl6obYoVrlffI5M4oa34Xa+SDWzOexth+GwYmuFKubWJZNKmVTLBbJ5XLkcjlGRkZq9vP10FqzurrK/Nw8ANu2bWPf3r0MDg01HDQWBMFEeYagz6GuzsxzO1SOdjvmTrkD1XimKZVZjN4MQcdxz3edw9rj/R04XdOTKDuDvhnw1RxX3dPaXw0rEnT5nLAZ4xoSr0AIhJ6SV+Llt/7VCaUa32HB6jf1N5p3aHVEGJV+bLx2DMSTrNCKMwM1IqxaA750q3ZY6RTVlc20AsH3O9Ht39IKBZ+BevZWtSdfmZLQqL3Djm13Byp2+vV600z7J1oRGmJvfr3BpzfVuq/rhlcKGEt/2qw3dfpT0RuD/vgboh/1JmH69XpT/nuzetOU/kTrTfVe9tlPTXlN+lOtwKb0ppH+hNhb5AqEqEbpcvu3mn6d3lQeV03qT5IVEhU78+lNAv2JpTcJ2799+sPm1J+Ylzf7O+XjuuTvxNWfsLJ1xd+JbX+N9aZr+tMqjdJvoDdVf8c7vE3+jj9s0d8J1ZtgXHvmFNL+HdCbuhWX3dabIEntLXb6Br0JxoP60xF/pxrW2UtSvQnRn+bav9XnXWP9MdKq3nTteWfQmzr96ay/0+j9jl9/wgpq0hs3atAfNGTnsbPz6KsnIT2AMzAOY1PooS0wNI7OjEJmCJ0aRFkptGW5lVIqopwiFHNYxQ0orGMVspBfxcqtQKkQyKFXhrD69+o5IkxK1+yvsd40/X4nof4QjCfwd4SkaLditYMuldxtTYsFd2vTQk4GfO8wZAC4VeyMuz/vA19E7XoI58pPcK69gzN7Gn37MhQ3ElxMuYPKYzuwDzyDdc8nsXY+5O4dnB7qWBF6yfT2ae65917ePfUuV69e5fKly4yNjpFO136+Q2tNoVDg1MmT/OhHP2JwaIj7H3iAQ4cPM2jYp1gQhMZoVHnvXyqdAu9/w/YEBlX2yMvHGafu+f7unRcWGmciUhs3EJywGRo3px4xEdKbkU6l7N7L+Urc35MMroCgOuPY6IE3PSO1jK9DFebQB7tXdfFg8wWbMSo0rniphl6Nh8ajpsRGhUlnwAZ/NZhj8GxjGNZcld9D7IVau4i7AsLYAgH7q3aoDfYSjFfSD6+uSPsJST6R/RhXvBhWwUZfAAAgAElEQVTsxWeonr11Vm8MFRKhN8Gz4+lNMDtmvQmGNfrTyH7arjcJ9cekN3H1p87eEuqPr6Kb0h/jc84Xr6GxoCTWnzjNVzk+xH6CKzuT6k/oDR+mPx5RepNQf2Ik31hvgmGv9IfG8WqF1cZi6o8xFwZz7z/98YjSn9raMp1tbv8IewmGRr3xjmtSf8wtVhtuSn8nhv4Y7CWW/oS2lEeU/tSWv3d6Y7CfBnpTiTdqsRb9nf7QGy9dg/60RW8M9hOmN0Fz9NVXnf2Y9Cau/oTpTRL9aZu/Y8pw0H5qMeqNyRyDYcNm89q/gf14/Xflj8fXn/j+jsF+THoTqF6P9uuPQW+CcZ/deBn07M+kP7XtbwgT608tbdGfYg67eAvWbgWvTq0DERI3DmD74o1boMmwTKv602pumrA/U202RZyMCoLQFEprLbdQO9Aaihvo5Ws4i1fRi5fRty+iV66jV909AnQ+C4X18ueeFdi2+5nnzCgMjqNGt7v/ju/Cmr4fteVe1Nh2UHfu6ta5uTk+OHuWF/7qr8jnC0xvn2ZmZobt27czNj6ObdsU8nlWV9e4eesm165eZWlpiR07dvKJT3yCh449hHz+WRCaY/bbYyh/hwjt3k9aoyxfR5vaDrdSvi6D8rpbLv77MfjJJf9x7rGBvwcdfEO+m73jg1Jh6nAFHexOuflxHG5/mdv7sG7c4WncwW1TByeywxM8vsMk7GBElKYjHay4/aFYHbKWOlimFBKErb5gSRxvZ/lbJ1Rvuqk/Dao7qD+tY9IbL0M90J+EA9ptp0X76wf98YilNy2VP26KvdSfhIj+1OtN2/Qnhr30nf6EhJ2kxfQ6oj9xzgvJbtv0J/YV22AHTdtbsABN0m29IZD7HuhNXH+n9eroJ70J2luwQtpS4GiS3NANTo+KJ9KbbupPovJ3SW/a2t+KoMX2T0osvWmx/TulP61j0p9m2r/VsEyv9UcQ7mDO/evXEx0vA8CdolRAr95CL3yEM3/e/f+1eVi/7X5GQilIDaCGtsDIlDvoO3U/anIPanhbeZ/fBA/WTcza2hqnTp3irTff5IMPPmB8fJwd23cwNT1FOpVmY2OdxaUlZq/PMj4xzszMDM/8zM+wbds2UilZxC4IzTL77fHKCmBVDssfw8Eq+2U1v1M9zov7j9Oamj2A0bXHV47zXcfD+7sf09wOozLW+J1Bj7p+xm/nOthBhzqYQVO8RdrcoUrc4e5Ch8ojNN7W8sfogHesQ+UREe/HF8jB6jHnviMd6t7NUA4mWK8/XdGbhhMouqA33dSfJtq/43rTdPljpVgb9lx/2ln+JtgE+uPRfv0x6E1f60+b6ZH+tPL86R/9ias3wXhE+7fFvjwi7KfbepMw/bbrTTCMYW8eXdOfuhS6oTdB+/Nos/7cBXrT0H58Pxhv99i0SW+6qT8dbv9I4twe8Q9vj950U39qMmTSnw7oTqT9+SpoE+lPVG77WX+6cr8JwiZCBoD7Ba3BKaILG1DIovNrkFuBfBa0twI4BZkRd//gzCgqMwx2xv17Ox8afU6pVCKbzXLt6lUuXrrE5cuXWV5aIrexgVIKO5VieHiYPXv2sH//fnbv2cOWLVtIp9PI6l9BaJ7ZfzNWGWRVqn4FMNpd6etfIYwhXvlItG+KZd2nbqkeB+CtLPYcOlXnUBM6CGy66yPdb9V9h9af51gObR91KGvTj9ula0eHyhcm6aAn7XAZstNPHepg7ZriTdFR+4thL6EDGHHav9XQK3+93iQhcQc6GHa7A20qQK861N3Wmzj6k8R+7kC9SWQ/Semo3gTpJ70J2huBBmmu/In1p4n277jedFN/EqXfJb0RfyeWv9MW+kJ/uqg3Qfto8wSNtuhPi6XzaFp/ukmi9NugPx3Xmwj7iZO9GFfvhd60xTy6qjdBgjdYN/WnTKS/0xn9SdL+HdWfnrZ/RLp16cdV1H7SH0EQPGQAuN/QGrTjbqZdKqCdImgHhXI3nrdSKCvlDvoqi7tV3LTWZLNZlpeWmZufY3VlhVzO3XDctm0Gh4aYmppiy5YtjI6OYtu2DP4KQot4K4A17kpeVFWBalb2er9T/t07Tlf/33uRpMonKp//6L9Vg3dto9+Cv9cdl9DBbiwZTTjAHZuRHCygIZ6w/L3oYLfUgSKCvupgBQvstb9Hq13NJPbnHdbeDlOd/XShgx1lf94fuvICOUhL9pb0DojZ/m2p2WABDTSpN41Ob1l/El4nWLsNEb2JvuGT2E/M4lbi5WQaZqf9pW6sNwb96Qhttb826U039Sdh+duuPzGK31a9CbIp9KeDd2Bif6cL+tO50tbbS7f1Jkhb7S2G3sRp/07qTRz9aUDL+tNBvYnVfH2lN8EweAP0o960qD9hetNN/QnTm27qT1vtL+4dEaf9W9WfYAEN8YTlb1lvguHdrj+CsImQAWBBEAQhFrPfHgOqK3/9e/1WVgCXPb3aFcHu+cE9fj1ns35f4Gqawe5QzW8hDp6yqHP4mu1SRc4ZMfj/wQ6X4fC2dLhM/YvkA1z91OGJ2QHqtcPf5vQTd8ia6GC1tQNWc4GAwcWxn1bDlmcIt0iPO5j9oDftWyGxGfTGS6fB6Z2kH/Wmm/rT8AIm/emw3iQa0G5Rf9rc/omTD9ObEP1pu+544R2rP5Uabhzf5PqTWG+CYQ/1JzqDvdQfXwW1U28SlZ/e6E/C7LVbfzySFz/K4mK2f1tKFqxBQ7zbehOkxfSb1p++0Jtggia9CcY7oTdB+zPVaIv0WG9M1dE1/Wlwu3fu/Y4v3vP+VozTBUFoChkAFgRBEGIx++1xFK7v5b13sFQgTvXvXhxVdeuUP+451KiKY10ZHC77l8Hx3ODgMb7r+n8PoowOru/EQFy17NjG7WB5fw7Gw8vSNrrsYNe5+2EdqjZ3sBt2uMM6VMbyx+1AtdjBbmcHKoped6gSpm8qbTs72Insp0G8npj60xW9CYa+CkliP0npE73p5Au9KHsz6U30CokO6U1T+mOs4UA8QJfbv9X0u6I33dSfUH+nHc+fpPYXrBBffBPrT+Td0cf6E13+XupP7BoOxAP0uf6YBhSSZL/d+uPRlN4Ez+iZ/ngV2GW9CdJhe2tKfwzZalfoEdSf5vUmGG9Rf5LYzx2mN8H045Z2c+tNIN7JO0De72yi9zuCcHchA8CCIAhCLGb/zRgo13eqrvSlvBK3vDK47Fl5e/s23hPYpTIIHPgd3/U8D9JbWYxSIXsAe+nWk6Q7V/m7ar1D074OTsSFe9WhiE0vO/Dt6dB3fQZwMAzr0BhqtyP0tAPVyw58MCTQIB4R9hNxdFh7t3vAwFeb0frTj3rTTf3p+oBpIG7ITtf0p0Fxu6I/fWV/vdQfAg3iizewn8R6EwxFfzqgN8F4Qv1pyp6CBTLFa+kHf6eu+DFrty30pd54dFJvgiHVBtlkehNXf+JlMHhCm2kp/aQKm6T9O6U/geKH6U2I/nRTb+LqT1voqf0Z9KZOfzrYAon1p5Z+1B9f7UY3312hP820f3f0RxDuJmQAWBAEQYiFtwIYfCt8y39Q5f8Ef1e4vpuCyh8qx1biqhovH+8RdNca/Rb8vebvvvTjOrima5lTiHCA2+7YJnSAI2agttyBigpjdKji1mZTdLtDlSj9JjpM7ehgJ+owtdgBb0OHOlGH2/dDT2YAd7VDn1BverXipgn9aavedFN/utr+rabfAf2JbX/BDMeNhxe3Em+i/UV/mqWX+hMssBftst4EwybsrUFttkd/uklTehOMt1l/ktjPJtCboL2Z9KZu/LgT9IXeeOl1Um8M9hOmN0Fz9OW47frTBvsz1W4sutr+SdMP3gAd0J+mn3fBAjQunjHeA/2pqa0G+tP79m81/Rj20nf9rdqwH/XHVJtN0Wv9EYRNhAwAC4IgCLG4desWAEopKvv2Bv4/6d/CQtPfTMeYfo/z90Y0c44gCIIgCIIgCIIgCIIgCIIg9Jp33r2Q6HirQ/kQBEEQ+pxW5/80c77MORIEQRAEQRAEQRAEQRAEQRCEziIDwIIgCEJHBmaTXlMGhwVBEARBEARBEARBEARBEAShdWQAWBAEQahBBmIFQRAEQRAEQRAEQRAEQRAEYfMiA8CCIAhCJDIoLAiCIAiCIAiCIAiCIAiCIAibAxkAFgRBuMtp1+CuDBILgiAIgiAIgiAIgiAIgiAIQu+RAWBBEAQhNu0e5JVBY0EQBEEQBEEQBEEQBEEQBEFoLzIALAiCIFTwD8jGHZwNHteNQV0ZOBYEQRAEQRAEQRAEQRAEQRCEcGQAWBAEQRAEQRAEQRAEQRAEQRAEQRAE4Q5BBoAFQRCEvkVW+gqCIAiCIAiCIAiCIAiCIAhCMmQAWBAEQWiIDMIKgiAIgiAIgiAIgiAIgiAIwuZBBoAFQRDuYmRwVxAEQRAEQRAEQRAEQRAEQRDuLFK9zoAgCIIg3ElorXG0RjtuCBoZZxf8KAWgsJRCWeXQ/eOdgVOCUh5KBXCKblw7vc6V0CzKAssGKwV2GuyMG78DEL2+O7iTNVdsuJ47ub0FQRAEQRAEQRCSIAPAgiAIAuC+RIz7gsw7Nu45Sa69WSk5Dk7JKb+AFQQzroloSlpDeVzUUgrLtrCtTfxxlkIWChvuwK9w56AdKDluuxbW3b/ZaUgPQnq4t3lrEtHru4s7UXPFhs3cie0tCIIgCIIgCILQDDIALAiCIHSVO20wuFRyKDmlu37FjdAajtY4xRIlVcK2bGx7E72kzmchvyarfO8mSgX339waZEYgszkGgkWvBY/Nqrliw82xWdtbEARBEARBEAShFWQAWBAE4S7lThuI7TaO1hSLJdlHWWgrWkOxVKLkOKRSNlY/36OlAuRWZMXv3Yx2XBsobsDAmLsyuA8RvRZMbBbNFRtuD5ulvQVBEARBEARBENqBTH0VBEEQhISUSg6FQlFexAodQ2tNoVCkVOrTVbX5LGQXZPBXcCkVXHvIZ3udkzpEr4U49LPmig23n35ub0EQBEEQBEEQhHYhA8CCIAhCHb16ybgZXm4WSyWKpVKvsyHcJfSlveVW3VWfghAkt+LaR5/Ql/eP0Nf0m830W37uNKR+BUEQBEEQBEG4k5EBYEEQBEGISbFUktUiQtcplZz+eUGdW3X3+xUEE/m1vhgEFr0WmqVfNFdsuDv0S3sLgiAIgiAIgiC0GxkAFgRBEDbFytteUyo58iJW6Bl9YX/5rAz+CvHIr/X0c9B9cb8Im5pe21Cv07/bkPoWBEEQBEEQBOFORAaABUEQhFjczYPEjtayOkToOcVSCadX92GpIJ99FpKRW+nJHtGi10K76JXmig33hp4+YwVBEARBEARBEDqADAALgiAIHeNOGTQuFuVFrNAf9MwWZfBXaIYe2I3otdBOemFPYsO9Q+peEARBEARBEIQ7CRkAFgRBEIQGlErOHTOQLWx+tNbd/0xlPtuTlZzCHUCp0NVPQYteC+2m25orNtxbevKMFQRBEARBEARB6BAyACwIgiAIDSg5shpE6C+6bpOy76/QCl20H9FroRN0067EhnuPtIEgCIIgCIIgCHcKMgAsCIIgCAZKjoMsxBH6Da1d2+wKhSxoWQ0ltIB2XDvqMKLXQqfoluaKDfcHXX3GCoIgCIIgCIIgdBAZABYEQRAEA458BlDoU7pmm4WN7qQj3Nl0wY5Er4VO0g37EhvuH6QtBEEQBEEQBEG4E5ABYEEQBEEIQWuNI0txhD7F0brz+0Q6Jdn7V2gPpYJrTx1C9FroNJ3WXLHh/qIrz1hBEARBEARBEIQOIwPAgiAIghCCvIgV+p2O22gp39nrC3cXHbQn0WuhG3TSzsSG+w9pE0EQBEEQBEEQNjsyACwIgiAIIWhHXvwJ/U3HbVRW/wrtpIP2JHotdINO2pnYcP8hbSIIgiAIgiAIwmZHBoAFQRAEIQRZ+SH0Ox23UafY2esLdxcdtCfRa6EbyArguwtpE0EQBEEQBEEQNjsyACwIgiDU4N/z7O7e/+xuLruwOejCHsCC0C46ak+i10I36KSdiQ33H9ImgiAIgiAIgiBsblK9zoAgCIIg9CMdGfsu3uLMT97n5PklFvPlwZDUIFP79vLUY0fYPWp3INEq2SsnePHtK1xbKsHoXr5xLMt3X19w//8bTzDV0dQ7QDHLykYB7GHGhtK9zk3X6fj8DO2071rfOw5nGvz+6efhU9val14UH/w2/Mlvwt99Ex7oXrJt43vH4czn4Z/8GpiqrZiHXA5SYzDQ1dyF0057Cl66o/fCNV7+ozc4sz7MY8/9LMcnkpx7lu//zvtci6Ox82/xnT+/wsquI/y3XzrU+HrGiwxy9Ktf4Zku3kp8+DL/8fUFdj/9C/z8/V1Mtwd00s7ae+0GdqJshrdM8djPPMnRyc76HJudu3oOpCAIgiAIgiAIdwQyACwIgiAI3eDWSb77g/PM5WF46wSH9+xkW2qNG1fmuPDxOb7/8RWOfvkrPLO9Q+nPn+B7L11kJT3M/sO72TcxycBOeObJachsZbxDybaHJc68/i4fr4/x8LMPs9v784W3+M7rC9BwwEToH47D5/4xjIX8NB32R6Elzv+uO8h9+LfhuWPxzzvxu3B1DD7/HIx0LnubhgsX+HAdIMvZ965x/OndUWd0noEJHntkJ8N1P6SZkltJ8KizkwLzl2c5P3uDV//sBVb+zld4qpuTBZrg2slXOTmX5t4nn+TwaK9zIwiCIAiCIAiCsLmQAWBBEAQhEVprlFK9zsbmQp/nhR+cZ64wyOFnP8Nn9lZfxx49BhSv8ebL19gx3bksXDt7jRVtc+CTX+BLB6qrfo4e7lya7SPP/PVbXFotcS9UB4B3HnQHsMd29jBvQnxGYea4ecWq0F52fR6+dgwm70123qX/4K4ufloGgGGJN0/doqQGGRvZYOXCBc49tZuZXj8C02McOHxk8321QeguYXZy+GGeOPsS3/nbJc6cvcJTn9rbq9zFYvnGLS5dH2TsEUAGgAVBEARBEARBuMtRSsXeslEpJXsAC4IgCEKnWfnpOS7kYfi+h2oGfyukdnP82SfY38FBheW1ApBmePwO+uTj2F6OHj7C0T2JvsnaBj7mT/7X3+L3zmYTnJPl9Hd/i//xzz/uWK4EoYaxA/DgcdgtS0KbZvYsZxfB3vcAzx2egOItTr+/0etcCUJLDE+NMQzk19Z6nRVBEARBEARBEAQhAQOZ+FvgDWTSsgJYEARBEDrLBheuZ4FBDtwff6VNzX69gD00xoGHH+PZQ1urB3l7L37yCxxdeotXzy6R1cDQGIefeJrPHBiuHOPl5fSf/ymng4nVfEK5xMqlE7z4t9e5sV4ClWZq5hBf2nqN7/ztAmOHn+EXn5zGvLdl/d/PvPCnvHx9K898YzfzPzzLh7cLDB96hl98cisrs+/z5ltXuHB7g5IG7DQ77n+ILz15D8PA3BvP890z3oDLAi//zp/yMrj7TW5198ykkic3/4tn3+DFk3PMrZfrbmIrDz/+BMd9g+/VPN3D4ivvcvpmAYDhrbt56gtPMjPUqHXu5Stf286//d3f5/e+9Q/4h4dCBvVrW5PT3/19fuvMdv7Rv0q4GvNuw9ub92svwse/BqefB2c3HPxl+PpX4Nbz8P3fhqULkHoGPvcr8Li3JnwefusrwL+Fb+6BP/0/YPYUpI7BkV+Gnz0e/e2b9/4IXv4j9/rshp3PwRe+BXsz4FyD//gcrPwS/Itfhoz/xGvwfz0HG/8C/vtvgQVceQl+8J/cPLAb9v4S/EJgVa2zAn/9m3D6RcjPQ+Yr8Llfhsfa8Jnh+efht361dn9lZwWe/w9w9pVyesfh0D+ELzwDF8t1D8BL8FvH3f/t9v7MfUOJc2dukCXN4UMHGd5ZYPfbS1w78y5zD4bs57t+kTdfeZ+Ts66W2RPTPPVZwxrdxbO8+Mo5zi0U3D1Zp3fxmYfanP3K8+EzHLj6Bj++6uZrePtePvPZJ5iaf4sXXq/q/I5jT/DcozvKJ9/i1e++ymn28tyzY5z40QdcWiqBspncM8OznznCVMN7KUKH9RVe/uO3OLMxwVN///M8HLiXXv6jNzhTmObZX3yGGVX/PBzeupunPvc4M6O+CU16gdOvnODEpRWyJcAeZPfDD/Nzx3ZzB017ag95hxxgB14cRNbzvPfMfZqfmzjHX719i8UikBpm/yce40uHp2vqOqkfc3jhDX58foXs0F6+cSzLd0N8l4oPohc4/dJbvHk9S74E2DaTuw7w2acfYkfD57cgCIIgCIIgCMLmZWxkmI1cPvaxsgJYEARBEDrKHIvLAMNsi/mJ5+yHL/OHL17k2sYA+w/P8Myx3WxRK5z725f5ztu36o5fPPkyL1yxOfDoIY4fnmB4Y4Uzr7zCm0uUP5N8iJlJgDS7jx3imSfL/x6bqB3DArIfvsr/98Mr3NhIs/vwDM88NI19/V2+d3KlpVqAFU78xbucWbbZsnOaqaEC5D/gxRfOcWE9zZ5DMzzz5EFmRh1unDnB98rlHD8wwzNP3sPuAYBhZsp5fzj0q88lbrzxAn/4tzeYs0c5fOwQxw9PM7a+wIkXf8Dz54Mr91Y48RcnuGTv4PiTMxzdmSa7cI0XXzjJYkRpho5+nV/9r7byzu/8fsRKYHfw9zff28o/+ldf59HBuPV1h7K2Ev6vEzjur/81zD8MX/33cO8eOP+r8Me/Bn/wn93B4Gd/BdKvwl9/G4KLqp2T8J9+E7b9l/C1X4Ptg3Dqn8N/eqlx3l77VfizX3MHlp/9Dfj0N2HpN+H3/hmcy4O1Gx5/Dpzfhp8G7ofzL8IS8Mxz7uDvud+G3/sVWDnoXuvZb8Ht34T/+7eh4qfPw//7TTjxKhz8l/C1fw8Hc/BXvwQ/nm+2hhuQhz/5Jpx6s5re/ffC+/8SXjpb/mT0b5S/sX4cPvcbbvz+u3QFcf4DTl8uwdA0M7sANcPhfTasXufEhVLtsfoGrz5/ghPXNxjYupvHnpzh8Ngab/7lB8wFr7t+lu8//z7nFhwm9+7l+PF72K/neOGV68T+poDjsLK6VP9vtn518tyJ13lzdYKHj89weFua7M0rvPDCD/jeSzfI7byHZ47tYDJd4MbJN3jhYqBczgI/+stzLI/t4viTB5mZsFi8cpbv/tmJ+nJViKHDai8PzwyDXuLM6aXa08t7Lk8eeYgZBfnz1efhzLFDPHNsB5m1a7z4/Vc5V7mXbvHjP32ZVy+sYG/f6+r5drh24g3+MOSZedcQYidzV9/l+VevkSfN/Q/cUzk0Xj27lGZ/yp++s8b4zIxrP3aWS2+8WlPXzfgxL57LwsQE+7cOUjL4LscPjAEbnPzLl3n1SpYBr713DZO/eo7vv3G+M3UpCIIgCIIgCILQB2ydHGNwIPg2t57BgQxbJ8dkBbAgCIIgdJY1lnNJjr/GW+8skFdjPPX1L/BweSXL0UfLK6bee5eTx2pXTGXtHTz3d59ghwI4wj6e57tnsly7sgFH93L0MNiXz3Ju0WbL/iMc9Rbzza9x8tRSdTyqkvYwj339Zzk+4aV9g1f/5PX6lcOJKFCcPMK3vnSI6nrZHTz7C3sZG6sOMB09NErpOye5cOkKi49PMzk9w9HpWyy+d5FruUF2Hz5CZdvi4BhZ/gN+fHYDhnbz83/3SXaXP6n92LF3+d4fn+PS2ye5dvDJ6h7CFLD3P80vfrK86u3wDvjuq5xevMWlPExG+FNDR7/B//IPvsv/9Du/D/912Erg6uDvP/kfviGDv7wE3wkbhP08/JNfq90beNc/hm+WV6AenoJf/xZceRH+zn+GY+WGmVhxV6yevwb3+lbM3g4c9+Az8L1/Bmf+Nzj9DBwNadj8m/Dq8zDxbfil8iAux+HxQ/Dr/xz++i9g5jl45Mvww+/BT1+F41/xToYTvwvWL8EjY8A1d1XvwC/BP/1lGChf6/AU/MavwKlvwuNjcPoP4eY8fOp78Ond1bymvwU//gt46lvNVbORs3BuHvb/e3jumWp6X/lvYH0bjAEPHoAPgWuyX/Pi6cvc0DA5c6isGTYzh3fw40vXuHD2A/IHjlQm0Ky8+y6nV2B45gm+5e2pevghHjv9A3737drJApfe+oBredjx+Bd47mhZMw4fZea1/5+9O4+v6rwP/P+5i1YQAoEkIxaxCCRbYCPbeAGbxDje4jWJ49ipm8ZO0kyWjjtx0vQ3TdJp03bSqd1X08kybVKn4zh2YntiYztecLzhAAYM2CxGAgFmEyCQQAgktFzp98eVhFYkga6uJD7v10vo3HOf8zzPOfdw7tX53u/zvMwLpZ0CsD2pKePV35Z1Xd9lRAaoT8/l3pvmRK+7+anUPbGBnUerSb3k+rb2C0dHszD37dsPue1GqqipIaldOQryyHn1NZbt38XyD87n9gu6uaj19TpcOIXsTSUc3LmNw0WtfT7JhpJDRALpFBSmA2W8s7aS+nA6C2+7hsLW98MZ63lyyS7WfVBF3rx06j/YxIZqSMtvfz0/n+w3X+T1kq3svCST6X07siNLT+dJUhqFi69k4cTWfN2+Hee2aqtCXHFnu88nBSW8sGQLZW2fT87gc0wkjUV3LqKgXfZudk+fXShhdzkwPo/br2s5twvmsLDxEIdr+/hNO0mSJEkapnKyxlNWXtFjJnByUiI5WdE/oMwAliQppkYxJqkfxSvK2FcLZE9uu2kKQGAy+VOTobmKsr0dN0nLzW0J/kZNGBe9WV9zop9Zu21t57YFf6NtZ1OYe7bRy2RmzWsf/AUIdQj+Ul9N9YkQSYlAc4TG/jax6xAHmyF1am5b0AGAlPPJywZqK9ndIbU3men52e0eZzI+DaCB6j4eumgQuLtMYIO/XbXLKu3w84Vo8LG9KTNOLQcnwGiA2zsGb8e3BE2rO38ToFM5EmH+7UAF7NzZfdc+3BjNQi6c3/HTcdJ8yAOq3oUjRIdMvtnyGAAAACAASURBVGRhdHjl8pYy1cujgdXCxdFhoY+URLOBp1wIje2ynIPTYBywtyVleecS4BrITeuYDT1pIdRt6PoFh7M2DSaPh71Pwfs7ofWLKeHxXY//ua55B2u21EBbILLFefnkpwPle3i/XeLqvgPVdDfMf+oFk+k4mPch9hyKAOnkXdD+ahgiZ1Y2vQ0m3yYpnaLL2o3m0PozbwpjOhVNy2pXbyCN1GS6tp+RShrdzQnbuZ+pFMzJJhE4eKDTG1Grvl6HE2czf2YCHD/IBwdaylRtobgcQlNyo8HBowej70kZmUyNtMtkDWVwXiocPRTdcPeBKiCZSROT22W7Hid7/GhorKYsFgn1w0GH82QGU0cDgVQKFl7JwnZTIvT1OLfp/PkkJZ+Lpyac+nxyBp9jUqfndwj+nt55ZI8FKnexbONeDtdGp3AgnMkEr2WSJEmSRriEhDC5k7LJzBhLclIigUCAQCBAclIimRljyZ2UTUJCNPfXDGBJkmJqAmPHAIdqqDgE9Jac0tBEBCDQ9alQy7rGTkliaWMGKOPlNG2PHZMKdB1etO+6GQK7uZqda95leWkVNZ2jvaP730KkoWWewUDn77eF2o5dpMOxS2Xs2P6301nXTGAM/narH1mlGd0VSurbVxfTc7qWS2r5Fkakh3lSGloi/qFuvq0RBKg7NUz1/NthzV/AuyXw8XxYuwRYCJe2zKNddyz6u/TP4UfdtBXcB+RDbQU9Z0UTDQAPaAZuGtz5U3juh/DyXfAykLgQCv8IFvdhfuRzSP2WXexsBDLHM7W+iup2p012VjJU1VDyQRnzr8wBGqJzkELX867LtbSh5Rp06prUJkjf56pNSGN6wfld5yHuRvfvD920352UUYzrXC4xSBJQH+k+W7nv1+EQOYU5jC3dxbbiHSw6bwZlH5RxlAQKClq+AHKyIfqeVF7KE78t7dpYsJrDNFBTD3CS4jffoLibPh2p5NzMZu90nhTOSOKFp7dQvOxdsu5cREHr92T6dJxpqyc1rWuUNTEcAhqin0/O4HPM2IzsroV7lM7864qof2sTm9e/y+71QCiBCVNnsOjK3uanliRJkqSRIWNsGhljT/8tWP88kiQpppKZPjmNdw5Vs3PbXhZmTj598YRgNAjQ3PWpSMu6cJ+jBP10mraPHuvj7JTdbNuT6k2rebW4GkZnUDgrk7EJACfZ+f4uuhm0slehhOiBiTR3nlA20nbsQjE6dimFn+S7d/2W7z/6OBUzYWtZBp9/wOBvXFSVRYO17eNPdS3prqEexvVOaPnAHOlmvPYm6BB8TlsIeeNh8+twLfDecsj7CWS11tUSRM75C7hkWtf6kmcAidFsYebDR+/rPgN3Yg/7dzaSpsOn/wWa6qFqH7z/FKz6KlT/BD41PwYNDkdVvL+tJb330A6e/G33c4rWlJaw4ZIcLkxMILH1utL50tPlepjQcg1quSa1D5A1QR8HgB48tSc40kzHTN76pmjyeA8X035dh9PPpyBrF+/s2cWGWji4swGy8rmidY731veksdksnN3Nt3USMxhDAodDEJ0ndgbTu8kiTet2zvhzUGI+V+Tt5LfFlby7toyCK1vy0/t0nE+p6WaIjPqWiG44xOB8jknJZeGNuSxsPknNkcPsLClhzbYSfnsCPn/jqeHZJUmSJOlcZgBYkqQYS5uTT0HxuxSXvs+rEzO4bnqngT4bD7F+5V6yry4iZ3wOk1L2UnxwLxtq808Nn9i8l5LdJyGQTk4vMeQz1tb2LtZU5Z8aBrr5IJt3dc7+Hcu4VCg7UcPhZpjQEiCo2VrGwT42V9cybGPO3EUsnNWysnYTpWuAhI5lo1lDDdTWAj0NE5mbSfY7lRzcvYuyy7JPBS1qt1B6EEjJYOoAZPz2ZMxFn+S7PMcPXoLPP3AblzoUZZwsgc1fODUHMMCGJcB4mN7DTKDT5kYDvJvXwMLbTwV769ZAKZB+aXT4ZgASoeheKP0hPF4GdflQ1C54Ov5CSAeO1EFBpyGl28fE8u6H4iUQLoALOp0sjcTgU3p9tE/j0iCYCOOmw0e/AKVPwaF2X7kIjQeOQ+1Atz9MHCihpAoYncn8CzK6DSRVf1jKhvIqijdXcWFROjMmpbNsfxXbPtjBwo+cGr685oO9nb7Mksn0iQls3lbF5verKGybVzVC2baD9PFrNoOoitIPaihsnQOYCDu3HqQeyD6vhzeifl2Hk7kwP5M15YfY/PJWqhtDTM+ffeqYt74n1TSRmn8+09sHopsbiJBACNqOf00gh8KC9vMXQKSxgZB/8baZMG86OaVbKGv7AgN9Ps5tunw+2cHm3Q2nPp8kDtznmHDLFybqaiOcypE/ydHKBsZmpEEgmdSMyRRemcTR/cvZXB3NVs7psUZJkiRJOnf457AkSbEWmMyi645y5OVSdr69lMc2pzN10nmMT2mgYs8hdh+opqY5gcL8InKycrh0XgY7VlbyznNLKZuew5SEGkp3lnGwFtIK50Rv2MbEqbbXP/cyB/MnM72l7epIAtDQrmw20yclsHlbJe+8uJramWlw7ACbS6r6nMU2ITuNxOKTlK1byuvHpzCuoZJtu45S0yUzKJOC6als2FDNmpeW03hBBuPGTyev8wijibO5In8XS4rLeOGZNyiYfh5pDZVs23mIo80hpl5yYcxvCo+56Db+4aIYNzJsHYfSNXT7DYHMiyBzgE7stPnw1p/DrttgRhKsfQrKNkLW9+H8HtpInA8Lb4S3/w4e+RAuWgANJbDuMWiaCx+7qWP5GYsh/YdQ/jKkfwdmtH8yBxZ/BZ75IfzkQ7j4GhgL7H03mjW86DG4JA3Ovx1WL4Hf3ws77ofCHDhRBlvfgIpL4ev39jLkdRm8+Rh0N8f4pfd2+RIF1cvh3/8RMm+Cgkujfdq2JDrUdEG7HZhzL2z+ITz7Q7h6AWQWQM658m2GCKXFB6khxPSiKyia3kOaYm6Eg0+XcrC0hLKiy8g5/wIKS1ayedcG/vO5gxTOTqO+rIxth+pIBNoPPJ4zL4+cXVso2/AGTxyaTMGURKp3lrGtqokQfcwCbqhmZ/GWbv4rJTBhRh7ZA/UekZRMzaY3ePJgNrNyEjmydQ+lRyOQNpkrzu9heIP+XoenT2fWu4corj4JKTkUdjjmre9Jh3j1yaVMnZ7DlDFw9NAhdu+uIlR4DXfNSyex9fhveIMn9ueQNz2N1Npqdu47RNnxsVz3mYUdg5rnsrYs4Co2rC3jwitz6OtxbqtidAPr2j6fVLN560GO1kNawQUtn08G7nNM3sxM/rD3EKXL3yR8QQ7jM3IoHL2DpS/sojotnemTMskeA0f37GXzcQhNTO/T0OiSJEmSdC4wACxJ0mAYO4fb78ymeN0WNuyoonhjSXR9OJkJk3JZOH8O01tiLKmzFnFXynpeX7uX3cWl7AZCKWnkXV7E4vyMmHYzddZCPhVay6trD1JWXEpZIIHs/CJuT9/FE6sqCSWeumubc8WVLKx9l3f2lbGmAkJpGVx8XT77lpb0bQjn3Cu44/J3WLr2EKUbSyCcSt6Vc0hav57NnYqOnXcVi2tX8s6OQ6xffYi0ggnkzexcYYjsy67jrvTVvL7hcNsxDqVnULTwUuZPdjzm+FoDb67p/qmrX4bMAZqkM3EhfHoS/L/vw+adEJ4LBf8CNy88fUB1wfdh7IWw7Cl4/TEgB867C+64FyZ3jlbkQOE1sOINuGRx17pm3w/35cNLv4Llfx7N/E25Bgq/Axe1/EcP5sCfPAXLHoENj8COMghOh6wb4Y7b+zDfcQmUlnT/1Ox7u855mnYN3HIYVr4Ebz926lgVPQIfm3uq3LR74cZ6eGsJvPwYFDwCt8/lnFC1gXW7I5Cey/yegr8AKeczf+YuXig9yOadEXKmZ7Pw1oWMXbaed/YdZP3qg4TSM7nihlx2Prel4/UwJZ9bbklm+R82UXxgL2sOhEjNnMh1V8Hy1/fSdXDdbtRVsX51VTdPJFOYmUf2QM13mzCBxYvTWP/GVtbsjUAgxNiJeVx1zRyyewyo9vc6nEP+1GSKS04yNi+/y5d0Umct4q70TSxbuZN9JaXsbib6vjk1n0VzWoKSgWwW3rGI7Hfe552dZaw/BARCJI5Jp2jBhQZ/O5kwL5fskhIOlm5hw7wcLkzp43FukTSpiJvSS3np3VJ2R4BwKjlFc7hp7ql5fAfsc0zuFdx0yXLeer+S4vUlMDFI4XVzWHzZSZZtOkxpcRWlEJ0DePr5LL4q3+GfJUmSJKlFoLm5uR+z9UmSRoqDBw8SCAQIBKJ3Rvu63NfnW51uXeflvjzubX1P+lu+rr6h90IjUXP0Jn9HEcpWvMwLpVBw3c0sisXcpDojSYmd0zwHUHVfB/MeKirg5zcC34cv3hjjtqrh/y6GIw/Af+0tU1dt0rJ7L3MGztnrdcwcYvlvl7OZyXzyk5fGOKOyijVL3mD9iUwW37OQvCEerI3VNXdYnMMV7/LE7/ZCwULuuSwz3r0ZFDF9j5UkSZKkfqqtaexXeTOAJUlSiwhlK1/mhZ0hsiemMyFzLGMTGqjYWUbxoQYYO4MLDf5KsGMJHAAuX2zwVzobOzexoQpSZ00f8sFfSZIkSZKGEwPAkiR1IxCAc2+MjBA5l13GovAWNuw4zOa9LRmg4eS2oRXHxreDaqefSe1n0EAQmpti3MhwVA9rHwNuh0tiPav0CBKIXaT83LxejwQ1bCg+RIRU8i8Y+v+XYnnN9RweemL+HitJkiRJMeYQ0JJ0jnII6NOrb2jEt0gNZYFAgMSEGH6Xr6YSIsNgWFIND6EESI3NHOZerzUYYnnN9RweemL+HitJkiRJ/dTfIaAdtE6SpG4ETf3QEBfzczTojW8NoBieT16vNRhieZ55Dg89viaSJEmShjsDwJIkdSMQ9MafhraYn6OhhNjWr3NLDM8nr9caDLE8zzyHhx5fE0mSJEnDnQFgSZK6YeaHhrqYn6OhxNjWr3NLDM8nr9caDGYAn1t8TSRJkiQNdwaAJUnqRiAQ8Oafhqxgu7m3Y9dIyCxgDYxQQvR8ihGv14q1WF9zPYeHlkF5j5UkSZKkGDMALElSD4Ih3yY1NA3auZmQPDjtaGQbhPPI67ViaTDOL8/hocPXQpIkSdJI4F82kiT1IBQMYgKIhppAIHpuDoqEVAj4cVFnIRCMnkcx5vVasTJY11zP4aFhUN9jJUmSJCmG/MtGkqTTCMVw2FLpTAz6OZk4anDb08gyiOeP12vFwmCeV57D8edrIEmSJGmkMAAsSdJphEJB54HTkBEIBAgN9tCUianOBawzE0qInj+D1ZzXaw2wwb7meg7HV1zeYyVJkiQpRvzrRpKkXoTDZoNoaIjbuZiUFp92NbzF4bzxeq2BFI/zyXM4fjz2kiRJkkYSA8CSJPUiGAgQDnlTUPEVDoUIxiszLJRgEFj9k5QWl8xxr9caKPG65noOx0dc32MlSZIkKQYMAEuS1AehUNBhARU3Q+L8S0x1PmD1TeKoQR36ubMh8f9Fw1q8z6F4t3+u8XhLkiRJGon8K0eSpD4Kh0LeINSgC4WCQycbLGm0QWCdXuKo6HkSZ16vdaaGyjXXc3hwDJXXW5IkSZIGmn9RSpLUD+FQyBuFGjRD8nxLGu1w0OpeUtqQCP62GpL/fzSkDbVzZqj1Z6Tx+EqSJEkaycLx7oAkScNNKBQkEAzQ2Bihubk53t3RCBQIBAiHh/B8hImp0fld66oh0hDv3ijeWueIjsOcv73xeq2+GMrXXM/hgTeUX29JkiRJGigGgCVJOgPBQIDEhDCRSBORpgjek9VACAQgFBwmw36GEiA1A+proP4ENDfFu0cabIFg3Of77Quv1+rJcLnmeg4PjOHyekuSJEnSQDAALEnSWQiFgoRCQSJNTTRFmmjyrqzOQDAQIBgKEgoOw5vSianRn4YaaDhpRvC5IJQACcmQMLQDv515vVar4XrN9Rw+M8P19ZYkSZKks2EAWJKkARAKRm8sNjc309TcTHNTc8uN2WYzddRBdMTJAMFAgECw5fdIGIYyITX60xSBSH00ENzUGH1sdvDwFQhCMATBcDTwG0qMPh7GvF6fW0biNddzuGcj8fWWJEmSpDNhAFiSpAEUCAQIBQJgkonOVcEQBFMgISXePZFOy+u1hjvPYUmSJElSTwwAS9JIFqmHktfhw1WwfzNU7oITFdBYT1YogeaUDCLpk2nMyqdh0sU0zlhEcygh3r2WJEmSJEmSJElnKNDcPLIGiXpvUynrN5VSsn0PFZXH2tanpiQxJSeLorl5zCvMY3zGmDj2UpJibO97sOZX8P4z0Fjf9+3CidQVfJy6C+8kMnEuEM0uaR06r/3vnpbb/+5tXeflvjzubX1PHP5PkiRJkiRJkjQc1dY09qv8iAkAr99Uym+WvNEh6Hs6C+YXctv1CwwESxpZjuyG3z8cDfyepfrzb+bkwq/RNHayAWBJkiRJkiRJkuLknAsA19TW8Z+/fpn1m0o7rE9JTmLKpMy2x7W1dewpO9ShTGpKEp+5/RoWzC8clL5KUkyteRx+973+Zfz2JpxI7eL/j/qL7gQMAEuSJEmSJEmSNNjOqQBwTW0dD/30SfbsK29bt2B+IQvmF5I/c0q35Ves2cTvl62j4sipTOH77r7RILCk4e3Fv4EV/xGz6usuuZeTi79tAFiSJEmSJEmSpEF2TgWA//aff9kW/E1JTuJr99/ebeC3s5raOp57ZQWvvb2ubZ1BYEnD1jPfgrW/iXkz9XM/wcmbvg8YAJYkSZIkSZIkabD0NwAcjlE/Yu65V1a0BX+n5GTyza9+htSUpA5l9uwr5zdL3gSiwz3Pm5PHgvmFpKYkcfcd1zB1Uha/+PXLAPxmyRvkz5zinMCShpcX/2ZQgr8AiRufgaTRnFz87UFpT5IkSZIkSZIk9V8w3h04ExWVx3h+6Uogmvl73903dgn+AqzfVErJ9j2UbN/D+k2l/OLXL/OXf/+ztsDxgvmFXHv1xUBLVvDSFYO3E5J0ttY8HtNhn7uT+O4vSXz/6UFtU5IkSZIkSZIk9d2wDAC3D9TedsOVTJmU1W25ojl5zJ45mfHjTmX1VlQe6zBv8G03LGh7fsWazVRUHuu2LkkaUo7sht99Ly5NJ7/2DwSP7o1L25IkSZIkSZIk6fSG5RzAD3znR9TU1pGSnMS//v3X+7RNReUxfvyLZ9lTdgiA8Rlj+MFffQmIBn5bh4K+9forue2GBbHpeHvVpSxb8jve2n6Q6hPRcbvDo9LInrmAaz/2EeacNxxG597Eo3/xKJsu/Bz/69458e6MdG556gF4/5m4Nd9YeCsnb/1HwDmAJUmSJEmSJEmKpf7OATzsMoBLtu+hprYOiA7h3FfjM8bwvQc/x+yZk4FoQHjFms0AzJuT16H+WKvd9ATf//t/54WdYfIW3sE9n72Hez57D3cszCO86zUe/ef/zg+eLKY65j2RNCztfS+uwV+A8ObnCe3fGNc+SJIkSZIkSZKkroZDmmkHrUM3A+TnTen39vfffRN/+fc/A6JBYYDUlCSm5GSyp+wQW7fHeFjTpmJ+99R6qidcyze/cQNZHULwRVz2sU9Tue4pnt6fQlpseyJpuFrzq3j3IGrN41Qv/k5LBnDrSjOAJUmSJEmSJEkaSAmh5H6VH3YB4NbsX4gGbvurdejnmtqTHeYOTjmDus7I9k1srIXc6xd0Cv62CpNx8T386eD0RtJwE6kf2Ozfq/8NJq6FJ/+935umbH2JmsXfozmY6BDQkiRJkiRJkiQNEcMuADwQxmeMYTxj4tN4UjJhoLa2FvqT49tUSfFLz/LCu6WUn2iEcAqTLriWOz61iNyU9uUaKf/gLV5+fQXbD1RT2wgkZZB78Q3cc3sRGe2Czpse+wse3TCHz/3DLTQ8/wSvrNtFZfIivvZXt5AL0FjJ+tb1dUA4hazJRVz7mVsoGt/x1GmsWM+zv3qWdXtraQTC583hlrs/y4Kcc/IUk2Kn5HVorB+Yuq7+NVw3B179uzPbvrGehJ3LqM/72MD0R5IkSZIkSZIknTWjc4NtcgHnj1rG6t8/whMZ9/PpeVmEe5uJuamc1/71IV4pz2LO4ju4dkIC1O1jzdIX+PH/KudPv3sneS11VK96hIeeP0huQRHXLppEGtCwbw2vvP0EP2xK428+ldep8nJe+9EPOHgil4KLb2Dx9DwyAGo38ej/epRNtWnkXn4LN0xPg7pKNr79Gk/80zH4u89R1Hr2HHiNHz98jPD8a/n0ojSo3sWy11fw7L/+G/x/X2NB+kAeQOkc9+GqgamnNfj7xmfg7TOf+zyhbK0BYEmSJEmSJEmShpBhFwBuP2zznn3l5M/s/zzA3ak4cgyA8eNinBkczOPO/3oP/MdTrP71Q6x/MkzG1AIKZs+lqKiASeNTurwo5a8/yisHJnHDnz/Atee1ri2i6MJJPPqDJ/jd8ht44OpoNnHa5ffzD/PDhNtXMq+I7Kbv8+PlK9j0iTzmdAg4l1M54XN898/ncCqRuJFN/+8pNp3I4tpvfJMbzjtVuujyj7BvbyWT2tdfXsvMr3+XW6a261tmI3/9yGrWb6pmwUJnM5YGzP7NZ19H++DvG2dXX7i8+Oz7I0mSJEmSJEmSBsywCwBPzTkVAH5v03Y+tuiSs66zovIYFZXRAHB+3sAElE9rXBF3fnMuN5d9yJr1y1i/rpgVSzexYikQTqNg8T18enEeaUGAXaxeVQ6z7+Qj53WqJ6WIi2c9waMbN1J99YLogNLBcLcZxSkpKdBUzsHDMCer/TNZLLq+ffAXqF/H6g21UHBzu4BzqzCTJmd1XDVtER+Z2qnYjKnksppdBw7Sr6GuJZ1e5a6z234Ag78Aoaq9Z12HJEmSJEmSJEkaOMMuADw+YwxTcjLZU3aIku17qKg8xviMs8vafW7pirbleXM6D5EcK2FScvJYlJPHopuBxloqyzay7LlXWLH033no8P189+4CwlRTWQVUPc1//4unu68qq5a2GYWbqild/gy/W7adg1XR+XjbFexuY7I7rz5aTSWQNXVa306QMWO6hngTU1vmOj7Zlxok9dWJijPftm3O35vOatjn9oInKwekHkmSJEmSJEmSNDCGXQAY4GOLLuEXv34ZgF/8+mW++dW7zriuispjrFgTzYIbP24MRYMWAO4knELG1Mu44+tzyXnkr3l63WusvrmABa2R1Qvu5LufOr/7bYMpLQHYRoqffIhH1tWSNnUBN96cS9qoLPLOG8PBN3/Mv789OLsiKYYa689ww+/DdQtg3cAFf8+uP5IkSZIkSZIkKRaGZQB43pw8UlOSqKmto2T7Hp57ZQW33bDgjOpKSUkiJTmJ2pN1fOaOawa4p2cihWmTM6C4kdp6gDQy0oFjJyEtrZfBlEtZ/14tTL6FP//6og5la5P60YWxaWQAxWX76D5rWNLw8114dRZc9xuoGOAgsCRJkiRJkiRJGjK6mS12aKuoPMZDP32Smtq6tnXPL13J80tXnlF9qSlJ/OA7X+J73/jjwcn+rVrBo4+uprKxh+drN/HyykoYN5OC8QC5FM3LgL2v8cym2m7KV1LZtjpMQhJQ30CHkq119lXixRRdAGx6jVcOdH268kh13+uSNLDCiWe+7dt3w6ub4LqX4JrC+PdHkiRJkiRJkiQNuGGVAVyyfQ8/+cWStuBva+YuwHOvrKCkdA/33X1jr3MCb92+l9kzJ7c9Tk1JInXS4GS6NpZXUl68jB9851myZl9GUWEuGS3ZudX71rN6eTHlTZO44cu3MKllm0k33c8N2x7ilcce4seXf4QF09OABiqL17DivV2w8Gt899ZcII9FH53E6pde4d9+VssN8yeRULePNUvXcGxUGpzoay/DFH3iHtbveoLX/uX7lLa2WVfJxuWvsam8gHv+7nMUDauzRxohRo2Hqv1nvv3bdwO/jmYC8xl4Y/NZdacpOeOstpckSZIkSZIkSQNr2ITwnl+6kudeWdH2eEpOJp+545oOAeGS7Xv4y7//GUVz8sjPm8KUnCyaaSZAAID1m0pZv2kbFZXHuPbqi7k7DkM+h2fdwjf/9iPsWvsWr61az7IlK6htyQYOp2Uxaf6dPPCxy5jUfvzmYBbX/te/ZNLrL/DK8pd5YmUjECYlaxJFn3iAa+dPaiuadc3XeCD5cZ5euoKnH2+EpCwu+9QD3HH4ER5a2o+Ophdx/zfSWLbkd7y17gWeWAmEU8iafBn3fOsWg79SvGTknl0AGAY0CBxJn9x7IUmSJEmSJEmSNGgCzc3NzfHuxOnU1NbxmyVvsGLNqQDFgvmF3Hb9An78n0vYs68c6JgN3Bfz5uTxtftuH/D+SlJMvfg3sOI/Bqauq38N182BV898TuDaons5sejbBALRL9p0/t3bus7LfXnc2/qe9Le8JEmSJEmSJEnD0ZCeA7imto6Hfvpkh+DvfXffyH1338hzS1e0BX+n5GTyg+98ifvuvpEpOZm91rtgfiF33z742b+SdNamXT5wdb19N7y6HCbedMZVNORcMnD9kSRJkiRJkiRJZ23IZgDv2VfOQz99ssN8v9/66l1MmZTF75et5TdL3mxb/9cPfq7DvL8Vlcco2b6Hw5VVHerMz5tC/swpg7cTkjTQIvXw/QugsT7ePYFwIhX/ZSXNoUQzgCVJkiRJkiRJGiKG5EyunYO/U3Iy+dp9dzA+Ywx79pW3BX8B7rvnxg7BX4DxGWNYkFE4mF2WpMERSoSLPgFrfxPvnlCXfwtNwQQMq0qSJEmSJEmSNHQMuSGgKyqPdQn+fvOrn2F8xpi251rdev2VFM3Ji1dXJSk+5v9RvHsAQO2cO+PdBUmSJEmSJEmS1MmQCwD/eskbXYK/qSlJ1NTW8eP/XNL23Lw5edx2w4J4dlWS4mPyvGgWcBzVFdxCQ/acuPZBkiRJkiRJkiR1rqDlXgAAIABJREFUNeQCwO9tKgVg/LgxHYK/D/30SfbsKweigeH77r4xnt2UpPj62IMQToxP2+FETlz+1fi0LUmSJEmSJEmSTmvIBYBbpaYmdxv8TUlO4mv33UFqSlKceyhJcTRuKtz8t3Fpuvrqv6QxfVJc2pYkSZIkSZIkSacXjncHOhs/bgwVR46xZ185D/3kSQ4fqaKi8hgQDf5+66t3MT5jTJx7KUlDwPzPwqFtsOI/Bq3Jmnl/RM2cTxIYtBYlSZIkSZIkSVJ/DLkM4M/ccU3bcsn2PV2Cv1MmZcWra5I09Hz8r+GSzwxKU7Xn30H11d8alLYkSZIkSZIkSdKZCTQ3NzfHuxOdrd9Uym+efYOKI9Hg7+yZk7n79msM/kpST178m5hmAp+46LMcv/pbEIjm/gYCAQK0W263vv3v3tZ1Xu7L497W96S/5SVJkiRJkiRJGo6GZABYknQG1jwOv/seNNYPXJ3hRI5d9W1q53wy+tgAsCRJkiRJkiRJQ5oBYEkaSY7sht8/DO8/c9ZV1c7+OMcv+wqR9EmngqcGgCVJkiRJkiRJGtIMAEvSSLT3PVjzq2gguD8ZweFEavJu4kThJ2nMngN0DPAaAJYkSZIkSZIkaWgzACxJI1mkHkpehw9Xwf7NULkLTlRAYz3NoQSakjNoHDOJ+gmzqZtYRH3u1TSHEroEdQ0AS5IkSZIkSZI0PBgAlqRz1K4P97UFb7sL9nYJ7HYO8hoAliRJkiRJkiRpyAnGuwOSJEmSJEmSJEmSpIFhAFiSJEmSJEmSJEmSRggDwJIkSZIkSZIkSZI0QhgAliRJkiRJkiRJkqQRwgCwJEmSJEmSJEmSJI0QBoAlSZIkSZIkSZIkaYQwACxJkiRJkiRJkiRJI4QBYEmSJEmSJEmSJEkaIQwAS5IkSZIkSZIkSdIIYQBYkiRJkiRJkiRJkkYIA8CSJEmSJEmSJEmSNEIYAJYkSZIkSZIkSZKkEcIAsCRJkiRJkiRJkiSNEAaAJUmSJEmSJEmSJGmEMAAsSZIkSZIkSZIkSSNEONYNHDlyJNZNSNKQNW7cuHh3QZIkSZIkSZIknUNiHgA2+CFJkiRJkiRJkiRJg8MhoCVJkiRJkiRJkiRphDAALEmSJEmSJEmSJEkjhAFgSZIkSZIkSZIkSRohDABLkiRJkiRJkiRJ0ghhAFiSJEmSJEmSJEmSRggDwJIkSZIkSZIkSZI0QhgAliRJkiRJkiRJkqQRIhzvDkiSBkZtTWPbcuXRaqpP1FBX3wBAUmICaaNSyRibFq/uSZIkSZIkSZKkQWAAWJJGkIaGRsrKKzhZV99h/cm6ek7W1VN9ooacrPEkJHj5lyRJkiRJkiRpJHIIaEkaQboL/rZ3sq6esvKKQeyRJEmSJEmSJEkaTAaAJWmEqDxafdrgb6uTdfVUHq0ehB5JkiRJkiRJkqTBZgBYkkaI6hM1MSkrSZIkSZIkSZKGDwPAkjRC1NU3xKSsJEmSJEmSJEkaPsLx7oAkaWA0NzfHpKwGTiAAwWCAYDBAIBggEIBAIPpbkiRJkiRJkoaS5uboveTmZmhuaqap5cfby0OfAWBJkmIoEIBQOEgoFA38SpIkSZIkSdJw0JrAAkDo1L3NpqZmIpFmIo1NBoOHKAPAkiTFQDAUINwS+JUkSZIkSZKkkaJ1lMOEhCCRSDONjU00RYwEDyUGgCVJGkDBYIBwgoFfSZIkSZIkSSNfKBQgFApFA8ENTTQ1GQgeCgwAS5I0QBISg4TDwXh3Q5IkSZIkSZIGVWsguLGxiYb6pnh355xnAFiSpLMUCgVISAyemg9DkiRJkiRJks5BrdPiNdQ3EXFY6LgZ8gHgP6zexI4Pyyg7WMHe/Yepq6vv1/aTJ2YyaeIEsiaM5bYbFsSol5Kkc1U4IUhCglm/kiRJkiRJkgQQCARITArR0NBEY4PZwPEwpAPAP3rkWd7fvP2s6ti7/xB79x8C4P3N2/n6Fz7BuPTRA9E9SdI5ziGfJUmSJEmSJKl7CQlBAgEcEjoOAs3NzUMy//pLDz7c4fHMaTnMmDqR5OTEftWzY9d+tu8q4+TJU5nD//S9LzPWILCkEea9TTv7VX7c6EQCgUDbD3DaZdovAwF6KNfud2/rOi/35XFv63sy0MMzG/yVJEmSJEmSpN45L/DgG5IZwM+9sqJtefrUiXzi41dx/qypZ1zfoYqjPPPiH1jzXgkA//ofz/C9b/zxWfdTknRuMvgrSZIkSZIkSX3Tei/VIPDgGXJ3r1et28LzS1cCcOlFs/nvD3z2rIK/AJnjx/Knf3wLn7/7BgD27Cvn/72w7Kz7Kkk694QTDP5KkiRJkiRJUn+Ew0HCCd5XHSxD7kh/sHVX2/It1105oHUvnD+HaVPPA2DdxtIBrVuSNPKFQgES/JAiSZIkSZIkSf2WkBAkFBrYqfrUvSF3F7vsQAUAuZOzmTRxQofnSkr3sKm46xyXz72ygvLDRzus27FrP28uf69L2VnTJgFQfvgItSfrBqrbkqRzQELikHvblCRJkiRJkqRhw3usg2PIzQG8/2A0ADxzWk6H9bv2HuShnz4JwK3XX8ltNywA4KGfPEnJ9j08v3QlP3v4QSAaKG4tW9/QyPUfvbStnhnTcmDZWgAOlB9hektGsCRJp5OQGCQQ8NtpkiRJkiRJknSmAoEACYlB5wOOsSEXZq+rbwBgVGpyh/XVx2valhMSusat00alUH28FoDGSKRt/cm6+g7lLr1oNrmTs8k5bwLj0kcPWL8lSSNXMBhw3l9JkiRJkiRJGgDhcJBg0GSbWBpyGcA9mVMwnVuvv5KjVceZMXVi2/pbr78SlsKFF8wgbXQKADNzc7jxmvkcO17DgvmFXer6zn+7d9D63Rd79pXzz//2NIFAgP/25TuZkpPZ7zqOVh3nf/7vJ6itreO/fflTTG93jM7Wm8vfY8fu/cyYOpGPLpw3YPVK0nARdt5fSZIkSZIkSRow4YQg9XWR3gvqjAybADDQNuxze/l5U8jPm9JhXXJyIp+6ZdFgdeusNDfDqnVbOH4imr28en3xGQWAY2nrjr2sea+ExsaIAWBJ55xgKEAo5LfRJEmSJEmSJGmghEIBgqEATZHmeHdlRBpWAeCzdajiKHvLDnOkqpqZ03LInZwd7y5xqOIoq9eXtGUvr31/Kx+98iLGZ4yJc89O+dM/voU//eNb4t0NSYoLh36WJEmSJEmSpIEXDgepj5gFHAvDJgBcfbyWf3v0edJGp1A0dxaXFRUA8NwrK3h+6UquW3QJd93+0W63PVlXzxPPvM6KNZs7rJ85LYfP330j52WOi3n/e7Jq3RaOVFXz6Vs/AsBTz7/F2g1buf6jl8atT5KkqEAAs38lSZIkSZIkKQZCoQCBQHS0XA2sYRMAXvt+CSXb9wDQ1NTcFgB+e9VGAF5dtpYF8wuZ3Gn45MbGCA/95El27T3Ypc7tH5bx3R88wv/8qy8yISM9xnvQVdWxE6xat4Vx6WnMm5MHwO+XreMPqzdy+SXnk542qss2TU3NrF5fzPNLV3Ko4igJCWEuvWg2H1t0SZeyrfMCA/yXz93KS6+tYmPxTpqampiRm8P999xI2uhUlry8guWrN1J7sp6x6aO55xOLKZozi0BLzOP5pSt57pUV3HbDguicy53WTcnJ5Knnl3Go4iihUJC5BdP57KeuZeyY0TE6cpI0OEJm/0qSJEmSJElSzITCQRobmuLdjRFn2NzZvuzi89uWLyyc0bY8fcp5AOROzu4S/IVoYLg1+Jtz3gT+5K7r+bMvfIIrL72grczPf/UijXFIMd+4ZQflh48yp2AamePHkjl+LHMKpnGg/Aibiz/sUr65GV58bRWPPPESlUePUZifS9GcPLbt2MtP/3MJtbV13bZzrPoE//LvT1NecZRLLpzN2PQ0Snfu48ePLOHHjzzL6vVbmFMwnbzpkzhWfYJHHn+J0p17+7QP775XwiNPvETWhHQuvWg2qSlJrN9Uys8fe5Hak/VndXwkKd7M/pUkSZIkSZKk2PEebGwMmwzg1JQkfvbwg1Qfr22bLxfgq/fdTknpHvLzpnS7Xeuwz/kzp/DNr97Vtv7CC2Ywe8Zk/u+TS9n+YRnLV23iIwsuiu1OtFNTW8dbK98nOSmRq6+Y25Zte+WlF7B6fTFvr9pI0dxZpCQntm2zt6yc195ex6jUZL5+/x3MnJYDQGMkwqNPLmXlux+QkpzUpa3Gxgg3Lb6MW69fQCAQzTz+p5/8hn0HDjN1UhZ//eCfMCYtleZm+OVTS3l71UbWbypl1ozJve7HseM1PPClT7X15VDFUf75/zzN7n0HKTtwuG29JA03gQAEg374kCRJkiRJkqRYCQYdBjoWhk0GcKv2wd9WPQV/D1Uc5UB5JQDzi/K7PN8+OFn64b4B6mHfbNuxlz1lhzh/1lSmTspuWz8jN4fC/Gns3L2frS1DXrfaWLyT4ydqKZqTx4zcU30Ph0Jct+gSRo/qemwgeswuuXB2W5B5TNooJk+MZktfctFsxqSlAtFgx/mzpgLR4aP74uK5szocx4yxY5g0cQK1J+upOnaiT3VI0lBk8FeSJEmSJEmSYs97sQNvWAWAS0r3sLnkQ052Glr4uVdWsP9gxWm3HZXaNTia3C5bNhgcvENRX9/A75etA2DB/EJCoVNth0JBFswvBOAPqzd1GJp6b9khAMaNTWsL5rZKG51KYmJCt+0lJCQwKjW57XH7rLbzMjM6lA2FQv3al7HpHef5DYWCJCYMm8RySeqRHzokSZIkSZIkKfa8Fzvwhk2krqR0Dw/99EkAbrxmPp+6ZREAP3rkWd7fvJ3V64v56wc/R0K74GPm+LGMzxhDReUx1r5fwqUXze5Q5+r1xW3LM3InDsJeRO3YvZ+du/cTiTTxo0ee7bHclq272Llrf9tQzO0DxZKk2Ar4oUOSJEmSJEmSYs57sQNv2ASA22f4Hjte07a848MyAA4eOkJV9QkmZKR32G5uwQzeXPEe776/lYmvrKBoTh5j09Mo2b6Hp59/C4BwOMS0KecNwl5AJNLEG394j/qGRs6fNbVLBm2ro1XHKS7dw7J3NjAjN4dQKMjE7PEAHCivpLmZDlnA1cdrqK9vGIxdkKRzQueRFiRJkiRJkiRJA897sQNv2ASAP7pwHvUNjRyqqOKGay5tW//tP7uHXz71KpddXNAl+Atw/UcvYe37JVSfqOX5pSt5funKLmU+fetHyJ2c3WV9LJQdOMzWHXvJmjCWL3z246SPGdVtuapjJ/inn/yGTcUfUnbgMFMmZTH3/Bn8ftk6Nm7ZydYde8ifGZ37uDES4dVlazl+opaUdsNaS5LOXMBPHZIkSZIkSZIUc96LHXjDJgAMcP1HL+2yLjtzHN/86l09bpM5fixfu/8OnnzuTXbs2t/huaSkRL7yJ7dSmD9twPvaneZmeGP5exw/UctVl8/tMfgLkD5mFEVzZ/Hy66tZtW4Lk3OymDwxk8VXFfHcKyv45//zFDNycxg/bgw7dkWzoA3+StLA8TOHJEmSJEmSJMWe92IH3rAKAJ+pmdNy+MaX72Tz1l0crTpOXX0D49LTmJwzgckTMwetHwcPVbJxy07Gpadx9eVzey1/9eVzWbV2C6vWFXPV5XM5LyuDmz92BVkTxrLk5RVs/7CMD/cc4JILZ3Pt1Rfzfx59ntraukHYE0mSJEmSJEmSJElDUaC5ubk53p1o70sPPgzArddfyW03LOjw3GNP/56GxkY+cuVFzMidCMBzr6xg6/a9TJ96Hp+6ZdGg91eShor3Nu3sV/lxoxMJBAJtP8Bpl2m/DATooRwdh+w43brOy3153Nv6nvS3fErqOfEdKUmSJEmSJEmKu9qaxnh3YUQZNne33161kbdWvg9AJNLUFgB+e9VGjlYdp2T7Hq6+4kKyJoztdvsjR6vZX17J3rJDnKyr57ysjOhP5jgSExMGbT8kSZIkSZIkSZIkKVaGXAA4KSmRurp6Tp6s77A+d3J22/LknFPDNudkj+do1XGAboO/DY2N/PxXL7Juw7Zu2xubPpqrL5/bJdtYkiRJkiRJkiRJkoabITcE9A/+9xNs/7CMmdNy+Ms/u6fDcwcPHaGpqYmJ2ePb1p2sq2fXnoPknDeBtNEpHcrv2VfO3/7zL/vU7tj00fzT97589jsgSXHiENCn5xDQkiRJkiRJkjQ0OQT0wBpyd7dzssez/cMytn9YxpZtuzl/1tS257Izx3Upn5yUSH7elG7reuinT7YtT5t6Hh+7+mLmFExnVGoyO3btZ1PxTp5fuhKAo1XHee6VFWYCS5IkSZIkSZIkSRq2gvHuQGczpuW0LT/z4h/OuJ4nnnmdmto6AG69/kr+6oE/4vKLz2dUanK0ndyJ3HbDAv72Lz7fts3zS1eybce+M25TkiRJkiRJkiRJkuJpyAWAr7psDhcVzgRg5+79/Nujz7Nv/+F+1XG4sorX/7AegIsKZ542q3di9nj+7AufaHu8at2WM+i1JEmSJEmSJEmSJMXfkBsCGuDr99/Blx58GIB339/Ku+9vJXdyNjOn5bRl8HY2c1oOhfnTANh/sLJtfdHcvF7bu/CCGUyZlMWefeXs3X9oAPZAkiRJkiRJkiRJkgbfkAwAA/zs4Qd57pUVbXP07tp7kF17D/ZYfnzGGH7wV18CoOzAqYzh/Jndzw/cWf7MKS0B4P5lG0uSJEmSJEmSJEnSUDFkA8AAt92wgOzMcXywdRdlByrYf7CCuvqGbssuuLSwbfmGa+az4t0PmDYlmwkZ6X1qqzA/l/WbtnWoR5IkSZIkSZIkSRpIkaYmGhsjRCIRIpEmmpqbaW5uBiAQCBAMBAiFgoRCIcLhEKHgkJvRVUNcoLn1jJIkDWvvbdrZr/LjRicSCATafoDTLtN+GQjQQ7l2v3tb13m5L497W9+T/pZPSR3S35GSJEmSJEmSNMzUNzRQX99IYyTSr+3CoRCJiWESExJi1LP4q61pjHcXRhTvbkuSJEmSJEmSJEkx0tDYyMmT9USams5o+8ZIhMbaCHV1DSQnJ5IQNryn0/MMkSRJkiRJkiRJkmKg5mQd9T1Mb9pfkaYmTtScJDExgdTkpAGpUyOTAWBJkiRJkiRJkiRpADU1N1NTc7Lfwz33RX19A02RJlJTkwn2c+o7nRucNVqSJEmSJEmSJEkaIE3NzZw4URuT4G+rxkiEEydqaWpujlkbGr4MAEuSJEmSJEmSJEkDpKbm5BnP99sfkaYmampOxrwdDT8GgCVJkiRJkiRJkqQBUHOyLqaZv501RiLUnKwbtPY0PBgAliRJkiRJkiRJks5SQ2Mj9fUNg95ufX0DDY2Ng96uhq5wvDsgSZIkdVTF9vU7OdzyaMKMecxMj2uHJEmSJEmSenXyZH1c204YbdhPUZ4JkiQNKxv56YNLWddruXTu+PYXuTlrELp0Ohuf4kv/uTu6nDWPv/32tUyMb49ioONrcvHnH+Qrc8+yysot/O6Fd3ijtJKqEwBhrvryA/zJ7LOsd9jYzdLHXmt3TOed/TGVJEmSJEmKofqGhkGZ97cnkaYm6hsaSExIiFsfNHQYAJYkSRpKDrzG9x9+j90d/l5opGakTeVS/hrf+8f32A/AVL7y8Ke5OM5dkiRJkiRJOlP19fEfgrm+vtEAsAADwJIkDWNJXHzLVVw8tvvnpjpk7jBUx6oX2wV/0zK4eO5U5s4Yz8Spce3YIJvLVx425VeSJEmSJA0PkaYmGiOReHeDxkiESFMToWAw3l1RnIWb/3U0AaAZOv5uhkAg+ruDzo/br2/boF1NbY/bFetUf2vp3uvv/Hw37bW1e+rpzvvVY/1d9FJ/17Vd2+vLfrVvr8tx63T8uqm/c7u971fr+u726zSvV7/r76xr/X3ZrzOrv/0J0I/Xq9vzrKd229ffx9erX/V36nBfXq/T/b/qrt3TnX+BHurv2ovBuV50txsD9f/5NAKhBEgeRSA9k8CEyQRzZhOaNofQrPkEsqaddlsp9pKZWjiPy+M9zLMG0G6Kd7QuJ3H9fffx6dx49keSJEmSJEm9aWw8y+Bv00Fe+8XzvEUhX7/vSrLOIn7b2BghlGgA+FwXDrTEPlpDIIGWwEl0fYBAoFNgJtBDQCjQ+rvlueZA+4ra9FR/oM/1dwoItdXfud2OzQeaO+1P54BT6+Z0rT9auof623e7fXst/3bZr84ByUCH3tDc+bi1L9Cl/m6OZ6f627rdOTAY6NRe5wPW7X612x8671e73aOb16l1q071d9mv1setx6/z+Uen16vH+jufAN3Vf5rzo1O7p+rv4fzr3G4/62/Vtf5+vF7t2+v8enVpt1N7dKq/y351ezgH/3pBP68XXc77Hq4Xp9EcaYATR2k+cRTKthHZ8AYNLc8Fc2YRKrqO8GW3EZoxr9e6pPgo53f/+EueLY8+uvjeL3LVvud4fEU5h+uApHQuvu3jfOWKHBoOv8fjj73Fqj2NNATDTJg9hy/eey0zU1qq6jyf75fG88bj7/CHXSdoaILUKVO5+faPc/30UX3rWlMVu1cv5/G3trG7vJEGIGHUKKZeVMRnr7+cqWkAdax65Ef8fHN0k/RFn+ah2zumwu5/9ed87+UqAFIv+zg//Mz5AFSV/oHHX1jLxj0tdadlcPmtN/PZS7LoPBBOf8r2WS/HKyEjh5s/exs3Tx9F93M717H0Xx9maev2rfMn9+m4dT02XHQ9P7y6nJ8/vomNlY0w6VL+5zcyeKqt3XTu+Mb1pL72Gs9urqSmERLSs7jmrk/y6YJRVJW+xv/9Tcu24TBTL/4IX/n0PCa0+3uioWonq95+hzfWlbO/qn3fruCLt89jQphOQz+32s1PH3y4rZ8/+xztjkfX+awbDm9k6Yvv8kZxJVV1QDBM+qQcrrn2I1w/t/1rtrFjPd/6JBOW/45n17ae/6OYe80NfPG66aT279WVJEmSJElqEzmb7N+mg6z45Yu8vDcCbOBHvwzz9T+ef8ZB4GhfHAb6XBf6Hzcl/g+g7xmSrVv2MSORDuW7Wd2vzL5uAoGdA569tNtjhmS35QMdN+glU7Cn+jsEonrbn04ZzL3uTzf193wcuzlunRs63XEMdOllLxm6Z35+xPP869zuKb28Xt020Pt+9Vy+u/3q2+vVt4zqM6//zDKq+/B6dXmhe9mv05bvob3TXS/6qbm6kqZta2h88zEim5cRCIcJTi0cmMrPwIHyo/0qn5IYIhAItP0Ap12m/TLRkHy35dr97m1d5+W+PO5tfU/6Wz4hYah+S66cd5dubwmeJVNw1cXMPm289QTblm+g+ET0UdX2zfxh6zFqWj+TRurY//+z9/bxcVXXvff3jEaWLeEIhDBIjgVG2JFjJpZlYxEQuIqDCjYBN6mbwA24aZx7Q28uyROSm5A2fPIh98bJ0/L0htuWtpASCBdCfZMYElMq6qgG8SKwZRkBFgjjMMYWKMIwGMkIyTrPH3Ne9t5nn5mR0YsN65uPMzPn7LPWXnvvsxlp6XfWc73sT7xJ651P0J0ZYwzAHWNo4FXa946xckUNMwH6n+PXXV4yMXmYPY/tZlf/CGPePTXyVobnnuxmf/Vizjl1htdd5Zqy02huOpPZAGMH2HLznfzT4wO8Mej5BMZGRnhjX5qH25+nKLWUhSck+fCsAbZ2HmQEGO4fYf4ffIRTg+lM8+DPO9lzGKCM5s9ewuIPQd/W27nhnhfZ/5Zi+93DpLufpu212axccmrwNXg8bfPPCVTVn8c5pxqxj71B58O99BwMx2vs8CF6nuylaGkDC8t0GxH8sSt43LLH336pk7YXveLB7gDPbXuZ3iHvqllzWNlURk/g9wjpp5+hc99hRrwmY8OD7OnqZdjZwx0/f579h/0TY2T27+XxQ6dwyeKTARh59pd89X89TufvDpEZNvu2l627D3NO45nMHtpL26Ov8nZcrKfVctkSYtf5UPcv+cu/38GuVw8z7K9jd4zhtzL0dD1N++uzaUr5c6aO6xH6ujt5fM+gsv5H6H9xN7sSZ9FcW+AfLgiCIAiCIAiCIAiCIBi8M/wubmzCJBdDdP/fzdzb+25wZPTNPnYOnMC5iyuPOo1bMuP4SwCP+r+QEiaE8LfbDuAEv84PX4PjTvDq4CcM8D6Fr3jHvbfo9k33qn3fr2rfQf+fal/57NmP/m7fCeLS/Hn2idg3/ar2lbgMF+EB1b4Rl+MEr6r9YBwjcRG8ag4d9Z8xT8Z8afHEjpsRl2FfG0dzPUTsR9eHdb5UH1pc4cKJrD9zvtT1p6xD1X7s+jPnS+2rOl+O4suYr2hc+nBp42aNq4D1Zxs3/7M5X+jzZbuvIutPvX8Lsa9SyH6hjl0h+4U6dnn3C5t9czRt82SZrwniyAtP8s4//DeGvtPM6BObJ9a4IMSSYfOPbuJL11n+/WirNZk4NDhM5cIUay+eT02Q7xqm88Fu0rMqaLy4nhY1o7y3h/Z+m+sM6cMl1C6rZ93F86mdrdi69wE6h3P3fM+v72fzPu9DwmJn9CCb//5+esaAunqaKrzjh/fS+YJi6IUu2g967+edTctc4OVWbn4gmzAObS8i5SlIh3ZtY5NvYzxt3wuHh8mMlVF3Xj1rm+coqtkMrdt6gRpaPr+KDZ9fRG1wUQkNl65iw+dXseHyRVSOd9xM+jNBbeHishLKZyWNBqMMDZZQs8zo41iG1gfTDFXOoeXiehrnlQRXDD3ZRadvc9EiGmcBJWXUpubTfHET65qrqfLd7O9i87NA+SLWfX4VGy6tISxTXUHz571YV+Yodnx4O7fduZeM73NONS2XN9JSVx78QJTZ0crNwaLQ48scgsqFi1h7cYq6yvBM37Yn6In3KgiCIAiCIAiCIAiCkJOxo0r+Qv/Dm7nzuXcjxw8/t41/fPi1Ke2L8P4iqSvuXO+j8uodx3+JU9y5ZDMqrus9LtnNPk6obWQLAAAgAElEQVQ2Zw1g11P0mf4sKH4D+xj+1IyRC8TY9z/H2Q+x2ff92tpb/PnGC1KI2uPCjCs4GheXG2kfcWmOoxqXGo/FfvhamALYPl/2TmWnLWb9Rdqb7+3zhRmXS864IvMV8z6Ix1j34WOFDfuua6z7PApg127fH7/I0ETs51kPkfvZmCcnev/q7Y314VjmK+f9bIlrXPtFnvUX2PcP6etvsv4TOLZvN+/83ZdJPvZLZnzuBhLVZ02SJ0E4SupW8t0vLacUaCm/hz+/94B3ooyWL/r1ZhfAjZtozQBkSL8GROoMJ2m48gtcszSbLG5p6uKW/7mVzsPA4TTtu4ZpWFFiXpRlrJvW9sHATtMXv8L6uuynllW7ueOGB2g/DAz20rpzmLplNbRcUEHrfQeBUdof286VdcspBrp37mXIs5S64BzKgc5t3Qz4fbz6S1yTKvFsz/dsD9O+fTfrFy4aV9v3RhktX/lyUM+36UO38437sknKoX0HGGABtUvrqaWIzrt2e9cYNZ7HPW7R8a+58DKu/dQCyoMEdLd2vvLCy/iu94jtuiN/yw8f9jL5iWrWf+0KmmYBF5Yz9J1t2SvHMvQNkF0fiUWs+2Y1V5aXK3+d2kjznHCd7XkpDakaUkurof91tvwmTVYjfQJ1S+tpyDOKfe1ddPvJ7XmNbPxaUzaJfGETLQ+HY7pn23bSTS2YqeTKC9ex0YtvzYpSvn9jB2mAw/3sGUBLCguCIAiCIAiCIAiCIBTK0ah/D/f8hr9tOxR7fn/bA9w557NcXTe+wlVHp0QW3m8kdbkfYa1SL8USrempt5/oGsCOY0k4qf58P66j+wsaGPGYcfn+sMdlq/GaTU85gV/VfvCqxeUfdmJrlQaJXN8fMXEZNYCJsa+No+NE2gduzflSi8xa2sfVGI7Ml5EQj8wTZlzY43LVj8b6UxOS5vrzzTnhPGWbG3HF2A/iQbdvZgknqgZwpPZ1cIHuN4jHMdZfTHu9O6p9Yx2a82S5ryLzpfoz7JtxFbz+Jn2/cOzzZbafBEZ3tnLk6TZmrP8Bxc1XTZ4j4QNOCQ2XNtFwouXUrDnYclmpJamg1mmxqgCdVU3qdP/DTEpjcrdh+/k0L1WUwrPqaTmnnU4vYbjn5TSsWGC/tr8/UKIyaz6Ndcq5xCIal7TS/sQoAOlXXoNlNZQ3pkj9els2+be7l87h5TSynbbto56dBTQvLQEOkN7vGxul+xe38o1fheaHfGXyvgP0UT6Otouy9XePlvIzaThd+XjSCYCnUh0ZDWqL5+Qoxk2jsp4Nly9QVLcmJTTUh9eUls4EvEE4fR4pvxZ0SUns44dKExk6HnqUzufT7Dnozc1oKAfPZDI5Q8xHen94fe3ylBZL+dIF1N7XwR6Ag6+THoYabR3r8VFeTiWQ9j/LU4YEQRAEQRAEQRAEQZgiRl9t5x837edwzlbv0r1pMw9+6bNcfFrRFPVMeL8Q/uZXS4TkVn6G7RXlXoyCz25f8WOxH/o1L1MVfDkUnrF+C1PMRhSrXkI1JoTo56DjcYpqI54YhafVRz4FJigKWlMhaYlLU6xa4tH85lHoBtfq9mMVxnHvlYMRBa3fOMf6CxSe47V/jKw/I6UdiSvevnk8j6Lfaj+HwrhA+5pC1xLXhO4X3rq0t7fEFenY5OIeGWH4n7/J2L7dlFz9g6lxKnzAMBSiBVA8KyazO7ssR2KwsPZqwnDo8Dvx1/7+oKe6tdspP7EMPF1okDAsWU5Tahvdu4CxA7Q9laFhVm+gBq08t55UAuD1rCLVY+TQMPEpx/G0fY+UFDG+v9W0cDTjpjJ3Tp4k9kxKZ8Wc+lB53vUx8uwvuf6n4eOZJ55+BpQnH5WXGz2arfZxkEwGQ7meIz5BEARBEARBEARBEIT3gOM4hStvBx7nb299lv2F/A5l7BBbb72X4v9yJasK/B2gM9H1D4XjkjAB7Cns/ISMqQD2hXaOmjsCJXnoJY1UxZ1vzmKfPPZ15aSC4yf3QoWnrmDUGiuKRzOuOPt6XKES0lB++lFoCkzFX0RZqscV5uB05WOomLXZV8YxooS0j1vkPjeUllGFpDEYhoJZmy+rfT0uTZGrjiPo8+XHhTFfjjF+tvWndDxUbNvs+yds9u1xBQJTc76CJLNl/QXtHcOAZb4i9omxH72vIutDU0gXsP5UA4Wsv0g/o8ppM65x7ReK+YL2CzUe8z4J3MWsP+t+MXmMPPTPuG++xsxrfzI1DgVhKjg0SAa0hOLQUJj0LZ01M/7aUyqoJJ1NZlrsZN4cDN6rSb6GFQso3dXLELBn+6Nswn98dQXNF/jKzpOpqoSs8TLWfPPLrD0triMHxtH2GOAox21qyNDeFiZ/ay68jGsuXkBlCbBzE1+6K53z6sKYQ+WpgFeTOpvkVuI8lFES+GVM+RAIgiAIgiAIgiAIgvCBJeE4HCnwF84He/YWlvz1GTtE9wtvsGrOSQX3RRCSekIzT01Pl0iCJUBJQMXXALbbD5SQee3r5337sYrM2BrDFieFKggVJaHfXW38TH++8Vxxqf4sikwlKzhOxWpcXP5xW1w55kuNpyD7+ttcNVhzxZV3vtSsoa2mrPJI7OyyyKFwt6yz2Pe+v0JrAAf23QLtK+Zc9PvKNl+5agDHxZVr/Zk1gF09URu/X8TZN87lrQFc6JMIYuwbb+1KZ/3+mkxGn9rC4b+6glnfvGdK/AnCpHN4L207B6nzHwM91kv7jvBRv7Wnm9VXFebMoSYBA2NZOx09UOc/znisl47u0dDOmYqdunqaKnppPQjs202bf3xxiuYg2VdNzVy8pO4gHR1p1l6u9yWzLw3zaigfV9tjgKMdtylhmKEg/1xCXb2X/GWQjl0H7JfMKlFU0Rn6+rHUmtapmVsO3dk0757t3WSamoK5yezqzT7+GWDOHGrzPcZcEARBEARBEARBEARhgigqSnBkrLCsbsW5LfyXE18jvvqvSSmn1xWW/PX7IghJvWYthrLOVgPYlpBUlXV+skhXFvrkq+mZ336o3NP8YfrV3Zs1WMNEse/Xu5yo/WzrGPtqt1V/3v9H4jITko7WG6VmrRNtELFvGc+YGsA25ajmzxwwa1x5aspa7RvxxdQAjiiX/fEz1x/GfMXaNxeAzX6O9WH4De3HrL9x1gA27ftE7Y9jvlR/5nxF/Br+MOxH4rIO59TvF4xzv4is+5j9Yoo48nQb79z8RVECCxPIO6Sf7aJjv+1cCTUfXUTVpCXBRum8+3Z+uHsRDadk6Hx0L3v8BGCimsYlORwnUrQ0PUrnw4PAKO0/+Vv6llrsVKRoWaxeWEPLBRW03ndQOZak6bzlWk3ahpUpKnd1MwAMPLyJb7xcQ8OiKsrf6qP72TR7MmW0fP3LrJs7vrbTzlGP21RQTuUpeOrcYVpvv52R82sY2r2bjpdH7ZfMrqG2ooM9BwEybP7JLym++EzKy6ppWGi/pKqpnlSrVwt6XwfX/2gfzR+fB8/30NYT6n9Tzee+t5rNgiAIgiAIgiAIgiAI46CoqAhGYn4HYpKs5KyzKye3L8IHnkgNYD3Nlk/Rmm050TWAQ/v6pVYFn5nwzOk3h0JSaR/xZyohc/jQE072Gr3ac4lzKpgtMRhxaglro0ZvtG/6uAU1gNW44nxlDVuVn9ri8V9cInFFFav54prs9WcmkHMrnnMqSAtdfznsa6FBJC6rYjVnXEdXA7gQ+wXvF966KXi+VIMWp4UoqiPjZyqmc+0XU8DoU1sYvvM7UhNYmCCG6fzNVjqt58pZ+61FrBlHfeBxUV5OzWiGPTu6QtUlACU0XH0ZjXkSz7Wfuoy1e+9h8z5gbDhqJ1nB2i+2UGv8wWJ5Y4rUr7cFtX+pWERznd6G01u4dvV+vv/AQUaAzMtp2l5WH0E8SMf2vaybO398bY8BjnbcJp8SGlfX07q7i/QYcOggbQ9mE/W18yvYs/eg5Zoa1lxcTdvdBxgBGNjLprv2wpIWbo1JADNrORuuTnPDndnHTY/0H6D1Pl1hXL6shQ0ryiYwNkEQBEEQBEEQBEEQhNwkk8dO0vVY6oswfYS/HnQAx68VqrwGx53g1cHBcbLnvDPBK060Hm1o33Sv2vf9qvYd9P+p9pXPnv3oY82dIC7Nn2efiH3Tr2pfictwER5Q7RtxOU7wqtoPxjESF8Gr5tBR/xnzZMyXFk/suBlxGfa1cTTXQ8R+dH1Y50v1ocUVLpzI+jPnS11/yjpU7ceuP3O+1L6q8+Uovoz5isalD5c2bta4Clh/tnHzP5vzhT5ftvsqsv7U+7cQ+yqF7Bfq2BWyX6hjl3e/sNk3R9M2T5b5mgZGHvpnRtp+Nn0dEISJoGQ+G765mpb5ZRR73yaKK6pZe81VXJMqIPmWqGbN177KxisXUTsnGSh4i8vKqD2vie/+5RdYY6vHW7KIhjPDjzUXLMf2sOOqVV/gx9evonl+GaX+n7slkpTPq6blyivY+Kn5R9V22jnacZsKTlvFdX/eSMM8r1/JMmqbV3PtyhNiLylddgUbr1GuKYDS1Kf56xsuY92SCsr9PzRIJCmfV8PaP72KjVemlEdLC4IgCIIgCIIgCIIgTD5FiQTJY0B5mywqoighj4AWwHF/XBYK/zAVfYpY1SdOoedCIH1VLZiPuFXsao9mjfNn9Wuzb1cS2uzbum+Py2bfUOiaylXTn2o/Li7VXyFxRXvznmoAR+Iympn2C54vq/3cCt3x2TfJM18FxhVv3zzuL7D4+bKuP2Ndvhf71vVXsH0zcGOebMp3Y6BsceX0p9mZ7P3C7FCO9TcNOEXFzPpBG4nqsybMZtcze8fV/qQTZmh/wAHkfI/6HiX1b7ZTXvMdM98X8jnf8TjG235WaTJ/ow8a3Zv40k89deycem781qqpf8xupp3v39hBGiBRzYb/cUVetbEgCIIgCIIgCIIgCIIgTDbvjowwdHh4WvtQOquEGcWF/pn9scXhoQIfoS0URMJU3Bm/1g/Vqd5RU3EXaPkURakm5fM/a/b9PIJNeRkmEyKKUt+Po/QxsK8YN9xrcfn+YuJCiytsq/pV7QexYfhT4nJyxKWpW21xYYnLsG+OY1SJGzNfmn1Hs2+dL2WOo+vDFpexlrS4sMelnTLmyZwvNR5zvlDis82TZdwgaj+iKbWsj2CAVH/auBn+zPlS/6f5NcbcYt+6/oz5UkdImy8/Htt8Re5nY85s689iP+f6s43bhO4X/rgZ86Wu8WnEPTLCuz+/cXo7IQjHIelHnsF/QHPp8npJ/gqCIAiCIAiCIAiCIAjHBDOKi6dVfVuUSBy3yV9h4glXoosmf3T9Vxdwlc/+/9ywnqirXuO6dtWfZl/xE7HvH3e94+r/vLaGXwCKT4ATa3FqmuCkWphxQsFxaR5M+37f3Bi1oRmXqx63x+W6RjzWuCw2c9mP9NnV/cXFhRu1r/7T/EavzU6TsiZsbdRX1a7NrxG4tj7U+cqx/vx5csdr/72sP6t983j+9efH5RIfV7x987gtLvR5io0rmPJx29fWnxHXhO8X/lhp91WO+XJz2Z96Rne2MvrE5unuhiAcP4ztpu2JQe9DGU1Ni6a1O4IgCIIgCIIgCIIgCIKgMnPmjA+kb+HYI3y+pa/C8x6R6uC9Ot5r9iX7GrQHXF2z6XrKu8gjYQ375LEfKBnNJI13wnUdz75DovkHsPwreiiAu/3vcH97fUxccfb1uIJ4POFg5BG0QXuUAMJXJ/CrxxUknzTJphdXrH1lHE37jmHOGMcA1/Cnzpfqz3fmGvGo82W1r8cV2jfGkXA8tbj8M67hz29mW39KxwN/Vvv+CZt9e1xOYEiPK1jvZlxae8cwYJmviH1i7Efvq8j6UOIqaP2pBgpZf5F+qvbtcY1rv1DMF7RfqPGY90ngLmb9qfM1zbx7/49Jnrt2urshCMcFmceeoP2w92He2bTMndbuCIIgCIIgCIIgCIIgCIJGcTLJjBnFvPvuyJT6nTGjmOKklLQTQpyxH5e5WsIHIokmjbiEiZmAMhJ5WjPDvpb4yWnfPO/gXHYHzkf+KPuxbzvuS604Z7ZA1fLsZT2/wr1vfTQhaLMfwRJPEFe0W9YEcSFxqf4i42aMn8W+NYFWkF9bXDnma9z2TaL2C4nr6Owr8TjjmC/rOovzq9ovcL7GZd/ocCHzleu+svnNtf6cGPvRXkzNfmELY6Lu52lm5pf/N8nz171nO1IDODdSA1gQBEEQBEEQBEEQBEEQhKng7cHDjB45MiW+kkVFnFA2a0p8TSZSA3hiSQQ1Sv1X70S0pmf2l/1mzU3vKBNR0zO/fe/VP37GJ4Lkr7v1vzN21ydwH/0hYz/7BO7W/571U/dHOPM/4acpFPtmXE6Q4IirAazHpcRjxhWMp632qv9qxOP7McdNNR6xb/qN2tfG0RxP1V/Ebw772OKy2TdbR+1H4tJOWebJnK9Y+0o85nxhxmX4s/i1x6XaN/yO035kPVjXfZ75MroTWX/mfOVbf3H249afLa7gfpuA/UK5FwuyH1n3qn37fE0XI7/92XR3QRAEQRAEQRAEQRAEQRAEQZggSktnTkk94KJEgtLSmZPuRzj+iNQAdpWP2Gpuev8/mTWA1ZqeBNU8ozU9nfO/k73q56txd/yDZt/d8Q+4P18NgNP0Hd2f4VerGqr5VfoWF1c4WPjNglejVmkQn1kr10WLy7QZea/8C+ZLnQu1FqoaT6SNaVyxbe1Dnpqy6nwVsj5scWmnJnv9+fOENS51fdjWnzZ+Mfb14/lrAEfWn8Vv4XEdXQ3gQuxH1p8lrsDfeOZLNVjIfqHZt+wXlnWfM65p4sgLT3Lkpa7p7oYgCIIgCIIgCIIgCIIgCIIwASQch7KyWSSLiibNR7KoiLKyWZ7SUxB0wgSwoqwL1HKoirtQjRgqMA1VJihKwlBEGNo33euKPk0L6av6dH1kaH/GbKheAW+/CvvaQ1Wigpt+NHu+egXMOCH056sCI/ZNv0rf1Lj0EJQDqn0jLkWNqNrX1Mj+tZ5dJ2Jf+RyxH50vLZ6I/Zi4DPvBGYt9Ivaj6wObX9WHFle4cCLrz5wvdf0p61C1H7v+zPkylKWR9WGZr2hc+nBp42aNq4D1Zxs3/7M5X+jzZbuvIutPvX8Lsa9SyH6hjl0h+4U6dnn3C5t9czRt82SZr2OE0Sfvn+4uCIIgCIIgCIIgCIIgCIIgCBNEwnE4oWwWM2YUT7jtGTOKOUGSv0IOkrhkEy2KSs5RX01VqtZewSWbUXFdXK+B6zrkrgHserU9TX8hznnX49Stg4oF8NpOePFfcR/7Ic6p9dkGB3sVhZ+y0F3AcXEPvohzwmlwWj2k23HOvx7nrEuynwd6cF9+mLGHvhETlxGP+mptb4nH70yc2tD0F9gP/WHGFRzVx03zZ7WvHHKJj0uNx2I/fCUyX7oTm31jnoxOZactZv1F2pvv7fOFGZdLzrgi8xXzPojHWPe4TtBCs++pYMN1bxW5Ku/t9v3xiwxNxH6e9RC5n415cqL3b+x+ofjNt/5CO5a4xrVf5Fl/gX3/kL7+jiEBMABHdj4En7thurshCIIgCIIgCIIgCIIgCIIgTCClM0soThbxzjvvcmRs7D3ZKkokmDlzBsXJ5AT1Tni/ktTlfuB4iSDHS7E4jp9A816N9kEiy/Ff/ROh6lHFcdXDoX3HNfwBzp88APOawotPXYpz6lKcUz/G2P1/ijN6GCoX6dJBP6vju6+sg9HDsP9JnE/fg7NgTWivsg6nso7E7Lm4v7wy6HaQcPLiyaanvNcgLt0PWlxBBEFc+HGecSGJy/8RZldhZeQw7u93M/bYzbjPbQ46VHTVfTjzV+L+vocjf39uVv/4sc+RXP3X4B5h7KEbGNtxZ9af40TGASBxwf9D4g/+Owy9wegvvwwvPZyNx59Ao711vjz7kfkyEuLhOBrj5yjzpGZAHcOfP37q+lMTkub688054TxlmxtxxdgP4sFY50aW0LY+lAFSkr/64eC+cvRxc8wEq+E3iMcx1l9Me707qn19HUbmyZwvxzJfqj/DvhmXbf2hjdvE7xe2fobjZvgz2x8DjB3oxe3/Hc6cM6a7K4IgCIIgCIIgCIIgCIIgCMIEUpxMUnxCkndHRnj33VFGjxwZ1/XJoiJmzEgyo3ji1cTC+5NIDWD/g68cjNYSDeu9vvcarPYar+DCx7+dTf4eeBL311cz9tezcX+9PnvZWZfiNH4d9+X/gNJKnBVfs9p3VnwNSitxf/cfOOdeFyR/3fvWc+SHH8L9l8/gvvI4zsI1OE3fJqzBqsfjixqtakPTr6set9VgVS54az/ua8+G/37fA+4YTnUDRZf+mMSyP9Ntmn59ZpbjfOxzRp/dwJ/rulBRi5P6Y0jO1OOyqV3Vf5o/N3KtWQPYtbVRX1W7Nr9GkNr6UGvm5lh/QZnX8do35ymIx4jL8Btv3zxuv680H559l/i44u2bx21xQb4awNr0HIV9bf0ZcU34fuGPlauuvxzz5eayP/0c6X1qursgCIIgCIIgCIIgCIIgCIIgTBIzirOPbp59QimzZpYwozhJUSLhlRHN4jgORYkEM4qTzJpZwuwTSrOPkpbkrzAOQo24r6I1lJCh4o5QQBi0J1Tu+Y9VVRV3vjmLffLYd8pPz9rb8Xfw/OasfvT5X2Xr+S77r1CxEJ74K6i9BGfljfDuIej6SeDPqf8izh/cmLXx+F/jLL8m+3773+H2bMZxHNy9/46TSMIffxwqFmZ9GHGFSkhD+elHoSkwFYVlRFnq9SsogAvunt8y9pv/ps9IZR2JT/8E59TFOMv+FLr/Bd5925g2dSK8I1VLSDR+mbGOf8x+9sfBc5w45ws4lQuCqfA3k6hC0vBjKpjV+VLsBwTzbdo3xpFwPINOqWdMZanfzLb+lI6Him2bff+Ezb49rkBgasQVzKEZl9beMQyoytU4+8TYj95XkfWnKaTj1p/aXjHgGP6w2Tf7GVVOm3GNa79QzBe0X6jxGEpon9j1p87XMcSR3z1D8vx1090NQRAEQRAEQRAEQRAEQRAEYRIpSiQompEAJKkrTA4JX5BqU9ZFFIOu5Z+q8ANdcefZDNR2Mfax2Z9VmW35yqOKfRe3vzvb85kn4h7YjvvoDwBwLvobnGteIPG5LST+/AWclr/JXt++EQ48BTNmZz/v3675GevrzNorOcESlxKPRUnoBuOGHpd6DURiU1ob4wnu73fjvvCvcORdnBPm4MxdHlUq2tSgM0pxlnwWd0ZZZF6o/AjORy6GomLPL6EiMxJXjvny+2jOe9x68FW0rqvZ19ZcGFJk3LT1F2NfWxu2+fKdqPMUExemzYj96HwFtpRxDOfLZp9x2HeDeyNyX5nzZfTBuv5sfs141HGM2FfWe+z9nMu+EafZ5wLXH6ado1p/ynwdQ4wdeGG6uyAIgiAIgiAIgiAIgiAIgiAIwnFOwhekBq/eibDmZlYtmj2tfPb+eUfBa5NtkL0W9XMO+9jsv/Fitt3i/6TYd3A+5j0G+o2Xsgq+x37I2P/5JLzyOIyNQs0F2ddXHmfs/3wS97GNWae+vY/9J6/vWT+JVLb2Lwf3ZOPR4vL65tjiUuIx4wrG0xIXoY0grsCvd+7t/mwMxaVQdoqiCiXwrSlvh16HoddxTl1M0fnXen68/zkOicYNOCedgXvwJXh3UI8r7Lk+X9a4lHgicVnWg2O2jtpHs2+esqy/wG8++7qyNbL+rH49fxa/9rhU+4bfcdp3rPbDdV/QfBndiaw/c77i1p81LiOeHPfzpO0Xyr1YkH3/szlfTvx8TTfuwCvT3QVBEARBEARBEARBEARBEARBEI5zIjWAFbEfppLQV9GFCrvwmFWRqBIKX7WDsfZf3AKA0/h1WHs3zrwmnM8+AHM/nm3ZdWv2muQsGBvFbf8+7gP/Gffnq7Ov7d+HI+9mz7tAr2dv/idJXLEF5jXh/NH/wTn361l7vb9RlJaGYjBXXOFg4TcLXm0KSW10sSsS59RBciYMvw2ZVywKYGMsR99l7IVWcIpw6i7FqagNlJDMvwCnbg2MDuP2/KuuWDU7b9p2jePmXHtxqYpPfL+FrA/Tvqt/nPz1pyhaLXGpCtqIgtSYyzj7+vF4+8F8mevP4rfwuPLM13uw7x/Pu1+445wv1WAh+4VmX1l/5lir/nLFNc24md9PdxcEQRAEQRAEQRAEQRAEQRAEQTjOidQAjtb09F6zL++xBjBG0kW17/v1eKUd92fn4/zJAzhnXQpnXZo9/varuPdfhXPiGTifuh1OOTs2uMDWa0/jPvJ9xn7SSOLyO6CmicSVD2TPvZNh7J+boL/bUw7q/QxrACtxqWFo7ZV4zLgCgaMTXOQEn71PH6rGafyvJM7+Y3Ac3Fefxt33eFSkaBEtus9vwZ23AqdyAc45X8B58C8BKKq/Amf2qbh7H8F9tTu8PC4uzbY/gf7EG+uBUCgadkTvo4tv3/Bnbe8ECyccN31dTEwNYKLzRcx8ae3DgKNxKf4U+4GBSFxGPMqQq/2M1gA24tPah/MVd185kXHQFb857Uf6mWe/UP0Vsl9ET+fYL+Ls692M1gC2zNexxDuD090DQRAEQRAEQRAEQRAEQRAEQRCOc5J6Qsz1PiqvqirQV81pGTzCc14CyvUauK6SQFSb4efDXC/xY/rzeO1p3Ls/iXPaMvhQDRzswd3TCid/hMTqf4KZJ+H+rg0GdsPwm5ofXGBGKZxyNs78VTiX/hPuvWs58tMLSHzkcjipFjeThr4duAM9MXEZ8aiv1vaWePzOBMrGUHroLL2KoqVXWabFxX1lO2P//r3I+Knm1KPu4bdwn/kFTtPXcOouhWc248w+FWfBJ7NJ7h13wslnQVFxRPEZiUvthzIvZlw5E2h+AjRi3/9sa+/ZdWPWX6S9+d4+X5hxBeNXwHzF+iKMx1j3atZUs++NebjuLZFpvuz2/dDg4YMAACAASURBVPGLDE3EvkXlbcZiJqzVeVISyto1tv1C8Rvrz4zTFte49os86y+w7x/S19+xlvsFcI+MTHcXBEEQBEEQBEEQBEEQBEEQBEE4zkmG0kDvxVdGGoq+UAmqt1eVe77CLntCVxb66Mo9m1LW83NaA07Dn8P8i2DmSeH1QwPwzuvZY49uzNb4VbFldc6/Huf860lceivMPBHK5oQhDA3g9j4AvVtwX3xQUwbqitVQSajGbyoPHe10GFeooHXCi97aj3v4Tb2vb6Zxex9krPOO0IGZL7UdcmDssf+Ns+AinKolJOqvxPlQFZSejPvsfbjP/JLEJ76DWnvV8RSmuhLUsGvOV4xC10yIh+NojF+wPvT2+vpTxs9Q0JrrUE2kavPlKvGpccXYN5Ws8YrS6PpQBghDQm0ofeMV4uEFut+oAt2cICMurTuqfX0dRubJnC/HMl+qP8O+GVekvd/NydovAge636jC2OwQxxROUfF0d0EQBEEQBEEQBEEQBEEQBEEQhOOc8BHQ41B+hu1VRaJdwWe3r/ix2E+c9234+HfsPS6tzP4bGmDssY1YFZ6GX7d9I07Df4aTF1rtOUuuhiVXQ/tG3Ec2RhWrjhMRhcbGFaeQ9F8VBfDYnt8y9uuv6IlNLONnc2wmJl1g+BBju+6lqPIjJFKfBqcI99BrHNl+e9avq1yq1FHVkpY5FZV5FLrBtcq4RdZHTAyFrA+tz54fy/oLFJ7jtR9Z9+Zlqv0cCmPdhe6P6H2lNVLiIiauePvm8TyKfqv9HArjAu1rCl1LXBO6X3jr0t7eElekY8cYM8umuweCIAiCIAiCIAiCIAiCIAiCIBznRGoABzVEMZWKhALCoD1K8tBLGuWsARxNdEbsn3lJkPx1H/oq9P4ahgbCHs9rwvnsA/B6T6Dw1BWManiK4vH3u6GmCfee1bjpR8MmM0/CWfZfcJquz/7b0wp9nUFctpqhuuLUHwfDX2wNVicYKyf4TKB8jK3BqqFOBFCUxCkpw8XB7fhH3I9cgnPmShg7grvr57D3kawfRQzr+528GsCmfWMcQZ8vf30ECVXDn9/Mtv6UjhdWA9hm3x5XXA3gYL0XWgMYYz3E2ifGfvS+iqw/TSEdt/7U9oqBQmoAR/ppqwGsxzWu/UIxX9B+ocaj3YchsevPul9MP075KdPdBUEQBEEQBEEQBEEQBEEQBEEQjnOSekIzT01Pl0iCJUBJQMXXALbbD5SQLjhnXpxt+dgPcHf9s2FfzXt6fculyIypGeqqWZ/DB7MK4YN7SFx2G07DBsZ+c4130qIgVJSEbugtRgGZuwawi6v3RbNvxKONtasfTc6CkvLg+NiTt5KomA8jhxnbdW/oww16gxtbAzjHfKnxqPNiw9IkVw3WXEpcqxPX9t4yX0HGNGxqKpijitI4+2ZXPH+F1gCOU6zG2lfMuej3lW2+ctUAjovLjEddf2YNYFdP1MbvF3H2jXN5awAX+iSCGPvGW7vS2XJ/TSNO5YenuwuCIAiCIAiCIAiCIAiCIAiCIBznJPWatcTW3DSVhT4TXtOz5sJsg2d+huM4EfuqQlLzh+lXd68pIB01Uey97u/Inq+5wPAb1rC12jcS03lrAOtnIaJYNToeBK4OoiVl5cXluC5uzxaO7N4SnvLi8W06nn2tRq45YNa48tSUdSzrQUsYqutDMaOOm//ZHyFz/QV+PTOx9u0LQLdv+lX8GX5D+0ZcR1kD2LTvE7Vv+s0xX6o/c74ifg1/GPYjcVmHc+r3C/T9Iq99P/9vzpd5Px8jJKotj6kXBEEQBEEQBEEQBEEQBEEQBEEYB5EawHqaLZ+iNdtyImt6cmJt9sxbr0QudXF0BTBEFJ75/AaqV1MhmXk526C8JlDMxiohc/jQE04WhaRygd//eAWzPQZrrH5coNTKNdq6alO1L06kjfW9o6+DuBrA/iG7clrxF+cr6NVkrz8zgZxb8ZxTQVrQ+itMUa2udzUuq2I1Z1xHVwO4EPsF7xfeuil4vlSDFqeFKKoj42cqpnPtF9NM0RlnT3cXBEEQBEEQBEEQBEEQBEEQBEE4zonUAI7W9PQVd4SCu6A9ioLO8T7mqgGMkXiJKoCDM4byUO+nd63qT1H8aY0d066XSDYUodpV6iODHcOPa+SntLiUeExls9/u5Uc48uOPBgYcQ5Foq1UKcOTOyyNj4D59L6O7fo6agjNrpKq5tbG2H3Dktz/QFZ+TVgPY/2jWYHX08dPahwm6cNz89eg1s60/peOF1QAmOl/Y5yuuBnA0LsWfYl9T+jox9o0hV/sZrQGcq0ZvOF+R9ad3P2qgkBrAkX7m2S9Uf4XsF9HTOfaLOPt6N6M1gHPtF9NP0YJzprsLwnHAa79/c7q7IAiCIAiCIAiCIAiCIAjCccypp5w43V0QJpmknhArQOEZp9BTElDxNYD1xJxZq9RRjLpmZsZMQPvqyYgiU21vrwEcql8N+xHfjsV+WAM4Og4F1ADO4VdTSOZRZNrmqdAavf6UxsalxmOxHxnP2Lhs9o15MjqVnbYJrAEcZFL19rniisxXzHtTIZ63BnCkRq8lMs2X3b5WQ1lrn6MGcFwsZsJanSeb8j1uv1D85lt/oR1LXOPaL/Ksv8C+f0hff8dY7pdE9QKcOWdMdzeE4wD5ciYIgiAIgiAIgiAIgiAIgiDkIhlKA70XLxFkKvpCJajefqJrAAftTAWwqfTD0f1hb2+rAZxVAcbE5fm21QD2lYTW/hiKRMfvY0yt0iCR648bBPYj46hmCmPsa+OoPuLWyLVGa6Q64QFLe2sNYItC10yIq/a18YupAayvPyU+Q0FrzpetBnDg17HMV4x9U8lqtg/GL4jLWO/jrAEct+5Nv1EFujlBRlxad/LUbFbjMefLscyX6s+wb8ZV8Pp7rzXDY+6rYH1EFMZmhzhmKFp60XR3QRAEQRAEQRAEQRAEQRAEQRCE9wGRGsD+h9wKSb+9otyLUfDZ7St+DPvBGTfUb4ZYagDbFJ45/PrXxCokIVAx6krI2BCin4OOxymqw3hyKTytPvIpMEFR0JoKSX2esskwV09a5lRU5lHoBtfq9mMVxnHvlYMRBa3fOMf6CxSe47UfWffR9TcVNYCNlHYkrnj75vGjqwEcqzAu0L6m0LXENZH7ha0GcIglrkjHjh2SKy6b7i4IgiAIgiAIgiAIgiAIgiAIgvA+IBG8c1DUd37NUK9WqeNkj3ivDg6Okz3nnQlecRxMUaTNPjH2eSudPVNzge4vsI9+rXI8Uo8Wx/CrKj/1eBI1F2QbHNqvxYUTtW+IILU+hY2Va9VRcrx//hFHeVXjsdon3r4T2g/GU/VnzpejxOdY/JnzFSgwyWE/GhdmXP44mvPl+zPXoe/PmC8tHnO+Yu377232o3EF/sy4HMt8OZpZfdyUuKzrzxZXxH70voqsD3O+8q0/cz3kW3+W+QrtR+Ma935B1L5+Jmb9Re4rx2JfmSdzvo4BihauoOjM+unuhiAIgiAIgiAIgiAIgiAIgiAI7wOS+iN089T0dMmtCDSVrJEawHb7gRLSBfp24HyoBudPHsjd83lNON94K5KbypfTca54IGcb97lfFFwD2B8Obfysiuk4hSLGcdW+vQbw+BSrtgPqcVtcOeYrVrGaOy43eFXjMgTAOeKyOrGqey3zZTwS26ZgjipK4+ybXXGsCu7YGsBxitVcSmXfnIt+X9nmK1cN4Li4cq0/x7SPts7i94s4+8Y5m/K9gPUXfRJBjH3jrV3pHKNAnmKKP3HVdHdBEARBEARBEARBEARBEARBEIT3CcmIqtXLlpg1N8Paq7aEJBNXA/g3V8Oh/wkf+QzMnjuRseYmk8bt62Ss7bvE1QAGMGvlOuqwgKFmdKI1gM2EpD9u3jWuOW5GDeC88xVTA1gtoavNV5CsNP3a4nJy15S12jfiM+xH4vI/++Nnrr/ArxKX1b4Rj9W+6VfxZ/gN7RtxmbLcAmsAm/Z9ovbHMV+qP3O+In4Nfxj2I3FZh3Pq9wuM/SKf/ci6N8bPrKk8DSTmLSJ5/rrp7oYgCIIgCIIgCIIgCIIgCIIgCO8TIjWA9TRbPkVrtuWE1vQE3G1/Af/xF5b2lkSgmfDM4zeSELK0jygGTSVkDh+6fXuN3lAm6cQrEnUhZHw8qIkus1au2Td9noIawGpccb6yhq3KT23x+C8ukbiiitV8cU32+jMTyLkVzzkVpAWtv8IU1dr6U+eLPPMVievoagAXYr/g/cJbNwXPl2rQ4rQQRXVk/EzFdK79YhqYcdlXp7sLgiAIgiAIgiAIgiAIgiAIgiC8jwgTwIZiMFDaBQpdQsFd0B5FQed4H52I8k5vr7qPKoAdcrVX7TuBos9U/Kn2TaVl4E9TZuqXqH5D+0pcare09qp9Iy5T4BiMizF+rhFPpL3eWScSlzJfkfa2cTPiMuybSk7TfqSOquHXJWa+rO3DBF0kLr+Zbf0pHVfta+tBHcegA6r9mPkyE5LeiWhcij/Fvqn8tto3hlztZ2TcXCM+rb1lnRv3lRMZB31h5rQf6Wee/UL1V8h+ET2dY7+Is693c3z7xdSTXNpC8ty109sJQRAEQRAEQRAEQRAEQRAEQRDeVyT1hFgBCs84hZ6SgIqvAawn5sxapaE/C4rfOGWkq/jBUwZalbiB8tJuP8RmP6wBHG0/+TWAdeXl0dXo9ac0Ni41Hov98DVHAs1PgFoUn9o8GZ3KTtsE1gAOMql6+1xxReYr5r2pEM9bAzhSo9cSmebLbl+roay1z1EDOC4WM2GtzpNN+R63Xyh+862/0I4lrnHtF3nWX2DfP6Svv2nO/eIUFTPjczdMcy8EQRAEQRAEQRAEQRAEQRAEQXi/kQylgd6LlwgyFX2hElRvP9E1gAN/Pn6WRjFrKvr0BkY8ZlyG4tOMy1bjNZueCpWEqn1TeZi3BrARl60Ga2Qc1UxhjH1tHC01gAO35nyZUmOjfVyN4ch8GQnxyDxhxoU9Llf9aKw/NSFprj/fnKr4dCzzFWPfVLKa7YPxs6wPZYCU5K9+OLL+zNrXwQW636hS25wgIy6tO3lqNqvxWO6ryHyp/gz7ZlwFr79J3y9MhbHZIaaNGet/QKL6rOnrgCAIgiAIgiAIgiAIgiAIgiAI70siNYD9D7kVkn57RbkXo+Cz21f8WOyHfs3LVAXfZNZg1eNxvYRqTAjRz0HH4xTVRjwxCk+rj3wKTFAUtKZC0hKXpli1xKP5zaPQDa7V7ccqjOPeKwcjClq/cY71Fyg8x2v/GFl/Rko7Ele8ffN4HkW/1X4OhXGB9jWFriWuCd0vvHVpb2+JK9Kx6aH4oj+juPmq6e2EIAiCIAiCIAiCIAiCIAiCIAjvSyI1gIMaophKRUIBYdAeJXnoJY1y1gBWEz657cfXSPWTe6HCU1cwao0VxaMZV5x9PS5bzVAtPacpMBV/hdRg1QJV4oq1r4xjnhrD8TV6DX+TVgPYtG+MI+jz5ceFMV+TUgPYZt8eV1wN4GC9F1oDmJj5itgnxn70voqsD00hXcD6Uw0Usv4i/bTVANbjGtd+oZgvaL9Q4zHvk8BdzPqz7hdTQ/KcNZRc/YOpdywIgiAIgiAIgiAIgiAIgiAIwgeCpJ7QzFPT0yWSYAlQElDxNYDt9gMlZF77+nnffqwiM7bGsMVJoQpCRUnod1cbP9OfbzxXXKo/iyJTyQqOU7EaF5d/3BZXjvlS4ynIvv42Vw3WXHHlnS81a2irKas8Eju7LHIo3C3rLPa976/QGsCBfbdA+4o5F/2+ss1XrhrAcXHlWn9mDWBXT9TG7xdx9o1zeWsAF/okghj7xlu70lm/vyaboo81M/Pan0yZP0EQBEEQBEEQBEEQBEEQBEEQPngk9Zq1GMo6Ww1gW0JSVdb5ySJdWeiTr6Znfvuhck/zh+lXd2/WYA0Txb5f73Ki9rOtY+yr3Vb9ef8fictMSDpab5SatU60QcS+ZTxjagDblKOaP3PArHHlqSlrtW/EF1MDOKJc9sfPXH8Y8xVr31wANvs51ofhN7Qfs/7GWQPYtO8TtT+O+VL9mfMV8Wv4w7Afics6nFO/XzDO/SKy7mP2iykgec4aSf4KgiAIgiAIgiAIgiAIgiAIgjDpRGoA62m2fIrWbMuJrgEc2tcvtSr4zIRnTr85FJJK+4g/UwmZw4eecLLX6NWeS5xTwWyJwYhTS1gbNXqjfdPHLagBrMYV5ytr2Kr81BaP/+ISiSuqWM0X12SvPzOBnFvxnFNBWuj6y2FfCw0icVkVqznjOroawIXYL3i/8NZNwfOlGrQ4LURRHRk/UzGda7+YJIov+jN57LMgCIIgCIIgCIIgCIIgCIIgCFNCpAZwtKanr7gjFNwF7VEUdI73MVcNYIzES1QB7JCrvWrfqI2qKP5U+5EawEEtW6+FmQgy/Ib2c9UqJUhwhfaNuEyBYzAuxvhZapXq7fXOOpG4lPmKtLeN22TVAPY/xsyXtX2YoIvE5TezrT+l44XVACY6X8TMl5mQ9GvlRuJS/Cn2TeW31b4x5Go/ozWAc9Xotaxz4756TzWAI/3Ms1+o/grZL6Knc+wXcfb1bo5vv5h4nKJiZqz/AcXNV02uI0EQBEEQBEEQBEEQBEEQBEEQBI+knhArQOEZp9BTElDxNYD1xJypxA39WVD8xikjXcUPnjLQqsQNlJd2+yE2+2EN4Gj7ya8BrCsvj65Grz+lsXGp8Vjsh685Emh+AtSi+NTmyehUdtomsAZwkEnV2+eKKzJfMe9NhXjeGsCRGr2WyDRfdvtaDWWtfWEKd+29mbBW58mmfI/bLxS/+dZfaMcS17j2izzrL7DvH9LX3yTnfkkubWHG524gUX3WJHsSBEEQBEEQBEEQBEEQBEEQBEEISYbSQO/FSwSZij6zVq7/OtE1gMMavR5+lkYxayr69AZGPGZchuIzUgNYUQZqikFCJaFq31Qe5q0BbMRlq8EaGUc1UxhjXxtHSw3gwK05X6bU2GgfV2M4Ml9GQjwyT5hxYY/LVT8a609NSJrrzzenKj4dy3zF2DeVrGb7YPws60MZICX5qx+OrD+z9nVwge43qtQ2J8iIS+tOnprNajyW+yoyX6o/w74ZV8Hrb9L3C1NhbHaICScxbxEzLvsqyXPXTrxxQYjQzS3XtdIZe76ctd/awJo5U9mlTXzpp2ka/vQ6rklNod8JwRvPupX8+EvLKbU2OZ7jEwSB/q3c8KMu+mIb1HDNTetomMIudd55E7fsmnq/E4I/nktauPXqPJvieNoKgnDM0PfQbdzwYCa+wZTf0/1s+dHP2Ew9N35rFVVT6Pm44FCa9tZtbNnRz8Bw9lDx7Arqli9l3UX1VJVMb/cE4YNA9rvdJP0s7n2f4uKruPGiCTIu39EEQRDet0RqAPsfcisk/faKci9GwWe3r/ix2A/9mpepCr7JrMGqx+N6CdWYEKKfg47HKaqNeGIUnlYf+RSYoChoTYWkJS5NsWqJR/ObR6EbXKvbj1UYx71XDkYUtH7jHOsvUHiO1/4xsv6MlHYkrnj75vE8in6r/RwK4wLtawpdS1wTul9469Le3hJXpGMTR9HCFRR/4iqS56+beOOCkI/yGtZ9agHlkRMl1EQPCvno2cZND1Xz3Yuqp7sngiBMFqcvYsMFtnu8nNop74wgCMKxT23TKprPsJyoqJnyvnyg2NfBbY/sp3LJKtYuzvPF/tVtfP9vtpMeK6F2cYrmJXMoP9RP59Mv0d22lRse2c36G66gqQwgQ/cDW+l4cy4tVzYy7lk81M3mX/cycMZyNpwna0AQBEEQBOFYJFIDOKghiqlUJBQQBu1Rkode0ihnDWA14ZPbfnyNVD+5Fyo8dQWj1lhRPJpxxdnX47LVDNXSc5oCU/FXSA1WLVAlrlj7yjjmqTEcX6PX8DdpNYBN+8Y4gj5fflwY8zUpNYBt9u1xxdUADtZ7oTWAiZmviH1i7Efvq8j60BTSBaw/1UAh6y/ST1sNYD2uce0XivmC9gs1HvM+CdzFrD/rfjF+EtULKFp6EckVl1F0Zv17MyYI74WSClJL60UBMYGkH3yAzakNrD1tunsiCMKkcOI8GpeKwkEQBKFQys+qp1G2zannzTQdO9JUnTLM2sW5Gg7T8cB20qPlrPmm/h228ULgUC+bWg+SKgvbp7v30tF/hIajSQAf7qdzx176Rhew4bzxXiwIgiAIgiBMBUk9oZmnpqdLJMESoCSg4msA2+0HSsi89vXzvv1YRWZsjWGLk0IVhIqS0O+uNn6mP994rrhUfxZFppIVHKdiNS4u/7gtrhzzpcZTkH39ba4arLniyjtfatbQVlNWeSR2dlnkULhb1lnse99foTWAA/tugfYVcy76fWWbr1w1gOPiyrX+zBrArp6ojd8v4uwb5/LWAC70SQQx9o23dqWzfn/ZcIqKYWYZTvkpOJUfJlG9kKIzzqZowTk4c2x/Ai8IwnHPnHJqBjJs+ftN1Fy/joZZ090hQRAEQRAEQcjFS3TvBirn02j7A8bZC1j3manukyAIgiAIgjCdJJ1r3wbCFEjc60QxVX4EQRAEQQjxa0xu+IsF9PxkG+2vjkKyjNQn/5ANF82h76H7ua3tAAPDUFxezbr/fAXN/i+PgjpDV3Bt5RPc8qu9pAehuKyCxsvXcOWyORTncj52kI5fbWGzX4ssmaRm8TKuXNdE7Szg5Vauv7mbgcUr+fs/W67b2t/K9f9fN0MrVvPjzy4CYGDnA9z2QC97Do5CIklV6lw2XNlITVK57vBeWjf9B1uePcjQKBSXz6H5M5exLt+j8wCqGrludQ/X/zTNHZu6qbs6Za8H7DPaT2fbNrY8eoD0oVEASufN58qrP01jhTmGn2Y9T3DLvx8gMwrFp81n/Rc/TSNd3HHnNjr2jTKSSFJ1bgvf/swize/Q3nbuuG8H3ftGGQHK56dYv76F1Oz8IQmCMF7CGpPf/hPY8rMuujNASTlN6z7N+iXQsek+7u709pjTFnHNV1aT8v9gJKgX/mVaXlX214pq1nx2NWvOyrMXGXsYJWXULjuXDX9UT2UChp68h6/ee4DK5nVsvFTXbY3suIc/v/sANZd/ge9eWBHdg0vKabi0hQ3n1Wj77YTuMQe7uPvuJ2jfO8hIIknlwrPZ8MmjsCMIwvHDe/yuE9RD/x/L6bvr39jywiAjZPeP9Z9bRV2evcjcw4or5tC0eg1XLq0ABmm/9R+4o6eMlq9/mXVz1SuH6fjnv+W2ZytYd8MXaBmegu9swVit49qK7dz8i730+fvzZau55txqoJtbrmul07uk78Gf8aUHgTlxtY/LKJ8NDOyl41VyPsVGr+uc5pbrbgKg4U+v45oUZPZ1sOW+nXTsGwz+G5Rq/kM2XDSfUv+/j/3e5bta+dJ1rYBXy97771+VWZ/UdvzwXrbc9W+0vpj1U1xWRt2KlVy5ehGViVyzLQjHGQXd8yEjA11s+vkTtL88yMhYto536hNNXNlkK/vk35PePZjv+Di+oxX0c7cgCIJwTFP0ve9973vT3QlBEAThvfNq/5vjaj9rRhGO4wT/gJzvUd8TPlw80k55zXfMfF/I53zH4xhv++Li4+G3Dv1sb91D36xTaKivpPjdYYbVf6MOM2dkfzrr2/U42197h56uNNQ18JlzKxh6+RWee66X3pee58HdY5xz0Xmcc3KGPS/207lrgIUrP0KlAwzupe3RVxk5coCHdw4zv2kZlywu443f7WPXjqfpTp7FyjO958n1P8evuzJU1Z/HOacCYwfY8r9+xt3PDVK+IMUlFy9kYdFbdO98kbaOV5l/3iJOPfkkxnZ38dyLhyg9dym1M8MIu//1N7TtP5G1X7yI2pnQt/U2/vIXr/D27A9z2erlNM4bYU9HN1ueHeGcj5/BbIDh3dz2g/tp3T9GTeNyPrPyw8zuf5mt//E0/R9eQsOcuJ9YvfE8rZbPtJzHh1/fRfvOF3guV3xA+oGfcdN/vEn5GYtouTjFOdVH+F3Xy7Tv8OJLhmOY6XuJ9tc/RMvFy0mdcJCe519l+/N76H3kGfrmfoy1F55G0WsH6H2+l96yOppqstmkkWd/ybf+8RnS7omsvOQ8Plk3k/5nn+XBRxUfgiDkx7sX366sYuVZs/U9891hhseSzCxOAIP0Pvo0PYfeoHPH25x6wTmsWVxE3/Ov8lzXXnr37qTttQouuThFXdHrPPfSATr2jrFyRQ0zIdgrijMv0ZpOcl7zCprmH6Fv9ytsf/JZbS/K7s/lnPOHi7O/0D/czS0bf8PW/WPU1Ke4bNXpnDrYz/au59n6XHavq6hK8kZ7Lz2vjDD/Dz7CqcF/4g6y9V8e4bmRBaxfX8+pTj9b/uaO7B58dj2fuegs5o/1097WyS5lbzvqPcYfz9NquWyJtyke7uaWv/53Hu9P8OFlKdZ+Yh6zD7zI3dteZWTkCCNqW0EQjnnefqmTtheHqVywmLry4ci+OVY0k+y2+d6+62T3wiLe2Ps0v0supOUPF7KQN+h+9mXan1L3Im9/5jSam85kNjDUvYnr/+k50u6JnPOJZVyyuJy3X9nL9ie6vL3uJGrKBtja+SrpIydxydmnhAFmnuD2/7ufkRXNfGXZKVPznc3zMXTwZVp3j9JwUbbdwO9eoaerlzfmr6D+5JlUzDmJug9l6EwfpjzVyFUtdTScfQa1lbMpisxUORWjz9HWm6H3iafY/vJbjMyeRdUJsyk29vCZZbOoOrMCXt5P33AFzZ8/j09+7ExSZ5xGhbOdf9r4CJ3OSdRfsJRLzq2ifOAAHZ3PeN+Jy5ldOZva6iPseSHD8OmL2PCpJTR87EwWVp3ETO+/f7PPWkJzbVnoNHI8zab/9xds2Z8Ivq9XDB5ke+cz7ClbTFPNTATheCW7n82krqmBhWUUeM97F7/cyl/+zRM8d6iUxRfWc1nTh6l4+/d0PLqHxCyIUQAAIABJREFUsdRyFhdlbRHcS96eOKh8lwT78XF8Ryvo525BEIRJYHRkbLq78L5Cfl0oCIIgCMc7A93c9L3u6PGIQmCY2tVf5toV2V/GNJ74Dl+9tZc9L5Wx/sYraJoFUE/l4E3csitN9z6oO11x8/JMpR00njOPWza20vngVjqarqCxJNqFkZ3b2LwfKi9cx42Xeyq1pY00n3UPX713L3c/lGbjpTU0X1DNprsP0P5kPy2+KmB4O23bR2Fxiuby7OdND2ZgTj3f/eYqqhLZ/jbNu5+v3tpF6wsrWb8Q0g9to2MwScPnv8A1S71Yl36Uyv91O5vanmLd4ibLX06blJD63KdZ++o9bH7wfrYs3sCaGCVFzaor+OuLyykPvlXVkyq5nW/ct5eOFyGl1GsbKlnIt7/ZQm0COLcG+m5n075+Bi5cx0ZvfJrOhBt+1MWe3S8x0lRBMWk2b97L0KwaNnxrHY3ePDUu+RDfv7GDLU9lSDUVoGwWBCHk2Xa+8Wx79PiSFm69WilyeThJ07UbWOfthXXczjfuO0jPwRTfvt6/l+fDj37G5r376B6GJmUvTGfmhu2opym1le/f1EXH5m20LG6x1lxMb32UzkFIffYLwX7N0iYa7vsHfvjwdjbtOJdrly2i+dxttLf10v4spPwu799O2z6obK4nlYCRHVvZvB+qLrqCGy/21CVLG6m598fc3PYEPasuo26C95g9D2zL0f/hgu0IgnBs0b3pNr6xKXrcV436HN13HZ+DZOaF7VjaSMNDt3HDg+F3xihpttyfZihRzfpvKd9Tm+rYtHETrf731Lp6mip6ad3+DJ3rFtHg/a1n+pFnSFNGS9MizepUfGfLHD6ZDX+htDtpkC/9NE337jQsrKF2aT21yV5uaz9I6dyFNC6dQy6qVv0pG0+8P6su7OlmU083m/DU0KtWsmZFDeWJ7FMrGk/rZ6C1g05OoG5pvaIaXM76v1xAeXnYz8YlJzNywwO079rNwKqVVNXVU1XxOlt+kyZz4jwalx5Fcej+XroPQmnTGr79R/OzfpY2se5QPwMz5Hut8P4k3z0PaTbd1c3AWDlrrgtreTcubWJtJsNIOdAfbz8fBX9HK/DnbkEQBOHYRxLAgiAIgnC8U17Duk9ZHgc1aw6VekNqz1T+Er+ijHJgaPGi4JdlAFVV5bArw8Bbhj2jHbNStCzbRufDB+h+ERoXE6H72QNAGY2N+i/sSpcvouHeA3S+sJcBaqhcej4tD26i9cku0hdlkyKZjm66x5I0nec9FvrFNN1jUFlXQ+lgBv/Bdcw9lVp62fNyPyxM0v3CIFBN6qxRMof8VkXUzC+Dh/vYA8ovuXKQqGbNlfV03tTF5p+0Und9C7W2drPKlbEfZejQIMzIqhYif7g4f56XCAKooLIC2GeMz5w5VAF9BzMMAFUDe+k5CCyuoW40Q+aQ379TqauE1pfS0HQUv3gThA8ypy9iwwXV0eMVRnIhMUf7Q5jyk04ADlK57GzlXp5DVRXQP0gmAyi/n9fbAac10bywizt60nQPQI2+SQP9dD87CNTQuLxMO1PbuIDKh7vofv4lWLaImlXLSW3bRudT2xlJZffJ7vbdDFDBuguycfQ8n92DU2eVKfsh1Jw+B57sZ08/1CUmco/pp+fF4Zz9HyjQkiAIxxa1TatoPiN6vNLMyR7Nd53gRPQ7Y9WF9aQe3Ea3/53R7ICXSCRlfE9N1NC0rIzWh/zvqTWsuaia1nvTtO8cpmFZCYztpu2JQZjXSMtcw+5UfGf76NleIsjj1AqqSNOXyXB0JKlc9mluXDbK0MA+9jzXS1vnbnr29dO2aRNtj9Vz49f8ZE48avKX4UEy7yYpLQNGso+0nhAqa6gt66J9ZzubziphzcJqSkuA2ebPL4LwPiLfPe/vIXX1kT8+Li4vz112KS/j+I5W0M/duf8gRRAEQTg2kASwIAiCIBzvlFSQWlpvqQVmUk6V7TcqiehD5GxUzqmIHCstnQkMRxOdAIwyMgyQJPJEbd+n/4ukRA0tF1TQet9u2npaWF+XpvWRg1CRornOa/pO9q+SBx6+n288bHHX9xpQztBhgAPc8b3bLI2S9PWjJWhyctoqrrvyINff1c3Nd1WxcWm0ychAF3ff1U7H/rhxCKk65WTLUcv4qBweZgjiFYuJfvqggPkXBCGgUMVSZbn1F9HFRYX9GFV1irnZlGR/wQ1g3S/eydZbBMu+SfYXf6Neg1nLaV7+KN1PdtOWWU7LTOOpCYwyNAgwSOstt9Fq8ZZ+DThxIveYAvovCMJxSflZ9TQWsG0e1Xed0Ev0u2pJSXbviEs+Dh/xvktavs96e7X//ax0eT1N9x+g/ZGnyCxronRnF+2HIXXBOZE/pJyK72x2HxNBktLK+aQunE/qwhYYTrP57zaxZX8Xm3Y2ce0yy2N7fMYy9Gx9gLsfOUDfoHFuIvM9iQWs/9oq+Mk2Wn96D61AcVkFqU96dU6Ph2o8gjBO8t7z/h7i73sTSuHf0Qr7uVsSwIIgCMcDkgAWBEEQBKEgBvoPgvHA0qGhdwDLD5EAJCkuARiNJkbHjmRfi5PBD5vljSlSv95G+2PbWccB2g9C6sqVgcdir55xeaqRdUtOiLqrqAGGKU0CVND8+aUWxW4JNeN8qlzp0tWs776dW3b9ljvGzCT4XjbdvJX2wyXUnttI85lev363k9vaD47PURwlRdkxilMsRpTegiAcK/T9vh9Q79thhvwn7Fn3zZneHuYlLNQ2Y2STHMnwR7hU0yIqn+ym7ZE0jR/qpnusjJY/9J6aEOzBJTRc2kTDiVFvlTXA8ETuMQX0XxAEIZYMfQOAqnwbHs7uHcp3Rg3/e5L/3VLlSDbbEXxPTfiPz3+G1v0fpfyRA1CRYm2uhOh4OFa/s5XUsLa5hi13pRk4aDyqwiDzxP3c9GA/xXNqWLt6AZUlAG/T+esOOt9LH0YtxyrqWf/NetaPDpJ57QAd27ay6b77Sb+1LuZx34LwPsffQ7x9770lgc2fwQv/jlbYz92CIAjC8YAkgAVBEARBKIxnd9N+uD58vN5YL+07hiFRTeos+yWpxdWw6wAdHWnWXh7+oDi0fTedQOXC+eEvwkp8NVsXN72ZYWjWApqXKr+QWzifVCJN99tQt7ReV2qMjjLiJUVSi8vY3D/ISFk9jUZtopFRKB73t58yGj7/adb03cOWbrPo0ttkBoE5i1j/maZA0bEn/cR4ncQzZwGpii76BkYpX1JPnfbD+igjxPxCVBCEaWdgxzPsaakOHyOaeYr2F4CKGlLWLMAcbw9L07F9kMYV4SP69nT0MgCkPnJm2HzucprndbPpiVZunpWJPMbU34MzxTU0LtX/gGVkdNTbDydyjwn73/bYQRqbQp9+/wVBEOIZjHxnzDzVTTfGd0YV/3tS5HtqmvYdg5HvqTUXnE1NWwft9/6S0v1Qc/lyaz32o2IyvrN5yuaht005rskwHfdtgfMvo7HS/LI7SMeuA0CS2tP95G/Syy69k316jjduQ4PZv1JKrV7HGl/xfXg7HXcDap484cUyOMQQUOofP6WCStL0aQpB379KhoGBMiork5Aso3zuAlqufIc9O1rp7OtnhBr5fit88PD3kJ4utry6PKgBDDCSyTBSXh7ea+FFVJ4K9Gf0J129upvOAb1dwd/RCvy5WxAEQTj2kR1bEARBEI53hg/SvbOLdORECTUfXUTVBIkayqsG2fyj2+k5/6OkSl6n7be72TMINRevpDHGR/HSlazddg+bH97EDf0pmpaXM7L7Odp2HoSy+Vx5kf4rN1/Nlt4Plc31pNRfnJUsZ11LF90PdnD9j/bR/PFF1Mx+m/SuvXTszpD64ldYvxBqVp1Pw5OttN/6t/QtXUTTopNh4ACdXb30zFrGxq80Resl5yNRzdr19XTf1EVa+0vqudTNh869XdxyJ7SkSujb3kPHPpvM4WipYc1lNbT/tJebbrydxvM/SqoSBl56iY4dByhd/QW+3RR9PLcgCDl4cx8dOy1qMcqpWzp//HtEDFWz0tz0V/fQ/PFFVA330vrvafrGSmi47PzYhIO/h3Vuup0fvriIpkXZfaWtZxDmLmedplSroPmCajbdfYD0YUhdrD/GNNiDf3U7N+xO0bR8DuWH+ul8+iW6+6u59nuXUZeY2D0m6P+vbueGl+qDfbFt3yilkH20oSAIxx2ZF7vosKo459N4+kTtmuWU7vkVN9y6KPudsbubLbsyUFbDulWxu6a3h6W5I/iemqHj8W66D0LN6lX699Tyc2hZ3MFtz2YYSlSzoXEiv0NNwne2RSmayvbS/tgWbio+h6a5c+z/nRrspuOxvXQ//GPunldN6qx5pOaewMjAATo7d9PdD6VLWlgX/HFkBU0rKtj8q37uvvmXDLWcSVXVIlKnz6GUDJ2/uJ2731hKzfBLtD9+gD7zu35liqb527n7xXZ+eO8IaxaenP2547QFNFR00bprGzf9ZoimuTCwaydbnjUWT882vn9rL8Xza2j82AJqZr/Nnke66ASqzpDkr/BBJdzPtvzNbaQvqKNxLqS399DWM0rz17/MOsvN0ZCqhu4DbP7JLym++EzKDx2g9d9305dAKzlS8He0An/uFgRBEI59JAEsCIIgCMc7mTSb7oqmf6Gctd9axJoJKs9TmlrNtZVPcPOmdjqGs3W6Gj6zig3nWR5x55OoZs3XvkDlr7aweUc3m3qAZJKaVCPXrGui1vxl0tyzaazsZstABc0XRH/RV3XRBjZWt3L3b3bTdt+B7KOxZleQWvOHrPXVHbNSXHP9ybTf/29s3tXFHTuyPqvmLWD95849+sTOaau4bl0/X71XVTBU0PzFTzN017+xpbuLO7qTVC5cxnV/1McN1jk5OkpT69j49Q42bXqKjtZ2OsaguKzs/2fv7uOqKvP9/7/2ZsOGjbgFEQQEb1FQScXbiHTMwibL7IamPFM2jTXj3Fi/0TPTfM+p75n6zmmao3OqRzNO5UxpjeVgjmlaUmQaaZiihineoiiiiCgiNxs2e//+QBAQFBTYN72fjwcPN2tfa63P2upnrbU/67ouYkZPYfYEFX9F2u3oXhYf3dvCGzHMGdWfxA7aTcRtDzHr5GoWrc2g1A6+IWGkzJhO6rDA1lcKSGDOb7uRnvY5a+tzmDmQgUlTmH3PyMt6wPmOiidx2Qmym4+aAA05OGbdetK2XszBRhPWqEhmPDKpoXdah+aYgATm/Ls/a9/LaJQXhzPvR7Dk1Z0qAIt4qEOZGRxqYVpbRqQw/pE2TA7cJlamzZlC4TvrWfVOOTVGE6H9E5g5K4WEgNbXsiSk8sIvMlnywXayP84ki7p8O/mH05g5qnkOMzN+VAyLv83HMmZkqw8xXqsOv2YzxjLrZ5OoeO9LcjZkktvaeSpwDHN/H0P2hkzSs0+QvfEEWfVzH4eFMXnmVFJHhzUprFqTH2DuuZUs25xH2jt5RNweScJt03nmhytZ9K88NnyQgW9gCMkzp5HwwUpWNdlhCJN/fAfFf9vIhm1ZLN5af98RQ+qcKVQs3UjWhkxyjSYiEibw9IP5PL+s0bXx4EnMudtG2mcnSP+gbrlvYAiJd09j1kTNLSrfXY3zWc6GLHK4eL979yRSIqCl4VR8R0/n6ZLVLN5Q93/Z1xrG5B9MJ+HD1axtPIBVO67R2nTfLSIibs/gdDqdrg5CRESu387dee1qH9zND4PB0PADXPE1jV8DBlpp1+jPqy1r/rotv19teWva2z7AomekGhRl8OyLO+H2h3nutk7+QqY0k+efy6J43B28/IP4zt2XiEhnyUnj8bfySXx0HnM6qi7SmtzVPPnGAULv/hHPTNQDISLimbKXLmTRrhjmLEztsIdwWpOz/GVe2dqd1Gd/REpHdV4WERERketWWdGRI+qJ8epNRERERLpGzsfbySeQ5GQVf0VErq6E9I8PUGGMJKVDhzEVEfFSpZms2mqHYQlMVvFXRERERLyYCsAiIiLiHiq3sWGbHaKHkxLl6mBERDzA0W1sOEanDGMqIuKNDn2+m3xMJCeN0TyzIiIiIuLVPH4I6G279vNRRhYnT5+lurqmYbnZz5eI3j0ZfcNgbp881oURioh0DQ0BfWUaAlpERERERERERETEPWkI6I7l0d9ur/98GyvWbGzxPVt1DUfyT3Ik/yShIVbGjBjcxdGJiIiIiIiIiIiIiIiIiHQtjy0AHz1+qknxd+KEG7B2D2z4/czZ82z++lsAXlu6hoj5s4iKCO3yOEVEREREREREREREREREuorHFoBPFpU0vP63e6fwvZtGXtamf3Rv/rEyA4Ajx0+qACwiIiIiIiIiIiIiIiIiXs3o6gCu1anTZwHoGdKd0SOGtNhm9IghBFr8AThTcr7LYhMRERERERERERERERERcQWP7QGcNHYYZ86eZ9KNIwjqFtBim6BuAcz7aSqffpFN0thhXRyhiIiIiIiIiIiIiIiIiEjXMjidTqergxARkeu3c3deu9oHd/PDYDA0/ABXfE3j14CBVto1+vNqy5q/bsvvV1vemva2D7B47DNSIiIiIiIiIiIiIh6lssLu6hC8iscOAS0iIiIiIiIiIiIiIiIiIk25ffem4ydOk5dfSGFRCSeLzlJdXXPd2/Tz8yU6qhdhoT2IjgwjJiqsAyIVEREREREREREREREREXEtty4AZ+ccYMny9VRU2jp82zl7DwN1xeCp3xvD9KlJHb6PllRWVfPK4pUczCtgzqzpJN4Q2yX7FRERERERERERERERERHv57YF4L+8+QE7dh9ssqxPZC8CA/yve9tVtmqOHj8FQHV1DWvSt3D4aCFPPXHfdW9bRERERERERERERERERMRV3LIA/M8PPm8o/pr9fHno3ikMG9yXHtZuHbaP0rJytmbnsnLdF9jttXy77whZ2XsZnxjfYfsQEREREREREREREREREelKRlcH0Nye/Uf5ZNN2ALoFBvDqC3O5aeywDi3+AliDArlt0mgWvfgUPUO6A7D4H+s4fLSwQ/cjIiIiIiIiIiIiIiIiItJV3K4H8K5vDzW8vueO5C7Z56wHpvKnv6YBsGXbHgb0jeiS/baF0wm5B/NZufYL8gtO4XRCr549uPv2JMaOjMNguNT2XOkFPtm0ne279lNyrgyn00kPaze+f8s4vpc0EqPRQGZWDkvTPmHIwGh++eMZ+Pn5Ntnf5q+/5a3l6xmfGMejP7gdHx8jZ86e54OPvmR7zgGqq2voFhjAhNFDufv2JPzNfl38iYiISHvZa2upttmpttux22txOJw4nU5XhyUiHsBgMGA0GjCZfPAzmfAzmzD5+Lg6rE6lnCki10N5U3lTRNpHeVN5U0Ta57uYN+XauF0B+NTpswBE9g5l4oQbumSf8bExhPcK5tTpsxSeOtMl+2yrr3fm8uZ7H2M0Ghk6uB8B/n7sO3SMxf9YR3FJKXdMGQ9AZZWNv7y1mqPHTxLeK5hxo+Korq4h92A+763agNPpZMrNiSTEDyAstAd5+YUcPX6K2AF9GvZVXV3Dlm178PM1MXHCDfj4GDl9ppSXXl9BcUkpfSJ6ERURSn5BERlfZHOsoIifPzaDAH8VgUVE3JHNVkNFlQ273YG/2Rd/sx+mQB98jAYMjZ8gEhFphdPppNbhxG6vpabGztlz5ZhMRiz+Zsxm36tvwIMoZ4pIR1DeVN4UkfZR3lTeFJH2+S7lTbk+blcAPnaiCOCaeuG+nfYJm776huRxw5n1g6ntWrdfdG9OnT7LiZPF7d5vZzl24jTvrdpAj+7dePLxe+kdFgJARaWNP/99FZ9/uYsxI4YQFtqDAH8zM++9hdAQK90CAy5to6CIP722gs1ff8uE0UOxdg9kVEIsH3+2lS3b9jCof5+GXsRHj58iL7+Q/jER9O0TTnV1Df94/1POnD3PrAemcuOYYRgMdb2S1376FWvSt7Aj5wBJY4e54uMREZFW1NY6KLtQicPhwGIxa7QGEblmBoMBk48Bk48Rf7MvQd0CqLJVU15RRWVVNUHdAvDxcbtZZdpFOVNEOpLypohI+yhvioi0z3chb0rHcLt/BefLKgAIbjbn75df7+bxeQt5O+2TVtfdtmtf3Z/f7G/3fsNCewBQVl7Z7nU7y/5Dxyi7UMGohEENxV8AS4CZ7yWN4Nz5C00K1v2iezcp/gIEdbPg5+fLhYoqamrsAIwbOYRugQHsP3yc82XlQF1Rd8u2PVTX2LlxzFD8/Hw5faaU/IJTRPUOZcSwgQ2FYoMBksYMxRoUyN4DRzv5UxARkfaostVw5mwZvr4mQoKDdGMpIh3O3+xHSHAQvr4mzpwto8pW4+qQrplypoh0BeVNEZH2Ud4UEWkfb8qb0nHcrgdwa3bkHARg01ffcN+dN2MJ8L+sTUR4Tw4dOUFkeM+rbu/Lr3dz09jhDb/3iexFUGAACUMHdFzQ1+nIsZMAfLJxO59s3N5imxOnzjBy+CCgbvjsdRlZ7Dt0jNLz5djttQ3tQoK7N7zuExnGqOGDyNy6m2/3HSFp7DBOnznH7twjhIX2YNiQfgCcPnOOC+VVlF2o5Kln/tzi/kvOlmGz1WhoARERN1BZVc2F8kp6WAPx8/WYU7yIeKhAixlfXx9Kz5fjdAZ43LQgypki0tWUN0VE2kd5U0SkfTw9b0rH8pgzT98+4ez69hAAp8+U0rfP5QXgp3/5EPsOHmPIoOgrbus/XvgbRcXnqKy0cevE0QAkJsSSmBDb8YFfh9paBwDRUWH0iQhtsU19sfvYidP872srKLtQgSXATNygGIK6BVBdbWd3bl6TdQwGuHHMULbuyGXLtj2MGTGYnbsPcra0jOlTk7B2DwTA4XDidDoJ6mYhPjamxWEDwkODMRo1R4WIiKtV2Wq4UF5JsLUbJpOPq8MRke8IP18TwdZunC29gMFgwN9DHgpUzhQRV1HeFBFpH+VNEZH28dS8KR3PYwrAvXsFN7z+/Mudrc7xe7XiL0BR8Tmgbi5dd9Ynshdf79xH/+jePJx62xXbHj1+irILFSTE9+dnP7obk0/dhUXJ2fMcPlp4Wfu+fcLpHxNBXn4he/Yf5euduQRbgxifGN/QpmdIdywB/gRa/HlwxmSCulk69gBFRKRD1NY6OF9WQQ9roG4sRaTLmUw+WLsHcq60HF9TkNvPNaScKSKuprwpItI+ypsiIu3jaXlTOofHFIBHJcQSHRXGsYIiMrfuZszIIQ1DFV/JvoPHgLrC8LETp/nXusyG99ZlZOHn58vtk8c2tO0bHe42czEkxA/g003ZZOccIGnsMAb2i2x4r7q6hsP5J4ntH4WPj5FuFn8MhqY9cZ1O2LxtD+fOXyC4R1CT9/z8fLlxzFD2HTrGP1ZmUHahgqQxw+jVs0dDm4iwEPrH9GbP/qNs3PIN026d0DAPsNNZN0R1z+DudA9SYVhExJXKLlQSaPHXkFIi4jJ+viYCLf6UXagb4s6dKWeKiDtQ3hQRV3I4HNjttdhrHTgcDpxOJ05n5+zLYACDwYDRaMTkY8Rk8sFobH8hQnlTRFxJeVM8kcechUwmH376yF38xwt/A+Cl199n2JB+DOgbwZCBl3r9hvcKpoe1G1A3b/Bf3voAgAmjh/LV9j1Ntllb6+D9Dzfx6cbtDOgbwY7dB+nbJ5z//P9+2CXH9PaKT1j+wYYW33s49TaGDenP7ZPH8q+PMvnjn99jQN9IevW0Unahkv2Hj2Py8eFXP72/rjdv3wh6hwWTszeP5xYupV90b/ILirhwobLVi41hQ/oRFtqDU6fPYr5YEG5cQ/bz82XG95MpPHWGDz7+ks1f72ZA30gcDgcH8go4V3qBe+5I5o4p4zvj4xERkTaw2WpwOBwEWsyuDkVEvuMCLWZKzlZjs9VgdtMhppQzRcSdKG+KSFez22uprrZjr63tsn06neB0OnE4arHba8FWg8nHBz8/U7t7xypvikhXU94UT+YxBWCAsNAePPOrh3nx1feorq7h231H+HbfEdawpaFNZO9QfvfvswCorqlpWN64+Hv/XZOIDO9JXn4ha9K3UFpWzo7dBwHo1dPaRUcDF8orW32vutqOwQC3TRrDgL4RfPjJVxzIK+BgXgF+fr7E9o/iztsmEBMVDoA1KJAnH7+P5as2kJObx6nTZ4mP7cvMe6fwt2UftbgPa/dARiXE8vFnW+kfE0HfPuGXtekXHc5v585kXUYW2d8cICt7L0ajgfBewUxPua3JkNEiItL1KqpsWHRjKSJuwmIxU1Flc9sbS+VMEXE3ypsi0hUcDidVtuq6QoIbsNfWYq+sxWTywd/sh9FouPpKFylvikhXUN4Ub2BwOjuro/q1eXzeQgDuSrmR6VOTWmxTUVHFkrR0DuYVcL6sosl7jQvAANt27ee1pWsafn9j4bwm7Ves2cj6z7dddZ8iIu5u5+68drUP7uaHwWBo+AGu+JrGrwEDrbRr9OfVljV/3Zbfr7a8Ne1tH2Bx/2ek7LW1nD1XTq+e3V0diohIg9NnzhPcIxCTj3vNd6acKSLuSnlTRDpTjb2Wqipbpw1Ver0MBvD3N+Pbjl5typsi0pmUN12nssLu6hC8ivt/u90Ci8WfObOmA1BcUsqZkvMN74X3Cm7StvG8uXel3HjZtu6/axJbtu/hfFkFxY22IyIi4u6qbXb89fSeiLgZf7Mv1TY7Jot73VgqZ4qIu1LeFJHOUl1jp6qq2tVhXJHTCZWVNpz+fm2eM1d5U0Q6i/KmeBO3KwCbzX7YbNVt/k8WGmIlNKT1YZvPniu76jZ6dO/G+bIKLpRXXLWtiIiIu6i22/E3+7k6DBGRJnx9TVTZqrHgXkPfKWeKiLtS3hSRzlDXg829ixiNVVVVYzAY2tSjTXlTRDqD8qZ4G6OrA2iuT0QoAIfzCztkewP6Rlzx/cJTZzh5+ixwee9hERERd2a31839ISIxV2VqAAAgAElEQVTiTkwmH7eZJ6kx5UwRcVfKmyLS0RwOJ1VVNleH0W5VVTYcjquPuaq8KSIdTXlTvJHbFYAjw3sCcOjICfYeyL/u7T39+zcaXq9J38KKNRsbfi88dYa/Lv2Q6uoaoG6+4G279l/3PkVERLqCw+HEx9i+uY1FRDqbj9HQphvQrqacKSLuSnlTRDpala3abeeuvBKnsy72q1HeFJGOprwp3sjthoAe0C+SL7JyAPjXukzin5x5zdv6/MudTeYHBlj/+Ta2bN9DSI/uFJ46g+1i8RfgXOkFXlu6hjEL513zPkVERLqK0+nEYNDNpYi4F4PBgNMN75yVM0XEXSlvikhHsttrPbqXV338V+pJq7wpIh1JeVO8ldv1AE4eN5wRwwYCkJdfyGtL11BQWHxN2xoe35+kscMYlTCI//4/s0m8IRaA82UVHDl2sqH4+72kkTz64FSGDIzm0QendsyBiIiIiIiIiIiIiHSh6mq7q0O4bt5wDCLiObwh53jDMUjHc7sewAC/eGwGj89bCFwalrlvn3AG9osk0OJ/xXWDewQR1rMHQwZFExpi5UcP3t7w3pxZ0zmYV8CLr74HwF0pN3LHlPENT0bcNHZ4Jx2RiIiIiIiIiIiISOdxOBzYaz23F1s9e20tDocDo9Ht+i6JiJdR3hRv5pYFYIA3Fs5j9frNrEnfAsDR46c4evxUm9a9/86JDBkU3eJ7g/pHNfn9St3iRURERERERERERDyBJw9h2pzdXoufnwoZItK5lDfFm7ltARhg+tQkwnsFs2f/UU6cPHPZnL0t6RnSnYjwnldsc1fKjWze9i39ont3ZLgiIiIiIiIiIiIiLmGvdbg6hA5jr3Xg5+ogRMTrKW+KN3PrAjDA+MR4xifGd+g2p09NYvrUpA7dpoiIiIiIiIiIiIirOBzeU8jwpmMREfflTbnGm45FOob6g4uIiIiIiIiIiIh4OKfT6eoQOow3HYuIuC9vyjXedCzSMVQAFhEREREREREREfFw3vTdvzcdi4i4L2/KNd50LNIxVAAWEREREREREREREREREfESKgCLiIiIiIiIiIiIiIiIiHgJFYBFRERERERERERERERERLyEydUBiIiISNfJWPBr1hddvV1Yynzm3xrW+QG1iZ2CLctYkZ5LQbm902Lb/c6vWXpyKvPnT8FdjlxEREREAOwUb09n8acHyC+yUwNgNhMTF8+0OyaRGNq+r7eyly5kUeFInvvNFCI6JV4RkWthp3j7Zyz7Yj+5BTZqHFxXrvMoRRk8++JOClttEMOchakkdl1ArH3xbVZFpPDGIwldttcuZy8i64P1rN1VRGF53SLfkDASb55AanIs1mvsPqjzrIh78OKzhoiIiDQ3ac4zjHM0WrAnjeffL2LiT37OpEZVT5M5qMtja4199zJe/9choibN5MmJfQlxcWxFny5gQXoRwx/5I48Mb+fKxzfzbmYZo6ZNJc59PmIRERERN1ZO9tI3WZQDcZMmMe/H/Qk1Q2lhDpkf72TRC3uJS53JvAkhrg4UKCVnXQZZPcYwOynG1cGIiCdxnGDDaytZdhgGThjJ3NQEIrq7a65ru/zNK0k/F0vqHQlY29A+IXU2s4a19I4JSwfH9p13ciPP/+828gPCSLnnXuYOCsHXVkLujm2sXbua+dtG8szcKcSogiTisfTfV0RE5DvEFBhEk7pjoAkwERAURJCbFiRzsndTGXc/j00b7hYXLmETf84z4+2YAq5h5XMH2ZFdRNgtKgCLiIiItEnBl6TtqiXxh7OZMyqwYbE1KJmZg5OZ9m0G2T3cpSBiIz8nj6yIWGYnuToWketkL+bg17vJOlnepubde8dz09gBhLjDTZsHOrRmNcsO+zNj3mym9b60vEmu6+Yuua7tig/mkVVoZdodtKkA7Btoxap75c7nOMCSv2wjP3wkzz01hYj6nr5BVsbf1p/xE3ay6H8yWPjPSBbMjMfXpcF6kAsFZG/fy94SWxsamwkfFM/4YVEEaaJW6SQ6JYuIiIgbK6KkCOhtcZ+LFr8AgvxcHYSIiIjId0NpXgHFhDEjIbDF963DpjC5i2MS+S4o2bKeRRnn277CrnwO2B/kVzcHd15Q3sq2jbWZ5YROSm1S/G1MuU46Us2ObWSWW5nxi0bF38aCRjLrzr08ufwrNkyLJ6Ut1Xth7yer+ceudqyw6wCn/Obwb0M6LST5jnOb71JFRETETZRu4uXffwh3PcOTNzd79LZ6B39/9l24/3c8NqaMjAULWN/7IZ5JPMrf07ZSUG4Hcwhxkx7ioVv70qSTrL2EHSvfZtXOAirtYAqOY8pDDzGlX8tdaeuHWq77ZSm//jVAGFPnz2dKGFQe2UTa6gxyj1dix0RAnzimTE9lYqPt1c/r+/P7fdm4OoPc4yaSfvEMd15hRL7KIxn8/d0Mcs/awRRA1MgZPHz/KELqb4p2L+XXS4sa4qAogwUL1hM28xnGFSwl7cujlF12fLtZ+uul7L64ifULfs16gBse4Y8/HA6VR9n0/ioy9lz8bAKjiLtlGvfcNEhPgoqIiMh3mjXYChwjO6ec8aNaLgI34SglN2MdSzacoNgGvoEhjL/nbmaNukrPOXsRWe+vZVl2CRV28A2JZNrM6Uzr33SfpQczWLJ8NzkldgAs0TFMuzOFhLw0nv24tK5RUTqPz0sHrMz4zWymhSHicULi+xO1YRcFjqu3BcDYnRuGqPh7TfbkkeMIZNqYNg4dn5PG42+VXp5fctJ4/C0uzZVb3+4XU/D94nPWfluCb1IqC+72vzi/7RReSDjB4nUHOFQSxqz/fohkM9QU72TZOxvJOmanxmgidPBwZv9wCgMDmu3/VylYMtJJyymlxgGW6P7MfORexofUt8m/uMJOnp23E4DER+cx57qm1C1qFPthXknLo9BWl7NTf/wQk615rH1nPWtzy6kxmogYM4m5qSMJrb+vbhS777p1rNpffnnsV1C8Y93Fz8sORhOhfWOZMfOOi+uVkP7Sm6QxngVPJTfr8Wwj6++vsrh2Ei8/PgYLzc4nJhMxiZOY0zhWaNu5qTKP9LS6v98Ke915L+HWZGZeYQ7f7JwTEDaSxCucnywjYklYvpHsnFJSkq1NPvsFo4tY9H4Oh0oBcyAJk6cy+7b+LQ/TnbuaJ9/II/HxJ5kV1+y9gnR++6fDJM79Kal9W4/FU8QOjSFgVz6VbV3BEsUNXnDc4r5UABYREZGmrElMHPoh72ZupODmO4lq9FZZ1iZyzeN4LDEAKKtbeGw9fy7oyy0/mk98MJTs/JCla//MH0qf4Hf3Dapr4ygi49UFrLeN4v6fPkx8MJzKWsHbf3mZyl883WJBtm6o5QI2/uV1NoXfzzP3xQMmAgKBA6tY8LfN+I68n5/8WzwhlLD3k3dZ8dcFlPz4GWbENg56E3//WxADJ00jdWIIfSOvcOxlm1j6jyhG3f1zUvsGULLnQ959/11eDwzj6WlRV1gRDn3wEkXxU3lk3iOE2I6ycVUa6//6LiHPPcYovzhSn3mGe5rPuWyq+xw3v/lnPiy79NmUHNrM+jVvs77X77i/+Q2SiIiIyHdJ/ARmROWx6p2/8mzOSGZMmUBCRCC+LX6pXU72O2+z6KCVlIceIqVfIKX7M1i07E1eqfkpc8e1UkB2nGDtK++yytafWT+bRkIIFH61nkWvvk1Foy+lK3LSePatfCyjk3n6J3GEUkLOxs9ZlZZF3K8eYsGEE6S/upr08GQWpMYBJixtqFmLuKXQJOY+Ucsrr+++ehHY2J1bn3iQW/WwwzUpLC4FehLTSu/f61NO+pursQ4aTuqDowiNjgRK6t46mMkfDgeSeMskJvcMIc4XOJnBHxbupGJUMvN+GEcoRWSmrecPf6rl6d+mMNDYaLtvrCNmzE08/WwMlpJc0t7JZPGidCL+I4WY+DtY8F92ctIWs+RUAvN+MZ4IwPdaplJqycFMXikfzIyfz2Yg+axdns6yv7xNdo9SfMdM47kHQ6jYn86iZRksiojhmYmNK7tVZL61mtARk3j6wRis5/NZm5bO4hfepOI/f8TkVnq7lm5+m2ffL2Xg5Ft4ZlLdeumrN7L4xbep+D8PM9kawuSbI0lbtpv0gmRSG3+FUPo16d+aSL5Y/K07n5wipmFbeaQtzeC3f7M3FIjbdm4qYcPfVpJWdqlN8cGdrPpgPavCYi8vuAJQRPEpICKMiCt9xuYwIqyQnn+CJgN4H8zk+cJIZsx6mDkhdg59tp4lH69kccgvmDvafPl24kaSHHKA9M3bmBk3pslw0jmZeymOHk2KlxRBTUOm8Zv7VvPi+wVXLwJbovi3n00nwb8rIpPvKhWARUREpBkTo1Imsv6lHezIv5OohuJsARszCwgZdz9xjb9wKw3jlv/7EOMu3sgF3fwIT/Eyz69Zy6Zbn2SiFcq+fJf1J+O4v3G7W5/gsco/8OfPdnD7o6MuvyjxCyDIrzsBPoDJQlDDJMVlbPpoM2WD7+d3D4672Ms4iHEPPgkV/5cVH21iSuzES3MdVwYw9hfzr9jrt0FlCJN+9QQTL97bBI1/hKn7fs27B3IpIYorPgwcn8r8B+rvroZz570F7P5TBrkHYdTQunmWW55z+SgHj0Dcg6mMi6n7FIJG3skTN9wJ6v0rIiIi33XGSKbNfZjQD9azavtOFu2q60VmiY4kecIEUsb0x1p/IZmbwZJdJlLmPtxQtLWOvpdnat/lyU++JH9cCi1dEpZmrmdVYSSznruX5IvXqtbbHmZuxV/5Q8Y2Zjw2Bl/HXtKW58OIFJ6bmXDxC2wryff1Z7zdjq/JBGYrFiNgsmAN0niZ4vlMvW9mTupZfr/8SsUMMwmp9/D93j5dGJm0nR3L6FSeu7uF7FfZkxnPPdSQ96CE9Pd2kj94Ei/PvFiExMq0n5ipeCGNtTsmNSrw2Qm95WHm1RdWg8Yz5458Hn8nn5xiiAkNxBoEFhNg9MEaZG3THMDZby3k8RaWR9z+MM/d1ugJA0cMqT9JIcEIkMDM23LZ8FY+xaNTeWHixWMdPZ1p2a+y5Js9lE5s3CPXBsNTmVf/JUFQAjPnmqh5dh2rPt7L5B/EXx6AYy+r1hVhndh0vdSfWOGFtIb1fEffRMrHaWRtyyf10pcp5H+xm/yQ+LqC7MXziaXJtkYy+yk7Fc9uY23BGFKj2nhuooDcPEiYOZ3kvnUnQ+uoFOaNSOmA7xP8sZgBu73ZZxHDrH+ffvGzh8S7p5K/513W7jsMo1v47Ihhxu2RpC87QJZtDMn1/4Rs29iwzU7Cg2Pb9G/DUwQlTOeXJf/gjxuuMIS+sTvff3Q6id26Li75btLXiiIiInK5yEkk9Snj669yLy3L3cLXpXHcckuznrCDh5PY7CneoJFj6UsBBw/YgTJycgpabNd3YF/IO8SR9sRWlkPOcYi7IbHpENMEkHhDHBw/yN7qRot7jmJcG0fSImw4cc3uPKIiw8AO9pbXaDBwaLNHa3tHEQnUXHXItDCiwiB304fsPlGJvb69rtJERERE6pjCGH/fw7zw3/P4y3/cy9y7E4gzlbIhbSXzn0sj+2JlKjcnjwrrABKb9SSyDIgkpqSAQ2UtbbyU7G9KYHAs45tdqw4cFAaHT3AI4OABsitNJE5IaNJ7Cagr/op4qYD46fxycvdW34+aPI1H41sc+FXcQiDjx7dyQzwsvlHxFyjbQ/YxSBiR0HQoX2MMcf3h0OH8RgutJMY1e0Q6KqSuR2lbhw1vQULqbBb81+U/T09s1r18cP+GAiQA4XX7jhnQ+FjNdQXMchsVTVY2kziy2WdijGf8CBMV+47V5fzmDh4gu7Kl9WJIHG5utF4MKTeHUPr1TnLqPwfHXjZ8VU7CbTfVPYTU2rYCBjAwopxDeaW0+dxEODFhkLNxHdkF5Ze+f+iQ7xOqqLABzc9xzT97IomJ4vJCcSO+o0aSHHCCDVklDctKs3LI6ZHAtFEt9Br2cOGT7uHRYa0dV91DMxoxQbqCrlBFRESkBUEkJcfx4T83s2NGHKP87Oz4aiskPtbQg7eBn+XyC4qg7gQBRefqLu4rK4AjK/g/v17Rwr6GU9We0CorqQSC/C+/jDH5m4Aiys4B9RfTPu5+uRPGlJ//HN5NI+3VzVTa6+YznnjrnUwZepUJiERERETcTVEGz764k8LGy8JG8txvptQVBprMC3nRiBTeeKRtk0L6hvQnYWJ/EiYCJVm88qdMFv1rL2/MjKei0g6lOfxhXk4La1qpqIRLw8TUs1FRDuRt5GfzNrawXkxd4cBmo4JAQnu0Kcyryl66kEW7mi67NDfmxXkWi5rGr/mExVXCJ93Do0Xv8da3tibLA4Z9jzmTwl0UlfeICLUCZ8g/CYkdPgy0qZUh8wFjs17blXWF0kPLX+Xx5S20H9GuO/dr4htoxXpZnu5o/lhaGIra2iMQSkspbWkVm42KVtazWPybrGcdn0DCmo1s2GEjYbSZmh07ySSWuWMCG23LRvorC0lvYVcRlXX/z9p0biKMaXPvhXfWs+SVv1Jhr5ubPuW2KUwb1tr3CWGEhgOFRRRC68NA24ooLIWBMVeaR6uNjPFMnrCR57/YRv7EFGLIJ/2LEmJuvrvRsOLexELCfdP4/pmVfHSy6Tt6aEa6krt/IyoiIiIuYhqZxLgP/s6mrDJG3bCDTXtCGPtUCxPIVFdgp9lFRdl5yoCQHiFAJQEWYGj9PL6X7Yl2TQMUEEAAYK+6bK8Xl4UQ1EFfzHWZgL5MeWw+UwB7eQG5n68l7a0/cPTB/+axRF2uiYiIiAcJTebp/xpDTeNlRv9LwztenBeyCdM1TpQbMp7xgzLJOVlEMfFYAkwQGt8w12SznbQyH6+5bvmw+nl7W1gPwGzGQjnFjR80vA4JqbNZcE/TZZfmxgwj5RezSW7Si07zCYsr1RUz7q1Yy8q8uuJUQP/R/PK++Pbdy0nLhvYnwZhP1rZ8ZrRp7qKWlZZeAK5jTNkAMxbq8tOsYS28f6252u1U1T0Q1EzpuXKwxrQ8HLHZjKWV9SoqqpquZx7D5DFf8soXX1M6eihZX5wgdELqpV6zZjMWAkme8xApLTw/4etnBUrbdm4CCOjPtMd/yjSgpvwEORsyWPL3Nzk0s5U5eYHEhEjIOUBmwZSmcxU3Pq4de8khhNSEjhmgOebm4cRs2M6G3BRmsZPMc5HMHO/FD70bw7n10Vspef1T6js+h4y+VQ/NSJfyyucrREREpAMY47hxXAgFmRvZnLmZgj5JTGrpwc/9uxuG3atX9s0OjhLFoFgTEERCQhTk5VMQGERQUPOfgPY9kRaUQEIfyP0mu9k8VJVkf5MLfQYR79fOY+0qZgsBVFLZ5MFpe5ORkkyBUQyfNoOJYZC7/2BXRygiIiJyfYxmLEHWuvke638CG30BbQps+l6QFWvAFa4Gi3LIzCtv+T3HXnIP1s0HHArEJfTHUlxAvsN6+T6CAlvpBWcl8YYQOHyK/MBW1gMYFEtigJ3sHXtbiKP+xcViss3WtADeAt+Ay/dlafQx+F4WS2vxi3QRYzg3PTyN7/fxIaDPCH758DjC9W+yY5jHMC05kOKN6aw92XKTmoKdZNePCtBiMbKcnL0lLazZDkFDSYyGQ0dPtJALr5KrW2EJMIGtttkQzK5mI3tns5EoHAfIyrFjGRLNwJZWGRRLYkBL6+WTvdt22XoJyfGEHttN+uZtbDgWwuSbY5ptq5zcE7Utfs4WM7T53ISdmkbfJ/gGRpJ451RSwiBn3+FWPwHfUTeRElJO+vIMClsasrtsJ0vWFWEZPYHJHTVBr3UsKcPsZG7OYsPmAzBmJOO9b/TnpvxjeeCJ7zG+uw9Bo77Hr+6K1UMz0qV0mhYREZFWRSUnEXV2E6s2lhCXnHT5iHkA1iI+e+VdtuaXUFZWwtGsd/nzmqMEJE4l6eKNQtBN00gybWXpn1aw6UABZWVllJ04yKZ//Znnl+646vy6TQUx8ftJBO1fwcvvbeXomTLKzhxl63svs2J/EEnfn9hynO5g4EgSAsvYtHIVu0+UUVZuhxMfs+DZBaz4IrfuWMpKOPrFh2wqgrjBg+rWy13F879/nte/LGn5d3JZ9fvnef6NzVznLb+IiIiIWynO3cayV//K/FfXkf5tHsVlpZSWFXFoRwaL/mcdmcYYZt0ZW9c4LpkZg0pI+9+3SdtxsW1xHlmfpPHsi+nkt7IPa3Iyk00HWPQ/K0nff4LSslJKCw6Q/v6bzH9rW10x1xjPjDvCqNm6jt8uy+JQ8cVtf/g28xu2bSVxZAjkfsWiTXX7r2jfha6IezOGc+vsJ/h/s5NU/O1gA++azswBVaxa+Cp/eD+T3IJSSstKyd+fxdqli3nyTxms/fZiBXhQPImBNtLfX012QV0uylz2NquOXW81LYSUO+Lx3baOZ5c3jiGTZa/8lUXbbVffRDNxI/pjKc1h2fs55JeV1s0pewU15XX7vPyn/KoP1rSdGXavZuGHdTGVFuSQ9tp6MiutpExuadQyGs4BpZuar7ea9PNhzLi92XpRY5gcXU76+zkUD0toWkS9uK3CNctY+OHOuvNJ/XntxcWkFdQ1a9O5qeAznv2PxSzZlHNpO5sySC+ChCEDWv8IjDGk/ng8ced28uxzLZwz/18GOSFjePrB+Mvmvb92ZsYnxWL5NpNl3waSnNzKZ+1t/ON54FdP8F93a8QE6XoaU1BERERaZ03ixrgPWXFsHBNHtnLZED2VnycWsPTtBawotYM5hLhbnyD1lkGXLjSMg5jx26fpu/JtPlz6Mh/aAFMAUUOn8NA9o9p/QRI7g/k/DSFt9Vpee3EFdurmzZ0xdyZJHTA9TacxDmLG43dyfsnHLH1pM4RNZf7823nifjvvfvYur62prBtOOzCKuHueZGb98M/285SVlhFQaW/5d+ycLy2jzFzZzmK6iIiIiHsLnfgjXh6aQ/q6baQv30vaxc7AvoGBxIxI5pk7xhPT8I1qCJN/MpuIjHUs+9dK0ssBo4nQvrHM+PEttDqwqjGWmf/5MAPfX0vaW++SZgNMJmKGjWb2fWMavvy2Jj3McwHrWLzuK/7wQiYYTVijIklJHd+wbWvSvcw9tZLFa1fy2w8az+srInIFxkgmz/kpCds/Y9kXO3nlqyxqHIDJRER0LDOfSiU5+mIV0RjLrJ+Np/Rv21n0pwN1+WpcCs/cs5v571xnHIPv4IXfRLLsnUxeeakuBt/AEBJuncLMUddQYB58B/PuTmPRx+k8vxkibn+Y525rfRz9nLTFzE9r6Z0Y5ixMJbH9EbTAn+RHU7BkpPOH59KpcYAluj+zfzOd8aGtr3XpHPAZz2+wXzy/xDP3P1NIuOwp9BAmJ0WStvwMycljLiuiWpMe5oWwDJa8v5GFGzKoAXxDwki+fToz6odkbsu5KeoW5j2QzuJPP2PhB/a67QSGkHBfKrNbGf65Qe9k5j07mKwP1rO2/pwJWMLCGH9PKtPGxWDt6Ac94kaSbD1AeshwUloZelpEOo7B6XQ6XR2EiIhcv52789rVPribHwaDoeEHuOJrGr8GDLTSrtGfV1vW/HVbfr/a8ta0t32Axf2fkTp1+hzhvTp5sltHLit+93cKbn2GJ29ufkdTRMaCBazv/Qh//OHwzo1DRDxKl+SndnLHmERE6rljjnLHmETkys6XuddAu9ere5Cl1ffcMUe5Y0zSTE4aj79VyozfzGZaB8znfsVdLX+ZVwpHs+Cp5JbnFf4uKs3k+ee2E/P4k8xqaWpjF1DedC+VGjqlQ2mwDhEREWlV2ZYMttrimDjebQdVFhERERERERFxH6WZrN1mJ+HmsSr+NpKbvpP8kHgmu0nxV8TbqQAsIiIiLXMcZeOmowQkJjHKz9XBiIiIiIiIiIi4v0Of7+aQOZbJ1zJstreq3Eb6VhsxN49pfUoGEelQGgJaRMRLaAjoK9MQ0CIiXccd85M7xiQiUs8dc5Q7xiQiV6ahTF3LHWMSkStT3nQvGgK6Y6kHsIiIiIiIiIiIiIiIiIiIl3D/7k1XkX+8iCPHT1JQWMyRYyc5fLSQAX0j6Bfdm6iIUPr16U1Mn06e0V1ERERERERERERERERExA14dAF4+Qcb+CxzJw6Ho8nyw0cLOXy0EACj0cgtySP5wd2TXRGiiIiIiIiIiIiISKczGMBbJvtr5yxOIiLXRHlTvJlHFoCPHDvFS6+voLyiCoC7Um4ksncoUb17EhHek8JTZyg4eYYTJ4tZk76FTzdls2XbHp564n76RYe7OHoRERERERERERGRjmUwGHB6SSXDoEqGiHQB5U3xZh5ZAP79S+8AEGjxZ9YPpjJq+CAA9h081jBp95gRg2HEYKKjwliyfD3lFVX8/qV3eGPhPJfFLSIiIiIiIiIiItIZjEYjDketq8PoEEaj0dUhiMh3gPKmeDOP+xfx0WdbAYjsHcpLz/+8ofgLsO/QMRYs+if7Dh1rWDZq+CBeev7nRPYObbK+iIiIiIiIiIiIiLcw+XjcV72t8qZjERH35U25xpuORTqGR/2L2H/4OCvXfgHAU4/f265169uvXPsF+w8f7/DYRERERERERERERFzFZPJxdQgdxpuORUTclzflGm86FukYHlUA3pqdC8BD99xCcI+gdq0b3COIh+65pcl2RERERERERERERLyB0WjE5OP5BQCTj4+GMhWRLqG8Kd7Mo/5FHD1+CoD42JhrWr9+vfrtiIiIiIiIiIiIiHgLPz+Tq0O4bt5wDCLiObwh53jDMUjH85h/FQ6Hg/yCIgL8/YgI73nV9vsOHrts2ZBB0QT4+5FfUITD4dATESIi4tEMBgNOpxODweDqUEREGrhrXlLOFBF35a65SXlTxDOZTD6YTD7Y7bWuDuWa1Md/Je6am5Q3RTyT8qZ4K48pANcXbcN7BV+17Zr0LaxhS5Nl8+c8AEB4r2COHIoEBs0AACAASURBVDtFfkER/aJ7d0qsrcn+5gCLlqxuc/uxI4fwowdvJ/3zbZwqPktiQiwjhw/qxAhFRMSTGI0Gah1OTD66gBMR91HrcGI0ul9eUs4UEXelvCkiHc3f7Ed5bSVOp6sjaR+DoS72q1HeFJGOprwp3shjCsDB1ro5f8srqq7YbsjA6Cu+X79+/fa6Ukhwd24cM7TJspKzZew7dIyeId0ZPKBPk/cGxERgr3Wwe98RDuYV0KtnDxWARUSkQf3TiSYfjWghIu7Dbq+96tPHrqCcKSLuSnlTRDqa0WjA399MZaXN1aG0i7+/uU0FCuVNEeloypvijTymAGztHkjPkO6cPlNKRaUNS4D5sjbTpyZdcRsVlTZOnymlZ0h3rN0DOyvUVvWLDuexh77fZFn2NwfYd+gYA2IiLnuv3m9+8WBXhCciIh7Gz2SipsaOv9nX1aGIiDSoqbHjZ3K/2wzlTBFxV8qbItIZfE0+OP39qKqqdnUobeLv74dvG4sTypsi0hmUN8XbeNTjSPVDNheeOnNN69ev19VDP4uIiHQGP7OJKluNq8MQEWmiylaDn9n9biyVM0XEXSlvikhn8fM1ERBgxp2nfTQYICDAjJ9v2/Og8qaIdBblTfEmHvU3Hhnek+3Av9ZlMv9nD7R7/X+ty2zYjid5/e0P+XrnPubMmk7iDbFNlj3+w2kUl5TyycbtXCivpIe1Gw/dcwsjhw1i2659rPook9NnSvHz82XShBuY8f2b8PO79BSaw+Fk645c1qRv4fSZcxgMEBMVzv13TbzqcNoiIuJaJh8fTCYjVbbqNs33ISLS2aps1ZhMRkw+7je0lHKmiLgj5U0R6Wy+Jh98LAFU2aqx22tdHU4TJpMP/ma/ds1LqbwpIp1NeVO8hUf1AJ4+NYmoiFD2HTrG8g8+b9e6yz/4nH2HjhEVEXrVoaI9yXurPiPji2ziY2MY0DeC0vPl/H3ZRyz553qW/DOd8F7BjBo+CB+jgU82bWfNJ181rOt0wrqMLP7+7kdUVFYxcthARgwdyKnTJbz0+vts/2a/C49MRETawuJvpqLCs+YnERHvVVFhw+J/+VQt7kI5U0TcjfKmiHQFo9GAJcCMJcDsFgUAk49PQzztKWKA8qaIdA3lTfEGHtUDGOCR1BReeGUZn27azsB+kYwZMfiq62zbtZ9PN21vWN+bhIUGM3f2vVgCzDid8HZaOl9k5bB9135+9uh0hg3pB8Cubw+xaMlq9uw7wu2TxxJo8Wd3bh5rP/2K/jG9+eWP76FbYAAAp8+U8tLrK/j4s63Ex/Ztcb5lERFxD2azL5VV1ZRX2Ai0KF+LiOuUV9gwGo2Y3XjOM+VMEXEnypsi0tVMJh9MJh8cDgd2ey32WgcOhwOn04nT2Tn7NBjAYDBgNBox+RgxmXwwGq+tT5Lypoh0NeVN8WQeVwAe0DeCu1JuZE36Fl5buoYDyaO4ffJYgnsEXdb27LkyPt7wNZ9l7gDgrpQbGdA3oqtD7lRjRw5pKNAaDBAfG8MXWTn07RPOoH5RDe2iI3vRvVsgFyqqqKmxA7Bz90Hs9lpunnBDQ/EXoFdPK+NGxfFZ5k5OnzlH3z7hXXtQIiLSLkHdAjhztgxfX592zf8hItJRqmvslFdU0TP48mtyd6OcKSLuQHlTRFzJaDTi52fEkwYpVt4UEVdS3hRP5JFnoOlTkxg3Ko433/uYzzJ38EVWDuG9ggnr2YOoiFAKCospOnOOU6fPUlNjZ0DfCH704O30DgtxdegdLtja9D+vz8XhCKzdA5s81WE0GjE0GhrAZqvhZFEJAEuWr2fJ8vWXbdtgMHD2XJkKwCIibs7Hx0j3IAul58sJtnbDZHL90DQi8t1ht9dSer6c7kEWfHzcf4YZ5UwRcTXlTRGR9lHeFBFpH0/Lm9I5PLIADNA7LITfzp3Jig83sX3Xfo6fOM3xE6fJzjnQ0CY0xMroEYO5/86JLozUPTmcThwXxygYMjCakFaeAulh1dMhIiKewN/si9MZwNnSC1i7B+opYxHpEtU1dkrPl9MtMAB/DxpSSjlTRFxFeVNEpH2UN0VE2sdT86Z0PI8/89x/50Tuv3MixSWlHDtxmmMFRURHhREd2YvQEKurw3NbAf5+hIZ052BeAaMSBjHl5kRXhyQiItcpwN8Pg8HAudJyAi3+mm9IRDpVeYWN8ooqugdZPPKmUjlTRLqa8qaISPsob4qItI+n503pWB5fAK4XGmIlNMTKqOGDXB2Kxxg3Kp5tu/bzWeYObhg6kF49LxXMK6ts5BcUMWRgtAsjFBGR9vI3++JrCqLsQiUlZ6uxWMz4mz1phhIRcXdVtmoqKmwYjUZ6Bgd59HBSypki0hWUN0VE2kd5U0Skfbwpb0rHcesC8N4D+ZScO0/p+XLs9toO376vyURIcBDdgwKJj43p8O27u/jBMUyccAMbvtzJs398k7hB0QR1s1Bccp68/EJCegQxb84DhPTQMNAiIp7Ex8dID2sgNlsNFVU2yi5U1d10+powmXzwMRowGAxX35CIfOc5nU5qHU7s9lpqauxU2WowmYwEWvwxe8nTxMqZItKRlDeVN0WkfZQ3lTdFpH2+C3lTOobbFoA/y9zBu//6rMv2N2F0PD+eeUeX7c8dmHx8+MHdk4kbFM1Hn31N7sFj2O21WALMJCbEMu3WCSr+ioh4MLPZF7PZF3ttLdU2O1W2auzltTgcTpwX54EXEbkSg8GA0WjAZPLBz2QiuEcgJh8fV4fVKZQzRaQjKG8qb4pI+yhvKm+KSPt8l/KmXB+D0w3PLov/sY6s7L0AjBsVx4hhA7EGBbJg0T8ZMjCau1JubNK+peVr0rew79Ax5s95oEnbxsvLK6vY9e0hNn/9LQB3pdzI9KlJnXx0IiKdY+fuvHa1D+5WNxdN/Q9wxdc0fg0YaKVdoz+vtqz567b8frXlrWlv+wCL2z4jJSIiIiIiIiIiIuJVKivsrg7Bq7jdt9vf7DncUPx94T9mExpSNy/tvoPHGtoMGXRpXlp7bS09unfj6PFT9LB2I7xXMKdOn+Xo8VP0DOnOoP5RTcY7X5O+peF1YkIsiQmxTLpxBC+8sow16VsYNqQfA/tFdvZhioiIiIiIiIiIiIiIiIh0OLcsAAPcd+fEhuLvlZh8fIiKCOXbfUd4O+2ThuVVtmoS4vu3abLrAX0jePTBqbz13noyt+5WAVhEREREREREREREREREPJLbFYAP5xcCMPqG2DavU18A3nfoWJPlPYO7t3kbg/pF1e3/aGGb1xERERERERERERERERERcSduVwA+VlAEQK+ePdq8zomTZwB4YPokYqLCycsv5P21X1BUfK7N2wjvFXxxW8XtiFZERERERERERERERERExH24XQH4WhSXlALQPyaCQf2juFBRCUDRmbYXgEVEREREREREREREREREPN3VJ8h1cxfKKzlTch6A/jG9Abhh6AAATp0+S0WlzWWxiYiIiIiIiIiIiIiIiIh0JY8vABcVn6PGbie4RxA+Pj4A+JpMdAsMoKbGzqnTZ10coYiIiIiIiIiIiIiIiIhI1zA4nU6nq4No7PF5C10dAm8snOfqEERE2m3n7rx2tQ/u5ofBYGj4Aa74msavAQOttGv059WWNX/dlt+vtrw17W0fYPGKWRJERERERERERERE3F5lhd3VIXgVj+8BLCIiIiIiIiIiIiIiIiIiddyuB7CIiFwb9QC+MvUAFhEREREREREREXFP6gHcsdQDWERERERERERERERERETES6gALCIiIiIiIiIiIiIiIiLiJVQAFhERERERERERERERERHxEioAi4iIiIiIiIiIiIiIiIh4CRWARURERERERERERERERES8hArAIiIiIiIiIiIiIiIiIiJeQgVgEREREREREREREREREREvoQKwiIiIiIiIiIiIiIiIiIiXUAFYRERERERERERERERERMRLqAAsIiIiIiIiIiIiIiIiIuIlVAAWEREREREREREREREREfESKgCLiIiIiIiIiIiIiIiIiHgJFYBFRERERERERERERERERLyECsAiIiIiIiIiIiIiIiIiIl5CBWARERERERERERERERERES+hArCIiIiIiIiIiIiIiIiIiJdQAVhERERERERERERERERExEuoACwiIiIiIiIiIiIiIiIi4iVMrg5AREREroed4pyNpGXsJueYnRoAk4mI6GiSU6YwebAVX1eHeN3sVJSVU4MJS1Cga4+nKINnX9xJzcRUXrg7psUmhZ8s5tmPYcZvZjMtrIvjE5E2KGLti2+zqiiGOQtTSWzXqnU5gNsf5rnb2vMfvH6fbWg6IoU3Holve9675phERNqoLJ/M9I2s3V5Esa1ukW9QCHFjRpF620gizO3c3nXmreylC1m0y9r6tdbF7ReOSOGNRxLat3F7OaWVdjAFYg3QV2YiIiIi4rl0NSsiIuKxysle9iaLttvwDYsk+fYBDAyF4sOHydqeR9pri0mffC8L7uzv6kCv016W/Fc62VxDsaaTFG9azaIBP2JOQqCrQxERj2Al8e4phFZeWlK6K5O0/5+9ew+L6jz3Pv4FBhAQRhFRQDGIKIijgAeMQY0holVrTAxpYpNoUm1rmybd1R7fxt2dtE3axt2d9GDb2JxMNSmJ8RCNkhArIShRURwPeERRQBHREQEHBnj/GEAQVDAIA/l9rouLmbWeWeteM3LPct3reR6zldC4eCbd0aCpbzDN5z0L5o0pZFwMImFOLM3fgiIi0sbObOX5P+4kt9qd0EgTk0b4YywpJHPvccxbUljy2UHmLnmEuK5ySnRwI4vfyK29Gae2eHwqg+Wf5eE3Ip5ZkcaOjU9EREREpIVUABYREems8j4naZcVT1M8L8yLwrNueXQs02fbKNq+jjTfzl78BQgm4dF4YjAS2tGh1LOS+e5GMgYlEuvR0bGIiONzJyA8ioAGSwqKdpJktmIcFEVskw5qzeU9K7nmHDIKq4hRAVhE2oWVjI07ybUZmf7j+czqe3VN7ASg5AhJycV0qfvhgkcx/9Gw2ptxal3MJWNXLgG9rcyK7LjQRERERERaQwVgERGRTqooO5ciIGZEg+JvPQN+Yx9gVvuHdRsYCY2OcqDiLxiDjFTm5bJ8WQrBP4wnwLmjIxKRrsXx8p6IfBUdx3wQ8Ashtm8zq73DSJzd3jHdZsYQYqM7OggRERERkS9PBWAREZFOyujtBVjIztpDWXRzReCGzCxblEymfxTP/TS+QS+0psvt86oFs/DXoyh4ezMbDtvnofQbPIy5D8cT7t14y0W7N7J84xGOFdvA2UCAaSzz58QSXHeWYU5iwRu5xDw6n7i8daxML6TIGMUvJhXy23fz8ZuUyAszGvdlq9y1iu+tzCf4vid4doLNPncmDWKvLiYjaS1JWcVYrIC7O8EjRjN3ZizBHteJDfDsH8z0+6aREFLXVaWwftvPPtqdDUnbMZ+yYZq3iIU3mDLO0zSNhaaNLNm0h+UpETw7OfCG777lVAYb1u4m41QpZTbA3QvTpCnMnxxy9XOrf5+eIObwat7caaGyGozhUSx8NJ6AMyksX7kPc7F9XjrT12fydFzj/d70sxCR66suJuODDaypm+PSYCA4ciRzEuMIbdLT30bR7tUs+yCH3FJw9fLFNDWe+eOC22ie8sJGeY+Pl7Nkk6V2XS7LFi0FIGbeIhb2aX4LZTlpvLl2V/388MYQE3PnJmDybr69iEhTXhi9gaIcMs7QqAdwcwpqc1XMNedR11t++3PpVXXnt/N/FUXROylsyC69mhu/lYCpLs83mp/4rP08ue44Nq1gwSagyfm0iIiIiIjj6RL9Va5cqWD/oROs3vgZL/5pFb/47T956hd/4qlf/Ilf/PafvPinVazbnM6R43kdHaqIiEibcR0RRawXlJlTWPzcCpZ/vIdjRfaLWV/eZZL/uY4MBjJrThyzTF5Ysvew9A+rMVuvtipIWc7P3z5IriGQWYnxzE0IhP1pPP/KVgqu2WLuxlW88lkxroHBxN7RHZdRUcR5QFFmNscatSxmy2f54BxIQqxvM7FZyXjjdZZ/UYxneBRzH41j1jAjlsw0ln545GpsH9fF5k/CffHMnRqCX3EuSX9+neX7rdds8gjL/i8N80UfwkeGEOBaepP3x0DA5JnMCoLcTaubbq/Rtnfy5itppFm8MN0bx/xHY5nkb8O8aTVLUwqbNM/+YCVJZwOZNSeOhMHuWLL38Mo/V7D0bwcpCx/J/PsiCHYvxfzBat48fPV1rfksROQa1fls+L/XWZ5eiGuIicRH45g1woeirAxefKFx3gOoPLSZF9daCBgfZ/+bdC4m8/0kXvw4/7aE52e6i/mPxhJjBPBl0qPxzH80noTrjANduX81P/9zBpkXfYi7L57590XgV2TmlT80PRYRkesLJu4uI2Bhw9KXWfJqMsmH8ylrozzS3rkUzrPmlXVkuIcx59Ha89scM6/8Mw1Ls+3tw/HPj7OfjxpNscx/tDan3qYIRURERETaSqfuD2K5VMrWbVl8lmHmouVys23OWSs4d/4ix07ksz55GwP69WHCncOZMHZ4O0crIiLSxtwjmP9jAwHvpLAhu5CMTSlkbEqp7bU2jOnTJhLjd6tf9cVY+ifywn211YXoWGI+Xs6STTms/DjX3mPXupOkTRbwj+LZH9cNgxxFXP91PPPqHpIPT2Tu4KtbLLL2YuGvEolp0JNu0titpG05SFp2AqHhtQvzdrLlFPhNuItY9+ZiO0zmfmBQHD97PNbegzY6lukPFVJU6m9vYt1JUrIFfE0s+nECoXWxxe3klSVbyVizlYTIhKtzaFpK8Zz6CC/cpCdvY/5MX5hA7gvJZLy7jpifNz62eu6jmPvLMIxGY/2i2BG9qFyykbSsgxTF+ze6iFjWfywvLxhlP64RPpQt2UhaTiHGb3yXp8fYey7H9ixlwRu5mA/mwuDWfxYi0ljl7q2syQO/CYk81yDvTRq0imfebZD3ahWd7Mbc5x4hrvZvPjYujDd/tY605K1kTHjkOrnr1rn2jSC2byFFyRlk0p3w6Chi6lY2uY8klzVrcijzCGb+T+vmKY8idoQPzz+XwYYdFkxxxmtfJCLSrID4ebzQYx2vvJ9DQbaZpGwzSYCrrz9x8ROZPiYY4y12LWjvXAqluI58hOem1p7vRYfA71awJucUZivENdlf7XD8hiMsTyvGM2gwsdH+bR2UiIiIiMht0WkLwFu3ZfHhx9vrC799evdkRGQowyMG0sPYHaOPF9TABUsJZwovsP/QCQ4cPsnJ02dZkfQxqdv2Mn3yWKKHDergIxEREfkSvMOYviCM6dZSck/uw7zzMGn7CsnN2sOyrIPEzHuChSavm2+nCS9iYxt3LQuYEIVp01bMh3MoIhi/o7mYq8EvPBjPUsvVnhNBfQjlCMdOFsLgqxfJ/Mbd1aRAGjx+GMFbMkhL38mc8FG4Asd2HqYIXxLvvk7XNoIID4HM47tZud2fWSP64+dhAIM/fnU1jcM59thGDqst/tbyGEVs5FbM5lzMRRBcX3kNJiG+NcXfuu2ZmJuYTfYbuSx7eycvLxjVbLOGxV+spVgqDHh6AZW2Jj22gwcOvDostHMv/LyB8mBiRzX4HPv4EkAuBZbad72Vn4WINGben09zec9zVAQx7+aTWZf36lZERtQXLABwDiNupDtpqfmYj0JsZDsF3pyiHLKLgchgwm0WLCV1MfYh3A+Sj+dC3A3GuBcRacSA38gHeG6kjbKiUxw7cIQtmQfJPlXIlqQktqRH8dwP624+a6V2z6VGYkc1PN/zJyAAKCzFYgF0qiQiIiIiXUinLACv25zO+uRtANft0XvuvAUXZ2cC+vQioE8vok32Qm/q9r2kbtvLydNn+evra/nGfZO4d0JMk32IiIh0Ku5eBA+OJXhwLNOxYdn1AUtW5pK57nNyTQ16uraYkYBrx7Zzd7fPx1ZbtKy8Yh//ryh1HYtTm9lEwVkaXkkLDmqmwGocTUJkBsv3m9liGUWC90HSdlghciyTrttBzZdJ33qAsrc3syFpNRlJgLsXoSPHMv++KPwMUFlhn/PX1aXpqY5r3QXK6gYL/X0JvsXeK56mRH42eTlLPt7K0o8DmX9tg2oL2SkbWflZPgXXjizdzIVGP//mhr1uEHczWvtZiEhDNiqtAIamf2fOLvbf19ys0dzfqadnN8BKZXWTVe2r3EoZwP40Fu9Pa7reuZAC0NyVItJKBjz9QjBNCME0IQGsuaz5SxIb8vaQtDuOp0e2vrvureZSo9EduEJZeWv32Mz5rYiIiIhIF9XpCsB7DxyvL/6OjzXx+EMJAJRfsbJzz2GO5ORxNOc0587b+7706d2T8EHBhAT3xRQxkAlj7cXiv7+1np1Zh3l37Rb8/XowfOjADjsmERGRtmXAOPIuJiXnsqHIQhFcvwBcXXWdFRYKioC+DRZZrfYCiKsBV8DVzX4aYTTFkjiie9NN+Lak7OxO7LgwVu4/QkZWMZO89pBWbiBunL038HV5hDB9wXeZXm2lrDgf8/Y0Vm5J4ecWG399clR9bJVVtiYvrb+geIsF3+YEJExj1oFVrNm0kTUmGw1PsSzb17F0UyGu/sHMmhaGnzvAZTLXZ5DZRvtvm89C5KvKgKs7gK1pwaEuR9bmvTpFhcVcm1nLyq7Ym7Zhbrkl7i72WAdEMH98MzfeePhr7koR+fLcg5k1KZgNb+dSVHyT7rPNnI/BredSv15eQDHHTllgQDN3DJ4tpgDw8+91w0MQEREREenKOlUBOCf3DH/65wcAPPXkLEZEhgKwLzuHNR99zsnTZ+vb+vkacXZ24uy5C5w9d4Gt27Lo1dOHSXHRTLl7FN95/OsE1PYk/tM/P+AXz3yTkOC+ze5XRETEIeWl8eaBPsyKD2s699qZg2QWASEB2L8te9l7PBQVU1BN/TB9ZVlHyG5246VkZOQy676rF+UsO8yYAb/BIfbiweAQTM65mC9DeHQUjS6/2WxUGlp4mhEeRZzvEZI/S2G5Vz74mpgUfqMXWCkquoKfnxGc3fH0CyF2hhdF+1ewpsB+wS+4LrZd+ziWEHh1GOjynWTsB3yDMbVlBcQ5kOkL48n9TQqZZqDBu1FWau+da5qWyPS6UVfLd5KxEmirue3a6rMQ+SoozyG7EDAa6/9WTJGBkJXfJO+V7TxIJg3yXp39B0krj7o6dGm5meRdVnAOxHTbZpgxYK/s1vZ6a27OcQD/MEy+eygosmEcEUV4w++HahuVGG58g42ISD0rGWs3wF0zifW79lyilIysfMBA6AB78TfAzwhYKDhTCKbagnB1PhlZ1w6BUusWc6nRFEbo2gyOJSeTOTKx8RQj1fms2ZgLeBFjuoXpPZpTOxpE2eXrHIeIiIiIiAPqVFcD//X+JwB8+7EZ9cXfP7+2hqz9xwB7j+Ahg4IJvSMAP1/75ZwLlsscO5HPnn1Hycg8yHvrt7J95wH+e/HjzJwyjqqqajamZPCv9z/hl//1aMccmIiIyC04tnsfaVsySNviRejgYEzhgfi5XyY36wgZ+4uxOBuZ9WBcbYEjkBiTFxu25PLm35MpG+sPRUfY8EmufajQJox4HvuAJa9GEDfKSKXZzIYsC3gFkxhfWxxxH0Viwh7MmzL4+e9OMenOCIK9L5OblUPGQQumbz3F3MEtOZJgEsb7krw2l8xiCL5v1I2HrLbsYNkLGRT0DSQuaiChflBkNrOhEDxHBNiHNa2PzczSP5xn0p0RBFiPk/Z5Dseq3YmdNfEWhsW+CY8o5n7jCNlvNH5PAwb444mFzPdfZ+WFaIKtx0nblk9BWxV/oQ0/C5GuykpB9kFyC/PZ8ulBjgF+MeG1N8iAa/REZm1dxZrUJJYUmux57+ABtuwuBq8Q5kxunDGMAaWs+d3rZN81FJP7efs2SyF4Wjyxbfm33YgvcWN8WfNBIStfWU1ZwkACAiIwNeklF8z0mcGkvXGEpc+9TuxdQzH5QdHx42Tsysdz2hP8LK75oeZFRBopNZORnoM59WVW9g/ENKg/pqDuVBblk5l5EHMheI5IILHuHGNo7Q1pyatZ7j4Wk/dljm3dw5ai5jd/y7nUGMfcqUd4fmMuy361HNP4cGKDumPJO0haej4FVgieOpPEoDZ6HyJMxHnlkJa+gaWuo4kL8ic8OoTrzlYiIiIiIuIAOk0BOHW7fd7eCWOHMzpqCAC/fPE1zp67QDd3N556chZDBvUHoKzcyqm8QgwGF/x69WDUiMGMGjEYf78erE/exumCc/z5tTU89eQs7p8Wx/5DJzh5+iyp2/c2mUtYRETEUYXO+C4vjcggedMBMo4fZI35oH2FuzvBpljm3x9HuPfV9sHTHmJ+6VpWZpp58yi49g0m8el4sv83pZmhiI1MXxhPwdubWfN2KZXOBvxCTMyZm4CpQS+LgMnzeSEwmZUfHmTL2nwqAVdvX0zTpzCrFb3gjLEmTOu3YiaQhNibFCaMY1k45xLLPzlC2qZ8toB9DuBx8cy/31Tfsy1g8nxe8NvI8o1HSF6bD4Bn/2AS504jIeT2VGg8TYk8PeFvvNhwHt7BM3n20dUs+yCHLWtTcPXyJW7OdExrV7OmDffdVp+FSNfkTsEXKSzPAgwGgscl8PS0BkVd50Cm//AJ/D7YwJpdZpKya9uZYlmYGEfoNSnD0zSNp/2280pSGhlW6v+u54y8vXNtG+Me4umLq1mZnkPS2zkETA3ENKJpO09TIi/8KIOkpB1kJKeRUQ2uXl4Ej4xn/lgVf0WkhbxG8fRvgsnckkZyZj6ZW/PJqB0q39Pfn0lzppA40v/qqALuo5j/PQvLV+4jY20KGQYvQsfHsyj8c5Z+bGmy+S+TSwPin+CFAWkkbdqH+bMMzDbA2YAxKJjEGQkkDGrD8qxzGHO/N5Gydz7HvCWNtJWb1AAAIABJREFUbIJZGB1CTNvtQURERESkzTnV1NTUdHQQLfHrP77NydNn+eV/PcqAfn3497r/8PHWXfQwducPS75T325n1mH+/tb6+uc9jN2ZMXksE++8emVkwaKlADyz4AGGhYeQun0vK5I+ZkC/PuoFLCKd1p59Oa1q37O7G05OTvU/wA0f0/Ax4MR12jX4fbNl1z5uyfObLb+e1rb38Ow090i1ucy3lrIsK5iFSxN1YUtERERERERERERuu/IyW0eH0KV0iqvb23Ye4OTps4yOGsKAfn04eCSXj7fuAuDpb91f325d7Zy+AL49vKmuqeGi5TJvv/cJfXv71vcQfurJWfz5tTWs+ehzQu8IZMLY4Wz8JIOTp8+y/9AJIofccduOpfxKBa8sX83RnLxm17u5uTIwOIBp98YSPiiYVtYrOsyJU2f5NC0TL08Pvp4wFk+Pbh0dkoiIiIiIiIiIiIiIiMhXTpMZoxxRRqZ9SMvBA/sBsNt8BIDZMybQP8g+NFD5FWt98Xfxwof43bPf5g9LvsO8h6cCsGbT5/XbGxEZStyYYZw8fZadew4DEFa77YOHT7bDEYGLizOmiBDuHDW00U/f3j05fPwUryxfTVrG3naJpS0UX7jEtp0HyDQfoaLi6l0a/1jxIQsWLa3/bDqT9cnbWLBoKf9Y8WFHhyIiIiIiIiIiIiIiIiLSIg7fA9hWVcX+QycAGDnCPvdv/pnzAEQNuzqhXfGFEgB69+pR39MX4K7Rkfzr/U84U1jcaLvhYQNI+2IfR3LyGD/WxIjIULbvOsDRE/m39XjquLm68vWEOwkJDmiybrf5CP9c+RHJW3cRNWwQ3t092yWmLyNmeBivLl3U0WGIiEgbiHl8Ea92dBAiIiIiIiIiIiIickscvgfwpZIyALy9PPDu7gHAydNncXU10Ld3z/p2zs72sZIrbU3HCK+stNWvrxN6h73wejTnNABBfXs12l9HCg8LJijAD8ulUoqKLR0djoiIiIiIiIiIiIiIiIh0Eg7fA7iuIOvb0weAs+cucMVaQb/A3o3a+fXqQQ9jdy5aLvP5jv3cNToSsM8LDBA6ILBxe18jfr5Gzp23cO68hZ5Gb/v+Lnd8Afh6amog+2guqzd8Rm7eWWpq7D2e75s6jtFR4Y3mC762bXV1DUZvL0ZFDeG+qePw6OZOTm4Bf/z7+wQF+PHQzIms+ehzDh8/zYihoTz+0BT+9E/7XMUL584kZnhY/bYvWi7zwp9WAfDzHzxCD2P3Rtt6ev4DfJK6q/69B/vnsG5zOh7d3Pmv78ymp9G7fhvfffzrfJSSgTk7h+rqagYOCOTJR6bi3d2TtZvS+fwLM+VXKuhh7M4j999D9LCwRsdafsXK2k3pZGQe5HJpOW5urow0hfHAjPH08Ole3+4fKz5kx55DfOexGVy6XMZHn37BRctl3NxcGTdqKLNnTKCbuxuZe4+w7M119a/bsecQO/YcAmjyXoiIiIiIiIiIiIiIiIg4EocvAHt0c2t2ucHFpdFzV4MLMyaP5e33PuGNdzbxr/c/obLyam/gryfc2cw2GnSAdmqyusOYD+aQm1dIvwA/+vT2rV++Y082r7+zCWdnZ4YOvgOPbm4cOnaK5f/aSFGxhWnxsYC9+Lvhk+2s25yOi4szoXcE4efrQ25eIZ+m7cZy6TILHp1Rv92z54r549/fw1pRiU93L6praqisrPxSx9A/sDd3jhrK4eOnOV98if5B/vQL8MPN1UB3L4/6dpdKSvm/f7xHzx7ejBw+mCM5eRzNyeMvr63Fu7sH+WfPMyw8hAuWyxw/mc9rKz/imQUe9XM2l5Vb+ctraziSk0fvXj2IHHIH5y9cImP3QY7nFvCj7zxYf/NAnY2ffsH5YgtDQvtDf3uh/D/pWVTaqnjswcn49vThzlFDOV1QxKm8Qnr5+tTPP33ttkREREREREREREREREQcicMXgPv07kk3dzcsJaWNnpeUNu2pO/HOEfTt7cuaTZ9zprAYL89u9AvozaS7ougf5N+o7RVrBWfOXaB3LyO9exk5e+4CAD7tNN9uRWUl65O3NSqGVlfXkJN7hnPnL9LN3Y1p8bF4ergDcCr/HO+s2UIPn+48s+AB+vrbC8N1BdD/fJ7FqBFD8PfrwaFjuWz69Au8PLvx1JOzCL3jau/n/DPnwYlGQ2KXXC5n5PDBzP1GAh7d7Psrv1LxpY4vatggooYN4h8rPuR88SWihw1qVIS/aLkMgM1WxdfuGcPXE8bh5ASWS6X84a/vknemiOAgf/570Vx8vD2pqYEVScl8lmFm976jhA3sR00NrN74GYePn2b6vbHMnHJX/XF9sdteLN+SnsXs6eMbxWa1VvDL/3qM3r2MABzNyeOV5R9w4NBJLJcuc0f/Pjz5yNdYn7yNU3mFDAwO4MlHvval3g8RERERERERERERERGR9uDwBWCAAf36cOjYqUbPT5w602zbIYP689OnHr7pNk/nnwNgUIi9Z2ddQdLHu30KwFVV1ZgP5jRZ7ubmyl2jI5mRcCe9GvQ2PXzsFCWXyxg7cWR98RfA08Odu8eN4NV/bST/TBH+fj3YsfsQ1opKJtw5vFHxFyCwdq7jhnr19OGh++6uL/62J+/uHowcPrh+SGcfby/6BfTm7LkLjBwxuP7zcHKCiLBgPssw139Wl0vLOHT0FEYfL8aNjmxU1DZFhBAc5M/xE/lYrZW4u7vWr7snLrq++AsQ0KcXvXvZhwO3lJSql6+IiIiIiIiIiIiIiIh0Wp2iABzYtxeHjp1it/kI0aaw+uebtuxg6qTRt7TNbTsPABAWEgTA3oPHARgc2q9tgm6BhvPJlpVbWb3xM1K37aWquhqjj1ejtnUF74+37uLjrbua3V7+2fNEhA3gTGExAIPuCGpRHD17eHdI8RfA1dUVL89u9c+dGvRO7ttg+GsAl2uG/S6+WMKlkjLKyq/w/154rdnt+/kauWKtaFQArpvvuY6zszNubq7XvlRERERERERERERERESk0+kUBeCwgf3Y8vkedu87SrQpjGhTGFs+38Pm2gJw6va9pG7by8nTZ2+4nSGh/blz9FD69vYldfteBvTrw6iowQBk7T9W36YjeHq4M3v6BPIKiti+6yAD+vUhfnxM/fqqqmqA+rl0mxPYpxfVNTVU19S0S8wdrbq6mpqaGtzdXBkWHoKbW9N/zl6eHri6ujTzahEREREREREREREREZGup1MUgEdHDeGDjWls23mA+PExRIQFM3niSD7euosFi5a2eDuHjp1qNJT0rK/dhUc3d1K37+XsuQv0MHYndEDgDbZwe3l0c+Oeu6LIyS1g67YsRkUNweht7wncL7A3O/YcIqR/Xx5LnHzD7fj5+nA0J4+jJ/Lqexi3lsHFGTfX5v95nL9wifLyK3h4dGt2fUMuLs63tP+W8O3hg5dnN6wVFXw94U6CrlMYv1W3M3YRERERERERERERERGR26FTFIABRg4PY9OWHaRu28tjiZN5aObd7D1wHGtFJeNjTUy8c0STYZOvdfL0WVK37SV1+15GRIYyLDwEgNRtewEYH2uiWze3234sNzIiMpSwkH5kH80lddtevp5wJwCmiIF8kppJpvkI40ZHNprbt6KikuO5ZwgLCcLFxZkx0RHszDrMtp0HGDl8cKO2+WfOYzA44+/X84ZxuLoa8PO1z5N7/GQ+0aYwnJzAVlXF1m1ZlF+paFEBOKCPfc7h3LxCbFVVGFzarjeuj7cXkeF3sDU9i83/2cHjDyU02n5Lj/V6Avv0wsnJibNFF7lcWk53L4+2Cl1ERERERERERERERETktug0BeD48TH2AvD2vQT07cW942P49c+e5Pd/eZf1ydv4LMPM+FgTUZGhBAb41RcCrdYKThcUkb5jP6nb7YXePr178tSTswB469/JnDx9lh7G7ky8c0SHHV8dNzdXEu4exdETeaRu28voqCH09felX0Bvpk4azQcfpfH7v7zDwAGB9O5lpORyOYePn8bg4sKPvvsgA/r1IWJwMLExEaTv2M9Ly/5NSHAAfr4+5OYVkn/mPHeOGsrch6bcNJbR0UPIyDzIx6m7OF1QhI+3JydOneGipRSDoWWF3LrCddb+Y/z6j28THOTPPXEx9LhJsb4lnJxg2j1jyDlZwLadB9h/6ARDQvvj7OxMTu4Zzp2/WH+sdfMKt0bIgAD6+vck9/RZfvvyvxg4IJBRIwYTNWzQl45dRERERERERERERERE5HboNAXgN97dXP/43TVbuLd2ftyffP8bpGWYefPfyaxP3sb65G24uDjj79cDJydn8s8UNdrO5IkjeWjm3YB93t/PMswAzJg89qY9iNtLxOBghoWHsGffUdIyzMyeMREnJ5g8cRQDBwTw4cfbOZKTx9GcPNzcXAkLCWLG5LEEB/UBwODiwuOJCYQPCmZjynaOncjjyPHTGL29uCcumvumjmtRQXRIaDDzvzmNpPWpHDh8EhcXZ0zhIcx9aAr/eHtDi46lf2BvfvTdB3n7vU/IyS0gr6CIqMhBbVIABvDt6cPi7z1Eyme7ScswszPrsH15D29mThlH/PjoWyr+Ahi9vXhmwWzeXbMFc3YOGZkH6dO7pwrAIiIiIiIiIiIiIiIi4rCcampqajo6iJv56xvr2G0+Qk9jd+JiTaxP3gbAMwseqB/G+diJfLbtPMDpgnOcLijCaq0AoJu7GwP69SGwby+iTWFEhAUDsGPPIf6x4kMAvp5wJzOnjOuAIxMRaTt79uW0qn3P7m44OTnV/wA3fEzDx4AT12nX4PfNll37uCXPb7b8elrb3sOz09wjJSIiIiIiIiIiItKplZfZOjqELsXhr24v/9dGdpuP4OLizNxvTCFyyB0ArE/exsuvrmbC2OFMuHM4oXcENprrtuBsMc7OTvTp3Xj+14bzAAP84Fv3M3zowPY7IBERkXZmq6qiwmqjwmbDZquiurqGTnD/l4g4ACcnJ5ydnTAYXHAzGHBzN9RPtdJVKWeKyJehvKm8KSKt81XMmyIiIu3BoQvAK5I+JiPzIIF9/cg/U0Ra7XDNdb8BUrfbi7ljosMZOmQAd40eBkBAH9/6NiWXy9mVdYjDx0+zY88hAAb068M3Z99LSHDfdjwiERGR9mO1VlJ2xYrNVk03d1e6ubth8HLBxdmp1T2iReSrqaamhqrqGmy2KiorbVy4WIrB4IxnN3fc3V07Orw2pZwpIm1BeVN5U0Ra56uUN0VERNqTww4B/fo7m0jfsZ9ePX14ZsED/O2tD8k/U4SLizNVVdVEDrmDJx6ZSvoX+0nfuZ8zhcX1r+1h7I7R2z7HbPGFS5SUltevG9CvDxPuHM6EscPb/ZhERG4nDQF9Y1+lIaCrqqopuVxOdXU1np7udHN36+iQRKQLuWKtoKzMirOzM97dPXBxce7okL4U5UwRud2UN0VEWqer5U0REWkZDQHdthyyAPzq2xv4Ync23b08+MG37mfggAAKzp6vLwJHm8L43ryZjV6TaT7CgUMnm8wBXCdyyB3ExkRw56ih7XkoIiLtRgXgG/uqFICvWCu5VFKGl2c3vDzdOzocEenCSsuslJZdwcfbk26dtHeGcqaItCflTRGR1ukKeVNERFpOBeC25XBXtz/69Au+2J2Nm6uBBY9OZ+CAAI6fLOAfKz7k/IVLxMZEMP+b05q8LsYURowprP55wdlirBWV+Hh74uPtqbkjRESkyyu/UsHl0nJ6GL1wc3W4r3gR6WK8PN1xdXXBcqmUmhoPPLp1rh5gypki0t6UN0VEWqez500REZGO5HBn7BmZBwF48pGvMXTwAA4cPsmrb2/gcmk5E8YO57HEyS3aTsM5gEVERLq6K9ZKLpeW09PYHYNBNz2JSPtwczXQ09idC5bLODk5dZqeGcqZItJRlDdFRFqns+ZNERGRjuZwEyi4u9m/xLt7ebAr6zB/eW0Nl0vLGTc6ssXFXxERka+SqqpqLpWUYfTx0gU5EWl3BoMLRh8vLpWUUVVV3dHh3JRypoh0NOVNEZHW6Wx5U0RExBE4XA/gaFMYx08W8NKyf9cvGxMdzhMPT+3AqERERBxXyeVyvDy7aSg+Eekwbq4GvDy7UXLZPjSoI1POFOl6qqursdmqsFVVU11dTU1NDTU1t29/Tk7g5OSEs7MzBhdnDAYXnJ1bd3+98qaIdKT2zJttkTOhc+VNERERR+BwZ+8h/fuScPcosvYfw2BwITYmgq/dM6ajwxIREXFIVmsl1dXVeHm6d3QoIvIV5+XpTvGFCqzWStwddGg+5UyRrsVmq6Kiwoatqqpd91tTAzU1NVRXV2GzVYG1EoOLC25uhlb1kFXeFJH21hF5s61yJnSOvCkiIuIonGpqbud9sSIi0l727MtpVfue3d1wcnKq/wFu+JiGjwEnrtOuwe+bLbv2cUue32z59bS2vYenw90j1awLlst4dHOjm7tbR4ciIsIVawXlVyroaeze0aE0SzlTpGuorq7hirXCXkhwMAaDC93c3XB2btm5p/KmiLQHR82brc2Z4Ph5U0REbl15ma2jQ+hSHG4OYBEREWkZW1UVNlu1LsiJiMPo5u6GzVbd7r3xWkI5U6RrqLRVUVpW7nBFjDq22vgqWxif8qaI3G6OnDdbmzPBsfOmiIiII1EBWEREpJOqsNropmGvRMTBdHN3pcLqeHftKmeKdH4VlTbKy623dX7ftlBTA+XlVioqW5YLlTdF5HbpDHmztTkTHDdvioiIOBIVgEVERDqpCpsNV9fOMVS1iHx1uLoaqLA53gU55UyRzq3SVsWVKxUdHUarXLlS0aJebcqbInI7dLa82dKcCY6bN0VERByJCsAiIiKdlM1WhcHg0tFhiIg0YjC4OOwQg8qZIp1TdXUNV65YOzqMW3LlipXq6ht3vVPeFJG21lnzZktyJjhu3hQREXEkKgCLiIh0UtXVNbg4O3V0GCIijbg4O7Xowl17U84U6byuWCscevjSG6mpscd/I8qbItLWOmvebEnOBMfNmyIiIo5EBWAREZFOqqamBicnXZQTEcfi5OREjQNecVTOFOmcbLaqTt/L62bHoLwpIm2ps+fNlsTvqHlTRETEkagALCIiIiIiIiIOqaKia8zx2FWOQ0QcX1fIN13hGERERDqaCsAiIiIiIiIi4nCqq6uxVXXeXmwN2aqqqK6u7ugwRKSL6yp5UzlTRETky1MBWEREREREREQcTmcewrQ5Xe14RMTxdKU805WORUREpCOoACwiIiIiIiIiDsdW1bV6f3W14xERx9OV8kxXOhYREZGOoAKwiIiIiIiIiDicrjb8Z1c7HhFxPF0pz3SlYxEREekIKgCLiIiIiIiIiMOpqanp6BDaVFc7HhFxPF0pz3SlYxEREekIKgCLiIiIiIiIiMPpatf+u9rxiIjj6Up5pisdi4iISEdQAVhEREREREREREREREREpItQAVhEREREREREREREREREpItQAVhEREREREREREREREREpIswdHQAIiIi0n5SXvoJmwtv3s4/YTGL7/W//QG1iI28bSt5LzmbvFLbbYtt39s/4a0zU1i8OB5HOXIR6boqi/aQ9M52Mk6VUmYDnA0YgwKZFD+RBJM/rq3ZmDmJBW9YmPXT+UxXAhORLslG0a5kln9yhNxCG5UA7u4Eh0cwfdpEYvxad3kr862lLCuI4rmfxhNwW+IVEREREelYKgCLiIh8hUxc+CxjqhssOJDE8+8XMuE732dig6KBwd273WO7Htu+lfzjg2METZzDMxMG4NvBsRV+8hIvJRcy7PHf8/iwVr74dDqr0kqInj6FcMd5i0WknZWZk/j5G7m4DjYx53tRhPu6w6VCMrankfzWCpIHTeTZ74zCr6MDBXLTV5N8MYzEaSaMHR2MiHxFlZL51ussM0P4xIks+lYIfu5gKTCTtmkPy144SHjiHBaN9e3oQAEL5o0pZPQYxfxxwR0djIiIiIh8hakALCIi8hVi8PKmUd3RywAY8PD2xttBC5LmzH2Uhz/Ik9OHOcSJi/+E7/NsrA2Dxy28+OJRdmcW4n+PCsAiX125bFiXC6Z4npsXhWfdYm8jCbPDSEg4yAazl0MUfwGKjuaQUWBk+jRUAJZOroriY7v4fO85LrWkeffexI4cySBfl9sdmNxM3uckZVUR8+h8FkZ71S82escxZ3Ac0/enkNnDEYq/AFZyzTlkBIQxf1xHxyLyJdmKOLpjHxlnSlvU3KdvBHeNHoivI/ynTURERBziOqqIiIjIdRRSXAj09XSckxY3D7zdOjoIEem0SnI5VgyhU4ddLf425B3BdBUNRNpecQZvrMgir8UvyCXzmI3/991xOEpp8avKkpNHEf7MMnk1u94YGc+kdo5J5KugeNtmlqW06JYZu6xcjtge5kfje96+oERERKTFHOZaqoiIiDgISyov/+ZD+PqzPDP+mm6qFbt5bckqePB/eHJUCSkvvcTmvo/wbMxJXkv6grxSG7j7Ej7xER65dwCNOsnaitm9egVr9uRRbgNDz3DiH3mE+Dua70pbN9Sy/clb/OQnAP5MWbyYeH8oP5FK0roUsk+XY8OAR79w4mcmMqHB9urm9f3+g65sXZdC9mkD4556lhk3GJGv/EQKr61KIfuCDQweBEXN4rEHo/F1rtvoW/zkrcL6OChM4aWXNuM/51nG5L1F0ucnKWlyfPt46ydvsa92E5tf+gmbAYY/zu8fHQblJ0l9fw0pB2rfG68gwu+Zzv13DcLbubkoRaTT8u6FnzOYzfsoGxnVfBH4GpajKbz57j7MxTYwGAiOmcjCxCj8bpQfqi1kp2zkzS35FFnB1cuX2PvvY25041JWZdEeVr69lYxT9jk1XX39iZs6hUS3rXzvjdzaVntYsmgPADHzFrHQdCsHLtLBfAczvG8WeWda/pKgiFAVfx2AsacROEWmuZTY6OaLwI20MP81YSsk4/0NrMwspswGrr6BTJ8zk+khjffZKCcDnv2DmT4jAVNOEks2WeyNCpNZsCgZMGp+dum0fCNCCNqSRV71zdsC4OzD8CEq/oqIiDgKl1/96le/6uggRETkyztTeLFV7T3cXHBycqr/AW74mIaPASeu067B75stu/ZxS57fbPn1tLa9q6vjV91Ky67Q3avbl9tIYRYfZ5UyaNw4BtZd2+oWhHteCukHYOj4wfg0aF6S/m9W50Yw85ER+DmVkpOezrEL+ew74sWExx5n9pQ4TF4FpG3eQKolhElDay+0VReS8qffs6ZoELOemMfsKXEMrtnH+nf+Q+mQOAY3M66oV79oxt41GPbv4mTIgzz73dlMnDiWQT1ccT66hhdfTaEsdBbzHp/N1LhIep7dxpoP0ygdMJHwXrWHt/djsgry2ZdZhO/oyUyKHYMp1BePZj7eurbZB2wMmvlNHp85CVOvInanfMquyqHEDfZp/j0rzSE9/Rhnju/mpHECc745m6mj76D6RDqfppzCb0I0AS6+DB47jvG9C0k9WM2E7yzm8WkTmTgsAHfXUtJffYl1Dd6bSP9SDiV/RH7fSQx1lHFgRVqhTfJTG3OcmHoT4HSA5PSDpOzJA2NP+vXwxvU6t+aWmZP45fITeI+dxMJ5k5gZZST3Pym8eciNe0cG4gpQeID1e6yEx8Uw2AuglMwVb/LKHjfivjGThbPGMrp3PptWbeFAjxHEBtUOY3Amhd/+YRvHekfy5LyZPDxlCCE1BaRtPIb3fTOYMzGKgHOZZNWYWPSTmcy+O4aYgG50gq9I6SKsFZVtuDVPBkYFUn34EMcv37x10MSZPH13AG39z93d3bXZ5Y6To65ymJj8jLgc2MuWz3ey82w5Rr8++HV3w6XZ0/uW5b+CrG3svNyXSXED7dOjVOez4eV/sbKoL3Oe/DqPfW0EkTVHeHflTi6HjyKyh33r9px8COvQcTw9L4FZ4+/A78JhNnx2idEPT2Pm+EDYd4hjIXG89P0EEu4eQXiP68Uq0vbaNG969mf0kCsczCykpOYmbZ19uPfbDzOlT9tmzevlTHCgHCUiIm3GVtnSu46kJdQDWERERK5hIDphApv/bze7c2cQVN9bNo+taXn4jnmQ8Ib/r7f4c89/P8KY2o633uMf54e8zPPrN5B67zNMMELJ56vYfCacBxu2u/fbPFn+In/5dDdT50U3PSlx88DbzQcPF8DgiXf9JMUlpH6UTsngB/mfh8fU9jL2ZszDz0DZf/PeR6nEh024OtdxuQejn1p8w16/9cp9mfijbzOhtiDtHfs4Uw79hFVHsikm6Ma9gCISWfxQeO2TYcx4II99/5tC9lGIHmqfZ7n5OZdPcvQEhD+cyJhg+7vgHTWDbw+fQZtfdRYRhxAweR4v+CazfNMR1ryxijXYe6iFjxnK9PEjCTXWZsTqgyS9m4vnhEQW1SUx7yjm/9BG2ZKdbMgbRWJQMzvITuHNLAMJTz9G4gD7IuPIB3i2ahXPfPw5uWMSCKaY5Hf2kOsXxXML4wmwtyJmciIxk+w9jQE8DYCzC0Zvo+YAls7PEMTX5t3N2Vf+g7ns+s08Iu9m4aQgXTBxFM6BTH/6MfzWbmbNrj0sy7KPSODZP5C4sWNJGBVCXdpsWf5rypK2mTUFgcx97gHias9VjZMf4+myv/Fiyk5mPTkK19qczIgEnptjst+Ag5G42SHE2my4GgzgbsTTGTB4YvRW1pTOz9B3PAsTL/Cbd/Mov24rd0yJ9/O1vpozXURExJF0+suKh46d4vCx0xw+dpqycmtHhyMiItI1BE5kXL8SdmzPvrosexs7LOHcc8811YbBw4i5ZhRn76jRDCCPo0dsQAlmc16z7QaEDoCcY5xoTWwlZsynIXx4TOMhpvEgZng4nD7KwYoGi3tFM6YlxV8A/2GEX3OtLijQH2xgu8lLQ4eGN17QN4hA4OY3L/oT5A/ZqR+yL78cW137Tn+WJiIhBTnwAAAgAElEQVTXZ8Bv5DR+9v+e4dXfPsHPnoxl0kADuZ+l8eJzf2OZudTe7OgRMsvdiYm6Jol5DCQ0oJRjOZZmt55tzqHMOJCYAY2Xew4MJLg4j2MlQMkBMk9B6F2jaou/DcNT2Uu6sG4RzJs3jKDrfc/2HcYPZkfQ/AQV0mEM/sTOfowXfruIv/6/B3j6PhPhBgtbklaz+LkkMmsrUy3Kf01YyNxbDIPDiL3mgw8d5A/H8zkGtTnZQMzYuuLvVa7Km9KFeUTM5AeTfK67PmjSdOZFtGRSCxEREWlPnfIMtazcyvrkbaTv2Nek6DtudCT3jo+hf5AmWBEREbl13oyLC+fDf6eze1Y40W42dm//AmKerO/BW8/Ns+kJhbcP3kDhxWIAysuAE+/xi5+818y+hnGlNaGVl1MOeHdrehpj6GYACim5CNSdCrg4+umOP/Hf/z6sSiLpz+mU2+zzGU+4dwbxQzXzoEjHK2TD71awprDhsgZzOhamsOR3eyhouNo/iud+Gt+0sNocd19CI+MIjYwjsbqYtH+u4M23NmP+wwOYrFbKsJL8ylKSm3lpwHVugC0rt4HFzIuLzM2sNVJWDmClDAgwtlEPNXMSC+rnDK41IoFXH7dPGJz51lKWZTVerfmEpcP4X6dHm2cQ8+aNp41HMP3quVlevEm+uBlX3xBME0IwTQCKM3jlf9NY9sFBXp0T0bL8533tcitlpUDOVr63aGszrwumDMBqpQwv/Hq0KMybunFevMl3j0g76zPxfuYVvsMb+xufe3hE3s3CiX06KCoRERG5EUe/ItrEqbxCXlr27+v29k3fsZ/0Hft54uGpjBsd2c7RiYiIdB2GqHGMWfsaqRklRA/fTeoBX0b/MLxpw4oybFxzUlFyiRLAt4cvUI6HJzD0QZ6dHdHcnlrXy8bDAw/AdqXJXmuX+eLdRhfm2o3HAOKfXEw8YCvNI/s/G0h640VOPvxbnozpdKdrIl2MPwlPzSeuUW9+A55186b7xfGzX42i0Yx7zt1ubbhkZ1/iRgXyZnYxuUVgcnfHEy/iFj5CQjPXVl3dmt+Lp4cB/CJY9FRsM0Xo2thL3fEELBYLtMXgzhHTeOlX14yVYPCqf2hKnM9L9zde7aoultKBPCJm8oOvJfGnj4rsRWBPPx6YNxOTppP88m6WF2+SL1rFN5bYQWmYzxRSRETL8l8T7vblkXG8lNjMuS4GPAHc3fGklKKGNxp+CTfOizf57hFpd56YZk/ngbINrM6xX5P1CBmpERNEREQcWKe6oni++FJ98dejmzv3TojhrtHD6OXrQ1m5lT37jrJuczrnL1zi9Xc24eHhTvSwQR0dtoiISOfkHM6dY3x5OW0r6Zf2kddvHE8GNtPu8D4yy8c06hlcsnc3JwliRpgB8MZkCmLNJ7nkeY1pPH/wrfA2Yeq3hg/3ZlI+akyDCw7lZO7Nhn4ziHD7kvu4Xdw98aCc8kZdnm3YbIb6EVcNXkEMmz6LswdfYvPhoxDT3IVIEWlPrl43mP/W2R1Pb/dWbK2QzO2lhI8NobnBEs2H88EjhFA/wDeMGI8jZOdXkTio5SMChJtC8NyeR261scmw9vW8hxLTP4OknWYscXGNj6+a+mHoPT0MYK3iBtOl2hm8MDbpVXeVq4fmEBbH0yc2kR9UvMOftsHd8xK5Sz0r28bN8uJN8kUThWbSSgcSF9JM9bP6INlHwXNEIH6AX0vyXxNGYob7sjL5LLlesZiud646yJ6TM3cfZO7ga25qrM+btcVkq5VKaDJUdEM3y4s3/O4R6QjOfbjrsemUv7aW/zCMHzw2RiMmiIiIOLBO9TX92jsf1Rd/f/y9h5g5ZRy9fO1zUHh6uDNudCRLFj1O/8DeALzxzibNCywiIvIlBMWNI+hCKmu2FhMeN67piHkAxkI+fWUVX+QWU1JSzMmMVfxl/Uk8YqYwrvaqlfdd0xln+IK3/vc9Uo/kUVJSQkn+UVI/+AvPv7X7pvPrNubNhK+Nw/vwe7z8zhecPF9CyfmTfPHOy7x32JtxX5vQfJyOIDQKk1cJqavXsC+/hJJSG+Rv4qUlL/HeZ9n2Yykp5uRnH5JaCOGDa29ky17D8795nn98Xtz8c7JZ85vnef7VdIqb3bGIOIyiwyR/sJrFz61gZaqZY0UWLCUWik7uYcNby1n2hQsx34gnHMA5glnT/ClYv5KlH+6pbVvIsd0pLPvdcpLyrrOP8DhmDSom6Y8rSNqdQ1GJBUtRDhkfJ7Hkd8nYB171JWFaBMa8DJYsSyYzz4KlJJ/s1NUs+eUqMmr/GxU+IgRPi5mV75vJLbFQpv9eSRfTZ/zD/PonD3Ovir8Oqyh7Jyv//DcW/3kjyftrc1pdLvzDRtKcg5k7I8zeuEX5ryljXByTDEdY9ofVJB/Ox1JiwZJ3hOT3X2fxGzvtvZlrc3LlFxv5+coMe04uyiHjwxUsrt+2kZgoX8jezrJU+/7LWneiK+LYnPtw7/xv8+v541T8FRERcXCdpgfwqbxCDh87DcATj0y97hy/nh7ufP+JWfzP0rcoK7eSvmMf904Y2Z6hioiIdB3GcdwZ/iHvnRrDhKjrnDb0n8L3Y/J4a8VLvGexgbsv4fd+m8R7Bl090XAexKyf/4wBq1fw4Vsv86EVMHgQNDSeR+6Pbv0JSdgsFn/Xl6R1G/j7797Dhn3e3FlPz2Fcc72UHYXzIGYtmMGlNzfx1v+lg/8UFi+eyrcftLHq01X8fX25fThtryDC73+GOXXDP9suUWIpwaPc1vxzbFyylFDiXt7KYrqItDu/OH72m8FkbtnKhv98Stpam72wYDAQ0D+MOT+aSFzQ1V5uxnGP8YJ/Cm++v5WlW1LsPcp8/YmbOpNZQdfbiS+TvjOfgJSNrPxgNcmlgLMBvwFhzPrWPQTXNRs8jee+58Oba3ex/H/NVAKe/v7Ezp5CjPvVNovuS2LZpmSeT4eAqY/x3GRVykSk/fhNeIKXh5pJ3riT5HcPklRqX+7q5UXwiDienRZLcP2QMC3Mf9dyDmPOLx8j9P0NJL2xiiQrYDAQHDmS+bNH1ffkNY57jOc8NrJ843ZefCENnA0YgwJJSIyt37Zx3AM8fXY1yzes5udrNd+5iIiIiHQMp5qampqODqIl1m1OZ33yNnr19OHFXy64afvX39lE+o79DA7tx4+/9412iFBEpGPt2ZfTqvY9u7vh5ORU/wPc8DENHwNOXKddg983W3bt45Y8v9ny62ltew9Px79H6uy5i/TpfZsnu63O5r3/eY28e5/lmfHX9qstJOWll9jc93F+/+iw2xuHiHQq7ZKfWskRYxKRG7tUctPBxzsdH+/mBn93zBzliDGJyI11tbx5vZwJylEiIl1RuYZOaVOdZrCO8xcuATBkUP8WtY+qnfv3dP652xaTiIhIV1eyLYUvrOFMiHXYQZVFREREREREREREpIFOUwCum8vXo5v7TVraeXq4N3qdiIiItFL1SbamnsQjZhzRbh0djIiIiIiIiIiIiIi0hOOPb1mrf2Bv9uw7yuHjp1vU/tDRUwAMDu13O8NqtfIrFbyyfDV5BUX813dmExIccMP2lkul/OGv71Jpq+LnP3iEHsbubRLH+uRtrNuczuioIXz7sRm3vJ3q6hq+2J3N+uRtnDt/EY9u7vzouw8yoF+fNolTREQ6kPMAZvz891z/W8Kf+MW/J74dQxIRERERERERERGRG+s0PYD7B/kDcCqvkPPFl27aPn3HfvvrAv1va1y3qvyKlU2f7qCqqvqG7VK37+XsuQvtFFXrbdryBa+t+oiLly4TOeQORkcNru99LSIiIiIiIiIiIiIiIiLtq9P0AI4eNohePX04f+ESf3ljLYsXPnTdQuPr72yqnzN48oSR7Rlmq+w/dIIjOacJHxTc7PozhcWkbtvbzlG1XMnlMrbtPICbq4GnvjXruschIiIiIiIiIiIiIiIiIu2j0/QABnjikamAvRfwS8v+zaFjpxqtLyu38vo7m+p7/8aPj6GXr0+7x9lS1opKNn26g4qKyibramogLcPMxUuXOyCylrlUUkZpWTleXh707e3b0eGIiIiIiIhIF+Lk1NERtK2udjwi4ni6Up7pSsciIiLSETpND2CAIaH9eeLhqbz+ziZ7Efiv/6aXrw9+PY0AjQrC40ZH8vCsSR0V6k0Zfbzo29uX7KO5ZO0/xujo8EbrTxecI33nAULvCKSi0kZp2RUALpeW88d/vE9ewTkWzp3JiMjQRq8rK7fyx78nUXC2mGcWPEDYwJbPgVw3L/DMKePoH9ibpPWpnDt/ERcXZ0zhIcyZHU8Pn+5ctFzmhT+tovhC3VDc5fz4/7N35/FR1ff+x1+TmUwy2TMhgSyTAEkIkgAhgBhERFGwVUCtYm2Lt1ptb7Wttnp/9qq/Lt7Wen9Xu1nt4tbqbVHqrYJ1AS+IyCICIUgiBBKWDAmQkH2ZTDLJ/P5IMiRsIWSZyfB+Ph55ZHLO95zzOcPxC+Y93+/38T8C9FpTuKqmnpXvbWLX5yU0O5yYzYGkj0vklkVzSYqPvcB3TkRERERERC4GBoMBt9vt7TIGjUFphogMMX/qN9VnioiIDMyICoCLSuzkFxT32lZVXd9rTWBLcBCLF+ZyTdfUz0eOVrJnfykHDpVTcqgcDAbSxiWSkjSapPhRZGaMHdZ76GY0Gll41UzKX6ti3aZ8si4ZjyXYDEB7ewdr1neODF541UzWrN/uCYDDQi3MmjaRvx85zuZthWRNHIfReHIg9/4DR7CXVzJ1UirjUxIuqLbt+UV88NF2UscmkJIUR1GJnZ0FxTQ7nNx3142YzSZyJqdzvLKaz/cdxmQ0kjVxHGazifHJ8QAcOHyU3730Fo1NDhLGxDA1M5XKqjr27D/ML367nK8vXXBa6C0iIiIiIiLSLSAggI6Odm+XMWgCAkbUJGwiMgL5U7+pPlNERGRgRkQAXFVdz+srP2TnKeHvhNQkRlkjiYnunObZlhhHRqrNszbwlu2f87d/rKXF2drruG0797Jt516gc6TwnV++bhju4nSJ8aOYPWMSaz7awY5dRcyZNRmA0rLj7Co8wLTJaUwYn8Sa9dt7HZedlcb/bsjjYOkxqmrqiRsVBXQGx93TX8+emdkrGO6P+sZm7r/nS6SO7QyQK6tq+eUf3qC07Djlx06QOjaB25bM42DpUYoPlmOxBPHlG68iKjIMgNbWNlat3kxjk4PFC2dz/TWXeaZt+XTnXl5+7X3e/mALE9JsRIaHXlCNIiIiIiIi4t9MxgBcLv8IMqDzfkREhpI/9ZvqM0VERAbG5wPg7vV+mx1OAGwJsVwzdzrZWWmeoPdMfvmHv7NnfykAixbkEh9nJTlpNFERoRw5eoIjRyvZ8MluNm8rZMeuffzgX29lfEr8sNxTtwCDgasun0be7mLWfLSdyZPGExoSzLtrP8VkMrJg3kxcrnZq63qvAxwbE0XWxLF8vHU3+QXFLJg3A4BjFdXsP3gEW0Jsv6Z+PlXO5HRP+AtgjYogMX4UuwpLqKtv6vP4oxXVHCw9RtyoKK6YNbnXmh3ZmamkjU2kqMTOwcNHyc5Ku+A6RURERERExH+ZTEZwtnm7jEFjMhm9XYKI+Dl/6jfVZ4qIiAyMT3+Uqmf4awkO4rYl8/jRg3cwe2bmOcPfn/zXX9izv5QxcVb+4+E7WbxwNjOnTWT3ngO8+Lf3MAeauDJ3Kv/3+18ja+JYnK1t/OK3f6O9vWMY765TjDWC+VdM41hFDVt37GHPvlIK9h5k9oxJJMXH4na76Thl7Q6DAXJnTCLIHMi2/L2ecLyw6BANjQ5mZk885/vTl+6RvN2MxgDMgef/WYGa2gYcLU7Cw0IwmwN77TObAwkPs+B2u7GXV15wjSIiIiIiIuLfAgICMBn9IwAwGY2azlREhpy/9JvqM0VERAbOZ/8m7Rn+xkRH8G/3LvWs63su767dStmxE1iCg/iPh+9kTJzVs+/1levZWVDcayrp++/5ErNnZnbt/3Dwb+Q8zMq5BFtiHB98tIMVq9YTHRnOVZdP6zVy9lQpSaMZlxyPvbySA4fLaXY42Za/l+jIcK+Pqu3ocOM+JbQWERERERER6S+z2ecnLjsv/nIfIuL7/KG/8Yd7EBER8TafDYBffu19z8jfHz14B7bEuD6PaW/vYOPW3QDctmTeafvnX5HDhNQkpp0SkH7l5vnEWCP4cFM+hUWHBucG+qy1nda2zilZwkItXDdvBg1NzRyvrGH+FdOIsUac83izOZDcGZPo6HCT99l+9h84gr28kqyJY4mNiRqOWzirGGsEIZZgGhqbaW3tPe1Ma2sbDY0ODAYDtoRYL1UoIuIfDAaDPnAjIj7H7XZjONcnGb1EfabIyGQyGUf8NKB93YP6TREZTCO93zyf+n213xQREfElPhkAr1q92TM98H13LTnv6Yx3FZZQWVXHtMlpXH5p1mn7v3zjVfzbvbedFiYHmQOZf0UOAFvz9gyw+vPT2uqiqbnF8/O0Kelcmj2RtHGJzMjOOK9zZGaMJW5UFLs+L+HNdzdiMhrJnTHpnCOHh0N8nJVxyWOoOFHLx1t30/P/F/MLSyg+VMaYuGjGDfOayyIi/iYgwEB7h34pJyK+pb3DTUCA7/1CTn2myMgVHGT2+v/nXiiDobP+c1G/KSKDbaT2m+fTZ4Lv9psiIiK+xOfm02h2OFn7cR7QOWI3I9V23seu27gTgKT43iNLq6rrWbVmM/kFxcRYI3no20tPC5UnjE8CYMv2z7nr9i8M5BYuiMlo5K6v9O+6kRGhTJuczvvrPqW+oZmJacmkJI0eogrPn9kcyOKFsyktq2DV6s1s31VEcmIclVV1HDhcjslkYtG1uUSGh3q7VBGREc1kMuJytWMy+uTnuUTkIuVytfvkqBP1mSIjV0CAgeDgIBwOp7dL6bfg4KA+Qwr1myIy2EZqv3k+fSb4br8pIiLiS3zuX/H5BcU0d/3jZPHC2Rd0joQxo3r9fKKmjtkzM2l2OLGXVWAvrzjtmJSk0URHhl3Q9bzp0uwMwkItGAwGcmdMwmwO9HZJAIxPiefRB77KZTmXUFPbwJbtn1NaVsEl6Sn8+/duZ+a0id4uUURkxDObTLS1ubxdhohIL21tLswmn/ucqfpMkREu0GQkOLjvUWG+JDjYTOB5BBTqN0VkKIy0fvN8+0zw3X5TRETEl/jc35Q7C4oBmD0z87ynfj6Vy9X7f1DOdxRxQMDQ5+GWYDMPf+fL590+KjKM/3zsnj7bxY2KIjNj7Hmfd9GCXBYtyO1zW7dvLruBby67ode2ccnx/Pbn3znrNWKiI/o9qllERM6fOchETW0T4WEWb5ciIuLR4mwjOsr3ZnpRnyky8pkDTRgMBlpanPjy0rQGQ+cotvMNMtRvishQGQn9Zn/7TPDdflNERMSX+NwI4KJiO3D+oW1PkRGdf/EXHyzr97FHj1dRVVNPWOjI+h+bT/OLaGxyMG1yuuf+RUTk4mAyGjGZAmhxtnq7FBERAFqcrZhMAZiMvjcln/pMEf8QaDISGmLx2ak/TV31nX/4q35TRIaWL/eb/e0zwbf7TREREV/icwGwo6Vz+mfLBYz+nT5lAgDFB8tP21dVXe95faZwufuYnMnp/b6ut9TVN7Fz936iI8O5YtZkb5cjIiJeEBIcRHPzyFrXSUT8V3Ozk5DgC5vFZziozxTxDwEBBkIsQYRYgnwmADAZjZ6azmf9ym7qN0VkOPhav3mhfSb4fr8pIiLiK3xuCugJqUnsKznCn197n7UJced9XEaajflzphEdFU7ZsRN8uCmfqy7P9uw/UVPneV1VXU+zowVb4snzb83bA0B2Vtog3MXw2L6riIoTtcy5NIvYmChvlyMiIl4QFBSIo6WVpmYnoSH6n2AR8Z6mZicBAQEEBQV6u5SzUp8p4l9MJiMmk5GOjg5crnZc7R10dHTgdruHdKpTgwEMBgMBAQGYjAGYTMYLWlJK/aaIDDdv9JuD1WfCyOg3RUREfIXB7fatFSDsZRX813MrPCOB++P5px9kzfrt/P3tjzAaA/jD//t+r/2PP/0K9vJKYqIjuO3Gq5jWFfb+9X/+l/Wbd3HptInc87XrB+U+RESGW37BwX61jw4zYzAYPF/AOV/T8zVg4Cztenzva9upr8/n5762n01/21tCfO4zUmfV3t5BVU0DUZGhmANHTt0i4j9a21zU1jUREx2O0ehzkwz1oj5TRHyB+k0Rkf4ZSf2miIhcGEezy9sl+BWfC4Chc4Tupm0F/TpmlDWS2TMzcbna+cUzyyk9cpzxKfHcf/fNhIQE9zp3jDXC8/NfXl/Nxk87r/XI/V9hXHL84NyEiMgwUwB8bv4cAAO0ONtoaGwmOjLMJ9d2EhH/5XK1U1PXSHhYCMEjZDSG+kwR8Sb1myIi/TMS+00REek/BcCDyycD4IE6eryKP7zyT8qPnQDgq1+6hnHJY7BGRWAJNlNT10BdfRMrVn3EwdKjAHzrjkXMmDrBm2WLiAyIAuBz8/cAGMDR0kpjk4PICI3OEJHh0drmoq6+ibBQC5Zgs7fL6Rf1mSLiDeo3RUT6ZyT3myIi0j8KgAeXXwbA0BkCr1i1noK9h87ZLnHMKG5YkKvwV0RGPAXA53YxBMDQOTqjvqGZ0JBgrdMmIkOqqdlJU3MLEeEjdySG+kwRGU7qN0VE+scf+k0RETl/CoAHl98GwN22bP+cj7bs4sjREzidrQCYjEYS4mOYPmUC86/IIcisf0CIyMinAPjcLpYAGDrXaWtodNDR0UFISBDBQfqUtIgMnhZnK83NTgICAggPs4z4NdjUZ4rIUFO/KSLSP/7Wb4qIyPlRADy4/D4A7uno8SoA4kZFYTRqzRoR8S8KgM/tYgqAuzmdbTS3OHG5OggOCiQw0ITJZMQYYOj3+yEiFye32017hxuXq522NhctzjZMpgBCgoMI8rNRGOozRWQwqN9Uvyki/XMx9ZsiInJuCoAH10UVAIuI+DMFwOd2MQbA3Vzt7bQ6XbS6XLhc7XR0uNFf/yJyPgwGAwEBBkwmI2aTCXOQCZOff5BSfaaIDIT6TfWbItI/F2O/KSIiZ6YAeHD5z2+3RURE5IxMRiOmECMhaJ02EZG+qM8UEekf9ZsiIiIiIr5HCyiIiIiIiIiIiIiIiIiIiPgJBcAiIiIiIiIiIiIiIiIiIn5CAbCIiIiIiIiIiIiIiIiIiJ9QACwiIiIiIiIiIiIiIiIi4icUAIuIiIiIiIiIiIiIiIiI+AkFwCIiIiIiIiIiIiIiIiIifkIBsIiIiIiIiIiIiIiIiIiIn1AALCIiIiIiIiIiIiIiIiLiJxQAi4iIiIiIiIiIiIiIiIj4CQXAIiIiIiIiIiIiIiIiIiJ+QgGwiIiIiIiIiIiIiIiIiIifUAAsIiIiIiIiIiIiIiIiIuInFACLiIiIiIiIiIiIiIiIiPgJBcAiIiIiIiIiIiIiIiIiIn5CAbCIiIiIiIiIiIiIiIiIiJ9QACwiIiIiIiIiIiIiIiIi4icUAIuIiIiIiIiIiIiIiIiI+AkFwCIiIiIiIiIiIiIiIiIifkIBsIiIiIiIiIiIiIiIiIiIn1AALCIiIiIiIiIiIiIiIiLiJxQAi4iIiIiIiIiIiIiIiIj4CQXAIiIiIiIiIiIiIiIiIiJ+wuTtAgZqV2EJRyuqOXq8Cnt5JfayCmyJcdgSYokfHUN8nJWpmaneLlNEREREREREREREREREZMiN2AC4praBv6xYQ2HRodP22csqsJdVeH7OzBjLvyxdQHRU+HCWKCIiIiIiIiIiIiIiIiIyrAxut9vt7SL6a8v2z3lp+XsAjLWNIXfGJOJGRRE3Kpq4UVFUnKil4kQNFSdq2bL9cw7ZjwFw1+1fIHfGJG+WLiIyZPILDvarfXSYGYPB4PkCzvmanq8BA2dp1+N7X9tOfX0+P/e1/Wz6294SMmI/IyUiIiIiIiIiIiIyojiaXd4uwa+MuN9ulxwq94S/M6Zm8K07bvDsc7W3U1RsJ3VcAnGjogC4es40/vjKP9m+q4iXlr9H3KgoUscmeKV2EREREREREREREREREZGhNOJGAH/nkWdwOlv5zl03etb2rayq5fWV6/l832Ha2lwEBpqYNCGF25bMIzamMwjeVVjC7156i6AgM7974rvevAURkSGhEcDnphHAIiIiIiIiIiIiIr5JI4AHV4C3C+iPN9/diNPZyhfnz/KEv9U19TzyxIvsKiwh2BxIRqqNYHMguwpLeOSJF6muqQdgamYqX5w/C6ezlTff3ejN2xARERERERERERERERERGRIjJgAuLDrEu2u3MibOyg3XXubZ/tf/WQvAjKkT+OXj9/LQvUv55eP3MmPqhF77AW649jLGxFl5d+1WCosODe8NiIiIiIiIiIiIiIiIiIgMsRETAJccKgdgzqzJBAZ2TstZU9fIZ3sOMGlCCt+6Y1Gv9t+6YxGTJqTw2Z4D1NQ1AhAYaGLOrMm9ziciIiIiIiIiIiIiIiIi4i9GTAB84PBRAGwJsZ5t3dM7J4wZdcZjurd3t+t5fPf5RERERERERERERERERET8hcnbBZyvksOdI3bTxiZ4to2OiwagvqHpjMd0b+9u1/P47vMNN0dLK7994R8UHyw74/7I8FBypqSzaEEu4WEhQ1iHk5Xvb2Zr3h4amxxMGJ/E9+6+maCgwCG7poiIiIiIiIiIiIiIiIgMrRERAB8+cpyWllaSE+Mwm08GlGEhFsanxPPpzr1Mm5zuWfcXYPuufXy6cy/jU+IJC7F4tpvNgSQnxlFaVsHhI8dJSRo9rPfSU0aqDWt0uOdnl6ud/QfL+HBTPoVFh3jgm7cQGxM56Nd1tLTy7EsrKSqxExUZxszsDBLHjCIgwDDo1xIRERERERERERERERGR4TMiAuCI8FAAqmsbTts3b3Y2Bw4f5ZLRCBQAACAASURBVI+vvM0nmamecHdXYYln/6m6z9N9Xm+5es40cqak99rmam/nlRVr2LL9c95bu5Vlty7AMMi5bMmhMooPlZGcNJrvf/NLhIVa+j5IRERERERERERERERERHzeiFgDODoyjNiYKBqbHBw+crzXvrG20Uy+ZBwAuwpLeHvNFk/4O/mScYy19R7he/jIcRqbHMTGRBEdGTY8N9APJqORK3OnYgk2U3bsBC1O56Bf43hlDe3tHYweFaXwV0RERERERERERERERMSPjIgRwADjU+KprKpl/4Eyz7TNu/cc5I1/bqD82Amgc0rlCalJ7Cs5QlGJnd17DlJV08AtN8z1hMT7D5R5zuerwsMsmM2B1Dc009rqwhIchNsNe4tL+cc7H1Nadhy3G2Jjolhy3WxmZk/0jBI+WHqUX/3xf0iMH8XSxVfy1nub2HfgCFMnpTIzO4M/vPK25zrb8ovYll8EwLf/ZTE5U9I913nz3Y3YyytwudqJDA9lRnYGS66bjSU4yHP822u2sGr1ZhYvnM3o2GhWvr+Zyqpa7vnqF0kfn8QvnlkOwL/esYj31m5l996DdHR0MD4lgbtuv47wsBBWvr+ZTZ/uxtHSSlRkGLffdDXTstI999PR4WZXYTHrNuZzoPQora1tmExGJqbZ+MrN84mNiTpjPbaEWP7+9gYqq2oxGgOYPHEcX/nSfKIieof+p66FbDIZsSXEcdMX5zAxLRmDgfN+70VEhsPxylpvlyAiIiIiIiIiIiIj2OjYqL4byYg2YgLgyZeMY2veHj7euptr5ubQ0Ojgz6+/T31DM3Mvm8Lc3Cm91vM9fOQ4G7Z8xoZPPuPPr7/PTx76OuFhFj7euttzPl919Hg1jU0OUlMSCA4yA7Atfy8vv/Y+AQEBTJowFkuwmaISOy/89V1OVNfxxfmzep3jeGU1v/rjGzhb24gIC6XD7SY8LITcGZM4cvQE9rIKYqwRTBifBIA1OgK3G95bt5WV728iICCAiWk2QkMsHDhcztqP8/h83yG++42bT1uXeNO2AqprGggMNBEdGUZ9Y7NnX31DE7/+0xtER4UzfcoE9h8so/hgGc++tJLwMAvlx6vImjiOmrpGDhwu56W/vcf991hI76prW/5eXvzbe1iCzUwYn0R4mIXSsgoKiw7zzItv8uC3lxJ5ylTe2/OL+OCj7aSOTSAlKY6iEjs7C4ppdji5764bsQR3vqeVVXX8+k9vUHGi1rMWssvVzt7iUn7/55Xcf8+XSB2b0O/3XkRkKOkfZyIiIiIiIiIiIiJyLiMmAM6aOA5rVDjlx06wavVmWlvbqG9oZvqUCSy79drT2qckjWbZrdfS1NzCjs/2sfrDTzGbAyk/dgJrVDhZE30vAO7ocLPvgJ3X3vqQjg43OVPSCQoKxF5eyWtvfUhURBj333MzY+KsADQ7nDz70lus37SLGVMziBt1MhRoaHQwfcoE/uW2Bb1G7U5ITeLtNVuwl1UwPjmeu27/gmefvbyS/92QR4glmO/cdSOpYxOA3usSr16/ja/efE2vUa919U185aarmZs7lYCAzh21dY2dx7ra+cLVl7JowWwMhs62//Xc65QdO0FyYhw/fvBfiAgPwe2GV/++ho+37mZnQbEnAJ58yXj+/XtfISVptOfcPdvu3nOQOZdm9Xof6xubPeEtQGVVLb/8wxuUlh2n/NgJUscm4GpvZ8Wq9VScqCV3xiTuWLoAk9EIQGtrG8WHykmxjb6g915ERERERERERERERETEW0ZMABwaEswXr7mM/37jAz7YsIP29g4Arp03/ZzHXTtvOjs+28e6TfkYjZ1LHn/xmssIDQke8pr78vu/rDrj9oAAA1fPmcaVs6cCsK/ETkNjM5ddOd0TQAKEWIKYN3sqz//1XcqPnegVQsZER7B0ybxe4W9fdu85QENjM1fMmsz4lATPdpPRyLVzp7N7z0EK9x6ivqGJyIiTo25zJqdz5ezsM06FHB5mYfqUCZ59EeGhJMXHcryyhulTJxARHgKAwQCXpCfz8dbdnvC4+x7HJY/pdU6DAaKjwgGoqW047Zo5k9M94S+ANSqCxPhR7Cosoa6+CYDjFTWUHCojMiKUG669zBP+ApjNgUyakAJc2HsvIiIiIiIiIiIiIiIi4i0jJgAGuDJ3Cnv3H2b7rn1AZyic2iOoPJPUlARCQ4Jpam6hrQ1mTJ3AlblThqPcPmWk2rBGh/falpI0muzMNGKsEZ5th+zHAPjgox188NGOM56r/HgV2Vlpnp+jo8L7Ff4CHD1e5Tn21DA3PCwEszmQpuYWqmvrewXAY+KsZ10HNzAwsFfYbjDgGck7Jtbaq62xRwjbzdXezqd5e/lw005OVNfT2OTo8z6iInuv82s0BmAO7P2oV1bV0tjUQurYBMLDek8h3dOFvPciIiIiIiIiIiIiIiIi3jKiAmCAb92xCONf32Vr3h6amlt4+bX3uWLWZNLGJZ7WtvhgGR9v3U1TcwsAs3Iu4e6vfnG4Sz6rq+dMI2dKep/tukc72xLjSIofdcY2CaNjBlxP93V8hdsNr731IR9t3kVAgIHRsdFkZowlIMDgWcf4QnV0uHG73X22G673XkRERERERERERERERGQwjLgAGODur36RCalJbNjyGZu3FbJ5WyEx1ggSRscw1jaGQ/ZjlB+voqq6HugcVTs3dwpzL/ONkb/9lZQQy7b8IsbZxpxxvePBvk5NbQNuN71G9TY0NtPa2kZoSDDWqIizn2QQNTtaOHj4KIGBJu67cwmZGWM9+1a+v2lAAXCMNYIQSzCVVbU0NDZhCTafsd1wvfciIiIiIiIiIiIiIiIigyHA2wVcqLmXTeGx73+NZbdeS9q4RJzONnbvOcjba7awe89BnM420sYlsuzWa3ns+18bseEvwORLxhMeFkLe7v2UHCrvta+1tY29xfZBGb3bfZ2dBcUcOHzyOq72dj7YsIPGJgeZE8cSEX72KZMHk8loJDjo9GC2sqqOT3fuHdC54+OsjEseQ119E//84BNc7e2efT3f0+F670VEREREREREREREREQGw4gYAdzscBJiOfN6tnMvOzmyt7aukcNlFaQkxp22Dmx/z+tLkuJjue6qmbz53kb+37OvMT4lgdiYSBoaHew7cAST0cgP/vUWUpJGD/g618zNYeX7m3jq9yuYmGYjNMTCgcPlVFbVET/aysJ5M8+63u9gCwoKJGdKOvsPlvHcn1dxSXoyAQYDRSV2LAP8czObA1m8cDalZRVs2f45e/aXkj4uEZernb3FpRgMAfzgX28hOXH0sLz3IiIiIiIiIiIiIiIiIoPB5wPgqup6Hv/lK9gS4njo3qXnbHvQfoznXl7JogW5LF44+5xtn3puBfbyCn70gzuIsQ7PlMYXymCAa6+cwfiUeP75wSfsP1hG8cEyzOZA0sclcsO1l5GcOPAA0mCAL1w9i3HJ8bz57kb2FttxudqJDA9l/hU5LLluNpbg4Q3Mr7p8GpbgIN58byO7CkuICA9hyXWX09jk4O01WwZ07vEp8Tz6wFdZ+d4mdn1ewrb8IkwmI7aEOG764hySE0cP23svIiIiIiIiIiIiIiIiMhgMbrfb7e0izuXl195n87ZCAB66dykZqbaztv3hz5+nqrqeEEsQv3j0nrOO7i0qsfPUcysAmD0zkzu/fN3gFy4iMszyCw72q310mBmDweD5As75mp6vAQNnadfje1/bTn19Pj/3tf1s+tveEuLzn5ESERERERERERER8QuOZpe3S/ArPr0GcFV1vSf8BXh79dlHfG7eVkhVdT3QObXz/27Ycda2Pc/T8zgRERERERERERERERERkZHM50YA/++GHeQXlHCips4TzM6emUlRsZ2qms6fbYlxhAQHEWONoKq6nqISu+f4RQtye00NnJFq87RrbnFiL6sAICY6gow0mydgjrFGMCo6kuysVK6ZO324bldEZNBoBPC5aQSwiIiIiIiIiIiIiG/SCODB5XO/3V61eguOFicAluAgMtJs3LbkKopK7Ly9ejP28kpPiEvJyeNioiPIzkpj8cLZNDuc5BcUU1XTFQ6X9L6GLSGWRQtnk5Fqo9nh7AyXq+upqq6ntKxCAbCIiIiIiIiIiIiIiIiIjEg+NwLYXlbBfz23AkeL87T1eZsdTp76/QrsZRXYEmKZPTOT11euB+DOL1/H7JmZnrY7C4r582vv0+zoPI+9rAJ7eSW2xDge+vbSXusDd68zbAkO4t/uXYotMW74blhEZJBoBPC5aQSwiIiIiIiIiJyv2pZyDtRuxV7/GRWN+6lusdPUWk1rezNufOpX6nIGBgyYjSGEmq1Yg23EhaVji5jC+KhZRAUneLu8AdPz6f/8/Rk+E40AHlw+FwBD7xD43juXMC0rDYBnX15JfkExtoRYHrr3NkIsQWzeVsjLr70PwPNPP+g5x/2P/Y5mh5PblszjmrnTO8Pj517HXl5JdlYa9925BICiEjtPPbdC4a+IjHgKgM9NAbCIiIiIiIiInEtTWw15R//BZxXvUNVcSqo1l+SIbMaEZWC12Agzj8JsDPH8TkR8lxs3re3NNLaeoNph51hjEaX1+ZRUbyEmJJkpcdeTE38zoYHR3i71vPV8Pkvr8r1djnhRcmT2iHyG+6IAeHD55G+3bYlxZKTZyC8oJsQSxNqP80hKiCUmOgKAa+ZO94zgnT0z0xMAV1XXs3l7IbNnZGIJDuoa/ZsFQIgliEULZ/PcyysJsQRRVGLnSHkl1q5z2hJjFf6KiIiIiIiIiIiIXGRqW8r5qPR5tthfYXrCLSwY/wPSrXO8XZYMgAEDQcZQgiyhxFhSev157q/eSP7xt/mPDTPItd3Blcn3+PSIyp7Pp0b3CkBpXT6ldfm8s/+JEfEMi3f4ZAAMYC/vXOf3uZdX0uzoXBO4O/Q9UV13sl3XesAhliB++PPnAVi1erOnrb28goxUW6+2+QXFbN5W2OucVTX1Q3o/IiIiIiIiIiIiIuJb1h58hg8O/JorU77Fo1d8Qrg51tslyRBLt84h3TqH61IfYmPpyzy56QquHf8A88d919ulnab7+VTwK2fixs1m+1/YYn/FZ59h8Z4AbxdwNlXVnYFss8PJhNQkYqIjPEFwUYnd0+5Ezcl2ANlZaZ7Rv3Ay9O15XLPDSUx0BBNSkzztuq8nIiIiIiIiIiIiIv6trKGAZ7ffzLGmffzb7HV8Ie3/KPy9yISbY/lC2v/h32av41jTPp7dfjNlDQXeLgs4+XyuOfArhb/SJzdu1hz4lU89w+J9PjsC2JYQi8USxOKFsz0jeDdvK+S1tz7ElnByquZRXVM4z56ZyeIFs4mxRlBVXc+qNZvZvK2QGGtkj3PGYS+rZPHCXK6ZOx3oDIVXrd6MoysIFhERERERERERERH/lXfsTVYUPsRNE3/GrMTbvV2OeFmMJYWvZj3D1rLlPPPpEpZmPkXOmJu8Vk/386ngV/qrtC7fJ55h8Q0Gt9utXkRExA/kFxzsV/voMDMGg8HzBZzzNT1f07mWyhnb9fje17ZTX5/Pz31tP5v+treE+OxnpERERERERETkAn1c+iKb7H/m9qzfkBKZ4+1yxMccrstjecH9XG77Olckf2PYr/9x6Yv8c//Ph/264n9uSH/UK8/wQDiaXd4uwa/47BTQIiIiIiIiIiIiIiKD5ePSF9lWvoJ7cv5b4a+cUUpkDvfk/DfbylfwcemLw3pthb8ymP65/+fD/gyLb1EALCIiIiIiIiIiIiJ+Le/Ym2yy/5l/mfonYiwp3i5HfFiMJYV/mfonNtn/TN6xN4flmnnH3lT4K4Pun/t/PmzPsPgeBcAiIiIiIiIiIiIi4rfKGgpYUfgQt2f9RuGvnJcYSwq3Z/2GFYUPUdZQMKTX6n4+RYbCcDzD4psUAIuIiIiIiIiIiIiI33qr6EfcNPFnmvZZ+iUlMoebJv6Mt4p+NKTXeavoR7hxD+k15OLlxj3kz7D4JgXAIiIiIiIiIiIiIuKX1h58hqjgRGYl3u7tUmQEmpV4O1HBiaw9+MyQnH/twWcorcsfknOLdCutyx+yZ1h8lwJgEREREREREREREfE7tS3lfHDg11yXqul15cJdl/oQHxz4NbUt5YN63u7nU2Q4DMUzLL5NAbCIiIiIiIiIiIiI+J2PSp/nypRvad1fGZAYSwpXpnyLj0qfH9TzflT6vKZ+lmHjxj3oz7D4NpO3CxARERERERERERERGUxNbTVssb/Co1d84u1SBqSi8C6ePrb+LHuDMBnnMXHMd7hxQibhGu41ZOYk38nPP76Ma8Z9j9DA6AGfr/v5HPEilnF7+t1kRNiwdD9/bicOZyElx1awtmQFI2fM6ZM8OH8pcdRTsj+bP5V6u57Bt8X+yqA9w+L79FeCiIiIiIiIiIiIiPiVvKP/YHrCLYSbY71dyuAwpBFuyuz9ZYzA1b6agrJF/GzzCio6vF2k/wo3xzI94Rbyjv5jUM6Xd/QfI370rzXlrzw246dkR3WGv652Z+cXQViCc8ga+yT3zXmJqyO8Xal0c+MetGdYfJ9GAIuIiIiIiIiIiIiIX/ms4h0WjP+Bt8sYPBFP8tiMnNO3N27h1e1fpcD5Q5bvu477J/pO2tY9ejluzFYezBz5QXz26EWsOfBLrkj+xoDP9VnFO4NQkRdZHmHZ+FzCDeCoe4G3Cp8g39G900b2+EeYb1tIXFAqo5VC+ZTPKt4ZlGdYfJ9GAIuIiIiIiIiIiIiI36htKaequZR06xxvlzL0wnK5PWkZAOXVW2jwcjn+LN06h6rmUmpbBjapcW1LOaV1+YNUlZekzCMhAGjPY8P2nuEvgJ38A9/m6U8fYMuRVayu9lKNckaldfkDfoZlZFAALCIiIiIiIiIiIiJ+40DtVlKtud4uY9iYrJnEAbTX4eirsQxIqjWXA7VbB3SOgR7vC+aGxHW+aClm3dkaOVbxVtHTKP/1Pf7wDErfNPheRERERERERERERPyGvf4zkiOyvV3G8OkA1xl3OCnf/wJ/L3uF8vZKIBZr6D0svORusiNPaeooZkPh02xoWE9DhxMMacSFLGV+xt1kR5/StHI97+x7mp0thbgIwhS4kJm2R7lxXOc0z91TP3erODaLh491vs5KPcCysYN0316QHJGNvf4zcsbcdMHnsNd/NogVeUeBs47riYCQXG4fBctPnP+x1qSf8uWUJSQGRWAyAB31VNSs4J38J9jbs2HEUhaOXcbM6DTCTUGd2zrqqa5bweo9vUcd33LZAWaGQsXRK1nb9iQLE3KwmoJwVP+Yn+x8FYAE26+5NWUeceau67qdOJq3sO3gj3nnuL13kYbFXJ/zIDOjbFgMgLue6trTrztSDfQZlpFBI4BFRERERERERERExG9UNO5nTFiGt8sYNg0nPuwcZWlJI86z1UnB9kX8pvRpytsh3JRJuBGqm55g+fa7WNczsHPmsXzrAt6pW00DaZ1tAyqoaHqC5XmLeOfYyaaOQ0/wn5/dxbaWYjBmEm5Kg7ZVbDkwl98UdoZoJlNc1zm6QruAzM6fu2oYycaEZVDRuH9A5xjo8b6g+ujOzmfOYCN7Sj4PTnmQmdG2Po+zpvyV72UsIyU4ApPbiavdicsQQVzM3Sy77EkmelrezTenPcnVsZmEm4I627U7ISACa/Td3DrlSVLPcH5LxIvcmpyLtTsw7jJx0hrum7CYhKAITHRdlyAsofOYm/kit/T6QEQQCSn/ydxoG4EdTlwdgKHrupkPYr2A98vX+MMzKH3TCGARERERERERERER8RvVLXaslr7DqBHP5aS89He8WrYaSGPmmBzProZ9D/NqXTEEPcn9ly0loSsJcBx9gec+f4LVB7Ywd1QuJqDh8CvktwNhL/HYzHmEdw0bc1Vt4e9780jtTpXrV/NyyQs4mMfVU15iYWzXdkcxb21fwJZjL5Cf9lOyM57ksYyTI4Hj4l7iwcxY/IHVYqO6xd53w3MY6PE+ofoBVtpT+bItE4shgrjY+7gl9j5u6ainuj6PohPPs+Hwlt7TP1seYdn4XCw4qTj2MC8Xrur64MIyluX8lKzQJVw97ofsPQjwAnurrsLhWMnakhV4Vqwd9XsenroQa1gus61Qcsr80uGhaTgaV7G25HnWnSj0HLMkPg0T4Kh5mj/lPdt1vkxmTvgpV0cWsq6u51mCsBiLyS/4BsuP2wEb2VP+m9tjbZgi5pHL07wzyG/ncPOLZ1D6pABYRERERERERERERPxGU2s1YeZR3i5jcNXdwsNrz7YzjVTbi9yS1P1zJduOrwIymZt+MvwFsMTfzfwjT7C8/n12OnOZGQRtrnoAwi1JnvAXwBSTy+2Xn1xLucL+OoeB8NhHToa/AJY0bky6my0HXmCn/RGy03qPvvQnYeZRNLUObFXbgR7vK/buW8RvK+9m4fhlZER2TZUcEIE1ah65UfPIHVtMfsk3WH6kM2y0jptHQgDQsp63usNfAMervHrkOn6SlktizINw8GkANhR89fSLnthBjWshVpMNawyctsCwczWvbX2g11TSc5NzO0fttq7nHU/4C1DItn23sO0M91Ze1h3+AtjJ37+ThbE2rAYbiclAab/eKp/jL8+gnJsCYBERERERERERERHxG63tzZiNId4uY3AZ0gg3ngxWHa5CXEB42K9ZlrmYlLAebTuKKWsFsLNt7yJ27u19Kld7576GJiAIrGNuJOHoesorv89z+fdw9ZhcUkbFYjklPShv7lzX11H9fX720Sn1uTvDsmpnPeAfo33PxGwMobW9eUDnGOjxvqS65gWW73gBgIRRy5g8+jqyonOICwoCUxrZ6S/S1ryAN6ohK7hrKHnQPO6at6f3iQxBnWGVqeezk8nM1GVkReVgDYwkPDiCQMDUNY24KfD0ehzNO3qvI4yNxOCIzn1Nm88Y9p6uHsepI2QdLWdZZ3tk8qdnUM5OAbCIiIiIiIiIiIiIiC+LeJLHZpyc4hmXndWfLGBd48O8dXga92f2mPK61k4FAPU4XIVnOeEWjjcCVsC6mG9OauG1fU+wt+oBXq4CCMIUtIyFqQ8yNz4IqKS6pevS7YU0nOWsFS12/DkAlrMrP/Eq5SdeZTWQYPs9y9IXYg1IY6JtMVSvIs7cGcRiCPKEuKcx28gFtnA3y+Y8SFbQQEeTLyT8DEGxyMVAAbCIiIiIiIiIiIiI+I3uUZpBxlBvlzJ0TDYWTvopBTt/SPmxH7Mu/iWutnbtC43DClSwjFvm/JSZ55GhWeKXcmf8UlwtlZQdL6Sk8hXW1r3AO5/n0WB8g+vjIgg3A60wMWUPd/rxNM/nMhijy83GEJztTYNUkW8qt3+bksQDWEPBZOwc+dvgcgJBuOqe5dHtT5/7BOlLusLfesrLnuejE+vJP1EI3M03r3yE1PNOtgpxuFASdgq/myFBziig7yYiIiIiIiIiIiIiIiNDqNlKY+sJb5cx9KxLWBhpA9azev96HN3bg1KJCwRYz+GK/p3SFBxLSso8rp7xEj9MXAjksbeyEggiMaRzBPLh+uJ+nbOhtZ9F+LDG1hOEmq19NzyHgR7vEyx3s3Bc5jka5GLpGuXrau/88y9u6fxusmQys6/zB3Z9wMCxnlf3PtsV/gJEYjL0p9AtlLU4O0sOnd33dS8SfvEMSp8UAIuIiIiIiIiIiIiI37AG26h22PtuOOIFkTXhQRIAGn/HuuPd223MHbMYsLOt5Mdsq+l9VMORFby6++TU0K6SZ/nT7jwqWnu3q2g5AuAJ3BJS7iEFcNR8n5f3V/ZaE9VVX8i6ba+yt+PktrjQNAAcdevZ6ycLqFY77FiDbX03PIeBHu8LZk64h6vHv8HD059kbvQp92PJZe6UJ5kYDGDncNkqAEpKVlPeAZjncf2MR8i2nDzEGn03t89aw53xXRvaOkNbgqexcHT3+TO5OmcZKWebPvos1pVv6Zyy3DyP63Pu6/zvBQAb2el/5eHpP+Vii0P94RmUvmngu4iIiIiIiIiIiIj4jbiwdI41FpFunePtUoZexGJusP6OP1XnsaFkNXNHLyQcCE97kBurP+etpld5I28FbxnTsBiAjmIaOpwQ8CAlZJKKk4Lq31FS/zRPVwRhOrUdi7k0qWtN34iF3GJbynP2FewtncWjRzIJDwDcFTS0VwKxzCxfxsSkrtqSlzDz0Atsa3+alz/+kJSwXKIjlnB7RpoX3qjBcayxiLiw9AGdIy4sneKazYNUkXc0OCpwuGOxRi3l+pylXN/hxOXu2hkQ1PWhAScVR3/Mq92D8R1PsLosly/bMrFE3s3tucu4tesDAyZj54jfhrilcHQF7H+VvWOeZKLZRnbWR2Rd4uw8r7uYipYI4oL7UezRH7Mh7g0WjorFEv0g91/9HVwdPep0x3J1JLxRNxjvzMgw0GdYRgaNABYRERERERERERERv2GLmEJpfb63yxg2qakPkgKdAVv3wOcAG7mXreHhcY+QYrZBeyENrkIchhxSYv7Kg5ffRyoAQWRP38r9yb3bNbhtxIX/lDtn/JrciJPXipvwJI/l/JXc0Fws7q62HZHEhT7C7dkbuCWpR2EBmdwy420WhudicedxuP5Zyl2Rw/SuDI3S+nxsEVMGdI6BHu8L9u5bxE+2/5B1lXlUtzlxGYIwGbu+3PU0NK5nQ8ECnv58/WnH/bbgBfY21ePi5DGutmL22n/IS7tWdLVcwcvbf0x+Yz0ud2dAbHIVk7//Gxxu72+1djbsuoW/H1xNRZsTumulq87Cb1xU4S/4xzMofTO43W53381Ghn0lRygqsWNLiGVCqo0Qy8W5EL2IXJzyCw72q310mBmDweD5As75mp6vAQNnadfje1/bTn19Pj/3tf1s+tveEqJJMkRERERERERGotqWcn776WJ+NHe7t0sRP/P4hhl879JVRAUn9N34LGpbyvnFpotgdLr4gKNsygAAIABJREFUrH+/fOOAnuGh4mj2k7nifYRf/HbbXlbBs39eSVV1vWdbjDWC+76+BFtinBcrExEREREREREREZHhFBWcQExIMvurN14c00DLsNhfvZGYkOQBB2dRwQkkR2ZTWnfxjFIX35Ecme2T4a8MvhE/BbS9rIKnfr+iV/gLUFVdz1O/X4G9rMJLlYmIiIiIiIiIiIiIN0yJu5784297uwzxI/nH32ZK3PWDcq7BOo9If+nZu3iM6AC4O/xtdjgBsCXE8tC9S8nO6lxEvtnhVAgsIiIiIiIiIiIicpHJib+ZHeVv0NBa6e1SxA80tFayo/wNcuJvHpTz5cTf7FleTWS4GDAM2jMsvm/EBsBnDn9vIyPVxn13LlEILCIiIiIiIiIiInKRCg2MJtd2BxtLX/Z2KeIHNpa+TK7tDkIDowflfN3Pp8hwGsxnWHzfiAyAzxb+hliCPG3uu3MJs2dmAgqBRURERERERERERC42Vybfw0eH/0iV47C3S5ERrMpxmI8O/5Erk+8Z1PNemXyPRgHLsDFgGPRnWHzbiAuAzyf87Xbnl69TCCwiIiIiIiIiIiJyEYoKTuDa8Q/wfslT3i5FRrD3S57i2vEPEBWcMKjn7X4+RYbDUDzD4ttGVADcn/C3m0JgERERERERERERkYvT/HHfpbaljK1ly71dioxAW8uWU9tSxvxx3x2S888f912SI7OH5Nwi3ZIjs4fsGRbfNWIC4AsJf7vdtuQqhcAiIiIiIiIiIiIiF6EbMx7nzb2Pcbguz9ulyAhyuC6PN/c+xo0Zjw/pdW7MeFxTQcuQMWAY8mdYfJPB7Xa7vV1EXwYS/vb0+NOvYC+vBCDEEsRD316KLTFu0Os9F0dLK7994R8UHyw7bZ/JZCQuJopZ0y/hqsuzsQT37/4uRG1dI794pvPTb//+3duJigw7Z/uDpUf51R//h8T4UXzv7puxBJuHvMbB9vaaLaxavZmZ2Rl8c9kN3i5HZNDkFxzsV/voMDMGg8HzBZzzNT1fg+cfpqe16/G9r22nvj6fn/vafjb9bW8JMfWrvYiIiIiIiIj4rrxjb7Km5Jfck/PfxFhSvF2O+Lgqx2Gez/saC1J/QM6Ym4b8ennH3uT1wgeH/Dpy8bkt8+lheYYHg6PZ5e0S/IrPjwAerPAX4KF7b8OWEAv4xkjgjFQbuTMmeb7GJ8dzoqaeN9/dyKO/eInCokNeq01ERERERERERETEX+SMuYnLbV/nL7u+SZXjsLfLER9W5TjMX3Z9k8ttXx+24CxnzE3ckP7osFxLLh43pD86YsJfGXw+PbxpMMNf6Br1e+9tPPXc69jLKz0hsDdGAgNcPWcaOVPSe21rbW1j9frtvLt2Ky/89V2+c9eNpI7VwtwiIiIiIiIiIiIiA3FF8jcAeD7va9ye9RtSInO8XJH4msN1eSwvuJ/LbV/3PC/Dpft6/9z/82G9rvinG9IfHfZnWHyLz44AHuzwt1t3COxLI4F7MpsDueHaXK6/5jKamlt4458bcLS0erssERERERERERERkRHviuRvsCD1B/x++61sLVvu7XLEh2wtW87vt9/KgtQfeC04uyL5G9yW+bTWBJYLZsDAbZlPK/wV3xwBfGr4GxMdMSjhb7fuEPjxp1+hqqbe6yOBT2UwwBWzJvPJjs+xl1VwpLyC9PFJQOcI4W35RXy4KZ+yYydwudoxmwOZMXUCty66krBQi+c8rvZ21n28k3Ubd1Jd24DBAKNjo/ni/Mu4dNpEAgJ6/yXS0OTgzfc2sn3XPlpb24iKDOPm66/gspxJnGnpzOqaela+v4ndew/S3t7BmLhobltyFZMmjO3VvqPDzac79/Lu2k84XlmD2w3WqHCumjONq2ZPxWwO9LTtz/396dV/si2/iHu+dj21dY18sGEHTmcr99/zJVLHJlBVU8/K9zaxY/d+2tpcxMZEceuiuYP0pyQiIiIiIiIiIiIjUc6Ymxgdms5bRT+iuGYz16U+pHWBL2JVjsO8X/IUtS1lfPfSlSSGZ3m1np7PZ2ldvldrkZElOTKbGzMe9/ozLL7B+JOf/OQn3i6ip1PDXwBbYizzZk8d1OsEBprYWVBMVU09AG2udrblF5GVMZbIiNBBvVZPLlc7W/P2UF3bwMzsDOJHx5y5PpOJvcWllB07gS0xjvEp8QC8/cEn/H3VR+CGiWk2UpJG43C0UFRs50h5JTmT0zEajbjdsPzNdby7diuBgUamXDKeuJgojlZUszVvDwEBBjJSbbQ4W9n4aQEOh5PPPi+huqaeSRNSsAQHcayims8+P0D8aCsJXXXW1jXyyY49dHR08MmOz2lqdjJpQgrBwWaOlFeyNW8PgSYjaeMSO++3vZ1X3/iAVas343K1k5UxjqSEWCqqatm5u5iDpUeZmplGYKCpX/cHsOOzfZQfq6L0SAXbdxUREGDAEhzEpIwUDIYAfvXHNygqsWONCidr4jjMgUbWbdxJTW0DDU0OEseMYvrUCUP2Zy0y3I5V1ParvcVsxGAweL6Ac76m52vwfBLxtHY9vve17dTX5/NzX9vPpr/tAwN9dpIMERERERERERmgiKA4Lk24jcqmEl797Nu0dTgZEzaBIOPQ/W5YfEtDayXrDj7L3wq+x9TR13Nb5i+JCPL+ADE4+XwGGAI4ULPV2+WIjzNgYMH47/vUM3whXG0d3i7Br/jcCOBTw9/h1D0S+Dc/+45Xrt+T0RiAuSsU7fl+zJ01mUunTSQ+LsYzyra1tY1nXnyLfQeOcKD0GBPTbNQ3NFG49xDW6Aj+z723EWONADpH427fVURS1xTY3RwtTrKzUrlj6QJMXQHy22s28/aaLWzbWUTO5Am9RvWeqK7j+mtmsXjh5Z6RxJ/u3MvLr73Puo355EyZQNyoKPbsK2Vr3h5iYyJ54Ju3EBsT6bmnZ196i73FdrZsL2T+FTn9ur+eWpytfPcbNzH5kvEYDOB2w6t/X0PFiVpyZ0zy3BNAyaFyfvfSW4PwJyQiIiIiIiIiIiIj3fxx32V6/Jf4qPR5fv7xZUxPuIXs0YtIt87xdmkyRPZXbyT/+NvsKH+DXNsd/PDyj4kKTvB2WWfU8/ncYn8FN25vlyQ+xICBXNsdXJl8j88+w+I9PhcA91zzF8BeXjnk1+x5LW+Fz+fLGh1x2jazOZDwMAttbS6am1sACAgwYDIZaWxy0Njs8ATAAQEGLp028bRzhIdZWDhvpicoNRhgQqqNwMBt1DU00eJsxRJs9rSPiY5gbu7UXtNIT8tKY9P4JD7fd5h9B44QNyqKT3fuweVq58rcqZ7wFzqn4V4wbwYlh8vJ+2w/cy6dTFBQ4HnfX09Xz5nGlEnjPT/XNzSxZ38pYaEWrp073XNPAONTEpiWlcbHW3ef/U0WERERERERERGRi0ZUcAJLJvyYa8Z9j7yj/2DNgV+yvOABUq25JEdkMyYsA6vFRph5FGZjiNZnHQHcuGltb6ax9QTVDjvHGosorc+npHoLMSHJTIm7nv87dzuhgdHeLrVPpz6fn1W8o6mhL3LJkdlMibuenPibR8QzLN7hcwHwQ/cuxV5WweyZWTz78vCM1LRYgrjvzhvZvK3AJ9YABmhv76C1zQXQa+3jFmcrH27KZ+uOPdTUNZw1sA4PC+H/s3fvYVHed/7/XzczDAwKCggqOKCCZ03USC0kmpikMW3qoW2iSXd7sN3sNzXtr7tteu23m7263X433XbX7Wk39pBu3U3bK9F206hNG83BRA3E4AETiGLA0wgqh+HMMDPMzO+PkZGRMwIzwPNxXXNxHz73Z943znXJdb/m8/ncmXuL/velQ3rqR7+9Ng3yTC1bMkfzsm0hoagkRUdHa0JcbMixGIu5S7sOiZPjZY0NXZM5OtqsKUmBkLeuvkkul0eOuiZJCh7vLCE+TpboaNXUNcrZ5lJMTHS/76+z9GlTQvYd9Y1qaW2T1Rqj+IlxIecMI1A7AAAAAAAAAHQ2ITpRqzK+qFUZX1R9W6XO1h+RvfFdna45IEebXS1uh9zeVkZhjgKGDFlMcZpgSVJSrE2pE+dowZS79UD2N0ftSMmePp9VzR/w+RyDuvsM2xJu0ezJK0ftZxgjK+IC4HlZNs3LsvXdUFKto1Hf+cGzfYaET2zd1GefcdYY3bv6tn7XOdyaW5y6UuVQjCVaGddCabfbo5/9z16VlJ6X2WxS+rQpSpsWWJv3zNlLqnU0hvRx7+rbtGzxHB05cUolp8+r4NgpvVnwrpImx+tLn9+gmbapw3oPPr9fPn///7MZ6P31JCoqasBrfQIAAAAAAABAh8mxaVo+7RNaPu0T4S4F6ILPJ4C+RFwAPBA1dQ39GiFaWmbvd6gcCfx+6dCR91RVU695WTZlzggEtfWNzbp0uVoJ8XH6xtbNmpaaFGz/82f3dhuQJicl6GP3rNTH7lkpn8+v/MJi/eZ/X9WfXzuiv/7MxwddY119k5xtrpBpod1uj6pq6iVJ01ISZY21aEpSgsrOVajG0dClj8amVrk9HtnSUmSNjRnU/XVncsJExVlj1NLaprqGJk2eNDF4zu8P1A4AAAAAAAAAAACMRVHhLmCo5OUs0rr7coOvvJxF4S5pUNxuj/74SoFeevVtTYiL1caP3i6LJVqSFGOxKNrcNbM/e6FSpeX2kGOtTpfePnZKbS538FhUlKHpU5NliTarucWp9nbvoOusrWvUwYKT8vmuj/AtKilX2fkKJU6KV6ZtmiTpQ8sWyGw26c2Ck6quvR4Ctzpd2v/GUfl8fi2/ZY5iYqIHdH+9SYifoEXzZ8rZ5tIrB4/L7faE9HWiuGwwtwwAAAAAAAAAAABEvFE9ArizvJxFIaN8S8vtyi8s6fUaW1qqzpRfki0tPOv+vn74hIpKroeRtY5Gnb90VW63R/ET4/TFT39UWTOvz+XeEWy+mX9S3/uP57RwbqacbS6du3hFJlNoln/efkX/s2uf/meXglMpt7W5dbrsotpcnmDo6mzrewR1dyYnTNThd4pVWHRGszKmqbauUWcvVCoqKkoPrlut1CmTJUkL5mZo5fIFyi8s0f/7wbOan50hs9mk0nK7GptatWBOhnJXLBrw/fXGMKS1d+Xo1JkLKjxxWqVlFzUvyyZnm0vl5yuVOClezS3OQd03AAAAAAAAAAAAEMnGTAA8GA9vXKOHN64J2/vfOKrVbDYpNXmyVt62QGtuXyprbEzIecOQNq27U4kJE/XqoeMqLCpVSvIkfX7zWh05cVpHi0qDbRfMydTXH3tIf3zlbX1wrkIXLl1VVJShqSmJ+vhHcpWzdP5N1T4leZIe+cTd+sOfDunYu2fk8/mUkT5Vn3xgleZnZ1y/J5NJn33oPs3PztCfXntbJ98vl98vJU2O14Pr7tSavFuDI5wHcn99SUmepG88vlkv/PGQjr33QbCvv3zwI7paXac9+/Jv6v4BAAAAAAAAAACASGT4/X5/383C49+279SZ8kuamzVD39i6ucv50nK7tm3fJUl6YuumLiOAO86tuy9X69fmjUzRABAmRcXnBtQ+caJFhmEEX5J63VbnbUmGemjX6Wdfx27c7s9+X8d7MtD21rhx/R0pAAAAAAAAABgxztb2cJcwpoyZNYABAAAAAAAAAAAAYLwb9wFwraMx3CUAAAAAAAAAAAAAwJAY1/NbPv/iAb126LjychZpy8P3h7scAAAAAAAAAAAAALgpo2IEcG3d8IzSPXP2kiSpxtEwLP0DAAAAAAAAAAAAwEgaHQGwo1Gl5fYh7bO03C57RZUkKc4aO6R9AwBGP78/3BUAAAAAAAAAwNjHs9ihF9FTQN+es1hnygOjdLfv2K3NG9ZoStKk4PlLldX96qe2rjHYjyTZK6u0Z19+cH/Z4uwhqhgAMFb4/X4ZhhHuMgAAAAAAAABgTPOTAA+5iA6A83IW6a3CYp0pv6RWp0s7nn95UP3kF5Yov7Ck23Nzs2YoL2fRzZQJABiD+JsDAAAAAAAAAIYfz2KHXsRPAf34lo26Z9XyAV8XFxvTZ5t7Vi3X41s2DqYsAMAY5/fxVwcAAAAAAAAADDeexQ49wz9KxlXXOhp1sbIquG5vZ1OSJnU7ire03K7Ssq5rB9vSU5WRlqrkpIRhqRUAwqGo+NyA2idOtMgwjOBLUq/b6rwtyVAP7Tr97OvYjdv92e/reE8G2t5kMmSJMQ3oGgAAAAAAAADAwLhdXnm9oyKuHDVGTQAMAOgdAXDvBt5eirVG9EoJAAAAAAAAADDqtTnbmQZ6iEX8FNAAAISD3y/5mHoEAAAAAAAAAIaNz+cn/B0GBMAAAPSAaUcAAAAAAAAAYPjwDHZ4EAADANADb7sv3CUAAAAAAAAAwJjFM9jhQQAMAEAP/H6+gQYAAAAAAAAAw8HrZfrn4UIADABAL9r5BhoAAAAAAAAADDmevQ4fAmAAAHrh8/oZBQwAAAAAAAAAQ8jr9cvHc9dhQwAMAEAf2j18Ew0AAAAAAAAAhgrPXIcXATAAAH3w+fxMRwIAAAAAAAAAQ6C93Sefj9G/w4kAGACAfvC4ffL7+aMEAAAAAAAAAAbL7/fL42awzXAjAAYAoJ/4wwQAAAAAAAAABo9nrCODABgAgH7yev3ysDYFAAAAAAAAAAyYx+OT18ssiyOBABgAgAFo9/hYDxgAAAAAAAAABqC93ad2BteMGAJgAAAGyOMmBAYAAAAAAACA/mhv9zH18wgjAAYAYBAIgQEAAAAAAACgd4S/4UEADADAIHncPtYEBgAAAAAAAIBueDyEv+FiDncBAACMZu0en/w+v6ItUTIMI9zlAAAAAAAAAEBY+f1+edw+eb3+cJcybhEAAwBwk7xev7xOr6ItUTKbmVwDAAAAAAAAwPjElM+RgQAYAIAh4nH75G33yxwdJZOJ0cAAAAAAAAAAxgev1692j08+H6N+IwEBMAAAQ8jn88vt8irKZMhsJggGAAAAAAAAMHZ5vX61t/vkY7rniEIADADAMPB5/XJ7vTIMyXQtCI6KIgwGAAAAAAAAMLr5fP7AsnjtPvnJfSMSATAAAMPI75faPT61eyTDkKKiAkGwEWXIMCTDCPwEAAAAAAAAgEji90t+vz/w0+eX79qL0DfyEQADADBC/P7AlChepkMBAAAAAAAAAAyTqHAXAAAAAAAAAAAAAAAYGqNiBHCr06Wduw+oqLhMrU7XkPadl7NImzesUZw1Zkj7BQAAAAAAAAAAAICRFvEBcK2jUd/5wbNDHvx2yC8skb2yWt/62meGpX8AAAAAAAAAAAAAGCkRHwA//d+7g+GvNTZGtvQUSZItLXXQo3ZLy+2SJHtFtZxtLtkrqpRfWKK8nEVDUzQAAAAAAAAAAAAAhEFEB8D2iirZK6okSba0FD2xdfOQTtV8orhM23fsliTVOBqGrF8AAAAAAAAAAAAACIeocBfQmxPFZcHtdWvzhnydXtb9BQAAAAAAAAAAADCWRHQA3BlhLQAAAAAAAAAAAAD0LmID4BPFZTpTfim4n19YEpwOGgAAAAAAAAAAAADQVUSuAVzraAyuzdshv7BE9spqfetrn+nxuvzCEhUVl6nV6ZItPVX3rlqu5KSE4S4XAAAAAAAAAAAAACJCRAbAVmuMrLExcra5Qo/HWrpt3+p0adtPd4WMEC4ttyu/sFhPfGmTbOmpw1ovAAAAAAAAAAAAAESCiAyA46wx+t4/PKqduw8ov7BEkrR5w126d/Vt3bbfsy+/2+mhO4Lhf3ny0YhZQ9jZ5tZPfvmCys5VdDlnNpuUmjxZK29boDW3L5U1NrRmj6dd+984qqs1dVq+ZI6WLs4eqbIBAAAAAAAAAAAAjAIRGQBLgRA4OfH69M29jeJ97dBxSZI1Nkbf2BoY8bvj+ZeVX1iiVqdLRcVlystZNOw1D9S8LJuSEuOD+7WORp2/dFV/+NNhvXrwuL746Y9q0byZwfPtXp+KS8+r7FyFUpInhy0A3ru/QHv25Stn6Tz99Wc+HpYaAAAAAAAAAAAAAHQVsQHwYCxbkh0MivNyFgVHD9c4GsJZVo/uvmOZlt8yJ+SY2+3RvjeO6k+vHdEvf/snffkLG5U1M01SYArsv/vyw+EoFQAAAAAAAAAAAMAoEBXuAnqyc/cbyj9aErJ/oris12tKy+1qdQbWDe4IfyVpStKk4SlyGFgs0fr4R3L1wL0fVktrm37/x4NytrnDXRYAAAAAAAAAAACAUSAiRwDbK6r06sFjXY7tfPGAlnUz7XHHaN9aR6O++g//GXLOGhsz6tbKNQxp1colevvY+7JXVOlSZZXmzJ4hSfrFr/+owqJSfelz64OjhzuOPfqXD6i+oVmvHDwml8utrz76KWXNTJOzzaXdL+fryPFTam5xymKJ1m1L5uiTH1+lyQkTQ977xrZms0m2tFR94mN3qLW1TT97dm+wbWFRqQqLSiUppJ7aukbt/vNbOvl+uVqdLlks0ZozK10PrlutGdNTgtefu3hZP/z5/yp9+hRtWn+nXvzzWzpz9pJuXZilO/Nu1dO/elGTJ03UN7Zu1qSECSF1fnD2kn78zAuaPjVJf/t/HoqYNZ4BAAAAAAAAAACAcIrIEcC29FTNzZrR5Xh36/i2Ol1yXhv12x3DkOyVVUNa30iYOMGqaalJcrk9uljRv/r/8KfD+t3eN+V2e2SNjZGzzaVWp0v/+V8v6vXDJxRnjdXK5QuUkZ6qIydOadv2XXLUNQavr65t0D//8Dd67dBxmc0m5SydpyXzZ+lKVa1++t+71eZyK3fFwuA028lJCcpdsVC5KxYq6dp6zWcvXNZTP/qt3j5+SomT45W7YqEy0lN16oML+pefPKfCE6e71H212qEf/vz3Ol12URPjrPL5/ZoxbYpmZUxXVU29SkrPh7T3+6WCo+/L7WnXmtuXEf4CAAAAAAAAAAAA10TkCGBJ+sbWzdqzL1979xdIkp7Yuknzsmxd2m376S7ZbwhIkxMTVHst2Gx1urRt+64er49UJlOULNGBf57WXgLuztpcbn3li5/QkgWzZRiBoPS3L7yqM2cv6YF7V2r92tsVFWVIkt45cVo7nn9ZB/JP6lMPrFK716tde95QVU29clcs1Gc33SezySQpsC5x2flKzc2aods/tFh79xfIXlGl2RnT9YVHPhp8f7fboz378tXc4tT6tXl64N4Pywi8XfD99r5SoLnZNk2Kvz6it6nZqdtumavPbb5P1tjrYW7uioUqLbfrZEm5Vi5fIJMp8H2F6tp6FZ8+r9Qpk7Vo3szB/5IBAAAAAAAAAACAMSZiA+D+2LMvPxj+WmNj9PgXNgRD3lpHo57ffUBF19YN3vH8y/rek4+GrdaRcPcdy3TLwtnB/eaWVpWW2TUpYYLychYFw19JWrJgljLSU3X2fKVcLo9qHA0qP1+hSQkT9PGPfDgY/kqBdYkXzs3s8/0vVzl07uIVpU6ZrFUrlwTDX0lauihL2TPTVVpu17kLl0Om5U5OTNCmDXeFhL+StGjeTKVOmawzZy+p8kpNcOTxe6fOqq6hSfff/aEuU0MDAAAAAAAAAAAA49moDoBfO3Q8uP2NrZuCAaEUmJ748S0b9PSO3SoqLlOto1H5hSXdTiMdibxen9yedknq9xTH6dOmhOw76pvU2NSqVmebnvyXX3V7zZSkSWpzuVVdW6/mljZlzUxT/MTBhap19U1ytrmUNi1ZFkt0yDmLJVrxE63y+/2yV1aHBMCJk+O7hL+SNClhgpYtmaOXX39H7xSVypaeKrfbo6Lick2cYNWHls4bVJ0AAAAAAAAAAADAWBWxAfC27btUWm4P2V93X67Wr82TJJWW24NTIycnJaiopFxFJeVd+ukcnpaW20dNANzc4tSVKodiLNHK6BRsD4TP55Pf71eMJVqL58+SxdL1n3tCnFXR0Sb5fH75/f6bqnko+rjRh5bO0+Ej76mouEz33XmbrlQ5dO7iZS2aN1NpNwTeAAAAAAAAAAAAwHgXkQGwvaIqJPzt8OrB48EAuLNaR6P27Mvvs98aR8OQ1Dfc/H7p0JH3VFVTr3lZNmXOmDqofpImJ2hCXKxcbrfW3Zer9Ok9B6bJSQmKs8aqurZeTc0tssZaemzbsRZvT300NbfK7faE9OF2e9TU7JRhGLKlpfT7HtKmTdHc2TN08v1ynb1wWSdLytXu9SovZ1GPdQAAAAAAAAAAAADjVUQmaLb0VN2zarmSExOuH0tL0cMb1wT3pyRO6nba4N4s6zTtcKDPwY2sHU5ut0d/fKVAL736tibExWrjR2/vMp1yfyXET9Ci+TPV1OzUvjcK1e71hpyvvFKrqpo6SdL01CTNypimhsYW/fGVt0Paut0enS6zy+v1SZLSpibLMAxdralXc4sz2K6jj6qaeh068p46DwYuKilX2fkKTUtN1KzM6f2+B5MpKjhq+w9/OqyT75fLlpaiObNnDPj3AQAAAAAAAAAAAIx1ETkCWJIe3rhGcdYY7d1fIEnavHGN5mXZgueTkxL0k6e+HHKNvaJKrW2u4L4tLbXX9XP7u7bucHn98AkVlZQF92sdjTp/6arcbo/iJ8bpi5/+qLJmpg26f8OQPnb3h3TuwmUVHH1fJaXnNS/LpqioKJ27eEXVtfXKXbFQn9u0VhZLtNavzdPFiioVHH1fpz64qDmz0tXe7tXpsosyjCh97bEHlTljqmZlTte01ERdvHRV3/3xbzU7M00rbp2rpYuzg33s2ZevoydLlZGequraBp29UCmz2ax1H8nVpPiBrTE8Z/YM2dJSdN5+VZK09q6csP/bAQAAAAAAAAAAAJEoYgPgwbANYq3ce1YtV21do27PWTwMFfXuxmmuzWaTUpMna+VtC7Tm9qUDHuHcnaTEBD2xdZNeO3RCh4+8p6MnzwSOT47X+rV5umfVMkVFGZKk2ZnT9eTf/IV2//ktnXy/XIVFpTKbTbKlpeoTH7tDGemBqagNg7j6AAAgAElEQVQnxU/QVx/9lHa+eEDvnT6nI8dPaWpKopYuzu7SR8XlGlks0VowJ1MPrlutGdP7P/1zhzhrjHKWztd5+1UlTorX0htGcgMAAAAAAAAAAAAIMPz+zhP1Ro5Wp0s7dx9QfmGJpMCI4HtWLe+27bbtu7pdM7izJ7ZuChlBjNFl/xtH9bu9b2rVyiX6zEP3yTDCXREQeYqKzw2ofeJEiwzDCL4k9bqtztuSDPXQrtPPvo7duN2f/b6O92Sg7QEAAAAAAAAAGI0icg3gVqdL33zqmWD4K0nPv3hA27bv6rZ9X+GvJJWW9d0GkanV6VJh0WnFWKKVu2Ih4S8AAAAAAAAAAADQg4icArrW0aBWp6vL8RpHQ7ft71m1XPbKql77DMcUzxgaH5y9JHtltW5dmKXZmYNfExkAws0wpKgoQ1FRhowoQ4GB1QZfbAEAAAAAAAAQcfx+ye/3B376/PJde0Xm3MLoLCIDYFt6qrZu2aBXDx7TmfJLkqS8nEW6t4cpoB/euGbQ73WiuEyOukblrlikOOvNr7mLoeV2e3TgrSJJgc+AyRSRg9YBoEeGIZnMUTKZjOCa6wAAAAAAAAAQ6ToGsEiSTNefbfp8fnm9fnnbfYTBESoiA2BJWrY4W/aKqpAA2JaeOqTvUeto1PYduyUFvsFw7+rbhrR/3DyLJVp/89efCncZADBgUSZD5mvBLwAAAAAAAACMFR2zHEZHR8nr9au93SeflyQ4kkRsAHyj7qaEvlk1ddenlB6O/gEA409UlCFzNMEvAAAAAAAAgLHPZDJkMpkCQbDHJ5+PIDgSRPR8up1H/O7dXzDkIS2hLwBgKEVbohQTayL8BQAAAAAAADCumEyGYmJNirZEdPQ4bkT0COBli7NlS0uRvbJa9ooqffOpZ2RLS9W8bNtN913jaFBRcVlwf0rSpJvuEwAwPplMhqItUdfXwwAAAAAAAACAcahjWTyP2ycv00KHjeH3R/byzPaKKv3b9l1ytg3faF1bWoq+9fXPDlv/ADASiorPDah94kSLDMMIviT1uq3O25IM9dCu08++jt243Z/9vo73ZLjCWXN0lKKj+VYbAAAAAAAAAHTm8fjU7vGFu4xxKeIDYCkwVfPO3Qd04r2yIQ+C83IWafOGNYqzxgxpvwAw0giAezccAXC0JUpmM+EvAAAAAAAAAHSnvd0nj5sQeKSNigAYANA3AuDeDXUATPgLAAAAAAAAAH0jBB55PLkGAGCACH8BAAAAAAAAoH/M5ihFW3ieOpL4bQMAMADmaMJfAAAAAAAAABgIszlK5mieq44UftMAAPSTyWQomj9SAAAAAAAAAGDAoqOjZDIN7VJ96B5PsQEA6CemKQEAAAAAAACAweMZ68jgtwwAQD9EW6JkGHw7DQAAAAAAAAAGyzAMQuARwG8YAIA+REUZrPsLAAAAAAAAAEPAbI5SVBSDbYYTT7MBAOiDmXV/AQAAAAAAAGDI8Mx1ePHbBQCgF1EmQyYT30YDAAAAAAAAgKFiMhmK4rnrsCEABgCgF0z9DAAAAAAAAABDj2evw4ffLAAAPTAMMfoXAAAAAAAAAIaByWTI4PHrsCAABgCgBya+gQYAAAAAAAAAw4ZnsMOD3yoAAD1g9C8AAAAAAAAADB+ewQ4PAmAAALphGFJUFH98AAAAAAAAAMBwiYpiGujhQAAMAEA3CH8BAAAAAAAAYPjxLHboEQADANAN/ugAAAAAAAAAgOHHs9ihRwAMAEA3DP7oAAAAAAAAAIBhx7PYoUcADABjhDGAhRIG0na84lcEAAAAAAAAAMOPZ7FDjwAYAMaIGEv0sLQdrwjJAQAAAAAAAGD48Sx26BEAA8AYET8hbljajlf8zQEAAAAAAAAAw49nsUOPABgAxoikyfGKjbH02S42xqKkyfEjUBEAAAAAAAAAABhpBMAAMIakpSb3GgLHxliUlpo8ghUBAAAAAAAAAICRZA53AQCAoRMdbVZm+lQ56pvU1NIql9sjKbDmb/yEOEb+AgAAAAAAAAAwxhEAA8AYlDQ5nrAXAAAAAAAAAIBxaEwEwKXldu3c/YbsFVXBY8lJCdry8P2al2ULY2UAAAAAAAAAAAAAMHJG/RrAJ4rLtG37rpDwV5JqHY3atn2XThSXhakyAAAAAAAAAAAAABhZoz4A3rn7QHDblpaidfflypaW0u15AAAAAAAAAAAAABjLRsUU0K1Ol147dFylZXZJki09Vevuy1WcNUa1jsbAsbQUfevrn5UkrV+bp+/8+7OyV1YHz7c6Xdq7vyA4Unhetk33rFquOGtMGO4IAAAAAAAAAAAAAIZexAfArU6Xtv00dIrn0nK7Ssvt2rzhruCxpYuzQ65bujhb9spqSVJRcZn2dAp/O/o4UVymJ760iRAYAAAAAAAAAAAAwJgQ0VNAdxf+drBXVGnb9l3B/RtD3M77T+/Y3XMfP92lVqdrCKsGAAAAAAAAAAAAgPCI6BHArx48FgxubWkpenzLRlmtMdq2fWdwdG/HubycxSHX5uUsVn5hSZd2T2zdLEnBPuwVVXr14DGtX5s3AncEAEB4tXgcKncU6GJjka40l8rhtKvZXSO3t1V++cNdHoaQIUMWU5wmWqYoyWrTtInzlJGwVFlJuZoQnRTu8gAAAAAAAAAME8Pv90fs095/275TZ8ovSZK+9+SjSk5KkBQYGZxfWKxWp0tx1hjl5Szudhrn3tq1Ol366j/8pyRpbtYMfeNaMAwAo5WztX1A7auqrsowjOBLUq/b6rytQLjUbbtOP/s6duN2f/b7Ot6Tgba3xkX0d6QG7Gjl71R0da8+cBwOdymIAHOS7tDSqeu0Iu2hcJcCAAAAAAAADPj5Nno3ap5uWzsFvHHWGN27+raQ861Oly5dG+1rjbXIlp7abTsAAMaTNy78TIcv7lCTu7rvxhg3PnAc1geOw3q5fJvuyNiiuzIfC3dJAAAAAAAAAIZIRAfAtrTU4AjgbT/dpSe+tKnbkb7Pv3hArx063uX4ssXZumf1cs3LsoUc71hbuPP7jBRnm1s/+eULqrhco7/9P5/SrIzpvbZvaGzRv23fKU+7V9/8yiOaPGnigN6vurZe+w4USpLWrslRSvLkQdcOABg93r36kl4u36Za54Vwl4II1uSu1p/L/lXvVOzU/VlP6JapD4S7JAAAAAAAAAA3KSrcBfRm/do82dJSJEn2iirlFxZ32y6/sKTb4yeKy7Rt+y7teP5ltTpdndoXh6wtHI71f51tLr38eqG8Xl+v7Q6+/a6uVtcN+n2aW5x650Sp3jlRquYW56D7+cWv/6hHv/7v2ru/YNB9AABGxgunn9Rvi79C+It+q3Ve0G+Lv6IXTj8Z7lIAAAAAAAAA3KSIDoDjrDFa1ymc7RzidvbwxjUh+8mJCcHgWAoExDt3H+i2n80b13Q7qngklJSe1wfnLvV4/kqVQwcL3r2p95iVMV0/eerL+slTX+5ztDEAYHSra6vQ9qMP6kjFc+EuBaPUkYrntP3og6prqwh3KQAAAAAAAAAGKSKngD5RXKaduw+o1tEYcrynoDYvZ5EkacfzL0uSausatX7t/ZIC00M721zKLyyRLS1F966+LaSfbdsDU0EnJyVo84Y1WrY4e8jvpycut0cvv16o2RnTZbFEh5zz+6XDR95TfWPziNUDABi9rrZ8oP85+deM+sVNu9BwXM8c/0t97tZfaOqEOeEuBwAAAAAAAMAAGX6/3x/uIjorLbcHQ9nObGkpemLrZsVZY4Jr/ublLNKWh+8PtskvLAmGwJL0ra99RpL0nR/8WlIg5P3ek48G1gDevlP2yuou77N1y4ZhDYE71gCurq3XtJQklZ2v0Bcf+ahyls0PaWevrNYPf/57pU6ZLLenXS2tbSFrALvdHhUWlerAW0WquFKj9navLJZorbh1rh5ad6cmTrBKkuobmvUv/xEYCdZxfedjX/7CRr168JiOnjwjt9ujyZMm6pMPrNKHly+UYUh79xdoz778LvdhjY0JrmHs90unyy7qhZcO6WLFVfn9UkryZG24P085S+fLMALXnLt4WT/8+f8qffoUPfKJu/WHPx3S6TK7vF6fpqUm6pGNd2vB3Mzge/h8fp0sKdPrh4t09uJlud0emc0mzc+26dOfvCdkPeOOOjumDf/d3oOqrq2XyRSlJfNn6dOfukeTE0LXT3a2ubT75XwdOX5KzS1Omc0m2dJS9YmP3aH52RkyDPX73oBI4GxtH1D7qqqrMgwj+JLU67Y6b0sy1EO7Tj/7Onbjdn/2+zrek4G2t8ZF5HekulXXVqFnjv8l4S+GVLI1U48u/40SY9PDXQoAAAAAAADGuIE+30bvTN/+9re/He4iOtv2011yXpui2ZaWojtzb9WyxdnavPHu4MjdHz/zgqRASFpb1xgMbG3pqaqtawwGuznL5mt2ZlrwmNPp0rLF2ZqSNEk5y+ZrUnycZmdOl9PpUmNTqyTp7MXLunf1bcN2f+3tXh05fkout0ef/NgqlZSeV3Vtg267Za6izSZJktfr0/++dFAVl2v00Pq7dMF+Vc42t1atXKLYWIskae8rb+t3e96U/NL8bJsyZ0yV09mm0jK7LlVWa/mSOTKZTGpzuXX4ncDayR3XdxxzOl169/1yOeoatXBupqyxMbpS5dC775/V9KlJSpuaLKfTJbPZJGebS06nS7b0VC2al6mM9FQtnJupCXGxKiw6rZ8/u1fNrW2an52hzBmpulrt0NvHTslsjtKc2TMkBcLot4+dktvt0ZHjp+Tz+bVwbqZ8fr8uX3XovVPnND/bFgy53zlxWr/4zUtqdbYpe1a6smamyev16eyFy3r/zHktv2WuYmMCv48z5ZdUWm5XU3OrCo4GRntnzpiqxqYWXbh0VRcvVWnZkjnB33F1bYP+9ennVXz6nOLiYrVkwSylJE3SefsVHS0q1bwsm5Imx/f73oBI0O7pfU3xG7W0tBAA9yI6OqJXSQixo+gLutx8OtxlYIxxtjfI3nhSOWmbwl0KAAAAAAAAxriBPt9G7yJueFPHtM+2tBR96+uf7XLeXlEVsp9fWCJJwZHANY6G4DlbWqqkwJrAHVrbAuFynDUmGPSuX5un7/z7s4FA+YZpp4dT+vQpyluxUPvfPKZjJ0t1x8olkqSLFVd1suSsli3J1tzZM7T/jaNdrl29cok+tGy+pqcmB0ehut0e/cd/vagzZy/p7MUrmp9t6/X9nW0uLV2cpc9uuk9mk0l+v7R3f7727i9Q4YlSLV8yV0sXZ2vp4mz94td/VK0jELavuy832Ie9slrPv3hAkxMm6quPflLTUpMkBdZZfvpXL+qNt05qxa3zlDrl+mjdhqYWrV+bpwfu/bAMQ2r3erXjuZf1zonTOllSrpm2aZKkJQtm65v/36eVOWOqoqICN+n3S7/+3X4dOvKe3jt1Tnd8aHHIPTU2t+qrj35KWTPTJEnVtfX6wc9+r4sVV1V5pUZZM9PU7vVq1543VFVTr9wVC4P33/E7LDtfqUzb1EHdGwCMtBdOP6kLDcfDXQbGqAsNx/XC6Sf1yflPhbsUAAAAAAAAAP0UscOblvYwDXNHgNtZfmGJtm3fpW3bd+lM+SVJgQC5Y8Rwbd31UDcutvt1hHt6v+EUZRhac/syTUmapP1vHlVDU4vavV796bV3ZDabdN9dOWpv96q+oes6wEmJCUqbej38lSSLJVrxE63yeNrV2trW5/vHT7Rq7V05wfDTMKS5WTZFR5vV0NSiNpe7zz7OXBt1u2xJdjAglQIB+115t6q+sVmVV2pCrpmakqg7c28J1m42mYJTP1+trgvpY1bGtGD421Fj4uR4SVJdfVOXepYvmRMMfyUpaXKC0qdPkbPNrYbGlsB7VNWp/HyFJiVM0Mc/8uHg/UuB3+HCuZkym0yDujcAGEnvXn1JRyqeC3cZGOOOVDynd6++FO4yAAAAAAAAAPRTxI0A7lBUUq71a/O6HO8Y1RvYTlGNo1HONpdKy+0h7eZmBUa/1joag6OEkxMTZEtPVXeKSsqHqvQBSU5K0D2rlmnn7jd05NgpTZ+arOLT53TPHcs0Y3qKGhqb5etmmeY2l1sH3irSkWOnVNfQpFZn12C8L9HR0ZoQFxtyLMZiDglE+3LefkWS9Mqbx/TKm8e6bVN5tTYkYJ84wSqzOfSj110w3+716p3jp3XgrROqcTSqucXZZz0d00d3MJmiZIkOfa/q2no1t7Qpa2aa4idO6LGvwdwbAIykl8u3hbsEjBMvl2/TLVMfCHcZAAAAAAAAAPoh4gLg5MSEwJq9FVXatn2X5mXbFGeNUe6KRYqzxijOGiNrbIycbS61trn0ja2b9G/bd8l5bWTw3KwZsqWlBsPjE8UfBPt2trnU6nQFRwZLgel8t+/YHZxauvN00SNl5fIFyj/6vl5585hiYy1KnBSvNbcvU0/LVbrdHv3sf/aqpPS8zGaT0qdNUdq0ZEnSmbOXRnQaa683MCe7LT1VM6ZP6bZN2tTkAffr90vPv3hAb+afVFSUoakpiVo0b6aiogxdulzTZSrwgfD5/PJ3E6rfaLjuDQCGwhsXfqZa54Vwl4FxotZ5QW9c+Jnuynws3KUAAAAAAAAA6EPEBcCbN67R9h27JUml5fbgyN63Ckv0xJc2Kc4ao2VLspVfWKJaR6NKy+36x69/VjV1DZqX1XXN27ycxcovLJG9slqtTpe++dQz+tbXPqvkpEDQ++rBYyGjhzdvXDMCdyl5vV65PR5JgRGx99+1Qv/13J/V0NSizRvuCtbXnfrGZl26XK2E+Dh9Y+vm4PTEfr/082f3DksAbDJ1P1v4jLQUFRaVapZtmj7z0EeG7P1anW06d+GyoqPNenzLBi2aNzN4bvfLb91UAJyclKA4a6yqa+vV1Nwia6yl23bDdW8AMBQOX9wR7hIwzhy+uIMAGAAAAAAAABgFIm4N4GWLs7V1y4YuI3HtFVXKLyyWJK2/7/rU0Hv3F3QJf2sdjXrt0PHgaN8ntm6WLS1FUmDE79P/fX3Ery09VdbYGCUnJmjrlg1aNkLT+brd7WrptE7vslvm6ENL5yt7VrpWLJ3X67UxFouizV2z+7MXKrtMhT1Upl8b6XqxokrtXm/w+JIFsxU/MU7H3/tA5ecrQ65xuz06XWYPjqQdCLPJpNiYrsFsdW2D3jlxesD9dTY9NUmzMqapobFFf3zl7ZD76VzzcN0bANyso5W/U5O7OtxljEpZi9/U9+85q++v+pVybqKfBz98Vt+/56y+vfyv+nfBwv2B973zt1p9E+8bTk3uah2t/F24ywAAAAAAAADQh4gbASwFQuCOIPZEcVlwRHDHOreBdXOXB0Pebdt3yZaeqmWLs2WvqFJpuV2tTlfIqOEntm7Wtu07Za+sDkwv/dNdeuJLmwLv9dSXw3avHcwmk77w6Y/2q21C/AQtmj9Tb+af1Pf+4zktnJspZ5tL5y5e6XGk7s1asmC2Xj14XCdLyvXPP/yNMtJTdfcdy5U5Y6ruX5OjP/z5sP716ec1OzNNKcmT1NTs1Jmzl2Q2mfS1xx5U5oypA3q/mJhoLb9ljj44V6Ht/71HC+ZkKMowVFpul9Xadb3ggbBYorV+bZ4uVlSp4Oj7OvXBRc2Zla72dq9Ol12UYUTpa489qIz04bk3ALhZRVf3hruEUWqTVide+8KYJVc5s6TCc+GtaLQpurpXK9IeCncZAAAAAAAAAHoRcSOAO2t1urR3f0Fwv/PavQ9vXKO8nEXBfXtFlfbsy9eJ4rJgUNwR9PY2Erij7WhiGNKmdXdq4/23yzAMFRaV6mp1nT6/ea3mdjMN9lCwpaXoa489qNmZ03X5aq0Kjr4vR12jDEP6yJ0r9PXHHtKCOZnBUPXM2UuaMytdX/niRmWkDy4gXXP7Mn1+81rFWWN0sqRc5RcqteH+25W3YlHfF/dhduZ0Pfk3f6Hc2xbK7faosKhU750+p2mpyXrsc+uUkT51WO8NAAarxePQB47D4S5jdJq1SdkWSX5JilFmyj8pKcwljTYfOA6rxeMIdxkAAAAAAAAAemH4/X5/uIvoyfMvHtBrh45LCgSQT2zdHBICS4ERwnv35cteeX0qzOTEBMVZY4LHbOmpwZHAgRHDO4Pn4qwxeuJLm2RLTx2huwKA4eFsbR9Q+6qqqzIMI/iS1Ou2Om9LMtRDu04/+zp243Z/9vs63pOBtrfGReQkGXr36kv6bfFXwl3GsFq99IhW6xn9c9Evh7BXmzZ+6E3lxkuOq7vUlrpJaYZdRSfu1HODyDMf/PBZ5UyQnHXf1beP96POhfv1/enZUnuBXnrzL3Rw4G8ZMf5i8X/olqkPhLsMAAAAAAAAjCEDfb6N3kXm0+1r7JVVwe3uwl8pdLroWkejkpMCawd3Dno7T/l843TQHSOBH//8BkJgAEDEu9hYFO4Shl1qbIrilT20nSZ9XfPiJflLVFr+f9UYs0Fpk23KytgkOXYN7XuNcRcbiwiAAQAAAAAAgAgW0VNA96TV6dJrh45r7/6C4DrAkoLhr6QuUz73Nh10raNRT//3btU6Gkf+ZgAAGIArzaXhLmFUysnIDUz33FygF53S65UFapIUP3mT7u7xKpuWzvmVvr76lL5/z1l9/56z+vbtv9UDU3tebiFp6t9ry4eL9NTdgfbfv/NN/fWc9WNqqmk+gwAAAAAAAEBki+gAeF6n9Ww7wttWp0vbfrpLz794QHv25ev5Fw8Ez91ooCHwd37w7KhcExgAMH44nPZwlzAKPa6cySmSXLpQ/d3AocvPqNwpybRcS+Z2H+jOX/hfeijjLqVGx0h+l9q9LkXH5Gr1wv9SpqmbC6Z8T1sW/pXmT0iQ2ZDavS61R9mUlfF9bYnvOovJaMVnEAAAAAAAAIhsER0A37v6tpDw9qv/8J/66j/8p+wVVSHt7BVVyi8s7raPgYTArU6Xdjz/8jDeEQAAN6fZXRPuEoaYTVmp67V02vWXNUpS1KSQY0tTcwc9ijZp7v2BwNZdoMJzHUcLtK++TJKUNuXryupy0ff0wLRsmSU56/5dP359gZ58Y4GeLPgbFTltSo298YJcPZi9SalRkjwF2lc4O9D+wJ167opdSRN7HjU82oy9zyAAAAAAAAAwtkR0AHxjQNuZLS1FT2zdFNy/ceRuxzTRtY7GfoXAyYmB6aOLisuG8Y4AALg5bm9ruEsYWrN+qC8s+ZEeWXT9tdgqybo25NgjS36lh2cN5g1ytXbKIkmSo+4ZFXY64zhXoEq/JGuuVk8PvSorPVephiTvcR08/rQqO0449+i5M/vkuPFtkj6rrAmS5NIF+1/o9eCqEnYVlfyjip2DqT0yjbnPIAAAAAAAADDGmMNdQF86AtpXDx5TaXlgykFbWqrWr81TnPX6dIpFJeVavzYvuL99x26Vltv1ysFj+t6Tjwb72bZ9p+yV1cEQ+PHPb1ByUoLi4mJVW8cawAAAjKhzf6tftSxTfKevpC2Z/SMt1j49d/bP1w/6qnWxquvlfZr+qLKskvwlKi0vCD3n/Ee917BJaZNTlJ32uHT56eCp7JjUwEbrcb1+Y5+O11XlXq8kS6djk1OUIEn+Ml04d+MFBTrVUq2l1q5faAMAAAAAAACAoRbxAbAUCIE7h7udJScmqLauUfaKKn3nB7/WssXZOlFcdn2aaH9oPzeGwN/5wbNKTpoUbN8xEhgAgEhkMcXJ5W0JdxlDyK7yqtA1ZbNn/khSg4qu7Lnp3u9Oy1V8oFflrDylnBsbGIEvk5kn3a+N1qf14rWRuvHmwHFne3ep8x41eX4kdQ6AYxMCf1R5G9XUzRVFngY9orERAFtMceEuAQAAAAAAAEAvInoK6P7YvHFNcNteUaU9+/JD1gjufF7qOq10q9PVa3sAACLJRMuUcJcwelj/SUsmXZstxIiR2dTNq+MvIWOR5mXlBi9tag8sLWE1p3bT8XrFR99wqK1R7ZJkSrgWOIdaGj3p5u4lgvAZBAAAAAAAACLbqBgB3Jtli7O1dcsG7XzxQMgUzsmJCdq8cY2WLc7uck1HCLxz9wGdeK9MzjaXbGkp2rxxjeZl2UayfAAABiTJalOt80K4yxgVsrLuUpohyf2Gfn/oCyHr/3aWtHC//m56tpISH1WOClQoqbDVrrsnZUtxy3W3FDoNdNLdSrXc0MnlMjlmLVeqka3MWZJCpoHO1YIJY2P0rxT4DAIAAAAAAACIXKM+AJYCIXB3QW9v4qwx2vLw/dry8DAVBQDAMJg2cZ4+cBwOdxnDqqqtWk0qu8leNml1YiCodNQ902P4K0mOcwWqnJatNEuucmZJhec6HTMt1+oVf6/Ko9/VaUmyrtcjc9cq6cZOnE+rvGmTUuNjlGn7vR5oelAv1UiSTUsX/ZMWW2/ydiLItInzwl0CAAAAAAAAgF6MiQAYAIDxIiNhabhLGHYHi1bq4M12MmuTsi2S/CUqLS/ova3zH/VewyalTY5RZsrfS+e+Kzn/Ufuu5Ooz07NlnfRX2nL3Z9TukxQVI7O/TFWubKXGdO7ErhfP7lLWkk1KjV6u1beeVZ7XFZh6OsqlqpZqpY6RUcDj4TMIAAAAAAAAjGajfg1gAADGk6yk3L4bjXs2bUxZHviWW3OBXnT2fcXrlQVqkqSJudp4bbTu6ffv068vvKEqjyu4hrDHfVwF739RF9q76aTm/+rf3/ulTrc0qt2vwBrDvmpduPR32tHYMGR3F258BgEAAAAAAIDIZvj9fn+4iwAA3Dxna3eJVM+qqq7KMIzgS1Kv2+q8LclQD+06/ezr2I3b/dnv63hPBtreGhe5k2T88sRnx/w00IhMc5Lu0F8tezbcZQAAAAAAAGCMGejzbfSOEcAAME4NNBBF5Fg6dV24S8A4xWcPAAAAAAAAiHwEwACAAesY/YvwWJH2kOItY2M9WYwe8ZYUrUh7KNxlAAAAAAO6vQUAAAgKSURBVAAAAOgDATAAAKPQHRlbwl0Cxhk+cwAAAAAAAMDoQAAMAOiC6aEj312ZjynZmhnuMjBOJFszdVfmY+EuAwAAAAAAAEA/EAADAAaNoDi87s96ItwlYJzgswYAAAAAAACMHgTAAACMUrdMfUAr0x8JdxkY41amP6Jbpj4Q7jIAAAAAAAAA9BMBMAAAo9gn5z+lzEnLw10GxqjMScv1yflPhbsMAAAAAAAAAANAAAwAwCj3yOIfsx4whlyyNVOPLP5xuMsAAAAAAAAAMEAEwAAAjHKJsen63K2/IATGkEm2Zupzt/5CibHp4S4FAAAAAAAAwAARAAMAMAZMnTBHjy7/DdNB46ZlTlquR5f/RlMnzAl3KQAAAAAAAAAGgQAYAIAxIjE2XVtX/F4r0x8JdykYpVamP6KtK37PyF8AAAAAAABgFDP8fr8/3EUAAEaWw9Gg5qYWSZJhGDIMI2S7837wZ+c26uZ8Nz/7Onbjdn/2+zrek4G2t8aZB9Q+0rx79SW9XL5Ntc4L4S4Fo0CyNVP3Zz2hW6Y+EO5SAAAAAAAAMA45W9vDXcKYQgAMAOPQ1Ss1crnckroPfYcqAO5P6EsAPLzeuPAzHb64Q03u6nCXgggUb0nRHRlbdFfmY+EuBQAAAAAAAOMYAfDQIgAGgHHG7/er4tJV+Xw+SQTAPRkrAXCHo5W/U9HVvfrAcTjcpSACzEm6Q0unrtOKtIfCXQoAAAAAAABAADzECIABYJxxudy6crm619CXAHjsBcAdWjwOlTsKdLGxSFeaS+Vw2tXsrpHb2yq/+JNgLDFkyGKK00TLFCVZbZo2cZ4yEpYqKylXE6KTwl0eAAAAAAAAEEQAPLQIgAFgnGlualVtbV1EBsDdhbQEwAAAAAAAAAAwthEAD62ocBcAABhZHWv/AgAAAAAAAACAsYcAGADGGZd7YAHwQEfODlcfAAAAAAAAAACgbwTAADCOtLW55HF7wl1GvxEcAwAAAAAAAAAwMATAADCOtDld4S6BUBcAAAAAAAAAgGFEAAwA40hb280FwIS3AAAAAAAAAABENgJgABgn2tpcAwqACXsBAAAAAAAAABh9CIABYJxwtrb12WYoQl+CYwAAAAAAAAAAwocAGADGgfZ2r1qd3QfANxvYEvgCAAAAAAAAABA5CIABYBxwtjrldrkH3wEhLwAAAAAAAAAAowIBMACMcX6/Xy0tzpBjwzFql5HAAAAAAAAAAACEHwEwAIxxLS1OOZ1tBLQAAAAAAAAAAIwDBMAAMMY1N7f02aZzONzfoDicgTJhNgAAAAAAAAAA3SMABoAxrLGhWa03TP/cYbAhqqGhC18JcgEAAAAAAAAAGFoEwAAwRrW3e9Xc3DKo0b0AAAAAAAAAAGB0IgAGgDGqsbFJbW2um+qDwBgAAAAAAAAAgNGFABgAxqC2Npeam1rDWsNAw2PCZgAAAAAAAAAAbh4BMACMMX6/X40NzfJ4POEupQtCXgAAAAAAAAAAhhcBMACMMfX1jWpqau7xfE9rAve1VvBgw1tCXwAAAAAAAAAARg4BMACMIa0tTjU2BMLfvgLdfiPABQAAAAAAAABg1CAABoAxwuPxqL6hsV9TPw9k5G9/+xnM9SMlUusCAAAAAAAAAGCoEQADwBjg9/tVV9eo1hbnkIW7vRktwS8AAAAAAAAAAOMNATAAjAF1dQ1qqG8MdxkjgrAZAAAAAAAAAICeEQADwChXX9cgh6NhyPvtLmg1NPrCVwJjAAAAAAAAAMB4QgAMAKNYQ0OTHI4G+X2+fk33PBLTQ/dXX+9PcAsAAAAAAAAAwMARAAPAKNXQ0CRHbb28Xm+v7QYapA5FGEt4CwAAAAAAAABAeBAAA8AoVF/fKEdtvTweT8jx/ozwHdAo4F6CXEJhAAAAAAAAAAAijzncBQAABqbOUa+6uka1t7eHu5QQTOMMAAAAAAAAAED4EQADwChSU+Poc83f4QpdDRnd9j+SIS+BMgAAAAAAAAAAvSMABoBRwO12y+FoUH1dowzjehDaVyA62JD4ZoJWQloAAAAAAADg/2/vXnbTBsIAjP59g26ivv/jVZWI78Y33EUUVQ1gPARiVz1nA8KesZdIn2YGYDsCMMDO1XUTh0MeddUs3nfvOb8p1wEAAAAAgH0TgAF2ap7nOByyyF6LGIa3834vtdh7A+3NFcEL8342CovKAAAAAADwHAIwwA41TRuvhzyKooqIy7E2ZTXv084FvuNdlu5bc38KoRkAAAAAgP+NAAywI8MwRpblkedlDP37qt/3yHp93LO3fP4W684cBgAAAAAAtiUAA+zAPM+RZUXkeRFNfYyIdbE1JcjeFX4Tg69ADAAAAAAA2xKAATY0z3PkeRllUUVRVGcB9ePq30tbLi/9tkbq+b9bEZcBAAAAAOA2ARhgA30/RFXWUZRVVGV9NfymSgnDa5/xvv1zyrjUM38BAAAAAIDHEIABvlBV1VGVddR1E23bRcR5qD3/jMXrH79fsnb755Rwu2ZM6pxr5gMAAAAAAK4TgAGeaJ7naJo2quot+tZVe3OVborPbgW9tP2zELtPP39lW78CAAAAAPAP+/HyfetX4MkEYIAHOp1O0bbHOB67t8/2GE1zXB1nH7X695FnBF+bN+XaZ5/LH/6cAQAAAACwRAAGSDBNU5xOc0zTGOM4Rd8PMY5j9P0QXddF1/UxDtNfY26t8l2Ku2vGrbl3zZiL12L5nb5qC2fhGAAAAAAA1vkNq7WupnyjGq4AAAAASUVORK5CYII=" height="600" width="800"/>]]>
  </system-out>
</testsuite> <!-- testcases.QuickLaunch -->
