<?xml version="1.0" encoding="UTF-8"?>
<!-- Generated by org.testng.reporters.JUnitReportReporter -->
<testsuite skipped="0" hostname="DESKTOP-OT8VNT7" name="testcases.LoginTest" tests="1" failures="0" timestamp="2022-10-31T02:27:09 EDT" time="12.892" errors="0">
  <testcase name="LoginSuccess" time="12.892" classname="testcases.LoginTest"/>
  <system-out>
    <![CDATA[Login Testcase
Login Testcase
<img src="data:image/png;base64,iVBORw0KGgoAAAANSUhEUgAAB4AAAANOCAYAAADwDxERAAAAAXNSR0IArs4c6QAAIABJREFUeJzs3Xl0XOd95vnve++tBYUdJAACILiJq0iJpDZLsmwttmVb1uJFsuU9cdxnOpPuTk66z3R35pyMZ0u6Z8bd6ZwsTieddHc6Thw7iWU7ceRNC2VbFEUtpEhx30mAxL7Veu99549bgEASIHYUludzDkSyqu6t3y0SJbzvU7/3NdZai4iILAl6SxcRERERkfEYY0pdgswna+FbvwpvfrvUlYiIiIjIDGV+49TI77t7BxgYSpPLFwBIxGNUlqeoq6kceYw37xWKiMisUeArIiIiIiKTde34QYHwEmcMPPW7UN0CL/5+qasRERERkRkqFHwuXekim8tfdXs2lyebyzMwlKa5YQWxmIdTohpFRGSarLUjXyIiIiIiItM1emyh8cUS9vC/hsd/q9RViIiIiMgMjRX+jpbN5bl0pQtAAbCIyEJ07USMJmVERERERGSuadyxhN31Ofj8f4Vk5cSPFREREZEFp7t34Ibh77BsLk9374ACYBGRhUKTLSIiIiIislDog6hL0JaH4MvfgsYtpa5ERERERKZoYCg9pccqABYRKSFNqIiIiIiIyGKgccsSsWobfPmbsOn+UlciIiIiIlOQyxem9FgFwCIiJaLJExERERERWWwUBC8BZTXwxT+H258udSUiIiIiMklT+RncWqsAWERkvmnCREREREREFjuNa5aAj/0/8OCvlboKEREREZkDCoBFROaJJkhERERERGSp0V7Bi9z7fh2e+O1SVyEiIiIis0wBsIjIHNJEiIiIiIiILCcaAy1Cd34WPvenECsrdSUiIiIiMksUAIuIzAFNeIiIiIiIyHKncdEisvX98OVvQt3aUlciIiIiIrPAWP0kLiIya5b6W+pSvz4RERERkVIzxpS6hDmxVK9ryelvh2/8CpzdV+pKRERERGSUN55+YUqPVwewiMgsWCqfbL92/y7t5yUiIiIiMr+W6s/ki7n2ZaVqFfzSX8P2D5e6EhERERGZAQXAIiIztFgmMiaaSFos1yEiIiIispwt5p/pF3p9UuS48Ok/gnd9odSViIiIiMg0KQAWEZmBhTqBsdgmgkREREREZHYs9LHAQqxJxvHY/wUP/XqpqxARERGRaVAALCIyDQtp0mKhT/CIiIiIiEhpLcTxwkKqRW7goV+Dx//vUlchIiIiIlOkAFhEZIoWwiTFQpu8ERERERGRxWMhBcKlfn6ZhLs+D5/+GhhT6kpEREREZJIUAIuITFIpJ0cW0gSNiIiIiIgsLaUea2icswhsfwS+9A0oX1HqSkRERERkEozVT9giIhMqxVvlQn97Xuj1iYiIiIgsFmaBdlbOd10L9XWQUS4fhb/6Zeg4UepKRERERJaVN55+YUqPVwewiMgE5jvoLPWn38faU1j7DIuIiIiIzJ2F+vP3fD+3xhmLQOMW+NJfwdo7S12JiIiIiNyAAmARkRuY78mOUjzfQphYEhERERGRGytlOFyK55IFrLIhCoG3PVzqSkRERERkHAqARUTGMV+TDnM5wbHQOghERERERGT2zefP/PMZBMsC5sbgs38Ctz1V6kpEREREZAwKgEVExrBYP9mukFdERERERIbN5fhgPsYcGtcsAh//Krz7y6WuQkRERESuoQBYROQai2kSQ4GviIiIiIhM1lyMHeYrCJYF7MO/Ce/7l6WuQkRERERG8UpdgIjIQrIYJi6stRhjrvoSERERERGZiuGxyXCAO9NxxfD55mp8Mhs1yhx68FchWQV//7+VuhIRERERQR3AIiIj5jL8na1PxRtjcF0Xx3EU/oqIiIiIyLQNjyccx8F13ZGxxUzHLXM9rpIF7J5fhE/8x1JXISIiIiIoABYRmXMznaQYnpQZDn1FRERERERm27Vh8EzGMXO5LLRC4AVu9yfgs38CRlOOIiIiIqWkn8ZERJibSYSZTHoMH6fQV0RERERE5tvwykMws7GSQuBlatvD8Itfh7LqUlciIiIismwpABaRZW+2Jw9mK/h1HL1Fi4iIiIhI6Ywel8xkjKPAdhnacC/8wl9AdXOpKxERERFZlpQuiMiyNhfh73SPs9aOLLumrl8REREREVkIRo9RZuPDrrNFofIi0HJr1AncsKnUlYiIiIgsOwqARWTZWggTEKMnUIYnVkRERERERBaa0R9UnW4QvBDGYDLPVm6AX/g6rN5V6kpERERElhUlDSKyLJV64uHaCROFvyIiIiIistBdu1rRQgiBZRGoaoyWg95wb6krEREREVk2lDaIyLKzEMLf0RT+ioiIiIjIYjFWCDzTD8TOhALlRSJZGYXAW95X6kpERERElgUlDiKyrCj8FRERERERmZlrQ2AobTewQuBFwnHh838Gtzxa6kpEREREljylDiKybJQy/B3vE+7XTpqIiIiIiIgsBmONZabbDTwbFAIvIp/6A9j9VKmrEBEREVnSFACLyLJQ6vB3LMYYBcAiIiIiIrIo3Wg8oxBYJvSJr8Jdnyt1FSIiIiJLlgJgEZEpmo3wF9DSzyIiIiIisqjdaEyjEFgm9Phvwb1fLnUVIiIiIkuS0gcRWfJmcwJgsueaaOkzhb8iIiIiIrIULMQQWBaRR34T3vs/l7oKERERkSVHCYSILGmlCn8noqWfRURERERkKZhobDOdfYFnSkHyIvPwv4GHfq3UVYiIiIgsKQqARUQmQeGviIiIiIjI2GZzjKPwdpl66NfhA/9LqasQERERWTIUAIvIkjXfe0hN9nEKgEVEREREZCmZzBhnKuMzhcDL1P3/DD70v5a6ChEREZElQQGwiMgNzGb4O7z0mQJgERERERFZSowxkx4TTdZMQ2CFyIvUff8TPPKVUlchIiIisugpABaRJWk2BvuzHf6Cun9FRERERGRpGg6BJxofKQSWCd37JXjs/yx1FSIiIiKLmgJgEZE5NnrSQQGwiIiIiIgsRaPHOrMZAssy9a4vwhO/XeoqRERERBYtBcAisuQspO7fa+9XACwiIiIiIkvRtWOd2QqB1QW8jN35Wfjovy91FSIiIiKLkgJgEZFrzFX4KyIiIiIispwoBJYZu+PT8PH/r9RViIiIiCw6CoBFREaZ6/BXHcAiIiIiIrIUjTfW0QdnZcZu+yR84qulrkJERERkUVEALCJLynxMHmgCQ0REREREZPJmYwylLuBlbvdT8In/UOoqRERERBYNBcAiIkWaEBARERERERFZoHY/CZ/4j6WuQkRERGRRUAAsIkvGQu/+VcAsIiIiIiJL2UzGQ+oClknZ/QmFwCIiIiKToABYRITZmWxQ+CsiIiIiIsvdXIfAIlEIrOWgRURERG5EAbCILAmlnihQ+CsiIiIiIhKZy/GRxlcCRMtBf/yrpa5CREREZMFSACwii958TCBM9zk0OSEiIiIiIsvRdEPguV4KWmO0JeS2p+Bj/2+pqxARERFZkBQAi4hMYLrLlGliQUREREREljONiWTO3f4p+Oi/L3UVIiIiIguOAmARWdbmqntYEx0iIiIiIiLjK2UXsCwxd3waHv+tUlchIiIisqAoABaRRW2uB/3a21dERERERGT6FuK4aSHWJDN01+fg0f+j1FWIiIiILBgKgEVEZpm6gkVEREREZDma6lhIewHLrLr7F+CR3yx1FSIiIiILggJgEVm2pru3743uU/grIiIiIiLLmcY+UlL3fhk++BulrkJERESk5BQAi4jMMU2AiIiIiIjIcjLWGGiuuoBFrvOefwrv/1elrkJERESkpBQAi8iyNJ/dvyIiIiIiIjI3YyYtAy1jeuBfwIO/WuoqRERERErGK3UBIiJLgUJhkeXLWksuyNGT7eVKupPubA+9uV66s7305HoZKAySLqTJh3mstVjAczxijkd5rJzqeBUtFc08uuGDJNwEjjGlviQRERGRGbPWYib5c82NHjuV84hc5X3/Evwc7PlaqSsRERERmXcKgEVk0ZpuuDoX3b8zfayILC4ZP0tnupPzgxc5N3CeS4PtdGd7SPsZ8mGeQljADwJ86xPagMCGhNZGE5gAxuAYBwOsSNZRX7aCmONpclNERESWlLHCWwW6Mq8++BtRCPzzPyt1JSIiIiLzSgGwiMgMTTboVSAssrj5oU9vto9jvSc53XeW9qF2OrPd9OZ6GMgPkg1yhDYk6vEFLGBM8TcAY010WlbHWthSuwnXuGM+QkRERGSxmEm4O5Mu4Ll6XlkiPvK/QyEHr3691JWIiIiIzBsFwCIio6j7V0SuFVpLf76fs/3neavzbd7uPsr5gQsMFAYJbYDBRJOGJvrVYIqRbxQFJ90kYAisjx8GQJQLhzakNlHL1tpNbK3brIlHERERWZLUBSwLwkf/HfhZeONvS12JiIiIyLxQACwiMgPq/hVZ2izQne3hUNfb7Ln4c169/BoWW1y+2eAa97rHWxvdn3ATlMdSlMcqyPk5+gsD+GG6ONlpsBbWV61l58pbqIiXl+LyRERERGZdqbpxFSrLhJ78HShk4ND3S12JiIiIyJxzSl2AiMh0zNX+v7NxnMJekaXDD3x+eukV/vr4M+y7vB/HOHiOG3X9jn5gcbJx+Pu/3CtnW90WntjwGNvrtpL0kvhhofiYqPs36SbZWruJm1dsmeerEhEREZlfY42Rpjpu0jhLZsWn/wg2PVDqKkRERETmnDqARUSK5moCQhMVIovXGx0H2H/lNdqH2qI9ekelviM7+xoIwoCAgIayem6r38XOlTtwHIf9l1/nQOchevN9hGFQjI0NhbDAvU3vYtuKrSTcRCkuTURERGTOLLZOXnUPLzOf/c/wZ5+Ds6+UuhIRERGROaMAWERkAjPp/lX4K7I4hTZkID/I8xde4lTfaUIb4ox0+Uahr7WW0FocHGoSNdzTdBdbazdRGa+gfegyL7e/yoXBiwwUBgiKewVbwBJSGa9kZ/0O1lSu1mSjiIiILAuzsRfwRI9XkCuT4iWLIfBnoe1QqasRERERmRMKgEVk0Znv5Z9FZPnJB3kOdLzFid5TDBaGcK7ZNSOwIZ5xqS9bweaajWyu3ci2us0MFdIc7TnOGx0HONZ7Et/6ODjRRKR5533ojsbdbKzZoL1/RUREZMlabF3Assyk6uAzfwz/9TPQdabU1YiIiIjMOgXAIiLTMJk9rBQ4iyxO1loGC0P89NJeBvIDxUWbAQsWiwXqErW0VDRzc90WdtffyurKFk72nubl9n283vEmbUOXcY0Thb+jjnWMQ22ihvc230tjqgHHODcqRURERERE5krtavhMsRN4sKPU1YiIiIjMKgXAIiKMH9bOZoirQFhkcSiEPt2ZHg51HyEb5DA4WKIQ2HNiVMUruWfVndzddCdrq9bghz7He07yzeN/x8m+0+SCHJ5xgXf2CYboPaAiluKOht1sqr2JVKysFJcnIiIiMm+u7eSdj2Wgp0tdx8tU41b4zB/Bn30GCtlSVyMiIiIyaxQAi4hM0WS6f0Vk8cr4GS4MXCTtp0eC35CAuJtgY/UGPrnxY2yqiwLc7kwPL7e9yn8/8pfkgxwGgzsq/DXwztLPxtCQqueJmx6hIlaOQROMIiIisrQshBB1IdQgi8yaO+DT/xn++xdKXYmIiIjIrFEALCKLymLZ/1fLQYssXulCmnMDFwhtSIjFAGsr1vDu5ru5u+kO6stWkvASnOo9y4sXf8pLl35OIchjjMHYaLLRGjDD3/Y22jN4Y/UGHln3MPWplTiOln4WERGR5WEyXcCTOU5kTm1+AD71+/CNXyl1JSIiIiKzQgGwiCx7CmdFZLRskONKppPABiTdJDtX7uBdq+5gx8ptNKTqMcZwqvcsz114kZfb9tGd7cFc089rRv3GDwNWJOu4deV2dtbfgufoxy8RERFZuqYT3CrslQXhlscg2w/P/NtSVyIiIiIyY5qBFBEZx2SDYXX7iiwdFkvGz9CR7aQ2Ucvu+lu5t+kuttRtojpRRWhDzvVf4IULe9jX/hodmc7ifr8GRn/v22gJ6NCGJL0ku+pv4c5Vt1FXVlOqSxMRERFZMrQPsMyZOz8bhcDP/napKxERERGZEQXAIiJTMJ1wV4GwyOIR2pAgDEg4ce5tuov3rXmA1soWEm6cQligI93Fc+de5KVLL9Od7YnCX8NI+PvOd7vFWog5MW6pu5n7mu9hc81G7fsrIiIiy8JEyz5rGWhZ0N7zy5Dpgxf/oNSViIiIiEybAmARERGRImstVfEq7mu6m3evvofyWArHOIQ2pCvTwwvnf8rfn/0BhaCAa0bt43tVA3D0m7gbZ11VKx/f+Bibam/Cc/Vjl4iIiMh4ZjPsVXAsM/bwv4FML+z7eqkrEREREZkWzUSKyKIx3U7auezA1fLPIkuLa1xaKptorGgk4cZGOnb7c/28ceUAf3PyGUIb4DjOO4Gvjf4TWktoQ4wxrEyu4M7G23h0wwdpSNUTc2OluiQREREREZmOJ/4dpHvh0D+UuhIRERGRKVMALCLL2lwHtgqERRYXYwyu8Sju6gtAISjwZuchvnfmWfJBDmMcjDXYYqevYxw8J8bqVCOrK1vYUL2O9VVraaloYkVZHZ7jlux6REREREpltpaBnm8LtS4pkU9/Df70aTj1s1JXIiIiIjIlCoBFRMag4FZk+Ro93WexHO89yWsdB7iS6aKmbAWVsUqq4hVUxaNfK2PlVCaqaChbSV2ylrpkLTXxKhJeomTXICIiIrLUKaiVefP0H0YhcPvbpa5EREREZNIUAIvIorAQAtmZ1rAQrkFEpsZaS2BDmstX8f41D1AVr6IiXklVLEVVrIKqWDkV8XLKYxWUxcpwRu8LLCIiIiJTMlaoq6BXSi5VC0//AfyXp2HgcqmrEREREZkUY5VIiMgiMJO3qhsdO959Y90+0X6/k/lzWVnZDWsVkYUltCHZQoYwLBAPQ2J+HvJprJ/F+nmwARgXXA/jJSGWxMTLIJbCePHoPhEREZFlIpPJXBfWjv7zje6b6m03un2i+yaiwFnGdHYf/OmnIPBLXYmIiIgsQ288/cKUHq8OYBEREVnCLFgLNox+BTAOGAOY4q/jc4Ay42BzQ9iu0wSXDmLbDmP72wlzA4ShD46HEy+DikZMXStO/Sac+k2YmtWYRCXG9aIgWBOJIiIisswtln2ARca09k741B/C1/9JqSsRERERmZA6gEVkUZiLDuCpdgarA1hkkbEWW0hj013YgcvYgSuAwVQ1YSpWYhJVmHgK3Nj4p8gNErYfJDizF//CAcLei5BPg5+Lzm8MGAdTDJWt44ITwyTKcWqa8Vbvwl17J87KjZhk9fxdu4iIiEgJTNQBPJ0/j3fbjW6f6L6JKJSWG9r3F/DMvy11FSIiIrLMqANYRGSU2fqMi/b/FVkkrAU/R9B7geDcPoIrx7ADlyGXxgY5wERLM8eSmGQVpqoRt34jTuM2nKqmKBAetWyziSVx6rdgUitx191LmBuATB/hwBVs30XCnvOEvZewmd5iBwtgcthChiDbj+29iH96L07DRty1d+G23oaTWlGyl0dERERkrqmrV5a8Oz8Lg53w46+WuhIRERGRcSkAFhG5xnTC2om6f0Vk7tlCBttzDv/8awRthwg7T2IHrmDzmWgJ6OGJSGvBAG4Mk6wkvHgAU92MU7sWp3ELbsNmnMpV4LjgeJhUHSZVC9biBgVsIYvN9WPTPYSDHdi+NsKBdsLuc4Rdp7BD3dG+YIWAsJCBgQ7C/kvR/ZeP4q69E3fVzZh4ebQctYiIiMgSNtVAeCqPv9FjFUTLnHrwV6MQeO9/K3UlIiIiImPSEtAisihM961qqss8j3f7bCz/DGgJaJE5YjO9BO2H8U/9FP/0y4S9FzDWRqHvSMhqwRZ/vergEACTqsNp2ITbshO3+Vbcxs2YRFUUBI/7xGEUCGd6CTtPEFx6i6DjOGHPeWzfJQiDqIbh7YeTVbitu/A2vge3ZTdOZQO48dl+OURERERKIpPJAFNb5nmySz7P5zLQCo5l0v7yn8Khfyh1FSIiIrIMTHUJaAXAIrIoKAAWkfHYbB/+uf0U3vouwemXsWGAuSq0Hf5+NFFHbzEQttZG4a/1o4fYEKyN9u9t3ELs1sdxW3bhVNRPOqS1hQxh91n8M3vxj/wA29+OLRQ7kDHvPEdNM/GdH8PbcB9ObatCYBEREVkSphMAT+bP4912o9snuu9GFADLpIU+/Mkn4dyrpa5EREREljgFwCKyJCkAFpExhQH+4e+Re/UbBJ0nMQx3/Ba/B60Fa7GOEwW7VU2YspqoKzc3iB3qIhzqAj9fXBraMBLUOob4Pb9IbNsjOHVrotsnyfo5wt4LFN74Jv6x57Hpnuj44mSiDQNMLEnslo8Q3/0kTt1Ns/3KiIiIiMw7BcCyLPVdikLgnnOlrkRERESWsKkGwNoDWERklmk/YJH5YfNDBBdeJ/fqXxH2nC+Gv4bh8NeGAU6yCnf1rbg33Ye7YiMmWQVesds2KGDzQ9hMN+FAB8Hlo4QX3yTsPFU8haHw2rew2UFiOx7Fbdw26dqMG8etbcW5+5dwVm6g8NbfE7Yfic5rDMZxwM/jH30OLMTv+TJO+YrZfolERERESkL778qyUt0Mn/o9+JOnwM+VuhoRERERQAGwiMiEJgpwFfCKzD9byBBcPkru5/+FsOcCBP5Idy2ADXzclevwNj+It+5unNo1UfjreLzTyWshDLBBHqeQxW2+Fbv+HoLLhwkuvElw4U1spg//2PMYx8MkKnBqWidXoDHgxjEVK/E2PoCJleMf+QH+mVfe6TQ2FpvpxT+9FxJVJO75EsaNX3UdIiIiIiKyCKzeBZ/8Pfj6Pyl1JSIiIiIAuF/5yle+UuoiREQWirkOc2Ox2JyeX2RZsAFhxwkKb30X/8SLmJGlm4nCVcfFqW0lfsujxDa/D7d+EyZRCY5bDF5HfTkuxo1j4imcVB1OVRNOTQumahUmWQF+Djt4BZvpxXiJqAvYcZj8ctAGEy/HqVgJsSQ214/tayveZaKO4EIam+nBqVuDU74iCoFFREREFiHf90d+f6NlnbUEtCxJ9RshVQfHnit1JSIiIrIEte/4xSk9Xh3AIrIszSToVcevSGmF6R78C6/hH38u2u939ASdMZiyamLbP0xs24cwFQ1T66j1Ejg1rThVTbiNWylUN+Of3EPYeZrC8efxbnoPTm1rsZN48kyqDm/tXWBD7EAnYe/FaJ9hYyD0sX1tFA48g1O1Crd2zZTPfyMzXYJx+D2v1BOh812HjZ50Xp9z5LlH/X+m1K/7QhTaEIvFwZmT18diCa3FAI5xZv38IiIysan8/KLlpmVBufuL0N8OL/5+qSsRERGRZU4BsIgsWQshqF0INYgsKTYkbH+b4Oyr2KFejBdneM9fbIhJVOA2bye+8xOYZOX0l1N2PJzqFuK3fQqnahWFA88Q9lykcPpnxCuewCQqpnxKU74Sb9092Ew/+Zf/DJsdLN7hgJ8jOP4c4cb34JTVYlK1Y54jDEPCMIwOM2ZkwtNxrg7CCoUC2WyObDaL7xdIJBJUVlZOuAqBtRbf98nn8+TzeQqFAkEQYAHPdYnFYiQSCeLxOK7rTmuy9dprCMMQx3Guu4YwDCkUCuRyOfL5PL7vE4YhnucRi8WIx+PE43E8z5uVSd8gCIrPlydfeOfaHWNwXRfHdXGLdUa1OjhOtJ+zKb52YRhirR15jSZT1/BxhYJPPp8b9bqHGMOo600Qj8fwPA/HmVwo6Yc+gQ0AMJhicAoxx8ObxocMrLXkwjymeL7hoNQxhrgTXW8QBhRCHxvdi8FgcABLiMXa6J7hpdANBmMMrnGLXzcOdQuhT3e2h6yfpSZRRXmsfFrXciN9uX6GCmkSbpzaZA2ucWf1/CIiMj0KemXRePhfQ38bvPG3pa5EREREljEFwCKy4ClEFZFhNtePf+ZlgnOvYlyPkfAXwFqcFeuJ3fXFYvg788494yWJbXoQEy+n8ObfUjj4HeKbH4J4+bTCZZOqxdv2IfxTPyNsewtbyIzUaQMf/+QenLq1uKkarl1m2loYGkrT3dOD6xgSiSTpTJqyZJKamhri8Wjp6CAIOHf+PK+8so99r75KV3cX69et5zOffpqbNmzAdccOs8IwJJfLcamtjbcOHebIkSNcvHiRwYEBgjCkoqKCdWvXsmPHDrZt20pLc/O0lrUfHBpiYGCAMAxJJBIMDQ1RVVlJZWXlyDWEYcjg4CDHT5zgzQMHOH78BJ2dnWSzOWqqq1jd2srN27Zx883baF29euS46QqCgO7uHk6cOMGbBw9y9OhRLrW1kU6nibkelVWVVFRUUF1VRU1NDRWVlSQTScoryqmsqCAWi5HOZOjr6yOfy3H77bezdcsWysqSk3vunl5OnznDwYMHOXT4MJ1XOhgaGsKNudTV1tHS3MyOHTu4eds2Vq9uoby8fFIT4O1Dl7mS7sQACSdOX2GAQhiwpmo1rZXNUwo2QxuS9XMc6jqCiyHmxMiHBQb9NFWxCrbUbaLMS9KR6eR8/wXSQYZMkCXpJEi5ZVhrGSwMkQvyDAVZAuvjOS4JJ07CS9JYVk9Dqp66ZA0JLzFmDRZLZ6aLv3j7rznRd4qHVr+H+1ruobmiadLXMZEgDPjeyX/ktc4DbK3dxJMbH6eurG7Wzi8iIhGFubLkPfk70HcJTr9c6kpERERkmVIALCIiIotG0PY2YfdZ8PPRnr7DwgBT1YjTshN35U2zEv6OcGO4zbeC68HRH0UTljYAM40fo4yDSVbg7XiE/OAV6Do9soy1cWIE518n3PBunJUbMbGy6w5/+8jbfP3rf8mZs2fxPA+s5dHHHuXjH/sYnueRTqf5m7/7O154/gVOnT7F4OBQFNxlsmSy2TEnWq21tLdfZv9rr/Hcc8/z9pHDDA0OkcvnCYKg+OVjMOzfv5/v/+OzNDWt4o7bb+djH/sYLc1NUwqCjx07xjPf+Q4HDhwkHo+Ty+V44onHefgDH2De3NfbAAAgAElEQVR1Swtd3d3s2/cqf/O3f8OFCxfo6+sjm80RhiHGmKgTef9+nn32WRobG7ntttv49Kc+SWNj45QD6XQ6zYmTJ3nu+ed5cc8eerq6sUBTUxMbb7qJ6spKLHDh4kVOnohCaOM4xGIxkskkqVQ5WEsunxvpIPY8l9raWrZu2XLD5w7DkKNHj/Hcc8/x6v79nL9wgaGhITzPY/369axdtxaAru4unnv+OX704x9RUVHJzTffzHvuu4977r6bhob6Gz7Hyb4zPH/+JS4OXcJzXAqhz8pkHR9e9zBrKlum9FoB5MIcf3/6Wa6kO4g6ekNiTox7V93Fuuo1JL0Ex3pP8t2T/0Bvvg/XuFgsrnGpjlezIlmHY1wKYZ6uTBe9+X7yYQHPcYk7cRJugs01N3FH423sWLGVsmu+B6y1ZP0sZwfO05Xp4mdtr1CXrKMx1YDrzLxLtxAWONFzijc6D3Ku/xwNyZX05wcVAIuITNNCCHmnW8NCqF2WgKd+F/74Seg5V+pKREREZBlSACwiMovUrSwyh0Kf4NKb0f65XDshF3X/emtuHzM4nRmDSVbirtqOSVRiympmFDAbx8Nr3olf3UTQexFsABhwHMJ0L2HPeexQF6Zm9dXHGchmc7S3t3PkyBEcxyGVSpHJZHBdl86uLr71N3/LD3/wA06fOUMmkwHAdV0qKiqIx2LXTWRms1le3ruXF1/cw4GDBxkYGGDdunWsaW2loqIC140CvEKhwMmTp3j99de5dOkCnZ0dXL7czslTp/j0009zy47tVFVVTe76jaGzs5MjR47geR75fJ7HH38MYwxHjh7jRz/6Mc+/8DwXLlygqqqa1atbScQT5At5uru7aGtrZ2BwEGMMXV1dXL58mYsXL/DlL/0SGzfeRDI5cdctQFd3Ny+88AI//NGPoo7fS23cd9+72b1rN5s2baKxsYFkIonF0tfXx7lz53jllX3seeklrly5TGVVdbEbehupsjJyuRwF3ycIfNavX4fjjD1pHIYh3d3dvPTTn0aB+9tv09nZSd2KOj748MNs3ryZ5uYmKioqsNYyMDDApYuXOH7yJC+88AJ79uzh9KlTHDhwgE998pOsXbuWRGLsDmg/9BnID9CevoxjHEJrSTgJAhtgrvsempiLSy7I0ZHtpBDkAUN5LMVgIUNoo2W9C6FPf36QK+lOPONRsAVWlzexqWYDuxt2jixdPpAfoDPTzan+MxzsPExHuhPXuPRke2hPX6Z96DIPrXkvKa9s5N9t1IWcpS/XT2BDLg21c7LvNNtXbKOponHK1zOatZbB/BA/PvcC7ekr5IMCaT9DX75/RucVEZHJUeAqS1LVKvjk78IffwLCoNTViIiIyDKjAFhEZJ4oHBaZGZvtI+w4jh3qvnr5ZWvBS+CsWIdTv2mOnt1gElEIPPNTOTiV9TjVLYTJI9h07zvXY0OCrjO4fRdxrgmAAeLxGKlUCmstQRCQSpVRnipncGCQn+99mW9961t0dXVRVlZGdXU1uXyeTDqN57pj7rF75OhRvvPd73Ls2DHq6xu47933ctttt7N6dQupVArHOFii5zpz5izr1q3lZz/9GSdPneTChQtcvHiJWCxGeXmKW3bsGHd56dHKyspIxBPFfXOjPXOrKqtob7/M3r172fPSHqqqKnns0UdpbW2lrq6OeDxOPpejo7OTEydO8Pobb9DW1kY+l6OtrY22tjbqV9bz5Cc+zqZNmybcIzedzvCTn/yEbz/zHd5443WMMbzrrrt46skn2b1rNytW1F13LTt27GDduvWUV5Tzne98hzAIyGQytK5u4V13vQvPcwmCkEIhTyqVijq0r2Gtpa2tjRf37OHbzzzDkSNHyefzbNmyhQ984P08/P4P0Nq6mng8MRIgh2FINpvlwsVL1NXW8uyzz3Lwrbe4eOkShUKBTz/9NOvXrxsz+PYcF8/1cIyDgwMmJOEmiDnXfxhgIgaD67iUeUlijocf+gA4OMTdaP9fYwwJN04qlgITLdkMUJ2oZmPNBnY33DpyviAMGCwMsXlgIysStTx3cQ9DhTS9uV4GuwbJB3laK1vYvnIrMRN1dvuhT9rPkAmiDzfkghyn+s5wpPsYjeX1ODP4YEbGz3Km/xyvdxwg42cwxpALcwzmB6d9ThERERFab4s6gb/xK6WuRERERJYZBcAisqApNBWRYUHPBcKBDvCzV3fg2hCTqsOpbsakaktX4FS4cUxVIySqYKj3nYZm4xB2nyPsvQBr7oBr9miNx6IAOAzDqAO4LIUNQw4dPsx3v/s9crkct956K2vWtFJeXsHg4CBtbW3U1tbiuVf/2Get5Y033uT8+fNs3rSZj3/8Y9xx++3jdtA2NzWxceNN1FbX8O1nnuHEyZMY4Ec//CG37NhOS3ML9fUrJ7z0mBfD8zyMEwWGjuPQfvkyZ86e5eTJk7SuXs1TTz3Jzdtuprw8NRLEDofe7Zcv8+1vP8OzP/gBp06dwhDto/vd732Pm27aQFNT0w27kYMg4Oixo/zdt5/htddew3Ecmpqb+PznP8+77rqTysrKMY8rT6XYtfNWUqkyTp0+zRuvv8FLe/ZQUZ6iaVUTu3btnDBU7e/v59X9+/mrb/w1hw8fxnUd1q1bz0c+8ggfffyJMV+/4U7vzZs2UlPzKQqFPN09PXR3d/NX3/gGtXW1PPH446xbu/a64NtzYsScGMN7ZVtrSbgxYs50li8Hxxg8J4ZjnGKAb8FAuVdWvM3gGTc6v33nmOh1ufq1cR2X6kQVFfFyViRraU9f4WDnW2TCAD/0uTjYxivtr7KxZj1e3MNgKIQ+g/lB/DBaktzB4eLgJd7qOsztjTupTFROq7PZWktXtot97a/Rk+sFoi60QlBgqJCe+mslIiIiMtotj0HvBXj2t0tdiYiIiCwjCoBFRG5gogBaAbXI/LFdJ7H5NMNh1sjtNsSpbsKpbMRMJ9gqERMvx8TKsKPyKmMMpDuxgx1YP3/dctaO4xLzPKy1OI7Bi3mcPXeOEydP8vbhw3z2s5/jQx96mObm5pGu2a6ubrq7u2lsbLiuhoJf4P77H+Ced93F7bffPmHNDfX1fOhDH2JwaIiTp05hHIdMNsveva+waeMmVq68j4kaSxOJOJ7nYS0YE+2n+/3vf5+hwUHe/4H380tf+hItzc3Xv17G4Hkeq1ta+OIXvoC1lr/4+tfp6+vD8zw6Ozs5cPAttm/fzi07doz53NZa8vk8zzzzHc6ePYu1lorKCrZu3cp9776XRCJxw9pjsRitq1fzqac+yamTp7hy5QovvfRTKior2bZtG8nk+Mdbazl06DA/+tGPOXz4EIlEgiAIefQjH+GRD31oUuF5Q3099977bs6ePcf3//EfcV2HP//z/0Hr6lZWNTaSSqWuenyFlyLlJQlsiGtcQhuSdBPE3antlQxRB7BjnCjsxRlZqtMxBjNquWtLtFSzaxyMAWOjqHa8cNw1LjXJGh5c/R5O9Z0m7WdwjEMmyHCg6zCPF4Yoi5XhGpdCGAWyYfF6HGMYLAxxpv8sx7tPsmvVrbhm6nsB54I8Z/svsOfiz0auy1hLLsgzUFAHsIjIbNEyz7KsveeXoec8vPI/Sl2JiIiILBPTXydNREREZB6Ffe0YP9p39GoGp2IllFWXoqxpM/EUeLFrPkhisPksNjsIfu66YwqFAplsllgshuO4dHZ28uwPnuX48WP883/+z/jiFz7HurVrSSYSuI5DMpmkqWkVN9+8jfLy8quf3xjuuP0OHn/sUbZvn/zS1qtWNXLztm2sWbMG3/fxPI/Db7/NsePHKRQKEx5f8H0sFq/Y2WuM4dSpU9xxxx188AMPs2rVqgnPUVFRzv33v5f3PfTQyHN6nsuhQ29x9OjRcT+c4/s+Vzo62PvKXvr6+gBoqG/g/ve+l3g8PqlJ6VQqxa6dO6mpriYej9PX38/x48c5cvQoYRiOe9zAwCAvvPgie156Cc+L4fs+N9+8jZ27dtI4iWsetmXzZnbt2kUsFsN1PQYGBti3bx9Hjx27/nptQGgtLi4WiDkeeetTmOYedAZDwo3hFF+nqNvWkA3zI695zHgk3AShDbEWfBtS5iap8FLjntczLo2pehJuYqRbOLQhGT9DtpAdeV0LQbQEdPRc0fMZA1cyHfz4wh5yfm5aH8y6NHiJtzoP0Zfvi8Lf4u35IMdAfnBkKWsREZnYUvqA7FK6FlkgHv8t2HR/qasQERGRZUIBsIhIkQb4IgubHerABtcHjMaGkKjGxCtKUNUMeAlwPLCjQkNjIAyw+TQ2P3TdIcYxOK5b3G8VhgaHAMOmzZt56MEHKS8vxy3eH53O4LputOTyNeGm4zhs3rSRVY2rJux8vapsz6O+fiWbNm6Muq+NYWBggN6+XnL560Pra8XjCTwvhiV637XWUp5KsXvXLjZv3oQ7wf69w9e1Zs0atm7bSllZWbGjyKGjo4PLl6+Qz+fHPC6Xy3H23Dn6+wdGltGurq5m400bJ92R5DgOVVWV1NfXk0gksNbS0dHJq6++esMAeP/+/Rw5coRMJtpf1lp44P4HWNu6ZiQMn4yqqkpaW1ezprWVMAhwHIeDb73FkSNH8X3/mkcbGFmCOXq9XePhTKNLdvh8vg0xJuroHQ5GK73ykf13Y65H0k0QjPp37TourjP+cxpjiDvXBvDREs+O886/5+EO4NGBrMEh7Wc42X+Ks33nyQVj/92PJ+tnebv7GPuvvIlj3Cj8NYAxZIM8ffl+gjBQCCwiIiKz45O/Bys3lLoKERERWQYUAIuIiMiiEOYGseN0Lo61x+iCFxbABlxbtwXIp7GZ3usOcRwH1/PARhusFgoF1q1dy1133klDQ8OUl1UsLy8nHo9N47gKGhsbi3vAGoIgIJfLkc9NHL4lEgliXrRU9/C+vmvWrGHt2rU33Lv3WhXl5TQ3NdPc3EwYBhhjSKfTDA4OkBunjlw+z/lzF0a6ho0xJBIJaqon3z0+vBR1dU0NsVi0lPLQ0BCnTp0iCMYOgAuFAvv37+fc+fPF8N6QSqXYsWMHdXVT27fa8zxWrFjBunXrCMIQ13Foa2vj3PnzDAxcvVxxzPHwjMdwt2yIJe7EiN0gjL0RY8AYl+F/s9ZaDIZyLzUSADvGwRsVMHvGISTEt+N3HYc2ZCA/SFB8jMUSczwaylaSir1z7nyQpz8/8E6gPXK8pTfXx3MX9tCT653SB7rO9p/jSPcxOrNdI6H28OGFMM9gfpB8kL925XkRERGR6Smrhqf+U/RBUBEREZE5pABYRGSOqKNYZJaFATBGwGaIumX9zLyXNCP5DPiF68JXg8UGeShkrzvEGAfXcUc6ZzGGtevWcvO2bfO6p148EaeqqoowfOd9LgyjMHfCY2OxKMQeOS5kw003UVdXhzuFTljXdamtqWHtmrUjdQRBQDabI5cbuxPZL/h0dXeNvD8bY3Cc6GsqjDEkiktGGwO+X6Cvvy/qFL3mvT8MQ3p7ezl+/Dg93d04joPneTQ1NdHS3EyyrGycZxlfRUUFzS0tUQDrOGQyGbq6uujp7bnqcZ7jEiv+e4HhYNXFNdMfAnjGw5goDx2+0qQbH1kWOrQWnwDHOBgY2S94dEfwtfJBgeN9J8kGuZE6y2Pl7Fx5S7TncLHeTJClJ9eLAVzjEXNi0V7DQCEo8Mrl/ZzrP09mku8FGT/Lmx2HONF3CoMh5ZURH1mGGvwwIO1nyAY5dQCLiIjI7GnZCU/+TqmrEBERkSVOAbCIiIgsDm4sakG8hsVg053YbF8Jipo+m0+Puc/vcPuhHeNajTE47nCXoiUej7GibgUrVqyc63KvrmPkP6P3YjWYSSzfXPwbe+dP1rJmTSsVlVNbwnu4i7ahof6dmiz4QTDuXsTGcP0S05arguzJsERdvbbYiX0jYRhy6VIbnV1d5IpLU8diMTZs2EBVVeWUln8eVpYsY0XdinfqsZb00BD9/QNXPc41Lo5xRl5ta8Ep3jZdnnGLe/8Wz2og5sQY3jnXtz75sIBb7AK2AMbBjDPsyAd5LqevsO/ya6QLGayFhJtgbWUr9zTfSdyLA1GXcLqQpjvTDUBlvILm8lVUJ6qj7wcsXdluDnQc4kq6Y8LA1mI533+eA12HuDTUTmW8gk01N1GXqMUtLgUd2pB8mCc7zb2FRUTkxvTeKsvarY/D+/9VqasQERGRJUwBsIiIiCwKJlaGMWMslWYcbP9l7GDX1fvpLmTWYrP92ELm+pjKOFFAGl67n2sxADZOMSO2lJWlqKysnNIevjMxvGRzT28v589fwBkVpjqOwXUn/tEynU6PLNE83GlZv7Kesml0wnqeS7Is+c4Esil+RmCcbuhEIsG6dWtxnKgrdXjPXs+b2hJ8QRDQ19dHoZAvHh+jorwC13Gu68QOgoBLly6RzmSiOq3FdR3q61cShiH5fH7UV4FC4fqv0Y+JupstqVQZYRiOdIPnC3lyuau7xh0MBnN9V7IN8UN/5KsQ+hTCQvHX0bcN314oPjbAMYx8SAEAa4p7Cg8vyzz8gYCRBxQ/MHDNUufW4oc+bUPt7LnwMw52HSYX5MDApuoNfHDNQ7RWrR4JkoMwYLAwSHe+F6yhIdXAg63vZfuKbdHzES0//XL7Pk73n8Uf4/vnqtcgDHnx4s+4NHgJg2F1RQtPbHiEloomYo5X/GiDxQ+CKABWB7CIiIjMtgf+Bex+qtRViIiIyBKlDSdEZNmZySfN9Sl1kdJxylcQut51MYwxDuFAB+HAZWwhi4mnSlLf5Fmsn8UOXIbsAOa6bkwLsTJM8vp9aaMli90oQLaWRCJBIpHA9aa3p+ukK7aWdDpDZ1cnBw++xU9+8hP2vPQSsVic4d2XPdebVJCaLxQIgmjPXmstnueRzWYJ/BsHdmOeK59noL+fRDxOWOzGdR0Xb5zXIx6P09zcQiIRLfMbhiFDQ0O0X77M6tUtk3rOMAxJD6Xp7Owkn88zHMauW79+zCWsow7gS+RzuZEu6Vwuz8s/f5mhwaGRDt14IkEykSDmuXjxOI5jCIMgCoV9n1wuRy6XxXNdstkcZ86cIRaPRZ2qYUjgBwT+jZfg9hyX430n8U/57Gt/Dde4uI7DQGEQPwwwxiXmxIkbF58Q3/oEoY/BkHBiJNw4B7sOk/YzUbCMHbcB2lLMfC0ENiQIfYIwAAM5P09HppNDXW/zSvt+3u4+ShD6JL0y7l51J/evfjc3r9h61fn80CfjZ6PlnQ3EHJc1latJuHFO9p3i/MBFXMelK9fN211HWVvZyoaa9WPWlg/ytA228WbnW3TlemgpX8Wu+ltoLZ5vdJQd4JPxMwqARUSmyVo77W0qZnKsyKLxia9C92k4+2qpKxEREZElRgGwiIiILAqmsgHrxse4w0AhQ9h7kbD3PG7DlvkvbiqsxQ51Eg52YgvZqzsjh5cUjiUxicrrDjXFDldbfOjwHrazNTUaBCHpTJrenl56envp7u7iypUOLl66yLmz5+jv72conSadTlNeXs7Q0NA7RQGTysjsO1GaMQbXdcnn85PaP/haobUEYVh8UaKzep5HPD7GvxOiAHh1Swvr169ncHCAwcEhurq7OXDgALfftntSk8yZbJYjx47S29tLEIQYDHW1dezaeetVHdEjNYYhV7q6KPh+cc9gQxAEdHR08PLevVFgHfOIxxPEYjFisaib1gyvs22jLtSg+GXDEN8PyOazVFdVR0uBFwqUl5cTG+e6RzqjMQzmBzndf5b29GUc4+Aah9BGH6RwiOoLsYQ2ICTE2hBstPSz67h0Z3vww6B40vH/wke/kuf6z/HDsz/hSPdRHAxd2R56cj30ZHvJ+lmay5tYX72Wm6o3sKn2JporVlHmJa86Xz4skPWzUWevgTKvjFQsxcaaDeyo28bZgfO4Ntrv+FD3UVorW1lT1YrnXD3csVj68wP88NwLdGV7wML66nXsrr+FuBenIlaB47gUm+zxw4ChwlDxAwYiIiIic+DJ/wRfewKGOktdiYiIiCwhCoBFZElSp67I0uPUrMbEkmNmjNZawq5TBJcO4tZvghnscTrnbEjYeRKb7oEwgGtDQ9fDxMsxifJxTzE6XJvpu53v+3R2dXHu3DnOnj3HuXPn6OnpIZOJlqeOx+MkE0mqqqtYuXIlVVVVWCwnTpzk2WefxfO8KNQMA/zJdPGaqwPr4Q7Wab9tj3HgeP8PcF2X6uoqPvjBh+m4coUTgyfp7u7mlX37eOyxR6mrrb1hF3MYhnR1dfHss88yODRIEPjUr6xn+/btbNq0acwAOQxDBvr7RgLuMAwpLy/n3nvuobW1lWQygefFiMViOK6L5zrFPYktjuNEHe42xIZ2ZAnuMAyxREtYDz/j2rVraWluvuHLZAlZlWpga91mGlINUfe2MSP7Ag/v7RvYsNjxakeWGweDtSH72l/jVP8ZMhP9XY/8FRiGCkMc7z3Jqb7TOMYhXUiTCbKsSNZxy4qb2d2wk1XlDTSk6qmIlV8X2gLkgjwZP0dYXOa9Ml5J3I1Rn1zBlrrN7L28n95cH45xuJLu4GjPcXas3Mb66rVXn8fPcWHgEnvbXyVdSNOUWsWW2s20VDYT2pDqRNXIHsCWqPO4L9c38rwiIiIis662FZ78D/DfvlDqSkRERGQJUQAsIjJLFDqLzC2ndg2mrAYc77q9fo0xhD0XCS68QbjhPpzKxnH3gS0tiw3y+Bdex6Z7x7zfxMswySpM7Po9cYtbyALFEDhK9aZXibX09vZx9NhRDh58i7cOHeLEiRP09/fT0FBPfX09TauaWLN2DRvWb2DVqkaqKiupqKyk/fJlvvOd7xb30LUYJ3qtpxuSmeF1pKd6HGCK+/lG54lCyvAG3cSxWIyHHnyQ48ePMzA4SGdnB4cPH+aHP/wRDz5wPw0NDWOGwEEQcOVKB3v37uWF518gnc5QVpZi1+5d3H//e1lRVzdmAGytpVAojOw3HIYhZckk73voIe699x5SqRTGcXAdN+rmNmbU9TjF5uYo/LXF89kwJLSWsLiUtud5OI4zZgfyVdcQhrSUN/Hu5rvZWrd5nFd0jEC9+F8/9OlMd3FxqI20n77hcxV72QGoSdZSGa+gN9dH+1A7rnGxhMTdGKvKG7m9cSflsfE/8ACQ9bOk/TQWi8FQFasg5sRIxVKsq2pl58odvHDxpxgMBZvnTP9ZXr/yJqsrm/Ecb2TJ6o5MF290HKAtHdWxfcVWttZuoswrI+NnqE1UjwTQBvDDAp2ZbgXAIiIiMrc2PQAf+Qr8/VdKXYmIiIgsEQqARUTmgcJhkZkzlQ04Nc2EHSewmd6ru3yNA/khgsvHCM68jLn5wxgvzrRSxbkU+NihLoKzr2IzfdeH1DbEpOpwyldEQfe1rI2W5B214vJ03l/CMCSTyfDzl1/mG9/4Bm+8+Qa5XJ4VK1Zw15138eEPf5Ad27ezcuXKMZdTbmtrI5PJ4BTDV8c4xLwYMS825VpmwnVdEvHEyJ7CUQjq3nApZ2MMqxob+dhHP4rv+/z4xz9mYKCfP/za13Ach7vuvGPkuofD2ILv093VzU9/9jO++a1v0tHRQUVFBTtuuZVHPvwI77733nGf0xhDoniu0bfF43GSySSp1PzsWR1Fu7a41LPz/7N350GSnOd957/vm5l1n93Vd/f0MfcJEDcIgBJPiaQIiKYgeyWHY0O7ayn2D214bUVsxDpW9tprSZav/WvXERtrW3ZYEqUQybUp8RBAEgQIAhwAgxnM2dfM9H1Vd1d33Zn57h9ZXdMz0z3TMzh6ZvB8GEOiq6sy38zKHqLrl8/zoLetkt/+3PnKb1QlNxL721x7jRpi9iR7OZE7xkplmf86/h1qXg2DZrY4xzsL73Igs5djuSPYls12Dc3XauusVguN3ueauBPH0UH1eXusnWe7nuZnc+9Q9sooo5ktzXFy7hRPdj5GZ6IDS1nUvBrjq5f5ycwbgKIlkuVE7hj9qT4AtNKkwynsRgtopRR132W+vIhn7rxFuRBCiI/OreYFyyxhcd94+jdgcQze+KPdXokQQgghHgASAAshhBDivqCsMLr9IGrmHH4pj7oxwFIaf2WS2lt/jLXnMVSyA6yPNpC8HVMr4k28g786DX4NlHX9941BZftQmZ4t21hfC3zV+8q2y+Uy75w6xR/8wR8wNzeHAQYGBvjVF1/kV3/1V4nHoresJq3VaqytrWFZwfo3qlBv1T752kEYbqoy3eKhnQhHImQyGWq1KqFQCK01juNsOwN4s+PHjpFKpRgaGuJb3/oWFy9c5Pd+//d55plneO7ZZxkaGsJxHGq1KjOzs3z/+3/N66+/ztpagWQyxYsvvsgLLzzPvr17cZztrzOtNal0GsexAdNol+2zsLh0V3OP71rjevGb7Z3vbiNq24h2MxPc22A2voKuRCePtJ1gqbzEqzNvUPNraBQjK2P80YU/5h888tu0x9tw9NbncrVWYLm6ErQQV5BsVAADxJ0YQ5kBTrQe4dTimWBWsHGZKc3y48mf8Py+LxFzYsyuz3Ehf4mp4gwKxTOdTzGU7idsh5tHF7fjzRbQAJ7xWamt4vpes/pYCCGEEOJD85V/CgujMPbabq9ECCGEEPc5CYCFEEIIcd+weh/Cu3oSf2H45m8qhTIepjBH9bV/S/jp/x6d7btn5gEbr4a3NEb15H/GuFUUN69LobCye9Cprq23YQy+3wjXmmXA5naFmNdxXZex8XH+8F/8S/LLyxigt6eHz332s7zwwvO3DX8BbNsmEongui6WFbQutm0Ly7Zu+TqAaDSKYzvX2hxrjef7d1XJbHy/Uf2rg8JQwLatHQXRSim6u7p55pPPsFZYZ2RkFCfkcGn4ElNTU81w2/g+KEUsFuNzn/schw4d4ujhwwwM9NPS0nLbfVmWxeDAAOFwpPHeKTzPI5//8APgIOoNQsuN07vRTvruNOYDm9WCkQ0AACAASURBVBsfc9lIezci4mvPUXi+i+vXaY228NX9X2GhsszwyghVr4JnfGaL8/zni3/Orx98ka5E501VWsYY1mrrrNXWg58RZZEIJXA2VcnHQzG+0P8ZxteuUnYraGWxVlvnh9M/4enuJ+hMdPDe0nneXjiNrW2STpLHOh8mF8s1t6GUImyFsbDY+PnyjMd6vYjr16WCTAghhBAfja/9S/i/X4C1ud1eiRBCCCHuYxIACyGEEOK+oVM96Nxe1NRpzPoi6BsCR6UwbhV3/A10sh3n8C+gc3tvqrT96Bn8pcu4F1/C5K+gMNu0f04HFcDxlm2306wAhk0teHce6K2srHL+/EUuXbrUDLP27dvH008/ve0c2xtttFv2fb8RFiu00ugdvDYUCmE7dqOVbxCGOo6DZd15UO+6HuVKpRlYK612NAsXgjbYly5d4qWXX+ZnPzvJZz7zGR577FGymSxKBUF5ENAqQiGHVCpFS0sLra2ttGSzhMPhHZ0ry7IYHBwkHo+hVHDuarUal4aHqVSqH2qo6Bn/utm1Sin8xn/uVt14zQrijSrfuldvPuYoh7AO4/kelraCGcYEw6tDlkNXvJMXhn6RPx/5/xheHsXHp+bXeHfhPXoT3Xyq5xm6k13X1dl6xqNYL1KsF5sBcMyJYm0KgB3tsD+zl6H0AOu1dYpuCd945Ct5fjb3Nr3FHi4uDzNfWiBux/hU9yfpSXQTscLXzg+KqBMN1t2YGewbj2KtSG3TMQohhPhwyI02QjSku4MQ+N//7d1eiRBCCCHuYxIACyGEEOK+oUJRrK6j+HMXcIdf2eoZAJjyCu7Fl0Fp7IM+Vm7/zWHxR8bg56/gjr6CO/46+N7NazEGfA/deRid7UM5W8+FNeb6mb8bM1bvxPLKMiMjI9Tr9Wbb5Lb2dvr6enf8oavv+dTrtWagCeD53h1UtKogrDcG13VJxOO3bKO8nbpbp1gsYlm60RJc4Ruzo3WMjo3xne9+l5defolQKMxv/ub/wLGjR0kmk0FQ2qguRilsy8Kybj1beDuWZdHX10d7ezvj4+PUajXq9ToXL15gYWGBXK51Ry2r70bdd6n7XjOY35hp676Pebau7zaqiq/ddlD1aviN61IrhaU0Pj4WFp7xsZTGVsGvHba2OZ47ymxpnqpbZbxwGYNmrb7Ga9M/JR1OE7UjtESz1+2zWC9SdstBu3FtB5W6m6r7tdLEQ3EeaTvBXHGescJ4cIOBcfnpzM/IhIPWz57xyIQyPNP9JKlw8qbZzBErjK3tZgDtG0PZrVD1qvjGx9r1m0mEEOLjTUJi8bGx71Pwpd+Fv/zHu70SIYQQQtyn7o2eiEIIIYQQO6LQ7Qexej+BiiTBbF3JqLSFvzKFe/Gvcc99B2/hIsatcFeDZt8P4+GvTOJeehn30suY5altg2ijNPbAk+h077Ztq4P2vf511ZFBKLzzJRXXi8zNz6G1RimFUgrHce4ogHVdl0qlgtZWs9rW8zxc9/bBYq1Wx3Xd5te+5+GEnB1V7d7I83xqtRoQhHcK8Fz3uu1v/TqP1177CS+9/DLz8/Mc2L+fp558kmw2i23bWJaF4zhEIhEi4TC2bd/1h81aa1pbWzl65ChtbW34fhBQT09Pc/bcOVZWVu5qu5tt19LZNS6e8ZpzezWKmu/i+XcXAAd78dnc7tlgKLrlZqWxZ3zq/rXz7xkfjcbedN2H7TBPdz3BE52P0hLJ4mOwlMXV9Ul+OvMzzuUvUvNqzedX3SoltxTMDVaasA7hWA76hp8TpRTHc0cZSO0hbEWas6XHCpd5e+E0s6V5UqEke9MDDGUGcfT1wbtCYVsOtrr2fhtjqPk1qm4V37/7ymkhhBBCiDv2yf8OHv+13V6FEEIIIe5TEgALIYQQ4r6i4y1YXYfRPSeCatrt0k9t4S9PU3/vL6m9+R/xF4Yx1fXgNR82YzBuFX9tnvqZb1E/81/w50dgq5DTGNAanerA6j6B3rb9c/Bc3zdcS4DNpj874/ke9VrtuhDZdV3c+q1D02tLMNTqNUql0g2h6M4C0kq1Sr1eb35tWRbrxRL124S2W9GNVtQbFb+Gm6ukt1p/sVji5MmTXLlyhWgkSjwe/1CriWzL4lPPPceBAwdRjcpn3/d56eWXuXzl6m0D61vZCOM3gvDNgipdH980mzbjG+99tIA22EoH69/UinzdKzYD4Lpfp+JVr6vO9XzvptC5NdrCk52P8WTnE0H1tgpC4NOL7/Ha9E+ZXJtuvo/r9RJFt4xrvGBOrx0mpJ0t37P2WBsHsvvojndsan99LcztinfyXM/TRO3Ili3LbW01wmWrWWHv+i4lt4T3PiqnhRBCCCHuygu/D/2P7fYqhBBCCHEfkgBYCCGEEPcZhW47gHPsl8C6zTQLrTGVAu7Ijyl/+3dxL3wPU1yADznIMfUS3uxZKn/9z6md+ib+6sz2LaiND04M5/G/jc70gbV9O2DP96m7dbTSQaR1h9W/EMzgjScSzdbRnueyurpKfnl5R6+v1WrMzs4yPDyCboSZCrAsjWXfvj1utVpthr1KgbY06+trWwaYt+N5HtVK9bog73ZBrjGGfD5PqVwGDOVKhanpaSrVarON8Yfh8OFDPPzwQ3R2duJ5Hrbt8Prrr/PWyZPMzy/c9XYnJiZ56+23uXzlyk3fs5WFhW5UAQetlB1lN9sx3yljDFW33jxPfiMIjuprYWqtEQBrpVEKbKUpe1WKbvmm7e1J9fJk56PsSw/i+Y3KdgXvLp7hL0b+C8V6EWMMK9VVivUSxhg0mpgdbbRpvvlXGaUUx1oPc7jl4HW3RhgMIStEb6KHo61Htjw+hcLRDhErjLXpZg3P+CyWl6h6d36NCiGEEEK8b1/9FxBJ7fYqhBBCCHGfkQBYCCGEEPcdFYpjdR4h9OTfgVAMbtWaVSnwXUxhjuobf0TlB/+G+nv/FX/5Ksavb/+6u2CqBdyJk9Re/3+p/vUf4k+eglopWMOWL/AhHMPqPoqz7+eCtta3oLXC1hrX80AFgbDneUFV8A61trRw8MCBazNbtcXFixd5/fXXqd+mCrhSqfDSyy/zF9/4BnNzs6hGSOa6Lp63s6pSywpeE7TTVXheY3bwXYSv9Xqd9VIxaPnduAYcx77lTF2lFMlkMph/rDTVaoULFy7wr/71v+F73/trTr17mpGRUSanppidnWV8fJyJiUnm5xfI5/Pk83kKa2tUq3fWEjgUCvG5z36WF55/nng8Tr1exxjDX3zzm3z9z77O2Nj4jrcVVDEXef2NN/hnv/97nDz5Ft4W7bc3KmctbYECS2vKXuW69so73idB2LvulvCNj1YbDaANnu82g1aNQqPwjB+MtjamUYV887mytc1QZoAXhr5MOpxGNV5bcaucX77In178C9Zq66zV1qm6VQwGrRQxO4atrW1/rHKxHHvTg/TEu5tVu77x6E/2caT1EFEnsvULVbCmuBPD0Q40Zh1jfJYqy3d13oQQQggh3rfcEHz1D3d7FUIIIYS4z9zd7f9CCCGEELtJaXQih3P4F/HzE7hXT0KlsO3sXFDge5jVWbzqOv7qDHryHXRuL3bnEVS6GxVJo+zw9pW6W/FdTK2IKeXxF0bwZs/jLYzg569gCrPNtW5pI4BtGcQ5/jw60XbbfWulsSwL3/ewLKsRnrp3FERmMlkOHz7EQP8As7OzKAXzc3O89tpr9PX18annniWRSDRn8hpjqLsuCwsLfPd732P40jCZTIZnn32Wl156Gdu2qNVq5PNL5JeWiPX23nL/9Xod77qWx4pyubyj+cGbGWPwfA+3EaQGlb+NRse3qAJWSpFIxBkaHOTcuXPMzc2xurrKSy+9xIXzF0ilkoTDYWzHRqugvbRuzATWOpiZHA5HSCYSdHZ2MjDQT/+efnJtORx7+3+1VkrR29PD5z/3OSqVCt/45jcpFApMTU3yne9+l/zyMj/3qZ/joYdOkEomcZybWxzX63UKhQLjly9z8uRbvPraq4yPX+apJ5+ipfXm1uF1v47buMkhuNwUNb9G/W5ufDDgG5+6X2+GuRvnfCMUbr4nxr2+xbjvbts+OeHEOdxykC/2f47vXPlrVqsFtILVaoE3596iL9nLUmWZklsK9okKKnSV1ZhsfLOQ5TCUHuQTbSeYKE6hMVjKZig9wMHM3ptmB29QKCxlEXfijQC4cejKsFxdpfYB3zAihBBCCLFjR78In/l78PK/3u2VCCGEEOI+IQGwEELcpVvNmBRCfASsELqlH+folzC1It7UaaiXtw9clQKlMNV1zNwF/KVx1NQZ/Jmz6EwvKtmBTrahYi2oUAzsCFiNEMiYa1W8Xg1TL2Mq65jiEmZtBr8wh78wgr80jimvXtvftnNxDRgfnRvCOfBp7P4ndhQ8u55LpVoJZrB6HvV6vRGc7vzvo2g0wtDgEF/5pV/iG9/6JosLi5QrFS5dusTXv/51FhYX2Du0l3Q6hdaaYrHI1NQ0o2OjjI+PMzQ4xCOPPEK5XOLNN9+kVCrjei5nz53jL//qOzz6yCOEIxEGBvqJx2I3hZiVSpVardYMrY0xrK4W7rgFtDEG13WDSlzPQ2uN63rU625zJvB2QqEQn/zkJ1nK5/np66+TX15mYWGBubm5Tes1jbddoXTQclupIAAOhUJEIhFyuRz9e/awf98+Dh85wiOf+ATpdArL2vq9dByHffv28rW/8VW01vzs5EnGx8cYHx8nn19mcnKK8+fP0dvbR1tbjng8jmXZKAXlcoWZ6WkmJicYHhlhZGQUYwyf+fSneeSRT5DNZm/an+u71H0X3/jN2cMVt0LN3xya7/B8E4S7ZbdM3a83W4j7xqfqVYMAGEPVr1Gul/G51mqo4lUob9ECGoKbGtLhJJ/ue46raxOcXjzHer2Ib1wWyku8PPEKBkO+stwMfC2ttw1/IQhyO2JtHM8d4bWZn7JcXaEn3s3e9CDt8fZbHqdWinAjYPaNabY5z1fyUgEshBBCiN31mb8Hcxfg7F/t9kqEEEIIcR+QAFgIIYQQ9y9lYQ08iV1cAreKN3sO3Pr2LZfhWkDs1jDLk7jLV0FZEE2j013oTDc61oqKpoP20qYxaFdpUGCqa5jyahD6rkwGlb61Rril1C2qkDfxfVSyHfvgZ7EPfwEVvnXr5w1u3aVec0mn02htYds2Sqk7qgBWSpHLtfK1r32N/Moyb518i7m5WYqlIm/+7E3OnT/P0aNHaW9vx7YtCoU1Jien8H2XL3z+C3zhC59n3969TE1P89yzz3Hq3XcpFAqMjo7xjfVvMD0zzZ49/bS0ZIlFozeFjK5bR2tNPB7HcRxqtVpjLvCdVVduBMCe75NKp9FKoS0LA80Zw7c6B088/hiWpQk5Dq/8+McsLCygtca2bSzbwrZstNbN4NT3PFzPw3NdyuUypVKJpaUlLly4wI9ffZUDBw7wN198kWeffZbW1tZmq+sbhcNh9u7dy2/95t9l7769/PAHP+TS8DDLy8u8+cYbvPHGT+nq6qavr4/WlhZC4RCgWF1d5fL4OIW1ApFwhD179vD5L3ye5559lva2NhzHuWlfjnZIh9L0JLqxlYVrPFrCWULawWBuGaJuxccnZsfojHcEzZ+NIWyFSIdSWMpq7jMTzqC1haU0PoZ0KN38/lZsbdMZ7+BTPc9Q910m1qZwdHBtF+tFLK3JhFMkQwlCVojWSGvQ1voWIk6EvlQvT3Q+ypmlczza9hB7M4OEbzFje0NLJENXvANb283ZxiF9+9cJIYQQQnzovvqHMHsBlnY+PkQIIYQQH08SAAshhBDivqasEM7RL6OcKMar402/h7pF2HTthaoRFDdaHZdX8UvL+NPvbTwBo0ApHTzPmMasYXPt9QTfM9raeZRmDFg2oeO/hH34C+hk5w5fZohEI/QP7CEaixKNRllfL5JKpahWayR3liEDQSVqb083v/P3/z4vvfQyf/Wd73D69GnKpRL1eo23334LDFi2RS7XxhOPP8GLL/4KBw7sJx6LAdDT3c0//If/K3/2Z3/OqVOnWF5eJhKN4nkevT09RCORLStMtbbo7e3liSeeIJVMsl4s0pZrw7FvDjBvez4iEQYHBhgcGMDSFsVyifb2NswOAnHbtjl29Cie57O8ssLLL79MNBqltaWF1lwrmUyWRDJJLBKhXCmzvrbOysoKS/kl8vllKpVKsxNEtVrl1KlTnDt7ln/+B3/AM898klQqte2+tdakUim+9tWv8qlnn+XkW2/zyiuvcOrdd1lcXGR+fj5ozw3B9WUMjuPQ1dXFZz79GZ599lkefugEbW1t258foD/Vx5cGPg+Ah4cxhpB26Ep0sX11+vYc7fCF/s9iKwswuMbD0TYpJ0nMiaJQ7MsM8eL+X8ZSmopfRaMJW2HaY7nbbv/xjkdIOgny1ZUgqFWKiA4TsUJ4GKpeDWMM2VCauB275bYUivZYG7+y7wUe6XiYvkQPbdHWHR3nQ7lj9Ma7KXtVDD4GiFlR2qK3PwYhhBDccZcJIcQdiKTgq/8c/p8Xd3slQgghhLjHKSM9TIUQ97C7/SvqVq/b7ntbPX7jY5u/vtX3tntuLHbrD6yFEHfLYKrruFdPUnvzj/CmzwYfPO6kGneLbQVu0b75lt/f7mVB22dsh9DTv4Fz8HPodA/ond+PV6lUKBaLgEJrhet6hMMhYrEY9i3mz26/JEO5UmF5eZm52TmmpqcZGx/D0hadnZ10d3fT1pYj19rarNjd/IGu7/sUSyXKpRKu66Iti0g4TCQSIRQKNecI33gMpVIZz/ewG3OMg7m8CcLh8B2tvVKpsL6+jmVZKKVwXZdQOEwiHt+2DfOG8cuX+fa3/5Lvff97rK2t88Uv/iJPPv4EXV1dxBNxwqEQlm2jUEH7Y9elVquxXiwyPzfPyz/4AT/44Q+YnZ1rHKehXq/z5JNP8Vu/+Xd5+qmntjz+G3meT61WpVgssbKyQn55mXw+z/T0FIVCgUgkSk9PD+3tbbTlcmQyGWKxGI4T2rbKeIPre/iN2bubr1pLW7esyN2OMYaaX+dak+xge1ppLB3M5PWMh+ffuE+FpfVt92kwjXnBfrM6WaGaBf3B/5Wa6/Z3u+35JtimrS20unXr6A2e7+E1WlpvUKjmNoQQQmyvVGrMbN/07wvb/fPdfL3dY7d6/HbfuxUJssU96/V/B9/+3d1ehRBCCCE+Qqf+1o/u6PkSAAsh7mkSAAshdswYTGUFb+Ys9fPfwRv7KaZSaLRu3uUP73wftIXK9uGceB5n36fQyQ7YQTvazTb+Ltn4MPLGr++W53nUanUqlTLFYhGlFJFIhEg0SsgJ4Ti3DpeNMc1qn9utZfPfjRvtlTd/fSfu5nx4ns87p07xZ3/+Z7z11tt0dHTwqy/+Cg8//DAt2RYikXAzUN68nY1j9DyParXGwsICr//0db797b/knVOn0Frj+x7xeJzf/u3f5oXnnyd1B2XZQUvrYK5zvV6jXK4E7bIti2gkSjgcIhQKNdcmhBBC3IskABbiI/SN34G3/nS3VyGEEEKIj8idBsDSAloIIYQQDwalUJEMdt8jqHACN9mFd+UNvKUrUC8Hc34/6s/wjAEMxLNYnUew9z6LvfdZdKwVbjPDdCs7+VD0bliWRTRqEY1GyGazd7Wuna7lgzyGO91WvV5nZmaWP/3613nllVfo6enhi7/4i3z653/+li2bN7atlEJrjeM4JBJxYrEoxfUiS/k8ly9fxrYt1tbWmJ+bY3V19Y4CYKUUjmM3wvYo6XR6x68VQgghhBAfQ7/8BzB9Fmbeu/1zhRBCCPGxIwGwEEIIIR4cSoETw+p5GBXPodOdqCs/w5sfxhRmwPcA9eFXBDeCX2WHUNk9WD3HsQc/idX3CCqU+HD3LbZkjCG/vMx3v/99fvjDH1KtVnnsscf49KdvH/5up6Ojg0cffYTh4WFGR0ex7SDULxZLlErlD3L5QgghhBBCXE/pIAT+v7682ysRQgghxD1IAmAhhBBCPJB0phedbEd3H8cdew334kuY9UVMrQieG4S0Cu6kLHhj5un2TzBBuGyHUJEUVrYb+/AXsfqfQKe67nImsfgguK7L1OQUf/zHf8za2hp9fX3s2ztEZ0fH+9puT08P+/bvv6m9pbSMFEIIIYQQH7qe4/DLvw/f/F92eyVCCCGEuMdIACyEEEKIB5cVwmo7gM724xz4NO7wD3Ev/gB/aRxTLzcSXWvHFcHbPssYDAZlDMqJojsO4Rz7CvbgU6hoBrT8K9duK5fLzMzOMDMzg+/7dHV2kmvNYVl33op7s1gsRiaTJhQKNecEx+Nx4jLzXQghhBBCfBQe+zWYfg/e/E+7vRIhhBBC3EPk00ghhBBCPPCUFUKlenCO/zL24LN4i8N4M2fxZs7hzw+DW220baYRBt/QJnrjH03zv4LQ15ig0tN2sHJ7sXofxuo+gZUbQiXaUE4MtFT93gtKpRILi4u4rosxhkgkQigUev8bVgqlNUqB5/mEw2FaW1tIpXY+/xfA931qtRoAtm1jWdZ1VcTGGDzfD645gqtQN2YSbzzPGIPfeM5WNsJu3/ev+/rG1964782MMbiui+d5jbnFDnqLa3zz87TWWJa1o/1t9bjneTcdk7rh2G88l57r4XoulmXhOM512zfG4Hn+Tfd9GGPQWm+53Y01bHx/8+Ob1+P7fvPc7GStm4/Z932UUlueD9/3m+dxq/O88ZqbrpnG+d+85o3Ht1pX8/wD9i1ujjDGUK/Xm+vafI4372O7rgmbr8WNv0c3H9vGMQPN9W9+7Lq1cO1nAWiej62OeeN4N5/vrdi2/JoshBDiPvP8P4OpMzD17m6vRAghhBD3CPnNVgghhBAPPqXAclDRDCqcQCVyWO2H8Pf+HP7qJGZ9AbM2j7++gCkuYUorUC9hNreKVhqlbQhFg+3EWlGJHDrRhkq2ozM96GQHKpYN5vzq91dZKj5YfiP02wibarUadbf+vrdbrVYpFou4rofneRw9cpS+vj1Ed1gBXK/XmZub48qVKyzm8ygU4XCI7q5uent7yGQyGGNYXFxkZHSU1cJaMwSzbZvO9nb27NlDOp1itVDg/PnzrBdLuG4Qzm3cr+A4Nk8+8QThcJjx8css5Zfo7e1lcGAAgPX1da5OTFBcL3Lo0EGSyeR14Zjv+1QqFS5cvMj8/ALVahXHcWjJtnDo0AGSySSWZeF5Hmtra0xMTDA5NU29XkdrTSaTZk9fH319fSilKBTWuHL1CuVymaGhIXKtrY3HC1ydmKBUKnHi+HFCoRBnz55jfnGBet3F+D4ohW3btOVa6e3pIZfLNdeaz+e5cuUKc/PzVKs1bMemp7ubgf4BUqkklUqFqelpRkfH8I2P8U0zXLZtm76+XgYHB4lFo81j9zyPs+fOUSis0dfXy57GMRhjOH/+AqVSia6uLtrb25idnWNkdIRard4IUg2ObZNMJtk7NERLSwuO49x0DVwaHmFmdpZoNMLewUE6OjrQWjMzM8PViQnWiyWymTTHjh4lHA4DUKvVWFhY4L2z52hpaWHv0CAtLS1AEHgW14ucOXuWUMhhT18fbW1tABSLRS5cvEgsFmNwYIBo41iNMVy5epXJyUls2+bE8eNEo9HrrgPP81hZWWFkbIz8Up5avYbjOGSzWYYGBmlpyWLbNnPz84yOjlJYW8Nv/NxtJMHxeJzHH30U1/MYGx1jKb9EJp3myJEjxGIxfN9nbGyMyakptNZ0dXUzONDP1YkJZmZmKBaL1F2vedOObwx7+vo4uH8/vvF58+RJkokEA/395HK55rV78u236e7qIplIsLi0xNj4eBBe28H74TZCfse2+cLnP7ejn18hhBDinvLC7wXzgLe5GVAIIYQQHy8SAAshhBDi40XbQYAbzaBb+jG1w5hKAVNexpRWMOXGn9o6uC6mEX4oY8B2UKEEKppubiP4k0KF4jLj9x4WDoVIJhLNCsDllRUKhUKzgvFu5fN5pqdncF0XgCefepKB/v5bVk9u8H2fq1cnuDQ8TD6fJxqLErIdVlZWKKytUSwVOXjgAKlUikKhwPj4Zer1OqlUCqUVa2sFlhYX8X2fvXuHKJVKjI6PUyyWyLW0EA4HFc7GgO8HHwS6rsvc/ByXhkdYW1ujo62dSDRCpVpldnaO5eVl+vv7SSQS1wV/5XKZi5eGGRkdJRQK4dgO5XKZ4aVh1ovrPP7Yo6RSKVZWVhgeGWVsfAytLaKRCLV6janpaVZWVtFa09nZSaVSYWZmlkKhQHt7O7nWVgAqlQqzM7OsrK5y+NAhbNtmYnKyGY7G43GMMayv1cnnl6hUKti2TTqdplQqcebsWRbmF0BByHZYXy9y5r2z1Ko19u3bi9KahYUFLly8SGdnJ9FIpPn+G7N19bTv+0xPzzA/P088HqOvt7d5bqZnZlhZXSESjZDNZsgv57k0PEImnW6Gp5Vyhbm5edbW1nnooRO0t7XdVEU8MzPDpZFhYrEY4VCIXC6HMYbpmRnOX7hItVqlo6OdgwcONgPgYrHI2Pg4Fy5eJJ1Jk06nSKfTWJaFMYZKtcLVq1epVCt4rksymSQcDlOrVpmYnCSdStPb09MMgKvVKlevXuX8hYvEolHa29rYs2dPsxrWdV3y+Txvv/MOyysrhJwQjuNQKpVYXFgkv5TnsUcfpbW1hUKhwNjly1TKZdpyOSzLvtY8oRG6l0tlJiYnuToxQVtbLng/olFqtRqTU9NcuHiJcDiMbTvs6etlYXGR8fHLuJ5HS0sWra69bxgf3/hUq1XGxoJrz7Js4vE4oVCIWq3G+Pg4jm0TcpygAtjzqNfqTC5OYVkWiUSCeDyG78vf40K8X9tV1wshPmTdx+D534NvyTxgIYQQQkgALIQQQoiPM6WDiuBwAtLdwWPGgF/HeHXwvaCS1wDGDcJjKxTM9JUPN+8r0ViMjo52UqkUDuGUmQAAIABJREFUxWKRubk5ZmZmKRaLJJN31q55g+t5XL58mfPnz6O1pre3l6eeeIKOzo4dvb5YLHJx+BLz8wt0dXZyYP9+wuEQCwsLXLw0zPj4ZSLhMMeOHcP3fer1Oq0tLRw8sB/bcVhdXeXNk29x5epVstkM2rKCqlfLYv/+fbRks8GH8AaUVsRiMarVKq4bVOlevTrB+OXL7N07BCY4nnq9HlTZbmKMoVQqcf7CeTzP4+D+A7S3tzXD3vmFoCK4Xq8zPTPL8MgIWisOHTxIS0uWeq3GlYkJrl6d4PSZM6RSKYzxcT2PWqONcHNfftDSePM6KtUKoZBDX28vPb29GN9nrbDGu2fOMDExSa41Rzwe5/KVK4yOjpFrbWXf3r2kUklWVlc5feYMS/k8XcVO4okErutRq9fYOzhIW1uuGXAqpYjH44S3aA1ed+tUazU87/pz47ou9Vq92SLacz1qtRr9e/ro7OzEsiwKhTUuXrrEpeFhent7aMlmr2s/vtFO2XM9atUas3NzeJ6H67qsrKxSKBRwHIdarY5ppKi+71MorDExOUkkGmF1dZWlpSW6u7pIJBKNc+njei4LC4tEwhHa2zvo79/T2J/bbIe+YWVlhfzyMtVaUNU7Nj5OV1dXs710sVjk8uUrXLh4iQMH9jM0MEAikWS1sMro2DgLi4uUSkWy2Uxz/YlEkmNHjxKJRJr7sW2bcDhMobBGrV7HdV3K5TKzs3N0dXWxtrbO2toalWoFy7Kou3UM4NbruJ5HJp3m4RMnmi2jjYF4PIbjOJRLJequy9raMleuXCGbzdDX2wtArVanXq8TCoXo7ekhnUpRqVR45dXXiEajDA70093VLcGVEEKI+9vjvxa0gT75x7u9EiGEEELsMgmAhRDiLm20fxRCPGCUAisUBL3igREJh+nq7OLI0aOceucdlpaWuHTpEmPj4xw/duyOq4B932d+fp633nqbM6dP09LSwtf+xt/g4MEDxHfQ/tkYw9zcHAsLi7S15Xj8sUeb7Xu7u7tRSnPm7FlGx8Y5cuRIsD6lSKfT9Pb2EgqH8TyP4ZFRKpUKxVKJVCrVaGlrk0lnyGSzQfiraM5prVargMHSGtfzOPn2W+RyrcGMXq0brXpvDsA25uZuzFYNhcN0d3fT2tpKsVgikUhQKpaYn5+nVqvxzNNPs2/f3ma4mkqnMb7Pu6fPcPzYMexNs4OvC9wUwf43/rex71g0SlsuR293N8YYqrkq41cuU61UqdWCcPbMe2dxHIdDhw6yf98+lFJ0dXWTiMdxXY9EIgkEM5S10mSzWbLZLFpbjbHf6rqK4M2UUmilcF2XUqnUXKxvTGMG9LXZ4VorWlpa6WjvwLItUskUlXKZ2bk5XPfmecYb249FoziOw+LiErVaLWhTXq8TCjlEItHrnl+r1VheWWZltcBDx48zPDJCPp9ncWmpGQCjFIpgtu7K6ioXL16kp7sreFxtHMG1czw5NYXrenR3dRFyHMYvX+Hhhx4iFAqhtSafzzMyNkY6k+bxxx6jtaUFpRQdHe10d3UxOztHOp1uvp+2tohFo6TTmUYAbFBKYzs2oVAoOA/GEA6H0dpiZnaGE95xlpeXcV2XSCh8wyzeYM5vNBalpbW1OZNdKdVco28MiuDr6ZlpUqkUHe3twXxkgp9b27bJZrNkMhlqtRqhN98kmUjQ2dlJX1/vTe+NEEIIcd954feCEHjm3G6vRAghhBC7SAJgIYQQQgjxwNNa09PTw//4W7/FP/id36FcLvPTN94gm83S399PJp3e8baMMRQKa/zJn/wJ3/nud9GWxVNPP8Wv/9p/c0fVxKurqxjfJ5lI3PS6VCpFPBZjvbhOqVgEgky0WCyyuLiE7dgsLC6ytJyns6ODWCyGasR5hUKBH7/6KrrRCti2LDKZDJ967tlmUJlMJWnL5RgZG+fqxATdXV1Ylm5WmG6mlCKVSvH4o4/w8g9/xPdffpl0KkVXZycDA/0MDQ4SCgWVy+tra4TD4aBF76YgNR6L0d7Wjuf7rBeLpBozhg3cvMcb8mfLssjnlxkdG6dYLOIbw+rqKouLS/R2d9PelqNeq7OwsMBAfz/xWLwZQlqWpr+/vzn7eWVlBQiCwNd+8pNgHm8jcI5EIjzz9NO0trTcEDyCpTV11+X8+fNMTk4GWS+KhcVFYrFoo7U4qMYZHBkdZWlpCcuyKJVLjI2Pk04HbZpvnAEMwTUVjUZJJOLMzs2zvl6kUCiglCKbbcG2g+rujZl+q6urLCwsEgqF+MTDD6GAKxNXmZmdZU9f38ZGQUFnRwdKK65OBK20Y7HYdaG7MUHV9dj4OPF4nAP79+PWXUbHx5mbnycWixEKhVgvFlkrFOjr6yMSjjRnaddqteb8ZMd2grBVaTzfZ3Jqiu99//sorTG+TzQaoW/PHh5/9FG0DtaQTCRIJOIs5ZepVCosLMwHc6OzWTzXxfhBUKy1xvM8rly5Sn55GUyw9lDI4dCBAxw6dAjdOK7erm4Ka2vMz88zMTFBZ2dn8z3bHHpvtG43xgT7EUIIIR4ESsPz/wz+7S/v9kqEEEIIsYskABZCCCGEEB8L0WiEo0eO8Pf/57/Hv/v3/4FLly7xve9/n2KpyK//2q8zONBPLBbbthrYdV0Ka2uMjo7yH//jf+Ktt94imUrxpS99kV9+/nkSjRnDO+V6HgZQSnNj29mNglJjDK7nbTzK2OXLzM7PoZTGdV0yqRQH9u+no72dfD7frGRNJpNEIsGsWK01yWSqGaAZDLFYnL179xIOhRkeGaFarVEqlbkpfW0IhUIMDAzwxV8IMzk1xcLCIvPz88zMzHDx4iWee+YZXNfDNwatVbM977XjUc3Az/imWYWqGhW5GzaqQoMQUTXXX6vXWVhapLBWYGW1gGNbHDp4gP379pNKp1heWcHzPPSm6tbN+76pyhiIx+PE43EsS4MxhMLha4HwFpRSWLZNOBxCoRrv3Y3PVRjfsLS0xFI+T7VaRWlFV0cnx48fo6O9fctrxDc+Tsghnc5QKpeZnp5iKZ9Ha02utZVicZ1KpRo81/eZm59ncXGRjvY2LMuira2NKxNXyefzFAoFUqlU83x2tLeTy7UyfvkKP3n9pxw7dhS37jbWbvA8j8XFRdbXi+Rac6RTKUqlErFolNHRUdpybbRkHYxvGu9vEHb7vs/IyChnzp6lVquhlWJwYICDBw803gfVqLbNYFs2vjGEw6HrKuSNMcTiMbItLeSXl5menmZhaYl4LEYkEmFhcXHzxYFqXIutmSyN7ubYtt2cY2wa56ejo4O+vj5m5mZ5+51TPPboI0Eevm175y1vRRBCCCHuX32PwJf/EXz7H+32SoQQQgixSyQAFkIIIYQQHwtaaxKJOM899xy27fDjV3/M6dOn+dGPXmF2do79+/axf/9+urq6iMdiKK1BBbNHV1ZWuXL1KpcuXmR6ZprFxSUeefRRnn7qKR577FEGBwZuCj1vJxKJoBTXVVFuqNZq1Gp1LMsiHA6CXKUgm8nQ3d1NNBJphmttbW1EIpFmfBWNRNi/bx/ZbKbxOoXtONiOQ70WVJFaliadSpE9fpwf/OiHXL5ymVqtft2s1g2+71MqlVhaWiKTyZBMJhnoL7OyusrU1DQXL13iyJHDRCMRIpEIhbU1yuUymUymuY16vd4ImIOKTce2G5WY6rrjNgZ8Y4KKTDZaT3sk4nH29PXR0tLCxMRVxi9fRmtNJBKEto5tBzOOa9VmVefG2hcXF3FdtxmKbti/bx+tuVasRiBrWRaJeLz59XXnoBF89vb0sH//PoLoNHifqpUKxjcbxbkADA4OkMlkmJmd5erVCWrVKslEYsvq343jti2bdCqF57kMj45SLJYYHOgnlUxSLBab56RSqbC8vMxSPk+lWuGHr/yYcqnI8vIKvu8zOzsbHGsjIXVCIbo6u1BK88qrr3L+wgVWCwVyuRwoRb1eZ3R0lHK5zOTkJOVymXo9aKs9NT3D6uoqmXSKcDhMOBRibW0Nz/NQSpHJZujfs4fV1QKXhofJZlebs4q11rS0ZDly+HDzGg7es0jjmINAORoKkclkiMfjnDt/ntVCgbZcDqU0c/Pz170HSmtasllOnDjefHxjdvPm0Ry2bdPd0w0K3j19hlOnT1OpVhsvuPHsq60eFEIIIe5/T/8GTLwDp7+12ysRQgghxC6QAFgIIYQQQnxsKKXItbbymU//PL29PRw6eIjzFy6wsLDAufPnmZicJBGPY9s22rIAg+/71Gp1SqUStWqVXC7HE48/zmOPPcbBgwdpyWZvUVm4vdaWFsKhMPnlPJOTk/T19WHbNuvr60zPzFCtVmjLtREOhzEGDIa2thyHDx0imUxgWzZOyGnu2xgDfhBkptIpWltbm6HYxgzUjYAsqIbUdHZ2sKevj+GREQqFNaLRYFbrZsYY1tfXeff0GTra2xkaGqSrs4tUKkW1UuV0I8DOtbaSTqeYmppiZHSUeDxOLBbDdV1mZ+eYnJoilUyRSCSIhMNYthXMsl1epr2tDa01hbUCpVIJpXQziPU9j0g4TGdHB4ODA2QzafLLy8zMzpLNZonFYoTDYfp6e1hcXGJhcZFsNovjOBSLRU6feQ+tNfv37yMRjzcuBEgmk7Rms9i23azm3e599H0ftTGDuaen+bz33jtLrVrFGB8wzXPd2dHJnj19tGRb8D2fiYkJLl+5wv59+7ZsE64a+49EI+R0jnPnL+B5HuFwmFg8juf7zfduaWmJldVVQqEQudYcnucSDoVpyWap1mpMTE4xNDR07ViMIRqN0N3dRVdnJ7Nzs9Rq9eD7xlAqlRkbHyeZiJNMJprzonu6u5mYmGB+YZ5crpVUKkl7ezsTk0Eraa016XSagQHNzPQMl4aHMcbHNM5DEPaHyGazRKPRZmiulML3/eZVZls2yXicbCbDxUvDRCJh4rE4vvHxNoX5jVsCCIdDtLS0oDdmVsNNVdW+7xGLRunu7mZ2bo6R0dHmz9DNpPpXCCHEA+z5/wMm3oblid1eiRBCCCE+YhIACyGEEEKIj514PM4nHn6YI4cPs7SU5+rEVS6cv8jE5FUWl5aa81cNBsdxSKfT7N+3lwMHDrJ//z5yuRyRcPiOWj5vthFEd3V1MTE5wfkLF6jX64QjERbm55mamiYSiTI4uFFZHASLoVCYeDxGbFMb3c3b1FpRd12mp6cbQapqtlRub2/HGIPWVjMYtiyLQwcPsrKySrFY2jIAVUqBUsFM1YUFXM+lo72DSqXC4tIi6VSSWCxGIpGgPdfGZHKSkdExotEomXSGarXKxOQky8vLHNi/n1QyiRMKkU6l0JZmdGwsmCmrFVeuTlCt1mjL5RrBd1D1uTHPNhQK0dXVxd6hIc6eO8/Y6BjZTFAFfejgQX66+jMmp6ZQQCwWY3llhZHRUbq7ujC+HxwPCq000zPTVKtVbNtqBpPJZJLWlpabKnWV0o0W1tdC3o3wUW1sVSmUVsE1oYJQsr2tjQP79zM5NcW58xdIp9NEIpHrth+8b7rZMjneaEPuOA7JRJJIOBK8b1YwR3dmdpZKpcKePX088vAnghbWKOYX5rlw4QILiwusr68H27WCY6NxbA89dILVH69Sd120Vriex8rKMvnlFT7x0EMMDg4QjycaVd9F1tYKzM3N09XZSUdHB0NDg0xOT3FpeJhSqUwymaBSqTC/sIDj2MQTCULOtZsSisUiExOThMOhjaPFcRza29vQSmNZFtoKqoJzra2c9S6QTCRJJBOUSqWg6rdRoasbfdHX14uMX74c/Fw0Qt1EPEE6nUJpHcwbbuwt19rKwQMHmJycolqrNef/Ns89oLdowS6EEEI8MCKpIAT+D39nt1cihBBCiI+YBMBCCCGEEOJjKxwO093dRXd3F089+SSe5+G6XqPFbfAcrXVQEaw/2KAoEo3yUKOV7fkLF5icmsZxHMrlMrmWVg7s28fQ4GBzDY7tbNmeeIOlLcKRCKXlZd5+551mK2WFwrI0P/9zP0dbLodt2ziO3ZzJm8vl6O3tYW19rXmcm2mtyWYyPPP0U/zox6/y7pkzWNa5oO0xhsMHDtCWyxEKhejp6cF1Xd48eZI33/wZTiiE57k4tkN/fz9PPvF4UA2qFHv6+iisrfHee2eZn18AgjnLfX19HDt6BNu2qdfr2LYTtK3e1Kr52NGj5PNBG+QrV67S2dHBwMAAyysrnD1/nomJSWzbplavkc1kOX78GF1dXRSLRSzbwnEcTp95r3mMvjHYtsXB/ft59JFHbgqAHccmFApf164awHZsQqEQth20/7atYNsb14oTcujo6ODEsWO8deod5ufnG5XS6Zu24/kelmWRTCaJxaKkkklSqSSWZWPbFrFolLrrsri0RDgcZu/QEO3tbc1tRKMRlvPLjI2Ps7S0REtLC45jY9lB4B8Ohxno72d0bAx/YgJLW9SqVRYXl3BCDv0D/XR3dzePsV5PMzgwwJUrV1leWWHPnj307+nnxNHgHE9OTqG1xvd9PN+np6uLfUNDpNNpVlcLWNoiv7zMj197rdm+GiCVTPL5z342aG8eCmFbFqFQUNUbjUTIteVIJpPU6/Xg3Do2SoHjBM+dX1hg4Uev4Pk+qvHeDQ4M8PCJE0SjEcIhp3kdRyIRujo72b93L6Pj41iWddPPsO042LZz1zdzCCE+WnLDhhB3Yf/Pw6f/J/jB/7nbKxFCCCHER0iZjVvXhRDiHnS3f0Xd6nXbfW+rx2987FZf7+R7W1VsCSGEEEIIIcSDoNl9YpPNX9/J9273/Ns9d6ffuxUJnMUD5d/9Goy+uturEEIIIcRdOvW3fnRHz5fbnIUQQgghhBBCCCGEEOJB9pV/Ck5kt1chhBBCiI+IBMBCCCGEEEIIIYQQQgjxIMsNBSGwEEIIIT4WJAAWQoiPgLQOE0IIIYQQQogPx4fR/lmIB9IjvwqP/s3dXoUQQgghPgISAAshxAdEPlgQQgghhBBCCCHEPe0r/wRyg7u9CiGEEEJ8yCQAFkI8kCSMFUIIIYQQQgghhLiBHYFf+ie7vQohhBBCfMgkABZCCCGEEEIIIYQQQoiPi32fgp//7d1ehRBCCCE+RBIACyE+dt5PdbBUFgshhBBCCCHEzsjvT0Lcwz73D2Dgid1ehRBCCCE+JBIACyGEEEIIIYQQQgghxMfNL/3vu70CIYQQQnxIJAAWQgghhBBCCCGEEPcUqR4W4iPQeQS+/I92exVCCCGE+BBIACyEEB8S+cBCCCGEEEIIIbYmvy8JcY94+jfgyC/s9iqEEEII8QGTAFgIIYQQQgghhBBCCCE+rr78jyGS2u1VCCGEEOIDJAGwEEI0yB3oQgghhBBCCCGE+NhJd0sraCGEEOIBIwGwEEIIIYQQQgghhHjfHqSbah+kYxFiRz7xK8EfIYQQQjwQJAAWQohbuN0v/fKhgBBCCCGEEELcnvzuJMR94Gv/ClJdu70KIYQQQnwAJAAWQtzT5EMCIYQQQgghhBBCiI/Il393t1cghBBCiA+ABMBCCPERkTBbCCGEEEIIIYQQ97SjX4In/vZur0IIIYQQ75MEwEII8QGSkFcIIYQQQgghhBD3ta/8U2jp3+1VCCGEEOJ9kABYCCGEEEIIIYQQQnyg7oWbY+92DffC2oXYVUrDl6QVtBBCCHE/kwBYCHHPk1++hRBCCCGEEOLBJb/zCXEPOvQ5eOq/3e1VCCGEEOIuSQAshHhg3QsfIty4BmPMLq1ECCGEEEIIIT48d/K7zt38rnYv/H4nxMfOl/43yA3t9iqEEEIIcRckABZCfCy9nw8P3s9rfd+/69cKIYQQQgghxL1qt252lWBYiA+R/v/Zu//wKOs73/+vmQyBQGIIGJAoiAkGiMREovwQUBAUsGJR0Vra+qNqbctu27On3dP9rnsu9zo91/bs6e7Z9hzPabfabe1Z2qpVWlpAQY2HID8kGgwEiIAxaBBCSGJ+z9xz398/kkAIk2R+3/fMPB/XxbXxvj/3Pe+Z7NXc9+c178/tkVb/nd1VAACAMBAAA8AAsZ48oAMYAAAAQDIa7suuod5nEeoCDjJzubTgYburAAAAISIABoA4ogMYAAAAQDLiXgdIYqv/Tppwtd1VAACAEBAAA8AIRvr2eSjfTmdSBAAAAEAyGnivQwcvkGTS0nufBwwAABIGATAARNlwkx2WZRECAwAAAEgqpmnyuBsg2c26XbrpS3ZXAQAAgkQADAAxNjgQNgzDpkoAAAAAIPr8fn/Yx9ItDCSQzz0tZU+xuwoAABAEAmAAiDM6gAEAAAAkk1AC4HACX0JiwCE8o6VVf2t3FQAAIAgEwAAQZ5Zl0QUMAAAAICkYhjHs8s+hhrehjCcYBmxQfLdUeq/dVQAAgBEQAANIarH6dvngMSP992A+ny/kugAAAADAaQbf2xDKAing8/8gjbnM7ioAAMAwCIABpKx4TkwEei1CYAAAAACJzMn3NATRQAyNypBW/X92VwEAAIZBAAwAQYjF5IHP5+N5wAAAAAASkmmaIQfAoa6cBMDBblwvzVphdxUAAGAIBMAAYCOv12t3CQAAAAAQskD3MgS8QIpZSRcwAABORQAMICE4ceJgpJqCmfwwTZMQGAAAAEBC8Xq9Mk0z6vdpgc7nxHtBAH1yZ0h3fN/uKgAAQAAEwAAQJaFOTPSPNwyDEBgAAABAQvB6vTIMw+4yCIYBp7jlm9LUuXZXAQAABiEABoAA4v3Nc0JgAAAAAE43MPwdacWjUP/bKZxaF+BoK//G7goAAMAgBMAAEoYTb8SjOelhGIZ6enqiXCEAAAAARM4pnb8AHGj6fOnmx+2uAgAADEAADCClOS1U9vv96urqkmmadpcCAAAAADJNU11dXTEPf6N5b+a0+zwgJdzxfWn8VXZXAQAA+hAAA0AIYjGRMPic/RMsLAkNAAAAwE5er1ddXV2yLOui7fFa/pkgF0ggnvTeEBgAADgCATCApBfupEG4kxKRTnb07/f5fOrs7JTP5wuqDgAAAACIBqffi8QqGCZwBiJ0/d3SnM/ZXQUAABABMAA4wlAhsWVZ8nq96uzsVE9Pj/x+vx3lAQAAAEhyfr9fPT096uzslNfrPd/1G61uXgAp4vb/JPG/CwAA2I4AGEBCiccSzLEQ6SSJZVkyDENdXV3q6OhQd3e3fD6f/H6/TNO8ZEk2AAAAAAjEsiyZpim/3y+fz6fu7m51dHScf85vpPcW4QTGhMhAEpk4vTcEBgAAtvLYXQAAJBqXyxXwGVgDtwUaE+p5h3sdwzBkGMb57cO91kh1RCM8JoAGAAAAQhNp6Bnso2Ui2W5n92+sH+UDIIZu+aZ06M/SJ9V2VwIAQMqiAxgAhhHNyYNwJkvCfQ5xKOdwuVxRmXwa6h8AAACQioa7Ro7kOnmk44fbH83wN5jzJNIKTty7AFG24q/trgAAgJRGBzCAlDBSR26oHbvBjI9GF/BQY6RLu26HO3aoYwKNGWlcqJhIAQAAACITyy+GhrskczjX+Sz/DKSQa2+Vyh6UKn9rdyUAAKQkOoABIEqi9Y34SL41H0k3QKBxTMYAAAAA9gjlmjyY+4BQtoczLprdv9yHAEni9u9JozPtrgIAgJREAAwAI4j1xEW4Y8JZ2i2YY4caSyAMAAAAxE44193BjI10OehYLQ8d7HGhjOd+BXCYzFxpxffsrgIAgJREAAwg4YR7Ux/tyYJgJzBiPTky3PZYPP+X5/0CAAAA4YnGtXSwx0TjWcDxXB46Gscm0msCKWPho9K0MrurAAAg5RAAA0AQoj0hEO7ESjgdv6FMDkX6Poeb0IrkHwAAABBvTrquDeUcI40LdxWhocbEq/sXQAKjCxgAgLjz2F0AACQyl8sly7LC2hbtc430Gv0TLMHUMdBI4+OBySEAAACkknCuf2O9FHSwY2J17c7yz0ACy79ZuvGL0v7f2F0JAAApgw5gACklkkmDUJdlC2dMNDqBo73sMx25AAAAQOxEer0dTMdvNMLfcO8DorWyEYAEt+K7UvpYu6sAACBlEAADQISCnaSIduA70kROtIPgQMeydDMAAAAwtFhdMwd7fLSWgo70i6qxFuny2gDiIDNXWv5du6sAACBlsAQ0gIQUzJLKsTh3KK8bSY3RWvo5mGWfY7nkM5MpAAAAQHREc0WiSLtyY7Wa0VC4rwCSxKLHpfc3SZ+8b3clAAAkPTqAAaScWEweRLsLOJyx4S77NtRYungBAAAAe4TbKRzufUEsloLmXgJAQLf9ld0VAACQEgiAASCAWD4LOBoTLuE+MyucYJflnQEAAIDYiMa1djDHxfo5wJGGwpHcf7H8M5BgZt4mXf95u6sAACDpEQADSFhOu9GPxZJp4W4P9nlg0XruWKj/AAAAgGQTz+viUK/5w9kXSi2RHA8gBS2nCxgAgFjjGcAAMASXK/RnAYe6PRrnlYZ+bu9I+weP6xer5ysP9XoAAAAAhhZOV3C4+53yxdaR9gFIYBOvkZZ9W3rzx3ZXAgBA0qIDGEDKsnsyIdzO3lCOCebY4cbTtQsAAADET6SdwpEuBR2N5aCDPT4anLYqFIAQ3PYfpPFX2V0FAABJiwAYQEKL9U17tL4ZP9T2aIa9oTz7K5zPjaWdAQAAgMjE4no6lPuA4faHclw0lo4eaXws7y+4dwEcwOXuDYEBAEBMsAQ0AMRAKEs5h7vUtBTZ0s+xWPaZiRQAAAAgtqLZeRvrL7yGsz1Y3HsASWDu/dJ7L0kf7ra7EgAAkg4dwABSWjCTBuF+Kz3UTuBYPBMrlE4CunkBAAAA5wn1Oj3WHcHR2D4S7keAFHLbd+yuAACApEQADCDh2T05EK+Jk3D2DR4TSSBMOAwAAABEXzSWhQ52fCTBcDTD30iXfo7knoT7GcBhrlko3bDO7ioAAEg6BMAAUl40JhjiEQIHsy/aE0TBHB/uPwAAACCdNNIzAAAgAElEQVRRReN6ONLr4nC6gkcaE+q+WKxiBCAFLaMLGACAaOMZwACg4Z/DG8qYUI8dbrsU+Lm8w+0buH+4MUOND+W4SDHxAwAAAAQnlkspx7JTN9RjYt39C8ChJkyTln5LKv+J3ZUAAJA06AAGkBTiNQkQi2+yx7LjN9zOArp2AQAAgPiLxnV4NJeDjva+keoBkMKWfUvKmmx3FQAAJA0CYADoE40Jh0iepxXOvmD2Dx5nx9LPAAAAQCqJ53VzKOcIZlyk9ybh7AtWpOfg3gRwsLT03hAYAABEBUtAA0CIRloKOpL94e7r3y8Fv3zz4MmPWC77zEQLAAAAEB2xWHo5mHGRhLss/QwgKPO+IlX+TvrkfbsrAQAg4dEBDCBpxPMb5bGc4IjkG/cDx0Rj2WcAAAAA9oi0SziUY2LV9RuN/QBSzNK/tLsCAACSAgEwgKTihGXFgj1PrELiQOPCDXRZ4hkAAACIjVgvBx3K+OH2j3R8LPeHOi7W5wAQB7NXSjOX210FAAAJjyWgASBMIy3JHMyYSJd1dsqyz0ymAAAAAPYIZ+WfeIxxUvgLIMEs/Uvp6Ot2VwEAQEKjAxhA0nHSUtDBjAl2WedgzhHpss8AAAAAnCsaS0LHa4yTOK0eACOYOlea+4DdVQAAkNAIgAEkpUQLgYMZE86yz6FiqWcAAADAPtG+Hg/22FDuNSIdE+oS1QBS1K1/YXcFAAAkNAJgABhGtEPgaH7jPh7PAB7pfKH+AwAAAJJBpNfFsbpeDvV80RwX7c7gaN0/cB8CJKiJ06XFT9pdBQAACYtnAANIWi7XyM/oteP1ghnXP0kRrXGDx/eL5+cT6PUBAAAAhC/cruBoj432dT73DQAk9XYBv/PvUk+73ZUAAJBw6AAGgBHYOUESyrhwugbo1AUAAAASQ6TX7aEeY+e9TbRwbwMkuIxs6ZYNdlcBAEBCIgAGkNTsWDYs1NA2WuMGj4/kvbOcMwAAABAfsVweOpzjY3GfYsf9A/csQJK4dYOUnWd3FQAAJByWgAaQ9KK1FHQo54nF2FCXex54TL9oLvnMhAoAAADgLJEExbEYH6vzAkgxt2yQNv+t3VUAAJBQ6AAGgBDE4pvz4Y4N93lfdPICAAAAiS8a1/ax6g7uHxtqLdHCfQ6QZOZ/RZo80+4qAABIKATAAFKCnZMJsZpQGTg+Vss9AwAAALBPLK7VY7ks9MDxodYEAMO65Zt2VwAAQEIhAAaQMhIlBO4fH+4x0X6fkfwDAAAAUp3d19ORnDPWQXH/MdHEfQiQpErukabOtbsKAAASBs8ABoAwhfps4Uie4Rvqs3sHTnpE87m/oWLyBQAAAIi/SK/Dw11OOh7HxPN8ABzmlm9K//643VUAAJAQ6AAGkFKcMMEQj2dzBTqW7lwAAAAg+UTrWj9eXcIDj4sm7nGAFDD7Dqlgkd1VAACQEAiAASBC8Qx0oxngEgwDAAAAiSNW1++RhsbxfL1o1gEgQS35ht0VAACQEAiAAaScWEwORPot+0iOjcXkCc/3BQAAAOIn3tff0eoWDue4aOPeBEgxM26RZi63uwoAAByPZwADSEmhPr832HNK4T1zN5JjBx4fyTkieU0AAAAAzhatbmE7Xz8e5wSQAJZ8XTr6ut1VAADgaHQAA0hZsZossOOb9IHOQacuAAAAkJqi3UFs9z3OUOcFkKKmz5eKVtldBQAAjkYADCClxXLSwCnLO7OMMwAAAJC8YnWdH43zxfJLtwBS3C0b7K4AAABHIwAGkPJiPXlg57ftgz034TAAAADgXPG8bre7YziYcwOAriqRiu+yuwoAAByLABgA5PwQuP8c8ZzsGG6SiaAYAAAAiJxTrrmjvQJRrHD/AeAii75mdwUAADiWx+4CAMApXC6XLMuK6fklRfwaAyc9YllvsJiEAQAAABJPtK/jE+FLtQCSzFWl0vV3S+//0e5KAABwHDqAAWCAeH67PprnYjIEAAAAwEhicf8Qj/sR7ncADIkuYAAAAiIABoBB4jW5EKuJF0JhAAAAANKl9wixOHescV8DYFhXXi9d/3m7qwAAwHEIgAEgALuetRvLcxMMAwAAAMkpntf98byn4N4FQFAWPW53BQAAOA4BMAAMwY7Jhnh+iz6YfwAAAADs45TrdjvuEbgfARC0K0uk4jV2VwEAgKMQAAPAMOyadHBKABvshJNT6gUAAACcLNGur+2qwwnvHUCCuZkuYAAABvLYXQAAOF3/5INlWba9tl2vHyomagAAAIDEZvc1vd2vDyBBTb1Buu5O6dAWuysBAMAR6AAGgCDZPRHhlC4AAAAAAMnFKV3Hdr8+gAR382N2VwAAgGMQAANACJwyKeKUCRoAAAAAiceJ9xROqQNAArv6JmnWCrurAADAEQiAASAMTpqccOKzwgAAAAA4g9PvF5xYE4AEtpAuYAAAJAJgAAibkycqnD7JAwAAACC6At0DOP0+wOn1AUhABYukGUvsrgIAANsRAANAhBJl0mKoCaFEmBgCAAAA0CsZrucTsWYACWThV+2uAAAA23nsLgAAkkH/5IVlWTZXEr5IJ2AS+b0DwLAOvqQnf3Xyks1TVn5JT6+YZENBdjion35vu967ZPtUff2/r9MNNlQEAIkslcPPVH7vAOJk5vLe5wF/9I7dlQAAYBsCYACIomQIgsPFRA6ApDXk/76lUveSS4HfqUtyDbUPAIALUudvJgBHWPAoATAAIKWxBDQAxABLmgEAAABIdYm6RDWAJFB8l3RFkd1VAABgGwJgAIghJjwAAAAApBLugQA4xsJH7K4AAADbEAADQJwwCQIAAAAgGRH6AnCksgelnKl2VwEAgC14BjAAxFkqPycYAJCo5ujrP5pjdxEAAAch7AWQEBY8Im39L3ZXAQBA3NEBDAA2YcIEAAAAQKKh0xdAQlnwsJSRbXcVAADEHQEwANiIpdIAAAAAJALuWwAkpLR0af7DdlcBAEDcsQQ0ADjEwMkUlocGgNTia/1Q7+2r0hvvNejTcz3qNPp2eDzKnjBBM2+Yo9vmzVF+dgiX78YZvfvmLr32XoNOnu2Rz5Tk9ij7ylzNW7BIK2+apsvc0ru//mf99MDgg6fp6z9ap7nn//uMtvzj/9WmM4OGTSrV3//1bZoy0riSO/SvX5kjmT06VbNLf3j9sI6cuvA+R2VN0KyyUq27vVRTRgf/FgEAsUXgCyApzH9YKv+J3VUAABBXBMAA4EBDTbQQDANAkjHOaN/vN+tX77TKF3C/odYzZ7Tv1Te079U3lD1rvv7ykUWaNsJV/Gc1W/RPzx/RKWPQDtNQ68lT2n7yJW3fNklffPLLituCeOcq9dP/+Zbebbt0l6/tnKrL31B1RZVuf/J+3X/NuHhVBQAYgMAXQFLKypXmfUXa92u7KwEAIG5YAhoAEsjAJaNZgg0AElzXQT37X/+vnh0q/A2g9che/eC//EYV54Ye03nwJf3nXwQIfwdrO6Pf/PNvtKsj2IIj0HFEP/1x4PD3IsY5bf/FVu3rikNNAADuLQCkjvkP2V0BAABxRQAMAAmOSRsASEBmvV78H69p30iBaCAdp/T8j19RdU+AfZ++oX9+vl6dQddxStXHwqghVMfq9W6wQXNXvTa9Xh/TcgAg2QX64ihfJgWQ0ibPlK670+4qAACIG5aABoAkM3gih2WjAcB5Tvxpq7YH6uL1jFP+vDm6rW8J5NZPDqui4tSl3bwdH+q5P36gf7n/2oEbVfGnKtWbAc7rHq38G2Zr8awJSpfkPXtM28vrdSpQiBxLo7M1d+kczb18tKQOHdm+VxWDnxcs6ex7R3TirmnKj3N5AJCoCHMBIAjzvyId2mJ3FQAAxAUBMAAkuUgngwiQASDKeir154oA7bDjpunx767TvKwB224o1e23VumnP3rjkg7aznf2a9/d12re6L4NrVUqPxLg9dzZWvtXj+nOKwZuLNXiZfXa9JOXtKUhoncTvLxSPfWt2y56fvG8kqnK+OFLl4bhrQ36qE3KzxIApDSCXQCIovxF0tXzpI/22V0JAAAxxxLQAJCCLMsK+h8AIMo++FDVAbp0Z925+uLwt19WqR67e8ql281T2vv+hRbez6o/UKCFk6fddc+g8LePZ5rWPjhHlwdbd0TG6fb7Lg5/JUnuaSqbMzrAeL+6eA4wAHDdDgDRNu/LdlcAAEBcEAADQAoK9plgdBwAQPSdOHE6wNYJuqFo3JDHjJpTqOIA26uPfXj+549OBlpTeoIW3TBh6GLyijUvHglwRp6Krw686/IJgd63IW+gpawBIAWEcq3OdTsAhKhkrTRhiAtTAACSCAEwAGBYTCwBQHS1tAZ68G6msodb7nh0nqYGCmo7OuTr+9E3+DnBkuTO1uXDLqM8RdOuHG5/lGSNU/YQuy4bnxlga4c+PRvLggDAXgS5AGAjuoABACmAZwADAELCpBQA9Alzoj7gEZMmKM/lCrxPkuRReqCvbp5rVZPLpSlDnTcrU+OGPe8Qx6kvnBhxVLjjguESf3IAAAAQdTd9SdrxI8kI9MVMAACSAx3AAAAAgN3OnNOpYQcY8gVaEnlC9vDP8G1t1dlhl1JuVetnI5cHAAAAJI3Rmb0hMAAASYwAGAAAAIij7OzRAba2q7VtmIN6GlQfaEnkceM0qu/HKVMCLbLcoCO1w533A1V/NMx+AAAAIBndtN7uCgAAiCkCYAAAACCOCvInB9h6Tu8e6hjyGN/BD1QdYHvxjPzzP0+5epLGXjLCUMUfXtepgF3Ahqo37VH1sB3CAAAAQBKaVCgVrbS7CgAAYoYAGAAAAIin62ZpboCr8CNbtmhvoC7grmo9+4eGS7e78zS/ZEA3cWGpFk8IcPyZKv3n//ayKj46d34Zad+5D1Wx8Vn9ZB/PPQMAAECKupEuYABA8vLYXQAAAACQiDo/qdXe9wIEs0O4PL9UBdmS3MX63K279O6bgzp+O+r17A9+qjfnzdGy/ExJku/sB3ptR71OGZeeb+y8GzX/otWkp+lzt+fptd8FqOnsh/rVTz7Ur4KuFgAAAEhyhcukKUXSqRq7KwEAIOoIgAEAAIAwtFbv1bOB1mUewtxHSvWN4t6fp915t9bW/kabPhk0yOjQ8bf36vjbI5xs3LX6xn3XXrJ57Ly79Y0j/6b/cyDYzt5xunxCh86eC3I4AAAAkExu/KK0+e/srgIAgKhjCWgAAAAg3tx5+tw37tD8rDCOzbpGj3/vbs0KeCU/TnO/vF4PF48OtHOQ0Zp1z91aOzWMGgAAAIBkUPZFaXSm3VUAABB1BMAAAACAHTKK9fhTX9Hj87I1KshDpsxbrn946t7hg2P3BC1+5C/0o2+UqnhC4AV/xk69Ro//zdf1HxfnBf3aAAAAQNLxpEtlD9pdBQAAUccS0AAAAIBdPJM0/wuPa/7aBr37//botXcbdOpcjzr7n/nr8Sh7wgTNmlusZfPmqCA7+Mv37BnL9a2/XS71dKjV26pTxzo0dsYkXZ6RrbHnT9OjzkCrRU+aoCkRvjUAAAAgIdz4oPT2s3ZXAQBAVLksy7LsLgIAAABAlPT0yDd6dHCdvT379ZOn3lK1OWh78XL9/JHSGBQHAAAAONCvH5WOvm53FQAADKnqwbdCGs8S0AAAAEASqd70U337v72oP1c3yDc42B3IbNXe3+25NPyVVDDjmpjVBwAAADhO2RfsrgAAgKhiCWgAAAAgWfTs15v7DfnMem36Zb02uT26/Oo8Fc+cpoLLR58f5jv7gV57s16nAi3/7M7Tspuy41czAAAAYLeiVdKE6dK5OrsrAQAgKgiAAQAAgCThO/jBxR29pqGzH9brzQ/r9WaQ5yj4/ErNHz3yOAAAACCplD0gbf9Hu6sAACAqWAIaAAAASAod2ru/IaIzXL7gTn1r8YQo1QMAAAAkkLkP2F0BAABRQwAMAAAAJIVxWvzE4/q7+6/RlFA7eEdna/GXH9U/3D9bY2NSGwAAAOBwWZOkkrV2VwEAQFS4LMuy7C4CAAAAQHT5zn2odysP692j9Tp+tketbcaFnW6PsrNG6/Jp+Zp78xwtm5GnUXw1FAAAAKnueIX0b+vtrgIAgEtUPfhWSOMJgAEAAAAAAAAAkKT/tVL69LDdVQAAcJFQA2C+5w8AAAAAAAAAgCTdsM7uCgAAiBgBMAAAAAAAAAAAEgEwACApEAADAAAAAAAAACBJY3OkG+6zuwoAACJCAAwAAAAAAAAAQL9SAmAAQGIjAAYAAAAAAAAAoF/BYmnyTLurAAAgbATAAAAAAAAAAAAMRBcwACCBEQADAAAAAAAAADDQDevsrgAAgLARAAMAAAAAAAAAMFDm5dKcz9ldBQAAYSEABgAAAAAAAABgsJJ77a4AAICwEAADAAAAAAAAADDY7Nul7Dy7qwAAIGQEwAAAAAAAAAAABFJyj90VAAAQMgJgAAAAAAAAAAACKSUABgAkHgJgAAAAAAAAAAACmVQoTV9gdxUAAISEABgAAAAAAAAAgKGUfN7uCgAACAkBMAAAAAAAAAAAQ7lhneRiKh0AkDj4qwUAAAAAAAAAwFA8o6Xr6QIGACQOAmAAAAAAAAAAAIZz/d12VwAAQNAIgAEAAAAAAAAAGM7M5VL2FLurAAAgKATAAAAAAAAAAACMpJguYABAYiAABgAAAAAAAABgJMVr7K4AAICgEAADAAAAAAAAADCSK6+X8ubYXQUAACMiAAYAAAAAAAAAIBhz6AIGADgfATAAAAAAAAAAAMEovsvuCgAAGBEBMAAAAAAAAAAAwciZKhUssrsKAACGRQAMAAAAAAAAAECw5tAFDABwNgJgAAAAAAAAAACCdd3n7K4AAIBhEQADAAAAAAAAABCsseOl2SvtrgIAgCERAAMAAAAAAAAAEIo5d9pdAQAAQyIABgAAAAAAAAAgFNfdKaWNsrsKAAAC8thdAAAAycQ0LfkMQz6fX4bfL7/flGmasixLlmV3dQAAALHlckkul0tut1tpaW550tI0alSaRnk8crtddpcHAED0eEb3hsDv/8HuSgAAuAQBMAAAEfL7TXX3+NTj9cnnM+wuBwAAwDaWJVmWJdP0yzD86pHv/L5RozwanT5KY0aPUloaC5IBAJLAdasJgAEAjkQADABAmLxeQ53dPerp8Y08GAAAIMX5fIZ8PkPtHV0aPXqUxo4ZrfR0piUAAAmsaJWUPlbydtpdCQAAF+ErtwAAhMjnM9TS2qHm1nbCXwAAgDD09PjU3NqultYOVlABACQul7s3BAYAwGEIgAEACJJlWWpr79K5lnb1eAl+AQAAItXj9elcS7va2rtkWZbd5QAAEDoCYACAA7HWEgAAQfB6DX3W3im/37S7FAAAgKTT2dWjHq9Pl2WOZVloAEBiKVopjR4n9XTYXQkAAOfRAQwAwAg6u3rU3NpO+AsAABBDfr+p5tZ2dXb12F0KAAAhcEmzV9pdBAAAFyEABgBgGG3tXWpr77K7DAAAgJTB9RcAIOEQAAMAHIYAGACAIXzW3kUHCgAAgA06u3r0GSEwACBRzL5DGjXG7ioAADiPABgAgADa2rvURfgLAABgm66uHjqBAQCJwZ3WGwIDAOAQBMAAAAzS2dVD5y8AAIADcF0GAEgYswiAAQDOQQAMAMAAXq9BpwkAAICDtLV3yes17C4DAIDhzb5dcjHdDgBwBv4iAQDQx7IsfdbeaXcZAAAAGOSz9k5ZlmV3GQAADG1UhjRrhd1VAAAgiQAYAIDz2ju65febdpcBAACAQfx+U+0d3XaXAQDA8GbdbncFAABIIgAGAECS5PMZPF8OAADAwTq7euTzsRQ0AMDB6AAGADgEATAAAJI6Ogl/AQAAnI5rNgCAo42bKOUvsrsKAAAIgAEA8HoN9Xh9dpcBAACAEfR4ffJ66QIGADjYzOV2VwAAAAEwAACd3XSSAAAAJAqu3QAAjkYADABwAAJgAEBK8/tN9fTQ/QsAAJAoenp88vtNu8sAACCwy6+RplxndxUAgBRHAAwASGndhL8AAAAJh2s4AICjzbzN7goAACmOABgAkNJ49i8AAEDi4RoOAOBohcvsrgAAkOIIgAEAKcs0Lfl8ht1lAAAAIEQ+nyHTtOwuAwCAwKbdKF022e4qAAApjAAYAJCyfAbhLwAAQKLiWg4A4GjX0gUMALAPATAAIGX5fH67SwAAAECYuJYDADha4VK7KwAApDACYABAyjL8TBoCAAAkKq7lAACORgcwAMBGBMAAgJTl95t2lwAAAIAwcS0HAHC09Azp2lvtrgIAkKIIgAEAKcs0mTQEAABIVFzLAQAc71qWgQYA2IMAGACQsizLsrsEAAAAhIlrOQCA4117i90VAABSFAEwACBlMWcIAACQuLiWAwA4Xu610uUFdlcBAEhBBMAAAAAAAAAAAMQCXcAAABsQAAMAAAAAAAAAEAszlthdAQAgBREAAwAAAAAAAAAQCwW3SC6m4QEA8cVfHgAAAAAAAAAAYsGTThcwACDuCIABAAAAAAAAAIiVgsV2VwAASDEEwAAAAAAAAAAAxEoBHcAAgPgiAAYAAAAAAAAAIFamFEnZU+yuAgCQQgiAAQAAAAAAAACIpXyWgQYAxA8BMAAAAAAAAAAAsVRws90VAABSCAEwAAAAAAAAAACxlL/I7goAACnEY3cBAAAAAAAAAAAEy7Iky7JkWb3/YVmSJUn92/t/7h984f8MyeW68INLklySS5LL5Rrwc99+V+/288cE47IrpCuKpE9rQjgIAIDwEAADAAAAAAAAABzFsiTLtGT2B7yWJcscEPzG4PX6f7j49EO/2Pkg2H0hEHa7XHK5hwiH8xcSAAMA4oIAGAAAAAAAAABgG9PsDXdNy+oLfXvDX6frD6ZlSoODYpfbJber///2hsTugsXS28/ZUisAILUQAAMAACQq7xnV7NqrP1Z2acGjD2jpxFi8xnG98rNyVWqqHnryDhWmx+A1AAAAAKQMy+oPfC2ZpiWzr6s32VimJb8k+S+8N9e0W+S+73/LffqIXGcOy326Rq7WT2yrEQCQvAiAAQBwlFpt/OFOBVwQamKRvv3EQuUO2FSz6TltPDLyODiPUbtVP/ukRBuW5YV1fPP7r2trzWnV1HVJyopucQAAAAAQJf2Bb/8/y4zNEs6JwLJc8s9cJf/MVZIkV1eLXJ9Wy33qoNyn3pe74YBcbZ/aXCUAIBm4rGT8ehUAAEE43dhidwlDMpr36Rc/r1a9KSl7uh56aLkKxw01uEkVv92kbWcnac3Dd2p+Tlo8S0VYWlTxy99rW8t0PfSt5Sp0h3ueBm17Zqsq2rK04okYdQADAOBgk3PH210CACAA07Rk+geEvsxAB8XVdlruhiq5P3lP7k/elfvjSvHhAQAkqerBt0IaTwcwAAAO5MmZrZK8atV/LOXMKR46/JUkz0TNvCZL2zJnEv4mioZq7f1Ukuq0p8arwjnhrqs8WmNYkhkAAACAzS7q8u0LfhE6K2uy/DNXyj9zpST1hsAn35G7/h25T74jV0+bzRUCABIFATAAAI6UpazM3p88bkLd5OLVgbdr1TUmTer2q3bnXp2as0RT7C4LAAAAAEJhSf5Bnb6ILvPKuTKvnCsteFLu04fk/miv3PV7lFa3W/J22F0eAMDBwl5wEAAAAGFoq1bFiUla86Xi3tC39bj2nLC7KAAAAAAIjum35POZ6unxy9vjl2GYhL9xYE6+Tsa8r8q77l/V86V/l2/p92ROv9nusgAADkUHMAAASatLJ3ft0At7z6jZK3kyMpQ3NUe+sQXasKrw4qEddSr/89uqqO9StyF5siaqbNlSrSnqf66eX+0NR7V/30GVN0/VhkdL1fzqZm18r03KK9WGh0qV0VCtiopa7emYqg2PLlTWx7v1wuajqm31y5M1SasfWKP5uRe/bPfHlXp5R7VqP/XLUF+N18/X+lsLlNn/NTXTq+ZPa1TxRo0qu67RhicWKuOj3Xr5TzWqbdPF5+57H+V1XTKUptySJXpyZYHGDP5oRny/w/Gqdsvv9PxBqWTtOt1fmBHSb+XErho1z7lZJblTpRlVevGYX5XvVmtNfvEIF2Z+NR/cqRd31qm+1S950jSlaKYmmYOGRfXz8qv79HHt2V2l8tosPfDXq1XUt709jN83AAAAgMRkmdb5bl+/n7DXbuaU62VOuV7GwieVdmKn3B/uVNqJnXKd/cDu0gAADpH29NNPP213EQAA2KGjs9vuEobVeOQ9VZ+Vxl09SwumjR12bOfJQ9rbeYVumzXx/Lb2yj/qx3tGa83j92n98jItLvDr8K5afZR59UXj1LhbzzxbrVG3rtFjaxZoaUmmWg8d0TsHDqtuXL5umGLpxDtVOnysRjtqOmSOydU070HtOmOpq7lb3rYujUrv1JljR1V+tG+/qrTl/XQVzrtWM0Y1qfbjVtWe6NDsm65WVv/r1r2uH248ImPmbfqLr9ymVQuvVsbHh/XOwQ91yLhCN1+TJalFNfuO6MShQ9pZ1yNzbO+5tx0dq5Ibp+nynibVnflMtUeaddXMDr364kF158/UgmkuNX3ymRob6vTp+DkqmZQWwvu9JC4epEXV5Yd0otOv02kTdVvhhOB/qd5qbf5Do65dfatmZKbpijHNevtQi4xzn8kz+zpNH/LX3KWaP/1O//p2h2bcuVZPfn6BlhaPV8s7+/TOWUkarfyy6zR9bDQ/L79OVlXq8PEjeu1gm0wrS8WLr1Vu3/ZDR0P8fQMAEAOZ40b6uw0AiITfb8lv9Hb8+v2WLLJfZ3G5ZE2YLjP/Fvln3CZrYoHkcsvdXCeJXxYAJJNP5zwa0ng6gAEASEot2v9+i8YUzVNJVm/46ckt1UP3t+mf9g0YZtbplY010q336Z7Cvqguq1D3rDmto8/X6sT2nTpw3RqV3DRP+d4M1R/cp9qOD3Ui+x59bWGGjOY6neiZqMIrsqSONIiItzwAACAASURBVNUerFJ9a4NOTb5TXyvr64wtGq/2j7aqovWUjjZJU/qy55qqOnUrS4vnTu/t9nVP1Px5U7X9RJ2am1sk5Ukar6L5ZSrK96ryWI2aO8/KyL9TXyvrC3SLpmrMzzdpR1OdNu+dricfva+vc7hUZblb9dTLDaqtPSbNKQrt/aYP99lO1ILVpWo7JJXeWhDSb6X9QK1qJ83UvZP7NuTP1o3ZdapobVPF3uNaemfg83XXlOvlg14V3rle9/R3HGdN16p1pTr+TJVOnR8Zzc8rTVNL52mqman693ar5vxr9G2/NrTfNwAAAIDEYFmS32/S7ZtgrOwrZcxdL81dr7Tjb8l97A2lffC6XJ812F0aAMAGPAMYAICklKaMUVL3oSrtbfZf2JxXpLKBy/IeO6zKrixdN2PQ0sd5kzVNkswzqq3v25Y+uvebYxnXaHFRb9jnyZneG/5K0rgsZUpSdp7Krhq4LHKepl0pSYaMAcsV50zMkDzpyhrYuJM1trdjtKlVjQPrcfd9a23s5ZqWM6CbVxM1qe/9TMkfsGy0JE0cr9zB5wrl/Q5jzFVlWrOyTFNDaToyj2v7rjYV3Vzc+zn1vrAW39hbS/fBGh3wBjqwQeVvNajbnacb5wxabjprqmbmBDgkWp+XJLmH+L5giL9vAAAAAM5mmr2dvt4ev3xek/A3gfkLbpVv5d/Le//P5bvlOzInX2d3SQCAOKMDGACApJSlsgVT9ebLJ7X5Z7/UnllFuv3WeSrKmailiy60ZDY2tklq046fPacdQ5yp4XSTNGNAG2fYXx/r0plmSf0B5JL1+sGSvl3eM6p5p1Lb9zZcHD5GWVjvN0qMmhpVji7QhsKL24szSwpV+OY+1ZpnVHGgRSU3DQqnG46rqlW9Ae0ln32aPI79Ot/Fv28AAAAAzmSavcs8+/0mSzwnGXPybJmTZ8tfvE5pta8q7eirctfvG/lAAEDCIwAGACBZeNIu/s8Zd+j7Tx7Xtq1vq+JIjTYeqVHm9CI9sGah8sf1jukNRCfpnr9ao7Jhlz2OkY46lf/5bZV/7FHh/FKtXz9eG39ZE7MQ2L7326AdO89IrWf0zA9rhxx1alelasuWq3BgqNvervbYFwgAAAAgxfQv8Uzwm/ys7DwZNz0q/5y1SjuyVWmHt8pdt8vusgAAMUQADACAQ3n6/ko3NjZJGr4jtbu7R7k54y/dkV2gVQ8WaEVzrXa8ulcVdTX6xbMtWv/kahWNkXInZkhqUv3HUll+1N/C8DXXvqZ/2XRSWWXL9d11fc8Bbtod09e07f2eOKz9bZN0z3fWqCzQstF1r+sHv61Td3ed9tR4VTgnQDrNcsoAAAAAooDgN3VZGTkyblgv/+y7lHb4z0o7vIUgGACSlGMXDQQAINXlTekLdBubRuiIbdFHJ/2aduXAkLhJ5a9Xy+j7L09OoVY9uF5PlmVIXQ2qONQmScrJyZLkV+Vbu9UYKGBs3K1tB/0BdkTIrNXLm06qfVyh7l4+/eJn0caQPe+3S5X765RxU1ng8FeSppfp9qt6f6zdX31xx2//s3mbG3S0LcqlAQAAAEgZpmnJ5zXl9fplGIS/qcwac5mMG74o7z3/U76Vfy9z6o12lwQAiDICYAAAHCqzuLB3KeCmY9pe2zXkuOaqnSrvKtCN0wbtOFGtHQ0DN6Rp6uw8DcwgPUXFKsuQdLpGzzz3mg6c7uoNjU2vmut26xe/PasphRcvLS2voe5AhZhGoK1DFN3UG8D6vOoaEMQa7T0a+E67u4d+3+EI6/0G0P1xpTa/WqmTAT+IQRr2q7xuklYsyhtm0HjNv3l67+/m02r9sdZ7YdfE2VpwlSS1qHx7zaDP3i/Drs7gUH7fAAAAAGxjmpZ8PlPeHoJfXMzKGC+j7Cvyfv7H8i37TzInzba7JABAlBAAAwDgVOnFemDddOW4varZ9IperDqp5v5c0PSq+3Sttv321/qnt/y6fd0STb3kr3qXKjb+XtvqWnpDQqNJlXtOqjsjT4uvy+od4p6u1WumK8ctGU0n9eK/bdTTP3xOT/3jr/VPvz2mMStXqKRvNeL2Yyd1SpLaTmr/sUtbUY1jH+uEJDWd1tG2AV20xkkdP9X7Y+Opht7AdeJVys+Q1F2nF54vV0VNpba9sEkbq/vO23FWB955TS8f6Ox97ZNne7ugO1rU0DHwRRvU0Djo3JIkv9o/aVHb4GNCeL9Dq9PWl6q0970q/WzH8WFHGq012vhirZrTPTK6vMOPdaf1PZvDr5qtr6qysX/8eM1fWawpHqm7drd+9JudqjndpvbmOpW/tFP7uySpTRWbt2rzzuNqjubnJcn4uKH39642NZy+8HsN6fcNAAAAIO4sSzJ8pnxeU4aP4BdDsy6bImPhk/J9/n/IWPikrMzJdpcEAIiQy7L40w8ASE2nG1vsLiE4HQ2qrNinitoWNXZcCNrGZI1XfmmxVs8vVI5n8EFNKv/lZu3pSJPR5VW3IcmdppzpM3XP5xYqf9zFo43mGm39c5UqG7pkmNKYK/K0dMVSLb4qQ5JUs+k5bTwy6CUmFunbTyxU7lD7Zy3RD4qO66mXGwIf11ip51+oUm2b5MmepKVrVmjpVZ2q+OUmbTubocJlK/RQWZrKf75JO5ouPkXukrX6du6+S8+tPK3//jydCXBM0b2PaX1hcO93eF7Vbvmdnj8olaxdp/sLhzimduul9c1aoh+sLbxkaMDPr/99Lupb2rujTuV/flvldV0y1P+7LFD9xs3ak12ou5fNV1FuW1Q/r9KaS+vKXbJWtzduCv33fenbAwAgYpNzx9tdAgA4kt+wZPhNmX6mfhE6d93b8lS/rLTql+0uBQDQp+rBt0IaTwAMAEhZCRMAAwAAICACYAC4mOnvDX79BlO+iFxa9e/lef/3cn+0x+5SACDlhRoAX9IvBAAAAAAAAABIHJYl+Q1ThmGJfh9Ei7/4PplT58nz/ktKO/CiXG2f2l0SACBIPAMYAAAAAAAAABKU32/J5/XL5zMJfxF11vip8t3yH+T73A/ln7Xa7nIAAEGiAxgAAAAAAAAAEoxlWTIMS37DFLkvYs2ff4vMK2+QmVcqT9Vv5Tr3od0lAQCGQQcwAAAAAAAAACQQv9+S12vK8BH+In6s0VkyFjwh7+r/Kn/RGrvLAQAMgw5gAAAAAAAAAEgAliUZhknXL2xlXr1Aviuukzl5tjzvbpSr9WO7SwIADEIADAAAAAAAAAAO5/f3Lvfs95P8wn7W6CwZC78ua9IspVX+WmnH3rS7JADAAATAAAAAAAAAAOBghs+UQdcvHMhfsFTm5dfKuvx5efb/WjK67S4JACACYAAAAAAAAABwJNO05DcsGYZpdynAkKzsK+W77W9kTchX2v5fyX3miN0lAUDKIwAGAAAAAAAAAIfx+3uDX5Mln5EgjNIvyMy5Wp79v1Ta0dfsLgcAUhoBMAAASB3eM6rZtVd/rOzSgkcf0NKJdhcUgNGmkwd36+U3Tir3rse0vjAWL+JV7Zbf6fmDUtm9X9A9M9Jj8SIAAAAAwmQYpgwfSz4j8ZhXL5AvZ5qs7Kvk2fcLu8sBgJRFAAwAgKM0qfznm7SjaYjd7jRljsvStNJirZ5fqBz+kget+f3XtbXmtGrquiRl2V1OQMZHu/XCOw06caxF3ZJy7S4oREZjrXa8uV/Hr1ypDYuGTtfbP9qtl187qhNNfhmSxkycpMV3LNXSqwP/XozmGm3+wz4d+LRv/BV5WrpiqRZflRGbNwIAAADYxLIuPO8XSFTWZXnyrXhK1mV58uz7hVyfNdhdEgCkHJdl8T0yAEBqOt3YYncJQ/M2aMevtqq8SVJOoTY8tkRTPJLRWqeKLTu14yOvlDFJ9zyyRmXZdhebSBq07ZmtqmjL0oonHNoBLK8qX/i1XjkhFd0bqw7g6Oo+Xa3tb1brQH2Xuk0pd8lafXuIALhx1wv68c42KT1dmaOl7g6v+ue2pixZow2LJg06YLee+dVRGdPylDe2Rw21Z9ToleTO0opHH9DSREvJAQBRNTl3vN0lAEDUmKYlw2fKz5LPSCJph7fIs/dZuRuq7C4FABJa1YNvhTSeviEAAJwoPU8lRVkq39kmuT3y9P3F9mRP19IvpKv7Z1tV0XpGr7ywW9OeWJhwnaL2Ga0xjl/tOF0Zjq/xYmMmF2vNg8VasHOjfryra+iBbZV65d0M3fPYWpXl9r1Jo0mVm7bolWNendq5Q9tmrNeqyf0HNKl8Z6du/8YjKhzXt8ls04FNv9eLtW3asfe4lt5VEMN3BgAAAMSH398b/pom4S+Si3/2nbIyc+XZ+3Ol1e6wuxwASBluuwsAAAAhcuep7Pq+pXKbjqmSlZTgELmTc4bd317bovwH11wIfyXJM1Fl9y7X4mxJ6tLxEwM68zvaNO3W5RfCX0lyZ6lkQYEyJcnwR694AAAAwCZ+w5SP8BdJzJx6k3y3/Y38JQ/YXQoApAwCYAAAElBubv+zUr06125rKUDQMsuWa0WgdnV3nsrm9D7P1zAHhLrjpis/0ErS7e1qV5qKiqbHpE4AAAAgXgxfb/hrEf4iyVkTrpHvtu/LWPA1u0sBgJTAEtAAACSg9rbOvp/SNSFzwI7uk6rYtk/lx1rUbUjypCn3igKtvmfJxV2UZosObHtdm2t6x3nGjVf+NWlSzhI9dP7ZrV06uWuHXth7Rs1eyZORobypOfKNLdCGVYVS7VY99fLA9uO+5+o2Dd4uaWKRvv3EQuWqSeU/36QdTX3bZy3RD9b2P+TWr+aDO/XizjrVt/aGgGOuyNPSZYu1+OqsC+cyvWqsr9aeiqOqzLxRT989XntfeFWb67zKLF2q764q6LvAGXQ+T5qmFM3UJDOUT7pJFb/cpG1nx2vFw/cF97xZs0UHtpdrx6EmNXsludOUOWmylq2+Q/Mnp10yvP2jSv3xzWrVfuqX4U5TzvSZKryksdWv7tPHtWd3lcprs/TAX69WYXONNr+8T5WNfik9S/PXrtGa/AzJaNKB18rP/24z80v12Loy5Q742p/RfUa1lZXavrdBuXcNeM6w94xq3qlSRdVJZd7+mNbPGPD/J2aackuW6MmVBRoTykcYLHfvby03d4QHM5tnVL6rQWNmLdG9hQm2VjYAAAAwgM9nyvCFdIMCJDQrY7x8y/5a1pjLNOrt/yN5O+wuCQCSFgEwAAAJp0n73+1bJjcjT4VX9G026/TKz15X5dgCffUb9yl/nF/NlVv0zPZaPf+8tOEbSzSlb+iJ1zbrxdMztOFb92lKul/tdW/rVy/Uylh04VXaK7foZ/vH6v4nHlFJVpqMxipt3Fip+qv7nrlaeIe+/+BOPffb42pUuuZ/+QEtnShp4mo9vaFGL/xit2q6pPzlD+ihm7L6LjomaukT65X1m43amrFQ37m7P3ls04GXNunFpsm6f916fS03XUZjjV55ebe2/eYFHbh1jTYsnCTpjCp3HVfjx8e092OvNKtTNdtqdFS9wWr7kTrVrypQvrpU86eXtLEmTWVr79NXC7OktjrteOl1VTSH9lnXfypJLTp0rEVLc8ePML5Fezf+XpvPTtKaRx/R/Jw0tX9Urud+c1ybf7VFY76zRiUDMsvG3b/XM291atryO/TUQ3nyGGdU+cdX9cqJgef062RVpT46XacdR9okZanrRLl+8bZUtHCeVtUd1I7327T3pS2a9PA8Nb+6W2emFmjNrW3au+e46k9U6fm3pug/LsuTJBkN1ar45IwO7WpQo6kLz49urVXFwdOq3X9S9V1SUedxbd5Yre5rCrRmRZsq36rViffK9cKVU/XQnOgHr42NbdKY6bpxxhADjC6dOlGlN9+sUY1ZoCfvKoxNEA0AAADEmGX1dv4aBuEvUpDLLePmb0rp4+R5+3/L1d5od0UAkJRYAhoAAKczDXV7+372nlHlS1t6O2jd6SpZfbPy+/+aHzusyi4pt6hY+eMkKU05ZcW6boyk1nadOT+3cFyV73uVf0OppqT3jsucvkSPrZo04JthLdr/fovGFM1RSVZvuOrJLdVD9xfqwlNe05Q5falWX58myavmFu/5PZ6sIt19c29Y2tzeNugbZ81qbJmkNXcWKbOv9sbdW/XisTQtXnOHSvqeD+vJLdL9D89ToVs69dareqVOkiapbMlCrbp1eu8zYOuO69xNa/XQg+v1/UeW6KsPL1W+pO6acr180KvCVffonsLe8NmTNV2r1pWeD8GDU6jVdxeqZP5CrZ8/Uvgrqemw9nwsafpMzc/p/dwyry7TgqskmW1qbB0wtnG3Nr7VoqybluurN+XJ45aUPkll996ssouSzTRNLZ2nxbfPUZEkqU2N6WX62peXanFRkRbf+YAemCXJbNH2N86oZP0DemhZmUpuWqqvrS9SrqTm2o/Uf0vtySvW0puWa/HgoDW7UIsXLdHSmb1115/o1OL1a3X/olKVlC7RQ8smSZJqj9WF8gEGxzyuo3XStCVlKgx4ddqk8n/bqGderlFNs6TW4/rZv/xe5ad5BjAAAAASi2VZvZ2/hL9IccaND8t363dljZ9mdykAkJQIgAEAcLrW4/r3n/9aT//jc3rqnzfrlTq/cq8q0P1PrNf9hRkXxmWPV45byho3sDszSznjJKlNzec7X9PkSZdOvLNXJwastjRmzkxd574wJmOU1H2oSnubB4RseUUqG7QMcmFZgXIk1VZVa+DjiDNnTdc0Sc0HDqt24NzGicM6dHXRhU5Y87gq9rZJWVN1Xd6g9z6mWAvm9AbMlfurZfRvH+1RhiRNm63FffVkXlGo/Jw0SQ0qf6tB3e483Tgn4+LzZU3VzByFJKdoie5fVqScYK6asrKV65Eyswa+bpayMiWpS2fO/w68OvBWjRqVpbLSQW/aXaD8QPe/7v4YPUvTrsq6aNf/z96dx0dV3/sff50zWxZCgLAvYZPdyKqgQgUXFHHBurS11qVqbe299t7bzfa2Xn+297a9t+2tt7W21lqtrbXaWq1VEaVKQRYFBCOrEHYSSEgI2TNzzvf3x2xnkgAJJAwk7+fjIZmZs8xnTtJC5j2fzze+JnRO/jAGeNP2vLxoh2/FYZp+pjpwlNeTk5MFQP7ZBSmv2T+od/RcbqTF405G6Yo1rOk9iZunHi1kz2P23Xfy3X+7nnuuGEIfPxA5zJvPLmZr41EOERERERE5zRg3Gv46Cn9FAHAm3kj4on/D9D7aKCgRETlRGgEtIiJyuus5hjvvPp/jLj/b73y+/LXzo7fdRkq3reGNpVvYeKjpjsOYeX4P1r+1nSce2UP+xAKunjmJAdmjmX1+fJ8cps4Ywlsv7OHlXz7JyrHjueyi8xjfM4/ZFzZZo7XfSCbkbmXZ3p2sq5rKzFg2Wbx6D/6hmbBrJys3NjL67CDQyPq1B5gw65Lk8SX72VIPZPtbHOk7+qx+8MF+KCqmiAJGezfaLfxTZv921lUCeT1S1r2N8kU7bTtKcDw3f2V87I5D9f5C3vr7RtbsbbJf4xbWbwPIoW8LS94eLZw9LRyqpBSO//PYWqUreG5tDjffPZVux9s32IMhk+bypVEbeeZXK9hYt4eVmxsZfY7WAhYRERGR05vrGiJhF8cx6S5F5LTiTLgGfAH8y36KfXBzussREek0Tue3F0VERKSt3CqK3nmZ7//kGZ7ZCJOumRtdl7eJPtOv5/47pjK1ZyO731/DIz/9NQ+/upEKT3On/6y53H/PbGYOC1K6eSPP/PJJvv/sipSu4aiBzJzWAzjMqtX7ow81FvJWyRBuumoMA4Ctq2PdwVWFLKsew8x+nsOrq1M6h5vJ6xHrPHVoVe/p8c7X4RwqPlzEwz9+mp/9/TADL76a68Y22aWqmjYtRdxZ1W/lmRcPMO2T8xjflgV9s8czZ2K0y7qiqqpjahMRERERaScKf0WOzRk7j8isL+H2G5fuUkREOg0FwCIiIp1F/Vaef+Q5ntjag5vuuZ0vLTif8X1CRx33kdFvEtfdfSf33z6VqXlQ+sEKfvT0Ckq908hyR3LFJz/Dg/fMYuawINU7N/LE46+xsT71XN0mjma0nRz3XPzOJjKnT6VbTkF0rdmSLSw7AMWrt5AzrSC109OOrjnLocPsP9YktJ492tZ1mo6pau5B3n7ySX60uIGZd3yG+2+ZzdSBOQSOcUi4q05/cw/y9rOFDFywgOkn0E48YMwQugGZGer+FREREZHTl8JfkdZxxlxOZNa/4PZVCCwi0h4UAIuIiHQSGxcuZX1NkJmXz2JE9rH23MrCxfsT97r1n8R1d97EdSOAA1tYthvgEG8vTq656+85mis+eTP3TM2Euv0s29Ck6zIYW6u3ficr31/HGzuHMHMEQJCJ5wwE6li25DXe2tyPGeObBHb5AxhtAxygaGcL5VbVUgX0HD20dQFwvGO4Yj9bTnFzaOmKt3mzBEbPuZypPX1H37FnXmw89VFec2fnHmbNi8uJzFvA7BOdJd3YSIQcRg/LOf6+IiIiIiJpoPBXpG2c0ZcRmXUfbp/Rx99ZRESOSQGwiIhIp3CIg6UADnXe7txIFVWNnvv1ddQD5WvWsMa7n53DhNFNZkUXFfLmfu8DPoaMG9jiOr0Ao6eOpCew9Y01cO7UZFh71mimZgBF+ykeOy4W9noEC5gzNRNwWLPkXUqbbC7ecYB6uwczpw1s/qSNDc3HQueNY8ZggMO8/cZGUpuVHSJt7Lit2LiU59/aSEUrjistjSbOVQ21yQfdKqrqPDu5ddRHRjPjnCDgsGZxk65r0twV7LZq0PYx1dU3HOP8h1nz4tuUnnc5l/ZrHpJXb1zMwqLjPgPr1+6Bs6cys4UR5yIiIiIi6WYU/oqcEGfM5URm/jOm1/B0lyIickbzPfjggw+muwgREZF0qKmtP/5O6dK4nxVvbmBnHdDg0nP8KPIzj/W5rSx8ZRtYUxKhuGgHNT4o3bqShWsqidQe4VCjgz/ToaiwlP5jQxQt3cTSwgPkDhtM324B7JqdvLl4A7u7jeOmi4aQbdWxc+2HvL16B40DBzKsewa2c4g1b67hw7p+zJ83gT5NZ0t3y8XdtoltzjCuvWoUPa3Y41YvetRt5r193Zi9YDr5oebV5w7rh71tK0UHDrLhoM2Ykf3J9jlUfPgmv11SxYgF1zJvYHyQskNF4Vre3FkHlfVkNLs2GQweEGFT4UEOl+7l3T019O7bi8xwMctfWcm75fU0RhrZv/8AlVU2fYf2IvNol7VmDU8/vYGt+/ay0z+C84Yce6HazLrdLNteR/WunZTg0LjnA/62dC81zhFKq4CA4fDGIuxRwzhraCaHCndzoLKUVRvLyB3Yg+52NZv+/gZvFtVRH4HSkt1UHqynx6j+ZO4t5M0PKqgH8kaNZUS32Gt2q9i25gM2HjK4GT2ZMqYPwdi1j5Rs5O11h6htekxkDyuXbGdfA9CjP9OG5UQ/FRg5xHtLPqSoGuoyejFjRA/s2Lmqt65j0bYaMAHyC0bRv+nkZbeKjSvXUnjQobHBZlzBUHKa5rvuQd7+7Yu8uq+R8u2bWfbeB6n/LVvN34t6MPvyEeRZUP3+izz01Dv8Y1MZOQP60jcnhN14kPWvvcprteO5+7oJ5FiIiEgX1i27LYvIi4icGsZAOKLwV+REmT6jMaHu2Ac2YDWc4tFeIiKnqZKz72jT/pYxRv8SERGRLulA6eF0l9CCQ7z9qxd581BL2wZy8/3zGH+0Q92DrPrTm7xWVEckmMno6bO46cIhVK36M4+8dZiMEZO484ap9LG38vyPV7E9BPU1jdGOWL+PAePP4+a54+npj9Xx5MusrPERqWukPgLYPnoOG8N1888/6ojpyIcv80TdLD53bo/UDVVreOz1IJ+9oeCoaxLjVlG0ZhmvLd9PcV3s+QYO49L5s5iYGKd8lOszdhbfXdBkRFTNTt5+ZTlv76wjQrz2kex+5mVW5o7mmjnTGd/neOvHHmLZky+ysKwHl952fSvGFdex9fWXeWZ9FRE7dk2vGE9O0SJ++MIe6vNGcvOnZzM6/l515BDrF73NyxsPUx+BjP5DuPraSwgseZLnDg3h6nnnM3FgDltf/DXPbG7hNc86xMO/2tikazqHS+++ib5Lmx/TZ9YCvtTnXb71wv7UDXnj+dLH4ZkWz3UJvND8mo//+J3cHL/kW19rfs74810Yb9E9xNu/eZE3DxzzAtLt3Hncf0ms27t0Db/9UyFbK53ofb+PPv0HMvG8qcwcnXf0nyUREeky+vXpcfydREROIWMgEnaJtHX0kIg043//D/iX/BCrtiLdpYiIpN26Ty5p0/4KgEVEpMs6PQNgEREREWktBcAicroJNyr8FWlP/lW/JvD2/4DTePydRUQ6sbYGwFoDWEREREREREREROQkqfNXpP1Fpt9J5ILPp7sMEZEzjgJgERERERERERERkZMQibiEwwp/RTpC+PwvEDn39nSXISJyRlEALCIiIiIiIiIiInKCnIghovBXpOP4Q0Rm3IMz4dp0VyIicsZQACwiIiIiIiIiIiJyAlzHEIm4GJPuSkQ6N5PTj8iMz+EOn5nuUkREzggKgEVERERERERERETayHUN4YiL6yr9FTkV3H7jCE+/G7fPmHSXIiJy2lMALCIiIiIiIiIiItIGxkAkYnAdhb8ip5I7YhaR6XdhMnukuxQRkdOaAmARERERERERERGRNohEXJyI1v0VSQfnnOuJnPfZdJchInJa86e7ABEREREREREREZEzRSTiEgkr/JX2ZTAYY6iL1FHReJgjDZVsq9zBwfoyahprKW88xOHGKhoi9TiuQ9h1aHQacHBxjYvjGrAMPsvGZ/mwsbFtm6AdxG/b+H1BcvxZ5ARzyA10p3tGd0Z0y2dA9kAGZPUnO5CV7kvQJpFzP4tVuQ//uj+muxQRkdOSAmARERERERERERGRVnAdgxPR2Gc5OQ1OA7XhDDrI7wAAIABJREFUGrZX7WJ/9T52VO1hX80+SuvKqW6s5ki4iogbaX6gAcuyojdN7OfQij7ejOU9Jjq2nPhXYo8BIV+In836b0bmjmjfF9nRglk4534W+/Be7J3vpLsaEZHTjgJgERERERERERERkeOIrvvr4roKgKX1jDFUh6s5VH+I3dV7WF26jg/KPmRfTQkGF9cF2wI3FtQSC2otwAUsz31jRc9nWZ5QFxIhcCwbjubB8eO8+2FhWSa6Lbb/RYMuOPPC3xi3zygi595GoGInVuW+dJcjInJaUQAsIiIiIiIiIiIichyRiIvjKPyV4zMYGp1GVpeu4YXtL7GpYht1kUbs2HbLjqayxkTDX0MyqPWGuBZg2eC63nN7NsaTX+PZRuw88a3eDuD4HctgmWigfN3wqzvyUnQ4Z9SlWOU7CSz+r3SXIiJyWlEALCIiIiIiIiIiInIMWvdXWmNfzX4W7VnMqgOr2VtVTL1TT7TVNtbJa0fvxsc3pzTwNglt4xKPWy3ctgye5l7iJ413EptYsmxiNUSPTz73jH7TGNl9eIddj1MlMu1WrENF+Nc9m+5SREROGwqARURERERERERERI7CdbXur7TMYDhUd4h/FK9gWfEKNldspcFpSCS7iW7e+Nq9nmTXiqfCsU7ceFOvwXsjsXPqMr/e9XxjqXFKcBwLmy0Tr5J4Dp04UdAX5J4Jn8Vvd4KIwBfEmXoLdtlW7L1r012NiMhpoRP8v7uIiIiIiIiIiIhI+9O6v9ISxzgUHdnBK7sW8caet6gP16eMb44HsuDp8k10/8Yej63la2I7Wp7QN77eb9Nu4JSg17Nv/Hnix8XX+E2Mi46dP37fABPyxjA4e9DJX4zThNtvPJEptxAo3YrVUJ3uckRE0k4BsIiIdFlNPnwrIiIiImeQxJvsIiIdyIm46v6VFGX1Zfxk/SO8s381thULdon9veRJY10Dth0PbC1MSluwZ/iztys4HhKT/GrFRjinvIcRu21bKWdKPL9lg3G9G6I3LCuaUoesAF86517sePGdhHP2AuyDm/GvfCzdpYiIpJ0CYBER6bIsy0qsuyMiIiIiZxZLCbCIdDDXMUQU/kqMa1ye3PIMfy16hapwNT5fNIRtFrTGWnG9Ma/BxMYxk3g02pGb2sZrPMtMxzt24/vEt8WbfxPnN00/FNXkvY7EmOjYuGkM0wdOY0i3ztP96xWZcjP2gY3YO5aluxQRkbRSACwiIl2Wbdu4rpPuMkRERETkBNh25+paEpHTS3z0sz40LAAHaw/yg3U/YX3ph8lANj5r2TNyGfB03CZZTW5YloVrTOquTY5vtuYvqZPMsoLZ1IZrUvc3JILe+IOWHSvPs/bvzWfd0HKhnYDpkU9k8qcIFBdi1VemuxwRkbTRb0siItJl+Xz6a1BERETkTKV/y4lIR3IiLo6j8Ffgw/JN3Lf0q6w7WBjt5CUepsZba4kms5bnEU8XsHfd38TavN7wN2UidHKmc9N4NjoO2mZ47lBuGrWAs3uMwcKKdiEbzwjoJmsGe7cbA5cOmc2oHqPa4cqcvpyx83AmfzLdZYiIpJU6gEVEpMvy+3w0EE53GSIiIiJyAvw+X7pLEJFOynU1+lmiNlVs4esrHqA+XI9lR9NV4yby3kSHuGWZ6Jq/8aWmYkGsiyeYjYWx8WNdb9CbGB9tUpYFtuz4Wr8+huUO5r6Cz+MYl++s/m8ON1TGnptkyOxNja3k0ld2Yk1iiwUjru64C3YaiUz6BPa+ddi7V6W7FBGRtFAALCIiXVYgoDcNRURERM5U+reciHQUjX4WgC2Ht/PNlQ9RH6kHoh8MiOeriVHM8fHLJrmmb3w9XmMlct9EV248IG6a1aZI6eb1MTf/Im4YuYBB2QP4eeFjvLF3CY1OYzT0taIjPr3To42VvB3fYmI1zx86l+Hd8k/uwpwhTM9hRCbeRHDfWnD04X8R6XoUAIuISJcV8OuvQREREZEzlf4tJyIdIRJxcdT92+WV1JbwzZX/QVXjkeQ453hqa4h1AVvJDwrERy/HJzh7O3jd6G0TX5+XlEnPCfEQGaB7MIdLhsxmfv5c8nPy+bB8I19a+jW2Ve7Ee6QVC4Hj46YTW+KPe9YOzg5kc/vYW7CtrrOEglNwHZG9q/G//4d0lyIicsrptyUREemybNsiEPATDkfSXYqIiIiItEEg4Me2j9o7JSJyQoxrFP4KRxqP8MB7/8Xh+spEC6+3szaZtJpol29sXd+UUNfTGRzfP3oqC2OZpsv0JjqCe4fyuDj/Y3x8xLX0ycijLlLHM1uf4/dbnyPshJOdx/FjPc/peSpPzVY8c+bq4VfQI5TbXpfpjOGccwO+3e9iHdqe7lJERE4pBcAiItKlhYIBBcAiIiIiZ5hQMJDuEkSkE4o4BtdVANzV/WHbCxQd3gHE1t+1wXU9o5bjoXAs/LXi6/u6ydHQlhVdc9dKacsF1yRHRHs7hjP9mVwz/Ao+M/pTZPozMRgO1ZXxtRXfZmfV3sQ5kl3CsVHS3tnPpAbO8eHPxsDAnIHcPubTWEcfPN1puYMmEznnegJv/Xe6SxEROaUUAIuISJeWEQpQXVOX7jJEREREpA0yQgqARaR9uY7BibjpLkPSbMXB9/jL9r/iert6XbCtaAhsefLTaBgbTXyNJ6AFMNFe39S2XBMdCR3bAQvw2SFuGX09Vw27gh6hHtGjjOEvO17miY2/o86pS3Yfx443Jv7k0XO4JCZLpywsbEy07ghwy6jr8dtd9+9Op+B6fLtWYBctTXcpIiKnjAJgERHp0nw+m1AoQENDON2liIiIiEgrhEIBfL6us36hiJwaEcdNGa0rXY8xLr/b/Gx01DIkOn2j22LhbSzIjXfuWvFOW5PcN3URYM8TeMLfHhm5XDX0Ci7Pv4QB2f0TnbkH60r5WeEvWVHyLsaY5Bq/sXPFct/o6Gnv03o6jeP7xPc/J28cFw+e005X6cxkuvUhcvZ1BBUAi0gXogBYRES6vKyMkAJgERERkTNEVkYo3SWISCfjRLT2r8DC3W+ypeKj6J14wBrPceMjnWP7xrtr4wlwPPNtOt453umLbWFcQ26oO5cMuYhPjLyB3pm9Es/tGpf1hz7k+2v/l7K6suS5vCOk7WgR8THUbgvPZzyPRfNqi9vGfopAF+7+jXPOXoBTtBTfh39JdykiIqeEAmAREenygkE/oWCAhkaFwCIiIiKns1AwQDCotzJEpP0YE+3+la6tPlLPzzc+Fe26tcGY6ChmL+/6volc1iURFie6guPBb7x7GAjYfqYPmMqXCu6lV0bPlPM2uo38YdsLPLXp99FQ2XOu+G0MWMYkzw9ge9YdxrMecWw0tTGGc/tPY1Lvc9rxSp3ZImcvwC5aglVbnu5SREQ6nH5rEhERAbKzQgqARURERE5z2Vnq/hWR9uU4Lq6j7t+ubv2hD6gPV0MsOLWIresbG9vsnfCcWBvYcz++PWUtXgMuFuf2ncS9Z9/NkG6DsK3UJQwON1TwH+/9gA2HNkY7dt1k0Jw4D8nb3obgxPhpUjuBo8cbMgIZfGXiF/FZvpO7OJ2IO2IWzoRr8L/3ZLpLERHpcAqARUREgEDAT1ZmiNq6hnSXIiIiIiItyMoMEQjobQwRaT/GaPSzRDtwf73p97iumzr6OZbVxu97f1KMSa7D6+0ATgawFkNzh3LH2E8xvd+5zUYwu8Zl1YF3ebjwl5TWlEWPsaIBMEQ7eMGkBLyJUDi+1q8VC5wTIXHsmFib8MdHXE1eRnLMtEQ546/Gt/VNrMq96S5FRKRD6TcnERGRmG7ZGTQ0hnE0/ktERETktOLz2XTLzkh3GSLSyTgRg+sqAO7qdh7ZxfbKHYkA13i7buP3va23MTaxbfF1gmP3e2f25toR87lxxAL8dvO33+sidfy56CV+s+n3iQPjI5yTHcfJxNkb/saD4kSJtuXZ10RHP2MY1j2f28d+OhYki5c7aDLOhKvxL3803aWIiHQoBcAiIiIxlmXRvVsWFZXV6S5FRERERDy6d8vSm9gi0q6Ma3A0+lmAVQdWY4zBjoevnjV0sZKjluPr78bD2sR+lsG44LP9XDTofL549ufoEerR4nPVhmv47tofsnL/6uhawp51glM6jF2wbXBjG+LP6234jd42yYA4FlTb2Nw57haNfj4GZ/xV+La8jnWoKN2liIh0GAXAIiIiHsGgn5xumVRV16W7FBEREREBcrplEgzq7QsRaV+Oo+5fiY5iXlayInYnlvZasQ7ceNLqGe0c/xoPXV3XYCwYmjuYb039MiO6j2i2zm9cSe0Bvrri2+yvLsbyrC0cT3Wt+Ajo2G3XRENg4/kxbdqI7MaC4kT3Mob5w+Zyfr/p7XWJOiW37ziccVfiX/azdJciItJh9BuUiIhIE1mZIRzH1XrAIiIiImmWlRkiKzOU7jJEpJNR96/E7avex47KXbEOW5NssfXe9LbcxllgYZEdzObTY27k6qHzyPJnHvV5lhUv5wfv/5TacLX3FNHTxruA46tRxUNmkuFv4qvnWGMRC5LjyTTkBHP4xFk3aGpGKzhjr8S38RWs8h3pLkVEpEMoABYREWlBTrdMDFCnEFhEREQkLTIzQ+R0O/qb6SIiJ0rdvxK36uB7RIybXFPX0/VrgWcdXu9au2DjY3LfAr549ufIzxly1PNH3Ah/2fEyv9rwFK5xUgNm71q+eEZMe+dBNwmjvaOg4w8aTGz6s82Xzvk8A7P7n8wl6TLcvmNxxs7Dv/zn6S5FRKRDKAAWERE5iu7dMrFAncAiIiIip1iWwl8R6SDGoO5fSdhQsQWLaOrqXV83HrQmE9poyIoN2f5ufLHgLi4bfPExO20jboSffPAzXtu5ODm7OTFGOrrGsBt/CsvT9Uu0s9d4QuBEt3CTLuQ418CUfmfzsYEXnuil6JKcsfPwbfgrVuXedJciItLuFACLiIgcQ063THw+W2sCi4iIiJwiOd0yNfZZRDqM47jq/pWE3VV7iY9Ptrxjlj0hbTQMjkaz5/c/l38954vkZeQd87x1kTq+vvIBNpVvSVm4N97ha2JJrh0f/2yS2ywrurZvYsyzJzhOnIPoCGosA65Fn6w8/t+0b+KzfO14dTo/t/8EnDFz8b/7RLpLERFpdwqARUREjiMrM4Tf5+NIdS2O4x7/ABERERFpM5/Ppnu3LIJBvVUhIh3DGHAiCn8lqqrxCIfqKpo9Hu/INbFg2ABZgUy+MOGzXDJ4DiFf8JjnLak9wH+t+SEbDm1OGSkNFsaNndMkg9w472PxMNjGs48nLAbP6Gfb5s7xt5IdyD6Ry9DlOWMux1f4Albd4XSXIiLSrvRblYiISCsEg37yeuZQXVOvkdAiIiIi7SwrM0S37IxjjtIUETlZrrp/xaO0royqcDVWbD3eZgvyAlgWE/LG8q/n3Mvw7sOOe8491Xt5aPUP2HFkZ7PzWZaJPk8LrCbhrmWBZVuJTmE8HcLJg6JlXjP8Ci4dNPu4tUnL3CHn4o6+DN/659NdiohIu1IALCIi0kqWZZHTLZOMUICa2gYaGsPpLklERETkjBYKBsjOChEI6O0JEel4WvtXvNYdKiTW55sMWIk361r4LB9XDb+ceyfcjc8+/mjl8vpDfHX5tyitK49280JKB7DrJoPexHq/3oWHvbdJjomOj382sf0tO7lrfs5A7h53qz5AdZKcUZcqABaRTke/YYmIiLRRIOCnR66fxsYItfUNNDQoCBYRERFpi1AoQFZGSOOeReSUcRyjAFhS7Kjal7xjgetZ9zcrmMn/O+8bTMo7B9uyj3uuvdX7+OI/vkJ1uDo6ljne0Rs/vQXYJINhb9dxLNzFiq3rS7RTOLqfFY+oo/fteLkWQTvAQ+c9QKY/6+QuhOCMugTnrDn4tr2V7lJERNqNftMSERE5QcGgn2DQj+O41DeEaWgMEw5H0l2WiIiIyGkpEPATCgbICAXw+Y7/ZrqISHtyFf6mTWNjI7t27aBnz1707t0n3eUA4BqXfdV7gGTnr22DcQ0T8sby1cn/wpBug1p1ro0Vm3lg1feoCVenhLlAsrPYJRbwkgh9EzzdwMaKbjBubJttsNxoWGySu+O3/Xz7vK8xuNvAE70E4mXZuGddrABYRDoVBcAiIiInyeezyc4KkZ0VwnUN4UiEcNgh4jg4jovruhhjUtfqEREREemELCvaPWXbNj6fjd/nIxDwEfD7sW2NpxSR9HBdg+O4x99R2t3zf3qW9evX4bouM2d+jCvnXZXukoBoAFxWfyjRjRt9DGYPnsW/nnMvOcFurTrPtsrtPPTef1PR4Bn7HD9nky5gA9jxMdMtbPOOoI6vFWya/NhasT9vGrWAC/pNb+3LlVZwzpqDr+8Y7INb0l2KiEi7UAAsIiLSjmzbIhQMEAoG0l2KiIiIiIiIEO3+1Qdy08PvD+C60RRz27aP0lxNksFQF65P/Fz4bT83j72RW876RKvW+wWoaDjMt9/9HqV1pdHwt6XPOcW7fS28y/smhjpbmMSx8bWIjWffeMew5Tnf7MEXcfvYW9r0euX4TPeBuCNnKwAWkU5DM5dERERERERERESk09Lav+kzcGByjPKBAyXU1taksZokY1wajQsWhPxBHpx+P7eO/lSrw9/KxkruWfIvHKw5EB3znDhv0ydKfrWs2HaT3GhiI6M9DcOJG5bndnyf6f2m8pWJX8TW2/odwhk5G/wZ6S5DRKRd6G8KERERERERERER6ZQcx+C6CoDTpX+//onbxhj2FxensZokxzg4rku3YDceOu+bnN9vOhatW6rgSOMRvrHyQcrqylNHOXu6gBOjpT2tvPF1gOPiyyZ4lgtOWR84es7kAdP6TuabU75Khk8BZUdx86fjjJiV7jJERNqFAmARERERERERERHplFx1/7YbY0xinHNr9evXH8szG3nfvj3tXdYJcYxLz4zufOe8bzGt79RWHxdxI/xiwxNsrtgGxiRCWyv2X0p4mzLH2SO2n3Gjo6i9oS/NDommyBcMmMF3zvsW2YHs1r9IOSGuAmAR6SQUAIuIiIiIiIiIiEinY4zR+Od2YIyhvKKcJ574FctXLGvTsRkZGSljoEtKStq7vBMS8oX4yYX/yTl5E9p03NNb/8Ci3YsTb6rHRzpbsdsp6wCnjHuG1Fbf1H3j4bHVZGef7efaEVfy4LnfIOgLtqlWOTHO8FmYHoPTXYaIyEnzp7sAERERERERERERkfbmOAbTbFFWaatn//gMGzYU4rouhysPM/PCj7Xp+LFjx7Fv314Aiov3d0SJbRawA+Rl5LXpmH8UL+fZrX8GYn258TV9LRJdwPGN8TDYGLDitxMHpnYLJx62LYwbTYENEPJn8MPzH2JszzHYlvq4ThXTcyjOsJn41z2b7lJERE6K/uYQERERERERERGRTkfjn9vHjOnnJ4L0Q4fKeGf50jYdP2LEWYnbZWWlNDQ0tGt9p8K+mmJ++P7DRFwn0fXrXfPXuNGw17gkOnktwI7dSFkjOBYQxz+bYMW+um50h3G9RvONKf/CH+f+hvG9xin8TQN32AXpLkFE5KSpA1hEREREREREREQ6Fdc10UBNTtqQIfnk5fWmrKwUgCVL3ua8c2cQCARadXyP3Fwsy8YYF9d12V60jfHj2jZ6OZ2qw9X85+ofUNNY2/IOLf2YWZ6AN3bbNN039rjf56d/Vl+m9Z3M7IEzGdNzDEG7dddWOoY77ALcvmOwD25JdykiIidMAbCIiIiIiIiIiIh0Kq5r0PTn9uH3+7nh+pt47FeP4rou1dVVrFv/PudOO69Vx2dlZWPbFo4Tvb9165YzKgB+YcfLbKnYnjrymeS6v95x0ImOYOPZJ3bDio9/xiLoC9ErowdT+xQwd8hljNOY59OKyeqFmz9DAbCInNEUAIuIiIiIiIiIiEinovHP7Ss/fyiDBw9h9+5dALz00gtMGH82WVlZxz02FArRp09fSkqKAdi7d0+H1tqethzeyjNbnk8+YCVD3djE5kQQbMfDX5qs8RvbLxTM5IJ+U7ls8CWM7jmKbv5sfLYPK54oy2nFzZ8Oq59KdxkiIidMAbCIiIiIiIiIiIh0GkbjnzvEnNmX8NRvnwDAdV0+KFzPjOnnt+rYyZOm8NrCVwCorq7GGIMVa5etr68nIyOjY4o+Ca5xeaTw14SdcDTUjf1IxZcATmFZsccM3QJZ9MvqQ35OPgW9xjM0Zwh9MvvQOyOPgB1Qp+8Zwh06HdN7FFbZR+kuRUTkhCgAFhERERERERERkU7D0fjnDjFmzFhGjxrN1o+2ArB48SIKzj6H7Ozs4x47ceIkFr7+KsYYamqqWbFyOfv37WXvvr2Ulh7krjvvYfjwER39Etrk1d1vsLF8c+K+scBv+Qj5M8jyZ9Iz1IN+mX3omdGDgVn96ZXZi7NyhpMbyqV7MAfb8qWxejlZJrMnzpBz8SsAFpEzlAJgERERERERERER6TTU/dtxZs66KBEA19TUsHzFMi679PLjHte9ey6ZmZnU1tbiOA5/+9tLKdvXrl1zWgXADU4jS4qXMrXPZPKyejAyJ5/8nHxygz3on9WH7EA3LCx183Zy7pBp8P4z6S5DROSEKAAWERERERERERGRTsEYcJ10V3H6q6goxzWGvF55bTpu5IizGDRoEPv27QPgvfdWtSoAhmgIXFtb2+xxn89HQ2N9m+roaCFfkB9MfwjbskBr9HZZ7pBpmJx+WFUH0l2KiEibKQAWERERERERERGRTsF1DUbzn4+poqKcR37+f0QiEaZNO4+r5l/T6mMty+K6BTfw80d/iuu6VFdX89rCV5h3xXwAtmzZxNKlS7j11s8SDAZTjs3rlUd5eTnDhg1j9OgxDOg/kNwePeie0x2///R7m7rN3b0mtjpwQwWEqyFcD74AJpiDFeoBVuw1WgqUzxQmdzDuoCn4Nr+W7lJERNrs9PubVUREREREREREROQEaPzzsRUX7+fXTzyW6MRdvnwZ27dv4+qrr2XE8BG0ptu1f/8BDBwwkL379gKwZs1qhg0dxvIV77B9+zYAXv7bS1z/8RtTjvv4x28gGAzh83WCtXGdBqgpwxR/gCndgntwB6a8CLeqCqvxCMZ1sYyLASxfAOPLwMrMxO7RH3LzsXsNgNxh2P3PguwBkNEj3a9IjsIdNFkBsIickSyjj8SJiIiIiIiIiIhIJ9BQ7ygEPobFf3+TxYsXtbht9uyLmTXzIjIzM497noqKcn78v/+D4zSft21ZFrm5PfjivfeRnZ190jWfFowDDUcw5TsxO5bifPgG7oEicA0mnpkbwIpG6AYT+2olHof4Ns/+GOzuudiDJ2GPuRhr0GSsnH4Q7AZaX/i0YO9ZTejpm9JdhogI6z65pE37KwAWERERERERERGRM57rGhrqtQDwsTQ2NvK973+XhoZ6LMsiP38ou3btTGzPycnhrrs+T5/efY57rl8/8Vii4zcuEAiy4NrrmDRpClZnGHUcqcfsexfz3hOEt70PDRHAxRjr2M3SJjrp2STjXiwsWnoj3hsKW5YFGZkECj6G77y7MD3HgN0JOqbPZE6Y0JPXYR/YmO5KRKSLUwAsIiIiIiIiIiIiXU4k4hJudNNdxmnvwMEDPPLIw0QiEfr3788lF8/luef+QDgSBsDn8zHxnIlcc811BIOho55n7749PProzzDGEAwGuebqBYwbN6FVHcSntfpy3M2v4X64CPdAEW5NRXKcM4nG3agWQmDvQ+Zo3b8c5TFjkmsE+3zYuQPwjZiGb/pt0HvMyb0uOWGBV7+Jf92z6S5DRLo4BcAiIiIiIiIiIiLS5YQbXSIRBcDHY4zh5b+9xMqVywGYPHkqsy+aw0svvUDRjqLEfn369GXeFVcyduz4o57rtYWvkJ2VzYwZFxAMBk+wIAfqKqD8I9zyYjhchKk+jGkMg0s0JQ36sbO6Y3LzsbvnYfUaAdl9INg9GZi2F6cByjbilu7ClG7BlO3AlO7A1JRh6urBmBY7eY+ladDbUhgMpIyLTjk+EMAeOgX/OfOxRl0CGT3bWIGcDP/7fyDw2r+nuwwR6eIUAIuIiIiIiIiIiEiXo/V/2+YnD/+QgwcPYts2t992JyNHnsUbb7zO0mVLEmv7WpbFeefO4LLLLicrK6v9ntxpwBzZj9m9EnfDItw96zC1DRgrmeemdNySzEWNa8CAndsT34BRWKPmYA2aiJU7EDLzwPa3X50JBqumBPfQDsyu5bh7t2Iq9mGqD2EaajCuE6svvvoviW7eRN2JsdDJ12M8+xytO9jyHmsMdq8B+Gd/AXv0ZZCRy7FnUUt7sEs+JPTENekuQ0S6OAXAIiIiIiIiIiIi0qVo/d+2KyraxuO/fixx/+tf+yaua/jRj3+A6zbvpL7nni8yNH/oyT2pG4E9S3Fe+w6RkhJMk/HIVizxTIxZtsDyhKrxMDRxh9jausZg2eAbdja+GZ/GGn4ZBNoxsD4apwEOb8fdthRn06u4xTswdWEsn9Wk49f7Kpp3A8cfaxp4e69DQuy+HQoRuOrrWONv6KDQWxKMIfTEVdgHNqW7EhHpwhQAi4iIiIiIiIiISJfiRAyNjQqA2+r1Ra+xZMlbAAwZks+RI5VUVlYC0L17d44cOZLY1+fzMf/Kq5kx44K2P5HTiLv2SSKr/owp3wcmGjB7s81mwedxpOzn6a61LAsycrD7j8A/7QasUXMh0K3tNbeVG4GGSkzlPkzxBpwtb2J2rcetr20W4qYE3bQQctNCGNx0PWFjwLKxew8mMPsurAk3oG7gjhN8+av4Cv+c7jJEpAtTACwiIiIiIiIiIiJditb/PTG1tTU8/H8/pqqqKvGYZVlcdNEcLp5zCatXv8fri16joaGBKVOmseDaj+P3t6Hb1GnAbFlIZNljOCU7UpLd1A7X5ovftjT+GVoOh4/VRWvl9cc34Qp851wLvUaBZbcamu9bAAAgAElEQVS+/pNhXKivwOxehbtjBc72FZhDJWDcVq3/21I3cLNwON4lbdv4Rs/Ad9EXsfpNav91kQX/u78m8OZ/prsMEenCFACLiIiIiIiIiIhIl9LQ4OA6epvzROzbv5df/OKRxLq/Q4bkc8/n7sW2o0FpVVUVb7yxkGuv/Tg+n6/V5zUV23He+gnOB2+CZaV2+zZNM6FZ5+/ROmCPGoamPjtNY2PL9uGfMh972m1YfceA1frX0i6MgylZh7vmj7hFa3AOHwDjJOpsTefz0UZIJ66TZROY/Vnsc2+HzF7tWX2XZ+98h9Azn0l3GSLShSkAFhERERERERERkS7DGGioj6B3OU/c7595mg0bCgHIyMjka1+9n4yMzBM7mTGYLa/Q+MK/Q2MYExtvbDVt043d9jarNu8DTh19HN0/+oDxHN9CntxSWbF9LQKTPobviu9DKPfEXuPJMg7sXU7ktf/EKd4DmFZ1BR/3caLN1HavfgQ+8xj0HNVeFXd5Vk0poV/Nw6otT3cpItJFtTUAPkXzLkRERERERERERETanzFG4e9J+sRNn6JPn74A1NfX8fTTT+K6JzBSu6GSyF+/TMNz92PCYYwFWNHw1/K08zYd6WwAt8n9BCv1vomHv579U2+kMrFjkkGxIbxuCY0Pz8X9x/9ApL7tr/NkWT4YMgv/XS8T/Pxz+KfNT5lMbcX/83RHe7/Gr2H0fuyFm1gIboFTcYCGX9yEWf4TcMMd/Wq6BJPdB9NbgbqInDkUAIuIiIiIiIiIiMgZy3WV/p4sv9/PvHnzsWKJ446dO/jooy1tOocpLyLyh88ReX8hlmkSHjfpWDWeMDiupTeqTexPb/DpldI9bKU0CjfJg5Mdtolu4boqGt/6DeHffhqzYwlp+RSBHcDqNwHfld8n9IU/EZh6NVYoo4X6o7wlJm8mU2Lj2WIaG2h44zEiL30Zag520AvoWtzeZ6W7BBGRVtMIaBERkWOp+ohFf1nCi4WVhF0I5PRi+tXzuXlqXwLprk1EREREREQIN7pEIifQrSrNvPTXF1i1aiVDhuRzx+13kZGR0YqjDBz4gMbn7sMtL21hbV6DhZUcwdzC+OLU9W+jO6Scx9Pdmhomx84dOyze5dvSTOhmawp7n9/nI3DxPdjTboNgTitecwcxBkoLCb/xY9wdayC2LnNLax23Zs1giHZeW4POInj9j6CXOlhPhv+9Jwm88VC6yxCRLkprAIuIiLSXukIe/d4i1taFGDlhNFNGwPZ1W1m7q4GsiXP53q0FZKW7RhERERERkS6uscHBcfQWZ3uoq6vj8cd/wb333ofP52vdQfvXUP/47WCc1FAytl6vibWmRrt1k/eBFtexTZwjlnrGA+CUbZZnBwyY5Ijn5H7J9LdZKN00hI7V5xtwFr5P/woru1/rXnuHMVC8hobf/xOm5khK8fGu55Rw3XOY93VFL5PBWBZ2KJPg5/8MPYadqhfR6fiK/kHw2dvTXYaIdFEKgEVERNpFA6ue+BmPb8plwZfvYn7/5JbK95/ngd/tZuTN/8R9U0PpK1FERERERESor3PQW5ztx3VdbLt1KweaLa8RfuGbuA31sbQxNdFNdO/GQ0vjTXWTu1sm1t2Lt7M12QmMSQa3lp06Cjn+tE27YyH1seadw57h0oltBl+PvgRu+gkMmNyqa9Chag/hLH+EyPI/YlyTCNRb7Gb2XFpo8tpj7MxsAp/8KVb+jI6vvROyKveS8ejF4EbSXYqIdEFtDYD9HVSHiIjIma2hkFUboPecuSnhL0Du5EuYv+Q3PL+2kPDUaRoFLSIiIiIikibGNQp/21mrw9/tbxD+64OYxobE2sEtskjpxW1pDLTx3gYs28LqNQi7/xjIzcfO7QWZuRDIATsby9RgwrVQW4FbfRiOFGNKizCVJZiqwynrAVtNniMe/Kb81HgWGXYOl+I+fQ/BBd/GGnVV6kLDp1pWHr5L/h07/1waX/ku5kgF0HIXs9U0y6aFsdd1NYT/9GUCN/4Qa8j5p+AFdC4mdzCm51CsQ9vTXYqIyHEpABYREWlJZSVlQP7Q/BY29qJ3L6A4us+AU1uZiIiIiIiIxLjKftPCHFhH+C8P4NZWNR+nDFiWhTEm0b1reRLJ+AjnZmvaWhZWr8H4x16IPelG6DkCfEefuhU/ZUpcXV8B5Vtwty3H2fU+pnQ7pqYS45iUEdFHO1di0nJdNY3Pfp3gTWCNmR9tO04Xy4c1eh6hQVOIvPh1Itvf8yyKTEsN1bGA3SQ6nL3b3aoKIn/+OoFbfgG9x5/613OGc3vm41MALCJnAAXAIiIiLemdxwCgrKIc6NVkYzll5UC/vBMPfwuf5+4ndzPgis/w0GV9W9jhIK/84GlePJjPF350I1NO9HlEREREREQ6MXX/NteWEc4npLqEhifuxGqsO/r4ZZMc4txUPIxMGVscyiQ4/2tYZ994cmFrRk8YOAN74IxoMGxcKHqDyNs/J1KyEyLhZssPG++M6kRJBuNaNP7xfoI321ij5p94Te0lux/+Tz+J9fq3iax8IVZ3dJNJVN18/eOmLMCpLMM89TmCX3wVMrqfmvo7CdNjSLpLEBFplTR+dElEROQ0Zo9jygTYveh1lpWnbipb+Tqv7IGCgnHpqU1ERERERESAaL4nSa7r8rNHHuZ3v/8tpWWl7f8EdYcI/+52rMY6IBbkJv4g8Vj8T29A3DQktgBsi8C5VxG673Wsgpvav9PWsmHk5fg/+wIZ//wKwSv/DbtnHhiTqMmyLAwmZV1hk5gh7RJ+4T8wxWvbt66T4Lv0AQLX/nsiSU9c6Vj90e5fq8Ux0N7vg1tdTuQPt0Nj1akqvVMwuYPTXYKISKuoA1hERKRFIaZ/ai5rv7eIp773M5ZNGEjvIITL9rN2VwNZE+dy19Sjj6ISERERERGRjqcO4FT19fWUlBRTUlLM5s0b+eQnbubss89pn5O7EZw3v49Tsju1udQCy6SuqRsfPdw09PUGkHZGJoErvoZdcD3YHfw2teWD7oOxz72L4NnX4W5ZRGTlU5gDu5MBqndOsmdNYLe+lvBzXyZ493OQ1adj62wNXwB74icJZfUg/MK3cetro4FvfK3lJoH7sf4XEtm9GWvFL/Bd9BWO1jEsqUzuoHSXICLSKuoAFhEROZrMAr7wwGe4a1o2xZt2sGrNDgrLspl582f44a0FZKW7PhERERERkS5O+W8qv99P3779gGg38ODB+e12bnfd74i8/6p3WnKS1eJNvPFjbFna6JrAWd0J3PIY9sRPdHz421RmHvakTxG86y8E5n0Ju+fAZJ1WPP+1Ujpn3cMHiLz8VYjUn9paj8aysUbPI3jDd7CycoDYssCmSeB7nP99WEBk6W8x2xd3VKWdjuk+MN0liIi0ijqARUREjsXfl+mfuIPpn0h3IVG1Oxbz+HMfsvlghDCQ1XcgM6+6nBsn9PLss4ynXlpD4Z7oPrnDC7jttrkU5MR2OLiYB36wDq64kbuyV/HUwt3sromtNRxbm3jKLXcxp+xVHn9zP5URCOT2Zc5NH+fGsdmJ56ncs4pXXnqfVXtqqI0AoWwK5lzOXZcNT4bjifPdwZStL/DU6krCLuSOncQXbrmEASWLefyZDyksj4A/m4Krr+G+mam/TJW9/yqPv/oR28sjYPsZUDCDu26eTr7+FSMiIiIi0uWpAzjJGMMvf/kIoVByWtWWLZuYPv38kz63VVNK+M1Hote7yfKyVuy5LcvCGDDeBDg2Sjm6LnDsbreehD7/F8jue9J1nRR/JvZ59xCccivO3/+LyMoXMcaJrU0cS1NjcbAxhsimd7E3/w377BvSW3eCBWddSeh6i8Zn78cJN6asZewNsJscldqt7TiEX/svgp+/APz6qPvxmO4DoqPFNX9eRE5zvgcffPDBdBchIiJyWnIbqD20h81bdrGzpIR98f/K68jIziIreBIJ5MGNvLyukpyzJjJnZHYLO9Tw0TsfsLkml3Mvn8AAgH2LeODhD9hp9+CieRdw6dhu1O7fxYqlO8m5YDLDQxDe8AJf/+WH7DbxfTI4uGEDC98pYfgF4+jnB2p28NY7JdSW72LRusPQrz+TRvUmf8QI+lVE6wrv3cI/DnRj7hXTmJ7vsHvTfgrfLyJn+mSGZwANq3nse0tZa/Vk0qzJzJsxgNyy/axa+yEb/Wdx0YjslNdZuX0Tm00+868ay+D6A2zcso+1O7az/u97cSdO4fop3SnbvZ+PPviIiuHnMSkvenjx4sf51p/3Up0zmGuunMb0IWG2ryrklQ1hzj1/GDktXDkREREREekajIFIWCFM3EfbtrJs2T84cqQy8diOHUVgwZAh+dj2CQ6DDNcRfvoW3PIDKeOR4zcNJINHq6VBwrFw2Ip2/oZu/TX0HHZitXQEO4A9Yjb+8bMx+9ZgqiqSixfHWLEXa/a+j6/gCgh2T1e1zfU8C7v3INwNf8fyhO1WyvfKgGvFvk3JBD/xCuuqsap3Y4++jJZbvCUhmI1/3bNYjdXprkREupiSs+9o0/7qnREREWkiXFbIi395h7e21nDM9xJC2RRccCE3X1FA71PwN2rxxt2UEWLObXdw8/DoY9M/NpfKsnKiE5928+KLO6jNzOeur9/I9EyASUyf2J3vPLSKV96rpGBmbuJ8lYf9LPjy55nfv/lzlflH8dBXL2GAHT3HSB7ngYXlFG5pYM55IQhN47ZvjSI3N3m+6RPzCD/wKsvWb6Lskr709pyvdsgMHr57WrQzeGJ3ah94lWU7DpL7ic9z33nRsHh6zxrufnI3hZt2w+h8aFjN8wsroe8kvu2pZeaQv/KlX61j0daLuG10+11fERERERE5s6j7N9W+vXtiXbjJ69LY2MiiRQtZuWI548ZPYPp5M+jff0AbzmpwP3gWt7gotevXOvr47Xi8GA2GE39g+XwEFzwIfce36XWdEpYNfScQ+MzT2Ct+QWTZ78C4ibWME+sXHzmMs+LX+C57IK3lprAsrHFXEbh8N+E3foExbjSs9uxisBKLQRrPN9K7j1P4d3znfQD9J52Sss9kJqcvVlVJussQETkmBcAiIiIJEXa/8TTfX1hO2J/LlLmXMHfyKPJ7ZRPwflC6oYayko9YtWQ1r7y1iG8sXc2C+z7D/EEd+9fqgKF9yeIjVi1cxNhrLqRgQLSu3N6x8c9lO9hcDkzIZ2ykksqq2IF2P8b2hkVFu2FmQfKEE6a1GP4C5E+bHAtcY8/dPxeopKyyEoiO6fKGvzTUUNnoJysbCEdHT6ecb8SI5FhoO4/eOUBdPtOnebqf+/ViALsprox9Wn3bbgpd6D02n6yaShKfYR/Uj5F8xPZdB2F0mkeGiYiIiIhI2ij/TTVnzqVMnDiZZe8sZevWLZSXH0psO1J1hFWrVvDuuysZM2YcM2acz7ChwwkGg8c+6aFthF//SbOL3fzap3aVejfH7wcv+2esUZef2Is7VTJ74pvzdexBZxP+63cxtVUpm40FkfWv4pt5L2T2PspJ0sCysaffg2/3eiKb3ok9lvq9aHY7PrYbg8HCRBqIvPwN/Lf/GQIaBX0sJrtPuksQETkuBcAiIiIxxW88yXcWVtJ76iV8+aZJR+/qDWXTe+gk5t86ibll63jqV4t58SdPwpfvOmqg2kz3XHKB2tr61hc4+hq+fcsL/N/zhTz640IAsobkM/+qucw9KxfqGqgF2LCMr2xY1vx4+yDFQPyz3gMGDWy+T0zvvr2Oug0At5LNi1/lmaX7Ka5psq2FTPZo5wscYwJZuL4BgLJ//JWv/KOFHYoPtPxkIiIiIiLSNSgBbqZXrzyuuXoBABs3buCVV/9KZWUlrhsdb2WMYfPmjWzevJFP33wrEyacfYyzuTjvPIJpDKfOdY6NF45GvtHw0Iqtk4tlxdbQTU4SNoB/2DjsabfR0oDo045lY425muA959D45B24FSUpwSnVR3De+xW+j30jjUW2wA7gv/5hzC+vwynb02xzojPbGIxleUY9W7Fw2CKydxe+HUuwRs87hYWfgbLy0l2BiMhxKQAWEREBqFzGU4sqyZo4l2/fXEBrP+sa6D2Ju/7FR/h7i3jxT8uY+U8zyT3+YdAri97A9j27qSS/+THuAXaXAb174R3O1Xvyx3loMoTrKineU8iiP6/i+Uf/QOW/fZ4bQz4CAEPHcdesFsLdzNSxzCejcuVf+dHCgwT65rPgylH0DgFUs/blVaxtp+cIxNZYzi2Yzo0TuzXfoVd+Oz2TiIiIiIiciZT/Htv48RMYM2YsFYcr+PviN1j/wbrEeGifz8eoUaOOebzZ8y6R9Yujo4NN6ljn+KU3xrPobyLbTQbBFmDn5OH/5G/AF2rfF9jRug8l8NlniPzpn3B2bUw+boGzfjG+mV8BO5C++lriz8I//5s4v70XK/a9jn/fvGE9NO8MtgBjQ+TtRwmMmA3+zFNf/xnCZB3nQ/MiIqcBBcAiIiJA2erNbGcgt93Y+vA3IbOA2676kLV//JBF+2Zy46BWHJMznunDV7F9xzqeKZzMFwqyUzYXL1rFWhd6F4xKBsCVBynL7ktvPwQyc8kfPZO7ripm1ZO7KS6JwNRRFPRaR3FZhNyJkxjr7a51I4Tx016/mtbWRLtzC668kfnxqdJ1q1n1DNBev9OPHk6BvZvCahg7eVJqSB6JEPbrnzEiIiIiIl2Z8t/j8/l89M7rzU03fYrLLrucDz8sZMXK5Vx44SyCwWP98uYSWfIoxnWicaGJjj+GJqOEY2FwPGqMd5ImsmDbwn/x3RDq3v4v7hSwuvXHf/1P4YX7cHZuSAalR8qguhi6n34fTLaGziIw4xNElj/b5HsWC349TdjGs2CziX11irfh37oQa/x1p7jyM4fJ6pnuEkREjkvvnIqIiAC791VCTi61m9ex6kROUOMnlxrKyoHWBMD0Ys4N01j2v6tZ++QveGBsATOn9SW36iCrVm2isCQCgyZx35XJXyYLF/6B/1sbYuS4EUyZ2Jfcqv289ffdQC4jh/iBfOZfk8+yJz/iRw/9hukXjqegN5QVFbFqzX6yrryD+2e2z6dUo+sRV7L2z7/hmYrJ5DcUsWzFforb8wPdoWncOHcdhQtX8Y0f7GHO+ePIz6lm9/odrNpUScGd/8Rto9vx+URERERE5IyiDuC26dmzF7NmXcTMmR9LdAIfVckHuLvWA02C9lhQGA+BjXcDyfHP8ZDRP3wK9sRb2u01pIOVM4DAjY/Cb2/HPVAEgIk0Yra+gjXtC2murgWWjW/GHTjrXoK6uibfJ4+mCzUTC/QNOKufwz9+AWfEyO40MBk90l2CiMhxKQAWEREBCmaMY8CGTTz/u90nfI5A33H/n717j4+qvvM//v6eOZMAIQQihpuAXERQUREFa1HXqqhoq+2WttpWa2vb3+52u7tqu+3ur5et227r6v66blsvVbu1LdqiLd4Fa60VRVC5hUu4y10ChIRLQjIz5/v7Y+bMnDOZ3CBhkszr+XiEuZzLfGYGSJg3n89XM8Z34IChl+pb/3e4Fjz7lhZWVWpuVeo8peU67/oZumnGaSoLdPFOnjVLsxsXakFVpeYmlwBWv5GjNPuWWZqZWgq33+TZ+o/bF2vu3Le1eMFCLfakaEmJRk29XLdd2IkjilLrEd//hy169elXFC0p14ybrtXkp3+veZ33KBp25W36j+ELNOe5tXr16V2KKfn6TL72Kt3QkdcaAAAAQO9DAnxMjDEyppVgz4sr8dL3ZGONMv4oZ3/sc9bEZ7+B1L9lZdIhoowUmfFFyTg5HqSH6TdY0Vt/o6YHrpdXWy1jpHjla4pO/XL3fH4DRqpo5lfU+Mw9yTcj80alrmcWck7f7Qf3RkpsX63I3tUyJ7e2RnQB69MzO9oBFBZj2/zvXgAAAAAAAADQvTQ2JuQl+GhTkhoaGrRp0wYdOXJEgwaV69RTx6ioqOjYTlb7nhp/cr1svCmT/JrsqDcsGCfb1K/Rs2cqcsP/654B6bHa/a4a//c22aZGmb59VPzVP0ndtRu08aAa77tatr425+bQKO/UpU3nwlbupIvlzn4weQdCnK2LVPybT+e7DAAFZvmnXuvQ/nQAAwAAAAAAAOh5yH5VX39ET/1+rtavX6dEIpG+33EcDRkyVJMmnqFLL71M0Wi0nWe08pY9LiVioeDPpMY7B7t+s1/+0G1Pcqbf0rvCX0kaNlXRq29X4vWHZEtPyXc1rSsuVfS8axR7/fHAWsA2sxaw/PsCDcLGylojGSNva6XUdKjHrt/cpYpK8l0BALSJABgAAAAAAABAj1Po+a+1VvPm/V5r165pts3zPO3evUu7d+/SO+8u0S23fEHDhg5r+6T1+xR/+/fh1zarATR9MzBWOLScrJWckeNlhvTO8cHOuTfJOfN6KVrazbtjjSIXflHxd56Wbaj3E96sfVJju9NHmMwazw2HZHcvkzn10hNadU9gCYAB9AC97L9gAQAAAAAAACgIBb6y3c6dO7RqdaUkKRqNqrS0VP1L+qu4uDi0xu/Bgwf1s5/dp0OHDrZ5Tm9Xpbz6I0otBZvmv9Q28JUcC52RPiYSUfTqf5UixziCurszEaloQDcPf5NsyVCZEZkgPjzy2Qaup7aH1gT2lHjjQclLCFmiffNdAQC0iQ5gAAAAAAAAAOhhdu/eJUkyxujWz92mkSNHyVqrpqYm1dXV6pU/vaw1a1ZLkhKJhJYuW6pLL/mrVs9pN7wqmebjgf0r/vqwRiY1KliSbOC65JSeJA2f2vlPGMfEGXOeEhuXSMq8n9nRr7/2r7/ks/9eJzavkNuwVyoZesLr7tYIgAH0AHQAAwAAAAAAAOhxCrv/VyoqKpaUHAX98svzVVt7QK7rql+/fho2bLg+8+lb9Plbv5jef+fO7a2fsOmQEuteT98MrQ2rYMOrCV1IJrPNSu6EaZJD31F34Yz7q+T7k+MPTDDgtzawiz/aO2Flq9ediDJ7FNtbu9sB9Cp8JwYAAAAAAADQ8xR4Ajx27FgVF/dRY+NRbXlvs3783/fq9AkTNWnSGTr55Ar169dPTbGm9P5RN9rq+eyeSnm11ckuUBMY+5xKgdNhcCAVDuWKVjJuRM7UGxUeLIx8MoNGywwolw7WJG8r8xbaUMLvXyR7vK2Sob/33mJFxrAOcEik9T9LANAdEAADAAAAAAAAQA9TWjpAH/nw9Xryqd/JWqtEIqE1a1drzdrVOfcfN258q+fzNrwpKRUOBrpBjQmHwMFsNzgu2EoyZUOlirOP63mhkxWXyQwaIXuwRp6SAa9JBbwymcA3zWbmfVtJ3pa3FPmrRHLtYyQ5vBYAuj8CYAAA2sHaAv+v5QAAAHlgDB1kANCac889TyUlJfrNnF8pFou1uN9JJ52kyZPPafVc3u616TV+/UAwe+qzfzW0RnBgzWDnlLMJCrshZ8hYeVsrw+9quvs30N6dCv79779Wkq3eLFu/X6ak4oTX3W3xexxAD0AADABACwh9AQAA8iv48xhhMAA0Z4zRhAkTdfvtX9f6dVWqXLVSW7ZsViKRkCQVF/fR+edfoMv+6nJFo62MrfVi0gF/jWCTDnk79K9iIzkjJx/bE0HXKj019F5mun+VHvWc7gU2oSnf8hqbpL1rJQJgAOhRCIABAMjSVvBLMAwAANB1Wgp6/Z/BCIIBoLmyAWW64ILpuuCC6bLW6uDBOllrNWBAmRzHafsETQflHdqfvG6TXcAy2Z2iqZup283W/zWSqWh9zDTywxQXh2+nr2XeXGs9mdTY5+zN3t4tipzKOsBpNpHvCgCgTQTAAACktBTs5rqfEBgAAKDzGWOa/ZyVHfgSBANA64wxKisb2LGDqldJsaOy6fV8A22gJjMf2PjJb/DxlFo21jgygyd1xlNAJzN9S5V+c1Ns6g3OBPkmR5dwaib0/g0nrtiewCMABtD9EQADAApeewLe4G3CXwAAgK5hrQ0Fu9mBcHAbQTCAcAsqjoe3b4vkZcb/KqvL149/M9cz4aGXyhWdAaVShI+buyW3SH5y779/Jt35mwr9c6zz7Af+Xu0+septQKLl9bYBoLvgOzIAoKC1J+htKfwlCAYAAOg8fpAbDIGD14NhcHYQTAgMFCby385ipd3LQgGgH//5naHhLTa0RrDjh8Z9SyU3PGoY3YRblFzh15rU+5wJ8/1mb1/63baB9YEP7jiR1XZ7JtGU7xIAoE0EwACAgtVS+Nvey1znAAAAQMdlh7uthbq5thMCA+jNHnnkIR06fFAVJw/RjTd+RsYYbdu2VfF4XP369dPQocOO7wGs5NVUp9fxtamW0HTAbjPdoabZr5nw0PQplZzo8dWCrmEiSrd0B+QKfq3/q8ls8Q7Vqdli0IUs1pDvCgCgTQTAAICClCv8zRX0tnS9pfMAAACg47LHPvuX7QmDfYTAQAFKppX5rqLLbdq8UZJ08ODB9L9Bn/r9XO3dW62Jp0/SzTffenwPYCR7+IgkfxxwJgo0SnaM+mODbWiMcOgUspGTUkEjuh0vnqNbPhXoBi4yTLjLO14vNR6QistPQLE9AAEwgB6AABgAUHDaCn+DX5J0oPaQtu3co/era1Rbd0hHGo4qHk+c8LoBAAB6I9eNqF/fPhpU1l9DTh6kkcOHaGBZ/3QAHAyBGQcNIKhQRkA7jiPP83T06FE98ds5uuLyK+V5yX+TxuIx1dXVtnEGowEDBrT896P1JNuQWf9X/mXg79fAlXSXcKCj1Eoyif2STRACd0dePP3eSZnO7vDav5kOX39tZ3+8t03EZer3yRIAS5JM05F8lwAAbSIABgAUlI6Ev1u27dbqdVtUd/CwxowerkkTTtXg8oHq37+voi7fQgEAADpDLB7X4cMN2ldTqx27qvXSq4tVVlqiSRNO1akjh4aC3yBCYACFMo32/KkXaMnbiyVJq1at1KpVK9PbNm3aqB/d/YNWjy8qKgIJ5GMAACAASURBVNLX7vymSkpKcu9graxnw+FvIN9NZr2ZO2x6YdjMAcZIajqSDBojBMDdjW2qTwX8ya7u5Nq/RjY01jncDWwyN2UTCdn6OmlQfurvdgiAAfQAfHoNACgYbYW/nufJWqvausN6a+lqNTQ06ryzT9eEcaPyUS4AAEBBiLquBg0s1aCBpTpt7Ehdpqlat3Grllau1/rN2zVtyiQNHBDuCDbGyHEcQmCgwBXKn/JZs65T1boqHTxY10WPYNOjtNNd1cHlYgMvtFGwY1ShZWG9+oNSvFGKFHdRnThW9uiRTJgbuky+eelPS0xq7Ld/07/fs7JHGwvmz1xbzNGD+S4BANpEAAwAKEgthb+b3tup1xYt17QpZ2jqORPzXCUAAEBhOn38aJ0+frTeXVGlp19aqBnTJmvs6OHp4FeSPM9rNQQGUABMYQyBLioq1lf//p/0xG/n6P33dysWa1JTU5OstXIcR24bE6qKiorU+l+PwVHPVv6ivzYQEVrlTn2DI4XN4cOSF+v4E0TXa4qlu7jTf2oyb7Wk4PBnf7/kpf/7wNrC+U8XbSIABtADEAADAApCsPs3+7of/q5Z/57eXblOH75qhk4ZVpGPMgEAABAw9ZyJGlJRrpdeeUuNTTFNOm10OviVwiGwFO78pQsY6P0K6Y94v379dOvnvqBEIqFEIqGf/uw+7du3V+PHn6abbvxsm8dHi6KtbDUyjh//mXSHr2lH3BdaSzYRkw5uk/qe1PYTwol1YL2U7uzNjPMOhr82nesHQmJJxqZ+T3hNJ7Tk7swcbWvdbQDIPwJgAEBBaWm9303v7dS7K9fphmsu0eDygXmuEgAAAL5ThlXohlmXaN4Lf1FxUVRjRw8PhcDB/9zndwMT/AKFodD+pBtj5LquIpGIJk2cpIMHR2j4iBEqKio63hPLOMl1e7MGQYdGAdvg9uAawf66wNbI27dNzpApx1cPOp1XsytwK9jxHbgnMB862ANsjd88XGh/4lpm6g/kuwQAaBMBMACg12tp7V//q7busF5btFwfvmoG4S8AAEA3NLh8oK6+/EI9O3+hygeWamBZaToEzv5Zj7WAgcJRqH+8jTG65prrOvOM8kyfwO1Qn2gg+A0dEtgz1QFsJfv+GunM6zuxNhy3eINs3R5Jmeg3sHRzWjLMzxoT7Y9/NpKc1rrIC4upr8l3CQDQJiffBQAAcKK0FAS/tXS1pk05g7HPAAAA3dgpwyo0bcoZent5VXoJj+BXUPZtAL1UoSbAXcAp7Z8c5Ry4L7NWbPO/U7P38w/2dq7pwipxTBpqZA9WJ9f8Td+ZiXfDAX+uWDh5YSL8eUur35/vCgCgTQTAAIBera3u3y3bdquhoVFTz5mYpwoBAADQXlPPmaiGxpi27tjT7Oc6wmCg8JD/dhIjRSpGBrO+4KbMCx0KiE16jeBggGirN0lNB7u4YHSE3V8lxeKpG8Ex36lf/aWy/Hcx+G3TBvZ0GSbqM0f25rsEAGgTATAAoCD5HwSuXrdF5519ep6rAQAAQHudN3mCqjZsbRb4EvQChYcR753FyA5Ortub+avUJkc6K3M73BxqM4Fh6hyS5B2plbb9pSuLRQfZHWtl/QWbFX4bbWBtX9PC/wCwkhzXlelffgKq7RnMoep8lwAAbSIABgAUhOAHg/71A7WHVHfwsCaMG5XP0gAAANABp48frbpD9aqtO5wzBCYQBgqHMXQBdxYz6GQZ4yTX8k3eEw4MbabbN3iZPj5wGV/6bI49kC/e7tWhNyi4tnOuzDcX6xZJJcO6qsQexRyuljlMAAyg+yMABgD0Wq2N/7PWatvOPRozeviJLgsAAADHaezo4dq+u7rF0c+MgQYKB13AncMMPVdyo+HY1tqcQWGuVzwYDCe2rZISTV1WKzrAJmSrNza/W/76zlm3s4J7//22TrEU7d+FhfYc5uBuyXr5LgMA2kQADAAoOP4HhO9X1+iUYRX5LgcAAAAddMrwClXvrW1z/V8AvR/5bycpKpVTOigc7hqT7hb1Bdf7DXb9ho6rPyBt/lNXVYoOsAc2y6vbE3qv/Esjm+yiV2D0tzWZ0F+Z9zvSn/DXZw7uyncJANAuBMAAgIIS/FCwtu6QBpcPzGM1AAAAOBaDyweq7uDhnIEvITBQWOgA7iROVBowQrn+Cs35t6ptftP4PaTWKjb/HilW39lVooNs5e9lY/Hw2Oc0kw54/SA4OCI6tBTwwNEnpuAewNTtzHcJANAuBMAAgF4vex04vzvkSMNR9e/fN5+lAQAA4Bj0799X9Q2NkpSzA5h1gIHCYfh0s9M4FeNaXQw2vSmrLTgTLppUcGiU2LdbdsfbXVUq2iPRpHjlq+m3KvgtMbuz278veD1425Sd1BUV9kimbke+SwCAduFHJABAQcj14V88nlDUdfNQDQAAAI5H1HUVTyRaDXgJf4HCQAdw+3iep3379ra6jxl7vuTZnC2/2d2j4ZHCNrSPv2ZwYtEjkk0cX+E4ZvbwHtmDezLvmwmHvsE1gAO7pDemu4Ct5JSP6spSexRTuz3fJQBAuxAAAwAKCh8EAgAA9C7Za//y8x5QWBzy3zbF43H95Cc/1qOP/rzV/ZzhU+T07SMpE/zJZgLh9EttwmvEhmJgm9kvseFt2W0LO+U5oOPs6qdkY8lpGaE/JlapXu3gGto2HOobm1nr2ZFUMbaLq+05nAPb8l0CALQLATAAoOBkf0gIAACAnik7+OVnPKDwGMfQBdyCpqYmPff80/r+D76n9/e8r9q6Wm3avLHlA/oPlxkyPhP8GaUXh03/7WozQW/2yODkQYH7rBT/84OS9Trl+aADjh5QfNFv0zdDawAbyaYC3/R7LZPO+v1QP3ndyriuNPiME1l9t2Xqdsgc2JrvMgCgXQiAAQAAAAAAAPRYDp9wNrNy5Qr9vx/fozfffEONjUfT969eVdnyQcYoMuHSzJqx/t0Kh4fGv7MF6fVljZG3baXsqseP9WngGNktr8s7VBu+z/8lR3JvFewGTr5/TuqaOWmUTL+Kriu2B3H2b5a8eL7LAIB2YeFDAAAAAAAAAD1WsgO48CYAJBIJ7dmzRzt2bFM8HteQIUM1YsQp2rdvr+Y++YQSicz6u67rauLESbryyqtaPac59YOS+VlmnHNWKJgOEf0Z0dbIOMlu36D0Tc9T059+ruLTr5eK+h/fE0b7eDHF334i/eb575tJvW/pDm6T3CU8zju5k02/x5Iz8kwpUnQin0G3ZfZvzncJANBuBMAAAAAAAKDHYuwzAFOAHcCxWJPuf+Anev/990P3DxgwQJGIGwp/y8tP0pe/9DcqLR3Q5nlNxQRFBpUrcaAmMPrZJkcEJ6+mu4CtTY2HtlKuCD59X+0exZ/7R7kffVAykWN+zmgfu2G+vM3L0wGuZ20q6A0Hwn4ILFkZa1LXTTooTp1NZsyME1p/d2b2b8p3CQDQbgX44xEAAAAAAACA3sJxCmsNYM/zdP8DP20W/krSwYMHdeBAjSSpf//++uJt/0d33P71dPjb2NiotWvXtHzyaImcqR8Ppbn++rCpGwHBddizzhO6bRSvXCS7YUFbTw3Hy0so/sYvlcrmk18mdS313vmjvDPvpQkFvtbfz6ai/yGTTlT13Z6zr5U1tAGgm6EDGAAAAAAAAECPZYxJdjgWyECAffv2as+eTPjruq7GjRsvSdqwYb08z5Mkzbzyao0ZM1YHD9Zp7do1Wrd+nTZv3qhIJKKvf+1fVFxcnPP8kTM/pvif/1eKN2WWjPVHPqeSwuR9WfOhs/h7+13E8ee/r2j5GGnwxGN/8miVrXxC3o61oY7s7DWdFbg/OP7Z7w+26c5gKTJwoEzZyK4succwR/bJ7NuQ7zIAoN0IgAEAAAAAAAD0WMZIxjGyicJIgLduey89/n7IkKH68pf+Vn369JEkrVy5XE/8do4kacPG9VpZuVIbN64PHW+MUW3tAQ0ZMjT3AwwYJqdilLydG/1Zz5IxmTHQyloPWFbGZEZEG6N0B2pwbLRXV6PYc99R9KZHWA+4KxytUeyP98taL93g6wf4fn5v0l3ANj0SWkquD5weB+2/l0aKXPAZKZL7PwoUGrN3nUx9Tb7LAIB2YwQ0AAAd9MU77s13CQAAAACAAMfkaEHtpfr26Zu+fvGMS9Phr+d5Mk7m497KHOGv7513l7T8AE5U7ozPyvqjtU2g6zfFpm7504XTIaMJd5VKSregWiN5WyuVePEbat6PiuNjlfjj9+QdrkndSjItvs6Z9YBN5mb6CCPJuEUyk2/oonp7Hqe6Kt8lAECH0AEMAAAAAAAAoEcrpHWAx44dn+zStFYbNq5TLNakpcve1b59e9XQ0NDicUOHDNNFF31QY8aO06CBg1p9DHPaRxQZ9JASNTubzxJOrgwb6i5Nj4pWKhS2gYjXBo+V4itfkwbeq8gl/ySZSEeeOlrgrZ+v+LsLQq91KqIPLfVrg++F3/Wbui97VLRTNkSm38ldX3wP4ewhAAbQsxAAAwAAAAAAAOjRTAHNOezTp48GDChTXV2tVqxYrhUrlufcz3EcjR59qiZOnKQJp01URUWFTHs7pd1iRc6+WolXH0mvr5wOCK2R9WcGG4VGCSe3Zy0JHLhhJclLKPbnR2X6lcs5/3OF9eZ1hf3rlHjh++mxzdlBbij0zXr7g92/2Tl/ZPKVUiTaFRX3PNbKVK/JdxUA0CEEwAAAHIOvf/3rmRsVV+nOOy9XRermql9/XY+tDOx89s26+zNnncjyAAAAAKCgOI6R4xh5Xu8fLew4jkaPGq2VlbXNtkWjRaqoqNDE0yfpggumacCAsmN/nAs+K+ed38k7fCgZAvsb/NQwxzq/vvBawcmNgeWEJUmxF+9VkRuROfezhMDHqumQ4s99R4m6/c2C33SLbyj0zXRvB9/T9JrB1soaI9Ovv5xpt5yIZ9AjOHtWy9mzNt9lAECHEAADAHAMvnHNCP3wxYO66Mvf1A3jwt9Oz/rM3bo7vkyP3lWpKXferCmleSoSAAAAAApIoQTAkjRr1nVatbpSnufJcRwVFxfrQx+6UhdO/4AikU4aq9yvQu7Uj6vpz7+Q9YPDwMhgKRPo2mAYnJJpOjXpfdNrBFvJWKvGZ36kokSjnPO/1Dk1FxIvrtjv/16JLSsD451t6n1IRbrZ74s14ffKpu9OSqXz7thpUl/GP/uc3ZX5LgEAOowAGACAY1B+8iBJMZWWtvCt1I3KLR2hEYS/AAAAAHBCFFIT6YABZfqrSy9T/9JSnT5hosrKyuQ4HQ9+/QC5Jc6UT8os+rVsYywd/ganSFsTWAc4a31ZBbf5B/p3BM7RNP+nKm44JPPBf5AcPq5uFy+mxPxvK7H+nWbjnW3mSiZw9zebrI5sk3nTMks8WznnfqTLn0JPYgiAAfRABfRjEQAAAAAAAIDeynHaub5tL3HFFVfpwukXadCg8g6Hv57n6c03F+re/7pbKytXtLxj2UhFr/iKjP/aBtpJg92+zfqum601a1q4XzLxmBpffUTxl74jNdZ16HkUpHijEi//QLElT0vWk7GZV9/4iW/WSG7Z4HtkAruY0PtprRQZc7bMqZd0/fPoKRIxObtXtr0fAHQz/JcqAABOkOo3HtWDz1fpUN8puvGrE1X5bFQ3+2sDezVa9uSvNG/5TjXEJXfoNM2+9eOaMkiK71+l1158Sa+4V+tb527UTx97U4fO/ry+eWVcb6Tu/8FVMT35i7la8n5c7qir9I9/e7kqUv/Nq+G9V/T446+o6kBcclyVT7hOn//cRapwwucOnqP0tBv05S9cJHflk3r0qSWqjrmqmH6z/u6jE9XXf0Kt1AwAAAAAJ1ohrQN8rBKJhLa8t1nPPDNP+/btlSQ9++zTmnj6JBUVFeU4wsg5+5MyCx+TPbhfUmpcsM1qBU7uGrgaXvc3e7tkUx3DqWjYSoklf5Dqdsu99t+kASOP/8n2RkdrlVjwfcWWPS8plcebTAdveJ1mZXVch1Ph9P5Zb2Pkos9LkT5dUX2P5OxaIWfPmnyXAQAdRgcwAAAnQt1f9Pify3Xjd+/W3d+8Tnp2nlalNx7Sm/87Tw2X/J3+7Qd36+5//4ZuGFypx+97XFVNVZr3kzmav7Ja8fqN2hS5XDd/aIRidev0wgOp+99folc2jdAN//gD/eBvL9KAbfM1d9Gh1Knf1K8emK/4Jd/U3XffrW99aqIaqualtm/US+lzVOrNnclzfOtTZym+YZ4ef+w5rSq9Snfedbe+cc0IVS+ap1d2tafmE/3iAgAAAECSEymsLuCOqK09oAce/KkeffTn6fBXkurrj2j9+nUtH1g8QNFZd8ikZmwbScake3qbXQZvWdlkTpzdAOwvRKtMaGmNFF/3lhof/IRszQbl6CsubI0HFfvlTYot9cPf8OsTDH+NDYx89q/LJEP31JcfzJvAGSKlA2VOvbgrn0WP4+xanu8SAOCY0AEMAMCJsHOndjY1qPpQXONPKtWUT1yrZb9LbdswX/OrqtRQ9S+aFzpomZZtvFE3fucfNeieezT/cLlGn1aq0tP+QT+4QpI+oLJ77tH8wdN0+fkVyUNOHa/helO7jjRI8hcgLtfwMcnrpeeep3FzVqm6oUHSeF33r/+ovvfco/mDJ+uis5LnKD3vPI17YpWqT5mmS8YljyufNFEVz89XTY2k4W3XPPGMTn79AAAAAKAdCm0MdHs0NTXpid/+Rps2bVQsFgttGzz4ZH1i9qc0fPiIVs9hJnxEkfHzFN+wJL3Wr5GVaRZDKhkwOpL1lOkSTqWQNpQEm+aHGcnW1yn2wGy5l31ezrQvS5HiY3revYeVfe91NT35DdkjtanXPvBaJndJpr5+8G4yHdgmsO5vdrdvkHFcubPvlqL9uuyZ9ETOzmX5LgEAjgkBMAAAJ8L4KZriPKp5P/q25p8yUZd86Drd/JlySVLNjp1qqLhKd955uSpaO0d5eTrSbUtNdbWkCqn0In3phxdJTdVa9cdX9NriSm1Nbjku7a4ZAAAAAE4gxzEyxshaukcbGhr0+uuvadFbb6qx8WhoW1lZmT70oSt17jlTFI1G2z6ZceRecae8HZ+T11Cf7CANjIAOjh82Jhn+msBytOkb/o7ZQaTN7CJJXqxJTQsekLtxidyZX5OGnNPxF6A3aKyT98bPFFv8O9mmRklZo5792+l2XzUL1/0oOPsYf5vPGXmGzCnTO/sZ9GimboecnUvzXQYAHBNGQAMAcCycqKRDOlDXwvamesXdwP+0KpqoG//1G7rxAyPkvr9K8x/7oe769So1SIonYlL1Jr3X0BWFNmjrHx/SXXc9pqWarBtun62zOuGsXVszAAAAABwbYyQnku8q8isej2vFiuX67/vu1Z9f+1Mo/C0uKtYHL7pYt9/+dV1w/rR0+JtIJLR6daWqq/e0fOKKs+Re9Nlko6nPHyesrEzXhPcJZpImuxG12SjizJ3xzUvV9IvPy3vjPqmhpq2n3nt4cWnH24r98iY1/eVXUo7w11iFEtzWet9t1pXgbSvJFPdT9Lrvpj7rgM/Z/o7MoVb+TABAN0YADADAsRg5WuOdBm2s2ppzc8PKVaoeN17l/h3Vr+jJRVFN+ejf6Vv//i196YrR0sqX9Ga1VDH6VPXVRj153+Na9n48c453HtO8DcdX5qFFv9JPF0hX/cuduvmKszSib+f8Y64rawYAAACA41GoY6A9z9POnTv0Hz+8S7/93RwdPHiw2T5u1NU118xS1E3+29Baq/379+mee3+k38z5lV586flWH8OZ/kU5w0bLjxCNyUx5zhZsRrWpO7J3TQfDgcnQRkq2tPphZWODml5+QLH7r5Xd9LKUiKn3stLRA/Lm/6saH7pZ3u4tmddP4Y5dG3jd0kxmbd90sN5CM3ywSd6der00eNJxV9/bONvfyXcJAHDMGAENAMCxKL1IN1zxtu7542N6bODN+ugHRqvUleINO1X1p+c1950+mv310aFD3nv+UT039PO6+rRSnTpmhFynRuUDJVVcokuGL9H8Xcv0+H8t0+P+ASXT9KVvSfJiiieSlyFegw41SjpSrwZJfSUpHlM8cBk72iAppgMH4lKxVL2yUrskxRoaVL2mSu7Evs3P0VCvo5IajgTae+sPqUHS0SOpvU5ro2YAAAAAyJOIYxQ34YCrt0skEnrkkQe1bft2eV4itG3YsOE6cKBGR48e1ZEjR/T4E3P06Zs+q9q6Wj311Fy9995mJRLJYzZsWK/t27dq5MjRuR5GivaTO/s+JX42WybRpOxm4MyYZyuTSoZTN0NhZfO3JrlDjgnGmed4qE6J39yuyLCxcmf9X5nh57ecPvdEibi8xT9VfNHv5B2ukYnkWF85zUrWhMZmB0dwJ6/447cz24Mvl39sZPAIRS75amc+k17BNBxQZPvb+S4DAI5Z5Lvf/e53810EAAAnirU2/bWscoOmn3dmh8/x7IJF+shVF6lk7PmaWl6ndxe+qBeeeVHzX35Zryxao30l5+vjt35EE0sCBx3ZokMjr9KwNQ/rp7+ap1c3lujSz9+oi06KSirR2PPPUMneLdq494g866rvKedr9pc+rjP7rdJj//yQFjdI2lelV9dIk6ePVYlW6bF/fljvNko6sEZ/XuHonPFbdP9d87RVkvau0isrHF34sSnSmrf0l1de1qurGjThistVsW2hVm45oIoZI/TWXTnO8YNntV1S0/a39fKeYbrSeUlff/hdNUmqWftnrTDn6KKxFa3UfPzvEwAAQFuWLF2js88YK2OMHMeRMabFL0npSwC9nzFGnmcLKgB2HEcrVi7X/v370vcNHz5CN1z/MV177UdUVFys9eurJEkHDtRo795qPff8M9q7tzq0XvLgwSdr3PjTVF5+UouPZfqUyx1QosSGRcmgV4G8Nh0+mmbrAqfZwO0WEl+T63oqSbaHapRY8ay0812ZPq5M2ciePbr46H55y+Yo9sy/KlH5qmxTg5Kr9kq5mnyTTGhZZbW4n+SHxU5w9LbfHewYRWffLTP49E55Kr1JZNNrct/9Vb7LAIC098+6tUP7G2sL6UchAEAh8b/FBUNfz/PSX4/MeV5/f9vsDp/3i3fcq5/fe0dnlwsAAIAO+J+H5+ozf32FHMdRJBKR4zihLwJgoLDF455iTV6+yzihtry3WQ8//KAGDCjTBy+aoQsvvEiumxkA+T8/+bF2796V89jS0gH6wIUX6eKLL1Ek0o6hkdYq8ewdii97qXmXqh8umlydvkp3B2d3BYcC49CpkgFmcEy0DRzljhwv54Jb5Jw6Xeo/TDI9YNVDLy4d3C5v3R8VXzJHXk3zdWb955l9mb09+7ofsGe/vlL4dTXGKHrpZ+Vc8jXJFPjC2TlEF/yb3Hd+me8yACBt+ade69D+jIAGAAAAAAAA0Ks4jsmEYAVizKlj9dnP3KKJE88I3e95nt7buiX3msCuq7POOlt//bGPty/49RmjyDU/kLf3PXk7qsIDnFPBr83cDGe4qfcl+P9yrIJhZnZyaUI3w2+pVWL7BsW3/V8ZNyL3vGvkTP20zEmnS26xmiWgeWVlY/XS3rXy3rxfibWLZL3g6Gwro8zYZz/8tqEIOL1zaotpHpo3+32f3D8TEidvO0PHyZlxO+FvDqa+Rs62t/JdBgAcFwJgAAAAAAAAAL2K4xg5jlEiUUAJsNQs/N29e7cef+LX2r9/n7IHQU6ceIY+/OHrNWjgoGN7sGgfRW+4W00PfVK2qSEVVEpKBZPpNWiVDCX9EFhqHv4Gb1h/Y3YOHAiNs9ceNo5kEwnF3n5OZulLUskguWOnyDn/RpmhU6RI0bE9x86QaJLeX6HEkt8osWWpvPpamXg89PokNV/z1+S45h+Y7KJOdVOHzmDSLcHJC5M1JtrIGXiyop9+KL+vSzfmvPemnOp1+S4DAI4LATAAAAAAAACAXseJFF4A7Nu/f59efnm+Vq9ZpUQiEdo2etRoXXHFVRo7dtzxj8c/abyin75PTY/9jWwinrozec4cTaip66ZZ+JnuTm2h8Td7W/YSwqFsOxGXDu5VbPkCmRUvy5SdLGfY6XJOOVPOiHOkirOk4gFds26wF5eaDkn7quTtWC5v+0p5u9bIHtwn69l0wX43dPbzbj7WuXkEnO6ilkLhb+qO0DmyL40kFRfLvf4uqWRo5z3vXsZ57818lwAAx40AGAAAAAAAAECvE4kYxVNdkoUkHo/r4UceUl1dbej+wYNP1sUXX6oLzp/WqY9nRl6koo99V01P/7ts01EFRw6n9zHJYcaSCa8N7AeiLZzbKrxjrg7ZzAjl7GMka61sbbVsbbXia15PhsrFfRSpGC0zeKw0dLJM2TCZ/uVSn5NkokVStG/yy8nRHevFpcRRKdYg29iQDHuP7JVXVy1VV8rbs0l272Z5DQ2SZ5uvwevX2MLzTr9GgSfkP0f/edrAOW1wlnbWuXNOv3YcFV3zzzKnXpJjIyTJHNiqyHtv5LsMADhuBMAAAHTQz++9I98lAAAAAADaYIxJhsDxwgqAXdfVxTMu0XPPPyNJKi4u1iUXX6pLL/2QHMfp/Ac0RuaMj6no8H41zb9P1ks06+7Nvpa+lasT2CodEgeHSrfMZk7m38wRrqbD18ajim9bJ21fJ+nF5AGekRzJuEYm4spEo/Kc/skO6YiTDHM9KyXqpUSjlIjLi3mB1trsedXNb0o5wtlmh/nd05nn4o/P9o8LdvhmJ8rWZMJ2I5N5vNS+RVfcJnP2J1p8JSFFtrwuU7s932UAwHEjAAYAAAAAAADQKzkRI8Xb3q+3+cAHPqily97VyJGjdOUVM9WvX0mXP6a54AtyZRR74V4FO33DI40DY4n95Wpt1hhko1BXb85R0eFHllGg4balY9JhaFZ3rTXJNYQl2biVjcekxpik+syI6fRlVndz4Ep4fLNtNbTOPj5XHpx8TcJd08Hzr4iwvgAAIABJREFUmuDrExjlbf0KbLj26PRrZaZ/JblgMlrkbH493yUAQKcgAAYAAAAAAADQK0UiRo5j5HmF1QVsjNFtX/iy+vTpcwIf1FHk/FtkvEbF5v80vO6smoeb6aA3EMqGGmJzjkgOPFzgnH7XcPYauqFjgifO6qrNPmeukdLB4czBYFih7X7IbZoXkvXQ2c8rtCawMq9GeN9A0Juj4Tgdqqe3JzuB3fOukXPFXZJDHNAaZ9tiRQiAAfQS/HcfAAAAAAAAAL1WJNLa+ODe64SGvz4nKmfal+Ve/mUpWiwpdwdw8B2x6a3NA1wTOIEJ7ZkVogbC2vS5bfPA2CjVOZtVhM26NC38lskV+KYnUGefNjCyWYH9QnXb8NUWw97c5TSfJp29DrI1cqdeq8is70uR4hbOAl9k05+l+NF8lwEAnYIAGAAAAAAAAECv5URMi4EeuoDjKjLjH1Q062sy0SJJzYPYbDa1g01dD4aamXA2xxrCSna6msB9NnB/9mOnO46ztmXXFO7CDZ7Ur8JmHsv4o6GT223wCQXPZWz48bLS6uBz8DcHO4OzGokVLM0Ptm3ohTaKnH+VItf8uxTJw38G6GHMwV1yNv0532UAQKchAAYAAAAAAADQazmOUSTCx6AnmnPujSr+xA/luJH0ff6YYj/o9e8zgeTWyV47OCudtakZzentNhgSZ86ZriP7uBbmSucMWP0U2Q+Zjd+pbEL1+/uZQLHBkDZ5tbU1gU2z5xAsLzyGuvnzTZZgA6+VUfFlN8uddTedv+0U2fiqnOp1+S4DADoNP/kAAAAAAIAey9DWB6AdnAIdA51fRhp3lYo+/0s5ZeWSMmvUSoFxxYHUttkI6Kw01IR/SR6vcOdr9jnC054z7cKhMdS2efCa3XYb6lIOnMAGdsicI8d86fR1mx7XHF7312YfGbod7Iz2x1uHQ+bUqsGuq+JrvyYz42uSE81+VsjFWjkb/5TvKgCgUxEAAwAAAAAAAOjVIhFTsGsB55Ux0rDzVPTFJxUZd0FoTdxAbpkjJG3WgNvmw2RPa/avB0c1Bx8yeMMEisoux+9a9tPo7HHM/oOYdHewUmOhw+f27zcy4U7orKqCY5/DTzIcPmfqCuzSf6CKPv5DmfM/Jxk++m+vyIY/KrLx1XyXAQCdiu8CAICC5boRxeLxfJcBAACADorF43IjkbZ3BIAAAuA8Khkq96ZHFP3gbMlNrgscGrlskv2rwXAzu0M3eBlkglds8/tbWn84R+ac6Q5OtRX79zvp4NZkdRxnEuPwWGab9fg2/Hg2s8UEnpgJbQ8cn9X9m97ZZILlyEnDVXzbHJnTZwkdE9nwx3yXAACdjgAYAFBwjDEyxqhf3z46fLgh3+UAAACggw4fblC/vsXhtRZTP+MBQEuciCPH4e+JvHFcRS7/jopueUhOn6JUN2swKM0a66xAEBwIOk0gaU1nvlmL/zbr0FXzzt7gxuC3j3TnsTE5mpODs5eV6uX1O5DDqa0NJcXh52YCHcM2UEAwiA4Gv8aEt4WftBQ970pFv/ysVHZqs2eI1jnb35az/uV8lwEAnY4AGABQUIIfCg4q6699NbV5rAYAAADHYl9NrcoGlEhqHvwSAgNoiTFSxOXviLwyjswp01T0lRflnnuNnMCY4mDXr0lHq9mdtalwNjCSOWuR37Tsrt5gx61Nh8JG2dlt8n6b6erNXh+4heV9FRoBbTLJbQ7BgDv3yTKP1XxfmwqcjZy+fRX96+/LmXWPFO2b87HQusi6+TINfDYEoPchAAYAFIRcHwQOOXmQduyqzkM1AAAAOB47dlXr5JMGthr2EgQDyCUSMXQBdwclw+R+5D9VNPv7ck4+RVJ4PVx/YLK1WRt8qXbgdDetwmFq80A302EcXA/YBn5N320la00wjQ5vb1H4bOmashPsZkeoxRA7XH/gzI4jd/xUFd02R85ZH5WcaKuVITfn/dWKrFuQ7zIAoEsQAAMAej3/w7/gpTFGI4cP0ZZtu/JZGgAAAI7B5q27NGLYYEmZn+2CncDZlwDgM8awFnB3YRyZSTcoetuTipx/nUxRn+T9wdHOWeFr9jvn7xfMiEMjo6WslNXfxwQexzR/zGa/RWzuDDpQQ/Agv6vYBnYwqTTYP31w6HOub1c2K8X2u5WdvqWKXv1VuZ9+TCo/vfmBaLdI1YsydTvyXQYAdAkCYABAQQl+CDiwrL/KSku0buPWPFYEAACAjli3casGlPbTwAH9cwa8hL4A2kIXcDdTNEDutT9S0ZfnKjphanrscWj9XyN5WTFrKEANnM5LXabXFzY2x1423Z7byqTm9Hb/VxtMmtP3Ns+Lm4XXJlOpf7hnM0c2Xyk49f0sMOXaysg9+2IV/c0f5FzwxdaKRjs41VWKVL2Y7zIAoMsQAAMACk6wQ2TShFO1tHJ9vksCAABAOy1duU6njxvZrPM3ey1gAGiJcegC7n6MTPk4RT7xiIo/8z9yR4xXMCyVJCd1OzxRORWgphbrDY5dNunjA2vzhh4xeYQ/uLlZh28qoM3EtCYdRvtn8NcIznX+oOyQ2NpwwOvXHdwvHUxbyR05UcW3PqzI9T+VSoe38Whoj0jVCzI1W/JdBgB0GQJgAECvlf0BYPC2/wHhqSOHqm+fIr27oupElwcAAIAOendFlfoURzVqREWr4W9rPwcCgEQXcLcVKZIZd7nczz+l6Ee/rcgpEyVj5FmFA1obugitCZy1SzoqDd72xyunt/lJbuAEtoXvHc0CY+N36DbvM85Rcqgo/yGar0ucrMkZNk5FN3xH7s2/kRn1AclxWzg7OsKpXqvI2hfyXQYAdCm+YwAACoIxRtba9Id//nVjjKZNmaSnX1qoIRXlOmVYRZ4rBQAAQC47dldrydI1mnXF9BbD31zrAANALn4XsOdl932iW3Cics7+pJyz/lru+ucVe+Vnsgd2y8bjye1Zf8Vn1uFVs+3h4Dg1GNqYrP2T6+vaXLOc06Oig8eY0HaT3iNzSChwbqFOK8nY5ONam4qwHVembIiiF31CZsrnpEhRrlcIxyGy5jmZ/ZvzXQYAdCkCYABAQQoGwgMH9NeMaZP10itv6YZZl2hw+cB8lwcAAICAfTW1eumVt3Th1EkqKy1pMfwFgI6IuEaJBCFwt+a4MhOvV9GEWdLedUq8do/iaxanw1afbRbQZsYn21Qkmw5pTVYo7K/vq8zA53SImzqHMbkC3+bL8IbGU6f2DQbCuX6nWf98VooMGaHIFXfKjP0QwW8XcXYuU2T1s/kuAwC6HAEwAKBX84Pe4O3s68YYjR09XI1NMc174S+6+vIL6QQGAADoJnbsrtZLr7ylyZPGaMyoYXIcp8X1f3OtA0wwDKAlxhhFXCOviQC423Oi0pCzFPn4z+XUbpWtmq/Eimfk7d0h6yX/c3d2l63/UYAfDAcD23Anrg0EtCazjrB/vmBg7OfANnN/+lyBBXz98Dg7+G32uFYyffspcublcs75mMywsyW337G/TmhTZM2zMnU78l0GAHQ5Y4OfigMA0AsFv9VZa5t9eZ4nz/NkrdXmrbu0cEmlpk05Q1PPmZjHqgEAAPDuiiotWbpGF06dpDGjhskYI8dx0iFw8Hp71wMGgCBrpaamhLwEH5H2OPF62a2L5K37kxKb35Z3YJeU8FpehFeZTttgF6+kTIJrmo9xbjZeOigQ+rYm+7FMn36KnHKWnNMukjPxKqlsVPtOhOPibH5dRc/8k0x9Tb5LAYAOW/6p1zq0PwEwAKAg+N/ugpfBADh4WVt3SEuWV+loY0znTZ6g08ePzmfpAAAABWfdxq1aunKd+hRHdd7ZE9Jjn7PD3+BlrnHQhL8A2iMRt2pqSuS7DByPRKO0c4kSlc8psfld2UM1UuxoKJ8NjYdWyyFvrv3Tx+Q4KDgdOs2/P7W+rzFG6jdQzqBhipx1uZwzrpdKh3fCE0dHFD1zhyKr/pDvMgDgmBAAAwCQQ3YXsH8ZDH6zw+CtO/aoasNW1R2q19jRw3XK8AoNLh+o/v37KuqyigIAAEBniMXjOny4QftqarVjV7U2b92lAaX9dPq4kRo1oiIU7uYKfYPXpdxLfgBAW5qaEkrE+Zi057OSF5caamTfX6rEsqdlt7yjxKEjMhGTM9RNHhVcJ1ihYDd0divJJFPd5msJZ85prSTPKnLKGEUmfUjO+A9JgydJbpFkIp31ZNEBkVXzVPTM7fkuAwCOGQEwAAAtyDUK2r+eKwT2v2rrDmv77mpV761V3cHDqm9oVDzB/w4HAADoDG4kon59i1U2oEQnnzRQI4YN1sAB/Vtc3zdX+CuJ0c8AjouXSHYB80lpL2M9KdYg1e+VV7db2r9Jtnq17PvrZQ9Vyx45KNsUl/U8pedCB7Q2BtrISK4jp28fqd9QORXDpYqz5ZSPlAaNkRk0Qor2lyJFJ+SpomXm8F4VPXennM2v57sUADhmHQ2AaV8CABQk/wNBa236w0PP8yRJjuOEAuBBA0s1sKy/7Ok25yhpAAAAHJ9co5vb+mot/AWAjnIiRhHXUTzm5bsUdCbjSEUlUlGJnIGnSqM/kNkWr5fq98s2NsjU75Q9vF+2oUE2FpcSR6REk2QTyXNESyW5UsSR6VMsp/9JsiUjpKJ+Mn1LpT7lyf3QLUUqnyL8BVBwCIABAAXDGBMKbHOFwMHgN9eXv3/wMvs6AAAA2idXx25HQuDgfi2dFwDay40YeQkjz+PfdwXB7ScN6Jdq+p0go2YNwK3iO03P4OxcJnflU/kuAwBOOAJgAEBBaSsEbmn/tgJgAAAAHJ/WAuDs24S/ALqCcYwirpHXxL/1gN4isvJJmf2b8l0GAJxwBMAAgILTnhA4GPwGr/v7+QiBAQAAjl9LncAtXc++L9d5AOBYuK4jz7NKxPm3HtDTRSr/IHflk/kuAwDyggAYAFCQWgqBW9ovuD8BMAAAQOdqaxR0a5e5zgEAx8N1HXkJj3/vAT2YOfCe3BW/kxKxfJcCAHlBAAwAKFi5QuCWRkHn2t7avgAAAOiYXCFw8HpL23PdBoDj4ThGrmsUixEAAz2Vu/y3crYtzncZAJA3BMAAgILWkXHQua4DAACgc3U06OVnMgBdIeKPgk4QAgM9TaTqRUWWPZHvMgAgrwiAAQAFLxj6Zt/n35/9QSSjwAAAADpfRwJegl8AXckYfz1gRkEDPYmp3SZ32eMyR+vyXQoA5BUBMAAAKbmC4OD9PkY/AwAAdJ22fs7i5zAAJ4oTYRQ00NO4S+fI2bIw32UAQN4RAAMAkKWlIDh7OwAAAE4cfgYDkA8R15FnrRJxQmCgu4usmqfIsjn5LgMAugUCYAAAWpA9BhoAAAAnFqEvgHzzR0Fbz5Pn8e9CoLty9qyRu/TXMo2H810KAHQLBMAAALQDHz4CAAAAQGFyHKOIa+Q1EQAD3VKiSZF3fy1nx9J8VwIA3YaT7wIAAAAAAAAAoDtzXUdulI9Sge7IfecxucufyHcZANCt8FMLAAAAAAAAALTBdR1FIkyHArqTyIY/yn3nl/kuAwC6HQJgAAAAAAAAAGiDvx6w4xACA92Bs3eD3Ld/KVO3M9+lAEC3QwAMAAAAAAAAAO3gRJLrAQPIs6Z6Rd5+VM57b+S7EgDolgiAAQAAAAAAAKCdWA8YyD/37UflLv9tvssAgG6Ln1QAAAAAAAAAoANc11HE5aNVIB8iK5+Su+TRfJcBAN0aP6UAAAAAAAAAQAck1wM2ciKMgwZOJGfz63IXPyzTUJvvUgCgWyMABgAAAAAAAIAOchyjqOvIcQiBgRPB2bNW0cU/l7N3Xb5LAYBujwAYAAAAAAAAAI6BEzFyXUeGDBjoUubQHrlvPSRny8J8lwIAPQIBMAAAAAAAAAAco4hr5Eb5mBXoMvFGuW89qMjqp/NdCQD0GPxkAgAAAAAAAADHwXUdRQmBgS4RXXS/3Lf/N99lAECPwk8lAAAAAAAAAHCc3Kgj1+XjVqAzuYsfkfvmA/kuAwB6HH4iAQAAAAAAAIBOQAgMdB532eNyF/1MSjTluxQA6HH4aQQAAAAAAAAAOoExyRA44pp8lwL0aJHKP8h982cy9QfyXQoA9EgEwAAAAAAAAADQSYyRoq6jSIQQGDgWkbXPK/rGT2Tqdua7FADosQiAAQAAAAAAAKATGcckO4EJgYEOiaybL3fh/8jUbMl3KQDQoxEAAwAAAAAAAEAncwiBgQ6JrH9Z7uv3ydm7Pt+lAECP5+a7AAAAAAAAAADojfwQWPKUSNh8lwN0W8nO3/vkVK/NdykA0CsQAAMAAAAAAABAFyEEBloXqXpR7sL/kVNdle9SAKDXIAAGAEBS3fbFev7pZVq49YhinqTiEo2bOkU3zZyuUaX5rg4AAAAA0JM5jlE06kjGUyJOCAz4IqufUfSNn8js25jvUgCgVzHWWn7iAAAUsCOqnPsr3ffWEam4TJPPKlc/STpSo6Xr6xRTiWZ84bO6ZWJJvgsFAAAAAPRw1lrFYlaJuJfvUoC8i6yYq+gbP5Wp3ZbvUgCg21v+qdc6tD8dwACAgrb75cd131tHNOqyj+mO68Ykw1/foQ2a+8gzWvDI4xp8x226dmgnPnD1K/r2j5Zrd45N0dJyTf/wtbppaoWinfiQPZr/ep0zUz+/eXK+qwEAAACAY2KMUTRqZCTFCYFRwNx3fin3zZ/JHN6b71IAoFciAAYAFK66hfrlgjoNvmS2vnXdqObbS0/T7K/Olv5jrub9572a155zuuW64Z9ubX9YPHqSbrt4eOb2oWotXlSphXN+pW01N+pbVw5v+VgAAAAAQI9jjBQtciQjxWOEwCgw1pO76AFF37xfajqS72oAoNciAAYAFKx971Rpkzdct1w9SvJqVLVwjbYNP0Mzx5dndnJG6YYvzNKo3Y3tOONhVb60WPPufVhqb8fwwJGaPiXc0Tp9xlma95+P6/mXXtPCS27UjOIOPS0AAAAAQA8QjTrpTmAW6UMhMA21chc9IPeth/JdCgD0egTAAICCtW1nnVQxRuOKpW3P/U73vnpE0nLt+8pXdNOYzH7RoZM0vZ0dvdMnlin2HwuSIfDXbtO1FcdQmDNc088p0fMv71LVRmnGmcdwDgAAAABAt+dGHRkjxeJW1iMFRu9larYouuhBRVb8Lt+lAEBBIAAGAKC9Gir18I8WaNOZs/St66S5P35BlaNn6nsfleYE7u8UkeS36PQ0sEPbtHDBa1qwolq7j0hyXA2ecJZu+8zlGtc3c1j9llf08O9Wqao6rpikfhXDNeO6qzT7zFRXs1ejxXOf1twVNaprlFRcrFHnXKBbPjJdo/pKSx+7V/evKNHM2/+PZo/InDf27uP62zm7NPmTX9FXpwVakncu0Df/q1L102bpvz85SZK0b9kLeviFDdpUE5ck9Rs5StdeP0szx5SkD0s+zijd9t2ztO2Xr+nVrUc0eOZn9b0rK6Sa5Zoz5y0t3HJEMf95XtFJrysAAAAAdDMR15GMVTzmySMERi/kbH9b7uKfK7L+j/kuBQAKBgEwAKBgjRpRJq3Ypso6aeasT+iOAakR0GPC+8XeX6ulu6u19Ol3tPSQpLde0D8skeRJ2rdAd66QYvHA/SrTDXccY/evJKlR27bXSSrTqGHJ24vnztUvN5Zo3Fnn6pZJJ6l+8zI9/+Zy/fB+V9+7/VINk6SdC3TXTyq1r7Rcl10/ReNUrcWL12rBo09r8Hdv1WWljVr8v7/Qw6ulYeecqxsm91fd2vV6delC3euU679nn6bzpp2mfis2aPE72zR7xKh0PYuX7pIkVa6oVGza+Yqmtmxbtln7VKKZM5Lh7+6XH9a3X6pTtGK4Zl4/ScMaN+vV17do7k9+oW2f/6JuOzM4z3q/5t33guoaSzTqzDEaVhqXGip1/49f0dIjxRo19VxdNqlYu9+p0r2/OJp+TAAAAADobSIRI2McxWOeEglCYPQekbUvyF38sJxdy/NdCgAUFAJgAEDBGnz+RI17abGeX7BBM2efpomXzNDE7J28bZr3yAtaUCPJKdO1t39W06vm6K4F0rV33KTJy3+lu15R+P5/urV96/9KUrxedYfqAncc0abXXtGc1ZLGTNSMwZJUrOmzb9PEkjKVOandppyrYfH/1n1LNmjpvkt17WBp95pt2qdiXXbLrekR1tMvmam6fTXqVypJ67V0taTxM/SNm6ernyRNma5rP1GtfUdSafXESTqv7wYtXFGlTdeP0jhJaqzU0ipJjqSqSi08dL4uK5WkbVq84ohUPlnTR0hqfEdzF9RJ5ZN1x9dmapwjSedqxox3dN+3X9Piea9p5pkz5cfK0hHVj5ype26enKxF0qanfq+lR6TJn7xVX52W6hieMkPnPf2AfviX9qzDDAAAAAA9k+MYRYsiMjFP8bjX9gFAN+cueVTukkdlDu7KdykAUHAIgAEAhatshm6ZWaVvv/SM7ur7Md1x3Zh0EClJatiiuQ/+Xgtqy3TD127LhLojbtXPLk9dv/o2/fzqHPe31+qFunP1wualTThX37h5hsr8O0rLMte9RtUfOapon1Q3bepzgWGjK9RPG7T4pQWa+JEPavKwEkUdqWxwuV+gJo6Rlm5epjlvVeiGc0ZqcF9Xcis0OH3y03TZhSVa+OpaLVw/U+P+f3v3HmVleZgN/9oHGA4iioKvUrBJ0FIFK2rUqk2iphobm5qspDFZqaZpYpqVavrmrfnaRFO/xLappodo0ryafKmHVEk0xph4FvAEioogA4iCB0AkoIKAMAzsmfn+2IMMeIBB4GFm/35rzZrNfu6997W3rsXNXHPf98HJykeb05wh+cRZwzPpquY8OH15TnzfkGTB3Exdnoz8s6Pqpe7Tz6W5Pdn3yDGd5W+n/kflmEPvS3PzwjS/nIzcd+OFgTnxlLFdPvNlmTu/NcnIHHPUwHT1nmMOyr73z8jL3fx4AQAAepJSKenTt5xSOaltaE+HxcD0QKVVL75e/gJQDAUwAA1t/z/+VM579dpcNummfGXK4IwdMzKjfydZ+NTCPP70ymzIwJzwV5/a9hW93XXg7+fzf3TA638cMOSAjBw2JIP7b/5X9Mr5E3L1Lzad7bvJ4E03D/5ILvzMTbnshub88N+b6883YmQ+fPopOWXU4CRDcuJffSxrf3pnbr3hpky9IUnTwLznyGPz+T87PPt2vuTIce/OvpOa8/gT83L2wftk6mPLkxHH5JixI7NySHPuenxOVr7vhLw84+mszJCc8gf1gnnD+vqZv30qb5xe9NlYCG/2S+z7ZORmn+u6rK1tMX6jcmwBDQAANIxqtZxSqZRarT3ttoSmBykveDjVx65K5am7io4C0NAUwAA0uIEZ+4m/znfHPZgb7piVx6c3p3la6sXosSfk06cck5GDduLL7zUix4wb+/ZjVk/Nj6+YkbnlwTniQ2NzxL71lb8rn3gwNzRvPnTfcR/Lt8YlG1pWZsmi5tz1i6m54YfXZ+VX/zqfGJ6k/7vy4S/8dT7c3pq1y19M88MP5rpJE/IPK2v5r891nu07/KicOKI5NzzxZJpPHJKpi5Kxn3xvBqcpJxw9OHfdMS9TV+6XJY+2JqOPzYmdHXSfvvVpxYa22hvewoaNxe+Wxe5m+mVAtcv4rmPbs0XxDQAA0LttPBe4rdRhS2h6hOqMn6Xy2NUpL5tbdBSAhqcABoAkg0edkM//zQlFx3hzLa9lZXuSscfkS3+8sSxekwcfm5Ck36ZxK5fl5YHDsm816dN/cEYefEI+f/qSTL1qYZb8tpYMb8vLL6/LvvsOTspNGbDvu3LM6QPz8uxrc/OS5VmSdJ7POyTHHDEkN/zqudz1i1eysHxAPv8H9dJ5/6NHZ+QdU/PgtQ9mZUsy9oixm1bmHvyujC0vTPO0WXnmlAM2bQPd8limzk4yZGTG7pu3MSxjDx2Ym5ctzKQpy3PMCUNev/LM1Hm2fwYAABpOuVxKuW8ppVJSq9kSmt1TaeXiVKddk+pj1ya1dUXHASAKYADY/e07Mu8ZOCNLmu/Ld36xMicOb03zI/My9+XN/xpvvuP6XPZ4U97z++/OEX8wLINXv5hJExcmGZz3jKgmKx/OD/9lapb8rwNywuHvznv2TV5ubs6ty5IBf7B/9u/yXIOPGZuxv7ovzU8vTw59f45o2nhhbE5419Rc99zypP9BOXFc06YHNR2VT5wyI813NOffLn0lJ/7h72f/1mfz4OTn8kx7U4454/2dBfNbG3ny8Tnikbvy+C//O9989vCcMrYpSx6bm0mLahmQZO07/zQBAAB6nGqfckrlUtpq7WmzJTS7kcoz96Yy7dpU5k8qOgoAXSiAAWB3Vz4oZ//tyck192XqlKn5cbWakUefki/9/uR8545Nw8b+yZ/kE60P5q65za9vDT1gxMh84uw/ySnDkuTYfOnTq/Lje+blwTtezKSkvtX1cSfn8x8du/kZu01jc8yh96V5dnLEe4/qcm1wTjj6gFz33IsZMPagjN1iS+f9//jz+Zd9b8uPb5uXu3714uYZ3tWUreo/Nl86v19uHT8htzbPyNXN1ex78Jj8n79Mrv7+DAUwAADQsCqVUsrlSkq19rRZDUzBSq2rUnn8ulQfvy6llS8UHQeALZQ6OkwVAAAAAAB6ira2+rnA7VYDU4DygodTnX59KnN+XXQUgIYx48z7ujXeCmAAAAAAgB6kvhq4nFqtw2pgdplS6+pUpo9Pdcb4lJY/V3QcAN6GAhgAAAAAoIcplUrp06eUsrOB2QUqz96fyoyfpTL39qKjALANFMAAAAAAAD3UxrOBy7X21GodceIfO1Lp1UWpzrwxlSduSGn1b4uOA8A2UgADAAAAAPRgpVJS7VNOudyRWlt72mpKYN65SvMvUp35i5QXPFx0FAC6SQEMAAAAANALlCul9K1U0tZZBLfbFprtUH5+SqrNN6XSfFPRUQDYTgpgAAAAAIDnVJK5AAAgAElEQVRepFItpVypvH42cHu7IpitK7/0dCqzfplK880pvba06DgAvAMKYAAAAACAXub1baErHWlr60hbrT2OB+bNlFYtSWX2LanMviXlZU8WHQeAHUABDAAAAADQS5XLpZTLpVQqpbTVOtLWpgimrtTyaipzfp3KnF+nvOixouMAsAMpgAEAAAAAerlyuZRy31IqbaX6imBFcMMqrVuVypO3pvLkbSk/P7noOADsBApgAAAAAIAGUa6UUq4oghtRqWVFKnNvT+XJ2xW/AL2cAhgAAAAAoMG8XgS32xq6tyutXJzK03el8tSdKS98pOg4AOwCCmAAAAAAgAb1+tbQ7fUVwe1tHWlv1wT3BuWlT6Y87+5Unro75aWzi44DwC6kAAYAAAAAaHDlcinlcikd1aStrT3tbR1pa1ME90SVZ+5Lef7EVOZNSGnVi0XHAaAACmAAAAAAAJIkpVJSrZaTal5fEWx76N1faeXievH7zL2pzJ+YdLQXHQmAAimAAQAAAAB4g0qllEqllGp7KW3tHVYF72462lN59oGUn3sglWcfSOnleUUnAmA3oQAGgK2otbVlfWst62u11GptaW/vSIdffQYA2CFKpfqWo9VqJX2r1fRtqqZaqRQdC4AuSuVSquVSUk29BG53VnCRyktmpvzc5FSen5zy81OKjgPAbkgBDABvobV1Q9aua02t1p5+TX3Sr6lvqgMrqZRLKZVKRccDAOgVOjrqRUKt1pYNG2pZ8eqaVKvlDOjXlKamPkXHA2AL5Uop5Uq9DO5aBCuDd67y0tkpL5ia8sKHU3n+oWT9mqIjAbAbUwADwBba2tqz+rWWtLe3Z8CApvRr6lt0JACAXqtUKqVaKaVaKadfU58M2qN/1rWuz5q169Kybn0G7dE/lUq56JgAbKm0aYvojo68XgJbGbzjlBc/nvKiR1Ne+GjKix5NqXV10ZEA6CEUwADQxbrWDVm1em0GDuiXgQOaio4DANCQ+jX1Tb+mvlmztjWvrFidPQcNSD+rgQF2W6UuZXD6ZLMiuH6MUtEJe4bS6qUpvzg95cUz6uXvC9PiwwNgeyiAAaBTy7r1eW1NS/YaPDB9+/grEgCgaAMHNKVPn0pWrlqTjo7+6d/PziwAPUG5XD/fPcnmq4PbO9KhEH5dqeXVlH7bnPKSWfVzfV98IqXVvy06FgC9gJ9uA0DqK39fW9OSvQfvkWq1UnQcAAA69e1Tzd6D98iKla+lVCpZCQzQw2y2OjibCuGO10vh+nnwjaBUa0n5mftSXjo3pWVPprx0TkorFxcdC4BeSAEMQMNra2vPqtVrs9fggcpfAIDdULVayeA9B+bVlWvSpzrImcAAPdjGQjidhXCysRBO2js6i+GOpKOHnyNcKpdSLm38XkqpnJTv+l7y4JVFRwOgASiAAWh4q19rycAB/Wz7DACwG+vbp5qBA/pl9Wv1IzsA6D3K5VJSTirZVAp3dJbA7R31LaM7OuolcUfH7rOFdKmUlDrL3VKplFIpnWVv/fYbzH9wl2cEoDH5STcADa21dUPa29szcEBT0VEAANiKgQOasnzF+rS2bkiTraABerVSKSlVSinnjU3q64VwR5KNt/MmtzcO3vTtbV9v441SkpSSUurF7qbbnddLmwrfbbbqt8lv53TjAQCw/RTAADS0tetaM0D5CwDQYwwY0JS161oVwAANbGMB2+WewrJss2enFJ0AgAbi0BwAGlatrS21Wnv6NfUtOgoAANuoX1Pf1GrtqbW1FR0FALbdM5OLTgBAA1EAA9Cw1rfW0s/KEQCAHqdfU5+sb60VHQMAtt2zCmAAdh0FMAANa32tlj59nIYAANDT9OlTzfqaAhiAHmLJnGTli0WnAKCBKIABaFi1Wluq1UrRMQAA6KZqtZJazRbQAPQQzzxYdAIAGowCGICG1d7ekUq5VHQMAAC6qVIupb29o+gYALBtnnmg6AQANBgFMAANq6OjI6WSAhgAoKcplUrp6FAAA9AD1NYn8xXAAOxaCmAAAAAAANgZnnkg6WgvOgUADUYBDAAAAAAAO8P8+4tOAEADUgADAAAAAMDOME8BDMCupwAGAAAAAIAd7aX5ycvPFJ0CgAakAAYAAAAAgB1t3n1FJwCgQSmAAQAAAABgR5t3b9EJAGhQCmAAAAAAANiRNrRYAQxAYRTAAAAAAACwIz1t9S8AxVEAAwAAAADAjvT0pKITANDAFMAAAAAAALAjzVMAA1AcBTAA0E21rF74SG7+/rfzvXuWFR0GAAAAdi8LH0tWLS06BQANrFp0AADoaa752tcy6w33VtN/2PCMO+lTOf2IIb37L9hXpuSaH92RBa21DBtddBgAAADYzdj+GYCCWQEMAN101iWX5J8/Oy79k4z59CW55JJL8s/f+FzeN2hZpoz/Tn7Q21fF7vO+fPnbn86YonMAAADA7uipiUUnAKDBKYABYDtU9x2WQcnre2lUB4/KyWd9OKOSLL7njsxqLzAcAAAAUIyXn0uWzC46BQANTgEMADtK/9/Ne4YlaV+WpS8XHQYAAADY5Z6aUHQCAOjdRxQCwC7VviyLX06SIRm0V/2ulucn5PrrJ2TuilpSrmbIwafnc589LsM6fwVr2eSf5Ipb52Z1/3H51Hmj0/zrPjnrM2Pe5lpyzdeuef0M4jFnXZKzhk3Id797Z5Z1vW9Msuye7+a7dy1LMiZnXXJWxrSvzvyJN+TG++ZmeWtSHTg8R/zZX+Tjhw9JktRemZX7br8jE6ofyoWHz88PrpmS1Yd9LheeOTrVtGTBPdfnmolzs7p9UMZ95tRd9KECAABAD6IABmA3oAAGgHegtr6WpJqsX5ZHrrshs9qT/se8L0f3TbJ6Sq79v3cmf3phLjl+UFbPuCbfve7m3PDQ2Hz5+EHJyvtz/b1D8qmLLsmo8upMH//dzMon6k/8ltfG5Kx//kru/M/vZcKQj+fTY5Lk5PzdJUfn/su+nd/s+anO+5JhHzwrpy5vztiPnZxhacms676bG9afmi9f+LkMK6/O/Nt/kiuv+06WrrkwXz5+cW7+/nV5ZE0tGT0/z1ROzlknLch/PrM8LUmW/uI7uXLRe3POP3wuo/qvzvyJ1+TapL4NNgAAAJCseSV5dnLRKQDAFtAA8E4sm/iDfPvCr+VrF3w3Nz7TP6NPOSd/99FRXUYMyQHvqtekgw4/Iu9J0tLSUr+0eHEWr1+eZatrSXVQxv35hzN648Pe7lp1eI77wwOTuY/mkdUb7+yfQXsmmXN/pqzsvOvFR7Js+NEZVk3y4oT8ZmY17/3gcRnWN0l1UEb96ady6rBkwV13Zm776Hz8H/82pw5L8tqQHHjQoAz74Ffyz188LoOWTcjNU/vnfX9+ekYN6nzsB96bA3fKJwoAAAA91Nx7ik4AAEmsAAaAd+SAD30lZ415i4uDjss53zkuWb8ss+6ZkPumNmdBkmEbr48al3Hln+Tmf/1m7vyd0XnfSafnrM8M2fq1JIPe+96M/tWNmT5zdY47flCyckqaBx+X0eUpmT5zdd73R4OybM66HHhMvXxeNmdulqd/+vfrGnBYxh42JHfe83wWv5yM3hhsyJDNVvYunz0ry3JAPnRAlzv7DjCJAAAAgK7m3l10AgBIYgUwAOxELVlwz5X59revyeMZmzO++ols1hX3HZ1PfePv86k/HJ7qb2flzmu+k2//dFZatnYtSfoekTGjkwXTpmd1ksVTl2fsh8/I0WOSxQ/el8VZlublwzJ2sz2aa6m1bxGxXE3SJ6m89buotW14h58DAAAA9HIbWqwABmC3oQAGgJ1k9UPX5gd3Jad+/e9y1gfHZHj/PpsPWDYhNz7UJ+M++uVcePGFOeeDByYz78iUZVu5liSp5ojDRycvTM/0V+ZmeuvojOubjDnq6PRfMT3TH2vOiv3Hvb6Sd9iBv5v+WZ7p0xZvFqGlpSXZ+z0Zvc9bv48hew1J8kzmzn3jtTcUygAAANCInrw76fCPZAB2DwpgANgOtZeXZXWSdStXv+WYDetakqzKihW1pL2WZTOa82LqpWt9S+bk+Vt/kt/MW51aeVB+913DUy0PyZC96o9/u2tJUh0zLqPLizPlx/enz5GdJwSPfm/eO3h1Hv31Mxl2WJflvwd9OGccUs3yB26sP2eS2itTMuGxWsb86ckZniTtG1Jrq3/vqnrE+3L0wJY88rOf5JHf1pLUsnjylCxIsnzif+brP5/1zj5MAAAA6Onm3lV0AgB4XeWiiy66qOgQAFCENWvXZY+B/bY+cAvXfO1ruX7Gb1NLsvyp+3P33Uuy/x//waazfTv1/197Zc2ch3P/hLszaVZLDv7gyRm28MHMfG5Fhp1wag4uPZfVI07N/nN+nB9ce3MmzR+Y93/uUzlunz7Jmre5tlFlaPLChDy6x6n5wh/t3/lbXXtl4OppeXDVmHzkpHdn4OuD+2T/w8Zl3xUzM/GO3+TOO+/OfXOScZ/+Qj46emCSWbnm/7kyU1uSvDw3k+YkY4/pfHxpSA45ckTWzH0wE+68M3fePz97nXpsyo8uyJAT/jxnfXhMBr7NFtIAADvD9s7lAGCHa29LfvHVpL1WdBIAeqnfjvnLbo0vdXR0dOykLACwW1v60qvZb+heWx8IAMBux1wOgN3G7NuT679YdAoAerEZZ97XrfG2gAYAAAAAgO315J1FJwCAzSiAAQAAAABgeymAAdjNKIABAAAAAGB7zLkjaV1TdAoA2IwCGAAAAAAAtsecO4pOAABvoAAGAAAAAIDu6mhXAAOwW1IAAwAAAABAd825I1m/tugUAPAGCmAAAAAAAOiu2bcXnQAA3pQCGAAAAAAAuqPWmsy+regUAPCmFMAAAAAAANAds29L2jYUnQIA3pQCGAAAAAAAusPqXwB2YwpgAAAAAADYVi2vJnPuLDoFALwlBTAAAAAAAGyrWbcWnQAA3pYCGICGVSqV0tHRUXQMAAC6qaOjI6VSqegYADQqBTAAuzkFMAANq1wupa1dAQwA0NO0tXekXFYAA1CAFYuSZx4sOgUAvC0FMAANq1qtpFZrKzoGAADdVKu1pVqtFB0DgEY06zdFJwCArVIAA9Cw+lar2bChVnQMAAC6acOGWvpWq0XHAKARNf+66AQAsFUKYAAaVt+mata1big6BgAA3bSudUP6NimAAdjFFs9MXpxVdAoA2CoFMAANq1qppFotZ13r+qKjAACwjda1rk+1Wk61YgtoAHYxq38B6CEUwAA0tAH9mrJ2bWvRMQAA2EZr17ZmQL+momMA0Iiabyk6AQBsEwUwAA2tqalPyuVy1iiBAQB2e2vWtqZcLqepqU/RUQBoNE9NTFYuKToFAGwTBTAADW/QHv2zZu26rN9QKzoKAABvYf2GWtasXZdBe/QvOgoAjWjmr4pOAADbTAEMQMOrVMrZc9CArFy1JrVaW9FxAADYQq3WlpWr1mTPQQNSqfhRBgC7WK1VAQxAj+JfTQCQpF9Tn+wxsH9WrHzNSmAAgN3I+g21rFj5WvYY2D/9bP0MQBGm35h0tBedAgC2WbXoAACwu+jfr29KpVJeXbkmAwf0y8ABTUVHAgBoaGvWtmbN2nXZc9AA5S8AxXnC6l8AehYFMAB00a+pT/pUB2X1ay1ZvmJ9BgxoSr+mvkXHAgBoKOta12ft2taUy+Xss/cg2z4DUJxlTyfPP1x0CgDoFgUwAGyhUilnr8ED09q6IWvXtWb1a+vqxXCfaqrVSirlUkqlUtExAQB6hY6OjrS1d6RWa8uGDbWsa92QarWcgQP6pcmqXwCKNuOXRScAgG5TAAPAW2hq6pOmpj6ptbVlfWst61rXp7amLe3tHeno6Cg6HgBAr1AqlVIul1KtVtK3Ws3eew1MtVIpOhYA1D2hAAag51EAA8BWVCuVVAdUMiDOBAYAAICG8eTdycoXi04BAN3mEB0AAAAAANjSEzcVnQAAtosCGAAAAAAAunrt5WTWrUWnAIDtogAGAAAAAICupt9YdAIA2G4KYAAAAAAA6GrGL4pOAADbTQEMAAAAAAAbPfNgsvSpolMAwHZTAAMAAAAAwEZW/wLQwymAAQAAAAAgSdauSKYrgAHo2RTAAAAAAACQJNNvLDoBALxjCmAAAAAAAEgUwAD0CgpgAAAAAAB45sHkt08WnQIA3jEFMAAAAAAAPP7zohMAwA6hAAYAAAAAoLGtXpY8cXPRKQBgh1AAAwAAAADQ2Kz+BaAXUQADAAAAANDYpimAAeg9FMAAAAAAADSuOXcky58vOgUA7DAKYAAAAAAAGte0nxWdAAB2KAUwAAAAAACNadnTyVMTik4BADuUAhgAAAAAgMb02PiiEwDADqcABgAAAACg8dTWJ9MUwAD0PgpgAAAAAAAaz7Trk9bXik4BADucAhgAAAAAgMbz2PVFJwCAnUIBDAAAAABAY3l6UrJkTtEpAGCnUAADAAAAANBYHruu6AQAsNMogAEAAAAAaBzLnk7m3Fl0CgDYaRTAAAAAAAA0jket/gWgd1MAAwAAAADQGFpfSx79n6JTAMBOpQAGAAAAAKAxPPo/Sa216BQAsFMpgAEAAAAAaAyP/LToBACw0ymAAQAAAADo/Z64OVm+oOgUALDTKYABAAAAAOj9rP4FoEEogAEAAAAA6N2enZwseKToFACwSyiAAQAAAADo3aZeW3QCANhlFMAAAAAAAPReS59KZt9WdAoA2GUUwAAAAAAA9F5Tryk6AQDsUgpgAAAAAAB6p9XLkkds/wxAz1Yqlbo1VgEMAAAAAEDvZPUvAL1AU98+3RqrAAYAAAAAoPdpW59MvbroFADwjg0aOKBbYxXAAAAAAAD0Pg9fnbSsLDoFALxjQ/YalH5Nfbc6rl9T3wzZa5ACGAAAAACAXujhq4pOAAA7zAHD9nnbErhfU98cMGyfJEl1V4UCAAAAAIBdYtr4ZMWiolMAwA7Tp081Bw7fL8tfXZ3Va9amdf2GJPUzfwcNHJAhew16fawCGAAAAACA3uUhq38B6J2G7DVos7L3zdgCGgAAAACA3qP5N8lv5xSdAgAKowAGAAAAAKD3ePgnRScAgEIpgAEAAAAA6B2empAseKzoFABQKAUwAAAAAAC9w0NW/wKAAhgAAAAAgJ7vmcnJ/AeKTgEAhVMAAwAAAADQ8z30/xWdAAB2C9WiAwBAr9fyarJoerJkTvLS/GTFwmTV0qRlRbJ+bdLeVnRCAIDuKVeSvgOS/nsne+6X7D0yGToq2f+QZMS4pP9eRScEoNEseDSZe0/RKQBgt6AABoCd4YXp9X94zrsvWTyz6DQAADtWe1uybnX9a8XC+g/duxp+WHLQ+5PRH0x+Z1wxGQFoLFOs/gWAjUodHR0dRYcAgF6h5dXksfHJjJuSpXOLTgMAsHvYb3Ry+MeSo860MhiAnWPR9OSKPys6BQDsNC1ff7Zb4xXAAPBOrXwxmfyj5OGrbOcMAPBWypXk2M8mx38hGXxA0WkA6E1+9uWk+ddFpwCAnUYBDAC7SntbMvHfk3svLzoJAEDP8oFzk5O+Wi+FAeCdWPxE8sM/LToFAOxU3S2AyzspBwD0brNuTf7j/cpfAIDtce/l9bnUrFuLTgJATzf5R0UnAIDdjgIYALrrlm8k47+UrFhYdBIAgJ5rxcL6nOqWbxSdBICeavHMZOYtRacAgN2OAhgAttXSp5Ifnp48cm3RSQAAeo9Hrq3PsZY+VXQSAHqayVcWnQAAdksKYADYFk9PSn70sfpvFwMAsGMtnlmfaz09qegkAPQUL8yw+hcA3oICGAC2pvmW5Jqzk3Wri04CANB7rVtdn3M1+2E+ANvgQat/AeCtKIAB4O0035L87G+KTgEA0Dh+9jdKYADe3gtPJLN+U3QKANhtKYAB4K08PUn5CwBQhJ/9je2gAXhr9/+g6AQAsFtTAAPAm1n6VPJz5S8AQGF+/jf1ORkAdPX81GTOHUWnAIDdmgIYAN7MTf/Hmb8AAEVat7o+JwOArh74v0UnAIDdngIYALZ0yzeSxTOLTgEAwOKZ9bkZACTJ/PuTpyYUnQIAdnsKYADoatatySPXFp0CAICNHrm2PkcDgAd+WHQCAOgRFMAAsFF7W3LnvxSdAgCALd35L/W5GgCN68m7kmcmF50CAHoEBTAAbDTx35MVC4tOAQDAllYsrM/VAGhc9/9X0QkAoMdQAANAkqx8Mbn38qJTAADwVu69vD5nA6DxPPHLZNHjRacAgB5DAQwASTL5R0UnAABga8zZABqT1b8A0C0KYABoeTV5+KqiUwAAsDUPX1WfuwHQOB65Nln6VNEpAKBHUQADwGPjk/a2olMAALA17W31uRsAjeO+HxSdAAB6HAUwAMy4qegEAABsK3M3gMZx3w+c/w4A20EBDEBje2F6snRu0SkAANhWS+fW53AA9G4tK5P7rf4FgO2hAAagsc29p+gEAAB0lzkcQO933/eT1teKTgEAPZICGIDGNu++ohMAjepzs5KLFyZfuaToJAA9jzkcQO/2yvPJg1cUnQIAeqxq0QEAoDAtryaLZxadAqB4x16VnHJ8/faMg5Jbio0DsFWLZ9bncv33KjoJADvDfd8vOgEA9GhWAAPQuBY5Ow4gSVLul/Rtqn/5FVGgpzCXA+idFj2ePP7zolMAQI/mxzsANK4lc4pOALB7mHJmMqXoEADdtGROcvCJRacAYEe79/KiEwBAj2cFMACN66X5RScAAGB7mcsB9D5P3pk8NaHoFADQ41kBDEDjWrGw6AQA3TAiOfmC5JiTkgFN9btqq5KlE5NbzksWbzF8nzOSPzs/+d0R9V/7bF+VPD8+mTsm+ZPjksxPLjipc/AlycVnJlmV3DamczXwxvvmJ/9x2Zs/168uTl7ZJW8e4I3M5QB6H6t/AWCHsAIYgMa1amnRCQC23advTk48rV7+1lqT9a1Jdc9k+BnJX96ejO4ydp9zki9clry7s7Bd35rUmpJ3n5O876BuvnBT8ulL689Va01qScp71p/r4+fvuPcH0F3mcgC9yyPXJotnFp0CAHoFBTAAjatlRdEJALbNEVclhwxN0prMOC+56KDkWwclP7w0WZuk36H11cEbnfbFZI8ktUXJLcfXx37roGTClGTA0G6++Ihkn0XJzzuf56LjkzmL6peGn/T2DwXYmczlAHqPtvXJpMuKTgEAvYYCGIDGtX5t0QkAts3hR9W/v3J7cuPNm+5ffHny0LT67f1PS0YlyTnJ73aWvHPOTx5ZtGn8pDOT+S91//UfOzuZufF5FiV3dr5meURyXPefDmCHMJcD6D0mXZastrMDAOwoCmAAGld7W9EJALbBccnee9ZvvjTxjZcnTUvak2RYcmCSUUcm/ZLkpeTpKW8cP39eN19/VbJ80eZ3vbKum88BsBOYywH0DssXJvda/QsAO5ICGIDGVa4UnQBgG4xJ+nfeXHvzm1xflqxPkqZkcJJhgzvvX5nM2BX5AApiLgfQO0z6z6ITAECvowAGoHH1HVB0AoBtMCtp6bw54Iw3uT4s6ZskrcnKJMtWdt4/ODl8V+QDKIi5HEDP99xDyfQbi04BAL2OAhiAxtV/76ITAGyDKcmKVfWbQ0964+XjxnTO6pclC5LMn9W5InhoMvpNxo86aKclBdilzOUAer6JVv8CwM6gAAagce25X9EJALbNjMfq3/c5Lfl4l1XAw89NPnBc/faS25P5SXJ58kJnYTz628mxh24af+L45OChuyIxwM5nLgfQsz1+Q30FMACww1WLDgAAhdl7ZLLg0aJTAI1un48m3/zom19bMzn5t88mj382GT0tOWRocvhlyZhLk/YkfZvq49bNTiZcvOlxv7os+eIFyYARyem3J6e0JuWm+ux/yexk/0Pf7NUAepa9RxadAIDt1dGeTPyPolMAQK9lBTAAjWvoqKITANSL2b5v8dW/36Zx152RTLo9WduaVDuv11Yli29O/vu0ZG6X53zlyuSKC5PFL20qisurkmevTMbP29XvEGDnMJcD6Lkm/kfy6gtFpwCAXqvU0dHRUXQIACjE05OSa84uOgXArnXyL5MTj0zWTUkuPrPoNADb76yrk4NPLDoFAN31ynPJf7y/6BQA0KO0fP3Zbo23AhiAxjViXNEJAHaOUZcl516RHLHFVs/Dz04OP7J+e+nkXZ8LYEcylwPomSb8e9EJAKDXcwYwAI2r/17J8MOSxTOLTgKwYx1+ZLLfiORjpyVntCa1zvs3nhlcm59MuryweADv2PDD6nM5AHqWpyYmM39VdAoA6PWsAAagsR1k2ymgF7rxzOTO8cnSl5L2LmcKbzwz+EcnJfOLDgnwDpjDAfRME63+BYBdwQpgABrb6A8m91oFB/Q2i5IHvpY8UHQOgJ1k9AeLTgBAd03+sR24AGAXsQIYgMb2O+OS/UYXnQIAgG213+j6HA6AnuO1l5IJ3y06BQA0DAUwABz+saITAACwrczdAHqee76brF9bdAoAaBgKYAA46sykXCk6BQAAW1Ou1OduAPQcz05JHru+6BQA0FAUwADQf6/k2M8WnQIAgK059rP1uRsAPcc9lxadAAAajgIYAJLk+C8UnQAAgK0xZwPoWR7672ThtKJTAEDDUQADQJIMPiD5wLlFpwAA4K184Nz6nA2AnuG1l6z+BYCCKIABYKOTvprsPbLoFAAAbGnvkfW5GgA9x92XJq2vFZ0CABqSAhgANipXklP/oegUAABs6dR/qM/VAOgZ5t2XTBtfdAoAaFgKYADoasyHk6P/ougUAABsdPRf1OdoAPQc91xSdAIAaGgKYADY0kf+KRl+WNEpAAAYflh9bgZAz3H/fyWLm4tOAQANTQEMAG/mY/+W9BtUdAoAgMbVb1B9TgZAz/HK88nd/1p0CgBoeApgAHgz+/1e8uffLzoFAEDj+vPv1+dkAPQcd/9r0tFRdAoAaHgKYAB4KwefmHxSCRTSykwAAAuXSURBVAwAsMt98vv1uRgAPcfMW5JZtxadAgCIAhgA3t7YjyiBAQB2pU9+vz4HA6DnqK1P7vpO0SkAgE4KYADYmrEfSc662pnAAAA7U79B9TmX8heg57nrO8mrLxSdAgDopAAGgG1x8InJF25Khh9WdBIAgN5n+GH1uZZtnwF6nuenJlN+XHQKAKALBTAAbKv9fi/50m+So/+i6CQAAL3H0X9Rn2Pt93tFJwFge9z5L0UnAAC2oAAGgO76yD8lZ/4w2Xtk0UkAAHquvUfW51Qf+aeikwCwve7/r2TR40WnAAC2UOro6OgoOgQA9EjtbcnEf0/uvbzoJAAAPcsHzk1O+mpSrhSdBIDt9dL85HsnFZ0CABpCy9ef7dZ4BTAAvFMrX0wm/yh5+Kp6KQwAwBuVK8mxn02O/0Iy+ICi0wDwTv30c8nce4pOAQANQQEMAEVpeTV5bHwy46Zk6dyi0wAA7B72G50c/rHkqDOT/nsVnQaAHeGx65Kb/77oFADQMBTAALA7eGF6/Teh592XLJ5ZdBoAgF1r+GHJQe9PRn8w+Z1xRacBYEfa0JL863uTdauKTgIADUMBDAC7m5ZXk0XTkyVz6mckrViYrFqatKxI1q+1bTQA0POUK0nfAUn/vZM990v2HpkMHZXsf0gyYpyVvgC92Y1/W9/5CgDYZbpbAFd3Ug4AYKP+eyUHn1j/AgAAgJ6q+RblLwD0AOWiAwAAAAAAsJurtSZ3/FPRKQCAbaAABgAAAADg7d16UbJySdEpAIBtoAAGAAAAAOCtzb07efR/ik4BAGwjBTAAAAAAAG+ubX1y27eKTgEAdIMCGAAAAACAN3f7xcnyBUWnAAC6QQEMAAAAAMAbPTUhefiqolMAAN2kAAYAAAAAYHPtteT2bxedAgDYDgpgAAAAAAA2d9u3kpefLToFALAdFMAAAAAAAGwy925bPwNAD6YABgAAAACgrqO9vvoXAOixFMAAAAAAANT9+oJk+YKiUwAA74ACGAAAAACAZPZtySM/LToFAPAOKYABAAAAAEhu/X+LTgAA7AAKYAAAAACARveLryarlhSdAgDYARTAAAAAAACNbPqN9S8AoFdQAAMAAAAANKqVLya3/mPRKQCAHUgBDAAAAADQqH7zj8m61UWnAAB2IAUwAAAAAEAjeugnyZN3Fp0CANjBFMAAAAAAAI1myZzk1ouKTgEA7AQKYAAAAACARnPrN4tOAADsJApgAAAAAIBGcs+lyfOPFJ0CANhJFMAAAAAAAI1i/v3JvZcXnQIA2IkUwAAAAAAAjWDDuuQ3FxadAgDYyRTAAAAAAACN4DcXJi8/V3QKAGAnUwADAAAAAPR2j/88mfazolMAALuAAhgAAAAAoDd7+dnk1xcUnQIA2EUUwAAAAAAAvdmvL6if/wsANAQFMAAAwNasmp/ccmFy0eVFJwEA6J4J/5Y882DRKQCAXahadAAAAHqpl25OvnfeNgw8LfnKFcnQnZ4Its9ri5LnZyUzr05q529+bcHtyW1XJounJRma7HFy8qHzk8P9Dw0A7Abm3ZtM+l7RKQCAXUwBDADAzjH0jOTiM5IHLkzuvDoZelnylTM2H7NiWnLVxcnK9IACeFUyZV5y3JFFB2FX22NEctiIZNZ5yZwu9y8an1w7P/nC+GS/pmTV7OTas5IbJyTrJiXH7llYZACArFuV3PKNolMAAAWwBTQAADvX6LcpTPc+Mvn4J5P1uy7Odpt7dbKw6BAUast/Pc2flGRYMrSp/uc9D03+4uIkLyX337aLwwEAbOGWbyQrFhWdAgAogAIYAIBijTgzOaToEFuxYkpy06VFp2B3s/+Ryfqrk/ld7ttzWP37qpcKiQQAkCR56CfJzF8VnQIAKIgtoAEAKMjs5OFhybFb7v3cmky5Mrl3fLJ2UVI9Mjns/OQjx22ava5/KZk8PnlgXvKlS5PHL0wmT0gOuzL5+JFJ+6rkvsuSB35ZH7ulU2clf9S5Pe+KacmNlyeLJibtQ5O9P5p89Lzk3Z3X51+d/PTCpJZk1keTC/Lm21knyZzLk+u6FsXnJxefW7/Z9Uzkro9fNz+5+cpk7vj6aww4M/mTLmfITvpiMuH2LR73UvK9I5ONb+3TC+slem1VMuOXycQrk9MnJ+suT265NNnviuSLp73x1z/bW5O5tyeTb04GnZuc3i/573OTpfPrOT52QTK6yzbGr81Pbro4mT8xaU/S96Tkjy5IThy1acy6+cnPL06enlj/bzf8yGS/05KPbFwJ3ppMujS578qkNiIZelLSd1TypbM3f68b31e2/Ey7nBk9fmQya4vPIKmf1Xv31cmK+Ul5VDLqvORjZyR7dF7fls+p9lL9vpnj6zmHn5M0bfH5jT4n+dY5W3ymnd8PPDQAAIVY9Hhy60VFpwAACmQFMAAAxXj8tqRlyztbk/FnJtOHJn8zObl4YfLnpyUzzkyuuLmzXFuVzJ2XLLotWd+aPH51kiOSAUkWzKs/x8/PTiYn+fK05FvzkhM7y9bhV9Sfc2P5u/Tm5D8uTsZdmly0MPnmzcne05KfnJ3Maa2PGXV2ctEv67fH/LL++Dcrf5PkkHOTj59fv73nt5Nvnbvp2tAzks9ckAw4P/mrjeXvtOTfP5nseXZywcLkolnJIcuSGz+UTOrcru/EK5K/v2qLFxqafGVhcvKZm392z85KFk5JVi1Knr85eXFEsveIZMmserm8paWLklWzkgUTk/VTkv+5LfnDi5Ojz0zWjk9+enaX1a2LkitOSlZ8KPnmwvrn+odNyYRzk6e7ZLjxk8mQC5JvLUy+fmXSf1qytstrzrgsmTki+buFybcmJsfvmSxeVb/2/suS959Wv33sxHqhe8i5yf++ovNfLucm37xi03nRZy5MRh+anD5tU/k76bzkN8uSz9xe/2/1xfOTF85LLrs8WbeNn1P7ouSKDyWvnph8fWFy0e3JgdOSZ9/8P/tm5k9LcmRy4knbMBgAYAdrb0tu+XrRKQCAgimAAQDYNV46L7lg5Kavmy5/45inr05m9UtOPzPZuPD0kHOSE09LlpyX3L0oyZ7JYcclI0YmuT3p+9Hk1DOTv5+W/O8zk1cmJrOmJUecneyTpNyUnHx+/fkWT0le2/hiq5Kbzkt+99zkqKH1mXHfEfWStt+0ZPxl23c28eHnJIccmqya3eW1Oi2Yknzg7E0rUW+7IKmel3zo0Prq5uqeyRmXJkNfSiZcmCzpHLfH2E2lZ1f7jejyh6bk4OOS0WM6396I5PQzkq9MTi46P+n7Jo/ff1Tyns7xK0YkXzg/Oeq45COXJB87J8m0ZNLEzsGtSWuSdx1Vz1puSg4/LcnsZPHGpcizkrnDktGjOj/PofVCvOu+Q3MvTw48qv4ZlJuSo85LDu68Vm5KTj4v6Zdk0bxNj9nntOTwQ5O81Fnidmqfnaw8e9Mq8lW3JxNuTk45L9mvc7nu8NOSM85P1l6a3Dhl2z6nOy5Mlp6ZfOa0+p+re9ZXZXdZDP3mXkpuvyI5+bJk1NbGAgDsBLd8PVkyp+gUAEDBFMAAAOwaQy+rr8jc+PWZC7YY0Jo8fHGS45IDt7h0/Nn174/evsWF05IxXZrRcpKXOpes9u/XZdyIZGSSrKyXmEl9BfHiJO8au/lT9j0yOeL4pP3y5PFV3XmHnZqSP/5ikvHJbdM23d0+O5l2aHJUZ4u4fkry+Oxk5JgtZuVDkz86J8nEZOrs7Xj9Tocduen2tsz69xux+bjDP1ovYhdszDCqvhr2I6PqWyg/dmXyw29v8SQHJcNnJ7++PHml865+Rybv7jJk5JnJ45cmMzaWxk3JmK5ZD03GHJosnpR0/fhHHp+UxycPLdp038zbknF/sunPD16T5LTkwC32aj7kjHp5O/f2N5byW35O7dOShycmo0/aojTf+P/Q25gzPtnvyuTEEVsZCACwEzx6XfLY9UWnAAB2A/8/XacQtv/2DXcAAAAASUVORK5CYII=" height="600" width="800"/>
<img src="data:image/png;base64,iVBORw0KGgoAAAANSUhEUgAAB4AAAANOCAYAAADwDxERAAAAAXNSR0IArs4c6QAAIABJREFUeJzsvXu0LUd93/n9VfXe55z7vtLV4+p59bog62GwIB6MEXZs5PFY4CQYjx2HFa81MfFaIzxrZvA4mXgmaxyvMImxnQWeicF4bJJxIIydlRjsRMJgxEtgJJCRkEDvx9Xr6r7vPe/dXfNHd/Xurq7qqurX3uee+rJE3dq7u6t+Vb/+nF/tquomIYRAUFBQUJBdIoHYWAZtLkOsHAfWTkCcfRE48yJw5lkkx56EOPUkcPoFgAAIVFMARO2qYTxdV56mfPVwW14AYORweZHaVpsaqmPL61tBOaNUgCFvbaAWaW6o2iBOBrWXZ/93VVyez8ytNEdN/7dNpWRzyy+M3V0+wyHfpP/rKuCSmlrYop77u+vy63jTKG3gb1K98WcQ3qhpoUF8/MdXc8Ibn783naY1vMnzRvXEm0b8Mbawklc0cP+3LX8Q3gzJH22808XfH1//UxukkN/C/LHeHXPMH7v9s+SPcwsreUVzzh/Z/+rhPtXvmj9SjXijnjEz/sgGHJg3qnr2t0b8MVSrq1RK5U9z3qj5lvzx8Z/zjDdq+a7Wbm3eKPk+74Dw+84W+n0nKGh7iX/4SP7vE6fO4uzyCtY3NgEAC+MRdu/cgQv27c6PoTABHBQUFNSh1s8iOfYo8Mq3kLz818DL30Ty8rf0x2aBCwGNArp2Q13/gJqor4BaTaFEfHq1HuA0GNB0N8BxbKY+1ao8k8Ut+7+RP6kGmfKK+boBjebs3lLdgMbQur1opgMoO286T7150zF/OuBNK/7MI2+G5M/gE6ZK3lCdwfhTY+4g/Jkr/5slf6B0SCFf4z/evFHTwJ8eeKPmPfnTyJ9Ug0z5suYh3qmY79i6nWgueSPVJ2/UFNMO2WK8ceWPWwXVEzpWq/J9CevT/33xRzFfxxsNf4bkjSt/OtFM/c/Amwp/euyB8+D3HS/emAw4r/nTpP+H4U9Q0HYS//ARbG5O8OLR41hb39Aes7gwxmUXX4jRKAoTwEFBQUG9Kl6HOPI1iOe/AvHsF5E8+6XCl+UAhpRYxhoAFwZUg+1AyCpQit+3ZIBrk0MA3Hlg6xkAW1agth5A2VIHf3NtzUYa2t+8ym8wYOpigO01YKofQLnyZ9usAB6Ud568mdWOmwb86ZQ3Q/Jn0P5vW34P/HH2P7XCrnm9uXm+Qf8H/jTVLPmjGiyzA/NGTRv4W01rdsOfIdWIN2q+Y/74+M8W4I3qbybeVOaP+9Bc8EaW1ydvDP6j443qjoUad86fDvzP1LpOGrT/fctXb4Ae+NP4751qQL15xvwM+FNqrRr+zL7/25bv4C9zN94qp/PIH1NrNtKs+RMUtIXEP3wEz77winHyV2pxYYyrL78kTAAHBQUFDank6c9BPPOXEE99FskrD5e/LAbcDJaARx9yUZuQzzHgre4EVg0w5S0aOMAzDbjUALuvMN8l4JbqvjkcBzx9DnCsAx5P/2krT/9z9f4uB1iu4yGnAVmrAZaphO554+w/vvyZ8QBTy5sh+VPT3N3/wGzijazQDPjjOaHduVr63zzwR8qJN63sdy1xlvzxVOBPlTed8cfBX+aOP5q0T7Usrxf+uJynqW5n/HG+Ygd+0NjfVAMaamjeQKn9DHjjGu+0b4554o3qb2qDdGKwXT43dM3ptrwXb4bkj5f9A/GmxwU1FbXsf1858aZl//fFn/Yy8adJ/7dNM82aP0FB57FO/4tH8eqJU07HXnTBvjABHBQUFDQLidNHIJ78LxCP/RmSpz5nPI484mtoAkrdAFtzuHeqfSdwg4A6txMdxH+lAtSIutfQHsYAu8sBlE0dD6hca9+m/31TKW2+U/tNJXYxoHYcMNny8/gDsgNvHE9vNKCe3QpltcAB+GM0vNBAQ/NmSP406P/eedPYfqcSy+nM+dOl/Q20Bfgj1T1/DLyZa/50rBnxp83fn/nhjytv1Lyl/zvxLymL/wzNG8/yO+eNmjr4m9Rg/KmUMARvVP+T6pg/24A3tf5T+MJ4uzurI94MyZ+e+98ql9vD/fBueDMkf0oVMvGnB+5Y/a/QQFuIP7bazjN/BrnfgoK2kI787w9Yd/9KLS6MwwRwUFBQ0Ey1sYzku3+K5Dv/Eclj/7k2wPGaDJbnlP6lhFTaHxDdB1TN3wmcqeMVgfMY0BZa2y2gnaMBZbl81yFdFwMqm/+pBpjyfvb3uWBCm7qYr7SuKd9Ivfqfg7+05E/zVNo/MG/UtAfeuPLHWMEhNTRvXPjj4z/nIW+8/MdXvfJG1TzxRvU3KB3SzH5v/jTo/955MyR/vMofiDch3nGKdzrRXPBnQN6o/tHxAo1O+NPSOqnG/BlSXuV3wJ/eeWPxH5fqOVx9FrzpxD0G5Y0q9QYbkj+ZrPFOP/zx6f9e+TPT/reUWynflajzxJ+goCCpJ//RV+E6pUtEYQI4KCgoaC60uYrk25+E+PYnlfcEVyUngrU/4BgCXNMTpVsPsLILq/FcZUF4H+o0wG4QADcOcB0HULa8p/3WAZNv2sEAy7X1tZqrAZZqsHoDdHrnod7/5GHdDpgq/tNB/7f1PxNvhuj+YXij5i3930nLqgYa1JA3dae35o/nddTWrVXgjf2G9/EfR3PzfFZMbXW6t7qeNwb+9KJO/a8j3gzJH0/7O+ePg/md8kbVluBPj3egd7wzAH/6s7bqL0PzRlWn/ubAG5f+75M3LvypUWv+9Mgbp+6bK96oqXoDzCNvWvJHx5sh+aPjzZD86dT/XO8Il/5vyx/VQEPe0/7WvFHT7c6foKAtpCd+5T6v48MEcFBQUNAcSZx+HslDH0fy8Ccgjj9RO+BJd+BO87aIiRoPeNSAN69tVo+ujHcwo08ZmkMdcPlUt23AbRpw2ZtjngY8jgOgOev/tuV7D8gaDLA6HYCVLlDljdV/2qatVwi31IwHmPPAm+52SGwF3shyak7vU/PImyH5U3sBE3965o3XhHZL/nTc/97F63ij4U/n3JHpecufvIXr81ucP968UdMZ8sdewVnyp9BAXfLGy37Mhj+e1euaP1L+5ts8zrH/O7FMbUFDfmjeqGpZfmP+zAVv1AJNvFHzffBG9T9Ti7bUjHljao7B+FNzu/f3+04hP/PxlsPpQUFBjRQmgIOCgoLOBz33JcQPfgzJw5+0HppPwDoGWOrhsORdUuYYX7oOmBoFwLoBVWWA1WlIX051P+CoP/D1qYED7Iq/6AZUHQ+wa/1HN6Ay2u/qgU36v+2AytTCFs16QOVZfhveuA6wvfynJl+VI38G4Y2aFhrEx398NSe86fMHPZu/mXhj3yHRE28a8cfYwkpe0cD937b8QXgzJH+08U4Xf398/U9tkEJ+C/PHenfMMX/s9s+SP84trOQVzTl/TBMKPtXvmj9SjXijnjEz/sgGHJg3qnr2t0b8MVSrq1RK5U9z3qj5lvzx8Z/zjDdq+a7Wbm3eKHlfPyIGiMTt+PD7zhb6fScoaHspTAAHBQUFnS/aXEXyjY8i/sZHIU48bT2cyHpI8WhQxwG19zuBW05gtB7gNBjQdDfAcWymPtWqPJPFLfu/0VBBNciUV8zXDWg0Z/eW6gY0htbtRTMdQHU0gO+VNx3zpwPetOLPPPJmSP4MPmGq5A3VGYw/NeYOwp+58r9Z8gdKhxTyNf7jzRs1DfzpgTdq3pM/jfxJNciUL2se4p2K+Y6t24nmkjdSffJGTTHtkC3GG1f+uFVQPaFjtSrfl7A+/d8XfxTzdbzR8GdI3rjypxPN1P8MvKnwp8cemIPfdzAaI1nYC+w+ALG0H1jaAzHeDYyXIKJFgEeZUxKQTEDxJhCvg03WgY0VsM1lYGMZbP0sEG8WW9fefduCP036fxj+BPlKpH0iEog4BpIJMNkE4k2IzXVgc33WFQyqUZgADgoKCjrPlDz1FxBf/13ET36mHP4Y4irAb4ANy/fGAbfmAFJfNtyneg2wHQLgzgNbzwDYsgK19QDKlurMh746tnwjDT2g8iq/wYCpiwG214Cp5QDcof/bpqXWK3LGZG6f6pU3qjx5M6sdNw340ylvhuTPoP3ftvwe+OPsf2qFXfN6c/N8g/4P/GmqWfJHNVhmB+aNmjbwt5rW7IY/Q6oRb9R8x/zx8Z8twBvV30y8qcwf96G54I0sr0/eGPxHxxvVHQs17pw/HfifqXWdNGj/+5av3gA98Kfx3zvVgHrzjPkZ8KfUWjX8mX3/m8tPdl4IsfcyiD2XQey+GGJpD/IfxnI5+EuhoWmyBrZ6Cmz9NGjlJNjaqcAfjf+ZWrORZs2fIEUCYmMN2FiFWF8JE8JzpjABHBQUFHQ+6sTjmHzt/0b8jd/Pgjz7AMd3Ry51NOCZxtr1A6CKBg7wTAMuNcDuK8x3Cbilum+O+gHPID+wWAc8nv7TVp7+Z7GmlwGW1wC+Ju9WwTrr7fyxpp3/wGLLd2l/e2l5MyR/apq7+x+YTbyRFZoBfzwntDtXS/+bB/5IOfGmlf2uJc6SP54K/KnypjP+OPjL3PFHk/apluX1wh+X8zTV7Yw/zlfswA8a+5tqQEMNzRsotZ8Bb1zjnfbNMU+8Uf1NbZBODLbL54auOd2W9+LNkPzxsn8g3vS4oKailv1fe+nFPUj2XQFx4SEk+68E+Ki/8kUCtnICbPlV8OVXgY3lzvnTXib+NOn/tqlstxnzJ6hTickGsHYOYu1culM4aKYKE8BBQUFB56sma4jv+1eI7/ttYLJWDb018T5j5bxtwKRu4G06wGbMbUAl1Un8VypAjah7HFjXDbC6HEDZ1OGAqng5W752gG2oVtNUSpvv1H6HAXhvAyopS34ef0BWm8dc+/b+4ND8g/NmSP4YDS800NC8GZI/Dfq/d940tt+pxHI6c/50aX8DbQH+SHXPHwNv5po/HWtG/Gnz92d++OPKGzVv6f9O/EvK4j9D88az/M55o6YO/iY1GH8qJQzBG9X/pDrmzzbgTa3/FL4w3u7O6og3Q/Kn5/63yuX2cD+8G94MyZ9ShdICk90XIbnwOoiLroPYsb9rizUNXE5psgp+9hWwc0fBVo5jK/HHRst55s9M/t4HGSXWlyFWzgDrK7OuyrZVmAAOCgoKOs8Vf/1fI77vX0Gcfck5vCTShFTaHxCVncAtQjjzDuRMHa8InMeAttDabgHtHA0oy+W7DunaDahmuSJZFjtPA2q1dU35RurV/xz8xcCf7n/QceWPn4XevFHTHnjjyh9jBYfU0Lxx4Y+P/5yHvPHyH1/1yhtV88Qb1d+gdEgz+73506D/e+fNkPzxKn8g3oR4xyne6URzwZ8BeaP6R8cLNDrhT0vrpBrzZ0h5ld8Bf3rnjcV/XKrncPVZ8KYT9xiUN6rUG2xI/mSyxjvN+ZPsvBDJxYeRXPwaYHGX/qAB25/iDbAzL4GdfRFs9VTZvJn0v6XcSvmuRJ0n/gTNm8TGKrB8Kn1EdNCgChPAQUFBQdtA8YMfQ/ylfwmcOQLUxVkohE3kHr457QQufKDGc8V69KZOA+wGAXBvK5JVAw15T/tnMcB2rV6jAfhcDbAMA+5cPQy0jQ0vD+t2wFTxnw76v63/VfiTaYjuH4Y3at7S/520rGqgQQ15U3d6a/54Xkdt3VoF3thveB//cTQ3z2fF1Fane6vreWPgTy/q1P864s0c78DqnD8O5nfKG1Vbgj893oHe8c4A/OnP2qq/DM0bVZ36mwNvXPq/T9648KdGrfnTI2+cum+ueKOm6g0wj7xpyR8db4bkj443Q/JHUzGxsAPJgRuQHLwJYucFHhdzvSNc+t/MH9pcBT99BPz0C6DJqv66FQMNec/7rzVv1HS78yeoscT6MsTZE8BkY9ZV2TYKE8BBQUFB20TJt/4Im194P3D6OQAEcgztjDtzNREedfADr/Mk8KwDPkNzqAMun+q2DbhNAy57cwwz4GmWqi3o0aB9quPyvQdkDQZYnQ7AShdQR/gO/tM2bb1CuKVmPMCcB950t0NiK/BGllNzep+aR94MyZ/aC5j40zNvvOKdlvzpuP+9i9fxRsOfzrkj0/OWP3kL1+e3OH+8eaOmM+SPvYKz5E+hgbrkjZf9mA1/PKvXNX+k/M23eZxj/3dimdqChvzQvFHVsvzG/JkL3qgFmnij5vvgjep/phZtqZa8SfZejuSK1yE5cI1XsRtra3j++RfwytGTOHp6BSeXN3F2LcHaZoLNSVo4YzHGHNgxJuxZ4Lhg1xgX7tuFSw7sx8ErLsd4YdGrTLZ8DPz08+BnX67nTWZ3f7/vFPIzH285nB50XkmcOwFx7uSsq7EtFCaAg4KCgraR4gc/huTeX4dYPpoHUsYnL6u0J/fhYtMBtUxN7wSGcn1TvipTgCsLMA2wughwbQMstUGcDGqvgQPsir9k5taONx2r2WjArRtQGe139cCWA+wuB1A2zXpA5Vm+ydrGaQN/k+qNP4PwRk0LDeLjP76aE970+YOezd9MvLHvkOiJN434Y2xhJa9o4P5vW/4gvBmSP9p4p4u/P77+pzZIIb+F+WO9O+aYP3b7Z8kf5xZW8ormnD+mCU2f6nfNH6lGvFHPmBl/ZAMOzBtVPftbI/4YqtVVKqXypzlv1HxL/vj4z3nGG7V8V2vnnjd8jPjSmxBf8TpgYafliml6/NVj+O5jz+KxF0/huZMxGKUbH1jWAEIIMBCIEhAILPvhgpBuepApA4MQAlfsi3DNwX249vqrsO/Ci5QG0RtE8Tr4yefATz0HijvYCTmw/5l4U/vn37GabXnjH+8EzUpicw3izDFgc33WVTmvFSaAg4KCgraZ4q//a0w+/2vAxnLp8/qh8DRiI0ATwZUjLOogpKvsPG45gdF6gNNgQNPdAMex2fpUq/JmOYDvZkCvHdBozu4t1Q1oDK3bi2Y6gKrnTS+pN2865k8HvGnFn3nkzZD8GXzCVMkbqjMYf2rMHYQ/c+V/s+QPlA4p5Gv8x5s3ahr40wNv1Lwnfxr5k2qQKV/WPMQ7FfMdW7cTzSVvpPrkjZpi2iFbjDeu/HGroHpCx2pVvi9hffq/L/4o5ut4o+HPkLxx5U8nmqn/GXhT4U+PPdDB7ztY2of4itcjuewmJ6sffugRfPPxl/D0iRgRsXwylwHpJDAEgAQEIH26Xfpvxnj6GdLfqahYM9leWbteuZ/jtddejOu/58b6ymTmsdMvIDr5NGjt7HnInyb9Pwx/guZL4syrECtnZl2N81ZhAjgoKChoGyr+4v+JyRferx1gA/awipF72JVfr0GASV3Ga70OsBwC4M4DW88A2LIC1RYu9zLAhr46tnwjDTqg9i2/wYCpiwG214DJPgCvPduh/9umpdYrfDGTFcC98kaVJ29mteOmAX865c2Q/Bm0/9uW3wN/nP1PrbBrXm9unm/Q/4E/TTVL/qgGy+zAvFHTBv5W05rd8GdINeKNmu+YPz7+swV4o/qbiTeV+eM+NBe8keX1yRuD/+h4o7pjocad86cD/zO1rpMG7X/f8tUboAf+NP57pxpQb54xPwP+lFqrhj9D9H+y6xIkh96I5IJD1mMf+Ma38NXHXsXJFQEuJ30ZpRO/AmkelO0Ank4AC6STvZzSCeB8JzABuQ8AAKVbIGQqAOxdELjl+ovwmltvhq1l2cpxRCeeAls+XnvcVuePVCfuMWv+BHUusXwK4uzxWVfjvFSYAA4KCgrahhIby5h89leRfOP/gS5SctnBS7BHfPrr5LWw5FMZJ4EHDvBMAy41wO5ygOUbcEt13xyakH3oH1isA576AXTn8vQ/V+/vcoDlNYCvybtVsM56Uwkeaec/sLjxpxv720vLmyH5U9Pc3f/AbOKNrNAM+OM5od25WvrfPPBHyok3rex3LXGW/PFU4E+VN53xx8Ff5o4/mrRPtSyvF/64nKepbmf8cb5iB37Q2N9UAxpqaN5Aqf0MeOMa77RvjnnijepvaoN0YrBdPjd0zem2vBdvhuSPl/0D8abHBTUVedif7L0c8bVvgthzae0lH/vO47j34SN45ZwAhwAHgbPpTl+GdBKYRAJOLJ/gBZD/DkUEMLAsTb8nQj5BLEVEACi3WN7G+3cQXv/ay3DFddfX1pVWT2N04gnQ2aMzHG816f+2aaZZ8ydoLiTWzkKcOjrrapx3ChPAQUFBQdtU4sSTiD/zK4gf/wyIQTvAZsXjUQ3XXHcCOw+wLOVAuV67BigWpEbUPQ6s6wZYXQ6gbPIcULtezpZv0v9NUyltvlP7HQbgvQ2opCz5efwBWW0ec+3b+4ND87v6T3v71QIH4I/R8EIDDc2bIfnToP97501j+51KLKcz50+X9jfQFuCPVPf8MfBmrvnTsWbEnzZ/f+aHP668UfOW/u/Ev6Qs/jM0bzzL75w3aurgb1KD8adSwhC8Uf1PqmP+bAPe1PpP4Qvj7e6sjngzJH967n+rXG4P98O74U0P/En2Xo74uh+E2HWRsSnWVlfwF1/8Jh5+aT2/WEQAp3TCFyIBMN0NTEJgxHjpGsRke6U7gxkRiKXXYgQQIyRC7gZGNgEMkEA2OQyIzFohBK67eIzb3vA6jJd2KD0wFVs/i+j442BnXzHaZlTH/mej5TzzZyZ/74M6k1hfhjj58qyrcV4pTAAHBQUFbWPFT9yDyT2/DHHi6TxwTTWNmGTQW7cimVj9gKrdO4FljWR5QDnCRKMAbx4D2qmtjgHtHA0oy+U3GLA7jVgtqc8AXTPg8rFft2Bi1gNqtXVN+Ubq1f8c/KWGP7NZkexnoTdv1LQH3rjyx1jBITU0b1z44+M/5yFvvPzHV73yRtU88Ub1Nygd0sx+b/406P/eeTMkf7zKH4g3Id5xinc60VzwZ0DeqP7R8QKNTvjT0jqpxvwZUl7ld8Cf3nlj8R+X6jlcfRa86cQ9BuWNKvUGG5I/mazxTtV/kj0HEV9/O8Ru8+Tvk48/iT+//2ksr2cTt4yBBMBJABDgAAgJWPYOYJa95zciBkFpW0zfB4z0GKSPjCZi2bkEECFB+luXnPwFCZBI2zc9O7UpyZxpx0jgb9x8FQ5efY2xeWjtDKJjj4Gde9WlI5vLy/9ciTpP/AnaygqTwN0qTAAHBQUFbXNNvvohxJ/91ekAi6phFoM9jNOdV/q+8IEaz1UWhBtEbeK5TgdYDQLg3lYkqwYa8p72z2KA7Vq9RgPwmQ6w1fIMA+5cPQy0jQ0vD+t2wFTxnw76v63/mXgzRPcPwxs1b+n/TlpWNdCghrypO701fzyvo7ZurQJv7De8j/84mpvns2Jqq9O91fW8MfCnF3Xqfx3xZkj+eNrfOX8czO+UN6q2BH96vAO9450B+NOftVV/GZo3qjr1NwfeuPR/n7xx4U+NWvOnR944dd9c8UZN1RtgHnnTkj863gzJHx1veuRPsvMA4uvfArH3cuMxX7//QXzm0ZNgJBAlACcgncoV4AQwCEScIJIke5wzss+zieLMaZmcBKbpBG/6fmABIQQYY2CEbGI3/Z4obXCRTCeEBQFEBCHSf8tHRr/+0H7ccIvp3cAAWz2J6NXvgK2eKljnwJua+681b9R0u/MnqHeFx0F3pzABHBQUFLTdtbmKzT//HxA/9AnISIlIH0GVdvJqIrx8J7DhB14q5ZspnwSedcBnGP+pAy7D4Z0MuEy/b/hPcLmG4C4DXk2FWqVqC3o0aJ/quHzvAVmDAVanA7DSBdQRvoP/9PGDi4//tNWMB5jzwJvudkhsBd7IcmpO71PzyJsh+VN7ARN/euaN14R2S/503P/exet4o+FP59yR6XnLn7yF6/NbnD/evFHTGfLHXsFZ8qfQQF3yxst+zIY/ntXrmj9S/ubbPM6x/zuxTG1BQ35o3qhqWX5j/swFb9QCTbxR833wRvU/U4u2VE31xMIuxNffjuTAtcbTP3fv1/BXz61AkAAjwkgAXKSTuQICERMgAJwBQghwkT7jmSE9njEGhgQEkT/ymUGaSNmuXwEkIpssBkAcBKSPhs6MIFDaXkR5DwkCEojUJpFe7/pLF3HLG77PaD87+wqiVx8Fbaz2+PtOIT/z8ZbD6UHbTmL5FMTZ47OuxpZXmAAOCgoKCoJ47kvY/NR/D3HqmVKARZp4jJS8+j3IHu5ZB1aGAZaU/zuBTQGuLMA0wOoiwLUNsNQGcTKovQYOsCv+Iv2rbrzpWM1GA27Fz7XdXT7DId9ygN3lAMqmWQ+oPMs3Wds4beBvUrZ8VY78GYQ3alpoEB//8dWc8KbPH/Rs/mbijX2HRE+8acQfYwsreUUD93/b8gfhzZD80cY7Xfz98fU/tUEK+S3MH+vdMcf8sds/S/44t7CSVzTn/DFNaPpUv2v+SDXijXrGzPgjG3Bg3qjq2d8a8cdQra5SKZU/zXmj5lvyx8d/zjPeqOW7WjsPvImv/UHEV7zOeMR/+dxX8OALK+DZZO8IDBwCHHI3rgBj6WQvJ4CEAIFlu3wxfccviXQ3MOTOX4AgQMTSfzMAiQDnWV7WhoD8MdDIDiRZzzSJKd0JjISDxAQxEa4+MML3vvGNMCk6+SyiVx+FZbCQamD/M/Gm9s+/YzXb8sY/3gmaZ4kzr0KsnJl1Nba0wgRwUFBQUBAAYPKlf4nJ53+98jnJwLUQsZFlwtS0gzj/voMBnPadwDUDstYDnAYDmqYDnFoD5mlA6axZDuC7GdBrBzSas3tLdQMaQ+v2opkOoOp500vqPWHaMX864E0r/swjb4bkz+ATpkreUJ3B+FNj7iD8mSv/myV/oHRIIV/jP968UdPAnx54o+Y9+dPIn1SDTPmy5iHeqZjv2LqdaC55I9Unb9QU0w7ZYrxx5Y9bBdUTOlar8n0J69P/ffFHMV/HGw1/huSNK3860Uz9z8CbCn967AFH/sSXfg/i1/xNoyV3/+VX8I0jK4gofZQzQSACAwfyCV6gMAEMgAmAKNv1SwRGIn0kNAnkO4ABEAiMpcemE8AEEqJ0XWTNlR5DSPcZU36OvAcYGGJ6l8KyAAAgAElEQVTGgEQAQmACQCQxrjqwiJvecJux/6Ojj4CffLZBH1s0CH+a9P8w/AnaWkqOHwE212ddjS2rMAEcFBQUFAQAEGdfxOZ//AUkz36pEkbJHbeVz1ETdhVirUL8nh9AHQxwyCee63WA5RAAdx7YegbAlQFV2QJbuNzLABv66tjyjTTogNq3/AYDpi4G2F4DpvoBlPVsh/5vm5Zar/DFTFYA98obVZ68mdWOmwb86ZQ3Q/Jn0P5vW34P/HH2P7XCrnm9uXm+Qf8H/jTVLPmjGiyzA/NGTRv4W01rdsOfIdWIN2q+Y/74+M8W4I3qbybeVOaP+9Bc8EaW1ydvDP6j443qjoUad86fDvzP1LpOGrT/fctXb4Ae+NP4751qQL15xvwM+FNqrRr+dNX/yc6LEN/4NogdF2i//8JX/gpffvIMGIARA7LX8IITEIHAiIFYAiABI8rfA8yy7zilWxMYAUQEUJx/xiGy87N3AVN6DpCkE74gAIX3/wJgjCDSF/+mnwPpvwFEAtjkI0RiA7GIMBEAiydY5yNcf/ECrrvlVm3Ls/UziF55BGz1BLY6f6Q6cY9Z8ydoUInNNYjjL8y6GltWYQI4KCgoKCjX5Bt/iM0//yXoduiSOmObRXZUE/HpdwJLqe8Erh8AVZQdngbV6D3AMw241AC7ywGWb8At1X1zaEL2oX9gsf7g4uk/beU5wLAO4DWXazvA8hrA1+TdKlhnvakEj7TzH1hs+S7tby8tb4bkT01zd/8Ds4k3skIz4I/nhHbnaul/88AfKSfetLLftcRZ8sdTgT9V3nTGHwd/mTv+aNI+1bK8Xvjjcp6mup3xx/mKHfhBY39TDWiooXkDpfYz4I1rvNO+OeaJN6q/qQ3SicF2+dzQNafb8l68GZI/XvYPxJseF9RUpLn85LU/guSSG7WHf+uhh/FnD76EiBgICSJK39lLBHAAEWMgYmCIgey9wJxEvjOYgaUTvyLb0csIjOL83b+M5KOfKfu3nACO03cAE4EEyyeAiQAiBpGZLB8JLVPBBZKEYZQkiIljQgyJiCFEBCES3HjlPhy87gZtO/CzLyB66aEyhFrJxJ8m/d82zTRr/gTNvcS5ExDnTs66GltSYQI4KCgoKGiqzVVs/snfR/zk3elAt/BVHp5RNWyz7QSuG2AVB9SNB1Ae44qKQcUBdqWEIQbYakCtVtCUbynPAbXr5Wz52gG2oVpNUyltvlP7HQbgvQ2opCz5efwBWW0ec+3b+4ND87v6T3v71QIH4I/R8EIDDc2bIfnToP97501j+51KLKcz50+X9jfQFuCPVPf8MfBmrvnTsWbEnzZ/f+aHP668UfOW/u/Ev6Qs/jM0bzzL75w3aurgb1KD8adSwhC8Uf1PqmP+bAPe1PpP4Qvj7e6sjngzJH967n+rXG4P98O74U0L/kwuOoz4xju0ph59+SV89DPfQsQ4IqQTuBGQ794lEoiIp5OzmOS7f4kJcJE+1pkLgBgQEQOQvQeYAUykk72cZTUhIMoniAlyMjmdAM7qy9JrphnKkCffP5z+e2NEGMfAuTOrWNi5F8QF1gQwigWEmGAiGN5481XYecElWptHLz8EfvqI9jvnDvWQjZbzzJ+Z/L0PGkTJseeBycasq7Hl5DsBHPVUj6CgoKCgedBoCex7/jYmT9yNSkglRLqaMUH2TGgBkUVyCaU7gUUWaZXSwkxv5XuRvstXCMP3WYgpgELkiLQeLVcECiAP2CGEEtDKfCEV6UCiNtWdV5eKciqNmJpTyMsKdzmgFEpqO9YSgU8vI/tPny/2fynV9v/Uj6S/GVPlPBT9R5eXy3Mb2F9cwIC8/6cHu/R3Ja3zl1r/y/yjzn8AeVC13zvqf6draNN6fynxR8C5/3W8qU3r/KcP3mj449X/LXlDhXrU8WdqABrbX7pcV/6Xy8F/GvS/lT9af6nhj8qbOvsb8abGf+DJn1reqP7n4D91djvY36//1fMGTXnjyR8o/tZdvGPgTR1/vPq/YbyT/T1S+ZP/c7D+NxzrXL6JPy3+/gwR7zjbP40zOuVPnb84+J+VNzqbHA6r2m9IfWUs38Sflryx+Z9jvJPzp9DjvoabeFP63tb/nfFGtnWN/wzNG925lvKrvJGfD8Ob0vi8hjf5vVo33qq938y8Kef7jXem/uLgP8Vs539vHGUpv8obZN00TLzj+vtOMl6COHiT0czPfP3biBhhxAS4SH+eiih9dy9lzccoBgmAcwZCuiOYIUknfzmBiexxz5Skj46mbGcwy3YHM5FN+BIiJh/1TAASsGy2V076UvaeYAAgYiBkFUH2iGnGMI7T8h89u4IDC/uwc7IOEXOsbZ7Fnr27QAnHc088jRvfeLG2/+PdB0HnjoImNe9B7dj/TLyZd/40uneCtoRo9wUQJ1+edTXOe4UdwEFBQUHnuyar2Pzk38Xkqc/l8Z9uh6+MaYuf1+4ExvQDdQEuk/mGIpffJTodYKknmPKFtDhTtwV2YJmu1jh1MN+1era8Vn0MsH1UKk81WL0BWrW0PjU2vDxM7fFuzM3zHfR/W/+r8CfTEN0/DG/UvKX/O2lZ1UCDGvKm7vTW/PG8jtq6tQq8sd/wPv7jaG6ez4qprU73VtfzxsCfXtSp/3XEmznegdU5fxzM75Q3qrYEf3q8A73jnQH405+1VX8ZmjeqOvU3B9649H+fvHHhT41a86dH3jh131zxRk3VG2AeedOSPzreDMkfHW864k98+fcivu4t2u/u++pf4UtPnEDECJwITKQ7fyOG6aOaRfoe4HQnLwMDwJl8tDPAGcCyncHpf8h39TIiELKUpcZwSt/vS5T+4sW4nBBOAMjvKG2A7L3BxU7hnOHYKyewa88+fOLRY3jr627Ew1//Gi7dvRO3XnspBCbYwBIWkg1cemAHLjt8M3T+Mjr6HfCTz8is1/3Xmjdqut35EzQziZMvQayvzLoaW0q+O4CZ/ZCgoKCgoC2taAns8H8DYLrKNclSUUhFMl1VLdNEyQsBQMjgX+RBWD4YyNKkSXBWuIYsR/289J/6nS71Kbx0rlBskrZnx4lqW2lTeKR5OSLPCzUvsrwQ+Xf6NDs3/58sS80XUhebRCGFQ6q1FXkexXyx/5V8nvbW/47XNJYvKvlyFYRic13/F1K1zYspTKnI89PeVr1BVP9X8qGpr4lS2YV84/738D+t7TX8UbrFS7b+dvE/78KmeT1v5H+O/e/T5sa+M/Cm8J+RPwUPM/Emz/vyxoU/Wluhzxfu2cAbB/7AIc1714E/tX/DZNlV3oi6Opts1aXO/mfijZk/TmrV/4bUo3Atb9R8o/53TH35U/CRmfDH5Z4pdUc1j2K+cg9r0jnmj9DlCwc27/9C6uR/olS+C3/M3PHkj6ututRoU8E/avnTUl3wp0XhJt5A7fe6/m/TBzbeFPJGXzF6GJRPpmXX8qcRb9TUwBs1PzRvVLUqXyhV8ODPYLxRfELhi3W8VTpnWsfG/HH+e1fDmzb8kedGi0guOaw95MSrR/HlJ46BQ6S7eUUCTgAnAZK7e0mAUwLOgBFLJ4bTd/8miEggYgk4JYgYsv8EePZvzgQYS8B5DM4TcA5wLsDy/xKwSIBxgEcCPAKiEYFHAI8I0QjpfxEQRQLRCBhl+ckY+Nrjz+DxMxv46hNP48GXT2NtIQI4w7nVZZw4cwbRaIxHXjiF5VOvTm/CvNGBye5LkfCF3M/a/75TyPcW7zjyp/DlXPAnaH61c9+sa3DeKzwCOigoKGgbiN3w42AP/D7Eq49CrgsUoGwVUJbPVrfKR90ISh9vIyg9Ls9DLsBLV1bmeVFdIcgsKwal0nKmGZpWq5pOzyjnSwUY8nVLCqmckimfHU9qmhk6PU3N683JU9KnUPO65oDOLKrmtVcwFGypkABl/8rygrIVypR1B2XNXkhR9h9tdW1pwcyiJcXuNXZ3+YxyvtRBVX8AGfxGpsoNQELvL0b/yf1MNrf8Xttb1VRXXcXiurzRIa1XyFJdh9XUuOI/Bd6UUqipwX80/KnpLSt/KrdLxXYH/lhrUPCHxrxRU3kZi/+43u7KeXneatYwvKlNUeMvuZ+580b1NxNv7DskeuKNA3+svHHlj6G6zvyxAq0Bb2r448ybCn9MvKFic/vzx8QbV/5o4x0lbcIbJV/xG+d4Z2vzR/a/P38wzZeqNRx/8tSo9vzR8kbDn6r/yGaeLX/MF84rWH+CpeNk//vzR/EPmPhTwx0Df4qW1PGn2mCaK/TFHxNvVP/x5Y2aevKmImfeqHkLf0z+4sIf1PhLhT+evFEs8eaN63jLNV72jXdyv5PNPWvekD5vukJH8Y7698093umGN8nF10Ps0r8H974HH04naROk7/KldKdvuns3yXfzcoFsYhjpo5xFkj4CmpL0MdGU7hqWu4IpuwaYyP6dvQ+YAYJE+qholvoAMQaQSL+ndOcvEYEYgZCm+S0M+T2wZ+8+PPzVp3BsHfjssZfANxOsbkywOYmxmSQ4ceYcLt69E68cP4kHvvUIbr/9rRW/EEv7IXZfApx6ruo/Ot748Kej8dbW+H0naCuLxksQCzuAsAu4N4UJ4KCgoKBtINp7Bdj1b8Pk1UfkJ4AQSPIBTJoXBIgEaZArBGzvhElEOnA3vSMkEenAy/SOkGm5xXwWDOYRnk4C5W+zvAwCxTSfpvL4QirSgL82hea8Qiqjzjyf/eqfvwNPzgLoglOXca6vhCW1le8s2Y9KfvrSoVLe+R0xFn+zviPP+R1VInc36ShyAJt/D3v/t30nnnSUxu/Aq5plsNdwbNcDKOfyp7xBkT+e/e/1TjyNvxV5gwJvpm3fkj8d86bCn5w3Bv4UO2IeeeNZfpU32ee9vpNKTe28md7LBf8p2Wviz7QBG/Gmjj8af5vyp1hnD/4M3P9ty6/wJv9z1ZA/jd6JVuCNB3+ceOPZ/93xB1uTP46XN8c72XEDxTuu/NHZNki84+x/9bwZjD9tVVd+DW+m8Y48vKN4p5i2jHe0vFHzQrqTpv974E3lHfVD80aVr785l2/gjZpX+dNLvDNNK/7iyxsNf5r1f9u/d/X8Maotbwb7e2fgTYU//cY7ld93GIO48HqlgVK9+PyzeOzoKjiTE7vZJG82McuJ8s8jOTmMdFKYM8KoMNkrJ3k5o+y9wQKMCRBHPkEsJ4BBlJWBdJKXEUCiNOFLRGCMZdfOPiekfgzC+rrA8eUEZzcZlk+/jCOrES7bsRvnzq0A8QSL4zGW11bx0PMv4pVTZ3FkheHaq57CFVdfU+nieOfFYCefbdn/qPe7pvzJy2sY73jyB2reI94J2tqiHXvCY6B7VJgADgoKCtomYtf+KPCVDwKUhVWFFedMyctBQvpPGaRP0/T3A8rGGenqSd8dgOaViCjnDVIXDGvz5tItCyHlinR5vFxBXMgXR5Kk5PPjayJwpyXFuvMzFX7Q0QX0ytHVvKa7bOOFUmrc8VL1G23esgLVmvqugFW/NbijerYx1XVX/r3GX1D2C9cdEMYeUPxv+oOewV/UfF6+vrms/qMp3st/Crwp5U3+UnBU6W/98sbQIBbeqGe78Uatjpk3alriT53/dM4bT/6YeOPKn4q/efKn0NCN+KPjjQ9/TLxx5Y9L9+XHa/xH3dnpyx/tDa/jj5SNN578cSi+njdqOiv+oD4/bbByzpE/xloY3H3++CNl40+5tUxnm/vf4i9qauSNPK4hf8w9Vk63ZLzjwB+DvzjxR9tTUjb+lO2fHW8M/lPDmzxf12Mt45354I0s18CfTnhj8B8db1R3LLRXxX9MvHHlj443PvzpLN4xVVj1n7KMvDG5o5rWdpvs/xr/keN3Kubd+eMe7xj8x8QbpXmluuePgTdqvuA3soLS/0z8Kfe/IdX4W7LvSiT7r1COT/XXjz6JMSOwbPct5yKd3CUBkMCYKHvvb/ou4IgAjnSSlxNLJ4YZAxfIdvOmfSzP55EovMsX4Dz9njEGzpLUp7JHRCObCBaUvSuYkH0nd8EycAIE20QsIpw8uozPPXwE6yLG+gZDNGJYjzfAF5dA66sYRQxn1ib48neew4GLLgKdPobPP/Ad/L1D11Z6Ltl1EcSui8HOHd0i/PH8fWcg/gRtbdHCTohoBEw2Z12V81JhAjgoKChom4hf81awa25H/PS9WfA1XVmXZAPu0gq9ROTPcJafy1BPXZGXjr00+cKwyio1wE0KMWLdOXWpQ3F5XuTNAvMKZSXvsvPBNRVAZYdWPqiVqzEVw/Il4PXNU83LfpSfl/vZeYV43QrQQosZV5AXe0A3wWTzHI/+tko3ErIdXii/XFuDv1j623uHhOJ3Jn+ZmlMwShpgHAE6+I90P0P/16YOK4Qr/lO7ArhyR6PWf2rsNvZ/C95ULlXijSN/TLxpwh0dbww70kuVLtntyh8Tb5B1oyN/fHYg2PjjOaFdttuQ+qil/82EPypv5I+wFf5oeKPmvfhj4M1c8cdTgT9V3hh2pJcqXWNvLW/64I/Fz/z4o0lNBjbxN921POIdtXwTb9S8F39sftMm3lHzQ/PGhT9a3kz9rcKfuvjGpqF5AyU6c+KN/HrYeCdvjkq8U07N3jWbeKeWP+dVvOPKm0JexxvPeKf9eKucCjWfH2zij1//DzveskgA4sJD2q9OHnsFTx5bSSdkiSECssnfdJKXkL2/F+mkcASRvt+XWDrJy9KdwBGJdIKYEVi2q5dzuYs33fFLDGDE0snc7BjGWLrDlwGM87QHOAEkpschvQ6jtH9YCg4sRBFOn3oZFy3uw1fOHcPuAwtITjBE43NYO7uCVzb2IDl7FqfjdTy/OcapU2dx+uWX8e1TJ/DDP/C9uPzSy6agyzwg3nEh6NzRHvhjSVvyxxTvpJWYMX+CtpxocRfEuZOzrsZ5qTABHBQUFLSNxK96M5Knv5AFXdUVw+WdwNU0lbryD9PPi+PMygpl83gvvX4hI1Of3zdKBcgBTamEUlrZcWDYEVXZuWlKM8PVFepTcyx50qdFC9zth0OQrBZQLtj6DjzVDworhU0rRMvVU/LGFcoGf1Hz3vYbmiMb4JW3dGr8Z+ropX5Hpf8NqWFF+rQbLP6Sl1OobqGaph2pentrUpOMOyLTtPk78JTU5D/eOyTKptsWsNvtL1y4siTfgT+mHZiu/NHxpuQPDXlj4E+9/Ya0JBNv9BVq/g5OR/6YeFNw42LNnXjjwx8Tb7YMf8rVsvGn3v6atHJCprnjTzUt1rxb/hh4M9f8UVITbzrjj3qBbvhTG++04k81Lda8W/648kbNW/hT/N6WmviTl2jxH994R9ME2tR4BRN/1A4z8Eb1A2feePAH+u734o+TGvCm7XjLyBv1752sQbt4p9IcM4p32vNG9TMLfzTmqLxR5gsdeFO0O/u/uYl3HPmjxDn9j7cceFNITfGOlTedjbcs/hONC7t/y3r0scfBmEDECUhicMbT3b0Q6e7ebMdv+rhnkU4AE9IJXz59h2++Q5gRiBMIBMblxK/IJ3k5E2BcThYDRAycMYAJ8GzGmXFAQOQ7kdP3AxNACUAxmOAgxpCITbz2xquwG2fx8pk9uO/oOt5y5YW44eBB/Oxbb8Xv//m3sGdpF4Ax1s6dxsunCaNkjEvZPnzqK/fjF9/5k5XuFjsPANECKN4ofIhqAzfij8KbmcU7zfnjxJugra/FXUCYAO5FYQI4KCgoaBuJrvyvkK+NTUT27GfkKwCTbCCV50Ua+NpW+lU+V1YIJtlATOTBJQojh+zHCM2KwHyVuIMECoMw4wphyw4E3x0JampcIYxqXlbYOaB3bIRiajvWMqCYXkb2pz7faIdMgxWpKPqPLu+zI0ux17QjQR7s0t++7wBu+o6qPG9ZIexjfyP/M5Ur6v0Fef+jxJ/WO9CdVihX+dPkftPyRsMfr/5vyRsq1KOOP1MD0Nj+0uW68r9cDv7ToP+9d2DZ+KPyps7+Rryp8R948qeWN6r/OfhPnd0O9vfrf/W8QVPeePIHir/Z4h0fw73549X/DeOd7O+Ryp/8n4P1v+FY5/JN/Gnx92eIeMfZ/mmc0Sl/6vzFwf+svNHZ5HBY1X5D6itj+Sb+tOSNzf8c452cP4Ue9zXcxJvS97b+74w3sq1r/Gdo3ujOtZRf5Y38fBjelMbnNbzJ79W68Vbt/WbmTTnfb7wz9RcH/ylmO/974yhL+VXeIOumYeKdut93kr0HIZYu0DQQ8PiLJxFBgIt0xy1DAk4MEQM4JWDI3gtMAhERIgaMkD7emTGB9FHO2cQvycc6A5Dv/GUCxBh4lE76pruCBXi2M5iyR06DkvR9wPI/IvB8ophAlAAsAYiBifR7EDCKxli6aRE/dfE1eP6eGD988yHceIDw6LefwhW7x/jm0WVArGIyWcRacgrRwghPL5/Ev3/gHH7x71QdIRnvQrK4N30MtEf/V461+J+JN/POn0b3TtCWE0VjiNECsLk+66qcdwoTwEFBQUHbSPyqN4Euvhk4+u0sCANAWbhXWAla2gmM9LE3uhWB2Qn5CsBKHsB0WKf82GBcEV1/Wi4loHVdkVspjtJP9e8Mksc3X5EO5bw8b1pSnFdQ/YFGyXsOMCtXm3ZXfZpfznVFsPuKdNngtXmTIxh3gOntr0i5rOuOALV70lT2u5LPj2++It3oP8WZ4lIqD1N7vN5+231X8R9T8UV/QI3/GFcEO+6IqeGNPK7WIBNvHOXNm1LqyhtP/miOM/mPeUuDlMV/fHmj5n15Y+SPI29c+WPquW3CG6P/2G/4Qm2BSo93xBv5hbYaqPGXPnhj4I82dY13TNri8Y6RN6786SjeqdzOrvzpYAeebHA1X0qNN8RW4I/GbzqKd8zckYfNgD9AjTua+OPIm0LFjPzxMcjEH1c58kbNW/mT/X/TJyyZ/KV9vOPAH4fmyvMm/mguW+YNOudNKd+YNxb/sbiliTd5vrbb5nF8pfJGVtjSHgaZ4h1n/sws3pHZMm/EPnX3b/rF808/jrXNBBERmEh353ICOEvAKX3cM6d0ApZTOrE7yiaCiWU7dLN39qaTtwTO0kc0E88eBZ3tCOYc2Tlp9RgX2QRxDM7Tx0kznqTfZY975vmjokX2XuBsUhkC6QSwAEYC44VF3LJ3hEse2IXLrtyPay5KIBYTvLQS4+kTx7HGJ1ihGBACxIFzK2exsXARnnv6MVx17Wsq/iOW9oOWX52DeGde+YOgbSBa2AERJoA7V5gADgoKCtpO4gtgl9+GydFvI9+RWxjgmFbqqTt4E6QBcHlFMPL39gpNcKYGqMYD1N990gWX+oBPWFJnCaVc0w6JaQHpxx4rkm2pSAcZ5d/T03pN23Q66C1kNakaIVNe53K+kDZZsdloB56s2dQjRDErCtW3Bfyd9b+hPOfyRSWvDOfyflbz+v533CFh9L9iG1errzWnZK96Exv8p80OTBf/s/mPwh+1W7zk0t+6cxoVqJ5g4k3hezj0f2PeGPhj8x+j/fW8gam/nfq/hj8Wf6nboRB448Af5793DvyptZ9ymwpn5P2Mvnij9T8Tb8z8cVKr/jekHoVreaOJd5r1f0/8yezM/74NzR+fHVCafDnemfJn+P43lOfBn8xNyvk63qhpp/yBcv16/tjtd+SPD2+c+SMvr/hLW9542a9rsMJnrcs38yb/Hh3HO2rqwhvVUAtv1Lw3fxrxxhzvVPynxB/493dn/d+2/AbxDnT93jdvCkZp+FLJ55L9LM/tgD+t452pOU34I3Zdov38yPMvZI9zBhgEOAic0gnhiAgjlr4LmBghYvK77DHO2c5dYumjnBnPJm25AIdIH/vMkb3bV+SPg56eIyePE3DOwSi9BjGRvSc4ffw042mPEEu7hkiAKP2xK53HTABEECOA7WRY5TH27BvhNXv24Mwyw/q3T+D5kyexTpuIiCFJIkBMcMneRXzxke/i5649XLgpUyWLeyAqcX7ZH6Yy8aaQ3+6/7wRtTY2XAITHQHetMAEcFBQUtM3ED74e8Tf/DQTSnb5pcAjIlXnFpdoEaHYCY5pHIS9Kp5YG1pXxDjThK00zar547cIZ5bxuQFUZYNX84qEsNTa+Iy873rxCXZ6m5qc116akT6HmlfNyVcyial57BUPBlgrJlZ55PlsZKss1rxid+o+2ura0YGbRkmL3Gru7fEY5X+qgqj9UtlypqeLwrjsUqivWZXPL77W9VU111VUsrssbHdJ6hSzVdVhNjSv+47xC3eA/DrxpxB+tHPljrUHBHxrzRk3lZSz+43q7K+fleatZw/DGviPPxBt1h4SdN6q/mXhjWgRVaos+eOPAHytvXPljqK4zf6xAa8CbGv4486bCHxNv1B0Snvwx8caVP9p4R0mb8MayI9w93tna/DG9E8/OH0zzpWoNx588Nao9f5q/k1M282z5Y75wXsH6EywdZ3onp50/in/AxJ8a7hj4U7Skjj/VBtNcoS/+mHij+o8vb9TUkzcVOfNGzVv4Y/IXF/6gxl8q/PHkjWKJN29cx1uu8bJvvJP7nWzuWfOG9HnTFTqKd9S/b+7xTnPeYLwDYvcBtUUAAC8eP5O/zzciAc7kRLDAiBhGJMAZA8lJ4WzilpMA5yzbsUtgnNJHO1P62GZOAOdJPjnMOUDZbmGe7QyWk8bEknwyOL0G8u/TR0qnbcyzmeB08jfzO2JZ/yRI4gQxFzi+sgyKd+LU0TM4sGMHLtm7hJeObmBECaLxCCMRYbRzjDET+OoTx/FzEsLF7l7cC4yWQJO17AMoDazesBb/2Va/7wSdL6LxYujaHhQmgIOCgoK2meiSm9M/qEIgyQcwVHonsBphyRV+6juByzuDCytUlbxMS8cXRg6iNJJAZQV8Vt3CGMmwAlhMD5b5NG24A+H7/xT8bbebG3PlWYgnPwTxn34PiawkALrzr8C/9zUQf70X8aeyJsF7wd/36yB8AckH3o7EYe0NNJ0AACAASURBVJzL3v0c2CFA3HMV4q85dK6wpOqxjQNo6RdK3meHlssKVEs6HaygUK7shmm+aptpB0Lheyj+4pL67FAoOGjjd+BVzTLYazi26wGUc/my32X5zfrfa0eoxt9MvJm2vTqonhrqxB9f3nj6W84boeY1/uPAG2+15Y1n+VXeZJ835U0j/th5M72XC/5TstfEn2kDNuJNHX80/mZ9woStUwbu/7blV3iT/7lqyB+fHRK5nxV448EfJ9549n93/MHW5I/j5c3xTnbcQPGOK390tg0S7zj7Xz1vBuNPW9WVX8ObabwjD+8o3immLeMdLW/UvJDupOn/HnhT2XE5NG9U+fqbc/kG3qh5lT+9xDvTtOIvvrzR8KdZ/7f9e1fPH6Pa8mawv3cG3lT402+8I8tJdh6A4KOKMStnT+PM6gTjiDBiwIgRCAk4BCKw7FHPAEMCRun3nAFRtvuX8QTEEhAJcMYRZRPAjFM6SRxR9p5ggEeiMOnLsgnfbAK4OImc7fzlHABiECMwIoDSx00TGAQTICIISncICwDrfILRhGEPI1BCOPbKOXztgRPY3HEOb9gzweZF+3Hk1BmcogVcuhThop0jsI017Nq1H5OVM4iWdpdbh42QjHeCba426H/U+11T/uTlNYx3PPkDNe8R7wSdLyIgvAe4c4UJ4KCgoKBtJn7JLWB7Lkdy5oU0rCLk7/yVMRfJPABgugMvzWb5mqV8Ij8rPb+Y5isLjSsRUc4XJIqHKQGtNl8pvXp5fZqtSJcHH78H4sXThZosAgcOgy56DeiWD4D2XQrxsX9WHFnmLTfd+SlPvR30Y4dAdz9TrriaXvgboKv2Ajidtjkp1yn8oKML6JWjq3lT98ExNe54UfzFlLesQLWmvitg1W+Vy5l2ABhTXbfl38t+V/PVHXi2HRDGHij+klG740JKyefl65vL6j+a4r38x7jjxeAvBUeV/lZx4HIPlVNv3hgaxMIb9Ww33qjV0fhP1tBqimK+zn+ctjDU+E+FN578MfHGlT8Vf/PkT6GhG/FHxxsf/ph448ofl+7Lj9f4j7qz05c/2htexx8pG288+eNQfD1v1HRW/EF9ftpg5Vyv8Y5anVnyR8rGn3Jrmc4297/FX9TUyBt5XEP+mHusnG7JeMeBPwZ/ceKPtqekbPwp2z873hj8p4Y3eb6ux1rGO/PBG1mugT+d8MbgPzreqO5YaK+K/5h448ofHW98+NNZvGOqsOo/ZRl5Y3JHNa3tNtn/Nf6TOWhpPO/BH/d4x+A/Jt4ozSvVPX8MvFHzBb+RFZT+Z+JPuf8NadHPdl6gWJced/zlF9MdvUgQMQbOBEgIRCKd+B0RYUTIJmEFIorT9wJnk7rE0oleYukjoaNsty4RSyd8efq+34gBPErydwUzSsAiyieBST4mmhE4kO4Q5gQgBhEDMQEigLF0CwMoAZiAAAMoggBhEQKT0SYuHm3g6ssO4PhzL+C//dtXg3aPsHxqFa/7s6fwtacW8PHnTuONh67ED1+6iudeIjxymvDKc8/h8tfeVG4jIYCFXaDl43POH8/fdwbiT9D5IxothPcAd6wwARwUFBS03TRaAi68AThzBKWdvHJlXiKQPutZXTmeRl6iuJRXTvYK5HnIfyJdJamTGqyWPiymNglLajlVN+CSBgmB/EcOnP0C4v/0oWqgfMG7wH7mo6Ar7wJ7yz9D8kXDSnmIUpXoxt8A3f0uiOL3AiiuVKY73gH5dCEIufpSMSxfAm62UZ+nvG7p5+X+7uodnNDmZT1sP7hovURvkIuv2OTpf1O/R+bvun6Xn/uuUHfcIaGsgJeVnvrb9EeRYr5kgHEE6OA/0v0M/V+bOqwQrvhP7Qrgyh2NWv+psdvY/y14U7lUiTcG/uRfG3Y81O2AsKUafzPtSC9VumS3K39MvEHWjY788dmBYOOP54R22W5D6qOW/jcT/qi8kT/CVvij4Y2a9+KPgTdzxR9PBf5UeWPYkV6qdI29tbzpgz8WP/PjjyY1GdjE33TX8oh31PJNvFHzXvyx+U2beEfND80bF/5oeTP1twp/6uIbm4bmDZTozIk38uth4528OSrxTjk1e9ds4p1a/pxX8Y4rbwp5HW884532461yKtR8frCJP379P+x4yyyxtFf7+dnjxzDGBkZsAQsxR0zrWECMiAgJTzASACcCUQROyCaF08dDc5KPZhbgjMB4As4Bnj3umTFKP6f0EdKcCOAxKJsQZhyIIgJEghGNwBgDsQmABIyxdIKXpUv4iRHSGWJCTAATHDEXYIIjIQZggpiPwUWCXbsTLPA13PAjDEtiAesRYe/eBfzwjx/Grnufx2ePreHw3gRvvO1G/GAU4aWXTmFj9UShTadKoiWwomO48uctH8LSnbeBnvtDrP5fH6np/x/Awj/6APj+ZzD5X/4uNlryByCM/uHdGF23C8n9P4C1TxLwlg9i6e23AU9+CKsf/sRA/DkIfustoNE6xLP3Ij5mPpJe/x6Mb78T7LILp7+3Tc5BPP8VTO7+CDaffMlWWFDfqjw9IKitwgRwUFBQ0DYU338N4qf+Mnun73TFXnkn8PTzUiqDfnUFu3WFcjktKr1+IQPNQbB8XipADmhKJZTSyo4D3Y6oQl3ylcTF80/+MZJH3gP+g38DdOUvAPTRfGWyPFFrzq7bQW+7GuIzz02/p0J6wa+DDl1SuAxVF+zX2g+HIFm5oLIy0/oOPCgrQAsrhU0rRMvVU/LWHRLlmlfy3vYbmiPr5/KWTo3/TB0dxZ0JpbzqL8XUsCJ92g3yeFkDJZ+XU6huoZqmHal6e2tSk4w7ItO0+TvwqrzR+ov3Domy6bYF7Hb7CxeuLMl34I9pB6bqDyb/UfzO/k48JU/6FGreyX5DWpKJN/oKNX8HpyN/rDskyjV34o0Pf0y82TL8KVfLxp96+2vSygmZ5o4/1bRY8275Y+DNXPNHSU286Yw/6gW64U9tvNOKP9W0WPNu+ePKGzVv4U/xe1tq4k9eosV/fOMdTRNoU+MVTPxRO8zAG9UPnHnjwR/ou9+LP05qwBtH/vjzRv17J2vQLt6pNMeM4p32vFH9zMIfjTkqb5T5QgfeFO3O/m9u4h1H/ihxTv/jLQfeFFJTvGPlTWfjrRp3WCg/3ljq9MopjBhhTMvgjIERRwQBUISFhDBGAqIEnDYRMUJE6YQuYwKMp5O4xET+Tt/0Mc8CPEofzZymCVgE8Iin7xfm6Q5fYglGjACku3nBCIJN3/crmJAvAQaIQVDaRmAJJiwCFwKCcQi+gZGIwBEj4REWd2xiPIqwc3EnWLIMTun+4KX9HBdcMcb6+gauv3I3rtgfgSUxdlyxExvLcRVAADBeQr6Josnf+6vejvEbfg8b90PLG3bne8D3I/+8C/5MRUq1uuOPnTc/hOin7gJfOof4U/ci/oL+KPqhD2Lxx28DsQ2Iow8jfv5FiJ2XgR08DHbNHRi95xbQv/0pbDxcV9Yc67Z/jMUfuhk4dg/WPvYxhxMOI/pb70F03UG366++hOSvP4KNLz/WqppWRWECuGuFCeCgoKCg7ai9VwICSCDyYExdIUiFFcmVd/0q+fx7ZYWg+s5gkQeXAES2Q1hkP0a4rAiskUBhEGZcIWzZgaCmYnpx4w6F1bX0mN23VsoVEFVzTnwLYs+toJs+APrMu7TvAqYffjsoWoN44RXQ5fvS67q0h1BSa4PVp8XgXbahLt9oh4zDimT9inZZL03eZ0eWYq9pR4I8uNLvQLsdUbX+h+mqaxT9R8lbdij42O80oNRdQ5vW+wvy/kfWbW79382O0ELbdc0bDX+8+r/OX3Sp0f8M/lI0skl/6xqhLrWdayzfwX8a9L/3Diwbf1Te1NnfiDc1/gNP/tTyRvU/B/+ps9vB/n79r543aMobT/5A8Td0Fu8YeFPHH6/+b8Yf+fdI5U/+z8H633Csc/km/rT4+zNEvONs/zTO6JQ/df7i4H9W3uhscjisar8h9ZWxfBN/WvLG5n+O8U7On0KP+xpu4k3pe1v/d8Yb2dY1/jM0b3TnWsqv8kZ+PgxvSuPzGt7k92rdeKv2fjPzppzvN96Z+ouD/xSznf+9cZSl/CpvkHXTMPGO+vuO5E2ysLNg+NSYtZU1RBGwMEkQjQA2STBiHILFiEAYkQAJgCcJOMndwOnuXw6ACwIoyd7bm6SfkQAHpXkCiCXZe4MZIkbgROCMASxJJ2cJmPBJWjWGbCIYad2z/wSjPGZkIBDGIB5DiB0AESYkEGEDgo0RjdawzjfAsAmBCaJ4DIhVEGPYuS/BGmLs27eI8UhgfVOAL4ywlCBnWVEJX4Qofu7NnwvB33wXcP+HprjP07dj9LrDhWvr4h15eb/+n16v3N/SL9ryx37vPIbkwXsgxmchXjYdcxtG338biJ1D/Gc/j/XPl3f60uvvwsLtlyHZqpO/ALDzIOjSQyB2mdvxb74Lozff5hEVHAK7eIzky7+EScMqOomF6cquFVo0KCgoaBuK9lwB0DQezHf+ApArAQWovEMY2Q5hFFYEpieWVgIW80DhczWsoGyNLU3zKB5miELyc5SA1nVFbqW4rG7adwYVTso/zwrIV57Lx8YsP4bpSmR5WnElsjTgQYinLwHdcDvorYdA96rvAn4f2HVXA6f+FOLYa0CXp5WqvgO4bK9tgFkZfsn+t6X55VxXBLuvSJcNXps3OYRxB5je/oqUy7ruCMjTkt9Jf1Dy+fHNV6RDOQ+K/6GSysPUHq+335hmqviPqfiiP6DGf4w7Ehx3xBQctcgbFI6rNciRNyZ586aUGnhT/B4W/5H8Kaaa40z+Y97SIGXxH1/eqHlf3hj548gbV/6Yem6b8MboP/YbvlBboNLjHfFGfqGtBmr8pQ/eGPijTSu88eTPEPFOfrwjbzT88eaNK386incqt7MrfzrYgScbXM2XUuMNsRX4o/GbjuIdM3fkYTPgD1Djjib+OPKmUDEjf3wMMvHHVY68UfNW/mT/b90x7smb9vGOA38cmivPm/ijuWyZN+icN6V8Y95Y/Mfilibe5PnabpvH8ZXKG1lhS3sYZIp3nPkzs3hHZgu8iRY1BhOS1RgjTnj4pdMY71jCa3cvYIkniBEjYmk9KAEYxeAgRBSBSKTvDBYEnjBQEoNTAkZJ9mjo7DHQIgETAiQScCHABSFC+lsXFwQgAYl0AphjI68TFVMh7WCA7H4isGQXYr4BJhJAcCREEAmDoE2MsYH19Q2w5ByShIOSEQjriJIIjK9hk43wxe+8jAsIuPLi3UC0DhFvgBXhIMuOxmlNTB2N8uFal7rsDozf8DtYv798G+Pt7wQvbszO/aEdfyr9X+jvUjm9xjsPYPM/PFB3AIA7wA4AWP0uks9XH/Msvvk7WPum5RLnm758H5K33Qa+0/0U8fJ9iPurEQCAOLeGt0F+ChPAQUFBQdtQtOsSFNfcJqK8E1hGfvnO3iyvrtATyTRIBAqDkiZ/rT1/4CtUxJz6FF4qT12hLG2bFpAedhXouu9NP3n1T2FbCZ9/+plPQlzzXtBNvwrc+w/S4wTSQenfejdovAbxtV9Fsuf/A5PXEVPD8uYw2q82GOV1KecLaZMV44124E39B8V8of3F4P1vKM+5fFHJm/xAzedp1v9eOySMK+KLbVytvtackr2Fm7pwRsV/2uzAdPE/m/+UdiRUu8VLLv2tO6dRgeoJst9l+aYdEpb+t/mLzd+sO9BRzhvtr+cNTP3t1P81/LH4i2mHQuCNI3+MvFGv78CfWvspt6lwRt7P6Is3Wv8z8cbMHye16n9D6lG4ljcV/jTt/574k9mZ/30bmj8+O6A0+XK8M+XP8P1vKM+DP5mblPN1vFHTTvkD5fr1/LHb78gfH94480deXvGXtrzxsl/XYIXPWpdv5k3+PTqOd9TUhTeqoRbeqHlv/jTijTneqfhPiT/w7+/O+r9t+Q3iHej6vW/eFIzS8KWSzyX7WZ7bAX9axztTc7z5Ey1oP56sJ1hOBP7zcyfBFjdw8fUXYc+uNSBJJ1wTRohiAGwClnDwrIYkEjCR7uQlbCJKCCwR4DwBE0gnizEBA4FhAh6nO4MZxSDK+i8REJROXTEIgBFIZPyVfcUASggESp+WxxhiEQOCA8k6WLyGmBiiJAJNdoMQY0lsIDkzwWiyinUsgifL2ESEhc0EtBmDgeETX3ke515ew9/7weuxd2kFJAi7L1H8BYBgo9TDKv5v40122IuPAZcdBn/zXaCvf6jQ32/HwusOAxsPIzl7M9iFKPT/DeDvfC+im28B2znOOuockm99GOuf+A+Y+uFB8J/55xjdfBg0BpCcg3j6U4WdoOU7FACin/kjjG49BIrS45OH/xDr//bjU3OueCfGd/4d8KuzYwBg+RlM7n4fNu57CXTHh7H0o+kjjdf/xf9Rnnj80Q9jx4/dDLz4J1j97d/C6Je/jOjiZzD55Z/Lp/fLOg6sA1h6DdgPHQQ0k8BlHUb0U3dV2+WvP4L1T/wJBIDRL6bvPxbf/CWs/rvCBLSs27Mfw8rvfKRwyX+KpV+4A3T2Pmz82vswsdif6mex8Gt3geMBbN59HPxtd4BlE7bi6L2Y/MH/is1j2TFL2SkX34kdv3EngGew8ss/V2Pjx7H+0TEW/sF7nCaBxZMfwfrvfryTPwe1ynfZBHWlMAEcFBQUtA3Fdl0EGZzJEE0gXR1ZXKpNhXS6Yk+Gm/L7LF8Y0KsLZ8vnlcd7stziglJS8qU0r6MSAOsGVJUBVs0vHspSY6LC9aNLwW59V+l4WnwN6JZ3gw7uBVa+AHH3s2lblaKhQhuJ6Wc48b9BPP3ToBveDvYWQvJF2ex3gV1/NXDqUxD3Pgd6e+E65VhaCa11ZlE1r73CtL+d0nyQOF0tCwDFHeBpd5hWjJb9p1JdW1ows2hJsXuN3V0+o5yXHVTqME1q8p+iw3vsUKiuWJfNLb/X9lY11VVXsbguX72g7QzlBF2H1dS44j/OK9QN/qPhTk1vVf3HxB+tHPljrUHBH7T8qfGXop+VUnkZi/+43u7KeXneatYwvLHvyDPxRt0hYeeN6m8m3lR+z6uoJ9448MfKG1f+GKrrzB8r0BrwpoY/zryp8MfEG3WHhCd/TLxx5Y823lHSJryx7Aiv8keedn7xp/k7yDHNl6o1HH/y1Kj2/Gn+Tk7ZzLPlj/nCeQXrT7B0XPN3kCv+ARN/arhj4E/REq/xlu4KffHHxBvVf3x5o6aevKnImTdq3sIfk7+48Ac1/lLhjydvFEu8eeM63nKNl33jndzvZHPPmjekz5uu0FG8o/59c493mvMGjKutAQBY3xjhqVPncCxewtmTGzhxeg2XjlewM1lEzGOwaAS+EYExQhJNMEkmYHGCiAswAhhjiMcTxBwAS9JJMy5AMSGOJ0AEsEhklRGASIAkARICmABxQCQxBI3AONJHPyeAIJH+mwlQNjEsAAghEMUTxHQSUSKQJGPEiQDHGEmyiYR2gWMdYvkcsLkJgQXwyQpWkv3gGxuINnbhgHgWx8Ru/PvvvIClC/bj2sk5LOzZjR+7QUMcxmF+B7B6w2rOX70H8YuHEF12B8Zv/J38XcD0jnT3r3jwIxCXfzD1EukfP/I+jL//ZmD5JSTffQhi/UKwG24D+773YnHyLNb++AGAAPauD2D8fYeAyXGIJx9GvHkh+NU/i1H+ulYq+QFd+R6Mrz6L5Il7kOAQ2PWHwW59Dxbe8Xmsf+olCAJGP3kXoqsAcfphxE+/COy9Bey6Q4je8QHg+M9h455PIf7+m8EP3ILoMBA/Lu0/iPEtNwPYQPLQb9WjKNdHED/7TrDDu8B/4o+x9AMPI3nkK5g8dA/iJzWTwT/6P0/b5TsPIdm4EPyG28BuuwsLk2ew9scPYPOBhxBd9ybQoXeC44F8gnr02uxR25fehhGAzexz/oZb0jZ64uOYABi94y5EV2f2P/UisE+xv/iqXXYLRu8AxIv3YfIdgB2+Dezit2L07rsw+e370kdg7z+M6LWHgLMPY/LYiwBsk9wAjnwM65+8DIvvvrP+yctHP42N3/0YEvsV26vCxqC2ChPAc6IEApNkgs0kxmYSY5JMEIsEcj0PgcAZxxIfY4GNEBn+mAYFBQW5iBaz98rmATyl8XG+tJWQvwO4MLMrlBC/8n3NDp3Ku4ALI4fyzmN5uiynKpGNNqbfGnYkSHN0K8ZFOuirTeX1Lr8L7HJDY566B8mfvCsNhIRk9rRWcuxRqH36v3s+CbrmvaCbPgh88b1pef/1T4MW1yC+/k+QCDE9TxRWA9dJWFL1WOcBvCrZj0reZ4eWywp4Szod7KJQruyGab5qm2kHQuF7KP7ikvrsUCg4aON34FXNMthrOLZx/7ctX/a7LL9Z/3vtCNX4m4k307Y3DTwMOxBU/vjyxtPfct4INa/xH11/t+3/trzxLL/Km+zzprxpxB87b6b3csF/Svaa+DNtwEa8qeOPxt+m/CnW2YM/A/d/2/IrvMn/XDXkj88OrdzPCrzx4I8Tbzz7vzv+YGvyx/Hy5ngnO26geMeVPzrbBol3nP2vnjeD8aet6sqv4c003pGHdxTvFNOW8Y6WN2peSHfS9H8PvKnsuByaN6p8/c25fANv1LzKn17inWla8Rdf3mj406z/2/69q+ePUW15M9jfOwNvKvzpN96ZlssLhk+N2VhZwXhhA5dHCb6LBA+fSvDkuQnuvCzCzs0YxDfT01iMOIrBIkCwGILFSDjDhLF0ApclSDggRgLEEgjOAJ4AESB4AjECYpZgxDkYExAcoAggTiBGiPkmEFFaXw4IStIm5ABjmG5+4Eh3BPM1JGKMBDEWVxNs8ARghNEGw3iTMI4ENs6sgG8sYBNnMD47xiQ6h28eWcTudY5T/BQ2WYR//tkHgSTdmfzynT+h6XBCu3cAC2zc8xXwn/8h8Df/T8D9vwkh3o7xrYeB1Qcw+Xf3g96XHSn/Hv3FH2Dj1AlM7v/u9DJv+E0s/fSbQFe9DQL3A+K9GL3uEICXEP+/78T6I5ljXfgPsfg//v10I0nuX5miY5j8m3dh49upX9C7/ghLbzwEdtWdEOL3AAhs/uVvQpz5FCZHpjdK9N/9KcavPQR2qwAe+zQmT/w8+OsPgr3lTuCxT6fXvuE94JcBOHkfNv/C1BZVbf7eeyF+5p9i9PpDoP03g7/5ZvA3vwdYPY7kyU9j8mcfweRYdvBf/CE2Th/H5OuFWdg3fgBLP/0msKvvAPAA8PV7kPz4m8D3H04nqB8DgPeAX5rtGF64GfztwOanAOA28CsPpm14f7pbePPzvwlx5tOYHCk0W24/gOIE8MIY4oH3YfUT96X5A/8Yi79yJ9iFtyDC76SPwL79g+CvPQRafQYbn3i/e8M88n6s330Qiz9heB/w8gPY/IP39/7o56m0tQhqoTABPCMlIsFExFiPN7GebGI13sC5zVWsTNawOtnAaryOzWSSPmoCACOOndEirtl9KQ4s7EHEliwlBAUFBdVoYQ8EqLLzVg4OCGnQK9/5m34/PTD9/YCyc2rS/MKatLDyOS2WlMPq/+hTqc6oLCAuLTDWpdVqFNJsRbo8+Pg9EC+eLlfg2N0QL3wd4plnsjYrjSyzsoo7P1H6HCd/NdsF/JNg3/9LSL72brAbbwXO3ZPu/iUAfDGvVPUdwNMfdHQDyupwS8mbug2OqXHHyzQtWFvNW1bAW1PrCliL/xjcUT3bmCp+V/Y32e9qvroDz7YDwtgDxV8yandcSCn5vHx9c1n9R1O8l/8Yd7wY/KXgqNLfmvKmnKKcnzaQvkEsvFHPduONWh2N/2QNraYo5uv8x2kLQ43/VHjjyR8Tb1z5U/E3T/4UGroRf3S88eGPiTeu/HHpvvx4jf+oOzt9+aO94XX8kbLxxpM/DsXX80ZNZ8Uf1OenDVbOOfLHWAuDu88ff6Rs/Cm3lulsc/9b/EVNnXf4evLH3GPldEvGOw78MfiLE3+0PSVl40/Z/tnxxuA/NbzJ83U91jLemQ/eyHIN/OmENwb/0fFGdcdCe1X8x8QbV/7oeOPDn87iHVOFVf8py8gbkzuqaW23yf6v8Z/MQUvjeQ/+uMc7Bv8x8UZpXqnu+WPgjZov+I2soPQ/E3/K/W9Ii34mElQf40q4+8Q5vGPvEsYHLsfZI09jY2MTL6xyfOnVVfzo7p0gLOPcaBkjbGK8OkZMHIiADQ5sRglEJLB4LkEUERKWIOEJiMWII5FO5HJKNx9HAI8IEwYQSz9jIwJFLK3WaB3EOUAJEFH6mWwfJlJTGCAgsMESMCxinRawkJwA2G5QLEAiwgZtYH2FsFOsQpyYYHLyJF49dzG+8ewy/uZNu3HkuVNYimMc2LUPr8brWNhB2Di7jMXxKGs2lT9ZbzTgT94Xj/4TTJ75S4wO/RgW3vJbWN+f7v5N7v8YJkQY5d0m/eCriB/I/IAAuvEOMJE9RJlT+vnth9Pd1scfwsYjBf85/hHEz78T7LpdhRs+09FvYOORqV+Il49D4BBo6cDU9kc/jUlu72vA/3/23jxokuM68PtlVvXx3edc39wDYIibBAY8QFIiKZIgJREil1RIZuzK6/XaojeC3rBXVDgclr3eCMduhFfLCJv6R1RYDIVXx1IrL2XQy+CxFAUKJEBiQOIG5sJcmPO7jz6rKv1HdVXXlXV093wzA/QL4MvJ7qzKfPle//pVZb6uY4eg1elbuq/b3/kRzjs/hzz8OCW+SRsw3utm0jqvfKXgouQJrL/4+1h/cRTjAx/GuPsYxv6jiLE55P3/kPLh+xF/8E9pLwL8GOun3SPlvY8hHW9s3qvfwTr12+4C9QcegxPfgccfRVbAOf63iGMfQt75zxB8GXX0cxjzwKUf0fYWdl/5ZuAntI9G9I+O/Sy2t/gLsHgWVQdGxhP8oLioH/xTWjv/lMq7D4XfsM5ifd2bk+0Sld1kcya3CgAAIABJREFUKIVkuAB8k6Rut1hsrvHGxhXObF7m3OZVrjZWWG/X3EVgu9VZAHaT6w0h2Ts6z39+5ONUZ48wZg4XgIcylKH0LsKsAAonkJkrVCemd5QbbCmF07nQUkKAo3AXabvPBvYzEBzcC6pARkJ04dPfAayTpCuZHM39SlKZ9/jg+BT4O5S982w8if3XX9FfcMV2Ind7cesqMqRO3XsW8IP/GibfixhvoJ75Egq3fzkx7Q8uuGM5NOgUfaMvd+uiOwY6wXsvO8TTdgAHZki7gzx2wSOCd0DC76cpOIj4sBf/C/SfbHfv9aI71HNmSET8zht019+6N0WC9ZAC2jsIOfzHcz+N/VPLHBkKMf9JzXiKfaJJ9Z8UvbX213GmB/8L80bDH/9tTcZDWgZEVpngb7qM9NCgQ3rn5Y+ON3TMmJM/RTIQsvhTcEE7rLemLCJ9+t9N4U+UN95N2Bh/EngTrRfij4Y3txR/CsqQP3HeaDLSQ4NO0TeVNzeCPxl+Vow/CaVOwV78LelcBeKdaP863kTrhfiT5Tf9xDvR+nbzJg9/EnnT9bfUX5goKtvNGyLRWS7eeG9vb7zjT0cs3gmXeu+6OfFOKn/eUvFOXt4E6km8KRjv9H+9FS5VtO431vGnmP2393pLL8JuoxKeA7zadFi2BVfsFkuGwZwssb8i2CdKtGhjK0m5NoJjjHKp3aRqSqbaklEEZQFSCiQKYYCUDsJwOgu8EiEF7gOBBcoQ7uJwReJgY5QkwvAWjMGQZRxDoCQIA/dnpBHdKRF0FoAdEALTArts0axN8X+92OKj+ytUhMPxxSmeulbh8bsneP2VdZZXDZ5c3OLJK5e5LvfyHy81aSmLk/VV2k0b2wHLsClLGZjTgNht17MK8yf4iqL9ve9g/JefQr739ylXj8LGj7G+/izeL9J4RlYI2PdZSr/xBcyd4/FFx84YVbniWt5uxT5p4caBT+jWG0kvh5rLD/xzyh//cPcZu0nqLH4Z+9zjyMP3Y3xmD+1vHMM8vAeaL2F/I8dPHCfKCeynTmA/5dbEHb9N+bf+IcbYMczHjtH+s+Pu84l/87eT5yUg9rMvoh7ag9j/GCYvIu88Cs4JnO/9FRz8EObuByjNg/3eowjAeaP7DN1M/YNSX+oJw0XE/vqXaI/9IaV759wXrCXsb3/JXcjfTlE3WtO3nwwXgLdZbOWwZTU4vnSCZ66/ytmtq1ytr7Dc3GDDqtG029jKoWqUadlt6nYTWznMlCfYOzLPZHmMESP+JTqUoQxlKIXEKAPdZ8QI3Njeywh2691nxvh14V7MuuGelyFM9zyB60xiO5S7lej1ngj06weHOa4tFHQXlUNxqIgEDfErzljGQVJGVGAs/k7iyPF+2VFcRPqNqyO6x/nPAv4NjIkpN/v3u+f9ueweEqlrJyNSpkrkhJGd4ZnPwAv4gXs/obtTOLxDPVqSXM/MkAiPPFYvrL9mOjwnFBn+499ACdg9Wk/zF82O9K4ZvPbeCCJ1v5/AcAPD1GWkJuubUupEmxHplr0/Ay9S6vyncIZEWPWsDezZ+gdOHNuSn4M/ugzMqD/k4U2o9E6T4T8iuSRaz6W/pgyJjjfJA+r9GZw5+ZOZIREeeS7eFOGPjje3DX/Cw8riT7r+KWXsgI7ccvyJl8GRD5Y/Gt7c0vyJlDreDIw/0RMMhj+p8U5f/ImXwZEPlj95eROtZ/An+H5WqeOP32OG/xSNdxKmILHUnkHHn6jBNLyJ+kFu3hTgD8nmL8SfXNIDb3Lypzhvot933gj6i3di03GT4p3+eRP1swz+JKgT5U1kvTAHb4J6d/7cMvFOTv5E4pwbf72VgzeBUhfvZPJmYNdbKe5gtyFhAXjNsXniyipXbZsNS3HZbmM1Fee2ajy92WbMNpCO+3DeS3abCi32VxQlQzFCibKtUFIhEShpUpENHNPApI2QEiElplSYwqJtOpQME6UEynRA2JSVdJ/1iwFCoYSFUiYYCiktbGVgKIktPb0cbOFg2AIwWa1L/t3ZNs9eMBk1LF7ZWGN8dJxTG4InXt4CWeKH15c5U19m8XnJ9bbDXqPFSlMg2m6Cl5IwXjbiAAKEY6N/BnBCGT+Da8WT/wrr5KOU3/EoBi2cH/4brI69uxx066XP/reYu8uwcQL75NnO6ReQD9/fvQfWarqvG2X3/CH/C/YdHFaEN6GWoMQXKX/qMaTZQl38Mfa1DffN+WOYB+YCDaH90+OYhx9FHv484mPvcJ9n/NoT/rN1+xV1+qu0XnuMkWN7YPIocJzS577YnZcTZzvjX8A4dn9Y7xNfxb70GObCUYxHP4/YDVz4Ma3F44g3zmLOH0V+8FOI2KJ1RP+rAf0Pzg1Is6JymfbXvgD/9R9SOgL2t79A8we9LrL3IWpbnjT8tpLhAvA2iq0cNtt1Tm1e4j9d/hnfvPBjllrrtB0bKQQVWaIkTcqyRNUoYzsOjlI4SrGjOs090wfYNzrPRGmY/TuUoQylf/Geo4tDJOPXfS65dxEQjDCDGcOQsuM4srU12M4P/gI7kJUI13NdUPp6BA5T3Re903Re6NQzMhCipX8+7wInZ4ZCoNeYOmMHESiczoD9ZwGPutm/TuBKyh+/6u4GTp+MSJnVNuOCIhi8e3OYVO8pQybHjuRk//LGlVAvkpEV0VeXkeA1TrV3LxkKqf5HckZCtJ6RoVBE/3wXlAnnSCzT/QXf/nTMls/+g8kIjfOnCG+Cqsd4k8CfQvbP4ktu/9P4S1DJXuydNAlpZdax2v5z+E8P9i+cgZXFnyhv0vTviTcp/kNB/qTyJup/OfwnTe8c+t9Y/0vnDb3ypiB/iPjbIOIdT9HC/Clk/974430fRfnj/3Pb7K9pm7t/HX/6+P7Zjngnt/7dOGOg/Enzlxz+l8mbJJ1yNIvrrymLirZ/HX/65E2W/+WMd3z+BCxeVHEdb0LvZ9l/YLzx5jrFf7abN0nHZvQf5433+vbwRuXkjf9ZTbveSv286XkTrt/YeKfrLzn8J1gd+PdNTsnoP84bOmbanngn5D/B+KZdh8oYYd4ozBGD4+dWaJgGO0qSNcfmStMBZYPdRrRsSiXJtGOwKMq0Glu8UYeFiRLjSmLYiqay2FIOFcOkJAyqjsFEWWAKE1OaLNU32TFWxsRGYWApA1sobNWmWRqlattUhUUJQEiwTErCwTYFLcdAYXJqfYNDU2NMKlBS0paSkmPw0voWZzcVV5uKRqvFSNnmyEiFpy8uohyD4ys1zq5u0MTm+UvLzExVMQ2Jaiocz1oO7Jqo+iwLidWg32cAe/f5rG98B/N3Po+sH8f65iXXLwh06zG0XAY2sX/wX9D8YcebHvsqI13Dop48jnrsGGLuGOVHFM1nO/af+wLG/vHA+cL29vyi+/gLb4wA4+6qVP1FrP/jS7RRwAKlL/5ZV0mPNz/9c+xfehRz4f1Uyp3n6P7wm7pJ0Mgxyl/8Z/Czf0HrqROR9x6ldHCP2+ubf+7OgT8v/4jmk515+cQfJiykXab9xgnMhaPIj7wfIVs4r33VPdf3j+McO4R88LdRE8AbPwosWk9E9AfYE9C/B/F+D7sygRGoFpPLtP/o1wa2uN6LKHv7njb8dpHhAvA2yka7xon1i3z97JP8ZPE1llrrWI6DAKpGmcPju1kYmWPEqHBm8wob7Rq2chgxyzw4e5iP7nmIqfIY0T02QxnKUIbSkwR3JCu3Ljp17yUpCARx3vvdHclKgAjsQHbfCNT9Drqlf+MpYUe0CrycibrAhZR/8Ri4wNLtyA10Fyi9HcCReuAg//VOB+k70bszFt1J7L/jbSFe+T3UU9MweRb13fPdHZ9BBUSgfYL+eS4wo7d7MjYUJ+wIz7sjOP+OdF+3tHrMclEF0A04XSKnzZsR4JdBP/PtH6n77XvfkU7kOCL+R6z0mkUtnq6/tuxIzH903Qf9gRT/0WYk5MyISeGN1y5VoRh/9FOVJHkzAJJLDW+C75PhP4ncibfT+Y8+pcGTDP8pyptovShvtPzJyZu8/NFZ7m3CG63/ZH/gA6OFmMUHxBvvjcRhkOIvN4I3Gv4klgnxTpr+MdF8fAca7/jtc/ImgT+FeZOXPwOKd2If57z8GUAGnjfh0Xqo1H4gbgf+JPjNgOIdPXe8ZjeBP5Dijjr+5ORNYGBa/hRRSMefvJKTN9F6Jn86fzMzxgvypv94Jwd/ckyXX9fxJ+G0Yd4wcN6E6j3zJsN/MtxSxxu/nmq2W/H6Ksobb8AZ86ERXbyTmz83Ld7xql3eiNYWih0RDQWHd4xz8s0NytLk4MwYC2XJ/E6H199sMV6usIJipGKw3ygxaZjUK1WuNWxmymPsUopVW1ESBm27xVTJps0YU3WbPWWHCqOUJGysbrFrcoRq26ElXDvbHXO9UR5hqmkzS41xs4xyLIyyQdWBuimptSzapsnJjRaHZueYUzZIk3ZZYDttLpoOI46BKaFmW9xZHWHVhlcuX+exfSM8cc12f3LagKplMSIlVUxQLf8+j1KKg7OTYTh0xiftlmsNnaEJNU9wKdHtZ/kPaP5Pf+B7u++aAUALwFlagp1zGB/7M6oHT6AmH0AuBDJwEQjxJ7RfeIzKI4cwfv07jBw7jt2ewzh4f/dRz7Hvlwh/gq8LgJdQG4/DxDHM3/0/kRdaiCMPICci7RQgjtN+/YSbTRt9jm5euf9TGPsPIQ5+DfPjl3GuncVZ3kBMH0IuHEWMANe+SfsJt7mz6M3Ln1I5eAImAvMSEfWNH+M8chQ508ny/V7njcUvY1/5HHJhDsES9k//JHDUi6iNT6Xo34M89R2cjx7DmPoQ5d/5few3L9H6iy/3ccKbJI6V3WYohWS4ALyNcrG2yE8WX+dnyyd5s7aIAuarUxwc28me0Tls5VCzGlyvXWOxuUbNalIxStw9dYAHZ45wx8QCVSPH78IPZShDGUouUZ1gv1MGdoZ6FzreTnHVueBydxbTCdi8Bvi7CN1nAQfqJAWl2uFkXNFojokei6ZtVueh/qI7lL0Lrm4HbjPdTmTC7VCRIUVe/+EXcZKuN4PtVVcxX9Wovn4ZnTDh9xmuB8pedoz3lIHnjaw7UypYVYHhF7F/UllE+vI/Favr/CBa90sF/T4TLzsDlMR6XP/AhzhwRMx/+snAzON/Wf4T4U/ULIUkj72Tjumpw+gByv/cJ/Mnp/2z/CXL3zIz0AnXtfqn8wadvXPZP4U/Gf6iy1AY8iYnf7S8iZ4/B39S9Re+ToEjfDtzo3iT6H863uj5k0v6sr+mLNB5Im9i/OnV/jeIPx09/e+37eZPkQyohHo43unyZ/vtr+mvAH86bhKup/EmWg6UP0TOn86fbP1z8qcIb3LzB/+6i6j/9MObQvonTVjgtb771/PGf58BxzvRMg9voopm8CZaL8yfnnijj3di/hPiD8XtPTD799t/D/EOSXa/0bwJKJXAl1jdF8/O3rED4E/f8U5XnaL8Ec2NxNfv3zPP355cRbTbTO3awd5qjf13mPz1iVMs1MZpSRNkmS3D5MzKdfaNzmEZ67zesqiXFE+vbLIwMcoO26A+YrO2YbOoHC6srzM3XkJQ55RysNe3uNCSjFRGmHeaCNNi1DF4tnaZ3bJC1axQkiVqjTbIJtI0kZbi2uoWdUewgWR9xaKiHOpGDWwLS0jOtWw2GaW1sUZJQhPF0ppiuurwRy+fh+YIpbKNMmG8UmGiLGjXGigEUriLs47jcHT3XOBDGZBWzfWwmP9n8Qb/AN9DU75vPKMqBNbX/iXiC1/CPHwI+eAhqF/C/u4PEL/6GLIzRqUE9te/RKv+P1J65Bjijg9hOpuoN/6cNo9TumOcIG8iQ0reO6K+SfPfH6Lymccxdh7D2Alq5ce0n99D6dihiP6gvvEDd5G10sJ58cvFkfTSv6D+lZcof+qzGAsLyMN7kIc779WXcI7/Ca2/+Cu8Hx+2vvavEP/N72AePoTx4CGoX8b+XmdeYif/KvalzyMPl1EXfxDKnm2/8hKlhfvdn5L+afCYHPoXlm/S/PdHqX72E8jdj2Lu3rw9F4Ctm5l//NYUoVRRjA+lF1FK8e1Lz/KX5/6Wp669TNNuM1MZ5+jkPh6YPsyukVmeXznN88unOb1xCUc5SCHZWZ3h0wce5Zf3vpf3zL8DkQTToQxlKEPpQdb+xaRPFC+clCJcF0Bwx54MtAuGd979iuAu7+AFflKGThBn0XBWRupxiQfAgoQLqtgFVtYdj0j53icwPvaLcO73sP/tV9LbB2/oPf4MxjvfAc9PYz/hNfsi8kv/G4IncX7/13IFrOIfnEMeAvXdgzjPZDTOo9YAJRreh2/oBKZDY/9BlJ6E7pcF+tPrn3wBFa8XKJMU7kkz3QxnyA2296D712nbc9mDv3mSVY9LwhGD4E2//paaoTBguUV4k1rmHGav/qbjTex+XkxuEG964o92hiP1iGyz/fvtf1t4s538SeLNQL5/ivpfdEIC9duYP5mfjluYP9n630z+5J7hSD0itzh/PPtHmxcZ/qD540lPvIkecdP4403gNvMmKjfY33rij2ZYgyo9ifKnd95E633yp4j/vMV4E+0/r7bbwRu17120j3wwptL3n/kJ//hPv4NFmamS4iN3TnJ2rc4zJ2uUpURKwbsfmODX9t7B//ytZ2lbbSqlMf75P9jJiZU5/vg/vAylOu/dOcGvP36Q40+cQxgW31qq8N99ZJaZ6RH+1//3Av/kQJWxMWhOTuGsL3Fx0WZ8ZJwnXrrK5++Z5a737OHFl69iNNvIis3MhuLOh+7gh6dr/PHPz1NzauyYmeSTs4L7dxxm6ezPufOD7+H3vv0a17a2wBYYoyaiJsB0cKRJtb1FzRhhxLRZc1o8PLuHtbZCbixypmGjZHcB+M/+q1/hE4++LzY/pWuvYKyc68n+/YqON6lf/zmH2S9visc7Q7mdRa1fR9XWb/Ywbmk59T/8uFD7YQbwNohSipZjsdza4Ep9BYA7JvZwbO4o755/BxvtOq+unee5pZNcqS/jKPfJAKNmlYXROR6auZN9o/MMF3+HMpShDFKUo/yVVi/D16ETSwkR2eXqRlheGX0WsBeBxZ59pzoZxgk7VoM/saTLPNZfkMV3ADvQ3YkX3anr7xgumIHw9ONYTwfjzPB5vKjTr3fu+osn3oP1RGi4wFewf/8r4dcyImD1fx/wdyDmEpVRRtv2HEB7dozUi2RoaXcg5y89D/BtkfsZVboMhMD7xO1dOCM3rX3AQXt+Bl5cLY2+mraDvoDK3b9nd6//3uxfKCM0wd90vOnOfX7+eOZ0qz3ypqC/+bxR0XqC/xS54s4r/fKmYP9x3nRe75U3PfEnmzfdz3LAf0L66vjTncCeeJPGnwR/6/InOOYC/Nlm+/fbf4w3/tdVj/wpkqHl+1mANwX4k4s3Be0/OP5we/In5+n18U6n3TbFO3n5k6TbtsQ7uf0vnTfbxp9+Ja3/FN5EM4wHFu8Eyz7jnUTeROvKc6cE+98A3sQyLrebN1Ep6m+5+9fwJlqP8ueGxDvdMuYvRXmTwJ/e7N/v9106f7TSL2+27ftOw5sYf25svOP3U1sOKN5V5r47j9CyLVAGm02bH75ymUVrAkM5tJSNcGxeer3NtQsSbEG5YuDYbZ55cpULTpP7p212l/eyMGbx2YMTPGk1qdgl7h7Z5P7p3dw7tsapsRL3txXYbWb2Oay8UOMdxiRjOOw9MsaGNNnVvMTMmgMlxYRjML57AjHT4NFdY7QOzrJsj8FohV1jFu86YHF1fpaNneM0lIEhDETJRNiKtmxiOAZYLWoGGI6FsuDu+Wm+8JmP8q//7V9xWVkgTIToGu3BO4/4LAtJc5OenwF8I/jj99djvFOQP0TrBeKdobx1RLWbN3sIbzkZLgBvgzgoGnYLRznMlsfZu+tBjk7uZf/YThYba7y2doGXVt/gan2Fut1ECMGILPPA9GE+vPud3D19gJny+M1WYyhDGcpbTQK7p0Wn7padsEtEM367T9lxw65uQyVAJD1UDfc4v32g9F8Ppg2HmgUvFhKGHwlodc/EC/caP31yqXtGVaAevJIUkbrfPiUCz/1MvGjZkcANnaSAPn65FaknmCvreiFUJj2jiq5dld+bpq4zgN5i4TLzmVQZ/hM5XdTdMkeRZC7//QR/IewXInKCzGfgRcuI/3Vv6Gn8JVrXPaMquXW8ntB9If8RmmdU6fwl5ZlUYftrSu0HnnC9O0HJE5LBm+jR+XgTHY6eN9EyxJ80/xk4bwryR8ebvPyJ+VtB/gQmuif+JPGmCH90vMnLnzzm89sn+I/uGXh9P4Mzyh9PsnhTkD85uk/nTbS8Wfwhvd6dsHAtJ3+0o9C4+63HH0+y+BOeLd3Revtn+Eu01PLGa9cjf/QWC5e3ZbyTgz8af8nFn0RLeZLFn7D+N483Gv9J4Y1fT7NYn/HOrcEbr18NfwbCG43/JPEm6o6B+Yr5j443efmTxJsi/BlYvKMbcNR/wqLljc4do2Wq2XTPAA7Uvet3Eazn50/+eEfjPzreRKbXk8HzR/cM4Eg94DfeAD3/0/EnbH9NGfS/jesI20IZpYCGgl1z8xyZHOPU9U1aGFxqljDaLdoSDGzalGlhcn5rhXZZIE2B4xj85E1F3VxCKIcNa42lhsO//A8XObEFk8rBLkmee63NZqnGYqPGKVXBaDSQJ7e4tGixVbeoVDepWhUOiho7bZNmSWCMSMySYtxusmNmjrFrNab2WNQsKJUbmKLBkZlJymMt9jwwwWcMh782bJSCuu0gBDjKRimDlqoghYNyLNo1ePLFk1xv2WwpQDnguP559/wYe3bsjHmAsFvI1ia6ZwDfOvwpeH9nm/gzlLeKKBguAA9chgvA2yBuBnCbcXOEe6YP8uDMYeYqU6y3a3z7zWd5fuW0n/kLgqpRYmF0nkd33MsnFx7hwNiu4bN/hzKUodwAUZ3gLbJj01GdFV9vpx6RHePdHXn+LxOozh9v0dchcIGVezjxSDTPMWllju78ekd99w3dDuVIPU/mQ95SuXMWLD1FohnHoUGn6Bt9uVv37Oi9HrR3gR3iaTtAAzOm3UEetEDSAlOW/xSwd6YU9L+Om/iV8Gg1/pJh736fAazzl646AaU8BbRXgDn8x3M/jf37fSZVzH9SdwDHPtGk+k+K3lr798Gb2KlCvMnJHx1veuFOEm80GemhQYf0zssfHW/omDEnf4pkIGTxp+CCdlhvTVlE+vS/m8KfKG+8m7Ax/iTwJlovxB8Nb24p/hSUIX/ivNFkpIcGnaJvKm9uBH8y/KwYfxJKnYK9+FvSuQrEO9H+dbyJ1gvxJ8tv+ol3ovXt5k0e/iTyputvMf6kxTdZst28IRKd5eKN9/b2xjv+dMTinXCp966bE++k8uctFe/k5U2gnsSbgvFO/9db4VJF635jHX+K2X97r7f0Itp1xMZ11PRC7L0P37mX166dQUgLS5gIKREGlJXNzlKFvdUSdqXF5Q2HVVtQRnHIBHMMRpxRwGHGqWBdbvKekREmkBglh4n1LZSyuH/MZL5sUxKS8RWbXdURWiUHs2ww5Qh2jNqU6jZMCcplgZQCzCbVep0psc6hqQaqrTBL7ue2tNVmdFOy8/pVPr1Pce41BXvm+eHldZB1pkuTrDS2ENJBOmALA2zFrqpgtFxio27TgQ4AHzm6N2D8gAc01qDdCL/cN38yyj75o4t33EHcZP4M5bYU1Wrc7CG8JWW4ALwNIoSgJE3unT7IgfGd7B/dyQsrp/lPl5/j+ZXTXG+s+j/7bErJXHWSjy88zAd23seB8V2UZSmzj6EMZShDKSoK4Wb4KuGu9wZ2CnslEArWROcF0Tk+HM8Jb924u+uWcKymu95z++tWFH58XEShQAfeBY2u54SMA01GVCxzU1d6cxQs8ZfIA+01dZFcBjXIrz85guRoB+GOVcDe7umT68GMhfBO0fgO0fDwIvXMDInwyGP1wvprpqPju+GUzgT/8S9gwnYnZn9NqdmR3jVDhr/4/QSGGximLiM1Wd+UUifajEi39Oyv9Z8E3iSWOv8pnCERVj1rA3u2/oETx7bk5+CPLgMzL3+SeBPyhx55o+FPuv6aMiQ63iQPKJM/Sbwpwp/MDInwyHPxpgh/dLy5bfgTHlYWf9L1TyljB3TkluNPvAyOfLD80fDmluZPpNTxZmD8iZ5gMPxJjXf64k+8DI58sPzJy5toPYM/wfezSh1//B4z/KdovJMwBYml9gw6/kQNpuFN1A9y86YAf0g2fyH+5JIeeNPv9ZaWN9HvO28E/cU7sem4SfFO/7yJ+lkGfxLUifImsl6YgzdBvTt/bpl4Jyd/InHOjb/eysGbQKmLdzJ5M7DrrXT/EZtXIWEB+GMP3c1XnzqPLSzunCmzQ1W5WG8ybxg8Mj7KfFXRMqv89foaTdvhoakRfm3CxBwZY8wug9FmDBNlCsq2xJAlyqJFSbYYxeDwVImKaWEIA1ModpcqSBpQMqk4oKoKE0l1voUpFMIooSoWzc1VZLXJWMVG2gJlgjTKYLcZpYR98TL37pcceslhx/QMz1yrUUEyNVpl3a5TVQ0aVLGEQ021mC0pRksGlXqJFi3/c//xd93bcaDwvMjGOiIIpYHxJ8Kbmxbv9M6fXLwZyltDWvWbPYK3pAwXgLdBBIIRo8LukVkadou63eTc1jXObV1jqjzOXGWKidII85VJ5qqT7Bud5+HZoxyZ2DPM/B3KUIZy40QpnM6Fi9O5UHI6F1JePRzExXf6RZ8FHN0h6AaX3nm8dp3YTQXO70V4QvQc4CkCF2HaHcIZGQhFMxKipXaHMPG6N+DcAX3OSQiWWW0zLii6p/HsmFzvKUOmhx2pBP0nqV4kIyuiry4jwWucx95FnwHc6zOq/HpGhkIR/XvyP12/Kt1f8O1Px2z57D+YHcqBuRs0bxL4U8j+ffLk6fxzAAAgAElEQVRGBMaRxp+uAvSsf+h0g/I/X3L4Tw/2L5yBlcWfKG/S9O+JNyn+Q0H+pPIm6n85/CdN7xz631j/S+cNvfKmIH+I+JvHm/7jHQ1v0vhTyP49xjud76Mof/x/bpv9NW1z96/jTx/fP9sR7+TWvxtnDJQ/af6Sw/8yeZOkU45mcf01ZVHR9q/jT5+8yfK/nPGOz5+AxYsqruNN6P0s+w+MN95cp/jPdvMm6diM/uO88V7fHt6Ers9TeON/VtOut1I/b3rehOs3Nt7p+ksO/wlWB/59k1My+o/zho6Ztifeid7fCfJGrF6EfQ/FJuhDDz/M/onvc80q8YmdM+xW8NKGZN+I5EOjY8hSg/V6hZ+P1Liz4vDre6d5V8X2tTVkG1PZKEOAYWEZBlXlUFIGwpS0TJsyElFSCKONlBKBjVWyKasKyrQYEWM4pTpCKUTJQJk2beqYk4IqEqSBZdruArFqY6IwjRblUYM1AQu1GvOlNuU2SNnCNBVHMDllmlhbdZZaLb7/8hvU2hZjUtFGYSPYO1HhQw8/5HMsKKK+goq+PmD/0/HmVudPT5+dodyWopq1mz2Et6QMF4AHLcrp/lsIQCCFoGKUqBgmphBc3bxGo7bMdKvB4fIUs+VxdlZnODy5h30Te9g1tpPR6pS702goQxnKUG6U+DsAO2FWYEdgsFTEnwUM4G/Zo7sD0D0gUKfTQajs9h9+O1rPGH8koM27IzfWna+DSq53/va6I53IcX5dt6XYH2D0Bk2kXvACM3a2rrnSS/90eXcE59+R7k14al3nENoMsGT9YxI5bd6MgKh53NKze6Tut+99R7rWf4IrxaHSaxa1eLr+2rIjMf/RdR/0B1L8R7sjOGdGTApvvHapChXlTUQK8yZU5uVNQf4ktNP5jz6lwZMM/ynKm2i9KG+0/MnJm7z80VnubcIbrf9kf+ADo4WYxQfEG++NxGGQ4i83gjca/iSWb/N4R8ubvPwZULwT+zjn5c8AMvC8CY/WQ6X2A3E78CfBbwYU7+i54zW7CfyBFHfU8ScnbwID0/KniEI6/uSVnLyJ1jP50/nb6y8s6fyl/3gnB39yTJdf1/En4bRh3jBw3oTqPfMmw38y3FLHG7+earZb8foqyhtvwBnzoRFdvJObPzct3vGqYd7ItUvuoubITKz933vPAZ546Tx3tiZ4s73Cx+enGB+VjDdtDHOU8WmL3x2bZLRUYQSFdABhgxQIKjhCIaRCihGqQiBEFdtoghSUDMBUCCnAcNz/hUlZKqRpg5S0zDpQQghFuWwghEAK2/05aAOEtCgZEiEkUsCYsLAx2QKulA0am2vcOVLiTLvNZNugYrR4pLIHMVHj5IabUPF3l9cYNR12lkw22gaWhF9/6Ejgg9D1H9ncQNZXESF/SyiD/hKxwODinVuVPwzlLS7Kag2f/3uDZLgAPEhRDtgtsC2XT6UqSIMg1KrAHcJgp6jySdvE2LiGtC9iGiaVsR1UJnZRnt4Pu+6D8R1QHrtZ2gxlKEN5i4uKXlEEnv2LEMnPAvaOBfeCSYlQHOZflPQSnBW8wecfEyjdZw9r2mZ1HupPlyHR7dB9ucCO5KxSQSwDtJNK49fpXvQGqglldBKEP+ZwPVD2smOzpww8b2TdSxYVrKrA8AvaP1YWkb78T8Xq4Quyrp2j9WT758yQ0PpfcI7jw09UJ6SvIPwh1vhPPxmYefwvy39CGQlxsxSSPPZOOqanDqMH6HgTeJ8c9u+ZNxr+ZPmPVv903qCzdy77p/Anw1/SMhSGvMnBn9zfdzn4k6q/8HUKHOHbmRvFm0T/0/FGz59c0pf9NWWBzhN5kxDv9Gb/G8Sfjp7+99t286dIBlRCPRzvdPmz/fbX9FeAPx03CdfTeBMtB8ofIudP50+2/jn5U4Q3ufnjnT7iL/3yppD+SRMWeK3v/vW88d9nwPFOtMzDm6iiGbyJ1gvzpyfe6OOdmP+E+ENxew/M/v3230O8Q5LdbzRvAkol8CVW98Wzs3fsAPjTd7zTVacn/lht5MoFbH8BuCuf/+D7+NpPX+GFiXVmSxXm5Bhlx6JRVpimoKJMqqMGYGMrB5SNEE7nC0ghhIOQCiEUjgRDCBxRRkqFIx2XM1KCEAgJCIktFQqFFHTXqqXs/PqdQAmJJdzHpIFCIBGYOKqMROAwzvhshX0jaxxdmOY98wa///IqG+1x3skW4xWD39x9D3907ThnawamsGk6bSaqEzSbbYSw+PwvvjfsB50JlluLYLe63hPz/7y8CdTf7vd3hnL7SWPzZo/gLSvDBeB+xWmjaquoreuozeuwuYhq10GAqEwixuZgbA4xMg2VcaQ0GTGrVKvTzI3vRNkWamsRtbUMG9fg+knUyAzO4hnU3BHE7CHE5B5EZRyGGcFDGcpQBiqiE56Fd4QGd+h5ZacZoPz3/eMIXM8Iv0noIsGre5nEwXhPqc46s3c1Jzrvd0oCrwfHHguAgysm2guslDseka3G2mfkddrrd6h7h0XrYTVipUguidaTpoMktUS8nngGTccZA/J2evr1zs5Qr1/9jlFvWNEMiZxlQM2gJkHzas0dPiJcDxko7g+xlKtoGbyTVCBDIb5j3Ztu7/1Ea8XLpOFGNE6rax0y8wydMslgKSOO+U/uHeoa/wlPf/jjrymDmiTxRy8p/MnLm6g/9MybaOmdJsN/8n7cI8f59Uy1toc32Rl5Ot5EMySyeRP1Nx1vYvfzYnKDeJODP5m8ycsfzXBz8ycTaD3wJoU/uXkT44+ON9EMiYL80fEmL3+SeBMte+FNRkZ4/njn9uZP788gp1sPDWv7+OOXWumfP70/k9Ob5pvLH/2J/QGmH5BhON0zObP5E/EPdPxJ4Y6GP0FN0vgTn7CEM9wo/uh4E/WforyJlgV5E5PcvInWM/ij85c8/CHFX2L8KcibiCaFeZP3eitvvFw03vH9zpvum80bkVzXnWFA8U70+y1/vNM/b8TSWVh4MDozHDl4gF+9Yy/XLta4YtrY1Hn/jnlMFFUlsEw3k1c6Ckc4SOVgoBACDKEQQmBI3ExgIbCFQArDreMglEIoiXBAOcLNHFYKlINUAhyFFBKhFIYjEaKzlKkEwptHZSCkgcQAw0AB5lSbf/zZO5mrCKbKZf6XBYsnXza4cKXK3//ILq5v1vnYrlm+/uYmH9g7i7Bt1psOYs3g0/ft4q6DhxLNLWtLiKg/JPGmCH/eVvd3hvJWEDVcAL5hMlwA7lkUtBuo2hLOtddR10/gLJ5Grb0J7ToIiahOwdRexMwB5PR+xPR+mNgB0oSJnQinDZVxWJ+A9cuotTdRG9dQqxdRS2cQs4eQu+5FLrwTZg8ixne4i8BChkeiFI7T/elpKaX/umVZKOV+IZZKpdAXinecbds4juO3k1JiGIb7nIRYQKLvUwjhn8+27dj5DMPInFXHcXBsG7szHu8cQLhUCiElsvN/dJxKKV+voG5CCH8sSbrZynF3lwFSCAwhA+FgZA5QOEqF2kskjnJwcMeeJFIIpJBI4YcVOErhKAdL2RhCYkpD229ULMf2jzOEREb8YyhD0YpSOHjBlxsQx+rKvTAPB3ORncyEdwwKwjsF3d21kXaErxy8HYhundgO+ITBE343kJHQOdaru+WAMhAipRd1+vXO576boaIINIuqkP+KO6+ojDKr/9zi2TFSL5KhlWcHakbZvVgh0K837d16XDddBkLgfbLt31eGQsBBe34GXlwtjb6atoO+gMrdv2d3r//e7F8oIzTB33S86c59D/yBLn8GzJsYf3zeaPgTNMStyJuC/cd503m9V970xJ9s3nQ/ywH/Cemr4093AnviTRp/Evwt8xcmsoyyzfbvt/8Yb/yvqx75UyRDwvezAG8K8CcXbwraf3D84fbkT87T6+OdTrttinfy8idJt22Jd3L7Xzpvto0//Upa/ym86cY7XvMBxTvBss94J5E30bry3CnB/jeAN7GMy+3mTVSK+lvu/jW8idaj/Lkh8U63jPlLUd4k8Kc3+/f7fZfOH630y5tt+77T8CbGnxsb70Tv78jVi8iVCzgz+wMT4cpvffQD/O4ff4tmY4u7ZiZoOu7Cr1IOKIGy3XusAjeRQCqFVCClQioHSWcRt7OQLaXCUAJvk4jb1j0HsuOLhkQ6IGzhJghLibRxzyEFjgBhSKR0M4KFkAgBwrudLSwOTJUZcdoow2T/1Cgfv1Px5TObTM+UKJcsjs1VuYjiN+9ZoL7Z5HunLjJuwD/52C/4/AqK3LqO2LpO4j3kbfO/dN70fH+nIH+I1gvEO0O5vUU1t8Bq3+xhvGVluADckyhQDs7iKZxzP8Y59QOctUvQ2kQphTBKYFZQ9VVYOQvnfoxTmUDsvhe572HkwjsRE3sQ0wfAboPVgOYGzvpl1NIb7mLypZ/jvPlznKuvIi8+hzz8AYzDH0DMHgSzGhqN4zjUajUsy0IKwejYGFJKWq0WS0tLNBsNTNNkz8IC5XI3i7jdblOr1VhbW6Ner2NZFuVSibGxMcbHJxgbH8M0k12k3WrRbDaxbRvTNCmVy5RKJer1OhsbG6yvrdFuW0hDMjkxydT0FGNjY9oFZU+PVqvF+toaW7UazUYT27GRQmKY7qKtEVjsrVQqjI6OMjY+Hlpc9ha+19bW2NrcpNFo0G5bGIakWq0yPT3N6NgYlUolYlXFplVnveU+cHzMrDBeGqEkTaKLsQqF5ThsWnW2rAaOcpgwRxgxK6y3azTtFpZy8ENK5R4jhaAsS0yWxqgaZUrSHXfTabPRrrHUXGeqNMaO6jSm1C8+B2W1vclyc4PxUpXJ0hjj5kjmMUMZCoASnZ+3EZ0w3N8hGq1Hd/Z5vwzdaagCe7M7r/s7BemcsFP67TrnTS4J1zUS3TAsgtcTXj38UuLpk0tvR7rX3ttBHKgHryRFpO63T4nAc20pTjq+I4EbOkkBfaR1vN41X7hMH3W31Ga8dEtvxhPrGTtQM8uiO2Cj70ZOF3W3zFEkmct/P8FfCPtF3gwIrQUi/te9oafxl2jd7z95ujL9J6H7Qv7j7zyP1HX+EnBUz99iDhy2ULgszBvNhGg+nroMgHy8iQ5Hz5toGeJPmv8MnDcF+aPjTV7+xPytIH8CE90Tf5J4U4Q/Ot7k5U8e8/ntE/wnmtlZlD+JH/gk/niSxZuC/MnRfTpvouXN4g/p9e6EhWs5+aMdhcbdbz3+eJLFn/Bs6Y7W2z/DX6Klljdeux75o7dYuLwt450c/NH4Sy7+JFrKkyz+hPW/ebzR+E8Kb/x6msX6jHduDd54/Wr4MxDeaPwniTdRdwzMV8x/dLzJy58k3hThz8DiHd2Ao/4TFi1vdO4YLVPN5tk/xX+863cRrOfnT/54R+M/Ot5EpteTwfNHw5toPeA33gA9/9PxJ2x/TZnkb8pBLJ6Gmf0RbeGRe+/l4w88z3OvXmfeHKdm2UjhYAmQbXfRUAgJUiExkI5yFzE694ml42B0+hICDOllCSv3+cDS/blnaSh/AVhIkIarn/sL0cJtJyV0FoAxhJ9Y5eJAYBgmAoltOJi2TcsxQDgoYHqszUqriWU3KUuDOxfGeXy8yp2zBq3RUZ473eLx+/fw7vvvTbScsXW9OzO3BX8K3t/ZJv4M5fYWVVu/2UN4S8twAbgXsVqotTdxzv8E++TfoK6fcLN+S6PIuTsQE7thZNJt29hA1Zfd8vpJnPoq1FeRB9+H3H0fLsUdsOeRYztQU3tRswehMoZz4VmcxdM4rRo4FlgNjLt/GTG1x18EdhyHrc0tXnzxBZYWFymVSjx07BgAly9d4vjx42xubDA3N8+vfOpXmZubw7Zt6vU6586e5fSp01y5coXNzQ1azRYImJmZZf/+/Tzw4APM79jByEh8QfHqtWu8ceYMy0vL7Ni5g71792KaJufOnePEiRNcuXyZRqOJaZrs3LmDu44e5ejRo+zYuZNyuUx0IdhxHK5dvcq5c+c5ffoUzWbTzUIWkkaj4S5Q2zZjo6OMjo5iWRY7d+7k4KGDHLnjjtAYV5aXuXDxIq+9+irr6+s4tk2pVMZxHKQUzMzOcvjwYQ4dOsTE5CRG56c8lFK8unqeny69DsA9Uwd4cOYIs+UJTBnOXraVw2a7zourb/Dy6lmaTpt3zdzBXZN7eW75JJdqS2xZDcbNEcbMKqaQrLa3aNptytLkwPhO7prYx8HxnZSkyWpzkxPrF/nZykmOTuzjPTvuZro0Hus3KO4itM0LK2/w8+VT3DN1kHunDwwXgIdSQOI7NREi9VnAXnCmvOM7QaAblKluUKb8F7s7f9NG4gWz0Ug0W4V4mfNY3QWXp0vyDuVIPWnne6h9gVJBLEPLv6j1dmNGFPO3gKdPT7zuatKdNte+g34GJ4l1AroELJC0wESW42gU7UWSroSymgf6D49W4y8Z9u73GcA6f+mqE1DK/8wm6C26OkV1JnBG3/009k8tc+wQjvlP6g7g2CeaVP9J0Vtr/yTeoGmbIWHe5OSPjje9cCeJN5qM9NCgQ3rn5Y+ON3TMmJM/RTIQsvhTcEE7rLemLCJ9+t9N4U+UN95N2Bh/EngTrRfij4Y3txR/CsqQP3HeaDLSQ4NO0TeVNzeCPxl+Vow/CaVOwV78LelcBeKdaP863kTrhfiT5Tf9xDvR+nbzJg9/EnnT9bcYf9LimyzZbt4Qic5y8cZ7e3vjHX86YvFOuNR7182Jd1L585aKd/LyJlBP4k3BeKf/661wqaJ1v7GOP8Xsv73XWxnSaS6vn8bZfQ9qYlesyT/6+C+y+eYPkEiWrSZl5VAxJCaKdmchF6kwhEI6CqMzTkMoDNysX3Dd2hRgCPxn/LqLwgJpu6CRhnB/kVG6vw4pZKetdH+lEQlKKIQhwP3PvR0mcH+lUSksw6HkgC1KCNxM5IbdZt2CelMiWg5TEyXuNw2U3aJqVqgIm//+0x/rOnSQQ40VxMZVVNfwgfmOl8X5k1H2yR9dvOPrcjP5M5TbRlSrDs3azR7GW1qGC8BFxW6jass4F5/DfuNHOG/+HFCI0Vnk7GHk4Q8gZg8jRmdBCFR9FbV+BbVyDmf5DM7qBbCaiOo0ano/ojwO0gCzgjAr7jODp/YiKhMgJKq1hdq4inP5BVRrEzG1D2mWEVN7/SFtbm3ys+d+xskTJyiVTGbn5rGsNq+88go//Nsn2djY4NChQ3zoIx9menqaer3OhfPnee211zjx2ussLS1S26pRbzTY2tqiXC6zsLAAKO697z727tuHaZqhRdurV67w7LPPcvL1E9x555088M4HkUJw+vQZXn3lFa5cuczW1ha2bVOpVLlw4SJbm5s8/MgjzM/Ph7Jv2+02y8vLvPLKK7zw/AtcvHixk6k7RalUZnV1latXrnDp8mXGxsaYm5tjfHwcy7KYnpnBttyfm7Ztm1qtxokTJ/j5z37OqVOncGybkZERJiYnaLfb1OsNHOck169fp1arcdfRo0xNTVEql1HAa2vn+cb5pwBFY+97ODi2i8nSGCbhhVhHudnCL66c4f978xk223UMIdhRneLZxRM8v3Ka1dYmd03u48DYTibNUS7Vl7jWWKVuN9m5Ns3qji1MKVkYnWeltcFr6+f57qXnWJ3fZO/YPKMT1dQFYMuxWWys8+zi63z70rO0HZtdI9McHIsHVUMZSrLEdwznKvHitm6OuvDOF7zOjO1QJtQ+GMMJIm8Gy7wS6sC7oAn2EB5JLONAkxEVy9zUlR3FozvUu+pk1EVyGZqjPPqnBdRpZ4x0nPkMvKj/BHYK63aIhocXqWt3KCf7S6xeWH/NdHjOKDL8p+voIbsTs7+m1OxI75ohw1/8fgLDDQxTl5GarG9KqRNtRqRb9v4MvChvNP5TOEMirHrWBvZs/QMnjm3Jz8EfXQZmXv4k8SbkDz3yRsOfdP01ZUh0vEkeUO/P4MzJHx1vAm4cHHku3hThj443tw1/wsPK4k+6/ill7ICO3HL8iZfBkQ+WPxre3NL8iZQ63gyMP9ETDIY/qfFOX/yJl8GRD5Y/eXkTrWfwJ/h+Vqnjj99jhv8UjXcSpiCx1J5Bx5+owTS8ifpBbt4U4A/J5i/En1zSA2/6vd7S8ib6feeNoL94JzYdNyne6Z83UT/L4E+COlHe+ObOzZug3p0/t0y8k5M/kTjnxl9v5eBNoNTFO8Xv7+TlTUH+eO5u1TGuvY6VsAC8Z2Evn3j3Xr7/wgVKOIy3wTQUJRPKwsGQyv2/swAshEB2Fn8N5WDIji0ElIR0XxPu/EghMAy3vRAKYYMhOo/kk64uQrrnFHTmViqkBAfVedwgONKhBCAUjlRYStCSDo6AsnKw2gYbFmw1RlD2CoYFbelA3aAsHD787vu5Y//BRL8wN64g7WYcRhD9OPTBnwhvblq80zt/cvFmKLevbK3e7BG85WW4AFxQVG0Z5/KLWC99A3XtNUAhRmbcn2i+66NuVm910n3OLyAc2/2ZZ7uJWr2Ic/VVnPM/wVk6BW/OI/cdcxd7g1Ia8c8j5o5g/+zf4aycg+Wz2C/+P2CYGFMLeJC2bZtrV69y+vRprHabg4eeYXNzg/PnzjE9Pc3U1BSz83OUTJNGvc6bFy/yN9//G8bHx/ngL/4iu3fvplx2f775zJkz/OTpZ3j5pZdYWl5ieXmZX/roR9mxcyelUskfYr1e59qVq7z66qvuTy1vbSENyf4DB/jMZz9LuVRibW2V06fP8J1vf5unfvhD3jhzBgU8/PDD7Nu/3z/X2toa3/qP3+K548+ysbHBJ3/5l7nnnnvYtWsXQgjq9Qbnz5/jL7/+l6ysLFOtVvn0Zz7NwYOHGJ8YZ3RkBNu2WV1Z5bnnnuP73/sep06d4hOf/AT3PfAA+/budRd4lWJpaYnvf+97HP/pT3n6Rz/i733uczz00EPs278fKSRbVoPLtSUUivXWFk7gZ5yj4ijFervGpdoi6+06m+0GUgiaTpuV1iab7TpHxnfzwZ0PcHRyHw27zYurZ3jq2ks8efVFzm9d41Jtid868jEaTovV1iZLzXVeXT3P/tETLIzMM2JW4jFhRzatBj+6/jIvrpxhsbnGUnONmtXszbGH8vYUpdxnnChwOhdKTudCytsR6L3u7ehzOkGdo5Qb9EXe9yIzR4VfD5fd/jsncYO/hB2B3j9zqQOBhCLdDuGMDISiGQnRUrtDmHg9POAcAX3OSQiWmROWXnZP49kvud5ThkwPO1K7Fyck14tkZEX01WUkeI3z2LvoM4B7fUaVX8/YIVxE/578T9evSvcXfPvTMVs++w9mh3Jg7iK8KSLex5fOuRLrfq857d8nb0RgHGn86SpAz/qHTjco//Mlh//0YP/CGVhZ/InyJk3/nniT4j8U5E8qb6L+l8N/0vTOof+N9b903tArbwryh4i/BeOd/vij4U0afwrZv8d4p/N9FOWP/89ts7+mbe7+dfzp4/tnO+Kd3Pp344yB8ifNX3L4XyZvknTK0Syuv6YsKtr+dfzpkzdZ/pcz3vH5E7B4UcV1vAm9n2X/gfHGm+sU/9lu3iQdm9F/nDfe69vDGxX0lxTe+J/VtOut1M+bnjfh+o2Nd7r+ksN/gtWBf9/klIz+47yhY6btiXdC/pMS74hrJ5Fzd+BMd5OZPPnQxz/MC2/8OReW27SVgTQEVdvGlA4lKSkZIHGQnXk0pcRQChOJIV1bIqEkBCUMDOX+/DNCYDhulq+7KKyQCAzZOU50FpQlCIR7T0oaiM6XpJQCIcGRFrYycQyJQYm2U6ZtQNlpUpdgWALDBrVlUZMOZtukYViYLYfyuOJDH3u8Y5Sw3rK2hFi/ROKzf3PaP9Y2w/90vLnV+dPTZ2cot4Wo5hZqmP17w2W4AFxIFGrtAs7F46jls6j6OqI6jjzwXozDH0TufRdidA6MUvLh5XGMkWnE6Cxq6zpq7TLsSXjAtZBQHkPMHEACavEMWC2cpTPuM4Gvn0TtfzdidAaQeM+8bTYabG5tceH8efbt388HfuEXmJubwzAMRkdHmZicBCGoVCocPnyI2dk5Dh05zOzsLKZpYlkWU50M4eXlZV577TVefullDhw4yMTkZGgBGNwFoHqtxvLSEptbW7z3fe/lrrvuYveePVTKZRqNBvM7dnDlymWOP3uc8+fO8crLL7N37z5/AXhra4uLFy/yzNNPc/XqFfbt28ddR49y+MgRJibchXHLsjBNk3e84yjHnz3Omxcvsrq6xqFDMD4+DsDK0hInT57kB9//PmfPnmVqaor77r+fu+++m+npaf/5DRMTEzz08MOcO3uOn/70pzzz9NPMzMywZ2EBKSWOUrQdG4WDg5PqDUK4u8LajkXLbuOgMISBROAoB1s5jJpVZioT7BqZwVGKht3kcn2ZH1x5nrObV5kuj1OzG9StJqutTepWk/Nb1/j58inunT6EKQ1myuOxvm3lsNra5Onrr3Bq4xJNu816u0bDbqWOeShDCYm/A7ATZgV3BKpA3bss8+t0XxeglIg9E1h0ymDr2M2GyI5of8e8pnlMIgFt3h25fimCpbcDOKHe+dvrjnQix/l13ZZif4DhS+JgQJykf9YFZuxsXXOll/7p8u4Izr8j3Zvw1LrOIbQZYMn6xyRy2rwZAVHzCO+z0rmjEar77Xvfka71n+BKcaj0mkUtnq6/tuxIzH903Qf9gRT/0e4IzpkRE+FN8Jl4XrtUhSL8yeRNRArzJlTm5U1B/iS00/mPPqXBkwz/KcqbaL0ob7T8ycmbvPzRWe5twhut/2R/4AOjhZjFB8Qb743EYZDiLzeCNxr+JJYx3hTkz20e72h5k5c/A4p3Yh/nvPwZQAaeN+HReqjUfiBuB/4k+M2A4h09d7xmN4E/kOKOOv7k5E1gYFr+FFFIx5+8kpM30Xomfzp/e/2FJZ2/9B/v5OBPjuny6zr+JJw2zBsGzptQvWfeZPhPhlvqeOPXU812KzzRdf4AACAASURBVF5fRXnjDThjPjSii3dy8+emxTteVcMbAaJdR1x+GRIWgAE+88n3879/7bu0pQGOw6jtPsKvLBQmirI03Of6GoKSABOBKRyE5SCEwjAEtrCxhMBUIBwQUmI4LlUljrsQLN17V6Z0ExpEp5TCG6/j1qVECNdnbCmx7BJ2yT03qokyarSdeVrmKlNNB8OGVbWJ03SQjgTLYaNU5753vScwD2F/MTYuIe1W9/1bJt65VfmT6DpDuc1FbSzf7CG8LWS4AJxXlAKnjVo5j3PpBVRjHVBQnUYe+SBy38Pus39TRFQnoTKBMXsQ5+JzOCvn09uXRmFyAbn/GGr1AiyeQm0t4aycR66cR5THwKwiEAj36fUox8GyLO666y4e/cD7mZiYwDC6PyPcbDaZmZnh3e95DyOjo4yNjfnvlUol9uzZwzvuvptLly7x/PM/58L587xx5gz33X8fTHQzlQ3T7D7LVwgmxsd5//vfz56FBb/NFFCtVnnv+97H1atX+dnx5zh75g2Wlhb9Npubm7x58SInT5ygOlJl37597Nmzx1/8BTBNk/GJcY7ccQcvvvgiJ0+e5LVXX2VhYYFdu905X7y+yMsvvcRPnnmGiclJ3v3ud3PHHXcwOzsbmtPR0VEefOc7efbZZ3nq7/6Ol158kXvvvZdjjzxCpVLpfPEL3H1h7vMhtPZBuK2EBAESgSkMyrKEIdwnU0gh/XNIIZgqj7G7OkPVKLPW3mKttYXlONTtFmutLdqOxfVGg1fXz/P8ymmmy2OxBWCFYstqcKm2xAurb3C5vkxZmmxZDZp2woaCoQxFIypyReFl/qaWgSCxG+rhbcT2g7Lw7t7AxUugWezTVTDgDfanLXOLivSny5DoduC+XGBHclapIJYB2kml8et0L3oD1YQyOmHCH3O4Hih72bHZUwZe138I1gPzr7bd/pr+cvevYvWwj3ftHK0n2z9nhoTW/4JzHB9+ojohfUVXp8ARMf/pJwMzj/9l+U8oIyFulkKSx95Jx/TUYfQAHW8C75PD/j3zRsOfLP/R6p/OG3rlTRZ/MvwlPUOBbPu/1XmTxZ/c33c5+JOqv/B1Chzh25kbxZtE/9PxRs+fXNKX/TVlgc4TeZMQ7/Rm/xvEn46e/vfbdvOnSAZUQj0c73T5s/321/RXgD8dNwnX03gTLQfKHyLnT+dPtv45+VOEN7n5450+4i/98qaQ/kkTFnit7/71vPHfZ8DxTrTMw5uoohm8idYL86cn3ujjnZj/hPhDcXsPzP799t9DvEOS3W80bwJKJfAlVvfFs7N37AD403e801VnEPGOcf0kanY/zq57Yk33HzjIbzx2P1/73suUbbAs96eYS9Jd8C1L5S7g2oqSAEMqNzNYKcDBdCSmYWIKEI6DgcI0BRIHoRxMU2AoMJRAAkJK96ehJQghkHQWhIXoLACDFApwfzUPWuBIWp35EnYJU7VoqjIbqs0mUGubSKuFYp2KLbnn7vsY27EvYnfXkYz1N5Fr3ezfaLwTL/PyJlB/u9/fGcotL2pzGaxhItt2yHABOK8oG1VfQ61fRq1dcn/WuTSCmNiJ3HEXYnxHvvMIAbKM2Hk3xvR+RCWe3RlqbpYRs4cQk3sQ5VFUq4bavIpz/QRi7jCYVRAgpQvZ6sgI73r4Ie46ehcTExN+5qsn5XIZ0zRRSsXe82RsdIzZmVkMw6TZarFVq+E44WxYKSSG4f40xq5dO7nr6FEq1WrsXOVKhcNHjjA/P49t26ytr1PrnE9KSa1WY3V1Dcu2qVarjE9MYBrx594ahsHk1BQjI6NYlsXi4iKbm5sAKKW4evUKr7/2Gpubmxw+ckQ7Hikl4+PjzM/NMzMzw8bGBktLS6yvrTE7NwcIvGcdS9HZ8RUIMX27AIaU7gIvAq+VFIKSYWJ0jjWERNKd56bdZqNdp+VYTJXGOTi+i6pRomG3WLfqKAEtx+JqfYUfXXuJfaPz3D253x+TQmE5Dmc2LvPs0utstuo4SuEoxVa7TsNu4SiVunA9lKF0xfPu7s49CXg79II79aT3vnt/olOP3L8KXEh7pQzUIRzvhUfiX2uAiNdDZehMgXogsHaXppMusFLueES2Gmufkddpr9+h7h0WrSer45ciuSRaT5oOktQS8XriGTQdZwyou/zvXSSKzg0d0TGHbseoN6xohkTOMqBmUJOgebXmDh8RrocMFPeHWMpVtIx8APJmKMR3rHvT7b2faK14mTTciMZpda1DZp6hUyYZLGXEMf/JvUNd4z8J/EmxVtx/dPxJlHT+5OJN1B965k209E6T4T95P+6R4/x6plrbw5vsjDwdb6IZEtm8ifqbjjex+3kxuUG8ycGfTN7k5Y9muLn5kwm0HniTwp/cvInxR8ebaIZEQf7oeJOXP0m8iZa98CYjIzx/vHN786f3Z5DTrYeGtX388Uut9M+f3p/J6U3zzeWP/sT+ANMPyDBc788gj/gHOv6kcEfDn6Amg7zeGih/dLyJ+k9R3kTLgryJSW7eROsZ/NH5Sx7+kOIvMf4U5E1Ek8K8yXu9lTdeLhrv+H7nTffN5o1IruvOMKB4J/r9lj/eGTBvUMiLz6MmdqNGZ2K6/8Kj7+PNlTW+8ew5SgjKjqKMwFA2JmBK935rWYK03azbEgKBwBACw+k8GxgwBG62rjQQQro/0yyU+wxgJIZjI4R7L10K916uEMq/32UIN2MY6CwAe48HlEgBQgqQFrYFJdttt9VuUrYdlKpw8MguFu59JNEPZHsDY+2i658BH4j5TxJvivDnbXV/Zyi3m6h2A7W5crOH8baR4QJwXnFsaKyjaiuoxio4FmJszl2YHZkGo5z/XEK4z/0tj4HU/Fy039Zwzz8yDaURsBpQW3Ezgu0WovOF7ZWlUol9+/Yx2/np53jXIvF1X03HodGos7mxgW1bKMdx/4+0k1JguA9NYHx8gvkd85hm3J1Mw2RmZobR0THcn6puY9vut6NS7teDrwOdjNtYENQdm6MclFLYto3jOHg/f728tMylS5dotVquflKweP06jXrdXegWAqUUjuNg2zaNRh2zVGJjY4OtrRqNRqMzHjeT11KKmtVgsbFORZapRH7W23Islpob1KwG/h4r4epiCokh3EVfdyEYLMdmtb3JK2vneH7lNFJI7ps+wC/uepDx0ih1u8lmu85MeZyKLOEoh9fXL3J64xJLrXWmS+OY0sBybBab67y4+gY/Wz7F7tFZmk6b5dY6W1aTht3CVjZCGIEwdihD0YhSOHjBl+hk+tK9oHe8gDR7p5/3uuO4gXPSjkEhwscHL+BU6EqC2A74hMETfjchI6FzUea+PqAMhEjpzYBf93Zwdvr1VwGSgtM817lFRWWUWf3nFs+OkXqRDK08O1AzSiJ+qMvQiuumy0AIvE+2/fvKUPAcNuBvXX8K6FRE0uyd1HbQF1C5+/fs7vXfm/0LZYQm+JuON92574M/DJ43Mf74vNHwJ2iIW5E3BfuP86bzeq+86Yk/2bzpfpYD/hPSV8ef7gT2xJs0/iT4W+YvTGQZZZvt32//Md74X1c98qdIhoTvZwHeFOBPLt4UtP/g+MPtyZ+cp9fHO5122xTv5OVPkm7bEu/k9r903mwbf/qVtP5TeNONd7zmA4p3gmWf8U4ib6J15blTgv1vAG9iGZfbzZuoFPW33P1reBOtR/lzQ+Kdbhnzl6K8SeBPb/bv9/sunT9a6Zc32/Z9p+FNjD83Nt7Jur8jNxdRF36G/Y5fSlT0P/uVT7Cy9dd866XLVCWUlLuQWwIMW2I6UDHcz78plLsYrNy0G8PoLPwKgYHCEIAUGIZACrduCPxsX2/hVwp3mG4msJv8JKWbFQydsQvpfxKE7PxktGFTxqDhKCxg3XaYbAsOHdjB0ff9EhGH920mV84jasv53GHb/C+dNz3f3ynIH6L1AvHOUP5/9t48SI7rvvP8vMyq6vsA0I0bIAE2CYAgeIgERYrWRUmWPLJEj3a0s55R7MR4ZzbGE7E7ExMbnogdeTdiZ/7Y9f6xM94Ie2PC69j12Fb4WNkay2HatEiJ5iHzECiAIAESBIi7AXQ3+qzuuvLtH1lZlZWVrzKz7gZ+Hwb5+Loy812//Obv5Xsv3+ZCL89FHyS0DRkAjosuofOr6NwK5NdBa9TAGGp0O9gDoMJX0xqxYla9stzPPKeHID0I6wq9sYxeuQGlYvkYd8YTSpGyLCYmJhgaGmp4WcdxyOfz5HI5ioViZWDVKZW4du0aN27coFAouIOzlveg82fLcvdEADIDGUZGRrBDVhQrSzE0OESmvH9wcHP7gYEBRkdHyWQylJwS6+vrFItFtNZ4q17B3Qd4eWmJ9ex6ZRXvwMAAWmsKhQLLK8vcXlhw90LO5bi9sMCF8xcYGhrCtt3VuCXHHTguFgosLS0xNDTExtAQtm1XBpNV+R+tHRbza1xau0nOKTBgpSuOqwaKusRibpXb+RVKjjcTzMVb/Vty3H16r2fd79lfWbvFOwsfcXHtJvtHtvOp7Q/yqe1HGU0Nki3mWCtusH1wEkc7rBSyXFy7yUcrV/l4ZZYjk/eQsmxyToGLqzc4dfs8H6/O8ukdD6PRzM0vsV7Ks1EqUHBK7ieog40mCEEqM0LL3bqyc+7FtSrP7MObyVc50D1fe66ZKg+2+n53L+AlFB6GzECsdBJ9f6998eDLfsChNU0gNubCnA3Am5HuHe/NIPbF/T1JFYhXjm/ggceaUhx2fhlfhyrMoQ/WW13c10w1YeNcV0PjihefvVTqLiQeMQM1Mkw6Azb4q8Ecg2cbw7DmqvweYi/U2kXcFRDGFgjYX/WFnsFegvFK+uHVFWk/Icknsp/KzPNA3GQvPkP17K3OgGtbqDY03vDUxqsVFF4hhtvTtAIgnt4Es2PWm2BYoz+N7KftepNQf0x6E1d/6uwtof74Krop/QnTmyT6Y9KbuPoTp/kqx4fYT3BlZ1L9Cb3hw/THI0pvEupPjOQb600w7JX+0DherbDaWEz9MebCYO79pz8eUfpTW1ums83tH2EvwdCoN95xTeqPucVqw03p78TQH4O9xNKf0JbyiNKf2vL3Tm8M9tNAbyrxRi3Wor/TH3rjpWvQn7bojcF+wvQmaI6++qqzH5PexNWfML1Joj9t83dMGQ7aTy1GvTGZYzBs2Gxe+zewH6//rvzx+PoT398x2I9JbwLV69F+/THoTTDusxsvg579mfSntv0NYUz9sW+8ByNbKe19lDB++ZvPsV78Ls+/f520BRlluQPByl3lm8H99HNKadIld8WvBaQcSNnup54tDbatyp+Cxl39a7krhNEOKFUe/HXL6g0CW6r8fh1vVbBngOV6Uu7gsLIUmZKDslJslBRrwNXlIg8c2MFjn/siJkNO3b5EavFiuS42q/4kfL/TJf0RNg96+RYUcr3Oxl2FDADHRWso5d1PP+vygJ+dRqUGfSLWIZQqO3Bl96a4js4tgy7VHgOg3M8cN/oEsOM4bKyvc+nyZT6+cIHZ2RtsbKzjlEo4jmZ5aYkbN25QLBSxLMsd2A1cTwGVTyVb7uegjfXge9hblo1/YHdyyyT779nP1PQUS0tLXL12jdWVFQrbtpHJuKuqtdZsbGzw0UcfMTc3x+DgIPfN3Mf27dOVAeB8Pk+hWEBrzeLiIuc/Os/83BzpdBplWWit0Y52VzNrTS6XY2ZmBkdrDt53kKHh4consTWaEg43NxZ5f+kSNzZuk7HS5eeOg6M1RafESmGd69kFCrqI9hXVUu5HoZcLWf762k94Z+EjBuw0q4V1tg9N8snpw3xi6/3cN7aLbZkxUpbNRinPenGD/SPTbB0YZ6OUZ3ZjkXPL13nt1mn2j+5gODXAamGDN+fPcmntFmPpYZ6ePsJ6Mcfbcx+QdwrknDwFXWSAtK/iBSEc7ev4eCtyvZXAjheWf/fi/pW8yr1I1SlD1zppAZe0ZnC37ldCPNBYhWgcRpwa1uFyfzDNUA7EgzOQw2Yixw011K3QqnRqvdmYgYJ5k2oM5Q3+uRp3S1KtLtezb/cenITG8ZWlUYenzkLMBYxjK1EktL+ymVQiAWsPt5eI9m51D2CTvVSL4yuUVwBjDzCG/XjmZ2j/hmGMGcJ19tNwBnDdHU1D+2lQbmP7t6A3dZeq0ZuY+mPSm2Z0J0xvDCvSazJdU+64+mPSG8rNGFN/kqxAiNKfhAPateU2hElo0f56oj9BvfFewtbpT4jeBOOJ9MegN32lPwkR/anXG8OK9JpMNyhvQ73phP5E2Fky/QkJTQVsxt7CrpXA3wmmb9KbYDyR/kTZTSv+TjDebb2Joz+helO1tzr9aeTfRNFtvSHgncXSG+/n7vo7leqo83dqQ7N19cbfaag/d5S/E1dvfPEwvUno77Te36oNdTBeOdikP8nav7v9rQgatLt19R30wBjO9H2hp/6rX/wG6T/+Hn/400vuSl8gY1vYSpFy3JW6aTS2Ln8GWmsy2qp8BtrCHfBI6/Lev5bC1g4K7W7jp9xVwDbuQLFClV+92yhLoZ0SllLYVnm5sef3WuX9gS3QOOQyikJOsa7ggZ3bePpnv1wtfK2gYa3cwLp9IfR9T7XO2q0/EWGL+mPydypl6aX+CH2JXltEZ5d7nY27DhkAjknFEdSaivKUCujiBu6AcAdTLhXctJyiG3dK7mC0rpV6Vfl/8wN5bm6OSxcv8d7pd1laXsa2bLbv2M7u3bvcAVcN8/PzKEvx05/+1B3cTYV/TljHFWBdzaNt25WBVqUUmUyG3bt28XNf/SqnTp5kaXGJH/7wRxw6PMuePXtIpVIsLi7y8YULfPTReXbs2METx49z9OhRtmzdGprczp07efTRR5mYnCSdTqGUKjdd9aHtPRaVsti1aydjY2OVT2O7e/fabB+c5MjEfrYPTlY+Aa3RaK3Ln3ReY3ZjgdNLKTZK+UpRnbKNZKwU+0am2SgVuLAyy+38CgN2mon0CAdHd7F9cAspZVNwiqwVN1gv5RlPD3NofB8DVooLq7Ms5lZ5a/4Dntl+jKJT4mp2jveXLjFopzk6eQ8HR3fxk8w5lFLknQIbpTy5UoERe7ClfqFwt1Cd6Wkp8Pb69WYMR4aUzUyVQ98MQcvyOi3V4xr19xTVvgXBMC41CaiASNXnoG7FgWFFVN3KTVNYdmiDM9SrxYmIq/DQX4L45SeGkxxMoDbhyD3wPPvx2VHtTNH6GaK12QvEjTOUDfYSjCcuv6E6KkYdYT+VDkxtu1PX/obQMCO92gwR9lJJx5ddXzZNK1LDy9sgNGFcEemGze+BFwhN9pN4hURt0aMmsEeX33fhSsKBeG2KNWH79uAMht5lmtQbg/40Lr8hrMGkN+EZan4Pzpj6Y9Ibnxn7cx5Lb5Loj0lvNo3+1GYrSn8al79BWHdCmb7Tn/rQn/P26o9Bb/pafwKhSW/apj/BC7RHfxr6Oy3pT33oz3l79Seu3gTjEfrj/z0qNOlPJcUI+0nq74RUQWhovIJJf4INZtCboB3E1psE+kN48yfSn1g0oTet9reMehN83nk5aM3fqauOHvk7retN0M4i9CekOEG9CYwXxtAbf7nL/+kbfyem/gT8nM73t2LojS80+TuRetO2/laE/fjKWRfPrWJdehOdGUJP7A5WBAD/3d97jq3jP+DXX36PnNKkizl31a4DaUu5A8IaUpaFDaS1g6XdVb9py0IVHWzS2I4CSqRIYVlgK8UgBRTu56Btxy2M0hpsC2UpFDYWoCyFbVG+BywouQPHytLkLU3ecrDXNf/zzz/J33vuq7Vt6CuvtX6b1O2PsQrrlfu/e/2tgN70zN9pXn9i6Y3Q9+iNFfTKfK+zcVciA8AxccXJWwnrKo/Or0F2AbyB2fqnd+toDcUcurAOxVzVwQ50bDV+LTSr4uVLl/jhSy/xNy+/zLZt23j8iSc4fOQI+/btY3R0FKUUFy9epFgsMDgw4FvdG8yWOxAakVz1WMDbf9i2q6uAbdtm67ZtfPnLXyZlp/jRD3/Im2+8wcryMmsPrpLJZLh58yaXLl0CNI8+9hhPf+pp7puZYWhoiFKphG3bpOwUtu0O9u7ctYvHjz/Bzp07K6uIk2Iriz3DUzy+7X72Dk/X7QFccIrM55b5cPkKGStds+La0e4q4eHUIA9vPchyPst6Kcfs+gJL+TWW8muUypMGHHTl888Fp8hoepgDozvZPjTJ2ZUrvHLjFGeWLvP+0kUW8itcz84zuz7P4Yn9fHbHI+wY3MpwaoC05Q4kewPA9bs2C0IIphnJjna/gePrUOnQ0FM+84x1//FUwrJs+GYAalUbb8bB0/g6YcYZwhErEJKuSAiGxhnC1Me9DMd26GNWgj+MOjaiQ1G9jNd+4fGmVsg0MSMVv/2ExZOsyAqU1zM/z5C8Dq13cJz2TroHcLN7VFXiETOEk5S/Kfszpasb2wuV9qdefxrNSA6GTc1QrteftulNiP4kav8W9Ub58tFIf6oFoOny11yuXfZXIYb9NNH+iVdgRelPUG8alb8pvWlgPyTUn4Z6E7S/GPbTqNwxyt9Z+2usNzSrNwn1h4C9tc/fMehNI/1J1P5N+jvl51FQfyr/27X2NxwbO32T/rTw/OmGvxO7/FU/o63608heYthfpN6ElSnGYfXlN4RJMaZv0p8W9SbK/mL6OxX98bV40oKb9Kbm96j2b5veeHXdwH66rTdh50akX6833t+7ozc1/fMGelO5Vxv1txreb2a9qY131t+p2ksM+/FH2/68iUlE+vV6Q7mZuuPvxH2/E6Y/1uocnP8xpZlPo8emQ4v/D3/2CxzYPsW/+/NXuLWWR+EO+G44mjQ2ynFIa5uMZZMGcBxSSpHWGks7pHQJNFjKwVYWKQ0WFkXLzYmtLMg7lS85ugVx3M88o9G6hK00lqXQ2kFr9zfLssjYacbSKX7uy5/gwNGjFTsPtrvaWMaePxd/398E7V93bIT9mfSm3/WnqXtH6Ct0bg29eLPX2bhrkQHguCgLUhn3X8sCx4H1RfTiFcivuaty4+7rmwRdQudWYWPZHXDWDlgpVHqAmulCvpfAmnBtdByH999/n5defJFsNstTTz/N5599lr379jI0NFQZlHUch1LJcaVfKZSq3wPYHQCuDjPqBmLslB+SKEWqvALY/xloy7IYGhpi69Yt7Nq1i5JTIjOQYXl5GcdxGBwc5Pjx4+zYuZNt27YxMTHBwMBA5dxMJsPw8BDDQ0NYlsV6Nsvt27eZnpqChAPAGl1ewRvn2PBnry7/A5BWKR7f9gAHRndyc2ORj1dv8Dc3TnJ4Yh+DdpqtA2Ms5lfJFjdQSjFiDzKZGWXP0BQ/s/0hrq3N8dqt9/ibG6cYSQ2yUcoznh7h6MQBHt5ykNHUIEP2AEP2QHUA2HE/hS0IkfhnJGs3riB0RqilyiG+47R3ieoMwPKJ1XglATesnhNIPzRezWroq4qgYx0W9xc3GCp/6M0ADomX/9vsjHQC51XipinFlQwGSx2IJ+xg1l2t2lyNw8rl4s4Ijj8j3avwhvEwg6gpAKYMNyZw2bgrAoLNo7x7p/xGoyZeOb75GelG+/GPFNeE3mGhd02DAhnCMnX2Y0rebw80sB/jjOCYK2Ia6I13XMMCNdCbOCTWm5owrt4k1J+Q40z2Y17S4BFhP0n1JhhPqjdG/YmpN3H1x9Ryd4neGO0n+ob35RbqWrxNeuP9EJoNGthLJ/TGoD+hYQJ/J5RN7u8Y9Sau/rTJ36m7nePqTxtW4HkVHozXhMYbYjPoT4jdtMnfMeuOd1gP9AcamKNJf2LqjS9jRv1JUiCT/sQlpt4E45H6U/5vs19YMtlL6/5ODP2JUV2VuEl/Qi5bqze0XW9q4k3rTYT9RJilSW8q8YbN1o/9q6DeeBmOqA8DJn8ntv70zN/xoga9aaA/1so1OP8Kpft+Bj0aPgj8qUcf4TszB/nf/+j7/PmZWxQdjVKKotbggFXS2KpEWmkUmpSysYtFLGDAcrCVu+pX6SIpFDiQddwyK0pYKCylsVHguHaiSuUKxynvFWx5OcbdJVHzyX1b+dpXn2VodBST4Vq5VVILH2GtzdWKgdvitfG+8Xf6VX8QNik6t4a+PdvrbNzVyABwXJSFyoyiBsYgPQyFLLq4gV6bw7l5Fiszihrf5Q4ORz3VE6CLefTiJfTarepnnzPDqKFJsOzyQeUBx7IzFKaJ3l65CwsLzM7OMj42xsTEBNPT0wwODlY+fwxQKpXIFwpop/xpi7qHlHs9p1QC7Q6YOuW9dcPSLZX3FlaAsixU5cHpktvY4KNzH3Hp4iUKhQJPHH+CHTt3MjI8XBkAHhsbY8vWrQyUVyV7KKVIpVJMTU2x7579XLt2jVu3bnHugw/Yv38/Q8PD5rrVmkI+j2XbpFKpct25/zg4OOiGA6nuSl+nPMDtnu1oTcEp4pT3idZodgxOsn9kO09PP8hP5j/k2voCL984xYCd4djkvcznVsgWc1gohlIZBu00o+lBHpy4h4Nju/jJwoe8t3QRW1mMpYd5auoI943tYjw9jKUUQ3aG0fQQ8xtLbJTybBTzOHTys+TCnYL2OtK4M+/8e/82nLFX8TQ1aP+aISoC5DhV/z7omJozRCKH15+eMYyNDqRnWiFRTcD9c4IZyVGhdjsSte/T3XxV4lQ7vb5oSBisMFXJc23cFzYzY7OpFXhezqqWof1R7ct+19rfkF7s9HVdvNbuq+0cjIe3f8wVEkb789dxffZDi1NTXlUtk++MOvtpZQVmHPuLsp+aFQn1zZKIOO0ddk5TCQZPMOmN73ditH/TemPQnyj7MZa/sd7QrN5E6U+EvTReoUB0+9/pehOlP7GfdzH0p2H5VaVMvjMq7Uyn9CbU/kx6Y9afWLTU/oYwQeKhehPi7zTX/h3Sn3I5K8+3butPkhVQIfFaf6eqP91vf0N6CfSnbCa18UZ6vZQpEgAAIABJREFUEwzbqj8Ert9Yf6LLH1N/kuhNbP3xLh+wl1b1JlH5wyrM97eW0zfrTeV32uzvBMM4ehMsaITeBOOJ9acpvTH7O3X2U6M/JG/vtrV/q+k34e8Q1u6d1htfoUL0pS5ewWtn79w26E/L/k61OJ30d6zFq3DuFUoHnkZP7Ay91MToGP/uH/8iz77xNv/nD97m3O0Nig7uwKyjsCwoKAcF2BTdvX2xyOoilvIGiRUpy0Y5ipQ3sAukLIWl3ba2lPsuV+EOayqF+1ulbTT3bhvi658+xiOPPhIobG2o1pdILXyEWrnh3f50/v2OL363v98R+gK9sSIrf/sAGQCOi2XD4DhqaAtqaAJdzEEpj15fxLn8FgyMYw+OQWa0OjDbKroE+TWcWx+il2fdVcbgDkKPToOVxvu8sqN1VepDhNEbiC3kC+RzORgbc39Q9cesrq6ytHibYrGI1uFOsOM4FEslNBrHKVEqFY3FcAeA3QFJZam6SV/rGxu8//77nDlzhvVslr1793Hg4AEGBwfxVgor5X5iI2xA1rIsdu7axZEjD/LRuY9YWJjn1KlTPPLYYwwPD1dWC/spFotsbGywtLjIyMgIE5OTKKXKdemufnZ0eRA4pEI17uebHe3+q8thSTvknSLF8uroknYYSg2wd3iaZ3c9SsEp8sbcWf527n0mMyMM2wMs5FfIlnJYymLYHiBtpUhbKfYMb+Pg2G52Dm3lo5VraDQHR3dzZHI/e0emKp+dHrQzjKWGuMUi66U82dJG7FXMwt2ON+uxfFOWZ+apykup2r/X7MmqoGbGoNef8YWE/b2Ssnue5/u516/+GIzXhDVX8MXDOlR1HawGPZDAjE3jHnnl480z1L3TgvHw4lRCFR4SjIdVB2HFUvXx0CsYEo7IkNf+lXh5ZqiXrnnGqJet4AqJmKGvmP6S+JvX2Ny1Z9TGaxqo3h7qllwFw8ANEHeFQv2Mda+6vd9DW6s+DMtuoMSN4kaDjLxCOQxrsAY5rrOf2DPUDfYT0J+a298Q+kti1J9QYupPZA589tC03gRD7zIR9hP3dg+cV4lHFqs7ehO9Is+kN8EVEtF6E7Q3k97Uvc+ro0N6E0N/IvUmrv4YshtbfyIFrQm9aaA/sfUmzN/xnV9t/+AKiYT6Y9KbuPoT6u8Ewmb0JmJFeHx/Z3Prj2lPvGj9oRqvyVb39KcSGmldf5rfk9Or5t7qj/nClQw2PiGi4ZrfgzxgH5j0p4HuGPTHX5LO9LfaoD8mvQnaT1K9CYYJ9aaO2HoTjEfoj8le4ugPDeylTn8S6k2gJIn1Jm5/K66/nNTfqdidV9291hsVHjddoU3+TvD5Ft/f6Z7eWMvX4KO/wbn3SZyt95iuyLNPPs6zTz7OH7zwQ/6fV9/n4lIe27JRDu5nnR1dGdi1lXarynIX+dhKkdKg0aQ1WEpho7C0u/rXAuxySrblpqcdjcLCwmHnWIavP3mIL33205H2b2XnSM2fx8rOV+q/e+93vGiE7txR73eEfkSvLcqev32CDADHRdmogXHU6HbU6A50dsEdAM6tUvroZUgNoIYmsLYfhox51WkiCjn06k307LvoFd9S+aEtqIl94O1LqzW65KAd7T6tQlRQKUUmk2FwaJB0JsPq6iq3FxZYvL3I6OgoqVSKUqnE0uISH334IadOniK7nsVxHJxSqe6KxaI7mKwd94FYKpVCB2e11hQLBXe1sAGnVGJleZn5uTnm5uZ4/bXXmJ+fY3p6urJncDqdZnhkhPHxcUZHR2tWAQPs3rOH408+yezsdU7+9CQnfnKChx9+hEw6zd59++qOX1pa4srly5w5c4YHHniARx97rJJfR+vy4K5TXskbjnusU1ltq7Wm5JTcAeDyYL13rZH0IE9NHWGjVCBbzPHG3BlenH2Hudwy94zsYKOYJ22lGE4NkrFSKNxPjBwc3cUT2w5xNTuHrWz2jUxz3+getmbGK/kYsNOMpoYAWC9usFyo7jEsCA3RrkPsOvCqvPcvlQ69Ks8I9FYIYww91dE4uny8djv0YTMGK9fz9Ry0ryehHcr58Dy70MxT+2t1Zm6lbOW4G7ZpBUIg9EpeiZd1sLpCReM7LFiE+D3uuOiIMCr92HjtGYgnWaEVZwZqREjA/kwrtOrLZlqB4Pud6PZvaYWCz0Cb3gOvvliG8hqObXcHKnb6Xrt76TfX/olWhIbYm5uuZ64h9tSq/rRZb+r0p6I3Bv3xN0Q/6k3C9Ov1pvz3ZvWmKf2J1pvqveyzn5rymvSnWoFN6U0j/Qmxt8gVCFGN0uX2bzX9Or2pPK6a1J8kKyQqdubTmwT6E0tvErZ/+/SHzak/MS9v9nfKx3XJ34mrP2Fl64q/E9v+GutN1/SnVRql30Bvqv6Od3ib/B1/2KK/E6o3wbj2zCmk/TugN3UrLrutN0GS2lvs9A16E4wH9acj/k41rLOXpHoToj/NtX+rz7vG+mOkVb3p2vPOoDd1+tNZfyfs/U6Y/oQVVK3cwD73N7B3FWf3UUNFuPz9L32Ov/+lz/FnP3qNP3nzLD++tOQu1dXaff9b1hrbVmBrHFtha0XecdCqhK0trPJkEks55c9AKyzc92ApLHT5nfATe7bwc48d4tmnn6rmpUH7W0tXSd3+GLWxXL/yNSlds7/GetP0+52E+kMwnsDfEfoLvXwLnV3udTaEMjIAHBelwE6jJvZg7TiMvn0RnV8Hp4BevYlz5QSkhyCVQW25x12l2yzagWIe58ZpSuf/BufWOfT6UiUfamwH1tQMKjWIBrSufoJZU7vitpp9hW3b7N+/n0ceeYRz587xwQcf8JfPP8+RB48wNDREPp9ncXGJxcUldu3exYUL51ldWeGDsx9w9swZOHyYqakpAErFIvl8nsrK4kL4vrPep6dL5UHkUrE+bwMDAxy87z4uXLjA7Owsr732Gu+9915loNey3LxnBgYYHxtn67at7N23j/vuu499+/ahlGJkZIR77r2HL3zxi2TSGU6ePMkPf/gSly5d5MDBg0xNTZHJZHAch8XFRebn5lhbW2N8vLqfsFOuP/ehb6GwcIxPFV1eKQy2skjbKVCKvFMk7xRRKNKWTVG75U0pm8nMKEcn72Epv8qF1VkWciucWPiQuY0lbm4sMmRnGLAzpJS7glyh2DcyzSe23c+rN99lIjPCsckDTA1OMOAN/gND9gCTmVEG7Awl7ZAt5hsOXAtChbIzjiq7Wb4Z6P69fitOuqrOpfVm/GmFb+Kuqg0rzn1tWJlJaJyJSG28TLC7EJwwHBo35qJB8uW8R+7J6e9JBldAVI5v4IHHmlIcdr5XIdUOVZhDH6yvunigueLMAK8JjSteqqFX46HxiBmokWHSGbDBXwOXM83ANYZhzVX5PcReqLWLuCsgjC0QsL9qh9pgL8F4Jf3w6oq0n5DkE9mPT29q4iZ78RmqZ291BlzbQrVhQr0xVkiE3gTPjqc3weyY9SYY1uhPI/tpu94k1B+T3sTVnzp7S6g/vopuSn/C9CaJ/pj0Jq7+xGm+yvEh9hNc2ZlUf0Jv+DD98YjSm4T6EyP5xnoTDHulPzSOVyusNhZTf4y5MJh7/+mPR5T+1NaW6Wxz+0fYSzA06o13XJP6Y26x2nBT+jsx9MdgL7H0J7SlPKL0p7b8vdMbg/000JtKvFGLtejv9IfeeOka9KctemOwnzC9CZqjr77q7MekN3H1J0xvkuhP2/wdU4aD9lOLUW9M5hgMGzab1/4N7Mfrvyt/PL7+xPd3DPZj0ptA9Xq0X38MehOM++zGy6Bnfyb9qW1/Q5hYf2pRGthYJHX+FUrrtyntfQwGRhqe87XPfoqvffZTXLh8lb9++yQ/fP8yb11ZQZXtxSlZYGtUWqG8/FsKjYOl3K9MWuXyW5bCUaAdhyd2jPPMA/v43KPH2L9rT0T7l+3JyWHfvoS9+DGqVCyX+07Un4Tvd7qkP0J/oAsb6OU5KOR6nRXBhwwAJ0Ep1MRu1K5jqCsn0Pk1KKxDKY8z9wGUcqjhLVjFPGzZ7w4C22kI7HlrRDtQKqDza+jlWUoXXqV09gX00lUoboBlowZGURN7UNvuhVQGADuVYsvWLezes5t0OkM6kzFkXzEzM8PnPv85UimbpaVl3n7rLbLZLCMjI3h74u7ctZMnjh9neWmZ+fl5lleWuXbtGrt27a4MAGcGBpicnGTfvn1sm9pGOpNBGR7mlmWzZcsW9u/fx/T0NENDQ2itK8dnBgY4cOBe9u/fzwcffMDs7Cyz16+TSqWofJbZcSiUVxIPDw/z4ENH+eIXv8TExASjo6Ok02m2bdvGJ596qvIQP3XqFAvzC1y+fJl9+/YxPDyCox1u3bzJ+vo6Y2NjHHnwQaampkEptHbYOjDGA+N7sZXFzqEtDFhpFGHlUqSUzfTgBPeP7yVXyjM9MEHKspkaGOfg2E6KusSWzBgZ273NLGWxb2Q7T047fLB8hXMr11gv5lgv5pjIjLAlM8rWgTEyvsHd7YOTPDR5gEe23sf04CSf2HY/4+lhbJ9NbR0Y4/7xPawUs+wenmLQzrj7YAhCJJrgilz/DD0VEnoemKPLHShvRl55z/CaGXl1L/Qis1PvicY5p1EYI7lKvOzYenkPn6EciAdnIIfNRI4baqhboVXp1HqzMQMFq0wBb1w99XG3JNXqqm//WDOEG80A9dWYcQZ5ww5PDPtJ0N6RJLS/iomXI7W5NdhLRHu3ugewyV6qxfEVyitAg35spP145mdo/4ZhjBnCdfbTcAZw3R1NQ/tp3H8Pb/8W9KbuUjV6E1N/THrTjO6E6Y1hRXpNpmvKHVd/THpDuRlj6k+SFQhR+pNwQLu23IYwCS3aX0/0J6g33kvYOv0J0ZtgPJH+GPSmr/QnIaI/9XpjWJFek+kG5W2oN53Qnwg7S6Y/IaGpgM3YW9i1Evg7wfRNehOMJ9KfKLtpxd8JxrutN3H0J1RvqvZWpz+N/Jsouq03BLyzWHrj/dxdf6dSHXX+Tm1otq7e+DsN9eeO8nfi6o0vHqY3Cf2d1vtbtWFwRWi0/iRr/+72tyJotv1LBewr76BW5nD2PowzdTAyqQP79vBP9+3hn/4CrGWzvHPmHO9dvM75G7c5P7/M/EaBhdU82UIRbFCqyMhAisnBFHvGh9k7OcL9u6c5tHcXx2ZmGB0KfNnTaxjDjWGt3cJeuoy9Mlv9JYH+1KXTNv2JCFvUH5O/46uA3umP0HX06gJ69XavsyGEoHTYsk3BTGEd5/ZFSif+gNLHr6Hnzrl/VxakB93VudOHsPY+hnXfZ7HG98T7JLR23E9KL1/HmX2P0pm/wLnxvrv3bykP2kENjGHtexz74f8C+9DPgmWjNayvr3Px449ZXl7Gtm3um5lhbGyMVKp+fH9jY4Pl5WVuzM5y5fJlbt68iW2nmNyyhe07trNz505GR0dBw42bN1heXkY7mr1797J16xaGR9zZV3O3bjE7e4PV1RVGR0eZmp5m27ZtpNPpmvRKpRLZbJbr168zd2uOkZFhdu7axY4dOyrHrK6u8tN3fspP3n6bixcvsm/fPnbv2cP09BTpVBrHcVjLZrly5TInfvIT3n33XQr5Ap/+zGf46s//PI8+9ihjY2PuYLHWrK2tcfv2bWavz7IwP8/y8jLFYhHbthkaGmJqeootW7YwOTnJ6NgYAwMDpNNpNDCfW2I+t4ylLMbTw0ykR8hY6cp+u5Xm0pq8U2SxsMpyPotGM5kZZTQ9xEJumVypAMBYepjR1BDDqeoq45yT5+bGEvlSAQ2klIVGYyuLrQNjDJX3AQb3MZorFbi5sUjashlNDTOcGqgZAF4trrOcz5It5hhMpStp2jIILERw81fHXfdMVd00q+yPeV+C9sf9xwXPU+X/eh16rz8RvJ4KXNc7N+j/mSaHNuxu1HQo3AxUrxPV82hDqH0Fr+lQBTNoirdInA5VE5eLitf58/7QkK1mQ4/QeFvLb0oxor1jzRCPCj0i4s28QG4ncW4Hc+5bt4cY1R/XflovfzBBr/2DKXZYbxpOoOiC3nRTf5po/47rTdPlj5Vibdhz/Wln+ZtgE+iPR/v1x6A3fa0/baZH+tPK86d/9Ceu3gTjEe3fFvvyiLCfbutNwvTbrjfBMIa9eXRNf+pS6IbeBO3Po836cxfoTUP78f1gvN1j0ya96ab+dLj9I4lze8Q/vD1600390aAzwzjT9+Psfgg9vCXkih0MY/g7qrCOvXQVe+kKqrhOP+tPlFr2s/705HkvxEbn1tArC1DM9zordw3n/vXriY6XAeCkaAe9sYRz+W13kPajH6E3lsEpuQpopVAj21Bb7sXafxxr6n7U5F53NXB6GFID7kpeQGsHnCLks+iNJfTiFfTCeZybZ3Gu/AS9Nu8O/gKkBlFb9pE69g2sg5/G2nGkkqVSqcTGxgalUgmlFIODg5XVs2E4jkMul2Px9iJLS0uUSkWGhocZHx9nYmLCHQzVmnw+Ty6Xw3EchoaGSKfSWLY7qJjP5ynk8ziOg2XbpFIpMiGrgL1PROfzeYrFIpZlkclkyJRXKa+srHDx4kX+8i+ep1gssnPXTo4ePcr2HTsYGxvDtm20o8nlc9xeWOCdd97h9dde4/XXXufQ4cN8+Stf4Ytf+iJTU1PYtl1Txmw2y+rKKqtrqxTybj1mMhkmJicZHR1lcHCwvnmpnVUYvvrXO5b6J165zKjaM4PXccq3nVLK9xzTkWmG50NXM6SSny/cvdz49hhKlU3XW+Gr3BXBqjKA6lqo+9ln18iCn7Ct3C/uhSq/Q/X82r+Xj/U50HVxb8Q4QCPrNjmwniz1wqH15zuWQ9tHHcra9ON26drRofKFSTrodfFk5feS7acOdbB2TfGm6Kj9xbCX0AGMOO3fauiVv6o3XelAB8MO6E1c/TFmsJt0W2/i6E8S+7kD9SaR/SSlo3oTpJ/0JmhvBBqkufIn1p8m2r/jetNN/UmUfpf0RvydWP5OW+gL/emi3gTto80TNNqiPy2WzqNp/ekmidJvg/50XG8i7CdO9mJcvRd60xbz6KreBAneYN3UnzKR/k7z+uOMTOFsvx9n+wMwaNhysYv1r0p5rOXrWCvXsNYXa4vXk/aPSLcu/biK2k/6I/QbOr8Oa4voXLbXWbnrSDoALJ+AToqy3JW4ez8Ba3OwPItz8ww6t+oO5pYK6JUb6PUl9OpN9NQMamoGa3Q7DG9BDY6DnUGjwCmiC+vo7G1YvuZe5/Yl9MosOrdSHlS2ynsP78ba+RDWvsexJvbUZMm2bUZGGu+L4MeyLIaGhhgaGmLX7l3hxVSKgYGByv64QfyDuA2rSylSqVToamSA+bk53j/9Hm+/9RZHHzrKsWPHOHToEMMjI3WDyVNTUwwNDWHbNqffPU1uY4OlpcXQ/Ycty2J0dNRdzZwARfzhU+UW0Bcp/69h4L0mf4FjVPAiCajkWJ6LQmKqExBq9vxV1T08XH+9useHparngar4bd7gr+v3uceZ96jyogHb9cUrL6caEfAbW9uT07RnUPX+rNvD1RswbxT6MlS3x5lxkyMvgxEOcMIORt3VvOaLCiuXC+w5ZdwjxhdSaz81oa8BGsZN9hO5JyeNCVw2mFzQ/upyU9Nshj3LKseH2I9hT6rYe+TFmJHc8MFgql5TdQf+FN2/M+1R5jWXaY+qQGiynwZ74nnHNSxQnf6YqyqMxHpTE8bVm4T6E3KcyX4S78EZJKneBONJ9caoPzH1Jq7+mFruLtEbo/3EfqHjEYi3SW8avl+igb10Qm8M+hMaNvB3wspfxyb3d1rfA7j2cs36O3W3c1z9CdObJPrTwN+pCY03xGbQnxC7aZO/Y9Yd77Ae6A80MEeT/sTUG1/GjPqTpEAm/YlLTL0JxiP1p/xfo91E+Dsme2nd34mhPzGqqxI36U/IZWv1hrbrTU28ab2JsJ8IszTpTSXesNn6sX8V1BsvwxH1YcDk78TWn575O17UoDdx9afBc97KzmFdmMO5dQ5n6j701H3okS2159dkyydYwXjlj3GfN9VQFTawV2exVm5grS/UJNov73fq9CYYVi5n8nf6VX8Q+gSdW0Nnl0EGfjcNMgDcDJaNGhzHuvdpSA/CO3+Ac+tD9PoSaMdVy2IOvXQVZ20Orr5DKTWAygyXVwGXB05LJSiuuyuAC+tQyKKLeXAK4DjuMXYGNbkXe+bz2A98ETU1A5n4g739zpUrVzl16hT5QoGt27axZ+9eMgMDhA2iWpbFjp07eeDQIcbHxxkYHCCTyWBbVujxgiBEUbuHh3+vX0dV4+jgHiHV81U5XtM5KccbpuwdX5udRA5v5ZxGYWx0ID0d6HBV9wjyjnf/HBGSINSgfOnqcrr441Q7vb5oSBisMK+dg3FfGNbeoe3f6h5VXs6qXRbtj2pf9rvW/ob0Yqev6+K1HbJqOwfj4e1v2JMqGBrtz1/H9dkPLU5NeRW1N7HBflrcoyzpnnh19lOzR1V9syQiTnuHndNUgsETTHrj+50Y7d+03hj0J8p+jOVvrDeY2jtW+zfQnwh7qYn7XuiJ3sTUn9jPuxj607D8qlIm3xmVdg7ujdmpPfEa641Zf2LRUvsbwgSJh+pNiL/TXPt3SH/K5aw837qtP7Gedwa98d2hQf3pfvsb0kugP2UzqY030ptg2Fb9IXD9xvoTXf6Y+pNEb2Lrj3f5gL20qjeJyh9WYb6/tZy+WW8qv9NmfycYxtGbYEEj9CYYT6w/TemN2d+ps58a/SF5e7et/VtNvwl/h7B277Te+AoVoi918QpeO3vntkF/WvZ3qsXpF3/HWr2FtXoLPfsezuRe9LZ7cSb3QSpdf6Ga9AzxYAI6JNQO1to81toc9toc5Fd9xUioNx1/v+OL3+3vd4S2oot52FhFb6xCsdDr7AgJkQHgplDup57HdmDtfgS9tgCDEziz76FXb1X27KWYQxdzwDIoC22lUHYKrJT7ACh/Alo7RXe1b1DR0kOo8V3YB38G696nsKbvh8woWHZYpjYl6+tZFhcXcUol0qk0AwMDWJZ579pUKsVAeYDY23t4wDBgLAhCFKrsfFZn5FlQvZ/CZozWvK+qxi1Aa41lqRoH1x+ia/29QE6qE4pV+XdfvCasnhEoS0iHygusisdNuOepCM7UDM7gNM0Yrp+h7p0WjIcXpxKq8JBgPKw6CCuWqo+HXsGQcESGqsP/XidRldtZlevdNGPUZz9h2Y0KfcX0l8TfvNUOluGEsCuEzhAOCU32EzD4uCsU6mese9Xt/R7aWvVhWHYDJW4UNxpk5BXKYViDNchxnf3EnqFusJ8w3cHYWvX2E9CfxgscYupPZA589tC03gRD7zIR9hP3dg+cV4lHFqs7ehO9Is+kN8EVEtF6E7Q3k97Uvc+ro0N6E0N/IvUmrv4YshtbfyIFrQm9aaA/sfWmTn9MehNcIZFQf0x6E1d/Qv2dQNiM3kSsCI/v72xu/fHaP7n+UI3XZKt7+lMJjbSuP6F6E6I/9fbjVXNv9cd84UoGG58Q0XBe+yfXn4B9YNKfBrpj0B9/SRrpT32FhVyhU/pj0pug/STVm2CYUG/qiK03wXiE/pjsJY7+0MBe6vQnod4ESpJYb+L2t+L6y0n9nYrdedXda71R4XHTFdrk7wSfb/H9nX7UGzeucivYs+/B7Pvo4a04k3vQE7vQozvQQ2OgrJgNGG5vqpjDyt7Gyi2hsrexNharBS8XqH/f70Rk4I58vyO0H43Ob0B+3f3EcyHX6wwJLSADwK2QGkSN78ae+TwqMwL2IPrGe+jsgrui1xsIBjcs5dGl6obYoVrlffI5M4oa34Xa+SDWzOexth+GwYmuFKubWJZNKmVTLBbJ5XLkcjlGRkZq9vP10FqzurrK/Nw8ANu2bWPf3r0MDg01HDQWBMFEeYagz6GuzsxzO1SOdjvmTrkD1XimKZVZjN4MQcdxz3edw9rj/R04XdOTKDuDvhnw1RxX3dPaXw0rEnT5nLAZ4xoSr0AIhJ6SV+Llt/7VCaUa32HB6jf1N5p3aHVEGJV+bLx2DMSTrNCKMwM1IqxaA750q3ZY6RTVlc20AsH3O9Ht39IKBZ+BevZWtSdfmZLQqL3Djm13Byp2+vV600z7J1oRGmJvfr3BpzfVuq/rhlcKGEt/2qw3dfpT0RuD/vgboh/1JmH69XpT/nuzetOU/kTrTfVe9tlPTXlN+lOtwKb0ppH+hNhb5AqEqEbpcvu3mn6d3lQeV03qT5IVEhU78+lNAv2JpTcJ2799+sPm1J+Ylzf7O+XjuuTvxNWfsLJ1xd+JbX+N9aZr+tMqjdJvoDdVf8c7vE3+jj9s0d8J1ZtgXHvmFNL+HdCbuhWX3dabIEntLXb6Br0JxoP60xF/pxrW2UtSvQnRn+bav9XnXWP9MdKq3nTteWfQmzr96ay/0+j9jl9/wgpq0hs3atAfNGTnsbPz6KsnIT2AMzAOY1PooS0wNI7OjEJmCJ0aRFkptGW5lVIqopwiFHNYxQ0orGMVspBfxcqtQKkQyKFXhrD69+o5IkxK1+yvsd40/X4nof4QjCfwd4SkaLditYMuldxtTYsFd2vTQk4GfO8wZAC4VeyMuz/vA19E7XoI58pPcK69gzN7Gn37MhQ3ElxMuYPKYzuwDzyDdc8nsXY+5O4dnB7qWBF6yfT2ae65917ePfUuV69e5fKly4yNjpFO136+Q2tNoVDg1MmT/OhHP2JwaIj7H3iAQ4cPM2jYp1gQhMZoVHnvXyqdAu9/w/YEBlX2yMvHGafu+f7unRcWGmciUhs3EJywGRo3px4xEdKbkU6l7N7L+Urc35MMroCgOuPY6IE3PSO1jK9DFebQB7tXdfFg8wWbMSo0rniphl6Nh8ajpsRGhUlnwAZ/NZhj8GxjGNZcld9D7IVau4i7AsLYAgH7q3aoDfYSjFfSD6+uSPsJST6R/RhXvBhWwUZfAAAgAElEQVTsxWeonr11Vm8MFRKhN8Gz4+lNMDtmvQmGNfrTyH7arjcJ9cekN3H1p87eEuqPr6Kb0h/jc84Xr6GxoCTWnzjNVzk+xH6CKzuT6k/oDR+mPx5RepNQf2Ik31hvgmGv9IfG8WqF1cZi6o8xFwZz7z/98YjSn9raMp1tbv8IewmGRr3xjmtSf8wtVhtuSn8nhv4Y7CWW/oS2lEeU/tSWv3d6Y7CfBnpTiTdqsRb9nf7QGy9dg/60RW8M9hOmN0Fz9NVXnf2Y9Cau/oTpTRL9aZu/Y8pw0H5qMeqNyRyDYcNm89q/gf14/Xflj8fXn/j+jsF+THoTqF6P9uuPQW+CcZ/deBn07M+kP7XtbwgT608tbdGfYg67eAvWbgWvTq0DERI3DmD74o1boMmwTKv602pumrA/U202RZyMCoLQFEprLbdQO9Aaihvo5Ws4i1fRi5fRty+iV66jV909AnQ+C4X18ueeFdi2+5nnzCgMjqNGt7v/ju/Cmr4fteVe1Nh2UHfu6ta5uTk+OHuWF/7qr8jnC0xvn2ZmZobt27czNj6ObdsU8nlWV9e4eesm165eZWlpiR07dvKJT3yCh449hHz+WRCaY/bbYyh/hwjt3k9aoyxfR5vaDrdSvi6D8rpbLv77MfjJJf9x7rGBvwcdfEO+m73jg1Jh6nAFHexOuflxHG5/mdv7sG7c4WncwW1TByeywxM8vsMk7GBElKYjHay4/aFYHbKWOlimFBKErb5gSRxvZ/lbJ1Rvuqk/Dao7qD+tY9IbL0M90J+EA9ptp0X76wf98YilNy2VP26KvdSfhIj+1OtN2/Qnhr30nf6EhJ2kxfQ6oj9xzgvJbtv0J/YV22AHTdtbsABN0m29IZD7HuhNXH+n9eroJ70J2luwQtpS4GiS3NANTo+KJ9KbbupPovJ3SW/a2t+KoMX2T0osvWmx/TulP61j0p9m2r/VsEyv9UcQ7mDO/evXEx0vA8CdolRAr95CL3yEM3/e/f+1eVi/7X5GQilIDaCGtsDIlDvoO3U/anIPanhbeZ/fBA/WTcza2hqnTp3irTff5IMPPmB8fJwd23cwNT1FOpVmY2OdxaUlZq/PMj4xzszMDM/8zM+wbds2UilZxC4IzTL77fHKCmBVDssfw8Eq+2U1v1M9zov7j9Oamj2A0bXHV47zXcfD+7sf09wOozLW+J1Bj7p+xm/nOthBhzqYQVO8RdrcoUrc4e5Ch8ojNN7W8sfogHesQ+UREe/HF8jB6jHnviMd6t7NUA4mWK8/XdGbhhMouqA33dSfJtq/43rTdPljpVgb9lx/2ln+JtgE+uPRfv0x6E1f60+b6ZH+tPL86R/9ias3wXhE+7fFvjwi7KfbepMw/bbrTTCMYW8eXdOfuhS6oTdB+/Nos/7cBXrT0H58Pxhv99i0SW+6qT8dbv9I4twe8Q9vj950U39qMmTSnw7oTqT9+SpoE+lPVG77WX+6cr8JwiZCBoD7Ba3BKaILG1DIovNrkFuBfBa0twI4BZkRd//gzCgqMwx2xv17Ox8afU6pVCKbzXLt6lUuXrrE5cuXWV5aIrexgVIKO5VieHiYPXv2sH//fnbv2cOWLVtIp9PI6l9BaJ7ZfzNWGWRVqn4FMNpd6etfIYwhXvlItG+KZd2nbqkeB+CtLPYcOlXnUBM6CGy66yPdb9V9h9af51gObR91KGvTj9ula0eHyhcm6aAn7XAZstNPHepg7ZriTdFR+4thL6EDGHHav9XQK3+93iQhcQc6GHa7A20qQK861N3Wmzj6k8R+7kC9SWQ/Semo3gTpJ70J2huBBmmu/In1p4n277jedFN/EqXfJb0RfyeWv9MW+kJ/uqg3Qfto8wSNtuhPi6XzaFp/ukmi9NugPx3Xmwj7iZO9GFfvhd60xTy6qjdBgjdYN/WnTKS/0xn9SdL+HdWfnrZ/RLp16cdV1H7SH0EQPGQAuN/QGrTjbqZdKqCdImgHhXI3nrdSKCvlDvoqi7tV3LTWZLNZlpeWmZufY3VlhVzO3XDctm0Gh4aYmppiy5YtjI6OYtu2DP4KQot4K4A17kpeVFWBalb2er9T/t07Tlf/33uRpMonKp//6L9Vg3dto9+Cv9cdl9DBbiwZTTjAHZuRHCygIZ6w/L3oYLfUgSKCvupgBQvstb9Hq13NJPbnHdbeDlOd/XShgx1lf94fuvICOUhL9pb0DojZ/m2p2WABDTSpN41Ob1l/El4nWLsNEb2JvuGT2E/M4lbi5WQaZqf9pW6sNwb96Qhttb826U039Sdh+duuPzGK31a9CbIp9KeDd2Bif6cL+tO50tbbS7f1Jkhb7S2G3sRp/07qTRz9aUDL+tNBvYnVfH2lN8EweAP0o960qD9hetNN/QnTm27qT1vtL+4dEaf9W9WfYAEN8YTlb1lvguHdrj+CsImQAWBBEAQhFrPfHgOqK3/9e/1WVgCXPb3aFcHu+cE9fj1ns35f4Gqawe5QzW8hDp6yqHP4mu1SRc4ZMfj/wQ6X4fC2dLhM/YvkA1z91OGJ2QHqtcPf5vQTd8ia6GC1tQNWc4GAwcWxn1bDlmcIt0iPO5j9oDftWyGxGfTGS6fB6Z2kH/Wmm/rT8AIm/emw3iQa0G5Rf9rc/omTD9ObEP1pu+544R2rP5Uabhzf5PqTWG+CYQ/1JzqDvdQfXwW1U28SlZ/e6E/C7LVbfzySFz/K4mK2f1tKFqxBQ7zbehOkxfSb1p++0Jtggia9CcY7oTdB+zPVaIv0WG9M1dE1/Wlwu3fu/Y4v3vP+VozTBUFoChkAFgRBEGIx++1xFK7v5b13sFQgTvXvXhxVdeuUP+451KiKY10ZHC77l8Hx3ODgMb7r+n8PoowOru/EQFy17NjG7WB5fw7Gw8vSNrrsYNe5+2EdqjZ3sBt2uMM6VMbyx+1AtdjBbmcHKoped6gSpm8qbTs72Insp0G8npj60xW9CYa+CkliP0npE73p5Au9KHsz6U30CokO6U1T+mOs4UA8QJfbv9X0u6I33dSfUH+nHc+fpPYXrBBffBPrT+Td0cf6E13+XupP7BoOxAP0uf6YBhSSZL/d+uPRlN4Ez+iZ/ngV2GW9CdJhe2tKfwzZalfoEdSf5vUmGG9Rf5LYzx2mN8H045Z2c+tNIN7JO0De72yi9zuCcHchA8CCIAhCLGb/zRgo13eqrvSlvBK3vDK47Fl5e/s23hPYpTIIHPgd3/U8D9JbWYxSIXsAe+nWk6Q7V/m7ar1D074OTsSFe9WhiE0vO/Dt6dB3fQZwMAzr0BhqtyP0tAPVyw58MCTQIB4R9hNxdFh7t3vAwFeb0frTj3rTTf3p+oBpIG7ITtf0p0Fxu6I/fWV/vdQfAg3iizewn8R6EwxFfzqgN8F4Qv1pyp6CBTLFa+kHf6eu+DFrty30pd54dFJvgiHVBtlkehNXf+JlMHhCm2kp/aQKm6T9O6U/geKH6U2I/nRTb+LqT1voqf0Z9KZOfzrYAon1p5Z+1B9f7UY3312hP820f3f0RxDuJmQAWBAEQYiFtwIYfCt8y39Q5f8Ef1e4vpuCyh8qx1biqhovH+8RdNca/Rb8vebvvvTjOrima5lTiHCA2+7YJnSAI2agttyBigpjdKji1mZTdLtDlSj9JjpM7ehgJ+owtdgBb0OHOlGH2/dDT2YAd7VDn1BverXipgn9aavedFN/utr+rabfAf2JbX/BDMeNhxe3Em+i/UV/mqWX+hMssBftst4EwybsrUFttkd/uklTehOMt1l/ktjPJtCboL2Z9KZu/LgT9IXeeOl1Um8M9hOmN0Fz9OW47frTBvsz1W4sutr+SdMP3gAd0J+mn3fBAjQunjHeA/2pqa0G+tP79m81/Rj20nf9rdqwH/XHVJtN0Wv9EYRNhAwAC4IgCLG4desWAEopKvv2Bv4/6d/CQtPfTMeYfo/z90Y0c44gCIIgCIIgCIIgCIIgCIIg9Jp33r2Q6HirQ/kQBEEQ+pxW5/80c77MORIEQRAEQRAEQRAEQRAEQRCEziIDwIIgCEJHBmaTXlMGhwVBEARBEARBEARBEARBEAShdWQAWBAEQahBBmIFQRAEQRAEQRAEQRAEQRAEYfMiA8CCIAhCJDIoLAiCIAiCIAiCIAiCIAiCIAibAxkAFgRBuMtp1+CuDBILgiAIgiAIgiAIgiAIgiAIQu+RAWBBEAQhNu0e5JVBY0EQBEEQBEEQBEEQBEEQBEFoLzIALAiCIFTwD8jGHZwNHteNQV0ZOBYEQRAEQRAEQRAEQRAEQRCEcGQAWBAEQRAEQRAEQRAEQRAEQRAEQRAE4Q5BBoAFQRCEvkVW+gqCIAiCIAiCIAiCIAiCIAhCMmQAWBAEQWiIDMIKgiAIgiAIgiAIgiAIgiAIwuZBBoAFQRDuYmRwVxAEQRAEQRAEQRAEQRAEQRDuLFK9zoAgCIIg3ElorXG0RjtuCBoZZxf8KAWgsJRCWeXQ/eOdgVOCUh5KBXCKblw7vc6V0CzKAssGKwV2GuyMG78DEL2+O7iTNVdsuJ47ub0FQRAEQRAEQRCSIAPAgiAIAuC+RIz7gsw7Nu45Sa69WSk5Dk7JKb+AFQQzroloSlpDeVzUUgrLtrCtTfxxlkIWChvuwK9w56AdKDluuxbW3b/ZaUgPQnq4t3lrEtHru4s7UXPFhs3cie0tCIIgCIIgCILQDDIALAiCIHSVO20wuFRyKDmlu37FjdAajtY4xRIlVcK2bGx7E72kzmchvyarfO8mSgX339waZEYgszkGgkWvBY/Nqrliw82xWdtbEARBEARBEAShFWQAWBAE4S7lThuI7TaO1hSLJdlHWWgrWkOxVKLkOKRSNlY/36OlAuRWZMXv3Yx2XBsobsDAmLsyuA8RvRZMbBbNFRtuD5ulvQVBEARBEARBENqBTH0VBEEQhISUSg6FQlFexAodQ2tNoVCkVOrTVbX5LGQXZPBXcCkVXHvIZ3udkzpEr4U49LPmig23n35ub0EQBEEQBEEQhHYhA8CCIAhCHb16ybgZXm4WSyWKpVKvsyHcJfSlveVW3VWfghAkt+LaR5/Ql/eP0Nf0m830W37uNKR+BUEQBEEQBEG4k5EBYEEQBEGISbFUktUiQtcplZz+eUGdW3X3+xUEE/m1vhgEFr0WmqVfNFdsuDv0S3sLgiAIgiAIgiC0GxkAFgRBEDbFytteUyo58iJW6Bl9YX/5rAz+CvHIr/X0c9B9cb8Im5pe21Cv07/bkPoWBEEQBEEQBOFORAaABUEQhFjczYPEjtayOkToOcVSCadX92GpIJ99FpKRW+nJHtGi10K76JXmig33hp4+YwVBEARBEARBEDqADAALgiAIHeNOGTQuFuVFrNAf9MwWZfBXaIYe2I3otdBOemFPYsO9Q+peEARBEARBEIQ7CRkAFgRBEIQGlErOHTOQLWx+tNbd/0xlPtuTlZzCHUCp0NVPQYteC+2m25orNtxbevKMFQRBEARBEARB6BAyACwIgiAIDSg5shpE6C+6bpOy76/QCl20H9FroRN0067EhnuPtIEgCIIgCIIgCHcKMgAsCIIgCAZKjoMsxBH6Da1d2+wKhSxoWQ0ltIB2XDvqMKLXQqfoluaKDfcHXX3GCoIgCIIgCIIgdBAZABYEQRAEA458BlDoU7pmm4WN7qQj3Nl0wY5Er4VO0g37EhvuH6QtBEEQBEEQBEG4E5ABYEEQBEEIQWuNI0txhD7F0brz+0Q6Jdn7V2gPpYJrTx1C9FroNJ3WXLHh/qIrz1hBEARBEARBEIQOIwPAgiAIghCCvIgV+p2O22gp39nrC3cXHbQn0WuhG3TSzsSG+w9pE0EQBEEQBEEQNjsyACwIgiAIIWhHXvwJ/U3HbVRW/wrtpIP2JHotdINO2pnYcP8hbSIIgiAIgiAIwmZHBoAFQRAEIQRZ+SH0Ox23UafY2esLdxcdtCfRa6EbyArguwtpE0EQBEEQBEEQNjsyACwIgiDU4N/z7O7e/+xuLruwOejCHsCC0C46ak+i10I36KSdiQ33H9ImgiAIgiAIgiBsblK9zoAgCIIg9CMdGfsu3uLMT97n5PklFvPlwZDUIFP79vLUY0fYPWp3INEq2SsnePHtK1xbKsHoXr5xLMt3X19w//8bTzDV0dQ7QDHLykYB7GHGhtK9zk3X6fj8DO2071rfOw5nGvz+6efhU9val14UH/w2/Mlvwt99Ex7oXrJt43vH4czn4Z/8GpiqrZiHXA5SYzDQ1dyF0057Cl66o/fCNV7+ozc4sz7MY8/9LMcnkpx7lu//zvtci6Ox82/xnT+/wsquI/y3XzrU+HrGiwxy9Ktf4Zku3kp8+DL/8fUFdj/9C/z8/V1Mtwd00s7ae+0GdqJshrdM8djPPMnRyc76HJudu3oOpCAIgiAIgiAIdwQyACwIgiAI3eDWSb77g/PM5WF46wSH9+xkW2qNG1fmuPDxOb7/8RWOfvkrPLO9Q+nPn+B7L11kJT3M/sO72TcxycBOeObJachsZbxDybaHJc68/i4fr4/x8LMPs9v784W3+M7rC9BwwEToH47D5/4xjIX8NB32R6Elzv+uO8h9+LfhuWPxzzvxu3B1DD7/HIx0LnubhgsX+HAdIMvZ965x/OndUWd0noEJHntkJ8N1P6SZkltJ8KizkwLzl2c5P3uDV//sBVb+zld4qpuTBZrg2slXOTmX5t4nn+TwaK9zIwiCIAiCIAiCsLmQAWBBEAQhEVprlFK9zsbmQp/nhR+cZ64wyOFnP8Nn9lZfxx49BhSv8ebL19gx3bksXDt7jRVtc+CTX+BLB6qrfo4e7lya7SPP/PVbXFotcS9UB4B3HnQHsMd29jBvQnxGYea4ecWq0F52fR6+dgwm70123qX/4K4ufloGgGGJN0/doqQGGRvZYOXCBc49tZuZXj8C02McOHxk8321QeguYXZy+GGeOPsS3/nbJc6cvcJTn9rbq9zFYvnGLS5dH2TsEUAGgAVBEARBEARBuMtRSsXeslEpJXsAC4IgCEKnWfnpOS7kYfi+h2oGfyukdnP82SfY38FBheW1ApBmePwO+uTj2F6OHj7C0T2JvsnaBj7mT/7X3+L3zmYTnJPl9Hd/i//xzz/uWK4EoYaxA/DgcdgtS0KbZvYsZxfB3vcAzx2egOItTr+/0etcCUJLDE+NMQzk19Z6nRVBEARBEARBEAQhAQOZ+FvgDWTSsgJYEARBEDrLBheuZ4FBDtwff6VNzX69gD00xoGHH+PZQ1urB3l7L37yCxxdeotXzy6R1cDQGIefeJrPHBiuHOPl5fSf/ymng4nVfEK5xMqlE7z4t9e5sV4ClWZq5hBf2nqN7/ztAmOHn+EXn5zGvLdl/d/PvPCnvHx9K898YzfzPzzLh7cLDB96hl98cisrs+/z5ltXuHB7g5IG7DQ77n+ILz15D8PA3BvP890z3oDLAi//zp/yMrj7TW5198ykkic3/4tn3+DFk3PMrZfrbmIrDz/+BMd9g+/VPN3D4ivvcvpmAYDhrbt56gtPMjPUqHXu5Stf286//d3f5/e+9Q/4h4dCBvVrW5PT3/19fuvMdv7Rv0q4GvNuw9ub92svwse/BqefB2c3HPxl+PpX4Nbz8P3fhqULkHoGPvcr8Li3JnwefusrwL+Fb+6BP/0/YPYUpI7BkV+Gnz0e/e2b9/4IXv4j9/rshp3PwRe+BXsz4FyD//gcrPwS/Itfhoz/xGvwfz0HG/8C/vtvgQVceQl+8J/cPLAb9v4S/EJgVa2zAn/9m3D6RcjPQ+Yr8Llfhsfa8Jnh+efht361dn9lZwWe/w9w9pVyesfh0D+ELzwDF8t1D8BL8FvH3f/t9v7MfUOJc2dukCXN4UMHGd5ZYPfbS1w78y5zD4bs57t+kTdfeZ+Ts66W2RPTPPVZwxrdxbO8+Mo5zi0U3D1Zp3fxmYfanP3K8+EzHLj6Bj++6uZrePtePvPZJ5iaf4sXXq/q/I5jT/DcozvKJ9/i1e++ymn28tyzY5z40QdcWiqBspncM8OznznCVMN7KUKH9RVe/uO3OLMxwVN///M8HLiXXv6jNzhTmObZX3yGGVX/PBzeupunPvc4M6O+CU16gdOvnODEpRWyJcAeZPfDD/Nzx3ZzB017ag95hxxgB14cRNbzvPfMfZqfmzjHX719i8UikBpm/yce40uHp2vqOqkfc3jhDX58foXs0F6+cSzLd0N8l4oPohc4/dJbvHk9S74E2DaTuw7w2acfYkfD57cgCIIgCIIgCMLmZWxkmI1cPvaxsgJYEARBEDrKHIvLAMNsi/mJ5+yHL/OHL17k2sYA+w/P8Myx3WxRK5z725f5ztu36o5fPPkyL1yxOfDoIY4fnmB4Y4Uzr7zCm0uUP5N8iJlJgDS7jx3imSfL/x6bqB3DArIfvsr/98Mr3NhIs/vwDM88NI19/V2+d3KlpVqAFU78xbucWbbZsnOaqaEC5D/gxRfOcWE9zZ5DMzzz5EFmRh1unDnB98rlHD8wwzNP3sPuAYBhZsp5fzj0q88lbrzxAn/4tzeYs0c5fOwQxw9PM7a+wIkXf8Dz54Mr91Y48RcnuGTv4PiTMxzdmSa7cI0XXzjJYkRpho5+nV/9r7byzu/8fsRKYHfw9zff28o/+ldf59HBuPV1h7K2Ev6vEzjur/81zD8MX/33cO8eOP+r8Me/Bn/wn93B4Gd/BdKvwl9/G4KLqp2T8J9+E7b9l/C1X4Ptg3Dqn8N/eqlx3l77VfizX3MHlp/9Dfj0N2HpN+H3/hmcy4O1Gx5/Dpzfhp8G7ofzL8IS8Mxz7uDvud+G3/sVWDnoXuvZb8Ht34T/+7eh4qfPw//7TTjxKhz8l/C1fw8Hc/BXvwQ/nm+2hhuQhz/5Jpx6s5re/ffC+/8SXjpb/mT0b5S/sX4cPvcbbvz+u3QFcf4DTl8uwdA0M7sANcPhfTasXufEhVLtsfoGrz5/ghPXNxjYupvHnpzh8Ngab/7lB8wFr7t+lu8//z7nFhwm9+7l+PF72K/neOGV68T+poDjsLK6VP9vtn518tyJ13lzdYKHj89weFua7M0rvPDCD/jeSzfI7byHZ47tYDJd4MbJN3jhYqBczgI/+stzLI/t4viTB5mZsFi8cpbv/tmJ+nJViKHDai8PzwyDXuLM6aXa08t7Lk8eeYgZBfnz1efhzLFDPHNsB5m1a7z4/Vc5V7mXbvHjP32ZVy+sYG/f6+r5drh24g3+MOSZedcQYidzV9/l+VevkSfN/Q/cUzk0Xj27lGZ/yp++s8b4zIxrP3aWS2+8WlPXzfgxL57LwsQE+7cOUjL4LscPjAEbnPzLl3n1SpYBr713DZO/eo7vv3G+M3UpCIIgCIIgCILQB2ydHGNwIPg2t57BgQxbJ8dkBbAgCIIgdJY1lnNJjr/GW+8skFdjPPX1L/BweSXL0UfLK6bee5eTx2pXTGXtHTz3d59ghwI4wj6e57tnsly7sgFH93L0MNiXz3Ju0WbL/iMc9Rbzza9x8tRSdTyqkvYwj339Zzk+4aV9g1f/5PX6lcOJKFCcPMK3vnSI6nrZHTz7C3sZG6sOMB09NErpOye5cOkKi49PMzk9w9HpWyy+d5FruUF2Hz5CZdvi4BhZ/gN+fHYDhnbz83/3SXaXP6n92LF3+d4fn+PS2ye5dvDJ6h7CFLD3P80vfrK86u3wDvjuq5xevMWlPExG+FNDR7/B//IPvsv/9Du/D/912Erg6uDvP/kfviGDv7wE3wkbhP08/JNfq90beNc/hm+WV6AenoJf/xZceRH+zn+GY+WGmVhxV6yevwb3+lbM3g4c9+Az8L1/Bmf+Nzj9DBwNadj8m/Dq8zDxbfil8iAux+HxQ/Dr/xz++i9g5jl45Mvww+/BT1+F41/xToYTvwvWL8EjY8A1d1XvwC/BP/1lGChf6/AU/MavwKlvwuNjcPoP4eY8fOp78Ond1bymvwU//gt46lvNVbORs3BuHvb/e3jumWp6X/lvYH0bjAEPHoAPgWuyX/Pi6cvc0DA5c6isGTYzh3fw40vXuHD2A/IHjlQm0Ky8+y6nV2B45gm+5e2pevghHjv9A3737drJApfe+oBredjx+Bd47mhZMw4fZea1/5+9O4+v6rwP/P+5i1YQAoEkIxaxCCRbYCPbeAGbxDje4jWJ49ipm8ZO0kyWjjtx0vQ3TdJp03bSqd1X08kybVKn4zh2YntiYztecLzhAAYM2CxGAgFmEyCQQAgktFzp98eVhFYkga6uJD7v10vo3HOf8zzPOfdw7tX53u/zvMwLpZ0CsD2pKePV35Z1Xd9lRAaoT8/l3pvmRK+7+anUPbGBnUerSb3k+rb2C0dHszD37dsPue1GqqipIaldOQryyHn1NZbt38XyD87n9gu6uaj19TpcOIXsTSUc3LmNw0WtfT7JhpJDRALpFBSmA2W8s7aS+nA6C2+7hsLW98MZ63lyyS7WfVBF3rx06j/YxIZqSMtvfz0/n+w3X+T1kq3svCST6X07siNLT+dJUhqFi69k4cTWfN2+Hee2aqtCXHFnu88nBSW8sGQLZW2fT87gc0wkjUV3LqKgXfZudk+fXShhdzkwPo/br2s5twvmsLDxEIdr+/hNO0mSJEkapnKyxlNWXtFjJnByUiI5WdE/oMwAliQppkYxJqkfxSvK2FcLZE9uu2kKQGAy+VOTobmKsr0dN0nLzW0J/kZNGBe9WV9zop9Zu21t57YFf6NtZ1OYe7bRy2RmzWsf/AUIdQj+Ul9N9YkQSYlAc4TG/jax6xAHmyF1am5b0AGAlPPJywZqK9ndIbU3men52e0eZzI+DaCB6j4eumgQuLtMYIO/XbXLKu3w84Vo8LG9KTNOLQcnwGiA2zsGb8e3BE2rO38ToFM5EmH+7UAF7NzZfdc+3BjNQi6c3/HTcdJ8yAOq3oUjRIdMvtnyGAAAACAASURBVGRhdHjl8pYy1cujgdXCxdFhoY+URLOBp1wIje2ynIPTYBywtyVleecS4BrITeuYDT1pIdRt6PoFh7M2DSaPh71Pwfs7ofWLKeHxXY//ua55B2u21EBbILLFefnkpwPle3i/XeLqvgPVdDfMf+oFk+k4mPch9hyKAOnkXdD+ahgiZ1Y2vQ0m3yYpnaLL2o3m0PozbwpjOhVNy2pXbyCN1GS6tp+RShrdzQnbuZ+pFMzJJhE4eKDTG1Grvl6HE2czf2YCHD/IBwdaylRtobgcQlNyo8HBowej70kZmUyNtMtkDWVwXiocPRTdcPeBKiCZSROT22W7Hid7/GhorKYsFgn1w0GH82QGU0cDgVQKFl7JwnZTIvT1OLfp/PkkJZ+Lpyac+nxyBp9jUqfndwj+nt55ZI8FKnexbONeDtdGp3AgnMkEr2WSJEmSRriEhDC5k7LJzBhLclIigUCAQCBAclIimRljyZ2UTUJCNPfXDGBJkmJqAmPHAIdqqDgE9Jac0tBEBCDQ9alQy7rGTkliaWMGKOPlNG2PHZMKdB1etO+6GQK7uZqda95leWkVNZ2jvaP730KkoWWewUDn77eF2o5dpMOxS2Xs2P6301nXTGAM/narH1mlGd0VSurbVxfTc7qWS2r5Fkakh3lSGloi/qFuvq0RBKg7NUz1/NthzV/AuyXw8XxYuwRYCJe2zKNddyz6u/TP4UfdtBXcB+RDbQU9Z0UTDQAPaAZuGtz5U3juh/DyXfAykLgQCv8IFvdhfuRzSP2WXexsBDLHM7W+iup2p012VjJU1VDyQRnzr8wBGqJzkELX867LtbSh5Rp06prUJkjf56pNSGN6wfld5yHuRvfvD920352UUYzrXC4xSBJQH+k+W7nv1+EQOYU5jC3dxbbiHSw6bwZlH5RxlAQKClq+AHKyIfqeVF7KE78t7dpYsJrDNFBTD3CS4jffoLibPh2p5NzMZu90nhTOSOKFp7dQvOxdsu5cREHr92T6dJxpqyc1rWuUNTEcAhqin0/O4HPM2IzsroV7lM7864qof2sTm9e/y+71QCiBCVNnsOjK3uanliRJkqSRIWNsGhljT/8tWP88kiQpppKZPjmNdw5Vs3PbXhZmTj598YRgNAjQ3PWpSMu6cJ+jBP10mraPHuvj7JTdbNuT6k2rebW4GkZnUDgrk7EJACfZ+f4uuhm0slehhOiBiTR3nlA20nbsQjE6dimFn+S7d/2W7z/6OBUzYWtZBp9/wOBvXFSVRYO17eNPdS3prqEexvVOaPnAHOlmvPYm6BB8TlsIeeNh8+twLfDecsj7CWS11tUSRM75C7hkWtf6kmcAidFsYebDR+/rPgN3Yg/7dzaSpsOn/wWa6qFqH7z/FKz6KlT/BD41PwYNDkdVvL+tJb330A6e/G33c4rWlJaw4ZIcLkxMILH1utL50tPlepjQcg1quSa1D5A1QR8HgB48tSc40kzHTN76pmjyeA8X035dh9PPpyBrF+/s2cWGWji4swGy8rmidY731veksdksnN3Nt3USMxhDAodDEJ0ndgbTu8kiTet2zvhzUGI+V+Tt5LfFlby7toyCK1vy0/t0nE+p6WaIjPqWiG44xOB8jknJZeGNuSxsPknNkcPsLClhzbYSfnsCPn/jqeHZJUmSJOlcZgBYkqQYS5uTT0HxuxSXvs+rEzO4bnqngT4bD7F+5V6yry4iZ3wOk1L2UnxwLxtq808Nn9i8l5LdJyGQTk4vMeQz1tb2LtZU5Z8aBrr5IJt3dc7+Hcu4VCg7UcPhZpjQEiCo2VrGwT42V9cybGPO3EUsnNWysnYTpWuAhI5lo1lDDdTWAj0NE5mbSfY7lRzcvYuyy7JPBS1qt1B6EEjJYOoAZPz2ZMxFn+S7PMcPXoLPP3AblzoUZZwsgc1fODUHMMCGJcB4mN7DTKDT5kYDvJvXwMLbTwV769ZAKZB+aXT4ZgASoeheKP0hPF4GdflQ1C54Ov5CSAeO1EFBpyGl28fE8u6H4iUQLoALOp0sjcTgU3p9tE/j0iCYCOOmw0e/AKVPwaF2X7kIjQeOQ+1Atz9MHCihpAoYncn8CzK6DSRVf1jKhvIqijdXcWFROjMmpbNsfxXbPtjBwo+cGr685oO9nb7Mksn0iQls3lbF5verKGybVzVC2baD9PFrNoOoitIPaihsnQOYCDu3HqQeyD6vhzeifl2Hk7kwP5M15YfY/PJWqhtDTM+ffeqYt74n1TSRmn8+09sHopsbiJBACNqOf00gh8KC9vMXQKSxgZB/8baZMG86OaVbKGv7AgN9Ps5tunw+2cHm3Q2nPp8kDtznmHDLFybqaiOcypE/ydHKBsZmpEEgmdSMyRRemcTR/cvZXB3NVs7psUZJkiRJOnf457AkSbEWmMyi645y5OVSdr69lMc2pzN10nmMT2mgYs8hdh+opqY5gcL8InKycrh0XgY7VlbyznNLKZuew5SEGkp3lnGwFtIK50Rv2MbEqbbXP/cyB/MnM72l7epIAtDQrmw20yclsHlbJe+8uJramWlw7ACbS6r6nMU2ITuNxOKTlK1byuvHpzCuoZJtu45S0yUzKJOC6als2FDNmpeW03hBBuPGTyev8wijibO5In8XS4rLeOGZNyiYfh5pDZVs23mIo80hpl5yYcxvCo+56Db+4aIYNzJsHYfSNXT7DYHMiyBzgE7stPnw1p/DrttgRhKsfQrKNkLW9+H8HtpInA8Lb4S3/w4e+RAuWgANJbDuMWiaCx+7qWP5GYsh/YdQ/jKkfwdmtH8yBxZ/BZ75IfzkQ7j4GhgL7H03mjW86DG4JA3Ovx1WL4Hf3ws77ofCHDhRBlvfgIpL4ev39jLkdRm8+Rh0N8f4pfd2+RIF1cvh3/8RMm+Cgkujfdq2JDrUdEG7HZhzL2z+ITz7Q7h6AWQWQM658m2GCKXFB6khxPSiKyia3kOaYm6Eg0+XcrC0hLKiy8g5/wIKS1ayedcG/vO5gxTOTqO+rIxth+pIBNoPPJ4zL4+cXVso2/AGTxyaTMGURKp3lrGtqokQfcwCbqhmZ/GWbv4rJTBhRh7ZA/UekZRMzaY3ePJgNrNyEjmydQ+lRyOQNpkrzu9heIP+XoenT2fWu4corj4JKTkUdjjmre9Jh3j1yaVMnZ7DlDFw9NAhdu+uIlR4DXfNSyex9fhveIMn9ueQNz2N1Npqdu47RNnxsVz3mYUdg5rnsrYs4Co2rC3jwitz6OtxbqtidAPr2j6fVLN560GO1kNawQUtn08G7nNM3sxM/rD3EKXL3yR8QQ7jM3IoHL2DpS/sojotnemTMskeA0f37GXzcQhNTO/T0OiSJEmSdC4wACxJ0mAYO4fb78ymeN0WNuyoonhjSXR9OJkJk3JZOH8O01tiLKmzFnFXynpeX7uX3cWl7AZCKWnkXV7E4vyMmHYzddZCPhVay6trD1JWXEpZIIHs/CJuT9/FE6sqCSWeumubc8WVLKx9l3f2lbGmAkJpGVx8XT77lpb0bQjn3Cu44/J3WLr2EKUbSyCcSt6Vc0hav57NnYqOnXcVi2tX8s6OQ6xffYi0ggnkzexcYYjsy67jrvTVvL7hcNsxDqVnULTwUuZPdjzm+FoDb67p/qmrX4bMAZqkM3EhfHoS/L/vw+adEJ4LBf8CNy88fUB1wfdh7IWw7Cl4/TEgB867C+64FyZ3jlbkQOE1sOINuGRx17pm3w/35cNLv4Llfx7N/E25Bgq/Axe1/EcP5sCfPAXLHoENj8COMghOh6wb4Y7b+zDfcQmUlnT/1Ox7u855mnYN3HIYVr4Ebz926lgVPQIfm3uq3LR74cZ6eGsJvPwYFDwCt8/lnFC1gXW7I5Cey/yegr8AKeczf+YuXig9yOadEXKmZ7Pw1oWMXbaed/YdZP3qg4TSM7nihlx2Prel4/UwJZ9bbklm+R82UXxgL2sOhEjNnMh1V8Hy1/fSdXDdbtRVsX51VTdPJFOYmUf2QM13mzCBxYvTWP/GVtbsjUAgxNiJeVx1zRyyewyo9vc6nEP+1GSKS04yNi+/y5d0Umct4q70TSxbuZN9JaXsbib6vjk1n0VzWoKSgWwW3rGI7Hfe552dZaw/BARCJI5Jp2jBhQZ/O5kwL5fskhIOlm5hw7wcLkzp43FukTSpiJvSS3np3VJ2R4BwKjlFc7hp7ql5fAfsc0zuFdx0yXLeer+S4vUlMDFI4XVzWHzZSZZtOkxpcRWlEJ0DePr5LL4q3+GfJUmSJKlFoLm5uR+z9UmSRoqDBw8SCAQIBKJ3Rvu63NfnW51uXeflvjzubX1P+lu+rr6h90IjUXP0Jn9HEcpWvMwLpVBw3c0sisXcpDojSYmd0zwHUHVfB/MeKirg5zcC34cv3hjjtqrh/y6GIw/Af+0tU1dt0rJ7L3MGztnrdcwcYvlvl7OZyXzyk5fGOKOyijVL3mD9iUwW37OQvCEerI3VNXdYnMMV7/LE7/ZCwULuuSwz3r0ZFDF9j5UkSZKkfqqtaexXeTOAJUlSiwhlK1/mhZ0hsiemMyFzLGMTGqjYWUbxoQYYO4MLDf5KsGMJHAAuX2zwVzobOzexoQpSZ00f8sFfSZIkSZKGEwPAkiR1IxCAc2+MjBA5l13GovAWNuw4zOa9LRmg4eS2oRXHxreDaqefSe1n0EAQmpti3MhwVA9rHwNuh0tiPav0CBKIXaT83LxejwQ1bCg+RIRU8i8Y+v+XYnnN9RweemL+HitJkiRJMeYQ0JJ0jnII6NOrb2jEt0gNZYFAgMSEGH6Xr6YSIsNgWFIND6EESI3NHOZerzUYYnnN9RweemL+HitJkiRJ/dTfIaAdtE6SpG4ETf3QEBfzczTojW8NoBieT16vNRhieZ55Dg89viaSJEmShjsDwJIkdSMQ9MafhraYn6OhhNjWr3NLDM8nr9caDLE8zzyHhx5fE0mSJEnDnQFgSZK6YeaHhrqYn6OhxNjWr3NLDM8nr9caDGYAn1t8TSRJkiQNdwaAJUnqRiAQ8Oafhqxgu7m3Y9dIyCxgDYxQQvR8ihGv14q1WF9zPYeHlkF5j5UkSZKkGDMALElSD4Ih3yY1NA3auZmQPDjtaGQbhPPI67ViaTDOL8/hocPXQpIkSdJI4F82kiT1IBQMYgKIhppAIHpuDoqEVAj4cVFnIRCMnkcx5vVasTJY11zP4aFhUN9jJUmSJCmG/MtGkqTTCMVw2FLpTAz6OZk4anDb08gyiOeP12vFwmCeV57D8edrIEmSJGmkMAAsSdJphEJB54HTkBEIBAgN9tCUianOBawzE0qInj+D1ZzXaw2wwb7meg7HV1zeYyVJkiQpRvzrRpKkXoTDZoNoaIjbuZiUFp92NbzF4bzxeq2BFI/zyXM4fjz2kiRJkkYSA8CSJPUiGAgQDnlTUPEVDoUIxiszLJRgEFj9k5QWl8xxr9caKPG65noOx0dc32MlSZIkKQYMAEuS1AehUNBhARU3Q+L8S0x1PmD1TeKoQR36ubMh8f9Fw1q8z6F4t3+u8XhLkiRJGon8K0eSpD4Kh0LeINSgC4WCQycbLGm0QWCdXuKo6HkSZ16vdaaGyjXXc3hwDJXXW5IkSZIGmn9RSpLUD+FQyBuFGjRD8nxLGu1w0OpeUtqQCP62GpL/fzSkDbVzZqj1Z6Tx+EqSJEkaycLx7oAkScNNKBQkEAzQ2Bihubk53t3RCBQIBAiHh/B8hImp0fld66oh0hDv3ijeWueIjsOcv73xeq2+GMrXXM/hgTeUX29JkiRJGigGgCVJOgPBQIDEhDCRSBORpgjek9VACAQgFBwmw36GEiA1A+proP4ENDfFu0cabIFg3Of77Quv1+rJcLnmeg4PjOHyekuSJEnSQDAALEnSWQiFgoRCQSJNTTRFmmjyrqzOQDAQIBgKEgoOw5vSianRn4YaaDhpRvC5IJQACcmQMLQDv515vVar4XrN9Rw+M8P19ZYkSZKks2EAWJKkARAKRm8sNjc309TcTHNTc8uN2WYzddRBdMTJAMFAgECw5fdIGIYyITX60xSBSH00ENzUGH1sdvDwFQhCMATBcDTwG0qMPh7GvF6fW0biNddzuGcj8fWWJEmSpDNhAFiSpAEUCAQIBQJgkonOVcEQBFMgISXePZFOy+u1hjvPYUmSJElSTwwAS9JIFqmHktfhw1WwfzNU7oITFdBYT1YogeaUDCLpk2nMyqdh0sU0zlhEcygh3r2WJEmSJEmSJElnKNDcPLIGiXpvUynrN5VSsn0PFZXH2tanpiQxJSeLorl5zCvMY3zGmDj2UpJibO97sOZX8P4z0Fjf9+3CidQVfJy6C+8kMnEuEM0uaR06r/3vnpbb/+5tXeflvjzubX1PHP5PkiRJkiRJkjQc1dY09qv8iAkAr99Uym+WvNEh6Hs6C+YXctv1CwwESxpZjuyG3z8cDfyepfrzb+bkwq/RNHayAWBJkiRJkiRJkuLknAsA19TW8Z+/fpn1m0o7rE9JTmLKpMy2x7W1dewpO9ShTGpKEp+5/RoWzC8clL5KUkyteRx+973+Zfz2JpxI7eL/j/qL7gQMAEuSJEmSJEmSNNjOqQBwTW0dD/30SfbsK29bt2B+IQvmF5I/c0q35Ves2cTvl62j4sipTOH77r7RILCk4e3Fv4EV/xGz6usuuZeTi79tAFiSJEmSJEmSpEF2TgWA//aff9kW/E1JTuJr99/ebeC3s5raOp57ZQWvvb2ubZ1BYEnD1jPfgrW/iXkz9XM/wcmbvg8YAJYkSZIkSZIkabD0NwAcjlE/Yu65V1a0BX+n5GTyza9+htSUpA5l9uwr5zdL3gSiwz3Pm5PHgvmFpKYkcfcd1zB1Uha/+PXLAPxmyRvkz5zinMCShpcX/2ZQgr8AiRufgaTRnFz87UFpT5IkSZIkSZIk9V8w3h04ExWVx3h+6Uogmvl73903dgn+AqzfVErJ9j2UbN/D+k2l/OLXL/OXf/+ztsDxgvmFXHv1xUBLVvDSFYO3E5J0ttY8HtNhn7uT+O4vSXz/6UFtU5IkSZIkSZIk9d2wDAC3D9TedsOVTJmU1W25ojl5zJ45mfHjTmX1VlQe6zBv8G03LGh7fsWazVRUHuu2LkkaUo7sht99Ly5NJ7/2DwSP7o1L25IkSZIkSZIk6fSG5RzAD3znR9TU1pGSnMS//v3X+7RNReUxfvyLZ9lTdgiA8Rlj+MFffQmIBn5bh4K+9forue2GBbHpeHvVpSxb8jve2n6Q6hPRcbvDo9LInrmAaz/2EeacNxxG597Eo3/xKJsu/Bz/69458e6MdG556gF4/5m4Nd9YeCsnb/1HwDmAJUmSJEmSJEmKpf7OATzsMoBLtu+hprYOiA7h3FfjM8bwvQc/x+yZk4FoQHjFms0AzJuT16H+WKvd9ATf//t/54WdYfIW3sE9n72Hez57D3cszCO86zUe/ef/zg+eLKY65j2RNCztfS+uwV+A8ObnCe3fGNc+SJIkSZIkSZKkroZDmmkHrUM3A+TnTen39vfffRN/+fc/A6JBYYDUlCSm5GSyp+wQW7fHeFjTpmJ+99R6qidcyze/cQNZHULwRVz2sU9Tue4pnt6fQlpseyJpuFrzq3j3IGrN41Qv/k5LBnDrSjOAJUmSJEmSJEkaSAmh5H6VH3YB4NbsX4gGbvurdejnmtqTHeYOTjmDus7I9k1srIXc6xd0Cv62CpNx8T386eD0RtJwE6kf2Ozfq/8NJq6FJ/+935umbH2JmsXfozmY6BDQkiRJkiRJkiQNEcMuADwQxmeMYTxj4tN4UjJhoLa2FvqT49tUSfFLz/LCu6WUn2iEcAqTLriWOz61iNyU9uUaKf/gLV5+fQXbD1RT2wgkZZB78Q3cc3sRGe2Czpse+wse3TCHz/3DLTQ8/wSvrNtFZfIivvZXt5AL0FjJ+tb1dUA4hazJRVz7mVsoGt/x1GmsWM+zv3qWdXtraQTC583hlrs/y4Kcc/IUk2Kn5HVorB+Yuq7+NVw3B179uzPbvrGehJ3LqM/72MD0R5IkSZIkSZIknTWjc4NtcgHnj1rG6t8/whMZ9/PpeVmEe5uJuamc1/71IV4pz2LO4ju4dkIC1O1jzdIX+PH/KudPv3sneS11VK96hIeeP0huQRHXLppEGtCwbw2vvP0EP2xK428+ldep8nJe+9EPOHgil4KLb2Dx9DwyAGo38ej/epRNtWnkXn4LN0xPg7pKNr79Gk/80zH4u89R1Hr2HHiNHz98jPD8a/n0ojSo3sWy11fw7L/+G/x/X2NB+kAeQOkc9+GqgamnNfj7xmfg7TOf+zyhbK0BYEmSJEmSJEmShpBhFwBuP2zznn3l5M/s/zzA3ak4cgyA8eNinBkczOPO/3oP/MdTrP71Q6x/MkzG1AIKZs+lqKiASeNTurwo5a8/yisHJnHDnz/Atee1ri2i6MJJPPqDJ/jd8ht44OpoNnHa5ffzD/PDhNtXMq+I7Kbv8+PlK9j0iTzmdAg4l1M54XN898/ncCqRuJFN/+8pNp3I4tpvfJMbzjtVuujyj7BvbyWT2tdfXsvMr3+XW6a261tmI3/9yGrWb6pmwUJnM5YGzP7NZ19H++DvG2dXX7i8+Oz7I0mSJEmSJEmSBsywCwBPzTkVAH5v03Y+tuiSs66zovIYFZXRAHB+3sAElE9rXBF3fnMuN5d9yJr1y1i/rpgVSzexYikQTqNg8T18enEeaUGAXaxeVQ6z7+Qj53WqJ6WIi2c9waMbN1J99YLogNLBcLcZxSkpKdBUzsHDMCer/TNZLLq+ffAXqF/H6g21UHBzu4BzqzCTJmd1XDVtER+Z2qnYjKnksppdBw7Sr6GuJZ1e5a6z234Ag78Aoaq9Z12HJEmSJEmSJEkaOMMuADw+YwxTcjLZU3aIku17qKg8xviMs8vafW7pirbleXM6D5EcK2FScvJYlJPHopuBxloqyzay7LlXWLH033no8P189+4CwlRTWQVUPc1//4unu68qq5a2GYWbqild/gy/W7adg1XR+XjbFexuY7I7rz5aTSWQNXVa306QMWO6hngTU1vmOj7Zlxok9dWJijPftm3O35vOatjn9oInKwekHkmSJEmSJEmSNDCGXQAY4GOLLuEXv34ZgF/8+mW++dW7zriuispjrFgTzYIbP24MRYMWAO4knELG1Mu44+tzyXnkr3l63WusvrmABa2R1Qvu5LufOr/7bYMpLQHYRoqffIhH1tWSNnUBN96cS9qoLPLOG8PBN3/Mv789OLsiKYYa689ww+/DdQtg3cAFf8+uP5IkSZIkSZIkKRaGZQB43pw8UlOSqKmto2T7Hp57ZQW33bDgjOpKSUkiJTmJ2pN1fOaOawa4p2cihWmTM6C4kdp6gDQy0oFjJyEtrZfBlEtZ/14tTL6FP//6og5la5P60YWxaWQAxWX76D5rWNLw8114dRZc9xuoGOAgsCRJkiRJkiRJGjK6mS12aKuoPMZDP32Smtq6tnXPL13J80tXnlF9qSlJ/OA7X+J73/jjwcn+rVrBo4+uprKxh+drN/HyykoYN5OC8QC5FM3LgL2v8cym2m7KV1LZtjpMQhJQ30CHkq119lXixRRdAGx6jVcOdH268kh13+uSNLDCiWe+7dt3w6ub4LqX4JrC+PdHkiRJkiRJkiQNuGGVAVyyfQ8/+cWStuBva+YuwHOvrKCkdA/33X1jr3MCb92+l9kzJ7c9Tk1JInXS4GS6NpZXUl68jB9851myZl9GUWEuGS3ZudX71rN6eTHlTZO44cu3MKllm0k33c8N2x7ilcce4seXf4QF09OABiqL17DivV2w8Gt899ZcII9FH53E6pde4d9+VssN8yeRULePNUvXcGxUGpzoay/DFH3iHtbveoLX/uX7lLa2WVfJxuWvsam8gHv+7nMUDauzRxohRo2Hqv1nvv3bdwO/jmYC8xl4Y/NZdacpOeOstpckSZIkSZIkSQNr2ITwnl+6kudeWdH2eEpOJp+545oOAeGS7Xv4y7//GUVz8sjPm8KUnCyaaSZAAID1m0pZv2kbFZXHuPbqi7k7DkM+h2fdwjf/9iPsWvsWr61az7IlK6htyQYOp2Uxaf6dPPCxy5jUfvzmYBbX/te/ZNLrL/DK8pd5YmUjECYlaxJFn3iAa+dPaiuadc3XeCD5cZ5euoKnH2+EpCwu+9QD3HH4ER5a2o+Ophdx/zfSWLbkd7y17gWeWAmEU8iafBn3fOsWg79SvGTknl0AGAY0CBxJn9x7IUmSJEmSJEmSNGgCzc3NzfHuxOnU1NbxmyVvsGLNqQDFgvmF3Hb9An78n0vYs68c6JgN3Bfz5uTxtftuH/D+SlJMvfg3sOI/Bqauq38N182BV898TuDaons5sejbBALRL9p0/t3bus7LfXnc2/qe9Le8JEmSJEmSJEnD0ZCeA7imto6Hfvpkh+DvfXffyH1338hzS1e0BX+n5GTyg+98ifvuvpEpOZm91rtgfiF33z742b+SdNamXT5wdb19N7y6HCbedMZVNORcMnD9kSRJkiRJkiRJZ23IZgDv2VfOQz99ssN8v9/66l1MmZTF75et5TdL3mxb/9cPfq7DvL8Vlcco2b6Hw5VVHerMz5tC/swpg7cTkjTQIvXw/QugsT7ePYFwIhX/ZSXNoUQzgCVJkiRJkiRJGiKG5EyunYO/U3Iy+dp9dzA+Ywx79pW3BX8B7rvnxg7BX4DxGWNYkFE4mF2WpMERSoSLPgFrfxPvnlCXfwtNwQQMq0qSJEmSJEmSNHQMuSGgKyqPdQn+fvOrn2F8xpi251rdev2VFM3Ji1dXJSk+5v9RvHsAQO2cO+PdBUmSJEmSJEmS1MmQCwD/eskbXYK/qSlJ1NTW8eP/XNL23Lw5edx2w4J4dlWS4mPyvGgWcBzVFdxCQ/acuPZBkiRJkiRJkiR1rqDlXgAAIABJREFUNeQCwO9tKgVg/LgxHYK/D/30SfbsKweigeH77r4xnt2UpPj62IMQToxP2+FETlz+1fi0LUmSJEmSJEmSTmvIBYBbpaYmdxv8TUlO4mv33UFqSlKceyhJcTRuKtz8t3Fpuvrqv6QxfVJc2pYkSZIkSZIkSacXjncHOhs/bgwVR46xZ185D/3kSQ4fqaKi8hgQDf5+66t3MT5jTJx7KUlDwPzPwqFtsOI/Bq3Jmnl/RM2cTxIYtBYlSZIkSZIkSVJ/DLkM4M/ccU3bcsn2PV2Cv1MmZcWra5I09Hz8r+GSzwxKU7Xn30H11d8alLYkSZIkSZIkSdKZCTQ3NzfHuxOdrd9Uym+efYOKI9Hg7+yZk7n79msM/kpST178m5hmAp+46LMcv/pbEIjm/gYCAQK0W263vv3v3tZ1Xu7L497W96S/5SVJkiRJkiRJGo6GZABYknQG1jwOv/seNNYPXJ3hRI5d9W1q53wy+tgAsCRJkiRJkiRJQ5oBYEkaSY7sht8/DO8/c9ZV1c7+OMcv+wqR9EmngqcGgCVJkiRJkiRJGtIMAEvSSLT3PVjzq2gguD8ZweFEavJu4kThJ2nMngN0DPAaAJYkSZIkSZIkaWgzACxJI1mkHkpehw9Xwf7NULkLTlRAYz3NoQSakjNoHDOJ+gmzqZtYRH3u1TSHEroEdQ0AS5IkSZIkSZI0PBgAlqRz1K4P97UFb7sL9nYJ7HYO8hoAliRJkiRJkiRpyAnGuwOSJEmSJEmSJEmSpIFhAFiSJEmSJEmSJEmSRggDwJIkSZIkSZIkSZI0QhgAliRJkiRJkiRJkqQRwgCwJEmSJEmSJEmSJI0QBoAlSZIkSZIkSZIkaYQwACxJkiRJkiRJkiRJI4QBYEmSJEmSJEmSJEkaIQwAS5IkSZIkSZIkSdIIYQBYkiRJkiRJkiRJkkYIA8CSJEmSJEmSJEmSNEIYAJYkSZIkSZIkSZKkEcIAsCRJkiRJkiRJkiSNEAaAJUmSJEmSJEmSJGmEMAAsSZIkSZIkSZIkSSNEONYNHDlyJNZNSNKQNW7cuHh3QZIkSZIkSZIknUNiHgA2+CFJkiRJkiRJkiRJg8MhoCVJkiRJkiRJkiRphDAALEmSJEmSJEmSJEkjhAFgSZIkSZIkSZIkSRohDABLkiRJkiRJkiRJ0ghhAFiSJEmSJEmSJEmSRggDwJIkSZIkSZIkSZI0QhgAliRJkiRJkiRJkqQRIhzvDkiSBkZtTWPbcuXRaqpP1FBX3wBAUmICaaNSyRibFq/uSZIkSZIkSZKkQWAAWJJGkIaGRsrKKzhZV99h/cm6ek7W1VN9ooacrPEkJHj5lyRJkiRJkiRpJHIIaEkaQboL/rZ3sq6esvKKQeyRJEmSJEmSJEkaTAaAJWmEqDxafdrgb6uTdfVUHq0ehB5JkiRJkiRJkqTBZgBYkkaI6hM1MSkrSZIkSZIkSZKGDwPAkjRC1NU3xKSsJEmSJEmSJEkaPsLx7oAkaWA0NzfHpKwGTiAAwWCAYDBAIBggEIBAIPpbkiRJkiRJkoaS5uboveTmZmhuaqap5cfby0OfAWBJkmIoEIBQOEgoFA38SpIkSZIkSdJw0JrAAkDo1L3NpqZmIpFmIo1NBoOHKAPAkiTFQDAUINwS+JUkSZIkSZKkkaJ1lMOEhCCRSDONjU00RYwEDyUGgCVJGkDBYIBwgoFfSZIkSZIkSSNfKBQgFApFA8ENTTQ1GQgeCgwAS5I0QBISg4TDwXh3Q5IkSZIkSZIGVWsguLGxiYb6pnh355xnAFiSpLMUCgVISAyemg9DkiRJkiRJks5BrdPiNdQ3EXFY6LgZ8gHgP6zexI4Pyyg7WMHe/Yepq6vv1/aTJ2YyaeIEsiaM5bYbFsSol5Kkc1U4IUhCglm/kiRJkiRJkgQQCARITArR0NBEY4PZwPEwpAPAP3rkWd7fvP2s6ti7/xB79x8C4P3N2/n6Fz7BuPTRA9E9SdI5ziGfJUmSJEmSJKl7CQlBAgEcEjoOAs3NzUMy//pLDz7c4fHMaTnMmDqR5OTEftWzY9d+tu8q4+TJU5nD//S9LzPWILCkEea9TTv7VX7c6EQCgUDbD3DaZdovAwF6KNfud2/rOi/35XFv63sy0MMzG/yVJEmSJEmSpN45L/DgG5IZwM+9sqJtefrUiXzi41dx/qypZ1zfoYqjPPPiH1jzXgkA//ofz/C9b/zxWfdTknRuMvgrSZIkSZIkSX3Tei/VIPDgGXJ3r1et28LzS1cCcOlFs/nvD3z2rIK/AJnjx/Knf3wLn7/7BgD27Cvn/72w7Kz7Kkk694QTDP5KkiRJkiRJUn+Ew0HCCd5XHSxD7kh/sHVX2/It1105oHUvnD+HaVPPA2DdxtIBrVuSNPKFQgES/JAiSZIkSZIkSf2WkBAkFBrYqfrUvSF3F7vsQAUAuZOzmTRxQofnSkr3sKm46xyXz72ygvLDRzus27FrP28uf69L2VnTJgFQfvgItSfrBqrbkqRzQELikHvblCRJkiRJkqRhw3usg2PIzQG8/2A0ADxzWk6H9bv2HuShnz4JwK3XX8ltNywA4KGfPEnJ9j08v3QlP3v4QSAaKG4tW9/QyPUfvbStnhnTcmDZWgAOlB9hektGsCRJp5OQGCQQ8NtpkiRJkiRJknSmAoEACYlB5wOOsSEXZq+rbwBgVGpyh/XVx2valhMSusat00alUH28FoDGSKRt/cm6+g7lLr1oNrmTs8k5bwLj0kcPWL8lSSNXMBhw3l9JkiRJkiRJGgDhcJBg0GSbWBpyGcA9mVMwnVuvv5KjVceZMXVi2/pbr78SlsKFF8wgbXQKADNzc7jxmvkcO17DgvmFXer6zn+7d9D63Rd79pXzz//2NIFAgP/25TuZkpPZ7zqOVh3nf/7vJ6itreO/fflTTG93jM7Wm8vfY8fu/cyYOpGPLpw3YPVK0nARdt5fSZIkSZIkSRow4YQg9XWR3gvqjAybADDQNuxze/l5U8jPm9JhXXJyIp+6ZdFgdeusNDfDqnVbOH4imr28en3xGQWAY2nrjr2sea+ExsaIAWBJ55xgKEAo5LfRJEmSJEmSJGmghEIBgqEATZHmeHdlRBpWAeCzdajiKHvLDnOkqpqZ03LInZwd7y5xqOIoq9eXtGUvr31/Kx+98iLGZ4yJc89O+dM/voU//eNb4t0NSYoLh36WJEmSJEmSpIEXDgepj5gFHAvDJgBcfbyWf3v0edJGp1A0dxaXFRUA8NwrK3h+6UquW3QJd93+0W63PVlXzxPPvM6KNZs7rJ85LYfP330j52WOi3n/e7Jq3RaOVFXz6Vs/AsBTz7/F2g1buf6jl8atT5KkqEAAs38lSZIkSZIkKQZCoQCBQHS0XA2sYRMAXvt+CSXb9wDQ1NTcFgB+e9VGAF5dtpYF8wuZ3Gn45MbGCA/95El27T3Ypc7tH5bx3R88wv/8qy8yISM9xnvQVdWxE6xat4Vx6WnMm5MHwO+XreMPqzdy+SXnk542qss2TU3NrF5fzPNLV3Ko4igJCWEuvWg2H1t0SZeyrfMCA/yXz93KS6+tYmPxTpqampiRm8P999xI2uhUlry8guWrN1J7sp6x6aO55xOLKZozi0BLzOP5pSt57pUV3HbDguicy53WTcnJ5Knnl3Go4iihUJC5BdP57KeuZeyY0TE6cpI0OEJm/0qSJEmSJElSzITCQRobmuLdjRFn2NzZvuzi89uWLyyc0bY8fcp5AOROzu4S/IVoYLg1+Jtz3gT+5K7r+bMvfIIrL72grczPf/UijXFIMd+4ZQflh48yp2AamePHkjl+LHMKpnGg/Aibiz/sUr65GV58bRWPPPESlUePUZifS9GcPLbt2MtP/3MJtbV13bZzrPoE//LvT1NecZRLLpzN2PQ0Snfu48ePLOHHjzzL6vVbmFMwnbzpkzhWfYJHHn+J0p17+7QP775XwiNPvETWhHQuvWg2qSlJrN9Uys8fe5Hak/VndXwkKd7M/pUkSZIkSZKk2PEebGwMmwzg1JQkfvbwg1Qfr22bLxfgq/fdTknpHvLzpnS7Xeuwz/kzp/DNr97Vtv7CC2Ywe8Zk/u+TS9n+YRnLV23iIwsuiu1OtFNTW8dbK98nOSmRq6+Y25Zte+WlF7B6fTFvr9pI0dxZpCQntm2zt6yc195ex6jUZL5+/x3MnJYDQGMkwqNPLmXlux+QkpzUpa3Gxgg3Lb6MW69fQCAQzTz+p5/8hn0HDjN1UhZ//eCfMCYtleZm+OVTS3l71UbWbypl1ozJve7HseM1PPClT7X15VDFUf75/zzN7n0HKTtwuG29JA03gQAEg374kCRJkiRJkqRYCQYdBjoWhk0GcKv2wd9WPQV/D1Uc5UB5JQDzi/K7PN8+OFn64b4B6mHfbNuxlz1lhzh/1lSmTspuWz8jN4fC/Gns3L2frS1DXrfaWLyT4ydqKZqTx4zcU30Ph0Jct+gSRo/qemwgeswuuXB2W5B5TNooJk+MZktfctFsxqSlAtFgx/mzpgLR4aP74uK5szocx4yxY5g0cQK1J+upOnaiT3VI0lBk8FeSJEmSJEmSYs97sQNvWAWAS0r3sLnkQ052Glr4uVdWsP9gxWm3HZXaNTia3C5bNhgcvENRX9/A75etA2DB/EJCoVNth0JBFswvBOAPqzd1GJp6b9khAMaNTWsL5rZKG51KYmJCt+0lJCQwKjW57XH7rLbzMjM6lA2FQv3al7HpHef5DYWCJCYMm8RySeqRHzokSZIkSZIkKfa8Fzvwhk2krqR0Dw/99EkAbrxmPp+6ZREAP3rkWd7fvJ3V64v56wc/R0K74GPm+LGMzxhDReUx1r5fwqUXze5Q5+r1xW3LM3InDsJeRO3YvZ+du/cTiTTxo0ee7bHclq272Llrf9tQzO0DxZKk2Ar4oUOSJEmSJEmSYs57sQNv2ASA22f4Hjte07a848MyAA4eOkJV9QkmZKR32G5uwQzeXPEe776/lYmvrKBoTh5j09Mo2b6Hp59/C4BwOMS0KecNwl5AJNLEG394j/qGRs6fNbVLBm2ro1XHKS7dw7J3NjAjN4dQKMjE7PEAHCivpLmZDlnA1cdrqK9vGIxdkKRzQueRFiRJkiRJkiRJA897sQNv2ASAP7pwHvUNjRyqqOKGay5tW//tP7uHXz71KpddXNAl+Atw/UcvYe37JVSfqOX5pSt5funKLmU+fetHyJ2c3WV9LJQdOMzWHXvJmjCWL3z246SPGdVtuapjJ/inn/yGTcUfUnbgMFMmZTH3/Bn8ftk6Nm7ZydYde8ifGZ37uDES4dVlazl+opaUdsNaS5LOXMBPHZIkSZIkSZIUc96LHXjDJgAMcP1HL+2yLjtzHN/86l09bpM5fixfu/8OnnzuTXbs2t/huaSkRL7yJ7dSmD9twPvaneZmeGP5exw/UctVl8/tMfgLkD5mFEVzZ/Hy66tZtW4Lk3OymDwxk8VXFfHcKyv45//zFDNycxg/bgw7dkWzoA3+StLA8TOHJEmSJEmSJMWe92IH3rAKAJ+pmdNy+MaX72Tz1l0crTpOXX0D49LTmJwzgckTMwetHwcPVbJxy07Gpadx9eVzey1/9eVzWbV2C6vWFXPV5XM5LyuDmz92BVkTxrLk5RVs/7CMD/cc4JILZ3Pt1Rfzfx59ntraukHYE0mSJEmSJEmSJElDUaC5ubk53p1o70sPPgzArddfyW03LOjw3GNP/56GxkY+cuVFzMidCMBzr6xg6/a9TJ96Hp+6ZdGg91eShor3Nu3sV/lxoxMJBAJtP8Bpl2m/DATooRwdh+w43brOy3153Nv6nvS3fErqOfEdKUmSJEmSJEmKu9qaxnh3YUQZNne33161kbdWvg9AJNLUFgB+e9VGjlYdp2T7Hq6+4kKyJoztdvsjR6vZX17J3rJDnKyr57ysjOhP5jgSExMGbT8kSZIkSZIkSZIkKVaGXAA4KSmRurp6Tp6s77A+d3J22/LknFPDNudkj+do1XGAboO/DY2N/PxXL7Juw7Zu2xubPpqrL5/bJdtYkiRJkiRJkiRJkoabITcE9A/+9xNs/7CMmdNy+Ms/u6fDcwcPHaGpqYmJ2ePb1p2sq2fXnoPknDeBtNEpHcrv2VfO3/7zL/vU7tj00fzT97589jsgSXHiENCn5xDQkiRJkiRJkjQ0OQT0wBpyd7dzssez/cMytn9YxpZtuzl/1tS257Izx3Upn5yUSH7elG7reuinT7YtT5t6Hh+7+mLmFExnVGoyO3btZ1PxTp5fuhKAo1XHee6VFWYCS5IkSZIkSZIkSRq2gvHuQGczpuW0LT/z4h/OuJ4nnnmdmto6AG69/kr+6oE/4vKLz2dUanK0ndyJ3HbDAv72Lz7fts3zS1eybce+M25TkiRJkiRJkiRJkuJpyAWAr7psDhcVzgRg5+79/Nujz7Nv/+F+1XG4sorX/7AegIsKZ542q3di9nj+7AufaHu8at2WM+i1JEmSJEmSJEmSJMXfkBsCGuDr99/Blx58GIB339/Ku+9vJXdyNjOn5bRl8HY2c1oOhfnTANh/sLJtfdHcvF7bu/CCGUyZlMWefeXs3X9oAPZAkiRJkiRJkiRJkgbfkAwAA/zs4Qd57pUVbXP07tp7kF17D/ZYfnzGGH7wV18CoOzAqYzh/Jndzw/cWf7MKS0B4P5lG0uSJEmSJEmSJEnSUDFkA8AAt92wgOzMcXywdRdlByrYf7CCuvqGbssuuLSwbfmGa+az4t0PmDYlmwkZ6X1qqzA/l/WbtnWoR5IkSZIkSZIkSRpIkaYmGhsjRCIRIpEmmpqbaW5uBiAQCBAMBAiFgoRCIcLhEKHgkJvRVUNcoLn1jJIkDWvvbdrZr/LjRicSCATafoDTLtN+GQjQQ7l2v3tb13m5L497W9+T/pZPSR3S35GSJEmSJEmSNMzUNzRQX99IYyTSr+3CoRCJiWESExJi1LP4q61pjHcXRhTvbkuSJEmSJEmSJEkx0tDYyMmT9USams5o+8ZIhMbaCHV1DSQnJ5IQNryn0/MMkSRJkiRJkiRJkmKg5mQd9T1Mb9pfkaYmTtScJDExgdTkpAGpUyOTAWBJkiRJkiRJkiRpADU1N1NTc7Lfwz33RX19A02RJlJTkwn2c+o7nRucNVqSJEmSJEmSJEkaIE3NzZw4URuT4G+rxkiEEydqaWpujlkbGr4MAEuSJEmSJEmSJEkDpKbm5BnP99sfkaYmampOxrwdDT8GgCVJkiRJkiRJkqQBUHOyLqaZv501RiLUnKwbtPY0PBgAliRJkiRJkiRJks5SQ2Mj9fUNg95ufX0DDY2Ng96uhq5wvDsgSZIkdVTF9vU7OdzyaMKMecxMj2uHJEmSJEmSenXyZH1c204YbdhPUZ4JkiQNKxv56YNLWddruXTu+PYXuTlrELp0Ohuf4kv/uTu6nDWPv/32tUyMb49ioONrcvHnH+Qrc8+yysot/O6Fd3ijtJKqEwBhrvryA/zJ7LOsd9jYzdLHXmt3TOed/TGVJEmSJEmKofqGhkGZ97cnkaYm6hsaSExIiFsfNHQYAJYkSRpKDrzG9x9+j90d/l5opGakTeVS/hrf+8f32A/AVL7y8Ke5OM5dkiRJkiRJOlP19fEfgrm+vtEAsAADwJIkDWNJXHzLVVw8tvvnpjpk7jBUx6oX2wV/0zK4eO5U5s4Yz8Spce3YIJvLVx425VeSJEmSJA0PkaYmGiOReHeDxkiESFMToWAw3l1RnIWb/3U0AaAZOv5uhkAg+ruDzo/br2/boF1NbY/bFetUf2vp3uvv/Hw37bW1e+rpzvvVY/1d9FJ/17Vd2+vLfrVvr8tx63T8uqm/c7u971fr+u726zSvV7/r76xr/X3ZrzOrv/0J0I/Xq9vzrKd229ffx9erX/V36nBfXq/T/b/qrt3TnX+BHurv2ovBuV50txsD9f/5NAKhBEgeRSA9k8CEyQRzZhOaNofQrPkEsqaddlsp9pKZWjiPy+M9zLMG0G6Kd7QuJ3H9fffx6dx49keSJEmSJEm9aWw8y+Bv00Fe+8XzvEUhX7/vSrLOIn7b2BghlGgA+FwXDrTEPlpDIIGWwEl0fYBAoFNgJtBDQCjQ+rvlueZA+4ra9FR/oM/1dwoItdXfud2OzQeaO+1P54BT6+Z0rT9auof623e7fXst/3bZr84ByUCH3tDc+bi1L9Cl/m6OZ6f627rdOTAY6NRe5wPW7X612x8671e73aOb16l1q071d9mv1setx6/z+Uen16vH+jufAN3Vf5rzo1O7p+rv4fzr3G4/62/Vtf5+vF7t2+v8enVpt1N7dKq/y351ezgH/3pBP68XXc77Hq4Xp9EcaYATR2k+cRTKthHZ8AYNLc8Fc2YRKrqO8GW3EZoxr9e6pPgo53f/+EueLY8+uvjeL3LVvud4fEU5h+uApHQuvu3jfOWKHBoOv8fjj73Fqj2NNATDTJg9hy/eey0zU1qq6jyf75fG88bj7/CHXSdoaILUKVO5+faPc/30UX3rWlMVu1cv5/G3trG7vJEGIGHUKKZeVMRnr7+cqWkAdax65Ef8fHN0k/RFn+ah2zumwu5/9ed87+UqAFIv+zg//Mz5AFSV/oHHX1jLxj0tdadlcPmtN/PZS7LoPBBOf8r2WS/HKyEjh5s/exs3Tx9F93M717H0Xx9maev2rfMn9+m4dT02XHQ9P7y6nJ8/vomNlY0w6VL+5zcyeKqt3XTu+Mb1pL72Gs9urqSmERLSs7jmrk/y6YJRVJW+xv/9Tcu24TBTL/4IX/n0PCa0+3uioWonq95+hzfWlbO/qn3fruCLt89jQphOQz+32s1PH3y4rZ8/+xztjkfX+awbDm9k6Yvv8kZxJVV1QDBM+qQcrrn2I1w/t/1rtrFjPd/6JBOW/45n17ae/6OYe80NfPG66aT279WVJEmSJElqEzmb7N+mg6z45Yu8vDcCbOBHvwzz9T+ef8ZB4GhfHAb6XBf6Hzcl/g+g7xmSrVv2MSORDuW7Wd2vzL5uAoGdA569tNtjhmS35QMdN+glU7Cn+jsEonrbn04ZzL3uTzf193wcuzlunRs63XEMdOllLxm6Z35+xPP869zuKb28Xt020Pt+9Vy+u/3q2+vVt4zqM6//zDKq+/B6dXmhe9mv05bvob3TXS/6qbm6kqZta2h88zEim5cRCIcJTi0cmMrPwIHyo/0qn5IYIhAItP0Ap12m/TLRkHy35dr97m1d5+W+PO5tfU/6Wz4hYah+S66cd5dubwmeJVNw1cXMPm289QTblm+g+ET0UdX2zfxh6zFqWj+TRurY//+z9/bxcVXXvff3jEaWLeEIhDBIjgVG2JFjJpZlYxEQuIqDCjYBN6mbwA24aZx7Q28uyROSm5A2fPIh98bJ0/L0htuWtpASCBdCfZMYElMq6qgG8SKwZRkBFgjjMMYWKMIwGMkIyTrPH3Ne9t5nn5mR0YsN65uPMzPn7LPWXnvvsxlp6XfWc73sT7xJ651P0J0ZYwzAHWNo4FXa946xckUNMwH6n+PXXV4yMXmYPY/tZlf/CGPePTXyVobnnuxmf/Vizjl1htdd5Zqy02huOpPZAGMH2HLznfzT4wO8Mej5BMZGRnhjX5qH25+nKLWUhSck+fCsAbZ2HmQEGO4fYf4ffIRTg+lM8+DPO9lzGKCM5s9ewuIPQd/W27nhnhfZ/5Zi+93DpLufpu212axccmrwNXg8bfPPCVTVn8c5pxqxj71B58O99BwMx2vs8CF6nuylaGkDC8t0GxH8sSt43LLH336pk7YXveLB7gDPbXuZ3iHvqllzWNlURk/g9wjpp5+hc99hRrwmY8OD7OnqZdjZwx0/f579h/0TY2T27+XxQ6dwyeKTARh59pd89X89TufvDpEZNvu2l627D3NO45nMHtpL26Ov8nZcrKfVctkSYtf5UPcv+cu/38GuVw8z7K9jd4zhtzL0dD1N++uzaUr5c6aO6xH6ujt5fM+gsv5H6H9xN7sSZ9FcW+AfLgiCIAiCIAiCIAiCIBi8M/wubmzCJBdDdP/fzdzb+25wZPTNPnYOnMC5iyuPOo1bMuP4SwCP+r+QEiaE8LfbDuAEv84PX4PjTvDq4CcM8D6Fr3jHvbfo9k33qn3fr2rfQf+fal/57NmP/m7fCeLS/Hn2idg3/ar2lbgMF+EB1b4Rl+MEr6r9YBwjcRG8ag4d9Z8xT8Z8afHEjpsRl2FfG0dzPUTsR9eHdb5UH1pc4cKJrD9zvtT1p6xD1X7s+jPnS+2rOl+O4suYr2hc+nBp42aNq4D1Zxs3/7M5X+jzZbuvIutPvX8Lsa9SyH6hjl0h+4U6dnn3C5t9czRt82SZrwniyAtP8s4//DeGvtPM6BObJ9a4IMSSYfOPbuJL11n+/WirNZk4NDhM5cIUay+eT02Q7xqm88Fu0rMqaLy4nhY1o7y3h/Z+m+sM6cMl1C6rZ93F86mdrdi69wE6h3P3fM+v72fzPu9DwmJn9CCb//5+esaAunqaKrzjh/fS+YJi6IUu2g967+edTctc4OVWbn4gmzAObS8i5SlIh3ZtY5NvYzxt3wuHh8mMlVF3Xj1rm+coqtkMrdt6gRpaPr+KDZ9fRG1wUQkNl65iw+dXseHyRVSOd9xM+jNBbeHishLKZyWNBqMMDZZQs8zo41iG1gfTDFXOoeXiehrnlQRXDD3ZRadvc9EiGmcBJWXUpubTfHET65qrqfLd7O9i87NA+SLWfX4VGy6tISxTXUHz571YV+Yodnx4O7fduZeM73NONS2XN9JSVx78QJTZ0crNwaLQ48scgsqFi1h7cYq6yvBM37Yn6In3KgiCIAiCIAiCIAiCkJOxo0r+Qv/Dm7nzuXcjxw8/t41/fPi1Ke2L8P4iqSvuXO+j8uodx3+JU9y5ZDMqrus9LtnNPk6obWQLAAAgAElEQVQ2Zw1g11P0mf4sKH4D+xj+1IyRC8TY9z/H2Q+x2ff92tpb/PnGC1KI2uPCjCs4GheXG2kfcWmOoxqXGo/FfvhamALYPl/2TmWnLWb9Rdqb7+3zhRmXS864IvMV8z6Ix1j34WOFDfuua6z7PApg127fH7/I0ETs51kPkfvZmCcnev/q7Y314VjmK+f9bIlrXPtFnvUX2PcP6etvsv4TOLZvN+/83ZdJPvZLZnzuBhLVZ02SJ0E4SupW8t0vLacUaCm/hz+/94B3ooyWL/r1ZhfAjZtozQBkSL8GROoMJ2m48gtcszSbLG5p6uKW/7mVzsPA4TTtu4ZpWFFiXpRlrJvW9sHATtMXv8L6uuynllW7ueOGB2g/DAz20rpzmLplNbRcUEHrfQeBUdof286VdcspBrp37mXIs5S64BzKgc5t3Qz4fbz6S1yTKvFsz/dsD9O+fTfrFy4aV9v3RhktX/lyUM+36UO38437sknKoX0HGGABtUvrqaWIzrt2e9cYNZ7HPW7R8a+58DKu/dQCyoMEdLd2vvLCy/iu94jtuiN/yw8f9jL5iWrWf+0KmmYBF5Yz9J1t2SvHMvQNkF0fiUWs+2Y1V5aXK3+d2kjznHCd7XkpDakaUkurof91tvwmTVYjfQJ1S+tpyDOKfe1ddPvJ7XmNbPxaUzaJfGETLQ+HY7pn23bSTS2YqeTKC9ex0YtvzYpSvn9jB2mAw/3sGUBLCguCIAiCIAiCIAiCIBTK0ah/D/f8hr9tOxR7fn/bA9w557NcXTe+wlVHp0QW3m8kdbkfYa1SL8USrempt5/oGsCOY0k4qf58P66j+wsaGPGYcfn+sMdlq/GaTU85gV/VfvCqxeUfdmJrlQaJXN8fMXEZNYCJsa+No+NE2gduzflSi8xa2sfVGI7Ml5EQj8wTZlzY43LVj8b6UxOS5vrzzTnhPGWbG3HF2A/iQbdvZgknqgZwpPZ1cIHuN4jHMdZfTHu9O6p9Yx2a82S5ryLzpfoz7JtxFbz+Jn2/cOzzZbafBEZ3tnLk6TZmrP8Bxc1XTZ4j4QNOCQ2XNtFwouXUrDnYclmpJamg1mmxqgCdVU3qdP/DTEpjcrdh+/k0L1WUwrPqaTmnnU4vYbjn5TSsWGC/tr8/UKIyaz6Ndcq5xCIal7TS/sQoAOlXXoNlNZQ3pkj9els2+be7l87h5TSynbbto56dBTQvLQEOkN7vGxul+xe38o1fheaHfGXyvgP0UT6Otouy9XePlvIzaThd+XjSCYCnUh0ZDWqL5+Qoxk2jsp4Nly9QVLcmJTTUh9eUls4EvEE4fR4pvxZ0SUns44dKExk6HnqUzufT7Dnozc1oKAfPZDI5Q8xHen94fe3ylBZL+dIF1N7XwR6Ag6+THoYabR3r8VFeTiWQ9j/LU4YEQRAEQRAEQRAEQZgiRl9t5x837edwzlbv0r1pMw9+6bNcfFrRFPVMeL8Q/uZXS4TkVn6G7RXlXoyCz25f8WOxH/o1L1MVfDkUnrF+C1PMRhSrXkI1JoTo56DjcYpqI54YhafVRz4FJigKWlMhaYlLU6xa4tH85lHoBtfq9mMVxnHvlYMRBa3fOMf6CxSe47V/jKw/I6UdiSvevnk8j6Lfaj+HwrhA+5pC1xLXhO4X3rq0t7fEFenY5OIeGWH4n7/J2L7dlFz9g6lxKnzAMBSiBVA8KyazO7ssR2KwsPZqwnDo8Dvx1/7+oKe6tdspP7EMPF1okDAsWU5Tahvdu4CxA7Q9laFhVm+gBq08t55UAuD1rCLVY+TQMPEpx/G0fY+UFDG+v9W0cDTjpjJ3Tp4k9kxKZ8Wc+lB53vUx8uwvuf6n4eOZJ55+BpQnH5WXGz2arfZxkEwGQ7meIz5BEARBEARBEARBEIT3gOM4hStvBx7nb299lv2F/A5l7BBbb72X4v9yJasK/B2gM9H1D4XjkjAB7Cns/ISMqQD2hXaOmjsCJXnoJY1UxZ1vzmKfPPZ15aSC4yf3QoWnrmDUGiuKRzOuOPt6XKES0lB++lFoCkzFX0RZqscV5uB05WOomLXZV8YxooS0j1vkPjeUllGFpDEYhoJZmy+rfT0uTZGrjiPo8+XHhTFfjjF+tvWndDxUbNvs+yds9u1xBQJTc76CJLNl/QXtHcOAZb4i9omxH72vIutDU0gXsP5UA4Wsv0g/o8ppM65x7ReK+YL2CzUe8z4J3MWsP+t+MXmMPPTPuG++xsxrfzI1DgVhKjg0SAa0hOLQUJj0LZ01M/7aUyqoJJ1NZlrsZN4cDN6rSb6GFQso3dXLELBn+6Nswn98dQXNF/jKzpOpqoSs8TLWfPPLrD0triMHxtH2GOAox21qyNDeFiZ/ay68jGsuXkBlCbBzE1+6K53z6sKYQ+WpgFeTOpvkVuI8lFES+GVM+RAIgiAIgiAIgiAIgvCBJeE4HCnwF84He/YWlvz1GTtE9wtvsGrOSQX3RRCSekIzT01Pl0iCJUBJQMXXALbbD5SQee3r5337sYrM2BrDFieFKggVJaHfXW38TH++8Vxxqf4sikwlKzhOxWpcXP5xW1w55kuNpyD7+ttcNVhzxZV3vtSsoa2mrPJI7OyyyKFwt6yz2Pe+v0JrAAf23QLtK+Zc9PvKNl+5agDHxZVr/Zk1gF09URu/X8TZN87lrQFc6JMIYuwbb+1KZ/3+mkxGn9rC4b+6glnfvGdK/AnCpHN4L207B6nzHwM91kv7jvBRv7Wnm9VXFebMoSYBA2NZOx09UOc/znisl47u0dDOmYqdunqaKnppPQjs202bf3xxiuYg2VdNzVy8pO4gHR1p1l6u9yWzLw3zaigfV9tjgKMdtylhmKEg/1xCXb2X/GWQjl0H7JfMKlFU0Rn6+rHUmtapmVsO3dk0757t3WSamoK5yezqzT7+GWDOHGrzPcZcEARBEARBEARBEARhgigqSnBkrLCsbsW5LfyXE18jvvqvSSmn1xWW/PX7IghJvWYthrLOVgPYlpBUlXV+skhXFvrkq+mZ336o3NP8YfrV3Zs1WMNEse/Xu5yo/WzrGPtqt1V/3v9H4jITko7WG6VmrRNtELFvGc+YGsA25ajmzxwwa1x5aspa7RvxxdQAjiiX/fEz1x/GfMXaNxeAzX6O9WH4De3HrL9x1gA27ftE7Y9jvlR/5nxF/Br+MOxH4rIO59TvF4xzv4is+5j9Yoo48nQb79z8RVECCxPIO6Sf7aJjv+1cCTUfXUTVpCXBRum8+3Z+uHsRDadk6Hx0L3v8BGCimsYlORwnUrQ0PUrnw4PAKO0/+Vv6llrsVKRoWaxeWEPLBRW03ndQOZak6bzlWk3ahpUpKnd1MwAMPLyJb7xcQ8OiKsrf6qP72TR7MmW0fP3LrJs7vrbTzlGP21RQTuUpeOrcYVpvv52R82sY2r2bjpdH7ZfMrqG2ooM9BwEybP7JLym++EzKy6ppWGi/pKqpnlSrVwt6XwfX/2gfzR+fB8/30NYT6n9Tzee+t5rNgiAIgiAIgiAIgiAI46CoqAhGYn4HYpKs5KyzKye3L8IHnkgNYD3Nlk/Rmm050TWAQ/v6pVYFn5nwzOk3h0JSaR/xZyohc/jQE072Gr3ac4lzKpgtMRhxaglro0ZvtG/6uAU1gNW44nxlDVuVn9ri8V9cInFFFav54prs9WcmkHMrnnMqSAtdfznsa6FBJC6rYjVnXEdXA7gQ+wXvF966KXi+VIMWp4UoqiPjZyqmc+0XU8DoU1sYvvM7UhNYmCCG6fzNVjqt58pZ+61FrBlHfeBxUV5OzWiGPTu6QtUlACU0XH0ZjXkSz7Wfuoy1e+9h8z5gbDhqJ1nB2i+2UGv8wWJ5Y4rUr7cFtX+pWERznd6G01u4dvV+vv/AQUaAzMtp2l5WH0E8SMf2vaybO398bY8BjnbcJp8SGlfX07q7i/QYcOggbQ9mE/W18yvYs/eg5Zoa1lxcTdvdBxgBGNjLprv2wpIWbo1JADNrORuuTnPDndnHTY/0H6D1Pl1hXL6shQ0ryiYwNkEQBEEQBEEQBEEQhNwkk8dO0vVY6oswfYS/HnQAx68VqrwGx53g1cHBcbLnvDPBK060Hm1o33Sv2vf9qvYd9P+p9pXPnv3oY82dIC7Nn2efiH3Tr2pfictwER5Q7RtxOU7wqtoPxjESF8Gr5tBR/xnzZMyXFk/suBlxGfa1cTTXQ8R+dH1Y50v1ocUVLpzI+jPnS11/yjpU7ceuP3O+1L6q8+Uovoz5isalD5c2bta4Clh/tnHzP5vzhT5ftvsqsv7U+7cQ+yqF7Bfq2BWyX6hjl3e/sNk3R9M2T5b5mgZGHvpnRtp+Nn0dEISJoGQ+G765mpb5ZRR73yaKK6pZe81VXJMqIPmWqGbN177KxisXUTsnGSh4i8vKqD2vie/+5RdYY6vHW7KIhjPDjzUXLMf2sOOqVV/gx9evonl+GaX+n7slkpTPq6blyivY+Kn5R9V22jnacZsKTlvFdX/eSMM8r1/JMmqbV3PtyhNiLylddgUbr1GuKYDS1Kf56xsuY92SCsr9PzRIJCmfV8PaP72KjVemlEdLC4IgCIIgCIIgCIIgTD5FiQTJY0B5mywqoighj4AWwHF/XBYK/zAVfYpY1SdOoedCIH1VLZiPuFXsao9mjfNn9Wuzb1cS2uzbum+Py2bfUOiaylXTn2o/Li7VXyFxRXvznmoAR+Iympn2C54vq/3cCt3x2TfJM18FxhVv3zzuL7D4+bKuP2Ndvhf71vVXsH0zcGOebMp3Y6BsceX0p9mZ7P3C7FCO9TcNOEXFzPpBG4nqsybMZtcze8fV/qQTZmh/wAHkfI/6HiX1b7ZTXvMdM98X8jnf8TjG235WaTJ/ow8a3Zv40k89deycem781qqpf8xupp3v39hBGiBRzYb/cUVetbEgCIIgCIIgCIIgCIIgTDbvjowwdHh4WvtQOquEGcWF/pn9scXhoQIfoS0URMJU3Bm/1g/Vqd5RU3EXaPkURakm5fM/a/b9PIJNeRkmEyKKUt+Po/QxsK8YN9xrcfn+YuJCiytsq/pV7QexYfhT4nJyxKWpW21xYYnLsG+OY1SJGzNfmn1Hs2+dL2WOo+vDFpexlrS4sMelnTLmyZwvNR5zvlDis82TZdwgaj+iKbWsj2CAVH/auBn+zPlS/6f5NcbcYt+6/oz5UkdImy8/Htt8Re5nY85s689iP+f6s43bhO4X/rgZ86Wu8WnEPTLCuz+/cXo7IQjHIelHnsF/QHPp8npJ/gqCIAiCIAiCIAiCIAjHBDOKi6dVfVuUSBy3yV9h4glXoosmf3T9Vxdwlc/+/9ywnqirXuO6dtWfZl/xE7HvH3e94+r/vLaGXwCKT4ATa3FqmuCkWphxQsFxaR5M+37f3Bi1oRmXqx63x+W6RjzWuCw2c9mP9NnV/cXFhRu1r/7T/EavzU6TsiZsbdRX1a7NrxG4tj7U+cqx/vx5csdr/72sP6t983j+9efH5RIfV7x987gtLvR5io0rmPJx29fWnxHXhO8X/lhp91WO+XJz2Z96Rne2MvrE5unuhiAcP4ztpu2JQe9DGU1Ni6a1O4IgCIIgCIIgCIIgCIKgMnPmjA+kb+HYI3y+pa/C8x6R6uC9Ot5r9iX7GrQHXF2z6XrKu8gjYQ375LEfKBnNJI13wnUdz75DovkHsPwreiiAu/3vcH97fUxccfb1uIJ4POFg5BG0QXuUAMJXJ/CrxxUknzTJphdXrH1lHE37jmHOGMcA1/Cnzpfqz3fmGvGo82W1r8cV2jfGkXA8tbj8M67hz29mW39KxwN/Vvv+CZt9e1xOYEiPK1jvZlxae8cwYJmviH1i7Efvq8j6UOIqaP2pBgpZf5F+qvbtcY1rv1DMF7RfqPGY90ngLmb9qfM1zbx7/49Jnrt2urshCMcFmceeoP2w92He2bTMndbuCIIgCIIgCIIgCIIgCIJGcTLJjBnFvPvuyJT6nTGjmOKklLQTQpyxH5e5WsIHIokmjbiEiZmAMhJ5WjPDvpb4yWnfPO/gXHYHzkf+KPuxbzvuS604Z7ZA1fLsZT2/wr1vfTQhaLMfwRJPEFe0W9YEcSFxqf4i42aMn8W+NYFWkF9bXDnma9z2TaL2C4nr6Owr8TjjmC/rOovzq9ovcL7GZd/ocCHzleu+svnNtf6cGPvRXkzNfmELY6Lu52lm5pf/N8nz171nO1IDODdSA1gQBEEQBEEQBEEQBEEQhKng7cHDjB45MiW+kkVFnFA2a0p8TSZSA3hiSQQ1Sv1X70S0pmf2l/1mzU3vKBNR0zO/fe/VP37GJ4Lkr7v1vzN21ydwH/0hYz/7BO7W/571U/dHOPM/4acpFPtmXE6Q4IirAazHpcRjxhWMp632qv9qxOP7McdNNR6xb/qN2tfG0RxP1V/Ebw772OKy2TdbR+1H4tJOWebJnK9Y+0o85nxhxmX4s/i1x6XaN/yO035kPVjXfZ75MroTWX/mfOVbf3H249afLa7gfpuA/UK5FwuyH1n3qn37fE0XI7/92XR3QRAEQRAEQRAEQRAEQRAEQZggSktnTkk94KJEgtLSmZPuRzj+iNQAdpWP2Gpuev8/mTWA1ZqeBNU8ozU9nfO/k73q56txd/yDZt/d8Q+4P18NgNP0Hd2f4VerGqr5VfoWF1c4WPjNglejVmkQn1kr10WLy7QZea/8C+ZLnQu1FqoaT6SNaVyxbe1Dnpqy6nwVsj5scWmnJnv9+fOENS51fdjWnzZ+Mfb14/lrAEfWn8Vv4XEdXQ3gQuxH1p8lrsDfeOZLNVjIfqHZt+wXlnWfM65p4sgLT3Lkpa7p7oYgCIIgCIIgCIIgCIIgCIIwASQch7KyWSSLiibNR7KoiLKyWZ7SUxB0wgSwoqwL1HKoirtQjRgqMA1VJihKwlBEGNo33euKPk0L6av6dH1kaH/GbKheAW+/CvvaQ1Wigpt+NHu+egXMOCH056sCI/ZNv0rf1Lj0EJQDqn0jLkWNqNrX1Mj+tZ5dJ2Jf+RyxH50vLZ6I/Zi4DPvBGYt9Ivaj6wObX9WHFle4cCLrz5wvdf0p61C1H7v+zPkylKWR9WGZr2hc+nBp42aNq4D1Zxs3/7M5X+jzZbuvIutPvX8Lsa9SyH6hjl0h+4U6dnn3C5t9czRt82SZr2OE0Sfvn+4uCIIgCIIgCIIgCIIgCIIgCBNEwnE4oWwWM2YUT7jtGTOKOUGSv0IOkrhkEy2KSs5RX01VqtZewSWbUXFdXK+B6zrkrgHserU9TX8hznnX49Stg4oF8NpOePFfcR/7Ic6p9dkGB3sVhZ+y0F3AcXEPvohzwmlwWj2k23HOvx7nrEuynwd6cF9+mLGHvhETlxGP+mptb4nH70yc2tD0F9gP/WHGFRzVx03zZ7WvHHKJj0uNx2I/fCUyX7oTm31jnoxOZactZv1F2pvv7fOFGZdLzrgi8xXzPojHWPe4TtBCs++pYMN1bxW5Ku/t9v3xiwxNxH6e9RC5n415cqL3b+x+ofjNt/5CO5a4xrVf5Fl/gX3/kL7+jiEBMABHdj4En7thurshCIIgCIIgCIIgCIIgCIIgTCClM0soThbxzjvvcmRs7D3ZKkokmDlzBsXJ5AT1Tni/ktTlfuB4iSDHS7E4jp9A816N9kEiy/Ff/ROh6lHFcdXDoX3HNfwBzp88APOawotPXYpz6lKcUz/G2P1/ijN6GCoX6dJBP6vju6+sg9HDsP9JnE/fg7NgTWivsg6nso7E7Lm4v7wy6HaQcPLiyaanvNcgLt0PWlxBBEFc+HGecSGJy/8RZldhZeQw7u93M/bYzbjPbQ46VHTVfTjzV+L+vocjf39uVv/4sc+RXP3X4B5h7KEbGNtxZ9af40TGASBxwf9D4g/+Owy9wegvvwwvPZyNx59Ao711vjz7kfkyEuLhOBrj5yjzpGZAHcOfP37q+lMTkub688054TxlmxtxxdgP4sFY50aW0LY+lAFSkr/64eC+cvRxc8wEq+E3iMcx1l9Me707qn19HUbmyZwvxzJfqj/DvhmXbf2hjdvE7xe2fobjZvgz2x8DjB3oxe3/Hc6cM6a7K4IgCIIgCIIgCIIgCIIgCMIEUpxMUnxCkndHRnj33VFGjxwZ1/XJoiJmzEgyo3ji1cTC+5NIDWD/g68cjNYSDeu9vvcarPYar+DCx7+dTf4eeBL311cz9tezcX+9PnvZWZfiNH4d9+X/gNJKnBVfs9p3VnwNSitxf/cfOOdeFyR/3fvWc+SHH8L9l8/gvvI4zsI1OE3fJqzBqsfjixqtakPTr6set9VgVS54az/ua8+G/37fA+4YTnUDRZf+mMSyP9Ntmn59ZpbjfOxzRp/dwJ/rulBRi5P6Y0jO1OOyqV3Vf5o/N3KtWQPYtbVRX1W7Nr9GkNr6UGvm5lh/QZnX8do35ymIx4jL8Btv3zxuv680H559l/i44u2bx21xQb4awNr0HIV9bf0ZcU34fuGPlauuvxzz5eayP/0c6X1qursgCIIgCIIgCIIgCIIgCIIgTBIzirOPbp59QimzZpYwozhJUSLhlRHN4jgORYkEM4qTzJpZwuwTSrOPkpbkrzAOQo24r6I1lJCh4o5QQBi0J1Tu+Y9VVRV3vjmLffLYd8pPz9rb8Xfw/OasfvT5X2Xr+S77r1CxEJ74K6i9BGfljfDuIej6SeDPqf8izh/cmLXx+F/jLL8m+3773+H2bMZxHNy9/46TSMIffxwqFmZ9GHGFSkhD+elHoSkwFYVlRFnq9SsogAvunt8y9pv/ps9IZR2JT/8E59TFOMv+FLr/Bd5925g2dSK8I1VLSDR+mbGOf8x+9sfBc5w45ws4lQuCqfA3k6hC0vBjKpjV+VLsBwTzbdo3xpFwPINOqWdMZanfzLb+lI6Him2bff+Ezb49rkBgasQVzKEZl9beMQyoytU4+8TYj95XkfWnKaTj1p/aXjHgGP6w2Tf7GVVOm3GNa79QzBe0X6jxGEpon9j1p87XMcSR3z1D8vx1090NQRAEQRAEQRAEQRAEQRAEYRIpSiQompEAJKkrTA4JX5BqU9ZFFIOu5Z+q8ANdcefZDNR2Mfax2Z9VmW35yqOKfRe3vzvb85kn4h7YjvvoDwBwLvobnGteIPG5LST+/AWclr/JXt++EQ48BTNmZz/v3675GevrzNorOcESlxKPRUnoBuOGHpd6DURiU1ob4wnu73fjvvCvcORdnBPm4MxdHlUq2tSgM0pxlnwWd0ZZZF6o/AjORy6GomLPL6EiMxJXjvny+2jOe9x68FW0rqvZ19ZcGFJk3LT1F2NfWxu2+fKdqPMUExemzYj96HwFtpRxDOfLZp9x2HeDeyNyX5nzZfTBuv5sfs141HGM2FfWe+z9nMu+EafZ5wLXH6ado1p/ynwdQ4wdeGG6uyAIgiAIgiAIgiAIgiAIgiAIwnFOwhekBq/eibDmZlYtmj2tfPb+eUfBa5NtkL0W9XMO+9jsv/Fitt3i/6TYd3A+5j0G+o2Xsgq+x37I2P/5JLzyOIyNQs0F2ddXHmfs/3wS97GNWae+vY/9J6/vWT+JVLb2Lwf3ZOPR4vL65tjiUuIx4wrG0xIXoY0grsCvd+7t/mwMxaVQdoqiCiXwrSlvh16HoddxTl1M0fnXen68/zkOicYNOCedgXvwJXh3UI8r7Lk+X9a4lHgicVnWg2O2jtpHs2+esqy/wG8++7qyNbL+rH49fxa/9rhU+4bfcdp3rPbDdV/QfBndiaw/c77i1p81LiOeHPfzpO0Xyr1YkH3/szlfTvx8TTfuwCvT3QVBEARBEARBEARBEARBEARBEI5zIjWAFbEfppLQV9GFCrvwmFWRqBIKX7WDsfZf3AKA0/h1WHs3zrwmnM8+AHM/nm3ZdWv2muQsGBvFbf8+7gP/Gffnq7Ov7d+HI+9mz7tAr2dv/idJXLEF5jXh/NH/wTn361l7vb9RlJaGYjBXXOFg4TcLXm0KSW10sSsS59RBciYMvw2ZVywKYGMsR99l7IVWcIpw6i7FqagNlJDMvwCnbg2MDuP2/KuuWDU7b9p2jePmXHtxqYpPfL+FrA/Tvqt/nPz1pyhaLXGpCtqIgtSYyzj7+vF4+8F8mevP4rfwuPLM13uw7x/Pu1+445wv1WAh+4VmX1l/5lir/nLFNc24md9PdxcEQRAEQRAEQRAEQRAEQRAEQTjOidQAjtb09F6zL++xBjBG0kW17/v1eKUd92fn4/zJAzhnXQpnXZo9/varuPdfhXPiGTifuh1OOTs2uMDWa0/jPvJ9xn7SSOLyO6CmicSVD2TPvZNh7J+boL/bUw7q/QxrACtxqWFo7ZV4zLgCgaMTXOQEn71PH6rGafyvJM7+Y3Ac3Fefxt33eFSkaBEtus9vwZ23AqdyAc45X8B58C8BKKq/Amf2qbh7H8F9tTu8PC4uzbY/gf7EG+uBUCgadkTvo4tv3/Bnbe8ECyccN31dTEwNYKLzRcx8ae3DgKNxKf4U+4GBSFxGPMqQq/2M1gA24tPah/MVd185kXHQFb857Uf6mWe/UP0Vsl9ET+fYL+Ls692M1gC2zNexxDuD090DQRAEQRAEQRAEQRAEQRAEQRCOc5J6Qsz1PiqvqirQV81pGTzCc14CyvUauK6SQFSb4efDXC/xY/rzeO1p3Ls/iXPaMvhQDRzswd3TCid/hMTqf4KZJ+H+rg0GdsPwm5ofXGBGKZxyNs78VTiX/hPuvWs58tMLSHzkcjipFjeThr4duAM9MXEZ8aiv1vaWePzOBMrGUHroLL2KoqVXWabFxX1lO2P//r3I+Knm1KPu4bdwn/kFTtPXcOouhWc248w+FWfBJ7NJ7h13wslnQVFxRPEZiUvthzIvZlw5E2h+AjRi3/9sa+/ZdWPWX6S9+d4+X5hxBeNXwHzF+iKMx1j3atZUs++NebjuLZFpvuz2/dDg4YMAACAASURBVPGLDE3EvkXlbcZiJqzVeVISyto1tv1C8Rvrz4zTFte49os86y+w7x/S19+xlvsFcI+MTHcXBEEQBEEQBEEQBEEQBEEQBEE4zkmG0kDvxVdGGoq+UAmqt1eVe77CLntCVxb66Mo9m1LW83NaA07Dn8P8i2DmSeH1QwPwzuvZY49uzNb4VbFldc6/Huf860lceivMPBHK5oQhDA3g9j4AvVtwX3xQUwbqitVQSajGbyoPHe10GFeooHXCi97aj3v4Tb2vb6Zxex9krPOO0IGZL7UdcmDssf+Ns+AinKolJOqvxPlQFZSejPvsfbjP/JLEJ76DWnvV8RSmuhLUsGvOV4xC10yIh+NojF+wPvT2+vpTxs9Q0JrrUE2kavPlKvGpccXYN5Ws8YrS6PpQBghDQm0ofeMV4uEFut+oAt2cICMurTuqfX0dRubJnC/HMl+qP8O+GVekvd/NydovAge636jC2OwQxxROUfF0d0EQBEEQBEEQBEEQBEEQBEEQhOOc8BHQ41B+hu1VRaJdwWe3r/ix2E+c9234+HfsPS6tzP4bGmDssY1YFZ6GX7d9I07Df4aTF1rtOUuuhiVXQ/tG3Ec2RhWrjhMRhcbGFaeQ9F8VBfDYnt8y9uuv6IlNLONnc2wmJl1g+BBju+6lqPIjJFKfBqcI99BrHNl+e9avq1yq1FHVkpY5FZV5FLrBtcq4RdZHTAyFrA+tz54fy/oLFJ7jtR9Z9+Zlqv0cCmPdhe6P6H2lNVLiIiauePvm8TyKfqv9HArjAu1rCl1LXBO6X3jr0t7eElekY8cYM8umuweCIAiCIAiCIAiCIAiCIAiCIBznRGoABzVEMZWKhALCoD1K8tBLGuWsARxNdEbsn3lJkPx1H/oq9P4ahgbCHs9rwvnsA/B6T6Dw1BWManiK4vH3u6GmCfee1bjpR8MmM0/CWfZfcJquz/7b0wp9nUFctpqhuuLUHwfDX2wNVicYKyf4TKB8jK3BqqFOBFCUxCkpw8XB7fhH3I9cgnPmShg7grvr57D3kawfRQzr+528GsCmfWMcQZ8vf30ECVXDn9/Mtv6UjhdWA9hm3x5XXA3gYL0XWgMYYz3E2ifGfvS+iqw/TSEdt/7U9oqBQmoAR/ppqwGsxzWu/UIxX9B+ocaj3YchsevPul9MP075KdPdBUEQBEEQBEEQBEEQBEEQBEEQjnOSekIzT01Pl0iCJUBJQMXXALbbD5SQLjhnXpxt+dgPcHf9s2FfzXt6fculyIypGeqqWZ/DB7MK4YN7SFx2G07DBsZ+c4130qIgVJSEbugtRgGZuwawi6v3RbNvxKONtasfTc6CkvLg+NiTt5KomA8jhxnbdW/oww16gxtbAzjHfKnxqPNiw9IkVw3WXEpcqxPX9t4yX0HGNGxqKpijitI4+2ZXPH+F1gCOU6zG2lfMuej3lW2+ctUAjovLjEddf2YNYFdP1MbvF3H2jXN5awAX+iSCGPvGW7vS2XJ/TSNO5YenuwuCIAiCIAiCIAiCIAiCIAiCIBznJPWatcTW3DSVhT4TXtOz5sJsg2d+huM4EfuqQlLzh+lXd68pIB01Uey97u/Inq+5wPAb1rC12jcS03lrAOtnIaJYNToeBK4OoiVl5cXluC5uzxaO7N4SnvLi8W06nn2tRq45YNa48tSUdSzrQUsYqutDMaOOm//ZHyFz/QV+PTOx9u0LQLdv+lX8GX5D+0ZcR1kD2LTvE7Vv+s0xX6o/c74ifg1/GPYjcVmHc+r3C/T9Iq99P/9vzpd5Px8jJKotj6kXBEEQBEEQBEEQBEEQBEEQBEEYB5EawHqaLZ+iNdtyImt6cmJt9sxbr0QudXF0BTBEFJ75/AaqV1MhmXk526C8JlDMxiohc/jQE04WhaRygd//eAWzPQZrrH5coNTKNdq6alO1L06kjfW9o6+DuBrA/iG7clrxF+cr6NVkrz8zgZxb8ZxTQVrQ+itMUa2udzUuq2I1Z1xHVwO4EPsF7xfeuil4vlSDFqeFKKoj42cqpnPtF9NM0RlnT3cXBEEQBEEQBEEQBEEQBEEQBEE4zonUAI7W9PQVd4SCu6A9ioLO8T7mqgGMkXiJKoCDM4byUO+nd63qT1H8aY0d066XSDYUodpV6iODHcOPa+SntLiUeExls9/u5Uc48uOPBgYcQ5Foq1UKcOTOyyNj4D59L6O7fo6agjNrpKq5tbG2H3Dktz/QFZ+TVgPY/2jWYHX08dPahwm6cNz89eg1s60/peOF1QAmOl/Y5yuuBnA0LsWfYl9T+jox9o0hV/sZrQGcq0ZvOF+R9ad3P2qgkBrAkX7m2S9Uf4XsF9HTOfaLOPt6N6M1gHPtF9NP0YJzprsLwnHAa79/c7q7IAiCIAiCIAiCIAiCIAjCccypp5w43V0QJpmknhArQOEZp9BTElDxNYD1xJxZq9RRjLpmZsZMQPvqyYgiU21vrwEcql8N+xHfjsV+WAM4Og4F1ADO4VdTSOZRZNrmqdAavf6UxsalxmOxHxnP2Lhs9o15MjqVnbYJrAEcZFL19rniisxXzHtTIZ63BnCkRq8lMs2X3b5WQ1lrn6MGcFwsZsJanSeb8j1uv1D85lt/oR1LXOPaL/Ksv8C+f0hff8dY7pdE9QKcOWdMdzeE4wD5ciYIgiAIgiAIgiAIgiAIgiDkIhlKA70XLxFkKvpCJajefqJrAAftTAWwqfTD0f1hb2+rAZxVAcbE5fm21QD2lYTW/hiKRMfvY0yt0iCR648bBPYj46hmCmPsa+OoPuLWyLVGa6Q64QFLe2sNYItC10yIq/a18YupAayvPyU+Q0FrzpetBnDg17HMV4x9U8lqtg/GL4jLWO/jrAEct+5Nv1EFujlBRlxad/LUbFbjMefLscyX6s+wb8ZV8Pp7rzXDY+6rYH1EFMZmhzhmKFp60XR3QRAEQRAEQRAEQRAEQRAEQRCE9wGRGsD+h9wKSb+9otyLUfDZ7St+DPvBGTfUb4ZYagDbFJ45/PrXxCokIVAx6krI2BCin4OOxymqw3hyKTytPvIpMEFR0JoKSX2esskwV09a5lRU5lHoBtfq9mMVxnHvlYMRBa3fOMf6CxSe47UfWffR9TcVNYCNlHYkrnj75vGjqwEcqzAu0L6m0LXENZH7ha0GcIglrkjHjh2SKy6b7i4IgiAIgiAIgiAIgiAIgiAIgvA+IBG8c1DUd37NUK9WqeNkj3ivDg6Okz3nnQlecRxMUaTNPjH2eSudPVNzge4vsI9+rXI8Uo8Wx/CrKj/1eBI1F2QbHNqvxYUTtW+IILU+hY2Va9VRcrx//hFHeVXjsdon3r4T2g/GU/VnzpejxOdY/JnzFSgwyWE/GhdmXP44mvPl+zPXoe/PmC8tHnO+Yu377232o3EF/sy4HMt8OZpZfdyUuKzrzxZXxH70voqsD3O+8q0/cz3kW3+W+QrtR+Ma935B1L5+Jmb9Re4rx2JfmSdzvo4BihauoOjM+unuhiAIgiAIgiAIgiAIgiAIgiAI7wOS+iN089T0dMmtCDSVrJEawHb7gRLSBfp24HyoBudPHsjd83lNON94K5KbypfTca54IGcb97lfFFwD2B8Obfysiuk4hSLGcdW+vQbw+BSrtgPqcVtcOeYrVrGaOy43eFXjMgTAOeKyOrGqey3zZTwS26ZgjipK4+ybXXGsCu7YGsBxitVcSmXfnIt+X9nmK1cN4Li4cq0/x7SPts7i94s4+8Y5m/K9gPUXfRJBjH3jrV3pHKNAnmKKP3HVdHdBEARBEARBEARBEARBEARBEIT3CcmIqtXLlpg1N8Paq7aEJBNXA/g3V8Oh/wkf+QzMnjuRseYmk8bt62Ss7bvE1QAGMGvlOuqwgKFmdKI1gM2EpD9u3jWuOW5GDeC88xVTA1gtoavNV5CsNP3a4nJy15S12jfiM+xH4vI/++Nnrr/ArxKX1b4Rj9W+6VfxZ/gN7RtxmbLcAmsAm/Z9ovbHMV+qP3O+In4Nfxj2I3FZh3Pq9wuM/SKf/ci6N8bPrKk8DSTmLSJ5/rrp7oYgCIIgCIIgCIIgCIIgCIIgCO8TIjWA9TRbPkVrtuWE1vQE3G1/Af/xF5b2lkSgmfDM4zeSELK0jygGTSVkDh+6fXuN3lAm6cQrEnUhZHw8qIkus1au2Td9noIawGpccb6yhq3KT23x+C8ukbiiitV8cU32+jMTyLkVzzkVpAWtv8IU1dr6U+eLPPMVievoagAXYr/g/cJbNwXPl2rQ4rQQRXVk/EzFdK79YhqYcdlXp7sLgiAIgiAIgiAIgiAIgiAIgiC8jwgTwIZiMFDaBQpdQsFd0B5FQed4H52I8k5vr7qPKoAdcrVX7TuBos9U/Kn2TaVl4E9TZuqXqH5D+0pcare09qp9Iy5T4BiMizF+rhFPpL3eWScSlzJfkfa2cTPiMuybSk7TfqSOquHXJWa+rO3DBF0kLr+Zbf0pHVfta+tBHcegA6r9mPkyE5LeiWhcij/Fvqn8tto3hlztZ2TcXCM+rb1lnRv3lRMZB31h5rQf6Wee/UL1V8h+ET2dY7+Is693c3z7xdSTXNpC8ty109sJQRAEQRAEQRAEQRAEQRAEQRDeVyT1hFgBCs84hZ6SgIqvAawn5sxapaE/C4rfOGWkq/jBUwZalbiB8tJuP8RmP6wBHG0/+TWAdeXl0dXo9ac0Ni41Hov98DVHAs1PgFoUn9o8GZ3KTtsE1gAOMql6+1xxReYr5r2pEM9bAzhSo9cSmebLbl+roay1z1EDOC4WM2GtzpNN+R63Xyh+862/0I4lrnHtF3nWX2DfP6Svv2nO/eIUFTPjczdMcy8EQRAEQRAEQRAEQRAEQRAEQXi/kQylgd6LlwgyFX2hElRvP9E1gAN/Pn6WRjFrKvr0BkY8ZlyG4tOMy1bjNZueCpWEqn1TeZi3BrARl60Ga2Qc1UxhjH1tHC01gAO35nyZUmOjfVyN4ch8GQnxyDxhxoU9Llf9aKw/NSFprj/fnKr4dCzzFWPfVLKa7YPxs6wPZYCU5K9+OLL+zNrXwQW636hS25wgIy6tO3lqNqvxWO6ryHyp/gz7ZlwFr79J3y9MhbHZIaaNGet/QKL6rOnrgCAIgiAIgiAIgiAIgiAIgiAI70siNYD9D7kVkn57RbkXo+Cz21f8WOyHfs3LVAXfZNZg1eNxvYRqTAjRz0HH4xTVRjwxCk+rj3wKTFAUtKZC0hKXpli1xKP5zaPQDa7V7ccqjOPeKwcjClq/cY71Fyg8x2v/GFl/Rko7Ele8ffN4HkW/1X4OhXGB9jWFriWuCd0vvHVpb2+JK9Kx6aH4oj+juPmq6e2EIAiCIAiCIAiCIAiCIAiCIAjvSyI1gIMaophKRUIBYdAeJXnoJY1y1gBWEz657cfXSPWTe6HCU1cwao0VxaMZV5x9PS5bzVAtPacpMBV/hdRg1QJV4oq1r4xjnhrD8TV6DX+TVgPYtG+MI+jz5ceFMV+TUgPYZt8eV1wN4GC9F1oDmJj5itgnxn70voqsD00hXcD6Uw0Usv4i/bTVANbjGtd+oZgvaL9Q4zHvk8BdzPqz7hdTQ/KcNZRc/YOpdywIgiAIgiAIgiAIgiAIgiAIwgeCpJ7QzFPT0yWSYAlQElDxNYDt9gMlZF77+nnffqwiM7bGsMVJoQpCRUnod1cbP9OfbzxXXKo/iyJTyQqOU7EaF5d/3BZXjvlS4ynIvv42Vw3WXHHlnS81a2irKas8Eju7LHIo3C3rLPa976/QGsCBfbdA+4o5F/2+ss1XrhrAcXHlWn9mDWBXT9TG7xdx9o1zeWsAF/okghj7xlu70lm/vyaboo81M/Pan0yZP0EQBEEQBEEQBEEQBEEQBEEQPngk9Zq1GMo6Ww1gW0JSVdb5ySJdWeiTr6Znfvuhck/zh+lXd2/WYA0Txb5f73Ki9rOtY+yr3Vb9ef8fictMSDpab5SatU60QcS+ZTxjagDblKOaP3PArHHlqSlrtW/EF1MDOKJc9sfPXH8Y8xVr31wANvs51ofhN7Qfs/7GWQPYtO8TtT+O+VL9mfMV8Wv4w7Afics6nFO/XzDO/SKy7mP2iykgec4aSf4KgiAIgiAIgiAIgiAIgiAIgjDpRGoA62m2fIrWbMuJrgEc2tcvtSr4zIRnTr85FJJK+4g/UwmZw4eecLLX6NWeS5xTwWyJwYhTS1gbNXqjfdPHLagBrMYV5ytr2Kr81BaP/+ISiSuqWM0X12SvPzOBnFvxnFNBWuj6y2FfCw0icVkVqznjOroawIXYL3i/8NZNwfOlGrQ4LURRHRk/UzGda7+YJIov+jN57LMgCIIgCIIgCIIgCIIgCIIgCFNCpAZwtKanr7gjFNwF7VEUdI73MVcNYIzES1QB7JCrvWrfqI2qKP5U+5EawEEtW6+FmQgy/Ib2c9UqJUhwhfaNuEyBYzAuxvhZapXq7fXOOpG4lPmKtLeN22TVAPY/xsyXtX2YoIvE5TezrT+l44XVACY6X8TMl5mQ9GvlRuJS/Cn2TeW31b4x5Go/ozWAc9Xotaxz4756TzWAI/3Ms1+o/grZL6Knc+wXcfb1bo5vv5h4nKJiZqz/AcXNV02uI0EQBEEQBEEQBEEQBEEQBEEQBI+knhArQOEZp9BTElDxNYD1xJypxA39WVD8xikjXcUPnjLQqsQNlJd2+yE2+2EN4Gj7ya8BrCsvj65Grz+lsXGp8Vjsh685Emh+AtSi+NTmyehUdtomsAZwkEnV2+eKKzJfMe9NhXjeGsCRGr2WyDRfdvtaDWWtfWEKd+29mbBW58mmfI/bLxS/+dZfaMcS17j2izzrL7DvH9LX3yTnfkkubWHG524gUX3WJHsSBEEQBEEQBEEQBEEQBEEQBEEISYbSQO/FSwSZij6zVq7/OtE1gMMavR5+lkYxayr69AZGPGZchuIzUgNYUQZqikFCJaFq31Qe5q0BbMRlq8EaGUc1UxhjXxtHSw3gwK05X6bU2GgfV2M4Ml9GQjwyT5hxYY/LVT8a609NSJrrzzenKj4dy3zF2DeVrGb7YPws60MZICX5qx+OrD+z9nVwge43qtQ2J8iIS+tOnprNajyW+yoyX6o/w74ZV8Hrb9L3C1NhbHaICScxbxEzLvsqyXPXTrxxQYjQzS3XtdIZe76ctd/awJo5U9mlTXzpp2ka/vQ6rklNod8JwRvPupX8+EvLKbU2OZ7jEwSB/q3c8KMu+mIb1HDNTetomMIudd55E7fsmnq/E4I/nktauPXqPJvieNoKgnDM0PfQbdzwYCa+wZTf0/1s+dHP2Ew9N35rFVVT6Pm44FCa9tZtbNnRz8Bw9lDx7Arqli9l3UX1VJVMb/cE4YNA9rvdJP0s7n2f4uKruPGiCTIu39EEQRDet0RqAPsfcisk/faKci9GwWe3r/ix2A/9mpepCr7JrMGqx+N6CdWYEKKfg47HKaqNeGIUnlYf+RSYoChoTYWkJS5NsWqJR/ObR6EbXKvbj1UYx71XDkYUtH7jHOsvUHiO1/4xsv6MlHYkrnj75vE8in6r/RwK4wLtawpdS1wTul9469Le3hJXpGMTR9HCFRR/4iqS56+beOOCkI/yGtZ9agHlkRMl1EQPCvno2cZND1Xz3Yuqp7sngiBMFqcvYsMFtnu8nNop74wgCMKxT23TKprPsJyoqJnyvnyg2NfBbY/sp3LJKtYuzvPF/tVtfP9vtpMeK6F2cYrmJXMoP9RP59Mv0d22lRse2c36G66gqQwgQ/cDW+l4cy4tVzYy7lk81M3mX/cycMZyNpwna0AQBEEQBOFYJFIDOKghiqlUJBQQBu1Rkode0ihnDWA14ZPbfnyNVD+5Fyo8dQWj1lhRPJpxxdnX47LVDNXSc5oCU/FXSA1WLVAlrlj7yjjmqTEcX6PX8DdpNYBN+8Y4gj5fflwY8zUpNYBt9u1xxdUADtZ7oTWAiZmviH1i7Efvq8j60BTSBaw/1UAh6y/ST1sNYD2uce0XivmC9gs1HvM+CdzFrD/rfjF+EtULKFp6EckVl1F0Zv17MyYI74WSClJL60UBMYGkH3yAzakNrD1tunsiCMKkcOI8GpeKwkEQBKFQys+qp1G2zannzTQdO9JUnTLM2sW5Gg7T8cB20qPlrPmm/h228ULgUC+bWg+SKgvbp7v30tF/hIajSQAf7qdzx176Rhew4bzxXiwIgiAIgiBMBUk9oZmnpqdLJMESoCSg4msA2+0HSsi89vXzvv1YRWZsjWGLk0IVhIqS0O+uNn6mP994rrhUfxZFppIVHKdiNS4u/7gtrhzzpcZTkH39ba4arLniyjtfatbQVlNWeSR2dlnkULhb1lnse99foTWAA/tugfYVcy76fWWbr1w1gOPiyrX+zBrArp6ojd8v4uwb5/LWAC70SQQx9o23dqWzfn/ZcIqKYWYZTvkpOJUfJlG9kKIzzqZowTk4c2x/Ai8IwnHPnHJqBjJs+ftN1Fy/joZZ090hQRAEQRAEQcjFS3TvBirn02j7A8bZC1j3manukyAIgiAIgjCdJJ1r3wbCFEjc60QxVX4EQRAEQQjxa0xu+IsF9PxkG+2vjkKyjNQn/5ANF82h76H7ua3tAAPDUFxezbr/fAXN/i+PgjpDV3Bt5RPc8qu9pAehuKyCxsvXcOWyORTncj52kI5fbWGzX4ssmaRm8TKuXNdE7Szg5Vauv7mbgcUr+fs/W67b2t/K9f9fN0MrVvPjzy4CYGDnA9z2QC97Do5CIklV6lw2XNlITVK57vBeWjf9B1uePcjQKBSXz6H5M5exLt+j8wCqGrludQ/X/zTNHZu6qbs6Za8H7DPaT2fbNrY8eoD0oVEASufN58qrP01jhTmGn2Y9T3DLvx8gMwrFp81n/Rc/TSNd3HHnNjr2jTKSSFJ1bgvf/swize/Q3nbuuG8H3ftGGQHK56dYv76F1Oz8IQmCMF7CGpPf/hPY8rMuujNASTlN6z7N+iXQsek+7u709pjTFnHNV1aT8v9gJKgX/mVaXlX214pq1nx2NWvOyrMXGXsYJWXULjuXDX9UT2UChp68h6/ee4DK5nVsvFTXbY3suIc/v/sANZd/ge9eWBHdg0vKabi0hQ3n1Wj77YTuMQe7uPvuJ2jfO8hIIknlwrPZ8MmjsCMIwvHDe/yuE9RD/x/L6bvr39jywiAjZPeP9Z9bRV2evcjcw4or5tC0eg1XLq0ABmm/9R+4o6eMlq9/mXVz1SuH6fjnv+W2ZytYd8MXaBmegu9swVit49qK7dz8i730+fvzZau55txqoJtbrmul07uk78Gf8aUHgTlxtY/LKJ8NDOyl41VyPsVGr+uc5pbrbgKg4U+v45oUZPZ1sOW+nXTsGwz+G5Rq/kM2XDSfUv+/j/3e5bta+dJ1rYBXy97771+VWZ/UdvzwXrbc9W+0vpj1U1xWRt2KlVy5ehGViVyzLQjHGQXd8yEjA11s+vkTtL88yMhYto536hNNXNlkK/vk35PePZjv+Di+oxX0c7cgCIJwTFP0ve9973vT3QlBEAThvfNq/5vjaj9rRhGO4wT/gJzvUd8TPlw80k55zXfMfF/I53zH4xhv++Li4+G3Dv1sb91D36xTaKivpPjdYYbVf6MOM2dkfzrr2/U42197h56uNNQ18JlzKxh6+RWee66X3pee58HdY5xz0Xmcc3KGPS/207lrgIUrP0KlAwzupe3RVxk5coCHdw4zv2kZlywu443f7WPXjqfpTp7FyjO958n1P8evuzJU1Z/HOacCYwfY8r9+xt3PDVK+IMUlFy9kYdFbdO98kbaOV5l/3iJOPfkkxnZ38dyLhyg9dym1M8MIu//1N7TtP5G1X7yI2pnQt/U2/vIXr/D27A9z2erlNM4bYU9HN1ueHeGcj5/BbIDh3dz2g/tp3T9GTeNyPrPyw8zuf5mt//E0/R9eQsOcuJ9YvfE8rZbPtJzHh1/fRfvOF3guV3xA+oGfcdN/vEn5GYtouTjFOdVH+F3Xy7Tv8OJLhmOY6XuJ9tc/RMvFy0mdcJCe519l+/N76H3kGfrmfoy1F55G0WsH6H2+l96yOppqstmkkWd/ybf+8RnS7omsvOQ8Plk3k/5nn+XBRxUfgiDkx7sX366sYuVZs/U9891hhseSzCxOAIP0Pvo0PYfeoHPH25x6wTmsWVxE3/Ov8lzXXnr37qTttQouuThFXdHrPPfSATr2jrFyRQ0zIdgrijMv0ZpOcl7zCprmH6Fv9ytsf/JZbS/K7s/lnPOHi7O/0D/czS0bf8PW/WPU1Ke4bNXpnDrYz/au59n6XHavq6hK8kZ7Lz2vjDD/Dz7CqcF/4g6y9V8e4bmRBaxfX8+pTj9b/uaO7B58dj2fuegs5o/1097WyS5lbzvqPcYfz9NquWyJtyke7uaWv/53Hu9P8OFlKdZ+Yh6zD7zI3dteZWTkCCNqW0EQjnnefqmTtheHqVywmLry4ci+OVY0k+y2+d6+62T3wiLe2Ps0v0supOUPF7KQN+h+9mXan1L3Im9/5jSam85kNjDUvYnr/+k50u6JnPOJZVyyuJy3X9nL9ie6vL3uJGrKBtja+SrpIydxydmnhAFmnuD2/7ufkRXNfGXZKVPznc3zMXTwZVp3j9JwUbbdwO9eoaerlzfmr6D+5JlUzDmJug9l6EwfpjzVyFUtdTScfQa1lbMpisxUORWjz9HWm6H3iafY/vJbjMyeRdUJsyk29vCZZbOoOrMCXt5P33AFzZ8/j09+7ExSZ5xGhbOdf9r4CJ3OSdRfsJRLzq2ifOAAHZ3PeN+Jy5ldOZva6iPseSHD8OmL2PCpJTR87EwWVp3ETO+/f7PPWkJzbVnoNHI8zab/9xds2Z8Ivq9XDB5ke+cz7ClbTFPNTATheCW7n82krqmBhWUUeM97F7/cyl/+zRM8d6iUxRfWc1nTh6l4+/d0PLqHxCyIUQAAIABJREFUsdRyFhdlbRHcS96eOKh8lwT78XF8Ryvo525BEIRJYHRkbLq78L5Cfl0oCIIgCMc7A93c9L3u6PGIQmCY2tVf5toV2V/GNJ74Dl+9tZc9L5Wx/sYraJoFUE/l4E3csitN9z6oO11x8/JMpR00njOPWza20vngVjqarqCxJNqFkZ3b2LwfKi9cx42Xeyq1pY00n3UPX713L3c/lGbjpTU0X1DNprsP0P5kPy2+KmB4O23bR2Fxiuby7OdND2ZgTj3f/eYqqhLZ/jbNu5+v3tpF6wsrWb8Q0g9to2MwScPnv8A1S71Yl36Uyv91O5vanmLd4ibLX06blJD63KdZ++o9bH7wfrYs3sCaGCVFzaor+OuLyykPvlXVkyq5nW/ct5eOFyGl1GsbKlnIt7/ZQm0COLcG+m5n075+Bi5cx0ZvfJrOhBt+1MWe3S8x0lRBMWk2b97L0KwaNnxrHY3ePDUu+RDfv7GDLU9lSDUVoGwWBCHk2Xa+8Wx79PiSFm69WilyeThJ07UbWOfthXXczjfuO0jPwRTfvt6/l+fDj37G5r376B6GJmUvTGfmhu2opym1le/f1EXH5m20LG6x1lxMb32UzkFIffYLwX7N0iYa7vsHfvjwdjbtOJdrly2i+dxttLf10v4spPwu799O2z6obK4nlYCRHVvZvB+qLrqCGy/21CVLG6m598fc3PYEPasuo26C95g9D2zL0f/hgu0IgnBs0b3pNr6xKXrcV436HN13HZ+DZOaF7VjaSMNDt3HDg+F3xihpttyfZihRzfpvKd9Tm+rYtHETrf731Lp6mip6ad3+DJ3rFtHg/a1n+pFnSFNGS9MizepUfGfLHD6ZDX+htDtpkC/9NE337jQsrKF2aT21yV5uaz9I6dyFNC6dQy6qVv0pG0+8P6su7OlmU083m/DU0KtWsmZFDeWJ7FMrGk/rZ6C1g05OoG5pvaIaXM76v1xAeXnYz8YlJzNywwO079rNwKqVVNXVU1XxOlt+kyZz4jwalx5Fcej+XroPQmnTGr79R/OzfpY2se5QPwMz5Hut8P4k3z0PaTbd1c3AWDlrrgtreTcubWJtJsNIOdAfbz8fBX9HK/DnbkEQBOHYRxLAgiAIgnC8U17Duk9ZHgc1aw6VekNqz1T+Er+ijHJgaPGi4JdlAFVV5bArw8Bbhj2jHbNStCzbRufDB+h+ERoXE6H72QNAGY2N+i/sSpcvouHeA3S+sJcBaqhcej4tD26i9cku0hdlkyKZjm66x5I0nec9FvrFNN1jUFlXQ+lgBv/Bdcw9lVp62fNyPyxM0v3CIFBN6qxRMof8VkXUzC+Dh/vYA8ovuXKQqGbNlfV03tTF5p+0Und9C7W2drPKlbEfZejQIMzIqhYif7g4f56XCAKooLIC2GeMz5w5VAF9BzMMAFUDe+k5CCyuoW40Q+aQ379TqauE1pfS0HQUv3gThA8ypy9iwwXV0eMVRnIhMUf7Q5jyk04ADlK57GzlXp5DVRXQP0gmAyi/n9fbAac10bywizt60nQPQI2+SQP9dD87CNTQuLxMO1PbuIDKh7vofv4lWLaImlXLSW3bRudT2xlJZffJ7vbdDFDBuguycfQ8n92DU2eVKfsh1Jw+B57sZ08/1CUmco/pp+fF4Zz9HyjQkiAIxxa1TatoPiN6vNLMyR7Nd53gRPQ7Y9WF9aQe3Ea3/53R7ICXSCRlfE9N1NC0rIzWh/zvqTWsuaia1nvTtO8cpmFZCYztpu2JQZjXSMtcw+5UfGf76NleIsjj1AqqSNOXyXB0JKlc9mluXDbK0MA+9jzXS1vnbnr29dO2aRNtj9Vz49f8ZE48avKX4UEy7yYpLQNGso+0nhAqa6gt66J9ZzubziphzcJqSkuA2ebPL4LwPiLfPe/vIXX1kT8+Li4vz112KS/j+I5W0M/duf8gRRAEQTg2kASwIAiCIBzvlFSQWlpvqQVmUk6V7TcqiehD5GxUzqmIHCstnQkMRxOdAIwyMgyQJPJEbd+n/4ukRA0tF1TQet9u2npaWF+XpvWRg1CRornOa/pO9q+SBx6+n288bHHX9xpQztBhgAPc8b3bLI2S9PWjJWhyctoqrrvyINff1c3Nd1WxcWm0ychAF3ff1U7H/rhxCKk65WTLUcv4qBweZgjiFYuJfvqggPkXBCGgUMVSZbn1F9HFRYX9GFV1irnZlGR/wQ1g3S/eydZbBMu+SfYXf6Neg1nLaV7+KN1PdtOWWU7LTOOpCYwyNAgwSOstt9Fq8ZZ+DThxIveYAvovCMJxSflZ9TQWsG0e1Xed0Ev0u2pJSXbviEs+Dh/xvktavs96e7X//ax0eT1N9x+g/ZGnyCxronRnF+2HIXXBOZE/pJyK72x2HxNBktLK+aQunE/qwhYYTrP57zaxZX8Xm3Y2ce0yy2N7fMYy9Gx9gLsfOUDfoHFuIvM9iQWs/9oq+Mk2Wn96D61AcVkFqU96dU6Ph2o8gjBO8t7z/h7i73sTSuHf0Qr7uVsSwIIgCMcDkgAWBEEQBKEgBvoPgvHA0qGhdwDLD5EAJCkuARiNJkbHjmRfi5PBD5vljSlSv95G+2PbWccB2g9C6sqVgcdir55xeaqRdUtOiLqrqAGGKU0CVND8+aUWxW4JNeN8qlzp0tWs776dW3b9ljvGzCT4XjbdvJX2wyXUnttI85lev363k9vaD47PURwlRdkxilMsRpTegiAcK/T9vh9Q79thhvwn7Fn3zZneHuYlLNQ2Y2STHMnwR7hU0yIqn+ym7ZE0jR/qpnusjJY/9J6aEOzBJTRc2kTDiVFvlTXA8ETuMQX0XxAEIZYMfQOAqnwbHs7uHcp3Rg3/e5L/3VLlSDbbEXxPTfiPz3+G1v0fpfyRA1CRYm2uhOh4OFa/s5XUsLa5hi13pRk4aDyqwiDzxP3c9GA/xXNqWLt6AZUlAG/T+esOOt9LH0YtxyrqWf/NetaPDpJ57QAd27ay6b77Sb+1LuZx34LwPsffQ7x9770lgc2fwQv/jlbYz92CIAjC8YAkgAVBEARBKIxnd9N+uD58vN5YL+07hiFRTeos+yWpxdWw6wAdHWnWXh7+oDi0fTedQOXC+eEvwkp8NVsXN72ZYWjWApqXKr+QWzifVCJN99tQt7ReV2qMjjLiJUVSi8vY3D/ISFk9jUZtopFRKB73t58yGj7/adb03cOWbrPo0ttkBoE5i1j/maZA0bEn/cR4ncQzZwGpii76BkYpX1JPnfbD+igjxPxCVBCEaWdgxzPsaakOHyOaeYr2F4CKGlLWLMAcbw9L07F9kMYV4SP69nT0MgCkPnJm2HzucprndbPpiVZunpWJPMbU34MzxTU0LtX/gGVkdNTbDydyjwn73/bYQRqbQp9+/wVBEOIZjHxnzDzVTTfGd0YV/3tS5HtqmvYdg5HvqTUXnE1NWwft9/6S0v1Qc/lyaz32o2IyvrN5yuaht005rskwHfdtgfMvo7HS/LI7SMeuA0CS2tP95G/Syy69k316jjduQ4PZv1JKrV7HGl/xfXg7HXcDap484cUyOMQQUOofP6WCStL0aQpB379KhoGBMiork5Aso3zuAlqufIc9O1rp7OtnhBr5fit88PD3kJ4utry6PKgBDDCSyTBSXh7ea+FFVJ4K9Gf0J129upvOAb1dwd/RCvy5WxAEQTj2kR1bEARBEI53hg/SvbOLdORECTUfXUTVBIkayqsG2fyj2+k5/6OkSl6n7be72TMINRevpDHGR/HSlazddg+bH97EDf0pmpaXM7L7Odp2HoSy+Vx5kf4rN1/Nlt4Plc31pNRfnJUsZ11LF90PdnD9j/bR/PFF1Mx+m/SuvXTszpD64ldYvxBqVp1Pw5OttN/6t/QtXUTTopNh4ACdXb30zFrGxq80Resl5yNRzdr19XTf1EVa+0vqudTNh869XdxyJ7SkSujb3kPHPpvM4WipYc1lNbT/tJebbrydxvM/SqoSBl56iY4dByhd/QW+3RR9PLcgCDl4cx8dOy1qMcqpWzp//HtEDFWz0tz0V/fQ/PFFVA330vrvafrGSmi47PzYhIO/h3Vuup0fvriIpkXZfaWtZxDmLmedplSroPmCajbdfYD0YUhdrD/GNNiDf3U7N+xO0bR8DuWH+ul8+iW6+6u59nuXUZeY2D0m6P+vbueGl+qDfbFt3yilkH20oSAIxx2ZF7vosKo459N4+kTtmuWU7vkVN9y6KPudsbubLbsyUFbDulWxu6a3h6W5I/iemqHj8W66D0LN6lX699Tyc2hZ3MFtz2YYSlSzoXEiv0NNwne2RSmayvbS/tgWbio+h6a5c+z/nRrspuOxvXQ//GPunldN6qx5pOaewMjAATo7d9PdD6VLWlgX/HFkBU0rKtj8q37uvvmXDLWcSVXVIlKnz6GUDJ2/uJ2731hKzfBLtD9+gD7zu35liqb527n7xXZ+eO8IaxaenP2547QFNFR00bprGzf9ZoimuTCwaydbnjUWT882vn9rL8Xza2j82AJqZr/Nnke66ASqzpDkr/BBJdzPtvzNbaQvqKNxLqS399DWM0rz17/MOsvN0ZCqhu4DbP7JLym++EzKDx2g9d9305dAKzlS8He0An/uFgRBEI59JAEsCIIgCMc7mTSb7oqmf6Gctd9axJoJKs9TmlrNtZVPcPOmdjqGs3W6Gj6zig3nWR5x55OoZs3XvkDlr7aweUc3m3qAZJKaVCPXrGui1vxl0tyzaazsZstABc0XRH/RV3XRBjZWt3L3b3bTdt+B7KOxZleQWvOHrPXVHbNSXHP9ybTf/29s3tXFHTuyPqvmLWD95849+sTOaau4bl0/X71XVTBU0PzFTzN017+xpbuLO7qTVC5cxnV/1McN1jk5OkpT69j49Q42bXqKjtZ2OsaguKzs/2fv7uOqKvP9/7/2ZsOGjbgFEQQEb1FQScXbiHTMwibL7IamPFM2jTXj3Fi/0TPTfM+p75n6zmmao3OqRzNO5UxpjeVgjmlaUmQaaZiihineoiiiiCgiNxs2e//+QBAQFBTYN72fjwcPN2tfa63P2upnrbU/67ouYkZPYfYEFX9F2u3oXhYf3dvCGzHMGdWfxA7aTcRtDzHr5GoWrc2g1A6+IWGkzJhO6rDA1lcKSGDOb7uRnvY5a+tzmDmQgUlTmH3PyMt6wPmOiidx2Qmym4+aAA05OGbdetK2XszBRhPWqEhmPDKpoXdah+aYgATm/Ls/a9/LaJQXhzPvR7Dk1Z0qAIt4qEOZGRxqYVpbRqQw/pE2TA7cJlamzZlC4TvrWfVOOTVGE6H9E5g5K4WEgNbXsiSk8sIvMlnywXayP84ki7p8O/mH05g5qnkOMzN+VAyLv83HMmZkqw8xXqsOv2YzxjLrZ5OoeO9LcjZkktvaeSpwDHN/H0P2hkzSs0+QvfEEWfVzH4eFMXnmVFJHhzUprFqTH2DuuZUs25xH2jt5RNweScJt03nmhytZ9K88NnyQgW9gCMkzp5HwwUpWNdlhCJN/fAfFf9vIhm1ZLN5af98RQ+qcKVQs3UjWhkxyjSYiEibw9IP5PL+s0bXx4EnMudtG2mcnSP+gbrlvYAiJd09j1kTNLSrfXY3zWc6GLHK4eL979yRSIqCl4VR8R0/n6ZLVLN5Q93/Z1xrG5B9MJ+HD1axtPIBVO67R2nTfLSIibs/gdDqdrg5CRESu387dee1qH9zND4PB0PADXPE1jV8DBlpp1+jPqy1r/rotv19teWva2z7AomekGhRl8OyLO+H2h3nutk7+QqY0k+efy6J43B28/IP4zt2XiEhnyUnj8bfySXx0HnM6qi7SmtzVPPnGAULv/hHPTNQDISLimbKXLmTRrhjmLEztsIdwWpOz/GVe2dqd1Gd/REpHdV4WERERketWWdGRI+qJ8epNRERERLpGzsfbySeQ5GQVf0VErq6E9I8PUGGMJKVDhzEVEfFSpZms2mqHYQlMVvFXRERERLyYCsAiIiLiHiq3sWGbHaKHkxLl6mBERDzA0W1sOEanDGMqIuKNDn2+m3xMJCeN0TyzIiIiIuLVPH4I6G279vNRRhYnT5+lurqmYbnZz5eI3j0ZfcNgbp881oURioh0DQ0BfWUaAlpERERERERERETEPWkI6I7l0d9ur/98GyvWbGzxPVt1DUfyT3Ik/yShIVbGjBjcxdGJiIiIiIiIiIiIiIiIiHQtjy0AHz1+qknxd+KEG7B2D2z4/czZ82z++lsAXlu6hoj5s4iKCO3yOEVEREREREREREREREREuorHFoBPFpU0vP63e6fwvZtGXtamf3Rv/rEyA4Ajx0+qACwiIiIiIiIiIiIiIiIiXs3o6gCu1anTZwHoGdKd0SOGtNhm9IghBFr8AThTcr7LYhMRERERERERERERERERcQWP7QGcNHYYZ86eZ9KNIwjqFtBim6BuAcz7aSqffpFN0thhXRyhiIiIiIiIiIiIiIiIiEjXMjidTqergxARkeu3c3deu9oHd/PDYDA0/ABXfE3j14CBVto1+vNqy5q/bsvvV1vemva2D7B47DNSIiIiIiIiIiIiIh6lssLu6hC8iscOAS0iIiIiIiIiIiIiIiIiIk25ffem4ydOk5dfSGFRCSeLzlJdXXPd2/Tz8yU6qhdhoT2IjgwjJiqsAyIVEREREREREREREREREXEtty4AZ+ccYMny9VRU2jp82zl7DwN1xeCp3xvD9KlJHb6PllRWVfPK4pUczCtgzqzpJN4Q2yX7FRERERERERERERERERHv57YF4L+8+QE7dh9ssqxPZC8CA/yve9tVtmqOHj8FQHV1DWvSt3D4aCFPPXHfdW9bRERERERERERERERERMRV3LIA/M8PPm8o/pr9fHno3ikMG9yXHtZuHbaP0rJytmbnsnLdF9jttXy77whZ2XsZnxjfYfsQEREREREREREREREREelKRlcH0Nye/Uf5ZNN2ALoFBvDqC3O5aeywDi3+AliDArlt0mgWvfgUPUO6A7D4H+s4fLSwQ/cjIiIiIiIiIiIiIiIiItJV3K4H8K5vDzW8vueO5C7Z56wHpvKnv6YBsGXbHgb0jeiS/baF0wm5B/NZufYL8gtO4XRCr549uPv2JMaOjMNguNT2XOkFPtm0ne279lNyrgyn00kPaze+f8s4vpc0EqPRQGZWDkvTPmHIwGh++eMZ+Pn5Ntnf5q+/5a3l6xmfGMejP7gdHx8jZ86e54OPvmR7zgGqq2voFhjAhNFDufv2JPzNfl38iYiISHvZa2upttmpttux22txOJw4nU5XhyUiHsBgMGA0GjCZfPAzmfAzmzD5+Lg6rE6lnCki10N5U3lTRNpHeVN5U0Ta57uYN+XauF0B+NTpswBE9g5l4oQbumSf8bExhPcK5tTpsxSeOtMl+2yrr3fm8uZ7H2M0Ghk6uB8B/n7sO3SMxf9YR3FJKXdMGQ9AZZWNv7y1mqPHTxLeK5hxo+Korq4h92A+763agNPpZMrNiSTEDyAstAd5+YUcPX6K2AF9GvZVXV3Dlm178PM1MXHCDfj4GDl9ppSXXl9BcUkpfSJ6ERURSn5BERlfZHOsoIifPzaDAH8VgUVE3JHNVkNFlQ273YG/2Rd/sx+mQB98jAYMjZ8gEhFphdPppNbhxG6vpabGztlz5ZhMRiz+Zsxm36tvwIMoZ4pIR1DeVN4UkfZR3lTeFJH2+S7lTbk+blcAPnaiCOCaeuG+nfYJm776huRxw5n1g6ntWrdfdG9OnT7LiZPF7d5vZzl24jTvrdpAj+7dePLxe+kdFgJARaWNP/99FZ9/uYsxI4YQFtqDAH8zM++9hdAQK90CAy5to6CIP722gs1ff8uE0UOxdg9kVEIsH3+2lS3b9jCof5+GXsRHj58iL7+Q/jER9O0TTnV1Df94/1POnD3PrAemcuOYYRgMdb2S1376FWvSt7Aj5wBJY4e54uMREZFW1NY6KLtQicPhwGIxa7QGEblmBoMBk48Bk48Rf7MvQd0CqLJVU15RRWVVNUHdAvDxcbtZZdpFOVNEOpLypohI+yhvioi0z3chb0rHcLt/BefLKgAIbjbn75df7+bxeQt5O+2TVtfdtmtf3Z/f7G/3fsNCewBQVl7Z7nU7y/5Dxyi7UMGohEENxV8AS4CZ7yWN4Nz5C00K1v2iezcp/gIEdbPg5+fLhYoqamrsAIwbOYRugQHsP3yc82XlQF1Rd8u2PVTX2LlxzFD8/Hw5faaU/IJTRPUOZcSwgQ2FYoMBksYMxRoUyN4DRzv5UxARkfaostVw5mwZvr4mQoKDdGMpIh3O3+xHSHAQvr4mzpwto8pW4+qQrplypoh0BeVNEZH2Ud4UEWkfb8qb0nHcrgdwa3bkHARg01ffcN+dN2MJ8L+sTUR4Tw4dOUFkeM+rbu/Lr3dz09jhDb/3iexFUGAACUMHdFzQ1+nIsZMAfLJxO59s3N5imxOnzjBy+CCgbvjsdRlZ7Dt0jNLz5djttQ3tQoK7N7zuExnGqOGDyNy6m2/3HSFp7DBOnznH7twjhIX2YNiQfgCcPnOOC+VVlF2o5Kln/tzi/kvOlmGz1WhoARERN1BZVc2F8kp6WAPx8/WYU7yIeKhAixlfXx9Kz5fjdAZ43LQgypki0tWUN0VE2kd5U0SkfTw9b0rH8pgzT98+4ez69hAAp8+U0rfP5QXgp3/5EPsOHmPIoOgrbus/XvgbRcXnqKy0cevE0QAkJsSSmBDb8YFfh9paBwDRUWH0iQhtsU19sfvYidP872srKLtQgSXATNygGIK6BVBdbWd3bl6TdQwGuHHMULbuyGXLtj2MGTGYnbsPcra0jOlTk7B2DwTA4XDidDoJ6mYhPjamxWEDwkODMRo1R4WIiKtV2Wq4UF5JsLUbJpOPq8MRke8IP18TwdZunC29gMFgwN9DHgpUzhQRV1HeFBFpH+VNEZH28dS8KR3PYwrAvXsFN7z+/Mudrc7xe7XiL0BR8Tmgbi5dd9Ynshdf79xH/+jePJx62xXbHj1+irILFSTE9+dnP7obk0/dhUXJ2fMcPlp4Wfu+fcLpHxNBXn4he/Yf5euduQRbgxifGN/QpmdIdywB/gRa/HlwxmSCulk69gBFRKRD1NY6OF9WQQ9roG4sRaTLmUw+WLsHcq60HF9TkNvPNaScKSKuprwpItI+ypsiIu3jaXlTOofHFIBHJcQSHRXGsYIiMrfuZszIIQ1DFV/JvoPHgLrC8LETp/nXusyG99ZlZOHn58vtk8c2tO0bHe42czEkxA/g003ZZOccIGnsMAb2i2x4r7q6hsP5J4ntH4WPj5FuFn8MhqY9cZ1O2LxtD+fOXyC4R1CT9/z8fLlxzFD2HTrGP1ZmUHahgqQxw+jVs0dDm4iwEPrH9GbP/qNs3PIN026d0DAPsNNZN0R1z+DudA9SYVhExJXKLlQSaPHXkFIi4jJ+viYCLf6UXagb4s6dKWeKiDtQ3hQRV3I4HNjttdhrHTgcDpxOJ05n5+zLYACDwYDRaMTkY8Rk8sFobH8hQnlTRFxJeVM8kcechUwmH376yF38xwt/A+Cl199n2JB+DOgbwZCBl3r9hvcKpoe1G1A3b/Bf3voAgAmjh/LV9j1Ntllb6+D9Dzfx6cbtDOgbwY7dB+nbJ5z//P9+2CXH9PaKT1j+wYYW33s49TaGDenP7ZPH8q+PMvnjn99jQN9IevW0Unahkv2Hj2Py8eFXP72/rjdv3wh6hwWTszeP5xYupV90b/ILirhwobLVi41hQ/oRFtqDU6fPYr5YEG5cQ/bz82XG95MpPHWGDz7+ks1f72ZA30gcDgcH8go4V3qBe+5I5o4p4zvj4xERkTaw2WpwOBwEWsyuDkVEvuMCLWZKzlZjs9VgdtMhppQzRcSdKG+KSFez22uprrZjr63tsn06neB0OnE4arHba8FWg8nHBz8/U7t7xypvikhXU94UT+YxBWCAsNAePPOrh3nx1feorq7h231H+HbfEdawpaFNZO9QfvfvswCorqlpWN64+Hv/XZOIDO9JXn4ha9K3UFpWzo7dBwHo1dPaRUcDF8orW32vutqOwQC3TRrDgL4RfPjJVxzIK+BgXgF+fr7E9o/iztsmEBMVDoA1KJAnH7+P5as2kJObx6nTZ4mP7cvMe6fwt2UftbgPa/dARiXE8vFnW+kfE0HfPuGXtekXHc5v585kXUYW2d8cICt7L0ajgfBewUxPua3JkNEiItL1KqpsWHRjKSJuwmIxU1Flc9sbS+VMEXE3ypsi0hUcDidVtuq6QoIbsNfWYq+sxWTywd/sh9FouPpKFylvikhXUN4Ub2BwOjuro/q1eXzeQgDuSrmR6VOTWmxTUVHFkrR0DuYVcL6sosl7jQvAANt27ee1pWsafn9j4bwm7Ves2cj6z7dddZ8iIu5u5+68drUP7uaHwWBo+AGu+JrGrwEDrbRr9OfVljV/3Zbfr7a8Ne1tH2Bx/2ek7LW1nD1XTq+e3V0diohIg9NnzhPcIxCTj3vNd6acKSLuSnlTRDpTjb2Wqipbpw1Ver0MBvD3N+Pbjl5typsi0pmUN12nssLu6hC8ivt/u90Ci8WfObOmA1BcUsqZkvMN74X3Cm7StvG8uXel3HjZtu6/axJbtu/hfFkFxY22IyIi4u6qbXb89fSeiLgZf7Mv1TY7Jot73VgqZ4qIu1LeFJHOUl1jp6qq2tVhXJHTCZWVNpz+fm2eM1d5U0Q6i/KmeBO3KwCbzX7YbNVt/k8WGmIlNKT1YZvPniu76jZ6dO/G+bIKLpRXXLWtiIiIu6i22/E3+7k6DBGRJnx9TVTZqrHgXkPfKWeKiLtS3hSRzlDXg829ixiNVVVVYzAY2tSjTXlTRDqD8qZ4G6OrA2iuT0QoAIfzCztkewP6Rlzx/cJTZzh5+ixwee9hERERd2a31839ISIxV2VqAAAgAElEQVTiTkwmH7eZJ6kx5UwRcVfKmyLS0RwOJ1VVNleH0W5VVTYcjquPuaq8KSIdTXlTvJHbFYAjw3sCcOjICfYeyL/u7T39+zcaXq9J38KKNRsbfi88dYa/Lv2Q6uoaoG6+4G279l/3PkVERLqCw+HEx9i+uY1FRDqbj9HQphvQrqacKSLuSnlTRDpala3abeeuvBKnsy72q1HeFJGOprwp3sjthoAe0C+SL7JyAPjXukzin5x5zdv6/MudTeYHBlj/+Ta2bN9DSI/uFJ46g+1i8RfgXOkFXlu6hjEL513zPkVERLqK0+nEYNDNpYi4F4PBgNMN75yVM0XEXSlvikhHsttrPbqXV338V+pJq7wpIh1JeVO8ldv1AE4eN5wRwwYCkJdfyGtL11BQWHxN2xoe35+kscMYlTCI//4/s0m8IRaA82UVHDl2sqH4+72kkTz64FSGDIzm0QendsyBiIiIiIiIiIiIiHSh6mq7q0O4bt5wDCLiObwh53jDMUjHc7sewAC/eGwGj89bCFwalrlvn3AG9osk0OJ/xXWDewQR1rMHQwZFExpi5UcP3t7w3pxZ0zmYV8CLr74HwF0pN3LHlPENT0bcNHZ4Jx2RiIiIiIiIiIiISOdxOBzYaz23F1s9e20tDocDo9Ht+i6JiJdR3hRv5pYFYIA3Fs5j9frNrEnfAsDR46c4evxUm9a9/86JDBkU3eJ7g/pHNfn9St3iRURERERERERERDyBJw9h2pzdXoufnwoZItK5lDfFm7ltARhg+tQkwnsFs2f/UU6cPHPZnL0t6RnSnYjwnldsc1fKjWze9i39ont3ZLgiIiIiIiIiIiIiLmGvdbg6hA5jr3Xg5+ogRMTrKW+KN3PrAjDA+MR4xifGd+g2p09NYvrUpA7dpoiIiIiIiIiIiIirOBzeU8jwpmMREfflTbnGm45FOob6g4uIiIiIiIiIiIh4OKfT6eoQOow3HYuIuC9vyjXedCzSMVQAFhEREREREREREfFw3vTdvzcdi4i4L2/KNd50LNIxVAAWEREREREREREREREREfESKgCLiIiIiIiIiIiIiIiIiHgJFYBFRERERERERERERERERLyEydUBiIiISNfJWPBr1hddvV1Yynzm3xrW+QG1iZ2CLctYkZ5LQbm902Lb/c6vWXpyKvPnT8FdjlxEREREAOwUb09n8acHyC+yUwNgNhMTF8+0OyaRGNq+r7eyly5kUeFInvvNFCI6JV4RkWthp3j7Zyz7Yj+5BTZqHFxXrvMoRRk8++JOClttEMOchakkdl1ArH3xbVZFpPDGIwldttcuZy8i64P1rN1VRGF53SLfkDASb55AanIs1mvsPqjzrIh78OKzhoiIiDQ3ac4zjHM0WrAnjeffL2LiT37OpEZVT5M5qMtja4199zJe/9choibN5MmJfQlxcWxFny5gQXoRwx/5I48Mb+fKxzfzbmYZo6ZNJc59PmIRERERN1ZO9tI3WZQDcZMmMe/H/Qk1Q2lhDpkf72TRC3uJS53JvAkhrg4UKCVnXQZZPcYwOynG1cGIiCdxnGDDaytZdhgGThjJ3NQEIrq7a65ru/zNK0k/F0vqHQlY29A+IXU2s4a19I4JSwfH9p13ciPP/+828gPCSLnnXuYOCsHXVkLujm2sXbua+dtG8szcKcSogiTisfTfV0RE5DvEFBhEk7pjoAkwERAURJCbFiRzsndTGXc/j00b7hYXLmETf84z4+2YAq5h5XMH2ZFdRNgtKgCLiIiItEnBl6TtqiXxh7OZMyqwYbE1KJmZg5OZ9m0G2T3cpSBiIz8nj6yIWGYnuToWketkL+bg17vJOlnepubde8dz09gBhLjDTZsHOrRmNcsO+zNj3mym9b60vEmu6+Yuua7tig/mkVVoZdodtKkA7Btoxap75c7nOMCSv2wjP3wkzz01hYj6nr5BVsbf1p/xE3ay6H8yWPjPSBbMjMfXpcF6kAsFZG/fy94SWxsamwkfFM/4YVEEaaJW6SQ6JYuIiIgbK6KkCOhtcZ+LFr8AgvxcHYSIiIjId0NpXgHFhDEjIbDF963DpjC5i2MS+S4o2bKeRRnn277CrnwO2B/kVzcHd15Q3sq2jbWZ5YROSm1S/G1MuU46Us2ObWSWW5nxi0bF38aCRjLrzr08ufwrNkyLJ6Ut1Xth7yer+ceudqyw6wCn/Obwb0M6LST5jnOb71JFRETETZRu4uXffwh3PcOTNzd79LZ6B39/9l24/3c8NqaMjAULWN/7IZ5JPMrf07ZSUG4Hcwhxkx7ioVv70qSTrL2EHSvfZtXOAirtYAqOY8pDDzGlX8tdaeuHWq77ZSm//jVAGFPnz2dKGFQe2UTa6gxyj1dix0RAnzimTE9lYqPt1c/r+/P7fdm4OoPc4yaSfvEMd15hRL7KIxn8/d0Mcs/awRRA1MgZPHz/KELqb4p2L+XXS4sa4qAogwUL1hM28xnGFSwl7cujlF12fLtZ+uul7L64ifULfs16gBse4Y8/HA6VR9n0/ioy9lz8bAKjiLtlGvfcNEhPgoqIiMh3mjXYChwjO6ec8aNaLgI34SglN2MdSzacoNgGvoEhjL/nbmaNukrPOXsRWe+vZVl2CRV28A2JZNrM6Uzr33SfpQczWLJ8NzkldgAs0TFMuzOFhLw0nv24tK5RUTqPz0sHrMz4zWymhSHicULi+xO1YRcFjqu3BcDYnRuGqPh7TfbkkeMIZNqYNg4dn5PG42+VXp5fctJ4/C0uzZVb3+4XU/D94nPWfluCb1IqC+72vzi/7RReSDjB4nUHOFQSxqz/fohkM9QU72TZOxvJOmanxmgidPBwZv9wCgMDmu3/VylYMtJJyymlxgGW6P7MfORexofUt8m/uMJOnp23E4DER+cx57qm1C1qFPthXknLo9BWl7NTf/wQk615rH1nPWtzy6kxmogYM4m5qSMJrb+vbhS777p1rNpffnnsV1C8Y93Fz8sORhOhfWOZMfOOi+uVkP7Sm6QxngVPJTfr8Wwj6++vsrh2Ei8/PgYLzc4nJhMxiZOY0zhWaNu5qTKP9LS6v98Ke915L+HWZGZeYQ7f7JwTEDaSxCucnywjYklYvpHsnFJSkq1NPvsFo4tY9H4Oh0oBcyAJk6cy+7b+LQ/TnbuaJ9/II/HxJ5kV1+y9gnR++6fDJM79Kal9W4/FU8QOjSFgVz6VbV3BEsUNXnDc4r5UABYREZGmrElMHPoh72ZupODmO4lq9FZZ1iZyzeN4LDEAKKtbeGw9fy7oyy0/mk98MJTs/JCla//MH0qf4Hf3Dapr4ygi49UFrLeN4v6fPkx8MJzKWsHbf3mZyl883WJBtm6o5QI2/uV1NoXfzzP3xQMmAgKBA6tY8LfN+I68n5/8WzwhlLD3k3dZ8dcFlPz4GWbENg56E3//WxADJ00jdWIIfSOvcOxlm1j6jyhG3f1zUvsGULLnQ959/11eDwzj6WlRV1gRDn3wEkXxU3lk3iOE2I6ycVUa6//6LiHPPcYovzhSn3mGe5rPuWyq+xw3v/lnPiy79NmUHNrM+jVvs77X77i/+Q2SiIiIyHdJ/ARmROWx6p2/8mzOSGZMmUBCRCC+LX6pXU72O2+z6KCVlIceIqVfIKX7M1i07E1eqfkpc8e1UkB2nGDtK++yytafWT+bRkIIFH61nkWvvk1Foy+lK3LSePatfCyjk3n6J3GEUkLOxs9ZlZZF3K8eYsGEE6S/upr08GQWpMYBJixtqFmLuKXQJOY+Ucsrr+++ehHY2J1bn3iQW/WwwzUpLC4FehLTSu/f61NO+pursQ4aTuqDowiNjgRK6t46mMkfDgeSeMskJvcMIc4XOJnBHxbupGJUMvN+GEcoRWSmrecPf6rl6d+mMNDYaLtvrCNmzE08/WwMlpJc0t7JZPGidCL+I4WY+DtY8F92ctIWs+RUAvN+MZ4IwPdaplJqycFMXikfzIyfz2Yg+axdns6yv7xNdo9SfMdM47kHQ6jYn86iZRksiojhmYmNK7tVZL61mtARk3j6wRis5/NZm5bO4hfepOI/f8TkVnq7lm5+m2ffL2Xg5Ft4ZlLdeumrN7L4xbep+D8PM9kawuSbI0lbtpv0gmRSG3+FUPo16d+aSL5Y/K07n5wipmFbeaQtzeC3f7M3FIjbdm4qYcPfVpJWdqlN8cGdrPpgPavCYi8vuAJQRPEpICKMiCt9xuYwIqyQnn+CJgN4H8zk+cJIZsx6mDkhdg59tp4lH69kccgvmDvafPl24kaSHHKA9M3bmBk3pslw0jmZeymOHk2KlxRBTUOm8Zv7VvPi+wVXLwJbovi3n00nwb8rIpPvKhWARUREpBkTo1Imsv6lHezIv5OohuJsARszCwgZdz9xjb9wKw3jlv/7EOMu3sgF3fwIT/Eyz69Zy6Zbn2SiFcq+fJf1J+O4v3G7W5/gsco/8OfPdnD7o6MuvyjxCyDIrzsBPoDJQlDDJMVlbPpoM2WD7+d3D4672Ms4iHEPPgkV/5cVH21iSuzES3MdVwYw9hfzr9jrt0FlCJN+9QQTL97bBI1/hKn7fs27B3IpIYorPgwcn8r8B+rvroZz570F7P5TBrkHYdTQunmWW55z+SgHj0Dcg6mMi6n7FIJG3skTN9wJ6v0rIiIi33XGSKbNfZjQD9azavtOFu2q60VmiY4kecIEUsb0x1p/IZmbwZJdJlLmPtxQtLWOvpdnat/lyU++JH9cCi1dEpZmrmdVYSSznruX5IvXqtbbHmZuxV/5Q8Y2Zjw2Bl/HXtKW58OIFJ6bmXDxC2wryff1Z7zdjq/JBGYrFiNgsmAN0niZ4vlMvW9mTupZfr/8SsUMMwmp9/D93j5dGJm0nR3L6FSeu7uF7FfZkxnPPdSQ96CE9Pd2kj94Ei/PvFiExMq0n5ipeCGNtTsmNSrw2Qm95WHm1RdWg8Yz5458Hn8nn5xiiAkNxBoEFhNg9MEaZG3THMDZby3k8RaWR9z+MM/d1ugJA0cMqT9JIcEIkMDM23LZ8FY+xaNTeWHixWMdPZ1p2a+y5Js9lE5s3CPXBsNTmVf/JUFQAjPnmqh5dh2rPt7L5B/EXx6AYy+r1hVhndh0vdSfWOGFtIb1fEffRMrHaWRtyyf10pcp5H+xm/yQ+LqC7MXziaXJtkYy+yk7Fc9uY23BGFKj2nhuooDcPEiYOZ3kvnUnQ+uoFOaNSOmA7xP8sZgBu73ZZxHDrH+ffvGzh8S7p5K/513W7jsMo1v47Ihhxu2RpC87QJZtDMn1/4Rs29iwzU7Cg2Pb9G/DUwQlTOeXJf/gjxuuMIS+sTvff3Q6id26Li75btLXiiIiInK5yEkk9Snj669yLy3L3cLXpXHcckuznrCDh5PY7CneoJFj6UsBBw/YgTJycgpabNd3YF/IO8SR9sRWlkPOcYi7IbHpENMEkHhDHBw/yN7qRot7jmJcG0fSImw4cc3uPKIiw8AO9pbXaDBwaLNHa3tHEQnUXHXItDCiwiB304fsPlGJvb69rtJERERE6pjCGH/fw7zw3/P4y3/cy9y7E4gzlbIhbSXzn0sj+2JlKjcnjwrrABKb9SSyDIgkpqSAQ2UtbbyU7G9KYHAs45tdqw4cFAaHT3AI4OABsitNJE5IaNJ7Cagr/op4qYD46fxycvdW34+aPI1H41sc+FXcQiDjx7dyQzwsvlHxFyjbQ/YxSBiR0HQoX2MMcf3h0OH8RgutJMY1e0Q6KqSuR2lbhw1vQULqbBb81+U/T09s1r18cP+GAiQA4XX7jhnQ+FjNdQXMchsVTVY2kziy2WdijGf8CBMV+47V5fzmDh4gu7Kl9WJIHG5utF4MKTeHUPr1TnLqPwfHXjZ8VU7CbTfVPYTU2rYCBjAwopxDeaW0+dxEODFhkLNxHdkF5Ze+f+iQ7xOqqLABzc9xzT97IomJ4vJCcSO+o0aSHHCCDVklDctKs3LI6ZHAtFEt9Br2cOGT7uHRYa0dV91DMxoxQbqCrlBFRESkBUEkJcfx4T83s2NGHKP87Oz4aiskPtbQg7eBn+XyC4qg7gQBRefqLu4rK4AjK/g/v17Rwr6GU9We0CorqQSC/C+/jDH5m4Aiys4B9RfTPu5+uRPGlJ//HN5NI+3VzVTa6+YznnjrnUwZepUJiERERETcTVEGz764k8LGy8JG8txvptQVBprMC3nRiBTeeKRtk0L6hvQnYWJ/EiYCJVm88qdMFv1rL2/MjKei0g6lOfxhXk4La1qpqIRLw8TUs1FRDuRt5GfzNrawXkxd4cBmo4JAQnu0Kcyryl66kEW7mi67NDfmxXkWi5rGr/mExVXCJ93Do0Xv8da3tibLA4Z9jzmTwl0UlfeICLUCZ8g/CYkdPgy0qZUh8wFjs17blXWF0kPLX+Xx5S20H9GuO/dr4htoxXpZnu5o/lhaGIra2iMQSkspbWkVm42KVtazWPybrGcdn0DCmo1s2GEjYbSZmh07ySSWuWMCG23LRvorC0lvYVcRlXX/z9p0biKMaXPvhXfWs+SVv1Jhr5ubPuW2KUwb1tr3CWGEhgOFRRRC68NA24ooLIWBMVeaR6uNjPFMnrCR57/YRv7EFGLIJ/2LEmJuvrvRsOLexELCfdP4/pmVfHSy6Tt6aEa6krt/IyoiIiIuYhqZxLgP/s6mrDJG3bCDTXtCGPtUCxPIVFdgp9lFRdl5yoCQHiFAJQEWYGj9PL6X7Yl2TQMUEEAAYK+6bK8Xl4UQ1EFfzHWZgL5MeWw+UwB7eQG5n68l7a0/cPTB/+axRF2uiYiIiAcJTebp/xpDTeNlRv9LwztenBeyCdM1TpQbMp7xgzLJOVlEMfFYAkwQGt8w12SznbQyH6+5bvmw+nl7W1gPwGzGQjnFjR80vA4JqbNZcE/TZZfmxgwj5RezSW7Si07zCYsr1RUz7q1Yy8q8uuJUQP/R/PK++Pbdy0nLhvYnwZhP1rZ8ZrRp7qKWlZZeAK5jTNkAMxbq8tOsYS28f6252u1U1T0Q1EzpuXKwxrQ8HLHZjKWV9SoqqpquZx7D5DFf8soXX1M6eihZX5wgdELqpV6zZjMWAkme8xApLTw/4etnBUrbdm4CCOjPtMd/yjSgpvwEORsyWPL3Nzk0s5U5eYHEhEjIOUBmwZSmcxU3Pq4de8khhNSEjhmgOebm4cRs2M6G3BRmsZPMc5HMHO/FD70bw7n10Vspef1T6js+h4y+VQ/NSJfyyucrREREpAMY47hxXAgFmRvZnLmZgj5JTGrpwc/9uxuG3atX9s0OjhLFoFgTEERCQhTk5VMQGERQUPOfgPY9kRaUQEIfyP0mu9k8VJVkf5MLfQYR79fOY+0qZgsBVFLZ5MFpe5ORkkyBUQyfNoOJYZC7/2BXRygiIiJyfYxmLEHWuvke638CG30BbQps+l6QFWvAFa4Gi3LIzCtv+T3HXnIP1s0HHArEJfTHUlxAvsN6+T6CAlvpBWcl8YYQOHyK/MBW1gMYFEtigJ3sHXtbiKP+xcViss3WtADeAt+Ay/dlafQx+F4WS2vxi3QRYzg3PTyN7/fxIaDPCH758DjC9W+yY5jHMC05kOKN6aw92XKTmoKdZNePCtBiMbKcnL0lLazZDkFDSYyGQ0dPtJALr5KrW2EJMIGtttkQzK5mI3tns5EoHAfIyrFjGRLNwJZWGRRLYkBL6+WTvdt22XoJyfGEHttN+uZtbDgWwuSbY5ptq5zcE7Utfs4WM7T53ISdmkbfJ/gGRpJ451RSwiBn3+FWPwHfUTeRElJO+vIMClsasrtsJ0vWFWEZPYHJHTVBr3UsKcPsZG7OYsPmAzBmJOO9b/TnpvxjeeCJ7zG+uw9Bo77Hr+6K1UMz0qV0mhYREZFWRSUnEXV2E6s2lhCXnHT5iHkA1iI+e+VdtuaXUFZWwtGsd/nzmqMEJE4l6eKNQtBN00gybWXpn1aw6UABZWVllJ04yKZ//Znnl+646vy6TQUx8ftJBO1fwcvvbeXomTLKzhxl63svs2J/EEnfn9hynO5g4EgSAsvYtHIVu0+UUVZuhxMfs+DZBaz4IrfuWMpKOPrFh2wqgrjBg+rWy13F879/nte/LGn5d3JZ9fvnef6NzVznLb+IiIiIWynO3cayV//K/FfXkf5tHsVlpZSWFXFoRwaL/mcdmcYYZt0ZW9c4LpkZg0pI+9+3SdtxsW1xHlmfpPHsi+nkt7IPa3Iyk00HWPQ/K0nff4LSslJKCw6Q/v6bzH9rW10x1xjPjDvCqNm6jt8uy+JQ8cVtf/g28xu2bSVxZAjkfsWiTXX7r2jfha6IezOGc+vsJ/h/s5NU/O1gA++azswBVaxa+Cp/eD+T3IJSSstKyd+fxdqli3nyTxms/fZiBXhQPImBNtLfX012QV0uylz2NquOXW81LYSUO+Lx3baOZ5c3jiGTZa/8lUXbbVffRDNxI/pjKc1h2fs55JeV1s0pewU15XX7vPyn/KoP1rSdGXavZuGHdTGVFuSQ9tp6MiutpExuadQyGs4BpZuar7ea9PNhzLi92XpRY5gcXU76+zkUD0toWkS9uK3CNctY+OHOuvNJ/XntxcWkFdQ1a9O5qeAznv2PxSzZlHNpO5sySC+ChCEDWv8IjDGk/ng8ced28uxzLZwz/18GOSFjePrB+Mvmvb92ZsYnxWL5NpNl3waSnNzKZ+1t/ON54FdP8F93a8QE6XoaU1BERERaZ03ixrgPWXFsHBNHtnLZED2VnycWsPTtBawotYM5hLhbnyD1lkGXLjSMg5jx26fpu/JtPlz6Mh/aAFMAUUOn8NA9o9p/QRI7g/k/DSFt9Vpee3EFdurmzZ0xdyZJHTA9TacxDmLG43dyfsnHLH1pM4RNZf7823nifjvvfvYur62prBtOOzCKuHueZGb98M/285SVlhFQaW/5d+ycLy2jzFzZzmK6iIiIiHsLnfgjXh6aQ/q6baQv30vaxc7AvoGBxIxI5pk7xhPT8I1qCJN/MpuIjHUs+9dK0ssBo4nQvrHM+PEttDqwqjGWmf/5MAPfX0vaW++SZgNMJmKGjWb2fWMavvy2Jj3McwHrWLzuK/7wQiYYTVijIklJHd+wbWvSvcw9tZLFa1fy2w8az+srInIFxkgmz/kpCds/Y9kXO3nlqyxqHIDJRER0LDOfSiU5+mIV0RjLrJ+Np/Rv21n0pwN1+WpcCs/cs5v571xnHIPv4IXfRLLsnUxeeakuBt/AEBJuncLMUddQYB58B/PuTmPRx+k8vxkibn+Y525rfRz9nLTFzE9r6Z0Y5ixMJbH9EbTAn+RHU7BkpPOH59KpcYAluj+zfzOd8aGtr3XpHPAZz2+wXzy/xDP3P1NIuOwp9BAmJ0WStvwMycljLiuiWpMe5oWwDJa8v5GFGzKoAXxDwki+fToz6odkbsu5KeoW5j2QzuJPP2PhB/a67QSGkHBfKrNbGf65Qe9k5j07mKwP1rO2/pwJWMLCGH9PKtPGxWDt6Ac94kaSbD1AeshwUloZelpEOo7B6XQ6XR2EiIhcv52789rVPribHwaDoeEHuOJrGr8GDLTSrtGfV1vW/HVbfr/a8ta0t32Axf2fkTp1+hzhvTp5sltHLit+93cKbn2GJ29ufkdTRMaCBazv/Qh//OHwzo1DRDxKl+SndnLHmERE6rljjnLHmETkys6XuddAu9ere5Cl1ffcMUe5Y0zSTE4aj79VyozfzGZaB8znfsVdLX+ZVwpHs+Cp5JbnFf4uKs3k+ee2E/P4k8xqaWpjF1DedC+VGjqlQ2mwDhEREWlV2ZYMttrimDjebQdVFhERERERERFxH6WZrN1mJ+HmsSr+NpKbvpP8kHgmu0nxV8TbqQAsIiIiLXMcZeOmowQkJjHKz9XBiIiIiIiIiIi4v0Of7+aQOZbJ1zJstreq3Eb6VhsxN49pfUoGEelQGgJaRMRLaAjoK9MQ0CIiXccd85M7xiQiUs8dc5Q7xiQiV6ahTF3LHWMSkStT3nQvGgK6Y6kHsIiIiIiIiIiIiIiIiIiIl3D/7k1XkX+8iCPHT1JQWMyRYyc5fLSQAX0j6Bfdm6iIUPr16U1Mn06e0V1ERERERERERERERERExA14dAF4+Qcb+CxzJw6Ho8nyw0cLOXy0EACj0cgtySP5wd2TXRGiiIiIiIiIiIiISKczGMBbJvtr5yxOIiLXRHlTvJlHFoCPHDvFS6+voLyiCoC7Um4ksncoUb17EhHek8JTZyg4eYYTJ4tZk76FTzdls2XbHp564n76RYe7OHoRERERERERERGRjmUwGHB6SSXDoEqGiHQB5U3xZh5ZAP79S+8AEGjxZ9YPpjJq+CAA9h081jBp95gRg2HEYKKjwliyfD3lFVX8/qV3eGPhPJfFLSIiIiIiIiIiItIZjEYjDketq8PoEEaj0dUhiMh3gPKmeDOP+xfx0WdbAYjsHcpLz/+8ofgLsO/QMRYs+if7Dh1rWDZq+CBeev7nRPYObbK+iIiIiIiIiIiIiLcw+XjcV72t8qZjERH35U25xpuORTqGR/2L2H/4OCvXfgHAU4/f265169uvXPsF+w8f7/DYRERERERERERERFzFZPJxdQgdxpuORUTclzflGm86FukYHlUA3pqdC8BD99xCcI+gdq0b3COIh+65pcl2RERERERERERERLyB0WjE5OP5BQCTj4+GMhWRLqG8Kd7Mo/5FHD1+CoD42JhrWr9+vfrtiIiIiIiIiIiIiHgLPz+Tq0O4bt5wDCLiObwh53jDMUjH85h/FQ6Hg/yCIgL8/YgI73nV9vsOHrts2ZBB0QT4+5FfUITD4dATESIi4tEMBgNOpxODweDqUEREGrhrXlLOFBF35a65SXlTxDOZTD6YTD7Y7bWuDuWa1Md/Je6am5Q3RTyT8qZ4K48pANcXbcN7BV+17Zr0LaxhS5Nl8+c8AEB4r2COHIoEBs0AACAASURBVDtFfkER/aJ7d0qsrcn+5gCLlqxuc/uxI4fwowdvJ/3zbZwqPktiQiwjhw/qxAhFRMSTGI0Gah1OTD66gBMR91HrcGI0ul9eUs4UEXelvCkiHc3f7Ed5bSVOp6sjaR+DoS72q1HeFJGOprwp3shjCsDB1ro5f8srqq7YbsjA6Cu+X79+/fa6Ukhwd24cM7TJspKzZew7dIyeId0ZPKBPk/cGxERgr3Wwe98RDuYV0KtnDxWARUSkQf3TiSYfjWghIu7Dbq+96tPHrqCcKSLuSnlTRDqa0WjA399MZaXN1aG0i7+/uU0FCuVNEeloypvijTymAGztHkjPkO6cPlNKRaUNS4D5sjbTpyZdcRsVlTZOnymlZ0h3rN0DOyvUVvWLDuexh77fZFn2NwfYd+gYA2IiLnuv3m9+8WBXhCciIh7Gz2SipsaOv9nX1aGIiDSoqbHjZ3K/2wzlTBFxV8qbItIZfE0+OP39qKqqdnUobeLv74dvG4sTypsi0hmUN8XbeNTjSPVDNheeOnNN69ev19VDP4uIiHQGP7OJKluNq8MQEWmiylaDn9n9biyVM0XEXSlvikhn8fM1ERBgxp2nfTQYICDAjJ9v2/Og8qaIdBblTfEmHvU3Hhnek+3Av9ZlMv9nD7R7/X+ty2zYjid5/e0P+XrnPubMmk7iDbFNlj3+w2kUl5TyycbtXCivpIe1Gw/dcwsjhw1i2659rPook9NnSvHz82XShBuY8f2b8PO79BSaw+Fk645c1qRv4fSZcxgMEBMVzv13TbzqcNoiIuJaJh8fTCYjVbbqNs33ISLS2aps1ZhMRkw+7je0lHKmiLgj5U0R6Wy+Jh98LAFU2aqx22tdHU4TJpMP/ma/ds1LqbwpIp1NeVO8hUf1AJ4+NYmoiFD2HTrG8g8+b9e6yz/4nH2HjhEVEXrVoaI9yXurPiPji2ziY2MY0DeC0vPl/H3ZRyz553qW/DOd8F7BjBo+CB+jgU82bWfNJ181rOt0wrqMLP7+7kdUVFYxcthARgwdyKnTJbz0+vts/2a/C49MRETawuJvpqLCs+YnERHvVVFhw+J/+VQt7kI5U0TcjfKmiHQFo9GAJcCMJcDsFgUAk49PQzztKWKA8qaIdA3lTfEGHtUDGOCR1BReeGUZn27azsB+kYwZMfiq62zbtZ9PN21vWN+bhIUGM3f2vVgCzDid8HZaOl9k5bB9135+9uh0hg3pB8Cubw+xaMlq9uw7wu2TxxJo8Wd3bh5rP/2K/jG9+eWP76FbYAAAp8+U8tLrK/j4s63Ex/Ztcb5lERFxD2azL5VV1ZRX2Ai0KF+LiOuUV9gwGo2Y3XjOM+VMEXEnypsi0tVMJh9MJh8cDgd2ey32WgcOhwOn04nT2Tn7NBjAYDBgNBox+RgxmXwwGq+tT5Lypoh0NeVN8WQeVwAe0DeCu1JuZE36Fl5buoYDyaO4ffJYgnsEXdb27LkyPt7wNZ9l7gDgrpQbGdA3oqtD7lRjRw5pKNAaDBAfG8MXWTn07RPOoH5RDe2iI3vRvVsgFyqqqKmxA7Bz90Hs9lpunnBDQ/EXoFdPK+NGxfFZ5k5OnzlH3z7hXXtQIiLSLkHdAjhztgxfX592zf8hItJRqmvslFdU0TP48mtyd6OcKSLuQHlTRFzJaDTi52fEkwYpVt4UEVdS3hRP5JFnoOlTkxg3Ko433/uYzzJ38EVWDuG9ggnr2YOoiFAKCospOnOOU6fPUlNjZ0DfCH704O30DgtxdegdLtja9D+vz8XhCKzdA5s81WE0GjE0GhrAZqvhZFEJAEuWr2fJ8vWXbdtgMHD2XJkKwCIibs7Hx0j3IAul58sJtnbDZHL90DQi8t1ht9dSer6c7kEWfHzcf4YZ5UwRcTXlTRGR9lHeFBFpH0/Lm9I5PLIADNA7LITfzp3Jig83sX3Xfo6fOM3xE6fJzjnQ0CY0xMroEYO5/86JLozUPTmcThwXxygYMjCakFaeAulh1dMhIiKewN/si9MZwNnSC1i7B+opYxHpEtU1dkrPl9MtMAB/DxpSSjlTRFxFeVNEpH2UN0VE2sdT86Z0PI8/89x/50Tuv3MixSWlHDtxmmMFRURHhREd2YvQEKurw3NbAf5+hIZ052BeAaMSBjHl5kRXhyQiItcpwN8Pg8HAudJyAi3+mm9IRDpVeYWN8ooqugdZPPKmUjlTRLqa8qaISPsob4qItI+n503pWB5fAK4XGmIlNMTKqOGDXB2Kxxg3Kp5tu/bzWeYObhg6kF49LxXMK6ts5BcUMWRgtAsjFBGR9vI3++JrCqLsQiUlZ6uxWMz4mz1phhIRcXdVtmoqKmwYjUZ6Bgd59HBSypki0hWUN0VE2kd5U0Skfbwpb0rHcesC8N4D+ZScO0/p+XLs9toO376vyURIcBDdgwKJj43p8O27u/jBMUyccAMbvtzJs398k7hB0QR1s1Bccp68/EJCegQxb84DhPTQMNAiIp7Ex8dID2sgNlsNFVU2yi5U1d10+powmXzwMRowGAxX35CIfOc5nU5qHU7s9lpqauxU2WowmYwEWvwxe8nTxMqZItKRlDeVN0WkfZQ3lTdFpH2+C3lTOobbFoA/y9zBu//6rMv2N2F0PD+eeUeX7c8dmHx8+MHdk4kbFM1Hn31N7sFj2O21WALMJCbEMu3WCSr+ioh4MLPZF7PZF3ttLdU2O1W2auzltTgcTpwX54EXEbkSg8GA0WjAZPLBz2QiuEcgJh8fV4fVKZQzRaQjKG8qb4pI+yhvKm+KSPt8l/KmXB+D0w3PLov/sY6s7L0AjBsVx4hhA7EGBbJg0T8ZMjCau1JubNK+peVr0rew79Ax5s95oEnbxsvLK6vY9e0hNn/9LQB3pdzI9KlJnXx0IiKdY+fuvHa1D+5WNxdN/Q9wxdc0fg0YaKVdoz+vtqz567b8frXlrWlv+wCL2z4jJSIiIiIiIiIiIuJVKivsrg7Bq7jdt9vf7DncUPx94T9mExpSNy/tvoPHGtoMGXRpXlp7bS09unfj6PFT9LB2I7xXMKdOn+Xo8VP0DOnOoP5RTcY7X5O+peF1YkIsiQmxTLpxBC+8sow16VsYNqQfA/tFdvZhioiIiIiIiIiIiIiIiIh0OLcsAAPcd+fEhuLvlZh8fIiKCOXbfUd4O+2ThuVVtmoS4vu3abLrAX0jePTBqbz13noyt+5WAVhEREREREREREREREREPJLbFYAP5xcCMPqG2DavU18A3nfoWJPlPYO7t3kbg/pF1e3/aGGb1xERERERERERERERERERcSduVwA+VlAEQK+ePdq8zomTZwB4YPokYqLCycsv5P21X1BUfK7N2wjvFXxxW8XtiFZERERERERERERERERExH24XQH4WhSXlALQPyaCQf2juFBRCUDRmbYXgEVEREREREREREREREREPN3VJ8h1cxfKKzlTch6A/jG9Abhh6AAATp0+S0WlzWWxiYiIiIiIiIiIiIiIiIh0JY8vABcVn6PGbie4RxA+Pj4A+JpMdAsMoKbGzqnTZ10coYiIiIiIiIiIiIiIiIhI1zA4nU6nq4No7PF5C10dAm8snOfqEERE2m3n7rx2tQ/u5ofBYGj4Aa74msavAQOttGv059WWNX/dlt+vtrw17W0fYPGKWRJERERERERERERE3F5lhd3VIXgVj+8BLCIiIiIiIiIiIiIiIiIiddyuB7CIiFwb9QC+MvUAFhEREREREREREXFP6gHcsdQDWERERERERERERERERETES6gALCIiIiIiIiIiIiIiIiLiJVQAFhERERERERERERERERHxEioAi4iIiIiIiIiIiIiIiIh4CRWARURERERERERERERERES8hArAIiIiIiIiIiIiIiIiIiJeQgVgEREREREREREREREREREvoQKwiIiIiIiIiIiIiIiIiIiXUAFYRERERERERERERERERMRLqAAsIiIiIiIiIiIiIiIiIuIlVAAWEREREREREREREREREfESKgCLiIiIiIiIiIiIiIiIiHgJFYBFRERERERERERERERERLyECsAiIiIiIiIiIiIiIiIiIl5CBWARERERERERERERERERES+hArCIiIiIiIiIiIiIiIiIiJdQAVhERERERERERERERERExEuoACwiIiIiIiIiIiIiIiIi4iVMrg5AREREroed4pyNpGXsJueYnRoAk4mI6GiSU6YwebAVX1eHeN3sVJSVU4MJS1Cga4+nKINnX9xJzcRUXrg7psUmhZ8s5tmPYcZvZjMtrIvjE5E2KGLti2+zqiiGOQtTSWzXqnU5gNsf5rnb2vMfvH6fbWg6IoU3Holve9675phERNqoLJ/M9I2s3V5Esa1ukW9QCHFjRpF620gizO3c3nXmreylC1m0y9r6tdbF7ReOSOGNRxLat3F7OaWVdjAFYg3QV2YiIiIi4rl0NSsiIuKxysle9iaLttvwDYsk+fYBDAyF4sOHydqeR9pri0mffC8L7uzv6kCv016W/Fc62VxDsaaTFG9azaIBP2JOQqCrQxERj2Al8e4phFZeWlK6K5O0/5+9ew+L6jz3Pv4FBhAQRhFRQDGIKIijgAeMQY0holVrTAxpYpNoUm1rmybd1R7fxt2dtE3axt2d9GDb2JxMNSmJ8RCNkhArIShRURwPeERRQBHREQEHBnj/GEAQVDAIA/l9rouLmbWeWeteM3LPct3reR6zldC4eCbd0aCpbzDN5z0L5o0pZFwMImFOLM3fgiIi0sbObOX5P+4kt9qd0EgTk0b4YywpJHPvccxbUljy2UHmLnmEuK5ySnRwI4vfyK29Gae2eHwqg+Wf5eE3Ip5ZkcaOjU9EREREpIVUABYREems8j4naZcVT1M8L8yLwrNueXQs02fbKNq+jjTfzl78BQgm4dF4YjAS2tGh1LOS+e5GMgYlEuvR0bGIiONzJyA8ioAGSwqKdpJktmIcFEVskw5qzeU9K7nmHDIKq4hRAVhE2oWVjI07ybUZmf7j+czqe3VN7ASg5AhJycV0qfvhgkcx/9Gw2ptxal3MJWNXLgG9rcyK7LjQRERERERaQwVgERGRTqooO5ciIGZEg+JvPQN+Yx9gVvuHdRsYCY2OcqDiLxiDjFTm5bJ8WQrBP4wnwLmjIxKRrsXx8p6IfBUdx3wQ8Ashtm8zq73DSJzd3jHdZsYQYqM7OggRERERkS9PBWAREZFOyujtBVjIztpDWXRzReCGzCxblEymfxTP/TS+QS+0psvt86oFs/DXoyh4ezMbDtvnofQbPIy5D8cT7t14y0W7N7J84xGOFdvA2UCAaSzz58QSXHeWYU5iwRu5xDw6n7i8daxML6TIGMUvJhXy23fz8ZuUyAszGvdlq9y1iu+tzCf4vid4doLNPncmDWKvLiYjaS1JWcVYrIC7O8EjRjN3ZizBHteJDfDsH8z0+6aREFLXVaWwftvPPtqdDUnbMZ+yYZq3iIU3mDLO0zSNhaaNLNm0h+UpETw7OfCG777lVAYb1u4m41QpZTbA3QvTpCnMnxxy9XOrf5+eIObwat7caaGyGozhUSx8NJ6AMyksX7kPc7F9XjrT12fydFzj/d70sxCR66suJuODDaypm+PSYCA4ciRzEuMIbdLT30bR7tUs+yCH3FJw9fLFNDWe+eOC22ie8sJGeY+Pl7Nkk6V2XS7LFi0FIGbeIhb2aX4LZTlpvLl2V/388MYQE3PnJmDybr69iEhTXhi9gaIcMs7QqAdwcwpqc1XMNedR11t++3PpVXXnt/N/FUXROylsyC69mhu/lYCpLs83mp/4rP08ue44Nq1gwSagyfm0iIiIiIjj6RL9Va5cqWD/oROs3vgZL/5pFb/47T956hd/4qlf/Ilf/PafvPinVazbnM6R43kdHaqIiEibcR0RRawXlJlTWPzcCpZ/vIdjRfaLWV/eZZL/uY4MBjJrThyzTF5Ysvew9A+rMVuvtipIWc7P3z5IriGQWYnxzE0IhP1pPP/KVgqu2WLuxlW88lkxroHBxN7RHZdRUcR5QFFmNscatSxmy2f54BxIQqxvM7FZyXjjdZZ/UYxneBRzH41j1jAjlsw0ln545GpsH9fF5k/CffHMnRqCX3EuSX9+neX7rdds8gjL/i8N80UfwkeGEOBaepP3x0DA5JnMCoLcTaubbq/Rtnfy5itppFm8MN0bx/xHY5nkb8O8aTVLUwqbNM/+YCVJZwOZNSeOhMHuWLL38Mo/V7D0bwcpCx/J/PsiCHYvxfzBat48fPV1rfksROQa1fls+L/XWZ5eiGuIicRH45g1woeirAxefKFx3gOoPLSZF9daCBgfZ/+bdC4m8/0kXvw4/7aE52e6i/mPxhJjBPBl0qPxzH80noTrjANduX81P/9zBpkXfYi7L57590XgV2TmlT80PRYRkesLJu4uI2Bhw9KXWfJqMsmH8ylrozzS3rkUzrPmlXVkuIcx59Ha89scM6/8Mw1Ls+3tw/HPj7OfjxpNscx/tDan3qYIRURERETaSqfuD2K5VMrWbVl8lmHmouVys23OWSs4d/4ix07ksz55GwP69WHCncOZMHZ4O0crIiLSxtwjmP9jAwHvpLAhu5CMTSlkbEqp7bU2jOnTJhLjd6tf9cVY+ifywn211YXoWGI+Xs6STTms/DjX3mPXupOkTRbwj+LZH9cNgxxFXP91PPPqHpIPT2Tu4KtbLLL2YuGvEolp0JNu0titpG05SFp2AqHhtQvzdrLlFPhNuItY9+ZiO0zmfmBQHD97PNbegzY6lukPFVJU6m9vYt1JUrIFfE0s+nECoXWxxe3klSVbyVizlYTIhKtzaFpK8Zz6CC/cpCdvY/5MX5hA7gvJZLy7jpifNz62eu6jmPvLMIxGY/2i2BG9qFyykbSsgxTF+ze6iFjWfywvLxhlP64RPpQt2UhaTiHGb3yXp8fYey7H9ixlwRu5mA/mwuDWfxYi0ljl7q2syQO/CYk81yDvTRq0imfebZD3ahWd7Mbc5x4hrvZvPjYujDd/tY605K1kTHjkOrnr1rn2jSC2byFFyRlk0p3w6Chi6lY2uY8klzVrcijzCGb+T+vmKY8idoQPzz+XwYYdFkxxxmtfJCLSrID4ebzQYx2vvJ9DQbaZpGwzSYCrrz9x8ROZPiYY4y12LWjvXAqluI58hOem1p7vRYfA71awJucUZivENdlf7XD8hiMsTyvGM2gwsdH+bR2UiIiIiMht0WkLwFu3ZfHhx9vrC799evdkRGQowyMG0sPYHaOPF9TABUsJZwovsP/QCQ4cPsnJ02dZkfQxqdv2Mn3yWKKHDergIxEREfkSvMOYviCM6dZSck/uw7zzMGn7CsnN2sOyrIPEzHuChSavm2+nCS9iYxt3LQuYEIVp01bMh3MoIhi/o7mYq8EvPBjPUsvVnhNBfQjlCMdOFsLgqxfJ/Mbd1aRAGjx+GMFbMkhL38mc8FG4Asd2HqYIXxLvvk7XNoIID4HM47tZud2fWSP64+dhAIM/fnU1jcM59thGDqst/tbyGEVs5FbM5lzMRRBcX3kNJiG+NcXfuu2ZmJuYTfYbuSx7eycvLxjVbLOGxV+spVgqDHh6AZW2Jj22gwcOvDostHMv/LyB8mBiRzX4HPv4EkAuBZbad72Vn4WINGben09zec9zVAQx7+aTWZf36lZERtQXLABwDiNupDtpqfmYj0JsZDsF3pyiHLKLgchgwm0WLCV1MfYh3A+Sj+dC3A3GuBcRacSA38gHeG6kjbKiUxw7cIQtmQfJPlXIlqQktqRH8dwP624+a6V2z6VGYkc1PN/zJyAAKCzFYgF0qiQiIiIiXUinLACv25zO+uRtANft0XvuvAUXZ2cC+vQioE8vok32Qm/q9r2kbtvLydNn+evra/nGfZO4d0JMk32IiIh0Ku5eBA+OJXhwLNOxYdn1AUtW5pK57nNyTQ16uraYkYBrx7Zzd7fPx1ZbtKy8Yh//ryh1HYtTm9lEwVkaXkkLDmqmwGocTUJkBsv3m9liGUWC90HSdlghciyTrttBzZdJ33qAsrc3syFpNRlJgLsXoSPHMv++KPwMUFlhn/PX1aXpqY5r3QXK6gYL/X0JvsXeK56mRH42eTlLPt7K0o8DmX9tg2oL2SkbWflZPgXXjizdzIVGP//mhr1uEHczWvtZiEhDNiqtAIamf2fOLvbf19ys0dzfqadnN8BKZXWTVe2r3EoZwP40Fu9Pa7reuZAC0NyVItJKBjz9QjBNCME0IQGsuaz5SxIb8vaQtDuOp0e2vrvureZSo9EduEJZeWv32Mz5rYiIiIhIF9XpCsB7DxyvL/6OjzXx+EMJAJRfsbJzz2GO5ORxNOc0587b+7706d2T8EHBhAT3xRQxkAlj7cXiv7+1np1Zh3l37Rb8/XowfOjADjsmERGRtmXAOPIuJiXnsqHIQhFcvwBcXXWdFRYKioC+DRZZrfYCiKsBV8DVzX4aYTTFkjiie9NN+Lak7OxO7LgwVu4/QkZWMZO89pBWbiBunL038HV5hDB9wXeZXm2lrDgf8/Y0Vm5J4ecWG399clR9bJVVtiYvrb+geIsF3+YEJExj1oFVrNm0kTUmGw1PsSzb17F0UyGu/sHMmhaGnzvAZTLXZ5DZRvtvm89C5KvKgKs7gK1pwaEuR9bmvTpFhcVcm1nLyq7Ym7Zhbrkl7i72WAdEMH98MzfeePhr7koR+fLcg5k1KZgNb+dSVHyT7rPNnI/BredSv15eQDHHTllgQDN3DJ4tpgDw8+91w0MQEREREenKOlUBOCf3DH/65wcAPPXkLEZEhgKwLzuHNR99zsnTZ+vb+vkacXZ24uy5C5w9d4Gt27Lo1dOHSXHRTLl7FN95/OsE1PYk/tM/P+AXz3yTkOC+ze5XRETEIeWl8eaBPsyKD2s699qZg2QWASEB2L8te9l7PBQVU1BN/TB9ZVlHyG5246VkZOQy676rF+UsO8yYAb/BIfbiweAQTM65mC9DeHQUjS6/2WxUGlp4mhEeRZzvEZI/S2G5Vz74mpgUfqMXWCkquoKfnxGc3fH0CyF2hhdF+1ewpsB+wS+4LrZd+ziWEHh1GOjynWTsB3yDMbVlBcQ5kOkL48n9TQqZZqDBu1FWau+da5qWyPS6UVfLd5KxEmirue3a6rMQ+SoozyG7EDAa6/9WTJGBkJXfJO+V7TxIJg3yXp39B0krj7o6dGm5meRdVnAOxHTbZpgxYK/s1vZ6a27OcQD/MEy+eygosmEcEUV4w++HahuVGG58g42ISD0rGWs3wF0zifW79lyilIysfMBA6AB78TfAzwhYKDhTCKbagnB1PhlZ1w6BUusWc6nRFEbo2gyOJSeTOTKx8RQj1fms2ZgLeBFjuoXpPZpTOxpE2eXrHIeIiIiIiAPqVFcD//X+JwB8+7EZ9cXfP7+2hqz9xwB7j+Ahg4IJvSMAP1/75ZwLlsscO5HPnn1Hycg8yHvrt7J95wH+e/HjzJwyjqqqajamZPCv9z/hl//1aMccmIiIyC04tnsfaVsySNviRejgYEzhgfi5XyY36wgZ+4uxOBuZ9WBcbYEjkBiTFxu25PLm35MpG+sPRUfY8EmufajQJox4HvuAJa9GEDfKSKXZzIYsC3gFkxhfWxxxH0Viwh7MmzL4+e9OMenOCIK9L5OblUPGQQumbz3F3MEtOZJgEsb7krw2l8xiCL5v1I2HrLbsYNkLGRT0DSQuaiChflBkNrOhEDxHBNiHNa2PzczSP5xn0p0RBFiPk/Z5Dseq3YmdNfEWhsW+CY8o5n7jCNlvNH5PAwb444mFzPdfZ+WFaIKtx0nblk9BWxV/oQ0/C5GuykpB9kFyC/PZ8ulBjgF+MeG1N8iAa/REZm1dxZrUJJYUmux57+ABtuwuBq8Q5kxunDGMAaWs+d3rZN81FJP7efs2SyF4Wjyxbfm33YgvcWN8WfNBIStfWU1ZwkACAiIwNeklF8z0mcGkvXGEpc+9TuxdQzH5QdHx42Tsysdz2hP8LK75oeZFRBopNZORnoM59WVW9g/ENKg/pqDuVBblk5l5EHMheI5IILHuHGNo7Q1pyatZ7j4Wk/dljm3dw5ai5jd/y7nUGMfcqUd4fmMuy361HNP4cGKDumPJO0haej4FVgieOpPEoDZ6HyJMxHnlkJa+gaWuo4kL8ic8OoTrzlYiIiIiIuIAOk0BOHW7fd7eCWOHMzpqCAC/fPE1zp67QDd3N556chZDBvUHoKzcyqm8QgwGF/x69WDUiMGMGjEYf78erE/exumCc/z5tTU89eQs7p8Wx/5DJzh5+iyp2/c2mUtYRETEUYXO+C4vjcggedMBMo4fZI35oH2FuzvBpljm3x9HuPfV9sHTHmJ+6VpWZpp58yi49g0m8el4sv83pZmhiI1MXxhPwdubWfN2KZXOBvxCTMyZm4CpQS+LgMnzeSEwmZUfHmTL2nwqAVdvX0zTpzCrFb3gjLEmTOu3YiaQhNibFCaMY1k45xLLPzlC2qZ8toB9DuBx8cy/31Tfsy1g8nxe8NvI8o1HSF6bD4Bn/2AS504jIeT2VGg8TYk8PeFvvNhwHt7BM3n20dUs+yCHLWtTcPXyJW7OdExrV7OmDffdVp+FSNfkTsEXKSzPAgwGgscl8PS0BkVd50Cm//AJ/D7YwJpdZpKya9uZYlmYGEfoNSnD0zSNp/2280pSGhlW6v+u54y8vXNtG+Me4umLq1mZnkPS2zkETA3ENKJpO09TIi/8KIOkpB1kJKeRUQ2uXl4Ej4xn/lgVf0WkhbxG8fRvgsnckkZyZj6ZW/PJqB0q39Pfn0lzppA40v/qqALuo5j/PQvLV+4jY20KGQYvQsfHsyj8c5Z+bGmy+S+TSwPin+CFAWkkbdqH+bMMzDbA2YAxKJjEGQkkDGrD8qxzGHO/N5Gydz7HvCWNtJWb1AAAIABJREFUbIJZGB1CTNvtQURERESkzTnV1NTUdHQQLfHrP77NydNn+eV/PcqAfn3497r/8PHWXfQwducPS75T325n1mH+/tb6+uc9jN2ZMXksE++8emVkwaKlADyz4AGGhYeQun0vK5I+ZkC/PuoFLCKd1p59Oa1q37O7G05OTvU/wA0f0/Ax4MR12jX4fbNl1z5uyfObLb+e1rb38Ow090i1ucy3lrIsK5iFSxN1YUtERERERERERERuu/IyW0eH0KV0iqvb23Ye4OTps4yOGsKAfn04eCSXj7fuAuDpb91f325d7Zy+AL49vKmuqeGi5TJvv/cJfXv71vcQfurJWfz5tTWs+ehzQu8IZMLY4Wz8JIOTp8+y/9AJIofccduOpfxKBa8sX83RnLxm17u5uTIwOIBp98YSPiiYVtYrOsyJU2f5NC0TL08Pvp4wFk+Pbh0dkoiIiIiIiIiIiIiIiMhXTpMZoxxRRqZ9SMvBA/sBsNt8BIDZMybQP8g+NFD5FWt98Xfxwof43bPf5g9LvsO8h6cCsGbT5/XbGxEZStyYYZw8fZadew4DEFa77YOHT7bDEYGLizOmiBDuHDW00U/f3j05fPwUryxfTVrG3naJpS0UX7jEtp0HyDQfoaLi6l0a/1jxIQsWLa3/bDqT9cnbWLBoKf9Y8WFHhyIiIiIiIiIiIiIiIiLSIg7fA9hWVcX+QycAGDnCPvdv/pnzAEQNuzqhXfGFEgB69+pR39MX4K7Rkfzr/U84U1jcaLvhYQNI+2IfR3LyGD/WxIjIULbvOsDRE/m39XjquLm68vWEOwkJDmiybrf5CP9c+RHJW3cRNWwQ3t092yWmLyNmeBivLl3U0WGIiEgbiHl8Ea92dBAiIiIiIiIiIiIickscvgfwpZIyALy9PPDu7gHAydNncXU10Ld3z/p2zs72sZIrbU3HCK+stNWvrxN6h73wejTnNABBfXs12l9HCg8LJijAD8ulUoqKLR0djoiIiIiIiIiIiIiIiIh0Eg7fA7iuIOvb0weAs+cucMVaQb/A3o3a+fXqQQ9jdy5aLvP5jv3cNToSsM8LDBA6ILBxe18jfr5Gzp23cO68hZ5Gb/v+Lnd8Afh6amog+2guqzd8Rm7eWWpq7D2e75s6jtFR4Y3mC762bXV1DUZvL0ZFDeG+qePw6OZOTm4Bf/z7+wQF+PHQzIms+ehzDh8/zYihoTz+0BT+9E/7XMUL584kZnhY/bYvWi7zwp9WAfDzHzxCD2P3Rtt6ev4DfJK6q/69B/vnsG5zOh7d3Pmv78ymp9G7fhvfffzrfJSSgTk7h+rqagYOCOTJR6bi3d2TtZvS+fwLM+VXKuhh7M4j999D9LCwRsdafsXK2k3pZGQe5HJpOW5urow0hfHAjPH08Ole3+4fKz5kx55DfOexGVy6XMZHn37BRctl3NxcGTdqKLNnTKCbuxuZe4+w7M119a/bsecQO/YcAmjyXoiIiIiIiIiIiIiIiIg4EocvAHt0c2t2ucHFpdFzV4MLMyaP5e33PuGNdzbxr/c/obLyam/gryfc2cw2GnSAdmqyusOYD+aQm1dIvwA/+vT2rV++Y082r7+zCWdnZ4YOvgOPbm4cOnaK5f/aSFGxhWnxsYC9+Lvhk+2s25yOi4szoXcE4efrQ25eIZ+m7cZy6TILHp1Rv92z54r549/fw1pRiU93L6praqisrPxSx9A/sDd3jhrK4eOnOV98if5B/vQL8MPN1UB3L4/6dpdKSvm/f7xHzx7ejBw+mCM5eRzNyeMvr63Fu7sH+WfPMyw8hAuWyxw/mc9rKz/imQUe9XM2l5Vb+ctraziSk0fvXj2IHHIH5y9cImP3QY7nFvCj7zxYf/NAnY2ffsH5YgtDQvtDf3uh/D/pWVTaqnjswcn49vThzlFDOV1QxKm8Qnr5+tTPP33ttkREREREREREREREREQcicMXgPv07kk3dzcsJaWNnpeUNu2pO/HOEfTt7cuaTZ9zprAYL89u9AvozaS7ougf5N+o7RVrBWfOXaB3LyO9exk5e+4CAD7tNN9uRWUl65O3NSqGVlfXkJN7hnPnL9LN3Y1p8bF4ergDcCr/HO+s2UIPn+48s+AB+vrbC8N1BdD/fJ7FqBFD8PfrwaFjuWz69Au8PLvx1JOzCL3jau/n/DPnwYlGQ2KXXC5n5PDBzP1GAh7d7Psrv1LxpY4vatggooYN4h8rPuR88SWihw1qVIS/aLkMgM1WxdfuGcPXE8bh5ASWS6X84a/vknemiOAgf/570Vx8vD2pqYEVScl8lmFm976jhA3sR00NrN74GYePn2b6vbHMnHJX/XF9sdteLN+SnsXs6eMbxWa1VvDL/3qM3r2MABzNyeOV5R9w4NBJLJcuc0f/Pjz5yNdYn7yNU3mFDAwO4MlHvval3g8RERERERERERERERGR9uDwBWCAAf36cOjYqUbPT5w602zbIYP689OnHr7pNk/nnwNgUIi9Z2ddQdLHu30KwFVV1ZgP5jRZ7ubmyl2jI5mRcCe9GvQ2PXzsFCWXyxg7cWR98RfA08Odu8eN4NV/bST/TBH+fj3YsfsQ1opKJtw5vFHxFyCwdq7jhnr19OGh++6uL/62J+/uHowcPrh+SGcfby/6BfTm7LkLjBwxuP7zcHKCiLBgPssw139Wl0vLOHT0FEYfL8aNjmxU1DZFhBAc5M/xE/lYrZW4u7vWr7snLrq++AsQ0KcXvXvZhwO3lJSql6+IiIiIiIiIiIiIiIh0Wp2iABzYtxeHjp1it/kI0aaw+uebtuxg6qTRt7TNbTsPABAWEgTA3oPHARgc2q9tgm6BhvPJlpVbWb3xM1K37aWquhqjj1ejtnUF74+37uLjrbua3V7+2fNEhA3gTGExAIPuCGpRHD17eHdI8RfA1dUVL89u9c+dGvRO7ttg+GsAl2uG/S6+WMKlkjLKyq/w/154rdnt+/kauWKtaFQArpvvuY6zszNubq7XvlRERERERERERERERESk0+kUBeCwgf3Y8vkedu87SrQpjGhTGFs+38Pm2gJw6va9pG7by8nTZ2+4nSGh/blz9FD69vYldfteBvTrw6iowQBk7T9W36YjeHq4M3v6BPIKiti+6yAD+vUhfnxM/fqqqmqA+rl0mxPYpxfVNTVU19S0S8wdrbq6mpqaGtzdXBkWHoKbW9N/zl6eHri6ujTzahEREREREREREREREZGup1MUgEdHDeGDjWls23mA+PExRIQFM3niSD7euosFi5a2eDuHjp1qNJT0rK/dhUc3d1K37+XsuQv0MHYndEDgDbZwe3l0c+Oeu6LIyS1g67YsRkUNweht7wncL7A3O/YcIqR/Xx5LnHzD7fj5+nA0J4+jJ/Lqexi3lsHFGTfX5v95nL9wifLyK3h4dGt2fUMuLs63tP+W8O3hg5dnN6wVFXw94U6CrlMYv1W3M3YRERERERERERERERGR26FTFIABRg4PY9OWHaRu28tjiZN5aObd7D1wHGtFJeNjTUy8c0STYZOvdfL0WVK37SV1+15GRIYyLDwEgNRtewEYH2uiWze3234sNzIiMpSwkH5kH80lddtevp5wJwCmiIF8kppJpvkI40ZHNprbt6KikuO5ZwgLCcLFxZkx0RHszDrMtp0HGDl8cKO2+WfOYzA44+/X84ZxuLoa8PO1z5N7/GQ+0aYwnJzAVlXF1m1ZlF+paFEBOKCPfc7h3LxCbFVVGFzarjeuj7cXkeF3sDU9i83/2cHjDyU02n5Lj/V6Avv0wsnJibNFF7lcWk53L4+2Cl1ERERERERERERERETktug0BeD48TH2AvD2vQT07cW942P49c+e5Pd/eZf1ydv4LMPM+FgTUZGhBAb41RcCrdYKThcUkb5jP6nb7YXePr178tSTswB469/JnDx9lh7G7ky8c0SHHV8dNzdXEu4exdETeaRu28voqCH09felX0Bvpk4azQcfpfH7v7zDwAGB9O5lpORyOYePn8bg4sKPvvsgA/r1IWJwMLExEaTv2M9Ly/5NSHAAfr4+5OYVkn/mPHeOGsrch6bcNJbR0UPIyDzIx6m7OF1QhI+3JydOneGipRSDoWWF3LrCddb+Y/z6j28THOTPPXEx9LhJsb4lnJxg2j1jyDlZwLadB9h/6ARDQvvj7OxMTu4Zzp2/WH+sdfMKt0bIgAD6+vck9/RZfvvyvxg4IJBRIwYTNWzQl45dRERERERERERERERE5HboNAXgN97dXP/43TVbuLd2ftyffP8bpGWYefPfyaxP3sb65G24uDjj79cDJydn8s8UNdrO5IkjeWjm3YB93t/PMswAzJg89qY9iNtLxOBghoWHsGffUdIyzMyeMREnJ5g8cRQDBwTw4cfbOZKTx9GcPNzcXAkLCWLG5LEEB/UBwODiwuOJCYQPCmZjynaOncjjyPHTGL29uCcumvumjmtRQXRIaDDzvzmNpPWpHDh8EhcXZ0zhIcx9aAr/eHtDi46lf2BvfvTdB3n7vU/IyS0gr6CIqMhBbVIABvDt6cPi7z1Eyme7ScswszPrsH15D29mThlH/PjoWyr+Ahi9vXhmwWzeXbMFc3YOGZkH6dO7pwrAIiIiIiIiIiIiIiIi4rCcampqajo6iJv56xvr2G0+Qk9jd+JiTaxP3gbAMwseqB/G+diJfLbtPMDpgnOcLijCaq0AoJu7GwP69SGwby+iTWFEhAUDsGPPIf6x4kMAvp5wJzOnjOuAIxMRaTt79uW0qn3P7m44OTnV/wA3fEzDx4AT12nX4PfNll37uCXPb7b8elrb3sOz09wjJSIiIiIiIiIiItKplZfZOjqELsXhr24v/9dGdpuP4OLizNxvTCFyyB0ArE/exsuvrmbC2OFMuHM4oXcENprrtuBsMc7OTvTp3Xj+14bzAAP84Fv3M3zowPY7IBERkXZmq6qiwmqjwmbDZquiurqGTnD/l4g4ACcnJ5ydnTAYXHAzGHBzN9RPtdJVKWeKyJehvKm8KSKt81XMmyIiIu3BoQvAK5I+JiPzIIF9/cg/U0Ra7XDNdb8BUrfbi7ljosMZOmQAd40eBkBAH9/6NiWXy9mVdYjDx0+zY88hAAb068M3Z99LSHDfdjwiERGR9mO1VlJ2xYrNVk03d1e6ubth8HLBxdmp1T2iReSrqaamhqrqGmy2KiorbVy4WIrB4IxnN3fc3V07Orw2pZwpIm1BeVN5U0Ra56uUN0VERNqTww4B/fo7m0jfsZ9ePX14ZsED/O2tD8k/U4SLizNVVdVEDrmDJx6ZSvoX+0nfuZ8zhcX1r+1h7I7R2z7HbPGFS5SUltevG9CvDxPuHM6EscPb/ZhERG4nDQF9Y1+lIaCrqqopuVxOdXU1np7udHN36+iQRKQLuWKtoKzMirOzM97dPXBxce7okL4U5UwRud2UN0VEWqer5U0REWkZDQHdthyyAPzq2xv4Ync23b08+MG37mfggAAKzp6vLwJHm8L43ryZjV6TaT7CgUMnm8wBXCdyyB3ExkRw56ih7XkoIiLtRgXgG/uqFICvWCu5VFKGl2c3vDzdOzocEenCSsuslJZdwcfbk26dtHeGcqaItCflTRGR1ukKeVNERFpOBeC25XBXtz/69Au+2J2Nm6uBBY9OZ+CAAI6fLOAfKz7k/IVLxMZEMP+b05q8LsYURowprP55wdlirBWV+Hh74uPtqbkjRESkyyu/UsHl0nJ6GL1wc3W4r3gR6WK8PN1xdXXBcqmUmhoPPLp1rh5gypki0t6UN0VEWqez500REZGO5HBn7BmZBwF48pGvMXTwAA4cPsmrb2/gcmk5E8YO57HEyS3aTsM5gEVERLq6K9ZKLpeW09PYHYNBNz2JSPtwczXQ09idC5bLODk5dZqeGcqZItJRlDdFRFqns+ZNERGRjuZwEyi4u9m/xLt7ebAr6zB/eW0Nl0vLGTc6ssXFXxERka+SqqpqLpWUYfTx0gU5EWl3BoMLRh8vLpWUUVVV3dHh3JRypoh0NOVNEZHW6Wx5U0RExBE4XA/gaFMYx08W8NKyf9cvGxMdzhMPT+3AqERERBxXyeVyvDy7aSg+Eekwbq4GvDy7UXLZPjSoI1POFOl6qqursdmqsFVVU11dTU1NDTU1t29/Tk7g5OSEs7MzBhdnDAYXnJ1bd3+98qaIdKT2zJttkTOhc+VNERERR+BwZ+8h/fuScPcosvYfw2BwITYmgq/dM6ajwxIREXFIVmsl1dXVeHm6d3QoIvIV5+XpTvGFCqzWStwddGg+5UyRrsVmq6Kiwoatqqpd91tTAzU1NVRXV2GzVYG1EoOLC25uhlb1kFXeFJH21hF5s61yJnSOvCkiIuIonGpqbud9sSIi0l727MtpVfue3d1wcnKq/wFu+JiGjwEnrtOuwe+bLbv2cUue32z59bS2vYenw90j1awLlst4dHOjm7tbR4ciIsIVawXlVyroaeze0aE0SzlTpGuorq7hirXCXkhwMAaDC93c3XB2btm5p/KmiLQHR82brc2Z4Ph5U0REbl15ma2jQ+hSHG4OYBEREWkZW1UVNlu1LsiJiMPo5u6GzVbd7r3xWkI5U6RrqLRVUVpW7nBFjDq22vgqWxif8qaI3G6OnDdbmzPBsfOmiIiII1EBWEREpJOqsNropmGvRMTBdHN3pcLqeHftKmeKdH4VlTbKy623dX7ftlBTA+XlVioqW5YLlTdF5HbpDHmztTkTHDdvioiIOBIVgEVERDqpCpsNV9fOMVS1iHx1uLoaqLA53gU55UyRzq3SVsWVKxUdHUarXLlS0aJebcqbInI7dLa82dKcCY6bN0VERByJCsAiIiKdlM1WhcHg0tFhiIg0YjC4OOwQg8qZIp1TdXUNV65YOzqMW3LlipXq6ht3vVPeFJG21lnzZktyJjhu3hQREXEkKgCLiIh0UtXVNbg4O3V0GCIijbg4O7Xowl17U84U6byuWCscevjSG6mpscd/I8qbItLWOmvebEnOBMfNmyIiIo5EBWAREZFOqqamBicnXZQTEcfi5OREjQNecVTOFOmcbLaqTt/L62bHoLwpIm2ps+fNlsTvqHlTRETEkagALCIiIiIiIiIOqaKia8zx2FWOQ0QcX1fIN13hGERERDqaCsAiIiIiIiIi4nCqq6uxVXXeXmwN2aqqqK6u7ugwRKSL6yp5UzlTRETky1MBWEREREREREQcTmcewrQ5Xe14RMTxdKU805WORUREpCOoACwiIiIiIiIiDsdW1bV6f3W14xERx9OV8kxXOhYREZGOoAKwiIiIiIiIiDicrjb8Z1c7HhFxPF0pz3SlYxEREekIKgCLiIiIiIiIiMOpqanp6BDaVFc7HhFxPF0pz3SlYxEREekIKgCLiIiIiIiIiMPpatf+u9rxiIjj6Up5pisdi4iISEdQAVhEREREREREREREREREpItQAVhEREREREREREREREREpItQAVhEREREREREREREREREpIswdHQAIiIi0n5SXvoJmwtv3s4/YTGL7/W//QG1iI28bSt5LzmbvFLbbYtt39s/4a0zU1i8OB5HOXIR6boqi/aQ9M52Mk6VUmYDnA0YgwKZFD+RBJM/rq3ZmDmJBW9YmPXT+UxXAhORLslG0a5kln9yhNxCG5UA7u4Eh0cwfdpEYvxad3kr862lLCuI4rmfxhNwW+IVEREREelYKgCLiIh8hUxc+CxjqhssOJDE8+8XMuE732dig6KBwd273WO7Htu+lfzjg2METZzDMxMG4NvBsRV+8hIvJRcy7PHf8/iwVr74dDqr0kqInj6FcMd5i0WknZWZk/j5G7m4DjYx53tRhPu6w6VCMrankfzWCpIHTeTZ74zCr6MDBXLTV5N8MYzEaSaMHR2MiHxFlZL51ussM0P4xIks+lYIfu5gKTCTtmkPy144SHjiHBaN9e3oQAEL5o0pZPQYxfxxwR0djIiIiIh8hakALCIi8hVi8PKmUd3RywAY8PD2xttBC5LmzH2Uhz/Ik9OHOcSJi/+E7/NsrA2Dxy28+OJRdmcW4n+PCsAiX125bFiXC6Z4npsXhWfdYm8jCbPDSEg4yAazl0MUfwGKjuaQUWBk+jRUAJZOroriY7v4fO85LrWkeffexI4cySBfl9sdmNxM3uckZVUR8+h8FkZ71S82escxZ3Ac0/enkNnDEYq/AFZyzTlkBIQxf1xHxyLyJdmKOLpjHxlnSlvU3KdvBHeNHoivI/ynTURERBziOqqIiIjIdRRSXAj09XSckxY3D7zdOjoIEem0SnI5VgyhU4ddLf425B3BdBUNRNpecQZvrMgir8UvyCXzmI3/991xOEpp8avKkpNHEf7MMnk1u94YGc+kdo5J5KugeNtmlqW06JYZu6xcjtge5kfje96+oERERKTFHOZaqoiIiDgISyov/+ZD+PqzPDP+mm6qFbt5bckqePB/eHJUCSkvvcTmvo/wbMxJXkv6grxSG7j7Ej7xER65dwCNOsnaitm9egVr9uRRbgNDz3DiH3mE+Dua70pbN9Sy/clb/OQnAP5MWbyYeH8oP5FK0roUsk+XY8OAR79w4mcmMqHB9urm9f3+g65sXZdC9mkD4556lhk3GJGv/EQKr61KIfuCDQweBEXN4rEHo/F1rtvoW/zkrcL6OChM4aWXNuM/51nG5L1F0ucnKWlyfPt46ydvsa92E5tf+gmbAYY/zu8fHQblJ0l9fw0pB2rfG68gwu+Zzv13DcLbubkoRaTT8u6FnzOYzfsoGxnVfBH4GpajKbz57j7MxTYwGAiOmcjCxCj8bpQfqi1kp2zkzS35FFnB1cuX2PvvY25041JWZdEeVr69lYxT9jk1XX39iZs6hUS3rXzvjdzaVntYsmgPADHzFrHQdCsHLtLBfAczvG8WeWda/pKgiFAVfx2AsacROEWmuZTY6OaLwI20MP81YSsk4/0NrMwspswGrr6BTJ8zk+khjffZKCcDnv2DmT4jAVNOEks2WeyNCpNZsCgZMGp+dum0fCNCCNqSRV71zdsC4OzD8CEq/oqIiDgKl1/96le/6uggRETkyztTeLFV7T3cXHBycqr/AW74mIaPASeu067B75stu/ZxS57fbPn1tLa9q6vjV91Ky67Q3avbl9tIYRYfZ5UyaNw4BtZd2+oWhHteCukHYOj4wfg0aF6S/m9W50Yw85ER+DmVkpOezrEL+ew74sWExx5n9pQ4TF4FpG3eQKolhElDay+0VReS8qffs6ZoELOemMfsKXEMrtnH+nf+Q+mQOAY3M66oV79oxt41GPbv4mTIgzz73dlMnDiWQT1ccT66hhdfTaEsdBbzHp/N1LhIep7dxpoP0ygdMJHwXrWHt/djsgry2ZdZhO/oyUyKHYMp1BePZj7eurbZB2wMmvlNHp85CVOvInanfMquyqHEDfZp/j0rzSE9/Rhnju/mpHECc745m6mj76D6RDqfppzCb0I0AS6+DB47jvG9C0k9WM2E7yzm8WkTmTgsAHfXUtJffYl1Dd6bSP9SDiV/RH7fSQx1lHFgRVqhTfJTG3OcmHoT4HSA5PSDpOzJA2NP+vXwxvU6t+aWmZP45fITeI+dxMJ5k5gZZST3Pym8eciNe0cG4gpQeID1e6yEx8Uw2AuglMwVb/LKHjfivjGThbPGMrp3PptWbeFAjxHEBtUOY3Amhd/+YRvHekfy5LyZPDxlCCE1BaRtPIb3fTOYMzGKgHOZZNWYWPSTmcy+O4aYgG50gq9I6SKsFZVtuDVPBkYFUn34EMcv37x10MSZPH13AG39z93d3bXZ5Y6To65ymJj8jLgc2MuWz3ey82w5Rr8++HV3w6XZ0/uW5b+CrG3svNyXSXED7dOjVOez4eV/sbKoL3Oe/DqPfW0EkTVHeHflTi6HjyKyh33r9px8COvQcTw9L4FZ4+/A78JhNnx2idEPT2Pm+EDYd4hjIXG89P0EEu4eQXiP68Uq0vbaNG969mf0kCsczCykpOYmbZ19uPfbDzOlT9tmzevlTHCgHCUiIm3GVtnSu46kJdQDWERERK5hIDphApv/bze7c2cQVN9bNo+taXn4jnmQ8Ib/r7f4c89/P8KY2o633uMf54e8zPPrN5B67zNMMELJ56vYfCacBxu2u/fbPFn+In/5dDdT50U3PSlx88DbzQcPF8DgiXf9JMUlpH6UTsngB/mfh8fU9jL2ZszDz0DZf/PeR6nEh024OtdxuQejn1p8w16/9cp9mfijbzOhtiDtHfs4Uw79hFVHsikm6Ma9gCISWfxQeO2TYcx4II99/5tC9lGIHmqfZ7n5OZdPcvQEhD+cyJhg+7vgHTWDbw+fQZtfdRYRhxAweR4v+CazfNMR1ryxijXYe6iFjxnK9PEjCTXWZsTqgyS9m4vnhEQW1SUx7yjm/9BG2ZKdbMgbRWJQMzvITuHNLAMJTz9G4gD7IuPIB3i2ahXPfPw5uWMSCKaY5Hf2kOsXxXML4wmwtyJmciIxk+w9jQE8DYCzC0Zvo+YAls7PEMTX5t3N2Vf+g7ns+s08Iu9m4aQgXTBxFM6BTH/6MfzWbmbNrj0sy7KPSODZP5C4sWNJGBVCXdpsWf5rypK2mTUFgcx97gHias9VjZMf4+myv/Fiyk5mPTkK19qczIgEnptjst+Ag5G42SHE2my4GgzgbsTTGTB4YvRW1pTOz9B3PAsTL/Cbd/Mov24rd0yJ9/O1vpozXURExJF0+suKh46d4vCx0xw+dpqycmtHhyMiItI1BE5kXL8SdmzPvrosexs7LOHcc8811YbBw4i5ZhRn76jRDCCPo0dsQAlmc16z7QaEDoCcY5xoTWwlZsynIXx4TOMhpvEgZng4nD7KwYoGi3tFM6YlxV8A/2GEX3OtLijQH2xgu8lLQ4eGN17QN4hA4OY3L/oT5A/ZqR+yL78cW137Tn+WJiIhBTnwAAAgAElEQVTXZ8Bv5DR+9v+e4dXfPsHPnoxl0kADuZ+l8eJzf2OZudTe7OgRMsvdiYm6Jol5DCQ0oJRjOZZmt55tzqHMOJCYAY2Xew4MJLg4j2MlQMkBMk9B6F2jaou/DcNT2Uu6sG4RzJs3jKDrfc/2HcYPZkfQ/AQV0mEM/sTOfowXfruIv/6/B3j6PhPhBgtbklaz+LkkMmsrUy3Kf01YyNxbDIPDiL3mgw8d5A/H8zkGtTnZQMzYuuLvVa7Km9KFeUTM5AeTfK67PmjSdOZFtGRSCxEREWlPnfIMtazcyvrkbaTv2Nek6DtudCT3jo+hf5AmWBEREbl13oyLC+fDf6eze1Y40W42dm//AmKerO/BW8/Ns+kJhbcP3kDhxWIAysuAE+/xi5+818y+hnGlNaGVl1MOeHdrehpj6GYACim5CNSdCrg4+umOP/Hf/z6sSiLpz+mU2+zzGU+4dwbxQzXzoEjHK2TD71awprDhsgZzOhamsOR3eyhouNo/iud+Gt+0sNocd19CI+MIjYwjsbqYtH+u4M23NmP+wwOYrFbKsJL8ylKSm3lpwHVugC0rt4HFzIuLzM2sNVJWDmClDAgwtlEPNXMSC+rnDK41IoFXH7dPGJz51lKWZTVerfmEpcP4X6dHm2cQ8+aNp41HMP3quVlevEm+uBlX3xBME0IwTQCKM3jlf9NY9sFBXp0T0bL8533tcitlpUDOVr63aGszrwumDMBqpQwv/Hq0KMybunFevMl3j0g76zPxfuYVvsMb+xufe3hE3s3CiX06KCoRERG5EUe/ItrEqbxCXlr27+v29k3fsZ/0Hft54uGpjBsd2c7RiYiIdB2GqHGMWfsaqRklRA/fTeoBX0b/MLxpw4oybFxzUlFyiRLAt4cvUI6HJzD0QZ6dHdHcnlrXy8bDAw/AdqXJXmuX+eLdRhfm2o3HAOKfXEw8YCvNI/s/G0h640VOPvxbnozpdKdrIl2MPwlPzSeuUW9+A55186b7xfGzX42i0Yx7zt1ubbhkZ1/iRgXyZnYxuUVgcnfHEy/iFj5CQjPXVl3dmt+Lp4cB/CJY9FRsM0Xo2thL3fEELBYLtMXgzhHTeOlX14yVYPCqf2hKnM9L9zde7aoultKBPCJm8oOvJfGnj4rsRWBPPx6YNxOTppP88m6WF2+SL1rFN5bYQWmYzxRSRETL8l8T7vblkXG8lNjMuS4GPAHc3fGklKKGNxp+CTfOizf57hFpd56YZk/ngbINrM6xX5P1CBmpERNEREQcWKe6oni++FJ98dejmzv3TojhrtHD6OXrQ1m5lT37jrJuczrnL1zi9Xc24eHhTvSwQR0dtoiISOfkHM6dY3x5OW0r6Zf2kddvHE8GNtPu8D4yy8c06hlcsnc3JwliRpgB8MZkCmLNJ7nkeY1pPH/wrfA2Yeq3hg/3ZlI+akyDCw7lZO7Nhn4ziHD7kvu4Xdw98aCc8kZdnm3YbIb6EVcNXkEMmz6LswdfYvPhoxDT3IVIEWlPrl43mP/W2R1Pb/dWbK2QzO2lhI8NobnBEs2H88EjhFA/wDeMGI8jZOdXkTio5SMChJtC8NyeR261scmw9vW8hxLTP4OknWYscXGNj6+a+mHoPT0MYK3iBtOl2hm8MDbpVXeVq4fmEBbH0yc2kR9UvMOftsHd8xK5Sz0r28bN8uJN8kUThWbSSgcSF9JM9bP6INlHwXNEIH6AX0vyXxNGYob7sjL5LLlesZiud646yJ6TM3cfZO7ga25qrM+btcVkq5VKaDJUdEM3y4s3/O4R6QjOfbjrsemUv7aW/zCMHzw2RiMmiIiIOLBO9TX92jsf1Rd/f/y9h5g5ZRy9fO1zUHh6uDNudCRLFj1O/8DeALzxzibNCywiIvIlBMWNI+hCKmu2FhMeN67piHkAxkI+fWUVX+QWU1JSzMmMVfxl/Uk8YqYwrvaqlfdd0xln+IK3/vc9Uo/kUVJSQkn+UVI/+AvPv7X7pvPrNubNhK+Nw/vwe7z8zhecPF9CyfmTfPHOy7x32JtxX5vQfJyOIDQKk1cJqavXsC+/hJJSG+Rv4qUlL/HeZ9n2Yykp5uRnH5JaCOGDa29ky17D8795nn98Xtz8c7JZ85vnef7VdIqb3bGIOIyiwyR/sJrFz61gZaqZY0UWLCUWik7uYcNby1n2hQsx34gnHMA5glnT/ClYv5KlH+6pbVvIsd0pLPvdcpLyrrOP8DhmDSom6Y8rSNqdQ1GJBUtRDhkfJ7Hkd8nYB171JWFaBMa8DJYsSyYzz4KlJJ/s1NUs+eUqMmr/GxU+IgRPi5mV75vJLbFQpv9eSRfTZ/zD/PonD3Ovir8Oqyh7Jyv//DcW/3kjyftrc1pdLvzDRtKcg5k7I8zeuEX5ryljXByTDEdY9ofVJB/Ox1JiwZJ3hOT3X2fxGzvtvZlrc3LlFxv5+coMe04uyiHjwxUsrt+2kZgoX8jezrJU+/7LWneiK+LYnPtw7/xv8+v541T8FRERcXCdpgfwqbxCDh87DcATj0y97hy/nh7ufP+JWfzP0rcoK7eSvmMf904Y2Z6hioiIdB3GcdwZ/iHvnRrDhKjrnDb0n8L3Y/J4a8VLvGexgbsv4fd+m8R7Bl090XAexKyf/4wBq1fw4Vsv86EVMHgQNDSeR+6Pbv0JSdgsFn/Xl6R1G/j7797Dhn3e3FlPz2Fcc72UHYXzIGYtmMGlNzfx1v+lg/8UFi+eyrcftLHq01X8fX25fThtryDC73+GOXXDP9suUWIpwaPc1vxzbFyylFDiXt7KYrqItDu/OH72m8FkbtnKhv98Stpam72wYDAQ0D+MOT+aSFzQ1V5uxnGP8YJ/Cm++v5WlW1LsPcp8/YmbOpNZQdfbiS+TvjOfgJSNrPxgNcmlgLMBvwFhzPrWPQTXNRs8jee+58Oba3ex/H/NVAKe/v7Ezp5CjPvVNovuS2LZpmSeT4eAqY/x3GRVykSk/fhNeIKXh5pJ3riT5HcPklRqX+7q5UXwiDienRZLcP2QMC3Mf9dyDmPOLx8j9P0NJL2xiiQrYDAQHDmS+bNH1ffkNY57jOc8NrJ843ZefCENnA0YgwJJSIyt37Zx3AM8fXY1yzes5udrNd+5iIiIiHQMp5qampqODqIl1m1OZ33yNnr19OHFXy64afvX39lE+o79DA7tx4+/9412iFBEpGPt2ZfTqvY9u7vh5ORU/wPc8DENHwNOXKddg983W3bt45Y8v9ny62ltew9Px79H6uy5i/TpfZsnu63O5r3/eY28e5/lmfHX9qstJOWll9jc93F+/+iw2xuHiHQq7ZKfWskRYxKRG7tUctPBxzsdH+/mBn93zBzliDGJyI11tbx5vZwJylEiIl1RuYZOaVOdZrCO8xcuATBkUP8WtY+qnfv3dP652xaTiIhIV1eyLYUvrOFMiHXYQZVFREREREREREREpIFOUwCum8vXo5v7TVraeXq4N3qdiIiItFL1SbamnsQjZhzRbh0djIiIiIiIiIiIiIi0hOOPb1mrf2Bv9uw7yuHjp1vU/tDRUwAMDu13O8NqtfIrFbyyfDV5BUX813dmExIccMP2lkul/OGv71Jpq+LnP3iEHsbubRLH+uRtrNuczuioIXz7sRm3vJ3q6hq+2J3N+uRtnDt/EY9u7vzouw8yoF+fNolTREQ6kPMAZvz891z/W8Kf+MW/J74dQxIRERERERERERGRG+s0PYD7B/kDcCqvkPPFl27aPn3HfvvrAv1va1y3qvyKlU2f7qCqqvqG7VK37+XsuQvtFFXrbdryBa+t+oiLly4TOeQORkcNru99LSIiIiIiIiIiIiIiIiLtq9P0AI4eNohePX04f+ESf3ljLYsXPnTdQuPr72yqnzN48oSR7Rlmq+w/dIIjOacJHxTc7PozhcWkbtvbzlG1XMnlMrbtPICbq4GnvjXruschIiIiIiIiIiIiIiIiIu2j0/QABnjikamAvRfwS8v+zaFjpxqtLyu38vo7m+p7/8aPj6GXr0+7x9lS1opKNn26g4qKyibramogLcPMxUuXOyCylrlUUkZpWTleXh707e3b0eGIiIiIiIhIF+Lk1NERtK2udjwi4ni6Up7pSsciIiLSETpND2CAIaH9eeLhqbz+ziZ7Efiv/6aXrw9+PY0AjQrC40ZH8vCsSR0V6k0Zfbzo29uX7KO5ZO0/xujo8EbrTxecI33nAULvCKSi0kZp2RUALpeW88d/vE9ewTkWzp3JiMjQRq8rK7fyx78nUXC2mGcWPEDYwJbPgVw3L/DMKePoH9ibpPWpnDt/ERcXZ0zhIcyZHU8Pn+5ctFzmhT+tovhC3VDc5fz4/7N35/FR1ff+x1+TmUwy2TMhgSyTAEkIkgAhgBhERFGwVUCtYm2Lt1ptb7Wttnp/9qq/Lt7Wen9Xu1nt4tbqbVHqrYJ1AS+IyCICIUgiBBKWDAmQkH2ZTDLJ/P5IMiRsIWSZyfB+Ph55ZHLO95zzOcPxC+Y93+/38T8C9FpTuKqmnpXvbWLX5yU0O5yYzYGkj0vklkVzSYqPvcB3TkRERERERC4GBoMBt9vt7TIGjUFphogMMX/qN9VnioiIDMyICoCLSuzkFxT32lZVXd9rTWBLcBCLF+ZyTdfUz0eOVrJnfykHDpVTcqgcDAbSxiWSkjSapPhRZGaMHdZ76GY0Gll41UzKX6ti3aZ8si4ZjyXYDEB7ewdr1neODF541UzWrN/uCYDDQi3MmjaRvx85zuZthWRNHIfReHIg9/4DR7CXVzJ1UirjUxIuqLbt+UV88NF2UscmkJIUR1GJnZ0FxTQ7nNx3142YzSZyJqdzvLKaz/cdxmQ0kjVxHGazifHJ8QAcOHyU3730Fo1NDhLGxDA1M5XKqjr27D/ML367nK8vXXBa6C0iIiIiIiLSLSAggI6Odm+XMWgCAkbUJGwiMgL5U7+pPlNERGRgRkQAXFVdz+srP2TnKeHvhNQkRlkjiYnunObZlhhHRqrNszbwlu2f87d/rKXF2drruG0797Jt516gc6TwnV++bhju4nSJ8aOYPWMSaz7awY5dRcyZNRmA0rLj7Co8wLTJaUwYn8Sa9dt7HZedlcb/bsjjYOkxqmrqiRsVBXQGx93TX8+emdkrGO6P+sZm7r/nS6SO7QyQK6tq+eUf3qC07Djlx06QOjaB25bM42DpUYoPlmOxBPHlG68iKjIMgNbWNlat3kxjk4PFC2dz/TWXeaZt+XTnXl5+7X3e/mALE9JsRIaHXlCNIiIiIiIi4t9MxgBcLv8IMqDzfkREhpI/9ZvqM0VERAbG5wPg7vV+mx1OAGwJsVwzdzrZWWmeoPdMfvmHv7NnfykAixbkEh9nJTlpNFERoRw5eoIjRyvZ8MluNm8rZMeuffzgX29lfEr8sNxTtwCDgasun0be7mLWfLSdyZPGExoSzLtrP8VkMrJg3kxcrnZq63qvAxwbE0XWxLF8vHU3+QXFLJg3A4BjFdXsP3gEW0Jsv6Z+PlXO5HRP+AtgjYogMX4UuwpLqKtv6vP4oxXVHCw9RtyoKK6YNbnXmh3ZmamkjU2kqMTOwcNHyc5Ku+A6RURERERExH+ZTEZwtnm7jEFjMhm9XYKI+Dl/6jfVZ4qIiAyMT3+Uqmf4awkO4rYl8/jRg3cwe2bmOcPfn/zXX9izv5QxcVb+4+E7WbxwNjOnTWT3ngO8+Lf3MAeauDJ3Kv/3+18ja+JYnK1t/OK3f6O9vWMY765TjDWC+VdM41hFDVt37GHPvlIK9h5k9oxJJMXH4na76Thl7Q6DAXJnTCLIHMi2/L2ecLyw6BANjQ5mZk885/vTl+6RvN2MxgDMgef/WYGa2gYcLU7Cw0IwmwN77TObAwkPs+B2u7GXV15wjSIiIiIiIuLfAgICMBn9IwAwGY2azlREhpy/9JvqM0VERAbOZ/8m7Rn+xkRH8G/3LvWs63su767dStmxE1iCg/iPh+9kTJzVs+/1levZWVDcayrp++/5ErNnZnbt/3Dwb+Q8zMq5BFtiHB98tIMVq9YTHRnOVZdP6zVy9lQpSaMZlxyPvbySA4fLaXY42Za/l+jIcK+Pqu3ocOM+JbQWERERERER6S+z2ecnLjsv/nIfIuL7/KG/8Yd7EBER8TafDYBffu19z8jfHz14B7bEuD6PaW/vYOPW3QDctmTeafvnX5HDhNQkpp0SkH7l5vnEWCP4cFM+hUWHBucG+qy1nda2zilZwkItXDdvBg1NzRyvrGH+FdOIsUac83izOZDcGZPo6HCT99l+9h84gr28kqyJY4mNiRqOWzirGGsEIZZgGhqbaW3tPe1Ma2sbDY0ODAYDtoRYL1UoIuIfDAaDPnAjIj7H7XZjONcnGb1EfabIyGQyGUf8NKB93YP6TREZTCO93zyf+n213xQREfElPhkAr1q92TM98H13LTnv6Yx3FZZQWVXHtMlpXH5p1mn7v3zjVfzbvbedFiYHmQOZf0UOAFvz9gyw+vPT2uqiqbnF8/O0Kelcmj2RtHGJzMjOOK9zZGaMJW5UFLs+L+HNdzdiMhrJnTHpnCOHh0N8nJVxyWOoOFHLx1t30/P/F/MLSyg+VMaYuGjGDfOayyIi/iYgwEB7h34pJyK+pb3DTUCA7/1CTn2myMgVHGT2+v/nXiiDobP+c1G/KSKDbaT2m+fTZ4Lv9psiIiK+xOfm02h2OFn7cR7QOWI3I9V23seu27gTgKT43iNLq6rrWbVmM/kFxcRYI3no20tPC5UnjE8CYMv2z7nr9i8M5BYuiMlo5K6v9O+6kRGhTJuczvvrPqW+oZmJacmkJI0eogrPn9kcyOKFsyktq2DV6s1s31VEcmIclVV1HDhcjslkYtG1uUSGh3q7VBGREc1kMuJytWMy+uTnuUTkIuVytfvkqBP1mSIjV0CAgeDgIBwOp7dL6bfg4KA+Qwr1myIy2EZqv3k+fSb4br8pIiLiS3zuX/H5BcU0d/3jZPHC2Rd0joQxo3r9fKKmjtkzM2l2OLGXVWAvrzjtmJSk0URHhl3Q9bzp0uwMwkItGAwGcmdMwmwO9HZJAIxPiefRB77KZTmXUFPbwJbtn1NaVsEl6Sn8+/duZ+a0id4uUURkxDObTLS1ubxdhohIL21tLswmn/ucqfpMkREu0GQkOLjvUWG+JDjYTOB5BBTqN0VkKIy0fvN8+0zw3X5TRETEl/jc35Q7C4oBmD0z87ynfj6Vy9X7f1DOdxRxQMDQ5+GWYDMPf+fL590+KjKM/3zsnj7bxY2KIjNj7Hmfd9GCXBYtyO1zW7dvLruBby67ode2ccnx/Pbn3znrNWKiI/o9qllERM6fOchETW0T4WEWb5ciIuLR4mwjOsr3ZnpRnyky8pkDTRgMBlpanPjy0rQGQ+cotvMNMtRvishQGQn9Zn/7TPDdflNERMSX+NwI4KJiO3D+oW1PkRGdf/EXHyzr97FHj1dRVVNPWOjI+h+bT/OLaGxyMG1yuuf+RUTk4mAyGjGZAmhxtnq7FBERAFqcrZhMAZiMvjcln/pMEf8QaDISGmLx2ak/TV31nX/4q35TRIaWL/eb/e0zwbf7TREREV/icwGwo6Vz+mfLBYz+nT5lAgDFB8tP21dVXe95faZwufuYnMnp/b6ut9TVN7Fz936iI8O5YtZkb5cjIiJeEBIcRHPzyFrXSUT8V3Ozk5DgC5vFZziozxTxDwEBBkIsQYRYgnwmADAZjZ6azmf9ym7qN0VkOPhav3mhfSb4fr8pIiLiK3xuCugJqUnsKznCn197n7UJced9XEaajflzphEdFU7ZsRN8uCmfqy7P9uw/UVPneV1VXU+zowVb4snzb83bA0B2Vtog3MXw2L6riIoTtcy5NIvYmChvlyMiIl4QFBSIo6WVpmYnoSH6n2AR8Z6mZicBAQEEBQV6u5SzUp8p4l9MJiMmk5GOjg5crnZc7R10dHTgdruHdKpTgwEMBgMBAQGYjAGYTMYLWlJK/aaIDDdv9JuD1WfCyOg3RUREfIXB7fatFSDsZRX813MrPCOB++P5px9kzfrt/P3tjzAaA/jD//t+r/2PP/0K9vJKYqIjuO3Gq5jWFfb+9X/+l/Wbd3HptInc87XrB+U+RESGW37BwX61jw4zYzAYPF/AOV/T8zVg4Cztenzva9upr8/n5762n01/21tCfO4zUmfV3t5BVU0DUZGhmANHTt0i4j9a21zU1jUREx2O0ehzkwz1oj5TRHyB+k0Rkf4ZSf2miIhcGEezy9sl+BWfC4Chc4Tupm0F/TpmlDWS2TMzcbna+cUzyyk9cpzxKfHcf/fNhIQE9zp3jDXC8/NfXl/Nxk87r/XI/V9hXHL84NyEiMgwUwB8bv4cAAO0ONtoaGwmOjLMJ9d2EhH/5XK1U1PXSHhYCMEjZDSG+kwR8Sb1myIi/TMS+00REek/BcCDyycD4IE6eryKP7zyT8qPnQDgq1+6hnHJY7BGRWAJNlNT10BdfRMrVn3EwdKjAHzrjkXMmDrBm2WLiAyIAuBz8/cAGMDR0kpjk4PICI3OEJHh0drmoq6+ibBQC5Zgs7fL6Rf1mSLiDeo3RUT6ZyT3myIi0j8KgAeXXwbA0BkCr1i1noK9h87ZLnHMKG5YkKvwV0RGPAXA53YxBMDQOTqjvqGZ0JBgrdMmIkOqqdlJU3MLEeEjdySG+kwRGU7qN0VE+scf+k0RETl/CoAHl98GwN22bP+cj7bs4sjREzidrQCYjEYS4mOYPmUC86/IIcisf0CIyMinAPjcLpYAGDrXaWtodNDR0UFISBDBQfqUtIgMnhZnK83NTgICAggPs4z4NdjUZ4rIUFO/KSLSP/7Wb4qIyPlRADy4/D4A7uno8SoA4kZFYTRqzRoR8S8KgM/tYgqAuzmdbTS3OHG5OggOCiQw0ITJZMQYYOj3+yEiFye32017hxuXq522NhctzjZMpgBCgoMI8rNRGOozRWQwqN9Uvyki/XMx9ZsiInJuCoAH10UVAIuI+DMFwOd2MQbA3Vzt7bQ6XbS6XLhc7XR0uNFf/yJyPgwGAwEBBkwmI2aTCXOQCZOff5BSfaaIDIT6TfWbItI/F2O/KSIiZ6YAeHD5z2+3RURE5IxMRiOmECMhaJ02EZG+qM8UEekf9ZsiIiIiIr5HCyiIiIiIiIiIiIiIiIiIiPgJBcAiIiIiIiIiIiIiIiIiIn5CAbCIiIiIiIiIiIiIiIiIiJ9QACwiIiIiIiIiIiIiIiIi4icUAIuIiIiIiIiIiIiIiIiI+AkFwCIiIiIiIiIiIiIiIiIifkIBsIiIiIiIiIiIiIiIiIiIn1AALCIiIiIiIiIiIiIiIiLiJxQAi4iIiIiIiIiIiIiIiIj4CQXAIiIiIiIiIiIiIiIiIiJ+QgGwiIiIiIiIiIiIiIiIiIifUAAsIiIiIiIiIiIiIiIiIuInFACLiIiIiIiIiIiIiIiIiPgJBcAiIiIiIiIiIiIiIiIiIn5CAbCIiIiIiIiIiIiIiIiIiJ9QACwiIiIiIiIiIiIiIiIi4icUAIuIiIiIiIiIiIiIiIiI+AkFwCIiIiIiIiIiIiIiIiIifkIBsIiIiIiIiIiIiIiIiIiIn1AALCIiIiIiIiIiIiIiIiLiJxQAi4iIiIiIiIiIiIiIiIj4CQXAIiIiIiIiIiIiIiIiIiJ+wuTtAgZqV2EJRyuqOXq8Cnt5JfayCmyJcdgSYokfHUN8nJWpmaneLlNEREREREREREREREREZMiN2AC4praBv6xYQ2HRodP22csqsJdVeH7OzBjLvyxdQHRU+HCWKCIiIiIiIiIiIiIiIiIyrAxut9vt7SL6a8v2z3lp+XsAjLWNIXfGJOJGRRE3Kpq4UVFUnKil4kQNFSdq2bL9cw7ZjwFw1+1fIHfGJG+WLiIyZPILDvarfXSYGYPB4PkCzvmanq8BA2dp1+N7X9tOfX0+P/e1/Wz6294SMmI/IyUiIiIiIiIiIiIyojiaXd4uwa+MuN9ulxwq94S/M6Zm8K07bvDsc7W3U1RsJ3VcAnGjogC4es40/vjKP9m+q4iXlr9H3KgoUscmeKV2EREREREREREREREREZGhNOJGAH/nkWdwOlv5zl03etb2rayq5fWV6/l832Ha2lwEBpqYNCGF25bMIzamMwjeVVjC7156i6AgM7974rvevAURkSGhEcDnphHAIiIiIiIiIiIiIr5JI4AHV4C3C+iPN9/diNPZyhfnz/KEv9U19TzyxIvsKiwh2BxIRqqNYHMguwpLeOSJF6muqQdgamYqX5w/C6ezlTff3ejN2xARERERERERERERERERGRIjJgAuLDrEu2u3MibOyg3XXubZ/tf/WQvAjKkT+OXj9/LQvUv55eP3MmPqhF77AW649jLGxFl5d+1WCosODe8NiIiIiIiIiIiIiIiIiIgMsRETAJccKgdgzqzJBAZ2TstZU9fIZ3sOMGlCCt+6Y1Gv9t+6YxGTJqTw2Z4D1NQ1AhAYaGLOrMm9ziciIiIiIiIiIiIiIiIi4i9GTAB84PBRAGwJsZ5t3dM7J4wZdcZjurd3t+t5fPf5RERERERERERERERERET8hcnbBZyvksOdI3bTxiZ4to2OiwagvqHpjMd0b+9u1/P47vMNN0dLK7994R8UHyw74/7I8FBypqSzaEEu4WEhQ1iHk5Xvb2Zr3h4amxxMGJ/E9+6+maCgwCG7poiIiIiIiIiIiIiIiIgMrRERAB8+cpyWllaSE+Mwm08GlGEhFsanxPPpzr1Mm5zuWfcXYPuufXy6cy/jU+IJC7F4tpvNgSQnxlFaVsHhI8dJSRo9rPfSU0aqDWt0uOdnl6ud/QfL+HBTPoVFh3jgm7cQGxM56Nd1tLTy7EsrKSqxExUZxszsDBLHjCIgwDDo1xIRERERERERERERERGR4TMiAuCI8FAAqmsbTts3b3Y2Bw4f5ZLRCBQAACAASURBVI+vvM0nmamecHdXYYln/6m6z9N9Xm+5es40cqak99rmam/nlRVr2LL9c95bu5Vlty7AMMi5bMmhMooPlZGcNJrvf/NLhIVa+j5IRERERERERERERERERHzeiFgDODoyjNiYKBqbHBw+crzXvrG20Uy+ZBwAuwpLeHvNFk/4O/mScYy19R7he/jIcRqbHMTGRBEdGTY8N9APJqORK3OnYgk2U3bsBC1O56Bf43hlDe3tHYweFaXwV0RERERERERERERERMSPjIgRwADjU+KprKpl/4Eyz7TNu/cc5I1/bqD82Amgc0rlCalJ7Cs5QlGJnd17DlJV08AtN8z1hMT7D5R5zuerwsMsmM2B1Dc009rqwhIchNsNe4tL+cc7H1Nadhy3G2Jjolhy3WxmZk/0jBI+WHqUX/3xf0iMH8XSxVfy1nub2HfgCFMnpTIzO4M/vPK25zrb8ovYll8EwLf/ZTE5U9I913nz3Y3YyytwudqJDA9lRnYGS66bjSU4yHP822u2sGr1ZhYvnM3o2GhWvr+Zyqpa7vnqF0kfn8QvnlkOwL/esYj31m5l996DdHR0MD4lgbtuv47wsBBWvr+ZTZ/uxtHSSlRkGLffdDXTstI999PR4WZXYTHrNuZzoPQora1tmExGJqbZ+MrN84mNiTpjPbaEWP7+9gYqq2oxGgOYPHEcX/nSfKIieof+p66FbDIZsSXEcdMX5zAxLRmDgfN+70VEhsPxylpvlyAiIiIiIiIiIiIj2OjYqL4byYg2YgLgyZeMY2veHj7euptr5ubQ0Ojgz6+/T31DM3Mvm8Lc3Cm91vM9fOQ4G7Z8xoZPPuPPr7/PTx76OuFhFj7euttzPl919Hg1jU0OUlMSCA4yA7Atfy8vv/Y+AQEBTJowFkuwmaISOy/89V1OVNfxxfmzep3jeGU1v/rjGzhb24gIC6XD7SY8LITcGZM4cvQE9rIKYqwRTBifBIA1OgK3G95bt5WV728iICCAiWk2QkMsHDhcztqP8/h83yG++42bT1uXeNO2AqprGggMNBEdGUZ9Y7NnX31DE7/+0xtER4UzfcoE9h8so/hgGc++tJLwMAvlx6vImjiOmrpGDhwu56W/vcf991hI76prW/5eXvzbe1iCzUwYn0R4mIXSsgoKiw7zzItv8uC3lxJ5ylTe2/OL+OCj7aSOTSAlKY6iEjs7C4ppdji5764bsQR3vqeVVXX8+k9vUHGi1rMWssvVzt7iUn7/55Xcf8+XSB2b0O/3XkRkKOkfZyIiIiIiIiIiIiJyLiMmAM6aOA5rVDjlx06wavVmWlvbqG9oZvqUCSy79drT2qckjWbZrdfS1NzCjs/2sfrDTzGbAyk/dgJrVDhZE30vAO7ocLPvgJ3X3vqQjg43OVPSCQoKxF5eyWtvfUhURBj333MzY+KsADQ7nDz70lus37SLGVMziBt1MhRoaHQwfcoE/uW2Bb1G7U5ITeLtNVuwl1UwPjmeu27/gmefvbyS/92QR4glmO/cdSOpYxOA3usSr16/ja/efE2vUa919U185aarmZs7lYCAzh21dY2dx7ra+cLVl7JowWwMhs62//Xc65QdO0FyYhw/fvBfiAgPwe2GV/++ho+37mZnQbEnAJ58yXj+/XtfISVptOfcPdvu3nOQOZdm9Xof6xubPeEtQGVVLb/8wxuUlh2n/NgJUscm4GpvZ8Wq9VScqCV3xiTuWLoAk9EIQGtrG8WHykmxjb6g915ERERERERERERERETEW0ZMABwaEswXr7mM/37jAz7YsIP29g4Arp03/ZzHXTtvOjs+28e6TfkYjZ1LHn/xmssIDQke8pr78vu/rDrj9oAAA1fPmcaVs6cCsK/ETkNjM5ddOd0TQAKEWIKYN3sqz//1XcqPnegVQsZER7B0ybxe4W9fdu85QENjM1fMmsz4lATPdpPRyLVzp7N7z0EK9x6ivqGJyIiTo25zJqdz5ezsM06FHB5mYfqUCZ59EeGhJMXHcryyhulTJxARHgKAwQCXpCfz8dbdnvC4+x7HJY/pdU6DAaKjwgGoqW047Zo5k9M94S+ANSqCxPhR7Cosoa6+CYDjFTWUHCojMiKUG669zBP+ApjNgUyakAJc2HsvIiIiIiIiIiIiIiIi4i0jJgAGuDJ3Cnv3H2b7rn1AZyic2iOoPJPUlARCQ4Jpam6hrQ1mTJ3AlblThqPcPmWk2rBGh/falpI0muzMNGKsEZ5th+zHAPjgox188NGOM56r/HgV2Vlpnp+jo8L7Ff4CHD1e5Tn21DA3PCwEszmQpuYWqmvrewXAY+KsZ10HNzAwsFfYbjDgGck7Jtbaq62xRwjbzdXezqd5e/lw005OVNfT2OTo8z6iInuv82s0BmAO7P2oV1bV0tjUQurYBMLDek8h3dOFvPciIiIiIiIiIiIiIiIi3jKiAmCAb92xCONf32Vr3h6amlt4+bX3uWLWZNLGJZ7WtvhgGR9v3U1TcwsAs3Iu4e6vfnG4Sz6rq+dMI2dKep/tukc72xLjSIofdcY2CaNjBlxP93V8hdsNr731IR9t3kVAgIHRsdFkZowlIMDgWcf4QnV0uHG73X22G673XkRERERERERERERERGQwjLgAGODur36RCalJbNjyGZu3FbJ5WyEx1ggSRscw1jaGQ/ZjlB+voqq6HugcVTs3dwpzL/ONkb/9lZQQy7b8IsbZxpxxvePBvk5NbQNuN71G9TY0NtPa2kZoSDDWqIizn2QQNTtaOHj4KIGBJu67cwmZGWM9+1a+v2lAAXCMNYIQSzCVVbU0NDZhCTafsd1wvfciIiIiIiIiIiIiIiIigyHA2wVcqLmXTeGx73+NZbdeS9q4RJzONnbvOcjba7awe89BnM420sYlsuzWa3ns+18bseEvwORLxhMeFkLe7v2UHCrvta+1tY29xfZBGb3bfZ2dBcUcOHzyOq72dj7YsIPGJgeZE8cSEX72KZMHk8loJDjo9GC2sqqOT3fuHdC54+OsjEseQ119E//84BNc7e2efT3f0+F670VEREREREREREREREQGw4gYAdzscBJiOfN6tnMvOzmyt7aukcNlFaQkxp22Dmx/z+tLkuJjue6qmbz53kb+37OvMT4lgdiYSBoaHew7cAST0cgP/vUWUpJGD/g618zNYeX7m3jq9yuYmGYjNMTCgcPlVFbVET/aysJ5M8+63u9gCwoKJGdKOvsPlvHcn1dxSXoyAQYDRSV2LAP8czObA1m8cDalZRVs2f45e/aXkj4uEZernb3FpRgMAfzgX28hOXH0sLz3IiIiIiIiIiIiIiIiIoPB5wPgqup6Hv/lK9gS4njo3qXnbHvQfoznXl7JogW5LF44+5xtn3puBfbyCn70gzuIsQ7PlMYXymCAa6+cwfiUeP75wSfsP1hG8cEyzOZA0sclcsO1l5GcOPAA0mCAL1w9i3HJ8bz57kb2FttxudqJDA9l/hU5LLluNpbg4Q3Mr7p8GpbgIN58byO7CkuICA9hyXWX09jk4O01WwZ07vEp8Tz6wFdZ+d4mdn1ewrb8IkwmI7aEOG764hySE0cP23svIiIiIiIiIiIiIiIiMhgMbrfb7e0izuXl195n87ZCAB66dykZqbaztv3hz5+nqrqeEEsQv3j0nrOO7i0qsfPUcysAmD0zkzu/fN3gFy4iMszyCw72q310mBmDweD5As75mp6vAQNnadfje1/bTn19Pj/3tf1s+tveEuLzn5ESERERERERERER8QuOZpe3S/ArPr0GcFV1vSf8BXh79dlHfG7eVkhVdT3QObXz/27Ycda2Pc/T8zgRERERERERERERERERkZHM50YA/++GHeQXlHCips4TzM6emUlRsZ2qms6fbYlxhAQHEWONoKq6nqISu+f4RQtye00NnJFq87RrbnFiL6sAICY6gow0mydgjrFGMCo6kuysVK6ZO324bldEZNBoBPC5aQSwiIiIiIiIiIiIiG/SCODB5XO/3V61eguOFicAluAgMtJs3LbkKopK7Ly9ejP28kpPiEvJyeNioiPIzkpj8cLZNDuc5BcUU1XTFQ6X9L6GLSGWRQtnk5Fqo9nh7AyXq+upqq6ntKxCAbCIiIiIiIiIiIiIiIiIjEg+NwLYXlbBfz23AkeL87T1eZsdTp76/QrsZRXYEmKZPTOT11euB+DOL1/H7JmZnrY7C4r582vv0+zoPI+9rAJ7eSW2xDge+vbSXusDd68zbAkO4t/uXYotMW74blhEZJBoBPC5aQSwiIiIiIiIiJyv2pZyDtRuxV7/GRWN+6lusdPUWk1rezNufOpX6nIGBgyYjSGEmq1Yg23EhaVji5jC+KhZRAUneLu8AdPz6f/8/Rk+E40AHlw+FwBD7xD43juXMC0rDYBnX15JfkExtoRYHrr3NkIsQWzeVsjLr70PwPNPP+g5x/2P/Y5mh5PblszjmrnTO8Pj517HXl5JdlYa9925BICiEjtPPbdC4a+IjHgKgM9NAbCIiIiIiIiInEtTWw15R//BZxXvUNVcSqo1l+SIbMaEZWC12Agzj8JsDPH8TkR8lxs3re3NNLaeoNph51hjEaX1+ZRUbyEmJJkpcdeTE38zoYHR3i71vPV8Pkvr8r1djnhRcmT2iHyG+6IAeHD55G+3bYlxZKTZyC8oJsQSxNqP80hKiCUmOgKAa+ZO94zgnT0z0xMAV1XXs3l7IbNnZGIJDuoa/ZsFQIgliEULZ/PcyysJsQRRVGLnSHkl1q5z2hJjFf6KiIiIiIiIiIiIXGRqW8r5qPR5tthfYXrCLSwY/wPSrXO8XZYMgAEDQcZQgiyhxFhSev157q/eSP7xt/mPDTPItd3Blcn3+PSIyp7Pp0b3CkBpXT6ldfm8s/+JEfEMi3f4ZAAMYC/vXOf3uZdX0uzoXBO4O/Q9UV13sl3XesAhliB++PPnAVi1erOnrb28goxUW6+2+QXFbN5W2OucVTX1Q3o/IiIiIiIiIiIiIuJb1h58hg8O/JorU77Fo1d8Qrg51tslyRBLt84h3TqH61IfYmPpyzy56QquHf8A88d919ulnab7+VTwK2fixs1m+1/YYn/FZ59h8Z4AbxdwNlXVnYFss8PJhNQkYqIjPEFwUYnd0+5Ezcl2ANlZaZ7Rv3Ay9O15XLPDSUx0BBNSkzztuq8nIiIiIiIiIiIiIv6trKGAZ7ffzLGmffzb7HV8Ie3/KPy9yISbY/lC2v/h32av41jTPp7dfjNlDQXeLgs4+XyuOfArhb/SJzdu1hz4lU89w+J9PjsC2JYQi8USxOKFsz0jeDdvK+S1tz7ElnByquZRXVM4z56ZyeIFs4mxRlBVXc+qNZvZvK2QGGtkj3PGYS+rZPHCXK6ZOx3oDIVXrd6MoysIFhERERERERERERH/lXfsTVYUPsRNE3/GrMTbvV2OeFmMJYWvZj3D1rLlPPPpEpZmPkXOmJu8Vk/386ngV/qrtC7fJ55h8Q0Gt9utXkRExA/kFxzsV/voMDMGg8HzBZzzNT1f07mWyhnb9fje17ZTX5/Pz31tP5v+treE+OxnpERERERERETkAn1c+iKb7H/m9qzfkBKZ4+1yxMccrstjecH9XG77Olckf2PYr/9x6Yv8c//Ph/264n9uSH/UK8/wQDiaXd4uwa/47BTQIiIiIiIiIiIiIiKD5ePSF9lWvoJ7cv5b4a+cUUpkDvfk/DfbylfwcemLw3pthb8ymP65/+fD/gyLb1EALCIiIiIiIiIiIiJ+Le/Ym2yy/5l/mfonYiwp3i5HfFiMJYV/mfonNtn/TN6xN4flmnnH3lT4K4Pun/t/PmzPsPgeBcAiIiIiIiIiIiIi4rfKGgpYUfgQt2f9RuGvnJcYSwq3Z/2GFYUPUdZQMKTX6n4+RYbCcDzD4psUAIuIiIiIiIiIiIiI33qr6EfcNPFnmvZZ+iUlMoebJv6Mt4p+NKTXeavoR7hxD+k15OLlxj3kz7D4JgXAIiIiIiIiIiIiIuKX1h58hqjgRGYl3u7tUmQEmpV4O1HBiaw9+MyQnH/twWcorcsfknOLdCutyx+yZ1h8lwJgEREREREREREREfE7tS3lfHDg11yXqul15cJdl/oQHxz4NbUt5YN63u7nU2Q4DMUzLL5NAbCIiIiIiIiIiIiI+J2PSp/nypRvad1fGZAYSwpXpnyLj0qfH9TzflT6vKZ+lmHjxj3oz7D4NpO3CxARERERERERERERGUxNbTVssb/Co1d84u1SBqSi8C6ePrb+LHuDMBnnMXHMd7hxQibhGu41ZOYk38nPP76Ma8Z9j9DA6AGfr/v5HPEilnF7+t1kRNiwdD9/bicOZyElx1awtmQFI2fM6ZM8OH8pcdRTsj+bP5V6u57Bt8X+yqA9w+L79FeCiIiIiIiIiIiIiPiVvKP/YHrCLYSbY71dyuAwpBFuyuz9ZYzA1b6agrJF/GzzCio6vF2k/wo3xzI94Rbyjv5jUM6Xd/QfI370rzXlrzw246dkR3WGv652Z+cXQViCc8ga+yT3zXmJqyO8Xal0c+MetGdYfJ9GAIuIiIiIiIiIiIiIX/ms4h0WjP+Bt8sYPBFP8tiMnNO3N27h1e1fpcD5Q5bvu477J/pO2tY9ejluzFYezBz5QXz26EWsOfBLrkj+xoDP9VnFO4NQkRdZHmHZ+FzCDeCoe4G3Cp8g39G900b2+EeYb1tIXFAqo5VC+ZTPKt4ZlGdYfJ9GAIuIiIiIiIiIiIiI36htKaequZR06xxvlzL0wnK5PWkZAOXVW2jwcjn+LN06h6rmUmpbBjapcW1LOaV1+YNUlZekzCMhAGjPY8P2nuEvgJ38A9/m6U8fYMuRVayu9lKNckaldfkDfoZlZFAALCIiIiIiIiIiIiJ+40DtVlKtud4uY9iYrJnEAbTX4eirsQxIqjWXA7VbB3SOgR7vC+aGxHW+aClm3dkaOVbxVtHTKP/1Pf7wDErfNPheRERERERERERERPyGvf4zkiOyvV3G8OkA1xl3OCnf/wJ/L3uF8vZKIBZr6D0svORusiNPaeooZkPh02xoWE9DhxMMacSFLGV+xt1kR5/StHI97+x7mp0thbgIwhS4kJm2R7lxXOc0z91TP3erODaLh491vs5KPcCysYN0316QHJGNvf4zcsbcdMHnsNd/NogVeUeBs47riYCQXG4fBctPnP+x1qSf8uWUJSQGRWAyAB31VNSs4J38J9jbs2HEUhaOXcbM6DTCTUGd2zrqqa5bweo9vUcd33LZAWaGQsXRK1nb9iQLE3KwmoJwVP+Yn+x8FYAE26+5NWUeceau67qdOJq3sO3gj3nnuL13kYbFXJ/zIDOjbFgMgLue6trTrztSDfQZlpFBI4BFRERERERERERExG9UNO5nTFiGt8sYNg0nPuwcZWlJI86z1UnB9kX8pvRpytsh3JRJuBGqm55g+fa7WNczsHPmsXzrAt6pW00DaZ1tAyqoaHqC5XmLeOfYyaaOQ0/wn5/dxbaWYjBmEm5Kg7ZVbDkwl98UdoZoJlNc1zm6QruAzM6fu2oYycaEZVDRuH9A5xjo8b6g+ujOzmfOYCN7Sj4PTnmQmdG2Po+zpvyV72UsIyU4ApPbiavdicsQQVzM3Sy77EkmelrezTenPcnVsZmEm4I627U7ISACa/Td3DrlSVLPcH5LxIvcmpyLtTsw7jJx0hrum7CYhKAITHRdlyAsofOYm/kit/T6QEQQCSn/ydxoG4EdTlwdgKHrupkPYr2A98vX+MMzKH3TCGARERERERERERER8RvVLXaslr7DqBHP5aS89He8WrYaSGPmmBzProZ9D/NqXTEEPcn9ly0loSsJcBx9gec+f4LVB7Ywd1QuJqDh8CvktwNhL/HYzHmEdw0bc1Vt4e9780jtTpXrV/NyyQs4mMfVU15iYWzXdkcxb21fwJZjL5Cf9lOyM57ksYyTI4Hj4l7iwcxY/IHVYqO6xd53w3MY6PE+ofoBVtpT+bItE4shgrjY+7gl9j5u6ainuj6PohPPs+Hwlt7TP1seYdn4XCw4qTj2MC8Xrur64MIyluX8lKzQJVw97ofsPQjwAnurrsLhWMnakhV4Vqwd9XsenroQa1gus61Qcsr80uGhaTgaV7G25HnWnSj0HLMkPg0T4Kh5mj/lPdt1vkxmTvgpV0cWsq6u51mCsBiLyS/4BsuP2wEb2VP+m9tjbZgi5pHL07wzyG/ncPOLZ1D6pABYRERERERERERERPxGU2s1YeZR3i5jcNXdwsNrz7YzjVTbi9yS1P1zJduOrwIymZt+MvwFsMTfzfwjT7C8/n12OnOZGQRtrnoAwi1JnvAXwBSTy+2Xn1xLucL+OoeB8NhHToa/AJY0bky6my0HXmCn/RGy03qPvvQnYeZRNLUObFXbgR7vK/buW8RvK+9m4fhlZER2TZUcEIE1ah65UfPIHVtMfsk3WH6kM2y0jptHQgDQsp63usNfAMervHrkOn6SlktizINw8GkANhR89fSLnthBjWshVpMNawyctsCwczWvbX2g11TSc5NzO0fttq7nHU/4C1DItn23sO0M91Ze1h3+AtjJ37+ThbE2rAYbiclAab/eKp/jL8+gnJsCYBERERERERERERHxG63tzZiNId4uY3AZ0gg3ngxWHa5CXEB42K9ZlrmYlLAebTuKKWsFsLNt7yJ27u19Kld7576GJiAIrGNuJOHoesorv89z+fdw9ZhcUkbFYjklPShv7lzX11H9fX720Sn1uTvDsmpnPeAfo33PxGwMobW9eUDnGOjxvqS65gWW73gBgIRRy5g8+jqyonOICwoCUxrZ6S/S1ryAN6ohK7hrKHnQPO6at6f3iQxBnWGVqeezk8nM1GVkReVgDYwkPDiCQMDUNY24KfD0ehzNO3qvI4yNxOCIzn1Nm88Y9p6uHsepI2QdLWdZZ3tk8qdnUM5OAbCIiIiIiIiIiIiIiC+LeJLHZpyc4hmXndWfLGBd48O8dXga92f2mPK61k4FAPU4XIVnOeEWjjcCVsC6mG9OauG1fU+wt+oBXq4CCMIUtIyFqQ8yNz4IqKS6pevS7YU0nOWsFS12/DkAlrMrP/Eq5SdeZTWQYPs9y9IXYg1IY6JtMVSvIs7cGcRiCPKEuKcx28gFtnA3y+Y8SFbQQEeTLyT8DEGxyMVAAbCIiIiIiIiIiIiI+I3uUZpBxlBvlzJ0TDYWTvopBTt/SPmxH7Mu/iWutnbtC43DClSwjFvm/JSZ55GhWeKXcmf8UlwtlZQdL6Sk8hXW1r3AO5/n0WB8g+vjIgg3A60wMWUPd/rxNM/nMhijy83GEJztTYNUkW8qt3+bksQDWEPBZOwc+dvgcgJBuOqe5dHtT5/7BOlLusLfesrLnuejE+vJP1EI3M03r3yE1PNOtgpxuFASdgq/myFBziig7yYiIiIiIiIiIiIiIiNDqNlKY+sJb5cx9KxLWBhpA9azev96HN3bg1KJCwRYz+GK/p3SFBxLSso8rp7xEj9MXAjksbeyEggiMaRzBPLh+uJ+nbOhtZ9F+LDG1hOEmq19NzyHgR7vEyx3s3Bc5jka5GLpGuXrau/88y9u6fxusmQys6/zB3Z9wMCxnlf3PtsV/gJEYjL0p9AtlLU4O0sOnd33dS8SfvEMSp8UAIuIiIiIiIiIiIiI37AG26h22PtuOOIFkTXhQRIAGn/HuuPd223MHbMYsLOt5Mdsq+l9VMORFby6++TU0K6SZ/nT7jwqWnu3q2g5AuAJ3BJS7iEFcNR8n5f3V/ZaE9VVX8i6ba+yt+PktrjQNAAcdevZ6ycLqFY77FiDbX03PIeBHu8LZk64h6vHv8HD059kbvQp92PJZe6UJ5kYDGDncNkqAEpKVlPeAZjncf2MR8i2nDzEGn03t89aw53xXRvaOkNbgqexcHT3+TO5OmcZKWebPvos1pVv6Zyy3DyP63Pu6/zvBQAb2el/5eHpP+Vii0P94RmUvmngu4iIiIiIiIiIiIj4jbiwdI41FpFunePtUoZexGJusP6OP1XnsaFkNXNHLyQcCE97kBurP+etpld5I28FbxnTsBiAjmIaOpwQ8CAlZJKKk4Lq31FS/zRPVwRhOrUdi7k0qWtN34iF3GJbynP2FewtncWjRzIJDwDcFTS0VwKxzCxfxsSkrtqSlzDz0Atsa3+alz/+kJSwXKIjlnB7RpoX3qjBcayxiLiw9AGdIy4sneKazYNUkXc0OCpwuGOxRi3l+pylXN/hxOXu2hkQ1PWhAScVR3/Mq92D8R1PsLosly/bMrFE3s3tucu4tesDAyZj54jfhrilcHQF7H+VvWOeZKLZRnbWR2Rd4uw8r7uYipYI4oL7UezRH7Mh7g0WjorFEv0g91/9HVwdPep0x3J1JLxRNxjvzMgw0GdYRgaNABYRERERERERERERv2GLmEJpfb63yxg2qakPkgKdAVv3wOcAG7mXreHhcY+QYrZBeyENrkIchhxSYv7Kg5ffRyoAQWRP38r9yb3bNbhtxIX/lDtn/JrciJPXipvwJI/l/JXc0Fws7q62HZHEhT7C7dkbuCWpR2EBmdwy420WhudicedxuP5Zyl2Rw/SuDI3S+nxsEVMGdI6BHu8L9u5bxE+2/5B1lXlUtzlxGYIwGbu+3PU0NK5nQ8ECnv58/WnH/bbgBfY21ePi5DGutmL22n/IS7tWdLVcwcvbf0x+Yz0ud2dAbHIVk7//Gxxu72+1djbsuoW/H1xNRZsTumulq87Cb1xU4S/4xzMofTO43W53381Ghn0lRygqsWNLiGVCqo0Qy8W5EL2IXJzyCw72q310mBmDweD5As75mp6vAQNnadfje1/bTn19Pj/3tf1s+tveEqJJMkRERERERERGotqWcn776WJ+NHe7t0sRP/P4hhl879JVRAUn9N34LGpbyvnFpotgdLr4gKNsygAAIABJREFUrH+/fOOAnuGh4mj2k7nifYRf/HbbXlbBs39eSVV1vWdbjDWC+76+BFtinBcrExEREREREREREZHhFBWcQExIMvurN14c00DLsNhfvZGYkOQBB2dRwQkkR2ZTWnfxjFIX35Ecme2T4a8MvhE/BbS9rIKnfr+iV/gLUFVdz1O/X4G9rMJLlYmIiIiIiIiIiIiIN0yJu5784297uwzxI/nH32ZK3PWDcq7BOo9If+nZu3iM6AC4O/xtdjgBsCXE8tC9S8nO6lxEvtnhVAgsIiIiIiIiIiIicpHJib+ZHeVv0NBa6e1SxA80tFayo/wNcuJvHpTz5cTf7FleTWS4GDAM2jMsvm/EBsBnDn9vIyPVxn13LlEILCIiIiIiIiIiInKRCg2MJtd2BxtLX/Z2KeIHNpa+TK7tDkIDowflfN3Pp8hwGsxnWHzfiAyAzxb+hliCPG3uu3MJs2dmAgqBRURERERERERERC42Vybfw0eH/0iV47C3S5ERrMpxmI8O/5Erk+8Z1PNemXyPRgHLsDFgGPRnWHzbiAuAzyf87Xbnl69TCCwiIiIiIiIiIiJyEYoKTuDa8Q/wfslT3i5FRrD3S57i2vEPEBWcMKjn7X4+RYbDUDzD4ttGVADcn/C3m0JgERERERERERERkYvT/HHfpbaljK1ly71dioxAW8uWU9tSxvxx3x2S888f912SI7OH5Nwi3ZIjs4fsGRbfNWIC4AsJf7vdtuQqhcAiIiIiIiIiIiIiF6EbMx7nzb2Pcbguz9ulyAhyuC6PN/c+xo0Zjw/pdW7MeFxTQcuQMWAY8mdYfJPB7Xa7vV1EXwYS/vb0+NOvYC+vBCDEEsRD316KLTFu0Os9F0dLK7994R8UHyw7bZ/JZCQuJopZ0y/hqsuzsQT37/4uRG1dI794pvPTb//+3duJigw7Z/uDpUf51R//h8T4UXzv7puxBJuHvMbB9vaaLaxavZmZ2Rl8c9kN3i5HZNDkFxzsV/voMDMGg8HzBZzzNT1fg+cfpqe16/G9r22nvj6fn/vafjb9bW8JMfWrvYiIiIiIiIj4rrxjb7Km5Jfck/PfxFhSvF2O+Lgqx2Gez/saC1J/QM6Ym4b8ennH3uT1wgeH/Dpy8bkt8+lheYYHg6PZ5e0S/IrPjwAerPAX4KF7b8OWEAv4xkjgjFQbuTMmeb7GJ8dzoqaeN9/dyKO/eInCokNeq01ERERERERERETEX+SMuYnLbV/nL7u+SZXjsLfLER9W5TjMX3Z9k8ttXx+24CxnzE3ckP7osFxLLh43pD86YsJfGXw+PbxpMMNf6Br1e+9tPPXc69jLKz0hsDdGAgNcPWcaOVPSe21rbW1j9frtvLt2Ky/89V2+c9eNpI7VwtwiIiIiIiIiIiIiA3FF8jcAeD7va9ye9RtSInO8XJH4msN1eSwvuJ/LbV/3PC/Dpft6/9z/82G9rvinG9IfHfZnWHyLz44AHuzwt1t3COxLI4F7MpsDueHaXK6/5jKamlt4458bcLS0erssERERERERERERkRHviuRvsCD1B/x++61sLVvu7XLEh2wtW87vt9/KgtQfeC04uyL5G9yW+bTWBJYLZsDAbZlPK/wV3xwBfGr4GxMdMSjhb7fuEPjxp1+hqqbe6yOBT2UwwBWzJvPJjs+xl1VwpLyC9PFJQOcI4W35RXy4KZ+yYydwudoxmwOZMXUCty66krBQi+c8rvZ21n28k3Ubd1Jd24DBAKNjo/ni/Mu4dNpEAgJ6/yXS0OTgzfc2sn3XPlpb24iKDOPm66/gspxJnGnpzOqaela+v4ndew/S3t7BmLhobltyFZMmjO3VvqPDzac79/Lu2k84XlmD2w3WqHCumjONq2ZPxWwO9LTtz/396dV/si2/iHu+dj21dY18sGEHTmcr99/zJVLHJlBVU8/K9zaxY/d+2tpcxMZEceuiuYP0pyQiIiIiIiIiIiIjUc6Ymxgdms5bRT+iuGYz16U+pHWBL2JVjsO8X/IUtS1lfPfSlSSGZ3m1np7PZ2ldvldrkZElOTKbGzMe9/ozLL7B+JOf/OQn3i6ip1PDXwBbYizzZk8d1OsEBprYWVBMVU09AG2udrblF5GVMZbIiNBBvVZPLlc7W/P2UF3bwMzsDOJHx5y5PpOJvcWllB07gS0xjvEp8QC8/cEn/H3VR+CGiWk2UpJG43C0UFRs50h5JTmT0zEajbjdsPzNdby7diuBgUamXDKeuJgojlZUszVvDwEBBjJSbbQ4W9n4aQEOh5PPPi+huqaeSRNSsAQHcayims8+P0D8aCsJXXXW1jXyyY49dHR08MmOz2lqdjJpQgrBwWaOlFeyNW8PgSYjaeMSO++3vZ1X3/iAVas343K1k5UxjqSEWCqqatm5u5iDpUeZmplGYKCpX/cHsOOzfZQfq6L0SAXbdxUREGDAEhzEpIwUDIYAfvXHNygqsWONCidr4jjMgUbWbdxJTW0DDU0OEseMYvrUCUP2Zy0y3I5V1ParvcVsxGAweL6Ac76m52vwfBLxtHY9vve17dTX5/NzX9vPpr/tAwN9dpIMERERERERERmgiKA4Lk24jcqmEl797Nu0dTgZEzaBIOPQ/W5YfEtDayXrDj7L3wq+x9TR13Nb5i+JCPL+ADE4+XwGGAI4ULPV2+WIjzNgYMH47/vUM3whXG0d3i7Br/jcCOBTw9/h1D0S+Dc/+45Xrt+T0RiAuSsU7fl+zJ01mUunTSQ+LsYzyra1tY1nXnyLfQeOcKD0GBPTbNQ3NFG49xDW6Aj+z723EWONADpH427fVURS1xTY3RwtTrKzUrlj6QJMXQHy22s28/aaLWzbWUTO5Am9RvWeqK7j+mtmsXjh5Z6RxJ/u3MvLr73Puo355EyZQNyoKPbsK2Vr3h5iYyJ54Ju3EBsT6bmnZ196i73FdrZsL2T+FTn9ur+eWpytfPcbNzH5kvEYDOB2w6t/X0PFiVpyZ0zy3BNAyaFyfvfSW4PwJyQiIiIiIiIiIiIj3fxx32V6/Jf4qPR5fv7xZUxPuIXs0YtIt87xdmkyRPZXbyT/+NvsKH+DXNsd/PDyj4kKTvB2WWfU8/ncYn8FN25vlyQ+xICBXNsdXJl8j88+w+I9PhcA91zzF8BeXjnk1+x5LW+Fz+fLGh1x2jazOZDwMAttbS6am1sACAgwYDIZaWxy0Njs8ATAAQEGLp028bRzhIdZWDhvpicoNRhgQqqNwMBt1DU00eJsxRJs9rSPiY5gbu7UXtNIT8tKY9P4JD7fd5h9B44QNyqKT3fuweVq58rcqZ7wFzqn4V4wbwYlh8vJ+2w/cy6dTFBQ4HnfX09Xz5nGlEnjPT/XNzSxZ38pYaEWrp073XNPAONTEpiWlcbHW3ef/U0WERERERERERGRi0ZUcAJLJvyYa8Z9j7yj/2DNgV+yvOABUq25JEdkMyYsA6vFRph5FGZjiNZnHQHcuGltb6ax9QTVDjvHGosorc+npHoLMSHJTIm7nv87dzuhgdHeLrVPpz6fn1W8o6mhL3LJkdlMibuenPibR8QzLN7hcwHwQ/cuxV5WweyZWTz78vCM1LRYgrjvzhvZvK3AJ9YABmhv76C1zQXQa+3jFmcrH27KZ+uOPdTUNZw1sA4PC+H/s3fvYVHed/7/XzczDAwKCggqOKCCZ03USC0kmpikMW3qoW2iSXd7sN3sNzXtr7tteu23m7263X433XbX7Wk39pBu3U3bK9F206hNG83BRA3E4AETiGLA0wgqh+HMMDPMzO+PkZGRMwIzwPNxXXNxHz73Z943znXJdb/m8/ncmXuL/velQ3rqR7+9Ng3yTC1bMkfzsm0hoagkRUdHa0JcbMixGIu5S7sOiZPjZY0NXZM5OtqsKUmBkLeuvkkul0eOuiZJCh7vLCE+TpboaNXUNcrZ5lJMTHS/76+z9GlTQvYd9Y1qaW2T1Rqj+IlxIecMI1A7AAAAAAAAAHQ2ITpRqzK+qFUZX1R9W6XO1h+RvfFdna45IEebXS1uh9zeVkZhjgKGDFlMcZpgSVJSrE2pE+dowZS79UD2N0ftSMmePp9VzR/w+RyDuvsM2xJu0ezJK0ftZxgjK+IC4HlZNs3LsvXdUFKto1Hf+cGzfYaET2zd1GefcdYY3bv6tn7XOdyaW5y6UuVQjCVaGddCabfbo5/9z16VlJ6X2WxS+rQpSpsWWJv3zNlLqnU0hvRx7+rbtGzxHB05cUolp8+r4NgpvVnwrpImx+tLn9+gmbapw3oPPr9fPn///7MZ6P31JCoqasBrfQIAAAAAAABAh8mxaVo+7RNaPu0T4S4F6ILPJ4C+RFwAPBA1dQ39GiFaWmbvd6gcCfx+6dCR91RVU695WTZlzggEtfWNzbp0uVoJ8XH6xtbNmpaaFGz/82f3dhuQJicl6GP3rNTH7lkpn8+v/MJi/eZ/X9WfXzuiv/7MxwddY119k5xtrpBpod1uj6pq6iVJ01ISZY21aEpSgsrOVajG0dClj8amVrk9HtnSUmSNjRnU/XVncsJExVlj1NLaprqGJk2eNDF4zu8P1A4AAAAAAAAAAACMRVHhLmCo5OUs0rr7coOvvJxF4S5pUNxuj/74SoFeevVtTYiL1caP3i6LJVqSFGOxKNrcNbM/e6FSpeX2kGOtTpfePnZKbS538FhUlKHpU5NliTarucWp9nbvoOusrWvUwYKT8vmuj/AtKilX2fkKJU6KV6ZtmiTpQ8sWyGw26c2Ck6quvR4Ctzpd2v/GUfl8fi2/ZY5iYqIHdH+9SYifoEXzZ8rZ5tIrB4/L7faE9HWiuGwwtwwAAAAAAAAAAABEvFE9ArizvJxFIaN8S8vtyi8s6fUaW1qqzpRfki0tPOv+vn74hIpKroeRtY5Gnb90VW63R/ET4/TFT39UWTOvz+XeEWy+mX9S3/uP57RwbqacbS6du3hFJlNoln/efkX/s2uf/meXglMpt7W5dbrsotpcnmDo6mzrewR1dyYnTNThd4pVWHRGszKmqbauUWcvVCoqKkoPrlut1CmTJUkL5mZo5fIFyi8s0f/7wbOan50hs9mk0nK7GptatWBOhnJXLBrw/fXGMKS1d+Xo1JkLKjxxWqVlFzUvyyZnm0vl5yuVOClezS3OQd03AAAAAAAAAAAAEMnGTAA8GA9vXKOHN64J2/vfOKrVbDYpNXmyVt62QGtuXyprbEzIecOQNq27U4kJE/XqoeMqLCpVSvIkfX7zWh05cVpHi0qDbRfMydTXH3tIf3zlbX1wrkIXLl1VVJShqSmJ+vhHcpWzdP5N1T4leZIe+cTd+sOfDunYu2fk8/mUkT5Vn3xgleZnZ1y/J5NJn33oPs3PztCfXntbJ98vl98vJU2O14Pr7tSavFuDI5wHcn99SUmepG88vlkv/PGQjr33QbCvv3zwI7paXac9+/Jv6v4BAAAAAAAAAACASGT4/X5/383C49+279SZ8kuamzVD39i6ucv50nK7tm3fJUl6YuumLiOAO86tuy9X69fmjUzRABAmRcXnBtQ+caJFhmEEX5J63VbnbUmGemjX6Wdfx27c7s9+X8d7MtD21rhx/R0pAAAAAAAAABgxztb2cJcwpoyZNYABAAAAAAAAAAAAYLwb9wFwraMx3CUAAAAAAAAAAAAAwJAY1/NbPv/iAb126LjychZpy8P3h7scAAAAAAAAAAAAALgpo2IEcG3d8IzSPXP2kiSpxtEwLP0DAAAAAAAAAAAAwEgaHQGwo1Gl5fYh7bO03C57RZUkKc4aO6R9AwBGP78/3BUAAAAAAAAAwNjHs9ihF9FTQN+es1hnygOjdLfv2K3NG9ZoStKk4PlLldX96qe2rjHYjyTZK6u0Z19+cH/Z4uwhqhgAMFb4/X4ZhhHuMgAAAAAAAABgTPOTAA+5iA6A83IW6a3CYp0pv6RWp0s7nn95UP3kF5Yov7Ck23Nzs2YoL2fRzZQJABiD+JsDAAAAAAAAAIYfz2KHXsRPAf34lo26Z9XyAV8XFxvTZ5t7Vi3X41s2DqYsAMAY5/fxVwcAAAAAAAAADDeexQ49wz9KxlXXOhp1sbIquG5vZ1OSJnU7ire03K7Ssq5rB9vSU5WRlqrkpIRhqRUAwqGo+NyA2idOtMgwjOBLUq/b6rwtyVAP7Tr97OvYjdv92e/reE8G2t5kMmSJMQ3oGgAAAAAAAADAwLhdXnm9oyKuHDVGTQAMAOgdAXDvBt5eirVG9EoJAAAAAAAAADDqtTnbmQZ6iEX8FNAAAISD3y/5mHoEAAAAAAAAAIaNz+cn/B0GBMAAAPSAaUcAAAAAAAAAYPjwDHZ4EAADANADb7sv3CUAAAAAAAAAwJjFM9jhQQAMAEAP/H6+gQYAAAAAAAAAw8HrZfrn4UIADABAL9r5BhoAAAAAAAAADDmevQ4fAmAAAHrh8/oZBQwAAAAAAAAAQ8jr9cvHc9dhQwAMAEAf2j18Ew0AAAAAAAAAhgrPXIcXATAAAH3w+fxMRwIAAAAAAAAAQ6C93Sefj9G/w4kAGACAfvC4ffL7+aMEAAAAAAAAAAbL7/fL42awzXAjAAYAoJ/4wwQAAAAAAAAABo9nrCODABgAgH7yev3ysDYFAAAAAAAAAAyYx+OT18ssiyOBABgAgAFo9/hYDxgAAAAAAAAABqC93ad2BteMGAJgAAAGyOMmBAYAAAAAAACA/mhv9zH18wgjAAYAYBAIgQEAAAAAAACgd4S/4UEADADAIHncPtYEBgAAAAAAAIBueDyEv+FiDncBAACMZu0en/w+v6ItUTIMI9zlAAAAAAAAAEBY+f1+edw+eb3+cJcybhEAAwBwk7xev7xOr6ItUTKbmVwDAAAAAAAAwPjElM+RgQAYAIAh4nH75G33yxwdJZOJ0cAAAAAAAAAAxgev1692j08+H6N+IwEBMAAAQ8jn88vt8irKZMhsJggGAAAAAAAAMHZ5vX61t/vkY7rniEIADADAMPB5/XJ7vTIMyXQtCI6KIgwGAAAAAAAAMLr5fP7AsnjtPvnJfSMSATAAAMPI75faPT61eyTDkKKiAkGwEWXIMCTDCPwEAAAAAAAAgEji90t+vz/w0+eX79qL0DfyEQADADBC/P7AlChepkMBAAAAAAAAAAyTqHAXAAAAAAAAAAAAAAAYGqNiBHCr06Wduw+oqLhMrU7XkPadl7NImzesUZw1Zkj7BQAAAAAAAAAAAICRFvEBcK2jUd/5wbNDHvx2yC8skb2yWt/62meGpX8AAAAAAAAAAAAAGCkRHwA//d+7g+GvNTZGtvQUSZItLXXQo3ZLy+2SJHtFtZxtLtkrqpRfWKK8nEVDUzQAAAAAAAAAAAAAhEFEB8D2iirZK6okSba0FD2xdfOQTtV8orhM23fsliTVOBqGrF8AAAAAAAAAAAAACIeocBfQmxPFZcHtdWvzhnydXtb9BQAAAAAAAAAAADCWRHQA3BlhLQAAAAAAAAAAAAD0LmID4BPFZTpTfim4n19YEpwOGgAAAAAAAAAAAADQVUSuAVzraAyuzdshv7BE9spqfetrn+nxuvzCEhUVl6nV6ZItPVX3rlqu5KSE4S4XAAAAAAAAAAAAACJCRAbAVmuMrLExcra5Qo/HWrpt3+p0adtPd4WMEC4ttyu/sFhPfGmTbOmpw1ovAAAAAAAAAAAAAESCiAyA46wx+t4/PKqduw8ov7BEkrR5w126d/Vt3bbfsy+/2+mhO4Lhf3ny0YhZQ9jZ5tZPfvmCys5VdDlnNpuUmjxZK29boDW3L5U1NrRmj6dd+984qqs1dVq+ZI6WLs4eqbIBAAAAAAAAAAAAjAIRGQBLgRA4OfH69M29jeJ97dBxSZI1Nkbf2BoY8bvj+ZeVX1iiVqdLRcVlystZNOw1D9S8LJuSEuOD+7WORp2/dFV/+NNhvXrwuL746Y9q0byZwfPtXp+KS8+r7FyFUpInhy0A3ru/QHv25Stn6Tz99Wc+HpYaAAAAAAAAAAAAAHQVsQHwYCxbkh0MivNyFgVHD9c4GsJZVo/uvmOZlt8yJ+SY2+3RvjeO6k+vHdEvf/snffkLG5U1M01SYArsv/vyw+EoFQAAAAAAAAAAAMAoEBXuAnqyc/cbyj9aErJ/oris12tKy+1qdQbWDe4IfyVpStKk4SlyGFgs0fr4R3L1wL0fVktrm37/x4NytrnDXRYAAAAAAAAAAACAUSAiRwDbK6r06sFjXY7tfPGAlnUz7XHHaN9aR6O++g//GXLOGhsz6tbKNQxp1colevvY+7JXVOlSZZXmzJ4hSfrFr/+owqJSfelz64OjhzuOPfqXD6i+oVmvHDwml8utrz76KWXNTJOzzaXdL+fryPFTam5xymKJ1m1L5uiTH1+lyQkTQ977xrZms0m2tFR94mN3qLW1TT97dm+wbWFRqQqLSiUppJ7aukbt/vNbOvl+uVqdLlks0ZozK10PrlutGdNTgtefu3hZP/z5/yp9+hRtWn+nXvzzWzpz9pJuXZilO/Nu1dO/elGTJ03UN7Zu1qSECSF1fnD2kn78zAuaPjVJf/t/HoqYNZ4BAAAAAAAAAACAcIrIEcC29FTNzZrR5Xh36/i2Ol1yXhv12x3DkOyVVUNa30iYOMGqaalJcrk9uljRv/r/8KfD+t3eN+V2e2SNjZGzzaVWp0v/+V8v6vXDJxRnjdXK5QuUkZ6qIydOadv2XXLUNQavr65t0D//8Dd67dBxmc0m5SydpyXzZ+lKVa1++t+71eZyK3fFwuA028lJCcpdsVC5KxYq6dp6zWcvXNZTP/qt3j5+SomT45W7YqEy0lN16oML+pefPKfCE6e71H212qEf/vz3Ol12URPjrPL5/ZoxbYpmZUxXVU29SkrPh7T3+6WCo+/L7WnXmtuXEf4CAAAAAAAAAAAA10TkCGBJ+sbWzdqzL1979xdIkp7Yuknzsmxd2m376S7ZbwhIkxMTVHst2Gx1urRt+64er49UJlOULNGBf57WXgLuztpcbn3li5/QkgWzZRiBoPS3L7yqM2cv6YF7V2r92tsVFWVIkt45cVo7nn9ZB/JP6lMPrFK716tde95QVU29clcs1Gc33SezySQpsC5x2flKzc2aods/tFh79xfIXlGl2RnT9YVHPhp8f7fboz378tXc4tT6tXl64N4Pywi8XfD99r5SoLnZNk2Kvz6it6nZqdtumavPbb5P1tjrYW7uioUqLbfrZEm5Vi5fIJMp8H2F6tp6FZ8+r9Qpk7Vo3szB/5IBAAAAAAAAAACAMSZiA+D+2LMvPxj+WmNj9PgXNgRD3lpHo57ffUBF19YN3vH8y/rek4+GrdaRcPcdy3TLwtnB/eaWVpWW2TUpYYLychYFw19JWrJgljLSU3X2fKVcLo9qHA0qP1+hSQkT9PGPfDgY/kqBdYkXzs3s8/0vVzl07uIVpU6ZrFUrlwTDX0lauihL2TPTVVpu17kLl0Om5U5OTNCmDXeFhL+StGjeTKVOmawzZy+p8kpNcOTxe6fOqq6hSfff/aEuU0MDAAAAAAAAAAAA49moDoBfO3Q8uP2NrZuCAaEUmJ748S0b9PSO3SoqLlOto1H5hSXdTiMdibxen9yedknq9xTH6dOmhOw76pvU2NSqVmebnvyXX3V7zZSkSWpzuVVdW6/mljZlzUxT/MTBhap19U1ytrmUNi1ZFkt0yDmLJVrxE63y+/2yV1aHBMCJk+O7hL+SNClhgpYtmaOXX39H7xSVypaeKrfbo6Lick2cYNWHls4bVJ0AAAAAAAAAAADAWBWxAfC27btUWm4P2V93X67Wr82TJJWW24NTIycnJaiopFxFJeVd+ukcnpaW20dNANzc4tSVKodiLNHK6BRsD4TP55Pf71eMJVqL58+SxdL1n3tCnFXR0Sb5fH75/f6bqnko+rjRh5bO0+Ej76mouEz33XmbrlQ5dO7iZS2aN1NpNwTeAAAAAAAAAAAAwHgXkQGwvaIqJPzt8OrB48EAuLNaR6P27Mvvs98aR8OQ1Dfc/H7p0JH3VFVTr3lZNmXOmDqofpImJ2hCXKxcbrfW3Zer9Ok9B6bJSQmKs8aqurZeTc0tssZaemzbsRZvT300NbfK7faE9OF2e9TU7JRhGLKlpfT7HtKmTdHc2TN08v1ynb1wWSdLytXu9SovZ1GPdQAAAAAAAAAAAADjVUQmaLb0VN2zarmSExOuH0tL0cMb1wT3pyRO6nba4N4s6zTtcKDPwY2sHU5ut0d/fKVAL736tibExWrjR2/vMp1yfyXET9Ci+TPV1OzUvjcK1e71hpyvvFKrqpo6SdL01CTNypimhsYW/fGVt0Paut0enS6zy+v1SZLSpibLMAxdralXc4sz2K6jj6qaeh068p46DwYuKilX2fkKTUtN1KzM6f2+B5MpKjhq+w9/OqyT75fLlpaiObNnDPj3AQAAAAAAAAAAAIx1ETkCWJIe3rhGcdYY7d1fIEnavHGN5mXZgueTkxL0k6e+HHKNvaJKrW2u4L4tLbXX9XP7u7bucHn98AkVlZQF92sdjTp/6arcbo/iJ8bpi5/+qLJmpg26f8OQPnb3h3TuwmUVHH1fJaXnNS/LpqioKJ27eEXVtfXKXbFQn9u0VhZLtNavzdPFiioVHH1fpz64qDmz0tXe7tXpsosyjCh97bEHlTljqmZlTte01ERdvHRV3/3xbzU7M00rbp2rpYuzg33s2ZevoydLlZGequraBp29UCmz2ax1H8nVpPiBrTE8Z/YM2dJSdN5+VZK09q6csP/bAQAAAAAAAAAAAJEoYgPgwbANYq3ce1YtV21do27PWTwMFfXuxmmuzWaTUpMna+VtC7Tm9qUDHuHcnaTEBD2xdZNeO3RCh4+8p6MnzwSOT47X+rV5umfVMkVFGZKk2ZnT9eTf/IV2//ktnXy/XIVFpTKbTbKlpeoTH7tDGemBqagNg7j6AAAgAElEQVQnxU/QVx/9lHa+eEDvnT6nI8dPaWpKopYuzu7SR8XlGlks0VowJ1MPrlutGdP7P/1zhzhrjHKWztd5+1UlTorX0htGcgMAAAAAAAAAAAAIMPz+zhP1Ro5Wp0s7dx9QfmGJpMCI4HtWLe+27bbtu7pdM7izJ7ZuChlBjNFl/xtH9bu9b2rVyiX6zEP3yTDCXREQeYqKzw2ofeJEiwzDCL4k9bqtztuSDPXQrtPPvo7duN2f/b6O92Sg7QEAAAAAAAAAGI0icg3gVqdL33zqmWD4K0nPv3hA27bv6rZ9X+GvJJWW9d0GkanV6VJh0WnFWKKVu2Ih4S8AAAAAAAAAAADQg4icArrW0aBWp6vL8RpHQ7ft71m1XPbKql77DMcUzxgaH5y9JHtltW5dmKXZmYNfExkAws0wpKgoQ1FRhowoQ4GB1QZfbAEAAAAAAAAQcfx+ye/3B376/PJde0Xm3MLoLCIDYFt6qrZu2aBXDx7TmfJLkqS8nEW6t4cpoB/euGbQ73WiuEyOukblrlikOOvNr7mLoeV2e3TgrSJJgc+AyRSRg9YBoEeGIZnMUTKZjOCa6wAAAAAAAAAQ6ToGsEiSTNefbfp8fnm9fnnbfYTBESoiA2BJWrY4W/aKqpAA2JaeOqTvUeto1PYduyUFvsFw7+rbhrR/3DyLJVp/89efCncZADBgUSZD5mvBLwAAAAAAAACMFR2zHEZHR8nr9au93SeflyQ4kkRsAHyj7qaEvlk1ddenlB6O/gEA409UlCFzNMEvAAAAAAAAgLHPZDJkMpkCQbDHJ5+PIDgSRPR8up1H/O7dXzDkIS2hLwBgKEVbohQTayL8BQAAAAAAADCumEyGYmJNirZEdPQ4bkT0COBli7NlS0uRvbJa9ooqffOpZ2RLS9W8bNtN913jaFBRcVlwf0rSpJvuEwAwPplMhqItUdfXwwAAAAAAAACAcahjWTyP2ycv00KHjeH3R/byzPaKKv3b9l1ytg3faF1bWoq+9fXPDlv/ADASiorPDah94kSLDMMIviT1uq3O25IM9dCu08++jt243Z/9vo73ZLjCWXN0lKKj+VYbAAAAAAAAAHTm8fjU7vGFu4xxKeIDYCkwVfPO3Qd04r2yIQ+C83IWafOGNYqzxgxpvwAw0giAezccAXC0JUpmM+EvAAAAAAAAAHSnvd0nj5sQeKSNigAYANA3AuDeDXUATPgLAAAAAAAAAH0jBB55PLkGAGCACH8BAAAAAAAAoH/M5ihFW3ieOpL4bQMAMADmaMJfAAAAAAAAABgIszlK5mieq44UftMAAPSTyWQomj9SAAAAAAAAAGDAoqOjZDIN7VJ96B5PsQEA6CemKQEAAAAAAACAweMZ68jgtwwAQD9EW6JkGHw7DQAAAAAAAAAGyzAMQuARwG8YAIA+REUZrPsLAAAAAAAAAEPAbI5SVBSDbYYTT7MBAOiDmXV/AQAAAAAAAGDI8Mx1ePHbBQCgF1EmQyYT30YDAAAAAAAAgKFiMhmK4rnrsCEABgCgF0z9DAAAAAAAAABDj2evw4ffLAAAPTAMMfoXAAAAAAAAAIaByWTI4PHrsCAABgCgBya+gQYAAAAAAAAAw4ZnsMOD3yoAAD1g9C8AAAAAAAAADB+ewQ4PAmAAALphGFJUFH98AAAAAAAAAMBwiYpiGujhQAAMAEA3CH8BAAAAAAAAYPjxLHboEQADANAN/ugAAAAAAAAAgOHHs9ihRwAMAEA3DP7oAAAAAAAAAIBhx7PYoUcADABjhDGAhRIG0na84lcEAAAAAAAAAMOPZ7FDjwAYAMaIGEv0sLQdrwjJAQAAAAAAAGD48Sx26BEAA8AYET8hbljajlf8zQEAAAAAAAAAw49nsUOPABgAxoikyfGKjbH02S42xqKkyfEjUBEAAAAAAAAAABhpBMAAMIakpSb3GgLHxliUlpo8ghUBAAAAAAAAAICRZA53AQCAoRMdbVZm+lQ56pvU1NIql9sjKbDmb/yEOEb+AgAAAAAAAAAwxhEAA8AYlDQ5nrAXAAAAAAAAAIBxaEwEwKXldu3c/YbsFVXBY8lJCdry8P2al2ULY2UAAAAAAAAAAAAAMHJG/RrAJ4rLtG37rpDwV5JqHY3atn2XThSXhakyAAAAAAAAAAAAABhZoz4A3rn7QHDblpaidfflypaW0u15AAAAAAAAAAAAABjLRsUU0K1Ol147dFylZXZJki09Vevuy1WcNUa1jsbAsbQUfevrn5UkrV+bp+/8+7OyV1YHz7c6Xdq7vyA4Unhetk33rFquOGtMGO4IAAAAAAAAAAAAAIZexAfArU6Xtv00dIrn0nK7Ssvt2rzhruCxpYuzQ65bujhb9spqSVJRcZn2dAp/O/o4UVymJ760iRAYAAAAAAAAAAAAwJgQ0VNAdxf+drBXVGnb9l3B/RtD3M77T+/Y3XMfP92lVqdrCKsGAAAAAAAAAAAAgPCI6BHArx48FgxubWkpenzLRlmtMdq2fWdwdG/HubycxSHX5uUsVn5hSZd2T2zdLEnBPuwVVXr14DGtX5s3AncEAEB4tXgcKncU6GJjka40l8rhtKvZXSO3t1V++cNdHoaQIUMWU5wmWqYoyWrTtInzlJGwVFlJuZoQnRTu8gAAAAAAAAAME8Pv90fs095/275TZ8ovSZK+9+SjSk5KkBQYGZxfWKxWp0tx1hjl5Szudhrn3tq1Ol366j/8pyRpbtYMfeNaMAwAo5WztX1A7auqrsowjOBLUq/b6rytQLjUbbtOP/s6duN2f/b7Ot6Tgba3xkX0d6QG7Gjl71R0da8+cBwOdymIAHOS7tDSqeu0Iu2hcJcCAAAAAAAADPj5Nno3ap5uWzsFvHHWGN27+raQ861Oly5dG+1rjbXIlp7abTsAAMaTNy78TIcv7lCTu7rvxhg3PnAc1geOw3q5fJvuyNiiuzIfC3dJAAAAAAAAAIZIRAfAtrTU4AjgbT/dpSe+tKnbkb7Pv3hArx063uX4ssXZumf1cs3LsoUc71hbuPP7jBRnm1s/+eULqrhco7/9P5/SrIzpvbZvaGzRv23fKU+7V9/8yiOaPGnigN6vurZe+w4USpLWrslRSvLkQdcOABg93r36kl4u36Za54Vwl4II1uSu1p/L/lXvVOzU/VlP6JapD4S7JAAAAAAAAAA3KSrcBfRm/do82dJSJEn2iirlFxZ32y6/sKTb4yeKy7Rt+y7teP5ltTpdndoXh6wtHI71f51tLr38eqG8Xl+v7Q6+/a6uVtcN+n2aW5x650Sp3jlRquYW56D7+cWv/6hHv/7v2ru/YNB9AABGxgunn9Rvi79C+It+q3Ve0G+Lv6IXTj8Z7lIAAAAAAAAA3KSIDoDjrDFa1ymc7RzidvbwxjUh+8mJCcHgWAoExDt3H+i2n80b13Q7qngklJSe1wfnLvV4/kqVQwcL3r2p95iVMV0/eerL+slTX+5ztDEAYHSra6vQ9qMP6kjFc+EuBaPUkYrntP3og6prqwh3KQAAAAAAAAAGKSKngD5RXKaduw+o1tEYcrynoDYvZ5EkacfzL0uSausatX7t/ZIC00M721zKLyyRLS1F966+LaSfbdsDU0EnJyVo84Y1WrY4e8jvpycut0cvv16o2RnTZbFEh5zz+6XDR95TfWPziNUDABi9rrZ8oP85+deM+sVNu9BwXM8c/0t97tZfaOqEOeEuBwAAAAAAAMAAGX6/3x/uIjorLbcHQ9nObGkpemLrZsVZY4Jr/ublLNKWh+8PtskvLAmGwJL0ra99RpL0nR/8WlIg5P3ek48G1gDevlP2yuou77N1y4ZhDYE71gCurq3XtJQklZ2v0Bcf+ahyls0PaWevrNYPf/57pU6ZLLenXS2tbSFrALvdHhUWlerAW0WquFKj9navLJZorbh1rh5ad6cmTrBKkuobmvUv/xEYCdZxfedjX/7CRr168JiOnjwjt9ujyZMm6pMPrNKHly+UYUh79xdoz778LvdhjY0JrmHs90unyy7qhZcO6WLFVfn9UkryZG24P085S+fLMALXnLt4WT/8+f8qffoUPfKJu/WHPx3S6TK7vF6fpqUm6pGNd2vB3Mzge/h8fp0sKdPrh4t09uJlud0emc0mzc+26dOfvCdkPeOOOjumDf/d3oOqrq2XyRSlJfNn6dOfukeTE0LXT3a2ubT75XwdOX5KzS1Omc0m2dJS9YmP3aH52RkyDPX73oBI4GxtH1D7qqqrMgwj+JLU67Y6b0sy1EO7Tj/7Onbjdn/2+zrek4G2t8ZF5HekulXXVqFnjv8l4S+GVLI1U48u/40SY9PDXQoAAAAAAADGuIE+30bvTN/+9re/He4iOtv2011yXpui2ZaWojtzb9WyxdnavPHu4MjdHz/zgqRASFpb1xgMbG3pqaqtawwGuznL5mt2ZlrwmNPp0rLF2ZqSNEk5y+ZrUnycZmdOl9PpUmNTqyTp7MXLunf1bcN2f+3tXh05fkout0ef/NgqlZSeV3Vtg267Za6izSZJktfr0/++dFAVl2v00Pq7dMF+Vc42t1atXKLYWIskae8rb+t3e96U/NL8bJsyZ0yV09mm0jK7LlVWa/mSOTKZTGpzuXX4ncDayR3XdxxzOl169/1yOeoatXBupqyxMbpS5dC775/V9KlJSpuaLKfTJbPZJGebS06nS7b0VC2al6mM9FQtnJupCXGxKiw6rZ8/u1fNrW2an52hzBmpulrt0NvHTslsjtKc2TMkBcLot4+dktvt0ZHjp+Tz+bVwbqZ8fr8uX3XovVPnND/bFgy53zlxWr/4zUtqdbYpe1a6smamyev16eyFy3r/zHktv2WuYmMCv48z5ZdUWm5XU3OrCo4GRntnzpiqxqYWXbh0VRcvVWnZkjnB33F1bYP+9ennVXz6nOLiYrVkwSylJE3SefsVHS0q1bwsm5Imx/f73oBI0O7pfU3xG7W0tBAA9yI6OqJXSQixo+gLutx8OtxlYIxxtjfI3nhSOWmbwl0KAAAAAAAAxriBPt9G7yJueFPHtM+2tBR96+uf7XLeXlEVsp9fWCJJwZHANY6G4DlbWqqkwJrAHVrbAuFynDUmGPSuX5un7/z7s4FA+YZpp4dT+vQpyluxUPvfPKZjJ0t1x8olkqSLFVd1suSsli3J1tzZM7T/jaNdrl29cok+tGy+pqcmB0ehut0e/cd/vagzZy/p7MUrmp9t6/X9nW0uLV2cpc9uuk9mk0l+v7R3f7727i9Q4YlSLV8yV0sXZ2vp4mz94td/VK0jELavuy832Ie9slrPv3hAkxMm6quPflLTUpMkBdZZfvpXL+qNt05qxa3zlDrl+mjdhqYWrV+bpwfu/bAMQ2r3erXjuZf1zonTOllSrpm2aZKkJQtm65v/36eVOWOqoqICN+n3S7/+3X4dOvKe3jt1Tnd8aHHIPTU2t+qrj35KWTPTJEnVtfX6wc9+r4sVV1V5pUZZM9PU7vVq1543VFVTr9wVC4P33/E7LDtfqUzb1EHdGwCMtBdOP6kLDcfDXQbGqAsNx/XC6Sf1yflPhbsUAAAAAAAAAP0UscOblvYwDXNHgNtZfmGJtm3fpW3bd+lM+SVJgQC5Y8Rwbd31UDcutvt1hHt6v+EUZRhac/syTUmapP1vHlVDU4vavV796bV3ZDabdN9dOWpv96q+oes6wEmJCUqbej38lSSLJVrxE63yeNrV2trW5/vHT7Rq7V05wfDTMKS5WTZFR5vV0NSiNpe7zz7OXBt1u2xJdjAglQIB+115t6q+sVmVV2pCrpmakqg7c28J1m42mYJTP1+trgvpY1bGtGD421Fj4uR4SVJdfVOXepYvmRMMfyUpaXKC0qdPkbPNrYbGlsB7VNWp/HyFJiVM0Mc/8uHg/UuB3+HCuZkym0yDujcAGEnvXn1JRyqeC3cZGOOOVDynd6++FO4yAAAAAAAAAPRTxI0A7lBUUq71a/O6HO8Y1RvYTlGNo1HONpdKy+0h7eZmBUa/1joag6OEkxMTZEtPVXeKSsqHqvQBSU5K0D2rlmnn7jd05NgpTZ+arOLT53TPHcs0Y3qKGhqb5etmmeY2l1sH3irSkWOnVNfQpFZn12C8L9HR0ZoQFxtyLMZiDglE+3LefkWS9Mqbx/TKm8e6bVN5tTYkYJ84wSqzOfSj110w3+716p3jp3XgrROqcTSqucXZZz0d00d3MJmiZIkOfa/q2no1t7Qpa2aa4idO6LGvwdwbAIykl8u3hbsEjBMvl2/TLVMfCHcZAAAAAAAAAPoh4gLg5MSEwJq9FVXatn2X5mXbFGeNUe6KRYqzxijOGiNrbIycbS61trn0ja2b9G/bd8l5bWTw3KwZsqWlBsPjE8UfBPt2trnU6nQFRwZLgel8t+/YHZxauvN00SNl5fIFyj/6vl5585hiYy1KnBSvNbcvU0/LVbrdHv3sf/aqpPS8zGaT0qdNUdq0ZEnSmbOXRnQaa683MCe7LT1VM6ZP6bZN2tTkAffr90vPv3hAb+afVFSUoakpiVo0b6aiogxdulzTZSrwgfD5/PJ3E6rfaLjuDQCGwhsXfqZa54Vwl4FxotZ5QW9c+Jnuynws3KUAAAAAAAAA6EPEBcCbN67R9h27JUml5fbgyN63Ckv0xJc2Kc4ao2VLspVfWKJaR6NKy+36x69/VjV1DZqX1XXN27ycxcovLJG9slqtTpe++dQz+tbXPqvkpEDQ++rBYyGjhzdvXDMCdyl5vV65PR5JgRGx99+1Qv/13J/V0NSizRvuCtbXnfrGZl26XK2E+Dh9Y+vm4PTEfr/082f3DksAbDJ1P1v4jLQUFRaVapZtmj7z0EeG7P1anW06d+GyoqPNenzLBi2aNzN4bvfLb91UAJyclKA4a6yqa+vV1Nwia6yl23bDdW8AMBQOX9wR7hIwzhy+uIMAGAAAAAAAABgFIm4N4GWLs7V1y4YuI3HtFVXKLyyWJK2/7/rU0Hv3F3QJf2sdjXrt0PHgaN8ntm6WLS1FUmDE79P/fX3Ery09VdbYGCUnJmjrlg1aNkLT+brd7WrptE7vslvm6ENL5yt7VrpWLJ3X67UxFouizV2z+7MXKrtMhT1Upl8b6XqxokrtXm/w+JIFsxU/MU7H3/tA5ecrQ65xuz06XWYPjqQdCLPJpNiYrsFsdW2D3jlxesD9dTY9NUmzMqapobFFf3zl7ZD76VzzcN0bANyso5W/U5O7OtxljEpZi9/U9+85q++v+pVybqKfBz98Vt+/56y+vfyv+nfBwv2B973zt1p9E+8bTk3uah2t/F24ywAAAAAAAADQh4gbASwFQuCOIPZEcVlwRHDHOreBdXOXB0Pebdt3yZaeqmWLs2WvqFJpuV2tTlfIqOEntm7Wtu07Za+sDkwv/dNdeuJLmwLv9dSXw3avHcwmk77w6Y/2q21C/AQtmj9Tb+af1Pf+4zktnJspZ5tL5y5e6XGk7s1asmC2Xj14XCdLyvXPP/yNMtJTdfcdy5U5Y6ruX5OjP/z5sP716ec1OzNNKcmT1NTs1Jmzl2Q2mfS1xx5U5oypA3q/mJhoLb9ljj44V6Ht/71HC+ZkKMowVFpul9Xadb3ggbBYorV+bZ4uVlSp4Oj7OvXBRc2Zla72dq9Ol12UYUTpa489qIz04bk3ALhZRVf3hruEUWqTVide+8KYJVc5s6TCc+GtaLQpurpXK9IeCncZAAAAAAAAAHoRcSOAO2t1urR3f0Fwv/PavQ9vXKO8nEXBfXtFlfbsy9eJ4rJgUNwR9PY2Erij7WhiGNKmdXdq4/23yzAMFRaV6mp1nT6/ea3mdjMN9lCwpaXoa489qNmZ03X5aq0Kjr4vR12jDEP6yJ0r9PXHHtKCOZnBUPXM2UuaMytdX/niRmWkDy4gXXP7Mn1+81rFWWN0sqRc5RcqteH+25W3YlHfF/dhduZ0Pfk3f6Hc2xbK7faosKhU750+p2mpyXrsc+uUkT51WO8NAAarxePQB47D4S5jdJq1SdkWSX5JilFmyj8pKcwljTYfOA6rxeMIdxkAAAAAAAAAemH4/X5/uIvoyfMvHtBrh45LCgSQT2zdHBICS4ERwnv35cteeX0qzOTEBMVZY4LHbOmpwZHAgRHDO4Pn4qwxeuJLm2RLTx2huwKA4eFsbR9Q+6qqqzIMI/iS1Ou2Om9LMtRDu04/+zp243Z/9vs63pOBtrfGReQkGXr36kv6bfFXwl3GsFq99IhW6xn9c9Evh7BXmzZ+6E3lxkuOq7vUlrpJaYZdRSfu1HODyDMf/PBZ5UyQnHXf1beP96POhfv1/enZUnuBXnrzL3Rw4G8ZMf5i8X/olqkPhLsMAAAAAAAAjCEDfb6N3kXm0+1r7JVVwe3uwl8pdLroWkejkpMCawd3Dno7T/l843TQHSOBH//8BkJgAEDEu9hYFO4Shl1qbIrilT20nSZ9XfPiJflLVFr+f9UYs0Fpk23KytgkOXYN7XuNcRcbiwiAAQAAAAAAgAgW0VNA96TV6dJrh45r7/6C4DrAkoLhr6QuUz73Nh10raNRT//3btU6Gkf+ZgAAGIArzaXhLmFUysnIDUz33FygF53S65UFapIUP3mT7u7xKpuWzvmVvr76lL5/z1l9/56z+vbtv9UDU3tebiFp6t9ry4eL9NTdgfbfv/NN/fWc9WNqqmk+gwAAAAAAAEBki+gAeF6n9Ww7wttWp0vbfrpLz794QHv25ev5Fw8Ez91ooCHwd37w7KhcExgAMH44nPZwlzAKPa6cySmSXLpQ/d3AocvPqNwpybRcS+Z2H+jOX/hfeijjLqVGx0h+l9q9LkXH5Gr1wv9SpqmbC6Z8T1sW/pXmT0iQ2ZDavS61R9mUlfF9bYnvOovJaMVnEAAAAAAAAIhsER0A37v6tpDw9qv/8J/66j/8p+wVVSHt7BVVyi8s7raPgYTArU6Xdjz/8jDeEQAAN6fZXRPuEoaYTVmp67V02vWXNUpS1KSQY0tTcwc9ijZp7v2BwNZdoMJzHUcLtK++TJKUNuXryupy0ff0wLRsmSU56/5dP359gZ58Y4GeLPgbFTltSo298YJcPZi9SalRkjwF2lc4O9D+wJ167opdSRN7HjU82oy9zyAAAAAAAAAwtkR0AHxjQNuZLS1FT2zdFNy/ceRuxzTRtY7GfoXAyYmB6aOLisuG8Y4AALg5bm9ruEsYWrN+qC8s+ZEeWXT9tdgqybo25NgjS36lh2cN5g1ytXbKIkmSo+4ZFXY64zhXoEq/JGuuVk8PvSorPVephiTvcR08/rQqO0449+i5M/vkuPFtkj6rrAmS5NIF+1/o9eCqEnYVlfyjip2DqT0yjbnPIAAAAAAAADDGmMNdQF86AtpXDx5TaXlgykFbWqrWr81TnPX6dIpFJeVavzYvuL99x26Vltv1ysFj+t6Tjwb72bZ9p+yV1cEQ+PHPb1ByUoLi4mJVW8cawAAAjKhzf6tftSxTfKevpC2Z/SMt1j49d/bP1w/6qnWxquvlfZr+qLKskvwlKi0vCD3n/Ee917BJaZNTlJ32uHT56eCp7JjUwEbrcb1+Y5+O11XlXq8kS6djk1OUIEn+Ml04d+MFBTrVUq2l1q5faAMAAAAAAACAoRbxAbAUCIE7h7udJScmqLauUfaKKn3nB7/WssXZOlFcdn2aaH9oPzeGwN/5wbNKTpoUbN8xEhgAgEhkMcXJ5W0JdxlDyK7yqtA1ZbNn/khSg4qu7Lnp3u9Oy1V8oFflrDylnBsbGIEvk5kn3a+N1qf14rWRuvHmwHFne3ep8x41eX4kdQ6AYxMCf1R5G9XUzRVFngY9orERAFtMceEuAQAAAAAAAEAvInoK6P7YvHFNcNteUaU9+/JD1gjufF7qOq10q9PVa3sAACLJRMuUcJcwelj/SUsmXZstxIiR2dTNq+MvIWOR5mXlBi9tag8sLWE1p3bT8XrFR99wqK1R7ZJkSrgWOIdaGj3p5u4lgvAZBAAAAAAAACLbqBgB3Jtli7O1dcsG7XzxQMgUzsmJCdq8cY2WLc7uck1HCLxz9wGdeK9MzjaXbGkp2rxxjeZl2UayfAAABiTJalOt80K4yxgVsrLuUpohyf2Gfn/oCyHr/3aWtHC//m56tpISH1WOClQoqbDVrrsnZUtxy3W3FDoNdNLdSrXc0MnlMjlmLVeqka3MWZJCpoHO1YIJY2P0rxT4DAIAAAAAAACIXKM+AJYCIXB3QW9v4qwx2vLw/dry8DAVBQDAMJg2cZ4+cBwOdxnDqqqtWk0qu8leNml1YiCodNQ902P4K0mOcwWqnJatNEuucmZJhec6HTMt1+oVf6/Ko9/VaUmyrtcjc9cq6cZOnE+rvGmTUuNjlGn7vR5oelAv1UiSTUsX/ZMWW2/ydiLItInzwl0CAAAAAAAAgF6MiQAYAIDxIiNhabhLGHYHi1bq4M12MmuTsi2S/CUqLS/ova3zH/VewyalTY5RZsrfS+e+Kzn/Ufuu5Ooz07NlnfRX2nL3Z9TukxQVI7O/TFWubKXGdO7ErhfP7lLWkk1KjV6u1beeVZ7XFZh6OsqlqpZqpY6RUcDj4TMIAAAAAAAAjGajfg1gAADGk6yk3L4bjXs2bUxZHviWW3OBXnT2fcXrlQVqkqSJudp4bbTu6ffv068vvKEqjyu4hrDHfVwF739RF9q76aTm/+rf3/ulTrc0qt2vwBrDvmpduPR32tHYMGR3F258BgEAAAAAAIDIZvj9fn+4iwAA3Dxna3eJVM+qqq7KMIzgS1Kv2+q8LclQD+06/ezr2I3b/dnv63hPBtreGhe5k2T88sRnx/w00IhMc5Lu0F8tezbcZQAAAAAAAGCMGejzbfSOEcAAME4NNBBF5Fg6dV24S8A4xWcPAAAAAAAAiHwEwACAAesY/YvwWJH2kOItY2M9WYwe8ZYUrUh7KNxlAAAAAAO6vQUAAAgKSURBVAAAAOgDATAAAKPQHRlbwl0Cxhk+cwAAAAAAAMDoQAAMAOiC6aEj312ZjynZmhnuMjBOJFszdVfmY+EuAwAAAAAAAEA/EAADAAaNoDi87s96ItwlYJzgswYAAAAAAACMHgTAAACMUrdMfUAr0x8JdxkY41amP6Jbpj4Q7jIAAAAAAAAA9BMBMAAAo9gn5z+lzEnLw10GxqjMScv1yflPhbsMAAAAAAAAAANAAAwAwCj3yOIfsx4whlyyNVOPLP5xuMsAAAAAAAAAMEAEwAAAjHKJsen63K2/IATGkEm2Zupzt/5CibHp4S4FAAAAAAAAwAARAAMAMAZMnTBHjy7/DdNB46ZlTlquR5f/RlMnzAl3KQAAAAAAAAAGgQAYAIAxIjE2XVtX/F4r0x8JdykYpVamP6KtK37PyF8AAAAAAABgFDP8fr8/3EUAAEaWw9Gg5qYWSZJhGDIMI2S7837wZ+c26uZ8Nz/7Onbjdn/2+zrek4G2t8aZB9Q+0rx79SW9XL5Ntc4L4S4Fo0CyNVP3Zz2hW6Y+EO5SAAAAAAAAMA45W9vDXcKYQgAMAOPQ1Ss1crnckroPfYcqAO5P6EsAPLzeuPAzHb64Q03u6nCXgggUb0nRHRlbdFfmY+EuBQAAAAAAAOMYAfDQIgAGgHHG7/er4tJV+Xw+SQTAPRkrAXCHo5W/U9HVvfrAcTjcpSACzEm6Q0unrtOKtIfCXQoAAAAAAABAADzECIABYJxxudy6crm619CXAHjsBcAdWjwOlTsKdLGxSFeaS+Vw2tXsrpHb2yq/+JNgLDFkyGKK00TLFCVZbZo2cZ4yEpYqKylXE6KTwl0eAAAAAAAAEEQAPLQIgAFgnGlualVtbV1EBsDdhbQEwAAAAAAAAAAwthEAD62ocBcAABhZHWv/AgAAAAAAAACAsYcAGADGGZd7YAHwQEfODlcfAAAAAAAAAACgbwTAADCOtLW55HF7wl1GvxEcAwAAAAAAAAAwMATAADCOtDld4S6BUBcAAAAAAAAAgGFEAAwA40hb280FwIS3AAAAAAAAAABENgJgABgn2tpcAwqACXsBAAAAAAAAABh9CIABYJxwtrb12WYoQl+CYwAAAAAAAAAAwocAGADGgfZ2r1qd3QfANxvYEvgCAAAAAAAAABA5CIABYBxwtjrldrkH3wEhLwAAAAAAAAAAowIBMACMcX6/Xy0tzpBjwzFql5HAAAAAAAAAAACEHwEwAIxxLS1OOZ1tBLQAAAAAAAAAAIwDBMAAMMY1N7f02aZzONzfoDicgTJhNgAAAAAAAAAA3SMABoAxrLGhWa03TP/cYbAhqqGhC18JcgEAAAAAAAAAGFoEwAAwRrW3e9Xc3DKo0b0AAAAAAAAAAGB0IgAGgDGqsbFJbW2um+qDwBgAAAAAAAAAgNGFABgAxqC2Npeam1rDWsNAw2PCZgAAAAAAAAAAbh4BMACMMX6/X40NzfJ4POEupQtCXgAAAAAAAAAAhhcBMACMMfX1jWpqau7xfE9rAve1VvBgw1tCXwAAAAAAAAAARg4BMACMIa0tTjU2BMLfvgLdfiPABQAAAAAAAABg1CAABoAxwuPxqL6hsV9TPw9k5G9/+xnM9SMlUusCAAAAAAAAAGCoEQADwBjg9/tVV9eo1hbnkIW7vRktwS8AAAAAAAAAAOMNATAAjAF1dQ1qqG8MdxkjgrAZAAAAAAAAAICeEQADwChXX9cgh6NhyPvtLmg1NPrCVwJjAAAAAAAAAMB4QgAMAKNYQ0OTHI4G+X2+fk33PBLTQ/dXX+9PcAsAAAAAAAAAwMARAAPAKNXQ0CRHbb28Xm+v7QYapA5FGEt4CwAAAAAAAABAeBAAA8AoVF/fKEdtvTweT8jx/ozwHdAo4F6CXEJhAAAAAAAAAAAijzncBQAABqbOUa+6uka1t7eHu5QQTOMMAAAAAAAAAED4EQADwChSU+Poc83f4QpdDRnd9j+SIS+BMgAAAAAAAAAAvSMABoBRwO12y+FoUH1dowzjehDaVyA62JD4ZoJWQloAAAAAAADg/2/vXnbTBsIAjP59g26ivv/jVZWI78Y33EUUVQ1gPARiVz1nA8KesZdIn2YGYDsCMMDO1XUTh0MeddUs3nfvOb8p1wEAAAAAgH0TgAF2ap7nOByyyF6LGIa3834vtdh7A+3NFcEL8342CovKAAAAAADwHAIwwA41TRuvhzyKooqIy7E2ZTXv084FvuNdlu5bc38KoRkAAAAAgP+NAAywI8MwRpblkedlDP37qt/3yHp93LO3fP4W684cBgAAAAAAtiUAA+zAPM+RZUXkeRFNfYyIdbE1JcjeFX4Tg69ADAAAAAAA2xKAATY0z3PkeRllUUVRVGcB9ePq30tbLi/9tkbq+b9bEZcBAAAAAOA2ARhgA30/RFXWUZRVVGV9NfymSgnDa5/xvv1zyrjUM38BAAAAAIDHEIABvlBV1VGVddR1E23bRcR5qD3/jMXrH79fsnb755Rwu2ZM6pxr5gMAAAAAAK4TgAGeaJ7naJo2quot+tZVe3OVborPbgW9tP2zELtPP39lW78CAAAAAPAP+/HyfetX4MkEYIAHOp1O0bbHOB67t8/2GE1zXB1nH7X695FnBF+bN+XaZ5/LH/6cAQAAAACwRAAGSDBNU5xOc0zTGOM4Rd8PMY5j9P0QXddF1/UxDtNfY26t8l2Ku2vGrbl3zZiL12L5nb5qC2fhGAAAAAAA1vkNq7WupnyjGq4AAAAASUVORK5CYII=" height="600" width="800"/>]]>
  </system-out>
</testsuite> <!-- testcases.LoginTest -->
