<?xml version="1.0" encoding="UTF-8"?>
<!-- Generated by org.testng.reporters.JUnitReportReporter -->
<testsuite skipped="0" hostname="DESKTOP-OT8VNT7" name="testcases.QuickLaunch" tests="4" failures="0" timestamp="2022-10-31T15:57:55 EDT" time="34.814" errors="0">
  <testcase name="VerifyQuickLaunchItemCount_002" time="8.497" classname="testcases.QuickLaunch"/>
  <system-out>
    <![CDATA[<img src="data:image/png;base64,iVBORw0KGgoAAAANSUhEUgAAB4AAAANOCAYAAADwDxERAAAAAXNSR0IArs4c6QAAIABJREFUeJzsvXuQLcdd5/nNqvPq7tOPe7vv+ynrbVtijMLLYmN5hsUwDBiIdUAsSzi8RDDsHyuzsRMQLCy74Zkhlt2BmAd27AADS3gjCBMemGAwDCN5MMg2NmAkS7Zky5KudK9079W9fbtvvx/nUZX7Rz1OVVZmZWZVVp3T3fl1WHmzT1Xl4/c7n/P7VWWeQyilFFZWVlZWclEftL8DMtgB3V0F9u+Cbt0ENm8Cm9fgr1wBXb8CbNwACACKbAmAkHLdEJ7Oa4/TPnu4rE4BOETh8jQYW24p6I6szp8F5oxUA4K6dIJKlPFA2QlRGlB5adrfVHNxPRxuZjpy7F+2jBRNd/SC0NzpMxTqReyf1wGVUjTDElVsb9Pt5/GmUFnA3yJVxp9aeMOWiQnR8R9dTQhvdD5vjJY5vInrQlXEm0L8Ec4wU2dUs/3Ltl8Lb+rkDzfeMfH5o+t/7IQk6geYP9J3xwTzRz7+cfJHeYaZOqMJ509kf/Zwne6b5k+kQrxhzxgbf6IJrJk3rCr2t0L8EXTLVBmJ5U9x3rD1kvzR8Z9Dxhu2fdXRHmzeMPUq3wH2/s4Bur9jZXW05P7m9fjfd9e3sLWzi15/AABot5qYnZnG8YXZ+BhiHwBbWVlZGVRvC/7KN4HbX4N/63ng1lfh3/oa/9gwcCFAoYCuXKqrH1ATUlVAzZZgIj6+Sic4BRIacwmO4jRVqVLtiUZc0v6F/IkdkKjODJ+X0HDOrqzkJTSC2a1EY02g5LwxXmrzxjB/DPCmFH8mkTd18qf2B6ZMXdCd2viTM9xa+DNR/jdO/oAxSKKe4z/avGFLy58KeMPWNflTyJ/YAYnqaU1CvJMZvuLsGtFE8iZSlbxhS4wMcsB4o8oftQ6yJxhWqfZ1Catj/6r4wwyfxxsOf+rkjSp/jGis/ifgTYY/FVrgENzf0eKNaACHmj9F7F8Pf6ysjpLc37yOwWCIm8ur2O/1ucd02i2cPbmIZrNhHwBbWVlZVSqvB3r9b0Df/BLotS/Av/bFxIvpAIYwsYw0AE4kVLXtQAg7kIrfD2SAK5NCAGw8sNUMgCUrUEsnULJSwd9UZ7OQ6vY3rfYLJEwmEmythCk/gVLlz5FZAVwr7zR5M64dNwX4Y5Q3dfKnVvuXbb8C/ij7H9th1Tp/uHG9gP0tf4pqnPxhBxxVa+YNWxbwt5zZNMOfOlWIN2zdMH90/OcA8Ib1NxFvMs+Pq9BE8CZqr0reCPyHxxvWHRM9Ns4fA/4nml0l1Wp/3fbZN0AF/Cn8eccOIH94wvoY+JOarRz+jN/+ZdtX8JeJy7fS5STyRzSbhTRu/lhZHSC5v3kd127cFj78jdRpt3Dp3Cn7ANjKysqqTvmvfw706l+Avvbn8G+/kH4xGXA7kAQ8/JCLlAn5FAPe7E5gdgCiukQ1B3iihIsNsKsK81UC7kjmp0Mx4akywZEmPJr+U1aa/qfq/SYTLNV8SCkhK5VgiVowzxtl/9Hlz5gTTC5v6uRPznSbv8Es4k3UoTHwR/OBtnGV9L9J4E8kJd6UGr9qi+Pkj6Ysf7K8McYfBX+ZOP5wyipVsr1K+KNyHqe7xvijfEUDflDY39gBFFTdvAHT+zHwRjXeKT8dk8Qb1t/YCTEyYLl03tA5p8vqWrypkz9a46+JNxUuqMmopP11pcSbkvavij/lJeJPEfuXLUONmz9WVodYG//3N3Hn7rrSsSeOL9gHwFZWVlbjEN24DnrlP4O+/KfwX/uc8DiiEV+DE1DyEmzO4dol9zeBCwTU8ThhIP5LNcBG1JWG9hAG2CYTKJkMJ1SqvS9jf90yErdudPyiFk0k1IoJk6w+iTeQFXijeHqhhHp8K5TZBmvgj3DgiQmqmzd18qeA/SvnTeHxK7WYLsfOH5PjL6ADwJ9I5vkj4M1E88ewxsSfMp8/k8MfVd6wdYn9jfhXJIn/1M0bzfaN84YtFfwtUm38ybRQB29Y/4tkmD9HgDe5/pN4Qfh2V5Yh3tTJn4rtL5XK20P9cDO8qZM/qQ6J+FMBd6T+l5igA8QfWW8nmT+1vN+srA6Qrv8fz0h3/0bqtFv2AbCVlZXVWNXfgf+tP4b/0h/Bf/nPcgMcrYfB0TmpfzEhFfcGonpCVfw3gUMZXhE4iQFtYrbVAtoJSijT7aumdCYSKpn/sQMQ1fXGX+WCCW6pMnxmdkX1QqrU/xT8pSR/ipfR+GvmDVtWwBtV/gg7WKfq5o0Kf3T85xDyRst/dFUpb1hNEm9YfwNjkGLj1+ZPAftXzps6+aPVfk28sfGOUrxjRBPBnxp5w/qH4QUaRvhTcnSRCvOnTmm1b4A/lfNG4j8q3VO4+jh4Y8Q9auUNK/YNVid/QknjnWr4o2P/SvkzVvtL2s20r0rUSeKPlZVVpCv/619D9ZEuIcQ+ALaysrKaCA324L/4adAXP838TnBW0YNg7g0cQYAr+kbp0glWeGE2nsssCK9CRgPsAgFw4QBXMYGS1TXHL02YdEsDCZbq7HM1UQkWO2D2DWD0nYd8/4sOM5swZfzHgP3L+p+IN3WYvx7esHWJ/Y3MLDtAgQryJu/00vzRvA47u7myvJG/4XX8R3G4cT1sJrc75kedzxsBfyqRUf8zxJs6+aM5fuP8URi+Ud6wOhD8qfAdqB3v1MCf6kab9Ze6ecPKqL8p8EbF/lXyRoU/OSrNnwp5o2S+ieINW7JvgEnkTUn+8HhTJ394vKmTP0b9T/UdoWL/svxhByioa46/NG/Y8qjzx8rqAOnVn/+y1vH2AbCVlZXVBIluvAn/65+C/8Lvg66+mpvwBDtwR3VZxEQKJzxswBv3NuyHqcErDKNKCaaDTbh0uls24BYlXPLpmKSERzEBmjD7l21fOyErkGAZTcBSF8jyRuo/ZcvSK4RLaswJ5iTwxtwOiYPAm6idnNOr1CTypk7+5F5AxJ+KeaP1QLskfwzbX7t5Hm84/DHOnag8tPyJZzi/fsD5o80bthwjf+QdHCd/EhNkkjda48d4+KPZPdP8iaQ/fJnHKdrfyMjYGRTU6+YNq5LtF+bPRPCGbVDEG7ZeBW9Y/xPNaEmNmTei6aiNPzlv9+ru7yTqY8+3FE63srIqJPsA2MrKyuow6I0vwnvuk/Bf+LT00PgBrGKAxR4OSV2ldBTjS9WEqVAAzEuoMgmW0ZA+XfJu4LA3+KpUzQF2xl94CZXhBDvXf3gJlXD8qh5YxP5lEyrRDEs07oRKs/0yvFFNsLX8J6eelSJ/auENWyYmRMd/dDUhvKnyhp7M30S8ke+QqIg3hfgjnGGmzqhm+5dtvxbe1Mkfbrxj4vNH1//YCUnUDzB/pO+OCeaPfPzj5I/yDDN1RhPOH9EDBZ3um+ZPpEK8Yc8YG3+iCayZN6wq9rdC/BF0y1QZieVPcd6w9ZL80fGfQ8Ybtn3V0R5s3jD1Kt8BVd3fkScLgWr2PxFvcj/+FbtZljf68Y6V1eGWfQBsZWVldVg02IP/7G/De/a3Qe++Lj2cEOkhyaNBDAfU2r8JXPIBRukEp0BCYy7BUZymKlWqPdGIS9q/UKrADkhUZ4bPS2g4Z1dW8hIawexWorEmUONM4FV5Y5g/BnhTij+TyJs6+VP7A1OmLuhObfzJGW4t/Jko/xsnf8AYJFHP8R9t3rCl5U8FvGHrmvwp5E/sgET1tCYh3skMX3F2jWgieROpSt6wJUYGOWC8UeWPWgfZEwyrVPu6hNWxf1X8YYbP4w2HP3XyRpU/RjRW/xPwJsOfCi1wCO7vaPGGldOCPz0POrMEzBwD7cwD7RnQ5gzQbAFuczQi6oEMB4DXBxnugQz2QPq7IP1tkN4WiDeQtZZVLfwpYv96+GOlKxrYhPqgngf4Q2A4ALwB6KAHDHrj7qBVjuwDYCsrK6tDJv+1/wL6ld+Ad+Wz6fBHEFcBegEuJK8LA2DOAYT9seEqVWmCpRAAGw9sNQNgyQrU0gmUrFRIqFRns5BqTah12y+QMJlIsLUSppIJuIGEuihvxrICuFLesNLkzbh23BTgj1He1MmfWu1ftv0K+KPsf2yHVev84cb1Ava3/CmqcfKHHXBUrZk3bFnA33Jm0wx/6lQh3rB1w/zR8Z8DwBvW30S8Ud00VkoTwZuovSp5I/AfHm9Yd0z02Dh/DPifaHaVVKv9ddtn3wAV8Kfw5x07gPzhCetj4E9qtnL4M377l21fwV8K2N+fWQKdPwM6dxZ0/iRoez40anH+kMEenP0NOHvrIPtrcHbXJ5Y/otkspHHzx4oRBe3vA/090N6ufSA8YbIPgK2srKwOo+6+guHf/D/wnv2dMMiTJzi6O3KJoYSHkHRdWTUHeKKEi03wTSZYugF3JPPToZjwVDLSSPyEJzUhOv5TVpr+J03gOZcrm2BpJfA5dbUO5o1ezh9pafwGi6xucvzlxeVNnfzJmW7zN5hFvIk6NAb+aD7QNq6S/jcJ/ImkxJtS41dtcZz80ZTlT5Y3xvij4C8Txx9OWaVKtlcJf1TO43TXGH+Ur2jADwr7GzuAgqqbN2B6PwbeqMY75adjknjD+hs7IUYGLJfOGzrndFldizd18kdr/DXxpsIFNRmVtL+ulHhT0v4EgN+eBT12Af7iZdBjF8KdvTkdKjV+CmdnJf4/6W8LjhPxp4j9y5ZR18fMHyujosM+sL8Nur8d7BS2GqvsA2ArKyurw6rhPrwv/2t4X/5XwHA/G3pz4n3HSddlCRO7gbdogu04agF1JCPxX6qBKKBlW6gjwWYDaraDonpJGU6oVHvPs38tK5TZutHxKyTglSVUkST1SbyBzE6PuPfl/UFh+mvnTZ38EQ48MUF186ZO/hSwf+W8KTx+pRbT5dj5Y3L8BXQA+BPJPH8EvJlo/hjWmPhT5vNncvijyhu2LrG/Ef+KJPGfunmj2b5x3rClgr9Fqo0/mRbq4A3rf5EM8+cI8CbXfxIvCN/uyjLEmzr5U7H9pVJ5e6gfboY3dfIn1SERfyrgjsD//Jkl+CfuA128F7R7rHb+kP4O3J07cLZuw9m7qz2hst5OMn/G8nlvJRTt7YDubgK93XF35cjKPgC2srKyOuTyvvJv4X35X4NuvaUcXhLCCam4NxCZncAlQjjxDuRQhlcETmJAm5httYB2ghLKdPuqKV3xhEo9oWcHIKrrjT9qdpISanZ2RfVCqtT/FPxFwB/zN3RU+aM3Qm3esGUFvFHlj7CDdapu3qjwR8d/DiFvtPxHV5XyhtUk8Yb1NzAGKTZ+bf4UsH/lvKmTP1rt18QbG+8oxTtGNBH8qZE3rH8YXqBhhD8lRxepMH/qlFb7BvhTOW8k/qPSPYWrj4M3RtyjVt6wYt9gdfInlDTeqYY/OvYvMjp/ehH+qQfgn3oQaHflHaza/l4f7tZbcDZvwtlbL9i+KlEniT9Wkyba3wN21oOviLaqVfYBsJWVldURkPfcJ+F98V8Am9cBxQAXRD18U9oJnPgDG88l+1GZjAbYBQLgwgGuYgIlq2uOX5ow6ZYGEizV2eeqrgRLqX12wJH9I5lMsGX+Fx1mNmHK+I8B+5f1vwx/QtVh/np4w9Yl9jcys+wABSrIm7zTS/NH8zrs7ObK8kb+htfxH8XhxvWwmdzumB91Pm8E/KlERv3PEG/q5I/m+I3zR2H4RnnD6kDwp8J3oHa8UwN/qhtt1l/q5g0ro/6mwBsV+1fJGxX+5Kg0fyrkjZL5Joo3bMm+ASaRNyX5w+NNnfzh8aZO/hj1P9V3hNj+tDEVPPg9/Q7Q7vES/EkOEIm/KfAmZ/xksAN34ybczRsggz193rDlUeePVWHR3g7o1l1g2B93V46M7ANgKysrqyMi/2u/h8HnfwXYeAMAAVEM7YQ7czkRHjFwg1f5IfC4Az7BdLAJl053ywbcooRLPh3lE55Jv8FrXIbbl71blBIuxW4ZScBSF2AzfAX/KVuWXiFcUmNOMCeBN+Z2SBwE3kTt5JxepSaRN3XyJ/cCIv5UzButeKckfwzbX7t5Hm84/DHOnag8tPyJZzi/fsD5o80bthwjf+QdHCd/EhNkkjda48d4+KPZPdP8iaQ/fJnHKdrfyMjYGRTU6+YNq5LtF+bPRPCGbVDEG7ZeBW9Y/xPNaEmNmTei6VDhD104D+/8t4Eu3qPV5ND3sdb3sE5dbKKNHXcKe24HfbeNAWmBEgIHDlx/iLa/j85wH11vB3PoYZ4McazpoOk4nCuLPc7ZXYG7/iacrVvp18eebymcbnWoRLfvgm6vjbsbR0L2AbCVlZXVEZL33CfhP/3LoDvLcSAl/OZllvZEPV0smlBHpeg3gcFcX1TPinMGL6HKJFhGbh3wS94NHPYGX5WqOcDO+AsvoTKcYOf6T+IFobnTZyjUSybYJhMomcadUGm2Lxpt4bKAv0WqjD+18IYtExOi4z+6mhDeVHlDT+ZvIt7Id0hUxJtC/BHOMFNnVLP9y7ZfC2/q5A833jHx+aPrf+yEJOoHmD/Sd8cE80c+/nHyR3mGmTqjCeeP6IGCTvdN8ydSId6wZ4yNP9EE1swbVhX7WyH+CLplqozE8qc4b9h6Sf7o+M8h4w3bvupoDzZvmLphj6eNDvzTD8E79y6gPZPlDef+zs5giJtDF28581hpLwEkOCyr4KYYIQ3Q6GQ6ulAwJIKl/ds47a3hbMPDTKuhZH/i9eGuX4O7dg3EG+TOtEgi3uR+/BuZdTlv9OMdq3GJDvZBN1eAQW/cXTnUsg+AraysrI6YvK/8Wwz/8p8B/Z3U3/NT4VHERgBpQE0MhHSZncclH2CUTnAKJDTmEhzFaatSpdoTjVijrPyBqcR/eAkN5+zKSl5CI5jdSjTWBKqeBL4cbwzzxwBvSvFnEnlTJ39qf2DK1AXdqY0/OcOthT8T5X/j5A8YgyTqOf6jzRu2tPypgDdsXZM/hfyJHZContYkxDuZ4SvOrhFNJG8iVckbtsTIIAeMN6r8Uesge4JhlWpfl7A69q+KP8zwebzh8KdO3qjyx4jG6n8C3mT4U6EFDvj9HX9qAf75d8E/+w6lGb++5+Gacxy326cR7MIAAB+E//Q3FiFusoaUY1CS8tOT+2/hkn8X5zu8XcFZOZs30Fi9CtLfrIg/RexfD3+sJkt08w7o7ua4u3FoZR8AW1lZWR1BeV/4vzD8/K9wA1xAHlY5RD3siq9XIMGRxMJ6qjTBUgiAjQe2mgGwYAVq/HL6aP0ESlYqJFSqs1lItSbUuu0XSJhMJNhaCVPJBFwzoS5SpmYv8cJYVgBXyhtWmrwZ146bAvwxyps6+VOr/cu2XwF/lP2P7bBqnT/cuF7A/pY/RTVO/rADjqo184YtC/hbzmya4U+dKsQbtm6YPzr+cwB4w/qbiDeZ58dVaCJ4E7VXJW8E/sPjDeuOiR4b548B/xPNrpJqtb9u++wboAL+FP68YweQPzxhfQz8Sc1WDn/Gb/+y7ef7iz97Gv6ld8NfvCy1/7U9Hy83z2C7OcdthoAgfiBMaei+wfnBa054aPAjbg4BRo9mHIACfuQYFKDUR3ewifv7N3F5SuxfkZzdFTTuvgays1o5f0SzW0jj5o+VcdGdddCt1XF341DKPgC2srKyOoKi/R0M//yX4D/7/4IXKans4CWQR3z868S9kNQDCR8C1xzgiRIuNsE3mWDpBtyRzE8HJ2Sv+waL9IZLfgJtXJr+p+r9JhMsrQQ+p67WwbzRi1rQKI3fYFHjj5nxlxeXN3XyJ2e6zd9gFvEm6tAY+KP5QNu4SvrfJPAnkhJvSo1ftcVx8kdTlj9Z3hjjj4K/TBx/OGWVKtleJfxROY/TXWP8Ub6iAT8o7G/sAAqqbt6A6f0YeKMa75SfjkniDetv7IQYGbBcOm/onNNldS3e1MkfrfHXxJsKF9RkVNL+ulLiDcf+3vxZ+G97D+jc6dzr39r38M3GGWy0j4P3KCV6yOv5Plx31BNKKRzHgT8YotlsgsIB9X0AgOO4AGh8PUqD82h804zC92l4D41gvreKh72bON1O7iIG2AklvU007rwKZ2e5gP3LlowBxsUfq4kQ3d8CXV8edzcOnewDYCsrK6sjKnr3CrzP/jy8Vz4L4oAb8Ca/OIYXrqnuBFZOsCTtgLleuQlINsRk9NXeWoAwozCZQMlkOKHSTrgNJNSlEm6j41dIwAsn1IoJk6w+iTeQ2ekR9768PyhMv6r/lB8/22AN/BEOPDFBdfOmTv4UsH/lvCk8fqUW0+XY+WNy/AV0APgTyTx/BLyZaP4Y1pj4U+bzZ3L4o8obti6xvxH/iiTxn7p5o9m+cd6wpYK/RaqNP5kW6uAN63+RDPPnCPAm138SLwjf7soyxJs6+VOx/aVSeXuoH26GN3XyJ9UhEX/KjdSfvwDv3veAzp4UTDDBYOjhxcE0rk1fRvh8NnhgG703Et2lFCBOtLkCIOGrhBAQP7isAwe+7wEAHOKAUgqf+qAAXMcN6iR9526E2uAfl3av4p3NHTQd9kHwSE5vE43VV+Fs3U5NJzu93OkGJoo/Y/m8tzIm2tsBXbs17m4cKtkHwFZWVlZHWN6rT2H41M+B3n0dJBnNJSImEv2XewMxKImTH1CX+03gqEdRe0A6wkShAG8SA9rRWBUD2glKKNPtq6Z0GmXhhJ4dgKiuN37egolc/ylbqgyfmV1RvZAq9T8Ff8nhz9h2YGlImzdsWQFvVPkj7GCdqps3KvzR8Z9DyBst/9FVpbxhNUm8Yf0NjEGKjV+bPwXsXzlv6uSPVvs18cbGO0rxjhFNBH9q5A3rH4YXaBjhT8nRRSrMnzql1b4B/lTOG4n/qHRP4erj4I0R96iVN6zYN1id/AkljXeq4Y+O/ZPHe3Nn4N/3OOjsCWGbd3oenm9dxl6jCwqMHgCHr6dGQwkcN3yA64UPeF0XDiG4s7KCtZVVDAYDNF0H3dkuTiwtodOZAvUAj3pw3QYGgwFc14EXPwCm4LdIMT3cwbf1XsfJtvj3gUlvC40734Kzc4fxP1WiThJ/rA6y7ENgs7IPgK2srKyOuIZ//XF4f/5LowSLZMMsB/Iwjnde6vXEH9h4LrMgXCBSJp4zmmAVCIALB7iKCZSsrjn+cSTYqt0rlICPNcFm2xMk3LEqSLSFEx8dZjZhyviPAfuX9T8Rb+owfz28YesS+5u8gSNLuAvyJu/00vzRvA47u7myvJG/4XX8R3G4cT1sJrc75kedzxsBfyqRUf8zxJsJ3oFlnD8KwzfKG1YHgj8VvgO1450a+FPdaLP+UjdvWBn1NwXeqNi/St6o8CdHpflTIW+UzDdRvGFL9g0wibwpyR8eb+rkD483dfLHqP/lvwP8mRPw7nsf6MI5ZCY8LF/fpXih+/Coewwa4rmJrk8Joq97HnpD7Ozs4Pr163j22WexvLyMfq8PAsBxgDOnT+P8uXPodmdx+vRZnDyxhM5UB5SSoB2SaAdEcN8s6Pc7t76Jt3XEk0P27qJ552WQvTXLH6uxyn4dtDnZB8BWVlZWR12DPQz+0/8M7+u/jyhSIoQfQaV28nIivHgnsOAGLwE3EtVSHMyOO+AT5H9swiU43EjCJbq/of+ASzUEV0l4OR2q4obLhNm/bPuqtwdyEy7FbhlJwFIXYDN8Bf+p4oaLjv+U1ZgTzEngjbkdEgeBN1E7OadXqUnkTZ38yb2AiD8V80brgXZJ/hi2v3bzPN5w+GOcO1F5aPkTz3B+/YDzR5s3bDlG/sg7OE7+JCbIJG+0xo/x8Eeze6b5E0l/+DKPU7S/kZGxMyio180bViXbL8yfieAN26CIN2y9Ct6w/iea0ZIaM2+E09GcgXf/4/CX7hWe+o39Bl7p3hveR4uU2GkbXjO4H0YAP7jnRj2Kt966heeffx5vvvkGVu6uwvN9dDodbG9vo9Vq4cTSIi5fPI9Wo4HrN65jc3MN586ewbc9+igu3HMZcBpwnSZ86oM4LnxK4ZCgjHyG+YZo3Lf9Kt7e7if+mJ5oZ3sZjdvfBBnu1cefcdvfaiJFd9ZBt1bH3Y0DL/sA2MrKysoK9I0vYvCZ/wl0/WoqwCKceIwwdfb1ILDND/ekiZUgwYqk/5vAnASJl1BlEqwKbynwbuCwN/iqVM0BdsZfIv/KyzcVu1ko4Wb8nGvu9BkK9ZIJttEbOBKNO6HSbF802sJlAX+LJKtnpcifWnjDlokJ0fEfXU0Ib6q8oSfzNxFv5DskKuJNIf4IZ5ipM6rZ/mXbr4U3dfKHG++Y+PzR9T92QhL1A8wf6btjgvkjH/84+aM8w0yd0YTzR/RAU6f7pvkTqRBv2DPGxp9oAmvmDauK/a0QfwTdMlVGYvlTnDdsvSR/dPznkPGGbV91tAebN0xd14+IA++e98C78C7hcV/fb+Hq7NuCOUsE9RSNoGfJwylFw3UxHA6xtrqGrz7zLP7uK38Hz6OYme1i6HkAIegP+vDgodNqYXqqg1NLx+G6BHdu34LvD3D+zCm4DsG5S5fxtvsfQrszhXarA48ClBCAOKA+ggfSxA975COpe3ZexyPNPkRqrF9F4/Y3ha+LeJP78a83+4V5ox/vWE2y6OYd0N3NcXfjQMs+ALaysrKyAgAMv/gvMPzLX878PXgInI7YiCSgFu0gjl83kMBxfxM4JyErneAUSGjMJTiK01SlSrU3zgSeLdkBierM8HkJDefsykpeQiOY3Uo01gTKUAJf1t9K7LjR5o8B3pTizyTypk7+1P7AlKkLulMbf3KGWwt/Jsr/xskfMAZJ1HP8R5s3bGn5UwFv2Lomfwr5EzsgUT2tSYh3MsNXnF0jmkjeRKqSN2yJkUEOGG9U+aPWQfYEwyrVvi5hdexfFX+Y4fN4w+FPnbxR5Y8RjdX/BLzJ8KdCC2jzJ606+OOffju8B79b2IcXem281r0XhGSNReEGMx2+RChAKQWlFC998yV87rN/jtU7KwCA7swc+sMBiOtg4A3heT6cdgNz3S6oNwAd9jFV7wIqAAAgAElEQVQ91QKhwHSng8vnTqPX38fG9h480sDxE8fw0MNvx5mz5wG3AVDAcZrwfQ/EoeE9PZqZpXu2r+CdeQ+Bb38D7to1zisFeDNh/LE6WPJXrwOD3ri7cWBlHwBbWVlZWQEA6NZNDP7oH8O/9sVMGBXtuM38HTlhVyLWSsXvYUl4J2qK6MRzlSZYCgGw8cBWMwDOJFTpEZROoGQlb/jgd0dWL6RaE2rd9gskTCYSbK2EqWQCrmD/smVq9hIvjGUFcKW8YaXJm3HtuCnAH6O8qZM/tdq/bPsV8EfZ/9gOq9b5w43rBexv+VNU4+QPO+CoWjNv2LKAv+XMphn+1KlCvGHrhvmj4z8HgDesv4l4k3l+XIUmgjdRe1XyRuA/PN6w7pjosXH+GPA/0ewqqVb767bPvgEq4E/hzzt2APnDE9bHwJ/UbOXwZ/z2L9s+gT+zCO/h7wWdOc65IMHL+w5e6j6I9Nc+j+SDwgkt5lAAlGI4GODlV76FP/vTP8Puzi5mpmfQajaxs7+Hze0tTE9NY+gNMfA8+NTB1NQMBv0BCPXQnWphZmoaly5egD/oYXtzAwP4GIJie3sX+/0+3vf4+/Gudz2GVqcDSgHHcRE8xgl2FlPqgxBn5CQAHtz6Fh5oedwxOP1tuLdegLu3ZoQ/o9kz4B7j5o9VraKDfdDVG+PuxoGV7gNg92Mf+9jHKuqLlZWVldUYRdqzoN4A3it/BjZyoiDhqsZ0wkMJAcmJ+Pg7fSOxvwmcnwBlFAZ0JPpPxQGeKOFiE/yqbjOoBNyRzE8HJ2Sv+waL9IaLpv+UlWaCIU3gOZcrm2BpJfA5dbUO5o1e1IJGafwGi6xucvzlxeVNnfzJmW7zN5hFvIk6NAb+aD7QNq6S/jcJ/ImkxJtS41dtcZz80ZTlT5Y3xvij4C8Txx9OWaVKtlcJf1TO43TXGH+Ur2jADwr7GzuAgqqbN2B6PwbeqMY75adjknjD+hs7IUYGLJfOGzrndFldizd18kdr/DXxpsIFNRmVtL+ucnnjEHiXvxP0+EVu+9d7FC90H44f/hJCMv8HARxCQGhQ+sMhnn/+eXzuc5/DcDDA8WOLmJqawvr6Ora2tjE7N4fp6Wk0XBdwHLiNJpqNJjzPR2+/j+FgCNdpYHpqGrMzXezv72F3bw+AC+IQ9Hs9LN+5g52dXZw5cwaNZgsgwZjC7oA4TsgzFyT832r7BKb3bmPORWbCqdsGADjbyxXyhzHAuPhjNdEibvCV6ujvj7cjB1R3v+untI63O4CtrKysDrMGexj84UfgXXkyCAwTL8XhGcmGbbKdwHkJVjKhLpxAaeQVmQElE+xMC3Uk2GxCxXZQVC8pwwmVdsJtIKEulXAbHb9CAl44oVZMmGT1SbyBzE6PuPfl/UFh+lX9p/z42QZr4I9w4IkJqps3dfKngP0r503h8Su1mC7Hzh+T4y+gA8CfSOb5I+DNRPPHsMbEnzKfP5PDH1XesHWJ/Y34VySJ/9TNG832jfOGLRX8LVJt/Mm0UAdvWP+LZJg/R4A3uf6TeEH4dleWId7UyZ+K7S+VyttD/XAzvKmTP6kOifijNiLv5IPwHv4A9/XN/hBPTz8KwAnvQ/F6DwAeHMeBAwLfG+JbL72EP/6jP4LvU1y6dBGO6+KVl15Fvz/AscVjOLZ0HPNzc9jf7+H6zRuYnz+GW8sr2Nnex2DQR5O4mJudwaULZzE7PYV+fxerd9ews7cHxwF2e/tw3SbcZgsPPPQQvvsf/DeYnp4Ovs4PwRy4joOhF/QrzUMPj28/j9lGgzu1zVtfh7Nx/cDwZyyf91a1yF95ExiKv7bcii+7A9jKysrKaiS3CfhDeN/6E2RCqpwVyfFOYFGmkRO6EdUEK2dFICkQ4EnSt7EEtInZVgtoJyihTLdfIGE3dkNHMUHP1PXGn1ohPCEJNTu7onohVep/Cv6Sw5+x7cDSkDZv2LIC3qjyR9jBOlU3b1T4o+M/h5A3Wv6jq0p5w2qSeMP6GxiDFBu/Nn8K2L9y3tTJH632a+KNjXeU4h0jmgj+1Mgb1j8ML9Awwp+So4tUmD91Sqt9A/ypnDcS/1HpnsLVx8EbI+5RK29YsW+wOvkTShrvVMMfmf39Rgf0be8Bbc9xr/t3OIm9xiyAcKcv+P8nwY/+gvo+NtfX8NxXv4o7y8sgBLj/vnvx4gsvYm9/gIWFRXRnp+G4Dezt72NnZwdb29vo94bY2t7G0PMBAATBb/mur6/B84dYWJjHYDhAq9lEo9nAVKeDU6fPYOnECezt7WNnewfzc/OYnp4GIS4cx4HvUzgOyc4tATY94ALZ4U+m04Szcwfwh6MTJp4/VodSbgPY3x53Lw6cdHcA85eCWFlZWVkdGrlv/xE0Xvg0hq99DkAQRjlA8JAXAE0kCST1dxLuBI6++HlUBiKILhDEcySM+0jwG8M0cVyqjKqEeZmtSwbGxI3sN1oTJsHK9IYky+grsTn18L/Rg+24DAPZ3DLRIfbBePwV3Jky6qAkANZMMDNXG5kvv4wvx3wBeGx3xPbPlOD7T+Rf0YTn1kUOkelgpsP5Yi7LNkdI7uGM2SK7M/X4eI7/ELVS6D/CxCo6TJIwiaZXNN3Mn+T5HfuF8Uw9wR+WO6lS5D8JR435E881wynegHR5w0ibN6lSlTea/OEcJ/KfLHc0E25d3rB1Xd4I+aPIG1X+iCx3RHgj9B/lGzqRmLoh3uTeX0KOv1TBGwF/uOURj3eEvFHlj6F4J/N2VuUPjzc6/MmJd1Kl8A1xEPjD8RtD8Y6YO9FhY+APkOOOIv4o8ibRMSF/dAYk4o+qFHnD1qX8Cf8r9BtJvCPyl/LxjgJ/FKYrrov4w7lsmjcwzptUvTBvJP4jcUsRb+J6rtkmMb9ieRN1WDIfAoniHWX+jC3eiaoC3qjyR/J5XzTeoacegL9wHuk3cHDhV/Zd3J09Fc6AA0Lc8HU/2z9CQEAw6O3htdeuAKDwPQ9vf/hhrN1dhecN0e12sb6+iX5/gP5wAEopfOpjd28PFJvBe5A4oMQHHALi+Gi1mvCoh529bczPz2JnawdwWmg0Gtjf3cX29i5WV1cx7A2ws72D977vu3Ds2CIG3hCUUriOC4Ai/dvFFGvTp/Hqxhru4/wesD99HP78WTTuXj1A/MmaxOrgi7RngPY0aG933F051LIPgK2srKwOuxpTcB74R8Brfx7eVKDww4QnqlMQwKcIn9wGwRml8MNEK6pHNyWCHIzGSWC8mjYsfSrNb7JKBHZxKiUL+Kik1Gk8lWBQJuEK64kGgj9LSmiUNJjT9P30oF9xHaOkN1HllOyERXZm64kyaWdRyZ5HJSWvnbhno4SZJqs00f3a7C9oT7l9mqmnbweM7MzW+fYf+Vuu3wj9LznH2e5zh5MaLxmNKXFGxn8K2V9Qqvgb6z8sfxizaEnF3rxzCjXIniDiTeJ1KNi/MG8E/JH5j3D8+byByN5K9s/hj8RfUvXEDT3LG0X+KH/eKfAnd/wkHlPijNjOqIo3XP8T8UbMHyWVsr+g1GicyxtOvFPM/hXxJxxn/PlWN3+UPu8EvEm8Q1n+1G9/QXsa/AndJF3P4w1bGuUPmOvn80c+fkX+6PBGmT/R5Rl/KcsbrfHzJizxt9Lti3kTvw7D8Q5bqvCGHaiEN2xdmz+FeCOOdzL+k+IP9O1tzP5l2y8Q74Bn96p5kxgUhy+ZeqzIztG5BvhTOt4ZDecgxjugAG1NwT/5UFwftU+xPfDw0uzbYx8iTnCPzPEB6gQH+3BAAbjwAN/DxsYGPvvkk1iYm8ONN6+i2XQxGPSxtraG+bkF3FlZh+8Du7s72NjZASUE1Kfozs6g3Whjf9gDdQEKDy6lgAv48NDpToE6Lq7fvAWvP0BvfwCfDuE4LjwA2zt7uL2yhu5sFzt7e/iBH/wBTE/PwKcUxHVAfR/Rg9bAjMHnykvzD+P05nPoNhsZA3jd03A23gIZ7lfDn0RzY8m3rA6OZhYA+wC4UtkHwFZWVlZHQM793w/nmd8BvfNNjIKyYIdvXA+DxGjlYGYncLxiNIrXwp2+UT2RSEelw9RF8V7QzqhCRt3KlqMz0nVeQpVJsHIyEGapMbtDV7RiOLtCPTqNrfOHE5eEX4Kt86YDvGGRbJ17BUHDkg5FKz3jergyNGpXvGJ05D/c7srKxDCTI0maV2ju9BnpespAWX/IbLliS+YNoLpDIbtiPZru6HWutbIlr7vMiPPqQoeUXiEseQbL6XHGf5RXqAv8h8OfHGtJ+ZO/wUGRP9IeJPyhMG/YMrqMxH9U3+7MeXFdOqx6eCPfkSfiDbtDQs4b1t9EvMncz8uoIt4o8EfKG1X+CLqrzB8p0ArwJoc/yrzJ8EfEG3aHhCZ/RLxR5Q833mHKIryR7AhXj3cONn8i++vzB6N6qlv18ScuhSrPHy5vOPzJ+k80zePlj/jCcQfzT5AYLrK/Pn8Y/4CIPzncEfAnOZI8/mQnjHOFqvgj4g3rP7q8YUtN3mSkzBu2LuGPyF9U+IMcf8nwR5M3zEi0eaOab6nGy7rxTux30XSPmzeEXxddwVC8w36+qcc7k8gbpp7nN4TCP3Ef6NzJuJ4sX6Fz4eEOCAke7TugcAiFDx8ULqjjwPMpXH8If7iPz3/uv+DN11/D6W9/F/o721hcmIdLKBbm5nHt2k3s7e7Bp8CQAh4hcNsdwPOxs7uHHhli1++DtAjaLYKZZhvdmRns7u7ijeu34A8B4lEQH4A3hAMPvj+ERxwMfAqPNLG7P8Rzz7+Id7zjUTz00AMgrgPP9+PfBSbh+8QnJJ7DV51j+HvYykw8nToGOnsKzvobfP85UPd3rA6ySGsKtD1tHwJXKPsA2MrKyuoIiMyfh3PfBzC8843oLwCl8OP4N6hTAlAfINFO4DCyEpU+DRJ30YpBnwaJF3fFYCJzoKlMIgwGEyvgsxKsAI6CQHalLm/FOA2SPq0VwUwZRZ1xPbzrP9qhQpE4jB2CPM/VFZWUsvaVFdmRqevs0FJZAS8pR8kuEu1G0z6qZ8cm2oGQeB1y+5faoZBw0MjfRv6UGJOO8uzNO9Z0AqXc/og3SPJH0/5aO0I5/pbkDRK8Gc19Sf4Y5k2GPzFvBPxJGmISeaPZfpY34d+L8qYQf+S8Gb2XE/6TGq+IP6MJLMSbPP5w/E36DRMyo9Rs/7LtZ3gTf1wV5I/ODonYzxK80eCPEm807W+OPziY/FG8vDjeCY+rKd5R5Q9vbLXEO8r+l8+b2vhTVnnt5/BmFO9EhxuKd5JlyXiHyxu2TiN34ti/At5kdlzWzRtWuv6m3L6AN2yd5U8l8c6ozPiLLm84/Clm/7Kfd/n8Eaosb2r7vBPwJsOfauOdvPs7Sf7wBiriTVAV8CfX/gR06W1InRhO3Fp/gOvdywAIHOIi+FrmAOIEQb8pgnlzCdAgFDdv38a1169gbmYKw/4+ZqenMNzbxfLePjrdBfSGPvaHgE8InHYLAND3fLgg8DyKodMDqIMGbaLpAYPeJnYHPXSmZoL2HcB1HAx6fbge4IDAdZqgxAWaLazvBvfXers9LC+v4KEHH4LruPD9YTBzhICABP+MZoYA17v34NLmV3Gs6WRm3eueDB4A09Gcx/6U4E3h+zua/AFb14h3rA62yPSc/RroCmUfAFtZWVkdETlv+x7gS78eBoRIrTjP/U3gOAwflUH8TsI8g4A44YmEKZnzUqVwBwbSdYHYBcPcurh1yQaQaEV6dHy0gjhRT2aS7A4IjFYcCzNApSXFvPNDJRIqXkLJpleZOsdcsnw1VQp3vGT9hluXrICXlpkOs/4i8R+BO7JnC0ueueLXOf6CtF+o7oAQWoDxv1FCLfAXth63z58uqf9wmtfyH+GOF4G/JBw18rdqeSOYEAlv2LPVeMN2R8wbtkzxJ89/jPNGkz8i3qjyJ+NvmvxJTHQh/vB4o8MfEW9U+aNivvh4jv+wOzt1+cN9w/P4E0nGG03+KDSfzxu2HBd/kF8fTVi6psgfYS8E7j55/Ikk4096tkRni+0v8Re2FPImOq4gf8QWS5cHMt5R4I/AX5T4w7VUJBl/0uMfH28E/pPDm7ieZ7GS8c5k8CZqV8AfI7wR+A+PN6w7JuYr4z8i3qjyh8cbHf4Yi3dEHWb9Jy0hb0TuyJa5Zovsn+M/Uf5OknV1/qjHOwL/EfGGmd5I5vkj4A1bT/hN1MHI/0T8SdtfUGrzJy3T/KHHL8A/dmF0VCJhe43MgxACECcYb3giRfAQ1AEAx8GQUjQdggaArbVVnD9zEjtbW+jOTOHixYu4+dYy3nxrGfOteazuDrHru2i1p9Dzh8GDWd8DaDDDreEADm3AHQzRIAM00cfx6RaW5prodKYw8AZotJpwnC6OT8/AhY+5uS5munN448ZtPPvNa1jf3oFLCTY3VuH5fVCvATijB7vxCCNfC3ZW4Kp7HMewkZlzf+YE/O5JuNvLGvzRvL9TE3+sDrZIewa00QSGg3F35VDKPgC2srKyOiJy73k/nHseh/f602HwNVpZ54cJd2qFHuc3gaNQj12RF0SanHoirZKKzb98aY4winBFpUJzcZ3G0wLxCmWmzlv5njpeo6RAZodWnNRGqzGZgcVLwPOnJ1uP7Bj9PW1nU7/BCW4dibEkLMB7wCTzHA17S8XLpGWHJ9pP91bgLxJ7l/0NYJG/jIaTGFQ0AOEdBAX/idxPYP/cUmGFcMZ/clcAZ97RyPWfnHEL7V+CN5lLpXijyB8Rb4pwh8cbwY70VKdT41blj4g3CM2oyB+dHQgy/mg+0E6PW1DqqKT/jYU/LG+im7AZ/nB4w9a1+CPgzUTxR1OWP1neCHakpzqdM95c3lTBH4mf6fGHU4oGWMTfeNfSiHfY9kW8Yeta/JH5TZl4h63XzRsV/nB5M/K3DH/y4huZ6uYNmOhMiTfRy/XGO/F0ZOKddCn2rvHEO7n8OVTxjipvEnUebzTjnfL5VrqkbD0+WMQfPfvXm29JVNL+3FKhuUj+4uXECzQ+YHswxM2Zi3DggyL6SnASfAseHFA/+PrlQA4AH9QbYH6mjWOz03DgYWNrE7fv3EXfd9D3G1he3cTQA6hHAd+DO9xHE0M04aEJDy3XRYd4mGm3sTDTxYWzp3HxwhlcuHgC3bkOfN/D7Pwspudm4LYamJ/qwh/00Go04DbbuHF7Bfu//0d47hsvY9CjeOmlF/G+978PC8ePwQuH6EZvbQLEyxvCndA3u5dx/+az6DbcjCH8qeNwtpZRhD+ieCeY9zHzx+rAiXS6oNtr4+7GoZR9AGxlZWV1hORefC/81z8fR4ZB3DVasZfeCZwtA7Er/zD6ezLPzKxQFsf7wfUTlajUub+RaiBKaFItpMrMjgPBjqjMzk1RGQ6cXaE+Go6kTvhlcgTq44dCkMw2kG5Y+ht4rB8kVgqLVoimu8fUpTsk0j3P1LXHL5iOMAFMb+nk+M/I0VN2R8b+glKwIn1kBom/xO0kupvopmhHKn+8OaVIwh2RQVn8N/CYUuQ/2jsk0kOXLWCXjz9x4cySfAX+iHZgqvKHx5uUPxTkjYA/+eMXlCmJeMPvUPHf4FTkj3SHRLrnSrzR4Y+INweGP+luyfiTP/6cMnNCqInjT7ZM9twsfwS8mWj+MKWIN8b4w17ADH9y451S/MmWyZ6b5Y8qb9i6hD/J12WliD9xixL/0Y13OFPALYVXEPGHNZiAN6wfKPNGgz/gm1+LP0oqwJuy+ZaQN+znXdSDcvFOZjrGFO+U5w3rZxL+cIbD8oZ5XqjAm+S4w/9MTLyjyB8mzqk+31LgTaIUxTtS3hjLtyT+kxhnIf6k5lvEHz5vaKMDeuwCeAZ802uFLhiMl5DgChQOCCgIcUHggwJwHAeEeqDeEC58+MMBlpeXccx34ZEm1jdXsLG+Bqfdx7A3xJTrozncQ9PvoeN6WJxr49TicVw8cwaLp07izMklLC3M4cTSCczMzWNqagaNZgPtdhutqSaclgs0neAnfb0B4PnoDynQmcYP/8D34e76Jl54/SbW765jZWUdcwvH0Wg1MPT9ePTB0MhoCsMpuoFpPIhexgB0ZhFoNAFvYIg/It4U548Sb6wOvjpdwD4ArkT2AbCVlZXVERK58F8jXhvr0/C7nxGvAPXDRCqu0yAxkq30y/ydWSHohwF59DUxFEhkDmEywFkRGK8SVxBFIgkTrhCW7EDQ3ZHAlsIVwsjWow4r31BQnIRkKTtW1G40//HBkT359UI7ZBRWJPP9KzmXTF1nRxYzXtGOhOhgFXvr/gZw0d+oiuuSHQo64y/kf6J2ab6/ILY/UvwpvQNdaYVylj9F3m9c3nD4o2X/krwhiX7k8Wc0ABQef+pypvwvloL/FLC/9g4sGX9Y3uSNvxBvcvwHmvzJ5Q3rfwr+kzduhfFX63/5vEFR3mjyB4y/yeIdnYFr80fL/gXjnfDziOVP/M/a7C84Vrl9EX9KfP7UEe8oj38UZxjlT56/KPiflDe8MSkclh2/oNSVsH0Rf0ryRuZ/ivFOzJ+ExXUHLuJN6nWZ/Y3xJprrHP+pmze8cyXtZ3kT/b0e3qTy8xzexO/VvHwr9/0m5k26Xm28M/IXBf9JVo1/3ihK0n6WNwjNVE+8o3p/pzB/WN5k+MO3P50/DTp1LJwMJAIUiuudcwAhIMQFqBOMlFAATuCn8OCjCZe0QOGh2aDwdn30hj0cX1zA+voGlhaPY+C7ePmVV7Hf68EdUky1mzi9OI9zx+Yw4/Zx6cQczi5MY3Gui6XFRRw/uYTu8Rm43SZIcwrN5gya7S7gtNFotEHhgjouqA8M3H24cECpBxAfrRbFve94CI+/5+/hlVtrWO9RbK3fAXHug+8P4TrBV1k7lIRz7IMQAgICSikoKK5Pn8eD/VdH/hJOrt+ehd85Bmf79sTyp9B7x+rAiTRaoM02MOiNuyuHTvYBsJWVldURknvxO0FOvhNYfjEMwgCQMPxLrARN7QQGCb4JGtkVyeEJ8QrATB3AKMhngn3hiuj802IxCZXqitxMcyT4K/83g6Lji69IB3NeXBctKY47yCZITF0zwcxcbWSu/DK+nOqKYPUV6dGE59ZFjiDcAcYff0bMZVV3BLDmCcrI7kw9Pr74inSh/ySfFKfK6DBJgi2aXtF0M38SNp/0B+T4j3BFsOKOmBzeRMflDkjEG0Vp8yZVqvJGkz+c40T+I97SEEniP7q8Yeu6vBHyR5E3qvwRWe6I8EboP/I3fKK3QMbihngTvcDtBnL8pQreCPjDLVXjHZEOeLwj5I0qfwzFO5m3syp/DOzAiyacradK4RviIPCH4zeG4h0xd6LDxsAfIMcdRfxR5E2iY0L+6AxIxB9VKfKGrUv5E/636DcsifylfLyjwB+F6YrrIv5wLpvmDYzzJlUvzBuJ/0jcUsSbuJ5rtknMr1jeRB2WzIdAonhHmT9ji3eiqoA3qvyRfN7rxDv+/DnmgOACK70h9rtdOMRJnBP5R/B/Bw4ofIAGX67sDYYgoNjf2cWJ44vY2d5Do9nEjTduwCUEi3OzmJudxQMPP4Bvf+QBHJ/qwN94C/MNH93GEJ0GQadD0Wrsw6Eu6ABotLpwGgSUABQUQ+qBUh+gQxAQeEm3IkCrSeB7BI8+/AAWF57B5vI2lu+swGm4oJQCFEH/o6lMnh+OsNeaxeoOxWLTSbwSHj+9AGwvTzh/YHUERNrToPYBsHHZB8BWVlZWR0luG865xzBcfhHxjtxEgiNaqcfu4PWBIGFKrQhG/Lu9lBOcsemS8AD2vo8PkHCnMvecvFJZlGlXtENi1EDwZ40VybKSApkdoCQK5qM5HSW9iSqnZCNkEvc5XU+URVZsFtqBF/Vs5BE0WaWJ7ssCfmP2F7Sn3D7N1NP+PrIzW+fbX3GHhND/knOc7T53OKnxsm9igf+U2YGp4n8y/2H4w5pFSyr25p1TqEH2BBFvEq9Dwf6FeSPgj8x/hOPP5w1E9layfw5/JP6Sv0MBcvsfdt7I+KP8eafAn9zxk3hMiTNiO6Mq3nD9T8QbMX+UVMr+glKjcS5vOPFOMftXxJ9wnIkNPILxV8QfnR1QnHo63hnxp377C9rT4E/oJul6Hm/Y0ih/wFw/nz/y8SvyR4c3yvyJLs/4S1neaI2fN2GJv5VuX8yb+HUYjnfYUoU37EAlvGHr2vwpxBtxvJPxnxR/oG9vY/Yv236BeAc8u1fNm8SgOHzJ1GNFdo7ONcCf0vHOaDgHLd6hs6eY9gIDLqMDQpz4YS9BYFNCgOhrkwEHhPgAAVzigA59eIM+ttbWceHiBfjeEL7vodVs4fTJRcxOz6A71cE9Z47h3gsn0aJDeH4LreEuuk2K6baLZpug1aRoEgeDgQt4TTQabQwpAJfAhw+PUjgUaLouqOcC1IdLCeANQfwhWrSH490WTh5fwPXVXVx74w14Hg2+pjrsOwkBS8IH3DTy/3Bky2QGi9jNGMJvL8A1zZ/E/I8l37I6mGpNAbBfA21a9gGwlZWV1RGTe+Zd8L76/4Ei2OkbJKNAtDIvuXSSAJydwBjVkajT1KmpxDqT74CTLpNRha0nr504I13nJVSZBCsnA2GWGgt/Iy88XrxCPTqNrY96zi0JvwRbZ86LlRkWyda5VxA0LOlQtNIzrocrQ6N2xStGR/7D7a6sTAwzOZKkeYXmTp+RrqcMlPWHzJYrtmQcXnWHQnbFejTd0etca2VLXneZEefVhQ4pvUJY8gyW0+OM/yivUBf4jwJvCvGHK0X+SHuQ8IfCvGHL6DIS/1F9uzPnxXXpsOrhjXxHnog37A4JOW9YfxPxRrQIKjUXVfBGgT9S3qjyR9BdZf5IgVaANzn8UeZNhj8i3rA7tDT5I+KNKn+48Q5TFuGNZEe4erxzsPlT/DfIMaqnulUff+JSqPL8Kf6bnNE0j5c/4gvHHcw/QWK44r9Bzlfz4OYAACAASURBVPgHRPzJ4Y6AP8mR5PEnO2GcK1TFHxFvWP/R5Q1bavImI2XesHUJf0T+osIf5PhLhj+avGFGos0b1XxLNV7WjXdiv4ume9y8Ify66AqG4h3280093plE3jB1jp/QZge0u5T1M0Kx3FwMr03CeXEQ+ET4UBgUweIAB6AOfM9Hx21iZWMbU+02ev0+5o8dQ2dmHrdXN3BiaRFnFpfgDHug+zvY3biL6fkuBsMh3GYTlAB9SuD5DjBswfGaIKQF4jWAQQvNZgMggEc8ECe4w+a4DhrD0IN9hL9MPATFANMNgvmZNhbmZuBQCiB4AEzZJ/bxLJLUPK90TgDDNzKGoFNzoK1pOIO9kf8cqPs7VodFpNWxpq1A9gGwlZWV1RETOfXO4AOVUvhxPExSvwnMRljRCj/2N4HTO4MTK1SZelSmjk9kDjSVSSCzAj7sbiJHEqwApqODo3pQFtyB8B1/DPcDj4snc/ca6JWPg/7Hfwc/6iQA8oN/C/fbHgR9fh7eZ8IpwUfh/uwvg+Dz8H/tg/AV8lznw2/AuQzQpy7C+xsF47JxPz8PGP2tcAAd+QVT19mhpbICXlKOkl0k2o3MMKpnxybagZB4HYy/qJQ6OxQSDlr4N/CywxKMV3Cs6QRKuf3I7lH7xeyvtSOU428i3ozmPnVXIjVQJf7o8kbT32LeULbO8R8F3mirLG8028/yJvx7Ud4U4o+cN6P3csJ/UuMV8Wc0gYV4k8cfjr9Jv2FCZpSa7V+2/Qxv4o+rgvzR2SER+1mCNxr8UeKNpv3N8QcHkz+KlxfHO+FxNcU7qvzhja2WeEfZ//J5Uxt/yiqv/RzejOKd6HBD8U6yLBnvcHnD1mnkThz7V8CbzI7LunnDStfflNsX8Iats/ypJN4ZlRl/0eUNhz/F7F/28y6fP0KV5U1tn3cC3mT4U228o3N/hx2oiDdBVcAfjv39mSXQRgvMCdgfetiaOh62QQAQEOIGdRK0SRwaLixwALhoNhvw+wMMegMcO76A9a1ttKc66M7P4uy5M9jb72Gq0cD2nbvotrvY296Be+wYnE4XQ/TRnFkABbC2s48m9TCLAWZmfLjDAbz9PpoI7q+Rhgs4gD/0MegP0fYBP3ywSxwC3weIP0SD+GiAotNwsHRsHvu7O+jOzoIQgui3fkfjCz0jWgBAKbY6x7G/8To6roOkqNMEbU6D9ndH/pTgTeH7O5r8AVvXiHesDosIYH8H2LjsA2ArKyurIyb31CNw5s7B37wRhFUE8W/+RjEXieoAgNEOvKAa1nOW8tH4rOD8ZBmvTBXuwEC6nhBNHsYkVNx6pvXs5flluCI9Onj1KdCbG4medIClB0BOPAjyyK+BLJwG/eQ/T2aW8cyNdn5Gpz4O8n2XQZ68mu44Wy7+KsjFeQAbwZwT5jqJhIqXULLpVaYuMh8US+GOF8ZfRHXJCnhpmekw6y+i5JLfnGgHgLDkmS1+PbI7W8/uwJPtgBBaIHknI3fHRSSmHrfPny6p/3Ca1/If4Y4Xgb8kHDXyt4wDpy2ULrV5I5gQCW/Ys9V4w3aH4z/hRLMlkvU8/1HawpDjPxneaPJHxBtV/mT8TZM/iYkuxB8eb3T4I+KNKn9UzBcfz/EfdmenLn+4b3gefyLJeKPJH4Xm83nDluPiD/LrowlL1yqNd9jujJM/kWT8Sc+W6Gyx/SX+wpZC3kTHFeSP2GLp8kDGOwr8EfiLEn+4look4096/OPjjcB/cngT1/MsVjLemQzeRO0K+GOENwL/4fGGdcfEfGX8R8QbVf7weKPDH2PxjqjDrP+kJeSNyB3ZMtdskf1z/Cd00FQ+r8Ef9XhH4D8i3jDTG8k8fwS8YesJv4k6GPmfiD9p+wtKbf6kZYw/3UXOAQSbXmK0JChHv5sb7v4F4BACjzrwKYXvEziUYOj7GA4GGHhDbGxvA802nGYDe2truHHjBu49cxrtVguUOnBaM+gsnMTt69fw5q2baLhNUKcBpzXEYn+A6e1tzHS20Z3tY+H4AkhvCNog8NCEhyYGQ4p9QtBqT2FIfTSbFL7noeW4GBAKSny0W024DQftRhOEhL9ZHJqJEKTmmiYtTgk2fQcdN2sL2uqC7K4aybdyy4r4Y3V4RJpt+zvAhmUfAFtZWVkdNTWngMX7gc3rSO3kjVbm+RTBdz2zKzeDyIsml/JGD3sp4jqif4KCCIJ8NtlJ/VFwg094obxSciov4YoGROkoycDW5+H9x49nE63jPwrnv/ttkAtPwHnfP4f/BcHKVdBUl8jDvwry5I+CIrtiNSrJ9/4QSLQwk0arL5mBxUvAxWPk10nct+DvaXub+g1OcOtRP2Q3XLhewh+Qiq/IpOl/I79H6O88u0d/112hrrhDglkBH3V65G+jmyLJemoAwjsICv4TuZ/A/rmlwgrhjP/krgDOvKOR6z854xbavwRvMpdK8UbAn/hlwY4HtpT5i8T/RDvSU51OjVuVPyLeIDSjIn90diDI+KP5QDs9bkGpo5L+Nxb+sLyJbsJm+MPhDVvX4o+ANxPFH01Z/mR5I9iRnup0znhzeVMFfyR+pscfTikaYBF/411LI95h2xfxhq1r8UfmN2XiHbZeN29U+MPlzcjfMvzJi29kqps3YKIzJd5EL9cb78TTkYl30qXYu8YT7+Ty51DFO6q8SdR5vNGMd8rnW+mSsvX4YBF/9Oxfb74lUUn7c0uV5qbmOe1TbNBGcH+KBMv0iRPuvqUEQPCwM/hC6GA3LnUASlxQ2sAAQ+zs72PoU1AP2FjfwI23buP1V69ittVAo+XAcRwsnjqH6cXT+Nobb+KLf/1VLN+6DcABpQ76A4rTJ7o4eWwG9144j4tnTuLChUVMdQimmi34tIPtgYPrd+5gZWsbW1v7cNptLByfRcPr4aGLZ9EDsLyygn6fgBKg5bbggMCHA2AIIPzZtuR9ODp6txBCsUVaOIlBxiC0ORXbXSffav6PT6J5b5dvlJ2rGH72n6L/pZer4c+P/R6m330Z/lfei/1PC46JdQaN7/soGu9+DM5sF4jute1chffCf8DgD/4w+FY/VT3+65j64GPAlU9g7zc+BQBo/dxfoXHyKoY/9xPoAyD3vh/uQht0/evwrrylc/WjLbc57h4cOtkHwFZWVlZHUO6xe+C99hfhb/qOVuyldwKP/p4qo6CfXcEuXaGcLpMKrp+ogHMQJH9PNRAlNKkWUmVmxwFvR1SiL/FK4uT5a38A/xs/Dfe7/iuQC/8YIL8dr0yOTuQOp/s4yAcugX72jdHrJFEe/2WQy6cSlyGyBbNqCVVKzAWZlZnS38ADswI0sVJYtEI03T2mLt0hke55pq49fsF0hHZOb+nk+M/I0ZHcmZCqs/6SLAUr0kdmiI6PesDU43YS3U10U7QjlT/enFIk4Y7IoCz+G3hZ3nD9RXuHRHrosgXs8vEnLpxZkq/AH9EOTNYfRP7D+J38N/GYOuGXYOtK4xeUKYl4w+9Q8d/gVOSPdIdEuudKvNHhj4g3B4Y/6W7J+JM//pwyc0KoieNPtkz23Cx/BLyZaP4wpYg3xvjDXsAMf3LjnVL8yZbJnpvljypv2LqEP8nXZaWIP3GLEv/RjXc4U8AthVcQ8Yc1mIA3rB8o80aDP+CbX4s/SirAG0X+6POG/byLelAu3slMx5jinfK8Yf1Mwh/OcFjeMM8LFXiTHHf4n4mJdxT5w8Q51edbCrxJlKJ4R8obY/mWxH8S4yzEn9R8i/iT5Q1tz4JnuF13Km6WEBI8DAYJfIlE/jDqG6WARyg84mN30MPa1haW76yg1x9iYWERt67fQH9/ByfPvw3NdguLJxdx9vxZrNy9g6e/9Ld4860VNN0O3EYH29t7WLm9gTsbe2i4y3j9+ioeOD+Pb9+5iEtnF0Fm57C5McTVa8t4/cYtvHjrJq7fXsHU7DwunTuLC6cWMT0Ephensbc3ACFTmOl20Wg2QjtGcxEUjhP5BAA/fMkPbLjbmAGwnjEEbU2Fz2f1+BOb642n4K+MzIbjj8C5eBmNH/k4nOb/gP2n3yrMHyXe5Oo70fpfPobG2S7gb4PefAb+7VXg+ANwzl6G+x3/BO49D6D3q78Cr0wzjBof+EU07+2CXvkE9q58yuCVTekBNH7kp9G494za4XtvwX/+t9D/q5er7VbDPgA2LfsA2MrKyuooav4CQAEfNA7+2RWhJLEiOfNbv0w9fp1ZIcj+ZnD08JgCAA13CNMwGVBZEZgjikQSJlwhLNmBwJZ0dHHhDoW9/eCY2Ucz7VLQ7HDufg107lGQd/wayGd/lPtbwOQffBCksQ964zbIuYXguirzQZlSOmH55egykf349UI7ZBRWJPNXtEf94tR1dmQx4xXtSIgOztgdKLcjKtf/MFp1jaT/MHXJDgWd8XNLlWtwy3x/QWx/hGZTs7+ZHaGJuTPNGw5/tOyf5y+8Uuh/An9JDtJEQi20v+K5wvYV/KeA/bV3YMn4w/Imb/yFeJPjP9DkTy5vWP9T8J+8cSuMv1r/y+cNivJGkz9g/A3G4h0Bb/L4o2X/YvyJPo9Y/sT/rM3+gmOV2xfxp8TnTx3xjvL4R3GGUf7k+YuC/0l5wxuTwmHZ8QtKXQnbF/GnJG9k/qcY78T8SVhcd+Ai3qRel9nfGG+iuc7xn7p5wztX0n6WN9Hf6+FNKj/P4U38Xs3Lt3Lfb2LepOvVxjsjf1Hwn2TV+OeNoiTtZ3mD0Ez1xDvs/R1RvFOYPyxvMvzh2L/VDScBo8CEUOy6U3BIsFPXcRwQhA9+ox3AYYOxZzrh6w0X+/0elldWsba+id7AA/UdTLfbmD93Ft/13vegO9XGgw/cBw8+vvSFz+PG1dcwOzuPxaXTmF9Ywlu3bmN9ewcDQuC7Hbx5Zx876+toNYDFxeOYn2vizp07uPLqm7i9vApv2MOZM+dw4fxlXD55GueWjqHb6WB1bQ1DjwKugxMnTwCg8DwvML8TzC4BSd07Cj7zCUAA4hDsNaaB4XrKewAC6rZBafQu0LM/ANDbH0Pv35OE3SnI3/84Oj/wGJz3fBTuX/4CvIL8KfTeSajxk78QPPxdeRr93/lFDFeSr55B47/9P9GY+UujD38BwH/pSQzXZ4FbFT8wLar3PoHmex/TeFdehnOyBf+vfgbDCrsFxz6uNC07o1ZWVlZHUGTufBAAIoil4p2/AJBYCZraIYxwhzASKwKDE1MrAZN1IPF3Nqwg4TpFMqojeZggConPYRIq1RW5mebCvnF/MyhxUvz3sIF45Xn81TEvY7QSOTotuRI5GsBzoK+fArn/cZD3XwZ5mv0t4J+Fc+8lYP2PQVceBDkXdCr7G8Dp8coSTDbdkiwo5qzIVF0RrL4iPZrw3LrIIYQ7wPjjz4i5rOqOgLhM+V3kD0w9Pr74inQw54HxP2TK6DBJgi2aXtF0M38SNp/0B+T4j3BHguKOmISjJnmDxHG5A1LkjUjavEmVAt4kX4fEfyL+JEvOcSL/EW9piCTxH13esHVd3gj5o8gbVf6ILHdEeCP0H/kbPtFbIGNxQ7yJXuB2Azn+UgVvBPzhlhneaPKnjngnPl6RNxz+aPNGlT+G4p3M21mVPwZ24EUTztZTpfANcRD4w/EbQ/GOmDvRYWPgD5DjjiL+KPIm0TEhf3QGJOKPqhR5w9al/An/K90xrsmb8vGOAn8Upiuui/jDuWyaNzDOm1S9MG8k/iNxSxFv4nqu2SYxv2J5E3VYMh8CieIdZf6MLd6JqgLeqPJH8nmvGu+g1UmfEL4J9xtTwb8JQbDjd3QeJYgnm1CC6FaQA4AMKRpw4MJFtzuP3toGZrqzWJjrojs1hYceegAzU200XRdf+8ozeO6v/xqD3V3skQb2ZnZx6nQT73zkYcwdm8bfffVr2N/rA0OK1b0eltcHmFk6j6WL57Cy4WN3cAV934XnE0x357FwbBGXTp/DxVNLGGIP+zv7mJ2bBfWauHz5MgDAcRxQEjiLQ0YMSc7UaAEOsN+YDr4tmrWf2wYhRJs/o2ayvKFPfxn+dz8G99gluISED1iL8gcF9QQaDy0CeAveZ9iHvwDwFob/4ScreaDp/eW/NP5Q2aj+6svwP/AY3Bn1U+itL1c+JuK6xc1txZV9AGxlZWV1BEW6p5Bcc+vT9E7gKGqMd/aGdXaFHvXTAWaclBT5tNa8wZfoiLjUaTzVHrtCORrbqIHgsIsg935b8Jc7fwzZSvj4r5/9NOg9HwV5xy8BT/9UcBxFkJT+yIdBWvugf/NL8Of+ffjTJIIdEsLxsxNG4r6k64myyIrxQjvwRv6DZD0x/7R2+wvaU26fZuoiP2DrcRnaX2uHhHBFfHKOs93nDic1XjZrFPhPmR2YKv4n85/UjoSsWbSkYm/eOYUaZE+I7B61L9ohIbG/zF9k/ibdgY50XTj+fN5AZG8l++fwR+Iv+TsUILf/YeeNjD9C3rDXV+BP7vhJPKbEGbGdURVvuP4n4o2YP0oqZX9BqdE4lzcZ/hS1f0X8CccZf77VzR+dHVCcejreGfGnfvsL2tPgT+gm6Xoeb9jSKH/AXD+fP/LxK/JHhzfK/Ikuz/hLWd5ojZ83YYm/lW5fzJv4dRiOd9hShTfsQCW8Yeva/CnEG3G8k/GfFH+gb29j9i/bfoF4Bzy7V82bxKA4fMnUY0V2js41wJ/S8c5oOAcq3mm0gxNS7VEM3E76OEIQPKoMHggH35oc/aIuQZM48B0XAMHJ+WNYnplBf3MH6xubOH36FDpuA2fOnsaZs2fgD/p4/ZVX8Ozf/i121tcx9F1sr65jZXMXX//WKzh/4Rz+0T/8fqytbeDWjdvYWt0AGsBOv4+pmQVMzc7jxNkzePd7vgNfe+5F3Ll+FVfvLsN3G2jv9bC3dRfnzy1ifr6LpaXjaNMpTE9PB/12HFBQ+ITCIQ4AP/lGQbzUgQCUEgwbU1wDUbcRM1GXP+nrMbxJvXwGje9lfofX3wZ9/TPo/8Yn4FEA+HG0/+kTcKdGv6WL6O//jPm7ir7vETgOgJWvo/8NxXOWPoTWT3wE7tnFYMOH3wddeQbDP/1ZDFSvAXB+ozgcA57B4MlVuB/4Xjjhw1e6/DSGv/uLGMQPqM+g8cFfQPPdj4FMhX249hkM7j6G1mOXg6+VDn97GG9/Au0f+SDc+XBOh9ugbz6Jwaf/JeeBd1KfQu+3W2j/1E8rPQSmV34Lvd/4lJGPg1zFu2ysTMk+ALaysrI6gnK6JxBFY1FMRhHECuzKveyK4ShMjF4P64mEnl04mz4vHe9H7SYXlBKmnirjPjIJEy+hyiRYORkIs9Q49RswjdNwHv3R1PGk8yDIIx8GOTMP7H4e9MlrwVyloqHEHNHR33D3fwd9/cdA7v8gnPcR+F+Ipv0JOPddAtY/A/r0GyAfTFwnOX5mOuKJTA2LZOvcK4zsrVTGQX204jNKEsM+hu2KV4ym/SfTXVmZGGZyJEnzCs2dPiNdZ1YIi3cMCMqkw2vsUMiuWI+mO3qda61syesuM+K8evaCsjOYE3gGy+lxxn+UV6gL/IfDnRxrZf1HxB+uFPkj7UHCH7j8yfGXpJ+lyugyEv9Rfbsz58V16bDq4Y18R56IN+wOCTlvWH8T8Sa76p5VRbxR4I+UN6r8EXRXmT9SoBXgTQ5/lHmT4Y+IN+wOLU3+iHijyh9uvMOURXgj2RGe5U902uHiT/HfIMeonupWffyJS6HK86f4b3JG0zxe/ogvHHcw/wSJ4US/ySnnD+MfEPEnhzsC/iRHopVv8a5QFX9EvGH9R5c3bKnJm4yUecPWJfwR+YsKf5DjLxn+aPKGGYk2b1TzLdV4WTfeif0umu5x84bw66IrGIp32M839XhnEnnD1NkeEAeUuOAZbEg6AI0eLPkgJPCRYPevH3THceBRApcCnuPC9waYdoCzC6cwuPwAXnjtNfT6Q+xt7+LY6UXMzM6g3W5gZXMNt1fuYGNzF+fO3oPl7R68vT5Iu42mA8wvncD3//APodP08erzX8O1q9fx2reuwN/zsLW2ib0zC5g7O4fptVlcW1nGGm3gm996BWfPX8JWG3juhedBuo/izIl7MTU3jVbzOOA3QRwKQgg8n4JQCuJQOISAfYBGEPyeMSEEvtviG8JxQ1dJ80Z2fyfZSoY39z8AZwrAzip8ApD7fxrN73k/yN4q/NefAd1ogdz/GJx7fxytn17F3r/7VNo1IrNG5ha5S47ck4vBeDZeVjtl6cfRfuIJuDMAXXsB3murwLl3wj39nWh++PdAfvcn0C/7jc7OI2j+EEBvfhnDlwDngcfgnHw/mh9+AsN/9QlQAO6P/Rpa774M+NvwrzwDf7AI99KH0DrLPvr+CDr//Y/DafdBr38Z3m3AedsjcO75EJoffAHD330qvy/XP4nep8+i8+EfzP/m5eU/Qf83Pgm/5NCVlGGjVVnZB8ATIh8UQ3+Ige9h4HsY+kN41Ee0fpCAwHVcTLkttJ0mGo475h5bWVkdZJFO+LuycQBPAIrgq2PCgDr+DeDEk13KBNiZ13N26GR+CziROaR3HkenR+1kRcPgf/SqYEdCNBzeinEaJH25ZXS9c0/AOSeYzPWn4P/hjwaBEI2YPeoVBZjgNPgrferTIPd8FOQdvw584aNBe//wx0A6+6Bf+d/gUzo6j9J0wCsSlZTsscoJPKvIjkxdZ4eWygp4STlKdpFoNzLDqJ4dm2gHQuJ1MP6iUursUEg4aOHfwMsOSzBewbGF7V+2/cjuUfvF7K+1I5TjbyLejOZelHgIdiCw/NHljaa/xbyhbJ3jPzx7l7V/Wd5otp/lTfj3orwpxB85b0bv5YT/pMYr4s9oAgvxJo8/HH8b8SfZZw3+1Gz/su1neBN/XBXkj84OrdjPErzR4I8SbzTtb44/OJj8Uby8ON4Jj6sp3lHlD29stcQ7yv6Xz5va+FNWee3n8GYU70SHG4p3kmXJeIfLG7ZOI3fi2L8C3mR2XNbNG1a6/qbcvoA3bJ3lTyXxzqjM+Isubzj8KWb/sp93+fwRqixvavu8E/Amw59q452i93fyeBNUBfxh7Q8f4e+UgTkheOBNgGhpAKU0fs4U/9SZHz0G9wFvgAbxQfr7+Is//RNcee1buPed78Spbhe9rW24Z06g3ZkCaTRBQdFuOHj3u96BY905vPTqa7h+6w7OXryEs+fP4vSZE7j72tfxrntO4/75Np6dncZgfRXeYAfLb72F+++7ADQbuHDpMj7ykx/GS8vLeOXaVTxw3/24dHIR+7dvY2FxBu1OByDBrt92pwOK4HkCJQju6UVzxpnm8HE3aDQ/rP8QB9FvALO8yb+/E57R+gDcb084/Py3o/Gevx9c6dpTGFIKvPxbGHz6S/C+8tmRxZf+CTo/9yE4Z78TDfopDJPci3mXqDD/lMmZmVU/GID7vR8KdsNe+yT2P/FbcVPuh/8A7Ucvo/E9H0H/5U9qXTOjdgv0mZ/F3u9/Oagv/QI6P/+DcBYfQQPAAB9B89HLAFbh/cEPofeV8LylH0f7Z55A6onQ44+BtAFc/0Ps/ZtPxH8m7/oQ3B3Jw99I3/gV9J48g84PCH4PeOcZDH73V2r8OmsRJ6yKyj4AHpN86mNIPfS8AXr+AHteH9uDPewO97E37GPP62HgD+HR4O3lEBczjQ7umT2NpfYcGs6UpAUrKyurHLXnQEEyO2+j5IAAoGT0m7/B66MDg/idhOfklPGFOWVi5XPQLGEOy//QJ6k+JwLdZF3cumQDSLgiPTp49SnQmxvpDqw8CXrjK6BXr4Zzlsosw7aSOz+R+jvWfincBfzDcL7jZ+D/zYfhPPwosP1UsPuXAIi+pogkV8iHSiRUvISSbTVTF5kNiqVwx8uoTIw2W5esgJeWmQ6z/iLxH4E7smcLS8bv0v4W2Z2tZ3fgyXZACC2QvJORu+MiElOP2+dPl9R/OM1r+Y9wx4vAXxKOGvlbUd6kS6TrowniT4iEN+zZarxhu8Pxn3Ci2RLJep7/KG1hyPGfDG80+SPijSp/Mv6myZ/ERBfiD483OvwR8UaVPyrmi4/n+A+7s1OXP9w3PI8/kWS80eSPQvP5vGHLcfEH+fXRhKVrivwR9kLg7pPHn0gy/qRnS3S22P4Sf2FLIW+i4wryR2yxdHkg4x0F/gj8RYk/XEtFkvEnPf7x8UbgPzm8iet5FisZ70wGb6J2BfwxwhuB//B4w7pjYr4y/iPijSp/eLz5/9l7syBJkvMw8/OIyKuy7qquvu+ZnnsGM0PcBylBBEiJlLQibW1ltF3pZakXrF6W+yJbWyNf9kXSw5pgMmnXZLsyGQUJMnAlUVoKIERCoEgAxBwAZjBHz3RP393VXXdl5RUR7vsQGZFxeRxZ2dUH8h+b9vozI8L99/+PL39Pd88ow5+x5Tu6BsfjJypa3ujCMV5mus33f0b8DAI0Mp4vwZ/i+Y4mfnS8iXWvL+Pnj4Y3cT0UN34D/fjT8Sfqf01Zmj9RGRd/hieED/Dix3/2ryEMhBAoMfgVPLxdvwz62hVgmApDOnR31rl16SKffOFZPvelv0TNMvjg8kfcvHmLY6dP0LMdpqamOHRokWllY0nJr37xU9y5e49r126waLZpdDbo3+kzV7PodbaZNiVHDy+xvn6bjy5d5NVXXsJqTlGv1Tl8fBm3ITh/8giLC0s0G3Vq505gCclOt4dC0ev1sCoWUoAyhGef8H7AGqmfphMCkDLUayEZ9E/58dbg2i/+NtUX4xftoy59jf7/8x8Gld/Gee320Cfnfx5zrg89wBgcEuZMCf7oRO7tAtOFjzePHwVauG8PJ38B3D94C/XiUcTKq1j8830+M/gKrj/5C7B2BdUBGtNe1/iTumuv0/9h6LS1r+Fe/9uYF0L2vHMR9cuvIo58ifqv72K/+S3cS7dRb36jVBvVd/4u/ZXfpfbxM9E3nCs4X/+7oZ+mPghRmy/7KgAAIABJREFU+YdMpJRMJoAfkHTcPmu9bT7avcPl1m2utlZZ7W6yY7e9SWC3P5gA9jbXm8Lg+NQy/8O5X6S+eI6mNZkAnshEJjK6iMFzUWRoZ65Qg5xKKjC8TE8OBlpKCJBeQgjDZwMHOxAk3oAqtCMhPvEZrADWSdpIpsDhgZJWFj0/3D4FwQpl/zq738X9d/9IP+BKrEQe1uLpKtakge4/C/jFvw+zn0RMd1E/+C0UXv3GzHzQuMSqR7/RGfbGXx7qYtgGBsn7KCvEs1YAh3pIu4I88wuXuIcyDBxHfjhK/IXqT/e7/3rZFeoFd0jE4s5v9DDehl+KhPWIAdpvEArEjx9+Gv9nlgV2KCTiJ3PHU+KOJjN+MuzW+l/HmRHiL8obDX+CtzU7HrJ2QOSVKfGm25EeaXTE7qL80fGGgRsL8qfMDoQ8/pSc0I7arSnLyD7j74HwJ84b/0vYBH9SeBPXS/FHw5uHij8lZcKfJG80O9Ijjc6wN5M394M/OXFWjj8ppc7AUeIt7Vol8p14/TrexPVS/MmLm/3kO3H9oHlThD+pvBnGW4I/WflNnhw0b4hlZ4V44799sPlO0B2JfCda6qPrweQ7mfx5rPKdorwJ6Wm8KZnv7H+8FS1VXA8O1vGnnP8PdryVI/v0f2pZoDohbZRZjdWnsJSNFHXvOy0RskSQskbCQEoXC0Gz0WBmqskrH3uZ1u42hgHnz5/j7u4W16/foLWzg4VkaWGO3fYORr9PvWrw7IVzXDh7CoVCSgchLGS7xd7ODp1OF1cpbCmx7T7t3RbLszM4hmBudprGVJ3d3Q6YBpWKSaVmYbi2N4EtFY16HdOywDJxhYGUEiVAAoYR/WlmpRTezl6FQmFJ/yeEYw6RTuD3cuOtwdWufQs3mCTso669hrz2h7jX/WoULH+Zyq//Jtbpo4j4jFQnxc/74c9A3LvrwFHE3IUCac/zUBn8Gf+t47W+Z7Gxr09hTzrr2e2o1rw6ZD9xnLO9RjU8ob32VXr/fonal7+E8cnfpPbJ3wSnhfzw93H+3VdzngEcFffrv4Xd/KdUnl0aVLaO+83fKv7s5HGJ2ofDJ5IqkwngAxZXSfacLq+vX+QH997lyt4qq51NNnq77Dpteq6NqyR1s0rftem4PVwlWajOcLyxzGy1ScOsPWgzJjKRiTzqYlYBPzEcrgz1dwR7+uD90Apib7w4XPHn/3hMcJ3QOJPECuWhEk+8RKjeIJsqkFUpQkl6JH8VsaQhOeJI7DhI2xEVakuwkjh2flAODBexepPmiOF5wbOA/1vMmTlv9+8fXgv6cnhKTNd2RqzMlNgFY6Oe3GfgEVsBGloprFshGm1eTM/dIRFteUIvbb+mO/wgFDnxE3yBEvJ7XM+KF82K9KEb/OP9FsT0oJ5Qc0PN1O1ITbc3o9SJdkekV47+DLxYqYuf0jskoqbnLWDPtz904cSS/AL80e3AjMdDEd5ESv8yOfEj0kvieiH7NWVEdLxJb9Doz+AsyJ/cHRLRlhfiTRn+6HjzyPAn2qw8/mTbn1EmThjIQ8efZBlu+Xj5o+HNQ82fWKnjzdj4E7/AePiTme/siz/JMtzy8fKnKG/ieg5/wu/nlTr+BDXmxE/ZfCelC1JL7RV0/Ik7TMObeBwU5k0J/pDu/lL8KSQj8KYgf8rzJv5557dgf/lOojseUL6zf97E4yyHPynmxHkTmy8swJuw3YN/Hpp8pyB/YnnO/R9vFeBNqNTlO7m8Gdt4Kyd+QnaOxJ9If+v4k8Ibpw9mLeG4muzRFQ0vdhD433MJAUJ4k+K+DYYywRC40qZWbbB05Di9nsMHly5x+f0PWFhe4sTxY7hInE6XWrMGZhUhTGzbpttu06xWmZ2qg1B0etC3FdLp4/b62N0eWxsbHFo+xLknzwM9KqbEdSSybzLVaDA9s4gUAoWLcm3sXhtpO+BKLpx/Assw6TkOwjLxJrWFd7wSGDLkDaEGfaRAKSpuJ9URQjrR7/sK8idw193fwf56EpND/wusv/IVKueXoHMF952L4IBiBvP5TwfHRkKjDG908s23kL/wPMbyC1SfhV7mZObbYA/+NGJvLVe9dsnRm1JY+j3PbKOaMN2aW04crr73O3S/9ztw4tNYFz6N+fKXMZ/+m1Rruzj/uMzPVd/G/r//DvyP/5TKOXC/+Xfofef2Po0ZQdSBPGn4Z0omE8AHKK6StOwOH7Zu8Z9vv8l/uP491vs72NLFEIKaUaFiWFSNCnWziislUimkUhyqz/PM/ClOTC0zU5ns/p3IRCayf/Gfo+stE/QSaDn4Ak/ir+mLZlzhHcOQseI4trQ1fFyQwIRWICsR1cskeJHT1PDFIOH0XhjoOTsQ4mVwPX+8UXCHQqjWhDnN0wgUctDg4FnAU97uXxka2ATtV8PVwNmdESvzjk2OsyPl8DK+/9L1kXbIFFiRrFthqiIGhPQyO7Ji9up2JPgHZ/p7lB0KmfHHcNU14fiJ6Tk7FMrYn1oWuUZqmR0vBP5n4LZi/h/PjtAkf0YZUKbyJoU/pfyfx5fC8aeJl7CRo/g7rROyyrxztfUXiJ8R/F96B1Yef+K8ybJ/JN5kxA8l+ZPJm3j8FYifLLsL2H9/4y+bN4zKm5L8IRZv48h3fENL86eU/0fjj/95FOdP8OeB+V9zbOH6dfzZx+fPQeQ7he0f5hlj5U9WvBSIv1zepNlU4LCk/ZqyrGjr1/Fnn7zJi7+C+U7An5DHyxqu403k/Tz/j403fl9nxM9B8ybt3Jz6k7zxXz8Y3qiCvAnu1azxVub9pudNVL+/+c4wXgrET1gd++dNQcmpP8kbBm46mHwnEj8Z+c7I/InzJsGfpP/pd6A2HcSdX9bdLt1BC7z5UuH9ZDJ434MZwvseTHnfiRmDCVXMCodPnKK11+H9d95h9eYNVu/c4Su/+CVOnT1Jo1ZBSIlt2/RsG7tv0+9tMF2rYCobq1rxdtciqNUbNJtTrN66TavV4pf/6l/m1JnjVKoW0u0jqIAQKAX9fg9pGAgkQtpIVyIdl6W5ec6ePo0pBFXTxEF4dgrhhQGebfF+9LwlqDvtWOcO4sfp4T8DuKz/hz7J5o9oeBva5Nu/Qe/rg3h49n+n8QqhHcDfQe59BaOxjPg88F3vdfELn2a0p2F+FfudX6D24lHMX/8HVP7xb8V+zvgo1q/+Nmbz/6T3r17HvXkba+Uo5vO/ifhO6BnAv/yCZ+3d1/f5888F5Luvo770KmL5VaofJ/IMYPNk/OesfwXrsxdx/vQi3Pgezo3v4fxRjfrf/xWM+TPxKxeQ29j/118N5sEfhCj34J42/LMikwngA5Rdu83FnRt8/cp3+fO191jv7+BIiQDqZpWz00c41liiYda43LrDrt3GVZKGVeXFxbN88ejLzFWbiLIfmBOZyEQmkibhFclelujRRQxfMgShpM5/f7giUAm8BFl4uvdGSA8qGJbBF08pK6JV6OVc1IUGUsFQIjTA0q3IDVUXKv0VwDE9dFLw+qCC7JXowx6LryQO3vFXpG7+r6g/nYfZK6g/vDZM1sMGiNDxKfYXGWDGh1s5C4pTVoQXXRFcfEV6YFuWnvBc3AB0Dc6W2GWL7ggIynCcBf6P6cHxo69IJ3YesfgjUfqH5Qywdd2r6+7YS9rqw/FARvxodyQU3BGTwRv/uEyDEvzRd1WaFN0BkF5qeBN+n5z4SeVO8jhd/Oi3NPiSEz9leRPXy/JGy5+CvCnKH53nfkZ4o42f/Bs+1FpIeHxMvPHfSG0GGfFyP3ij4U9qmZLvZNmfEM3tO9Z8Jzi+IG9S+FOaN0X5M6Z8J3E7F+XPGHbg+R0e1yOl9oZ4FPiTEjdjynf03PEPewD8gYxw1PGnIG9CDdPyp4xBOv4UlYK8ieu5/Bn8m7tjvCRv9p/vFOBPge4KdB1/Ui4b5Q1j501EH5k3OfGTE5Y63gR6ptsexvFVnDd+g3P6QyO6fKcwfx5YvuOrGt4U5U/O533hfMdueyyN7TifcttsDbzu96XPJhhsghj0kTAY3DcCLIvj585y58ollHSoWgJlWZgoDs3P0+62sfs9up09tlu77G5uMl2p0Gq1wK3SoAkILBMqU02m5lfYbPf5xBe+yPzhk3RsiasMcE2kVNiig0WVimXgolDKxXZ6uNJBuQ4ff+UVpmemsQUIV2GZBkooXOF9ghiKaGcpBUjPVgOmEjuAB5rTI/0ZwNn8GV4gnz/OrVtUzl/AePnfU595HVW5gHHyGMLf8CkAdRv3xm2s5aOYf+l3qR27iGqewXziQt4tpBX3X/xD7K/8NpXTn6byv3wT69b7yNV1mD+DceQCogms/QoGr+N+6xu4F76CefpvUf97ryIvr8Px5zGPLHnPw/12mR21o8o/x/7Jl6h9/Azmr3+T+quvI+0lzNPPI4w+UA2OFH/916h+9gLVv3AFefsicm8G48Kr3q81blw8gLbeB5H3fYr9Z04mE8AHKDfaa/z52vu8ufEBN9trKGC5Psfp5gpHp5ZwlaTtdLnXvstab5u206NmVnh67hQvLpzj/Mwx6mY1t56JTGQiEykm/hrAQRlamecPdPyVmmow4PJW9DHIFf0D8BdiD54FHNKJp5WZzckZ0WjOiZ+L5ti8yiP1xVco+4OEYQXeYbqVyESPQ8WaFHv9T76CTBtvho9XQ8MCU+P2BmW8w0RQZ1QPlaOsGB9pB57fsmFPqbCqQs0v4/+0sozsK/5UQtfFQVwPSgX7fSZe/g5QUvWk/aGbOHRGIn72swOzSPzlxU+MP3G3lJIi/k47Z6QK4yeo4L5P509B/+fFS1685e5AJ6pr7c/mDTp/F/J/Bn9y4iV7hwL5/n/ceZPHHy1v4tcvwJ9M+0VgU+iMwM/cL96kxp+ON3r+FJJ9+V9Tlqg8lTcJ/ozq//vEn4GdwefbQfOnzA6oFD2a7wz5c/D+19RXgj+DMInqWbyJl2PlD7HrZ/Mn3/6C/CnDm8L8IRh3EY+f/fCmlP1pHRZ6bd/163kTvM+Y8514WYQ3cUNzeBPXS/NnJN7o851E/ET4Q3l/j83/+61/hHyHNL/fb96EjErhS0IPxPezf+4Y+LPvfGdozqOU74jujndCpD5FU3aGxwg/loI/MBWYypv0lcrAVRJhVbAdm0OnTnH1w3ewqhau08cwKrz71k+Zrtc5fvo4ru0gMNhpdWnt9TEaDrvtPUwDqrUGVq3OlFVBVhq8fvFN1vsKcXeb937vP3HuxAJPnjzEuePHmVuYZ2quiSEsKqpBpVZDugIpwbW7COFy6uxp7rRdXNNCGaY34S8EJgJD+R71Z1QHHSe83y0WQtF09gY2Rx0i7E7AxLL8GdaVzpsgjH//79Gf+gdUXjqD8fSXvGfV/uAbyFf+Jmaoue7v/kPsmf8Z6+wZzFfPQG8d+cOvIT/2NzFH2gX8Peyv/m3Ul/8nrI+/inHsVcwTg7f2biNf/wb2t7/m9dra1+h9tU/1N/4W5rHnMV/Fexbv3e/h/Mffwj6gOVX3679F3/ltKh97HuP8z2PIPuqjr9Hf+jTVQZ8AqP/6Neylv4X1xBmMp894v1zttJDvfQP7n33tYBo7bnEe5P7jx1MmE8AHJEopbuzdCyZ/pZKs1Oe5MHuCF+bPcrixyI83L/Hhzk0u7d5CKokhDFbqC7y69CTPzJ1mqTZLbH3NRCYykYnsQ0SQ9Hr5mPdM3+EKPfBHx54eeuav8I4XwZWCQ4HQ+GaQ6MXHO7HR27C+QWmEdOLl8IyknjvAyhiBxJYaCxG+vm9bKEGOl35fRU4b9JF/2UTfh8wT6WVwfAz/iU+DhFkiqadeQVNxzg6Vof/9QeKgjYN69StG/WbFd0gULENmhi0Ju1fr7ugZUT22Qli/Y0BThr9JKrFDIbli3e9u//1UbyXLtObGLM7StQGZe4XQjRt3WEaLE/FTeIW6Jn6i3R+9/TVl2JJwc1Nvl4TtsSuU5U08HlL5U4Q38dK/TE78FL3dY+cFeq5ZB8Ob/B15Ot7Ed0jk8yYebzreJL7PS8h94k0B/uTypih/NM0tzJ9coI3Amwz+FOZNgj863sR3aJXkj443RfmTxpt4OQpvcnaEp+Y7Pm8eI/6M/gxyhnqkWQfHn6DUyv75M/ozOf1ufrD80V84aGD2CTmOG/0Z5LH4QMefDO5o+BO2JIs/yQ5LucL94o+ON/H4KcubeFmSNwkpzJu4nsMfXbwU4Q8Z8ZLgT0nexCwpzZui462i+XLZfCeIO7+7HzRvRLquu8KY8p3451vxfOdh5E1MT4uTzjZpDpulP+zaQb8IQfA9l1AC0+8uIRCGhY2LYxjUppucOnuOXmuTva0trOoUH/70HU4cPsSTT5xFKpsd28F2odV1qAjodPpM1WvYroOJQNWnuLG+w7/8T99mvS24uPkhdq/LzTsN3n5b8dTJEzSnanzpl/4i55cOY/d6GIaB6zoYQiCQKKXouy5YNRylsCwT25UYpgAGdiCQItSPgW+9BQYzqj+8B0PHCKczCJUob/K+37H/6Zdx0uInNWxv4/zr38D91zGv/buvDnzit+h72P/k17EHBwTu/n+/Gj3x679B++sUlNs43/x7ON8scOjaN+j/H9/IPua7f5fOd6Mv9f/+Z0NRlta+r9H739ImZVNeXwb39/4Ozu+FXzxK5Su/BvRRt741aOu3sP/Ztx7oTzaPXdzHypqHQiYTwAcgSin60mGjv8udziYA52eO8urSBT6+/BS7dod3t6/xxvoH3OlsIJVEAVNWnWNTS7y88AQnppZDaclEJjKRiexflFT4M7r+Dl+Jn5yJ2CpXL8Pyy/izgP0MLPHsO+UnmtHz/R3Hfian23msH4YnVwBLPHM8NbZSN23FuPIGfZnl938V5/vh4UT0Ov4gJdAH3/qL3/8Ezu9Hmgv8I9x/8I+ir+WMc9W/OBWs3SwkKqeMH1t4AB8X348xvcwOrSIr4HPK4YCGUL2+G4Z60jbdDoTQ+yT9XXpHbtbxoQAd+Rl4SbM09mqOHdn/+63f97tf/2j+L7UjNCXedLwZ9n1x/vju9NQReVMy3gLeqLieEj8FeFNa9subkvUneTN4fVTejMSffN4M7+VQ/ETs1fFn2IEj8SaLPynxNuRPuM0l+HPA/t9v/QneBB9XI/KnzA6tIM5CvCnBn0K8Ken/8fGHR5M/BS+vz3cGxx1QvlOUP2m2HUi+Uzj+snlzYPzZr2TVn8GbYb7jHz6mfCdc7jPfSeVNXFd+OKX4/z7wJrHj8qB5E5ey8Va4fg1v4nqcP/cl3xmWiXgpy5sU/ozm//1+3mXzRyv75c2Bfd5peJPgz/3Nd8b5/Y7PG0/V8CfN/3sbntHRE5g2hr4f1jP4SwiEYcBgUlMokEqhBj9x56A49dTTXPrgXZ55/kW+9Iu/xHf/y3dYX7uHaRpULBPDNEAY9GxJS7lst9pUKwa1Wo1qo0FfSa7fusVuq43tVmj3ejRqVe6urXH8qbN8/i98kUOLczzxxGlc26FasZB2D6SD6/To9vr0XZO+IbCl9xmiANM0AW+Hr4HwvsuLLC5QCH8WFmgKl9A3Z0E/iF4L/xnAcd6M/P1OSf4Q10vkO4+XHKXy3/1LKif7qLu3kHevoOwZjHMvYCxUYfd7xSayH1FRdu9BN+Gxk8kE8AGIRNF1+0glWaxOc/zwi1yYPc7J5gpr3W3e277O21sfsdrZpON6v7nfMKq8MH+WXzjyEk/Pn2KhGn/I90QmMpGJ7FMGyTh+LhisEB2kXSKYHw6eBewdHlpZOjhQCYZJZWxFanwl6nAQGV2Rmr8iNtb82IAqVU/Umrx8eumvSCdou//lfKCHR5LxHRDB8RkjwEJLitPOH0hoQJU2oIwPrxJ6irvyxquRUrvjZVj6PZ6q56yAzy0TDY7HS078xC6n2wGgLdPcFbyfEi9E46LoDgitB2LxNxxQa+Ilrgf1p3dXbvykVF8qfrQ7XjTxEgpUP97SeKP1mPaGJ6oPOyi9Q3J4Ez+7GG/izdHzJl5G+JMVP2PnTUn+6HhTlD+JeCvJn1BHj8SfNN6U4Y+ON0X5U8R9wfEp8RPf2VmWP6k3fBp/fMnjTUn+FKg+mzfx8kHxh2x92GFRrSB/tK3QhPvDxx9f8vgT7S3d2Xr/58RLvNTyxj9uRP7oPRYtH8l8pwB/NPFSiD+pnvIljz9R+x8cbzTxk8GbQM/y2D7znYeDN369Gv6MhTea+EnjTTwcQ/2ViB8db4ryJ403ZfgztnxH1+B4/ERFyxtdOMbLTLf5/s+IH3/8LsJ6cf4Uz3c08aPjTax7fRk/fzS8ieuhuPEb6Mefjj9R/2vK0vyJyrj4Y7TuIZ0+yqqGDhDUTYOZ/gadqUNePIXbI0BKCcJAAUq4CCUwjMHGB1fRqdZ44TOf4dq777Dj9Li5cRen12F19RbTizNMNRvMzMximev0bZut7RaWcKhVLepTNWaqFvOm4sxsg7vbXXoNg9NnjvDi80/xsafPc/7UMaanatidHYRZRwmQuLhuH9tuIzFRWLgYCLOCiQAlo/0QmORP9/j3hLd7uNleoybMZN9LG9HbI/0ZwHH+lPx+54D483jJbex/+1XEr/wNzNMXMI9c8F52Wqgb38L+3d/h8X1KroLJBPDYZTIBfADi7QC2mbYaPDN/mhcXzrJUm2PHbvPNm6/x481Lwc5f70OpwrGpZT596Fl+6djPcap5ePLs34lMZCL3QRTBT8GEBzxSDWZ8/ZV6xFZsDlfkBb9MoAb/+JO+ktAAq3BzkiOZIudklQWqC/SB+d4buhXKMT1t5Xvk+BKl8vosXAYJO/7q75hhwRLw7O5J6r4f/dfD/i6xQjxrBWiox7QryMMeSJtgyoufEv7OlZLxNwiTQIm2VhMvOf7e7zOAdfEyNCdklG+A9huEAvHjh5/G/5llgRXCifjJXAGcuKPJjJ8Mu7X+3wdvEpeK8KYgf3S8GYU7abzR7EiPNDpid1H+6HjDwI0F+VNmB0Ief0pOaEft1pRlZJ/x90D4E+eN/yVsgj8pvInrpfij4c1DxZ+SMuFPkjeaHemRRmfYm8mb+8GfnDgrx5+UUmfgKPGWdq0S+U68fh1v4nop/uTFzX7ynbh+0Lwpwp9U3gzjLcGfrPwmTw6aN8Sys0K88d8+2Hwn6I5EvhMt9dH1YPKdTP48VvlOUd6E9DTelMx39j/eipYqrgcH6/hTzv8HO97KkX36P7UsUJ2wO4jWGmruWKg+r7OXe2tcnzqMIQBksFtWIAcne8//RSgQyps0UQauZYDq0zh0mFePHmXn9m2eevoZbKfL6z99i8///OcRwmSqUaXZMNjdcOkKwdZOl4q1Sa1mMj8zRc2UvPLcU7Q6LoePneDCUxd44YXnMJSL2+8xVavgug79no2SLlZFouw9ZN8BJehRpytqnhcEoCyv7QAYnq3KQBju4DUxsN1AIVnq3E11hOhsI5xOPocK5jueQx4wfx51ufEN+v8k52eoH0NR/e6DbsJjKZMJ4AMQIQQVw+LZ+dOcml7h5NQKP9m8xH++/QY/3rzEve5W8LPPlmGwVJ/lF4+9wmdXnuPU9GGqRuVBmzCRiUzkMRTF4Jm+SnjzvaGVwn4JRJI1MXhhkCbG8jnhzxsPV90SzdV0+b5X31BR+NcoZVCoAn9Ao6s5ZceBZkdUYuemrvT7KFwSTJGHjtfoIr0MW1DcfgokyfEKohXnPgOP2ArQ0Eph3QrR2DAjqufukIi2PKGXtl/THf5oSuTETzCAifqdhP81pWZF+tANOfES1BNqbqiZuh2p6fZmlDrR7oj0ytGfgRcrdfFTeodE1PS8Bez59ocunFiSX4A/uh2YRfmTxptIPIzIGw1/su3XlBHR8Sa9QaM/g7Mgf3J3SERbXog3Zfij480jw59os/L4k21/Rpk4YSAPHX+SZbjl4+WPhjcPNX9ipY43Y+NP/ALj4U9mvrMv/iTLcMvHy5+ivInrOfwJv59X6vgT1JgTP2XznZQuSC21V9DxJ+4wDW/icVCYNyX4Q7r7S/GnkIzAm/2Ot7S8iX/e+S3YX76T6I4HlO/snzfxOMvhT4o5cd7E5gsL8CZs9+CfhybfKcifWJ5z/8dbBXgTKnX5Ti5vxjbeyomfkJ0j8SfS3zr+pPNG7K7C/DHiDlyWe1zXVOdNBAvv2iltczExK1V60sU2Le5s7nD9yod8/gufQboSKSWVepX69BS7uy0cFHudHsaGQ8UyWVpYQCjFM08/gVmZplKrgdPlo/ffY2l+DqTNzrpkbn4WqzkHpoFUDgqQwqDvKKRpDvxmhHyYbGwamoQSLDktBrPfEUcYvW2Ix8MBjLeK8qcQbybyeEi/86Bb8FjKZAL4AEQgaJg1jjQW6bp9Om6Pq3t3ubp3l7nqNEu1OWYqDZZrsyzVZzkxtcwrixc4N3N0svN3IhOZyP0TpZCDfFgOEmY5GEj5ejSJS670iz8LOL5C0Bvc+tfxjxvkbip0fT/DE2LkBE8RGoRpVwjn7EAouyMhXmpXCJPU/QYX/kKhYCeEy7xjdfUOyuFlfD+m6yPtkCmwIjl9hWm4L2N6mR1ZMXt1OxL8g4v4u+wzgEd9RlWg5+xQKGP/SPGnq1dlxwuB/xm4rZj/x7MjNNR34+ZNCn9K+X+fvBGhdmTxZ2gAI9sfudy44i+QAvEzgv9L78DK40+cN1n2j8SbjPihJH8yeROPvwLxk2V3Afvvb/xl84ZReVOSP8TizefN/vMdDW+y+FPK/yPmO4PPozh/gj8PzP+aYwvXr+PPPj5/DiLfKWz/MM8YK3+y4qVA/OXyJs2mAocl7deUZUVbv44/++RNXvwVzHcC/oQ8XtZwHW8i7+f5f2y88fs6I34Omjdp5+bUn+SN//rB8CYyPs/gTXCvZo23Mu83PW+i+v3Nd4bxUiB+wurYP28KSk79Sd4wcNPB5Dvx73d0+c7I/Ilq5P9uAAAgAElEQVTzJsEfjf+3b8KJl4eJyaBctKBm7+KYM8m6hAD8SeDk264wkQqUYTK1fJhnP/5JlDD57Od+AddpY5oGZsXCqtcwG1Xau20M18ax+5hii0NLG1iVGvdWb7HT6tJpd+l1uyzMzjE91aRWrWJLm0azydKpMzz1wrM0agIXkBjYSuAaVRQm4Z+v9ieAg8/3EEfC71ftXeYNGbwaiZ72VtCn3hUeLv6MdO9M5JEU1Ws/6CY8ljKZAB63KDn8e/DhYQhBzaxQMy0sIVht3aXb3mC+3+VsdY7F6jQr9QXOzh7lxMxRDjdXmKrPYUwmfycykYncT/FXHPv5baBHS0XyWcAAwZI9hisAvRNCOoMKIuWw/ujbcT2n/bEBVdEVuYnqAhtUuj74d9QV6cTOC3TdkuKggfEBUkwvOcBMXG3oruwyuFzRFcHFV6T7HZ6p6wJCuwMs3f6ExC5bdEdA3D1e6fs9pgfHj74iXRs/4ZniSOkfljPA1nWvrrtjL2mrD8cDGfGjXRGctyJ9uCJZxxv/uEyDyvImJqV5EymL8qYkf1KO08WPfkuDLznxU5Y3cb0sb7T8KcibovzRee5nhDfa+Mm/4UOthYTHx8Qb/43UZpARL/eDNxr+pJY/4/mOljdF+TOmfCdxOxflzxh24PkdHtcjpfaGeBT4kxI3Y8p39NzxD3sA/IGMcNTxpyBvQg3T8qeMQTr+FJWCvInrufwZ/DvqLyzp4mX/+U4B/hTorkDX8SflslHeMHbeRPSReZMTPzlhqeNNoGe67WEcX8V54zc4pz80ost3CvPngeU7vqrhTVH+5Hzel8l3xNZtRGcTNbUwvAkHFzi6d43r9ediFYPwvwfT3OcCAWYV25VgWcwdPga1KXZaXebnalhdgWkqzKqBVa/htrsgarQ6LabqLqv3tlg5fAQhFEL1efL8CQ4trXB45QjVao1Go4E0DCSCrmVSrVeRsodU4GLQo4JDBeU9/XfYpqD9oZ7x/1beuwo4snOFqM8Gd1JvF7Oz4cXBQ82fdL9M5PER5fQnz/+9TzKZAB6nKAluH1zvJxpEpQ6GSRhqdeC8MFkRdX7JtTB372K4N7BMi1rzELWZw1TnT8Lh52D6EFSbD8qaiUxkIo+5qPiIIvTsX4RIfxawfy54AyYlInlYMCgZJTnLSfhTEz4VLb1nD2uOzas8Up9uh8SwQu/lEiuS80oFiR2gg5Wqge4n9/5fMfuHZbwTRNDmqB4qR1mxOdIOPL9lwwGzCqsq1PyS/k+UZWRf8acSevTrgKGf43q6/wvukNDGX7iPk81PNSdiryB6E2viZz87MIvEX178RHYkJN1SSor4O+2ckSqMn6DjTeh9Cvh/ZN5o+JMXP1r7s3nDqLzJ409OvGTvUCDf/487b/L4U/jzrgB/Mu0XgU2hMwI/c794kxp/Ot7o+VNI9uV/TVmi8lTepOQ7o/n/PvFnYGfw+XbQ/CmzAypFj+Y7Q/4cvP819ZXgzyBMonoWb+LlWPlD7PrZ/Mm3vyB/yvCmMH/8y8fiZb+8KWV/WoeFXtt3/XreBO8z5nwnXhbhTdzQHN7E9dL8GYk3+nwnET8R/lDe32Pz/37rHyHfIc3v95s3IaNS+JLQA/H97J87Bv7sO98ZmvPI5TtuD2PjOu7UQsAbv95jshX8DLQ/6VtkbYwBuEqBYeEqiWFUaS4uYhsC07IQuJiGpFo1ME0LKUx6/T6GNKDawFUmjeYML730EndX73Dk0Aqzc/P0bIfVtbscOnKM5aNHsao1ZK1Cz+5idztIqXAk2KKKMmsoDAwY+DG9rWLwuSJRnvOUYsXeGfz8c9QRxt4aynUYO39C1TyQ8dZEHj3pth50Cx5bmUwA71ekjWpvofbuoVr3oLWGsjsgQNRmEc0laC4hGvNQm8YwLBpWnXp9nqXpFZTroPbWUHsbsHsX7n2Aaiwg1y6jls4hFs8gZo8iatMw2RE8kYlMZKwyWOFIdEVoeIWeXw4OA1TwfnAeofGMCA6JDBJ83d9JHM73lBrMM/vJqxi8PygJvR5ue2LAHZ4x0Q6wMkYgsaXG2mfkDY7Xr1D3T4vrUTMSpUgvietp3UGaWSKpp15BU3FOg/yVnoE+WBnq16tfMeo3K75DomAZMjNsSdi9WndHz4jqEQcl4yGx5Spehr9JKrFDIbli3e9u//1UbyXLtObGLM7StQGZe4VBmeawjBYn4qfwCnVN/ES7P3r7a8qwJWn80UsGf4ryJh4PI/MmXvqXyYmford77LxAzzXrYHiTvyNPx5v4Dol83sTjTcebxPd5CblPvCnAn1zeFOWPprmF+ZMLtBF4k8GfwrxJ8EfHm/gOiZL80fGmKH/SeBMvR+FNzo7w4vnOo82f0Z9BzlCPNOvg+BOUWtk/f0Z/JqffzQ+WP/oLBw3MPiHHcaM/gzwWH+j4k8EdDX/ClmTxJ9lhKVe4X/zR8SYeP2V5Ey9L8iYhhXkT13P4o4uXIvwhI14S/CnJm5glpXlTdLxVNF8um+8Eced394PmjUjXdVcYU74T/3wrnu88jLyJ6Vnxsv4RnHgp4biGBYd3LnN3/jxKKYKfU/ZP14BAKDAR3uPShIGwDE6eOQWWACExDTANqFZMTNOgZ9v0HYm912HFVSjD5N7GBrVahWqjhiP7KKGoNGpUbBezOYWqVlFWBVdKHNdFShfHdek7ICo172eohYGBCr5b07QWhfS8KgQrWx8ylfLsXwCzs+51p4Y3j8b3OxN5HERNJoDvm0wmgEcWBXYX1V5H3n0fde8icu0Savsm2B0QBqI+B3PHEQunMOZPIuZPwswhMCyYWUFIG2rTsDMDO7dR2zdRu3dRWzdQ65cRi2cwDj+LcewlWDyNmD7kTQILI9oSpZBy+NPThmEErzuOE3ygVSoVws8J8M9zXRcpZXCcYRiYpolhGJHj8+oUQgTXc103cT3TNHN7VUqJdF3cQXvCH8aRUimEYWAM/o+3UykV2BW2TQgRtCXNNldJ3MHPeBtCYAojlA7G+gCFVCpyvIGBVBKJ1/Y0MYTAEAaGEMG1pVJIJXGUiykMLMPU1hsXR7rBeaYwMGLxMZGJaEV5KWGQ/KfpyhuYR5O52ErmkO4lgdGVgt7q2thxQULvlSoykiCxAj6l8UTfDe1IGJzr6145ph0IsdLPOgN9cN8Pd6goQofFTcgf55YVlVPm1V9YfD/G9DI7tLQrkIuXw8EuoXr9bh/qSdt0OxBC75Pv/33tUAgF6MjPwEuapbFXc+y4B1CF6/f97tc/mv9L7QhNiTcdb4Z9PwJ/YMifMfMmwZ+ANxr+hB3xMPKmZP1J3gxeH5U3I/EnnzfDezkUPxF7dfwZduBIvMniT0q85f7CRJ5TDtj/+60/wZvg42pE/pTZIRHEWYg3JfhTiDcl/T8+/vBo8qfg5fX5zuC4A8p3ivInzbYDyXcKx182bw6MP/uVrPozeDPMd/zDx5TvhMt95jupvInryg+nFP/fB94kdlweNG/iUjbeCtev4U1cj/PnvuQ7wzIRL2V5k8Kf0fy/38+7bP5oZb+8ObDPOw1vEvy5v/nOffl+BwJ2lvl+R2zdwNi8hpw/GU5YADjeW+Mu5wddJwY1+53l4m1diEsFSzkoJI5hgGXQaNZxpYsrve+mLWFQNQSWZWJV67Q6ezimxa21DbBsVuw+x44cYnFlmdlmk0atAY0p6suHMWpNpGmCIbGdPq6U9G1Jp2vjWBZYdRxMpGGC66b0WVL875WPdVZDnTkUY28N0VoL7g0db0b+fqckf4jrJfKdiTzaonp74NgPuhmPrUwmgEcSBUoi1z5EXv0e8sPvILdvQb+FUgphVsCqoTpbsHkFrn4PWZtBHHkW48QrGMdeQswcRcyfAtcGpwu9XeTObdT6R95k8q0fIW/+CLn6LsaNNzDOfhbz7GcRi6fBqkdaI6Wk3W7jOA6GEEw1mxiGQb/fZ319nV63i2VZHD12jGp1uIvYtm3a7Tbb29t0Oh0cx6FaqdBsNpmenqE53cSy0kPE7vfp9Xq4rotlWVSqVSqVCp1Oh93dXXa2t7FtB8M0mJ2ZZW5+jmazqZ1Q9u3o9/vsbG+z127T6/ZwpYshDEzLm7Q1Q5O9tVqNqakpmtPTkcllf+J7e3ubvVaLbreLbTuYpkG9Xmd+fp6pZpNarRbzqqLldNjpew8cb1o1pisNKoZFfDJWoXCkpOV02HO6SCWZsRo0rBo7dpue28dR3morr03eOYYQVI0Ks5UmdbNKxfDa3ZM2u3ab9d4Oc5Umh+rzWIZ+8jksW3aLjd4u05U6s5Um01Yj95yJTARACeGltWKQNAYrRON6fGWf/8vQgwNVaG324PVgpSCDCw7K4LjBddNLorpG4guGRTj7FcP8NtmKnOoHnZD7TM7wSFLE9OD4jBFgoSXFaecPJDSgShtQxgcDCX3ovmiZ3ephqd3xMiz9Hk/Vc1bA55aJBsfjJSd+YpfT7QDQlmnuCt5PiReicVF0B4TWA7H4Gw6oNfES14P607srN35Sqi8VP8HK85iui5dQoPrxlgjgqIeiZWneaDpEc3vqdgAU4028OXrexMsIf7LiZ+y8KckfHW+K8icRbyX5E+rokfiTxpsy/NHxpih/irgvOD4lfuI7O8vyJ/WGT+OPL3m8KcmfAtVn8yZePij+kK0POyyqFeSPthWacH/4+ONLHn+ivaU7W+//nHiJl1re+MeNyB+9x6LlI5nvFOCPJl4K8SfVU77k8Sdq/4PjjSZ+MngT6Fke22e+83Dwxq9Xw5+x8EYTP2m8iYdjqL8S8aPjTVH+pPGmDH/Glu/oGhyPn6hoeaMLx3iZ6Tbf/xnx44/fRVgvzp/i+Y4mfnS8iXWvL+Pnj4Y3cT0UN34D/fjT8Sfqf01Zmj9RGTt/UIi1S7BwMnoBYNYSHNm+xOr8E5E2eJuH0jfVGLgI/GeOCZQyqNSnMGtVVEXQkw6WYVAXFaqmSaNWYRuwXcW9rV1swOlKZhs1FuebNJtNKrU6yqpi1BoYlQoS2/OT08V1FHt9RcuuYNbnQFQQysCQCoQEby+yvj8HsXho4yIzItxTQzFbdwGl500qf0p+v3NA/JnIoy2qvfOgm/BYy2QCeBRx+qjtm8hrf477wR+j7l30dv1WpjCWziNmjkBj1ju2u4vqbHjlvQ+QnS3obGGc/hTGkefwkgwJ7jJG8xBq7jhq8TTUmsjrryHXLiH7bZAOOF3Mp38ZMXc0mASWUrLX2uOtt37C+toalUqFl199FYDbt27x+uuv09rdZWlpmb/8K3+FpaUlXNel0+lw9coVLn14iTt37tBq7dLv9UHAwsIiJ0+e5IUXX2D50CEajeSE4urdu3x0+TIb6xscWjnE8ePHsSyLq1evcvHiRe7cvk2328OyLFZWDvHkhQtcuHCBQysrVKtV4hPBUkrurq5y9eo1Ll36kF6v5+1CFgbdbteboHZdmlNTTE1N4TgOKysrnD5zmnPnz0fauLmxwfUbN3jv3XfZ2dlBui6VShUpJYYhWFhc5OzZs5w5c4aZ2VlM00ThfdC/u3WNH66/D8Azc6d4ceEci9UZLCO6e9lVkpbd4a2tj/jp1hV60uZjC+d5cvY4b2x8wK32OntOl2mrQdOqYwmDLXuPnmtTNSxOTa/w5MwJTk+vUDEstnotLu7c4M3ND7gwc4JPHHqa+cp0ot6weJPQLj/Z/IgfbXzIM3OneXb+1GQCeCIlJLlSEyEynwXsJ2fKP3+QBHpJmRomZSp4cbjyN6sl/mA6PpLJNyFZFjxXN+DybUlfoRzT01a+R44vUSpI7NAKBrX+asyYYcES8OzuSeqeJcNu8/w77mdwkqoTsiXkgbQJpowBTcSgIrGSJ2kj6bzDQ/VHW6uJlxx/7/cZwLp4GZoTMiq4Z1PsFkOb4jYTumIQfhr/Z5YFVggn4idzBXDijiYzfjLs1vo/jTdojs2RKG8K8kfHm1G4k8YbzY70SKMjdhflj443DNxYkD9ldiDk8afkhHbUbk1ZRvYZfw+EP3He+F/CJviTwpu4Xoo/Gt48VPwpKRP+JHmj2ZEeaXSGvZm8uR/8yYmzcvxJKXUGjhJvadcqke/E69fxJq6X4k9e3Own34nrB82bIvxJ5c0w3hL8ycpv8uSgeUMsOyvEG//tg813gu5I5DvRUh9dDybfyeTPY5XvFOVNSE/jTcl8Z//jrWip4npwsI4/5fx/sOOtHNmn/1PLAtUFugLj3mXk4WdQs4dj9StO9e6xylOA4dnpf2mlxOA766itBk5okYGBwqRSbaBQSBSdXpfVO3fp7nSoVas0qnWEYYFZo2dLVncdKnSZX92kPtWg75pMT0/RmG5iuDbVWh2jIug7fVzXZLtls7HnUp89hGPNYhgVKtJEIVCG9LymBGm/PikYuu5k+07qs39FZwOxezfKoTGNtwIHPEj+TOSREdXvQK/9oJvxWMtkArisuDaqvYG88QbuR3+GvPkjQCGmFjEWz2Kc/Sxi8SxiahGEQHW2UDt3UJtXkRuXkVvXwekh6vOo+ZOI6jQYJlg1hFXznhk8dxxRmwFhoPp7qN1V5O2foPotxNwJDKuKmDseNKm11+LNN97kg4sXqVQsFpeWcRybd955hz/5L99ld3eXM2fO8PN/4ReYn5+n0+lw/do13nvvPS6+9z7r62u099p0ul329vaoVqscO3YMUDz73HMcP3ECy7Iik7ard+7w2muv8cH7F3niiSd44aUXMYTg0qXLvPvOO9y5c5u9vT1c16VWq3P9+g32Wi1e+bmfY3l5ObL71rZtNjY2eOedd/jJj3/CjRs3Bjt156hUqmxtbbF65w63bt+m2WyytLTE9PQ0juMwv7CA63g/N+26Lu12m4sXL/KjN3/Ehx9+iHRdGo0GM7Mz2LZNp9NFyg+4d+8e7XabJy9cYG5ujkq1igLe277Gv732p4Cie/wTnG4eZrbSxCI6ESuVt1v4rc3L/MebP6BldzCF4FB9jtfWLvLjzUts9Vs8OXuCU80VZq0pbnXWudvdouP2WNmeZ+vQHpZhcGxqmc3+Lu/tXOMPb73B1nKL481lpmbqmRPAjnRZ6+7w2tr7fPPWa9jS5XBjntPNw2MK9ok8/pJcMVyoxM/bhusNhX+98DgzsUKZyPHhHE4QezNcFpVIBf6AJlxDLOGN65odUYmdm7pyYHh8hfrQnBxdpJeRPipif1ZCnXXFWMW5z8CLx09opbBuhWi0eTFdu0I5PV4Semn7Nd3hB6PIiZ9hoEf8TsL/mlKzIn3ohpx4CeoJNTfUTN2O1HR7M0qdaHdEeuXoz8CL80YTP6V3SERNz1vAnm9/6MKJJfkF+KPbgVmUP2m8icTDiLzR8Cfbfk0ZER1v0hs0+jM4C/Ind4dEtOWFeFOGPzrePDL8iTYrjz/Z9meUiRMG8tDxJ1mGWz5e/mh481DzJ1bqeDM2/sQvMB7+ZOY7++JPsgy3fLz8KcqbuJ7Dn/D7eaWOP0GNOfFTNt9J6YLUUnsFHX/iDtPwJh4HhXlTgj+ku78UfwrJCLzZ73hLy5v4553fgv3lO4nueED5zv55E4+zHP6kmBPnTWy+sABvwnYP/nlo8p2C/InlOfd/vFWAN6FSl++U/36nKG9K8idk50j8ifS3jj85vLE7GHffx509knBkw4Szaz/m6qFXog3UJCJKgAgmyBWGAMMQCCXBdlB9l53dNpcufcSeDTPzh2k0Z9hu2/RFBSUMbq236O512eg4nD9ncPyIgTRMRLdPreFiWALXddnY7bHWMZlbOYWoTiNp4OJgSBfDENiD4DMUw0UFQeerQfcKTq++QUP37N/WKobbHfJobPzR8WZ0/hTizUQeXdnbetAteOxlMgFcUlR7A3n7LZy3/y3q7nuAQjQWvJ9ofvKL3q7e+qz3nF9ASNf7mWe3h9q6gVx9F3ntz5HrH8LNZYwTr3qTvWGpNILriKVzuG/+a+TmVdi4gvvW74FpYc4dw4e267rcXV3l0qVLOLbN6TM/oNXa5drVq8zPzzM3N8fi8hIVy6Lb6XDzxg3++I/+mOnpaT73hS9w5MgRqlXv55svX77Mn3//B/z07bdZ31hnY2ODv/jFL3JoZYVKpRI0sdPpcPfOKu+++673U8t7eximwclTp/jrf+NvUK1U2N7e4tKly3zrm9/kT//kT/jo8mUU8Morr3Di5MngWtvb2/zB//cHvPH6a+zu7vJLv/zLPPPMMxw+fBghBJ1Ol2vXrvJvvv5v2NzcoF6v89f++l/j9OkzTM9MM9Vo4LouW5tbvPHGG/zRt7/Nhx9+yJd/6cs898ILnDh+3JvgVYr19XX+6Nvf5vUf/pDv/9mf8d/82q/x8ssvc+LkSQxhsOd0ud1eR6HY6e8hQz/jHBepFDt2m1vtNXbsDi27iyEEPWmz2W/Rsjucmz7C51Ze4MLsCbquzVtbl/nTu2/z3dW3uLZ3l1vtdf77c3+Jruyz1W+x3tvh3a1rnJy6yLHGMg2rps2JWk6XP7v3U97avMxab5v13jZtpzdaYE/kZ1OUQg7yXzlImOVgIOWvCPVf91f0+T8yI5UKTQInVwBKFX09Wg7rH1xkkEwPdf9y/p+FzIHQhiLdCuGcHQhldyTES+0KYZJ6tMEFvlAo2AnhMrfDssvhZXz/pesj7ZApsCI5fYVpuC9jepkdWTF7dTsS/IOL+LvsM4BHfUZVoOfsUChj/0jxp6tXZccLgf8ZuK2Y/8ezIzTUdzHelBH/9mVwrVQ9qLWg//fJGxFqRxZ/hgYwsv2Ry40r/gIpED8j+L/0Dqw8/sR5k2X/SLzJiB9K8ieTN/H4KxA/WXYXsP/+xl82bxiVNyX5QyzewvnO/vij4U0Wf0r5f8R8Z/B5FOdP8OeB+V9zbOH6dfzZx+fPQeQ7he0f5hlj5U9WvBSIv1zepNlU4LCk/ZqyrGjr1/Fnn7zJi7+C+U7An5DHyxqu403k/Tz/j403fl9nxM9B8ybt3Jz6k7zxXz8Y3qhwvGTwJrhXs8ZbmfebnjdR/f7mO8N4KRA/YXXsnzcFJaf+JG8YuOlg8p1I/GTkOyPzJ86bBH/y/S9WP8BYPo+cO57owJO02GrdYmfmOHkihYFQcjBxqRBKYigwUYi+Az2Hre0WtzZ2WL27TV/epDI1j2FVkRjY/R5OX7LX7nJv7ya3721zeGWew8cO02jUmGo2qdaqOFJSm51j/sgZXKOBkgYIiRIuKAOkDPW9PrBmd29y3NlNfc9ob2Bs32a4e/jh5s9I985EHglRvT3UZPfvfZfJBHApUajt68gbr6M2rqA6O4j6NMapT2Ke/RzG8Y8hppbArKSfXp3GbMwjphZRe/dQ27fhaMoDroUB1SZi4RQGoNYug9NHrl/2ngl87wPUyY8jphYAA/+Zt71ul9beHtevXePEyZN89vOfZ2lpCdM0mZqaYmZ2FoSgVqtx9uwZFheXOHPuLIuLi1iWheM4zA12CG9sbPDee+/x07d/yqlTp5mZnY1MAIM3AdRpt9lYX6e1t8cnP/VJnnzySY4cPUqtWqXb7bJ86BB37tzm9dde59rVq7zz059y/PiJYAJ4b2+PGzdu8IPvf5/V1TucOHGCJy9c4Oy5c8zMeBPjjuNgWRZPPXWB1197nZs3brC1tc2ZMzA9PQ3A5vo6H3zwAd/5oz/iypUrzM3N8dzzz/P0008zPz+PYXjPcJiZmeHlV17h6pWr/PCHP+QH3/8+CwsLHD12DMMwkEphSxeFRCIzo0EIkChs6dB3bSQKU5gYCKSSuEoyZdVZqM1wuLGAVIqu2+N2Z4Pv3PkxV1qrzFenabtdOk6PrX6LjtPj2t5dfrTxIc/On8EyTBaq04m6XSXZ6rf4/r13+HD3Fj3XZsdu03X7mW2eyEQi4q84FoM0K9DFIPeKrigd6gxfF6CUSDwTWAzK8NGJZD+2IjpYMa85PCGxAVXRFblBKcKlvwI4RR/8O+qKdGLnBbpuSXHQwPgAKaaXHGAmrjZ0V3YZXK7oiuDiK9L9Ds/UdQGh3QGWbn9CYpctuiMg7h7h3yuDbzQienD86CvStfETnimOlP5hOQNsXffqujv2krb6cDyQET/aFcEFd8TEeBN+Jp5/XKZBiR0Z+q5Kk9K8iZRFeVOSPynH6eJHv6XBl5z4KcubuF6WN1r+FORNUf7oPPczwhtt/OTf8KHWQsLjY+KN/0ZqM8iIl/vBGw1/UssEb0ry5xHPd7S8KcqfMeU7idu5KH/GsAPP7/C4Him1N8SjwJ+UuBlTvqPnjn/YA+APZISjjj8FeRNqmJY/ZQzS8aeoFORNXM/lz+DfUX9hSRcv+893CvCnQHcFuo4/KZeN8oax8yaij8ybnPjJCUsdbwI9020P4/gqzhu/wTn9oRFdvlOYPw8s3/FVDW+K8ifn837UfMdwOqjb78D88djZ3oXP713izZnjqKAn0kW43kSsC7gIUCaW4VIVCtPp09trs7PdZW29w8ZeDweDXuseQlSoN+pM1+vI6jSqXsE1JZtdm93r61y6doeqpahP1Vg+doJnX/gY04fO4lBFGRWkUQGpsDAQFZCAKQ0Uw2UM4C9wwLNDwNmdSyR8NBBz5xbC7SFE6C546Pmjdc1EHmFRuxsPugk/EzKZAC4qSoG0UZvXkLd+guruAArq8xjnPodx4hXv2b8ZIuqzUJvBXDyNvPEGcvNa9vGVKZg9hnHyVdTWdVj7ELW3jty8hrF5DVFtglVHIBCGAUKgpMRxHJ588kk+/dnPMDMzg2kOf0a41+uxsLDAxz/xCRpTUzSbzeC9SqXC0aNHeerpp7l16xY//vGPuH7tGh9dvsxzzz8HM8OdyqZlDZ/lKwQz09N85jOf4eixY8Exc0C9XueTn/oUq6urvPn6G1y5/BHr62vBMa1Wi5s3bvDBxYvUG3VOnDjB0aNHg8lfAMuymJ6Z5tz587z11s04ABkAACAASURBVFt88MEHvPfuuxw7dozDR7w+X7u3xk/ffps//8EPmJmd5eMf/zjnz59ncXEx0qdTU1O8+NJLvPbaa/zpf/2vvP3WWzz77LO8+nM/R61WQwgwhEBhIBAYGQmKQHhHCQMEGAgsYVI1KpjCRACGMIJrGEIwV21ypL5A3ayybe+x3d/DkZKO22e7v4ctHe51u7y7c40fb15ivtpMTAArFHtOl1vtdX6y9RG3OxtUDYs9p0vPTVlQMJGJaETFRhT+zt/MMkjygFCCrIZ5Z6BHhkaKSL4fHzpFXiz4BV+4Pm1ZWFSsPt0OiVCCDfvbARovFSR2gA620gQ6w0FvSE0p4x0mgjZH9VA5yorNkXbgDeOHsB7qf3Xg/tfUV7h+ldCjMT70c1xP93/BHRLa+Av3cbL5qeZE7BVDm0JnJOJnPzswi8RfXvxEdiQk3VJKivg77ZyRKoyfoONN6H0K+H9k3mj4kxc/WvuzeYPO34X8n8GfnHjJ3qFAvv8fd97k8afw510B/mTaLwKbQmcEfuZ+8SY1/nS80fOnkOzL/5qyROWpvEnJd0bz/33iz8DO4PPtoPlTZgdUih7Nd4b8OXj/a+orwZ9BmET1LN7Ey7Hyh9j1s/mTb39B/pThTWH++JePxct+eVPK/rQOC7227/r1vAneZ8z5Trwswpu4oTm8ieul+TMSb/T5TiJ+IvyhvL/H5v/91j9CvkOa3+83b0JGpfAloQfi+9k/dwz82Xe+MzTnUcx3wvWY9z5AzZ9AHn0m4I9/U0wJuLD6fS4e+VT2JYVAmCbSlghLYBoGlVqDbreL5Sj2bIfdTpeO4+DYElsplDBxhaTV7tLv9jErNrXaFK6pMCoudVMyVatQb5icPnOKZ196mZVjJ+mKChILxzBRGIP2ytDXPMM7QSBQYvCYXzxfPXHrezQ1HW9sX8fYvnn/+ROq9oGMtyby0ItqbYAz2ch2EDKZAC4qykV1tlE7t1Hbt7yfda40EDMrGIeeREwfKnYdIcCoIlaexpw/iagld3dGDreqiMUziNmjiOoUqt9GtVaR9y4ils6CVQfhPXcAoN5o8LFXXubJC08yMzMT7Hz1pVqtYlkWSqnEe740p5osLiximha9fp+9dhspo7thDWFgmiZCCA4fXuHJCxeo1euJa1VrNc6eO8fy8jKu67K9s0N7cD3DMGi322xtbeO4LvV6nemZGSwz+dxb0zSZnZuj0ZjCcRzW1tZotVoAKKVYXb3D+++9R6vV4uy5c9r2GIbB9PQ0y0vLLCwssLu7y/r6Ojvb2ywuLQEC/1nHhjAQQpC2AkwApmF4E7wI/KMMIaiYFubgXFMYGAz7uefa7Nod+tJhrjLN6enD1M0KXbfPjtNBCehLh9XOJn92921OTC3z9OzJoE0KhSMll3dv89r6+7T6HaRSSKXYszt03T5SqcyJ64lMZCh+dA9X7hmAv0IvvFLP8N8ffF/l6bHvr0IDab80QjpE871oS4KxBoikHikjVwrpoQGVNzWdNsDKGIHElhprn5E3OF6/Qt0/La6nmxOUIr0krqd1B2lmiaSeegVNxTkNGk7/+4NEMfhCRwzcoVsx6jcrvkOiYBkyM2xJ2L1ad0fPiOoRByXjIbHlKl7GboCiOxSSK9b97vbfT/VWskxrbsziLF0bkLlXGJRpDstocSJ+Cq9Q18RPCn8yvJWMHx1/UiWbP4V4E4+HkXkTL/3L5MRP0ds9dl6g55p1MLzJ35Gn4018h0Q+b+LxpuNN4vu8hNwn3hTgTy5vivJH09zC/MkF2gi8yeBPYd4k+KPjTXyHREn+6HhTlD9pvImXo/AmZ0d48Xzn0ebP6M8gZ6hHmnVw/AlKreyfP6M/k9Pv5gfLH/2FgwZmn5DjuNGfQR6LD3T8yeCOhj9hS8Y53horf3S8icdPWd7Ey5K8SUhh3sT1HP7o4qUIf8iIlwR/SvImZklp3hQdbxXNl8vmO0Hc+d39oHkj0nXdFcaU78Q/34rnOw8jb2J6VtyEHaUUxs0fo2aPoJoL0fdRHKJP796bXDv0CjqRKJQrMSwTV5jstjtMN2bAmqLV3mV7z6bVsbFticAaxIfh/bakkjgKXGx6/W0s5dBSbeabVY48eY4vfP6TnDxzErPWQJoVpCuQCKQa9JsQkd+ojN96XrR707Gn7r7JIdVP6WiB0W9hbd/07o3H6vudiTxqouwuqrX5oJvxMyOTCeCiIl3o7qDam6juFkgH0VzyJmYb82BWi19LCO+5v9UmGJqfiw6ONb3rN+ah0gCnC+1Nb0ew20cMPrD9slKpcOLECRYHP/2crFqkvh6YKSXdbofW7i6u66Ck9P6PHWcYAtP0dh1PT8+wfGgZy0qGk2VaLCwsMDXVxPupahvXdQFQyvt4CGxgsOM2kQQN2yaVRCmF67pIKfF//npjfYNbt27R7/c9+wzB2r17dDsdb6JbCJRSSClxXZdut4NVqbC7u8veXptutztoj7eT11GKttNlrbtDzahSi/2styMd1nu7tJ0uwRpP4dliCQNTeJO+3kQwONJly27xzvZVfrx5CUMYPDd/ii8cfpHpyhQdt0fL7rBQnaZmVJBK8v7ODS7t3mK9v8N8ZRrLMHGky1pvh7e2PuLNjQ85MrVIT9ps9HfYc3p03T6uchHCDKWxE5mIRpRC4idfYrDTl2FCLf2kMH+ln/+6lN5APm3FoBDR88MDOBUZSZBYAZ/SeKLvpuxI8HN9SF8xrmC/z8TzeyDQB9/6DxeUKkKHxU3IH+eWFZVT5tVfWHw/xvQyO7SKrIDPKYnFoW6HVtI23Q6E0Pvk+39fOxT8gA3F2zCeQjaVkSx/px077gFU4fp9v/v1j+b/UjtCU+JNx5th3++DP4yfNwn+BLzR8CfsiIeRNyXrT/Jm8PqovBmJP/m8Gd7LofiJ2Kvjz7ADR+JNFn9S4i33FybynHLA/t9v/QneBB9XI/KnzA6JIM5CvCnBn0K8Ken/8fGHR5M/BS+vz3cGxx1QvlOUP2m2HUi+Uzj+snlzYPzZr2TVn8GbYb7jHz6mfCdc7jPfSeVNXFd+OKX4/z7wJrHj8qB5E5ey8Va4fg1v4nqcP/cl3xmWiXgpy5sU/ozm//1+3mXzRyv75c2Bfd5peJPgz/3Nd+7r9zuk8Kew/xWitYZx/U3cp/5iaoeecHdw1t/m9vLzqe0UQmEIA1sJdvbavPHa6/zql77I0aXjfHjjOjsdiW2DcsGV3vfKEglS4f16pgQBhlJUTMWh+Vk+84lX+cLnPsWh5Vm6/R7CquAaYA7OF0qCGPZylggER9fe4rizrT3G2LyKaG+kXCmbNyN/v1OSP8T1EvnORB4tUTtr+QdNZGwymQAuKspF9Vuo3i70O6AUojaDmF4BswYifTetVoyCXS8M72eeKw2o1KEjUN0d1O4quM7gGIFAgBBYhsHc3ByNRiPzslJK+v0+vV4Px3aCiVXputy6dYvV1VVs2/YmZw0j8dEnDANj8Hq1VqXZbGKm7CgWhqBRb1AdPD94+IB5T2q1GtPT01SrVVzp0ul0cBwHpQYfkANxHIed7W067U6wi7dWq6GUwrZtdnZ32NzY8J6F3OuxubHBR5c/otFoYJreblxXehPHjm2zvb1No9Gg22hgmmYwmSwG/ykl2ervcW3vLj1pUzMqQeKqAEe5bPVabPZ3caUk/Onj7/51pfec3ttt7/fsb+zd40cbl7i6d5dTzRU+s/Isn1l5jmmrTtvpsed0WanPI5Vk125zde8ul3ZvcmX3Ds/Mn8YyTHrS5mprlbc2L3OldYfPH34RhWJtfZuO26fr2tjS9X6CWpdXTWQivgQrQgfp7SA593UlBiv7GO7AC06Awf0w2GsrQKjQ+94F/IrSy5QV0MEgMfS6bpgQXzCsW0CsbYW+GYC/It0/3l9BHNLDI0kR04PjM0aAhZYUp50/kNCAKm1AGe+3hB5yU6TMbvWw1O54CcVL0Hcpes4K+Nwy0eDEJxVZEq9OtwNAW6a5K3g/JV6IxkXRHRBaD8Tibzig1sRLXA/qT++u3PhJqb5U/AQrz2O6Ll5CgerHWyKAox6Kltobnqg+7KD0DtHcnrodAMV4E2+OnjfxMsKfrPgZO29K8kfHm6L8ScRbSf6EOnok/qTxpgx/dLwpyp8i7guOT4mf+M7OsvxJveHT+ONLHm9K8qdA9dm8iZcPij9k68MOi2oF+aNthSbcHz7++JLHn2hv6c7W+z8nXuKlljf+cSPyR++xaPlI5jsF+KOJl0L8SfWUL3n8idr/4HijiZ8M3gR6lsf2me88HLzx69XwZyy80cRPGm/i4Rjqr0T86HhTlD9pvCnDn7HlO7oGx+MnKlre6MIxXma6zfd/Rvz443cR1ovzp3i+o4kfHW9i3evL+Pmj4U1cD8WN30A//nT8ifpfU5bmT1TuL388/5ur70BzEffky0QTCq+DzzjrqPWfsrr8fGobXeny/7P35kFyXPl95ycz6+q7G92NPnARYJNoEASPIUGRgjSa4cxII+ugPbJ2V/bEOqzVbliOjbXDsSFFrEf7x/qfXf2ztv+QvApZEatrQpJ3pLHGFiVqyBlqSM7wAgcHcRAkiKvRQB/os7quzLd/ZGVVVlZmVWbdDfw+CODhVWXmu375rd/L916+WCLJ0spd7q1tkDM1clqc1OgUW/kLrGeyZEwTUwcsO/M6oCmLmKbQlUU8prNnuJ/nn32CF557mrHRAQrZHaxCnlg8gTIVMV1HoWOaFigTZ6/eUlWr6rxNL5/jUHbZVSOVGGvXiK1d9/kdiqo/EZ/vdEh/hN2D2liCfLbb2XigkAHgsCgFZs5+9bMqDvgZcbRYqu6PWNNoWtGBKwp+YQeV3QBlVh4DoNmvOa71CmDLssjs7HD9xg0+vXqVxcU7ZDI7WKaJZSk21te5c+cOhXwBXdftgV3P9TSg9Kpk3X4ddGA9uH6Ndd3APbA7OjbKwUMHmZicYH19nVsLC2xtbpIfHyeRsFdVK6XIZDJ8/PHHLC8vk0qleHjuYfbunSwNAOdyOfKFPEop1tbW+OTjT1hZXiYej6PpOkoplKXs1cxKkc1mmZubw1KKIw8foa+/v/RKbIXCxOJuZo0L69e5k7lHQo8Xf3csLKUoWCab+R1up1fJq0LJbdAovjoajY18mr9deJ8PVj8macTZyu+wt2+UH5mc5zN7HuHhoRnGE0PEdIOMmWOnkOHgwCR7ksNkzByLmTWubNzmzaXzHBycoj+WZCuf4Z2VS1zfXmIo3s8Lk8fYKWR5b/kyOStP1sqRVwWSxAn60RcEB+Xq+Dgrcp2VwJYTFr934u6VvJp9kbJThqp00jxdmorB3apv8fFAQxWidljnVL8Ol/1F0AxlT9w7A9lvJmrYUEHVCq1Sp9aZjekpmDOpJqC83o/Lcbsk5eqyPftW78GJbxxXWdwG4X3gUmUhwQUMYyv1iGh/RTMpRTzW7m8vddq72T2Ag+ylXBxXoZwCBD5BCGE/jvkFtH/NMMQM4Sr7qTkDuOqOpqb91Ch3YPs3oTdVl6rQm5D6E6Q3jeiOn94ErEivyHRFucPqT5DeUGzGkPoTZQVCPf2JOKBdWe6AMApN2l9X9MerN85D2Cr98dEbbzyS/gToTU/pT0REf6r1JmBFekWma5S3pt60Q3/q2Fk0/fEJgwrYiL35XSuCv+NNP0hvvPFI+lPPbprxd7zxTutNGP3x1ZuyvVXpTy3/ph6d1hs83lkovXG+7qy/U6qOKn+nMgy2ru74OzX1577yd8LqjSvupzcR/Z3m+1uVofLGSwcH6U+09u9sf6sOTba/bxgiuVLcT2800G5+gJ4awpp4uDphpTicWyK2dIZbk0/an5VfN0AsHmd5bY3t7TSxRIpzlz9iYuoFYqOj7H3oMInLl8neuk1B0ygoE12zt1PTsdA1i4RuMJxK8vDBWfZN76UvFQNlYpoFdB00LCzTwlQ6Bd1A11NYym4d++19WmWei9F9d3/IgdyK67vKita37mKsXi1pXLv7WxUN0C39EXoStb2GSm90OxsPHDIAHJKSI6gUJeUx86hCBntAuI0pm3k7Latgxy3THoxWZQXUKMtsrVf/Li8vc/3adT48f471jQ0M3WDv1F5mZ2fsAVcFKysraLrGD3/4Q3twN+b/OmEVVoBVOY+GYZQGWjVNI5FIMDszw0//zM9w9swZ1tfW+c53vsvR+UX27dtHLBZjbW2NT69e5eOPP2FqaopnT57k+PHjjO3Z45vc9PQ0Tz31FCOjo8TjMXumlAJVar+yW65pOjMz0wwNDZVejW3v3WuwNzXKsZGD7E2Nll4BrVAopYqvdN5mMbPK+fUYGTNXKqpVtJGEHuPAwCQZM8/VzUXu5TZJGnFG4gMcGZxhb2qMmGaQtwpsFzLsmDmG4/0cHT5AUo9xdWuRtewW765c5tTeExQsk1vpZS6sXydlxDk+eogjgzO8n7iCpmnkrDwZM0fWzDNgpJrqFwoPCuWZnroGzl6/zozhuiFFM9OKoWuGoK47nZbycbX8fY1y3wJvGJaKBDSPSFXnoGrFQcCKqKqVm0Fh0aH1zlAvF6dOXPMP3SUIX35COMneBCoTrrsHnmM/LjuqnClaPUO0MnueeOAM5QB78cYjlz+gOkpGXcd+Sh2Yynanqv0DwoAZ6eVmqGMvpXRc2XVlM2hFqn95a4RBBK6ItMPG98DzhEH2E3mFRGXR601gr19+14WrpuSH0J+gFZhh9cdPbyrsoUG9CdCf2uUPCCsI0hv/DDW+B2dI/QnSG5cZu3MeSm+i6E+Q3uwa/anMVj39qV3+GmHVCUV6Tn+qQ3fOW6s/AXrT0/rjCYP0pmX6471Aa/Snpr/TlP5Uh+6ct1Z/wuqNN15Hf9zf1wuD9KeUYh37ierv+FSBbxh4hSD98TZYgN547SC03kTQH/ybP5L+hKIBvWm2vxWoN97fOycHzfk7VdXRJX+neb3x2lkd/fEpjldvPOOFIfTGXe7iPz3j74TUH4+f0/7+Vgi9cYVB/k5dvWlZf6uO/bjK2ZD+VNR3kP5E1xs9twXX3kUl+lAj+7wJAYoDhVXii29zdfa54vivhdIgvWNyY2GJ9E6WsYm9vPH9d9i/fx9DAwb0DTA0NUty4S7b99axdDCUIkYBTZlYusFgSufw9B4OzkxRyOW4u3gbQ02RSMQhrqN0xXZ+i6ymY8UGsZRWWjkMOgV0NE3HUKA0C6VZHL79NlOFLZ8KteP6zhqx1ato+Z3irddu/QnSm8b1J5TeCD2PymyiNlfqHyi0HBkADoktTs5KWFt5VG4b0qvgDMzW/fVqAKWgkEXld6CQLTvYno6twq2Fwap44/p1vvPaa/zd668zPj7OM88+y/yxYxw4cIDBwUE0TePatWsUCnlSyaRrda83W/ZAaJ3kyscCzv7DhlFeBWwYBnvGx/mpn/opYkaM737nO7zz9ttsbmyw/dgWiUSCu3fvcv36dUDx1NNP88KPvsDDc3P09fVhmiaGYRAzYhiGPdg7PTPDMyefZXp6urSKOCqGprOvf4Jnxh9hf/9k1R7AeavASnaDjzZuktDjFSuuLWWvEu6PpXhizxE2cml2zCyLO6us57ZZz21jFicNWKjS65/zVoHBeD+HB6fZ2zfKpc2bfO/OWS6u3+DC+jVWc5vcTq+wuLPC/MhBfmLqSaZSe+iPJYnr9kCyMwBcvWuzIPgQNCPZUtgjwmVHWvmGjvIFz1h3H08pLMqGawag0irjjTh4ClcnLHCGcJ0VCFFXJHjDwBnCVMedDId+oBCyEtxhvWOD0nWas3Sw037+8YZWyISYkew/w9Rdl554lBVZnvL6zhB2HRymvaPuAdzoHlWluPd3uMXtH+oavmFte6HU/lTrT60Zyd6woRnK1frTMr3x0Z9I7d+k3miufNTSn3IBaLj8FZdrlf2VCGE/DbR/5BVY9fTHqze1yt+Q3tSwHyLqT0298dpfCPupVe4Q5W+v/dXWGxrVm4j6g8feWufvBOhNLf2J1P4N+jvF3yOv/pT+27H2Dzg2dPpB+tPE708n/J3Q5S/7GS3Vn1r2EsL+6uqNX5lCHFZd/oAwKoHpB+lPk3pTz/5C+jsl/XG1eNSCB+lNxff12r9leuPUdQ376bTe+J1bJ/1qvXE+74zeVPTPa+hN6V6t1d+qeb8F601lvL3+TtleQtiPO9ry35uQ1Em/Wm8oNlNn/J2wz3ca1h+v3lTpT7T2d47Xt5ZQH7+FNffjqKG9vhU8rbbov/k6V/Y8QS41SqGguPrpNZaW1jHiSWKxJBoGv/P//Ee++ku/AHqc7XSWgaERMjmTXC7HzuYGaBrxWJz+ZIr90xM8cXye8fFRYnENChl2djaJxYcwSKFpcQp5DT2ZQDMSmDkLXVOgFey603TsoRydZHadw8unGVH5wOrTshsYKx+j7aza7eC2F5fe9Lr+NHTvCD2Fym6j1u52OxsPLDIAHBZNh1jC/qvrYFmws4Zauwm5bXtVbth9faOgTFR2CzIb9oCzskCPocWTVExXdD0EVvhro2VZXLhwgddefZV0Os3zL7zA5198kf0H9tPX11calLUsC9O0bOnXNDSteg9gewC4PMyoaoixvb+wBZpGrLgC2P0aaF3X6evrY8+eMWZmZjAtk0QywcbGBpZlkUqlOHnyJFPT04yPjzMyMkIymSydm0gk6O/vo7+vD13X2UmnuXfvHpMTExBxAFihiit4wxzr7/up4h+AuBbjmfFHOTw4zd3MGp9u3eHv7pxhfuQAKSPOnuQQa7kt0oUMmqYxYKQYTQyyr2+CH9v7OAvby7y59CF/d+csA7EUGTPHcHyA4yOHeWLsCIOxFH1Gkj4jWR4AtuxXYQtCXdwzkpUd18B3RqiuFUNcxynnEuUZgMUTy/FSAnZYPseTvm+8nFXfroKnQxV2Rm5VcqUyKP948d9GZ6TjOa8UD5pSXMqgt9SeeMQOZtXVys1VOyxdLuyM4PAz0p0Krxn3M4iKAhCU4dp4Lht2RYC3eTTn3ik+0aiIl45vfEZ6oP24R4orQuewOh3soOoNqm7PR4HJu+2BGvYTOCM45IqYGnrjHFezQDX0JgyR9aYiDKs3EfXH57gg+wle0uBQx36i6o03HlVvAvUnpN6E1Z+glntA9CbQfurf8K7cQlWLt0hvnC98s0ENe2mH3gToj28Ywd/xZZf7O4F6E1Z/WuTvVN3OYfWnBSvwnAr3xivCwBtiN+iPj920yN8J1h3nsC7oD9QwxyD9Cak3rowF6k+UAgXpT1hC6o03Xld/iv82+oalIHtp3t8JoT8hqqsUD9Ifn8tW6g0t15uKeMN6U8d+6phlkN6U4jWbrRf7V169cTJcpz4CCPJ3QutP1/wdJxqgN2H1p87vfav9HWPzNtonb2I+/GOooUnf35thzeTJlfe5Gp/hB+k9LCwssbq+xcZmmrHxPeRyORYX7/KXf/lf+cLnTpHeybGTyVGwNNDj9A2OEMMklYgxvXeCJ56c58ihKWIxDZ0CyVSMRF8S3YjZ20zqCe6tptk3t4cL1xaZmppGYaIrQLfsSlA6e1c/ZP/OAjG06nZw6iO7SXzlY7TtJdvaq/QnyN/pVf3xLaawC1DZbdS9xW5n44FGBoDDouloiUG05BDE+yGfRhUyqO1lrLuX0BODaMMz9uBwvV/1CKhCDrV2HbW9VH7tc6IfrW8UdKN4UHHAsegM+Wmis1fu6uoqi4uLDA8NMTIywuTkJKlUqvT6YwDTNMnl8yhLoWnlH0vv9SzTBGUPmFrFvXX90jWLewtrgKbbr6twk81k+PjKx1y/dp18Ps+zJ59lanqagf7+0gDw0NAQY3v2kCyuSnbQNI1YLMbExAQHDh1kYWGBpaUlrly+zMGDB+nr7w+uW6XI53LohkEsFivWnf3HwsJC1RxItVf6WsUBbvtsSynyVgGruE+0QjGVGuXgwF5emHyM91c+YmFnldfvnCVpJDgx+hAr2U3ShSw6Gn2xBCkjzmA8xWMjhzgyNMP7qx/x4fo1DE1nKN7P8xPHeHhohuF4P7qm0WckGIz3sZJZJ2PmyBRyWLTzteTC/YJyOtLYM+/ce//WnLFX6ucoUO41Q5QEyLLKDri3mxScIer0aALOqRWGRnnSU54OV3nGqHO8/XGEGcn1QgVVK0CLS2lKccqdFlfUJ/RWmFbKc2XcFTYyY7OhFXhOzsqWodxR5cp+x9o/IL3Q6auqeKXdl9vZG/dv/8oZyq1bAYpvvLr8WrlMrjOq7KeZFZhh7K+e/VSsSKhulkiEaW+/cxpK0HtCkN64vidE+zesNwH6U89+AstfW29oVG/q6U8de6m9QoH67X+/6009/Qn9exdCf2qWXyuVyXVGqZ1pl9742l+Q3gTrTyiaav+AMELivnrj4+801v5t0p9iOUu/b53WnygroHzilf5OWX863/4B6UXQn6KZVMZr6Y03bKn+4Ll+bf2pX/6Q+hNFb0Lrj3N5j700qzeRyu9XYa7Pmk4/WG9K39Nif8cbhtEbb0Hr6I03Hll/GtKbYH+nyn4q9Ifo7d2y9m82/Qb8Hfzavd164yqUj75UxUs47eyc2wL9adrfKRdnN/o7len564++dhOu/B3m4edRIzPlgrpCQ4O5wm3M9Y+4s21weSWHpmusraySSMQYGOznB2+/w9bmOtmdLXZyBbRYAiufJ5lKMj46yPGjcxw+eIDDe4dIxvLENEUhu00q2U8ilUKLJ1GxFNsZi6WVDfYfG+Di5U/pHxhjbDAOmkLDZHB7iYOrHzOmCp6KqaxQLbNBbOUK2tbdEO3fJv1x1X9X+ltCT6Aym7LytweQAeCw6AakhtH6xtD6RlCFLJg51M4a1o13ITmMkRqCxGB5YLZZlAm5baylj1Abi/YqY7AHoQcnQY/jvF7ZUqrsavoIozMQm8/lyWWzMDRkf6FVH7O1tcX6nyqMLQAAIABJREFU2j0KhQJK+TvBlmVRME0UCsuyN6wPwh4AtgckNV2rmvS1k8lw4cIFLl68yE46zf79Bzh85DCpVApnpbCmaei6jt+ArK7rTM/McOzYY3x85WNWV1c4e/YsTz79NP39/aXVwm4KhQKZTIb1tTUGBgYYGR1F07RiXdqrny1VHAT2qVCF/fpmS9l/VTE0lUXOKlAoro42lUVfLMn+/klenHmKvFXg7eVL/GD5AqOJAfqNJKu5TdJmFl3T6TeSxPUYcT3Gvv5xjgzNMt23h483F1AojgzOcmz0IPsHJkqvnU4ZCYZifSyxxo6ZI21mQq9iFh507Jl4miMExZl5WumhVOXnFXuyalAxY9Dpz7hC/D4vpWyf5/h+9vXLX3rjFWHFFVxxvw5VVQerRg/EM9U4cI+84vHBM9Sd07xx/+KUQs0/xBv3qw78iqVVx32vEJBwnQw57V+KF2eGOukGzxh1suVdIREydBXTXRJ38wY2d+UZlfGKBqq2h6olV97QcwOEXaFQPWPdqW7ne9/Wqg79suspca14oEHWvUIx9GuwGjmusp/QM9QD7MejPxW3f0DoLkmg/vgSUn/q5sBlDw3rjTd0LlPHfsLe7p7zSvG6xeqM3tRfkRekN94VEvX1xmtvQXpT9TyvijbpTQj9qas3YfUnILuh9aeuoDWgNzX0J7Te+Pk7rvPL7e9dIRFRf4L0Jqz++Po7nrARvamzIjy8v7O79afxPcgpxyuy1Tn9KYWBNK8/je/J6VRzd/Un+MKlDNY+oU7DNb4Hucc+CNKfGroToD/ukrSnv9UC/QnSG6/9RNUbbxhRb6oIrTfeeB39CbKXMPpDDXup0p+IeuMpSWS9CdvfCusvR/V3SnbnVHe39UbzjwddoUX+jvf3Lby/04t644nXspuQ/o6+cQs+eQPr0Ems8YfK55cKakePTg5ydK/GqxfW+dYtuLUFRgw0zcIwNM6f+5DJyXEsC+KJFKn+AaYmxzkwO81zzz3Do/OPksyukV25RWEnTdIwwDDQ9SRKj2PpcTY2dnjyM8+htBgWMd5+9zSfO/UMo9YGM/cuMqkydfVHTy8TW/kEPV3ca/WBeL4j9CJqe032/O0RZAA4LJqBlhxGG9yLNjiFSq/aA8DZLcyPX4dYEq1vBH3vPCSCV51GIp9Fbd1FLZ5DbbqWyveNoY0cAGdfWqVQpoWyFBjgp4KappFIJEj1pYgnEmxtbXFvdZW1e2sMDg4Si8UwTZP1tXU+/ugjzp45S3onjWVZWKZZdcVCwR5MVpZCWfbAcdAK4EI+b68WDsAyTTY3NlhZXmZ5eZm33nyTlZVlJicnS3sGx+Nx+gcGGB4eZnBwsGIVMMDsvn2cfO45Fhdvc+aHZzj9/mmeeOJJEvE4+w8cqDp+fX2dmzducPHiRR599FGeevrpUn4tpYqDu1ZxJa8/9rFWabWtUgrTMu0B4OJgvXOtgXiK5yeOkTHzpAtZ3l6+yKuLH7Cc3eDQwBSZQo64HqM/liKhx9DQ0DWdI4MzPDt+lFvpZQzN4MDAJA8P7mNPYriUj6QRZzDWB8BOIcNGvrzHsCDURClUya/Vinv/UnKoteKMQGeFMIGhozoKSxWPV7ZD7TdjsHQ9V89BuXoSyqKYD8ez8808ld8GrEhQxeI4cVyhgmb3xHNKXooXdbC8QkXhOsxbhPr93KioOmG99EPjtKcnHmWFVpgZqHVCPPYXtEKrumxBKxBc31O//ZtaoeAy0Ib3wKsuVkB5A45tdQcqdPpOuzvpN9b+kVaE+tib06EPXHHTrP60WG+q9KekNwH6426IXtSbiOlX603x80b1piH9qa835XvZZT8V5Q3Sn3IFNqQ3tfTHx97qvmGiXqN0uP2bTb9Kb0o/Vw3qT5QVEiU7c+lNBP0JpTcR2791+sPu1J+Qlw/2d4rHdcjfCas/fmXriL8T2v5q603H9KdZaqVfQ2/K/o5zeIv8HXfYpL/jqzfeuHLMyaf926A3VSsuO603XqLaW+j0A/TGG/fqT1v8nXJYZS9R9cZHfxpr/2Z/72rrTyDN6k3Hfu8C9KZKf9rr7/g93/HTH7+CBumNHQ3Qn9DtX1t/9I1FuPJ3kNnCmj1ermDv8xyleHF+mhfn4c1PbvOdhSxvrsHgQD+b5iaZbIHBkVH6+lJMTO3lsWNHOfroEfaOj9GfTGGkpogPjrJ+5wb59WWMuEFW78PQk2RNA8voY3T6AMsZyMeSDKxcYfD0NZ7YP+ZvFx70jVvEVj9Fy26Uq7sZ/SmVu0F/J6L+4I1H8HeE3kJtLKHSG93OhlBEBoDDomn2+/hH9qFPzaPuXUPldsDKo7buYt08DfE+iCXQxg7Zq3QbRVlQyGHdOY/5yd9hLV1B7ayX8qENTaFPzKHFUihAqfIrmBWVK27L2dcwDIODBw/y5JNPcuXKFS5fvsxfv/wyxx47Rl9fH7lcjrW1ddbW1pmZneHq1U/Y2tzk8qXLXLp4EebnmZiYAMAsFMjlcpRWFuf99511Xj1tFgeRzUJ13pLJJEcefpirV6+yuLjIm2++yYcfflga6NV1O++JZJLhoWH2jO9h/4EDPPzwwxw4cABN0xgYGODQQ4f4whe/SCKe4MyZM3znO69x/fo1Dh85wsTEBIlEAsuyWFtbY2V5me3tbYaHy/sJW8X60zUNHR0NHSvwV0UVVwqDoenE7Wlf5KwCOauAhkZcNygou7wxzWA0Mcjx0UOs57a4urXIanaT06sfsZxZ525mjT4jQdJIENPsFeQaGgcGJvnM+CO8cfccI4kBToweZiI1QtIZ/Af6jCSjiUGSRgJTWaQLuZoD14JQwjWbUYOKGejuvX5LbrhWnkvrzPhTGq6Ju1plWHLfK8PSTMLAmYhUxot4uwveCcO+8cBc1Ei+mPe6e3K6e5LeFRCl42v0AENNKfY736mQcofKz6H31ldV3NNcYWaAV4SBK17KoVPjvvE6M1DrhlUZ9nYmgzqX/skFrQAIDP2aq/S9j71QaRdhV0AEtoDH/vx7eDUsoJS+f3XVtR+f5CPZT+CKlwB7cRmqY29VBlzZQpVhRL0JrJA6euM9O5zeeLMTrDfesEJ/atlPy/Umov4E6U1Y/amyt4j646rohvTHT2+i6E+Q3oTVnzDNVzrex368Kzuj6o/vDe+nPw719Cai/oRIvrbeeMNu6Q+14+UKq4yF1J/AXASYe+/pj0M9/amsraCzg9u/jr14w0C9cY5rUH+CW6wy3JX+Tgj9CbCXUPrj21IO9fSnsvzd05sA+6mhN6V4rRZr0t/pDb1x0g3Qn5boTYD9+OmN1xxd9VVlP0F6E1Z//PQmiv60zN8JyrDXfioJ1Jsgc/SGNZvNaf8a9uP03zV3PLz+hPd3AuwnSG881evQev0J0Btv3GU3TgYd+wvSn8r2Dwgj608l3X6+o++soV99E3PnHuaBpyExULP9f/TIDD96RGPx3jpvXDE4f2+KHyzk2X/oIfYd2Eeqr4+ZffsYGZvASCTYzBboHxgkHu9neEpjS4FBnlg8QcHSWFpeY2buKNbCRfbeu8H/PHGDyYfGA/2firqzcuj3rhFfvYay8nbp2qY/EZ/vdEh/hN5A5TOojWXIZ7udFcGFDABHQdPQRmbRZk6g3TyNym1DfgfMHNbyZTCzaP1j6IUcjB20B4GNOHj2vA1EWWDmUblt1MYi5tU3MC+9glq/BYUM6AZachBtZB/a+EMQSwBgxGKM7Rljdt8s8XiCeCIRkH2Nubk5Pvf5zxGLGayvb/Deu++STqcZGBjA2RN3emaaZ0+eZGN9g5WVFTY2N1hYWGBmZrY0AJxIJhkdHeXAgQOMT4wTTyTQAn7Mdd1gbGyMgwcPMDk5SV9fH0qp0vGJZJLDhx/i4MGDXL58mcXFRRZv3yYWi1F6LbNlkS+uJO7v7+exx4/zxS9+iZGREQYHB4nH44yPj/Mjzz+Prtmvij579iyrK6vcuHGDAwcO0N8/gKUslu7eZWdnh6GhIY499hgTE5OgaShlsSc5xKPD+zE0nem+MZJ6HA2/cmnENIPJ1AiPDO8na+aYTI4Q0w0mksMcGZqmoEzGEkMkDPs20zWdAwN7eW7S4vLGTa5sLrBTyLJTyDKSGGAsMcie5BAJ1+Du3tQoj48e5sk9DzOZGuUz448wHO/HcNnUnuQQjwzvY7OQZrZ/gpSRQA9rc8IDjsK7Itc9Q0/zCR0PzFJFB9qZkVfcM7xiRl7VA7262an2RMOcUysMkVwpXnRsnbz7z1D2xL0zkP1mooYNFVSt0Cp1SpzZmJ6CeWekBlRPddwuSbm6qts/1AzhWjNAXTUWOIPc3QJ+A0z17CdCe9clov2VTLwYqcxtgL3Uae9m9wAOspdycVyFcgoQ2AMMYT+O+QW0f80wxAzhKvupOQO46o6mpv3UKHdg+zehN1WXqtCbkPoTpDeN6I6f3gSsSK/IdEW5w+pPkN5QbMaQ+hNlBUI9/Yk4oF1Z7oAwCk3aX1f0x6s3zkPYKv3x0RtvPJL+BOhNT+lPRER/qvUmYEV6RaZrlLem3rRDf+rYWTT98QmDCtiIvfldK4K/400/SG+88Uj6U89umvF3vPFO600Y/fHVm7K9VelPLf+mHp3WGzzeWSi9cb7urL9Tqo4qf6cyDLau7vg7NfXnvvJ3wuqNK+6nNxH9neb7W5Wh8sZLBwfpT7T272x/qw5Ntr9vGCK5UtxPb0q3RYD+FLLoNz9A21rG3P8kavxw+WIBGZseG+YXTg7zC0Aml+fWRg5zuMBidhtN3yS2vUJyYIatTAHTKDA0MAB5xfhgH+byMvrKPUZUnn2YxM5fRHfSGkhW65EP+vYSxvpN9M1FH/2pEzapP0H+TkUDdEt/hI6jtlZRW/e6nQ3BB035LdsUgsnvYN27hnn6TzA/fRO1fMX+XNMhnrJX504eRd//NPrDP4E+vC/cK6GVZb9SeuM21uKHmBf/CuvOBXvvXzMHykJLDqEfeAbjiV/AOPqToBsoBTs7O1z79FM2NjYwDIOH5+YYGhoiFqse389kMmxsbHBncZGbN25w9+5dDCPG6NgYe6f2Mj09zeDgICi4c/cOGxsbKEuxf/9+9uwZo39gAIDlpSUWF++wtbXJ4OAgE5OTjI+PE4/HK9IzTZN0Os3t27dZXlpmYKCf6ZkZpqamSsdsbW3xww9+yPvvvce1a9c4cOAAs/v2MTk5QTwWx7IsttNpbt68wen33+fcuXPkc3l+/LOf5Wd+9md56umnGBoasgeLlWJ7e5t79+6xeHuR1ZUVNjY2KBQKGIZBX18fE5MTjI2NMTo6yuDQEMlkkng8jgJWsuusZDfQNZ3heD8j8QESery0326puZQiZxVYy2+xkUujUIwmBhmM97Ga3SBr5gEYivczGOujP1ZeZZy1ctzNrJMz8yggpukoFIamsyc5RF9xH2Cwf0azZp67mTXiusFgrJ/+WLJiAHirsMNGLk26kCUVi5fSNGQQWKjD3d8Ytt0zreym6UV/zHkTtDvuPs57nlb813GwHcfaez3Nc13nXK//FzQ5tGZ3o6JDYWegfJ16PY8WhJU9CleHypvBoHiThOlQNXC5evEqf94dBmSr0dDBN97S8gelWKe9Q80Qrxc61Ik38gC5lYS5HYJz37w9hKj+sPbTfPm9CTrt702xzXpTcwJFB/Smk/rTQPu3XW8aLn+oFCvDrutPK8vfALtAfxxarz8BetPT+tNiuqQ/zfz+9I7+hNUbb7xO+7fEvhzq2E+n9SZi+i3XG28Ywt4cOqY/VSl0Qm+89ufQYv15APSmpv24vgi83UPTIr3ppP60uf3rEub2CH94a/Smk/pTkaEg/WmD7hRDFUthTR3FmjmOGtjjKrirgiLrTwSNqpNNLZfGWL+FsXETLZ8Jfbl68V7Un47cb0LDqOw2anMVCrluZ+WB4cqvvxXpeBkAjoqyUJl1rBvv2YO0H38XldkAy7QVUI+hDYyjjT2EfvAk+sQjaKP77dXA8X6IJe2VvIBSFlgFyKVRmXXU2k3U6idYdy9h3Xwftb1iD/4CxFJoYweInfgK+pEfR586VsqSaZpkMhlM00TTNFKpVGn1rB+WZZHNZlm7t8b6+jqmWaCvv5/h4WFGRkbswVClyOVyZLNZLMuir6+PeCyObtiDirlcjnwuh2VZ6IZBLBYj4bMK2HlFdC6Xo1AooOs6iUSCRHGV8ubmJteuXeOv/+plCoUC0zPTHD9+nL1TUwwNDWEYBspSZHNZ7q2u8sEHH/DWm2/y1ptvcXR+np/68pf54pe+yMTEBIZhVJQxnU6ztbnF1vYW+Zxdj4lEgpHRUQYHB0mlUtXNS+WsQv/Vv86xVP/iFcuMVnmm9zpW8bbTNM31O6bqpumfD1XOkBb9fOHB5c7XhtC0oulqrldrUVyhr5yV+vY64dKrk4rGVo7b2Ld/5auUnPMrPy8e63Kgq+LOiLGHWtYd5MA6stQNh9ad71AObQ91KCvTD9ulixA23KH3FiAoHq38TrK91KH21m5QvCHaan8h7MV3ACNM+zcbOuUv600j5Q1rjZHav8WldfAtXqf1JlL6bdCbMPoTxX7uQ72JZD9RaaveeOklvfHaG54Gaaz8kfWngfZvu950Un8ipd8hvRF/J5S/0xJ6Qn86qDde+2jxBI2W6E+TpXNoWH86SaT0W6A/bdebOvYTJnshrt4NvWmJeXRUb7x4b7BO6k+Ruv5Oe/QnSvs3UjprYBxr76NYU0chOVg/g+1ufzOLsbmIvnEbfce12jJS+mEVtZf0R+g1VG4HttdQ2XS3s/LAEXUAWF4BHRVNt1fi7v8MbC/DxiLW3Yuo7JY9mGvmUZt3UDvrqK27qIk5tIk59MG90D+GlhoGI4FCA6uAyu+g0vdgY8G+zr3rqM1FVHazOKisF/cenkWffhz9wDPoI/sqsmQYBgPFlblh0HWdvr4++vr6mJmd8S+mppFMJkv743pxD+LWrC5NIxaL+a5GBlhZXubC+Q957913Of74cU6cOMHRo0fpHxioGkyemJigr68PwzA4f+482UyG9fU13/2HdV1ncHDQXs0cAY3ww6eaXUBXpPjfgIH3ivx5jtG8F4lAKcfyuyhEpjwBoWLPX628h4ftr5f3+NC18nmglfw2Z/DX9vvs44L3qHKiHtt1xUsPp2rh8Rub25MzaM+g8v1ZtYerM2BeK3RlqGqPs8BNjpwM1nGAI3Ywqq7mNF+9sHQ5z55TgXvEuEIq7acidDVAzXiQ/dTdk5PaeC7rTc5rf1W5qWi2gD3LSsf72E/AnlSh98gL7Fg5h9XpMAVVb1B1ez6q378L2qPMaa6gPao8YZD91NgTzzmuZoGq9Ce4qvyIrDcVYVi9iag/PscF2U/kPTi9RNUbbzyq3gTqT0i9Cas/QS33gOhNoP2EfqDj4Im3SG9qPl+ihr20Q28C9Mc3rOHv+JW/il3u7zS/B3Dl5Rr1d6pu57D646c3UfSnhr9TEQbeELtBf3zspkX+TrDuOId1QX+ghjkG6U9IvXFlLFB/ohQoSH/CElJvvPG6+lP8N9Bu6vg7QfbSvL8TQn9CVFcpHqQ/Ppet1BtarjcV8Yb1po791DHLIL0pxWs2Wy/2r7x642S4Tn0EEOTvhNafrvk7TjRAb8LqT53f+275O/r2Cvqn38e6+xHW5COoySOo/j0BGfQLnQw25+9ouTTG1l30rTvo6dVS7kunB+mNNyxdNsjf6VX9QegRVHYbld4AGfjdNcgAcCPoBlpqGP2hFyCegg/+BGvpI9TOOijLVstCFrV+C2t7GW59gBlLoiX6i6uAiwOnpgmFHXsFcH4H8mlUIQdWHizLPsZIoI3ux5j7PMajX0SbmLM3or9PuHnzFmfPniWXz7NnfJx9+/eTSCbxG0TVdZ2p6WkePXqU4eFhkqkkiUQCQ9d9jxcEoR6Ve3i49/q1tHIc5d0jpHy+43BWdE6K8ZopO8dXZqdOj8a3CLXD0ChPesrT4SrvEeQcb39cJyRCqEBzpauK6eKOU+60uKI+obfCnHb2xl2hX3v7tn+ze1Q5OSt3eJQ7qlzZ71j7B6QXOn1VFa/szpXb2Rv3b/+APam8YaD9ueu4Ovu+xakor0blTRxgP03uURZ1T7wq+6nYo6q6WSIRpr39zmkoQe8JQXrj+p4Q7d+w3gToTz37CSx/bb2hUb2ppz917KUi7nqgJ3oTUn9C/96F0J+a5ddKZXKdUWpn796Y7doTr7beBOtPKJpq/4AwQuK+euPj7zTW/m3Sn2I5S79vndafUL93AXrjukO9+tP59g9IL4L+FM2kMl5Lb7xhS/UHz/Vr60/98ofUnyh6E1p/nMt77KVZvYlUfr8Kc33WdPrBelP6nhb7O94wjN54C1pHb7zxyPrTkN4E+ztV9lOhP0Rv75a1f7PpN+Dv4Nfu7dYbV6F89KUqXsJpZ+fcFuhP0/5OuTi70d+pTC+k/tTwd7TtZWLby1iL51Gj+7HGH0KN7i8+4/fJcKXh+Mfr6Y2y7AHo9Ar69hJadqv4dZDeuOIP+vMdoaWoQg4yW6jMFhTy3c6OEBEZAG4IzX7V89AU+uyTqO1VSI1gLX6I2loq7dlLIYsqZIEN0HSUHkMzYqDH7B+a4iuglVWwV/t6FS3ehzY8g3Hkx9Afeh598hFIDIJu+GVqV7Kzk2ZtbQ3LNInH4iSTSXQ9eO/aWCxGsjhA7Ow9nAwYMBYEoR72w4bSq8g1DR3K95PfjNGK51XluA4opdB1raJD7Q5Rlf6eJyflCcVa8XtXvCIsn+Epi0+Hygl0p4NVowfimanpXaEbNGO4esaoc5o37l+cUqj5h3jjftWBX7G06rjvFQISrpOh8vC/00nUiu2sFes9aMaoy378slsvdBXTXRJ385YH0ANO8LtCRQNV20PVkitv6DH4sCsUqmesO9XtfO/bWtWhX3Y9Ja4VDzTIulcohn4NViPHVfYTeoZ6gP346Q6BrVVtPx79qb3AIaT+1M2Byx4a1htv6Fymjv2Evd0955XidYvVGb2pvyIvSG+8KyTq643X3oL0pup5XhVt0psQ+lNXb8LqT0B2Q+tPXUFrQG9q6E9ovanSnyC98a6QiKg/QXoTVn98/R1P2Ije1FkRHt7f2d3647R/dP2hHK/IVuf0pxQG0rz++OqNj/5U249Tzd3Vn+ALlzJY+4Q6Dee0f3T98dgHQfpTQ3cC9Mddklr6U11hPldol/4E6Y3XfqLqjTeMqDdVhNYbb7yO/gTZSxj9oYa9VOlPRL3xlCSy3oTtb4X1l6P6OyW7c6q723qj+ceDrtAif8f7+xbe3+lFvfHEa9lNm57v6JlNuHMBY/EC1sA4amQWNTKDNTwNySGfdq4TetAKO+iZdfT0GtrOPfSdNU+5vRXsrkN3tI7u3FfPd4TWo1C5DOR27Fc857PdzpDQBDIA3AyxFNrwLMbc59ESA2CkUHc+RKVX7RW9zkAw2KGZQ5nlDbF9tcp55XNiEG14Bm36MfS5z6PvnYfUSEeK1Ul03SAWMygUCmSzWbLZLAMDAxX7+Toopdja2mJleQWA8fFxDuzfT6qvr+agsSAIQRRnCLoc6PLMPNvhtZTtGFtFR7j2TFNKs6idGYKWZZ9vO4eVx7s7cKqiJ1F0Bl0z4Ms5Lrunld8GrEhQxXP8ZowriLwCwRM6Sl6KF5/6l1eoKFyHeau/Zn+lIYdW1QnrpR8apx098SgrtMLMQK0Tlq0BV7plOyx1iqrKFjQD2PU99du/qRUKLgN17K1sT64yRaFWe/sd2+oOVOj0q/WmkfaPtCLUx97ceoNLb8p1H9ArD6s/LdabKv0p6U2A/rgbohf1JmL61XpT/LxRvWlIf+rrTfledtlPRXlDrkCIqje19MfH3sr6485zBP3pcPs3m36V3pR+rhrUnygrJEp25tKbCPoTSm8itn/r9IfdqT8hLx/s7xSP65C/E1Z//MrWEX8ntP3V1puO6U+z1Eq/ht6U/R3n8Bb5O+6wSX/HV2+8ceWYk0/7t0FvqlZcdlpvvES1t9DpB+iNN+7Vn7b4O+Wwyl6i6o2P/jTW/s3+3tXWn0Ca1ZuO/d4F6E2V/rTX36n1fMetP34FDdIbOxqgP6Hbv7X+jlP/2vYy2vYyLJzBMBJYfaOogXHoH0OlhiE1iHLeBGokyoaoLDQzB2YOLZ9BK+yg5dJouS207Jb9nbup225/tfWm4ec7EfUHbzyCvyNERZVsUZmmva1pIW9vbZrPyoDvfYYMADeLkbD35330i2gzj2PdfB9r4QP7lRD3bkAhE+Fimj2oPDSFcfgU+qEfQZ9+3N47ON7XtiJ0k8m9kxx66CHOnT3HrVu3uHH9BkODQ8Tj8YrjlFLk83nOnjnDd7/7XVJ9fTzy6KMcnZ8nFbBPsSAItVFoxb1/KXUKnP/67QkMWtEjLx4XOHXP9blznl8YOBORyngA3gnDvvHg1OtMhHRmhFIqu/NwvhR39yS9KyAozxwN9MBDTSn2O7+Iq0Pl59B7u1dVcW/zeZuxXhi44qUcOjXuG68zA7Vu6Gd3FdSxnwBz9J4dGPo1V+l7H3uh0i7CzkAObAGP/ZU71AH24o2X0vevrrr245N8JPsJXPESYC8uQ3Xsrb16E1AhdfTGe3Y4vfFmJ1hvvGGF/tSyn5brTUT9CdKbsPpTZW8R9cdV0Q3pT+DvnCteQW1Biaw/YZqvdLyP/XhXdkbVH98b3k9/HOrpTUT9CZF8bb3xht3SH2rHyxVWGQupP4G5CDD33tMfh3r6U1lbQWcHt38de/GGgXrjHNeg/gS3WGW4K/2dEPoTYC+h9Me3pRzq6U9l+bunNwH2U0NvSvFaLdakv9MbeuOkG6A/LdGbAPvx0xuvObrqq8p+gvQmrP746U0U/WmZvxOUYa/9VBKoN0Hm6A1rNpvT/jXsx+m/a+54eP0J7+8E2E+Q3niq16FF8bhdAAAgAElEQVT1+hOgN964y26cDDr2F6Q/le0fEEbWn0p65flOWH+nKjRzGFtLsHW39nEh9Ef5HFZXfyKmWq0/0e2v1HaeeEOEyaggCA2hKaXkFmoFSkEhg9pYwFq7hVq7gbp3DbV5G7W1DLktVC4N+Z3i6541MAz7Nc+JQUgNow3utf8Oz6BPPoI29hDa0F7Q7t/VrcvLy1y+dIlX/uZvyOXyTO6dZG5ujr179zI0PIxhGORzOba2trm7dJeFW7dYX19namqaz3zmMzx+4nHk9c+C0BiLXxtCc3eIUPb9pBSa7nJ8qXR4Nc3VZdAcd9nGfT96X7nkPs4+1vO518EPyHejd7xXKoI6XF4Hu2lHOmzo1790lbm1P9Y+LnvoDm6zoUNwh6dUIQ23dgNE7GDUKU1bOlhh+0OhOmRNdbCCUogQNvuAJXK8leVvHl+96aT+1Khur/40T5DeOBnqgv5EHNBuOU3aXy/oj0MovWmq/GFT7Kb+RET0p1pvWqY/Ieyl5/THJ2wnTabXFv0Jc55PdlumP6Gv2AI7aNjevAVokE7rDZ7cd0Fvwvo7zVdHL+mN1968FdKSAtcnyg1d4/R68Uh600n9iVT+DulNS/tbdWiy/aMSSm+abP926U/zBOlPI+3fbFik2/ojCPcxV379rUjHywBwuzDzqK0l1OrHWCuf2P/fXoGde2DmbdGLJdH6xmBgwh70nXgEbXQfWv94cZ/fCD+su5jt7W3Onj3Lu++8w+XLlxkeHmZq7xQTkxPEY3EymR3W1tdZvL3I8Mgwc3NznPqxH2N8fJxYTBaxC0KjLH5tuLQCWCuGOrYfphf9sorvKR/nxN3HKUXFHsCoyuNLx7mu4+B87iZobkegMlb4nV6PunrGb/s62F6H2pvBoHiTtLhDFbnD3YEOlYNvvKXlD9EBb1uHyqFOvBcfIHurJzj3belQd2+GsjfBav3piN7UnEDRAb3ppP400P5t15uGyx8qxcqw6/rTyvI3wC7QH4fW60+A3vS0/rSYLulPM78/vaM/YfXGG6/T/i2xL4c69tNpvYmYfsv1xhuGsDeHjulPVQqd0Buv/Tm0WH8eAL2paT+uLwJv99C0SG86qT9tbv+6hLk9wh/eGr3ppP5UZChIf9qgO3Xtz1VBu0h/6uW2l/WnI/ebIOwiZAC4V1AKrAIqn4F8GpXbhuwm5NKgnBXAMUgM2PsHJwbREv32ngBGjJb+aPQ4pmmSTqdZuHWLa9evc+PGDTbW18lmMmiahhGL0d/fz759+zh48CCz+/YxNjZGPB5HVv8KQuMs/uuh0iCrplWvAEbZK33dK4QJiJdeEu2aYln1qlvKxwE4K4sdh06rcqjxHQQOuuvrut9a5x1ad55DObQ91KGsTD9sl64VHSpXGKWDHrXDFZCdXupQe2s3KN4QbbW/EPbiO4ARpv2bDZ3yV+tNFCJ3oL1hpzvQQQXoVoe603oTRn+i2M99qDeR7CcqbdUbL72kN157w9MgjZU/sv400P5t15tO6k+k9DukN+LvhPJ3WkJP6E8H9cZrHy2eoNES/WmydA4N608niZR+C/Sn7XpTx37CZC/E1buhNy0xj47qjRfvDdZJ/SlS199pj/5Eaf+26k9X279OulXph1XUXtIfQRAcZAC411AKlGVvpm3mUVYBlIWGhtJ10GNoeswe9NV0HlRxU0qRTqfZWN9geWWZrc1Nsll7w3HDMEj19TExMcHY2BiDg4MYhiGDv4LQJM4KYIW9khetrEAVK3ud7yl+7xynyv93HiRpxRM1l//ovlW9d22t77zfVx0X0cGuLRkNOMBtm5HsLWBAPGL5u9HBbqoDRR16qoPlLbDT/g7NdjWj2J9zWGs7TFX204EOdj37cz7oyANkL03ZW9Q7IGT7t6RmvQUMoEG9qXV60/oT8Tre2q2J6E39Gz6K/YQsbileTKZmdlpf6tp6E6A/baGl9tcivemk/kQsf8v1J0TxW6o3XnaF/rTxDozs73RAf9pX2mp76bTeeGmpvYXQmzDt3069CaM/NWhaf9qoN6Gar6f0xht6b4Be1Jsm9cdPbzqpP35600n9aan9hb0jwrR/s/rjLWBAPGL5m9Ybb/ig648g7CJkAFgQBEEIxeLXhoDyyl/3Xr+lFcBFT69yRbB9vnePX8fZrN4XuJymtztU8Z2Pg6fpVDl8jXap6s4ZCfD/vR2ugMNb0uEK6l9EH+DqpQ5PyA5Qtx3+FqcfuUPWQAerpR2wigt4DC6M/TQbNj1DuEm63MHsBb1p3QqJ3aA3Tjo1Tm8nvag3ndSfmhcI0p82602kAe0m9afF7R85eT+98dGfluuOE963+lOq4drxXa4/kfXGG3ZRf+pnsJv646qgVupNpPLTHf2JmL1W649D9OLXs7iQ7d+SknlrMCDeab3x0mT6DetPT+iNN8EgvfHG26E3XvsLqtEm6bLeBFVHx/Snxu3evuc7rnjX+1shThcEoSFkAFgQBEEIxeLXhtGwfS/nuYOueeKUP3fiaGW3TnPHHYcareRYlwaHi/6ldzzXO3iM67ru771ogQ6u60RPXGvasQ3bwXI+9sb9y9IyOuxgV7n7fh2qFnewa3a4/TpUgeUP24FqsoPdyg5UPbrdoYqYflBpW9nBjmQ/NeLVhNSfjuiNN3RVSBT7iUqP6E07H+jVs7cgvam/QqJNetOQ/gTWsCfuocPt32z6HdGbTuqPr7/Tit+fqPbnrRBXfBfrT927o4f1p375u6k/oWvYE/fQ4/oTNKAQJfut1h+HhvTGe0bX9MepwA7rjZc221tD+hOQrVaFDl79aVxvvPEm9SeK/dxneuNNP2xpd7feeOLtvAPk+c4uer4jCA8WMgAsCIIghGLxXw+BZvtO5ZW+FFfiFlcGFz0rZ2/f2nsC25QGgT3f47qe40E6K4vRNJ89gJ10q4nSnSt9rjXfoWldB6fOhbvVoQhNNzvwrenQd3wGsDf069AE1G5b6GoHqpsdeG+Ip0Ec6thPnaP92rvVAwau2qyvP72oN53Un44PmHriAdnpmP7UKG5H9Ken7K+b+oOnQVzxGvYTWW+8oehPG/TGG4+oPw3Zk7dAQfFKesHfqSp+yNptCT2pNw7t1BtvSLlBdpnehNWfcBn0ntBimko/qsJGaf926Y+n+H5646M/ndSbsPrTErpqfwF6U6U/bWyByPpTSS/qj6t26zffA6E/jbR/Z/RHEB4kZABYEARBCIWzAhhcK3yLH2jFf7zfa9i+mwalD0rHluJaOV483sHrrtX6zvt9xeeu9MM6uEHXCk6hjgPccsc2ogNcZwZq0x2oemGIDlXY2myITneoIqXfQIepFR3sSB2mJjvgLehQR+pwu77oygzgjnboI+pNt1bcNKA/LdWbTupPR9u/2fTboD+h7c+b4bBx/+KW4g20v+hPo3RTf7wFdqId1htv2IC91ajN1uhPJ2lIb7zxFutPFPvZBXrjtbcgvakaP24HPaE3Tnrt1JsA+/HTG685unLccv1pgf0F1W4oOtr+UdP33gBt0J+Gf++8BahdvMB4F/SnorZq6E/327/Z9EPYS8/1tyrDXtSfoNpsiG7rjyDsImQAWBAEQQjF0tISAJqmUdq31/P/qJ/5hUGfBR0T9H2Yz2vRyDmCIAiCIAiCIAiCIAiCIAiC0G0+OHc10vF6m/IhCIIg9DjNzv9p5HyZcyQIgiAIgiAIgiAIgiAIgiAI7UUGgAVBEIS2DMxGvaYMDguCIAiCIAiCIAiCIAiCIAhC88gAsCAIglCBDMQKgiAIgiAIgiAIgiAIgiAIwu5FBoAFQRCEusigsCAIgiAIgiAIgiAIgiAIgiDsDmQAWBAE4QGnVYO7MkgsCIIgCIIgCIIgCIIgCIIgCN1HBoAFQRCE0LR6kFcGjQVBEARBEARBEARBEARBEAShtcgAsCAIglDCPSAbdnDWe1wnBnVl4FgQBEEQBEEQBEEQBEEQBEEQ/JEBYEEQBEEQBEEQBEEQBEEQBEEQBEEQhPsEGQAWBEEQehZZ6SsIgiAIgiAIgiAIgiAIgiAI0ZABYEEQBKEmMggrCIIgCIIgCIIgCIIgCIIgCLsHGQAWBEF4gJHBXUEQBEEQBEEQBEEQBEEQBEG4v4h1OwOCIAiCcD+hlMJSCmXZIShknF1wo2kAGrqmoenF0P7w/sAywcyBmQerYMeV1e1cCY2i6aAboMfAiIORsOP3AaLXDwb3s+aKDVdzP7e3IAiCIAiCIAhCFGQAWBAEQQDsh4hhH5A5x4Y9J8q1dyumZWGZVvEBrCAEY5uIwlQKiuOiuqahGzqGvotfzpJPQz5jD/wK9w/KAtOy2zW/Y39mxCGegnh/d/PWIKLXDxb3o+aKDQdzP7a3IAiCIAiCIAhCI8gAsCAIgtBR7rfBYNO0MC3zgV9xIzSHpRRWwcTUTAzdwDB20UPqXBpy27LK90HCzNt/s9uQGIDE7hgIFr0WHHar5ooNN8ZubW9BEARBEARBEIRmkAFgQRCEB5T7bSC201hKUSiYso+y0FKUgoJpYloWsZiB3sv3qJmH7Kas+H2QUZZtA4UMJIfslcE9iOi1EMRu0Vyx4dawW9pbEARBEARBEAShFcjUV0EQBEGIiGla5PMFeRArtA2lFPl8AdPs0VW1uTSkV2XwV7Ax87Y95NLdzkkVotdCGHpZc8WGW08vt7cgCIIgCIIgCEKrkAFgQRAEoYpuPWTcDQ83C6ZJwTS7nQ3hAaEn7S27Za/6FAQv2U3bPnqEnrx/hJ6m12ym1/JzvyH1KwiCIAiCIAjC/YwMAAuCIAhCSAqmKatFhI5jmlbvPKDObtn7/QpCELntnhgEFr0WGqVXNFdsuDP0SnsLgiAIgiAIgiC0GhkAFgRBEHbFyttuY5qWPIgVukZP2F8uLYO/Qjhy2119HXRP3C/CrqbbNtTt9B80pL4FQRAEQRAEQbgfkQFgQRAEIRQP8iCxpZSsDhG6TsE0sbp1H5p5ee2zEI3sZlf2iBa9FlpFtzRXbLg7dPU3VhAEQRAEQRAEoQ3IALAgCILQNu6XQeNCQR7ECr1B12xRBn+FRuiC3YheC62kG/YkNtw9pO4FQRAEQRAEQbifkAFgQRAEQaiBaVr3zUC2sPtRSnX+NZW5dFdWcgr3AWa+o6+CFr0WWk2nNVdsuLt05TdWEARBEARBEAShTcgAsCAIgiDUwLRkNYjQW3TcJmXfX6EZOmg/otdCO+ikXYkNdx9pA0EQBEEQBEEQ7hdkAFgQBEEQAjAtC1mII/QaStm22RHyaVCyGkpoAmXZdtRmRK+FdtEpzRUb7g06+hsrCIIgCIIgCILQRmQAWBAEQRACsOQ1gEKP0jHbzGc6k45wf9MBOxK9FtpJJ+xLbLh3kLYQBEEQBEEQBOF+QAaABUEQBMEHpRSWLMURehRLqfbvE2mZsvev0BrMvG1PbUL0Wmg37dZcseHeoiO/sYIgCIIgCIIgCG1GBoAFQRAEwQd5ECv0Om23UTPX3usLDxZttCfRa6ETtNPOxIZ7D2kTQRAEQRAEQRB2OzIALAiCIAg+KEse/Am9TdttVFb/Cq2kjfYkei10gnbamdhw7yFtIgiCIAiCIAjCbkcGgAVBEATBB1n5IfQ6bbdRq9De6wsPFm20J9FroRPICuAHC2kTQRAEQRAEQRB2OzIALAiCIFTg3vPswd7/7EEuu7A76MAewILQKtpqT6LXQidop52JDfce0iaCIAiCIAiCIOxuYt3OgCAIgiD0Im0Z+y4scfH9C5z5ZJ21XHEwJJZi4sB+nn/6GLODRhsSLZO+eZpX37vJwroJg/v5yok033hr1f7/V55loq2pt4FCms1MHox+hvri3c5Nx2n7/Axlte5a3zwJF2t8/+Mvw4+Oty69elz+Pfjz34Z/8A482rlkW8Y3T8LFz8Ov/CYEVVshB9ksxIYg2dHc+dNKe/Jeuq33wgKv/9nbXNzp5+mXfpKTI1HOvcS3fv8CC2E0duVdvv5fbrI5c4z/6UtHa18v8CIpjv/MlznVwVuJj17nd95aZfaFv8/PPtLBdLtAO+2stdeuYSeaQf/YBE//2HMcH22vz7HbeaDnQAqCIAiCIAiCcF8gA8CCIAiC0AmWzvCNb3/Ccg7694wwv2+a8dg2d24uc/XTK3zr05sc/6kvc2pvm9JfOc03X7vGZryfg/OzHBgZJTkNp56bhMQehtuUbGtY5+Jb5/h0Z4gnXnyCWefjq+/y9bdWoeaAidA7nITP/VMY8vlq0u9DoSk++UN7kHv+9+ClE+HPO/2HcGsIPv8SDLQve7uGq1f5aAcgzaUPFzj5wmy9M9pPcoSnn5ymv+qLOBNyKwkOVXaSZ+XGIp8s3uGNv3yFzb/3ZZ7v5GSBBlg48wZnluM89NxzzA92OzeCIAiCIAiCIAi7CxkAFgRBECKhlELTtG5nY3ehPuGVb3/Ccj7F/Iuf5bP7y49jj58ACgu88/oCU5Pty8LCpQU2lcHhH/kCXzpcXvVzfL59abaOHCu3l7i+ZfIQlAeAp4/YA9hD013MmxCeQZg7GbxiVWgtM5+HnzsBow9FO+/6v7NXF78gA8CwzjtnlzC1FEMDGTavXuXK87PMdfsnMD7E4flju++tDUJn8bOT+Sd49tJrfP0H61y8dJPnf3R/t3IXio07S1y/nWLoSUAGgAVBEARBEARBECIhewALgiAIQpvZ/OEVruag/+HHKwZ/S8RmOfnisxxs46DCxnYeiNM/fB+98nFoP8fnj3F8X6R3sraAT/nz//N3+aNL6QjnpDn/jd/lf/svn7YtV4JQwdBheOwkzMqS0IZZvMSlNTAOPMpL8yNQWOL8hUy3cyUITdE/MUQ/kNve7nZWBEEQBEEQBEEQhDYiK4AFQRAEoa1kuHo7DaQ4/Ej4lTYV+/UCRt8Qh594mheP7ikf5Oy9+CNf4Pj6u7xxaZ20AvqGmH/2BT57uL90jJOX8//lLzjvTaziFcomm9dP8+oPbnNnxwQtzsTcUb60Z4Gv/2CVoflT/NJzkwTvbVn9+cVX/oLXb+/h1FdmWfnOJT66l6f/6Cl+6bk9bC5e4J13b3L1XgZTAUacqUce50vPHaIfWH77Zb5x0RlwWeX13/8LXgd7v8k99p6ZlPJk53/t0tu8emaZ5Z1i3Y3s4YlnnuWka/C9nKdDrH3vHOfv5gHo3zPL8194jrm+Wq3zEF/+ub38mz/8Y/7oq/+If3zUZ1C/sjU5/40/5ncv7uWf/KuIqzEfNJy9eX/uVfj0N+H8y2DNwpFfhZ//Miy9DN/6PVi/CrFT8Llfg2ecNeEr8LtfBv4N/OI++Iv/GxbPQuwEHPtV+MmT9T3fD/8MXv8z+/rMwvRL8IWvwv4EWAvwOy/B5i/Dv/hVSLhPXID/8BJk/gX8L1+1p1jefA2+/Qd2HpiF/b8Mf9+zqtbahL/9bTj/KuRWIPFl+NyvwtMteM3wysvwu79Rub+ytQkv/zu49L1ieifh6D+GL5yCa8W6B+A1+N2T9n87vT9zz2By5eId0sSZP3qE/uk8s++ts3DxHMuP+eznu3ONd753gTOLtpYZI5M8/xMBa3TXLvHq965wZTVv78k6OcNnH29x9ku/D5/l8K23+f4tO1/9e/fz2Z94lomVd3nlrbLOT514lpeemiqevMQb33iD8+znpReHOP3dy1xfN0EzGN03x4ufPcZEzXupjg6rm7z+n97lYmaE5//bz/OE5156/c/e5mJ+khd/6RRzWvXvYf+eWZ7/3DPMDbomNKlVzn/vNKevb5I2ASPF7BNP8NMnZrmPpj21hpxFFjAS8YqP69bzivOb+wI/PXKFv3lvibUCEOvn4Gee5kvzkxV1HdWPmV99m+9/skm6bz9fOZHmGz6+S8kHUaucf+1d3rmdJmcChsHozGF+4oXHmar5+y0IgiAIgiAIgvDgICuABUEQBKGtLLO2AdDPeMhXPKc/ep0/ffUaC5kkB+fnOHViljFtkys/eJ2vv7dUdfzamdd55abB4aeOcnJ+hP7MJhe/9z3eWaf4muSjzI0CxJk9cZRTzxX/nhipHMMC0h+9wf/3nZvcycSZnZ/j1OOTGLfP8c0zm03VAmxy+q/OcXHDYGx6kom+POQu8+orV7i6E2ff0TlOPXeEuUGLOxdP881iOYcPz3HquUPMJgH6mSvm/Qnftz6b3Hn7Ff70B3dYNgaZP3GUk/OTDO2scvrVb/PyJ96Ve5uc/qvTXDemOPncHMen46RXF3j1lTOs1SlN3/Gf5zf+uz188Pt/XGclsD34+9sf7uGf/Kuf56lU2Pq6T9ne9P9reY7721+HlSfgZ/4tPLQPPvkN+E+/CX/yn+3B4Bd/DeJvwN9+DbyLqq0z8Ae/DeP/Dfzcb8LeFJz95/AHr9XO25u/AX/5m/bA8ou/BT/+i7D+2/BH/wyu5ECfhWdeAuv34Iee++GTV2EdOPWS7V1f+T34o1+DzSP2tV78Ktz7bfiPvwc556QV+H9/EU6/AUf+Jfzcv4UjWfibX4bvrzRawzXIwZ//Ipx9p5zeIw/BhX8Jr10qvjL6t4rvWD8Jn/stO/7IA7qCOHeZ8zdM6JtkbgbQ5pg/YMDWbU5fNSuPVXd44+XTnL6dIblnlqefm2N+aJt3/voyy97r7lziWy9f4Mqqxej+/Zw8eYiDaplXvneb0O8UsCw2t9ar/6arVycvn36Ld7ZGeOLkHPPjcdJ3b/LKK9/mm6/dITt9iFMnphiN57lz5m1eueYpl7XKd//6ChtDM5x87ghzIzprNy/xjb88XV2uEiF0WNvPE3P9oNa5eH698vTinsujxx5nToPcJ+Xfw7kTRzl1YorE9gKvfusNrpTupSW+/xev88bVTYy9+2093wsLp9/mT31+Mx8YfOxk+dY5Xn5jgRxxHnn0UOnQcPVsYy7+kL/4YJvhuTnbfow0199+o6KuG/FjXr2ShpERDu5JYQb4LicPDwEZzvz167xxM03Sae+ZfnK3rvCttz9pT10KgiAIgiAIgiDsQmQFsCAIgiC0lW02slGOX+DdD1bJaUM8//Nf4IniSpbjTxVXTH14jjMnKldMpY0pXvoHzzKlARzjAC/zjYtpFm5m4Ph+js+DceMSV9YMxg4e47izmG9lmzNn18vjUaW0+3n653+SkyNO2nd448/fql45HIk8hdFjfPVLRymvl53ixb+/n6Gh8gDT8aODmF8/w9XrN1l7ZpLRyTmOTy6x9uE1FrIpZuePUdq22DtGlrvM9y9loG+Wn/0HzzFbfKX20yfO8c3/dIXr751h4chz5T2EyWMcfIFf+pHiqrf5KfjGG5xfW+J6Dka9o+Me+o5/hf/jH32D//33/xj+e7+VwOXB31/5X78ig7+8Bl/3G4T9PPzKb1buDTzzT+EXiytQ5yfg338Vbr4Kf+8/w4liw4xs2itWP1mAh1wrZu95jnvsFHzzn8HF/wvOn4LjPg2bewfeeBlGvga/XBzE5SQ8cxT+/T+Hv/0rmHsJnvwp+M434YdvwMkvOyfD6T8E/ZfhySFgwV7Vm/xl+B9/FZLFa81PwG/9Gpz9RXhmCM7/KdxdgR/9Jvz4bDmv8a/C9/8Knv9qY9UcyCW4sgIH/y28dKqc3pf/B9gZhyHgscPwEbAg+zWvnb/BHQWjc0eLmmEwNz/F968vcPXSZXKHj5Um0GyeO8f5Teife5avOnuqzj/O0+e/zR++VzlZ4Pq7l1nIwdQzX+Cl40XNmD/O3Jsv860rngHYINILvPKNherPq97IALmRQ3z1px+3dfdoP9mvn+Hq2ib9z/xkKf3jg/YqzFu3bsMh15sq0mmSruOYn2P2lW/z+u1rvPHhMV56zEfUwurw8QNMnbvEnasfsfy0k+cMZy4tYWojzB8fARb4/nur5GIjnPr5z3Pc+T08cpo//eY13v9wnbmnRsh9eI4zmzB01K3nx5j6zn/l1UuXufrMJIfD1ez9RZCdJIc4/uILnJpx1uuGq+fSZdcNnv+HLv9k/hLf+uYFFkr+SQN+jDnEZ//hZ5l3rd6dCvJduMT1u8D4HC99qWjb849zqrDE8k7ImXaCIAiCIAiCIAgPALICWBAEQRDaygDDyQiHryxwaweY2l96aAqAtp+jB1Og1lm4WXnK0KFDxcFfm4kx+2F9ejviqt1S2odKg7922lMcP9Ts6GWKR55yD/4CGBWDv+Q22dw2SCYAZVKImsS1Je4o6D94qDToAEDfMeamgJ1Vrlcs7U1x+OiUKz7J+ND/z96dh0d1nQkaf2uRhARCIEACsYNA2AIbYeMFbBzbsbHjNYnXdDodO0lnsvS4J04vM51lutPdk562++lkskwnaafbcezE9sTGu3EwMTZgwOxgJBBgEAgQIBACCS0lzR8lCa1IApVKEu/veYSqbp17zrm3DrdK9dV3DkAN5V08ddEgcHuZwAZ/22qWVdri5wvR4GNz46ecuR0cCUMA7moZvB3REDQtb/1NgFblSIS5dwFHYffu9rv20eZoFnLu3JbvjpPmQjZQ9gEcIzpl8mXzo9MrlzSUKV8eDazm3hCdFvpYQTQbePwlUNssyzk4CYYD+xpSlncvAq6Hiakts6HHzoeqTW2/4HDeJsG4EbDvOdi4Gxq/mBIe0fb8X+jqd7FmWwU0BSIbjM4hJw0oKWJjs8TV/QfLaW+a/5SLx9FyMu/DFB2OAGlkX9z8ahgia1omnU0m3yQpjbwrms3m0PgzezxDWxVNzWhWbyCVlEG0bT89hVTaWxO2dT9TmDEzk0Tg0MFWL0SNunodTpzO3KkJcPIQHx5sKFO2jfwSCI2fGA0OHj8UfU1KH8WESLNM1lA6o1Pg+OHojnsPlgGDGDtmULNs15NkjhgCteUUxyKhvj9oMU6mMGEIEEhhxvyrmd9sSYSunucmrd+fJOcwZ0LCmfcn5/A+JmVyTovg79mNJnMYULqHZZv3caQyuuIjxUYAACAASURBVIQD4VGM9FomSZIkSU3MAJYkKaZGMmwocLiCo4eBzpJTauqIAATaPhRq2FbbKkksdWgPZbycpe1hQ1OAttOLdl07U2DXl7N7zQcsLyyjonW0d0j3W4jUNKwzGGj9/bZQ07mLtDh3KQwb1v12WmubCYzB33Z1I6s0vb1CSV376mJaVttySQ3fwohUtykOQE1DxD/Uzrc1ggBVZ6apnnsXrPlL+KAAPpEDaxcB8+HyhnW0q05Efxf+OfyonbaC+4EcqDxKx1nRRAPAPZqBmwr3/BRe+gG8cR+8ASTOh9w/ghu6sD7yBaR62x521wKjRjChuozyZsMmM2MQlFVQ8GExc6/OAmqia5BC23HX5lpa03ANOnNNahKk62vVJqQyecZFbdchbkf7rw/ttN+e5MEMb10uMUgSUB1pP1u569fhEFm5WQwr3MOO/F0sGD2F4g+LOU4CM2Y0fAHkdE30NamkkGd+V9i2sWA5R6ihohrgNPl/WEp+O306VsqFmc3eapzkTknilee3kb/sAzLuWcCMxu/JdOk801RPSmrbKGtiOATURN+fnMP7mGHpmW0LdyiNuTflUf3OFrau/4C964FQAiMnTGHB1Z2tTy1JkiRJFw7/PJIkKaYGMXlcKu8fLmf3jn3MHzXu7MUTgtEgQH3bhyIN28JdjhJ001naPn6ii6tTtrNvR8q3rOat/HIYkk7utFEMSwA4ze6Ne2hn0spOhRKiJyZS33pB2UjTuQvF6Nwl536Kb9/3O7735NMcnQrbi9P5/CMGf+OirDgarG0ef6pqSHcNdTCvd0JDQCPSznztddAi+Jw6H7JHwNa34UZgw3LI/glkNNbVEETO+ku4bFLb+gZNARKj2cLMhY891H4G7pgOju98JE2Ge/8V6qqhbD9sfA5WfRXKfwKfnhuDBvujMjbuaEjvPbyLZ3/X/pqiFYUFbLosi0sSE0hsvK60vvS0uR4mNFyDGq5JzQNkddDFCaB7T+UpjtXTMpO3ui6aPN7BxbRb1+G0i5iRsYf3i/awqRIO7a6BjByualzjvfE1aVgm86e3822dxHSGksCREETXiZ3C5HaySFPbXTP+ApSYw1XZu/ldfikfrC1mxtUN+eldOs9nVLQzRUZ1Q0Q3HKJ33sckT2T+LROZX3+aimNH2F1QwJodBfzuFHz+ljPTs0uSJEnShcwAsCRJMZY6M4cZ+R+QX7iRt8akc9PkVhN91h5m/cp9ZF6bR9aILMYm7yP/0D42VeacmT6xfh8Fe09DII2sTmLI56yp7T2sKcs5Mw10/SG27mmd/TuM4SlQfKqCI/UwsiFAULG9mENdbK6qYdrGrFkLmD+tYWPlFgrXAAkty0azhmqorAQ6miZy4igy3y/l0N49FF+ReSZoUbmNwkNAcjoTeiDjtyNDL/0U3+Ylvv86fP6RO7ncqSjjZBFs/cKZNYABNi0CRsDkDlYCnTQrGuDdugbm33Um2Fu1BgqBtMuj0zcDkAh5n4XCH8DTxVCVA3nNgqcjLoE04FgVzGg1pXTzmFj2w5C/CMIz4OJWg6WWGLxLr472aXgqBBNh+GT42Beg8Dk43OwrF6ERwEmo7On2+4mDBRSUAUNGMffi9HYDSeUfFbKppIz8rWVckpfGlLFpLDtQxo4PdzH/ujPTl1d8uK/Vl1lGMXlMAlt3lLF1Yxm5TeuqRijecYgufs2mF5VR+GEFuY1rABNh9/ZDVAOZozt4IerWdXgQl+SMYk3JYba+sZ3y2hCTc6afOeeNr0kVdaTkXMTk5oHo+hoiJBCCpvNfEcgid0bz9QsgUltDyL94m4ycPZmswm0UN32BgS6f5yZt3p/sYuvemjPvTxJ77n1MuOELE1WVEc7kyJ/meGkNw9JTITCIlPRx5F6dxPEDy9laHs1WzuqwRkmSJEm6cPjnsCRJsRYYx4KbjnPsjUJ2v7uYp7amMWHsaEYk13C06DB7D5ZTUZ9Abk4eWRlZXD47nV0rS3n/pcUUT85ifEIFhbuLOVQJqbkzox/YxsSZtte/9AaHcsYxuaHt8kgCUNOsbCaTxyawdUcp77+2msqpqXDiIFsLyrqcxTYyM5XE/NMUr1vM2yfHM7ymlB17jlPRJjNoFDMmp7BpUzlrXl9O7cXpDB8xmezWM4wmTueqnD0syi/mlReWMmPyaFJrStmx+zDH60NMuOySmH8oPPTSO/nHS2PcSL91EgrX0O43BEZdCqN6aGCnzoV3/hz23AlTkmDtc1C8GTK+Bxd10EbiXJh/C7z79/DER3DpPKgpgHVPQd0s+PitLctPuQHSfgAlb0Dat2BK8wez4IavwAs/gJ98BHOuh2HAvg+iWcMLnoLLUuGiu2D1Ivj9Z2HXw5CbBaeKYftSOHo5fP2znUx5XQx/eAraW2P88s+2+RIF5cvhZ/8Eo26FGZdH+7RjUXSq6RnNDmDmZ2HrD+DFH8C182DUDMi6UL7NEKEw/xAVhJicdxV5kztIU5wY4dDzhRwqLKA47wqyLrqY3IKVbN2zif946RC501OpLi5mx+EqEoHmE49nzc4ma882ijct5ZnD45gxPpHy3cXsKKsjRBezgGvK2Z2/rZ3/SgmMnJJNZk+9RiQNomLLUp49lMm0rESObS+i8HgEUsdx1UUdTG/Q3evw5MlM++Aw+eWnITmL3BbnvPE16TBvPbuYCZOzGD8Ujh8+zN69ZYRyr+e+2WkkNp7/TUt55kAW2ZNTSaksZ/f+wxSfHMZN989vGdS8kDVlAZexaW0xl1ydRVfPc1MVQ2pY1/T+pJyt2w9xvBpSZ1zc8P6k597HZE8dxXv7DlO4/A+EL85iRHoWuUN2sfiVPZSnpjF57Cgyh8Lxon1sPQmhMWldmhpdkiRJki4EBoAlSeoNw2Zy1z2Z5K/bxqZdZeRvLohuDw9i5NiJzJ87k8kNMZaUaQu4L3k9b6/dx978QvYCoeRUsq/M44ac9Jh2M2XafD4dWstbaw9RnF9IcSCBzJw87krbwzOrSgklnvnUNuuqq5lf+QHv7y9mzVEIpaYz56Yc9i8u6NoUzhOv4u4r32fx2sMUbi6AcArZV88kaf16trYqOmz2NdxQuZL3dx1m/erDpM4YSfbU1hWGyLziJu5LW83bm440neNQWjp58y9n7jjnY46vNfCHNe0/dO0bMKqHFulMnA/3joX/9z3YuhvCs2DGv8Jt888eUJ33PRh2CSx7Dt5+CsiC0ffB3Z+Fca2jFVmQez2sWAqX3dC2rukPw0M58PqvYfmfRzN/k6+H3G/BpQ3/0YNZ8CfPwbInYNMTsKsYgpMh4xa4+64urHdcAIUF7T80/bNt1zxNvR5uPwIrX4d3nzpzrvKegI/POlNu0mfhlmp4ZxG88RTMeALumsUFoWwT6/ZGIG0iczsK/gIkX8TcqXt4pfAQW3dHyJqcyfw75jNs2Xre33+I9asPEUobxVULJ7L7pW0tr4fJOdx++yCWv7eF/IP7WHMwRMqoMdx0DSx/ex9tJ9dtR1UZ61eXtfPAIHJHZZPZU+vdJozkhhtSWb90O2v2RSAQYtiYbK65fiaZHQZUu3sdziJnwiDyC04zLDunzZd0UqYt4L60LSxbuZv9BYXsrSf6ujkhhwUzG4KSgUzm372AzPc38v7uYtYfBgIhEoemkTfvEoO/rYycPZHMggIOFW5j0+wsLknu4nlukDQ2j1vTCnn9g0L2RoBwCll5M7l11pl1fHvsfczEq7j1suW8s7GU/PUFMCZI7k0zueGK0yzbcoTC/DIKIboG8OSLuOGaHKd/liRJkqQGgfr6+m6s1idJGigOHTpEIBAgEIh+MtrV2119vNHZtrW+3ZX7nW3vSHfLV1XXdF5oIKqPfsjfUoTiFW/wSiHMuOk2FsRibVKdk6TE1mmePai8q5N59xVH4Re3AN+DL94S47bK4T9vgGOPwH/tLFNXTVIzOy9zDi7Y63XMHGb575azlXF86lOXxzijsow1i5ay/tQobnhwPtl9PFgbq2tuvxjDRz/gmVf3wYz5PHjFqHj3plfE9DVWkiRJkrppw5bd3SpvBrAkSWoQoXjlG7yyO0TmmDRGjhrGsIQaju4uJv9wDQybwiUGfyXYtQgOAlfeYPBXOh+7t7CpDFKmTe7zwV9JkiRJkvoTA8CSJLUjEIALb46MEFlXXMGC8DY27TrC1n0NGaDhQU1TKw6LbwfVTDeT2s+hgSDU18W4kf6oGtY+BdwFl8V6VekBJBC7SPmFeb0eCCrYlH+YCCnkXNz3/y/F8prrGO57Yv4aK0mSJEkx5hTQknSBcgros6uuqcWXSPVlgUCAxIQYfpevohQi/WBaUvUPoQRIic0a5l6v1Rtiec11DPc9MX+NlSRJkqRu6u4U0E5aJ0lSO4KmfqiPi/kYDfrBt3pQDMeT12v1hliOM8dw3+NzIkmSJKm/MwAsSVI7AkE/+FPfFvMxGkqIbf26sMRwPHm9Vm+I5ThzDPc9PieSJEmS+jsDwJIktcPMD/V1MR+jocTY1q8LSwzHk9dr9QYzgC8sPieSJEmS+jsDwJIktSMQCPjhn/qsYLO1t2PXSMgsYPWMUEJ0PMWI12vFWqyvuY7hvqVXXmMlSZIkKcYMAEuS1IFgyJdJ9U29NjYTBvVOOxrYemEceb1WLPXG+HIM9x0+F5IkSZIGAv+ykSSpA6FgEBNA1NcEAtGx2SsSUiDg20Wdh0AwOo5izOu1YqW3rrmO4b6hV19jJUmSJCmG/MtGkqSzCMVw2lLpXPT6mEwc3LvtaWDpxfHj9Vqx0JvjyjEcfz4HkiRJkgYKA8CSJJ1FKBR0HTj1GYFAgFBvT02ZmOJawDo3oYTo+Omt5rxeq4f19jXXMRxfcXmNlSRJkqQY8a8bSZI6EQ6bDaK+IW5jMSk1Pu2qf4vDuPF6rZ4Uj/HkGI4fz70kSZKkgcQAsCRJnQgGAoRDfiio+AqHQgTjlRkWSjAIrO5JSo1L5rjXa/WUeF1zHcPxEdfXWEmSJEmKAQPAkiR1QSgUdFpAxU2fGH+JKa4HrK5JHNyrUz+31if+v6hfi/cYinf7FxrPtyRJkqSByL9yJEnqonAo5AeE6nWhULDvZIMlDTEIrLNLHBwdJ3Hm9Vrnqq9ccx3DvaOvPN+SJEmS1NP8i1KSpG4Ih0J+UKhe0yfHW9IQp4NW+5JS+0Twt1Gf/P+jPq2vjZm+1p+BxvMrSZIkaSALx7sDkiT1N6FQkEAwQG1thPr6+nh3RwNQIBAgHO7D6xEmpkTXd60qh0hNvHujeGtcIzoOa/52xuu1uqIvX3Mdwz2vLz/fkiRJktRTDABLknQOgoEAiQlhIpE6InUR/ExWPSEQgFCwn0z7GUqAlHSoroDqU1BfF+8eqbcFgnFf77crvF6rI/3lmusY7hn95fmWJEmSpJ5gAFiSpPMQCgUJhYJE6uqoi9RR56eyOgfBQIBgKEgo2A8/lE5Mif7UVEDNaTOCLwShBEgYBAl9O/DbmtdrNeqv11zH8Lnpr8+3JEmSJJ0PA8CSJPWAUDD6wWJ9fT119fXU19U3fDBbb6aOWojOOBkgGAgQCDb8HgjTUCakRH/qIhCpjgaC62qj980O7r8CQQiGIBiOBn5DidH7/ZjX6wvLQLzmOoY7NhCfb0mSJEk6FwaAJUnqQYFAgFAgACaZ6EIVDEEwGRKS490T6ay8Xqu/cwxLkiRJkjpiAFiSBrJINRS8DR+tggNboXQPnDoKtdVkhBKoT04nkjaO2owcasbOoXbKAupDCfHutSRJkiRJkiRJOkeB+vqBNUnUhi2FrN9SSMHOIo6WnmjanpKcxPisDPJmZTM7N5sR6UPj2EtJirF9G2DNr2HjC1Bb3fX9wolUzfgEVZfcQ2TMLCCaXdI4dV7z3x3dbv67s22tb3flfmfbO+L0f5IkSZIkSZKk/mjDlt3dKj9gAsDrtxTy20VLWwR9z2be3FzuvHmegWBJA8uxvfD7x6OB3/NUfdFtnJ7/NeqGjTMALEmSJEmSJElSnFxwAeCKyir+4zdvsH5LYYvtyYOSGD92VNP9ysoqiooPtyiTkpzE/Xddz7y5ub3SV0mKqTVPw6vf6V7Gb2fCiVTe8N+pvvQewACwJEmSJEmSJEm9rbsB4H69BnBFZRWP/fRZivaXNG2bNzeXeXNzyZk6vt3yK9Zs4ffL1nH02AkqKqv45W/eaNpPkvqt1/4WVvx7z9dbW03y4r8leHQnp2/4q56vX5IkSZIkSZIk9ah+nQH8d//yq6bgb/KgJL728F3tBn5bq6is4qU3V7Dk3XVN2x564BaDwJL6pxf+Atb+NubNVM/6JKdv/R5gBrAkSZIkSZIkSb3lgskAfunNFU3B3/FZo/jmV+8nJTmpRZmi/SX8dtEfgOh0z7NnZjNvbi4pyUk8cPf1TBib0ZQB/NtFS8mZOt41gSX1L6/9ba8EfwESN78ASUPMBJYkSZIkSZIkqQ8LxrsD5+Jo6QleXrwSiGb+PvTALW2CvwDrtxRSsLOIgp1FrN9SyC9/8wZ//Q8/bwocz5uby43XzgEasoIXr+i9g5Ck87Xm6dhM+3wWiR/8isSNz/dqm5IkSZIkSZIkqev6ZQC4eaD2zoVXM35sRrvl8mZmM33qOEYMP5PVe7T0RIt1g+9cOK/p8RVrtnK09EQMey5JPeTYXnj1O3FpetCSfyR4fF9c2pYkSZIkSZIkSWfXL9cAfuRbP6KisorkQUn88B++3qV9jpae4Me/fJGi4sMAjEgfyvf/5ktANPDbOBX0HTdfzZ0L58Wm482VF7Js0au8s/MQ5adqAQgPTiVz6jxu/Ph1zBzdH2bn3sKTf/kkWy75HP/7szPj3RnpwvLcI7Dxhbg1X5t7B6fv+CfANYAlSZIkSZIkSYql7q4B3O8ygAt2FlFRWQVEp3DuqhHpQ/nOo59j+tRxQDQgvGLNVgBmz8xuUX+sVW55hu/9w894ZXeY7Pl38+BnHuTBzzzI3fOzCe9ZwpP/8j/4/rP5lMe8J5L6pX0b4hr8BQhvfZnQgc1x7YMkSZIkSZIkSWqrP6SZttA4dTNATvb4bu//8AO38tf/8HMgGhQGSElOYnzWKIqKD7N9Z4ynNa3L59Xn1lM+8ka++Y2FZLQIwedxxcfvpXTdczx/IJnU2PZEUn+15tfx7kHUmqcpv+FbDRnAjRvNAJYkSZIkSZIkKZ76XQC4MfsXooHb7mqc+rmi8nSLtYOTz6Guc7JzC5srYeLN81oFfxuFSZ/zIH/aO72R1N9Eqns2+/faf4Mxa+HZn3V71+Ttr1Nxw3eoDyY6BbQkSZIkSZIkSX1EvwsA94QR6UMZwdD4NJ40iDBQWVkJ3cnxrSsl//UXeeWDQkpO1UI4mbEX38jdn17AxOTm5Wop+fAd3nh7BTsPllNZCySlM3HOQh68K4/0ZkHnLU/9JU9umsnn/vF2al5+hjfX7aF00AK+9je3MxGgtpT1jdurgHAyGePyuPH+28kb0XLo1B5dz4u/fpF1+yqpBcKjZ3L7A59hXtYFOcSk2Cl4G2qre6aua38DN82Et/7+3PavrSZh9zKqsz/eM/2RJEmSJEmSJEnnzehcbxs3g4sGL2P175/gmfSHuXd2BuHOVmKuK2HJDx/jzZIMZt5wNzeOTICq/axZ/Ao//t8l/Om37yG7oY7yVU/w2MuHmDgjjxsXjCUVqNm/hjfffYYf1KXyt5/OblV5CUt+9H0OnZrIjDkLuWFyNukAlVt48n8/yZbKVCZeeTsLJ6dCVSmb313CM/98Av7+c+Q1jp6DS/jx4ycIz72RexekQvkelr29ghd/+G/w37/GvLSePIHSBe6jVT1TT2Pwd+n98O65r32eULzWALAkSZIkSZIkSX1IvwsAN5+2uWh/CTlTu78OcHuOHjsBwIjhMc4MDmZzz399EP79OVb/5jHWPxsmfcIMZkyfRV7eDMaOSG7zpJS8/SRvHhzLwj9/hBtHN27NI++SsTz5/Wd4dflCHrk2mk2ceuXD/OPcMOHmlczOI7Pue/x4+Qq2fDKbmS0CziWUjvwc3/7zmZxJJK5ly/97ji2nMrjxG99k4egzpfOuvI79+0oZ27z+kkqmfv3b3D6hWd9G1fLdJ1azfks58+a7mrHUYw5sPf86mgd/l55ffeGS/PPvjyRJkiRJkiRJ6jH9LgA8IetMAHjDlp18fMFl513n0dITHC2NBoBzsnsmoHxWw/O455uzuK34I9asX8b6dfmsWLyFFYuBcCozbniQe2/IJjUIsIfVq0pg+j1cN7pVPcl5zJn2DE9u3kz5tfOiE0oHw+1mFCcnJ0NdCYeOwMyM5o9ksODm5sFfoHodqzdVwozbmgWcG4UZOy6j5aZJC7huQqtiUyYwkdXsOXiIbk11LensSvec3/49GPwFCJXtO+86JEmSJEmSJElSz+l3AeAR6UMZnzWKouLDFOws4mjpCUakn1/W7kuLVzTdnj2z9RTJsRImOSubBVnZLLgNqK2ktHgzy156kxWLf8ZjRx7m2w/MIEw5pWVA2fP8j798vv2qMippWlG4rpzC5S/w6rKdHCqLrsfbrGB7O5PZevPxckqBjAmTujZAhg5tG+JNTGlY6/h0V2qQ1FWnjp77vk1r/t56XtM+Nxc8Xdoj9UiSJEmSJEmSpJ7R7wLAAB9fcBm//M0bAPzyN2/wza/ed851HS09wYo10Sy4EcOHktdrAeBWwsmkT7iCu78+i6wnvsvz65aw+rYZzGuMrF58D9/+9EXt7xtMbgjA1pL/7GM8sa6S1AnzuOW2iaQOziB79FAO/eHH/Ozd3jkUSTFUW32OO34PbpoH63ou+Ht+/ZEkSZIkSZIkSbHQLwPAs2dmk5KcREVlFQU7i3jpzRXcuXDeOdWVnJxE8qAkKk9Xcf/d1/dwT89FMpPGpUN+LZXVAKmkpwEnTkNqaieTKReyfkMljLudP//6ghZlK5O60YVhqaQD+cX7aT9rWFL/8214axrc9Fs42sNBYEmSJEmSJEmS1Ge0s1ps33a09ASP/fRZKiqrmra9vHglLy9eeU71pSQn8f1vfYnvfOOPeyf7t2wFTz65mtLaDh6v3MIbK0th+FRmjACYSN7sdNi3hBe2VLZTvpTSps1hEpKA6hpalGyss6sS55B3MbBlCW8ebPtw6bHyrtclqWeFE89933cfgLe2wE2vw/W58e+PJEmSJEmSJEnqcf0qA7hgZxE/+eWipuBvY+YuwEtvrqCgsIiHHril0zWBt+/cx/Sp45rupyQnkTK2dzJda0tKKclfxve/9SIZ068gL3ci6Q3ZueX717N6eT4ldWNZ+OXbGduwz9hbH2bhjsd486nH+PGV1zFvcipQQ2n+GlZs2APzv8a375gIZLPgY2NZ/fqb/NvPK1k4dywJVftZs3gNJwanwqmu9jJM3icfZP2eZ1jyr9+jsLHNqlI2L1/ClpIZPPj3nyOvX40eaYAYPALKDpz7/u8+APwmmgnM/bB063l1p25Q+nntL0mSJEmSJEmSela/CeG9vHglL725oun++KxR3H/39S0CwgU7i/jrf/g5eTOzyckez/isDOqpJ0AAgPVbClm/ZQdHS09w47VzeCAOUz6Hp93ON//uOvasfYclq9azbNEKKhuygcOpGYydew+PfPwKxjafvzmYwY3/9a8Z+/YrvLn8DZ5ZWQuESc4YS94nH+HGuWObimZc/zUeGfQ0zy9ewfNP10JSBld8+hHuPvIEjy3uRkfT8nj4G6ksW/Qq76x7hWdWAuFkMsZdwYN/cbvBXyle0ieeXwAYejQIHEkb13khSZIkSZIkSZLUawL19fX18e7E2VRUVvHbRUtZseZMgGLe3FzuvHkeP/6PRRTtLwFaZgN3xeyZ2Xztobt6vL+SFFOv/S2s+Peeqeva38BNM+Gtc18TuDLvs5xa8FcEAtEv2rT+3dm21re7cr+z7R3pbnlJkiRJkiRJkvqCgl3d+wy/T68BXFFZxWM/fbZF8PehB27hoQdu4aXFK5qCv+OzRvH9b32Jhx64hfFZozqtd97cXB64q/ezfyXpvE26sufqevcBeGs5jLn1nKuoybqs5/ojSZIkSZIkSZLOW5/NAC7aX8JjP322xXq/f/HV+xg/NoPfL1vLbxf9oWn7dx/9XIt1f4+WnqBgZxFHSsta1JmTPZ6cqeN77yAkqadFquF7F0Ntdbx7AuFEjv6XldSHEs0AliRJkiRJkiQpRrqbAdwnV3JtHfwdnzWKrz10NyPSh1K0v6Qp+Avw0IO3tAj+AoxIH8q89Nze7LIk9Y5QIlz6SVj723j3hKqc26kLJmBYVZIkSZIkSZKkvqPPTQF9tPREm+DvN796PyPShzY91uiOm68mb2Z2vLoqSfEx94/i3QMAKmfeE+8uSJIkSZIkSZKkVvpcAPg3i5a2Cf6mJCdRUVnFj/9jUdNjs2dmc+fCefHsqiTFx7jZ0SzgOKqacTs1mTPj2gdJkiRJkiRJktRWnwsAb9hSCMCI4UNbBH8f++mzFO0vAaKB4YceuCWe3ZSk+Pr4oxBOjE/b4UROXfnV+LQtSZIkSZIkSZLOqs8FgBulpAxqN/ibPCiJrz10NynJSXHuoSTF0fAJcNvfxaXp8mv/mtq0sXFpW5IkSZIkSZIknV043h1obcTwoRw9doKi/SU89pNnOXKsjKOlJ4Bo8PcvvnofI9KHxrmXktQHzP0MHN4BK/6915qsmP1HVMz8FIFea1GSJEmSJEmSJHVHn8sAvv/u65tuF+wsahP8HT82I15dk6S+5xPfhcvu75WmKi+6m/Jr/6JX2pIkSZIkSZIkSeemzwWA82Zm89WH7mLE8DNZvtOnjjP4K0kd+eQ/w7wvxLSJU5d+hhM3fjembUiSJEmSJEmSpPMXqK+vr493JyRJPWDN0/Dqd6C2uufqDCdy4pq/onLmp6L3A4GGXwECNLvdbHvz351ta327M3tm3gAAIABJREFUK/c7296R7paXJEmSJEmSJKkvKNhV1K3yBoAlaSA5thd+/zhsfOG8q6qc/glOXvEVImljzwRPDQBLkiRJkiRJktSrDABLkmDfBljz62gguDsZweFEKrJv5VTup6jNnAm0DPAaAJYkSZIkSZIkqXcZAJYknRGphoK34aNVcGArlO6BU0ehtpr6UAJ1g9KpHTqW6pHTqRqTR/XEa6kPJbQJ6hoAliRJkiRJkiQpPgwAS5K6ZM9H+5uCt+0Fe9sEdlsHeQ0AS5IkSZIkSZIUc90NAAdj1A9JkiRJkiRJkiRJUi8zACxJkiRJkiRJkiRJA4QBYEmSJEmSJEmSJEkaIAwAS5IkSZIkSZIkSdIAYQBYkiRJkiRJkiRJkgYIA8CSJEmSJEmSJEmSNEAYAJYkSZIkSZIkSZKkAcIAsCRJkiRJkiRJkiQNEAaAJUmSJEmSJEmSJGmAMAAsSZIkSZIkSZIkSQOEAWBJkiRJkiRJkiRJGiAMAEuSJEmSJEmSJEnSAGEAWJIkSZIkSZIkSZIGCAPAkiRJkiRJkiRJkjRAGACWJEmSJEmSJEmSpAEiHOsGjh07FusmJKnPGj58eLy7IEmSJEmSJEmSLiAxDwAb/JAkSZIkSZIkSZKk3uEU0JIkSZIkSZIkSZI0QBgAliRJkiRJkiRJkqQBwgCwJEmSJEmSJEmSJA0QBoAlSZIkSZIkSZIkaYAwACxJkiRJkiRJkiRJA4QBYEmSJEmSJEmSJEkaIAwAS5IkSZIkSZIkSdIAEY53ByRJPaOyorbpdunxcspPVVBVXQNAUmICqYNTSB+WGq/uSZIkSZIkSZKkXmAAWJIGkJqaWopLjnK6qrrF9tNV1Zyuqqb8VAVZGSNISPDyL0mSJEmSJEnSQOQU0JI0gLQX/G3udFU1xSVHe7FHkiRJkiRJkiSpNxkAlqQBovR4+VmDv41OV1VTery8F3okSZIkSZIkSZJ6mwFgSRogyk9VxKSsJEmSJEmSJEnqPwwAS9IAUVVdE5OykiRJkiRJkiSp/wjHuwOSpJ5RX18fk7LqOYEABIMBgsEAgWCAQAACgehvSZIkSZIkSepL6uujnyXX10N9XT11DT9+vNz3GQCWJCmGAgEIhYOEQtHAryRJkiRJkiT1B40JLACEzny2WVdXTyRST6S2zmBwH2UAWJKkGAiGAoQbAr+SJEmSJEmSNFA0znKYkBAkEqmntraOuoiR4L7EALAkST0oGAwQTjDwK0mSJEmSJGngC4UChEKhaCC4po66OgPBfYEBYEmSekhCYpBwOBjvbkiSJEmSJElSr2oMBNfW1lFTXRfv7lzwDABLknSeQqEACYnBM+thSJIkSZIkSdIFqHFZvJrqOiJOCx03fT4A/N7qLez6qJjiQ0fZd+AIVVXV3dp/3JhRjB0zkoyRw7hz4bwY9VKSdKEKJwRJSDDrV5IkSZIkSZIAAoEAiUkhamrqqK0xGzge+nQA+EdPvMjGrTvPq459Bw6z78BhADZu3cnXv/BJhqcN6YnuSZIucE75LEmSJEmSJEntS0gIEgjglNBxEKivr++T+ddfevTxFvenTspiyoQxDBqU2K16du05wM49xZw+fSZz+J+/82WGGQSWNMBs2LK7W+WHD0kkEAg0/QBnvU3z20CADso1+93Ztta3u3K/s+0d6enpmQ3+SpIkSZIkSVLnXBf4/BXsKupW+T6ZAfzSmyuabk+eMIZPfuIaLpo24ZzrO3z0OC+89h5rNhQA8MN/f4HvfOOPz7ufkqQLk8FfSZIkSZIkSeqaxs9SDQL3nj736fWqddt4efFKAC6/dDr/45HPnFfwF2DUiGH86R/fzucfWAhA0f4S/t8ry867r5KkC084weCvJEmSJEmSJHVHOBwknODnqr2lz53pD7fvabp9+01X92jd8+fOZNKE0QCs21zYo3VLkga+UChAgm9SJEmSJEmSJKnbEhKChEI9u1Sf2tfnPsUuPngUgInjMhk7ZmSLxwoKi9iS33aNy5feXEHJkeMttu3ac4A/LN/Qpuy0SWMBKDlyjMrTVT3VbUnSBSAhsc+9bEqSJEmSJElSv+FnrL2jz60BfOBQNAA8dVJWi+179h3isZ8+C8AdN1/NnQvnAfDYT56lYGcRLy9eyc8ffxSIBooby1bX1HLzxy5vqmfKpCxYthaAgyXHmNyQESxJ0tkkJAYJBPx2miRJkiRJkiSdq0AgQEJi0PWAY6zPhdmrqmsAGJwyqMX28pMVTbcTEtrGrVMHJ1N+shKA2kikafvpquoW5S6/dDoTx2WSNXokw9OG9Fi/JUkDVzAYcN1fSZIkSZIkSeoB4XCQYNBkm1jqcxnAHZk5YzJ33Hw1x8tOMmXCmKbtd9x8NSyGSy6eQuqQZACmTsziluvncuJkBfPm5rap61v/7bO91u+uKNpfwr/82/MEAgH+25fvYXzWqG7XcbzsJP/r/zxDZWUV/+3Ln2Zys3N0vv6wfAO79h5gyoQxfGz+7B6rV5L6i7Dr/kqSJEmSJElSjwknBKmuinReUOek3wSAgaZpn5vLyR5PTvb4FtsGDUrk07cv6K1unZf6eli1bhsnT0Wzl1evzz+nAHAsbd+1jzUbCqitjRgAlnTBCYYChEJ+G02SJEmSJEmSekooFCAYClAXqY93VwakfhUAPl+Hjx5nX/ERjpWVM3VSFhPHZca7Sxw+epzV6wuaspfXbtzOx66+lBHpQ+PcszP+9I9v50//+PZ4d0OS4sKpnyVJkiRJkiSp54XDQaojZgHHQr8JAJefrOTfnnyZ1CHJ5M2axhV5MwB46c0VvLx4JTctuIz77vpYu/uerqrmmRfeZsWarS22T52UxecfuIXRo4bHvP8dWbVuG8fKyrn3jusAeO7ld1i7aTs3f+zyuPVJkhQVCGD2ryRJkiRJkiTFQCgUIBCIzparntVvAsBrNxZQsLMIgLq6+qYA8LurNgPw1rK1zJuby7hW0yfX1kZ47CfPsmffoTZ17vyomG9//wn+1998kZHpaTE+grbKTpxi1bptDE9LZfbMbAB+v2wd763ezJWXXURa6uA2+9TV1bN6fT4vL17J4aPHSUgIc/ml0/n4gsvalG1cFxjgv3zuDl5fsorN+bupq6tjysQsHn7wFlKHpLDojRUsX72ZytPVDEsbwoOfvIG8mdMINMQ8Xl68kpfeXMGdC+dF11xutW181iiee3kZh48eJxQKMmvGZD7z6RsZNnRIjM6cJPWOkNm/kiRJkiRJkhQzoXCQ2pq6eHdjwOk3n2xfMeeiptuX5E5puj15/GgAJo7LbBP8hWhguDH4mzV6JH9y38382Rc+ydWXX9xU5he/fo3aOKSYb962i5Ijx5k5YxKjRgxj1IhhzJwxiYMlx9ia/1Gb8vX18NqSVTzxzOuUHj9Bbs5E8mZms2PXPn76H4uorKxqt50T5af41589T8nR41x2yXSGpaVSuHs/P35iET9+4kVWr9/GzBmTyZ48lhPlp3ji6dcp3L2vS8fwwYYCnnjmdTJGpnH5pdNJSU5i/ZZCfvHUa1Serj6v8yNJ8Wb2ryRJkiRJkiTFjp/Bxka/yQBOSU7i548/SvnJyqb1cgG++tBdFBQWkZM9vt39Gqd9zpk6nm9+9b6m7ZdcPIXpU8bxn88uZudHxSxftYXr5l0a24NopqKyindWbmRQUiLXXjWrKdv26ssvZvX6fN5dtZm8WdNIHpTYtM++4hKWvLuOwSmD+PrDdzN1UhYAtZEITz67mJUffEjyoKQ2bdXWRrj1hiu44+Z5BALRzON//slv2X/wCBPGZvDdR/+Eoakp1NfDr55bzLurNrN+SyHTpozr9DhOnKzgkS99uqkvh48e51/+7/Ps3X+I4oNHmrZLUn8TCEAw6JsPSZIkSZIkSYqVYNBpoGOh32QAN2oe/G3UUfD38NHjHCwpBWBuXk6bx5sHJws/2t9DPeyaHbv2UVR8mIumTWDC2Mym7VMmZpGbM4ndew+wvWHK60ab83dz8lQleTOzmTLxTN/DoRA3LbiMIYPbnhuInrPLLpneFGQemjqYcWOi2dKXXTqdoakpQDTYcdG0CUB0+uiumDNrWovzmD5sKGPHjKTydDVlJ051qQ5J6osM/kqSJEmSJElS7PlZbM/rVwHggsIithZ8xOlWUwu/9OYKDhw6etZ9B6e0DY4OapYtGwz23qmorq7h98vWATBvbi6h0Jm2Q6Eg8+bmAvDe6i0tpqbeV3wYgOHDUpuCuY1Sh6SQmJjQbnsJCQkMThnUdL95VtvoUektyoZCoW4dy7C0luv8hkJBEhP6TWK5JHXINx2SJEmSJEmSFHt+Ftvz+k2krqCwiMd++iwAt1w/l0/fvgCAHz3xIhu37mT1+ny+++jnSGgWfBw1Yhgj0odytPQEazcWcPml01vUuXp9ftPtKRPH9MJRRO3ae4Ddew8QidTxoyde7LDctu172L3nQNNUzM0DxZKk2Ar4pkOSJEmSJEmSYs7PYntevwkAN8/wPXGyoun2ro+KATh0+Bhl5acYmZ7WYr9ZM6bwhxUb+GDjdsa8uYK8mdkMS0ulYGcRz7/8DgDhcIhJ40f3wlFAJFLH0vc2UF1Ty0XTJrTJoG10vOwk+YVFLHt/E1MmZhEKBRmTOQKAgyWl1NfTIgu4/GQF1dU1vXEIknRBaD3TgiRJkiRJkiSp5/lZbM/rNwHgj82fTXVNLYePlrHw+subtv/Vnz3Ir557iyvmzGgT/AW4+WOXsXZjAeWnKnl58UpeXryyTZl777iOieMy22yPheKDR9i+ax8ZI4fxhc98grShg9stV3biFP/8k9+yJf8jig8eYfzYDGZdNIXfL1vH5m272b6riJyp0bWPayMR3lq2lpOnKkluNq21JOncBXzXIUmSJEmSJEkx52exPa/fBIABbv7Y5W22ZY4azje/el+H+4waMYyvPXw3z770B3btOdDisaSkRL7yJ3eQmzOpx/vanvp6WLp8AydPVXLNlbM6DP4CpA0dTN6sabzx9mpWrdvGuKwMxo0ZxQ3X5PHSmyv4l//7HFMmZjFi+FB27YlmQRv8laSe43sOSZIkSZIkSYo9P4vtef0qAHyupk7K4htfvoet2/dwvOwkVdU1DE9LZVzWSMaNGdVr/Th0uJTN23YzPC2Va6+c1Wn5a6+cxaq121i1Lp9rrpzF6Ix0bvv4VWSMHMaiN1aw86NiPio6yGWXTOfGa+fwf598mcrKql44EkmSJEmSJEmSJEl9UaC+vr4+3p1o7kuPPg7AHTdfzZ0L57V47Knnf09NbS3XXX0pUyaOAeClN1ewfec+Jk8YzadvX9Dr/ZWkvmLDlt3dKj98SCKBQKDpBzjrbZrfBgJ0UI6WU3acbVvr212539n2jnS3fHLKBfEdKUmSJEmSJEmKu8qK2nh3oU8r2FXUrfL95tPtd1dt5p2VGwGIROqaAsDvrtrM8bKTFOws4tqrLiFj5LB29z92vJwDJaXsKz7M6apqRmekR39GDScxMaHXjkOSJEmSJEmSJEmSYqXPBYCTkhKpqqrm9OnqFtsnjstsuj0u68y0zVmZIzhedhKg3eBvTW0tv/j1a6zbtKPd9oalDeHaK2e1yTaWJEmSJEmSJEmSpP6mz00B/f3/8ww7Pypm6qQs/vrPHmzx2KHDx6irq2NM5oimbaerqtlTdIis0SNJHZLconzR/hL+7l9+1aV2h6UN4Z+/8+XzPwBJihOngD47p4CWJEmSJEmSpL7JKaDPrt9PAZ2VOYKdHxWz86Nitu3Yy0XTJjQ9ljlqeJvyg5ISycke325dj/302abbkyaM5uPXzmHmjMkMThnErj0H2JK/m5cXrwTgeNlJXnpzhZnAkiRJkiRJkiRJkvqtYLw70NqUSVlNt1947b1zrueZF96morIKgDtuvpq/eeSPuHLORQxOGRRtZ+IY7lw4j7/7y8837fPy4pXs2LX/nNuUJEmSJEmSJEmSpHjqcwHga66YyaW5UwHYvfcA//bky+w/cKRbdRwpLePt99YDcGnu1LNm9Y7JHMGffeGTTfdXrdt2Dr2WJEmSJEmSJEmSpPjrc1NAA3z94bv50qOPA/DBxu18sHE7E8dlMnVSVlMGb2tTJ2WRmzMJgAOHSpu2583K7rS9Sy6ewvixGRTtL2HfgcM9cASSJEmSJEmSJEmS1Pv6ZAAY4OePP8pLb65oWqN3z75D7Nl3qMPyI9KH8v2/+RIAxQfPZAznTG1/feDWcqaObwgAdy/bWJIkSZIkSZIkSZL6ij4bAAa4c+E8MkcN58Pteyg+eJQDh45SVV3Tbtl5l+c23V54/VxWfPAhk8ZnMjI9rUtt5eZMZP2WHS3qkSRJkiRJkiRJknpSpK6O2toIkUiESKSOuvp66uvrAQgEAgQDAUKhIKFQiHA4RCjY51Z0VR8XqG8cUZKkfm3Dlt3dKj98SCKBQKDpBzjrbZrfBgJ0UK7Z7862tb7dlfudbe9Id8snp/Tp70hJkiRJkiRJ6meqa2qorq6lNhLp1n7hUIjExDCJCQkx6ln8VVbUxrsLfVrBrqJulffTbUmSJEmSJEmSJClGamprOX26mkhd3TntXxuJUFsZoaqqhkGDEkkIG97T2TlCJEmSJEmSJEmSpBioOF1FdQfLm3ZXpK6OUxWnSUxMIGVQUo/UqYHJALAkSZIkSZIkSZLUg+rq66moON3t6Z67orq6hrpIHSkpgwh2c+k7XRhcNVqSJEmSJEmSJEnqIXX19Zw6VRmT4G+j2kiEU6cqqauvj1kb6r8MAEuSJEmSJEmSJEk9pKLi9Dmv99sdkbo6KipOx7wd9T8GgCVJkiRJkiRJkqQeUHG6KqaZv63VRiJUnK7qtfbUPxgAliRJkiRJkiRJks5TTW0t1dU1vd5udXUNNbW1vd6u+q5wvDsgSZIktVTGzvW7OdJwb+SU2UxNi2uHJEmSJEmSOnX6dHVc204YYthPUY4ESZL6lc389NHFrOu0XBp3/9UXuS2jF7p0Npuf40v/sTd6O2M2f/dXNzImvj2KgZbPyZzPP8pXZp1nlaXbePWV91laWErZKYAw13z5Ef5k+nnW22/sZfFTS5qd09nnf04lSZIkSZJiqLqmplfW/e1IpK6O6poaEhMS4tYH9R0GgCVJkvqSg0v43uMb2Nvi74VaKgbaUi4lS/jOP23gAAAT+Mrj9zInzl2SJEmSJEk6V9XV8Z+Cubq61gCwAAPAkiT1Y0nMuf0a5gxr/7EJTpnbD1Wx6rVmwd/UdObMmsCsKSMYMyGuHetls/jK46b8SpIkSZKk/iFSV0dtJBLvblAbiRCpqyMUDMa7K4qzcP0PhxAA6qHl73oIBKK/W2h9v/n2ph2a1dR0v1mxVvU3lu68/taPt9NeU7tnHm59XB3W30Yn9bfd2ra9rhxX8/banLdW56+d+lu32/lxNW5v77jO8nx1u/7W2tbfleM6t/qbD4BuPF/tjrOO2m1efxefr27V36rDXXm+zvb/qr12zzb+Ah3U37YXvXO9aO8weur/81kEQgkwaDCBtFEERo4jmDWd0KSZhKbNJZAx6az7SrE3iAm5s7ky3tM8qwftJX9X4+0kbn7oIe6dGM/+SJIkSZIkqTO1tecZ/K07xJJfvsw75PL1h64m4zzit7W1EUKJBoAvdOFAQ+yjMQQSaAicRLcHCARaBWYCHQSEAo2/Gx6rDzSvqElH9Qe6XH+rgFBT/a3bbdl8oL7V8bQOODXuTtv6o6U7qL95t5u31/Bvm+NqHZAMtOgN9a3PW/MCbepv53y2qr+p260Dg4FW7bU+Ye0eV7PjofVxNTs82nmeGvdqVX+b42q833j+Wo8/Wj1fHdbfegC0V/9Zxkerds/U38H4a91uN+tv1Lb+bjxfzdtr/Xy1abdVe7Sqv81xtXs6e/96QTevF23GfQfXi7Ooj9TAqePUnzoOxTuIbFpKTcNjwaxphPJuInzFnYSmzO60Lik+Snj1n37FiyXRe3M++0Wu2f8ST68o4UgVkJTGnDs/wVeuyqLmyAaefuodVhXVUhMMM3L6TL742RuZmtxQVev1fL80gqVPv897e05RUwcp4ydw212f4ObJg7vWtboy9q5eztPv7GBvSS01QMLgwUy4NI/P3HwlE1IBqlj1xI/4xdboLmkL7uWxu1qmwh546xd8540yAFKu+AQ/uP8iAMoK3+PpV9ayuaih7tR0rrzjNj5zWQatJ8LpTtku6+R8JaRncdtn7uS2yYNpf23nKhb/8HEWN+7fuH5yl85b23PDpTfzg2tL+MXTW9hcWgtjL+d/fSOd55raTePub9xMypIlvLi1lIpaSEjL4Pr7PsW9MwZTVriE//xtw77hMBPmXMdX7p3NyGZ/T9SU7WbVu++zdF0JB8qa9+0qvnjXbEaGaTX1c6O9/PTRx5v6+fPP0ex8tF3PuubIZha/9gFL80spqwKCYdLGZnH9jddx86zmz9nmlvX8xacYufxVXlzbOP4HM+v6hXzxpsmkdO/ZlSRJkiRJahI5n+zfukOs+NVrvLEvAmziR78K8/U/nnvOQeBoX5wG+kIX+p+3Jv5PoOsZko17djEjkRbl29ncrcy+dgKBrQOenbTbYYZku+UDLXfoJFOwo/pbBKI6O55WGcydHk879Xd8Hts5b60bOtt5DLTpZScZuuc+PuI5/lq3e0Ynz1e7DXR+XB2Xb++4uvZ8dS2j+tzrP7eM6i48X22e6E6O66zlO2jvbNeLbqovL6Vuxxpq//AUka3LCITDBCfk9kzl5+BgyfFulU9ODBEIBJp+gLPepvltoiH5dss1+93Ztta3u3K/s+0d6W75hIS++i25Ej5YvLMheDaIGdfMYfpZ462n2LF8E/mnovfKdm7lve0nqGh8Txqp4sCHO9gfPM7iJ99nc1kddQD1dVQcOch7u+u47ooJDAIo+ZCXNzQEE8OV7FyxjY0lNdQ1/J+qOVHGh6s3sz8rl7mZiQ3dbbbP4NFcf80UUgHqinn1h0/ys5VHOHaqoU2grqaGY0V7WfZeAaFZeUwfEmZc8hGWrCulBqgqqWHyx3LIbHo69/LGb9axsxJgMNfffyu5Q+HAkl/ynWcK2X+iWd3VlezdvImlh1K57tLMprfB3Snb+XMCY2bPY25mq2OvO8a6ZTvILz1zvuoqy8lfvYNQ3hymD25ZRxuN567L5y26/eSudSwtbFg8uP4IH76zhx0VDXslZ3DdNYPJb2o3wt5NW1hXVElNQ5G6qlPs3LCDqsBO/vM3BeyvbHygjrL9u1lZPopbc0cAULP1dzzyrytZ91E5ZVWt+7abJdsqmXvlFFIrdrN0+UFOdnSso6dy56V0OM4rNv+Ob/1kLRsPVlLVOI7r66g6UUb+hk28dzSVa2Y1PmfNz2uEA5vXsXLnqWbjv4aSwm3/n733j6+rKvP93/vkpGkTaiCEQFJ7oITWxHJskhaCEOiNlYgtlqo3o/QKHcd6r8z1ol/RqzgjL194r9XvHb5z9TrDzICDKBfk5ooFLcOEqbEQkEAbUgO0UEolpQ3EUIglKSFp9vePs3+stfba55yU/Gjhefuq55y9136e9ay19uIkTz77YWfiHJqr8/zDBUEQBEEQBEEQBEEQBIM3R9/CjU2YZGOE3v+7mbv3vBUcGX+9nycHT+KCpeXHnMYtmnPiJYDH/V9ICVZefe1Pk2of/nbbAZzg1/nha3DcCV4d/IQB3qfwFe+49xbdvulete/7Ve076P9T7SufPfvR3+07QVyaP88+EfumX9W+EpfhIjyg2jficpzgVbUfjGMkLoJXzaGj/jPmyZgvLZ7YcTPiMuxr42iuh4j96PqwzpfqQ4srXDiR9WfOl7r+lHWo2o9df+Z8qX1V58tRfBnzFY1LHy5t3Kxx5bH+bOPmfzbnC32+bPdVZP2p928+9lXy2S/Usctnv1DHLud+YbNvjqZtnizzNUUcfe5x3vyH/8LIN5sZf2zz1BoXhFiG2Pz9m/j8dZZ/399qTSaODI9SviTNussWkQryXaN0P9BL37wyGi+ro0XNKO/bTeeAzfUQfUeKqF5eR+tli6ier9i6+366R7P3fO+v7mPzfu9DwmJn/BCb//4+dk8ANXU0lXnHj+yj+znF0HM9dB7y3i88l5YFwIvt/PD+TMI4tF1L2lOQjuzcRptvYzJt3w5HRhmaKKHmwjrWNVcoqtkh2rftAVK0fGYVGz9TS3VwURENl69i42dWsfGKWsonO24mA0NBbeHCkiJK5yWNBuOMDBeRWm70cWKI9gf6GCmvoOWyOhoXFgVXjDzeQ7dvs7aWxnlAUQnV6UU0X9ZEa3MVlb6bAz1sfhooraX1M6vYeHmKsEx1Gc2f8WJdmaXY8ZHt3PrTfQz5PiuqaLmikZaa0uAHoqEd7fwwWBR6fEOHoXxJLesuS1NTHp7p3/YYu+O9CoIgCIIgCIIgCIIgZGXimJK/MPDQZn76zFuR40ee2cY/PvTKjPZFeGeR1BV3rvdRefWO47/EKe5cMhkV1/Uel+xmHiebtQaw6yn6TH8WFL+BfQx/asbIBWLs+5/j7IfY7Pt+be0t/nzjeSlE7XFhxhUcjYvLjbSPuDTHUY1LjcdiP3zNTwFsny97pzLTFrP+Iu3N9/b5wozLJWtckfmKeR/EY6z78LHChn3XNdZ9DgWwa7fvj19kaCL2c6yHyP1szJMTvX/19sb6cCzzlfV+tsQ1qf0ix/oL7PuH9PU3Xf8JnNi/izf/7gskH72HOZ++gUTVOdPkSRCOkZqVfOvzKygGWkrv4i/vPuidKKHlc3692cVwYxvtQwBD9L0CROoMJ2lY/1muqc8ki1uaerj5v2+l+whwpI/OnaM0nF9kXpRhopf2zuHATtPnvsiGmsynllW7uP2G++k8Agzvof3JUWqWp2i5uIz2ew8B43Q+up31NSsoBHqf3MeIZyl98XmUAt2UFAusAAAgAElEQVTbehn0+3j157kmXeTZXuTZHqVz+y42LKmdVNu3RwktX/xCUM+36T238dV7M0nKkf0HGWQx1fV1VFNA9x27vGuMGs+THrfo+KcuWcu1H1tMaZCA7tXOl1+ylm95j9iuOfojvveQl8lPVLHhy1fSNA+4pJSRb27LXDkxRP8gmfWRqKX1a1WsLy1V/jq1keaKcJ3tfaEP0inS9VUw8Cpbft1HRiN9EjX1dTTkGMX+zh56/eT2wkY2fbkpk0S+pImWh8Ix3bttO31NLZip5PJLWtnkxbfm/GK+c2MXfQBHBtg7iJYUFgRBEARBEARBEARByJdjUf8e2f1rftRxOPb8gY77+WnFp7i6ZnKFq45NiSy800jqcj/CWqVeiiVa01NvP9U1gB3HknBS/fl+XEf3FzQw4jHj8v1hj8tW4zWTnnICv6r94FWLyz/sxNYqDRK5vj9i4jJqABNjXxtHx4m0D9ya86UWmbW0j6sxHJkvIyEemSfMuLDH5aofjfWnJiTN9eebc8J5yjQ34oqxH8SDbt/MEk5VDeBI7evgAt1vEI9jrL+Y9np3VPvGOjTnyXJfReZL9WfYN+PKe/1N+37h2OfLbD8NjD/ZztHfdzBnw3cpbL5q+hwJ73KKaLi8iYaTLafmVWDLZaWXpYNap4WqAnReFekz/Q9zKY7J3YbtF9FcryiF59XRcl4n3V7CcO+LfXD+Yvu1AwOBEpV5i2isUc4lamlc1k7nY+MA9L30CixPUdqYJv2rbZnk3649dI+uoJHtdGwf9+wsprm+CDhI3wHf2Di9v7iFr/4yND/iK5P3H6Sf0km0rc3U3z1WSs+m4Uzl4yknAZ5KdWw8qC2elWMYN43yOjZesVhR3ZoU0VAXXlNcPBfwBuHMhaT9WtBFRbGPHypODNH14CN0P9vH3kPe3IyHcvChoaGsIeai70B4ffWKtBZLaf1iqu/tYi/AoVfpG4WUto71+CgtpRzo8z/LU4YEQRAEQRAEQRAEQZghxl/u5B/bDnAka6u36G3bzAOf/xSXnVEwQz0T3imEv/nVEiHZlZ9he0W5F6Pgs9tX/Fjsh37Ny1QFXxaFZ6zf/BSzEcWql1CNCSH6Oeh4nKLaiCdG4Wn1kUuBCYqC1lRIWuLSFKuWeDS/ORS6wbW6/ViFcdx75WBEQes3zrL+AoXnZO0fJ+vPSGlH4oq3bx7Poei32s+iMM7TvqbQtcQ1pfuFty7t7S1xRTo2vbhHxxj9568xsX8XRVd/d2acCu8yDIVoHhTOi8nszi/JkhjMr72aMBw58mb8tX885Klu7XZKTy4BTxcaJAyLVtCU3kbvTmDiIB1PDNEwb0+gBi2/oI50AuDVjCLVY+zwKPEpx8m0fZsUFTC5v9W0cCzjprKgIkcSey7F82JOvac05/oYe/oerv9J+HjmqWeAQeXJR6WlRo/mq30cZmgIQ7meJT5BEARBEARBEARBEIS3geM4+StvB3/Hj255mgP5/A5l4jBbb7mbwv+0nlV5/g7Qmer6h8IJSZgA9hR2fkLGVAD7QjtHzR2Bkjz0kkaq4s43Z7FPDvu6clLB8ZN7ocJTVzBqjRXFoxlXnH09rlAJaSg//Sg0BabiL6Is1eMKc3C68jFUzNrsK+MYUULaxy1ynxtKy6hC0hgMQ8GszZfVvh6XpshVxxH0+fLjwpgvxxg/2/pTOh4qtm32/RM2+/a4AoGpOV9Bktmy/oL2jmHAMl8R+8TYj95XkfWhKaTzWH+qgXzWX6SfUeW0Gdek9gvFfF77hRqPeZ8E7mLWn3W/mD7GHvxn3NdfYe61P54Zh4IwExweZgi0hOLISJj0LZ43N/7a08oopy+TzLTYGXp9OHivJvkazl9M8c49jAB7tz9CG/7jq8tovthXdp5KZTlkjJew5mtfYN0ZcR05OIm2xwHHOG4zwxCdHWHyN3XJWq65bDHlRcCTbXz+jr6sV+dHBeWnA15N6kySW4nz8JCSwC9hxodAEARBEARBEARBEIR3LQnH4Wiev3A+tHtffslfn4nD9D73GqsqTsm7L4KQ1BOaOWp6ukQSLAFKAiq+BrDdfqCEzGlfP+/bj1VkxtYYtjjJV0GoKAn97mrjZ/rzjWeLS/VnUWQqWcFJKlbj4vKP2+LKMl9qPHnZ199mq8GaLa6c86VmDW01ZZVHYmeWRRaFu2Wdxb73/eVbAziw7+ZpXzHnot9XtvnKVgM4Lq5s68+sAezqidr4/SLOvnEuZw3gfJ9EEGPfeGtXOuv313Qy/sQWjvyPK5n3tbtmxJ8gTDtH9tHx5DA1/mOgJ/bQuSN81G/1mWb1VYWKClIJGJzI2OnaDTX+44wn9tDVOx7aOVuxU1NHU9ke2g8B+3fR4R9fmqY5SPZVkVqAl9Qdpqurj3VX6H0Z2t8HC1OUTqrtccCxjtuMMMpIkH8uoqbOS/4yTNfOg/ZL5hUpqugh+gew1JrWSS0ohd5Mmnfv9l6GmpqCuRnauSfz+GeAigqqcz3GXBAEQRAEQRAEQRAEYYooKEhwdCK/rG7ZBS38p5NfIb76r0kxZ9bkl/z1+yIISb1mLYayzlYD2JaQVJV1frJIVxb65Krpmdt+qNzT/GH61d2bNVjDRLHv17ucqP1M6xj7ardVf97/R+IyE5KO1hulZq0TbRCxbxnPmBrANuWo5s8cMGtcOWrKWu0b8cXUAI4ol/3xM9cfxnzF2jcXgM1+lvVh+A3tx6y/SdYANu37RO1PYr5Uf+Z8Rfwa/jDsR+KyDufM7xdMcr+IrPuY/WKGOPr7Dt784edECSxMIW/S93QPXQds54pIvb+WymlLgo3TfedtfG9XLQ2nDdH9yD72+gnARBWNy7I4TqRpaXqE7oeGgXE6f/wj+ustdsrStCxVL0zRcnEZ7fceUo4labpwhVaTtmFlmvKdvQwCgw+18dUXUzTUVlL6p356n+5j71AJLV/5Aq0LJtd21jnmcZsJSik/DU+dO0r7bbcxdlGKkV276Hpx3H7J/BTVZV3sPQQwxOYf30PhZWdTWlJFwxL7JZVNdaTbvVrQ+7u4/vv7af7gQnh2Nx27Q/1vuvmCt1ezWRAEQRAEQRAEQRAEYRIUFBTAWMzvQEyS5Zxzbvn09kV41xOpAayn2XIpWjMtp7oGcGhfv9Sq4DMTnln9ZlFIKu0j/kwlZBYfesLJXqNXey5xVgWzJQYjTi1hbdTojfZNH7egBrAaV5yvjGGr8lNbPP6LSySuqGI1V1zTvf7MBHJ2xXNWBWm+6y+LfS00iMRlVaxmjevYagDnYz/v/cJbN3nPl2rQ4jQfRXVk/EzFdLb9YgYYf2ILoz/9ptQEFqaIUbp/vZVu67lS1n29ljWTqA88KUpLSY0PsXdHT6i6BKCIhqvX0pgj8Vz9sbWs23cXm/cDE6NRO8ky1n2uhWrjDxZLG9Okf7UtqP1LWS3NNXobzmzh2tUH+M79hxgDhl7so+NF9RHEw3Rt30frgkWTa3sccKzjNv0U0bi6jvZdPfRNAIcP0fFAJlFfvaiMvfsOWa5JseayKjruPMgYwOA+2u7YB8tauCUmAcy8FWy8uo8bfpp53PTYwEHa79UVxqXLW9h4fskUxiYIgiAIgiAIgiAIgpCdZPL4SboeT30RZo/w14MO4Pi1QpXX4LgTvDo4OE7mnHcmeMWJ1qMN7ZvuVfu+X9W+g/4/1b7y2bMffay5E8Sl+fPsE7Fv+lXtK3EZLsIDqn0jLscJXlX7wThG4iJ41Rw66j9jnoz50uKJHTcjLsO+No7meojYj64P63ypPrS4woUTWX/mfKnrT1mHqv3Y9WfOl9pXdb4cxZcxX9G49OHSxs0aVx7rzzZu/mdzvtDny3ZfRdafev/mY18ln/1CHbt89gt17HLuFzb75mja5skyX7PA2IP/zFjHz2avA4IwFRQtYuPXVtOyqIRC79tEYVkV6665imvSeSTfElWs+fKX2LS+luqKZKDgLSwpofrCJr71159lja0eb1EtDWeHH1MXr8D2sOPKVZ/lB9evonlRCcX+n7slkpQurKJl/ZVs+tiiY2o76xzruM0EZ6ziur9spGGh169kCdXNq7l25UmxlxQvv5JN1yjX5EFx+hP8zQ1raV1WRqn/hwaJJKULU6z786vYtD6tPFpaEARBEARBEARBEARh+ilIJEgeB8rbZEEBBQl5BLQAjvuDklD4h6noU8SqPnEKPRcC6atqwXzErWJXezRrnD+rX5t9u5LQZt/WfXtcNvuGQtdUrpr+VPtxcan+8okr2pu3VQM4EpfRzLSf93xZ7WdX6E7OvkmO+cozrnj75nF/gcXPl3X9Gevy7di3rr+87ZuBG/NkU74bA2WLK6s/zc507xdmh7Ksv1nAKShk3nc7SFSdM2U2e57aN6n2p5w0R/sDDiDre9T3KKl/s53ymuuY+T6fz7mOxzHZ9vOKk7kbvdvobePzP/HUsRV13Pj1VTP/mN2hTr5zYxd9AIkqNv63K3OqjQVBEARBEARBEARBEARhunlrbIyRI6Oz2ofieUXMKcz3z+yPL46M5PkI7Xcpz76wf1LtE6bizvi1fqhO9Y6airtAy6coSjUpn/9Zs+/nEWzKyzCZEFGU+n4cpY+BfcW44V6Ly/cXExdaXGFb1a9qP4gNw58Sl5MlLk3daosLS1yGfXMco0rcmPnS7Duafet8KXMcXR+2uIy1pMWFPS7tlDFP5nyp8ZjzhRKfbZ4s4wZR+xFNqWV9BAOk+tPGzfBnzpf6P82vMeYW+9b1Z8yXOkLafPnx2OYrcj8bc2Zbfxb7WdefbdymdL/wx82YL3WNzyLu0THe+vmNs9sJQTgB6Xv4KfwHNBevqJPkryAIgiAIgiAIgiAIgnBcMKewcFbVtwWJxAmb/BWmnnAlumjyR9d/dQFX+ez/zw3ribrqNa5rV/1p9hU/Efv+cdc7rv7Pa2v4BaDwJDi5GifVBKdUw5yT8o5L82Da9/vmxqgNzbhc9bg9Ltc14rHGZbGZzX6kz67uLy4u3Kh99Z/mN3ptZpqUNWFro76qdm1+jcC19aHOV5b158+TO1n7b2f9We2bx3OvPz8ul/i44u2bx21xoc9TbFzBlE/avrb+jLimfL/wx0q7r7LMl5vN/swz/mQ7449tnu1uCMKJw8QuOh4b9j6U0NRUO6vdEQRBEARBEARBEARBEASVuXPnvCt9C8cf4fMtfRWe94hUB+/V8V4zL5nXoD3g6ppN11PeRR4Ja9gnh/1AyWgmabwTrut49h0Szd+FFV/UQwHc7X+H+5vrY+KKs6/HFcTjCQcjj6AN2qMEEL46gV89riD5pEk2vbhi7SvjaNp3DHPGOAa4hj91vlR/vjPXiEedL6t9Pa7QvjGOhOOpxeWfcQ1/fjPb+lM6Hviz2vdP2Ozb43ICQ3pcwXo349LaO4YBy3xF7BNjP3pfRdaHElde6081kM/6i/RTtW+Pa1L7hWI+r/1Cjce8TwJ3MetPna9Z5q37fkDygnWz3Q1BOCEYevQxOo94HxaeS8uCWe2OIAiCIAiCIAiCIAiCIGgUJpPMmVPIW2+NzajfOXMKKUxKSTshxJn4QYmrJXwgkmjSiEuYmAkoI5GnNTPsa4mfrPbN8w7O2ttx3vfxzMf+7bgvtOOc3QKVKzKX7f4l7r0boglBm/0IlniCuKLdsiaI84lL9RcZN2P8LPatCbS8/NriyjJfk7ZvErWfT1zHZl+Jx5nEfFnXWZxf1X6e8zUp+0aH85mvbPeVzW+29efE2I/2Ymb2C1sYU3U/zzJzv/C/SF7U+rbtSA3g7EgNYEEQBEEQBEEQBEEQBEEQZoI3ho8wfvTojPhKFhRwUsm8GfE1nUgN4OxMugZwUKPUf/VORGt6Zn7Zb9bc9I4yFTU9c9v3Xv3jZ30oSP66W/8rE3d8CPeR7zHxsw/hbv2vGT81H8dZ9CE/TaHYN+NyggRHXA1gPS4lHjOuYDxttVf9VyMe3485bqrxiH3Tb9S+No7meKr+In6z2McWl82+2TpqPxKXdsoyT+Z8xdpX4jHnCzMuw5/Frz0u1b7hd5L2I+vBuu5zzJfRncj6M+cr1/qLsx+3/mxxBffbFOwXyr2Yl/3Iulft2+drthj7zc9muwuCIAiCIAiCIAiCIAiCIAjCFFFcPHdG6gEXJBIUF8+ddj/CiUekBrCrfMRWc9P7/+msAazW9CSo5hmt6elc9M3MVT9fjbvjHzT77o5/wP35agCcpm/q/gy/WtVQza/St7i4wsHCbxa8GrVKg/jMWrkuWlymzch75V8wX+pcqLVQ1XgibUzjim1rH3LUlFXnK5/1YYtLOzXd68+fJ6xxqevDtv608Yuxrx/PXQM4sv4sfvOP69hqAOdjP7L+LHEF/iYzX6rBfPYLzb5lv7Cs+6xxzRJHn3ucoy/0zHY3BEEQBEEQBEEQBEEQBEEQhCkg4TiUlMwjWVAwbT6SBQWUlMzzlJ6CoBMmgBVlXaCWQ1XchWrEUIFpqDJBURKGIsLQvuleV/RpWkhf1afrI0P7c+ZD1fnwxsuwvzNUJSq4fY9kzledD3NOCv35qsCIfdOv0jc1Lj0E5YBq34hLUSOq9jU1sn+tZ9eJ2Fc+R+xH50uLJ2I/Ji7DfnDGYp+I/ej6wOZX9aHFFS6cyPoz50tdf8o6VO3Hrj9zvgxlaWR9WOYrGpc+XNq4WePKY/3Zxs3/bM4X+nzZ7qvI+lPv33zsq+SzX6hjl89+oY5dzv3CZt8cTds8WebrOGH88ftmuwuCIAiCIAiCIAiCIAiCIAjCFJFwHE4qmcecOYVTbnvOnEJOkuSvkIUkLplEi6KSc9RXU5WqtVdwyWRUXBfXa+C6DtlrALtebU/TX4hz4fU4Na1QthheeRKe/xfcR7+Hc3pdpsGhPYrCT1noLuC4uIeexznpDDijDvo6cS66Huecj2Y+D+7GffEhJh78akxcRjzqq7W9JR6/M3FqQ9NfYD/0hxlXcFQfN82f1b5yyCU+LjUei/3wlch86U5s9o15MjqVmbaY9Rdpb763zxdmXC5Z44rMV8z7IB5j3eM6QQvNvqeCDde9VeSqvLfb98cvMjQR+znWQ+R+NubJid6/sfuF4jfX+gvtWOKa1H6RY/0F9v1D+vo7jgTAABx98kH49A2z3Q1BEARBEARBEARBEARBEARhCimeW0RhsoA333yLoxMTb8tWQSLB3LlzKEwmp6h3wjuVpC73A8dLBDleisVx/ASa92q0DxJZjv/qnwhVjyqOqx4O7Tuu4Q9w/ux+WNgUXnx6Pc7p9Tinf4CJ+/4cZ/wIlNfq0kE/q+O7L6+B8SNw4HGcT9yFs3hNaK+8Bqe8hsT8Bbj3rA+6HSScvHgy6SnvNYhL94MWVxBBEBd+nGddQuKKf4T5lVgZO4L7x11MPPpD3Gc2Bx0quOpenEUrcf+4m6N/f0FG//iBT5Nc/TfgHmXiwRuY2PHTjD/HiYwDQOLi/4fEv/uvMPIa4/d8AV54KBOPP4FGe+t8efYj82UkxMNxNMbPUeZJzYA6hj9//NT1pyYkzfXnm3PCeco0N+KKsR/Eg7HOjSyhbX0oA6Qkf/XDwX3l6OPmmAlWw28Qj2Osv5j2endU+/o6jMyTOV+OZb5Uf4Z9My7b+kMbt6nfL2z9DMfN8Ge2Pw6YOLgHd+APOBVnzXZXBEEQBEEQBEEQBEEQBEEQhCmkMJmk8KQkb42N8dZb44wfPTqp65MFBcyZk2RO4dSriYV3JpEawP4HXzkYrSUa1nt9+zVY7TVewYUPfiOT/D34OO6vrmbib+bj/mpD5rJzLsdp/Arui7+F4nKc879ste+c/2UoLsf9w29xLrguSP66927g6Pfeg/t/Pon70u9wlqzBafoGYQ1WPR5f1GhVG5p+XfW4rQarcsGfDuC+8nT474+7wZ3AqWqg4PIfkFj+F7pN06/P3FKcD3za6LMb+HNdF8qqcdL/HpJz9bhsalf1n+bPjVxr1gB2bW3UV9Wuza8RpLY+1Jq5WdZfUOZ1svbNeQriMeIy/MbbN4/b7yvNh2ffJT6uePvmcVtckKsGsDY9x2BfW39GXFO+X/hj5arrL8t8udnszz5H9zwx210QBEEQBEEQBEEQBEEQBEEQpok5hZlHN88/qZh5c4uYU5ikIJHwyohmcByHgkSCOYVJ5s0tYv5JxZlHSUvyV5gEoUbcV9EaSshQcUcoIAzaEyr3/Meqqoo735zFPjnsO6VnZuzt+Dt4dnNGP/rsLzP1fJf/ZyhbAo/9D6j+KM7KG+Gtw9Dz48CfU/c5nH93Y8bG7/4GZ8U1mffb/w5392Ycx8Hd9284iST8+w9C2ZKMDyOuUAlpKD/9KDQFpqKwjChLvX4FBXDB3fsbJn79X/QZKa8h8Ykf45y+FGf5n0Pv/4G33jCmTZ0I70jlMhKNX2Ci6x8zn/1x8BwnzvssTvniYCr8zSSqkDT8mApmdb4U+wHBfJv2jXEkHM+gU+oZU1nqN7OtP6XjoWLbZt8/YbNvjysQmBpxBXNoxqW1dwwDqnI1zj4x9qP3VWT9aQrpuPWntlcMOIY/bPbNfkaV02Zck9ovFPN57RdqPIYS2id2/anzdRxx9A9Pkbyodba7IQiCIAiCIAiCIAiCIAiCIEwjBYkEBXMSgCR1hekh4QtSbcq6iGLQtfxTFX6gK+48m4HaLsY+NvvzyjMtX3pEse/iDvRmej73ZNyD23Ef+S4AzqV/i3PNcyQ+vYXEXz6H0/K3mes7N8HBJ2DO/MznA9s1PxP93Rl7RSdZ4lLisSgJ3WDc0ONSr4FIbEprYzzB/eMu3Of+BY6+hXNSBc6CFVGlok0NOqcYZ9mncOeUROaF8vfhvO8yKCj0/BIqMiNxZZkvv4/mvMetB19F67qafW3NhSFFxk1bfzH2tbVhmy/fiTpPMXFh2ozYj85XYEsZx3C+bPaZhH03uDci95U5X0YfrOvP5teMRx3HiH1lvcfez9nsG3Gafc5z/WHaOab1p8zXccTEwedmuwuCIAiCIAiCIAiCIAiCIAiCIJzgJHxBavDqnQhrbmbUopnTymfvn3cUvDaZBplrUT9nsY/N/mvPZ9ot/Q+KfQfnA95joF97IaPge/R7TPzvD8NLv4OJcUhdnHl96XdM/O8P4z66KePUt/eB/+D1PeMnkc7U/uXQ3kw8Wlxe3xxbXEo8ZlzBeFriIrQRxBX49c69MZCJobAYSk5TVKEEvjXl7cirMPIqzulLKbjoWs+P9z/HIdG4EeeUs3APvQBvDetxhT3X58salxJPJC7LenDM1lH7aPbNU5b1F/jNZV9XtkbWn9Wv58/i1x6Xat/wO0n7jtV+uO7zmi+jO5H1Z85X3PqzxmXEk+V+nrb9QrkX87Lvfzbny4mfr9nGHXxptrsgCIIgCIIgCIIgCIIgCIIgCMIJTqQGsCL2w1QS+iq6UGEXHrMqElVC4at2MNb+81sAcBq/AuvuxFnYhPOp+2HBBzMte27JXJOcBxPjuJ3fwb3/P+L+fHXmtfM7cPStzHkX2OPZW/RhEldugYVNOB//3zgXfCVjb8+vFaWloRjMFlc4WPjNglebQlIbXeyKxIoaSM6F0Tdg6CWLAtgYy/G3mHiuHZwCnJrLccqqAyUkiy7GqVkD46O4u/9FV6yanTdtu8Zxc669uFTFJ77ffNaHad/VP07/+lMUrZa4VAVtREFqzGWcff14vP1gvsz1Z/Gbf1w55utt2PeP59wv3EnOl2own/1Cs6+sP3OsVX/Z4ppl3KE/znYXBEEQBEEQBEEQBEEQBEEQBEE4wYnUAI7W9PReMy9vswYwRtJFte/79XipE/dnF+H82f0451wO51yeOf7Gy7j3XYVz8lk4H7sNTjs3NrjA1iu/x334O0z8uJHEFbdDqonE+vsz594cYuKfm2Cg11MO6v0MawArcalhaO2VeMy4AoGjE1zkBJ+9T++pwmn8zyTO/ffgOLgv/x53/++iIkWLaNF9dgvuwvNxyhfjnPdZnAf+GoCCuitx5p+Ou+9h3Jd7w8vj4tJs+xPoT7yxHgiFomFH9D66+PYNf9b2TrBwwnHT18XU1AAmOl/EzJfWPgw4GpfiT7EfGIjEZcSjDLnaz2gNYCM+rX04X3H3lRMZB13xm9V+pJ859gvVXz77RfR0lv0izr7ezWgNYMt8HU+8OTzbPRAEQRAEQRAEQRAEQRAEQRAE4QQnqSfEXO+j8qqqAn3VnJbBIzznJaBcr4HrKglEtRl+Psz1Ej+mP49Xfo9754dxzlgO70nBod24e9vh1PeRWP1PMPcU3D90wOAuGH1d84MLzCmG087FWbQK5/J/wr17HUd/cjGJ910Bp1TjDvVB/w7cwd0xcRnxqK/W9pZ4/M4EysZQeujUX0VB/VWWaXFxX9rOxL99OzJ+qjn1qHvkT7hP/QKn6cs4NZfDU5tx5p+Os/jDmST3jp/CqedAQWFE8RmJS+2HMi9mXFkTaH4CNGLf/2xr79l1Y9ZfpL353j5fmHEF45fHfMX6IozHWPdq1lSz7415uO4tkWm+7Pb98YsMTcS+ReVtxmImrNV5UhLK2jW2/ULxG+vPjNMW16T2ixzrL7DvH9LX3/GW+wVwj47NdhcEQRAEQRAEQRAEQRAEQRAEQTjBSYbSQO/FV0Yair5QCaq3V5V7vsIuc0JXFvroyj2bUtbzc0YDTsNfwqJLYe4p4fUjg/Dmq5ljj2zK1PhVsWV1Lroe56LrSVx+C8w9GUoqwhBGBnH33A97tuA+/4CmDNQVq6GSUI3fVB462ukwrlBB64QX/ekA7pHX9b6+3oe75wEmum8PHZj5UtshByYe/V84iy/FqVxGom49znsqofhU3KfvxX3qHhIf+iZq7VXHU5jqSlDDrjlfMQpdMyEejqMxfsH60Nvr608ZP0NBa65DNZGqzZerxKfGFWPfVLLGK0qj60MZIAwJtaH0jcGg5ZQAACAASURBVFeIhxfofqMKdHOCjLi07qj29XUYmSdzvhzLfKn+DPtmXJH2fjena78IHOh+owpjs0McVzgFhbPdBUEQBEEQBEEQBEEQBEEQBEEQTnDCR0BPQvkZtlcViXYFn92+4sdiP3HhN+CD37T3uLg8829kkIlHN2FVeBp+3c5NOA3/EU5dYrXnLLsall0NnZtwH94UVaw6TkQUGhtXnELSf1UUwBN7f8PEr76oJzaxjJ/NsZmYdIHRw0zsvJuC8veRSH8CnALcw69wdPttGb+ucqlSR1VLWmZVVOZQ6AbXKuMWWR8xMeSzPrQ+e34s6y9QeE7WfmTdm5ep9rMojHUXuj+i95XWSImLmLji7ZvHcyj6rfazKIzztK8pdC1xTel+4a1Le3tLXJGOHWfMLZntHgiCIAiCIAiCIAiCIAiCIAiCcIITqQEc1BDFVCoSCgiD9ijJQy9plLUGcDTRGbF/9keD5K/74Jdgz69gZDDs8cImnE/dD6/uDhSeuoJRDU9RPP5xF6SacO9ajdv3SNhk7ik4y/8TTtP1mX9726G/O4jLVjNUV5z642D4i63B6gRj5QSfCZSPsTVYNdSJAAqSOEUluDi4Xf+I+76P4py9EiaO4u78Oex7OONHEcP6fqevBrBp3xhH0OfLXx9BQtXw5zezrT+l4/nVALbZt8cVVwM4WO/51gDGWA+x9omxH72vIutPU0jHrT+1vWIgnxrAkX7aagDrcU1qv1DM57VfqPFo92FI7Pqz7hezj1N62mx3QRAEQRAEQRAEQRAEQRAEQRCEE5ykntDMUdPTJZJgCVASUPE1gO32AyWkC87Zl2VaPvpd3J3/bNhX855e37IpMmNqhrpq1ufIoYxC+NBeEmtvxWnYyMSvr/FOWhSEipLQDb3FKCCz1wB2cfW+aPaNeLSxdvWjyXlQVBocn3j8FhJli2DsCBM77w59uEFvcGNrAGeZLzUedV5sWJpkq8GaTYlrdeLa3lvmK8iYhk1NBXNUURpn3+yK5y/fGsBxitVY+4o5F/2+ss1XthrAcXGZ8ajrz6wB7OqJ2vj9Is6+cS5nDeB8n0QQY994a1c6W+6vWcQpf+9sd0EQBEEQBEEQBEEQBEEQBEEQhBOcpF6zltiam6ay0GfKa3qmLsk0eOpnOI4Tsa8qJDV/mH5195oC0lETxd7rga7M+dTFht+whq3VvpGYzlkDWD8LEcWq0fEgcHUQLSkrLy7HdXF3b+Hori3hKS8e36bj2ddq5JoDZo0rR01Zx7IetIShuj4UM+q4+Z/9ETLXX+DXMxNr374AdPumX8Wf4Te0b8R1jDWATfs+Ufum3yzzpfoz5yvi1/CHYT8Sl3U4Z36/QN8vctr38//mfJn383FCosrymHpBEARBEARBEARBEARBEARBEIRJEKkBrKfZcilaMy2nsqYnJ1dnzvzppcilLo6uAIaIwjOX30D1aiokh17MNChNBYrZWCVkFh96wsmikFQu8Psfr2C2x2CN1Y8LlFq5RltXbar2xYm0sb539HUQVwPYP2RXTiv+4nwFvZru9WcmkLMrnrMqSPNaf/kpqtX1rsZlVaxmjevYagDnYz/v/cJbN3nPl2rQ4jQfRXVk/EzFdLb9YpYpOOvc2e6CIAiCIAiCIAiCIAiCIAiCIAgnOJEawNGanr7ijlBwF7RHUdA53sdsNYAxEi9RBXBwxlAe6v30rlX9KYo/rbFj2vUSyYYiVLtKfWSwY/hxjfyUFpcSj6ls9tu9+DBHf/D+wIBjKBJttUoBjv70isgYuL+/m/GdP0dNwZk1UtXc2kTHdzn6m+/qis9pqwHsfzRrsDr6+GntwwRdOG7+evSa2daf0vH8agATnS/s8xVXAzgal+JPsa8pfZ0Y+8aQq/2M1gDOVqM3nK/I+tO7HzWQTw3gSD9z7Beqv3z2i+jpLPtFnH29m9EawNn2i9mnYPF5s90F4QTglT++PttdEARBEARBEARBEARBEAThBOb0006e7S4I00xST4jlofCMU+gpCaj4GsB6Ys6sVeooRl0zM2MmoH31ZESRqba31wAO1a+G/Yhvx2I/rAEcHYc8agBn8aspJHMoMm3zlG+NXn9KY+NS47HYj4xnbFw2+8Y8GZ3KTNsU1gAOMql6+2xxReYr5r2pEM9ZAzhSo9cSmebLbl+roay1z1IDOC4WM2GtzpNN+R63Xyh+c62/0I4lrkntFznWX2DfP6Svv+Ms90uiajFOxVmz3Q3hBEC+nAmCIAiCIAiCIAiCIAiCIAjZSIbSQO/FSwSZir5QCaq3n+oawEE7UwFsKv1wdH/Y29tqAGdUgDFxeb5tNYB9JaG1P4Yi0fH7GFOrNEjk+uMGgf3IOKqZwhj72jiqj7g1cq3RGqlOeMDS3loD2KLQNRPiqn1t/GJqAOvrT4nPUNCa82WrARz4dSzzFWPfVLKa7YPxC+Iy1vskawDHrXvTb1SBbk6QEZfWnRw1m9V4zPlyLPOl+jPsm3Hlvf7ebs3wmPsqWB8RhbHZIY4bCuovne0uCIIgCIIgCIIgCIIgCIIgCILwDiBSA9j/kF0h6bdXlHsxCj67fcWPYT8444b6zRBLDWCbwjOLX/+aWIUkBCpGXQkZG0L0c9DxOEV1GE82hafVRy4FJigKWlMhqc9TJhnm6knLrIrKHArd4FrdfqzCOO69cjCioPUbZ1l/gcJzsvYj6z66/maiBrCR0o7EFW/fPH5sNYBjFcZ52tcUupa4pnK/sNUADrHEFenY8UPy/LWz3QVBEARBEARBEARBEARBEARBEN4BJIJ3Dor6zq8Z6tUqdZzMEe/VwcFxMue8M8ErjoMpirTZJ8Y+f+rLnEldrPsL7KNfqxyP1KPFMfyqyk89nkTq4kyDwwe0uHCi9g0RpNansLFyrTpKjvfPP+Ior2o8VvvE23dC+8F4qv7M+XKU+ByLP3O+AgUmWexH48KMyx9Hc758f+Y69P0Z86XFY85XrH3/vc1+NK7AnxmXY5kvRzOrj5sSl3X92eKK2I/eV5H1Yc5XrvVnrodc688yX6H9aFyT3i+I2tfPxKy/yH3lWOwr82TO13FAwZLzKTi7bra7IQiCIAiCIAiCIAiCIAiCIAjCO4Ck/gjdHDU9XbIrAk0la6QGsN1+oIR0gf4dOO9J4fzZ/dl7vrAJ56t/iuSmcuV0nCvvz9rGfeYXedcA9odDGz+rYjpOoYhxXLVvrwE8OcWq7YB63BZXlvmKVaxmj8sNXtW4DAFwlrisTqzqXst8GY/EtimYo4rSOPtmVxyrgju2BnCcYjWbUtk356LfV7b5ylYDOC6ubOvPMe2jrbP4/SLOvnHOpnzPY/1Fn0QQY994a1c6xyiQZ5jCD101210QBEEQBEEQBEEQBEEQBEEQBOEdQjKiavWyJWbNzbD2qi0hydTVAP711XD4v8P7PgnzF0xlrNkZ6sPt72ai41vE1QAGMGvlOuqwgKFmdKI1gM2EpD9u3jWuOW5GDeCc8xVTA1gtoavNV5CsNP3a4nKy15S12jfiM+xH4vI/++Nnrr/ArxKX1b4Rj9W+6VfxZ/gN7RtxmbLcPGsAm/Z9ovYnMV+qP3O+In4Nfxj2I3FZh3Pm9wuM/SKX/ci6N8bPrKk8CyQW1pK8qHW2uyEIgiAIgiAIgiAIgiAIgiAIwjuESA1gPc2WS9GaaTmlNT0Bd9tfwW//ytLekgg0E545/EYSQpb2EcWgqYTM4kO3b6/RG8oknXhFoi6EjI8HNdFl1so1+6bPU1ADWI0rzlfGsFX5qS0e/8UlEldUsZorrulef2YCObviOauCNK/1l5+iWlt/6nyRY74icR1bDeB87Oe9X3jrJu/5Ug1anOajqI6Mn6mYzrZfzAJz1n5ptrsgCIIgCIIgCIIgCIIgCIIgCMI7iDABbCgGA6VdoNAlFNwF7VEUdI730Yko7/T2qvuoAtghW3vVvhMo+kzFn2rfVFoG/jRlpn6J6je0r8Sldktrr9o34jIFjsG4GOPnGvFE2uuddSJxKfMVaW8bNyMuw76p5DTtR+qoGn5dYubL2j5M0EXi8pvZ1p/ScdW+th7UcQw6oNqPmS8zIemdiMal+FPsm8pvq31jyNV+RsbNNeLT2lvWuXFfOZFx0BdmVvuRfubYL1R/+ewX0dNZ9os4+3o3J7dfzDzJ+haSF6yb3U4IgiAIgiAIgiAIgiAIgiAIgvCOIqknxPJQeMYp9JQEVHwNYD0xZ9YqDf1ZUPzGKSNdxQ+eMtCqxA2Ul3b7ITb7YQ3gaPvprwGsKy+PrUavP6WxcanxWOyHr1kSaH4C1KL41ObJ6FRm2qawBnCQSdXbZ4srMl8x702FeM4awJEavZbINF92+1oNZa19lhrAcbGYCWt1nmzK97j9QvGba/2FdixxTWq/yLH+Avv+IX39zXLuF6egkDmfvmGWeyEIgiAIgiAIgiAIgiAIgiAIwjuNZCgN9F68RJCp6AuVoHr7qa4BHPjz8bM0illT0ac3MOIx4zIUn2ZcthqvmfRUqCRU7ZvKw5w1gI24bDVYI+OoZgpj7GvjaKkBHLg158uUGhvt42oMR+bLSIhH5gkzLuxxuepHY/2pCUlz/fnmVMWnY5mvGPumktVsH4yfZX0oA6Qkf/XDkfVn1r4OLtD9RpXa5gQZcWndyVGzWY3Hcl9F5kv1Z9g348p7/U37fmEqjM0OMWvM2fBdElXnzF4HBEEQBEEQBEEQBEEQBEEQBEF4RxKpAex/yK6Q9Nsryr0YBZ/dvuLHYj/0a16mKvimswarHo/rJVRjQoh+Djoep6g24olReFp95FJggqKgNRWSlrg0xaolHs1vDoVucK1uP1ZhHPdeORhR0PqNs6y/QOE5WfvHyfozUtqRuOLtm8dzKPqt9rMojPO0ryl0LXFN6X7hrUt7e0tckY7NDoWX/gWFzVfNbicEQRAEQRAEQRAEQRAEQRAEQXhHEqkBHNQQxVQqEgoIg/YoyUMvaZS1BrCa8MluP75Gqp/cCxWeuoJRa6woHs244uzrcdlqhmrpOU2BqfjLpwarFqgSV6x9ZRxz1BiOr9Fr+Ju2GsCmfWMcQZ8vPy6M+ZqWGsA2+/a44moAB+s93xrAxMxXxD4x9qP3VWR9aArpPNafaiCf9Rfpp60GsB7XpPYLxXxe+4Uaj3mfBO5i1p91v5gZkuetoejq7868Y0EQBEEQBEEQBEEQBEEQBEEQ3hUk9YRmjpqeLpEES4CSgIqvAWy3Hyghc9rXz/v2YxWZsTWGLU7yVRAqSkK/u9r4mf5849niUv1ZFJlKVnCSitW4uPzjtriyzJcaT1729bfZarBmiyvnfKlZQ1tNWeWR2JllkUXhbllnse99f/nWAA7su3naV8y56PeVbb6y1QCOiyvb+jNrALt6ojZ+v4izb5zLWQM43ycRxNg33tqVzvr9Nd0UfKCZudf+eMb8CYIgCIIgCIIgCIIgCIIgCILw7iOp16zFUNbZagDbEpKqss5PFunKQp9cNT1z2w+Ve5o/TL+6e7MGa5go9v16lxO1n2kdY1/tturP+/9IXGZC0tF6o9SsdaINIvYt4xlTA9imHNX8mQNmjStHTVmrfSO+mBrAEeWyP37m+sOYr1j75gKw2c+yPgy/of2Y9TfJGsCmfZ+o/UnMl+rPnK+IX8Mfhv1IXNbhnPn9gknuF5F1H7NfzADJ89ZI8lcQBEEQBEEQBEEQBEEQBEEQhGknUgNYT7PlUrRmWk51DeDQvn6pVcFnJjyz+s2ikFTaR/yZSsgsPvSEk71Gr/Zc4qwKZksMRpxawtqo0Rvtmz5uQQ1gNa44XxnDVuWntnj8F5dIXFHFaq64pnv9mQnk7IrnrArSfNdfFvtaaBCJy6pYzRrXsdUAzsd+3vuFt27yni/VoMVpPorqyPiZiuls+8U0UXjpX8hjnwVBEARBEARBEARBEARBEARBmBEiNYCjNT19xR2h4C5oj6Kgc7yP2WoAYyReogpgh2ztVftGbVRF8afaj9QADmrZei3MRJDhN7SfrVYpQYIrtG/EZQocg3Exxs9Sq1Rvr3fWicSlzFekvW3cpqsGsP8xZr6s7cMEXSQuv5lt/Skdz68GMNH5Ima+zISkXys3EpfiT7FvKr+t9o0hV/sZrQGcrUavZZ0b99XbqgEc6WeO/UL1l89+ET2dZb+Is693c3L7xdTjFBQyZ8N3KWy+anodCYIgCIIgCIIgCIIgCIIgCIIgeCT1hFgeCs84hZ6SgIqvAawn5kwlbujPguI3ThnpKn7wlIFWJW6gvLTbD7HZD2sAR9tPfw1gXXl5bDV6/SmNjUuNx2I/fM2SQPMToBbFpzZPRqcy0zaFNYCDTKrePltckfmKeW8qxHPWAI7U6LVEpvmy29dqKGvt81O4a+/NhLU6Tzble9x+ofjNtf5CO5a4JrVf5Fh/gX3/kL7+pjn3S7K+hTmfvoFE1TnT7EkQBEEQBEEQBEEQBEEQBEEQBCEkGUoDvRcvEWQq+sxauf7rVNcADmv0evhZGsWsqejTGxjxmHEZis9IDWBFGagpBgmVhKp9U3mYswawEZetBmtkHNVMYYx9bRwtNYADt+Z8mVJjo31cjeHIfBkJ8cg8YcaFPS5X/WisPzUhaa4/35yq+HQs8xVj31Symu2D8bOsD2WAlOSvfjiy/sza18EFut+oUtucICMurTs5ajar8Vjuq8h8qf4M+2Zcea+/ad8vTIWx2SGmnMTCWuas/RLJC9ZNvXFBiNDLzde10x17vpR1X9/ImoqZ7FIbn/9JHw1/fh3XpGfQ75TgjWfNSn7w+RUUW5ucyPEJgsDAVm74fg/9sQ1SXHNTKw0z2KXun97EzTtn3u+U4I/nshZuuTrHpjiZtoIgHDf0P3grNzwwFN9gxu/pAbZ8/2dspo4bv76Kyhn0fEJwuI/O9m1s2THA4GjmUOH8MmpW1NN6aR2VRbPbPUF4N5D5bjdNP4t736e47CpuvHSKjMt3NEEQhHcskRrA/ofsCkm/vaLci1Hw2e0rfiz2Q7/mZaqCbzprsOrxuF5CNSaE6Oeg43GKaiOeGIWn1UcuBSYoClpTIWmJS1OsWuLR/OZQ6AbX6vZjFcZx75WDEQWt3zjL+gsUnpO1f5ysPyOlHYkr3r55PIei32o/i8I4T/uaQtcS15TuF966tLe3xBXp2NRRsOR8Cj90FcmLWqfeuCDkojRF68cWUxo5UUQqelDIxe5t3PRgFd+6tGq2eyIIwnRxZi0bL7bd46VUz3hnBEEQjn+qm1bRfJblRFlqxvvyrmJ/F7c+fIDyZatYtzTHF/uXt/Gdv91O30QR1UvTNC+roPTwAN2/f4Hejq3c8PAuNtxwJU0lAEP03r+VrtcX0LK+kUnP4uFeNv9qD4NnrWDjhbIGBEEQBEEQjkciNYCDGqKYSkVCAWHQHiV56CWNstYAVhM+2e3H10j1k3uhwlNXMGqNFcWjGVecfT0uW81QLT2nKTAVf/nUYNUCVeKKta+MY44aw/E1eg1/01YD2LRvjCPo8+XHhTFf01ID2GbfHldcDeBgvedbA5iY+YrYJ8Z+9L6KrA9NIZ3H+lMN5LP+Iv201QDW45rUfqGYz2u/UOMx75PAXcz6s+4XkydRtZiC+ktJnr+WgrPr3p4xQXg7FJWRrq8TBcQU0vfA/WxOb2TdGbPdE0EQpoWTF9JYLwoHQRCEfCk9p45G2TZnntf76NrRR+Vpo6xbmq3hKF33b6dvvJQ1X9O/wzZeAhzeQ1v7IdIlYfu+3n10DRyl4VgSwEcG6N6xj/7xxWy8cLIXC4IgCIIgCDNBUk9o5qjp6RJJsAQoCaj4GsB2+4ESMqd9/bxvP1aRGVtj2OIkXwWhoiT0u6uNn+nPN54tLtWfRZGpZAUnqViNi8s/bosry3yp8eRlX3+brQZrtrhyzpeaNbTVlFUeiZ1ZFlkU7pZ1Fvve95dvDeDAvpunfcWci35f2eYrWw3guLiyrT+zBrCrJ2rj94s4+8a5nDWA830SQYx9461d6azfXzacgkKYW4JTehpO+XtJVC2h4KxzKVh8Hk6F7U/gBUE44akoJTU4xJa/byN1fSsN82a7Q4IgCIIgCIKQjRfo3QWUL6LR9geM8xfT+smZ7pMgCIIgCIIwmySda98AwhRI3OtUMVN+BEEQBEEI8WtMbvyrxez+8TY6Xx6HZAnpD3+EjZdW0P/gfdzacZDBUSgsraL1P15Js//Lo6DO0JVcW/4YN/9yH33DUFhSRuMVa1i/vILCbM4nDtH1yy1s9muRJZOkli5nfWsT1fOAF9u5/oe9DC5dyd//xQrd1oF2rv//ehk5fzU/+FQtAINP3s+t9+9h76FxSCSpTF/AxvWNpJLKdUf20d72W7Y8fYiRcSgsraD5k2tpzfXoPIDKRq5bvZvrf9LH7W291FydttcD9hkfoLtjG1seOUjf4XEAihcuYv3Vn6CxzBzDT7CBx7j53w4yNA6FZyxiw+c+QSM93P7TbXTtH2cskaTygha+8claze/Ivk5uv3cHvfvHGQNKF6XZsKGF9PzcIQmCMFnCGpPf+DPY8rMeeoeAolKaWj/BhmXQ1XYvd3Z7e8wZtVzzxdWk/T8YCeqFf4GWl5X9tayKNZ9azZpzcuxFxh5GUQnVyy9g48frKE/AyON38aW7D1Le3Mqmy3Xd1tiOu/jLOw+SuuKzfOuSsugeXFRKw+UtbLwwpe23U7rHHOrhzjsfo3PfMGOJJOVLzmXjh4/BjiAIJw5v87tOUA/9v62g/45/Zctzw4yR2T82fHoVNTn2InMPKyyroGn1GtbXlwHDdN7yD9y+u4SWr3yB1gXqlaN0/fOPuPXpMlpv+CwtozPwnS0Yq1auLdvOD3+xj35/f167mmsuqAJ6ufm6drq9S/of+BmffwCoiKt9XELpfGBwH10vk/UpNnpd5z5uvu4mABr+/DquScPQ/i623PskXfuHg/8GpZs/wsZLF1Hs//dxwLt8Zzufv64d8GrZe//9qzTrk9qOH9nHljv+lfbnM34KS0qoOX8l61fXUp7INtuCcIKR1z0fMjbYQ9vPH6PzxWHGJjJ1vNMfamJ9k63sk39PevdgruOT+I6W18/dgiAIwnFNwbe//e1vz3YnBEEQhLfPywOvT6r9vDkFOI4T/AOyvkd9T/hw8Ug75TXXMfN9Pp9zHY9jsu0LC0+E3zoMsL19L/3zTqOhrpzCt0YZVf+NO8ydk/nprH/n79j+ypvs7umDmgY+eUEZIy++xDPP7GHPC8/ywK4Jzrv0Qs47dYi9zw/QvXOQJSvfR7kDDO+j45GXGTt6kIeeHGVR03I+urSE1/6wn507fk9v8hxWnu09T27gGX7VM0Rl3YWcdzowcZAt//Nn3PnMMKWL03z0siUsKfgTvU8+T0fXyyy6sJbTTz2FiV09PPP8YYovqKd6bhhh77/8mo4DJ7Puc5dSPRf6t97KX//iJd6Y/17Wrl5B48Ix9nb1suXpMc774FnMBxjdxa3fvY/2AxOkGlfwyZXvZf7Ai2z97e8ZeO8yGirifmL1xvOMaj7ZciHvfXUnnU8+xzPZ4gP67v8ZN/32dUrPqqXlsjTnVR3lDz0v0rnDiy8ZjuFQ/wt0vvoeWi5bQfqkQ+x+9mW2P7uXPQ8/Rf+CD7DukjMoeOUge57dw56SGppSmWzS2NP38PV/fIo+92RWfvRCPlwzl4Gnn+aBRxQfgiDkxrsX3yivZOU58/U9861RRieSzC1MAMPseeT37D78Gt073uD0i89jzdIC+p99mWd69rFn35N0vFLGRy9LU1PwKs+8cJCufROsPD/FXAj2isKhF2jvS3Jh8/k0LTpK/66X2P7409pelNmfSznvI0szv9A/0svNm37N1gMTpOrSrF11JqcPD7C951m2PpPZ68oqk7zWuYfdL42x6N+9j9OD/8QdYuv/eZhnxhazYUMdpzsDbPnb2zN78Ll1fPLSc1g0MUBnRzc7lb3tmPcYfzzPqGbtMm9TPNLLzX/zb/xuIMF7l6dZ96GFzD/4PHdue5mxsaOMqW0FQTjueeOFbjqeH6V88VJqSkcj++ZEwVwy2+bb+66T2QsLeG3f7/lDcgktH1nCEl6j9+kX6XxC3Yu8/ZkzaG46m/nASG8b1//TM/S5J3Peh5bz0aWlvPHSPrY/1uPtdaeQKhlka/fL9B09hY+ee1oY4NBj3PZ/DzB2fjNfXH7azHxn83yMHHqR9l3jNFyaaTf4h5fY3bOH1xadT92pcymrOIWa9wzR3XeE0nQjV7XU0HDuWVSXz6cgMlOllI0/Q8eeIfY89gTbX/wTY/PnUXnSfAqNPXxuyTwqzy6DFw/QP1pG82cu5MMfOJv0WWdQ5mznnzY9TLdzCnUX1/PRCyopHTxIV/dT3nfiUuaXz6e66ih7nxti9MxaNn5sGQ0fOJsllacw1/vv3/xzltFcXRI6jRzvo+3//QVbDiSC7+tlw4fY3v0Ue0uW0pSaiyCcqGT2s7nUNDWwpIQ873nv4hfb+eu/fYxnDhez9JI61ja9l7I3/kjXI3uZSK9gaUHGFsG95O2Jw8p3SbAfn8R3tLx+7hYEQZgGxscmZrsLxzWvvvanSbWXXxcKgiAIwonOYC83fbs3ejyiEBilevUXuPb8zC9jGk9+ky/dsoe9L5Sw4cYraZoHUEf58E3cvLOP3v1Qc6bi5sW5SjtoPG8hN29qp/uBrXQ1XUljUbQLY09uY/MBKL+klRuv8FRq9Y00n3MXX7p7H3c+2Memy1M0X1xF250H6Xx8gBZfFTC6nY7t47A0TXNp5nPbA0NQUce3vraKykSmv00L7+NLt/TQ/txKNiyBvge30TWcpOEzn+Waei/W+vdT/j9vo63jCVqXNln+ctqkiPSnP8G6l+9i8wP3sWXpRtbEKClSq67kby4rpTT4VlVHuug2vnrvPrqeh7RSr22kaAnf+FoLHCcGHAAAIABJREFU1QngghT030bb/gEGL2llkzc+TWfDDd/vYe+uFxhrKqOQPjZv3sfIvBQbv95KozdPjcvew3du7GLLE0Okm/JQNguCEPJ0J199ujN6fFkLt1ytFLk8kqTp2o20enthDbfx1XsPsftQmm9c79/Li+D7P2Pzvv30jkKTshf2DS0I21FHU3or37mph67N22hZ2mKtudi39RG6hyH9qc8G+zX1TTTc+w9876HttO24gGuX19J8wTY6O/bQ+TSk/S4f2E7HfihvriOdgLEdW9l8ACovvZIbL/PUJfWNpO7+AT/seIzdq9ZSM8V7zN77t2Xp/2jedgRBOL7obbuVr7ZFj/uqUZ9j+67jc4ihhWE76htpePBWbngg/M4YpY8t9/Uxkqhiw9eV76lNNbRtaqPd/55aU0dT2R7atz9Fd2stDd7fevY9/BR9lNDSVKtZnYnvbENHTmXjXyntThnm8z/po3dXHyxJUV1fR3VyD7d2HqJ4wRIa6yvIRuWqP2fTyfdl1IW7e2nb3Usbnhp61UrWnJ+iNJF5akXjGQMMtnfRzUnU1NcpqsEVbPjrxZSWhv1sXHYqYzfcT+fOXQyuWkllTR2VZa+y5dd9DJ28kMb6YygOPbCH3kNQ3LSGb3x8UcZPfROthwcYnCPfa4V3Jrnueeij7Y5eBidKWXNdWMu7sb6JdUNDjJUCA/H2c5H3d7Q8f+4WBEEQjn8kASwIgiAIJzqlKVo/Znkc1LwKyvWGVJ+t/CV+WQmlwMjS2uCXZQCVlaWwc4hB84/KjHbMS9OyfBvdDx2k93loXEqE3qcPAiU0Nuq/sCteUUvD3Qfpfm4fg6Qor7+IlgfaaH+8h75LM0mRoa5eeieSNF3oPRb6+T56J6C8JkXx8BD+g+tYcDrV7GHviwOwJEnvc8NAFelzxhk67LcqILWoBB7qZy8ov+TKQqKKNevr6L6ph80/bqfm+haqbe3mlSpjP87I4WGYk1EtRP5wcdFCLxEEUEZ5GbDfGJ+KCiqB/kNDDAKVg/vYfQhYmqJmfIihw37/TqemHNpf6IOmY/jFmyC8mzmzlo0XV0WPlxnJhUSF9ocwpaecBByifPm5yr1cQWUlMDDM0BCg/H5ebwec0UTzkh5u391H7yCk9E0aGKD36WEgReOKEu1MdeNiyh/qoffZF2B5LalVK0hv20b3E9sZS2f2yd7OXQxSRuvFmTh2P5vZg9PnlCj7IaTOrIDHB9g7ADWJqdxjBtj9/GjW/g/maUkQhOOL6qZVNJ8VPV5u5mSP5btOcCL6nbHykjrSD2yj1//OaHbASySSNr6nJlI0LS+h/UH/e2qKNZdW0X53H51PjtKwvAgmdtHx2DAsbKRlgWF3Jr6zvf9cLxHkcXoZlfTRPzTEsZGkfPknuHH5OCOD+9n7zB46unexe/8AHW1tdDxax41f9pM58ajJX0aHGXorSXEJMJZ5pPWUUJ6iuqSHzic7aTuniDVLqiguAuabP78IwjuIXPe8v4fU1EX++LiwtDR72aWcTOI7Wl4/d2f/gxRBEATh+EASwIIgCIJwolNURrq+zlILzKSUSttvVBLRh8jZKK8oixwrLp4LjEYTnQCMMzYKkCTyRG3fp/+LpESKlovLaL93Fx27W9hQ00f7w4egLE1zjdf0zcxfJQ8+dB9ffcjirv8VoJSRIwAHuf3bt1oaJekfQEvQZOWMVVy3/hDX39HLD++oZFN9tMnYYA933tFJ14G4cQipPO1Uy1HL+KgcGWUE4hWLiQH6IY/5FwQhIF/FUnmp9RfRhQX5/RhVeZq52RRlfsENYN0v3szUWwTLvknmF3/jXoN5K2he8Qi9j/fSMbSClrnGUxMYZ2QYYJj2m2+l3eKt7xXg5KncY/LovyAIJySl59TRmMe2eUzfdUIv0e+qRUWZvSMu+Th61Psuafk+6+3V/vez4hV1NN13kM6Hn2BoeRPFT/bQeQTSF58X+UPKmfjOZvcxFSQpLl9E+pJFpC9pgdE+Nv9dG1sO9ND2ZBPXLrc8tsdnYojdW+/nzocP0j9snJvKfE9iMRu+vAp+vI32n9xFO1BYUkb6w16d0xOhGo8gTJKc97y/h/j73pSS/3e0/H7ulgSwIAjCiYAkgAVBEARByIvBgUNgPLB0ZORNwPJDJABJCosAxqOJ0YmjmdfCZPDDZmljmvSvttH56HZaOUjnIUivXxl4LPTqGZemG2lddlLUXVkKGKU4CVBG82fqLYrdIlKTfKpccf1qNvTexs07f8PtE2YSfB9tP9xK55Eiqi9opPlsr19/eJJbOw9NzlEcRQWZMYpTLEaU3oIgHC/0/3EAUO/bUUb8J+xZ98253h7mJSzUNhNkkhzJ8Ee4dFMt5Y/30vFwH43v6aV3ooSWj3hPTQj24CIaLm+i4eSot/IUMDqVe0we/RcEQYhliP5BQFW+jY5m9g7lO6OG/z3J/26pcjST7Qi+pyb8x+c/RfuB91P68EEoS7MuW0J0Mhyv39mKUqxrTrHljj4GDxmPqjAYeuw+bnpggMKKFOtWL6a8COANun/VRffb6cO45VhZHRu+VseG8WGGXjlI17attN17H31/ao153LcgvMPx9xBv33t7SWDzZ/D8v6Pl93O3IAiCcCIgCWBBEARBEPLj6V10HqkLH683sYfOHaOQqCJ9jv2S9NIq2HmQrq4+1l0R/qA4sn0X3UD5kkXhL8KKfDVbDze9PsTIvMU01yu/kFuyiHSij943oKa+TldqjI8z5iVF0ktL2DwwzFhJHY1GbaKxcSic9LefEho+8wnW9N/Fll6z6NIbDA0DFbVs+GRToOjY2/fYZJ3EU7GYdFkP/YPjlC6ro0b7YX2cMWJ+ISoIwqwzuOMp9rZUhY8RHXqCzueAshRpaxagwtvD+ujaPkzj+eEj+vZ27WEQSL/v7LD5ghU0L+yl7bF2fjhvKPIYU38PHipM0Viv/wHL2Pi4tx9O5R4T9r/j0UM0NoU+/f4LgiDEMxz5zjj0RC+9GN8ZVfzvSZHvqX107hiOfE9NXXwuqY4uOu++h+IDkLpihbUe+zExHd/ZPGXzyBumHNdklK57t8BFa2ksN7/sDtO18yCQpPpMP/mb9LJLb2aenuON28hw5q+U0qtbWeMrvo9sp+tOQM2TJ7xYhkcYAYr946eVUU4f/ZpC0PevMsTgYAnl5UlIllC6YDEt699k7452uvsHGCMl32+Fdx/+HrK7hy0vrwhqAAOMDQ0xVloa3mvhRZSfDgwM6U+6enkX3YN6u7y/o+X5c7cgCIJw/CM7tiAIgiCc6IweovfJHvoiJ4pIvb+WyikSNZRWDrP5+7ex+6L3ky56lY7f7GLvMKQuW0ljjI/C+pWs23YXmx9q44aBNE0rShnb9QwdTx6CkkWsv1T/lZuvZus7AOXNdaTVX5wVraC1pYfeB7q4/vv7af5gLan5b9C3cx9du4ZIf+6LbFgCqVUX0fB4O523/Ij++lqaak+FwYN09+xh97zlbPpiU7Reci4SVazbUEfvTT30aX9JvYCaRdC9r4ebfwot6SL6t++ma79N5nCspFizNkXnT/Zw04230XjR+0mXw+ALL9C14yDFqz/LN5qij+cWBCELr++n60mLWoxSauoXTX6PiKFyXh83/Y+7aP5gLZWje2j/tz76J4poWHtRbMLB38O6227je8/X0lSb2Vc6dg/DghW0akq1MpovrqLtzoP0HYH0ZfpjTIM9+Je3ccOuNE0rKig9PED371+gd6CKa7+9lprE1O4xQf9/eRs3vFAX7Isd+8cphsyjDQVBOOEYer6HLquKcxGNZ07VrllK8d5fcsMttZnvjL29bNk5BCUpWlfF7preHtbH7cH31CG6ftdL7yFIrV6lf08tPY+WpV3c+vQQI4kqNjZO5XeoafjOVpumqWQfnY9u4abC82haUGH/79RwL12P7qP3oR9w58Iq0ucsJL3gJMYGD9LdvYveAShe1kJr8MeRZTSdX8bmXw5w5w/vYaTlbCora0mfWUExQ3T/4jbufK2e1OgLdP7uIP3md/3yNE2LtnPn85187+4x1iw5NfNzxxmLaSjroX3nNm769QhNC2Bw55NsedpYPLu38Z1b9lC4KEXjBxaTmv8Gex/uoRuoPEuSv8K7lXA/2/K3t9J3cQ2NC6Bv+246do/T/JUv0Gq5ORrSVdB7kM0/vofCy86m9PBB2v9tF/0JtJIjeX9Hy/PnbkEQBOH4RxLAgiAIgnCiM9RH2x3R9C+Usu7rtayZovI8xenVXFv+GD9s66RrNFOnq+GTq9h4oeURdz6JKtZ8+bOU/3ILm3f00rYbSCZJpRu5prWJavOXSQvOpbG8ly2DZTRfHP1FX+WlG9lU1c6dv95Fx70HM4/Gml9Ges1HWOerO+alueb6U+m871/ZvLOH23dkfFYuXMyGT19w7ImdM1ZxXesAX7pbVTCU0fy5TzByx7+ypbeH23uTlC9ZznUf7+cG65wcG8XpVjZ9pYu2tifoau+kawIKS0pILV/Fxgsk+SsIk+bFXdz64i7LiRTX1C+iYYrcVF56JRtevo+bt2xlaBwKyypoWbeW1qUl8RfNS3PN9SfR3vZbtvh7WFEJ1ReuYuPH6yIKuML6WhruPEi3+dQECPbg1P3/Stvj3h6cSFK6oIp1V68M1GlTusfMS3PN1+ay5edblX3xXK77LNz+ox5JAAvCCcrezq3stZS1ZVkLjVfnURw4L0pZc80q+u/4VzbfMcxYIkn5ojTrN7SQnhd/VXG6lU1f7OT2e3fQ/UAnXWT22+bPrGF9vbmHFdFYn+LWp/soXlEX+0eMx8qUf2dLLGbDX65k5OeP0NvRye64/06VrODa/56iu6OT9u6DdG87SJdf+7iigub1H6F1eYWWWC1t+jOuff0e7nx0H2137KPysirSl67lW5+5h5t/uY+Oe7dSWFJG0/o1pO+9h82awzKaP7eawR9vo2N7F7c+7v/ckaL1mlWM/HQbXR2d7E4kqUxfwDc+3cd37lS+Gy9ZyTVXjNL2m4O035s5XlhSRsMVa9hwidQWFf5/9u49rqoy7///a282bNiIWxBBQPGIgkoqHiPSMQubLLMDM+U9ZdNYM86h5jd6zzTf+87vPfWdu2lunbt6NON0mKmssRysMU1LikwljVLUMMUjCiKKiCJy2LDZ+/cHgqCAbAX2offz8eDhZu1rrfVZW/2stfZnXdf17dU8n+VuyCaXC/e7d04lNQpaG07Ff9wsnihbzasbGv4v+1sjmPb9WSR+sJq1zQewcuEarUP33SIi4vEMTqfT6e4gRETk2u3cne9S+9AeARgMhqYfoN3XNH8NGGijXbM/r7Ts0tcd+f1Ky9viavsgi56RalKSyaJnd8KtD/DULV38hUx5Fk8/lU3pxNt4/vsJXbsvEZGukpvOI68XkPTQAuZ3Vl2kLXmrefyVA4Tf+UOenKIHQkTEO+UsW8LSXbHMX5LWaQ/htCV3xfO88GVP0hb9kNTO6rwsIiIiItesuqozR9TzPfsOF7rU3njlJiIiIiLdI/ej7RQQTEqKir8iIldWRsZHB6gyRpPaqcOYioj4qPIsVn1ph5GJTFPxV0RERER8mArAIiIi4hmqt7Fhmx36jyI1xt3BiIh4gaPb2FBIlwxjKiLiiw59tpsCTKQkj9c8syIiIiLi07x+COhtu/bzYWY2J06doba2rmm5OcCfqL69GXfdMG6dNsGNEYqIdA8NAd0+DQEtIiIiIiIiIiIi4pk0BHT7XB0C2qu/3V7/2TZWrtnY6nu22jqOFJzgSMEJwsOsjB89rJujExERERERERERERERERHpXl5bAD567GSL4u+Uyddh7Rnc9PvpM+fY8tU3ALy0bA1RC+cSExXe7XGKiIiIiIiIiIiIiIiIiHQXry0Anygpa3r9b3dP5zs3jLmszaD+ffnHe5kAHDl2QgVgEREREREREREREREREfFpRncHcLVOnjoDQO+wnowbPbzVNuNGDyfYEgjA6bJz3RabiIiIiIiIiIiIiIiIiIg7eG0P4OQJIzl95hxTrx9NSI+gVtuE9AhiwU/S+GRzDskTRnZzhCIiIiIiIiIiIiIiIiIi3cvgdDqd7g5CRESu3c7d+S61D+0RgMFgaPoB2n1N89eAgTbaNfvzSssufd2R36+0vC2utg+yeO0zUiIiIiIiIiIiIiJepbrK7u4QPNq+w4UutffaIaBFRERERERERERERERERKQlj+/edOz4KfILiikuKeNEyRlqa+uueZsBAf70j+lDRHgv+kdHEBsT0QmRioiIiIiIiIiIiIiIiIi4l0cXgHNyD/DGivVUVds6fdu5ew8DDcXgGd8Zz6wZyZ2+j9ZU19TywqvvcTC/iPlzZ5F0XVy37FdEREREREREREREREREfJ/HFoD/8tr77Nh9sMWyftF9CA4KvOZt19hqOXrsJAC1tXWsydjK4aPF/PLRe6552yIiIiIiIiIiIiIiIiIi7uKRBeB/vv9ZU/HXHODP/XdPZ+SwAfSy9ui0fZRXVPJlTh7vrduM3V7PN/uOkJ2zl0lJCZ22DxERERERERERERERERGR7mR0dwCX2rP/KB9v2g5Aj+AgXnzmMW6YMLJTi78A1pBgbpk6jqXP/pLeYT0BePUf6zh8tLhT9yMiIiIiIiIiIiIiIiIi0l08rgfwrm8ONb2+67aUbtnn3O/N4E9/TQdg67Y9DB4Q1S377QinE/IOFvDe2s0UFJ3E6YQ+vXtx563JTBgTj8Fwse3Z8vN8vGk723ftp+xsBU6nk17WHnz3pol8J3kMRqOBrOxclqV/zPAh/fnFj2YTEODfYn9bvvqG11esZ1JSPA99/1b8/IycPnOO9z/8nO25B6itraNHcBCTx43gzluTCTQHdPMnIiIirrLX11Nrs1Nrt2O31+NwOHE6ne4OS0S8gMFgwGg0YDL5EWAyEWA2YfLzc3dYXUo5U0SuhfKm8qaIuEZ5U3lTRFzzbcybcnU8rgB88tQZAKL7hjNl8nXdss+EuFgi+4Ry8tQZik+e7pZ9dtRXO/N47Z2PMBqNjBg2kKDAAPYdKuTVf6yjtKyc26ZPAqC6xsZfXl/N0WMniOwTysSx8dTW1pF3sIB3Vm3A6XQy/cYkEhMGExHei/yCYo4eO0nc4H5N+6qtrWPrtj0E+JuYMvk6/PyMnDpdznMvr6S0rJx+UX2IiQqnoKiEzM05FBaV8LOHZxMUqCKwiIgnstnqqKqxYbc7CDT7E2gOwBTsh5/RgKH5E0QiIm1wOp3UO5zY7fXU1dk5c7YSk8mIJdCM2ex/5Q14EeVMEekMypvKmyLiGuVN5U0Rcc23KW/KtfG4AnDh8RKAq+qF+2b6x2z64mtSJo5i7vdnuLTuwP59OXnqDMdPlLq8365SePwU76zaQK+ePXj8kbvpGxEGQFW1jT//fRWffb6L8aOHExHei6BAM3PuvonwMCs9goMubqOohD+9tJItX33D5HEjsPYMZmxiHB99+iVbt+1h6KB+Tb2Ijx47SX5BMYNioxjQL5La2jr+8e4nnD5zjrnfm8H140diMDT0Sl77yResydjKjtwDJE8Y6Y6PR0RE2lBf76DifDUOhwOLxazRGkTkqhkMBkx+Bkx+RgLN/oT0CKLGVktlVQ3VNbWE9AjCz8/jZpVxiXKmiHQm5U0REdcob4qIuObbkDelc3jcv4JzFVUAhF4y5+/nX+3mkQVLeDP94zbX3bZrX8OfX+93eb8R4b0AqKisdnndrrL/UCEV56sYmzi0qfgLYAky853k0Zw9d75FwXpg/74tir8AIT0sBAT4c76qhro6OwATxwynR3AQ+w8f41xFJdBQ1N26bQ+1dXauHz+CgAB/Tp0up6DoJDF9wxk9ckhTodhggOTxI7CGBLP3wNEu/hRERMQVNbY6Tp+pwN/fRFhoiG4sRaTTBZoDCAsNwd/fxOkzFdTY6twd0lVTzhSR7qC8KSLiGuVNERHX+FLelM7jcT2A27Ij9yAAm774mntuvxFLUOBlbaIie3PoyHGiI3tfcXuff7WbGyaMavq9X3QfQoKDSBwxuPOCvkZHCk8A8PHG7Xy8cXurbY6fPM2YUUOBhuGz12Vms+9QIeXnKrHb65vahYX2bHrdLzqCsaOGkvXlbr7Zd4TkCSM5dfosu/OOEBHei5HDBwJw6vRZzlfWUHG+ml8++edW9192pgKbrU5DC4iIeIDqmlrOV1bTyxpMgL/XnOJFxEsFW8z4+/tRfq4SpzPI66YFUc4Uke6mvCki4hrlTRER13h73pTO5TVnngH9Itn1zSEATp0uZ0C/ywvAT/zifvYdLGT40P7tbus/nvkbJaVnqa62cfOUcQAkJcaRlBjX+YFfg/p6BwD9YyLoFxXeapvGYnfh8VP870srqThfhSXITPzQWEJ6BFFba2d3Xn6LdQwGuH78CL7ckcfWbXsYP3oYO3cf5Ex5BbNmJGPtGQyAw+HE6XQS0sNCQlxsq8MGRIaHYjRqjgoREXersdVxvrKaUGsPTCY/d4cjIt8SAf4mQq09OFN+HoPBQKCXPBSonCki7qK8KSLiGuVNERHXeGvelM7nNQXgvn1Cm15/9vnONuf4vVLxF6Ck9CzQMJeuJ+sX3Yevdu5jUP++PJB2S7ttjx47ScX5KhITBvHTH96Jya/hwqLszDkOHy2+rP2AfpEMio0iv6CYPfuP8tXOPEKtIUxKSmhq0zusJ5agQIItgdw3exohPSyde4AiItIp6usdnKuoopc1WDeWItLtTCY/rD2DOVteib8pxOPnGlLOFBF3U94UEXGN8qaIiGu8LW9K1/CaAvDYxDj6x0RQWFRC1pe7GT9meNNQxe3Zd7AQaCgMFx4/xb/WZTW9ty4zm4AAf26dNqGp7YD+kR4zF0NiwmA+2ZRDTu4BkieMZMjA6Kb3amvrOFxwgrhBMfj5GelhCcRgaNkT1+mELdv2cPbceUJ7hbR4LyDAn+vHj2DfoUL+8V4mFeerSB4/kj69ezW1iYoIY1BsX/bsP8rGrV8z8+bJTfMAO50NQ1T3Du1JzxAVhkVE3KnifDXBlkANKSUibhPgbyLYEkjF+YYh7jyZcqaIeALlTRFxJ4fDgd1ej73egcPhwOl04nR2zb4MBjAYDBiNRkx+RkwmP4xG1wsRypsi4k7Km+KNvOYsZDL58ZMH7+A/nvkbAM+9/C4jhw9k8IAohg+52Os3sk8ovaw9gIZ5g//y+vsATB43gi+272mxzfp6B+9+sIlPNm5n8IAoduw+yIB+kfzn//eDbjmmN1d+zIr3N7T63gNptzBy+CBunTaBf32YxR///A6DB0TTp7eVivPV7D98DJOfH7/6yb0NvXkHRNE3IpTcvfk8tWQZA/v3paCohPPnq9u82Bg5fCAR4b04eeoM5gsF4eY15IAAf2Z/N4Xik6d5/6PP2fLVbgYPiMbhcHAgv4iz5ee567YUbps+qSs+HhER6QCbrQ6Hw0GwxezuUETkWy7YYqbsTC02Wx1mDx1iSjlTRDyJ8qaIdDe7vZ7aWjv2+vpu26fTCU6nE4ejHru9Hmx1mPz8CAgwudw7VnlTRLqb8qZ4M68pAANEhPfiyV89wLMvvkNtbR3f7DvCN/uOsIatTW2i+4bzu3+fC0BtXV3T8ubF33vvmEp0ZG/yC4pZk7GV8opKduw+CECf3tZuOho4X1nd5nu1tXYMBrhl6ngGD4jig4+/4EB+EQfziwgI8CduUAy33zKZ2JhIAKwhwTz+yD2sWLWB3Lx8Tp46Q0LcAObcPZ2/Lf+w1X1YewYzNjGOjz79kkGxUQzoF3lZm4H9I/ntY3NYl5lNztcHyM7Zi9FoILJPKLNSb2kxZLSIiHS/qhobFt1YioiHsFjMVNXYPPbGUjlTRDyN8qaIdAeHw0mNrbahkOAB7PX12KvrMZn8CDQHYDQarrzSBcqbItIdlDfFFxiczq7qqH51HlmwBIA7Uq9n1ozkVttUVdXwRnoGB/OLOFdR1eK95gVggG279vPSsjVNv7+yZEGL9ivXbGT9Z9uuuE8REU+3c3e+S+1DewRgMBiafoB2X9P8NWCgjXbN/rzSsktfd+T3Ky1vi6vtgyye/4yUvb6eM2cr6dO7p7tDERFpcur0OUJ7BWPy86z5zpQzRcRTKW+KSFeqs9dTU2PrsqFKr5XBAIGBZvxd6NWmvCkiXUl5032qq+zuDsGj7Ttc6FJ7z/92uxUWSyDz584CoLSsnNNl55rei+wT2qJt83lz70i9/rJt3XvHVLZu38O5iipKm21HRETE09Xa7ATq6T0R8TCBZn9qbXZMFs+6sVTOFBFPpbwpIl2lts5OTU2tu8Nol9MJ1dU2nIEBHZ4zV3lTRLqK8qb4Eo8rAJvNAdhstR3+TxYeZiU8rO1hm8+crbjiNnr17MG5iirOV1Zdsa2IiIinqLXbCTQHuDsMEZEW/P1N1NhqseBZQ98pZ4qIp1LeFJGu0NCDzbOLGM3V1NRiMBg61KNNeVNEuoLypvgao7sDuFS/qHAADhcUd8r2Bg+Iavf94pOnOXHqDHB572ERERFPZrc3zP0hIuJJTCY/j5knqTnlTBHxVMqbItLZHA4nNTU2d4fhspoaGw7HlcdcVd4Ukc6mvCm+yOMKwNGRvQE4dOQ4ew8UXPP2nvj9K02v12RsZeWajU2/F588zV+XfUBtbR3QMF/wtl37r3mfIiIi3cHhcOJndG1uYxGRruZnNHToBrS7KWeKiKdS3hSRzlZjq/XYuSvb43Q2xH4lypsi0tmUN8UXedwQ0IMHRrM5OxeAf63LIuHxOVe9rc8+39lifmCA9Z9tY+v2PYT16knxydPYLhR/Ac6Wn+elZWsYv2TBVe9TRESkuzidTgwG3VyKiGcxGAw4PfDOWTlTRDyV8qaIdCa7vd6re3k1xt9eT1rlTRHpTMqb4qs8rgdwysRQ/vMGAAAgAElEQVRRjB45BID8gmJeWraGouLSq9rWqIRBJE8YydjEofz3/5lH0nVxAJyrqOJI4Ymm4u93ksfw0H0zGD6kPw/dN6NzDkRERERERERERESkG9XW2t0dwjXzhWMQEe/hCznHF45BOp/H9QAG+PnDs3lkwRLg4rDMA/pFMmRgNMGWwHbXDe0VQkTvXgwf2p/wMCs/vO/Wpvfmz53Fwfwinn3xHQDuSL2e26ZPanoy4oYJo7roiERERERERERERES6jsPhwF7vvb3YGtnr63E4HBiNHtd3SUR8jPKm+DKPLAADvLJkAavXb2FNxlYAjh47ydFjJzu07r23T2H40P6tvjd0UEyL39vrFi8iIiIiIiIiIiLiDbx5CNNL2e31BASokCEiXUt5U3yZxxaAAWbNSCayTyh79h/l+InTl83Z25reYT2Jiuzdbps7Uq9ny7ZvGNi/b2eGKyIiIiIiIiIiIuIW9nqHu0PoNPZ6BwHuDkJEfJ7ypvgyjy4AA0xKSmBSUkKnbnPWjGRmzUju1G2KiIiIiIiIiIiIuIvD4TuFDF86FhHxXL6Ua3zpWKRzqD+4iIiIiIiIiIiIiJdzOp3uDqHT+NKxiIjn8qVc40vHIp1DBWARERERERERERERL+dL3/370rGIiOfypVzjS8cinUMFYBERERERERERERERERERH6ECsIiIiIiIiIiIiIiIiIiIj1ABWERERERERERERERERETER5jcHYCIiIh0n8zFv2Z9yZXbRaQuZOHNEV0fUIfYKdq6nJUZeRRV2rsstt1v/ZplJ2awcOF0POXIRURERATATun2DF795AAFJXbqAMxmYuMTmHnbVJLCXft6K2fZEpYWj+Gp30wnqkviFRG5GnZKt3/K8s37ySuyUefgmnKdVynJZNGzOylus0Es85ekkdR9AbH22TdZFZXKKw8mdtteu529hOz317N2VwnFlQ2L/MMiSLpxMmkpcVivsvugzrMinsGHzxoiIiJyqanzn2Sio9mCPek8/W4JU378M6Y2q3qazCHdHltb7LuX8/K/DhEzdQ6PTxlAmJtjK/lkMYszShj14B95cJSLKx/bwttZFYydOYN4z/mIRURERDxYJTnLXmNpLsRPncqCHw0i3AzlxblkfbSTpc/sJT5tDgsmh7k7UKCc3HWZZPcaz7zkWHcHIyLexHGcDS+9x/LDMGTyGB5LSySqp6fmuo4r2PIeGWfjSLstEWsH2iemzWPuyNbeMWHp5Ni+9U5s5On/3UZBUASpd93NY0PD8LeVkbdjG2vXrmbhtjE8+dh0YlVBEvFa+u8rIiLyLWIKDqFF3THYBJgICgkhxEMLkrk5u6mOv5eHZ47yiAuXiCk/48lJdkxBV7Hy2YPsyCkh4iYVgEVEREQ6pOhz0nfVk/SDecwfG9y02BqSwpxhKcz8JpOcXp5SELFRkJtPdlQc85LdHYvINbKXcvCr3WSfqOxQ8559E7hhwmDCPOGmzQsdWrOa5YcDmb1gHjP7XlzeItf18JRc13GlB/PJLrYy8zY6VAD2D7Zi1b1y13Mc4I2/bKMgcgxP/XI6UY09fUOsTLplEJMm72Tp/2Sy5J/RLJ6TgL9bg/Ui54vI2b6XvWW2DjQ2Ezk0gUkjYwjRRK3SRXRKFhEREQ9WQlkJ0NfiORctAUGEBLg7CBEREZFvh/L8IkqJYHZicKvvW0dOZ1o3xyTybVC2dT1LM891fIVdBRyw38evbgztuqB8lW0ba7MqCZ+a1qL425xynXSmuh3byKq0MvvnzYq/zYWMYe7te3l8xRdsmJlAakeq98Lej1fzj10urLDrACcD5vNvw7ssJPmW85jvUkVERMRDlG/i+d9/AHc8yeM3XvLobe0O/r7obbj3dzw8voLMxYtZ3/d+nkw6yt/Tv6So0g7mMOKn3s/9Nw+gRSdZexk73nuTVTuLqLaDKTSe6fffz/SBrXelbRxqueGXZfz61wARzFi4kOkRUH1kE+mrM8k7Vo0dE0H94pk+K40pzbbXOK/vz+71Z+PqTPKOmUj++ZPc3s6IfNVHMvn725nknbGDKYiYMbN54N6xhDXeFO1exq+XlTTFQUkmixevJ2LOk0wsWkb650epuOz4drPs18vYfWET6xf/mvUA1z3IH38wCqqPsundVWTuufDZBMcQf9NM7rphqJ4EFRERkW81a6gVKCQnt5JJY1svArfgKCcvcx1vbDhOqQ38g8OYdNedzB17hZ5z9hKy313L8pwyquzgHxbNzDmzmDmo5T7LD2byxord5JbZAbD0j2Xm7akk5qez6KPyhkYlGTyyIAOwMvs385gZgYjXCUsYRMyGXRQ5rtwWAGNPrhuu4u9V2ZNPriOYmeM7OHR8bjqPvF5+eX7JTeeR17k4V25ju59Px3/zZ6z9pgz/5DQW3xl4YX7b6TyTeJxX1x3gUFkEc//7flLMUFe6k+VvbSS70E6d0UT4sFHM+8F0hgRdsv9fpWLJzCA9t5w6B1j6D2LOg3czKayxTcGFFXayaMFOAJIeWsD8a5pSt6RZ7Id5IT2fYltDzk770f1Ms+az9q31rM2rpM5oImr8VB5LG0N44311s9j9161j1f7Ky2NvR+mOdRc+LzsYTYQPiGP2nNsurFdGxnOvkc4kFv8y5ZIezzay//4ir9ZP5flHxmPhkvOJyURs0lTmN48VOnZuqs4nI73h77fK3nDeS7w5hTntzOGbk3scIsaQ1M75yTI6jsQVG8nJLSc1xdris188roSl7+ZyqBwwB5M4bQbzbhnU+jDdeat5/JV8kh55nLnxl7xXlMFv/3SYpMd+QtqAtmPxFnEjYgnaVUB1R1ewxHCdDxy3eC4VgEVERKQlazJTRnzA21kbKbrxdmKavVWRvYk880QeTgoCKhoWFq7nz0UDuOmHC0kIhbKdH7Bs7Z/5Q/mj/O6eoQ1tHCVkvriY9bax3PuTB0gIhZPZK3nzL89T/fMnWi3INgy1XMTGv7zMpsh7efKeBMBEUDBwYBWL/7YF/zH38uN/SyCMMvZ+/DYr/7qYsh89yey45kFv4u9/C2HI1JmkTQljQHQ7x16xiWX/iGHsnT8jbUAQZXs+4O133+bl4AiemBnTzopw6P3nKEmYwYMLHiTMdpSNq9JZ/9e3CXvqYcYGxJP25JPcdemcy6aGz3HLa3/mg4qLn03ZoS2sX/Mm6/v8jnsvvUESERER+TZJmMzsmHxWvfVXFuWOYfb0ySRGBePf6pfaleS89SZLD1pJvf9+UgcGU74/k6XLX+OFup/w2MQ2CsiO46x94W1W2QYx96czSQyD4i/Ws/TFN6lq9qV0VW46i14vwDIuhSd+HE84ZeRu/IxV6dnE/+p+Fk8+TsaLq8mITGFxWjxgwtKBmrWIRwpP5rFH63nh5d1XLgIbe3Lzo/dxsx52uCrFpeVAb2Lb6P17bSrJeG011qGjSLtvLOH9o4GyhrcOZvGHw8Ek3TSVab3DiPcHTmTyhyU7qRqbwoIfxBNOCVnp6/nDn+p54repDDE22+4r64gdfwNPLIrFUpZH+ltZvLo0g6j/SCU24TYW/5ed3PRXeeNkIgt+PokowP9qplJqzcEsXqgcxuyfzWMIBaxdkcHyv7xJTq9y/MfP5Kn7wqjan8HS5ZksjYrlySnNK7s1ZL2+mvDRU3nivlis5wpYm57Bq8+8RtV//pBpbfR2Ld/yJoveLWfItJt4cmrDehmrN/Lqs29S9X8eYJo1jGk3RpO+fDcZRSmkNf8KofwrMr4xkXKh+NtwPjlJbNO28klflslv/2ZvKhB37NxUxoa/vUd6xcU2pQd3sur99ayKiLu84ApACaUngagIotr7jM0RRFkho+A4LQbwPpjF08XRzJ77APPD7Bz6dD1vfPQer4b9nMfGmS/fTvwYUsIOkLFlG3Pix7cYTjo3ay+l/ceR6iNFUNPwmfzmntU8+27RlYvAlhj+7aezSAzsjsjk20oFYBEREbmEibGpU1j/3A52FNxOTFNxtoiNWUWETbyX+OZfuJVHcNP/vZ+JF27kQm58kF/yPE+vWcummx9nihUqPn+b9Sfiubd5u5sf5eHqP/DnT3dw60NjL78oCQgiJKAnQX6AyUJI0yTFFWz6cAsVw+7ld/dNvNDLOISJ9z0OVf+XlR9uYnrclItzHVcHMeHnC9vt9dukOoypv3qUKRfubUImPciMfb/m7QN5lBFDuw8DJ6Sx8HuNd1ejuP3uInb/KZO8gzB2RMM8y63PuXyUg0cg/r40JsY2fAohY27n0etuB/X+FRERkW87YzQzH3uA8PfXs2r7TpbuauhFZukfTcrkyaSOH4S18UIyL5M3dplIfeyBpqKtddzdPFn/No9//DkFE1Np7ZKwPGs9q4qjmfvU3aRcuFa13vIAj1X9lT9kbmP2w+Pxd+wlfUUBjE7lqTmJF77AtpJyzyAm2e34m0xgtmIxAiYL1hCNlynez9T3RuanneH3K9orZphJTLuL7/b168bIpOPsWMal8dSdrWS/6t7Mfur+prwHZWS8s5OCYVN5fs6FIiRWZv7YTNUz6azdMbVZgc9O+E0PsKCxsBoyifm3FfDIWwXklkJseDDWELCYAKMf1hBrh+YAznl9CY+0sjzq1gd46pZmTxg4Ykn7cSqJRoBE5tySx4bXCygdl8YzUy4c67hZzMx5kTe+3kP5lOY9cm0wKo0FjV8ShCQy5zETdYvWseqjvUz7fsLlATj2smpdCdYpLddL+7EVnklvWs9/3A2kfpRO9rYC0i5+mULB5t0UhCU0FGQvnE8sLbY1hnm/tFO1aBtri8aTFtPBcxNF5OVD4pxZpAxoOBlax6ayYHRqJ3yfEIjFDNjtl3wWscz991kXPntIunMGBXveZu2+wzCulc+OWGbfGk3G8gNk28aT0vhPyLaNDdvsJN43oUP/NrxFSOIsflH2D/64oZ0h9I09+e5Ds0jq0X1xybeTvlYUERGRy0VPJblfBV99kXdxWd5WviqP56abLukJO2wUSZc8xRsyZgIDKOLgATtQQW5uUavtBgwZAPmHOOJKbBW55B6D+OuSWg4xTRBJ18XDsYPsrW22uPdYJnZwJC0iRhF/yZ1HTHQE2MHe+hpNhoy45NHavjFEA3VXHDItgpgIyNv0AbuPV2NvbK+rNBEREZEGpggm3fMAz/z3Av7yH3fz2J2JxJvK2ZD+HgufSifnQmUqLzefKutgki7pSWQZHE1sWRGHKlrbeDk5X5fBsDgmXXKtOmRoBBw+ziGAgwfIqTaRNDmxRe8loKH4K+KjghJm8YtpPdt8P2baTB5KaHXgV/EIwUya1MYN8ciEZsVfoGIPOYWQODqx5VC+xljiB8GhwwXNFlpJir/kEemYsIYepR0dNrwViWnzWPxfl/88MeWS7uXDBjUVIAGIbNh37ODmx2puKGBW2qhqsbKZpDGXfCbGBCaNNlG1r7Ah51/q4AFyqltbL5akUeZm68WSemMY5V/tJLfxc3DsZcMXlSTeckPDQ0htbStoMEOiKjmUX06Hz01EEhsBuRvXkVNUefH7h075PqGGKhtw6Tnu0s+eaGJjuLxQ3Iz/2DGkBB1nQ3ZZ07Ly7FxyeyUyc2wrvYa9XOTUu3hoZFvH1fDQjEZMkO6gK1QRERFpRQjJKfF88M8t7Jgdz9gAOzu++BKSHm7qwdskwHL5BUVIT0KAkrMNF/fVVcCRlfyfX69sZV+jqHEltOpqqoGQwMsvY0yBJqCEirNA48W0n6df7kQw/Wc/g7fTSX9xC9X2hvmMp9x8O9NHXGECIhERERFPU5LJomd3Utx8WcQYnvrN9IbCQIt5IS8YncorD3ZsUkj/sEEkThlE4hSgLJsX/pTF0n/t5ZU5CVRV26E8lz8syG1lTStV1XBxmJhGNqoqgfyN/HTBxlbWi20oHNhsVBFMeK8OhXlFOcuWsHRXy2UX58a8MM9iScv4NZ+wuEvk1Lt4qOQdXv/G1mJ50MjvMH9qpJui8h1R4VbgNAUnIKnTh4E2tTFkPmC8pNd2dUOh9NCKF3lkRSvtR7t0535V/IOtWC/L050tEEsrQ1FbewVDeTnlra1is1HVxnoWS2CL9ayTEklcs5ENO2wkjjNTt2MnWcTx2PjgZtuykfHCEjJa2VVUdcP/sw6dm4hg5mN3w1vreeOFv1Jlb5ibPvWW6cwc2db3CRGERwLFJRRD28NA20ooLochse3No9VBxgSmTd7I05u3UTAllVgKyNhcRuyNdzYbVtyXWEi8ZybfPf0eH55o+Y4empHu5OnfiIqIiIibmMYkM/H9v7Mpu4Kx1+1g054wJvyylQlkaquwc8lFRcU5KoCwXmFANUEWYETjPL6X7QmXpgEKCiIIsNdcttcLy8II6aQv5rpN0ACmP7yQ6YC9soi8z9aS/vofOHrff/Nwki7XRERExIuEp/DEf42nrvkyY+DF4R0vzAvZgukqJ8oNm8SkoVnkniihlAQsQSYIT2iaa/KSnbQxH6+5YfnIxnl7W1kPwGzGQiWlzR80vAaJafNYfFfLZRfnxowg9efzSGnRi07zCYs7NRQz7q5ay3v5DcWpoEHj+MU9Ca7dy0nrRgwi0VhA9rYCZndo7qLWlZefB65hTNkgMxYa8tPcka28f7W52uPUNDwQdInys5VgjW19OGKzGUsb61VV1bRczzyeaeM/54XNX1E+bgTZm48TPjntYq9ZsxkLwaTMv5/UVp6f8A+wAuUdOzcBBA1i5iM/YSZQV3mc3A2ZvPH31zg0p405eYGkxGjIPUBW0fSWcxU3P64de8kljLTEzhmgOfbGUcRu2M6GvFTmspOss9HMmeTDD70bI7n5oZspe/kTGjs+h427WQ/NSLfyyecrREREpBMY47l+YhhFWRvZkrWFon7JTG3twc/9u5uG3WtU8fUOjhLD0DgTEEJiYgzkF1AUHEJIyKU/Qa49kRaSSGI/yPs655J5qKrJ+ToP+g0lIcDFY+0uZgtBVFPd4sFpe4uRkkzBMYyaOZspEZC3/2B3RygiIiJybYxmLCHWhvkeG3+Cm30BbQpu+V6IFWtQO1eDJblk5Ve2/p5jL3kHG+YDDgfiEwdhKS2iwGG9fB8hwW30grOSdF0YHD5JQXAb6wEMjSMpyE7Ojr2txNH44kIx2WZrWQBvhX/Q5fuyNPsY/C+Lpa34RbqJMZIbHpjJd/v5EdRvNL94YCKR+jfZOczjmZkSTOnGDNaeaL1JXdFOchpHBWi1GFlJ7t6yVtZ0QcgIkvrDoaPHW8mFV8jVbbAEmcBWf8kQzO5mI2fnJSNROA6QnWvHMrw/Q1pbZWgcSUGtrVdAzm7bZeslpiQQXribjC3b2FAYxrQbYy/ZViV5x+tb/ZwtZujwuQk7dc2+T/APjibp9hmkRkDuvsNtfgL+Y28gNaySjBWZFLc2ZHfFTt5YV4Jl3GSmddYEvdYJpI60k7Ulmw1bDsD4MUzyvdGfWwqM43uPfodJPf0IGfsdfnVHnB6akW6l07SIiIi0KSYlmZgzm1i1sYz4lOTLR8wDsJbw6Qtv82VBGRUVZRzNfps/rzlKUNIMki/cKITcMJNk05cs+9NKNh0ooqKigorjB9n0rz/z9LIdV5xft6UQpnw3mZD9K3n+nS85erqCitNH+fKd51m5P4Tk705pPU5PMGQMicEVbHpvFbuPV1BRaYfjH7F40WJWbs5rOJaKMo5u/oBNJRA/bGjDenmrePr3T/Py52Wt/04eq37/NE+/soVrvOUXERER8SiledtY/uJfWfjiOjK+yae0opzyihIO7chk6f+sI8sYy9zb4xoax6cwe2gZ6f/7Juk7LrQtzSf743QWPZtBQRv7sKakMM10gKX/8x4Z+49TXlFOedEBMt59jYWvb2so5hoTmH1bBHVfruO3y7M5VHph2x+8ycKmbVtJGhMGeV+wdFPD/qtcu9AV8WzGSG6e9yj/b16yir+dbMgds5gzuIZVS17kD+9mkVdUTnlFOQX7s1m77FUe/1Mma7+5UAEemkBSsI2Md1eTU9SQi7KWv8mqwmutpoWRelsC/tvWsWhF8xiyWP7CX1m63XblTVwifvQgLOW5LH83l4KK8oY5ZdtRV9mwz8t/Kq/4YE3HmWH3apZ80BBTeVEu6S+tJ6vaSuq01kYto+kcUL7p0vVWk3Eugtm3XrJezHim9a8k491cSkcmtiyiXthW8ZrlLPlgZ8P5pPG89uyrpBc1NOvQuanoUxb9x6u8sSn34nY2ZZJRAonDB7f9ERhjSfvRJOLP7mTRU62cM/9fJrlh43nivoTL5r2/emYmJcdh+SaL5d8Ek5LSxmftawIT+N6vHuW/7tSICdL9NKagiIiItM2azPXxH7CycCJTxrRx2dB/Bj9LKmLZm4tZWW4HcxjxNz9K2k1DL15oGIcy+7dPMOC9N/lg2fN8YANMQcSMmM79d411/YIkbjYLfxJG+uq1vPTsSuw0zJs7+7E5JHfC9DRdxjiU2Y/czrk3PmLZc1sgYgYLF97Ko/faefvTt3lpTXXDcNrBMcTf9ThzGod/tp+joryCoGp7679j51x5BRXmaheL6SIiIiKeLXzKD3l+RC4Z67aRsWIv6Rc6A/sHBxM7OoUnb5tEbNM3qmFM+/E8ojLXsfxf75FRCRhNhA+IY/aPbqLNgVWNccz5zwcY8u5a0l9/m3QbYDIRO3Ic8+4Z3/TltzX5AZ4KWser677gD89kgdGENSaa1LRJTdu2Jt/NYyff49W17/Hb95vP6ysi0g5jNNPm/4TE7Z+yfPNOXvgimzoHYDIR1T+OOb9MI6X/hSqiMY65P51E+d+2s/RPBxry1cRUnrxrNwvfusY4ht3GM7+JZvlbWbzwXEMM/sFhJN48nTljr6LAPOw2FtyZztKPMnh6C0Td+gBP3dL2OPq56a+yML21d2KZvySNJNcjaEUgKQ+lYsnM4A9PZVDnAEv/Qcz7zSwmhbe91sVzwKc8vcF+4fySwGP/mUriZU+hhzEtOZr0FadJSRl/WRHVmvwAz0Rk8sa7G1myIZM6wD8sgpRbZzG7cUjmjpybYm5iwfcyePWTT1nyvr1hO8FhJN6Txrw2hn9u0jeFBYuGkf3+etY2njMBS0QEk+5KY+bEWKyd/aBH/BhSrAfICBtFahtDT4tI5zE4nU6nu4MQEZFrt3N3vkvtQ3sEYDAYmn6Adl/T/DVgoI12zf680rJLX3fk9ystb4ur7YMsnv+M1MlTZ4ns08WT3TryWPm7v1N085M8fuOldzQlZC5ezPq+D/LHH4zq2jhExKt0S35ykSfGJCLSyBNzlCfGJCLtO1fhWQPtXqueIZY23/PEHOWJMcklctN55PVyZv9mHjM7YT73dne14nleKB7H4l+mtD6v8LdReRZPP7Wd2EceZ25rUxu7gfKmZ6nW0Cnt2ne40KX2GqxDRERE2lSxNZMvbfFMmeSxgyqLiIiIiIiIiHiO8izWbrOTeOMEFX+bycvYSUFYAtM8pPgr4utUABYREZHWOY6ycdNRgpKSGRvg7mBERERERERERDzfoc92c8gcx7SrGTbbV1VvI+NLG7E3jm97SgYR6VQaAlpExEdoCOj2aQhoEZHu44n5yRNjEhFp5Ik5yhNjEpH2aShT9/LEmESkfcqbnkVDQLdPQ0CLiIiIiIiIiIiIiIiIiHxLeX73pisoOFbCkWMnKCou5UjhCQ4fLWbwgCgG9u9LTFQ4A/v1JbZfF8/oLiIiIiIiIiIiIiIiIiLiAby6ALzi/Q18mrUTh8PRYvnho8UcPloMgNFo5KaUMXz/zmnuCFFERERERERERESkyxkM4CuT/bk4i5OIyFVR3hRf5pUF4COFJ3nu5ZVUVtUAcEfq9UT3DSemb2+iIntTfPI0RSdOc/xEKWsytvLJphy2btvDLx+9l4H9I90cvYiIiIiIiIiIiEjnMhgMOH2kkmFQJUNEuoHypvgyrywA//65twAItgQy9/szGDtqKAD7DhY2Tdo9fvQwGD2M/jERvLFiPZVVNfz+ubd4ZckCt8UtIiIiIiIiIiIi0hWMRiMOR727w+gURqPR3SGIyLeA8qZ4E1ceWDAYDHjdv4gPP/0SgOi+4Tz39M+air8A+w4VsnjpP9l3qLBp2dhRQ3nu6Z8R3Te8xfoiIiIiIiIiIiIivsLk53Vf9bbJl45FRDyXL+UaXzoWaZ05wN+ltl71L2L/4WO8t3YzAL985G6X1m1s/97azew/fKzTYxMRERERERERERFxF5PJz90hdBpfOhYR8Vy+lGt86VikdSHBFpfaelUB+MucPADuv+smQnuFuLRuaK8Q7r/rphbbEREREREREREREfEFRqMRk5/3FwBMfn4aylREuoXypniTsF4hBJoDrtgu0BxAWK8Q7yoAHz12EoCEuNirWr9xvcbtiIiIiIiIiIiIiPiKgACTu0O4Zr5wDCLiPXwh5/jCMUjHREf0brcIHGgOIDqiNwBe86/C4XBQUFRCUGAAUZG9r9h+38HCy5YNH9qfoMAACopKcDgceiJCRES8msFgwOl0YjAY3B2KiEgTT81Lypki4qk8NTcpb4p4J5PJD5PJD7u93t2hXJXG+NvjqblJeVPEOylvijfx9zcxICaSsrMVVFRWYautAxrm/A0JthDWbPRkrykANxZtI/uEXrHtmoytrGFri2UL538PgMg+oRwpPElBUQkD+/ftkljbkvP1AZa+sbrD7SeMGc4P77uVjM+2cbL0DEmJcYwZNbQLIxQREW9iNBqodzgx+ekCTkQ8R73DidHoeXlJOVNEPJXypoh0tkBzAJX11Tid7o7ENQYDHRraUnlTRDqb8qZ4m7BeIS2Kva3xmgJwqLXhQCqratptN3xI/3bfb1y/cXvdKSy0J9ePH9FiWdmZCvYdKqR3WE+GDe7X4r3BsVHY6x3s3neEg/lF9OndSwVgERFp0vh0oslPI1P38R0AACAASURBVFqIiOew2+uv+PSxOyhnioinUt4Ukc5mNBoIDDRTXW1zdyguCQw0d6hAobwpIp1NeVN8kdcUgK09g+kd1pNTp8upqrZhCTJf1mbWjOR2t1FVbePU6XJ6h/XE2jO4q0Jt08D+kTx8/3dbLMv5+gD7DhUyODbqsvca/ebn93VHeCIi4mUCTCbq6uwEmv3dHYqISJO6OjsBJs+7zVDOFBFPpbwpIl3B3+SHMzCAmppad4fSIYGBAfh3sDihvCkiXUF5U3yNVz2O1Dhkc/HJ01e1fuN63T30s4iISFcIMJuosdW5OwwRkRZqbHUEmD3vxlI5U0Q8lfKmiHSVAH8TQUFmPHnaR4MBgoLMBPh3PA8qb4pIV1HeFF/iVX/j0ZG92Q78a10WC3/6PZfX/9e6rKbteJOX3/yAr3buY/7cWSRdF9di2SM/mElpWTkfb9zO+cpqell7cP9dNzFm5FC27drHqg+zOHW6nIAAf6ZOvo7Z372BgICLT6E5HE6+3JHHmoytnDp9FoMBYmMiufeOKVccTltERNzL5OeHyWSkxlbbofk+RES6Wo2tFpPJiMnP84aWUs4UEU+kvCkiXc3f5IefJYgaWy12e727w2nBZPIj0Bzg0ryUypsi0tWUN8VXeFUP4FkzkomJCmffoUJWvP+ZS+uueP8z9h0qJCYq/IpDRXuTd1Z9SubmHBLiYhk8IIryc5X8ffmHvPHP9bzxzwwi+4QydtRQ/IwGPt60nTUff9G0rtMJ6zKz+fvbH1JVXcOYkUMYPWIIJ0+V8dzL77L96/1uPDIREekIS6CZqirvmp9ERHxXVZUNS+DlU7V4CuVMEfE0ypsi0h2MRgOWIDOWILNHFABMfn5N8bhSxADlTRHpHsqb4gu8qgcwwINpqTzzwnI+2bSdIQOjGT962BXX2bZrP59s2t60vi+JCA/lsXl3Ywky43TCm+kZbM7OZfuu/fz0oVmMHD4QgF3fHGLpG6vZs+8It06bQLAlkN15+az95AsGxfblFz+6ix7BQQCcOl3Ocy+v5KNPvyQhbkCr8y2LiIhnMJv9qa6ppbLKRrBF+VpE3KeyyobRaMTswXOeKWeKiCdR3hSR7mYy+WEy+eFwOLDb67HXO3A4HDidTpzOrtmnwQAGgwGj0YjJz4jJ5IfReHV9kpQ3RaS7KW+KN/O6AvDgAVHckXo9azK28tKyNRxIGcut0yYQ2ivksrZnzlbw0Yav+DRrBwB3pF7P4AFR3R1yl5owZnhTgdZggIS4WDZn5zKgXyRDB8Y0tesf3YeePYI5X1VDXZ0dgJ27D2K313Pj5Ouair8AfXpbmTg2nk+zdnLq9FkG9Ivs3oMSERGXhPQI4vSZCvz9/Vya/0NEpLPU1tmprKqhd+jl1+SeRjlTRDyB8qaIuJPRaCQgwIg3DVKsvCki7qS8Kd7IK89As2YkM3FsPK+98xGfZu1gc3YukX1Ciejdi5iocIqKSyk5fZaTp85QV2dn8IAofnjfrfSNCHN36J0u1NryP6/fheEIrD2DWzzVYTQaMTQbGsBmq+NESRkAb6xYzxsr1l+2bYPBwJmzFSoAi4h4OD8/Iz1DLJSfqyTU2gOTyf1D04jIt4fdXk/5uUp6hljw8/P8GWaUM0XE3ZQ3RURco7wpIuIab8ub0jW8sgAM0DcijN8+NoeVH2xi+679HDt+imPHT5GTe6CpTXiYlXGjh3Hv7VPcGKlncjidOC6MUTB8SH/C2ngKpJdVT4eIiHiDQLM/TmcQZ8rPY+0ZrKeMRaRb1NbZKT9XSY/gIAK9aEgp5UwRcRflTRER1yhvioi4xlvzpnQ+rz/z3Hv7FO69fQqlZeUUHj9FYVEJ/WMi6B/dh/Awq7vD81hBgQGEh/XkYH4RYxOHMv3GJHeHJCIi1ygoMACDwcDZ8kqCLYGab0hEulRllY3Kqhp6hli88qZSOVNEupvypoiIa5Q3RURc4+15UzqX1xeAG4WHWQkPszJ21FB3h+I1Jo5NYNuu/XyatYPrRgyhT++LBfPqGhsFRSUMH9LfjRGKiIirAs3++JtCqDhfTdmZWiwWM4Fmb5qhREQ8XY2tlqoqG0ajkd6hIV49nJRypoh0B+VNERHXKG+KiLjGl/KmdB6PLgDvPVBA2dlzlJ+rxG6v7/Tt+5tMhIWG0DMkmIS42E7fvqdLGBbLlMnXseHznSz642vED+1PSA8LpWXnyC8oJqxXCAvmf4+wXhoGWkTEm/j5GellDcZmq6OqxkbF+ZqGm05/EyaTH35GAwaD4cobEpFvPafTSb3Did1eT12dnRpbHSaTkWBLIGYfeZpYOVNEOpPypvKmiLhGeVN5U0Rc823Im9I5PLYA/GnWDt7+16fdtr/J4xL40Zzbum1/nsDk58f375xG/ND+fPjpV+QdLMRur8cSZCYpMY6ZN09W8VdExIuZzf6Yzf7Y6+uptdmpsdVir6zH4XDivDAPvIhIewwGA0ajAZPJjwCTidBewZj8/NwdVpdQzhSRzqC8qbwpIq5R3lTeFBHXfJvyplwbg9MDzy6v/mMd2Tl7AZg4Np7RI4dgDQlm8dJ/MnxIf+5Ivb5F+9aWr8nYyr5DhSyc/70WbZsvr6yuYdc3h9jy1TcA3JF6PbNmJHfx0YmIdI2du/Ndah/ao2EumsYfoN3XNH8NGGijXbM/r7Ts0tcd+f1Ky9viavsgi8c+IyUiIiIiIiIiIiLiU6qr7O4Owad43LfbX+853FT8feY/5hEe1jAv7b6DhU1thg+9OC+tvb6eXj17cPTYSXpZexDZJ5STp85w9NhJeof1ZOigmBbjna/J2Nr0OikxjqTEOKZeP5pnXljOmoytjBw+kCEDo7v6MEVEREREREREREREREREOp1HFoAB7rl9SlPxtz0mPz9iosL5Zt8R3kz/uGl5ja2WxIRBHZrsevCAKB66bwavv7OerC93qwAsIiIiIiIiIiIiIiIiIl7J4wrAhwuKARh3XVyH12ksAO87VNhiee/Qnh3extCBMQ37P1rc4XVERERERERERERERERERDyJxxWAC4tKAOjTu1eH1zl+4jQA35s1ldiYSPILinl37WZKSs92eBuRfUIvbKvUhWhFRERERERERERERERERDyHxxWAr0ZpWTkAg2KjGDoohvNV1QCUnO54AVhERERERERERERERERExNtdeYJcD3e+sprTZecAGBTbF4DrRgwG4OSpM1RV29wWm4iIiIiIiIiIiIiIiIhId/L6AnBJ6Vnq7HZCe4Xg5+cHgL/JRI/gIOrq7Jw8dcbNEYqIiIiIiIiIiIiIiIiIdA+D0+l0ujuI5h5ZsMTdIfDKkgXuDkFExGU7d+e71D60RwAGg6HpB2j3Nc1fAwbaaNfszystu/R1R36/0vK2uNo+yOITsySIiIiIiIiIiIiIeLzqKru7Q/ApXt8DWEREREREREREREREREREGnhcD2AREbk66gHcPvUAFhEREREREREREfFM6gHcudQDWERERERERERERERERETER6gALCIiIiIiIiIiIiIiIiLiI1QAFhERERERERERERERERHxESoAi4iIiIiIiIiIiIiIiIj4CBWARURERERERERERERERER8hArAIiIiIiIiIiIiIiIiIiI+QgVgEREREREREREREREREREfoQKwiIiIiIiIiIiIiIiIiIiPUAFYRERERERERERERERERMRHqAAsIiIiIiIiIiIiIiIiIuIjVAAWEREREREREREREREREfERKgCLiIiIiIiIiIiIiIiIiPgIFYBFRERERERERERERERERHyECsAiIiIiIiIiIiIiIiIiIj5CBWARERERERERERERERERER+hArCIiIiIiIiIiIiIiIiIiI9QAVhERERERERERERERERExEeoACwiIiIiIiIiIiIiIiIi4iNM7g5AREREroWd0tyNpGfuJrfQTh2AyURU//6kpE5n2jAr/u4O8ZrZqaqopA4TlpBg9x5PSSaLnt1J3ZQ0nrkzttUmxR+/yqKPYPZv5jEzopvjE5EOKGHts2+yqiSW+UvSSHJp1YYcwK0P8NQtrvwHb9xnB5qOTuWVBxM6nveuOiYRkQ6qKCArYyNrt5dQamtY5B8SRvz4saTdMoYos4vbu8a8lbNsCUt3Wdu+1rqw/eLRqbzyYKJrG7dXUl5tB1Mw1iB9ZSYiIiIi3ktXsyIiIl6rkpzlr7F0uw3/iGhSbh3MkHAoPXyY7O35pL/0KhnT7mbx7YPcHeg12ssb/5VBDldRrOkipZtWs3TwD5mfGOzuUETEK1hJunM64dUXl5TvyiI918aQlOlMG9isaVgsree9cnLXZZJ9NobUOZNo/REUEZFOdmIjT//vNgocZoaMTGTa6AisFSXkfH2Y3A2ZLNq8l7mL7ifFVy6J9q5j4esFFx7GuVA8Lszm1c1FhI+ezuyRVvfGJyIiIiLSQSoAi4iIeKuiz0nfbsOSOJ1nHhqDpXH52EnMvMdO6ReryQrz9uIvQCypP5hOElaGuDuUJjZyVqwje2gak4LcHYuIeD4zUfFjiGq2pLh0G+m5NqxDxzDpsg5qreU9GwW5+WSX1JOkArCIdAsb2eu2UWC3MvPf5zG778V3Jk0BKg6QnlGGTz0PFzueeT+Iu/AwzgVnC8jeXkBUHxuzR7ovNBERERERV6gALCIi4qVK8wr+f/buPSyq89z7+BcYQEAYRUQBxSCioI4CHlCDGkNEq8aYGNLEJjFJta1tmnRXe3yb7O70kLSNuzvpwbaxOZlqUhLjIRrFECshKFFRHA94QBQFFBEdEXBggPePAQRBBYMwkN/nuriYWeuZte41I/cs172e56EIiB7ZoPhbz4DfuAeY0/5h3QZGQqMiHaj4C8YgI5V5uSxflkzwD+IIcO7oiESka3G8vCciX0XHMR8C/EKI6dvMau8wEua2d0y3mTGEmKiODkJERERE5MtTAVhERKSTMnp7ARayMvdSFtVcEbghM8sWJ5HhH8kLP4lr0Aut6XL7vGrBLPr1aAre2cyGI/Z5KP0GD2f+w3GEezfectGejSzfeJTsYhs4GwgwjWPBvBiC684yzIksfDOX6EcXEJu3jpVphRQZI/n5lEJ++14+flMSeHFW475slbtX8d2V+QTf9yTPTbLZ586kQezVxaQnriUxsxiLFXB3J3jkGObPjiHY4zqxAZ79g5l53wziQ+q6qhTWb/u5R7uzIXEH5lM2TE8sZtENpozzNM1gkWkjz2/ay/LkCJ6bGnjDd99yKp0Na/eQfqqUMhvg7oVpyjQWTA25+rnVv09PEn1kNW/tslBZDcbwSBY9GkfAmWSWr9yPudg+L53p3tk8E9t4vzf9LETk+qqLSf9wA2vq5rg0GAgeNop5CbGENunpb6Noz2qWfZhDbim4evlimh7HggnBbTRPeWGjvMeW5Ty/yVK7Lpdli5cCEP3EYhb1aX4LZTmpvLV2d/388MYQE/Pnx2Pybr69iEhTXhi9gaIc0s/QqAdwcwpqc1X0NedR11t++3PpVXXntwt+GUnRu8lsyCq9mhu/GY+pLs83mp/4rP08ue44Nq1g4Sagyfm0iIiIiIjj6RL9Va5cqeDA4ROs3vgZL/1pFT//7T95+ud/4umf/4mf//afvPSnVazbnMbR43kdHaqIiEibcR0ZSYwXlJmTWfLCCpZv2Ut2kf1i1pd3maR/riOdgcyZF8sckxeWrL0s/cNqzNarrQqSl/Ozdw6RawhkTkIc8+MD4UAqv3p1GwXXbDF34ype/awY18BgYu7ojsvoSGI9oCgji+xGLYvZ+lk+OAcSH+PbTGxW0t98g+VfFOMZHsn8R2OZM9yIJSOVpR8dvRrblrrY/Im/L47500PwK84l8c9vsPyA9ZpNHmXZ/6VivuhD+KgQAlxLb/L+GAiYOps5QZC7aXXT7TXa9i7eejWVVIsXpntiWfBoDFP8bZg3rWZpcmGT5lkfriTxbCBz5sUSP9gdS9ZeXv3nCpb+7RBl4aNYcF8Ewe6lmD9czVtHrr6uNZ+FiFyjOp8N//cGy9MKcQ0xkfBoLHNG+lCUmc5LLzbOewCVhzfz0loLARNj7X+TzsVkfJDIS1vyb0t4fqY7WfBoDNFGAF+mPBrHgkfjiL/OONCVB1bzsz+nk3HRh9j74lhwXwR+RWZe/UPTYxERub5gYu80AhY2LH2F519LIulIPmVtlEfaO5fCeda8uo509zDmPVp7fptj5tV/pmJptr19OP4FsfbzUaMphgWP1ubU2xShiIiIiEhb6dT9QSyXStm2PZPP0s1ctFxuts05awXnzl8k+0Q+65O2M6BfHyaNH8GkcSPaOVoREZE25h7Bgh8ZCHg3mQ1ZhaRvSiZ9U3Jtr7XhzJwxmWi/W/2qL8bSP4EX76utLkTFEL1lOc9vymHlllx7j13rLhI3WcA/kud+VDcMciSx/dfx7Gt7SToymfmDr26xyNqLRb9MILpBT7op47aRuvUQqVnxhIbXLszbxdZT4DfpTmLcm4vtCBkHgEGx/PTxGHsP2qgYZj5USFGpv72JdReJSRbwNbH4R/GE1sUWu4tXn99G+pptxA+LvzqHpqUUz+mP8OJNevI25s/MRfHkvphE+nvriP5Z42Or5z6a+b8Iw2g01i+KGdmLyuc3kpp5iKI4/0YXEcv6j+OVhaPtxzXSh7LnN5KaU4jx69/hmbH2nssxPUtZ+GYu5kO5MLj1n4WINFa5Zxtr8sBvUgIvNMh7Uwat4tn3GuS9WkUnuzH/hUeIrf2bj4kN461friM1aRvpkx65Tu66da59I4jpW0hRUjoZdCc8KpLoupVN7iPJZc2aHMo8glnwk7p5yiOJGenDr15IZ8NOC6ZY47UvEhFpVkDcE7zYYx2vfpBDQZaZxCwziYCrrz+xcZOZOTYY4y12LWjvXAqluI56hBem157vRYXA71awJucUZivENtlf7XD8hqMsTy3GM2gwMVH+bR2UiIiIiMht0WkLwNu2Z/LRlh31hd8+vXsyclgoIyIG0sPYHaOPF9TABUsJZwovcODwCQ4eOcnJ02dZkbiFlO37mDl1HFHDB3XwkYiIiHwJ3mHMXBjGTGspuSf3Y951hNT9heRm7mVZ5iGin3iSRSavm2+nCS9iYhp3LQuYFIlp0zbMR3IoIhi/Y7mYq8EvPBjPUsvVnhNBfQjlKNknC2Hw1YtkfhPubFIgDZ44nOCt6aSm7WJe+GhcgexdRyjCl4S7rtO1jSDCQyDj+B5W7vBnzsj++HkYwOCPX11N40iOPbZRw2uLv7U8RhMzbBtmcy7mIgiur7wGEx/XmuJv3fZMzE/IIuvNXJa9s4tXFo5utlnD4i/WUiwVBjy9gEpbkx7bwQMHXh0W2rkXft5AeTAxoxt8jn18CSCXAkvtu97Kz0JEGjMfyKe5vOc5OoLo9/LJqMt7dSuGRdQXLABwDiN2lDupKfmYj0HMsHYKvDlFOWQVA8OCCbdZsJTUxdiHcD9IOp4LsTcY415EpBEDfqMe4IVRNsqKTpF98ChbMw6RdaqQrYmJbE2L5IUf1N181krtnkuNxIxueL7nT0AAUFiKxQLoVElEREREupBOWQBetzmN9UnbAa7bo/fceQsuzs4E9OlFQJ9eRJnshd6UHftI2b6Pk6fP8tc31vL1+6Zwz6ToJvsQERHpVNy9CB4cQ/DgGGZiw7L7Q55fmUvGus/JNTXo6dpiRgKuHdvO3d0+H1tt0bLyin38v6KUdSxJaWYTBWdpeCUtOKiZAqtxDPHD0ll+wMxWy2jivQ+RutMKw8Yx5bod1HyZ8s0HKHtnMxsSV5OeCLh7ETpqHAvui8TPAJUV9jl/XV2anuq41l2grG6w0N+X4FvsveJpSuCnU5fz/JZtLN0SyIJrG1RbyEreyMrP8im4dmTpZi40+vk3N+x1g7ib0drPQkQaslFpBTA0/TtzdrH/vuZmjeb+Tj09uwFWKqubrGpf5VbKAA6ksuRAatP1zoUUgOauFJFWMuDpF4JpUgimSfFgzWXNXxLZkLeXxD2xPDOq9d11bzWXGo3uwBXKylu7x2bOb0VEREREuqhOVwDed/B4ffF3YoyJxx+KB6D8ipVde49wNCePYzmnOXfe3velT++ehA8KJiS4L6aIgUwaZy8W//3t9ezKPMJ7a7fi79eDEUMHdtgxiYiItC0DxlF3MiUplw1FForg+gXg6qrrrLBQUAT0bbDIarUXQFwNuAKubvbTCKMphoSR3ZtuwrclZWd3YiaEsfLAUdIzi5nitZfUcgOxE+y9ga/LI4SZC7/DzGorZcX5mHeksnJrMj+z2PjrU6PrY6ussjV5af0FxVss+DYnIH4Gcw6uYs2mjawx2Wh4imXZsY6lmwpx9Q9mzoww/NwBLpOxPp2MNtp/23wWIl9VBlzdAWxNCw51ObI279UpKizm2sxaVnbF3rQNc8stcXexxzogggUTm7nxxsNfc1eKyJfnHsycKcFseCeXouKbdJ9t5nwMbj2X+vXyAorJPmWBAc3cMXi2mALAz7/XDQ9BRERERKQr61QF4JzcM/zpnx8C8PRTcxg5LBSA/Vk5rPn4c06ePlvf1s/XiLOzE2fPXeDsuQts255Jr54+TImNYtpdo/n24/cSUNuT+E///JCfP/sNQoL7NrtfERERh5SXylsH+zAnLqzp3GtnDpFRBIQEYP+27GXv8VBUTEE19cP0lWUeJavZjZeSnp7LnPuuXpSz7DRjBvwGh9iLB4NDMDnnYr4M4VGRNLr8ZrNRaWjhaUZ4JLG+R0n6LJnlXvnga2JK+I1eYKWo6Ap+fkZwdsfTL4SYWV4UHVjBmgL7Bb/guth27yc7PvDqMNDlu0g/APgGY2rLCohzIDMXxZH7m2QyzECDd6Os1N471zQjgZl1o66W7yJ9JdBWc9u11Wch8lVQnkNWIWA01v+tmIYFQmZ+k7xXtusQGTTIe3UOHCK1PPLq0KXlZpJ2W8E5ENNtm2HGgL2yW9vrrbk5xwH8wzD57qWgyIZxZCThDb8fqm1UYrjxDTYiIvWspK/dAHfOJsbv2nOJUtIz8wEDoQPsxd8APyNgoeBMIZhqC8LV+aRnXjsESq1bzKVGUxiha9PJTkoiY1RC4ylGqvNZszEX8CLadAvTezSndjSIssvXOQ4REREREQfUqa4G/uuDTwD41mOz6ou/f359DZkHsgF7j+Ahg4IJvSMAP1/75ZwLlstkn8hn7/5jpGcc4v3129ix6yD/veRxZk+bQFVVNRuT0/nXB5/wi/96tGMOTERE5BZk79lP6tZ0Urd6ETo4GFN4IH7ul8nNPEr6gWIszkbmPBhbW+AIJNrkxYatubz19yTKxvlD0VE2fJJrHyq0CSOe2R/y/GsRxI42Umk2syHTAl7BJMTVFkfcR5MQvxfzpnR+9rtTTBkfQbD3ZXIzc0g/ZMH0zaeZP7glRxJM/ERfktbmklEMwfeNvvGQ1ZadLHsxnYK+gcRGDiTUD4rMZjYUgufIAPuwpvWxmVn6h/NMGR9BgPU4qZ/nkF3tTsycybcwLPZNeEQy/+tHyXqz8XsaMMAfTyxkfPAGKy9EEWw9Tur2fAraqvgLbfhZiHRVVgqyDpFbmM/WTw+RDfhFh9feIAOuUZOZs20Va1ISeb7QZM97hw6ydU8xeIUwb2rjjGEMKGXN794g686hmNzP27dZCsEz4ohpy7/tRnyJHevLmg8LWfnqasriBxIQEIGpSS+5YGbODib1zaMsfeENYu4ciskPio4fJ313Pp4znuSnsc0PNS8i0kipmfS0HMwpr7CyfyCmQf0xBXWnsiifjIxDmAvBc2Q8CXXnGENrb0hLWs1y93GYvC+TvW0vW4ua3/wt51JjLPOnH+VXG3NZ9svlmCaGExPUHUveIVLT8imwQvD02SQEtdH7EGEi1iuH1LQNLHUdQ2yQP+FRIVx3thIREREREQfQaQrAKTvs8/ZOGjeCMZFDAPjFS69z9twFurm78fRTcxgyqD8AZeVWTuUVYjC44NerB6NHDmb0yMH4+/VgfdJ2Thec48+vr+Hpp+Zw/4xYDhw+wcnTZ0nZsa/JXMIiIiKOKnTWd3h5ZDpJmw6SfvwQa8yH7Cvc3Qk2xbDg/ljCva+2D57xEAtK17Iyw8xbx8C1bzAJz8SR9b/JzQxFbGTmojgK3tnMmndKqXQ24BdiYt78eEwNelkETF3Ai4FJrPzoEFvX5lMJuHr7Ypo5jTmt6AVnjDFhWr8NM4HEx9ykMGEcx6J5l1j+yVFSN+WzFexzAE+IY8H9pvqebQFTF/Ci30aWbzxK0tp8ADz7B5MwfwbxIbenQuNpSuCZSX/jpYbz8A6ezXOPrmbZhzlsXZuMq5cvsfNmYlq7mjVtuO+2+ixEuiZ3Cr5IZnkmYDAQPCGeZ2Y0KOo6BzLzB0/i9+EG1uw2k5hV284Uw6KEWEKvSRmephk847eDVxNTSbdS/3c9b9TtnWvbGPsQz1xczcq0HBLfySFgeiCmkU3beZoSePGH6SQm7iQ9KZX0anD18iJ4VBwLxqn4KyIt5DWaZ34TTMbWVJIy8snYlk967VD5nv7+TJk3jYRR/ldHFXAfzYLvWli+cj/pa5NJN3gROjGOxeGfs3SLpcnmv0wuDYh7khcHpJK4aT/mz9Ix2wBnA8agYBJmxRM/qA3Ls85hzP/uZMre/Rzz1lSyCGZRVAjRbbcHEREREZE251RTU1PT0UG0xK//+A4nT5/lF//1KAP69eHf6/7Dlm276WHszh+e/3Z9u12ZR/j72+vrn/cwdmfW1HFMHn/1ysjCxUsBeHbhAwwPDyFlxz5WJG5hQL8+6gUsIp3W3v05rWrfs7sbTk5O9T/ADR/T8DHgxHXaNfh9s2XXPm7J85stv57Wtvfw7DT3SLW5jLeXsiwzmEVLE3RhS0RERERERERERG678jJbR4fQpXSKxu5vdgAAIABJREFUq9vbdx3k5OmzjIkcwoB+fTh0NJct23YD8Mw3769vt652Tl8A3x7eVNfUcNFymXfe/4S+vX3rewg//dQc/vz6GtZ8/DmhdwQyadwINn6SzsnTZzlw+ATDhtxx246l/EoFry5fzbGcvGbXu7m5MjA4gBn3xBA+KJhW1is6zIlTZ/k0NQMvTw/ujR+Hp0e3jg5JRERERERERERERERE5CunyYxRjig9wz6k5eCB/QDYYz4KwNxZk+gfZB8aqPyKtb74u2TRQ/zuuW/xh+e/zRMPTwdgzabP67c3clgosWOHc/L0WXbtPQJAWO22Dx052Q5HBC4uzpgiQhg/emijn769e3Lk+CleXb6a1PR97RJLWyi+cIntuw6SYT5KRcXVuzT+seIjFi5eWv/ZdCbrk7azcPFS/rHio44ORURERERERERERERERKRFHL4HsK2qigOHTwAwaqR97t/8M+cBiBx+dUK74gslAPTu1aO+py/AnWOG8a8PPuFMYXGj7YaHDSD1i/0czclj4jgTI4eFsmP3QY6dyL+tx1PHzdWVe+PHExIc0GTdHvNR/rnyY5K27SZy+CC8u3u2S0xfRvSIMF5burijwxARkTYQ/fhiXuvoIERERERERERERETkljh8D+BLJWUAeHt54N3dA4CTp8/i6mqgb++e9e2cne1jJVfamo4RXllpq19fJ/QOe+H1WM5pAIL69mq0v44UHhZMUIAflkulFBVbOjocEREREREREREREREREekkHL4HcF1B1renDwBnz13girWCfoG9G7Xz69WDHsbuXLRc5vOdB7hzzDDAPi8wQOiAwMbtfY34+Ro5d97CufMWehq97fu73PEF4OupqYGsY7ms3vAZuXlnqamx93i+b/oExkSGN5ov+Nq21dU1GL29GB05hPumT8Cjmzs5uQX88e8fEBTgx0OzJ7Pm4885cvw0I4eG8vhD0/jTP+1zFS+aP5voEWH1275oucyLf1oFwM++/wg9jN0bbeuZBQ/wScru+vce7J/Dus1peHRz57++PZeeRu/6bXzn8Xv5ODkdc1YO1dXVDBwQyFOPTMe7uydrN6Xx+Rdmyq9U0MPYnUfuv5uo4WGNjrX8ipW1m9JIzzjE5dJy3NxcGWUK44FZE+nh072+3T9WfMTOvYf59mOzuHS5jI8//YKLlsu4ubkyYfRQ5s6aRDd3NzL2HWXZW+vqX7dz72F27j0M0OS9EBEREREREREREREREXEkDl8A9ujm1uxyg4tLo+euBhdmTR3HO+9/wpvvbuJfH3xCZeXV3sD3xo9vZhsNOkA7NVndYcyHcsjNK6RfgB99evvWL9+5N4s33t2Es7MzQwffgUc3Nw5nn2L5vzZSVGxhRlwMYC/+bvhkB+s2p+Hi4kzoHUH4+fqQm1fIp6l7sFy6zMJHZ9Vv9+y5Yv749/exVlTi092L6poaKisrv9Qx9A/szfjRQzly/DTniy/RP8iffgF+uLka6O7lUd/uUkkp//eP9+nZw5tRIwZzNCePYzl5/OX1tXh39yD/7HmGh4dwwXKZ4yfzeX3lxzy70KN+zuaycit/eX0NR3Py6N2rB8OG3MH5C5dI33OI47kF/PDbD9bfPFBn46dfcL7YwpDQ/tDfXij/T1omlbYqHntwKr49fRg/eiinC4o4lVdIL1+f+vmnr92WiIiIiIiIiIiIiIiIiCNx+AJwn9496ebuhqWktNHzktKmPXUnjx9J396+rNn0OWcKi/Hy7Ea/gN5MuTOS/kH+jdpesVZw5twFevcy0ruXkbPnLgDg007z7VZUVrI+aXujYmh1dQ05uWc4d/4i3dzdmBEXg6eHOwCn8s/x7pqt9PDpzrMLH6Cvv70wXFcA/c/nmYweOQR/vx4czs5l06df4OXZjaefmkPoHVd7P+efOQ9ONBoSu+RyOaNGDGb+1+Px6GbfX/mVii91fJHDBxE5fBD/WPER54svETV8UKMi/EXLZQBstiq+dvdY7o2fgJMTWC6V8oe/vkfemSKCg/z578Xz8fH2pKYGViQm8Vm6mT37jxE2sB81NbB642ccOX6amffEMHvanfXH9cUee7F8a1omc2dObBSb1VrBL/7rMXr3MgJwLCePV5d/yMHDJ7Fcuswd/fvw1CNfY33Sdk7lFTIwOICnHvnal3o/RERERERERERERERERNqDwxeAAQb068Ph7FONnp84dabZtkMG9ecnTz98022ezj8HwKAQe8/OuoKkj3f7FICrqqoxH8ppstzNzZU7xwxjVvx4ejXobXok+xQll8sYN3lUffEXwNPDnbsmjOS1f20k/0wR/n492LnnMNaKSiaNH9Go+AsQWDvXcUO9evrw0H131Rd/25N3dw9GjRhcP6Szj7cX/QJ6c/bcBUaNHFz/eTg5QURYMJ+lm+s/q8ulZRw+dgqjjxcTxgxrVNQ2RYQQHOTP8RP5WK2VuLu71q+7OzaqvvgLENCnF7172YcDt5SUqpeviIiIiIiIiIiIiIiIdFqdogAc2LcXh7NPscd8lChTWP3zTVt3Mn3KmFva5vZdBwEICwkCYN+h4wAMDu3XNkG3QMP5ZMvKraze+Bkp2/dRVV2N0cerUdu6gveWbbvZsm13s9vLP3ueiLABnCksBmDQHUEtiqNnD+8OKf4CuLq64uXZrf65U4PeyX0bDH8N4HLNsN/FF0u4VFJGWfkV/t+Lrze7fT9fI1esFY0KwHXzPddxdnbGzc312peKiIiIiIiIiIiIiIiIdDqdogAcNrAfWz/fy579x4gyhRFlCmPr53vZXFsATtmxj5Tt+zh5+uwNtzMktD/jxwylb29fUnbsY0C/PoyOHAxA5oHs+jYdwdPDnbkzJ5FXUMSO3YcY0K8PcROj69dXVVUD1M+l25zAPr2orqmhuqamXWLuaNXV1dTU1ODu5srw8BDc3Jr+c/by9MDV1aWZV4uIiIiIiIiIiIiIiIh0PZ2iADwmcggfbkxl+66DxE2MJiIsmKmTR7Fl224WLl7a4u0czj7VaCjpOV+7E49u7qTs2MfZcxfoYexO6IDAG2zh9vLo5sbdd0aSk1vAtu2ZjI4cgtHb3hO4X2Bvdu49TEj/vjyWMPWG2/Hz9eFYTh7HTuTV9zBuLYOLM26uzf/zOH/hEuXlV/Dw6Nbs+oZcXJxvaf8t4dvDBy/PblgrKrg3fjxB1ymM36rbGbuIiIiIiIiIiIiIiIjI7dApCsAAo0aEsWnrTlK27+OxhKk8NPsu9h08jrWikokxJiaPH9lk2ORrnTx9lpTt+0jZsY+Rw0IZHh4CQMr2fQBMjDHRrZvbbT+WGxk5LJSwkH5kHcslZfs+7o0fD4ApYiCfpGSQYT7KhDHDGs3tW1FRyfHcM4SFBOHi4szYqAh2ZR5h+66DjBoxuFHb/DPnMRic8ffrecM4XF0N+Pna58k9fjKfKFMYTk5gq6pi2/ZMyq9UtKgAHNDHPudwbl4htqoqDC5t1xvXx9uLYeF3sC0tk83/2cnjD8U32n5Lj/V6Avv0wsnJibNFF7lcWk53L4+2Cl1ERERERERERERERETktug0BeC4idH2AvCOfQT07cU9E6P59U+f4vd/eY/1Sdv5LN3MxBgTkcNCCQzwqy8EWq0VnC4oIm3nAVJ22Au9fXr35Omn5gDw9r+TOHn6LD2M3Zk8fmSHHV8dNzdX4u8azbETeaRs38eYyCH09felX0Bvpk8Zw4cfp/L7v7zLwAGB9O5lpORyOUeOn8bg4sIPv/MgA/r1IWJwMDHREaTtPMDLy/5NSHAAfr4+5OYVkn/mPONHD2X+Q9NuGsuYqCGkZxxiS8puThcU4ePtyYlTZ7hoKcVgaFkht65wnXkgm1//8R2Cg/y5OzaaHjcp1reEkxPMuHssOScL2L7rIAcOn2BIaH+cnZ3JyT3DufMX64+1bl7h1ggZEEBf/57knj7Lb1/5FwMHBDJ65GAihw/60rGLiIiIiIiIiIiIiIiI3A6dpgD85nub6x+/t2Yr99TOj/vj732d1HQzb/07ifVJ21mftB0XF2f8/Xrg5ORM/pmiRtuZOnkUD82+C7DP+/tZuhmAWVPH3bQHcXuJGBzM8PAQ9u4/Rmq6mbmzJuPkBFMnj2bggAA+2rKDozl5HMvJw83NlbCQIGZNHUdwUB8ADC4uPJ4QT/igYDYm7yD7RB5Hj5/G6O3F3bFR3Dd9QosKokNCg1nwjRkkrk/h4JGTuLg4YwoPYf5D0/jHOxtadCz9A3vzw+88yDvvf0JObgF5BUVEDhvUJgVgAN+ePiz57kMkf7aH1HQzuzKP2Jf38Gb2tAnETYy6peIvgNHbi2cXzuW9NVsxZ+WQnnGIPr17qgAsIiIiIiIiIiIiIiIiDsuppqampqODuJm/vrmOPeaj9DR2JzbGxPqk7QA8u/CB+mGcs0/ks33XQU4XnON0QRFWawUA3dzdGNCvD4F9exFlCiMiLBiAnXsP848VHwFwb/x4Zk+b0AFHJiLSdvbuz2lV+57d3XBycqr/AW74mIaPASeu067B75stu/ZxS57fbPn1tLa9h2enuUdKREREREREREREpFMrL7N1dAhdisNf3V7+r43sMR/FxcWZ+V+fxrAhdwCwPmk7r7y2mknjRjBp/AhC7whsNNdtwdlinJ2d6NO78fyvDecBBvj+N+9nxNCB7XdAIiIi7cxWVUWF1UaFzYbNVkV1dQ2d4P4vEXEATk5OODs7YTC44GYw4OZuqJ9qpatSzhSRL0N5U3lTRFrnq5g3RURE2oNDF4BXJG4hPeMQgX39yD9TRGrtcM11vwFSdtiLuWOjwhk6ZAB3jhkOQEAf3/o2JZfL2Z15mCPHT7Nz72EABvTrwzfm3kNIcN92PCIREZH2Y7VWUnbFis1WTTd3V7q5u2HwcsHF2anVPaJF5KuppqaGquoabLYqKittXLhYisHgjGc3d9zdXTs6vDalnCkibUF5U3lTRFrnq5Q3RURE2pPDDgH9xrubSNt5gF49fXh24QP87e2PyD9ThIuLM1VV1QwbcgdPPjKdtC8OkLbrAGcKi+tf28PYHaO3fY7Z4guXKCktr183oF8fJo0fwaRxI9r9mEREbicNAX1jX6UhoKuqqim5XE51dTWenu50c3fr6JBEpAu5Yq2grMyKs7Mz3t09cHFx7uiQvhTlTBG53ZQ3RURap6vlTRERaRkNAd22HLIA/No7G/hiTxbdvTz4/jfvZ+CAAArOnq8vAkeZwvjuE7MbvSbDfJSDh082mQO4zrAhdxATHcH40UPb81BERNqNCsA39lUpAF+xVnKppAwvz254ebp3dDgi0oWVllkpLbuCj7cn3Tpp7wzlTBFpT8qbIiKt0xXypoiItJwKwG3L4a5uf/zpF3yxJws3VwMLH53JwAEBHD9ZwD9WfMT5C5eIiY5gwTdmNHldtCmMaFNY/fOCs8VYKyrx8fbEx9tTc0eIiEiXV36lgsul5fQweuHm6nBf8SLSxXh5uuPq6oLlUik1NR54dOtcPcCUM0WkvSlvioi0TmfPmyIiIh3J4c7Y0zMOAfDUI19j6OABHDxyktfe2cDl0nImjRvBYwlTW7SdhnMAi4iIdHVXrJVcLi2np7E7BoNuehKR9uHmaqCnsTsXLJdxcnLqND0zlDNFpKMob4qItE5nzZsiIiIdzeEmUHB3s3+Jd/fyYHfmEf7y+houl5YzYcywFhd/RUREvkqqqqq5VFKG0cdLF+REpN0ZDC4Yfby4VFJGVVV1R4dzU8qZItLRlDdFRFqns+VNERERR+BwPYCjTGEcP1nAy8v+Xb9sbFQ4Tz48vQOjEhERcVwll8vx8uymofhEpMO4uRrw8uxGyWX70KCOTDlTpOuprq7GZqvCVlVNdXU1NTU11NTcvv05OYGTkxPOzs4YXJwxGFxwdm7d/fXKmyLSkdozb7ZFzoTOlTdFREQcgcOdvYf070v8XaPJPJCNweBCTHQEX7t7bEeHJSIi4pCs1kqqq6vx8nTv6FBE5CvOy9Od4gsVWK2VuDvo0HzKmSJdi81WRUWFDVtVVbvut6YGampqqK6uwmarAmslBhcX3NwMreohq7wpIu2tI/JmW+VM6Bx5U0RExFE41dTczvtiRUSkvezdn9Oq9j27u+Hk5FT/A9zwMQ0fA05cp12D3zdbdu3jljy/2fLraW17D0+Hu0eqWRcsl/Ho5kY3d7eODkVEhCvWCsqvVNDT2L2jQ2mWcqZI11BdXcMVa4W9kOBgDAYXurm74ezcsnNP5U0RaQ+OmjdbmzPB8fOmiIjcuvIyW0eH0KU43BzAIiIi0jK2qipstmpdkBMRh9HN3Q2brbrde+O1hHKmSNdQaauitKzc4YoYdWy18VW2MD7lTRG53Rw5b7Y2Z4Jj500RERFHogKwiIhIJ1VhtdFNw16JiIPp5u5KhdXx7tpVzhTp/CoqbZSXW2/r/L5toaYGysutVFS2LBcqb4rI7dIZ8mZrcyY4bt4UERFxJCoAi4iIdFIVNhuurp1jqGoR+epwdTVQYXO8C3LKmSKdW6WtiitXKjo6jFa5cqWiRb3alDdF5HbobHmzpTkTHDdvioiIOBIVgEVERDopm60Kg8Glo8MQEWnEYHBx2CEGlTNFOqfq6hquXLF2dBi35MoVK9XVN+56p7wpIm2ts+bNluRMcNy8KSIi4khUABYREemkqqtrcHF26ugwREQacXF2atGFu/amnCnSeV2xVjj08KU3UlNjj/9GlDdFpK111rzZkpwJjps3RUREHIkKwCIiIp1UTU0NTk66KCcijsXJyYkaB7ziqJwp0jnZbFWdvpfXzY5BeVNE2lJnz5stid9R86aIiIgjUQFYRERERERERBxSRUXXmOOxqxyHiDi+rpBvusIxiIiIdDQVgEVERERERETE4VRXV2Or6ry92BqyVVVRXV3d0WGISBfXVfKmcqaIiMiXpwKwiIiIiIiIiDiczjyEaXO62vGIiOPpSnmmKx2LiIhIR1ABWEREREREREQcjq2qa/X+6mrHIyKOpyvlma50LCIiIh1BBWARERERERERcThdbfjPrnY8IuJ4ulKe6UrHIiIi0hFUABYRERERERERh1NTU9PRIbSprnY8IuJ4ulKe6UrHIiIi0hFUABYRERERERERh9PVrv13teMREcfTlfJMVzoWERGRjqACsIiIiIiIiIiIiIiIiIhIF6ECsIiIiIiIiIiIiIiIiIhIF6ECsIiIiIiIiIiIiIiIiIhIF2Ho6ABERESk/SS//GM2F968nX/8Epbc43/7A2oRG3nbV/J+UhZ5pbbbFtv+d37M22emsWRJHI5y5CLSdVUW7SXx3R2knyqlzAY4GzAGBTIlbjLxJn9cW7MxcyIL37Qw5ycLmKkEJiJdko2i3Uks/+QouYU2KgHc3QkOj2DmjMlE+7Xu8lbG20tZVhDJCz+JI+C2xCsiIiIi0rFUABYREfkKmbzoOcZWN1hwMJFffVDIpG9/j8kNigYGd+92j+16bPtX8o8PswmaPI9nJw3At4NjK/zkZV5OKmT447/n8eGtfPHpNFallhA1cxrhjvMWi0g7KzMn8rM3c3EdbGLedyMJ93WHS4Wk70gl6e0VJA2azHPfHo1fRwcK5KatJuliGAkzTBg7OhgR+YoqJePtN1hmhvDJk1n8zRD83MFSYCZ1016WvXiI8IR5LB7n29GBAhbMG5NJ7zGaBROCOzoYEREREfkKUwFYRETkK8Tg5U2juqOXATDg4e2Nt4MWJM0Z+ykPf5CnZg53iBMX/0nf47kYGwaPW3jxxWPsySjE/24VgEW+unLZsC4XTHG88EQknnWLvY3Ezw0jPv4QG8xeDlH8BSg6lkN6gZGZM1ABWDq5Koqzd/P5vnNcaknz7r2JGTWKQb4utzswuZm8z0nMrCL60QUsivKqX2z0jmXe4FhmHkgmo4cjFH8BrOSac0gPCGPBhI6OReRLshVxbOd+0s+Utqi5T98I7hwzEF9H+E+biIiIOMR1VBEREZHrKKS4EOjr6TgnLW4eeLt1dBAi0mmV5JJdDKHTh18t/jbkHcFMFQ1E2l5xOm+uyCSvxS/IJSPbxv/7zgQcpbT4VWXJyaMIf+aYvJpdbxwWx5R2jknkq6B4+2aWJbfolhm7zFyO2h7mhxN73r6gREREpMUc5lqqiIiIOAhLCq/85iO49zmenXhNN9WKPbz+/Cp48H94anQJyS+/zOa+j/Bc9EleT/yCvFIbuPsSPvkRHrlnAI06ydqK2bN6BWv25lFuA0PPcOIeeYS4O5rvSls31LL9ydv8+McA/kxbsoQ4fyg/kULiumSyTpdjw4BHv3DiZicwqcH26ub1/d6Drmxbl0zWaQMTnn6OWTcYka/8RDKvr0om64INDB4ERc7hsQej8HWu2+jb/Pjtwvo4KEzm5Zc34z/vOcbmvU3i5ycpaXJ8+3n7x2+zv3YTm1/+MZsBRjzO7x8dDuUnSflgDckHa98bryDC757J/XcOwtu5uShFpNPy7oWfM5jN+ykbFdl8EfgalmPJvPXefszFNjAYCI6ezKKESPxulB+qLWQlb+StrfkUWcHVy5eY++9jflTjUlZl0V5WvrON9FP2OTVdff2JnT6NBLdtfPfN3NpWe3l+8V4Aop9YzCLTrRy4SAfzHcyIvpnknWn5S4IiQlX8dQDGnkbgFBnmUmKimi8CN9LC/NeErZD0DzawMqOYMhu4+gYyc95sZoY03mejnAx49g9m5qx4TDmJPL/JYm9UmMTCxUmAUfOzS6flGxFC0NZM8qpv3hYAZx9GDFHxV0RExFG4/PKXv/xlRwchIiJf3pnCi61q7+HmgpOTU/0PcMPHNHwMOHGddg1+32zZtY9b8vxmy6+nte1dXR2/6lZadoXuXt2+3EYKM9mSWcqgCRMYWHdtq1sQ7nnJpB2EoRMH49OgeUnav1mdG8HsR0bi51RKTloa2Rfy2X/Ui0mPPc7cabGYvApI3byBFEsIU4bWXmirLiT5T79nTdEg5jz5BHOnxTK4Zj/r3/0PpUNiGdzMuKJe/aIYd+dgOLCbkyEP8tx35jJ58jgG9XDF+dgaXnotmbLQOTzx+Fymxw6j59ntrPkoldIBkwnvVXt4+7aQWZDP/owifMdMZUrMWEyhvng08/HWtc06aGPQ7G/w+OwpmHoVsSf5U3ZXDiV2sE/z71lpDmlp2Zw5voeTxknM+8Zcpo+5g+oTaXyafAq/SVEEuPgyeNwEJvYuJOVQNZO+vYTHZ0xm8vAA3F1LSXvtZdY1eG+G+ZdyOOlj8vtOYaijjAMr0gptkp/amOPE1JsAp4MkpR0ieW8eGHvSr4c3rte5NbfMnMgvlp/Ae9wUFj0xhdmRRnL/k8xbh924Z1QgrgCFB1m/10p4bDSDvQBKyVjxFq/udSP267NZNGccY3rns2nVVg72GElMUO0wBmeS+e0ftpPdexhPPTGbh6cNIaSmgNSN2XjfN4t5kyMJOJdBZo2JxT+ezdy7ookO6EYn+IqULsJaUdmGW/NkYGQg1UcOc/zyzVsHTZ7NM3cF0Nb/3N3dXZtd7jg56iqHicnPiMvBfWz9fBe7zpZj9OuDX3c3XJo9vW9Z/ivI3M6uy32ZEjvQPj1KdT4bXvkXK4v6Mu+pe3nsayMZVnOU91bu4nL4aIb1sG/dnpMPYx06gWeeiGfOxDvwu3CEDZ9dYszDM5g9MRD2HyY7JJaXvxdP/F0jCe9xvVhF2l6b5k3P/owZcoVDGYWU1NykrbMP93zrYab1aduseb2cCQ6Uo0REpM3YKlt615G0hHoAi4iIyDUMRMVPYvP/7WFP7iyC6nvL5rEtNQ/fsQ8S3vD/9RZ/7v7vRxhb2/HWe+Lj/IBX+NX6DaTc8yyTjFDy+So2nwnnwYbt7vkWT5W/xF8+3cP0J6KanpS4eeDt5oOHC2DwxLt+kuISUj5Oo2Twg/zPw2Nrexl7M/bhZ6Hsv3n/4xTiwiZdneu43IMxTy+5Ya/feuW+TP7ht5hUW5D2jnmcaYd/zKqjWRQTdONeQBEJLHkovPbJcGY9kMf+/00m6xhEDbXPs9z8nMsnOXYCwh9OYGyw/V3wjpzFt0bMos2vOouIQwiY+gQv+iaxfNNR1ry5ijXYe6iFjx3KzImjCDXWZsTqQyS+l4vnpAQW1yUx70gW/MBG2fO72JA3moSgZnaQlcxbmQbin3mMhAH2RcZRD/Bc1Sqe3fI5uWPjCaaYpHf3kusXyQuL4giwtyJ6agLRU+w9jQE8DYCzC0Zvo+YAls7PEMTXnriLs6/+B3PZ9Zt5DLuLRVOCdMHEUTgHMvOZx/Bbu5k1u/eyLNM+IoFn/0Bix40jfnQIdWmzZfmvKUvqZtYUBDL/hQeIrT1XNU59jGfK/sZLybuY89RoXGtzMiPjeWGeyX4DDkZi54YQY7PhajCAuxFPZ8DgidFbWVM6P0PfiSxKuMBv3suj/Lqt3DEl3M/X+mrOdBEREUfS6S8rHs4+xZHs0xzJPk1ZubWjwxEREekaAiczoV8JO3dkXV2WtZ2dlnDuvvuaasPg4URfM4qzd+QYBpDHsaM2oASzOa/ZdgNCB0BONidaE1uJGfNpCB8R3XiIaTyIHhEOp49xqKLB4l5RjG1J8RfAfzjh11yrCwr0BxvYbvLS0KHhjRf0DSIQuPnNi/4E+UNWykfszy/HVte+05+licj1GfAbNYOf/r9nee23T/LTp2KYMtBA7mepvPTC31hmLrU3O3aUjHJ3oiOvSWIeAwkNKCU7x9Ls1rPMOZQZBxI9oPFyz4GBBBfnkV0ClBwk4xSE3jm6tvjbMDyVvaQL6xbBE08MJ+h637N9h/P9uRE0P0GFdBiDPzFzH+PF3y7mr//vAZ65z0S4wcLWxNUseSGRjNrKVIvyXxMWMvYVw+AwYq754EMH+cPxfLKhNicbiB5XV/y9ylV5U7owj4jZfH86HYbYAAAgAElEQVSKz3XXB02ZyRMRLZnUQkRERNpTpzxDLSu3sj5pO2k79zcp+k4YM4x7JkbTP0gTrIiIiNw6bybEhvPRv9PYMyecKDcbe3Z8AdFP1ffgrefm2fSEwtsHb6DwYjEA5WXAiff5+Y/fb2Zfw7nSmtDKyykHvLs1PY0xdDMAhZRcBOpOBVwc/XTHn7jvfQ9WJZL45zTKbfb5jCfdM4u4oZp5UKTjFbLhdytYU9hwWYM5HQuTef53eylouNo/khd+Ete0sNocd19Ch8USOiyWhOpiUv+5grfe3oz5Dw9gslopw0rSq0tJaualAde5Abas3AYWMy8tNjez1khZOYCVMiDA2EY91MyJLKyfM7jWyHhee9w+YXDG20tZltl4teYTlg7jf50ebZ5BPPHERNp4BNOvnpvlxZvki5tx9Q3BNCkE0ySgOJ1X/zeVZR8e4rV5ES3Lf97XLrdSVgrkbOO7i7c187pgygCsVsrwwq9Hi8K8qRvnxZt894i0sz6T7+eJwnd580Djcw+PYXexaHKfDopKREREbsTRr4g2cSqvkJeX/fu6vX3Tdh4gbecBnnx4OhPGDGvn6ERERLoOQ+QExq59nZT0EqJG7CHloC9jfhDetGFFGTauOakouUQJ4NvDFyjHwxMY+iDPzY1obk+t62Xj4YEHYLvSZK+1y3zxbqMLc+3GYwBxTy0hDrCV5pH1nw0kvvkSJx/+LU9Fd7rTNZEuxp/4pxcQ26g3vwHPunnT/WL56S9H02jGPedutzZcsrMvsaMDeSurmNwiMLm744kXsYseIb6Za6uubs3vxdPDAH4RLH46ppkidG3spe54AhaLBdpicOeIGbz8y2vGSjB41T80JSzg5fsbr3ZVF0vpQB4Rs/n+1xL508dF9iKwpx8PPDEbk6aT/PJulhdvki9axTeGmEGpmM8UUkREy/JfE+725cNieTmhmXNdDHgCuLvjSSlFDW80/BJunBdv8t0j0u48Mc2dyQNlG1idY78m6xEySiMmiIiIOLBOdUXxfPGl+uKvRzd37pkUzZ1jhtPL14eycit79x9j3eY0zl+4xBvvbsLDw52o4YM6OmwREZHOyTmc8WN9eSV1G2mX9pPXbwJPBTbT7sh+MsrHNuoZXLJvDycJYlaYAfDGZApizSe55HmNbTx/8K3wNmHqt4aP9mVQPnpsgwsO5WTsy4J+s4hw+5L7uF3cPfGgnPJGXZ5t2GyG+hFXDV5BDJ85h7OHXmbzkWMQ3dyFSBFpT65eN5j/1tkdT2/3VmytkIwdpYSPC6G5wRLNR/LBI4RQP8A3jGiPo2TlV5EwqOUjAoSbQvDckUdutbHJsPb1vIcS3T+dxF1mLLGxjY+vmvph6D09DGCt4gbTpdoZvDA26VV3lauH5hAWx9MnJoHvV7zLn7bDXU8kcKd6VraNm+XFm+SLJgrNpJYOJDakmepn9SGyjoHnyED8AL+W5L8mjESP8GVl0llyvWIwXe9cdZA9J2fsOcT8wdfc1FifN2uLyVYrldBkqOiGbpYXb/jdI9IRnPtw52MzKX99Lf9hON9/bKxGTBAREXFgnepr+vV3P64v/v7ouw8xe9oEevna56Dw9HBnwphhPL/4cfoH9gbgzXc3aV5gERGRLyEodgJBF1JYs62Y8NgJTUfMAzAW8umrq/git5iSkmJOpq/iL+tP4hE9jQm1V62875zJBMMXvP2/75NyNI+SkhJK8o+R8uFf+NXbe246v25j3kz62gS8j7zPK+9+wcnzJZScP8kX777C+0e8mfC1Sc3H6QhCIzF5lZCyeg3780soKbVB/iZefv5l3v8sy34sJcWc/OwjUgohfHDtjWxZa/jVb37FPz4vbv45Waz5za/41WtpFDe7YxFxGEVHSPpwNUteWMHKFDPZRRYsJRaKTu5lw9vLWfaFC9FfjyMcwDmCOTP8KVi/kqUf7a1tW0j2nmSW/W45iXnX2Ud4LHMGFZP4xxUk7smhqMSCpSiH9C2JPP+7JOwDr/oSPyMCY146zy9LIiPPgqUkn6yU1Tz/i1Wk1/43KnxkCJ4WMys/MJNbYqFM/72SLqbPxIf59Y8f5h4Vfx1WUdYuVv75byz580aSDtTmtLpc+IeNpDoHM39WmL1xi/JfU8bYWKYYjrLsD6tJOpKPpcSCJe8oSR+8wZI3d9l7M9fm5MovNvKzlen2nFyUQ/pHK1hSv20j0ZG+kLWDZSn2/Ze17kRXxLE59+GeBd/i1wsmqPgrIiLi4DpND+BTeYUcyT4NwJOPTL/uHL+eHu5878k5/M/Stykrt5K2cz/3TBrVnqGKiIh0HcYJjA//iPdPjWVS5HVOG/pP43vReby94mXet9jA3Zfwe75Fwt2Drp5oOA9izs9+yoDVK/jo7Vf4yAoYPAgaGscj90e1/oQkbA5LvuNL4roN/P1372PDPm/unGfmMaG5XsqOwnkQcxbO4tJbm3j7/9LAfxpLlkznWw/aWPXpKv6+vtw+nLZXEOH3P8u8uuGfbZcosZTgUW5r/jk2LllKKHEvb2UxXUTanV8sP/3NYDK2bmPDfz4lda3NXlgwGAjoH8a8H04mNuhqLzfjhMd40T+Ztz7YxtKtyfYeZb7+xE6fzZyg6+3ElynfXkBA8kZWfriapFLA2YDfgDDmfPNuguuaDZ7BC9/14a21u1n+v2YqAU9/f2LmTiPa/WqbxfclsmxTEr9Kg4Dpj/HCVFXKRKT9+E16kleGmknauIuk9w6RWGpf7urlRfDIWJ6bEUNw/ZAwLcx/13IOY94vHiP0gw0kvrmKRCtgMBA8bBQL5o6u78lrnPAYL3hsZPnGHbz0Yio4GzAGBRKfEFO/beOEB3jm7GqWb1jNz9ZqvnMRERER6RhONTU1NR0dREus25zG+qTt9Orpw0u/WHjT9m+8u4m0nQcYHNqPH3336+0QoYhIx9q7P6dV7Xt2d8PJyan+B7jhYxo+Bpy4TrsGv2+27NrHLXl+s+XX09r2Hp6Of4/U2XMX6dP7Nk92W53F+//zOnn3PMezE6/tV1tI8ssvs7nv4/z+0eG3Nw4R6VTaJT+1kiPGJCI3dqnkpoOPdzo+3s0N/u6YOcoRYxKRG+tqefN6OROUo0REuqJyDZ3SpjrNYB3nL1wCYMig/i1qH1k79+/p/HO3LSYREZGurmR7Ml9Yw5kU47CDKouIiIiIiIiIiIhIA52mAFw3l69HN/ebtLTz9HBv9DoRERFppeqTbEs5iUf0BKLcOjoYEREREREREREREWkJxx/fslb/wN7s3X+MI8dPt6j94WOnABgc2u92htVq5VcqeHX5avIKivivb88lJDjghu0tl0r5w1/fo9JWxc++/wg9jN3bJI71SdtZtzmNMZFD+NZjs255O9XVNXyxJ4v1Sds5d/4iHt3c+eF3HmRAvz5tEqeIiHQg5wHM+tnvuf63hD9xS35PXDuGJCIiIiIiIiIiIiI31ml6APcP8gfgVF4h54sv3bR92s4D9tcF+t/WuG5V+RUrmz7dSVVV9Q3bpezYx9lzF9opqtbbtPULXl/1MRcvXWbYkDsYEzm4vve1iIiIiIiIiIiIiIiIiLSvTtMDOGr4IHr19OH8hUv85c21LFn00HULjW+8u6l+zuCpk0a1Z5itcuDwCY7mnCZ8UHCz688UFpOyfV87R9VyJZfL2L7rIG6uBp7+5pzrHoeIiIiIiIiIiIiIiIiItI9O0wMY4MlHpgP2XsAvL/s3h7NPNVpfVm7ljXc31ff+jZsYTS9fn3aPs6WsFZVs+nQnFRWVTdbV1EBqupmLly53QGQtc6mkjNKycry8POjb27ejwxEREREREZEuxMmpoyNoW13teETE8XSlPNOVjkVERKQjdJoewABDQvvz5MPTeePdTfYi8F//TS9fH/x6GgEaFYQnjBnGw3OmdFSoN2X08aJvb1+yjuWSeSCbMVHhjdafLjhH2q6DhN4RSEWljdKyKwBcLi3nj//4gLyCcyyaP5uRw0Ibva6s3Mof/55Iwdlinl34AGEDWz4Hct28wLOnTaB/YG8S16dw7vxFXFycMYWHMG9uHD18unPRcpkX/7SK4gt1Q3GX86MX/g7QaE7h8xcusfbjz8k8mE1ZuRU3N1fCQoJ48N5J9AvofYvvnIiIiIiIiHwVODk5UVNT09FhtBknVTNE5DbrSnlTOVNEROTL6VQF4MPZp9i7/1ijZeeLLzWaE9ijmzuzp43nntqhn08XnOPQ0VyOn8gn+0Q+ODkxKCSIAf360C/Aj2FD7mjXY6jj4uLCtCljyH/3PJ9+vpfhEQPx6OYGQFVVNUn/sfcMnjZlDEn/2VVfAO7u5UFMVDiJp8+StvMAw8NDcHG52pH76PHTnMo/x8ihoQwcEHhLse3ae5gt23YRekcgA/r5czj7FHv2H6Os3Mr3npqDm5uBaFMYZ88Vc/DISQwuLgwPD8HNzcDA4AAAjp8s4M+vr+H/s3fn8VHV9/7HX5OZzGSyZ0ICSZgESEKQsIQAYhARQcFWEbWKtS3eurW32lZbvT971V8Xb2u9v6vdrHZxa/ValXqrYF3AiyKyiEAIS4RAwpIhAbLvk0kmmd8fSYaELYQsMxnez8cjj0zO+Z5zPmf4+gXznu/5NjQ6SRwVy9TMVMora9mz/zC//N1rfHPpwlNCbxEREREREZEuQUFBtLe3+bqMARMUNKwewiYiw1AgjZsaM0VERPpnWATAlVV1vLHiY7afFP6OTx3NCFsUsTEdj3m2J8WTkWr3rg28aesX/O0fa2h2tfQ4bsv2vWzZvhfomCl8+1evHoK7OFVSwghmz5jI6k+2sW1HAXNmTQaguOQ4O/IPMG1yGuPHjWb12q09jsualMb/rsvlYPExKqvriB8RDXQEx12Pv549M7NHMNwXdQ1N3Hf3V0gd0xEgl1fW8Ks/vklxyXFKj1WQOiaRW5bM42DxUQoPlmK1Wvjq9VcQHRUOQEtLKytXbaSh0cl1i2ZzzZWXeB/b8vn2vbz0+ge88+EmxqfZiYoIO68aRUREREREJLCZjEG43YERZEDH/YiIDKZAGjc1ZoqIiPSP3wfAXev9NjldANgT47hy7nSyJqV5g97T+dUf/86e/cUALF6YQ0K8jeTRI4mODOPI0QqOHC1n3We72Lgln2079vHDf72ZcSkJQ3JPXYIMBq64dBq5uwpZ/clWJk8cR1hoCO+t+RyTycjCeTNxu9uoqe25DnBcbDSTJozh0827yNtdyMJ5MwA4VlbF/oNHsCfG9enRzyfLnpzuDX8BbNGRJCWMYEd+EbV1jb0ef7SsioPFx4gfEc1lsyb3WLMjKzOVtDFJFBQ5OHj4KFmT0s67ThEREREREQlcJpMRXK2+LmPAmExGX5cgIgEukMZNjZkiIiL949cfpeoe/lpDLNyyZB4/fuA2Zs/MPGv4+9P/+it79hczKt7Gfzx0O9ctms3MaRPYtecAL/ztfczBJi7Pmcr//cE3mDRhDK6WVn75u7/R1tY+hHfXIdYWyYLLpnGsrJrN2/awZ18xu/ceZPaMiYxOiMPj8dB+0todBgPkzJiIxRzMlry93nA8v+AQ9Q1OZmZNOOv705uumbxdjMYgzMHn/lmB6pp6nM0uIsJDMZuDe+wzm4OJCLfi8XhwlJafd40iIiIiIiIS2IKCgjAZAyMAMBmNepypiAy6QBk3NWaKiIj0n9/+Tdo9/I2NieTf7lnqXdf3bN5bs5mSYxVYQyz8x0O3Myre5t33xoq1bN9d2ONR0vfd/RVmz8zs3P/xwN/IOZiVfRH2pHg+/GQby1euJSYqgisundZj5uzJUkaPZGxyAo7Scg4cLqXJ6WJL3l5ioiJ8Pqu2vd2D56TQWkRERERERKSvzGa/f3DZOQmU+xAR/xcI400g3IOIiIiv+W0A/NLrH3hn/v74gduwJ8X3ekxbWzvrN+8C4JYl807Zv+CybManjmbaSQHp125cQKwtko835JFfcGhgbqDXWttoae14JEt4mJWr582gvrGJ4+XVLLhsGrG2yLMebzYHkzNjIu3tHnJ37mf/gSM4SsuZNGEMcbHRQ3ELZxRriyTUGkJ9QxMtLT0fO9PS0kp9gxODwYA9Mc5HFYqIBAaDwaAP3IiI3/F4PBjO9klGH9GYKTI8mUzGYf8Y0N7uQeOmiAyk4T5unkv9/jpuioiI+BO/DIBXrtrofTzwvXcsOefHGe/IL6K8spZpk9O49OJJp+z/6vVX8G/33HJKmGwxB7PgsmwANufu6Wf156alxU1jU7P352lT0rk4awJpY5OYkZVxTufIzBhD/IhodnxRxFvvrcdkNJIzY+JZZw4PhYR4G2OTR1FWUcOnm3fR/f8X8/KLKDxUwqj4GMYO8ZrLIiKBJijIQFu7fiknIv6lrd1DUJD//UJOY6bI8BViMfv8/3PPl8HQUf/ZaNwUkYE2XMfNcxkzwX/HTREREX/id8/TaHK6WPNpLtAxYzcj1X7Ox360fjsAoxN6ziytrKpj5eqN5O0uJNYWxYPfWXpKqDx+3GgANm39gjtu/VJ/buG8mIxG7vha364bFRnGtMnpfPDR59TVNzEhLZmU0SMHqcJzZzYHc92i2RSXlLFy1Ua27iggOSme8spaDhwuxWQysfiqHKIiwnxdqojIsGYyGXG72zAZ/fLzXCJygXK72/xy1onGTJHhKyjIQEiIBafT5etS+iwkxNJrSKFxU0QG2nAdN89lzAT/HTdFRET8id/9Kz5vdyFNnf84uW7R7PM6R+KoET1+rqiuZfbMTJqcLhwlZThKy045JmX0SGKiws/rer50cVYG4WFWDAYDOTMmYjYH+7okAMalJPDI/V/nkuyLqK6pZ9PWLyguKeOi9BT+/fu3MnPaBF+XKCIy7JlNJlpb3b4uQ0Skh9ZWN2aT333OVGOmyDAXbDISEtL7rDB/EhJiJvgcAgqNmyIyGIbbuHmuYyb477gpIiLiT/zub8rtuwsBmD0z85wf/Xwyt7vn/6Cc6yzioKDBz8OtIWYe+u5Xz7l9dFQ4//no3b22ix8RTWbGmHM+7+KFOSxemNPrti7fWnYt31p2bY9tY5MT+N0vvnvGa8TGRPZ5VrOIiJw7s8VEdU0jEeFWX5ciIuLV7GolJtr/nvSiMVNk+DMHmzAYDDQ3u/DnpWkNho5ZbOcaZGjcFJHBMhzGzb6OmeC/46aIiIg/8bsZwAWFDuDcQ9vuoiI7/uIvPFjS52OPHq+ksrqO8LDh9T82n+cV0NDoZNrkdO/9i4jIhcFkNGIyBdHsavF1KSIiADS7WjCZgjAZ/e+RfBozRQJDsMlIWKjVbx/9aeqs79zDX42bIjK4/Hnc7OuYCf49boqIiPgTvwuAnc0dj3+2nsfs3+lTxgNQeLD0lH2VVXXe16cLl7uOyZ6c3ufr+kptXSPbd+0nJiqCy2ZN9nU5IiLiA6EhFpqahte6TiISuJqaXISGnN9TfIaCxkyRwBAUZCDUaiHUavGbAMBkNHprOpf1K7to3BSRoeBv4+b5jpng/+OmiIiIv/C7R0CPTx3NvqIj/OX1D1iTGH/Ox2Wk2VkwZxox0RGUHKvg4w15XHFplnd/RXWt93VlVR1NzmbsSSfOvzl3DwBZk9IG4C6GxtYdBZRV1DDn4knExUb7uhwREfEBiyUYZ3MLjU0uwkL1P8Ei4juNTS6CgoKwWIJ9XcoZacwUCSwmkxGTyUh7eztudxvutnba29vxeDyD+qhTgwEMBgNBQUGYjEGYTMbzWlJK46aIDDVfjJsDNWbC8Bg3RURE/IXB4/GvFSAcJWX817PLvTOB++K5px5g9dqt/P2dTzAag/jj//tBj/2PPfUyjtJyYmMiueX6K5jWGfa++j//y9qNO7h42gTu/sY1A3IfIiJDLW/3wT61jwk3YzAYvF/AWV/T/TVg4Aztun3vbdvJr8/l5962n0lf21tD/e4zUmfU1tZOZXU90VFhmIOHT90iEjhaWt3U1DYSGxOB0eh3DxnqQWOmiPgDjZsiIn0znMZNERE5P84mt69LCCh+FwBDxwzdDVt29+mYEbYoZs/MxO1u45dPv0bxkeOMS0ngvrtuJDQ0pMe5Y22R3p//+sYq1n/eca2H7/saY5MTBuYmRESGmALgswvkABig2dVKfUMTMVHhfrm2k4gELre7jeraBiLCQwkZJrMxNGaKiC9p3BQR6ZvhOG6KiEjfKQAeWH4ZAPfX0eOV/PHlf1J6rAKAr3/lSsYmj8IWHYk1xEx1bT21dY0sX/kJB4uPAvDt2xYzY+p4X5YtItIvCoDPLtADYABncwsNjU6iIjU7Q0SGRkurm9q6RsLDrFhDzL4up080ZoqIL2jcFBHpm+E8boqISN8oAB5YARkAQ0cIvHzlWnbvPXTWdkmjRnDtwhyFvyIy7CkAPrsLIQCGjtkZdfVNhIWGaJ02ERlUjU0uGpuaiYwYvjMxNGaKyFDSuCki0jeBMG6KiMi5UwA8sAI2AO6yaesXfLJpB0eOVuBytQBgMhpJTIhl+pTxLLgsG4tZ/4AQkeFPAfDZXSgBMHSs01bf4KS9vZ3QUAshFn1KWkQGTrOrhaYmF0FBQUSEW4f9GmwaM0VksGncFBHpm0AbN0VE5NwoAB5YAR8Ad3f0eCUA8SOiMRq1Zo2IBBYFwGd3IQXAXVyuVpqaXbjd7YRYggkONmEyGTEGGfr8fojIhcnj8dDW7sHtbqO11U2zqxWTKYjQEAuWAJuFoTFTRAaCxk2NmyLSNxfSuCkiImenAHhgXVABsIhIIFMAfHYXYgDcxd3WRovLTYvbjdvdRnu7B/31LyLnwmAwEBRkwGQyYjaZMFtMmAL8g5QaM0WkPzRuatwUkb65EMdNERE5PQXAAytwfrstIiIip2UyGjGFGglF67SJiPRGY6aISN9o3BQRERER8T9aQEFEREREREREREREREREJEAoABYRERERERERERERERERCRAKgEVEREREREREREREREREAoQCYBERERERERERERERERGRAKEAWEREREREREREREREREQkQCgAFhEREREREREREREREREJEAqARUREREREREREREREREQChAJgEREREREREREREREREZEAoQBYRERERERERERERERERCRAKAAWEREREREREREREREREQkQCoBFRERERERERERERERERAKEAmARERERERERERERERERkQChAFhEREREREREREREREREJEAoABYRERERERERERERERERCRAKgEVEREREREREREREREREAoQCYBERERERERERERERERGRAKEAWEREREREREREREREREQkQCgAFhEREREREREREREREREJEAqARUREREREREREREREREQChAJgEREREREREREREREREZEAoQBYRERERERERERERERERCRAKAAWEREREREREREREREREQkQJl8X0F878os4WlbF0eOVOErLcZSUYU+Kx54YR8LIWBLibUzNTPV1mSIiIiIiIiIiIiIiIiIig27YBsDVNfX8dflq8gsOnbLPUVKGo6TM+3Nmxhj+ZelCYqIjhrJEEREREREREREREREREZEhZfB4PB5fF9FXm7Z+wYuvvQ/AGPsocmZMJH5ENPEjYogfEU1ZRQ1lFdWUVdSwaesXHHIcA+COW79EzoyJvixdRGTQ5O0+2Kf2MeFmDAaD9ws462u6vwYMnKFdt++9bTv59bn83Nv2M+lre2vosP2MlIiIiIiIiIiIiMiw4mxy+7qEgDLsfrtddKjUG/7OmJrBt2+71rvP3dZGQaGD1LGJxI+IBmD+nGn86eV/snVHAS++9j7xI6JJHZPok9pFRERERERERERERERERAbTsJsB/N2Hn8blauG7d1zvXdu3vLKGN1as5Yt9h2ltdRMcbGLi+BRuWTKPuNiOIHhHfhG/f/FtLBYzv3/8e768BRGRQaEZwGenGcAiIiIiIiIiIiIi/kkzgAdWkK8L6Iu33luPy9XClxfM8oa/VdV1PPz4C+zILyLEHExGqp0QczA78ot4+PEXqKquA2BqZipfXjALl6uFt95b78vbEBEREREREREREREREREZFMMmAM4vOMR7azYzKt7GtVdd4t3+6v+sAWDG1PH86rF7ePCepfzqsXuYMXV8j/0A1151CaPibby3ZjP5BYeG9gZERERERERERERERERERAbZsAmAiw6VAjBn1mSCgzsey1ld28DOPQeYOD6Fb9+2uEf7b9+2mInjU9i55wDVtQ0ABAebmDNrco/ziYiIiIiIiIiIiIiIiIgEimETAB84fBQAe2Kcd1vX450TR4047TFd27vadT++63wiIiIiIiIiIiIiIiIiIoHC5OsCzlXR4Y4Zu2ljEr3bRsbHAFBX33jaY7q2d7XrfnzX+Yaas7mF3z3/DwoPlpx2f1REGNlT0lm8MIeI8NBBrMPFig82sjl3Dw2NTsaPG83377oRiyV40K4pIiIiIiIiIiIiIiIiIoNrWATAh48cp7m5heSkeMzmEwFleKiVcSkJfL59L9Mmp3vX/QXYumMfn2/fy7iUBMJDrd7tZnMwyUnxFJeUcfjIcVJGjxzSe+kuI9WOLSbC+7Pb3cb+gyV8vCGP/IJD3P+tm4iLjRrw6zqbW3jmxRUUFDmIjgpnZlYGSaNGEBRkGPBriYiIiIiIiIiIiIiIiMjQGRYBcGREGABVNfWn7Js3O4sDh4/yp5ff4bPMVG+4uyO/yLv/ZF3n6Tqvr8yfM43sKek9trnb2nh5+Wo2bf2C99dsZtnNCzEMcC5bdKiEwkMlJI8eyQ++9RXCw6y9HyQiIiIiIiIiIiIiIiIifm9YrAEcExVOXGw0DY1ODh853mPfGPtIJl80FoAd+UW8s3qTN/ydfNFYxth7zvA9fOQ4DY1O4mKjiYkKH5ob6AOT0cjlOVOxhpgpOVZBs8s14Nc4Xl5NW1s7I0dEK3P8dbsAACAASURBVPwVERERERERERERERERCSDDYgYwwLiUBMora9h/oMT72OZdew7y5j/XUXqsAuh4pPL41NHsKzpCQZGDXXsOUlldz03XzvWGxPsPlHjP568iwq2YzcHU1TfR0uLGGmLB44G9hcX8491PKS45jscDcbHRLLl6NjOzJnhnCR8sPsqv//Q/JCWMYOl1l/P2+xvYd+AIUyemMjMrgz++/I73OlvyCtiSVwDAd/7lOrKnpHuv89Z763GUluF2txEVEcaMrAyWXD0ba4jFe/w7qzexctVGrls0m5FxMaz4YCPllTXc/fUvkz5uNL98+jUA/vW2xby/ZjO79h6kvb2dcSmJ3HHr1USEh7Lig41s+HwXzuYWoqPCufWG+UyblO69n/Z2DzvyC/lofR4Hio/S0tKKyWRkQpqdr924gLjY6NPWY0+M4+/vrKO8sgajMYjJE8byta8sIDqyZ+h/8lrIJpMRe2I8N3x5DhPSkjEYOOf3XkRkKBwvr/F1CSIiIiIiIiIiIjKMjYyL7r2RDGvDJgCefNFYNufu4dPNu7hybjb1DU7+8sYH1NU3MfeSKczNmdJjPd/DR46zbtNO1n22k7+88QE/ffCbRIRb+XTzLu/5/NXR41U0NDpJTUkkxGIGYEveXl56/QOCgoKYOH4M1hAzBUUOnn/1PSqqavnyglk9znG8vIpf/+lNXC2tRIaH0e7xEBEeSs6MiRw5WoGjpIxYWyTjx40GwBYTiccD73+0mRUfbCAoKIgJaXbCQq0cOFzKmk9z+WLfIb53542nrEu8YctuqqrrCQ42ERMVTl1Dk3dfXX0jv/nzm8RERzB9ynj2Hyyh8GAJz7y4gohwK6XHK5k0YSzVtQ0cOFzKi397n/vutpLeWdeWvL288Lf3sYaYGT9uNBHhVopLysgvOMzTL7zFA99ZStRJj/LemlfAh59sJXVMIimj4ykocrB9dyFNThf33nE91pCO97S8spbf/PlNyipqvGshu91t7C0s5g9/WcF9d3+F1DGJfX7vRUQGk/5xJiIiIiIiIiIiIiJnM2wC4EkTxmKLjqD0WAUrV22kpaWVuvompk8Zz7KbrzqlfcrokSy7+Soam5rZtnMfqz7+HLM5mNJjFdiiI5g0wf8C4PZ2D/sOOHj97Y9pb/eQPSUdiyUYR2k5r7/9MdGR4dx3942MircB0OR08cyLb7N2ww5mTM0gfsSJUKC+wcn0KeP5l1sW9pi1Oz51NO+s3oSjpIxxyQncceuXvPscpeX877pcQq0hfPeO60kdkwj0XJd41dotfP3GK3vMeq2ta+RrN8xnbs5UgoI6dtTUNnQc627jS/MvZvHC2RgMHW3/69k3KDlWQXJSPD954F+IjAjF44FX/r6aTzfvYvvuQm8APPmicfz7979GyuiR3nN3b7trz0HmXDypx/tY19DkDW8Byitr+NUf36S45DilxypIHZOIu62N5SvXUlZRQ86Midy2dCEmoxGAlpZWCg+VkmIfeV7vvYiIiIiIiIiIiIiIiIivDJsAOCw0hC9feQn//eaHfLhuG21t7QBcNW/6WY+7at50tu3cx0cb8jAaO5Y8/vKVlxAWGjLoNffmD39dedrtQUEG5s+ZxuWzpwKwr8hBfUMTl1w+3RtAAoRaLcybPZXnXn2P0mMVPULI2JhIli6Z1yP87c2uPQeob2jislmTGZeS6N1uMhq5au50du05SP7eQ9TVNxIVeWLWbfbkdC6fnXXaRyFHhFuZPmW8d19kRBijE+I4Xl7N9KnjiYwIBcBggIvSk/l08y5veNx1j2OTR/U4p8EAMdERAFTX1J9yzezJ6d7wF8AWHUlSwgh25BdRW9cIwPGyaooOlRAVGca1V13iDX8BzOZgJo5PAc7vvRcRERERERERERERERHxlWETAANcnjOFvfsPs3XHPqAjFE7tFlSeTmpKImGhITQ2NdPaCjOmjufynClDUW6vMlLt2GIiemxLGT2SrMw0Ym2R3m2HHMcA+PCTbXz4ybbTnqv0eCVZk9K8P8dER/Qp/AU4erzSe+zJYW5EeChmczCNTc1U1dT1CIBHxdvOuA5ucHBwj7DdYMA7k3dUnK1HW2O3ELaLu62Nz3P38vGG7VRU1dHQ6Oz1PqKjeq7zazQGYQ7u2dXLK2toaGwmdUwiEeE9HyHd3fm89yIiIiIiIiIiIiIiIiK+MqwCYIBv37YY46vvsTl3D41Nzbz0+gdcNmsyaWOTTmlbeLCETzfvorGpGYBZ2Rdx19e/PNQln9H8OdPInpLea7uu2c72pHhGJ4w4bZvEkbH9rqfrOv7C44HX3/6YTzbuICjIwMi4GDIzxhAUZPCuY3y+2ts9eDyeXtsN1XsvIiIiIiIiIiIiIiIiMhCGXQAMcNfXv8z41NGs27STjVvy2bgln1hbJIkjYxljH8UhxzFKj1dSWVUHdMyqnZszhbmX+MfM374anRjHlrwCxtpHnXa944G+TnVNPR4PPWb11jc00dLSSlhoCLboyDOfZAA1OZs5ePgowcEm7r19CZkZY7z7VnywoV8BcKwtklBrCOWVNdQ3NGINMZ+23VC99yIiIiIiIiIiIiIiIiIDIcjXBZyvuZdM4dEffINlN19F2tgkXK5Wdu05yDurN7Frz0FcrlbSxiax7OarePQH3xi24S/A5IvGEREeSu6u/RQdKu2xr6Wllb2FjgGZvdt1ne27Czlw+MR13G1tfLhuGw2NTjInjCEy4syPTB5IJqOREMupwWx5ZS2fb9/br3MnxNsYmzyK2rpG/vnhZ7jb2rz7ur+nQ/Xei4iIiIiIiIiIiIiIiAyEYTEDuMnpItR6+vVs515yYmZvTW0Dh0vKSEmKP2Ud2L6e15+MTojj6itm8tb76/l/z7zOuJRE4mKjqG9wsu/AEUxGIz/815tIGT2y39e5cm42Kz7YwJN/WM6ENDthoVYOHC6lvLKWhJE2Fs2becb1fgeaxRJM9pR09h8s4dm/rOSi9GSCDAYKihxY+/nnZjYHc92i2RSXlLFp6xfs2V9M+tgk3O429hYWYzAE8cN/vYnkpJFD8t6LiIiIiIiIiIiIiIiIDAS/D4Arq+p47FcvY0+M58F7lp617UHHMZ59aQWLF+Zw3aLZZ2375LPLcZSW8eMf3kasbWgeaXy+DAa46vIZjEtJ4J8ffsb+gyUUHizBbA4mfWwS1151CclJ/Q8gDQb40vxZjE1O4K331rO30IHb3UZURBgLLstmydWzsYYMbWB+xaXTsIZYeOv99ezILyIyIpQlV19KQ6OTd1Zv6te5x6Uk8Mj9X2fF+xvY8UURW/IKMJmM2BPjueHLc0hOGjlk772IiIiIiIiIiIiIiIjIQDB4PB6Pr4s4m5de/4CNW/IBePCepWSk2s/Y9ke/eI7KqjpCrRZ++cjdZ5zdW1Dk4MlnlwMwe2Ymt3/16oEvXERkiOXtPtin9jHhZgwGg/cLOOtrur8GDJyhXbfvvW07+fW5/Nzb9jPpa3trqN9/RkpEREREREREREQkIDib3L4uIaD49RrAlVV13vAX4J1VZ57xuXFLPpVVdUDHo53/d922M7btfp7ux4mIiIiIiIiIiIiIiIiIDGd+NwP4f9dtI293ERXVtd5gdvbMTAoKHVRWd/xsT4onNMRCrC2Syqo6Cooc3uMXL8zp8WjgjFS7t11TswtHSRkAsTGRZKTZvQFzrC2SETFRZE1K5cq504fqdkVEBoxmAJ+dZgCLiIiIiIiIiIiI+CfNAB5Yfvfb7ZWrNuFsdgFgDbGQkWbnliVXUFDk4J1VG3GUlntDXIpOHBcbE0nWpDSuWzSbJqeLvN2FVFZ3hsNFPa9hT4xj8aLZZKTaaXK6OsLlqjoqq+ooLilTACwiIiIiIiIiIiIiIiIiw5LfzQB2lJTxX88ux9nsOmV93ianiyf/sBxHSRn2xDhmz8zkjRVrAbj9q1cze2amt+323YX85fUPaHJ2nMdRUoajtBx7UjwPfmdpj/WBu9YZtoZY+Ld7lmJPih+6GxYRGSCaAXx2mgEsIiIiIiIiIueqprmUAzWbcdTtpKxhP1XNDhpbqmhpa8KDX/1KXU7DgAGzMZQwsw1biJ348HTskVMYFz2L6JBEX5fXb+qfgS/Q+/DpaAbwwPK7ABh6hsD33L6EaZPSAHjmpRXk7S7EnhjHg/fcQqjVwsYt+bz0+gcAPPfUA95z3Pfo72lyurhlyTyunDu9Izx+9g0cpeVkTUrj3tuXAFBQ5ODJZ5cr/BWRYU8B8NkpABYRERERERGRs2lsrSb36D/YWfYulU3FpNpySI7MYlR4BjarnXDzCMzGUO/vRMR/efDQ0tZEQ0sFVU4HxxoKKK7Lo6hqE7GhyUyJv4bshBsJC47xdannrHv/LK7N83U54kPJUVnDsg/3RgHwwPLL327bk+LJSLOTt7uQUKuFNZ/mMjoxjtiYSACunDvdO4N39sxMbwBcWVXHxq35zJ6RiTXE0jn7dxIAoVYLixfN5tmXVhBqtVBQ5OBIaTm2znPak+IU/oqIiIiIiIiIiIhcYGqaS/mk+Dk2OV5meuJNLBz3Q9Jtc3xdlvSDAQMWYxgWaxix1pQef577q9aTd/wd/mPdDHLst3F58t1+PaOye//U7F4BKK7No7g2j3f3Pz4s+rD4hl8GwACO0o51fp99aQVNzo41gbtC34qq2hPtOtcDDrVa+NEvngNg5aqN3raO0jIyUu092ubtLmTjlvwe56ysrhvU+xERERERERERERER/7Lm4NN8eOA3XJ7ybR657DMizHG+LkkGWbptDum2OVyd+iDri1/iiQ2XcdW4+1kw9nu+Lu0UXf1Twa+cjgcPGx1/ZZPjZb/tw+I7Qb4u4EwqqzoC2Sani/Gpo4mNifQGwQVFDm+7iuoT7QCyJqV5Z//CidC3+3FNThexMZGMTx3tbdd1PREREREREREREREJbCX1u3lm640ca9zHv83+iC+l/R+FvxeYCHMcX0r7P/zb7I841riPZ7beSEn9bl+XBZzon6sP/Frhr/TKg4fVB37tV31YfM9vZwDbE+OwWi1ct2i2dwbvxi35vP72x9gTTzyqeUTnI5xnz8zkuoWzibVFUllVx8rVG9m4JZ9YW1S3c8bjKCnnukU5XDl3OtARCq9ctRFnZxAsIiIiIiIiIiIiIoEr99hbLM9/kBsm/JxZSbf6uhzxsVhrCl+f9DSbS17j6c+XsDTzSbJH3eCzerr6p4Jf6avi2jy/6MPiHwwej0ejiIhIAMjbfbBP7WPCzRgMBu8XcNbXdH9Nx1oqp23X7Xtv205+fS4/97b9TPra3hrqt5+REhEREREREZHz9GnxC2xw/IVbJ/2WlKhsX5cjfuZwbS6v7b6PS+3f5LLkO4f8+p8Wv8A/9/9iyK8rgefa9Ed80of7w9nk9nUJAcVvHwEtIiIiIiIiIiIiIjJQPi1+gS2ly7k7+78V/spppURlc3f2f7OldDmfFr8wpNdW+CsD6Z/7fzHkfVj8iwJgEREREREREREREQloucfeYoPjL/zL1D8Ta03xdTnix2KtKfzL1D+zwfEXco+9NSTXzD32lsJfGXD/3P+LIevD4n8UAIuIiIiIiIiIiIhIwCqp383y/Ae5ddJvFf7KOYm1pnDrpN+yPP9BSup3D+q1uvqnyGAYij4s/kkBsIiIiIiIiIiIiIgErLcLfswNE36uxz5Ln6REZXPDhJ/zdsGPB/U6bxf8GA+eQb2GXLg8eAa9D4t/UgAsIiIiIiIiIiIiIgFpzcGniQ5JYlbSrb4uRYahWUm3Eh2SxJqDTw/K+dccfJri2rxBObdIl+LavEHrw+K/FACLiIiIiIiIiIiISMCpaS7lwwO/4epUPV5Xzt/VqQ/y4YHfUNNcOqDn7eqfIkNhMPqw+DcFwCIiIiIiIiIiIiIScD4pfo7LU76tdX+lX2KtKVye8m0+KX5uQM/7SfFzevSzDBkPngHvw+LfTL4uQERERERERERERERkIDW2VrPJ8TKPXPaZr0vpl7L8O3jq2Noz7LVgMs5jwqjvcv34TCI03WvQzEm+nV98eglXjv0+YcEx/T5fV/8c9iKXcWv6XWRE2rF29T+PC6crn6Jjy1lTtJzhM+f0CR5YsJR46ijan8Wfi31dz8Db5Hh5wPqw+D/9lSAiIiIiIiIiIiIiASX36D+YnngTEeY4X5cyMAxpRJgye34ZI3G3rWJ3yWJ+vnE5Ze2+LjJwRZjjmJ54E7lH/zEg58s9+o9hP/vXlvIqj874GVnRHeGvu83V8YUFa0g2k8Y8wb1zXmR+pK8rlS4ePAPWh8X/aQawiIiIiIiIiIiIiASUnWXvsnDcD31dxsCJfIJHZ2Sfur1hE69s/Tq7XT/itX1Xc98E/0nbumYvx4/azAOZwz+Izxq5mNUHfsVlyXf2+1w7y94dgIp8yPowy8blEGEAZ+3zvJ3/OHnOrp12ssY9zAL7IuItqYxUCuVXdpa9OyB9WPyfZgCLiIiIiIiIiIiISMCoaS6lsqmYdNscX5cy+MJzuHX0MgBKqzZR7+NyAlm6bQ6VTcXUNPfvocY1zaUU1+YNUFU+kjKPxCCgLZd1W7uHvwAO8g58h6c+v59NR1ayqspHNcppFdfm9bsPy/CgAFhEREREREREREREAsaBms2k2nJ8XcaQMdkyiQdoq8XZW2Ppl1RbDgdqNvfrHP093h/MDY3veNFcyEdnauRcydsFT6H81/8EQh+U3mnyvYiIiIiIiIiIiIgEDEfdTpIjs3xdxtBpB/dpd7go3f88fy95mdK2ciAOW9jdLLroLrKiTmrqLGRd/lOsq19LfbsLDGnEhy5lQcZdZMWc1LR8Le/ue4rtzfm4sWAKXsRM+yNcP7bjMc9dj37uUnZsFg8d63g9KfUAy8YM0H37QHJkFo66nWSPuuG8z+Go2zmAFfnGblct1xAJoTncOgJeqzj3Y22jf8ZXU5aQZInEZADa6yirXs67eY+zt3vDyKUsGrOMmTFpRJgsHdva66iqXc6qPT1nHd90yQFmhkHZ0ctZ0/oEixKzsZksOKt+wk+3vwJAov033Jwyj3hz53U9LpxNm9hy8Ce8e9zRs0jDdVyT/QAzo+1YDYCnjqqaU687XPW3D8vwoBnAIiIiIiIiIiIiIhIwyhr2Myo8w9dlDJn6io87Zlla04j3bnWxe+tiflv8FKVtEGHKJMIIVY2P89rWO/ioe2DnyuW1zQt5t3YV9aR1tA0qo6zxcV7LXcy7x040dR56nP/ceQdbmgvBmEmEKQ1aV7LpwFx+m98RoplM8Z3n6AztgjI7fu6sYTgbFZ5BWcP+fp2jv8f7g6qj2zv6nMFO1pQ8HpjyADNj7L0eZ0t5le9nLCMlJBKTx4W7zYXbEEl87F0su+QJJnhb3sW3pj3B/LhMIkyWjnZtLgiKxBZzFzdPeYLU05zfGvkCNyfnYOsKjDtNmLiae8dfR6IlEhOd18WCNWweczNf4KYeH4iwkJjyn8yNsRPc7sLdDhg6r5v5ALbzeL/8TSD0QemdZgCLiIiIiIiIiIiISMCoanZgs/YeRg17bhelxb/nlZJVQBozR2V7d9Xve4hXagvB8gT3XbKUxM4kwHn0eZ794nFWHdjE3BE5mID6wy+T1waEv8ijM+cR0TltzF25ib/vzSW1K1WuW8VLRc/jZB7zp7zIorjO7c5C3t66kE3Hnicv7WdkZTzBoxknZgLHx7/IA5lxBAKb1U5Vs6P3hmfR3+P9QtX9rHCk8lV7JlZDJPFx93JT3L3c1F5HVV0uBRXPse7wpp6Pf7Y+zLJxOVhxUXbsIV7KX9n5wYVlLMv+GZPCljB/7I/YexDgefZWXoHTuYI1Rcvxrlg74g88NHURtvAcZtug6KTnS0eEpeFsWMmaouf4qCLfe8yShDRMgLP6Kf6c+0zn+TKZOf5nzI/K56Pa7mexYDUWkrf7Tl477gDsZE35b26Ns2OKnEcOT/HuAL+dQy0g+qD0SgGwiIiIiIiIiIiIiASMxpYqws0jfF3GwKq9iYfWnGlnGqn2F7hpdNfP5Ww5vhLIZG76ifAXwJpwFwuOPM5rdR+w3ZXDTAu0uusAiLCO9oa/AKbYHG699MRaymWONzgMRMQ9fCL8BbCmcf3ou9h04Hm2Ox4mK63n7MtAEm4eQWNL/1a17e/x/mLvvsX8rvwuFo1bRkZU56OSgyKxRc8jJ3oeOWMKySu6k9eOdISNtrHzSAwCmtfydlf4C+B8hVeOXM1P03JIin0ADj4FwLrdXz/1ohXbqHYvwmayY4uFUxYYdq3i9c3393iU9NzknI5Zuy1redcb/gLks2XfTWw5zb2VlnSFvwAO8vZvZ1GcHZvBTlIyUNynt8rvBEoflLNTACwiIiIiIiIiIiIiAaOlrQmzMdTXZQwsQxoRxhPBqtOdjxuICP8NyzKvIyW8W9v2QkpaABxs2buY7Xt7nsrd1rGvvhGwgG3U9SQeXUtp+Q94Nu9u5o/KIWVEHNaT0oPSpo51fZ1VP+Dnn5xUn6cjLKty1QGBMdv3dMzGUFramvp1jv4e70+qqp/ntW3PA5A4YhmTR17NpJhs4i0WMKWRlf4CrU0LebMKJoV0TiW3zOOOeXt6nshg6QirTN37TiYzU5cxKTobW3AUESGRBAOmzseIm4JPrcfZtK3nOsLYSQqJ7NjXuPG0Ye+p6nCePEPW2XyGdbaHp0Dqg3JmCoBFRERERERERERERPxZ5BM8OuPEI55xO1j12UI+aniItw9P477Mbo+8rnFQBkAdTnf+GU64ieMNgA2wXce3Jjbz+r7H2Vt5Py9VAlgwWZaxKPUB5iZYgHKqmjsv3ZZP/RnOWtbsIJADYDmz0opXKK14hVVAov0PLEtfhC0ojQn266BqJfHmjiAWg8Ub4p7CbCcH2MRdLJvzAJMs/Z1NvoiI0wTFIhcCBcAiIiIiIiIiIiIiEjC6ZmlajGG+LmXwmOwsmvgzdm//EaXHfsJHCS8y39a5LyweG1DGMm6a8zNmnkOGZk1Yyu0JS3E3l1NyPJ+i8pdZU/s8736RS73xTa6JjyTCDLTAhJQ93B7Aj3k+m4GYXW42huJqaxygivxTqeM7FCUdwBYGJmPHzN96twuw4K59hke2PnX2E6Qv6Qx/6ygteY5PKtaSV5EP3MW3Ln+Y1HNOtvJxulESdpKAe0KCnFZQ701ERERERERERERERIaHMLONhpYKX5cx+GxLWBRlB9ayav9anF3bLanEBwOs5XBZ305pCokjJWUe82e8yI+SFgG57C0vBywkhXbMQD5cV9inc9a39LEIP9bQUkGY2dZ7w7Po7/F+wXoXi8ZmnqVBDtbOWb7uto4//8Lmju8mayYzezt/cOcHDJxreWXvM53hL0AUJkNfCt1ESbOro+Sw2b1f9wIREH1QeqUAWEREREREREREREQChi3ETpXT0XvDYc/CpPEPkAjQ8Hs+Ot613c7cUdcBDrYU/YQt1T2Pqj+ynFd2nXg0tLvoGf68K5eylp7typqPAHgDt8SUu0kBnNU/4KX95T3WRHXX5fPRllfY235iW3xYGgDO2rXsDZAFVKucDmwh9t4bnkV/j/cHM8ffzfxxb/LQ9CeYG3PS/VhzmDvlCSaEADg4XLISgKKiVZS2A+Z5XDPjYbKsJw6xxdzFrbNWc3tC54bWjtCWkGksGtl1/kzmZy8j5UyPjz6Dj0o3dTyy3DyPa7Lv7fjvBQA7Wemv8tD0n3GhxaGB0Aeld5r4LiIiIiIiIiIiIiIBIz48nWMNBaTb5vi6lMEXeR3X2n7Pn6tyWVe0irkjFxEBRKQ9wPVVX/B24yu8mbuct41pWA1AeyH17S4IeoAiMknFxe6q31NU9xRPlVkwndyO67h4dOeavpGLuMm+lGcdy9lbPItHjmQSEQR4yqhvKwfimFm6jAmjO2tLXsLMQ8+zpe0pXvr0Y1LCc4iJXMKtGWk+eKMGxrGGAuLD0/t1jvjwdAqrNw5QRb5R7yzD6YnDFr2Ua7KXck27C7enc2eQpfNDAy7Kjv6EV7om4zsfZ1VJDl+1Z2KNuotbc5Zxc+cHBkzGjhm/9fFL4ehy2P8Ke0c9wQSznaxJnzDpIlfHeT2FlDVHEh/Sh2KP/oR18W+yaEQc1pgHuG/+d3G3d6vTE8f8KHizdiDemeGhv31YhgfNABYRERERERERERGRgGGPnEJxXZ6vyxgyqakPkAIdAVvXxOcgOzmXrOahsQ+TYrZDWz717nychmxSYl/lgUvvJRUAC1nTN3Nfcs929R478RE/4/YZvyEn8sS14sc/waPZr5ITloPV09m2PYr4sIe5NWsdN43uVlhQJjfNeIdFETlYPbkcrnuGUnfUEL0rg6O4Lg975JR+naO/x/uDvfsW89OtP+Kj8lyqWl24DRZMxs4vTx31DWtZt3shT32x9pTjfrf7efY21uHmxDHu1kL2On7EizuWd7Zczktbf0JeQx1uT0dAbHIXkrf/Tg639bVaB+t23MTfD66irNUFXbXSWWf+nRdU+AuB0QeldwaPx+PpvdnwsK/oCAVFDuyJcYxPtRNqvTAXoheRC1Pe7oN9ah8TbsZgMHi/gLO+pvtrwMAZ2nX73tu2k1+fy8+9bT+Tvra3huohGSIiIiIiIiLDUU1zKb/7/Dp+PHerr0uRAPPYuhl8/+KVRIck9t74DGqaS/nlhgtgdrr4rX+/dH2/+vBgcTYFyLPi/URA/HbbUVLGM39ZQWVVnXdbrC2Se7+5BHtSvA8rExEREREREREREZGhFB2SSGxoMvur1l8Yj4GWIbG/aj2xocn9Ds6iQxJJjsqiuPbCmaUu/iM5Kssvw18ZeMP+EdCOkjKe/MPyHuEvQGVVHU/+YTmOkjIfVSYiIiIiIiIiIiIivjAl/hryjr/j6zIkgOQdf4cp8dcMyLkG6jwifaW+d+EY1gFwV/jb5PMHMQAAIABJREFU5HQBYE+M48F7lpI1qWMR+SanSyGwiIiIiIiIiIiIyAUmO+FGtpW+SX1Lua9LkQBQ31LOttI3yU64cUDOl51wo3d5NZGhYsAwYH1Y/N+wDYBPH/7eQkaqnXtvX6IQWEREREREREREROQCFRYcQ479NtYXv+TrUiQArC9+iRz7bYQFxwzI+br6p8hQGsg+LP5vWAbAZwp/Q60Wb5t7b1/C7JmZgEJgERERERERERERkQvN5cl388nhP1HpPOzrUmQYq3Qe5pPDf+Ly5LsH9LyXJ9+tWcAyZAwYBrwPi38bdgHwuYS/XW7/6tUKgUVEREREREREREQuQNEhiVw17n4+KHrS16XIMPZB0ZNcNe5+okMSB/S8Xf1TZCgMRh8W/zasAuC+hL9dFAKLiIiIiIiIiIiIXJgWjP0eNc0lbC55zdelyDC0ueQ1appLWDD2e4Ny/gVjv0dyVNagnFukS3JU1qD1YfFfwyYAPp/wt8stS65QCCwiIiIiIiIiIiJyAbo+4zHe2vsoh2tzfV2KDCOHa3N5a++jXJ/x2KBe5/qMx/QoaBk0BgyD3ofFPxk8Ho/H10X0pj/hb3ePPfUyjtJyAEKtFh78zlLsSfEDXu/ZOJtb+N3z/6DwYMkp+0wmI/Gx0cyafhFXXJqFNaRv93c+amob+OXTHZ9++/fv3Up0VPhZ2x8sPsqv//Q/JCWM4Pt33Yg1xDzoNQ60d1ZvYuWqjczMyuBby671dTkiAyZv98E+tY8JN2MwGLxfwFlf0/01eP9hekq7bt9723by63P5ubftZ9LX9tZQU5/ai4iIiIiIiIj/yj32FquLfsXd2f9NrDXF1+WIn6t0Hua53G+wMPWHZI+6YdCvl3vsLd7If2DQryMXnlsynxqSPjwQnE1uX5cQUPx+BvBAhb8AD95zC/bEOMA/ZgJnpNrJmTHR+zUuOYGK6jreem89j/zyRfILDvmsNhEREREREREREZFAkT3qBi61f5O/7vgWlc7Dvi5H/Fil8zB/3fEtLrV/c8iCs+xRN3Bt+iNDci25cFyb/siwCX9l4Pn19KaBDH+hc9bvPbfw5LNv4Cgt94bAvpgJDDB/zjSyp6T32NbS0sqqtVt5b81mnn/1Pb57x/WkjtHC3CIiIiIiIiIiIiL9cVnynQA8l/sNbp30W1Kisn1ckfibw7W5vLb7Pi61f9PbX4ZK1/X+uf8XQ3pdCUzXpj8y5H1Y/IvfzgAe6PC3S1cI7E8zgbszm4O59qocrrnyEhqbmnnzn+twNrf4uiwRERERERERERGRYe+y5DtZmPpD/rD1ZjaXvObrcsSPbC55jT9svZmFqT/0WXB2WfKd3JL5lNYElvNmwMAtmU8p/BX/nAF8cvgbGxM5IOFvl64Q+LGnXqayus7nM4FPZjDAZbMm89m2L3CUlHGktIz0caOBjhnCW/IK+HhDHiXHKnC72zCbg5kxdTw3L76c8DCr9zzutjY++nQ7H63fTlVNPQYDjIyL4csLLuHiaRMICur5l0h9o5O33l/P1h37aGlpJToqnBuvuYxLsidyuqUzq6rrWPHBBnbtPUhbWzuj4mO4ZckVTBw/pkf79nYPn2/fy3trPuN4eTUeD9iiI7hizjSumD0VsznY27Yv9/fnV/7JlrwC7v7GNdTUNvDhum24XC3cd/dXSB2TSGV1HSve38C2XftpbXUTFxvNzYvnDtCfkoiIiIiIiIiIiAxH2aNuYGRYOm8X/JjC6o1cnfqg1gW+gFU6D/NB0ZPUNJfwvYtXkBQxyaf1dO+fxbV5Pq1FhpfkqCyuz3jM531Y/IPxpz/96U99XUR3J4e/APakOObNnjqg1wkONrF9dyGV1XUAtLrb2JJXwKSMMURFhg3otbpzu9vYnLuHqpp6ZmZlkDAy9vT1mUzsLSym5FgF9qR4xqUkAPDOh5/x95WfgAcmpNlJGT0Sp7OZgkIHR0rLyZ6cjtFoxOOB1976iPfWbCY42MiUi8YRHxvN0bIqNufuISjIQEaqnWZXC+s/343T6WLnF0VUVdcxcXwK1hALx8qq2PnFARJG2kjsrLOmtoHPtu2hvb2dz7Z9QWOTi4njUwgJMXOktJzNuXsINhlJG5vUcb9tbbzy5oesXLURt7uNSRljGZ0YR1llDdt3FXKw+ChTM9MIDjb16f4Atu3cR+mxSoqPlLF1RwFBQQasIRYmZqRgMATx6z+9SUGRA1t0BJMmjMUcbOSj9duprqmnvtFJ0qgRTJ86ftD+rEWG2rGymj61t5qNGAwG7xdw1td0fw3eTyKe0q7b9962nfz6XH7ubfuZ9LV9cLDfPiRDRERERERERPop0hLPxYm3UN5YxCs7v0Nru4tR4eOxGAfvd8PiX+pbyvno4DP8bff3mTryGm7J/BWRFt9PEIMT/TPIEMSB6s2+Lkf8nAEDC8f9wK/68Plwt7b7uoSA4nczgE8Of4dS10zg3/78uz65fndGYxDmzlC0+/sxd9ZkLp42gYT4WO8s25aWVp5+4W32HTjCgeJjTEizU1ffSP7eQ9hiIvk/99xCrC0S6JiNu3VHAaM7H4HdxdnsImtSKrctXYipM0B+Z/VG3lm9iS3bC8iePL7HrN6KqlquuXIW1y261DuT+PPte3np9Q/4aH0e2VPGEz8imj37itmcu4e42Cju/9ZNxMVGee/pmRffZm+hg01b81lwWXaf7q+7ZlcL37vzBiZfNA6DATweeOXvqymrqCFnxkTvPQEUHSrl9y++PQB/QiIiIiIiIiIiIjLcLRj7PaYnfIVPip/jF59ewvTEm8gauZh02xxflyaDZH/VevKOv8O20jfJsd/Gjy79lOiQRF+XdVrd++cmx8t48Pi6JPEjBgzk2G/j8uS7/bYPi+/4XQDcfc1fAEdp+aBfs/u1fBU+nytbTOQp28zmYCLCrbS2umlqagYgKMiAyWSkodFJQ5PTGwAHBRm4eNqEU84REW5l0byZ3qDUYIDxqXaCg7dQW99Is6sFa4jZ2z42JpK5OVN7PEZ62qQ0NowbzRf7DrPvwBHiR0Tz+fY9uN1tXJ4z1Rv+QsdjuBfOm0HR4VJyd+5nzsWTsViCz/n+ups/ZxpTJo7z/lxX38ie/cWEh1m5au507z0BjEtJZNqkND7dvOvMb7KIiIiIiIiIiIhcMKJDElky/idcOfb75B79B6sP/IrXdt9Pqi2H5MgsRoVnYLPaCTePwGwM1fqsw4AHDy1tTTS0VFDldHCsoYDiujyKqjYRG5rMlPhr+L9ztxIWHOPrUnt1cv/cWfauHg19gUuOymJK/DVkJ9w4LPqw+IbfBcAP3rMUR0kZs2dO4pmXhmamptVq4d7br2fjlt1+sQYwQFtbOy2tboAeax83u1r4eEMem7ftobq2/oyBdUR4KJfnTOF/3v2UX/zm1c7HII9h2uR0MtLsPUJRgODgYMJCQ3pss5hNp7TrEhMdgTWk55rMwcEmRtg6Qt7qmnpcrlaqqusBvNu7i4wIxRwcTEV1Hc5mFxZL8DnfX3dJo0b0+Lmqpo7GpmasVgsR4aE99hkMHbWLiIiIiIiIiIiIdBcWHMNlyXdyWfKd1DSXcqBmM466neyt+JiqZgeNLVW0tDVpFuYwYMCA2RhKmNmGLcROfHg6F42YzzVp/z5sZ0qeqX+WNexX/wxAp+vD9sgpjIueNWz7sAwtvwuAM1LtZKTae28IVFbV8divXu41JHzwnqW9njPUauHKudPPuc7B1tDo5FhZFRZzMMmdoXRLSyt//Os75BccwmQykjRqBImjOtbm3XfgCP+fvXsPi/K+8///uhlOg4ICggqOqOBZEzVSC0lMTNKYNo3aNtGkuz3YbvabmvbX3Ta99rubvbrdfjfddtftcWMP6dbdtL0SbTeNsWmjOZgYAzF4wASiGPA0ggoywHAYZoaZ+/fHyAhyHGSYAZ6P6+LiPnzuz/2+keuS637N5/Opdzi79XHX6pu0fMlcHTx6XOUnzqj48HG9Ufyu0iYn60ufX69ZtqlhfQa/acpvDv4/m1Cfry8xMTEhr/UJAAAAAAAAAJ0mJ2ZpxbRPaMW0T0S6FKAHfj8BDCTqAuBQXG5oGtQI0YpK+6BD5WhgmtKbB99T7eVGzc+1KWdGIKhtdLbo/IU6pSQn6RtbNmlaZlqw/c+f3t1rQJqelqKP3blKH7tzlfx+U0UlZfrN/76iP796UH/9mY8PucaGxma52t3dpoX2eLyqvdwoSZqWkSprYrympKWo8nS1LjuaevThbG6Tx+uVLStD1sSEIT1fbyanTFSSNUGtbe1qaGrW5EkTg+dMM1A7AAAAAAAAAAAAMBbFRLqA4VKYv1j33V0Q/CrMXxzpkobE4/Hqjy8X68VX3taEpERt+OjNio+PkyQlxMcrLrZnZn/qbI0qquzdjrW53Hr78HG1uz3BYzExhqZPTVd8XKxaWl3q6PANuc76Bqf2Fx+T3391hG9peZUqz1QrdVKycmzTJEkfWr5QsbEWvVF8THX1V0PgNpdbe18/JL/f1Iob5iohIS6k5+tPSvIELV4wS652t17ef0Qej7dbX0fLKofyyAAAAAAAAAAAAEDUG9UjgLsqzF/cbZRvRZVdRSXl/V5jy8rUyarzsmVFZt3f1w4cVWn51TCy3uHUmfOX5PF4lTwxSV/89EeVO+vqXO6dweYbRcf03Z88o0XzcuRqd+v0uYuyWLpn+WfsF/U/O/fof3YqOJVye7tHJyrPqd3tDYaurvaBR1D3ZnLKRB14p0wlpSc1e+Y01Tc4depsjWJiYnT/fauVOWWyJGnhvJlatWKhikrK9f++/7QW5M1UbKxFFVV2OZvbtHDuTBWsXBzy8/XHMKS1t+fr+MmzKjl6QhWV5zQ/1yZXu1tVZ2qUOilZLa2uIT03AAAAAAAAAAAAEM3GTAA8FA9uWKMHN6yJ2P2vHdUaG2tRZvpkrbppodbcvEzWxIRu5w1D2njfbUpNmahX3jyiktIKZaRP0uc3rdXBoyd0qLQi2Hbh3Bx9/ZEH9MeX39YHp6t19vwlxcQYmpqRqo9/pED5yxZcV+1T0ifpoU/coT/86U0dfvek/H6/ZmZP1SfvvVUL8mZefSaLRZ994G4tyJupP736to69XyXTlNImJ+v++27TmsIbgyOcQ3m+gWSkT9I3Ht2k5/74pg6/90Gwr7+8/yO6VNegF/YUXdfzAwAAAAAAAAAAANHIME3THLhZZPz7th06WXVe83Jn6BtbNvU4X1Fl19ZtOyVJj23Z2GMEcOe5++4u0Lq1hSNTNABESGnZ6ZDap06Ml2EYwS9J/W6r67YkQ3206/J9oGPXbg9mf6DjfQm1vTVpXH9GCgAAAAAAAABGjKutI9IljCljZg1gAAAAAAAAAAAAABjvxn0AXO9wRroEAAAAAAAAAAAAABgW43p+y2ef36dX3zyiwvzF2vzgPZEuBwAAAAAAAAAAAACuy6gYAVzfEJ5RuidPnZckXXY0haV/AAAAAAAAAAAAABhJoyMAdjhVUWUf1j4rquyyV9dKkpKsicPaNwBg9DPNSFcAAAAAAAAAAGMf72KHX1RPAX1z/hKdrAqM0t22fZc2rV+jKWmTgufP19QNqp/6BmewH0my19TqhT1Fwf3lS/KGqWIAwFhhmqYMw4h0GQAAAAAAAAAwppkkwMMuqgPgwvzFequkTCerzqvN5db2Z18aUj9FJeUqKinv9dy83BkqzF98PWUCAMYg/uYAAAAAAAAAgPDjXezwi/opoB/dvEF33roi5OuSEhMGbHPnrSv06OYNQykLADDGmX7+6gAAAAAAAACAcONd7PAzzFEyrrre4dS5mtrgur1dTUmb1Oso3ooquyoqe64dbMvO1MysTKWnpYSlVgCIhNKy0yG1T50YL8Mwgl+S+t1W121Jhvpo1+X7QMeu3R7M/kDH+xJqe4vFUHyCJaRrAAAAAAAAAACh8bh98vlGRVw5aoyaABgA0D8C4P6F3l5KtEb1SgkAAAAAAAAAMOq1uzqYBnqYRf0U0AAARIJpSn6mHgEAAAAAAACAsPH7TcLfMCAABgCgD0w7AgAAAAAAAADhwzvY8CAABgCgD74Of6RLAAAAAAAAAIAxi3ew4UEADABAH0yTT6ABAAAAAAAAQDj4fEz/HC4EwAAA9KODT6ABAAAAAAAAwLDj3Wv4EAADANAPv89kFDAAAAAAAAAADCOfz5Sf965hQwAMAMAAOrx8Eg0AAAAAAAAAhgvvXMOLABgAgAH4/SbTkQAAAAAAAADAMOjo8MvvZ/RvOBEAAwAwCF6PX6bJHyUAAAAAAAAAMFSmacrrYbBNuBEAAwAwSPxhAgAAAAAAAABDxzvWkUEADADAIPl8prysTQEAAAAAAAAAIfN6/fL5mGVxJBAAAwAQgg6vn/WAAQAAAAAAACAEHR1+dTC4ZsQQAAMAECKvhxAYAAAAAAAAAAajo8PP1M8jjAAYAIAhIAQGAAAAAAAAgP4R/kYGATAAAEPk9fhZExgAAAAAAAAAeuH1Ev5GSmykCwAAYDTr8Ppl+k3FxcfIMIxIlwMAAAAAAAAAEWWaprwev3w+M9KljFsEwAAAXCefz5TP5VNcfIxiY5lcAwAAAAAAAMD4xJTP0YEAGACAYeL1+OXrMBUbFyOLhdHAAAAAAAAAAMYHn89Uh9cvv59Rv9GAABgAgGHk95vyuH2KsRiKjSUIBgAAAAAAADB2+XymOjr88jPdc1QhAAYAIAz8PlMen0+GIVmuBMExMYTBAAAAAAAAAEY3v98MLIvX4ZdJ7huVCIABAAgj05Q6vH51eCXDkGJiAkGwEWPIMCTDCHwHAAAAAAAAgGhimpJpmoHvflP+K1+EvtGPABgAgBFimoEpUXxMhwIAAAAAAAAACJOYSBcAAAAAAAAAAAAAABgeo2IEcJvLrR279qm0rFJtLvew9l2Yv1ib1q9RkjVhWPsFAAAAAAAAAAAAgJEW9QFwvcOpb3//6WEPfjsVlZTLXlOnb37tM2HpHwAAAAAAAAAAAABGStQHwE/+965g+GtNTJAtO0OSZMvKHPKo3YoquyTJXl0nV7tb9upaFZWUqzB/8fAUDQAAAAAAAAAAAAARENUBsL26VvbqWkmSLStDj23ZNKxTNR8tq9S27bskSZcdTcPWLwAAAAAAAAAAAABEQkykC+jP0bLK4PZ9awuHfZ1e1v0FAAAAAAAAAAAAMJZEdQDcFWEtAAAAAAAAAAAAAPQvagPgo2WVOll1PrhfVFIenA4aAAAAAAAAAAAAANBTVK4BXO9wBtfm7VRUUi57TZ2++bXP9HldUUm5Sssq1eZyy5adqbtuXaH0tJRwlwsAAAAAAAAAAAAAUSEqA2CrNUHWxAS52t3djyfG99q+zeXW1p/u7DZCuKLKrqKSMj32pY2yZWeGtV4AAAAAAAAAAAAAiAZRGQAnWRP03X98WDt27VNRSbkkadP623XX6pt6bf/CnqJep4fuDIb/9fGHo2YNYVe7Rz/+5XOqPF3d41xsrEWZ6ZO16qaFWnPzMlkTu9fs9XZo7+uHdOlyg1YsnatlS/JGqmwAAAAAAAAAAAAAo0BUBsBSIAROT706fXN/o3hfffOIJMmamKBvbAmM+N3+7EsqKilXm8ut0rJKFeYvDnvNoZqfa1NaanJwv97h1Jnzl/SHPx3QK/uP6Iuf/qgWz58VPN/h86us4owqT1crI31yxALg3XuL9cKeIuUvm6+//szHI1IDAAAAAAAAAAAAgJ6iNgAeiuVL84JBcWH+4uDo4cuOpkiW1ac7blmuFTfM7XbM4/Fqz+uH9KdXD+qXv/2TvvyFDcqdlSUpMAX23335wUiUCgAAAAAAAAAAAGAUiIl0AX3Zset1FR0q77Z/tKyy32sqquxqcwXWDe4MfyVpStqk8BQZBvHxcfr4Rwp0710fVmtbu37/x/1ytXsiXRYAAAAAAAAAAACAUSAqRwDbq2v1yv7DPY7teH6flvcy7XHnaN96h1Nf/cf/7HbOmpgw6tbKNQzp1lVL9fbh92WvrtX5mlrNnTNDkvSLX/9RJaUV+tLn1gVHD3cee/gv71VjU4te3n9YbrdHX334U8qdlSVXu1u7XirSwSPH1dLqUnx8nG5aOlef/Pitmpwysdu9r20bG2uRLStTn/jYLWpra9fPnt4dbFtSWqGS0gpJ6lZPfYNTu/78lo69X6U2l1vx8XGaOztb99+3WjOmZwSvP33ugn7w8/9V9vQp2rjuNj3/57d08tR53bgoV7cV3qgnf/W8Jk+aqG9s2aRJKRO61fnBqfP60VPPafrUNP3t/3kgatZ4BgAAAAAAAAAAACIpKkcA27IzNS93Ro/jva3j2+Zyy3Vl1G9vDEOy19QOa30jYeIEq6Zlpsnt8epc9eDq/8OfDuh3u9+Qx+OVNTFBrna32lxu/ed/Pa/XDhxVkjVRq1Ys1MzsTB08elxbt+2Uo8EZvL6uvkn/8oPf6NU3jyg21qL8ZfO1dMFsXayt10//e5fa3R4VrFwUnGY7PS1FBSsXqWDlIqVdWa/51NkLeuKHv9XbR44rdXKyClYu0szsTB3/4Kz+9cfPqOToiR51X6pz6Ac//71OVJ7TxCSr/KapGdOmaPbM6aq93KjyijPd2pumVHzofXm8HVpz83LCXwAAAAAAAAAAAOCKqBwBLEnf2LJJL+wp0u69xZKkx7Zs1PxcW492W3+6U/ZrAtL01BTVXwk221xubd22s8/ro5XFEqP4uMA/T1s/AXdX7W6PvvLFT2jpwjkyjEBQ+tvnXtHJU+d1712rtG7tzYqJMSRJ7xw9oe3PvqR9Rcf0qXtvVYfPp50vvK7ay40qWLlIn914t2ItFkmBdYkrz9RoXu4M3fyhJdq9t1j26lrNmTldX3joo8H7ezxevbCnSC2tLq1bW6h77/qwjMDtgvfb/XKx5uXZNCn56oje5haXbrphnj636W5ZE6+GuQUrF6miyq5j5VVatWKhLJbA5xXq6htVduKMMqdM1uL5s4b+QwYAAAAAAAAAAADGmKgNgAfjhT1FwfDXmpigR7+wPhjy1jucenbXPpVeWTd4+7Mv6buPPxyxWkfCHbcs1w2L5gT3W1rbVFFp16SUCSrMXxwMfyVp6cLZmpmdqVNnauR2e3XZ0aSqM9WalDJBH//Ih4PhrxRYl3jRvJwB73+h1qHT5y4qc8pk3bpqaTD8laRli3OVNytbFVV2nT57odu03OmpKdq4/vZu4a8kLZ4/S5lTJuvkqfOquXg5OPL4veOn1NDUrHvu+FCPqaEBAAAAAAAAAACA8WxUB8CvvnkkuP2NLRuDAaEUmJ740c3r9eT2XSotq1S9w6mikvJep5GORj6fXx5vhyQNeorj7GlTuu07GpvlbG5Tm6tdj//rr3q9ZkraJLW7Paqrb1RLa7tyZ2UpeeLQQtWGxma52t3Kmpau+Pi4bufi4+OUPNEq0zRlr6nrFgCnTk7uEf5K0qSUCVq+dK5eeu0dvVNaIVt2pjwer0rLqjRxglUfWjZ/SHUCAAAAAAAAAAAAY1XUBsBbt+1URZW92/59dxdo3dpCSVJFlT04NXJ6WopKy6tUWl7Vo5+u4WlFlX3UBMAtrS5drHUoIT5OM7sE26Hw+/0yTVMJ8XFasmC24uN7/nNPSLIqLs4iv9+UaZrXVfNw9HGtDy2brwMH31NpWaXuvu0mXax16PS5C1o8f5ayrgm8AQAAAAAAAAAAgPEuKgNge3Vtt/C30yv7jwQD4K7qHU69sKdowH4vO5qGpb5wM03pzYPvqfZyo+bn2pQzY+qQ+kmbnKIJSYlyezy67+4CZU/vOzBNT0tRkjVRdfWNam5plTUxvs+2nWvx9tVHc0ubPB5vtz48Hq+aW1wyDEO2rIxBP0PWtCmaN2eGjr1fpVNnL+hYeZU6fD4V5i/usw4AAAAAAAAAAABgvIrKBM2Wnak7b12h9NSUq8eyMvTghjXB/Smpk3qdNrg/y7tMOxzoc2gja8PJ4/Hqjy8X68VX3taEpERt+OjNPaZTHqyU5AlavGCWmltc2vN6iTp8vm7nay7Wq/ZygyRpemaaZs+cpiZnq/748tvd2no8Xp2otMvn80uSsqamyzAMXbrcqJZWV7BdZx+1lxv15sH31HUwcGl5lSrPVGtaZqpm50wf9DNYLDHBUdt/+NMBHXu/SrasDM2dMyPknwcAAAAAAAAAAAAw1kXlCGBJenDDGiVZE7R7b7EkadOGNZqfawueT09L0Y+f+HK3a+zVtWprdwf3bVmZ/a6fO9i1dcPltQNHVVpeGdyvdzh15vwleTxeJU9M0hc//VHlzsoacv+GIX3sjg/p9NkLKj70vsorzmh+rk0xMTE6fe6i6uobVbBykT63ca3i4+O0bm2hzlXXqvjQ+zr+wTnNnZ2tjg6fTlSek2HE6GuP3K+cGVM1O2e6pmWm6tz5S/rOj36rOTlZWnnjPC1bkhfs44U9RTp0rEIzszNVV9+kU2drFBsbq/s+UqBJyaGtMTx3zgzZsjJ0xn5JkrT29vyI/9sBAAAAAAAAAAAA0ShqA+ChsA1hrdw7b12h+ganbs5fEoaK+nftNNexsRZlpk/WqpsWas3Ny0Ie4dybtNQUPbZlo15986gOHHxPh46dDByfnKx1awt1563LFRNjSJLm5EzX43/zF9r157d07P0qlZRWKDbWIltWpj7xsVs0MzswFfWk5An66sOf0o7n9+m9E6d18MhxTc1I1bIleT36qL5wWfHxcVo4N0f337daM6YPfvrnTknWBOUvW6Az9ktKnZSsZdeM5AYAAAAAAAAAAAAQYJhm14l6o0eby60du/apqKRcUmBE8J23rui17dZtO3tdM7irx7Zs7DaCGKPL3tcP6Xe739Ctq5bqMw/cLcOIdEVA9CktOx1S+9SJ8TIMI/glqd9tdd2WZKiPdl2+D3Ts2u3B7A90vC+htgcNz7gIAAAgAElEQVQAAAAAAAAAYDSKyjWA21xu/f0TTwXDX0l69vl92rptZ6/tBwp/JamicuA2iE5tLrdKSk8oIT5OBSsXEf4CAAAAAAAAAAAAfYjKKaDrHU1qc7l7HL/saOq1/Z23rpC9prbfPiMxxTOGxwenzsteU6cbF+VqTs7Q10QGgEgzDCkmxlBMjCEjxlBgYLXBB1sAAAAAAAAARB3TlEzTDHz3m/Jf+YrOuYXRVVQGwLbsTG3ZvF6v7D+sk1XnJUmF+Yt1Vx9TQD+4Yc2Q73W0rFKOBqcKVi5WkvX619zF8PJ4vNr3VqmkwO+AxRKVg9YBoE+GIVliY2SxGME11wEAAAAAAAAg2nUOYJEkWa6+2/T7Tfl8pnwdfsLgKBWVAbAkLV+SJ3t1bbcA2JadOaz3qHc4tW37LkmBTzDctfqmYe0f1y8+Pk5/89efinQZABCyGIuh2CvBLwAAAAAAAACMFZ2zHMbFxcjnM9XR4ZffRxIcTaI2AL5Wb1NCX6/LDVenlA5H/wCA8ScmxlBsHMEvAAAAAAAAgLHPYjFksVgCQbDXL7+fIDgaRPV8ul1H/O7eWzzsIS2hLwBgOMXFxygh0UL4CwAAAAAAAGBcsVgMJSRaFBcf1dHjuBHVI4CXL8mTLStD9po62atr9fdPPCVbVqbm59muu+/LjiaVllUG96ekTbruPgEA45PFYiguPubqehgAAAAAAAAAMA51Lovn9fjlY1roiDFMM7qXZ7ZX1+rft+2Uqz18o3VtWRn65tc/G7b+AWAklJadDql96sR4GYYR/JLU77a6bksy1Ee7Lt8HOnbt9mD2Bzrel3CFs7FxMYqL41NtAAAAAAAAANCV1+tXh9cf6TLGpagPgKXAVM07du3T0fcqhz0ILsxfrE3r1yjJmjCs/QLASCMA7l84AuC4+BjFxhL+AgAAAAAAAEBvOjr88noIgUfaqAiAAQADIwDu33AHwIS/AAAAAAAAADAwQuCRx5trAABCRPgLAAAAAAAAAIMTGxujuHjep44kftoAAIQgNo7wFwAAAAAAAABCERsbo9g43quOFH7SAAAMksViKI4/UgAAAAAAAAAgZHFxMbJYhnepPvSOt9gAAAwS05QAAAAAAAAAwNDxjnVk8FMGAGAQ4uJjZBh8Og0AAAAAAAAAhsowDELgEcBPGACAAcTEGKz7CwAAAAAAAADDIDY2RjExDLYJJ95mAwAwgFjW/QUAAAAAAACAYcM71/DipwsAQD9iLIYsFj6NBgAAAAAAAADDxWIxFMN717AhAAYAoB9M/QwAAAAAAAAAw493r+HDTxYAgD4Yhhj9CwAAAAAAAABhYLEYMnj9GhYEwAAA9MHCJ9AAAAAAAAAAIGx4Bxse/FQBAOgDo38BAAAAAAAAIHx4BxseBMAAAPTCMKSYGP74AAAAAAAAAIBwiYlhGuhwIAAGAKAXhL8AAAAAAAAAEH68ix1+BMAAAPSCPzoAAAAAAAAAIPx4Fzv8CIABAOiFwR8dAAAAAAAAABB2vIsdfgTAADBGGCEslBBK2/GKHxEAAAAAAAAAhB/vYocfATAAjBEJ8XFhaTteEZIDAAAAAAAAQPjxLnb4EQADwBiRPCEpLG3HK/7mAAAAAAAAAIDw413s8CMABoAxIm1yshIT4gdsl5gQr7TJySNQEQAAAAAAAAAAGGkEwAAwhmRlpvcbAicmxCsrM30EKwIAAAAAAAAAACMpNtIFAACGT1xcrHKyp8rR2Kzm1ja5PV5JgTV/kyckMfIXAAAAAAAAAIAxjgAYAMagtMnJhL0AAAAAAAAAAIxDYyIArqiya8eu12Wvrg0eS09L0eYH79H8XFsEKwMAAAAAAAAAAACAkTPq1wA+Wlaprdt2dgt/Jane4dTWbTt1tKwyQpUBAAAAAAAAAAAAwMga9QHwjl37gtu2rAzdd3eBbFkZvZ4HAAAAAAAAAAAAgLFsVEwB3eZy69U3j6ii0i5JsmVn6r67C5RkTVC9wxk4lpWhb379s5KkdWsL9e3/eFr2mrrg+TaXW7v3FgdHCs/Ps+nOW1coyZoQgScCAAAAAAAAAAAAgOEX9QFwm8utrT/tPsVzRZVdFVV2bVp/e/DYsiV53a5btiRP9po6SVJpWaVe6BL+dvZxtKxSj31pIyEwAAAAAAAAAAAAgDEhqqeA7i387WSvrtXWbTuD+9eGuF33n9y+q+8+frpTbS73MFYNAAAAAAAAAAAAAJER1SOAX9l/OBjc2rIy9OjmDbJaE7R1247g6N7Oc4X5S7pdW5i/REUl5T3aPbZlkyQF+7BX1+qV/Ye1bm3hCDwRAACR1ep1qMpRrHPOUl1sqZDDZVeL57I8vjaZMiNdHoaRIUPxliRNjJ+iNKtN0ybO18yUZcpNK9CEuLRIlwcAAAAAAAAgTAzTNKP2be+/b9uhk1XnJUnfffxhpaelSAqMDC4qKVOby60ka4IK85f0Oo1zf+3aXG599R//U5I0L3eGvnElGAaA0crV1hFS+9raSzIMI/glqd9tdd1WIFzqtV2X7wMdu3Z7MPsDHe9LqO2tSVH9GamQHar5nUov7dYHjgORLgVRYG7aLVo29T6tzHog0qUAAAAAAAAAIb/fRv9Gzdtta5eAN8maoLtW39TtfJvLrfNXRvtaE+Nly87stR0AAOPJ62d/pgPntqvZUzdwY4wbHzgO6APHAb1UtVW3zNys23MeiXRJAAAAAAAAAIZJVAfAtqzM4AjgrT/dqce+tLHXkb7PPr9Pr755pMfx5UvydOfqFZqfa+t2vHNt4a73GSmudo9+/MvnVH3hsv72/3xKs2dO77d9k7NV/75th7wdPv39Vx7S5EkTQ7pfXX2j9uwrkSStXZOvjPTJQ64dADB6vHvpRb1UtVX1rrORLgVRrNlTpz9X/pveqd6he3If0w1T7410SQAAAAAAAACuU0ykC+jPurWFsmVlSJLs1bUqKinrtV1RSXmvx4+WVWrrtp3a/uxLanO5u7Qv67a2cCTW/3W1u/XSayXy+fz9ttv/9ru6VNcw5Pu0tLr0ztEKvXO0Qi2triH384tf/1EPf/0/tHtv8ZD7AACMjOdOPK7fln2F8BeDVu86q9+WfUXPnXg80qUAAAAAAAAAuE5RHQAnWRN0X5dwtmuI29WDG9Z0209PTQkGx1IgIN6xa1+v/WzasKbXUcUjobzijD44fb7P8xdrHdpf/O513WP2zOn68RNf1o+f+PKAo40BAKNbQ3u1th26Xwern4l0KRilDlY/o22H7ldDe3WkSwEAAAAAAAAwRFE5BfTRskrt2LVP9Q5nt+N9BbWF+YslSduffUmSVN/g1Lq190gKTA/tanerqKRctqwM3bX6pm79bN0WmAo6PS1Fm9av0fIlecP+PH1xe7x66bUSzZk5XfHxcd3OmaZ04OB7anS2jFg9AIDR61LrB/qfY3/NqF9ct7NNR/TUkb/U5278haZOmBvpcgAAAAAAAACEyDBN04x0EV1VVNmDoWxXtqwMPbZlk5KsCcE1fwvzF2vzg/cE2xSVlAdDYEn65tc+I0n69vd/LSkQ8n738YcDawBv2yF7TV2P+2zZvD6sIXDnGsB19Y2alpGmyjPV+uJDH1X+8gXd2tlr6vSDn/9emVMmy+PtUGtbe7c1gD0er0pKK7TvrVJVX7ysjg6f4uPjtPLGeXrgvts0cYJVktTY1KJ//UlgJFjn9V2PffkLG/TK/sM6dOykPB6vJk+aqE/ee6s+vGKRDEPavbdYL+wp6vEc1sSE4BrGpimdqDyn5158U+eqL8k0pYz0yVp/T6Hyly2QYQSuOX3ugn7w8/9V9vQpeugTd+gPf3pTJyrt8vn8mpaZqoc23KGF83KC9/D7TR0rr9RrB0p16twFeTxexcZatCDPpk9/8s5u6xl31tk5bfjvdu9XXX2jLJYYLV0wW5/+1J2anNJ9/WRXu1u7XirSwSPH1dLqUmysRbasTH3iY7doQd5MGYYG/WxANHC1dYTUvrb2kgzDCH5J6ndbXbclGeqjXZfvAx27dnsw+wMd70uo7a1JUfkZqV41tFfrqSN/SfiLYZVuzdHDK36j1MTsSJcCAAAAAACAMS7U99von+Vb3/rWtyJdRFdbf7pTritTNNuyMnRbwY1aviRPmzbcERy5+6OnnpMUCEnrG5zBwNaWnan6Bmcw2M1fvkBzcrKCx1wut5YvydOUtEnKX75Ak5KTNCdnulwut5zNbZKkU+cu6K7VN4Xt+To6fDp45LjcHq8++bFbVV5xRnX1TbrphnmKi7VIknw+v/73xf2qvnBZD6y7XWftl+Rq9+jWVUuVmBgvSdr98tv63QtvSKa0IM+mnBlT5XK1q6LSrvM1dVqxdK4sFova3R4deCewdnLn9Z3HXC633n2/So4GpxbNy5E1MUEXax169/1Tmj41TVlT0+VyuRUba5Gr3S2Xyy1bdqYWz8/RzOxMLZqXowlJiSopPaGfP71bLW3tWpA3UzkzMnWpzqG3Dx9XbGyM5s6ZISkQRr99+Lg8Hq8OHjkuv9/Uonk58pumLlxy6L3jp7UgzxYMud85ekK/+M2LanO1K292tnJnZcnn8+vU2Qt6/+QZrbhhnhITAj+Pk1XnVVFlV3NLm4oPBUZ758yYKmdzq86ev6Rz52u1fOnc4M+4rr5J//bksyo7cVpJSYlaunC2MtIm6Yz9og6VVmh+rk1pk5MH/WxANOjw9r+m+LVaW1sJgPsRFxfVqyR0s730C7rQciLSZWCMcXU0ye48pvysjZEuBQAAAAAAAGNcqO+30b+oG97UOe2zLStD3/z6Z3uct1fXdtsvKimXpOBI4MuOpuA5W1ampMCawJ3a2gPhcpI1IRj0rltbqG//x9OBQPmaaafDKXv6FBWuXKS9bxzW4WMVumXVUknSuepLOlZ+SsuX5mnenBna+/qhHteuXrVUH1q+QNMz04OjUD0er37yX8/r5KnzOnXuohbk2fq9v6vdrWVLcvXZjXcr1mKRaUq79xZp995ilRyt0Iql87RsSZ6WLcnTL379R9U7AmH7fXcXBPuw19Tp2ef3aXLKRH314U9qWmaapMA6y0/+6nm9/tYxrbxxvjKnXB2t29TcqnVrC3XvXR+WYUgdPp+2P/OS3jl6QsfKqzTLNk2StHThHP39//dp5cyYqpiYwEOapvTr3+3Vmwff03vHT+uWDy3p9kzOljZ99eFPKXdWliSprr5R3//Z73Wu+pJqLl5W7qwsdfh82vnC66q93KiClYuCz9/5M6w8U6Mc29QhPRsAjLTnTjyus01HIl0GxqizTUf03InH9ckFT0S6FAAAAAAAAACDFLXDm5b1MQ1zZ4DbVVFJubZu26mt23bqZNV5SYEAuXPEcH3D1VA3KbH3dYT7ul84xRiG1ty8XFPSJmnvG4fU1NyqDp9Pf3r1HcXGWnT37fnq6PCpsannOsBpqSnKmno1/JWk+Pg4JU+0yuvtUFtb+4D3T55o1drb84Php2FI83JtiouLVVNzq9rdngH7OHll1O3ypXnBgFQKBOy3F96oRmeLai5e7nbN1IxU3VZwQ7D2WIslOPXzpbqGbn3MnjktGP521pg6OVmS1NDY3KOeFUvnBsNfSUqbnKLs6VPkaveoydkauEdtg6rOVGtSygR9/CMfDj6/FPgZLpqXo1iLZUjPBgAj6d1LL+pg9TORLgNj3MHqZ/TupRcjXQYAAAAAAACAQYq6EcCdSsurtG5tYY/jnaN6A9sZuuxwytXuVkWVvVu7ebmB0a/1DmdwlHB6aops2ZnqTWl51XCVHpL0tBTdeety7dj1ug4ePq7pU9NVduK07rxluWZMz1CTs0X+XpZpbnd7tO+tUh08fFwNTc1qc/UMxgcSFxenCUmJ3Y4lxMd2C0QHcsZ+UZL08huH9fIbh3ttU3OpvlvAPnGCVbGx3X/1egvmO3w+vXPkhPa9dVSXHU61tLoGrKdz+uhOFkuM4uO636uuvlEtre3KnZWl5IkT+uxrKM8GACPppaqtkS4B48RLVVt1w9R7I10GAAAAAAAAgEGIugA4PTUlsGZvda22btup+Xk2JVkTVLBysZKsCUqyJsiamCBXu1tt7W59Y8tG/fu2nXJdGRk8L3eGbFmZwfD4aNkHwb5d7W61udzBkcFSYDrfbdt3BaeW7jpd9EhZtWKhig69r5ffOKzExHilTkrWmpuXq6/lKj0er372P7tVXnFGsbEWZU+boqxp6ZKkk6fOj+g01j5fYE52W3amZkyf0mubrKnpIfdrmtKzz+/TG0XHFBNjaGpGqhbPn6WYGEPnL1zuMRV4KPx+U2Yvofq1wvVsADAcXj/7M9W7zka6DIwT9a6zev3sz3R7ziORLgUAAAAAAADAAKIuAN60YY22bd8lSaqosgdH9r5VUq7HvrRRSdYELV+ap6KSctU7nKqosuufvv5ZXW5o0vzcnmveFuYvUVFJuew1dWpzufX3Tzylb37ts0pPCwS9r+w/3G308KYNa0bgKSWfzyeP1yspMCL2nttX6r+e+bOamlu1af3twfp60+hs0fkLdUpJTtI3tmwKTk9smtLPn94dlgDYYul9tvAZWRkqKa3QbNs0feaBjwzb/dpc7Tp99oLi4mL16Ob1Wjx/VvDcrpfeuq4AOD0tRUnWRNXVN6q5pVXWxPhe24Xr2QBgOBw4tz3SJWCcOXBuOwEwAAAAAAAAMApE3RrAy5fkacvm9T1G4tqra1VUUiZJWnf31amhd+8t7hH+1jucevXNI8HRvo9t2SRbVoakwIjfJ//76ohfW3amrIkJSk9N0ZbN67V8hKbz9Xg61Nplnd7lN8zVh5YtUN7sbK1cNr/faxPi4xUX2zO7P3W2psdU2MNl+pWRrueqa9Xh8wWPL104R8kTk3TkvQ9Udaam2zUej1cnKu3BkbShiLVYlJjQM5itq2/SO0dPhNxfV9Mz0zR75jQ1OVv1x5ff7vY8XWsO17MBwPU6VPM7NXvqIl3GqJS75A19785T+t6tv1L+dfRz/4dP6Xt3ntK3VvzV4C5YtDdw39t+q9XXcd9IavbU6VDN7yJdBgAAAAAAAIABRN0IYCkQAncGsUfLKoMjgjvXuQ2sm7siGPJu3bZTtuxMLV+SJ3t1rSqq7GpzubuNGn5syyZt3bZD9pq6wPTSP92px760MXCvJ74csWftFGux6Auf/uig2qYkT9DiBbP0RtExffcnz2jRvBy52t06fe5inyN1r9fShXP0yv4jOlZepX/5wW80MztTd9yyQjkzpuqeNfn6w58P6N+efFZzcrKUkT5JzS0unTx1XrEWi772yP3KmTE1pPslJMRpxQ1z9cHpam377xe0cO5MxRiGKqrsslp7rhccivj4OK1bW6hz1bUqPvS+jn9wTnNnZ6ujw6cTledkGDH62iP3a2Z2eJ4NAK5X6aXdkS5hlNqo1alXPjAWX6D82VLJ6chWNNqUXtqtlVkPRLoMAAAAAAAAAP2IuhHAXbW53Nq9tzi433Xt3gc3rFFh/uLgvr26Vi/sKdLRsspgUNwZ9PY3Eriz7WhiGNLG+27ThntulmEYKimt0KW6Bn1+01rN62Ua7OFgy8rQ1x65X3NypuvCpXoVH3pfjganDEP6yG0r9fVHHtDCuTnBUPXkqfOaOztbX/niBs3MHlpAuubm5fr8prVKsiboWHmVqs7WaP09N6tw5eKBLx7AnJzpevxv/kIFNy2Sx+NVSWmF3jtxWtMy0/XI5+7TzOypYX02ABiqVq9DHzgORLqM0Wn2RuXFSzIlKUE5Gf+stAiXNNp84DigVq8j0mUAAAAAAAAA6IdhmqYZ6SL68uzz+/Tqm0ckBQLIx7Zs6hYCS4ERwrv3FMlec3UqzPTUFCVZE4LHbNmZwZHAgRHDO4LnkqwJeuxLG2XLzhyhpwKA8HC1dYTUvrb2kgzDCH5J6ndbXbclGeqjXZfvAx27dnsw+wMd70uo7a1JUTlJht699KJ+W/aVSJcRVquXHdRqPaV/Kf3lMPZq04YPvaGCZMlxaafaMzcqy7Cr9OhtemYIeeb9Hz6l/AmSq+E7+taRQdS5aK++Nz1P6ijWi2/8hfaHfsuo8RdLfqIbpt4b6TIAAAAAAAAwhoT6fhv9i86321fYa2qD272Fv1L36aLrHU6lpwXWDu4a9Had8vna6aA7RwI/+vn1hMAAgKh3zlka6RLCLjMxQ8nKG95O076u+cmSzHJVVP1fORPWK2uyTbkzN0qOncN7rzHunLOUABgAAAAAAACIYlE9BXRf2lxuvfrmEe3eWxxcB1hSMPyV1GPK5/6mg653OPXkf+9SvcM58g8DAEAILrZURLqEUSl/ZkFguueWYj3vkl6rKVazpOTJG3VHn1fZtGzur/T11cf1vTtP6Xt3ntK3bv6t7p3a93ILaVP/QZs/XKon7gi0/95tb+iv564bU1NN8zsIAAAAAAAARLeoDoDnd1nPtjO8bXO5tfWnO/Xs8/v0wp4iPfv8vuC5a4UaAn/7+0+PyjWBAQDjh8Nlj3QJo9Cjyp+cIcmts3XfCRy68JSqXJIsK7R0Xu+B7oJF/6UHZt6uzLgEyXSrw+dWXEKBVi/6L+VYerlgyne1edFfacGEFMUaUofPrY4Ym3Jnfk+bk3vOYjJa8TsIAAAAAAAARLeoDoDvWn1Tt/D2q//4n/rqP/6n7NW13drZq2tVVFLWax+hhMBtLre2P/tSGJ8IAIDr0+K5HOkShplNuZnrtGza1S9rjKSYSd2OLcssGPIo2rR59wQCW0+xSk53Hi3WnsZKSVLWlK8rt8dF39W90/IUK8nV8B/60WsL9fjrC/V48d+o1GVTZuK1FxTo/ryNyoyR5C3WnpI5gfb7btMzF+1Km9j3qOHRZuz9DgIAAAAAAABjS1QHwNcGtF3ZsjL02JaNwf1rR+52ThNd73AOKgROTw1MH11aVhnGJwIA4Pp4fG2RLmF4zf6BvrD0h3po8dWvJVZJ1rXdjj209Fd6cPZQblCgtVMWS5IcDU+ppMsZx+li1ZiSrAVaPb37VbnZBco0JPmOaP+RJ1XTecL1gp45uUeOa2+T9lnlTpAkt87a/0KvBVeVsKu0/J9U5hpK7dFpzP0OAgAAAAAAAGNMbKQLGEhnQPvK/sOqqApMOWjLytS6tYVKsl6dTrG0vErr1hYG97dt36WKKrte3n9Y33384WA/W7ftkL2mLhgCP/r59UpPS1FSUqLqG1gDGACAEXX6b/Wr1uVK7vKRtKVzfqgl2qNnTv356kF/nc7V9rx8QNMfVq5Vklmuiqri7udc/6T3mjYqa3KG8rIelS48GTyVl5AZ2Gg7oteu7dPxmmo965QW3+XY5AylSJJZqbOnr72gWMdb67TM2vMDbQAAAAAAAAAw3KI+AJYCIXDXcLer9NQU1Tc4Za+u1be//2stX5Kno2WVV6eJNrv3c20I/O3vP630tEnB9p0jgQEAiEbxliS5fa2RLmMY2VVV231N2bxZP5TUpNKLL1x373dkFSg50KvyVx1X/rUNjMCHyWIn3aMN1if1/JWRusmxgeOujt5S5xfU7P2h1DUATkwJ/FHlc6q5lytKvU16SGMjAI63JEW6BAAAAAAAAAD9iOopoAdj04Y1wW17da1e2FPUbY3gruelntNKt7nc/bYHACCaTIyfEukSRg/rP2vppCuzhRgJirX08tX5l5CxWPNzC4KXNncElpawxmb20vE6Jcddc6jdqQ5JsqRcCZy7WxY36fqeJYrwOwgAAAAAAABEt1ExArg/y5fkacvm9drx/L5uUzinp6Zo04Y1Wr4kr8c1nSHwjl37dPS9Srna3bJlZWjThjWan2sbyfIBAAhJmtWmetfZSJcxKuTm3q4sQ5Lndf3+zS90W/+3q7RFe/V30/OUlvqw8lWsEkklbXbdMSlPSlqhO6Tu00Cn3aHM+Gs6uVApx+wVyjTylDNbUrdpoAu0cMLYGP0rBX4HAQAAAAAAAESvUR8AS4EQuLegtz9J1gRtfvAebX4wTEUBABAG0ybO1weOA5EuI6xq2+vUrMrr7GWjVqcGgkpHw1N9hr+S5DhdrJppecqKL1D+bKnkdJdjlhVavfIfVHPoOzohSdZ1emjeWqVd24nrSVU1b1RmcoJybL/Xvc3368XLkmTTssX/rCXW63ycKDJt4vxIlwAAAAAAAACgH2MiAAYAYLyYmbIs0iWE3f7SVdp/vZ3M3qi8eElmuSqqivtv6/onvde0UVmTE5ST8Q/S6e9Irn/SnosF+sz0PFkn/ZU23/EZdfglxSQo1qxUrTtPmQldO7Hr+VM7lbt0ozLjVmj1jadU6HMHpp6Ocau2tU6ZY2QU8Hj4HQQAAAAAAABGs1G/BjAAAONJblrBwI3GPZs2ZKwIfMqtpVjPuwa+4rWaYjVL0sQCbbgyWvfE+3fr12dfV63XHVxD2Os5ouL3v6izHb10cvn/6j/e+6VOtDrVYSqwxrC/TmfP/522O5uG7ekijd9BAAAAAAAAILoZpmmakS4CAHD9XG29JVJ9q629JMMwgl+S+t1W121Jhvpo1+X7QMeu3R7M/kDH+xJqe2tS9E6S8cujnx3z00AjOs1Nu0V/tfzpSJcBAAAAAACAMSbU99voHyOAAWCcCjUQRfRYNvW+SJeAcYrfPQAAAAAAACD6EQADAELWOfoXkbEy6wElx4+N9WQxeiTHZ2hl1gORLgMAAAAAAADAAAiAAQAYhW6ZuTnSJWCc4XcOAAAAAAAAGB0IgAEAPTA9dPS7PecRpVtzIl0Gxol0a45uz3kk0mUAAAAAAAAAGAQCYADAkBEUR9Y9uY9FugSME/yuAQAAAAAAAKMHATAAAKPUDVPv1arshyJdBsa4VdkP6Yap90a6DAAAAAAAAACDRAAMAMAo9skFTyhn0opIl4ExKmfSCn1ywRORLgMAAAAAAABACAiAAQAY5R5a8iPWA4Ce7d0AAAdmSURBVMawS7fm6KElP4p0GQAAAAAAAABCRAAMAMAol5qYrc/d+AtCYAybdGuOPnfjL5SamB3pUgAAAAAAAACEiAAYAIAxYOqEuXp4xW+YDhrXLWfSCj284jeaOmFupEsBAAAAAAAAMAQEwAAAjBGpidnasvL3WpX9UKRLwSi1KvshbVn5e0b+AgAAAAAAAKOYYZqmGekiAAAjy+FoUktzqyTJMAwZhtFtu+t+8HvXNurlfC/fBzp27fZg9gc63pdQ21uTYkNqH23evfSiXqraqnrX2UiXglEg3Zqje3If0w1T7410KQAAAAAAABiHXG0dkS5hTCEABoBx6NLFy3K7PZJ6D32HKwAeTOhLABxer5/9mQ6c265mT12kS0EUSo7P0C0zN+v2nEciXQoAAAAAAADGMQLg4UUADADjjGmaqj5/SX6/XxIBcF/GSgDc6VDN71R6abc+cByIdCmIAnPTbtGyqfdpZdYDkS4FAAAAAAAAIAAeZgTAADDOuN0eXbxQ12/oSwA89gLgTq1eh6ocxTrnLNXFlgo5XHa1eC7L42uTKf4kGEsMGYq3JGli/BSlWW2aNnG+ZqYsU25agSbEpUW6PAAAAAAAACCIAHh4EQADwDjT0tym+vqGqAyAewtpCYABAAAAAAAAYGwjAB5eMZEuAAAwsjrX/gUAAAAAAAAAAGMPATAAjDNuT2gBcKgjZ8PVBwAAAAAAAAAAGBgBMACMI+3tbnk93kiXMWgExwAAAAAAAAAAhIYAGADGkXaXO9IlEOoCAAAAAAAAABBGBMAAMI60t19fAEx4CwAAAAAAAABAdCMABoBxor3dHVIATNgLAAAAAAAAAMDoQwAMAOOEq619wDbDEfoSHAMAAAAAAAAAEDkEwAAwDnR0+NTm6j0Avt7AlsAXAAAAAAAAAIDoQQAMAOOAq80lj9sz9A4IeQEAAAAAAAAAGBUIgAFgjDNNU62trm7HwjFql5HAAAAAAAAAAABEHgEwAIxxra0uuVztBLQAAAAAAAAAAIwDBMAAMMa1tLQO2KZrODzYoDiSgTJhNgAAAAAAAAAAvSMABoAxzNnUorZrpn/uNNQQ1dDwha8EuQAAAAAAAAAADC8CYAAYozo6fGppaR3S6F4AAAAAAAAAADA6EQADwBjldDarvd19XX0QGAMAAAAAAAAAMLoQAAPAGNTe7lZLc1tEawg1PCZsBgAAAAAAAADg+hEAA8AYY5qmnE0t8nq9kS6lB0JeAAAAAAAAAADCiwAYAMaYxkanmptb+jzf15rAA60VPNTwltAXAAAAAAAAAICRQwAMAGNIW6tLzqZA+DtQoDtoBLgAAAAAAAAAAIwaBMAAMEZ4vV41NjkHNfVzKCN/B9vPUK4fKdFaFwAAAAAAAAAAw40AGADGANM01dDgVFura9jC3f6MluAXAAAAAAAAAIDxhgAYAMaAhoYmNTU6I13GiCBsBgAAAAAAAACgbwTAADDKNTY0yeFoGvZ+ewtaDY2+8JXAGAAAAAAAAAAwnhAAA8Ao1tTULIejSabfP6jpnkdieujBGuj+BLcAAAAAAAAAAISOABgARqmmpmY56hvl8/n6bRdqkDocYSzhLQAAAAAAAAAAkUEADACjUGOjU476Rnm93m7HBzPCN6RRwP0EuYTCAAAAAAAAAABEn9hIFwAACE2Do1ENDU51dHREupRumMYZAAAAAAAAAIDIIwAGgFHk8mXHgGv+hit0NWT02v9IhrwEygAAAAAAAAAA9I8AGABGAY/HI4ejSY0NThnG1SB0oEB0qCHx9QSthLQAAAAAAAAAAEQOATAARLnW1jY5HE1qbWnrt91Q1/kN5TwAAAAAAAAAAIhuBMAAEKVM05TD0ajGBqe83sB6v71lsUMNaAccEdxPv9cbChMqAwAAAAAAAAAQHgTAABCF2tpcanA0yelskdR7WBvKaN6wrQs8hFr6azeY9qEgaAYAAAAAAAAAjDcEwAAQRbzeDjU2NqmpqVleT+eo386Qte/rwj3ls6HBrTkMAAAAAAAAAAAiiwAYAKKAaZpqbHSqqcmpttZ2SYMLW0MJZIcU/IYY+BIQAwAAAAAAAAAQWQTAABBBpmmqqalZzc4WOZ0tPQLUa0f/9jblcn/HBiPU9X8jhXAZAAAAAID/v71712kgBqIAOj2I//9FRIOy3veLIqKAJBtbWRKJnNN4Je/Y7q88BgC4TgAM8ADDMEaq6jhUKVJVXwx+S5UEw7l7fLd/LqkrffMXAAAAAADYhwAY4I5SqiNVddR1E23bR8RpUHs6xub87+9zcts/lwS3OTWla+asBwAAAAAAXCYABvhD67pG07SR0jH0rVN79ZZuiVtbQW+1f372IPb94/PRRwAAAAAAeApvL6+PPsK/IgAG2NGyLNG2XXRdfxzbLpqmyw5n97r9u+cbwZfWLZm7dV8AAAAAACCPABigwDzPsSxrzPMU0zTHMIwxTVMMwxh930ffDzGN84+aa7d8t8LdnLqcf3Nqzs7F9pnu1cJZcAwAAAAAAHm+ACli4udmq6t+AAAAAElFTkSuQmCC" height="600" width="800"/>]]>
  </system-out>
  <testcase name="VerifyQuickLaunchItemCount_002" time="8.566" classname="testcases.QuickLaunch"/>
  <system-out>
    <![CDATA[<img src="data:image/png;base64,iVBORw0KGgoAAAANSUhEUgAAB4AAAANOCAYAAADwDxERAAAAAXNSR0IArs4c6QAAIABJREFUeJzsvXuQLcdd5/nNqvPq7tOPe7vv+ynrbVtijMLLYmN5hsUwDBiIdUAsSzi8RDDsHyuzsRMQLCy74Zkhlt2BmAd27AADS3gjCBMemGAwDCN5MMg2NmAkS7Zky5KudK9079W9fbtvvx/nUZX7Rz1OVVZmZWZVVp3T3fl1WHmzT1Xl4/c7n/P7VWWeQyilFFZWVlZWclEftL8DMtgB3V0F9u+Cbt0ENm8Cm9fgr1wBXb8CbNwACACKbAmAkHLdEJ7Oa4/TPnu4rE4BOETh8jQYW24p6I6szp8F5oxUA4K6dIJKlPFA2QlRGlB5adrfVHNxPRxuZjpy7F+2jBRNd/SC0NzpMxTqReyf1wGVUjTDElVsb9Pt5/GmUFnA3yJVxp9aeMOWiQnR8R9dTQhvdD5vjJY5vInrQlXEm0L8Ec4wU2dUs/3Ltl8Lb+rkDzfeMfH5o+t/7IQk6geYP9J3xwTzRz7+cfJHeYaZOqMJ509kf/Zwne6b5k+kQrxhzxgbf6IJrJk3rCr2t0L8EXTLVBmJ5U9x3rD1kvzR8Z9Dxhu2fdXRHmzeMPUq3wH2/s4Bur9jZXW05P7m9fjfd9e3sLWzi15/AABot5qYnZnG8YXZ+BhiHwBbWVlZGVRvC/7KN4HbX4N/63ng1lfh3/oa/9gwcCFAoYCuXKqrH1ATUlVAzZZgIj6+Sic4BRIacwmO4jRVqVLtiUZc0v6F/IkdkKjODJ+X0HDOrqzkJTSC2a1EY02g5LwxXmrzxjB/DPCmFH8mkTd18qf2B6ZMXdCd2viTM9xa+DNR/jdO/oAxSKKe4z/avGFLy58KeMPWNflTyJ/YAYnqaU1CvJMZvuLsGtFE8iZSlbxhS4wMcsB4o8oftQ6yJxhWqfZ1Catj/6r4wwyfxxsOf+rkjSp/jGis/ifgTYY/FVrgENzf0eKNaACHmj9F7F8Pf6ysjpLc37yOwWCIm8ur2O/1ucd02i2cPbmIZrNhHwBbWVlZVSqvB3r9b0Df/BLotS/Av/bFxIvpAIYwsYw0AE4kVLXtQAg7kIrfD2SAK5NCAGw8sNUMgCUrUEsnULJSwd9UZ7OQ6vY3rfYLJEwmEmythCk/gVLlz5FZAVwr7zR5M64dNwX4Y5Q3dfKnVvuXbb8C/ij7H9th1Tp/uHG9gP0tf4pqnPxhBxxVa+YNWxbwt5zZNMOfOlWIN2zdMH90/OcA8Ib1NxFvMs+Pq9BE8CZqr0reCPyHxxvWHRM9Ns4fA/4nml0l1Wp/3fbZN0AF/Cn8eccOIH94wvoY+JOarRz+jN/+ZdtX8JeJy7fS5STyRzSbhTRu/lhZHSC5v3kd127cFj78jdRpt3Dp3Cn7ANjKysqqTvmvfw706l+Avvbn8G+/kH4xGXA7kAQ8/JCLlAn5FAPe7E5gdgCiukQ1B3iihIsNsKsK81UC7kjmp0Mx4akywZEmPJr+U1aa/qfq/SYTLNV8SCkhK5VgiVowzxtl/9Hlz5gTTC5v6uRPznSbv8Es4k3UoTHwR/OBtnGV9L9J4E8kJd6UGr9qi+Pkj6Ysf7K8McYfBX+ZOP5wyipVsr1K+KNyHqe7xvijfEUDflDY39gBFFTdvAHT+zHwRjXeKT8dk8Qb1t/YCTEyYLl03tA5p8vqWrypkz9a46+JNxUuqMmopP11pcSbkvavij/lJeJPEfuXLUONmz9WVodYG//3N3Hn7rrSsSeOL9gHwFZWVlbjEN24DnrlP4O+/KfwX/uc8DiiEV+DE1DyEmzO4dol9zeBCwTU8ThhIP5LNcBG1JWG9hAG2CYTKJkMJ1SqvS9jf90yErdudPyiFk0k1IoJk6w+iTeQFXijeHqhhHp8K5TZBmvgj3DgiQmqmzd18qeA/SvnTeHxK7WYLsfOH5PjL6ADwJ9I5vkj4M1E88ewxsSfMp8/k8MfVd6wdYn9jfhXJIn/1M0bzfaN84YtFfwtUm38ybRQB29Y/4tkmD9HgDe5/pN4Qfh2V5Yh3tTJn4rtL5XK20P9cDO8qZM/qQ6J+FMBd6T+l5igA8QfWW8nmT+1vN+srA6Qrv8fz0h3/0bqtFv2AbCVlZXVWNXfgf+tP4b/0h/Bf/nPcgMcrYfB0TmpfzEhFfcGonpCVfw3gUMZXhE4iQFtYrbVAtoJSijT7aumdCYSKpn/sQMQ1fXGX+WCCW6pMnxmdkX1QqrU/xT8pSR/ipfR+GvmDVtWwBtV/gg7WKfq5o0Kf3T85xDyRst/dFUpb1hNEm9YfwNjkGLj1+ZPAftXzps6+aPVfk28sfGOUrxjRBPBnxp5w/qH4QUaRvhTcnSRCvOnTmm1b4A/lfNG4j8q3VO4+jh4Y8Q9auUNK/YNVid/QknjnWr4o2P/SvkzVvtL2s20r0rUSeKPlZVVpCv/619D9ZEuIcQ+ALaysrKaCA324L/4adAXP838TnBW0YNg7g0cQYAr+kbp0glWeGE2nsssCK9CRgPsAgFw4QBXMYGS1TXHL02YdEsDCZbq7HM1UQkWO2D2DWD0nYd8/4sOM5swZfzHgP3L+p+IN3WYvx7esHWJ/Y3MLDtAgQryJu/00vzRvA47u7myvJG/4XX8R3G4cT1sJrc75kedzxsBfyqRUf8zxJs6+aM5fuP8URi+Ud6wOhD8qfAdqB3v1MCf6kab9Ze6ecPKqL8p8EbF/lXyRoU/OSrNnwp5o2S+ieINW7JvgEnkTUn+8HhTJ394vKmTP0b9T/UdoWL/svxhByioa46/NG/Y8qjzx8rqAOnVn/+y1vH2AbCVlZXVBIluvAn/65+C/8Lvg66+mpvwBDtwR3VZxEQKJzxswBv3NuyHqcErDKNKCaaDTbh0uls24BYlXPLpmKSERzEBmjD7l21fOyErkGAZTcBSF8jyRuo/ZcvSK4RLaswJ5iTwxtwOiYPAm6idnNOr1CTypk7+5F5AxJ+KeaP1QLskfwzbX7t5Hm84/DHOnag8tPyJZzi/fsD5o80bthwjf+QdHCd/EhNkkjda48d4+KPZPdP8iaQ/fJnHKdrfyMjYGRTU6+YNq5LtF+bPRPCGbVDEG7ZeBW9Y/xPNaEmNmTei6aiNPzlv9+ru7yTqY8+3FE63srIqJPsA2MrKyuow6I0vwnvuk/Bf+LT00PgBrGKAxR4OSV2ldBTjS9WEqVAAzEuoMgmW0ZA+XfJu4LA3+KpUzQF2xl94CZXhBDvXf3gJlXD8qh5YxP5lEyrRDEs07oRKs/0yvFFNsLX8J6eelSJ/auENWyYmRMd/dDUhvKnyhp7M30S8ke+QqIg3hfgjnGGmzqhm+5dtvxbe1Mkfbrxj4vNH1//YCUnUDzB/pO+OCeaPfPzj5I/yDDN1RhPOH9EDBZ3um+ZPpEK8Yc8YG3+iCayZN6wq9rdC/BF0y1QZieVPcd6w9ZL80fGfQ8Ybtn3V0R5s3jD1Kt8BVd3fkScLgWr2PxFvcj/+FbtZljf68Y6V1eGWfQBsZWVldVg02IP/7G/De/a3Qe++Lj2cEOkhyaNBDAfU2r8JXPIBRukEp0BCYy7BUZymKlWqPdGIS9q/UKrADkhUZ4bPS2g4Z1dW8hIawexWorEmUONM4FV5Y5g/BnhTij+TyJs6+VP7A1OmLuhObfzJGW4t/Jko/xsnf8AYJFHP8R9t3rCl5U8FvGHrmvwp5E/sgET1tCYh3skMX3F2jWgieROpSt6wJUYGOWC8UeWPWgfZEwyrVPu6hNWxf1X8YYbP4w2HP3XyRpU/RjRW/xPwJsOfCi1wCO7vaPGGldOCPz0POrMEzBwD7cwD7RnQ5gzQbAFuczQi6oEMB4DXBxnugQz2QPq7IP1tkN4WiDeQtZZVLfwpYv96+GOlKxrYhPqgngf4Q2A4ALwB6KAHDHrj7qBVjuwDYCsrK6tDJv+1/wL6ld+Ad+Wz6fBHEFcBegEuJK8LA2DOAYT9seEqVWmCpRAAGw9sNQNgyQrU0gmUrFRIqFRns5BqTah12y+QMJlIsLUSppIJuIGEuihvxrICuFLesNLkzbh23BTgj1He1MmfWu1ftv0K+KPsf2yHVev84cb1Ava3/CmqcfKHHXBUrZk3bFnA33Jm0wx/6lQh3rB1w/zR8Z8DwBvW30S8Ud00VkoTwZuovSp5I/AfHm9Yd0z02Dh/DPifaHaVVKv9ddtn3wAV8Kfw5x07gPzhCetj4E9qtnL4M377l21fwV8K2N+fWQKdPwM6dxZ0/iRoez40anH+kMEenP0NOHvrIPtrcHbXJ5Y/otkspHHzx4oRBe3vA/090N6ufSA8YbIPgK2srKwOo+6+guHf/D/wnv2dMMiTJzi6O3KJoYSHkHRdWTUHeKKEi03wTSZYugF3JPPToZjwVDLSSPyEJzUhOv5TVpr+J03gOZcrm2BpJfA5dbUO5o1ezh9pafwGi6xucvzlxeVNnfzJmW7zN5hFvIk6NAb+aD7QNq6S/jcJ/ImkxJtS41dtcZz80ZTlT5Y3xvij4C8Txx9OWaVKtlcJf1TO43TXGH+Ur2jADwr7GzuAgqqbN2B6PwbeqMY75adjknjD+hs7IUYGLJfOGzrndFldizd18kdr/DXxpsIFNRmVtL+ulHhT0v4EgN+eBT12Af7iZdBjF8KdvTkdKjV+CmdnJf4/6W8LjhPxp4j9y5ZR18fMHyujosM+sL8Nur8d7BS2GqvsA2ArKyurw6rhPrwv/2t4X/5XwHA/G3pz4n3HSddlCRO7gbdogu04agF1JCPxX6qBKKBlW6gjwWYDaraDonpJGU6oVHvPs38tK5TZutHxKyTglSVUkST1SbyBzE6PuPfl/UFh+mvnTZ38EQ48MUF186ZO/hSwf+W8KTx+pRbT5dj5Y3L8BXQA+BPJPH8EvJlo/hjWmPhT5vNncvijyhu2LrG/Ef+KJPGfunmj2b5x3rClgr9Fqo0/mRbq4A3rf5EM8+cI8CbXfxIvCN/uyjLEmzr5U7H9pVJ5e6gfboY3dfIn1SERfyrgjsD//Jkl+CfuA128F7R7rHb+kP4O3J07cLZuw9m7qz2hst5OMn/G8nlvJRTt7YDubgK93XF35cjKPgC2srKyOuTyvvJv4X35X4NuvaUcXhLCCam4NxCZncAlQjjxDuRQhlcETmJAm5httYB2ghLKdPuqKV3xhEo9oWcHIKrrjT9qdpISanZ2RfVCqtT/FPxFwB/zN3RU+aM3Qm3esGUFvFHlj7CDdapu3qjwR8d/DiFvtPxHV5XyhtUk8Yb1NzAGKTZ+bf4UsH/lvKmTP1rt18QbG+8oxTtGNBH8qZE3rH8YXqBhhD8lRxepMH/qlFb7BvhTOW8k/qPSPYWrj4M3RtyjVt6wYt9gdfInlDTeqYY/OvYvMjp/ehH+qQfgn3oQaHflHaza/l4f7tZbcDZvwtlbL9i+KlEniT9Wkyba3wN21oOviLaqVfYBsJWVldURkPfcJ+F98V8Am9cBxQAXRD18U9oJnPgDG88l+1GZjAbYBQLgwgGuYgIlq2uOX5ow6ZYGEizV2eeqrgRLqX12wJH9I5lMsGX+Fx1mNmHK+I8B+5f1vwx/QtVh/np4w9Yl9jcys+wABSrIm7zTS/NH8zrs7ObK8kb+htfxH8XhxvWwmdzumB91Pm8E/KlERv3PEG/q5I/m+I3zR2H4RnnD6kDwp8J3oHa8UwN/qhtt1l/q5g0ro/6mwBsV+1fJGxX+5Kg0fyrkjZL5Joo3bMm+ASaRNyX5w+NNnfzh8aZO/hj1P9V3hNj+tDEVPPg9/Q7Q7vES/EkOEIm/KfAmZ/xksAN34ybczRsggz193rDlUeePVWHR3g7o1l1g2B93V46M7ANgKysrqyMi/2u/h8HnfwXYeAMAAVEM7YQ7czkRHjFwg1f5IfC4Az7BdLAJl053ywbcooRLPh3lE55Jv8FrXIbbl71blBIuxW4ZScBSF2AzfAX/KVuWXiFcUmNOMCeBN+Z2SBwE3kTt5JxepSaRN3XyJ/cCIv5UzButeKckfwzbX7t5Hm84/DHOnag8tPyJZzi/fsD5o80bthwjf+QdHCd/EhNkkjda48d4+KPZPdP8iaQ/fJnHKdrfyMjYGRTU6+YNq5LtF+bPRPCGbVDEG7ZeBW9Y/xPNaEmNmTei6VDhD104D+/8t4Eu3qPV5ND3sdb3sE5dbKKNHXcKe24HfbeNAWmBEgIHDlx/iLa/j85wH11vB3PoYZ4McazpoOk4nCuLPc7ZXYG7/iacrVvp18eebymcbnWoRLfvgm6vjbsbR0L2AbCVlZXVEZL33CfhP/3LoDvLcSAl/OZllvZEPV0smlBHpeg3gcFcX1TPinMGL6HKJFhGbh3wS94NHPYGX5WqOcDO+AsvoTKcYOf6T+IFobnTZyjUSybYJhMomcadUGm2Lxpt4bKAv0WqjD+18IYtExOi4z+6mhDeVHlDT+ZvIt7Id0hUxJtC/BHOMFNnVLP9y7ZfC2/q5A833jHx+aPrf+yEJOoHmD/Sd8cE80c+/nHyR3mGmTqjCeeP6IGCTvdN8ydSId6wZ4yNP9EE1swbVhX7WyH+CLplqozE8qc4b9h6Sf7o+M8h4w3bvupoDzZvmLphj6eNDvzTD8E79y6gPZPlDef+zs5giJtDF28581hpLwEkOCyr4KYYIQ3Q6GQ6ulAwJIKl/ds47a3hbMPDTKuhZH/i9eGuX4O7dg3EG+TOtEgi3uR+/BuZdTlv9OMdq3GJDvZBN1eAQW/cXTnUsg+AraysrI6YvK/8Wwz/8p8B/Z3U3/NT4VHERgBpQE0MhHSZncclH2CUTnAKJDTmEhzFaatSpdoTjVijrPyBqcR/eAkN5+zKSl5CI5jdSjTWBKqeBL4cbwzzxwBvSvFnEnlTJ39qf2DK1AXdqY0/OcOthT8T5X/j5A8YgyTqOf6jzRu2tPypgDdsXZM/hfyJHZContYkxDuZ4SvOrhFNJG8iVckbtsTIIAeMN6r8Uesge4JhlWpfl7A69q+KP8zwebzh8KdO3qjyx4jG6n8C3mT4U6EFDvj9HX9qAf75d8E/+w6lGb++5+Gacxy326cR7MIAAB+E//Q3FiFusoaUY1CS8tOT+2/hkn8X5zu8XcFZOZs30Fi9CtLfrIg/RexfD3+sJkt08w7o7ua4u3FoZR8AW1lZWR1BeV/4vzD8/K9wA1xAHlY5RD3siq9XIMGRxMJ6qjTBUgiAjQe2mgGwYAVq/HL6aP0ESlYqJFSqs1lItSbUuu0XSJhMJNhaCVPJBFwzoS5SpmYv8cJYVgBXyhtWmrwZ146bAvwxyps6+VOr/cu2XwF/lP2P7bBqnT/cuF7A/pY/RTVO/rADjqo184YtC/hbzmya4U+dKsQbtm6YPzr+cwB4w/qbiDeZ58dVaCJ4E7VXJW8E/sPjDeuOiR4b548B/xPNrpJqtb9u++wboAL+FP68YweQPzxhfQz8Sc1WDn/Gb/+y7ef7iz97Gv6ld8NfvCy1/7U9Hy83z2C7OcdthoAgfiBMaei+wfnBa054aPAjbg4BRo9mHIACfuQYFKDUR3ewifv7N3F5SuxfkZzdFTTuvgays1o5f0SzW0jj5o+VcdGdddCt1XF341DKPgC2srKyOoKi/R0M//yX4D/7/4IXKans4CWQR3z868S9kNQDCR8C1xzgiRIuNsE3mWDpBtyRzE8HJ2Sv+waL9IZLfgJtXJr+p+r9JhMsrQQ+p67WwbzRi1rQKI3fYFHjj5nxlxeXN3XyJ2e6zd9gFvEm6tAY+KP5QNu4SvrfJPAnkhJvSo1ftcVx8kdTlj9Z3hjjj4K/TBx/OGWVKtleJfxROY/TXWP8Ub6iAT8o7G/sAAqqbt6A6f0YeKMa75SfjkniDetv7IQYGbBcOm/onNNldS3e1MkfrfHXxJsKF9RkVNL+ulLiDcf+3vxZ+G97D+jc6dzr39r38M3GGWy0j4P3KCV6yOv5Plx31BNKKRzHgT8YotlsgsIB9X0AgOO4AGh8PUqD82h804zC92l4D41gvreKh72bON1O7iIG2AklvU007rwKZ2e5gP3LlowBxsUfq4kQ3d8CXV8edzcOnewDYCsrK6sjKnr3CrzP/jy8Vz4L4oAb8Ca/OIYXrqnuBFZOsCTtgLleuQlINsRk9NXeWoAwozCZQMlkOKHSTrgNJNSlEm6j41dIwAsn1IoJk6w+iTeQ2ekR9768PyhMv6r/lB8/22AN/BEOPDFBdfOmTv4UsH/lvCk8fqUW0+XY+WNy/AV0APgTyTx/BLyZaP4Y1pj4U+bzZ3L4o8obti6xvxH/iiTxn7p5o9m+cd6wpYK/RaqNP5kW6uAN63+RDPPnCPAm138SLwjf7soyxJs6+VOx/aVSeXuoH26GN3XyJ9UhEX/KjdSfvwDv3veAzp4UTDDBYOjhxcE0rk1fRvh8NnhgG703Et2lFCBOtLkCIOGrhBAQP7isAwe+7wEAHOKAUgqf+qAAXMcN6iR9526E2uAfl3av4p3NHTQd9kHwSE5vE43VV+Fs3U5NJzu93OkGJoo/Y/m8tzIm2tsBXbs17m4cKtkHwFZWVlZHWN6rT2H41M+B3n0dJBnNJSImEv2XewMxKImTH1CX+03gqEdRe0A6wkShAG8SA9rRWBUD2glKKNPtq6Z0GmXhhJ4dgKiuN37egolc/ylbqgyfmV1RvZAq9T8Ff8nhz9h2YGlImzdsWQFvVPkj7GCdqps3KvzR8Z9DyBst/9FVpbxhNUm8Yf0NjEGKjV+bPwXsXzlv6uSPVvs18cbGO0rxjhFNBH9q5A3rH4YXaBjhT8nRRSrMnzql1b4B/lTOG4n/qHRP4erj4I0R96iVN6zYN1id/AkljXeq4Y+O/ZPHe3Nn4N/3OOjsCWGbd3oenm9dxl6jCwqMHgCHr6dGQwkcN3yA64UPeF0XDiG4s7KCtZVVDAYDNF0H3dkuTiwtodOZAvUAj3pw3QYGgwFc14EXPwCm4LdIMT3cwbf1XsfJtvj3gUlvC40734Kzc4fxP1WiThJ/rA6y7ENgs7IPgK2srKyOuIZ//XF4f/5LowSLZMMsB/Iwjnde6vXEH9h4LrMgXCBSJp4zmmAVCIALB7iKCZSsrjn+cSTYqt0rlICPNcFm2xMk3LEqSLSFEx8dZjZhyviPAfuX9T8Rb+owfz28YesS+5u8gSNLuAvyJu/00vzRvA47u7myvJG/4XX8R3G4cT1sJrc75kedzxsBfyqRUf8zxJsJ3oFlnD8KwzfKG1YHgj8VvgO1450a+FPdaLP+UjdvWBn1NwXeqNi/St6o8CdHpflTIW+UzDdRvGFL9g0wibwpyR8eb+rkD483dfLHqP/lvwP8mRPw7nsf6MI5ZCY8LF/fpXih+/Coewwa4rmJrk8Joq97HnpD7Ozs4Pr163j22WexvLyMfq8PAsBxgDOnT+P8uXPodmdx+vRZnDyxhM5UB5SSoB2SaAdEcN8s6Pc7t76Jt3XEk0P27qJ552WQvTXLH6uxyn4dtDnZB8BWVlZWR12DPQz+0/8M7+u/jyhSIoQfQaV28nIivHgnsOAGLwE3EtVSHMyOO+AT5H9swiU43EjCJbq/of+ASzUEV0l4OR2q4obLhNm/bPuqtwdyEy7FbhlJwFIXYDN8Bf+p4oaLjv+U1ZgTzEngjbkdEgeBN1E7OadXqUnkTZ38yb2AiD8V80brgXZJ/hi2v3bzPN5w+GOcO1F5aPkTz3B+/YDzR5s3bDlG/sg7OE7+JCbIJG+0xo/x8Eeze6b5E0l/+DKPU7S/kZGxMyio180bViXbL8yfieAN26CIN2y9Ct6w/iea0ZIaM2+E09GcgXf/4/CX7hWe+o39Bl7p3hveR4uU2GkbXjO4H0YAP7jnRj2Kt966heeffx5vvvkGVu6uwvN9dDodbG9vo9Vq4cTSIi5fPI9Wo4HrN65jc3MN586ewbc9+igu3HMZcBpwnSZ86oM4LnxK4ZCgjHyG+YZo3Lf9Kt7e7if+mJ5oZ3sZjdvfBBnu1cefcdvfaiJFd9ZBt1bH3Y0DL/sA2MrKysoK9I0vYvCZ/wl0/WoqwCKceIwwdfb1ILDND/ekiZUgwYqk/5vAnASJl1BlEqwKbynwbuCwN/iqVM0BdsZfIv/KyzcVu1ko4Wb8nGvu9BkK9ZIJttEbOBKNO6HSbF802sJlAX+LJKtnpcifWnjDlokJ0fEfXU0Ib6q8oSfzNxFv5DskKuJNIf4IZ5ipM6rZ/mXbr4U3dfKHG++Y+PzR9T92QhL1A8wf6btjgvkjH/84+aM8w0yd0YTzR/RAU6f7pvkTqRBv2DPGxp9oAmvmDauK/a0QfwTdMlVGYvlTnDdsvSR/dPznkPGGbV91tAebN0xd14+IA++e98C78C7hcV/fb+Hq7NuCOUsE9RSNoGfJwylFw3UxHA6xtrqGrz7zLP7uK38Hz6OYme1i6HkAIegP+vDgodNqYXqqg1NLx+G6BHdu34LvD3D+zCm4DsG5S5fxtvsfQrszhXarA48ClBCAOKA+ggfSxA975COpe3ZexyPNPkRqrF9F4/Y3ha+LeJP78a83+4V5ox/vWE2y6OYd0N3NcXfjQMs+ALaysrKyAgAMv/gvMPzLX878PXgInI7YiCSgFu0gjl83kMBxfxM4JyErneAUSGjMJTiK01SlSrU3zgSeLdkBierM8HkJDefsykpeQiOY3Uo01gTKUAJf1t9K7LjR5o8B3pTizyTypk7+1P7AlKkLulMbf3KGWwt/Jsr/xskfMAZJ1HP8R5s3bGn5UwFv2Lomfwr5EzsgUT2tSYh3MsNXnF0jmkjeRKqSN2yJkUEOGG9U+aPWQfYEwyrVvi5hdexfFX+Y4fN4w+FPnbxR5Y8RjdX/BLzJ8KdCC2jzJ606+OOffju8B79b2IcXem281r0XhGSNReEGMx2+RChAKQWlFC998yV87rN/jtU7KwCA7swc+sMBiOtg4A3heT6cdgNz3S6oNwAd9jFV7wIqAAAgAElEQVQ91QKhwHSng8vnTqPX38fG9h480sDxE8fw0MNvx5mz5wG3AVDAcZrwfQ/EoeE9PZqZpXu2r+CdeQ+Bb38D7to1zisFeDNh/LE6WPJXrwOD3ri7cWBlHwBbWVlZWQEA6NZNDP7oH8O/9sVMGBXtuM38HTlhVyLWSsXvYUl4J2qK6MRzlSZYCgGw8cBWMwDOJFTpEZROoGQlb/jgd0dWL6RaE2rd9gskTCYSbK2EqWQCrmD/smVq9hIvjGUFcKW8YaXJm3HtuCnAH6O8qZM/tdq/bPsV8EfZ/9gOq9b5w43rBexv+VNU4+QPO+CoWjNv2LKAv+XMphn+1KlCvGHrhvmj4z8HgDesv4l4k3l+XIUmgjdRe1XyRuA/PN6w7pjosXH+GPA/0ewqqVb767bPvgEq4E/hzzt2APnDE9bHwJ/UbOXwZ/z2L9s+gT+zCO/h7wWdOc65IMHL+w5e6j6I9Nc+j+SDwgkt5lAAlGI4GODlV76FP/vTP8Puzi5mpmfQajaxs7+Hze0tTE9NY+gNMfA8+NTB1NQMBv0BCPXQnWphZmoaly5egD/oYXtzAwP4GIJie3sX+/0+3vf4+/Gudz2GVqcDSgHHcRE8xgl2FlPqgxBn5CQAHtz6Fh5oedwxOP1tuLdegLu3ZoQ/o9kz4B7j5o9VraKDfdDVG+PuxoGV7gNg92Mf+9jHKuqLlZWVldUYRdqzoN4A3it/BjZyoiDhqsZ0wkMJAcmJ+Pg7fSOxvwmcnwBlFAZ0JPpPxQGeKOFiE/yqbjOoBNyRzE8HJ2Sv+waL9IaLpv+UlWaCIU3gOZcrm2BpJfA5dbUO5o1e1IJGafwGi6xucvzlxeVNnfzJmW7zN5hFvIk6NAb+aD7QNq6S/jcJ/ImkxJtS41dtcZz80ZTlT5Y3xvij4C8Txx9OWaVKtlcJf1TO43TXGH+Ur2jADwr7GzuAgqqbN2B6PwbeqMY75adjknjD+hs7IUYGLJfOGzrndFldizd18kdr/DXxpsIFNRmVtL+ucnnjEHiXvxP0+EVu+9d7FC90H44f/hJCMv8HARxCQGhQ+sMhnn/+eXzuc5/DcDDA8WOLmJqawvr6Ora2tjE7N4fp6Wk0XBdwHLiNJpqNJjzPR2+/j+FgCNdpYHpqGrMzXezv72F3bw+AC+IQ9Hs9LN+5g52dXZw5cwaNZgsgwZjC7oA4TsgzFyT832r7BKb3bmPORWbCqdsGADjbyxXyhzHAuPhjNdEibvCV6ujvj7cjB1R3v+untI63O4CtrKysDrMGexj84UfgXXkyCAwTL8XhGcmGbbKdwHkJVjKhLpxAaeQVmQElE+xMC3Uk2GxCxXZQVC8pwwmVdsJtIKEulXAbHb9CAl44oVZMmGT1SbyBzE6PuPfl/UFh+lX9p/z42QZr4I9w4IkJqps3dfKngP0r503h8Su1mC7Hzh+T4y+gA8CfSOb5I+DNRPPHsMbEnzKfP5PDH1XesHWJ/Y34VySJ/9TNG832jfOGLRX8LVJt/Mm0UAdvWP+LZJg/R4A3uf6TeEH4dleWId7UyZ+K7S+VyttD/XAzvKmTP6kOifijNiLv5IPwHv4A9/XN/hBPTz8KwAnvQ/F6DwAeHMeBAwLfG+JbL72EP/6jP4LvU1y6dBGO6+KVl15Fvz/AscVjOLZ0HPNzc9jf7+H6zRuYnz+GW8sr2Nnex2DQR5O4mJudwaULZzE7PYV+fxerd9ews7cHxwF2e/tw3SbcZgsPPPQQvvsf/DeYnp4Ovs4PwRy4joOhF/QrzUMPj28/j9lGgzu1zVtfh7Nx/cDwZyyf91a1yF95ExiKv7bcii+7A9jKysrKaiS3CfhDeN/6E2RCqpwVyfFOYFGmkRO6EdUEK2dFICkQ4EnSt7EEtInZVgtoJyihTLdfIGE3dkNHMUHP1PXGn1ohPCEJNTu7onohVep/Cv6Sw5+x7cDSkDZv2LIC3qjyR9jBOlU3b1T4o+M/h5A3Wv6jq0p5w2qSeMP6GxiDFBu/Nn8K2L9y3tTJH632a+KNjXeU4h0jmgj+1Mgb1j8ML9Awwp+So4tUmD91Sqt9A/ypnDcS/1HpnsLVx8EbI+5RK29YsW+wOvkTShrvVMMfmf39Rgf0be8Bbc9xr/t3OIm9xiyAcKcv+P8nwY/+gvo+NtfX8NxXv4o7y8sgBLj/vnvx4gsvYm9/gIWFRXRnp+G4Dezt72NnZwdb29vo94bY2t7G0PMBAATBb/mur6/B84dYWJjHYDhAq9lEo9nAVKeDU6fPYOnECezt7WNnewfzc/OYnp4GIS4cx4HvUzgOyc4tATY94ALZ4U+m04Szcwfwh6MTJp4/VodSbgPY3x53Lw6cdHcA85eCWFlZWVkdGrlv/xE0Xvg0hq99DkAQRjlA8JAXAE0kCST1dxLuBI6++HlUBiKILhDEcySM+0jwG8M0cVyqjKqEeZmtSwbGxI3sN1oTJsHK9IYky+grsTn18L/Rg+24DAPZ3DLRIfbBePwV3Jky6qAkANZMMDNXG5kvv4wvx3wBeGx3xPbPlOD7T+Rf0YTn1kUOkelgpsP5Yi7LNkdI7uGM2SK7M/X4eI7/ELVS6D/CxCo6TJIwiaZXNN3Mn+T5HfuF8Uw9wR+WO6lS5D8JR435E881wynegHR5w0ibN6lSlTea/OEcJ/KfLHc0E25d3rB1Xd4I+aPIG1X+iCx3RHgj9B/lGzqRmLoh3uTeX0KOv1TBGwF/uOURj3eEvFHlj6F4J/N2VuUPjzc6/MmJd1Kl8A1xEPjD8RtD8Y6YO9FhY+APkOOOIv4o8ibRMSF/dAYk4o+qFHnD1qX8Cf8r9BtJvCPyl/LxjgJ/FKYrrov4w7lsmjcwzptUvTBvJP4jcUsRb+J6rtkmMb9ieRN1WDIfAoniHWX+jC3eiaoC3qjyR/J5XzTeoacegL9wHuk3cHDhV/Zd3J09Fc6AA0Lc8HU/2z9CQEAw6O3htdeuAKDwPQ9vf/hhrN1dhecN0e12sb6+iX5/gP5wAEopfOpjd28PFJvBe5A4oMQHHALi+Gi1mvCoh529bczPz2JnawdwWmg0Gtjf3cX29i5WV1cx7A2ws72D977vu3Ds2CIG3hCUUriOC4Ai/dvFFGvTp/Hqxhru4/wesD99HP78WTTuXj1A/MmaxOrgi7RngPY0aG933F051LIPgK2srKwOuxpTcB74R8Brfx7eVKDww4QnqlMQwKcIn9wGwRml8MNEK6pHNyWCHIzGSWC8mjYsfSrNb7JKBHZxKiUL+Kik1Gk8lWBQJuEK64kGgj9LSmiUNJjT9P30oF9xHaOkN1HllOyERXZm64kyaWdRyZ5HJSWvnbhno4SZJqs00f3a7C9oT7l9mqmnbweM7MzW+fYf+Vuu3wj9LznH2e5zh5MaLxmNKXFGxn8K2V9Qqvgb6z8sfxizaEnF3rxzCjXIniDiTeJ1KNi/MG8E/JH5j3D8+byByN5K9s/hj8RfUvXEDT3LG0X+KH/eKfAnd/wkHlPijNjOqIo3XP8T8UbMHyWVsr+g1GicyxtOvFPM/hXxJxxn/PlWN3+UPu8EvEm8Q1n+1G9/QXsa/AndJF3P4w1bGuUPmOvn80c+fkX+6PBGmT/R5Rl/KcsbrfHzJizxt9Lti3kTvw7D8Q5bqvCGHaiEN2xdmz+FeCOOdzL+k+IP9O1tzP5l2y8Q74Bn96p5kxgUhy+ZeqzIztG5BvhTOt4ZDecgxjugAG1NwT/5UFwftU+xPfDw0uzbYx8iTnCPzPEB6gQH+3BAAbjwAN/DxsYGPvvkk1iYm8ONN6+i2XQxGPSxtraG+bkF3FlZh+8Du7s72NjZASUE1Kfozs6g3Whjf9gDdQEKDy6lgAv48NDpToE6Lq7fvAWvP0BvfwCfDuE4LjwA2zt7uL2yhu5sFzt7e/iBH/wBTE/PwKcUxHVAfR/Rg9bAjMHnykvzD+P05nPoNhsZA3jd03A23gIZ7lfDn0RzY8m3rA6OZhYA+wC4UtkHwFZWVlZHQM793w/nmd8BvfNNjIKyYIdvXA+DxGjlYGYncLxiNIrXwp2+UT2RSEelw9RF8V7QzqhCRt3KlqMz0nVeQpVJsHIyEGapMbtDV7RiOLtCPTqNrfOHE5eEX4Kt86YDvGGRbJ17BUHDkg5FKz3jergyNGpXvGJ05D/c7srKxDCTI0maV2ju9BnpespAWX/IbLliS+YNoLpDIbtiPZru6HWutbIlr7vMiPPqQoeUXiEseQbL6XHGf5RXqAv8h8OfHGtJ+ZO/wUGRP9IeJPyhMG/YMrqMxH9U3+7MeXFdOqx6eCPfkSfiDbtDQs4b1t9EvMncz8uoIt4o8EfKG1X+CLqrzB8p0ArwJoc/yrzJ8EfEG3aHhCZ/RLxR5Q833mHKIryR7AhXj3cONn8i++vzB6N6qlv18ScuhSrPHy5vOPzJ+k80zePlj/jCcQfzT5AYLrK/Pn8Y/4CIPzncEfAnOZI8/mQnjHOFqvgj4g3rP7q8YUtN3mSkzBu2LuGPyF9U+IMcf8nwR5M3zEi0eaOab6nGy7rxTux30XSPmzeEXxddwVC8w36+qcc7k8gbpp7nN4TCP3Ef6NzJuJ4sX6Fz4eEOCAke7TugcAiFDx8ULqjjwPMpXH8If7iPz3/uv+DN11/D6W9/F/o721hcmIdLKBbm5nHt2k3s7e7Bp8CQAh4hcNsdwPOxs7uHHhli1++DtAjaLYKZZhvdmRns7u7ijeu34A8B4lEQH4A3hAMPvj+ERxwMfAqPNLG7P8Rzz7+Id7zjUTz00AMgrgPP9+PfBSbh+8QnJJ7DV51j+HvYykw8nToGOnsKzvobfP85UPd3rA6ySGsKtD1tHwJXKPsA2MrKyuoIiMyfh3PfBzC8843oLwCl8OP4N6hTAlAfINFO4DCyEpU+DRJ30YpBnwaJF3fFYCJzoKlMIgwGEyvgsxKsAI6CQHalLm/FOA2SPq0VwUwZRZ1xPbzrP9qhQpE4jB2CPM/VFZWUsvaVFdmRqevs0FJZAS8pR8kuEu1G0z6qZ8cm2oGQeB1y+5faoZBw0MjfRv6UGJOO8uzNO9Z0AqXc/og3SPJH0/5aO0I5/pbkDRK8Gc19Sf4Y5k2GPzFvBPxJGmISeaPZfpY34d+L8qYQf+S8Gb2XE/6TGq+IP6MJLMSbPP5w/E36DRMyo9Rs/7LtZ3gTf1wV5I/ODonYzxK80eCPEm807W+OPziY/FG8vDjeCY+rKd5R5Q9vbLXEO8r+l8+b2vhTVnnt5/BmFO9EhxuKd5JlyXiHyxu2TiN34ti/At5kdlzWzRtWuv6m3L6AN2yd5U8l8c6ozPiLLm84/Clm/7Kfd/n8Eaosb2r7vBPwJsOfauOdvPs7Sf7wBiriTVAV8CfX/gR06W1InRhO3Fp/gOvdywAIHOIi+FrmAOIEQb8pgnlzCdAgFDdv38a1169gbmYKw/4+ZqenMNzbxfLePjrdBfSGPvaHgE8InHYLAND3fLgg8DyKodMDqIMGbaLpAYPeJnYHPXSmZoL2HcB1HAx6fbge4IDAdZqgxAWaLazvBvfXers9LC+v4KEHH4LruPD9YTBzhICABP+MZoYA17v34NLmV3Gs6WRm3eueDB4A09Gcx/6U4E3h+zua/AFb14h3rA62yPSc/RroCmUfAFtZWVkdETlv+x7gS78eBoRIrTjP/U3gOAwflUH8TsI8g4A44YmEKZnzUqVwBwbSdYHYBcPcurh1yQaQaEV6dHy0gjhRT2aS7A4IjFYcCzNApSXFvPNDJRIqXkLJpleZOsdcsnw1VQp3vGT9hluXrICXlpkOs/4i8R+BO7JnC0ueueLXOf6CtF+o7oAQWoDxv1FCLfAXth63z58uqf9wmtfyH+GOF4G/JBw18rdqeSOYEAlv2LPVeMN2R8wbtkzxJ89/jPNGkz8i3qjyJ+NvmvxJTHQh/vB4o8MfEW9U+aNivvh4jv+wOzt1+cN9w/P4E0nGG03+KDSfzxu2HBd/kF8fTVi6psgfYS8E7j55/Ikk4096tkRni+0v8Re2FPImOq4gf8QWS5cHMt5R4I/AX5T4w7VUJBl/0uMfH28E/pPDm7ieZ7GS8c5k8CZqV8AfI7wR+A+PN6w7JuYr4z8i3qjyh8cbHf4Yi3dEHWb9Jy0hb0TuyJa5Zovsn+M/Uf5OknV1/qjHOwL/EfGGmd5I5vkj4A1bT/hN1MHI/0T8SdtfUGrzJy3T/KHHL8A/dmF0VCJhe43MgxACECcYb3giRfAQ1AEAx8GQUjQdggaArbVVnD9zEjtbW+jOTOHixYu4+dYy3nxrGfOteazuDrHru2i1p9Dzh8GDWd8DaDDDreEADm3AHQzRIAM00cfx6RaW5prodKYw8AZotJpwnC6OT8/AhY+5uS5munN448ZtPPvNa1jf3oFLCTY3VuH5fVCvATijB7vxCCNfC3ZW4Kp7HMewkZlzf+YE/O5JuNvLGvzRvL9TE3+sDrZIewa00QSGg3F35VDKPgC2srKyOiJy73k/nHseh/f602HwNVpZ54cJd2qFHuc3gaNQj12RF0SanHoirZKKzb98aY4winBFpUJzcZ3G0wLxCmWmzlv5njpeo6RAZodWnNRGqzGZgcVLwPOnJ1uP7Bj9PW1nU7/BCW4dibEkLMB7wCTzHA17S8XLpGWHJ9pP91bgLxJ7l/0NYJG/jIaTGFQ0AOEdBAX/idxPYP/cUmGFcMZ/clcAZ97RyPWfnHEL7V+CN5lLpXijyB8Rb4pwh8cbwY70VKdT41blj4g3CM2oyB+dHQgy/mg+0E6PW1DqqKT/jYU/LG+im7AZ/nB4w9a1+CPgzUTxR1OWP1neCHakpzqdM95c3lTBH4mf6fGHU4oGWMTfeNfSiHfY9kW8Yeta/JH5TZl4h63XzRsV/nB5M/K3DH/y4huZ6uYNmOhMiTfRy/XGO/F0ZOKddCn2rvHEO7n8OVTxjipvEnUebzTjnfL5VrqkbD0+WMQfPfvXm29JVNL+3FKhuUj+4uXECzQ+YHswxM2Zi3DggyL6SnASfAseHFA/+PrlQA4AH9QbYH6mjWOz03DgYWNrE7fv3EXfd9D3G1he3cTQA6hHAd+DO9xHE0M04aEJDy3XRYd4mGm3sTDTxYWzp3HxwhlcuHgC3bkOfN/D7Pwspudm4LYamJ/qwh/00Go04DbbuHF7Bfu//0d47hsvY9CjeOmlF/G+978PC8ePwQuH6EZvbQLEyxvCndA3u5dx/+az6DbcjCH8qeNwtpZRhD+ieCeY9zHzx+rAiXS6oNtr4+7GoZR9AGxlZWV1hORefC/81z8fR4ZB3DVasZfeCZwtA7Er/zD6ezLPzKxQFsf7wfUTlajUub+RaiBKaFItpMrMjgPBjqjMzk1RGQ6cXaE+Go6kTvhlcgTq44dCkMw2kG5Y+ht4rB8kVgqLVoimu8fUpTsk0j3P1LXHL5iOMAFMb+nk+M/I0VN2R8b+glKwIn1kBom/xO0kupvopmhHKn+8OaVIwh2RQVn8N/CYUuQ/2jsk0kOXLWCXjz9x4cySfAX+iHZgqvKHx5uUPxTkjYA/+eMXlCmJeMPvUPHf4FTkj3SHRLrnSrzR4Y+INweGP+luyfiTP/6cMnNCqInjT7ZM9twsfwS8mWj+MKWIN8b4w17ADH9y451S/MmWyZ6b5Y8qb9i6hD/J12WliD9xixL/0Y13OFPALYVXEPGHNZiAN6wfKPNGgz/gm1+LP0oqwJuy+ZaQN+znXdSDcvFOZjrGFO+U5w3rZxL+cIbD8oZ5XqjAm+S4w/9MTLyjyB8mzqk+31LgTaIUxTtS3hjLtyT+kxhnIf6k5lvEHz5vaKMDeuwCeAZ802uFLhiMl5DgChQOCCgIcUHggwJwHAeEeqDeEC58+MMBlpeXccx34ZEm1jdXsLG+Bqfdx7A3xJTrozncQ9PvoeN6WJxr49TicVw8cwaLp07izMklLC3M4cTSCczMzWNqagaNZgPtdhutqSaclgs0neAnfb0B4PnoDynQmcYP/8D34e76Jl54/SbW765jZWUdcwvH0Wg1MPT9ePTB0MhoCsMpuoFpPIhexgB0ZhFoNAFvYIg/It4U548Sb6wOvjpdwD4ArkT2AbCVlZXVERK58F8jXhvr0/C7nxGvAPXDRCqu0yAxkq30y/ydWSHohwF59DUxFEhkDmEywFkRGK8SVxBFIgkTrhCW7EDQ3ZHAlsIVwsjWow4r31BQnIRkKTtW1G40//HBkT359UI7ZBRWJPP9KzmXTF1nRxYzXtGOhOhgFXvr/gZw0d+oiuuSHQo64y/kf6J2ab6/ILY/UvwpvQNdaYVylj9F3m9c3nD4o2X/krwhiX7k8Wc0ABQef+pypvwvloL/FLC/9g4sGX9Y3uSNvxBvcvwHmvzJ5Q3rfwr+kzduhfFX63/5vEFR3mjyB4y/yeIdnYFr80fL/gXjnfDziOVP/M/a7C84Vrl9EX9KfP7UEe8oj38UZxjlT56/KPiflDe8MSkclh2/oNSVsH0Rf0ryRuZ/ivFOzJ+ExXUHLuJN6nWZ/Y3xJprrHP+pmze8cyXtZ3kT/b0e3qTy8xzexO/VvHwr9/0m5k26Xm28M/IXBf9JVo1/3ihK0n6WNwjNVE+8o3p/pzB/WN5k+MO3P50/DTp1LJwMJAIUiuudcwAhIMQFqBOMlFAATuCn8OCjCZe0QOGh2aDwdn30hj0cX1zA+voGlhaPY+C7ePmVV7Hf68EdUky1mzi9OI9zx+Yw4/Zx6cQczi5MY3Gui6XFRRw/uYTu8Rm43SZIcwrN5gya7S7gtNFotEHhgjouqA8M3H24cECpBxAfrRbFve94CI+/5+/hlVtrWO9RbK3fAXHug+8P4TrBV1k7lIRz7IMQAgICSikoKK5Pn8eD/VdH/hJOrt+ehd85Bmf79sTyp9B7x+rAiTRaoM02MOiNuyuHTvYBsJWVldURknvxO0FOvhNYfjEMwgCQMPxLrARN7QQGCb4JGtkVyeEJ8QrATB3AKMhngn3hiuj802IxCZXqitxMcyT4K/83g6Lji69IB3NeXBctKY47yCZITF0zwcxcbWSu/DK+nOqKYPUV6dGE59ZFjiDcAcYff0bMZVV3BLDmCcrI7kw9Pr74inSh/ySfFKfK6DBJgi2aXtF0M38SNp/0B+T4j3BFsOKOmBzeRMflDkjEG0Vp8yZVqvJGkz+c40T+I97SEEniP7q8Yeu6vBHyR5E3qvwRWe6I8EboP/I3fKK3QMbihngTvcDtBnL8pQreCPjDLVXjHZEOeLwj5I0qfwzFO5m3syp/DOzAiyacradK4RviIPCH4zeG4h0xd6LDxsAfIMcdRfxR5E2iY0L+6AxIxB9VKfKGrUv5E/636DcsifylfLyjwB+F6YrrIv5wLpvmDYzzJlUvzBuJ/0jcUsSbuJ5rtknMr1jeRB2WzIdAonhHmT9ji3eiqoA3qvyRfN7rxDv+/DnmgOACK70h9rtdOMRJnBP5R/B/Bw4ofIAGX67sDYYgoNjf2cWJ44vY2d5Do9nEjTduwCUEi3OzmJudxQMPP4Bvf+QBHJ/qwN94C/MNH93GEJ0GQadD0Wrsw6Eu6ABotLpwGgSUABQUQ+qBUh+gQxAQeEm3IkCrSeB7BI8+/AAWF57B5vI2lu+swGm4oJQCFEH/o6lMnh+OsNeaxeoOxWLTSbwSHj+9AGwvTzh/YHUERNrToPYBsHHZB8BWVlZWR0luG865xzBcfhHxjtxEgiNaqcfu4PWBIGFKrQhG/Lu9lBOcsemS8AD2vo8PkHCnMvecvFJZlGlXtENi1EDwZ40VybKSApkdoCQK5qM5HSW9iSqnZCNkEvc5XU+URVZsFtqBF/Vs5BE0WaWJ7ssCfmP2F7Sn3D7N1NP+PrIzW+fbX3GHhND/knOc7T53OKnxsm9igf+U2YGp4n8y/2H4w5pFSyr25p1TqEH2BBFvEq9Dwf6FeSPgj8x/hOPP5w1E9layfw5/JP6Sv0MBcvsfdt7I+KP8eafAn9zxk3hMiTNiO6Mq3nD9T8QbMX+UVMr+glKjcS5vOPFOMftXxJ9wnIkNPILxV8QfnR1QnHo63hnxp377C9rT4E/oJul6Hm/Y0ih/wFw/nz/y8SvyR4c3yvyJLs/4S1neaI2fN2GJv5VuX8yb+HUYjnfYUoU37EAlvGHr2vwpxBtxvJPxnxR/oG9vY/Yv236BeAc8u1fNm8SgOHzJ1GNFdo7ONcCf0vHOaDgHLd6hs6eY9gIDLqMDQpz4YS9BYFNCgOhrkwEHhPgAAVzigA59eIM+ttbWceHiBfjeEL7vodVs4fTJRcxOz6A71cE9Z47h3gsn0aJDeH4LreEuuk2K6baLZpug1aRoEgeDgQt4TTQabQwpAJfAhw+PUjgUaLouqOcC1IdLCeANQfwhWrSH490WTh5fwPXVXVx74w14Hg2+pjrsOwkBS8IH3DTy/3Bky2QGi9jNGMJvL8A1zZ/E/I8l37I6mGpNAbBfA21a9gGwlZWV1RGTe+Zd8L76/4Ei2OkbJKNAtDIvuXSSAJydwBjVkajT1KmpxDqT74CTLpNRha0nr504I13nJVSZBCsnA2GWGgt/Iy88XrxCPTqNrY96zi0JvwRbZ86LlRkWyda5VxA0LOlQtNIzrocrQ6N2xStGR/7D7a6sTAwzOZKkeYXmTp+RrqcMlPWHzJYrtmQcXnWHQnbFejTd0etca2VLXneZEefVhQ4pvUJY8gyW0+OM/yivUBf4jwJvCvGHK0X+SHuQ8IfCvGHL6DIS/1F9uzPnxXXpsOrhjXxHnog37A4JOW9YfxPxRrQIKjUXVfBGgT9S3qjyR9BdZf5IgVaANzn8UeZNhj8i3rA7tDT5I+KNKn+48Q5TFuGNZEe4erxzsPlT/DfIMaqnulUff+JSqPL8Kf6bnNE0j5c/4gvHHcw/QWK44r9Bzlfz4OYAACAASURBVPgHRPzJ4Y6AP8mR5PEnO2GcK1TFHxFvWP/R5Q1bavImI2XesHUJf0T+osIf5PhLhj+avGFGos0b1XxLNV7WjXdiv4ume9y8Ify66AqG4h3280093plE3jB1jp/QZge0u5T1M0Kx3FwMr03CeXEQ+ET4UBgUweIAB6AOfM9Hx21iZWMbU+02ev0+5o8dQ2dmHrdXN3BiaRFnFpfgDHug+zvY3biL6fkuBsMh3GYTlAB9SuD5DjBswfGaIKQF4jWAQQvNZgMggEc8ECe4w+a4DhrD0IN9hL9MPATFANMNgvmZNhbmZuBQCiB4AEzZJ/bxLJLUPK90TgDDNzKGoFNzoK1pOIO9kf8cqPs7VodFpNWxpq1A9gGwlZWV1RETOfXO4AOVUvhxPExSvwnMRljRCj/2N4HTO4MTK1SZelSmjk9kDjSVSSCzAj7sbiJHEqwApqODo3pQFtyB8B1/DPcDj4snc/ca6JWPg/7Hfwc/6iQA8oN/C/fbHgR9fh7eZ8IpwUfh/uwvg+Dz8H/tg/AV8lznw2/AuQzQpy7C+xsF47JxPz8PGP2tcAAd+QVT19mhpbICXlKOkl0k2o3MMKpnxybagZB4HYy/qJQ6OxQSDlr4N/CywxKMV3Cs6QRKuf3I7lH7xeyvtSOU428i3ozmPnVXIjVQJf7o8kbT32LeULbO8R8F3mirLG8028/yJvx7Ud4U4o+cN6P3csJ/UuMV8Wc0gYV4k8cfjr9Jv2FCZpSa7V+2/Qxv4o+rgvzR2SER+1mCNxr8UeKNpv3N8QcHkz+KlxfHO+FxNcU7qvzhja2WeEfZ//J5Uxt/yiqv/RzejOKd6HBD8U6yLBnvcHnD1mnkThz7V8CbzI7LunnDStfflNsX8Iats/ypJN4ZlRl/0eUNhz/F7F/28y6fP0KV5U1tn3cC3mT4U228o3N/hx2oiDdBVcAfjv39mSXQRgvMCdgfetiaOh62QQAQEOIGdRK0SRwaLixwALhoNhvw+wMMegMcO76A9a1ttKc66M7P4uy5M9jb72Gq0cD2nbvotrvY296Be+wYnE4XQ/TRnFkABbC2s48m9TCLAWZmfLjDAbz9PpoI7q+Rhgs4gD/0MegP0fYBP3ywSxwC3weIP0SD+GiAotNwsHRsHvu7O+jOzoIQgui3fkfjCz0jWgBAKbY6x7G/8To6roOkqNMEbU6D9ndH/pTgTeH7O5r8AVvXiHesDosIYH8H2LjsA2ArKyurIyb31CNw5s7B37wRhFUE8W/+RjEXieoAgNEOvKAa1nOW8tH4rOD8ZBmvTBXuwEC6nhBNHsYkVNx6pvXs5flluCI9Onj1KdCbG4medIClB0BOPAjyyK+BLJwG/eQ/T2aW8cyNdn5Gpz4O8n2XQZ68mu44Wy7+KsjFeQAbwZwT5jqJhIqXULLpVaYuMh8US+GOF8ZfRHXJCnhpmekw6y+i5JLfnGgHgLDkmS1+PbI7W8/uwJPtgBBaIHknI3fHRSSmHrfPny6p/3Ca1/If4Y4Xgb8kHDXyt4wDpy2ULrV5I5gQCW/Ys9V4w3aH4z/hRLMlkvU8/1HawpDjPxneaPJHxBtV/mT8TZM/iYkuxB8eb3T4I+KNKn9UzBcfz/EfdmenLn+4b3gefyLJeKPJH4Xm83nDluPiD/LrowlL1yqNd9jujJM/kWT8Sc+W6Gyx/SX+wpZC3kTHFeSP2GLp8kDGOwr8EfiLEn+4look4096/OPjjcB/cngT1/MsVjLemQzeRO0K+GOENwL/4fGGdcfEfGX8R8QbVf7weKPDH2PxjqjDrP+kJeSNyB3ZMtdskf1z/Cd00FQ+r8Ef9XhH4D8i3jDTG8k8fwS8YesJv4k6GPmfiD9p+wtKbf6kZYw/3UXOAQSbXmK0JChHv5sb7v4F4BACjzrwKYXvEziUYOj7GA4GGHhDbGxvA802nGYDe2truHHjBu49cxrtVguUOnBaM+gsnMTt69fw5q2baLhNUKcBpzXEYn+A6e1tzHS20Z3tY+H4AkhvCNog8NCEhyYGQ4p9QtBqT2FIfTSbFL7noeW4GBAKSny0W024DQftRhOEhL9ZHJqJEKTmmiYtTgk2fQcdN2sL2uqC7K4aybdyy4r4Y3V4RJpt+zvAhmUfAFtZWVkdNTWngMX7gc3rSO3kjVbm+RTBdz2zKzeDyIsml/JGD3sp4jqif4KCCIJ8NtlJ/VFwg094obxSciov4YoGROkoycDW5+H9x49nE63jPwrnv/ttkAtPwHnfP4f/BcHKVdBUl8jDvwry5I+CIrtiNSrJ9/4QSLQwk0arL5mBxUvAxWPk10nct+DvaXub+g1OcOtRP2Q3XLhewh+Qiq/IpOl/I79H6O88u0d/112hrrhDglkBH3V65G+jmyLJemoAwjsICv4TuZ/A/rmlwgrhjP/krgDOvKOR6z854xbavwRvMpdK8UbAn/hlwY4HtpT5i8T/RDvSU51OjVuVPyLeIDSjIn90diDI+KP5QDs9bkGpo5L+Nxb+sLyJbsJm+MPhDVvX4o+ANxPFH01Z/mR5I9iRnup0znhzeVMFfyR+pscfTikaYBF/411LI95h2xfxhq1r8UfmN2XiHbZeN29U+MPlzcjfMvzJi29kqps3YKIzJd5EL9cb78TTkYl30qXYu8YT7+Ty51DFO6q8SdR5vNGMd8rnW+mSsvX4YBF/9Oxfb74lUUn7c0uV5qbmOe1TbNBGcH+KBMv0iRPuvqUEQPCwM/hC6GA3LnUASlxQ2sAAQ+zs72PoU1AP2FjfwI23buP1V69ittVAo+XAcRwsnjqH6cXT+Nobb+KLf/1VLN+6DcABpQ76A4rTJ7o4eWwG9144j4tnTuLChUVMdQimmi34tIPtgYPrd+5gZWsbW1v7cNptLByfRcPr4aGLZ9EDsLyygn6fgBKg5bbggMCHA2AIIPzZtuR9ODp6txBCsUVaOIlBxiC0ORXbXSffav6PT6J5b5dvlJ2rGH72n6L/pZer4c+P/R6m330Z/lfei/1PC46JdQaN7/soGu9+DM5sF4jute1chffCf8DgD/4w+FY/VT3+65j64GPAlU9g7zc+BQBo/dxfoXHyKoY/9xPoAyD3vh/uQht0/evwrrylc/WjLbc57h4cOtkHwFZWVlZHUO6xe+C99hfhb/qOVuyldwKP/p4qo6CfXcEuXaGcLpMKrp+ogHMQJH9PNRAlNKkWUmVmxwFvR1SiL/FK4uT5a38A/xs/Dfe7/iuQC/8YIL8dr0yOTuQOp/s4yAcugX72jdHrJFEe/2WQy6cSlyGyBbNqCVVKzAWZlZnS38ADswI0sVJYtEI03T2mLt0hke55pq49fsF0hHZOb+nk+M/I0ZHcmZCqs/6SLAUr0kdmiI6PesDU43YS3U10U7QjlT/enFIk4Y7IoCz+G3hZ3nD9RXuHRHrosgXs8vEnLpxZkq/AH9EOTNYfRP7D+J38N/GYOuGXYOtK4xeUKYl4w+9Q8d/gVOSPdIdEuudKvNHhj4g3B4Y/6W7J+JM//pwyc0KoieNPtkz23Cx/BLyZaP4wpYg3xvjDXsAMf3LjnVL8yZbJnpvljypv2LqEP8nXZaWIP3GLEv/RjXc4U8AthVcQ8Yc1mIA3rB8o80aDP+CbX4s/SirAG0X+6POG/byLelAu3slMx5jinfK8Yf1Mwh/OcFjeMM8LFXiTHHf4n4mJdxT5w8Q51edbCrxJlKJ4R8obY/mWxH8S4yzEn9R8i/iT5Q1tz4JnuF13Km6WEBI8DAYJfIlE/jDqG6WARyg84mN30MPa1haW76yg1x9iYWERt67fQH9/ByfPvw3NdguLJxdx9vxZrNy9g6e/9Ld4860VNN0O3EYH29t7WLm9gTsbe2i4y3j9+ioeOD+Pb9+5iEtnF0Fm57C5McTVa8t4/cYtvHjrJq7fXsHU7DwunTuLC6cWMT0Ephensbc3ACFTmOl20Wg2QjtGcxEUjhP5BAA/fMkPbLjbmAGwnjEEbU2Fz2f1+BOb642n4K+MzIbjj8C5eBmNH/k4nOb/gP2n3yrMHyXe5Oo70fpfPobG2S7gb4PefAb+7VXg+ANwzl6G+x3/BO49D6D3q78Cr0wzjBof+EU07+2CXvkE9q58yuCVTekBNH7kp9G494za4XtvwX/+t9D/q5er7VbDPgA2LfsA2MrKyuooav4CQAEfNA7+2RWhJLEiOfNbv0w9fp1ZIcj+ZnD08JgCAA13CNMwGVBZEZgjikQSJlwhLNmBwJZ0dHHhDoW9/eCY2Ucz7VLQ7HDufg107lGQd/wayGd/lPtbwOQffBCksQ964zbIuYXguirzQZlSOmH55egykf349UI7ZBRWJPNXtEf94tR1dmQx4xXtSIgOztgdKLcjKtf/MFp1jaT/MHXJDgWd8XNLlWtwy3x/QWx/hGZTs7+ZHaGJuTPNGw5/tOyf5y+8Uuh/An9JDtJEQi20v+K5wvYV/KeA/bV3YMn4w/Imb/yFeJPjP9DkTy5vWP9T8J+8cSuMv1r/y+cNivJGkz9g/A3G4h0Bb/L4o2X/YvyJPo9Y/sT/rM3+gmOV2xfxp8TnTx3xjvL4R3GGUf7k+YuC/0l5wxuTwmHZ8QtKXQnbF/GnJG9k/qcY78T8SVhcd+Ai3qRel9nfGG+iuc7xn7p5wztX0n6WN9Hf6+FNKj/P4U38Xs3Lt3Lfb2LepOvVxjsjf1Hwn2TV+OeNoiTtZ3mD0Ez1xDvs/R1RvFOYPyxvMvzh2L/VDScBo8CEUOy6U3BIsFPXcRwQhA9+ox3AYYOxZzrh6w0X+/0elldWsba+id7AA/UdTLfbmD93Ft/13vegO9XGgw/cBw8+vvSFz+PG1dcwOzuPxaXTmF9Ywlu3bmN9ewcDQuC7Hbx5Zx876+toNYDFxeOYn2vizp07uPLqm7i9vApv2MOZM+dw4fxlXD55GueWjqHb6WB1bQ1DjwKugxMnTwCg8DwvML8TzC4BSd07Cj7zCUAA4hDsNaaB4XrKewAC6rZBafQu0LM/ANDbH0Pv35OE3SnI3/84Oj/wGJz3fBTuX/4CvIL8KfTeSajxk78QPPxdeRr93/lFDFeSr55B47/9P9GY+UujD38BwH/pSQzXZ4FbFT8wLar3PoHmex/TeFdehnOyBf+vfgbDCrsFxz6uNC07o1ZWVlZHUGTufBAAIoil4p2/AJBYCZraIYxwhzASKwKDE1MrAZN1IPF3Nqwg4TpFMqojeZggConPYRIq1RW5mebCvnF/MyhxUvz3sIF45Xn81TEvY7QSOTotuRI5GsBzoK+fArn/cZD3XwZ5mv0t4J+Fc+8lYP2PQVceBDkXdCr7G8Dp8coSTDbdkiwo5qzIVF0RrL4iPZrw3LrIIYQ7wPjjz4i5rOqOgLhM+V3kD0w9Pr74inQw54HxP2TK6DBJgi2aXtF0M38SNp/0B+T4j3BHguKOmISjJnmDxHG5A1LkjUjavEmVAt4kX4fEfyL+JEvOcSL/EW9piCTxH13esHVd3gj5o8gbVf6ILHdEeCP0H/kbPtFbIGNxQ7yJXuB2Azn+UgVvBPzhlhneaPKnjngnPl6RNxz+aPNGlT+G4p3M21mVPwZ24EUTztZTpfANcRD4w/EbQ/GOmDvRYWPgD5DjjiL+KPIm0TEhf3QGJOKPqhR5w9al/An/K90xrsmb8vGOAn8Upiuui/jDuWyaNzDOm1S9MG8k/iNxSxFv4nqu2SYxv2J5E3VYMh8CieIdZf6MLd6JqgLeqPJH8nmvGu+g1UmfEL4J9xtTwb8JQbDjd3QeJYgnm1CC6FaQA4AMKRpw4MJFtzuP3toGZrqzWJjrojs1hYceegAzU200XRdf+8ozeO6v/xqD3V3skQb2ZnZx6nQT73zkYcwdm8bfffVr2N/rA0OK1b0eltcHmFk6j6WL57Cy4WN3cAV934XnE0x357FwbBGXTp/DxVNLGGIP+zv7mJ2bBfWauHz5MgDAcRxQEjiLQ0YMSc7UaAEOsN+YDr4tmrWf2wYhRJs/o2ayvKFPfxn+dz8G99gluISED1iL8gcF9QQaDy0CeAveZ9iHvwDwFob/4ScreaDp/eW/NP5Q2aj+6svwP/AY3Bn1U+itL1c+JuK6xc1txZV9AGxlZWV1BEW6p5Bcc+vT9E7gKGqMd/aGdXaFHvXTAWaclBT5tNa8wZfoiLjUaTzVHrtCORrbqIHgsIsg935b8Jc7fwzZSvj4r5/9NOg9HwV5xy8BT/9UcBxFkJT+yIdBWvugf/NL8Of+ffjTJIIdEsLxsxNG4r6k64myyIrxQjvwRv6DZD0x/7R2+wvaU26fZuoiP2DrcRnaX2uHhHBFfHKOs93nDic1XjZrFPhPmR2YKv4n85/UjoSsWbSkYm/eOYUaZE+I7B61L9ohIbG/zF9k/ibdgY50XTj+fN5AZG8l++fwR+Iv+TsUILf/YeeNjD9C3rDXV+BP7vhJPKbEGbGdURVvuP4n4o2YP0oqZX9BqdE4lzcZ/hS1f0X8CccZf77VzR+dHVCcejreGfGnfvsL2tPgT+gm6Xoeb9jSKH/AXD+fP/LxK/JHhzfK/Ikuz/hLWd5ojZ83YYm/lW5fzJv4dRiOd9hShTfsQCW8Yeva/CnEG3G8k/GfFH+gb29j9i/bfoF4Bzy7V82bxKA4fMnUY0V2js41wJ/S8c5oOAcq3mm0gxNS7VEM3E76OEIQPKoMHggH35oc/aIuQZM48B0XAMHJ+WNYnplBf3MH6xubOH36FDpuA2fOnsaZs2fgD/p4/ZVX8Ozf/i121tcx9F1sr65jZXMXX//WKzh/4Rz+0T/8fqytbeDWjdvYWt0AGsBOv4+pmQVMzc7jxNkzePd7vgNfe+5F3Ll+FVfvLsN3G2jv9bC3dRfnzy1ifr6LpaXjaNMpTE9PB/12HFBQ+ITCIQ4AP/lGQbzUgQCUEgwbU1wDUbcRM1GXP+nrMbxJvXwGje9lfofX3wZ9/TPo/8Yn4FEA+HG0/+kTcKdGv6WL6O//jPm7ir7vETgOgJWvo/8NxXOWPoTWT3wE7tnFYMOH3wddeQbDP/1ZDFSvAXB+ozgcA57B4MlVuB/4Xjjhw1e6/DSGv/uLGMQPqM+g8cFfQPPdj4FMhX249hkM7j6G1mOXg6+VDn97GG9/Au0f+SDc+XBOh9ugbz6Jwaf/JeeBd1KfQu+3W2j/1E8rPQSmV34Lvd/4lJGPg1zFu2ysTMk+ALaysrI6gnK6JxBFY1FMRhHECuzKveyK4ShMjF4P64mEnl04mz4vHe9H7SYXlBKmnirjPjIJEy+hyiRYORkIs9Q49RswjdNwHv3R1PGk8yDIIx8GOTMP7H4e9MlrwVyloqHEHNHR33D3fwd9/cdA7v8gnPcR+F+Ipv0JOPddAtY/A/r0GyAfTFwnOX5mOuKJTA2LZOvcK4zsrVTGQX204jNKEsM+hu2KV4ym/SfTXVmZGGZyJEnzCs2dPiNdZ1YIi3cMCMqkw2vsUMiuWI+mO3qda61syesuM+K8evaCsjOYE3gGy+lxxn+UV6gL/IfDnRxrZf1HxB+uFPkj7UHCH7j8yfGXpJ+lyugyEv9Rfbsz58V16bDq4Y18R56IN+wOCTlvWH8T8Sa76p5VRbxR4I+UN6r8EXRXmT9SoBXgTQ5/lHmT4Y+IN+wOLU3+iHijyh9uvMOURXgj2RGe5U902uHiT/HfIMeonupWffyJS6HK86f4b3JG0zxe/ogvHHcw/wSJ4US/ySnnD+MfEPEnhzsC/iRHopVv8a5QFX9EvGH9R5c3bKnJm4yUecPWJfwR+YsKf5DjLxn+aPKGGYk2b1TzLdV4WTfeif0umu5x84bw66IrGIp32M839XhnEnnD1NkeEAeUuOAZbEg6AI0eLPkgJPCRYPevH3THceBRApcCnuPC9waYdoCzC6cwuPwAXnjtNfT6Q+xt7+LY6UXMzM6g3W5gZXMNt1fuYGNzF+fO3oPl7R68vT5Iu42mA8wvncD3//APodP08erzX8O1q9fx2reuwN/zsLW2ib0zC5g7O4fptVlcW1nGGm3gm996BWfPX8JWG3juhedBuo/izIl7MTU3jVbzOOA3QRwKQgg8n4JQCuJQOISAfYBGEPyeMSEEvtviG8JxQ1dJ80Z2fyfZSoY39z8AZwrAzip8ApD7fxrN73k/yN4q/NefAd1ogdz/GJx7fxytn17F3r/7VNo1IrNG5ha5S47ck4vBeDZeVjtl6cfRfuIJuDMAXXsB3murwLl3wj39nWh++PdAfvcn0C/7jc7OI2j+EEBvfhnDlwDngcfgnHw/mh9+AsN/9QlQAO6P/Rpa774M+NvwrzwDf7AI99KH0DrLPvr+CDr//Y/DafdBr38Z3m3AedsjcO75EJoffAHD330qvy/XP4nep8+i8+EfzP/m5eU/Qf83Pgm/5NCVlGGjVVnZB8ATIh8UQ3+Ige9h4HsY+kN41Ee0fpCAwHVcTLkttJ0mGo475h5bWVkdZJFO+LuycQBPAIrgq2PCgDr+DeDEk13KBNiZ13N26GR+CziROaR3HkenR+1kRcPgf/SqYEdCNBzeinEaJH25ZXS9c0/AOSeYzPWn4P/hjwaBEI2YPeoVBZjgNPgrferTIPd8FOQdvw584aNBe//wx0A6+6Bf+d/gUzo6j9J0wCsSlZTsscoJPKvIjkxdZ4eWygp4STlKdpFoNzLDqJ4dm2gHQuJ1MP6iUursUEg4aOHfwMsOSzBewbGF7V+2/cjuUfvF7K+1I5TjbyLejOZelHgIdiCw/NHljaa/xbyhbJ3jPzx7l7V/Wd5otp/lTfj3orwpxB85b0bv5YT/pMYr4s9oAgvxJo8/HH8b8SfZZw3+1Gz/su1neBN/XBXkj84OrdjPErzR4I8SbzTtb44/OJj8Uby8ON4Jj6sp3lHlD29stcQ7yv6Xz5va+FNWee3n8GYU70SHG4p3kmXJeIfLG7ZOI3fi2L8C3mR2XNbNG1a6/qbcvoA3bJ3lTyXxzqjM+Isubzj8KWb/sp93+fwRqixvavu8E/Amw59q452i93fyeBNUBfxh7Q8f4e+UgTkheOBNgGhpAKU0fs4U/9SZHz0G9wFvgAbxQfr7+Is//RNcee1buPed78Spbhe9rW24Z06g3ZkCaTRBQdFuOHj3u96BY905vPTqa7h+6w7OXryEs+fP4vSZE7j72tfxrntO4/75Np6dncZgfRXeYAfLb72F+++7ADQbuHDpMj7ykx/GS8vLeOXaVTxw3/24dHIR+7dvY2FxBu1OByDBrt92pwOK4HkCJQju6UVzxpnm8HE3aDQ/rP8QB9FvALO8yb+/E57R+gDcb084/Py3o/Gevx9c6dpTGFIKvPxbGHz6S/C+8tmRxZf+CTo/9yE4Z78TDfopDJPci3mXqDD/lMmZmVU/GID7vR8KdsNe+yT2P/FbcVPuh/8A7Ucvo/E9H0H/5U9qXTOjdgv0mZ/F3u9/Oagv/QI6P/+DcBYfQQPAAB9B89HLAFbh/cEPofeV8LylH0f7Z55A6onQ44+BtAFc/0Ps/ZtPxH8m7/oQ3B3Jw99I3/gV9J48g84PCH4PeOcZDH73V2r8OmsRJ6yKyj4AHpN86mNIPfS8AXr+AHteH9uDPewO97E37GPP62HgD+HR4O3lEBczjQ7umT2NpfYcGs6UpAUrKyurHLXnQEEyO2+j5IAAoGT0m7/B66MDg/idhOfklPGFOWVi5XPQLGEOy//QJ6k+JwLdZF3cumQDSLgiPTp49SnQmxvpDqw8CXrjK6BXr4Zzlsosw7aSOz+R+jvWfincBfzDcL7jZ+D/zYfhPPwosP1UsPuXAIi+pogkV8iHSiRUvISSbTVTF5kNiqVwx8uoTIw2W5esgJeWmQ6z/iLxH4E7smcLS8bv0v4W2Z2tZ3fgyXZACC2QvJORu+MiElOP2+dPl9R/OM1r+Y9wx4vAXxKOGvlbUd6kS6TrowniT4iEN+zZarxhu8Pxn3Ci2RLJep7/KG1hyPGfDG80+SPijSp/Mv6myZ/ERBfiD483OvwR8UaVPyrmi4/n+A+7s1OXP9w3PI8/kWS80eSPQvP5vGHLcfEH+fXRhKVrivwR9kLg7pPHn0gy/qRnS3S22P4Sf2FLIW+i4wryR2yxdHkg4x0F/gj8RYk/XEtFkvEnPf7x8UbgPzm8iet5FisZ70wGb6J2BfwxwhuB//B4w7pjYr4y/iPijSp/eLz5/9l7syBJkvMw8/OIyKuy7qquvu+ZnnsGM0PcBylBBEiJlLQibW1ltF3pZakXrF6W+yJbWyNf9kXSw5pgMmnXZLsyGQUJMnAlUVoKIERCoEgAxBwAZjBHz3RP393VXXdl5RUR7vsQGZFxeRxZ2dUH8h+b9vozI8L99/+PL39Pd88ow5+x5Tu6BsfjJypa3ujCMV5mus33f0b8DAI0Mp4vwZ/i+Y4mfnS8iXWvL+Pnj4Y3cT0UN34D/fjT8Sfqf01Zmj9RGRd/hieED/Dix3/2ryEMhBAoMfgVPLxdvwz62hVgmApDOnR31rl16SKffOFZPvelv0TNMvjg8kfcvHmLY6dP0LMdpqamOHRokWllY0nJr37xU9y5e49r126waLZpdDbo3+kzV7PodbaZNiVHDy+xvn6bjy5d5NVXXsJqTlGv1Tl8fBm3ITh/8giLC0s0G3Vq505gCclOt4dC0ev1sCoWUoAyhGef8H7AGqmfphMCkDLUayEZ9E/58dbg2i/+NtUX4xftoy59jf7/8x8Gld/Gee320Cfnfx5zrg89wBgcEuZMCf7oRO7tAtOFjzePHwVauG8PJ38B3D94C/XiUcTKq1j8830+M/gKrj/5C7B2BdUBGtNe1/iTumuv0/9h6LS1r+Fe/9uYF0L2vHMR9cuvIo58ifqv72K/+S3cS7dRb36jVBvVd/4u/ZXfpfbxM9E3nCs4X/+7oZ+mPghRmy/7KgAAIABJREFU+YdMpJRMJoAfkHTcPmu9bT7avcPl1m2utlZZ7W6yY7e9SWC3P5gA9jbXm8Lg+NQy/8O5X6S+eI6mNZkAnshEJjK6iMFzUWRoZ65Qg5xKKjC8TE8OBlpKCJBeQgjDZwMHOxAk3oAqtCMhPvEZrADWSdpIpsDhgZJWFj0/3D4FwQpl/zq738X9d/9IP+BKrEQe1uLpKtakge4/C/jFvw+zn0RMd1E/+C0UXv3GzHzQuMSqR7/RGfbGXx7qYtgGBsn7KCvEs1YAh3pIu4I88wuXuIcyDBxHfjhK/IXqT/e7/3rZFeoFd0jE4s5v9DDehl+KhPWIAdpvEArEjx9+Gv9nlgV2KCTiJ3PHU+KOJjN+MuzW+l/HmRHiL8obDX+CtzU7HrJ2QOSVKfGm25EeaXTE7qL80fGGgRsL8qfMDoQ8/pSc0I7arSnLyD7j74HwJ84b/0vYBH9SeBPXS/FHw5uHij8lZcKfJG80O9Ijjc6wN5M394M/OXFWjj8ppc7AUeIt7Vol8p14/TrexPVS/MmLm/3kO3H9oHlThD+pvBnGW4I/WflNnhw0b4hlZ4V44799sPlO0B2JfCda6qPrweQ7mfx5rPKdorwJ6Wm8KZnv7H+8FS1VXA8O1vGnnP8PdryVI/v0f2pZoDohbZRZjdWnsJSNFHXvOy0RskSQskbCQEoXC0Gz0WBmqskrH3uZ1u42hgHnz5/j7u4W16/foLWzg4VkaWGO3fYORr9PvWrw7IVzXDh7CoVCSgchLGS7xd7ODp1OF1cpbCmx7T7t3RbLszM4hmBudprGVJ3d3Q6YBpWKSaVmYbi2N4EtFY16HdOywDJxhYGUEiVAAoYR/WlmpRTezl6FQmFJ/yeEYw6RTuD3cuOtwdWufQs3mCTso669hrz2h7jX/WoULH+Zyq//Jtbpo4j4jFQnxc/74c9A3LvrwFHE3IUCac/zUBn8Gf+t47W+Z7Gxr09hTzrr2e2o1rw6ZD9xnLO9RjU8ob32VXr/fonal7+E8cnfpPbJ3wSnhfzw93H+3VdzngEcFffrv4Xd/KdUnl0aVLaO+83fKv7s5HGJ2ofDJ5IqkwngAxZXSfacLq+vX+QH997lyt4qq51NNnq77Dpteq6NqyR1s0rftem4PVwlWajOcLyxzGy1ScOsPWgzJjKRiTzqYlYBPzEcrgz1dwR7+uD90Apib7w4XPHn/3hMcJ3QOJPECuWhEk+8RKjeIJsqkFUpQkl6JH8VsaQhOeJI7DhI2xEVakuwkjh2flAODBexepPmiOF5wbOA/1vMmTlv9+8fXgv6cnhKTNd2RqzMlNgFY6Oe3GfgEVsBGloprFshGm1eTM/dIRFteUIvbb+mO/wgFDnxE3yBEvJ7XM+KF82K9KEb/OP9FsT0oJ5Qc0PN1O1ITbc3o9SJdkekV47+DLxYqYuf0jskoqbnLWDPtz904cSS/AL80e3AjMdDEd5ESv8yOfEj0kvieiH7NWVEdLxJb9Doz+AsyJ/cHRLRlhfiTRn+6HjzyPAn2qw8/mTbn1EmThjIQ8efZBlu+Xj5o+HNQ82fWKnjzdj4E7/AePiTme/siz/JMtzy8fKnKG/ieg5/wu/nlTr+BDXmxE/ZfCelC1JL7RV0/Ik7TMObeBwU5k0J/pDu/lL8KSQj8KYgf8rzJv5557dgf/lOojseUL6zf97E4yyHPynmxHkTmy8swJuw3YN/Hpp8pyB/YnnO/R9vFeBNqNTlO7m8Gdt4Kyd+QnaOxJ9If+v4k8Ibpw9mLeG4muzRFQ0vdhD433MJAUJ4k+K+DYYywRC40qZWbbB05Di9nsMHly5x+f0PWFhe4sTxY7hInE6XWrMGZhUhTGzbpttu06xWmZ2qg1B0etC3FdLp4/b62N0eWxsbHFo+xLknzwM9KqbEdSSybzLVaDA9s4gUAoWLcm3sXhtpO+BKLpx/Assw6TkOwjLxJrWFd7wSGDLkDaEGfaRAKSpuJ9URQjrR7/sK8idw193fwf56EpND/wusv/IVKueXoHMF952L4IBiBvP5TwfHRkKjDG908s23kL/wPMbyC1SfhV7mZObbYA/+NGJvLVe9dsnRm1JY+j3PbKOaMN2aW04crr73O3S/9ztw4tNYFz6N+fKXMZ/+m1Rruzj/uMzPVd/G/r//DvyP/5TKOXC/+Xfofef2Po0ZQdSBPGn4Z0omE8AHKK6StOwOH7Zu8Z9vv8l/uP491vs72NLFEIKaUaFiWFSNCnWziislUimkUhyqz/PM/ClOTC0zU5ns/p3IRCayf/Gfo+stE/QSaDn4Ak/ir+mLZlzhHcOQseI4trQ1fFyQwIRWICsR1cskeJHT1PDFIOH0XhjoOTsQ4mVwPX+8UXCHQqjWhDnN0wgUctDg4FnAU97uXxka2ATtV8PVwNmdESvzjk2OsyPl8DK+/9L1kXbIFFiRrFthqiIGhPQyO7Ji9up2JPgHZ/p7lB0KmfHHcNU14fiJ6Tk7FMrYn1oWuUZqmR0vBP5n4LZi/h/PjtAkf0YZUKbyJoU/pfyfx5fC8aeJl7CRo/g7rROyyrxztfUXiJ8R/F96B1Yef+K8ybJ/JN5kxA8l+ZPJm3j8FYifLLsL2H9/4y+bN4zKm5L8IRZv48h3fENL86eU/0fjj/95FOdP8OeB+V9zbOH6dfzZx+fPQeQ7he0f5hlj5U9WvBSIv1zepNlU4LCk/ZqyrGjr1/Fnn7zJi7+C+U7An5DHyxqu403k/Tz/j403fl9nxM9B8ybt3Jz6k7zxXz8Y3qiCvAnu1azxVub9pudNVL+/+c4wXgrET1gd++dNQcmpP8kbBm46mHwnEj8Z+c7I/InzJsGfpP/pd6A2HcSdX9bdLt1BC7z5UuH9ZDJ434MZwvseTHnfiRmDCVXMCodPnKK11+H9d95h9eYNVu/c4Su/+CVOnT1Jo1ZBSIlt2/RsG7tv0+9tMF2rYCobq1rxdtciqNUbNJtTrN66TavV4pf/6l/m1JnjVKoW0u0jqIAQKAX9fg9pGAgkQtpIVyIdl6W5ec6ePo0pBFXTxEF4dgrhhQGebfF+9LwlqDvtWOcO4sfp4T8DuKz/hz7J5o9oeBva5Nu/Qe/rg3h49n+n8QqhHcDfQe59BaOxjPg88F3vdfELn2a0p2F+FfudX6D24lHMX/8HVP7xb8V+zvgo1q/+Nmbz/6T3r17HvXkba+Uo5vO/ifhO6BnAv/yCZ+3d1/f5888F5Luvo770KmL5VaofJ/IMYPNk/OesfwXrsxdx/vQi3Pgezo3v4fxRjfrf/xWM+TPxKxeQ29j/118N5sEfhCj34J42/LMikwngA5Rdu83FnRt8/cp3+fO191jv7+BIiQDqZpWz00c41liiYda43LrDrt3GVZKGVeXFxbN88ejLzFWbiLIfmBOZyEQmkibhFclelujRRQxfMgShpM5/f7giUAm8BFl4uvdGSA8qGJbBF08pK6JV6OVc1IUGUsFQIjTA0q3IDVUXKv0VwDE9dFLw+qCC7JXowx6LryQO3vFXpG7+r6g/nYfZK6g/vDZM1sMGiNDxKfYXGWDGh1s5C4pTVoQXXRFcfEV6YFuWnvBc3AB0Dc6W2GWL7ggIynCcBf6P6cHxo69IJ3YesfgjUfqH5Qywdd2r6+7YS9rqw/FARvxodyQU3BGTwRv/uEyDEvzRd1WaFN0BkF5qeBN+n5z4SeVO8jhd/Oi3NPiSEz9leRPXy/JGy5+CvCnKH53nfkZ4o42f/Bs+1FpIeHxMvPHfSG0GGfFyP3ij4U9qmZLvZNmfEM3tO9Z8Jzi+IG9S+FOaN0X5M6Z8J3E7F+XPGHbg+R0e1yOl9oZ4FPiTEjdjynf03PEPewD8gYxw1PGnIG9CDdPyp4xBOv4UlYK8ieu5/Bn8m7tjvCRv9p/vFOBPge4KdB1/Ui4b5Q1j501EH5k3OfGTE5Y63gR6ptsexvFVnDd+g3P6QyO6fKcwfx5YvuOrGt4U5U/O533hfMdueyyN7TifcttsDbzu96XPJhhsghj0kTAY3DcCLIvj585y58ollHSoWgJlWZgoDs3P0+62sfs9up09tlu77G5uMl2p0Gq1wK3SoAkILBMqU02m5lfYbPf5xBe+yPzhk3RsiasMcE2kVNiig0WVimXgolDKxXZ6uNJBuQ4ff+UVpmemsQUIV2GZBkooXOF9ghiKaGcpBUjPVgOmEjuAB5rTI/0ZwNn8GV4gnz/OrVtUzl/AePnfU595HVW5gHHyGMLf8CkAdRv3xm2s5aOYf+l3qR27iGqewXziQt4tpBX3X/xD7K/8NpXTn6byv3wT69b7yNV1mD+DceQCogms/QoGr+N+6xu4F76CefpvUf97ryIvr8Px5zGPLHnPw/12mR21o8o/x/7Jl6h9/Azmr3+T+quvI+0lzNPPI4w+UA2OFH/916h+9gLVv3AFefsicm8G48Kr3q81blw8gLbeB5H3fYr9Z04mE8AHKDfaa/z52vu8ufEBN9trKGC5Psfp5gpHp5ZwlaTtdLnXvstab5u206NmVnh67hQvLpzj/Mwx6mY1t56JTGQiEykm/hrAQRlamecPdPyVmmow4PJW9DHIFf0D8BdiD54FHNKJp5WZzckZ0WjOiZ+L5ti8yiP1xVco+4OEYQXeYbqVyESPQ8WaFHv9T76CTBtvho9XQ8MCU+P2BmW8w0RQZ1QPlaOsGB9pB57fsmFPqbCqQs0v4/+0sozsK/5UQtfFQVwPSgX7fSZe/g5QUvWk/aGbOHRGIn72swOzSPzlxU+MP3G3lJIi/k47Z6QK4yeo4L5P509B/+fFS1685e5AJ6pr7c/mDTp/F/J/Bn9y4iV7hwL5/n/ceZPHHy1v4tcvwJ9M+0VgU+iMwM/cL96kxp+ON3r+FJJ9+V9Tlqg8lTcJ/ozq//vEn4GdwefbQfOnzA6oFD2a7wz5c/D+19RXgj+DMInqWbyJl2PlD7HrZ/Mn3/6C/CnDm8L8IRh3EY+f/fCmlP1pHRZ6bd/163kTvM+Y8514WYQ3cUNzeBPXS/NnJN7o851E/ET4Q3l/j83/+61/hHyHNL/fb96EjErhS0IPxPezf+4Y+LPvfGdozqOU74jujndCpD5FU3aGxwg/loI/MBWYypv0lcrAVRJhVbAdm0OnTnH1w3ewqhau08cwKrz71k+Zrtc5fvo4ru0gMNhpdWnt9TEaDrvtPUwDqrUGVq3OlFVBVhq8fvFN1vsKcXeb937vP3HuxAJPnjzEuePHmVuYZ2quiSEsKqpBpVZDugIpwbW7COFy6uxp7rRdXNNCGaY34S8EJgJD+R71Z1QHHSe83y0WQtF09gY2Rx0i7E7AxLL8GdaVzpsgjH//79Gf+gdUXjqD8fSXvGfV/uAbyFf+Jmaoue7v/kPsmf8Z6+wZzFfPQG8d+cOvIT/2NzFH2gX8Peyv/m3Ul/8nrI+/inHsVcwTg7f2biNf/wb2t7/m9dra1+h9tU/1N/4W5rHnMV/Fexbv3e/h/Mffwj6gOVX3679F3/ltKh97HuP8z2PIPuqjr9Hf+jTVQZ8AqP/6Neylv4X1xBmMp894v1zttJDvfQP7n33tYBo7bnEe5P7jx1MmE8AHJEopbuzdCyZ/pZKs1Oe5MHuCF+bPcrixyI83L/Hhzk0u7d5CKokhDFbqC7y69CTPzJ1mqTZLbH3NRCYykYnsQ0SQ9Hr5mPdM3+EKPfBHx54eeuav8I4XwZWCQ4HQ+GaQ6MXHO7HR27C+QWmEdOLl8IyknjvAyhiBxJYaCxG+vm9bKEGOl35fRU4b9JF/2UTfh8wT6WVwfAz/iU+DhFkiqadeQVNxzg6Vof/9QeKgjYN69StG/WbFd0gULENmhi0Ju1fr7ugZUT22Qli/Y0BThr9JKrFDIbli3e9u//1UbyXLtObGLM7StQGZe4XQjRt3WEaLE/FTeIW6Jn6i3R+9/TVl2JJwc1Nvl4TtsSuU5U08HlL5U4Q38dK/TE78FL3dY+cFeq5ZB8Ob/B15Ot7Ed0jk8yYebzreJL7PS8h94k0B/uTypih/NM0tzJ9coI3Amwz+FOZNgj863sR3aJXkj443RfmTxpt4OQpvcnaEp+Y7Pm8eI/6M/gxyhnqkWQfHn6DUyv75M/ozOf1ufrD80V84aGD2CTmOG/0Z5LH4QMefDO5o+BO2JIs/yQ5LucL94o+ON/H4KcubeFmSNwkpzJu4nsMfXbwU4Q8Z8ZLgT0nexCwpzZui462i+XLZfCeIO7+7HzRvRLquu8KY8p3451vxfOdh5E1MT4uTzjZpDpulP+zaQb8IQfA9l1AC0+8uIRCGhY2LYxjUppucOnuOXmuTva0trOoUH/70HU4cPsSTT5xFKpsd28F2odV1qAjodPpM1WvYroOJQNWnuLG+w7/8T99mvS24uPkhdq/LzTsN3n5b8dTJEzSnanzpl/4i55cOY/d6GIaB6zoYQiCQKKXouy5YNRylsCwT25UYpgAGdiCQItSPgW+9BQYzqj+8B0PHCKczCJUob/K+37H/6Zdx0uInNWxv4/zr38D91zGv/buvDnzit+h72P/k17EHBwTu/n+/Gj3x679B++sUlNs43/x7ON8scOjaN+j/H9/IPua7f5fOd6Mv9f/+Z0NRlta+r9H739ImZVNeXwb39/4Ozu+FXzxK5Su/BvRRt741aOu3sP/Ztx7oTzaPXdzHypqHQiYTwAcgSin60mGjv8udziYA52eO8urSBT6+/BS7dod3t6/xxvoH3OlsIJVEAVNWnWNTS7y88AQnppZDaclEJjKRiexflFT4M7r+Dl+Jn5yJ2CpXL8Pyy/izgP0MLPHsO+UnmtHz/R3Hfian23msH4YnVwBLPHM8NbZSN23FuPIGfZnl938V5/vh4UT0Ov4gJdAH3/qL3/8Ezu9Hmgv8I9x/8I+ir+WMc9W/OBWs3SwkKqeMH1t4AB8X348xvcwOrSIr4HPK4YCGUL2+G4Z60jbdDoTQ+yT9XXpHbtbxoQAd+Rl4SbM09mqOHdn/+63f97tf/2j+L7UjNCXedLwZ9n1x/vju9NQReVMy3gLeqLieEj8FeFNa9subkvUneTN4fVTejMSffN4M7+VQ/ETs1fFn2IEj8SaLPynxNuRPuM0l+HPA/t9v/QneBB9XI/KnzA6tIM5CvCnBn0K8Ken/8fGHR5M/BS+vz3cGxx1QvlOUP2m2HUi+Uzj+snlzYPzZr2TVn8GbYb7jHz6mfCdc7jPfSeVNXFd+OKX4/z7wJrHj8qB5E5ey8Va4fg1v4nqcP/cl3xmWiXgpy5sU/ozm//1+3mXzRyv75c2Bfd5peJPgz/3Nd8b5/Y7PG0/V8CfN/3sbntHRE5g2hr4f1jP4SwiEYcBgUlMokEqhBj9x56A49dTTXPrgXZ55/kW+9Iu/xHf/y3dYX7uHaRpULBPDNEAY9GxJS7lst9pUKwa1Wo1qo0FfSa7fusVuq43tVmj3ejRqVe6urXH8qbN8/i98kUOLczzxxGlc26FasZB2D6SD6/To9vr0XZO+IbCl9xmiANM0AW+Hr4HwvsuLLC5QCH8WFmgKl9A3Z0E/iF4L/xnAcd6M/P1OSf4Q10vkO4+XHKXy3/1LKif7qLu3kHevoOwZjHMvYCxUYfd7xSayH1FRdu9BN+Gxk8kE8AGIRNF1+0glWaxOc/zwi1yYPc7J5gpr3W3e277O21sfsdrZpON6v7nfMKq8MH+WXzjyEk/Pn2KhGn/I90QmMpGJ7FMGyTh+LhisEB2kXSKYHw6eBewdHlpZOjhQCYZJZWxFanwl6nAQGV2Rmr8iNtb82IAqVU/Umrx8eumvSCdou//lfKCHR5LxHRDB8RkjwEJLitPOH0hoQJU2oIwPrxJ6irvyxquRUrvjZVj6PZ6q56yAzy0TDY7HS078xC6n2wGgLdPcFbyfEi9E46LoDgitB2LxNxxQa+Ilrgf1p3dXbvykVF8qfrQ7XjTxEgpUP97SeKP1mPaGJ6oPOyi9Q3J4Ez+7GG/izdHzJl5G+JMVP2PnTUn+6HhTlD+JeCvJn1BHj8SfNN6U4Y+ON0X5U8R9wfEp8RPf2VmWP6k3fBp/fMnjTUn+FKg+mzfx8kHxh2x92GFRrSB/tK3QhPvDxx9f8vgT7S3d2Xr/58RLvNTyxj9uRP7oPRYtH8l8pwB/NPFSiD+pnvIljz9R+x8cbzTxk8GbQM/y2D7znYeDN369Gv6MhTea+EnjTTwcQ/2ViB8db4ryJ403ZfgztnxH1+B4/ERFyxtdOMbLTLf5/s+IH3/8LsJ6cf4Uz3c08aPjTax7fRk/fzS8ieuhuPEb6Mefjj9R/2vK0vyJyrj4Y7TuIZ0+yqqGDhDUTYOZ/gadqUNePIXbI0BKCcJAAUq4CCUwjMHGB1fRqdZ44TOf4dq777Dj9Li5cRen12F19RbTizNMNRvMzMximev0bZut7RaWcKhVLepTNWaqFvOm4sxsg7vbXXoNg9NnjvDi80/xsafPc/7UMaanatidHYRZRwmQuLhuH9tuIzFRWLgYCLOCiQAlo/0QmORP9/j3hLd7uNleoybMZN9LG9HbI/0ZwHH+lPx+54D483jJbex/+1XEr/wNzNMXMI9c8F52Wqgb38L+3d/h8X1KroLJBPDYZTIBfADi7QC2mbYaPDN/mhcXzrJUm2PHbvPNm6/x481Lwc5f70OpwrGpZT596Fl+6djPcap5ePLs34lMZCL3QRTBT8GEBzxSDWZ8/ZV6xFZsDlfkBb9MoAb/+JO+ktAAq3BzkiOZIudklQWqC/SB+d4buhXKMT1t5Xvk+BKl8vosXAYJO/7q75hhwRLw7O5J6r4f/dfD/i6xQjxrBWiox7QryMMeSJtgyoufEv7OlZLxNwiTQIm2VhMvOf7e7zOAdfEyNCdklG+A9huEAvHjh5/G/5llgRXCifjJXAGcuKPJjJ8Mu7X+3wdvEpeK8KYgf3S8GYU7abzR7EiPNDpid1H+6HjDwI0F+VNmB0Ief0pOaEft1pRlZJ/x90D4E+eN/yVsgj8pvInrpfij4c1DxZ+SMuFPkjeaHemRRmfYm8mb+8GfnDgrx5+UUmfgKPGWdq0S+U68fh1v4nop/uTFzX7ynbh+0Lwpwp9U3gzjLcGfrPwmTw6aN8Sys0K88d8+2Hwn6I5EvhMt9dH1YPKdTP48VvlOUd6E9DTelMx39j/eipYqrgcH6/hTzv8HO97KkX36P7UsUJ2wO4jWGmruWKg+r7OXe2tcnzqMIQBksFtWIAcne8//RSgQyps0UQauZYDq0zh0mFePHmXn9m2eevoZbKfL6z99i8///OcRwmSqUaXZMNjdcOkKwdZOl4q1Sa1mMj8zRc2UvPLcU7Q6LoePneDCUxd44YXnMJSL2+8xVavgug79no2SLlZFouw9ZN8BJehRpytqnhcEoCyv7QAYnq3KQBju4DUxsN1AIVnq3E11hOhsI5xOPocK5jueQx4wfx51ufEN+v8k52eoH0NR/e6DbsJjKZMJ4AMQIQQVw+LZ+dOcml7h5NQKP9m8xH++/QY/3rzEve5W8LPPlmGwVJ/lF4+9wmdXnuPU9GGqRuVBmzCRiUzkMRTF4Jm+SnjzvaGVwn4JRJI1MXhhkCbG8jnhzxsPV90SzdV0+b5X31BR+NcoZVCoAn9Ao6s5ZceBZkdUYuemrvT7KFwSTJGHjtfoIr0MW1DcfgokyfEKohXnPgOP2ArQ0Eph3QrR2DAjqufukIi2PKGXtl/THf5oSuTETzCAifqdhP81pWZF+tANOfES1BNqbqiZuh2p6fZmlDrR7oj0ytGfgRcrdfFTeodE1PS8Bez59ocunFiSX4A/uh2YRfmTxptIPIzIGw1/su3XlBHR8Sa9QaM/g7Mgf3J3SERbXog3Zfij480jw59os/L4k21/Rpk4YSAPHX+SZbjl4+WPhjcPNX9ipY43Y+NP/ALj4U9mvrMv/iTLcMvHy5+ivInrOfwJv59X6vgT1JgTP2XznZQuSC21V9DxJ+4wDW/icVCYNyX4Q7r7S/GnkIzAm/2Ot7S8iX/e+S3YX76T6I4HlO/snzfxOMvhT4o5cd7E5gsL8CZs9+CfhybfKcifWJ5z/8dbBXgTKnX5Ti5vxjbeyomfkJ0j8SfS3zr+pPNG7K7C/DHiDlyWe1zXVOdNBAvv2iltczExK1V60sU2Le5s7nD9yod8/gufQboSKSWVepX69BS7uy0cFHudHsaGQ8UyWVpYQCjFM08/gVmZplKrgdPlo/ffY2l+DqTNzrpkbn4WqzkHpoFUDgqQwqDvKKRpDvxmhHyYbGwamoQSLDktBrPfEUcYvW2Ix8MBjLeK8qcQbybyeEi/86Bb8FjKZAL4AEQgaJg1jjQW6bp9Om6Pq3t3ubp3l7nqNEu1OWYqDZZrsyzVZzkxtcwrixc4N3N0svN3IhOZyP0TpZCDfFgOEmY5GEj5ejSJS670iz8LOL5C0Bvc+tfxjxvkbip0fT/DE2LkBE8RGoRpVwjn7EAouyMhXmpXCJPU/QYX/kKhYCeEy7xjdfUOyuFlfD+m6yPtkCmwIjl9hWm4L2N6mR1ZMXt1OxL8g4v4u+wzgEd9RlWg5+xQKGP/SPGnq1dlxwuB/xm4rZj/x7MjNNR34+ZNCn9K+X+fvBGhdmTxZ2gAI9sfudy44i+QAvEzgv9L78DK40+cN1n2j8SbjPihJH8yeROPvwLxk2V3Afvvb/xl84ZReVOSP8TizefN/vMdDW+y+FPK/yPmO4PPozh/gj8PzP+aYwvXr+PPPj5/DiLfKWz/MM8YK3+y4qVA/OXyJs2mAocl7deUZUVbv44/++RNXvwVzHcC/oQ8XtZwHW8i7+f5f2y88fs6I34Omjdp5+bUn+SN//rB8CYyPs/gTXCvZo23Mu83PW+i+v3Nd4bxUiB+wurYP28KSk79Sd4wcNPB5Dvx73d0+c7I/Ilq5P9uAAAgAElEQVTzJsEfjf+3b8KJl4eJyaBctKBm7+KYM8m6hAD8SeDk264wkQqUYTK1fJhnP/5JlDD57Od+AddpY5oGZsXCqtcwG1Xau20M18ax+5hii0NLG1iVGvdWb7HT6tJpd+l1uyzMzjE91aRWrWJLm0azydKpMzz1wrM0agIXkBjYSuAaVRQm4Z+v9ieAg8/3EEfC71ftXeYNGbwaiZ72VtCn3hUeLv6MdO9M5JEU1Ws/6CY8ljKZAB63KDn8e/DhYQhBzaxQMy0sIVht3aXb3mC+3+VsdY7F6jQr9QXOzh7lxMxRDjdXmKrPYUwmfycykYncT/FXHPv5baBHS0XyWcAAwZI9hisAvRNCOoMKIuWw/ujbcT2n/bEBVdEVuYnqAhtUuj74d9QV6cTOC3TdkuKggfEBUkwvOcBMXG3oruwyuFzRFcHFV6T7HZ6p6wJCuwMs3f6ExC5bdEdA3D1e6fs9pgfHj74iXRs/4ZniSOkfljPA1nWvrrtjL2mrD8cDGfGjXRGctyJ9uCJZxxv/uEyDyvImJqV5EymL8qYkf1KO08WPfkuDLznxU5Y3cb0sb7T8KcibovzRee5nhDfa+Mm/4UOthYTHx8Qb/43UZpARL/eDNxr+pJY/4/mOljdF+TOmfCdxOxflzxh24PkdHtcjpfaGeBT4kxI3Y8p39NzxD3sA/IGMcNTxpyBvQg3T8qeMQTr+FJWCvInrufwZ/DvqLyzp4mX/+U4B/hTorkDX8SflslHeMHbeRPSReZMTPzlhqeNNoGe67WEcX8V54zc4pz80ost3CvPngeU7vqrhTVH+5Hzel8l3xNZtRGcTNbUwvAkHFzi6d43r9ediFYPwvwfT3OcCAWYV25VgWcwdPga1KXZaXebnalhdgWkqzKqBVa/htrsgarQ6LabqLqv3tlg5fAQhFEL1efL8CQ4trXB45QjVao1Go4E0DCSCrmVSrVeRsodU4GLQo4JDBeU9/XfYpqD9oZ7x/1beuwo4snOFqM8Gd1JvF7Oz4cXBQ82fdL9M5PER5fQnz/+9TzKZAB6nKAluH1zvJxpEpQ6GSRhqdeC8MFkRdX7JtTB372K4N7BMi1rzELWZw1TnT8Lh52D6EFSbD8qaiUxkIo+5qPiIIvTsX4RIfxawfy54AyYlInlYMCgZJTnLSfhTEz4VLb1nD2uOzas8Up9uh8SwQu/lEiuS80oFiR2gg5Wqge4n9/5fMfuHZbwTRNDmqB4qR1mxOdIOPL9lwwGzCqsq1PyS/k+UZWRf8acSevTrgKGf43q6/wvukNDGX7iPk81PNSdiryB6E2viZz87MIvEX178RHYkJN1SSor4O+2ckSqMn6DjTeh9Cvh/ZN5o+JMXP1r7s3nDqLzJ409OvGTvUCDf/487b/L4U/jzrgB/Mu0XgU2hMwI/c794kxp/Ot7o+VNI9uV/TVmi8lTepOQ7o/n/PvFnYGfw+XbQ/CmzAypFj+Y7Q/4cvP819ZXgzyBMonoWb+LlWPlD7PrZ/Mm3vyB/yvCmMH/8y8fiZb+8KWV/WoeFXtt3/XreBO8z5nwnXhbhTdzQHN7E9dL8GYk3+nwnET8R/lDe32Pz/37rHyHfIc3v95s3IaNS+JLQA/H97J87Bv7sO98ZmvPI5TtuD2PjOu7UQsAbv95jshX8DLQ/6VtkbYwBuEqBYeEqiWFUaS4uYhsC07IQuJiGpFo1ME0LKUx6/T6GNKDawFUmjeYML730EndX73Dk0Aqzc/P0bIfVtbscOnKM5aNHsao1ZK1Cz+5idztIqXAk2KKKMmsoDAwY+DG9rWLwuSJRnvOUYsXeGfz8c9QRxt4aynUYO39C1TyQ8dZEHj3pth50Cx5bmUwA71ekjWpvofbuoVr3oLWGsjsgQNRmEc0laC4hGvNQm8YwLBpWnXp9nqXpFZTroPbWUHsbsHsX7n2Aaiwg1y6jls4hFs8gZo8iatMw2RE8kYlMZKwyWOFIdEVoeIWeXw4OA1TwfnAeofGMCA6JDBJ83d9JHM73lBrMM/vJqxi8PygJvR5ue2LAHZ4x0Q6wMkYgsaXG2mfkDY7Xr1D3T4vrUTMSpUgvietp3UGaWSKpp15BU3FOg/yVnoE+WBnq16tfMeo3K75DomAZMjNsSdi9WndHz4jqEQcl4yGx5Spehr9JKrFDIbli3e9u//1UbyXLtObGLM7StQGZe4VBmeawjBYn4qfwCnVN/ES7P3r7a8qwJWn80UsGf4ryJh4PI/MmXvqXyYmford77LxAzzXrYHiTvyNPx5v4Dol83sTjTcebxPd5CblPvCnAn1zeFOWPprmF+ZMLtBF4k8GfwrxJ8EfHm/gOiZL80fGmKH/SeBMvR+FNzo7w4vnOo82f0Z9BzlCPNOvg+BOUWtk/f0Z/JqffzQ+WP/oLBw3MPiHHcaM/gzwWH+j4k8EdDX/ClmTxJ9lhKVe4X/zR8SYeP2V5Ey9L8iYhhXkT13P4o4uXIvwhI14S/CnJm5glpXlTdLxVNF8um+8Eced394PmjUjXdVcYU74T/3wrnu88jLyJ6Vnxsv4RnHgp4biGBYd3LnN3/jxKKYKfU/ZP14BAKDAR3uPShIGwDE6eOQWWACExDTANqFZMTNOgZ9v0HYm912HFVSjD5N7GBrVahWqjhiP7KKGoNGpUbBezOYWqVlFWBVdKHNdFShfHdek7ICo172eohYGBCr5b07QWhfS8KgQrWx8ylfLsXwCzs+51p4Y3j8b3OxN5HERNJoDvm0wmgEcWBXYX1V5H3n0fde8icu0Savsm2B0QBqI+B3PHEQunMOZPIuZPwswhMCyYWUFIG2rTsDMDO7dR2zdRu3dRWzdQ65cRi2cwDj+LcewlWDyNmD7kTQILI9oSpZBy+NPThmEErzuOE3ygVSoVws8J8M9zXRcpZXCcYRiYpolhGJHj8+oUQgTXc103cT3TNHN7VUqJdF3cQXvCH8aRUimEYWAM/o+3UykV2BW2TQgRtCXNNldJ3MHPeBtCYAojlA7G+gCFVCpyvIGBVBKJ1/Y0MYTAEAaGEMG1pVJIJXGUiykMLMPU1hsXR7rBeaYwMGLxMZGJaEV5KWGQ/KfpyhuYR5O52ErmkO4lgdGVgt7q2thxQULvlSoykiCxAj6l8UTfDe1IGJzr6145ph0IsdLPOgN9cN8Pd6goQofFTcgf55YVlVPm1V9YfD/G9DI7tLQrkIuXw8EuoXr9bh/qSdt0OxBC75Pv/33tUAgF6MjPwEuapbFXc+y4B1CF6/f97tc/mv9L7QhNiTcdb4Z9PwJ/YMifMfMmwZ+ANxr+hB3xMPKmZP1J3gxeH5U3I/EnnzfDezkUPxF7dfwZduBIvMniT0q85f7CRJ5TDtj/+60/wZvg42pE/pTZIRHEWYg3JfhTiDcl/T8+/vBo8qfg5fX5zuC4A8p3ivInzbYDyXcKx182bw6MP/uVrPozeDPMd/zDx5TvhMt95jupvInryg+nFP/fB94kdlweNG/iUjbeCtev4U1cj/PnvuQ7wzIRL2V5k8Kf0fy/38+7bP5oZb+8ObDPOw1vEvy5v/nOffl+BwJ2lvl+R2zdwNi8hpw/GU5YADjeW+Mu5wddJwY1+53l4m1diEsFSzkoJI5hgGXQaNZxpYsrve+mLWFQNQSWZWJV67Q6ezimxa21DbBsVuw+x44cYnFlmdlmk0atAY0p6suHMWpNpGmCIbGdPq6U9G1Jp2vjWBZYdRxMpGGC66b0WVL875WPdVZDnTkUY28N0VoL7g0db0b+fqckf4jrJfKdiTzaonp74NgPuhmPrUwmgEcSBUoi1z5EXv0e8sPvILdvQb+FUgphVsCqoTpbsHkFrn4PWZtBHHkW48QrGMdeQswcRcyfAtcGpwu9XeTObdT6R95k8q0fIW/+CLn6LsaNNzDOfhbz7GcRi6fBqkdaI6Wk3W7jOA6GEEw1mxiGQb/fZ319nV63i2VZHD12jGp1uIvYtm3a7Tbb29t0Oh0cx6FaqdBsNpmenqE53cSy0kPE7vfp9Xq4rotlWVSqVSqVCp1Oh93dXXa2t7FtB8M0mJ2ZZW5+jmazqZ1Q9u3o9/vsbG+z127T6/ZwpYshDEzLm7Q1Q5O9tVqNqakpmtPTkcllf+J7e3ubvVaLbreLbTuYpkG9Xmd+fp6pZpNarRbzqqLldNjpew8cb1o1pisNKoZFfDJWoXCkpOV02HO6SCWZsRo0rBo7dpue28dR3morr03eOYYQVI0Ks5UmdbNKxfDa3ZM2u3ab9d4Oc5Umh+rzWIZ+8jksW3aLjd4u05U6s5Um01Yj95yJTARACeGltWKQNAYrRON6fGWf/8vQgwNVaG324PVgpSCDCw7K4LjBddNLorpG4guGRTj7FcP8NtmKnOoHnZD7TM7wSFLE9OD4jBFgoSXFaecPJDSgShtQxgcDCX3ovmiZ3ephqd3xMiz9Hk/Vc1bA55aJBsfjJSd+YpfT7QDQlmnuCt5PiReicVF0B4TWA7H4Gw6oNfES14P607srN35Sqi8VP8HK85iui5dQoPrxlgjgqIeiZWneaDpEc3vqdgAU4028OXrexMsIf7LiZ+y8KckfHW+K8icRbyX5E+rokfiTxpsy/NHxpih/irgvOD4lfuI7O8vyJ/WGT+OPL3m8KcmfAtVn8yZePij+kK0POyyqFeSPthWacH/4+ONLHn+ivaU7W+//nHiJl1re+MeNyB+9x6LlI5nvFOCPJl4K8SfVU77k8Sdq/4PjjSZ+MngT6Fke22e+83Dwxq9Xw5+x8EYTP2m8iYdjqL8S8aPjTVH+pPGmDH/Glu/oGhyPn6hoeaMLx3iZ6Tbf/xnx44/fRVgvzp/i+Y4mfnS8iXWvL+Pnj4Y3cT0UN34D/fjT8Sfqf01Zmj9RGTt/UIi1S7BwMnoBYNYSHNm+xOr8E5E2eJuH0jfVGLgI/GeOCZQyqNSnMGtVVEXQkw6WYVAXFaqmSaNWYRuwXcW9rV1swOlKZhs1FuebNJtNKrU6yqpi1BoYlQoS2/OT08V1FHt9RcuuYNbnQFQQysCQCoQEby+yvj8HsXho4yIzItxTQzFbdwGl500qf0p+v3NA/JnIoy2qvfOgm/BYy2QCeBRx+qjtm8hrf477wR+j7l30dv1WpjCWziNmjkBj1ju2u4vqbHjlvQ+QnS3obGGc/hTGkefwkgwJ7jJG8xBq7jhq8TTUmsjrryHXLiH7bZAOOF3Mp38ZMXc0mASWUrLX2uOtt37C+toalUqFl199FYDbt27x+uuv09rdZWlpmb/8K3+FpaUlXNel0+lw9coVLn14iTt37tBq7dLv9UHAwsIiJ0+e5IUXX2D50CEajeSE4urdu3x0+TIb6xscWjnE8ePHsSyLq1evcvHiRe7cvk2328OyLFZWDvHkhQtcuHCBQysrVKtV4hPBUkrurq5y9eo1Ll36kF6v5+1CFgbdbteboHZdmlNTTE1N4TgOKysrnD5zmnPnz0fauLmxwfUbN3jv3XfZ2dlBui6VShUpJYYhWFhc5OzZs5w5c4aZ2VlM00ThfdC/u3WNH66/D8Azc6d4ceEci9UZLCO6e9lVkpbd4a2tj/jp1hV60uZjC+d5cvY4b2x8wK32OntOl2mrQdOqYwmDLXuPnmtTNSxOTa/w5MwJTk+vUDEstnotLu7c4M3ND7gwc4JPHHqa+cp0ot6weJPQLj/Z/IgfbXzIM3OneXb+1GQCeCIlJLlSEyEynwXsJ2fKP3+QBHpJmRomZSp4cbjyN6sl/mA6PpLJNyFZFjxXN+DybUlfoRzT01a+R44vUSpI7NAKBrX+asyYYcES8OzuSeqeJcNu8/w77mdwkqoTsiXkgbQJpowBTcSgIrGSJ2kj6bzDQ/VHW6uJlxx/7/cZwLp4GZoTMiq4Z1PsFkOb4jYTumIQfhr/Z5YFVggn4idzBXDijiYzfjLs1vo/jTdojs2RKG8K8kfHm1G4k8YbzY70SKMjdhflj443DNxYkD9ldiDk8afkhHbUbk1ZRvYZfw+EP3He+F/CJviTwpu4Xoo/Gt48VPwpKRP+JHmj2ZEeaXSGvZm8uR/8yYmzcvxJKXUGjhJvadcqke/E69fxJq6X4k9e3Own34nrB82bIvxJ5c0w3hL8ycpv8uSgeUMsOyvEG//tg813gu5I5DvRUh9dDybfyeTPY5XvFOVNSE/jTcl8Z//jrWip4npwsI4/5fx/sOOtHNmn/1PLAtUFugLj3mXk4WdQs4dj9StO9e6xylOA4dnpf2mlxOA766itBk5okYGBwqRSbaBQSBSdXpfVO3fp7nSoVas0qnWEYYFZo2dLVncdKnSZX92kPtWg75pMT0/RmG5iuDbVWh2jIug7fVzXZLtls7HnUp89hGPNYhgVKtJEIVCG9LymBGm/PikYuu5k+07qs39FZwOxezfKoTGNtwIHPEj+TOSREdXvQK/9oJvxWMtkArisuDaqvYG88QbuR3+GvPkjQCGmFjEWz2Kc/Sxi8SxiahGEQHW2UDt3UJtXkRuXkVvXwekh6vOo+ZOI6jQYJlg1hFXznhk8dxxRmwFhoPp7qN1V5O2foPotxNwJDKuKmDseNKm11+LNN97kg4sXqVQsFpeWcRybd955hz/5L99ld3eXM2fO8PN/4ReYn5+n0+lw/do13nvvPS6+9z7r62u099p0ul329vaoVqscO3YMUDz73HMcP3ECy7Iik7ard+7w2muv8cH7F3niiSd44aUXMYTg0qXLvPvOO9y5c5u9vT1c16VWq3P9+g32Wi1e+bmfY3l5ObL71rZtNjY2eOedd/jJj3/CjRs3Bjt156hUqmxtbbF65w63bt+m2WyytLTE9PQ0juMwv7CA63g/N+26Lu12m4sXL/KjN3/Ehx9+iHRdGo0GM7Mz2LZNp9NFyg+4d+8e7XabJy9cYG5ujkq1igLe277Gv732p4Cie/wTnG4eZrbSxCI6ESuVt1v4rc3L/MebP6BldzCF4FB9jtfWLvLjzUts9Vs8OXuCU80VZq0pbnXWudvdouP2WNmeZ+vQHpZhcGxqmc3+Lu/tXOMPb73B1nKL481lpmbqmRPAjnRZ6+7w2tr7fPPWa9jS5XBjntPNw2MK9ok8/pJcMVyoxM/bhusNhX+98DgzsUKZyPHhHE4QezNcFpVIBf6AJlxDLOGN65odUYmdm7pyYHh8hfrQnBxdpJeRPipif1ZCnXXFWMW5z8CLx09opbBuhWi0eTFdu0I5PV4Semn7Nd3hB6PIiZ9hoEf8TsL/mlKzIn3ohpx4CeoJNTfUTN2O1HR7M0qdaHdEeuXoz8CL80YTP6V3SERNz1vAnm9/6MKJJfkF+KPbgVmUP2m8icTDiLzR8Cfbfk0ZER1v0hs0+jM4C/Ind4dEtOWFeFOGPzrePDL8iTYrjz/Z9meUiRMG8tDxJ1mGWz5e/mh481DzJ1bqeDM2/sQvMB7+ZOY7++JPsgy3fLz8KcqbuJ7Dn/D7eaWOP0GNOfFTNt9J6YLUUnsFHX/iDtPwJh4HhXlTgj+ku78UfwrJCLzZ73hLy5v4553fgv3lO4nueED5zv55E4+zHP6kmBPnTWy+sABvwnYP/nlo8p2C/InlOfd/vFWAN6FSl++U/36nKG9K8idk50j8ifS3jj85vLE7GHffx509knBkw4Szaz/m6qFXog3UJCJKgAgmyBWGAMMQCCXBdlB9l53dNpcufcSeDTPzh2k0Z9hu2/RFBSUMbq236O512eg4nD9ncPyIgTRMRLdPreFiWALXddnY7bHWMZlbOYWoTiNp4OJgSBfDENiD4DMUw0UFQeerQfcKTq++QUP37N/WKobbHfJobPzR8WZ0/hTizUQeXdnbetAteOxlMgFcUlR7A3n7LZy3/y3q7nuAQjQWvJ9ofvKL3q7e+qz3nF9ASNf7mWe3h9q6gVx9F3ntz5HrH8LNZYwTr3qTvWGpNILriKVzuG/+a+TmVdi4gvvW74FpYc4dw4e267rcXV3l0qVLOLbN6TM/oNXa5drVq8zPzzM3N8fi8hIVy6Lb6XDzxg3++I/+mOnpaT73hS9w5MgRqlXv55svX77Mn3//B/z07bdZ31hnY2ODv/jFL3JoZYVKpRI0sdPpcPfOKu+++673U8t7eximwclTp/jrf+NvUK1U2N7e4tKly3zrm9/kT//kT/jo8mUU8Morr3Di5MngWtvb2/zB//cHvPH6a+zu7vJLv/zLPPPMMxw+fBghBJ1Ol2vXrvJvvv5v2NzcoF6v89f++l/j9OkzTM9MM9Vo4LouW5tbvPHGG/zRt7/Nhx9+yJd/6cs898ILnDh+3JvgVYr19XX+6Nvf5vUf/pDv/9mf8d/82q/x8ssvc+LkSQxhsOd0ud1eR6HY6e8hQz/jHBepFDt2m1vtNXbsDi27iyEEPWmz2W/Rsjucmz7C51Ze4MLsCbquzVtbl/nTu2/z3dW3uLZ3l1vtdf77c3+Jruyz1W+x3tvh3a1rnJy6yLHGMg2rps2JWk6XP7v3U97avMxab5v13jZtpzdaYE/kZ1OUQg7yXzlImOVgIOWvCPVf91f0+T8yI5UKTQInVwBKFX09Wg7rH1xkkEwPdf9y/p+FzIHQhiLdCuGcHQhldyTES+0KYZJ6tMEFvlAo2AnhMrfDssvhZXz/pesj7ZApsCI5fYVpuC9jepkdWTF7dTsS/IOL+LvsM4BHfUZVoOfsUChj/0jxp6tXZccLgf8ZuK2Y/8ezIzTUdzHelBH/9mVwrVQ9qLWg//fJGxFqRxZ/hgYwsv2Ry40r/gIpED8j+L/0Dqw8/sR5k2X/SLzJiB9K8ieTN/H4KxA/WXYXsP/+xl82bxiVNyX5QyzewvnO/vij4U0Wf0r5f8R8Z/B5FOdP8OeB+V9zbOH6dfzZx+fPQeQ7he0f5hlj5U9WvBSIv1zepNlU4LCk/ZqyrGjr1/Fnn7zJi7+C+U7An5DHyxqu403k/Tz/j403fl9nxM9B8ybt3Jz6k7zxXz8Y3qhwvGTwJrhXs8ZbmfebnjdR/f7mO8N4KRA/YXXsnzcFJaf+JG8YuOlg8p1I/GTkOyPzJ86bBH/y/S9WP8BYPo+cO57owJO02GrdYmfmOHkihYFQcjBxqRBKYigwUYi+Az2Hre0WtzZ2WL27TV/epDI1j2FVkRjY/R5OX7LX7nJv7ya3721zeGWew8cO02jUmGo2qdaqOFJSm51j/sgZXKOBkgYIiRIuKAOkDPW9PrBmd29y3NlNfc9ob2Bs32a4e/jh5s9I985EHglRvT3UZPfvfZfJBHApUajt68gbr6M2rqA6O4j6NMapT2Ke/RzG8Y8hppbArKSfXp3GbMwjphZRe/dQ27fhaMoDroUB1SZi4RQGoNYug9NHrl/2ngl87wPUyY8jphYAA/+Zt71ul9beHtevXePEyZN89vOfZ2lpCdM0mZqaYmZ2FoSgVqtx9uwZFheXOHPuLIuLi1iWheM4zA12CG9sbPDee+/x07d/yqlTp5mZnY1MAIM3AdRpt9lYX6e1t8cnP/VJnnzySY4cPUqtWqXb7bJ86BB37tzm9dde59rVq7zz059y/PiJYAJ4b2+PGzdu8IPvf5/V1TucOHGCJy9c4Oy5c8zMeBPjjuNgWRZPPXWB1197nZs3brC1tc2ZMzA9PQ3A5vo6H3zwAd/5oz/iypUrzM3N8dzzz/P0008zPz+PYXjPcJiZmeHlV17h6pWr/PCHP+QH3/8+CwsLHD12DMMwkEphSxeFRCIzo0EIkChs6dB3bSQKU5gYCKSSuEoyZdVZqM1wuLGAVIqu2+N2Z4Pv3PkxV1qrzFenabtdOk6PrX6LjtPj2t5dfrTxIc/On8EyTBaq04m6XSXZ6rf4/r13+HD3Fj3XZsdu03X7mW2eyEQi4q84FoM0K9DFIPeKrigd6gxfF6CUSDwTWAzK8NGJZD+2IjpYMa85PCGxAVXRFblBKcKlvwI4RR/8O+qKdGLnBbpuSXHQwPgAKaaXHGAmrjZ0V3YZXK7oiuDiK9L9Ds/UdQGh3QGWbn9CYpctuiMg7h7h3yuDbzQienD86CvStfETnimOlP5hOQNsXffqujv2krb6cDyQET/aFcEFd8TEeBN+Jp5/XKZBiR0Z+q5Kk9K8iZRFeVOSPynH6eJHv6XBl5z4KcubuF6WN1r+FORNUf7oPPczwhtt/OTf8KHWQsLjY+KN/0ZqM8iIl/vBGw1/UssEb0ry5xHPd7S8KcqfMeU7idu5KH/GsAPP7/C4Him1N8SjwJ+UuBlTvqPnjn/YA+APZISjjj8FeRNqmJY/ZQzS8aeoFORNXM/lz+DfUX9hSRcv+893CvCnQHcFuo4/KZeN8oax8yaij8ybnPjJCUsdbwI9020P4/gqzhu/wTn9oRFdvlOYPw8s3/FVDW+K8ifn837UfMdwOqjb78D88djZ3oXP713izZnjqKAn0kW43kSsC7gIUCaW4VIVCtPp09trs7PdZW29w8ZeDweDXuseQlSoN+pM1+vI6jSqXsE1JZtdm93r61y6doeqpahP1Vg+doJnX/gY04fO4lBFGRWkUQGpsDAQFZCAKQ0Uw2UM4C9wwLNDwNmdSyR8NBBz5xbC7SFE6C546Pmjdc1EHmFRuxsPugk/EzKZAC4qSoG0UZvXkLd+guruAArq8xjnPodx4hXv2b8ZIuqzUJvBXDyNvPEGcvNa9vGVKZg9hnHyVdTWdVj7ELW3jty8hrF5DVFtglVHIBCGAUKgpMRxHJ588kk+/dnPMDMzg2kOf0a41+uxsLDAxz/xCRpTUzSbzeC9SqXC0aNHeerpp7l16xY//vGPuH7tGh9dvsxzzz8HM8OdyqZlDZ/lKwQz09N85jOf4eixY8Exc0C9XueTn/oUq6urvPn6G1y5/BHr62vBMa1Wi5s3bvDBxYvUG3VOnDjB0aNHg8lfAMuymJ6Z5tz587z11s04ABkAACAASURBVFt88MEHvPfuuxw7dozDR7w+X7u3xk/ffps//8EPmJmd5eMf/zjnz59ncXEx0qdTU1O8+NJLvPbaa/zpf/2vvP3WWzz77LO8+nM/R61WQwgwhEBhIBAYGQmKQHhHCQMEGAgsYVI1KpjCRACGMIJrGEIwV21ypL5A3ayybe+x3d/DkZKO22e7v4ctHe51u7y7c40fb15ivtpMTAArFHtOl1vtdX6y9RG3OxtUDYs9p0vPTVlQMJGJaETFRhT+zt/MMkjygFCCrIZ5Z6BHhkaKSL4fHzpFXiz4BV+4Pm1ZWFSsPt0OiVCCDfvbARovFSR2gA620gQ6w0FvSE0p4x0mgjZH9VA5yorNkXbgDeOHsB7qf3Xg/tfUV7h+ldCjMT70c1xP93/BHRLa+Av3cbL5qeZE7BVDm0JnJOJnPzswi8RfXvxEdiQk3VJKivg77ZyRKoyfoONN6H0K+H9k3mj4kxc/WvuzeYPO34X8n8GfnHjJ3qFAvv8fd97k8afw510B/mTaLwKbQmcEfuZ+8SY1/nS80fOnkOzL/5qyROWpvEnJd0bz/33iz8DO4PPtoPlTZgdUih7Nd4b8OXj/a+orwZ9BmET1LN7Ey7Hyh9j1s/mTb39B/pThTWH++JePxct+eVPK/rQOC7227/r1vAneZ8z5Trwswpu4oTm8ieul+TMSb/T5TiJ+IvyhvL/H5v/91j9CvkOa3+83b0JGpfAloQfi+9k/dwz82Xe+MzTnUcx3wvWY9z5AzZ9AHn0m4I9/U0wJuLD6fS4e+VT2JYVAmCbSlghLYBoGlVqDbreL5Sj2bIfdTpeO4+DYElsplDBxhaTV7tLv9jErNrXaFK6pMCoudVMyVatQb5icPnOKZ196mZVjJ+mKChILxzBRGIP2ytDXPMM7QSBQYvCYXzxfPXHrezQ1HW9sX8fYvnn/+ROq9oGMtyby0ItqbYAz2ch2EDKZAC4qykV1tlE7t1Hbt7yfda40EDMrGIeeREwfKnYdIcCoIlaexpw/iagld3dGDreqiMUziNmjiOoUqt9GtVaR9y4ils6CVQfhPXcAoN5o8LFXXubJC08yMzMT7Hz1pVqtYlkWSqnEe740p5osLiximha9fp+9dhspo7thDWFgmiZCCA4fXuHJCxeo1euJa1VrNc6eO8fy8jKu67K9s0N7cD3DMGi322xtbeO4LvV6nemZGSwz+dxb0zSZnZuj0ZjCcRzW1tZotVoAKKVYXb3D+++9R6vV4uy5c9r2GIbB9PQ0y0vLLCwssLu7y/r6Ojvb2ywuLQEC/1nHhjAQQpC2AkwApmF4E7wI/KMMIaiYFubgXFMYGAz7uefa7Nod+tJhrjLN6enD1M0KXbfPjtNBCehLh9XOJn92921OTC3z9OzJoE0KhSMll3dv89r6+7T6HaRSSKXYszt03T5SqcyJ64lMZCh+dA9X7hmAv0IvvFLP8N8ffF/l6bHvr0IDab80QjpE871oS4KxBoikHikjVwrpoQGVNzWdNsDKGIHElhprn5E3OF6/Qt0/La6nmxOUIr0krqd1B2lmiaSeegVNxTkNGk7/+4NEMfhCRwzcoVsx6jcrvkOiYBkyM2xJ2L1ad0fPiOoRByXjIbHlKl7GboCiOxSSK9b97vbfT/VWskxrbsziLF0bkLlXGJRpDstocSJ+Cq9Q18RPCn8yvJWMHx1/UiWbP4V4E4+HkXkTL/3L5MRP0ds9dl6g55p1MLzJ35Gn4018h0Q+b+LxpuNN4vu8hNwn3hTgTy5vivJH09zC/MkF2gi8yeBPYd4k+KPjTXyHREn+6HhTlD9pvImXo/AmZ0d48Xzn0ebP6M8gZ6hHmnVw/AlKreyfP6M/k9Pv5gfLH/2FgwZmn5DjuNGfQR6LD3T8yeCOhj9hS8Y53horf3S8icdPWd7Ey5K8SUhh3sT1HP7o4qUIf8iIlwR/SvImZklp3hQdbxXNl8vmO0Hc+d39oHkj0nXdFcaU78Q/34rnOw8jb2J6VtyEHaUUxs0fo2aPoJoL0fdRHKJP796bXDv0CjqRKJQrMSwTV5jstjtMN2bAmqLV3mV7z6bVsbFticAaxIfh/bakkjgKXGx6/W0s5dBSbeabVY48eY4vfP6TnDxzErPWQJoVpCuQCKQa9JsQkd+ojN96XrR707Gn7r7JIdVP6WiB0W9hbd/07o3H6vudiTxqouwuqrX5oJvxMyOTCeCiIl3o7qDam6juFkgH0VzyJmYb82BWi19LCO+5v9UmGJqfiw6ONb3rN+ah0gCnC+1Nb0ew20cMPrD9slKpcOLECRYHP/2crFqkvh6YKSXdbofW7i6u66Ck9P6PHWcYAtP0dh1PT8+wfGgZy0qGk2VaLCwsMDXVxPupahvXdQFQyvt4CGxgsOM2kQQN2yaVRCmF67pIKfF//npjfYNbt27R7/c9+wzB2r17dDsdb6JbCJRSSClxXZdut4NVqbC7u8veXptutztoj7eT11GKttNlrbtDzahSi/2styMd1nu7tJ0uwRpP4dliCQNTeJO+3kQwONJly27xzvZVfrx5CUMYPDd/ii8cfpHpyhQdt0fL7rBQnaZmVJBK8v7ODS7t3mK9v8N8ZRrLMHGky1pvh7e2PuLNjQ85MrVIT9ps9HfYc3p03T6uchHCDKWxE5mIRpRC4idfYrDTl2FCLf2kMH+ln/+6lN5APm3FoBDR88MDOBUZSZBYAZ/SeKLvpuxI8HN9SF8xrmC/z8TzeyDQB9/6DxeUKkKHxU3IH+eWFZVT5tVfWHw/xvQyO7SKrIDPKYnFoW6HVtI23Q6E0Pvk+39fOxT8gA3F2zCeQjaVkSx/px077gFU4fp9v/v1j+b/UjtCU+JNx5th3++DP4yfNwn+BLzR8CfsiIeRNyXrT/Jm8PqovBmJP/m8Gd7LofiJ2Kvjz7ADR+JNFn9S4i33FybynHLA/t9v/QneBB9XI/KnzA6JIM5CvCnBn0K8Ken/8fGHR5M/BS+vz3cGxx1QvlOUP2m2HUi+Uzj+snlzYPzZr2TVn8GbYb7jHz6mfCdc7jPfSeVNXFd+OKX4/z7wJrHj8qB5E5ey8Va4fg1v4nqcP/cl3xmWiXgpy5sU/ozm//1+3mXzRyv75c2Bfd5peJPgz/3Nd+7r9zuk8Kew/xWitYZx/U3cp/5iaoeecHdw1t/m9vLzqe0UQmEIA1sJdvbavPHa6/zql77I0aXjfHjjOjsdiW2DcsGV3vfKEglS4f16pgQBhlJUTMWh+Vk+84lX+cLnPsWh5Vm6/R7CquAaYA7OF0qCGPZylggER9fe4rizrT3G2LyKaG+kXCmbNyN/v1OSP8T1EvnORB4tUTtr+QdNZGwymQAuKspF9Vuo3i70O6AUojaDmF4BswYifTetVoyCXS8M72eeKw2o1KEjUN0d1O4quM7gGIFAgBBYhsHc3ByNRiPzslJK+v0+vV4Px3aCiVXputy6dYvV1VVs2/YmZw0j8dEnDANj8Hq1VqXZbGKm7CgWhqBRb1AdPD94+IB5T2q1GtPT01SrVVzp0ul0cBwHpQYfkANxHIed7W067U6wi7dWq6GUwrZtdnZ32NzY8J6F3OuxubHBR5c/otFoYJreblxXehPHjm2zvb1No9Gg22hgmmYwmSwG/ykl2ervcW3vLj1pUzMqQeKqAEe5bPVabPZ3caUk/Onj7/51pfec3ttt7/fsb+zd40cbl7i6d5dTzRU+s/Isn1l5jmmrTtvpsed0WanPI5Vk125zde8ul3ZvcmX3Ds/Mn8YyTHrS5mprlbc2L3OldYfPH34RhWJtfZuO26fr2tjS9X6CWpdXTWQivgQrQgfp7SA593UlBiv7GO7AC06Awf0w2GsrQKjQ+94F/IrSy5QV0MEgMfS6bpgQXzCsW0CsbYW+GYC/It0/3l9BHNLDI0kR04PjM0aAhZYUp50/kNCAKm1AGe+3hB5yU6TMbvWw1O54CcVL0Hcpes4K+Nwy0eDEJxVZEq9OtwNAW6a5K3g/JV6IxkXRHRBaD8Tibzig1sRLXA/qT++u3PhJqb5U/AQrz2O6Ll5CgerHWyKAox6Kltobnqg+7KD0DtHcnrodAMV4E2+OnjfxMsKfrPgZO29K8kfHm6L8ScRbSf6EOnok/qTxpgx/dLwpyp8i7guOT4mf+M7OsvxJveHT+ONLHm9K8qdA9dm8iZcPij9k68MOi2oF+aNthSbcHz7++JLHn2hv6c7W+z8nXuKlljf+cSPyR++xaPlI5jsF+KOJl0L8SfWUL3n8idr/4HijiZ8M3gR6lsf2me88HLzx69XwZyy80cRPGm/i4Rjqr0T86HhTlD9pvCnDn7HlO7oGx+MnKlre6MIxXma6zfd/Rvz443cR1ovzp3i+o4kfHW9i3evL+Pmj4U1cD8WN30A//nT8ifpfU5bmT1TuL388/5ur70BzEffky0QTCq+DzzjrqPWfsrr8fGobXeny/7P35kFyXPl95ycz6+q7G92NPnARYJNoEASPIUGRgjSa4cxII+ugPbJ2V/bEOqzVbliOjbXDsSFFrEf7x/qfXf2ztv+QvApZEatrQpJ3pLHGFiVqyBlqSM7wAgcHcRAkiKvRQB/os7quzLd/ZGVVVlZmVWbdDfw+CODhVWXmu375rd/L916+WCLJ0spd7q1tkDM1clqc1OgUW/kLrGeyZEwTUwcsO/M6oCmLmKbQlUU8prNnuJ/nn32CF557mrHRAQrZHaxCnlg8gTIVMV1HoWOaFigTZ6/eUlWr6rxNL5/jUHbZVSOVGGvXiK1d9/kdiqo/EZ/vdEh/hN2D2liCfLbb2XigkAHgsCgFZs5+9bMqDvgZcbRYqu6PWNNoWtGBKwp+YQeV3QBlVh4DoNmvOa71CmDLssjs7HD9xg0+vXqVxcU7ZDI7WKaJZSk21te5c+cOhXwBXdftgV3P9TSg9Kpk3X4ddGA9uH6Ndd3APbA7OjbKwUMHmZicYH19nVsLC2xtbpIfHyeRsFdVK6XIZDJ8/PHHLC8vk0qleHjuYfbunSwNAOdyOfKFPEop1tbW+OTjT1hZXiYej6PpOkoplKXs1cxKkc1mmZubw1KKIw8foa+/v/RKbIXCxOJuZo0L69e5k7lHQo8Xf3csLKUoWCab+R1up1fJq0LJbdAovjoajY18mr9deJ8PVj8macTZyu+wt2+UH5mc5zN7HuHhoRnGE0PEdIOMmWOnkOHgwCR7ksNkzByLmTWubNzmzaXzHBycoj+WZCuf4Z2VS1zfXmIo3s8Lk8fYKWR5b/kyOStP1sqRVwWSxAn60RcEB+Xq+Dgrcp2VwJYTFr934u6VvJp9kbJThqp00jxdmorB3apv8fFAQxWidljnVL8Ol/1F0AxlT9w7A9lvJmrYUEHVCq1Sp9aZjekpmDOpJqC83o/Lcbsk5eqyPftW78GJbxxXWdwG4X3gUmUhwQUMYyv1iGh/RTMpRTzW7m8vddq72T2Ag+ylXBxXoZwCBD5BCGE/jvkFtH/NMMQM4Sr7qTkDuOqOpqb91Ch3YPs3oTdVl6rQm5D6E6Q3jeiOn94ErEivyHRFucPqT5DeUGzGkPoTZQVCPf2JOKBdWe6AMApN2l9X9MerN85D2Cr98dEbbzyS/gToTU/pT0REf6r1JmBFekWma5S3pt60Q3/q2Fk0/fEJgwrYiL35XSuCv+NNP0hvvPFI+lPPbprxd7zxTutNGP3x1ZuyvVXpTy3/ph6d1hs83lkovXG+7qy/U6qOKn+nMgy2ru74OzX1577yd8LqjSvupzcR/Z3m+1uVofLGSwcH6U+09u9sf6sOTba/bxgiuVLcT2800G5+gJ4awpp4uDphpTicWyK2dIZbk0/an5VfN0AsHmd5bY3t7TSxRIpzlz9iYuoFYqOj7H3oMInLl8neuk1B0ygoE12zt1PTsdA1i4RuMJxK8vDBWfZN76UvFQNlYpoFdB00LCzTwlQ6Bd1A11NYym4d++19WmWei9F9d3/IgdyK67vKita37mKsXi1pXLv7WxUN0C39EXoStb2GSm90OxsPHDIAHJKSI6gUJeUx86hCBntAuI0pm3k7Latgxy3THoxWZQXUKMtsrVf/Li8vc/3adT48f471jQ0M3WDv1F5mZ2fsAVcFKysraLrGD3/4Q3twN+b/OmEVVoBVOY+GYZQGWjVNI5FIMDszw0//zM9w9swZ1tfW+c53vsvR+UX27dtHLBZjbW2NT69e5eOPP2FqaopnT57k+PHjjO3Z45vc9PQ0Tz31FCOjo8TjMXumlAJVar+yW65pOjMz0wwNDZVejW3v3WuwNzXKsZGD7E2Nll4BrVAopYqvdN5mMbPK+fUYGTNXKqpVtJGEHuPAwCQZM8/VzUXu5TZJGnFG4gMcGZxhb2qMmGaQtwpsFzLsmDmG4/0cHT5AUo9xdWuRtewW765c5tTeExQsk1vpZS6sXydlxDk+eogjgzO8n7iCpmnkrDwZM0fWzDNgpJrqFwoPCuWZnroGzl6/zozhuiFFM9OKoWuGoK47nZbycbX8fY1y3wJvGJaKBDSPSFXnoGrFQcCKqKqVm0Fh0aH1zlAvF6dOXPMP3SUIX35COMneBCoTrrsHnmM/LjuqnClaPUO0MnueeOAM5QB78cYjlz+gOkpGXcd+Sh2Yynanqv0DwoAZ6eVmqGMvpXRc2XVlM2hFqn95a4RBBK6ItMPG98DzhEH2E3mFRGXR601gr19+14WrpuSH0J+gFZhh9cdPbyrsoUG9CdCf2uUPCCsI0hv/DDW+B2dI/QnSG5cZu3MeSm+i6E+Q3uwa/anMVj39qV3+GmHVCUV6Tn+qQ3fOW6s/AXrT0/rjCYP0pmX6471Aa/Snpr/TlP5Uh+6ct1Z/wuqNN15Hf9zf1wuD9KeUYh37ierv+FSBbxh4hSD98TZYgN547SC03kTQH/ybP5L+hKIBvWm2vxWoN97fOycHzfk7VdXRJX+neb3x2lkd/fEpjldvPOOFIfTGXe7iPz3j74TUH4+f0/7+Vgi9cYVB/k5dvWlZf6uO/bjK2ZD+VNR3kP5E1xs9twXX3kUl+lAj+7wJAYoDhVXii29zdfa54vivhdIgvWNyY2GJ9E6WsYm9vPH9d9i/fx9DAwb0DTA0NUty4S7b99axdDCUIkYBTZlYusFgSufw9B4OzkxRyOW4u3gbQ02RSMQhrqN0xXZ+i6ymY8UGsZRWWjkMOgV0NE3HUKA0C6VZHL79NlOFLZ8KteP6zhqx1ato+Z3irddu/QnSm8b1J5TeCD2PymyiNlfqHyi0HBkADoktTs5KWFt5VG4b0qvgDMzW/fVqAKWgkEXld6CQLTvYno6twq2Fwap44/p1vvPaa/zd668zPj7OM88+y/yxYxw4cIDBwUE0TePatWsUCnlSyaRrda83W/ZAaJ3kyscCzv7DhlFeBWwYBnvGx/mpn/opYkaM737nO7zz9ttsbmyw/dgWiUSCu3fvcv36dUDx1NNP88KPvsDDc3P09fVhmiaGYRAzYhiGPdg7PTPDMyefZXp6urSKOCqGprOvf4Jnxh9hf/9k1R7AeavASnaDjzZuktDjFSuuLWWvEu6PpXhizxE2cml2zCyLO6us57ZZz21jFicNWKjS65/zVoHBeD+HB6fZ2zfKpc2bfO/OWS6u3+DC+jVWc5vcTq+wuLPC/MhBfmLqSaZSe+iPJYnr9kCyMwBcvWuzIPgQNCPZUtgjwmVHWvmGjvIFz1h3H08pLMqGawag0irjjTh4ClcnLHCGcJ0VCFFXJHjDwBnCVMedDId+oBCyEtxhvWOD0nWas3Sw037+8YZWyISYkew/w9Rdl554lBVZnvL6zhB2HRymvaPuAdzoHlWluPd3uMXtH+oavmFte6HU/lTrT60Zyd6woRnK1frTMr3x0Z9I7d+k3miufNTSn3IBaLj8FZdrlf2VCGE/DbR/5BVY9fTHqze1yt+Q3tSwHyLqT0298dpfCPupVe4Q5W+v/dXWGxrVm4j6g8feWufvBOhNLf2J1P4N+jvF3yOv/pT+27H2Dzg2dPpB+tPE708n/J3Q5S/7GS3Vn1r2EsL+6uqNX5lCHFZd/oAwKoHpB+lPk3pTz/5C+jsl/XG1eNSCB+lNxff12r9leuPUdQ376bTe+J1bJ/1qvXE+74zeVPTPa+hN6V6t1d+qeb8F601lvL3+TtleQtiPO9ry35uQ1Em/Wm8oNlNn/J2wz3ca1h+v3lTpT7T2d47Xt5ZQH7+FNffjqKG9vhU8rbbov/k6V/Y8QS41SqGguPrpNZaW1jHiSWKxJBoGv/P//Ee++ku/AHqc7XSWgaERMjmTXC7HzuYGaBrxWJz+ZIr90xM8cXye8fFRYnENChl2djaJxYcwSKFpcQp5DT2ZQDMSmDkLXVOgFey603TsoRydZHadw8unGVH5wOrTshsYKx+j7aza7eC2F5fe9Lr+NHTvCD2Fym6j1u52OxsPLDIAHBZNh1jC/qvrYFmws4Zauwm5bXtVbth9faOgTFR2CzIb9oCzskCPocWTVExXdD0EVvhro2VZXLhwgddefZV0Os3zL7zA5198kf0H9tPX11calLUsC9O0bOnXNDSteg9gewC4PMyoaoixvb+wBZpGrLgC2P0aaF3X6evrY8+eMWZmZjAtk0QywcbGBpZlkUqlOHnyJFPT04yPjzMyMkIymSydm0gk6O/vo7+vD13X2UmnuXfvHpMTExBxAFihiit4wxzr7/up4h+AuBbjmfFHOTw4zd3MGp9u3eHv7pxhfuQAKSPOnuQQa7kt0oUMmqYxYKQYTQyyr2+CH9v7OAvby7y59CF/d+csA7EUGTPHcHyA4yOHeWLsCIOxFH1Gkj4jWR4AtuxXYQtCXdwzkpUd18B3RqiuFUNcxynnEuUZgMUTy/FSAnZYPseTvm+8nFXfroKnQxV2Rm5VcqUyKP948d9GZ6TjOa8UD5pSXMqgt9SeeMQOZtXVys1VOyxdLuyM4PAz0p0Krxn3M4iKAhCU4dp4Lht2RYC3eTTn3ik+0aiIl45vfEZ6oP24R4orQuewOh3soOoNqm7PR4HJu+2BGvYTOCM45IqYGnrjHFezQDX0JgyR9aYiDKs3EfXH57gg+wle0uBQx36i6o03HlVvAvUnpN6E1Z+glntA9CbQfurf8K7cQlWLt0hvnC98s0ENe2mH3gToj28Ywd/xZZf7O4F6E1Z/WuTvVN3OYfWnBSvwnAr3xivCwBtiN+iPj920yN8J1h3nsC7oD9QwxyD9Cak3rowF6k+UAgXpT1hC6o03Xld/iv82+oalIHtp3t8JoT8hqqsUD9Ifn8tW6g0t15uKeMN6U8d+6phlkN6U4jWbrRf7V169cTJcpz4CCPJ3QutP1/wdJxqgN2H1p87vfav9HWPzNtonb2I+/GOooUnf35thzeTJlfe5Gp/hB+k9LCwssbq+xcZmmrHxPeRyORYX7/KXf/lf+cLnTpHeybGTyVGwNNDj9A2OEMMklYgxvXeCJ56c58ihKWIxDZ0CyVSMRF8S3YjZ20zqCe6tptk3t4cL1xaZmppGYaIrQLfsSlA6e1c/ZP/OAjG06nZw6iO7SXzlY7TtJdvaq/QnyN/pVf3xLaawC1DZbdS9xW5n44FGBoDDouloiUG05BDE+yGfRhUyqO1lrLuX0BODaMMz9uBwvV/1CKhCDrV2HbW9VH7tc6IfrW8UdKN4UHHAsegM+Wmis1fu6uoqi4uLDA8NMTIywuTkJKlUqvT6YwDTNMnl8yhLoWnlH0vv9SzTBGUPmFrFvXX90jWLewtrgKbbr6twk81k+PjKx1y/dp18Ps+zJ59lanqagf7+0gDw0NAQY3v2kCyuSnbQNI1YLMbExAQHDh1kYWGBpaUlrly+zMGDB+nr7w+uW6XI53LohkEsFivWnf3HwsJC1RxItVf6WsUBbvtsSynyVgGruE+0QjGVGuXgwF5emHyM91c+YmFnldfvnCVpJDgx+hAr2U3ShSw6Gn2xBCkjzmA8xWMjhzgyNMP7qx/x4fo1DE1nKN7P8xPHeHhohuF4P7qm0WckGIz3sZJZJ2PmyBRyWLTzteTC/YJyOtLYM+/ce//WnLFX6ucoUO41Q5QEyLLKDri3mxScIer0aALOqRWGRnnSU54OV3nGqHO8/XGEGcn1QgVVK0CLS2lKccqdFlfUJ/RWmFbKc2XcFTYyY7OhFXhOzsqWodxR5cp+x9o/IL3Q6auqeKXdl9vZG/dv/8oZyq1bAYpvvLr8WrlMrjOq7KeZFZhh7K+e/VSsSKhulkiEaW+/cxpK0HtCkN64vidE+zesNwH6U89+AstfW29oVG/q6U8de6m9QoH67X+/6009/Qn9exdCf2qWXyuVyXVGqZ1pl9742l+Q3gTrTyiaav+AMELivnrj4+801v5t0p9iOUu/b53WnygroHzilf5OWX863/4B6UXQn6KZVMZr6Y03bKn+4Ll+bf2pX/6Q+hNFb0Lrj3N5j700qzeRyu9XYa7Pmk4/WG9K39Nif8cbhtEbb0Hr6I03Hll/GtKbYH+nyn4q9Ifo7d2y9m82/Qb8Hfzavd164yqUj75UxUs47eyc2wL9adrfKRdnN/o7len564++dhOu/B3m4edRIzPlgrpCQ4O5wm3M9Y+4s21weSWHpmusraySSMQYGOznB2+/w9bmOtmdLXZyBbRYAiufJ5lKMj46yPGjcxw+eIDDe4dIxvLENEUhu00q2U8ilUKLJ1GxFNsZi6WVDfYfG+Di5U/pHxhjbDAOmkLDZHB7iYOrHzOmCp6KqaxQLbNBbOUK2tbdEO3fJv1x1X9X+ltCT6Aym7LytweQAeCw6AakhtH6xtD6RlCFLJg51M4a1o13ITmMkRqCxGB5YLZZlAm5baylj1Abi/YqY7AHoQcnQY/jvF7ZUqrsavoIozMQm8/lyWWzMDRkf6FVH7O1tcX6nyqMLQAAIABJREFU2j0KhQJK+TvBlmVRME0UCsuyN6wPwh4AtgckNV2rmvS1k8lw4cIFLl68yE46zf79Bzh85DCpVApnpbCmaei6jt+ArK7rTM/McOzYY3x85WNWV1c4e/YsTz79NP39/aXVwm4KhQKZTIb1tTUGBgYYGR1F07RiXdqrny1VHAT2qVCF/fpmS9l/VTE0lUXOKlAoro42lUVfLMn+/klenHmKvFXg7eVL/GD5AqOJAfqNJKu5TdJmFl3T6TeSxPUYcT3Gvv5xjgzNMt23h483F1AojgzOcmz0IPsHJkqvnU4ZCYZifSyxxo6ZI21mQq9iFh507Jl4miMExZl5WumhVOXnFXuyalAxY9Dpz7hC/D4vpWyf5/h+9vXLX3rjFWHFFVxxvw5VVQerRg/EM9U4cI+84vHBM9Sd07xx/+KUQs0/xBv3qw78iqVVx32vEJBwnQw57V+KF2eGOukGzxh1suVdIREydBXTXRJ38wY2d+UZlfGKBqq2h6olV97QcwOEXaFQPWPdqW7ne9/Wqg79suspca14oEHWvUIx9GuwGjmusp/QM9QD7MejPxW3f0DoLkmg/vgSUn/q5sBlDw3rjTd0LlPHfsLe7p7zSvG6xeqM3tRfkRekN94VEvX1xmtvQXpT9TyvijbpTQj9qas3YfUnILuh9aeuoDWgNzX0J7Te+Pk7rvPL7e9dIRFRf4L0Jqz++Po7nrARvamzIjy8v7O79afxPcgpxyuy1Tn9KYWBNK8/je/J6VRzd/Un+MKlDNY+oU7DNb4Hucc+CNKfGroToD/ukrSnv9UC/QnSG6/9RNUbbxhRb6oIrTfeeB39CbKXMPpDDXup0p+IeuMpSWS9CdvfCusvR/V3SnbnVHe39UbzjwddoUX+jvf3Lby/04t644nXspuQ/o6+cQs+eQPr0Ems8YfK55cKakePTg5ydK/GqxfW+dYtuLUFRgw0zcIwNM6f+5DJyXEsC+KJFKn+AaYmxzkwO81zzz3Do/OPksyukV25RWEnTdIwwDDQ9SRKj2PpcTY2dnjyM8+htBgWMd5+9zSfO/UMo9YGM/cuMqkydfVHTy8TW/kEPV3ca/WBeL4j9CJqe032/O0RZAA4LJqBlhxGG9yLNjiFSq/aA8DZLcyPX4dYEq1vBH3vPCSCV51GIp9Fbd1FLZ5DbbqWyveNoY0cAGdfWqVQpoWyFBjgp4KappFIJEj1pYgnEmxtbXFvdZW1e2sMDg4Si8UwTZP1tXU+/ugjzp45S3onjWVZWKZZdcVCwR5MVpZCWfbAcdAK4EI+b68WDsAyTTY3NlhZXmZ5eZm33nyTlZVlJicnS3sGx+Nx+gcGGB4eZnBwsGIVMMDsvn2cfO45Fhdvc+aHZzj9/mmeeOJJEvE4+w8cqDp+fX2dmzducPHiRR599FGeevrpUn4tpYqDu1ZxJa8/9rFWabWtUgrTMu0B4OJgvXOtgXiK5yeOkTHzpAtZ3l6+yKuLH7Cc3eDQwBSZQo64HqM/liKhx9DQ0DWdI4MzPDt+lFvpZQzN4MDAJA8P7mNPYriUj6QRZzDWB8BOIcNGvrzHsCDURClUya/Vinv/UnKoteKMQGeFMIGhozoKSxWPV7ZD7TdjsHQ9V89BuXoSyqKYD8ez8808ld8GrEhQxeI4cVyhgmb3xHNKXooXdbC8QkXhOsxbhPr93KioOmG99EPjtKcnHmWFVpgZqHVCPPYXtEKrumxBKxBc31O//ZtaoeAy0Ib3wKsuVkB5A45tdQcqdPpOuzvpN9b+kVaE+tib06EPXHHTrP60WG+q9KekNwH6426IXtSbiOlX603x80b1piH9qa835XvZZT8V5Q3Sn3IFNqQ3tfTHx97qvmGiXqN0uP2bTb9Kb0o/Vw3qT5QVEiU7c+lNBP0JpTcR2791+sPu1J+Qlw/2d4rHdcjfCas/fmXriL8T2v5q603H9KdZaqVfQ2/K/o5zeIv8HXfYpL/jqzfeuHLMyaf926A3VSsuO603XqLaW+j0A/TGG/fqT1v8nXJYZS9R9cZHfxpr/2Z/72rrTyDN6k3Hfu8C9KZKf9rr7/g93/HTH7+CBumNHQ3Qn9DtX1t/9I1FuPJ3kNnCmj1ermDv8xyleHF+mhfn4c1PbvOdhSxvrsHgQD+b5iaZbIHBkVH6+lJMTO3lsWNHOfroEfaOj9GfTGGkpogPjrJ+5wb59WWMuEFW78PQk2RNA8voY3T6AMsZyMeSDKxcYfD0NZ7YP+ZvFx70jVvEVj9Fy26Uq7sZ/SmVu0F/J6L+4I1H8HeE3kJtLKHSG93OhlBEBoDDomn2+/hH9qFPzaPuXUPldsDKo7buYt08DfE+iCXQxg7Zq3QbRVlQyGHdOY/5yd9hLV1B7ayX8qENTaFPzKHFUihAqfIrmBWVK27L2dcwDIODBw/y5JNPcuXKFS5fvsxfv/wyxx47Rl9fH7lcjrW1ddbW1pmZneHq1U/Y2tzk8qXLXLp4EebnmZiYAMAsFMjlcpRWFuf99511Xj1tFgeRzUJ13pLJJEcefpirV6+yuLjIm2++yYcfflga6NV1O++JZJLhoWH2jO9h/4EDPPzwwxw4cABN0xgYGODQQ4f4whe/SCKe4MyZM3znO69x/fo1Dh85wsTEBIlEAsuyWFtbY2V5me3tbYaHy/sJW8X60zUNHR0NHSvwV0UVVwqDoenE7Wlf5KwCOauAhkZcNygou7wxzWA0Mcjx0UOs57a4urXIanaT06sfsZxZ525mjT4jQdJIENPsFeQaGgcGJvnM+CO8cfccI4kBToweZiI1QtIZ/Af6jCSjiUGSRgJTWaQLuZoD14JQwjWbUYOKGejuvX5LbrhWnkvrzPhTGq6Ju1plWHLfK8PSTMLAmYhUxot4uwveCcO+8cBc1Ei+mPe6e3K6e5LeFRCl42v0AENNKfY736mQcofKz6H31ldV3NNcYWaAV4SBK17KoVPjvvE6M1DrhlUZ9nYmgzqX/skFrQAIDP2aq/S9j71QaRdhV0AEtoDH/vx7eDUsoJS+f3XVtR+f5CPZT+CKlwB7cRmqY29VBlzZQpVhRL0JrJA6euM9O5zeeLMTrDfesEJ/atlPy/Umov4E6U1Y/amyt4j646rohvTHT2+i6E+Q3oTVnzDNVzrex368Kzuj6o/vDe+nPw719Cai/oRIvrbeeMNu6Q+14+UKq4yF1J/AXASYe+/pj0M9/amsraCzg9u/jr14w0C9cY5rUH+CW6wy3JX+Tgj9CbCXUPrj21IO9fSnsvzd05sA+6mhN6V4rRZr0t/pDb1x0g3Qn5boTYD9+OmN1xxd9VVlP0F6E1Z//PQmiv60zN8JyrDXfioJ1Jsgc/SGNZvNaf8a9uP03zV3PLz+hPd3AuwnSG881evQev0J0Btv3GU3TgYd+wvSn8r2Dwgj608l3X6+o++soV99E3PnHuaBpyExULP9f/TIDD96RGPx3jpvXDE4f2+KHyzk2X/oIfYd2Eeqr4+ZffsYGZvASCTYzBboHxgkHu9neEpjS4FBnlg8QcHSWFpeY2buKNbCRfbeu8H/PHGDyYfGA/2firqzcuj3rhFfvYay8nbp2qY/EZ/vdEh/hN5A5TOojWXIZ7udFcGFDABHQdPQRmbRZk6g3TyNym1DfgfMHNbyZTCzaP1j6IUcjB20B4GNOHj2vA1EWWDmUblt1MYi5tU3MC+9glq/BYUM6AZachBtZB/a+EMQSwBgxGKM7Rljdt8s8XiCeCIRkH2Nubk5Pvf5zxGLGayvb/Deu++STqcZGBjA2RN3emaaZ0+eZGN9g5WVFTY2N1hYWGBmZrY0AJxIJhkdHeXAgQOMT4wTTyTQAn7Mdd1gbGyMgwcPMDk5SV9fH0qp0vGJZJLDhx/i4MGDXL58mcXFRRZv3yYWi1F6LbNlkS+uJO7v7+exx4/zxS9+iZGREQYHB4nH44yPj/Mjzz+Prtmvij579iyrK6vcuHGDAwcO0N8/gKUslu7eZWdnh6GhIY499hgTE5OgaShlsSc5xKPD+zE0nem+MZJ6HA2/cmnENIPJ1AiPDO8na+aYTI4Q0w0mksMcGZqmoEzGEkMkDPs20zWdAwN7eW7S4vLGTa5sLrBTyLJTyDKSGGAsMcie5BAJ1+Du3tQoj48e5sk9DzOZGuUz448wHO/HcNnUnuQQjwzvY7OQZrZ/gpSRQA9rc8IDjsK7Itc9Q0/zCR0PzFJFB9qZkVfcM7xiRl7VA7262an2RMOcUysMkVwpXnRsnbz7z1D2xL0zkP1mooYNFVSt0Cp1SpzZmJ6CeWekBlRPddwuSbm6qts/1AzhWjNAXTUWOIPc3QJ+A0z17CdCe9clov2VTLwYqcxtgL3Uae9m9wAOspdycVyFcgoQ2AMMYT+O+QW0f80wxAzhKvupOQO46o6mpv3UKHdg+zehN1WXqtCbkPoTpDeN6I6f3gSsSK/IdEW5w+pPkN5QbMaQ+hNlBUI9/Yk4oF1Z7oAwCk3aX1f0x6s3zkPYKv3x0RtvPJL+BOhNT+lPRER/qvUmYEV6RaZrlLem3rRDf+rYWTT98QmDCtiIvfldK4K/400/SG+88Uj6U89umvF3vPFO600Y/fHVm7K9VelPLf+mHp3WGzzeWSi9cb7urL9Tqo4qf6cyDLau7vg7NfXnvvJ3wuqNK+6nNxH9neb7W5Wh8sZLBwfpT7T272x/qw5Ntr9vGCK5UtxPb0q3RYD+FLLoNz9A21rG3P8kavxw+WIBGZseG+YXTg7zC0Aml+fWRg5zuMBidhtN3yS2vUJyYIatTAHTKDA0MAB5xfhgH+byMvrKPUZUnn2YxM5fRHfSGkhW65EP+vYSxvpN9M1FH/2pEzapP0H+TkUDdEt/hI6jtlZRW/e6nQ3BB035LdsUgsnvYN27hnn6TzA/fRO1fMX+XNMhnrJX504eRd//NPrDP4E+vC/cK6GVZb9SeuM21uKHmBf/CuvOBXvvXzMHykJLDqEfeAbjiV/AOPqToBsoBTs7O1z79FM2NjYwDIOH5+YYGhoiFqse389kMmxsbHBncZGbN25w9+5dDCPG6NgYe6f2Mj09zeDgICi4c/cOGxsbKEuxf/9+9uwZo39gAIDlpSUWF++wtbXJ4OAgE5OTjI+PE4/HK9IzTZN0Os3t27dZXlpmYKCf6ZkZpqamSsdsbW3xww9+yPvvvce1a9c4cOAAs/v2MTk5QTwWx7IsttNpbt68wen33+fcuXPkc3l+/LOf5Wd+9md56umnGBoasgeLlWJ7e5t79+6xeHuR1ZUVNjY2KBQKGIZBX18fE5MTjI2NMTo6yuDQEMlkkng8jgJWsuusZDfQNZ3heD8j8QESery0326puZQiZxVYy2+xkUujUIwmBhmM97Ga3SBr5gEYivczGOujP1ZeZZy1ctzNrJMz8yggpukoFIamsyc5RF9xH2Cwf0azZp67mTXiusFgrJ/+WLJiAHirsMNGLk26kCUVi5fSNGQQWKjD3d8Ytt0zreym6UV/zHkTtDvuPs57nlb813GwHcfaez3Nc13nXK//FzQ5tGZ3o6JDYWegfJ16PY8WhJU9CleHypvBoHiThOlQNXC5evEqf94dBmSr0dDBN97S8gelWKe9Q80Qrxc61Ik38gC5lYS5HYJz37w9hKj+sPbTfPm9CTrt702xzXpTcwJFB/Smk/rTQPu3XW8aLn+oFCvDrutPK8vfALtAfxxarz8BetPT+tNiuqQ/zfz+9I7+hNUbb7xO+7fEvhzq2E+n9SZi+i3XG28Ywt4cOqY/VSl0Qm+89ufQYv15APSmpv24vgi83UPTIr3ppP60uf3rEub2CH94a/Smk/pTkaEg/WmD7hRDFUthTR3FmjmOGtjjKrirgiLrTwSNqpNNLZfGWL+FsXETLZ8Jfbl68V7Un47cb0LDqOw2anMVCrluZ+WB4cqvvxXpeBkAjoqyUJl1rBvv2YO0H38XldkAy7QVUI+hDYyjjT2EfvAk+sQjaKP77dXA8X6IJe2VvIBSFlgFyKVRmXXU2k3U6idYdy9h3Xwftb1iD/4CxFJoYweInfgK+pEfR586VsqSaZpkMhlM00TTNFKpVGn1rB+WZZHNZlm7t8b6+jqmWaCvv5/h4WFGRkbswVClyOVyZLNZLMuir6+PeCyObtiDirlcjnwuh2VZ6IZBLBYj4bMK2HlFdC6Xo1AooOs6iUSCRHGV8ubmJteuXeOv/+plCoUC0zPTHD9+nL1TUwwNDWEYBspSZHNZ7q2u8sEHH/DWm2/y1ptvcXR+np/68pf54pe+yMTEBIZhVJQxnU6ztbnF1vYW+Zxdj4lEgpHRUQYHB0mlUtXNS+WsQv/Vv86xVP/iFcuMVnmm9zpW8bbTNM31O6bqpumfD1XOkBb9fOHB5c7XhtC0oulqrldrUVyhr5yV+vY64dKrk4rGVo7b2Ld/5auUnPMrPy8e63Kgq+LOiLGHWtYd5MA6stQNh9ad71AObQ91KCvTD9ulixA23KH3FiAoHq38TrK91KH21m5QvCHaan8h7MV3ACNM+zcbOuUv600j5Q1rjZHav8WldfAtXqf1JlL6bdCbMPoTxX7uQ72JZD9RaaveeOklvfHaG54Gaaz8kfWngfZvu950Un8ipd8hvRF/J5S/0xJ6Qn86qDde+2jxBI2W6E+TpXNoWH86SaT0W6A/bdebOvYTJnshrt4NvWmJeXRUb7x4b7BO6k+Ruv5Oe/QnSvs3UjprYBxr76NYU0chOVg/g+1ufzOLsbmIvnEbfce12jJS+mEVtZf0R+g1VG4HttdQ2XS3s/LAEXUAWF4BHRVNt1fi7v8MbC/DxiLW3Yuo7JY9mGvmUZt3UDvrqK27qIk5tIk59MG90D+GlhoGI4FCA6uAyu+g0vdgY8G+zr3rqM1FVHazOKisF/cenkWffhz9wDPoI/sqsmQYBgPFlblh0HWdvr4++vr6mJmd8S+mppFMJkv743pxD+LWrC5NIxaL+a5GBlhZXubC+Q957913Of74cU6cOMHRo0fpHxioGkyemJigr68PwzA4f+482UyG9fU13/2HdV1ncHDQXs0cAY3ww6eaXUBXpPjfgIH3ivx5jtG8F4lAKcfyuyhEpjwBoWLPX628h4ftr5f3+NC18nmglfw2Z/DX9vvs44L3qHKiHtt1xUsPp2rh8Rub25MzaM+g8v1ZtYerM2BeK3RlqGqPs8BNjpwM1nGAI3Ywqq7mNF+9sHQ5z55TgXvEuEIq7acidDVAzXiQ/dTdk5PaeC7rTc5rf1W5qWi2gD3LSsf72E/AnlSh98gL7Fg5h9XpMAVVb1B1ez6q378L2qPMaa6gPao8YZD91NgTzzmuZoGq9Ce4qvyIrDcVYVi9iag/PscF2U/kPTi9RNUbbzyq3gTqT0i9Cas/QS33gOhNoP2EfqDj4Im3SG9qPl+ihr20Q28C9Mc3rOHv+JW/il3u7zS/B3Dl5Rr1d6pu57D646c3UfSnhr9TEQbeELtBf3zspkX+TrDuOId1QX+ghjkG6U9IvXFlLFB/ohQoSH/CElJvvPG6+lP8N9Bu6vg7QfbSvL8TQn9CVFcpHqQ/Ppet1BtarjcV8Yb1po791DHLIL0pxWs2Wy/2r7x642S4Tn0EEOTvhNafrvk7TjRAb8LqT53f+275O/r2Cvqn38e6+xHW5COoySOo/j0BGfQLnQw25+9ouTTG1l30rTvo6dVS7kunB+mNNyxdNsjf6VX9QegRVHYbld4AGfjdNcgAcCPoBlpqGP2hFyCegg/+BGvpI9TOOijLVstCFrV+C2t7GW59gBlLoiX6i6uAiwOnpgmFHXsFcH4H8mlUIQdWHizLPsZIoI3ux5j7PMajX0SbmLM3or9PuHnzFmfPniWXz7NnfJx9+/eTSCbxG0TVdZ2p6WkePXqU4eFhkqkkiUQCQ9d9jxcEoR6Ve3i49/q1tHIc5d0jpHy+43BWdE6K8ZopO8dXZqdOj8a3CLXD0ChPesrT4SrvEeQcb39cJyRCqEBzpauK6eKOU+60uKI+obfCnHb2xl2hX3v7tn+ze1Q5OSt3eJQ7qlzZ71j7B6QXOn1VFa/szpXb2Rv3b/+APam8YaD9ueu4Ovu+xakor0blTRxgP03uURZ1T7wq+6nYo6q6WSIRpr39zmkoQe8JQXrj+p4Q7d+w3gToTz37CSx/bb2hUb2ppz917KUi7nqgJ3oTUn9C/96F0J+a5ddKZXKdUWpn796Y7doTr7beBOtPKJpq/4AwQuK+euPj7zTW/m3Sn2I5S79vndafUL93AXrjukO9+tP59g9IL4L+FM2kMl5Lb7xhS/UHz/Vr60/98ofUnyh6E1p/nMt77KVZvYlUfr8Kc33WdPrBelP6nhb7O94wjN54C1pHb7zxyPrTkN4E+ztV9lOhP0Rv75a1f7PpN+Dv4Nfu7dYbV6F89KUqXsJpZ+fcFuhP0/5OuTi70d+pTC+k/tTwd7TtZWLby1iL51Gj+7HGH0KN7i8+4/fJcKXh+Mfr6Y2y7AHo9Ar69hJadqv4dZDeuOIP+vMdoaWoQg4yW6jMFhTy3c6OEBEZAG4IzX7V89AU+uyTqO1VSI1gLX6I2loq7dlLIYsqZIEN0HSUHkMzYqDH7B+a4iuglVWwV/t6FS3ehzY8g3Hkx9Afeh598hFIDIJu+GVqV7Kzk2ZtbQ3LNInH4iSTSXQ9eO/aWCxGsjhA7Ow9nAwYMBYEoR72w4bSq8g1DR3K95PfjNGK51XluA4opdB1raJD7Q5Rlf6eJyflCcVa8XtXvCIsn+Epi0+Hygl0p4NVowfimanpXaEbNGO4esaoc5o37l+cUqj5h3jjftWBX7G06rjvFQISrpOh8vC/00nUiu2sFes9aMaoy378slsvdBXTXRJ385YH0ANO8LtCRQNV20PVkitv6DH4sCsUqmesO9XtfO/bWtWhX3Y9Ja4VDzTIulcohn4NViPHVfYTeoZ6gP346Q6BrVVtPx79qb3AIaT+1M2Byx4a1htv6Fymjv2Evd0955XidYvVGb2pvyIvSG+8KyTq643X3oL0pup5XhVt0psQ+lNXb8LqT0B2Q+tPXUFrQG9q6E9ovanSnyC98a6QiKg/QXoTVn98/R1P2Ije1FkRHt7f2d3647R/dP2hHK/IVuf0pxQG0rz++OqNj/5U249Tzd3Vn+ALlzJY+4Q6Dee0f3T98dgHQfpTQ3cC9Mddklr6U11hPldol/4E6Y3XfqLqjTeMqDdVhNYbb7yO/gTZSxj9oYa9VOlPRL3xlCSy3oTtb4X1l6P6OyW7c6q723qj+ceDrtAif8f7+xbe3+lFvfHEa9lNm57v6JlNuHMBY/EC1sA4amQWNTKDNTwNySGfdq4TetAKO+iZdfT0GtrOPfSdNU+5vRXsrkN3tI7u3FfPd4TWo1C5DOR27Fc857PdzpDQBDIA3AyxFNrwLMbc59ESA2CkUHc+RKVX7RW9zkAw2KGZQ5nlDbF9tcp55XNiEG14Bm36MfS5z6PvnYfUSEeK1Ul03SAWMygUCmSzWbLZLAMDAxX7+Toopdja2mJleQWA8fFxDuzfT6qvr+agsSAIQRRnCLoc6PLMPNvhtZTtGFtFR7j2TFNKs6idGYKWZZ9vO4eVx7s7cKqiJ1F0Bl0z4Ms5Lrunld8GrEhQxXP8ZowriLwCwRM6Sl6KF5/6l1eoKFyHeau/Zn+lIYdW1QnrpR8apx098SgrtMLMQK0Tlq0BV7plOyx1iqrKFjQD2PU99du/qRUKLgN17K1sT64yRaFWe/sd2+oOVOj0q/WmkfaPtCLUx97ceoNLb8p1H9ArD6s/LdabKv0p6U2A/rgbohf1JmL61XpT/LxRvWlIf+rrTfledtlPRXlDrkCIqje19MfH3sr6485zBP3pcPs3m36V3pR+rhrUnygrJEp25tKbCPoTSm8itn/r9IfdqT8hLx/s7xSP65C/E1Z//MrWEX8ntP3V1puO6U+z1Eq/ht6U/R3n8Bb5O+6wSX/HV2+8ceWYk0/7t0FvqlZcdlpvvES1t9DpB+iNN+7Vn7b4O+Wwyl6i6o2P/jTW/s3+3tXWn0Ca1ZuO/d4F6E2V/rTX36n1fMetP34FDdIbOxqgP6Hbv7X+jlP/2vYy2vYyLJzBMBJYfaOogXHoH0OlhiE1iHLeBGokyoaoLDQzB2YOLZ9BK+yg5dJouS207Jb9nbup225/tfWm4ec7EfUHbzyCvyNERZVsUZmmva1pIW9vbZrPyoDvfYYMADeLkbD35330i2gzj2PdfB9r4QP7lRD3bkAhE+Fimj2oPDSFcfgU+qEfQZ9+3N47ON7XtiJ0k8m9kxx66CHOnT3HrVu3uHH9BkODQ8Tj8YrjlFLk83nOnjnDd7/7XVJ9fTzy6KMcnZ8nFbBPsSAItVFoxb1/KXUKnP/67QkMWtEjLx4XOHXP9blznl8YOBORyngA3gnDvvHg1OtMhHRmhFIqu/NwvhR39yS9KyAozxwN9MBDTSn2O7+Iq0Pl59B7u1dVcW/zeZuxXhi44qUcOjXuG68zA7Vu6Gd3FdSxnwBz9J4dGPo1V+l7H3uh0i7CzkAObAGP/ZU71AH24o2X0vevrrr245N8JPsJXPESYC8uQ3Xsrb16E1AhdfTGe3Y4vfFmJ1hvvGGF/tSyn5brTUT9CdKbsPpTZW8R9cdV0Q3pT+DvnCteQW1Biaw/YZqvdLyP/XhXdkbVH98b3k9/HOrpTUT9CZF8bb3xht3SH2rHyxVWGQupP4G5CDD33tMfh3r6U1lbQWcHt38de/GGgXrjHNeg/gS3WGW4K/2dEPoTYC+h9Me3pRzq6U9l+bunNwH2U0NvSvFaLdakv9MbeuOkG6A/LdGbAPvx0xuvObrqq8p+gvQmrP746U0U/WmZvxOUYa/9VBKoN0Hm6A1rNpvT/jXsx+m/a+54eP0J7+8E2E+Q3niq16FF8bhdAAAgAElEQVT1+hOgN964y26cDDr2F6Q/le0fEEbWn0p65flOWH+nKjRzGFtLsHW39nEh9Ef5HFZXfyKmWq0/0e2v1HaeeEOEyaggCA2hKaXkFmoFSkEhg9pYwFq7hVq7gbp3DbV5G7W1DLktVC4N+Z3i6541MAz7Nc+JQUgNow3utf8Oz6BPPoI29hDa0F7Q7t/VrcvLy1y+dIlX/uZvyOXyTO6dZG5ujr179zI0PIxhGORzOba2trm7dJeFW7dYX19namqaz3zmMzx+4nHk9c+C0BiLXxtCc3eIUPb9pBSa7nJ8qXR4Nc3VZdAcd9nGfT96X7nkPs4+1vO518EPyHejd7xXKoI6XF4Hu2lHOmzo1790lbm1P9Y+LnvoDm6zoUNwh6dUIQ23dgNE7GDUKU1bOlhh+0OhOmRNdbCCUogQNvuAJXK8leVvHl+96aT+1Khur/40T5DeOBnqgv5EHNBuOU3aXy/oj0MovWmq/GFT7Kb+RET0p1pvWqY/Ieyl5/THJ2wnTabXFv0Jc55PdlumP6Gv2AI7aNjevAVokE7rDZ7cd0Fvwvo7zVdHL+mN1968FdKSAtcnyg1d4/R68Uh600n9iVT+DulNS/tbdWiy/aMSSm+abP926U/zBOlPI+3fbFik2/ojCPcxV379rUjHywBwuzDzqK0l1OrHWCuf2P/fXoGde2DmbdGLJdH6xmBgwh70nXgEbXQfWv94cZ/fCD+su5jt7W3Onj3Lu++8w+XLlxkeHmZq7xQTkxPEY3EymR3W1tdZvL3I8Mgwc3NznPqxH2N8fJxYTBaxC0KjLH5tuLQCWCuGOrYfphf9sorvKR/nxN3HKUXFHsCoyuNLx7mu4+B87iZobkegMlb4nV6PunrGb/s62F6H2pvBoHiTtLhDFbnD3YEOlYNvvKXlD9EBb1uHyqFOvBcfIHurJzj3belQd2+GsjfBav3piN7UnEDRAb3ppP400P5t15uGyx8qxcqw6/rTyvI3wC7QH4fW60+A3vS0/rSYLulPM78/vaM/YfXGG6/T/i2xL4c69tNpvYmYfsv1xhuGsDeHjulPVQqd0Buv/Tm0WH8eAL2paT+uLwJv99C0SG86qT9tbv+6hLk9wh/eGr3ppP5UZChIf9qgO3Xtz1VBu0h/6uW2l/WnI/ebIOwiZAC4V1AKrAIqn4F8GpXbhuwm5NKgnBXAMUgM2PsHJwbREv32ngBGjJb+aPQ4pmmSTqdZuHWLa9evc+PGDTbW18lmMmiahhGL0d/fz759+zh48CCz+/YxNjZGPB5HVv8KQuMs/uuh0iCrplWvAEbZK33dK4QJiJdeEu2aYln1qlvKxwE4K4sdh06rcqjxHQQOuuvrut9a5x1ad55DObQ91KGsTD9sl64VHSpXGKWDHrXDFZCdXupQe2s3KN4QbbW/EPbiO4ARpv2bDZ3yV+tNFCJ3oL1hpzvQQQXoVoe603oTRn+i2M99qDeR7CcqbdUbL72kN157w9MgjZU/sv400P5t15tO6k+k9DukN+LvhPJ3WkJP6E8H9cZrHy2eoNES/WmydA4N608niZR+C/Sn7XpTx37CZC/E1buhNy0xj47qjRfvDdZJ/SlS199pj/5Eaf+26k9X279OulXph1XUXtIfQRAcZAC411AKlGVvpm3mUVYBlIWGhtJ10GNoeswe9NV0HlRxU0qRTqfZWN9geWWZrc1Nsll7w3HDMEj19TExMcHY2BiDg4MYhiGDv4LQJM4KYIW9khetrEAVK3ud7yl+7xynyv93HiRpxRM1l//ovlW9d22t77zfVx0X0cGuLRkNOMBtm5HsLWBAPGL5u9HBbqoDRR16qoPlLbDT/g7NdjWj2J9zWGs7TFX204EOdj37cz7oyANkL03ZW9Q7IGT7t6RmvQUMoEG9qXV60/oT8Tre2q2J6E39Gz6K/YQsbileTKZmdlpf6tp6E6A/baGl9tcivemk/kQsf8v1J0TxW6o3XnaF/rTxDozs73RAf9pX2mp76bTeeGmpvYXQmzDt3069CaM/NWhaf9qoN6Gar6f0xht6b4Be1Jsm9cdPbzqpP35600n9aan9hb0jwrR/s/rjLWBAPGL5m9Ybb/ig648g7CJkAFgQBEEIxeLXhoDyyl/3Xr+lFcBFT69yRbB9vnePX8fZrN4XuJymtztU8Z2Pg6fpVDl8jXap6s4ZCfD/vR2ugMNb0uEK6l9EH+DqpQ5PyA5Qtx3+FqcfuUPWQAerpR2wigt4DC6M/TQbNj1DuEm63MHsBb1p3QqJ3aA3Tjo1Tm8nvag3ndSfmhcI0p82602kAe0m9afF7R85eT+98dGfluuOE963+lOq4drxXa4/kfXGG3ZRf+pnsJv646qgVupNpPLTHf2JmL1W649D9OLXs7iQ7d+SknlrMCDeab3x0mT6DetPT+iNN8EgvfHG26E3XvsLqtEm6bLeBFVHx/Snxu3evuc7rnjX+1shThcEoSFkAFgQBEEIxeLXhtGwfS/nuYOueeKUP3fiaGW3TnPHHYcareRYlwaHi/6ldzzXO3iM67ru771ogQ6u60RPXGvasQ3bwXI+9sb9y9IyOuxgV7n7fh2qFnewa3a4/TpUgeUP24FqsoPdyg5UPbrdoYqYflBpW9nBjmQ/NeLVhNSfjuiNN3RVSBT7iUqP6E07H+jVs7cgvam/QqJNetOQ/gTWsCfuocPt32z6HdGbTuqPr7/Tit+fqPbnrRBXfBfrT927o4f1p375u6k/oWvYE/fQ4/oTNKAQJfut1h+HhvTGe0bX9MepwA7rjZc221tD+hOQrVaFDl79aVxvvPEm9SeK/dxneuNNP2xpd7feeOLtvAPk+c4uer4jCA8WMgAsCIIghGLxXw+BZvtO5ZW+FFfiFlcGFz0rZ2/f2nsC25QGgT3f47qe40E6K4vRNJ89gJ10q4nSnSt9rjXfoWldB6fOhbvVoQhNNzvwrenQd3wGsDf069AE1G5b6GoHqpsdeG+Ip0Ec6thPnaP92rvVAwau2qyvP72oN53Un44PmHriAdnpmP7UKG5H9Ken7K+b+oOnQVzxGvYTWW+8oehPG/TGG4+oPw3Zk7dAQfFKesHfqSp+yNptCT2pNw7t1BtvSLlBdpnehNWfcBn0ntBimko/qsJGaf926Y+n+H5646M/ndSbsPrTErpqfwF6U6U/bWyByPpTSS/qj6t26zffA6E/jbR/Z/RHEB4kZABYEARBCIWzAhhcK3yLH2jFf7zfa9i+mwalD0rHluJaOV483sHrrtX6zvt9xeeu9MM6uEHXCk6hjgPccsc2ogNcZwZq0x2oemGIDlXY2myITneoIqXfQIepFR3sSB2mJjvgLehQR+pwu77oygzgjnboI+pNt1bcNKA/LdWbTupPR9u/2fTboD+h7c+b4bBx/+KW4g20v+hPo3RTf7wFdqId1htv2IC91ajN1uhPJ2lIb7zxFutPFPvZBXrjtbcgvakaP24HPaE3Tnrt1JsA+/HTG685unLccv1pgf0F1W4oOtr+UdP33gBt0J+Gf++8BahdvMB4F/SnorZq6E/327/Z9EPYS8/1tyrDXtSfoNpsiG7rjyDsImQAWBAEQQjF0tISAJqmUdq31/P/qJ/5hUGfBR0T9H2Yz2vRyDmCIAiCIAiCIAiCIAiCIAiC0G0+OHc10vF6m/IhCIIg9DjNzv9p5HyZcyQIgiAIgiAIgiAIgiAIgiAI7UUGgAVBEIS2DMxGvaYMDguCIAiCIAiCIAiCIAiCIAhC88gAsCAIglCBDMQKgiAIgiAIgiAIgiAIgiAIwu5FBoAFQRCEusigsCAIgiAIgiAIgiAIgiAIgiDsDmQAWBAE4QGnVYO7MkgsCIIgCIIgCIIgCIIgCIIgCN1HBoAFQRCE0LR6kFcGjQVBEARBEARBEARBEARBEAShtcgAsCAIglDCPSAbdnDWe1wnBnVl4FgQBEEQBEEQBEEQBEEQBEEQ/JEBYEEQBEEQBEEQBEEQBEEQBEEQBEEQhPsEGQAWBEEQehZZ6SsIgiAIgiAIgiAIgiAIgiAI0ZABYEEQBKEmMggrCIIgCIIgCIIgCIIgCIIgCLsHGQAWBEF4gJHBXUEQBEEQBEEQBEEQBEEQBEG4v4h1OwOCIAiCcD+hlMJSCmXZIShknF1wo2kAGrqmoenF0P7w/sAywcyBmQerYMeV1e1cCY2i6aAboMfAiIORsOP3AaLXDwb3s+aKDVdzP7e3IAiCIAiCIAhCFGQAWBAEQQDsh4hhH5A5x4Y9J8q1dyumZWGZVvEBrCAEY5uIwlQKiuOiuqahGzqGvotfzpJPQz5jD/wK9w/KAtOy2zW/Y39mxCGegnh/d/PWIKLXDxb3o+aKDQdzP7a3IAiCIAiCIAhCI8gAsCAIgtBR7rfBYNO0MC3zgV9xIzSHpRRWwcTUTAzdwDB20UPqXBpy27LK90HCzNt/s9uQGIDE7hgIFr0WHHar5ooNN8ZubW9BEARBEARBEIRmkAFgQRCEB5T7bSC201hKUSiYso+y0FKUgoJpYloWsZiB3sv3qJmH7Kas+H2QUZZtA4UMJIfslcE9iOi1EMRu0Vyx4dawW9pbEARBEARBEAShFcjUV0EQBEGIiGla5PMFeRArtA2lFPl8AdPs0VW1uTSkV2XwV7Ax87Y95NLdzkkVotdCGHpZc8WGW08vt7cgCIIgCIIgCEKrkAFgQRAEoYpuPWTcDQ83C6ZJwTS7nQ3hAaEn7S27Za/6FAQv2U3bPnqEnrx/hJ6m12ym1/JzvyH1KwiCIAiCIAjC/YwMAAuCIAhCSAqmKatFhI5jmlbvPKDObtn7/QpCELntnhgEFr0WGqVXNFdsuDP0SnsLgiAIgiAIgiC0GhkAFgRBEHbFyttuY5qWPIgVukZP2F8uLYO/Qjhy2119HXRP3C/CrqbbNtTt9B80pL4FQRAEQRAEQbgfkQFgQRAEIRQP8iCxpZSsDhG6TsE0sbp1H5p5ee2zEI3sZlf2iBa9FlpFtzRXbLg7dPU3VhAEQRAEQRAEoQ3IALAgCILQNu6XQeNCQR7ECr1B12xRBn+FRuiC3YheC62kG/YkNtw9pO4FQRAEQRAEQbifkAFgQRAEQaiBaVr3zUC2sPtRSnX+NZW5dFdWcgr3AWa+o6+CFr0WWk2nNVdsuLt05TdWEARBEARBEAShTcgAsCAIgiDUwLRkNYjQW3TcJmXfX6EZOmg/otdCO+ikXYkNdx9pA0EQBEEQBEEQ7hdkAFgQBEEQAjAtC1mII/QaStm22RHyaVCyGkpoAmXZdtRmRK+FdtEpzRUb7g06+hsrCIIgCIIgCILQRmQAWBAEQRACsOQ1gEKP0jHbzGc6k45wf9MBOxK9FtpJJ+xLbLh3kLYQBEEQBEEQBOF+QAaABUEQBMEHpRSWLMURehRLqfbvE2mZsvev0BrMvG1PbUL0Wmg37dZcseHeoiO/sYIgCIIgCIIgCG1GBoAFQRAEwQd5ECv0Om23UTPX3usLDxZttCfRa6ETtNPOxIZ7D2kTQRAEQRAEQRB2OzIALAiCIAg+KEse/Am9TdttVFb/Cq2kjfYkei10gnbamdhw7yFtIgiCIAiCIAjCbkcGgAVBEATBB1n5IfQ6bbdRq9De6wsPFm20J9FroRPICuAHC2kTQRAEQRAEQRB2OzIALAiCIFTg3vPswd7/7EEuu7A76MAewILQKtpqT6LXQidop52JDfce0iaCIAiCIAiCIOxuYt3OgCAIgiD0Im0Z+y4scfH9C5z5ZJ21XHEwJJZi4sB+nn/6GLODRhsSLZO+eZpX37vJwroJg/v5yok033hr1f7/V55loq2pt4FCms1MHox+hvri3c5Nx2n7/Axlte5a3zwJF2t8/+Mvw4+Oty69elz+Pfjz34Z/8A482rlkW8Y3T8LFz8Ov/CYEVVshB9ksxIYg2dHc+dNKe/Jeuq33wgKv/9nbXNzp5+mXfpKTI1HOvcS3fv8CC2E0duVdvv5fbrI5c4z/6UtHa18v8CIpjv/MlznVwVuJj17nd95aZfaFv8/PPtLBdLtAO+2stdeuYSeaQf/YBE//2HMcH22vz7HbeaDnQAqCIAiCIAiCcF8gA8CCIAiC0AmWzvCNb3/Ccg7694wwv2+a8dg2d24uc/XTK3zr05sc/6kvc2pvm9JfOc03X7vGZryfg/OzHBgZJTkNp56bhMQehtuUbGtY5+Jb5/h0Z4gnXnyCWefjq+/y9bdWoeaAidA7nITP/VMY8vlq0u9DoSk++UN7kHv+9+ClE+HPO/2HcGsIPv8SDLQve7uGq1f5aAcgzaUPFzj5wmy9M9pPcoSnn5ymv+qLOBNyKwkOVXaSZ+XGIp8s3uGNv3yFzb/3ZZ7v5GSBBlg48wZnluM89NxzzA92OzeCIAiCIAiCIAi7CxkAFgRBECKhlELTtG5nY3ehPuGVb3/Ccj7F/Iuf5bP7y49jj58ACgu88/oCU5Pty8LCpQU2lcHhH/kCXzpcXvVzfL59abaOHCu3l7i+ZfIQlAeAp4/YA9hD013MmxCeQZg7GbxiVWgtM5+HnzsBow9FO+/6v7NXF78gA8CwzjtnlzC1FEMDGTavXuXK87PMdfsnMD7E4flju++tDUJn8bOT+Sd49tJrfP0H61y8dJPnf3R/t3IXio07S1y/nWLoSUAGgAVBEARBEARBECIhewALgiAIQpvZ/OEVruag/+HHKwZ/S8RmOfnisxxs46DCxnYeiNM/fB+98nFoP8fnj3F8X6R3sraAT/nz//N3+aNL6QjnpDn/jd/lf/svn7YtV4JQwdBheOwkzMqS0IZZvMSlNTAOPMpL8yNQWOL8hUy3cyUITdE/MUQ/kNve7nZWBEEQBEEQBEEQhDYiK4AFQRAEoa1kuHo7DaQ4/Ej4lTYV+/UCRt8Qh594mheP7ikf5Oy9+CNf4Pj6u7xxaZ20AvqGmH/2BT57uL90jJOX8//lLzjvTaziFcomm9dP8+oPbnNnxwQtzsTcUb60Z4Gv/2CVoflT/NJzkwTvbVn9+cVX/oLXb+/h1FdmWfnOJT66l6f/6Cl+6bk9bC5e4J13b3L1XgZTAUacqUce50vPHaIfWH77Zb5x0RlwWeX13/8LXgd7v8k99p6ZlPJk53/t0tu8emaZ5Z1i3Y3s4YlnnuWka/C9nKdDrH3vHOfv5gHo3zPL8194jrm+Wq3zEF/+ub38mz/8Y/7oq/+If3zUZ1C/sjU5/40/5ncv7uWf/KuIqzEfNJy9eX/uVfj0N+H8y2DNwpFfhZ//Miy9DN/6PVi/CrFT8Llfg2ecNeEr8LtfBv4N/OI++Iv/GxbPQuwEHPtV+MmT9T3fD/8MXv8z+/rMwvRL8IWvwv4EWAvwOy/B5i/Dv/hVSLhPXID/8BJk/gX8L1+1p1jefA2+/Qd2HpiF/b8Mf9+zqtbahL/9bTj/KuRWIPFl+NyvwtMteM3wysvwu79Rub+ytQkv/zu49L1ieifh6D+GL5yCa8W6B+A1+N2T9n87vT9zz2By5eId0sSZP3qE/uk8s++ts3DxHMuP+eznu3ONd753gTOLtpYZI5M8/xMBa3TXLvHq965wZTVv78k6OcNnH29x9ku/D5/l8K23+f4tO1/9e/fz2Z94lomVd3nlrbLOT514lpeemiqevMQb33iD8+znpReHOP3dy1xfN0EzGN03x4ufPcZEzXupjg6rm7z+n97lYmaE5//bz/OE5156/c/e5mJ+khd/6RRzWvXvYf+eWZ7/3DPMDbomNKlVzn/vNKevb5I2ASPF7BNP8NMnZrmPpj21hpxFFjAS8YqP69bzivOb+wI/PXKFv3lvibUCEOvn4Gee5kvzkxV1HdWPmV99m+9/skm6bz9fOZHmGz6+S8kHUaucf+1d3rmdJmcChsHozGF+4oXHmar5+y0IgiAIgiAIgvDgICuABUEQBKGtLLO2AdDPeMhXPKc/ep0/ffUaC5kkB+fnOHViljFtkys/eJ2vv7dUdfzamdd55abB4aeOcnJ+hP7MJhe/9z3eWaf4muSjzI0CxJk9cZRTzxX/nhipHMMC0h+9wf/3nZvcycSZnZ/j1OOTGLfP8c0zm03VAmxy+q/OcXHDYGx6kom+POQu8+orV7i6E2ff0TlOPXeEuUGLOxdP881iOYcPz3HquUPMJgH6mSvm/Qnftz6b3Hn7Ff70B3dYNgaZP3GUk/OTDO2scvrVb/PyJ96Ve5uc/qvTXDemOPncHMen46RXF3j1lTOs1SlN3/Gf5zf+uz188Pt/XGclsD34+9sf7uGf/Kuf56lU2Pq6T9ne9P9reY7721+HlSfgZ/4tPLQPPvkN+E+/CX/yn+3B4Bd/DeJvwN9+DbyLqq0z8Ae/DeP/Dfzcb8LeFJz95/AHr9XO25u/AX/5m/bA8ou/BT/+i7D+2/BH/wyu5ECfhWdeAuv34Iee++GTV2EdOPWS7V1f+T34o1+DzSP2tV78Ktz7bfiPvwc556QV+H9/EU6/AUf+Jfzcv4UjWfibX4bvrzRawzXIwZ//Ipx9p5zeIw/BhX8Jr10qvjL6t4rvWD8Jn/stO/7IA7qCOHeZ8zdM6JtkbgbQ5pg/YMDWbU5fNSuPVXd44+XTnL6dIblnlqefm2N+aJt3/voyy97r7lziWy9f4Mqqxej+/Zw8eYiDaplXvneb0O8UsCw2t9ar/6arVycvn36Ld7ZGeOLkHPPjcdJ3b/LKK9/mm6/dITt9iFMnphiN57lz5m1eueYpl7XKd//6ChtDM5x87ghzIzprNy/xjb88XV2uEiF0WNvPE3P9oNa5eH698vTinsujxx5nToPcJ+Xfw7kTRzl1YorE9gKvfusNrpTupSW+/xev88bVTYy9+2093wsLp9/mT31+Mx8YfOxk+dY5Xn5jgRxxHnn0UOnQcPVsYy7+kL/4YJvhuTnbfow0199+o6KuG/FjXr2ShpERDu5JYQb4LicPDwEZzvz167xxM03Sae+ZfnK3rvCttz9pT10KgiAIgiAIgiDsQmQFsCAIgiC0lW02slGOX+DdD1bJaUM8//Nf4IniSpbjTxVXTH14jjMnKldMpY0pXvoHzzKlARzjAC/zjYtpFm5m4Ph+js+DceMSV9YMxg4e47izmG9lmzNn18vjUaW0+3n653+SkyNO2nd448/fql45HIk8hdFjfPVLRymvl53ixb+/n6Gh8gDT8aODmF8/w9XrN1l7ZpLRyTmOTy6x9uE1FrIpZuePUdq22DtGlrvM9y9loG+Wn/0HzzFbfKX20yfO8c3/dIXr751h4chz5T2EyWMcfIFf+pHiqrf5KfjGG5xfW+J6Dka9o+Me+o5/hf/jH32D//33/xj+e7+VwOXB31/5X78ig7+8Bl/3G4T9PPzKb1buDTzzT+EXiytQ5yfg338Vbr4Kf+8/w4liw4xs2itWP1mAh1wrZu95jnvsFHzzn8HF/wvOn4LjPg2bewfeeBlGvga/XBzE5SQ8cxT+/T+Hv/0rmHsJnvwp+M434YdvwMkvOyfD6T8E/ZfhySFgwV7Vm/xl+B9/FZLFa81PwG/9Gpz9RXhmCM7/KdxdgR/9Jvz4bDmv8a/C9/8Knv9qY9UcyCW4sgIH/y28dKqc3pf/B9gZhyHgscPwEbAg+zWvnb/BHQWjc0eLmmEwNz/F968vcPXSZXKHj5Um0GyeO8f5Teife5avOnuqzj/O0+e/zR++VzlZ4Pq7l1nIwdQzX+Cl40XNmD/O3Jsv860rngHYINILvPKNherPq97IALmRQ3z1px+3dfdoP9mvn+Hq2ib9z/xkKf3jg/YqzFu3bsMh15sq0mmSruOYn2P2lW/z+u1rvPHhMV56zEfUwurw8QNMnbvEnasfsfy0k+cMZy4tYWojzB8fARb4/nur5GIjnPr5z3Pc+T08cpo//eY13v9wnbmnRsh9eI4zmzB01K3nx5j6zn/l1UuXufrMJIfD1ez9RZCdJIc4/uILnJpx1uuGq+fSZdcNnv+HLv9k/hLf+uYFFkr+SQN+jDnEZ//hZ5l3rd6dCvJduMT1u8D4HC99qWjb849zqrDE8k7ImXaCIAiCIAiCIAgPALICWBAEQRDaygDDyQiHryxwaweY2l96aAqAtp+jB1Og1lm4WXnK0KFDxcFfm4kx+2F9ejviqt1S2odKg7922lMcP9Ts6GWKR55yD/4CGBWDv+Q22dw2SCYAZVKImsS1Je4o6D94qDToAEDfMeamgJ1Vrlcs7U1x+OiUKz7J+ND/z96dh0d1nQkaf2uRhARCIEACsYNA2AIbYeMFbBzbsbHjNYnXdDodO0lnsvS4J04vM51lutPdk562++lkskwnaafbcezE9sTGu3EwMTZgwOxgJBBgEAgQIBACCS0lzR8lCa1IApVKEu/veYSqbp17zrm3DrdK9dV3DkAN5V08ddEgcHuZwAZ/22qWVdri5wvR4GNz46ecuR0cCUMA7moZvB3REDQtb/1NgFblSIS5dwFHYffu9rv20eZoFnLu3JbvjpPmQjZQ9gEcIzpl8mXzo9MrlzSUKV8eDazm3hCdFvpYQTQbePwlUNssyzk4CYYD+xpSlncvAq6Hiakts6HHzoeqTW2/4HDeJsG4EbDvOdi4Gxq/mBIe0fb8X+jqd7FmWwU0BSIbjM4hJw0oKWJjs8TV/QfLaW+a/5SLx9FyMu/DFB2OAGlkX9z8ahgia1omnU0m3yQpjbwrms3m0PgzezxDWxVNzWhWbyCVlEG0bT89hVTaWxO2dT9TmDEzk0Tg0MFWL0SNunodTpzO3KkJcPIQHx5sKFO2jfwSCI2fGA0OHj8UfU1KH8WESLNM1lA6o1Pg+OHojnsPlgGDGDtmULNs15NkjhgCteUUxyKhvj9oMU6mMGEIEEhhxvyrmd9sSYSunucmrd+fJOcwZ0LCmfcn5/A+JmVyTovg79mNJnMYULqHZZv3caQyuuIjxUYAACAASURBVIQD4VGM9FomSZIkSU3MAJYkKaZGMmwocLiCo4eBzpJTauqIAATaPhRq2FbbKkksdWgPZbycpe1hQ1OAttOLdl07U2DXl7N7zQcsLyyjonW0d0j3W4jUNKwzGGj9/bZQ07mLtDh3KQwb1v12WmubCYzB33Z1I6s0vb1CSV376mJaVttySQ3fwohUtykOQE1DxD/Uzrc1ggBVZ6apnnsXrPlL+KAAPpEDaxcB8+HyhnW0q05Efxf+OfyonbaC+4EcqDxKx1nRRAPAPZqBmwr3/BRe+gG8cR+8ASTOh9w/ghu6sD7yBaR62x521wKjRjChuozyZsMmM2MQlFVQ8GExc6/OAmqia5BC23HX5lpa03ANOnNNahKk62vVJqQyecZFbdchbkf7rw/ttN+e5MEMb10uMUgSUB1pP1u569fhEFm5WQwr3MOO/F0sGD2F4g+LOU4CM2Y0fAHkdE30NamkkGd+V9i2sWA5R6ihohrgNPl/WEp+O306VsqFmc3eapzkTknilee3kb/sAzLuWcCMxu/JdOk801RPSmrbKGtiOATURN+fnMP7mGHpmW0LdyiNuTflUf3OFrau/4C964FQAiMnTGHB1Z2tTy1JkiRJFw7/PJIkKaYGMXlcKu8fLmf3jn3MHzXu7MUTgtEgQH3bhyIN28JdjhJ001naPn6ii6tTtrNvR8q3rOat/HIYkk7utFEMSwA4ze6Ne2hn0spOhRKiJyZS33pB2UjTuQvF6Nwl536Kb9/3O7735NMcnQrbi9P5/CMGf+OirDgarG0ef6pqSHcNdTCvd0JDQCPSznztddAi+Jw6H7JHwNa34UZgw3LI/glkNNbVEETO+ku4bFLb+gZNARKj2cLMhY891H4G7pgOju98JE2Ge/8V6qqhbD9sfA5WfRXKfwKfnhuDBvujMjbuaEjvPbyLZ3/X/pqiFYUFbLosi0sSE0hsvK60vvS0uR4mNFyDGq5JzQNkddDFCaB7T+UpjtXTMpO3ui6aPN7BxbRb1+G0i5iRsYf3i/awqRIO7a6BjByualzjvfE1aVgm86e3822dxHSGksCREETXiZ3C5HaySFPbXTP+ApSYw1XZu/ldfikfrC1mxtUN+eldOs9nVLQzRUZ1Q0Q3HKJ33sckT2T+LROZX3+aimNH2F1QwJodBfzuFHz+ljPTs0uSJEnShcwAsCRJMZY6M4cZ+R+QX7iRt8akc9PkVhN91h5m/cp9ZF6bR9aILMYm7yP/0D42VeacmT6xfh8Fe09DII2sTmLI56yp7T2sKcs5Mw10/SG27mmd/TuM4SlQfKqCI/UwsiFAULG9mENdbK6qYdrGrFkLmD+tYWPlFgrXAAkty0azhmqorAQ6miZy4igy3y/l0N49FF+ReSZoUbmNwkNAcjoTeiDjtyNDL/0U3+Ylvv86fP6RO7ncqSjjZBFs/cKZNYABNi0CRsDkDlYCnTQrGuDdugbm33Um2Fu1BgqBtMuj0zcDkAh5n4XCH8DTxVCVA3nNgqcjLoE04FgVzGg1pXTzmFj2w5C/CMIz4OJWg6WWGLxLr472aXgqBBNh+GT42Beg8Dk43OwrF6ERwEmo7On2+4mDBRSUAUNGMffi9HYDSeUfFbKppIz8rWVckpfGlLFpLDtQxo4PdzH/ujPTl1d8uK/Vl1lGMXlMAlt3lLF1Yxm5TeuqRijecYgufs2mF5VR+GEFuY1rABNh9/ZDVAOZozt4IerWdXgQl+SMYk3JYba+sZ3y2hCTc6afOeeNr0kVdaTkXMTk5oHo+hoiJBCCpvNfEcgid0bz9QsgUltDyL94m4ycPZmswm0UN32BgS6f5yZt3p/sYuvemjPvTxJ77n1MuOELE1WVEc7kyJ/meGkNw9JTITCIlPRx5F6dxPEDy9laHs1WzuqwRkmSJEm6cPjnsCRJsRYYx4KbjnPsjUJ2v7uYp7amMWHsaEYk13C06DB7D5ZTUZ9Abk4eWRlZXD47nV0rS3n/pcUUT85ifEIFhbuLOVQJqbkzox/YxsSZtte/9AaHcsYxuaHt8kgCUNOsbCaTxyawdUcp77+2msqpqXDiIFsLyrqcxTYyM5XE/NMUr1vM2yfHM7ymlB17jlPRJjNoFDMmp7BpUzlrXl9O7cXpDB8xmezWM4wmTueqnD0syi/mlReWMmPyaFJrStmx+zDH60NMuOySmH8oPPTSO/nHS2PcSL91EgrX0O43BEZdCqN6aGCnzoV3/hz23AlTkmDtc1C8GTK+Bxd10EbiXJh/C7z79/DER3DpPKgpgHVPQd0s+PitLctPuQHSfgAlb0Dat2BK8wez4IavwAs/gJ98BHOuh2HAvg+iWcMLnoLLUuGiu2D1Ivj9Z2HXw5CbBaeKYftSOHo5fP2znUx5XQx/eAraW2P88s+2+RIF5cvhZ/8Eo26FGZdH+7RjUXSq6RnNDmDmZ2HrD+DFH8C182DUDMi6UL7NEKEw/xAVhJicdxV5kztIU5wY4dDzhRwqLKA47wqyLrqY3IKVbN2zif946RC501OpLi5mx+EqEoHmE49nzc4ma882ijct5ZnD45gxPpHy3cXsKKsjRBezgGvK2Z2/rZ3/SgmMnJJNZk+9RiQNomLLUp49lMm0rESObS+i8HgEUsdx1UUdTG/Q3evw5MlM++Aw+eWnITmL3BbnvPE16TBvPbuYCZOzGD8Ujh8+zN69ZYRyr+e+2WkkNp7/TUt55kAW2ZNTSaksZ/f+wxSfHMZN989vGdS8kDVlAZexaW0xl1ydRVfPc1MVQ2pY1/T+pJyt2w9xvBpSZ1zc8P6k597HZE8dxXv7DlO4/A+EL85iRHoWuUN2sfiVPZSnpjF57Cgyh8Lxon1sPQmhMWldmhpdkiRJki4EBoAlSeoNw2Zy1z2Z5K/bxqZdZeRvLohuDw9i5NiJzJ87k8kNMZaUaQu4L3k9b6/dx978QvYCoeRUsq/M44ac9Jh2M2XafD4dWstbaw9RnF9IcSCBzJw87krbwzOrSgklnvnUNuuqq5lf+QHv7y9mzVEIpaYz56Yc9i8u6NoUzhOv4u4r32fx2sMUbi6AcArZV88kaf16trYqOmz2NdxQuZL3dx1m/erDpM4YSfbU1hWGyLziJu5LW83bm440neNQWjp58y9n7jjnY46vNfCHNe0/dO0bMKqHFulMnA/3joX/9z3YuhvCs2DGv8Jt888eUJ33PRh2CSx7Dt5+CsiC0ffB3Z+Fca2jFVmQez2sWAqX3dC2rukPw0M58PqvYfmfRzN/k6+H3G/BpQ3/0YNZ8CfPwbInYNMTsKsYgpMh4xa4+64urHdcAIUF7T80/bNt1zxNvR5uPwIrX4d3nzpzrvKegI/POlNu0mfhlmp4ZxG88RTMeALumsUFoWwT6/ZGIG0iczsK/gIkX8TcqXt4pfAQW3dHyJqcyfw75jNs2Xre33+I9asPEUobxVULJ7L7pW0tr4fJOdx++yCWv7eF/IP7WHMwRMqoMdx0DSx/ex9tJ9dtR1UZ61eXtfPAIHJHZZPZU+vdJozkhhtSWb90O2v2RSAQYtiYbK65fiaZHQZUu3sdziJnwiDyC04zLDunzZd0UqYt4L60LSxbuZv9BYXsrSf6ujkhhwUzG4KSgUzm372AzPc38v7uYtYfBgIhEoemkTfvEoO/rYycPZHMggIOFW5j0+wsLknu4nlukDQ2j1vTCnn9g0L2RoBwCll5M7l11pl1fHvsfczEq7j1suW8s7GU/PUFMCZI7k0zueGK0yzbcoTC/DIKIboG8OSLuOGaHKd/liRJkqQGgfr6+m6s1idJGigOHTpEIBAgEIh+MtrV2119vNHZtrW+3ZX7nW3vSHfLV1XXdF5oIKqPfsjfUoTiFW/wSiHMuOk2FsRibVKdk6TE1mmePai8q5N59xVH4Re3AN+DL94S47bK4T9vgGOPwH/tLFNXTVIzOy9zDi7Y63XMHGb575azlXF86lOXxzijsow1i5ay/tQobnhwPtl9PFgbq2tuvxjDRz/gmVf3wYz5PHjFqHj3plfE9DVWkiRJkrppw5bd3SpvBrAkSWoQoXjlG7yyO0TmmDRGjhrGsIQaju4uJv9wDQybwiUGfyXYtQgOAlfeYPBXOh+7t7CpDFKmTe7zwV9JkiRJkvoTA8CSJLUjEIALb46MEFlXXMGC8DY27TrC1n0NGaDhQU1TKw6LbwfVTDeT2s+hgSDU18W4kf6oGtY+BdwFl8V6VekBJBC7SPmFeb0eCCrYlH+YCCnkXNz3/y/F8prrGO57Yv4aK0mSJEkx5hTQknSBcgros6uuqcWXSPVlgUCAxIQYfpevohQi/WBaUvUPoQRIic0a5l6v1Rtiec11DPc9MX+NlSRJkqRu6u4U0E5aJ0lSO4KmfqiPi/kYDfrBt3pQDMeT12v1hliOM8dw3+NzIkmSJKm/MwAsSVI7AkE/+FPfFvMxGkqIbf26sMRwPHm9Vm+I5ThzDPc9PieSJEmS+jsDwJIktcPMD/V1MR+jocTY1q8LSwzHk9dr9QYzgC8sPieSJEmS+jsDwJIktSMQCPjhn/qsYLO1t2PXSMgsYPWMUEJ0PMWI12vFWqyvuY7hvqVXXmMlSZIkKcYMAEuS1IFgyJdJ9U29NjYTBvVOOxrYemEceb1WLPXG+HIM9x0+F5IkSZIGAv+ykSSpA6FgEBNA1NcEAtGx2SsSUiDg20Wdh0AwOo5izOu1YqW3rrmO4b6hV19jJUmSJCmG/MtGkqSzCMVw2lLpXPT6mEwc3LvtaWDpxfHj9Vqx0JvjyjEcfz4HkiRJkgYKA8CSJJ1FKBR0HTj1GYFAgFBvT02ZmOJawDo3oYTo+Omt5rxeq4f19jXXMRxfcXmNlSRJkqQY8a8bSZI6EQ6bDaK+IW5jMSk1Pu2qf4vDuPF6rZ4Uj/HkGI4fz70kSZKkgcQAsCRJnQgGAoRDfiio+AqHQgTjlRkWSjAIrO5JSo1L5rjXa/WUeF1zHcPxEdfXWEmSJEmKAQPAkiR1QSgUdFpAxU2fGH+JKa4HrK5JHNyrUz+31if+v6hfi/cYinf7FxrPtyRJkqSByL9yJEnqonAo5AeE6nWhULDvZIMlDTEIrLNLHBwdJ3Hm9Vrnqq9ccx3DvaOvPN+SJEmS1NP8i1KSpG4Ih0J+UKhe0yfHW9IQp4NW+5JS+0Twt1Gf/P+jPq2vjZm+1p+BxvMrSZIkaSALx7sDkiT1N6FQkEAwQG1thPr6+nh3RwNQIBAgHO7D6xEmpkTXd60qh0hNvHujeGtcIzoOa/52xuu1uqIvX3Mdwz2vLz/fkiRJktRTDABLknQOgoEAiQlhIpE6InUR/ExWPSEQgFCwn0z7GUqAlHSoroDqU1BfF+8eqbcFgnFf77crvF6rI/3lmusY7hn95fmWJEmSpJ5gAFiSpPMQCgUJhYJE6uqoi9RR56eyOgfBQIBgKEgo2A8/lE5Mif7UVEDNaTOCLwShBEgYBAl9O/DbmtdrNeqv11zH8Lnpr8+3JEmSJJ0PA8CSJPWAUDD6wWJ9fT119fXU19U3fDBbb6aOWojOOBkgGAgQCDb8HgjTUCakRH/qIhCpjgaC62qj980O7r8CQQiGIBiOBn5DidH7/ZjX6wvLQLzmOoY7NhCfb0mSJEk6FwaAJUnqQYFAgFAgACaZ6EIVDEEwGRKS490T6ay8Xqu/cwxLkiRJkjpiAFiSBrJINRS8DR+tggNboXQPnDoKtdVkhBKoT04nkjaO2owcasbOoXbKAupDCfHutSRJkiRJkiRJOkeB+vqBNUnUhi2FrN9SSMHOIo6WnmjanpKcxPisDPJmZTM7N5sR6UPj2EtJirF9G2DNr2HjC1Bb3fX9wolUzfgEVZfcQ2TMLCCaXdI4dV7z3x3dbv67s22tb3flfmfbO+L0f5IkSZIkSZKk/mjDlt3dKj9gAsDrtxTy20VLWwR9z2be3FzuvHmegWBJA8uxvfD7x6OB3/NUfdFtnJ7/NeqGjTMALEmSJEmSJElSnFxwAeCKyir+4zdvsH5LYYvtyYOSGD92VNP9ysoqiooPtyiTkpzE/Xddz7y5ub3SV0mKqTVPw6vf6V7Gb2fCiVTe8N+pvvQewACwJEmSJEmSJEm9rbsB4H69BnBFZRWP/fRZivaXNG2bNzeXeXNzyZk6vt3yK9Zs4ffL1nH02AkqKqv45W/eaNpPkvqt1/4WVvx7z9dbW03y4r8leHQnp2/4q56vX5IkSZIkSZIk9ah+nQH8d//yq6bgb/KgJL728F3tBn5bq6is4qU3V7Dk3XVN2x564BaDwJL6pxf+Atb+NubNVM/6JKdv/R5gBrAkSZIkSZIkSb3lgskAfunNFU3B3/FZo/jmV+8nJTmpRZmi/SX8dtEfgOh0z7NnZjNvbi4pyUk8cPf1TBib0ZQB/NtFS8mZOt41gSX1L6/9ba8EfwESN78ASUPMBJYkSZIkSZIkqQ8LxrsD5+Jo6QleXrwSiGb+PvTALW2CvwDrtxRSsLOIgp1FrN9SyC9/8wZ//Q8/bwocz5uby43XzgEasoIXr+i9g5Ck87Xm6dhM+3wWiR/8isSNz/dqm5IkSZIkSZIkqev6ZQC4eaD2zoVXM35sRrvl8mZmM33qOEYMP5PVe7T0RIt1g+9cOK/p8RVrtnK09EQMey5JPeTYXnj1O3FpetCSfyR4fF9c2pYkSZIkSZIkSWfXL9cAfuRbP6KisorkQUn88B++3qV9jpae4Me/fJGi4sMAjEgfyvf/5ktANPDbOBX0HTdfzZ0L58Wm482VF7Js0au8s/MQ5adqAQgPTiVz6jxu/Ph1zBzdH2bn3sKTf/kkWy75HP/7szPj3RnpwvLcI7Dxhbg1X5t7B6fv+CfANYAlSZIkSZIkSYql7q4B3O8ygAt2FlFRWQVEp3DuqhHpQ/nOo59j+tRxQDQgvGLNVgBmz8xuUX+sVW55hu/9w894ZXeY7Pl38+BnHuTBzzzI3fOzCe9ZwpP/8j/4/rP5lMe8J5L6pX0b4hr8BQhvfZnQgc1x7YMkSZIkSZIkSWqrP6SZttA4dTNATvb4bu//8AO38tf/8HMgGhQGSElOYnzWKIqKD7N9Z4ynNa3L59Xn1lM+8ka++Y2FZLQIwedxxcfvpXTdczx/IJnU2PZEUn+15tfx7kHUmqcpv+FbDRnAjRvNAJYkSZIkSZIkKZ76XQC4MfsXooHb7mqc+rmi8nSLtYOTz6Guc7JzC5srYeLN81oFfxuFSZ/zIH/aO72R1N9Eqns2+/faf4Mxa+HZn3V71+Ttr1Nxw3eoDyY6BbQkSZIkSZIkSX1EvwsA94QR6UMZwdD4NJ40iDBQWVkJ3cnxrSsl//UXeeWDQkpO1UI4mbEX38jdn17AxOTm5Wop+fAd3nh7BTsPllNZCySlM3HOQh68K4/0ZkHnLU/9JU9umsnn/vF2al5+hjfX7aF00AK+9je3MxGgtpT1jdurgHAyGePyuPH+28kb0XLo1B5dz4u/fpF1+yqpBcKjZ3L7A59hXtYFOcSk2Cl4G2qre6aua38DN82Et/7+3PavrSZh9zKqsz/eM/2RJEmSJEmSJEnnzehcbxs3g4sGL2P175/gmfSHuXd2BuHOVmKuK2HJDx/jzZIMZt5wNzeOTICq/axZ/Ao//t8l/Om37yG7oY7yVU/w2MuHmDgjjxsXjCUVqNm/hjfffYYf1KXyt5/OblV5CUt+9H0OnZrIjDkLuWFyNukAlVt48n8/yZbKVCZeeTsLJ6dCVSmb313CM/98Av7+c+Q1jp6DS/jx4ycIz72RexekQvkelr29ghd/+G/w37/GvLSePIHSBe6jVT1TT2Pwd+n98O65r32eULzWALAkSZIkSZIkSX1IvwsAN5+2uWh/CTlTu78OcHuOHjsBwIjhMc4MDmZzz399EP79OVb/5jHWPxsmfcIMZkyfRV7eDMaOSG7zpJS8/SRvHhzLwj9/hBtHN27NI++SsTz5/Wd4dflCHrk2mk2ceuXD/OPcMOHmlczOI7Pue/x4+Qq2fDKbmS0CziWUjvwc3/7zmZxJJK5ly/97ji2nMrjxG99k4egzpfOuvI79+0oZ27z+kkqmfv3b3D6hWd9G1fLdJ1azfks58+a7mrHUYw5sPf86mgd/l55ffeGS/PPvjyRJkiRJkiRJ6jH9LgA8IetMAHjDlp18fMFl513n0dITHC2NBoBzsnsmoHxWw/O455uzuK34I9asX8b6dfmsWLyFFYuBcCozbniQe2/IJjUIsIfVq0pg+j1cN7pVPcl5zJn2DE9u3kz5tfOiE0oHw+1mFCcnJ0NdCYeOwMyM5o9ksODm5sFfoHodqzdVwozbmgWcG4UZOy6j5aZJC7huQqtiUyYwkdXsOXiIbk11LensSvec3/49GPwFCJXtO+86JEmSJEmSJElSz+l3AeAR6UMZnzWKouLDFOws4mjpCUakn1/W7kuLVzTdnj2z9RTJsRImOSubBVnZLLgNqK2ktHgzy156kxWLf8ZjRx7m2w/MIEw5pWVA2fP8j798vv2qMippWlG4rpzC5S/w6rKdHCqLrsfbrGB7O5PZevPxckqBjAmTujZAhg5tG+JNTGlY6/h0V2qQ1FWnjp77vk1r/t56XtM+Nxc8Xdoj9UiSJEmSJEmSpJ7R7wLAAB9fcBm//M0bAPzyN2/wza/ed851HS09wYo10Sy4EcOHktdrAeBWwsmkT7iCu78+i6wnvsvz65aw+rYZzGuMrF58D9/+9EXt7xtMbgjA1pL/7GM8sa6S1AnzuOW2iaQOziB79FAO/eHH/Ozd3jkUSTFUW32OO34PbpoH63ou+Ht+/ZEkSZIkSZIkSbHQLwPAs2dmk5KcREVlFQU7i3jpzRXcuXDeOdWVnJxE8qAkKk9Xcf/d1/dwT89FMpPGpUN+LZXVAKmkpwEnTkNqaieTKReyfkMljLudP//6ghZlK5O60YVhqaQD+cX7aT9rWFL/8214axrc9Fs42sNBYEmSJEmSJEmS1Ge0s1ps33a09ASP/fRZKiqrmra9vHglLy9eeU71pSQn8f1vfYnvfOOPeyf7t2wFTz65mtLaDh6v3MIbK0th+FRmjACYSN7sdNi3hBe2VLZTvpTSps1hEpKA6hpalGyss6sS55B3MbBlCW8ebPtw6bHyrtclqWeFE89933cfgLe2wE2vw/W58e+PJEmSJEmSJEnqcf0qA7hgZxE/+eWipuBvY+YuwEtvrqCgsIiHHril0zWBt+/cx/Sp45rupyQnkTK2dzJda0tKKclfxve/9SIZ068gL3ci6Q3ZueX717N6eT4ldWNZ+OXbGduwz9hbH2bhjsd486nH+PGV1zFvcipQQ2n+GlZs2APzv8a375gIZLPgY2NZ/fqb/NvPK1k4dywJVftZs3gNJwanwqmu9jJM3icfZP2eZ1jyr9+jsLHNqlI2L1/ClpIZPPj3nyOvX40eaYAYPALKDpz7/u8+APwmmgnM/bB063l1p25Q+nntL0mSJEmSJEmSela/CeG9vHglL725oun++KxR3H/39S0CwgU7i/jrf/g5eTOzyckez/isDOqpJ0AAgPVbClm/ZQdHS09w47VzeCAOUz6Hp93ON//uOvasfYclq9azbNEKKhuygcOpGYydew+PfPwKxjafvzmYwY3/9a8Z+/YrvLn8DZ5ZWQuESc4YS94nH+HGuWObimZc/zUeGfQ0zy9ewfNP10JSBld8+hHuPvIEjy3uRkfT8nj4G6ksW/Qq76x7hWdWAuFkMsZdwYN/cbvBXyle0ieeXwAYejQIHEkb13khSZIkSZIkSZLUawL19fX18e7E2VRUVvHbRUtZseZMgGLe3FzuvHkeP/6PRRTtLwFaZgN3xeyZ2Xztobt6vL+SFFOv/S2s+Peeqeva38BNM+Gtc18TuDLvs5xa8FcEAtEv2rT+3dm21re7cr+z7R3pbnlJkiRJkiRJkvqCgl3d+wy/T68BXFFZxWM/fbZF8PehB27hoQdu4aXFK5qCv+OzRvH9b32Jhx64hfFZozqtd97cXB64q/ezfyXpvE26sufqevcBeGs5jLn1nKuoybqs5/ojSZIkSZIkSZLOW5/NAC7aX8JjP322xXq/f/HV+xg/NoPfL1vLbxf9oWn7dx/9XIt1f4+WnqBgZxFHSsta1JmTPZ6cqeN77yAkqadFquF7F0Ntdbx7AuFEjv6XldSHEs0AliRJkiRJkiQpRrqbAdwnV3JtHfwdnzWKrz10NyPSh1K0v6Qp+Avw0IO3tAj+AoxIH8q89Nze7LIk9Y5QIlz6SVj723j3hKqc26kLJmBYVZIkSZIkSZKkvqPPTQF9tPREm+DvN796PyPShzY91uiOm68mb2Z2vLoqSfEx94/i3QMAKmfeE+8uSJIkSZIkSZKkVvpcAPg3i5a2Cf6mJCdRUVnFj/9jUdNjs2dmc+fCefHsqiTFx7jZ0SzgOKqacTs1mTPj2gdJkiRJkiRJktRWnwsAb9hSCMCI4UNbBH8f++mzFO0vAaKB4YceuCWe3ZSk+Pr4oxBOjE/b4UROXfnV+LQtSZIkSZIkSZLOqs8FgBulpAxqN/ibPCiJrz10NynJSXHuoSTF0fAJcNvfxaXp8mv/mtq0sXFpW5IkSZIkSZIknV043h1obcTwoRw9doKi/SU89pNnOXKsjKOlJ4Bo8PcvvnofI9KHxrmXktQHzP0MHN4BK/6915qsmP1HVMz8FIFea1GSJEmSJEmSJHVHn8sAvv/u65tuF+wsahP8HT82I15dk6S+5xPfhcvu75WmKi+6m/Jr/6JX2pIkSZIkSZIkSeemzwWA82Zm89WH7mLE8DNZvtOnjjP4K0kd+eQ/w7wvxLSJU5d+hhM3fjembUiSJEmSJEmSpPMXqK+vr493JyRJPWDN0/Dqd6C2uufqDCdy4pq/onLmp6L3A4GGXwECNLvdbHvz351ta327M3tm3gAAIABJREFUK/c7296R7paXJEmSJEmSJKkvKNhV1K3yBoAlaSA5thd+/zhsfOG8q6qc/glOXvEVImljzwRPDQBLkiRJkiRJktSrDABLkmDfBljz62gguDsZweFEKrJv5VTup6jNnAm0DPAaAJYkSZIkSZIkqXcZAJYknRGphoK34aNVcGArlO6BU0ehtpr6UAJ1g9KpHTqW6pHTqRqTR/XEa6kPJbQJ6hoAliRJkiRJkiQpPgwAS5K6ZM9H+5uCt+0Fe9sEdlsHeQ0AS5IkSZIkSZIUc90NAAdj1A9JkiRJkiRJkiRJUi8zACxJkiRJkiRJkiRJA4QBYEmSJEmSJEmSJEkaIAwAS5IkSZIkSZIkSdIAYQBYkiRJkiRJkiRJkgYIA8CSJEmSJEmSJEmSNEAYAJYkSZIkSZIkSZKkAcIAsCRJkiRJkiRJkiQNEAaAJUmSJEmSJEmSJGmAMAAsSZIkSZIkSZIkSQOEAWBJkiRJkiRJkiRJGiAMAEuSJEmSJEmSJEnSAGEAWJIkSZIkSZIkSZIGCAPAkiRJkiRJkiRJkjRAGACWJEmSJEmSJEmSpAEiHOsGjh07FusmJKnPGj58eLy7IEmSJEmSJEmSLiAxDwAb/JAkSZIkSZIkSZKk3uEU0JIkSZIkSZIkSZI0QBgAliRJkiRJkiRJkqQBwgCwJEmSJEmSJEmSJA0QBoAlSZIkSZIkSZIkaYAwACxJkiRJkiRJkiRJA4QBYEmSJEmSJEmSJEkaIAwAS5IkSZIkSZIkSdIAEY53ByRJPaOyorbpdunxcspPVVBVXQNAUmICqYNTSB+WGq/uSZIkSZIkSZKkXmAAWJIGkJqaWopLjnK6qrrF9tNV1Zyuqqb8VAVZGSNISPDyL0mSJEmSJEnSQOQU0JI0gLQX/G3udFU1xSVHe7FHkiRJkiRJkiSpNxkAlqQBovR4+VmDv41OV1VTery8F3okSZIkSZIkSZJ6mwFgSRogyk9VxKSsJEmSJEmSJEnqPwwAS9IAUVVdE5OykiRJkiRJkiSp/wjHuwOSpJ5RX18fk7LqOYEABIMBgsEAgWCAQAACgehvSZIkSZIkSepL6uujnyXX10N9XT11DT9+vNz3GQCWJCmGAgEIhYOEQtHAryRJkiRJkiT1B40JLACEzny2WVdXTyRST6S2zmBwH2UAWJKkGAiGAoQbAr+SJEmSJEmSNFA0znKYkBAkEqmntraOuoiR4L7EALAkST0oGAwQTjDwK0mSJEmSJGngC4UChEKhaCC4po66OgPBfYEBYEmSekhCYpBwOBjvbkiSJEmSJElSr2oMBNfW1lFTXRfv7lzwDABLknSeQqEACYnBM+thSJIkSZIkSdIFqHFZvJrqOiJOCx03fT4A/N7qLez6qJjiQ0fZd+AIVVXV3dp/3JhRjB0zkoyRw7hz4bwY9VKSdKEKJwRJSDDrV5IkSZIkSZIAAoEAiUkhamrqqK0xGzge+nQA+EdPvMjGrTvPq459Bw6z78BhADZu3cnXv/BJhqcN6YnuSZIucE75LEmSJEmSJEntS0gIEgjglNBxEKivr++T+ddfevTxFvenTspiyoQxDBqU2K16du05wM49xZw+fSZz+J+/82WGGQSWNMBs2LK7W+WHD0kkEAg0/QBnvU3z20CADso1+93Ztta3u3K/s+0d6enpmQ3+SpIkSZIkSVLnXBf4/BXsKupW+T6ZAfzSmyuabk+eMIZPfuIaLpo24ZzrO3z0OC+89h5rNhQA8MN/f4HvfOOPz7ufkqQLk8FfSZIkSZIkSeqaxs9SDQL3nj736fWqddt4efFKAC6/dDr/45HPnFfwF2DUiGH86R/fzucfWAhA0f4S/t8ry867r5KkC084weCvJEmSJEmSJHVHOBwknODnqr2lz53pD7fvabp9+01X92jd8+fOZNKE0QCs21zYo3VLkga+UChAgm9SJEmSJEmSJKnbEhKChEI9u1Sf2tfnPsUuPngUgInjMhk7ZmSLxwoKi9iS33aNy5feXEHJkeMttu3ac4A/LN/Qpuy0SWMBKDlyjMrTVT3VbUnSBSAhsc+9bEqSJEmSJElSv+FnrL2jz60BfOBQNAA8dVJWi+179h3isZ8+C8AdN1/NnQvnAfDYT56lYGcRLy9eyc8ffxSIBooby1bX1HLzxy5vqmfKpCxYthaAgyXHmNyQESxJ0tkkJAYJBPx2miRJkiRJkiSdq0AgQEJi0PWAY6zPhdmrqmsAGJwyqMX28pMVTbcTEtrGrVMHJ1N+shKA2kikafvpquoW5S6/dDoTx2WSNXokw9OG9Fi/JUkDVzAYcN1fSZIkSZIkSeoB4XCQYNBkm1jqcxnAHZk5YzJ33Hw1x8tOMmXCmKbtd9x8NSyGSy6eQuqQZACmTsziluvncuJkBfPm5rap61v/7bO91u+uKNpfwr/82/MEAgH+25fvYXzWqG7XcbzsJP/r/zxDZWUV/+3Ln2Zys3N0vv6wfAO79h5gyoQxfGz+7B6rV5L6i7Dr/kqSJEmSJElSjwknBKmuinReUOek3wSAgaZpn5vLyR5PTvb4FtsGDUrk07cv6K1unZf6eli1bhsnT0Wzl1evzz+nAHAsbd+1jzUbCqitjRgAlnTBCYYChEJ+G02SJEmSJEmSekooFCAYClAXqY93VwakfhUAPl+Hjx5nX/ERjpWVM3VSFhPHZca7Sxw+epzV6wuaspfXbtzOx66+lBHpQ+PcszP+9I9v50//+PZ4d0OS4sKpnyVJkiRJkiSp54XDQaojZgHHQr8JAJefrOTfnnyZ1CHJ5M2axhV5MwB46c0VvLx4JTctuIz77vpYu/uerqrmmRfeZsWarS22T52UxecfuIXRo4bHvP8dWbVuG8fKyrn3jusAeO7ld1i7aTs3f+zyuPVJkhQVCGD2ryRJkiRJkiTFQCgUIBCIzparntVvAsBrNxZQsLMIgLq6+qYA8LurNgPw1rK1zJuby7hW0yfX1kZ47CfPsmffoTZ17vyomG9//wn+1998kZHpaTE+grbKTpxi1bptDE9LZfbMbAB+v2wd763ezJWXXURa6uA2+9TV1bN6fT4vL17J4aPHSUgIc/ml0/n4gsvalG1cFxjgv3zuDl5fsorN+bupq6tjysQsHn7wFlKHpLDojRUsX72ZytPVDEsbwoOfvIG8mdMINMQ8Xl68kpfeXMGdC+dF11xutW181iiee3kZh48eJxQKMmvGZD7z6RsZNnRIjM6cJPWOkNm/kiRJkiRJkhQzoXCQ2pq6eHdjwOk3n2xfMeeiptuX5E5puj15/GgAJo7LbBP8hWhguDH4mzV6JH9y38382Rc+ydWXX9xU5he/fo3aOKSYb962i5Ijx5k5YxKjRgxj1IhhzJwxiYMlx9ia/1Gb8vX18NqSVTzxzOuUHj9Bbs5E8mZms2PXPn76H4uorKxqt50T5af41589T8nR41x2yXSGpaVSuHs/P35iET9+4kVWr9/GzBmTyZ48lhPlp3ji6dcp3L2vS8fwwYYCnnjmdTJGpnH5pdNJSU5i/ZZCfvHUa1Serj6v8yNJ8Wb2ryRJkiRJkiTFjp/Bxka/yQBOSU7i548/SvnJyqb1cgG++tBdFBQWkZM9vt39Gqd9zpk6nm9+9b6m7ZdcPIXpU8bxn88uZudHxSxftYXr5l0a24NopqKyindWbmRQUiLXXjWrKdv26ssvZvX6fN5dtZm8WdNIHpTYtM++4hKWvLuOwSmD+PrDdzN1UhYAtZEITz67mJUffEjyoKQ2bdXWRrj1hiu44+Z5BALRzON//slv2X/wCBPGZvDdR/+Eoakp1NfDr55bzLurNrN+SyHTpozr9DhOnKzgkS99uqkvh48e51/+7/Ps3X+I4oNHmrZLUn8TCEAw6JsPSZIkSZIkSYqVYNBpoGOh32QAN2oe/G3UUfD38NHjHCwpBWBuXk6bx5sHJws/2t9DPeyaHbv2UVR8mIumTWDC2Mym7VMmZpGbM4ndew+wvWHK60ab83dz8lQleTOzmTLxTN/DoRA3LbiMIYPbnhuInrPLLpneFGQemjqYcWOi2dKXXTqdoakpQDTYcdG0CUB0+uiumDNrWovzmD5sKGPHjKTydDVlJ051qQ5J6osM/kqSJEmSJElS7PlZbM/rVwHggsIithZ8xOlWUwu/9OYKDhw6etZ9B6e0DY4OapYtGwz23qmorq7h98vWATBvbi6h0Jm2Q6Eg8+bmAvDe6i0tpqbeV3wYgOHDUpuCuY1Sh6SQmJjQbnsJCQkMThnUdL95VtvoUektyoZCoW4dy7C0luv8hkJBEhP6TWK5JHXINx2SJEmSJEmSFHt+Ftvz+k2krqCwiMd++iwAt1w/l0/fvgCAHz3xIhu37mT1+ny+++jnSGgWfBw1Yhgj0odytPQEazcWcPml01vUuXp9ftPtKRPH9MJRRO3ae4Ddew8QidTxoyde7LDctu172L3nQNNUzM0DxZKk2Ar4pkOSJEmSJEmSYs7PYntevwkAN8/wPXGyoun2ro+KATh0+Bhl5acYmZ7WYr9ZM6bwhxUb+GDjdsa8uYK8mdkMS0ulYGcRz7/8DgDhcIhJ40f3wlFAJFLH0vc2UF1Ty0XTJrTJoG10vOwk+YVFLHt/E1MmZhEKBRmTOQKAgyWl1NfTIgu4/GQF1dU1vXEIknRBaD3TgiRJkiRJkiSp5/lZbM/rNwHgj82fTXVNLYePlrHw+subtv/Vnz3Ir557iyvmzGgT/AW4+WOXsXZjAeWnKnl58UpeXryyTZl777iOieMy22yPheKDR9i+ax8ZI4fxhc98grShg9stV3biFP/8k9+yJf8jig8eYfzYDGZdNIXfL1vH5m272b6riJyp0bWPayMR3lq2lpOnKkluNq21JOncBXzXIUmSJEmSJEkx52exPa/fBIABbv7Y5W22ZY4azje/el+H+4waMYyvPXw3z770B3btOdDisaSkRL7yJ3eQmzOpx/vanvp6WLp8AydPVXLNlbM6DP4CpA0dTN6sabzx9mpWrdvGuKwMxo0ZxQ3X5PHSmyv4l//7HFMmZjFi+FB27YlmQRv8laSe43sOSZIkSZIkSYo9P4vtef0qAHyupk7K4htfvoet2/dwvOwkVdU1DE9LZVzWSMaNGdVr/Th0uJTN23YzPC2Va6+c1Wn5a6+cxaq121i1Lp9rrpzF6Ix0bvv4VWSMHMaiN1aw86NiPio6yGWXTOfGa+fwf598mcrKql44EkmSJEmSJEmSJEl9UaC+vr4+3p1o7kuPPg7AHTdfzZ0L57V47Knnf09NbS3XXX0pUyaOAeClN1ewfec+Jk8YzadvX9Dr/ZWkvmLDlt3dKj98SCKBQKDpBzjrbZrfBgJ0UI6WU3acbVvr212539n2jnS3fHLKBfEdKUmSJEmSJEmKu8qK2nh3oU8r2FXUrfL95tPtd1dt5p2VGwGIROqaAsDvrtrM8bKTFOws4tqrLiFj5LB29z92vJwDJaXsKz7M6apqRmekR39GDScxMaHXjkOSJEmSJEmSJEmSYqXPBYCTkhKpqqrm9OnqFtsnjstsuj0u68y0zVmZIzhedhKg3eBvTW0tv/j1a6zbtKPd9oalDeHaK2e1yTaWJEmSJEmSJEmSpP6mz00B/f3/8ww7Pypm6qQs/vrPHmzx2KHDx6irq2NM5oimbaerqtlTdIis0SNJHZLconzR/hL+7l9+1aV2h6UN4Z+/8+XzPwBJihOngD47p4CWJEmSJEmSpL7JKaDPrt9PAZ2VOYKdHxWz86Nitu3Yy0XTJjQ9ljlqeJvyg5ISycke325dj/302abbkyaM5uPXzmHmjMkMThnErj0H2JK/m5cXrwTgeNlJXnpzhZnAkiRJkiRJkiRJkvqtYLw70NqUSVlNt1947b1zrueZF96morIKgDtuvpq/eeSPuHLORQxOGRRtZ+IY7lw4j7/7y8837fPy4pXs2LX/nNuUJEmSJEmSJEmSpHjqcwHga66YyaW5UwHYvfcA//bky+w/cKRbdRwpLePt99YDcGnu1LNm9Y7JHMGffeGTTfdXrdt2Dr2WJEmSJEmSJEmSpPjrc1NAA3z94bv50qOPA/DBxu18sHE7E8dlMnVSVlMGb2tTJ2WRmzMJgAOHSpu2583K7rS9Sy6ewvixGRTtL2HfgcM9cASSJEmSJEmSJEmS1Pv6ZAAY4OePP8pLb65oWqN3z75D7Nl3qMPyI9KH8v2/+RIAxQfPZAznTG1/feDWcqaObwgAdy/bWJIkSZIkSZIkSZL6ij4bAAa4c+E8MkcN58Pteyg+eJQDh45SVV3Tbtl5l+c23V54/VxWfPAhk8ZnMjI9rUtt5eZMZP2WHS3qkSRJkiRJkiRJknpSpK6O2toIkUiESKSOuvp66uvrAQgEAgQDAUKhIKFQiHA4RCjY51Z0VR8XqG8cUZKkfm3Dlt3dKj98SCKBQKDpBzjrbZrfBgJ0UK7Z7862tb7dlfudbe9Id8snp/Tp70hJkiRJkiRJ6meqa2qorq6lNhLp1n7hUIjExDCJCQkx6ln8VVbUxrsLfVrBrqJulffTbUmSJEmSJEmSJClGamprOX26mkhd3TntXxuJUFsZoaqqhkGDEkkIG97T2TlCJEmSJEmSJEmSpBioOF1FdQfLm3ZXpK6OUxWnSUxMIGVQUo/UqYHJALAkSZIkSZIkSZLUg+rq66moON3t6Z67orq6hrpIHSkpgwh2c+k7XRhcNVqSJEmSJEmSJEnqIXX19Zw6VRmT4G+j2kiEU6cqqauvj1kb6r8MAEuSJEmSJEmSJEk9pKLi9Dmv99sdkbo6KipOx7wd9T8GgCVJkiRJkiRJkqQeUHG6KqaZv63VRiJUnK7qtfbUPxgAliRJkiRJkiRJks5TTW0t1dU1vd5udXUNNbW1vd6u+q5wvDsgSZIktVTGzvW7OdJwb+SU2UxNi2uHJEmSJEmSOnX6dHVc204YYthPUY4ESZL6lc389NHFrOu0XBp3/9UXuS2jF7p0Npuf40v/sTd6O2M2f/dXNzImvj2KgZbPyZzPP8pXZp1nlaXbePWV91laWErZKYAw13z5Ef5k+nnW22/sZfFTS5qd09nnf04lSZIkSZJiqLqmplfW/e1IpK6O6poaEhMS4tYH9R0GgCVJkvqSg0v43uMb2Nvi74VaKgbaUi4lS/jOP23gAAAT+Mrj9zInzl2SJEmSJEk6V9XV8Z+Cubq61gCwAAPAkiT1Y0nMuf0a5gxr/7EJTpnbD1Wx6rVmwd/UdObMmsCsKSMYMyGuHetls/jK46b8SpIkSZKk/iFSV0dtJBLvblAbiRCpqyMUDMa7K4qzcP0PhxAA6qHl73oIBKK/W2h9v/n2ph2a1dR0v1mxVvU3lu68/taPt9NeU7tnHm59XB3W30Yn9bfd2ra9rhxX8/banLdW56+d+lu32/lxNW5v77jO8nx1u/7W2tbfleM6t/qbD4BuPF/tjrOO2m1efxefr27V36rDXXm+zvb/qr12zzb+Ah3U37YXvXO9aO8weur/81kEQgkwaDCBtFEERo4jmDWd0KSZhKbNJZAx6az7SrE3iAm5s7ky3tM8qwftJX9X4+0kbn7oIe6dGM/+SJIkSZIkqTO1tecZ/K07xJJfvsw75PL1h64m4zzit7W1EUKJBoAvdOFAQ+yjMQQSaAicRLcHCARaBWYCHQSEAo2/Gx6rDzSvqElH9Qe6XH+rgFBT/a3bbdl8oL7V8bQOODXuTtv6o6U7qL95t5u31/Bvm+NqHZAMtOgN9a3PW/MCbepv53y2qr+p260Dg4FW7bU+Ye0eV7PjofVxNTs82nmeGvdqVX+b42q833j+Wo8/Wj1fHdbfegC0V/9Zxkerds/U38H4a91uN+tv1Lb+bjxfzdtr/Xy1abdVe7Sqv81xtXs6e/96QTevF23GfQfXi7Ooj9TAqePUnzoOxTuIbFpKTcNjwaxphPJuInzFnYSmzO60Lik+Snj1n37FiyXRe3M++0Wu2f8ST68o4UgVkJTGnDs/wVeuyqLmyAaefuodVhXVUhMMM3L6TL742RuZmtxQVev1fL80gqVPv897e05RUwcp4ydw212f4ObJg7vWtboy9q5eztPv7GBvSS01QMLgwUy4NI/P3HwlE1IBqlj1xI/4xdboLmkL7uWxu1qmwh546xd8540yAFKu+AQ/uP8iAMoK3+PpV9ayuaih7tR0rrzjNj5zWQatJ8LpTtku6+R8JaRncdtn7uS2yYNpf23nKhb/8HEWN+7fuH5yl85b23PDpTfzg2tL+MXTW9hcWgtjL+d/fSOd55raTePub9xMypIlvLi1lIpaSEjL4Pr7PsW9MwZTVriE//xtw77hMBPmXMdX7p3NyGZ/T9SU7WbVu++zdF0JB8qa9+0qvnjXbEaGaTX1c6O9/PTRx5v6+fPP0ex8tF3PuubIZha/9gFL80spqwKCYdLGZnH9jddx86zmz9nmlvX8xacYufxVXlzbOP4HM+v6hXzxpsmkdO/ZlSRJkiRJahI5n+zfukOs+NVrvLEvAmziR78K8/U/nnvOQeBoX5wG+kIX+p+3Jv5PoOsZko17djEjkRbl29ncrcy+dgKBrQOenbTbYYZku+UDLXfoJFOwo/pbBKI6O55WGcydHk879Xd8Hts5b60bOtt5DLTpZScZuuc+PuI5/lq3e0Ynz1e7DXR+XB2Xb++4uvZ8dS2j+tzrP7eM6i48X22e6E6O66zlO2jvbNeLbqovL6Vuxxpq//AUka3LCITDBCfk9kzl5+BgyfFulU9ODBEIBJp+gLPepvltoiH5dss1+93Ztta3u3K/s+0d6W75hIS++i25Ej5YvLMheDaIGdfMYfpZ462n2LF8E/mnovfKdm7lve0nqGh8Txqp4sCHO9gfPM7iJ99nc1kddQD1dVQcOch7u+u47ooJDAIo+ZCXNzQEE8OV7FyxjY0lNdQ1/J+qOVHGh6s3sz8rl7mZiQ3dbbbP4NFcf80UUgHqinn1h0/ys5VHOHaqoU2grqaGY0V7WfZeAaFZeUwfEmZc8hGWrCulBqgqqWHyx3LIbHo69/LGb9axsxJgMNfffyu5Q+HAkl/ynWcK2X+iWd3VlezdvImlh1K57tLMprfB3Snb+XMCY2bPY25mq2OvO8a6ZTvILz1zvuoqy8lfvYNQ3hymD25ZRxuN567L5y26/eSudSwtbFg8uP4IH76zhx0VDXslZ3DdNYPJb2o3wt5NW1hXVElNQ5G6qlPs3LCDqsBO/vM3BeyvbHygjrL9u1lZPopbc0cAULP1dzzyrytZ91E5ZVWt+7abJdsqmXvlFFIrdrN0+UFOdnSso6dy56V0OM4rNv+Ob/1kLRsPVlLVOI7r66g6UUb+hk28dzSVa2Y1PmfNz2uEA5vXsXLnqWbjv4aSwm3/n733j6+rKvP93/vkpGkTaiCEQFJ7oITWxHJskhaCEOiNlYgtlqo3o/QKHcd6r8z1ol/RqzgjL194r9XvHb5z9TrDzICDKBfk5ooFLcOEqbEQkEAbUgO0UEolpQ3EUIglKSFp9vePs3+stfba55yU/Gjhefuq55y9136e9ay19uIkTz77YWfiHJqr8/zDBUEQBEEQBEEQBEEQBIM3R9/CjU2YZGOE3v+7mbv3vBUcGX+9nycHT+KCpeXHnMYtmnPiJYDH/V9ICVZefe1Pk2of/nbbAZzg1/nha3DcCV4d/IQB3qfwFe+49xbdvulete/7Ve076P9T7SufPfvR3+07QVyaP88+EfumX9W+EpfhIjyg2jficpzgVbUfjGMkLoJXzaGj/jPmyZgvLZ7YcTPiMuxr42iuh4j96PqwzpfqQ4srXDiR9WfOl7r+lHWo2o9df+Z8qX1V58tRfBnzFY1LHy5t3Kxx5bH+bOPmfzbnC32+bPdVZP2p928+9lXy2S/Usctnv1DHLud+YbNvjqZtnizzNUUcfe5x3vyH/8LIN5sZf2zz1BoXhFiG2Pz9m/j8dZZ/399qTSaODI9SviTNussWkQryXaN0P9BL37wyGi+ro0XNKO/bTeeAzfUQfUeKqF5eR+tli6ier9i6+366R7P3fO+v7mPzfu9DwmJn/BCb//4+dk8ANXU0lXnHj+yj+znF0HM9dB7y3i88l5YFwIvt/PD+TMI4tF1L2lOQjuzcRptvYzJt3w5HRhmaKKHmwjrWNVcoqtkh2rftAVK0fGYVGz9TS3VwURENl69i42dWsfGKWsonO24mA0NBbeHCkiJK5yWNBuOMDBeRWm70cWKI9gf6GCmvoOWyOhoXFgVXjDzeQ7dvs7aWxnlAUQnV6UU0X9ZEa3MVlb6bAz1sfhooraX1M6vYeHmKsEx1Gc2f8WJdmaXY8ZHt3PrTfQz5PiuqaLmikZaa0uAHoqEd7fwwWBR6fEOHoXxJLesuS1NTHp7p3/YYu+O9CoIgCIIgCIIgCIIgZGXimJK/MPDQZn76zFuR40ee2cY/PvTKjPZFeGeR1BV3rvdRefWO47/EKe5cMhkV1/Uel+xmHiebtQaw6yn6TH8WFL+BfQx/asbIBWLs+5/j7IfY7Pt+be0t/nzjeSlE7XFhxhUcjYvLjbSPuDTHUY1LjcdiP3zNTwFsny97pzLTFrP+Iu3N9/b5wozLJWtckfmKeR/EY6z78LHChn3XNdZ9DgWwa7fvj19kaCL2c6yHyP1szJMTvX/19sb6cCzzlfV+tsQ1qf0ix/oL7PuH9PU3Xf8JnNi/izf/7gskH72HOZ++gUTVOdPkSRCOkZqVfOvzKygGWkrv4i/vPuidKKHlc3692cVwYxvtQwBD9L0CROoMJ2lY/1muqc8ki1uaerj5v2+l+whwpI/OnaM0nF9kXpRhopf2zuHATtPnvsiGmsynllW7uP2G++k8Agzvof3JUWqWp2i5uIz2ew8B43Q+up31NSsoBHqf3MeIZyl98XmUAt2UFAusAAAgAElEQVTbehn0+3j157kmXeTZXuTZHqVz+y42LKmdVNu3RwktX/xCUM+36T238dV7M0nKkf0HGWQx1fV1VFNA9x27vGuMGs+THrfo+KcuWcu1H1tMaZCA7tXOl1+ylm95j9iuOfojvveQl8lPVLHhy1fSNA+4pJSRb27LXDkxRP8gmfWRqKX1a1WsLy1V/jq1keaKcJ3tfaEP0inS9VUw8Cpbft1HRiN9EjX1dTTkGMX+zh56/eT2wkY2fbkpk0S+pImWh8Ix3bttO31NLZip5PJLWtnkxbfm/GK+c2MXfQBHBtg7iJYUFgRBEARBEARBEARByJdjUf8e2f1rftRxOPb8gY77+WnFp7i6ZnKFq45NiSy800jqcj/CWqVeiiVa01NvP9U1gB3HknBS/fl+XEf3FzQw4jHj8v1hj8tW4zWTnnICv6r94FWLyz/sxNYqDRK5vj9i4jJqABNjXxtHx4m0D9ya86UWmbW0j6sxHJkvIyEemSfMuLDH5aofjfWnJiTN9eebc8J5yjQ34oqxH8SDbt/MEk5VDeBI7evgAt1vEI9jrL+Y9np3VPvGOjTnyXJfReZL9WfYN+PKe/1N+37h2OfLbD8NjD/ZztHfdzBnw3cpbL5q+hwJ73KKaLi8iYaTLafmVWDLZaWXpYNap4WqAnReFekz/Q9zKY7J3YbtF9FcryiF59XRcl4n3V7CcO+LfXD+Yvu1AwOBEpV5i2isUc4lamlc1k7nY+MA9L30CixPUdqYJv2rbZnk3649dI+uoJHtdGwf9+wsprm+CDhI3wHf2Di9v7iFr/4yND/iK5P3H6Sf0km0rc3U3z1WSs+m4Uzl4yknAZ5KdWw8qC2elWMYN43yOjZesVhR3ZoU0VAXXlNcPBfwBuHMhaT9WtBFRbGPHypODNH14CN0P9vH3kPe3IyHcvChoaGsIeai70B4ffWKtBZLaf1iqu/tYi/AoVfpG4WUto71+CgtpRzo8z/LU4YEQRAEQRAEQRAEQZghxl/u5B/bDnAka6u36G3bzAOf/xSXnVEwQz0T3imEv/nVEiHZlZ9he0W5F6Pgs9tX/Fjsh37Ny1QFXxaFZ6zf/BSzEcWql1CNCSH6Oeh4nKLaiCdG4Wn1kUuBCYqC1lRIWuLSFKuWeDS/ORS6wbW6/ViFcdx75WBEQes3zrL+AoXnZO0fJ+vPSGlH4oq3bx7Poei32s+iMM7TvqbQtcQ1pfuFty7t7S1xRTo2vbhHxxj9568xsX8XRVd/d2acCu8yDIVoHhTOi8nszi/JkhjMr72aMBw58mb8tX885Klu7XZKTy4BTxcaJAyLVtCU3kbvTmDiIB1PDNEwb0+gBi2/oI50AuDVjCLVY+zwKPEpx8m0fZsUFTC5v9W0cCzjprKgIkcSey7F82JOvac05/oYe/oerv9J+HjmqWeAQeXJR6WlRo/mq30cZmgIQ7meJT5BEARBEARBEARBEIS3geM4+StvB3/Hj255mgP5/A5l4jBbb7mbwv+0nlV5/g7Qmer6h8IJSZgA9hR2fkLGVAD7QjtHzR2Bkjz0kkaq4s43Z7FPDvu6clLB8ZN7ocJTVzBqjRXFoxlXnH09rlAJaSg//Sg0BabiL6Is1eMKc3C68jFUzNrsK+MYUULaxy1ynxtKy6hC0hgMQ8GszZfVvh6XpshVxxH0+fLjwpgvxxg/2/pTOh4qtm32/RM2+/a4AoGpOV9Bktmy/oL2jmHAMl8R+8TYj95XkfWhKaTzWH+qgXzWX6SfUeW0Gdek9gvFfF77hRqPeZ8E7mLWn3W/mD7GHvxn3NdfYe61P54Zh4IwExweZgi0hOLISJj0LZ43N/7a08oopy+TzLTYGXp9OHivJvkazl9M8c49jAB7tz9CG/7jq8tovthXdp5KZTlkjJew5mtfYN0ZcR05OIm2xwHHOG4zwxCdHWHyN3XJWq65bDHlRcCTbXz+jr6sV+dHBeWnA15N6kySW4nz8JCSwC9hxodAEARBEARBEARBEIR3LQnH4Wiev3A+tHtffslfn4nD9D73GqsqTsm7L4KQ1BOaOWp6ukQSLAFKAiq+BrDdfqCEzGlfP+/bj1VkxtYYtjjJV0GoKAn97mrjZ/rzjWeLS/VnUWQqWcFJKlbj4vKP2+LKMl9qPHnZ199mq8GaLa6c86VmDW01ZZVHYmeWRRaFu2Wdxb73/eVbAziw7+ZpXzHnot9XtvnKVgM4Lq5s68+sAezqidr4/SLOvnEuZw3gfJ9EEGPfeGtXOuv313Qy/sQWjvyPK5n3tbtmxJ8gTDtH9tHx5DA1/mOgJ/bQuSN81G/1mWb1VYWKClIJGJzI2OnaDTX+44wn9tDVOx7aOVuxU1NHU9ke2g8B+3fR4R9fmqY5SPZVkVqAl9Qdpqurj3VX6H0Z2t8HC1OUTqrtccCxjtuMMMpIkH8uoqbOS/4yTNfOg/ZL5hUpqugh+gew1JrWSS0ohd5Mmnfv9l6GmpqCuRnauSfz+GeAigqqcz3GXBAEQRAEQRAEQRAEYYooKEhwdCK/rG7ZBS38p5NfIb76r0kxZ9bkl/z1+yIISb1mLYayzlYD2JaQVJV1frJIVxb65Krpmdt+qNzT/GH61d2bNVjDRLHv17ucqP1M6xj7ardVf97/R+IyE5KO1hulZq0TbRCxbxnPmBrANuWo5s8cMGtcOWrKWu0b8cXUAI4ol/3xM9cfxnzF2jcXgM1+lvVh+A3tx6y/SdYANu37RO1PYr5Uf+Z8Rfwa/jDsR+KyDufM7xdMcr+IrPuY/WKGOPr7Dt784edECSxMIW/S93QPXQds54pIvb+WymlLgo3TfedtfG9XLQ2nDdH9yD72+gnARBWNy7I4TqRpaXqE7oeGgXE6f/wj+ustdsrStCxVL0zRcnEZ7fceUo4labpwhVaTtmFlmvKdvQwCgw+18dUXUzTUVlL6p356n+5j71AJLV/5Aq0LJtd21jnmcZsJSik/DU+dO0r7bbcxdlGKkV276Hpx3H7J/BTVZV3sPQQwxOYf30PhZWdTWlJFwxL7JZVNdaTbvVrQ+7u4/vv7af7gQnh2Nx27Q/1vuvmCt1ezWRAEQRAEQRAEQRAEYRIUFBTAWMzvQEyS5Zxzbvn09kV41xOpAayn2XIpWjMtp7oGcGhfv9Sq4DMTnln9ZlFIKu0j/kwlZBYfesLJXqNXey5xVgWzJQYjTi1hbdTojfZNH7egBrAaV5yvjGGr8lNbPP6LSySuqGI1V1zTvf7MBHJ2xXNWBWm+6y+LfS00iMRlVaxmjevYagDnYz/v/cJbN3nPl2rQ4jQfRXVk/EzFdLb9YgYYf2ILoz/9ptQEFqaIUbp/vZVu67lS1n29ljWTqA88KUpLSY0PsXdHT6i6BKCIhqvX0pgj8Vz9sbWs23cXm/cDE6NRO8ky1n2uhWrjDxZLG9Okf7UtqP1LWS3NNXobzmzh2tUH+M79hxgDhl7so+NF9RHEw3Rt30frgkWTa3sccKzjNv0U0bi6jvZdPfRNAIcP0fFAJlFfvaiMvfsOWa5JseayKjruPMgYwOA+2u7YB8tauCUmAcy8FWy8uo8bfpp53PTYwEHa79UVxqXLW9h4fskUxiYIgiAIgiAIgiAIgpCdZPL4SboeT30RZo/w14MO4Pi1QpXX4LgTvDo4OE7mnHcmeMWJ1qMN7ZvuVfu+X9W+g/4/1b7y2bMffay5E8Sl+fPsE7Fv+lXtK3EZLsIDqn0jLscJXlX7wThG4iJ41Rw66j9jnoz50uKJHTcjLsO+No7meojYj64P63ypPrS4woUTWX/mfKnrT1mHqv3Y9WfOl9pXdb4cxZcxX9G49OHSxs0aVx7rzzZu/mdzvtDny3ZfRdafev/mY18ln/1CHbt89gt17HLuFzb75mja5skyX7PA2IP/zFjHz2avA4IwFRQtYuPXVtOyqIRC79tEYVkV6665imvSeSTfElWs+fKX2LS+luqKZKDgLSwpofrCJr71159lja0eb1EtDWeHH1MXr8D2sOPKVZ/lB9evonlRCcX+n7slkpQurKJl/ZVs+tiiY2o76xzruM0EZ6ziur9spGGh169kCdXNq7l25UmxlxQvv5JN1yjX5EFx+hP8zQ1raV1WRqn/hwaJJKULU6z786vYtD6tPFpaEARBEARBEARBEARh+ilIJEgeB8rbZEEBBQl5BLQAjvuDklD4h6noU8SqPnEKPRcC6atqwXzErWJXezRrnD+rX5t9u5LQZt/WfXtcNvuGQtdUrpr+VPtxcan+8okr2pu3VQM4EpfRzLSf93xZ7WdX6E7OvkmO+cozrnj75nF/gcXPl3X9Gevy7di3rr+87ZuBG/NkU74bA2WLK6s/zc507xdmh7Ksv1nAKShk3nc7SFSdM2U2e57aN6n2p5w0R/sDDiDre9T3KKl/s53ymuuY+T6fz7mOxzHZ9vOKk7kbvdvobePzP/HUsRV13Pj1VTP/mN2hTr5zYxd9AIkqNv63K3OqjQVBEARBEARBEARBEARhunlrbIyRI6Oz2ofieUXMKcz3z+yPL46M5PkI7Xcpz76wf1LtE6bizvi1fqhO9Y6airtAy6coSjUpn/9Zs+/nEWzKyzCZEFGU+n4cpY+BfcW44V6Ly/cXExdaXGFb1a9qP4gNw58Sl5MlLk3daosLS1yGfXMco0rcmPnS7Duafet8KXMcXR+2uIy1pMWFPS7tlDFP5nyp8ZjzhRKfbZ4s4wZR+xFNqWV9BAOk+tPGzfBnzpf6P82vMeYW+9b1Z8yXOkLafPnx2OYrcj8bc2Zbfxb7WdefbdymdL/wx82YL3WNzyLu0THe+vmNs9sJQTgB6Xv4KfwHNBevqJPkryAIgiAIgiAIgiAIgnBcMKewcFbVtwWJxAmb/BWmnnAlumjyR9d/dQFX+ez/zw3ribrqNa5rV/1p9hU/Efv+cdc7rv7Pa2v4BaDwJDi5GifVBKdUw5yT8o5L82Da9/vmxqgNzbhc9bg9Ltc14rHGZbGZzX6kz67uLy4u3Kh99Z/mN3ptZpqUNWFro76qdm1+jcC19aHOV5b158+TO1n7b2f9We2bx3OvPz8ul/i44u2bx21xoc9TbFzBlE/avrb+jLimfL/wx0q7r7LMl5vN/swz/mQ7449tnu1uCMKJw8QuOh4b9j6U0NRUO6vdEQRBEARBEARBEARBEASVuXPnvCt9C8cf4fMtfRWe94hUB+/V8V4zL5nXoD3g6ppN11PeRR4Ja9gnh/1AyWgmabwTrut49h0Szd+FFV/UQwHc7X+H+5vrY+KKs6/HFcTjCQcjj6AN2qMEEL46gV89riD5pEk2vbhi7SvjaNp3DHPGOAa4hj91vlR/vjPXiEedL6t9Pa7QvjGOhOOpxeWfcQ1/fjPb+lM6Hviz2vdP2Ozb43ICQ3pcwXo349LaO4YBy3xF7BNjP3pfRdaHElde6081kM/6i/RTtW+Pa1L7hWI+r/1Cjce8TwJ3MetPna9Z5q37fkDygnWz3Q1BOCEYevQxOo94HxaeS8uCWe2OIAiCIAiCIAiCIAiCIGgUJpPMmVPIW2+NzajfOXMKKUxKSTshxJn4QYmrJXwgkmjSiEuYmAkoI5GnNTPsa4mfrPbN8w7O2ttx3vfxzMf+7bgvtOOc3QKVKzKX7f4l7r0boglBm/0IlniCuKLdsiaI84lL9RcZN2P8LPatCbS8/NriyjJfk7ZvErWfT1zHZl+Jx5nEfFnXWZxf1X6e8zUp+0aH85mvbPeVzW+29efE2I/2Ymb2C1sYU3U/zzJzv/C/SF7U+rbtSA3g7EgNYEEQBEEQBEEQBEEQBEEQZoI3ho8wfvTojPhKFhRwUsm8GfE1nUgN4OxMugZwUKPUf/VORGt6Zn7Zb9bc9I4yFTU9c9v3Xv3jZ30oSP66W/8rE3d8CPeR7zHxsw/hbv2vGT81H8dZ9CE/TaHYN+NyggRHXA1gPS4lHjOuYDxttVf9VyMe3485bqrxiH3Tb9S+No7meKr+In6z2McWl82+2TpqPxKXdsoyT+Z8xdpX4jHnCzMuw5/Frz0u1b7hd5L2I+vBuu5zzJfRncj6M+cr1/qLsx+3/mxxBffbFOwXyr2Yl/3Iulft2+drthj7zc9muwuCIAiCIAiCIAiCIAiCIAjCFFFcPHdG6gEXJBIUF8+ddj/CiUekBrCrfMRWc9P7/+msAazW9CSo5hmt6elc9M3MVT9fjbvjHzT77o5/wP35agCcpm/q/gy/WtVQza/St7i4wsHCbxa8GrVKg/jMWrkuWlymzch75V8wX+pcqLVQ1XgibUzjim1rH3LUlFXnK5/1YYtLOzXd68+fJ6xxqevDtv608Yuxrx/PXQM4sv4sfvOP69hqAOdjP7L+LHEF/iYzX6rBfPYLzb5lv7Cs+6xxzRJHn3ucoy/0zHY3BEEQBEEQBEEQBEEQBEEQhCkg4TiUlMwjWVAwbT6SBQWUlMzzlJ6CoBMmgBVlXaCWQ1XchWrEUIFpqDJBURKGIsLQvuleV/RpWkhf1afrI0P7c+ZD1fnwxsuwvzNUJSq4fY9kzledD3NOCv35qsCIfdOv0jc1Lj0E5YBq34hLUSOq9jU1sn+tZ9eJ2Fc+R+xH50uLJ2I/Ji7DfnDGYp+I/ej6wOZX9aHFFS6cyPoz50tdf8o6VO3Hrj9zvgxlaWR9WOYrGpc+XNq4WePKY/3Zxs3/bM4X+nzZ7qvI+lPv33zsq+SzX6hjl89+oY5dzv3CZt8cTds8WebrOGH88ftmuwuCIAiCIAiCIAiCIAiCIAjCFJFwHE4qmcecOYVTbnvOnEJOkuSvkIUkLplEi6KSc9RXU5WqtVdwyWRUXBfXa+C6DtlrALtebU/TX4hz4fU4Na1QthheeRKe/xfcR7+Hc3pdpsGhPYrCT1noLuC4uIeexznpDDijDvo6cS66Huecj2Y+D+7GffEhJh78akxcRjzqq7W9JR6/M3FqQ9NfYD/0hxlXcFQfN82f1b5yyCU+LjUei/3wlch86U5s9o15MjqVmbaY9Rdpb763zxdmXC5Z44rMV8z7IB5j3eM6QQvNvqeCDde9VeSqvLfb98cvMjQR+znWQ+R+NubJid6/sfuF4jfX+gvtWOKa1H6RY/0F9v1D+vo7jgTAABx98kH49A2z3Q1BEARBEARBEARBEARBEARhCimeW0RhsoA333yLoxMTb8tWQSLB3LlzKEwmp6h3wjuVpC73A8dLBDleisVx/ASa92q0DxJZjv/qnwhVjyqOqx4O7Tuu4Q9w/ux+WNgUXnx6Pc7p9Tinf4CJ+/4cZ/wIlNfq0kE/q+O7L6+B8SNw4HGcT9yFs3hNaK+8Bqe8hsT8Bbj3rA+6HSScvHgy6SnvNYhL94MWVxBBEBd+nGddQuKKf4T5lVgZO4L7x11MPPpD3Gc2Bx0quOpenEUrcf+4m6N/f0FG//iBT5Nc/TfgHmXiwRuY2PHTjD/HiYwDQOLi/4fEv/uvMPIa4/d8AV54KBOPP4FGe+t8efYj82UkxMNxNMbPUeZJzYA6hj9//NT1pyYkzfXnm3PCeco0N+KKsR/Eg7HOjSyhbX0oA6Qkf/XDwX3l6OPmmAlWw28Qj2Osv5j2endU+/o6jMyTOV+OZb5Uf4Z9My7b+kMbt6nfL2z9DMfN8Ge2Pw6YOLgHd+APOBVnzXZXBEEQBEEQBEEQBEEQBEEQhCmkMJmk8KQkb42N8dZb44wfPTqp65MFBcyZk2RO4dSriYV3JpEawP4HXzkYrSUa1nt9+zVY7TVewYUPfiOT/D34OO6vrmbib+bj/mpD5rJzLsdp/Arui7+F4nKc879ste+c/2UoLsf9w29xLrguSP66927g6Pfeg/t/Pon70u9wlqzBafoGYQ1WPR5f1GhVG5p+XfW4rQarcsGfDuC+8nT474+7wZ3AqWqg4PIfkFj+F7pN06/P3FKcD3za6LMb+HNdF8qqcdL/HpJz9bhsalf1n+bPjVxr1gB2bW3UV9Wuza8RpLY+1Jq5WdZfUOZ1svbNeQriMeIy/MbbN4/b7yvNh2ffJT6uePvmcVtckKsGsDY9x2BfW39GXFO+X/hj5arrL8t8udnszz5H9zwx210QBEEQBEEQBEEQBEEQBEEQpok5hZlHN88/qZh5c4uYU5ikIJHwyohmcByHgkSCOYVJ5s0tYv5JxZlHSUvyV5gEoUbcV9EaSshQcUcoIAzaEyr3/Meqqoo735zFPjnsO6VnZuzt+Dt4dnNGP/rsLzP1fJf/ZyhbAo/9D6j+KM7KG+Gtw9Dz48CfU/c5nH93Y8bG7/4GZ8U1mffb/w5392Ycx8Hd9284iST8+w9C2ZKMDyOuUAlpKD/9KDQFpqKwjChLvX4FBXDB3fsbJn79X/QZKa8h8Ykf45y+FGf5n0Pv/4G33jCmTZ0I70jlMhKNX2Ci6x8zn/1x8BwnzvssTvniYCr8zSSqkDT8mApmdb4U+wHBfJv2jXEkHM+gU+oZU1nqN7OtP6XjoWLbZt8/YbNvjysQmBpxBXNoxqW1dwwDqnI1zj4x9qP3VWT9aQrpuPWntlcMOIY/bPbNfkaV02Zck9ovFPN57RdqPIYS2id2/anzdRxx9A9Pkbyodba7IQiCIAiCIAiCIAiCIAiCIEwjBYkEBXMSgCR1hekh4QtSbcq6iGLQtfxTFX6gK+48m4HaLsY+NvvzyjMtX3pEse/iDvRmej73ZNyD23Ef+S4AzqV/i3PNcyQ+vYXEXz6H0/K3mes7N8HBJ2DO/MznA9s1PxP93Rl7RSdZ4lLisSgJ3WDc0ONSr4FIbEprYzzB/eMu3Of+BY6+hXNSBc6CFVGlok0NOqcYZ9mncOeUROaF8vfhvO8yKCj0/BIqMiNxZZkvv4/mvMetB19F67qafW3NhSFFxk1bfzH2tbVhmy/fiTpPMXFh2ozYj85XYEsZx3C+bPaZhH03uDci95U5X0YfrOvP5teMRx3HiH1lvcfez9nsG3Gafc5z/WHaOab1p8zXccTEwedmuwuCIAiCIAiCIAiCIAiCIAiCIJzgJHxBavDqnQhrbmbUopnTymfvn3cUvDaZBplrUT9nsY/N/mvPZ9ot/Q+KfQfnA95joF97IaPge/R7TPzvD8NLv4OJcUhdnHl96XdM/O8P4z66KePUt/eB/+D1PeMnkc7U/uXQ3kw8Wlxe3xxbXEo8ZlzBeFriIrQRxBX49c69MZCJobAYSk5TVKEEvjXl7cirMPIqzulLKbjoWs+P9z/HIdG4EeeUs3APvQBvDetxhT3X58salxJPJC7LenDM1lH7aPbNU5b1F/jNZV9XtkbWn9Wv58/i1x6Xat/wO0n7jtV+uO7zmi+jO5H1Z85X3PqzxmXEk+V+nrb9QrkX87Lvfzbny4mfr9nGHXxptrsgCIIgCIIgCIIgCIIgCIIgCMIJTqQGsCL2w1QS+iq6UGEXHrMqElVC4at2MNb+81sAcBq/AuvuxFnYhPOp+2HBBzMte27JXJOcBxPjuJ3fwb3/P+L+fHXmtfM7cPStzHkX2OPZW/RhEldugYVNOB//3zgXfCVjb8+vFaWloRjMFlc4WPjNglebQlIbXeyKxIoaSM6F0Tdg6CWLAtgYy/G3mHiuHZwCnJrLccqqAyUkiy7GqVkD46O4u/9FV6yanTdtu8Zxc669uFTFJ77ffNaHad/VP07/+lMUrZa4VAVtREFqzGWcff14vP1gvsz1Z/Gbf1w55utt2PeP59wv3EnOl2own/1Cs6+sP3OsVX/Z4ppl3KE/znYXBEEQBEEQBEEQBEEQBEEQBEE4wYnUAI7W9PReMy9vswYwRtJFte/79XipE/dnF+H82f0451wO51yeOf7Gy7j3XYVz8lk4H7sNTjs3NrjA1iu/x334O0z8uJHEFbdDqonE+vsz594cYuKfm2Cg11MO6v0MawArcalhaO2VeMy4AoGjE1zkBJ+9T++pwmn8zyTO/ffgOLgv/x53/++iIkWLaNF9dgvuwvNxyhfjnPdZnAf+GoCCuitx5p+Ou+9h3Jd7w8vj4tJs+xPoT7yxHgiFomFH9D66+PYNf9b2TrBwwnHT18XU1AAmOl/EzJfWPgw4GpfiT7EfGIjEZcSjDLnaz2gNYCM+rX04X3H3lRMZB13xm9V+pJ859gvVXz77RfR0lv0izr7ezWgNYMt8HU+8OTzbPRAEQRAEQRAEQRAEQRAEQRAE4QQnqSfEXO+j8qqqAn3VnJbBIzznJaBcr4HrKglEtRl+Psz1Ej+mP49Xfo9754dxzlgO70nBod24e9vh1PeRWP1PMPcU3D90wOAuGH1d84MLzCmG087FWbQK5/J/wr17HUd/cjGJ910Bp1TjDvVB/w7cwd0xcRnxqK/W9pZ4/M4EysZQeujUX0VB/VWWaXFxX9rOxL99OzJ+qjn1qHvkT7hP/QKn6cs4NZfDU5tx5p+Os/jDmST3jp/CqedAQWFE8RmJS+2HMi9mXFkTaH4CNGLf/2xr79l1Y9ZfpL353j5fmHEF45fHfMX6IozHWPdq1lSz7415uO4tkWm+7Pb98YsMTcS+ReVtxmImrNV5UhLK2jW2/ULxG+vPjNMW16T2ixzrL7DvH9LX3/GW+wVwj47NdhcEQRAEQRAEQRAEQRAEQRAEQTjBSYbSQO/FV0Yair5QCaq3V5V7vsIuc0JXFvroyj2bUtbzc0YDTsNfwqJLYe4p4fUjg/Dmq5ljj2zK1PhVsWV1Lroe56LrSVx+C8w9GUoqwhBGBnH33A97tuA+/4CmDNQVq6GSUI3fVB462ukwrlBB64QX/ekA7pHX9b6+3oe75wEmum8PHZj5UtshByYe/V84iy/FqVxGom49znsqofhU3KfvxX3qHhIf+iZq7VXHU5jqSlDDrjlfMQpdMyEejqMxfsH60Nvr608ZP0NBa65DNZGqzZerxKfGFWPfVLLGK0qj60MZIAwJtaH0jcGg5ZQAACAASURBVFeIhxfofqMKdHOCjLi07qj29XUYmSdzvhzLfKn+DPtmXJH2fjena78IHOh+owpjs0McVzgFhbPdBUEQBEEQBEEQBEEQBEEQBEEQTnDCR0BPQvkZtlcViXYFn92+4sdiP3HhN+CD37T3uLg8829kkIlHN2FVeBp+3c5NOA3/EU5dYrXnLLsall0NnZtwH94UVaw6TkQUGhtXnELSf1UUwBN7f8PEr76oJzaxjJ/NsZmYdIHRw0zsvJuC8veRSH8CnALcw69wdPttGb+ucqlSR1VLWmZVVOZQ6AbXKuMWWR8xMeSzPrQ+e34s6y9QeE7WfmTdm5ep9rMojHUXuj+i95XWSImLmLji7ZvHcyj6rfazKIzztK8pdC1xTel+4a1Le3tLXJGOHWfMLZntHgiCIAiCIAiCIAiCIAiCIAiCcIITqQEc1BDFVCoSCgiD9ijJQy9plLUGcDTRGbF/9keD5K/74Jdgz69gZDDs8cImnE/dD6/uDhSeuoJRDU9RPP5xF6SacO9ajdv3SNhk7ik4y/8TTtP1mX9726G/O4jLVjNUV5z642D4i63B6gRj5QSfCZSPsTVYNdSJAAqSOEUluDi4Xf+I+76P4py9EiaO4u78Oex7OONHEcP6fqevBrBp3xhH0OfLXx9BQtXw5zezrT+l4/nVALbZt8cVVwM4WO/51gDGWA+x9omxH72vIutPU0jHrT+1vWIgnxrAkX7aagDrcU1qv1DM57VfqPFo92FI7Pqz7hezj1N62mx3QRAEQRAEQRAEQRAEQRAEQRCEE5ykntDMUdPTJZJgCVASUPE1gO32AyWkC87Zl2VaPvpd3J3/bNhX855e37IpMmNqhrpq1ufIoYxC+NBeEmtvxWnYyMSvr/FOWhSEipLQDb3FKCCz1wB2cfW+aPaNeLSxdvWjyXlQVBocn3j8FhJli2DsCBM77w59uEFvcGNrAGeZLzUedV5sWJpkq8GaTYlrdeLa3lvmK8iYhk1NBXNUURpn3+yK5y/fGsBxitVY+4o5F/2+ss1XthrAcXGZ8ajrz6wB7OqJ2vj9Is6+cS5nDeB8n0QQY994a1c6W+6vWcQpf+9sd0EQBEEQBEEQBEEQBEEQBEEQhBOcpF6zltiam6ay0GfKa3qmLsk0eOpnOI4Tsa8qJDV/mH5195oC0lETxd7rga7M+dTFht+whq3VvpGYzlkDWD8LEcWq0fEgcHUQLSkrLy7HdXF3b+Hori3hKS8e36bj2ddq5JoDZo0rR01Zx7IetIShuj4UM+q4+Z/9ETLXX+DXMxNr374AdPumX8Wf4Te0b8R1jDWATfs+Ufum3yzzpfoz5yvi1/CHYT8Sl3U4Z36/QN8vctr38//mfJn383FCosrymHpBEARBEARBEARBEARBEARBEIRJEKkBrKfZcilaMy2nsqYnJ1dnzvzppcilLo6uAIaIwjOX30D1aiokh17MNChNBYrZWCVkFh96wsmikFQu8Psfr2C2x2CN1Y8LlFq5RltXbar2xYm0sb539HUQVwPYP2RXTiv+4nwFvZru9WcmkLMrnrMqSPNaf/kpqtX1rsZlVaxmjevYagDnYz/v/cJbN3nPl2rQ4jQfRXVk/EzFdLb9YpYpOOvc2e6CIAiCIAiCIAiCIAiCIAiCIAgnOJEawNGanr7ijlBwF7RHUdA53sdsNYAxEi9RBXBwxlAe6v30rlX9KYo/rbFj2vUSyYYiVLtKfWSwY/hxjfyUFpcSj6ls9tu9+DBHf/D+wIBjKBJttUoBjv70isgYuL+/m/GdP0dNwZk1UtXc2kTHdzn6m+/qis9pqwHsfzRrsDr6+GntwwRdOG7+evSa2daf0vH8agATnS/s8xVXAzgal+JPsa8pfZ0Y+8aQq/2M1gDOVqM3nK/I+tO7HzWQTw3gSD9z7Beqv3z2i+jpLPtFnH29m9EawNn2i9mnYPF5s90F4QTglT++PttdEARBEARBEARBEARBEAThBOb0006e7S4I00xST4jlofCMU+gpCaj4GsB6Ys6sVeooRl0zM2MmoH31ZESRqba31wAO1a+G/Yhvx2I/rAEcHYc8agBn8aspJHMoMm3zlG+NXn9KY+NS47HYj4xnbFw2+8Y8GZ3KTNsU1gAOMql6+2xxReYr5r2pEM9ZAzhSo9cSmebLbl+roay1z1IDOC4WM2GtzpNN+R63Xyh+c62/0I4lrkntFznWX2DfP6Svv+Ms90uiajFOxVmz3Q3hBEC+nAmCIAiCIAiCIAiCIAiCIAjZSIbSQO/FSwSZir5QCaq3n+oawEE7UwFsKv1wdH/Y29tqAGdUgDFxeb5tNYB9JaG1P4Yi0fH7GFOrNEjk+uMGgf3IOKqZwhj72jiqj7g1cq3RGqlOeMDS3loD2KLQNRPiqn1t/GJqAOvrT4nPUNCa82WrARz4dSzzFWPfVLKa7YPxC+Iy1vskawDHrXvTb1SBbk6QEZfWnRw1m9V4zPlyLPOl+jPsm3Hlvf7ebs3wmPsqWB8RhbHZIY4bCuovne0uCIIgCIIgCIIgCIIgCIIgCILwDiBSA9j/kF0h6bdXlHsxCj67fcWPYT8444b6zRBLDWCbwjOLX/+aWIUkBCpGXQkZG0L0c9DxOEV1GE82hafVRy4FJigKWlMhqc9TJhnm6knLrIrKHArd4FrdfqzCOO69cjCioPUbZ1l/gcJzsvYj6z66/maiBrCR0o7EFW/fPH5sNYBjFcZ52tcUupa4pnK/sNUADrHEFenY8UPy/LWz3QVBEARBEARBEARBEARBEARBEN4BJIJ3Dor6zq8Z6tUqdZzMEe/VwcFxMue8M8ErjoMpirTZJ8Y+f+rLnEldrPsL7KNfqxyP1KPFMfyqyk89nkTq4kyDwwe0uHCi9g0RpNansLFyrTpKjvfPP+Ior2o8VvvE23dC+8F4qv7M+XKU+ByLP3O+AgUmWexH48KMyx9Hc758f+Y69P0Z86XFY85XrH3/vc1+NK7AnxmXY5kvRzOrj5sSl3X92eKK2I/eV5H1Yc5XrvVnrodc688yX6H9aFyT3i+I2tfPxKy/yH3lWOwr82TO13FAwZLzKTi7bra7IQiCIAiCIAiCIAiCIAiCIAjCO4Ck/gjdHDU9XbIrAk0la6QGsN1+oIR0gf4dOO9J4fzZ/dl7vrAJ56t/iuSmcuV0nCvvz9rGfeYXedcA9odDGz+rYjpOoYhxXLVvrwE8OcWq7YB63BZXlvmKVaxmj8sNXtW4DAFwlrisTqzqXst8GY/EtimYo4rSOPtmVxyrgju2BnCcYjWbUtk356LfV7b5ylYDOC6ubOvPMe2jrbP4/SLOvnHOpnzPY/1Fn0QQY994a1c6xyiQZ5jCD101210QBEEQBEEQBEEQBEEQBEEQBOEdQjKiavWyJWbNzbD2qi0hydTVAP711XD4v8P7PgnzF0xlrNkZ6sPt72ai41vE1QAGMGvlOuqwgKFmdKI1gM2EpD9u3jWuOW5GDeCc8xVTA1gtoavNV5CsNP3a4nKy15S12jfiM+xH4vI/++Nnrr/ArxKX1b4Rj9W+6VfxZ/gN7RtxmbLcPGsAm/Z9ovYnMV+qP3O+In4Nfxj2I3FZh3Pm9wuM/SKX/ci6N8bPrKk8CyQW1pK8qHW2uyEIgiAIgiAIgiAIgiAIgiAIwjuESA1gPc2WS9GaaTmlNT0Bd9tfwW//ytLekgg0E545/EYSQpb2EcWgqYTM4kO3b6/RG8oknXhFoi6EjI8HNdFl1so1+6bPU1ADWI0rzlfGsFX5qS0e/8UlEldUsZorrulef2YCObviOauCNK/1l5+iWlt/6nyRY74icR1bDeB87Oe9X3jrJu/5Ug1anOajqI6Mn6mYzrZfzAJz1n5ptrsgCIIgCIIgCIIgCIIgCIIgCMI7iDABbCgGA6VdoNAlFNwF7VEUdI730Yko7/T2qvuoAtghW3vVvhMo+kzFn2rfVFoG/jRlpn6J6je0r8Sldktrr9o34jIFjsG4GOPnGvFE2uuddSJxKfMVaW8bNyMuw76p5DTtR+qoGn5dYubL2j5M0EXi8pvZ1p/ScdW+th7UcQw6oNqPmS8zIemdiMal+FPsm8pvq31jyNV+RsbNNeLT2lvWuXFfOZFx0BdmVvuRfubYL1R/+ewX0dNZ9os4+3o3J7dfzDzJ+haSF6yb3U4IgiAIgiAIgiAIgiAIgiAIgvCOIqknxPJQeMYp9JQEVHwNYD0xZ9YqDf1ZUPzGKSNdxQ+eMtCqxA2Ul3b7ITb7YQ3gaPvprwGsKy+PrUavP6WxcanxWOyHr1kSaH4C1KL41ObJ6FRm2qawBnCQSdXbZ4srMl8x702FeM4awJEavZbINF92+1oNZa19lhrAcbGYCWt1nmzK97j9QvGba/2FdixxTWq/yLH+Avv+IX39zXLuF6egkDmfvmGWeyEIgiAIgiAIgiAIgiAIgiAIwjuNZCgN9F68RJCp6AuVoHr7qa4BHPjz8bM0illT0ac3MOIx4zIUn2ZcthqvmfRUqCRU7ZvKw5w1gI24bDVYI+OoZgpj7GvjaKkBHLg158uUGhvt42oMR+bLSIhH5gkzLuxxuepHY/2pCUlz/fnmVMWnY5mvGPumktVsH4yfZX0oA6Qkf/XDkfVn1r4OLtD9RpXa5gQZcWndyVGzWY3Hcl9F5kv1Z9g348p7/U37fmEqjM0OMWvM2fBdElXnzF4HBEEQBEEQBEEQBEEQBEEQBEF4RxKpAex/yK6Q9Nsryr0YBZ/dvuLHYj/0a16mKvimswarHo/rJVRjQoh+Djoep6g24olReFp95FJggqKgNRWSlrg0xaolHs1vDoVucK1uP1ZhHPdeORhR0PqNs6y/QOE5WfvHyfozUtqRuOLtm8dzKPqt9rMojPO0ryl0LXFN6X7hrUt7e0tckY7NDoWX/gWFzVfNbicEQRAEQRAEQRAEQRAEQRAEQXhHEqkBHNQQxVQqEgoIg/YoyUMvaZS1BrCa8MluP75Gqp/cCxWeuoJRa6woHs244uzrcdlqhmrpOU2BqfjLpwarFqgSV6x9ZRxz1BiOr9Fr+Ju2GsCmfWMcQZ8vPy6M+ZqWGsA2+/a44moAB+s93xrAxMxXxD4x9qP3VWR9aArpPNafaiCf9Rfpp60GsB7XpPYLxXxe+4Uaj3mfBO5i1p91v5gZkuetoejq7868Y0EQBEEQBEEQBEEQBEEQBEEQ3hUk9YRmjpqeLpEES4CSgIqvAWy3Hyghc9rXz/v2YxWZsTWGLU7yVRAqSkK/u9r4mf5849niUv1ZFJlKVnCSitW4uPzjtriyzJcaT1729bfZarBmiyvnfKlZQ1tNWeWR2JllkUXhbllnse99f/nWAA7su3naV8y56PeVbb6y1QCOiyvb+jNrALt6ojZ+v4izb5zLWQM43ycRxNg33tqVzvr9Nd0UfKCZudf+eMb8CYIgCIIgCIIgCIIgCIIgCILw7iOp16zFUNbZagDbEpKqss5PFunKQp9cNT1z2w+Ve5o/TL+6e7MGa5go9v16lxO1n2kdY1/tturP+/9IXGZC0tF6o9SsdaINIvYt4xlTA9imHNX8mQNmjStHTVmrfSO+mBrAEeWyP37m+sOYr1j75gKw2c+yPgy/of2Y9TfJGsCmfZ+o/UnMl+rPnK+IX8Mfhv1IXNbhnPn9gknuF5F1H7NfzADJ89ZI8lcQBEEQBEEQBEEQBEEQBEEQhGknUgNYT7PlUrRmWk51DeDQvn6pVcFnJjyz+s2ikFTaR/yZSsgsPvSEk71Gr/Zc4qwKZksMRpxawtqo0Rvtmz5uQQ1gNa44XxnDVuWntnj8F5dIXFHFaq64pnv9mQnk7IrnrArSfNdfFvtaaBCJy6pYzRrXsdUAzsd+3vuFt27yni/VoMVpPorqyPiZiuls+8U0UXjpX8hjnwVBEARBEARBEARBEARBEARBmBEiNYCjNT19xR2h4C5oj6Kgc7yP2WoAYyReogpgh2ztVftGbVRF8afaj9QADmrZei3MRJDhN7SfrVYpQYIrtG/EZQocg3Exxs9Sq1Rvr3fWicSlzFekvW3cpqsGsP8xZr6s7cMEXSQuv5lt/Skdz68GMNH5Ima+zISkXys3EpfiT7FvKr+t9o0hV/sZrQGcrUavZZ0b99XbqgEc6WeO/UL1l89+ET2dZb+Is693c3L7xdTjFBQyZ8N3KWy+anodCYIgCIIgCIIgCIIgCIIgCIIgeCT1hFgeCs84hZ6SgIqvAawn5kwlbujPguI3ThnpKn7wlIFWJW6gvLTbD7HZD2sAR9tPfw1gXXl5bDV6/SmNjUuNx2I/fM2SQPMToBbFpzZPRqcy0zaFNYCDTKrePltckfmKeW8qxHPWAI7U6LVEpvmy29dqKGvt81O4a+/NhLU6Tzble9x+ofjNtf5CO5a4JrVf5Fh/gX3/kL7+pjn3S7K+hTmfvoFE1TnT7EkQBEEQBEEQBEEQBEEQBEEQBCEkGUoDvRcvEWQq+sxauf7rVNcADmv0evhZGsWsqejTGxjxmHEZis9IDWBFGagpBgmVhKp9U3mYswawEZetBmtkHNVMYYx9bRwtNYADt+Z8mVJjo31cjeHIfBkJ8cg8YcaFPS5X/WisPzUhaa4/35yq+HQs8xVj31Symu2D8bOsD2WAlOSvfjiy/sza18EFut+oUtucICMurTs5ajar8Vjuq8h8qf4M+2Zcea+/ad8vTIWx2SGmnMTCWuas/RLJC9ZNvXFBiNDLzde10x17vpR1X9/ImoqZ7FIbn/9JHw1/fh3XpGfQ75TgjWfNSn7w+RUUW5ucyPEJgsDAVm74fg/9sQ1SXHNTKw0z2KXun97EzTtn3u+U4I/nshZuuTrHpjiZtoIgHDf0P3grNzwwFN9gxu/pAbZ8/2dspo4bv76Kyhn0fEJwuI/O9m1s2THA4GjmUOH8MmpW1NN6aR2VRbPbPUF4N5D5bjdNP4t736e47CpuvHSKjMt3NEEQhHcskRrA/ofsCkm/vaLci1Hw2e0rfiz2Q7/mZaqCbzprsOrxuF5CNSaE6Oeg43GKaiOeGIWn1UcuBSYoClpTIWmJS1OsWuLR/OZQ6AbX6vZjFcZx75WDEQWt3zjL+gsUnpO1f5ysPyOlHYkr3r55PIei32o/i8I4T/uaQtcS15TuF966tLe3xBXp2NRRsOR8Cj90FcmLWqfeuCDkojRF68cWUxo5UUQqelDIxe5t3PRgFd+6tGq2eyIIwnRxZi0bL7bd46VUz3hnBEEQjn+qm1bRfJblRFlqxvvyrmJ/F7c+fIDyZatYtzTHF/uXt/Gdv91O30QR1UvTNC+roPTwAN2/f4Hejq3c8PAuNtxwJU0lAEP03r+VrtcX0LK+kUnP4uFeNv9qD4NnrWDjhbIGBEEQBEEQjkciNYCDGqKYSkVCAWHQHiV56CWNstYAVhM+2e3H10j1k3uhwlNXMGqNFcWjGVecfT0uW81QLT2nKTAVf/nUYNUCVeKKta+MY44aw/E1eg1/01YD2LRvjCPo8+XHhTFf01ID2GbfHldcDeBgvedbA5iY+YrYJ8Z+9L6KrA9NIZ3H+lMN5LP+Iv201QDW45rUfqGYz2u/UOMx75PAXcz6s+4XkydRtZiC+ktJnr+WgrPr3p4xQXg7FJWRrq8TBcQU0vfA/WxOb2TdGbPdE0EQpoWTF9JYLwoHQRCEfCk9p45G2TZnntf76NrRR+Vpo6xbmq3hKF33b6dvvJQ1X9O/wzZeAhzeQ1v7IdIlYfu+3n10DRyl4VgSwEcG6N6xj/7xxWy8cLIXC4IgCIIgCDNBUk9o5qjp6RJJsAQoCaj4GsB2+4ESMqd9/bxvP1aRGVtj2OIkXwWhoiT0u6uNn+nPN54tLtWfRZGpZAUnqViNi8s/bosry3yp8eRlX3+brQZrtrhyzpeaNbTVlFUeiZ1ZFlkU7pZ1Fvve95dvDeDAvpunfcWci35f2eYrWw3guLiyrT+zBrCrJ2rj94s4+8a5nDWA830SQYx9461d6azfXzacgkKYW4JTehpO+XtJVC2h4KxzKVh8Hk6F7U/gBUE44akoJTU4xJa/byN1fSsN82a7Q4IgCIIgCIKQjRfo3QWUL6LR9geM8xfT+smZ7pMgCIIgCIIwmySda98AwhRI3OtUMVN+BEEQBEEI8WtMbvyrxez+8TY6Xx6HZAnpD3+EjZdW0P/gfdzacZDBUSgsraL1P15Js//Lo6DO0JVcW/4YN/9yH33DUFhSRuMVa1i/vILCbM4nDtH1yy1s9muRJZOkli5nfWsT1fOAF9u5/oe9DC5dyd//xQrd1oF2rv//ehk5fzU/+FQtAINP3s+t9+9h76FxSCSpTF/AxvWNpJLKdUf20d72W7Y8fYiRcSgsraD5k2tpzfXoPIDKRq5bvZvrf9LH7W291FydttcD9hkfoLtjG1seOUjf4XEAihcuYv3Vn6CxzBzDT7CBx7j53w4yNA6FZyxiw+c+QSM93P7TbXTtH2cskaTygha+8claze/Ivk5uv3cHvfvHGQNKF6XZsKGF9PzcIQmCMFnCGpPf+DPY8rMeeoeAolKaWj/BhmXQ1XYvd3Z7e8wZtVzzxdWk/T8YCeqFf4GWl5X9tayKNZ9azZpzcuxFxh5GUQnVyy9g48frKE/AyON38aW7D1Le3Mqmy3Xd1tiOu/jLOw+SuuKzfOuSsugeXFRKw+UtbLwwpe23U7rHHOrhzjsfo3PfMGOJJOVLzmXjh4/BjiAIJw5v87tOUA/9v62g/45/Zctzw4yR2T82fHoVNTn2InMPKyyroGn1GtbXlwHDdN7yD9y+u4SWr3yB1gXqlaN0/fOPuPXpMlpv+CwtozPwnS0Yq1auLdvOD3+xj35/f167mmsuqAJ6ufm6drq9S/of+BmffwCoiKt9XELpfGBwH10vk/UpNnpd5z5uvu4mABr+/DquScPQ/i623PskXfuHg/8GpZs/wsZLF1Hs//dxwLt8Zzufv64d8GrZe//9qzTrk9qOH9nHljv+lfbnM34KS0qoOX8l61fXUp7INtuCcIKR1z0fMjbYQ9vPH6PzxWHGJjJ1vNMfamJ9k63sk39PevdgruOT+I6W18/dgiAIwnFNwbe//e1vz3YnBEEQhLfPywOvT6r9vDkFOI4T/AOyvkd9T/hw8Ug75TXXMfN9Pp9zHY9jsu0LC0+E3zoMsL19L/3zTqOhrpzCt0YZVf+NO8ydk/nprH/n79j+ypvs7umDmgY+eUEZIy++xDPP7GHPC8/ywK4Jzrv0Qs47dYi9zw/QvXOQJSvfR7kDDO+j45GXGTt6kIeeHGVR03I+urSE1/6wn507fk9v8hxWnu09T27gGX7VM0Rl3YWcdzowcZAt//Nn3PnMMKWL03z0siUsKfgTvU8+T0fXyyy6sJbTTz2FiV09PPP8YYovqKd6bhhh77/8mo4DJ7Puc5dSPRf6t97KX//iJd6Y/17Wrl5B48Ix9nb1suXpMc774FnMBxjdxa3fvY/2AxOkGlfwyZXvZf7Ai2z97e8ZeO8yGirifmL1xvOMaj7ZciHvfXUnnU8+xzPZ4gP67v8ZN/32dUrPqqXlsjTnVR3lDz0v0rnDiy8ZjuFQ/wt0vvoeWi5bQfqkQ+x+9mW2P7uXPQ8/Rf+CD7DukjMoeOUge57dw56SGppSmWzS2NP38PV/fIo+92RWfvRCPlwzl4Gnn+aBRxQfgiDkxrsX3yivZOU58/U9861RRieSzC1MAMPseeT37D78Gt073uD0i89jzdIC+p99mWd69rFn35N0vFLGRy9LU1PwKs+8cJCufROsPD/FXAj2isKhF2jvS3Jh8/k0LTpK/66X2P7409pelNmfSznvI0szv9A/0svNm37N1gMTpOrSrF11JqcPD7C951m2PpPZ68oqk7zWuYfdL42x6N+9j9OD/8QdYuv/eZhnxhazYUMdpzsDbPnb2zN78Ll1fPLSc1g0MUBnRzc7lb3tmPcYfzzPqGbtMm9TPNLLzX/zb/xuIMF7l6dZ96GFzD/4PHdue5mxsaOMqW0FQTjueeOFbjqeH6V88VJqSkcj++ZEwVwy2+bb+66T2QsLeG3f7/lDcgktH1nCEl6j9+kX6XxC3Yu8/ZkzaG46m/nASG8b1//TM/S5J3Peh5bz0aWlvPHSPrY/1uPtdaeQKhlka/fL9B09hY+ee1oY4NBj3PZ/DzB2fjNfXH7azHxn83yMHHqR9l3jNFyaaTf4h5fY3bOH1xadT92pcymrOIWa9wzR3XeE0nQjV7XU0HDuWVSXz6cgMlOllI0/Q8eeIfY89gTbX/wTY/PnUXnSfAqNPXxuyTwqzy6DFw/QP1pG82cu5MMfOJv0WWdQ5mznnzY9TLdzCnUX1/PRCyopHTxIV/dT3nfiUuaXz6e66ih7nxti9MxaNn5sGQ0fOJsllacw1/vv3/xzltFcXRI6jRzvo+3//QVbDiSC7+tlw4fY3v0Ue0uW0pSaiyCcqGT2s7nUNDWwpIQ873nv4hfb+eu/fYxnDhez9JI61ja9l7I3/kjXI3uZSK9gaUHGFsG95O2Jw8p3SbAfn8R3tLx+7hYEQZgGxscmZrsLxzWvvvanSbWXXxcKgiAIwonOYC83fbs3ejyiEBilevUXuPb8zC9jGk9+ky/dsoe9L5Sw4cYraZoHUEf58E3cvLOP3v1Qc6bi5sW5SjtoPG8hN29qp/uBrXQ1XUljUbQLY09uY/MBKL+klRuv8FRq9Y00n3MXX7p7H3c+2Memy1M0X1xF250H6Xx8gBZfFTC6nY7t47A0TXNp5nPbA0NQUce3vraKykSmv00L7+NLt/TQ/txKNiyBvge30TWcpOEzn+Waei/W+vdT/j9vo63jCVqXNln+ctqkiPSnP8G6l+9i8wP3sWXpRtbEKClSq67kby4rpTT4VlVHuug2vnrvPrqeh7RSr22kaAnf+FoLHCcGHAAAIABJREFU1QngghT030bb/gEGL2llkzc+TWfDDd/vYe+uFxhrKqOQPjZv3sfIvBQbv95KozdPjcvew3du7GLLE0Okm/JQNguCEPJ0J199ujN6fFkLt1ytFLk8kqTp2o20enthDbfx1XsPsftQmm9c79/Li+D7P2Pzvv30jkKTshf2DS0I21FHU3or37mph67N22hZ2mKtudi39RG6hyH9qc8G+zX1TTTc+w9876HttO24gGuX19J8wTY6O/bQ+TSk/S4f2E7HfihvriOdgLEdW9l8ACovvZIbL/PUJfWNpO7+AT/seIzdq9ZSM8V7zN77t2Xp/2jedgRBOL7obbuVr7ZFj/uqUZ9j+67jc4ihhWE76htpePBWbngg/M4YpY8t9/Uxkqhiw9eV76lNNbRtaqPd/55aU0dT2R7atz9Fd2stDd7fevY9/BR9lNDSVKtZnYnvbENHTmXjXyntThnm8z/po3dXHyxJUV1fR3VyD7d2HqJ4wRIa6yvIRuWqP2fTyfdl1IW7e2nb3Usbnhp61UrWnJ+iNJF5akXjGQMMtnfRzUnU1NcpqsEVbPjrxZSWhv1sXHYqYzfcT+fOXQyuWkllTR2VZa+y5dd9DJ28kMb6YygOPbCH3kNQ3LSGb3x8UcZPfROthwcYnCPfa4V3Jrnueeij7Y5eBidKWXNdWMu7sb6JdUNDjJUCA/H2c5H3d7Q8f+4WBEEQjn8kASwIgiAIJzqlKVo/Znkc1LwKyvWGVJ+t/CV+WQmlwMjS2uCXZQCVlaWwc4hB84/KjHbMS9OyfBvdDx2k93loXEqE3qcPAiU0Nuq/sCteUUvD3Qfpfm4fg6Qor7+IlgfaaH+8h75LM0mRoa5eeieSNF3oPRb6+T56J6C8JkXx8BD+g+tYcDrV7GHviwOwJEnvc8NAFelzxhk67LcqILWoBB7qZy8ov+TKQqKKNevr6L6ph80/bqfm+haqbe3mlSpjP87I4WGYk1EtRP5wcdFCLxEEUEZ5GbDfGJ+KCiqB/kNDDAKVg/vYfQhYmqJmfIihw37/TqemHNpf6IOmY/jFmyC8mzmzlo0XV0WPlxnJhUSF9ocwpaecBByifPm5yr1cQWUlMDDM0BCg/H5ebwec0UTzkh5u391H7yCk9E0aGKD36WEgReOKEu1MdeNiyh/qoffZF2B5LalVK0hv20b3E9sZS2f2yd7OXQxSRuvFmTh2P5vZg9PnlCj7IaTOrIDHB9g7ADWJqdxjBtj9/GjW/g/maUkQhOOL6qZVNJ8VPV5u5mSP5btOcCL6nbHykjrSD2yj1//OaHbASySSNr6nJlI0LS+h/UH/e2qKNZdW0X53H51PjtKwvAgmdtHx2DAsbKRlgWF3Jr6zvf9cLxHkcXoZlfTRPzTEsZGkfPknuHH5OCOD+9n7zB46unexe/8AHW1tdDxax41f9pM58ajJX0aHGXorSXEJMJZ5pPWUUJ6iuqSHzic7aTuniDVLqiguAuabP78IwjuIXPe8v4fU1EX++LiwtDR72aWcTOI7Wl4/d2f/gxRBEATh+EASwIIgCIJwolNURrq+zlILzKSUSttvVBLRh8jZKK8oixwrLp4LjEYTnQCMMzYKkCTyRG3fp/+LpESKlovLaL93Fx27W9hQ00f7w4egLE1zjdf0zcxfJQ8+dB9ffcjirv8VoJSRIwAHuf3bt1oaJekfQEvQZOWMVVy3/hDX39HLD++oZFN9tMnYYA933tFJ14G4cQipPO1Uy1HL+KgcGWUE4hWLiQH6IY/5FwQhIF/FUnmp9RfRhQX5/RhVeZq52RRlfsENYN0v3szUWwTLvknmF3/jXoN5K2he8Qi9j/fSMbSClrnGUxMYZ2QYYJj2m2+l3eKt7xXg5KncY/LovyAIJySl59TRmMe2eUzfdUIv0e+qRUWZvSMu+Th61Psuafk+6+3V/vez4hV1NN13kM6Hn2BoeRPFT/bQeQTSF58X+UPKmfjOZvcxFSQpLl9E+pJFpC9pgdE+Nv9dG1sO9ND2ZBPXLrc8tsdnYojdW+/nzocP0j9snJvKfE9iMRu+vAp+vI32n9xFO1BYUkb6w16d0xOhGo8gTJKc97y/h/j73pSS/3e0/H7ulgSwIAjCiYAkgAVBEARByIvBgUNgPLB0ZORNwPJDJABJCosAxqOJ0YmjmdfCZPDDZmljmvSvttH56HZaOUjnIUivXxl4LPTqGZemG2lddlLUXVkKGKU4CVBG82fqLYrdIlKTfKpccf1qNvTexs07f8PtE2YSfB9tP9xK55Eiqi9opPlsr19/eJJbOw9NzlEcRQWZMYpTLEaU3oIgHC/0/3EAUO/bUUb8J+xZ98253h7mJSzUNhNkkhzJ8Ee4dFMt5Y/30vFwH43v6aV3ooSWj3hPTQj24CIaLm+i4eSot/IUMDqVe0we/RcEQYhliP5BQFW+jY5m9g7lO6OG/z3J/26pcjST7Qi+pyb8x+c/RfuB91P68EEoS7MuW0J0Mhyv39mKUqxrTrHljj4GDxmPqjAYeuw+bnpggMKKFOtWL6a8COANun/VRffb6cO45VhZHRu+VseG8WGGXjlI17attN17H31/ao153LcgvMPx9xBv33t7SWDzZ/D8v6Pl93O3IAiCcCIgCWBBEARBEPLj6V10HqkLH683sYfOHaOQqCJ9jv2S9NIq2HmQrq4+1l0R/qA4sn0X3UD5kkXhL8KKfDVbDze9PsTIvMU01yu/kFuyiHSij943oKa+TldqjI8z5iVF0ktL2DwwzFhJHY1GbaKxcSic9LefEho+8wnW9N/Fll6z6NIbDA0DFbVs+GRToOjY2/fYZJ3EU7GYdFkP/YPjlC6ro0b7YX2cMWJ+ISoIwqwzuOMp9rZUhY8RHXqCzueAshRpaxagwtvD+ujaPkzj+eEj+vZ27WEQSL/v7LD5ghU0L+yl7bF2fjhvKPIYU38PHipM0Viv/wHL2Pi4tx9O5R4T9r/j0UM0NoU+/f4LgiDEMxz5zjj0RC+9GN8ZVfzvSZHvqX107hiOfE9NXXwuqY4uOu++h+IDkLpihbUe+zExHd/ZPGXzyBumHNdklK57t8BFa2ksN7/sDtO18yCQpPpMP/mb9LJLb2aenuON28hw5q+U0qtbWeMrvo9sp+tOQM2TJ7xYhkcYAYr946eVUU4f/ZpC0PevMsTgYAnl5UlIllC6YDEt699k7452uvsHGCMl32+Fdx/+HrK7hy0vrwhqAAOMDQ0xVloa3mvhRZSfDgwM6U+6enkX3YN6u7y/o+X5c7cgCIJw/CM7tiAIgiCc6IweovfJHvoiJ4pIvb+WyikSNZRWDrP5+7ex+6L3ky56lY7f7GLvMKQuW0ljjI/C+pWs23YXmx9q44aBNE0rShnb9QwdTx6CkkWsv1T/lZuvZus7AOXNdaTVX5wVraC1pYfeB7q4/vv7af5gLan5b9C3cx9du4ZIf+6LbFgCqVUX0fB4O523/Ij++lqaak+FwYN09+xh97zlbPpiU7Reci4SVazbUEfvTT30aX9JvYCaRdC9r4ebfwot6SL6t++ma79N5nCspFizNkXnT/Zw04230XjR+0mXw+ALL9C14yDFqz/LN5qij+cWBCELr++n60mLWoxSauoXTX6PiKFyXh83/Y+7aP5gLZWje2j/tz76J4poWHtRbMLB38O6227je8/X0lSb2Vc6dg/DghW0akq1MpovrqLtzoP0HYH0ZfpjTIM9+Je3ccOuNE0rKig9PED371+gd6CKa7+9lprE1O4xQf9/eRs3vFAX7Isd+8cphsyjDQVBOOEYer6HLquKcxGNZ07VrllK8d5fcsMttZnvjL29bNk5BCUpWlfF7preHtbH7cH31CG6ftdL7yFIrV6lf08tPY+WpV3c+vQQI4kqNjZO5XeoafjOVpumqWQfnY9u4abC82haUGH/79RwL12P7qP3oR9w58Iq0ucsJL3gJMYGD9LdvYveAShe1kJr8MeRZTSdX8bmXw5w5w/vYaTlbCora0mfWUExQ3T/4jbufK2e1OgLdP7uIP3md/3yNE2LtnPn85187+4x1iw5NfNzxxmLaSjroX3nNm769QhNC2Bw55NsedpYPLu38Z1b9lC4KEXjBxaTmv8Gex/uoRuoPEuSv8K7lXA/2/K3t9J3cQ2NC6Bv+246do/T/JUv0Gq5ORrSVdB7kM0/vofCy86m9PBB2v9tF/0JtJIjeX9Hy/PnbkEQBOH4RxLAgiAIgnCiM9RH2x3R9C+Usu7rtayZovI8xenVXFv+GD9s66RrNFOnq+GTq9h4oeURdz6JKtZ8+bOU/3ILm3f00rYbSCZJpRu5prWJavOXSQvOpbG8ly2DZTRfHP1FX+WlG9lU1c6dv95Fx70HM4/Gml9Ges1HWOerO+alueb6U+m871/ZvLOH23dkfFYuXMyGT19w7ImdM1ZxXesAX7pbVTCU0fy5TzByx7+ypbeH23uTlC9ZznUf7+cG65wcG8XpVjZ9pYu2tifoau+kawIKS0pILV/Fxgsk+SsIk+bFXdz64i7LiRTX1C+iYYrcVF56JRtevo+bt2xlaBwKyypoWbeW1qUl8RfNS3PN9SfR3vZbtvh7WFEJ1ReuYuPH6yIKuML6WhruPEi3+dQECPbg1P3/Stvj3h6cSFK6oIp1V68M1GlTusfMS3PN1+ay5edblX3xXK77LNz+ox5JAAvCCcrezq3stZS1ZVkLjVfnURw4L0pZc80q+u/4VzbfMcxYIkn5ojTrN7SQnhd/VXG6lU1f7OT2e3fQ/UAnXWT22+bPrGF9vbmHFdFYn+LWp/soXlEX+0eMx8qUf2dLLGbDX65k5OeP0NvRye64/06VrODa/56iu6OT9u6DdG87SJdf+7iigub1H6F1eYWWWC1t+jOuff0e7nx0H2137KPysirSl67lW5+5h5t/uY+Oe7dSWFJG0/o1pO+9h82awzKaP7eawR9vo2N7F7c+7v/ckaL1mlWM/HQbXR2d7E4kqUxfwDc+3cd37lS+Gy9ZyTVXjNL2m4O035s5XlhSRsMVa9hwidQWFf5/9u49rqoy7///a282bNiIWxBBQPGIgkoqHiPSMQubLLMDM+U9ZdNYM86h5jd6zzTf+87vPfWdu2lunbt6NON0mKmssRysMU1LikwljVLUMMUjCiKKiCJy2LDZ+/cHgqCAbAX2offz8eDhZu1rrfVZW/2stfZnXdf17dU8n+VuyCaXC/e7d04lNQpaG07Ff9wsnihbzasbGv4v+1sjmPb9WSR+sJq1zQewcuEarUP33SIi4vEMTqfT6e4gRETk2u3cne9S+9AeARgMhqYfoN3XNH8NGGijXbM/r7Ts0tcd+f1Ky9viavsgi56RalKSyaJnd8KtD/DULV38hUx5Fk8/lU3pxNt4/vsJXbsvEZGukpvOI68XkPTQAuZ3Vl2kLXmrefyVA4Tf+UOenKIHQkTEO+UsW8LSXbHMX5LWaQ/htCV3xfO88GVP0hb9kNTO6rwsIiIiItesuqozR9TzPfsOF7rU3njlJiIiIiLdI/ej7RQQTEqKir8iIldWRsZHB6gyRpPaqcOYioj4qPIsVn1ph5GJTFPxV0RERER8mArAIiIi4hmqt7Fhmx36jyI1xt3BiIh4gaPb2FBIlwxjKiLiiw59tpsCTKQkj9c8syIiIiLi07x+COhtu/bzYWY2J06doba2rmm5OcCfqL69GXfdMG6dNsGNEYqIdA8NAd0+DQEtIiIiIiIiIiIi4pk0BHT7XB0C2qu/3V7/2TZWrtnY6nu22jqOFJzgSMEJwsOsjB89rJujExERERERERERERERERHpXl5bAD567GSL4u+Uyddh7Rnc9PvpM+fY8tU3ALy0bA1RC+cSExXe7XGKiIiIiIiIiIiIiIiIiHQXry0Anygpa3r9b3dP5zs3jLmszaD+ffnHe5kAHDl2QgVgEREREREREREREREREfFpRncHcLVOnjoDQO+wnowbPbzVNuNGDyfYEgjA6bJz3RabiIiIiIiIiIiIiIiIiIg7eG0P4OQJIzl95hxTrx9NSI+gVtuE9AhiwU/S+GRzDskTRnZzhCIiIiIiIiIiIiIiIiIi3cvgdDqd7g5CRESu3c7d+S61D+0RgMFgaPoB2n1N89eAgTbaNfvzSssufd2R36+0vC2utg+yeO0zUiIiIiIiIiIiIiJepbrK7u4QPNq+w4UutffaIaBFRERERERERERERERERKQlj+/edOz4KfILiikuKeNEyRlqa+uueZsBAf70j+lDRHgv+kdHEBsT0QmRioiIiIiIiIiIiIiIiIi4l0cXgHNyD/DGivVUVds6fdu5ew8DDcXgGd8Zz6wZyZ2+j9ZU19TywqvvcTC/iPlzZ5F0XVy37FdEREREREREREREREREfJ/HFoD/8tr77Nh9sMWyftF9CA4KvOZt19hqOXrsJAC1tXWsydjK4aPF/PLRe6552yIiIiIiIiIiIiIiIiIi7uKRBeB/vv9ZU/HXHODP/XdPZ+SwAfSy9ui0fZRXVPJlTh7vrduM3V7PN/uOkJ2zl0lJCZ22DxERERERERERERERERGR7mR0dwCX2rP/KB9v2g5Aj+AgXnzmMW6YMLJTi78A1pBgbpk6jqXP/pLeYT0BePUf6zh8tLhT9yMiIiIiIiIiIiIiIiIi0l08rgfwrm8ONb2+67aUbtnn3O/N4E9/TQdg67Y9DB4Q1S377QinE/IOFvDe2s0UFJ3E6YQ+vXtx563JTBgTj8Fwse3Z8vN8vGk723ftp+xsBU6nk17WHnz3pol8J3kMRqOBrOxclqV/zPAh/fnFj2YTEODfYn9bvvqG11esZ1JSPA99/1b8/IycPnOO9z/8nO25B6itraNHcBCTx43gzluTCTQHdPMnIiIirrLX11Nrs1Nrt2O31+NwOHE6ne4OS0S8gMFgwGg0YDL5EWAyEWA2YfLzc3dYXUo5U0SuhfKm8qaIuEZ5U3lTRFzzbcybcnU8rgB88tQZAKL7hjNl8nXdss+EuFgi+4Ry8tQZik+e7pZ9dtRXO/N47Z2PMBqNjBg2kKDAAPYdKuTVf6yjtKyc26ZPAqC6xsZfXl/N0WMniOwTysSx8dTW1pF3sIB3Vm3A6XQy/cYkEhMGExHei/yCYo4eO0nc4H5N+6qtrWPrtj0E+JuYMvk6/PyMnDpdznMvr6S0rJx+UX2IiQqnoKiEzM05FBaV8LOHZxMUqCKwiIgnstnqqKqxYbc7CDT7E2gOwBTsh5/RgKH5E0QiIm1wOp3UO5zY7fXU1dk5c7YSk8mIJdCM2ex/5Q14EeVMEekMypvKmyLiGuVN5U0Rcc23KW/KtfG4AnDh8RKAq+qF+2b6x2z64mtSJo5i7vdnuLTuwP59OXnqDMdPlLq8365SePwU76zaQK+ePXj8kbvpGxEGQFW1jT//fRWffb6L8aOHExHei6BAM3PuvonwMCs9goMubqOohD+9tJItX33D5HEjsPYMZmxiHB99+iVbt+1h6KB+Tb2Ijx47SX5BMYNioxjQL5La2jr+8e4nnD5zjrnfm8H140diMDT0Sl77yResydjKjtwDJE8Y6Y6PR0RE2lBf76DifDUOhwOLxazRGkTkqhkMBkx+Bkx+RgLN/oT0CKLGVktlVQ3VNbWE9AjCz8/jZpVxiXKmiHQm5U0REdcob4qIuObbkDelc3jcv4JzFVUAhF4y5+/nX+3mkQVLeDP94zbX3bZrX8OfX+93eb8R4b0AqKisdnndrrL/UCEV56sYmzi0qfgLYAky853k0Zw9d75FwXpg/74tir8AIT0sBAT4c76qhro6OwATxwynR3AQ+w8f41xFJdBQ1N26bQ+1dXauHz+CgAB/Tp0up6DoJDF9wxk9ckhTodhggOTxI7CGBLP3wNEu/hRERMQVNbY6Tp+pwN/fRFhoiG4sRaTTBZoDCAsNwd/fxOkzFdTY6twd0lVTzhSR7qC8KSLiGuVNERHX+FLelM7jcT2A27Ij9yAAm774mntuvxFLUOBlbaIie3PoyHGiI3tfcXuff7WbGyaMavq9X3QfQoKDSBwxuPOCvkZHCk8A8PHG7Xy8cXurbY6fPM2YUUOBhuGz12Vms+9QIeXnKrHb65vahYX2bHrdLzqCsaOGkvXlbr7Zd4TkCSM5dfosu/OOEBHei5HDBwJw6vRZzlfWUHG+ml8++edW9192pgKbrU5DC4iIeIDqmlrOV1bTyxpMgL/XnOJFxEsFW8z4+/tRfq4SpzPI66YFUc4Uke6mvCki4hrlTRER13h73pTO5TVnngH9Itn1zSEATp0uZ0C/ywvAT/zifvYdLGT40P7tbus/nvkbJaVnqa62cfOUcQAkJcaRlBjX+YFfg/p6BwD9YyLoFxXeapvGYnfh8VP870srqThfhSXITPzQWEJ6BFFba2d3Xn6LdQwGuH78CL7ckcfWbXsYP3oYO3cf5Ex5BbNmJGPtGQyAw+HE6XQS0sNCQlxsq8MGRIaHYjRqjgoREXersdVxvrKaUGsPTCY/d4cjIt8SAf4mQq09OFN+HoPBQKCXPBSonCki7qK8KSLiGuVNERHXeGvelM7nNQXgvn1Cm15/9vnONuf4vVLxF6Ck9CzQMJeuJ+sX3Yevdu5jUP++PJB2S7ttjx47ScX5KhITBvHTH96Jya/hwqLszDkOHy2+rP2AfpEMio0iv6CYPfuP8tXOPEKtIUxKSmhq0zusJ5agQIItgdw3exohPSyde4AiItIp6usdnKuoopc1WDeWItLtTCY/rD2DOVteib8pxOPnGlLOFBF3U94UEXGN8qaIiGu8LW9K1/CaAvDYxDj6x0RQWFRC1pe7GT9meNNQxe3Zd7AQaCgMFx4/xb/WZTW9ty4zm4AAf26dNqGp7YD+kR4zF0NiwmA+2ZRDTu4BkieMZMjA6Kb3amvrOFxwgrhBMfj5GelhCcRgaNkT1+mELdv2cPbceUJ7hbR4LyDAn+vHj2DfoUL+8V4mFeerSB4/kj69ezW1iYoIY1BsX/bsP8rGrV8z8+bJTfMAO50NQ1T3Du1JzxAVhkVE3KnifDXBlkANKSUibhPgbyLYEkjF+YYh7jyZcqaIeALlTRFxJ4fDgd1ej73egcPhwOl04nR2zb4MBjAYDBiNRkx+RkwmP4xG1wsRypsi4k7Km+KNvOYsZDL58ZMH7+A/nvkbAM+9/C4jhw9k8IAohg+52Os3sk8ovaw9gIZ5g//y+vsATB43gi+272mxzfp6B+9+sIlPNm5n8IAoduw+yIB+kfzn//eDbjmmN1d+zIr3N7T63gNptzBy+CBunTaBf32YxR///A6DB0TTp7eVivPV7D98DJOfH7/6yb0NvXkHRNE3IpTcvfk8tWQZA/v3paCohPPnq9u82Bg5fCAR4b04eeoM5gsF4eY15IAAf2Z/N4Xik6d5/6PP2fLVbgYPiMbhcHAgv4iz5ee567YUbps+qSs+HhER6QCbrQ6Hw0GwxezuUETkWy7YYqbsTC02Wx1mDx1iSjlTRDyJ8qaIdDe7vZ7aWjv2+vpu26fTCU6nE4ejHru9Hmx1mPz8CAgwudw7VnlTRLqb8qZ4M68pAANEhPfiyV89wLMvvkNtbR3f7DvCN/uOsIatTW2i+4bzu3+fC0BtXV3T8ubF33vvmEp0ZG/yC4pZk7GV8opKduw+CECf3tZuOho4X1nd5nu1tXYMBrhl6ngGD4jig4+/4EB+EQfziwgI8CduUAy33zKZ2JhIAKwhwTz+yD2sWLWB3Lx8Tp46Q0LcAObcPZ2/Lf+w1X1YewYzNjGOjz79kkGxUQzoF3lZm4H9I/ntY3NYl5lNztcHyM7Zi9FoILJPKLNSb2kxZLSIiHS/qhobFt1YioiHsFjMVNXYPPbGUjlTRDyN8qaIdAeHw0mNrbahkOAB7PX12KvrMZn8CDQHYDQarrzSBcqbItIdlDfFFxiczq7qqH51HlmwBIA7Uq9n1ozkVttUVdXwRnoGB/OLOFdR1eK95gVggG279vPSsjVNv7+yZEGL9ivXbGT9Z9uuuE8REU+3c3e+S+1DewRgMBiafoB2X9P8NWCgjXbN/rzSsktfd+T3Ky1vi6vtgyye/4yUvb6eM2cr6dO7p7tDERFpcur0OUJ7BWPy86z5zpQzRcRTKW+KSFeqs9dTU2PrsqFKr5XBAIGBZvxd6NWmvCkiXUl5032qq+zuDsGj7Ttc6FJ7z/92uxUWSyDz584CoLSsnNNl55rei+wT2qJt83lz70i9/rJt3XvHVLZu38O5iipKm21HRETE09Xa7ATq6T0R8TCBZn9qbXZMFs+6sVTOFBFPpbwpIl2lts5OTU2tu8Nol9MJ1dU2nIEBHZ4zV3lTRLqK8qb4Eo8rAJvNAdhstR3+TxYeZiU8rO1hm8+crbjiNnr17MG5iirOV1Zdsa2IiIinqLXbCTQHuDsMEZEW/P1N1NhqseBZQ98pZ4qIp1LeFJGu0NCDzbOLGM3V1NRiMBg61KNNeVNEuoLypvgao7sDuFS/qHAADhcUd8r2Bg+Iavf94pOnOXHqDHB572ERERFPZrc3zP0hIuJJTCY/j5knqTnlTBHxVMqbItLZHA4nNTU2d4fhspoaGw7HlcdcVd4Ukc6mvCm+yOMKwNGRvQE4dOQ4ew8UXPP2nvj9K02v12RsZeWajU2/F588zV+XfUBtbR3QMF/wtl37r3mfIiIi3cHhcOJndG1uYxGRruZnNHToBrS7KWeKiKdS3hSRzlZjq/XYuSvb43Q2xH4lypsi0tmUN8UXedwQ0IMHRrM5OxeAf63LIuHxOVe9rc8+39lifmCA9Z9tY+v2PYT16knxydPYLhR/Ac6Wn+elZWsYv2TBVe9TRESkuzidTgwG3VyKiGcxGAw4PfDOWTlTRDyV8qaIdCa7vd6re3k1xt9eT1rlTRHpTMqb4qs8rgdwysRQ/vMGAAAgAElEQVRRjB45BID8gmJeWraGouLSq9rWqIRBJE8YydjEofz3/5lH0nVxAJyrqOJI4Ymm4u93ksfw0H0zGD6kPw/dN6NzDkRERERERERERESkG9XW2t0dwjXzhWMQEe/hCznHF45BOp/H9QAG+PnDs3lkwRLg4rDMA/pFMmRgNMGWwHbXDe0VQkTvXgwf2p/wMCs/vO/Wpvfmz53Fwfwinn3xHQDuSL2e26ZPanoy4oYJo7roiERERERERERERES6jsPhwF7vvb3YGtnr63E4HBiNHtd3SUR8jPKm+DKPLAADvLJkAavXb2FNxlYAjh47ydFjJzu07r23T2H40P6tvjd0UEyL39vrFi8iIiIiIiIiIiLiDbx5CNNL2e31BASokCEiXUt5U3yZxxaAAWbNSCayTyh79h/l+InTl83Z25reYT2Jiuzdbps7Uq9ny7ZvGNi/b2eGKyIiIiIiIiIiIuIW9nqHu0PoNPZ6BwHuDkJEfJ7ypvgyjy4AA0xKSmBSUkKnbnPWjGRmzUju1G2KiIiIiIiIiIiIuIvD4TuFDF86FhHxXL6Ua3zpWKRzqD+4iIiIiIiIiIiIiJdzOp3uDqHT+NKxiIjn8qVc40vHIp1DBWARERERERERERERL+dL3/370rGIiOfypVzjS8cinUMFYBERERERERERERERERERH6ECsIiIiIiIiIiIiIiIiIiIj1ABWERERERERERERERERETER5jcHYCIiIh0n8zFv2Z9yZXbRaQuZOHNEV0fUIfYKdq6nJUZeRRV2rsstt1v/ZplJ2awcOF0POXIRURERATATun2DF795AAFJXbqAMxmYuMTmHnbVJLCXft6K2fZEpYWj+Gp30wnqkviFRG5GnZKt3/K8s37ySuyUefgmnKdVynJZNGzOylus0Es85ekkdR9AbH22TdZFZXKKw8mdtteu529hOz317N2VwnFlQ2L/MMiSLpxMmkpcVivsvugzrMinsGHzxoiIiJyqanzn2Sio9mCPek8/W4JU378M6Y2q3qazCHdHltb7LuX8/K/DhEzdQ6PTxlAmJtjK/lkMYszShj14B95cJSLKx/bwttZFYydOYN4z/mIRURERDxYJTnLXmNpLsRPncqCHw0i3AzlxblkfbSTpc/sJT5tDgsmh7k7UKCc3HWZZPcaz7zkWHcHIyLexHGcDS+9x/LDMGTyGB5LSySqp6fmuo4r2PIeGWfjSLstEWsH2iemzWPuyNbeMWHp5Ni+9U5s5On/3UZBUASpd93NY0PD8LeVkbdjG2vXrmbhtjE8+dh0YlVBEvFa+u8rIiLyLWIKDqFF3THYBJgICgkhxEMLkrk5u6mOv5eHZ47yiAuXiCk/48lJdkxBV7Hy2YPsyCkh4iYVgEVEREQ6pOhz0nfVk/SDecwfG9y02BqSwpxhKcz8JpOcXp5SELFRkJtPdlQc85LdHYvINbKXcvCr3WSfqOxQ8559E7hhwmDCPOGmzQsdWrOa5YcDmb1gHjP7XlzeItf18JRc13GlB/PJLrYy8zY6VAD2D7Zi1b1y13Mc4I2/bKMgcgxP/XI6UY09fUOsTLplEJMm72Tp/2Sy5J/RLJ6TgL9bg/Ui54vI2b6XvWW2DjQ2Ezk0gUkjYwjRRK3SRXRKFhEREQ9WQlkJ0NfiORctAUGEBLg7CBEREZFvh/L8IkqJYHZicKvvW0dOZ1o3xyTybVC2dT1LM891fIVdBRyw38evbgztuqB8lW0ba7MqCZ+a1qL425xynXSmuh3byKq0MvvnzYq/zYWMYe7te3l8xRdsmJlAakeq98Lej1fzj10urLDrACcD5vNvw7ssJPmW85jvUkVERMRDlG/i+d9/AHc8yeM3XvLobe0O/r7obbj3dzw8voLMxYtZ3/d+nkw6yt/Tv6So0g7mMOKn3s/9Nw+gRSdZexk73nuTVTuLqLaDKTSe6fffz/SBrXelbRxqueGXZfz61wARzFi4kOkRUH1kE+mrM8k7Vo0dE0H94pk+K40pzbbXOK/vz+71Z+PqTPKOmUj++ZPc3s6IfNVHMvn725nknbGDKYiYMbN54N6xhDXeFO1exq+XlTTFQUkmixevJ2LOk0wsWkb650epuOz4drPs18vYfWET6xf/mvUA1z3IH38wCqqPsundVWTuufDZBMcQf9NM7rphqJ4EFRERkW81a6gVKCQnt5JJY1svArfgKCcvcx1vbDhOqQ38g8OYdNedzB17hZ5z9hKy313L8pwyquzgHxbNzDmzmDmo5T7LD2byxord5JbZAbD0j2Xm7akk5qez6KPyhkYlGTyyIAOwMvs385gZgYjXCUsYRMyGXRQ5rtwWAGNPrhuu4u9V2ZNPriOYmeM7OHR8bjqPvF5+eX7JTeeR17k4V25ju59Px3/zZ6z9pgz/5DQW3xl4YX7b6TyTeJxX1x3gUFkEc//7flLMUFe6k+VvbSS70E6d0UT4sFHM+8F0hgRdsv9fpWLJzCA9t5w6B1j6D2LOg3czKayxTcGFFXayaMFOAJIeWsD8a5pSt6RZ7Id5IT2fYltDzk770f1Ms+az9q31rM2rpM5oImr8VB5LG0N44311s9j9161j1f7Ky2NvR+mOdRc+LzsYTYQPiGP2nNsurFdGxnOvkc4kFv8y5ZIezzay//4ir9ZP5flHxmPhkvOJyURs0lTmN48VOnZuqs4nI73h77fK3nDeS7w5hTntzOGbk3scIsaQ1M75yTI6jsQVG8nJLSc1xdris188roSl7+ZyqBwwB5M4bQbzbhnU+jDdeat5/JV8kh55nLnxl7xXlMFv/3SYpMd+QtqAtmPxFnEjYgnaVUB1R1ewxHCdDxy3eC4VgEVERKQlazJTRnzA21kbKbrxdmKavVWRvYk880QeTgoCKhoWFq7nz0UDuOmHC0kIhbKdH7Bs7Z/5Q/mj/O6eoQ1tHCVkvriY9bax3PuTB0gIhZPZK3nzL89T/fMnWi3INgy1XMTGv7zMpsh7efKeBMBEUDBwYBWL/7YF/zH38uN/SyCMMvZ+/DYr/7qYsh89yey45kFv4u9/C2HI1JmkTQljQHQ7x16xiWX/iGHsnT8jbUAQZXs+4O133+bl4AiemBnTzopw6P3nKEmYwYMLHiTMdpSNq9JZ/9e3CXvqYcYGxJP25JPcdemcy6aGz3HLa3/mg4qLn03ZoS2sX/Mm6/v8jnsvvUESERER+TZJmMzsmHxWvfVXFuWOYfb0ySRGBePf6pfaleS89SZLD1pJvf9+UgcGU74/k6XLX+OFup/w2MQ2CsiO46x94W1W2QYx96czSQyD4i/Ws/TFN6lq9qV0VW46i14vwDIuhSd+HE84ZeRu/IxV6dnE/+p+Fk8+TsaLq8mITGFxWjxgwtKBmrWIRwpP5rFH63nh5d1XLgIbe3Lzo/dxsx52uCrFpeVAb2Lb6P17bSrJeG011qGjSLtvLOH9o4GyhrcOZvGHw8Ek3TSVab3DiPcHTmTyhyU7qRqbwoIfxBNOCVnp6/nDn+p54repDDE22+4r64gdfwNPLIrFUpZH+ltZvLo0g6j/SCU24TYW/5ed3PRXeeNkIgt+PokowP9qplJqzcEsXqgcxuyfzWMIBaxdkcHyv7xJTq9y/MfP5Kn7wqjan8HS5ZksjYrlySnNK7s1ZL2+mvDRU3nivlis5wpYm57Bq8+8RtV//pBpbfR2Ld/yJoveLWfItJt4cmrDehmrN/Lqs29S9X8eYJo1jGk3RpO+fDcZRSmkNf8KofwrMr4xkXKh+NtwPjlJbNO28klflslv/2ZvKhB37NxUxoa/vUd6xcU2pQd3sur99ayKiLu84ApACaUngagIotr7jM0RRFkho+A4LQbwPpjF08XRzJ77APPD7Bz6dD1vfPQer4b9nMfGmS/fTvwYUsIOkLFlG3Pix7cYTjo3ay+l/ceR6iNFUNPwmfzmntU8+27RlYvAlhj+7aezSAzsjsjk20oFYBEREbmEibGpU1j/3A52FNxOTFNxtoiNWUWETbyX+OZfuJVHcNP/vZ+JF27kQm58kF/yPE+vWcummx9nihUqPn+b9Sfiubd5u5sf5eHqP/DnT3dw60NjL78oCQgiJKAnQX6AyUJI0yTFFWz6cAsVw+7ld/dNvNDLOISJ9z0OVf+XlR9uYnrclItzHVcHMeHnC9vt9dukOoypv3qUKRfubUImPciMfb/m7QN5lBFDuw8DJ6Sx8HuNd1ejuP3uInb/KZO8gzB2RMM8y63PuXyUg0cg/r40JsY2fAohY27n0etuB/X+FRERkW87YzQzH3uA8PfXs2r7TpbuauhFZukfTcrkyaSOH4S18UIyL5M3dplIfeyBpqKtddzdPFn/No9//DkFE1Np7ZKwPGs9q4qjmfvU3aRcuFa13vIAj1X9lT9kbmP2w+Pxd+wlfUUBjE7lqTmJF77AtpJyzyAm2e34m0xgtmIxAiYL1hCNlynez9T3RuanneH3K9orZphJTLuL7/b168bIpOPsWMal8dSdrWS/6t7Mfur+prwHZWS8s5OCYVN5fs6FIiRWZv7YTNUz6azdMbVZgc9O+E0PsKCxsBoyifm3FfDIWwXklkJseDDWELCYAKMf1hBrh+YAznl9CY+0sjzq1gd46pZmTxg4Ykn7cSqJRoBE5tySx4bXCygdl8YzUy4c67hZzMx5kTe+3kP5lOY9cm0wKo0FjV8ShCQy5zETdYvWseqjvUz7fsLlATj2smpdCdYpLddL+7EVnklvWs9/3A2kfpRO9rYC0i5+mULB5t0UhCU0FGQvnE8sLbY1hnm/tFO1aBtri8aTFtPBcxNF5OVD4pxZpAxoOBlax6ayYHRqJ3yfEIjFDNjtl3wWscz991kXPntIunMGBXveZu2+wzCulc+OWGbfGk3G8gNk28aT0vhPyLaNDdvsJN43oUP/NrxFSOIsflH2D/64oZ0h9I09+e5Ds0jq0X1xybeTvlYUERGRy0VPJblfBV99kXdxWd5WviqP56abLukJO2wUSZc8xRsyZgIDKOLgATtQQW5uUavtBgwZAPmHOOJKbBW55B6D+OuSWg4xTRBJ18XDsYPsrW22uPdYJnZwJC0iRhF/yZ1HTHQE2MHe+hpNhoy45NHavjFEA3VXHDItgpgIyNv0AbuPV2NvbK+rNBEREZEGpggm3fMAz/z3Av7yH3fz2J2JxJvK2ZD+HgufSifnQmUqLzefKutgki7pSWQZHE1sWRGHKlrbeDk5X5fBsDgmXXKtOmRoBBw+ziGAgwfIqTaRNDmxRe8loKH4K+KjghJm8YtpPdt8P2baTB5KaHXgV/EIwUya1MYN8ciEZsVfoGIPOYWQODqx5VC+xljiB8GhwwXNFlpJir/kEemYsIYepR0dNrwViWnzWPxfl/88MeWS7uXDBjUVIAGIbNh37ODmx2puKGBW2qhqsbKZpDGXfCbGBCaNNlG1r7Ah51/q4AFyqltbL5akUeZm68WSemMY5V/tJLfxc3DsZcMXlSTeckPDQ0htbStoMEOiKjmUX06Hz01EEhsBuRvXkVNUefH7h075PqGGKhtw6Tnu0s+eaGJjuLxQ3Iz/2DGkBB1nQ3ZZ07Ly7FxyeyUyc2wrvYa9XOTUu3hoZFvH1fDQjEZMkO6gK1QRERFpRQjJKfF88M8t7Jgdz9gAOzu++BKSHm7qwdskwHL5BUVIT0KAkrMNF/fVVcCRlfyfX69sZV+jqHEltOpqqoGQwMsvY0yBJqCEirNA48W0n6df7kQw/Wc/g7fTSX9xC9X2hvmMp9x8O9NHXGECIhERERFPU5LJomd3Utx8WcQYnvrN9IbCQIt5IS8YncorD3ZsUkj/sEEkThlE4hSgLJsX/pTF0n/t5ZU5CVRV26E8lz8syG1lTStV1XBxmJhGNqoqgfyN/HTBxlbWi20oHNhsVBFMeK8OhXlFOcuWsHRXy2UX58a8MM9iScv4NZ+wuEvk1Lt4qOQdXv/G1mJ50MjvMH9qpJui8h1R4VbgNAUnIKnTh4E2tTFkPmC8pNd2dUOh9NCKF3lkRSvtR7t0535V/IOtWC/L050tEEsrQ1FbewVDeTnlra1is1HVxnoWS2CL9ayTEklcs5ENO2wkjjNTt2MnWcTx2PjgZtuykfHCEjJa2VVUdcP/sw6dm4hg5mN3w1vreeOFv1Jlb5ibPvWW6cwc2db3CRGERwLFJRRD28NA20ooLochse3No9VBxgSmTd7I05u3UTAllVgKyNhcRuyNdzYbVtyXWEi8ZybfPf0eH55o+Y4empHu5OnfiIqIiIibmMYkM/H9v7Mpu4Kx1+1g054wJvyylQlkaquwc8lFRcU5KoCwXmFANUEWYETjPL6X7QmXpgEKCiIIsNdcttcLy8II6aQv5rpN0ACmP7yQ6YC9soi8z9aS/vofOHrff/Nwki7XRERExIuEp/DEf42nrvkyY+DF4R0vzAvZgukqJ8oNm8SkoVnkniihlAQsQSYIT2iaa/KSnbQxH6+5YfnIxnl7W1kPwGzGQiWlzR80vAaJafNYfFfLZRfnxowg9efzSGnRi07zCYs7NRQz7q5ay3v5DcWpoEHj+MU9Ca7dy0nrRgwi0VhA9rYCZndo7qLWlZefB65hTNkgMxYa8tPcka28f7W52uPUNDwQdInys5VgjW19OGKzGUsb61VV1bRczzyeaeM/54XNX1E+bgTZm48TPjntYq9ZsxkLwaTMv5/UVp6f8A+wAuUdOzcBBA1i5iM/YSZQV3mc3A2ZvPH31zg0p405eYGkxGjIPUBW0fSWcxU3P64de8kljLTEzhmgOfbGUcRu2M6GvFTmspOss9HMmeTDD70bI7n5oZspe/kTGjs+h427WQ/NSLfyyecrREREpBMY47l+YhhFWRvZkrWFon7JTG3twc/9u5uG3WtU8fUOjhLD0DgTEEJiYgzkF1AUHEJIyKU/Qa49kRaSSGI/yPs655J5qKrJ+ToP+g0lIcDFY+0uZgtBVFPd4sFpe4uRkkzBMYyaOZspEZC3/2B3RygiIiJybYxmLCHWhvkeG3+Cm30BbQpu+V6IFWtQO1eDJblk5Ve2/p5jL3kHG+YDDgfiEwdhKS2iwGG9fB8hwW30grOSdF0YHD5JQXAb6wEMjSMpyE7Ojr2txNH44kIx2WZrWQBvhX/Q5fuyNPsY/C+Lpa34RbqJMZIbHpjJd/v5EdRvNL94YCKR+jfZOczjmZkSTOnGDNaeaL1JXdFOchpHBWi1GFlJ7t6yVtZ0QcgIkvrDoaPHW8mFV8jVbbAEmcBWf8kQzO5mI2fnJSNROA6QnWvHMrw/Q1pbZWgcSUGtrVdAzm7bZeslpiQQXribjC3b2FAYxrQbYy/ZViV5x+tb/ZwtZujwuQk7dc2+T/APjibp9hmkRkDuvsNtfgL+Y28gNaySjBWZFLc2ZHfFTt5YV4Jl3GSmddYEvdYJpI60k7Ulmw1bDsD4MUzyvdGfWwqM43uPfodJPf0IGfsdfnVHnB6akW6l07SIiIi0KSYlmZgzm1i1sYz4lOTLR8wDsJbw6Qtv82VBGRUVZRzNfps/rzlKUNIMki/cKITcMJNk05cs+9NKNh0ooqKigorjB9n0rz/z9LIdV5xft6UQpnw3mZD9K3n+nS85erqCitNH+fKd51m5P4Tk705pPU5PMGQMicEVbHpvFbuPV1BRaYfjH7F40WJWbs5rOJaKMo5u/oBNJRA/bGjDenmrePr3T/Py52Wt/04eq37/NE+/soVrvOUXERER8SiledtY/uJfWfjiOjK+yae0opzyihIO7chk6f+sI8sYy9zb4xoax6cwe2gZ6f/7Juk7LrQtzSf743QWPZtBQRv7sKakMM10gKX/8x4Z+49TXlFOedEBMt59jYWvb2so5hoTmH1bBHVfruO3y7M5VHph2x+8ycKmbVtJGhMGeV+wdFPD/qtcu9AV8WzGSG6e9yj/b16yir+dbMgds5gzuIZVS17kD+9mkVdUTnlFOQX7s1m77FUe/1Mma7+5UAEemkBSsI2Md1eTU9SQi7KWv8mqwmutpoWRelsC/tvWsWhF8xiyWP7CX1m63XblTVwifvQgLOW5LH83l4KK8oY5ZdtRV9mwz8t/Kq/4YE3HmWH3apZ80BBTeVEu6S+tJ6vaSuq01kYto+kcUL7p0vVWk3Eugtm3XrJezHim9a8k491cSkcmtiyiXthW8ZrlLPlgZ8P5pPG89uyrpBc1NOvQuanoUxb9x6u8sSn34nY2ZZJRAonDB7f9ERhjSfvRJOLP7mTRU62cM/9fJrlh43nivoTL5r2/emYmJcdh+SaL5d8Ek5LSxmftawIT+N6vHuW/7tSICdL9NKagiIiItM2azPXxH7CycCJTxrRx2dB/Bj9LKmLZm4tZWW4HcxjxNz9K2k1DL15oGIcy+7dPMOC9N/lg2fN8YANMQcSMmM79d411/YIkbjYLfxJG+uq1vPTsSuw0zJs7+7E5JHfC9DRdxjiU2Y/czrk3PmLZc1sgYgYLF97Ko/faefvTt3lpTXXDcNrBMcTf9ThzGod/tp+joryCoGp7679j51x5BRXmaheL6SIiIiKeLXzKD3l+RC4Z67aRsWIv6Rc6A/sHBxM7OoUnb5tEbNM3qmFM+/E8ojLXsfxf75FRCRhNhA+IY/aPbqLNgVWNccz5zwcY8u5a0l9/m3QbYDIRO3Ic8+4Z3/TltzX5AZ4KWser677gD89kgdGENSaa1LRJTdu2Jt/NYyff49W17/Hb95vP6ysi0g5jNNPm/4TE7Z+yfPNOXvgimzoHYDIR1T+OOb9MI6X/hSqiMY65P51E+d+2s/RPBxry1cRUnrxrNwvfusY4ht3GM7+JZvlbWbzwXEMM/sFhJN48nTljr6LAPOw2FtyZztKPMnh6C0Td+gBP3dL2OPq56a+yML21d2KZvySNJNcjaEUgKQ+lYsnM4A9PZVDnAEv/Qcz7zSwmhbe91sVzwKc8vcF+4fySwGP/mUriZU+hhzEtOZr0FadJSRl/WRHVmvwAz0Rk8sa7G1myIZM6wD8sgpRbZzG7cUjmjpybYm5iwfcyePWTT1nyvr1hO8FhJN6Txrw2hn9u0jeFBYuGkf3+etY2njMBS0QEk+5KY+bEWKyd/aBH/BhSrAfICBtFahtDT4tI5zE4nU6nu4MQEZFrt3N3vkvtQ3sEYDAYmn6Adl/T/DVgoI12zf680rJLX3fk9ystb4ur7YMsnv+M1MlTZ4ns08WT3TryWPm7v1N085M8fuOldzQlZC5ezPq+D/LHH4zq2jhExKt0S35ykSfGJCLSyBNzlCfGJCLtO1fhWQPtXqueIZY23/PEHOWJMcklctN55PVyZv9mHjM7YT73dne14nleKB7H4l+mtD6v8LdReRZPP7Wd2EceZ25rUxu7gfKmZ6nW0Cnt2ne40KX2GqxDRERE2lSxNZMvbfFMmeSxgyqLiIiIiIiIiHiO8izWbrOTeOMEFX+bycvYSUFYAtM8pPgr4utUABYREZHWOY6ycdNRgpKSGRvg7mBERERERERERDzfoc92c8gcx7SrGTbbV1VvI+NLG7E3jm97SgYR6VQaAlpExEdoCOj2aQhoEZHu44n5yRNjEhFp5Ik5yhNjEpH2aShT9/LEmESkfcqbnkVDQLdPQ0CLiIiIiIiIiIiIiIiIiHxLeX73pisoOFbCkWMnKCou5UjhCQ4fLWbwgCgG9u9LTFQ4A/v1JbZfF8/oLiIiIiIiIiIiIiIiIiLiAby6ALzi/Q18mrUTh8PRYvnho8UcPloMgNFo5KaUMXz/zmnuCFFERERERERERESkyxkM4CuT/bk4i5OIyFVR3hRf5pUF4COFJ3nu5ZVUVtUAcEfq9UT3DSemb2+iIntTfPI0RSdOc/xEKWsytvLJphy2btvDLx+9l4H9I90cvYiIiIiIiIiIiEjnMhgMOH2kkmFQJUNEuoHypvgyrywA//65twAItgQy9/szGDtqKAD7DhY2Tdo9fvQwGD2M/jERvLFiPZVVNfz+ubd4ZckCt8UtIiIiIiIiIiIi0hWMRiMOR727w+gURqPR3SGIyLeA8qZ4E1ceWDAYDHjdv4gPP/0SgOi+4Tz39M+air8A+w4VsnjpP9l3qLBp2dhRQ3nu6Z8R3Te8xfoiIiIiIiIiIiIivsLk53Vf9bbJl45FRDyXL+UaXzoWaZ05wN+ltl71L2L/4WO8t3YzAL985G6X1m1s/97azew/fKzTYxMRERERERERERFxF5PJz90hdBpfOhYR8Vy+lGt86VikdSHBFpfaelUB+MucPADuv+smQnuFuLRuaK8Q7r/rphbbEREREREREREREfEFRqMRk5/3FwBMfn4aylREuoXypniTsF4hBJoDrtgu0BxAWK8Q7yoAHz12EoCEuNirWr9xvcbtiIiIiIiIiIiIiPiKgACTu0O4Zr5wDCLiPXwh5/jCMUjHREf0brcIHGgOIDqiNwBe86/C4XBQUFRCUGAAUZG9r9h+38HCy5YNH9qfoMAACopKcDgceiJCRES8msFgwOl0YjAY3B2KiEgTT81Lypki4qk8NTcpb4p4J5PJD5PJD7u93t2hXJXG+NvjqblJeVPEOylvijfx9zcxICaSsrMVVFRWYautAxrm/A0JthDWbPRkrykANxZtI/uEXrHtmoytrGFri2UL538PgMg+oRwpPElBUQkD+/ftkljbkvP1AZa+sbrD7SeMGc4P77uVjM+2cbL0DEmJcYwZNbQLIxQREW9iNBqodzgx+ekCTkQ8R73DidHoeXlJOVNEPJXypoh0tkBzAJX11Tid7o7ENQYDHRraUnlTRDqb8qZ4m7BeIS2Kva3xmgJwqLXhQCqratptN3xI/3bfb1y/cXvdKSy0J9ePH9FiWdmZCvYdKqR3WE+GDe7X4r3BsVHY6x3s3neEg/lF9OndSwVgERFp0vh0oslPI1P38R0AACAASURBVFqIiOew2+uv+PSxOyhnioinUt4Ukc5mNBoIDDRTXW1zdyguCQw0d6hAobwpIp1NeVN8kdcUgK09g+kd1pNTp8upqrZhCTJf1mbWjOR2t1FVbePU6XJ6h/XE2jO4q0Jt08D+kTx8/3dbLMv5+gD7DhUyODbqsvca/ebn93VHeCIi4mUCTCbq6uwEmv3dHYqISJO6OjsBJs+7zVDOFBFPpbwpIl3B3+SHMzCAmppad4fSIYGBAfh3sDihvCkiXUF5U3yNVz2O1Dhkc/HJ01e1fuN63T30s4iISFcIMJuosdW5OwwRkRZqbHUEmD3vxlI5U0Q8lfKmiHSVAH8TQUFmPHnaR4MBgoLMBPh3PA8qb4pIV1HeFF/iVX/j0ZG92Q78a10WC3/6PZfX/9e6rKbteJOX3/yAr3buY/7cWSRdF9di2SM/mElpWTkfb9zO+cpqell7cP9dNzFm5FC27drHqg+zOHW6nIAAf6ZOvo7Z372BgICLT6E5HE6+3JHHmoytnDp9FoMBYmMiufeOKVccTltERNzL5OeHyWSkxlbbofk+RES6Wo2tFpPJiMnP84aWUs4UEU+kvCkiXc3f5IefJYgaWy12e727w2nBZPIj0Bzg0ryUypsi0tWUN8VXeFUP4FkzkomJCmffoUJWvP+ZS+uueP8z9h0qJCYq/IpDRXuTd1Z9SubmHBLiYhk8IIryc5X8ffmHvPHP9bzxzwwi+4QydtRQ/IwGPt60nTUff9G0rtMJ6zKz+fvbH1JVXcOYkUMYPWIIJ0+V8dzL77L96/1uPDIREekIS6CZqirvmp9ERHxXVZUNS+DlU7V4CuVMEfE0ypsi0h2MRgOWIDOWILNHFABMfn5N8bhSxADlTRHpHsqb4gu8qgcwwINpqTzzwnI+2bSdIQOjGT962BXX2bZrP59s2t60vi+JCA/lsXl3Ywky43TCm+kZbM7OZfuu/fz0oVmMHD4QgF3fHGLpG6vZs+8It06bQLAlkN15+az95AsGxfblFz+6ix7BQQCcOl3Ocy+v5KNPvyQhbkCr8y2LiIhnMJv9qa6ppbLKRrBF+VpE3KeyyobRaMTswXOeKWeKiCdR3hSR7mYy+WEy+eFwOLDb67HXO3A4HDidTpzOrtmnwQAGgwGj0YjJz4jJ5IfReHV9kpQ3RaS7KW+KN/O6AvDgAVHckXo9azK28tKyNRxIGcut0yYQ2ivksrZnzlbw0Yav+DRrBwB3pF7P4AFR3R1yl5owZnhTgdZggIS4WDZn5zKgXyRDB8Y0tesf3YeePYI5X1VDXZ0dgJ27D2K313Pj5Ouair8AfXpbmTg2nk+zdnLq9FkG9Ivs3oMSERGXhPQI4vSZCvz9/Vya/0NEpLPU1tmprKqhd+jl1+SeRjlTRDyB8qaIuJPRaCQgwIg3DVKsvCki7qS8Kd7IK89As2YkM3FsPK+98xGfZu1gc3YukX1Ciejdi5iocIqKSyk5fZaTp85QV2dn8IAofnjfrfSNCHN36J0u1NryP6/fheEIrD2DWzzVYTQaMTQbGsBmq+NESRkAb6xYzxsr1l+2bYPBwJmzFSoAi4h4OD8/Iz1DLJSfqyTU2gOTyf1D04jIt4fdXk/5uUp6hljw8/P8GWaUM0XE3ZQ3RURco7wpIuIab8ub0jW8sgAM0DcijN8+NoeVH2xi+679HDt+imPHT5GTe6CpTXiYlXGjh3Hv7VPcGKlncjidOC6MUTB8SH/C2ngKpJdVT4eIiHiDQLM/TmcQZ8rPY+0ZrKeMRaRb1NbZKT9XSY/gIAK9aEgp5UwRcRflTRER1yhvioi4xlvzpnQ+rz/z3Hv7FO69fQqlZeUUHj9FYVEJ/WMi6B/dh/Awq7vD81hBgQGEh/XkYH4RYxOHMv3GJHeHJCIi1ygoMACDwcDZ8kqCLYGab0hEulRllY3Kqhp6hli88qZSOVNEupvypoiIa5Q3RURc4+15UzqX1xeAG4WHWQkPszJ21FB3h+I1Jo5NYNuu/XyatYPrRgyhT++LBfPqGhsFRSUMH9LfjRGKiIirAs3++JtCqDhfTdmZWiwWM4Fmb5qhREQ8XY2tlqoqG0ajkd6hIV49nJRypoh0B+VNERHXKG+KiLjGl/KmdB6PLgDvPVBA2dlzlJ+rxG6v7/Tt+5tMhIWG0DMkmIS42E7fvqdLGBbLlMnXseHznSz642vED+1PSA8LpWXnyC8oJqxXCAvmf4+wXhoGWkTEm/j5GellDcZmq6OqxkbF+ZqGm05/EyaTH35GAwaD4cobEpFvPafTSb3Did1eT12dnRpbHSaTkWBLIGYfeZpYOVNEOpPypvKmiLhGeVN5U0Rc823Im9I5PLYA/GnWDt7+16fdtr/J4xL40Zzbum1/nsDk58f375xG/ND+fPjpV+QdLMRur8cSZCYpMY6ZN09W8VdExIuZzf6Yzf7Y6+uptdmpsdVir6zH4XDivDAPvIhIewwGA0ajAZPJjwCTidBewZj8/NwdVpdQzhSRzqC8qbwpIq5R3lTeFBHXfJvyplwbg9MDzy6v/mMd2Tl7AZg4Np7RI4dgDQlm8dJ/MnxIf+5Ivb5F+9aWr8nYyr5DhSyc/70WbZsvr6yuYdc3h9jy1TcA3JF6PbNmJHfx0YmIdI2du/Ndah/ao2EumsYfoN3XNH8NGGijXbM/r7Ts0tcd+f1Ky9viavsgi8c+IyUiIiIiIiIiIiLiU6qr7O4Owad43LfbX+853FT8feY/5hEe1jAv7b6DhU1thg+9OC+tvb6eXj17cPTYSXpZexDZJ5STp85w9NhJeof1ZOigmBbjna/J2Nr0OikxjqTEOKZeP5pnXljOmoytjBw+kCEDo7v6MEVEREREREREREREREREOp1HFoAB7rl9SlPxtz0mPz9iosL5Zt8R3kz/uGl5ja2WxIRBHZrsevCAKB66bwavv7OerC93qwAsIiIiIiIiIiIiIiIiIl7J4wrAhwuKARh3XVyH12ksAO87VNhiee/Qnh3extCBMQ37P1rc4XVERERERERERERERERERDyJxxWAC4tKAOjTu1eH1zl+4jQA35s1ldiYSPILinl37WZKSs92eBuRfUIvbKvUhWhFRERERERERERERERERDyHxxWAr0ZpWTkAg2KjGDoohvNV1QCUnO54AVhERERERERERERERERExNtdeYJcD3e+sprTZecAGBTbF4DrRgwG4OSpM1RV29wWm4iIiIiIiIiIiIiIiIhId/L6AnBJ6Vnq7HZCe4Xg5+cHgL/JRI/gIOrq7Jw8dcbNEYqIiIiIiIiIiIiIiIiIdA+D0+l0ujuI5h5ZsMTdIfDKkgXuDkFExGU7d+e71D60RwAGg6HpB2j3Nc1fAwbaaNfszystu/R1R36/0vK2uNo+yOITsySIiIiIiIiIiIiIeLzqKru7Q/ApXt8DWEREREREREREREREREREGnhcD2AREbk66gHcPvUAFhEREREREREREfFM6gHcudQDWERERERERERERERERETER6gALCIiIiIiIiIiIiIiIiLiI1QAFhERERERERERERERERHxESoAi4iIiIiIiIiIiIiIiIj4CBWARURERERERERERERERER8hArAIiIiIiIiIiIiIiIiIiI+QgVgEREREREREREREREREREfoQKwiIiIiIiIiIiIiIiIiIiPUAFYRERERERERERERERERMRHqAAsIiIiIiIiIiIiIiIiIuIjVAAWEREREREREREREREREfERKgCLiIiIiIiIiIiIiIiIiPgIFYBFRERERERERERERERERHyECsAiIiIiIiIiIiIiIiIiIj5CBWARERERERERERERERERER+hArCIiIiIiIiIiIiIiIiIiI9QAVhERERERERERERERERExEeoACwiIiIiIiIiIiIiIiIi4iNM7g5AREREroWd0tyNpGfuJrfQTh2AyURU//6kpE5n2jAr/u4O8ZrZqaqopA4TlpBg9x5PSSaLnt1J3ZQ0nrkzttUmxR+/yqKPYPZv5jEzopvjE5EOKGHts2+yqiSW+UvSSHJp1YYcwK0P8NQtrvwHb9xnB5qOTuWVBxM6nveuOiYRkQ6qKCArYyNrt5dQamtY5B8SRvz4saTdMoYos4vbu8a8lbNsCUt3Wdu+1rqw/eLRqbzyYKJrG7dXUl5tB1Mw1iB9ZSYiIiIi3ktXsyIiIl6rkpzlr7F0uw3/iGhSbh3MkHAoPXyY7O35pL/0KhnT7mbx7YPcHeg12ssb/5VBDldRrOkipZtWs3TwD5mfGOzuUETEK1hJunM64dUXl5TvyiI918aQlOlMG9isaVgsree9cnLXZZJ9NobUOZNo/REUEZFOdmIjT//vNgocZoaMTGTa6AisFSXkfH2Y3A2ZLNq8l7mL7ifFVy6J9q5j4esFFx7GuVA8Lszm1c1FhI+ezuyRVvfGJyIiIiLSQSoAi4iIeKuiz0nfbsOSOJ1nHhqDpXH52EnMvMdO6ReryQrz9uIvQCypP5hOElaGuDuUJjZyVqwje2gak4LcHYuIeD4zUfFjiGq2pLh0G+m5NqxDxzDpsg5qreU9GwW5+WSX1JOkArCIdAsb2eu2UWC3MvPf5zG778V3Jk0BKg6QnlGGTz0PFzueeT+Iu/AwzgVnC8jeXkBUHxuzR7ovNBERERERV6gALCIi4qVK8wr+f/buPSyq89z7+BcYQEAYRUQBxSCioI4CHlCDGkNEq8aYGNLEJjFJta1tmnRXe3yb7O70kLSNuzvpwbaxOZlqUhLjIRrFECshKFFRHA94QBQFFBEdEXBggPePAQRBBYMwkN/nuriYWeuZte41I/cs172e56EIiB7ZoPhbz4DfuAeY0/5h3QZGQqMiHaj4C8YgI5V5uSxflkzwD+IIcO7oiESka3G8vCciX0XHMR8C/EKI6dvMau8wEua2d0y3mTGEmKiODkJERERE5MtTAVhERKSTMnp7ARayMvdSFtVcEbghM8sWJ5HhH8kLP4lr0Aut6XL7vGrBLPr1aAre2cyGI/Z5KP0GD2f+w3GEezfectGejSzfeJTsYhs4GwgwjWPBvBiC684yzIksfDOX6EcXEJu3jpVphRQZI/n5lEJ++14+flMSeHFW475slbtX8d2V+QTf9yTPTbLZ586kQezVxaQnriUxsxiLFXB3J3jkGObPjiHY4zqxAZ79g5l53wziQ+q6qhTWb/u5R7uzIXEH5lM2TE8sZtENpozzNM1gkWkjz2/ay/LkCJ6bGnjDd99yKp0Na/eQfqqUMhvg7oVpyjQWTA25+rnVv09PEn1kNW/tslBZDcbwSBY9GkfAmWSWr9yPudg+L53p3tk8E9t4vzf9LETk+qqLSf9wA2vq5rg0GAgeNop5CbGENunpb6Noz2qWfZhDbim4evlimh7HggnBbTRPeWGjvMeW5Ty/yVK7Lpdli5cCEP3EYhb1aX4LZTmpvLV2d/388MYQE/Pnx2Pybr69iEhTXhi9gaIc0s/QqAdwcwpqc1X0NedR11t++3PpVXXntwt+GUnRu8lsyCq9mhu/GY+pLs83mp/4rP08ue44Nq1g4Sagyfm0iIiIiIjj6RL9Va5cqeDA4ROs3vgZL/1pFT//7T95+ud/4umf/4mf//afvPSnVazbnMbR43kdHaqIiEibcR0ZSYwXlJmTWfLCCpZv2Ut2kf1i1pd3maR/riOdgcyZF8sckxeWrL0s/cNqzNarrQqSl/Ozdw6RawhkTkIc8+MD4UAqv3p1GwXXbDF34ype/awY18BgYu7ojsvoSGI9oCgji+xGLYvZ+lk+OAcSH+PbTGxW0t98g+VfFOMZHsn8R2OZM9yIJSOVpR8dvRrblrrY/Im/L47500PwK84l8c9vsPyA9ZpNHmXZ/6VivuhD+KgQAlxLb/L+GAiYOps5QZC7aXXT7TXa9i7eejWVVIsXpntiWfBoDFP8bZg3rWZpcmGT5lkfriTxbCBz5sUSP9gdS9ZeXv3nCpb+7RBl4aNYcF8Ewe6lmD9czVtHrr6uNZ+FiFyjOp8N//cGy9MKcQ0xkfBoLHNG+lCUmc5LLzbOewCVhzfz0loLARNj7X+TzsVkfJDIS1vyb0t4fqY7WfBoDNFGAF+mPBrHgkfjiL/OONCVB1bzsz+nk3HRh9j74lhwXwR+RWZe/UPTYxERub5gYu80AhY2LH2F519LIulIPmVtlEfaO5fCeda8uo509zDmPVp7fptj5tV/pmJptr19OP4FsfbzUaMphgWP1ubU2xShiIiIiEhb6dT9QSyXStm2PZPP0s1ctFxuts05awXnzl8k+0Q+65O2M6BfHyaNH8GkcSPaOVoREZE25h7Bgh8ZCHg3mQ1ZhaRvSiZ9U3Jtr7XhzJwxmWi/W/2qL8bSP4EX76utLkTFEL1lOc9vymHlllx7j13rLhI3WcA/kud+VDcMciSx/dfx7Gt7SToymfmDr26xyNqLRb9MILpBT7op47aRuvUQqVnxhIbXLszbxdZT4DfpTmLcm4vtCBkHgEGx/PTxGHsP2qgYZj5USFGpv72JdReJSRbwNbH4R/GE1sUWu4tXn99G+pptxA+LvzqHpqUUz+mP8OJNevI25s/MRfHkvphE+nvriP5Z42Or5z6a+b8Iw2g01i+KGdmLyuc3kpp5iKI4/0YXEcv6j+OVhaPtxzXSh7LnN5KaU4jx69/hmbH2nssxPUtZ+GYu5kO5MLj1n4WINFa5Zxtr8sBvUgIvNMh7Uwat4tn3GuS9WkUnuzH/hUeIrf2bj4kN461friM1aRvpkx65Tu66da59I4jpW0hRUjoZdCc8KpLoupVN7iPJZc2aHMo8glnwk7p5yiOJGenDr15IZ8NOC6ZY47UvEhFpVkDcE7zYYx2vfpBDQZaZxCwziYCrrz+xcZOZOTYY4y12LWjvXAqluI56hBem157vRYXA71awJucUZivENtlf7XD8hqMsTy3GM2gwMVH+bR2UiIiIiMht0WkLwNu2Z/LRlh31hd8+vXsyclgoIyIG0sPYHaOPF9TABUsJZwovcODwCQ4eOcnJ02dZkbiFlO37mDl1HFHDB3XwkYiIiHwJ3mHMXBjGTGspuSf3Y951hNT9heRm7mVZ5iGin3iSRSavm2+nCS9iYhp3LQuYFIlp0zbMR3IoIhi/Y7mYq8EvPBjPUsvVnhNBfQjlKNknC2Hw1YtkfhPubFIgDZ44nOCt6aSm7WJe+GhcgexdRyjCl4S7rtO1jSDCQyDj+B5W7vBnzsj++HkYwOCPX11N40iOPbZRw2uLv7U8RhMzbBtmcy7mIgiur7wGEx/XmuJv3fZMzE/IIuvNXJa9s4tXFo5utlnD4i/WUiwVBjy9gEpbkx7bwQMHXh0W2rkXft5AeTAxoxt8jn18CSCXAkvtu97Kz0JEGjMfyKe5vOc5OoLo9/LJqMt7dSuGRdQXLABwDiN2lDupKfmYj0HMsHYKvDlFOWQVA8OCCbdZsJTUxdiHcD9IOp4LsTcY415EpBEDfqMe4IVRNsqKTpF98ChbMw6RdaqQrYmJbE2L5IUf1N181krtnkuNxIxueL7nT0AAUFiKxQLoVElEREREupBOWQBetzmN9UnbAa7bo/fceQsuzs4E9OlFQJ9eRJnshd6UHftI2b6Pk6fP8tc31vL1+6Zwz6ToJvsQERHpVNy9CB4cQ/DgGGZiw7L7Q55fmUvGus/JNTXo6dpiRgKuHdvO3d0+H1tt0bLyin38v6KUdSxJaWYTBWdpeCUtOKiZAqtxDPHD0ll+wMxWy2jivQ+RutMKw8Yx5bod1HyZ8s0HKHtnMxsSV5OeCLh7ETpqHAvui8TPAJUV9jl/XV2anuq41l2grG6w0N+X4FvsveJpSuCnU5fz/JZtLN0SyIJrG1RbyEreyMrP8im4dmTpZi40+vk3N+x1g7ib0drPQkQaslFpBTA0/TtzdrH/vuZmjeb+Tj09uwFWKqubrGpf5VbKAA6ksuRAatP1zoUUgOauFJFWMuDpF4JpUgimSfFgzWXNXxLZkLeXxD2xPDOq9d11bzWXGo3uwBXKylu7x2bOb0VEREREuqhOVwDed/B4ffF3YoyJxx+KB6D8ipVde49wNCePYzmnOXfe3velT++ehA8KJiS4L6aIgUwaZy8W//3t9ezKPMJ7a7fi79eDEUMHdtgxiYiItC0DxlF3MiUplw1FForg+gXg6qrrrLBQUAT0bbDIarUXQFwNuAKubvbTCKMphoSR3ZtuwrclZWd3YiaEsfLAUdIzi5nitZfUcgOxE+y9ga/LI4SZC7/DzGorZcX5mHeksnJrMj+z2PjrU6PrY6ussjV5af0FxVss+DYnIH4Gcw6uYs2mjawx2Wh4imXZsY6lmwpx9Q9mzoww/NwBLpOxPp2MNtp/23wWIl9VBlzdAWxNCw51ObI279UpKizm2sxaVnbF3rQNc8stcXexxzogggUTm7nxxsNfc1eKyJfnHsycKcFseCeXouKbdJ9t5nwMbj2X+vXyAorJPmWBAc3cMXi2mALAz7/XDQ9BRERERKQr61QF4JzcM/zpnx8C8PRTcxg5LBSA/Vk5rPn4c06ePlvf1s/XiLOzE2fPXeDsuQts255Jr54+TImNYtpdo/n24/cSUNuT+E///JCfP/sNQoL7NrtfERERh5SXylsH+zAnLqzp3GtnDpFRBIQEYP+27GXv8VBUTEE19cP0lWUeJavZjZeSnp7LnPuuXpSz7DRjBvwGh9iLB4NDMDnnYr4M4VGRNLr8ZrNRaWjhaUZ4JLG+R0n6LJnlXvnga2JK+I1eYKWo6Ap+fkZwdsfTL4SYWV4UHVjBmgL7Bb/guth27yc7PvDqMNDlu0g/APgGY2rLCohzIDMXxZH7m2QyzECDd6Os1N471zQjgZl1o66W7yJ9JdBWc9u11Wch8lVQnkNWIWA01v+tmIYFQmZ+k7xXtusQGTTIe3UOHCK1PPLq0KXlZpJ2W8E5ENNtm2HGgL2yW9vrrbk5xwH8wzD57qWgyIZxZCThDb8fqm1UYrjxDTYiIvWspK/dAHfOJsbv2nOJUtIz8wEDoQPsxd8APyNgoeBMIZhqC8LV+aRnXjsESq1bzKVGUxiha9PJTkoiY1RC4ylGqvNZszEX8CLadAvTezSndjSIssvXOQ4REREREQfUqa4G/uuDTwD41mOz6ou/f359DZkHsgF7j+Ahg4IJvSMAP1/75ZwLlstkn8hn7/5jpGcc4v3129ix6yD/veRxZk+bQFVVNRuT0/nXB5/wi/96tGMOTERE5BZk79lP6tZ0Urd6ETo4GFN4IH7ul8nNPEr6gWIszkbmPBhbW+AIJNrkxYatubz19yTKxvlD0VE2fJJrHyq0CSOe2R/y/GsRxI42Umk2syHTAl7BJMTVFkfcR5MQvxfzpnR+9rtTTBkfQbD3ZXIzc0g/ZMH0zaeZP7glRxJM/ERfktbmklEMwfeNvvGQ1ZadLHsxnYK+gcRGDiTUD4rMZjYUgufIAPuwpvWxmVn6h/NMGR9BgPU4qZ/nkF3tTsycybcwLPZNeEQy/+tHyXqz8XsaMMAfTyxkfPAGKy9EEWw9Tur2fAraqvgLbfhZiHRVVgqyDpFbmM/WTw+RDfhFh9feIAOuUZOZs20Va1ISeb7QZM97hw6ydU8xeIUwb2rjjGEMKGXN794g686hmNzP27dZCsEz4ohpy7/tRnyJHevLmg8LWfnqasriBxIQEIGpSS+5YGbODib1zaMsfeENYu4ciskPio4fJ313Pp4znuSnsc0PNS8i0kipmfS0HMwpr7CyfyCmQf0xBXWnsiifjIxDmAvBc2Q8CXXnGENrb0hLWs1y93GYvC+TvW0vW4ua3/wt51JjLPOnH+VXG3NZ9svlmCaGExPUHUveIVLT8imwQvD02SQEtdH7EGEi1iuH1LQNLHUdQ2yQP+FRIVx3thIREREREQfQaQrAKTvs8/ZOGjeCMZFDAPjFS69z9twFurm78fRTcxgyqD8AZeVWTuUVYjC44NerB6NHDmb0yMH4+/VgfdJ2Thec48+vr+Hpp+Zw/4xYDhw+wcnTZ0nZsa/JXMIiIiKOKnTWd3h5ZDpJmw6SfvwQa8yH7Cvc3Qk2xbDg/ljCva+2D57xEAtK17Iyw8xbx8C1bzAJz8SR9b/JzQxFbGTmojgK3tnMmndKqXQ24BdiYt78eEwNelkETF3Ai4FJrPzoEFvX5lMJuHr7Ypo5jTmt6AVnjDFhWr8NM4HEx9ykMGEcx6J5l1j+yVFSN+WzFexzAE+IY8H9pvqebQFTF/Ci30aWbzxK0tp8ADz7B5MwfwbxIbenQuNpSuCZSX/jpYbz8A6ezXOPrmbZhzlsXZuMq5cvsfNmYlq7mjVtuO+2+ixEuiZ3Cr5IZnkmYDAQPCGeZ2Y0KOo6BzLzB0/i9+EG1uw2k5hV284Uw6KEWEKvSRmephk847eDVxNTSbdS/3c9b9TtnWvbGPsQz1xczcq0HBLfySFgeiCmkU3beZoSePGH6SQm7iQ9KZX0anD18iJ4VBwLxqn4KyIt5DWaZ34TTMbWVJIy8snYlk967VD5nv7+TJk3jYRR/ldHFXAfzYLvWli+cj/pa5NJN3gROjGOxeGfs3SLpcnmv0wuDYh7khcHpJK4aT/mz9Ix2wBnA8agYBJmxRM/qA3Ls85hzP/uZMre/Rzz1lSyCGZRVAjRbbcHEREREZE251RTU1PT0UG0xK//+A4nT5/lF//1KAP69eHf6/7Dlm276WHszh+e/3Z9u12ZR/j72+vrn/cwdmfW1HFMHn/1ysjCxUsBeHbhAwwPDyFlxz5WJG5hQL8+6gUsIp3W3v05rWrfs7sbTk5O9T/ADR/T8DHgxHXaNfh9s2XXPm7J85stv57Wtvfw7DT3SLW5jLeXsiwzmEVLE3RhS0RERERERERERG678jJbR4fQpXSKxu5vdgAAIABJREFUq9vbdx3k5OmzjIkcwoB+fTh0NJct23YD8Mw3769vt652Tl8A3x7eVNfUcNFymXfe/4S+vX3rewg//dQc/vz6GtZ8/DmhdwQyadwINn6SzsnTZzlw+ATDhtxx246l/EoFry5fzbGcvGbXu7m5MjA4gBn3xBA+KJhW1is6zIlTZ/k0NQMvTw/ujR+Hp0e3jg5JRERERERERERERERE5CunyYxRjig9wz6k5eCB/QDYYz4KwNxZk+gfZB8aqPyKtb74u2TRQ/zuuW/xh+e/zRMPTwdgzabP67c3clgosWOHc/L0WXbtPQJAWO22Dx052Q5HBC4uzpgiQhg/emijn769e3Lk+CleXb6a1PR97RJLWyi+cIntuw6SYT5KRcXVuzT+seIjFi5eWv/ZdCbrk7azcPFS/rHio44ORURERERERERERERERKRFHL4HsK2qigOHTwAwaqR97t/8M+cBiBx+dUK74gslAPTu1aO+py/AnWOG8a8PPuFMYXGj7YaHDSD1i/0czclj4jgTI4eFsmP3QY6dyL+tx1PHzdWVe+PHExIc0GTdHvNR/rnyY5K27SZy+CC8u3u2S0xfRvSIMF5burijwxARkTYQ/fhiXuvoIERERERERERERETkljh8D+BLJWUAeHt54N3dA4CTp8/i6mqgb++e9e2cne1jJVfamo4RXllpq19fJ/QOe+H1WM5pAIL69mq0v44UHhZMUIAflkulFBVbOjocEREREREREREREREREekkHL4HcF1B1renDwBnz13girWCfoG9G7Xz69WDHsbuXLRc5vOdB7hzzDDAPi8wQOiAwMbtfY34+Ro5d97CufMWehq97fu73PEF4OupqYGsY7ms3vAZuXlnqamx93i+b/oExkSGN5ov+Nq21dU1GL29GB05hPumT8Cjmzs5uQX88e8fEBTgx0OzJ7Pm4885cvw0I4eG8vhD0/jTP+1zFS+aP5voEWH1275oucyLf1oFwM++/wg9jN0bbeuZBQ/wScru+vce7J/Dus1peHRz57++PZeeRu/6bXzn8Xv5ODkdc1YO1dXVDBwQyFOPTMe7uydrN6Xx+Rdmyq9U0MPYnUfuv5uo4WGNjrX8ipW1m9JIzzjE5dJy3NxcGWUK44FZE+nh072+3T9WfMTOvYf59mOzuHS5jI8//YKLlsu4ubkyYfRQ5s6aRDd3NzL2HWXZW+vqX7dz72F27j0M0OS9EBEREREREREREREREXEkDl8A9ujm1uxyg4tLo+euBhdmTR3HO+9/wpvvbuJfH3xCZeXV3sD3xo9vZhsNOkA7NVndYcyHcsjNK6RfgB99evvWL9+5N4s33t2Es7MzQwffgUc3Nw5nn2L5vzZSVGxhRlwMYC/+bvhkB+s2p+Hi4kzoHUH4+fqQm1fIp6l7sFy6zMJHZ9Vv9+y5Yv749/exVlTi092L6poaKisrv9Qx9A/szfjRQzly/DTniy/RP8iffgF+uLka6O7lUd/uUkkp//eP9+nZw5tRIwZzNCePYzl5/OX1tXh39yD/7HmGh4dwwXKZ4yfzeX3lxzy70KN+zuaycit/eX0NR3Py6N2rB8OG3MH5C5dI33OI47kF/PDbD9bfPFBn46dfcL7YwpDQ/tDfXij/T1omlbYqHntwKr49fRg/eiinC4o4lVdIL1+f+vmnr92WiIiIiIiIiIiIiIiIiCNx+AJwn9496ebuhqWktNHzktKmPXUnjx9J396+rNn0OWcKi/Hy7Ea/gN5MuTOS/kH+jdpesVZw5twFevcy0ruXkbPnLgDg007z7VZUVrI+aXujYmh1dQ05uWc4d/4i3dzdmBEXg6eHOwCn8s/x7pqt9PDpzrMLH6Cvv70wXFcA/c/nmYweOQR/vx4czs5l06df4OXZjaefmkPoHVd7P+efOQ9ONBoSu+RyOaNGDGb+1+Px6GbfX/mVii91fJHDBxE5fBD/WPER54svETV8UKMi/EXLZQBstiq+dvdY7o2fgJMTWC6V8oe/vkfemSKCg/z578Xz8fH2pKYGViQm8Vm6mT37jxE2sB81NbB642ccOX6amffEMHvanfXH9cUee7F8a1omc2dObBSb1VrBL/7rMXr3MgJwLCePV5d/yMHDJ7Fcuswd/fvw1CNfY33Sdk7lFTIwOICnHvnal3o/RERERERERERERERERNqDwxeAAQb068Ph7FONnp84dabZtkMG9ecnTz98022ezj8HwKAQe8/OuoKkj3f7FICrqqoxH8ppstzNzZU7xwxjVvx4ejXobXok+xQll8sYN3lUffEXwNPDnbsmjOS1f20k/0wR/n492LnnMNaKSiaNH9Go+AsQWDvXcUO9evrw0H131Rd/25N3dw9GjRhcP6Szj7cX/QJ6c/bcBUaNHFz/eTg5QURYMJ+lm+s/q8ulZRw+dgqjjxcTxgxrVNQ2RYQQHOTP8RP5WK2VuLu71q+7OzaqvvgLENCnF7172YcDt5SUqpeviIiIiIiIiIiIiIiIdFqdogAc2LcXh7NPscd8lChTWP3zTVt3Mn3KmFva5vZdBwEICwkCYN+h4wAMDu3XNkG3QMP5ZMvKraze+Bkp2/dRVV2N0cerUdu6gveWbbvZsm13s9vLP3ueiLABnCksBmDQHUEtiqNnD+8OKf4CuLq64uXZrf65U4PeyX0bDH8N4HLNsN/FF0u4VFJGWfkV/t+Lrze7fT9fI1esFY0KwHXzPddxdnbGzc312peKiIiIiIiIiIiIiIiIdDqdogAcNrAfWz/fy579x4gyhRFlCmPr53vZXFsATtmxj5Tt+zh5+uwNtzMktD/jxwylb29fUnbsY0C/PoyOHAxA5oHs+jYdwdPDnbkzJ5FXUMSO3YcY0K8PcROj69dXVVUD1M+l25zAPr2orqmhuqamXWLuaNXV1dTU1ODu5srw8BDc3Jr+c/by9MDV1aWZV4uIiIiIiIiIiIiIiIh0PZ2iADwmcggfbkxl+66DxE2MJiIsmKmTR7Fl224WLl7a4u0czj7VaCjpOV+7E49u7qTs2MfZcxfoYexO6IDAG2zh9vLo5sbdd0aSk1vAtu2ZjI4cgtHb3hO4X2Bvdu49TEj/vjyWMPWG2/Hz9eFYTh7HTuTV9zBuLYOLM26uzf/zOH/hEuXlV/Dw6Nbs+oZcXJxvaf8t4dvDBy/PblgrKrg3fjxB1ymM36rbGbuIiIiIiIiIiIiIiIjI7dApCsAAo0aEsWnrTlK27+OxhKk8NPsu9h08jrWikokxJiaPH9lk2ORrnTx9lpTt+0jZsY+Rw0IZHh4CQMr2fQBMjDHRrZvbbT+WGxk5LJSwkH5kHcslZfs+7o0fD4ApYiCfpGSQYT7KhDHDGs3tW1FRyfHcM4SFBOHi4szYqAh2ZR5h+66DjBoxuFHb/DPnMRic8ffrecM4XF0N+Pna58k9fjKfKFMYTk5gq6pi2/ZMyq9UtKgAHNDHPudwbl4htqoqDC5t1xvXx9uLYeF3sC0tk83/2cnjD8U32n5Lj/V6Avv0wsnJibNFF7lcWk53L4+2Cl1ERERERERERERERETktug0BeC4idH2AvCOfQT07cU9E6P59U+f4vd/eY/1Sdv5LN3MxBgTkcNCCQzwqy8EWq0VnC4oIm3nAVJ22Au9fXr35Omn5gDw9r+TOHn6LD2M3Zk8fmSHHV8dNzdX4u8azbETeaRs38eYyCH09felX0Bvpk8Zw4cfp/L7v7zLwAGB9O5lpORyOUeOn8bg4sIPv/MgA/r1IWJwMDHREaTtPMDLy/5NSHAAfr4+5OYVkn/mPONHD2X+Q9NuGsuYqCGkZxxiS8puThcU4ePtyYlTZ7hoKcVgaFkht65wnXkgm1//8R2Cg/y5OzaaHjcp1reEkxPMuHssOScL2L7rIAcOn2BIaH+cnZ3JyT3DufMX64+1bl7h1ggZEEBf/57knj7Lb1/5FwMHBDJ65GAihw/60rGLiIiIiIiIiIiIiIiI3A6dpgD85nub6x+/t2Yr99TOj/vj732d1HQzb/07ifVJ21mftB0XF2f8/Xrg5ORM/pmiRtuZOnkUD82+C7DP+/tZuhmAWVPH3bQHcXuJGBzM8PAQ9u4/Rmq6mbmzJuPkBFMnj2bggAA+2rKDozl5HMvJw83NlbCQIGZNHUdwUB8ADC4uPJ4QT/igYDYm7yD7RB5Hj5/G6O3F3bFR3Dd9QosKokNCg1nwjRkkrk/h4JGTuLg4YwoPYf5D0/jHOxtadCz9A3vzw+88yDvvf0JObgF5BUVEDhvUJgVgAN+ePiz57kMkf7aH1HQzuzKP2Jf38Gb2tAnETYy6peIvgNHbi2cXzuW9NVsxZ+WQnnGIPr17qgAsIiIiIiIiIiIiIiIiDsuppqampqODuJm/vrmOPeaj9DR2JzbGxPqk7QA8u/CB+mGcs0/ks33XQU4XnON0QRFWawUA3dzdGNCvD4F9exFlCiMiLBiAnXsP848VHwFwb/x4Zk+b0AFHJiLSdvbuz2lV+57d3XBycqr/AW74mIaPASeu067B75stu/ZxS57fbPn1tLa9h2enuUdKREREREREREREpFMrL7N1dAhdisNf3V7+r43sMR/FxcWZ+V+fxrAhdwCwPmk7r7y2mknjRjBp/AhC7whsNNdtwdlinJ2d6NO78fyvDecBBvj+N+9nxNCB7XdAIiIi7cxWVUWF1UaFzYbNVkV1dQ2d4P4vEXEATk5OODs7YTC44GYw4OZuqJ9qpatSzhSRL0N5U3lTRFrnq5g3RURE2oNDF4BXJG4hPeMQgX39yD9TRGrtcM11vwFSdtiLuWOjwhk6ZAB3jhkOQEAf3/o2JZfL2Z15mCPHT7Nz72EABvTrwzfm3kNIcN92PCIREZH2Y7VWUnbFis1WTTd3V7q5u2HwcsHF2anVPaJF5KuppqaGquoabLYqKittXLhYisHgjGc3d9zdXTs6vDalnCkibUF5U3lTRFrnq5Q3RURE2pPDDgH9xrubSNt5gF49fXh24QP87e2PyD9ThIuLM1VV1QwbcgdPPjKdtC8OkLbrAGcKi+tf28PYHaO3fY7Z4guXKCktr183oF8fJo0fwaRxI9r9mEREbicNAX1jX6UhoKuqqim5XE51dTWenu50c3fr6JBEpAu5Yq2grMyKs7Mz3t09cHFx7uiQvhTlTBG53ZQ3RURap6vlTRERaRkNAd22HLIA/No7G/hiTxbdvTz4/jfvZ+CAAArOnq8vAkeZwvjuE7MbvSbDfJSDh082mQO4zrAhdxATHcH40UPb81BERNqNCsA39lUpAF+xVnKppAwvz254ebp3dDgi0oWVllkpLbuCj7cn3Tpp7wzlTBFpT8qbIiKt0xXypoiItJwKwG3L4a5uf/zpF3yxJws3VwMLH53JwAEBHD9ZwD9WfMT5C5eIiY5gwTdmNHldtCmMaFNY/fOCs8VYKyrx8fbEx9tTc0eIiEiXV36lgsul5fQweuHm6nBf8SLSxXh5uuPq6oLlUik1NR54dOtcPcCUM0WkvSlvioi0TmfPmyIiIh3J4c7Y0zMOAfDUI19j6OABHDxyktfe2cDl0nImjRvBYwlTW7SdhnMAi4iIdHVXrJVcLi2np7E7BoNuehKR9uHmaqCnsTsXLJdxcnLqND0zlDNFpKMob4qItE5nzZsiIiIdzeEmUHB3s3+Jd/fyYHfmEf7y+houl5YzYcywFhd/RUREvkqqqqq5VFKG0cdLF+REpN0ZDC4Yfby4VFJGVVV1R4dzU8qZItLRlDdFRFqns+VNERERR+BwPYCjTGEcP1nAy8v+Xb9sbFQ4Tz48vQOjEhERcVwll8vx8uymofhEpMO4uRrw8uxGyWX70KCOTDlTpOuprq7GZqvCVlVNdXU1NTU11NTcvv05OYGTkxPOzs4YXJwxGFxwdm7d/fXKmyLSkdozb7ZFzoTOlTdFREQcgcOdvYf070v8XaPJPJCNweBCTHQEX7t7bEeHJSIi4pCs1kqqq6vx8nTv6FBE5CvOy9Od4gsVWK2VuDvo0HzKmSJdi81WRUWFDVtVVbvut6YGampqqK6uwmarAmslBhcX3NwMreohq7wpIu2tI/JmW+VM6Bx5U0RExFE41dTczvtiRUSkvezdn9Oq9j27u+Hk5FT/A9zwMQ0fA05cp12D3zdbdu3jljy/2fLraW17D0+Hu0eqWRcsl/Ho5kY3d7eODkVEhCvWCsqvVNDT2L2jQ2mWcqZI11BdXcMVa4W9kOBgDAYXurm74ezcsnNP5U0RaQ+OmjdbmzPB8fOmiIjcuvIyW0eH0KU43BzAIiIi0jK2qipstmpdkBMRh9HN3Q2brbrde+O1hHKmSNdQaauitKzc4YoYdWy18VW2MD7lTRG53Rw5b7Y2Z4Jj500RERFHogKwiIhIJ1VhtdFNw16JiIPp5u5KhdXx7tpVzhTp/CoqbZSXW2/r/L5toaYGysutVFS2LBcqb4rI7dIZ8mZrcyY4bt4UERFxJCoAi4iIdFIVNhuurp1jqGoR+epwdTVQYXO8C3LKmSKdW6WtiitXKjo6jFa5cqWiRb3alDdF5HbobHmzpTkTHDdvioiIOBIVgEVERDopm60Kg8Glo8MQEWnEYHBx2CEGlTNFOqfq6hquXLF2dBi35MoVK9XVN+56p7wpIm2ts+bNluRMcNy8KSIi4khUABYREemkqqtrcHF26ugwREQacXF2atGFu/amnCnSeV2xVjj08KU3UlNjj/9GlDdFpK111rzZkpwJjps3RUREHIkKwCIiIp1UTU0NTk66KCcijsXJyYkaB7ziqJwp0jnZbFWdvpfXzY5BeVNE2lJnz5stid9R86aIiIgjUQFYRERERERERBxSRUXXmOOxqxyHiDi+rpBvusIxiIiIdDQVgEVERERERETE4VRXV2Or6ry92BqyVVVRXV3d0WGISBfXVfKmcqaIiMiXpwKwiIiIiIiIiDiczjyEaXO62vGIiOPpSnmmKx2LiIhIR1ABWEREREREREQcjq2qa/X+6mrHIyKOpyvlma50LCIiIh1BBWARERERERERcThdbfjPrnY8IuJ4ulKe6UrHIiIi0hFUABYRERERERERh1NTU9PRIbSprnY8IuJ4ulKe6UrHIiIi0hFUABYRERERERERh9PVrv13teMREcfTlfJMVzoWERGRjqACsIiIiIiIiIiIiIiIiIhIF6ECsIiIiIiIiIiIiIiIiIhIF6ECsIiIiIiIiIiIiIiIiIhIF2Ho6ABERESk/SS//GM2F968nX/8Epbc43/7A2oRG3nbV/J+UhZ5pbbbFtv+d37M22emsWRJHI5y5CLSdVUW7SXx3R2knyqlzAY4GzAGBTIlbjLxJn9cW7MxcyIL37Qw5ycLmKkEJiJdko2i3Uks/+QouYU2KgHc3QkOj2DmjMlE+7Xu8lbG20tZVhDJCz+JI+C2xCsiIiIi0rFUABYREfkKmbzoOcZWN1hwMJFffVDIpG9/j8kNigYGd+92j+16bPtX8o8PswmaPI9nJw3At4NjK/zkZV5OKmT447/n8eGtfPHpNFallhA1cxrhjvMWi0g7KzMn8rM3c3EdbGLedyMJ93WHS4Wk70gl6e0VJA2azHPfHo1fRwcK5KatJuliGAkzTBg7OhgR+YoqJePtN1hmhvDJk1n8zRD83MFSYCZ1016WvXiI8IR5LB7n29GBAhbMG5NJ7zGaBROCOzoYEREREfkKUwFYRETkK8Tg5U2juqOXATDg4e2Nt4MWJM0Z+ykPf5CnZg53iBMX/0nf47kYGwaPW3jxxWPsySjE/24VgEW+unLZsC4XTHG88EQknnWLvY3Ezw0jPv4QG8xeDlH8BSg6lkN6gZGZM1ABWDq5Koqzd/P5vnNcaknz7r2JGTWKQb4utzswuZm8z0nMrCL60QUsivKqX2z0jmXe4FhmHkgmo4cjFH8BrOSac0gPCGPBhI6OReRLshVxbOd+0s+Utqi5T98I7hwzEF9H+E+biIiIOMR1VBEREZHrKKS4EOjr6TgnLW4eeLt1dBAi0mmV5JJdDKHTh18t/jbkHcFMFQ1E2l5xOm+uyCSvxS/IJSPbxv/7zgQcpbT4VWXJyaMIf+aYvJpdbxwWx5R2jknkq6B4+2aWJbfolhm7zFyO2h7mhxN73r6gREREpMUc5lqqiIiIOAhLCq/85iO49zmenXhNN9WKPbz+/Cp48H94anQJyS+/zOa+j/Bc9EleT/yCvFIbuPsSPvkRHrlnAI06ydqK2bN6BWv25lFuA0PPcOIeeYS4O5rvSls31LL9ydv8+McA/kxbsoQ4fyg/kULiumSyTpdjw4BHv3DiZicwqcH26ub1/d6Drmxbl0zWaQMTnn6OWTcYka/8RDKvr0om64INDB4ERc7hsQej8HWu2+jb/Pjtwvo4KEzm5Zc34z/vOcbmvU3i5ycpaXJ8+3n7x2+zv3YTm1/+MZsBRjzO7x8dDuUnSflgDckHa98bryDC757J/XcOwtu5uShFpNPy7oWfM5jN+ykbFdl8EfgalmPJvPXefszFNjAYCI6ezKKESPxulB+qLWQlb+StrfkUWcHVy5eY++9jflTjUlZl0V5WvrON9FP2OTVdff2JnT6NBLdtfPfN3NpWe3l+8V4Aop9YzCLTrRy4SAfzHcyIvpnknWn5S4IiQlX8dQDGnkbgFBnmUmKimi8CN9LC/NeErZD0DzawMqOYMhu4+gYyc95sZoY03mejnAx49g9m5qx4TDmJPL/JYm9UmMTCxUmAUfOzS6flGxFC0NZM8qpv3hYAZx9GDFHxV0RExFG4/PKXv/xlRwchIiJf3pnCi61q7+HmgpOTU/0PcMPHNHwMOHGddg1+32zZtY9b8vxmy6+nte1dXR2/6lZadoXuXt2+3EYKM9mSWcqgCRMYWHdtq1sQ7nnJpB2EoRMH49OgeUnav1mdG8HsR0bi51RKTloa2Rfy2X/Ui0mPPc7cabGYvApI3byBFEsIU4bWXmirLiT5T79nTdEg5jz5BHOnxTK4Zj/r3/0PpUNiGdzMuKJe/aIYd+dgOLCbkyEP8tx35jJ58jgG9XDF+dgaXnotmbLQOTzx+Fymxw6j59ntrPkoldIBkwnvVXt4+7aQWZDP/owifMdMZUrMWEyhvng08/HWtc06aGPQ7G/w+OwpmHoVsSf5U3ZXDiV2sE/z71lpDmlp2Zw5voeTxknM+8Zcpo+5g+oTaXyafAq/SVEEuPgyeNwEJvYuJOVQNZO+vYTHZ0xm8vAA3F1LSXvtZdY1eG+G+ZdyOOlj8vtOYaijjAMr0gptkp/amOPE1JsAp4MkpR0ieW8eGHvSr4c3rte5NbfMnMgvlp/Ae9wUFj0xhdmRRnL/k8xbh924Z1QgrgCFB1m/10p4bDSDvQBKyVjxFq/udSP267NZNGccY3rns2nVVg72GElMUO0wBmeS+e0ftpPdexhPPTGbh6cNIaSmgNSN2XjfN4t5kyMJOJdBZo2JxT+ezdy7ookO6EYn+IqULsJaUdmGW/NkYGQg1UcOc/zyzVsHTZ7NM3cF0Nb/3N3dXZtd7jg56iqHicnPiMvBfWz9fBe7zpZj9OuDX3c3XJo9vW9Z/ivI3M6uy32ZEjvQPj1KdT4bXvkXK4v6Mu+pe3nsayMZVnOU91bu4nL4aIb1sG/dnpMPYx06gWeeiGfOxDvwu3CEDZ9dYszDM5g9MRD2HyY7JJaXvxdP/F0jCe9xvVhF2l6b5k3P/owZcoVDGYWU1NykrbMP93zrYab1aduseb2cCQ6Uo0REpM3YKlt615G0hHoAi4iIyDUMRMVPYvP/7WFP7iyC6nvL5rEtNQ/fsQ8S3vD/9RZ/7v7vRxhb2/HWe+Lj/IBX+NX6DaTc8yyTjFDy+So2nwnnwYbt7vkWT5W/xF8+3cP0J6KanpS4eeDt5oOHC2DwxLt+kuISUj5Oo2Twg/zPw2Nrexl7M/bhZ6Hsv3n/4xTiwiZdneu43IMxTy+5Ya/feuW+TP7ht5hUW5D2jnmcaYd/zKqjWRQTdONeQBEJLHkovPbJcGY9kMf+/00m6xhEDbXPs9z8nMsnOXYCwh9OYGyw/V3wjpzFt0bMos2vOouIQwiY+gQv+iaxfNNR1ry5ijXYe6iFjx3KzImjCDXWZsTqQyS+l4vnpAQW1yUx70gW/MBG2fO72JA3moSgZnaQlcxbmQbin3mMhAH2RcZRD/Bc1Sqe3fI5uWPjCaaYpHf3kusXyQuL4giwtyJ6agLRU+w9jQE8DYCzC0Zvo+YAls7PEMTXnriLs6/+B3PZ9Zt5DLuLRVOCdMHEUTgHMvOZx/Bbu5k1u/eyLNM+IoFn/0Bix40jfnQIdWmzZfmvKUvqZtYUBDL/hQeIrT1XNU59jGfK/sZLybuY89RoXGtzMiPjeWGeyX4DDkZi54YQY7PhajCAuxFPZ8DgidFbWVM6P0PfiSxKuMBv3suj/Lqt3DEl3M/X+mrOdBEREUfS6S8rHs4+xZHs0xzJPk1ZubWjwxEREekaAiczoV8JO3dkXV2WtZ2dlnDuvvuaasPg4URfM4qzd+QYBpDHsaM2oASzOa/ZdgNCB0BONidaE1uJGfNpCB8R3XiIaTyIHhEOp49xqKLB4l5RjG1J8RfAfzjh11yrCwr0BxvYbvLS0KHhjRf0DSIQuPnNi/4E+UNWykfszy/HVte+05+licj1GfAbNYOf/r9nee23T/LTp2KYMtBA7mepvPTC31hmLrU3O3aUjHJ3oiOvSWIeAwkNKCU7x9Ls1rPMOZQZBxI9oPFyz4GBBBfnkV0ClBwk4xSE3jm6tvjbMDyVvaQL6xbBE08MJ+h637N9h/P9uRE0P0GFdBiDPzFzH+PF3y7mr//vAZ65z0S4wcLWxNUseSGRjNrKVIvyXxMWMvYVw+AwYq754EMH+cPxfLKhNicbiB5XV/y9ylV5U7owj4jZfH86HYbYAAAgAElEQVSKz3XXB02ZyRMRLZnUQkRERNpTpzxDLSu3sj5pO2k79zcp+k4YM4x7JkbTP0gTrIiIiNw6bybEhvPRv9PYMyecKDcbe3Z8AdFP1ffgrefm2fSEwtsHb6DwYjEA5WXAiff5+Y/fb2Zfw7nSmtDKyykHvLs1PY0xdDMAhZRcBOpOBVwc/XTHn7jvfQ9WJZL45zTKbfb5jCfdM4u4oZp5UKTjFbLhdytYU9hwWYM5HQuTef53eylouNo/khd+Ete0sNocd19Ch8USOiyWhOpiUv+5grfe3oz5Dw9gslopw0rSq0tJaualAde5Abas3AYWMy8tNjez1khZOYCVMiDA2EY91MyJLKyfM7jWyHhee9w+YXDG20tZltl4teYTlg7jf50ebZ5BPPHERNp4BNOvnpvlxZvki5tx9Q3BNCkE0ySgOJ1X/zeVZR8e4rV5ES3Lf97XLrdSVgrkbOO7i7c187pgygCsVsrwwq9Hi8K8qRvnxZt894i0sz6T7+eJwnd580Djcw+PYXexaHKfDopKREREbsTRr4g2cSqvkJeX/fu6vX3Tdh4gbecBnnx4OhPGDGvn6ERERLoOQ+QExq59nZT0EqJG7CHloC9jfhDetGFFGTauOakouUQJ4NvDFyjHwxMY+iDPzY1obk+t62Xj4YEHYLvSZK+1y3zxbqMLc+3GYwBxTy0hDrCV5pH1nw0kvvkSJx/+LU9Fd7rTNZEuxp/4pxcQ26g3vwHPunnT/WL56S9H02jGPedutzZcsrMvsaMDeSurmNwiMLm744kXsYseIb6Za6uubs3vxdPDAH4RLH46ppkidG3spe54AhaLBdpicOeIGbz8y2vGSjB41T80JSzg5fsbr3ZVF0vpQB4Rs/n+1xL508dF9iKwpx8PPDEbk6aT/PJulhdvki9axTeGmEGpmM8UUkREy/JfE+725cNieTmhmXNdDHgCuLvjSSlFDW80/BJunBdv8t0j0u48Mc2dyQNlG1idY78m6xEySiMmiIiIOLBOdUXxfPGl+uKvRzd37pkUzZ1jhtPL14eycit79x9j3eY0zl+4xBvvbsLDw52o4YM6OmwREZHOyTmc8WN9eSV1G2mX9pPXbwJPBTbT7sh+MsrHNuoZXLJvDycJYlaYAfDGZApizSe55HmNbTx/8K3wNmHqt4aP9mVQPnpsgwsO5WTsy4J+s4hw+5L7uF3cPfGgnPJGXZ5t2GyG+hFXDV5BDJ85h7OHXmbzkWMQ3dyFSBFpT65eN5j/1tkdT2/3VmytkIwdpYSPC6G5wRLNR/LBI4RQP8A3jGiPo2TlV5EwqOUjAoSbQvDckUdutbHJsPb1vIcS3T+dxF1mLLGxjY+vmvph6D09DGCt4gbTpdoZvDA26VV3lauH5hAWx9MnJoHvV7zLn7bDXU8kcKd6VraNm+XFm+SLJgrNpJYOJDakmepn9SGyjoHnyED8AL+W5L8mjESP8GVl0llyvWIwXe9cdZA9J2fsOcT8wdfc1FifN2uLyVYrldBkqOiGbpYXb/jdI9IRnPtw52MzKX99Lf9hON9/bKxGTBAREXFgnepr+vV3P64v/v7ouw8xe9oEevna56Dw9HBnwphhPL/4cfoH9gbgzXc3aV5gERGRLyEodgJBF1JYs62Y8NgJTUfMAzAW8umrq/git5iSkmJOpq/iL+tP4hE9jQm1V62875zJBMMXvP2/75NyNI+SkhJK8o+R8uFf+NXbe246v25j3kz62gS8j7zPK+9+wcnzJZScP8kX777C+0e8mfC1Sc3H6QhCIzF5lZCyeg3780soKbVB/iZefv5l3v8sy34sJcWc/OwjUgohfHDtjWxZa/jVb37FPz4vbv45Waz5za/41WtpFDe7YxFxGEVHSPpwNUteWMHKFDPZRRYsJRaKTu5lw9vLWfaFC9FfjyMcwDmCOTP8KVi/kqUf7a1tW0j2nmSW/W45iXnX2Ud4LHMGFZP4xxUk7smhqMSCpSiH9C2JPP+7JOwDr/oSPyMCY146zy9LIiPPgqUkn6yU1Tz/i1Wk1/43KnxkCJ4WMys/MJNbYqFM/72SLqbPxIf59Y8f5h4Vfx1WUdYuVv75byz580aSDtTmtLpc+IeNpDoHM39WmL1xi/JfU8bYWKYYjrLsD6tJOpKPpcSCJe8oSR+8wZI3d9l7M9fm5MovNvKzlen2nFyUQ/pHK1hSv20j0ZG+kLWDZSn2/Ze17kRXxLE59+GeBd/i1wsmqPgrIiLi4DpND+BTeYUcyT4NwJOPTL/uHL+eHu5878k5/M/Stykrt5K2cz/3TBrVnqGKiIh0HcYJjA//iPdPjWVS5HVOG/pP43vReby94mXet9jA3Zfwe75Fwt2Drp5oOA9izs9+yoDVK/jo7Vf4yAoYPAgaGscj90e1/oQkbA5LvuNL4roN/P1372PDPm/unGfmMaG5XsqOwnkQcxbO4tJbm3j7/9LAfxpLlkznWw/aWPXpKv6+vtw+nLZXEOH3P8u8uuGfbZcosZTgUW5r/jk2LllKKHEvb2UxXUTanV8sP/3NYDK2bmPDfz4lda3NXlgwGAjoH8a8H04mNuhqLzfjhMd40T+Ztz7YxtKtyfYeZb7+xE6fzZyg6+3ElynfXkBA8kZWfriapFLA2YDfgDDmfPNuguuaDZ7BC9/14a21u1n+v2YqAU9/f2LmTiPa/WqbxfclsmxTEr9Kg4Dpj/HCVFXKRKT9+E16kleGmknauIuk9w6RWGpf7urlRfDIWJ6bEUNw/ZAwLcx/13IOY94vHiP0gw0kvrmKRCtgMBA8bBQL5o6u78lrnPAYL3hsZPnGHbz0Yio4GzAGBRKfEFO/beOEB3jm7GqWb1jNz9ZqvnMRERER6RhONTU1NR0dREus25zG+qTt9Orpw0u/WHjT9m+8u4m0nQcYHNqPH3336+0QoYhIx9q7P6dV7Xt2d8PJyan+B7jhYxo+Bpy4TrsGv2+27NrHLXl+s+XX09r2Hp6Of4/U2XMX6dP7Nk92W53F+//zOnn3PMezE6/tV1tI8ssvs7nv4/z+0eG3Nw4R6VTaJT+1kiPGJCI3dqnkpoOPdzo+3s0N/u6YOcoRYxKRG+tqefN6OROUo0REuqJyDZ3SpjrNYB3nL1wCYMig/i1qH1k79+/p/HO3LSYREZGurmR7Ml9Yw5kU47CDKouIiIiIiIiIiIhIA52mAFw3l69HN/ebtLTz9HBv9DoRERFppeqTbEs5iUf0BKLcOjoYEREREREREREREWkJxx/fslb/wN7s3X+MI8dPt6j94WOnABgc2u92htVq5VcqeHX5avIKivivb88lJDjghu0tl0r5w1/fo9JWxc++/wg9jN3bJI71SdtZtzmNMZFD+NZjs255O9XVNXyxJ4v1Sds5d/4iHt3c+eF3HmRAvz5tEqeIiHQg5wHM+tnvuf63hD9xS35PXDuGJCIiIiIiIiIiIiI31ml6APcP8gfgVF4h54sv3bR92s4D9tcF+t/WuG5V+RUrmz7dSVVV9Q3bpezYx9lzF9opqtbbtPULXl/1MRcvXWbYkDsYEzm4vve1iIiIiIiIiIiIiIiIiLSvTtMDOGr4IHr19OH8hUv85c21LFn00HULjW+8u6l+zuCpk0a1Z5itcuDwCY7mnCZ8UHCz688UFpOyfV87R9VyJZfL2L7rIG6uBp7+5pzrHoeIiIiIiIiIiIiIiIiItI9O0wMY4MlHpgP2XsAvL/s3h7NPNVpfVm7ljXc31ff+jZsYTS9fn3aPs6WsFZVs+nQnFRWVTdbV1EBqupmLly53QGQtc6mkjNKycry8POjb27ejwxEREREREZEuxMmpoyNoW13teETE8XSlPNOVjkVERKQjdJoewABDQvvz5MPTeePdTfYi8F//TS9fH/x6GgEaFYQnjBnGw3OmdFSoN2X08aJvb1+yjuWSeSCbMVHhjdafLjhH2q6DhN4RSEWljdKyKwBcLi3nj//4gLyCcyyaP5uRw0Ibva6s3Mof/55Iwdlinl34AGEDWz4Hct28wLOnTaB/YG8S16dw7vxFXFycMYWHMG9uHD18unPRcpkX/7SK4gt1Q3GX86MX/g7QaE7h8xcusfbjz8k8mE1ZuRU3N1fCQoJ48N5J9AvofYvvnIiIiIiIiHwVODk5UVNT09FhtBknVTNE5DbrSnlTOVNEROTL6VQF4MPZp9i7/1ijZeeLLzWaE9ijmzuzp43nntqhn08XnOPQ0VyOn8gn+0Q+ODkxKCSIAf360C/Aj2FD7mjXY6jj4uLCtCljyH/3PJ9+vpfhEQPx6OYGQFVVNUn/sfcMnjZlDEn/2VVfAO7u5UFMVDiJp8+StvMAw8NDcHG52pH76PHTnMo/x8ihoQwcEHhLse3ae5gt23YRekcgA/r5czj7FHv2H6Os3Mr3npqDm5uBaFMYZ88Vc/DISQwuLgwPD8HNzcDA4AAAjp8s4M+vr+H/s3fn8VHV9/7HX5OZzGSyZ0ICSZgESEKQsIQAYhARQcFWEbWKtS3eurW32lZbvT971V8Xb2u9v6vdrHZxa/ValXqrYF3AiyKyiEAIS4RAwpIhAbLvk0kmmd8fSYaELYQsMxnez8cjj0zO+Z5zPmf4+gXznu/5NjQ6SRwVy9TMVMora9mz/zC//N1rfHPpwlNCbxEREREREZEuQUFBtLe3+bqMARMUNKwewiYiw1AgjZsaM0VERPpnWATAlVV1vLHiY7afFP6OTx3NCFsUsTEdj3m2J8WTkWr3rg28aesX/O0fa2h2tfQ4bsv2vWzZvhfomCl8+1evHoK7OFVSwghmz5jI6k+2sW1HAXNmTQaguOQ4O/IPMG1yGuPHjWb12q09jsualMb/rsvlYPExKqvriB8RDXQEx12Pv549M7NHMNwXdQ1N3Hf3V0gd0xEgl1fW8Ks/vklxyXFKj1WQOiaRW5bM42DxUQoPlmK1Wvjq9VcQHRUOQEtLKytXbaSh0cl1i2ZzzZWXeB/b8vn2vbz0+ge88+EmxqfZiYoIO68aRUREREREJLCZjEG43YERZEDH/YiIDKZAGjc1ZoqIiPSP3wfAXev9NjldANgT47hy7nSyJqV5g97T+dUf/86e/cUALF6YQ0K8jeTRI4mODOPI0QqOHC1n3We72Lgln2079vHDf72ZcSkJQ3JPXYIMBq64dBq5uwpZ/clWJk8cR1hoCO+t+RyTycjCeTNxu9uoqe25DnBcbDSTJozh0827yNtdyMJ5MwA4VlbF/oNHsCfG9enRzyfLnpzuDX8BbNGRJCWMYEd+EbV1jb0ef7SsioPFx4gfEc1lsyb3WLMjKzOVtDFJFBQ5OHj4KFmT0s67ThEREREREQlcJpMRXK2+LmPAmExGX5cgIgEukMZNjZkiIiL949cfpeoe/lpDLNyyZB4/fuA2Zs/MPGv4+9P/+it79hczKt7Gfzx0O9ctms3MaRPYtecAL/ztfczBJi7Pmcr//cE3mDRhDK6WVn75u7/R1tY+hHfXIdYWyYLLpnGsrJrN2/awZ18xu/ceZPaMiYxOiMPj8dB+0todBgPkzJiIxRzMlry93nA8v+AQ9Q1OZmZNOOv705uumbxdjMYgzMHn/lmB6pp6nM0uIsJDMZuDe+wzm4OJCLfi8XhwlJafd40iIiIiIiIS2IKCgjAZAyMAMBmNepypiAy6QBk3NWaKiIj0n9/+Tdo9/I2NieTf7lnqXdf3bN5bs5mSYxVYQyz8x0O3Myre5t33xoq1bN9d2ONR0vfd/RVmz8zs3P/xwN/IOZiVfRH2pHg+/GQby1euJSYqgisundZj5uzJUkaPZGxyAo7Scg4cLqXJ6WJL3l5ioiJ8Pqu2vd2D56TQWkRERERERKSvzGa/f3DZOQmU+xAR/xcI400g3IOIiIiv+W0A/NLrH3hn/v74gduwJ8X3ekxbWzvrN+8C4JYl807Zv+CybManjmbaSQHp125cQKwtko835JFfcGhgbqDXWttoae14JEt4mJWr582gvrGJ4+XVLLhsGrG2yLMebzYHkzNjIu3tHnJ37mf/gSM4SsuZNGEMcbHRQ3ELZxRriyTUGkJ9QxMtLT0fO9PS0kp9gxODwYA9Mc5HFYqIBAaDwaAP3IiI3/F4PBjO9klGH9GYKTI8mUzGYf8Y0N7uQeOmiAyk4T5unkv9/jpuioiI+BO/DIBXrtrofTzwvXcsOefHGe/IL6K8spZpk9O49OJJp+z/6vVX8G/33HJKmGwxB7PgsmwANufu6Wf156alxU1jU7P352lT0rk4awJpY5OYkZVxTufIzBhD/IhodnxRxFvvrcdkNJIzY+JZZw4PhYR4G2OTR1FWUcOnm3fR/f8X8/KLKDxUwqj4GMYO8ZrLIiKBJijIQFu7fiknIv6lrd1DUJD//UJOY6bI8BViMfv8/3PPl8HQUf/ZaNwUkYE2XMfNcxkzwX/HTREREX/id8/TaHK6WPNpLtAxYzcj1X7Ox360fjsAoxN6ziytrKpj5eqN5O0uJNYWxYPfWXpKqDx+3GgANm39gjtu/VJ/buG8mIxG7vha364bFRnGtMnpfPDR59TVNzEhLZmU0SMHqcJzZzYHc92i2RSXlLFy1Ua27iggOSme8spaDhwuxWQysfiqHKIiwnxdqojIsGYyGXG72zAZ/fLzXCJygXK72/xy1onGTJHhKyjIQEiIBafT5etS+iwkxNJrSKFxU0QG2nAdN89lzAT/HTdFRET8id/9Kz5vdyFNnf84uW7R7PM6R+KoET1+rqiuZfbMTJqcLhwlZThKy045JmX0SGKiws/rer50cVYG4WFWDAYDOTMmYjYH+7okAMalJPDI/V/nkuyLqK6pZ9PWLyguKeOi9BT+/fu3MnPaBF+XKCIy7JlNJlpb3b4uQ0Skh9ZWN2aT333OVGOmyDAXbDISEtL7rDB/EhJiJvgcAgqNmyIyGIbbuHmuYyb477gpIiLiT/zub8rtuwsBmD0z85wf/Xwyt7vn/6Cc6yzioKDBz8OtIWYe+u5Xz7l9dFQ4//no3b22ix8RTWbGmHM+7+KFOSxemNPrti7fWnYt31p2bY9tY5MT+N0vvnvGa8TGRPZ5VrOIiJw7s8VEdU0jEeFWX5ciIuLV7GolJtr/nvSiMVNk+DMHmzAYDDQ3u/DnpWkNho5ZbOcaZGjcFJHBMhzGzb6OmeC/46aIiIg/8bsZwAWFDuDcQ9vuoiI7/uIvPFjS52OPHq+ksrqO8LDh9T82n+cV0NDoZNrkdO/9i4jIhcFkNGIyBdHsavF1KSIiADS7WjCZgjAZ/e+RfBozRQJDsMlIWKjVbx/9aeqs79zDX42bIjK4/Hnc7OuYCf49boqIiPgTvwuAnc0dj3+2nsfs3+lTxgNQeLD0lH2VVXXe16cLl7uOyZ6c3ufr+kptXSPbd+0nJiqCy2ZN9nU5IiLiA6EhFpqahte6TiISuJqaXISGnN9TfIaCxkyRwBAUZCDUaiHUavGbAMBkNHprOpf1K7to3BSRoeBv4+b5jpng/+OmiIiIv/C7R0CPTx3NvqIj/OX1D1iTGH/Ox2Wk2VkwZxox0RGUHKvg4w15XHFplnd/RXWt93VlVR1NzmbsSSfOvzl3DwBZk9IG4C6GxtYdBZRV1DDn4knExUb7uhwREfEBiyUYZ3MLjU0uwkL1P8Ei4juNTS6CgoKwWIJ9XcoZacwUCSwmkxGTyUh7eztudxvutnba29vxeDyD+qhTgwEMBgNBQUGYjEGYTMbzWlJK46aIDDVfjJsDNWbC8Bg3RURE/IXB4/GvFSAcJWX817PLvTOB++K5px5g9dqt/P2dTzAag/jj//tBj/2PPfUyjtJyYmMiueX6K5jWGfa++j//y9qNO7h42gTu/sY1A3IfIiJDLW/3wT61jwk3YzAYvF/AWV/T/TVg4Aztun3vbdvJr8/l5962n0lf21tD/e4zUmfU1tZOZXU90VFhmIOHT90iEjhaWt3U1DYSGxOB0eh3DxnqQWOmiPgDjZsiIn0znMZNERE5P84mt69LCCh+FwBDxwzdDVt29+mYEbYoZs/MxO1u45dPv0bxkeOMS0ngvrtuJDQ0pMe5Y22R3p//+sYq1n/eca2H7/saY5MTBuYmRESGmALgswvkABig2dVKfUMTMVHhfrm2k4gELre7jeraBiLCQwkZJrMxNGaKiC9p3BQR6ZvhOG6KiEjfKQAeWH4ZAPfX0eOV/PHlf1J6rAKAr3/lSsYmj8IWHYk1xEx1bT21dY0sX/kJB4uPAvDt2xYzY+p4X5YtItIvCoDPLtADYABncwsNjU6iIjU7Q0SGRkurm9q6RsLDrFhDzL4up080ZoqIL2jcFBHpm+E8boqISN8oAB5YARkAQ0cIvHzlWnbvPXTWdkmjRnDtwhyFvyIy7CkAPrsLIQCGjtkZdfVNhIWGaJ02ERlUjU0uGpuaiYwYvjMxNGaKyFDSuCki0jeBMG6KiMi5UwA8sAI2AO6yaesXfLJpB0eOVuBytQBgMhpJTIhl+pTxLLgsG4tZ/4AQkeFPAfDZXSgBMHSs01bf4KS9vZ3QUAshFn1KWkQGTrOrhaYmF0FBQUSEW4f9GmwaM0VksGncFBHpm0AbN0VE5NwoAB5YAR8Ad3f0eCUA8SOiMRq1Zo2IBBYFwGd3IQXAXVyuVpqaXbjd7YRYggkONmEyGTEGGfr8fojIhcnj8dDW7sHtbqO11U2zqxWTKYjQEAuWAJuFoTFTRAaCxk2NmyLSNxfSuCkiImenAHhgXVABsIhIIFMAfHYXYgDcxd3WRovLTYvbjdvdRnu7B/31LyLnwmAwEBRkwGQyYjaZMFtMmAL8g5QaM0WkPzRuatwUkb65EMdNERE5PQXAAytwfrstIiIip2UyGjGFGglF67SJiPRGY6aISN9o3BQRERER8T9aQEFEREREREREREREREREJEAoABYRERERERERERERERERCRAKgEVEREREREREREREREREAoQCYBERERERERERERERERGRAKEAWEREREREREREREREREQkQCgAFhEREREREREREREREREJEAqARUREREREREREREREREQChAJgEREREREREREREREREZEAoQBYRERERERERERERERERCRAKAAWEREREREREREREREREQkQCoBFRERERERERERERERERAKEAmARERERERERERERERERkQChAFhEREREREREREREREREJEAoABYRERERERERERERERERCRAKgEVEREREREREREREREREAoQCYBERERERERERERERERGRAKEAWEREREREREREREREREQkQCgAFhEREREREREREREREREJEAqARUREREREREREREREREQChAJgEREREREREREREREREZEAoQBYRERERERERERERERERCRAKAAWEREREREREREREREREQkQJl8X0F878os4WlbF0eOVOErLcZSUYU+Kx54YR8LIWBLibUzNTPV1mSIiIiIiIiIiIiIiIiIig27YBsDVNfX8dflq8gsOnbLPUVKGo6TM+3Nmxhj+ZelCYqIjhrJEEREREREREREREREREZEhZfB4PB5fF9FXm7Z+wYuvvQ/AGPsocmZMJH5ENPEjYogfEU1ZRQ1lFdWUVdSwaesXHHIcA+COW79EzoyJvixdRGTQ5O0+2Kf2MeFmDAaD9ws462u6vwYMnKFdt++9bTv59bn83Nv2M+lre2vosP2MlIiIiIiIiIiIiMiw4mxy+7qEgDLsfrtddKjUG/7OmJrBt2+71rvP3dZGQaGD1LGJxI+IBmD+nGn86eV/snVHAS++9j7xI6JJHZPok9pFRERERERERERERERERAbTsJsB/N2Hn8blauG7d1zvXdu3vLKGN1as5Yt9h2ltdRMcbGLi+BRuWTKPuNiOIHhHfhG/f/FtLBYzv3/8e768BRGRQaEZwGenGcAiIiIiIiIiIiIi/kkzgAdWkK8L6Iu33luPy9XClxfM8oa/VdV1PPz4C+zILyLEHExGqp0QczA78ot4+PEXqKquA2BqZipfXjALl6uFt95b78vbEBEREREREREREREREREZFMMmAM4vOMR7azYzKt7GtVdd4t3+6v+sAWDG1PH86rF7ePCepfzqsXuYMXV8j/0A1151CaPibby3ZjP5BYeG9gZERERERERERERERERERAbZsAmAiw6VAjBn1mSCgzsey1ld28DOPQeYOD6Fb9+2uEf7b9+2mInjU9i55wDVtQ0ABAebmDNrco/ziYiIiIiIiIiIiIiIiIgEimETAB84fBQAe2Kcd1vX450TR4047TFd27vadT++63wiIiIiIiIiIiIiIiIiIoHC5OsCzlXR4Y4Zu2ljEr3bRsbHAFBX33jaY7q2d7XrfnzX+Yaas7mF3z3/DwoPlpx2f1REGNlT0lm8MIeI8NBBrMPFig82sjl3Dw2NTsaPG83377oRiyV40K4pIiIiIiIiIiIiIiIiIoNrWATAh48cp7m5heSkeMzmEwFleKiVcSkJfL59L9Mmp3vX/QXYumMfn2/fy7iUBMJDrd7tZnMwyUnxFJeUcfjIcVJGjxzSe+kuI9WOLSbC+7Pb3cb+gyV8vCGP/IJD3P+tm4iLjRrw6zqbW3jmxRUUFDmIjgpnZlYGSaNGEBRkGPBriYiIiIiIiIiIiIiIiMjQGRYBcGREGABVNfWn7Js3O4sDh4/yp5ff4bPMVG+4uyO/yLv/ZF3n6Tqvr8yfM43sKek9trnb2nh5+Wo2bf2C99dsZtnNCzEMcC5bdKiEwkMlJI8eyQ++9RXCw6y9HyQiIiIiIiIiIiIiIiIifm9YrAEcExVOXGw0DY1ODh853mPfGPtIJl80FoAd+UW8s3qTN/ydfNFYxth7zvA9fOQ4DY1O4mKjiYkKH5ob6AOT0cjlOVOxhpgpOVZBs8s14Nc4Xl5NW1s7I0dEK3P8dbsAACAASURBVPwVERERERERERERERERCSDDYgYwwLiUBMora9h/oMT72OZdew7y5j/XUXqsAuh4pPL41NHsKzpCQZGDXXsOUlldz03XzvWGxPsPlHjP568iwq2YzcHU1TfR0uLGGmLB44G9hcX8491PKS45jscDcbHRLLl6NjOzJnhnCR8sPsqv//Q/JCWMYOl1l/P2+xvYd+AIUyemMjMrgz++/I73OlvyCtiSVwDAd/7lOrKnpHuv89Z763GUluF2txEVEcaMrAyWXD0ba4jFe/w7qzexctVGrls0m5FxMaz4YCPllTXc/fUvkz5uNL98+jUA/vW2xby/ZjO79h6kvb2dcSmJ3HHr1USEh7Lig41s+HwXzuYWoqPCufWG+UyblO69n/Z2DzvyC/lofR4Hio/S0tKKyWRkQpqdr924gLjY6NPWY0+M4+/vrKO8sgajMYjJE8byta8sIDqyZ+h/8lrIJpMRe2I8N3x5DhPSkjEYOOf3XkRkKBwvr/F1CSIiIiIiIiIiIjKMjYyL7r2RDGvDJgCefNFYNufu4dPNu7hybjb1DU7+8sYH1NU3MfeSKczNmdJjPd/DR46zbtNO1n22k7+88QE/ffCbRIRb+XTzLu/5/NXR41U0NDpJTUkkxGIGYEveXl56/QOCgoKYOH4M1hAzBUUOnn/1PSqqavnyglk9znG8vIpf/+lNXC2tRIaH0e7xEBEeSs6MiRw5WoGjpIxYWyTjx40GwBYTiccD73+0mRUfbCAoKIgJaXbCQq0cOFzKmk9z+WLfIb53542nrEu8YctuqqrrCQ42ERMVTl1Dk3dfXX0jv/nzm8RERzB9ynj2Hyyh8GAJz7y4gohwK6XHK5k0YSzVtQ0cOFzKi397n/vutpLeWdeWvL288Lf3sYaYGT9uNBHhVopLysgvOMzTL7zFA99ZStRJj/LemlfAh59sJXVMIimj4ykocrB9dyFNThf33nE91pCO97S8spbf/PlNyipqvGshu91t7C0s5g9/WcF9d3+F1DGJfX7vRUQGk/5xJiIiIiIiIiIiIiJnM2wC4EkTxmKLjqD0WAUrV22kpaWVuvompk8Zz7KbrzqlfcrokSy7+Soam5rZtnMfqz7+HLM5mNJjFdiiI5g0wf8C4PZ2D/sOOHj97Y9pb/eQPSUdiyUYR2k5r7/9MdGR4dx3942MircB0OR08cyLb7N2ww5mTM0gfsSJUKC+wcn0KeP5l1sW9pi1Oz51NO+s3oSjpIxxyQncceuXvPscpeX877pcQq0hfPeO60kdkwj0XJd41dotfP3GK3vMeq2ta+RrN8xnbs5UgoI6dtTUNnQc627jS/MvZvHC2RgMHW3/69k3KDlWQXJSPD954F+IjAjF44FX/r6aTzfvYvvuQm8APPmicfz7979GyuiR3nN3b7trz0HmXDypx/tY19DkDW8Byitr+NUf36S45DilxypIHZOIu62N5SvXUlZRQ86Midy2dCEmoxGAlpZWCg+VkmIfeV7vvYiIiIiIiIiIiIiIiIivDJsAOCw0hC9feQn//eaHfLhuG21t7QBcNW/6WY+7at50tu3cx0cb8jAaO5Y8/vKVlxAWGjLoNffmD39dedrtQUEG5s+ZxuWzpwKwr8hBfUMTl1w+3RtAAoRaLcybPZXnXn2P0mMVPULI2JhIli6Z1yP87c2uPQeob2jislmTGZeS6N1uMhq5au50du05SP7eQ9TVNxIVeWLWbfbkdC6fnXXaRyFHhFuZPmW8d19kRBijE+I4Xl7N9KnjiYwIBcBggIvSk/l08y5veNx1j2OTR/U4p8EAMdERAFTX1J9yzezJ6d7wF8AWHUlSwgh25BdRW9cIwPGyaooOlRAVGca1V13iDX8BzOZgJo5PAc7vvRcRERERERERERERERHxlWETAANcnjOFvfsPs3XHPqAjFE7tFlSeTmpKImGhITQ2NdPaCjOmjufynClDUW6vMlLt2GIiemxLGT2SrMw0Ym2R3m2HHMcA+PCTbXz4ybbTnqv0eCVZk9K8P8dER/Qp/AU4erzSe+zJYW5EeChmczCNTc1U1dT1CIBHxdvOuA5ucHBwj7DdYMA7k3dUnK1HW2O3ELaLu62Nz3P38vGG7VRU1dHQ6Oz1PqKjeq7zazQGYQ7u2dXLK2toaGwmdUwiEeE9HyHd3fm89yIiIiIiIiIiIiIiIiK+MqwCYIBv37YY46vvsTl3D41Nzbz0+gdcNmsyaWOTTmlbeLCETzfvorGpGYBZ2Rdx19e/PNQln9H8OdPInpLea7uu2c72pHhGJ4w4bZvEkbH9rqfrOv7C44HX3/6YTzbuICjIwMi4GDIzxhAUZPCuY3y+2ts9eDyeXtsN1XsvIiIiIiIiIiIiIiIiMhCGXQAMcNfXv8z41NGs27STjVvy2bgln1hbJIkjYxljH8UhxzFKj1dSWVUHdMyqnZszhbmX+MfM374anRjHlrwCxtpHnXa944G+TnVNPR4PPWb11jc00dLSSlhoCLboyDOfZAA1OZs5ePgowcEm7r19CZkZY7z7VnywoV8BcKwtklBrCOWVNdQ3NGINMZ+23VC99yIiIiIiIiIiIiIiIiIDIcjXBZyvuZdM4dEffINlN19F2tgkXK5Wdu05yDurN7Frz0FcrlbSxiax7OarePQH3xi24S/A5IvGEREeSu6u/RQdKu2xr6Wllb2FjgGZvdt1ne27Czlw+MR13G1tfLhuGw2NTjInjCEy4syPTB5IJqOREMupwWx5ZS2fb9/br3MnxNsYmzyK2rpG/vnhZ7jb2rz7ur+nQ/Xei4iIiIiIiIiIiIiIiAyEYTEDuMnpItR6+vVs515yYmZvTW0Dh0vKSEmKP2Ud2L6e15+MTojj6itm8tb76/l/z7zOuJRE4mKjqG9wsu/AEUxGIz/815tIGT2y39e5cm42Kz7YwJN/WM6ENDthoVYOHC6lvLKWhJE2Fs2becb1fgeaxRJM9pR09h8s4dm/rOSi9GSCDAYKihxY+/nnZjYHc92i2RSXlLFp6xfs2V9M+tgk3O429hYWYzAE8cN/vYnkpJFD8t6LiIiIiIiIiIiIiIiIDAS/D4Arq+p47FcvY0+M58F7lp617UHHMZ59aQWLF+Zw3aLZZ2375LPLcZSW8eMf3kasbWgeaXy+DAa46vIZjEtJ4J8ffsb+gyUUHizBbA4mfWwS1151CclJ/Q8gDQb40vxZjE1O4K331rO30IHb3UZURBgLLstmydWzsYYMbWB+xaXTsIZYeOv99ezILyIyIpQlV19KQ6OTd1Zv6te5x6Uk8Mj9X2fF+xvY8UURW/IKMJmM2BPjueHLc0hOGjlk772IiIiIiIiIiIiIiIjIQDB4PB6Pr4s4m5de/4CNW/IBePCepWSk2s/Y9ke/eI7KqjpCrRZ++cjdZ5zdW1Dk4MlnlwMwe2Ymt3/16oEvXERkiOXtPtin9jHhZgwGg/cLOOtrur8GDJyhXbfvvW07+fW5/Nzb9jPpa3trqN9/RkpEREREREREREQkIDib3L4uIaD49RrAlVV13vAX4J1VZ57xuXFLPpVVdUDHo53/d922M7btfp7ux4mIiIiIiIiIiIiIiIiIDGd+NwP4f9dtI293ERXVtd5gdvbMTAoKHVRWd/xsT4onNMRCrC2Syqo6Cooc3uMXL8zp8WjgjFS7t11TswtHSRkAsTGRZKTZvQFzrC2SETFRZE1K5cq504fqdkVEBoxmAJ+dZgCLiIiIiIiIiIiI+CfNAB5Yfvfb7ZWrNuFsdgFgDbGQkWbnliVXUFDk4J1VG3GUlntDXIpOHBcbE0nWpDSuWzSbJqeLvN2FVFZ3hsNFPa9hT4xj8aLZZKTaaXK6OsLlqjoqq+ooLilTACwiIiIiIiIiIiIiIiIiw5LfzQB2lJTxX88ux9nsOmV93ianiyf/sBxHSRn2xDhmz8zkjRVrAbj9q1cze2amt+323YX85fUPaHJ2nMdRUoajtBx7UjwPfmdpj/WBu9YZtoZY+Ld7lmJPih+6GxYRGSCaAXx2mgEsIiIiIiIiIueqprmUAzWbcdTtpKxhP1XNDhpbqmhpa8KDX/1KXU7DgAGzMZQwsw1biJ348HTskVMYFz2L6JBEX5fXb+qfgS/Q+/DpaAbwwPK7ABh6hsD33L6EaZPSAHjmpRXk7S7EnhjHg/fcQqjVwsYt+bz0+gcAPPfUA95z3Pfo72lyurhlyTyunDu9Izx+9g0cpeVkTUrj3tuXAFBQ5ODJZ5cr/BWRYU8B8NkpABYRERERERGRs2lsrSb36D/YWfYulU3FpNpySI7MYlR4BjarnXDzCMzGUO/vRMR/efDQ0tZEQ0sFVU4HxxoKKK7Lo6hqE7GhyUyJv4bshBsJC47xdannrHv/LK7N83U54kPJUVnDsg/3RgHwwPLL327bk+LJSLOTt7uQUKuFNZ/mMjoxjtiYSACunDvdO4N39sxMbwBcWVXHxq35zJ6RiTXE0jn7dxIAoVYLixfN5tmXVhBqtVBQ5OBIaTm2znPak+IU/oqIiIiIiIiIiIhcYGqaS/mk+Dk2OV5meuJNLBz3Q9Jtc3xdlvSDAQMWYxgWaxix1pQef577q9aTd/wd/mPdDHLst3F58t1+PaOye//U7F4BKK7No7g2j3f3Pz4s+rD4hl8GwACO0o51fp99aQVNzo41gbtC34qq2hPtOtcDDrVa+NEvngNg5aqN3raO0jIyUu092ubtLmTjlvwe56ysrhvU+xERERERERERERER/7Lm4NN8eOA3XJ7ybR657DMizHG+LkkGWbptDum2OVyd+iDri1/iiQ2XcdW4+1kw9nu+Lu0UXf1Twa+cjgcPGx1/ZZPjZb/tw+I7Qb4u4EwqqzoC2Sani/Gpo4mNifQGwQVFDm+7iuoT7QCyJqV5Z//CidC3+3FNThexMZGMTx3tbdd1PREREREREREREREJbCX1u3lm640ca9zHv83+iC+l/R+FvxeYCHMcX0r7P/zb7I841riPZ7beSEn9bl+XBZzon6sP/Frhr/TKg4fVB37tV31YfM9vZwDbE+OwWi1ct2i2dwbvxi35vP72x9gTTzyqeUTnI5xnz8zkuoWzibVFUllVx8rVG9m4JZ9YW1S3c8bjKCnnukU5XDl3OtARCq9ctRFnZxAsIiIiIiIiIiIiIoEr99hbLM9/kBsm/JxZSbf6uhzxsVhrCl+f9DSbS17j6c+XsDTzSbJH3eCzerr6p4Jf6avi2jy/6MPiHwwej0ejiIhIAMjbfbBP7WPCzRgMBu8XcNbXdH9Nx1oqp23X7Xtv205+fS4/97b9TPra3hrqt5+REhEREREREZHz9GnxC2xw/IVbJ/2WlKhsX5cjfuZwbS6v7b6PS+3f5LLkO4f8+p8Wv8A/9/9iyK8rgefa9Ed80of7w9nk9nUJAcVvHwEtIiIiIiIiIiIiIjJQPi1+gS2ly7k7+78V/spppURlc3f2f7OldDmfFr8wpNdW+CsD6Z/7fzHkfVj8iwJgEREREREREREREQloucfeYoPjL/zL1D8Ta03xdTnix2KtKfzL1D+zwfEXco+9NSTXzD32lsJfGXD/3P+LIevD4n8UAIuIiIiIiIiIiIhIwCqp383y/Ae5ddJvFf7KOYm1pnDrpN+yPP9BSup3D+q1uvqnyGAYij4s/kkBsIiIiIiIiIiIiIgErLcLfswNE36uxz5Ln6REZXPDhJ/zdsGPB/U6bxf8GA+eQb2GXLg8eAa9D4t/UgAsIiIiIiIiIiIiIgFpzcGniQ5JYlbSrb4uRYahWUm3Eh2SxJqDTw/K+dccfJri2rxBObdIl+LavEHrw+K/FACLiIiIiIiIiIiISMCpaS7lwwO/4epUPV5Xzt/VqQ/y4YHfUNNcOqDn7eqfIkNhMPqw+DcFwCIiIiIiIiIiIiIScD4pfo7LU76tdX+lX2KtKVye8m0+KX5uQM/7SfFzevSzDBkPngHvw+LfTL4uQERERERERERERERkIDW2VrPJ8TKPXPaZr0vpl7L8O3jq2Noz7LVgMs5jwqjvcv34TCI03WvQzEm+nV98eglXjv0+YcEx/T5fV/8c9iKXcWv6XWRE2rF29T+PC6crn6Jjy1lTtJzhM+f0CR5YsJR46ijan8Wfi31dz8Db5Hh5wPqw+D/9lSAiIiIiIiIiIiIiASX36D+YnngTEeY4X5cyMAxpRJgye34ZI3G3rWJ3yWJ+vnE5Ze2+LjJwRZjjmJ54E7lH/zEg58s9+o9hP/vXlvIqj874GVnRHeGvu83V8YUFa0g2k8Y8wb1zXmR+pK8rlS4ePAPWh8X/aQawiIiIiIiIiIiIiASUnWXvsnDcD31dxsCJfIJHZ2Sfur1hE69s/Tq7XT/itX1Xc98E/0nbumYvx4/azAOZwz+Izxq5mNUHfsVlyXf2+1w7y94dgIp8yPowy8blEGEAZ+3zvJ3/OHnOrp12ssY9zAL7IuItqYxUCuVXdpa9OyB9WPyfZgCLiIiIiIiIiIiISMCoaS6lsqmYdNscX5cy+MJzuHX0MgBKqzZR7+NyAlm6bQ6VTcXUNPfvocY1zaUU1+YNUFU+kjKPxCCgLZd1W7uHvwAO8g58h6c+v59NR1ayqspHNcppFdfm9bsPy/CgAFhEREREREREREREAsaBms2k2nJ8XcaQMdkyiQdoq8XZW2Ppl1RbDgdqNvfrHP093h/MDY3veNFcyEdnauRcydsFT6H81/8EQh+U3mnyvYiIiIiIiIiIiIgEDEfdTpIjs3xdxtBpB/dpd7go3f88fy95mdK2ciAOW9jdLLroLrKiTmrqLGRd/lOsq19LfbsLDGnEhy5lQcZdZMWc1LR8Le/ue4rtzfm4sWAKXsRM+yNcP7bjMc9dj37uUnZsFg8d63g9KfUAy8YM0H37QHJkFo66nWSPuuG8z+Go2zmAFfnGblct1xAJoTncOgJeqzj3Y22jf8ZXU5aQZInEZADa6yirXs67eY+zt3vDyKUsGrOMmTFpRJgsHdva66iqXc6qPT1nHd90yQFmhkHZ0ctZ0/oEixKzsZksOKt+wk+3vwJAov033Jwyj3hz53U9LpxNm9hy8Ce8e9zRs0jDdVyT/QAzo+1YDYCnjqqaU687XPW3D8vwoBnAIiIiIiIiIiIiIhIwyhr2Myo8w9dlDJn6io87Zlla04j3bnWxe+tiflv8FKVtEGHKJMIIVY2P89rWO/ioe2DnyuW1zQt5t3YV9aR1tA0qo6zxcV7LXcy7x040dR56nP/ceQdbmgvBmEmEKQ1aV7LpwFx+m98RoplM8Z3n6AztgjI7fu6sYTgbFZ5BWcP+fp2jv8f7g6qj2zv6nMFO1pQ8HpjyADNj7L0eZ0t5le9nLCMlJBKTx4W7zYXbEEl87F0su+QJJnhb3sW3pj3B/LhMIkyWjnZtLgiKxBZzFzdPeYLU05zfGvkCNyfnYOsKjDtNmLiae8dfR6IlEhOd18WCNWweczNf4KYeH4iwkJjyn8yNsRPc7sLdDhg6r5v5ALbzeL/8TSD0QemdZgCLiIiIiIiIiIiISMCoanZgs/YeRg17bhelxb/nlZJVQBozR2V7d9Xve4hXagvB8gT3XbKUxM4kwHn0eZ794nFWHdjE3BE5mID6wy+T1waEv8ijM+cR0TltzF25ib/vzSW1K1WuW8VLRc/jZB7zp7zIorjO7c5C3t66kE3Hnicv7WdkZTzBoxknZgLHx7/IA5lxBAKb1U5Vs6P3hmfR3+P9QtX9rHCk8lV7JlZDJPFx93JT3L3c1F5HVV0uBRXPse7wpp6Pf7Y+zLJxOVhxUXbsIV7KX9n5wYVlLMv+GZPCljB/7I/YexDgefZWXoHTuYI1Rcvxrlg74g88NHURtvAcZtug6KTnS0eEpeFsWMmaouf4qCLfe8yShDRMgLP6Kf6c+0zn+TKZOf5nzI/K56Pa7mexYDUWkrf7Tl477gDsZE35b26Ns2OKnEcOT/HuAL+dQy0g+qD0SgGwiIiIiIiIiIiIiASMxpYqws0jfF3GwKq9iYfWnGlnGqn2F7hpdNfP5Ww5vhLIZG76ifAXwJpwFwuOPM5rdR+w3ZXDTAu0uusAiLCO9oa/AKbYHG699MRaymWONzgMRMQ9fCL8BbCmcf3ou9h04Hm2Ox4mK63n7MtAEm4eQWNL/1a17e/x/mLvvsX8rvwuFo1bRkZU56OSgyKxRc8jJ3oeOWMKySu6k9eOdISNtrHzSAwCmtfydlf4C+B8hVeOXM1P03JIin0ADj4FwLrdXz/1ohXbqHYvwmayY4uFUxYYdq3i9c3393iU9NzknI5Zuy1redcb/gLks2XfTWw5zb2VlnSFvwAO8vZvZ1GcHZvBTlIyUNynt8rvBEoflLNTACwiIiIiIiIiIiIiAaOlrQmzMdTXZQwsQxoRxhPBqtOdjxuICP8NyzKvIyW8W9v2QkpaABxs2buY7Xt7nsrd1rGvvhGwgG3U9SQeXUtp+Q94Nu9u5o/KIWVEHNaT0oPSpo51fZ1VP+Dnn5xUn6cjLKty1QGBMdv3dMzGUFramvp1jv4e70+qqp/ntW3PA5A4YhmTR17NpJhs4i0WMKWRlf4CrU0LebMKJoV0TiW3zOOOeXt6nshg6QirTN37TiYzU5cxKTobW3AUESGRBAOmzseIm4JPrcfZtK3nOsLYSQqJ7NjXuPG0Ye+p6nCePEPW2XyGdbaHp0Dqg3JmCoBFRERERERERERERPxZ5BM8OuPEI55xO1j12UI+aniItw9P477Mbo+8rnFQBkAdTnf+GU64ieMNgA2wXce3Jjbz+r7H2Vt5Py9VAlgwWZaxKPUB5iZYgHKqmjsv3ZZP/RnOWtbsIJADYDmz0opXKK14hVVAov0PLEtfhC0ojQn266BqJfHmjiAWg8Ub4p7CbCcH2MRdLJvzAJMs/Z1NvoiI0wTFIhcCBcAiIiIiIiIiIiIiEjC6ZmlajGG+LmXwmOwsmvgzdm//EaXHfsJHCS8y39a5LyweG1DGMm6a8zNmnkOGZk1Yyu0JS3E3l1NyPJ+i8pdZU/s8736RS73xTa6JjyTCDLTAhJQ93B7Aj3k+m4GYXW42huJqaxygivxTqeM7FCUdwBYGJmPHzN96twuw4K59hke2PnX2E6Qv6Qx/6ygteY5PKtaSV5EP3MW3Ln+Y1HNOtvJxulESdpKAe0KCnFZQ701ERERERERERERERIaHMLONhpYKX5cx+GxLWBRlB9ayav9anF3bLanEBwOs5XBZ305pCokjJWUe82e8yI+SFgG57C0vBywkhXbMQD5cV9inc9a39LEIP9bQUkGY2dZ7w7Po7/F+wXoXi8ZmnqVBDtbOWb7uto4//8Lmju8mayYzezt/cOcHDJxreWXvM53hL0AUJkNfCt1ESbOro+Sw2b1f9wIREH1QeqUAWEREREREREREREQChi3ETpXT0XvDYc/CpPEPkAjQ8Hs+Ot613c7cUdcBDrYU/YQt1T2Pqj+ynFd2nXg0tLvoGf68K5eylp7typqPAHgDt8SUu0kBnNU/4KX95T3WRHXX5fPRllfY235iW3xYGgDO2rXsDZAFVKucDmwh9t4bnkV/j/cHM8ffzfxxb/LQ9CeYG3PS/VhzmDvlCSaEADg4XLISgKKiVZS2A+Z5XDPjYbKsJw6xxdzFrbNWc3tC54bWjtCWkGksGtl1/kzmZy8j5UyPjz6Dj0o3dTyy3DyPa7Lv7fjvBQA7Wemv8tD0n3GhxaGB0Aeld5r4LiIiIiIiIiIiIiIBIz48nWMNBaTb5vi6lMEXeR3X2n7Pn6tyWVe0irkjFxEBRKQ9wPVVX/B24yu8mbuct41pWA1AeyH17S4IeoAiMknFxe6q31NU9xRPlVkwndyO67h4dOeavpGLuMm+lGcdy9lbPItHjmQSEQR4yqhvKwfimFm6jAmjO2tLXsLMQ8+zpe0pXvr0Y1LCc4iJXMKtGWk+eKMGxrGGAuLD0/t1jvjwdAqrNw5QRb5R7yzD6YnDFr2Ua7KXck27C7enc2eQpfNDAy7Kjv6EV7om4zsfZ1VJDl+1Z2KNuotbc5Zxc+cHBkzGjhm/9fFL4ehy2P8Ke0c9wQSznaxJnzDpIlfHeT2FlDVHEh/Sh2KP/oR18W+yaEQc1pgHuG/+d3G3d6vTE8f8KHizdiDemeGhv31YhgfNABYRERERERERERGRgGGPnEJxXZ6vyxgyqakPkAIdAVvXxOcgOzmXrOahsQ+TYrZDWz717nychmxSYl/lgUvvJRUAC1nTN3Nfcs929R478RE/4/YZvyEn8sS14sc/waPZr5ITloPV09m2PYr4sIe5NWsdN43uVlhQJjfNeIdFETlYPbkcrnuGUnfUEL0rg6O4Lg975JR+naO/x/uDvfsW89OtP+Kj8lyqWl24DRZMxs4vTx31DWtZt3shT32x9pTjfrf7efY21uHmxDHu1kL2On7EizuWd7Zczktbf0JeQx1uT0dAbHIXkrf/Tg639bVaB+t23MTfD66irNUFXbXSWWf+nRdU+AuB0QeldwaPx+PpvdnwsK/oCAVFDuyJcYxPtRNqvTAXoheRC1Pe7oN9ah8TbsZgMHi/gLO+pvtrwMAZ2nX73tu2k1+fy8+9bT+Tvra3huohGSIiIiIiIiLDUU1zKb/7/Dp+PHerr0uRAPPYuhl8/+KVRIck9t74DGqaS/nlhgtgdrr4rX+/dH2/+vBgcTYFyLPi/URA/HbbUVLGM39ZQWVVnXdbrC2Se7+5BHtSvA8rExEREREREREREZGhFB2SSGxoMvur1l8Yj4GWIbG/aj2xocn9Ds6iQxJJjsqiuPbCmaUu/iM5Kssvw18ZeMP+EdCOkjKe/MPyHuEvQGVVHU/+YTmOkjIfVSYiIiIiIiIiIiIivjAl/hryjr/j6zIkgOQdf4cp8dcMyLkG6jwifaW+d+EY1gFwV/jb5PMHMQAAIABJREFU5HQBYE+M48F7lpI1qWMR+SanSyGwiIiIiIiIiIiIyAUmO+FGtpW+SX1Lua9LkQBQ31LOttI3yU64cUDOl51wo3d5NZGhYsAwYH1Y/N+wDYBPH/7eQkaqnXtvX6IQWEREREREREREROQCFRYcQ479NtYXv+TrUiQArC9+iRz7bYQFxwzI+br6p8hQGsg+LP5vWAbAZwp/Q60Wb5t7b1/C7JmZgEJgERERERERERERkQvN5cl388nhP1HpPOzrUmQYq3Qe5pPDf+Ly5LsH9LyXJ9+tWcAyZAwYBrwPi38bdgHwuYS/XW7/6tUKgUVEREREREREREQuQNEhiVw17n4+KHrS16XIMPZB0ZNcNe5+okMSB/S8Xf1TZCgMRh8W/zasAuC+hL9dFAKLiIiIiIiIiIiIXJgWjP0eNc0lbC55zdelyDC0ueQ1appLWDD2e4Ny/gVjv0dyVNagnFukS3JU1qD1YfFfwyYAPp/wt8stS65QCCwiIiIiIiIiIiJyAbo+4zHe2vsoh2tzfV2KDCOHa3N5a++jXJ/x2KBe5/qMx/QoaBk0BgyD3ofFPxk8Ho/H10X0pj/hb3ePPfUyjtJyAEKtFh78zlLsSfEDXu/ZOJtb+N3z/6DwYMkp+0wmI/Gx0cyafhFXXJqFNaRv93c+amob+OXTHZ9++/fv3Up0VPhZ2x8sPsqv//Q/JCWM4Pt33Yg1xDzoNQ60d1ZvYuWqjczMyuBby671dTkiAyZv98E+tY8JN2MwGLxfwFlf0/01eP9hekq7bt9723by63P5ubftZ9LX9tZQU5/ai4iIiIiIiIj/yj32FquLfsXd2f9NrDXF1+WIn6t0Hua53G+wMPWHZI+6YdCvl3vsLd7If2DQryMXnlsynxqSPjwQnE1uX5cQUPx+BvBAhb8AD95zC/bEOMA/ZgJnpNrJmTHR+zUuOYGK6jreem89j/zyRfILDvmsNhEREREREREREZFAkT3qBi61f5O/7vgWlc7Dvi5H/Fil8zB/3fEtLrV/c8iCs+xRN3Bt+iNDci25cFyb/siwCX9l4Pn19KaBDH+hc9bvPbfw5LNv4Cgt94bAvpgJDDB/zjSyp6T32NbS0sqqtVt5b81mnn/1Pb57x/WkjtHC3CIiIiIiIiIiIiL9cVnynQA8l/sNbp30W1Kisn1ckfibw7W5vLb7Pi61f9PbX4ZK1/X+uf8XQ3pdCUzXpj8y5H1Y/IvfzgAe6PC3S1cI7E8zgbszm4O59qocrrnyEhqbmnnzn+twNrf4uiwRERERERERERGRYe+y5DtZmPpD/rD1ZjaXvObrcsSPbC55jT9svZmFqT/0WXB2WfKd3JL5lNYElvNmwMAtmU8p/BX/nAF8cvgbGxM5IOFvl64Q+LGnXqayus7nM4FPZjDAZbMm89m2L3CUlHGktIz0caOBjhnCW/IK+HhDHiXHKnC72zCbg5kxdTw3L76c8DCr9zzutjY++nQ7H63fTlVNPQYDjIyL4csLLuHiaRMICur5l0h9o5O33l/P1h37aGlpJToqnBuvuYxLsidyuqUzq6rrWPHBBnbtPUhbWzuj4mO4ZckVTBw/pkf79nYPn2/fy3trPuN4eTUeD9iiI7hizjSumD0VsznY27Yv9/fnV/7JlrwC7v7GNdTUNvDhum24XC3cd/dXSB2TSGV1HSve38C2XftpbXUTFxvNzYvnDtCfkoiIiIiIiIiIiAxH2aNuYGRYOm8X/JjC6o1cnfqg1gW+gFU6D/NB0ZPUNJfwvYtXkBQxyaf1dO+fxbV5Pq1FhpfkqCyuz3jM531Y/IPxpz/96U99XUR3J4e/APakOObNnjqg1wkONrF9dyGV1XUAtLrb2JJXwKSMMURFhg3otbpzu9vYnLuHqpp6ZmZlkDAy9vT1mUzsLSym5FgF9qR4xqUkAPDOh5/x95WfgAcmpNlJGT0Sp7OZgkIHR0rLyZ6cjtFoxOOB1976iPfWbCY42MiUi8YRHxvN0bIqNufuISjIQEaqnWZXC+s/343T6WLnF0VUVdcxcXwK1hALx8qq2PnFARJG2kjsrLOmtoHPtu2hvb2dz7Z9QWOTi4njUwgJMXOktJzNuXsINhlJG5vUcb9tbbzy5oesXLURt7uNSRljGZ0YR1llDdt3FXKw+ChTM9MIDjb16f4Atu3cR+mxSoqPlLF1RwFBQQasIRYmZqRgMATx6z+9SUGRA1t0BJMmjMUcbOSj9duprqmnvtFJ0qgRTJ86ftD+rEWG2rGymj61t5qNGAwG7xdw1td0fw3eTyKe0q7b9962nfz6XH7ubfuZ9LV9cLDfPiRDRERERERERPop0hLPxYm3UN5YxCs7v0Nru4tR4eOxGAfvd8PiX+pbyvno4DP8bff3mTryGm7J/BWRFt9PEIMT/TPIEMSB6s2+Lkf8nAEDC8f9wK/68Plwt7b7uoSA4nczgE8Of4dS10zg3/78uz65fndGYxDmzlC0+/sxd9ZkLp42gYT4WO8s25aWVp5+4W32HTjCgeJjTEizU1ffSP7eQ9hiIvk/99xCrC0S6JiNu3VHAaM7H4HdxdnsImtSKrctXYipM0B+Z/VG3lm9iS3bC8iePL7HrN6KqlquuXIW1y261DuT+PPte3np9Q/4aH0e2VPGEz8imj37itmcu4e42Cju/9ZNxMVGee/pmRffZm+hg01b81lwWXaf7q+7ZlcL37vzBiZfNA6DATweeOXvqymrqCFnxkTvPQEUHSrl9y++PQB/QiIiIiIiIiIiIjLcLRj7PaYnfIVPip/jF59ewvTEm8gauZh02xxflyaDZH/VevKOv8O20jfJsd/Gjy79lOiQRF+XdVrd++cmx8t48Pi6JPEjBgzk2G/j8uS7/bYPi+/4XQDcfc1fAEdp+aBfs/u1fBU+nytbTOQp28zmYCLCrbS2umlqagYgKMiAyWSkodFJQ5PTGwAHBRm4eNqEU84REW5l0byZ3qDUYIDxqXaCg7dQW99Is6sFa4jZ2z42JpK5OVN7PEZ62qQ0NowbzRf7DrPvwBHiR0Tz+fY9uN1tXJ4z1Rv+QsdjuBfOm0HR4VJyd+5nzsWTsViCz/n+ups/ZxpTJo7z/lxX38ie/cWEh1m5au507z0BjEtJZNqkND7dvOvMb7KIiIiIiIiIiIhcMKJDElky/idcOfb75B79B6sP/IrXdt9Pqi2H5MgsRoVnYLPaCTePwGwM1fqsw4AHDy1tTTS0VFDldHCsoYDiujyKqjYRG5rMlPhr+L9ztxIWHOPrUnt1cv/cWfauHg19gUuOymJK/DVkJ9w4LPqw+IbfBcAP3rMUR0kZs2dO4pmXhmamptVq4d7br2fjlt1+sQYwQFtbOy2tboAeax83u1r4eEMem7ftobq2/oyBdUR4KJfnTOF/3v2UX/zm1c7HII9h2uR0MtLsPUJRgODgYMJCQ3pss5hNp7TrEhMdgTWk55rMwcEmRtg6Qt7qmnpcrlaqqusBvNu7i4wIxRwcTEV1Hc5mFxZL8DnfX3dJo0b0+Lmqpo7GpmasVgsR4aE99hkMHbWLiIiIiIiIiIiIdBcWHMNlyXdyWfKd1DSXcqBmM466neyt+JiqZgeNLVW0tDVpFuYwYMCA2RhKmNmGLcROfHg6F42YzzVp/z5sZ0qeqX+WNexX/wxAp+vD9sgpjIueNWz7sAwtvwuAM1LtZKTae28IVFbV8divXu41JHzwnqW9njPUauHKudPPuc7B1tDo5FhZFRZzMMmdoXRLSyt//Os75BccwmQykjRqBImjOtbm3XfgCP+fvXsPi/K+8///uhlOg4ICggqOqOBZEzVSC0lMTNKYNo3aNtGkuz3YbvabmvbX3Ta99rubvbrdfjfddtftcWMP6dbdtL0SbTeNsWmjOZgYAzF4wASiGPA0ggoywHAYZoaZ+/fHyAhyHGSYAZ6P6+LiPnzuz/2+keuS637N5/Opdzi79XHX6pu0fMlcHTx6XOUnzqj48HG9Ufyu0iYn60ufX69ZtqlhfQa/acpvDv4/m1Cfry8xMTEhr/UJAAAAAAAAAJ0mJ2ZpxbRPaMW0T0S6FKAHfj8BDCTqAuBQXG5oGtQI0YpK+6BD5WhgmtKbB99T7eVGzc+1KWdGIKhtdLbo/IU6pSQn6RtbNmlaZlqw/c+f3t1rQJqelqKP3blKH7tzlfx+U0UlZfrN/76iP796UH/9mY8PucaGxma52t3dpoX2eLyqvdwoSZqWkSprYrympKWo8nS1LjuaevThbG6Tx+uVLStD1sSEIT1fbyanTFSSNUGtbe1qaGrW5EkTg+dMM1A7AAAAAAAAAAAAMBbFRLqA4VKYv1j33V0Q/CrMXxzpkobE4/Hqjy8X68VX3taEpERt+OjNio+PkyQlxMcrLrZnZn/qbI0qquzdjrW53Hr78HG1uz3BYzExhqZPTVd8XKxaWl3q6PANuc76Bqf2Fx+T3391hG9peZUqz1QrdVKycmzTJEkfWr5QsbEWvVF8THX1V0PgNpdbe18/JL/f1Iob5iohIS6k5+tPSvIELV4wS652t17ef0Qej7dbX0fLKofyyAAAAAAAAAAAAEDUG9UjgLsqzF/cbZRvRZVdRSXl/V5jy8rUyarzsmVFZt3f1w4cVWn51TCy3uHUmfOX5PF4lTwxSV/89EeVO+vqXO6dweYbRcf03Z88o0XzcuRqd+v0uYuyWLpn+WfsF/U/O/fof3YqOJVye7tHJyrPqd3tDYaurvaBR1D3ZnLKRB14p0wlpSc1e+Y01Tc4depsjWJiYnT/fauVOWWyJGnhvJlatWKhikrK9f++/7QW5M1UbKxFFVV2OZvbtHDuTBWsXBzy8/XHMKS1t+fr+MmzKjl6QhWV5zQ/1yZXu1tVZ2qUOilZLa2uIT03AAAAAAAAAAAAEM3GTAA8FA9uWKMHN6yJ2P2vHdUaG2tRZvpkrbppodbcvEzWxIRu5w1D2njfbUpNmahX3jyiktIKZaRP0uc3rdXBoyd0qLQi2Hbh3Bx9/ZEH9MeX39YHp6t19vwlxcQYmpqRqo9/pED5yxZcV+1T0ifpoU/coT/86U0dfvek/H6/ZmZP1SfvvVUL8mZefSaLRZ994G4tyJupP736to69XyXTlNImJ+v++27TmsIbgyOcQ3m+gWSkT9I3Ht2k5/74pg6/90Gwr7+8/yO6VNegF/YUXdfzAwAAAAAAAAAAANHIME3THLhZZPz7th06WXVe83Jn6BtbNvU4X1Fl19ZtOyVJj23Z2GMEcOe5++4u0Lq1hSNTNABESGnZ6ZDap06Ml2EYwS9J/W6r67YkQ3206/J9oGPXbg9mf6DjfQm1vTVpXH9GCgAAAAAAAABGjKutI9IljCljZg1gAAAAAAAAAAAAABjvxn0AXO9wRroEAAAAAAAAAAAAABgW43p+y2ef36dX3zyiwvzF2vzgPZEuBwAAAAAAAAAAAACuy6gYAVzfEJ5RuidPnZckXXY0haV/AAAAAAAAAAAAABhJoyMAdjhVUWUf1j4rquyyV9dKkpKsicPaNwBg9DPNSFcAAAAAAAAAAGMf72KHX1RPAX1z/hKdrAqM0t22fZc2rV+jKWmTgufP19QNqp/6BmewH0my19TqhT1Fwf3lS/KGqWIAwFhhmqYMw4h0GQAAAAAAAAAwppkkwMMuqgPgwvzFequkTCerzqvN5db2Z18aUj9FJeUqKinv9dy83BkqzF98PWUCAMYg/uYAAAAAAAAAgPDjXezwi/opoB/dvEF33roi5OuSEhMGbHPnrSv06OYNQykLADDGmX7+6gAAAAAAAACAcONd7PAzzFEyrrre4dS5mtrgur1dTUmb1Oso3ooquyoqe64dbMvO1MysTKWnpYSlVgCIhNKy0yG1T50YL8Mwgl+S+t1W121Jhvpo1+X7QMeu3R7M/kDH+xJqe4vFUHyCJaRrAAAAAAAAAACh8bh98vlGRVw5aoyaABgA0D8C4P6F3l5KtEb1SgkAAAAAAAAAMOq1uzqYBnqYRf0U0AAARIJpSn6mHgEAAAAAAACAsPH7TcLfMCAABgCgD0w7AgAAAAAAAADhwzvY8CAABgCgD74Of6RLAAAAAAAAAIAxi3ew4UEADABAH0yTT6ABAAAAAAAAQDj4fEz/HC4EwAAA9KODT6ABAAAAAAAAwLDj3Wv4EAADANAPv89kFDAAAAAAAAAADCOfz5Sf965hQwAMAMAAOrx8Eg0AAAAAAAAAhgvvXMOLABgAgAH4/SbTkQAAAAAAAADAMOjo8MvvZ/RvOBEAAwAwCF6PX6bJHyUAAAAAAAAAMFSmacrrYbBNuBEAAwAwSPxhAgAAAAAAAABDxzvWkUEADADAIPl8prysTQEAAAAAAAAAIfN6/fL5mGVxJBAAAwAQgg6vn/WAAQAAAAAAACAEHR1+dTC4ZsQQAAMAECKvhxAYAAAAAAAAAAajo8PP1M8jjAAYAIAhIAQGAAAAAAAAgP4R/kYGATAAAEPk9fhZExgAAAAAAAAAeuH1Ev5GSmykCwAAYDTr8Ppl+k3FxcfIMIxIlwMAAAAAAAAAEWWaprwev3w+M9KljFsEwAAAXCefz5TP5VNcfIxiY5lcAwAAAAAAAMD4xJTP0YEAGACAYeL1+OXrMBUbFyOLhdHAAAAAAAAAAMYHn89Uh9cvv59Rv9GAABgAgGHk95vyuH2KsRiKjSUIBgAAAAAAADB2+XymOjr88jPdc1QhAAYAIAz8PlMen0+GIVmuBMExMYTBAAAAAAAAAEY3v98MLIvX4ZdJ7huVCIABAAgj05Q6vH51eCXDkGJiAkGwEWPIMCTDCHwHAAAAAAAAgGhimpJpmoHvflP+K1+EvtGPABgAgBFimoEpUXxMhwIAAAAAAAAACJOYSBcAAAAAAAAAAAAAABgeo2IEcJvLrR279qm0rFJtLvew9l2Yv1ib1q9RkjVhWPsFAAAAAAAAAAAAgJEW9QFwvcOpb3//6WEPfjsVlZTLXlOnb37tM2HpHwAAAAAAAAAAAABGStQHwE/+965g+GtNTJAtO0OSZMvKHPKo3YoquyTJXl0nV7tb9upaFZWUqzB/8fAUDQAAAAAAAAAAAAARENUBsL26VvbqWkmSLStDj23ZNKxTNR8tq9S27bskSZcdTcPWLwAAAAAAAAAAAABEQkykC+jP0bLK4PZ9awuHfZ1e1v0FAAAAAAAAAAAAMJZEdQDcFWEtAAAAAAAAAAAAAPQvagPgo2WVOll1PrhfVFIenA4aAAAAAAAAAAAAANBTVK4BXO9wBtfm7VRUUi57TZ2++bXP9HldUUm5Sssq1eZyy5adqbtuXaH0tJRwlwsAAAAAAAAAAAAAUSEqA2CrNUHWxAS52t3djyfG99q+zeXW1p/u7DZCuKLKrqKSMj32pY2yZWeGtV4AAAAAAAAAAAAAiAZRGQAnWRP03X98WDt27VNRSbkkadP623XX6pt6bf/CnqJep4fuDIb/9fGHo2YNYVe7Rz/+5XOqPF3d41xsrEWZ6ZO16qaFWnPzMlkTu9fs9XZo7+uHdOlyg1YsnatlS/JGqmwAAAAAAAAAAAAAo0BUBsBSIAROT706fXN/o3hfffOIJMmamKBvbAmM+N3+7EsqKilXm8ut0rJKFeYvDnvNoZqfa1NaanJwv97h1Jnzl/SHPx3QK/uP6Iuf/qgWz58VPN/h86us4owqT1crI31yxALg3XuL9cKeIuUvm6+//szHI1IDAAAAAAAAAAAAgJ6iNgAeiuVL84JBcWH+4uDo4cuOpkiW1ac7blmuFTfM7XbM4/Fqz+uH9KdXD+qXv/2TvvyFDcqdlSUpMAX23335wUiUCgAAAAAAAAAAAGAUiIl0AX3Zset1FR0q77Z/tKyy32sqquxqcwXWDe4MfyVpStqk8BQZBvHxcfr4Rwp0710fVmtbu37/x/1ytXsiXRYAAAAAAAAAAACAUSAqRwDbq2v1yv7DPY7teH6flvcy7XHnaN96h1Nf/cf/7HbOmpgw6tbKNQzp1lVL9fbh92WvrtX5mlrNnTNDkvSLX/9RJaUV+tLn1gVHD3cee/gv71VjU4te3n9YbrdHX334U8qdlSVXu1u7XirSwSPH1dLqUnx8nG5aOlef/Pitmpwysdu9r20bG2uRLStTn/jYLWpra9fPnt4dbFtSWqGS0gpJ6lZPfYNTu/78lo69X6U2l1vx8XGaOztb99+3WjOmZwSvP33ugn7w8/9V9vQp2rjuNj3/57d08tR53bgoV7cV3qgnf/W8Jk+aqG9s2aRJKRO61fnBqfP60VPPafrUNP3t/3kgatZ4BgAAAAAAAAAAACIpKkcA27IzNS93Ro/jva3j2+Zyy3Vl1G9vDEOy19QOa30jYeIEq6Zlpsnt8epc9eDq/8OfDuh3u9+Qx+OVNTFBrna32lxu/ed/Pa/XDhxVkjVRq1Ys1MzsTB08elxbt+2Uo8EZvL6uvkn/8oPf6NU3jyg21qL8ZfO1dMFsXayt10//e5fa3R4VrFwUnGY7PS1FBSsXqWDlIqVdWa/51NkLeuKHv9XbR44rdXKyClYu0szsTB3/4Kz+9cfPqOToiR51X6pz6Ac//71OVJ7TxCSr/KapGdOmaPbM6aq93KjyijPd2pumVHzofXm8HVpz83LCXwAAAAAAAAAAAOCKqBwBLEnf2LJJL+wp0u69xZKkx7Zs1PxcW492W3+6U/ZrAtL01BTVXwk221xubd22s8/ro5XFEqP4uMA/T1s/AXdX7W6PvvLFT2jpwjkyjEBQ+tvnXtHJU+d1712rtG7tzYqJMSRJ7xw9oe3PvqR9Rcf0qXtvVYfPp50vvK7ay40qWLlIn914t2ItFkmBdYkrz9RoXu4M3fyhJdq9t1j26lrNmTldX3joo8H7ezxevbCnSC2tLq1bW6h77/qwjMDtgvfb/XKx5uXZNCn56oje5haXbrphnj636W5ZE6+GuQUrF6miyq5j5VVatWKhLJbA5xXq6htVduKMMqdM1uL5s4b+QwYAAAAAAAAAAADGmKgNgAfjhT1FwfDXmpigR7+wPhjy1jucenbXPpVeWTd4+7Mv6buPPxyxWkfCHbcs1w2L5gT3W1rbVFFp16SUCSrMXxwMfyVp6cLZmpmdqVNnauR2e3XZ0aSqM9WalDJBH//Ih4PhrxRYl3jRvJwB73+h1qHT5y4qc8pk3bpqaTD8laRli3OVNytbFVV2nT57odu03OmpKdq4/vZu4a8kLZ4/S5lTJuvkqfOquXg5OPL4veOn1NDUrHvu+FCPqaEBAAAAAAAAAACA8WxUB8CvvnkkuP2NLRuDAaEUmJ740c3r9eT2XSotq1S9w6mikvJep5GORj6fXx5vhyQNeorj7GlTuu07GpvlbG5Tm6tdj//rr3q9ZkraJLW7Paqrb1RLa7tyZ2UpeeLQQtWGxma52t3Kmpau+Pi4bufi4+OUPNEq0zRlr6nrFgCnTk7uEf5K0qSUCVq+dK5eeu0dvVNaIVt2pjwer0rLqjRxglUfWjZ/SHUCAAAAAAAAAAAAY1XUBsBbt+1URZW92/59dxdo3dpCSVJFlT04NXJ6WopKy6tUWl7Vo5+u4WlFlX3UBMAtrS5drHUoIT5OM7sE26Hw+/0yTVMJ8XFasmC24uN7/nNPSLIqLs4iv9+UaZrXVfNw9HGtDy2brwMH31NpWaXuvu0mXax16PS5C1o8f5ayrgm8AQAAAAAAAAAAgPEuKgNge3Vtt/C30yv7jwQD4K7qHU69sKdowH4vO5qGpb5wM03pzYPvqfZyo+bn2pQzY+qQ+kmbnKIJSYlyezy67+4CZU/vOzBNT0tRkjVRdfWNam5plTUxvs+2nWvx9tVHc0ubPB5vtz48Hq+aW1wyDEO2rIxBP0PWtCmaN2eGjr1fpVNnL+hYeZU6fD4V5i/usw4AAAAAAAAAAABgvIrKBM2Wnak7b12h9NSUq8eyMvTghjXB/Smpk3qdNrg/y7tMOxzoc2gja8PJ4/Hqjy8X68VX3taEpERt+OjNPaZTHqyU5AlavGCWmltc2vN6iTp8vm7nay7Wq/ZygyRpemaaZs+cpiZnq/748tvd2no8Xp2otMvn80uSsqamyzAMXbrcqJZWV7BdZx+1lxv15sH31HUwcGl5lSrPVGtaZqpm50wf9DNYLDHBUdt/+NMBHXu/SrasDM2dMyPknwcAAAAAAAAAAAAw1kXlCGBJenDDGiVZE7R7b7EkadOGNZqfawueT09L0Y+f+HK3a+zVtWprdwf3bVmZ/a6fO9i1dcPltQNHVVpeGdyvdzh15vwleTxeJU9M0hc//VHlzsoacv+GIX3sjg/p9NkLKj70vsorzmh+rk0xMTE6fe6i6uobVbBykT63ca3i4+O0bm2hzlXXqvjQ+zr+wTnNnZ2tjg6fTlSek2HE6GuP3K+cGVM1O2e6pmWm6tz5S/rOj36rOTlZWnnjPC1bkhfs44U9RTp0rEIzszNVV9+kU2drFBsbq/s+UqBJyaGtMTx3zgzZsjJ0xn5JkrT29vyI/9sBAAAAAAAAAAAA0ShqA+ChsA1hrdw7b12h+ganbs5fEoaK+nftNNexsRZlpk/WqpsWas3Ny0Ie4dybtNQUPbZlo15986gOHHxPh46dDByfnKx1awt1563LFRNjSJLm5EzX43/zF9r157d07P0qlZRWKDbWIltWpj7xsVs0MzswFfWk5An66sOf0o7n9+m9E6d18MhxTc1I1bIleT36qL5wWfHxcVo4N0f337daM6YPfvrnTknWBOUvW6Az9ktKnZSsZdeM5AYAAAAAAAAAAAAQYJhm14l6o0eby60du/apqKRcUmBE8J23rui17dZtO3tdM7irx7Zs7DaCGKPL3tcP6Xe739Ctq5bqMw/cLcOIdEVA9CktOx1S+9SJ8TIMI/glqd9tdd2WZKiPdl2+D3Ts2u3B7A90vC+htgcNz7gIAAAgAElEQVQAAAAAAAAAYDSKyjWA21xu/f0TTwXDX0l69vl92rptZ6/tBwp/JamicuA2iE5tLrdKSk8oIT5OBSsXEf4CAAAAAAAAAAAAfYjKKaDrHU1qc7l7HL/saOq1/Z23rpC9prbfPiMxxTOGxwenzsteU6cbF+VqTs7Q10QGgEgzDCkmxlBMjCEjxlBgYLXBB1sAAAAAAAAARB3TlEzTDHz3m/Jf+YrOuYXRVVQGwLbsTG3ZvF6v7D+sk1XnJUmF+Yt1Vx9TQD+4Yc2Q73W0rFKOBqcKVi5WkvX619zF8PJ4vNr3VqmkwO+AxRKVg9YBoE+GIVliY2SxGME11wEAAAAAAAAg2nUOYJEkWa6+2/T7Tfl8pnwdfsLgKBWVAbAkLV+SJ3t1bbcA2JadOaz3qHc4tW37LkmBTzDctfqmYe0f1y8+Pk5/89efinQZABCyGIuh2CvBLwAAAAAAAACMFZ2zHMbFxcjnM9XR4ZffRxIcTaI2AL5Wb1NCX6/LDVenlA5H/wCA8ScmxlBsHMEvAAAAAAAAgLHPYjFksVgCQbDXL7+fIDgaRPV8ul1H/O7eWzzsIS2hLwBgOMXFxygh0UL4CwAAAAAAAGBcsVgMJSRaFBcf1dHjuBHVI4CXL8mTLStD9po62atr9fdPPCVbVqbm59muu+/LjiaVllUG96ekTbruPgEA45PFYiguPubqehgAAAAAAAAAMA51Lovn9fjlY1roiDFMM7qXZ7ZX1+rft+2Uqz18o3VtWRn65tc/G7b+AWAklJadDql96sR4GYYR/JLU77a6bksy1Ee7Lt8HOnbt9mD2Bzrel3CFs7FxMYqL41NtAAAAAAAAANCV1+tXh9cf6TLGpagPgKXAVM07du3T0fcqhz0ILsxfrE3r1yjJmjCs/QLASCMA7l84AuC4+BjFxhL+AgAAAAAAAEBvOjr88noIgUfaqAiAAQADIwDu33AHwIS/AAAAAAAAADAwQuCRx5trAABCRPgLAAAAAAAAAIMTGxujuHjep44kftoAAIQgNo7wFwAAAAAAAABCERsbo9g43quOFH7SAAAMksViKI4/UgAAAAAAAAAgZHFxMbJYhnepPvSOt9gAAAwS05QAAAAAAAAAwNDxjnVk8FMGAGAQ4uJjZBh8Og0AAAAAAAAAhsowDELgEcBPGACAAcTEGKz7CwAAAAAAAADDIDY2RjExDLYJJ95mAwAwgFjW/QUAAAAAAACAYcM71/DipwsAQD9iLIYsFj6NBgAAAAAAAADDxWIxFMN717AhAAYAoB9M/QwAAAAAAAAAw493r+HDTxYAgD4Yhhj9CwAAAAAAAABhYLEYMnj9GhYEwAAA9MHCJ9AAAAAAAAAAIGx4Bxse/FQBAOgDo38BAAAAAAAAIHx4BxseBMAAAPTCMKSYGP74AAAAAAAAAIBwiYlhGuhwIAAGAKAXhL8AAAAAAAAAEH68ix1+BMAAAPSCPzoAAAAAAAAAIPx4Fzv8CIABAOiFwR8dAAAAAAAAABB2vIsdfgTAADBGGCEslBBK2/GKHxEAAAAAAAAAhB/vYocfATAAjBEJ8XFhaTteEZIDAAAAAAAAQPjxLnb4EQADwBiRPCEpLG3HK/7mAAAAAAAAAIDw413s8CMABoAxIm1yshIT4gdsl5gQr7TJySNQEQAAAAAAAAAAGGkEwAAwhmRlpvcbAicmxCsrM30EKwIAAAAAAAAAACMpNtIFAACGT1xcrHKyp8rR2Kzm1ja5PV5JgTV/kyckMfIXAAAAAAAAAIAxjgAYAMagtMnJhL0AAAAAAAAAAIxDYyIArqiya8eu12Wvrg0eS09L0eYH79H8XFsEKwMAAAAAAAAAAACAkTPq1wA+Wlaprdt2dgt/Jane4dTWbTt1tKwyQpUBAAAAAAAAAAAAwMga9QHwjl37gtu2rAzdd3eBbFkZvZ4HAAAAAAAAAAAAgLFsVEwB3eZy69U3j6ii0i5JsmVn6r67C5RkTVC9wxk4lpWhb379s5KkdWsL9e3/eFr2mrrg+TaXW7v3FgdHCs/Ps+nOW1coyZoQgScCAAAAAAAAAAAAgOEX9QFwm8utrT/tPsVzRZVdFVV2bVp/e/DYsiV53a5btiRP9po6SVJpWaVe6BL+dvZxtKxSj31pIyEwAAAAAAAAAAAAgDEhqqeA7i387WSvrtXWbTuD+9eGuF33n9y+q+8+frpTbS73MFYNAAAAAAAAAAAAAJER1SOAX9l/OBjc2rIy9OjmDbJaE7R1247g6N7Oc4X5S7pdW5i/REUl5T3aPbZlkyQF+7BX1+qV/Ye1bm3hCDwRAACR1ep1qMpRrHPOUl1sqZDDZVeL57I8vjaZMiNdHoaRIUPxliRNjJ+iNKtN0ybO18yUZcpNK9CEuLRIlwcAAAAAAAAgTAzTNKP2be+/b9uhk1XnJUnfffxhpaelSAqMDC4qKVOby60ka4IK85f0Oo1zf+3aXG599R//U5I0L3eGvnElGAaA0crV1hFS+9raSzIMI/glqd9tdd1WIFzqtV2X7wMdu3Z7MPsDHe9LqO2tSVH9GamQHar5nUov7dYHjgORLgVRYG7aLVo29T6tzHog0qUAAAAAAAAAIb/fRv9Gzdtta5eAN8maoLtW39TtfJvLrfNXRvtaE+Nly87stR0AAOPJ62d/pgPntqvZUzdwY4wbHzgO6APHAb1UtVW3zNys23MeiXRJAAAAAAAAAIZJVAfAtqzM4AjgrT/dqce+tLHXkb7PPr9Pr755pMfx5UvydOfqFZqfa+t2vHNt4a73GSmudo9+/MvnVH3hsv72/3xKs2dO77d9k7NV/75th7wdPv39Vx7S5EkTQ7pfXX2j9uwrkSStXZOvjPTJQ64dADB6vHvpRb1UtVX1rrORLgVRrNlTpz9X/pveqd6he3If0w1T7410SQAAAAAAAACuU0ykC+jPurWFsmVlSJLs1bUqKinrtV1RSXmvx4+WVWrrtp3a/uxLanO5u7Qv67a2cCTW/3W1u/XSayXy+fz9ttv/9ru6VNcw5Pu0tLr0ztEKvXO0Qi2triH384tf/1EPf/0/tHtv8ZD7AACMjOdOPK7fln2F8BeDVu86q9+WfUXPnXg80qUAAAAAAAAAuE5RHQAnWRN0X5dwtmuI29WDG9Z0209PTQkGx1IgIN6xa1+v/WzasKbXUcUjobzijD44fb7P8xdrHdpf/O513WP2zOn68RNf1o+f+PKAo40BAKNbQ3u1th26Xwern4l0KRilDlY/o22H7ldDe3WkSwEAAAAAAAAwRFE5BfTRskrt2LVP9Q5nt+N9BbWF+YslSduffUmSVN/g1Lq190gKTA/tanerqKRctqwM3bX6pm79bN0WmAo6PS1Fm9av0fIlecP+PH1xe7x66bUSzZk5XfHxcd3OmaZ04OB7anS2jFg9AIDR61LrB/qfY3/NqF9ct7NNR/TUkb/U5278haZOmBvpcgAAAAAAAACEyDBN04x0EV1VVNmDoWxXtqwMPbZlk5KsCcE1fwvzF2vzg/cE2xSVlAdDYEn65tc+I0n69vd/LSkQ8n738YcDawBv2yF7TV2P+2zZvD6sIXDnGsB19Y2alpGmyjPV+uJDH1X+8gXd2tlr6vSDn/9emVMmy+PtUGtbe7c1gD0er0pKK7TvrVJVX7ysjg6f4uPjtPLGeXrgvts0cYJVktTY1KJ//UlgJFjn9V2PffkLG/TK/sM6dOykPB6vJk+aqE/ee6s+vGKRDEPavbdYL+wp6vEc1sSE4BrGpimdqDyn5158U+eqL8k0pYz0yVp/T6Hyly2QYQSuOX3ugn7w8/9V9vQpeugTd+gPf3pTJyrt8vn8mpaZqoc23KGF83KC9/D7TR0rr9RrB0p16twFeTxexcZatCDPpk9/8s5u6xl31tk5bfjvdu9XXX2jLJYYLV0wW5/+1J2anNJ9/WRXu1u7XirSwSPH1dLqUmysRbasTH3iY7doQd5MGYYG/WxANHC1dYTUvrb2kgzDCH5J6ndbXbclGeqjXZfvAx27dnsw+wMd70uo7a1JUfkZqV41tFfrqSN/SfiLYZVuzdHDK36j1MTsSJcCAAAAAACAMS7U99von+Vb3/rWtyJdRFdbf7pTritTNNuyMnRbwY1aviRPmzbcERy5+6OnnpMUCEnrG5zBwNaWnan6Bmcw2M1fvkBzcrKCx1wut5YvydOUtEnKX75Ak5KTNCdnulwut5zNbZKkU+cu6K7VN4Xt+To6fDp45LjcHq8++bFbVV5xRnX1TbrphnmKi7VIknw+v/73xf2qvnBZD6y7XWftl+Rq9+jWVUuVmBgvSdr98tv63QtvSKa0IM+mnBlT5XK1q6LSrvM1dVqxdK4sFova3R4deCewdnLn9Z3HXC633n2/So4GpxbNy5E1MUEXax169/1Tmj41TVlT0+VyuRUba5Gr3S2Xyy1bdqYWz8/RzOxMLZqXowlJiSopPaGfP71bLW3tWpA3UzkzMnWpzqG3Dx9XbGyM5s6ZISkQRr99+Lg8Hq8OHjkuv9/Uonk58pumLlxy6L3jp7UgzxYMud85ekK/+M2LanO1K292tnJnZcnn8+vU2Qt6/+QZrbhhnhITAj+Pk1XnVVFlV3NLm4oPBUZ758yYKmdzq86ev6Rz52u1fOnc4M+4rr5J//bksyo7cVpJSYlaunC2MtIm6Yz9og6VVmh+rk1pk5MH/WxANOjw9r+m+LVaW1sJgPsRFxfVqyR0s730C7rQciLSZWCMcXU0ye48pvysjZEuBQAAAAAAAGNcqO+30b+oG97UOe2zLStD3/z6Z3uct1fXdtsvKimXpOBI4MuOpuA5W1ampMCawJ3a2gPhcpI1IRj0rltbqG//x9OBQPmaaafDKXv6FBWuXKS9bxzW4WMVumXVUknSuepLOlZ+SsuX5mnenBna+/qhHteuXrVUH1q+QNMz04OjUD0er37yX8/r5KnzOnXuohbk2fq9v6vdrWVLcvXZjXcr1mKRaUq79xZp995ilRyt0Iql87RsSZ6WLcnTL379R9U7AmH7fXcXBPuw19Tp2ef3aXLKRH314U9qWmaapMA6y0/+6nm9/tYxrbxxvjKnXB2t29TcqnVrC3XvXR+WYUgdPp+2P/OS3jl6QsfKqzTLNk2StHThHP39//dp5cyYqpiYwEOapvTr3+3Vmwff03vHT+uWDy3p9kzOljZ99eFPKXdWliSprr5R3//Z73Wu+pJqLl5W7qwsdfh82vnC66q93KiClYuCz9/5M6w8U6Mc29QhPRsAjLTnTjyus01HIl0GxqizTUf03InH9ckFT0S6FAAAAAAAAACDFLXDm5b1MQ1zZ4DbVVFJubZu26mt23bqZNV5SYEAuXPEcH3D1VA3KbH3dYT7ul84xRiG1ty8XFPSJmnvG4fU1NyqDp9Pf3r1HcXGWnT37fnq6PCpsannOsBpqSnKmno1/JWk+Pg4JU+0yuvtUFtb+4D3T55o1drb84Php2FI83JtiouLVVNzq9rdngH7OHll1O3ypXnBgFQKBOy3F96oRmeLai5e7nbN1IxU3VZwQ7D2WIslOPXzpbqGbn3MnjktGP521pg6OVmS1NDY3KOeFUvnBsNfSUqbnKLs6VPkaveoydkauEdtg6rOVGtSygR9/CMfDj6/FPgZLpqXo1iLZUjPBgAj6d1LL+pg9TORLgNj3MHqZ/TupRcjXQYAAAAAAACAQYq6EcCdSsurtG5tYY/jnaN6A9sZuuxwytXuVkWVvVu7ebmB0a/1DmdwlHB6aops2ZnqTWl51XCVHpL0tBTdeety7dj1ug4ePq7pU9NVduK07rxluWZMz1CTs0X+XpZpbnd7tO+tUh08fFwNTc1qc/UMxgcSFxenCUmJ3Y4lxMd2C0QHcsZ+UZL08huH9fIbh3ttU3OpvlvAPnGCVbGx3X/1egvmO3w+vXPkhPa9dVSXHU61tLoGrKdz+uhOFkuM4uO636uuvlEtre3KnZWl5IkT+uxrKM8GACPppaqtkS4B48RLVVt1w9R7I10GAAAAAAAAgEGIugA4PTUlsGZvda22btup+Xk2JVkTVLBysZKsCUqyJsiamCBXu1tt7W59Y8tG/fu2nXJdGRk8L3eGbFmZwfD4aNkHwb5d7W61udzBkcFSYDrfbdt3BaeW7jpd9EhZtWKhig69r5ffOKzExHilTkrWmpuXq6/lKj0er372P7tVXnFGsbEWZU+boqxp6ZKkk6fOj+g01j5fYE52W3amZkyf0mubrKnpIfdrmtKzz+/TG0XHFBNjaGpGqhbPn6WYGEPnL1zuMRV4KPx+U2Yvofq1wvVsADAcXj/7M9W7zka6DIwT9a6zev3sz3R7ziORLgUAAAAAAADAAKIuAN60YY22bd8lSaqosgdH9r5VUq7HvrRRSdYELV+ap6KSctU7nKqosuufvv5ZXW5o0vzcnmveFuYvUVFJuew1dWpzufX3Tzylb37ts0pPCwS9r+w/3G308KYNa0bgKSWfzyeP1yspMCL2nttX6r+e+bOamlu1af3twfp60+hs0fkLdUpJTtI3tmwKTk9smtLPn94dlgDYYul9tvAZWRkqKa3QbNs0feaBjwzb/dpc7Tp99oLi4mL16Ob1Wjx/VvDcrpfeuq4AOD0tRUnWRNXVN6q5pVXWxPhe24Xr2QBgOBw4tz3SJWCcOXBuOwEwAAAAAAAAMApE3RrAy5fkacvm9T1G4tqra1VUUiZJWnf31amhd+8t7hH+1jucevXNI8HRvo9t2SRbVoakwIjfJ//76ohfW3amrIkJSk9N0ZbN67V8hKbz9Xg61Nplnd7lN8zVh5YtUN7sbK1cNr/faxPi4xUX2zO7P3W2psdU2MNl+pWRrueqa9Xh8wWPL104R8kTk3TkvQ9Udaam2zUej1cnKu3BkbShiLVYlJjQM5itq2/SO0dPhNxfV9Mz0zR75jQ1OVv1x5ff7vY8XWsO17MBwPU6VPM7NXvqIl3GqJS75A19785T+t6tv1L+dfRz/4dP6Xt3ntK3VvzV4C5YtDdw39t+q9XXcd9IavbU6VDN7yJdBgAAAAAAAIABRN0IYCkQAncGsUfLKoMjgjvXuQ2sm7siGPJu3bZTtuxMLV+SJ3t1rSqq7GpzubuNGn5syyZt3bZD9pq6wPTSP92px760MXCvJ74csWftFGux6Auf/uig2qYkT9DiBbP0RtExffcnz2jRvBy52t06fe5inyN1r9fShXP0yv4jOlZepX/5wW80MztTd9yyQjkzpuqeNfn6w58P6N+efFZzcrKUkT5JzS0unTx1XrEWi772yP3KmTE1pPslJMRpxQ1z9cHpam377xe0cO5MxRiGKqrsslp7rhccivj4OK1bW6hz1bUqPvS+jn9wTnNnZ6ujw6cTledkGDH62iP3a2Z2eJ4NAK5X6aXdkS5hlNqo1alXPjAWX6D82VLJ6chWNNqUXtqtlVkPRLoMAAAAAAAAAP2IuhHAXbW53Nq9tzi433Xt3gc3rFFh/uLgvr26Vi/sKdLRsspgUNwZ9PY3Eriz7WhiGNLG+27ThntulmEYKimt0KW6Bn1+01rN62Ua7OFgy8rQ1x65X3NypuvCpXoVH3pfjganDEP6yG0r9fVHHtDCuTnBUPXkqfOaOztbX/niBs3MHlpAuubm5fr8prVKsiboWHmVqs7WaP09N6tw5eKBLx7AnJzpevxv/kIFNy2Sx+NVSWmF3jtxWtMy0/XI5+7TzOypYX02ABiqVq9DHzgORLqM0Wn2RuXFSzIlKUE5Gf+stAiXNNp84DigVq8j0mUAAAAAAAAA6IdhmqYZ6SL68uzz+/Tqm0ckBQLIx7Zs6hYCS4ERwrv3FMlec3UqzPTUFCVZE4LHbNmZwZHAgRHDO4LnkqwJeuxLG2XLzhyhpwKA8HC1dYTUvrb2kgzDCH5J6ndbXbclGeqjXZfvAx27dnsw+wMd70uo7a1JUTlJht699KJ+W/aVSJcRVquXHdRqPaV/Kf3lMPZq04YPvaGCZMlxaafaMzcqy7Cr9OhtemYIeeb9Hz6l/AmSq+E7+taRQdS5aK++Nz1P6ijWi2/8hfaHfsuo8RdLfqIbpt4b6TIAAAAAAAAwhoT6fhv9i86321fYa2qD272Fv1L36aLrHU6lpwXWDu4a9Had8vna6aA7RwI/+vn1hMAAgKh3zlka6RLCLjMxQ8nKG95O076u+cmSzHJVVP1fORPWK2uyTbkzN0qOncN7rzHunLOUABgAAAAAAACIYlE9BXRf2lxuvfrmEe3eWxxcB1hSMPyV1GPK5/6mg653OPXkf+9SvcM58g8DAEAILrZURLqEUSl/ZkFguueWYj3vkl6rKVazpOTJG3VHn1fZtGzur/T11cf1vTtP6Xt3ntK3bv6t7p3a93ILaVP/QZs/XKon7gi0/95tb+iv564bU1NN8zsIAAAAAAAARLeoDoDnd1nPtjO8bXO5tfWnO/Xs8/v0wp4iPfv8vuC5a4UaAn/7+0+PyjWBAQDjh8Nlj3QJo9Cjyp+cIcmts3XfCRy68JSqXJIsK7R0Xu+B7oJF/6UHZt6uzLgEyXSrw+dWXEKBVi/6L+VYerlgyne1edFfacGEFMUaUofPrY4Ym3Jnfk+bk3vOYjJa8TsIAAAAAAAARLeoDoDvWn1Tt/D2q//4n/rqP/6n7NW13drZq2tVVFLWax+hhMBtLre2P/tSGJ8IAIDr0+K5HOkShplNuZnrtGza1S9rjKSYSd2OLcssGPIo2rR59wQCW0+xSk53Hi3WnsZKSVLWlK8rt8dF39W90/IUK8nV8B/60WsL9fjrC/V48d+o1GVTZuK1FxTo/ryNyoyR5C3WnpI5gfb7btMzF+1Km9j3qOHRZuz9DgIAAAAAAABjS1QHwNcGtF3ZsjL02JaNwf1rR+52ThNd73AOKgROTw1MH11aVhnGJwIA4Pp4fG2RLmF4zf6BvrD0h3po8dWvJVZJ1rXdjj209Fd6cPZQblCgtVMWS5IcDU+ppMsZx+li1ZiSrAVaPb37VbnZBco0JPmOaP+RJ1XTecL1gp45uUeOa2+T9lnlTpAkt87a/0KvBVeVsKu0/J9U5hpK7dFpzP0OAgAAAAAAAGNMbKQLGEhnQPvK/sOqqApMOWjLytS6tYVKsl6dTrG0vErr1hYG97dt36WKKrte3n9Y33384WA/W7ftkL2mLhgCP/r59UpPS1FSUqLqG1gDGACAEXX6b/Wr1uVK7vKRtKVzfqgl2qNnTv356kF/nc7V9rx8QNMfVq5Vklmuiqri7udc/6T3mjYqa3KG8rIelS48GTyVl5AZ2Gg7oteu7dPxmmo965QW3+XY5AylSJJZqbOnr72gWMdb67TM2vMDbQAAAAAAAAAw3KI+AJYCIXDXcLer9NQU1Tc4Za+u1be//2stX5Kno2WVV6eJNrv3c20I/O3vP630tEnB9p0jgQEAiEbxliS5fa2RLmMY2VVV231N2bxZP5TUpNKLL1x373dkFSg50KvyVx1X/rUNjMCHyWIn3aMN1if1/JWRusmxgeOujt5S5xfU7P2h1DUATkwJ/FHlc6q5lytKvU16SGMjAI63JEW6BAAAAAAAAAD9iOopoAdj04Y1wW17da1e2FPUbY3gruelntNKt7nc/bYHACCaTIyfEukSRg/rP2vppCuzhRgJirX08tX5l5CxWPNzC4KXNncElpawxmb20vE6Jcddc6jdqQ5JsqRcCZy7WxY36fqeJYrwOwgAAAAAAABEt1ExArg/y5fkacvm9drx/L5uUzinp6Zo04Y1Wr4kr8c1nSHwjl37dPS9Srna3bJlZWjThjWan2sbyfIBAAhJmtWmetfZSJcxKuTm3q4sQ5Lndf3+zS90W/+3q7RFe/V30/OUlvqw8lWsEkklbXbdMSlPSlqhO6Tu00Cn3aHM+Gs6uVApx+wVyjTylDNbUrdpoAu0cMLYGP0rBX4HAQAAAAAAAESvUR8AS4EQuLegtz9J1gRtfvAebX4wTEUBABAG0ybO1weOA5EuI6xq2+vUrMrr7GWjVqcGgkpHw1N9hr+S5DhdrJppecqKL1D+bKnkdJdjlhVavfIfVHPoOzohSdZ1emjeWqVd24nrSVU1b1RmcoJybL/Xvc3368XLkmTTssX/rCXW63ycKDJt4vxIlwAAAAAAAACgH2MiAAYAYLyYmbIs0iWE3f7SVdp/vZ3M3qi8eElmuSqqivtv6/onvde0UVmTE5ST8Q/S6e9Irn/SnosF+sz0PFkn/ZU23/EZdfglxSQo1qxUrTtPmQldO7Hr+VM7lbt0ozLjVmj1jadU6HMHpp6Ocau2tU6ZY2QU8Hj4HQQAAAAAAABGs1G/BjAAAONJblrBwI3GPZs2ZKwIfMqtpVjPuwa+4rWaYjVL0sQCbbgyWvfE+3fr12dfV63XHVxD2Os5ouL3v6izHb10cvn/6j/e+6VOtDrVYSqwxrC/TmfP/522O5uG7ekijd9BAAAAAAAAILoZpmmakS4CAHD9XG29JVJ9q629JMMwgl+S+t1W121Jhvpo1+X7QMeu3R7M/kDH+xJqe2tS9E6S8cujnx3z00AjOs1Nu0V/tfzpSJcBAAAAAACAMSbU99voHyOAAWCcCjUQRfRYNvW+SJeAcYrfPQAAAAAAACD6EQADAELWOfoXkbEy6wElx4+N9WQxeiTHZ2hl1gORLgMAAAAAAADAAAiAAQAYhW6ZuTnSJWCc4XcOAAAAAAAAGB0IgAEAPTA9dPS7PecRpVtzIl0Gxol0a45uz3kk0mUAAAAAAAAAGAQCYADAkBEUR9Y9uY9FugSME/yuAQAAAAAAAKMHATAAAKPUDVPv1arshyJdBsa4VdkP6Yap90a6DAAAAAAAAACDRAAMAMAo9skFTyhn0opIl4ExKmfSCn1ywRORLgMAAAAAAABACAiAAQAY5R5a8iPWA4Ce7d0AAAdmSURBVMawS7fm6KElP4p0GQAAAAAAAABCRAAMAMAol5qYrc/d+AtCYAybdGuOPnfjL5SamB3pUgAAAAAAAACEiAAYAIAxYOqEuXp4xW+YDhrXLWfSCj284jeaOmFupEsBAAAAAAAAMAQEwAAAjBGpidnasvL3WpX9UKRLwSi1KvshbVn5e0b+AgAAAAAAAKOYYZqmGekiAAAjy+FoUktzqyTJMAwZhtFtu+t+8HvXNurlfC/fBzp27fZg9gc63pdQ21uTYkNqH23evfSiXqraqnrX2UiXglEg3Zqje3If0w1T7410KQAAAAAAABiHXG0dkS5hTCEABoBx6NLFy3K7PZJ6D32HKwAeTOhLABxer5/9mQ6c265mT12kS0EUSo7P0C0zN+v2nEciXQoAAAAAAADGMQLg4UUADADjjGmaqj5/SX6/XxIBcF/GSgDc6VDN71R6abc+cByIdCmIAnPTbtGyqfdpZdYDkS4FAAAAAAAAIAAeZgTAADDOuN0eXbxQ12/oSwA89gLgTq1eh6ocxTrnLNXFlgo5XHa1eC7L42uTKf4kGEsMGYq3JGli/BSlWW2aNnG+ZqYsU25agSbEpUW6PAAAAAAAACCIAHh4EQADwDjT0tym+vqGqAyAewtpCYABAAAAAAAAYGwjAB5eMZEuAAAwsjrX/gUAAAAAAAAAAGMPATAAjDNuT2gBcKgjZ8PVBwAAAAAAAAAAGBgBMACMI+3tbnk93kiXMWgExwAAAAAAAAAAhIYAGADGkXaXO9IlEOoCAAAAAAAAABBGBMAAMI60t19fAEx4CwAAAAAAAABAdCMABoBxor3dHVIATNgLAAAAAAAAAMDoQwAMAOOEq619wDbDEfoSHAMAAAAAAAAAEDkEwAAwDnR0+NTm6j0Avt7AlsAXAAAAAAAAAIDoQQAMAOOAq80lj9sz9A4IeQEAAAAAAAAAGBUIgAFgjDNNU62trm7HwjFql5HAAAAAAAAAAABEHgEwAIxxra0uuVztBLQAAAAAAAAAAIwDBMAAMMa1tLQO2KZrODzYoDiSgTJhNgAAAAAAAAAAvSMABoAxzNnUorZrpn/uNNQQ1dDwha8EuQAAAAAAAAAADC8CYAAYozo6fGppaR3S6F4AAAAAAAAAADA6EQADwBjldDarvd19XX0QGAMAAAAAAAAAMLoQAAPAGNTe7lZLc1tEawg1PCZsBgAAAAAAAADg+hEAA8AYY5qmnE0t8nq9kS6lB0JeAAAAAAAAAADCiwAYAMaYxkanmptb+jzf15rAA60VPNTwltAXAAAAAAAAAICRQwAMAGNIW6tLzqZA+DtQoDtoBLgAAAAAAAAAAIwaBMAAMEZ4vV41NjkHNfVzKCN/B9vPUK4fKdFaFwAAAAAAAAAAw40AGADGANM01dDgVFura9jC3f6MluAXAAAAAAAAAIDxhgAYAMaAhoYmNTU6I13GiCBsBgAAAAAAAACgbwTAADDKNTY0yeFoGvZ+ewtaDY2+8JXAGAAAAAAAAAAwnhAAA8Ao1tTULIejSabfP6jpnkdieujBGuj+BLcAAAAAAAAAAISOABgARqmmpmY56hvl8/n6bRdqkDocYSzhLQAAAAAAAAAAkUEADACjUGOjU476Rnm93m7HBzPCN6RRwP0EuYTCAAAAAAAAAABEn9hIFwAACE2Do1ENDU51dHREupRumMYZAAAAAAAAAIDIIwAGgFHk8mXHgGv+hit0NWT02v9IhrwEygAAAAAAAAAA9I8AGABGAY/HI4ejSY0NThnG1SB0oEB0qCHx9QSthLQAAAAAAAAAAEQOATAARLnW1jY5HE1qbWnrt91Q1/kN5TwAAAAAAAAAAIhuBMAAEKVM05TD0ajGBqe83sB6v71lsUMNaAccEdxPv9cbChMqAwAAAAAAAAAQHgTAABCF2tpcanA0yelskdR7WBvKaN6wrQs8hFr6azeY9qEgaAYAAAAAAAAAjDcEwAAQRbzeDjU2NqmpqVleT+eo386Qte/rwj3ls6HBrTkMAAAAAAAAAAAiiwAYAKKAaZpqbHSqqcmpttZ2SYMLW0MJZIcU/IYY+BIQAwAAAAAAAAAQWQTAABBBpmmqqalZzc4WOZ0tPQLUa0f/9jblcn/HBiPU9X8jhXAZAAAAAID/v71712kgBqIAOj2I//9FRIOy3veLIqKAJBtbWRKJnNN4Je/Y7q88BgC4TgAM8ADDMEaq6jhUKVJVXwx+S5UEw7l7fLd/LqkrffMXAAAAAADYhwAY4I5SqiNVddR1E23bR8RpUHs6xub87+9zcts/lwS3OTWla+asBwAAAAAAXCYABvhD67pG07SR0jH0rVN79ZZuiVtbQW+1f372IPb94/PRRwAAAAAAeApvL6+PPsK/IgAG2NGyLNG2XXRdfxzbLpqmyw5n97r9u+cbwZfWLZm7dV8AAAAAACCPABigwDzPsSxrzPMU0zTHMIwxTVMMwxh930ffDzGN84+aa7d8t8LdnLqcf3Nqzs7F9pnu1cJZcAwAAAAAAHm+ACli4udmq6t+AAAAAElFTkSuQmCC" height="600" width="800"/>]]>
  </system-out>
  <testcase name="VerifyQuickLaunchItems_003" time="9.068" classname="testcases.QuickLaunch"/>
  <system-out>
    <![CDATA[<img src="data:image/png;base64,iVBORw0KGgoAAAANSUhEUgAAB4AAAANOCAYAAADwDxERAAAAAXNSR0IArs4c6QAAIABJREFUeJzsvXuQLcdd5/nNqvPq7tOPe7vv+ynrbVtijMLLYmN5hsUwDBiIdUAsSzi8RDDsHyuzsRMQLCy74Zkhlt2BmAd27AADS3gjCBMemGAwDCN5MMg2NmAkS7Zky5KudK9079W9fbtvvx/nUZX7R1XWqcrKrMqsyqpzuju/Dt9U9qmqfPx+53N+v6rMcwillMLKysrKKl/UB+3vgAx2QHdXgf27oFs3gc2bwOY1+CtXQNevABs3AAKAIl0CIKRcN6Sni9oTtM8fnlenAByicHkajC2zlHQnry6eBe6MRAOSeu4ElSijgfITojSg8tK0v6nmono43NR0ZNi/bMnEppu9IDV38gyFehH7Z3VApZTNcI4qtrfp9rN4U6gs4G9MlfGnFt7wZWxCdPxHVxPCG53PG6NlBm+iulQV8aYQf6QzzNU51Wz/su3Xwps6+SOMd0x8/uj6Hz8hsfoB5k/uu2OC+ZM//nHyR3mGuTqnCecPsz9/uE73TfOHqRBv+DPGxh82gTXzhlfF/laIP5JumSqZeP4U5w1fL8kfHf85ZLzh21cd7cHmDVev8h1g7+8coPs7VlZHS+5vXo/+++76FrZ2dtHrDwAA7VYTszPTOL4wGx1D7ANgKysrK4PqbcFf+SZw+2vwbz0P3Poq/FtfEx8bBi4EKBTQlUt19QNqQqoKqPkSXMQnVukEp0BCYy7BUZymKlWqPdmIS9q/kD/xA5LVueGLEhrB2ZWVooRGMruVaKwJVD5vjJfavDHMHwO8KcWfSeRNnfyp/YEpV5d0pzb+ZAy3Fv5MlP+Nkz/gDBKrZ/iPNm/40vKnAt7wdU3+FPInfkCyelKTEO+khq84u0Y0kbxhqpI3fImRQQ4Yb1T5o9ZB/gTDKtW+LmF17F8Vf7jhi3gj4E+dvFHljxGN1f8kvEnxp0ILHIL7O1q8kQ3gUPOniP3r4Y+V1VGS+5vXMRgMcXN5Ffu9vvCYTruFsycX0Ww27ANgKysrq0rl9UCv/w3om18CvfYF+Ne+GHsxGcAQLpbJDYBjCVVtOxDCDiTi9wMZ4OZJIQA2HthqBsA5K1BLJ1B5pYK/qc5mIdXtb1rtF0iYTCTYWglTdgKlyp8jswK4Vt5p8mZcO24K8Mcob+rkT632L9t+BfxR9j++w6p18XCjegH7W/4U1Tj5ww+YVWvmDV8W8LeM2TTDnzpViDd83TB/dPznAPCG9zcZb1LPj6vQRPCGtVclbyT+I+IN746xHhvnjwH/k82ukmq1v277/BugAv4U/rzjB5A9PGl9DPxJzFYGf8Zv/7LtK/jLxOVbyXIS+SObzUIaN3+srA6Q3N+8jms3bksf/jJ12i1cOnfKPgC2srKyqlP+658DvfoXoK/9OfzbLyRfjAfcDnICHnHIRcqEfIoBb3onMD8AWT1HNQd4soSLD7CrCvNVAm4m89OhmPBUmeDkJjya/lNWmv6n6v0mEyzVfEgpISuVYMlaMM8bZf/R5c+YE0whb+rkT8Z0m7/BLOMN69AY+KP5QNu4SvrfJPCHSYk3pcav2uI4+aMpy580b4zxR8FfJo4/grJKlWyvEv6onCforjH+KF/RgB8U9jd+AAVVN2/A9X4MvFGNd8pPxyTxhvc3fkKMDDhfOm/ojNPz6lq8qZM/WuOviTcVLqhJqaT9daXEm5L2r4o/5SXjTxH7ly1DjZs/VlaHWBv/9zdx5+660rEnji/YB8BWVlZW4xDduA565T+Dvvyn8F/7nPQ4ohFfQxBQihJsweHapfA3gQsE1NE4YSD+SzTAR9SVhvaQBtgmE6g8GU6oVHtfxv66JZOwbnT8shZNJNSKCVNefRJvICvwRvH0Qgn1+FYo8w3WwB/pwGMTVDdv6uRPAftXzpvC41dqMVmOnT8mx19AB4A/TOb5I+HNRPPHsMbEnzKfP5PDH1Xe8PUc+xvxL6Yc/6mbN5rtG+cNXyr4G1Nt/Em1UAdveP9jMsyfI8CbTP+JvSB9uyvLEG/q5E/F9s+VyttD/XAzvKmTP4kOyfhTAXdy/S82QQeIP3m9nWT+1PJ+s7I6QLr+fzyTu/uXqdNu2QfAVlZWVmNVfwf+t/4Y/kt/BP/lP8sMcLQeBrNzEv/FhVTCG4jqCVXx3wQOZXhF4CQGtLHZVgtoJyihTLavmtKZSKjy/I8fgKyuN/4qF0wIS5Xhc7MrqxdSpf6n4C8l+VO8ZOOvmTd8WQFvVPkj7WCdqps3KvzR8Z9DyBst/9FVpbzhNUm84f0NnEGKjV+bPwXsXzlv6uSPVvs18cbGO0rxjhFNBH9q5A3vH4YXaBjhT8nRMRXmT53Sat8AfyrnTY7/qHRP4erj4I0R96iVN7z4N1id/AmVG+9Uwx8d+1fKn7HaP6fdVPuqRJ0k/lhZWTFd+V//GqqPdAkh9gGwlZWV1URosAf/xU+Dvvhp7neC02IPgoU3cCQBruwbpUsnWOGF+XgutSC8ChkNsAsEwIUDXMUEKq+uOf7chEm3NJBgqc6+UBOVYPED5t8ARt95yPY/dpjZhCnlPwbsX9b/ZLypw/z18Iav59jfyMzyA5SoIG+yTi/NH83r8LObKcub/De8jv8oDjeqh81kdsf8qLN5I+FPJTLqf4Z4Uyd/NMdvnD8KwzfKG14Hgj8VvgO1450a+FPdaNP+UjdveBn1NwXeqNi/St6o8CdDpflTIW+UzDdRvOFL/g0wibwpyR8Rb+rkj4g3dfLHqP+pviNU7F+WP/wAJXXN8ZfmDV8edf5YWR0gvfrzX9Y63j4AtrKyspog0Y034X/9U/Bf+H3Q1VczE55gB+6onhcxkcIJDx/wRr0N+2Fq8ArDqFKS6eATLp3ulg24ZQlX/nRMUsKjmABNmP3Ltq+dkBVIsIwmYIkLpHmT6z9ly9IrhEtqzAnmJPDG3A6Jg8Ab1k7G6VVqEnlTJ38yLyDjT8W80XqgXZI/hu2v3byINwL+GOcOKw8tf6IZzq4fcP5o84Yvx8if/A6Okz+xCTLJG63xYzz80eyeaf4w6Q8/z+MU7W9kZPwMSup184ZXyfYL82cieMM3KOMNX6+CN7z/yWa0pMbMG9l01MafjLd7dfd3YvWx51sKp1tZWRWSfQBsZWVldRj0xhfhPfdJ+C98OvfQ6AGsYoDFH46cukrpKMaXqglToQBYlFClEiyjIX2yFN3A4W/wVamaA+yUv4gSKsMJdqb/iBIq6fhVPbCI/csmVLIZztG4EyrN9svwRjXB1vKfjHpaivyphTd8GZsQHf/R1YTwpsobenn+JuNN/g6JinhTiD/SGebqnGq2f9n2a+FNnfwRxjsmPn90/Y+fkFj9APMn990xwfzJH/84+aM8w1yd04TzR/ZAQaf7pvnDVIg3/Blj4w+bwJp5w6tifyvEH0m3TJVMPH+K84avl+SPjv8cMt7w7auO9mDzhqtX+Q6o6v5OfrIQqGb/k/Em8+NfsZtleaMf71hZHW7ZB8BWVlZWh0WDPfjP/ja8Z38b9O7ruYcTkntI/GgQwwG19m8Cl3yAUTrBKZDQmEtwFKepSpVqTzbikvYvlCrwA5LVueGLEhrB2ZWVooRGMruVaKwJ1DgTeFXeGOaPAd6U4s8k8qZO/tT+wJSrS7pTG38yhlsLfybK/8bJH3AGidUz/EebN3xp+VMBb/i6Jn8K+RM/IFk9qUmId1LDV5xdI5pI3jBVyRu+xMggB4w3qvxR6yB/gmGVal+XsDr2r4o/3PBFvBHwp07eqPLHiMbqfxLepPhToQUOwf0dLd7wclrwp+dBZ5aAmWOgnXmgPQPanAGaLcBtjkZEPZDhAPD6IMM9kMEeSH8XpL8N0tsC8QZ5raVVC3+K2L8e/ljpigY2oT6o5wH+EBgOAG8AOugBg964O2iVIfsA2MrKyuqQyX/tv4B+5TfgXflsMvyRxFWAXoCLnNelAbDgAML/2HCVqjTBUgiAjQe2mgFwzgrU0glUXqmQUKnOZiHVmlDrtl8gYTKRYGslTCUTcAMJdVHejGUFcKW84aXJm3HtuCnAH6O8qZM/tdq/bPsV8EfZ//gOq9bFw43qBexv+VNU4+QPP2BWrZk3fFnA3zJm0wx/6lQh3vB1w/zR8Z8DwBve32S8Ud00VkoTwRvWXpW8kfiPiDe8O8Z6bJw/BvxPNrtKqtX+uu3zb4AK+FP4844fQPbwpPUx8CcxWxn8Gb/9y7av4C8F7O/PLIHOnwGdOws6fxK0PR8atTh/yGAPzv4GnL11kP01OLvrE8sf2WwW0rj5Y8WJgvb3gf4eaG/XPhCeMNkHwFZWVlaHUXdfwfBv/h94z/5OGOTlJzi6O3KJoYSHkGRdWTUHeLKEi0/wTSZYugE3k/npUEx4KhkpkzjhSUyIjv+Ulab/5SbwgsuVTbC0EviMuloHs0afz5/c0vgNlry6yfGXl5A3dfInY7rN32CW8YZ1aAz80XygbVwl/W8S+MOkxJtS41dtcZz80ZTlT5o3xvij4C8Txx9BWaVKtlcJf1TOE3TXGH+Ur2jADwr7Gz+AgqqbN+B6PwbeqMY75adjknjD+xs/IUYGnC+dN3TG6Xl1Ld7UyR+t8dfEmwoX1KRU0v66UuJNSfsTAH57FvTYBfiLl0GPXQh39mZ0qNT4KZydlej/pL8tOU7GnyL2L1uyro+ZP1ZGRYd9YH8bdH872ClsNVbZB8BWVlZWh1XDfXhf/tfwvvyvgOF+OvQWxPuOk6znJUz8Bt6iCbbjqAXUTEbiv0QDLKDlW6gjweYDar6DsnpJGU6oVHsvsn8tK5T5utHxKyTglSVUTDn1SbyBzE+PvPfl/UFh+mvnTZ38kQ48NkF186ZO/hSwf+W8KTx+pRaT5dj5Y3L8BXQA+MNknj8S3kw0fwxrTPwp8/kzOfxR5Q1fz7G/Ef9iyvGfunmj2b5x3vClgr8x1cafVAt18Ib3PybD/DkCvMn0n9gL0re7sgzxpk7+VGz/XKm8PdQPN8ObOvmT6JCMPxVwR+J//swS/BP3gS7eC9o9Vjt/SH8H7s4dOFu34ezd1Z7QvN5OMn/G8nlvJRXt7YDubgK93XF35cjKPgC2srKyOuTyvvJv4X35X4NuvaUcXhIiCKmENxC5ncAlQjj5DuRQhlcETmJAG5tttYB2ghLKZPuqKV3xhEo9oecHIKvrjZ81O0kJNT+7snohVep/Cv4i4Y/5Gzqq/NEboTZv+LIC3qjyR9rBOlU3b1T4o+M/h5A3Wv6jq0p5w2uSeMP7GziDFBu/Nn8K2L9y3tTJH632a+KNjXeU4h0jmgj+1Mgb3j8ML9Awwp+So2MqzJ86pdW+Af5Uzpsc/1HpnsLVx8EbI+5RK2948W+wOvkTKjfeqYY/OvYvMjp/ehH+qQfgn3oQaHfzO1i1/b0+3K234GzehLO3XrB9VaJOEn+sJk20vwfsrAdfEW1Vq+wDYCsrK6sjIO+5T8L74r8ANq8DigEuiHr4prQTOPYHPp6L96MyGQ2wCwTAhQNcxQQqr645/tyESbc0kGCpzr5QdSVYSu3zA2b2ZzKZYOf5HzvMbMKU8h8D9i/rfyn+hKrD/PXwhq/n2N/IzPIDlKggb7JOL80fzevws5spy5v8N7yO/ygON6qHzWR2x/yos3kj4U8lMup/hnhTJ380x2+cPwrDN8obXgeCPxW+A7XjnRr4U91o0/5SN294GfU3Bd6o2L9K3qjwJ0Ol+VMhb5TMN1G84Uv+DTCJvCnJHxFv6uSPiDd18seo/6m+I+T2p42p4MHv6XeAdo+X4E98gIj9TYE3GeMngx24Gzfhbt4AGezp84Yvjzp/rAqL9nZAt+4Cw/64u3JkZB8AW1lZWR0R+V/7PQw+/yvAxhsACIhiaCfdmSuI8IiBG7zKD4HHHfBJpoNPuHS6WzbgliVc+dNRPuGZ9Bu8xmW4/bx3i1LCpdgtIwlY4gJ8hq/gP2XL0iuES2rMCeYk8MbcDomDwBvWTsbpVWoSeVMnfzIvIONPxbzRindK8sew/bWbF/FGwB/j3GHloeVPNMPZ9QPOH23e8OUY+ZPfwXHyJzZBJnmjNX6Mhz+a3TPNHyb94ed5nKL9jYyMn0FJvW7e8CrZfmH+TARv+AZlvOHrVfCG9z/ZjJbUmHkjmw4V/tCF8/DOfxvo4j1aTQ59H2t9D+vUxSba2HGnsOd20HfbGJAWKCFw4MD1h2j7++gM99H1djCHHubJEMeaDpqOI7iy3OOc3RW462/C2bqVfH3s+ZbC6VaHSnT7Luj22ri7cSRkHwBbWVlZHSF5z30S/tO/DLqzHAVS0m9e5mlP1NPFogk1K2W/CQzu+rJ6WoIzRAlVKsEycutAXIpu4PA3+KpUzQF2yl9ECZXhBDvTf2IvSM2dPEOhXjLBNplA5WncCZVm+7LRFi4L+BtTZfyphTd8GZsQHf/R1YTwpsobenn+JuNN/g6JinhTiD/SGebqnGq2f9n2a+FNnfwRxjsmPn90/Y+fkFj9APMn990xwfzJH/84+aM8w1yd04TzR/ZAQaf7pvnDVIg3/Blj4w+bwJp5w6tifyvEH0m3TJVMPH+K84avl+SPjv8cMt7w7auO9mDzhqsb9nja6MA//RC8c+8C2jNp3gju7+wMhrg5dPGWM4+V9hJAgsPSCm6KEdIAZSfT0YWCIREs7d/GaW8NZxseZloNJfsTrw93/RrctWsg3iBzpmWS8Sbz49/IrOfzRj/esRqX6GAfdHMFGPTG3ZVDLfsA2MrKyuqIyfvKv8XwL/8Z0N9J/D07FR5FbATIDaiJgZAutfO45AOM0glOgYTGXIKjOG1VqlR7shFrlJU/MM3xH1FCIzi7slKU0EhmtxKNNYGqJ4EvxxvD/DHAm1L8mUTe1Mmf2h+YcnVJd2rjT8Zwa+HPRPnfOPkDziCxeob/aPOGLy1/KuANX9fkTyF/4gckqyc1CfFOaviKs2tEE8kbpip5w5cYGeSA8UaVP2od5E8wrFLt6xJWx/5V8Ycbvog3Av7UyRtV/hjRWP1PwpsUfyq0wAG/v+NPLcA//y74Z9+hNOPX9zxcc47jdvs0gl0YAOCDiJ/+RiLEjdeQcAxKEn56cv8tXPLv4nxHtCs4LWfzBhqrV0H6mxXxp4j96+GP1WSJbt4B3d0cdzcOrewDYCsrK6sjKO8L/xeGn/8VYYAL5IdVDlEPu6LrFUhwcmJhPVWaYCkEwMYDW80AWLICNXo5ebR+ApVXKiRUqrNZSLUm1LrtF0iYTCTYWglTyQRcM6EuUiZmL/bCWFYAV8obXpq8GdeOmwL8McqbOvlTq/3Ltl8Bf5T9j++wal083KhewP6WP0U1Tv7wA2bVmnnDlwX8LWM2zfCnThXiDV83zB8d/zkAvOH9Tcab1PPjKjQRvGHtVckbif+IeMO7Y6zHxvljwP9ks6ukWu2v2z7/BqiAP4U/7/gBZA9PWh8DfxKzlcGf8du/bPvZ/uLPnoZ/6d3wFy/n2v/ano+Xm2ew3ZwTNkNAED0QpjR03+D84DUnPDT4ETeHAKNHMw5AAZ85BgUo9dEdbOL+/k1cnpL7F5Ozu4LG3ddAdlYr549sdgtp3PyxMi66sw66tTrubhxK2QfAVlZWVkdQtL+D4Z//Evxn/1+IIiWVHbwE+RGf+DpRL3LqgaQPgWsO8GQJF5/gm0ywdANuJvPTIQjZ677BknvDJTuBNi5N/1P1fpMJllYCn1FX62DW6GUtaJTGb7Co8cfM+MtLyJs6+ZMx3eZvMMt4wzo0Bv5oPtA2rpL+Nwn8YVLiTanxq7Y4Tv5oyvInzRtj/FHwl4njj6CsUiXbq4Q/KucJumuMP8pXNOAHhf2NH0BB1c0bcL0fA29U453y0zFJvOH9jZ8QIwPOl84bOuP0vLoWb+rkj9b4a+JNhQtqUippf10p8UZgf2/+LPy3vQd07nTm9W/te/hm4ww22schepTCHvJ6vg/XHfWEUgrHceAPhmg2m6BwQH0fAOA4LgAaXY/S4Dwa3TSj8H0a3kMjmO+t4mHvJk6347uIAX5CSW8TjTuvwtlZLmD/siVngHHxx2oiRPe3QNeXx92NQyf7ANjKysrqiIrevQLvsz8P75XPgjgQBrzxL44RhWuqO4GVE6ycdsBdr9wExBviMvpqby1AmlGYTKDyZDih0k64DSTUpRJuo+NXSMALJ9SKCVNefRJvIPPTI+99eX9QmH5V/yk/fr7BGvgjHXhsgurmTZ38KWD/ynlTePxKLSbLsfPH5PgL6ADwh8k8fyS8mWj+GNaY+FPm82dy+KPKG76eY38j/sWU4z9180azfeO84UsFf2OqjT+pFurgDe9/TIb5cwR4k+k/sRekb3dlGeJNnfyp2P65Unl7qB9uhjd18ifRIRl/yo3Un78A7973gM6elEwwwWDo4cXBNK5NX0b4fDZ4YMveG7HuUgoQh22uAEj4KiEExA8u68CB73sAAIc4oJTCpz4oANdxgzpJ3rkboTb4j0u7V/HO5g6aDv8geCSnt4nG6qtwtm4nppOfXuF0AxPFn7F83lsZE+3tgK7dGnc3DpXsA2ArKyurIyzv1acwfOrnQO++DhKP5mIRE2H/Cm8gBiVxsgPqcr8JzHrE2gOSESYKBXiTGNCOxqoY0E5QQplsXzWl0ygLJ/T8AGR1vfGLFkxk+k/ZUmX43OzK6oVUqf8p+EsGf8a2A0tD2rzhywp4o8ofaQfrVN28UeGPjv8cQt5o+Y+uKuUNr0niDe9v4AxSbPza/Clg/8p5Uyd/tNqviTc23lGKd4xoIvhTI294/zC8QMMIf0qOjqkwf+qUVvsG+FM5b3L8R6V7ClcfB2+MuEetvOHFv8Hq5E+o3HinGv7o2D9+vDd3Bv59j4POnpC2eafn4fnWZew1uqDA6AFw+HpiNJTAccMHuF74gNd14RCCOysrWFtZxWAwQNN10J3t4sTSEjqdKVAP8KgH121gMBjAdR140QNgCnGLFNPDHXxb73WcbMt/H5j0ttC48y04O3c4/1Ml6iTxx+ogyz4ENiv7ANjKysrqiGv41x+H9+e/NEqwSDrMcpAfxonOS7we+wMfz6UWhEtEysRzRhOsAgFw4QBXMYHKq2uOfxwJtmr3CiXgY02w+fYkCXekChJt6cSzw8wmTCn/MWD/sv4n400d5q+HN3w9x/4mb+DkJdwFeZN1emn+aF6Hn91MWd7kv+F1/EdxuFE9bCazO+ZHnc0bCX8qkVH/M8SbCd6BZZw/CsM3yhteB4I/Fb4DteOdGvhT3WjT/lI3b3gZ9TcF3qjYv0reqPAnQ6X5UyFvlMw3UbzhS/4NMIm8KckfEW/q5I+IN3Xyx6j/Zb8D/JkT8O57H+jCOaQmPCxf36V4ofvwqHscGqK5YdenBOzrnofeEDs7O7h+/TqeffZZLC8vo9/rgwBwHODM6dM4f+4cut1ZnD59FidPLKEz1QGlJGiHxNoBkdw3C/r9zq1v4m0d+eSQvbto3nkZZG/N8sdqrLJfB21O9gGwlZWV1VHXYA+D//Q/w/v674NFSoSII6jETl5BhBftBJbc4CUQRqJaioLZcQd8kvyPT7gkhxtJuGT3N/QfcKmG4CoJr6BDVdxwmTD7l21f9fZAZsKl2C0jCVjiAnyGr+A/Vdxw0fGfshpzgjkJvDG3Q+Ig8Ia1k3F6lZpE3tTJn8wLyPhTMW+0HmiX5I9h+2s3L+KNgD/GucPKQ8ufaIaz6wecP9q84csx8ie/g+PkT2yCTPJGa/wYD380u2eaP0z6w8/zOEX7GxkZP4OSet284VWy/cL8mQje8A3KeMPXq+AN73+yGS2pMfNGOh3NGXj3Pw5/6V7pqd/Yb+CV7r3hfTSm2E7b8JrB/TAC+ME9N+pRvPXWLTz//PN48803sHJ3FZ7vo9PpYHt7G61WCyeWFnH54nm0Gg1cv3Edm5trOHf2DL7t0Udx4Z7LgNOA6zThUx/EceFTCocEJfMZ7huicd/2q3h7ux/7Y3Kine1lNG5/E2S4Vx9/xm1/q4kU3VkH3VoddzcOvOwDYCsrKysr0De+iMFn/ifQ9auJAIsI4jHC1fnXg8A2O9zLTawkCRaT/m8CCxIkUUKVSrAqvKUguoHD3+CrUjUH2Cl/Yf6VlW8qdrNQws35udDcyTMU6iUTbKM3cHI07oRKs33ZaAuXBfyNKa+eliJ/auENX8YmRMd/dDUhvKnyhl6ev8l4k79DoiLeFOKPdIa5Oqea7V+2/Vp4Uyd/hPGOic8fXf/jJyRWP8D8yX13TDB/8sc/Tv4ozzBX5zTh/JE90NTpvmn+MBXiDX/G2PjDJrBm3vCq2N8K8UfSLVMlE8+f4rzh6yX5o+M/h4w3fPuqoz3YvOHqun5EHHj3vAfehXdJj/v6fgtXZ98WzFksqKdoBD2LH04pGq6L4XCItdU1fPWZZ/F3X/k7eB7FzGwXQ88DCEF/0IcHD51WC9NTHZxaOg7XJbhz+xZ8f4DzZ07BdQjOXbqMt93/ENqdKbRbHXgUoIQAxAH1ETyQJn7YIx9x3bPzOh5p9iFTY/0qGre/KX1dxpvMj3+92S/MG/14x2qSRTfvgO5ujrsbB1r2AbCVlZWVFQBg+MV/geFf/nLq78FD4GTERnICatkO4uh1Awmc8DeBMxKy0glOgYTGXIKjOE1VqlR740zg+ZIfkKzODV+U0AjOrqwUJTSS2a1EY02gDCXwZf2txI4bbf4Y4E0p/kwib+rkT+0PTLm6pDu18SdjuLXwZ6L8b5z8AWeQWD3Df7R5w5eWPxXwhq9r8qeQP/EDktWTmoR4JzV8xdk1oonkDVOVvOFLjAxywHijyh+1DvInGFap9nUJq2P/qvjDDV/EGwF/6uSNKn+MaKz+J+FNij8VWkCbP0nVwR//9NvhPfjd0j680Gvjte69ICRtLAo3mOnwJUIBSikopXjpmy/hc5/9c6zeWQEAdGfm0B8OQFwHA28Iz/PhtBuY63ZBvQHdksmBAAAgAElEQVTosI/pqRYIBaY7HVw+dxq9/j42tvfgkQaOnziGhx5+O86cPQ+4DYACjtOE73sgDg3v6dHULN2zfQXvzHoIfPsbcNeuCV4pwJsJ44/VwZK/eh0Y9MbdjQMr+wDYysrKygoAQLduYvBH/xj+tS+mwii24zb1d2SEXbFYKxG/hyURnagpohPPVZpgKQTAxgNbzQA4lVAlR1A6gcorRcOHuDt59UKqNaHWbb9AwmQiwdZKmEom4Ar2L1smZi/2wlhWAFfKG16avBnXjpsC/DHKmzr5U6v9y7ZfAX+U/Y/vsGpdPNyoXsD+lj9FNU7+8ANm1Zp5w5cF/C1jNs3wp04V4g1fN8wfHf85ALzh/U3Gm9Tz4yo0Ebxh7VXJG4n/iHjDu2Osx8b5Y8D/ZLOrpFrtr9s+/waogD+FP+/4AWQPT1ofA38Ss5XBn/Hbv2z7BP7MIryHvxd05rjgggQv7zt4qfsgkl/7PJIPCie0mEMBUIrhYICXX/kW/uxP/wy7O7uYmZ5Bq9nEzv4eNre3MD01jaE3xMDz4FMHU1MzGPQHINRDd6qFmalpXLp4Af6gh+3NDQzgYwiK7e1d7Pf7eN/j78e73vUYWp0OKAUcx0XwGCfYWUypD0KckZMAeHDrW3ig5QnH4PS34d56Ae7emhH+jGbPgHuMmz9WtYoO9kFXb4y7GwdWug+A3Y997GMfq6gvVlZWVlZjFGnPgnoDeK/8GfjIiYKEqxqTCQ8lBCQj4hPv9GXifxM4OwFKKQzoCPun4gBPlnDxCX5VtxlUAm4m89MhCNnrvsGSe8NF03/KSjPByE3gBZcrm2BpJfAZdbUOZo1e1oJGafwGS17d5PjLS8ibOvmTMd3mbzDLeMM6NAb+aD7QNq6S/jcJ/GFS4k2p8au2OE7+aMryJ80bY/xR8JeJ44+grFIl26uEPyrnCbprjD/KVzTgB4X9jR9AQdXNG3C9HwNvVOOd8tMxSbzh/Y2fECMDzpfOGzrj9Ly6Fm/q5I/W+GviTYULalIqaX9dZfLGIfAufyfo8YvC9q/3KF7oPhw9/CWEpP4PAjiEgNCg9IdDPP/88/jc5z6H4WCA48cWMTU1hfX1dWxtbWN2bg7T09NouC7gOHAbTTQbTXiej95+H8PBEK7TwPTUNGZnutjf38Pu3h4AF8Qh6Pd6WL5zBzs7uzhz5gwazRZAgjGF3QFxnJBnLkj4v9X2CUzv3caci9SEU7cNAHC2lyvkD2eAcfHHaqJF3OAr1dHfH29HDqjuftdPaR1vdwBbWVlZHWYN9jD4w4/Au/JkEBjGXorCM5IO2/J2AmclWPGEunACpZFXpAYUT7BTLdSRYPMJFd9BWb2kDCdU2gm3gYS6VMJtdPwKCXjhhFoxYcqrT+INZH565L0v7w8K06/qP+XHzzdYA3+kA49NUN28qZM/BexfOW8Kj1+pxWQ5dv6YHH8BHQD+MJnnj4Q3E80fwxoTf8p8/kwOf1R5w9dz7G/Ev5hy/Kdu3mi2b5w3fKngb0y18SfVQh284f2PyTB/jgBvMv0n9oL07a4sQ7ypkz8V2z9XKm8P9cPN8KZO/iQ6JOOP2oi8kw/Ce/gDwtc3+0M8Pf0oACe8DyXqPQB4cBwHDgh8b4hvvfQS/viP/gi+T3Hp0kU4rotXXnoV/f4AxxaP4djScczPzWF/v4frN29gfv4Ybi2vYGd7H4NBH03iYm52BpcunMXs9BT6/V2s3l3Dzt4eHAfY7e3DdZtwmy088NBD+O5/8N9geno6+Do/BHPgOg6GXtCvJA89PL79PGYbDeHUNm99Hc7G9QPDn7F83lvVIn/lTWAo/9pyK7HsDmArKysrq5HcJuAP4X3rT5AKqTJWJEc7gWWZRkboRlQTrIwVgaRAgJeTvo0loI3NtlpAO0EJZbL9Agm7sRs6igl6qq43/sQK4QlJqPnZldULqVL/U/CXDP6MbQeWhrR5w5cV8EaVP9IO1qm6eaPCHx3/OYS80fIfXVXKG16TxBve38AZpNj4tflTwP6V86ZO/mi1XxNvbLyjFO8Y0UTwp0be8P5heIGGEf6UHB1TYf7UKa32DfCnct7k+I9K9xSuPg7eGHGPWnnDi3+D1cmfULnxTjX8ybO/3+iAvu09oO054XX/Diex15gFEO70hfj/JPjRX1Dfx+b6Gp776ldxZ3kZhAD333cvXnzhReztD7CwsIju7DQct4G9/X3s7Oxga3sb/d4QW9vbGHo+AIAg+C3f9fU1eP4QCwvzGAwHaDWbaDQbmOp0cOr0GSydOIG9vX3sbO9gfm4e09PTIMSF4zjwfQrHIem5JcCmB1wgO+LJdJpwdu4A/nB0wsTzx+pQym0A+9vj7sWBk+4OYPFSECsrKyurQyP37T+CxgufxvC1zwEIwigHCB7yAqCxJIEk/k7CncDsi59HZSACdoEgniNh3EeC3ximseMSJasS7mW+njMwLm7kv9GacAlWqjckXrKvxBbUw3/Zg+2oDAPZzDLWIf7BePQV3KmSdTAnANZMMFNXG5kvu4wux30BeGR3RPZPlRD7D/MvNuGZdZlDpDqY6nC2uMvyzRGSeThnNmZ3rh4dL/AfolZK/UeaWLHDchIm2fTKppv7U35+x39hPFeP8YfnTqKU+U/MUSP+RHPNcUo0IF3ecNLmTaJU5Y0mfwTHyfwnzR3NhFuXN3xdlzdS/ijyRpU/MssdEd5I/Uf5hg4TVzfEm8z7S8jwlyp4I+GPsDzi8Y6UN6r8MRTvpN7OqvwR8UaHPxnxTqKUviEOAn8EfmMo3pFzhx02Bv4AGe4o448ib2Idk/JHZ0Ay/qhKkTd8PZc/4b9Sv8mJd2T+Uj7eUeCPwnRFdRl/BJdN8gbGeZOoF+ZNjv/kuKWMN1E902yTmF/xvGEdzpkPiWTxjjJ/xhbvsKqEN6r8yfm8Lxrv0FMPwF84j+QbOLjwK/su7s6eCmfAASFu+Lqf7h8hICAY9Pbw2mtXAFD4noe3P/ww1u6uwvOG6Ha7WF/fRL8/QH84AKUUPvWxu7cHis3gPUgcUOIDDgFxfLRaTXjUw87eNubnZ7GztQM4LTQaDezv7mJ7exerq6sY9gbY2d7Be9/3XTh2bBEDbwhKKVzHBUCR/O1iirXp03h1Yw33CX4P2J8+Dn/+LBp3rx4g/qRNYnXwRdozQHsatLc77q4catkHwFZWVlaHXY0pOA/8I+C1Pw9vKlD4YcLD6hQE8CnCJ7dBcEYp/DDRYnV2UyLIwWiUBEaracPSp7n5TVqxwC5KpfICPppT6jSeSDAol3CF9VgDwZ9zSmiUNJjT5P30oF9RHaOkN1YVlPyEMTvz9VgZt7Os5M+jOaWonahno4SZxqs01v3a7C9pT7l9mqonbweM7MzXxfYf+Vum30j9Lz7H6e4Lh5MYLxmNKXZGyn8K2V9Sqvgb7z88fzizaEnF3qJzCjXInyDjTex1KNi/MG8k/MnzH+n4s3kDmb2V7J/Bnxx/SdRjN/QsbxT5o/x5p8CfzPGTaEyxMyI7oyreCP1Pxhs5f5RUyv6SUqNxIW8E8U4x+1fEn3Cc0edb3fxR+ryT8Cb2DuX5U7/9Je1p8Cd0k2Q9izd8aZQ/4K6fzZ/88SvyR4c3yvxhl+f8pSxvtMYvmrDY30q3L+dN9DoMxzt8qcIbfqA5vOHr2vwpxBt5vJPynwR/oG9vY/Yv236BeAciu1fNm9igBHxJ1SMxO7NzDfCndLwzGs5BjHdAAdqagn/yoag+ap9ie+Dhpdm3Rz5EnOAemeMD1AkO9uGAAnDhAb6HjY0NfPbJJ7EwN4cbb15Fs+liMOhjbW0N83MLuLOyDt8Hdnd3sLGzA0oIqE/RnZ1Bu9HG/rAH6gIUHlxKARfw4aHTnQJ1XFy/eQtef4De/gA+HcJxXHgAtnf2cHtlDd3ZLnb29vADP/gDmJ6egU8piOuA+j7Yg9bAjMHnykvzD+P05nPoNhspA3jd03A23gIZ7lfDn1hzY8m3rA6OZhYA+wC4UtkHwFZWVlZHQM793w/nmd8BvfNNjIKyYIdvVA+DRLZyMLUTOFoxyuK1cKcvq8cSaVY6XF0W7wXtjCpk1K10OTojWRclVKkEKyMD4ZYa8zt0ZSuG0yvU2Wl8XTycqCTiEnxdNB0QDYuk68IrSBrO6RBb6RnVw5WhrF35itGR/wi7m1fGhhkfSdy8UnMnz0jWEwZK+0NqyxVfcm8A1R0K6RXrbLrZ60JrpUtRd7kRZ9WlDpl7hbAUGSyjxyn/UV6hLvEfAX8yrJXLn+wNDor8ye1BzB8K84Yv2WVy/Ef17c6dF9Vzh1UPb/J35Ml4w++QyOcN728y3qTu56VUEW8U+JPLG1X+SLqrzJ9coBXgTQZ/lHmT4o+MN/wOCU3+yHijyh9hvMOVRXiTsyNcPd452Pxh9tfnD0b1RLfq409USlWeP0LeCPiT9h82zePlj/zCUQezT8gxHLO/Pn84/4CMPxnckfAnPpIs/qQnTHCFqvgj4w3vP7q84UtN3qSkzBu+nsMfmb+o8AcZ/pLijyZvuJFo80Y131KNl3Xjncjv2HSPmzdEXJddwVC8w3++qcc7k8gbrp7lN4TCP3Ef6NzJqB4vX6Fz4eEOCAke7TugcAiFDx8ULqjjwPMpXH8If7iPz3/uv+DN11/D6W9/F/o721hcmIdLKBbm5nHt2k3s7e7Bp8CQAh4hcNsdwPOxs7uHHhli1++DtAjaLYKZZhvdmRns7u7ijeu34A8B4lEQH4A3hAMPvj+ERxwMfAqPNLG7P8Rzz7+Id7zjUTz00AMgrgPP96PfBSbh+8QnJJrDV51j+HvYSk08nToGOnsKzvobYv85UPd3rA6ySGsKtD1tHwJXKPsA2MrKyuoIiMyfh3PfBzC88w32F4BS+FH8G9QpAagPELYTOIysZKVPg8RdtmLQp0HiJVwxGMscaCKTCIPB2Ar4tCQrgFkQyK/UFa0Yp0HSp7UimCtZ1BnVw7v+ox0qFLHD+CHk57m6ojllXvvKYnbk6jo7tFRWwOeUo2QXsXbZtI/q6bHJdiDEXke+/UvtUIg5KPO3kT/FxqSjLHuLjjWdQCm3P+IN4vzRtL/WjlCBv8V5gxhvRnNfkj+GeZPiT8QbCX/ihphE3mi2n+ZN+PeivCnEn3zejN7LMf9JjFfGn9EEFuJNFn8E/pb7DRN5RqnZ/mXbT/Em+rgqyB+dHRKRn8V4o8EfJd5o2t8cf3Aw+aN4eXm8Ex5XU7yjyh/R2GqJd5T9L5s3tfGnrLLaz+DNKN5hhxuKd+JlyXhHyBu+Tpk7CexfAW9SOy7r5g0vXX9Tbl/CG77O86eSeGdUpvxFlzcC/hSzf9nPu2z+SFWWN7V93kl4k+JPtfFO1v2dOH9EA5XxJqhK+JNpfwK69DYkTgwnbq0/wPXuZQAEDnERfC1zAHGCoN8Uwby5BGgQipu3b+Pa61cwNzOFYX8fs9NTGO7tYnlvH53uAnpDH/tDwCcETrsFAOh7PlwQeB7F0OkB1EGDNtH0gEFvE7uDHjpTM0H7DuA6Dga9PlwPcEDgOk1Q4gLNFtZ3g/trvd0elpdX8NCDD8F1XPj+MJg5QkBAgv9kM0OA6917cGnzqzjWdFKz7nVPBg+A6WjOI3+K8abw/R1N/oCva8Q7VgdbZHrOfg10hbIPgK2srKyOiJy3fQ/wpV8PA0IkVpxn/iZwFIaPyiB+J2GeQUCc8ETCldx5iVK6AwPJukT8gmFhXd56zgYQtiKdHc9WEMfq8UyS3wGB0YpjaQaotKRYdH6oWEIlSij59CpVF5grL19NlNIdL2m/EdZzVsDnlqkO8/6S4z8Sd+TPlpYic0WvC/wFSb9Q3QEhtQDnf6OEWuIvfD1qXzxduf4jaF7Lf6Q7XiT+EnNU5m/V8kYyITm84c9W4w3fHTlv+DLBnyz/Mc4bTf7IeKPKn5S/afInNtGF+CPijQ5/ZLxR5Y+K+aLjBf7D7+zU5Y/wDS/iD1MebzT5o9B8Nm/4clz8QXZ9NGHJmiJ/pL2QuPvk8Ycpjz/J2ZKdLbd/jr/wpZQ37LiC/JFbLFkeyHhHgT8Sf1Hij9BSTHn8SY5/fLyR+E8Gb6J6lsVKxjuTwRvWroQ/Rngj8R8Rb3h3jM1Xyn9kvFHlj4g3OvwxFu/IOsz7T1JS3sjckS8zzcbsn+E/LH8n8bo6f9TjHYn/yHjDTS+Tef5IeMPXY37DOsj8T8afpP0lpTZ/kjLNH3r8AvxjF0ZHxRK218g8CCEAcYLxhidSBA9BHQBwHAwpRdMhaADYWlvF+TMnsbO1he7MFC5evIibby3jzbeWMd+ax+ruELu+i1Z7Cj1/GDyY9T2ABjPcGg7g0AbcwRANMkATfRyfbmFprolOZwoDb4BGqwnH6eL49Axc+Jib62KmO4c3btzGs9+8hvXtHbiUYHNjFZ7fB/UagDN6sBuNkPlasLMCV93jOIaN1Jz7Myfgd0/C3V7W4I/m/Z2a+GN1sEXaM6CNJjAcjLsrh1L2AbCVlZXVEZF7z/vh3PM4vNefDoOv0co6P0y4Eyv0BL8JzEI9fkVeEGkK6rG0Kld8/uXn5gijCFdWKjQX1Wk0LZCvUObqopXvieM1SgqkdmhFSS1bjckNLFoCnj096TqzI/t70s6mfoMTwjpiY4lZQPSAKc9zNOydK1EmnXd4rP1kbyX+kmPvsr8BLPOX0XBig2IDkN5BUPAf5n4S+2eWCiuEU/6TuQI49Y5Gpv9kjFtq/xK8SV0qwRtF/sh4U4Q7It5IdqQnOp0Ytyp/ZLxBaEZF/ujsQMjjj+YD7eS4JaWOSvrfWPjD84bdhE3xR8Abvq7FHwlvJoo/mrL8SfNGsiM90emM8Wbypgr+5PiZHn8EpWyARfxNdC2NeIdvX8Ybvq7Fnzy/KRPv8PW6eaPCHyFvRv6W4k9WfJOnunkDLjpT4g17ud54J5qOVLyTLOXeNZ54J5M/hyreUeVNrC7ijWa8Uz7fSpaUr0cHy/ijZ/96860clbS/sFRojslfvBx7gUYHbA+GuDlzEQ58ULCvBCfBt+DBAfWDr18O5ADwQb0B5mfaODY7DQceNrY2cfvOXfR9B32/geXVTQw9gHoU8D24w300MUQTHprw0HJddIiHmXYbCzNdXDh7GhcvnMGFiyfQnevA9z3Mzs9iem4GbquB+aku/EEPrUYDbrONG7dXsP/7f4TnvvEyBj2Kl156Ee97//uwcPwYvHCILntrEyBa3hDuhL7ZvYz7N59Ft+GmDOFPHYeztYwi/JHFO8G8j5k/VgdOpNMF3V4bdzcOpewDYCsrK6sjJPfie+G//vkoMgzirtGKveRO4HQZiF/5h9Hf43lmaoWyPN4Prh+rsFLn/kaiAZbQJFpIlKkdB5IdUamdm7IyHDi/Qn00nJw6EZfxEaiPHwpBMt9AsuHc38Dj/SC2Uli2QjTZPa6eu0Mi2fNUXXv8kukIE8Dklk6B/4wcPWF3pOwvKSUr0kdmyPGXqJ1Yd2PdlO1IFY83o5RJuiMyKIv/Bh5XyvxHe4dEcuh5C9jzxx+7cGpJvgJ/ZDswVfkj4k3CHwryRsKf7PFLyoRkvBF3qPhvcCryJ3eHRLLnSrzR4Y+MNweGP8lu5fEne/wZZeqEUBPHn3QZ77lZ/kh4M9H84UoZb4zxh7+AGf5kxjul+JMu4z03yx9V3vD1HP7EX88rZfyJWszxH914RzAFwlJ6BRl/eINJeMP7gTJvNPgDsfm1+KOkArwpm29JecN/3rEelIt3UtMxpninPG94P8vhj2A4PG+454UKvImPO/xnYuIdRf5wcU71+ZYCb2KlLN7J5Y2xfCvHf2LjLMSfxHzL+CPmDW10QI9dgMiAb3qt0AWD8RISXIHCAQEFIS4IfFAAjuOAUA/UG8KFD384wPLyMo75LjzSxPrmCjbW1+C0+xj2hphyfTSHe2j6PXRcD4tzbZxaPI6LZ85g8dRJnDm5hKWFOZxYOoGZuXlMTc2g0Wyg3W6jNdWE03KBphP8pK83ADwf/SEFOtP44R/4Ptxd38QLr9/E+t11rKysY27hOBqtBoa+H40+GBoZTWE4RTcwjQfRSxmAziwCjSbgDQzxR8ab4vxR4o3VwVenC9gHwJXIPgC2srKyOkIiF/5rRGtjfRp+9zOiFaB+mEhFdRokRvGVfgQKK465FYJ+4rwwdoutAKQkWWeXi1aJK4giloRJVwjn7EDQ3ZHAl9IVwkjXWYeVbygoTkK8zDtW1i6b/+hgZk9xvdAOGYUVyWL/is8lV9fZkcWNV7YjgR2sYm/d3wAu+htVUT1nh4LO+Av5n6xdmu0viOyPBH9K70BXWqGc5k+R95uQNwL+aNm/JG9IrB9Z/BkNAIXHn7icKf+LpOA/BeyvvQMrjz88b7LGX4g3Gf4DTf5k8ob3PwX/yRq3wvir9b9s3qAobzT5A87f8uIdnYFr80fL/gXjnfDziOdP9J+12V9yrHL7Mv6U+PypI95RHv8ozjDKnyx/UfC/XN6IxqRwWHr8klJX0vZl/CnJmzz/U4x3Iv7ELK47cBlvEq/n2d8Yb9hcZ/hP3bwRnZvTfpo37O/18CaRn2fwJnqvZuVbme83OW+S9WrjnZG/KPhPvGr880ZROe2neYPQTPXEO6r3dwrzh+dNij9i+9P506BTx8LJQCxAobjeOQcQAkJcgDrBSAkF4AR+Cg8+mnBJCxQemg0Kb9dHb9jD8cUFrK9vYGnxOAa+i5dfeRX7vR7cIcVUu4nTi/M4d2wOM24fl07M4ezCNBbnulhaXMTxk0voHp+B222CNKfQbM6g2e4CThuNRhsULqjjgvrAwN2HCweUegDx0WpR3PuOh/D4e/4eXrm1hvUexdb6HRDnPvj+EK4TfJW1Q0k4xz4IISAgoJSCguL69Hk82H915C/h5PrtWfidY3C2b08sfwq9d6wOnEijBdpsA4PeuLty6GQfAFtZWVkdIbkXvxPk5DuB5RfDIAwACcO/2ErQxE5gkOCboBGrAyj+G1WsSriX+br4tEhcQqW6IjfVHAn+Kv7NIHZ88RXp4M6L6rIlxVEH+QSJq2smmKmrjcyVXUaXU10RrL4inU14Zl3mCNIdYOLxp8RdVnVHAG+eoGR25+rR8cVXpEv9J/6kOFGyw3ISbNn0yqab+5O0+bg/IMN/pCuCFXfEZPCGHZc5IBlvFKXNm0SpyhtN/giOk/mPfEsDU47/6PKGr+vyRsofRd6o8kdmuSPCG6n/5L/hY70FUhY3xBv2grAbyPCXKngj4Y+wVI13ZDrg8Y6UN6r8MRTvpN7OqvwxsAOPTThfT5TSN8RB4I/AbwzFO3LusMPGwB8gwx1l/FHkTaxjUv7oDEjGH1Up8oav5/In/LfoNyzJ/KV8vKPAH4Xpiuoy/ggum+QNjPMmUS/Mmxz/yXFLGW+ieqbZJjG/4nnDOpwzHxLJ4h1l/owt3mFVCW9U+ZPzea8T7/jz57gDggus9IbY73bhECd2DvOP4P8OHFD4AA2+XNkbDEFAsb+zixPHF7GzvYdGs4kbb9yASwgW52YxNzuLBx5+AN/+yAM4PtWBv/EW5hs+uo0hOg2CToei1diHQ13QAdBodeE0CCgBKCiG1AOlPkCHICDw4m5FgFaTwPcIHn34ASwuPIPN5W0s31mB03BBKQUogv6zqYyfH46w15rF6g7FYtOJvRIeP70AbC9POH9gdQRE2tOg9gGwcdkHwFZWVlZHSW4bzrnHMFx+EdGO3FiCI1upx+/g9YEgYUqsCEb0u71UEJzx6ZL0AP6+jw+QcKey8JysUlmUa1e2Q2LUQPBnjRXJeSUFUjtACQvm2ZyOkt5YVVDyETKJ+pysx8oiKzYL7cBjPRt5BI1Xaaz7eQG/MftL2lNun6bqSX8f2Zmvi+2vuENC6n/xOU53XzicxHj5N7HEf8rswFTxvzz/4fjDm0VLKvYWnVOoQf4EGW9ir0PB/oV5I+FPnv9Ix5/NG8jsrWT/DP7k+Ev2DgXk2/+w8yaPP8qfdwr8yRw/icYUOyOyM6rijdD/ZLyR80dJpewvKTUaF/JGEO8Us39F/AnHGdvAIxl/RfzR2QElqCfjnRF/6re/pD0N/oRukqxn8YYvjfIH3PWz+ZM/fkX+6PBGmT/s8py/lOWN1vhFExb7W+n25byJXofheIcvVXjDDzSHN3xdmz+FeCOPd1L+k+AP9O1tzP5l2y8Q70Bk96p5ExuUgC+peiRmZ3auAf6UjndGwzlo8Q6dPcW1FxhwGR0Q4kQPewkCmxICsK9NBhwQ4gMEcIkDOvThDfrYWlvHhYsX4HtD+L6HVrOF0ycXMTs9g+5UB/ecOYZ7L5xEiw7h+S20hrvoNimm2y6abYJWk6JJHAwGLuA10Wi0MaQAXAIfPjxK4VCg6bqgngtQHy4lgDcE8Ydo0R6Od1s4eXwB11d3ce2NN+B5NPia6rDvJAQsCR9wU+b/4ciWyQwWsZsyhN9egGuaP7H5H0u+ZXUw1ZoCYL8G2rTsA2ArKyurIyb3zLvgffX/A9vJGySjAFuZF186SQDBTmAW1vE7JBKnJhLrVL4DQbpMRhW+Hr927IxkXZRQpRKsjAyEW2os/Y288Hj5CnV2Gl8f9VxYEnEJvs6dFyk1LJKuC68gaTinQ2ylZ1QPV4ayduUrRlm3+B0SimVsmPGRxM0rNXfyjGQ9YaC0P6S2XPEl5/CqOxTSK9bZdLPXhdZKl6LuciPOqksdMvcKYSkyWEaPU/6jvEJd4j8KvCnEH6EU+ZPbg5g/FOYNX7LL5PiP6tudOy+q5w6rHt7k78iT8YbfIZHPG97fZLyRLYJKzEUVvFHgTy5vVPkj6a4yf3KBVoA3GfxR5k2KPzLe8Du0NPkj440qf4TxDlcW4U3OjnD1eOdg86f4b5BjVE90qz7+RKVU5flT/Dc52TSPlz/yC0cdzD4hx3DFf4Oc8w/I+L0tRJ8AACAASURBVJPBHQl/4iPJ4k96wgRXqIo/Mt7w/qPLG77U5E1Kyrzh6zn8kfmLCn+Q4S8p/mjyhhuJNm9U8y3VeFk33on8jk33uHlDxHXZFQzFO/znm3q8M4m84eoCP6HNDmh3Ke1nhGK5uRhem4Tz4iDwifChMCiCxQEOQB34no+O28TKxjam2m30+n3MHzuGzsw8bq9u4MTSIs4sLsEZ9kD3d7C7cRfT810MhkO4zSYoAfqUwPMdYNiC4zVBSAvEawCDFprNBkAAj3ggTnCHznEdNIahB/sIf5l4CIoBphsE8zNtLMzNwKEUQPAAmPJP7KNZJIl5XumcAIZvpAxBp+ZAW9NwBnsj/zlQ93esDotIq2NNW4HsA2ArKyurIyZy6p3BByql8KN4mCR+E5iPsGQrS1Ovc0v7+BWDiZ3EscyBJjIJpFbAh92N5UiSFcB0dDCrB2XBHQjf8cdwP/C4fDJ3r4Fe+Tjof/x38FknAZAf/Fu43/Yg6PPz8D4TTgk+CvdnfxkEn4f/ax+Er5DnOh9+A85lgD51Ed7fKBiXj/vFecDob4UDaGZ3rq6zQ0tlBbyS/7Gus3aZGUb19NhkOxBir4PzF5VSZ4dCzEEL/wZeeliS8UqONZ1AKbfP7M7aL2Z/rR2hAn+T8WY094m7EomBKvFHlzea/hbxhvJ1gf8o8EZbZXmj2X6aN+Hfi/KmEH/yeTN6L8f8JzFeGX9GE1iIN1n8Efhb7jdM5BmlZvuXbT/Fm+jjqiB/dHZIRH4W440Gf5R4o2l/c/zBweSP4uXl8U54XE3xjip/RGOrJd5R9r9s3tTGn7LKaj+DN6N4hx1uKN6JlyXjHSFv+Dpl7iSwfwW8Se24rJs3vHT9Tbl9CW/4Os+fSuKdUZnyF13eCPhTzP5lP++y+SNVWd7U9nkn4U2KP9XGOzr3d/iByngTVCX8Edjfn1kCbbTAnYD9oYetqeNhGwQAASFuUCdBm8Sh4cICB4CLZrMBvz/AoDfAseMLWN/aRnuqg+78LM6eO4O9/R6mGg1s37mLbruLve0duMeOwel0MUQfzZkFUABrO/toUg+zGGBmxoc7HMDb76OJYCEMabiAA/hDH4P+EG0f8MMHu8Qh8H2A+EM0iI8GKDoNB0vH5rG/u4Pu7CwIIWC/9TsaX+gZbAEApdjqHMf+xuvouA7iok4TtDkN2t8d+VOMN4Xv72jyB3xdI96xOiwigP0dYOOyD4CtrKysjpjcU4/AmTsHf/NGEFYRRL/5y2IuwuoAgNEOvCB3COuUBKv2BEv5aHRWcH68jFamSndgIFmPicYP4xIqYT3Vevry4jJckc4OXn0K9OZGrCcdYOkBkBMPgjzyayALp0E/+c/jmWU0c6Odn+zUx0G+7zLIk1eTHefLxV8FuTgPYAMg8RXybDJGCZUooeTTq1Q9bbbcfDVRSne8jMrRLAjqOSvgc8tUh3l/kSWX4uZkOwCkpchs0evM7nw9vQMvbweE1ALxOxmZOy6YuHrUvni6cv1H0LyW/0h3vEj8JeaozN9SDpy0ULLU5o1kQnJ4w5+txhu+OwL/CSeaLxGvZ/mP0haGDP9J8UaTPzLeqPIn5W+a/IlNdCH+iHijwx8Zb1T5o2K+6HiB//A7O3X5I3zDi/jDlMcbTf4oNJ/NG74cF3+QXR9NWLJWabzDd2ec/GHK409ytmRny+2f4y98KeUNO64gf+QWS5YHMt5R4I/EX5T4I7QUUx5/kuMfH28k/pPBm6ieZbGS8c5k8Ia1K+GPEd5I/EfEG94dY/OV8h8Zb1T5I+KNDn+MxTuyDvP+k5SUNzJ35MtMszH7Z/hP6KCJfF6DP+rxjsR/ZLzhppfJPH8kvOHrMb9hHWT+J+NP0v6SUps/SRnjT3dRcADBphcbLQnK0e/mhrt/ATiEwKMOfErh+wQOJRj6PoaDAQbeEBvb20CzDafZwN7aGm7cuIF7z5xGu9UCpQ6c1gw6Cydx+/o1vHnrJhpuE9RpwGkNsdgfYHp7GzOdbXRn+1g4vgDSG4I2CDw04aGJwZBinxC02lMYUh/NJoXveWg5LgaEghIf7VYTbsNBu9EEIeFvFodmIgSJuaZxi1OCTd9Bx03bgra6ILurRvKtzLIi/lgdHpFm2/4OsGHZB8BWVlZWR03NKWDxfmDzOtjKOh9BQkUJCXcCB5EeFSQ8NL6Ulz3spYjqYP8JCiIJ8vlkJ/FHyQ0+6YWyypxTRQkXGxCloyQDW5+H9x8/nk60jv8onP/ut0EuPAHnff8c/hckK1dBE10iD/8qyJM/Cor0ilVWku/9IRC2MJOy1ZfcwKIl4PIxiusk6lvw96S9Tf0GJ4R11o+8Gy5CLxEPSMVX8qTpfyO/R+jvIruzv+uuUFfcIcGtgGedHvnb6KZIvJ4YgPQOgoL/MPeT2D+zVFghnPKfzBXAqXc0Mv0nY9xS+5fgTepSCd5I+BO9LNnxwJd5/pLjf7Id6YlOJ8atyh8ZbxCaUZE/OjsQ8vij+UA7OW5JqaOS/jcW/vC8YTdhU/wR8Iava/FHwpuJ4o+mLH/SvJHsSE90OmO8mbypgj85fqbHH0EpG2ARfxNdSyPe4duX8Yava/Enz2/KxDt8vW7eqPBHyJuRv6X4kxXf5Klu3oCLzpR4w16uN96JpiMV7yRLuXeNJ97J5M+hindUeROri3ijGe+Uz7eSJeXr0cEy/ujZv958K0cl7S8sVZqbmhe0T7FBG8H9KRIs0ydOuPuWEgDBw87gC6GD3bjUAShxQWkDAwyxs7+PoU9BPWBjfQM33rqN11+9itlWA42WA8dxsHjqHKYXT+Nrb7yJL/71V7F86zYAB5Q66A8oTp/o4uSxGdx74TwunjmJCxcWMdUhmGq24NMOtgcOrt+5g5WtbWxt7cNpt7FwfBYNr4eHLp5FD8Dyygr6/WAzRsttwQGBDwfAEED4s23x+3B09G4hhGKLtHASg5RBaHMqsrtOvtX8H59E896u2Cg7VzH87D9F/0svV8OfH/s9TL/7MvyvvBf7n5YcE+kMGt/3UTTe/Ric2S7A7rXtXIX3wn/A4A/+MPhWP1U9/uuY+uBjwJVPYO83PgUAaP3cX6Fx8iqGP/cT6AMg974f7kIbdP3r8K68pXP1oy23Oe4eHDrZB8BWVlZWR1DusXvgvfYX4W/6jlbssZ3AJKsMg+PRyj+WT+atUE6WcQXXj1UgOAg5f080wBKaRAuJMrXjQLQjKtaXaCVx/Py1P4D/jZ+G+13/FciFfwyQ345WJrMThcPpPg7ygUugn31j9DqJlcd/GeTyqdhlSN6CWbWEKiHugtzKzNzfwAO3AjS2Uli2QjTZPa6eu0Mi2fNUXXv8kukI7Zzc0inwn5GjI74zIVHn/SVeSlakj8zAjmc94OpRO7Huxrop25EqHm9GKZN0R2RQFv8NPAFvIPAX7R0SyaHnLWDPH3/swqkl+Qr8ke3A5P1B5j+c3+X/Jh5XJ+ISfF1p/JIyIRlvxB0q/hucivzJ3SGR7LkSb3T4I+PNgeFPslt5/Mkef0aZOiHUxPEnXcZ7bpY/Et5MNH+4UsYbY/zhL2CGP5nxTin+pMt4z83yR5U3fD2HP/HX80oZf6IWc/xHN94RTIGwlF5Bxh/eYBLe8H6gzBsN/kBsfi3+KKkAbxT5o88b/vOO9aBcvJOajjHFO+V5w/tZDn8Ew+F5wz0vVOBNfNzhPxMT7yjyh4tzqs+3FHgTK2XxTi5vjOVbOf4TG2ch/iTmW8afNG9oexYiw+26U1GzhJDgYTBI4EuE+cOob5QCHqHwiI/dQQ9rW1tYvrOCXn+IhYVF3Lp+A/39HZw8/zY02y0snlzE2fNnsXL3Dp7+0t/izbdW0HQ7cBsdbG/vYeX2Bu5s7KHhLuP166t44Pw8vn3nIi6dXQSZncPmxhBXry3j9Ru38OKtm7h+ewVTs/O4dO4sLpxaxPQQmF6cxt7eAIRMYabbRaPZCO3I5iIoHIf5BAA/fMkPbLjbmAGwnjIEbU0l7/Mp8icy1xtPwV8ZmQ3HH4Fz8TIaP/JxOM3/AftPv1WYP0q8ydR3ovW/fAyNs13A3wa9+Qz826vA8QfgnL0M9zv+Cdx7HkDvV38FXplmODU+8Ito3tsFvfIJ7F35lMErm9IDaPzIT6Nx7xm1w/fegv/8b6H/Vy9X262GfQBsWvYBsJWVldVR1PwFgAI+aBT8x1eCJn6rF4I6DQLk1OvcCkH+OPY1MRQAaLhDmIbJgMqKwAxRxJIw6QrhnB0IfElHF5fuUNjbD46ZfTTVLgVND+fu10DnHgV5x6+BfPZHhb8FTP7BB0Ea+6A3boOcWwiuqzIflCtzJyy7HF2G2U9cL7RDRmFFsnhFO+uXoK6zI4sbr2xHAjs4ZXeg3I6oTP/DaNU14v7D1XN2KOiMX1iqXENYZvsLIvsjNJua/c3sCI3NnWneCPijZf8sfxGVUv+T+Et8kCYSaqn9Fc+Vtq/gPwXsr70DK48/PG+yxl+INxn+A03+ZPKG9z8F/8kat8L4q/W/bN6gKG80+QPO32As3pHwJos/WvYvxh/2ecTzJ/rP2uwvOVa5fRl/Snz+1BHvKI9/FGcY5U+Wvyj4Xy5vRGNSOCw9fkmpK2n7Mv6U5E2e/ynGOxF/YhbXHbiMN4nX8+xvjDdsrjP8p27eiM7NaT/NG/b3eniTyM8zeBO9V7Pyrcz3m5w3yXq18c7IXxT8J141/nmjqJz207xBaKZ64h3+/o4s3inMH543Kf4I7N/qhpOAUWBCKHbdKTgk2KnrOA4Iwge/bAdw2GDkmU74esPFfr+H5ZVVrK1vojfwQH0H0+025s+dxXe99z3oTrXx4AP3wYOPL33h87hx9TXMzs5jcek05heW8Nat21jf3sGAEPhuB2/e2cfO+jpaDWBx8Tjm55q4c+cOrrz6Jm4vr8Ib9nDmzDlcOH8Zl0+exrmlY+h2OlhdW8PQo4Dr4MTJEwAoPM8LzO8Es0tAEveOgs98AhCAOAR7jWlguJ7wHoCAum1Qyt4FevYHAHr7Y+j9exKzOwX5+x9H5wceg/Oej8L9y1+AV5A/hd47MTV+8heCh78rT6P/O7+I4Ur81TNo/Lf/Jxozf2n04S8A+C89ieH6LHCr4gemRfXeJ9B872Ma78rLcE624P/Vz2BYYbfg2MeVpmVn1MrKyuoIisydDwJABLFU9BvAABBbCZrYIYxwhzBiKwKDExMrAeN1IPZ3Pqwg4TpFMqojfpgkConO4RIq1RW5qebCvgl/Myh2UvT3sIFo5Xn01TEvY7QSmZ0WX4nMBvAc6OunQO5/HOT9l0Ge5n8L+Gfh3HsJWP9j0JUHQc4FnUr/BnByvHkJJp9u5SwoFqzIVF0RrL4inU14Zl3mENIdYOLxp8RdVnVHQFQm/I75A1ePji++Ih3ceeD8D6mSHZaTYMumVzbd3J+kzcf9ARn+I92RoLgjJuaocd4gdlzmgBR5I5M2bxKlhDfx15HjP4w/8VJwnMx/5FsamHL8R5c3fF2XN1L+KPJGlT8yyx0R3kj9J/8NH+stkLK4Id6wF4TdQIa/VMEbCX+EZYo3mvypI96JjlfkjYA/2rxR5Y+heCf1dlblj4EdeGzC+XqilL4hDgJ/BH5jKN6Rc4cdNgb+ABnuKOOPIm9iHZPyR2dAMv6oSpE3fD2XP+G/uTvGNXlTPt5R4I/CdEV1GX8El03yBsZ5k6gX5k2O/+S4pYw3UT3TbJOYX/G8YR3OmQ+JZPGOMn/GFu+wqoQ3qvzJ+bxXjXfQ6iRPCN+E+42p4L8JQbDjd3QeJYgmm1ACdivIAUCGFA04cOGi251Hb20DM91ZLMx10Z2awkMPPYCZqTaarouvfeUZPPfXf43B7i72SAN7M7s4dbqJdz7yMOaOTePvvvo17O/1gSHF6l4Py+sDzCydx9LFc1jZ8LE7uIK+78LzCaa781g4tohLp8/h4qklDLGH/Z19zM7NgnpNXL58GQDgOA4oCZzFISOGxGdqtAAH2G9MB98WzdvPbYMQos2fUTNp3tCnvwz/ux+De+wSXELCB6xF+YOCegKNhxYBvAXvM/zDXwB4C8P/8JOVPND0/vJfGn+obFR/9WX4H3gM7oz6KfTWlysfE3Hd4ua2Eso+ALaysrI6giLdU4ivufVpcicwixqjnb1hPbVCL7EiOJaUFPm01rzBF+uIvNRpPNEev0KZjW3UQHDYRZB7vy34y50/Rt5K+Oivn/006D0fBXnHLwFP/1RwHEWQlP7Ih0Fa+6B/80vw5/59+NMkkh0S0vHzE0aiviTrsbLIivFCO/Bi/hOvx+af1m5/SXvK7dNUXeYHfD0qQ/tr7ZCQroiPz3G6+8LhJMbLZ40S/ymzA1PF//L8h+MPbxYtqdhbdE6hBvkTmN1Z+7IdEjn2z/OXPH/L3YGOZF06/mzeQGZvJftn8CfHX7J3KCDf/oedN3n8kfKGv74CfzLHT6Ixxc6I7IyqeCP0Pxlv5PxRUin7S0qNxoW8SfGnqP0r4k84zujzrW7+6OyAEtST8c6IP/XbX9KeBn9CN0nWs3jDl0b5A+762fzJH78if3R4o8wfdnnOX8ryRmv8ogmL/a10+3LeRK/DcLzDlyq84Qeawxu+rs2fQryRxzsp/0nwB/r2Nmb/su0XiHcgsnvVvIkNSsCXVD0SszM71wB/Ssc7o+EcqHin0Q5OSLRHMXA7yeMIQfCoMnggHHxrMvtFXYImceA7LgCCk/PHsDwzg/7mDtY3NnH69Cl03AbOnD2NM2fPwB/08forr+DZv/1b7KyvY+i72F5dx8rmLr7+rVdw/sI5/KN/+P1YW9vArRu3sbW6ATSAnX4fUzMLmJqdx4mzZ/Du93wHvvbci7hz/Squ3l2G7zbQ3uthb+suzp9bxPx8F0tLx9GmU5ieng767TigoPAJhUMcAH78jYJoqQMBKCUYNqaEBqJuI2KiLn+S1+N4k3j5DBrfy/0Or78N+vpn0P+NT8CjAPDjaP/TJ+BOjX5LF+zv/4z7u4q+7xE4DoCVr6P/DcVzlj6E1k98BO7ZxWDDh98HXXkGwz/9WQxUrwEIfqM4HAOeweDJVbgf+F444cNXuvw0hr/7ixhED6jPoPHBX0Dz3Y+BTIV9uPYZDO4+htZjl4OvlQ5/exhvfwLtH/kg3PlwTofboG8+icGn/6XggXdcn0Lvt1to/9RPKz0Epld+C73f+JSRj4NMRbtsrEzJPgC2srKyOoJyuifAorEoJgtX6vEr99IrhlmYSKIKu1/BEnp+4WzyvGS8T8F2ICN5vVg92VGMGopfWZRQpRKsjAyEW2qc+A2Yxmk4j/5o4njSeRDkkQ+DnJkHdj8P+uS1YK4S0RCbQ8T+ToC7/zvo6z8Gcv8H4byPwP8Cm/Yn4Nx3CVj/DOjTb4B8MHad+Pi56YgmMjEskq4LrzCyt1IZBfVsxSdLEsM+hu3KV4yO/EfY3bwyNsz4SOLmlZo7eUayzq0Qlu8YkJRxh9fYoZBesc6mm70utFa6FHWXG3FWPX3BvDO4E0QGy+hxyn+UV6hL/EfAnQxrpf1Hxh+hFPmT24OYPwj5k+EvcT9LlOwyOf6j+nbnzovqucOqhzf5O/JkvOF3SOTzhvc3GW/Sq+55VcQbBf7k8kaVP5LuKvMnF2gFeJPBH2XepPgj4w2/Q0uTPzLeqPJHGO9wZRHe5OwIT/OHnXa4+FP8N8gxqie6VR9/olKq8vwp/pucbJrHyx/5haMOZp+QYzjZb3Lm84fzD8j4k8EdCX/iI9HKt0RXqIo/Mt7w/qPLG77U5E1Kyrzh6zn8kfmLCn+Q4S8p/mjyhhuJNm9U8y3VeFk33on8jk33uHlDxHXZFQzFO/znm3q8M4m84ep8D4gDSlyIDDYkHYCyB0s+CAl8JNj96wfdcRx4lMClgOe48L0Bph3g7MIpDC4/gBdeew29/hB727s4dnoRM7MzaLcbWNlcw+2VO9jY3MW5s/dgebsHb68P0m6j6QDzSyfw/T/8Q+g0fbz6/Ndw7ep1vPatK/D3PGytbWLvzALmzs5hem0W11aWsUYb+Oa3XsHZ85ew1Qaee+F5kO6jOHPiXkzNTaPVPA74TRCHghACz6cglII4FA4h4B+gEQS/Z0wIge+2xIZw3NBVkrzJu78TbyXFm/sfgDMFYGcVPgHI/T+N5ve8H2RvFf7rz4ButEDufwzOvT+O1k+vYu/ffSrpGsyszNwyd8mQe3IxGM/Gy2qnLP042k88AXcGoGsvwHttFTj3TrinvxPND/8eyO/+BPplv9HZeQTNHwLozS9j+BLgPPAYnJPvR/PDT2D4rz4BCsD9sV9D692XAX8b/pVn4A8W4V76EFpn+UffH0Hnv/9xOO0+6PUvw7sNOG97BM49H0Lzgy9g+LtPZffl+ifR+/RZdD78g9nfvLz8J+j/xifhlxy6klJstCor+wB4QuSDYugPMfA9DHwPQ38Ij/pg6wcJCFzHxZTbQttpouG4Y+6xlZXVQRbphL8rGwXwBPBp+CQWUUJFo8A7iLBomEjxK0uj1zN26KR+CziWOSR3HrPTWeiYFg2D/9Grkh0JNByOaMU4DZK+zJJd79wTcM5JJnP9Kfh/+KNBIEQZs0e9ogAXnAZ/pU99GuSej4K849eBL3w0aO8f/hhIZx/0K/8bfEpH51GaDHhlojklf6xyAs+L2ZGr6+zQUlkBn1OOkl3E2mVmGNXTY5PtQIi9Ds5fVEqdHQoxBy38G3jpYUnGKzm2sP3Lts/sztovZn+tHaECf5PxZjT3ssRDsgOB548ubzT9LeIN5esC/xHZu6z9y/JGs/00b8K/F+VNIf7k82b0Xo75T2K8Mv6MJrAQb7L4I/C3EX/ifdbgT832L9t+ijfRx1VB/ujs0Ir8LMYbDf4o8UbT/ub4g4PJH8XLy+Od8Lia4h1V/ojGVku8o+x/2bypjT9lldV+Bm9G8Q473FC8Ey9LxjtC3vB1ytxJYP8KeJPacVk3b3jp+pty+xLe8HWeP5XEO6My5S+6vBHwp5j9y37eZfNHqrK8qe3zTsKbFH+qjXeK3t/J4k1QlfCHtz98hL9TBu6E4IE3AdjSAEpp9Jwp+qkznz0G9wFvgAbxQfr7+Is//RNcee1buPed78Spbhe9rW24Z06g3ZkCaTRBQdFuOHj3u96BY905vPTqa7h+6w7OXryEs+fP4vSZE7j72tfxrntO4/75Np6dncZgfRXeYAfLb72F+++7ADQbuHDpMj7ykx/GS8vLeOXaVTxw3/24dHIR+7dvY2FxBu1OByDBrt92pwOK4HkCJQju6bE5E0wzu5NH2fzw/kMcsN8A5nmTfX8nPKP1AbjfHnP4+W9H4z1/P7jStacwpBR4+bcw+PSX4H3lsyOLL/0TdH7uQ3DOfica9FMYxrkX8S5W4f4zT87MrPrBANzv/VCwG/baJ7H/id+KmnI//AdoP3oZje/5CPovf1Lrmim1W6DP/Cz2fv/LQX3pF9D5+R+Es/gIGgAG+Aiaj14GsArvD34Iva+E5y39ONo/8wQST4QefwykDeD6H2Lv33wi+jN514fg7uQ8/GX6xq+g9+QZdH5A8nvAO89g8Lu/UuPXWcs4YVVU9gHwmORTH0PqoecN0PMH2PP62B7sYXe4j71hH3teDwN/CI8Gby+HuJhpdHDP7GkstefQcKZyWrCysrLKUHsOFCTaeUuARHIQ1Ee/+QsA0cpRdp7mitRUGVv5HDRLuMOyP/QJ+yeMG/kFxIkFxqIy3Y1YGa5IZwevPgV6cyPZgZUnQW98BfTq1XDOEpll2FZ85ycSf8faL4W7gH8Yznf8DPy/+TCchx8Ftp8Kdv8SAOxrikh8hXyoWEIlSij5VlN1mdmgWEp3vIzK2GjT9ZwV8LllqsO8v+T4j8Qd+bOlJed3SX9jdufr6R14eTsgpBaI38nI3HHBxNWj9sXTles/gua1/Ee640XiLzFHZf5WlDfJEsn6aILEE5LDG/5sNd7w3RH4TzjRfIl4Pct/lLYwZPhPijea/JHxRpU/KX/T5E9sogvxR8QbHf7IeKPKHxXzRccL/Iff2anLH+EbXsQfpjzeaPJHofls3vDluPiD7PpowpI1Rf5IeyFx98njD1Mef5KzJTtbbv8cf+FLKW/YcQX5I7dYsjyQ8Y4CfyT+osQfoaWY8viTHP/4eCPxnwzeRPUsi5WMdyaDN6xdCX+M8EbiPyLe8O4Ym6+U//z/7L1ZkCTJeZj5eUTkVXd3VVffN7rnwByYGQEgTlKCOCAlUtKKtLWV0Xall6VesHpZ7otsbY182RdJD2uCyaRdk+3KZBRWkIEridJSACESApcEQMwBYAZz9Ez39N1d3XVXVl4R4b4PcWRcHkdWdvWB/Memvf7MiHD//f/jy9/T3TN0vCnLnyzeVOHP2PIdXYOT8RMXLW904Zgsc90W+D8nfvwAjY3nK/CnfL6jiR8dbxLdG8j4+aPhTVKPxE3QwCD+dPyJ+19TVuZPXMbFn+EJ0QO8+Ame/WsIAyEESuA/csvb9Yvf164Aw1QY0qG3vcbty5f49PPP8vlX/zINy+CDKx9x69Ztjp0+Qd92mJqa4tChg8woG0tKfvVLP8fde/e5fv0mB80Ore46g7sD5hsW/e4WM6bk6OFF1tbu8NHlS7zy8otY01M0G00OH1/CbQnOnzzCwQOLTLeaNM6dwBKS7V4fhaLf72PVLKQAZQjPPuH9gDVSP00nBCBlpNci4vdP9fGWf+0Xfpv6C8mLDlCXv8bg//oPfuV3cF67M/TJ+Z/HnB9AHzD8Q6KcqcAfncjdHWCm9PHm8aNAG/ft4eQvgPsHb6FeOIpYfgWLf7HHZwZfxQ0mfwFWr6K6QGvG65pgUnf1dQY/jJy2+jXcG38H82LEnncuoX75FcSRV2n++g72m9/CvXwH9eY3KrVRfefvMVj+XRqfPBN/w7mK8/W/lq65qAAAIABJREFUF/lp6v0QVXzIRCrJZAL4IUnXHbDa3+Kjnbtcad/hWnuFld4G23bHmwR2B/4EsLe53hQGx6eW+O/O/SLNg+eYtiYTwBOZyERGF+E/FyVYsSkR3uJIgb8T2Mv0pD/QUokBd7giONiBIPEGVJEdCcmJz3AFsE6yRjIlDg+VrLLs+dH2KQhXKAfX2fku7r/7x/oBV2ol8rAWT1eJJvl68CzgF/4BzH0aMdND/eC3UHj1G7MLYeNSqx6DRufYm3x5qAd+DF73/D3uZ3Cm4sXvGRX+G/FA1gRT1sAky6Bx5IejxF+k/my/B69XXaFecodEIu6CRg/jbfilSFSPGaD9BqFE/AThp/F/bllih4KWN8G9ENuBkLqjyY2fHLu1/tdxZoT4i/NGw5/wbc2Oh7wdEEVlRrzpdqTHGh2zuyx/dLzBd2NJ/lTZgVDEn4oT2nG7NWUV2WP8PRT+JHkTfAmb4k8Gb5J6Jf5oePNI8aeiTPiT5o1mR3qs0Tn25vLmQfCnIM6q8Sej1Bk4SrxlXatCvpOsX8ebpF6JP0Vxs5d8J6nvN2/K8CeTN8N4S/EnL78pkv3mDYnsrBRvgrf3N98JuyOV78RLfXQ9nHwnlz9PVL5TljcRPYs3FfOdvY+34qVK6uHBOv5U8//+jrcKZI/+zyxLVCekjTLrifoUlrKRookQAkTEEkHGGgkDKV0sBNOtFrNT07z8iZdo72xhGHD+/Dnu7Wxy48ZN2tvbWEgWD8yz09nGGAxo1g2evXiOi2dPoVBI6SCEhey02d3eptvt4SqFLSW2PaCz02ZpbhbHEMzPzdCaarKz0wXToFYzqTUsDNf2JrClotVsYloWWCauMJBSogRIwDDiP82slMLb2atQKCwZ/IRwwiHSCf1ebbzlX+36t3DDScIB6vpryOt/iHsjqEbB0pep/fpvYp0+ikjOSHUz/LwX/vji3lsDjiLmL5ZIe56Dmv9n8reOVweexcaePoU96a7lt6Pe8OqQg9RxztYq9eiE9upX6f/7RRpffhXj079J49O/CU4b+eHv4/y7rxY8Azgu7td/C3v6n1F7dtGvbA33m79V/tnJ4xK1B4dPJFMmE8D7LK6S7Do9Xl+7xA/uv8vV3RVWuhus93fYcTr0XRtXSZpmnYFr03X7uEpyoD7L8dYSc/VpWmbjYZsxkYlM5HEXs473rR8MVwiT2BE8fGaMlygJb144THdEIu2LrxAktUJ5qCQTLxGpN3L5QvGbH1EiL6pUDbEyteMga0dUpC3hSuLE+WHpGy4S9abNEcPzwmcB/9eYs/Pe7t8/vB725fCUhK7tjESZK4kLJkY9hc/AI7ECNLJSWLdCNN68hF64QyLe8pRe2X5NdwRBKAriJ/wCJeL3pJ4XL5oV6UM3BMcHLUjoYT2R5kaaqduRmm1vTqkT7Y5Irxz9GXiJUhc/lXdIxE0vWsBebH/kwqkl+SX4o9uBmYyHMryJlcFlCuJHZJck9VL2a8qY6HiT3aDRn8FZkj+FOyTiLS/Fmyr80fHmseFPvFlF/Mm3P6dMneDLI8efdBlt+Xj5o+HNI82fRKnjzdj4k7zAePiTm+/siT/pMtry8fKnLG+SegF/ou8XlTr+hDUWxE/VfCejCzJL7RV0/Ek6TMObZByU5k0F/pDt/kr8KSUj8KYkf6rzJvl5F7Rgb/lOqjseUr6zd94k46yAPxnmJHmTmC8swZuo3f4/j0y+U5I/iTznwY+3SvAmUurynULejG28VRA/ETtH4k+sv3X8yeCNMwCzkXJcQ/bpiZYXOwiC77mEACG8SfHABkOZYAhcadOot1g8cpx+3+GDy5e58v4HHFha5MTxY7hInG6PxnQDzDpCmNi2Ta/TYbpeZ26qCULR7cPAVkhngNsfYPf6bK6vc2jpEOcunAf61EyJ60jkwGSq1WJm9iBSCBQuyrWx+x2k7YAruXj+Y1iGSd9xEJaJN6ktvOOVwJARbwjl95ECpai53UxHCOl43VqRP6G77v0O9tfTmBz6X2D91a9QO78I3au471wCBxSzmM99Jjw2FhpVeKOTb76F/IXnMJaep/4s9HMnM98G2//TSLy1VPfaJUdvSmkZ9D2zjXrKdGt+KXW4+t7v0Pve78CJz2Bd/AzmS1/GfPpvUW/s4PyTKj9XfQf7//y78N//M2rnwP3m36X/nTt7NGYEUfvypOGfKZlMAO+juErStrt82L7Nf77zJv/hxvdYG2xjSxdDCBpGjZphUTdqNM06rpRIpZBKcai5wDMLpzgxtcRsbbL7dyITmcjeJXiOrrdM0Eugpf8FniRY0xfPuMrtcIisWM84L0xgIiuQlYjrVRK82Glq+GKYcHov+HrBDoRkGV4vGG+U3KEQqTVlzvRpBArpNzh8FvCUt/tXRgY2YfvVcDVwfmckyqJj0+PsWDm8TOC/bH2kHTIlViTrVpiqmAERvcqOrIS9uh0JwcG5/h5lh0Ju/DFcdU00fhJ6wQ6FKvZnlmWukVnmxwuh//HdVs7/49kRmubPKAPKTN5k8KeS/4v4Ujr+NPESNXIUf2d1Ql5ZdK62/hLxM4L/K+/AKuJPkjd59o/Em5z4oSJ/cnmTjL8S8ZNndwn7H2z85fOGUXlTkT8k4m0c+U5gaGX+VPL/aPwJPo+S/An/3Df/a44tXb+OP3v4/NmPfKe0/cM8Y6z8yYuXEvFXyJssm0oclrZfU1YVbf06/uyRN0XxVzLfCfkT8XhVw3W8ib1f5P+x8Sbo65z42W/eZJ1bUH+aN8Hr+8MbFY2XHN6E92reeCv3ftPzJq4/2HxnGC8l4ieqjv3zpqQU1J/mDb6b9ifficVPTr4zMn+SvEnxJ+1/Bl1ozIRxF5RNt0fPb4E3Xyq8n0wG73swQ3jfgynvOzHDn1DFrHH4xCnau13ef+cdVm7dZOXuXb7yi69y6uxJWo0aQkps26Zv29gDm0F/nZlGDVPZWPWat7sWQaPZYnp6ipXbd2i32/zyX/srnDpznFrdQroDBDUQAqVgMOgjDQOBREgb6Uqk47I4v8DZ06cxhaBumjgIz04hvDDAsy3Zj563BE2nk+hcP36cPsEzgKv6f+iTfP6IlrehTb79G/S/7sfDs/8rrZeJ7AD+DnL3KxitJcQXgO96r4tf+AyjPQ3zq9jv/AKNF45i/vo/pPZPfivxc8ZHsX71tzGn/3f6//fruLfuYC0fxXzuNxHfiTwD+Jef96y99/oef/65hHz3ddSrryCWXqH+SWLPADZPJn/O+lewPncJ508vwc3v4dz8Hs4fNWj+g1/BWDiTvHIJuYP9f/y1cB78YYhy9+9pwz8rMpkA3kfZsTtc2r7J169+lz9ffY+1wTaOlAigadY5O3OEY61FWmaDK+277NgdXCVpWXVeOHiWLx19ifn6NKLqB+ZEJjKRiWRJZAWwnyV6dBF+Wp6xIjR2XmQFarACMKXjXzBShl88ZayIVpGXC1EXGUiFQ4nIAEu3IjdSXaQMVgAn9MhJ4et+Bfkr0YPToiuR460JV8Bv/M+oP12AuauoP7w+TNajBojI8Rn2lxlgJodbBQuKM1aEl10RXH5Femhbnp7yXNIAdA3Ol8Rly+4ICMtonIX+T+jh8aOvSCdxHon4I1UGhxUMsHXdq+vuxEva6qPxQE78aHcklNwRk8ObGK90BqX4o++qLCm7AyC71PAm+j4F8ZPJnfRxuvjRb2kIpCB+qvImqVfljZY/JXlTlj86z/2M8EYbP8U3fKS1kPL4mHgTvJHZDHLi5UHwRsOfzDIj38mzPyWa23es+U54fEneZPCnMm/K8mdM+U7qdi7LnzHswAs6PKnHSu0N8TjwJyNuxpTv6LkTHPYQ+AM54ajjT0neRBqm5U8Vg3T8KSsleZPUC/nj/1u4Y7wib/ae75TgT4nuCnUdfzIuG+cNY+dNTB+ZNwXxUxCWOt6Eeq7bHsXxVZI3QYML+kMjunynNH8eWr4TqBrelOVPwed96XzH7ngsTew4n3I7bPpeD/oyYBP4myD8PhIG/n0jwLI4fu4sd69eRkmHuiVQloWJ4tDCAp1eB3vQp9fdZau9w87GBjO1Gu12G9w6LaYBgWVCbWqaqYVlNjoDPvXFL7Fw+CRdW+IqA1wTKRW26GJRp2YZuCiUcrGdPq50UK7DJ19+mZnZGWwBwlVYpoESCld4nyCGIt5ZSgHSs9WAqdQOYF9z+mQ/AzifP8MLFPPHuX2b2vmLGC/9e5qzr6NqFzFOHkMEGz4FoO7g3ryDtXQU8y//Lo1jl1DTZzA/drHoFtKK+y//EfZXfpva6c9Q+5++iXX7feTKGiycwThyETENrP4KBq/jfusbuBe/gnn6b9P8+68gr6zB8ecwjyx6z8P9dpUdtaPKv8D+yas0PnkG89e/SfOV15H2Iubp5xDGAKiHR4q/8WvUP3eR+l+8irxzCbk7i3HxFe/XHdcv7UNbH4DIBz7F/jMnkwngfZSbnVX+fPV93lz/gFudVRSw1Jzn9PQyR6cWcZWk4/S437nHan+LjtOnYdZ4ev4ULxw4x/nZYzTNemE9E5nIRCZSTvxn/+KvBYyszEOI7GcBh8med36YBPr5pfcs4IhO4Tgn2pyCEY3mnOS5aI4tqjxWX3KFcjBIGFbgHaZbiUz8OFSiSYnX/+QryKzxZvR4NTQsNDVpb1gmO0yEdcb1SDnKivGRduAN44eoHul/NYr/s8oqsqf4UyldFwdJPSwV7PWZeMU7QMnU0/ZHbuLIGan42csOzDLxVxQ/sR0JabdUkjL+zjpnpAqTJ6jwvs/mT0n/F8VLUbwV7kAnrmvtz+cNOn+X8n8OfwriJX+HAsX+f9J5U8QfLW+S1y/Bn1z7RWhT5IzQzzwo3mTGn443ev6Ukj35X1NWqDyTNyn+jOr/B8Qf387w822/+VNlB1SGHs93hvzZf/9r6qvAHz9M4noeb5LlWPlD4vr5/Cm2vyR/qvCmNH+CyyfiZa+8qWR/VodFXttz/XrehO8z5nwnWZbhTdLQAt4k9cr8GYk3+nwnFT8x/lDd32Pz/17rHyHfIcvvD5o3EaMy+JLSQwn8HJw7Bv7sOd8ZmvM45Tuit+2dEKtPMS27w2NEEEvhH5gKTOVN+kpl4CqJsGrYjs2hU6e49uE7WHUL1xlgGDXefeunzDSbHD99HNd2EBhst3u0dwcYLYedzi6mAfVGC6vRZMqqIWstXr/0JmsDhbi3xXu/9584d+IAF04e4tzx48wfWGBqfhpDWNRUi1qjgXQFUoJr9xDC5dTZ09ztuLimhTJMb8JfCEwEhgo8Gsyo+h0nvN8tFkIx7ez6NscdIuxuyMSq/BnWlc2bMIx//+8zmPqH1F48g/H0q96zan/wDeTLfwsz0lz3d/8R9uz/iHX2DOYrZ6C/hvzh15Cf+FuYI+0C/h72V/8O6sv/A9YnX8E49grmCf+t3TvI17+B/e2veb22+jX6Xx1Q/42/jXnsOcxX8J7Fe+97OP/xt7D3aU7V/fpvMXB+m9onnsM4//MYcoD66GsMNj9D3e8TAPX/fQ178W9jfewMxtNnvF+udtrI976B/c+/tj+NHbc4D3P/8ZMpkwngfRKlFDd374eTv1JJlpsLXJw7wfMLZzncOsiPNy7z4fYtLu/cRiqJIQyWmwd4ZfECz8yfZrExR2J9zUQmMpGJ7EFEmPR6+ZjwkgXNytHwdQifBSzCKzEc0BMZ3/gnJMc7idFbWB9+aUR0kuXwjLReOMDKGYEklhoLEb1+YFskQU6WvsHx04K+I/v1qHkiuwyPT+A/9WmQMkuk9cwraCou2KEy9H8wSPTb6NerXzEaNCu5Q6JkGTEzaknUvVp3x8+I64kVwvodA5oy+k1ShR0K6RXrQXcH72d6K11mNTdhcZ6uDcjCK0Ru3KTDclqcip/SK9Q18RPv/vjtrymjlkSbm3m7pGxPXKEqb5LxkMmfMrxJlsFlCuKn7O2eOC/UC83aH94U78jT8Sb5OVfMm2S86XiT+j4vJQ+INyX4U8ibsvzRNLc0fwqBNgJvcvhTmjcp/uh4k9yhVZE/Ot6U5U8Wb5LlKLwp2BGeme8EvHmC+DP6M8gZ6rFm7R9/wlIre+fP6M/kDLr54fJHf+GwgfknFDhO90zOYv4k4gMdf3K4o+FP1JI8/qQ7LOMKD4o/Ot4k46cqb5JlRd6kpDRvknoBf3TxUoY/5MRLij8VeZOwpDJvyo63yubLVfOdMO6C7n7YvBHZuu4KY8p3kp9v5fOdR5E3CT0rTrpbZDlsjsGwa/1+EcLrBwMQSmAG3SUEwrCwcXEMg8bMNKfOnqPf3mB3cxOrPsWHP32HE4cPceFjZ5HKZtt2sF1o9xxqArrdAVPNBrbrYCJQzSlurm3zr/7Tt1nrCC5tfIjd73Hrbou331Y8dfIE01MNXv2lv8T5xcPY/T6GYeC6DoYQCCRKKQauC1YDRyksy8R2JYYpAN8OBFJE+jH0rbfAYFYNhvdg5BjhdP1QifOm6Psd+599GScrfjLD9g7Ov/4N3H+d8Nq/+6rvk6BF38P+p7+O7R8Quvv/+Wr8xK//Bp2vU1Lu4Hzz7+N8s8Shq99g8L99I/+Y7/49ut+NvzT4B5+LRFlW+75G/3/JmpTNeH0J3N/7uzi/F33xKLWv/BowQN3+lt/Wb2H/82891J9sHru4T5Q1j4RMJoD3QZRSDKTD+mCHu90NAM7PHuWVxYt8cukpduwu725d5421D7jbXUcqiQKmrCbHphZ56cDHODG1FElLJjKRiUxk76Kk8mdaCTOq4QJTb2AtlfLeSiTWyZV/4esqrQuyVwxGB3CxnceK1Ar4jNYTf1d5jzIO1cRK3awV48ob9OWW3/9VnO9HhxPx6wSDlFD3v/UXv/8pnN+PNRf4x7j/8B/HXysY56p/eSpcu1lKVEGZPLb0AD4pgR8TepUdWmVWwBeUwwENkXoDNwz1tG26HQiR90n7u/KO3LzjIwE68jPw0mZp7NUcO7L/91p/nDeM6P9KO0Iz4k3Hm2Hfl+dP4E5PHZE3FeMt5I1K6hnxU4I3lWWvvKlYf5o3/uuj8mYk/hTzZngvR+InZq+OP8MOHIk3efzJiLchf6JtrsCfffb/XutP8SaS74zEnyo7tMI4i/CmAn9K8aai/8fHHx5P/pS8vD7f8Y/bp3ynLH+ybNuXfKd0/OXzZt/4s1fJqz+HN8N8Jzh8TPlOtNxjvpPJm6SugnDK8P8D4E1qx+V+8yYpVeOtdP0a3iT1JH8eSL4zLFPxUpU3GfwZzf97/bzL549W9sqbffu80/AmxZ8Hm++M8/udgDeequFPlv931z2j4ycwYwx9P6zH/0sIhGGAP6kZfBem/J+4c1CceuppLn/wLs889wKv/uIv8d3/8h3WVu9jmgY1y8QwDRAGfVvSVi5b7Q71mkGj0aDeajFQkhu3b7PT7mC7NTr9Pq1GnXurqxx/6ixf+Itf4tDBeT72sdO4tkO9ZiHtPkgH1+nT6w8YuCYDQ2BL7zNEAaZpAt4OXwPhfZcXW1ygEMEsLDAtXCLfnIX9IPptgmcAJ3kz8vc7FflDUq+Q7zxZcpTaf/OvqJ0coO7dRt67irJnMc49j3GgDjvfKzeR/ZiKsvsPuwlPnEwmgPdBJIqeO0AqycH6DMcPv8DFueOcnF5mtbfFe1s3eHvzI1a6G3Rd7zf3W0ad5xfO8gtHXuTphVMcqCcf8j2RiUxkInsUPxkPs9+ILhiWiuGOX+/t8AT/AOGt5tOsSE2uRB0OIuMrUotXxCaanxhQZeqpWtOXzy6DFemEbQ++nA/16EgyuQMiPD5nBFhqSXHW+b5EBlRZA8rk8CqlZ7iraLwaK7U7XoZl0OOZesEK+MIy1eBkvBTET+Jyuh0A2jLLXeH7GfFCPC7K7oDQeiARf8MBtSZeknpYf3Z3FcZPRvWV4ke740UTL5FADeItizdaj2lveOL6sIOyO6SAN8mzy/Em2Rw9b5JljD958TN23lTkj443ZfmTireK/Il09Ej8yeJNFf7oeFOWP2XcFx6fET/JnZ1V+ZN5w2fxJ5Ai3lTkT4nq83mTLB8Wf8jXhx0W10ryR9sKTbg/evwJpIg/8d7Sna33f0G8JEstb4LjRuSP3mPx8rHMd0rwRxMvpfiT6alAivgTt//h8UYTPzm8CfU8j+0x33k0eBPUq+HPWHijiZ8s3iTDMdJfqfjR8aYsf7J4U4U/Y8t3dA1Oxk9ctLzRhWOyzHVb4P+c+AnG7yKql+dP+XxHEz863iS6N5Dx80fDm6QeiZuggUH86fgT97+mrMyfuIyLP0b7PtIZoKx65ABB0zSYHazTnTrkxVO0PQKklCAMFKCEi1ACw/DiRrmKbr3B85/9LNfffYdtp8+t9Xs4/S4rK7eZOTjL1HSL2dk5LHONgW2zudXGEg6NukVzqsFs3WLBVJyZa3Fvq0e/ZXD6zBFeeO4pPvH0ec6fOsbMVAO7u40wmygBEhfXHWDbHSQmCgsXA2HWMBGgZLwfQpOC6Z7gnvB2D093VmkIM9330kb0d8l+BnCSPxW/39kn/jxZcgf7334V8St/E/P0RcwjF72XnTbq5rewf/d3eHKfkqtgMgE8dplMAO+DeDuAbWasFs8snOaFA2dZbMyzbXf45q3X+PHG5XDnr/ehVOPY1BKfOfQsv3TsL3Bq+vDk2b8TmchEHoAowp+C8QfcSgxL/YrN4Yq8cDJY+f8Ek76SyACrdHPSI5ky5+SVJaoLdd9c7w3dCuWEnrXyPXZ8hVJ5fRYtw4SdYPV3wrBwCXh+96T1wI/B656/x/0MzmS8BD0+tCXigawJpqL4qeDvQqkYf36YhEq8tZp4KfD3Xp8BrIuXoTkRowIDtN8glIifIPw0/s8tS6wQTsVP7grg1B1Nbvzk2K31/x54k7pUjDcl+aPjzSjcyeKNZkd6rNExu8vyR8cbfDeW5E+VHQhF/Kk4oR23W1NWkT3G30PhT5I3wZewKf5k8CapV+KPhjePFH8qyoQ/ad5odqTHGp1jby5vHgR/CuKsGn8ySp2Bo8Rb1rUq5DvJ+nW8SeqV+FMUN3vJd5L6fvOmDH8yeTOMtxR/8vKbItlv3pDIzkrxJnh7f/OdsDtS+U681EfXw8l3cvnzROU7ZXkT0bN4UzHf2ft4K16qpB4erONPNf/v73irQPbo/8yyRHXC7iLaq6j5Y5H6vM5e6q9yY+owhgCQ4W5ZgfRP9p7/i1AglDdpogxcywA1oHXoMK8cPcr2nTs89fQz2E6P13/6Fl/4+S8ghMlUq850y2Bn3aUnBJvbPWrWBo2GycLsFA1T8vLHn6LddTl87AQXn7rI889/HEO5uIM+U40arusw6Nso6WLVJMreRQ4cUII+TXqi4XlBAMry2g6A4dmqDITh+q8J33YDhWSxey/TEaK7hXC6xRwqme94DnnI/Hnc5eY3GPzTgp+hfgJFDXoPuwlPpEwmgPdBhBDUDItnF05zamaZk1PL/GTjMv/5zhv8eOMy93ub4c8+W4bBYnOOXzz2Mp9b/jinZg5TN2oP24SJTGQiT6AovGeEKCW8Hb7C14PXIytGg2RNRN9HJPI5/zrBwB6Ryut0+X5Yj68ogmtUMihSQTCg0dWcseNAsyMqtXNTVwZ9FC2J7pcu0EV2GbWgvP2USJKTFcQrLnwGHokVoJGVwroVoolhRlwv3CERb3lKr2y/pjuC0ZQoiJ9wABP3Oyn/a0rNivShGwriJawn0txIM3U7UrPtzSl1ot0R6ZWjPwMvUerip/IOibjpRQvYi+2PXDi1JL8Ef3Q7MMvyJ4s3sXgYkTca/uTbryljouNNdoNGfwZnSf4U7pCIt7wUb6rwR8ebx4Y/8WYV8Sff/pwydYIvjxx/0mW05ePlj4Y3jzR/EqWON2PjT/IC4+FPbr6zJ/6ky2jLx8ufsrxJ6gX8ib5fVOr4E9ZYED9V852MLsgstVfQ8SfpMA1vknFQmjcV+EO2+yvxp5SMwJu9jre0vEl+3gUt2Fu+k+qOh5Tv7J03yTgr4E+GOUneJOYLS/Amarf/zyOT75TkTyLPefDjrRK8iZS6fKeQN2MbbxXET8TOkfgT628df7J5I3ZWYOEYSQcuyV1uaKrzJoKFd+2MtrmYmLU6felimxZ3N7a5cfVDvvDFzyJdiZSSWrNOc2aKnZ02Dordbh9j3aFmmSweOIBQimee/hhmbYZaowFOj4/ef4/FhXmQNttrkvmFOazpeTANpHJQgBQGA0chTdP3mxHxYbqxWWgSSrDotPFnv2OOMPpbkIyHfRhvleVPKd5M5MmQQfdht+CJlMkE8D6IQNAyGxxpHaTnDui6fa7t3uPa7j3m6zMsNuaZrbVYasyx2JzjxNQSLx+8yLnZo5OdvxOZyEQenGSsSJb+QCrUY0lcesWfVN7ASbdS0BvcKqI7jfGvF6x4DgcDZVYE5plDZBCmXSFcsAOh6o6EZKldIUxaDxpc+guFkp0QLYuO1dUbxEV4cODHbH2kHTIlViRnrzCN9mVCr7IjK2GvbkdCcHAZf1d9BvCoz6gK9YIdClXsHyn+dPWq/Hgh9D8x/ux5B3qpFcqRvhs3bzL4U8n/e+SNiLQjjz9DAxjZ/tjlxhV/oZSInxH8X3kHVhF/krzJs38k3uTEDxX5k8ubZPyViJ88u0vY/2DjL583jMqbivwhEW8Bb/ae72h4k8efSv4fMd/xP4+S/An/3Df/a44tXb+OP3v4/NmPfKe0/cM8Y6z8yYuXEvFXyJssm0oclrZfU1YVbf06/uyRN0XxVzLfCfkT8XhVw3W8ib1f5P+x8Sbo65z42W/eZJ1bUH+aN8Hr+8Ob2Pg8hzfhvZo33sq93/S8iesPNt8ZxkuJ+ImqY/+8KSkF9ad5g++m/cl3kt/v6PKdkfmT5E2KPxr/b92CEy8NExO/PGhBw97BMWfTdQkBBJPA6bddYSIVKMP2GnzrAAAgAElEQVRkaukwz37y0yhh8rnP/wKu08E0DcyahdVsYLbqdHY6GK6NYw8wxSaHFtexag3ur9xmu92j2+nR7/U4MDfPzNQ0jXodW9q0pqdZPHWGp55/llZD4AISA1sJXKOOwiT689XBBHD4+R7hSPT9ur3DgiHDV2PR09kM+9S7wqPFn5HunYk8lqL6nYfdhCdSJhPA4xYlh3/7Hx6GEDTMGg3TwhKClfY9ep11FgY9ztbnOVifYbl5gLNzRzkxe5TD08tMNecxJpO/E5nIRB6kRFckK08XwetRPXJI8CxgL38PEuPhCkDvjYgenh0tM+rP1AvanxhQlV2Rm6outEFl6/6/o65IJ3FeqOuWFIcNTA6QEnrFAWbqakN35Zfh5cquCC6/Ij3o8FxdFxDaHWDZ9qckcdmyOwKS7hHBveJ/oxHTw+NHX5GujZ/oTHGsDA4rGGDrulfX3YmXtNVH44Gc+NGuCC65IyaHN8FxuQZV5U1CKvMmVpblTUX+ZBynix/9loZACuKnKm+SelXeaPlTkjdl+aPz3M8Ib7TxU3zDR1oLKY+PiTfBG5nNICdeHgRvNPzJLH/G8x0tb8ryZ0z5Tup2LsufMezACzo8qcdK7Q3xOPAnI27GlO/ouRMc9hD4AznhqONPSd5EGqblTxWDdPwpKyV5k9QL+eP/O+ovLOniZe/5Tgn+lOiuUNfxJ+Oycd4wdt7E9JF5UxA/BWGp402o57rtURxfJXkTNLigPzSiy3dK8+eh5TuBquFNWf4UfN5XyXfE5h1EdwM1dWB4E/oXOLp7nRvNjycqBhF8/6W5zwUCzDq2K8GymD98DBpTbLd7LMw3sHoC01SYdQOr2cDt9EA0aHfbTDVdVu5vsnz4CEIohBpw4fwJDi0uc3j5CPV6g1arhTQMJIKeZVJv1pGyj1TgYtCnhkMN5T39d9imsP2Rngn+Vt67CjiyfZW4z/w7qb+D2V334uCR5k+2Xyby5IhyBpPn/z4gmUwAj1OUBHcArvcTDaLWBMMkCrUmcF6YLIsmv+RamDv3MNybWKZFY/oQjdnD1BdOwuGPw8whqE8/LGsmMpGJPPESXymefPZv5rOA/TO9J5YrUCKWh4WDklGSs4KEPzPhU/HSe/aw5tiiymP16XZIDCv0Xq6wIrmoVJDaAeqvVA31ILkP/krYPyyTnSDCNsf1SDnKis2RduAFLRsOmFVUVZHmV/R/qqwie4o/ldLjXwcM/ZzUs/1fcoeENv6ifZxufqY5MXsF8ZtYEz972YFZJv6K4ie2IyHtlkpSxt9Z54xUYfIEHW8i71PC/yPzRsOfovjR2p/PG0blTRF/CuIlf4cCxf5/0nlTxJ/Sn3cl+JNrvwhtipwR+pkHxZvM+NPxRs+fUrIn/2vKCpVn8iYj3xnN/w+IP76d4efbfvOnyg6oDD2e7wz5s//+19RXgT9+mMT1PN4ky7Hyh8T18/lTbH9J/lThTWn+BJdPxMteeVPJ/qwOi7y25/r1vAnfZ8z5TrIsw5ukoQW8SeqV+TMSb/T5Tip+Yvyhur/H5v+91j9CvkOW3x80byJGZfAlpYcS+Dk4dwz82XO+MzTnsct33D7G+g3cqQMhb4J6j8l2+DPQwaRvmbUxBuAqBYaFqySGUWf64EFsQ2BaFgIX05DU6wamaSGFSX8wwJAG1Fu4yqQ1PcuLL77IvZW7HDm0zNz8An3bYWX1HoeOHGPp6FGsegPZqNG3e9i9LlIqHAm2qKPMBgoDA3w/ZrdV+J8rEuU5TymW7W3/55/jjjB2V1Guw9j5E6nmoYy3JvL4Sa/9sFvwxMpkAnivIm1UZxO1ex/Vvg/tVZTdBQGiMYeYXoTpRURrARozGIZFy2rSbC6wOLOMch3U7ipqdx127sH9D1CtA8jVK6jFc4iDZxBzRxGNGZjsCJ7IRCYyRgme2QvDlXsGEK7QI+NZwKjw/eF5kfGMCA+JDRIC3SCd7ynl7ywOkldBWJ/fvPD1yBWJZ4GRAVW0wtQAK2cEklhqrH1Gnn+8foV6cFpSj5uRKkV2SVLP6g6yzBJpPfMKmooLGhSs9Ax1f2VoUK9+xWjQrOQOiZJlxMyoJVH3at0dPyOuxxyUjofUlqtkGf0mqcIOhfSK9aC7g/czvZUus5qbsDhP1wZk4RX8MsthOS1OxU/pFeqa+Il3f/z215RRS7L4o5cc/pTlTTIeRuZNsgwuUxA/ZW/3xHmhXmjW/vCmeEeejjfJHRLFvEnGm443qe/zUvKAeFOCP4W8KcsfTXNL86cQaCPwJoc/pXmT4o+ON8kdEhX5o+NNWf5k8SZZjsKbgh3h5fOdx5s/oz+DnKEea9b+8ScstbJ3/oz+TM6gmx8uf/QXDhuYf0KB43TP5CzmTyI+0PEnhzsa/kQtyeNPusMyrvCg+KPjTTJ+qvImWVbkTUpK8yapF/BHFy9l+ENOvKT4U5E3CUsq86bseKtsvlw13wnjLujuh80bka3rrjCmfCf5+VY+33kUeZPQ8+Jl7SM48WLKcS0LDm9f4d7CeZRShD+nHJyuAYFQYCK8x6QJA2EZnDxzCiwBQmIaYBpQr5mYpkHfthk4Enu3y7KrUIbJ/fV1Go0a9VYDRw5QQlFrNajZLub0FKpeR1k1XClxXBcpXRzXZeCAqDW8n6EWBgYq/G5N01oU0vOqECxvfshUxrN/AczumtedGt48Ht/vTORJEDWZAH5gMpkAHlkU2D1UZw15733U/UvI1cuorVtgd0EYiOY8zB9HHDiFsXASsXASZg+BYcHsMkLa0JiB7VnYvoPauoXauYfavIlau4I4eAbj8LMYx16Eg6cRM4e8SWBhxFuiFFIOf3raMIzwdcdxwg+0Wq1G9DkBwXmu6yKlDI8zDAPTNDEMI3Z8UZ1CiPB6ruumrmeaZmGvSimRrovrtyf6YRwrlUIYBob/f7KdSqnQrqhtQoiwLVm2uUri+j/jbQiBKYxIOpjoAxRSqdjxBgZSSSRe27PEEAJDGBhChNeWSiGVxFEupjCwDFNbb1Ic6YbnmcLASMTHRCaiFaX8nbx+8h+sIFQR3c+sdM8CDjKv6IplQXyloLe6NnFcmNB7ZWqncSzjy2w88XcjOxL8cwPdK8e0AyFRBllnqPv3/XCHiiJyWNKE4nFuVVEFZVH9pSXwY0KvskNLuwK5fDkc7BKpN+j2oZ62TbcDIfI+xf7f0w6FSICO/Ay8tFkaezXHjnsAVbr+wO9B/aP5v9KO0Ix40/Fm2Pcj8AeG/Bkzb1L8CXmj4U/UEY8ibyrWn+aN//qovBmJP8W8Gd7LkfiJ2avjz7ADR+JNHn8y4q3wFyaKnLLP/t9r/SneRPKdkfhTZYdEGGcR3lTgTyneVPT/+PjD48mfkpfX5zv+cfuU75TlT5Zt+5LvlI6/fN7sG3/2Knn15/BmmO8Eh48p34mWe8x3MnmT1FUQThn+fwC8Se243G/eJKVqvJWuX8ObpJ7kzwPJd4ZlKl6q8iaDP6P5f6+fd/n80cpeebNvn3ca3qT482DznQfy/Q6E7Kzy/Y7YvImxcR25cDKasABwvL/KPc77XSf8moPOcvG2LiSlhqUcFBLHMMAyaE03caWLK73vpi1hUDcElmVi1Zu0u7s4psXt1XWwbJbtAceOHOLg8hJz09O0Gi1oTdFcOozRmEaaJhgS2xngSsnAlnR7No5lgdXEwUQaJrhuRp+lJfhe+Vh3JdKZQzF2VxHt1fDe0PFm5O93KvKHpF4h35nI4y2qvwuO/bCb8cTKZAJ4JFGgJHL1Q+S17yE//A5y6zYM2iilEGYNrAaquwkbV+Ha95CNWcSRZzFOvIxx7EXE7FHEwilwbXB60N9Bbt9BrX3kTSbf/hHy1o+QK+9i3HwD4+znMM9+DnHwNFjNWGuklHQ6HRzHwRCCqelpDMNgMBiwtrZGv9fDsiyOHjtGvT7cRWzbNp1Oh62tLbrdLo7jUK/VmJ6eZmZmlumZaSwrO0TswYB+v4/ruliWRa1ep1ar0e122dnZYXtrC9t2MEyDudk55hfmmZ6e1k4oB3YMBgO2t7bY7XTo9/q40sUQBqblTdqakcneRqPB1NQU0zMzscnlYOJ7a2uL3XabXq+HbTuYpkGz2WRhYYGp6WkajUbCq4q202V74D1wfNpqMFNrUTMskpOxCoUjJW2ny67TQyrJrNWiZTXYtjv03QGO8lZbeW3yzjGEoG7UmKtN0zTr1Ayv3X1ps2N3WOtvM1+b5lBzAcvQTz5HZdNus97fYabWZK42zYzVKjxnIhMBIFwR6ieNfnIe06PHJc6LPhPGO034447ISkH8CvwyPC5x/XhJXNc1PzGgEtHsVwzz23QrCqr3O6XwmZzRkaRI6OHxOSPAUkuKs873JTKgyhpQJgcDKX3ovniZ3+phqd3xMiyDHs/UC1bAF5apBifjpSB+EpfT7QDQllnuCt/PiBficVF2B4TWA4n4Gw6oNfGS1MP6s7urMH4yqq8UP+HK84Sui5dIoAbxlgrguIfiZWXeaDpEc3vqdgCU402yOXreJMsYf/LiZ+y8qcgfHW/K8icVbxX5k/g8q8yfLN5U4Y+ON2X5U8Z94fEZ8ZPc2VmVP5k3fBZ/AiniTUX+lKg+nzfJ8mHxh3x92GFxrSR/tK3QhPujx59AivgT7y3d2Xr/F8RLstTyJjhuRP7oPRYvH8t8pwR/NPFSij+ZngqkiD9x+x8ebzTxk8ObUM/z2B7znUeDN0G9Gv6MhTea+MniTTIcI/2Vih8db8ryJ4s3VfgztnxH1+Bk/MRFyxtdOCbLXLcF/s+Jn2D8LqJ6ef6Uz3c08aPjTaJ7Axk/fzS8SeqRuAkaGMSfjj9x/2vKyvyJy9j5g0KsXoYDJ+MXAOYswZGty6wsfCzWBm/zUPamGgMXQfDMMYFSBrXmFGajjqoJ+tLBMgyaokbdNGk1amwBtqu4v7mDDTg9yVyrwcGFaaanp6k1miirjtFoYdRqSGzPT04P11HsDhRtu4bZnAdRQygDQyoQEsJtGpr+9GPx0PolZkW0p4Zitu8BSs+bTP5U/H5nn/gzkcdbVGf7YTfhiZbJBPAo4gxQW7eQ1/8c94M/Rt2/5O36rU1hLJ5HzB6B1px3bG8H1V33yvsfILub0N3EOP1zGEc+jpdkSHCXMKYPoeaPow6ehsY08sZryNXLyEEHpANOD/PpX0bMHw0ngaWU7LZ3eeutn7C2ukqtVuOlV14B4M7t27z++uu0d3ZYXFzir/zKX2VxcRHXdel2u1y7epXLH17m7t27tNs7DPoDEHDgwEFOnjzJ8y88z9KhQ7Ra6QnFlXv3+OjKFdbX1jm0fIjjx49jWRbXrl3j0qVL3L1zh16vj2VZLC8f4sLFi1y8eJFDy8vU63WSE8FSSu6trHDt2nUuX/6Qfr/v7UIWBr1ez5ugdl2mp6aYmprCcRyWl5c5feY0586fj7VxY32dGzdv8t6777K9vY10XWq1OlJKDENw4OBBzp49y5kzZ5idm8M0TRTeB/27m9f54dr7ADwzf4oXDpzjYH0Wy4jvXnaVpG13eWvzI366eZW+tPnEgfNcmDvOG+sfcLuzxq7TY8ZqMW01sYTBpr1L37WpGxanZpa5MHuC0zPL1AyLzX6bS9s3eXPjAy7OnuBTh55moTaTqjcq3iS0y082PuJH6x/yzPxpnl04NZkAnkhpUZqBTvDs32SJ8lI9FVnKG/7MmcJLqGMr8rzrh4fntSUYTCdHMsVGpMuS5+oGXIEt2SuUE3rWyvfY8RVKBakdWuGgNliNmTAsXAKe3z1p3fdf+Lrn33E/g5NMnYgtEQ9kTTDlDGhiBpWJlSLJGkkXHR6pP95aTbwU+HuvzwDWxcvQnIhR4T2bYbcY2pS0mcgVw/DT+D+3LLFCOBU/uSuAU3c0ufGTY7fW/1m8QXNsgcR5U5I/Ot6Mwp0s3mh2pMcaHbO7LH90vMF3Y0n+VNmBUMSfihPacbs1ZRXZY/w9FP4keRN8CZviTwZvknol/mh480jxp6JM+JPmjWZHeqzROfbm8uZB8KcgzqrxJ6PUGThKvGVdq0K+k6xfx5ukXok/RXGzl3wnqe83b8rwJ5M3w3hL8ScvvymS/eYNieysFG+Ct/c33wm7I5XvxEt9dD2cfCeXP09UvlOWNxE9izcV8529j7fipUrq4cE6/lTz//6Otwpkj/7PLEtUF+oKjPtXkIefQc0dTtSvONW/zwpPAYZnZ/CllRL+d9ZxWw2cyCIDA4VJrd5CoZAouv0eK3fv0dvu0qjXadWbCMMCs0HflqzsONTosbCyQXOqxcA1mZmZojUzjeHa1BtNjJpg4AxwXZOtts36rktz7hCONYdh1KhJE4VAGdLzmvK/n0uIYOi6k527mc/+Fd11xM69OIfGNN4KHfAw+TORx0bUoAv9zsNuxhMtkwngquLaqM468uYbuB/9GfLWjwCFmDqIcfAsxtnPIQ6eRUwdBCFQ3U3U9l3UxjXk+hXk5g1w+ojmAmrhJKI+A4YJVgNhNbxnBs8fRzRmQRiowS5qZwV55yeoQRsxfwLDqiPmj4dNau+2efONN/ng0iVqNYuDi0s4js0777zDn/yX77Kzs8OZM2f4+b/4CywsLNDtdrlx/Trvvfcel957n7W1VTq7Hbq9Hru7u9TrdY4dOwYonv34xzl+4gSWZcUmbVfu3uW1117jg/cv8bGPfYznX3wBQwguX77Cu++8w927d9jd3cV1XRqNJjdu3GS33eblv/AXWFpaiu2+tW2b9fV13nnnHX7y459w8+ZNf6fuPLVanc3NTVbu3uX2nTtMT0+zuLjIzMwMjuOwcOAAruP93LTrunQ6HS5dusSP3vwRH374IdJ1abVazM7NYts23W4PKT/g/v37dDodLly8yPz8PLV6HQW8t3Wdf3v9TwFF7/inOD19mLnaNBbxiVipvN3Cb21c4T/e+gFtu4spBIea87y2eokfb1xmc9DmwtwJTk0vM2dNcbu7xr3eJl23z/LWApuHdrEMg2NTS2wMdnhv+zp/ePsNNpfaHJ9eYmq2mTsB7EiX1d42r62+zzdvv4YtXQ63Fjg9fXhMwT6RJ1/SK4YDPXj2r5HQw7RODM/zruRfLzrOTK1QJnZ8NIcTJN6MlmUlVkEwoInWkEh4k7pmR1Rq56au9A1PrlAfmlOgi+wy1kdl7M9LqPOumKi48Bl4yfiJrBTWrRCNNy+ha1coZ8dLSq9sv6Y7gmAUBfEzDPSY30n5X1NqVqQP3VAQL2E9keZGmqnbkZptb06pE+2OSK8c/Rl4aR5lxkvlHRJx04sWsBfbH7lwakl+Cf7odmCW5U8Wb2LxMCJvNPzJt19TxkTHm+wGjf4MzpL8KdwhEW95Kd5U4Y+ON48Nf+LNKuJPvv05ZeoEXx45/qTLaMvHyx8Nbx5p/iRKHW/Gxp/kBcbDn9x8Z0/8SZfRlo+XP2V5k9QL+BN9v6jU8SessSB+quY7GV2QWWqvoONP0mEa3iTjoDRvKvCHbPdX4k8pGYE3ex1vaXmT/LwLWrC3fCfVHQ8p39k7b5JxVsCfDHOSvEnMF5bgTdRu/59HJt8pyZ9EnvPgx1sleBMpdflOIW/GNt4qiJ+InSPxJ9bfOv4U8MbuYtx7H3fuSMqRLRPOrv6Ya4dejjdQk4goASKcIFcYAgxDIJQE20ENXLZ3Oly+/BG7NswuHKY1PctWx2YgaihhcHutTW+3x3rX4fw5g+NHDKRhInoDGi0XwxK4rsv6Tp/Vrsn88ilEfQZJCxcHQ7oYhsD2g89QDBcVhJ2v/O4VnF55g5bu2b/tFQy3N+TR2Pij483o/CnFm4k8vrK7+bBb8MTLZAK4oqjOOvLOWzhv/1vUvfcAhWgd8H6i+cKXvF29zTnvOb+AkK73M89uH7V5E7nyLvL6nyPXPoRbSxgnXvEme6NSa4XXEYvncN/818iNa7B+Ffet3wPTwpw/RgBt13W5t7LC5cuXcWyb02d+QLu9w/Vr11hYWGB+fp6DS4vULItet8utmzf54z/6Y2ZmZvj8F7/IkSNHqNe9n2++cuUKf/79H/DTt99mbX2N9fV1/tKXvsSh5WVqtVrYxG63y727K7z77rveTy3v7mKYBidPneJv/M2/Sb1WY2trk8uXr/Ctb36TP/2TP+GjK1dQwMsvv8yJkyfDa21tbfEH/+8f8Mbrr7Gzs8Mv/fIv88wzz3D48GGEEHS7Pa5fv8a/+fq/YWNjnWazyV//G3+d06fPMDM7w1Srheu6bG5s8sYbb/BH3/42H374IV/+pS/z8eef58Tx494Er1Ksra3xR9/+Nq//8Id8/8/+jP/q136Nl156iRMnT2IIg12nx53OGgrF9mAXGfkZ56RIpdi2O9zurLJtd2nbPQwh6EubjUGbtt3l3MwRPr/8PBfnTtBzbd7avMKf3nub7668xfXde9zurPHfnvvL9OSAzUGbtf42725e5+TUJY61lmhZDW1O1HZ6/Nn9n/LWxhVW+1us9bfoOP3RAnsiP5uiFNLPf4MVoNIfSOlWJAc/MiOVikwCp1cAShV/PV4O6/cv4ifTQz24XPBnKXMgsqFIt0K4YAdC1R0JyVK7Qpi0Hm9wiS8USnZCtCzssPxyeJnAf9n6SDtkSqxIzl5hGu3LhF5lR1bCXt2OhODgMv6u+gzgUZ9RFeoFOxSq2D9S/OnqVfnxQuh/fLeV8/94doRG+i7BmyoS3L7418rUw1pL+n+PvBGRduTxZ2gAI9sfu9y44i+UEvEzgv8r78Aq4k+SN3n2j8SbnPihIn9yeZOMvxLxk2d3CfsfbPzl84ZReVORPyTiLZrv7I0/Gt7k8aeS/0fMd/zPoyR/wj/3zf+aY0vXr+PPHj5/9iPfKW3/MM8YK3/y4qVE/BXyJsumEoel7deUVUVbv44/e+RNUfyVzHdC/kQ8XtVwHW9i7xf5f2y8Cfo6J372mzdZ5xbUn+ZN8Pr+8EZF4yWHN+G9mjfeyr3f9LyJ6w823xnGS4n4iapj/7wpKQX1p3mD76b9yXdi8ZOT74zMnyRvUvwp9r9Y+QBj6Txy/niqA0/SZrN9m+3Z4xSJFAZCSX/iUiGUxFBgohADB/oOm1ttbq9vs3Jvi4G8RW1qAcOqIzGwB32cgWS30+P+7i3u3N/i8PICh48dptVqMDU9Tb1Rx5GSxtw8C0fO4BotlDRASJRwQRkgZaTv9YE1t3OL485O5ntGZx1j6w7D3cOPNn9Guncm8liI6u+iJrt/H7hMJoAriUJt3UDefB21fhXV3UY0ZzBOfRrz7Ocxjn8CMbUIZi379PoMZmsBMXUQtXsftXUHjmY84FoYUJ9GHDjl7bpbvQLOALl2xXsm8P0PUCc/iZg6ABgEz7zt93q0d3e5cf06J06e5HNf+AKLi4uYpsnU1BSzc3MgBI1Gg7Nnz3Dw4CJnzp3l4MGDWJaF4zjM+zuE19fXee+99/jp2z/l1KnTzM7NxSaAwZsA6nY6rK+t0d7d5dM/92kuXLjAkaNHadTr9Ho9lg4d4u7dO7z+2utcv3aNd376U44fPxFOAO/u7nLz5k1+8P3vs7JylxMnTnDh4kXOnjvH7Kw3Me44DpZl8dRTF3n9tde5dfMmm5tbnDkDMzMzAGysrfHBBx/wnT/6I65evcr8/Dwff+45nn76aRYWFjAM7xkOs7OzvPTyy1y7eo0f/vCH/OD73+fAgQMcPXYMwzCQSmFLF4VEInOjQQiQKGzpMHBtJApTmBgIpJK4SjJlNTnQmOVw6wBSKXpunzvddb5z98dcba+wUJ+h4/boOn02B226Tp/ru/f40fqHPLtwBsswOVCfSdXtKsnmoM3377/Dhzu36bs223aHnjvIbfNEJhKTYMVxOCgJdBHq/oHx48NXhD/OEBh+6V1L+F8sJc5PJvuJFdHhinnN4SlJDKjKrsgNSxEtgxXAGbr/76gr0kmcF+q6JcVhA5MDpIRecYCZutrQXflleLmyK4LLr0gPOjxX1wWEdgdYtv0pSYd3tq5pRdxtgd8Tenj86CvStfETnSmOlcFhBQNsXffqujvxkrb6aDyQEz/aFcEld8QkeBN9Jl5wXK5BqR0Z+q7Kksq8iZVleVORPxnH6eJHv6UhkIL4qcqbpF6VN1r+lORNWf7oPPczwhtt/BTf8JHWQsrjY+JN8EZmM8iJlwfBGw1/MssUbyry5zHPd7S8KcufMeU7qdu5LH/GsAMv6PCkHiu1N8TjwJ+MuBlTvqPnTnDYQ+AP5ISjjj8leRNpmJY/VQzS8aeslORNUi/kj//vqL+wpIuXvec7JfhTortCXcefjMvGecPYeRPTR+ZNQfwUhKWON6Ge67ZHcXyV5E3Q4IL+0Igu3ynNn4eW7wSqhjdl+VPweT9qvmM4XdSdd2DheOJs78Lndy/z5uxxVNgT2SJcbyLWBVwEKBPLcKkLhekM6O922N7qsbrWZX23j4NBv30fIWo0W01mmk1kfQbVrOGako2ezc6NNS5fv0vdUjSnGiwdO8Gzz3+CmUNncaijjBrSqIFUWBiIGkjAlAaK4TIGCBY44Nkh4Oz2ZVI+8sXcvo1w+wgRuQseef5oXTORx1jUzvrDbsLPhGQ/2XwiaVHK+/nnjevI2z9B9bYBBc0FjHOfxzjxsvfsX93kLyCac4ilC5hPv4px+Bkw8rtf1KYQc8cwTr6COHAKlETtriE3rqM2roPjTfYJBMIwQAiUlDiOw4ULF/iVX/1VXv3yl3n1y1/m81/4AjMzM1iWxYEDB/jkpz7Fcy88z+HDh6nVagghqNVqHD16lKeefpoLT12k3+9x4/p1PrpyhUE/vrPUtKzhs3yFYHZmhs9+9rO88OKLLC8vM7+wwOEjR7h48SKf/rmf48TJE3S7Xa5e+Yi1tdXwOu12m1s3b/LBpUsMBgNOnDjB0aNHw8lfAMuymJmd4dz589Qbda5fv857777LvVchgscAACAASURBVHv3w2NW76/y07ff5s9/8AP6/T7PPvss58+f5+DBg+HkL8DU1BQvvPgiJ06dZNDv8/Zbb3H92jUGgwFKeR+ShhAYwkAgMHISFIHAQCCEAQIMBJYwqRs1TGEiAEMY4TUMIZivT3OkeYCmWWcgbbYGuzhS0nUHbA12saXD/d4W725f58cbl7nbTYNQodh1etzurPGTzY+4011HKsmu06PvZiwomMhENKL8VZMqSBtVidI7IbICOLhWcNGEjkbPbFCJMvp/mXNKi0qcqxI2Bbb7x5XpK//k0mVYjwp1ldSVrysVvpddBn4N/gvqSuqRsrT/o20tKDNtJdSJ6pE3k3pYPjD/l7ymtn6V0uNNUAmb8/wfKZN9Hi3RlSrUh95ORoNK/xeLoWGsqVjdEX1k/1eIv0zbc/iTcEslKfJ3mfirXNlQz+ZN8H9J/1fpc63vNLyJ/K/lTyTCdLwJ9aq8KcOfTFvJ1iP37IQ3JfhDiTL0bgn+5H6GBXWneaPy2qyzNassHX863uj5U0r25H9NWaHyTN4k9ZH8X7Ksyp9IjDwU/pS5Z2LuSOtE9dQ9nFE+wvxRWXrkwNH9HylLxZ+K1V+GP3ruVORPWVuzSq1NkfjI5c8eZRz82UPlOt6Q9Hue//figyLeRHRtrGgjjMQrw7pz+TMSb5KlhjdJfb95k5Q91a8STajAn33jTSImEnwpHG/Fzhm2cWT+lP68y+HNXvgzDt6MHH8qdq55/wOMO+9GrjXkzpRQXFz5fvElhUCYJtJVCCEwTZNas0XPVXQdxa7tsNPt0XUcHFtiD1yUFDhS0u70WN/cZmt7h263x263T8+2cVxJrVajOdXi9JkzfPKTn+TsuXOYVg3DtFCGicJACe977eEajOF31QLve3nD8P8Xggu3v8+0phONrRsYW7cePH8ibz4S/JnIIyeqvR7ObU3kwcpkB3BZUS6qu4XavoPauu39rHOthZhdxjh0ATFzqNx1hACjjlh+GnPhJKKR3t0ZO9yqIw6eQcwdRdSnUIMOqr2CvH8JsXgWrKY3+ej/pn+z1eITL7/EhYsXmJ2djU1+AtTrdSzLQimVei+Q6alpDh44iGla9AcDdjsdpIzvhjWEgWmaCCE4fHiZCxcv0mg2U9eqNxqcPXeOpaUlXNdla3ubjn89wzDodDpsbm7huC7NZpOZ2VksM/3cW9M0mZufp9WawnEcVldXabfbgJc0razc5f333qPdbnP23DltewzDYGZmhqXFJQ4cOMDOzg5ra2tsb21xcHERb5VYMGFrIITIXAEmANMwvAlebwren/AV1EwL0z/XFAZGZJ1F37XZsbsMpMN8bYbTM4dpmjV67oBtp4sSMJAOK90N/uze25yYWuLpuZNhmxQKR0qu7NzhtbX3aQ+6SKWQSrFrd+m5A6RSuRPXE5nIUILoHq7cMyBcoRddqRd9XYH/bGC8nb8MF8QmF8wa0ZWrxBfwxVsSSWZFWo+VsStFdKXCl4Ofph5W6L9fuKR0WGqfkecfr1+hHpyW1LPNyV6xGlkgm9SzuoMsszJWUGZeQVNxQYOG62N9PbrzO3fFaNCs5A6JkmXEzKglUfdq3R0/I67HHJSOh9SWq2SZuAHK7lBIr1gPujt4P9Nb6TKruQmL83RtQBZewS+zHJbT4lT8lF6hromfDP7keCsdPzr+ZEo+f0rxJhkPI/MmWQaXKYifsrd74rxQLzRrf3hTvCNPx5vkDoli3iTjTcebUNfKA+JNCf4U8qYsfzTNLc2fQqCNwJsc/pTmTYo/Ot4kd0hU5I+ON2X5k8WbZDkKbwp2hJfPdx5v/oz+DHKGeqxZ+8efsNTK3vkz+jM5g25+uPzRXzhsYP4JBY4b/RnkifhAx58c7mj4E7VknOOtsfJHx5tk/FTlTbKsyJuUlOZNUi/gjy5eyvCHnHhJ8acibxKWVOZN2fFW2Xy5ar4Txl3Q3Q+bNyJb111hTPlO8vOtfL7zKPImoefFTdRRSmHc+jFq7ghq+kD8fRSHGNC//ybXD72MTiQK5UoMy8QVJjudLjOtWbCmaHd22Nq1aXdtbFsisPz4MLzfllQSR4GLTX+whaUc2qrDwnSdIxfO8cUvfJqTZ05iNlpIs4Z0BRKBVH6/CRH7jcrkredFu/cbEqfuvckhNcjoaIExaGNt3fLujSfq+52JPG6i7B6qvfGwm/EzI5MJ4LIiXehtozobqN4mSAcxvehNzLYWwKyXv5YQ3nN/69Ng6HcMe8ea3vVbC1BrgdODzgZq8wa4A4T/gR2UtVqNEydOcND/6ed01SLz9dBMKen1urR3dnBdByWl93/iOMMQmKa363hmZpalQ0tYVjqcLNPbcTw1NY33U9U2rusCoJT38RDagL/jNpUEDdsmlUQpheu6SCkJfv56fW2d27dvMxgMPPsMwer9+/S6XW+iWwiUUkgpcV2XXq+LVauxs7PD7m6HXq/nt8fbyesoRcfpsdrbpmHUaSR2djvSYa2/Q8fpEa55Ep4tljAw/dVZ3kQwONJl027zztY1frxxGUMYfHzhFF88/AIztSm6bp+23eVAfYaGUUMqyfvbN7m8c5u1wTYLtRksw8SRLqv9bd7a/Ig31z/kyNRB+tJmfbDNrtOn5w5wlYsQZiSNnchENKIUkiD58gZQKppQyyAp9FNJldAJcq5AV0jpDeSznhEixPA4lRjAqdhIwk9ywwwvs/HE3/X1AFa+LUL55qjg+EipYK/PxAt6INT9b/2DesNZgKzktMw4t6qogrKo/tIS+DGhBwGU4f9onJR9BmdRSSIOg1HlcAWz0NivouEMob8j71Ps/70+Ey8IlJGfgZc2S2Ov5thxD6BK1x/4Pah/NP9XeiZeRrzpeDPs+z3wh/HzJsWfkDca/kQd8SjypmL9ad74r4/Km5H4U8yb4b0ciZ+YvTr+DDtwJN7k8Scj3ob8iba5An/22f97rT/Fm/DjakT+6OIuN/4ivKnAn1K8qej/8fGHx5M/JS+vz3f84/Yp3ynLnyzb9iXfKR1/+bzZN/7sVfLqz+HNMN8JDh9TvhMt95jvZPImqasgnDL8/wB4IyLteCi8SUrVeCtdv4Y3ST3JnweS7wzLVLxU5U0Gf0bz/14/7/L5o5W98mbfPu80vEnx58HmOw/0+x0y+FPa/wrRXsW48SbuU38ps0NPuNs4a29zZ+m5zHYKoTCEga0E27sd3njtdX711S9xdPE4H968wXZXYtugXHCl972yRIL0dgwjJAgwlKJmKg4tzPHZT73CFz//cxxamqM36COsGq4Bpn++UBLEsJfzRCA4uvoWx50t7THGxjVEZz3jSvm8Gfn7nYr8IalXyHcm8niJ2l4tPmgiY5PJBHBZUS5q0Eb1d2DQBaUQjVnEzDKYDRAVf03bKNn1wgCriai1oNaErkD1tlE7K+A6/jECgQAhsAyD+fl5Wq1W7mWllAwGA/r9Po7thBOr0nW5ffs2Kysr2LbtTc4aRuqjTxgGhv96vVFnenoaM2NHsTAErWaLuv/84OED5j1pNBrMzMxQr9dxpUu328VxHLyfYx7W6jgO21tbdDvdcBdvo9FAKYVt22zvbLOxvu49C7nfZ2N9nY+ufESr1cI0vd24rvQmjh3bZmtri1arRa/VwjTNcDJZ+P8pJdkc7HJ99x59adMwamHiqgBHuWz222wMdnClJPrpE+z+daX3nN47He9nnG/u3udH65e5tnuPU9PLfHb5WT67/HFmrCYdp8+u02O5uYBUkh27w7Xde1zeucXVnbs8s3AayzDpS5tr7RXe2rjC1fZdvnD4BRSK1bUtuu6AnmtjS9f7CWpdXjWRiQQSrgj101s/OQ9veOGv7GO4Ay84IZa/K+FPtg7fD173L5RdZqyADgeJkdd1w4TkgmHdAmJtK/TN8GwUKnJ8sII4okdHkiKhh8fnjABLLSnOOt+XyIAqa0CZ7LeUHnFTrMxv9bDU7niJxEvYdxl6wQr4wjLV4NQnFXmSrE63A0BbZrkrfD8jXojHRdkdEFoPJOIvckMmykASelh/dncVxk9G9ZXiJ1x5ntB18RIJ1CDeUgEc91C81N7wxPVhB2V3iOb21O0AKMebZHP0vEmWMf7kxc/YeVORPzrelOVPKt4q8ifS0SPxJ4s3Vfij401Z/pRxX3h8Rvwkd3ZW5U/mDZ/Fn0CKeFORPyWqz+dNsnxY/CFfH3ZYXCvJH20rNOH+6PEnkCL+xHtLd7be/wXxkiy1vAmOG5E/eo/Fy8cy3ynBH028lOJPpqcCKeJP3P6HxxtN/OTwJtTzPLbHfOfR4E1Qr4Y/Y+GNJn6yeJMMx0h/peJHx5uy/MniTRX+jC3f0TU4GT9x0fJGF47JMtdtgf9z4icYv4uoXp4/5fMdTfzoeJPo3kDGzx8Nb5J6JG6CBgbxp+NP3P+asjJ/4vJg+eP531x5B6YP4p58iXhC4XXwGWcNtfZTVpaey2yjK12seoP7a/fY2Nxm4AoGokZz4TD/P3tvHiTHld93fjKzrr670d3oAxcBNokGQfAYEhQpSKMZzow0sg7KI2t3ZU+sw1rvhuXYWDscG3LE7mj/WP+zq3/W9h/SrkNWxMqSJix5RxprZFGihpyhhuQMjwEHJEgABAniajTQB/qs7joy3/6RlVVZWZmVmXU38PsggIdXlZnv+uU3f6/ee/m2Ch+yvptj1zQxdcCyM68DmrJIaApdWSQTOvuG+3n26cd47pknGRsdoJjbwSoWSCRTKFOR0HUUOqZpgTJx9uotV7Wqzdv08vscyS27aqQaY+0qibVrPs+huPoT8/edDumPsHdQG0tQyIUfKLQMGQCOilJg5u1XP6vSgJ+RREtkQh9iTaNpJQeuJPjFHVRuA5RZfQyAZr/muN4rgC3LYndnh2vXr/PplSssLt5md3cHyzSxLMXG+jq3b9+mWCii67o9sOu5ngaUX5Ws26+DDqwH19NY1w3cA7ujY6McPnKYickJ1tfXubmwwNbmJoXxcVIpe1W1Uord3V0+/vhjlpeXyWQyPDj3IPv3T5YHgPP5PIViAaUUa2trfPLxJ6wsL9v7G+s6SimUpezVzEqRy+WYm5vDUopjDx6jr7+//EpshcLE4s7uGh+uX+P27l1SerL03LGwlKJomWwWdriVXaWgimW3QYPy/sEbhSx/s/BD3l39mLSRZKuww/6+UX5scp7P7HuIB4dmGE8NkdANds08O8VdDg9Msi89zK6ZZ3F3jcsbt3h96TyHB6foT6TZKuzy1spFrm0vMZTs57nJE+wUc7yzfIm8VSBn5SmoImmSBD30BcFBuTo+zorcykpgO7RK31ueDnfZ2VO4QlXtpHm6NFWDuzXfuj5wh+GFqB+GnOrX4bK/CJqh7Il7ZyD7zUSNGiqoWaFV7tQ6szE9BXMm1QSU1/txJe60o/O57dnHniFebwaoq8YCZ5C7W8BvgClMx2K0dygx7a9kJuWIx9r97SWkvWOvkPDYXZC9VIrjKpRTgMBfECLYj2N+Ae1fN4wwQ7jGfurOAK65o6lrP3XKHdj+TehNzaWq9Cai/gTpTSO646c3ASvSqzJdVe6o+hOkN5SaMaL+xFmBEKY/MQe0q8sdEMahSfvriv549cb5EbZGf3z0xhuPpT8BetNT+hMT0Z9avQlYkV6V6Trlras37dCfEDuLpz8+YVABG7E3v2vF8He86QfpjTceS3/C7KYZf8cb77TeRNEfX72p2FuN/tTzb8LotN7g8c4i6Y3zdWf9nXJ11Pg71WGwdXXH36mrP/eUvxNVb1xxP72J6e8039+qDpU3Xj44SH/itX9n+1shNNn+vmGE5MpxP73RQLvxLnpmCGviwdqEleJofonE0jluTj5uf1Z53QCJZJLltTW2t7MkUhnev/QRE1PPkRgdZf8DR0ldukTu5i2KmkZRmeiavZ2ajoWuWaR0g+FMmgcPz3Jgej99mQQoE9MsouugYWGZFqbSKeoGup7BUnbr2G/v06rzXIoeuPMjDuVXXN9VV7S+dQdj9UpZ49rd36pqgG7pj9CTqO01VHaj29m475AB4IiUHUGlKCuPWUAVd7EHhNuYslmw07KKdtwy7cFoVVFAjYrM1nv17/LyMteuXuOD8++zvrGBoRvsn9rP7OyMPeCqYGVlBU3X+NGPfmQP7ib8XyesogqwquTRMIzyQKumaaRSKWZnZvjZn/s53jt3jvW1db7zne9yfH6RAwcOkEgkWFtb49MrV/j440+Ympri6dOnOXnyJGP79vkmNz09zRNPPMHI6CjJZMKeKaVAlduv4pZrms7MzDRDQ0PlV2Pbe/ca7M+McmLkMPszo+VXQCsUSqnSK523Wdxd5fx6gl0zXy6qVbKRlJ7g0MAku2aBK5uL3M1vkjaSjCQHODY4w/7MGAnNoGAV2S7usmPmGU72c3z4EGk9wZWtRdZyW7y9cokz+09RtExuZpf5cP0aGSPJydEjHBuc4Yepy2iaRt4qsGvmyZkFBoxMU/1C4X6hMtNT18C7169fiDsEbKez9L1rhqCuO50WJ6X6/r5GpW+BN4xKVQKaR6Rqc1Cz4iBgRVTNys2gsOTQemeoV4oTEtf8Q3cJopefCE6yN4HqhEP3wHPsx2VH1TNFa2eIVmfPEw+coRxgL9547PIHVIdW+kcLsZ9yB6a63alp/4AwYEZ6pRlC7KWcjiu7rmwGrUj1L2+dMIjAFZF22PgeeJ4wyH5ir5CoLnrYBPbw8rsuXDMlP4L+BK3AjKo/fnpTZQ8N6k2A/tQvf0BYRZDe+Geo8T04I+pPkN64zNid80h6E0d/gvRmz+hPdbbC9Kd++euENSeU6Dn9qQ3dOW+t/gToTU/rjycM0puW6Y/3Aq3Rn7r+TlP6Uxu6c95a/YmqN954iP64vw8Lg/SnnGKI/cT1d3yqwDcMvEKQ/ngbLEBvvHYQWW9i6A/+zR9LfyLRgN40298K1Bvv887JQXP+Tk11dMnfaV5vvHYWoj8+xfHqjWe8MILeuMtd+qdn/J2I+uPxc9rf34qgN64wyN8J1ZuW9bdC7MdVzob0p6q+g/Qnvt7o+S24+jYq1YcaOeBNCFAcKq6SXHyTK7PPlMZ/LZQG2R2T6wtLZHdyjE3s57Xvv8XBgwcYGjCgb4ChqVnSC3fYvruOpYOhFAmKaMrE0g0GMzpHp/dxeGaKYj7PncVbGGqKVCoJSR2lK7YLW+Q0HSsxiKW08sph0Cmio2k6hgKlWSjN4uitN5kqbvlUqB3Xd9ZIrF5BK+yUbr1260+Q3jSuP5H0Ruh51O4manMl/ECh5cgAcERscXJWwtrKo/LbkF0FZ2A29OnVAEpBMYcq7EAxV3GwPR1bhVsLg1Xx+rVrfOeVV/jbV19lfHycp55+mvkTJzh06BCDg4NomsbVq1cpFgtk0mnX6l5vtuyB0JDkKscCzv7DhlFZBWwYBvvGx/mZn/kZEkaC737nO7z15ptsbmyw/cgWqVSKO3fucO3aNUDxxJNP8tyPP8eDc3P09fVhmiaGYZAwEhiGPdg7PTPDU6efZnp6uryKOC6GpnOgf4Knxh/iYP9kzR7ABavISm6DjzZukNKTVSuuLWWvEu5PZHhs3zE28ll2zByLO6us57dZz29jliYNWKjy658LVpHBZD9HB6fZ3zfKxc0bfO/2e1xYv86H61dZzW9yK7vC4s4K8yOH+ampx5nK7KM/kSap2wPJzgBw7a7NguBD0IxkS4GulWa52o60f+goX/CMdffxlMOSbLhmACqtOt6Ig6dwdcICZwiHrECIuyLBGwbOEKY27mQ48g8KESvBHYYdG5Su05zlg5328483tEImwoxk/xmm7rr0xOOsyPKU13eGsOvgKO0ddw/gRveoKse9z+EWt3+ka/iG9e2FcvtTqz/1ZiR7w4ZmKNfqT8v0xkd/YrV/k3qjufJRT38qBaDh8lddrlX2VyaC/TTQ/rFXYIXpj1dv6pW/Ib2pYz/E1J+6euO1vwj2U6/cEcrfXvurrzc0qjcx9QePvbXO3wnQm3r6E6v9G/R3Ss8jr/6U/9ux9g84NnL6QfrTxPOnE/5O5PJX/IyW6k89e4lgf6F641emCIfVlj8gjEtg+kH606TehNlfRH+nrD+uFo9b8CC9qfo+rP1bpjdOXdexn07rjd+5IenX6o3zeWf0pqp/Xkdvyvdqvf5W3fstWG+q4+31dyr2EsF+3NGWP28iEpJ+rd5QaqbO+DtRf99pWH+8elOjP/Ha3zle31pCffwG1txPoob2+1bwtNqi/8arXN73GPnMKMWi4sqnV1laWsdIpkkk0mgY/Lv/59/z1V/9ZdCTbGdzDAyNsJs3yefz7GxugKaRTCTpT2c4OD3BYyfnGR8fJZHUoLjLzs4mieQQBhk0LUmxoKGnU2hGCjNvoWsKtKJdd5qOPZSjk86tc3T5LCOqEFh9Wm4DY+VjtJ1Vux3c9uLSm17Xn4buHaGnULlt1NqdbmfjvkUGgKOi6ZBI2X91HSwLdtZQazcgv22vyo26r28clInKbcHuhj3grCzQE2jJNFXTFV0/Aiv8tdGyLD788ENeefllstkszz73HJ9//nkOHjpIX19feVDWsixM07KlX9PQtNo9gO0B4Mowo6ojxvb+whZoGonSCmD3a6B1Xaevr499+8aYmZnBtExS6RQbGxtYlkUmk+H06dNMTU8zPj7OyMgI6XS6fG4qlaK/v4/+vj50XWcnm+Xu3btMTkxAzAFghSqt4I1yrL/vp0p/AJJagqfGH+bo4DR3dtf4dOs2f3v7HPMjh8gYSfalh1jLb5Et7qJpGgNGhtHUIAf6JviJ/Y+ysL3M60sf8Le332MgkWHXzDOcHODkyFEeGzvGYCJDn5Gmz0hXBoAt+1XYghCKe0aysuMaVM0IrVoRTCl04mX/rDIDsHRiJV5OwA7LPzp50/eNV7Lq21XwdKiizsitSa5cBuUfL5ddVYelwoTNSMdzXjkeNKW4nEFvqT3xmB3MmqtVmqt+WL5c1BnB0WekOxVeN+5nEFUFICjD9fFcNuqKAG/zaM69U/pFoypePr7xGemB9uMeKa4KncNCOthB1RtU3Z6PApN32wN17CdwRnDEFTF19MY5rm6B6uhNFGLrTVUYVW9i6o/PcUH2E7ykwSHEfuLqjTceV28C9Sei3kTVn6CWu0/0JtB+wm94V26hpsVbpDfOF77ZoI69tENvAvTHN4zh7/iyx/2dQL2Jqj8t8ndqbueo+tOCFXhOhXvjVWHgDbEX9MfHblrk7wTrjnNYF/QH6phjkP5E1BtXxgL1J06BgvQnKhH1xhsP1Z/Sv42+YSnIXpr3dyLoT4TqKseD9MfnstV6Q8v1piresN6E2E+IWQbpTTlet9l6sX/l1RsnwyH1EUCQvxNZf7rm7zjRAL2Jqj8hz/tW+zvG5i20T17HfPAnUEOTvs+bYc3k8ZUfciU5ww+y+1hYWGJ1fYuNzSxj4/vI5/MsLt7hz//8v/CFz50hu5NnZzdP0dJAT9I3OEICk0wqwfT+CR57fJ5jR6ZIJDR0iqQzCVJ9aXQjYW8zqae4u5rlwNw+Pry6yNTUNAoTXQG6ZVeC0tm/+gEHdxZIoNW2g1MfuU2SKx+jbS/Z1l6jP0H+Tq/qj28xhT2Aym2j7i52Oxv3NTIAHBVNR0sNoqWHINkPhSyquIvaXsa6cxE9NYg2PGMPDoc91WOginnU2jXU9lLltc+pfrS+UdCN0kGlAceSM+Snic5euaurqywuLjI8NMTIyAiTk5NkMpny648BTNMkXyigLIWmVR6W3utZpgnKHjC1Snvr+qVrlvYW1gBNt19X4Sa3u8vHlz/m2tVrFAoFnj79NFPT0wz095cHgIeGhhjbt490aVWyg6ZpJBIJJiYmOHTkMAsLCywtLXH50iUOHz5MX39/cN0qRSGfRzcMEolEqe7sPxYWFqruQKq90tcqDXDbZ1tKUbCKWKV9ohWKqcwohwf289zkI/xw5SMWdlZ59fZ7pI0Up0YfYCW3SbaYQ0ejL5EiYyQZTGZ4ZOQIx4Zm+OHqR3ywfhVD0xlK9vPsxAkeHJphONmPrmn0GSkGk32s7K6za+bZLeaxaOdryYV7BeV0pLFn3mmqstev34pgp8NT8b0UmnKvGSp/gWVVHHBvNyk4Q4T0aALOqRdGRnnSU54OV2XGqHO8/XGMGclhoYKaFaClpTTlOJVOiyvqE3orTCvnuTruChuZsdnQCryK/eCOu+pfdbz9A9KLnL6qiVfbfaWdvXH/9q+eody6FaD4xmvLr1XK5Dqjxn6aWYEZxf7C7KdqRUJts8QiSnv7ndNQgt4TgvTG9T0R2r9hvQnQnzD7CSx/fb2hUb0J058Qe6m/QoHw9r/X9SZMfyI/7yLoT93ya+Uyuc4ot3PNm0ZapTe+9hekN8H6E4mm2j8gjJG4r974+DuNtX+b9KdUzvLzrdP6E2cFlE+82t+p6E/n2z8gvRj6UzKT6ng9vfGGLdUfPNevrz/h5Y+oP3H0JrL+OJf32EuzehOr/H4V5vqs6fSD9ab8PS32d7xhFL3xFjREb7zx2PrTkN4E+zs19lOlP8Rv75a1f7PpN+Dv4Nfu7dYbV6F89KUmXsZpZ+fcFuhP0/5OpTh70d+pTs9ff/S1G3D5bzGPPosamakU1BUaGswVb2Guf8TtbYNLK3k0XWNtZZVUKsHAYD8/ePMttjbXye1ssZMvoiVSWIUC6Uya8dFBTh6f4+jhQxzdP0Q6USChKYq5bTLpflKZDFoyjUpk2N61WFrZ4OCJAS5c+pT+gTHGBpOgKTRMBreXOLz6MWOq6KmY6grVdjdIrFxG27oTof3bpD+u+u9Kf0voCdTupqz87QFkADgqugGZYbS+MbS+EVQxB2YetbOGdf1tSA9jZIYgNVgZmG0WZUJ+G2vpI9TGor3KGOxB6MFJ0JM4r1e2lKq4mj7C6AzEFvIFDXJ/+AAAIABJREFU8rkcDA3ZX2i1x2xtbbG+dpdisYhS/k6wZVkUTROFwrLsDeuDsAeA7QFJTddqJn3t7O7y4YcfcuHCBXayWQ4ePMTRY0fJZDI4K4U1TUPXdfwGZHVdZ3pmhhMnHuHjyx+zurrCe++9x+NPPkl/f395tbCbYrHI7u4u62trDAwMMDI6iqZppbq0Vz9bqjQI7FOhCvv1zZay/6pSaCqLvFWkWFodbSqLvkSag/2TPD/zBAWryJvLF/nB8oeMpgboN9Ks5jfJmjl0TaffSJPUEyT1BAf6xzk2NMt03z4+3lxAoTg2OMuJ0cMcHJgov3Y6Y6QYSvSxxBo7Zp6suRt5FbNwv2MP5mqOEJRm5mnlH6WCZoyWxoNxzRh0+jOuEL/Pyynb5zm+n339ypfeeFVYdQVX3K9DVdPBqtMD8Uw1Dtwjr3R88Ax15zRv3L845VDzD/HG/aoDv2JptXHfKwQkHJIhp/3L8dLMUCfd4BmjTra8KyQihq5iukvibt7A5q4+ozpe1UC19lCz5Mobem6AqCsUamesO9XtfO/bWrWhX3Y9Ja4XDzTI0CuUQr8Gq5PjGvuJPEM9wH48+lN1+weE7pIE6o8vEfUnNAcue2hYb7yhc5kQ+4l6u3vOK8dDi9UZvQlfkRekN94VEuF647W3IL2p+T2vhjbpTQT9CdWbqPoTkN3I+hMqaA3oTR39iaw3Pv6Ov954V0jE1J8gvYmqP77+jidsRG9CVoRH93f2tv40vgc5lXhVtjqnP+UwkOb1p/E9OZ1q7q7+BF+4nMH6J4Q0XON7kHvsgyD9qaM7AfrjLkl7+lst0J8gvfHaT1y98YYx9aaGyHrjjYfoT5C9RNEf6thLjf7E1BtPSWLrTdT+VlR/Oa6/U7Y7p7q7rTeafzzoCi3yd7zPt+j+Ti/qjSdez24i+jv6xk345DWsI6exxh+onF8uqB09PjnI8f0aL3+4zrduws0tMBKgaRaGoXH+/Q+YnBzHsiCZypDpH2BqcpxDs9M888xTPDz/MOncGrmVmxR3sqQNAwwDXU+j9CSWnmRjY4fHP/MMSktgkeDNt8/yuTNPMWptMHP3ApNqN1R/9OwyiZVP0LOlvVbvi993hF5Eba/Jnr89ggwAR0Uz0NLDaIP70QanUNlVewA4t4X58auQSKP1jaDvn4dU8KrTWBRyqK07qMX3UZuupfJ9Y2gjh8DZl1YplGmhLAUG+KmgpmmkUikyfRmSqRRbW1vcXV1l7e4ag4ODJBIJTNNkfW2djz/6iPfOvUd2J4tlWVimWXPFYtEeTFaWQln2wHHQCuBioWCvFg7AMk02NzZYWV5meXmZN15/nZWVZSYnJ8t7BieTSfoHBhgeHmZwcLBqFTDA7IEDnH7mGRYXb3HuR+c4+8OzPPbY46SSSQ4eOlRz/Pr6OjeuX+fChQs8/PDDPPHkk+X8WkqVBnet0kpef+xjrfJqW6UUpmXaA8ClwXrnWgPJDM9OnGDXLJAt5nhz+QIvL77Lcm6DIwNT7BbzJPUE/YkMKT2Bhoau6RwbnOHp8ePczC5jaAaHBiZ5cPAA+1LD5XykjSSDiT4Adoq7bBQqewwLQl2UQpX9Wq208peyQ60phVXqONWfYeqojsJSpeOV7VD7zRgsX8/Vc1CunoSyAB2Xh+ebeaq/DViRoErFceK4QgXN7onnlLwcL+lgZYWKwnWYtwjh/dy4qJAwLP3IOO3picdZoRVlBmpIiMf+glZo1ZYtaAWC63vC27+pFQouA214D7zaYgWUN+DYVnegIqfvtLuTfmPtH2tFqI+9OR36wBU3zepPi/WmRn/KehOgP+6G6EW9iZl+rd6UPm9UbxrSn3C9qdzLLvupKm+Q/lQqsCG9qac/PvYW+oaJsEbpcPs3m36N3pQfVw3qT5wVEmU7c+lNDP2JpDcx2791+sPe1J+Ilw/2d0rHdcjfiao/fmXriL8T2f7q603H9KdZ6qVfR28q/o5zeIv8HXfYpL/jqzfeuHLMyaf926A3NSsuO603XuLaW+T0A/TGG/fqT1v8nUpYYy9x9cZHfxpr/2afd/X1J5Bm9aZjz7sAvanRn/b6O36/7/jpj19Bg/TGjgboT+T2r68/+sYiXP5b2N3Cmj1ZqWDv7zlK8fz8NM/Pw+uf3OI7CzleX4PBgX42zU12c0UGR0bp68swMbWfR04c5/jDx9g/PkZ/OoORmSI5OMr67esU1pcxkgY5vQ9DT5MzDSyjj9HpQyzvQiGRZmDlMoNnr/LYwTF/u/Cgb9wksfopWm6jUt3N6E+53A36OzH1B288hr8j9BZqYwmV3eh2NoQSMgAcFU2z38c/cgB9ah519yoqvwNWAbV1B+vGWUj2QSKFNnbEXqXbKMqCYh7r9nnMT/4Wa+kyame9nA9taAp9Yg4tkUEBSlVewayoXnFbyb6GYRgcPnyYxx9/nMuXL3Pp0iX+6sUXOfHICfr6+sjn86ytrbO2ts7M7AxXrnzC1uYmly5e4uKFCzA/z8TEBABmsUg+n6e8srjgv++s8+ppszSIbBZr85ZOpzn24INcuXKFxcVFXn/9dT744IPyQK+u23lPpdMMDw2zb3wfBw8d4sEHH+TQoUNomsbAwABHHjjCF774RVLJFOfOneM733mFa9eucvTYMSYmJkilUliWxdraGivLy2xvbzM8XNlP2CrVn65p6Oho6FiBTxVVWikMhqaTtKd9kbeK5K0iGhpJ3aCo7PImNIPR1CAnR4+wnt/iytYiq7lNzq5+xPLuOnd21+gzUqSNFAnNXkGuoXFoYJLPjD/Ea3feZyQ1wKnRo0xkRkg7g/9An5FmNDVI2khhKotsMV934FoQyrhmM9rulb3nr9Ko3ftXA1V2xysz/qr9NK06dB3vDsszCQNnIlIdL+HtLngnDPvGA3NRJ3nNKaNyHe/MIHbF3T1J7wqI8vF1eoCRphT7ne9USKVD5efQe+urJu5prigzwKvCwBUvldCpcd94yAzU0NDP/qoI6lz6Jxe0AiAw9Guu8vc+9kK1XURdARHYAh778+/h1bGAcvr+1RVqPz7Jx7KfwBUvAfbiMtRq/XGF1S1UHcbUm8AKCdEb79nR9MabnWC98YZV+lPPflquNzH1J0hvoupPjb3F1B9XRTekP4HPO1e8ivqCElt/ojRf+Xgf+/Gu7IyrP743vJ/+OITpTUz9iZB8fb3xht3SH+rHKxVWHYuoP4G5CDD33tMfhzD9qa6toLOD2z/EXrxhoN44xzWoP8EtVh3uSX8ngv4E2Esk/fFtKYcw/akuf/f0JsB+6uhNOV6vxZr0d3pDb5x0A/SnJXoTYD9+euM1R1d91dhPkN5E1R8/vYmjPy3zd4Iy7LWfagL1JsgcvWHdZnPav479OP13zR2Prj/R/Z0A+wnSG0/1OrRefwL0xht32Y2TQcf+gvSnuv0Dwtj6U023f9/Rd9bQr7yOuXMX89CTkBqo2/4/fmyGHz+msXh3ndcuG5y/O8UPFgocPPIABw4dINPXx8yBA4yMTWCkUmzmivQPDJJM9jM8pbGlwKBAIpmiaGksLa8xM3cca+EC++9e53+cuM7kA+OB/k9V3Vl59LtXSa5eRVkFu3Rt05+Yv+90SH+E3kAVdlEby1DIdTsrggsZAI6DpqGNzKLNnEK7cRaV34bCDph5rOVLYObQ+sfQi3kYO2wPAhtJ8Ox5G4iywCyg8tuojUXMK69hXnwJtX4TirugG2jpQbSRA2jjD0AiBYCRSDC2b4zZA7MkkymSqVRA9jXm5ub43Oc/RyJhsL6+wTtvv002m2VgYABnT9zpmWmePn2ajfUNVlZW2NjcYGFhgZmZ2fIAcCqdZnR0lEOHDjE+MU4ylUILeJjrusHY2BiHDx9icnKSvr4+lFLl41PpNEePPsDhw4e5dOkSi4uLLN66RSKRoPxaZsuiUFpJ3N/fzyOPnuSLX/wSIyMjDA4OkkwmGR8f58eefRZds18V/d5777G6ssr169c5dOgQ/f0DWMpi6c4ddnZ2GBoa4sQjjzAxMQmahlIW+9JDPDx8EEPTme4bI60n0fArl0ZCM5jMjPDQ8EFyZp7J9AgJ3WAiPcyxoWmKymQsNUTKsG8zXdM5NLCfZyYtLm3c4PLmAjvFHDvFHCOpAcZSg+xLD5FyDe7uz4zy6OhRHt/3IJOZUT4z/hDDyX4Ml03tSw/x0PABNotZZvsnyBgp9Kg2J9znKLwrct0z9DRX6F4JXLUi2HECS3uGV83Iq/lBLzQ7tZ5olHPqhRGSK8dLjq2Td/8Zyp64dway30zUqKGCmhVa5U6JMxvTUzDvjNSA6qmNl9qv/Hlt+0eaIVxvBqirxgJnkLtbwG+AKcx+YrR3KDHtr2zipUh1bgPsJaS9m90DOMheKsVxFcopQGAPMIL9OOYX0P51wwgzhGvsp+4M4Jo7mrr2U6fcge3fhN7UXKpKbyLqT5DeNKI7fnoTsCK9KtNV5Y6qP0F6Q6kZI+pPnBUIYfoTc0C7utwBYRyatL+u6I9Xb5wfYWv0x0dvvPFY+hOgNz2lPzER/anVm4AV6VWZrlPeunrTDv0JsbN4+uMTBhWwEXvzu1YMf8ebfpDeeOOx9CfMbprxd7zxTutNFP3x1ZuKvdXoTz3/JoxO6w0e7yyS3jhfd9bfKVdHjb9THQZbV3f8nbr6c0/5O1H1xhX305uY/k7z/a3qUHnj5YOD9Cde+3e2vxVCk+3vG0ZIrhz305vybRGgP8Uc+o130baWMQ8+jho/WrlYQMamx4b55dPD/DKwmy9wcyOPOVxkMbeNpm+S2F4hPTDD1m4R0ygyNDAABcX4YB/m8jL6yl1GVIEDmCTOX0B30hpI1+qRD/r2Esb6DfTNRR/9CQmb1J8gf6eqAbqlP0LHUVurqK273c6G4IOm/JZtCsEUdrDuXsU8+x8xP30dtXzZ/lzTIZmxV+dOHkc/+CT6gz+FPnwg2iuhlWW/UnrjFtbiB5gX/hLr9of23r9mHpSFlh5CP/QUxmO/jHH8p0E3UAp2dna4+umnbGxsYBgGD87NMTQ0RCJRO76/u7vLxsYGtxcXuXH9Onfu3MEwEoyOjbF/aj/T09MMDg6Cgtt3brOxsYGyFAcPHmTfvjH6BwYAWF5aYnHxNltbmwwODjIxOcn4+DjJZLIqPdM0yWaz3Lp1i+WlZQYG+pmemWFqaqp8zNbWFj9690f88J13uHr1KocOHWL2wAEmJydIJpJYlsV2NsuNG9c5+8Mf8v7771PIF/jJz36Wn/v5n+eJJ59gaGjIHixWiu3tbe7evcvirUVWV1bY2NigWCxiGAZ9fX1MTE4wNjbG6Ogog0NDpNNpkskkCljJrbOS20DXdIaT/YwkB0jpyfJ+u+XmUoq8VWStsMVGPotCMZoaZDDZx2pug5xZAGAo2c9goo/+RGWVcc7Kc2d3nbxZQAEJTUehMDSdfekh+kr7AIP9GM2ZBe7srpHUDQYT/fQn0lUDwFvFHTbyWbLFHJlEspymIYPAQgh3fnPYds+00huXcfb2dVYAV9w3zRPXtWr3Tiv96zjYjmPtvp7bz3M+d871+n9Bk0PrdjeqOhR2BirXCet5tCCs7lG4OlTeDAbFmyRKh6qBy4XFa/x5dxiQrUZDB994S8sflGJIe0eaIR4WOoTEG/kBuZVEuR2Cc9+8PUSo/qj203z5vQk67e9Nsc16U3cCRQf0ppP600D7t11vGi5/pBSrw67rTyvL3wB7QH8cWq8/AXrT0/rTYrqkP808f3pHf6LqjTce0v4tsS+HEPvptN7ETL/leuMNI9ibQ8f0pyaFTuiN1/4cWqw/94He1LUf1xeBt3tkWqQ3ndSfNrd/KFFuj+iHt0ZvOqk/VRkK0p826E4pVIkM1tRxrJmTqIF9roK7Kii2/sTQqJBsavksxvpNjI0baIXdyJcLi/ei/nTkfhMaRuW2UZurUMx3Oyv3DZf/5RuxjpcB4LgoC7W7jnX9HXuQ9uPvonY3wDJtBdQTaAPjaGMPoB8+jT7xENroQXs1cLIfEml7JS+glAVWEfJZ1O46au0GavUTrDsXsW78ELW9Yg/+AiQyaGOHSJz6Cvqxn0SfOlHOkmma7O7uYpommqaRyWTKq2f9sCyLXC7H2t011tfXMc0iff39DA8PMzIyYg+GKkU+nyeXy2FZFn19fSQTSXTDHlTM5/MU8nksy0I3DBKJBCmfVcDOK6Lz+TzFYhFd10mlUqRKq5Q3Nze5evUqf/WXL1IsFpmemebkyZPsn5piaGgIwzBQliKXz3F3dZV3332XN15/nTdef4Pj8/P8zJe/zBe/9EUmJiYwDKOqjNlslq3NLba2tyjk7XpMpVKMjI4yODhIJpOpbV6qZxX6r/51jqX2iVcqM1r1md7rWKXbTtM013NMhabpnw9VyZAW/3zh/uX214bQtJLpavZKX023PTlNc4XY637Lr04qGVslbmPf/tWvUnLOr/68dKzLga6JOyPGHupZd5AD68hSNxxad74jObQ91KGsTj9qly5G2HCH3luAoHi88jvJ9lKH2lu7QfGGaKv9RbAX3wGMKO3fbOiUv6I3jZQ3qjXGav8Wl9bBt3id1ptY6bdBb6LoTxz7uQf1Jpb9xKWteuOll/TGa294GqSx8sfWnwbav+1600n9iZV+h/RG/J1I/k5L6An96aDeeO2jxRM0WqI/TZbOoWH96SSx0m+B/rRdb0LsJ0r2Ily9G3rTEvPoqN548d5gndSfEqH+Tnv0J077N1I6a2Aca//DWFPHIT0YnsF2t7+Zw9hcRN+4hb7jWm0ZK/2oitpL+iP0Giq/A9trqFy221m574g7ACyvgI6LptsrcQ9+BraXYWMR684FVG7LHsw1C6jN26idddTWHdTEHNrEHPrgfugfQ8sMg5FCoYFVRBV2UNm7sLFgX+fuNdTmIiq3WRpU1kt7D8+iTz+Kfugp9JEDVVkyDIOB0srcKOi6Tl9fH319fczMzvgXU9NIp9Pl/XG9uAdx61aXppFIJHxXIwOsLC/z4fkPeOfttzn56ElOnTrF8ePH6R8YqBlMnpiYoK+vD8MwOP/+eXK7u6yvr/nuP6zrOoODg/Zq5hhoRB8+1ewCuiKl/wYMvFflz3OM5r1IDMo5lueiEJvKBARnz1+ns6CB/fpnDZw9PioTGyqhcwFn8Nf2+zR7hW/gHjFO1GO7rnj5x6l6ePzG5vbkDNozCFeZVXXoTPaoF7oyVLPHWeAmR04GQxzgmB2Mmqs5zRcWli/n2XMqcI8YV1h1XvQ9qqriQfYTuicn9fFc1puc1/5qclPVbAF7lpWP97GfgD2pIu+RF9ixcg4L6TAFVW9QdXs+Cu/fBe1R5jRX0B5VnjDIfursieccV7dANfoTXFV+xNabqjCq3sTUH5/jguwn9h6cXuLqjTceV28C9Sei3kTVn6CWu0/0JtB+Iv+g4+CJt0hv6v6+RB17aYfeBOiPb1jH3/Erfw173N9pfg/g6ss16u/U3M5R9cdPb+LoTx1/pyoMvCH2gv742E2L/J1g3XEO64L+QB1zDNKfiHrjylig/sQpUJD+RCWi3njjofpT+jfQbkL8nSB7ad7fiaA/EaqrHA/SH5/LVusNLdebqnjDehNiPyFmGaQ35XjdZuvF/pVXb5wMh9RHAEH+TmT96Zq/40QD9Caq/oQ877vl7+jbK+iffh/rzkdYkw+hJo+h+vcFZNAvdDLYnL+j5bMYW3fQt26jZ1fLuS+fHqQ33rB82SB/p1f1B6FHULltVHYDZOB3zyADwI2gG2iZYfQHnoNkBt79j1hLH6F21kFZtloWc6j1m1jby3DzXcxEGi3VX1oFXBo4NU0o7tgrgAs7UMiiinmwCmBZ9jFGCm30IMbc5zEe/iLaxJy9Ef09wo0bN3nvvffIFwrsGx/nwMGDpNJp/AZRdV1nanqah48fZ3h4mHQmTSqVwtB13+MFQQijeg+Pqj1/tUocJ7RUxXkD24F27RGjuZwyFeKc+Q7whji8vg6fCgkjozzpKU+Hq7JHkHO8/XFISIxQ2XVa/Xu6na9ynEqnxRX1Cb0V5rSzN+4Kve3tF3rPa2iPKidnlQ6PckeVK/sda/+A9CKnr2ri1d25Sjt74/7tH7AnlTcMtD93Hddm37c4VeXVqL6JA+ynyT3K4u6JV2M/VXtU1TZLLKK0t985DSXoPSFIb1zfE6H9G9abAP0Js5/A8tfXGxrVmzD9CbGXqrjrBz3Rm4j6E/l5F0F/6pZfK5fJdUa5nb17Y7ZrT7z6ehOsP5Foqv0DwhiJ++qNj7/TWPu3SX9K5Sw/3zqtP5GedwF647pDvfrT+fYPSC+G/pTMpDpeT2+8YUv1B8/16+tPePkj6k8cvYmsP87lPfbSrN7EKr9fhbk+azr9YL0pf0+L/R1vGEVvvAUN0RtvPLb+NKQ3wf5Ojf1U6Q/x27tl7d9s+g34O/i1e7v1xlUoH32piZdx2tk5twX607S/UynOXvR3qtOLqD91/B1te5nE9jLW4nnU6EGs8QdQowdLv/H7ZLjacPzjYXqjLHsAOruCvr2EltsqfR2kN674/f77jtBSVDEPu1uo3S0oFrqdHSEmMgDcEJr9quehKfTZx1Hbq5AZwVr8ALW1VN6zl2IOVcwBG6DpKD2BZiRAT9gPmtIroJVVtFf7ehUt2Yc2PINx7CfQH3gWffIhSA2Cbvhlak+ys5NlbW0NyzRJJpKk02l0PXjv2kQiQbo0QOzsPZwOGDAWBCEMZ75gKSwN7pbvJ78Zo6Xfq3T396W4Ugpd16o61O4QVe3vVeek3NcArfS9K14VVs6ojvt1qJxAdzpYdXognpma3hW6QTOGa2eMOqd54/7FKYeaf4g37lcd+BVLq437XiEg4ZAMlVeGO/HSzFAn3eAZo062vCskIoauYrpL4m7eygB6wAl+V6hqoFp7qFly5Q09Bh91hULtjHWnup3vfVurNvTLrqfE9eKBBhl6hVLo12B1clxjP5FnqAfYj5/uENhatfbj0Z/6Cxwi6k9oDlz20LDeeEPnMiH2E/V295xXjocWqzN6E74iL0hvvCskwvXGa29BelPze14NbdKbCPoTqjdR9Scgu5H1J1TQGtCbOvoTWW9q9CdIb7wrJGLqT5DeRNUfX3/HEzaiNyErwqP7O3tbf5z2j68/VOJV2eqc/pTDQJrXH1+98dGfWvtxqrm7+hN84XIG658Q0nBO+8fXH499EKQ/dXQnQH/cJamnP7UV5nOFdulPkN547Seu3njDmHpTQ2S98cZD9CfIXqLoD3XspUZ/YuqNpySx9SZqfyuqvxzX3ynbnVPd3dYbzT8edIUW+Tve51t0f6cX9cYTr2c3bfp9R9/dhNsfYix+iDUwjhqZRY3MYA1PQ3rIp51DQg9acQd9dx09u4a2cxd9Z81Tbm8Fu+vQHQ3RnXvq9x2h9ShUfhfyO/Yrngu5bmdIaAIZAG6GRAZteBZj7vNoqQEwMqjbH6Cyq/aKXmcgGOzQzKPMyobYvlrlvPI5NYg2PIM2/Qj63OfR989DZqQjxeokum6QSBgUi0VyuRy5XI6BgYGq/XwdlFJsbW2xsrwCwPj4OIcOHiTT11d30FgQhCBKMwQDHGrNb0agK9RqPqc8i9qZIWhZtmNtO4ee8109B1XVkyg5g64Z8JUcV9zT6m8DViSo0jl+M8YVxF6B4AkdJS/HS7/6V1aoKFyHeau/bn+lIYdWhYRh6UfGaUdPPM4KrSgzUEPCijXgSrdih+VOUU3ZgmYAu74nvP2bWqHgMlDH3ir25CpTHOq1t9+xre5ARU7faXcn/cbaP9aKUB97c+sNLr2p1H1Arzyq/rRYb2r0p6w3Afrjbohe1JuY6dfqTenzRvWmIf0J15vKveyyn6ryRlyBEFdv6umPj71V9Med5xj60+H2bzb9Gr0pP64a1J84KyTKdubSmxj6E0lvYrZ/6/SHvak/ES8f7O+UjuuQvxNVf/zK1hF/J7L91debjulPs9RLv47eVPwd5/AW+TvusEl/x1dvvHHlmJNP+7dBb2pWXHZab7zEtbfI6QfojTfu1Z+2+DuVsMZe4uqNj/401v7NPu/q608gzepNx553AXpToz/t9Xfq/b7j1h+/ggbpjR0N0J/I7d9af8epf217GW17GRbOYRgprL5R1MA49I+hMsOQGUQ5bwI1UhVDVBaamQczj1bYRSvuoOWzaPkttNyW/Z27qdtuf/X1puHfd2LqD954DH9HiIsq26IyTXtb02LB3tq0kJMB33sMGQBuFiNl78/78BfRZh7FuvFDrIV37VdC3L0Oxd0YF9PsQeWhKYyjZ9CP/Bj69KP23sHJvrYVoZtM7p/kyAMP8P5773Pz5k2uX7vO0OAQyWSy6jilFIVCgffOneO73/0umb4+Hnr4YY7Pz5MJ2KdYEIQwtLKPpYFrhmjJ8XbNDLTdr/IXdlxpaDr4rjR1QicdvzBwJiLV8aDcexxa33hw6iETIZ0Zoc7xzkxQV9zdk/SugKAyczTQA480pdjv/BKuDpWfQ+/tXtXEXc1UFdbPdSUMXPHispdy3fnEQ2aghoZ+dldFiP0EmKP37MDQr7nK3/vYC9V2EXUGcmALeOyv0qEOsBdvvJy+f3WF2o9P8rHsJ3DFS4C9uAzVsbf26k1AhYTojffsaHrjzU6w3njDKv2pZz8t15uY+hOkN1H1p8beYuqP93kWV38Cn3OueBX1BSW2/kRpvvLxPvbjXdkZV398b3g//XEI05uY+hMh+fp64w27pT/Uj1cqrDoWUX8CcxFg7r2nPw5h+lNdW0FnB7d/iL14w0C9cY5rUH+CW6w63JP+TgT9CbCXSPrj21IOYfpTXf7u6U2A/dTRm3K8Xos16e/0ht446QboT0v0JsB+/PTGa46u+qqxnyC9iao/fnoTR39a5u8EZdhrP9UE6k2QOXrDus3mtH8d+3FrQmbnAAAgAElEQVT675o7Hl1/ovs7AfYTpDee6nVovf4E6I037rIbJ4OO/QXpT3X7B4Sx9aeaXvl9J6q/UxOaeYytJdi6U/+4CPqjfA4L1Z+YqdbqT3z7K7edJ94QUTIqCEJDaEopuYVagVJQ3EVtLGCt3UStXUfdvYravIXaWob8FiqfhcJO6XXPGhiG/Zrn1CBkhtEG99t/h2fQJx9CG3sAbWg/9gjLvcny8jKXLl7kpb/+a/L5ApP7J5mbm2P//v0MDQ9jGAaFfJ6trW3uLN1h4eZN1tfXmZqa5jOf+QyPnnoUef2zIDTG7a8N4TjCWsmjK4e6y/Gl4vDa95ury6A57rKN+370vnLJfZx9rOdzr4MfkO9G73ivVAR1uLwOdtOOdNTQr3/pKnNrH9Y+LnvkDm6zoUNwh6dcIQ23dgPE7GCElKYtHayo/aFIHbKmOlhBKcQIm/2BJXa8leVvHl+96aT+1Klur/40T5DeOBnqgv7EHNBuOU3aXy/oj0MkvWmq/FFT7Kb+xET0p1ZvWqY/Eeyl5/THJ2wnTabXFv2Jcp5PdlumP5Gv2AI7aNjevAVokE7rDZ7cd0Fvovo7zVdHL+mN1968FdKSAocT54auc3pYPJbedFJ/YpW/Q3rT0v5WCE22f1wi6U2T7d8u/WmeIP1ppP2bDUt0W38E4R7m8r98I9bxMgDcLswCamsJtfox1son9v+3V2DnLpgFW/QSabS+MRiYsAd9Jx5CGz2A1j9e2uc3xoN1D7O9vc17773H22+9xaVLlxgeHmZq/xQTkxMkE0l2d3dYW19n8dYiwyPDzM3NceYnfoLx8XESCVnELgiNsvi14dJeviW10Up7+QJ6yS+r+t7zufc4pajaAxhVua7j3znnOZ87OJ+7CZrbEaiMVX6n16OunfHbvg6216H2ZjAo3iQt7lDF7nB3oEPl4BtvafkjdMDb1qFyCIn34g/I3uoJzn1bOtTdm6HsTbBWfzqiN3UnUHRAbzqpPw20f9v1puHyR0qxOuy6/rSy/A2wB/THofX6E6A3Pa0/LaZL+tPM86d39Ceq3njjIe3fEvtyCLGfTutNzPRbrjfeMIK9OXRMf2pS6ITeeO3PocX6cx/oTV37cX0ReLtHpkV600n9aXP7hxLl9oh+eGv0ppP6U5WhIP1pg+6E2p+rgvaQ/oTltpf1pyP3myDsIWQAuFdQCqwiqrALhSwqvw25TchnQTkrgBOQGrD3D04NoqX67T0BjAQtfWj0OKZpks1mWbh5k6vXrnH9+nU21tfJ7e6iaRpGIkF/fz8HDhzg8OHDzB44wNjYGMlkEln9KwiNs/i/DqFpJbXR7JW+7hXAKHulb/mVSQStAHbilOPO8VA98Kq5tM1ZWew4dFqNQ43vIHDQXR/qfmudd2jdeY7k0PZQh7I6/ahdulZ0qFxhnA563A5XQHZ6qUPtrd2geEO01f4i2IvvAEaU9m82dMpfqzdxiN2B9oad7kAHFaBbHepO600U/YljP/eg3sSyn7i0VW+89JLeeO0NT4M0Vv7Y+tNA+7ddbzqpP7HS75DeiL8Tyd9pCT2hPx3UG699tHiCRkv0p8nSOTSsP50kVvot0J+2602I/UTJXoSrd0NvWmIeHdUbL94brJP6UyLU32mP/sRp/7bqT1fbPyTdmvSjKmov6Y8gCA4yANxrKAXKsjfTNgsoqwjKQkND6TroCTQ9YQ/6ajr3q7gppchms2ysb7C8sszW5ia5nL3huGEYZPr6mJiYYGxsjMHBQQzDkMFfQWiSRlYAVx2nSrJV8udQlAaOK3GgahDXe9fW+877fc1xMR3s+pLRgAPcthnJ3gIGxGOWvxsd7KY6UITQUx0sb4Gd9ndotqsZx/6cw1rbYaqxnw50sMPsz/mgIz8ge2nK3uLeARHbvyU16y1gAA3qTb3Tm9afmNfx1m5dRG/Cb/g49hOxuOV4KZm62Wl9qevrTYD+tIWW2l+L9KaT+hOz/C3XnwjFb6neeNkT+tPGOzC2v9MB/WlfaWvtpdN646Wl9hZBb6K0fzv1Jor+1KFp/Wmj3kRqvp7SG2/ovQF6UW+a1B8/vemk/vjpTSf1p6X2F/WOiNL+zeqPt4AB8Zjlb1pvvOH9rj+CsIeQAWBBEAQhEotfG8K7whettNevswJYq/4cKnv6VlYEO/FSWPqsEqfmGPy+83HwNJ0ah6/RLlXonJEA/9/b4Qo4vCUdrqD+RfwBrl7q8ETsAHXb4W9x+rE7ZA10sFraAau6gLeHH8F+mg2bniHcJF3uYPaC3rRuhcRe0BsnnTqnt5Ne1JtO6k/dCwTpT5v1JtaAdpP60+L2j528n9746E/LdccJ71n9Kddw/fge15/YeuMNu6g/4Rnspv64KqiVehOr/HRHf2Jmr9X64xC/+GEWF7H9W1Iybw0GxDutN16aTL9h/ekJvfEmGKQ33ng79MZrf0E12iRd1pug6uiY/tS53dv3+44r3vX+VoTTBUFoCBkAFgRBECJRXgFMyRHWbD9MK8UV1SuCKX3nHFcTdxxqtLJjXR4sLvmX3vFczX1dF97vvWiBDq7rRE9ca9qxjdrBcj72xv3L0jI67GDXuPt+HaoWd7Drdrj9OlSB5Y/agWqyg93KDlQY3e5QxUw/qLSt7GDHsp868Voi6k9H9MYbuiokjv3EpUf0pp0/6IXZW5DehK+QaJPeNKQ/gTXsiXvocPs3m35H9KaT+uPr77Ti+RPX/rwV4orvYf0JvTt6WH/Cy99N/Ylcw564hx7Xn6ABhTjZb7X+ODSkN94zuqY/TgV2WG+8tNneGtKfgGy1KnTw6k/jeuONN6k/ceznHtMbb/pRS7u39cYTb+cdIL/v7KHfdwTh/kIGgAVBEIRIOHsAA1RW+lJaiVva87fkWbn3+q1aMVwVd66F7/e4rud4kM5KYzTNZw/g6hXGbuJ058qfa813aFrXwQm5cLc6FJHpZge+pmU9BQqKe4rv16HxObttoV+HJqB220JXO1Dd7MB7QzwN4hBiPyFH+7V3qwcMXLUZrj+9qDed1J+OD5h64gHZ6Zj+1CluR/Snp+yvm/qDp0Fc8Tr2E1tvvKHoTxv0xhuPqT8N2ZO3QEHxanrB36kpfsTabQk9qTcO7dQbb0ilQfaY3kTVn2gZ9J7QYppKP67Cxmn/dumPp/h+euOjP53Um6j60xK6an8BelOjP21sgdj6U00v6o+rdsOb777Qn0bavzP6Iwj3EzIALAiCIERi8WvDZfepvOdv6QOt9I93T2AN23fToPyBc6xWjmuVeOl4B6+7Vu877/dVn7vSj+rgBl0rOIUQB7jljm1MBzhkBmrTHaiwMEKHKmptNkSnO1Sx0m+gw9SKDnasDlOTHfAWdKhjdbhdX3RlBnBHO/Qx9aZbK24a0J+W6k0n9aej7d9s+m3Qn8j2581w1Lh/ccvxBtpf9KdRuqk/3gI70Q7rjTdswN7q1GZr9KeTNKQ33niL9SeO/ewBvfHaW5De1Iwft4Oe0BsnvXbqTYD9+OmN1xxdOW65/rTA/oJqNxIdbf+46XtvgDboT8PPO28B6hcvMN4F/amqrTr60/32bzb9CPbSc/2t6rAX9SeoNhui2/ojCHsIGQAWBEEQIrG0tASApmmU9+2t8/96n9ULgz4LOibo+yif16ORcwRBEARBEARBEARBEARBEASh27z7/pVYx+vhhwiCIAj3K62eIyRzjgRBEARBEARBEARBEARBEAShvcgAsCAIgtAW4g72yuCwIAiCIAiCIAiCIAiCIAiCIDSPDAALgiAIsZCBWkEQBEEQBEEQBEEQBEEQBEHoXWQAWBAE4T4laCBXBngFQRAEQRAEQRAEQRAEQRAEYe8iA8CCIAhCQ4O+3nNk4FgQBEEQBEEQBEEQBEEQBEEQuo8MAAuCIAhdQwaNBUEQBEEQBEEQBEEQBEEQBKG1yACwIAiCEEq9gdpurASWgWNBEARBEARBEARBEARBEARB8EcGgAVBEARBEARBEARBEARBEARBEARBEO4RZABYEAThPse9mjbo/92iF/IgCIIgCIIgCIIgCIIgCIIgCHsJGQAWBEEQBEEQBEEQBEEQBEEQBEEQBEG4R5ABYEEQBEEQBEEQBEEQBEEQBEEQBEEQhHuERLczIAiCIAj3EkopLKVQlh2CQt5kLbjRNAANXdPQ9FJof3hvYJlg5sEsgFW048rqdq6ERtF00A3QE2AkwUjZ8XsA0ev7g3tZc8WGa7mX21sQBEEQBEEQBCEOMgAsCIIgREYp1dCPaI2et5cwLQvLtEo/wApCMLaJKEyloDQuqmsauqFj6Hv45SyFLBR27YFf4d5BWWBadrsWduzPjCQkM5Ds727eGkT0+v7iXtRcseFg7sX2FgRBEARBEARBaAQZABYEQRA6yr02GGyaFqZl3vcrboTmsJTCKpqYmomhGxjGHvqROp+F/Las8r2fMAv239w2pAYgtTcGgkWvBYe9qrliw42xV9tbEARBEARBEAShGWQAWBAEQRAawFKKYtFEya+wQgtRCoqmiWlZJBIGei9PljALkNuUFb/3M8qybaC4C+khe2VwDyJ6LQSxVzRXbLg17JX2FgRBEARBEARBaAUy9VUQBEGoi/zYWItpWhQKRakboW0opSgUiphmj66qzWchuyqDv4KNWbDtIZ/tdk5qEL0WotDLmis23Hp6ub0FQRAEQRAEQRBahQwAC4IgCD3DXvhxs2iaFE2z29kQ7hN60t5yW/aqT0Hwktu07aNH6Mn7R+hpes1mei0/9xpSv4IgCIIgCIIg3MvIALAgCIIgRKRomrJaROg4pmn1zg/UuS17v19BCCK/3RODwKLXQqP0iuaKDXeGXmlvQRAEQRAEQRCEViMDwIIgCPcxe2HFba9gmpb8ECt0jZ6wv3xWBn+FaOS3u/o66J64X4Q9TbdtqNvp329IfQuCIAiCIAiCcC8iA8CCIAiCEIKllKwOEbpO0TSxujVpwyzIa5+FeOQ2u7JHtOi10Cq6pbliw92hq89YQRAEQRAEQRCENiADwIIgCALQntXA98oK42JRfogVeoOu2aIM/gqN0AW7Eb0WWkk37ElsuHtI3QuCIAiCIAiCcC8hA8CCIAiCUAfTtO6ZgWxh76OU6vxrKvPZrqzkFO4BzEJHXwUtei20mk5rrthwd+nKM1YQBEEQBEEQBKFNyACwIAiCINTBtGQ1iNBbdNwmZd9foRk6aD+i10I76KRdiQ13H2kDQRAEQRAEQRDuFWQAWBAEQWiYe32VimlZ3ONFFPYgStm22REKWVCyGkpoAmXZdtRmRK+FdtEpzRUb7g06+owVBEEQBEEQBEFoIzIALAiCIAgBWPIaQKFH6ZhtFnY7k45wb9MBOxK9FtpJJ+xLbLh3kLYQBEEQBEEQBOFeQAaABUEQhNjc6yt/wS6jdR+UU9ibWEq1/z60TNn7V2gNZsG2pzYhei20m3Zrrthwb9GRZ6wgCIIgCIIgCEKbkQFgQRAEQfBBfogVep2226iZb+/1hfuLNtqT6LXQCdppZ2LDvYe0iSAIgiAIgiAIex0ZABYEQRAEH5QlP/wJvU3bbVRW/wqtpI32JHotdIJ22pnYcO8hbSIIgiAIgiAIwl5HBoAFQRAEwQdZ+SH0Om23UavY3usL9xdttCfRa6ETyArg+wtpE0EQBEEQBEEQ9joyACwIgiDUIPueAUgdCL1OB/YAFoRW0VZ7Er0WOkE77UxsuPeQNhEEQRAEQRAEYW+T6HYGBEEQBKEXacsYeHGJCz/8kHOfrLOWLw2GJDJMHDrIs0+eYHbQaEOiFbI3zvLyOzdYWDdh8CBfOZXlG2+s2v//ytNMtDX1NlDMsrlbAKOfob5kt3PTcdo+T0NZrbvWN0/DhTrf/+SL8OPjrUsvjEu/B3/6O/B334KHO5dsy/jmabjwefjHvwVB1VbMQy4HiSFIdzR3/rTSnryXbuu9sMCrf/ImF3b6efKFn+b0SJxzL/Kt3/+QhSgau/I2X/+LG2zOnOB/+NLx+tcLvEiGkz/3Zc508Fbio1f5d2+sMvvcL/HzD3Uw3S7QTjtr7bXr2Ilm0D82wZM/8QwnR9vrc+x1ZC6kIAiCIAiCIAh7HRkAFgRBEIROsHSOb3z7E5bz0L9vhPkD04wntrl9Y5krn17mW5/e4OTPfJkz+9uU/spZvvnKVTaT/Ryen+XQyCjpaTjzzCSk9jHcpmRbwzoX3nifT3eGeOz5x5h1Pr7yNl9/YxXqDpgIvcNp+Nw/giGfryb9PhSa4pM/sAe5538PXjgV/byzfwA3h+DzL8BA+7K3Z7hyhY92ALJc/GCB08/Nhp3RftIjPPn4NP01XySZkFtJcKixkwIr1xf5ZPE2r/35S2z+nS/zbCcnCzTAwrnXOLec5IFnnmF+sNu5EQRBEARBEARB2FvIALAgCMJ9ilIKTdO6nY37A/UJL337E5YLGeaf/yyfPVj5OfbkKaC4wFuvLjA12b4sLFxcYFMZHP2xL/Clo5VVPyfn25dm68izcmuJa1smD0BlAHj6mD2APTTdxbwJ0RmEudPBK1aF1jLzefiFUzD6QLzzrv0be3XxczIADOu89d4SppZhaGCXzStXuPzsLHPdfnQmhzg6f2LvvbVB6Cx+djL/GE9ffIWv/2CdCxdv8OyPH+xW7iKxcXuJa7cyDD0OyACwIAiCIAiCIAj3OZqmRd66UdM02QNYEARBENrN5o8ucyUP/Q8+WjX4WyYxy+nnn+ZwGwcVNrYLQJL+4XvolY9DBzk5f4KTB2K9k7UFfMqf/h+/yx9ezMY4J8v5b/wu/8tffNq2XAlCFUNH4ZHTMCtLQhtm8SIX18A49DAvzI9AcYnzH+52O1eC0BT9E0P0A/nt7W5nRRAEQRAEQRAEQYhBOhV9C7x0KikrgAVBEAShvexy5VYWyHD0oegrbar26wWMviGOPvYkzx/fVznI2Xvxx77AyfW3ee3iOlkF9A0x//RzfPZof/kYJy/n/+LPOO9NrOoVyiab187y8g9ucXvHBC3JxNxxvrRvga//YJWh+TP86jOTBO9tWfv5hZf+jFdv7ePMV2ZZ+c5FPrpboP/4GX71mX1sLn7IW2/f4MrdXUwFGEmmHnqULz1zhH5g+c0X+cYFZ8BllVd//894Fez9JvfZe2ZSzpOd/7WLb/LyuWWWd0p1N7KPx556mtOuwfdKno6w9r33OX+nAED/vlme/cIzzPXVa50H+PIv7Odf/cEf8Ydf/fv8g+M+g/rVrcn5b/wRv3thP//wX8RcjXm/4ezN+wsvw6e/BedfBGsWjv06/OKXYelF+NbvwfoVSJyBz/0GPOWsCV+B3/0y8K/gVw7An/1fsPgeJE7BiV+Hnz4d/u6bD/4EXv0T+/rMwvQL8IWvwsEUWAvw716AzV+Df/brkHKfuAD/9wuw+8/gf/oq6MCNV+Db/8HOA7Nw8Nfglzyraq1N+JvfgfMvQ34FUl+Gz/06PNmC1wyvvAi/+5vV+ytbm/Div4GL3yuldxqO/wP4whm4Wqp7AF6B3z1t/7fT+zP3DCaXL9wmS5L548fony4w+846CxfeZ/kRn/18d67y1vc+5NyirWXGyCTP/lTAGt21i7z8vctcXi3Ye7JOzvDZR1uc/fLz4bMcvfkm379p56t//0E++1NPM7HyNi+9UdH5qVNP88ITU6WTl3jtG69xnoO88PwQZ797iWvrJmgGowfmeP6zJ5ioey+F6LC6wav/6W0u7I7w7H/9eR7z3Euv/smbXChM8vyvnmFOq30e9u+b5dnPPcXcoGtCk1rl/PfOcvbaJlkTMDLMPvYYP3tqlnto2lNryFvkAMPzw0FoPa84z9zn+NmRy/z1O0usFYFEP4c/8yRfmp+squu4fsz86pt8/5NNsn0H+cqpLN/w8V3KPoha5fwrb/PWrSx5EzAMRmeO8lPPPcpU3ee3IAiCIAiCIAjC3mVooJ/dXD7ysbICWBAEQRDayjJrGwD9jEd8xXP2o1f545evsrCb5vD8HGdOzTKmbXL5B6/y9XeWao5fO/cqL90wOPrEcU7Pj9C/u8mF732Pt9YpvSb5OHOjAElmTx3nzDOlv6dGqsewgOxHr/H/fecGt3eTzM7PcebRSYxb7/PNc5tN1QJscvYv3+fChsHY9CQTfQXIX+Llly5zZSfJgeNznHnmGHODFrcvnOWbpXIOH53jzDNHmE0D9DNXyvtjvm99Nrn95kv88Q9us2wMMn/qOKfnJxnaWeXsy9/mxU+8K/c2OfuXZ7lmTHH6mTlOTifJri7w8kvnWAspTd/JX+Q3/5t9vPv7fxSyEtge/P2dD/bxD//FL/JEJmp93aNsb/r/tTzH/c2/hJXH4Of+NTxwAD75TfhPvwX/8T/bg8HP/wYkX4O/+Rp4F1Vb5+A//A6M/1fwC78F+zPw3j+F//BK/by9/pvw579lDyw//9vwk78C678Df/hP4HIe9Fl46gWwfg9+5LkfPnkZ1oEzL9iDv5d/D/7wN2DzmH2t578Kd38H/v3vQdlPX4H/91fg7Gtw7J/DL/xrOJaDv/41+P5KozVchzz86a/Ae29V0nvoAfjwn8MrF0uvjP7t0jvWT8PnftuOP3SfriDOX+L8dRP6JpmbAbQ55g8ZsHWLs1fM6mPVbV578Sxnb+2S3jfLk8/MMT+0zVt/dYll73V3LvKtFz/k8qrF6MGDnD59hMNqmZe+d4vI7xSwLDa31mv/ZmtXJy+ffYO3tkZ47PQc8+NJsndu8NJL3+abr9wmN32EM6emGE0WuH3uTV666imXtcp3/+oyG0MznH7mGHMjOms3LvKNPz9bW64yEXRYO8hjc/2g1rlwfr369NKey6MnHmVOg/wnlefh3KnjnDk1RWp7gZe/9RqXy/fSEt//s1d57comxv6Dtp7vh4Wzb/LHPs/M+wYfO1m++T4vvrZAniQPPXykfGi0erYxF3/En727zfDcnG0/RpZrb75WVdeN+DEvX87CyAiH92UwA3yX00eHgF3O/dWrvHYjS9pp75l+8jcv8603P2lPXQqCIAiCIAiCIPQA+0aHyKS9v+bWkkmn2Dc6JCuABUEQBKG9bLORi3P8Am+/u0peG+LZX/wCj5VWspx8orRi6oP3OXeqesVU1pjihb/7NFMawAkO8SLfuJBl4cYunDzIyXkwrl/k8prB2OETnHQW861sc+699cp4VDntfp78xZ/m9IiT9m1e+9M3alcOx6JAcfQEX/3ScSrrZad4/pcOMjRUGWA6eXwQ8+vnuHLtBmtPTTI6OcfJySXWPrjKQi7D7PwJytsWe8fI8pf4/sVd6Jvl5//uM8yWXqn95Kn3+eZ/usy1d86xcOyZyh7CFDAOP8ev/lhp1dv8FHzjNc6vLXEtD6Mh/lTfya/wv//9b/C//f4fwX/rtxK4Mvj7j//nr8jgL6/A1/0GYT8P//i3qvcGnvlH8CulFajzE/Bvvwo3Xoa/85/hVKlhRjbtFaufLMADrhWzdz3HPXIGvvlP4ML/CefPwEmfhs2/Ba+9CCNfg18rDeJyGp46Dv/2n8Lf/CXMvQCP/wx855vwo9fg9Jedk+HsH4D+a/D4ELBgr+pN/xr8978O6dK15ifgt38D3vsVeGoIzv8x3FmBH/8m/ORsJa/Jr8L3/xKe/Wpj1RzIRbi8Aof/NbxwppLel/872BmHIeCRo/ARsCD7Na+dv85tBaNzx0uaYTA3P8X3ry1w5eIl8kdPlCfQbL7/Puc3oX/uab7q7Kk6/yhPnv82f/BO9WSBa29fYiEPU099gRdOljRj/iRzr7/Ity57BmCDyC7w0jcWaj+veSMD5EeO8NWffdTW3eP95L5+jitrm/Q/9dPl9E8O2qswb968BUdcb6rIZkm7jmN+jtmXvs2rt67y2gcneOERH1GLqsMnDzH1/kVuX/mI5SedPO9y7uISpjbC/MkRYIHvv7NKPjHCmV/8PCed5+Gxs/zxN6/yww/WmXtihPwH73NuE4aOu/X8BFPf+S+8fPESV56a5Gi0mr23CLKT9BAnn3+OMzPOet1o9Vy+7LrBs3/P5Z/MX+Rb3/yQhbJ/0oAfYw7x2b/3WeZdq3engnwXLnLtDjA+xwtfKtn2/KOcKS6xvBNxpp0gCIIgCIIgCMIeZXb/OAt3VgJXAmfSKWb32x0oWQEsCIIgCG1lgOF0jMNXFri5A0wdLP9oCoB2kOOHM6DWWbhRfcrQkSOlwV+biTH7x/rsdsxVu+W0j5QHf+20pzh5pNnRywwPPeEe/AUwqgZ/yW+yuW2QTgHKpBg3iatL/P/s3Xl81eWd6PHPWbJCCASSQNghEjSgBMUFFKtW0bq27h2nU207vV3mOrd2Or132s6ddmZu547Oa9rb5U7bsTPWaqveKu7SKhUFBGSRRRIIIFuAAIEQSMhykvvHSUJWkkBOThI+79cr5JzfeX7P8/x+5+F3Ts73fJ/nQAOkTpjYHHQAIOV8crOBqjJ2tUrtTWZyXnaL+5mMTAOopaKbpy4aBO4oE9jgb3stskpb/XwuGnxsafyUU7eDo2AowO2tg7cjG4OmFW2/CdCmHIkw53bgMOzY0XHXPtoQzULOn9P63XHSHMgFyt+HI0SnTL54XnR65dLGMhVLo4HV/Guj00IfKYpmA4+/EOpaZDkHJ8EIYE9jyvKOhcA1MDGtdTb02HlQvb79FxzO2iQYNxL2PAsf7ICmL6aER7Y//+e6hu2s2lwJzYHIRqPzyEsHSnfzQYvE1b37K+homv/UC8bRejLvg+w+GAHSyb2g5dUwRM552XQ1mXyzpHQKLm0xm0PTz6zxDGtTNC2rRb2BNFKTad9+RippdLQmbNt+pjJ9RjaJwIH9bV6ImnT3Opw4jTlTE+D4AT7c31imfDOFpRAaPzEaHDx6IPqalJHJhEiLTNZQBqNT4ejB6I679pcDyYwdk9wi2/U42SOHQl0FJVupcpoAACAASURBVLFIqB8IWo2TKUwYCgRSmT7vCua1WBKhu+e5Wdv3Jyl5zJ6QcOr9yRm8j0mdnNcq+Ht6o8keDpTtZMmGPRyqii7hQDiTUV7LJEmSJA1yCQlhJo7NJjNjOMlJiQQCAQKBAMlJiWRmDGfi2GwSEqK5v2YAS5IUU6MYPgw4WMnhg0BXySm19UQAAu0fCjVuq2uTJJY2rJcyXk7T9vBhqUD76UW7r4MpsBsq2LHqfZYWl1PZNto7tOctRGob1xkMtP1+W6j53EVanbtUhg/veTtttc8ExuBvh3qQVZrRUaGk7n11MT2nfbmkxm9hRDpZJ6W2MeIf6uDbGkGA6lPTVM+5HVZ9A94vgk/kweqFwDy4pHEd7epj0d/Ffwk/6qCt4F4gD6oO03lWNNEAcK9m4KbBXT+FF38Ar98DrwOJ8yD/T+DabqyPfA6p2byTHXVA5kgm1JRT0WLYZGclQ3klRR+WMOeKHKA2ugYptB937a6ltY3XoFPXpGZBur9WbUIak6ef334d4g50/PrQQfsdSRnCiLblEoMkATWRjrOVu38dDpGTn8Pw4p1sLdzO/NFTKPmwhKMkMH164xdATtZGX5NKi3n6d8XtGwtWcIhaKmsATlL4x8UUdtCnI2Wcm9nsbcZJ/pQkXn5uM4VL3ifrrvlMb/qeTLfOM831pKa1j7ImhkNAbfT9yRm8jxmekd2+cKfSmXN9ATVvb2TT2vfZtRYIJTBqwhTmX9HV+tSSJEmSNDhkDE8jY/jpvwXrn0eSJMVUMpPHpfHewQp2bN3DvMxxpy+eEIwGARraPxRp3BbudpSgh07T9tFj3VydsoN9O1OxcSW/L6yAoRnkn5fJ8ASAk+z4YCcdTFrZpVBC9MREGtouKBtpPnehGJ27lPxP8e17fsf3nniKw1NhS0kGn33Y4G9clJdEg7Ut40/VjemuoU7m9U5ofMMc6WC+9npoFXxOmwe5I2HTW3AdsG4p5P4Esprqagwi53wDLp7Uvr7kKUBiNFuYOfCxBzvOwB3TyfGdjaTJcPe/Qn0NlO+FD56FFV+Gip/AnXNi0OBAVM4HWxvTew9u55nfdbymaGVxEesvzuHCxAQSm64rbS897a6HCY3XoMZrUssAWT10cwLovlN1giMNtM7kramPJo93cjHt0XU4/XymZ+3kvd07WV8FB3bUQlYelzet8d70mjQ8m3nTOvi2TmIGw0jgUAii68ROYXIHWaRpHa4Zfw5KzOPy3B38rrCM91eXMP2Kxvz0bp3nUyo7mCKjpjGiGw7RN+9jUiYy78aJzGs4SeWRQ+woKmLV1iJ+dwI+e+Op6dklSZIk6VxmAFiSpBhLm5HH9ML3KSz+gN+PyeD6yW0m+qw7yNrle8i+qoCckTmMTdlD4YE9rK/KOzV9YsMeinadhEA6OV3EkM9Yc9s7WVWed2oa6IYDbNrZNvt3OCNSoeREJYcaYFRjgKBySwkHutlcdeO0jTkz5zPvvMaNVRspXgUktC4bzRqqpaoK6GyayImZZL9XxoFdOym5NPtU0KJqM8UHgJQMJvRCxm9nhl30Kb7Ni3z/Nfjsw7dxiVNRxslC2PS5U2sAA6xfCIyEyZ2sBDppZjTAu2kVzLv9VLC3ehUUA+mXRKdvBiARCh6A4h/AUyVQnQcFLYKnIy+EdOBINUxvM6V0y5hY7kNQuBDC0+GCNoOljhi8S6+J9mlEGgQTYcRk+NjnoPhZONjiKxehkcBxqOrt9geI/UUUlQNDM5lzQUaHgaSKj4pZX1pO4aZyLixIZ8rYdJbsK2frh9uZd/Wp6csrP9zT5sssmUwek8CmreVs+qCc/OZ1VSOUbD1AN79m04fKKf6wkvymNYCJsGPLAWqA7NGdvBD16DqczIV5mawqPcim17dQURdict60U+e86TWpsp7UvPOZ3DIQ3VBLhARC0Hz+KwM55E9vuX4BROpqCfkXb7NRsyaTU7yZkuYvMNDt89ys3fuT7WzaVXvq/Uli772PCTd+YaK6KsKpHPmTHC2rZXhGGgSSSc0YR/4VSRzdt5RNFdFs5ZxOa5QkSZKkc4d/DkuSFGuBccy//ihHXi9mxzuLeHJTOhPGjmZkSi2Hdx9k1/4KKhsSyM8rICcrh0tmZbB9eRnvvbiIksk5jE+opHhHCQeqIC1/RvQD25g41fbaF1/nQN44Jje2XRFJAGpblM1m8tgENm0t471XV1I1NQ2O7WdTUXm3s9hGZaeRWHiSkjWLeOv4eEbUlrF151Eq22UGZTJ9cirr11ew6rWl1F2QwYiRk8ltO8No4jQuz9vJwsISXn5+MdMnjyattoytOw5ytCHEhIsvjPmHwsMuuo1/vCjGjQxYx6F4FR1+QyDzIsjspYGdNgfe/kvYeRtMSYLVz0LJBsj6HpzfSRuJc2DejfDO38PjH8FFc6G2CNY8CfUz4eM3tS4/5VpI/wGUvg7p34IpLR/MgWu/BM//AH7yEcy+BoYDe96PZg3PfxIuToPzb4eVC+EPD8D2hyA/B06UwJbFcPgS+OoDXUx5XQJ/fBI6WmP8kgfafYmCiqXws3+CzJtg+iXRPm1dGJ1qenqLA5jxAGz6AbzwA7hqLmROh5xz5dsMEYoLD1BJiMkFl1MwuZM0xYkRDjxXzIHiIkoKLiXn/AvIL1rOpp3r+Y8XD5A/LY2akhK2HqwmEWg58XjOrFxydm6mZP1inj44junjE6nYUcLW8npCdDMLuLaCHYWbO/ivlMCoKblk99ZrRFIylRsX88yBbM7LSeTIlt0UH41A2jguP7+T6Q16eh2ePJnz3j9IYcVJSMkhv9U5b3pNOsjvn1nEhMk5jB8GRw8eZNeuckL513DPrHQSm87/+sU8vS+H3MlppFZVsGPvQUqOD+f6e+e1Dmqey5qzgMtZv7qEC6/IobvnubmKobWsaX5/UsGmLQc4WgNp0y9ofH/Se+9jcqdm8u6egxQv/SPhC3IYmZFD/tDtLHp5JxVp6Uwem0n2MDi6ew+bjkNoTHq3pkaXJEmSpHOBAWBJkvrC8Bncflc2hWs2s357OYUbiqLbw8mMGjuReXNmMLkxxpJ63nzuSVnLW6v3sKuwmF1AKCWN3MsKuDYvI6bdTD1vHneGVvP71QcoKSymJJBAdl4Bt6fv5OkVZYQST31qm3P5Fcyrep/39paw6jCE0jKYfX0eexcVdW8K54mXc8dl77Fo9UGKNxRBOJXcK2aQtHYtm9oUHT7rSq6tWs572w+yduVB0qaPIndq2wpDZF96Pfekr+St9Yeaz3EoPYOCeZcwZ5zzMcfXKvjjqo4fuup1yOylRToT58HdY+H/fQ827YDwTJj+r3DzvNMHVOd+D4ZfCEuehbeeBHJg9D1wxwMwrm20Igfyr4Fli+Hia9vXNe0heDAPXvs1LP3LaOZvyjWQ/y24qPE/ejAH/uxZWPI4rH8ctpdAcDJk3Qh33N6N9Y6LoLio44emPdB+zdO0a+CWQ7D8NXjnyVPnquBx+PjMU+UmPQA31sDbC+H1J2H643D7TM4J5etZsysC6ROZ01nwFyDlfOZM3cnLxQfYtCNCzuRs5t06j+FL1vLe3gOsXXmAUHomly+YyI4XN7e+HqbkccstySx9dyOF+/ewan+I1MwxXH8lLH1rD+0n1+1AdTlrV5Z38EAy+Zm5ZPfWercJo7j22jTWLt7Cqj0RCIQYPiaXK6+ZQXanAdWeXodzyJuQTGHRSYbn5rX7kk7qefO5J30jS5bvYG9RMbsaiL5uTshj/ozGoGQgm3l3zCf7vQ94b0cJaw8CgRCJw9IpmHuhwd82Rs2aSHZREQeKN7N+Vg4XpnTzPDdKGlvATenFvPZ+MbsiQDiVnIIZ3DTz1Dq+vfY+ZuLl3HTxUt7+oIzCtUUwJkj+9TO49tKTLNl4iOLCcoohugbw5PO59so8p3+WJEmSpEaBhoaGHqzWJ0kaLA4cOEAgEGj+Abp9u+3vzh7ralvb292539X2zvS0fHVNbdeFBqOG6If8rUUoWfY6LxfD9OtvZn4s1ibVGUlKbJvm2YsqujuZd39xGH5xI/A9+PyNMW6rAv7zWjjyMPzXrjJ11Swtu+syZ+CcvV7HzEGW/m4pmxjHpz51SYwzKstZtXAxa09kcu3988jt58HaWF1zB8QYPvw+T7+yB6bP4/5LM+Pdmz4R09dYSZIkSeqhqsq6HpU3A1iSJDWKULL8dV7eESJ7TDqjMoczPKGWwztKKDxYC8OncKHBXwm2L4T9wGXXGvyVzsaOjawvh9TzJvf74K8kSZIkSQOJAWBJkjoQCMC5N0dGiJxLL2V+eDPrtx9i057GDNBwcvPUisPj20G10MOk9jNoIAgN9TFuZCCqgdVPArfDxbFeVXoQCcQuUn5uXq8Hg0rWFx4kQip5F/T//0uxvOY6hvufmL/GSpIkSVKMOQW0JJ2jnAL69Gpq6/AlUv1ZIBAgMSGG3+WrLIPIAJiWVANDKAFSY7OGuddr9YVYXnMdw/1PzF9jJUmSJKmHejoFtJPWSZLUgaCpH+rnYj5Gg37wrV4Uw/Hk9Vp9IZbjzDHc//icSJIkSRroDABLktSBQNAP/tS/xXyMhhJiW7/OLTEcT16v1RdiOc4cw/2Pz4kkSZKkgc4AsCRJHTDzQ/1dzMdoKDG29evcEsPx5PVafcEM4HOLz4kkSZKkgc4AsCRJHQgEAn74p34r2GLt7dg1EjILWL0jlBAdTzHi9VqxFutrrmO4f+mT11hJkiRJijEDwJIkdSIY8mVS/VOfjc2E5L5pR4NbH4wjr9eKpb4YX47h/sPnQpIkSdJg4F82kiR1IhQMYgKI+ptAIDo2+0RCKgR8u6izEAhGx1GMeb1WrPTVNdcx3D/06WusJEmSJMWQf9lIknQaoRhOWyqdiT4fk4lD+rY9DS59OH68XisW+nJcOYbjz+dAkiRJ0mBhAFiSpNMIhYKuA6d+IxAIEOrrqSkTU10LWGcmlBAdP33VnNdr9bK+vuY6huMrLq+xkiRJkhQj/nUjSVIXwmGzQdQ/xG0sJqXFp10NbHEYN16v1ZviMZ4cw/HjuZckSZI0mBgAliSpC8FAgHDIDwUVX+FQiGC8MsNCCQaB1TNJaXHJHPd6rd4Sr2uuYzg+4voaK0mSJEkxYABYkqRuCIWCTguouOkX4y8x1fWA1T2JQ/p06ue2+sX/Fw1o8R5D8W7/XOP5liRJkjQY+VeOJEndFA6F/IBQfS4UCvafbLCkoQaBdXqJQ6LjJM68XutM9ZdrrmO4b/SX51uSJEmSept/UUqS1APhUMgPCtVn+uV4SxrqdNDqWFJavwj+NumX/3/Ur/W3MdPf+jPYeH4lSZIkDWbheHdAkqSBJhQKEggGqKuL0NDQEO/uaBAKBAKEw/14PcLE1Oj6rtUVEKmNd28Ub01rRMdhzd+ueL1Wd/Tna65juPf15+dbkiRJknqLAWBJks5AMBAgMSFMJFJPpD6Cn8mqNwQCEAoOkGk/QwmQmgE1lVBzAhrq490j9bVAMO7r/XaH12t1ZqBccx3DvWOgPN+SJEmS1BsMAEuSdBZCoSChUJBIfT31kXrq/VRWZyAYCBAMBQkFB+CH0omp0Z/aSqg9aUbwuSCUAAnJkNC/A79teb1Wk4F6zXUMn5mB+nxLkiRJ0tkwACxJUi8IBaMfLDY0NFDf0EBDfUPjB7MNZuqoleiMkwGCgQCBYOPvwTANZUJq9Kc+ApGaaCC4vi563+zggSsQhGAIguFo4DeUGL0/gHm9PrcMxmuuY7hzg/H5liRJkqQzYQBYkqReFAgECAUCYJKJzlXBEARTICEl3j2RTsvrtQY6x7AkSZIkqTMGgCVpMIvUQNFb8NEK2LcJynbCicNQV0NWKIGGlAwi6eOoy8qjduxs6qbMh3BivHstSZIkSZIkSZLOUKChYXBNErVuYzFrNxZTtG03h8uONW9PTUlifE4WBTNzmZWfy8iMYXHspSTF2J51sOrX8MHzUFfT/f3CiVRP/wTVF95FZMzM5inzAi2mz+vod2ePdbWt7e3u3O9qe2ec/k+SJEmSJEmSNBBVVdb1qPygCQCv3VjMbxcubhX0PZ25c/K57Ya5BoIlDS5HdsEfHosGfs9Szfk3c3LeV6gfPs4AsCRJkiRJkiRJcXLOBYArq6r5j9+8ztqNxa22pyQnMX5sZvP9qqpqdpccbFUmNSWJe2+/hrlz8vukr5IUU6uegle+07OM366EE6m69r9Tc9FdBoAlSZIkSZIkSYqDcyoAXFlVzaM/fYbde0ubt82dk8/cOfnkTR3fYfllqzbyhyVrOHzkVKbwg/fdaBBY0sD26t/Bsn+PWfXVFz9A9XXfBAwAS5IkSZIkSZLUl86pAPB3/+VXzcHflOQkvvLQ7R0GftuqrKrmxTeW8eY7a5q3GQSWNGA9/1ew+rcxb6b2wk9RdeN3DQBLkiRJkiRJktSHehoADseoHzH34hvLmoO/43My+fqX7yU1JalVmd17S/ntwj8C0emeZ83IZe6cfFJTkrjvjmuYMDaLX/7mdQB+u3AxeVPHuyawpIHl1b/rk+AvQML639GQOKQ5E1iSJEmSJEmSJPU/wXh34EwcLjvGS4uWA9HM3wfvu7Fd8Bdg7cZiirbtpmjbbtZuLOaXv3mdb/7Dz5sDx3Pn5HPdVbOBxqzgRcv67iAk6Wyteiqm0z53JPH9X5Gw7tk+bVOSJEmSJEmSJHXfgAwAtwzU3rbgCsaPzeqwXMGMXKZNHcfIEaeyeg+XHWu1bvBtC+Y2P75s1SYOlx3rsC5J6leO7IJXvhOXppPf/EeCR/fEpW1JkiRJkiRJknR6A3IN4Ie/9SMqq6pJSU7ih//w1W7tc7jsGD/+5QvsLjkIwMiMYXz/b74ARAO/TVNB33rDFdy2YG5sOt5SRTFLFr7C29sOUHEiOm93eEga2VPnct3Hr2bG6IEwO/dGnvjGE2y88DP87wdmxLsz0rnl2Yfhg+fj1nxd/q2cvPWfANcAliRJkiRJkiQplnq6BvCAywAu2rabyqpqIDqFc3eNzBjGdx75DNOmjgOiAeFlqzYBMGtGbqv6Y61q49N87x9+xss7wuTOu4P7P30/93/6fu6Yl0t455s88S//g+8/U0hFzHsiaUDasy6uwV+A8KaXCO3bENc+SJIkSZIkSZKk9gZCmmkrTVM3A+Tlju/x/g/ddxPf/IefA9GgMEBqShLjczLZXXKQLdtiPK1pfSGvPLuWilHX8fWvLSCrVQi+gEs/fjdla57luX0ppMW2J5IGqlW/jncPolY9RcW132rMAG7aaAawJEmSJEmSJEm9KSGU3KPyAy4A3JT9C9HAbU81Tf1cWXWy1drBKWdQ1xnZtpENVTDxhrltgr9NwmTMvp8/75veSBpoIjW9m/171b/BmNXwzM96vGvKlteovPY7NAQTnQJakiRJkiRJkqR+YsAFgHvDyIxhjGRYfBpPSiYMVFVVQU9yfOvLKHztBV5+v5jSE3UQTmHsBddxx53zmZjSslwdpR++zetvLWPb/gqq6oCkDCbOXsD9txeQ0SLovPHJb/DE+hl85h9vofalp3ljzU7Kkufzlb+5hYkAdWWsbdpeDYRTyBpXwHX33kLByNZDp+7wWl749Qus2VNFHRAePYNb7vs0c3POySEmxU7RW1BX0zt1XfUbuH4G/P7vz2z/uhoSdiyhJvfjvdMfSZIkSZIkSZJ01ozO9bVx0zl/yBJW/uFxns54iLtnZRHuaiXm+lLe/OGjvFGaxYxr7+C6UQlQvZdVi17mx/+7lD//9l3kNtZRseJxHn3pABOnF3Dd/LGkAbV7V/HGO0/zg/o0/u7O3DaVl/Lmj77PgRMTmT57AddOziUDoGojT/zvJ9hYlcbEy25hweQ0qC5jwztv8vQ/H4O//wwFTaNn/5v8+LFjhOdcx93z06BiJ0veWsYLP/w3+O9fYW56b55A6Rz30Yreqacp+Lv4XnjnzNc+TyhZbQBYkiRJkiRJkqR+ZMAFgFtO27x7byl5U3u+DnBHDh85BsDIETHODA7mctd/vR/+/VlW/uZR1j4TJmPCdKZPm0lBwXTGjkxp96SUvvUEb+wfy4K/fJjrRjdtLaDgwrE88f2neWXpAh6+KppNnHbZQ/zjnDDhlpXMKiC7/nv8eOkyNn4ylxmtAs6llI36DN/+yxmcSiSuY+P/e5aNJ7K47mtfZ8HoU6ULLruavXvKGNuy/tIqpn7129wyoUXfMuv428dXsnZjBXPnuZqx1Gv2bTr7OloGfxefXX3h0sKz748kSZIkSZIkSeo1Ay4APCHnVAB43cZtfHz+xWdd5+GyYxwuiwaA83J7J6B8WiMKuOvrM7m55CNWrV3C2jWFLFu0kWWLgHAa06+9n7uvzSUtCLCTlStKYdpdXD26TT0pBcw+72me2LCBiqvmRieUDoY7zChOSUmB+lIOHIIZWS0fyWL+DS2Dv0DNGlaur4LpN7cIODcJM3ZcVutNk+Zz9YQ2xaZMYCIr2bn/AD2a6lrS6ZXtPLv9ezH4CxAq33PWdUiSJEmSJEmSpN4z4ALAIzOGMT4nk90lBynatpvDZccYmXF2WbsvLlrWfHvWjLZTJMdKmJScXObn5DL/ZqCuirKSDSx58Q2WLfoZjx56iG/fN50wFZSVA+XP8T++8VzHVWVV0byicH0FxUuf55Ul2zhQHl2Pt0XBjnYmu+3moxWUAVkTJnVvgAwb1j7Em5jauNbxye7UIKm7Thw+832b1/y96aymfW4peLKsV+qRJEmSJEmSJEm9Y8AFgAE+Pv9ifvmb1wH45W9e5+tfvueM6zpcdoxlq6JZcCNHDKOgzwLAbYRTyJhwKXd8dSY5j/8tz615k5U3T2duU2T1grv49p3nd7xvMKUxAFtH4TOP8viaKtImzOXGmyeSNiSL3NHDOPDHH/Ozd/rmUCTFUF3NGe74Pbh+LqzpveDv2fVHkiRJkiRJkiTFwoAMAM+akUtqShKVVdUUbdvNi28s47YFc8+orpSUJFKSk6g6Wc29d1zTyz09EylMGpcBhXVU1QCkkZEOHDsJaWldTKZczNp1VTDuFv7yq/Nbla1K6kEXhqeRARSW7KXjrGFJA8+34ffnwfW/hcO9HASWJEmSJEmSJEn9RgerxfZvh8uO8ehPn6Gyqrp520uLlvPSouVnVF9qShLf/9YX+M7X/rRvsn/Ll/HEEyspq+vk8aqNvL68DEZMZfpIgIkUzMqAPW/y/MaqDsqXUda8OUxCElBTS6uSTXV2V+JsCi4ANr7JG/vbP1x2pKL7dUnqXeHEM9/3nfvg9xvh+tfgmvz490eSJEmSJEmSJPW6AZUBXLRtNz/55cLm4G9T5i7Ai28so6h4Nw/ed2OXawJv2baHaVPHNd9PTUkidWzfZLrWlZZRWriE73/rBbKmXUpB/kQyGrNzK/auZeXSQkrrx7Lgi7cwtnGfsTc9xIKtj/LGk4/y48uuZu7kNKCWssJVLFu3E+Z9hW/fOhHIZf7HxrLytTf4t59XsWDOWBKq97Jq0SqODUmDE93tZZiCT97P2p1P8+a/fo/ipjary9iw9E02lk7n/r//DAUDavRIg8SQkVC+78z3f+c+4DfRTGDuhcWbzqo79ckZZ7W/JEmSJEmSJEnqXQMmhPfSouW8+May5vvjczK5945rWgWEi7bt5pv/8HMKZuSSlzue8TlZNNBAgAAAazcWs3bjVg6XHeO6q2ZzXxymfA6fdwtf/+7V7Fz9Nm+uWMuShcuoaswGDqdlMXbOXTz88UsZ23L+5mAW1/3XbzL2rZd5Y+nrPL28DgiTkjWWgk8+zHVzxjYXzbrmKzyc/BTPLVrGc0/VQVIWl975MHccepxHF/Wgo+kFPPS1NJYsfIW317zM08uBcApZ4y7l/r+6xeCvFC8ZE88uAAy9GgSOpI/rupAkSZIkSZIkSeozgYaGhoZ4d+J0Kquq+e3CxSxbdSpAMXdOPrfdMJcf/8dCdu8tBVpnA3fHrBm5fOXB23u9v5IUU6/+HSz7996p66rfwPUz4PdnviZwVcEDnJj/1wQC0S/atP3d1ba2t7tzv6vtnelpeUmSJEmSJEmSBqJ+vQZwZVU1j/70mVbB3wfvu5EH77uRFxctaw7+js/J5Pvf+gIP3ncj43Myu6x37px87ru977N/JemsTbqs9+p65z74/VIYc9MZV1Gbc3Hv9UeSJEmSJEmSJJ21fpsBvHtvKY/+9JlW6/3+1ZfvYfzYLP6wZDW/XfjH5u1/+8hnWq37e7jsGEXbdnOorLxVnXm548mbOr7vDkKSelukBr53AdTVxLsnEE7k8H9ZTkMo0QxgSZIkSZIkSZL6iX65kmvb4O/4nEy+8uAdjMwYxu69pc3BX4AH77+xVfAXYGTGMOZm5PdllyWpb4QS4aJPwurfxrsnVOfdQn0wAcOqkiRJkiRJkiT1H/1uCujDZcfaBX+//uV7GZkxrPmxJrfecAUFM3Lj1VVJio85fxLvHgBQNeOueHdBkiRJkiRJkiS10e8CwL9ZuLhd8Dc1JYnKqmp+/B8Lmx+bNSOX2xbMjWdXJSk+xs2KZgHHUfX0W6jNnhHXPkiSJEmSJEmSpPb6XQB43cZiAEaOGNYq+PvoT59h995SIBoYfvC+G+PZTUmKr48/AuHE+LQdTuTEZV+OT9uSJEmSJEmSJOm0+l0AuElqanKHwd+U5CS+8uAdpKYkxbmHkhRHIybAzd+NS9MVV32TuvSxcWlbkiRJkiRJkiSdXjjeHWhr5IhhHD5yjN17S3n0J89w6Eg5h8uOAdHg7199+R5GZgyLcy8lqR+Y82k4uBWW/XufNVk560+omnlnn7UnSZIkSZIkSZJ6pt9lAN97xzXNt4u27W4X/B0/NiteXZOk/ucTfwsX39snTZ284JNUXPVXfdKWJEmSJEmSJEk6M4GGhoaGeHeirbUbi/ntC4s5eJ9CRQAAIABJREFUfCQa/J02dRz33X6NwV9J6syrfxfTTOATF32a4/O/AUAgEIj+JtB8v3lbm99dbWt7uzv3u9remZ6WlyRJkiRJkiRpIOqXAWBJ0hlY9RS88h2oq+m9OsOJHLvyr6ma8SloG+Q1ACxJkiRJkiRJUr9jAFiSBpMju+APj8EHz591VVXTPsHxS79EJH1sNHhqAFiSJEmSJEmSpH7PALAkDUZ71sGqX0cDwT3JCA4nUpl7EyfyP0Vd9ozWwVsDwJIkSZIkSZIk9XsGgCVpMIvUQNFb8NEK2LcJynbCicNQV0NDKIH65Azqho2lZtQ0qscUUDPxKggnAh0Edg0AS5IkSZIkSZLU7xkAlqRz1M6P9jYHb1sGaTu7bQBYkiRJkiRJkqT+LxjvDkiSJEmSJEmSJEmSeocBYEmSJEmSJEmSJEkaJAwAS5IkSZIkSZIkSdIgYQBYkiRJkiRJkiRJkgYJA8CSJEmSJEmSJEmSNEgYAJYkSZIkSZIkSZKkQcIAsCRJkiRJkiRJkiQNEgaAJUmSJEmSJEmSJGmQMAAsSZIkSZIkSZIkSYOEAWBJkiRJkiRJkiRJGiQMAEuSJEmSJEmSJEnSIGEAWJIkSZIkSZIkSZIGCQPAkiRJkiRJkiRJkjRIGACWJEmSJEmSJEmSpEHCALAkSZIkSZIkSZIkDRLhWDdw5MiRWDchSf3WiBEj4t0FSZIkSZIkSZJ0Dol5ANjghyRJkiRJkiRJkiT1DaeAliRJkiRJkiRJkqRBwgCwJEmSJEmSJEmSJA0SBoAlSZIkSZIkSZIkaZAwACxJkiRJkiRJkiRJg4QBYEmSJEmSJEmSJEkaJAwAS5IkSZIkSZIkSdIgYQBYkiRJkiRJkiRJkgaJcLw7IEnqHVWVdc23y45WUHGikuqaWgCSEhNIG5JKxvC0eHVPkiRJkiRJkiT1AQPAkjSI1NbWUVJ6mJPVNa22n6yu4WR1DRUnKsnJGklCgpd/SZIkSZIkSZIGI6eAlqRBpKPgb0snq2soKT3chz2SJEmSJEmSJEl9yQCwJA0SZUcrThv8bXKyuoayoxV90CNJkiRJkiRJktTXDABL0iBRcaIyJmUlSZIkSZIkSdLAYQBYkgaJ6pramJSVJEmSJEmSJEkDRzjeHZAk9Y6GhoaYlFXvCQQgGAwQDAYIBAMEAhAIRH9LkiRJkiRJUn/S0BD9LLmhARrqG6hv/PHj5f7PALAkSTEUCEAoHCQUigZ+JUmSJEmSJGkgaEpgASB06rPN+voGIpEGInX1BoP7KQPAkiTFQDAUINwY+JUkSZIkSZKkwaJplsOEhCCRSAN1dfXUR4wE9ycGgCVJ6kXBYIBwgoFfSZIkSZIkSYNfKBQgFApFA8G19dTXGwjuDwwAS5LUSxISg4TDwXh3Q5IkSZIkSZL6VFMguK6untqa+nh355xnAFiSpLMUCgVISAyeWg9DkiRJkiRJks5BTcvi1dbUE3Fa6Ljp9wHgd1duZPtHJZQcOMyefYeorq7p0f7jxmQydswoskYN57YFc2PUS0nSuSqcECQhwaxfSZIkSZIkSQIIBAIkJoWora2nrtZs4Hjo1wHgHz3+Ah9s2nZWdezZd5A9+w4C8MGmbXz1c59kRPrQ3uieJOkc55TPkiRJkiRJktSxhIQggQBOCR0HgYaGhn6Zf/2FRx5rdX/qpBymTBhDcnJij+rZvnMf23aWcPLkqczhf/7OFxluEFjSILNu444elR8xNJFAIND8A5z2Ni1vAwE6Kdfid1fb2t7uzv2utnemt6dnNvgrSZIkSZIkSV1zXeC+1y8zgF98Y1nz7ckTxvDJT1zJ+edNOOP6Dh4+yvOvvsuqdUUA/PDfn+c7X/vTs+6nJOncZPBXkiRJkiRJkrqn6bNUg8B9p999er1izWZeWrQcgEsumsb/ePjTZxX8BcgcOZw//9Nb+Ox9CwDYvbeU//fykrPuqyTp3BNOMPgrSZIkSZIkST0RDgcJJ/i5al/pd2f6wy07m2/fcv0VvVr3vDkzmDRhNABrNhT3at2SpMEvFAqQ4JsUSZIkSZIkSeqxhIQgoVDvLtWnjvW7T7FL9h8GYOK4bMaOGdXqsaLi3WwsbL/G5YtvLKP00NFW27bv3Mcfl65rV/a8SWMBKD10hKqT1b3VbUnSOSAhsd+9bEqSJEmSJEnSgOFnrH2j360BvO9ANAA8dVJOq+079xzg0Z8+A8CtN1zBbQvmAvDoT56haNtuXlq0nJ8/9ggQDRQ3la2preOGj13SXM+USTmwZDUA+0uPMLkxI1iSpNNJSAwSCPjtNEmSJEmSJEk6U4FAgITEoOsBx1i/C7NX19QCMCQ1udX2iuOVzbcTEtrHrdOGpFBxvAqAukikefvJ6ppW5S65aBoTx2WTM3oUI9KH9lq/JUmDVzAYcN1fSZIkSZIkSeoF4XCQYNBkm1jqdxnAnZkxfTK33nAFR8uPM2XCmObtt95wBSyCCy+YQtrQFACmTszhxmvmcOx4JXPn5Ler61v/7YE+63d37N5byr/823MEAgH+2xfvYnxOZo/rOFp+nP/1f56mqqqa//bFO5nc4hydrT8uXcf2XfuYMmEMH5s3q9fqlaSBIuy6v5IkSZIkSZLUa8IJQWqqI10X1BkZMAFgoHna55bycseTlzu+1bbk5ETuvGV+X3XrrDQ0wIo1mzl+Ipq9vHJt4RkFgGNpy/Y9rFpXRF1dxACwpHNOMBQgFPLbaJIkSZIkSZLUW0KhAMFQgPpIQ7y7MigNqADw2Tp4+Ch7Sg5xpLyCqZNymDguO95d4uDho6xcW9Scvbz6gy187IqLGJkxLM49O+XP//QW/vxPb4l3NyQpLpz6WZIkSZIkSZJ6XzgcpCZiFnAsDJgAcMXxKv7tiZdIG5pCwczzuLRgOgAvvrGMlxYt5/r5F3PP7R/rcN+T1TU8/fxbLFu1qdX2qZNy+Ox9NzI6c0TM+9+ZFWs2c6S8grtvvRqAZ196m9Xrt3DDxy6JW58kSVGBAGb/SpIkSZIkSVIMhEIBAoHobLnqXQMmALz6gyKKtu0GoL6+oTkA/M6KDQD8fslq5s7JZ1yb6ZPr6iI8+pNn2LnnQLs6t31Uwre//zj/628+z6iM9BgfQXvlx06wYs1mRqSnMWtGLgB/WLKGd1du4LKLzyc9bUi7ferrG1i5tpCXFi3n4OGjJCSEueSiaXx8/sXtyjatCwzwXz5zK6+9uYINhTuor69nysQcHrr/RtKGprLw9WUsXbmBqpM1DE8fyv2fvJaCGecRaIx5vLRoOS++sYzbFsyNrrncZtv4nEyefWkJBw8fJRQKMnP6ZD5953UMHzY0RmdOkvpGyOxfSZIkSZIkSYqZUDhIXW19vLsx6AyYT7YvnX1+8+0L86c03548fjQAE8dltwv+QjQw3BT8zRk9ij+75wb+4nOf5IpLLmgu84tfv0pdHFLMN2zeTumho8yYPonMkcPJHDmcGdMnsb/0CJsKP2pXvqEBXn1zBY8//RplR4+RnzeRghm5bN2+h5/+x0Kqqqo7bOdYxQn+9WfPUXr4KBdfOI3h6WkU79jLjx9fyI8ff4GVazczY/pkcieP5VjFCR5/6jWKd+zp1jG8v66Ix59+jaxR6Vxy0TRSU5JYu7GYXzz5KlUna87q/EhSvJn9K0mSJEmSJEmx42ewsTFgMoBTU5L4+WOPUHG8qnm9XIAvP3g7RcW7ycsd3+F+TdM+500dz9e/fE/z9gsvmMK0KeP4z2cWse2jEpau2MjVcy+K7UG0UFlVzdvLPyA5KZGrLp/ZnG17xSUXsHJtIe+s2EDBzPNISU5s3mdPSSlvvrOGIanJfPWhO5g6KQeAukiEJ55ZxPL3PyQlOaldW3V1EW669lJuvWEugUA08/iff/Jb9u4/xISxWfztI3/GsLRUGhrgV88u4p0VG1i7sZjzpozr8jiOHa/k4S/c2dyXg4eP8i//9zl27T1Ayf5DzdslaaAJBCAY9M2HJEmSJEmSJMVKMOg00LEwYDKAm7QM/jbpLPh78PBR9peWATCnIK/d4y2Dk8Uf7e2lHnbP1u172F1ykPPPm8CEsdnN26dMzCE/bxI7du1jS+OU1002FO7g+IkqCmbkMmXiqb6HQyGun38xQ4e0PzcQPWcXXzitOcg8LG0I48ZEs6Uvvmgaw9JSgWiw4/zzJgDR6aO7Y/bM81qdx4zhwxg7ZhRVJ2soP3aiW3VIUn9k8FeSJEmSJEmSYs/PYnvfgAoAFxXvZlPRR5xsM7Xwi28sY9+Bw6fdd0hq++Bocots2WCw705FTU0tf1iyBoC5c/IJhU61HQoFmTsnH4B3V25sNTX1npKDAIwYntYczG2SNjSVxMSEDttLSEhgSGpy8/2WWW2jMzNalQ2FQj06luHprdf5DYWCJCYMmMRySeqUbzokSZIkSZIkKfb8LLb3DZhIXVHxbh796TMA3HjNHO68ZT4AP3r8BT7YtI2Vawv520c+Q0KL4GPmyOGMzBjG4bJjrP6giEsumtaqzpVrC5tvT5k4pg+OImr7rn3s2LWPSKSeHz3+QqflNm/ZyY6d+5qnYm4ZKJYkxVbANx2SJEmSJEmSFHN+Ftv7BkwAuGWG77Hjlc23t39UAsCBg0corzjBqIz0VvvNnD6FPy5bx/sfbGHMG8somJHL8PQ0irbt5rmX3gYgHA4xafzoPjgKiETqWfzuOmpq6zj/vAntMmibHC0/TmHxbpa8t54pE3MIhYKMyR4JwP7SMhoaaJUFXHG8kpqa2r44BEk6J7SdaUGSJEmSJEmS1Pv8LLb3DZgA8MfmzaKmto6Dh8tZcM0lzdv/+i/u51fP/p5LZ09vF/wFuOFjF7P6gyIqTlTx0qLlvLRoebsyd996NRPHZbfbHgsl+w+xZfseskYN53Of/gTpw4Z0WK782An++Se/ZWPhR5TsP8T4sVnMPH8Kf1iyhg2bd7Bl+27ypkbXPq6LRPj9ktUcP1FFSotprSVJZy7guw5JkiRJkiRJijk/i+19AyYADHDDxy5pty07cwRf//I9ne6TOXI4X3noDp558Y9s37mv1WNJSYl86c9uJT9vUq/3tSMNDbB46TqOn6jiystmdhr8BUgfNoSCmefx+lsrWbFmM+Nyshg3JpNrryzgxTeW8S//91mmTMxh5IhhbN8ZzYI2+CtJvcf3HJIkSZIkSZIUe34W2/sGVAD4TE2dlMPXvngXm7bs5Gj5caprahmRnsa4nFGMG5PZZ/04cLCMDZt3MCI9jasum9ll+asum8mK1ZtZsaaQKy+byeisDG7++OVkjRrOwteXse2jEj7avZ+LL5zGdVfN5v8+8RJVVdV9cCSSJEmSJEmSJEmS+qNAQ0NDQ7w70dIXHnkMgFtvuILbFsxt9diTz/2B2ro6rr7iIqZMHAPAi28sY8u2PUyeMJo7b5nf5/2VpP5i3cYdPSo/YmgigUCg+Qc47W1a3gYCdFKO1lN2nG5b29vdud/V9s70tHxK6jnxHSlJkiRJkiRJiruqyrp4d2FQGTCfbr+zYgNvL/8AgEikvjkA/M6KDRwtP07Rtt1cdfmFZI0a3uH+R45WsK+0jD0lBzlZXcPorIzoT+YIEhMT+uw4JEmSJEmSJEmSJClW+l0AOCkpkerqGk6erGm1feK47Obb43JOTduckz2So+XHAToM/tbW1fGLX7/KmvVbO2xvePpQrrpsZrtsY0mSJEmSJEmSJEkaaPrdFNDf/z9Ps+2jEqZOyuGbf3F/q8cOHDxCfX09Y7JHNm87WV3Dzt0HyBk9irShKa3K795bynf/5Vfdand4+lD++TtfPPsDkKQ4cQro03MKaEmSJEmSJEnqn5wCunf1u0+3c7JHsu2jErZ9VMLmrbs4/7wJzY9lZ45oVz45KZG83PEd1vXoT59pvj1pwmg+ftVsZkyfzJDUZLbv3MfGwh28tGg5AEfLj/PiG8vMBJYkSZIkSZIkSZI0YAXj3YG2pkzKab79/KvvnnE9Tz//FpVV1QDcesMV/M3Df8Jls89nSGpytJ2JY7htwVy++43PNu/z0qLlbN2+94zblCRJkiRJkiRJkqR46ncB4CsvncFF+VMB2LFrH//2xEvs3XeoR3UcKivnrXfXAnBR/tTTZvWOyR7JX3zuk833V6zZfAa9liRJkiRJkiRJkqT463dTQAN89aE7+MIjjwHw/gdbeP+DLUwcl83USTnNGbxtTZ2UQ37eJAD2HShr3l4wM7fL9i68YArjx2axe28pe/Yd7IUjkCRJkiRJkiRJkqS+1y8DwAA/f+wRXnxjWfMavTv3HGDnngOdlh+ZMYzv/80XACjZfypjOG9qx+sDt5U3dXxjALhn2caSJEmSJEmSJEmS1F/02wAwwG0L5pKdOYIPt+ykZP9h9h04THVNbYdl516S33x7wTVzWPb+h0wan82ojPRutZWfN5G1G7e2qkeSJEmSJEmSJEnqTZH6eurqIkQiESKReuobGmhoaAAgEAgQDAQIhYKEQiHC4RChYL9b0VX9XKChaURJkga0dRt39Kj8iKGJBAKB5h/gtLdpeRsI0Em5Fr+72tb2dnfud7W9Mz0tn5Lar78jJUmSJEmSJGmAqamtpaamjrpIpEf7hUMhEhPDJCYkxKhn8VdVWRfvLgwqfrotSZIkSZIkSZIkxUhtXR0nT9YQqa8/o/3rIhHqqiJUV9eSnJxIQtjwnk7PESJJkiRJkiRJkiTFQOXJamo6Wd60pyL19ZyoPEliYgKpyUm9UqcGJwPAkiRJkiRJkiRJUi+qb2igsvJkj6d77o6amlrqI/WkpiYT7OHSdzo3uGq0JEmSJEmSJEmS1EvqGxo4caIqJsHfJnWRCCdOVFHf0BCzNjRwGQCWJEmSJEmSJEmSekll5ckzXu+3JyL19VRWnox5Oxp4DABLkiRJkiRJkiRJvaDyZHVMM3/bqotEqDxZ3WftaWAwACxJkiRJkiRJkiSdpdq6Ompqavu83ZqaWmrr6vq8XfVf4Xh3QJIkSWqtnG1rd3Co8d6oKbOYmh7XDkmSJEmSJHXp5MmauLadMNSwn6IcCZIkDSgb+Okji1jTZbl07vjrz3NzVh906XQ2PMsX/mNX9HbWLL7719cxJr49ioHWz8nszz7Cl2aeZZVlm3nl5fdYXFxG+QmAMFd+8WH+bNpZ1jtg7GLRk2+2OKezzv6cSpIkSZIkxVBNbW2frPvbmUh9PTW1tSQmJMStD+o/DABLkiT1J/vf5HuPrWNXq78X6qgcbEu5lL7Jd/5pHfsAmMCXHrub2XHukiRJkiRJ0pmqqYn/FMw1NXUGgAUYAJYkaQBLYvYtVzJ7eMePTXDK3AGomhWvtgj+pmUwe+YEZk4ZyZgJce1YH5vJlx4z5VeSJEmSJA0Mkfp66iKReHeDukiESH09oWAw3l1RnIUbfjiUANAArX83QCAQ/d1K2/sttzfv0KKm5vstirWpv6l01/W3fbyD9prbPfVw2+PqtP52uqi//db27XXnuFq21+68tTl/HdTftt2uj6tpe0fHdZrnq8f1t9W+/u4c15nV33IA9OD56nCcddZuy/q7+Xz1qP42He7O83W6/1cdtXu68RfopP72veib60VHh9Fb/59PIxBKgOQhBNIzCYwaRzBnGqFJMwidN4dA1qTT7ivFXjIT8mdxWbyneVYv2kXh9qbbSdzw4IPcPTGe/ZEkSZIkSVJX6urOMvhbf4A3f/kSb5PPVx+8gqyziN/W1UUIJRoAPteFA42xj6YQSKAxcBLdHiAQaBOYCXQSEAo0/W58rCHQsqJmndUf6Hb9bQJCzfW3bbd184GGNsfTNuDUtDvt64+W7qT+lt1u2V7jv+2Oq21AMtCqNzS0PW8tC7Srv4Pz2ab+5m63DQwG2rTX9oR1eFwtjoe2x9Xi8OjgeWraq0397Y6r6X7T+Ws7/mjzfHVaf9sB0FH9pxkfbdo9VX8n469tuz2sv0n7+nvwfLVsr+3z1a7dNu3Rpv52x9Xh6ez76wU9vF60G/edXC9OoyFSCyeO0nDiKJRsJbJ+MbWNjwVzziNUcD3hS28jNGVWl3VJ8VHKK//0K14ojd6b/cDnuXLvizy1rJRD1UBSOrNv+wRfujyH2kPreOrJt1mxu47aYJhR02bw+QeuY2pKY1Vt1/P9wkgWP/Ue7+48QW09pI6fwM23f4IbJg/pXtfqy9m1cilPvb2VXaV11AIJQ4Yw4aICPn3DZUxIA6hmxeM/4heborukz7+bR29vnQq77/e/4DuvlwOQeukn+MG95wNQXvwuT728mg27G+tOy+CyW2/m0xdn0XYinJ6U7bYuzldCRg43f/o2bp48hI7Xdq5m0Q8fY1HT/k3rJ3frvLU/N1x0Az+4qpRfPLWRDWV1MPYS/tfXMni2ud107vjaDaS++SYvbCqjsg4S0rO45p5Pcff0IZQXv8l//rZx33CYCbOv5kt3z2JUi78nast3sOKd91i8ppR95S37djmfv30Wo8K0mfq5yS5++shjzf38+WdocT7ar2dde2gDi159n8WFZZRXA8Ew6WNzuOa6q7lhZsvnbEPrev7qU4xa+govrG4a/0OYec0CPn/9ZFJ79uxKkiRJkiQ1i5xN9m/9AZb96lVe3xMB1vOjX4X56p/OOeMgcLQvTgN9rgv9z5sS/yfQ/QzJpj27mZFIq/IdbO5RZl8HgcC2Ac8u2u00Q7LD8oHWO3SRKdhZ/a0CUV0dT5sM5i6Pp4P6Oz+PHZy3tg2d7jwG2vWyiwzdMx8f8Rx/bds9pYvnq8MGuj6uzst3dFzde766l1F95vWfWUZ1N56vdk90F8d12vKdtHe660UPNVSUUb91FXV/fJLIpiUEwmGCE/J7p/IzsL/0aI/KpySGCAQCzT/AaW/T8jbRkHyH5Vr87mpb29vdud/V9s70tHxCQn/9llwp7y/a1hg8S2b6lbOZdtp46wm2Ll1P4YnovfJtm3h3yzEqm96TRqrZ9+FW9gaPsuiJ99hQXk89QEM9lYf28+6Oeq6+dALJAKUf8tK6xmBiuIptyzbzQWkt9Y3/p2qPlfPhyg3szclnTnZiY3db7DNkNNdcOYU0gPoSXvnhE/xs+SGOnGhsE6ivreXI7l0sebeI0MwCpg0NMy7lEG+uKaMWqC6tZfLH8shufjp38fpv1rCtCmAI19x7E/nDYN+bv+Q7Txez91iLumuq2LVhPYsPpHH1RdnNb4N7Urbr5wTGzJrLnOw2x15/hDVLtlJYdup81VdVULhyK6GC2Uwb0rqOdprOXbfPW3T78e1rWFzcuHhwwyE+fHsnWysb90rJ4uorh1DY3G6EXes3smZ3FbWNReqrT7Bt3VaqA9v4z98Usbeq6YF6yvfuYHlFJjfljwSgdtPvePhfl7PmowrKq9v2bQdvbq5izmVTSKvcweKl+zne2bGOnsptF9HpOK/c8Du+9ZPV/H/23j++rqrM93/vk5OmTaiBEAJJ7YESWhPLsUlaCEKAGysRWyxVb0bpFTqO9V6Z60W/oldxRl6+8F6r3zt85+p1hpkBB1EuyM0VC1qGCVNjISCBNk0J0EIplZQ2EEMllqSEpNnfP87+sdbaa59zUvKjheftq55z9l77edaz1tqLkzz57GfnK0cY9dexO8Hon4bY3fMUna/Npyntz5k6rkfp7+3md3uHlfU/xsALu9iZOIfm6jz/cEEQBEEQBEEQBEEQBMHgzdG3cGMTJtkYoff/buKePW8FR8Zf72fH4ElcsLT8mNO4RXNOvATwuP8LKWFKCH+77QBO8Ov88DU47gSvDn7CAO9T+Ip33HuLbt90r9r3/ar2HfT/qfaVz5796O/2nSAuzZ9nn4h9069qX4nLcBEeUO0bcTlO8KraD8YxEhfBq+bQUf8Z82TMlxZP7LgZcRn2tXE010PEfnR9WOdL9aHFFS6cyPoz50tdf8o6VO3Hrj9zvtS+qvPlKL6M+YrGpQ+XNm7WuPJYf7Zx8z+b84U+X7b7KrL+1Ps3H/sq+ewX6tjls1+oY5dzv7DZN0fTNk+W+Zoijj7/BG/+w39h5JvNjD++aWqNC0IsQ2z6/s18/nrLv+9vsSYTR4ZHKV+SZu3li0gF+a5Ruh/spW9eGY2X19GiZpT37aZzwOZ6iL4jRVQvr6P18kVUz1ds3fMA3aPZe773V/ezab/3IWGxM36ITX9/P7sngJo6msq840f20f28Yuj5HjoPee8XnkvLAuCldn74QCZhHNquJe0pSEd2bqXNtzGZtm+HI6MMTZRQc2Eda5srFNXsEO1b9wApWj6zkg2fqaU6uKiIhitWsuEzK9lwZS3lkx03k4GhoLZwYUkRpfOSRoNxRoaLSC03+jgxRPuDfYyUV9ByeR2NC4uCK0ae6KHbt1lbS+M8oKiE6vQimi9vorW5ikrfzYEeNj0DlNbS+pmVbLgiRVimuozmz3ixXpql2PGRbdz2030M+T4rqmi5spGWmtLgB6Kh7e38MFgUenxDh6F8SS1rL09TUx6e6d/6OLvjvQqCIAiCIAiCIAiCIGRl4piSvzDw8CZ++uxbkeNHnt3KPz786oz2RXhnkdQVd673UXn1juO/xCnuXDIZFdf1HpfsZh4nm7UGsOsp+kx/FhS/gX0Mf2rGyAVi7Puf4+yH2Oz7fm3tLf5843kpRO1xYcYVHI2Ly420j7g0x1GNS43HYj98zU8BbJ8ve6cy0xaz/iLtzff2+cKMyyVrXJH5inkfxGOs+/CxwoZ91zXWfQ4FsGu3749fZGgi9nOsh8j9bMyTE71/9fbG+nAs85X1frbENan9Isf6C+z7h/T1N13/CZzYv4s3/+4LJB+7lzmfvpFE1TnT5EkQjpGaS/nW51dQDLSU3s1f3nPQO1FCy+f8erOL4aY22ocAhuh7FYjUGU7SsO6zXFufSRa3NPVwy3/fQvcR4EgfnTtHaTi/yLwow0Qv7Z3DgZ3S6UDHAAAgAElEQVSmz32R9TWZTy0rd3HHjQ/QeQQY3kP7jlFqlqdoubiM9vsOAeN0PraNdTUrKAR6d+xjxLOUvvg8SoHurb0M+n285vNcmy7ybC/ybI/SuW0X65fUTqrt26OEli9+Iajn2/Se2/nqfZkk5cj+gwyymOr6OqopoPvOXd41Ro3nSY9bdPxTl6zhuo8tpjRIQPdq58svWcO3vEds1xz9Ed972MvkJ6pY/+WraJoHXFLKyDe3Zq6cGKJ/kMz6SNTS+rUq1pWWKn+d2khzRbjO9r7YB+kU6foqGHiNzb/uI6ORPoma+joacoxif2cPvX5ye2EjG7/clEkiX9JEy8PhmO7duo2+phbMVHL5Ja1s9OJbfX4x37mpiz6AIwPsHURLCguCIAiCIAiCIAiCIOTLsah/j+z+NT/qOBx7/kDHA/y04lNcUzO5wlXHpkQW3mkkdbkfYa1SL8USrempt5/qGsCOY0k4qf58P66j+wsaGPGYcfn+sMdlq/GaSU85gV/VfvCqxeUfdmJrlQaJXN8fMXEZNYCJsa+No+NE2gduzflSi8xa2sfVGI7Ml5EQj8wTZlzY43LVj8b6UxOS5vrzzTnhPGWaG3HF2A/iQbdvZgmnqgZwpPZ1cIHuN4jHMdZfTHu9O6p9Yx2a82S5ryLzpfoz7Jtx5b3+pn2/cOzzZbafBsZ3tHP0qQ7mrP8uhc1XT58j4V1OEQ1XNNFwsuXUvApsuaz0snRQ67RQVYDOqyJ9pv9hLsUxuduw/SKa6xWl8Lw6Ws7rpNtLGO59qQ/OX2y/dmAgUKIybxGNNcq5RC2Ny9rpfHwcgL6XX4XlKUob06R/tTWT/Nu1h+7RFTSyjY5t456dxTTXFwEH6TvgGxun9xe38tVfhuZHfGXy/oP0UzqJtrWZ+rvHSunZNJypfDzlJMBTqY6NB7XFs3IM46ZRXseGKxcrqluTIhrqwmuKi+cC3iCcuZC0Xwu6qCj28UPFiSG6HnqU7uf62HvIm5vxUA4+NDSUNcRc9B0Ir69ekdZiKa1fTPV9XewFOPQafaOQ0taxHh+lpZQDff5necqQIAiCIAiCIAiCIAgzxPgrnfxj2wGOZG31Fr1tm3jw85/i8jMKZqhnwjuF8De/WiIku/IzbK8o92IUfHb7ih+L/dCveZmq4Mui8Iz1m59iNqJY9RKqMSFEPwcdj1NUG/HEKDytPnIpMEFR0JoKSUtcmmLVEo/mN4dCN7hWtx+rMI57rxyMKGj9xlnWX6DwnKz942T9GSntSFzx9s3jORT9VvtZFMZ52tcUupa4pnS/8Nalvb0lrkjHphf36Bij//w1Jvbvouia786MU+FdhqEQzYPCeTGZ3fklWRKD+bVXE4YjR96Mv/YPhzzVrd1O6ckl4OlCg4Rh0Qqa0lvp3QlMHKTjySEa5u0J1KDlF9SRTgC8llGkeowdHiU+5TiZtm+TogIm97eaFo5l3FQWVORIYs+leF7MqfeU5lwfY8/cyw0/CR/PPPUMMKg8+ai01OjRfLWPwwwNYSjXs8QnCIIgCIIgCIIgCILwNnAcJ3/l7eDv+NGtz3Agn9+hTBxmy633UPif1rEyz98BOlNd/1A4IQkTwJ7Czk/ImApgX2jnqLkjUJKHXtJIVdz55iz2yWFfV04qOH5yL1R46gpGrbGieDTjirOvxxUqIQ3lpx+FpsBU/EWUpXpcYQ5OVz6GilmbfWUcI0pI+7hF7nNDaRlVSBqDYSiYtfmy2tfj0hS56jiCPl9+XBjz5RjjZ1t/SsdDxbbNvn/CZt8eVyAwNecrSDJb1l/Q3jEMWOYrYp8Y+9H7KrI+NIV0HutPNZDP+ov0M6qcNuOa1H6hmM9rv1DjMe+TwF3M+rPuF9PH2EP/jPv6q8y97scz41AQZoLDwwyBllAcGQmTvsXz5sZfe1oZ5fRlkpkWO0OvDwfv1SRfw/mLKd65hxFg77ZHacN/fHUZzRf7ys5TqSyHjPESVn/tC6w9I64jByfR9jjgGMdtZhiisyNM/qYuWcO1ly+mvAjY0cbn7+zLenV+VFB+OuDVpM4kuZU4Dw8pCfwSZnwIBEEQBEEQBEEQBEF415JwHI7m+QvnQ7v35Zf89Zk4TO/zf2RlxSl590UQknpCM0dNT5dIgiVASUDF1wC22w+UkDnt6+d9+7GKzNgawxYn+SoIFSWh311t/Ex/vvFscan+LIpMJSs4ScVqXFz+cVtcWeZLjScv+/rbbDVYs8WVc77UrKGtpqzySOzMssiicLess9j3vr98awAH9t087SvmXPT7yjZf2WoAx8WVbf2ZNYBdPVEbv1/E2TfO5awBnO+TCGLsG2/tSmf9/ppOxp/czJH/cRXzvnb3jPgThGnnyD46dgxT4z8GemIPndvDR/1Wn2lWX1WoqCCVgMGJjJ2u3VDjP854Yg9dveOhnbMVOzV1NJXtof0QsH8XHf7xpWmag2RfFakFeEndYbq6+lh7pd6Xof19sDBF6aTaHgcc67jNCKOMBPnnImrqvOQvw3TtPGi/ZF6Roooeon8AS61pndSCUujNpHn3butlqKkpmJuhnXsyj38GqKigOtdjzAVBEARBEARBEARBEKaIgoIERyfyy+qWXdDCfzr5VeKr/5oUc2ZNfslfvy+CkNRr1mIo62w1gG0JSVVZ5yeLdGWhT66anrnth8o9zR+mX929WYM1TBT7fr3LidrPtI6xr3Zb9ef9fyQuMyHpaL1RatY60QYR+5bxjKkBbFOOav7MAbPGlaOmrNW+EV9MDeCIctkfP3P9YcxXrH1zAdjsZ1kfht/Qfsz6m2QNYNO+T9T+JOZL9WfOV8Sv4Q/DfiQu63DO/H7BJPeLyLqP2S9miKNPdfDmDz8nSmBhCnmTvmd66DpgO1dE6v21VE5bEmyc7rtu53u7amk4bYjuR/ex108AJqpoXJbFcSJNS9OjdD88DIzT+eMf0V9vsVOWpmWpemGKlovLaL/vkHIsSdOFK7SatA2Xpinf2csgMPhwG199KUVDbSWlf+qn95k+9g6V0PKVL9C6YHJtZ51jHreZoJTy0/DUuaO03347YxelGNm1i66Xxu2XzE9RXdbF3kMAQ2z68b0UXn42pSVVNCyxX1LZVEe63asFvb+LG76/n+YPLoTndtOxO9T/ppsveHs1mwVBEARBEARBEARBECZBQUEBjMX8DsQkWc4555ZPb1+Edz2RGsB6mi2XojXTcqprAIf29UutCj4z4ZnVbxaFpNI+4s9UQmbxoSec7DV6tecSZ1UwW2Iw4tQS1kaN3mjf9HELagCrccX5yhi2Kj+1xeO/uETiiipWc8U13evPTCBnVzxnVZDmu/6y2NdCg0hcVsVq1riOrQZwPvbz3i+8dZP3fKkGLU7zUVRHxs9UTGfbL2aA8Sc3M/rTb0pNYGGKGKX711votp4rZe3Xa1k9ifrAk6K0lNT4EHu394SqSwCKaLhmDY05Es/VH1vD2n13s2k/MDEatZMsY+3nWqg2/mCxtDFN+ldbg9q/lNXSXKO34cwWrlt1gO88cIgxYOilPjpeUh9BPEzXtn20Llg0ubbHAcc6btNPEY2r6mjf1UPfBHD4EB0PZhL11YvK2LvvkOWaFKsvr6LjroOMAQzuo+3OfbCshVtjEsDMW8GGa/q48aeZx02PDRyk/T5dYVy6vIUN55dMYWyCIAiCIAiCIAiCIAjZSSaPn6Tr8dQXYfYIfz3oAI5fK1R5DY47wauDg+NkznlnglecaD3a0L7pXrXv+1XtO+j/U+0rnz370ceaO0Fcmj/PPhH7pl/VvhKX4SI8oNo34nKc4FW1H4xjJC6CV82ho/4z5smYLy2e2HEz4jLsa+NoroeI/ej6sM6X6kOLK1w4kfVnzpe6/pR1qNqPXX/mfKl9VefLUXwZ8xWNSx8ubdysceWx/mzj5n825wt9vmz3VWT9qfdvPvZV8tkv1LHLZ79Qxy7nfmGzb46mbZ4s8zULjD30z4x1/Gz2OiAIU0HRIjZ8bRUti0oo9L5NFJZVsfbaq7k2nUfyLVHF6i9/iY3raqmuSAYK3sKSEqovbOJbf/1ZVtvq8RbV0nB2+DF18QpsDzuuXPlZfnDDSpoXlVDs/7lbIknpwipa1l3Fxo8tOqa2s86xjttMcMZKrv/LRhoWev1KllDdvIrrLj0p9pLi5Vex8VrlmjwoTn+Cv7lxDa3Lyij1/9AgkaR0YYq1f341G9ellUdLC4IgCIIgCIIgCIIgTD8FiQTJ40B5mywooCAhj4AWwHF/UBIK/zAVfYpY1SdOoedCIH1VLZiPuFXsao9mjfNn9Wuzb1cS2uzbum+Py2bfUOiaylXTn2o/Li7VXz5xRXvztmoAR+Iympn2854vq/3sCt3J2TfJMV95xhVv3zzuL7D4+bKuP2Ndvh371vWXt30zcGOebMp3Y6BscWX1p9mZ7v3C7FCW9TcLOAWFzPtuB4mqc6bMZs/T+ybV/pST5mh/wAFkfY/6HiX1b7ZTXnMdM9/n8znX8Tgm235ecTJ3o3cbvW18/ieeOraijpu+vnLmH7M71Ml3buqiDyBRxYb/dlVOtbEgCIIgCIIgCIIgCIIgTDdvjY0xcmR0VvtQPK+IOYX5/pn98cWRkTwfoS3kRcJU3Bm/1g/Vqd5RU3EXaPkURakm5fM/a/b9PIJNeRkmEyKKUt+Po/QxsK8YN9xrcfn+YuJCiytsq/pV7QexYfhT4nKyxKWpW21xYYnLsG+OY1SJGzNfmn1Hs2+dL2WOo+vDFpexlrS4sMelnTLmyZwvNR5zvlDis82TZdwgaj+iKbWsj2CAVH/auBn+zPlS/6f5NcbcYt+6/oz5UkdImy8/Htt8Re5nY85s689iP+v6s43blO4X/rgZ86Wu8VnEPTrGWz+/aXY7IQgnIH2PPI3/gObiFXWS/BUEQRAEQRAEQRAEQRCOC+YUFs6q+rYgkThhk7/C1BOuRBdN/uj6ry7gKp/9/7lhPVFXvcZ17ao/zb7iJ2LfP+56x9X/eW0NvwAUngQnV+OkmuCUaphzUt5xaR5M+37f3Bi1oRmXqx63x+W6RjzWuCw2s9mP9NnV/cXFhRu1r/7T/EavzUyTsiZsbdRX1a7NrxG4tj7U+cqy/vx5cidr/+2sP6t983ju9efH5RIfV7x987gtLvR5io0rmPJJ29fWnxHXlO8X/lhp91WW+XKz2Z95xne0M/74ptnuhiCcOEzsouPxYe9DCU1NtbPaHUEQBEEQBEEQBEEQBEFQmTt3zrvSt3D8ET7f0lfheY9IdfBeHe8185J5DdoDrq7ZdD3lXeSRsIZ9ctgPlIxmksY74bqOZ98h0fxdWPFFPRTA3fZ3uL+5ISauOPt6XEE8nnAw8gjaoD1KAOGrE/jV4wqST5pk04sr1r4yjqZ9xzBnjGOAa/hT50v15ztzjXjU+bLa1+MK7RvjSDieWlz+Gdfw5zezrT+l44E/q33/hM2+PS4nMKTHFax3My6tvWMYsMxXxD4x9qP3VWR9KHHltf5UA/msv0g/Vfv2uCa1Xyjm89ov1HjM+yRwF7P+1PmaZd66/wckL1g7290QhBOCoccep/OI92HhubQsmNXuCIIgCIIgCIIgCIIgCIJGYTLJnDmFvPXW2Iz6nTOnkMKklLQTQpyJH5S4WsIHIokmjbiEiZmAMhJ5WjPDvpb4yWrfPO/grLkD530fz3zs34b7YjvO2S1QuSJz2e5f4t63PpoQtNmPYIkniCvaLWuCOJ+4VH+RcTPGz2LfmkDLy68trizzNWn7JlH7+cR1bPaVeJxJzJd1ncX5Ve3nOV+Tsm90OJ/5ynZf2fxmW39OjP1oL2Zmv7CFMVX38ywz9wv/i+RFrW/bjtQAzo7UABYEQRAEQRAEQRAEQRAEYSZ4Y/gI40ePzoivZEEBJ5XMmxFf04nUAJ5aEkGNUv/VOxGt6Zn5Zb9Zc9M7ylTU9Mxt33v1j5/1oSD56275r0zc+SHcR7/HxM8+hLvlv2b81HwcZ9GH/DSFYt+MywkSHHE1gPW4lHjMuILxtNVe9V+NeHw/5ripxiP2Tb9R+9o4muOp+ov4zWIfW1w2+2brqP1IXNopyzyZ8xVrX4nHnC/MuAx/Fr/2uFT7ht9J2o+sB+u6zzFfRnci68+cr1zrL85+3PqzxRXcb1OwXyj3Yl72I+tetW+fr9li7Dc/m+0uCIIgCIIgCIIgCIIgCIIgCFNEcfHcGakHXJBIUFw8d9r9CCcekRrArvIRW81N7/+nswawWtOToJpntKanc9E3M1f9fBXu9n/Q7Lvb/wH356sAcJq+qfsz/GpVQzW/St/i4goHC79Z8GrUKg3iM2vlumhxmTYj75V/wXypc6HWQlXjibQxjSu2rX3IUVNWna981octLu3UdK8/f56wxqWuD9v608Yvxr5+PHcN4Mj6s/jNP65jqwGcj/3I+rPEFfibzHypBvPZLzT7lv3Csu6zxjVLHH3+CY6+2DPb3RAEQRAEQRAEQRAEQRAEQRCmgITjUFIyj2RBwbT5SBYUUFIyz1N6CoJOmABWlHWBWg5VcReqEUMFpqHKBEVJGIoIQ/ume13Rp2khfVWfro8M7c+ZD1XnwxuvwP7OUJWo4PY9mjlfdT7MOSn056sCI/ZNv0rf1Lj0EJQDqn0jLkWNqNrX1Mj+tZ5dJ2Jf+RyxH50vLZ6I/Zi4DPvBGYt9Ivaj6wObX9WHFle4cCLrz5wvdf0p61C1H7v+zPkylKWR9WGZr2hc+nBp42aNK4/1Zxs3/7M5X+jzZbuvIutPvX/zsa+Sz36hjl0++4U6djn3C5t9czRt82SZr+OE8Sfun+0uCIIgCIIgCIIgCIIgCIIgCFNEwnE4qWQec+YUTrntOXMKOUmSv0IWkrhkEi2KSs5RX01VqtZewSWTUXFdXK+B6zpkrwHserU9TX8hzoU34NS0QtlieHUHvPAvuI99D+f0ukyDQ3sUhZ+y0F3AcXEPvYBz0hlwRh30deJcdAPOOR/NfB7cjfvSw0w89NWYuIx41Fdre0s8fmfi1Iamv8B+6A8zruCoPm6aP6t95ZBLfFxqPBb74SuR+dKd2Owb82R0KjNtMesv0t58b58vzLhcssYVma+Y90E8xrrHdYIWmn1PBRuue6vIVXlvt++PX2RoIvZzrIfI/WzMkxO9f2P3C8VvrvUX2rHENan9Isf6C+z7h/T1dxwJgAE4uuMh+PSNs90NQRAEQRAEQRAEQRAEQRAEYQopnltEYbKAN998i6MTE2/LVkEiwdy5cyhMJqeod8I7laQu9wPHSwQ5XorFcfwEmvdqtA8SWY7/6p8IVY8qjqseDu07ruEPcP7sAVjYFF58ej3O6fU4p3+Aifv/HGf8CJTX6tJBP6vjuy+vgfEjcOAJnE/cjbN4dWivvAanvIbE/AW4964Luh0knLx4Mukp7zWIS/eDFlcQQRAXfpxnXULiyn+E+ZVYGTuC+4ddTDz2Q9xnNwUdKrj6PpxFl+L+YTdH//6CjP7xA58muepvwD3KxEM3MrH9pxl/jhMZB4DExf8PiX/3X2Hkj4zf+wV48eFMPP4EGu2t8+XZj8yXkRAPx9EYP0eZJzUD6hj+/PFT15+akDTXn2/OCecp09yIK8Z+EA/GOjeyhLb1oQyQkvzVDwf3laOPm2MmWA2/QTyOsf5i2uvdUe3r6zAyT+Z8OZb5Uv0Z9s24bOsPbdymfr+w9TMcN8Of2f44YOLgHtyB3+NUnDXbXREEQRAEQRAEQRAEQRAEQRCmkMJkksKTkrw1NsZbb40zfvTopK5PFhQwZ06SOYVTryYW3plEagD7H3zlYLSWaFjv9e3XYLXXeAUXPviNTPL34BO4v7qGib+Zj/ur9ZnLzrkCp/EruC/9ForLcc7/stW+c/6Xobgc9/e/xbng+iD56963nqPfew/u//kk7su/w1myGqfpG4Q1WPV4fFGjVW1o+nXV47YarMoFfzqA++oz4b8/7AZ3AqeqgYIrfkBi+V/oNk2/PnNLcT7waaPPbuDPdV0oq8ZJ/3tIztXjsqld1X+aPzdyrVkD2LW1UV9Vuza/RpDa+lBr5mZZf0GZ18naN+cpiMeIy/Abb988br+vNB+efZf4uOLtm8dtcUGuGsDa9ByDfW39GXFN+X7hj5Wrrr8s8+Vmsz/7HN3z5Gx3QRAEQRAEQRAEQRAEQRAEQZgm5hRmHt08/6Ri5s0tYk5hkoJEwisjmsFxHAoSCeYUJpk3t4j5JxVnHiUtyV9hEoQacV9FayghQ8UdoYAwaE+o3PMfq6oq7nxzFvvksO+Unpmxt/3v4LlNGf3oc7/M1PNd/p+hbAk8/j+g+qM4l94Ebx2Gnh8H/py6z+H8u5syNn73Nzgrrs283/Z3uLs34TgO7r5/w0kk4d9/EMqWZHwYcYVKSEP56UehKTAVhWVEWer1KyiAC+7e3zDx6/+iz0h5DYlP/Bjn9KU4y/8cev8PvPWGMW3qRHhHKpeRaPwCE13/mPnsj4PnOHHeZ3HKFwdT4W8mUYWk4cdUMKvzpdgPCObbtG+MI+F4Bp1Sz5jKUr+Zbf0pHQ8V2zb7/gmbfXtcgcDUiCuYQzMurb1jGFCVq3H2ibEfva8i609TSMetP7W9YsAx/GGzb/Yzqpw245rUfqGYz2u/UOMxlNA+setPna/jiKO/f5rkRa2z3Q1BEARBEARBEARBEARBEARhGilIJCiYkwAkqStMDwlfkGpT1kUUg67ln6rwA11x59kM1HYx9rHZn1eeafnyo4p9F3egN9PzuSfjHtyG++h3AXAu+1uca58n8enNJP7yeZyWv81c37kRDj4Jc+ZnPh/YpvmZ6O/O2Cs6yRKXEo9FSegG44Yel3oNRGJTWhvjCe4fduE+/y9w9C2ckypwFqyIKhVtatA5xTjLPoU7pyQyL5S/D+d9l0NBoeeXUJEZiSvLfPl9NOc9bj34KlrX1exray4MKTJu2vqLsa+tDdt8+U7UeYqJC9NmxH50vgJbyjiG82WzzyTsu8G9EbmvzPky+mBdfza/ZjzqOEbsK+s99n7OZt+I0+xznusP084xrT9lvo4jJg4+P9tdEARBEARBEARBEARBEARBEAThBCfhC1KDV+9EWHMzoxbNnFY+e/+8o+C1yTTIXIv6OYt9bPb/+EKm3dL/oNh3cD7gPQb6jy9mFHyPfY+J//1hePl3MDEOqYszry//jon//WHcxzZmnPr2PvAfvL5n/CTSmdq/HNqbiUeLy+ubY4tLiceMKxhPS1yENoK4Ar/euTcGMjEUFkPJaYoqlMC3prwdeQ1GXsM5fSkFF13n+fH+5zgkGjfgnHIW7qEX4a1hPa6w5/p8WeNS4onEZVkPjtk6ah/NvnnKsv4Cv7ns68rWyPqz+vX8Wfza41LtG34nad+x2g/XfV7zZXQnsv7M+Ypbf9a4jHiy3M/Ttl8o92Je9v3P5nw58fM127iDL892FwRBEARBEARBEARBEARBEARBOMGJ1ABWxH6YSkJfRRcq7MJjVkWiSih81Q7G2n9hMwBO41dg7V04C5twPvUALPhgpmXPrZlrkvNgYhy38zu4D/xH3J+vyrx2fgeOvpU57wJ7PHuLPkziqs2wsAnn4/8b54KvZOzt+bWitDQUg9niCgcLv1nwalNIaqOLXZFYUQPJuTD6Bgy9bFEAG2M5/hYTz7eDU4BTcwVOWXWghGTRxTg1q2F8FHf3v+iKVbPzpm3XOG7OtReXqvjE95vP+jDtu/rH6V9/iqLVEpeqoI0oSI25jLOvH4+3H8yXuf4sfvOPK8d8vQ37/vGc+4U7yflSDeazX2j2lfVnjrXqL1tcs4w79IfZ7oIgCIIgCIIgCIIgCIIgCIIgCCc4kRrA0Zqe3mvm5W3WAMZIuqj2fb8eL3fi/uwinD97AOecK+CcKzLH33gF9/6rcU4+C+djt8Np58YGF9h69SncR77DxI8bSVx5B6SaSKx7IHPuzSEm/rkJBno95aDez7AGsBKXGobWXonHjCsQODrBRU7w2fv0niqcxv9M4tx/D46D+8pTuPt/FxUpWkSL7nObcReej1O+GOe8z+I8+NcAFNRdhTP/dNx9j+C+0hteHheXZtufQH/ijfVAKBQNO6L30cW3b/iztneChROOm74upqYGMNH5Ima+tPZhwNG4FH+K/cBAJC4jHmXI1X5GawAb8Wntw/mKu6+cyDjoit+s9iP9zLFfqP7y2S+ip7PsF3H29W5GawBb5ut44s3h2e6BIAiCIAiCIAiCIAiCIAiCIAgnOEk9IeZ6H5VXVRXoq+a0DB7hOS8B5XoNXFdJIKrN8PNhrpf4Mf15vPoU7l0fxjljObwnBYd24+5th1PfR2LVP8HcU3B/3wGDu2D0dc0PLjCnGE47F2fRSpwr/gn3nrUc/cnFJN53JZxSjTvUB/3bcQd3x8RlxKO+Wttb4vE7EygbQ+mhU381BfVXW6bFxX15GxP/9u3I+Knm1KPukT/hPv0LnKYv49RcAU9vwpl/Os7iD2eS3Nt/CqeeAwWFEcVnJC61H8q8mHFlTaD5CdCIff+zrb1n141Zf5H25nv7fGHGFYxfHvMV64swHmPdq1lTzb435uG6t0Sm+bLb98cvMjQR+xaVtxmLmbBW50lJKGvX2PYLxW+sPzNOW1yT2i9yrL/Avn9IX3/HW+4XwD06NttdEARBEARBEARBEARBEARBEAThBCcZSgO9F18ZaSj6QiWo3l5V7vkKu8wJXVnooyv3bEpZz88ZDTgNfwmLLoO5p4TXjwzCm69ljj26MVPjV8WW1bnoBpyLbiBxxa0w92QoqQhDGBnE3fMA7NmM+8KDmjJQV6yGSkI1flN56Ginw7hCBa0TXvSnA7hHXtf7+nof7p4Hmei+I3Rg5ktthxyYeOx/4Sy+DKdyGYm6dTjvqYTiU3GfuQ/36XtJfOibqLVXHU9hqitBDbvmfMUodAblursAACAASURBVM2EeDiOxvgF60Nvr68/ZfwMBa25DtVEqjZfrhKfGleMfVPJGq8oja4PZYAwJNSG0jdeIR5eoPuNKtDNCTLi0rqj2tfXYWSezPlyLPOl+jPsm3FF2vvdnK79InCg+40qjM0OcVzhFBTOdhcEQRAEQRAEQRAEQRAEQRAEQTjBCR8BPQnlZ9heVSTaFXx2+4ofi/3Ehd+AD37T3uPi8sy/kUEmHtuIVeFp+HU7N+I0/Ec4dYnVnrPsGlh2DXRuxH1kY1Sx6jgRUWhsXHEKSf9VUQBP7P0NE7/6op7YxDJ+NsdmYtIFRg8zsfMeCsrfRyL9CXAKcA+/ytFtt2f8usqlSh1VLWmZVVGZQ6EbXKuMW2R9xMSQz/rQ+uz5say/QOE5WfuRdW9eptrPojDWXej+iN5XWiMlLmLiirdvHs+h6Lfaz6IwztO+ptC1xDWl+4W3Lu3tLXFFOnacMbdktnsgCIIgCIIgCIIgCIIgCIIgCMIJTqQGcFBDFFOpSCggDNqjJA+9pFHWGsDRRGfE/tkfDZK/7kNfgj2/gpHBsMcLm3A+9QC8tjtQeOoKRjU8RfH4h12QasK9exVu36Nhk7mn4Cz/TzhNN2T+7W2H/u4gLlvNUF1x6o+D4S+2BqsTjJUTfCZQPsbWYNVQJwIoSOIUleDi4Hb9I+77Popz9qUwcRR3589h3yMZP4oY1vc7fTWATfvGOII+X/76CBKqhj+/mW39KR3Prwawzb49rrgawMF6z7cGMMZ6iLVPjP3ofRVZf5pCOm79qe0VA/nUAI7001YDWI9rUvuFYj6v/UKNR7sPQ2LXn3W/mH2c0tNmuwuCIAiCIAiCIAiCIAiCIAiCIJzgJPWEZo6ani6RBEuAkoCKrwFstx8oIV1wzr480/Kx7+Lu/GfDvpr39PqWTZEZUzPUVbM+Rw5lFMKH9pJYcxtOwwYmfn2td9KiIFSUhG7oLUYBmb0GsIur90Wzb8SjjbWrH03Og6LS4PjEE7eSKFsEY0eY2HlP6MMNeoMbWwM4y3yp8ajzYsPSJFsN1mxKXKsT1/beMl9BxjRsaiqYo4rSOPtmVzx/+dYAjlOsxtpXzLno95VtvrLVAI6Ly4xHXX9mDWBXT9TG7xdx9o1zOWsA5/skghj7xlu70tlyf80iTvl7Z7sLgiAIgiAIgiAIgiAIgiAIgiCc4CT1mrXE1tw0lYU+U17TM3VJpsHTP8NxnIh9VSGp+cP0q7vXFJCOmij2Xg90Zc6nLjb8hjVsrfaNxHTOGsD6WYgoVo2OB4Grg2hJWXlxOa6Lu3szR3dtDk958fg2Hc++ViPXHDBrXDlqyjqW9aAlDNX1oZhRx83/7I+Quf4Cv56ZWPv2BaDbN/0q/gy/oX0jrmOsAWza94naN/1mmS/VnzlfEb+GPwz7kbiswznz+wX6fpHTvp//N+fLvJ+PExJVlsfUC4IgCIIgCIIgCIIgCIIgCIIgTIJIDWA9zZZL0ZppOZU1PTm5OnPmTy9HLnVxdAUwRBSeufwGqldTITn0UqZBaSpQzMYqIbP40BNOFoWkcoHf/3gFsz0Ga6x+XKDUyjXaumpTtS9OpI31vaOvg7gawP4hu3Ja8RfnK+jVdK8/M4GcXfGcVUGa1/rLT1Gtrnc1LqtiNWtcx1YDOB/7ee8X3rrJe75Ugxan+SiqI+NnKqaz7RezTMFZ5852FwRBEARBEARBEARBEARBEARBOMGJ1ACO1vT0FXeEgrugPYqCzvE+ZqsBjJF4iSqAgzOG8lDvp3et6k9R/GmNHdOul0g2FKHaVeojgx3Dj2vkp7S4lHhMZbPf7qVHOPqD9wcGHEORaKtVCnD0p1dGxsB96h7Gd/4cNQVn1khVc2sTHd/l6G++qys+p60GsP/RrMHq6OOntQ8TdOG4+evRa2Zbf0rH86sBTHS+sM9XXA3gaFyKP8W+pvR1YuwbQ672M1oDOFuN3nC+IutP737UQD41gCP9zLFfqP7y2S+ip7PsF3H29W5GawBn2y9mn4LF5812F4QTgFf/8Ppsd0EQBEEQBEEQBEEQBEEQhBOY0087eba7IEwzST0hlofCM06hpySg4msA64k5s1apoxh1zcyMmYD21ZMRRaba3l4DOFS/GvYjvh2L/bAGcHQc8qgBnMWvppDMoci0zVO+NXr9KY2NS43HYj8ynrFx2ewb82R0KjNtU1gDOMik6u2zxRWZr5j3pkI8Zw3gSI1eS2SaL7t9rYay1j5LDeC4WMyEtTpPNuV73H6h+M21/kI7lrgmtV/kWH+Bff+Qvv6Os9wviarFOBVnzXY3hBMA+XImCIIgCIIgCIIgCIIgCIIgZCMZSgO9Fy8RZCr6QiWo3n6qawAH7UwFsKn0w9H9YW9vqwGcUQHGxOX5ttUA9pWE1v4YikTH72NMrdIgkeuPGwT2I+OoZgpj7GvjqD7i1si1RmukOuEBS3trDWCLQtdMiKv2tfGLqQGsrz8lPkNBa86XrQZw4NexzFeMfVPJarYPxi+Iy1jvk6wBHLfuTb9RBbo5QUZcWndy1GxW4zHny7HMl+rPsG/Glff6e7s1w2Puq2B9RBTGZoc4biiov2y2uyAIgiAIgiAIgiAIgiAIgiAIwjuASA1g/0N2haTfXlHuxSj47PYVP4b94Iwb6jdDLDWAbQrPLH79a2IVkhCoGHUlZGwI0c9Bx+MU1WE82RSeVh+5FJigKGhNhaQ+T5lkmKsnLbMqKnModINrdfuxCuO498rBiILWb5xl/QUKz8naj6z76PqbiRrARko7Ele8ffP4sdUAjlUY52lfU+ha4prK/cJWAzjEElekY8cPyfPXzHYXBEEQBEEQBEEQBEEQBEEQBEF4B5AI3jko6ju/ZqhXq9RxMke8VwcHx8mc884ErzgOpijSZp8Y+/ypL3MmdbHuL7CPfq1yPFKPFsfwqyo/9XgSqYszDQ4f0OLCido3RJBan8LGyrXqKDneP/+Io7yq8VjtE2/fCe0H46n6M+fLUeJzLP7M+QoUmGSxH40LMy5/HM358v2Z69D3Z8yXFo85X7H2/fc2+9G4An9mXI5lvhzNrD5uSlzW9WeLK2I/el9F1oc5X7nWn7kecq0/y3yF9qNxTXq/IGpfPxOz/iL3lWOxr8yTOV/HAQVLzqfg7LrZ7oYgCIIgCIIgCIIgCIIgCIIgCO8AkvojdHPU9HTJrgg0layRGsB2+4ES0gX6t+O8J4XzZw9k7/nCJpyv/imSm8qV03GueiBrG/fZX+RdA9gfDm38rIrpOIUixnHVvr0G8OQUq7YD6nFbXFnmK1axmj0uN3hV4zIEwFnisjqxqnst82U8EtumYI4qSuPsm11xrAru2BrAcYrVbEpl35yLfl/Z5itbDeC4uLKtP8e0j7bO4veLOPvGOZvyPY/1F30SQYx9461d6RyjQJ5hCj909Wx3QRAEQRAEQRAEQRAEQRAEQRCEdwjJiKrVy5aYNTfD2qu2hCRTVwP419fA4f8O7/skzF8wlbFmZ6gPt7+biY5vEVcDGMCsleuowwKGmtGJ1gA2E5L+uHnXuOa4GTWAc85XTA1gtYSuNl9BstL0a4vLyV5T1mrfiM+wH4nL/+yPn7n+Ar9KXFb7RjxW+6ZfxZ/hN7RvxGXKcvOsAWza94nan8R8qf7M+Yr4Nfxh2I/EZR3Omd8vMPaLXPYj694YP7Om8iyQWFhL8qLW2e6GIAiCIAiCIAiCIAiCIAiCIAjvECI1gPU0Wy5Fa6bllNb0BNytfwW//StLe0si0Ex45vAbSQhZ2kcUg6YSMosP3b69Rm8ok3TiFYm6EDI+HtREl1kr1+ybPk9BDWA1rjhfGcNW5ae2ePwXl0hcUcVqrrime/2ZCeTsiuesCtK81l9+impt/anzRY75isR1bDWA87Gf937hrZu850s1aHGaj6I6Mn6mYjrbfjELzFnzpdnugiAIgiAIgiAIgiAIgiAIgiAI7yDCBLChGAyUdoFCl1BwF7RHUdA53kcnorzT26vuowpgh2ztVftOoOgzFX+qfVNpGfjTlJn6Jarf0L4Sl9otrb1q34jLFDgG42KMn2vEE2mvd9aJxKXMV6S9bdyMuAz7ppLTtB+po2r4dYmZL2v7MEEXictvZlt/SsdV+9p6UMcx6IBqP2a+zISkdyIal+JPsW8qv632jSFX+xkZN9eIT2tvWefGfeVExkFfmFntR/qZY79Q/eWzX0RPZ9kv4uzr3ZzcfjHzJOtbSF6wdnY7IQiCIAiCIAiCIAiCIAiCIAjCO4qknhDLQ+EZp9BTElDxNYD1xJxZqzT0Z0HxG6eMdBU/eMpAqxI3UF7a7YfY7Ic1gKPtp78GsK68PLYavf6UxsalxmOxH75mSaD5CVCL4lObJ6NTmWmbwhrAQSZVb58trsh8xbw3FeI5awBHavRaItN82e1rNZS19llqAMfFYias1XmyKd/j9gvFb671F9qxxDWp/SLH+gvs+4f09TfLuV+cgkLmfPrGWe6FIAiCIAiCIAiCIAiCIAiCIAjvNJKhNNB78RJBpqIvVILq7ae6BnDgz8fP0ihmTUWf3sCIx4zLUHyacdlqvGbSU6GSULVvKg9z1gA24rLVYI2Mo5opjLGvjaOlBnDg1pwvU2pstI+rMRyZLyMhHpknzLiwx+WqH431pyYkzfXnm1MVn45lvmLsm0pWs30wfpb1oQyQkvzVD0fWn1n7OrhA9xtVapsTZMSldSdHzWY1Hst9FZkv1Z9h34wr7/U37fuFqTA2O8SsMWf9d0lUnTN7HRAEQRAEQRAEQRAEQRAEQRAE4R1JpAaw/yG7QtJvryj3YhR8dvuKH4v90K95margm84arHo8rpdQjQkh+jnoeJyi2ognRuFp9ZFLgQmKgtZUSFri0hSrlng0vzkUusG1uv1YhXHce+VgREHrN86y/gKF52TtHyfrz0hpR+KKt28ez6Hot9rPojDO076m0LXENaX7hbcu7e0tcUU6NjsUXvYXFDZfPbudEARBEARBEARBEARBEARBEAThHUmkBnBQQxRTqUgoIAzaoyQPvaRR1hrAasInu/34Gql+ci9UeOoKRq2xong044qzr8dlqxmqpec0BabiL58arFqgSlyx9pVxzFFjOL5Gr+Fv2moAm/aNcQR9vvy4MOZrWmoA2+zb44qrARys93xrABMzXxH7xNiP3leR9aEppPNYf6qBfNZfpJ+2GsB6XJPaLxTzee0XajzmfRK4i1l/1v1iZkiet5qia747844FQRAEQRAEQRAEQRAEQRAEQXhXkNQTmjlqerpEEiwBSgIqvgaw3X6ghMxpXz/v249VZMbWGLY4yVdBqCgJ/e5q42f6841ni0v1Z1FkKlnBSSpW4+Lyj9viyjJfajx52dffZqvBmi2unPOlZg1tNWWVR2JnlkUWhbtlncW+9/3lWwM4sO/maV8x56LfV7b5ylYDOC6ubOvPrAHs6ona+P0izr5xLmcN4HyfRBBj33hrVzrr99d0U/CBZuZe9+MZ8ycIgiAIgiAIgiAIgiAIgiAIwruPpF6zFkNZZ6sBbEtIqso6P1mkKwt9ctX0zG0/VO5p/jD96u7NGqxhotj3611O1H6mdYx9tduqP+//I3GZCUlH641Ss9aJNojYt4xnTA1gm3JU82cOmDWuHDVlrfaN+GJqAEeUy/74mesPY75i7ZsLwGY/y/ow/Ib2Y9bfJGsAm/Z9ovYnMV+qP3O+In4Nfxj2I3FZh3Pm9wsmuV9E1n3MfjEDJM9bLclfQRAEQRAEQRAEQRAEQRAEQRCmnUgNYD3NlkvRmmk51TWAQ/v6pVYFn5nwzOo3i0JSaR/xZyohs/jQE072Gr3ac4mzKpgtMRhxaglro0ZvtG/6uAU1gNW44nxlDFuVn9ri8V9cInFFFau54pru9WcmkLMrnrMqSPNdf1nsa6FBJC6rYjVrXMdWAzgf+3nvF966yXu+VIMWp/koqiPjZyqms+0X00ThZX8hj30WBEEQBEEQBEEQBEEQBEEQBGFGiNQAjtb09BV3hIK7oD2Kgs7xPmarAYyReIkqgB2ytVftG7VRFcWfaj9SAzioZeu1MBNBht/QfrZapQQJrtC+EZcpcAzGxRg/S61Svb3eWScSlzJfkfa2cZuuGsD+x5j5srYPE3SRuPxmtvWndDy/GsBE54uY+TITkn6t3Ehcij/Fvqn8tto3hlztZ7QGcLYavZZ1btxXb6sGcKSfOfYL1V8++0X0dJb9Is6+3s3J7RdTj1NQyJz136Ww+erpdSQIgiAIgiAIgiAIgiAIgiAIguCR1BNieSg84xR6SgIqvgawnpgzlbihPwuK3zhlpKv4wVMGWpW4gfLSbj/EZj+sARxtP/01gHXl5bHV6PWnNDYuNR6L/fA1SwLNT4BaFJ/aPBmdykzbFNYADjKpevtscUXmK+a9qRDPWQM4UqPXEpnmy25fq6Gstc9P4a69NxPW6jzZlO9x+4XiN9f6C+1Y4prUfpFj/QX2/UP6+pvm3C/J+hbmfPpGElXnTLMnQRAEQRAEQRAEQRAEQRAEQRCEkGQoDfRevESQqegza+X6r1NdAzis0evhZ2kUs6aiT29gxGPGZSg+IzWAFWWgphgkVBKq9k3lYc4awEZcthqskXFUM4Ux9rVxtNQADtya82VKjY32cTWGI/NlJMQj84QZF/a4XPWjsf7UhKS5/nxzquLTscxXjH1TyWq2D8bPsj6UAVKSv/rhyPoza18HF+h+o0ptc4KMuLTu5KjZrMZjua8i86X6M+ybceW9/qZ9vzAVxmaHmHISC2uZs+ZLJC9YO/XGBSFCL7dc30537PlS1n59A6srZrJLbXz+J300/Pn1XJueQb9TgjeeNZfyg8+voNja5ESOTxAEBrZw4/d76I9tkOLam1tpmMEudf/0Zm7ZOfN+pwR/PJe1cOs1OTbFybQVBOG4of+h27jxwaH4BjN+Tw+w+fs/YxN13PT1lVTOoOcTgsN9dLZvZfP2AQZHM4cK55dRs6Ke1svqqCya3e4JwruBzHe7afpZ3Ps+xeVXc9NlU2RcvqMJgiC8Y4nUAPY/ZFdI+u0V5V6Mgs9uX/FjsR/6NS9TFXzTWYNVj8f1EqoxIUQ/Bx2PU1Qb8cQoPK0+cikwQVHQmgpJS1yaYtUSj+Y3h0I3uFa3H6swjnuvHIwoaP3GWdZfoPCcrP3jZP0ZKe1IXPH2zeM5FP1W+1kUxnna1xS6lrimdL/w1qW9vSWuSMemjoIl51P4oatJXtQ69cYFIRelKVo/tpjSyIkiUtGDQi52b+Xmh6r41mVVs90TQRCmizNr2XCx7R4vpXrGOyMIgnD8U920kuazLCfKUjPel3cV+7u47ZEDlC9bydqlOb7Yv7KV7/ztNvomiqhemqZ5WQWlhwfofupFeju2cOMju1h/41U0lQAM0fvAFrpeX0DLukYmPYuHe9n0qz0MnrWCDRfKGhAEQRAEQTgeidQADmqIYioVCQWEQXuU5KGXNMpaA1hN+GS3H18j1U/uhQpPXcGoNVYUj2Zccfb1uGw1Q7X0nKbAVPzlU4NVC1SJK9a+Mo45agzH1+g1/E1bDWDTvjGOoM+XHxfGfE1LDWCbfXtccTWAg/Webw1gYuYrYp8Y+9H7KrI+NIV0HutPNZDP+ov001YDWI9rUvuFYj6v/UKNx7xPAncx68+6X0yeRNViCuovI3n+GgrOrnt7xgTh7VBURrq+ThQQU0jfgw+wKb2BtWfMdk8EQZgWTl5IY70oHARBEPKl9Jw6GmXbnHle76Nrex+Vp42ydmm2hqN0PbCNvvFSVn9N/w7beAlweA9t7YdIl4Tt+3r30TVwlIZjSQAfGaB7+z76xxez4cLJXiwIgiAIgiDMBEk9oZmjpqdLJMESoCSg4msA2+0HSsic9vXzvv1YRWZsjWGLk3wVhIqS0O+uNn6mP994trhUfxZFppIVnKRiNS4u/7gtrizzpcaTl339bbYarNniyjlfatbQVlNWeSR2ZllkUbhb1lnse99fvjWAA/tunvYVcy76fWWbr2w1gOPiyrb+zBrArp6ojd8v4uwb53LWAM73SQQx9o23dqWzfn/ZcAoKYW4JTulpOOXvJVG1hIKzzqVg8Xk4FbY/gRcE4YSnopTU4BCb/76N1A2tNMyb7Q4JgiAIgiAIQjZepHcXUL6IRtsfMM5fTOsnZ7pPgiAIgiAIwmySdK57AwhTIHGvU8VM+REEQRAEIcSvMbnhrxaz+8db6XxlHJIlpD/8ETZcVkH/Q/dzW8dBBkehsLSK1v94Fc3+L4+COkNXcV3549zyy330DUNhSRmNV65m3fIKCrM5nzhE1y83s8mvRZZMklq6nHWtTVTPA15q54Yf9jK49FL+/i9W6LYOtHPD/9fLyPmr+MGnagEY3PEAtz2wh72HxiGRpDJ9ARvWNZJKKtcd2Ud722/Z/MwhRsahsLSC5k+uoTXXo/MAKhu5ftVubvhJH3e09VJzTdpeD9hnfIDujq1sfvQgfYfHASheuIh113yCxjJzDD/Beh7nln87yNA4FJ6xiPWf+wSN9HDHT7fStX+csUSSygta+MYnazW/I/s6ueO+7fTuH2cMKF2UZv36FtLzc4ckCMJkCWtMfuPPYPPPeugdAopKaWr9BOuXQVfbfdzV7e0xZ9Ry7RdXkfb/YCSoF/4FWl5R9teyKlZ/ahWrz8mxFxl7GEUlVC+/gA0fr6M8ASNP3M2X7jlIeXMrG6/QdVtj2+/mL+86SOrKz/KtS8qie3BRKQ1XtLDhwpS2307pHnOoh7vuepzOfcOMJZKULzmXDR8+BjuCIJw4vM3vOkE99P+2gv47/5XNzw8zRmb/WP/pldTk2IvMPaywrIKmVatZV18GDNN56z9wx+4SWr7yBVoXqFeO0vXPP+K2Z8povfGztIzOwHe2YKxaua5sGz/8xT76/f15zSquvaAK6OWW69vp9i7pf/BnfP5BoCKu9nEJpfOBwX10vULWp9jodZ37uOX6mwFo+PPruTYNQ/u72HzfDrr2Dwf/DUo3f4QNly2i2P/v44B3+c52Pn99O+DVsvf++1dp1ie1HT+yj813/ivtL2T8FJaUUHP+paxbVUt5IttsC8IJRl73fMjYYA9tP3+czpeGGZvI1PFOf6iJdU22sk/+Pendg7mOT+I7Wl4/dwuCIAjHNQXf/va3vz3bnRAEQRDePq8MvD6p9vPmFOA4TvAPyPoe9T3hw8Uj7ZTXXMfM9/l8znU8jsm2Lyw8EX7rMMC29r30zzuNhrpyCt8aZVT9N+4wd07mp7P+nb9j26tvsrunD2oa+OQFZYy89DLPPruHPS8+x4O7Jjjvsgs579Qh9r4wQPfOQZZc+j7KHWB4Hx2PvsLY0YM8vGOURU3L+ejSEv74+/3s3P4UvclzuPRs73lyA8/yq54hKusu5LzTgYmDbP6fP+OuZ4cpXZzmo5cvYUnBn+jd8QIdXa+w6MJaTj/1FCZ29fDsC4cpvqCe6rlhhL3/8ms6DpzM2s9dRvVc6N9yG3/9i5d5Y/57WbNqBY0Lx9jb1cvmZ8Y474NnMR9gdBe3ffd+2g9MkGpcwScvfS/zB15iy2+fYuC9y2ioiPuJ1RvPM6r5ZMuFvPe1nXTueJ5ns8UH9D3wM27+7euUnlVLy+Vpzqs6yu97XqJzuxdfMhzDof4X6XztPbRcvoL0SYfY/dwrbHtuL3seeZr+BR9g7SVnUPDqQfY8t4c9JTU0pTLZpLFn7uXr//g0fe7JXPrRC/lwzVwGnnmGBx9VfAiCkBvvXnyjvJJLz5mv75lvjTI6kWRuYQIYZs+jT7H78B/p3v4Gp198HquXFtD/3Cs827OPPft20PFqGR+9PE1NwWs8++JBuvZNcOn5KeZCsFcUDr1Ie1+SC5vPp2nRUfp3vcy2J57R9qLM/lzKeR9ZmvmF/pFebtn4a7YcmCBVl2bNyjM5fXiAbT3PseXZzF5XVpnkj5172P3yGIv+3fs4PfhP3CG2/J9HeHZsMevX13G6M8Dmv70jswefW8cnLzuHRRMDdHZ0s1PZ2455j/HH84xq1izzNsUjvdzyN//G7wYSvHd5mrUfWsj8gy9w19ZXGBs7ypjaVhCE4543Xuym44VRyhcvpaZ0NLJvThTMJbNtvr3vOpm9sIA/7nuK3yeX0PKRJSzhj/Q+8xKdT6p7kbc/cwbNTWczHxjpbeOGf3qWPvdkzvvQcj66tJQ3Xt7Htsd7vL3uFFIlg2zpfoW+o6fw0XNPCwMcepzb/+8Bxs5v5ovLT5uZ72yej5FDL9G+a5yGyzLtBn//Mrt79vDHRedTd+pcyipOoeY9Q3T3HaE03cjVLTU0nHsW1eXzKYjMVCll48/SsWeIPY8/ybaX/sTY/HlUnjSfQmMPn1syj8qzy+ClA/SPltH8mQv58AfOJn3WGZQ52/injY/Q7ZxC3cX1fPSCSkoHD9LV/bT3nbiU+eXzqa46yt7nhxg9s5YNH1tGwwfOZknlKcz1/vs3/5xlNFeXhE4jx/to+39/weYDieD7etnwIbZ1P83ekqU0peYiCCcqmf1sLjVNDSwpIc973rv4pXb++m8f59nDxSy9pI41Te+l7I0/0PXoXibSK1hakLFFcC95e+Kw8l0S7Mcn8R0tr5+7BUEQpoHxsYnZ7sI7Cvl1oSAIgiCc6Az2cvO3e6PHIwqBUapXfYHrzs/8Mqbx5Df50q172PtiCetvuoqmeQB1lA/fzC07++jdDzVnKm5emqu0g8bzFnLLxna6H9xCV9NVNBZFuzC2YyubDkD5Ja3cdKWnUqtvpPmcu/nSPfu466E+Nl6RovniKtruOkjnEwO0+KqA0W10bBuHpWmaSzOf2x4cgoo6vvW1lVQmMv1tWng/X7q1h/bnL2X9Euh7aCtdw0kaPvNZrq33Yq1/P+X/83baOp6kdWmT5S+nTYpIf/oTrH3lbjY9r5D0mwAAIABJREFUeD+bl25gdYySIrXyKv7m8lJKg29VdaSLbuer9+2j6wVIK/XaRoqW8I2vtVCdAC5IQf/ttO0fYPCSVjZ649N0Ntz4/R727nqRsaYyCulj06Z9jMxLseHrrTR689S47D1856YuNj85RLopD2WzIAghz3Ty1Wc6o8eXtXDrNUqRyyNJmq7bQKu3F9ZwO1+97xC7D6X5xg3+vbwIvv8zNu3bT+8oNCl7Yd/QgrAddTSlt/Cdm3vo2rSVlqUt1pqLfVsepXsY0p/6bLBfU99Ew33/wPce3kbb9gu4bnktzRdspbNjD53PQNrv8oFtdOyH8uY60gkY276FTQeg8rKruOlyT11S30jqnh/ww47H2b1yDTVTvMfsfWBrlv6P5m1HEITji9622/hqW/S4rxr1ObbvOj6HGFoYtqO+kYaHbuPGB8PvjFH62Hx/HyOJKtZ/Xfme2lRD28Y22v3vqTV1NJXtoX3b03S31tLg/a1n3yNP00cJLU21mtWZ+M42dORUNvyV0u6UYT7/kz56d/XBkhTV9XVUJ/dwW+chihcsobG+gmxUrvxzNp58f0ZduLuXtt29tOGpoVdeyurzU5QmMk+taDxjgMH2Lro5iZr6OkU1uIL1f72Y0tKwn43LTmXsxgfo3LmLwZWXUllTR2XZa2z+dR9DJy+ksf4YikMP7KH3EBQ3reYbH1+U8VPfROvhAQbnyPda4Z1Jrnse+mi7s5fBiVJWXx/W8m6sb2Lt0BBjpcBAvP1c5P0dLc+fuwVBEITjH0kAC4IgCMKJTmmK1o9ZHgc1r4JyvSHVZyt/iV9WQikwsrQ2+GUZQGVlKewcYvBPhj2jHfPStCzfSvfDB+l9ARqXEqH3mYNACY2N+i/silfU0nDPQbqf38cgKcrrL6LlwTban+ih77JMUmSoq5feiSRNF3qPhX6hj94JKK9JUTw8hP/gOhacTjV72PvSACxJ0vv8MFBF+pxxhg77rQpILSqBh/vZC8ovubKQqGL1ujq6b+5h04/bqbmhhWpbu3mlytiPM3J4GOZkVAuRP1xctNBLBAGUUV4G7DfGp6KCSqD/0BCDQOXgPnYfApamqBkfYuiw37/TqSmH9hf7oOkYfvEmCO9mzqxlw8VV0eNlRnIhUaH9IUzpKScBhyhffq5yL1dQWQkMDDM0BCi/n9fbAWc00bykhzt299E7CCl9kwYG6H1mGEjRuKJEO1PduJjyh3vofe5FWF5LauUK0lu30v3kNsbSmX2yt3MXg5TRenEmjt3PZfbg9Dklyn4IqTMr4IkB9g5ATWIq95gBdr8wmrX/g3laEgTh+KK6aSXNZ0WPl5s52WP5rhOciH5nrLykjvSDW+n1vzOaHfASiaSN76mJFE3LS2h/yP+emmL1ZVW039NH545RGpYXwcQuOh4fhoWNtCww7M7Ed7b3n+slgjxOL6OSPvqHhjg2kpQv/wQ3LR9nZHA/e5/dQ0f3LnbvH6CjrY2Ox+q46ct+MiceNfnL6DBDbyUpLgHGMo+0nhLKU1SX9NC5o5O2c4pYvaSK4iJgvvnziyC8g8h1z/t7SE1d5I+PC0tLs5ddyskkvqPl9XN39j9IEQRBEI4PJAEsCIIgCCc6RWWk6+sstcBMSqm0/UYlEX2InI3yirLIseLiucBoNNEJwDhjowBJIk/U9n36v0hKpGi5uIz2+3bRsbuF9TV9tD9yCMrSNNd4Td/M/FXy4MP389WHLe76XwVKGTkCcJA7vn2bpVGS/gG0BE1WzljJ9esOccOdvfzwzko21kebjA32cNednXQdiBuHkMrTTrUctYyPypFRRiBesZgYoB/ymH9BEALyVSyVl1p/EV1YkN+PUZWnmZtNUeYX3ADW/eLNTL1FsOybZH7xN+41mLeC5hWP0vtELx1DK2iZazw1gXFGhgGGab/lNtot3vpeBU6eyj0mj/4LgnBCUnpOHY15bJvH9F0n9BL9rlpUlNk74pKPo0e975KW77PeXu1/PyteUUfT/QfpfORJhpY3Ubyjh84jkL74vMgfUs7Edza7j6kgSXH5ItKXLCJ9SQuM9rHp79rYfKCHth1NXLfc8tgen4khdm95gLseOUj/sHFuKvM9icWs//JK+PFW2n9yN+1AYUkZ6Q97dU5PhGo8gjBJct7z/h7i73tTSv7f0fL7uVsSwIIgCCcCkgAWBEEQBCEvBgcOgfHA0pGRNwHLD5EAJCksAhiPJkYnjmZeC5PBD5uljWnSv9pK52PbaOUgnYcgve7SwGOhV8+4NN1I67KTou7KUsAoxUmAMpo/U29R7BaRmuRT5YrrV7G+93Zu2fkb7pgwk+D7aPvhFjqPFFF9QSPNZ3v9+v0Obus8NDlHcRQVZMYoTrEYUXoLgnC80P+HAUC9b0cZ8Z+wZ90353p7mJewUNtMkElyJMMf4dJNtZQ/0UvHI300vqeX3okSWj7iPTUh2IOLaLiiiYaTo97KU8DoVO4xefRfEAQhliH6BwFV+TY6mtk7lO+MGv73JP+7pcrRTLYj+J6a8B+f/zTtB95P6SMHoSzN2mwJ0clwvH5nK0qxtjnF5jv7GDxkPKrCYOjx+7n5wQEKK1KsXbWY8iKAN+j+VRfdb6cP45ZjZXWs/1od68eHGXr1IF1bt9B23/30/ak15nHfgvAOx99DvH3v7SWBzZ/B8/+Olt/P3YIgCMKJgCSABUEQBEHIj2d20XmkLny83sQeOrePQqKK9Dn2S9JLq2DnQbq6+lh7ZfiD4si2XXQD5UsWhb8IK/LVbD3c/PoQI/MW01yv/EJuySLSiT5634Ca+jpdqTE+zpiXFEkvLWHTwDBjJXU0GrWJxsahcNLffkpo+MwnWN1/N5t7zaJLbzA0DFTUsv6TTYGiY2/f45N1Ek/FYtJlPfQPjlO6rI4a7Yf1ccaI+YWoIAizzuD2p9nbUhU+RnToSTqfB8pSpK1ZgApvD+uja9swjeeHj+jb27WHQSD9vrPD5gtW0Lywl7bH2/nhvKHIY0z9PXioMEVjvf4HLGPj495+OJV7TNj/jscO0dgU+vT7LwiCEM9w5Dvj0JO99GJ8Z1TxvydFvqf20bl9OPI9NXXxuaQ6uui8516KD0DqyhXWeuzHxHR8Z/OUzSNvmHJck1G67tsMF62hsdz8sjtM186DQJLqM/3kb9LLLr2ZeXqON24jw5m/UkqvamW1r/g+so2uuwA1T57wYhkeYQQo9o+fVkY5ffRrCkHfv8oQg4MllJcnIVlC6YLFtKx7k73b2+nuH2CMlHy/Fd59+HvI7h42v7IiqAEMMDY0xFhpaXivhRdRfjowMKQ/6eqVXXQP6u3y/o6W58/dgiAIwvGP7NiCIAiCcKIzeojeHT30RU4UkXp/LZVTJGoorRxm0/dvZ/dF7ydd9Bodv9nF3mFIXX4pjTE+CusvZe3Wu9n0cBs3DqRpWlHK2K5n6dhxCEoWse4y/Vduvpqt7wCUN9eRVn9xVrSC1pYeeh/s4obv76f5g7Wk5r9B3859dO0aIv25L7J+CaRWXkTDE+103voj+utraao9FQYP0t2zh93zlrPxi03Resm5SFSxdn0dvTf30Kf9JfUCahZB974ebvkptKSL6N+2m679NpnDsZJi9ZoUnT/Zw8033U7jRe8nXQ6DL75I1/aDFK/6LN9oij6eWxCELLy+n64dFrUYpdTUL5r8HhFD5bw+bv4fd9P8wVoqR/fQ/m999E8U0bDmotiEg7+HdbfdzvdeqKWpNrOvdOwehgUraNWUamU0X1xF210H6TsC6cv1x5gGe/Avb+fGXWmaVlRQeniA7qdepHegiuu+vYaaxNTuMUH/f3k7N75YF+yLHfvHKYbMow0FQTjhGHqhhy6rinMRjWdO1a5ZSvHeX3LjrbWZ74y9vWzeOQQlKVpXxu6a3h7Wxx3B99Qhun7XS+8hSK1aqX9PLT2PlqVd3PbMECOJKjY0TuV3qGn4zlabpqlkH52PbebmwvNoWlBh/+/UcC9dj+2j9+EfcNfCKtLnLCS94CTGBg/S3b2L3gEoXtZCa/DHkWU0nV/Gpl8OcNcP72Wk5WwqK2tJn1lBMUN0/+J27vpjPanRF+n83UH6ze/65WmaFm3jrhc6+d49Y6xecmrm544zFtNQ1kP7zq3c/OsRmhbA4M4dbH7GWDy7t/KdW/dQuChF4wcWk5r/Bnsf6aEbqDxLkr/Cu5VwP9v8t7fRd3ENjQugb9tuOnaP0/yVL9BquTka0lXQe5BNP76XwsvPpvTwQdr/bRf9CbSSI3l/R8vz525BEATh+EcSwIIgCIJwojPUR9ud0fQvlLL267WsnqLyPMXpVVxX/jg/bOukazRTp6vhkyvZcKHlEXc+iSpWf/mzlP9yM5u299K2G0gmSaUbuba1iWrzl0kLzqWxvJfNg2U0Xxz9RV/lZRvYWNXOXb/eRcd9BzOPxppfRnr1R1jrqzvmpbn2hlPpvP9f2bSzhzu2Z3xWLlzM+k9fcOyJnTNWcn3rAF+6R1UwlNH8uU8wcue/srm3hzt6k5QvWc71H+/nRuucHBvF6VY2fqWLtrYn6WrvpGsCCktKSC1fyYYLJPkrCJPmpV3c9tIuy4kU19YvomGK3FRedhXrX7mfWzZvYWgcCssqaFm7htalJfEXzUtz7Q0n0d72Wzb7e1hRCdUXrmTDx+siCrjC+loa7jpIt/nUBAj24NQD/0rbE94enEhSuqCKtddcGqjTpnSPmZfm2q/NZfPPtyj74rlc/1m440c9kgAWhBOUvZ1b2Gspa8uyFhqvyaM4cF6UsvralfTf+a9sunOYsUSS8kVp1q1vIT0v/qridCsbv9jJHfdtp/vBTrrI7LfNn1nNunpzDyuisT7Fbc/0UbyiLvaPGI+VKf/OlljM+r+8lJGfP0pvRye74/47VbKC6/57iu6OTtq7D9K99SBdfu3jigqa132E1uUVWmK1tOnPuO71e7nrsX203bmPysurSF+2hm995l5u+eU+Ou7bQmFJGU3rVpO+7142aQ7LaP7cKgZ/vJWObV3c9oT/c0eK1mtXMvLTrXR1dLI7kaQyfQHf+HTf/8/e3cdFVef9H3/NMDAwiCOIICB4i4JKKt5GpGsWtllmN+yW15Zta+26N9Vv9dptr73yd2399mrbS/eqHu26lbultZaLtaZpSZGppFGIGqZ4i6KIIqKI3AwMM78/EAQFBQXmxvfz8eDBzJnvOedzRvycM/M53++X55Y1uTYePIk5d9tI++wY6R/UL/cNDCHx7mnMmqi5ReX61TSf5a7PIpfzn3fvnkRKBLQ0nIrv6Ok8XbqKxevr/y/7WsOY/P3pJHy4ijVNB7BqxzVamz53i4iI2zM4nU6nq4MQEZFrt31nfrvaB3fzw2AwNP4Al31M08eAgVbaNfl9pWUXP27L8ystb0172wdYdI9Uo+IM5r+wHW5/iGdv6+QvZMoyee7ZLErG3cFL34/v3H2JiHSW3DQee7OAxEfmMqej6iKtyVvFk6/vI/TuH/LMRN0QIiKeKWfpQhbtiGHOwtQOuwmnNbnLX+Llr7qTOv+HpHRU52URERERuWZVlR05op4Yr9xEREREpGvkfryVAgJJTlbxV0TkykpJ/3gflcZIUjp0GFMRES9VlsnKr+wwLIHJKv6KiIiIiBdTAVhERETcQ1U267PtED2clChXByMi4gEOZ7P+CJ0yjKmIiDc68PlOCjCRnDRG88yKiIiIiFfz+CGgs3fs5aOMLI6fPE1NTW3jcrOfLxG9ezL6hsHcPnmsCyMUEekaGgL68jQEtIiIiIiIiIiIiIh70hDQHcujv91e93k2K1ZvaPE1W00thwqOc6jgOKEhVsaMGNzF0YmIiIiIiIiIiIiIiIiIdC2PLQAfPnqiWfF34oQbsHYPbHx+6vRZNn/9LQCvLl1NxLxZREWEdnmcIiIiIiIiIiIiIiIiIiJdxWMLwMeLSxsf/9u9U/jOTSMvadM/ujf/eD8DgENHj6sALCIiIiIiIiIiIiIiIiJezejqAK7WiZOnAegZ0p3RI4a02Gb0iCEEWvwBOFV6tstiExERERERERERERERERFxBY/tAZw0dhinTp9l0o0jCOoW0GKboG4BzP1JKp9uyiFp7LAujlBEREREREREREREREREpGsZnE6n09VBiIjItdu+M79d7YO7+WEwGBp/gMs+puljwEAr7Zr8vtKyix+35fmVlremve0DLB57j5SIiIiIiIiIiIiIR6mqtLs6BK/isUNAi4iIiIiIiIiIiIiIiIhIc27fvenosZPkFxRRVFzK8eLT1NTUXvM2/fx8iY7qRVhoD6Ijw4iJCuuASEVEREREREREREREREREXMutC8A5uftYsnwdlVW2Dt927u6DQH0xeOp3xjB9alKH76MlVdU1vLz4ffbnFzJn1nQSb4jtkv2KiIiIiIiIiIiIiIiIiPdz2wLwX974gG079zdb1ieyF4EB/te87WpbDYePngCgpqaW1elbOHi4iKcev++aty0iIiIiIiIiIiIiIiIi4ipuWQD+5wefNxZ/zX6+PHjvFIYN7ksPa7cO20dZeQVf5eTx/tpN2O11fLvnEFk5uxmfGN9h+xARERERERERERERERER6UpGVwdwsV17D/PJxq0AdAsM4JXnn+CmscM6tPgLYA0K5LZJo1n0wlP0DOkOwOJ/rOXg4aIO3Y+IiIiIiIiIiIiIiIiISFdxux7AO7490Pj4njuSu2Sfs743lT/9NQ2ALdm7GNA3okv22xZOJ+TtL+D9NZsoKDyB0wm9evbg7tuTGDsyDoPhQtszZef4ZONWtu7YS+mZcpxOJz2s3fjuLeP4TtJIjEYDmVm5LE37hCEDo/nFj2bg5+fbbH+bv/6WN5evY3xiHI98/3Z8fIycOn2WDz76gq25+6ipqaVbYAATRg/l7tuT8Df7dfE7IiIi7WWvq6PGZqfGbsdur8PhcOJ0Ol0dloh4AIPBgNFowGTywc9kws9swuTj4+qwOpVypohcC+VN5U0RaR/lTeVNEWmf6zFvytVxuwLwiZOnAYjsHcrECTd0yT7jY2MI7xXMiZOnKTpxqkv22VZfb8/jjXc/xmg0MnRwPwL8/dhz4AiL/7GWktIy7pgyHoCqaht/eXMVh48eJ7xXMONGxVFTU0ve/gLeXbkep9PJlJsTSYgfQFhoD/ILijh89ASxA/o07qumppYt2bvw8zUxccIN+PgYOXmqjBdfW0FJaRl9InoRFRFKQWExGZtyOFJYzM8enUGAv4rAIiLuyGarpbLaht3uwN/si7/ZD1OgDz5GA4amdxCJiLTC6XRS53Bit9dRW2vn9JkKTCYjFn8zZrPvlTfgQZQzRaQjKG8qb4pI+yhvKm+KSPtcT3lTro3bFYCPHCsGuKpeuG+lfcLGL78hedxwZn1/arvW7RfdmxMnT3PseEm799tZjhw7ybsr19OjezeefOxeeoeFAFBZZePPf1/J51/sYMyIIYSF9iDA38zMe28hNMRKt8CAC9soLOZPr65g89ffMmH0UKzdAxmVEMvHn33FluxdDOrfp7EX8eGjJ8gvKKJ/TAR9+4RTU1PLP977lFOnzzLre1O5ccwwDIb6XslrPv2S1elb2Ja7j6Sxw1zx9oiISCvq6hyUn6vC4XBgsZg1WoOIXDWDwYDJx4DJx4i/2ZegbgFU22qoqKymqrqGoG4B+Pi43awy7aKcKSIdSXlTRKR9lDdFRNrnesib0jHc7q/gbHklAMEXzfn7xdc7eWzuQt5K+6TVdbN37Kn//c3edu83LLQHAOUVVe1et7PsPXCE8nOVjEoY1Fj8BbAEmPlO0gjOnD3XrGDdL7p3s+IvQFA3C35+vpyrrKa21g7AuJFD6BYYwN6DRzlbXgHUF3W3ZO+iptbOjWOG4ufny8lTZRQUniCqdygjhg1sLBQbDJA0ZijWoEB27zvcye+CiIi0R7WtllOny/H1NRESHKQPliLS4fzNfoQEB+Hra+LU6XKqbbWuDumqKWeKSFdQ3hQRaR/lTRGR9vGmvCkdx+16ALdmW+5+ADZ++Q333XkzlgD/S9pEhPfkwKFjRIb3vOL2vvh6JzeNHd74vE9kL4ICA0gYOqDjgr5Gh44cB+CTDVv5ZMPWFtscO3GKkcMHAfXDZ6/NyGLPgSOUna3Abq9rbBcS3L3xcZ/IMEYNH0TmVzv5ds8hksYO4+SpM+zMO0RYaA+GDekHwMlTZzhXUU35uSqeeubPLe6/9HQ5NluthhYQEXEDVdU1nKuoooc1ED9fjznFi4iHCrSY8fX1oexsBU5ngMdNC6KcKSJdTXlTRKR9lDdFRNrH0/OmdCyPOfP07RPOjm8PAHDyVBl9+1xaAH76Fw+yZ/8RhgyKvuy2fvv83yguOUNVlY1bJ44GIDEhlsSE2I4P/BrU1TkAiI4Ko09EaIttGordR46d5H9fXUH5uUosAWbiBsUQ1C2Amho7O/Pym61jMMCNY4by1bY8tmTvYsyIwWzfuZ/TZeVMn5qEtXsgAA6HE6fTSVA3C/GxMS0OGxAeGozRqDkqRERcrdpWy7mKKoKt3TCZfFwdjohcJ/x8TQRbu3G67BwGgwF/D7kpUDlTRFxFeVNEpH2UN0VE2sdT86Z0PI8pAPfuFdz4+PMvtrc6x++Vir8AxSVngPq5dN1Zn8hefL19D/2je/NQ6m2XbXv46AnKz1WSEN+fn/7wbkw+9RcWpafPcvBw0SXt+/YJp39MBPkFRezae5ivt+cRbA1ifGJ8Y5ueId2xBPgTaPHngRmTCepm6dgDFBGRDlFX5+BseSU9rIH6YCkiXc5k8sHaPZAzZRX4moLcfq4h5UwRcTXlTRGR9lHeFBFpH0/Lm9I5PKYAPCohluioMI4UFpP51U7GjBzSOFTx5ezZfwSoLwwfOXaSf63NbHxtbUYWfn6+3D55bGPbvtHhbjMXQ0L8AD7dmENO7j6Sxg5jYL/Ixtdqamo5WHCc2P5R+PgY6Wbxx2Bo3hPX6YTN2bs4c/YcwT2Cmr3m5+fLjWOGsufAEf7xfgbl5ypJGjOMXj17NLaJCAuhf0xvdu09zIYt3zDt1gmN8wA7nfVDVPcM7k73IBWGRURcqfxcFYEWfw0pJSIu4+drItDiT/m5+iHu3Jlypoi4A+VNEXElh8OB3V6Hvc6Bw+HA6XTidHbOvgwGMBgMGI1GTD5GTCYfjMb2FyKUN0XElZQ3xRN5zFnIZPLhJw/fxW+f/xsAL772HsOG9GNA3wiGDLzQ6ze8VzA9rN2A+nmD//LmBwBMGD2UL7fuarbNujoH7324kU83bGVA3wi27dxP3z7h/Of/+UGXHNNbKz5h+QfrW3ztodTbGDakP7dPHsu/Psrkj39+lwF9I+nV00r5uSr2HjyKyceHX/7k/vrevH0j6B0WTO7ufJ5duJR+0b0pKCzm3LmqVi82hg3pR1hoD06cPI35fEG4aQ3Zz8+XGd9NpujEKT74+As2f72TAX0jcTgc7Msv5EzZOe65I5k7pozvjLdHRETawGarxeFwEGgxuzoUEbnOBVrMlJ6uwWarxeymQ0wpZ4qIO1HeFJGuZrfXUVNjx15X12X7dDrB6XTicNRht9eBrRaTjw9+fqZ2945V3hSRrqa8KZ7MYwrAAGGhPXjmlw/xwivvUlNTy7d7DvHtnkOsZktjm8jeofzu32cBUFNb27i8afH3/rsmERnek/yCIlanb6GsvIJtO/cD0KuntYuOBs5VVLX6Wk2NHYMBbps0hgF9I/jwky/Zl1/I/vxC/Px8ie0fxZ23TSAmKhwAa1AgTz52H8tXric3L58TJ08TH9uXmfdO4W/LPmpxH9bugYxKiOXjz76if0wEffuEX9KmX3Q4v3liJmszssj5Zh9ZObsxGg2E9wpmesptzYaMFhGRrldZbcOiD5Yi4iYsFjOV1Ta3/WCpnCki7kZ5U0S6gsPhpNpWU19IcAP2ujrsVXWYTD74m/0wGg1XXuk85U0R6QrKm+INDE5nZ3VUvzqPzV0IwF0pNzJ9alKLbSorq1mSls7+/ELOllc2e61pARgge8deXl26uvH56wvnNmu/YvUG1n2efcV9ioi4u+0789vVPribHwaDofEHuOxjmj4GDLTSrsnvKy27+HFbnl9peWva2z7A4v73SNnr6jh9poJePbu7OhQRkUYnT50luEcgJh/3mu9MOVNE3JXypoh0plp7HdXVtk4bqvRaGQzg72/Gtx292pQ3RaQzKW+6TlWl3dUheBX3/3a7BRaLP3NmTQegpLSMU6VnG18L7xXcrG3TeXPvSrnxkm3df9cktmzdxdnySkqabEdERMTd1djs+OvuPRFxM/5mX2psdkwW9/pgqZwpIu5KeVNEOktNrZ3q6hpXh3FZTidUVdlw+vu1ec5c5U0R6SzKm+JN3K4AbDb7YbPVtPk/WWiIldCQ1odtPn2m/Irb6NG9G2fLKzlXUXnFtiIiIu6ixm7H3+zn6jBERJrx9TVRbavBgnsNfaecKSLuSnlTRDpDfQ829y5iNFVdXYPBYGhTjzblTRHpDMqb4m2Mrg7gYn0iQgE4WFDUIdsb0Dfisq8XnTjF8ZOngUt7D4uIiLgzu71+7g8REXdiMvm4zTxJTSlnioi7Ut4UkY7mcDiprra5Oox2q6624XBcecxV5U0R6WjKm+KN3K4AHBneE4ADh46xe1/BNW/v6d+/3vh4dfoWVqze0Pi86MQp/rr0Q2pqaoH6+YKzd+y95n2KiIh0BYfDiY+xfXMbi4h0Nh+joU0fQLuacqaIuCvlTRHpaNW2Gredu/JynM762K9EeVNEOprypngjtxsCekC/SDZl5QLwr7WZxD8586q39fkX25vNDwyw7vNstmzdRUiP7hSdOIXtfPEX4EzZOV5dupoxC+de9T5FRES6itPpxGDQh0sRcS8GgwGnG35yVs4UEXelvCkiHclur/PoXl6017mSAAAgAElEQVQN8V+uJ63ypoh0JOVN8VZu1wM4edxwRgwbCEB+QRGvLl1NYVHJVW1reHx/ksYOY1TCIP77P2aTeEMsAGfLKzl05Hhj8fc7SSN55IGpDBkYzSMPTO2YAxERERERERERERHpQjU1dleHcM284RhExHN4Q87xhmOQjud2PYABfv7oDB6buxC4MCxz3z7hDOwXSaDF/7LrBvcIIqxnD4YMiiY0xMoPH7i98bU5s6azP7+QF155F4C7Um7kjinjG++MuGns8E46IhEREREREREREZHO43A4sNd5bi+2Bva6OhwOB0aj2/VdEhEvo7wp3swtC8AAry+cy6p1m1mdvgWAw0dPcPjoiTate/+dExkyKLrF1wb1j2r2/HLd4kVEREREREREREQ8gScPYXoxu70OPz8VMkSkcylvijdz2wIwwPSpSYT3CmbX3sMcO37qkjl7W9IzpDsR4T0v2+aulBvZnP0t/aJ7d2S4IiIiIiIiIiIiIi5hr3O4OoQOY69z4OfqIETE6ylvijdz6wIwwPjEeMYnxnfoNqdPTWL61KQO3aaIiIiIiIiIiIiIqzgc3lPI8KZjERH35U25xpuORTqG+oOLiIiIiIiIiIiIeDin0+nqEDqMNx2LiLgvb8o13nQs0jFUABYRERERERERERHxcN703b83HYuIuC9vyjXedCzSMVQAFhERERERERERERERERHxEioAi4iIiIiIiIiIiIiIiIh4CRWARURERERERERERERERES8hMnVAYiIiEjXyVjwK9YVX7ldWMo85t0a1vkBtYmdwi3LWJGeR2GFvdNi2/n2r1h6fCrz5k3BXY5cRERERADslGxNZ/Gn+ygotlMLYDYTExfPtDsmkRjavq+3cpYuZFHRSJ799RQiOiVeEZGrYadk62cs27SXvEIbtQ6uKdd5lOIM5r+wnaJWG8QwZ2EqiV0XEGteeIuVESm8/nBCl+21y9mLyfpgHWt2FFNUUb/INySMxJsnkJoci/Uquw/qPCviHrz4rCEiIiIXmzTnGcY5mizYlcZz7xUz8cc/Y1KTqqfJHNTlsbXGvnMZr/3rAFGTZvLkxL6EuDi24k8XsCC9mOEP/5GHh7dz5aObeSeznFHTphLnPm+xiIiIiBurIGfpGyzKhbhJk5j7o/6EmqGsKJfMj7ez6PndxKXOZO6EEFcHCpSRuzaDrB5jmJ0U4+pgRMSTOI6x/tX3WXYQBk4YyROpCUR0d9dc13YFm98n/UwsqXckYG1D+4TU2cwa1tIrJiwdHNt17/gGnvvfbAoCwki5516eGBSCr62UvG3ZrFmzinnZI3nmiSnEqIIk4rH031dEROQ6YgoMolndMdAEmAgICiLITQuSuTk7qYq7n0enDXeLC5ewiT/jmfF2TAFXsfKZ/WzLKSbsFhWARURERNqk8AvSdtSR+IPZzBkV2LjYGpTMzMHJTPs2g5we7lIQsVGQm09WRCyzk1wdi8g1spew/+udZB2vaFPz7r3juWnsAELc4UObBzqwehXLDvozY+5spvW+sLxZruvmLrmu7Ur255NVZGXaHbSpAOwbaMWqz8qdz7GPJX/JpiB8JM8+NYWIhp6+QVbG39af8RO2s+h/Mlj4z0gWzIzH16XBepBzheRs3c3uUlsbGpsJHxTP+GFRBGmiVukkOiWLiIiIGyumtBjobXGfixa/AIL8XB2EiIiIyPWhLL+QEsKYkRDY4uvWYVOY3MUxiVwPSresY1HG2bavsKOAffYH+OXNwZ0XlLeyZbMms4LQSanNir9NKddJR6rdlk1mhZUZP29S/G0qaCSz7tzNk8u/ZP20eFLaUr0Xdn+yin/saMcKO/Zxwm8O/zak00KS65zbfJcqIiIibqJsIy/9/kO46xmevPmiW29rtvH3+e/A/b/j0THlZCxYwLreD/JM4mH+nvYVhRV2MIcQN+lBHry1L806ydpL2fb+W6zcXkiVHUzBcUx58EGm9Gu5K23DUMv1T5byq18BhDF13jymhEHVoY2krcog72gVdkwE9IljyvRUJjbZXsO8vj+735cNqzLIO2oi6efPcOdlRuSrOpTB39/JIO+0HUwBRI2cwUP3jyKk4UPRzqX8amlxYxwUZ7BgwTrCZj7DuMKlpH1xmPJLjm8nS3+1lJ3nN7Fuwa9YB3DDw/zxB8Oh6jAb31tJxq7z701gFHG3TOOemwbpTlARERG5rlmDrcARcnIrGD+q5SJwM44y8jLWsmT9MUps4BsYwvh77mbWqCv0nLMXk/XeGpbllFJpB9+QSKbNnM60/s33WbY/gyXLd5JbagfAEh3DtDtTSMhPY/7HZfWNitN5bG46YGXGr2czLQwRjxMS35+o9TsodFy5LQDG7twwRMXfq7Irn1xHINPGtHHo+Nw0Hnuz7NL8kpvGY29yYa7chnY/n4Lvps9Z820pvkmpLLjb//z8tlN4PuEYi9fu40BpGLP++0GSzVBbsp1lb28g64idWqOJ0MHDmf2DKQwMuGj/v0zBkpFOWm4ZtQ6wRPdn5sP3Mj6koU3B+RW2M3/udgASH5nLnGuaUre4SewHeTktnyJbfc5O/dGDTLbms+btdazJq6DWaCJizCSeSB1JaMPn6iax+65dy8q9FZfGfhkl29aef7/sYDQR2jeWGTPvOL9eKekvvkEa41nwVPJFPZ5tZP39FRbXTeKlx8Zg4aLziclETOIk5jSNFdp2bqrKJz2t/t+30l5/3ku4NZmZl5nDNyf3GISNJPEy5yfLiFgSlm8gJ7eMlGRrs/d+wehiFr2Xy4EywBxIwuSpzL6tf8vDdOet4snX80l87ElmxV30WmE6v/nTQRKf+AmpfVuPxVPEDo0hYEcBVW1dwRLFDV5w3OK+VAAWERGR5qxJTBz6Ie9kbqDw5juJavJSedZG8szjeDQxACivX3hkHX8u7MstP5xHfDCUbv+QpWv+zB/KHud39w2qb+MoJuOVBayzjeL+nzxEfDCcyFrBW395iaqfP91iQbZ+qOVCNvzlNTaG388z98UDJgICgX0rWfC3zfiOvJ8f/1s8IZSy+5N3WPHXBZT+6BlmxDYNeiN//1sQAydNI3ViCH0jL3Ps5RtZ+o8oRt39M1L7BlC660Peee8dXgsM4+lpUZdZEQ588CLF8VN5eO7DhNgOs2FlGuv++g4hzz7KKL84Up95hnsunnPZVP8+bn7jz3xYfuG9KT2wmXWr32Jdr99x/8UfkERERESuJ/ETmBGVz8q3/8r83JHMmDKBhIhAfFv8UruCnLffYtF+KykPPkhKv0DK9mawaNkbvFz7E54Y10oB2XGMNS+/w0pbf2b9dBoJIVD05ToWvfIWlU2+lK7MTWP+mwVYRifz9I/jCKWU3A2fszIti7hfPsiCCcdIf2UV6eHJLEiNA0xY2lCzFnFLoUk88XgdL7+288pFYGN3bn38AW7VzQ5XpaikDOhJTCu9f69NBelvrMI6aDipD4wiNDoSKK1/aX8mfzgYSOItk5jcM4Q4X+B4Bn9YuJ3KUcnM/UEcoRSTmbaOP/ypjqd/k8JAY5Ptvr6WmDE38fT8GCyleaS9ncniRelE/DaFmPg7WPBfdnLTFrPkRAJzfz6eCMD3aqZSasn+TF6uGMyMn81mIAWsWZ7Osr+8RU6PMnzHTOPZB0Ko3JvOomUZLIqI4ZmJTSu71WS+uYrQEZN4+oEYrGcLWJOWzuLn36DyP3/I5FZ6u5Ztfov575UxcPItPDOpfr30VRtY/MJbVP7HQ0y2hjD55kjSlu0kvTCZ1KZfIZR9Tfq3JpLPF3/rzycniGncVj5pSzP4zd/sjQXitp2bSln/t/dJK7/QpmT/dlZ+sI6VYbGXFlwBKKbkBBARRsTl3mNzGBFWSC84RrMBvPdn8lxRJDNmPcScEDsHPlvHko/fZ3HIz3litPnS7cSNJDlkH+mbs5kZN6bZcNK5mbspiR5NipcUQU1DpvHr+1bxwnuFVy4CW6L4t59OJ8G/KyKT65UKwCIiInIRE6NSJrLuxW1sK7iTqMbibCEbMgsJGXc/cU2/cCsL45b/+yDjzn+QC7r5YZ7iJZ5bvYaNtz7JRCuUf/EO647HcX/Tdrc+zqNVf+DPn23j9kdGXXpR4hdAkF93AnwAk4WgxkmKy9n40WbKB9/P7x4Yd76XcRDjHngSKv8vKz7ayJTYiRfmOq4KYOzP512212+jqhAm/fJxJp7/bBM0/mGm7vkV7+zLo5QoLnszcHwq877X8OlqOHfeW8jOP2WQtx9GDa2fZ7nlOZcPs/8QxD2QyriY+nchaOSdPH7DnaDevyIiInK9M0Yy7YmHCP1gHSu3bmfRjvpeZJboSJInTCBlTH+sDReSeRks2WEi5YmHGou21tH38kzdOzz5yRcUjEuhpUvCssx1rCyKZNaz95J8/lrVettDPFH5V/6Qkc2MR8fg69hN2vICGJHCszMTzn+BbSX5vv6Mt9vxNZnAbMViBEwWrEEaL1M8n6n3zcxJPc3vl1+umGEmIfUevtvbpwsjk7azYxmdyrN3t5D9qnoy49kHG/MelJL+7nYKBk/ipZnni5BYmfZjM5XPp7Fm26QmBT47obc8xNyGwmrQeObcUcBjbxeQWwIxoYFYg8BiAow+WIOsbZoDOOfNhTzWwvKI2x/i2dua3GHgiCH1xykkGAESmHlbHuvfLKBkdCrPTzx/rKOnMy3nFZZ8s4uyiU175NpgeCpzG74kCEpg5hMmauevZeXHu5n8/fhLA3DsZuXaYqwTm6+X+mMrPJ/WuJ7v6JtI+TiNrOwCUi98mULBpp0UhMTXF2TPn08szbY1ktlP2amcn82awjGkRrXx3EQhefmQMHM6yX3rT4bWUSnMHZHSAd8n+GMxA3b7Re9FDLP+ffr59x4S755Kwa53WLPnIIxu4b0jhhm3R5K+bB9ZtjEkN/wJ2bJZn20n4YGxbfrb8BRBCdP5Rek/+OP6ywyhb+zOdx+ZTmK3rotLrk/6WlFEREQuFTmJpD7lfP1l3oVleVv4uiyOW265qCfs4OEkXnQXb9DIsfSlkP377EA5ubmFLbbrO7Av5B/gUHtiK88l9yjE3ZDYfIhpAki8IQ6O7md3TZPFPUcxro0jaRE2nLiLPnlERYaBHewtr9Fo4NCLbq3tHUUkUHvFIdPCiAqDvI0fsvNYFfaG9rpKExEREalnCmP8fQ/x/H/P5S+/vZcn7k4gzlTG+rT3mfdsGjnnK1N5uflUWgeQeFFPIsuASGJKCzlQ3tLGy8j5phQGxzL+omvVgYPC4OAxDgDs30dOlYnECQnNei8B9cVfES8VED+dX0zu3urrUZOn8Uh8iwO/ilsIZPz4Vj4QD4tvUvwFyneRcwQSRiQ0H8rXGENcfzhwsKDJQiuJcRfdIh0VUt+jtK3DhrcgIXU2C/7r0p+nJ17UvXxw/8YCJADh9fuOGdD0WM31BcwKG5XNVjaTOPKi98QYz/gRJir3HKnP+Rfbv4+cqpbWiyFxuLnJejGk3BxC2dfbyW14Hxy7Wf9lBQm33VR/E1Jr2woYwMCICg7kl9HmcxPhxIRB7oa15BRWXPj+oUO+T6im0gZcfI67+L0nkpgoLi0UN+E7aiTJAcdYn1XauKwsK5fcHglMG9VCr2EPFz7pHh4Z1tpx1d80oxETpCvoClVERERaEERSchwf/nMz22bEMcrPzrYvv4LERxt78Dbys1x6QRHUnSCg+Ez9xX1VJXBoBf/xqxUt7Gs41e0JraqKKiDI/9LLGJO/CSim/AzQcDHt4+6XO2FM+dnP4J000l7ZTJW9fj7jibfeyZShV5iASERERMTdFGcw/4XtFDVdFjaSZ389pb4w0GxeyPNGpPD6w22bFNI3pD8JE/uTMBEozeLlP2Wy6F+7eX1mPJVVdijL5Q9zc1tY00plFVwYJqaBjcoKIH8DP527oYX1YuoLBzYblQQS2qNNYV5RztKFLNrRfNmFuTHPz7NY3Dx+zScsrhI+6R4eKX6XN7+1NVseMOw7zJkU7qKovEdEqBU4RcFxSOzwYaBNrQyZDxgv6rVdVV8oPbD8FR5b3kL7Ee365H5VfAOtWC/J0x3NH0sLQ1FbewRCWRllLa1is1HZynoWi3+z9azjE0hYvYH122wkjDZTu207mcTyxJjAJtuykf7yQtJb2FVEVf3/szadmwhj2hP3wtvrWPLyX6m0189Nn3LbFKYNa+37hDBCw4GiYoqg9WGgbcUUlcHAmMvNo9VGxngmT9jAc5uyKZiYQgwFpG8qJebmu5sMK+5NLCTcN43vnnqfj443f0U3zUhXcvdvREVERMRFTCOTGPfB39mYVc6oG7axcVcIY59qYQKZmkrsXHRRUX6WciCkRwhQRYAFGNowj+8le6Jd0wAFBBAA2Ksv2ev5ZSEEddAXc10moC9THp3HFMBeUUje52tIe/MPHH7gv3k0UZdrIiIi4kFCk3n6v8ZQ23SZ0f/C8I7n54VsxnSVE+WGjGf8oExyjxdTQjyWABOExjfONXnRTlqZj9dcv3xYw7y9LawHYDZjoYKSpjcaXoOE1NksuKf5sgtzY4aR8vPZJDfrRaf5hMWV6osZ91au4f38+uJUQP/R/OK++PZ9lpOWDe1PgrGArOwCZrRp7qKWlZWdA65hTNkAMxbq89OsYS28frW52u1U198QdJGyMxVgjWl5OGKzGUsr61VWVjdfzzyGyWO+4OVNX1M2eihZm44ROiH1Qq9ZsxkLgSTPeZCUFu6f8PWzAmVtOzcBBPRn2mM/YRpQW3GM3PUZLPn7GxyY2cqcvEBiQiTk7iOzcErzuYqbHte23eQSQmpCxwzQHHPzcGLWb2V9Xgqz2E7mmUhmjvfim96N4dz6yK2UvvYpDR2fQ0bfqptmpEt55f0VIiIi0gGMcdw4LoTCzA1sztxMYZ8kJrV04+fenY3D7jUo/2Ybh4liUKwJCCIhIQryCygMDCIo6OKfgPbdkRaUQEIfyPsm56J5qKrI+SYP+gwi3q+dx9pVzBYCqKKq2Y3T9mYjJZkCoxg+bQYTwyBv7/6ujlBERETk2hjNWIKs9fM9NvwENvkC2hTY/LUgK9aAy1wNFueSmV/R8muO3eTtr58POBSIS+iPpaSQAof10n0EBbbSC85K4g0hcPAEBYGtrAcwKJbEADs523a3EEfDg/PFZJuteQG8Bb4Bl+7L0uRt8L0kltbiF+kixnBuemga3+3jQ0CfEfzioXGE62+yY5jHMC05kJIN6aw53nKT2sLt5DSMCtBiMbKC3N2lLazZDkFDSYyGA4ePtZALr5CrW2EJMIGt7qIhmF3NRs72i0aicOwjK9eOZUg0A1taZVAsiQEtrVdAzk7bJeslJMcTemQn6ZuzWX8khMk3x1y0rQryjtW1+D5bzNDmcxN2apt8n+AbGEninVNJCYPcPQdbfQd8R91ESkgF6cszKGppyO7y7SxZW4xl9AQmd9QEvdaxpAyzk7k5i/Wb98GYkYz3vtGfm/OP5XuPf4fx3X0IGvUdfnlXrG6akS6l07SIiIi0Kio5iajTG1m5oZS45KRLR8wDsBbz2cvv8FVBKeXlpRzOeoc/rz5MQOJUks5/UAi6aRpJpq9Y+qcVbNxXSHl5OeXH9rPxX3/muaXbrji/bnNBTPxuEkF7V/DSu19x+FQ55acO89W7L7FibxBJ353YcpzuYOBIEgLL2fj+SnYeK6e8wg7HPmbB/AWs2JRXfyzlpRze9CEbiyFu8KD69fJW8tzvn+O1L0pbfk4eK3//HM+9vplr/MgvIiIi4lZK8rJZ9spfmffKWtK/zaekvIyy8mIObMtg0f+sJdMYw6w7Y+sbxyUzY1Apaf/7FmnbzrctySfrkzTmv5BOQSv7sCYnM9m0j0X/8z7pe49RVl5GWeE+0t97g3lvZtcXc43xzLgjjNqv1vKbZVkcKDm/7Q/fYl7jtq0kjgyBvC9ZtLF+/5Xtu9AVcW/GcG6d/Tj/b3aSir8dbOBd05k5oJqVC1/hD+9lkldYRll5GQV7s1izdDFP/imDNd+erwAPiicx0Eb6e6vIKazPRZnL3mLlkWutpoWQckc8vtlrmb+8aQyZLHv5ryzaarvyJi4SN6I/lrJclr2XS0F5Wf2cspdRW1G/z0t/Kq54Y03bmWHnKhZ+WB9TWWEuaa+uI7PKSsrklkYto/EcULbx4vVWkX42jBm3X7Re1BgmR1eQ/l4uJcMSmhdRz2+raPUyFn64vf580nBee2ExaYX1zdp0bir8jPm/XcySjbkXtrMxg/RiSBgyoPW3wBhD6o/GE3dmO/OfbeGc+f8yyA0Zw9MPxF8y7/3VMzM+KRbLt5ks+zaQ5ORW3mtv4x/P9375OP91t0ZMkK6nMQVFRESkddYkboz7kBVHxjFxZCuXDdFT+VliIUvfWsCKMjuYQ4i79XFSbxl04ULDOIgZv3mavu+/xYdLX+JDG2AKIGroFB68Z1T7L0hiZzDvJyGkrVrDqy+swE79vLkznphJUgdMT9NpjIOY8didnF3yMUtf3AxhU5k373Yev9/OO5+9w6urq+qH0w6MIu6eJ5nZMPyz/SzlZeUEVNlbfo6ds2XllJur2llMFxEREXFvoRN/yEtDc0lfm0368t2kne8M7BsYSMyIZJ65Yzwxjd+ohjD5x7OJyFjLsn+9T3oFYDQR2jeWGT+6hVYHVjXGMvM/H2Lge2tIe/Md0myAyUTMsNHMvm9M45ff1qSHeDZgLYvXfskfns8EowlrVCQpqeMbt21NupcnTrzP4jXv85sPms7rKyJyGcZIJs/5CQlbP2PZpu28/GUWtQ7AZCIiOpaZT6WSHH2+imiMZdZPx1P2t60s+tO++nw1LoVn7tnJvLevMY7Bd/D8ryNZ9nYmL79YH4NvYAgJt05h5qirKDAPvoO5d6ex6ON0ntsMEbc/xLO3tT6Ofm7aYualtfRKDHMWppLY/gha4E/yIylYMtL5w7Pp1DrAEt2f2b+ezvjQ1te6cA74jOfW28+fX+J54j9TSLjkLvQQJidFkrb8FMnJYy4polqTHuL5sAyWvLeBheszqAV8Q8JIvn06MxqGZG7LuSnqFuZ+L53Fn37Gwg/s9dsJDCHhvlRmtzL8c6PeycydP5isD9axpuGcCVjCwhh/TyrTxsVg7egbPeJGkmzdR3rIcFJaGXpaRDqOwel0Ol0dhIiIXLvtO/Pb1T64mx8Gg6HxB7jsY5o+Bgy00q7J7ystu/hxW55faXlr2ts+wOL+90idOHmG8F6dPNmtI48Vv/s7hbc+w5M3X/yJppiMBQtY1/th/viD4Z0bh4h4lC7JT+3kjjGJiDRwxxzljjGJyOWdLXevgXavVfcgS6uvuWOOcseY5CK5aTz2Zhkzfj2baR0wn/tld7X8JV4uGs2Cp5Jbnlf4elSWyXPPbiXmsSeZ1dLUxi6gvOleqjR0SofSYB0iIiLSqvItGXxli2PieLcdVFlERERERERExH2UZbIm207CzWNV/G0iL307BSHxTHaT4q+It1MBWERERFrmOMyGjYcJSExilJ+rgxERERERERERcX8HPt/JAXMsk69m2GxvVZVN+lc2Ym4e0/qUDCLSoTQEtIiIl9AQ0JenIaBFRLqOO+Ynd4xJRKSBO+Yod4xJRC5PQ5m6ljvGJCKXp7zpXjQEdMdSD2ARERERERERERERERERES/h/t2brqDgaDGHjh6nsKiEQ0eOc/BwEQP6RtAvujdREaH069ObmD6dPKO7iIiIiIiIiIiIiIiIiIgb8OgC8PIP1vNZ5nYcDkez5QcPF3HwcBEARqORW5JH8v27J7siRBEREREREREREZFOZzCAt0z2185ZnERErorypngzjywAHzpyghdfW0FFZTUAd6XcSGTvUKJ69yQivCdFJ05RePwUx46XsDp9C59uzGFL9i6eevx++kWHuzh6ERERERERERERkY5lMBhwekklw6BKhoh0AeVN8WYeWQD+/YtvAxBo8WfW96cyavggAPbsP9I4afeYEYNhxGCio8JYsnwdFZXV/P7Ft3l94VyXxS0iIiIiIiIiIiLSGYxGIw5HnavD6BBGo9HVIYjIdUB5U7yZx/1FfPTZVwBE9g7lxed+1lj8Bdhz4AgLFv2TPQeONC4bNXwQLz73MyJ7hzZbX0RERERERERERMRbmHw87qveVnnTsYiI+/KmXONNxyIdw6P+IvYePMr7azYB8NRj97Zr3Yb276/ZxN6DRzs8NhERERERERERERFXMZl8XB1Ch/GmYxER9+VNucabjkU6hkcVgL/KyQPgwXtuIbhHULvWDe4RxIP33NJsOyIiIiIiIiIiIiLewGg0YvLx/AKAycdHQ5mKSJdQ3hRv5lF/EYePngAgPjbmqtZvWK9hOyIiIiIiIiIiIiLews/P5OoQrpk3HIOIeA5vyDnecAzS8Tzmr8LhcFBQWEyAvx8R4T2v2H7P/iOXLBsyKJoAfz8KCotxOBy6I0JERDyawWDA6XRiMBhcHYqISCN3zUvKmSLirtw1Nylvingmk8kHk8kHu73O1aFclYb4L8ddc5PypohnUt4Ub+UxBeCGom14r+Artl2dvoXVbGm2bN6c7wEQ3iuYQ0dOUFBYTL/o3p0Sa2tyvtnHoiWr2tx+7Mgh/PCB20n/PJsTJadJTIhl5PBBnRihiIh4EqPRQJ3DiclHF3Ai4j7qHE6MRvfLS8qZIuKulDdFpKP5m/2oqKvC6XR1JO1jMNTHfiXKmyLS0ZQ3xRt5TAE42Fo/529FZfVl2w0ZGH3Z1xvWb9heVwoJ7s6NY4Y2W1Z6upw9B47QM6Q7gwf0afbagJgI7HUOdu45xP78Qnr17KECsIiINGq4O9HkoxEtRMR92O11V7z72BWUM0XEXSlvikhHMxoN+PubqaqyuTqUdvH3N7epQKG8KSIdTXlTvJHHFICt3QPpGdKdk6fKqKyyYWz5jbIAACAASURBVAkwX9Jm+tSky26jssrGyVNl9AzpjrV7YGeF2qp+0eE8+uB3my3L+WYfew4cYUBMxCWvNfj1zx/oivBERMTD+JlM1Nba8Tf7ujoUEZFGtbV2/Ezu9zFDOVNE3JXypoh0Bl+TD05/P6qra1wdSpv4+/vh28bihPKmiHQG5U3xNh51O1LDkM1FJ05d1foN63X10M8iIiKdwc9sotpW6+owRESaqbbV4md2vw+Wypki4q6UN0Wks/j5mggIMOPO0z4aDBAQYMbPt+15UHlTRDqL8qZ4E4/6F48M78lW4F9rM5n30++1e/1/rc1s3I4nee2tD/l6+x7mzJpO4g2xzZY99oNplJSW8cmGrZyrqKKHtRsP3nMLI4cNInvHHlZ+lMnJU2X4+fkyacINzPjuTfj5XbgLzeFw8tW2PFanb+HkqTMYDBATFc79d0284nDaIiLiWiYfH0wmI9W2mjbN9yEi0tmqbTWYTEZMPu43tJRypoi4I+VNEelsviYffCwBVNtqsNvrXB1OMyaTD/5mv3bNS6m8KSKdTXlTvIVH9QCePjWJqIhQ9hw4wvIPPm/Xuss/+Jw9B44QFRF6xaGiPcm7Kz8jY1MO8bExDOgbQdnZCv6+7COW/HMdS/6ZTnivYEYNH4SP0cAnG7ey+pMvG9d1OmFtRhZ/f+cjKquqGTlsICOGDuTEyVJefO09tn6z14VHJiIibWHxN1NZ6Vnzk4iI96qstGHxv3SqFnehnCki7kZ5U0S6gtFowBJgxhJgdosCgMnHpzGe9hQxQHlTRLqG8qZ4A4/qAQzwcGoKz7+8jE83bmVgv0jGjBh8xXWyd+zl041bG9f3JmGhwTwx+14sAWacTngrLZ1NWbls3bGXnz4ynWFD+gGw49sDLFqyil17DnH75LEEWvzZmZfPmk+/pH9Mb37xo3voFhgAwMlTZbz42go+/uwr4mP7tjjfsoiIuAez2Zeq6hoqKm0EWpSvRcR1KiptGI1GzG4855lypoi4E+VNEelqJpMPJpMPDocDu70Oe50Dh8OB0+nE6eycfRoMYDAYMBqNmHyMmEw+GI1X1ydJeVNEuprypngyjysAD+gbwV0pN7I6fQuvLl3NvuRR3D55LME9gi5pe/pMOR+v/5rPMrcBcFfKjQzoG9HVIXeqsSOHNBZoDQaIj41hU1YuffuEM6hfVGO76MhedO8WyLnKampr7QBs37kfu72Omyfc0Fj8BejV08q4UXF8lrmdk6fO0LdPeNcelIiItEtQtwBOnS7H19enXfN/iIh0lJpaOxWV1fQMvvSa3N0oZ4qIO1DeFBFXMhqN+PkZ8aRBipU3RcSVlDfFE3nkGWj61CTGjYrjjXc/5rPMbWzKyiW8VzBhPXsQFRFKYVEJxafOcOLkaWpr7QzoG8EPH7id3mEhrg69wwVbm//n9Tk/HIG1e2CzuzqMRiOGJkMD2Gy1HC8uBWDJ8nUsWb7ukm0bDAZOnylXAVhExM35+BjpHmSh7GwFwdZumEyuH5pGRK4fdnsdZWcr6B5kwcfH/WeYUc4UEVdT3hQRaR/lTRGR9vG0vCmdwyMLwAC9w0L4zRMzWfHhRrbu2MvRYyc5euwkObn7GtuEhlgZPWIw99850YWRuieH04nj/BgFQwZGE9LKXSA9rLo7RETEE/ibfXE6Azhddg5r90DdZSwiXaKm1k7Z2Qq6BQbg70FDSilnioirKG+KiLSP8qaISPt4at6UjufxZ57775zI/XdOpKS0jCPHTnKksJjoqDCiI3sRGmJ1dXhuK8Dfj9CQ7uzPL2RUwiCm3Jzo6pBEROQaBfj7YTAYOFNWQaDFX/MNiUinqqi0UVFZTfcgi0d+qFTOFJGuprwpItI+ypsiIu3j6XlTOpbHF4AbhIZYCQ2xMmr4IFeH4jHGjYone8dePsvcxg1DB9Kr54WCeVW1jYLCYoYMjHZhhCIi0l7+Zl98TUGUn6ui9HQNFosZf7MnzVAiIu6u2lZDZaUNo9FIz+Agjx5OSjlTRLqC8qaISPsob4qItI835U3pOG5dAN69r4DSM2cpO1uB3V7X4dv3NZkICQ6ie1Ag8bExHb59dxc/OIaJE25g/Rfbmf/HN4gbFE1QNwslpWfJLygipEcQc+d8j5AeGgZaRMST+PgY6WENxGarpbLaRvm56voPnb4mTCYffIwGDAbDlTckItc9p9NJncOJ3V5Hba2dalstJpORQIs/Zi+5m1g5U0Q6kvKm8qaItI/ypvKmiLTP9ZA3pWO4bQH4s8xtvPOvz7psfxNGx/OjmXd02f7cgcnHh+/fPZm4QdF89NnX5O0/gt1ehyXATGJCLNNunaDir4iIBzObfTGbfbHX1VFjs1Ntq8FeUYfD4cR5fh54EZHLMRgMGI0GTCYf/EwmgnsEYvLxcXVYnUI5U0Q6gvKm8qaItI/ypvKmiLTP9ZQ35doYnG54dln8j7Vk5ewGYNyoOEYMG4g1KJAFi/7JkIHR3JVyY7P2LS1fnb6FPQeOMG/O95q1bbq8oqqaHd8eYPPX3wJwV8qNTJ+a1MlHJyLSObbvzG9X++Bu9XPRNPwAl31M08eAgVbaNfl9pWUXP27L8ystb0172wdY3PYeKRERERERERERERGvUlVpd3UIXsXtvt3+ZtfBxuLv87+dTWhI/by0e/YfaWwzZNCFeWntdXX06N6Nw0dP0MPajfBewZw4eZrDR0/QM6Q7g/pHNRvvfHX6lsbHiQmxJCbEMunGETz/8jJWp29h2JB+DOwX2dmHKSIiIiIiIiIiIiIiIiLS4dyyAAxw350TG4u/l2Py8SEqIpRv9xzirbRPGpdX22pIiO/fpsmuB/SN4JEHpvLmu+vI/GqnCsAiIiIiIiIiIiIiIiIi4pHcrgB8sKAIgNE3xLZ5nYYC8J4DR5ot7xncvc3bGNQvqn7/h4vavI6IiIiIiIiIiIiIiIiIiDtxuwLwkcJiAHr17NHmdY4dPwXA96ZPIiYqnPyCIt5bs4nikjNt3kZ4r+Dz2yppR7QiIiIiIiIiIiIiIiIiIu7D7QrAV6OktAyA/jERDOofxbnKKgCKT7W9ACwiIiIiIiIiIiIiIiIi4umuPEGumztXUcWp0rMA9I/pDcANQwcAcOLkaSqrbC6LTURERERERERERERERESkK3l8Abi45Ay1djvBPYLw8fEBwNdkoltgALW1dk6cPO3iCEVEREREREREREREREREuobB6XQ6XR1EU4/NXejqEHh94VxXhyAi0m7bd+a3q31wNz8MBkPjD3DZxzR9DBhopV2T31dadvHjtjy/0vLWtLd9gMUrZkkQERERERERERERcXtVlXZXh+BVPL4HsIiIiIiIiIiIiIiIiIiI1HO7HsAiInJ11AP48tQDWERERERERERERMQ9qQdwx1IPYBERERERERERERERERERL6ECsIiIiIiIiIiIiIiIiIiIl1ABWERERERERERERERERETES6gALCIiIiIiIiIiIiIiIiLiJVQAFhERERERERERERERERHxEioAi4iIiIiIiIiIiIiIiIh4CRWARURERERERERERERERES8hArAIiIiIiIiIiIiIiIiIiJeQgVgEREREREREREREREREREvoQKwiIiIiIiIiIiIiIiIiIiXUAFYRERERERERERERERERMRLqAAsIiIiIiIiIiIiIiIiIuIlVAAWEREREREREREREREREfESKgCLiIiIiIiIiIiIiIiIiHgJFYBFRERERERERERERERERLyECsAiIiIiIiIiIiIiIiIiIl5CBWARERERERERERERERERES+hArCIiIiIiIiIiIiIiIiIiJcwuToAERERuRZ2SnI3kJaxk9wjdmoBTCYioqNJTpnC5MFWfF0d4jWzU1leQS0mLEGBrj2e4gzmv7Cd2ompPH93TItNij5ZzPyPYcavZzMtrIvjE5E2KGbNC2+xsjiGOQtTSWzXqvU5gNsf4tnb2vMfvGGfbWg6IoXXH45ve9676phERNqovIDM9A2s2VpMia1+kW9QCHFjRpF620gizO3c3jXmrZylC1m0w9r6tdb57ReNSOH1hxPat3F7BWVVdjAFYg3QV2YiIiIi4rl0NSsiIuKxKshZ9gaLttrwDYsk+fYBDAyFkoMHydqaT9qri0mffC8L7uzv6kCv0W6W/Fc6OVxFsaaTlGxcxaIBP2ROQqCrQxERj2Al8e4phFZdWFK2I5O0XBsDk6cwuV+TpiExtJz3yshdm0HWmShSZo6n5VtQREQ62PENPPe/2RQ4zAwclsDkEWFYy4vJ+eYgueszmL9pN7PmP0iyt1wS7V7LvDcLzt+Mc754fCSLxZsKCR0xhRnDrK6NT0RERESkjVQAFhER8VSFX5C21YYlYQrPPzISS8PyUeOZdp+dki9XkRni6cVfgBhSfjCFRKwMdHUojWzkLF9L1qBUxge4OhYRcX9mIuJGEtFkSVFJNmm5NqyDRjL+kg5qLeU9GwW5+WQV15GoArCIdAkbWWuzKbBbmfbvs5nR+8Ir4ycC5ftISy/Fq+6HixnD7B/Enr8Z57wzBWRtLSCil40Zw1wXmoiIiIhIe6gALCIi4qFK8gooARJHNCn+NjIROuFeZnR9WJ3AysBRI92o+AvWKCu1hQUsXpRBzFNTiDC6OiIR8S7ul/dE5Hp0kNzdQGh/xv9/9u49LKrz3Pv4FxhAQBhFRAHFIKKgjgIeUIMaQ0SrxpgY0sQm0aTa1jZN9q62u+3bZHenu03axt2d9OBuY3My1aQkxkM0iiFWQlCiojge8IAoCigiOiLgwADvHwMIggoGYSC/z3VxMbPWM2vda0buWa57Pc/Tt5nV3mEkzG3vmO4wYwgxUR0dhIiIiIjIV6cCsIiISCdl9PYCLGRl7qMsqrkicENmli9JIsM/khf/I65BL7Smy+3zqgWz+L9HU/DuFjYetc9D6Td4OPMfjSPcu/GWi/ZuYsWmY2QX28DZQIBpHAvnxRBcd5ZhTmTRW7lEP76Q2Lz1rEorpMgYyc+nFPKb9/Pxm5LAS7Ma92Wr3LOa76/KJ/iBp3h+ks0+dyYNYq8uJj1xHYmZxVisgLs7wSPHMH92DMEeN4gN8OwfzMwHZhAfUtdVpbB+288/3p2NiTsxn7ZhWrCExTeZMs7TNIPFpk28sHkfK5IjeH5q4E3ffcvpdDau20v66VLKbIC7F6Yp01g4NeTa51b/Pj1F9NE1vL3bQmU1GMMjWfx4HAFnk1mx6gDmYvu8dKb7Z/NsbOP93vKzEJEbqy4m/aONrK2b49JgIHjYKOYlxBLapKe/jaK9a1j+UQ65peDq5YtpehwLJwS30TzlhY3yHltX8MJmS+26XJYvWQZA9IIlLO7T/BbKclJ5e92e+vnhjSEm5s+Px+TdfHsRkaa8MHoDRTmkn6VRD+DmFNTmqujrzqNutPzO59Jr6s5vF/4ykqL3ktmYVXotN347HlNdnm80P/E5+3ly3XFsXsmizUCT82kREREREcfTJfqrXL1awcEjJ1mz6XNe/uNqfv6bv/PMz//IMz//Iz//zd95+Y+rWb8ljWMn8jo6VBERkTbjOjKSGC8oMyez9MWVrNi6j+wi+8Wsr+4KSX9fTzoDmTMvljkmLyxZ+1j2+zWYrddaFSSv4GfvHibXEMichDjmxwfCwVR+9dp2Cq7bYu6m1bz2eTGugcHE3NUdl9GRxHpAUUYW2Y1aFrPt83xwDiQ+xreZ2Kykv/UmK74sxjM8kvmPxzJnuBFLRirLPj52LbatdbH5E/9AHPOnh+BXnEvin95kxUHrdZs8xvL/TcV8yYfwUSEEuJbe4v0xEDB1NnOCIHfzmqbba7Tt3bz9WiqpFi9M98Wy8PEYpvjbMG9ew7LkwibNsz5aReK5QObMiyV+sDuWrH289veVLPu/w5SFj2LhAxEEu5di/mgNbx+99rrWfBYicp3qfDb+75usSCvENcREwuOxzBnpQ1FmOi+/1DjvAVQe2cLL6ywETIy1/006F5PxYSIvb82/I+H5me5m4eMxRBsBfJnyeBwLH48j/gbjQFceXMPP/pROxiUfYh+IY+EDEfgVmXnt902PRUTkxoKJvdsIWNi47FVeeD2JpKP5lLVRHmnvXAoXWPvaetLdw5j3eO35bY6Z1/6eiqXZ9vbh+BfG2s9HjaYYFj5em1PvUIQiIiIiIm2lU/cHsVwuZfuOTD5PN3PJcqXZNuetFZy/cInsk/lsSNrBgH59mDR+BJPGjWjnaEVERNqYewQLf2wg4L1kNmYVkr45mfTNybW91oYzc8Zkov1u96u+GEv/BF56oLa6EBVD9NYVvLA5h1Vbc+09dq27SdxsAf9Inv9x3TDIkcT2X89zr+8j6ehk5g++tsUiay8W/zKB6AY96aaM207qtsOkZsUTGl67MG83206D36S7iXFvLrajZBwEBsXy0ydj7D1oo2KY+UghRaX+9ibW3SQmWcDXxJIfxxNaF1vsbl57YTvpa7cTPyz+2hyallI8pz/GS7foyduYPzMXx5P7UhLp768n+meNj62e+2jm/yIMo9FYvyhmZC8qX9hEauZhiuL8G11ELOs/jlcXjbYf10gfyl7YRGpOIcZvfo9nx9p7Lsf0LGXRW7mYD+fC4NZ/FiLSWOXe7azNA79JCbzYIO9NGbSa595vkPdqFZ3qxvwXHyO29m8+JjaMt3+5ntSk7aRPeuwGuev2ufaNIKZvIUVJ6WTQnfCoSKLrVja5jySXtWtzKPMIZuF/1M1THknMSB9+9WI6G3dZMMUar3+RiEizAuIW8FKP9bz2YQ4FWWYSs8wkAq6+/sTGTWbm2GCMt9m1oL1zKZTiOuoxXpxee74XFQK/XcnanNOYrRDbZH+1w/EbjrEitRjPoMHERPm3dVAiIiIiIndEpy0Ab9+Rycdbd9YXfvv07snIYaGMiBhID2N3jD5eUAMXLSWcLbzIwSMnOXT0FKfOnGNl4lZSduxn5tRxRA0f1MFHIiIi8hV4hzFzURgzraXknjqAefdRUg8Ukpu5j+WZh4le8BSLTV633k4TXsTENO5aFjApEtPm7ZiP5lBEMH7HczFXg194MJ6llms9J4L6EMoxsk8VwuBrF8n8JtzdpEAaPHE4wdvSSU3bzbzw0bgC2buPUoQvCffcoGsbQYSHQMaJvaza6c+ckf3x8zCAwR+/uprG0Rx7bKOG1xZ/a3mMJmbYdszmXMxFEFxfeQ0mPq41xd+67ZmYn5BF1lu5LH93N68uGt1ss4bFX6ylWCoMeHoBlbYmPbaDBw68Niy0cy/8vIHyYGJGN/gc+/gSQC4Fltp3vZWfhYg0Zj6YT3N5z3N0BNHv55NRl/fqVgyLqC9YAOAcRuwod1JT8jEfh5hh7RR4c4pyyCoGhgUTbrNgKamLsQ/hfpB0IhdibzLGvYhIIwb8Rj3Ei6NslBWdJvvQMbZlHCbrdCHbEhPZlhbJi/9Wd/NZK7V7LjUSM7rh+Z4/AQFAYSkWC6BTJRERERHpQjplAXj9ljQ2JO0AuGGP3vMXLLg4OxPQpxcBfXoRZbIXelN27idlx35OnTnHX95cxzcfmMJ9k6Kb7ENERKRTcfcieHAMwYNjmIkNy56PeGFVLhnrvyDX1KCna4sZCbh+bDt3d/t8bLVFy8qr9vH/ilLWszSlmU0UnKPhlbTgoGYKrMYxxA9LZ8VBM9sso4n3PkzqLisMG8eUG3ZQ82XKtx+i7N0tbExcQ3oi4O5F6KhxLHwgEj8DVFbY5/x1dWl6quNad4GyusFCf1+Cb7P3iqcpgZ9OXcELW7ezbGsgC69vUG0hK3kTqz7Pp+D6kaWbudDo59/csNcN4m5Gaz8LEWnIRqUVwND078zZxf77ups1mvs79fTsBliprG6yqn2VWykDOJjK0oOpTdc7F1IAmrtSRFrJgKdfCKZJIZgmxYM1l7V/TmRj3j4S98by7KjWd9e93VxqNLoDVykrb+0emzm/FRERERHpojpdAXj/oRP1xd+JMSaefCQegPKrVnbvO8qxnDyO55zh/AV735c+vXsSPiiYkOC+mCIGMmmcvVj813c2sDvzKO+v24a/Xw9GDB3YYcckIiLStgwYR93NlKRcNhZZKIIbF4Crq26wwkJBEdC3wSKr1V4AcTXgCri62U8jjKYYEkZ2b7oJ35aUnd2JmRDGqoPHSM8sZorXPlLLDcROsPcGviGPEGYu+h4zq62UFedj3pnKqm3J/Mxi4y9Pj66PrbLK1uSl9RcUb7Pg25yA+BnMObSatZs3sdZko+EplmXnepZtLsTVP5g5M8Lwcwe4QsaGdDLaaP9t81mIfF0ZcHUHsDUtONTlyNq8V6eosJjrM2tZ2VV70zbMLbfF3cUe64AIFk5s5sYbD3/NXSkiX517MHOmBLPx3VyKim/RfbaZ8zG4/Vzq18sLKCb7tAUGNHPH4LliCgA//143PQQRERERka6sUxWAc3LP8se/fwTAM0/PYeSwUAAOZOWw9pMvOHXmXH1bP18jzs5OnDt/kXPnL7J9Rya9evowJTaKafeM5rtP3k9AbU/iP/79I37+3LcICe7b7H5FREQcUl4qbx/qw5y4sKZzr509TEYREBKA/duyl73HQ1ExBdXUD9NXlnmMrGY3Xkp6ei5zHrh2Uc6yy4wZ8BscYi8eDA7B5JyL+QqER0XS6PKbzUaloYWnGeGRxPoeI+nzZFZ45YOviSnhN3uBlaKiq/j5GcHZHU+/EGJmeVF0cCVrC+wX/ILrYttzgOz4wGvDQJfvJv0g4BuMqS0rIM6BzFwcR+6vk8kwAw3ejbJSe+9c04wEZtaNulq+m/RVQFvNbddWn4XI10F5DlmFgNFY/7diGhYImflN8l7Z7sNk0CDv1Tl4mNTyyGtDl5abSdpjBedATHdshhkD9spuba+35uYcB/APw+S7j4IiG8aRkYQ3/H6otlGJ4eY32IiI1LOSvm4j3D2bGL/rzyVKSc/MBwyEDrAXfwP8jICFgrOFYKotCFfnk555/RAotW4zlxpNYYSuSyc7KYmMUQmNpxipzmftplzAi2jTbUzv0Zza0SDKrtzgOEREREREHFCnuhr4jw8/BeA7T8yqL/7+6Y21ZB7MBuw9gocMCib0rgD8fO2Xcy5arpB9Mp99B46TnnGYDzZsZ+fuQ/zn0ieZPW0CVVXVbEpO5x8ffsov/v3xjjkwERGR25C99wCp29JJ3eZF6OBgTOGB+LlfITfzGOkHi7E4G5nzcGxtgSOQaJMXG7fl8vZfkygb5w9Fx9j4aa59qNAmjHhmf8QLr0cQO9pIpdnMxkwLeAWTEFdbHHEfTUL8Psyb0/nZb08zZXwEwd5XyM3MIf2wBdO3n2H+4JYcSTDxE31JWpdLRjEEPzD65kNWW3ax/KV0CvoGEhs5kFA/KDKb2VgIniMD7MOa1sdmZtnvLzBlfAQB1hOkfpFDdrU7MXMm38aw2LfgEcn8bx4j663G72nAAH88sZDx4ZusuhhFsPUEqTvyKWir4i+04Wch0lVZKcg6TG5hPts+O0w24BcdXnuDDLhGTWbO9tWsTUnkhUKTPe8dPsS2vcXgFcK8qY0zhjGglLW/fZOsu4dicr9g32YpBM+II6Yt/7Yb8SV2rC9rPypk1WtrKIsfSEBABKYmveSCmTk7mNS3jrHsxTeJuXsoJj8oOnGC9D35eM54ip/GNj/UvIhII6Vm0tNyMKe8yqr+gZgG9ccU1J3KonwyMg5jLgTPkfEk1J1jDK29IS1pDSvcx2HyvkL29n1sK2p+87edS42xzJ9+jF9tymX5L1dgmhhOTFB3LHmHSU3Lp8AKwdNnkxDURu9DhIlYrxxS0zayzHUMsUH+hEeFcMPZSkREREREHECnKQCn7LTP2ztp3AjGRA4B4Bcvv8G58xfp5u7GM0/PYcig/gCUlVs5nVeIweCCX68ejB45mNEjB+Pv14MNSTs4U3CeP72xlmeensODM2I5eOQkp86cI2Xn/iZzCYuIiDiq0Fnf45WR6SRtPkT6icOsNR+2r3B3J9gUw8IHYwn3vtY+eMYjLCxdx6oMM28fB9e+wSQ8G0fW/yQ3MxSxkZmL4yh4dwtr3y2l0tmAX4iJefPjMTXoZREwdSEvBSax6uPDbFuXTyXg6u2LaeY05rSiF5wxxoRpw3bMBBIfc4vChHEci+ddZsWnx0jdnM82sM8BPCGOhQ+a6nu2BUxdyEt+m1ix6RhJ6/IB8OwfTML8GcSH3JkKjacpgWcn/R8vN5yHd/Bsnn98Dcs/ymHbumRcvXyJnTcT07o1rG3DfbfVZyHSNblT8GUyKzIBg4HgCfE8O6NBUdc5kJn/9hR+H21k7R4ziVm17UwxLE6IJfS6lOFpmsGzfjt5LTGVdCv1f9fzRt3ZubaNsY/w7KU1rErLIfHdHAKmB2Ia2bSdpymBl36UTmLiLtKTUkmvBlcvL4JHxbFwnIq/ItJCXqN59tfBZGxLJSkjn4zt+aTXDpXv6e/PlHnTSBjlf21UAffRLPy+hRWrDpC+Lpl0gxehE+NYEv4Fy7Zammz+q+TSgLineGlAKombD2D+PB2zDXA2YAwKJmFWPPGD2rA86xzG/O9Ppuy9LzBvSyWLYBZHhRDddnsQEREREWlzTjU1NTUdHURL/Pcf3uXUmXP84t8fZ0C/Pvxz/b/Yun0PPYzd+f0L361vtzvzKH99Z0P98x7G7syaOo7J469dGVm0ZBkAzy16iOHhIaTs3M/KxK0M6NdHvYBFpNPadyCnVe17dnfDycmp/ge46WMaPgacuEG7Br9vtez6xy15fqvlN9La9h6eneYeqTaX8c4ylmcGs3hZgi5siYiIiIiIiIiIyB1XXmbr6BC6lE5xdXvH7kOcOnOOMZFDGNCvD4eP5bJ1+x4Anv32g/Xt1tfO6Qvg28Ob6poaLlmu8O4Hn9K3t299D+Fnnp7Dn95YG5slkAAAIABJREFUy9pPviD0rkAmjRvBpk/TOXXmHAePnGTYkLvu2LGUX63gtRVrOJ6T1+x6NzdXBgYHMOO+GMIHBdPKekWHOXn6HJ+lZuDl6cH98ePw9OjW0SGJiIiIiIiIiIiIiIiIfO00mTHKEaVn2Ie0HDywHwB7zccAmDtrEv2D7EMDlV+11hd/ly5+hN8+/x1+/8J3WfDodADWbv6ifnsjh4USO3Y4p86cY/e+owCE1W778NFT7XBE4OLijCkihPGjhzb66du7J0dPnOa1FWtITd/fLrG0heKLl9mx+xAZ5mNUVFy7S+NvKz9m0ZJl9Z9NZ7IhaQeLlizjbys/7uhQRERERERERERERERERFrE4XsA26qqOHjkJACjRtrn/s0/ewGAyOHXJrQrvlgCQO9ePep7+gLcPWYY//jwU84WFjfabnjYAFK/PMCxnDwmjjMxclgoO/cc4vjJ/Dt6PHXcXF25P348IcEBTdbtNR/j76s+IWn7HiKHD8K7u2e7xPRVRI8I4/VlSzo6DBERaQPRTy7h9Y4OQkRERERERERERERui8P3AL5cUgaAt5cH3t09ADh15hyurgb69u5Z387Z2T5WcqWt6RjhlZW2+vV1Qu+yF16P55wBIKhvr0b760jhYcEEBfhhuVxKUbGlo8MRERERERERERERERERkU7C4XsA1xVkfXv6AHDu/EWuWivoF9i7UTu/Xj3oYezOJcsVvth1kLvHDAPs8wIDhA4IbNze14ifr5HzFyycv2Chp9Hbvr8rHV8AvpGaGsg6nsuajZ+Tm3eOmhp7j+cHpk9gTGR4o/mCr29bXV2D0duL0ZFDeGD6BDy6uZOTW8Af/vohQQF+PDJ7Mms/+YKjJ84wcmgoTz4yjT/+3T5X8eL5s4keEVa/7UuWK7z0x9UA/OyHj9HD2L3Rtp5d+BCfpuypf+/B/jms35KGRzd3/v27c+lp9K7fxveevJ9PktMxZ+VQXV3NwAGBPP3YdLy7e7JucxpffGmm/GoFPYzdeezBe4kaHtboWMuvWlm3OY30jMNcKS3Hzc2VUaYwHpo1kR4+3evb/W3lx+zad4TvPjGLy1fK+OSzL7lkuYKbmysTRg9l7qxJdHN3I2P/MZa/vb7+dbv2HWHXviMATd4LEREREREREREREREREUfi8AVgj25uzS43uLg0eu5qcGHW1HG8+8GnvPXeZv7x4adUVl7rDXx//PhmttGgA7RTk9Udxnw4h9y8QvoF+NGnt2/98l37snjzvc04OzszdPBdeHRz40j2aVb8YxNFxRZmxMUA9uLvxk93sn5LGi4uzoTeFYSfrw+5eYV8lroXy+UrLHp8Vv12z50v5g9//QBrRSU+3b2orqmhsrLyKx1D/8DejB89lKMnznCh+DL9g/zpF+CHm6uB7l4e9e0ul5Tyv3/7gJ49vBk1YjDHcvI4npPHn99Yh3d3D/LPXWB4eAgXLVc4cSqfN1Z9wnOLPOrnbC4rt/LnN9ZyLCeP3r16MGzIXVy4eJn0vYc5kVvAj777cP3NA3U2ffYlF4otDAntD/3thfJ/pWVSaaviiYen4tvTh/Gjh3KmoIjTeYX08vWpn3/6+m2JiIiIiIiIiIiIiIiIOBKHLwD36d2Tbu5uWEpKGz0vKW3aU3fy+JH07e3L2s1fcLawGC/PbvQL6M2UuyPpH+TfqO1VawVnz1+kdy8jvXsZOXf+IgA+7TTfbkVlJRuSdjQqhlZX15CTe5bzFy7Rzd2NGXExeHq4A3A6/zzvrd1GD5/uPLfoIfr62wvDdQXQf32RyeiRQ/D368GR7Fw2f/YlXp7deObpOYTeda33c/7ZC+BEoyGxS66UM2rEYOZ/Mx6Pbvb9lV+t+ErHFzl8EJHDB/G3lR9zofgyUcMHNSrCX7JcAcBmq+Ib947l/vgJODmB5XIpv//L++SdLSI4yJ//XDIfH29PampgZWISn6eb2XvgOGED+1FTA2s2fc7RE2eYeV8Ms6fdXX9cX+61F8u3pWUyd+bERrFZrRX84t+foHcvIwDHc/J4bcVHHDpyCsvlK9zVvw9PP/YNNiTt4HReIQODA3j6sW98pfdDREREREREREREREREpD04fAEYYEC/PhzJPt3o+cnTZ5ttO2RQf/7jmUdvuc0z+ecBGBRi79lZV5D08W6fAnBVVTXmwzlNlru5uXL3mGHMih9Prwa9TY9mn6bkShnjJo+qL/4CeHq4c8+Ekbz+j03kny3C368Hu/YewVpRyaTxIxoVfwECa+c6bqhXTx8eeeCe+uJve/Lu7sGoEYPrh3T28faiX0Bvzp2/yKiRg+s/DycniAgL5vN0c/1ndaW0jCPHT2P08WLCmGGNitqmiBCCg/w5cTIfq7USd3fX+nX3xkbVF38BAvr0oncv+3DglpJS9fIVERERERERERERERGRTqtTFIAD+/biSPZp9pqPEWUKq3++edsupk8Zc1vb3LH7EABhIUEA7D98AoDBof3aJugWaDifbFm5lTWbPidlx36qqqsx+ng1altX8N66fQ9bt+9pdnv55y4QETaAs4XFAAy6K6hFcfTs4d0hxV8AV1dXvDy71T93atA7uW+D4a8BXK4b9rv4UgmXS8ooK7/K/3vpjWa37+dr5Kq1olEBuG6+5zrOzs64uble/1IRERERERERERERERGRTqdTFIDDBvZj2xf72HvgOFGmMKJMYWz7Yh9bagvAKTv3k7JjP6fOnLvpdoaE9mf8mKH07e1Lys79DOjXh9GRgwHIPJhd36YjeHq4M3fmJPIKiti55zAD+vUhbmJ0/fqqqmqA+rl0mxPYpxfVNTVU19S0S8wdrbq6mpqaGtzdXBkeHoKbW9N/zl6eHri6ujTzahEREREREREREREREZGup1MUgMdEDuGjTans2H2IuInRRIQFM3XyKLZu38OiJctavJ0j2acbDSU95xt349HNnZSd+zl3/iI9jN0JHRB4ky3cWR7d3Lj37khycgvYviOT0ZFDMHrbewL3C+zNrn1HCOnflycSpt50O36+PhzPyeP4ybz6HsatZXBxxs21+X8eFy5eprz8Kh4e3Zpd35CLi/Nt7b8lfHv44OXZDWtFBffHjyfoBoXx23UnYxcRERERERERERERERG5EzpFARhg1IgwNm/bRcqO/TyRMJVHZt/D/kMnsFZUMjHGxOTxI5sMm3y9U2fOkbJjPyk79zNyWCjDw0MASNmxH4CJMSa6dXO748dyMyOHhRIW0o+s47mk7NjP/fHjATBFDOTTlAwyzMeYMGZYo7l9KyoqOZF7lrCQIFxcnBkbFcHuzKPs2H2IUSMGN2qbf/YCBoMz/n49bxqHq6sBP1/7PLknTuUTZQrDyQlsVVVs35FJ+dWKFhWAA/rY5xzOzSvEVlWFwaXteuP6eHsxLPwutqdlsuVfu3jykfhG22/psd5IYJ9eODk5ca7oEldKy+nu5dFWoYuIiIiIiIiIiIiIiIjcEZ2mABw3MdpeAN65n4C+vbhvYjT//dOn+d2f32dD0g4+TzczMcZE5LBQAgP86guBVmsFZwqKSNt1kJSd9kJvn949eebpOQC8888kTp05Rw9jdyaPH9lhx1fHzc2V+HtGc/xkHik79jMmcgh9/X3pF9Cb6VPG8NEnqfzuz+8xcEAgvXsZKblSztETZzC4uPCj7z3MgH59iBgcTEx0BGm7DvLK8n8SEhyAn68PuXmF5J+9wPjRQ5n/yLRbxjImagjpGYfZmrKHMwVF+Hh7cvL0WS5ZSjEYWlbIrStcZx7M5r//8C7BQf7cGxtNj1sU61vCyQlm3DuWnFMF7Nh9iINHTjIktD/Ozs7k5J7l/IVL9cdaN69wa4QMCKCvf09yz5zjN6/+g4EDAhk9cjCRwwd95dhFRERERERERERERERE7oROUwB+6/0t9Y/fX7uN+2rnx/3JD75JarqZt/+ZxIakHWxI2oGLizP+fj1wcnIm/2xRo+1MnTyKR2bfA9jn/f083QzArKnjbtmDuL1EDA5meHgI+w4cJzXdzNxZk3FygqmTRzNwQAAfb93JsZw8jufk4ebmSlhIELOmjiM4qA8ABhcXnkyIJ3xQMJuSd5J9Mo9jJ85g9Pbi3tgoHpg+oUUF0SGhwSz81gwSN6Rw6OgpXFycMYWHMP+Rafzt3Y0tOpb+gb350fce5t0PPiUnt4C8giIihw1qkwIwgG9PH5Z+/xGSP99LarqZ3ZlH7ct7eDN72gTiJkbdVvEXwOjtxXOL5vL+2m2Ys3JIzzhMn949VQAWERERERERERERERERh+VUU1NT09FB3Mpf3lrPXvMxehq7ExtjYkPSDgCeW/RQ/TDO2Sfz2bH7EGcKznOmoAirtQKAbu5uDOjXh8C+vYgyhRERFgzArn1H+NvKjwG4P348s6dN6IAjExFpO/sO5LSqfc/ubjg5OdX/ADd9TMPHgBM3aNfg962WXf+4Jc9vtfxGWtvew7PT3CMlIiIiIiIiIiIi0qmVl9k6OoQuxeGvbq/4xyb2mo/h4uLM/G9OY9iQuwDYkLSDV19fw6RxI5g0fgShdwU2muu24Fwxzs5O9OndeP7XhvMAA/zw2w8yYujA9jsgERGRdmarqqLCaqPCZsNmq6K6uoZOcP+XiDgAJycnnJ2dMBhccDMYcHM31E+10lUpZ4rIV6G8qbwpIq3zdcybIiIi7cGhC8ArE7eSnnGYwL5+5J8tIrV2uOa63wApO+3F3LFR4QwdMoC7xwwHIKCPb32bkivl7Mk8wtETZ9i17wgAA/r14Vtz7yMkuG87HpGIiEj7sVorKbtqxWarppu7K93c3TB4ueDi7NTqHtEi8vVUU1NDVXUNNlsVlZU2Ll4qxWBwxrObO+7urh0dXptSzhSRtqC8qbwpIq3zdcqbIiIi7clhh4B+873NpO06SK+ePjy36CH+752PyT9bhIuLM1VV1QwbchdPPTadtC8Pkrb7IGcLi+tf28PYHaO3fY7Z4ouXKSktr183oF8fJo0fwaRxI9r9mERE7iQNAX1zX6choKuqqim5Uk51dTWenu50c3fr6JBEpAu5aq2grMyKs7Mz3t09cHFx7uiQvhLlTBG505Q3RURap6vlTRERaRkNAd22HLIA/Pq7G/lybxbdvTz44bcfZOCAAArOXagvAkeZwvj+gtmNXpNhPsahI6eazAFcZ9iQu4iJjmD86KHteSgiIu1GBeCb+7oUgK9aK7lcUoaXZze8PN07OhwR6cJKy6yUll3Fx9uTbp20d4Zypoi0J+VNEZHW6Qp5U0REWk4F4LblcFe3P/nsS77cm4Wbq4FFj89k4IAATpwq4G8rP+bCxcvEREew8Fszmrwu2hRGtCms/nnBuWKsFZX4eHvi4+2puSNERKTLK79awZXScnoYvXBzdbiveBHpYrw83XF1dcFyuZSaGg88unWuHmDKmSLS3pQ3RURap7PnTRERkY7kcGfs6RmHAXj6sW8wdPAADh09xevvbuRKaTmTxo3giYSpLdpOwzmARUREurqr1kqulJbT09gdg0E3PYlI+3BzNdDT2J2Llis4OTl1mp4Zypki0lGUN0VEWqez5k0REZGO5nATKLi72b/Eu3t5sCfzKH9+Yy1XSsuZMGZYi4u/IiIiXydVVdVcLinD6OOlC3Ii0u4MBheMPl5cLimjqqq6o8O5JeVMEeloypsiIq3T2fKmiIiII3C4HsBRpjBOnCrgleX/rF82Niqcpx6d3oFRiYiIOK6SK+V4eXbTUHwi0mHcXA14eXaj5Ip9aFBHppwp0vVUV1djs1Vhq6qmurqampoaamru3P6cnMDJyQlnZ2cMLs4YDC44O7fu/nrlTRHpSO2ZN9siZ0LnypsiIiKOwOHO3kP69yX+ntFkHszGYHAhJjqCb9w7tqPDEhERcUhWayXV1dV4ebp3dCgi8jXn5elO8cUKrNZK3B10aD7lTJGuxWaroqLChq2qql33W1MDNTU1VFdXYbNVgbUSg4sLbm6GVvWQVd4UkfbWEXmzrXImdI68KSIi4iicamru5H2xIiLSXvYdyGlV+57d3XBycqr/AW76mIaPASdu0K7B71stu/5xS57favmNtLa9h6fD3SPVrIuWK3h0c6Obu1tHhyIiwlVrBeVXK+hp7N7RoTRLOVOka6iuruGqtcJeSHAwBoML3dzdcHZu2bmn8qaItAdHzZutzZng+HlTRERuX3mZraND6FIcbg5gERERaRlbVRU2W7UuyImIw+jm7obNVt3uvfFaQjlTpGuotFVRWlbucEWMOrba+CpbGJ/ypojcaY6cN1ubM8Gx86aIiIgjUQFYRESkk6qw2uimYa9ExMF0c3elwup4d+0qZ4p0fhWVNsrLrXd0ft+2UFMD5eVWKipblguVN0XkTukMebO1ORMcN2+KiIg4EhWARUREOqkKmw1X184xVLWIfH24uhqosDneBTnlTJHOrdJWxdWrFR0dRqtcvVrRol5typsicid0trzZ0pwJjps3RUREHIkKwCIiIp2UzVaFweDS0WGIiDRiMLg47BCDypkinVN1dQ1Xr1o7OozbcvWqlerqm3e9U94UkbbWWfNmS3ImOG7eFBERcSQqAIuIiHRS1dU1uDg7dXQYIiKNuDg7tejCXXtTzhTpvK5aKxx6+NKbqamxx38zypsi0tY6a95sSc4Ex82bIiIijkQFYBERkU6qpqYGJyddlBMRx+Lk5ESNA15xVM4U6ZxstqpO38vrVsegvCkibamz582WxO+oeVNERMSRqAAsIiIiIiIiIg6poqJrzPHYVY5DRBxfV8g3XeEYREREOpoKwCIiIiIiIiLicKqrq7FVdd5ebA3Zqqqorq7u6DBEpIvrKnlTOVNEROSrUwFYRERERERERBxOZx7CtDld7XhExPF0pTzTlY5FRESkI6gALCIiIiIiIiIOx1bVtXp/dbXjERHH05XyTFc6FhERkY6gArCIiIiIiIiIOJyuNvxnVzseEXE8XSnPdKVjERER6QgqAIuIiIiIiIiIw6mpqenoENpUVzseEXE8XSnPdKVjERER6QgqAIuIiIiIiIiIw+lq1/672vGIiOPpSnmmKx2LiIhIR1ABWERERERERERERERERESki1ABWERERERERERERERERESki1ABWERERERERERERERERESkizB0dAAiIiLSfpJf+QlbCm/dzj9+KUvv87/zAbWIjbwdq/ggKYu8Utsdi+3Auz/hnbPTWLo0Dkc5chHpuiqL9pH43k7ST5dSZgOcDRiDApkSN5l4kz+urdmYOZFFb1mY8x8LmakEJiJdko2iPUms+PQYuYU2KgHc3QkOj2DmjMlE+7Xu8lbGO8tYXhDJi/8RR8AdiVdEREREpGOpACwiIvI1Mnnx84ytbrDgUCK/+rCQSd/9AZMbFA0M7t7tHtuN2A6s4m8fZRM0eR7PTRqAbwfHVvjpK7ySVMjwJ3/Hk8Nb+eIzaaxOLSFq5jTCHectFpF2VmZO5Gdv5eI62MS870cS7usOlwtJ35lK0jsrSRo0mee/Oxq/jg4UyE1bQ9KlMBJmmDB2dDAi8jVVSsY7b7LcDOGTJ7Pk2yH4uYOlwEzq5n0sf+kw4QnzWDLOt6MDBSyYNyWT3mM0CycEd3QwIiIiIvI1pgKwiIjI14jBy5tGdUcvA2DAw9sbbwctSJozDlAe/jBPzxzuECcu/pN+wPMxNgwet/HiS8fZm1GI/70qAIt8feWycX0umOJ4cUEknnWLvY3Ezw0jPv4wG81eDlH8BSg6nkN6gZGZM1ABWDq5Koqz9/DF/vNcbknz7r2JGTWKQb4udzowuZW8L0jMrCL68YUsjvKqX2z0jmXe4FhmHkwmo4cjFH8BrOSac0gPCGPhhI6OReQrshVxfNcB0s+Wtqi5T98I7h4zEF9H+E+biIiIOMR1VBEREZEbKKS4EOjr6TgnLW4eeLt1dBAi0mmV5JJdDKHTh18r/jbkHcFMFQ1E2l5xOm+tzCSvxS/IJSPbxv/73gQcpbT4dWXJyaMIf+aYvJpdbxwWx5R2jknk66B4xxaWJ7folhm7zFyO2R7lRxN73rmgREREpMUc5lqqiIiIOAhLCq/++mO4/3mem3hdN9WKvbzxwmp4+L94enQJya+8wpa+j/F89CneSPySvFIbuPsSPvkxHrtvAI06ydqK2btmJWv35VFuA0PPcOIee4y4u5rvSls31LL9yTv85CcA/kxbupQ4fyg/mULi+mSyzpRjw4BHv3DiZicwqcH26ub1/cHDrmxfn0zWGQMTnnmeWTcZka/8ZDJvrE4m66INDB4ERc7hiYej8HWu2+g7/OSdwvo4KEzmlVe24D/vecbmvUPiF6coaXJ8B3jnJ+9woHYTW175CVsARjzJ7x4fDuWnSPlwLcmHat8bryDC753Jg3cPwtu5uShFpNPy7oWfM5jNBygbFdl8Efg6luPJvP3+AczFNjAYCI6ezOKESPxulh+qLWQlb+LtbfkUWcHVy5eYBx9gflTjUlZl0T5Wvbud9NP2OTVdff2JnT6NBLftfP+t3NpW+3hhyT4AohcsYbHpdg5cpIP5DmZE30zyzrb8JUERoSr+OgBjTyNwmgxzKTFRzReBG2lh/mvCVkj6hxtZlVFMmQ1cfQOZOW82M0Ma77NRTgY8+wczc1Y8ppxEXthssTcqTGLRkiTAqPnZpdPyjQghaFsmedW3bguAsw8jhqj4KyIi4ihcfvnLX/6yo4MQEZGv7mzhpVa193BzwcnJqf4HuOljGj4GnLhBuwa/b7Xs+scteX6r5TfS2vauro5fdSstu0p3r25fbSOFmWzNLGXQhAkMrLu21S0I97xk0g7B0ImD8WnQvCTtn6zJjWD2YyPxcyolJy2N7Iv5HDjmxaQnnmTutFhMXgWkbtlIiiWEKUNrL7RVF5L8x9+xtmgQc55awNxpsQyuOcCG9/5F6ZBYBjczrqhXvyjG3T0YDu7hVMjDPP+9uUyePI5BPVxxPr6Wl19Ppix0DguenMv02GH0PLeDtR+nUjpgMuG9ag9v/1YyC/I5kFGE75ipTIkZiynUF49mPt66tlmHbAya/S2enD0FU68i9iZ/xp7KocQO9mn+PSvNIS0tm7Mn9nLKOIl535rL9DF3UX0yjc+ST+M3KYoAF18Gj5vAxN6FpByuZtJ3l/LkjMlMHh6Au2spaa+/wvoG780w/1KOJH1Cft8pDHWUcWBFWqFN8lMbc5yYehPgdIiktMMk78sDY0/69fDG9Qa35paZE/nFipN4j5vC4gVTmB1pJPdfybx9xI37RgXiClB4iA37rITHRjPYC6CUjJVv89o+N2K/OZvFc8Yxpnc+m1dv41CPkcQE1Q5jcDaZ3/x+B9m9h/H0gtk8Om0IITUFpG7KxvuBWcybHEnA+Qwya0ws+cls5t4TTXRANzrBV6R0EdaKyjbcmicDIwOpPnqEE1du3Tpo8myevSeAtv7n7u7u2uxyx8lR1zhMTH5GXA7tZ9sXu9l9rhyjXx/8urvh0uzpfcvyX0HmDnZf6cuU2IH26VGq89n46j9YVdSXeU/fzxPfGMmwmmO8v2o3V8JHM6yHfev2nHwE69AJPLsgnjkT78Lv4lE2fn6ZMY/OYPbEQDhwhOyQWF75QTzx94wkvMeNYhVpe22aNz37M2bIVQ5nFFJSc4u2zj7c951HmdanbbPmjXImOFCOEhGRNmOrbOldR9IS6gEsIiIi1zEQFT+JLf+7l725swiq7y2bx/bUPHzHPkx4w//XW/y59z8fY2xtx1vviU/yb7zKrzZsJOW+55hkhJIvVrPlbDgPN2x333d4uvxl/vzZXqYviGp6UuLmgbebDx4ugMET7/pJiktI+SSNksEP81+Pjq3tZezN2Eefg7L/5INPUogLm3RtruNyD8Y8s/SmvX7rlfsy+UffYVJtQdo75kmmHfkJq49lUUzQzXsBRSSw9JHw2ifDmfVQHgf+J5ms4xA11D7PcvNzLp/i+EkIfzSBscH2d8E7chbfGTGLNr/qLCIOIWDqAl7yTWLF5mOsfWs1a7H3UAsfO5SZE0cRaqzNiNWHSXw/F89JCSypS2LekSz8NxtlL+xmY95oEoKa2UFWMm9nGoh/9gkSBtgXGUc9xPNVq3lu6xfkjo0nmGKS3ttHrl8kLy6OI8DeiuipCURPsfc0BvA0AM4uGL2NmgNYOj9DEN9YcA/nXvsX5rIbN/MYdg+LpwTpgomjcA5k5rNP4LduC2v37GN5pn1EAs/+gcSOG0f86BDq0mbL8l9TltQtrC0IZP6LDxFbe65qnPoEz5b9Hy8n72bO06Nxrc3JjIznxXkm+w04GImdG0KMzYarwQDuRjydAYMnRm9lTen8DH0nsjjhIr9+P4/yG7Zyx5TwIN/oqznTRUREHEmnv6x4JPs0R7PPcDT7DGXl1o4OR0REpGsInMyEfiXs2pl1bVnWDnZZwrn33uuqDYOHE33dKM7ekWMYQB7Hj9mAEszmvGbbDQgdADnZnGxNbCVmzGcgfER04yGm8SB6RDicOc7higaLe0UxtiXFXwD/4YRfd60uKNAfbGC7xUtDh4Y3XtA3iEDg1jcv+hPkD1kpH3MgvxxbXftOf5YmIjdmwG/UDH76/57j9d88xU+fjmHKQAO5n6fy8ov/x3Jzqb3Z8WNklLsTHXldEvMYSGhAKdk5lma3nmXOocw4kOgBjZd7DgwkuDiP7BKg5BAZpyH07tG1xd+G4ansJV1YtwgWLBhO0I2+Z/sO54dzI2h+ggrpMAZ/YuY+wUu/WcJf/t9DPPuAiXCDhW2Ja1j6YiIZtZWpFuW/Jixk7C+GwWHEXPfBhw7yhxP5ZENtTjYQPa6u+HuNq/KmdGEeEbP54RSfG64PmjKTBREtmdRCRERE2lOnPEMtK7eyIWkHabsONCn6ThgzjPsmRtM/SBOsiIiI3D5vJsSG8/E/09g7J5z3FPApAAAgAElEQVQoNxt7d34J0U/X9+Ct5+bZ9ITC2wdvoPBSMQDlZcDJD/j5Tz5oZl/Dudqa0MrLKQe8uzU9jTF0MwCFlFwC6k4FXBz9dMefuB/8AFYnkvinNMpt9vmMJ903i7ihmnlQpOMVsvG3K1lb2HBZgzkdC5N54bf7KGi42j+SF/8jrmlhtTnuvoQOiyV0WCwJ1cWk/n0lb7+zBfPvH8JktVKGlaTXlpHUzEsDbnADbFm5DSxmXl5ibmatkbJyACtlQICxjXqomRNZVD9ncK2R8bz+pH3C4Ix3lrE8s/FqzScsHcb/Bj3aPINYsGAibTyC6dfPrfLiLfLFrbj6hmCaFIJpElCczmv/k8ryjw7z+ryIluU/7+uXWykrBXK28/0l25t5XTBlAFYrZXjh16NFYd7SzfPiLb57RNpZn8kPsqDwPd462Pjcw2PYPSye3KeDohIREZGbcfQrok2czivkleX/vGFv37RdB0nbdZCnHp3OhDHD2jk6ERGRrsMQOYGx694gJb2EqBF7STnky5h/C2/asKIMG9edVJRcpgTw7eELlOPhCQx9mOfnRjS3p9b1svHwwAOwXW2y19plvni30YW5duMxgLinlxIH2ErzyPrXRhLfeplTj/6Gp6M73emaSBfjT/wzC4lt1JvfgGfdvOl+sfz0l6NpNOOec7fbGy7Z2ZfY0YG8nVVMbhGY3N3xxIvYxY8R38y1VVe35vfi6WEAvwiWPBPTTBG6NvZSdzwBi8UCbTG4c8QMXvnldWMlGLzqH5oSFvLKg41Xu6qLpXQgj4jZ/PAbifzxkyJ7EdjTj4cWzMak6SS/ulvlxVvki1bxjSFmUCrms4UUEdGy/NeEu335sFheSWjmXBcDngDu7nhSSlHDGw2/gpvnxVt894i0O09Mc2fyUNlG1uTYr8l6hIzSiAkiIiIOrFNdUbxQfLm++OvRzZ37JkVz95jh9PL1oazcyr4Dx1m/JY0LFy/z5nub8fBwJ2r4oI4OW0REpHNyDmf8WF9eTd1O2uUD5PWbwNOBzbQ7eoCM8rGNegaX7N/LKYKYFWYAvDGZglj7aS55XmMbzx98O7xNmPqt5eP9GZSPHtvggkM5GfuzoN8sIty+4j7uFHdPPCinvFGXZxs2m6F+xFWDVxDDZ87h3OFX2HL0OEQ3dyFSRNqTq9dN5r91dsfT270VWyskY2cp4eNCaG6wRPPRfPAIIdQP8A0j2uMYWflVJAxq+YgA4aYQPHfmkVttbDKsfT3voUT3TydxtxlLbGzj46umfhh6Tw8DWKu4yXSpdgYvjE161V3j6qE5hMXx9IlJ4IcV7/HHHXDPggTuVs/KtnGrvHiLfNFEoZnU0oHEhjRT/aw+TNZx8BwZiB/g15L814SR6BG+rEo6R65XDKYbnasOsufkjL2HmT/4upsa6/NmbTHZaqUSmgwV3dCt8uJNv3tEOoJzH+5+Yiblb6zjXwznh0+M1YgJIiIiDqxTfU2/8d4n9cXfH3//EWZPm0AvX/scFJ4e7kwYM4wXljxJ/8DeALz13mbNCywiIvIVBMVOIOhiCmu3FxMeO6HpiHkAxkI+e201X+YWU1JSzKn01fx5wyk8oqcxofaqlffdM5lg+JJ3/ucDUo7lUVJSQkn+cVI++jO/emfvLefXbcybSd+YgPfRD3j1vS85daGEkgun+PK9V/ngqDcTvjGp+TgdQWgkJq8SUtas5UB+CSWlNsjfzCsvvMIHn2fZj6WkmFOff0xKIYQPrr2RLWstv/r1r/jbF8XNPyeLtb/+Fb96PY3iZncsIg6j6ChJH61h6YsrWZViJrvIgqXEQtGpfWx8ZwXLv3Qh+ptxhAM4RzBnhj8FG1ax7ON9tW0Lyd6bzPLfriAx7wb7CI9lzqBiEv+wksS9ORSVWLAU5ZC+NZEXfpuEfeBVX+JnRGDMS+eF5Ulk5FmwlOSTlbKGF36xmvTa/0aFjwzB02Jm1YdmcksslOm/V9LF9Jn4KP/9k0e5T8Vfh1WUtZtVf/o/lv5pE0kHa3NaXS78/SZSnYOZPyvM3rhF+a8pY2wsUwzHWP77NSQdzcdSYsGSd4ykD99k6Vu77b2Za3Ny5Zeb+NmqdHtOLsoh/eOVLK3ftpHoSF/I2snyFPv+y1p3oivi2Jz7cN/C7/DfCyeo+CsiIuLgOk0P4NN5hRzNPgPAU49Nv+Ecv54e7vzgqTn817J3KCu3krbrAPdNGtWeoYqIiHQdxgmMD/+YD06PZVLkDU4b+k/jB9F5vLPyFT6w2MDdl/D7vkPCvYOunWg4D2LOz37KgDUr+fidV/nYChg8CBoax2MPRrX+hCRsDku/50vi+o389bcfYMM+b+6cZ+cxobleyo7CeRBzFs3i8tubeed/08B/GkuXTuc7D9tY/dlq/rqh3D6ctlcQ4Q8+x7y64Z9tlymxlOBRbmv+OTYuW0oocS9vZTFdRNqdXyw//fVgMrZtZ+O/PiN1nc1eWDAYCOgfxrwfTSY26FovN+OEJ3jJP5m3P9zOsm3J9h5lvv7ETp/NnKAb7cSXKd9dSEDyJlZ9tIakUsDZgN+AMOZ8+16C65oNnsGL3/fh7XV7WPE/ZioBT39/YuZOI9r9WpslDySyfHMSv0qDgOlP8OJUVcpEpP34TXqKV4eaSdq0m6T3D5NYal/u6uVF8MhYnp8RQ3D9kDAtzH/Xcw5j3i+eIPTDjSS+tZpEK2AwEDxsFAvnjq7vyWuc8AQvemxixaadvPxSKjgbMAYFEp8QU79t44SHePbcGlZsXMPP1mm+cxERERHpGE41NTU1HR1ES6zfksaGpB306unDy79YdMv2b763mbRdBxkc2o8ff/+b7RChiEjH2ncgp1Xte3Z3w8nJqf4HuOljGj4GnLhBuwa/b7Xs+scteX6r5TfS2vYeno5/j9S585fo0/sOT3ZbncUH//UGefc9z3MTr+9XW0jyK6+wpe+T/O7x4Xc2DhHpVNolP7WSI8YkIjd3ueSWg493Oj7ezQ3+7pg5yhFjEpGb62p580Y5E5SjRES6onINndKmOs1gHRcuXgZgyKD+LWofWTv375n883csJhERka6uZEcyX1rDmRTjsIMqi4iIiIiIiIiIiEgDnaYAXDeXr0c391u0tPP0cG/0OhEREWml6lNsTzmFR/QEotw6OhgRERERERERERERaQnHH9+yVv/A3uw7cJyjJ860qP2R46cBGBza706G1WrlVyt4bcUa8gqK+PfvziUkOOCm7S2XS/n9X96n0lbFz374GD2M3dskjg1JO1i/JY0xkUP4zhOzbns71dU1fLk3iw1JOzh/4RIe3dz50fceZkC/Pm0Sp4iIdCDnAcz62e+48beEP3FLf0dcO4YkIiIiIiIiIiIiIjfXaXoA9w/yB+B0XiEXii/fsn3aroP21wX639G4blf5VSubP9tFVVX1Tdul7NzPufMX2ymq1tu87UveWP0Jly5fYdiQuxgTObi+97WIiIiIiIiIiIiIiIiItK9O0wM4avggevX04cLFy/z5rXUsXfzIDQuNb763uX7O4KmTRrVnmK1y8MhJjuWcIXxQcLPrzxYWk7JjfztH1XIlV8rYsfsQbq4Gnvn2nBseh4iIiIiIiIiIiIiIiIi0j07TAxjgqcemA/ZewK8s/ydHsk83Wl9WbuXN9zbX9/6NmxhNL1+fdo+zpawVlWz+bBcVFZVN1tXUQGq6mUuXr3RAZC1zuaSM0rJyvLw86Nvbt6PDERERERERkS7EyamjI2hbXe14RMTxdKU805WORUREpCN0mh7AAENC+/PUo9N5873N9iLwX/5JL18f/HoaARoVhCeMGcajc6Z0VKi3ZPTxom9vX7KO55J5MJsxUeGN1p8pOE/a7kOE3hVIRaWN0rKrAFwpLecPf/uQvILzLJ4/m5HDQhu9rqzcyh/+mkjBuWKeW/QQYQNbPgdy3bzAs6dNoH9gbxI3pHD+wiVcXJwxhYcwb24cPXy6c8lyhZf+uJrii3VDcZfz4xf/CtBoTuELFy+z7pMvyDyUTVm5FTc3V8JCgnj4/kn0C+h9m++ciIiIiIiIfB04OTlRU1PT0WG0GSdVM0TkDutKeVM5U0RE5KvpVAXgI9mn2XfgeKNlF4ovN5oT2KObO7Onjee+2qGfzxSc5/CxXE6czCf7ZD44OTEoJIgB/frQL8CPYUPuatdjqOPi4sK0KWPIf+8Cn32xj+ERA/Ho5gZAVVU1Sf+y9wyeNmUMSf/aXV8A7u7lQUxUOIlnzpG26yDDw0NwcbnWkfvYiTOczj/PyKGhDBwQeFux7d53hK3bdxN6VyAD+vlzJPs0ew8cp6zcyg+enoObm4FoUxjnzhdz6OgpDC4uDA8Pwc3NwMDgAABOnCrgT2+s5UppOYF9ezFyWCjnL1g4fOwUL722mgWPxDcpeouIiIiIiIjUcXZ2prq6qqPDaDPOzp1qEDYR6YS6Ut5UzhQR+f/s3Xl8VPW9//HXZCYzmeyZkEASJgGSECQsIYAYRERRsFVErWJti7du7a221Vbvz17118XbWu/vajerXdxavVal3ipYF/CiiAgiEMISSSBhyZAA2ffJJJPM748kQ8IWQpaZDO/n45FHJud8zzmfM3z9gnnP93xFBmZEBMBV1fW8vvIjtp8Q/k5MHcsoWxSxMZ2PebYnxZORaveuDbxp6xf87R9raXG19jpuy/YCtmwvADpnCt/21auG4S5OlpQwirmzJrPm421s21HIvDlTASgpPcaO/P3MmJrGxAljWbNua6/jsqak8b/rczlQcpSqmnriR0UDncFx9+Ov587O7BUM90d9YzP33vUVUsd1BsgVVbX86o9vUFJ6jLKjlaSOS+TmpQs4UHKEogNlWK0WvnrdZURHhQPQ2trGqtUbaWxycu3iuVx9xUXex7Z8vr2AF197n7c/2MTENDtREWHnVKOIiIiIiIgENpMxCLc7MIIM6LwfEZGhFEjjpsZMERGRgfH7ALh7vd9mpwsAe2IcV8yfSdaUNG/Qeyq/+uPf2bOvBIAli3JIiLeRPHY00ZFhHD5SyeEjFaz/bBcbt+SzbcdefvivNzEhJWFY7qlbkMHAZRfPIHdXEWs+3srUyRMICw3h3bWfYzIZWbRgNm53O7V1vdcBjouNZsqkcXyyeRd5u4tYtGAWAEfLq9l34DD2xLh+Pfr5RNlT073hL4AtOpKkhFHsyC+mrr6pz+OPlFdzoOQo8aOiuWTO1F5rdmRlppI2LonCYgcHDh0ha0raOdcpIiIiIiIigctkMoKrzddlDBqTyejrEkQkwAXSuKkxU0REZGD8+qNUPcNfa4iFm5cu4Mf338rc2ZlnDH9/+l9/Zc++EsbE2/iPB2/j2sVzmT1jErv27Of5v72HOdjEpTnT+b8/+AZTJo3D1drGL3/3N9rbO4bx7jrF2iJZeMkMjpbXsHnbHvbsLWF3wQHmzprM2IQ4PB4PHSes3WEwQM6syVjMwWzJK/CG4/mFB2lodDI7a9IZ35++dM/k7WY0BmEOPvvPCtTUNuBscRERHorZHNxrn9kcTES4FY/Hg6Os4pxrFBERERERkcAWFBSEyRgYAYDJaNTjTEVkyAXKuKkxU0REZOD89m/SnuFvbEwk/3b3Mu+6vmfy7trNlB6txBpi4T8evI0x8TbvvtdXrmP77qJej5K+966vMHd2Ztf+jwb/Rs7CnOwLsCfF88HH21ixah0xURFcdvGMXjNnT5QydjTjkxNwlFWw/1AZzU4XW/IKiImK8Pms2o4OD54TQmsRERERERGR/jKb/f7BZWclUO5DRPxfIIw3gXAPIiIivua3AfCLr73vnfn74/tvxZ4U3+cx7e0dbNi8C4Cbly44af/CS7KZmDqWGScEpF+7YSGxtkg++jSP/MKDg3MDfdbaTmtb5yNZwsOsXLVgFg1NzRyrqGHhJTOItUWe8XizOZicWZPp6PCQu3Mf+/YfxlFWwZRJ44iLjR6OWzitWFskodYQGhqbaW3t/diZ1tY2GhqdGAwG7IlxPqpQRCQwGAwGfeBGRPyOx+PBcKZPMvqIxkyRkclkMo74x4D2dQ8aN0VkMI30cfNs6vfXcVNERMSf+GUAvGr1Ru/jge+5felZP854R34xFVV1zJiaxsUXTjlp/1evu4x/u/vmk8JkizmYhZdkA7A5d88Aqz87ra1umppbvD/PmJbOhVmTSBufxKysjLM6R2bGOOJHRbPji2LefHcDJqORnFmTzzhzeDgkxNsYnzyG8spaPtm8i57/v5iXX0zRwVLGxMcwfpjXXBYRCTRBQQbaO/RLORHxL+0dHoKC/O8XchozRUauEIvZ5/+fe64Mhs76z0TjpogMtpE6bp7NmAn+O26KiIj4E797nkaz08XaT3KBzhm7Gan2sz72ww3bARib0HtmaVV1PavWbCRvdxGxtige+M6yk0LliRPGArBp6xfcfsuXBnIL58RkNHL71/p33ajIMGZMTef9Dz+nvqGZSWnJpIwdPUQVnj2zOZhrF8+lpLScVas3snVHIclJ8VRU1bH/UBkmk4klV+YQFRHm61JFREY0k8mI292OyeiXn+cSkfOU293ul7NONGaKjFxBQQZCQiw4nS5fl9JvISGWPkMKjZsiMthG6rh5NmMm+O+4KSIi4k/87l/xebuLaO76x8m1i+ee0zkSx4zq9XNlTR1zZ2fS7HThKC3HUVZ+0jEpY0cTExV+TtfzpQuzMggPs2IwGMiZNRmzOdjXJQEwISWBh+/7OhdlX0BNbQObtn5BSWk5F6Sn8O/fv4XZMyb5ukQRkRHPbDLR1ub2dRkiIr20tbkxm/zuc6YaM0VGuGCTkZCQvmeF+ZOQEDPBZxFQaNwUkaEw0sbNsx0zwX/HTREREX/id39Tbt9dBMDc2Zln/ejnE7ndvf8H5WxnEQcFDX0ebg0x8+B3v3rW7aOjwvnPR+7qs138qGgyM8ad9XmXLMphyaKcPrd1+9bya/jW8mt6bRufnMDvfvHd014jNiay37OaRUTk7JktJmpqm4gIt/q6FBERrxZXGzHR/vekF42ZIiOfOdiEwWCgpcWFPy9NazB0zmI72yBD46aIDJWRMG72d8wE/x03RURE/InfzQAuLHIAZx/a9hQV2fkXf9GB0n4fe+RYFVU19YSHjaz/sfk8r5DGJiczpqZ7719ERM4PJqMRkymIFlerr0sREQGgxdWKyRSEyeh/j+TTmCkSGIJNRsJCrX776E9TV31nH/5q3BSRoeXP42Z/x0zw73FTRETEn/hdAOxs6Xz8s/UcZv/OnDYRgKIDZSftq6qu974+VbjcfUz21PR+X9dX6uqb2L5rHzFREVwyZ6qvyxERER8IDbHQ3Dyy1nUSkcDV3OwiNOTcnuIzHDRmigSGoCADoVYLoVaL3wQAJqPRW9PZrF/ZTeOmiAwHfxs3z3XMBP8fN0VERPyF3z0CemLqWPYWH+Yvr73P2sT4sz4uI83OwnkziImOoPRoJR99msdlF2d591fW1HlfV1XX0+xswZ50/Pybc/cAkDUlbRDuYnhs3VFIeWUt8y6cQlxstK/LERERH7BYgnG2tNLU7CIsVP8TLCK+09TsIigoCIsl2NelnJbGTJHAYjIZMZmMdHR04Ha3427voKOjA4/HM6SPOjUYwGAwEBQUhMkYhMlkPKclpTRuishw88W4OVhjJoyMcVNERMRfGDwe/1oBwlFazn89s8I7E7g/nn3yftas28rf3/4YozGIP/6/H/Ta/+iTL+EoqyA2JpKbr7uMGV1h7yv/87+s27iDC2dM4q5vXD0o9yEiMtzydh/oV/uYcDMGg8H7BZzxNT1fAwZO067H9762nfj6bH7ua/vp9Le9NdTvPiN1Wu3tHVTVNBAdFYY5eOTULSKBo7XNTW1dE7ExERiNfveQoV40ZoqIP9C4KSLSPyNp3BQRkXPjbHb7uoSA4ncBMHTO0P10y+5+HTPKFsXc2Zm43e388qlXKTl8jAkpCdx75w2Ehob0OnesLdL7819fX82Gzzuv9dC9X2N8csLg3ISIyDBTAHxmgRwAA7S42mhobCYmKtwv13YSkcDldrdTU9dIRHgoISNkNobGTBHxJY2bIiL9MxLHTRER6T8FwIPLLwPggTpyrIo/vvRPyo5WAvD1r1zB+OQx2KIjsYaYqalroK6+iRWrPuZAyREAvn3rEmZNn+jLskVEBkQB8JkFegAM4GxppbHJSVSkZmeIyPBobXNTV99EeJgVa4jZ1+X0i8ZMEfEFjZsiIv0zksdNERHpHwXAgysgA2DoDIFXrFrH7oKDZ2yXNGYU1yzKUfgrIiOeAuAzOx8CYOicnVHf0ExYaIjWaRORIdXU7KKpuYXIiJE7E0NjpogMJ42bIiL9EwjjpoiInD0FwIMrYAPgbpu2fsHHm3Zw+EglLlcrACajkcSEWGZOm8jCS7KxmPUPCBEZ+RQAn9n5EgBD5zptDY1OOjo6CA21EGLRp6RFZPC0uFppbnYRFBRERLh1xK/BpjFTRIaaxk0Rkf4JtHFTRETOjgLgwRXwAXBPR45VARA/KhqjUWvWiEhgUQB8ZudTANzN5WqjucWF291BiCWY4GATJpMRY5Ch3++HiJyfPB4P7R0e3O522trctLjaMJmCCA2xYAmwWRgaM0VkMGjc1LgpIv1zPo2bIiJyZgqAB9d5FQCLiAQyBcBndj4GwN3c7e20uty0ut243e10dHjQX/8icjYMBgNBQQZMJiNmkwmzxYQpwD9IqTFTRAZC46bGTRHpn/Nx3BQRkVNTADy4Aue32yIiInJKJqMRU6iRULROm4hIXzRmioj0j8ZNERERERH/owUUREREREREREREREREREQChAJgEREREREREREREREREZEAoQBYRERERERERERERERERCRAKAAWEREREREREREREREREQkQCoBFRERERERERERERERERAKEAmARERERERERERERERERkQChAFhEREREREREREREREREJEAoABYRERERERERERERERERCRAKgEVEREREREREREREREREAoQCYBERERERERERERERERGRAKEAWEREREREREREREREREQkQCgAFhEREREREREREREREREJEAqARUREREREREREREREREQChAJgEREREREREREREREREZEAoQBYRERERERERERERERERCRAKAAWEREREREREREREREREQkQCoBFRERERERERERERERERAKEAmARERERERERERERERERkQChAFhEREREREREREREREREJEAoABYRERERERERERERERERCRAKgEVEREREREREREREREREAoQCYBERERERERERERERERGRAGHydQEDtSO/mCPl1Rw5VoWjrAJHaTn2pHjsiXEkjI4lId7G9MxUX5cpIiIiIiIiIiIiIiIiIjLkRmwAXFPbwF9XrCG/8OBJ+xyl5ThKy70/Z2aM41+WLSImOmI4SxQRERERERERERERERERGVYGj8fj8XUR/bVp6xe88Op7AIyzjyFn1mTiR0UTPyqG+FHRlFfWUl5ZQ3llLZu2fsFBx1EAbr/lS+TMmuzL0kVEhkze7gP9ah8TbsZgMHi/gDO+pudrwMBp2vX43te2E1+fzc99bT+d/ra3ho7Yz0iJiIiIiIiIiIiIjCjOZrevSwgoI+6328UHy7zh76zpGXz71mu8+9zt7RQWOUgdn0j8qGgALp83gz+99E+27ijkhVffI35UNKnjEn1Su4iIiIiIiIiIiIiIiIjIUBpxM4C/+9BTuFytfPf267xr+1ZU1fL6ynV8sfcQbW1ugoNNTJ6Yws1LFxAX2xkE78gv5vcvvIXFYub3j33Pl7cgIjIkNAP4zDQDWERERERERERERMQ/aQbw4ArydQH98ea7G3C5Wvnywjne8Le6pp6HHnueHfnFhJiDyUi1E2IOZkd+MQ899jzVNfUATM9M5csL5+BytfLmuxt8eRsiIiIiIiIiIiIiIiIiIkNixATA+YUHeXftZsbE27jmyou821/5n7UAzJo+kV89ejcP3L2MXz16N7OmT+y1H+CaKy9iTLyNd9duJr/w4PDegIiIiIiIiIiIiIiIiIjIEBsxAXDxwTIA5s2ZSnBw52M5a+oa2blnP5MnpvDtW5f0av/tW5cweWIKO/fsp6auEYDgYBPz5kztdT4RERERERERERERERERkUAxYgLg/YeOAGBPjPNu6368c+KYUac8pnt7d7uex3efT0REREREREREREREREQkUJh8XcDZKj7UOWM3bVyid9vo+BgA6huaTnlM9/budj2P7z7fcHO2tPK75/5B0YHSU+6Piggje1o6SxblEBEeOoR1uFj5/kY25+6hscnJxAlj+f6dN2CxBA/ZNUVERERERERERERERERkaI2IAPjQ4WO0tLSSnBSP2Xw8oAwPtTIhJYHPtxcwY2q6d91fgK079vL59gImpCQQHmr1bjebg0lOiqektJxDh4+RMnb0sN5LTxmpdmwxEd6f3e529h0o5aNP88gvPMh937qRuNioQb+us6WVp19YSWGxg+iocGZnZZA0ZhRBQYZBv5aIiIiIiIiIiIiIiIiIDJ8REQBHRoQBUF3bcNK+BXOz2H/oCH966W0+y0z1hrs78ou9+0/UfZ7u8/rK5fNmkD0tvdc2d3s7L61Yw6atX/De2s0sv2kRhkHOZYsPllJ0sJTksaP5wbe+QniYte+DRERERERERERERERERMTvjYg1gGOiwomLjaaxycmhw8d67RtnH83UC8YDsCO/mLfXbPKGv1MvGM84e+8ZvocOH6OxyUlcbDQxUeHDcwP9YDIauTRnOtYQM6VHK2lxuQb9Gscqamhv72D0qGiFvyIiIiIiIiIiIiIiIiIBZETMAAaYkJJARVUt+/aXeh/bvGvPAd7453rKjlYCnY9Unpg6lr3FhyksdrBrzwGqakrwM9YAACAASURBVBq48Zr53pB43/5S7/n8VUS4FbM5mPqGZlpb3VhDLHg8UFBUwj/e+YSS0mN4PBAXG83Sq+YyO2uSd5bwgZIj/PpP/0NSwiiWXXspb733KXv3H2b65FRmZ2Xwx5fe9l5nS14hW/IKAfjOv1xL9rR073XefHcDjrJy3O52oiLCmJWVwdKr5mINsXiPf3vNJlat3si1i+cyOi6Gle9vpKKqlru+/mXSJ4zll0+9CsC/3rqE99ZuZlfBATo6OpiQksjtt1xFRHgoK9/fyKef78LZ0kp0VDi3XH85M6ake++no8PDjvwiPtyQx/6SI7S2tmEyGZmUZudrNywkLjb6lPXYE+P4+9vrqaiqxWgMYuqk8XztKwuJjuwd+p+4FrLJZMSeGM/1X57HpLRkDAbO+r0XERkOxypqfV2CiIiIiIiIiIiIjGCj46L7biQj2ogJgKdeMJ7NuXv4ZPMurpifTUOjk7+8/j71Dc3Mv2ga83Om9VrP99DhY6zftJP1n+3kL6+/z08f+CYR4VY+2bzLez5/deRYNY1NTlJTEgmxmAHYklfAi6+9T1BQEJMnjsMaYqaw2MFzr7xLZXUdX144p9c5jlVU8+s/vYGrtY3I8DA6PB4iwkPJmTWZw0cqcZSWE2uLZOKEsQDYYiLxeOC9Dzez8v1PCQoKYlKanbBQK/sPlbH2k1y+2HuQ791xw0nrEn+6ZTfVNQ0EB5uIiQqnvrHZu6++oYnf/PkNYqIjmDltIvsOlFJ0oJSnX1hJRLiVsmNVTJk0npq6RvYfKuOFv73HvXdZSe+qa0teAc//7T2sIWYmThhLRLiVktJy8gsP8dTzb3L/d5YRdcKjvLfmFfLBx1tJHZdIyth4CosdbN9dRLPTxT23X4c1pPM9raiq4zd/foPyylrvWshudzsFRSX84S8rufeur5A6LrHf772IyFDSP85ERERERERERERE5ExGTAA8ZdJ4bNERlB2tZNXqjbS2tlHf0MzMaRNZftOVJ7VPGTua5TddSVNzC9t27mX1R59jNgdTdrQSW3QEUyb5XwDc0eFh734Hr731ER0dHrKnpWOxBOMoq+C1tz4iOjKce++6gTHxNgCanS6efuEt1n26g1nTM4gfdTwUaGh0MnPaRP7l5kW9Zu1OTB3L22s24SgtZ0JyArff8iXvPkdZBf+7PpdQawjfvf06UsclAr3XJV69bgtfv+GKXrNe6+qb+Nr1lzM/ZzpBQZ07ausaO491t/Olyy9kyaK5GAydbf/rmdcpPVpJclI8P7n/X4iMCMXjgZf/voZPNu9i++4ibwA89YIJ/Pv3v0bK2NHec/dsu2vPAeZdOKXX+1jf2OwNbwEqqmr51R/foKT0GGVHK0kdl4i7vZ0Vq9ZRXllLzqzJ3LpsESajEYDW1jaKDpaRYh99Tu+9iIiIiIiIiIiIiIiIiK+MmAA4LDSEL19xEf/9xgd8sH4b7e0dAFy5YOYZj7tywUy27dzLh5/mYTR2Lnn85SsuIiw0ZMhr7ssf/rrqlNuDggxcPm8Gl86dDsDeYgcNjc1cdOlMbwAJEGq1sGDudJ595V3Kjlb2CiFjYyJZtnRBr/C3L7v27KehsZlL5kxlQkqid7vJaOTK+TPZtecA+QUHqW9oIiry+Kzb7KnpXDo365SPQo4ItzJz2kTvvsiIMMYmxHGsooaZ0ycSGREKgMEAF6Qn88nmXd7wuPsexyeP6XVOgwFioiMAqKltOOma2VPTveEvgC06kqSEUezIL6auvgmAY+U1FB8sJSoyjGuuvMgb/gKYzcFMnpgCnNt7LyIiIiIiIiIiIiIiIuIrIyYABrg0ZxoF+w6xdcdeoDMUTu0RVJ5KakoiYaEhNDW30NYGs6ZP5NKcacNRbp8yUu3YYiJ6bUsZO5qszDRibZHebQcdRwH44ONtfPDxtlOeq+xYFVlT0rw/x0RH9Cv8BThyrMp77IlhbkR4KGZzME3NLVTX1vcKgMfE2067Dm5wcHCvsN1gwDuTd0ycrVdbY48Qtpu7vZ3Pcwv46NPtVFbX09jk7PM+oqN6r/NrNAZhDu7d1SuqamlsaiF1XCIR4b0fId3Tubz3IiIiIiIiIiIiIiIiIr4yogJggG/fugTjK++yOXcPTc0tvPja+1wyZypp45NOalt0oJRPNu+iqbkFgDnZF3Dn17883CWf1uXzZpA9Lb3Pdt2zne1J8YxNGHXKNomjYwdcT/d1/IXHA6+99REfb9xBUJCB0XExZGaMIyjI4F3H+Fx1dHjweDx9thuu915ERERERERERERERERkMIy4ABjgzq9/mYmpY1m/aScbt+SzcUs+sbZIEkfHMs4+hoOOo5Qdq6Kquh7onFU7P2ca8y/yj5m//TU2MY4teYWMt4855XrHg32dmtoGPB56zeptaGymtbWNsNAQbNGRpz/JIGp2tnDg0BGCg03cc9tSMjPGefetfP/TAQXAsbZIQq0hVFTV0tDYhDXEfMp2w/Xei4iIiIiIiIiIiIiIiAyGIF8XcK7mXzSNR37wDZbfdCVp45NwudrYtecAb6/ZxK49B3C52kgbn8Tym67kkR98Y8SGvwBTL5hARHgoubv2UXywrNe+1tY2CoocgzJ7t/s623cXsf/Q8eu429v5YP02GpucZE4aR2TE6R+ZPJhMRiMhlpOD2YqqOj7fXjCgcyfE2xifPIa6+ib++cFnuNvbvft6vqfD9d6LiIiIiIiIiIiIiIiIDIYRMQO42eki1Hrq9WznX3R8Zm9tXSOHSstJSYo/aR3Y/p7Xn4xNiOOqy2bz5nsb+H9Pv8aElETiYqNoaHSyd/9hTEYjP/zXG0kZO3rA17lifjYr3/+UJ/6wgklpdsJCrew/VEZFVR0Jo20sXjD7tOv9DjaLJZjsaensO1DKM39ZxQXpyQQZDBQWO7AO8M/NbA7m2sVzKSktZ9PWL9izr4T08Um43e0UFJVgMATxw3+9keSk0cPy3ouIiIiIiIiIiIiIiIgMBr8PgKuq63n0Vy9hT4zngbuXnbHtAcdRnnlxJUsW5XDt4rlnbPvEMytwlJXz4x/eSqxteB5pfK4MBrjy0llMSEngnx98xr4DpRQdKMVsDiZ9fBLXXHkRyUkDDyANBvjS5XMYn5zAm+9uoKDIgdvdTlREGAsvyWbpVXOxhgxvYH7ZxTOwhlh4870N7MgvJjIilKVXXUxjk5O312wa0LknpCTw8H1fZ+V7n7Lji2K25BViMhmxJ8Zz/ZfnkZw0etjeexEREREREREREREREZHBYPB4PB5fF3EmL772Phu35APwwN3LyEi1n7btj37xLFXV9YRaLfzy4btOO7u3sNjBE8+sAGDu7Exu++pVg1+4iMgwy9t9oF/tY8LNGAwG7xdwxtf0fA0YOE27Ht/72nbi67P5ua/tp9Pf9tZQv/+MlIiIiIiIiIiIiEhAcDa7fV1CQPHrNYCrquu94S/A26tPP+Nz45Z8qqrrgc5HO//v+m2nbdvzPD2PExEREREREREREREREREZyfxuBvD/rt9G3u5iKmvqvMHs3NmZFBY5qKrp/NmeFE9oiIVYWyRV1fUUFju8xy9ZlNPr0cAZqXZvu+YWF47ScgBiYyLJSLN7A+ZYWySjYqLImpLKFfNnDtftiogMGs0APjPNABYRERERERERERHxT5oBPLj87rfbq1ZvwtniAsAaYiEjzc7NSy+jsNjB26s34iir8Ia4FB8/LjYmkqwpaVy7eC7NThd5u4uoqukKh4t7X8OeGMeSxXPJSLXT7HR1hsvV9VRV11NSWq4AWERERERERERERERERERGJL+bAewoLee/nlmBs8V10vq8zU4XT/xhBY7ScuyJccydncnrK9cBcNtXr2Lu7Exv2+27i/jLa+/T7Ow8j6O0HEdZBfakeB74zrJe6wN3rzNsDbHwb3cvw54UP3w3LCIySDQD+Mw0A1hEREREREREzlZtSxn7azfjqN9JeeM+qlscNLVW09rejAe/+pW6nIIBA2ZjKGFmG7YQO/Hh6dgjpzEheg7RIYm+Lm/A1D8DX6D34VPRDODB5XcBMPQOge++bSkzpqQB8PSLK8nbXYQ9MY4H7r6ZUKuFjVvyefG19wF49sn7vee495Hf0+x0cfPSBVwxf2ZnePzM6zjKKsiaksY9ty0FoLDYwRPPrFD4KyIjngLgM1MALCIiIiIiIiJn0tRWQ+6Rf7Cz/B2qmktIteWQHJnFmPAMbFY74eZRmI2h3t+JiP/y4KG1vZnG1kqqnQ6ONhZSUp9HcfUmYkOTmRZ/NdkJNxAWHOPrUs9az/5ZUpfn63LEh5KjskZkH+6LAuDB5Ze/3bYnxZORZidvdxGhVgtrP8llbGIcsTGRAFwxf6Z3Bu/c2ZneALiqup6NW/OZOysTa4ila/bvFABCrRaWLJ7LMy+uJNRqobDYweGyCmxd57QnxSn8FRERERERERERETnP1LaU8XHJs2xyvMTMxBtZNOGHpNvm+bosGQADBizGMCzWMGKtKb3+PPdVbyDv2Nv8x/pZ5Nhv5dLku/x6RmXP/qnZvQJQUpdHSV0e7+x7bET0YfENvwyAARxlnev8PvPiSpqdnWsCd4e+ldV1x9t1rQccarXwo188C8Cq1Ru9bR1l5WSk2nu1zdtdxMYt+b3OWVVTP6T3IyIiIiIiIiIiIiL+Ze2Bp/hg/2+4NOXbPHzJZ0SY43xdkgyxdNs80m3zuCr1ATaUvMjjn17ClRPuY+H47/m6tJN0908Fv3IqHjxsdPyVTY6X/LYPi+8E+bqA06mq7gxkm50uJqaOJTYm0hsEFxY7vO0qa463A8iakuad/QvHQ9+exzU7XcTGRDIxday3Xff1RERERERERERERCSwlTbs5umtN3C0aS//NvdDvpT2fxT+nmcizHF8Ke3/8G9zP+Ro016e3noDpQ27fV0WcLx/rtn/a4W/0icPHtbs/7Vf9WHxPb+dAWxPjMNqtXDt4rneGbwbt+Tz2lsfYU88/qjmUV2PcJ47O5NrF80l1hZJVXU9q9ZsZOOWfGJtUT3OGY+jtIJrF+dwxfyZQGcovGr1RpxdQbCIiIiIiIiIiIiIBK7co2+yIv8Brp/0c+Yk3eLrcsTHYq0pfH3KU2wufZWnPl/KsswnyB5zvc/q6e6fCn6lv0rq8vyiD4t/MHg8Ho0iIiIBIG/3gX61jwk3YzAYvF/AGV/T8zWda6mcsl2P731tO/H12fzc1/bT6W97a6jffkZKRERERERERM7RJyXP86njL9wy5bekRGX7uhzxM4fqcnl1971cbP8mlyTfMezX/6Tkef657xfDfl0JPNekP+yTPjwQzma3r0sIKH77CGgRERERERERERERkcHyScnzbClbwV3Z/63wV04pJSqbu7L/my1lK/ik5PlhvbbCXxlM/9z3i2Hvw+JfFACLiIiIiIiIiIiISEDLPfomnzr+wr9M/zOx1hRflyN+LNaawr9M/zOfOv5C7tE3h+WauUffVPgrg+6f+34xbH1Y/I8CYBEREREREREREREJWKUNu1mR/wC3TPmtwl85K7HWFG6Z8ltW5D9AacPuIb1Wd/8UGQrD0YfFPykAFhEREREREREREZGA9Vbhj7l+0s/12Gfpl5SobK6f9HPeKvzxkF7nrcIf48EzpNeQ85cHz5D3YfFPCoBFREREREREREREJCCtPfAU0SFJzEm6xdelyAg0J+kWokOSWHvgqSE5/9oDT1FSlzck5xbpVlKXN2R9WPyXAmARERERERERERERCTi1LWV8sP83XJWqx+vKubsq9QE+2P8balvKBvW83f1TZDgMRR8W/6YAWEREREREREREREQCzsclz3Jpyre17q8MSKw1hUtTvs3HJc8O6nk/LnlWj36WYePBM+h9WPybydcFiIiIiIiIiIiIiIgMpqa2GjY5XuLhSz7zdSkDUp5/O08eXXeavRZMxgVMGvNdrpuYSYSmew2Zecm38YtPLuKK8d8nLDhmwOfr7p8jXuRybkm/k4xIO9bu/udx4XTlU3x0BWuLVzBy5pw+zv0LlxFPPcX7svhzia/rGXybHC8NWh8W/6e/EkREREREREREREQkoOQe+QczE28kwhzn61IGhyGNCFNm7y9jJO721ewuXcLPN66gvMPXRQauCHMcMxNvJPfIPwblfLlH/jHiZ//aUl7hkVk/Iyu6M/x1t7s6v7BgDclmyrjHuWfeC1we6etKpZsHz6D1YfF/mgEsIiIiIiIiIiIiIgFlZ/k7LJrwQ1+XMXgiH+eRWdknb2/cxMtbv85u1494de9V3DvJf9K27tnL8WM2c3/myA/is0YvYc3+X3FJ8h0DPtfO8ncGoSIfsj7E8gk5RBjAWfccb+U/Rp6ze6edrAkPsdC+mHhLKqOVQvmVneXvDEofFv+nGcAiIiIiIiIiIiIiEjBqW8qoai4h3TbP16UMvfAcbhm7HICy6k00+LicQJZum0dVcwm1LQN7qHFtSxkldXmDVJWPpCwgMQhoz2X91p7hL4CDvP3f4cnP72PT4VWsrvZRjXJKJXV5A+7DMjIoABYRERERERERERGRgLG/djOpthxflzFsTLZM4gHa63D21VgGJNWWw/7azQM6x0CP9wfzQ+M7X7QU8eHpGjlX8Vbhkyj/9T+B0Aelb5p8LyIiIiIiIiIiIiIBw1G/k+TILF+XMXw6wH3KHS7K9j3H30tfoqy9AojDFnYXiy+4k6yoE5o6i1if/yTrG9bR0OECQxrxoctYmHEnWTEnNK1Yxzt7n2R7Sz5uLJiCFzPb/jDXje98zHP3o5+7lR+dw4NHO19PSd3P8nGDdN8+kByZhaN+J9ljrj/nczjqdw5iRb6x21XH1URCaA63jIJXK8/+WNvYn/HVlKUkWSIxGYCOesprVvBO3mMU9GwYuYzF45YzOyaNCJOlc1tHPdV1K1i9p/es4xsv2s/sMCg/cilr2x5ncWI2NpMFZ/VP+On2lwFItP+Gm1IWEG/uuq7HhbN5E1sO/IR3jjl6F2m4lquz72d2tB2rAfDUU1178nVHqoH2YRkZNANYRERERERERERERAJGeeM+xoRn+LqMYdNQ+VHnLEtrGvHerS52b13Cb0uepKwdIkyZRBihuukxXt16Ox/2DOxcuby6eRHv1K2mgbTOtkHllDc9xqu5S3jn6PGmzoOP8Z87b2dLSxEYM4kwpUHbKjbtn89v8ztDNJMpvuscXaFdUGbnz101jGRjwjMob9w3oHMM9Hh/UH1ke2efM9jJmpbH/dPuZ3aMvc/jbCmv8P2M5aSERGLyuHC3u3AbIomPvZPlFz3OJG/LO/nWjMe5PC6TCJOls127C4IiscXcyU3THif1FOe3Rj7PTck52LoD4y6TJq/hnonXkmiJxETXdbFgDVvA/MznubHXByIsJKb8J/Nj7AR3uHB3AIau62bej+0c3i9/Ewh9UPqmGcAiIiIiIiIiIiIiEjCqWxzYrH2HUSOe20VZye95uXQ1kMbsMdneXQ17H+TluiKwPM69Fy0jsSsJcB55jme+eIzV+zcxf1QOJqDh0EvktQPhL/DI7AVEdE0bc1dt4u8FuaR2p8r1q3mx+DmcLODyaS+wOK5ru7OIt7YuYtPR58hL+xlZGY/zSMbxmcDx8S9wf2YcgcBmtVPd4ui74RkM9Hi/UH0fKx2pfNWeidUQSXzcPdwYdw83dtRTXZ9LYeWzrD+0qffjn60PsXxCDlZclB99kBfzV3V9cGE5y7N/xpSwpVw+/kcUHAB4joKqy3A6V7K2eAXeFWtH/YEHpy/GFp7DXBsUn/B86YiwNJyNq1hb/CwfVuZ7j1makIYJcNY8yZ9zn+46XyazJ/6My6Py+bCu51ksWI1F5O2+g1ePOQA7WdP+m1vi7JgiF5DDk7wzyG/ncAuIPih9UgAsIiIiIiIiIiIiIgGjqbWacPMoX5cxuOpu5MG1p9uZRqr9eW4c2/1zBVuOrQIymZ9+PPwFsCbcycLDj/Fq/ftsd+Uw2wJt7noAIqxjveEvgCk2h1suPr6WcrnjdQ4BEXEPHQ9/AaxpXDf2Tjbtf47tjofISus9+zKQhJtH0dQ6sFVtB3q8vyjYu4TfVdzJ4gnLyYjqelRyUCS26AXkRC8gZ1wRecV38OrhzrDRNn4BiUFAyzre6g5/AZwv8/Lhq/hpWg5JsffDgScBWL/76ydftHIbNe7F2Ex2bLFw0gLDrtW8tvm+Xo+Snp+c0zlrt3Ud73jDX4B8tuy9kS2nuLey0u7wF8BB3r7tLI6zYzPYSUoGSvr1VvmdQOmDcmYKgEVEREREREREREQkYLS2N2M2hvq6jMFlSCPCeDxYdbrzcQMR4b9heea1pIT3aNtRRGkrgIMtBUvYXtD7VO72zn0NTYAFbGOuI/HIOsoqfsAzeXdx+ZgcUkbFYT0hPShr7lzX11n9A37+8Qn1eTrDsmpXPRAYs31PxWwMpbW9eUDnGOjx/qS65jle3fYcAImjljN19FVMickm3mIBUxpZ6c/T1ryIN6phSkjXVHLLAm5fsKf3iQyWzrDK1LPvZDI7dTlTorOxBUcRERJJMGDqeoy4KfjkepzN23qvI4ydpJDIzn1NG08Z9p6sHueJM2SdLadZZ3tkCqQ+KKenAFhERERERERERERExJ9FPs4js44/4hm3g9WfLeLDxgd569AM7s3s8cjrWgflANTjdOef5oSbONYI2ADbtXxrcguv7X2Mgqr7eLEKwILJspzFqfczP8ECVFDd0nXp9nwaTnPW8hYHgRwAy+mVVb5MWeXLrAYS7X9gefpibEFpTLJfC9WriDd3BrEYLN4Q9yRmOznAJu5k+bz7mWIZ6GzyxUScIigWOR8oABYRERERERERERGRgNE9S9NiDPN1KUPHZGfx5J+xe/uPKDv6Ez5MeIHLbV37wuKxAeUs58Z5P2P2WWRo1oRl3JawDHdLBaXH8imueIm1dc/xzhe5NBjf4Or4SCLMQCtMStnDbQH8mOczGYzZ5WZjKK72pkGqyD+VOb5DcdJ+bGFgMnbO/G1wuwAL7rqneXjrk2c+QfrSrvC3nrLSZ/m4ch15lfnAnXzr0odIPetkKx+nGyVhJwi4JyTIKQX13UREREREREREREREZGQIM9tobK30dRlDz7aUxVF2YB2r963D2b3dkkp8MMA6DpX375SmkDhSUhZw+awX+FHSYiCXgooKwEJSaOcM5EP1Rf06Z0NrP4vwY42tlYSZbX03PIOBHu8XrHeyeHzmGRrkYO2a5etu7/zzL2rp/G6yZjK7r/MHd33AwLmOlwue7gp/AaIwGfpT6CZKW1ydJYfN7fu654mA6IPSJwXAIiIiIiIiIiIiIhIwbCF2qp2OvhuOeBamTLyfRIDG3/Phse7tduaPuRZwsKX4J2yp6X1Uw+EVvLzr+KOh3cVP8+dduZS39m5X3nIYwBu4JabcRQrgrPkBL+6r6LUmqrs+nw+3vExBx/Ft8WFpADjr1lEQIAuoVjsd2ELsfTc8g4Ee7w9mT7yLyye8wYMzH2d+zAn3Y81h/rTHmRQC4OBQ6SoAiotXU9YBmBdw9ayHyLIeP8QWcye3zFnDbQldG9o6Q1tCZrB4dPf5M7k8ezkpp3t89Gl8WLap85Hl5gVcnX1P538vANjJSn+FB2f+jPMtDg2EPih908R3EREREREREREREQkY8eHpHG0sJN02z9elDL3Ia7nG9nv+XJ3L+uLVzB+9mAggIu1+rqv+greaXuaN3BW8ZUzDagA6imjocEHQ/RSTSSoudlf/nuL6J3my3ILpxHZcy4Vju9b0jVzMjfZlPONYQUHJHB4+nElEEOApp6G9AohjdtlyJo3tqi15KbMPPseW9id58ZOPSAnPISZyKbdkpPngjRocRxsLiQ9PH9A54sPTKarZOEgV+UaDsxynJw5b9DKuzl7G1R0u3J6unUGWrg8NuCg/8hNe7p6M73yM1aU5fNWeiTXqTm7JWc5NXR8YMBk7Z/w2xC+DIytg38sUjHmcSWY7WVM+ZsoFrs7zeooob4kkPqQfxR75Cevj32DxqDisMfdz7+Xfxd3Ro05PHJdHwRt1g/HOjAwD7cMyMmgGsIiIiIiIiIiIiIgEDHvkNErq83xdxrBJTb2fFOgM2LonPgfZybloDQ+Of4gUsx3a82lw5+M0ZJMS+wr3X3wPqQBYyJq5mXuTe7dr8NiJj/gZt836DTmRx68VP/FxHsl+hZywHKyerrYdUcSHPcQtWeu5cWyPwoIyuXHW2yyOyMHqyeVQ/dOUuaOG6V0ZGiX1edgjpw3oHAM93h8U7F3CT7f+iA8rcqluc+E2WDAZu7489TQ0rmP97kU8+cW6k4773e7nKGiqx83xY9xtRRQ4fsQLO1Z0tVzBi1t/Ql5jPW5PZ0BscheRt+8ODrX3t1oH63fcyN8PrKa8zQXdtdJVZ/4d51X4C4HRB6VvBo/H4+m72ciwt/gwhcUO7IlxTEy1E2o9PxeiF5HzU97uA/1qHxNuxmAweL+AM76m52vAwGna9fje17YTX5/Nz31tP53+treG6iEZIiIiIiIiIiNRbUsZv/v8Wn48f6uvS5EA8+j6WXz/wlVEhyT23fg0alvK+OWn58HsdPFb/37xhgH14aHibA6QZ8X7iYD47bajtJyn/7KSqup677ZYWyT3fHMp9qR4H1YmIiIiIiIiIiIiIsMpOiSR2NBk9lVvOD8eAy3DYl/1BmJDkwccnEWHJJIclUVJ3fkzS138R3JUll+GvzL4RvwjoB2l5TzxhxW9wl+Aqup6nvjDChyl5T6qTERERERERERERER8YVr81eQde9vXZUgAyTv2NtPirx6Ucw3WeUT6S33v/DGiA+Du8LfZ6QLAnhjHA3cvI2tK5yLyzU6XQmARERERERERERGR80x2wg1sK3uDhtYKX5ciAaChtYJtZW+QnXDDoJwvO+EGtaDjNQAAIABJREFU7/JqIsPFgGHQ+rD4vxEbAJ86/L2ZjFQ799y2VCGwiIiIiIiIiIiIyHkqLDiGHPutbCh50delSADYUPIiOfZbCQuOGZTzdfdPkeE0mH1Y/N+IDIBPF/6GWi3eNvfctpS5szMBhcAiIiIiIiIiIiIi55tLk+/i40N/osp5yNelyAhW5TzEx4f+xKXJdw3qeS9NvkuzgGXYGDAMeh8W/zbiAuCzCX+73fbVqxQCi4iIiIiIiIiIiJyHokMSuXLCfbxf/ISvS5ER7P3iJ7hywn1EhyQO6nm7+6fIcBiKPiz+bUQFwP0Jf7spBBYRERERERERERE5Py0c/z1qW0rZXPqqr0uREWhz6avUtpSycPz3huT8C8d/j+SorCE5t0i35KisIevD4r9GTAB8LuFvt5uXXqYQWEREREREREREROQ8dF3Go7xZ8AiH6nJ9XYqMIIfqcnmz4BGuy3h0SK9zXcajehS0DBkDhiHvw+KfDB6Px+PrIvoykPC3p0effAlHWQUAoVYLD3xnGfak+EGv90ycLa387rl/UHSg9KR9JpOR+Nho5sy8gMsuzsIa0r/7Oxe1dY388qnOT7/9+/duIToq/IztD5Qc4dd/+h+SEkbx/TtvwBpiHvIaB9vbazaxavVGZmdl8K3l1/i6HJFBk7f7QL/ax4SbMRgM3i/gjK/p+Rq8/zA9qV2P731tO/H12fzc1/bT6W97a6ipX+1FRERERERExH/lHn2TNcW/4q7s/ybWmuLrcsTPVTkP8WzuN1iU+kOyx1w/5NfLPfomr+ffP+TXkfPPzZlPDksfHgzOZrevSwgofj8DeLDCX4AH7r4Ze2Ic4B8zgTNS7eTMmuz9mpCcQGVNPW++u4GHf/kC+YUHfVabiIiIiIiIiIiISKDIHnM9F9u/yV93fIsq5yFflyN+rMp5iL/u+BYX2785bMFZ9pjruSb94WG5lpw/rkl/eMSEvzL4/Hp602CGv9A16/fum3nimddxlFV4Q2BfzAQGuHzeDLKnpffa1traxup1W3l37Waee+Vdvnv7daSO08LcIiIiIiIiIiIiIgNxSfIdADyb+w1umfJbUqKyfVyR+JtDdbm8uvteLrZ/09tfhkv39f657xfDel0JTNekPzzsfVj8i9/OAB7s8LdbdwjsTzOBezKbg7nmyhyuvuIimppbeOOf63G2tPq6LBEREREREREREZER75LkO1iU+kP+sPUmNpe+6utyxI9sLn2VP2y9iUWpP/RZcHZJ8h3cnPmk1gSWc2bAwM2ZTyr8Ff+cAXxi+BsbEzko4W+37hD40Sdfoqqm3uczgU9kMMAlc6by2bYvcJSWc7isnPQJY4HOGcJb8gr56NM8So9W4na3YzYHM2v6RG5acinhYVbvedzt7Xz4yXY+3LCd6toGDAYYHRfDlxdexIUzJhEU1PsvkYYmJ2++t4GtO/bS2tpGdFQ4N1x9CRdlT+ZUS2dW19Sz8v1P2VVwgPb2DsbEx3Dz0suYPHFcr/YdHR4+317Au2s/41hFDR4P2KIjuGzeDC6bOx2zOdjbtj/39+eX/8mWvELu+sbV1NY18sH6bbhcrdx711dIHZdIVU09K9/7lG279tHW5iYuNpqblswfpD8lERERERERERERGYmyx1zP6LB03ir8MUU1G7kq9QGtC3weq3Ie4v3iJ6htKeV7F64kKWKKT+vp2T9L6vJ8WouMLMlRWVyX8ajP+7D4B+NPf/rTn/q6iJ5ODH8B7ElxLJg7fVCvExxsYvvuIqpq6gFoc7ezJa+QKRnjiIoMG9Rr9eR2t7M5dw/VtQ3MzsogYXTsqeszmSgoKqH0aCX2pHgmpCQA8PYHn/H3VR+DByal2UkZOxqns4XCIgeHyyrInpqO0WjE44FX3/yQd9duJjjYyLQLJhAfG82R8mo25+4hKMhARqqdFlcrGz7fjdPpYucXxVTX1DN5YgrWEAtHy6vZ+cV+EkbbSOyqs7aukc+27aGjo4PPtn1BU7OLyRNTCAkxc7isgs25ewg2GUkbn9R5v+3tvPzGB6xavRG3u50pGeMZmxhHeVUt23cVcaDkCNMz0wgONvXr/gC27dxL2dEqSg6Xs3VHIUFBBqwhFiZnpGAwBPHrP71BYbEDW3QEUyaNxxxs5MMN26mpbaChyUnSmFHMnD5xyP6sRYbb0fLafrW3mo0YDAbvF3DG1/R8Dd5PIp7Ursf3vrad+Ppsfu5r++n0t31wsN8+JENEREREREREBijSEs+FiTdT0VTMyzu/Q1uHizHhE7EYh+53w+JfGlor+PDA0/xt9/eZPvpqbs78FZEW308Qg+P9M8gQxP6azb4uR/ycAQOLJvzAr/rwuXC3dfi6hIDidzOATwx/h1P3TODf/vy7Prl+T0ZjEOauULTn+zF/zlQunDGJhPhY7yzb1tY2nnr+LfbuP8z+kqNMSrNT39BEfsFBbDGR/J+7bybWFgl0zsbduqOQsV2PwO7mbHGRNSWVW5ctwtQVIL+9ZiNvr9nElu2FZE+d2GtWb2V1HVdfMYdrF1/snUn8+fYCXnztfT7ckEf2tInEj4pmz94SNufuIS42ivu+dSNxsVHee3r6hbcoKHKwaWs+Cy/J7tf99dTiauV7d1zP1AsmYDCAxwMv/30N5ZW15Mya7L0ngOKDZfz+hbcG4U9IRERERERERERERrqF47/HzISv8HHJs/zik4uYmXgjWaOXkG6b5+vSZIjsq95A3rG32Vb2Bjn2W/nRxZ8QHZLo67JOqWf/3OR4CQ8eX5ckfsSAgRz7rVyafJff9mHxHb8LgHuu+QvgKKsY8mv2vJavwuezZYuJPGmb2RxMRLiVtjY3zc0tAAQFGTCZjDQ2OWlsdnoD4KAgAxfOmHTSOSLCrSxeMNsblBoMMDHVTnDwFuoammhxtWINMXvbx8ZEMj9neq/HSM+YksanE8byxd5D7N1/mPhR0Xy+fQ9udzuX5kz3hr/Q+RjuRQtmUXyojNyd+5h34VQsluCzvr+eLp83g2mTJ3h/rm9oYs++EsLDrFw5f6b3ngAmpCQyY0oan2zedfo3WURERERERERERM4b0SGJLJ34E64Y/31yj/yDNft/xau77yPVlkNyZBZjwjOwWe2Em0dhNoZqfdYRwIOH1vZmGlsrqXY6ONpYSEl9HsXVm4gNTWZa/NX83/lbCQuO8XWpfTqxf+4sf0ePhj7PJUdlMS3+arITbhgRfVh8w+8C4AfuXoajtJy5s6fw9IvDM1PTarVwz23XsXHLbr9YAxigvb2D1jY3QK+1j1tcrXz0aR6bt+2hpq7htIF1RHgol+ZM43/e+YRf/OaVrscgj2PG1HQy0uy9QlGA4OBgwkJDem2zmE0ntesWEx2BNaT3mszBwSZG2TpD3praBlyuNqprGgC823uKjAjFHBxMZU09zhYXFkvwWd9fT0ljRvX6ubq2nqbmFqxWCxHhob32GQydtYuIiIiIiIiIiIj0FBYcwyXJd3BJ8h3UtpSxv3YzjvqdFFR+RHWLg6bWalrbmzULcwQwYMBsDCXMbMMWYic+PJ0LRl3O1Wn/PmJnSp6uf5Y37lP/DECn6sP2yGlMiJ4zYvuwDC+/C4AzUu1kpNr7bghUVdfz6K9e6jMkfODuZX2eM9Rq4Yr5M8+6zqHW2OTkaHk1FnMwyV2hdGtrG3/869vkFx7EZDKSNGYUiWM61+bdu/8wVdX1vc5xxfyZzJiSzubte8gvOMimbXv4eNNObNERfOebSxlnHz2k99Dh8dDhOfu/bPp7f6cTFBTU77U+RURERERE/j979x4W5X3n//91M5wGBQUEFRxRwbMmaqQWcjRJY9rUQ9tEk+62XdvNflPT/rrbptd+d7NXt9vvZrfdddvtIfaQbt1N2yvRdtOoTRvNwcQYiMEDNhDFgKcRVJABBphhZpiZ3x8jI8hxcIYZ4Pm4Li7uw+f+3O8b+IPrfs3n8wEAAOgyOTlHK6Z9QiumfSLapQC98PcJYDAxFwCH4kpTy5BGiFZVW4ccKscCv19669B7qr/SrPn5FuXNCAS1zfY2XbjYoLTUFH19yyZNy84Itv/ps3v6DEgzM9L0sXtW6WP3rJLP51dJWYV+9b+v6o+vHdJffebjw66xqblVzg5Xj2mh3W6P6q80S5KmZaXLnJyoKRlpqj5Tqyu2ll592Fsdcns8suRkyZycNKzn68vktIlKMSep3dGhppZWTZ40MXjO7w/UDgAAAAAAAAAAAIxFcdEuIFyKCxdr7X1Fwa/iwsXRLmlY3G6Pfv9KqV569R1NSEnWho/eqsTEBElSUmKiEuJ7Z/anz9Wpqsba45jD6dI7R06ow+UOHouLMzR9aqYSE+LV1u5UZ6d32HU2Ntl1oPS4fL5rI3zLK2tUfbZW6ZNSlWeZJkn60PKFio836c3S42povBYCO5wu7XvjsHw+v1bcNFdJSQkhPd9A0lInaPGCWXJ2uPTKgaNyuz09+jpWUT2cRwYAAAAAAAAAAABi3qgeAdxdceHiHqN8q2qsKimrHPAaS062TtVckCUnOuv+vn7wmMorr4WRjTa7zl64LLfbo9SJKfrCpz+q/FnX5nLvCjbfLDmub//wOS2alydnh0tnzl+SydQzyz9rvaT/2blX/7NTwamUOzrcOll9Xh0uTzB0dXYMPoK6L5PTJurguxUqKz+l2TOnqbHJrtPn6hQXF6cH196h7CmTJUkL583UqhULVVJWqf/33We1oGCm4uNNqqqxyt7q0MK5M1W0cnHIzzcQw5DW3FWoE6fOqezYSVVVn9f8fIucHS7VnK1T+qRUtbU7h/XcAAAAAAAAAAAAQCwbMwHwcDy8YbUe3rA6ave/flRrfLxJ2ZmTteqWhVp96zKZk5N6nDcMaePaO5WeNlGvvnVUZeVVysqcpL/YtEaHjp3U4fKqYNuFc/P0tcce0u9feUcfnKnVuQuXFRdnaGpWuj7+kSIVLltwQ7VPyZykRz5xt373h7d05E+n5PP5NDN3qj75wO1aUDDz2jOZTPrsQ/dpQcFM/eG1d3T8/Rr5/VLG5FQ9uPZOrS6+OTjCOZTnG0xW5iR9/fFNeuH3b+nIex8E+/rzBz+iyw1N2r235IaeHwAAAAAAAAAAAIhFht/v9w/eLDr+fdsOnaq5oHn5M/T1LZt6na+qsWrrtp2SpCe2bOw1Arjr3Nr7irRuTfHIFA0AUVJecSak9ukTE2UYRvBL0oDb6r4tyVA/7bp9H+zY9dtD2R/seH9CbW9OGdefkQIAAAAAAACAEeN0dEa7hDFlzKwBDAAAAAAAAAAAAADj3bgPgBtt9miXAAAAAAAAAAAAAABhMa7nt3z+xf167a2jKi5crM0P3x/tcgAAAAAAAAAAAADghoyKEcCNTZEZpXvq9AVJ0hVbS0T6BwAAAAAAAAAAAICRNDoCYJtdVTXWsPZZVWOVtbZekpRiTg5r3wCA0c/vj3YFAAAAAAAAADD28S42/GJ6CuhbC5foVE1glO627bu0af1qTcmYFDx/oa5hSP00NtmD/UiSta5eu/eWBPeXLykIU8UAgLHC7/fLMIxolwEAAAAAAAAAY5qfBDjsYjoALi5crLfLKnSq5oIcTpe2P//ysPopKatUSVlln+fm5c9QceHiGykTADAG8T8HAAAAAAAAAEQe72LDL+angH588wbdc/uKkK9LSU4atM09t6/Q45s3DKcsAMAY5/fxXwcAAAAAAAAARBrvYsPP8I+ScdWNNrvO19UH1+3tbkrGpD5H8VbVWFVV3XvtYEtutmbmZCszIy0itQJANJRXnAmpffrERBmGEfySNOC2um9LMtRPu27fBzt2/fZQ9gc73p9Q25tMhhKTTCFdAwAAAAAAAAAIjdvlldc7KuLKUWPUBMAAgIERAA8s9PZSsjmmV0oAAAAAAAAAgFGvw9nJNNBhFvNTQAMAEA1+v+Rj6hEAAAAAAAAAiBifz0/4GwEEwAAA9INpRwAAAAAAAAAgcngHGxkEwAAA9MPb6Yt2CQAAAAAAAAAwZvEONjIIgAEA6IffzyfQAAAAAAAAACASvF6mf44UAmAAAAbQySfQAAAAAAAAACDsePcaOQTAAAAMwOf1MwoYAAAAAAAAAMLI6/XLx3vXiCEABgBgEJ0ePokGAAAAAAAAAOHCO9fIIgAGAGAQPp+f6UgAAAAAAAAAIAw6O33y+Rj9G0kEwAAADIHH7ZPfzz8lAAAAAAAAADBcfr9fHjeDbSKNABgAgCHiHxMAAAAAAAAAGD7esY4MAmAAAIbI6/XLw9oUAAAAAAAAABAyj8cnr5dZFkcCATAAACHo9PhYDxgAAAAAAAAAQtDZ6VMng2tGDAEwAAAh8rgJgQEAAAAAAABgKDo7fUz9PMIIgAEAGAZCYAAAAAAAAAAYGOFvdBAAAwAwTB63jzWBAQAAAAAAAKAPHg/hb7TER7sAAABGs06PT36fXwmJcTIMI9rlAAAAAAAAAEBU+f1+edw+eb3+aJcybhEAAwBwg7xev7xOrxIS4xQfz+QaAAAAAAAAAMYnpnyODQTAAACEicftk7fTr/iEOJlMjAYGAAAAAAAAMD54vX51enzy+Rj1GwsIgAEACCOfzy+3y6s4k6H4eIJgAAAAAAAAAGOX1+tXZ6dPPqZ7jikEwAAARIDP65fb65VhSKarQXBcHGEwAAAAAAAAgNHN5/MHlsXr9MlP7huTCIABAIggv1/q9PjU6ZEMQ4qLCwTBRpwhw5AMI/AdAAAAAAAAAGKJ3y/5/f7Ad59fvqtfhL6xjwAYAIAR4vcHpkTxMh0KAAAAAAAAACBC4qJdAAAAAAAAAAAAAAAgPEbFCGCH06Udu/arvKJaDqcrrH0XFy7WpvWrlWJOCmu/AAAAAAAAAAAAADDSYj4AbrTZ9a3vPhv24LdLSVmlrHUN+sZXPxOR/gEAAAAAAAAAAABgpMR8APz0f+8Khr/m5CRZcrMkSZac7GGP2q2qsUqSrLUNcna4ZK2tV0lZpYoLF4enaAAAAAAAAAAAAACIgpgOgK219bLW1kuSLDlZemLLprBO1Xysolrbtu+SJF2xtYStXwAAAAAAAAAAAACIhrhoFzCQYxXVwe21a4rDvk4v6/4CAAAAAAAAAAAAGEtiOgDujrAWAAAAAAAAAAAAAAYWswHwsYpqnaq5ENwvKasMTgcNAAAAAAAAAAAAAOgtJtcAbrTZg2vzdikpq5S1rkHf+Opn+r2upKxS5RXVcjhdsuRm697bVygzIy3S5QIAAAAAAAAAAABATIjJANhsTpI5OUnODlfP48mJfbZ3OF3a+uOdPUYIV9VYVVJWoSe+uFGW3OyI1gsAAAAAAAAAAAAAsSAmA+AUc5K+/Q+Paseu/Sopq5QkbVp/l+6945Y+2+/eW9Ln9NBdwfC/PvlozKwh7Oxw6wc/f0HVZ2p7nYuPNyk7c7JW3bJQq29dJnNyz5o9nk7te+OwLl9p0oqlc7VsScFIlQ0AAAAAAAAAAABgFIjJAFgKhMCZ6dembx5oFO9rbx2VJJmTk/T1LYERv9uff1klZZVyOF0qr6hWceHiiNccqvn5FmWkpwb3G212nb1wWb/7w0G9euCovvDpj2rx/FnB851enyqqzqr6TK2yMidHLQDes69Uu/eWqHDZfP3VZz4elRoAAAAAAAAAAAAA9BazAfBwLF9aEAyKiwsXB0cPX7G1RLOsft1923KtuGluj2Nut0d73zisP7x2SD//9R/0pc9vUP6sHEmBKbD/9ksPR6NUAAAAAAAAAAAAAKNAXLQL6M+OXW+o5HBlj/1jFdUDXlNVY5XDGVg3uCv8laQpGZMiU2QEJCYm6OMfKdID935Y7Y4O/fb3B+TscEe7LAAAAAAAAAAAAACjQEyOALbW1uvVA0d6Hdvx4n4t72Pa467Rvo02u77yDz/qcc6cnDTq1so1DOn2VUv1zpH3Za2t14W6es2dM0OS9LNf/l5l5VX64ufWBUcPdx179M8fUHNLm145cEQul1tfefRTyp+VI2eHS7teLtGhoyfU1u5UYmKCblk6V5/8+O2anDaxx72vbxsfb5IlJ1uf+Nhtcjg69JNn9wTblpVXqay8SpJ61NPYZNeuP76t4+/XyOF0KTExQXNn5+rBtXdoxvSs4PVnzl/U9376v8qdPkUb192pF//4tk6dvqCbF+XrzuKb9fQvXtTkSRP19S2bNCltQo86Pzh9Qd9/5gVNn5qhv/k/D8XMGs8AAAAAAAAAAABANMXkCGBLbrbm5c/odbyvdXwdTpecV0f99sUwJGtdfVjrGwkTJ5g1LTtDLrdH52uHVv/v/nBQv9nzptxuj8zJSXJ2uORwuvSj/3pRrx88phRzslatWKiZudk6dOyEtm7bKVuTPXh9Q2OL/vl7v9Jrbx1VfLxJhcvma+mC2bpU36gf//cudbjcKlq5KDjNdmZGmopWLlLRykXKuLpe8+lzF/XUf/5a7xw9ofTJqSpauUgzc7N14oNz+tcfPKeyYyd71X25wabv/fS3Oll9XhNTzPL5/ZoxbYpmz5yu+ivNqqw626O93y+VHn5fbk+nVt+6nPAXAAAAAAAAAAAAuComRwBL0te3bNLuvSXas69UkvTElo2an2/p1W7rj3fKel1AmpmepsarwabD6dLWbTv7vT5WmUxxSkwI/HocAwTc3XW43PryFz6hpQvnyDACQemvX3hVp05f0AP3rtK6NbcqLs6QJL177KS2P/+y9pcc16ceuF2dXq927n5D9VeaVbRykT678T7Fm0ySAusSV5+t07z8Gbr1Q0u0Z1+prLX1mjNzuj7/yEeD93e7Pdq9t0Rt7U6tW1OsB+79sIzA7YL32/NKqeYVWDQp9dqI3tY2p265aZ4+t+k+mZOvhblFKxepqsaq45U1WrVioUymwOcVGhqbVXHyrLKnTNbi+bOG/0MGAAAAAAAAAAAAxpiYDYCHYvfekmD4a05O0uOfXx8MeRttdj2/a7/Kr64bvP35l/XtJx+NWq0j4e7bluumRXOC+23tDlVVWzUpbYKKCxcHw19JWrpwtmbmZuv02Tq5XB5dsbWo5mytJqVN0Mc/8uFg+CsF1iVeNC9v0PtfrLfpzPlLyp4yWbevWhoMfyVp2eJ8FczKVVWNVWfOXewxLXdmepo2rr+rR/grSYvnz1L2lMk6dfqC6i5dCY48fu/EaTW1tOr+uz/Ua2poAAAAAAAAAAAAYDwb1QHwa28dDW5/fcvGYEAoBaYnfnzzej29fZfKK6rVaLOrpKyyz2mkY5HX65Pb0ylJQ57iOHfalB77tuZW2Vsdcjg79OS//qLPa6ZkTFKHy62Gxma1tXcof1aOUicOL1Rtam6Vs8OlnGmZSkxM6HEuMTFBqRPN8vv9stY19AiA0yen9gp/JWlS2gQtXzpXL7/+rt4tr5IlN1tut0flFTWaOMGsDy2bP6w6AQAAAAAAAAAAgLEqZgPgrdt2qqrG2mN/7X1FWremWJJUVWMNTo2cmZGm8soalVfW9Oqne3haVWMdNQFwW7tTl+ptSkpM0MxuwXYofD6f/H6/khITtGTBbCUm9v51T0gxKyHBJJ/PL7/ff0M1h6OP631o2XwdPPSeyiuqdd+dt+hSvU1nzl/U4vmzlHNd4A0AAAAAAAAAAACMdzEZAFtr63uEv11ePXA0GAB312iza/fekkH7vWJrCUt9keb3S28dek/1V5o1P9+ivBlTh9VPxuQ0TUhJlsvt1tr7ipQ7vf/ANDMjTSnmZDU0Nqu1rV3m5MR+23atxdtfH61tDrndnh59uN0etbY5ZRiGLDlZQ36GnGlTNG/ODB1/v0anz13U8coadXq9Ki5c3G8dAAAAAAAAAAAAwHgVkwmaJTdb99y+QpnpadeO5WTp4Q2rg/tT0if1OW3wQJZ3m3Y40OfwRtZGktvt0e9fKdVLr76jCSnJ2vDRW3tNpzxUaakTtHjBLLW2ObX3jTJ1er09ztddalT9lSZJ0vTsDM2eOU0t9nb9/pV3erR1uz06WW2V1+uTJOVMzZRhGLp8pVlt7c5gu64+6q80661D76n7YODyyhpVn63VtOx0zc6bPuRnMJnigqO2f/eHgzr+fo0sOVmaO2dGyD8PAAAAAAAAAAAAYKyLyRHAkvTwhtVKMSdpz75SSdKmDas1P98SPJ+ZkaYfPPWlHtdYa+vl6HAF9y052QOunzvUtXUj5fWDx1ReWR3cb7TZdfbCZbndHqVOTNEXPv1R5c/KGXb/hiF97O4P6cy5iyo9/L4qq85qfr5FcXFxOnP+khoam1W0cpE+t3GNEhMTtG5Nsc7X1qv08Ps68cF5zZ2dq85Or05Wn5dhxOmrjz2ovBlTNTtvuqZlp+v8hcv6l+//WnPycrTy5nlatqQg2MfuvSU6fLxKM3Oz1dDYotPn6hQfH6+1HynSpNTQ1hieO2eGLDlZOmu9LElac1dh1H93AAAAAAAAAAAAQCyK2QB4OCzDWCv3nttXqLHJrlsLl0SgooFdP811fLxJ2ZmTteqWhVp967KQRzj3JSM9TU9s2ajX3jqmg4fe0+HjpwLHJ6dq3Zpi3XP7csXFGZKkOXnT9eRf/5l2/fFtHX+/RmXlVYqPN8mSk61PfOw2zcwNTEU9KXWCvvLop7Tjxf167+QZHTp6QlOz0rVsSUGvPmovXlFiYoIWzs3Tg2vv0IzpQ5/+uUuKOUmFyxborPWy0ielatl1I7kBAAAAAAAAAAAABBh+f/eJemOHw+nSjl37VVJWKSkwIvie21f02Xbrtp19rhnc3RNbNvYYQYzRZd8bh/WbPW/q9lVL9ZmH7pNhRLsiIPaUV5wJqX36xEQZhhH8kjTgtrpvSzLUT7tu3wc7dv32UPYHO96fUNsDAAAAAAAAADAaxeQawA6nS3/31DPB8FeSnn9xv7Zu29ln+8HCX0mqqh68DWKTw+lSWflJJSUmqGjlIsJfAACJh/fEAAAgAElEQVQAAAAAAAAAoB8xOQV0o61FDqer1/ErtpY+299z+wpZ6+oH7DMaUzwjPD44fUHWugbdvChfc/KGvyYyAESbYUhxcYbi4gwZcYYCA6sNPtgCAAAAAAAAIOb4/ZLf7w989/nlu/oVm3MLo7uYDIAtudnasnm9Xj1wRKdqLkiSigsX695+poB+eMPqYd/rWEW1bE12Fa1crBTzja+5i/Byuz3a/3a5pMDfgMkUk4PWAaBfhiGZ4uNkMhnBNdcBAAAAAAAAINZ1DWCRJJmuvdv0+fzyev3ydvoIg2NUTAbAkrR8SYGstfU9AmBLbnZY79Fos2vb9l2SAp9guPeOW8LaP25cYmKC/vqvPhXtMgAgZHEmQ/FXg18AAAAAAAAAGCu6ZjlMSIiT1+tXZ6dPPi9JcCyJ2QD4en1NCX2jrjRdm1I6Ev0DAMafuDhD8QkEvwAAAAAAAADGPpPJkMlkCgTBHp98PoLgWBDT8+l2H/G7Z19p2ENaQl8AQDglJMYpKdlE+AsAAAAAAABgXDGZDCUlm5SQGNPR47gR0yOAly8pkCUnS9a6Bllr6/V3Tz0jS0625hdYbrjvK7YWlVdUB/enZEy64T4BAOOTyWQoITHu2noYAAAAAAAAADAOdS2L53H75GVa6Kgx/P7YXp7ZWluvf9+2U86OyI3WteRk6Rtf+2zE+geAkVBecSak9ukTE2UYRvBL0oDb6r4tyVA/7bp9H+zY9dtD2R/seH8iFc7GJ8QpIYFPtQEAAAAAAABAdx6PT50eX7TLGJdiPgCWAlM179i1X8feqw57EFxcuFib1q9WijkprP0CwEgjAB5YJALghMQ4xccT/gIAAAAAAABAXzo7ffK4CYFH2qgIgAEAgyMAHli4A2DCXwAAAAAAAAAYHCHwyOPNNQAAISL8BQAAAAAAAIChiY+PU0Ii71NHEj9tAABCEJ9A+AsAAAAAAAAAoYiPj1N8Au9VRwo/aQAAhshkMpTAPykAAAAAAAAAELKEhDiZTOFdqg994y02AABDxDQlAAAAAAAAADB8vGMdGfyUAQAYgoTEOBkGn04DAAAAAAAAgOEyDIMQeATwEwYAYBBxcQbr/gIAAAAAAABAGMTHxykujsE2kcTbbAAABhHPur8AAAAAAAAAEDa8c40sfroAAAwgzmTIZOLTaAAAAAAAAAAQLiaToTjeu0YMATAAAANg6mcAAAAAAAAACD/evUYOP1kAAPphGGL0LwAAAAAAAABEgMlkyOD1a0QQAAMA0A8Tn0ADAAAAAAAAgIjhHWxk8FMFAKAfjP4FAAAAAAAAgMjhHWxkEAADANAHw5Di4vjnAwAAAAAAAAAiJS6OaaAjgQAYAIA+EP4CAAAAAAAAQOTxLjb8CIABAOgD/3QAAAAAAAAAQOTxLjb8CIABAOiDwT8dAAAAAAAAABBxvIsNPwJgABgjjBAWSgil7XjFjwgAAAAAAAAAIo93seFHAAwAY0RSYkJE2o5XhOQAAAAAAAAAEHm8iw0/AmAAGCNSJ6REpO14xf8cAAAAAAAAABB5vIsNPwJgABgjMianKjkpcdB2yUmJypicOgIVAQAAAAAAAACAkUYADABjSE525oAhcHJSonKyM0ewIgAAAAAAAAAAMJLio10AACB8EhLilZc7VbbmVrW2O+RyeyQF1vxNnZDCyF8AAAAAAAAAAMY4AmAAGIMyJqcS9gIAAAAAAAAAMA6NiQC4qsaqHbvekLW2PngsMyNNmx++X/PzLVGsDAAAAAAAAAAAAABGzqhfA/hYRbW2btvZI/yVpEabXVu37dSxiuooVQYAAAAAAAAAAAAAI2vUB8A7du0PbltysrT2viJZcrL6PA8AAAAAAAAAAAAAY9momALa4XTptbeOqqraKkmy5GZr7X1FSjEnqdFmDxzLydI3vvZZSdK6NcX61n88K2tdQ/C8w+nSnn2lwZHC8wssuuf2FUoxJ0XhiQAAAAAAAAAAAAAg/GI+AHY4Xdr6455TPFfVWFVVY9Wm9XcFjy1bUtDjumVLCmSta5AklVdUa3e38Lerj2MV1XriixsJgQEAAAAAAAAAAACMCTE9BXRf4W8Xa229tm7bGdy/PsTtvv/09l399/HjnXI4XWGsGgAAAAAAAAAAAACiI6ZHAL964EgwuLXkZOnxzRtkNidp67YdwdG9XeeKC5f0uLa4cIlKyip7tXtiyyZJCvZhra3XqweOaN2a4hF4IgAAoqvdY1ONrVTn7eW61FYlm9OqNvcVub0O+eWPdnkII0OGEk0pmpg4RRlmi6ZNnK+ZacuUn1GkCQkZ0S4PAAAAAAAAQIQYfr8/Zt/2/vu2HTpVc0GS9O0nH1VmRpqkwMjgkrIKOZwupZiTVFy4pM9pnAdq53C69JV/+JEkaV7+DH39ajAMAKOV09EZUvv6+ssyDCP4JWnAbXXfViBc6rNdt++DHbt+eyj7gx3vT6jtzSkx/RmpkB2u+43KL+/RB7aD0S4FMWBuxm1aNnWtVuY8FO1SAAAAAAAAgJDfb2Ngo+bttrlbwJtiTtK9d9zS47zD6dKFq6N9zcmJsuRm99kOAIDx5I1zP9HB89vV6m4YvDHGjQ9sB/WB7aBertmq22Zu1l15j0W7JAAAAAAAAABhEtMBsCUnOzgCeOuPd+qJL27sc6Tv8y/u12tvHe11fPmSAt1zxwrNz7f0ON61tnD3+4wUZ4dbP/j5C6q9eEV/838+pdkzpw/YvsXern/ftkOeTq/+7suPaPKkiSHdr6GxWXv3l0mS1qwuVFbm5GHXDgAYPf50+SW9XLNVjc5z0S4FMazV3aA/Vv+b3q3dofvzn9BNUx+IdkkAAAAAAAAAblBctAsYyLo1xbLkZEmSrLX1Kimr6LNdSVlln8ePVVRr67ad2v78y3I4Xd3aV/RYWzga6/86O1x6+fUyeb2+AdsdeOdPutzQNOz7tLU79e6xKr17rEpt7c5h9/OzX/5ej37tP7RnX+mw+wAAjIwXTj6pX1d8mfAXQ9boPKdfV3xZL5x8MtqlAAAAAAAAALhBMR0Ap5iTtLZbONs9xO3u4Q2re+xnpqcFg2MpEBDv2LW/z342bVjd56jikVBZdVYfnLnQ7/lL9TYdKP3TDd1j9szp+sFTX9IPnvrSoKONAQCjW1NHrbYdflCHap+LdikYpQ7VPqdthx9UU0dttEsBAAAAAAAAMEwxOQX0sYpq7di1X402e4/j/QW1xYWLJUnbn39ZktTYZNe6NfdLCkwP7exwqaSsUpacLN17xy09+tm6LTAVdGZGmjatX63lSwrC/jz9cbk9evn1Ms2ZOV2JiQk9zvn90sFD76nZ3jZi9QAARq/L7R/of47/FaN+ccPOtRzVM0f/XJ+7+WeaOmFutMsBAAAAAAAAECLD7/f7o11Ed1U11mAo250lJ0tPbNmkFHNScM3f4sLF2vzw/cE2JWWVwRBYkr7x1c9Ikr713V9KCoS8337y0cAawNt2yFrX0Os+Wzavj2gI3LUGcENjs6ZlZaj6bK2+8MhHVbh8QY921roGfe+nv1X2lMlyezrV7ujosQaw2+1RWXmV9r9drtpLV9TZ6VViYoJW3jxPD629UxMnmCVJzS1t+tcfBkaCdV3f/diXPr9Brx44osPHT8nt9mjypIn65AO368MrFskwpD37SrV7b0mv5zAnJwXXMPb7pZPV5/XCS2/pfO1l+f1SVuZkrb+/WIXLFsgwAtecOX9R3/vp/yp3+hQ98om79bs/vKWT1VZ5vT5Ny07XIxvu1sJ5ecF7+Hx+Ha+s1usHy3X6/EW53R7Fx5u0oMCiT3/ynh7rGXfV2TVt+G/2HFBDY7NMpjgtXTBbn/7UPZqc1nP9ZGeHS7teLtGhoyfU1u5UfLxJlpxsfeJjt2lBwUwZhob8bEAscDo6Q2pfX39ZhmEEvyQNuK3u25IM9dOu2/fBjl2/PZT9wY73J9T25pSY/IxUn5o6avXM0T8n/EVYZZrz9OiKXyk9OTfapQAAAAAAAGCMC/X9NgZm+uY3v/nNaBfR3dYf75Tz6hTNlpws3Vl0s5YvKdCmDXcHR+5+/5kXJAVC0sYmezCwteRmq7HJHgx2C5cv0Jy8nOAxp9Ol5UsKNCVjkgqXL9Ck1BTNyZsup9Mle6tDknT6/EXde8ctEXu+zk6vDh09IZfbo09+7HZVVp1VQ2OLbrlpnhLiTZIkr9en/33pgGovXtFD6+7SOetlOTvcun3VUiUnJ0qS9rzyjn6z+03JLy0osChvxlQ5nR2qqrbqQl2DViydK5PJpA6XWwffDayd3HV91zGn06U/vV8jW5Ndi+blyZycpEv1Nv3p/dOaPjVDOVMz5XS6FB9vkrPDJafTJUtuthbPz9PM3GwtmpenCSnJKis/qZ8+u0dtjg4tKJipvBnZutxg0ztHTig+Pk5z58yQFAij3zlyQm63R4eOnpDP59eieXny+f26eNmm906c0YICSzDkfvfYSf3sVy/J4exQwexc5c/Kkdfr0+lzF/X+qbNacdM8JScFfh6nai6oqsaq1jaHSg8HRnvnzZgqe2u7zl24rPMX6rV86dzgz7ihsUX/9vTzqjh5RikpyVq6cLayMibprPWSDpdXaX6+RRmTU4f8bEAs6PQMvKb49drb2wmAB5CQENOrJPSwvfzzuth2MtplYIxxdrbIaj+uwpyN0S4FAAAAAAAAY1yo77cxsJgb3tQ17bMlJ0vf+Npne5231tb32C8pq5Sk4EjgK7aW4DlLTrakwJrAXRwdgXA5xZwUDHrXrSnWt/7j2UCgfN2005GUO32Kilcu0r43j+jI8SrdtmqpJOl87WUdrzyt5UsLNG/ODO1743Cva+9YtVQfWr5A07Mzg6NQ3W6PfvhfL+rU6Qs6ff6SFhRYBry/s8OlZUvy9dmN9yneZJLfL+3ZV6I9+0pVdqxKK5bO07IlBVq2pEA/++Xv1WgLhO1r7ysK9mGta9DzL+7X5LSJ+sqjn9S07AxJgXWWn/7Fi3rj7eNaefN8ZU+5Nlq3pbVd69YU64F7PyzDkDq9Xm1/7mW9e+ykjlfWaJZlmiRp6cI5+rv/79PKmzFVcXGBh/T7pV/+Zp/eOvSe3jtxRrd9aEmPZ7K3OfSVRz+l/Fk5kqSGxmZ99ye/1fnay6q7dEX5s3LU6fVq5+43VH+lWUUrFwWfv+tnWH22TnmWqcN6NgAYaS+cfFLnWo5GuwyMUedajuqFk0/qkwueinYpAAAAAAAAAIYoZoc3LetnGuauALe7krJKbd22U1u37dSpmguSAgFy14jhxqZroW5Kct/rCPd3v0iKMwytvnW5pmRM0r43D6ultV2dXq/+8Nq7io836b67CtXZ6VVzS+91gDPS05Qz9Vr4K0mJiQlKnWiWx9Mph6Nj0PunTjRrzV2FwfDTMKR5+RYlJMSrpbVdHS73oH2cujrqdvnSgmBAKgUC9ruKb1azvU11l670uGZqVrruLLopWHu8yRSc+vlyQ1OPPmbPnBYMf7tqTJ+cKklqam7tVc+KpXOD4a8kZUxOU+70KXJ2uNVibw/co75JNWdrNSltgj7+kQ8Hn18K/AwXzctTvMk0rGcDgJH0p8sv6VDtc9EuA2Pcodrn9KfLL0W7DAAAAAAAAABDFHMjgLuUV9Zo3ZriXse7RvUGtrN0xWaXs8Olqhprj3bz8gOjXxtt9uAo4cz0NFlys9WX8sqacJUeksyMNN1z+3Lt2PWGDh05oelTM1Vx8ozuuW25ZkzPUou9Tb4+lmnucLm1/+1yHTpyQk0trXI4ewfjg0lISNCElOQex5IS43sEooM5a70kSXrlzSN65c0jfbapu9zYI2CfOMGs+Pief3p9BfOdXq/ePXpS+98+pis2u9ranYPW0zV9dBeTKU6JCT3v1dDYrLb2DuXPylHqxAn99jWcZwOAkfRyzdZol4Bx4uWarbpp6gPRLgMAAAAAAADAEMRcAJyZnhZYs7e2Xlu37dT8AotSzEkqWrlYKeYkpZiTZE5OkrPDJUeHS1/fslH/vm2nnFdHBs/LnyFLTnYwPD5W8UGwb2eHSw6nKzgyWApM57tt+67g1NLdp4seKatWLFTJ4ff1yptHlJycqPRJqVp963L1t1yl2+3RT/5njyqrzio+3qTcaVOUMy1TknTq9IURncba6w3MyW7JzdaM6VP6bJMzNTPkfv1+6fkX9+vNkuOKizM0NStdi+fPUlycoQsXr/SaCjwUPp9f/j5C9etF6tkAIBzeOPcTNTrPRbsMjBONznN649xPdFfeY9EuBQAAAAAAAMAgYi4A3rRhtbZt3yVJqqqxBkf2vl1WqSe+uFEp5iQtX1qgkrJKNdrsqqqx6h+/9lldaWrR/Pzea94WFy5RSVmlrHUNcjhd+runntE3vvpZZWYEgt5XDxzpMXp404bVI/CUktfrldvjkRQYEXv/XSv1X8/9US2t7dq0/q5gfX1ptrfpwsUGpaWm6OtbNgWnJ/b7pZ8+uyciAbDJ1Pds4TNyslRWXqXZlmn6zEMfCdv9HM4OnTl3UQkJ8Xp883otnj8reG7Xy2/fUACcmZGmFHOyGhqb1drWLnNyYp/tIvVsABAOB89vj3YJGGcOnt9OAAwAAAAAAACMAjG3BvDyJQXasnl9r5G41tp6lZRVSJLW3Xdtaug9+0p7hb+NNrtee+tocLTvE1s2yZKTJSkw4vfp/7424teSmy1zcpIy09O0ZfN6LR+h6Xzd7k61d1und/lNc/WhZQtUMDtXK5fNH/DapMREJcT3zu5Pn6vrNRV2uEy/OtL1fG29Or3e4PGlC+codWKKjr73gWrO1vW4xu326GS1NTiSNhTxJpOSk3oHsw2NLXr32MmQ++tuenaGZs+cphZ7u37/yjs9nqd7zZF6NgC4UYfrfqNWd0O0yxiV8pe8qe/cc1rfuf0XKryBfh788Gl9557T+uaKvxzaBYv2Be575691xw3cN5pa3Q06XPebaJcBAAAAAAAAYBAxNwJYCoTAXUHssYrq4IjgrnVuA+vmrgiGvFu37ZQlN1vLlxTIWluvqhqrHE5Xj1HDT2zZpK3bdsha1xCYXvrHO/XEFzcG7vXUl6L2rF3iTSZ9/tMfHVLbtNQJWrxglt4sOa5v//A5LZqXJ2eHS2fOX+p3pO6NWrpwjl49cFTHK2v0z9/7lWbmZuvu21Yob8ZU3b+6UL/740H929PPa05ejrIyJ6m1zalTpy8o3mTSVx97UHkzpoZ0v6SkBK24aa4+OFOrbf+9WwvnzlScYaiqxiqzufd6waFITEzQujXFOl9br9LD7+vEB+c1d3auOju9Oll9XoYRp68+9qBm5kbm2QDgRpVf3hPtEkapjboj/eoHxhKLVDhbKjsT3YpGm/LLe7Qy56FolwEAAAAAAABgADE3Arg7h9OlPftKg/vd1+59eMNqFRcuDu5ba+u1e2+JjlVUB4PirqB3oJHAXW1HE8OQNq69Uxvuv1WGYaisvEqXG5r0F5vWaF4f02CHgyUnS1997EHNyZuui5cbVXr4fdma7DIM6SN3rtTXHntIC+fmBUPVU6cvaO7sXH35Cxs0M3d4AenqW5frLzatUYo5Sccra1Rzrk7r779VxSsXD37xIObkTdeTf/1nKrplkdxuj8rKq/TeyTOalp2pxz63VjNzp0b02QBguNo9Nn1gOxjtMkan2RtVkCjJL0lJysv6J2VEuaTR5gPbQbV7bNEuAwAAAAAAAMAADL/f7492Ef15/sX9eu2to5ICAeQTWzb1CIGlwAjhPXtLZK27NhVmZnqaUsxJwWOW3OzgSODAiOEdwXMp5iQ98cWNsuRmj9BTAUBkOB2dIbWvr78swzCCX5IG3Fb3bUmG+mnX7ftgx67fHsr+YMf7E2p7c0pMTpKhP11+Sb+u+HK0y4ioO5Yd0h16Rv9c/vMw9mrRhg+9qaJUyXZ5pzqyNyrHsKr82J16bhh55oMfPq3CCZKz6V/0zaNDqHPRPn1neoHUWaqX3vwzHQj9ljHjz5b8UDdNfSDaZQAAAAAAAGAMCfX9NgYWm2+3r7LW1Qe3+wp/pZ7TRTfa7MrMCKwd3D3o7T7l8/XTQXeNBH78L9YTAgMAYt55e3m0S4i47OQspaogvJ1mfE3zUyX5K1VV839lT1qvnMkW5c/cKNl2hvdeY9x5ezkBMAAAAAAAABDDYnoK6P44nC699tZR7dlXGlwHWFIw/JXUa8rngaaDbrTZ9fR/71KjzT7yDwMAQAgutVVFu4RRqXBmUWC657ZSveiUXq8rVauk1MkbdXe/V1m0bO4v9LU7Tug795zWd+45rW/e+ms9MLX/5RYypv69Nn+4XE/dHWj/nTvf1F/NXTempprmbxAAAAAAAACIbTEdAM/vtp5tV3jrcLq09cc79fyL+7V7b4mef3F/8Nz1Qg2Bv/XdZ0flmsAAgPHD5rRGu4RR6HEVTs6S5NK5hn8JHLr4jGqckkwrtHRe34HugkX/pYdm3qXshCTJ71Kn16WEpCLdsei/lGfq44Ip39bmRX+pBRPSFG9InV6XOuMsyp/5HW1O7T2LyWjF3yAAAAAAAAAQ22I6AL73jlt6hLdf+Ycf6Sv/8CNZa+t7tLPW1qukrKLPPkIJgR1Ol7Y//3IEnwgAgBvT5r4S7RLCzKL87HVaNu3alzlOUtykHseWZRcNexRtxrz7A4Gtu1RlZ7qOlmpvc7UkKWfK15Tf66Jv64FpBYqX5Gz6D33/9YV68o2FerL0r1XutCg7+foLivRgwUZlx0nylGpv2ZxA+/136rlLVmVM7H/U8Ggz9v4GAQAAAAAAgLElpgPg6wPa7iw5WXpiy8bg/vUjd7umiW602YcUAmemB6aPLq+ojuATAQBwY9xeR7RLCK/Z39Pnl/6nHll87WuJWZJ5TY9jjyz9hR6ePZwbFGnNlMWSJFvTMyrrdsZ2plR1fknmIt0xvedV+blFyjYkeY/qwNGnVdd1wrlbz53aK9v1t8n4rPInSJJL56x/pteDq0pYVV75j6pwDqf22DTm/gYBAAAAAACAMSY+2gUMpiugffXAEVXVBKYctORka92aYqWYr02nWF5Zo3VrioP727bvUlWNVa8cOKJvP/losJ+t23bIWtcQDIEf/4v1ysxIU0pKshqbWAMYAIARdeZv9Iv25Urt9pG0pXP+U0u0V8+d/uO1g74Gna/vffmgpj+qfLMkf6Wqakp7nnP+o95r2aicyVkqyHlcuvh08FRBUnZgw3FUr1/fp+111bvXKSOx27HJWUqTJH+1zp25/oJSnWhv0DJz7w+0AQAAAAAAAEC4xXwALAVC4O7hbneZ6WlqbLLLWluvb333l1q+pEDHKqqvTRPt79nP9SHwt777rDIzJgXbd40EBgAgFiWaUuTytke7jDCyqqa+55qyBbP+U1KLyi/tvuHe784pUmqgVxWuOqHC6xsYgQ+TxU+6XxvMT+vFqyN1U+MDx52dfaXOu9Xq+U+pewCcnBb4p8prV2sfV5R7WvSIxkYAnGhKiXYJAAAAAAAAAAYQ01NAD8WmDauD29baeu3eW9JjjeDu56Xe00o7nK4B2wMAEEsmJk6Jdgmjh/mftHTS1dlCjCTFm/r46vpPyFis+flFwUtbOwNLS5jjs/voeJ1SE6471GFXpySZ0q4Gzj0tS5h0Y88SQ/gbBAAAAAAAAGLbqBgBPJDlSwq0ZfN67Xhxf48pnDPT07Rpw2otX1LQ65quEHjHrv069l61nB0uWXKytGnDas3Pt4xk+QAAhCTDbFGj81y0yxgV8vPvUo4hyf2GfvvW53us/9tdxqJ9+tvpBcpIf1SFKlWZpDKHVXdPKpBSVuhuqec00Bl3Kzvxuk4uVss2e4WyjQLlzZbUYxroIi2cMDZG/0qBv0EAAAAAAAAAsWvUB8BSIATuK+gdSIo5SZsfvl+bH45QUQAARMC0ifP1ge1gtMuIqPqOBrWq+gZ72ag70gNBpa3pmX7DX0mynSlV3bQC5SQWqXC2VHam2zHTCt2x8u9Vd/hfdFKSzOv0yLw1yri+E+fTqmndqOzUJOVZfqsHWh/US1ckyaJli/9JS8w3+DgxZNrE+dEuAQAAAAAAAMAAxkQADADAeDEzbVm0S4i4A+WrdOBGO5m9UQWJkvyVqqopHbit8x/1XstG5UxOUl7W30tn/kVy/qP2XirSZ6YXyDzpL7X57s+o0ycpLknx/mrVuwqUndS9E6tePL1T+Us3Kjthhe64+bSKva7A1NNxLtW3Nyh7jIwCHg9/gwAAAAAAAMBoNurXAAYAYDzJzygavNG4Z9GGrBWBT7m1lepF5+BXvF5XqlZJmlikDVdH6558/z798twbqve4gmsIe9xHVfr+F3Sus49Orvxf/cd7P9fJdrs6/QqsMexr0LkLf6vt9pawPV208TcIAAAAAAAAxDbD7/f7o10EAODGOR19JVL9q6+/LMMwgl+SBtxW921Jhvpp1+37YMeu3x7K/mDH+xNqe3NK7E6S8fNjnx3z00AjNs3NuE1/ufzZaJcBAAAAAACAMSbU99sYGCOAAWCcCjUQRexYNnVttEvAOMXfHgAAAAAAABD7CIABACHrGv2L6FiZ85BSE8fGerIYPVITs7Qy56FolwEAAAAAAABgEATAAACMQrfN3BztEjDO8DcHAAAAAAAAjA4EwACAXpgeOvbdlfeYMs150S4D40SmOU935T0W7TIAAAAAAAAADAEBMABg2AiKo+v+/CeiXQLGCf7WAAAAAAAAgNGDABgAgFHqpqkPaFXuI9EuA2PcqtxHdNPUB6JdBgAAAAAAAIAhIgAGAGAU++SCp5Q3aUW0y8AYlTdphT654KlolwEAAAAAAAAgBATAAACMco8s+T7rASPsMs15emTJ96NdBgAAAAAAAIAQEQADADDKpSfn6nM3/4wQGGGTac7T527+mdKTc6NdCgAAAAAAAIAQEQADALt1S7wAAAc2SURBVDAGTJ0wV4+u+BXTQeOG5U1aoUdX/EpTJ8yNdikAAAAAAAAAhoEAGACAMSI9OVdbVv5Wq3IfiXYpGKVW5T6iLSt/y8hfAAAAAAAAYBQz/H6/P9pFAABGls3WorbWdkmSYRgyDKPHdvf94PfubdTH+T6+D3bs+u2h7A92vD+htjenxIfUPtb86fJLerlmqxqd56JdCkaBTHOe7s9/QjdNfSDapQAAAAAAAGAccjo6o13CmEIADADj0OVLV+RyuSX1HfqGKwAeSuhLABxZb5z7iQ6e365Wd0O0S0EMSk3M0m0zN+uuvMeiXQoAAAAAAADGMQLg8CIABoBxxu/3q/bCZfl8PkkEwP0ZKwFwl8N1v1H55T36wHYw2qUgBszNuE3Lpq7VypyHol0KAAAAAAAAQAAcZgTAADDOuFxuXbrYMGDoSwA89gLgLu0em2pspTpvL9eltirZnFa1ua/I7XXIL/4lGEsMGUo0pWhi4hRlmC2aNnG+ZqYtU35GkSYkZES7PAAAAAAAACCIADi8CIABYJxpa3WosbEpJgPgvkJaAmAAAAAAAAAAGNsIgMMrLtoFAABGVtfavwAAAAAAAAAAYOwhAAaAccblDi0ADnXkbKT6AAAAAAAAAAAAgyMABoBxpKPDJY/bE+0yhozgGAAAAAAAAACA0BAAA8A40uF0RbsEQl0AAAAAAAAAACKIABgAxpGOjhsLgAlvAQAAAAAAAACIbQTAADBOdHS4QgqACXsBAAAAAAAAABh9CIABYJxwOjoGbROO0JfgGAAAAAAAAACA6CEABoBxoLPTK4ez7wD4RgNbAl8AAAAAAAAAAGIHATAAjANOh1Nul3v4HRDyAgAAAAAAAAAwKhAAA8AY5/f71d7u7HEsEqN2GQkMAAAAAAAAAED0EQADwBjX3u6U09lBQAsAAAAAAAAAwDhAAAwAY1xbW/ugbbqHw0MNiqMZKBNmAwAAAAAAAADQNwJgABjD7C1tclw3/XOX4YaohsIXvhLkAgAAAAAAAAAQXgTAADBGdXZ61dbWPqzRvQAAAAAAAAAAYHQiAAaAMcpub1VHh+uG+iAwBgAAAAAAAABgdCEABoAxqKPDpbZWR1RrCDU8JmwGAAAAAAAAAODGEQADwBjj9/tlb2mTx+OJdim9EPICAAAAAAAAABBZBMAAMMY0N9vV2trW7/n+1gQebK3g4Ya3hL4AAAAAAAAAAIwcAmAAGEMc7U7ZWwLh72CB7pAR4AIAAAAAAAAAMGoQAAPAGOHxeNTcYh/S1M+hjPwdaj/DuX6kxGpdAAAAAAAAAACEGwEwAIwBfr9fTU12OdqdYQt3BzJagl8AAAAAAAAAAMYbAmAAGAOamlrU0myPdhkjgrAZAAAAAAAAAID+EQADwCjX3NQim60l7P32FbQaGn3hK4ExAAAAAAAAAGA8IQAGgFGspaVVNluL/D7fkKZ7HonpoYdqsPsT3AIAAAAAAAAAEDoCYAAYpVpaWmVrbJbX6x2wXahBajjCWMJbAAAAAAAAAACigwAYAEah5ma7bI3N8ng8PY4PZYRvSKOABwhyCYUBAAAAAAAAAIg98dEuAAAQmiZbs5qa7Ors7Ix2KT0wjTMAAAAAAAAAANFHAAwAo8iVK7ZB1/yNVOhqyOiz/5EMeQmUAQAAAAAAAAAYGAEwAIwCbrdbNluLmpvsMoxrQehggehwQ+IbCVoJaQEAAAAAAAAAiB4CYACIce3tDtlsLWpvcwzYbrjr/IZyHgAAAAAAAAAAxDYCYACIUX6/XzZbs5qb7PJ4Auv99pXFDjegHXRE8AD93mgoTKgMAAAAAAAAAEBkEAADQAxyOJxqsrXIbm+T1HdYG8po3oitCzyMWgZqN5T2oSBoBgAAAAAAAACMNwTAABBDPJ5ONTe3qKWlVR5316jfrpC1/+siPeWzoaGtOQwAAAAAAAAAAKKLABgAYoDf71dzs10tLXY52jskDS1sDSWQHVbwG2LgS0AMAAAAAAAAAEB0EQADQBT5/X61tLSq1d4mu72tV4B6/ejfvqZcHujYUIS6/m+0EC4DAAAAAAAAADA4AmAAiAK326O21nbZW9vU1treb/AbqlCC4aHeo2v651CuC3XNXwAAAAAAAAAAEB4EwAD+//buJrdBGAgD6Byhm6r3P17VTaUAxsSGLrKo2iTEKH+t9N7GSGZsL5E+eeCBuq6PbtdH3w+RUo6I46D2eIzV+d/Pp7S2f94S3LbUbF2zZT0AAAAAAOA8ATDAHS3LEsOQousOoW/fpYu3dLe4thX0WvtnQezf9P7x+ewjAAAAAAD/2Nvry7OPwJ0JgAFuaJ7nSGmMccyHMY0xDGNzOHur27+3/EfwuXW3zF27L998nAEAAAAAsEYADLBBrTXmeYlaS5RSY5r2UUqJadpHzjlynqLs64+aS7d818LdlrqWd1tqTs7F+pke1cJZcAwAAAAAAG2+AAKddp5mF1JfAAAAAElFTkSuQmCC" height="600" width="800"/>]]>
  </system-out>
  <testcase name="VerifyQuickLaunchItems_003" time="8.683" classname="testcases.QuickLaunch"/>
  <system-out>
    <![CDATA[<img src="data:image/png;base64,iVBORw0KGgoAAAANSUhEUgAAB4AAAANOCAYAAADwDxERAAAAAXNSR0IArs4c6QAAIABJREFUeJzsvXuQLcdd5/nNqvPq7tOPe7vv+ynrbVtijMLLYmN5hsUwDBiIdUAsSzi8RDDsHyuzsRMQLCy74Zkhlt2BmAd27AADS3gjCBMemGAwDCN5MMg2NmAkS7Zky5KudK9079W9fbtvvx/nUZX7R1XWqcrKrMqsyqpzuju/Dt9U9qmqfPx+53N+v6rMcwillMLKysrKKl/UB+3vgAx2QHdXgf27oFs3gc2bwOY1+CtXQNevABs3AAKAIl0CIKRcN6Sni9oTtM8fnlenAByicHkajC2zlHQnry6eBe6MRAOSeu4ElSijgfITojSg8tK0v6nmono43NR0ZNi/bMnEppu9IDV38gyFehH7Z3VApZTNcI4qtrfp9rN4U6gs4G9MlfGnFt7wZWxCdPxHVxPCG53PG6NlBm+iulQV8aYQf6QzzNU51Wz/su3Xwps6+SOMd0x8/uj6Hz8hsfoB5k/uu2OC+ZM//nHyR3mGuTqnCecPsz9/uE73TfOHqRBv+DPGxh82gTXzhlfF/laIP5JumSqZeP4U5w1fL8kfHf85ZLzh21cd7cHmDVev8h1g7+8coPs7VlZHS+5vXo/+++76FrZ2dtHrDwAA7VYTszPTOL4wGx1D7ANgKysrK4PqbcFf+SZw+2vwbz0P3Poq/FtfEx8bBi4EKBTQlUt19QNqQqoKqPkSXMQnVukEp0BCYy7BUZymKlWqPdmIS9q/kD/xA5LVueGLEhrB2ZWVooRGMruVaKwJVD5vjJfavDHMHwO8KcWfSeRNnfyp/YEpV5d0pzb+ZAy3Fv5MlP+Nkz/gDBKrZ/iPNm/40vKnAt7wdU3+FPInfkCyelKTEO+khq84u0Y0kbxhqpI3fImRQQ4Yb1T5o9ZB/gTDKtW+LmF17F8Vf7jhi3gj4E+dvFHljxGN1f8kvEnxp0ILHIL7O1q8kQ3gUPOniP3r4Y+V1VGS+5vXMRgMcXN5Ffu9vvCYTruFsycX0Ww27ANgKysrq0rl9UCv/w3om18CvfYF+Ne+GHsxGcAQLpbJDYBjCVVtOxDCDiTi9wMZ4OZJIQA2HthqBsA5K1BLJ1B5pYK/qc5mIdXtb1rtF0iYTCTYWglTdgKlyp8jswK4Vt5p8mZcO24K8Mcob+rkT632L9t+BfxR9j++w6p18XCjegH7W/4U1Tj5ww+YVWvmDV8W8LeM2TTDnzpViDd83TB/dPznAPCG9zcZb1LPj6vQRPCGtVclbyT+I+IN746xHhvnjwH/k82ukmq1v277/BugAv4U/rzjB5A9PGl9DPxJzFYGf8Zv/7LtK/jLxOVbyXIS+SObzUIaN3+srA6Q3N+8jms3bksf/jJ12i1cOnfKPgC2srKyqlP+658DvfoXoK/9OfzbLyRfjAfcDnICHnHIRcqEfIoBb3onMD8AWT1HNQd4soSLD7CrCvNVAm4m89OhmPBUmeDkJjya/lNWmv6n6v0mEyzVfEgpISuVYMlaMM8bZf/R5c+YE0whb+rkT8Z0m7/BLOMN69AY+KP5QNu4SvrfJPCHSYk3pcav2uI4+aMpy580b4zxR8FfJo4/grJKlWyvEv6onCforjH+KF/RgB8U9jd+AAVVN2/A9X4MvFGNd8pPxyTxhvc3fkKMDDhfOm/ojNPz6lq8qZM/WuOviTcVLqhJqaT9daXEm5L2r4o/5SXjTxH7ly1DjZs/VlaHWBv/9zdx5+660rEnji/YB8BWVlZW4xDduA565T+Dvvyn8F/7nPQ4ohFfQxBQihJsweHapfA3gQsE1NE4YSD+SzTAR9SVhvaQBtgmE6g8GU6oVHtfxv66JZOwbnT8shZNJNSKCVNefRJvICvwRvH0Qgn1+FYo8w3WwB/pwGMTVDdv6uRPAftXzpvC41dqMVmOnT8mx19AB4A/TOb5I+HNRPPHsMbEnzKfP5PDH1Xe8PUc+xvxL6Yc/6mbN5rtG+cNXyr4G1Nt/Em1UAdveP9jMsyfI8CbTP+JvSB9uyvLEG/q5E/F9s+VyttD/XAzvKmTP4kOyfhTAXdy/S82QQeIP3m9nWT+1PJ+s7I6QLr+fzyTu/uXqdNu2QfAVlZWVmNVfwf+t/4Y/kt/BP/lP8sMcLQeBrNzEv/FhVTCG4jqCVXx3wQOZXhF4CQGtLHZVgtoJyihTLavmtKZSKjy/I8fgKyuN/4qF0wIS5Xhc7MrqxdSpf6n4C8l+VO8ZOOvmTd8WQFvVPkj7WCdqps3KvzR8Z9DyBst/9FVpbzhNUm84f0NnEGKjV+bPwXsXzlv6uSPVvs18cbGO0rxjhFNBH9q5A3vH4YXaBjhT8nRMRXmT53Sat8AfyrnTY7/qHRP4erj4I0R96iVN7z4N1id/AmVG+9Uwx8d+1fKn7HaP6fdVPuqRJ0k/lhZWTFd+V//GqqPdAkh9gGwlZWV1URosAf/xU+Dvvhp7neC02IPgoU3cCQBruwbpUsnWOGF+XgutSC8ChkNsAsEwIUDXMUEKq+uOf7chEm3NJBgqc6+UBOVYPED5t8ARt95yPY/dpjZhCnlPwbsX9b/ZLypw/z18Iav59jfyMzyA5SoIG+yTi/NH83r8LObKcub/De8jv8oDjeqh81kdsf8qLN5I+FPJTLqf4Z4Uyd/NMdvnD8KwzfKG14Hgj8VvgO1450a+FPdaNP+UjdveBn1NwXeqNi/St6o8CdDpflTIW+UzDdRvOFL/g0wibwpyR8Rb+rkj4g3dfLHqP+pviNU7F+WP/wAJXXN8ZfmDV8edf5YWR0gvfrzX9Y63j4AtrKyspog0Y034X/9U/Bf+H3Q1VczE55gB+6onhcxkcIJDx/wRr0N+2Fq8ArDqFKS6eATLp3ulg24ZQlX/nRMUsKjmABNmP3Ltq+dkBVIsIwmYIkLpHmT6z9ly9IrhEtqzAnmJPDG3A6Jg8Ab1k7G6VVqEnlTJ38yLyDjT8W80XqgXZI/hu2v3byINwL+GOcOKw8tf6IZzq4fcP5o84Yvx8if/A6Okz+xCTLJG63xYzz80eyeaf4w6Q8/z+MU7W9kZPwMSup184ZXyfYL82cieMM3KOMNX6+CN7z/yWa0pMbMG9l01MafjLd7dfd3YvWx51sKp1tZWRWSfQBsZWVldRj0xhfhPfdJ+C98OvfQ6AGsYoDFH46cukrpKMaXqglToQBYlFClEiyjIX2yFN3A4W/wVamaA+yUv4gSKsMJdqb/iBIq6fhVPbCI/csmVLIZztG4EyrN9svwRjXB1vKfjHpaivyphTd8GZsQHf/R1YTwpsobenn+JuNN/g6JinhTiD/SGebqnGq2f9n2a+FNnfwRxjsmPn90/Y+fkFj9APMn990xwfzJH/84+aM8w1yd04TzR/ZAQaf7pvnDVIg3/Blj4w+bwJp5w6tifyvEH0m3TJVMPH+K84avl+SPjv8cMt7w7auO9mDzhqtX+Q6o6v5OfrIQqGb/k/Em8+NfsZtleaMf71hZHW7ZB8BWVlZWh0WDPfjP/ja8Z38b9O7ruYcTkntI/GgQwwG19m8Cl3yAUTrBKZDQmEtwFKepSpVqTzbikvYvlCrwA5LVueGLEhrB2ZWVooRGMruVaKwJ1DgTeFXeGOaPAd6U4s8k8qZO/tT+wJSrS7pTG38yhlsLfybK/8bJH3AGidUz/EebN3xp+VMBb/i6Jn8K+RM/IFk9qUmId1LDV5xdI5pI3jBVyRu+xMggB4w3qvxR6yB/gmGVal+XsDr2r4o/3PBFvBHwp07eqPLHiMbqfxLepPhToQUOwf0dLd7wclrwp+dBZ5aAmWOgnXmgPQPanAGaLcBtjkZEPZDhAPD6IMM9kMEeSH8XpL8N0tsC8QZ5raVVC3+K2L8e/ljpigY2oT6o5wH+EBgOAG8AOugBg964O2iVIfsA2MrKyuqQyX/tv4B+5TfgXflsMvyRxFWAXoCLnNelAbDgAML/2HCVqjTBUgiAjQe2mgFwzgrU0glUXqmQUKnOZiHVmlDrtl8gYTKRYGslTCUTcAMJdVHejGUFcKW84aXJm3HtuCnAH6O8qZM/tdq/bPsV8EfZ//gOq9bFw43qBexv+VNU4+QPP2BWrZk3fFnA3zJm0wx/6lQh3vB1w/zR8Z8DwBve32S8Ud00VkoTwRvWXpW8kfiPiDe8O8Z6bJw/BvxPNrtKqtX+uu3zb4AK+FP4844fQPbwpPUx8CcxWxn8Gb/9y7av4C8F7O/PLIHOnwGdOws6fxK0PR8atTh/yGAPzv4GnL11kP01OLvrE8sf2WwW0rj5Y8WJgvb3gf4eaG/XPhCeMNkHwFZWVlaHUXdfwfBv/h94z/5OGOTlJzi6O3KJoYSHkGRdWTUHeLKEi0/wTSZYugE3k/npUEx4KhkpkzjhSUyIjv+Ulab/5SbwgsuVTbC0EviMuloHs0afz5/c0vgNlry6yfGXl5A3dfInY7rN32CW8YZ1aAz80XygbVwl/W8S+MOkxJtS41dtcZz80ZTlT5o3xvij4C8Txx9BWaVKtlcJf1TOE3TXGH+Ur2jADwr7Gz+AgqqbN+B6PwbeqMY75adjknjD+xs/IUYGnC+dN3TG6Xl1Ld7UyR+t8dfEmwoX1KRU0v66UuJNSfsTAH57FvTYBfiLl0GPXQh39mZ0qNT4KZydlej/pL8tOU7GnyL2L1uyro+ZP1ZGRYd9YH8bdH872ClsNVbZB8BWVlZWh1XDfXhf/tfwvvyvgOF+OvQWxPuOk6znJUz8Bt6iCbbjqAXUTEbiv0QDLKDlW6gjweYDar6DsnpJGU6oVHsvsn8tK5T5utHxKyTglSVUTDn1SbyBzE+PvPfl/UFh+mvnTZ38kQ48NkF186ZO/hSwf+W8KTx+pRaT5dj5Y3L8BXQA+MNknj8S3kw0fwxrTPwp8/kzOfxR5Q1fz7G/Ef9iyvGfunmj2b5x3vClgr8x1cafVAt18Ib3PybD/DkCvMn0n9gL0re7sgzxpk7+VGz/XKm8PdQPN8ObOvmT6JCMPxVwR+J//swS/BP3gS7eC9o9Vjt/SH8H7s4dOFu34ezd1Z7QvN5OMn/G8nlvJRXt7YDubgK93XF35cjKPgC2srKyOuTyvvJv4X35X4NuvaUcXhIiCKmENxC5ncAlQjj5DuRQhlcETmJAG5tttYB2ghLKZPuqKV3xhEo9oecHIKvrjZ81O0kJNT+7snohVep/Cv4i4Y/5Gzqq/NEboTZv+LIC3qjyR9rBOlU3b1T4o+M/h5A3Wv6jq0p5w2uSeMP7GziDFBu/Nn8K2L9y3tTJH632a+KNjXeU4h0jmgj+1Mgb3j8ML9Awwp+So2MqzJ86pdW+Af5Uzpsc/1HpnsLVx8EbI+5RK2948W+wOvkTKjfeqYY/OvYvMjp/ehH+qQfgn3oQaHfzO1i1/b0+3K234GzehLO3XrB9VaJOEn+sJk20vwfsrAdfEW1Vq+wDYCsrK6sjIO+5T8L74r8ANq8DigEuiHr4prQTOPYHPp6L96MyGQ2wCwTAhQNcxQQqr645/tyESbc0kGCpzr5QdSVYSu3zA2b2ZzKZYOf5HzvMbMKU8h8D9i/rfyn+hKrD/PXwhq/n2N/IzPIDlKggb7JOL80fzevws5spy5v8N7yO/ygON6qHzWR2x/yos3kj4U8lMup/hnhTJ380x2+cPwrDN8obXgeCPxW+A7XjnRr4U91o0/5SN294GfU3Bd6o2L9K3qjwJ0Ol+VMhb5TMN1G84Uv+DTCJvCnJHxFv6uSPiDd18seo/6m+I+T2p42p4MHv6XeAdo+X4E98gIj9TYE3GeMngx24Gzfhbt4AGezp84Yvjzp/rAqL9nZAt+4Cw/64u3JkZB8AW1lZWR0R+V/7PQw+/yvAxhsACIhiaCfdmSuI8IiBG7zKD4HHHfBJpoNPuHS6WzbgliVc+dNRPuGZ9Bu8xmW4/bx3i1LCpdgtIwlY4gJ8hq/gP2XL0iuES2rMCeYk8MbcDomDwBvWTsbpVWoSeVMnfzIvIONPxbzRindK8sew/bWbF/FGwB/j3GHloeVPNMPZ9QPOH23e8OUY+ZPfwXHyJzZBJnmjNX6Mhz+a3TPNHyb94ed5nKL9jYyMn0FJvW7e8CrZfmH+TARv+AZlvOHrVfCG9z/ZjJbUmHkjmw4V/tCF8/DOfxvo4j1aTQ59H2t9D+vUxSba2HGnsOd20HfbGJAWKCFw4MD1h2j7++gM99H1djCHHubJEMeaDpqOI7iy3OOc3RW462/C2bqVfH3s+ZbC6VaHSnT7Luj22ri7cSRkHwBbWVlZHSF5z30S/tO/DLqzHAVS0m9e5mlP1NPFogk1K2W/CQzu+rJ6WoIzRAlVKsEycutAXIpu4PA3+KpUzQF2yl9ECZXhBDvTf2IvSM2dPEOhXjLBNplA5WncCZVm+7LRFi4L+BtTZfyphTd8GZsQHf/R1YTwpsobenn+JuNN/g6JinhTiD/SGebqnGq2f9n2a+FNnfwRxjsmPn90/Y+fkFj9APMn990xwfzJH/84+aM8w1yd04TzR/ZAQaf7pvnDVIg3/Blj4w+bwJp5w6tifyvEH0m3TJVMPH+K84avl+SPjv8cMt7w7auO9mDzhqsb9nja6MA//RC8c+8C2jNp3gju7+wMhrg5dPGWM4+V9hJAgsPSCm6KEdIAZSfT0YWCIREs7d/GaW8NZxseZloNJfsTrw93/RrctWsg3iBzpmWS8Sbz49/IrOfzRj/esRqX6GAfdHMFGPTG3ZVDLfsA2MrKyuqIyfvKv8XwL/8Z0N9J/D07FR5FbATIDaiJgZAutfO45AOM0glOgYTGXIKjOG1VqlR7shFrlJU/MM3xH1FCIzi7slKU0EhmtxKNNYGqJ4EvxxvD/DHAm1L8mUTe1Mmf2h+YcnVJd2rjT8Zwa+HPRPnfOPkDziCxeob/aPOGLy1/KuANX9fkTyF/4gckqyc1CfFOaviKs2tEE8kbpip5w5cYGeSA8UaVP2od5E8wrFLt6xJWx/5V8Ycbvog3Av7UyRtV/hjRWP1PwpsUfyq0wAG/v+NPLcA//y74Z9+hNOPX9zxcc47jdvs0gl0YAOCDiJ/+RiLEjdeQcAxKEn56cv8tXPLv4nxHtCs4LWfzBhqrV0H6mxXxp4j96+GP1WSJbt4B3d0cdzcOrewDYCsrK6sjKO8L/xeGn/8VYYAL5IdVDlEPu6LrFUhwcmJhPVWaYCkEwMYDW80AWLICNXo5ebR+ApVXKiRUqrNZSLUm1LrtF0iYTCTYWglTyQRcM6EuUiZmL/bCWFYAV8obXpq8GdeOmwL8McqbOvlTq/3Ltl8Bf5T9j++wal083KhewP6WP0U1Tv7wA2bVmnnDlwX8LWM2zfCnThXiDV83zB8d/zkAvOH9Tcab1PPjKjQRvGHtVckbif+IeMO7Y6zHxvljwP9ks6ukWu2v2z7/BqiAP4U/7/gBZA9PWh8DfxKzlcGf8du/bPvZ/uLPnoZ/6d3wFy/n2v/ano+Xm2ew3ZwTNkNAED0QpjR03+D84DUnPDT4ETeHAKNHMw5AAZ85BgUo9dEdbOL+/k1cnpL7F5Ozu4LG3ddAdlYr549sdgtp3PyxMi66sw66tTrubhxK2QfAVlZWVkdQtL+D4Z//Evxn/1+IIiWVHbwE+RGf+DpRL3LqgaQPgWsO8GQJF5/gm0ywdANuJvPTIQjZ677BknvDJTuBNi5N/1P1fpMJllYCn1FX62DW6GUtaJTGb7Co8cfM+MtLyJs6+ZMx3eZvMMt4wzo0Bv5oPtA2rpL+Nwn8YVLiTanxq7Y4Tv5oyvInzRtj/FHwl4njj6CsUiXbq4Q/KucJumuMP8pXNOAHhf2NH0BB1c0bcL0fA29U453y0zFJvOH9jZ8QIwPOl84bOuP0vLoWb+rkj9b4a+JNhQtqUippf10p8UZgf2/+LPy3vQd07nTm9W/te/hm4ww22schepTCHvJ6vg/XHfWEUgrHceAPhmg2m6BwQH0fAOA4LgAaXY/S4Dwa3TSj8H0a3kMjmO+t4mHvJk6347uIAX5CSW8TjTuvwtlZLmD/siVngHHxx2oiRPe3QNeXx92NQyf7ANjKysrqiIrevQLvsz8P75XPgjgQBrzxL44RhWuqO4GVE6ycdsBdr9wExBviMvpqby1AmlGYTKDyZDih0k64DSTUpRJuo+NXSMALJ9SKCVNefRJvIPPTI+99eX9QmH5V/yk/fr7BGvgjHXhsgurmTZ38KWD/ynlTePxKLSbLsfPH5PgL6ADwh8k8fyS8mWj+GNaY+FPm82dy+KPKG76eY38j/sWU4z9180azfeO84UsFf2OqjT+pFurgDe9/TIb5cwR4k+k/sRekb3dlGeJNnfyp2P65Unl7qB9uhjd18ifRIRl/yo3Un78A7973gM6elEwwwWDo4cXBNK5NX0b4fDZ4YMveG7HuUgoQh22uAEj4KiEExA8u68CB73sAAIc4oJTCpz4oANdxgzpJ3rkboTb4j0u7V/HO5g6aDv8geCSnt4nG6qtwtm4nppOfXuF0AxPFn7F83lsZE+3tgK7dGnc3DpXsA2ArKyurIyzv1acwfOrnQO++DhKP5mIRE2H/Cm8gBiVxsgPqcr8JzHrE2gOSESYKBXiTGNCOxqoY0E5QQplsXzWl0ygLJ/T8AGR1vfGLFkxk+k/ZUmX43OzK6oVUqf8p+EsGf8a2A0tD2rzhywp4o8ofaQfrVN28UeGPjv8cQt5o+Y+uKuUNr0niDe9v4AxSbPza/Clg/8p5Uyd/tNqviTc23lGKd4xoIvhTI294/zC8QMMIf0qOjqkwf+qUVvsG+FM5b3L8R6V7ClcfB2+MuEetvOHFv8Hq5E+o3HinGv7o2D9+vDd3Bv59j4POnpC2eafn4fnWZew1uqDA6AFw+HpiNJTAccMHuF74gNd14RCCOysrWFtZxWAwQNN10J3t4sTSEjqdKVAP8KgH121gMBjAdR140QNgCnGLFNPDHXxb73WcbMt/H5j0ttC48y04O3c4/1Ml6iTxx+ogyz4ENiv7ANjKysrqiGv41x+H9+e/NEqwSDrMcpAfxonOS7we+wMfz6UWhEtEysRzRhOsAgFw4QBXMYHKq2uOfxwJtmr3CiXgY02w+fYkCXekChJt6cSzw8wmTCn/MWD/sv4n400d5q+HN3w9x/4mb+DkJdwFeZN1emn+aF6Hn91MWd7kv+F1/EdxuFE9bCazO+ZHnc0bCX8qkVH/M8SbCd6BZZw/CsM3yhteB4I/Fb4DteOdGvhT3WjT/lI3b3gZ9TcF3qjYv0reqPAnQ6X5UyFvlMw3UbzhS/4NMIm8KckfEW/q5I+IN3Xyx6j/Zb8D/JkT8O57H+jCOaQmPCxf36V4ofvwqHscGqK5YdenBOzrnofeEDs7O7h+/TqeffZZLC8vo9/rgwBwHODM6dM4f+4cut1ZnD59FidPLKEz1QGlJGiHxNoBkdw3C/r9zq1v4m0d+eSQvbto3nkZZG/N8sdqrLJfB21O9gGwlZWV1VHXYA+D//Q/w/v674NFSoSII6jETl5BhBftBJbc4CUQRqJaioLZcQd8kvyPT7gkhxtJuGT3N/QfcKmG4CoJr6BDVdxwmTD7l21f9fZAZsKl2C0jCVjiAnyGr+A/Vdxw0fGfshpzgjkJvDG3Q+Ig8Ia1k3F6lZpE3tTJn8wLyPhTMW+0HmiX5I9h+2s3L+KNgD/GucPKQ8ufaIaz6wecP9q84csx8ie/g+PkT2yCTPJGa/wYD380u2eaP0z6w8/zOEX7GxkZP4OSet284VWy/cL8mQje8A3KeMPXq+AN73+yGS2pMfNGOh3NGXj3Pw5/6V7pqd/Yb+CV7r3hfTSm2E7b8JrB/TAC+ME9N+pRvPXWLTz//PN48803sHJ3FZ7vo9PpYHt7G61WCyeWFnH54nm0Gg1cv3Edm5trOHf2DL7t0Udx4Z7LgNOA6zThUx/EceFTCocEJfMZ7huicd/2q3h7ux/7Y3Kine1lNG5/E2S4Vx9/xm1/q4kU3VkH3VoddzcOvOwDYCsrKysr0De+iMFn/ifQ9auJAIsI4jHC1fnXg8A2O9zLTawkCRaT/m8CCxIkUUKVSrAqvKUguoHD3+CrUjUH2Cl/Yf6VlW8qdrNQws35udDcyTMU6iUTbKM3cHI07oRKs33ZaAuXBfyNKa+eliJ/auENX8YmRMd/dDUhvKnyhl6ev8l4k79DoiLeFOKPdIa5Oqea7V+2/Vp4Uyd/hPGOic8fXf/jJyRWP8D8yX13TDB/8sc/Tv4ozzBX5zTh/JE90NTpvmn+MBXiDX/G2PjDJrBm3vCq2N8K8UfSLVMlE8+f4rzh6yX5o+M/h4w3fPuqoz3YvOHqun5EHHj3vAfehXdJj/v6fgtXZ98WzFksqKdoBD2LH04pGq6L4XCItdU1fPWZZ/F3X/k7eB7FzGwXQ88DCEF/0IcHD51WC9NTHZxaOg7XJbhz+xZ8f4DzZ07BdQjOXbqMt93/ENqdKbRbHXgUoIQAxAH1ETyQJn7YIx9x3bPzOh5p9iFTY/0qGre/KX1dxpvMj3+92S/MG/14x2qSRTfvgO5ujrsbB1r2AbCVlZWVFQBg+MV/geFf/nLq78FD4GTERnICatkO4uh1Awmc8DeBMxKy0glOgYTGXIKjOE1VqlR740zg+ZIfkKzODV+U0AjOrqwUJTSS2a1EY02gDCXwZf2txI4bbf4Y4E0p/kwib+rkT+0PTLm6pDu18SdjuLXwZ6L8b5z8AWeQWD3Df7R5w5eWPxXwhq9r8qeQP/EDktWTmoR4JzV8xdk1oonkDVOVvOFLjAxywHijyh+1DvInGFap9nUJq2P/qvjDDV/EGwF/6uSNKn+MaKz+J+FNij8VWkCbP0nVwR//9NvhPfjd0j680Gvjte69ICRtLAo3mOnwJUIBSikopXjpmy/hc5/9c6zeWQEAdGfm0B8OQFwHA28Iz/PhtBuY63ZBvQHdksmBAAAgAElEQVTosI/pqRYIBaY7HVw+dxq9/j42tvfgkQaOnziGhx5+O86cPQ+4DYACjtOE73sgDg3v6dHULN2zfQXvzHoIfPsbcNeuCV4pwJsJ44/VwZK/eh0Y9MbdjQMr+wDYysrKygoAQLduYvBH/xj+tS+mwii24zb1d2SEXbFYKxG/hyURnagpohPPVZpgKQTAxgNbzQA4lVAlR1A6gcorRcOHuDt59UKqNaHWbb9AwmQiwdZKmEom4Ar2L1smZi/2wlhWAFfKG16avBnXjpsC/DHKmzr5U6v9y7ZfAX+U/Y/vsGpdPNyoXsD+lj9FNU7+8ANm1Zp5w5cF/C1jNs3wp04V4g1fN8wfHf85ALzh/U3Gm9Tz4yo0Ebxh7VXJG4n/iHjDu2Osx8b5Y8D/ZLOrpFrtr9s+/waogD+FP+/4AWQPT1ofA38Ss5XBn/Hbv2z7BP7MIryHvxd05rjgggQv7zt4qfsgkl/7PJIPCie0mEMBUIrhYICXX/kW/uxP/wy7O7uYmZ5Bq9nEzv4eNre3MD01jaE3xMDz4FMHU1MzGPQHINRDd6qFmalpXLp4Af6gh+3NDQzgYwiK7e1d7Pf7eN/j78e73vUYWp0OKAUcx0XwGCfYWUypD0KckZMAeHDrW3ig5QnH4PS34d56Ae7emhH+jGbPgHuMmz9WtYoO9kFXb4y7GwdWug+A3Y997GMfq6gvVlZWVlZjFGnPgnoDeK/8GfjIiYKEqxqTCQ8lBCQj4hPv9GXifxM4OwFKKQzoCPun4gBPlnDxCX5VtxlUAm4m89MhCNnrvsGSe8NF03/KSjPByE3gBZcrm2BpJfAZdbUOZo1e1oJGafwGS17d5PjLS8ibOvmTMd3mbzDLeMM6NAb+aD7QNq6S/jcJ/GFS4k2p8au2OE7+aMryJ80bY/xR8JeJ44+grFIl26uEPyrnCbprjD/KVzTgB4X9jR9AQdXNG3C9HwNvVOOd8tMxSbzh/Y2fECMDzpfOGzrj9Ly6Fm/q5I/W+GviTYULalIqaX9dZfLGIfAufyfo8YvC9q/3KF7oPhw9/CWEpP4PAjiEgNCg9IdDPP/88/jc5z6H4WCA48cWMTU1hfX1dWxtbWN2bg7T09NouC7gOHAbTTQbTXiej95+H8PBEK7TwPTUNGZnutjf38Pu3h4AF8Qh6Pd6WL5zBzs7uzhz5gwazRZAgjGF3QFxnJBnLkj4v9X2CUzv3caci9SEU7cNAHC2lyvkD2eAcfHHaqJF3OAr1dHfH29HDqjuftdPaR1vdwBbWVlZHWYN9jD4w4/Au/JkEBjGXorCM5IO2/J2AmclWPGEunACpZFXpAYUT7BTLdSRYPMJFd9BWb2kDCdU2gm3gYS6VMJtdPwKCXjhhFoxYcqrT+INZH565L0v7w8K06/qP+XHzzdYA3+kA49NUN28qZM/BexfOW8Kj1+pxWQ5dv6YHH8BHQD+MJnnj4Q3E80fwxoTf8p8/kwOf1R5w9dz7G/Ev5hy/Kdu3mi2b5w3fKngb0y18SfVQh284f2PyTB/jgBvMv0n9oL07a4sQ7ypkz8V2z9XKm8P9cPN8KZO/iQ6JOOP2oi8kw/Ce/gDwtc3+0M8Pf0oACe8DyXqPQB4cBwHDgh8b4hvvfQS/viP/gi+T3Hp0kU4rotXXnoV/f4AxxaP4djScczPzWF/v4frN29gfv4Ybi2vYGd7H4NBH03iYm52BpcunMXs9BT6/V2s3l3Dzt4eHAfY7e3DdZtwmy088NBD+O5/8N9geno6+Do/BHPgOg6GXtCvJA89PL79PGYbDeHUNm99Hc7G9QPDn7F83lvVIn/lTWAo/9pyK7HsDmArKysrq5HcJuAP4X3rT5AKqTJWJEc7gWWZRkboRlQTrIwVgaRAgJeTvo0loI3NtlpAO0EJZbL9Agm7sRs6igl6qq43/sQK4QlJqPnZldULqVL/U/CXDP6MbQeWhrR5w5cV8EaVP9IO1qm6eaPCHx3/OYS80fIfXVXKG16TxBve38AZpNj4tflTwP6V86ZO/mi1XxNvbLyjFO8Y0UTwp0be8P5heIGGEf6UHB1TYf7UKa32DfCnct7k+I9K9xSuPg7eGHGPWnnDi3+D1cmfULnxTjX8ybO/3+iAvu09oO054XX/Diex15gFEO70hfj/JPjRX1Dfx+b6Gp776ldxZ3kZhAD333cvXnzhReztD7CwsIju7DQct4G9/X3s7Oxga3sb/d4QW9vbGHo+AIAg+C3f9fU1eP4QCwvzGAwHaDWbaDQbmOp0cOr0GSydOIG9vX3sbO9gfm4e09PTIMSF4zjwfQrHIem5JcCmB1wgO+LJdJpwdu4A/nB0wsTzx+pQym0A+9vj7sWBk+4OYPFSECsrKyurQyP37T+CxgufxvC1zwEIwigHCB7yAqCxJIEk/k7CncDsi59HZSACdoEgniNh3EeC3ximseMSJasS7mW+njMwLm7kv9GacAlWqjckXrKvxBbUw3/Zg+2oDAPZzDLWIf7BePQV3KmSdTAnANZMMFNXG5kvu4wux30BeGR3RPZPlRD7D/MvNuGZdZlDpDqY6nC2uMvyzRGSeThnNmZ3rh4dL/AfolZK/UeaWLHDchIm2fTKppv7U35+x39hPFeP8YfnTqKU+U/MUSP+RHPNcUo0IF3ecNLmTaJU5Y0mfwTHyfwnzR3NhFuXN3xdlzdS/ijyRpU/MssdEd5I/Uf5hg4TVzfEm8z7S8jwlyp4I+GPsDzi8Y6UN6r8MRTvpN7OqvwR8UaHPxnxTqKUviEOAn8EfmMo3pFzhx02Bv4AGe4o448ib2Idk/JHZ0Ay/qhKkTd8PZc/4b9Sv8mJd2T+Uj7eUeCPwnRFdRl/BJdN8gbGeZOoF+ZNjv/kuKWMN1E902yTmF/xvGEdzpkPiWTxjjJ/xhbvsKqEN6r8yfm8Lxrv0FMPwF84j+QbOLjwK/su7s6eCmfAASFu+Lqf7h8hICAY9Pbw2mtXAFD4noe3P/ww1u6uwvOG6Ha7WF/fRL8/QH84AKUUPvWxu7cHis3gPUgcUOIDDgFxfLRaTXjUw87eNubnZ7GztQM4LTQaDezv7mJ7exerq6sY9gbY2d7Be9/3XTh2bBEDbwhKKVzHBUCR/O1iirXp03h1Yw33CX4P2J8+Dn/+LBp3rx4g/qRNYnXwRdozQHsatLc77q4catkHwFZWVlaHXY0pOA/8I+C1Pw9vKlD4YcLD6hQE8CnCJ7dBcEYp/DDRYnV2UyLIwWiUBEaracPSp7n5TVqxwC5KpfICPppT6jSeSDAol3CF9VgDwZ9zSmiUNJjT5P30oF9RHaOkN1YVlPyEMTvz9VgZt7Os5M+jOaWonahno4SZxqs01v3a7C9pT7l9mqonbweM7MzXxfYf+Vum30j9Lz7H6e4Lh5MYLxmNKXZGyn8K2V9Sqvgb7z88fzizaEnF3qJzCjXInyDjTex1KNi/MG8k/MnzH+n4s3kDmb2V7J/Bnxx/SdRjN/QsbxT5o/x5p8CfzPGTaEyxMyI7oyreCP1Pxhs5f5RUyv6SUqNxIW8E8U4x+1fEn3Cc0edb3fxR+ryT8Cb2DuX5U7/9Je1p8Cd0k2Q9izd8aZQ/4K6fzZ/88SvyR4c3yvxhl+f8pSxvtMYvmrDY30q3L+dN9DoMxzt8qcIbfqA5vOHr2vwpxBt5vJPynwR/oG9vY/Yv236BeAciu1fNm9igBHxJ1SMxO7NzDfCndLwzGs5BjHdAAdqagn/yoag+ap9ie+Dhpdm3Rz5EnOAemeMD1AkO9uGAAnDhAb6HjY0NfPbJJ7EwN4cbb15Fs+liMOhjbW0N83MLuLOyDt8Hdnd3sLGzA0oIqE/RnZ1Bu9HG/rAH6gIUHlxKARfw4aHTnQJ1XFy/eQtef4De/gA+HcJxXHgAtnf2cHtlDd3ZLnb29vADP/gDmJ6egU8piOuA+j7Yg9bAjMHnykvzD+P05nPoNhspA3jd03A23gIZ7lfDn1hzY8m3rA6OZhYA+wC4UtkHwFZWVlZHQM793w/nmd8BvfNNjIKyYIdvVA+DRLZyMLUTOFoxyuK1cKcvq8cSaVY6XF0W7wXtjCpk1K10OTojWRclVKkEKyMD4ZYa8zt0ZSuG0yvU2Wl8XTycqCTiEnxdNB0QDYuk68IrSBrO6RBb6RnVw5WhrF35itGR/wi7m1fGhhkfSdy8UnMnz0jWEwZK+0NqyxVfcm8A1R0K6RXrbLrZ60JrpUtRd7kRZ9WlDpl7hbAUGSyjxyn/UV6hLvEfAX8yrJXLn+wNDor8ye1BzB8K84Yv2WVy/Ef17c6dF9Vzh1UPb/J35Ml4w++QyOcN728y3qTu56VUEW8U+JPLG1X+SLqrzJ9coBXgTQZ/lHmT4o+MN/wOCU3+yHijyh9hvMOVRXiTsyNcPd452Pxh9tfnD0b1RLfq409USlWeP0LeCPiT9h82zePlj/zCUQezT8gxHLO/Pn84/4CMPxnckfAnPpIs/qQnTHCFqvgj4w3vP7q84UtN3qSkzBu+nsMfmb+o8AcZ/pLijyZvuJFo80Y131KNl3Xjncjv2HSPmzdEXJddwVC8w3++qcc7k8gbrp7lN4TCP3Ef6NzJqB4vX6Fz4eEOCAke7TugcAiFDx8ULqjjwPMpXH8If7iPz3/uv+DN11/D6W9/F/o721hcmIdLKBbm5nHt2k3s7e7Bp8CQAh4hcNsdwPOxs7uHHhli1++DtAjaLYKZZhvdmRns7u7ijeu34A8B4lEQH4A3hAMPvj+ERxwMfAqPNLG7P8Rzz7+Id7zjUTz00AMgrgPP96PfBSbh+8QnJJrDV51j+HvYSk08nToGOnsKzvobYv85UPd3rA6ySGsKtD1tHwJXKPsA2MrKyuoIiMyfh3PfBzC88w32F4BS+FH8G9QpAagPELYTOIysZKVPg8RdtmLQp0HiJVwxGMscaCKTCIPB2Ar4tCQrgFkQyK/UFa0Yp0HSp7UimCtZ1BnVw7v+ox0qFLHD+CHk57m6ojllXvvKYnbk6jo7tFRWwOeUo2QXsXbZtI/q6bHJdiDEXke+/UvtUIg5KPO3kT/FxqSjLHuLjjWdQCm3P+IN4vzRtL/WjlCBv8V5gxhvRnNfkj+GeZPiT8QbCX/ihphE3mi2n+ZN+PeivCnEn3zejN7LMf9JjFfGn9EEFuJNFn8E/pb7DRN5RqnZ/mXbT/Em+rgqyB+dHRKRn8V4o8EfJd5o2t8cf3Aw+aN4eXm8Ex5XU7yjyh/R2GqJd5T9L5s3tfGnrLLaz+DNKN5hhxuKd+JlyXhHyBu+Tpk7CexfAW9SOy7r5g0vXX9Tbl/CG77O86eSeGdUpvxFlzcC/hSzf9nPu2z+SFWWN7V93kl4k+JPtfFO1v2dOH9EA5XxJqhK+JNpfwK69DYkTgwnbq0/wPXuZQAEDnERfC1zAHGCoN8Uwby5BGgQipu3b+Pa61cwNzOFYX8fs9NTGO7tYnlvH53uAnpDH/tDwCcETrsFAOh7PlwQeB7F0OkB1EGDNtH0gEFvE7uDHjpTM0H7DuA6Dga9PlwPcEDgOk1Q4gLNFtZ3g/trvd0elpdX8NCDD8F1XPj+MJg5QkBAgv9kM0OA6917cGnzqzjWdFKz7nVPBg+A6WjOI3+K8abw/R1N/oCva8Q7VgdbZHrOfg10hbIPgK2srKyOiJy3fQ/wpV8PA0IkVpxn/iZwFIaPyiB+J2GeQUCc8ETCldx5iVK6AwPJukT8gmFhXd56zgYQtiKdHc9WEMfq8UyS3wGB0YpjaQaotKRYdH6oWEIlSij59CpVF5grL19NlNIdL2m/EdZzVsDnlqkO8/6S4z8Sd+TPlpYic0WvC/wFSb9Q3QEhtQDnf6OEWuIvfD1qXzxduf4jaF7Lf6Q7XiT+EnNU5m/V8kYyITm84c9W4w3fHTlv+DLBnyz/Mc4bTf7IeKPKn5S/afInNtGF+CPijQ5/ZLxR5Y+K+aLjBf7D7+zU5Y/wDS/iD1MebzT5o9B8Nm/4clz8QXZ9NGHJmiJ/pL2QuPvk8Ycpjz/J2ZKdLbd/jr/wpZQ37LiC/JFbLFkeyHhHgT8Sf1Hij9BSTHn8SY5/fLyR+E8Gb6J6lsVKxjuTwRvWroQ/Rngj8R8Rb3h3jM1Xyn9kvFHlj4g3OvwxFu/IOsz7T1JS3sjckS8zzcbsn+E/LH8n8bo6f9TjHYn/yHjDTS+Tef5IeMPXY37DOsj8T8afpP0lpTZ/kjLNH3r8AvxjF0ZHxRK218g8CCEAcYLxhidSBA9BHQBwHAwpRdMhaADYWlvF+TMnsbO1he7MFC5evIibby3jzbeWMd+ax+ruELu+i1Z7Cj1/GDyY9T2ABjPcGg7g0AbcwRANMkATfRyfbmFprolOZwoDb4BGqwnH6eL49Axc+Jib62KmO4c3btzGs9+8hvXtHbiUYHNjFZ7fB/UagDN6sBuNkPlasLMCV93jOIaN1Jz7Myfgd0/C3V7W4I/m/Z2a+GN1sEXaM6CNJjAcjLsrh1L2AbCVlZXVEZF7z/vh3PM4vNefDoOv0co6P0y4Eyv0BL8JzEI9fkVeEGkK6rG0Kld8/uXn5gijCFdWKjQX1Wk0LZCvUObqopXvieM1SgqkdmhFSS1bjckNLFoCnj096TqzI/t70s6mfoMTwjpiY4lZQPSAKc9zNOydK1EmnXd4rP1kbyX+kmPvsr8BLPOX0XBig2IDkN5BUPAf5n4S+2eWCiuEU/6TuQI49Y5Gpv9kjFtq/xK8SV0qwRtF/sh4U4Q7It5IdqQnOp0Ytyp/ZLxBaEZF/ujsQMjjj+YD7eS4JaWOSvrfWPjD84bdhE3xR8Abvq7FHwlvJoo/mrL8SfNGsiM90emM8Wbypgr+5PiZHn8EpWyARfxNdC2NeIdvX8Ybvq7Fnzy/KRPv8PW6eaPCHyFvRv6W4k9WfJOnunkDLjpT4g17ud54J5qOVLyTLOXeNZ54J5M/hyreUeVNrC7ijWa8Uz7fSpaUr0cHy/ijZ/96860clbS/sFRojslfvBx7gUYHbA+GuDlzEQ58ULCvBCfBt+DBAfWDr18O5ADwQb0B5mfaODY7DQceNrY2cfvOXfR9B32/geXVTQw9gHoU8D24w300MUQTHprw0HJddIiHmXYbCzNdXDh7GhcvnMGFiyfQnevA9z3Mzs9iem4GbquB+aku/EEPrUYDbrONG7dXsP/7f4TnvvEyBj2Kl156Ee97//uwcPwYvHCILntrEyBa3hDuhL7ZvYz7N59Ft+GmDOFPHYeztYwi/JHFO8G8j5k/VgdOpNMF3V4bdzcOpewDYCsrK6sjJPfie+G//vkoMgzirtGKveRO4HQZiF/5h9Hf43lmaoWyPN4Prh+rsFLn/kaiAZbQJFpIlKkdB5IdUamdm7IyHDi/Qn00nJw6EZfxEaiPHwpBMt9AsuHc38Dj/SC2Uli2QjTZPa6eu0Mi2fNUXXv8kukIE8Dklk6B/4wcPWF3pOwvKSUr0kdmyPGXqJ1Yd2PdlO1IFY83o5RJuiMyKIv/Bh5XyvxHe4dEcuh5C9jzxx+7cGpJvgJ/ZDswVfkj4k3CHwryRsKf7PFLyoRkvBF3qPhvcCryJ3eHRLLnSrzR4Y+MNweGP8lu5fEne/wZZeqEUBPHn3QZ77lZ/kh4M9H84UoZb4zxh7+AGf5kxjul+JMu4z03yx9V3vD1HP7EX88rZfyJWszxH914RzAFwlJ6BRl/eINJeMP7gTJvNPgDsfm1+KOkArwpm29JecN/3rEelIt3UtMxpninPG94P8vhj2A4PG+454UKvImPO/xnYuIdRf5wcU71+ZYCb2KlLN7J5Y2xfCvHf2LjLMSfxHzL+CPmDW10QI9dgMiAb3qt0AWD8RISXIHCAQEFIS4IfFAAjuOAUA/UG8KFD384wPLyMo75LjzSxPrmCjbW1+C0+xj2hphyfTSHe2j6PXRcD4tzbZxaPI6LZ85g8dRJnDm5hKWFOZxYOoGZuXlMTc2g0Wyg3W6jNdWE03KBphP8pK83ADwf/SEFOtP44R/4Ptxd38QLr9/E+t11rKysY27hOBqtBoa+H40+GBoZTWE4RTcwjQfRSxmAziwCjSbgDQzxR8ab4vxR4o3VwVenC9gHwJXIPgC2srKyOkIiF/5rRGtjfRp+9zOiFaB+mEhFdRokRvGVfgQKK465FYJ+4rwwdoutAKQkWWeXi1aJK4giloRJVwjn7EDQ3ZHAl9IVwkjXWYeVbygoTkK8zDtW1i6b/+hgZk9xvdAOGYUVyWL/is8lV9fZkcWNV7YjgR2sYm/d3wAu+htVUT1nh4LO+Av5n6xdmu0viOyPBH9K70BXWqGc5k+R95uQNwL+aNm/JG9IrB9Z/BkNAIXHn7icKf+LpOA/BeyvvQMrjz88b7LGX4g3Gf4DTf5k8ob3PwX/yRq3wvir9b9s3qAobzT5A87f8uIdnYFr80fL/gXjnfDziOdP9J+12V9yrHL7Mv6U+PypI95RHv8ozjDKnyx/UfC/XN6IxqRwWHr8klJX0vZl/CnJmzz/U4x3Iv7ELK47cBlvEq/n2d8Yb9hcZ/hP3bwRnZvTfpo37O/18CaRn2fwJnqvZuVbme83OW+S9WrjnZG/KPhPvGr880ZROe2neYPQTPXEO6r3dwrzh+dNij9i+9P506BTx8LJQCxAobjeOQcQAkJcgDrBSAkF4AR+Cg8+mnBJCxQemg0Kb9dHb9jD8cUFrK9vYGnxOAa+i5dfeRX7vR7cIcVUu4nTi/M4d2wOM24fl07M4ezCNBbnulhaXMTxk0voHp+B222CNKfQbM6g2e4CThuNRhsULqjjgvrAwN2HCweUegDx0WpR3PuOh/D4e/4eXrm1hvUexdb6HRDnPvj+EK4TfJW1Q0k4xz4IISAgoJSCguL69Hk82H915C/h5PrtWfidY3C2b08sfwq9d6wOnEijBdpsA4PeuLty6GQfAFtZWVkdIbkXvxPk5DuB5RfDIAwACcO/2ErQxE5gkOCboBGrAyj+G1WsSriX+br4tEhcQqW6IjfVHAn+Kv7NIHZ88RXp4M6L6rIlxVEH+QSJq2smmKmrjcyVXUaXU10RrL4inU14Zl3mCNIdYOLxp8RdVnVHAG+eoGR25+rR8cVXpEv9J/6kOFGyw3ISbNn0yqab+5O0+bg/IMN/pCuCFXfEZPCGHZc5IBlvFKXNm0SpyhtN/giOk/mPfEsDU47/6PKGr+vyRsofRd6o8kdmuSPCG6n/5L/hY70FUhY3xBv2grAbyPCXKngj4Y+wVI13ZDrg8Y6UN6r8MRTvpN7OqvwxsAOPTThfT5TSN8RB4I/AbwzFO3LusMPGwB8gwx1l/FHkTaxjUv7oDEjGH1Up8oav5/In/LfoNyzJ/KV8vKPAH4Xpiuoy/ggum+QNjPMmUS/Mmxz/yXFLGW+ieqbZJjG/4nnDOpwzHxLJ4h1l/owt3mFVCW9U+ZPzea8T7/jz57gDggus9IbY73bhECd2DvOP4P8OHFD4AA2+XNkbDEFAsb+zixPHF7GzvYdGs4kbb9yASwgW52YxNzuLBx5+AN/+yAM4PtWBv/EW5hs+uo0hOg2CToei1diHQ13QAdBodeE0CCgBKCiG1AOlPkCHICDw4m5FgFaTwPcIHn34ASwuPIPN5W0s31mB03BBKQUogv6zqYyfH46w15rF6g7FYtOJvRIeP70AbC9POH9gdQRE2tOg9gGwcdkHwFZWVlZHSW4bzrnHMFx+EdGO3FiCI1upx+/g9YEgYUqsCEb0u71UEJzx6ZL0AP6+jw+QcKey8JysUlmUa1e2Q2LUQPBnjRXJeSUFUjtACQvm2ZyOkt5YVVDyETKJ+pysx8oiKzYL7cBjPRt5BI1Xaaz7eQG/MftL2lNun6bqSX8f2Zmvi+2vuENC6n/xOU53XzicxHj5N7HEf8rswFTxvzz/4fjDm0VLKvYWnVOoQf4EGW9ir0PB/oV5I+FPnv9Ix5/NG8jsrWT/DP7k+Ev2DgXk2/+w8yaPP8qfdwr8yRw/icYUOyOyM6rijdD/ZLyR80dJpewvKTUaF/JGEO8Us39F/AnHGdvAIxl/RfzR2QElqCfjnRF/6re/pD0N/oRukqxn8YYvjfIH3PWz+ZM/fkX+6PBGmT/s8py/lOWN1vhFExb7W+n25byJXofheIcvVXjDDzSHN3xdmz+FeCOPd1L+k+AP9O1tzP5l2y8Q70Bk96p5ExuUgC+peiRmZ3auAf6UjndGwzlo8Q6dPcW1FxhwGR0Q4kQPewkCmxICsK9NBhwQ4gMEcIkDOvThDfrYWlvHhYsX4HtD+L6HVrOF0ycXMTs9g+5UB/ecOYZ7L5xEiw7h+S20hrvoNimm2y6abYJWk6JJHAwGLuA10Wi0MaQAXAIfPjxK4VCg6bqgngtQHy4lgDcE8Ydo0R6Od1s4eXwB11d3ce2NN+B5NPia6rDvJAQsCR9wU+b/4ciWyQwWsZsyhN9egGuaP7H5H0u+ZXUw1ZoCYL8G2rTsA2ArKyurIyb3zLvgffX/A9vJGySjAFuZF186SQDBTmAW1vE7JBKnJhLrVL4DQbpMRhW+Hr927IxkXZRQpRKsjAyEW2os/Y288Hj5CnV2Gl8f9VxYEnEJvs6dFyk1LJKuC68gaTinQ2ylZ1QPV4ayduUrRlm3+B0SimVsmPGRxM0rNXfyjGQ9YaC0P6S2XPEl5/CqOxTSK9bZdLPXhdZKl6LuciPOqksdMvcKYSkyWEaPU/6jvEJd4j8KvCnEH6EU+ZPbg5g/FOYNX7LL5PiP6tudOy+q5w6rHt7k78iT8YbfIZHPG97fZLyRLYJKzEUVvFHgTy5vVPkj6a4yf3KBVoA3GfxR5k2KPzLe8Du0NPkj440qf4TxDlcW4U3OjnD1eOdg86f4b5BjVE90qz7+RKVU5flT/Dc52TSPlz/yC0cdzD4hx3DFf4Oc8w/I+L0tRJ8AACAASURBVJPBHQl/4iPJ4k96wgRXqIo/Mt7w/qPLG77U5E1Kyrzh6zn8kfmLCn+Q4S8p/mjyhhuJNm9U8y3VeFk33on8jk33uHlDxHXZFQzFO/znm3q8M4m84eoCP6HNDmh3Ke1nhGK5uRhem4Tz4iDwifChMCiCxQEOQB34no+O28TKxjam2m30+n3MHzuGzsw8bq9u4MTSIs4sLsEZ9kD3d7C7cRfT810MhkO4zSYoAfqUwPMdYNiC4zVBSAvEawCDFprNBkAAj3ggTnCHznEdNIahB/sIf5l4CIoBphsE8zNtLMzNwKEUQPAAmPJP7KNZJIl5XumcAIZvpAxBp+ZAW9NwBnsj/zlQ93esDotIq2NNW4HsA2ArKyurIyZy6p3BByql8KN4mCR+E5iPsGQrS1Ovc0v7+BWDiZ3EscyBJjIJpFbAh92N5UiSFcB0dDCrB2XBHQjf8cdwP/C4fDJ3r4Fe+Tjof/x38FknAZAf/Fu43/Yg6PPz8D4TTgk+CvdnfxkEn4f/ax+Er5DnOh9+A85lgD51Ed7fKBiXj/vFecDob4UDaGZ3rq6zQ0tlBbyS/7Gus3aZGUb19NhkOxBir4PzF5VSZ4dCzEEL/wZeeliS8UqONZ1AKbfP7M7aL2Z/rR2hAn+T8WY094m7EomBKvFHlzea/hbxhvJ1gf8o8EZbZXmj2X6aN+Hfi/KmEH/yeTN6L8f8JzFeGX9GE1iIN1n8Efhb7jdM5BmlZvuXbT/Fm+jjqiB/dHZIRH4W440Gf5R4o2l/c/zBweSP4uXl8U54XE3xjip/RGOrJd5R9r9s3tTGn7LKaj+DN6N4hx1uKN6JlyXjHSFv+Dpl7iSwfwW8Se24rJs3vHT9Tbl9CW/4Os+fSuKdUZnyF13eCPhTzP5lP++y+SNVWd7U9nkn4U2KP9XGOzr3d/iByngTVCX8Edjfn1kCbbTAnYD9oYetqeNhGwQAASFuUCdBm8Sh4cICB4CLZrMBvz/AoDfAseMLWN/aRnuqg+78LM6eO4O9/R6mGg1s37mLbruLve0duMeOwel0MUQfzZkFUABrO/toUg+zGGBmxoc7HMDb76OJYCEMabiAA/hDH4P+EG0f8MMHu8Qh8H2A+EM0iI8GKDoNB0vH5rG/u4Pu7CwIIWC/9TsaX+gZbAEApdjqHMf+xuvouA7iok4TtDkN2t8d+VOMN4Xv72jyB3xdI96xOiwigP0dYOOyD4CtrKysjpjcU4/AmTsHf/NGEFYRRL/5y2IuwuoAgNEOvCB3COuUBKv2BEv5aHRWcH68jFamSndgIFmPicYP4xIqYT3Vevry4jJckc4OXn0K9OZGrCcdYOkBkBMPgjzyayALp0E/+c/jmWU0c6Odn+zUx0G+7zLIk1eTHefLxV8FuTgPYAMg8RXybDJGCZUooeTTq1Q9bbbcfDVRSne8jMrRLAjqOSvgc8tUh3l/kSWX4uZkOwCkpchs0evM7nw9vQMvbweE1ALxOxmZOy6YuHrUvni6cv1H0LyW/0h3vEj8JeaozN9SDpy0ULLU5o1kQnJ4w5+txhu+OwL/CSeaLxGvZ/mP0haGDP9J8UaTPzLeqPIn5W+a/IlNdCH+iHijwx8Zb1T5o2K+6HiB//A7O3X5I3zDi/jDlMcbTf4oNJ/NG74cF3+QXR9NWLJWabzDd2ec/GHK409ytmRny+2f4y98KeUNO64gf+QWS5YHMt5R4I/EX5T4I7QUUx5/kuMfH28k/pPBm6ieZbGS8c5k8Ia1K+GPEd5I/EfEG94dY/OV8h8Zb1T5I+KNDn+MxTuyDvP+k5SUNzJ35MtMszH7Z/hP6KCJfF6DP+rxjsR/ZLzhppfJPH8kvOHrMb9hHWT+J+NP0v6SUps/SRnjT3dRcADBphcbLQnK0e/mhrt/ATiEwKMOfErh+wQOJRj6PoaDAQbeEBvb20CzDafZwN7aGm7cuIF7z5xGu9UCpQ6c1gw6Cydx+/o1vHnrJhpuE9RpwGkNsdgfYHp7GzOdbXRn+1g4vgDSG4I2CDw04aGJwZBinxC02lMYUh/NJoXveWg5LgaEghIf7VYTbsNBu9EEIeFvFodmIgSJuaZxi1OCTd9Bx03bgra6ILurRvKtzLIi/lgdHpFm2/4OsGHZB8BWVlZWR03NKWDxfmDzOtjKOh9BQkUJCXcCB5EeFSQ8NL6Ulz3spYjqYP8JCiIJ8vlkJ/FHyQ0+6YWyypxTRQkXGxCloyQDW5+H9x8/nk60jv8onP/ut0EuPAHnff8c/hckK1dBE10iD/8qyJM/Cor0ilVWku/9IRC2MJOy1ZfcwKIl4PIxiusk6lvw96S9Tf0GJ4R11o+8Gy5CLxEPSMVX8qTpfyO/R+jvIruzv+uuUFfcIcGtgGedHvnb6KZIvJ4YgPQOgoL/MPeT2D+zVFghnPKfzBXAqXc0Mv0nY9xS+5fgTepSCd5I+BO9LNnxwJd5/pLjf7Id6YlOJ8atyh8ZbxCaUZE/OjsQ8vij+UA7OW5JqaOS/jcW/vC8YTdhU/wR8Iava/FHwpuJ4o+mLH/SvJHsSE90OmO8mbypgj85fqbHH0EpG2ARfxNdSyPe4duX8Yava/Enz2/KxDt8vW7eqPBHyJuRv6X4kxXf5Klu3oCLzpR4w16uN96JpiMV7yRLuXeNJ97J5M+hindUeROri3ijGe+Uz7eSJeXr0cEy/ujZv958K0cl7S8sVZqbmhe0T7FBG8H9KRIs0ydOuPuWEgDBw87gC6GD3bjUAShxQWkDAwyxs7+PoU9BPWBjfQM33rqN11+9itlWA42WA8dxsHjqHKYXT+Nrb7yJL/71V7F86zYAB5Q66A8oTp/o4uSxGdx74TwunjmJCxcWMdUhmGq24NMOtgcOrt+5g5WtbWxt7cNpt7FwfBYNr4eHLp5FD8Dyygr6/WAzRsttwQGBDwfAEED4s23x+3B09G4hhGKLtHASg5RBaHMqsrtOvtX8H59E896u2Cg7VzH87D9F/0svV8OfH/s9TL/7MvyvvBf7n5YcE+kMGt/3UTTe/Ric2S7A7rXtXIX3wn/A4A/+MPhWP1U9/uuY+uBjwJVPYO83PgUAaP3cX6Fx8iqGP/cT6AMg974f7kIbdP3r8K68pXP1oy23Oe4eHDrZB8BWVlZWR1DusXvgvfYX4W/6jlbssZ3AJKsMg+PRyj+WT+atUE6WcQXXj1UgOAg5f080wBKaRAuJMrXjQLQjKtaXaCVx/Py1P4D/jZ+G+13/FciFfwyQ345WJrMThcPpPg7ygUugn31j9DqJlcd/GeTyqdhlSN6CWbWEKiHugtzKzNzfwAO3AjS2Uli2QjTZPa6eu0Mi2fNUXXv8kukI7Zzc0inwn5GjI74zIVHn/SVeSlakj8zAjmc94OpRO7Huxrop25EqHm9GKZN0R2RQFv8NPAFvIPAX7R0SyaHnLWDPH3/swqkl+Qr8ke3A5P1B5j+c3+X/Jh5XJ+ISfF1p/JIyIRlvxB0q/hucivzJ3SGR7LkSb3T4I+PNgeFPslt5/Mkef0aZOiHUxPEnXcZ7bpY/Et5MNH+4UsYbY/zhL2CGP5nxTin+pMt4z83yR5U3fD2HP/HX80oZf6IWc/xHN94RTIGwlF5Bxh/eYBLe8H6gzBsN/kBsfi3+KKkAbxT5o88b/vOO9aBcvJOajjHFO+V5w/tZDn8Ew+F5wz0vVOBNfNzhPxMT7yjyh4tzqs+3FHgTK2XxTi5vjOVbOf4TG2ch/iTmW8afNG9oexYiw+26U1GzhJDgYTBI4EuE+cOob5QCHqHwiI/dQQ9rW1tYvrOCXn+IhYVF3Lp+A/39HZw8/zY02y0snlzE2fNnsXL3Dp7+0t/izbdW0HQ7cBsdbG/vYeX2Bu5s7KHhLuP166t44Pw8vn3nIi6dXQSZncPmxhBXry3j9Ru38OKtm7h+ewVTs/O4dO4sLpxaxPQQmF6cxt7eAIRMYabbRaPZCO3I5iIoHIf5BAA/fMkPbLjbmAGwnjIEbU0l7/Mp8icy1xtPwV8ZmQ3HH4Fz8TIaP/JxOM3/AftPv1WYP0q8ydR3ovW/fAyNs13A3wa9+Qz826vA8QfgnL0M9zv+Cdx7HkDvV38FXplmODU+8Ito3tsFvfIJ7F35lMErm9IDaPzIT6Nx7xm1w/fegv/8b6H/Vy9X262GfQBsWvYBsJWVldVR1PwFgAI+aBT8x1eCJn6rF4I6DQLk1OvcCkH+OPY1MRQAaLhDmIbJgMqKwAxRxJIw6QrhnB0IfElHF5fuUNjbD46ZfTTVLgVND+fu10DnHgV5x6+BfPZHhb8FTP7BB0Ea+6A3boOcWwiuqzIflCtzJyy7HF2G2U9cL7RDRmFFsnhFO+uXoK6zI4sbr2xHAjs4ZXeg3I6oTP/DaNU14v7D1XN2KOiMX1iqXENYZvsLIvsjNJua/c3sCI3NnWneCPijZf8sfxGVUv+T+Et8kCYSaqn9Fc+Vtq/gPwXsr70DK48/PG+yxl+INxn+A03+ZPKG9z8F/8kat8L4q/W/bN6gKG80+QPO32As3pHwJos/WvYvxh/2ecTzJ/rP2uwvOVa5fRl/Snz+1BHvKI9/FGcY5U+Wvyj4Xy5vRGNSOCw9fkmpK2n7Mv6U5E2e/ynGOxF/YhbXHbiMN4nX8+xvjDdsrjP8p27eiM7NaT/NG/b3eniTyM8zeBO9V7Pyrcz3m5w3yXq18c7IXxT8J141/nmjqJz207xBaKZ64h3+/o4s3inMH543Kf4I7N/qhpOAUWBCKHbdKTgk2KnrOA4Iwge/bAdw2GDkmU74esPFfr+H5ZVVrK1vojfwQH0H0+025s+dxXe99z3oTrXx4AP3wYOPL33h87hx9TXMzs5jcek05heW8Nat21jf3sGAEPhuB2/e2cfO+jpaDWBx8Tjm55q4c+cOrrz6Jm4vr8Ib9nDmzDlcOH8Zl0+exrmlY+h2OlhdW8PQo4Dr4MTJEwAoPM8LzO8Es0tAEveOgs98AhCAOAR7jWlguJ7wHoCAum1Qyt4FevYHAHr7Y+j9exKzOwX5+x9H5wceg/Oej8L9y1+AV5A/hd47MTV+8heCh78rT6P/O7+I4Ur81TNo/Lf/Jxozf2n04S8A+C89ieH6LHCr4gemRfXeJ9B872Ma78rLcE624P/Vz2BYYbfg2MeVpmVn1MrKyuoIisydDwJABLFU9BvAABBbCZrYIYxwhzBiKwKDExMrAeN1IPZ3Pqwg4TpFMqojfpgkConO4RIq1RW5qebCvgl/Myh2UvT3sIFo5Xn01TEvY7QSmZ0WX4nMBvAc6OunQO5/HOT9l0Ge5n8L+Gfh3HsJWP9j0JUHQc4FnUr/BnByvHkJJp9u5SwoFqzIVF0RrL4inU14Zl3mENIdYOLxp8RdVnVHQFQm/I75A1ePji++Ih3ceeD8D6mSHZaTYMumVzbd3J+kzcf9ARn+I92RoLgjJuaocd4gdlzmgBR5I5M2bxKlhDfx15HjP4w/8VJwnMx/5FsamHL8R5c3fF2XN1L+KPJGlT8yyx0R3kj9J/8NH+stkLK4Id6wF4TdQIa/VMEbCX+EZYo3mvypI96JjlfkjYA/2rxR5Y+heCf1dlblj4EdeGzC+XqilL4hDgJ/BH5jKN6Rc4cdNgb+ABnuKOOPIm9iHZPyR2dAMv6oSpE3fD2XP+G/uTvGNXlTPt5R4I/CdEV1GX8El03yBsZ5k6gX5k2O/+S4pYw3UT3TbJOYX/G8YR3OmQ+JZPGOMn/GFu+wqoQ3qvzJ+bxXjXfQ6iRPCN+E+42p4L8JQbDjd3QeJYgmm1ACdivIAUCGFA04cOGi251Hb20DM91ZLMx10Z2awkMPPYCZqTaarouvfeUZPPfXf43B7i72SAN7M7s4dbqJdz7yMOaOTePvvvo17O/1gSHF6l4Py+sDzCydx9LFc1jZ8LE7uIK+78LzCaa781g4tohLp8/h4qklDLGH/Z19zM7NgnpNXL58GQDgOA4oCZzFISOGxGdqtAAH2G9MB98WzdvPbYMQos2fUTNp3tCnvwz/ux+De+wSXELCB6xF+YOCegKNhxYBvAXvM/zDXwB4C8P/8JOVPND0/vJfGn+obFR/9WX4H3gM7oz6KfTWlysfE3Hd4ua2Eso+ALaysrI6giLdU4ivufVpcicwixqjnb1hPbVCL7EiOJaUFPm01rzBF+uIvNRpPNEev0KZjW3UQHDYRZB7vy34y50/Rt5K+Oivn/006D0fBXnHLwFP/1RwHEWQlP7Ih0Fa+6B/80vw5/59+NMkkh0S0vHzE0aiviTrsbLIivFCO/Bi/hOvx+af1m5/SXvK7dNUXeYHfD0qQ/tr7ZCQroiPz3G6+8LhJMbLZ40S/ymzA1PF//L8h+MPbxYtqdhbdE6hBvkTmN1Z+7IdEjn2z/OXPH/L3YGOZF06/mzeQGZvJftn8CfHX7J3KCDf/oedN3n8kfKGv74CfzLHT6Ixxc6I7IyqeCP0Pxlv5PxRUin7S0qNxoW8SfGnqP0r4k84zujzrW7+6OyAEtST8c6IP/XbX9KeBn9CN0nWs3jDl0b5A+762fzJH78if3R4o8wfdnnOX8ryRmv8ogmL/a10+3LeRK/DcLzDlyq84Qeawxu+rs2fQryRxzsp/0nwB/r2Nmb/su0XiHcgsnvVvIkNSsCXVD0SszM71wB/Ssc7o+EcqHin0Q5OSLRHMXA7yeMIQfCoMnggHHxrMvtFXYImceA7LgCCk/PHsDwzg/7mDtY3NnH69Cl03AbOnD2NM2fPwB/08forr+DZv/1b7KyvY+i72F5dx8rmLr7+rVdw/sI5/KN/+P1YW9vArRu3sbW6ATSAnX4fUzMLmJqdx4mzZ/Du93wHvvbci7hz/Squ3l2G7zbQ3uthb+suzp9bxPx8F0tLx9GmU5ieng767TigoPAJhUMcAH78jYJoqQMBKCUYNqaEBqJuI2KiLn+S1+N4k3j5DBrfy/0Or78N+vpn0P+NT8CjAPDjaP/TJ+BOjX5LF+zv/4z7u4q+7xE4DoCVr6P/DcVzlj6E1k98BO7ZxWDDh98HXXkGwz/9WQxUrwEIfqM4HAOeweDJVbgf+F444cNXuvw0hr/7ixhED6jPoPHBX0Dz3Y+BTIV9uPYZDO4+htZjl4OvlQ5/exhvfwLtH/kg3PlwTofboG8+icGn/6XggXdcn0Lvt1to/9RPKz0Epld+C73f+JSRj4NMRbtsrEzJPgC2srKyOoJyuifAorEoJgtX6vEr99IrhlmYSKIKu1/BEnp+4WzyvGS8T8F2ICN5vVg92VGMGopfWZRQpRKsjAyEW2qc+A2Yxmk4j/5o4njSeRDkkQ+DnJkHdj8P+uS1YK4S0RCbQ8T+ToC7/zvo6z8Gcv8H4byPwP8Cm/Yn4Nx3CVj/DOjTb4B8MHad+Pi56YgmMjEskq4LrzCyt1IZBfVsxSdLEsM+hu3KV4yO/EfY3bwyNsz4SOLmlZo7eUayzq0Qlu8YkJRxh9fYoZBesc6mm70utFa6FHWXG3FWPX3BvDO4E0QGy+hxyn+UV6hL/EfAnQxrpf1Hxh+hFPmT24OYPwj5k+EvcT9LlOwyOf6j+nbnzovqucOqhzf5O/JkvOF3SOTzhvc3GW/Sq+55VcQbBf7k8kaVP5LuKvMnF2gFeJPBH2XepPgj4w2/Q0uTPzLeqPJHGO9wZRHe5OwIT/OHnXa4+FP8N8gxqie6VR9/olKq8vwp/pucbJrHyx/5haMOZp+QYzjZb3Lm84fzD8j4k8EdCX/iI9HKt0RXqIo/Mt7w/qPLG77U5E1Kyrzh6zn8kfmLCn+Q4S8p/mjyhhuJNm9U8y3VeFk33on8jk33uHlDxHXZFQzFO/znm3q8M4m84ep8D4gDSlyIDDYkHYCyB0s+CAl8JNj96wfdcRx4lMClgOe48L0Bph3g7MIpDC4/gBdeew29/hB727s4dnoRM7MzaLcbWNlcw+2VO9jY3MW5s/dgebsHb68P0m6j6QDzSyfw/T/8Q+g0fbz6/Ndw7ep1vPatK/D3PGytbWLvzALmzs5hem0W11aWsUYb+Oa3XsHZ85ew1Qaee+F5kO6jOHPiXkzNTaPVPA74TRCHghACz6cglII4FA4h4B+gEQS/Z0wIge+2xIZw3NBVkrzJu78TbyXFm/sfgDMFYGcVPgHI/T+N5ve8H2RvFf7rz4ButEDufwzOvT+O1k+vYu/ffSrpGsyszNwyd8mQe3IxGM/Gy2qnLP042k88AXcGoGsvwHttFTj3TrinvxPND/8eyO/+BPplv9HZeQTNHwLozS9j+BLgPPAYnJPvR/PDT2D4rz4BCsD9sV9D692XAX8b/pVn4A8W4V76EFpn+UffH0Hnv/9xOO0+6PUvw7sNOG97BM49H0Lzgy9g+LtPZffl+ifR+/RZdD78g9nfvLz8J+j/xifhlxy6klJstCor+wB4QuSDYugPMfA9DHwPQ38Ij/pg6wcJCFzHxZTbQttpouG4Y+6xlZXVQRbphL8rGwXwBPBp+CQWUUJFo8A7iLBomEjxK0uj1zN26KR+CziWOSR3HrPTWeiYFg2D/9Grkh0JNByOaMU4DZK+zJJd79wTcM5JJnP9Kfh/+KNBIEQZs0e9ogAXnAZ/pU99GuSej4K849eBL3w0aO8f/hhIZx/0K/8bfEpH51GaDHhlojklf6xyAs+L2ZGr6+zQUlkBn1OOkl3E2mVmGNXTY5PtQIi9Ds5fVEqdHQoxBy38G3jpYUnGKzm2sP3Lts/sztovZn+tHaECf5PxZjT3ssRDsgOB548ubzT9LeIN5esC/xHZu6z9y/JGs/00b8K/F+VNIf7k82b0Xo75T2K8Mv6MJrAQb7L4I/C3EX/ifdbgT832L9t+ijfRx1VB/ujs0Ir8LMYbDf4o8UbT/ub4g4PJH8XLy+Od8Lia4h1V/ojGVku8o+x/2bypjT9lldV+Bm9G8Q473FC8Ey9LxjtC3vB1ytxJYP8KeJPacVk3b3jp+pty+xLe8HWeP5XEO6My5S+6vBHwp5j9y37eZfNHqrK8qe3zTsKbFH+qjXeK3t/J4k1QlfCHtz98hL9TBu6E4IE3AdjSAEpp9Jwp+qkznz0G9wFvgAbxQfr7+Is//RNcee1buPed78Spbhe9rW24Z06g3ZkCaTRBQdFuOHj3u96BY905vPTqa7h+6w7OXryEs+fP4vSZE7j72tfxrntO4/75Np6dncZgfRXeYAfLb72F+++7ADQbuHDpMj7ykx/GS8vLeOXaVTxw3/24dHIR+7dvY2FxBu1OByDBrt92pwOK4HkCJQju6bE5E0wzu5NH2fzw/kMcsN8A5nmTfX8nPKP1AbjfHnP4+W9H4z1/P7jStacwpBR4+bcw+PSX4H3lsyOLL/0TdH7uQ3DOfica9FMYxrkX8S5W4f4zT87MrPrBANzv/VCwG/baJ7H/id+KmnI//AdoP3oZje/5CPovf1Lrmim1W6DP/Cz2fv/LQX3pF9D5+R+Es/gIGgAG+Aiaj14GsArvD34Iva+E5y39ONo/8wQST4QefwykDeD6H2Lv33wi+jN514fg7uQ8/GX6xq+g9+QZdH5A8nvAO89g8Lu/UuPXWcs4YVVU9gHwmORTH0PqoecN0PMH2PP62B7sYXe4j71hH3teDwN/CI8Gby+HuJhpdHDP7GkstefQcKZyWrCysrLKUHsOFCTaeUuARHIQ1Ee/+QsA0cpRdp7mitRUGVv5HDRLuMOyP/QJ+yeMG/kFxIkFxqIy3Y1YGa5IZwevPgV6cyPZgZUnQW98BfTq1XDOEpll2FZ85ycSf8faL4W7gH8Yznf8DPy/+TCchx8Ftp8Kdv8SAOxrikh8hXyoWEIlSij5VlN1mdmgWEp3vIzK2GjT9ZwV8LllqsO8v+T4j8Qd+bOlJed3SX9jdufr6R14eTsgpBaI38nI3HHBxNWj9sXTles/gua1/Ee640XiLzFHZf5WlDfJEsn6aILEE5LDG/5sNd7w3RH4TzjRfIl4Pct/lLYwZPhPijea/JHxRpU/KX/T5E9sogvxR8QbHf7IeKPKHxXzRccL/Iff2anLH+EbXsQfpjzeaPJHofls3vDluPiD7PpowpI1Rf5IeyFx98njD1Mef5KzJTtbbv8cf+FLKW/YcQX5I7dYsjyQ8Y4CfyT+osQfoaWY8viTHP/4eCPxnwzeRPUsi5WMdyaDN6xdCX+M8EbiPyLe8O4Ym6+U//z/7L1ZkCTJeZj5eUTkVXd3VVffN7rnwByYGQEgTlKCOCAlUtKKtLWV0Xall6VesHpZ7otsbY182RdJD2uCyaRdk+3KZBRWkIEridJSACESApcEQMwBYAZz9Ez39N1d3XVXVl4R4b4PcWRcHkdWdvWB/Memvf7MiHD//f/jy9/T3TN0vCnLnyzeVOHP2PIdXYOT8RMXLW904Zgsc90W+D8nfvwAjY3nK/CnfL6jiR8dbxLdG8j4+aPhTVKPxE3QwCD+dPyJ+19TVuZPXMbFn+EJ0QO8+Ame/WsIAyEESuA/csvb9Yvf164Aw1QY0qG3vcbty5f49PPP8vlX/zINy+CDKx9x69Ztjp0+Qd92mJqa4tChg8woG0tKfvVLP8fde/e5fv0mB80Ore46g7sD5hsW/e4WM6bk6OFF1tbu8NHlS7zy8otY01M0G00OH1/CbQnOnzzCwQOLTLeaNM6dwBKS7V4fhaLf72PVLKQAZQjPPuH9gDVSP00nBCBlpNci4vdP9fGWf+0Xfpv6C8mLDlCXv8bg//oPfuV3cF67M/TJ+Z/HnB9AHzD8Q6KcqcAfncjdHWCm9PHm8aNAG/ft4eQvgPsHb6FeOIpYfgWLf7HHZwZfxQ0mfwFWr6K6QGvG65pgUnf1dQY/jJy2+jXcG38H82LEnncuoX75FcSRV2n++g72m9/CvXwH9eY3KrVRfefvMVj+XRqfPBN/w7mK8/W/lq65qAAAIABJREFUF/lp6v0QVXzIRCrJZAL4IUnXHbDa3+Kjnbtcad/hWnuFld4G23bHmwR2B/4EsLe53hQGx6eW+O/O/SLNg+eYtiYTwBOZyERGF+E/FyVYsSkR3uJIgb8T2Mv0pD/QUokBd7giONiBIPEGVJEdCcmJz3AFsE6yRjIlDg+VrLLs+dH2KQhXKAfX2fku7r/7x/oBV2ol8rAWT1eJJvl68CzgF/4BzH0aMdND/eC3UHj1G7MLYeNSqx6DRufYm3x5qAd+DF73/D3uZ3Cm4sXvGRX+G/FA1gRT1sAky6Bx5IejxF+k/my/B69XXaFecodEIu6CRg/jbfilSFSPGaD9BqFE/AThp/F/bllih4KWN8G9ENuBkLqjyY2fHLu1/tdxZoT4i/NGw5/wbc2Oh7wdEEVlRrzpdqTHGh2zuyx/dLzBd2NJ/lTZgVDEn4oT2nG7NWUV2WP8PRT+JHkTfAmb4k8Gb5J6Jf5oePNI8aeiTPiT5o1mR3qs0Tn25vLmQfCnIM6q8Sej1Bk4SrxlXatCvpOsX8ebpF6JP0Vxs5d8J6nvN2/K8CeTN8N4S/EnL78pkv3mDYnsrBRvgrf3N98JuyOV78RLfXQ9nHwnlz9PVL5TljcRPYs3FfOdvY+34qVK6uHBOv5U8//+jrcKZI/+zyxLVCekjTLrifoUlrKRookQAkTEEkHGGgkDKV0sBNOtFrNT07z8iZdo72xhGHD+/Dnu7Wxy48ZN2tvbWEgWD8yz09nGGAxo1g2evXiOi2dPoVBI6SCEhey02d3eptvt4SqFLSW2PaCz02ZpbhbHEMzPzdCaarKz0wXToFYzqTUsDNf2JrClotVsYloWWCauMJBSogRIwDDiP82slMLb2atQKCwZ/IRwwiHSCf1ebbzlX+36t3DDScIB6vpryOt/iHsjqEbB0pep/fpvYp0+ikjOSHUz/LwX/vji3lsDjiLmL5ZIe56Dmv9n8reOVweexcaePoU96a7lt6Pe8OqQg9RxztYq9eiE9upX6f/7RRpffhXj079J49O/CU4b+eHv4/y7rxY8Azgu7td/C3v6n1F7dtGvbA33m79V/tnJ4xK1B4dPJFMmE8D7LK6S7Do9Xl+7xA/uv8vV3RVWuhus93fYcTr0XRtXSZpmnYFr03X7uEpyoD7L8dYSc/VpWmbjYZsxkYlM5HEXs473rR8MVwiT2BE8fGaMlygJb144THdEIu2LrxAktUJ5qCQTLxGpN3L5QvGbH1EiL6pUDbEyteMga0dUpC3hSuLE+WHpGy4S9abNEcPzwmcB/9eYs/Pe7t8/vB725fCUhK7tjESZK4kLJkY9hc/AI7ECNLJSWLdCNN68hF64QyLe8pRe2X5NdwRBKAriJ/wCJeL3pJ4XL5oV6UM3BMcHLUjoYT2R5kaaqduRmm1vTqkT7Y5Irxz9GXiJUhc/lXdIxE0vWsBebH/kwqkl+SX4o9uBmYyHMryJlcFlCuJHZJck9VL2a8qY6HiT3aDRn8FZkj+FOyTiLS/Fmyr80fHmseFPvFlF/Mm3P6dMneDLI8efdBlt+Xj5o+HNI82fRKnjzdj4k7zAePiTm+/siT/pMtry8fKnLG+SegF/ou8XlTr+hDUWxE/VfCejCzJL7RV0/Ek6TMObZByU5k0F/pDt/kr8KSUj8KYkf6rzJvl5F7Rgb/lOqjseUr6zd94k46yAPxnmJHmTmC8swZuo3f4/j0y+U5I/iTznwY+3SvAmUurynULejG28VRA/ETtH4k+sv3X8yeCNMwCzkXJcQ/bpiZYXOwiC77mEACG8SfHABkOZYAhcadOot1g8cpx+3+GDy5e58v4HHFha5MTxY7hInG6PxnQDzDpCmNi2Ta/TYbpeZ26qCULR7cPAVkhngNsfYPf6bK6vc2jpEOcunAf61EyJ60jkwGSq1WJm9iBSCBQuyrWx+x2k7YAruXj+Y1iGSd9xEJaJN6ktvOOVwJARbwjl95ECpai53UxHCOl43VqRP6G77v0O9tfTmBz6X2D91a9QO78I3au471wCBxSzmM99Jjw2FhpVeKOTb76F/IXnMJaep/4s9HMnM98G2//TSLy1VPfaJUdvSmkZ9D2zjXrKdGt+KXW4+t7v0Pve78CJz2Bd/AzmS1/GfPpvUW/s4PyTKj9XfQf7//y78N//M2rnwP3m36X/nTt7NGYEUfvypOGfKZlMAO+juErStrt82L7Nf77zJv/hxvdYG2xjSxdDCBpGjZphUTdqNM06rpRIpZBKcai5wDMLpzgxtcRsbbL7dyITmcjeJXiOrrdM0Eugpf8FniRY0xfPuMrtcIisWM84L0xgIiuQlYjrVRK82Glq+GKYcHov+HrBDoRkGV4vGG+U3KEQqTVlzvRpBArpNzh8FvCUt/tXRgY2YfvVcDVwfmckyqJj0+PsWDm8TOC/bH2kHTIlViTrVpiqmAERvcqOrIS9uh0JwcG5/h5lh0Ju/DFcdU00fhJ6wQ6FKvZnlmWukVnmxwuh//HdVs7/49kRmubPKAPKTN5k8KeS/4v4Ujr+NPESNXIUf2d1Ql5ZdK62/hLxM4L/K+/AKuJPkjd59o/Em5z4oSJ/cnmTjL8S8ZNndwn7H2z85fOGUXlTkT8k4m0c+U5gaGX+VPL/aPwJPo+S/An/3Df/a44tXb+OP3v4/NmPfKe0/cM8Y6z8yYuXEvFXyJssm0oclrZfU1YVbf06/uyRN0XxVzLfCfkT8XhVw3W8ib1f5P+x8Sbo65z42W/eZJ1bUH+aN8Hr+8MbFY2XHN6E92reeCv3ftPzJq4/2HxnGC8l4ieqjv3zpqQU1J/mDb6b9ifficVPTr4zMn+SvEnxJ+1/Bl1ozIRxF5RNt0fPb4E3Xyq8n0wG73swQ3jfgynvOzHDn1DFrHH4xCnau13ef+cdVm7dZOXuXb7yi69y6uxJWo0aQkps26Zv29gDm0F/nZlGDVPZWPWat7sWQaPZYnp6ipXbd2i32/zyX/srnDpznFrdQroDBDUQAqVgMOgjDQOBREgb6Uqk47I4v8DZ06cxhaBumjgIz04hvDDAsy3Zj563BE2nk+hcP36cPsEzgKv6f+iTfP6IlrehTb79G/S/7sfDs/8rrZeJ7AD+DnL3KxitJcQXgO96r4tf+AyjPQ3zq9jv/AKNF45i/vo/pPZPfivxc8ZHsX71tzGn/3f6//fruLfuYC0fxXzuNxHfiTwD+Jef96y99/oef/65hHz3ddSrryCWXqH+SWLPADZPJn/O+lewPncJ508vwc3v4dz8Hs4fNWj+g1/BWDiTvHIJuYP9f/y1cB78YYhy9+9pwz8rMpkA3kfZsTtc2r7J169+lz9ffY+1wTaOlAigadY5O3OEY61FWmaDK+277NgdXCVpWXVeOHiWLx19ifn6NKLqB+ZEJjKRiWRJZAWwnyV6dBF+Wp6xIjR2XmQFarACMKXjXzBShl88ZayIVpGXC1EXGUiFQ4nIAEu3IjdSXaQMVgAn9MhJ4et+Bfkr0YPToiuR460JV8Bv/M+oP12AuauoP7w+TNajBojI8Rn2lxlgJodbBQuKM1aEl10RXH5Femhbnp7yXNIAdA3Ol8Rly+4ICMtonIX+T+jh8aOvSCdxHon4I1UGhxUMsHXdq+vuxEva6qPxQE78aHcklNwRk8ObGK90BqX4o++qLCm7AyC71PAm+j4F8ZPJnfRxuvjRb2kIpCB+qvImqVfljZY/JXlTlj86z/2M8EYbP8U3fKS1kPL4mHgTvJHZDHLi5UHwRsOfzDIj38mzPyWa23es+U54fEneZPCnMm/K8mdM+U7qdi7LnzHswAs6PKnHSu0N8TjwJyNuxpTv6LkTHPYQ+AM54ajjT0neRBqm5U8Vg3T8KSsleZPUC/nj/1u4Y7wib/ae75TgT4nuCnUdfzIuG+cNY+dNTB+ZNwXxUxCWOt6Eeq7bHsXxVZI3QYML+kMjunynNH8eWr4TqBrelOVPwed96XzH7ngsTew4n3I7bPpeD/oyYBP4myD8PhIG/n0jwLI4fu4sd69eRkmHuiVQloWJ4tDCAp1eB3vQp9fdZau9w87GBjO1Gu12G9w6LaYBgWVCbWqaqYVlNjoDPvXFL7Fw+CRdW+IqA1wTKRW26GJRp2YZuCiUcrGdPq50UK7DJ19+mZnZGWwBwlVYpoESCld4nyCGIt5ZSgHSs9WAqdQOYF9z+mQ/AzifP8MLFPPHuX2b2vmLGC/9e5qzr6NqFzFOHkMEGz4FoO7g3ryDtXQU8y//Lo1jl1DTZzA/drHoFtKK+y//EfZXfpva6c9Q+5++iXX7feTKGiycwThyETENrP4KBq/jfusbuBe/gnn6b9P8+68gr6zB8ecwjyx6z8P9dpUdtaPKv8D+yas0PnkG89e/SfOV15H2Iubp5xDGAKiHR4q/8WvUP3eR+l+8irxzCbk7i3HxFe/XHdcv7UNbH4DIBz7F/jMnkwngfZSbnVX+fPV93lz/gFudVRSw1Jzn9PQyR6cWcZWk4/S437nHan+LjtOnYdZ4ev4ULxw4x/nZYzTNemE9E5nIRCZSTvxn/+KvBYyszEOI7GcBh8med36YBPr5pfcs4IhO4Tgn2pyCEY3mnOS5aI4tqjxWX3KFcjBIGFbgHaZbiUz8OFSiSYnX/+QryKzxZvR4NTQsNDVpb1gmO0yEdcb1SDnKivGRduAN44eoHul/NYr/s8oqsqf4UyldFwdJPSwV7PWZeMU7QMnU0/ZHbuLIGan42csOzDLxVxQ/sR0JabdUkjL+zjpnpAqTJ6jwvs/mT0n/F8VLUbwV7kAnrmvtz+cNOn+X8n8OfwriJX+HAsX+f9J5U8QfLW+S1y/Bn1z7RWhT5IzQzzwo3mTGn443ev6Ukj35X1NWqDyTNyn+jOr/B8Qf387w822/+VNlB1SGHs93hvzZf/9r6qvAHz9M4noeb5LlWPlD4vr5/Cm2vyR/qvCmNH+CyyfiZa+8qWR/VodFXttz/XrehO8z5nwnWZbhTdLQAt4k9cr8GYk3+nwnFT8x/lDd32Pz/17rHyHfIcvvD5o3EaMy+JLSQwn8HJw7Bv7sOd8ZmvM45Tuit+2dEKtPMS27w2NEEEvhH5gKTOVN+kpl4CqJsGrYjs2hU6e49uE7WHUL1xlgGDXefeunzDSbHD99HNd2EBhst3u0dwcYLYedzi6mAfVGC6vRZMqqIWstXr/0JmsDhbi3xXu/9584d+IAF04e4tzx48wfWGBqfhpDWNRUi1qjgXQFUoJr9xDC5dTZ09ztuLimhTJMb8JfCEwEhgo8Gsyo+h0nvN8tFkIx7ez6NscdIuxuyMSq/BnWlc2bMIx//+8zmPqH1F48g/H0q96zan/wDeTLfwsz0lz3d/8R9uz/iHX2DOYrZ6C/hvzh15Cf+FuYI+0C/h72V/8O6sv/A9YnX8E49grmCf+t3TvI17+B/e2veb22+jX6Xx1Q/42/jXnsOcxX8J7Fe+97OP/xt7D3aU7V/fpvMXB+m9onnsM4//MYcoD66GsMNj9D3e8TAPX/fQ178W9jfewMxtNnvF+udtrI976B/c+/tj+NHbc4D3P/8ZMpkwngfRKlFDd374eTv1JJlpsLXJw7wfMLZzncOsiPNy7z4fYtLu/cRiqJIQyWmwd4ZfECz8yfZrExR2J9zUQmMpGJ7EFEmPR6+ZjwkgXNytHwdQifBSzCKzEc0BMZ3/gnJMc7idFbWB9+aUR0kuXwjLReOMDKGYEklhoLEb1+YFskQU6WvsHx04K+I/v1qHkiuwyPT+A/9WmQMkuk9cwraCou2KEy9H8wSPTb6NerXzEaNCu5Q6JkGTEzaknUvVp3x8+I64kVwvodA5oy+k1ShR0K6RXrQXcH72d6K11mNTdhcZ6uDcjCK0Ru3KTDclqcip/SK9Q18RPv/vjtrymjlkSbm3m7pGxPXKEqb5LxkMmfMrxJlsFlCuKn7O2eOC/UC83aH94U78jT8Sb5OVfMm2S86XiT+j4vJQ+INyX4U8ibsvzRNLc0fwqBNgJvcvhTmjcp/uh4k9yhVZE/Ot6U5U8Wb5LlKLwp2BGeme8EvHmC+DP6M8gZ6rFm7R9/wlIre+fP6M/kDLr54fJHf+GwgfknFDhO90zOYv4k4gMdf3K4o+FP1JI8/qQ7LOMKD4o/Ot4k46cqb5JlRd6kpDRvknoBf3TxUoY/5MRLij8VeZOwpDJvyo63yubLVfOdMO6C7n7YvBHZuu4KY8p3kp9v5fOdR5E3CT0rTrpbZDlsjsGwa/1+EcLrBwMQSmAG3SUEwrCwcXEMg8bMNKfOnqPf3mB3cxOrPsWHP32HE4cPceFjZ5HKZtt2sF1o9xxqArrdAVPNBrbrYCJQzSlurm3zr/7Tt1nrCC5tfIjd73Hrbou331Y8dfIE01MNXv2lv8T5xcPY/T6GYeC6DoYQCCRKKQauC1YDRyksy8R2JYYpAN8OBFJE+jH0rbfAYFYNhvdg5BjhdP1QifOm6Psd+599GScrfjLD9g7Ov/4N3H+d8Nq/+6rvk6BF38P+p7+O7R8Quvv/+Wr8xK//Bp2vU1Lu4Hzz7+N8s8Shq99g8L99I/+Y7/49ut+NvzT4B5+LRFlW+75G/3/JmpTNeH0J3N/7uzi/F33xKLWv/BowQN3+lt/Wb2H/82891J9sHru4T5Q1j4RMJoD3QZRSDKTD+mCHu90NAM7PHuWVxYt8cukpduwu725d5421D7jbXUcqiQKmrCbHphZ56cDHODG1FElLJjKRiUxk76Kk8mdaCTOq4QJTb2AtlfLeSiTWyZV/4esqrQuyVwxGB3CxnceK1Ar4jNYTf1d5jzIO1cRK3awV48ob9OWW3/9VnO9HhxPx6wSDlFD3v/UXv/8pnN+PNRf4x7j/8B/HXysY56p/eSpcu1lKVEGZPLb0AD4pgR8TepUdWmVWwBeUwwENkXoDNwz1tG26HQiR90n7u/KO3LzjIwE68jPw0mZp7NUcO7L/91p/nDeM6P9KO0Iz4k3Hm2Hfl+dP4E5PHZE3FeMt5I1K6hnxU4I3lWWvvKlYf5o3/uuj8mYk/hTzZngvR+InZq+OP8MOHIk3efzJiLchf6JtrsCfffb/XutP8SaS74zEnyo7tMI4i/CmAn9K8aai/8fHHx5P/pS8vD7f8Y/bp3ynLH+ybNuXfKd0/OXzZt/4s1fJqz+HN8N8Jzh8TPlOtNxjvpPJm6SugnDK8P8D4E1qx+V+8yYpVeOtdP0a3iT1JH8eSL4zLFPxUpU3GfwZzf97/bzL549W9sqbffu80/AmxZ8Hm++M8/udgDeequFPlv931z2j4ycwYwx9P6zH/0sIhGGAP6kZfBem/J+4c1CceuppLn/wLs889wKv/uIv8d3/8h3WVu9jmgY1y8QwDRAGfVvSVi5b7Q71mkGj0aDeajFQkhu3b7PT7mC7NTr9Pq1GnXurqxx/6ixf+Itf4tDBeT72sdO4tkO9ZiHtPkgH1+nT6w8YuCYDQ2BL7zNEAaZpAt4OXwPhfZcXW1ygEMEsLDAtXCLfnIX9IPptgmcAJ3kz8vc7FflDUq+Q7zxZcpTaf/OvqJ0coO7dRt67irJnMc49j3GgDjvfKzeR/ZiKsvsPuwlPnEwmgPdBJIqeO0AqycH6DMcPv8DFueOcnF5mtbfFe1s3eHvzI1a6G3Rd7zf3W0ad5xfO8gtHXuTphVMcqCcf8j2RiUxkInsUPxkPs9+ILhiWiuGOX+/t8AT/AOGt5tOsSE2uRB0OIuMrUotXxCaanxhQZeqpWtOXzy6DFemEbQ++nA/16EgyuQMiPD5nBFhqSXHW+b5EBlRZA8rk8CqlZ7iraLwaK7U7XoZl0OOZesEK+MIy1eBkvBTET+Jyuh0A2jLLXeH7GfFCPC7K7oDQeiARf8MBtSZeknpYf3Z3FcZPRvWV4ke740UTL5FADeItizdaj2lveOL6sIOyO6SAN8mzy/Em2Rw9b5JljD958TN23lTkj443ZfmTireK/Il09Ej8yeJNFf7oeFOWP2XcFx6fET/JnZ1V+ZN5w2fxJ5Ai3lTkT4nq83mTLB8Wf8jXhx0W10ryR9sKTbg/evwJpIg/8d7Sna33f0G8JEstb4LjRuSP3mPx8rHMd0rwRxMvpfiT6alAivgTt//h8UYTPzm8CfU8j+0x33k0eBPUq+HPWHijiZ8s3iTDMdJfqfjR8aYsf7J4U4U/Y8t3dA1Oxk9ctLzRhWOyzHVb4P+c+AnG7yKql+dP+XxHEz863iS6N5Dx80fDm6QeiZuggUH86fgT97+mrMyfuIyLP0b7PtIZoKx65ABB0zSYHazTnTrkxVO0PQKklCAMFKCEi1ACw/DiRrmKbr3B85/9LNfffYdtp8+t9Xs4/S4rK7eZOTjL1HSL2dk5LHONgW2zudXGEg6NukVzqsFs3WLBVJyZa3Fvq0e/ZXD6zBFeeO4pPvH0ec6fOsbMVAO7u40wmygBEhfXHWDbHSQmCgsXA2HWMBGgZLwfQpOC6Z7gnvB2D093VmkIM9330kb0d8l+BnCSPxW/39kn/jxZcgf7334V8St/E/P0RcwjF72XnTbq5rewf/d3eHKfkqtgMgE8dplMAO+DeDuAbWasFs8snOaFA2dZbMyzbXf45q3X+PHG5XDnr/ehVOPY1BKfOfQsv3TsL3Bq+vDk2b8TmchEHoAowp+C8QfcSgxL/YrN4Yq8cDJY+f8Ek76SyACrdHPSI5ky5+SVJaoLdd9c7w3dCuWEnrXyPXZ8hVJ5fRYtw4SdYPV3wrBwCXh+96T1wI/B656/x/0MzmS8BD0+tCXigawJpqL4qeDvQqkYf36YhEq8tZp4KfD3Xp8BrIuXoTkRowIDtN8glIifIPw0/s8tS6wQTsVP7grg1B1Nbvzk2K31/x54k7pUjDcl+aPjzSjcyeKNZkd6rNExu8vyR8cbfDeW5E+VHQhF/Kk4oR23W1NWkT3G30PhT5I3wZewKf5k8CapV+KPhjePFH8qyoQ/ad5odqTHGp1jby5vHgR/CuKsGn8ySp2Bo8Rb1rUq5DvJ+nW8SeqV+FMUN3vJd5L6fvOmDH8yeTOMtxR/8vKbItlv3pDIzkrxJnh7f/OdsDtS+U681EfXw8l3cvnzROU7ZXkT0bN4UzHf2ft4K16qpB4erONPNf/v73irQPbo/8yyRHXC7iLaq6j5Y5H6vM5e6q9yY+owhgCQ4W5ZgfRP9p7/i1AglDdpogxcywA1oHXoMK8cPcr2nTs89fQz2E6P13/6Fl/4+S8ghMlUq850y2Bn3aUnBJvbPWrWBo2GycLsFA1T8vLHn6LddTl87AQXn7rI889/HEO5uIM+U40arusw6Nso6WLVJMreRQ4cUII+TXqi4XlBAMry2g6A4dmqDITh+q8J33YDhWSxey/TEaK7hXC6xRwqme94DnnI/Hnc5eY3GPzTgp+hfgJFDXoPuwlPpEwmgPdBhBDUDItnF05zamaZk1PL/GTjMv/5zhv8eOMy93ub4c8+W4bBYnOOXzz2Mp9b/jinZg5TN2oP24SJTGQiT6AovGeEKCW8Hb7C14PXIytGg2RNRN9HJPI5/zrBwB6Ryut0+X5Yj68ogmtUMihSQTCg0dWcseNAsyMqtXNTVwZ9FC2J7pcu0EV2GbWgvP2USJKTFcQrLnwGHokVoJGVwroVoolhRlwv3CERb3lKr2y/pjuC0ZQoiJ9wABP3Oyn/a0rNivShGwriJawn0txIM3U7UrPtzSl1ot0R6ZWjPwMvUerip/IOibjpRQvYi+2PXDi1JL8Ef3Q7MMvyJ4s3sXgYkTca/uTbryljouNNdoNGfwZnSf4U7pCIt7wUb6rwR8ebx4Y/8WYV8Sff/pwydYIvjxx/0mW05ePlj4Y3jzR/EqWON2PjT/IC4+FPbr6zJ/6ky2jLx8ufsrxJ6gX8ib5fVOr4E9ZYED9V852MLsgstVfQ8SfpMA1vknFQmjcV+EO2+yvxp5SMwJu9jre0vEl+3gUt2Fu+k+qOh5Tv7J03yTgr4E+GOUneJOYLS/Amarf/zyOT75TkTyLPefDjrRK8iZS6fKeQN2MbbxXET8TOkfgT628df7J5I3ZWYOEYSQcuyV1uaKrzJoKFd+2MtrmYmLU6felimxZ3N7a5cfVDvvDFzyJdiZSSWrNOc2aKnZ02Dordbh9j3aFmmSweOIBQimee/hhmbYZaowFOj4/ef4/FhXmQNttrkvmFOazpeTANpHJQgBQGA0chTdP3mxHxYbqxWWgSSrDotPFnv2OOMPpbkIyHfRhvleVPKd5M5MmQQfdht+CJlMkE8D6IQNAyGxxpHaTnDui6fa7t3uPa7j3m6zMsNuaZrbVYasyx2JzjxNQSLx+8yLnZo5OdvxOZyEQenGSsSJb+QCrUY0lcesWfVN7ASbdS0BvcKqI7jfGvF6x4DgcDZVYE5plDZBCmXSFcsAOh6o6EZKldIUxaDxpc+guFkp0QLYuO1dUbxEV4cODHbH2kHTIlViRnrzCN9mVCr7IjK2GvbkdCcHAZf1d9BvCoz6gK9YIdClXsHyn+dPWq/Hgh9D8x/ux5B3qpFcqRvhs3bzL4U8n/e+SNiLQjjz9DAxjZ/tjlxhV/oZSInxH8X3kHVhF/krzJs38k3uTEDxX5k8ubZPyViJ88u0vY/2DjL583jMqbivwhEW8Bb/ae72h4k8efSv4fMd/xP4+S/An/3Df/a44tXb+OP3v4/NmPfKe0/cM8Y6z8yYuXEvFXyJssm0oclrZfU1YVbf06/uyRN0XxVzLfCfkT8XhVw3W8ib1f5P+x8Sbo65z42W/eZJ1bUH+aN8Hr+8Ob2Pg8hzfhvZo33sq93/S8iesPNt8ZxkuJ+ImqY/+8KSkF9ad5g++m/cl3kt/v6PKdkfmT5E2KPxr/b92CEy8NExO/PGhBw97BMWfTdQkBBJPA6bddYSIVKMP2GnzrAAAgAElEQVRkaukwz37y0yhh8rnP/wKu08E0DcyahdVsYLbqdHY6GK6NYw8wxSaHFtexag3ur9xmu92j2+nR7/U4MDfPzNQ0jXodW9q0pqdZPHWGp55/llZD4AISA1sJXKOOwiT689XBBHD4+R7hSPT9ur3DgiHDV2PR09kM+9S7wqPFn5HunYk8lqL6nYfdhCdSJhPA4xYlh3/7Hx6GEDTMGg3TwhKClfY9ep11FgY9ztbnOVifYbl5gLNzRzkxe5TD08tMNecxJpO/E5nIRB6kRFckK08XwetRPXJI8CxgL38PEuPhCkDvjYgenh0tM+rP1AvanxhQlV2Rm6outEFl6/6/o65IJ3FeqOuWFIcNTA6QEnrFAWbqakN35Zfh5cquCC6/Ij3o8FxdFxDaHWDZ9qckcdmyOwKS7hHBveJ/oxHTw+NHX5GujZ/oTHGsDA4rGGDrulfX3YmXtNVH44Gc+NGuCC65IyaHN8FxuQZV5U1CKvMmVpblTUX+ZBynix/9loZACuKnKm+SelXeaPlTkjdl+aPz3M8Ib7TxU3zDR1oLKY+PiTfBG5nNICdeHgRvNPzJLH/G8x0tb8ryZ0z5Tup2LsufMezACzo8qcdK7Q3xOPAnI27GlO/ouRMc9hD4AznhqONPSd5EGqblTxWDdPwpKyV5k9QL+eP/O+ovLOniZe/5Tgn+lOiuUNfxJ+Oycd4wdt7E9JF5UxA/BWGp402o57rtURxfJXkTNLigPzSiy3dK8+eh5TuBquFNWf4UfN5XyXfE5h1EdwM1dWB4E/oXOLp7nRvNjycqBhF8/6W5zwUCzDq2K8GymD98DBpTbLd7LMw3sHoC01SYdQOr2cDt9EA0aHfbTDVdVu5vsnz4CEIohBpw4fwJDi0uc3j5CPV6g1arhTQMJIKeZVJv1pGyj1TgYtCnhkMN5T39d9imsP2Rngn+Vt67CjiyfZW4z/w7qb+D2V334uCR5k+2Xyby5IhyBpPn/z4gmUwAj1OUBHcArvcTDaLWBMMkCrUmcF6YLIsmv+RamDv3MNybWKZFY/oQjdnD1BdOwuGPw8whqE8/LGsmMpGJPPESXymefPZv5rOA/TO9J5YrUCKWh4WDklGSs4KEPzPhU/HSe/aw5tiiymP16XZIDCv0Xq6wIrmoVJDaAeqvVA31ILkP/krYPyyTnSDCNsf1SDnKis2RduAFLRsOmFVUVZHmV/R/qqwie4o/ldLjXwcM/ZzUs/1fcoeENv6ifZxufqY5MXsF8ZtYEz972YFZJv6K4ie2IyHtlkpSxt9Z54xUYfIEHW8i71PC/yPzRsOfovjR2p/PG0blTRF/CuIlf4cCxf5/0nlTxJ/Sn3cl+JNrvwhtipwR+pkHxZvM+NPxRs+fUrIn/2vKCpVn8iYj3xnN/w+IP76d4efbfvOnyg6oDD2e7wz5s//+19RXgT9+mMT1PN4ky7Hyh8T18/lTbH9J/lThTWn+BJdPxMteeVPJ/qwOi7y25/r1vAnfZ8z5TrIsw5ukoQW8SeqV+TMSb/T5Tip+Yvyhur/H5v+91j9CvkOW3x80byJGZfAlpYcS+Dk4dwz82XO+MzTnsct33D7G+g3cqQMhb4J6j8l2+DPQwaRvmbUxBuAqBYaFqySGUWf64EFsQ2BaFgIX05DU6wamaSGFSX8wwJAG1Fu4yqQ1PcuLL77IvZW7HDm0zNz8An3bYWX1HoeOHGPp6FGsegPZqNG3e9i9LlIqHAm2qKPMBgoDA3w/ZrdV+J8rEuU5TymW7W3/55/jjjB2V1Guw9j5E6nmoYy3JvL4Sa/9sFvwxMpkAnivIm1UZxO1ex/Vvg/tVZTdBQGiMYeYXoTpRURrARozGIZFy2rSbC6wOLOMch3U7ipqdx127sH9D1CtA8jVK6jFc4iDZxBzRxGNGZjsCJ7IRCYyRgme2QvDlXsGEK7QI+NZwKjw/eF5kfGMCA+JDRIC3SCd7ynl7ywOkldBWJ/fvPD1yBWJZ4GRAVW0wtQAK2cEklhqrH1Gnn+8foV6cFpSj5uRKkV2SVLP6g6yzBJpPfMKmooLGhSs9Ax1f2VoUK9+xWjQrOQOiZJlxMyoJVH3at0dPyOuxxyUjofUlqtkGf0mqcIOhfSK9aC7g/czvZUus5qbsDhP1wZk4RX8MsthOS1OxU/pFeqa+Il3f/z215RRS7L4o5cc/pTlTTIeRuZNsgwuUxA/ZW/3xHmhXmjW/vCmeEeejjfJHRLFvEnGm443qe/zUvKAeFOCP4W8KcsfTXNL86cQaCPwJoc/pXmT4o+ON8kdEhX5o+NNWf5k8SZZjsKbgh3h5fOdx5s/oz+DnKEea9b+8ScstbJ3/oz+TM6gmx8uf/QXDhuYf0KB43TP5CzmTyI+0PEnhzsa/kQtyeNPusMyrvCg+KPjTTJ+qvImWVbkTUpK8yapF/BHFy9l+ENOvKT4U5E3CUsq86bseKtsvlw13wnjLujuh80bka3rrjCmfCf5+VY+33kUeZPQ8+Jl7SM48WLKcS0LDm9f4d7CeZRShD+nHJyuAYFQYCK8x6QJA2EZnDxzCiwBQmIaYBpQr5mYpkHfthk4Enu3y7KrUIbJ/fV1Go0a9VYDRw5QQlFrNajZLub0FKpeR1k1XClxXBcpXRzXZeCAqDW8n6EWBgYq/G5N01oU0vOqECxvfshUxrN/AczumtedGt48Ht/vTORJEDWZAH5gMpkAHlkU2D1UZw15733U/UvI1cuorVtgd0EYiOY8zB9HHDiFsXASsXASZg+BYcHsMkLa0JiB7VnYvoPauoXauYfavIlau4I4eAbj8LMYx16Eg6cRM4e8SWBhxFuiFFIOf3raMIzwdcdxwg+0Wq1G9DkBwXmu6yKlDI8zDAPTNDEMI3Z8UZ1CiPB6ruumrmeaZmGvSimRrovrtyf6YRwrlUIYBob/f7KdSqnQrqhtQoiwLVm2uUri+j/jbQiBKYxIOpjoAxRSqdjxBgZSSSRe27PEEAJDGBhChNeWSiGVxFEupjCwDFNbb1Ic6YbnmcLASMTHRCaiFaX8nbx+8h+sIFQR3c+sdM8CDjKv6IplQXyloLe6NnFcmNB7ZWqncSzjy2w88XcjOxL8cwPdK8e0AyFRBllnqPv3/XCHiiJyWNKE4nFuVVEFZVH9pSXwY0KvskNLuwK5fDkc7BKpN+j2oZ62TbcDIfI+xf7f0w6FSICO/Ay8tFkaezXHjnsAVbr+wO9B/aP5v9KO0Ix40/Fm2Pcj8AeG/Bkzb1L8CXmj4U/UEY8ibyrWn+aN//qovBmJP8W8Gd7LkfiJ2avjz7ADR+JNHn8y4q3wFyaKnLLP/t9r/SneRPKdkfhTZYdEGGcR3lTgTyneVPT/+PjD48mfkpfX5zv+cfuU75TlT5Zt+5LvlI6/fN7sG3/2Knn15/BmmO8Eh48p34mWe8x3MnmT1FUQThn+fwC8Se243G/eJKVqvJWuX8ObpJ7kzwPJd4ZlKl6q8iaDP6P5f6+fd/n80cpeebNvn3ca3qT482DznQfy/Q6E7Kzy/Y7YvImxcR25cDKasABwvL/KPc77XSf8moPOcvG2LiSlhqUcFBLHMMAyaE03caWLK73vpi1hUDcElmVi1Zu0u7s4psXt1XWwbJbtAceOHOLg8hJz09O0Gi1oTdFcOozRmEaaJhgS2xngSsnAlnR7No5lgdXEwUQaJrhuRp+lJfhe+Vh3JdKZQzF2VxHt1fDe0PFm5O93KvKHpF4h35nI4y2qvwuO/bCb8cTKZAJ4JFGgJHL1Q+S17yE//A5y6zYM2iilEGYNrAaquwkbV+Ha95CNWcSRZzFOvIxx7EXE7FHEwilwbXB60N9Bbt9BrX3kTSbf/hHy1o+QK+9i3HwD4+znMM9+DnHwNFjNWGuklHQ6HRzHwRCCqelpDMNgMBiwtrZGv9fDsiyOHjtGvT7cRWzbNp1Oh62tLbrdLo7jUK/VmJ6eZmZmlumZaSwrO0TswYB+v4/ruliWRa1ep1ar0e122dnZYXtrC9t2MEyDudk55hfmmZ6e1k4oB3YMBgO2t7bY7XTo9/q40sUQBqblTdqakcneRqPB1NQU0zMzscnlYOJ7a2uL3XabXq+HbTuYpkGz2WRhYYGp6WkajUbCq4q202V74D1wfNpqMFNrUTMskpOxCoUjJW2ny67TQyrJrNWiZTXYtjv03QGO8lZbeW3yzjGEoG7UmKtN0zTr1Ayv3X1ps2N3WOtvM1+b5lBzAcvQTz5HZdNus97fYabWZK42zYzVKjxnIhMBIFwR6ieNfnIe06PHJc6LPhPGO034447ISkH8CvwyPC5x/XhJXNc1PzGgEtHsVwzz23QrCqr3O6XwmZzRkaRI6OHxOSPAUkuKs873JTKgyhpQJgcDKX3ovniZ3+phqd3xMiyDHs/UC1bAF5apBifjpSB+EpfT7QDQllnuCt/PiBficVF2B4TWA4n4Gw6oNfGS1MP6s7urMH4yqq8UP+HK84Sui5dIoAbxlgrguIfiZWXeaDpEc3vqdgCU402yOXreJMsYf/LiZ+y8qcgfHW/K8icVbxX5k/g8q8yfLN5U4Y+ON2X5U8Z94fEZ8ZPc2VmVP5k3fBZ/AiniTUX+lKg+nzfJ8mHxh3x92GFxrSR/tK3QhPujx59AivgT7y3d2Xr/F8RLstTyJjhuRP7oPRYvH8t8pwR/NPFSij+ZngqkiD9x+x8ebzTxk8ObUM/z2B7znUeDN0G9Gv6MhTea+MniTTIcI/2Vih8db8ryJ4s3VfgztnxH1+Bk/MRFyxtdOCbLXLcF/s+Jn2D8LqJ6ef6Uz3c08aPjTaJ7Axk/fzS8SeqRuAkaGMSfjj9x/2vKyvyJy9j5g0KsXoYDJ+MXAOYswZGty6wsfCzWBm/zUPamGgMXQfDMMYFSBrXmFGajjqoJ+tLBMgyaokbdNGk1amwBtqu4v7mDDTg9yVyrwcGFaaanp6k1miirjtFoYdRqSGzPT04P11HsDhRtu4bZnAdRQygDQyoQEsJtGpr+9GPx0PolZkW0p4Zitu8BSs+bTP5U/H5nn/gzkcdbVGf7YTfhiZbJBPAo4gxQW7eQ1/8c94M/Rt2/5O36rU1hLJ5HzB6B1px3bG8H1V33yvsfILub0N3EOP1zGEc+jpdkSHCXMKYPoeaPow6ehsY08sZryNXLyEEHpANOD/PpX0bMHw0ngaWU7LZ3eeutn7C2ukqtVuOlV14B4M7t27z++uu0d3ZYXFzir/zKX2VxcRHXdel2u1y7epXLH17m7t27tNs7DPoDEHDgwEFOnjzJ8y88z9KhQ7Ra6QnFlXv3+OjKFdbX1jm0fIjjx49jWRbXrl3j0qVL3L1zh16vj2VZLC8f4sLFi1y8eJFDy8vU63WSE8FSSu6trHDt2nUuX/6Qfr/v7UIWBr1ez5ugdl2mp6aYmprCcRyWl5c5feY0586fj7VxY32dGzdv8t6777K9vY10XWq1OlJKDENw4OBBzp49y5kzZ5idm8M0TRTeB/27m9f54dr7ADwzf4oXDpzjYH0Wy4jvXnaVpG13eWvzI366eZW+tPnEgfNcmDvOG+sfcLuzxq7TY8ZqMW01sYTBpr1L37WpGxanZpa5MHuC0zPL1AyLzX6bS9s3eXPjAy7OnuBTh55moTaTqjcq3iS0y082PuJH6x/yzPxpnl04NZkAnkhpUZqBTvDs32SJ8lI9FVnKG/7MmcJLqGMr8rzrh4fntSUYTCdHMsVGpMuS5+oGXIEt2SuUE3rWyvfY8RVKBakdWuGgNliNmTAsXAKe3z1p3fdf+Lrn33E/g5NMnYgtEQ9kTTDlDGhiBpWJlSLJGkkXHR6pP95aTbwU+HuvzwDWxcvQnIhR4T2bYbcY2pS0mcgVw/DT+D+3LLFCOBU/uSuAU3c0ufGTY7fW/1m8QXNsgcR5U5I/Ot6Mwp0s3mh2pMcaHbO7LH90vMF3Y0n+VNmBUMSfihPacbs1ZRXZY/w9FP4keRN8CZviTwZvknol/mh480jxp6JM+JPmjWZHeqzROfbm8uZB8KcgzqrxJ6PUGThKvGVdq0K+k6xfx5ukXok/RXGzl3wnqe83b8rwJ5M3w3hL8ScvvymS/eYNieysFG+Ct/c33wm7I5XvxEt9dD2cfCeXP09UvlOWNxE9izcV8529j7fipUrq4cE6/lTz//6Otwpkj/7PLEtUF+oKjPtXkIefQc0dTtSvONW/zwpPAYZnZ/CllRL+d9ZxWw2cyCIDA4VJrd5CoZAouv0eK3fv0dvu0qjXadWbCMMCs0HflqzsONTosbCyQXOqxcA1mZmZojUzjeHa1BtNjJpg4AxwXZOtts36rktz7hCONYdh1KhJE4VAGdLzmvK/n0uIYOi6k527mc/+Fd11xM69OIfGNN4KHfAw+TORx0bUoAv9zsNuxhMtkwngquLaqM468uYbuB/9GfLWjwCFmDqIcfAsxtnPIQ6eRUwdBCFQ3U3U9l3UxjXk+hXk5g1w+ojmAmrhJKI+A4YJVgNhNbxnBs8fRzRmQRiowS5qZwV55yeoQRsxfwLDqiPmj4dNau+2efONN/ng0iVqNYuDi0s4js0777zDn/yX77Kzs8OZM2f4+b/4CywsLNDtdrlx/Trvvfcel957n7W1VTq7Hbq9Hru7u9TrdY4dOwYonv34xzl+4gSWZcUmbVfu3uW1117jg/cv8bGPfYznX3wBQwguX77Cu++8w927d9jd3cV1XRqNJjdu3GS33eblv/AXWFpaiu2+tW2b9fV13nnnHX7y459w8+ZNf6fuPLVanc3NTVbu3uX2nTtMT0+zuLjIzMwMjuOwcOAAruP93LTrunQ6HS5dusSP3vwRH374IdJ1abVazM7NYts23W4PKT/g/v37dDodLly8yPz8PLV6HQW8t3Wdf3v9TwFF7/inOD19mLnaNBbxiVipvN3Cb21c4T/e+gFtu4spBIea87y2eokfb1xmc9DmwtwJTk0vM2dNcbu7xr3eJl23z/LWApuHdrEMg2NTS2wMdnhv+zp/ePsNNpfaHJ9eYmq2mTsB7EiX1d42r62+zzdvv4YtXQ63Fjg9fXhMwT6RJ1/SK4YDPXj2r5HQw7RODM/zruRfLzrOTK1QJnZ8NIcTJN6MlmUlVkEwoInWkEh4k7pmR1Rq56au9A1PrlAfmlOgi+wy1kdl7M9LqPOumKi48Bl4yfiJrBTWrRCNNy+ha1coZ8dLSq9sv6Y7gmAUBfEzDPSY30n5X1NqVqQP3VAQL2E9keZGmqnbkZptb06pE+2OSK8c/Rl4aR5lxkvlHRJx04sWsBfbH7lwakl+Cf7odmCW5U8Wb2LxMCJvNPzJt19TxkTHm+wGjf4MzpL8KdwhEW95Kd5U4Y+ON48Nf+LNKuJPvv05ZeoEXx45/qTLaMvHyx8Nbx5p/iRKHW/Gxp/kBcbDn9x8Z0/8SZfRlo+XP2V5k9QL+BN9v6jU8SessSB+quY7GV2QWWqvoONP0mEa3iTjoDRvKvCHbPdX4k8pGYE3ex1vaXmT/LwLWrC3fCfVHQ8p39k7b5JxVsCfDHOSvEnMF5bgTdRu/59HJt8pyZ9EnvPgx1sleBMpdflOIW/GNt4qiJ+InSPxJ9bfOv4U8MbuYtx7H3fuSMqRLRPOrv6Ya4dejjdQk4goASKcIFcYAgxDIJQE20ENXLZ3Oly+/BG7NswuHKY1PctWx2YgaihhcHutTW+3x3rX4fw5g+NHDKRhInoDGi0XwxK4rsv6Tp/Vrsn88ilEfQZJCxcHQ7oYhsD2g89QDBcVhJ2v/O4VnF55g5bu2b/tFQy3N+TR2Pij483o/CnFm4k8vrK7+bBb8MTLZAK4oqjOOvLOWzhv/1vUvfcAhWgd8H6i+cKXvF29zTnvOb+AkK73M89uH7V5E7nyLvL6nyPXPoRbSxgnXvEme6NSa4XXEYvncN/818iNa7B+Ffet3wPTwpw/RgBt13W5t7LC5cuXcWyb02d+QLu9w/Vr11hYWGB+fp6DS4vULItet8utmzf54z/6Y2ZmZvj8F7/IkSNHqNe9n2++cuUKf/79H/DTt99mbX2N9fV1/tKXvsSh5WVqtVrYxG63y727K7z77rveTy3v7mKYBidPneJv/M2/Sb1WY2trk8uXr/Ctb36TP/2TP+GjK1dQwMsvv8yJkyfDa21tbfEH/+8f8Mbrr7Gzs8Mv/fIv88wzz3D48GGEEHS7Pa5fv8a/+fq/YWNjnWazyV//G3+d06fPMDM7w1Srheu6bG5s8sYbb/BH3/42H374IV/+pS/z8eef58Tx494Er1Ksra3xR9/+Nq//8Id8/8/+jP/q136Nl156iRMnT2IIg12nx53OGgrF9mAXGfkZ56RIpdi2O9zurLJtd2nbPQwh6EubjUGbtt3l3MwRPr/8PBfnTtBzbd7avMKf3nub7668xfXde9zurPHfnvvL9OSAzUGbtf42725e5+TUJY61lmhZDW1O1HZ6/Nn9n/LWxhVW+1us9bfoOP3RAnsiP5uiFNLPf4MVoNIfSOlWJAc/MiOVikwCp1cAShV/PV4O6/cv4ifTQz24XPBnKXMgsqFIt0K4YAdC1R0JyVK7Qpi0Hm9wiS8USnZCtCzssPxyeJnAf9n6SDtkSqxIzl5hGu3LhF5lR1bCXt2OhODgMv6u+gzgUZ9RFeoFOxSq2D9S/OnqVfnxQuh/fLeV8/94doRG+i7BmyoS3L7418rUw1pL+n+PvBGRduTxZ2gAI9sfu9y44i+UEvEzgv8r78Aq4k+SN3n2j8SbnPihIn9yeZOMvxLxk2d3CfsfbPzl84ZReVORPyTiLZrv7I0/Gt7k8aeS/0fMd/zPoyR/wj/3zf+aY0vXr+PPHj5/9iPfKW3/MM8YK3/y4qVE/BXyJsumEoel7deUVUVbv44/e+RNUfyVzHdC/kQ8XtVwHW9i7xf5f2y8Cfo6J372mzdZ5xbUn+ZN8Pr+8EZF4yWHN+G9mjfeyr3f9LyJ6w823xnGS4n4iapj/7wpKQX1p3mD76b9yXdi8ZOT74zMnyRvUvwp9r9Y+QBj6Txy/niqA0/SZrN9m+3Z4xSJFAZCSX/iUiGUxFBgohADB/oOm1ttbq9vs3Jvi4G8RW1qAcOqIzGwB32cgWS30+P+7i3u3N/i8PICh48dptVqMDU9Tb1Rx5GSxtw8C0fO4BotlDRASJRwQRkgZaTv9YE1t3OL485O5ntGZx1j6w7D3cOPNn9Guncm8liI6u+iJrt/H7hMJoAriUJt3UDefB21fhXV3UY0ZzBOfRrz7Ocxjn8CMbUIZi379PoMZmsBMXUQtXsftXUHjmY84FoYUJ9GHDjl7bpbvQLOALl2xXsm8P0PUCc/iZg6ABgEz7zt93q0d3e5cf06J06e5HNf+AKLi4uYpsnU1BSzc3MgBI1Gg7Nnz3Dw4CJnzp3l4MGDWJaF4zjM+zuE19fXee+99/jp2z/l1KnTzM7NxSaAwZsA6nY6rK+t0d7d5dM/92kuXLjAkaNHadTr9Ho9lg4d4u7dO7z+2utcv3aNd376U44fPxFOAO/u7nLz5k1+8P3vs7JylxMnTnDh4kXOnjvH7Kw3Me44DpZl8dRTF3n9tde5dfMmm5tbnDkDMzMzAGysrfHBBx/wnT/6I65evcr8/Dwff+45nn76aRYWFjAM7xkOs7OzvPTyy1y7eo0f/vCH/OD73+fAgQMcPXYMwzCQSmFLF4VEInOjQQiQKGzpMHBtJApTmBgIpJK4SjJlNTnQmOVw6wBSKXpunzvddb5z98dcba+wUJ+h4/boOn02B226Tp/ru/f40fqHPLtwBsswOVCfSdXtKsnmoM3377/Dhzu36bs223aHnjvIbfNEJhKTYMVxOCgJdBHq/oHx48NXhD/OEBh+6V1L+F8sJc5PJvuJFdHhinnN4SlJDKjKrsgNSxEtgxXAGbr/76gr0kmcF+q6JcVhA5MDpIRecYCZutrQXflleLmyK4LLr0gPOjxX1wWEdgdYtv0pSYd3tq5pRdxtgd8Tenj86CvStfETnSmOlcFhBQNsXffqujvxkrb6aDyQEz/aFcEld8QkeBN9Jl5wXK5BqR0Z+q7Kksq8iZVleVORPxnH6eJHv6UhkIL4qcqbpF6VN1r+lORNWf7oPPczwhtt/BTf8JHWQsrjY+JN8EZmM8iJlwfBGw1/MssUbyry5zHPd7S8KcufMeU7qdu5LH/GsAMv6PCkHiu1N8TjwJ+MuBlTvqPnTnDYQ+AP5ISjjj8leRNpmJY/VQzS8aeslORNUi/kj//vqL+wpIuXvec7JfhTortCXcefjMvGecPYeRPTR+ZNQfwUhKWON6Ge67ZHcXyV5E3Q4IL+0Igu3ynNn4eW7wSqhjdl+VPweT9qvmM4XdSdd2DheOJs78Lndy/z5uxxVNgT2SJcbyLWBVwEKBPLcKkLhekM6O922N7qsbrWZX23j4NBv30fIWo0W01mmk1kfQbVrOGako2ezc6NNS5fv0vdUjSnGiwdO8Gzz3+CmUNncaijjBrSqIFUWBiIGkjAlAaK4TIGCBY44Nkh4Oz2ZVI+8sXcvo1w+wgRuQseef5oXTORx1jUzvrDbsLPhGQ/2XwiaVHK+/nnjevI2z9B9bYBBc0FjHOfxzjxsvfsX93kLyCac4ilC5hPv4px+Bkw8rtf1KYQc8cwTr6COHAKlETtriE3rqM2roPjTfYJBMIwQAiUlDiOw4ULF/iVX/1VXv3yl3n1y1/m81/4AjMzM1iWxYEDB/jkpz7Fcy88z+HDh6nVagghqNVqHD16lKeefpoLT12k3+9x4/p1PrpyhUE/vrPUtKzhs3yFYHZmhs9+9rO88OKLLC8vM7+wwOEjR7h48SKf/rmf48TJE3S7Xa5e+Yi1tdXwOu12m1s3b/LBpUsMBgNOnDjB0aNHw8lfAMuymJmd4dz589Qbda5fv857777LvVchgscAACAASURBVHv3w2NW76/y07ff5s9/8AP6/T7PPvss58+f5+DBg+HkL8DU1BQvvPgiJ06dZNDv8/Zbb3H92jUGgwFKeR+ShhAYwkAgMHISFIHAQCCEAQIMBJYwqRs1TGEiAEMY4TUMIZivT3OkeYCmWWcgbbYGuzhS0nUHbA12saXD/d4W725f58cbl7nbTYNQodh1etzurPGTzY+4011HKsmu06PvZiwomMhENKL8VZMqSBtVidI7IbICOLhWcNGEjkbPbFCJMvp/mXNKi0qcqxI2Bbb7x5XpK//k0mVYjwp1ldSVrysVvpddBn4N/gvqSuqRsrT/o20tKDNtJdSJ6pE3k3pYPjD/l7ymtn6V0uNNUAmb8/wfKZN9Hi3RlSrUh95ORoNK/xeLoWGsqVjdEX1k/1eIv0zbc/iTcEslKfJ3mfirXNlQz+ZN8H9J/1fpc63vNLyJ/K/lTyTCdLwJ9aq8KcOfTFvJ1iP37IQ3JfhDiTL0bgn+5H6GBXWneaPy2qyzNassHX863uj5U0r25H9NWaHyTN4k9ZH8X7Ksyp9IjDwU/pS5Z2LuSOtE9dQ9nFE+wvxRWXrkwNH9HylLxZ+K1V+GP3ruVORPWVuzSq1NkfjI5c8eZRz82UPlOt6Q9Hue//figyLeRHRtrGgjjMQrw7pz+TMSb5KlhjdJfb95k5Q91a8STajAn33jTSImEnwpHG/Fzhm2cWT+lP68y+HNXvgzDt6MHH8qdq55/wOMO+9GrjXkzpRQXFz5fvElhUCYJtJVCCEwTZNas0XPVXQdxa7tsNPt0XUcHFtiD1yUFDhS0u70WN/cZmt7h263x263T8+2cVxJrVajOdXi9JkzfPKTn+TsuXOYVg3DtFCGicJACe977eEajOF31QLve3nD8P8Xggu3v8+0phONrRsYW7cePH8ibz4S/JnIIyeqvR7ObU3kwcpkB3BZUS6qu4XavoPauu39rHOthZhdxjh0ATFzqNx1hACjjlh+GnPhJKKR3t0ZO9yqIw6eQcwdRdSnUIMOqr2CvH8JsXgWrKY3+ej/pn+z1eITL7/EhYsXmJ2djU1+AtTrdSzLQimVei+Q6alpDh44iGla9AcDdjsdpIzvhjWEgWmaCCE4fHiZCxcv0mg2U9eqNxqcPXeOpaUlXNdla3ubjn89wzDodDpsbm7huC7NZpOZ2VksM/3cW9M0mZufp9WawnEcVldXabfbgJc0razc5f333qPdbnP23DltewzDYGZmhqXFJQ4cOMDOzg5ra2tsb21xcHERb5VYMGFrIITIXAEmANMwvAlebwren/AV1EwL0z/XFAZGZJ1F37XZsbsMpMN8bYbTM4dpmjV67oBtp4sSMJAOK90N/uze25yYWuLpuZNhmxQKR0qu7NzhtbX3aQ+6SKWQSrFrd+m5A6RSuRPXE5nIUILoHq7cMyBcoRddqRd9XYH/bGC8nb8MF8QmF8wa0ZWrxBfwxVsSSWZFWo+VsStFdKXCl4Ofph5W6L9fuKR0WGqfkecfr1+hHpyW1LPNyV6xGlkgm9SzuoMsszJWUGZeQVNxQYOG62N9PbrzO3fFaNCs5A6JkmXEzKglUfdq3R0/I67HHJSOh9SWq2SZuAHK7lBIr1gPujt4P9Nb6TKruQmL83RtQBZewS+zHJbT4lT8lF6hromfDP7keCsdPzr+ZEo+f0rxJhkPI/MmWQaXKYifsrd74rxQLzRrf3hTvCNPx5vkDoli3iTjTcebUNfKA+JNCf4U8qYsfzTNLc2fQqCNwJsc/pTmTYo/Ot4kd0hU5I+ON2X5k8WbZDkKbwp2hJfPdx5v/oz+DHKGeqxZ+8efsNTK3vkz+jM5g25+uPzRXzhsYP4JBY4b/RnkifhAx58c7mj4E7VknOOtsfJHx5tk/FTlTbKsyJuUlOZNUi/gjy5eyvCHnHhJ8acibxKWVOZN2fFW2Xy5ar4Txl3Q3Q+bNyJb111hTPlO8vOtfL7zKPImoefFTdRRSmHc+jFq7ghq+kD8fRSHGNC//ybXD72MTiQK5UoMy8QVJjudLjOtWbCmaHd22Nq1aXdtbFsisPz4MLzfllQSR4GLTX+whaUc2qrDwnSdIxfO8cUvfJqTZ05iNlpIs4Z0BRKBVH6/CRH7jcrkredFu/cbEqfuvckhNcjoaIExaGNt3fLujSfq+52JPG6i7B6qvfGwm/EzI5MJ4LIiXehtozobqN4mSAcxvehNzLYWwKyXv5YQ3nN/69Ng6HcMe8ea3vVbC1BrgdODzgZq8wa4A4T/gR2UtVqNEydOcND/6ed01SLz9dBMKen1urR3dnBdByWl93/iOMMQmKa363hmZpalQ0tYVjqcLNPbcTw1NY33U9U2rusCoJT38RDagL/jNpUEDdsmlUQpheu6SCkJfv56fW2d27dvMxgMPPsMwer9+/S6XW+iWwiUUkgpcV2XXq+LVauxs7PD7m6HXq/nt8fbyesoRcfpsdrbpmHUaSR2djvSYa2/Q8fpEa55Ep4tljAw/dVZ3kQwONJl027zztY1frxxGUMYfHzhFF88/AIztSm6bp+23eVAfYaGUUMqyfvbN7m8c5u1wTYLtRksw8SRLqv9bd7a/Ig31z/kyNRB+tJmfbDNrtOn5w5wlYsQZiSNnchENKIUkiD58gZQKppQyyAp9FNJldAJcq5AV0jpDeSznhEixPA4lRjAqdhIwk9ywwwvs/HE3/X1AFa+LUL55qjg+EipYK/PxAt6INT9b/2DesNZgKzktMw4t6qogrKo/tIS+DGhBwGU4f9onJR9BmdRSSIOg1HlcAWz0NivouEMob8j71Ps/70+Ey8IlJGfgZc2S2Ov5thxD6BK1x/4Pah/NP9XeiZeRrzpeDPs+z3wh/HzJsWfkDca/kQd8SjypmL9ad74r4/Km5H4U8yb4b0ciZ+YvTr+DDtwJN7k8Scj3ob8iba5An/22f97rT/Fm/DjakT+6OIuN/4ivKnAn1K8qej/8fGHx5M/JS+vz3f84/Yp3ynLnyzb9iXfKR1/+bzZN/7sVfLqz+HNMN8JDh9TvhMt95jvZPImqasgnDL8/wB4IyLteCi8SUrVeCtdv4Y3ST3JnweS7wzLVLxU5U0Gf0bz/14/7/L5o5W98mbfPu80vEnx58HmOw/0+x0y+FPa/wrRXsW48SbuU38ps0NPuNs4a29zZ+m5zHYKoTCEga0E27sd3njtdX711S9xdPE4H968wXZXYtugXHCl972yRIL0dgwjJAgwlKJmKg4tzPHZT73CFz//cxxamqM36COsGq4Bpn++UBLEsJfzRCA4uvoWx50t7THGxjVEZz3jSvm8Gfn7nYr8IalXyHcm8niJ2l4tPmgiY5PJBHBZUS5q0Eb1d2DQBaUQjVnEzDKYDRAVf03bKNn1wgCriai1oNaErkD1tlE7K+A6/jECgQAhsAyD+fl5Wq1W7mWllAwGA/r9Po7thBOr0nW5ffs2Kysr2LbtTc4aRuqjTxgGhv96vVFnenoaM2NHsTAErWaLuv/84OED5j1pNBrMzMxQr9dxpUu328VxHLyfYx7W6jgO21tbdDvdcBdvo9FAKYVt22zvbLOxvu49C7nfZ2N9nY+ufESr1cI0vd24rvQmjh3bZmtri1arRa/VwjTNcDJZ+P8pJdkc7HJ99x59adMwamHiqgBHuWz222wMdnClJPrpE+z+daX3nN47He9nnG/u3udH65e5tnuPU9PLfHb5WT67/HFmrCYdp8+u02O5uYBUkh27w7Xde1zeucXVnbs8s3AayzDpS5tr7RXe2rjC1fZdvnD4BRSK1bUtuu6AnmtjS9f7CWpdXjWRiQQSrgj101s/OQ9veOGv7GO4Ay84IZa/K+FPtg7fD173L5RdZqyADgeJkdd1w4TkgmHdAmJtK/TN8GwUKnJ8sII4okdHkiKhh8fnjABLLSnOOt+XyIAqa0CZ7LeUHnFTrMxv9bDU7niJxEvYdxl6wQr4wjLV4NQnFXmSrE63A0BbZrkrfD8jXojHRdkdEFoPJOIvckMmykASelh/dncVxk9G9ZXiJ1x5ntB18RIJ1CDeUgEc91C81N7wxPVhB2V3iOb21O0AKMebZHP0vEmWMf7kxc/YeVORPzrelOVPKt4q8ifS0SPxJ4s3Vfij401Z/pRxX3h8Rvwkd3ZW5U/mDZ/Fn0CKeFORPyWqz+dNsnxY/CFfH3ZYXCvJH20rNOH+6PEnkCL+xHtLd7be/wXxkiy1vAmOG5E/eo/Fy8cy3ynBH028lOJPpqcCKeJP3P6HxxtN/OTwJtTzPLbHfOfR4E1Qr4Y/Y+GNJn6yeJMMx0h/peJHx5uy/MniTRX+jC3f0TU4GT9x0fJGF47JMtdtgf9z4icYv4uoXp4/5fMdTfzoeJPo3kDGzx8Nb5J6JG6CBgbxp+NP3P+asjJ/4vJg+eP531x5B6YP4p58iXhC4XXwGWcNtfZTVpaey2yjK12seoP7a/fY2Nxm4AoGokZz4TD/P3tvHiTHld93fjKzrr670d3oAxcBNokGQfAYEhQpSKMZzow0sg7KI2t3ZU+sw1rvhuXYWDscG3LE7mj/WP+zq3/W9h/SrkNWxMqSJix5RxprZFGihpyhhuQMjwEHJEgABAniajTQB/qs7joy3/6RlVVZWZmVmXU38PsggIdXlZnv+uU3f6/ee/m2Ch+yvptj1zQxdcCyM68DmrJIaApdWSQTOvuG+3n26cd47pknGRsdoJjbwSoWSCRTKFOR0HUUOqZpgTJx9uotV7Wqzdv08vscyS27aqQaY+0qibVrPs+huPoT8/edDumPsHdQG0tQyIUfKLQMGQCOilJg5u1XP6vSgJ+RREtkQh9iTaNpJQeuJPjFHVRuA5RZfQyAZr/muN4rgC3LYndnh2vXr/PplSssLt5md3cHyzSxLMXG+jq3b9+mWCii67o9sOu5ngaUX5Ws26+DDqwH19NY1w3cA7ujY6McPnKYickJ1tfXubmwwNbmJoXxcVIpe1W1Uord3V0+/vhjlpeXyWQyPDj3IPv3T5YHgPP5PIViAaUUa2trfPLxJ6wsL9v7G+s6SimUpezVzEqRy+WYm5vDUopjDx6jr7+//EpshcLE4s7uGh+uX+P27l1SerL03LGwlKJomWwWdriVXaWgimW3QYPy/sEbhSx/s/BD3l39mLSRZKuww/6+UX5scp7P7HuIB4dmGE8NkdANds08O8VdDg9Msi89zK6ZZ3F3jcsbt3h96TyHB6foT6TZKuzy1spFrm0vMZTs57nJE+wUc7yzfIm8VSBn5SmoImmSBD30BcFBuTo+zorcykpgO7RK31ueDnfZ2VO4QlXtpHm6NFWDuzXfuj5wh+GFqB+GnOrX4bK/CJqh7Il7ZyD7zUSNGiqoWaFV7tQ6szE9BXMm1QSU1/txJe60o/O57dnHniFebwaoq8YCZ5C7W8BvgClMx2K0dygx7a9kJuWIx9r97SWkvWOvkPDYXZC9VIrjKpRTgMBfECLYj2N+Ae1fN4wwQ7jGfurOAK65o6lrP3XKHdj+TehNzaWq9Cai/gTpTSO646c3ASvSqzJdVe6o+hOkN5SaMaL+xFmBEKY/MQe0q8sdEMahSfvriv549cb5EbZGf3z0xhuPpT8BetNT+hMT0Z9avQlYkV6V6Trlras37dCfEDuLpz8+YVABG7E3v2vF8He86QfpjTceS3/C7KYZf8cb77TeRNEfX72p2FuN/tTzb8LotN7g8c4i6Y3zdWf9nXJ11Pg71WGwdXXH36mrP/eUvxNVb1xxP72J6e8039+qDpU3Xj44SH/itX9n+1shNNn+vmGE5MpxP73RQLvxLnpmCGviwdqEleJofonE0jluTj5uf1Z53QCJZJLltTW2t7MkUhnev/QRE1PPkRgdZf8DR0ldukTu5i2KmkZRmeiavZ2ajoWuWaR0g+FMmgcPz3Jgej99mQQoE9MsouugYWGZFqbSKeoGup7BUnbr2G/v06rzXIoeuPMjDuVXXN9VV7S+dQdj9UpZ49rd36pqgG7pj9CTqO01VHaj29m475AB4IiUHUGlKCuPWUAVd7EHhNuYslmw07KKdtwy7cFoVVFAjYrM1nv17/LyMteuXuOD8++zvrGBoRvsn9rP7OyMPeCqYGVlBU3X+NGPfmQP7ib8XyesogqwquTRMIzyQKumaaRSKWZnZvjZn/s53jt3jvW1db7zne9yfH6RAwcOkEgkWFtb49MrV/j440+Ympri6dOnOXnyJGP79vkmNz09zRNPPMHI6CjJZMKeKaVAlduv4pZrms7MzDRDQ0PlV2Pbe/ca7M+McmLkMPszo+VXQCsUSqnSK523Wdxd5fx6gl0zXy6qVbKRlJ7g0MAku2aBK5uL3M1vkjaSjCQHODY4w/7MGAnNoGAV2S7usmPmGU72c3z4EGk9wZWtRdZyW7y9cokz+09RtExuZpf5cP0aGSPJydEjHBuc4Yepy2iaRt4qsGvmyZkFBoxMU/1C4X6hMtNT18C7169fiDsEbKez9L1rhqCuO50WJ6X6/r5GpW+BN4xKVQKaR6Rqc1Cz4iBgRVTNys2gsOTQemeoV4oTEtf8Q3cJopefCE6yN4HqhEP3wHPsx2VH1TNFa2eIVmfPEw+coRxgL9547PIHVIdW+kcLsZ9yB6a63alp/4AwYEZ6pRlC7KWcjiu7rmwGrUj1L2+dMIjAFZF22PgeeJ4wyH5ir5CoLnrYBPbw8rsuXDMlP4L+BK3AjKo/fnpTZQ8N6k2A/tQvf0BYRZDe+Geo8T04I+pPkN64zNid80h6E0d/gvRmz+hPdbbC9Kd++euENSeU6Dn9qQ3dOW+t/gToTU/rjycM0puW6Y/3Aq3Rn7r+TlP6Uxu6c95a/YmqN954iP64vw8Lg/SnnGKI/cT1d3yqwDcMvEKQ/ngbLEBvvHYQWW9i6A/+zR9LfyLRgN40298K1Bvv887JQXP+Tk11dMnfaV5vvHYWoj8+xfHqjWe8MILeuMtd+qdn/J2I+uPxc9rf34qgN64wyN8J1ZuW9bdC7MdVzob0p6q+g/Qnvt7o+S24+jYq1YcaOeBNCFAcKq6SXHyTK7PPlMZ/LZQG2R2T6wtLZHdyjE3s57Xvv8XBgwcYGjCgb4ChqVnSC3fYvruOpYOhFAmKaMrE0g0GMzpHp/dxeGaKYj7PncVbGGqKVCoJSR2lK7YLW+Q0HSsxiKW08sph0Cmio2k6hgKlWSjN4uitN5kqbvlUqB3Xd9ZIrF5BK+yUbr1260+Q3jSuP5H0Ruh51O4manMl/ECh5cgAcERscXJWwtrKo/LbkF0FZ2A29OnVAEpBMYcq7EAxV3GwPR1bhVsLg1Xx+rVrfOeVV/jbV19lfHycp55+mvkTJzh06BCDg4NomsbVq1cpFgtk0mnX6l5vtuyB0JDkKscCzv7DhlFZBWwYBvvGx/mZn/kZEkaC737nO7z15ptsbmyw/cgWqVSKO3fucO3aNUDxxJNP8tyPP8eDc3P09fVhmiaGYZAwEhiGPdg7PTPDU6efZnp6uryKOC6GpnOgf4Knxh/iYP9kzR7ABavISm6DjzZukNKTVSuuLWWvEu5PZHhs3zE28ll2zByLO6us57dZz29jliYNWKjy658LVpHBZD9HB6fZ3zfKxc0bfO/2e1xYv86H61dZzW9yK7vC4s4K8yOH+ampx5nK7KM/kSap2wPJzgBw7a7NguBD0IxkS4GulWa52o60f+goX/CMdffxlMOSbLhmACqtOt6Ig6dwdcICZwiHrECIuyLBGwbOEKY27mQ48g8KESvBHYYdG5Su05zlg5328483tEImwoxk/xmm7rr0xOOsyPKU13eGsOvgKO0ddw/gRveoKse9z+EWt3+ka/iG9e2FcvtTqz/1ZiR7w4ZmKNfqT8v0xkd/YrV/k3qjufJRT38qBaDh8lddrlX2VyaC/TTQ/rFXYIXpj1dv6pW/Ib2pYz/E1J+6euO1vwj2U6/cEcrfXvurrzc0qjcx9QePvbXO3wnQm3r6E6v9G/R3Ss8jr/6U/9ux9g84NnL6QfrTxPOnE/5O5PJX/IyW6k89e4lgf6F641emCIfVlj8gjEtg+kH606TehNlfRH+nrD+uFo9b8CC9qfo+rP1bpjdOXdexn07rjd+5IenX6o3zeWf0pqp/Xkdvyvdqvf5W3fstWG+q4+31dyr2EsF+3NGWP28iEpJ+rd5QaqbO+DtRf99pWH+8elOjP/Ha3zle31pCffwG1txPoob2+1bwtNqi/8arXN73GPnMKMWi4sqnV1laWsdIpkkk0mgY/Lv/59/z1V/9ZdCTbGdzDAyNsJs3yefz7GxugKaRTCTpT2c4OD3BYyfnGR8fJZHUoLjLzs4mieQQBhk0LUmxoKGnU2hGCjNvoWsKtKJdd5qOPZSjk86tc3T5LCOqEFh9Wm4DY+VjtJ1Vux3c9uLSm17Xn4buHaGnULlt1NqdbmfjvkUGgKOi6ZBI2X91HSwLdtZQazcgv22vyo26r28clInKbcHuhj3grCzQE2jJNFXTFV0/Aiv8tdGyLD788ENeefllstkszz73HJ9//nkOHjpIX19feVDWsixM07KlX9PQtNo9gO0B4Mowo6ojxvb+whZoGonSCmD3a6B1Xaevr499+8aYmZnBtExS6RQbGxtYlkUmk+H06dNMTU8zPj7OyMgI6XS6fG4qlaK/v4/+vj50XWcnm+Xu3btMTkxAzAFghSqt4I1yrL/vp0p/AJJagqfGH+bo4DR3dtf4dOs2f3v7HPMjh8gYSfalh1jLb5Et7qJpGgNGhtHUIAf6JviJ/Y+ysL3M60sf8Le332MgkWHXzDOcHODkyFEeGzvGYCJDn5Gmz0hXBoAt+1XYghCKe0aysuMaVM0IrVoRTCl04mX/rDIDsHRiJV5OwA7LPzp50/eNV7Lq21XwdKiizsitSa5cBuUfL5ddVYelwoTNSMdzXjkeNKW4nEFvqT3xmB3MmqtVmqt+WL5c1BnB0WekOxVeN+5nEFUFICjD9fFcNuqKAG/zaM69U/pFoypePr7xGemB9uMeKa4KncNCOthB1RtU3Z6PApN32wN17CdwRnDEFTF19MY5rm6B6uhNFGLrTVUYVW9i6o/PcUH2E7ykwSHEfuLqjTceV28C9Sei3kTVn6CWu0/0JtB+wm94V26hpsVbpDfOF77ZoI69tENvAvTHN4zh7/iyx/2dQL2Jqj8t8ndqbueo+tOCFXhOhXvjVWHgDbEX9MfHblrk7wTrjnNYF/QH6phjkP5E1BtXxgL1J06BgvQnKhH1xhsP1Z/Sv42+YSnIXpr3dyLoT4TqKseD9MfnstV6Q8v1piresN6E2E+IWQbpTTlet9l6sX/l1RsnwyH1EUCQvxNZf7rm7zjRAL2Jqj8hz/tW+zvG5i20T17HfPAnUEOTvs+bYc3k8ZUfciU5ww+y+1hYWGJ1fYuNzSxj4/vI5/MsLt7hz//8v/CFz50hu5NnZzdP0dJAT9I3OEICk0wqwfT+CR57fJ5jR6ZIJDR0iqQzCVJ9aXQjYW8zqae4u5rlwNw+Pry6yNTUNAoTXQG6ZVeC0tm/+gEHdxZIoNW2g1MfuU2SKx+jbS/Z1l6jP0H+Tq/qj28xhT2Aym2j7i52Oxv3NTIAHBVNR0sNoqWHINkPhSyquIvaXsa6cxE9NYg2PGMPDoc91WOginnU2jXU9lLltc+pfrS+UdCN0kGlAceSM+Snic5euaurqywuLjI8NMTIyAiTk5NkMpny648BTNMkXyigLIWmVR6W3utZpgnKHjC1Snvr+qVrlvYW1gBNt19X4Sa3u8vHlz/m2tVrFAoFnj79NFPT0wz095cHgIeGhhjbt490aVWyg6ZpJBIJJiYmOHTkMAsLCywtLXH50iUOHz5MX39/cN0qRSGfRzcMEolEqe7sPxYWFqruQKq90tcqDXDbZ1tKUbCKWKV9ohWKqcwohwf289zkI/xw5SMWdlZ59fZ7pI0Up0YfYCW3SbaYQ0ejL5EiYyQZTGZ4ZOQIx4Zm+OHqR3ywfhVD0xlK9vPsxAkeHJphONmPrmn0GSkGk32s7K6za+bZLeaxaOdryYV7BeV0pLFn3mmqstev34pgp8NT8b0UmnKvGSp/gWVVHHBvNyk4Q4T0aALOqRdGRnnSU54OV2XGqHO8/XGMGclhoYKaFaClpTTlOJVOiyvqE3orTCvnuTruChuZsdnQCryK/eCOu+pfdbz9A9KLnL6qiVfbfaWdvXH/9q+eody6FaD4xmvLr1XK5Dqjxn6aWYEZxf7C7KdqRUJts8QiSnv7ndNQgt4TgvTG9T0R2r9hvQnQnzD7CSx/fb2hUb0J058Qe6m/QoHw9r/X9SZMfyI/7yLoT93ya+Uyuc4ot3PNm0ZapTe+9hekN8H6E4mm2j8gjJG4r974+DuNtX+b9KdUzvLzrdP6E2cFlE+82t+p6E/n2z8gvRj6UzKT6ng9vfGGLdUfPNevrz/h5Y+oP3H0JrL+OJf32EuzehOr/H4V5vqs6fSD9ab8PS32d7xhFL3xFjREb7zx2PrTkN4E+zs19lOlP8Rv75a1f7PpN+Dv4Nfu7dYbV6F89KUmXsZpZ+fcFuhP0/5OpTh70d+pTs9ff/S1G3D5bzGPPosamakU1BUaGswVb2Guf8TtbYNLK3k0XWNtZZVUKsHAYD8/ePMttjbXye1ssZMvoiVSWIUC6Uya8dFBTh6f4+jhQxzdP0Q6USChKYq5bTLpflKZDFoyjUpk2N61WFrZ4OCJAS5c+pT+gTHGBpOgKTRMBreXOLz6MWOq6KmY6grVdjdIrFxG27oTof3bpD+u+u9Kf0voCdTupqz87QFkADgqugGZYbS+MbS+EVQxB2YetbOGdf1tSA9jZIYgNVgZmG0WZUJ+G2vpI9TGor3KGOxB6MFJ0JM4r1e2lKq4mj7C6AzEFvIFDXJ/+AAAIABJREFU8rkcDA3ZX2i1x2xtbbG+dpdisYhS/k6wZVkUTROFwrLsDeuDsAeA7QFJTddqJn3t7O7y4YcfcuHCBXayWQ4ePMTRY0fJZDI4K4U1TUPXdfwGZHVdZ3pmhhMnHuHjyx+zurrCe++9x+NPPkl/f395tbCbYrHI7u4u62trDAwMMDI6iqZppbq0Vz9bqjQI7FOhCvv1zZay/6pSaCqLvFWkWFodbSqLvkSag/2TPD/zBAWryJvLF/nB8oeMpgboN9Ks5jfJmjl0TaffSJPUEyT1BAf6xzk2NMt03z4+3lxAoTg2OMuJ0cMcHJgov3Y6Y6QYSvSxxBo7Zp6suRt5FbNwv2MP5mqOEJRm5mnlH6WCZoyWxoNxzRh0+jOuEL/Pyynb5zm+n339ypfeeFVYdQVX3K9DVdPBqtMD8Uw1Dtwjr3R88Ax15zRv3L845VDzD/HG/aoDv2JptXHfKwQkHJIhp/3L8dLMUCfd4BmjTra8KyQihq5iukvibt7A5q4+ozpe1UC19lCz5Mobem6AqCsUamesO9XtfO/bWrWhX3Y9Ja4XDzTI0CuUQr8Gq5PjGvuJPEM9wH48+lN1+weE7pIE6o8vEfUnNAcue2hYb7yhc5kQ+4l6u3vOK8dDi9UZvQlfkRekN94VEuF647W3IL2p+T2vhjbpTQT9CdWbqPoTkN3I+hMqaA3oTR39iaw3Pv6Ov954V0jE1J8gvYmqP77+jidsRG9CVoRH93f2tv40vgc5lXhVtjqnP+UwkOb1p/E9OZ1q7q7+BF+4nMH6J4Q0XON7kHvsgyD9qaM7AfrjLkl7+lst0J8gvfHaT1y98YYx9aaGyHrjjYfoT5C9RNEf6thLjf7E1BtPSWLrTdT+VlR/Oa6/U7Y7p7q7rTeafzzoCi3yd7zPt+j+Ti/qjSdez24i+jv6xk345DWsI6exxh+onF8uqB09PjnI8f0aL3+4zrduws0tMBKgaRaGoXH+/Q+YnBzHsiCZypDpH2BqcpxDs9M888xTPDz/MOncGrmVmxR3sqQNAwwDXU+j9CSWnmRjY4fHP/MMSktgkeDNt8/yuTNPMWptMHP3ApNqN1R/9OwyiZVP0LOlvVbvi993hF5Eba/Jnr89ggwAR0Uz0NLDaIP70QanUNlVewA4t4X58auQSKP1jaDvn4dU8KrTWBRyqK07qMX3UZuupfJ9Y2gjh8DZl1YplGmhLAUG+KmgpmmkUikyfRmSqRRbW1vcXV1l7e4ag4ODJBIJTNNkfW2djz/6iPfOvUd2J4tlWVimWXPFYtEeTFaWQln2wHHQCuBioWCvFg7AMk02NzZYWV5meXmZN15/nZWVZSYnJ8t7BieTSfoHBhgeHmZwcLBqFTDA7IEDnH7mGRYXb3HuR+c4+8OzPPbY46SSSQ4eOlRz/Pr6OjeuX+fChQs8/PDDPPHkk+X8WkqVBnet0kpef+xjrfJqW6UUpmXaA8ClwXrnWgPJDM9OnGDXLJAt5nhz+QIvL77Lcm6DIwNT7BbzJPUE/YkMKT2Bhoau6RwbnOHp8ePczC5jaAaHBiZ5cPAA+1LD5XykjSSDiT4Adoq7bBQqewwLQl2UQpX9Wq208peyQ60phVXqONWfYeqojsJSpeOV7VD7zRgsX8/Vc1CunoSyAB2Xh+ebeaq/DViRoErFceK4QgXN7onnlLwcL+lgZYWKwnWYtwjh/dy4qJAwLP3IOO3picdZoRVlBmpIiMf+glZo1ZYtaAWC63vC27+pFQouA214D7zaYgWUN+DYVnegIqfvtLuTfmPtH2tFqI+9OR36wBU3zepPi/WmRn/KehOgP+6G6EW9iZl+rd6UPm9UbxrSn3C9qdzLLvupKm+Q/lQqsCG9qac/PvYW+oaJsEbpcPs3m36N3pQfVw3qT5wVEmU7c+lNDP2JpDcx2791+sPe1J+Ilw/2d0rHdcjfiao/fmXriL8T2f7q603H9KdZ6qVfR28q/o5zeIv8HXfYpL/jqzfeuHLMyaf926A3NSsuO603XuLaW+T0A/TGG/fqT1v8nUpYYy9x9cZHfxpr/2afd/X1J5Bm9aZjz7sAvanRn/b6O36/7/jpj19Bg/TGjgboT+T2r68/+sYiXP5b2N3Cmj1ZqWDv7zlK8fz8NM/Pw+uf3OI7CzleX4PBgX42zU12c0UGR0bp68swMbWfR04c5/jDx9g/PkZ/OoORmSI5OMr67esU1pcxkgY5vQ9DT5MzDSyjj9HpQyzvQiGRZmDlMoNnr/LYwTF/u/Cgb9wksfopWm6jUt3N6E+53A36OzH1B288hr8j9BZqYwmV3eh2NoQSMgAcFU2z38c/cgB9ah519yoqvwNWAbV1B+vGWUj2QSKFNnbEXqXbKMqCYh7r9nnMT/4Wa+kyame9nA9taAp9Yg4tkUEBSlVewayoXnFbyb6GYRgcPnyYxx9/nMuXL3Pp0iX+6sUXOfHICfr6+sjn86ytrbO2ts7M7AxXrnzC1uYmly5e4uKFCzA/z8TEBABmsUg+n6e8srjgv++s8+ppszSIbBZr85ZOpzn24INcuXKFxcVFXn/9dT744IPyQK+u23lPpdMMDw2zb3wfBw8d4sEHH+TQoUNomsbAwABHHjjCF774RVLJFOfOneM733mFa9eucvTYMSYmJkilUliWxdraGivLy2xvbzM8XNlP2CrVn65p6Oho6FiBTxVVWikMhqaTtKd9kbeK5K0iGhpJ3aCo7PImNIPR1CAnR4+wnt/iytYiq7lNzq5+xPLuOnd21+gzUqSNFAnNXkGuoXFoYJLPjD/Ea3feZyQ1wKnRo0xkRkg7g/9An5FmNDVI2khhKotsMV934FoQyrhmM9rulb3nr9Ko3ftXA1V2xysz/qr9NK06dB3vDsszCQNnIlIdL+HtLngnDPvGA3NRJ3nNKaNyHe/MIHbF3T1J7wqI8vF1eoCRphT7ne9USKVD5efQe+urJu5prigzwKvCwBUvldCpcd94yAzU0NDP/qoI6lz6Jxe0AiAw9Guu8vc+9kK1XURdARHYAh778+/h1bGAcvr+1RVqPz7Jx7KfwBUvAfbiMtRq/XGF1S1UHcbUm8AKCdEb79nR9MabnWC98YZV+lPPflquNzH1J0hvoupPjb3F1B9XRTekP4HPO1e8ivqCElt/ojRf+Xgf+/Gu7IyrP743vJ/+OITpTUz9iZB8fb3xht3SH+rHKxVWHYuoP4G5CDD33tMfhzD9qa6toLOD2z/EXrxhoN44xzWoP8EtVh3uSX8ngv4E2Esk/fFtKYcw/akuf/f0JsB+6uhNOV6vxZr0d3pDb5x0A/SnJXoTYD9+euM1R1d91dhPkN5E1R8/vYmjPy3zd4Iy7LWfagL1JsgcvWHdZnPav479OP13zR2Prj/R/Z0A+wnSG0/1OrRefwL0xht32Y2TQcf+gvSnuv0Dwtj6U023f9/Rd9bQr7yOuXMX89CTkBqo2/4/fmyGHz+msXh3ndcuG5y/O8UPFgocPPIABw4dINPXx8yBA4yMTWCkUmzmivQPDJJM9jM8pbGlwKBAIpmiaGksLa8xM3cca+EC++9e53+cuM7kA+OB/k9V3Vl59LtXSa5eRVkFu3Rt05+Yv+90SH+E3kAVdlEby1DIdTsrggsZAI6DpqGNzKLNnEK7cRaV34bCDph5rOVLYObQ+sfQi3kYO2wPAhtJ8Ox5G4iywCyg8tuojUXMK69hXnwJtX4TirugG2jpQbSRA2jjD0AiBYCRSDC2b4zZA7MkkymSqVRA9jXm5ub43Oc/RyJhsL6+wTtvv002m2VgYABnT9zpmWmePn2ajfUNVlZW2NjcYGFhgZmZ2fIAcCqdZnR0lEOHDjE+MU4ylUILeJjrusHY2BiHDx9icnKSvr4+lFLl41PpNEePPsDhw4e5dOkSi4uLLN66RSKRoPxaZsuiUFpJ3N/fzyOPnuSLX/wSIyMjDA4OkkwmGR8f58eefRZds18V/d5777G6ssr169c5dOgQ/f0DWMpi6c4ddnZ2GBoa4sQjjzAxMQmahlIW+9JDPDx8EEPTme4bI60n0fArl0ZCM5jMjPDQ8EFyZp7J9AgJ3WAiPcyxoWmKymQsNUTKsG8zXdM5NLCfZyYtLm3c4PLmAjvFHDvFHCOpAcZSg+xLD5FyDe7uz4zy6OhRHt/3IJOZUT4z/hDDyX4Ml03tSw/x0PABNotZZvsnyBgp9Kg2J9znKLwrct0z9DRX6F4JXLUi2HECS3uGV83Iq/lBLzQ7tZ5olHPqhRGSK8dLjq2Td/8Zyp64dway30zUqKGCmhVa5U6JMxvTUzDvjNSA6qmNl9qv/Hlt+0eaIVxvBqirxgJnkLtbwG+AKcx+YrR3KDHtr2zipUh1bgPsJaS9m90DOMheKsVxFcopQGAPMIL9OOYX0P51wwgzhGvsp+4M4Jo7mrr2U6fcge3fhN7UXKpKbyLqT5DeNKI7fnoTsCK9KtNV5Y6qP0F6Q6kZI+pPnBUIYfoTc0C7utwBYRyatL+u6I9Xb5wfYWv0x0dvvPFY+hOgNz2lPzER/anVm4AV6VWZrlPeunrTDv0JsbN4+uMTBhWwEXvzu1YMf8ebfpDeeOOx9CfMbprxd7zxTutNFP3x1ZuKvdXoTz3/JoxO6w0e7yyS3jhfd9bfKVdHjb9THQZbV3f8nbr6c0/5O1H1xhX305uY/k7z/a3qUHnj5YOD9Cde+3e2vxVCk+3vG0ZIrhz305vybRGgP8Uc+o130baWMQ8+jho/WrlYQMamx4b55dPD/DKwmy9wcyOPOVxkMbeNpm+S2F4hPTDD1m4R0ygyNDAABcX4YB/m8jL6yl1GVIEDmCTOX0B30hpI1+qRD/r2Esb6DfTNRR/9CQmb1J8gf6eqAbqlP0LHUVurqK273c6G4IOm/JZtCsEUdrDuXsU8+x8xP30dtXzZ/lzTIZmxV+dOHkc/+CT6gz+FPnwg2iuhlWW/UnrjFtbiB5gX/hLr9of23r9mHpSFlh5CP/QUxmO/jHH8p0E3UAp2dna4+umnbGxsYBgGD87NMTQ0RCJRO76/u7vLxsYGtxcXuXH9Onfu3MEwEoyOjbF/aj/T09MMDg6Cgtt3brOxsYGyFAcPHmTfvjH6BwYAWF5aYnHxNltbmwwODjIxOcn4+DjJZLIqPdM0yWaz3Lp1i+WlZQYG+pmemWFqaqp8zNbWFj9690f88J13uHr1KocOHWL2wAEmJydIJpJYlsV2NsuNG9c5+8Mf8v7771PIF/jJz36Wn/v5n+eJJ59gaGjIHixWiu3tbe7evcvirUVWV1bY2NigWCxiGAZ9fX1MTE4wNjbG6Ogog0NDpNNpkskkCljJrbOS20DXdIaT/YwkB0jpyfJ+u+XmUoq8VWStsMVGPotCMZoaZDDZx2pug5xZAGAo2c9goo/+RGWVcc7Kc2d3nbxZQAEJTUehMDSdfekh+kr7AIP9GM2ZBe7srpHUDQYT/fQn0lUDwFvFHTbyWbLFHJlEspymIYPAQgh3fnPYds+00huXcfb2dVYAV9w3zRPXtWr3Tiv96zjYjmPtvp7bz3M+d871+n9Bk0PrdjeqOhR2BirXCet5tCCs7lG4OlTeDAbFmyRKh6qBy4XFa/x5dxiQrUZDB994S8sflGJIe0eaIR4WOoTEG/kBuZVEuR2Cc9+8PUSo/qj203z5vQk67e9Nsc16U3cCRQf0ppP600D7t11vGi5/pBSrw67rTyvL3wB7QH8cWq8/AXrT0/rTYrqkP808f3pHf6LqjTce0v4tsS+HEPvptN7ETL/leuMNI9ibQ8f0pyaFTuiN1/4cWqw/94He1LUf1xeBt3tkWqQ3ndSfNrd/KFFuj+iHt0ZvOqk/VRkK0p826E4pVIkM1tRxrJmTqIF9roK7Kii2/sTQqJBsavksxvpNjI0baIXdyJcLi/ei/nTkfhMaRuW2UZurUMx3Oyv3DZf/5RuxjpcB4LgoC7W7jnX9HXuQ9uPvonY3wDJtBdQTaAPjaGMPoB8+jT7xENroQXs1cLIfEml7JS+glAVWEfJZ1O46au0GavUTrDsXsW78ELW9Yg/+AiQyaGOHSJz6Cvqxn0SfOlHOkmma7O7uYpommqaRyWTKq2f9sCyLXC7H2t011tfXMc0iff39DA8PMzIyYg+GKkU+nyeXy2FZFn19fSQTSXTDHlTM5/MU8nksy0I3DBKJBCmfVcDOK6Lz+TzFYhFd10mlUqRKq5Q3Nze5evUqf/WXL1IsFpmemebkyZPsn5piaGgIwzBQliKXz3F3dZV3332XN15/nTdef4Pj8/P8zJe/zBe/9EUmJiYwDKOqjNlslq3NLba2tyjk7XpMpVKMjI4yODhIJpOpbV6qZxX6r/51jqX2iVcqM1r1md7rWKXbTtM013NMhabpnw9VyZAW/3zh/uX214bQtJLpavZKX023PTlNc4XY637Lr04qGVslbmPf/tWvUnLOr/68dKzLga6JOyPGHupZd5AD68hSNxxad74jObQ91KGsTj9qly5G2HCH3luAoHi88jvJ9lKH2lu7QfGGaKv9RbAX3wGMKO3fbOiUv6I3jZQ3qjXGav8Wl9bBt3id1ptY6bdBb6LoTxz7uQf1Jpb9xKWteuOll/TGa294GqSx8sfWnwbav+1600n9iZV+h/RG/J1I/k5L6An96aDeeO2jxRM0WqI/TZbOoWH96SSx0m+B/rRdb0LsJ0r2Ily9G3rTEvPoqN548d5gndSfEqH+Tnv0J077N1I6a2Aca//DWFPHIT0YnsF2t7+Zw9hcRN+4hb7jWm0ZK/2oitpL+iP0Giq/A9trqFy221m574g7ACyvgI6LptsrcQ9+BraXYWMR684FVG7LHsw1C6jN26idddTWHdTEHNrEHPrgfugfQ8sMg5FCoYFVRBV2UNm7sLFgX+fuNdTmIiq3WRpU1kt7D8+iTz+Kfugp9JEDVVkyDIOB0srcKOi6Tl9fH319fczMzvgXU9NIp9Pl/XG9uAdx61aXppFIJHxXIwOsLC/z4fkPeOfttzn56ElOnTrF8ePH6R8YqBlMnpiYoK+vD8MwOP/+eXK7u6yvr/nuP6zrOoODg/Zq5hhoRB8+1ewCuiKl/wYMvFflz3OM5r1IDMo5lueiEJvKBARnz1+ns6CB/fpnDZw9PioTGyqhcwFn8Nf2+zR7hW/gHjFO1GO7rnj5x6l6ePzG5vbkDNozCFeZVXXoTPaoF7oyVLPHWeAmR04GQxzgmB2Mmqs5zRcWli/n2XMqcI8YV1h1XvQ9qqriQfYTuicn9fFc1puc1/5qclPVbAF7lpWP97GfgD2pIu+RF9ixcg4L6TAFVW9QdXs+Cu/fBe1R5jRX0B5VnjDIfursieccV7dANfoTXFV+xNabqjCq3sTUH5/jguwn9h6cXuLqjTceV28C9Sei3kTVn6CWu0/0JtB+Iv+g4+CJt0hv6v6+RB17aYfeBOiPb1jH3/Erfw173N9pfg/g6ss16u/U3M5R9cdPb+LoTx1/pyoMvCH2gv742E2L/J1g3XEO64L+QB1zDNKfiHrjylig/sQpUJD+RCWi3njjofpT+jfQbkL8nSB7ad7fiaA/EaqrHA/SH5/LVusNLdebqnjDehNiPyFmGaQ35XjdZuvF/pVXb5wMh9RHAEH+TmT96Zq/40QD9Caq/oQ877vl7+jbK+iffh/rzkdYkw+hJo+h+vcFZNAvdDLYnL+j5bMYW3fQt26jZ1fLuS+fHqQ33rB82SB/p1f1B6FHULltVHYDZOB3zyADwI2gG2iZYfQHnoNkBt79j1hLH6F21kFZtloWc6j1m1jby3DzXcxEGi3VX1oFXBo4NU0o7tgrgAs7UMiiinmwCmBZ9jFGCm30IMbc5zEe/iLaxJy9Ef09wo0bN3nvvffIFwrsGx/nwMGDpNJp/AZRdV1nanqah48fZ3h4mHQmTSqVwtB13+MFQQijeg+Pqj1/tUocJ7RUxXkD24F27RGjuZwyFeKc+Q7whji8vg6fCgkjozzpKU+Hq7JHkHO8/XFISIxQ2XVa/Xu6na9ynEqnxRX1Cb0V5rSzN+4Kve3tF3rPa2iPKidnlQ6PckeVK/sda/+A9CKnr2ri1d25Sjt74/7tH7AnlTcMtD93Hddm37c4VeXVqL6JA+ynyT3K4u6JV2M/VXtU1TZLLKK0t985DSXoPSFIb1zfE6H9G9abAP0Js5/A8tfXGxrVmzD9CbGXqrjrBz3Rm4j6E/l5F0F/6pZfK5fJdUa5nb17Y7ZrT7z6ehOsP5Foqv0DwhiJ++qNj7/TWPu3SX9K5Sw/3zqtP5GedwF647pDvfrT+fYPSC+G/pTMpDpeT2+8YUv1B8/16+tPePkj6k8cvYmsP87lPfbSrN7EKr9fhbk+azr9YL0pf0+L/R1vGEVvvAUN0RtvPLb+NKQ3wf5Ojf1U6Q/x27tl7d9s+g34O/i1e7v1xlUoH32piZdx2tk5twX607S/UynOXvR3qtOLqD91/B1te5nE9jLW4nnU6EGs8QdQowdLv/H7ZLjacPzjYXqjLHsAOruCvr2EltsqfR2kN674/f77jtBSVDEPu1uo3S0oFrqdHSEmMgDcEJr9quehKfTZx1Hbq5AZwVr8ALW1VN6zl2IOVcwBG6DpKD2BZiRAT9gPmtIroJVVtFf7ehUt2Yc2PINx7CfQH3gWffIhSA2Cbvhlak+ys5NlbW0NyzRJJpKk02l0PXjv2kQiQbo0QOzsPZwOGDAWBCEMZ75gKSwN7pbvJ78Zo6Xfq3T396W4Ugpd16o61O4QVe3vVeek3NcArfS9K14VVs6ojvt1qJxAdzpYdXognpma3hW6QTOGa2eMOqd54/7FKYeaf4g37lcd+BVLq437XiEg4ZAMlVeGO/HSzFAn3eAZo062vCskIoauYrpL4m7eygB6wAl+V6hqoFp7qFly5Q09Bh91hULtjHWnup3vfVurNvTLrqfE9eKBBhl6hVLo12B1clxjP5FnqAfYj5/uENhatfbj0Z/6Cxwi6k9oDlz20LDeeEPnMiH2E/V295xXjocWqzN6E74iL0hvvCskwvXGa29BelPze14NbdKbCPoTqjdR9Scgu5H1J1TQGtCbOvoTWW9q9CdIb7wrJGLqT5DeRNUfX3/HEzaiNyErwqP7O3tbf5z2j68/VOJV2eqc/pTDQJrXH1+98dGfWvtxqrm7+hN84XIG658Q0nBO+8fXH499EKQ/dXQnQH/cJamnP7UV5nOFdulPkN547Seu3njDmHpTQ2S98cZD9CfIXqLoD3XspUZ/YuqNpySx9SZqfyuqvxzX3ynbnVPd3dYbzT8edIUW+Tve51t0f6cX9cYTr2c3bfp9R9/dhNsfYix+iDUwjhqZRY3MYA1PQ3rIp51DQg9acQd9dx09u4a2cxd9Z81Tbm8Fu+vQHQ3RnXvq9x2h9ShUfhfyO/Yrngu5bmdIaAIZAG6GRAZteBZj7vNoqQEwMqjbH6Cyq/aKXmcgGOzQzKPMyobYvlrlvPI5NYg2PIM2/Qj63OfR989DZqQjxeokum6QSBgUi0VyuRy5XI6BgYGq/XwdlFJsbW2xsrwCwPj4OIcOHiTT11d30FgQhCBKMwQDHGrNb0agK9RqPqc8i9qZIWhZtmNtO4ee8109B1XVkyg5g64Z8JUcV9zT6m8DViSo0jl+M8YVxF6B4AkdJS/HS7/6V1aoKFyHeau/bn+lIYdWhYRh6UfGaUdPPM4KrSgzUEPCijXgSrdih+VOUU3ZgmYAu74nvP2bWqHgMlDH3ir25CpTHOq1t9+xre5ARU7faXcn/cbaP9aKUB97c+sNLr2p1H1Arzyq/rRYb2r0p6w3Afrjbohe1JuY6dfqTenzRvWmIf0J15vKveyyn6ryRlyBEFdv6umPj71V9Med5xj60+H2bzb9Gr0pP64a1J84KyTKdubSmxj6E0lvYrZ/6/SHvak/ES8f7O+UjuuQvxNVf/zK1hF/J7L91debjulPs9RLv47eVPwd5/AW+TvusEl/x1dvvHHlmJNP+7dBb2pWXHZab7zEtbfI6QfojTfu1Z+2+DuVsMZe4uqNj/401v7NPu/q608gzepNx553AXpToz/t9Xfq/b7j1h+/ggbpjR0N0J/I7d9af8epf217GW17GRbOYRgprL5R1MA49I+hMsOQGUQ5bwI1UhVDVBaamQczj1bYRSvuoOWzaPkttNyW/Z27qdtuf/X1puHfd2LqD954DH9HiIsq26IyTXtb02LB3tq0kJMB33sMGQBuFiNl78/78BfRZh7FuvFDrIV37VdC3L0Oxd0YF9PsQeWhKYyjZ9CP/Bj69KP23sHJvrYVoZtM7p/kyAMP8P5773Pz5k2uX7vO0OAQyWSy6jilFIVCgffOneO73/0umb4+Hnr4YY7Pz5MJ2KdYEIQwtLKPpYFrhmjJ8XbNDLTdr/IXdlxpaDr4rjR1QicdvzBwJiLV8aDcexxa33hw6iETIZ0Zoc7xzkxQV9zdk/SugKAyczTQA480pdjv/BKuDpWfQ+/tXtXEXc1UFdbPdSUMXPHispdy3fnEQ2aghoZ+dldFiP0EmKP37MDQr7nK3/vYC9V2EXUGcmALeOyv0qEOsBdvvJy+f3WF2o9P8rHsJ3DFS4C9uAzVsbf26k1AhYTojffsaHrjzU6w3njDKv2pZz8t15uY+hOkN1H1p8beYuqP93kWV38Cn3OueBX1BSW2/kRpvvLxPvbjXdkZV398b3g//XEI05uY+hMh+fp64w27pT/Uj1cqrDoWUX8CcxFg7r2nPw5h+lNdW0FnB7d/iL14w0C9cY5rUH+CW6w63JP+TgT9CbCXSPrj21IOYfpTXf7u6U2A/dTRm3K8Xos16e/0ht446QboT0v0JsB+/PTGa46u+qqxnyC9iao/fnoTR39a5u8EZdhrP9UE6k2QOXrDus3mtH8d+3FrQmbnAAAgAElEQVT675o7Hl1/ovs7AfYTpDee6nVovf4E6I037rIbJ4OO/QXpT3X7B4Sx9aeaXvl9J6q/UxOaeYytJdi6U/+4CPqjfA4L1Z+YqdbqT3z7K7edJ94QUTIqCEJDaEopuYVagVJQ3EVtLGCt3UStXUfdvYravIXaWob8FiqfhcJO6XXPGhiG/Zrn1CBkhtEG99t/h2fQJx9CG3sAbWg/9gjLvcny8jKXLl7kpb/+a/L5ApP7J5mbm2P//v0MDQ9jGAaFfJ6trW3uLN1h4eZN1tfXmZqa5jOf+QyPnnoUef2zIDTG7a8N4TjCWsmjK4e6y/Gl4vDa95ury6A57rKN+370vnLJfZx9rOdzr4MfkO9G73ivVAR1uLwOdtOOdNTQr3/pKnNrH9Y+LnvkDm6zoUNwh6dcIQ23dgPE7GCElKYtHayo/aFIHbKmOlhBKcQIm/2BJXa8leVvHl+96aT+1Klur/40T5DeOBnqgv7EHNBuOU3aXy/oj0MkvWmq/FFT7Kb+xET0p1ZvWqY/Eeyl5/THJ2wnTabXFv2Jcp5PdlumP5Gv2AI7aNjevAVokE7rDZ7cd0Fvovo7zVdHL+mN1968FdKSAocT54auc3pYPJbedFJ/YpW/Q3rT0v5WCE22f1wi6U2T7d8u/WmeIP1ppP2bDUt0W38E4R7m8r98I9bxMgDcLswCamsJtfox1son9v+3V2DnLpgFW/QSabS+MRiYsAd9Jx5CGz2A1j9e2uc3xoN1D7O9vc17773H22+9xaVLlxgeHmZq/xQTkxMkE0l2d3dYW19n8dYiwyPDzM3NceYnfoLx8XESCVnELgiNsvi14dJeviW10Up7+QJ6yS+r+t7zufc4pajaAxhVua7j3znnOZ87OJ+7CZrbEaiMVX6n16OunfHbvg6216H2ZjAo3iQt7lDF7nB3oEPl4BtvafkjdMDb1qFyCIn34g/I3uoJzn1bOtTdm6HsTbBWfzqiN3UnUHRAbzqpPw20f9v1puHyR0qxOuy6/rSy/A2wB/THofX6E6A3Pa0/LaZL+tPM86d39Ceq3njjIe3fEvtyCLGfTutNzPRbrjfeMIK9OXRMf2pS6ITeeO3PocX6cx/oTV37cX0ReLtHpkV600n9aXP7hxLl9oh+eGv0ppP6U5WhIP1pg+6E2p+rgvaQ/oTltpf1pyP3myDsIWQAuFdQCqwiqrALhSwqvw25TchnQTkrgBOQGrD3D04NoqX67T0BjAQtfWj0OKZpks1mWbh5k6vXrnH9+nU21tfJ7e6iaRpGIkF/fz8HDhzg8OHDzB44wNjYGMlkEln9KwiNs/i/DqFpJbXR7JW+7hXAKHulb/mVSQStAHbilOPO8VA98Kq5tM1ZWew4dFqNQ43vIHDQXR/qfmudd2jdeY7k0PZQh7I6/ahdulZ0qFxhnA563A5XQHZ6qUPtrd2geEO01f4i2IvvAEaU9m82dMpfqzdxiN2B9oad7kAHFaBbHepO600U/YljP/eg3sSyn7i0VW+89JLeeO0NT4M0Vv7Y+tNA+7ddbzqpP7HS75DeiL8Tyd9pCT2hPx3UG699tHiCRkv0p8nSOTSsP50kVvot0J+2602I/UTJXoSrd0NvWmIeHdUbL94brJP6UyLU32mP/sRp/7bqT1fbPyTdmvSjKmov6Y8gCA4yANxrKAXKsjfTNgsoqwjKQkND6TroCTQ9YQ/6ajr3q7gppchms2ysb7C8sszW5ia5nL3huGEYZPr6mJiYYGxsjMHBQQzDkMFfQWiSRlYAVx2nSrJV8udQlAaOK3GgahDXe9fW+877fc1xMR3s+pLRgAPcthnJ3gIGxGOWvxsd7KY6UITQUx0sb4Gd9ndotqsZx/6cw1rbYaqxnw50sMPsz/mgIz8ge2nK3uLeARHbvyU16y1gAA3qTb3Tm9afmNfx1m5dRG/Cb/g49hOxuOV4KZm62Wl9qevrTYD+tIWW2l+L9KaT+hOz/C3XnwjFb6neeNkT+tPGOzC2v9MB/WlfaWvtpdN646Wl9hZBb6K0fzv1Jor+1KFp/Wmj3kRqvp7SG2/ovQF6UW+a1B8/vemk/vjpTSf1p6X2F/WOiNL+zeqPt4AB8Zjlb1pvvOH9rj+CsIeQAWBBEAQhEotfG8K7whettNevswJYq/4cKnv6VlYEO/FSWPqsEqfmGPy+83HwNJ0ah6/RLlXonJEA/9/b4Qo4vCUdrqD+RfwBrl7q8ETsAHXb4W9x+rE7ZA10sFraAau6gLeHH8F+mg2bniHcJF3uYPaC3rRuhcRe0BsnnTqnt5Ne1JtO6k/dCwTpT5v1JtaAdpP60+L2j528n9746E/LdccJ71n9Kddw/fge15/YeuMNu6g/4Rnspv64KqiVehOr/HRHf2Jmr9X64xC/+GEWF7H9W1Iybw0GxDutN16aTL9h/ekJvfEmGKQ33ng79MZrf0E12iRd1pug6uiY/tS53dv3+44r3vX+VoTTBUFoCBkAFgRBECJRXgFMyRHWbD9MK8UV1SuCKX3nHFcTdxxqtLJjXR4sLvmX3vFczX1dF97vvWiBDq7rRE9ca9qxjdrBcj72xv3L0jI67GDXuPt+HaoWd7Drdrj9OlSB5Y/agWqyg93KDlQY3e5QxUw/qLSt7GDHsp868Voi6k9H9MYbuiokjv3EpUf0pp0/6IXZW5DehK+QaJPeNKQ/gTXsiXvocPs3m35H9KaT+uPr77Ti+RPX/rwV4orvYf0JvTt6WH/Cy99N/Ylcw564hx7Xn6ABhTjZb7X+ODSkN94zuqY/TgV2WG+8tNneGtKfgGy1KnTw6k/jeuONN6k/ceznHtMbb/pRS7u39cYTb+cdIL/v7KHfdwTh/kIGgAVBEIRIOHsAA1RW+lJaiVva87fkWbn3+q1aMVwVd66F7/e4rud4kM5KYzTNZw/g6hXGbuJ058qfa813aFrXwQm5cLc6FJHpZge+pmU9BQqKe4rv16HxObttoV+HJqB220JXO1Dd7MB7QzwN4hBiPyFH+7V3qwcMXLUZrj+9qDed1J+OD5h64gHZ6Zj+1CluR/Snp+yvm/qDp0Fc8Tr2E1tvvKHoTxv0xhuPqT8N2ZO3QEHxanrB36kpfsTabQk9qTcO7dQbb0ilQfaY3kTVn2gZ9J7QYppKP67Cxmn/dumPp/h+euOjP53Um6j60xK6an8BelOjP21sgdj6U00v6o+rdsOb777Qn0bavzP6Iwj3EzIALAiCIERi8WvDZfepvOdv6QOt9I93T2AN23fToPyBc6xWjmuVeOl4B6+7Vu877/dVn7vSj+rgBl0rOIUQB7jljm1MBzhkBmrTHaiwMEKHKmptNkSnO1Sx0m+gw9SKDnasDlOTHfAWdKhjdbhdX3RlBnBHO/Qx9aZbK24a0J+W6k0n9aej7d9s+m3Qn8j2581w1Lh/ccvxBtpf9KdRuqk/3gI70Q7rjTdswN7q1GZr9KeTNKQ33niL9SeO/ewBvfHaW5De1Iwft4Oe0BsnvXbqTYD9+OmN1xxdOW65/rTA/oJqNxIdbf+46XtvgDboT8PPO28B6hcvMN4F/amqrTr60/32bzb9CPbSc/2t6rAX9SeoNhui2/ojCHsIGQAWBEEQIrG0tASApmmU9+2t8/96n9ULgz4LOibo+yif16ORcwRBEARBEARBEARBEARBEASh27z7/pVYx+vhhwiCIAj3K62eIyRzjgRBEARBEARBEARBEARBEAShvcgAsCAIgtAW4g72yuCwIAiCIAiCIAiCIAiCIAiCIDSPDAALgiAIsZCBWkEQBEEQBEEQBEEQBEEQBEHoXWQAWBAE4T4laCBXBngFQRAEQRAEQRAEQRAEQRAEYe8iA8CCIAhCQ4O+3nNk4FgQBEEQBEEQBEEQBEEQBEEQuo8MAAuCIAhdQwaNBUEQBEEQBEEQBEEQBEEQBKG1yACwIAiCEEq9gdpurASWgWNBEARBEARBEARBEARBEARB8EcGgAVBEARBEARBEARBEARBEARBEARBEO4RZABYEAThPse9mjbo/92iF/IgCIIgCIIgCIIgCIIgCIIgCHsJGQAWBEEQBEEQBEEQBEEQBEEQBEEQBEG4R5ABYEEQBEEQBEEQBEEQBEEQBEEQBEEQhHuERLczIAiCIAj3EkopLKVQlh2CQt5kLbjRNAANXdPQ9FJof3hvYJlg5sEsgFW048rqdq6ERtF00A3QE2AkwUjZ8XsA0ev7g3tZc8WGa7mX21sQBEEQBEEQBCEOMgAsCIIgREYp1dCPaI2et5cwLQvLtEo/wApCMLaJKEyloDQuqmsauqFj6Hv45SyFLBR27YFf4d5BWWBadrsWduzPjCQkM5Ds727eGkT0+v7iXtRcseFg7sX2FgRBEARBEARBaAQZABYEQRA6yr02GGyaFqZl3vcrboTmsJTCKpqYmomhGxjGHvqROp+F/Las8r2fMAv239w2pAYgtTcGgkWvBYe9qrliw42xV9tbEARBEARBEAShGWQAWBAEQRAawFKKYtFEya+wQgtRCoqmiWlZJBIGei9PljALkNuUFb/3M8qybaC4C+khe2VwDyJ6LQSxVzRXbLg17JX2FgRBEARBEARBaAUy9VUQBEGoi/zYWItpWhQKRakboW0opSgUiphmj66qzWchuyqDv4KNWbDtIZ/tdk5qEL0WotDLmis23Hp6ub0FQRAEQRAEQRBahQwAC4IgCD3DXvhxs2iaFE2z29kQ7hN60t5yW/aqT0Hwktu07aNH6Mn7R+hpes1mei0/9xpSv4IgCIIgCIIg3MvIALAgCIIgRKRomrJaROg4pmn1zg/UuS17v19BCCK/3RODwKLXQqP0iuaKDXeGXmlvQRAEQRAEQRCEViMDwIIgCPcxe2HFba9gmpb8ECt0jZ6wv3xWBn+FaOS3u/o66J64X4Q9TbdtqNvp329IfQuCIAiCIAiCcC8iA8CCIAiCEIKllKwOEbpO0TSxujVpwyzIa5+FeOQ2u7JHtOi10Cq6pbliw92hq89YQRAEQRAEQRCENiADwIIgCALQntXA98oK42JRfogVeoOu2aIM/gqN0AW7Eb0WWkk37ElsuHtI3QuCIAiCIAiCcC8hA8CCIAiCUAfTtO6ZgWxh76OU6vxrKvPZrqzkFO4BzEJHXwUtei20mk5rrthwd+nKM1YQBEEQBEEQBKFNyACwIAiCINTBtGQ1iNBbdNwmZd9foRk6aD+i10I76KRdiQ13H2kDQRAEQRAEQRDuFWQAWBAEQWiYe32VimlZ3ONFFPYgStm22REKWVCyGkpoAmXZdtRmRK+FdtEpzRUb7g06+owVBEEQBEEQBEFoIzIALAiCIAgBWPIaQKFH6ZhtFnY7k45wb9MBOxK9FtpJJ+xLbLh3kLYQBEEQBEEQBOFeQAaABUEQhNjc6yt/wS6jdR+UU9ibWEq1/z60TNn7V2gNZsG2pzYhei20m3Zrrthwb9GRZ6wgCIIgCIIgCEKbkQFgQRAEQfBBfogVep2226iZb+/1hfuLNtqT6LXQCdppZ2LDvYe0iSAIgiAIgiAIex0ZABYEQRAEH5QlP/wJvU3bbVRW/wqtpI32JHotdIJ22pnYcO8hbSIIgiAIgiAIwl5HBoAFQRAEwQdZ+SH0Om23UavY3usL9xdttCfRa6ETyArg+wtpE0EQBEEQBEEQ9joyACwIgiDUIPueAUgdCL1OB/YAFoRW0VZ7Er0WOkE77UxsuPeQNhEEQRAEQRAEYW+T6HYGBEEQBKEXacsYeHGJCz/8kHOfrLOWLw2GJDJMHDrIs0+eYHbQaEOiFbI3zvLyOzdYWDdh8CBfOZXlG2+s2v//ytNMtDX1NlDMsrlbAKOfob5kt3PTcdo+T0NZrbvWN0/DhTrf/+SL8OPjrUsvjEu/B3/6O/B334KHO5dsy/jmabjwefjHvwVB1VbMQy4HiSFIdzR3/rTSnryXbuu9sMCrf/ImF3b6efKFn+b0SJxzL/Kt3/+QhSgau/I2X/+LG2zOnOB/+NLx+tcLvEiGkz/3Zc508Fbio1f5d2+sMvvcL/HzD3Uw3S7QTjtr7bXr2Ilm0D82wZM/8QwnR9vrc+x1ZC6kIAiCIAiCIAh7HRkAFgRBEIROsHSOb3z7E5bz0L9vhPkD04wntrl9Y5krn17mW5/e4OTPfJkz+9uU/spZvvnKVTaT/Ryen+XQyCjpaTjzzCSk9jHcpmRbwzoX3nifT3eGeOz5x5h1Pr7yNl9/YxXqDpgIvcNp+Nw/giGfryb9PhSa4pM/sAe5538PXjgV/byzfwA3h+DzL8BA+7K3Z7hyhY92ALJc/GCB08/Nhp3RftIjPPn4NP01XySZkFtJcKixkwIr1xf5ZPE2r/35S2z+nS/zbCcnCzTAwrnXOLec5IFnnmF+sNu5EQRBEARBEARB2FvIALAgCMJ9ilIKTdO6nY37A/UJL337E5YLGeaf/yyfPVj5OfbkKaC4wFuvLjA12b4sLFxcYFMZHP2xL/Clo5VVPyfn25dm68izcmuJa1smD0BlAHj6mD2APTTdxbwJ0RmEudPBK1aF1jLzefiFUzD6QLzzrv0be3XxczIADOu89d4SppZhaGCXzStXuPzsLHPdfnQmhzg6f2LvvbVB6Cx+djL/GE9ffIWv/2CdCxdv8OyPH+xW7iKxcXuJa7cyDD0OyACwIAiCIAiCIAj3OZqmRd66UdM02QNYEARBENrN5o8ucyUP/Q8+WjX4WyYxy+nnn+ZwGwcVNrYLQJL+4XvolY9DBzk5f4KTB2K9k7UFfMqf/h+/yx9ezMY4J8v5b/wu/8tffNq2XAlCFUNH4ZHTMCtLQhtm8SIX18A49DAvzI9AcYnzH+52O1eC0BT9E0P0A/nt7W5nRRAEQRAEQRAEQYhBOhV9C7x0KikrgAVBEAShvexy5VYWyHD0oegrbar26wWMviGOPvYkzx/fVznI2Xvxx77AyfW3ee3iOlkF9A0x//RzfPZof/kYJy/n/+LPOO9NrOoVyiab187y8g9ucXvHBC3JxNxxvrRvga//YJWh+TP86jOTBO9tWfv5hZf+jFdv7ePMV2ZZ+c5FPrpboP/4GX71mX1sLn7IW2/f4MrdXUwFGEmmHnqULz1zhH5g+c0X+cYFZ8BllVd//894Fez9JvfZe2ZSzpOd/7WLb/LyuWWWd0p1N7KPx556mtOuwfdKno6w9r33OX+nAED/vlme/cIzzPXVa50H+PIv7Odf/cEf8Ydf/fv8g+M+g/rVrcn5b/wRv3thP//wX8RcjXm/4ezN+wsvw6e/BedfBGsWjv06/OKXYelF+NbvwfoVSJyBz/0GPOWsCV+B3/0y8K/gVw7An/1fsPgeJE7BiV+Hnz4d/u6bD/4EXv0T+/rMwvQL8IWvwsEUWAvw716AzV+Df/brkHKfuAD/9wuw+8/gf/oq6MCNV+Db/8HOA7Nw8Nfglzyraq1N+JvfgfMvQ34FUl+Gz/06PNmC1wyvvAi/+5vV+ytbm/Div4GL3yuldxqO/wP4whm4Wqp7AF6B3z1t/7fT+zP3DCaXL9wmS5L548fony4w+846CxfeZ/kRn/18d67y1vc+5NyirWXGyCTP/lTAGt21i7z8vctcXi3Ye7JOzvDZR1uc/fLz4bMcvfkm379p56t//0E++1NPM7HyNi+9UdH5qVNP88ITU6WTl3jtG69xnoO88PwQZ797iWvrJmgGowfmeP6zJ5ioey+F6LC6wav/6W0u7I7w7H/9eR7z3Euv/smbXChM8vyvnmFOq30e9u+b5dnPPcXcoGtCk1rl/PfOcvbaJlkTMDLMPvYYP3tqlnto2lNryFvkAMPzw0FoPa84z9zn+NmRy/z1O0usFYFEP4c/8yRfmp+squu4fsz86pt8/5NNsn0H+cqpLN/w8V3KPoha5fwrb/PWrSx5EzAMRmeO8lPPPcpU3ee3IAiCIAiCIAjC3mVooJ/dXD7ysbICWBAEQRDayjJrGwD9jEd8xXP2o1f545evsrCb5vD8HGdOzTKmbXL5B6/y9XeWao5fO/cqL90wOPrEcU7Pj9C/u8mF732Pt9YpvSb5OHOjAElmTx3nzDOlv6dGqsewgOxHr/H/fecGt3eTzM7PcebRSYxb7/PNc5tN1QJscvYv3+fChsHY9CQTfQXIX+Llly5zZSfJgeNznHnmGHODFrcvnOWbpXIOH53jzDNHmE0D9DNXyvtjvm99Nrn95kv88Q9us2wMMn/qOKfnJxnaWeXsy9/mxU+8K/c2OfuXZ7lmTHH6mTlOTifJri7w8kvnWAspTd/JX+Q3/5t9vPv7fxSyEtge/P2dD/bxD//FL/JEJmp93aNsb/r/tTzH/c2/hJXH4Of+NTxwAD75TfhPvwX/8T/bg8HP/wYkX4O/+Rp4F1Vb5+A//A6M/1fwC78F+zPw3j+F//BK/by9/pvw579lDyw//9vwk78C678Df/hP4HIe9Fl46gWwfg9+5LkfPnkZ1oEzL9iDv5d/D/7wN2DzmH2t578Kd38H/v3vQdlPX4H/91fg7Gtw7J/DL/xrOJaDv/41+P5KozVchzz86a/Ae29V0nvoAfjwn8MrF0uvjP7t0jvWT8PnftuOP3SfriDOX+L8dRP6JpmbAbQ55g8ZsHWLs1fM6mPVbV578Sxnb+2S3jfLk8/MMT+0zVt/dYll73V3LvKtFz/k8qrF6MGDnD59hMNqmZe+d4vI7xSwLDa31mv/ZmtXJy+ffYO3tkZ47PQc8+NJsndu8NJL3+abr9wmN32EM6emGE0WuH3uTV666imXtcp3/+oyG0MznH7mGHMjOms3LvKNPz9bW64yEXRYO8hjc/2g1rlwfr369NKey6MnHmVOg/wnlefh3KnjnDk1RWp7gZe/9RqXy/fSEt//s1d57comxv6Dtp7vh4Wzb/LHPs/M+wYfO1m++T4vvrZAniQPPXykfGi0erYxF3/En727zfDcnG0/RpZrb75WVdeN+DEvX87CyAiH92UwA3yX00eHgF3O/dWrvHYjS9pp75l+8jcv8603P2lPXQqCIAiCIAiCIPQA+0aHyKS9v+bWkkmn2Dc6JCuABUEQBKG9bLORi3P8Am+/u0peG+LZX/wCj5VWspx8orRi6oP3OXeqesVU1pjihb/7NFMawAkO8SLfuJBl4cYunDzIyXkwrl/k8prB2OETnHQW861sc+699cp4VDntfp78xZ/m9IiT9m1e+9M3alcOx6JAcfQEX/3ScSrrZad4/pcOMjRUGWA6eXwQ8+vnuHLtBmtPTTI6OcfJySXWPrjKQi7D7PwJytsWe8fI8pf4/sVd6Jvl5//uM8yWXqn95Kn3+eZ/usy1d86xcOyZyh7CFDAOP8ev/lhp1dv8FHzjNc6vLXEtD6Mh/lTfya/wv//9b/C//f4fwX/rtxK4Mvj7j//nr8jgL6/A1/0GYT8P//i3qvcGnvlH8CulFajzE/Bvvwo3Xoa/85/hVKlhRjbtFaufLMADrhWzdz3HPXIGvvlP4ML/CefPwEmfhs2/Ba+9CCNfg18rDeJyGp46Dv/2n8Lf/CXMvQCP/wx855vwo9fg9Jedk+HsH4D+a/D4ELBgr+pN/xr8978O6dK15ifgt38D3vsVeGoIzv8x3FmBH/8m/ORsJa/Jr8L3/xKe/Wpj1RzIRbi8Aof/NbxwppLel/872BmHIeCRo/ARsCD7Na+dv85tBaNzx0uaYTA3P8X3ry1w5eIl8kdPlCfQbL7/Puc3oX/uab7q7Kk6/yhPnv82f/BO9WSBa29fYiEPU099gRdOljRj/iRzr7/Ity57BmCDyC7w0jcWaj+veSMD5EeO8NWffdTW3eP95L5+jitrm/Q/9dPl9E8O2qswb968BUdcb6rIZkm7jmN+jtmXvs2rt67y2gcneOERH1GLqsMnDzH1/kVuX/mI5SedPO9y7uISpjbC/MkRYIHvv7NKPjHCmV/8PCed5+Gxs/zxN6/yww/WmXtihPwH73NuE4aOu/X8BFPf+S+8fPESV56a5Gi0mr23CLKT9BAnn3+OMzPOet1o9Vy+7LrBs3/P5Z/MX+Rb3/yQhbJ/0oAfYw7x2b/3WeZdq3engnwXLnLtDjA+xwtfKtn2/KOcKS6xvBNxpp0gCIIgCIIgCMIeZXb/OAt3VgJXAmfSKWb32x0oWQEsCIIgCG1lgOF0jMNXFri5A0wdLP9oCoB2kOOHM6DWWbhRfcrQkSOlwV+biTH7x/rsdsxVu+W0j5QHf+20pzh5pNnRywwPPeEe/AUwqgZ/yW+yuW2QTgHKpBg3iatL/P/s3Xl81eWd6PHPWbJCCASSQNghEjSgBMUFFKtW0bq27h2nU207vV3mOrd2Or132s6ddmZu547Oa9rb5U7bsTPWaqveKu7SKhUFBGSRRRIIIFuAAIEQSMhykvvHSUJWkkBOThI+79cr5JzfeX7P8/x+5+F3Ts73fJ/nQAOkTpjYHHQAIOV8crOBqjJ2tUrtTWZyXnaL+5mMTAOopaKbpy4aBO4oE9jgb3stskpb/XwuGnxsafyUU7eDo2AowO2tg7cjG4OmFW2/CdCmHIkw53bgMOzY0XHXPtoQzULOn9P63XHSHMgFyt+HI0SnTL54XnR65dLGMhVLo4HV/Guj00IfKYpmA4+/EOpaZDkHJ8EIYE9jyvKOhcA1MDGtdTb02HlQvb79FxzO2iQYNxL2PAsf7ICmL6aER7Y//+e6hu2s2lwJzYHIRqPzyEsHSnfzQYvE1b37K+homv/UC8bRejLvg+w+GAHSyb2g5dUwRM552XQ1mXyzpHQKLm0xm0PTz6zxDGtTNC2rRb2BNFKTad9+RippdLQmbNt+pjJ9RjaJwIH9bV6ImnT3Opw4jTlTE+D4AT7c31imfDOFpRAaPzEaHDx6IPqalJHJhEiLTNZQBqNT4ejB6I679pcDyYwdk9wi2/U42SOHQl0FJVupcpoAACAASURBVLFIqB8IWo2TKUwYCgRSmT7vCua1WBKhu+e5Wdv3Jyl5zJ6QcOr9yRm8j0mdnNcq+Ht6o8keDpTtZMmGPRyqii7hQDiTUV7LJEmSJA1yCQlhJo7NJjNjOMlJiQQCAQKBAMlJiWRmDGfi2GwSEqK5v2YAS5IUU6MYPgw4WMnhg0BXySm19UQAAu0fCjVuq2uTJJY2rJcyXk7T9vBhqUD76UW7r4MpsBsq2LHqfZYWl1PZNto7tOctRGob1xkMtP1+W6j53EVanbtUhg/veTtttc8ExuBvh3qQVZrRUaGk7n11MT2nfbmkxm9hRDpZJ6W2MeIf6uDbGkGA6lPTVM+5HVZ9A94vgk/kweqFwDy4pHEd7epj0d/Ffwk/6qCt4F4gD6oO03lWNNEAcK9m4KbBXT+FF38Ar98DrwOJ8yD/T+DabqyPfA6p2byTHXVA5kgm1JRT0WLYZGclQ3klRR+WMOeKHKA2ugYptB937a6ltY3XoFPXpGZBur9WbUIak6ef334d4g50/PrQQfsdSRnCiLblEoMkATWRjrOVu38dDpGTn8Pw4p1sLdzO/NFTKPmwhKMkMH164xdATtZGX5NKi3n6d8XtGwtWcIhaKmsATlL4x8UUdtCnI2Wcm9nsbcZJ/pQkXn5uM4VL3ifrrvlMb/qeTLfOM831pKa1j7ImhkNAbfT9yRm8jxmekd2+cKfSmXN9ATVvb2TT2vfZtRYIJTBqwhTmX9HV+tSSJEmSNDhkDE8jY/jpvwXrn0eSJMVUMpPHpfHewQp2bN3DvMxxpy+eEIwGARraPxRp3BbudpSgh07T9tFj3VydsoN9O1OxcSW/L6yAoRnkn5fJ8ASAk+z4YCcdTFrZpVBC9MREGtouKBtpPnehGJ27lPxP8e17fsf3nniKw1NhS0kGn33Y4G9clJdEg7Ut40/VjemuoU7m9U5ofMMc6WC+9npoFXxOmwe5I2HTW3AdsG4p5P4Esprqagwi53wDLp7Uvr7kKUBiNFuYOfCxBzvOwB3TyfGdjaTJcPe/Qn0NlO+FD56FFV+Gip/AnXNi0OBAVM4HWxvTew9u55nfdbymaGVxEesvzuHCxAQSm64rbS897a6HCY3XoMZrUssAWT10cwLovlN1giMNtM7kramPJo93cjHt0XU4/XymZ+3kvd07WV8FB3bUQlYelzet8d70mjQ8m3nTOvi2TmIGw0jgUAii68ROYXIHWaRpHa4Zfw5KzOPy3B38rrCM91eXMP2Kxvz0bp3nUyo7mCKjpjGiGw7RN+9jUiYy78aJzGs4SeWRQ+woKmLV1iJ+dwI+e+Op6dklSZIk6VxmAFiSpBhLm5HH9ML3KSz+gN+PyeD6yW0m+qw7yNrle8i+qoCckTmMTdlD4YE9rK/KOzV9YsMeinadhEA6OV3EkM9Yc9s7WVWed2oa6IYDbNrZNvt3OCNSoeREJYcaYFRjgKBySwkHutlcdeO0jTkz5zPvvMaNVRspXgUktC4bzRqqpaoK6GyayImZZL9XxoFdOym5NPtU0KJqM8UHgJQMJvRCxm9nhl30Kb7Ni3z/Nfjsw7dxiVNRxslC2PS5U2sAA6xfCIyEyZ2sBDppZjTAu2kVzLv9VLC3ehUUA+mXRKdvBiARCh6A4h/AUyVQnQcFLYKnIy+EdOBINUxvM6V0y5hY7kNQuBDC0+GCNoOljhi8S6+J9mlEGgQTYcRk+NjnoPhZONjiKxehkcBxqOrt9geI/UUUlQNDM5lzQUaHgaSKj4pZX1pO4aZyLixIZ8rYdJbsK2frh9uZd/Wp6csrP9zT5sssmUwek8CmreVs+qCc/OZ1VSOUbD1AN79m04fKKf6wkvymNYCJsGPLAWqA7NGdvBD16DqczIV5mawqPcim17dQURdict60U+e86TWpsp7UvPOZ3DIQ3VBLhARC0Hz+KwM55E9vuX4BROpqCfkXb7NRsyaTU7yZkuYvMNDt89ys3fuT7WzaVXvq/Uli772PCTd+YaK6KsKpHPmTHC2rZXhGGgSSSc0YR/4VSRzdt5RNFdFs5ZxOa5QkSZKkc4d/DkuSFGuBccy//ihHXi9mxzuLeHJTOhPGjmZkSi2Hdx9k1/4KKhsSyM8rICcrh0tmZbB9eRnvvbiIksk5jE+opHhHCQeqIC1/RvQD25g41fbaF1/nQN44Jje2XRFJAGpblM1m8tgENm0t471XV1I1NQ2O7WdTUXm3s9hGZaeRWHiSkjWLeOv4eEbUlrF151Eq22UGZTJ9cirr11ew6rWl1F2QwYiRk8ltO8No4jQuz9vJwsISXn5+MdMnjyattoytOw5ytCHEhIsvjPmHwsMuuo1/vCjGjQxYx6F4FR1+QyDzIsjspYGdNgfe/kvYeRtMSYLVz0LJBsj6HpzfSRuJc2DejfDO38PjH8FFc6G2CNY8CfUz4eM3tS4/5VpI/wGUvg7p34IpLR/MgWu/BM//AH7yEcy+BoYDe96PZg3PfxIuToPzb4eVC+EPD8D2hyA/B06UwJbFcPgS+OoDXUx5XQJ/fBI6WmP8kgfafYmCiqXws3+CzJtg+iXRPm1dGJ1qenqLA5jxAGz6AbzwA7hqLmROh5xz5dsMEYoLD1BJiMkFl1MwuZM0xYkRDjxXzIHiIkoKLiXn/AvIL1rOpp3r+Y8XD5A/LY2akhK2HqwmEWg58XjOrFxydm6mZP1inj44junjE6nYUcLW8npCdDMLuLaCHYWbO/ivlMCoKblk99ZrRFIylRsX88yBbM7LSeTIlt0UH41A2jguP7+T6Q16eh2ePJnz3j9IYcVJSMkhv9U5b3pNOsjvn1nEhMk5jB8GRw8eZNeuckL513DPrHQSm87/+sU8vS+H3MlppFZVsGPvQUqOD+f6e+e1Dmqey5qzgMtZv7qEC6/IobvnubmKobWsaX5/UsGmLQc4WgNp0y9ofH/Se+9jcqdm8u6egxQv/SPhC3IYmZFD/tDtLHp5JxVp6Uwem0n2MDi6ew+bjkNoTHq3pkaXJEmSpHOBAWBJkvrC8Bncflc2hWs2s357OYUbiqLbw8mMGjuReXNmMLkxxpJ63nzuSVnLW6v3sKuwmF1AKCWN3MsKuDYvI6bdTD1vHneGVvP71QcoKSymJJBAdl4Bt6fv5OkVZYQST31qm3P5Fcyrep/39paw6jCE0jKYfX0eexcVdW8K54mXc8dl77Fo9UGKNxRBOJXcK2aQtHYtm9oUHT7rSq6tWs572w+yduVB0qaPIndq2wpDZF96Pfekr+St9Yeaz3EoPYOCeZcwZ5zzMcfXKvjjqo4fuup1yOylRToT58HdY+H/fQ827YDwTJj+r3DzvNMHVOd+D4ZfCEuehbeeBHJg9D1wxwMwrm20Igfyr4Fli+Hia9vXNe0heDAPXvs1LP3LaOZvyjWQ/y24qPE/ejAH/uxZWPI4rH8ctpdAcDJk3Qh33N6N9Y6LoLio44emPdB+zdO0a+CWQ7D8NXjnyVPnquBx+PjMU+UmPQA31sDbC+H1J2H643D7TM4J5etZsysC6ROZ01nwFyDlfOZM3cnLxQfYtCNCzuRs5t06j+FL1vLe3gOsXXmAUHomly+YyI4XN7e+HqbkccstySx9dyOF+/ewan+I1MwxXH8lLH1rD+0n1+1AdTlrV5Z38EAy+Zm5ZPfWercJo7j22jTWLt7Cqj0RCIQYPiaXK6+ZQXanAdWeXodzyJuQTGHRSYbn5rX7kk7qefO5J30jS5bvYG9RMbsaiL5uTshj/ozGoGQgm3l3zCf7vQ94b0cJaw8CgRCJw9IpmHuhwd82Rs2aSHZREQeKN7N+Vg4XpnTzPDdKGlvATenFvPZ+MbsiQDiVnIIZ3DTz1Dq+vfY+ZuLl3HTxUt7+oIzCtUUwJkj+9TO49tKTLNl4iOLCcoohugbw5PO59so8p3+WJEmSpEaBhoaGHqzWJ0kaLA4cOEAgEGj+Abp9u+3vzh7ralvb292539X2zvS0fHVNbdeFBqOG6If8rUUoWfY6LxfD9OtvZn4s1ibVGUlKbJvm2YsqujuZd39xGH5xI/A9+PyNMW6rAv7zWjjyMPzXrjJ11Swtu+syZ+CcvV7HzEGW/m4pmxjHpz51SYwzKstZtXAxa09kcu3988jt58HaWF1zB8QYPvw+T7+yB6bP4/5LM+Pdmz4R09dYSZIkSeqhqsq6HpU3A1iSJDWKULL8dV7eESJ7TDqjMoczPKGWwztKKDxYC8OncKHBXwm2L4T9wGXXGvyVzsaOjawvh9TzJvf74K8kSZIkSQOJAWBJkjoQCMC5N0dGiJxLL2V+eDPrtx9i057GDNBwcvPUisPj20G10MOk9jNoIAgN9TFuZCCqgdVPArfDxbFeVXoQCcQuUn5uXq8Hg0rWFx4kQip5F/T//0uxvOY6hvufmL/GSpIkSVKMOQW0JJ2jnAL69Gpq6/AlUv1ZIBAgMSGG3+WrLIPIAJiWVANDKAFSY7OGuddr9YVYXnMdw/1PzF9jJUmSJKmHejoFtJPWSZLUgaCpH+rnYj5Gg37wrV4Uw/Hk9Vp9IZbjzDHc//icSJIkSRroDABLktSBQNAP/tS/xXyMhhJiW7/OLTEcT16v1RdiOc4cw/2Pz4kkSZKkgc4AsCRJHTDzQ/1dzMdoKDG29evcEsPx5PVafcEM4HOLz4kkSZKkgc4AsCRJHQgEAn74p34r2GLt7dg1EjILWL0jlBAdTzHi9VqxFutrrmO4f+mT11hJkiRJijEDwJIkdSIY8mVS/VOfjc2E5L5pR4NbH4wjr9eKpb4YX47h/sPnQpIkSdJg4F82kiR1IhQMYgKI+ptAIDo2+0RCKgR8u6izEAhGx1GMeb1WrPTVNdcx3D/06WusJEmSJMWQf9lIknQaoRhOWyqdiT4fk4lD+rY9DS59OH68XisW+nJcOYbjz+dAkiRJ0mBhAFiSpNMIhYKuA6d+IxAIEOrrqSkTU10LWGcmlBAdP33VnNdr9bK+vuY6huMrLq+xkiRJkhQj/nUjSVIXwmGzQdQ/xG0sJqXFp10NbHEYN16v1ZviMZ4cw/HjuZckSZI0mBgAliSpC8FAgHDIDwUVX+FQiGC8MsNCCQaB1TNJaXHJHPd6rd4Sr2uuYzg+4voaK0mSJEkxYABYkqRuCIWCTguouOkX4y8x1fWA1T2JQ/p06ue2+sX/Fw1o8R5D8W7/XOP5liRJkjQY+VeOJEndFA6F/IBQfS4UCvafbLCkoQaBdXqJQ6LjJM68XutM9ZdrrmO4b/SX51uSJEmSept/UUqS1APhUMgPCtVn+uV4SxrqdNDqWFJavwj+NumX/3/Ur/W3MdPf+jPYeH4lSZIkDWbheHdAkqSBJhQKEggGqKuL0NDQEO/uaBAKBAKEw/14PcLE1Oj6rtUVEKmNd28Ub01rRMdhzd+ueL1Wd/Tna65juPf15+dbkiRJknqLAWBJks5AMBAgMSFMJFJPpD6Cn8mqNwQCEAoOkGk/QwmQmgE1lVBzAhrq490j9bVAMO7r/XaH12t1ZqBccx3DvWOgPN+SJEmS1BsMAEuSdBZCoSChUJBIfT31kXrq/VRWZyAYCBAMBQkFB+CH0omp0Z/aSqg9aUbwuSCUAAnJkNC/A79teb1Wk4F6zXUMn5mB+nxLkiRJ0tkwACxJUi8IBaMfLDY0NFDf0EBDfUPjB7MNZuqoleiMkwGCgQCBYOPvwTANZUJq9Kc+ApGaaCC4vi563+zggSsQhGAIguFo4DeUGL0/gHm9PrcMxmuuY7hzg/H5liRJkqQzYQBYkqReFAgECAUCYJKJzlXBEARTICEl3j2RTsvrtQY6x7AkSZIkqTMGgCVpMIvUQNFb8NEK2LcJynbCicNQV0NWKIGGlAwi6eOoy8qjduxs6qbMh3BivHstSZIkSZIkSZLOUKChYXBNErVuYzFrNxZTtG03h8uONW9PTUlifE4WBTNzmZWfy8iMYXHspSTF2J51sOrX8MHzUFfT/f3CiVRP/wTVF95FZMzM5inzAi2mz+vod2ePdbWt7e3u3O9qe2ec/k+SJEmSJEmSNBBVVdb1qPygCQCv3VjMbxcubhX0PZ25c/K57Ya5BoIlDS5HdsEfHosGfs9Szfk3c3LeV6gfPs4AsCRJkiRJkiRJcXLOBYArq6r5j9+8ztqNxa22pyQnMX5sZvP9qqpqdpccbFUmNSWJe2+/hrlz8vukr5IUU6uegle+07OM366EE6m69r9Tc9FdBoAlSZIkSZIkSYqDcyoAXFlVzaM/fYbde0ubt82dk8/cOfnkTR3fYfllqzbyhyVrOHzkVKbwg/fdaBBY0sD26t/Bsn+PWfXVFz9A9XXfBAwAS5IkSZIkSZLUl86pAPB3/+VXzcHflOQkvvLQ7R0GftuqrKrmxTeW8eY7a5q3GQSWNGA9/1ew+rcxb6b2wk9RdeN3DQBLkiRJkiRJktSHehoADseoHzH34hvLmoO/43My+fqX7yU1JalVmd17S/ntwj8C0emeZ83IZe6cfFJTkrjvjmuYMDaLX/7mdQB+u3AxeVPHuyawpIHl1b/rk+AvQML639GQOKQ5E1iSJEmSJEmSJPU/wXh34EwcLjvGS4uWA9HM3wfvu7Fd8Bdg7cZiirbtpmjbbtZuLOaXv3mdb/7Dz5sDx3Pn5HPdVbOBxqzgRcv67iAk6Wyteiqm0z53JPH9X5Gw7tk+bVOSJEmSJEmSJHXfgAwAtwzU3rbgCsaPzeqwXMGMXKZNHcfIEaeyeg+XHWu1bvBtC+Y2P75s1SYOlx3rsC5J6leO7IJXvhOXppPf/EeCR/fEpW1JkiRJkiRJknR6A3IN4Ie/9SMqq6pJSU7ih//w1W7tc7jsGD/+5QvsLjkIwMiMYXz/b74ARAO/TVNB33rDFdy2YG5sOt5SRTFLFr7C29sOUHEiOm93eEga2VPnct3Hr2bG6IEwO/dGnvjGE2y88DP87wdmxLsz0rnl2Yfhg+fj1nxd/q2cvPWfANcAliRJkiRJkiQplnq6BvCAywAu2rabyqpqIDqFc3eNzBjGdx75DNOmjgOiAeFlqzYBMGtGbqv6Y61q49N87x9+xss7wuTOu4P7P30/93/6fu6Yl0t455s88S//g+8/U0hFzHsiaUDasy6uwV+A8KaXCO3bENc+SJIkSZIkSZKk9gZCmmkrTVM3A+Tlju/x/g/ddxPf/IefA9GgMEBqShLjczLZXXKQLdtiPK1pfSGvPLuWilHX8fWvLSCrVQi+gEs/fjdla57luX0ppMW2J5IGqlW/jncPolY9RcW132rMAG7aaAawJEmSJEmSJEm9KSGU3KPyAy4A3JT9C9HAbU81Tf1cWXWy1drBKWdQ1xnZtpENVTDxhrltgr9NwmTMvp8/75veSBpoIjW9m/171b/BmNXwzM96vGvKlteovPY7NAQTnQJakiRJkiRJkqR+YsAFgHvDyIxhjGRYfBpPSiYMVFVVQU9yfOvLKHztBV5+v5jSE3UQTmHsBddxx53zmZjSslwdpR++zetvLWPb/gqq6oCkDCbOXsD9txeQ0SLovPHJb/DE+hl85h9vofalp3ljzU7Kkufzlb+5hYkAdWWsbdpeDYRTyBpXwHX33kLByNZDp+7wWl749Qus2VNFHRAePYNb7vs0c3POySEmxU7RW1BX0zt1XfUbuH4G/P7vz2z/uhoSdiyhJvfjvdMfSZIkSZIkSZJ01ozO9bVx0zl/yBJW/uFxns54iLtnZRHuaiXm+lLe/OGjvFGaxYxr7+C6UQlQvZdVi17mx/+7lD//9l3kNtZRseJxHn3pABOnF3Dd/LGkAbV7V/HGO0/zg/o0/u7O3DaVl/Lmj77PgRMTmT57AddOziUDoGojT/zvJ9hYlcbEy25hweQ0qC5jwztv8vQ/H4O//wwFTaNn/5v8+LFjhOdcx93z06BiJ0veWsYLP/w3+O9fYW56b55A6Rz30Yreqacp+Lv4XnjnzNc+TyhZbQBYkiRJkiRJkqR+ZMAFgFtO27x7byl5U3u+DnBHDh85BsDIETHODA7mctd/vR/+/VlW/uZR1j4TJmPCdKZPm0lBwXTGjkxp96SUvvUEb+wfy4K/fJjrRjdtLaDgwrE88f2neWXpAh6+KppNnHbZQ/zjnDDhlpXMKiC7/nv8eOkyNn4ylxmtAs6llI36DN/+yxmcSiSuY+P/e5aNJ7K47mtfZ8HoU6ULLruavXvKGNuy/tIqpn7129wyoUXfMuv428dXsnZjBXPnuZqx1Gv2bTr7OloGfxefXX3h0sKz748kSZIkSZIkSeo1Ay4APCHnVAB43cZtfHz+xWdd5+GyYxwuiwaA83J7J6B8WiMKuOvrM7m55CNWrV3C2jWFLFu0kWWLgHAa06+9n7uvzSUtCLCTlStKYdpdXD26TT0pBcw+72me2LCBiqvmRieUDoY7zChOSUmB+lIOHIIZWS0fyWL+DS2Dv0DNGlaur4LpN7cIODcJM3ZcVutNk+Zz9YQ2xaZMYCIr2bn/AD2a6lrS6ZXtPLv9ezH4CxAq33PWdUiSJEmSJEmSpN4z4ALAIzOGMT4nk90lBynatpvDZccYmXF2WbsvLlrWfHvWjLZTJMdKmJScXObn5DL/ZqCuirKSDSx58Q2WLfoZjx56iG/fN50wFZSVA+XP8T++8VzHVWVV0byicH0FxUuf55Ul2zhQHl2Pt0XBjnYmu+3moxWUAVkTJnVvgAwb1j7Em5jauNbxye7UIKm7Thw+832b1/y96aymfW4peLKsV+qRJEmSJEmSJEm9Y8AFgAE+Pv9ifvmb1wH45W9e5+tfvueM6zpcdoxlq6JZcCNHDKOgzwLAbYRTyJhwKXd8dSY5j/8tz615k5U3T2duU2T1grv49p3nd7xvMKUxAFtH4TOP8viaKtImzOXGmyeSNiSL3NHDOPDHH/Ozd/rmUCTFUF3NGe74Pbh+LqzpveDv2fVHkiRJkiRJkiTFwoAMAM+akUtqShKVVdUUbdvNi28s47YFc8+orpSUJFKSk6g6Wc29d1zTyz09EylMGpcBhXVU1QCkkZEOHDsJaWldTKZczNp1VTDuFv7yq/Nbla1K6kEXhqeRARSW7KXjrGFJA8+34ffnwfW/hcO9HASWJEmSJEmSJEn9RgerxfZvh8uO8ehPn6Gyqrp520uLlvPSouVnVF9qShLf/9YX+M7X/rRvsn/Ll/HEEyspq+vk8aqNvL68DEZMZfpIgIkUzMqAPW/y/MaqDsqXUda8OUxCElBTS6uSTXV2V+JsCi4ANr7JG/vbP1x2pKL7dUnqXeHEM9/3nfvg9xvh+tfgmvz490eSJEmSJEmSJPW6AZUBXLRtNz/55cLm4G9T5i7Ai28so6h4Nw/ed2OXawJv2baHaVPHNd9PTUkidWzfZLrWlZZRWriE73/rBbKmXUpB/kQyGrNzK/auZeXSQkrrx7Lgi7cwtnGfsTc9xIKtj/LGk4/y48uuZu7kNKCWssJVLFu3E+Z9hW/fOhHIZf7HxrLytTf4t59XsWDOWBKq97Jq0SqODUmDE93tZZiCT97P2p1P8+a/fo/ipjary9iw9E02lk7n/r//DAUDavRIg8SQkVC+78z3f+c+4DfRTGDuhcWbzqo79ckZZ7W/JEmSJEmSJEnqXQMmhPfSouW8+May5vvjczK5945rWgWEi7bt5pv/8HMKZuSSlzue8TlZNNBAgAAAazcWs3bjVg6XHeO6q2ZzXxymfA6fdwtf/+7V7Fz9Nm+uWMuShcuoaswGDqdlMXbOXTz88UsZ23L+5mAW1/3XbzL2rZd5Y+nrPL28DgiTkjWWgk8+zHVzxjYXzbrmKzyc/BTPLVrGc0/VQVIWl975MHccepxHF/Wgo+kFPPS1NJYsfIW317zM08uBcApZ4y7l/r+6xeCvFC8ZE88uAAy9GgSOpI/rupAkSZIkSZIkSeozgYaGhoZ4d+J0Kquq+e3CxSxbdSpAMXdOPrfdMJcf/8dCdu8tBVpnA3fHrBm5fOXB23u9v5IUU6/+HSz7996p66rfwPUz4PdnviZwVcEDnJj/1wQC0S/atP3d1ba2t7tzv6vtnelpeUmSJEmSJEmSBqJ+vQZwZVU1j/70mVbB3wfvu5EH77uRFxctaw7+js/J5Pvf+gIP3ncj43Myu6x37px87ru977N/JemsTbqs9+p65z74/VIYc9MZV1Gbc3Hv9UeSJEmSJEmSJJ21fpsBvHtvKY/+9JlW6/3+1ZfvYfzYLP6wZDW/XfjH5u1/+8hnWq37e7jsGEXbdnOorLxVnXm548mbOr7vDkKSelukBr53AdTVxLsnEE7k8H9ZTkMo0QxgSZIkSZIkSZL6iX65kmvb4O/4nEy+8uAdjMwYxu69pc3BX4AH77+xVfAXYGTGMOZm5PdllyWpb4QS4aJPwurfxrsnVOfdQn0wAcOqkiRJkiRJkiT1H/1uCujDZcfaBX+//uV7GZkxrPmxJrfecAUFM3Lj1VVJio85fxLvHgBQNeOueHdBkiRJkiRJkiS10e8CwL9ZuLhd8Dc1JYnKqmp+/B8Lmx+bNSOX2xbMjWdXJSk+xs2KZgHHUfX0W6jNnhHXPkiSJEmSJEmSpPb6XQB43cZiAEaOGNYq+PvoT59h995SIBoYfvC+G+PZTUmKr48/AuHE+LQdTuTEZV+OT9uSJEmSJEmSJOm0+l0AuElqanKHwd+U5CS+8uAdpKYkxbmHkhRHIybAzd+NS9MVV32TuvSxcWlbkiRJkiRJkiSdXjjeHWhr5IhhHD5yjN17S3n0J89w6Eg5h8uOAdHg7199+R5GZgyLcy8lqR+Y82k4uBWW/XufNVk560+omnlnn7UnSZIkSZIkSZJ6pt9lAN97xzXNt4u27W4X/B0/NiteXZOk/ucTfwsX39snTZ284JNUXPVXfdKWJEmSJEmSJEk6M4GGhoaGeHeirbUbi/ntC4s5eJ9CRQAAIABJREFUfCQa/J02dRz33X6NwV9J6syrfxfTTOATF32a4/O/AUAgEIj+JtB8v3lbm99dbWt7uzv3u9remZ6WlyRJkiRJkiRpIOqXAWBJ0hlY9RS88h2oq+m9OsOJHLvyr6ma8SloG+Q1ACxJkiRJkiRJUr9jAFiSBpMju+APj8EHz591VVXTPsHxS79EJH1sNHhqAFiSJEmSJEmSpH7PALAkDUZ71sGqX0cDwT3JCA4nUpl7EyfyP0Vd9ozWwVsDwJIkSZIkSZIk9XsGgCVpMIvUQNFb8NEK2LcJynbCicNQV0NDKIH65Azqho2lZtQ0qscUUDPxKggnAh0Edg0AS5IkSZIkSZLU7xkAlqRz1M6P9jYHb1sGaTu7bQBYkiRJkiRJkqT+LxjvDkiSJEmSJEmSJEmSeocBYEmSJEmSJEmSJEkaJAwAS5IkSZIkSZIkSdIgYQBYkiRJkiRJkiRJkgYJA8CSJEmSJEmSJEmSNEgYAJYkSZIkSZIkSZKkQcIAsCRJkiRJkiRJkiQNEgaAJUmSJEmSJEmSJGmQMAAsSZIkSZIkSZIkSYOEAWBJkiRJkiRJkiRJGiQMAEuSJEmSJEmSJEnSIGEAWJIkSZIkSZIkSZIGCQPAkiRJkiRJkiRJkjRIGACWJEmSJEmSJEmSpEHCALAkSZIkSZIkSZIkDRLhWDdw5MiRWDchSf3WiBEj4t0FSZIkSZIkSZJ0Dol5ANjghyRJkiRJkiRJkiT1DaeAliRJkiRJkiRJkqRBwgCwJEmSJEmSJEmSJA0SBoAlSZIkSZIkSZIkaZAwACxJkiRJkiRJkiRJg4QBYEmSJEmSJEmSJEkaJAwAS5IkSZIkSZIkSdIgYQBYkiRJkiRJkiRJkgaJcLw7IEnqHVWVdc23y45WUHGikuqaWgCSEhNIG5JKxvC0eHVPkiRJkiRJkiT1AQPAkjSI1NbWUVJ6mJPVNa22n6yu4WR1DRUnKsnJGklCgpd/SZIkSZIkSZIGI6eAlqRBpKPgb0snq2soKT3chz2SJEmSJEmSJEl9yQCwJA0SZUcrThv8bXKyuoayoxV90CNJkiRJkiRJktTXDABL0iBRcaIyJmUlSZIkSZIkSdLAYQBYkgaJ6pramJSVJEmSJEmSJEkDRzjeHZAk9Y6GhoaYlFXvCQQgGAwQDAYIBAMEAhAIRH9LkiRJkiRJUn/S0BD9LLmhARrqG6hv/PHj5f7PALAkSTEUCEAoHCQUigZ+JUmSJEmSJGkgaEpgASB06rPN+voGIpEGInX1BoP7KQPAkiTFQDAUINwY+JUkSZIkSZKkwaJplsOEhCCRSAN1dfXUR4wE9ycGgCVJ6kXBYIBwgoFfSZIkSZIkSYNfKBQgFApFA8G19dTXGwjuDwwAS5LUSxISg4TDwXh3Q5IkSZIkSZL6VFMguK6untqa+nh355xnAFiSpLMUCgVISAyeWg9DkiRJkiRJks5BTcvi1dbUE3Fa6Ljp9wHgd1duZPtHJZQcOMyefYeorq7p0f7jxmQydswoskYN57YFc2PUS0nSuSqcECQhwaxfSZIkSZIkSQIIBAIkJoWora2nrtZs4Hjo1wHgHz3+Ah9s2nZWdezZd5A9+w4C8MGmbXz1c59kRPrQ3uieJOkc55TPkiRJkiRJktSxhIQggQBOCR0HgYaGhn6Zf/2FRx5rdX/qpBymTBhDcnJij+rZvnMf23aWcPLkqczhf/7OFxluEFjSILNu444elR8xNJFAIND8A5z2Ni1vAwE6Kdfid1fb2t7uzv2utnemt6dnNvgrSZIkSZIkSV1zXeC+1y8zgF98Y1nz7ckTxvDJT1zJ+edNOOP6Dh4+yvOvvsuqdUUA/PDfn+c7X/vTs+6nJOncZPBXkiRJkiRJkrqn6bNUg8B9p999er1izWZeWrQcgEsumsb/ePjTZxX8BcgcOZw//9Nb+Ox9CwDYvbeU//fykrPuqyTp3BNOMPgrSZIkSZIkST0RDgcJJ/i5al/pd2f6wy07m2/fcv0VvVr3vDkzmDRhNABrNhT3at2SpMEvFAqQ4JsUSZIkSZIkSeqxhIQgoVDvLtWnjvW7T7FL9h8GYOK4bMaOGdXqsaLi3WwsbL/G5YtvLKP00NFW27bv3Mcfl65rV/a8SWMBKD10hKqT1b3VbUnSOSAhsd+9bEqSJEmSJEnSgOFnrH2j360BvO9ANAA8dVJOq+079xzg0Z8+A8CtN1zBbQvmAvDoT56haNtuXlq0nJ8/9ggQDRQ3la2preOGj13SXM+USTmwZDUA+0uPMLkxI1iSpNNJSAwSCPjtNEmSJEmSJEk6U4FAgITEoOsBx1i/C7NX19QCMCQ1udX2iuOVzbcTEtrHrdOGpFBxvAqAukikefvJ6ppW5S65aBoTx2WTM3oUI9KH9lq/JUmDVzAYcN1fSZIkSZIkSeoF4XCQYNBkm1jqdxnAnZkxfTK33nAFR8uPM2XCmObtt95wBSyCCy+YQtrQFACmTszhxmvmcOx4JXPn5Ler61v/7YE+63d37N5byr/823MEAgH+2xfvYnxOZo/rOFp+nP/1f56mqqqa//bFO5nc4hydrT8uXcf2XfuYMmEMH5s3q9fqlaSBIuy6v5IkSZIkSZLUa8IJQWqqI10X1BkZMAFgoHna55bycseTlzu+1bbk5ETuvGV+X3XrrDQ0wIo1mzl+Ipq9vHJt4RkFgGNpy/Y9rFpXRF1dxACwpHNOMBQgFPLbaJIkSZIkSZLUW0KhAMFQgPpIQ7y7MigNqADw2Tp4+Ch7Sg5xpLyCqZNymDguO95d4uDho6xcW9Scvbz6gy187IqLGJkxLM49O+XP//QW/vxPb4l3NyQpLpz6WZIkSZIkSZJ6XzgcpCZiFnAsDJgAcMXxKv7tiZdIG5pCwczzuLRgOgAvvrGMlxYt5/r5F3PP7R/rcN+T1TU8/fxbLFu1qdX2qZNy+Ox9NzI6c0TM+9+ZFWs2c6S8grtvvRqAZ196m9Xrt3DDxy6JW58kSVGBAGb/SpIkSZIkSVIMhEIBAoHobLnqXQMmALz6gyKKtu0GoL6+oTkA/M6KDQD8fslq5s7JZ1yb6ZPr6iI8+pNn2LnnQLs6t31Uwre//zj/628+z6iM9BgfQXvlx06wYs1mRqSnMWtGLgB/WLKGd1du4LKLzyc9bUi7ferrG1i5tpCXFi3n4OGjJCSEueSiaXx8/sXtyjatCwzwXz5zK6+9uYINhTuor69nysQcHrr/RtKGprLw9WUsXbmBqpM1DE8fyv2fvJaCGecRaIx5vLRoOS++sYzbFsyNrrncZtv4nEyefWkJBw8fJRQKMnP6ZD5953UMHzY0RmdOkvpGyOxfSZIkSZIkSYqZUDhIXW19vLsx6AyYT7YvnX1+8+0L86c03548fjQAE8dltwv+QjQw3BT8zRk9ij+75wb+4nOf5IpLLmgu84tfv0pdHFLMN2zeTumho8yYPonMkcPJHDmcGdMnsb/0CJsKP2pXvqEBXn1zBY8//RplR4+RnzeRghm5bN2+h5/+x0Kqqqo7bOdYxQn+9WfPUXr4KBdfOI3h6WkU79jLjx9fyI8ff4GVazczY/pkcieP5VjFCR5/6jWKd+zp1jG8v66Ix59+jaxR6Vxy0TRSU5JYu7GYXzz5KlUna87q/EhSvJn9K0mSJEmSJEmx42ewsTFgMoBTU5L4+WOPUHG8qnm9XIAvP3g7RcW7ycsd3+F+TdM+500dz9e/fE/z9gsvmMK0KeP4z2cWse2jEpau2MjVcy+K7UG0UFlVzdvLPyA5KZGrLp/ZnG17xSUXsHJtIe+s2EDBzPNISU5s3mdPSSlvvrOGIanJfPWhO5g6KQeAukiEJ55ZxPL3PyQlOaldW3V1EW669lJuvWEugUA08/iff/Jb9u4/xISxWfztI3/GsLRUGhrgV88u4p0VG1i7sZjzpozr8jiOHa/k4S/c2dyXg4eP8i//9zl27T1Ayf5DzdslaaAJBCAY9M2HJEmSJEmSJMVKMOg00LEwYDKAm7QM/jbpLPh78PBR9peWATCnIK/d4y2Dk8Uf7e2lHnbP1u172F1ykPPPm8CEsdnN26dMzCE/bxI7du1jS+OU1002FO7g+IkqCmbkMmXiqb6HQyGun38xQ4e0PzcQPWcXXzitOcg8LG0I48ZEs6Uvvmgaw9JSgWiw4/zzJgDR6aO7Y/bM81qdx4zhwxg7ZhRVJ2soP3aiW3VIUn9k8FeSJEmSJEmSYs/PYnvfgAoAFxXvZlPRR5xsM7Xwi28sY9+Bw6fdd0hq++Bocots2WCw705FTU0tf1iyBoC5c/IJhU61HQoFmTsnH4B3V25sNTX1npKDAIwYntYczG2SNjSVxMSEDttLSEhgSGpy8/2WWW2jMzNalQ2FQj06luHprdf5DYWCJCYMmMRySeqUbzokSZIkSZIkKfb8LLb3DZhIXVHxbh796TMA3HjNHO68ZT4AP3r8BT7YtI2Vawv520c+Q0KL4GPmyOGMzBjG4bJjrP6giEsumtaqzpVrC5tvT5k4pg+OImr7rn3s2LWPSKSeHz3+QqflNm/ZyY6d+5qnYm4ZKJYkxVbANx2SJEmSJEmSFHN+Ftv7BkwAuGWG77Hjlc23t39UAsCBg0corzjBqIz0VvvNnD6FPy5bx/sfbGHMG8somJHL8PQ0irbt5rmX3gYgHA4xafzoPjgKiETqWfzuOmpq6zj/vAntMmibHC0/TmHxbpa8t54pE3MIhYKMyR4JwP7SMhoaaJUFXHG8kpqa2r44BEk6J7SdaUGSJEmSJEmS1Pv8LLb3DZgA8MfmzaKmto6Dh8tZcM0lzdv/+i/u51fP/p5LZ09vF/wFuOFjF7P6gyIqTlTx0qLlvLRoebsyd996NRPHZbfbHgsl+w+xZfseskYN53Of/gTpw4Z0WK782An++Se/ZWPhR5TsP8T4sVnMPH8Kf1iyhg2bd7Bl+27ypkbXPq6LRPj9ktUcP1FFSotprSVJZy7guw5JkiRJkiRJijk/i+19AyYADHDDxy5pty07cwRf//I9ne6TOXI4X3noDp558Y9s37mv1WNJSYl86c9uJT9vUq/3tSMNDbB46TqOn6jiystmdhr8BUgfNoSCmefx+lsrWbFmM+Nyshg3JpNrryzgxTeW8S//91mmTMxh5IhhbN8ZzYI2+CtJvcf3HJIkSZIkSZIUe34W2/sGVAD4TE2dlMPXvngXm7bs5Gj5caprahmRnsa4nFGMG5PZZ/04cLCMDZt3MCI9jasum9ll+asum8mK1ZtZsaaQKy+byeisDG7++OVkjRrOwteXse2jEj7avZ+LL5zGdVfN5v8+8RJVVdV9cCSSJEmSJEmSJEmS+qNAQ0NDQ7w70dIXHnkMgFtvuILbFsxt9diTz/2B2ro6rr7iIqZMHAPAi28sY8u2PUyeMJo7b5nf5/2VpP5i3cYdPSo/YmgigUCg+Qc47W1a3gYCdFKO1lN2nG5b29vdud/V9s70tHxK6jnxHSlJkiRJkiRJiruqyrp4d2FQGTCfbr+zYgNvL/8AgEikvjkA/M6KDRwtP07Rtt1cdfmFZI0a3uH+R45WsK+0jD0lBzlZXcPorIzoT+YIEhMT+uw4JEmSJEmSJEmSJClW+l0AOCkpkerqGk6erGm1feK47Obb43JOTduckz2So+XHAToM/tbW1fGLX7/KmvVbO2xvePpQrrpsZrtsY0mSJEmSJEmSJEkaaPrdFNDf/z9Ps+2jEqZOyuGbf3F/q8cOHDxCfX09Y7JHNm87WV3Dzt0HyBk9irShKa3K795bynf/5Vfdand4+lD++TtfPPsDkKQ4cQro03MKaEmSJEmSJEnqn5wCunf1u0+3c7JHsu2jErZ9VMLmrbs4/7wJzY9lZ45oVz45KZG83PEd1vXoT59pvj1pwmg+ftVsZkyfzJDUZLbv3MfGwh28tGg5AEfLj/PiG8vMBJYkSZIkSZIkSZI0YAXj3YG2pkzKab79/KvvnnE9Tz//FpVV1QDcesMV/M3Df8Jls89nSGpytJ2JY7htwVy++43PNu/z0qLlbN2+94zblCRJkiRJkiRJkqR46ncB4CsvncFF+VMB2LFrH//2xEvs3XeoR3UcKivnrXfXAnBR/tTTZvWOyR7JX3zuk833V6zZfAa9liRJkiRJkiRJkqT463dTQAN89aE7+MIjjwHw/gdbeP+DLUwcl83USTnNGbxtTZ2UQ37eJAD2HShr3l4wM7fL9i68YArjx2axe28pe/Yd7IUjkCRJkiRJkiRJkqS+1y8DwAA/f+wRXnxjWfMavTv3HGDnngOdlh+ZMYzv/80XACjZfypjOG9qx+sDt5U3dXxjALhn2caSJEmSJEmSJEmS1F/02wAwwG0L5pKdOYIPt+ykZP9h9h04THVNbYdl516S33x7wTVzWPb+h0wan82ojPRutZWfN5G1G7e2qkeSJEmSJEmSJEnqTZH6eurqIkQiESKReuobGmhoaAAgEAgQDAQIhYKEQiHC4RChYL9b0VX9XKChaURJkga0dRt39Kj8iKGJBAKB5h/gtLdpeRsI0Em5Fr+72tb2dnfud7W9Mz0tn5Lar78jJUmSJEmSJGmAqamtpaamjrpIpEf7hUMhEhPDJCYkxKhn8VdVWRfvLgwqfrotSZIkSZIkSZIkxUhtXR0nT9YQqa8/o/3rIhHqqiJUV9eSnJxIQtjwnk7PESJJkiRJkiRJkiTFQOXJamo6Wd60pyL19ZyoPEliYgKpyUm9UqcGJwPAkiRJkiRJkiRJUi+qb2igsvJkj6d77o6amlrqI/WkpiYT7OHSdzo3uGq0JEmSJEmSJEmS1EvqGxo4caIqJsHfJnWRCCdOVFHf0BCzNjRwGQCWJEmSJEmSJEmSekll5ckzXu+3JyL19VRWnox5Oxp4DABLkiRJkiRJkiRJvaDyZHVMM3/bqotEqDxZ3WftaWAwACxJkiRJkiRJkiSdpdq6Ompqavu83ZqaWmrr6vq8XfVf4Xh3QJIkSWqtnG1rd3Co8d6oKbOYmh7XDkmSJEmSJHXp5MmauLadMNSwn6IcCZIkDSgb+Okji1jTZbl07vjrz3NzVh906XQ2PMsX/mNX9HbWLL7719cxJr49ioHWz8nszz7Cl2aeZZVlm3nl5fdYXFxG+QmAMFd+8WH+bNpZ1jtg7GLRk2+2OKezzv6cSpIkSZIkxVBNbW2frPvbmUh9PTW1tSQmJMStD+o/DABLkiT1J/vf5HuPrWNXq78X6qgcbEu5lL7Jd/5pHfsAmMCXHrub2XHukiRJkiRJ0pmqqYn/FMw1NXUGgAUYAJYkaQBLYvYtVzJ7eMePTXDK3AGomhWvtgj+pmUwe+YEZk4ZyZgJce1YH5vJlx4z5VeSJEmSJA0Mkfp66iKReHeDukiESH09oWAw3l1RnIUbfjiUANAArX83QCAQ/d1K2/sttzfv0KKm5vstirWpv6l01/W3fbyD9prbPfVw2+PqtP52uqi//db27XXnuFq21+68tTl/HdTftt2uj6tpe0fHdZrnq8f1t9W+/u4c15nV33IA9OD56nCcddZuy/q7+Xz1qP42He7O83W6/1cdtXu68RfopP72veib60VHh9Fb/59PIxBKgOQhBNIzCYwaRzBnGqFJMwidN4dA1qTT7ivFXjIT8mdxWbyneVYv2kXh9qbbSdzw4IPcPTGe/ZEkSZIkSVJX6urOMvhbf4A3f/kSb5PPVx+8gqyziN/W1UUIJRoAPteFA42xj6YQSKAxcBLdHiAQaBOYCXQSEAo0/W58rCHQsqJmndUf6Hb9bQJCzfW3bbd184GGNsfTNuDUtDvt64+W7qT+lt1u2V7jv+2Oq21AMtCqNzS0PW8tC7Srv4Pz2ab+5m63DQwG2rTX9oR1eFwtjoe2x9Xi8OjgeWraq0397Y6r6X7T+Ws7/mjzfHVaf9sB0FH9pxkfbdo9VX8n469tuz2sv0n7+nvwfLVsr+3z1a7dNu3Rpv52x9Xh6ez76wU9vF60G/edXC9OoyFSCyeO0nDiKJRsJbJ+MbWNjwVzziNUcD3hS28jNGVWl3VJ8VHKK//0K14ojd6b/cDnuXLvizy1rJRD1UBSOrNv+wRfujyH2kPreOrJt1mxu47aYJhR02bw+QeuY2pKY1Vt1/P9wkgWP/Ue7+48QW09pI6fwM23f4IbJg/pXtfqy9m1cilPvb2VXaV11AIJQ4Yw4aICPn3DZUxIA6hmxeM/4heborukz7+bR29vnQq77/e/4DuvlwOQeukn+MG95wNQXvwuT728mg27G+tOy+CyW2/m0xdn0XYinJ6U7bYuzldCRg43f/o2bp48hI7Xdq5m0Q8fY1HT/k3rJ3frvLU/N1x0Az+4qpRfPLWRDWV1MPYS/tfXMni2ud107vjaDaS++SYvbCqjsg4S0rO45p5Pcff0IZQXv8l//rZx33CYCbOv5kt3z2JUi78nast3sOKd91i8ppR95S37djmfv30Wo8K0mfq5yS5++shjzf38+WdocT7ar2dde2gDi159n8WFZZRXA8Ew6WNzuOa6q7lhZsvnbEPrev7qU4xa+govrG4a/0OYec0CPn/9ZFJ79uxKkiRJkiQ1i5xN9m/9AZb96lVe3xMB1vOjX4X56p/OOeMgcLQvTgN9rgv9z5sS/yfQ/QzJpj27mZFIq/IdbO5RZl8HgcC2Ac8u2u00Q7LD8oHWO3SRKdhZ/a0CUV0dT5sM5i6Pp4P6Oz+PHZy3tg2d7jwG2vWyiwzdMx8f8Rx/bds9pYvnq8MGuj6uzst3dFzde766l1F95vWfWUZ1N56vdk90F8d12vKdtHe660UPNVSUUb91FXV/fJLIpiUEwmGCE/J7p/IzsL/0aI/KpySGCAQCzT/AaW/T8jbRkHyH5Vr87mpb29vdud/V9s70tHxCQn/9llwp7y/a1hg8S2b6lbOZdtp46wm2Ll1P4YnovfJtm3h3yzEqm96TRqrZ9+FW9gaPsuiJ99hQXk89QEM9lYf28+6Oeq6+dALJAKUf8tK6xmBiuIptyzbzQWkt9Y3/p2qPlfPhyg3szclnTnZiY3db7DNkNNdcOYU0gPoSXvnhE/xs+SGOnGhsE6ivreXI7l0sebeI0MwCpg0NMy7lEG+uKaMWqC6tZfLH8shufjp38fpv1rCtCmAI19x7E/nDYN+bv+Q7Txez91iLumuq2LVhPYsPpHH1RdnNb4N7Urbr5wTGzJrLnOw2x15/hDVLtlJYdup81VdVULhyK6GC2Uwb0rqOdprOXbfPW3T78e1rWFzcuHhwwyE+fHsnWysb90rJ4uorh1DY3G6EXes3smZ3FbWNReqrT7Bt3VaqA9v4z98Usbeq6YF6yvfuYHlFJjfljwSgdtPvePhfl7PmowrKq9v2bQdvbq5izmVTSKvcweKl+zne2bGOnsptF9HpOK/c8Du+9ZPV/H/23j++rqrM93/vk5OmTaiBEAJJ7YESWhPLsUlaCEKAGysRWyxVb0bpFTqO9V6Z60W/oldxRl6+8F6r3zt85+p1hpkBB1EuyM0VC1qGCVNjISCBNk0J0EIplZQ2EEMllqSEpNnfP87+sdbaa59zUvKjheftq55z9l77edaz1tqLkzz57GfnK0cY9dexO8Hon4bY3fMUna/Npyntz5k6rkfp7+3md3uHlfU/xsALu9iZOIfm6jz/cEEQBEEQBEEQBEEQBMHgzdG3cGMTJtkYoff/buKePW8FR8Zf72fH4ElcsLT8mNO4RXNOvATwuP8LKWFKCH+77QBO8Ov88DU47gSvDn7CAO9T+Ip33HuLbt90r9r3/ar2HfT/qfaVz5796O/2nSAuzZ9nn4h9069qX4nLcBEeUO0bcTlO8KraD8YxEhfBq+bQUf8Z82TMlxZP7LgZcRn2tXE010PEfnR9WOdL9aHFFS6cyPoz50tdf8o6VO3Hrj9zvtS+qvPlKL6M+YrGpQ+XNm7WuPJYf7Zx8z+b84U+X7b7KrL+1Ps3H/sq+ewX6tjls1+oY5dzv7DZN0fTNk+W+Zoijj7/BG/+w39h5JvNjD++aWqNC0IsQ2z6/s18/nrLv+9vsSYTR4ZHKV+SZu3li0gF+a5Ruh/spW9eGY2X19GiZpT37aZzwOZ6iL4jRVQvr6P18kVUz1ds3fMA3aPZe773V/ezab/3IWGxM36ITX9/P7sngJo6msq840f20f28Yuj5HjoPee8XnkvLAuCldn74QCZhHNquJe0pSEd2bqXNtzGZtm+HI6MMTZRQc2Eda5srFNXsEO1b9wApWj6zkg2fqaU6uKiIhitWsuEzK9lwZS3lkx03k4GhoLZwYUkRpfOSRoNxRoaLSC03+jgxRPuDfYyUV9ByeR2NC4uCK0ae6KHbt1lbS+M8oKiE6vQimi9vorW5ikrfzYEeNj0DlNbS+pmVbLgiRVimuozmz3ixXpql2PGRbdz2030M+T4rqmi5spGWmtLgB6Kh7e38MFgUenxDh6F8SS1rL09TUx6e6d/6OLvjvQqCIAiCIAiCIAiCIGRl4piSvzDw8CZ++uxbkeNHnt3KPz786oz2RXhnkdQVd673UXn1juO/xCnuXDIZFdf1HpfsZh4nm7UGsOsp+kx/FhS/gX0Mf2rGyAVi7Puf4+yH2Oz7fm3tLf5843kpRO1xYcYVHI2Ly420j7g0x1GNS43HYj98zU8BbJ8ve6cy0xaz/iLtzff2+cKMyyVrXJH5inkfxGOs+/CxwoZ91zXWfQ4FsGu3749fZGgi9nOsh8j9bMyTE71/9fbG+nAs85X1frbENan9Isf6C+z7h/T1N13/CZzYv4s3/+4LJB+7lzmfvpFE1TnT5EkQjpGaS/nW51dQDLSU3s1f3nPQO1FCy+f8erOL4aY22ocAhuh7FYjUGU7SsO6zXFufSRa3NPVwy3/fQvcR4EgfnTtHaTi/yLwow0Qv7Z3DgZ3S6UDHAAAgAElEQVSmz32R9TWZTy0rd3HHjQ/QeQQY3kP7jlFqlqdoubiM9vsOAeN0PraNdTUrKAR6d+xjxLOUvvg8SoHurb0M+n285vNcmy7ybC/ybI/SuW0X65fUTqrt26OEli9+Iajn2/Se2/nqfZkk5cj+gwyymOr6OqopoPvOXd41Ro3nSY9bdPxTl6zhuo8tpjRIQPdq58svWcO3vEds1xz9Ed972MvkJ6pY/+WraJoHXFLKyDe3Zq6cGKJ/kMz6SNTS+rUq1pWWKn+d2khzRbjO9r7YB+kU6foqGHiNzb/uI6ORPoma+joacoxif2cPvX5ye2EjG7/clEkiX9JEy8PhmO7duo2+phbMVHL5Ja1s9OJbfX4x37mpiz6AIwPsHURLCguCIAiCIAiCIAiCIOTLsah/j+z+NT/qOBx7/kDHA/y04lNcUzO5wlXHpkQW3mkkdbkfYa1SL8USrempt5/qGsCOY0k4qf58P66j+wsaGPGYcfn+sMdlq/GaSU85gV/VfvCqxeUfdmJrlQaJXN8fMXEZNYCJsa+No+NE2gduzflSi8xa2sfVGI7Ml5EQj8wTZlzY43LVj8b6UxOS5vrzzTnhPGWaG3HF2A/iQbdvZgmnqgZwpPZ1cIHuN4jHMdZfTHu9O6p9Yx2a82S5ryLzpfoz7Jtx5b3+pn2/cOzzZbafBsZ3tHP0qQ7mrP8uhc1XT58j4V1OEQ1XNNFwsuXUvApsuaz0snRQ67RQVYDOqyJ9pv9hLsUxuduw/SKa6xWl8Lw6Ws7rpNtLGO59qQ/OX2y/dmAgUKIybxGNNcq5RC2Ny9rpfHwcgL6XX4XlKUob06R/tTWT/Nu1h+7RFTSyjY5t456dxTTXFwEH6TvgGxun9xe38tVfhuZHfGXy/oP0UzqJtrWZ+rvHSunZNJypfDzlJMBTqY6NB7XFs3IM46ZRXseGKxcrqluTIhrqwmuKi+cC3iCcuZC0Xwu6qCj28UPFiSG6HnqU7uf62HvIm5vxUA4+NDSUNcRc9B0Ir69ekdZiKa1fTPV9XewFOPQafaOQ0taxHh+lpZQDff5necqQIAiCIAiCIAiCIAgzxPgrnfxj2wGOZG31Fr1tm3jw85/i8jMKZqhnwjuF8De/WiIku/IzbK8o92IUfHb7ih+L/dCveZmq4Mui8Iz1m59iNqJY9RKqMSFEPwcdj1NUG/HEKDytPnIpMEFR0JoKSUtcmmLVEo/mN4dCN7hWtx+rMI57rxyMKGj9xlnWX6DwnKz942T9GSntSFzx9s3jORT9VvtZFMZ52tcUupa4pnS/8Nalvb0lrkjHphf36Bij//w1Jvbvouia786MU+FdhqEQzYPCeTGZ3fklWRKD+bVXE4YjR96Mv/YPhzzVrd1O6ckl4OlCg4Rh0Qqa0lvp3QlMHKTjySEa5u0J1KDlF9SRTgC8llGkeowdHiU+5TiZtm+TogIm97eaFo5l3FQWVORIYs+leF7MqfeU5lwfY8/cyw0/CR/PPPUMMKg8+ai01OjRfLWPwwwNYSjXs8QnCIIgCIIgCIIgCILwNnAcJ3/l7eDv+NGtz3Agn9+hTBxmy633UPif1rEyz98BOlNd/1A4IQkTwJ7Czk/ImApgX2jnqLkjUJKHXtJIVdz55iz2yWFfV04qOH5yL1R46gpGrbGieDTjirOvxxUqIQ3lpx+FpsBU/EWUpXpcYQ5OVz6GilmbfWUcI0pI+7hF7nNDaRlVSBqDYSiYtfmy2tfj0hS56jiCPl9+XBjz5RjjZ1t/SsdDxbbNvn/CZt8eVyAwNecrSDJb1l/Q3jEMWOYrYp8Y+9H7KrI+NIV0HutPNZDP+ov0M6qcNuOa1H6hmM9rv1DjMe+TwF3M+rPuF9PH2EP/jPv6q8y97scz41AQZoLDwwyBllAcGQmTvsXz5sZfe1oZ5fRlkpkWO0OvDwfv1SRfw/mLKd65hxFg77ZHacN/fHUZzRf7ys5TqSyHjPESVn/tC6w9I64jByfR9jjgGMdtZhiisyNM/qYuWcO1ly+mvAjY0cbn7+zLenV+VFB+OuDVpM4kuZU4Dw8pCfwSZnwIBEEQBEEQBEEQBEF415JwHI7m+QvnQ7v35Zf89Zk4TO/zf2RlxSl590UQknpCM0dNT5dIgiVASUDF1wC22w+UkDnt6+d9+7GKzNgawxYn+SoIFSWh311t/Ex/vvFscan+LIpMJSs4ScVqXFz+cVtcWeZLjScv+/rbbDVYs8WVc77UrKGtpqzySOzMssiicLess9j3vr98awAH9t087SvmXPT7yjZf2WoAx8WVbf2ZNYBdPVEbv1/E2TfO5awBnO+TCGLsG2/tSmf9/ppOxp/czJH/cRXzvnb3jPgThGnnyD46dgxT4z8GemIPndvDR/1Wn2lWX1WoqCCVgMGJjJ2u3VDjP854Yg9dveOhnbMVOzV1NJXtof0QsH8XHf7xpWmag2RfFakFeEndYbq6+lh7pd6Xof19sDBF6aTaHgcc67jNCKOMBPnnImrqvOQvw3TtPGi/ZF6Roooeon8AS61pndSCUujNpHn3butlqKkpmJuhnXsyj38GqKigOtdjzAVBEARBEARBEARBEKaIgoIERyfyy+qWXdDCfzr5VeKr/5oUc2ZNfslfvy+CkNRr1mIo62w1gG0JSVVZ5yeLdGWhT66anrnth8o9zR+mX929WYM1TBT7fr3LidrPtI6xr3Zb9ef9fyQuMyHpaL1RatY60QYR+5bxjKkBbFOOav7MAbPGlaOmrNW+EV9MDeCIctkfP3P9YcxXrH1zAdjsZ1kfht/Qfsz6m2QNYNO+T9T+JOZL9WfOV8Sv4Q/DfiQu63DO/H7BJPeLyLqP2S9miKNPdfDmDz8nSmBhCnmTvmd66DpgO1dE6v21VE5bEmyc7rtu53u7amk4bYjuR/ex108AJqpoXJbFcSJNS9OjdD88DIzT+eMf0V9vsVOWpmWpemGKlovLaL/vkHIsSdOFK7SatA2Xpinf2csgMPhwG199KUVDbSWlf+qn95k+9g6V0PKVL9C6YHJtZ51jHreZoJTy0/DUuaO03347YxelGNm1i66Xxu2XzE9RXdbF3kMAQ2z68b0UXn42pSVVNCyxX1LZVEe63asFvb+LG76/n+YPLoTndtOxO9T/ppsveHs1mwVBEARBEARBEARBECZBQUEBjMX8DsQkWc4555ZPb1+Edz2RGsB6mi2XojXTcqprAIf29UutCj4z4ZnVbxaFpNI+4s9UQmbxoSec7DV6tecSZ1UwW2Iw4tQS1kaN3mjf9HELagCrccX5yhi2Kj+1xeO/uETiiipWc8U13evPTCBnVzxnVZDmu/6y2NdCg0hcVsVq1riOrQZwPvbz3i+8dZP3fKkGLU7zUVRHxs9UTGfbL2aA8Sc3M/rTb0pNYGGKGKX711votp4rZe3Xa1k9ifrAk6K0lNT4EHu394SqSwCKaLhmDY05Es/VH1vD2n13s2k/MDEatZMsY+3nWqg2/mCxtDFN+ldbg9q/lNXSXKO34cwWrlt1gO88cIgxYOilPjpeUh9BPEzXtn20Llg0ubbHAcc6btNPEY2r6mjf1UPfBHD4EB0PZhL11YvK2LvvkOWaFKsvr6LjroOMAQzuo+3OfbCshVtjEsDMW8GGa/q48aeZx02PDRyk/T5dYVy6vIUN55dMYWyCIAiCIAiCIAiCIAjZSSaPn6Tr8dQXYfYIfz3oAI5fK1R5DY47wauDg+NkznlnglecaD3a0L7pXrXv+1XtO+j/U+0rnz370ceaO0Fcmj/PPhH7pl/VvhKX4SI8oNo34nKc4FW1H4xjJC6CV82ho/4z5smYLy2e2HEz4jLsa+NoroeI/ej6sM6X6kOLK1w4kfVnzpe6/pR1qNqPXX/mfKl9VefLUXwZ8xWNSx8ubdysceWx/mzj5n825wt9vmz3VWT9qfdvPvZV8tkv1LHLZ79Qxy7nfmGzb46mbZ4s8zULjD30z4x1/Gz2OiAIU0HRIjZ8bRUti0oo9L5NFJZVsfbaq7k2nUfyLVHF6i9/iY3raqmuSAYK3sKSEqovbOJbf/1ZVtvq8RbV0nB2+DF18QpsDzuuXPlZfnDDSpoXlVDs/7lbIknpwipa1l3Fxo8tOqa2s86xjttMcMZKrv/LRhoWev1KllDdvIrrLj0p9pLi5Vex8VrlmjwoTn+Cv7lxDa3Lyij1/9AgkaR0YYq1f341G9ellUdLC4IgCIIgCIIgCIIgTD8FiQTJ40B5mywooCAhj4AWwHF/UBIK/zAVfYpY1SdOoedCIH1VLZiPuFXsao9mjfNn9Wuzb1cS2uzbum+Py2bfUOiaylXTn2o/Li7VXz5xRXvztmoAR+Iympn2854vq/3sCt3J2TfJMV95xhVv3zzuL7D4+bKuP2Ndvh371vWXt30zcGOebMp3Y6BscWX1p9mZ7v3C7FCW9TcLOAWFzPtuB4mqc6bMZs/T+ybV/pST5mh/wAFkfY/6HiX1b7ZTXnMdM9/n8znX8Tgm235ecTJ3o3cbvW18/ieeOraijpu+vnLmH7M71Ml3buqiDyBRxYb/dlVOtbEgCIIgCIIgCIIgCIIgTDdvjY0xcmR0VvtQPK+IOYX5/pn98cWRkTwfoS3kRcJU3Bm/1g/Vqd5RU3EXaPkURakm5fM/a/b9PIJNeRkmEyKKUt+Po/QxsK8YN9xrcfn+YuJCiytsq/pV7QexYfhT4nKyxKWpW21xYYnLsG+OY1SJGzNfmn1Hs2+dL2WOo+vDFpexlrS4sMelnTLmyZwvNR5zvlDis82TZdwgaj+iKbWsj2CAVH/auBn+zPlS/6f5NcbcYt+6/oz5UkdImy8/Htt8Re5nY85s689iP+v6s43blO4X/rgZ86Wu8VnEPTrGWz+/aXY7IQgnIH2PPI3/gObiFXWS/BUEQRAEQRAEQRAEQRCOC+YUFs6q+rYgkThhk7/C1BOuRBdN/uj6ry7gKp/9/7lhPVFXvcZ17ao/zb7iJ2LfP+56x9X/eW0NvwAUngQnV+OkmuCUaphzUt5xaR5M+37f3Bi1oRmXqx63x+W6RjzWuCw2s9mP9NnV/cXFhRu1r/7T/EavzUyTsiZsbdRX1a7NrxG4tj7U+cqy/vx5cidr/+2sP6t983ju9efH5RIfV7x987gtLvR5io0rmPJJ29fWnxHXlO8X/lhp91WW+XKz2Z95xne0M/74ptnuhiCcOEzsouPxYe9DCU1NtbPaHUEQBEEQBEEQBEEQBEFQmTt3zrvSt3D8ET7f0lfheY9IdfBeHe8185J5DdoDrq7ZdD3lXeSRsIZ9ctgPlIxmksY74bqOZ98h0fxdWPFFPRTA3fZ3uL+5ISauOPt6XEE8nnAw8gjaoD1KAOGrE/jV4wqST5pk04sr1r4yjqZ9xzBnjGOAa/hT50v15ztzjXjU+bLa1+MK7RvjSDieWlz+Gdfw5zezrT+l44E/q33/hM2+PS4nMKTHFax3My6tvWMYsMxXxD4x9qP3VWR9KHHltf5UA/msv0g/Vfv2uCa1Xyjm89ov1HjM+yRwF7P+1PmaZd66/wckL1g7290QhBOCoccep/OI92HhubQsmNXuCIIgCIIgCIIgCIIgCIJGYTLJnDmFvPXW2Iz6nTOnkMKklLQTQpyJH5S4WsIHIokmjbiEiZmAMhJ5WjPDvpb4yWrfPO/grLkD530fz3zs34b7YjvO2S1QuSJz2e5f4t63PpoQtNmPYIkniCvaLWuCOJ+4VH+RcTPGz2LfmkDLy68trizzNWn7JlH7+cR1bPaVeJxJzJd1ncX5Ve3nOV+Tsm90OJ/5ynZf2fxmW39OjP1oL2Zmv7CFMVX38ywz9wv/i+RFrW/bjtQAzo7UABYEQRAEQRAEQRAEQRAEYSZ4Y/gI40ePzoivZEEBJ5XMmxFf04nUAJ5aEkGNUv/VOxGt6Zn5Zb9Zc9M7ylTU9Mxt33v1j5/1oSD56275r0zc+SHcR7/HxM8+hLvlv2b81HwcZ9GH/DSFYt+MywkSHHE1gPW4lHjMuILxtNVe9V+NeHw/5ripxiP2Tb9R+9o4muOp+ov4zWIfW1w2+2brqP1IXNopyzyZ8xVrX4nHnC/MuAx/Fr/2uFT7ht9J2o+sB+u6zzFfRnci68+cr1zrL85+3PqzxRXcb1OwXyj3Yl72I+tetW+fr9li7Dc/m+0uCIIgCIIgCIIgCIIgCIIgCFNEcfHcGakHXJBIUFw8d9r9CCcekRrArvIRW81N7/+nswawWtOToJpntKanc9E3M1f9fBXu9n/Q7Lvb/wH356sAcJq+qfsz/GpVQzW/St/i4goHC79Z8GrUKg3iM2vlumhxmTYj75V/wXypc6HWQlXjibQxjSu2rX3IUVNWna981octLu3UdK8/f56wxqWuD9v608Yvxr5+PHcN4Mj6s/jNP65jqwGcj/3I+rPEFfibzHypBvPZLzT7lv3Csu6zxjVLHH3+CY6+2DPb3RAEQRAEQRAEQRAEQRAEQRCmgITjUFIyj2RBwbT5SBYUUFIyz1N6CoJOmABWlHWBWg5VcReqEUMFpqHKBEVJGIoIQ/ume13Rp2khfVWfro8M7c+ZD1XnwxuvwP7OUJWo4PY9mjlfdT7MOSn056sCI/ZNv0rf1Lj0EJQDqn0jLkWNqNrX1Mj+tZ5dJ2Jf+RyxH50vLZ6I/Zi4DPvBGYt9Ivaj6wObX9WHFle4cCLrz5wvdf0p61C1H7v+zPkylKWR9WGZr2hc+nBp42aNK4/1Zxs3/7M5X+jzZbuvIutPvX/zsa+Sz36hjl0++4U6djn3C5t9czRt82SZr+OE8Sfun+0uCIIgCIIgCIIgCIIgCIIgCFNEwnE4qWQec+YUTrntOXMKOUmSv0IWkrhkEi2KSs5RX01VqtZewSWTUXFdXK+B6zpkrwHserU9TX8hzoU34NS0QtlieHUHvPAvuI99D+f0ukyDQ3sUhZ+y0F3AcXEPvYBz0hlwRh30deJcdAPOOR/NfB7cjfvSw0w89NWYuIx41Fdre0s8fmfi1Iamv8B+6A8zruCoPm6aP6t95ZBLfFxqPBb74SuR+dKd2Owb82R0KjNtMesv0t58b58vzLhcssYVma+Y90E8xrrHdYIWmn1PBRuue6vIVXlvt++PX2RoIvZzrIfI/WzMkxO9f2P3C8VvrvUX2rHENan9Isf6C+z7h/T1dxwJgAE4uuMh+PSNs90NQRAEQRAEQRAEQRAEQRAEYQopnltEYbKAN998i6MTE2/LVkEiwdy5cyhMJqeod8I7laQu9wPHSwQ5XorFcfwEmvdqtA8SWY7/6p8IVY8qjqseDu07ruEPcP7sAVjYFF58ej3O6fU4p3+Aifv/HGf8CJTX6tJBP6vjuy+vgfEjcOAJnE/cjbN4dWivvAanvIbE/AW4964Luh0knLx4Mukp7zWIS/eDFlcQQRAXfpxnXULiyn+E+ZVYGTuC+4ddTDz2Q9xnNwUdKrj6PpxFl+L+YTdH//6CjP7xA58muepvwD3KxEM3MrH9pxl/jhMZB4DExf8PiX/3X2Hkj4zf+wV48eFMPP4EGu2t8+XZj8yXkRAPx9EYP0eZJzUD6hj+/PFT15+akDTXn2/OCecp09yIK8Z+EA/GOjeyhLb1oQyQkvzVDwf3laOPm2MmWA2/QTyOsf5i2uvdUe3r6zAyT+Z8OZb5Uv0Z9s24bOsPbdymfr+w9TMcN8Of2f44YOLgHtyB3+NUnDXbXREEQRAEQRAEQRAEQRAEQRCmkMJkksKTkrw1NsZbb40zfvTopK5PFhQwZ06SOYVTryYW3plEagD7H3zlYLSWaFjv9e3XYLXXeAUXPviNTPL34BO4v7qGib+Zj/ur9ZnLzrkCp/EruC/9ForLcc7/stW+c/6Xobgc9/e/xbng+iD56963nqPfew/u//kk7su/w1myGqfpG4Q1WPV4fFGjVW1o+nXV47YarMoFfzqA++oz4b8/7AZ3AqeqgYIrfkBi+V/oNk2/PnNLcT7waaPPbuDPdV0oq8ZJ/3tIztXjsqld1X+aPzdyrVkD2LW1UV9Vuza/RpDa+lBr5mZZf0GZ18naN+cpiMeIy/Abb988br+vNB+efZf4uOLtm8dtcUGuGsDa9ByDfW39GXFN+X7hj5Wrrr8s8+Vmsz/7HN3z5Gx3QRAEQRAEQRAEQRAEQRAEQZgm5hRmHt08/6Ri5s0tYk5hkoJEwisjmsFxHAoSCeYUJpk3t4j5JxVnHiUtyV9hEoQacV9FayghQ8UdoYAwaE+o3PMfq6oq7nxzFvvksO+Unpmxt/3v4LlNGf3oc7/M1PNd/p+hbAk8/j+g+qM4l94Ebx2Gnh8H/py6z+H8u5syNn73Nzgrrs283/Z3uLs34TgO7r5/w0kk4d9/EMqWZHwYcYVKSEP56UehKTAVhWVEWer1KyiAC+7e3zDx6/+iz0h5DYlP/Bjn9KU4y/8cev8PvPWGMW3qRHhHKpeRaPwCE13/mPnsj4PnOHHeZ3HKFwdT4W8mUYWk4cdUMKvzpdgPCObbtG+MI+F4Bp1Sz5jKUr+Zbf0pHQ8V2zb7/gmbfXtcgcDUiCuYQzMurb1jGFCVq3H2ibEfva8i609TSMetP7W9YsAx/GGzb/Yzqpw245rUfqGYz2u/UOMxlNA+setPna/jiKO/f5rkRa2z3Q1BEARBEARBEARBEARBEARhGilIJCiYkwAkqStMDwlfkGpT1kUUg67ln6rwA11x59kM1HYx9rHZn1eeafnyo4p9F3egN9PzuSfjHtyG++h3AXAu+1uca58n8enNJP7yeZyWv81c37kRDj4Jc+ZnPh/YpvmZ6O/O2Cs6yRKXEo9FSegG44Yel3oNRGJTWhvjCe4fduE+/y9w9C2ckypwFqyIKhVtatA5xTjLPoU7pyQyL5S/D+d9l0NBoeeXUJEZiSvLfPl9NOc9bj34KlrX1exray4MKTJu2vqLsa+tDdt8+U7UeYqJC9NmxH50vgJbyjiG82WzzyTsu8G9EbmvzPky+mBdfza/ZjzqOEbsK+s99n7OZt+I0+xznusP084xrT9lvo4jJg4+P9tdEARBEARBEARBEARBEARBEAThBCfhC1KDV+9EWHMzoxbNnFY+e/+8o+C1yTTIXIv6OYt9bPb/+EKm3dL/oNh3cD7gPQb6jy9mFHyPfY+J//1hePl3MDEOqYszry//jon//WHcxzZmnPr2PvAfvL5n/CTSmdq/HNqbiUeLy+ubY4tLiceMKxhPS1yENoK4Ar/euTcGMjEUFkPJaYoqlMC3prwdeQ1GXsM5fSkFF13n+fH+5zgkGjfgnHIW7qEX4a1hPa6w5/p8WeNS4onEZVkPjtk6ah/NvnnKsv4Cv7ns68rWyPqz+vX8Wfza41LtG34nad+x2g/XfV7zZXQnsv7M+Ypbf9a4jHiy3M/Ttl8o92Je9v3P5nw58fM127iDL892FwRBEARBEARBEARBEARBEARBOMGJ1ABWxH6YSkJfRRcq7MJjVkWiSih81Q7G2n9hMwBO41dg7V04C5twPvUALPhgpmXPrZlrkvNgYhy38zu4D/xH3J+vyrx2fgeOvpU57wJ7PHuLPkziqs2wsAnn4/8b54KvZOzt+bWitDQUg9niCgcLv1nwalNIaqOLXZFYUQPJuTD6Bgy9bFEAG2M5/hYTz7eDU4BTcwVOWXWghGTRxTg1q2F8FHf3v+iKVbPzpm3XOG7OtReXqvjE95vP+jDtu/rH6V9/iqLVEpeqoI0oSI25jLOvH4+3H8yXuf4sfvOPK8d8vQ37/vGc+4U7yflSDeazX2j2lfVnjrXqL1tcs4w79IfZ7oIgCIIgCIIgCIIgCIIgCIIgCCc4kRrA0Zqe3mvm5W3WAMZIuqj2fb8eL3fi/uwinD97AOecK+CcKzLH33gF9/6rcU4+C+djt8Np58YGF9h69SncR77DxI8bSVx5B6SaSKx7IHPuzSEm/rkJBno95aDez7AGsBKXGobWXonHjCsQODrBRU7w2fv0niqcxv9M4tx/D46D+8pTuPt/FxUpWkSL7nObcReej1O+GOe8z+I8+NcAFNRdhTP/dNx9j+C+0hteHheXZtufQH/ijfVAKBQNO6L30cW3b/iztneChROOm74upqYGMNH5Ima+tPZhwNG4FH+K/cBAJC4jHmXI1X5GawAb8Wntw/mKu6+cyDjoit+s9iP9zLFfqP7y2S+ip7PsF3H29W5GawBb5ut44s3h2e6BIAiCIAiCIAiCIAiCIAiCIAgnOEk9IeZ6H5VXVRXoq+a0DB7hOS8B5XoNXFdJIKrN8PNhrpf4Mf15vPoU7l0fxjljObwnBYd24+5th1PfR2LVP8HcU3B/3wGDu2D0dc0PLjCnGE47F2fRSpwr/gn3nrUc/cnFJN53JZxSjTvUB/3bcQd3x8RlxKO+Wttb4vE7EygbQ+mhU381BfVXW6bFxX15GxP/9u3I+Knm1KPukT/hPv0LnKYv49RcAU9vwpl/Os7iD2eS3Nt/CqeeAwWFEcVnJC61H8q8mHFlTaD5CdCIff+zrb1n141Zf5H25nv7fGHGFYxfHvMV64swHmPdq1lTzb435uG6t0Sm+bLb98cvMjQR+xaVtxmLmbBW50lJKGvX2PYLxW+sPzNOW1yT2i9yrL/Avn9IX3/HW+4XwD06NttdEARBEARBEARBEARBEARBEAThBCcZSgO9F18ZaSj6QiWo3l5V7vkKu8wJXVnooyv3bEpZz88ZDTgNfwmLLoO5p4TXjwzCm69ljj26MVPjV8WW1bnoBpyLbiBxxa0w92QoqQhDGBnE3fMA7NmM+8KDmjJQV6yGSkI1flN56Ginw7hCBa0TXvSnA7hHXtf7+nof7p4Hmei+I3Rg5ktthxyYeOx/4Sy+DKdyGYm6dTjvqYTiU3GfuQ/36XtJfOibqLVXHU9hqitBDbvmfMUodAblursAACAASURBVM2EeDiOxvgF60Nvr68/ZfwMBa25DtVEqjZfrhKfGleMfVPJGq8oja4PZYAwJNSG0jdeIR5eoPuNKtDNCTLi0rqj2tfXYWSezPlyLPOl+jPsm3FF2vvdnK79InCg+40qjM0OcVzhFBTOdhcEQRAEQRAEQRAEQRAEQRAEQTjBCR8BPQnlZ9heVSTaFXx2+4ofi/3Ehd+AD37T3uPi8sy/kUEmHtuIVeFp+HU7N+I0/Ec4dYnVnrPsGlh2DXRuxH1kY1Sx6jgRUWhsXHEKSf9VUQBP7P0NE7/6op7YxDJ+NsdmYtIFRg8zsfMeCsrfRyL9CXAKcA+/ytFtt2f8usqlSh1VLWmZVVGZQ6EbXKuMW2R9xMSQz/rQ+uz5say/QOE5WfuRdW9eptrPojDWXej+iN5XWiMlLmLiirdvHs+h6Lfaz6IwztO+ptC1xDWl+4W3Lu3tLXFFOnacMbdktnsgCIIgCIIgCIIgCIIgCIIgCMIJTqQGcFBDFFOpSCggDNqjJA+9pFHWGsDRRGfE/tkfDZK/7kNfgj2/gpHBsMcLm3A+9QC8tjtQeOoKRjU8RfH4h12QasK9exVu36Nhk7mn4Cz/TzhNN2T+7W2H/u4gLlvNUF1x6o+D4S+2BqsTjJUTfCZQPsbWYNVQJwIoSOIUleDi4Hb9I+77Popz9qUwcRR3589h3yMZP4oY1vc7fTWATfvGOII+X/76CBKqhj+/mW39KR3Prwawzb49rrgawMF6z7cGMMZ6iLVPjP3ofRVZf5pCOm79qe0VA/nUAI7001YDWI9rUvuFYj6v/UKNR7sPQ2LXn3W/mH2c0tNmuwuCIAiCIAiCIAiCIAiCIAiCIJzgJPWEZo6ani6RBEuAkoCKrwFstx8oIV1wzr480/Kx7+Lu/GfDvpr39PqWTZEZUzPUVbM+Rw5lFMKH9pJYcxtOwwYmfn2td9KiIFSUhG7oLUYBmb0GsIur90Wzb8SjjbWrH03Og6LS4PjEE7eSKFsEY0eY2HlP6MMNeoMbWwM4y3yp8ajzYsPSJFsN1mxKXKsT1/beMl9BxjRsaiqYo4rSOPtmVzx/+dYAjlOsxtpXzLno95VtvrLVAI6Ly4xHXX9mDWBXT9TG7xdx9o1zOWsA5/skghj7xlu70tlyf80iTvl7Z7sLgiAIgiAIgiAIgiAIgiAIgiCc4CT1mrXE1tw0lYU+U17TM3VJpsHTP8NxnIh9VSGp+cP0q7vXFJCOmij2Xg90Zc6nLjb8hjVsrfaNxHTOGsD6WYgoVo2OB4Grg2hJWXlxOa6Lu3szR3dtDk958fg2Hc++ViPXHDBrXDlqyjqW9aAlDNX1oZhRx83/7I+Quf4Cv56ZWPv2BaDbN/0q/gy/oX0jrmOsAWza94naN/1mmS/VnzlfEb+GPwz7kbiswznz+wX6fpHTvp//N+fLvJ+PExJVlsfUC4IgCIIgCIIgCIIgCIIgCIIgTIJIDWA9zZZL0ZppOZU1PTm5OnPmTy9HLnVxdAUwRBSeufwGqldTITn0UqZBaSpQzMYqIbP40BNOFoWkcoHf/3gFsz0Ga6x+XKDUyjXaumpTtS9OpI31vaOvg7gawP4hu3Ja8RfnK+jVdK8/M4GcXfGcVUGa1/rLT1Gtrnc1LqtiNWtcx1YDOB/7ee8X3rrJe75Ugxan+SiqI+NnKqaz7RezTMFZ5852FwRBEARBEARBEARBEARBEARBOMGJ1ACO1vT0FXeEgrugPYqCzvE+ZqsBjJF4iSqAgzOG8lDvp3et6k9R/GmNHdOul0g2FKHaVeojgx3Dj2vkp7S4lHhMZbPf7qVHOPqD9wcGHEORaKtVCnD0p1dGxsB96h7Gd/4cNQVn1khVc2sTHd/l6G++qys+p60GsP/RrMHq6OOntQ8TdOG4+evRa2Zbf0rH86sBTHS+sM9XXA3gaFyKP8W+pvR1YuwbQ672M1oDOFuN3nC+IutP737UQD41gCP9zLFfqP7y2S+ip7PsF3H29W5GawBn2y9mn4LF5812F4QTgFf/8Ppsd0EQBEEQBEEQBEEQBEEQhBOY0087eba7IEwzST0hlofCM06hpySg4msA64k5s1apoxh1zcyMmYD21ZMRRaba3l4DOFS/GvYjvh2L/bAGcHQc8qgBnMWvppDMoci0zVO+NXr9KY2NS43HYj8ynrFx2ewb82R0KjNtU1gDOMik6u2zxRWZr5j3pkI8Zw3gSI1eS2SaL7t9rYay1j5LDeC4WMyEtTpPNuV73H6h+M21/kI7lrgmtV/kWH+Bff+Qvv6Os9wviarFOBVnzXY3hBMA+XImCIIgCIIgCIIgCIIgCIIgZCMZSgO9Fy8RZCr6QiWo3n6qawAH7UwFsKn0w9H9YW9vqwGcUQHGxOX5ttUA9pWE1v4YikTH72NMrdIgkeuPGwT2I+OoZgpj7GvjqD7i1si1RmukOuEBS3trDWCLQtdMiKv2tfGLqQGsrz8lPkNBa86XrQZw4NexzFeMfVPJarYPxi+Iy1jvk6wBHLfuTb9RBbo5QUZcWndy1GxW4zHny7HMl+rPsG/Glff6e7s1w2Puq2B9RBTGZoc4biiov2y2uyAIgiAIgiAIgiAIgiAIgiAIwjuASA1g/0N2haTfXlHuxSj47PYVP4b94Iwb6jdDLDWAbQrPLH79a2IVkhCoGHUlZGwI0c9Bx+MU1WE82RSeVh+5FJigKGhNhaQ+T5lkmKsnLbMqKnModINrdfuxCuO498rBiILWb5xl/QUKz8naj6z76PqbiRrARko7Ele8ffP4sdUAjlUY52lfU+ha4prK/cJWAzjEElekY8cPyfPXzHYXBEEQBEEQBEEQBEEQBEEQBEF4B5AI3jko6ju/ZqhXq9RxMke8VwcHx8mc884ErzgOpijSZp8Y+/ypL3MmdbHuL7CPfq1yPFKPFsfwqyo/9XgSqYszDQ4f0OLCido3RJBan8LGyrXqKDneP/+Io7yq8VjtE2/fCe0H46n6M+fLUeJzLP7M+QoUmGSxH40LMy5/HM358v2Z69D3Z8yXFo85X7H2/fc2+9G4An9mXI5lvhzNrD5uSlzW9WeLK2I/el9F1oc5X7nWn7kecq0/y3yF9qNxTXq/IGpfPxOz/iL3lWOxr8yTOV/HAQVLzqfg7LrZ7oYgCIIgCIIgCIIgCIIgCIIgCO8AkvojdHPU9HTJrgg0layRGsB2+4ES0gX6t+O8J4XzZw9k7/nCJpyv/imSm8qV03GueiBrG/fZX+RdA9gfDm38rIrpOIUixnHVvr0G8OQUq7YD6nFbXFnmK1axmj0uN3hV4zIEwFnisjqxqnst82U8EtumYI4qSuPsm11xrAru2BrAcYrVbEpl35yLfl/Z5itbDeC4uLKtP8e0j7bO4veLOPvGOZvyPY/1F30SQYx9461d6RyjQJ5hCj909Wx3QRAEQRAEQRAEQRAEQRAEQRCEdwjJiKrVy5aYNTfD2qu2hCRTVwP419fA4f8O7/skzF8wlbFmZ6gPt7+biY5vEVcDGMCsleuowwKGmtGJ1gA2E5L+uHnXuOa4GTWAc85XTA1gtYSuNl9BstL0a4vLyV5T1mrfiM+wH4nL/+yPn7n+Ar9KXFb7RjxW+6ZfxZ/hN7RvxGXKcvOsAWza94nan8R8qf7M+Yr4Nfxh2I/EZR3Omd8vMPaLXPYj694YP7Om8iyQWFhL8qLW2e6GIAiCIAiCIAiCIAiCIAiCIAjvECI1gPU0Wy5Fa6bllNb0BNytfwW//StLe0si0Ex45vAbSQhZ2kcUg6YSMosP3b69Rm8ok3TiFYm6EDI+HtREl1kr1+ybPk9BDWA1rjhfGcNW5ae2ePwXl0hcUcVqrrime/2ZCeTsiuesCtK81l9+impt/anzRY75isR1bDWA87Gf937hrZu850s1aHGaj6I6Mn6mYjrbfjELzFnzpdnugiAIgiAIgiAIgiAIgiAIgiAI7yDCBLChGAyUdoFCl1BwF7RHUdA53kcnorzT26vuowpgh2ztVftOoOgzFX+qfVNpGfjTlJn6Jarf0L4Sl9otrb1q34jLFDgG42KMn2vEE2mvd9aJxKXMV6S9bdyMuAz7ppLTtB+po2r4dYmZL2v7MEEXictvZlt/SsdV+9p6UMcx6IBqP2a+zISkdyIal+JPsW8qv632jSFX+xkZN9eIT2tvWefGfeVExkFfmFntR/qZY79Q/eWzX0RPZ9kv4uzr3ZzcfjHzJOtbSF6wdnY7IQiCIAiCIAiCIAiCIAiCIAjCO4qknhDLQ+EZp9BTElDxNYD1xJxZqzT0Z0HxG6eMdBU/eMpAqxI3UF7a7YfY7Ic1gKPtp78GsK68PLYavf6UxsalxmOxH75mSaD5CVCL4lObJ6NTmWmbwhrAQSZVb58trsh8xbw3FeI5awBHavRaItN82e1rNZS19llqAMfFYias1XmyKd/j9gvFb671F9qxxDWp/SLH+gvs+4f09TfLuV+cgkLmfPrGWe6FIAiCIAiCIAiCIAiCIAiCIAjvNJKhNNB78RJBpqIvVILq7ae6BnDgz8fP0ihmTUWf3sCIx4zLUHyacdlqvGbSU6GSULVvKg9z1gA24rLVYI2Mo5opjLGvjaOlBnDg1pwvU2pstI+rMRyZLyMhHpknzLiwx+WqH431pyYkzfXnm1MVn45lvmLsm0pWs30wfpb1oQyQkvzVD0fWn1n7OrhA9xtVapsTZMSldSdHzWY1Hst9FZkv1Z9h34wr7/U37fuFqTA2O8SsMWf9d0lUnTN7HRAEQRAEQRAEQRAEQRAEQRAE4R1JpAaw/yG7QtJvryj3YhR8dvuKH4v90K95margm84arHo8rpdQjQkh+jnoeJyi2ognRuFp9ZFLgQmKgtZUSFri0hSrlng0vzkUusG1uv1YhXHce+VgREHrN86y/gKF52TtHyfrz0hpR+KKt28ez6Hot9rPojDO076m0LXENaX7hbcu7e0tcUU6NjsUXvYXFDZfPbudEARBEARBEARBEARBEARBEAThHUmkBnBQQxRTqUgoIAzaoyQPvaRR1hrAasInu/34Gql+ci9UeOoKRq2xong044qzr8dlqxmqpec0BabiL58arFqgSlyx9pVxzFFjOL5Gr+Fv2moAm/aNcQR9vvy4MOZrWmoA2+zb44qrARys93xrABMzXxH7xNiP3leR9aEppPNYf6qBfNZfpJ+2GsB6XJPaLxTzee0XajzmfRK4i1l/1v1iZkiet5qia747844FQRAEQRAEQRAEQRAEQRAEQXhXkNQTmjlqerpEEiwBSgIqvgaw3X6ghMxpXz/v249VZMbWGLY4yVdBqCgJ/e5q42f6841ni0v1Z1FkKlnBSSpW4+Lyj9viyjJfajx52dffZqvBmi2unPOlZg1tNWWVR2JnlkUWhbtlncW+9/3lWwM4sO/maV8x56LfV7b5ylYDOC6ubOvPrAHs6ona+P0izr5xLmcN4HyfRBBj33hrVzrr99d0U/CBZuZe9+MZ8ycIgiAIgiAIgiAIgiAIgiAIwruPpF6zFkNZZ6sBbEtIqso6P1mkKwt9ctX0zG0/VO5p/jD96u7NGqxhotj3611O1H6mdYx9tduqP+//I3GZCUlH641Ss9aJNojYt4xnTA1gm3JU82cOmDWuHDVlrfaN+GJqAEeUy/74mesPY75i7ZsLwGY/y/ow/Ib2Y9bfJGsAm/Z9ovYnMV+qP3O+In4Nfxj2I3FZh3Pm9wsmuV9E1n3MfjEDJM9bLclfQRAEQRAEQRAEQRAEQRAEQRCmnUgNYD3NlkvRmmk51TWAQ/v6pVYFn5nwzOo3i0JSaR/xZyohs/jQE072Gr3ac4mzKpgtMRhxaglro0ZvtG/6uAU1gNW44nxlDFuVn9ri8V9cInFFFau54pru9WcmkLMrnrMqSPNdf1nsa6FBJC6rYjVrXMdWAzgf+3nvF966yXu+VIMWp/koqiPjZyqms+0X00ThZX8hj30WBEEQBEEQBEEQBEEQBEEQBGFGiNQAjtb09BV3hIK7oD2Kgs7xPmarAYyReIkqgB2ytVftG7VRFcWfaj9SAzioZeu1MBNBht/QfrZapQQJrtC+EZcpcAzGxRg/S61Svb3eWScSlzJfkfa2cZuuGsD+x5j5srYPE3SRuPxmtvWndDy/GsBE54uY+TITkn6t3Ehcij/Fvqn8tto3hlztZ7QGcLYavZZ1btxXb6sGcKSfOfYL1V8++0X0dJb9Is6+3s3J7RdTj1NQyJz136Ww+erpdSQIgiAIgiAIgiAIgiAIgiAIguCR1BNieSg84xR6SgIqvgawnpgzlbihPwuK3zhlpKv4wVMGWpW4gfLSbj/EZj+sARxtP/01gHXl5bHV6PWnNDYuNR6L/fA1SwLNT4BaFJ/aPBmdykzbFNYADjKpevtscUXmK+a9qRDPWQM4UqPXEpnmy25fq6Gstc9P4a69NxPW6jzZlO9x+4XiN9f6C+1Y4prUfpFj/QX2/UP6+pvm3C/J+hbmfPpGElXnTLMnQRAEQRAEQRAEQRAEQRAEQRCEkGQoDfRevESQqegza+X6r1NdAzis0evhZ2kUs6aiT29gxGPGZSg+IzWAFWWgphgkVBKq9k3lYc4awEZcthqskXFUM4Ux9rVxtNQADtya82VKjY32cTWGI/NlJMQj84QZF/a4XPWjsf7UhKS5/nxzquLTscxXjH1TyWq2D8bPsj6UAVKSv/rhyPoza18HF+h+o0ptc4KMuLTu5KjZrMZjua8i86X6M+ybceW9/qZ9vzAVxmaHmHISC2uZs+ZLJC9YO/XGBSFCL7dc30537PlS1n59A6srZrJLbXz+J300/Pn1XJueQb9TgjeeNZfyg8+voNja5ESOTxAEBrZw4/d76I9tkOLam1tpmMEudf/0Zm7ZOfN+pwR/PJe1cOs1OTbFybQVBOG4of+h27jxwaH4BjN+Tw+w+fs/YxN13PT1lVTOoOcTgsN9dLZvZfP2AQZHM4cK55dRs6Ke1svqqCya3e4JwruBzHe7afpZ3Ps+xeVXc9NlU2RcvqMJgiC8Y4nUAPY/ZFdI+u0V5V6Mgs9uX/FjsR/6NS9TFXzTWYNVj8f1EqoxIUQ/Bx2PU1Qb8cQoPK0+cikwQVHQmgpJS1yaYtUSj+Y3h0I3uFa3H6swjnuvHIwoaP3GWdZfoPCcrP3jZP0ZKe1IXPH2zeM5FP1W+1kUxnna1xS6lrimdL/w1qW9vSWuSMemjoIl51P4oatJXtQ69cYFIRelKVo/tpjSyIkiUtGDQi52b+Xmh6r41mVVs90TQRCmizNr2XCx7R4vpXrGOyMIgnD8U920kuazLCfKUjPel3cV+7u47ZEDlC9bydqlOb7Yv7KV7/ztNvomiqhemqZ5WQWlhwfofupFeju2cOMju1h/41U0lQAM0fvAFrpeX0DLukYmPYuHe9n0qz0MnrWCDRfKGhAEQRAEQTgeidQADmqIYioVCQWEQXuU5KGXNMpaA1hN+GS3H18j1U/uhQpPXcGoNVYUj2Zccfb1uGw1Q7X0nKbAVPzlU4NVC1SJK9a+Mo45agzH1+g1/E1bDWDTvjGOoM+XHxfGfE1LDWCbfXtccTWAg/Webw1gYuYrYp8Y+9H7KrI+NIV0HutPNZDP+ov001YDWI9rUvuFYj6v/UKNx7xPAncx68+6X0yeRNViCuovI3n+GgrOrnt7xgTh7VBURrq+ThQQU0jfgw+wKb2BtWfMdk8EQZgWTl5IY70oHARBEPKl9Jw6GmXbnHle76Nrex+Vp42ydmm2hqN0PbCNvvFSVn9N/w7beAlweA9t7YdIl4Tt+3r30TVwlIZjSQAfGaB7+z76xxez4cLJXiwIgiAIgiDMBEk9oZmjpqdLJMESoCSg4msA2+0HSsic9vXzvv1YRWZsjWGLk3wVhIqS0O+uNn6mP994trhUfxZFppIVnKRiNS4u/7gtrizzpcaTl339bbYarNniyjlfatbQVlNWeSR2ZllkUbhb1lnse99fvjWAA/tunvYVcy76fWWbr2w1gOPiyrb+zBrArp6ojd8v4uwb53LWAM73SQQx9o23dqWzfn/ZcAoKYW4JTulpOOXvJVG1hIKzzqVg8Xk4FbY/gRcE4YSnopTU4BCb/76N1A2tNMyb7Q4JgiAIgiAIQjZepHcXUL6IRtsfMM5fTOsnZ7pPgiAIgiAIwmySdK57AwhTIHGvU8VM+REEQRAEIcSvMbnhrxaz+8db6XxlHJIlpD/8ETZcVkH/Q/dzW8dBBkehsLSK1v94Fc3+L4+COkNXcV3549zyy330DUNhSRmNV65m3fIKCrM5nzhE1y83s8mvRZZMklq6nHWtTVTPA15q54Yf9jK49FL+/i9W6LYOtHPD/9fLyPmr+MGnagEY3PEAtz2wh72HxiGRpDJ9ARvWNZJKKtcd2Ud722/Z/MwhRsahsLSC5k+uoTXXo/MAKhu5ftVubvhJH3e09VJzTdpeD9hnfIDujq1sfvQgfYfHASheuIh113yCxjJzDD/Beh7nln87yNA4FJ6xiPWf+wSN9HDHT7fStX+csUSSygta+MYnazW/I/s6ueO+7fTuH2cMKF2UZv36FtLzc4ckCMJkCWtMfuPPYPPPeugdAopKaWr9BOuXQVfbfdzV7e0xZ9Ry7RdXkfb/YCSoF/4FWl5R9teyKlZ/ahWrz8mxFxl7GEUlVC+/gA0fr6M8ASNP3M2X7jlIeXMrG6/QdVtj2+/mL+86SOrKz/KtS8qie3BRKQ1XtLDhwpS2307pHnOoh7vuepzOfcOMJZKULzmXDR8+BjuCIJw4vM3vOkE99P+2gv47/5XNzw8zRmb/WP/pldTk2IvMPaywrIKmVatZV18GDNN56z9wx+4SWr7yBVoXqFeO0vXPP+K2Z8povfGztIzOwHe2YKxaua5sGz/8xT76/f15zSquvaAK6OWW69vp9i7pf/BnfP5BoCKu9nEJpfOBwX10vULWp9jodZ37uOX6mwFo+PPruTYNQ/u72HzfDrr2Dwf/DUo3f4QNly2i2P/v44B3+c52Pn99O+DVsvf++1dp1ie1HT+yj813/ivtL2T8FJaUUHP+paxbVUt5IttsC8IJRl73fMjYYA9tP3+czpeGGZvI1PFOf6iJdU22sk/+Pendg7mOT+I7Wl4/dwuCIAjHNQXf/va3vz3bnRAEQRDePq8MvD6p9vPmFOA4TvAPyPoe9T3hw8Uj7ZTXXMfM9/l8znU8jsm2Lyw8EX7rMMC29r30zzuNhrpyCt8aZVT9N+4wd07mp7P+nb9j26tvsrunD2oa+OQFZYy89DLPPruHPS8+x4O7Jjjvsgs579Qh9r4wQPfOQZZc+j7KHWB4Hx2PvsLY0YM8vGOURU3L+ejSEv74+/3s3P4UvclzuPRs73lyA8/yq54hKusu5LzTgYmDbP6fP+OuZ4cpXZzmo5cvYUnBn+jd8QIdXa+w6MJaTj/1FCZ29fDsC4cpvqCe6rlhhL3/8ms6DpzM2s9dRvVc6N9yG3/9i5d5Y/57WbNqBY0Lx9jb1cvmZ8Y474NnMR9gdBe3ffd+2g9MkGpcwScvfS/zB15iy2+fYuC9y2ioiPuJ1RvPM6r5ZMuFvPe1nXTueJ5ns8UH9D3wM27+7euUnlVLy+Vpzqs6yu97XqJzuxdfMhzDof4X6XztPbRcvoL0SYfY/dwrbHtuL3seeZr+BR9g7SVnUPDqQfY8t4c9JTU0pTLZpLFn7uXr//g0fe7JXPrRC/lwzVwGnnmGBx9VfAiCkBvvXnyjvJJLz5mv75lvjTI6kWRuYQIYZs+jT7H78B/p3v4Gp198HquXFtD/3Cs827OPPft20PFqGR+9PE1NwWs8++JBuvZNcOn5KeZCsFcUDr1Ie1+SC5vPp2nRUfp3vcy2J57R9qLM/lzKeR9ZmvmF/pFebtn4a7YcmCBVl2bNyjM5fXiAbT3PseXZzF5XVpnkj5172P3yGIv+3fs4PfhP3CG2/J9HeHZsMevX13G6M8Dmv70jswefW8cnLzuHRRMDdHZ0s1PZ2455j/HH84xq1izzNsUjvdzyN//G7wYSvHd5mrUfWsj8gy9w19ZXGBs7ypjaVhCE4543Xuym44VRyhcvpaZ0NLJvThTMJbNtvr3vOpm9sIA/7nuK3yeX0PKRJSzhj/Q+8xKdT6p7kbc/cwbNTWczHxjpbeOGf3qWPvdkzvvQcj66tJQ3Xt7Htsd7vL3uFFIlg2zpfoW+o6fw0XNPCwMcepzb/+8Bxs5v5ovLT5uZ72yej5FDL9G+a5yGyzLtBn//Mrt79vDHRedTd+pcyipOoeY9Q3T3HaE03cjVLTU0nHsW1eXzKYjMVCll48/SsWeIPY8/ybaX/sTY/HlUnjSfQmMPn1syj8qzy+ClA/SPltH8mQv58AfOJn3WGZQ52/injY/Q7ZxC3cX1fPSCSkoHD9LV/bT3nbiU+eXzqa46yt7nhxg9s5YNH1tGwwfOZknlKcz1/vs3/5xlNFeXhE4jx/to+39/weYDieD7etnwIbZ1P83ekqU0peYiCCcqmf1sLjVNDSwpIc973rv4pXb++m8f59nDxSy9pI41Te+l7I0/0PXoXibSK1hakLFFcC95e+Kw8l0S7Mcn8R0tr5+7BUEQpoHxsYnZ7sI7Cvl1oSAIgiCc6Az2cvO3e6PHIwqBUapXfYHrzs/8Mqbx5Df50q172PtiCetvuoqmeQB1lA/fzC07++jdDzVnKm5emqu0g8bzFnLLxna6H9xCV9NVNBZFuzC2YyubDkD5Ja3cdKWnUqtvpPmcu/nSPfu466E+Nl6RovniKtruOkjnEwO0+KqA0W10bBuHpWmaSzOf2x4cgoo6vvW1lVQmMv1tWng/X7q1h/bnL2X9Euh7aCtdw0kaPvNZrq33Yq1/P+X/83baOp6kdWmT5S+nTYpIf/oTrH3lbjY9r5D0mwAAIABJREFUeD+bl25gdYySIrXyKv7m8lJKg29VdaSLbuer9+2j6wVIK/XaRoqW8I2vtVCdAC5IQf/ttO0fYPCSVjZ649N0Ntz4/R727nqRsaYyCulj06Z9jMxLseHrrTR689S47D1856YuNj85RLopD2WzIAghz3Ty1Wc6o8eXtXDrNUqRyyNJmq7bQKu3F9ZwO1+97xC7D6X5xg3+vbwIvv8zNu3bT+8oNCl7Yd/QgrAddTSlt/Cdm3vo2rSVlqUt1pqLfVsepXsY0p/6bLBfU99Ew33/wPce3kbb9gu4bnktzRdspbNjD53PQNrv8oFtdOyH8uY60gkY276FTQeg8rKruOlyT11S30jqnh/ww47H2b1yDTVTvMfsfWBrlv6P5m1HEITji9622/hqW/S4rxr1ObbvOj6HGFoYtqO+kYaHbuPGB8PvjFH62Hx/HyOJKtZ/Xfme2lRD28Y22v3vqTV1NJXtoX3b03S31tLg/a1n3yNP00cJLU21mtWZ+M42dORUNvyV0u6UYT7/kz56d/XBkhTV9XVUJ/dwW+chihcsobG+gmxUrvxzNp58f0ZduLuXtt29tOGpoVdeyurzU5QmMk+taDxjgMH2Lro5iZr6OkU1uIL1f72Y0tKwn43LTmXsxgfo3LmLwZWXUllTR2XZa2z+dR9DJy+ksf4YikMP7KH3EBQ3reYbH1+U8VPfROvhAQbnyPda4Z1Jrnse+mi7s5fBiVJWXx/W8m6sb2Lt0BBjpcBAvP1c5P0dLc+fuwVBEITjH0kAC4IgCMKJTmmK1o9ZHgc1r4JyvSHVZyt/iV9WQikwsrQ2+GUZQGVlKewcYvBPhj2jHfPStCzfSvfDB+l9ARqXEqH3mYNACY2N+i/silfU0nDPQbqf38cgKcrrL6LlwTban+ih77JMUmSoq5feiSRNF3qPhX6hj94JKK9JUTw8hP/gOhacTjV72PvSACxJ0vv8MFBF+pxxhg77rQpILSqBh/vZC8ovubKQqGL1ujq6b+5h04/bqbmhhWpbu3mlytiPM3J4GOZkVAuRP1xctNBLBAGUUV4G7DfGp6KCSqD/0BCDQOXgPnYfApamqBkfYuiw37/TqSmH9hf7oOkYfvEmCO9mzqxlw8VV0eNlRnIhUaH9IUzpKScBhyhffq5yL1dQWQkMDDM0BCi/n9fbAWc00bykhzt299E7CCl9kwYG6H1mGEjRuKJEO1PduJjyh3vofe5FWF5LauUK0lu30v3kNsbSmX2yt3MXg5TRenEmjt3PZfbg9Dklyn4IqTMr4IkB9g5ATWIq95gBdr8wmrX/g3laEgTh+KK6aSXNZ0WPl5s52WP5rhOciH5nrLykjvSDW+n1vzOaHfASiaSN76mJFE3LS2h/yP+emmL1ZVW039NH545RGpYXwcQuOh4fhoWNtCww7M7Ed7b3n+slgjxOL6OSPvqHhjg2kpQv/wQ3LR9nZHA/e5/dQ0f3LnbvH6CjrY2Ox+q46ct+MiceNfnL6DBDbyUpLgHGMo+0nhLKU1SX9NC5o5O2c4pYvaSK4iJgvvnziyC8g8h1z/t7SE1d5I+PC0tLs5ddyskkvqPl9XN39j9IEQRBEI4PJAEsCIIgCCc6RWWk6+sstcBMSqm0/UYlEX2InI3yirLIseLiucBoNNEJwDhjowBJIk/U9n36v0hKpGi5uIz2+3bRsbuF9TV9tD9yCMrSNNd4Td/M/FXy4MP389WHLe76XwVKGTkCcJA7vn2bpVGS/gG0BE1WzljJ9esOccOdvfzwzko21kebjA32cNednXQdiBuHkMrTTrUctYyPypFRRiBesZgYoB/ymH9BEALyVSyVl1p/EV1YkN+PUZWnmZtNUeYX3ADW/eLNTL1FsOybZH7xN+41mLeC5hWP0vtELx1DK2iZazw1gXFGhgGGab/lNtot3vpeBU6eyj0mj/4LgnBCUnpOHY15bJvH9F0n9BL9rlpUlNk74pKPo0e975KW77PeXu1/PyteUUfT/QfpfORJhpY3Ubyjh84jkL74vMgfUs7Edza7j6kgSXH5ItKXLCJ9SQuM9rHp79rYfKCHth1NXLfc8tgen4khdm95gLseOUj/sHFuKvM9icWs//JK+PFW2n9yN+1AYUkZ6Q97dU5PhGo8gjBJct7z/h7i73tTSv7f0fL7uVsSwIIgCCcCkgAWBEEQBCEvBgcOgfHA0pGRNwHLD5EAJCksAhiPJkYnjmZeC5PBD5uljWnSv9pK52PbaOUgnYcgve7SwGOhV8+4NN1I67KTou7KUsAoxUmAMpo/U29R7BaRmuRT5YrrV7G+93Zu2fkb7pgwk+D7aPvhFjqPFFF9QSPNZ3v9+v0Obus8NDlHcRQVZMYoTrEYUXoLgnC80P+HAUC9b0cZ8Z+wZ90353p7mJewUNtMkElyJMMf4dJNtZQ/0UvHI300vqeX3okSWj7iPTUh2IOLaLiiiYaTo97KU8DoVO4xefRfEAQhliH6BwFV+TY6mtk7lO+MGv73JP+7pcrRTLYj+J6a8B+f/zTtB95P6SMHoSzN2mwJ0clwvH5nK0qxtjnF5jv7GDxkPKrCYOjx+7n5wQEKK1KsXbWY8iKAN+j+VRfdb6cP45ZjZXWs/1od68eHGXr1IF1bt9B23/30/ak15nHfgvAOx99DvH3v7SWBzZ/B8/+Olt/P3YIgCMKJgCSABUEQBEHIj2d20XmkLny83sQeOrePQqKK9Dn2S9JLq2DnQbq6+lh7ZfiD4si2XXQD5UsWhb8IK/LVbD3c/PoQI/MW01yv/EJuySLSiT5634Ca+jpdqTE+zpiXFEkvLWHTwDBjJXU0GrWJxsahcNLffkpo+MwnWN1/N5t7zaJLbzA0DFTUsv6TTYGiY2/f45N1Ek/FYtJlPfQPjlO6rI4a7Yf1ccaI+YWoIAizzuD2p9nbUhU+RnToSTqfB8pSpK1ZgApvD+uja9swjeeHj+jb27WHQSD9vrPD5gtW0Lywl7bH2/nhvKHIY0z9PXioMEVjvf4HLGPj495+OJV7TNj/jscO0dgU+vT7LwiCEM9w5Dvj0JO99GJ8Z1TxvydFvqf20bl9OPI9NXXxuaQ6uui8516KD0DqyhXWeuzHxHR8Z/OUzSNvmHJck1G67tsMF62hsdz8sjtM186DQJLqM/3kb9LLLr2ZeXqON24jw5m/UkqvamW1r/g+so2uuwA1T57wYhkeYQQo9o+fVkY5ffRrCkHfv8oQg4MllJcnIVlC6YLFtKx7k73b2+nuH2CMlHy/Fd59+HvI7h42v7IiqAEMMDY0xFhpaXivhRdRfjowMKQ/6eqVXXQP6u3y/o6W58/dgiAIwvGP7NiCIAiCcKIzeojeHT30RU4UkXp/LZVTJGoorRxm0/dvZ/dF7ydd9Bodv9nF3mFIXX4pjTE+CusvZe3Wu9n0cBs3DqRpWlHK2K5n6dhxCEoWse4y/Vduvpqt7wCUN9eRVn9xVrSC1pYeeh/s4obv76f5g7Wk5r9B3859dO0aIv25L7J+CaRWXkTDE+103voj+utraao9FQYP0t2zh93zlrPxi03Resm5SFSxdn0dvTf30Kf9JfUCahZB974ebvkptKSL6N+2m679NpnDsZJi9ZoUnT/Zw8033U7jRe8nXQ6DL75I1/aDFK/6LN9oij6eWxCELLy+n64dFrUYpdTUL5r8HhFD5bw+bv4fd9P8wVoqR/fQ/m999E8U0bDmotiEg7+HdbfdzvdeqKWpNrOvdOwehgUraNWUamU0X1xF210H6TsC6cv1x5gGe/Avb+fGXWmaVlRQeniA7qdepHegiuu+vYaaxNTuMUH/f3k7N75YF+yLHfvHKYbMow0FQTjhGHqhhy6rinMRjWdO1a5ZSvHeX3LjrbWZ74y9vWzeOQQlKVpXxu6a3h7Wxx3B99Qhun7XS+8hSK1aqX9PLT2PlqVd3PbMECOJKjY0TuV3qGn4zlabpqlkH52PbebmwvNoWlBh/+/UcC9dj+2j9+EfcNfCKtLnLCS94CTGBg/S3b2L3gEoXtZCa/DHkWU0nV/Gpl8OcNcP72Wk5WwqK2tJn1lBMUN0/+J27vpjPanRF+n83UH6ze/65WmaFm3jrhc6+d49Y6xecmrm544zFtNQ1kP7zq3c/OsRmhbA4M4dbH7GWDy7t/KdW/dQuChF4wcWk5r/Bnsf6aEbqDxLkr/Cu5VwP9v8t7fRd3ENjQugb9tuOnaP0/yVL9BquTka0lXQe5BNP76XwsvPpvTwQdr/bRf9CbSSI3l/R8vz525BEATh+EcSwIIgCIJwojPUR9ud0fQvlLL267WsnqLyPMXpVVxX/jg/bOukazRTp6vhkyvZcKHlEXc+iSpWf/mzlP9yM5u299K2G0gmSaUbuba1iWrzl0kLzqWxvJfNg2U0Xxz9RV/lZRvYWNXOXb/eRcd9BzOPxppfRnr1R1jrqzvmpbn2hlPpvP9f2bSzhzu2Z3xWLlzM+k9fcOyJnTNWcn3rAF+6R1UwlNH8uU8wcue/srm3hzt6k5QvWc71H+/nRuucHBvF6VY2fqWLtrYn6WrvpGsCCktKSC1fyYYLJPkrCJPmpV3c9tIuy4kU19YvomGK3FRedhXrX7mfWzZvYWgcCssqaFm7htalJfEXzUtz7Q0n0d72Wzb7e1hRCdUXrmTDx+siCrjC+loa7jpIt/nUBAj24NQD/0rbE94enEhSuqCKtddcGqjTpnSPmZfm2q/NZfPPtyj74rlc/1m440c9kgAWhBOUvZ1b2Gspa8uyFhqvyaM4cF6UsvralfTf+a9sunOYsUSS8kVp1q1vIT0v/qridCsbv9jJHfdtp/vBTrrI7LfNn1nNunpzDyuisT7Fbc/0UbyiLvaPGI+VKf/OlljM+r+8lJGfP0pvRye74/47VbKC6/57iu6OTtq7D9K99SBdfu3jigqa132E1uUVWmK1tOnPuO71e7nrsX203bmPysurSF+2hm995l5u+eU+Ou7bQmFJGU3rVpO+7142aQ7LaP7cKgZ/vJWObV3c9oT/c0eK1mtXMvLTrXR1dLI7kaQyfQHf+HTf/8/e3cdFVef9H3/NMDAwiCOIICB4i4JKKt5GpGsWtllmN+yW15Zta+26N9Vv9dptr73yd2399mrbS/eqHu26lbultZaLtaZpSZGppFGIGqZ4i6KIIqKI3AwMM78/EAQFBQXmxvfz8eDBzJnvOedzRvycM/M53++X55Y1uTYePIk5d9tI++wY6R/UL/cNDCHx7mnMmqi5ReX61TSf5a7PIpfzn3fvnkRKBLQ0nIrv6Ok8XbqKxevr/y/7WsOY/P3pJHy4ijVNB7BqxzVamz53i4iI2zM4nU6nq4MQEZFrt31nfrvaB3fzw2AwNP4Al31M08eAgVbaNfl9pWUXP27L8ystb0172wdYdI9Uo+IM5r+wHW5/iGdv6+QvZMoyee7ZLErG3cFL34/v3H2JiHSW3DQee7OAxEfmMqej6iKtyVvFk6/vI/TuH/LMRN0QIiKeKWfpQhbtiGHOwtQOuwmnNbnLX+Llr7qTOv+HpHRU52URERERuWZVlR05op4Yr9xEREREpGvkfryVAgJJTlbxV0TkykpJ/3gflcZIUjp0GFMRES9VlsnKr+wwLIHJKv6KiIiIiBdTAVhERETcQ1U267PtED2clChXByMi4gEOZ7P+CJ0yjKmIiDc68PlOCjCRnDRG88yKiIiIiFfz+CGgs3fs5aOMLI6fPE1NTW3jcrOfLxG9ezL6hsHcPnmsCyMUEekaGgL68jQEtIiIiIiIiIiIiIh70hDQHcujv91e93k2K1ZvaPE1W00thwqOc6jgOKEhVsaMGNzF0YmIiIiIiIiIiIiIiIiIdC2PLQAfPnqiWfF34oQbsHYPbHx+6vRZNn/9LQCvLl1NxLxZREWEdnmcIiIiIiIiIiIiIiIiIiJdxWMLwMeLSxsf/9u9U/jOTSMvadM/ujf/eD8DgENHj6sALCIiIiIiIiIiIiIiIiJezejqAK7WiZOnAegZ0p3RI4a02Gb0iCEEWvwBOFV6tstiExERERERERERERERERFxBY/tAZw0dhinTp9l0o0jCOoW0GKboG4BzP1JKp9uyiFp7LAujlBEREREREREREREREREpGsZnE6n09VBiIjItdu+M79d7YO7+WEwGBp/gMs+puljwEAr7Zr8vtKyix+35fmVlremve0DLB57j5SIiIiIiIiIiIiIR6mqtLs6BK/isUNAi4iIiIiIiIiIiIiIiIhIc27fvenosZPkFxRRVFzK8eLT1NTUXvM2/fx8iY7qRVhoD6Ijw4iJCuuASEVEREREREREREREREREXMutC8A5uftYsnwdlVW2Dt927u6DQH0xeOp3xjB9alKH76MlVdU1vLz4ffbnFzJn1nQSb4jtkv2KiIiIiIiIiIiIiIiIiPdz2wLwX974gG079zdb1ieyF4EB/te87WpbDYePngCgpqaW1elbOHi4iKcev++aty0iIiIiIiIiIiIiIiIi4ipuWQD+5wefNxZ/zX6+PHjvFIYN7ksPa7cO20dZeQVf5eTx/tpN2O11fLvnEFk5uxmfGN9h+xARERERERERERERERER6UpGVwdwsV17D/PJxq0AdAsM4JXnn+CmscM6tPgLYA0K5LZJo1n0wlP0DOkOwOJ/rOXg4aIO3Y+IiIiIiIiIiIiIiIiISFdxux7AO7490Pj4njuSu2Sfs743lT/9NQ2ALdm7GNA3okv22xZOJ+TtL+D9NZsoKDyB0wm9evbg7tuTGDsyDoPhQtszZef4ZONWtu7YS+mZcpxOJz2s3fjuLeP4TtJIjEYDmVm5LE37hCEDo/nFj2bg5+fbbH+bv/6WN5evY3xiHI98/3Z8fIycOn2WDz76gq25+6ipqaVbYAATRg/l7tuT8Df7dfE7IiIi7WWvq6PGZqfGbsdur8PhcOJ0Ol0dloh4AIPBgNFowGTywc9kws9swuTj4+qwOpVypohcC+VN5U0RaR/lTeVNEWmf6zFvytVxuwLwiZOnAYjsHcrECTd0yT7jY2MI7xXMiZOnKTpxqkv22VZfb8/jjXc/xmg0MnRwPwL8/dhz4AiL/7GWktIy7pgyHoCqaht/eXMVh48eJ7xXMONGxVFTU0ve/gLeXbkep9PJlJsTSYgfQFhoD/ILijh89ASxA/o07qumppYt2bvw8zUxccIN+PgYOXmqjBdfW0FJaRl9InoRFRFKQWExGZtyOFJYzM8enUGAv4rAIiLuyGarpbLaht3uwN/si7/ZD1OgDz5GA4amdxCJiLTC6XRS53Bit9dRW2vn9JkKTCYjFn8zZrPvlTfgQZQzRaQjKG8qb4pI+yhvKm+KSPtcT3lTro3bFYCPHCsGuKpeuG+lfcLGL78hedxwZn1/arvW7RfdmxMnT3PseEm799tZjhw7ybsr19OjezeefOxeeoeFAFBZZePPf1/J51/sYMyIIYSF9iDA38zMe28hNMRKt8CAC9soLOZPr65g89ffMmH0UKzdAxmVEMvHn33FluxdDOrfp7EX8eGjJ8gvKKJ/TAR9+4RTU1PLP977lFOnzzLre1O5ccwwDIb6XslrPv2S1elb2Ja7j6Sxw1zx9oiISCvq6hyUn6vC4XBgsZg1WoOIXDWDwYDJx4DJx4i/2ZegbgFU22qoqKymqrqGoG4B+Pi43awy7aKcKSIdSXlTRKR9lDdFRNrnesib0jHc7q/gbHklAMEXzfn7xdc7eWzuQt5K+6TVdbN37Kn//c3edu83LLQHAOUVVe1et7PsPXCE8nOVjEoY1Fj8BbAEmPlO0gjOnD3XrGDdL7p3s+IvQFA3C35+vpyrrKa21g7AuJFD6BYYwN6DRzlbXgHUF3W3ZO+iptbOjWOG4ufny8lTZRQUniCqdygjhg1sLBQbDJA0ZijWoEB27zvcye+CiIi0R7WtllOny/H1NRESHKQPliLS4fzNfoQEB+Hra+LU6XKqbbWuDumqKWeKSFdQ3hQRaR/lTRGR9vGmvCkdx+16ALdmW+5+ADZ++Q333XkzlgD/S9pEhPfkwKFjRIb3vOL2vvh6JzeNHd74vE9kL4ICA0gYOqDjgr5Gh44cB+CTDVv5ZMPWFtscO3GKkcMHAfXDZ6/NyGLPgSOUna3Abq9rbBcS3L3xcZ/IMEYNH0TmVzv5ds8hksYO4+SpM+zMO0RYaA+GDekHwMlTZzhXUU35uSqeeubPLe6/9HQ5NluthhYQEXEDVdU1nKuoooc1ED9fjznFi4iHCrSY8fX1oexsBU5ngMdNC6KcKSJdTXlTRKR9lDdFRNrH0/OmdCyPOfP07RPOjm8PAHDyVBl9+1xaAH76Fw+yZ/8RhgyKvuy2fvv83yguOUNVlY1bJ44GIDEhlsSE2I4P/BrU1TkAiI4Ko09EaIttGordR46d5H9fXUH5uUosAWbiBsUQ1C2Amho7O/Pym61jMMCNY4by1bY8tmTvYsyIwWzfuZ/TZeVMn5qEtXsgAA6HE6fTSVA3C/GxMS0OGxAeGozRqDkqRERcrdpWy7mKKoKt3TCZfFwdjohcJ/x8TQRbu3G67BwGgwF/D7kpUDlTRFxFeVNEpH2UN0VE2sdT86Z0PI8pAPfuFdz4+PMvtrc6x++Vir8AxSVngPq5dN1Zn8hefL19D/2je/NQ6m2XbXv46AnKz1WSEN+fn/7wbkw+9RcWpafPcvBw0SXt+/YJp39MBPkFRezae5ivt+cRbA1ifGJ8Y5ueId2xBPgTaPHngRmTCepm6dgDFBGRDlFX5+BseSU9rIH6YCkiXc5k8sHaPZAzZRX4moLcfq4h5UwRcTXlTRGR9lHeFBFpH0/Lm9I5PKYAPCohluioMI4UFpP51U7GjBzSOFTx5ezZfwSoLwwfOXaSf63NbHxtbUYWfn6+3D55bGPbvtHhbjMXQ0L8AD7dmENO7j6Sxg5jYL/Ixtdqamo5WHCc2P5R+PgY6Wbxx2Bo3hPX6YTN2bs4c/YcwT2Cmr3m5+fLjWOGsufAEf7xfgbl5ypJGjOMXj17NLaJCAuhf0xvdu09zIYt3zDt1gmN8wA7nfVDVPcM7k73IBWGRURcqfxcFYEWfw0pJSIu4+drItDiT/m5+iHu3Jlypoi4A+VNEXElh8OB3V6Hvc6Bw+HA6XTidHbOvgwGMBgMGI1GTD5GTCYfjMb2FyKUN0XElZQ3xRN5zFnIZPLhJw/fxW+f/xsAL772HsOG9GNA3wiGDLzQ6ze8VzA9rN2A+nmD//LmBwBMGD2UL7fuarbNujoH7324kU83bGVA3wi27dxP3z7h/Of/+UGXHNNbKz5h+QfrW3ztodTbGDakP7dPHsu/Psrkj39+lwF9I+nV00r5uSr2HjyKyceHX/7k/vrevH0j6B0WTO7ufJ5duJR+0b0pKCzm3LmqVi82hg3pR1hoD06cPI35fEG4aQ3Zz8+XGd9NpujEKT74+As2f72TAX0jcTgc7Msv5EzZOe65I5k7pozvjLdHRETawGarxeFwEGgxuzoUEbnOBVrMlJ6uwWarxeymQ0wpZ4qIO1HeFJGuZrfXUVNjx15X12X7dDrB6XTicNRht9eBrRaTjw9+fqZ2945V3hSRrqa8KZ7MYwrAAGGhPXjmlw/xwivvUlNTy7d7DvHtnkOsZktjm8jeofzu32cBUFNb27i8afH3/rsmERnek/yCIlanb6GsvIJtO/cD0KuntYuOBs5VVLX6Wk2NHYMBbps0hgF9I/jwky/Zl1/I/vxC/Px8ie0fxZ23TSAmKhwAa1AgTz52H8tXric3L58TJ08TH9uXmfdO4W/LPmpxH9bugYxKiOXjz76if0wEffuEX9KmX3Q4v3liJmszssj5Zh9ZObsxGg2E9wpmesptzYaMFhGRrldZbcOiD5Yi4iYsFjOV1Ta3/WCpnCki7kZ5U0S6gsPhpNpWU19IcAP2ujrsVXWYTD74m/0wGg1XXuk85U0R6QrKm+INDE5nZ3VUvzqPzV0IwF0pNzJ9alKLbSorq1mSls7+/ELOllc2e61pARgge8deXl26uvH56wvnNmu/YvUG1n2efcV9ioi4u+0789vVPribHwaDofEHuOxjmj4GDLTSrsnvKy27+HFbnl9peWva2z7A4v73SNnr6jh9poJePbu7OhQRkUYnT50luEcgJh/3mu9MOVNE3JXypoh0plp7HdXVtk4bqvRaGQzg72/Gtx292pQ3RaQzKW+6TlWl3dUheBX3/3a7BRaLP3NmTQegpLSMU6VnG18L7xXcrG3TeXPvSrnxkm3df9cktmzdxdnySkqabEdERMTd1djs+OvuPRFxM/5mX2psdkwW9/pgqZwpIu5KeVNEOktNrZ3q6hpXh3FZTidUVdlw+vu1ec5c5U0R6SzKm+JN3K4AbDb7YbPVtPk/WWiIldCQ1odtPn2m/Irb6NG9G2fLKzlXUXnFtiIiIu6ixm7H3+zn6jBERJrx9TVRbavBgnsNfaecKSLuSnlTRDpDfQ829y5iNFVdXYPBYGhTjzblTRHpDMqb4m2Mrg7gYn0iQgE4WFDUIdsb0Dfisq8XnTjF8ZOngUt7D4uIiLgzu71+7g8REXdiMvm4zTxJTSlnioi7Ut4UkY7mcDiprra5Oox2q6624XBcecxV5U0R6WjKm+KN3K4AHBneE4ADh46xe1/BNW/v6d+/3vh4dfoWVqze0Pi86MQp/rr0Q2pqaoH6+YKzd+y95n2KiIh0BYfDiY+xfXMbi4h0Nh+joU0fQLuacqaIuCvlTRHpaNW2Gredu/JynM762K9EeVNEOprypngjtxsCekC/SDZl5QLwr7WZxD8586q39fkX25vNDwyw7vNstmzdRUiP7hSdOIXtfPEX4EzZOV5dupoxC+de9T5FRES6itPpxGDQh0sRcS8GgwGnG35yVs4UEXelvCkiHclur/PoXl6017mSAAAgAElEQVQN8V+uJ63ypoh0JOVN8VZu1wM4edxwRgwbCEB+QRGvLl1NYVHJVW1reHx/ksYOY1TCIP77P2aTeEMsAGfLKzl05Hhj8fc7SSN55IGpDBkYzSMPTO2YAxERERERERERERHpQjU1dleHcM284RhExHN4Q87xhmOQjud2PYABfv7oDB6buxC4MCxz3z7hDOwXSaDF/7LrBvcIIqxnD4YMiiY0xMoPH7i98bU5s6azP7+QF155F4C7Um7kjinjG++MuGns8E46IhEREREREREREZHO43A4sNd5bi+2Bva6OhwOB0aj2/VdEhEvo7wp3swtC8AAry+cy6p1m1mdvgWAw0dPcPjoiTate/+dExkyKLrF1wb1j2r2/HLd4kVEREREREREREQ8gScPYXoxu70OPz8VMkSkcylvijdz2wIwwPSpSYT3CmbX3sMcO37qkjl7W9IzpDsR4T0v2+aulBvZnP0t/aJ7d2S4IiIiIiIiIiIiIi5hr3O4OoQOY69z4OfqIETE6ylvijdz6wIwwPjEeMYnxnfoNqdPTWL61KQO3aaIiIiIiIiIiIiIqzgc3lPI8KZjERH35U25xpuORTqG+oOLiIiIiIiIiIiIeDin0+nqEDqMNx2LiLgvb8o13nQs0jFUABYRERERERERERHxcN703b83HYuIuC9vyjXedCzSMVQAFhERERERERERERERERHxEioAi4iIiIiIiIiIiIiIiIh4CRWARURERERERERERERERES8hMnVAYiIiEjXyVjwK9YVX7ldWMo85t0a1vkBtYmdwi3LWJGeR2GFvdNi2/n2r1h6fCrz5k3BXY5cRERERADslGxNZ/Gn+ygotlMLYDYTExfPtDsmkRjavq+3cpYuZFHRSJ799RQiOiVeEZGrYadk62cs27SXvEIbtQ6uKdd5lOIM5r+wnaJWG8QwZ2EqiV0XEGteeIuVESm8/nBCl+21y9mLyfpgHWt2FFNUUb/INySMxJsnkJoci/Uquw/qPCviHrz4rCEiIiIXmzTnGcY5mizYlcZz7xUz8cc/Y1KTqqfJHNTlsbXGvnMZr/3rAFGTZvLkxL6EuDi24k8XsCC9mOEP/5GHh7dz5aObeSeznFHTphLnPm+xiIiIiBurIGfpGyzKhbhJk5j7o/6EmqGsKJfMj7ez6PndxKXOZO6EEFcHCpSRuzaDrB5jmJ0U4+pgRMSTOI6x/tX3WXYQBk4YyROpCUR0d9dc13YFm98n/UwsqXckYG1D+4TU2cwa1tIrJiwdHNt17/gGnvvfbAoCwki5516eGBSCr62UvG3ZrFmzinnZI3nmiSnEqIIk4rH031dEROQ6YgoMolndMdAEmAgICiLITQuSuTk7qYq7n0enDXeLC5ewiT/jmfF2TAFXsfKZ/WzLKSbsFhWARURERNqk8AvSdtSR+IPZzBkV2LjYGpTMzMHJTPs2g5we7lIQsVGQm09WRCyzk1wdi8g1spew/+udZB2vaFPz7r3juWnsAELc4UObBzqwehXLDvozY+5spvW+sLxZruvmLrmu7Ur255NVZGXaHbSpAOwbaMWqz8qdz7GPJX/JpiB8JM8+NYWIhp6+QVbG39af8RO2s+h/Mlj4z0gWzIzH16XBepBzheRs3c3uUlsbGpsJHxTP+GFRBGmiVukkOiWLiIiIGyumtBjobXGfixa/AIL8XB2EiIiIyPWhLL+QEsKYkRDY4uvWYVOY3MUxiVwPSresY1HG2bavsKOAffYH+OXNwZ0XlLeyZbMms4LQSanNir9NKddJR6rdlk1mhZUZP29S/G0qaCSz7tzNk8u/ZP20eFLaUr0Xdn+yin/saMcKO/Zxwm8O/zak00KS65zbfJcqIiIibqJsIy/9/kO46xmevPmiW29rtvH3+e/A/b/j0THlZCxYwLreD/JM4mH+nvYVhRV2MIcQN+lBHry1L806ydpL2fb+W6zcXkiVHUzBcUx58EGm9Gu5K23DUMv1T5byq18BhDF13jymhEHVoY2krcog72gVdkwE9IljyvRUJjbZXsO8vj+735cNqzLIO2oi6efPcOdlRuSrOpTB39/JIO+0HUwBRI2cwUP3jyKk4UPRzqX8amlxYxwUZ7BgwTrCZj7DuMKlpH1xmPJLjm8nS3+1lJ3nN7Fuwa9YB3DDw/zxB8Oh6jAb31tJxq7z701gFHG3TOOemwbpTlARERG5rlmDrcARcnIrGD+q5SJwM44y8jLWsmT9MUps4BsYwvh77mbWqCv0nLMXk/XeGpbllFJpB9+QSKbNnM60/s33WbY/gyXLd5JbagfAEh3DtDtTSMhPY/7HZfWNitN5bG46YGXGr2czLQwRjxMS35+o9TsodFy5LQDG7twwRMXfq7Irn1xHINPGtHHo+Nw0Hnuz7NL8kpvGY29yYa7chnY/n4Lvps9Z820pvkmpLLjb//z8tlN4PuEYi9fu40BpGLP++0GSzVBbsp1lb28g64idWqOJ0MHDmf2DKQwMuGj/v0zBkpFOWm4ZtQ6wRPdn5sP3Mj6koU3B+RW2M3/udgASH5nLnGuaUre4SewHeTktnyJbfc5O/dGDTLbms+btdazJq6DWaCJizCSeSB1JaMPn6iax+65dy8q9FZfGfhkl29aef7/sYDQR2jeWGTPvOL9eKekvvkEa41nwVPJFPZ5tZP39FRbXTeKlx8Zg4aLziclETOIk5jSNFdp2bqrKJz2t/t+30l5/3ku4NZmZl5nDNyf3GISNJPEy5yfLiFgSlm8gJ7eMlGRrs/d+wehiFr2Xy4EywBxIwuSpzL6tf8vDdOet4snX80l87ElmxV30WmE6v/nTQRKf+AmpfVuPxVPEDo0hYEcBVW1dwRLFDV5w3OK+VAAWERGR5qxJTBz6Ie9kbqDw5juJavJSedZG8szjeDQxACivX3hkHX8u7MstP5xHfDCUbv+QpWv+zB/KHud39w2qb+MoJuOVBayzjeL+nzxEfDCcyFrBW395iaqfP91iQbZ+qOVCNvzlNTaG388z98UDJgICgX0rWfC3zfiOvJ8f/1s8IZSy+5N3WPHXBZT+6BlmxDYNeiN//1sQAydNI3ViCH0jL3Ps5RtZ+o8oRt39M1L7BlC660Peee8dXgsM4+lpUZdZEQ588CLF8VN5eO7DhNgOs2FlGuv++g4hzz7KKL84Up95hnsunnPZVP8+bn7jz3xYfuG9KT2wmXWr32Jdr99x/8UfkERERESuJ/ETmBGVz8q3/8r83JHMmDKBhIhAfFv8UruCnLffYtF+KykPPkhKv0DK9mawaNkbvFz7E54Y10oB2XGMNS+/w0pbf2b9dBoJIVD05ToWvfIWlU2+lK7MTWP+mwVYRifz9I/jCKWU3A2fszIti7hfPsiCCcdIf2UV6eHJLEiNA0xY2lCzFnFLoUk88XgdL7+288pFYGN3bn38AW7VzQ5XpaikDOhJTCu9f69NBelvrMI6aDipD4wiNDoSKK1/aX8mfzgYSOItk5jcM4Q4X+B4Bn9YuJ3KUcnM/UEcoRSTmbaOP/ypjqd/k8JAY5Ptvr6WmDE38fT8GCyleaS9ncniRelE/DaFmPg7WPBfdnLTFrPkRAJzfz6eCMD3aqZSasn+TF6uGMyMn81mIAWsWZ7Osr+8RU6PMnzHTOPZB0Ko3JvOomUZLIqI4ZmJTSu71WS+uYrQEZN4+oEYrGcLWJOWzuLn36DyP3/I5FZ6u5Ztfov575UxcPItPDOpfr30VRtY/MJbVP7HQ0y2hjD55kjSlu0kvTCZ1KZfIZR9Tfq3JpLPF3/rzycniGncVj5pSzP4zd/sjQXitp2bSln/t/dJK7/QpmT/dlZ+sI6VYbGXFlwBKKbkBBARRsTl3mNzGBFWSC84RrMBvPdn8lxRJDNmPcScEDsHPlvHko/fZ3HIz3litPnS7cSNJDlkH+mbs5kZN6bZcNK5mbspiR5NipcUQU1DpvHr+1bxwnuFVy4CW6L4t59OJ8G/KyKT65UKwCIiInIRE6NSJrLuxW1sK7iTqMbibCEbMgsJGXc/cU2/cCsL45b/+yDjzn+QC7r5YZ7iJZ5bvYaNtz7JRCuUf/EO647HcX/Tdrc+zqNVf+DPn23j9kdGXXpR4hdAkF93AnwAk4WgxkmKy9n40WbKB9/P7x4Yd76XcRDjHngSKv8vKz7ayJTYiRfmOq4KYOzP512212+jqhAm/fJxJp7/bBM0/mGm7vkV7+zLo5QoLnszcHwq877X8OlqOHfeW8jOP2WQtx9GDa2fZ7nlOZcPs/8QxD2QyriY+nchaOSdPH7DnaDevyIiInK9M0Yy7YmHCP1gHSu3bmfRjvpeZJboSJInTCBlTH+sDReSeRks2WEi5YmHGou21tH38kzdOzz5yRcUjEuhpUvCssx1rCyKZNaz95J8/lrVettDPFH5V/6Qkc2MR8fg69hN2vICGJHCszMTzn+BbSX5vv6Mt9vxNZnAbMViBEwWrEEaL1M8n6n3zcxJPc3vl1+umGEmIfUevtvbpwsjk7azYxmdyrN3t5D9qnoy49kHG/MelJL+7nYKBk/ipZnni5BYmfZjM5XPp7Fm26QmBT47obc8xNyGwmrQeObcUcBjbxeQWwIxoYFYg8BiAow+WIOsbZoDOOfNhTzWwvKI2x/i2dua3GHgiCH1xykkGAESmHlbHuvfLKBkdCrPTzx/rKOnMy3nFZZ8s4uyiU175NpgeCpzG74kCEpg5hMmauevZeXHu5n8/fhLA3DsZuXaYqwTm6+X+mMrPJ/WuJ7v6JtI+TiNrOwCUi98mULBpp0UhMTXF2TPn08szbY1ktlP2amcn82awjGkRrXx3EQhefmQMHM6yX3rT4bWUSnMHZHSAd8n+GMxA3b7Re9FDLP+ffr59x4S755Kwa53WLPnIIxu4b0jhhm3R5K+bB9ZtjEkN/wJ2bJZn20n4YGxbfrb8BRBCdP5Rek/+OP6ywyhb+zOdx+ZTmK3rotLrk/6WlFEREQuFTmJpD7lfP1l3oVleVv4uiyOW265qCfs4OEkXnQXb9DIsfSlkP377EA5ubmFLbbrO7Av5B/gUHtiK88l9yjE3ZDYfIhpAki8IQ6O7md3TZPFPUcxro0jaRE2nLiLPnlERYaBHewtr9Fo4NCLbq3tHUUkUHvFIdPCiAqDvI0fsvNYFfaG9rpKExEREalnCmP8fQ/x/H/P5S+/vZcn7k4gzlTG+rT3mfdsGjnnK1N5uflUWgeQeFFPIsuASGJKCzlQ3tLGy8j5phQGxzL+omvVgYPC4OAxDgDs30dOlYnECQnNei8B9cVfES8VED+dX0zu3urrUZOn8Uh8iwO/ilsIZPz4Vj4QD4tvUvwFyneRcwQSRiQ0H8rXGENcfzhwsKDJQiuJcRfdIh0VUt+jtK3DhrcgIXU2C/7r0p+nJ17UvXxw/8YCJADh9fuOGdD0WM31BcwKG5XNVjaTOPKi98QYz/gRJir3HKnP+Rfbv4+cqpbWiyFxuLnJejGk3BxC2dfbyW14Hxy7Wf9lBQm33VR/E1Jr2woYwMCICg7kl9HmcxPhxIRB7oa15BRWXPj+oUO+T6im0gZcfI67+L0nkpgoLi0UN+E7aiTJAcdYn1XauKwsK5fcHglMG9VCr2EPFz7pHh4Z1tpx1d80oxETpCvoClVERERaEERSchwf/nMz22bEMcrPzrYvv4LERxt78Dbys1x6QRHUnSCg+Ez9xX1VJXBoBf/xqxUt7Gs41e0JraqKKiDI/9LLGJO/CSim/AzQcDHt4+6XO2FM+dnP4J000l7ZTJW9fj7jibfeyZShV5iASERERMTdFGcw/4XtFDVdFjaSZ389pb4w0GxeyPNGpPD6w22bFNI3pD8JE/uTMBEozeLlP2Wy6F+7eX1mPJVVdijL5Q9zc1tY00plFVwYJqaBjcoKIH8DP527oYX1YuoLBzYblQQS2qNNYV5RztKFLNrRfNmFuTHPz7NY3Dx+zScsrhI+6R4eKX6XN7+1NVseMOw7zJkU7qKovEdEqBU4RcFxSOzwYaBNrQyZDxgv6rVdVV8oPbD8FR5b3kL7Ee365H5VfAOtWC/J0x3NH0sLQ1FbewRCWRllLa1is1HZynoWi3+z9azjE0hYvYH122wkjDZTu207mcTyxJjAJtuykf7yQtJb2FVEVf3/szadmwhj2hP3wtvrWPLyX6m0189Nn3LbFKYNa+37hDBCw4GiYoqg9WGgbcUUlcHAmMvNo9VGxngmT9jAc5uyKZiYQgwFpG8qJebmu5sMK+5NLCTcN43vnnqfj443f0U3zUhXcvdvREVERMRFTCOTGPfB39mYVc6oG7axcVcIY59qYQKZmkrsXHRRUX6WciCkRwhQRYAFGNowj+8le6Jd0wAFBBAA2Ksv2ev5ZSEEddAXc10moC9THp3HFMBeUUje52tIe/MPHH7gv3k0UZdrIiIi4kFCk3n6v8ZQ23SZ0f/C8I7n54VsxnSVE+WGjGf8oExyjxdTQjyWABOExjfONXnRTlqZj9dcv3xYw7y9LawHYDZjoYKSpjcaXoOE1NksuKf5sgtzY4aR8vPZJDfrRaf5hMWV6osZ91au4f38+uJUQP/R/OK++PZ9lpOWDe1PgrGArOwCZrRp7qKWlZWdA65hTNkAMxbq89OsYS28frW52u1U198QdJGyMxVgjWl5OGKzGUsr61VWVjdfzzyGyWO+4OVNX1M2eihZm44ROiH1Qq9ZsxkLgSTPeZCUFu6f8PWzAmVtOzcBBPRn2mM/YRpQW3GM3PUZLPn7GxyY2cqcvEBiQiTk7iOzcErzuYqbHte23eQSQmpCxwzQHHPzcGLWb2V9Xgqz2E7mmUhmjvfim96N4dz6yK2UvvYpDR2fQ0bfqptmpEt55f0VIiIi0gGMcdw4LoTCzA1sztxMYZ8kJrV04+fenY3D7jUo/2Ybh4liUKwJCCIhIQryCygMDCIo6OKfgPbdkRaUQEIfyPsm56J5qKrI+SYP+gwi3q+dx9pVzBYCqKKq2Y3T9mYjJZkCoxg+bQYTwyBv7/6ujlBERETk2hjNWIKs9fM9NvwENvkC2hTY/LUgK9aAy1wNFueSmV/R8muO3eTtr58POBSIS+iPpaSQAof10n0EBbbSC85K4g0hcPAEBYGtrAcwKJbEADs523a3EEfDg/PFZJuteQG8Bb4Bl+7L0uRt8L0kltbiF+kixnBuemga3+3jQ0CfEfzioXGE62+yY5jHMC05kJIN6aw53nKT2sLt5DSMCtBiMbKC3N2lLazZDkFDSYyGA4ePtZALr5CrW2EJMIGt7qIhmF3NRs72i0aicOwjK9eOZUg0A1taZVAsiQEtrVdAzk7bJeslJMcTemQn6ZuzWX8khMk3x1y0rQryjtW1+D5bzNDmcxN2apt8n+AbGEninVNJCYPcPQdbfQd8R91ESkgF6cszKGppyO7y7SxZW4xl9AQmd9QEvdaxpAyzk7k5i/Wb98GYkYz3vtGfm/OP5XuPf4fx3X0IGvUdfnlXrG6akS6l07SIiIi0Kio5iajTG1m5oZS45KRLR8wDsBbz2cvv8FVBKeXlpRzOeoc/rz5MQOJUks5/UAi6aRpJpq9Y+qcVbNxXSHl5OeXH9rPxX3/muaXbrji/bnNBTPxuEkF7V/DSu19x+FQ55acO89W7L7FibxBJ353YcpzuYOBIEgLL2fj+SnYeK6e8wg7HPmbB/AWs2JRXfyzlpRze9CEbiyFu8KD69fJW8tzvn+O1L0pbfk4eK3//HM+9vplr/MgvIiIi4lZK8rJZ9spfmffKWtK/zaekvIyy8mIObMtg0f+sJdMYw6w7Y+sbxyUzY1Apaf/7FmnbzrctySfrkzTmv5BOQSv7sCYnM9m0j0X/8z7pe49RVl5GWeE+0t97g3lvZtcXc43xzLgjjNqv1vKbZVkcKDm/7Q/fYl7jtq0kjgyBvC9ZtLF+/5Xtu9AVcW/GcG6d/Tj/b3aSir8dbOBd05k5oJqVC1/hD+9lkldYRll5GQV7s1izdDFP/imDNd+erwAPiicx0Eb6e6vIKazPRZnL3mLlkWutpoWQckc8vtlrmb+8aQyZLHv5ryzaarvyJi4SN6I/lrJclr2XS0F5Wf2cspdRW1G/z0t/Kq54Y03bmWHnKhZ+WB9TWWEuaa+uI7PKSsrklkYto/EcULbx4vVWkX42jBm3X7Re1BgmR1eQ/l4uJcMSmhdRz2+raPUyFn64vf580nBee2ExaYX1zdp0bir8jPm/XcySjbkXtrMxg/RiSBgyoPW3wBhD6o/GE3dmO/OfbeGc+f8yyA0Zw9MPxF8y7/3VMzM+KRbLt5ks+zaQ5ORW3mtv4x/P9375OP91t0ZMkK6nMQVFRESkddYkboz7kBVHxjFxZCuXDdFT+VliIUvfWsCKMjuYQ4i79XFSbxl04ULDOIgZv3mavu+/xYdLX+JDG2AKIGroFB68Z1T7L0hiZzDvJyGkrVrDqy+swE79vLkznphJUgdMT9NpjIOY8didnF3yMUtf3AxhU5k373Yev9/OO5+9w6urq+qH0w6MIu6eJ5nZMPyz/SzlZeUEVNlbfo6ds2XllJur2llMFxEREXFvoRN/yEtDc0lfm0368t2kne8M7BsYSMyIZJ65Yzwxjd+ohjD5x7OJyFjLsn+9T3oFYDQR2jeWGT+6hVYHVjXGMvM/H2Lge2tIe/Md0myAyUTMsNHMvm9M45ff1qSHeDZgLYvXfskfns8EowlrVCQpqeMbt21NupcnTrzP4jXv85sPms7rKyJyGcZIJs/5CQlbP2PZpu28/GUWtQ7AZCIiOpaZT6WSHH2+imiMZdZPx1P2t60s+tO++nw1LoVn7tnJvLevMY7Bd/D8ryNZ9nYmL79YH4NvYAgJt05h5qirKDAPvoO5d6ex6ON0ntsMEbc/xLO3tT6Ofm7aYualtfRKDHMWppLY/gha4E/yIylYMtL5w7Pp1DrAEt2f2b+ezvjQ1te6cA74jOfW28+fX+J54j9TSLjkLvQQJidFkrb8FMnJYy4polqTHuL5sAyWvLeBheszqAV8Q8JIvn06MxqGZG7LuSnqFuZ+L53Fn37Gwg/s9dsJDCHhvlRmtzL8c6PeycydP5isD9axpuGcCVjCwhh/TyrTxsVg7egbPeJGkmzdR3rIcFJaGXpaRDqOwel0Ol0dhIiIXLvtO/Pb1T64mx8Gg6HxB7jsY5o+Bgy00q7J7ystu/hxW55faXlr2ts+wOL+90idOHmG8F6dPNmtI48Vv/s7hbc+w5M3X/yJppiMBQtY1/th/viD4Z0bh4h4lC7JT+3kjjGJiDRwxxzljjGJyOWdLXevgXavVfcgS6uvuWOOcseY5CK5aTz2Zhkzfj2baR0wn/tld7X8JV4uGs2Cp5Jbnlf4elSWyXPPbiXmsSeZ1dLUxi6gvOleqjR0SofSYB0iIiLSqvItGXxli2PieLcdVFlERERERERExH2UZbIm207CzWNV/G0iL307BSHxTHaT4q+It1MBWERERFrmOMyGjYcJSExilJ+rgxERERERERERcX8HPt/JAXMsk69m2GxvVZVN+lc2Ym4e0/qUDCLSoTQEtIiIl9AQ0JenIaBFRLqOO+Ynd4xJRKSBO+Yod4xJRC5PQ5m6ljvGJCKXp7zpXjQEdMdSD2ARERERERERERERERERES/h/t2brqDgaDGHjh6nsKiEQ0eOc/BwEQP6RtAvujdREaH069ObmD6dPKO7iIiIiIiIiIiIiIiIiIgb8OgC8PIP1vNZ5nYcDkez5QcPF3HwcBEARqORW5JH8v27J7siRBEREREREREREZFOZzCAt0z2185ZnERErorypngzjywAHzpyghdfW0FFZTUAd6XcSGTvUKJ69yQivCdFJ05RePwUx46XsDp9C59uzGFL9i6eevx++kWHuzh6ERERERERERERkY5lMBhwekklw6BKhoh0AeVN8WYeWQD+/YtvAxBo8WfW96cyavggAPbsP9I4afeYEYNhxGCio8JYsnwdFZXV/P7Ft3l94VyXxS0iIiIiIiIiIiLSGYxGIw5HnavD6BBGo9HVIYjIdUB5U7yZx/1FfPTZVwBE9g7lxed+1lj8Bdhz4AgLFv2TPQeONC4bNXwQLz73MyJ7hzZbX0RERERERERERMRbmHw87qveVnnTsYiI+/KmXONNxyIdw6P+IvYePMr7azYB8NRj97Zr3Yb276/ZxN6DRzs8NhERERERERERERFXMZl8XB1Ch/GmYxER9+VNucabjkU6hkcVgL/KyQPgwXtuIbhHULvWDe4RxIP33NJsOyIiIiIiIiIiIiLewGg0YvLx/AKAycdHQ5mKSJdQ3hRv5lF/EYePngAgPjbmqtZvWK9hOyIiIiIiIiIiIiLews/P5OoQrpk3HIOIeA5vyDnecAzS8Tzmr8LhcFBQWEyAvx8R4T2v2H7P/iOXLBsyKJoAfz8KCotxOBy6I0JERDyawWDA6XRiMBhcHYqISCN3zUvKmSLirtw1Nylvingmk8kHk8kHu73O1aFclYb4L8ddc5PypohnUt4Ub+UxBeCGom14r+Artl2dvoXVbGm2bN6c7wEQ3iuYQ0dOUFBYTL/o3p0Sa2tyvtnHoiWr2tx+7Mgh/PCB20n/PJsTJadJTIhl5PBBnRihiIh4EqPRQJ3DiclHF3Ai4j7qHE6MRvfLS8qZIuKulDdFpKP5m/2oqKvC6XR1JO1jMNTHfiXKmyLS0ZQ3xRt5TAE42Fo/529FZfVl2w0ZGH3Z1xvWb9heVwoJ7s6NY4Y2W1Z6upw9B47QM6Q7gwf0afbagJgI7HUOdu45xP78Qnr17KECsIiINGq4O9HkoxEtRMR92O11V7z72BWUM0XEXSlvikhHMxoN+PubqaqyuTqUdvH3N7epQKG8KSIdTXlTvJHHFICt3QPpGdKdk6fKqKyyYWz5jbIAACAASURBVAkwX9Jm+tSky26jssrGyVNl9AzpjrV7YGeF2qp+0eE8+uB3my3L+WYfew4cYUBMxCWvNfj1zx/oivBERMTD+JlM1Nba8Tf7ujoUEZFGtbV2/Ezu9zFDOVNE3JXypoh0Bl+TD05/P6qra1wdSpv4+/vh28bihPKmiHQG5U3xNh51O1LDkM1FJ05d1foN63X10M8iIiKdwc9sotpW6+owRESaqbbV4md2vw+Wypki4q6UN0Wks/j5mggIMOPO0z4aDBAQYMbPt+15UHlTRDqL8qZ4E4/6F48M78lW4F9rM5n30++1e/1/rc1s3I4nee2tD/l6+x7mzJpO4g2xzZY99oNplJSW8cmGrZyrqKKHtRsP3nMLI4cNInvHHlZ+lMnJU2X4+fkyacINzPjuTfj5XbgLzeFw8tW2PFanb+HkqTMYDBATFc79d0284nDaIiLiWiYfH0wmI9W2mjbN9yEi0tmqbTWYTEZMPu43tJRypoi4I+VNEelsviYffCwBVNtqsNvrXB1OMyaTD/5mv3bNS6m8KSKdTXlTvIVH9QCePjWJqIhQ9hw4wvIPPm/Xuss/+Jw9B44QFRF6xaGiPcm7Kz8jY1MO8bExDOgbQdnZCv6+7COW/HMdS/6ZTnivYEYNH4SP0cAnG7ey+pMvG9d1OmFtRhZ/f+cjKquqGTlsICOGDuTEyVJefO09tn6z14VHJiIibWHxN1NZ6Vnzk4iI96qstGHxv3SqFnehnCki7kZ5U0S6gtFowBJgxhJgdosCgMnHpzGe9hQxQHlTRLqG8qZ4A4/qAQzwcGoKz7+8jE83bmVgv0jGjBh8xXWyd+zl041bG9f3JmGhwTwx+14sAWacTngrLZ1NWbls3bGXnz4ynWFD+gGw49sDLFqyil17DnH75LEEWvzZmZfPmk+/pH9Mb37xo3voFhgAwMlTZbz42go+/uwr4mP7tjjfsoiIuAez2Zeq6hoqKm0EWpSvRcR1KiptGI1GzG4855lypoi4E+VNEelqJpMPJpMPDocDu70Oe50Dh8OB0+nE6eycfRoMYDAYMBqNmHyMmEw+GI1X1ydJeVNEuprypngyjysAD+gbwV0pN7I6fQuvLl3NvuRR3D55LME9gi5pe/pMOR+v/5rPMrcBcFfKjQzoG9HVIXeqsSOHNBZoDQaIj41hU1YuffuEM6hfVGO76MhedO8WyLnKampr7QBs37kfu72Omyfc0Fj8BejV08q4UXF8lrmdk6fO0LdPeNcelIiItEtQtwBOnS7H19enXfN/iIh0lJpaOxWV1fQMvvSa3N0oZ4qIO1DeFBFXMhqN+PkZ8aRBipU3RcSVlDfFE3nkGWj61CTGjYrjjXc/5rPMbWzKyiW8VzBhPXsQFRFKYVEJxafOcOLkaWpr7QzoG8EPH7id3mEhrg69wwVbm//n9Tk/HIG1e2CzuzqMRiOGJkMD2Gy1HC8uBWDJ8nUsWb7ukm0bDAZOnylXAVhExM35+BjpHmSh7GwFwdZumEyuH5pGRK4fdnsdZWcr6B5kwcfH/WeYUc4UEVdT3hQRaR/lTRGR9vG0vCmdwyMLwAC9w0L4zRMzWfHhRrbu2MvRYyc5euwkObn7GtuEhlgZPWIw99850YWRuieH04nj/BgFQwZGE9LKXSA9rLo7RETEE/ibfXE6Azhddg5r90DdZSwiXaKm1k7Z2Qq6BQbg70FDSilnioirKG+KiLSP8qaISPt4at6UjufxZ57775zI/XdOpKS0jCPHTnKksJjoqDCiI3sRGmJ1dXhuK8Dfj9CQ7uzPL2RUwiCm3Jzo6pBEROQaBfj7YTAYOFNWQaDFX/MNiUinqqi0UVFZTfcgi0d+qFTOFJGuprwpItI+ypsiIu3j6XlTOpbHF4AbhIZYCQ2xMmr4IFeH4jHGjYone8dePsvcxg1DB9Kr54WCeVW1jYLCYoYMjHZhhCIi0l7+Zl98TUGUn6ui9HQNFosZf7MnzVAiIu6u2lZDZaUNo9FIz+Agjx5OSjlTRLqC8qaISPsob4qItI835U3pOG5dAN69r4DSM2cpO1uB3V7X4dv3NZkICQ6ie1Ag8bExHb59dxc/OIaJE25g/Rfbmf/HN4gbFE1QNwslpWfJLygipEcQc+d8j5AeGgZaRMST+PgY6WENxGarpbLaRvm56voPnb4mTCYffIwGDAbDlTckItc9p9NJncOJ3V5Hba2dalstJpORQIs/Zi+5m1g5U0Q6kvKm8qaItI/ypvKmiLTP9ZA3pWO4bQH4s8xtvPOvz7psfxNGx/OjmXd02f7cgcnHh+/fPZm4QdF89NnX5O0/gt1ehyXATGJCLNNunaDir4iIBzObfTGbfbHX1VFjs1Ntq8FeUYfD4cR5fh54EZHLMRgMGI0GTCYf/EwmgnsEYvLxcXVYnUI5U0Q6gvKm8qaItI/ypvKmiLTP9ZQ35doYnG54dln8j7Vk5ewGYNyoOEYMG4g1KJAFi/7JkIHR3JVyY7P2LS1fnb6FPQeOMG/O95q1bbq8oqqaHd8eYPPX3wJwV8qNTJ+a1MlHJyLSObbvzG9X++Bu9XPRNPwAl31M08eAgVbaNfl9pWUXP27L8ystb0172wdY3PYeKRERERERERERERGvUlVpd3UIXsXtvt3+ZtfBxuLv87+dTWhI/by0e/YfaWwzZNCFeWntdXX06N6Nw0dP0MPajfBewZw4eZrDR0/QM6Q7g/pHNRvvfHX6lsbHiQmxJCbEMunGETz/8jJWp29h2JB+DOwX2dmHKSIiIiIiIiIiIiIiIiLS4dyyAAxw350TG4u/l2Py8SEqIpRv9xzirbRPGpdX22pIiO/fpsmuB/SN4JEHpvLmu+vI/GqnCsAiIiIiIiIiIiIiIiIi4pHcrgB8sKAIgNE3xLZ5nYYC8J4DR5ot7xncvc3bGNQvqn7/h4vavI6IiIiIiIiIiIiIiIiIiDtxuwLwkcJiAHr17NHmdY4dPwXA96ZPIiYqnPyCIt5bs4nikjNt3kZ4r+Dz2yppR7QiIiIiIiIiIiIiIiIiIu7D7QrAV6OktAyA/jERDOofxbnKKgCKT7W9ACwiIiIiIiIiIiIiIiIi4umuPEGumztXUcWp0rMA9I/pDcANQwcAcOLkaSqrbC6LTURERERERERERERERESkK3l8Abi45Ay1djvBPYLw8fEBwNdkoltgALW1dk6cPO3iCEVEREREREREREREREREuobB6XQ6XR1EU4/NXejqEHh94VxXhyAi0m7bd+a3q31wNz8MBkPjD3DZxzR9DBhopV2T31dadvHjtjy/0vLWtLd9gMUrZkkQERERERERERERcXtVlXZXh+BVPL4HsIiIiIiIiIiIiIiIiIiI1HO7HsAiInJ11AP48tQDWERERERERERERMQ9qQdwx1IPYBERERERERERERERERERL6ECsIiIiIiIiIiIiIiIiIiIl1ABWERERERERERERERERETES6gALCIiIiIiIiIiIiIiIiLiJVQAFhERERERERERERERERHxEioAi4iIiIiIiIiIiIiIiIh4CRWARURERERERERERERERES8hArAIiIiIiIiIiIiIiIiIiJeQgVgEREREREREREREREREREvoQKwiIiIiIiIiIiIiIiIiIiXUAFYRERERERERERERERERMRLqAAsIiIiIiIiIiIiIiIiIuIlVAAWEREREREREREREREREfESKgCLiIiIiIiIiIiIiIiIiHgJFYBFRERERERERERERERERLyECsAiIiIiIiIiIiIiIiIiIl5CBWARERERERERERERERERES+hArCIiIiIiIiIiIiIiIiIiJcwuToAERERuRZ2SnI3kJaxk9wjdmoBTCYioqNJTpnC5MFWfF0d4jWzU1leQS0mLEGBrj2e4gzmv7Cd2ompPH93TItNij5ZzPyPYcavZzMtrIvjE5E2KGbNC2+xsjiGOQtTSWzXqvU5gNsf4tnb2vMfvGGfbWg6IoXXH45ve9676phERNqovIDM9A2s2VpMia1+kW9QCHFjRpF620gizO3c3jXmrZylC1m0w9r6tdb57ReNSOH1hxPat3F7BWVVdjAFYg3QV2YiIiIi4rl0NSsiIuKxKshZ9gaLttrwDYsk+fYBDAyFkoMHydqaT9qri0mffC8L7uzv6kCv0W6W/Fc6OVxFsaaTlGxcxaIBP2ROQqCrQxERj2Al8e4phFZdWFK2I5O0XBsDk6cwuV+TpiExtJz3yshdm0HWmShSZo6n5VtQREQ62PENPPe/2RQ4zAwclsDkEWFYy4vJ+eYgueszmL9pN7PmP0iyt1wS7V7LvDcLzt+Mc754fCSLxZsKCR0xhRnDrK6NT0RERESkjVQAFhER8VSFX5C21YYlYQrPPzISS8PyUeOZdp+dki9XkRni6cVfgBhSfjCFRKwMdHUojWzkLF9L1qBUxge4OhYRcX9mIuJGEtFkSVFJNmm5NqyDRjL+kg5qLeU9GwW5+WQV15GoArCIdAkbWWuzKbBbmfbvs5nR+8Ir4ycC5ftISy/Fq+6HixnD7B/Enr8Z57wzBWRtLSCil40Zw1wXmoiIiIhIe6gALCIi4qFK8gooARJHNCn+NjIROuFeZnR9WJ3AysBRI92o+AvWKCu1hQUsXpRBzFNTiDC6OiIR8S7ul/dE5Hp0kNzdQGh/xv9/9u49LKrz3Pv4FxhAQBhFRAHFIKKgjgIeUIMaQ0SrxpgY0sQm0aTa1jZN9q62u+3bZHenu03axt2d9OBuY3My1aQkxkM0iiFWQlCiojge8IAoCigiOiLgwADvHwMIggoGYSC/z3VxMbPWM2vda0buWa57Pc/Tt5nV3mEkzG3vmO4wYwgxUR0dhIiIiIjIV6cCsIiISCdl9PYCLGRl7qMsqrkicENmli9JIsM/khf/I65BL7Smy+3zqgWz+L9HU/DuFjYetc9D6Td4OPMfjSPcu/GWi/ZuYsWmY2QX28DZQIBpHAvnxRBcd5ZhTmTRW7lEP76Q2Lz1rEorpMgYyc+nFPKb9/Pxm5LAS7Ma92Wr3LOa76/KJ/iBp3h+ks0+dyYNYq8uJj1xHYmZxVisgLs7wSPHMH92DMEeN4gN8OwfzMwHZhAfUtdVpbB+288/3p2NiTsxn7ZhWrCExTeZMs7TNIPFpk28sHkfK5IjeH5q4E3ffcvpdDau20v66VLKbIC7F6Yp01g4NeTa51b/Pj1F9NE1vL3bQmU1GMMjWfx4HAFnk1mx6gDmYvu8dKb7Z/NsbOP93vKzEJEbqy4m/aONrK2b49JgIHjYKOYlxBLapKe/jaK9a1j+UQ65peDq5YtpehwLJwS30TzlhY3yHltX8MJmS+26XJYvWQZA9IIlLO7T/BbKclJ5e92e+vnhjSEm5s+Px+TdfHsRkaa8MHoDRTmkn6VRD+DmFNTmqujrzqNutPzO59Jr6s5vF/4ykqL3ktmYVXotN347HlNdnm80P/E5+3ly3XFsXsmizUCT82kREREREcfTJfqrXL1awcEjJ1mz6XNe/uNqfv6bv/PMz//IMz//Iz//zd95+Y+rWb8ljWMn8jo6VBERkTbjOjKSGC8oMyez9MWVrNi6j+wi+8Wsr+4KSX9fTzoDmTMvljkmLyxZ+1j2+zWYrddaFSSv4GfvHibXEMichDjmxwfCwVR+9dp2Cq7bYu6m1bz2eTGugcHE3NUdl9GRxHpAUUYW2Y1aFrPt83xwDiQ+xreZ2Kykv/UmK74sxjM8kvmPxzJnuBFLRirLPj52LbatdbH5E/9AHPOnh+BXnEvin95kxUHrdZs8xvL/TcV8yYfwUSEEuJbe4v0xEDB1NnOCIHfzmqbba7Tt3bz9WiqpFi9M98Wy8PEYpvjbMG9ew7LkwibNsz5aReK5QObMiyV+sDuWrH289veVLPu/w5SFj2LhAxEEu5di/mgNbx+99rrWfBYicp3qfDb+75usSCvENcREwuOxzBnpQ1FmOi+/1DjvAVQe2cLL6ywETIy1/006F5PxYSIvb82/I+H5me5m4eMxRBsBfJnyeBwLH48j/gbjQFceXMPP/pROxiUfYh+IY+EDEfgVmXnt902PRUTkxoKJvdsIWNi47FVeeD2JpKP5lLVRHmnvXAoXWPvaetLdw5j3eO35bY6Z1/6eiqXZ9vbh+BfG2s9HjaYYFj5em1PvUIQiIiIiIm2lU/cHsVwuZfuOTD5PN3PJcqXZNuetFZy/cInsk/lsSNrBgH59mDR+BJPGjWjnaEVERNqYewQLf2wg4L1kNmYVkr45mfTNybW91oYzc8Zkov1u96u+GEv/BF56oLa6EBVD9NYVvLA5h1Vbc+09dq27SdxsAf9Inv9x3TDIkcT2X89zr+8j6ehk5g++tsUiay8W/zKB6AY96aaM207qtsOkZsUTGl67MG83206D36S7iXFvLrajZBwEBsXy0ydj7D1oo2KY+UghRaX+9ibW3SQmWcDXxJIfxxNaF1vsbl57YTvpa7cTPyz+2hyallI8pz/GS7foyduYPzMXx5P7UhLp768n+meNj62e+2jm/yIMo9FYvyhmZC8qX9hEauZhiuL8G11ELOs/jlcXjbYf10gfyl7YRGpOIcZvfo9nx9p7Lsf0LGXRW7mYD+fC4NZ/FiLSWOXe7azNA79JCbzYIO9NGbSa595vkPdqFZ3qxvwXHyO29m8+JjaMt3+5ntSk7aRPeuwGuev2ufaNIKZvIUVJ6WTQnfCoSKLrVja5jySXtWtzKPMIZuF/1M1THknMSB9+9WI6G3dZMMUar3+RiEizAuIW8FKP9bz2YQ4FWWYSs8wkAq6+/sTGTWbm2GCMt9m1oL1zKZTiOuoxXpxee74XFQK/XcnanNOYrRDbZH+1w/EbjrEitRjPoMHERPm3dVAiIiIiIndEpy0Ab9+Rycdbd9YXfvv07snIYaGMiBhID2N3jD5eUAMXLSWcLbzIwSMnOXT0FKfOnGNl4lZSduxn5tRxRA0f1MFHIiIi8hV4hzFzURgzraXknjqAefdRUg8Ukpu5j+WZh4le8BSLTV633k4TXsTENO5aFjApEtPm7ZiP5lBEMH7HczFXg194MJ6llms9J4L6EMoxsk8VwuBrF8n8JtzdpEAaPHE4wdvSSU3bzbzw0bgC2buPUoQvCffcoGsbQYSHQMaJvaza6c+ckf3x8zCAwR+/uprG0Rx7bKOG1xZ/a3mMJmbYdszmXMxFEFxfeQ0mPq41xd+67ZmYn5BF1lu5LH93N68uGt1ss4bFX6ylWCoMeHoBlbYmPbaDBw68Niy0cy/8vIHyYGJGN/gc+/gSQC4Fltp3vZWfhYg0Zj6YT3N5z3N0BNHv55NRl/fqVgyLqC9YAOAcRuwod1JT8jEfh5hh7RR4c4pyyCoGhgUTbrNgKamLsQ/hfpB0IhdibzLGvYhIIwb8Rj3Ei6NslBWdJvvQMbZlHCbrdCHbEhPZlhbJi/9Wd/NZK7V7LjUSM7rh+Z4/AQFAYSkWC6BTJRERERHpQjplAXj9ljQ2JO0AuGGP3vMXLLg4OxPQpxcBfXoRZbIXelN27idlx35OnTnHX95cxzcfmMJ9k6Kb7ENERKRTcfcieHAMwYNjmIkNy56PeGFVLhnrvyDX1KCna4sZCbh+bDt3d/t8bLVFy8qr9vH/ilLWszSlmU0UnKPhlbTgoGYKrMYxxA9LZ8VBM9sso4n3PkzqLisMG8eUG3ZQ82XKtx+i7N0tbExcQ3oi4O5F6KhxLHwgEj8DVFbY5/x1dWl6quNad4GyusFCf1+Cb7P3iqcpgZ9OXcELW7ezbGsgC69vUG0hK3kTqz7Pp+D6kaWbudDo59/csNcN4m5Gaz8LEWnIRqUVwND078zZxf77ups1mvs79fTsBliprG6yqn2VWykDOJjK0oOpTdc7F1IAmrtSRFrJgKdfCKZJIZgmxYM1l7V/TmRj3j4S98by7KjWd9e93VxqNLoDVykrb+0emzm/FRERERHpojpdAXj/oRP1xd+JMSaefCQegPKrVnbvO8qxnDyO55zh/AV735c+vXsSPiiYkOC+mCIGMmmcvVj813c2sDvzKO+v24a/Xw9GDB3YYcckIiLStgwYR93NlKRcNhZZKIIbF4Crq26wwkJBEdC3wSKr1V4AcTXgCri62U8jjKYYEkZ2b7oJ35aUnd2JmRDGqoPHSM8sZorXPlLLDcROsPcGviGPEGYu+h4zq62UFedj3pnKqm3J/Mxi4y9Pj66PrbLK1uSl9RcUb7Pg25yA+BnMObSatZs3sdZko+EplmXnepZtLsTVP5g5M8Lwcwe4QsaGdDLaaP9t81mIfF0ZcHUHsDUtONTlyNq8V6eosJjrM2tZ2VV70zbMLbfF3cUe64AIFk5s5sYbD3/NXSkiX517MHOmBLPx3VyKim/RfbaZ8zG4/Vzq18sLKCb7tAUGNHPH4LliCgA//143PQQRERERka6sUxWAc3LP8se/fwTAM0/PYeSwUAAOZOWw9pMvOHXmXH1bP18jzs5OnDt/kXPnL7J9Rya9evowJTaKafeM5rtP3k9AbU/iP/79I37+3LcICe7b7H5FREQcUl4qbx/qw5y4sKZzr509TEYREBKA/duyl73HQ1ExBdXUD9NXlnmMrGY3Xkp6ei5zHrh2Uc6yy4wZ8BscYi8eDA7B5JyL+QqER0XS6PKbzUaloYWnGeGRxPoeI+nzZFZ45YOviSnhN3uBlaKiq/j5GcHZHU+/EGJmeVF0cCVrC+wX/ILrYttzgOz4wGvDQJfvJv0g4BuMqS0rIM6BzFwcR+6vk8kwAw3ejbJSe+9c04wEZtaNulq+m/RVQFvNbddWn4XI10F5DlmFgNFY/7diGhYImflN8l7Z7sNk0CDv1Tl4mNTyyGtDl5abSdpjBedATHdshhkD9spuba+35uYcB/APw+S7j4IiG8aRkYQ3/H6otlGJ4eY32IiI1LOSvm4j3D2bGL/rzyVKSc/MBwyEDrAXfwP8jICFgrOFYKotCFfnk555/RAotW4zlxpNYYSuSyc7KYmMUQmNpxipzmftplzAi2jTbUzv0Zza0SDKrtzgOEREREREHFCnuhr4jw8/BeA7T8yqL/7+6Y21ZB7MBuw9gocMCib0rgD8fO2Xcy5arpB9Mp99B46TnnGYDzZsZ+fuQ/zn0ieZPW0CVVXVbEpO5x8ffsov/v3xjjkwERGR25C99wCp29JJ3eZF6OBgTOGB+LlfITfzGOkHi7E4G5nzcGxtgSOQaJMXG7fl8vZfkygb5w9Fx9j4aa59qNAmjHhmf8QLr0cQO9pIpdnMxkwLeAWTEFdbHHEfTUL8Psyb0/nZb08zZXwEwd5XyM3MIf2wBdO3n2H+4JYcSTDxE31JWpdLRjEEPzD65kNWW3ax/KV0CvoGEhs5kFA/KDKb2VgIniMD7MOa1sdmZtnvLzBlfAQB1hOkfpFDdrU7MXMm38aw2LfgEcn8bx4j663G72nAAH88sZDx4ZusuhhFsPUEqTvyKWir4i+04Wch0lVZKcg6TG5hPts+O0w24BcdXnuDDLhGTWbO9tWsTUnkhUKTPe8dPsS2vcXgFcK8qY0zhjGglLW/fZOsu4dicr9g32YpBM+II6Yt/7Yb8SV2rC9rPypk1WtrKIsfSEBABKYmveSCmTk7mNS3jrHsxTeJuXsoJj8oOnGC9D35eM54ip/GNj/UvIhII6Vm0tNyMKe8yqr+gZgG9ccU1J3KonwyMg5jLgTPkfEk1J1jDK29IS1pDSvcx2HyvkL29n1sK2p+87edS42xzJ9+jF9tymX5L1dgmhhOTFB3LHmHSU3Lp8AKwdNnkxDURu9DhIlYrxxS0zayzHUMsUH+hEeFcMPZSkREREREHECnKQCn7LTP2ztp3AjGRA4B4Bcvv8G58xfp5u7GM0/PYcig/gCUlVs5nVeIweCCX68ejB45mNEjB+Pv14MNSTs4U3CeP72xlmeensODM2I5eOQkp86cI2Xn/iZzCYuIiDiq0Fnf45WR6SRtPkT6icOsNR+2r3B3J9gUw8IHYwn3vtY+eMYjLCxdx6oMM28fB9e+wSQ8G0fW/yQ3MxSxkZmL4yh4dwtr3y2l0tmAX4iJefPjMTXoZREwdSEvBSax6uPDbFuXTyXg6u2LaeY05rSiF5wxxoRpw3bMBBIfc4vChHEci+ddZsWnx0jdnM82sM8BPCGOhQ+a6nu2BUxdyEt+m1ix6RhJ6/IB8OwfTML8GcSH3JkKjacpgWcn/R8vN5yHd/Bsnn98Dcs/ymHbumRcvXyJnTcT07o1rG3DfbfVZyHSNblT8GUyKzIBg4HgCfE8O6NBUdc5kJn/9hR+H21k7R4ziVm17UwxLE6IJfS6lOFpmsGzfjt5LTGVdCv1f9fzRt3ZubaNsY/w7KU1rErLIfHdHAKmB2Ia2bSdpymBl36UTmLiLtKTUkmvBlcvL4JHxbFwnIq/ItJCXqN59tfBZGxLJSkjn4zt+aTXDpXv6e/PlHnTSBjlf21UAffRLPy+hRWrDpC+Lpl0gxehE+NYEv4Fy7Zammz+q+TSgLineGlAKombD2D+PB2zDXA2YAwKJmFWPPGD2rA86xzG/O9Ppuy9LzBvSyWLYBZHhRDddnsQEREREWlzTjU1NTUdHURL/Pcf3uXUmXP84t8fZ0C/Pvxz/b/Yun0PPYzd+f0L361vtzvzKH99Z0P98x7G7syaOo7J469dGVm0ZBkAzy16iOHhIaTs3M/KxK0M6NdHvYBFpNPadyCnVe17dnfDycmp/ge46WMaPgacuEG7Br9vtez6xy15fqvlN9La9h6eneYeqTaX8c4ylmcGs3hZgi5siYiIiIiIiIiIyB1XXmbr6BC6lE5xdXvH7kOcOnOOMZFDGNCvD4eP5bJ1+x4Anv32g/Xt1tfO6Qvg28Ob6poaLlmu8O4Hn9K3t299D+Fnnp7Dn95YG5slkAAAIABJREFUy9pPviD0rkAmjRvBpk/TOXXmHAePnGTYkLvu2LGUX63gtRVrOJ6T1+x6NzdXBgYHMOO+GMIHBdPKekWHOXn6HJ+lZuDl6cH98ePw9OjW0SGJiIiIiIiIiIiIiIiIfO00mTHKEaVn2Ie0HDywHwB7zccAmDtrEv2D7EMDlV+11hd/ly5+hN8+/x1+/8J3WfDodADWbv6ifnsjh4USO3Y4p86cY/e+owCE1W778NFT7XBE4OLijCkihPGjhzb66du7J0dPnOa1FWtITd/fLrG0heKLl9mx+xAZ5mNUVFy7S+NvKz9m0ZJl9Z9NZ7IhaQeLlizjbys/7uhQRERERERERERERERERFrE4XsA26qqOHjkJACjRtrn/s0/ewGAyOHXJrQrvlgCQO9ePep7+gLcPWYY//jwU84WFjfabnjYAFK/PMCxnDwmjjMxclgoO/cc4vjJ/Dt6PHXcXF25P348IcEBTdbtNR/j76s+IWn7HiKHD8K7u2e7xPRVRI8I4/VlSzo6DBERaQPRTy7h9Y4OQkRERERERERERERui8P3AL5cUgaAt5cH3t09ADh15hyurgb69u5Z387Z2T5WcqWt6RjhlZW2+vV1Qu+yF16P55wBIKhvr0b760jhYcEEBfhhuVxKUbGlo8MRERERERERERERERERkU7C4XsA1xVkfXv6AHDu/EWuWivoF9i7UTu/Xj3oYezOJcsVvth1kLvHDAPs8wIDhA4IbNze14ifr5HzFyycv2Chp9Hbvr8rHV8AvpGaGsg6nsuajZ+Tm3eOmhp7j+cHpk9gTGR4o/mCr29bXV2D0duL0ZFDeGD6BDy6uZOTW8Af/vohQQF+PDJ7Mms/+YKjJ84wcmgoTz4yjT/+3T5X8eL5s4keEVa/7UuWK7z0x9UA/OyHj9HD2L3Rtp5d+BCfpuypf+/B/jms35KGRzd3/v27c+lp9K7fxveevJ9PktMxZ+VQXV3NwAGBPP3YdLy7e7JucxpffGmm/GoFPYzdeezBe4kaHtboWMuvWlm3OY30jMNcKS3Hzc2VUaYwHpo1kR4+3evb/W3lx+zad4TvPjGLy1fK+OSzL7lkuYKbmysTRg9l7qxJdHN3I2P/MZa/vb7+dbv2HWHXviMATd4LEREREREREREREREREUfi8AVgj25uzS43uLg0eu5qcGHW1HG8+8GnvPXeZv7x4adUVl7rDXx//PhmttGgA7RTk9Udxnw4h9y8QvoF+NGnt2/98l37snjzvc04OzszdPBdeHRz40j2aVb8YxNFxRZmxMUA9uLvxk93sn5LGi4uzoTeFYSfrw+5eYV8lroXy+UrLHp8Vv12z50v5g9//QBrRSU+3b2orqmhsrLyKx1D/8DejB89lKMnznCh+DL9g/zpF+CHm6uB7l4e9e0ul5Tyv3/7gJ49vBk1YjDHcvI4npPHn99Yh3d3D/LPXWB4eAgXLVc4cSqfN1Z9wnOLPOrnbC4rt/LnN9ZyLCeP3r16MGzIXVy4eJn0vYc5kVvAj777cP3NA3U2ffYlF4otDAntD/3thfJ/pWVSaaviiYen4tvTh/Gjh3KmoIjTeYX08vWpn3/6+m2JiIiIiIiIiIiIiIiIOBKHLwD36d2Tbu5uWEpKGz0vKW3aU3fy+JH07e3L2s1fcLawGC/PbvQL6M2UuyPpH+TfqO1VawVnz1+kdy8jvXsZOXf+IgA+7TTfbkVlJRuSdjQqhlZX15CTe5bzFy7Rzd2NGXExeHq4A3A6/zzvrd1GD5/uPLfoIfr62wvDdQXQf32RyeiRQ/D368GR7Fw2f/YlXp7deObpOYTeda33c/7ZC+BEoyGxS66UM2rEYOZ/Mx6Pbvb9lV+t+ErHFzl8EJHDB/G3lR9zofgyUcMHNSrCX7JcAcBmq+Ib947l/vgJODmB5XIpv//L++SdLSI4yJ//XDIfH29PampgZWISn6eb2XvgOGED+1FTA2s2fc7RE2eYeV8Ms6fdXX9cX+61F8u3pWUyd+bERrFZrRX84t+foHcvIwDHc/J4bcVHHDpyCsvlK9zVvw9PP/YNNiTt4HReIQODA3j6sW98pfdDREREREREREREREREpD04fAEYYEC/PhzJPt3o+cnTZ5ttO2RQf/7jmUdvuc0z+ecBGBRi79lZV5D08W6fAnBVVTXmwzlNlru5uXL3mGHMih9Prwa9TY9mn6bkShnjJo+qL/4CeHq4c8+Ekbz+j03kny3C368Hu/YewVpRyaTxIxoVfwECa+c6bqhXTx8eeeCe+uJve/Lu7sGoEYPrh3T28faiX0Bvzp2/yKiRg+s/DycniAgL5vN0c/1ndaW0jCPHT2P08WLCmGGNitqmiBCCg/w5cTIfq7USd3fX+nX3xkbVF38BAvr0oncv+3DglpJS9fIVERERERERERERERGRTqtTFIAD+/biSPZp9pqPEWUKq3++edsupk8Zc1vb3LH7EABhIUEA7D98AoDBof3aJugWaDifbFm5lTWbPidlx36qqqsx+ng1altX8N66fQ9bt+9pdnv55y4QETaAs4XFAAy6K6hFcfTs4d0hxV8AV1dXvDy71T93atA7uW+D4a8BXK4b9rv4UgmXS8ooK7/K/3vpjWa37+dr5Kq1olEBuG6+5zrOzs64uble/1IRERERERERERERERGRTqdTFIDDBvZj2xf72HvgOFGmMKJMYWz7Yh9bagvAKTv3k7JjP6fOnLvpdoaE9mf8mKH07e1Lys79DOjXh9GRgwHIPJhd36YjeHq4M3fmJPIKiti55zAD+vUhbmJ0/fqqqmqA+rl0mxPYpxfVNTVU19S0S8wdrbq6mpqaGtzdXBkeHoKbW9N/zl6eHri6ujTzahEREREREREREREREZGup1MUgMdEDuGjTans2H2IuInRRIQFM3XyKLZu38OiJctavJ0j2acbDSU95xt349HNnZSd+zl3/iI9jN0JHRB4ky3cWR7d3Lj37khycgvYviOT0ZFDMHrbewL3C+zNrn1HCOnflycSpt50O36+PhzPyeP4ybz6HsatZXBxxs21+X8eFy5eprz8Kh4e3Zpd35CLi/Nt7b8lfHv44OXZDWtFBffHjyfoBoXx23UnYxcRERERERERERERERG5EzpFARhg1IgwNm/bRcqO/TyRMJVHZt/D/kMnsFZUMjHGxOTxI5sMm3y9U2fOkbJjPyk79zNyWCjDw0MASNmxH4CJMSa6dXO748dyMyOHhRIW0o+s47mk7NjP/fHjATBFDOTTlAwyzMeYMGZYo7l9KyoqOZF7lrCQIFxcnBkbFcHuzKPs2H2IUSMGN2qbf/YCBoMz/n49bxqHq6sBP1/7PLknTuUTZQrDyQlsVVVs35FJ+dWKFhWAA/rY5xzOzSvEVlWFwaXteuP6eHsxLPwutqdlsuVfu3jykfhG22/psd5IYJ9eODk5ca7oEldKy+nu5dFWoYuIiIiIiIiIiIiIiIjcEZ2mABw3MdpeAN65n4C+vbhvYjT//dOn+d2f32dD0g4+TzczMcZE5LBQAgP86guBVmsFZwqKSNt1kJSd9kJvn949eebpOQC8888kTp05Rw9jdyaPH9lhx1fHzc2V+HtGc/xkHik79jMmcgh9/X3pF9Cb6VPG8NEnqfzuz+8xcEAgvXsZKblSztETZzC4uPCj7z3MgH59iBgcTEx0BGm7DvLK8n8SEhyAn68PuXmF5J+9wPjRQ5n/yLRbxjImagjpGYfZmrKHMwVF+Hh7cvL0WS5ZSjEYWlbIrStcZx7M5r//8C7BQf7cGxtNj1sU61vCyQlm3DuWnFMF7Nh9iINHTjIktD/Ozs7k5J7l/IVL9cdaN69wa4QMCKCvf09yz5zjN6/+g4EDAhk9cjCRwwd95dhFRERERERERERERERE7oROUwB+6/0t9Y/fX7uN+2rnx/3JD75JarqZt/+ZxIakHWxI2oGLizP+fj1wcnIm/2xRo+1MnTyKR2bfA9jn/f083QzArKnjbtmDuL1EDA5meHgI+w4cJzXdzNxZk3FygqmTRzNwQAAfb93JsZw8jufk4ebmSlhIELOmjiM4qA8ABhcXnkyIJ3xQMJuSd5J9Mo9jJ85g9Pbi3tgoHpg+oUUF0SGhwSz81gwSN6Rw6OgpXFycMYWHMP+Rafzt3Y0tOpb+gb350fce5t0PPiUnt4C8giIihw1qkwIwgG9PH5Z+/xGSP99LarqZ3ZlH7ct7eDN72gTiJkbdVvEXwOjtxXOL5vL+2m2Ys3JIzzhMn949VQAWERERERERERERERERh+VUU1NT09FB3Mpf3lrPXvMxehq7ExtjYkPSDgCeW/RQ/TDO2Sfz2bH7EGcKznOmoAirtQKAbu5uDOjXh8C+vYgyhRERFgzArn1H+NvKjwG4P348s6dN6IAjExFpO/sO5LSqfc/ubjg5OdX/ADd9TMPHgBM3aNfg962WXf+4Jc9vtfxGWtvew7PT3CMlIiIiIiIiIiIi0qmVl9k6OoQuxeGvbq/4xyb2mo/h4uLM/G9OY9iQuwDYkLSDV19fw6RxI5g0fgShdwU2muu24Fwxzs5O9OndeP7XhvMAA/zw2w8yYujA9jsgERGRdmarqqLCaqPCZsNmq6K6uoZOcP+XiDgAJycnnJ2dMBhccDMYcHM31E+10lUpZ4rIV6G8qbwpIq3zdcybIiIi7cGhC8ArE7eSnnGYwL5+5J8tIrV2uOa63wApO+3F3LFR4QwdMoC7xwwHIKCPb32bkivl7Mk8wtETZ9i17wgAA/r14Vtz7yMkuG87HpGIiEj7sVorKbtqxWarppu7K93c3TB4ueDi7NTqHtEi8vVUU1NDVXUNNlsVlZU2Ll4qxWBwxrObO+7urh0dXptSzhSRtqC8qbwpIq3zdcqbIiIi7clhh4B+873NpO06SK+ePjy36CH+752PyT9bhIuLM1VV1QwbchdPPTadtC8Pkrb7IGcLi+tf28PYHaO3fY7Z4ouXKSktr183oF8fJo0fwaRxI9r9mERE7iQNAX1zX6choKuqqim5Uk51dTWenu50c3fr6JBEpAu5aq2grMyKs7Mz3t09cHFx7uiQvhLlTBG505Q3RURap6vlTRERaRkNAd22HLIA/Pq7G/lybxbdvTz44bcfZOCAAArOXagvAkeZwvj+gtmNXpNhPsahI6eazAFcZ9iQu4iJjmD86KHteSgiIu1GBeCb+7oUgK9aK7lcUoaXZze8PN07OhwR6cJKy6yUll3Fx9uTbp20d4Zypoi0J+VNEZHW6Qp5U0REWk4F4LblcFe3P/nsS77cm4Wbq4FFj89k4IAATpwq4G8rP+bCxcvEREew8Fszmrwu2hRGtCms/nnBuWKsFZX4eHvi4+2puSNERKTLK79awZXScnoYvXBzdbiveBHpYrw83XF1dcFyuZSaGg88unWuHmDKmSLS3pQ3RURap7PnTRERkY7kcGfs6RmHAXj6sW8wdPAADh09xevvbuRKaTmTxo3giYSpLdpOwzmARUREurqr1kqulJbT09gdg0E3PYlI+3BzNdDT2J2Llis4OTl1mp4Zypki0lGUN0VEWqez5k0REZGO5nATKLi72b/Eu3t5sCfzKH9+Yy1XSsuZMGZYi4u/IiIiXydVVdVcLinD6OOlC3Ii0u4MBheMPl5cLimjqqq6o8O5JeVMEeloypsiIq3T2fKmiIiII3C4HsBRpjBOnCrgleX/rF82Niqcpx6d3oFRiYiIOK6SK+V4eXbTUHwi0mHcXA14eXaj5Ip9aFBHppwp0vVUV1djs1Vhq6qmurqampoaamru3P6cnMDJyQlnZ2cMLs4YDC44O7fu/nrlTRHpSO2ZN9siZ0LnypsiIiKOwOHO3kP69yX+ntFkHszGYHAhJjqCb9w7tqPDEhERcUhWayXV1dV4ebp3dCgi8jXn5elO8cUKrNZK3B10aD7lTJGuxWaroqLChq2qql33W1MDNTU1VFdXYbNVgbUSg4sLbm6GVvWQVd4UkfbWEXmzrXImdI68KSIi4iicamru5H2xIiLSXvYdyGlV+57d3XBycqr/AW76mIaPASdu0K7B71stu/5xS57favmNtLa9h6fD3SPVrIuWK3h0c6Obu1tHhyIiwlVrBeVXK+hp7N7RoTRLOVOka6iuruGqtcJeSHAwBoML3dzdcHZu2bmn8qaItAdHzZutzZng+HlTRERuX3mZraND6FIcbg5gERERaRlbVRU2W7UuyImIw+jm7obNVt3uvfFaQjlTpGuotFVRWlbucEWMOrba+CpbGJ/ypojcaY6cN1ubM8Gx86aIiIgjUQFYRESkk6qw2uimYa9ExMF0c3elwup4d+0qZ4p0fhWVNsrLrXd0ft+2UFMD5eVWKipblguVN0XkTukMebO1ORMcN2+KiIg4EhWARUREOqkKmw1X184xVLWIfH24uhqosDneBTnlTJHOrdJWxdWrFR0dRqtcvVrRol5typsicid0trzZ0pwJjps3RUREHIkKwCIiIp2UzVaFweDS0WGIiDRiMLg47BCDypkinVN1dQ1Xr1o7OozbcvWqlerqm3e9U94UkbbWWfNmS3ImOG7eFBERcSQqAIuIiHRS1dU1uDg7dXQYIiKNuDg7tejCXXtTzhTpvK5aKxx6+NKbqamxx38zypsi0tY6a95sSc4Ex82bIiIijkQFYBERkU6qpqYGJyddlBMRx+Lk5ESNA15xVM4U6ZxstqpO38vrVsegvCkibamz582WxO+oeVNERMSRqAAsIiIiIiIiIg6poqJrzPHYVY5DRBxfV8g3XeEYREREOpoKwCIiIiIiIiLicKqrq7FVdd5ebA3Zqqqorq7u6DBEpIvrKnlTOVNEROSrUwFYRERERERERBxOZx7CtDld7XhExPF0pTzTlY5FRESkI6gALCIiIiIiIiIOx1bVtXp/dbXjERHH05XyTFc6FhERkY6gArCIiIiIiIiIOJyuNvxnVzseEXE8XSnPdKVjERER6QgqAIuIiIiIiIiIw6mpqenoENpUVzseEXE8XSnPdKVjERER6QgqAIuIiIiIiIiIw+lq1/672vGIiOPpSnmmKx2LiIhIR1ABWERERERERERERERERESki1ABWERERERERERERERERESki1ABWERERERERERERERERESkizB0dAAiIiLSfpJf+QlbCm/dzj9+KUvv87/zAbWIjbwdq/ggKYu8Utsdi+3Auz/hnbPTWLo0Dkc5chHpuiqL9pH43k7ST5dSZgOcDRiDApkSN5l4kz+urdmYOZFFb1mY8x8LmakEJiJdko2iPUms+PQYuYU2KgHc3QkOj2DmjMlE+7Xu8lbGO8tYXhDJi/8RR8AdiVdEREREpGOpACwiIvI1Mnnx84ytbrDgUCK/+rCQSd/9AZMbFA0M7t7tHtuN2A6s4m8fZRM0eR7PTRqAbwfHVvjpK7ySVMjwJ3/Hk8Nb+eIzaaxOLSFq5jTCHectFpF2VmZO5Gdv5eI62MS870cS7usOlwtJ35lK0jsrSRo0mee/Oxq/jg4UyE1bQ9KlMBJmmDB2dDAi8jVVSsY7b7LcDOGTJ7Pk2yH4uYOlwEzq5n0sf+kw4QnzWDLOt6MDBSyYNyWT3mM0CycEd3QwIiIiIvI1pgKwiIjI14jBy5tGdUcvA2DAw9sbbwctSJozDlAe/jBPzxzuECcu/pN+wPMxNgwet/HiS8fZm1GI/70qAIt8feWycX0umOJ4cUEknnWLvY3Ezw0jPv4wG81eDlH8BSg6nkN6gZGZM1ABWDq5Koqz9/DF/vNcbknz7r2JGTWKQb4udzowuZW8L0jMrCL68YUsjvKqX2z0jmXe4FhmHkwmo4cjFH8BrOSac0gPCGPhhI6OReQrshVxfNcB0s+Wtqi5T98I7h4zEF9H+E+biIiIOMR1VBEREZEbKKS4EOjr6TgnLW4eeLt1dBAi0mmV5JJdDKHTh18r/jbkHcFMFQ1E2l5xOm+tzCSvxS/IJSPbxv/73gQcpbT4dWXJyaMIf+aYvJpdbxwWx5R2jknk66B4xxaWJ7folhm7zFyO2R7lRxN73rmgREREpMUc5lqqiIiIOAhLCq/++mO4/3mem3hdN9WKvbzxwmp4+L94enQJya+8wpa+j/F89CneSPySvFIbuPsSPvkxHrtvAI06ydqK2btmJWv35VFuA0PPcOIee4y4u5rvSls31LL9yTv85CcA/kxbupQ4fyg/mULi+mSyzpRjw4BHv3DiZicwqcH26ub1/cHDrmxfn0zWGQMTnnmeWTcZka/8ZDJvrE4m66INDB4ERc7hiYej8HWu2+g7/OSdwvo4KEzmlVe24D/vecbmvUPiF6coaXJ8B3jnJ+9woHYTW175CVsARjzJ7x4fDuWnSPlwLcmHat8bryDC753Jg3cPwtu5uShFpNPy7oWfM5jNBygbFdl8Efg6luPJvP3+AczFNjAYCI6ezOKESPxulh+qLWQlb+LtbfkUWcHVy5eYBx9gflTjUlZl0T5Wvbud9NP2OTVdff2JnT6NBLftfP+t3NpW+3hhyT4AohcsYbHpdg5cpIP5DmZE30zyzrb8JUERoSr+OgBjTyNwmgxzKTFRzReBG2lh/mvCVkj6hxtZlVFMmQ1cfQOZOW82M0Ma77NRTgY8+wczc1Y8ppxEXthssTcqTGLRkiTAqPnZpdPyjQghaFsmedW3bguAsw8jhqj4KyIi4ihcfvnLX/6yo4MQEZGv7mzhpVa193BzwcnJqf4HuOljGj4GnLhBuwa/b7Xs+scteX6r5TfS2vauro5fdSstu0p3r25fbSOFmWzNLGXQhAkMrLu21S0I97xk0g7B0ImD8WnQvCTtn6zJjWD2YyPxcyolJy2N7Iv5HDjmxaQnnmTutFhMXgWkbtlIiiWEKUNrL7RVF5L8x9+xtmgQc55awNxpsQyuOcCG9/5F6ZBYBjczrqhXvyjG3T0YDu7hVMjDPP+9uUyePI5BPVxxPr6Wl19Ppix0DguenMv02GH0PLeDtR+nUjpgMuG9ag9v/1YyC/I5kFGE75ipTIkZiynUF49mPt66tlmHbAya/S2enD0FU68i9iZ/xp7KocQO9mn+PSvNIS0tm7Mn9nLKOIl535rL9DF3UX0yjc+ST+M3KYoAF18Gj5vAxN6FpByuZtJ3l/LkjMlMHh6Au2spaa+/wvoG780w/1KOJH1Cft8pDHWUcWBFWqFN8lMbc5yYehPgdIiktMMk78sDY0/69fDG9Qa35paZE/nFipN4j5vC4gVTmB1pJPdfybx9xI37RgXiClB4iA37rITHRjPYC6CUjJVv89o+N2K/OZvFc8Yxpnc+m1dv41CPkcQE1Q5jcDaZ3/x+B9m9h/H0gtk8Om0IITUFpG7KxvuBWcybHEnA+Qwya0ws+cls5t4TTXRANzrBV6R0EdaKyjbcmicDIwOpPnqEE1du3Tpo8myevSeAtv7n7u7u2uxyx8lR1zhMTH5GXA7tZ9sXu9l9rhyjXx/8urvh0uzpfcvyX0HmDnZf6cuU2IH26VGq89n46j9YVdSXeU/fzxPfGMmwmmO8v2o3V8JHM6yHfev2nHwE69AJPLsgnjkT78Lv4lE2fn6ZMY/OYPbEQDhwhOyQWF75QTzx94wkvMeNYhVpe22aNz37M2bIVQ5nFFJSc4u2zj7c951HmdanbbPmjXImOFCOEhGRNmOrbOldR9IS6gEsIiIi1zEQFT+JLf+7l725swiq7y2bx/bUPHzHPkx4w//XW/y59z8fY2xtx1vviU/yb7zKrzZsJOW+55hkhJIvVrPlbDgPN2x333d4uvxl/vzZXqYviGp6UuLmgbebDx4ugMET7/pJiktI+SSNksEP81+Pjq3tZezN2Eefg7L/5INPUogLm3RtruNyD8Y8s/SmvX7rlfsy+UffYVJtQdo75kmmHfkJq49lUUzQzXsBRSSw9JHw2ifDmfVQHgf+J5ms4xA11D7PcvNzLp/i+EkIfzSBscH2d8E7chbfGTGLNr/qLCIOIWDqAl7yTWLF5mOsfWs1a7H3UAsfO5SZE0cRaqzNiNWHSXw/F89JCSypS2LekSz8NxtlL+xmY95oEoKa2UFWMm9nGoh/9gkSBtgXGUc9xPNVq3lu6xfkjo0nmGKS3ttHrl8kLy6OI8DeiuipCURPsfc0BvA0AM4uGL2NmgNYOj9DEN9YcA/nXvsX5rIbN/MYdg+LpwTpgomjcA5k5rNP4LduC2v37GN5pn1EAs/+gcSOG0f86BDq0mbL8l9TltQtrC0IZP6LDxFbe65qnPoEz5b9Hy8n72bO06Nxrc3JjIznxXkm+w04GImdG0KMzYarwQDuRjydAYMnRm9lTen8DH0nsjjhIr9+P4/yG7Zyx5TwIN/oqznTRUREHEmnv6x4JPs0R7PPcDT7DGXl1o4OR0REpGsInMyEfiXs2pl1bVnWDnZZwrn33uuqDYOHE33dKM7ekWMYQB7Hj9mAEszmvGbbDQgdADnZnGxNbCVmzGcgfER04yGm8SB6RDicOc7higaLe0UxtiXFXwD/4YRfd60uKNAfbGC7xUtDh4Y3XtA3iEDg1jcv+hPkD1kpH3MgvxxbXftOf5YmIjdmwG/UDH76/57j9d88xU+fjmHKQAO5n6fy8ov/x3Jzqb3Z8WNklLsTHXldEvMYSGhAKdk5lma3nmXOocw4kOgBjZd7DgwkuDiP7BKg5BAZpyH07tG1xd+G4ansJV1YtwgWLBhO0I2+Z/sO54dzI2h+ggrpMAZ/YuY+wUu/WcJf/t9DPPuAiXCDhW2Ja1j6YiIZtZWpFuW/Jixk7C+GwWHEXPfBhw7yhxP5ZENtTjYQPa6u+HuNq/KmdGEeEbP54RSfG64PmjKTBREtmdRCRERE2lOnPEMtK7eyIWkHabsONCn6ThgzjPsmRtM/SBOsiIiI3D5vJsSG8/E/09g7J5z3FPApAAAgAElEQVQoNxt7d34J0U/X9+Ct5+bZ9ITC2wdvoPBSMQDlZcDJD/j5Tz5oZl/Dudqa0MrLKQe8uzU9jTF0MwCFlFwC6k4FXBz9dMefuB/8AFYnkvinNMpt9vmMJ903i7ihmnlQpOMVsvG3K1lb2HBZgzkdC5N54bf7KGi42j+SF/8jrmlhtTnuvoQOiyV0WCwJ1cWk/n0lb7+zBfPvH8JktVKGlaTXlpHUzEsDbnADbFm5DSxmXl5ibmatkbJyACtlQICxjXqomRNZVD9ncK2R8bz+pH3C4Ix3lrE8s/FqzScsHcb/Bj3aPINYsGAibTyC6dfPrfLiLfLFrbj6hmCaFIJpElCczmv/k8ryjw7z+ryIluU/7+uXWykrBXK28/0l25t5XTBlAFYrZXjh16NFYd7SzfPiLb57RNpZn8kPsqDwPd462Pjcw2PYPSye3KeDohIREZGbcfQrok2czivkleX/vGFv37RdB0nbdZCnHp3OhDHD2jk6ERGRrsMQOYGx694gJb2EqBF7STnky5h/C2/asKIMG9edVJRcpgTw7eELlOPhCQx9mOfnRjS3p9b1svHwwAOwXW2y19plvni30YW5duMxgLinlxIH2ErzyPrXRhLfeplTj/6Gp6M73emaSBfjT/wzC4lt1JvfgGfdvOl+sfz0l6NpNOOec7fbGy7Z2ZfY0YG8nVVMbhGY3N3xxIvYxY8R38y1VVe35vfi6WEAvwiWPBPTTBG6NvZSdzwBi8UCbTG4c8QMXvnldWMlGLzqH5oSFvLKg41Xu6qLpXQgj4jZ/PAbifzxkyJ7EdjTj4cWzMak6SS/ulvlxVvki1bxjSFmUCrms4UUEdGy/NeEu335sFheSWjmXBcDngDu7nhSSlHDGw2/gpvnxVt894i0O09Mc2fyUNlG1uTYr8l6hIzSiAkiIiIOrFNdUbxQfLm++OvRzZ37JkVz95jh9PL1oazcyr4Dx1m/JY0LFy/z5nub8fBwJ2r4oI4OW0REpHNyDmf8WF9eTd1O2uUD5PWbwNOBzbQ7eoCM8rGNegaX7N/LKYKYFWYAvDGZglj7aS55XmMbzx98O7xNmPqt5eP9GZSPHtvggkM5GfuzoN8sIty+4j7uFHdPPCinvFGXZxs2m6F+xFWDVxDDZ87h3OFX2HL0OEQ3dyFSRNqTq9dN5r91dsfT270VWyskY2cp4eNCaG6wRPPRfPAIIdQP8A0j2uMYWflVJAxq+YgA4aYQPHfmkVttbDKsfT3voUT3TydxtxlLbGzj46umfhh6Tw8DWKu4yXSpdgYvjE161V3j6qE5hMXx9IlJ4IcV7/HHHXDPggTuVs/KtnGrvHiLfNFEoZnU0oHEhjRT/aw+TNZx8BwZiB/g15L814SR6BG+rEo6R65XDKYbnasOsufkjL2HmT/4upsa6/NmbTHZaqUSmgwV3dCt8uJNv3tEOoJzH+5+Yiblb6zjXwznh0+M1YgJIiIiDqxTfU2/8d4n9cXfH3//EWZPm0AvX/scFJ4e7kwYM4wXljxJ/8DeALz13mbNCywiIvIVBMVOIOhiCmu3FxMeO6HpiHkAxkI+e201X+YWU1JSzKn01fx5wyk8oqcxofaqlffdM5lg+JJ3/ucDUo7lUVJSQkn+cVI++jO/emfvLefXbcybSd+YgPfRD3j1vS85daGEkgun+PK9V/ngqDcTvjGp+TgdQWgkJq8SUtas5UB+CSWlNsjfzCsvvMIHn2fZj6WkmFOff0xKIYQPrr2RLWstv/r1r/jbF8XNPyeLtb/+Fb96PY3iZncsIg6j6ChJH61h6YsrWZViJrvIgqXEQtGpfWx8ZwXLv3Qh+ptxhAM4RzBnhj8FG1ax7ON9tW0Lyd6bzPLfriAx7wb7CI9lzqBiEv+wksS9ORSVWLAU5ZC+NZEXfpuEfeBVX+JnRGDMS+eF5Ulk5FmwlOSTlbKGF36xmvTa/0aFjwzB02Jm1YdmcksslOm/V9LF9Jn4KP/9k0e5T8Vfh1WUtZtVf/o/lv5pE0kHa3NaXS78/SZSnYOZPyvM3rhF+a8pY2wsUwzHWP77NSQdzcdSYsGSd4ykD99k6Vu77b2Za3Ny5Zeb+NmqdHtOLsoh/eOVLK3ftpHoSF/I2snyFPv+y1p3oivi2Jz7cN/C7/DfCyeo+CsiIuLgOk0P4NN5hRzNPgPAU49Nv+Ecv54e7vzgqTn817J3KCu3krbrAPdNGtWeoYqIiHQdxgmMD/+YD06PZVLkDU4b+k/jB9F5vLPyFT6w2MDdl/D7vkPCvYOunWg4D2LOz37KgDUr+fidV/nYChg8CBoax2MPRrX+hCRsDku/50vi+o389bcfYMM+b+6cZ+cxobleyo7CeRBzFs3i8tubeed/08B/GkuXTuc7D9tY/dlq/rqh3D6ctlcQ4Q8+x7y64Z9tlymxlOBRbmv+OTYuW0oocS9vZTFdRNqdXyw//fVgMrZtZ+O/PiN1nc1eWDAYCOgfxrwfTSY26FovN+OEJ3jJP5m3P9zOsm3J9h5lvv7ETp/NnKAb7cSXKd9dSEDyJlZ9tIakUsDZgN+AMOZ8+16C65oNnsGL3/fh7XV7WPE/ZioBT39/YuZOI9r9WpslDySyfHMSv0qDgOlP8OJUVcpEpP34TXqKV4eaSdq0m6T3D5NYal/u6uVF8MhYnp8RQ3D9kDAtzH/Xcw5j3i+eIPTDjSS+tZpEK2AwEDxsFAvnjq7vyWuc8AQvemxixaadvPxSKjgbMAYFEp8QU79t44SHePbcGlZsXMPP1mm+cxERERHpGE41NTU1HR1ES6zfksaGpB306unDy79YdMv2b763mbRdBxkc2o8ff/+b7RChiEjH2ncgp1Xte3Z3w8nJqf4HuOljGj4GnLhBuwa/b7Xs+scteX6r5TfS2vYeno5/j9S585fo0/sOT3ZbncUH//UGefc9z3MTr+9XW0jyK6+wpe+T/O7x4Xc2DhHpVNolP7WSI8YkIjd3ueSWg493Oj7ezQ3+7pg5yhFjEpGb62p580Y5E5SjRES6onINndKmOs1gHRcuXgZgyKD+LWofWTv375n883csJhERka6uZEcyX1rDmRTjsIMqi4iIiIiIiIiIiEgDnaYAXDeXr0c391u0tPP0cG/0OhEREWml6lNsTzmFR/QEotw6OhgRERERERERERERaQnHH9+yVv/A3uw7cJyjJ860qP2R46cBGBza706G1WrlVyt4bcUa8gqK+PfvziUkOOCm7S2XS/n9X96n0lbFz374GD2M3dskjg1JO1i/JY0xkUP4zhOzbns71dU1fLk3iw1JOzh/4RIe3dz50fceZkC/Pm0Sp4iIdCDnAcz62e+48beEP3FLf0dcO4YkIiIiIiIiIiIiIjfXaXoA9w/yB+B0XiEXii/fsn3aroP21wX639G4blf5VSubP9tFVVX1Tdul7NzPufMX2ymq1tu87UveWP0Jly5fYdiQuxgTObi+97WIiIiIiIiIiIiIiIiItK9O0wM4avggevX04cLFy/z5rXUsXfzIDQuNb763uX7O4KmTRrVnmK1y8MhJjuWcIXxQcLPrzxYWk7JjfztH1XIlV8rYsfsQbq4Gnvn2nBseh4iIiIiIiIiIiIiIiIi0j07TAxjgqcemA/ZewK8s/ydHsk83Wl9WbuXN9zbX9/6NmxhNL1+fdo+zpawVlWz+bBcVFZVN1tXUQGq6mUuXr3RAZC1zuaSM0rJyvLw86Nvbt6PDERERERERkS7EyamjI2hbXe14RMTxdKU805WORUREpCN0mh7AAENC+/PUo9N5873N9iLwX/5JL18f/HoaARoVhCeMGcajc6Z0VKi3ZPTxom9vX7KO55J5MJsxUeGN1p8pOE/a7kOE3hVIRaWN0rKrAFwpLecPf/uQvILzLJ4/m5HDQhu9rqzcyh/+mkjBuWKeW/QQYQNbPgdy3bzAs6dNoH9gbxI3pHD+wiVcXJwxhYcwb24cPXy6c8lyhZf+uJrii3VDcZfz4xf/CtBoTuELFy+z7pMvyDyUTVm5FTc3V8JCgnj4/kn0C+h9m++ciIiIiIiIfB04OTlRU1PT0WG0GSdVM0TkDutKeVM5U0RE5KvpVAXgI9mn2XfgeKNlF4ovN5oT2KObO7Onjee+2qGfzxSc5/CxXE6czCf7ZD44OTEoJIgB/frQL8CPYUPuatdjqOPi4sK0KWPIf+8Cn32xj+ERA/Ho5gZAVVU1Sf+y9wyeNmUMSf/aXV8A7u7lQUxUOIlnzpG26yDDw0NwcbnWkfvYiTOczj/PyKGhDBwQeFux7d53hK3bdxN6VyAD+vlzJPs0ew8cp6zcyg+enoObm4FoUxjnzhdz6OgpDC4uDA8Pwc3NwMDgAABOnCrgT2+s5UppOYF9ezFyWCjnL1g4fOwUL722mgWPxDcpeouIiIiIiIjUcXZ2prq6qqPDaDPOzp1qEDYR6YS6Ut5UzhQR+f/s3Xl8VPW9//HXZCYzmeyZkEASJgGSECQsIYAYRERRsFVErWJti7du7a221Vbvz17118XbWu/vajerXdxavVal3ipYF/CiiAgiEMISSSBhyZAA2ffJJJPM748kQ8IWQpaZDO/n45FHJud8zzmfM3z9gnnP93xFBmZEBMBV1fW8vvIjtp8Q/k5MHcsoWxSxMZ2PebYnxZORaveuDbxp6xf87R9raXG19jpuy/YCtmwvADpnCt/21auG4S5OlpQwirmzJrPm421s21HIvDlTASgpPcaO/P3MmJrGxAljWbNua6/jsqak8b/rczlQcpSqmnriR0UDncFx9+Ov587O7BUM90d9YzP33vUVUsd1BsgVVbX86o9vUFJ6jLKjlaSOS+TmpQs4UHKEogNlWK0WvnrdZURHhQPQ2trGqtUbaWxycu3iuVx9xUXex7Z8vr2AF197n7c/2MTENDtREWHnVKOIiIiIiIgENpMxCLc7MIIM6LwfEZGhFEjjpsZMERGRgfH7ALh7vd9mpwsAe2IcV8yfSdaUNG/Qeyq/+uPf2bOvBIAli3JIiLeRPHY00ZFhHD5SyeEjFaz/bBcbt+SzbcdefvivNzEhJWFY7qlbkMHAZRfPIHdXEWs+3srUyRMICw3h3bWfYzIZWbRgNm53O7V1vdcBjouNZsqkcXyyeRd5u4tYtGAWAEfLq9l34DD2xLh+Pfr5RNlT073hL4AtOpKkhFHsyC+mrr6pz+OPlFdzoOQo8aOiuWTO1F5rdmRlppI2LonCYgcHDh0ha0raOdcpIiIiIiIigctkMoKrzddlDBqTyejrEkQkwAXSuKkxU0REZGD8+qNUPcNfa4iFm5cu4Mf338rc2ZlnDH9/+l9/Zc++EsbE2/iPB2/j2sVzmT1jErv27Of5v72HOdjEpTnT+b8/+AZTJo3D1drGL3/3N9rbO4bx7jrF2iJZeMkMjpbXsHnbHvbsLWF3wQHmzprM2IQ4PB4PHSes3WEwQM6syVjMwWzJK/CG4/mFB2lodDI7a9IZ35++dM/k7WY0BmEOPvvPCtTUNuBscRERHorZHNxrn9kcTES4FY/Hg6Os4pxrFBERERERkcAWFBSEyRgYAYDJaNTjTEVkyAXKuKkxU0REZOD89m/SnuFvbEwk/3b3Mu+6vmfy7trNlB6txBpi4T8evI0x8TbvvtdXrmP77qJej5K+966vMHd2Ztf+jwb/Rs7CnOwLsCfF88HH21ixah0xURFcdvGMXjNnT5QydjTjkxNwlFWw/1AZzU4XW/IKiImK8Pms2o4OD54TQmsRERERERGR/jKb/f7BZWclUO5DRPxfIIw3gXAPIiIivua3AfCLr73vnfn74/tvxZ4U3+cx7e0dbNi8C4Cbly44af/CS7KZmDqWGScEpF+7YSGxtkg++jSP/MKDg3MDfdbaTmtb5yNZwsOsXLVgFg1NzRyrqGHhJTOItUWe8XizOZicWZPp6PCQu3Mf+/YfxlFWwZRJ44iLjR6OWzitWFskodYQGhqbaW3t/diZ1tY2GhqdGAwG7IlxPqpQRCQwGAwGfeBGRPyOx+PBcKZPMvqIxkyRkclkMo74x4D2dQ8aN0VkMI30cfNs6vfXcVNERMSf+GUAvGr1Ru/jge+5felZP854R34xFVV1zJiaxsUXTjlp/1evu4x/u/vmk8JkizmYhZdkA7A5d88Aqz87ra1umppbvD/PmJbOhVmTSBufxKysjLM6R2bGOOJHRbPji2LefHcDJqORnFmTzzhzeDgkxNsYnzyG8spaPtm8i57/v5iXX0zRwVLGxMcwfpjXXBYRCTRBQQbaO/RLORHxL+0dHoKC/O8XchozRUauEIvZ5/+fe64Mhs76z0TjpogMtpE6bp7NmAn+O26KiIj4E797nkaz08XaT3KBzhm7Gan2sz72ww3bARib0HtmaVV1PavWbCRvdxGxtige+M6yk0LliRPGArBp6xfcfsuXBnIL58RkNHL71/p33ajIMGZMTef9Dz+nvqGZSWnJpIwdPUQVnj2zOZhrF8+lpLScVas3snVHIclJ8VRU1bH/UBkmk4klV+YQFRHm61JFREY0k8mI292OyeiXn+cSkfOU293ul7NONGaKjFxBQQZCQiw4nS5fl9JvISGWPkMKjZsiMthG6rh5NmMm+O+4KSIi4k/87l/xebuLaO76x8m1i+ee0zkSx4zq9XNlTR1zZ2fS7HThKC3HUVZ+0jEpY0cTExV+TtfzpQuzMggPs2IwGMiZNRmzOdjXJQEwISWBh+/7OhdlX0BNbQObtn5BSWk5F6Sn8O/fv4XZMyb5ukQRkRHPbDLR1ub2dRkiIr20tbkxm/zuc6YaM0VGuGCTkZCQvmeF+ZOQEDPBZxFQaNwUkaEw0sbNsx0zwX/HTREREX/id39Tbt9dBMDc2Zln/ejnE7ndvf8H5WxnEQcFDX0ebg0x8+B3v3rW7aOjwvnPR+7qs138qGgyM8ad9XmXLMphyaKcPrd1+9bya/jW8mt6bRufnMDvfvHd014jNiay37OaRUTk7JktJmpqm4gIt/q6FBERrxZXGzHR/vekF42ZIiOfOdiEwWCgpcWFPy9NazB0zmI72yBD46aIDJWRMG72d8wE/x03RURE/InfzQAuLHIAZx/a9hQV2fkXf9GB0n4fe+RYFVU19YSHjaz/sfk8r5DGJiczpqZ7719ERM4PJqMRkymIFlerr0sREQGgxdWKyRSEyeh/j+TTmCkSGIJNRsJCrX776E9TV31nH/5q3BSRoeXP42Z/x0zw73FTRETEn/hdAOxs6Xz8s/UcZv/OnDYRgKIDZSftq6qu974+VbjcfUz21PR+X9dX6uqb2L5rHzFREVwyZ6qvyxERER8IDbHQ3Dyy1nUSkcDV3OwiNOTcnuIzHDRmigSGoCADoVYLoVaL3wQAJqPRW9PZrF/ZTeOmiAwHfxs3z3XMBP8fN0VERPyF3z0CemLqWPYWH+Yvr73P2sT4sz4uI83OwnkziImOoPRoJR99msdlF2d591fW1HlfV1XX0+xswZ50/Pybc/cAkDUlbRDuYnhs3VFIeWUt8y6cQlxstK/LERERH7BYgnG2tNLU7CIsVP8TLCK+09TsIigoCIsl2NelnJbGTJHAYjIZMZmMdHR04Ha3427voKOjA4/HM6SPOjUYwGAwEBQUhMkYhMlkPKclpTRuishw88W4OVhjJoyMcVNERMRfGDwe/1oBwlFazn89s8I7E7g/nn3yftas28rf3/4YozGIP/6/H/Ta/+iTL+EoqyA2JpKbr7uMGV1h7yv/87+s27iDC2dM4q5vXD0o9yEiMtzydh/oV/uYcDMGg8H7BZzxNT1fAwZO067H9762nfj6bH7ua/vp9Le9NdTvPiN1Wu3tHVTVNBAdFYY5eOTULSKBo7XNTW1dE7ExERiNfveQoV40ZoqIP9C4KSLSPyNp3BQRkXPjbHb7uoSA4ncBMHTO0P10y+5+HTPKFsXc2Zm43e388qlXKTl8jAkpCdx75w2Ehob0OnesLdL7819fX82Gzzuv9dC9X2N8csLg3ISIyDBTAHxmgRwAA7S42mhobCYmKtwv13YSkcDldrdTU9dIRHgoISNkNobGTBHxJY2bIiL9MxLHTRER6T8FwIPLLwPggTpyrIo/vvRPyo5WAvD1r1zB+OQx2KIjsYaYqalroK6+iRWrPuZAyREAvn3rEmZNn+jLskVEBkQB8JkFegAM4GxppbHJSVSkZmeIyPBobXNTV99EeJgVa4jZ1+X0i8ZMEfEFjZsiIv0zksdNERHpHwXAgysgA2DoDIFXrFrH7oKDZ2yXNGYU1yzKUfgrIiOeAuAzOx8CYOicnVHf0ExYaIjWaRORIdXU7KKpuYXIiJE7E0NjpogMJ42bIiL9EwjjpoiInD0FwIMrYAPgbpu2fsHHm3Zw+EglLlcrACajkcSEWGZOm8jCS7KxmPUPCBEZ+RQAn9n5EgBD5zptDY1OOjo6CA21EGLRp6RFZPC0uFppbnYRFBRERLh1xK/BpjFTRIaaxk0Rkf4JtHFTRETOjgLgwRXwAXBPR45VARA/KhqjUWvWiEhgUQB8ZudTANzN5WqjucWF291BiCWY4GATJpMRY5Ch3++HiJyfPB4P7R0e3O522trctLjaMJmCCA2xYAmwWRgaM0VkMGjc1LgpIv1zPo2bIiJyZgqAB9d5FQCLiAQyBcBndj4GwN3c7e20uty0ut243e10dHjQX/8icjYMBgNBQQZMJiNmkwmzxYQpwD9IqTFTRAZC46bGTRHpn/Nx3BQRkVNTADy4Aue32yIiInJKJqMRU6iRULROm4hIXzRmioj0j8ZNERERERH/owUUREREREREREREREREREQChAJgEREREREREREREREREZEAoQBYRERERERERERERERERCRAKAAWEREREREREREREREREQkQCoBFRERERERERERERERERAKEAmARERERERERERERERERkQChAFhEREREREREREREREREJEAoABYRERERERERERERERERCRAKgEVEREREREREREREREREAoQCYBERERERERERERERERGRAKEAWEREREREREREREREREQkQCgAFhEREREREREREREREREJEAqARUREREREREREREREREQChAJgEREREREREREREREREZEAoQBYRERERERERERERERERCRAKAAWEREREREREREREREREQkQCoBFRERERERERERERERERAKEAmARERERERERERERERERkQChAFhEREREREREREREREREJEAoABYRERERERERERERERERCRAKgEVEREREREREREREREREAoQCYBERERERERERERERERGRAGHydQEDtSO/mCPl1Rw5VoWjrAJHaTn2pHjsiXEkjI4lId7G9MxUX5cpIiIiIiIiIiIiIiIiIjLkRmwAXFPbwF9XrCG/8OBJ+xyl5ThKy70/Z2aM41+WLSImOmI4SxQRERERERERERERERERGVYGj8fj8XUR/bVp6xe88Op7AIyzjyFn1mTiR0UTPyqG+FHRlFfWUl5ZQ3llLZu2fsFBx1EAbr/lS+TMmuzL0kVEhkze7gP9ah8TbsZgMHi/gDO+pudrwMBp2vX43te2E1+fzc99bT+d/ra3ho7Yz0iJiIiIiIiIiIiIjCjOZrevSwgoI+6328UHy7zh76zpGXz71mu8+9zt7RQWOUgdn0j8qGgALp83gz+99E+27ijkhVffI35UNKnjEn1Su4iIiIiIiIiIiIiIiIjIUBpxM4C/+9BTuFytfPf267xr+1ZU1fL6ynV8sfcQbW1ugoNNTJ6Yws1LFxAX2xkE78gv5vcvvIXFYub3j33Pl7cgIjIkNAP4zDQDWERERERERERERMQ/aQbw4ArydQH98ea7G3C5Wvnywjne8Le6pp6HHnueHfnFhJiDyUi1E2IOZkd+MQ899jzVNfUATM9M5csL5+BytfLmuxt8eRsiIiIiIiIiIiIiIiIiIkNixATA+YUHeXftZsbE27jmyou821/5n7UAzJo+kV89ejcP3L2MXz16N7OmT+y1H+CaKy9iTLyNd9duJr/w4PDegIiIiIiIiIiIiIiIiIjIEBsxAXDxwTIA5s2ZSnBw52M5a+oa2blnP5MnpvDtW5f0av/tW5cweWIKO/fsp6auEYDgYBPz5kztdT4RERERERERERERERERkUAxYgLg/YeOAGBPjPNu6368c+KYUac8pnt7d7uex3efT0REREREREREREREREQkUJh8XcDZKj7UOWM3bVyid9vo+BgA6huaTnlM9/budj2P7z7fcHO2tPK75/5B0YHSU+6Piggje1o6SxblEBEeOoR1uFj5/kY25+6hscnJxAlj+f6dN2CxBA/ZNUVERERERERERERERERkaI2IAPjQ4WO0tLSSnBSP2Xw8oAwPtTIhJYHPtxcwY2q6d91fgK079vL59gImpCQQHmr1bjebg0lOiqektJxDh4+RMnb0sN5LTxmpdmwxEd6f3e529h0o5aNP88gvPMh937qRuNioQb+us6WVp19YSWGxg+iocGZnZZA0ZhRBQYZBv5aIiIiIiIiIiIiIiIiIDJ8REQBHRoQBUF3bcNK+BXOz2H/oCH966W0+y0z1hrs78ou9+0/UfZ7u8/rK5fNmkD0tvdc2d3s7L61Yw6atX/De2s0sv2kRhkHOZYsPllJ0sJTksaP5wbe+QniYte+DRERERERERERERERERMTvjYg1gGOiwomLjaaxycmhw8d67RtnH83UC8YDsCO/mLfXbPKGv1MvGM84e+8ZvocOH6OxyUlcbDQxUeHDcwP9YDIauTRnOtYQM6VHK2lxuQb9Gscqamhv72D0qGiFvyIiIiIiIiIiIiIiIiIBZETMAAaYkJJARVUt+/aXeh/bvGvPAd7453rKjlYCnY9Unpg6lr3FhyksdrBrzwGqakrwM9YAACAASURBVBq48Zr53pB43/5S7/n8VUS4FbM5mPqGZlpb3VhDLHg8UFBUwj/e+YSS0mN4PBAXG83Sq+YyO2uSd5bwgZIj/PpP/0NSwiiWXXspb733KXv3H2b65FRmZ2Xwx5fe9l5nS14hW/IKAfjOv1xL9rR073XefHcDjrJy3O52oiLCmJWVwdKr5mINsXiPf3vNJlat3si1i+cyOi6Gle9vpKKqlru+/mXSJ4zll0+9CsC/3rqE99ZuZlfBATo6OpiQksjtt1xFRHgoK9/fyKef78LZ0kp0VDi3XH85M6ake++no8PDjvwiPtyQx/6SI7S2tmEyGZmUZudrNywkLjb6lPXYE+P4+9vrqaiqxWgMYuqk8XztKwuJjuwd+p+4FrLJZMSeGM/1X57HpLRkDAbO+r0XERkOxypqfV2CiIiIiIiIiIiIjGCj46L7biQj2ogJgKdeMJ7NuXv4ZPMurpifTUOjk7+8/j71Dc3Mv2ga83Om9VrP99DhY6zftJP1n+3kL6+/z08f+CYR4VY+2bzLez5/deRYNY1NTlJTEgmxmAHYklfAi6+9T1BQEJMnjsMaYqaw2MFzr7xLZXUdX144p9c5jlVU8+s/vYGrtY3I8DA6PB4iwkPJmTWZw0cqcZSWE2uLZOKEsQDYYiLxeOC9Dzez8v1PCQoKYlKanbBQK/sPlbH2k1y+2HuQ791xw0nrEn+6ZTfVNQ0EB5uIiQqnvrHZu6++oYnf/PkNYqIjmDltIvsOlFJ0oJSnX1hJRLiVsmNVTJk0npq6RvYfKuOFv73HvXdZSe+qa0teAc//7T2sIWYmThhLRLiVktJy8gsP8dTzb3L/d5YRdcKjvLfmFfLBx1tJHZdIyth4CosdbN9dRLPTxT23X4c1pPM9raiq4zd/foPyylrvWshudzsFRSX84S8rufeur5A6LrHf772IyFDSP85ERERERERERERE5ExGTAA8ZdJ4bNERlB2tZNXqjbS2tlHf0MzMaRNZftOVJ7VPGTua5TddSVNzC9t27mX1R59jNgdTdrQSW3QEUyb5XwDc0eFh734Hr731ER0dHrKnpWOxBOMoq+C1tz4iOjKce++6gTHxNgCanS6efuEt1n26g1nTM4gfdTwUaGh0MnPaRP7l5kW9Zu1OTB3L22s24SgtZ0JyArff8iXvPkdZBf+7PpdQawjfvf06UsclAr3XJV69bgtfv+GKXrNe6+qb+Nr1lzM/ZzpBQZ07ausaO491t/Olyy9kyaK5GAydbf/rmdcpPVpJclI8P7n/X4iMCMXjgZf/voZPNu9i++4ibwA89YIJ/Pv3v0bK2NHec/dsu2vPAeZdOKXX+1jf2OwNbwEqqmr51R/foKT0GGVHK0kdl4i7vZ0Vq9ZRXllLzqzJ3LpsESajEYDW1jaKDpaRYh99Tu+9iIiIiIiIiIiIiIiIiK+MmAA4LDSEL19xEf/9xgd8sH4b7e0dAFy5YOYZj7tywUy27dzLh5/mYTR2Lnn85SsuIiw0ZMhr7ssf/rrqlNuDggxcPm8Gl86dDsDeYgcNjc1cdOlMbwAJEGq1sGDudJ595V3Kjlb2CiFjYyJZtnRBr/C3L7v27KehsZlL5kxlQkqid7vJaOTK+TPZtecA+QUHqW9oIiry+Kzb7KnpXDo365SPQo4ItzJz2kTvvsiIMMYmxHGsooaZ0ycSGREKgMEAF6Qn88nmXd7wuPsexyeP6XVOgwFioiMAqKltOOma2VPTveEvgC06kqSEUezIL6auvgmAY+U1FB8sJSoyjGuuvMgb/gKYzcFMnpgCnNt7LyIiIiIiIiIiIiIiIuIrIyYABrg0ZxoF+w6xdcdeoDMUTu0RVJ5KakoiYaEhNDW30NYGs6ZP5NKcacNRbp8yUu3YYiJ6bUsZO5qszDRibZHebQcdRwH44ONtfPDxtlOeq+xYFVlT0rw/x0RH9Cv8BThyrMp77IlhbkR4KGZzME3NLVTX1vcKgMfE2067Dm5wcHCvsN1gwDuTd0ycrVdbY48Qtpu7vZ3Pcwv46NPtVFbX09jk7PM+oqN6r/NrNAZhDu7d1SuqamlsaiF1XCIR4b0fId3Tubz3IiIiIiIiIiIiIiIiIr4yogJggG/fugTjK++yOXcPTc0tvPja+1wyZypp45NOalt0oJRPNu+iqbkFgDnZF3Dn17883CWf1uXzZpA9Lb3Pdt2zne1J8YxNGHXKNomjYwdcT/d1/IXHA6+99REfb9xBUJCB0XExZGaMIyjI4F3H+Fx1dHjweDx9thuu915ERERERERERERERERkMIy4ABjgzq9/mYmpY1m/aScbt+SzcUs+sbZIEkfHMs4+hoOOo5Qdq6Kquh7onFU7P2ca8y/yj5m//TU2MY4teYWMt4855XrHg32dmtoGPB56zeptaGymtbWNsNAQbNGRpz/JIGp2tnDg0BGCg03cc9tSMjPGefetfP/TAQXAsbZIQq0hVFTV0tDYhDXEfMp2w/Xei4iIiIiIiIiIiIiIiAyGIF8XcK7mXzSNR37wDZbfdCVp45NwudrYtecAb6/ZxK49B3C52kgbn8Tym67kkR98Y8SGvwBTL5hARHgoubv2UXywrNe+1tY2CoocgzJ7t/s623cXsf/Q8eu429v5YP02GpucZE4aR2TE6R+ZPJhMRiMhlpOD2YqqOj7fXjCgcyfE2xifPIa6+ib++cFnuNvbvft6vqfD9d6LiIiIiIiIiIiIiIiIDIYRMQO42eki1Hrq9WznX3R8Zm9tXSOHSstJSYo/aR3Y/p7Xn4xNiOOqy2bz5nsb+H9Pv8aElETiYqNoaHSyd/9hTEYjP/zXG0kZO3rA17lifjYr3/+UJ/6wgklpdsJCrew/VEZFVR0Jo20sXjD7tOv9DjaLJZjsaensO1DKM39ZxQXpyQQZDBQWO7AO8M/NbA7m2sVzKSktZ9PWL9izr4T08Um43e0UFJVgMATxw3+9keSk0cPy3ouIiIiIiIiIiIiIiIgMBr8PgKuq63n0Vy9hT4zngbuXnbHtAcdRnnlxJUsW5XDt4rlnbPvEMytwlJXz4x/eSqxteB5pfK4MBrjy0llMSEngnx98xr4DpRQdKMVsDiZ9fBLXXHkRyUkDDyANBvjS5XMYn5zAm+9uoKDIgdvdTlREGAsvyWbpVXOxhgxvYH7ZxTOwhlh4870N7MgvJjIilKVXXUxjk5O312wa0LknpCTw8H1fZ+V7n7Lji2K25BViMhmxJ8Zz/ZfnkZw0etjeexEREREREREREREREZHBYPB4PB5fF3EmL772Phu35APwwN3LyEi1n7btj37xLFXV9YRaLfzy4btOO7u3sNjBE8+sAGDu7Exu++pVg1+4iMgwy9t9oF/tY8LNGAwG7xdwxtf0fA0YOE27Ht/72nbi67P5ua/tp9Pf9tZQv/+MlIiIiIiIiIiIiEhAcDa7fV1CQPHrNYCrquu94S/A26tPP+Nz45Z8qqrrgc5HO//v+m2nbdvzPD2PExEREREREREREREREREZyfxuBvD/rt9G3u5iKmvqvMHs3NmZFBY5qKrp/NmeFE9oiIVYWyRV1fUUFju8xy9ZlNPr0cAZqXZvu+YWF47ScgBiYyLJSLN7A+ZYWySjYqLImpLKFfNnDtftiogMGs0APjPNABYRERERERERERHxT5oBPLj87rfbq1ZvwtniAsAaYiEjzc7NSy+jsNjB26s34iir8Ia4FB8/LjYmkqwpaVy7eC7NThd5u4uoqukKh4t7X8OeGMeSxXPJSLXT7HR1hsvV9VRV11NSWq4AWERERERERERERERERERGJL+bAewoLee/nlmBs8V10vq8zU4XT/xhBY7ScuyJccydncnrK9cBcNtXr2Lu7Exv2+27i/jLa+/T7Ow8j6O0HEdZBfakeB74zrJe6wN3rzNsDbHwb3cvw54UP3w3LCIySDQD+Mw0A1hEREREREREzlZtSxn7azfjqN9JeeM+qlscNLVW09rejAe/+pW6nIIBA2ZjKGFmG7YQO/Hh6dgjpzEheg7RIYm+Lm/A1D8DX6D34VPRDODB5XcBMPQOge++bSkzpqQB8PSLK8nbXYQ9MY4H7r6ZUKuFjVvyefG19wF49sn7vee495Hf0+x0cfPSBVwxf2ZnePzM6zjKKsiaksY9ty0FoLDYwRPPrFD4KyIjngLgM1MALCIiIiIiIiJn0tRWQ+6Rf7Cz/B2qmktIteWQHJnFmPAMbFY74eZRmI2h3t+JiP/y4KG1vZnG1kqqnQ6ONhZSUp9HcfUmYkOTmRZ/NdkJNxAWHOPrUs9az/5ZUpfn63LEh5KjskZkH+6LAuDB5Ze/3bYnxZORZidvdxGhVgtrP8llbGIcsTGRAFwxf6Z3Bu/c2ZneALiqup6NW/OZOysTa4ila/bvFABCrRaWLJ7LMy+uJNRqobDYweGyCmxd57QnxSn8FRERERERERERETnP1LaU8XHJs2xyvMTMxBtZNOGHpNvm+bosGQADBizGMCzWMGKtKb3+PPdVbyDv2Nv8x/pZ5Nhv5dLku/x6RmXP/qnZvQJQUpdHSV0e7+x7bET0YfENvwyAARxlnev8PvPiSpqdnWsCd4e+ldV1x9t1rQccarXwo188C8Cq1Ru9bR1l5WSk2nu1zdtdxMYt+b3OWVVTP6T3IyIiIiIiIiIiIiL+Ze2Bp/hg/2+4NOXbPHzJZ0SY43xdkgyxdNs80m3zuCr1ATaUvMjjn17ClRPuY+H47/m6tJN0908Fv3IqHjxsdPyVTY6X/LYPi+8E+bqA06mq7gxkm50uJqaOJTYm0hsEFxY7vO0qa463A8iakuad/QvHQ9+exzU7XcTGRDIxday3Xff1RERERERERERERCSwlTbs5umtN3C0aS//NvdDvpT2fxT+nmcizHF8Ke3/8G9zP+Ro016e3noDpQ27fV0WcLx/rtn/a4W/0icPHtbs/7Vf9WHxPb+dAWxPjMNqtXDt4rneGbwbt+Tz2lsfYU88/qjmUV2PcJ47O5NrF80l1hZJVXU9q9ZsZOOWfGJtUT3OGY+jtIJrF+dwxfyZQGcovGr1RpxdQbCIiIiIiIiIiIiIBK7co2+yIv8Brp/0c+Yk3eLrcsTHYq0pfH3KU2wufZWnPl/KsswnyB5zvc/q6e6fCn6lv0rq8vyiD4t/MHg8Ho0iIiIBIG/3gX61jwk3YzAYvF/AGV/T8zWda6mcsl2P731tO/H12fzc1/bT6W97a6jffkZKRERERERERM7RJyXP86njL9wy5bekRGX7uhzxM4fqcnl1971cbP8mlyTfMezX/6Tkef657xfDfl0JPNekP+yTPjwQzma3r0sIKH77CGgRERERERERERERkcHyScnzbClbwV3Z/63wV04pJSqbu7L/my1lK/ik5PlhvbbCXxlM/9z3i2Hvw+JfFACLiIiIiIiIiIiISEDLPfomnzr+wr9M/zOx1hRflyN+LNaawr9M/zOfOv5C7tE3h+WauUffVPgrg+6f+34xbH1Y/I8CYBEREREREREREREJWKUNu1mR/wC3TPmtwl85K7HWFG6Z8ltW5D9AacPuIb1Wd/8UGQrD0YfFPykAFhEREREREREREZGA9Vbhj7l+0s/12Gfpl5SobK6f9HPeKvzxkF7nrcIf48EzpNeQ85cHz5D3YfFPCoBFREREREREREREJCCtPfAU0SFJzEm6xdelyAg0J+kWokOSWHvgqSE5/9oDT1FSlzck5xbpVlKXN2R9WPyXAmARERERERERERERCTi1LWV8sP83XJWqx+vKubsq9QE+2P8balvKBvW83f1TZDgMRR8W/6YAWEREREREREREREQCzsclz3Jpyre17q8MSKw1hUtTvs3HJc8O6nk/LnlWj36WYePBM+h9WPybydcFiIiIiIiIiIiIiIgMpqa2GjY5XuLhSz7zdSkDUp5/O08eXXeavRZMxgVMGvNdrpuYSYSmew2Zecm38YtPLuKK8d8nLDhmwOfr7p8jXuRybkm/k4xIO9bu/udx4XTlU3x0BWuLVzBy5pw+zv0LlxFPPcX7svhzia/rGXybHC8NWh8W/6e/EkREREREREREREQkoOQe+QczE28kwhzn61IGhyGNCFNm7y9jJO721ewuXcLPN66gvMPXRQauCHMcMxNvJPfIPwblfLlH/jHiZ//aUl7hkVk/Iyu6M/x1t7s6v7BgDclmyrjHuWfeC1we6etKpZsHz6D1YfF/mgEsIiIiIiIiIiIiIgFlZ/k7LJrwQ1+XMXgiH+eRWdknb2/cxMtbv85u1494de9V3DvJf9K27tnL8WM2c3/myA/is0YvYc3+X3FJ8h0DPtfO8ncGoSIfsj7E8gk5RBjAWfccb+U/Rp6ze6edrAkPsdC+mHhLKqOVQvmVneXvDEofFv+nGcAiIiIiIiIiIiIiEjBqW8qoai4h3TbP16UMvfAcbhm7HICy6k00+LicQJZum0dVcwm1LQN7qHFtSxkldXmDVJWPpCwgMQhoz2X91p7hL4CDvP3f4cnP72PT4VWsrvZRjXJKJXV5A+7DMjIoABYRERERERERERGRgLG/djOpthxflzFsTLZM4gHa63D21VgGJNWWw/7azQM6x0CP9wfzQ+M7X7QU8eHpGjlX8Vbhkyj/9T+B0Aelb5p8LyIiIiIiIiIiIiIBw1G/k+TILF+XMXw6wH3KHS7K9j3H30tfoqy9AojDFnYXiy+4k6yoE5o6i1if/yTrG9bR0OECQxrxoctYmHEnWTEnNK1Yxzt7n2R7Sz5uLJiCFzPb/jDXje98zHP3o5+7lR+dw4NHO19PSd3P8nGDdN8+kByZhaN+J9ljrj/nczjqdw5iRb6x21XH1URCaA63jIJXK8/+WNvYn/HVlKUkWSIxGYCOesprVvBO3mMU9GwYuYzF45YzOyaNCJOlc1tHPdV1K1i9p/es4xsv2s/sMCg/cilr2x5ncWI2NpMFZ/VP+On2lwFItP+Gm1IWEG/uuq7HhbN5E1sO/IR3jjl6F2m4lquz72d2tB2rAfDUU1178nVHqoH2YRkZNANYRERERERERERERAJGeeM+xoRn+LqMYdNQ+VHnLEtrGvHerS52b13Cb0uepKwdIkyZRBihuukxXt16Ox/2DOxcuby6eRHv1K2mgbTOtkHllDc9xqu5S3jn6PGmzoOP8Z87b2dLSxEYM4kwpUHbKjbtn89v8ztDNJMpvuscXaFdUGbnz101jGRjwjMob9w3oHMM9Hh/UH1ke2efM9jJmpbH/dPuZ3aMvc/jbCmv8P2M5aSERGLyuHC3u3AbIomPvZPlFz3OJG/LO/nWjMe5PC6TCJOls127C4IiscXcyU3THif1FOe3Rj7PTck52LoD4y6TJq/hnonXkmiJxETXdbFgDVvA/MznubHXByIsJKb8J/Nj7AR3uHB3AIau62bej+0c3i9/Ewh9UPqmGcAiIiIiIiIiIiIiEjCqWxzYrH2HUSOe20VZye95uXQ1kMbsMdneXQ17H+TluiKwPM69Fy0jsSsJcB55jme+eIzV+zcxf1QOJqDh0EvktQPhL/DI7AVEdE0bc1dt4u8FuaR2p8r1q3mx+DmcLODyaS+wOK5ru7OIt7YuYtPR58hL+xlZGY/zSMbxmcDx8S9wf2YcgcBmtVPd4ui74RkM9Hi/UH0fKx2pfNWeidUQSXzcPdwYdw83dtRTXZ9LYeWzrD+0qffjn60PsXxCDlZclB99kBfzV3V9cGE5y7N/xpSwpVw+/kcUHAB4joKqy3A6V7K2eAXeFWtH/YEHpy/GFp7DXBsUn/B86YiwNJyNq1hb/CwfVuZ7j1makIYJcNY8yZ9zn+46XyazJ/6My6Py+bCu51ksWI1F5O2+g1ePOQA7WdP+m1vi7JgiF5DDk7wzyG/ncAuIPih9UgAsIiIiIiIiIiIiIgGjqbWacPMoX5cxuOpu5MG1p9uZRqr9eW4c2/1zBVuOrQIymZ9+PPwFsCbcycLDj/Fq/ftsd+Uw2wJt7noAIqxjveEvgCk2h1suPr6WcrnjdQ4BEXEPHQ9/AaxpXDf2Tjbtf47tjofISus9+zKQhJtH0dQ6sFVtB3q8vyjYu4TfVdzJ4gnLyYjqelRyUCS26AXkRC8gZ1wRecV38OrhzrDRNn4BiUFAyzre6g5/AZwv8/Lhq/hpWg5JsffDgScBWL/76ydftHIbNe7F2Ex2bLFw0gLDrtW8tvm+Xo+Snp+c0zlrt3Ud73jDX4B8tuy9kS2nuLey0u7wF8BB3r7tLI6zYzPYSUoGSvr1VvmdQOmDcmYKgEVEREREREREREQkYLS2N2M2hvq6jMFlSCPCeDxYdbrzcQMR4b9heea1pIT3aNtRRGkrgIMtBUvYXtD7VO72zn0NTYAFbGOuI/HIOsoqfsAzeXdx+ZgcUkbFYT0hPShr7lzX11n9A37+8Qn1eTrDsmpXPRAYs31PxWwMpbW9eUDnGOjx/qS65jle3fYcAImjljN19FVMickm3mIBUxpZ6c/T1ryIN6phSkjXVHLLAm5fsKf3iQyWzrDK1LPvZDI7dTlTorOxBUcRERJJMGDqeoy4KfjkepzN23qvI4ydpJDIzn1NG08Z9p6sHueJM2SdLadZZ3tkCqQ+KKenAFhERERERERERERExJ9FPs4js44/4hm3g9WfLeLDxgd569AM7s3s8cjrWgflANTjdOef5oSbONYI2ADbtXxrcguv7X2Mgqr7eLEKwILJspzFqfczP8ECVFDd0nXp9nwaTnPW8hYHgRwAy+mVVb5MWeXLrAYS7X9gefpibEFpTLJfC9WriDd3BrEYLN4Q9yRmOznAJu5k+bz7mWIZ6GzyxUScIigWOR8oABYRERERERERERGRgNE9S9NiDPN1KUPHZGfx5J+xe/uPKDv6Ez5MeIHLbV37wuKxAeUs58Z5P2P2WWRo1oRl3JawDHdLBaXH8imueIm1dc/xzhe5NBjf4Or4SCLMQCtMStnDbQH8mOczGYzZ5WZjKK72pkGqyD+VOb5DcdJ+bGFgMnbO/G1wuwAL7rqneXjrk2c+QfrSrvC3nrLSZ/m4ch15lfnAnXzr0odIPetkKx+nGyVhJwi4JyTIKQX13UREREREREREREREZGQIM9tobK30dRlDz7aUxVF2YB2r963D2b3dkkp8MMA6DpX375SmkDhSUhZw+awX+FHSYiCXgooKwEJSaOcM5EP1Rf06Z0NrP4vwY42tlYSZbX03PIOBHu8XrHeyeHzmGRrkYO2a5etu7/zzL2rp/G6yZjK7r/MHd33AwLmOlwue7gp/AaIwGfpT6CZKW1ydJYfN7fu654mA6IPSJwXAIiIiIiIiIiIiIhIwbCF2qp2OvhuOeBamTLyfRIDG3/Phse7tduaPuRZwsKX4J2yp6X1Uw+EVvLzr+KOh3cVP8+dduZS39m5X3nIYwBu4JabcRQrgrPkBL+6r6LUmqrs+nw+3vExBx/Ft8WFpADjr1lEQIAuoVjsd2ELsfTc8g4Ee7w9mT7yLyye8wYMzH2d+zAn3Y81h/rTHmRQC4OBQ6SoAiotXU9YBmBdw9ayHyLIeP8QWcye3zFnDbQldG9o6Q1tCZrB4dPf5M7k8ezkpp3t89Gl8WLap85Hl5gVcnX1P538vANjJSn+FB2f+jPMtDg2EPih908R3EREREREREREREQkY8eHpHG0sJN02z9elDL3Ia7nG9nv+XJ3L+uLVzB+9mAggIu1+rqv+greaXuaN3BW8ZUzDagA6imjocEHQ/RSTSSoudlf/nuL6J3my3ILpxHZcy4Vju9b0jVzMjfZlPONYQUHJHB4+nElEEOApp6G9AohjdtlyJo3tqi15KbMPPseW9id58ZOPSAnPISZyKbdkpPngjRocRxsLiQ9PH9A54sPTKarZOEgV+UaDsxynJw5b9DKuzl7G1R0u3J6unUGWrg8NuCg/8hNe7p6M73yM1aU5fNWeiTXqTm7JWc5NXR8YMBk7Z/w2xC+DIytg38sUjHmcSWY7WVM+ZsoFrs7zeooob4kkPqQfxR75Cevj32DxqDisMfdz7+Xfxd3Ro05PHJdHwRt1g/HOjAwD7cMyMmgGsIiIiIiIiIiIiIgEDHvkNErq83xdxrBJTb2fFOgM2LonPgfZybloDQ+Of4gUsx3a82lw5+M0ZJMS+wr3X3wPqQBYyJq5mXuTe7dr8NiJj/gZt836DTmRx68VP/FxHsl+hZywHKyerrYdUcSHPcQtWeu5cWyPwoIyuXHW2yyOyMHqyeVQ/dOUuaOG6V0ZGiX1edgjpw3oHAM93h8U7F3CT7f+iA8rcqluc+E2WDAZu7489TQ0rmP97kU8+cW6k4773e7nKGiqx83xY9xtRRQ4fsQLO1Z0tVzBi1t/Ql5jPW5PZ0BscheRt+8ODrX3t1oH63fcyN8PrKa8zQXdtdJVZ/4d51X4C4HRB6VvBo/H4+m72ciwt/gwhcUO7IlxTEy1E2o9PxeiF5HzU97uA/1qHxNuxmAweL+AM76m52vAwGna9fje17YTX5/Nz31tP53+treG6iEZIiIiIiIiIiNRbUsZv/v8Wn48f6uvS5EA8+j6WXz/wlVEhyT23fg0alvK+OWn58HsdPFb/37xhgH14aHibA6QZ8X7iYD47bajtJyn/7KSqup677ZYWyT3fHMp9qR4H1YmIiIiIiIiIiIiIsMpOiSR2NBk9lVvOD8eAy3DYl/1BmJDkwccnEWHJJIclUVJ3fkzS138R3JUll+GvzL4RvwjoB2l5TzxhxW9wl+Aqup6nvjDChyl5T6qTERERERERERERER8YVr81eQde9vXZUgAyTv2NtPirx6Ucw3WeUT6S33v/DGiA+Du8LfZ6QLAnhjHA3cvI2tK5yLyzU6XQmARERERERERERGR80x2wg1sK3uDhtYKX5ciAaChtYJtZW+QnXDDoJwvO+EGtaDjNQAAIABJREFU7/JqIsPFgGHQ+rD4vxEbAJ86/L2ZjFQ799y2VCGwiIiIiIiIiIiIyHkqLDiGHPutbCh50delSADYUPIiOfZbCQuOGZTzdfdPkeE0mH1Y/N+IDIBPF/6GWi3eNvfctpS5szMBhcAiIiIiIiIiIiIi55tLk+/i40N/osp5yNelyAhW5TzEx4f+xKXJdw3qeS9NvkuzgGXYGDAMeh8W/zbiAuCzCX+73fbVqxQCi4iIiIiIiIiIiJyHokMSuXLCfbxf/ISvS5ER7P3iJ7hywn1EhyQO6nm7+6fIcBiKPiz+bUQFwP0Jf7spBBYRERERERERERE5Py0c/z1qW0rZXPqqr0uREWhz6avUtpSycPz3huT8C8d/j+SorCE5t0i35KisIevD4r9GTAB8LuFvt5uXXqYQWEREREREREREROQ8dF3Go7xZ8AiH6nJ9XYqMIIfqcnmz4BGuy3h0SK9zXcajehS0DBkDhiHvw+KfDB6Px+PrIvoykPC3p0effAlHWQUAoVYLD3xnGfak+EGv90ycLa387rl/UHSg9KR9JpOR+Nho5sy8gMsuzsIa0r/7Oxe1dY388qnOT7/9+/duIToq/IztD5Qc4dd/+h+SEkbx/TtvwBpiHvIaB9vbazaxavVGZmdl8K3l1/i6HJFBk7f7QL/ax4SbMRgM3i/gjK/p+Rq8/zA9qV2P731tO/H12fzc1/bT6W97a6ipX+1FRERERERExH/lHn2TNcW/4q7s/ybWmuLrcsTPVTkP8WzuN1iU+kOyx1w/5NfLPfomr+ffP+TXkfPPzZlPDksfHgzOZrevSwgofj8DeLDCX4AH7r4Ze2Ic4B8zgTNS7eTMmuz9mpCcQGVNPW++u4GHf/kC+YUHfVabiIiIiIiIiIiISKDIHnM9F9u/yV93fIsq5yFflyN+rMp5iL/u+BYX2785bMFZ9pjruSb94WG5lpw/rkl/eMSEvzL4/Hp602CGv9A16/fum3nimddxlFV4Q2BfzAQGuHzeDLKnpffa1traxup1W3l37Waee+Vdvnv7daSO08LcIiIiIiIiIiIiIgNxSfIdADyb+w1umfJbUqKyfVyR+JtDdbm8uvteLrZ/09tfhkv39f657xfDel0JTNekPzzsfVj8i9/OAB7s8LdbdwjsTzOBezKbg7nmyhyuvuIimppbeOOf63G2tPq6LBEREREREREREZER75LkO1iU+kP+sPUmNpe+6utyxI9sLn2VP2y9iUWpP/RZcHZJ8h3cnPmk1gSWc2bAwM2ZTyr8Ff+cAXxi+BsbEzko4W+37hD40Sdfoqqm3uczgU9kMMAlc6by2bYvcJSWc7isnPQJY4HOGcJb8gr56NM8So9W4na3YzYHM2v6RG5acinhYVbvedzt7Xz4yXY+3LCd6toGDAYYHRfDlxdexIUzJhEU1PsvkYYmJ2++t4GtO/bS2tpGdFQ4N1x9CRdlT+ZUS2dW19Sz8v1P2VVwgPb2DsbEx3Dz0suYPHFcr/YdHR4+317Au2s/41hFDR4P2KIjuGzeDC6bOx2zOdjbtj/39+eX/8mWvELu+sbV1NY18sH6bbhcrdx711dIHZdIVU09K9/7lG279tHW5iYuNpqblswfpD8lERERERERERERGYmyx1zP6LB03ir8MUU1G7kq9QGtC3weq3Ie4v3iJ6htKeV7F64kKWKKT+vp2T9L6vJ8WouMLMlRWVyX8ajP+7D4B+NPf/rTn/q6iJ5ODH8B7ElxLJg7fVCvExxsYvvuIqpq6gFoc7ezJa+QKRnjiIoMG9Rr9eR2t7M5dw/VtQ3MzsogYXTsqeszmSgoKqH0aCX2pHgmpCQA8PYHn/H3VR+DByal2UkZOxqns4XCIgeHyyrInpqO0WjE44FX3/yQd9duJjjYyLQLJhAfG82R8mo25+4hKMhARqqdFlcrGz7fjdPpYucXxVTX1DN5YgrWEAtHy6vZ+cV+EkbbSOyqs7aukc+27aGjo4PPtn1BU7OLyRNTCAkxc7isgs25ewg2GUkbn9R5v+3tvPzGB6xavRG3u50pGeMZmxhHeVUt23cVcaDkCNMz0wgONvXr/gC27dxL2dEqSg6Xs3VHIUFBBqwhFiZnpGAwBPHrP71BYbEDW3QEUyaNxxxs5MMN26mpbaChyUnSmFHMnD5xyP6sRYbb0fLafrW3mo0YDAbvF3DG1/R8Dd5PIp7Ursf3vrad+Ppsfu5r++n0t31wsN8+JENEREREREREBijSEs+FiTdT0VTMyzu/Q1uHizHhE7EYh+53w+JfGlor+PDA0/xt9/eZPvpqbs78FZEW308Qg+P9M8gQxP6azb4uR/ycAQOLJvzAr/rwuXC3dfi6hIDidzOATwx/h1P3TODf/vy7Prl+T0ZjEOauULTn+zF/zlQunDGJhPhY7yzb1tY2nnr+LfbuP8z+kqNMSrNT39BEfsFBbDGR/J+7bybWFgl0zsbduqOQsV2PwO7mbHGRNSWVW5ctwtQVIL+9ZiNvr9nElu2FZE+d2GtWb2V1HVdfMYdrF1/snUn8+fYCXnztfT7ckEf2tInEj4pmz94SNufuIS42ivu+dSNxsVHee3r6hbcoKHKwaWs+Cy/J7tf99dTiauV7d1zP1AsmYDCAxwMv/30N5ZW15Mya7L0ngOKDZfz+hbcG4U9IRERERERERERERrqF47/HzISv8HHJs/zik4uYmXgjWaOXkG6b5+vSZIjsq95A3rG32Vb2Bjn2W/nRxZ8QHZLo67JOqWf/3OR4CQ8eX5ckfsSAgRz7rVyafJff9mHxHb8LgHuu+QvgKKsY8mv2vJavwuezZYuJPGmb2RxMRLiVtjY3zc0tAAQFGTCZjDQ2OWlsdnoD4KAgAxfOmHTSOSLCrSxeMNsblBoMMDHVTnDwFuoammhxtWINMXvbx8ZEMj9neq/HSM+YksanE8byxd5D7N1/mPhR0Xy+fQ9udzuX5kz3hr/Q+RjuRQtmUXyojNyd+5h34VQsluCzvr+eLp83g2mTJ3h/rm9oYs++EsLDrFw5f6b3ngAmpCQyY0oan2zedfo3WURERERERERERM4b0SGJLJ34E64Y/31yj/yDNft/xau77yPVlkNyZBZjwjOwWe2Em0dhNoZqfdYRwIOH1vZmGlsrqXY6ONpYSEl9HsXVm4gNTWZa/NX83/lbCQuO8XWpfTqxf+4sf0ePhj7PJUdlMS3+arITbhgRfVh8w+8C4AfuXoajtJy5s6fw9IvDM1PTarVwz23XsXHLbr9YAxigvb2D1jY3QK+1j1tcrXz0aR6bt+2hpq7htIF1RHgol+ZM43/e+YRf/OaVrscgj2PG1HQy0uy9QlGA4OBgwkJDem2zmE0ntesWEx2BNaT3mszBwSZG2TpD3praBlyuNqprGgC823uKjAjFHBxMZU09zhYXFkvwWd9fT0ljRvX6ubq2nqbmFqxWCxHhob32GQydtYuIiIiIiIiIiIj0FBYcwyXJd3BJ8h3UtpSxv3YzjvqdFFR+RHWLg6bWalrbmzULcwQwYMBsDCXMbMMWYic+PJ0LRl3O1Wn/PmJnSp6uf5Y37lP/DECn6sP2yGlMiJ4zYvuwDC+/C4AzUu1kpNr7bghUVdfz6K9e6jMkfODuZX2eM9Rq4Yr5M8+6zqHW2OTkaHk1FnMwyV2hdGtrG3/869vkFx7EZDKSNGYUiWM61+bdu/8wVdX1vc5xxfyZzJiSzubte8gvOMimbXv4eNNObNERfOebSxlnHz2k99Dh8dDhOfu/bPp7f6cTFBTU77U+RURERERE/j979x4W5X3n//91M5wGBQUEFRxRwbMmaqQWcjRJY9rUQ9tEk+62XdvNflPT/rrbptd+d7NXt9vvZrfdddvtIfaQbt1N2yvRdtOoTRvNwcQYiMEDNhDFgKcRVJABBphhZpiZ3x8jI8hxcIYZ4Pm4Li7uw+f+3O8b+IPrfs3n8wEAAOgyOTlHK6Z9QiumfSLapQC98PcJYDAxFwCH4kpTy5BGiFZVW4ccKscCv19669B7qr/SrPn5FuXNCAS1zfY2XbjYoLTUFH19yyZNy84Itv/ps3v6DEgzM9L0sXtW6WP3rJLP51dJWYV+9b+v6o+vHdJffebjw66xqblVzg5Xj2mh3W6P6q80S5KmZaXLnJyoKRlpqj5Tqyu2ll592Fsdcns8suRkyZycNKzn68vktIlKMSep3dGhppZWTZ40MXjO7w/UDgAAAAAAAAAAAIxFcdEuIFyKCxdr7X1Fwa/iwsXRLmlY3G6Pfv9KqV569R1NSEnWho/eqsTEBElSUmKiEuJ7Z/anz9Wpqsba45jD6dI7R06ow+UOHouLMzR9aqYSE+LV1u5UZ6d32HU2Ntl1oPS4fL5rI3zLK2tUfbZW6ZNSlWeZJkn60PKFio836c3S42povBYCO5wu7XvjsHw+v1bcNFdJSQkhPd9A0lInaPGCWXJ2uPTKgaNyuz09+jpWUT2cRwYAAAAAAAAAAABi3qgeAdxdceHiHqN8q2qsKimrHPAaS062TtVckCUnOuv+vn7wmMorr4WRjTa7zl64LLfbo9SJKfrCpz+q/FnX5nLvCjbfLDmub//wOS2alydnh0tnzl+SydQzyz9rvaT/2blX/7NTwamUOzrcOll9Xh0uTzB0dXYMPoK6L5PTJurguxUqKz+l2TOnqbHJrtPn6hQXF6cH196h7CmTJUkL583UqhULVVJWqf/33We1oGCm4uNNqqqxyt7q0MK5M1W0cnHIzzcQw5DW3FWoE6fOqezYSVVVn9f8fIucHS7VnK1T+qRUtbU7h/XcAAAAAAAAAAAAQCwbMwHwcDy8YbUe3rA6ave/flRrfLxJ2ZmTteqWhVp96zKZk5N6nDcMaePaO5WeNlGvvnVUZeVVysqcpL/YtEaHjp3U4fKqYNuFc/P0tcce0u9feUcfnKnVuQuXFRdnaGpWuj7+kSIVLltwQ7VPyZykRz5xt373h7d05E+n5PP5NDN3qj75wO1aUDDz2jOZTPrsQ/dpQcFM/eG1d3T8/Rr5/VLG5FQ9uPZOrS6+OTjCOZTnG0xW5iR9/fFNeuH3b+nIex8E+/rzBz+iyw1N2r235IaeHwAAAAAAAAAAAIhFht/v9w/eLDr+fdsOnaq5oHn5M/T1LZt6na+qsWrrtp2SpCe2bOw1Arjr3Nr7irRuTfHIFA0AUVJecSak9ukTE2UYRvBL0oDb6r4tyVA/7bp9H+zY9dtD2R/seH9CbW9OGdefkQIAAAAAAACAEeN0dEa7hDFlzKwBDAAAAAAAAAAAAADj3bgPgBtt9miXAAAAAAAAAAAAAABhMa7nt3z+xf167a2jKi5crM0P3x/tcgAAAAAAAAAAAADghoyKEcCNTZEZpXvq9AVJ0hVbS0T6BwAAAAAAAAAAAICRNDoCYJtdVTXWsPZZVWOVtbZekpRiTg5r3wCA0c/vj3YFAAAAAAAAADD28S42/GJ6CuhbC5foVE1glO627bu0af1qTcmYFDx/oa5hSP00NtmD/UiSta5eu/eWBPeXLykIU8UAgLHC7/fLMIxolwEAAAAAAAAAY5qfBDjsYjoALi5crLfLKnSq5oIcTpe2P//ysPopKatUSVlln+fm5c9QceHiGykTADAG8T8HAAAAAAAAAEQe72LDL+angH588wbdc/uKkK9LSU4atM09t6/Q45s3DKcsAMAY5/fxXwcAAAAAAAAARBrvYsPP8I+ScdWNNrvO19UH1+3tbkrGpD5H8VbVWFVV3XvtYEtutmbmZCszIy0itQJANJRXnAmpffrERBmGEfySNOC2um9LMtRPu27fBzt2/fZQ9gc73p9Q25tMhhKTTCFdAwAAAAAAAAAIjdvlldc7KuLKUWPUBMAAgIERAA8s9PZSsjmmV0oAAAAAAAAAgFGvw9nJNNBhFvNTQAMAEA1+v+Rj6hEAAAAAAAAAiBifz0/4GwEEwAAA9INpRwAAAAAAAAAgcngHGxkEwAAA9MPb6Yt2CQAAAAAAAAAwZvEONjIIgAEA6IffzyfQAAAAAAAAACASvF6mf44UAmAAAAbQySfQAAAAAAAAACDsePcaOQTAAAAMwOf1MwoYAAAAAAAAAMLI6/XLx3vXiCEABgBgEJ0ePokGAAAAAAAAAOHCO9fIIgAGAGAQPp+f6UgAAAAAAAAAIAw6O33y+Rj9G0kEwAAADIHH7ZPfzz8lAAAAAAAAADBcfr9fHjeDbSKNABgAgCHiHxMAAAAAAAAAGD7esY4MAmAAAIbI6/XLw9oUAAAAAAAAABAyj8cnr5dZFkcCATAAACHo9PhYDxgAAAAAAAAAQtDZ6VMng2tGDAEwAAAh8rgJgQEAAAAAAABgKDo7fUz9PMIIgAEAGAZCYAAAAAAAAAAYGOFvdBAAAwAwTB63jzWBAQAAAAAAAKAPHg/hb7TER7sAAABGs06PT36fXwmJcTIMI9rlAAAAAAAAAEBU+f1+edw+eb3+aJcybhEAAwBwg7xev7xOrxIS4xQfz+QaAAAAAAAAAMYnpnyODQTAAACEicftk7fTr/iEOJlMjAYGAAAAAAAAMD54vX51enzy+Rj1GwsIgAEACCOfzy+3y6s4k6H4eIJgAAAAAAAAAGOX1+tXZ6dPPqZ7jikEwAAARIDP65fb65VhSKarQXBcHGEwAAAAAAAAgNHN5/MHlsXr9MlP7huTCIABAIggv1/q9PjU6ZEMQ4qLCwTBRpwhw5AMI/AdAAAAAAAAAGKJ3y/5/f7Ad59fvqtfhL6xjwAYAIAR4vcHpkTxMh0KAAAAAAAAACBC4qJdAAAAAAAAAAAAAAAgPEbFCGCH06Udu/arvKJaDqcrrH0XFy7WpvWrlWJOCmu/AAAAAAAAAAAAADDSYj4AbrTZ9a3vPhv24LdLSVmlrHUN+sZXPxOR/gEAAAAAAAAAAABgpMR8APz0f+8Khr/m5CRZcrMkSZac7GGP2q2qsUqSrLUNcna4ZK2tV0lZpYoLF4enaAAAAAAAAAAAAACIgpgOgK219bLW1kuSLDlZemLLprBO1Xysolrbtu+SJF2xtYStXwAAAAAAAAAAAACIhrhoFzCQYxXVwe21a4rDvk4v6/4CAAAAAAAAAAAAGEtiOgDujrAWAAAAAAAAAAAAAAYWswHwsYpqnaq5ENwvKasMTgcNAAAAAAAAAAAAAOgtJtcAbrTZg2vzdikpq5S1rkHf+Opn+r2upKxS5RXVcjhdsuRm697bVygzIy3S5QIAAAAAAAAAAABATIjJANhsTpI5OUnODlfP48mJfbZ3OF3a+uOdPUYIV9VYVVJWoSe+uFGW3OyI1gsAAAAAAAAAAAAAsSAmA+AUc5K+/Q+Paseu/Sopq5QkbVp/l+6945Y+2+/eW9Ln9NBdwfC/PvlozKwh7Oxw6wc/f0HVZ2p7nYuPNyk7c7JW3bJQq29dJnNyz5o9nk7te+OwLl9p0oqlc7VsScFIlQ0AAAAAAAAAAABgFIjJAFgKhMCZ6dembx5oFO9rbx2VJJmTk/T1LYERv9uff1klZZVyOF0qr6hWceHiiNccqvn5FmWkpwb3G212nb1wWb/7w0G9euCovvDpj2rx/FnB851enyqqzqr6TK2yMidHLQDes69Uu/eWqHDZfP3VZz4elRoAAAAAAAAAAAAA9BazAfBwLF9aEAyKiwsXB0cPX7G1RLOsft1923KtuGluj2Nut0d73zisP7x2SD//9R/0pc9vUP6sHEmBKbD/9ksPR6NUAAAAAAAAAAAAAKNAXLQL6M+OXW+o5HBlj/1jFdUDXlNVY5XDGVg3uCv8laQpGZMiU2QEJCYm6OMfKdID935Y7Y4O/fb3B+TscEe7LAAAAAAAAAAAAACjQEyOALbW1uvVA0d6Hdvx4n4t72Pa467Rvo02u77yDz/qcc6cnDTq1so1DOn2VUv1zpH3Za2t14W6es2dM0OS9LNf/l5l5VX64ufWBUcPdx179M8fUHNLm145cEQul1tfefRTyp+VI2eHS7teLtGhoyfU1u5UYmKCblk6V5/8+O2anDaxx72vbxsfb5IlJ1uf+Nhtcjg69JNn9wTblpVXqay8SpJ61NPYZNeuP76t4+/XyOF0KTExQXNn5+rBtXdoxvSs4PVnzl/U9376v8qdPkUb192pF//4tk6dvqCbF+XrzuKb9fQvXtTkSRP19S2bNCltQo86Pzh9Qd9/5gVNn5qhv/k/D8XMGs8AAAAAAAAAAABANMXkCGBLbrbm5c/odbyvdXwdTpecV0f99sUwJGtdfVjrGwkTJ5g1LTtDLrdH52uHVv/v/nBQv9nzptxuj8zJSXJ2uORwuvSj/3pRrx88phRzslatWKiZudk6dOyEtm7bKVuTPXh9Q2OL/vl7v9Jrbx1VfLxJhcvma+mC2bpU36gf//cudbjcKlq5KDjNdmZGmopWLlLRykXKuLpe8+lzF/XUf/5a7xw9ofTJqSpauUgzc7N14oNz+tcfPKeyYyd71X25wabv/fS3Oll9XhNTzPL5/ZoxbYpmz5yu+ivNqqw626O93y+VHn5fbk+nVt+6nPAXAAAAAAAAAAAAuComRwBL0te3bNLuvSXas69UkvTElo2an2/p1W7rj3fKel1AmpmepsarwabD6dLWbTv7vT5WmUxxSkwI/HocAwTc3XW43PryFz6hpQvnyDACQemvX3hVp05f0AP3rtK6NbcqLs6QJL177KS2P/+y9pcc16ceuF2dXq927n5D9VeaVbRykT678T7Fm0ySAusSV5+t07z8Gbr1Q0u0Z1+prLX1mjNzuj7/yEeD93e7Pdq9t0Rt7U6tW1OsB+79sIzA7YL32/NKqeYVWDQp9dqI3tY2p265aZ4+t+k+mZOvhblFKxepqsaq45U1WrVioUymwOcVGhqbVXHyrLKnTNbi+bOG/0MGAAAAAAAAAAAAxpiYDYCHYvfekmD4a05O0uOfXx8MeRttdj2/a7/Kr64bvP35l/XtJx+NWq0j4e7bluumRXOC+23tDlVVWzUpbYKKCxcHw19JWrpwtmbmZuv02Tq5XB5dsbWo5mytJqVN0Mc/8uFg+CsF1iVeNC9v0PtfrLfpzPlLyp4yWbevWhoMfyVp2eJ8FczKVVWNVWfOXewxLXdmepo2rr+rR/grSYvnz1L2lMk6dfqC6i5dCY48fu/EaTW1tOr+uz/Ua2poAAAAAAAAAAAAYDwb1QHwa28dDW5/fcvGYEAoBaYnfnzzej29fZfKK6rVaLOrpKyyz2mkY5HX65Pb0ylJQ57iOHfalB77tuZW2Vsdcjg79OS//qLPa6ZkTFKHy62Gxma1tXcof1aOUicOL1Rtam6Vs8OlnGmZSkxM6HEuMTFBqRPN8vv9stY19AiA0yen9gp/JWlS2gQtXzpXL7/+rt4tr5IlN1tut0flFTWaOMGsDy2bP6w6AQAAAAAAAAAAgLEqZgPgrdt2qqrG2mN/7X1FWremWJJUVWMNTo2cmZGm8soalVfW9Oqne3haVWMdNQFwW7tTl+ptSkpM0MxuwXYofD6f/H6/khITtGTBbCUm9v51T0gxKyHBJJ/PL7/ff0M1h6OP631o2XwdPPSeyiuqdd+dt+hSvU1nzl/U4vmzlHNd4A0AAAAAAAAAAACMdzEZAFtr63uEv11ePXA0GAB312iza/fekkH7vWJrCUt9keb3S28dek/1V5o1P9+ivBlTh9VPxuQ0TUhJlsvt1tr7ipQ7vf/ANDMjTSnmZDU0Nqu1rV3m5MR+23atxdtfH61tDrndnh59uN0etbY5ZRiGLDlZQ36GnGlTNG/ODB1/v0anz13U8coadXq9Ki5c3G8dAAAAAAAAAAAAwHgVkwmaJTdb99y+QpnpadeO5WTp4Q2rg/tT0if1OW3wQJZ3m3Y40OfwRtZGktvt0e9fKdVLr76jCSnJ2vDRW3tNpzxUaakTtHjBLLW2ObX3jTJ1er09ztddalT9lSZJ0vTsDM2eOU0t9nb9/pV3erR1uz06WW2V1+uTJOVMzZRhGLp8pVlt7c5gu64+6q80661D76n7YODyyhpVn63VtOx0zc6bPuRnMJnigqO2f/eHgzr+fo0sOVmaO2dGyD8PAAAAAAAAAAAAYKyLyRHAkvTwhtVKMSdpz75SSdKmDas1P98SPJ+ZkaYfPPWlHtdYa+vl6HAF9y052QOunzvUtXUj5fWDx1ReWR3cb7TZdfbCZbndHqVOTNEXPv1R5c/KGXb/hiF97O4P6cy5iyo9/L4qq85qfr5FcXFxOnP+khoam1W0cpE+t3GNEhMTtG5Nsc7X1qv08Ps68cF5zZ2dq85Or05Wn5dhxOmrjz2ovBlTNTtvuqZlp+v8hcv6l+//WnPycrTy5nlatqQg2MfuvSU6fLxKM3Oz1dDYotPn6hQfH6+1HynSpNTQ1hieO2eGLDlZOmu9LElac1dh1H93AAAAAAAAAAAAQCyK2QB4OCzDWCv3nttXqLHJrlsLl0SgooFdP811fLxJ2ZmTteqWhVp967KQRzj3JSM9TU9s2ajX3jqmg4fe0+HjpwLHJ6dq3Zpi3XP7csXFGZKkOXnT9eRf/5l2/fFtHX+/RmXlVYqPN8mSk61PfOw2zcwNTEU9KXWCvvLop7Tjxf167+QZHTp6QlOz0rVsSUGvPmovXlFiYoIWzs3Tg2vv0IzpQ5/+uUuKOUmFyxborPWy0ielatl1I7kBAAAAAAAAAAAABBh+f/eJemOHw+nSjl37VVJWKSkwIvie21f02Xbrtp19rhnc3RNbNvYYQYzRZd8bh/WbPW/q9lVL9ZmH7pNhRLsiIPaUV5wJqX36xEQZhhH8kjTgtrpvSzLUT7tu3wc7dv32UPYHO96fUNsDAAAAAAAAADAaxeQawA6nS3/31DPB8FeSnn9xv7Zu29ln+8HCX0mqqh68DWKTw+lSWflJJSUmqGjlIsJfAACJh/fEAAAgAElEQVQAAAAAAAAAoB8xOQV0o61FDqer1/ErtpY+299z+wpZ6+oH7DMaUzwjPD44fUHWugbdvChfc/KGvyYyAESbYUhxcYbi4gwZcYYCA6sNPtgCAAAAAAAAIOb4/ZLf7w989/nlu/oVm3MLo7uYDIAtudnasnm9Xj1wRKdqLkiSigsX695+poB+eMPqYd/rWEW1bE12Fa1crBTzja+5i/Byuz3a/3a5pMDfgMkUk4PWAaBfhiGZ4uNkMhnBNdcBAAAAAAAAINZ1DWCRJJmuvdv0+fzyev3ydvoIg2NUTAbAkrR8SYGstfU9AmBLbnZY79Fos2vb9l2SAp9guPeOW8LaP25cYmKC/vqvPhXtMgAgZHEmQ/FXg18AAAAAAAAAGCu6ZjlMSIiT1+tXZ6dPPi9JcCyJ2QD4en1NCX2jrjRdm1I6Ev0DAMafuDhD8QkEvwAAAAAAAADGPpPJkMlkCgTBHp98PoLgWBDT8+l2H/G7Z19p2ENaQl8AQDglJMYpKdlE+AsAAAAAAABgXDGZDCUlm5SQGNPR47gR0yOAly8pkCUnS9a6Bllr6/V3Tz0jS0625hdYbrjvK7YWlVdUB/enZEy64T4BAOOTyWQoITHu2noYAAAAAAAAADAOdS2L53H75GVa6Kgx/P7YXp7ZWluvf9+2U86OyI3WteRk6Rtf+2zE+geAkVBecSak9ukTE2UYRvBL0oDb6r4tyVA/7bp9H+zY9dtD2R/seH8iFc7GJ8QpIYFPtQEAAAAAAABAdx6PT50eX7TLGJdiPgCWAlM179i1X8feqw57EFxcuFib1q9WijkprP0CwEgjAB5YJALghMQ4xccT/gIAAAAAAABAXzo7ffK4CYFH2qgIgAEAgyMAHli4A2DCXwAAAAAAAAAYHCHwyOPNNQAAISL8BQAAAAAAAIChiY+PU0Ii71NHEj9tAABCEJ9A+AsAAAAAAAAAoYiPj1N8Au9VRwo/aQAAhshkMpTAPykAAAAAAAAAELKEhDiZTOFdqg994y02AABDxDQlAAAAAAAAADB8vGMdGfyUAQAYgoTEOBkGn04DAAAAAAAAgOEyDIMQeATwEwYAYBBxcQbr/gIAAAAAAABAGMTHxykujsE2kcTbbAAABhHPur8AAAAAAAAAEDa8c40sfroAAAwgzmTIZOLTaAAAAAAAAAAQLiaToTjeu0YMATAAAANg6mcAAAAAAAAACD/evUYOP1kAAPphGGL0LwAAAAAAAABEgMlkyOD1a0QQAAMA0A8Tn0ADAAAAAAAAgIjhHWxk8FMFAKAfjP4FAAAAAAAAgMjhHWxkEAADANAHw5Di4vjnAwAAAAAAAAAiJS6OaaAjgQAYAIA+EP4CAAAAAAAAQOTxLjb8CIABAOgD/3QAAAAAAAAAQOTxLjb8CIABAOiDwT8dAAAAAAAAABBxvIsNPwJgABgjjBAWSgil7XjFjwgAAAAAAAAAIo93seFHAAwAY0RSYkJE2o5XhOQAAAAAAAAAEHm8iw0/AmAAGCNSJ6REpO14xf8cAAAAAAAAABB5vIsNPwJgABgjMianKjkpcdB2yUmJypicOgIVAQAAAAAAAACAkUYADABjSE525oAhcHJSonKyM0ewIgAAAAAAAAAAMJLio10AACB8EhLilZc7VbbmVrW2O+RyeyQF1vxNnZDCyF8AAAAAAAAAAMY4AmAAGIMyJqcS9gIAAAAAAAAAMA6NiQC4qsaqHbvekLW2PngsMyNNmx++X/PzLVGsDAAAAAAAAAAAAABGzqhfA/hYRbW2btvZI/yVpEabXVu37dSxiuooVQYAAAAAAAAAAAAAI2vUB8A7du0PbltysrT2viJZcrL6PA8AAAAAAAAAAAAAY9momALa4XTptbeOqqraKkmy5GZr7X1FSjEnqdFmDxzLydI3vvZZSdK6NcX61n88K2tdQ/C8w+nSnn2lwZHC8wssuuf2FUoxJ0XhiQAAAAAAAAAAAAAg/GI+AHY4Xdr6455TPFfVWFVVY9Wm9XcFjy1bUtDjumVLCmSta5AklVdUa3e38Lerj2MV1XriixsJgQEAAAAAAAAAAACMCTE9BXRf4W8Xa229tm7bGdy/PsTtvv/09l399/HjnXI4XWGsGgAAAAAAAAAAAACiI6ZHAL964EgwuLXkZOnxzRtkNidp67YdwdG9XeeKC5f0uLa4cIlKyip7tXtiyyZJCvZhra3XqweOaN2a4hF4IgAAoqvdY1ONrVTn7eW61FYlm9OqNvcVub0O+eWPdnkII0OGEk0pmpg4RRlmi6ZNnK+ZacuUn1GkCQkZ0S4PAAAAAAAAQIQYfr8/Zt/2/vu2HTpVc0GS9O0nH1VmRpqkwMjgkrIKOZwupZiTVFy4pM9pnAdq53C69JV/+JEkaV7+DH39ajAMAKOV09EZUvv6+ssyDCP4JWnAbXXfViBc6rNdt++DHbt+eyj7gx3vT6jtzSkx/RmpkB2u+43KL+/RB7aD0S4FMWBuxm1aNnWtVuY8FO1SAAAAAAAAgJDfb2Ngo+bttrlbwJtiTtK9d9zS47zD6dKFq6N9zcmJsuRm99kOAIDx5I1zP9HB89vV6m4YvDHGjQ9sB/WB7aBertmq22Zu1l15j0W7JAAAAAAAAABhEtMBsCUnOzgCeOuPd+qJL27sc6Tv8y/u12tvHe11fPmSAt1zxwrNz7f0ON61tnD3+4wUZ4dbP/j5C6q9eEV/838+pdkzpw/YvsXern/ftkOeTq/+7suPaPKkiSHdr6GxWXv3l0mS1qwuVFbm5GHXDgAYPf50+SW9XLNVjc5z0S4FMazV3aA/Vv+b3q3dofvzn9BNUx+IdkkAAAAAAAAAblBctAsYyLo1xbLkZEmSrLX1Kimr6LNdSVlln8ePVVRr67ad2v78y3I4Xd3aV/RYWzga6/86O1x6+fUyeb2+AdsdeOdPutzQNOz7tLU79e6xKr17rEpt7c5h9/OzX/5ej37tP7RnX+mw+wAAjIwXTj6pX1d8mfAXQ9boPKdfV3xZL5x8MtqlAAAAAAAAALhBMR0Ap5iTtLZbONs9xO3u4Q2re+xnpqcFg2MpEBDv2LW/z342bVjd56jikVBZdVYfnLnQ7/lL9TYdKP3TDd1j9szp+sFTX9IPnvrSoKONAQCjW1NHrbYdflCHap+LdikYpQ7VPqdthx9UU0dttEsBAAAAAAAAMEwxOQX0sYpq7di1X402e4/j/QW1xYWLJUnbn39ZktTYZNe6NfdLCkwP7exwqaSsUpacLN17xy09+tm6LTAVdGZGmjatX63lSwrC/jz9cbk9evn1Ms2ZOV2JiQk9zvn90sFD76nZ3jZi9QAARq/L7R/of47/FaN+ccPOtRzVM0f/XJ+7+WeaOmFutMsBAAAAAAAAECLD7/f7o11Ed1U11mAo250lJ0tPbNmkFHNScM3f4sLF2vzw/cE2JWWVwRBYkr7x1c9Ikr713V9KCoS8337y0cAawNt2yFrX0Os+Wzavj2gI3LUGcENjs6ZlZaj6bK2+8MhHVbh8QY921roGfe+nv1X2lMlyezrV7ujosQaw2+1RWXmV9r9drtpLV9TZ6VViYoJW3jxPD629UxMnmCVJzS1t+tcfBkaCdV3f/diXPr9Brx44osPHT8nt9mjypIn65AO368MrFskwpD37SrV7b0mv5zAnJwXXMPb7pZPV5/XCS2/pfO1l+f1SVuZkrb+/WIXLFsgwAtecOX9R3/vp/yp3+hQ98om79bs/vKWT1VZ5vT5Ny07XIxvu1sJ5ecF7+Hx+Ha+s1usHy3X6/EW53R7Fx5u0oMCiT3/ynh7rGXfV2TVt+G/2HFBDY7NMpjgtXTBbn/7UPZqc1nP9ZGeHS7teLtGhoyfU1u5UfLxJlpxsfeJjt2lBwUwZhob8bEAscDo6Q2pfX39ZhmEEvyQNuK3u25IM9dOu2/fBjl2/PZT9wY73J9T25pSY/IxUn5o6avXM0T8n/EVYZZrz9OiKXyk9OTfapQAAAAAAAGCMC/X9NgZm+uY3v/nNaBfR3dYf75Tz6hTNlpws3Vl0s5YvKdCmDXcHR+5+/5kXJAVC0sYmezCwteRmq7HJHgx2C5cv0Jy8nOAxp9Ol5UsKNCVjkgqXL9Ck1BTNyZsup9Mle6tDknT6/EXde8ctEXu+zk6vDh09IZfbo09+7HZVVp1VQ2OLbrlpnhLiTZIkr9en/33pgGovXtFD6+7SOetlOTvcun3VUiUnJ0qS9rzyjn6z+03JLy0osChvxlQ5nR2qqrbqQl2DViydK5PJpA6XWwffDayd3HV91zGn06U/vV8jW5Ndi+blyZycpEv1Nv3p/dOaPjVDOVMz5XS6FB9vkrPDJafTJUtuthbPz9PM3GwtmpenCSnJKis/qZ8+u0dtjg4tKJipvBnZutxg0ztHTig+Pk5z58yQFAij3zlyQm63R4eOnpDP59eieXny+f26eNmm906c0YICSzDkfvfYSf3sVy/J4exQwexc5c/Kkdfr0+lzF/X+qbNacdM8JScFfh6nai6oqsaq1jaHSg8HRnvnzZgqe2u7zl24rPMX6rV86dzgz7ihsUX/9vTzqjh5RikpyVq6cLayMibprPWSDpdXaX6+RRmTU4f8bEAs6PQMvKb49drb2wmAB5CQENOrJPSwvfzzuth2MtplYIxxdrbIaj+uwpyN0S4FAAAAAAAAY1yo77cxsJgb3tQ17bMlJ0vf+Npne5231tb32C8pq5Sk4EjgK7aW4DlLTrakwJrAXRwdgXA5xZwUDHrXrSnWt/7j2UCgfN2005GUO32Kilcu0r43j+jI8SrdtmqpJOl87WUdrzyt5UsLNG/ODO1743Cva+9YtVQfWr5A07Mzg6NQ3W6PfvhfL+rU6Qs6ff6SFhRYBry/s8OlZUvy9dmN9yneZJLfL+3ZV6I9+0pVdqxKK5bO07IlBVq2pEA/++Xv1WgLhO1r7ysK9mGta9DzL+7X5LSJ+sqjn9S07AxJgXWWn/7Fi3rj7eNaefN8ZU+5Nlq3pbVd69YU64F7PyzDkDq9Xm1/7mW9e+ykjlfWaJZlmiRp6cI5+rv/79PKmzFVcXGBh/T7pV/+Zp/eOvSe3jtxRrd9aEmPZ7K3OfSVRz+l/Fk5kqSGxmZ99ye/1fnay6q7dEX5s3LU6fVq5+43VH+lWUUrFwWfv+tnWH22TnmWqcN6NgAYaS+cfFLnWo5GuwyMUedajuqFk0/qkwueinYpAAAAAAAAAIYoZoc3LetnGuauALe7krJKbd22U1u37dSpmguSAgFy14jhxqZroW5Kct/rCPd3v0iKMwytvnW5pmRM0r43D6ultV2dXq/+8Nq7io836b67CtXZ6VVzS+91gDPS05Qz9Vr4K0mJiQlKnWiWx9Mph6Nj0PunTjRrzV2FwfDTMKR5+RYlJMSrpbVdHS73oH2cujrqdvnSgmBAKgUC9ruKb1azvU11l670uGZqVrruLLopWHu8yRSc+vlyQ1OPPmbPnBYMf7tqTJ+cKklqam7tVc+KpXOD4a8kZUxOU+70KXJ2uNVibw/co75JNWdrNSltgj7+kQ8Hn18K/AwXzctTvMk0rGcDgJH0p8sv6VDtc9EuA2Pcodrn9KfLL0W7DAAAAAAAAABDFHMjgLuUV9Zo3ZriXse7RvUGtrN0xWaXs8Olqhprj3bz8gOjXxtt9uAo4cz0NFlys9WX8sqacJUeksyMNN1z+3Lt2PWGDh05oelTM1Vx8ozuuW25ZkzPUou9Tb4+lmnucLm1/+1yHTpyQk0trXI4ewfjg0lISNCElOQex5IS43sEooM5a70kSXrlzSN65c0jfbapu9zYI2CfOMGs+Pief3p9BfOdXq/ePXpS+98+pis2u9ranYPW0zV9dBeTKU6JCT3v1dDYrLb2DuXPylHqxAn99jWcZwOAkfRyzdZol4Bx4uWarbpp6gPRLgMAAAAAAADAEMRcAJyZnhZYs7e2Xlu37dT8AotSzEkqWrlYKeYkpZiTZE5OkrPDJUeHS1/fslH/vm2nnFdHBs/LnyFLTnYwPD5W8UGwb2eHSw6nKzgyWApM57tt+67g1NLdp4seKatWLFTJ4ff1yptHlJycqPRJqVp963L1t1yl2+3RT/5njyqrzio+3qTcaVOUMy1TknTq9IURncba6w3MyW7JzdaM6VP6bJMzNTPkfv1+6fkX9+vNkuOKizM0NStdi+fPUlycoQsXr/SaCjwUPp9f/j5C9etF6tkAIBzeOPcTNTrPRbsMjBONznN649xPdFfeY9EuBQAAAAAAAMAgYi4A3rRhtbZt3yVJqqqxBkf2vl1WqSe+uFEp5iQtX1qgkrJKNdrsqqqx6h+/9lldaWrR/Pzea94WFy5RSVmlrHUNcjhd+runntE3vvpZZWYEgt5XDxzpMXp404bVI/CUktfrldvjkRQYEXv/XSv1X8/9US2t7dq0/q5gfX1ptrfpwsUGpaWm6OtbNgWnJ/b7pZ8+uyciAbDJ1Pds4TNyslRWXqXZlmn6zEMfCdv9HM4OnTl3UQkJ8Xp883otnj8reG7Xy2/fUACcmZGmFHOyGhqb1drWLnNyYp/tIvVsABAOB89vj3YJGGcOnt9OAAwAAAAAAACMAjG3BvDyJQXasnl9r5G41tp6lZRVSJLW3Xdtaug9+0p7hb+NNrtee+tocLTvE1s2yZKTJSkw4vfp/7424teSmy1zcpIy09O0ZfN6LR+h6Xzd7k61d1und/lNc/WhZQtUMDtXK5fNH/DapMREJcT3zu5Pn6vrNRV2uEy/OtL1fG29Or3e4PGlC+codWKKjr73gWrO1vW4xu326GS1NTiSNhTxJpOSk3oHsw2NLXr32MmQ++tuenaGZs+cphZ7u37/yjs9nqd7zZF6NgC4UYfrfqNWd0O0yxiV8pe8qe/cc1rfuf0XKryBfh788Gl9557T+uaKvxzaBYv2Be575691xw3cN5pa3Q06XPebaJcBAAAAAAAAYBAxNwJYCoTAXUHssYrq4IjgrnVuA+vmrgiGvFu37ZQlN1vLlxTIWluvqhqrHE5Xj1HDT2zZpK3bdsha1xCYXvrHO/XEFzcG7vXUl6L2rF3iTSZ9/tMfHVLbtNQJWrxglt4sOa5v//A5LZqXJ2eHS2fOX+p3pO6NWrpwjl49cFTHK2v0z9/7lWbmZuvu21Yob8ZU3b+6UL/740H929PPa05ejrIyJ6m1zalTpy8o3mTSVx97UHkzpoZ0v6SkBK24aa4+OFOrbf+9WwvnzlScYaiqxiqzufd6waFITEzQujXFOl9br9LD7+vEB+c1d3auOju9Oll9XoYRp68+9qBm5kbm2QDgRpVf3hPtEkapjboj/eoHxhKLVDhbKjsT3YpGm/LLe7Qy56FolwEAAAAAAABgADE3Arg7h9OlPftKg/vd1+59eMNqFRcuDu5ba+u1e2+JjlVUB4PirqB3oJHAXW1HE8OQNq69Uxvuv1WGYaisvEqXG5r0F5vWaF4f02CHgyUnS1997EHNyZuui5cbVXr4fdma7DIM6SN3rtTXHntIC+fmBUPVU6cvaO7sXH35Cxs0M3d4AenqW5frLzatUYo5Sccra1Rzrk7r779VxSsXD37xIObkTdeTf/1nKrplkdxuj8rKq/TeyTOalp2pxz63VjNzp0b02QBguNo9Nn1gOxjtMkan2RtVkCjJL0lJysv6J2VEuaTR5gPbQbV7bNEuAwAAAAAAAMAADL/f7492Ef15/sX9eu2to5ICAeQTWzb1CIGlwAjhPXtLZK27NhVmZnqaUsxJwWOW3OzgSODAiOEdwXMp5iQ98cWNsuRmj9BTAUBkOB2dIbWvr78swzCCX5IG3Fb3bUmG+mnX7ftgx67fHsr+YMf7E2p7c0pMTpKhP11+Sb+u+HK0y4ioO5Yd0h16Rv9c/vMw9mrRhg+9qaJUyXZ5pzqyNyrHsKr82J16bhh55oMfPq3CCZKz6V/0zaNDqHPRPn1neoHUWaqX3vwzHQj9ljHjz5b8UDdNfSDaZQAAAAAAAGAMCfX9NgYWm2+3r7LW1Qe3+wp/pZ7TRTfa7MrMCKwd3D3o7T7l8/XTQXeNBH78L9YTAgMAYt55e3m0S4i47OQspaogvJ1mfE3zUyX5K1VV839lT1qvnMkW5c/cKNl2hvdeY9x5ezkBMAAAAAAAABDDYnoK6P44nC699tZR7dlXGlwHWFIw/JXUa8rngaaDbrTZ9fR/71KjzT7yDwMAQAgutVVFu4RRqXBmUWC657ZSveiUXq8rVauk1MkbdXe/V1m0bO4v9LU7Tug795zWd+45rW/e+ms9MLX/5RYypv69Nn+4XE/dHWj/nTvf1F/NXTempprmbxAAAAAAAACIbTEdAM/vtp5tV3jrcLq09cc79fyL+7V7b4mef3F/8Nz1Qg2Bv/XdZ0flmsAAgPHD5rRGu4RR6HEVTs6S5NK5hn8JHLr4jGqckkwrtHRe34HugkX/pYdm3qXshCTJ71Kn16WEpCLdsei/lGfq44Ip39bmRX+pBRPSFG9InV6XOuMsyp/5HW1O7T2LyWjF3yAAAAAAAAAQ22I6AL73jlt6hLdf+Ycf6Sv/8CNZa+t7tLPW1qukrKLPPkIJgR1Ol7Y//3IEnwgAgBvT5r4S7RLCzKL87HVaNu3alzlOUtykHseWZRcNexRtxrz7A4Gtu1RlZ7qOlmpvc7UkKWfK15Tf66Jv64FpBYqX5Gz6D33/9YV68o2FerL0r1XutCg7+foLivRgwUZlx0nylGpv2ZxA+/136rlLVmVM7H/U8Ggz9v4GAQAAAAAAgLElpgPg6wPa7iw5WXpiy8bg/vUjd7umiW602YcUAmemB6aPLq+ojuATAQBwY9xeR7RLCK/Z39Pnl/6nHll87WuJWZJ5TY9jjyz9hR6ePZwbFGnNlMWSJFvTMyrrdsZ2plR1fknmIt0xvedV+blFyjYkeY/qwNGnVdd1wrlbz53aK9v1t8n4rPInSJJL56x/pteDq0pYVV75j6pwDqf22DTm/gYBAAAAAACAMSY+2gUMpiugffXAEVXVBKYctORka92aYqWYr02nWF5Zo3VrioP727bvUlWNVa8cOKJvP/losJ+t23bIWtcQDIEf/4v1ysxIU0pKshqbWAMYAIARdeZv9Iv25Urt9pG0pXP+U0u0V8+d/uO1g74Gna/vffmgpj+qfLMkf6Wqakp7nnP+o95r2aicyVkqyHlcuvh08FRBUnZgw3FUr1/fp+111bvXKSOx27HJWUqTJH+1zp25/oJSnWhv0DJz7w+0AQAAAAAAAEC4xXwALAVC4O7hbneZ6WlqbLLLWluvb333l1q+pEDHKqqvTRPt79nP9SHwt777rDIzJgXbd40EBgAgFiWaUuTytke7jDCyqqa+55qyBbP+U1KLyi/tvuHe784pUmqgVxWuOqHC6xsYgQ+TxU+6XxvMT+vFqyN1U+MDx52dfaXOu9Xq+U+pewCcnBb4p8prV2sfV5R7WvSIxkYAnGhKiXYJAAAAAAAAAAYQ01NAD8WmDauD29baeu3eW9JjjeDu56Xe00o7nK4B2wMAEEsmJk6Jdgmjh/mftHTS1dlCjCTFm/r46vpPyFis+flFwUtbOwNLS5jjs/voeJ1SE6471GFXpySZ0q4Gzj0tS5h0Y88SQ/gbBAAAAAAAAGLbqBgBPJDlSwq0ZfN67Xhxf48pnDPT07Rpw2otX1LQ65quEHjHrv069l61nB0uWXKytGnDas3Pt4xk+QAAhCTDbFGj81y0yxgV8vPvUo4hyf2GfvvW53us/9tdxqJ9+tvpBcpIf1SFKlWZpDKHVXdPKpBSVuhuqec00Bl3Kzvxuk4uVss2e4WyjQLlzZbUYxroIi2cMDZG/0qBv0EAAAAAAAAAsWvUB8BSIATuK+gdSIo5SZsfvl+bH45QUQAARMC0ifP1ge1gtMuIqPqOBrWq+gZ72ag70gNBpa3pmX7DX0mynSlV3bQC5SQWqXC2VHam2zHTCt2x8u9Vd/hfdFKSzOv0yLw1yri+E+fTqmndqOzUJOVZfqsHWh/US1ckyaJli/9JS8w3+DgxZNrE+dEuAQAAAAAAAMAAxkQADADAeDEzbVm0S4i4A+WrdOBGO5m9UQWJkvyVqqopHbit8x/1XstG5UxOUl7W30tn/kVy/qP2XirSZ6YXyDzpL7X57s+o0ycpLknx/mrVuwqUndS9E6tePL1T+Us3Kjthhe64+bSKva7A1NNxLtW3Nyh7jIwCHg9/gwAAAAAAAMBoNurXAAYAYDzJzygavNG4Z9GGrBWBT7m1lepF5+BXvF5XqlZJmlikDVdH6558/z798twbqve4gmsIe9xHVfr+F3Sus49Orvxf/cd7P9fJdrs6/QqsMexr0LkLf6vt9pawPV208TcIAAAAAAAAxDbD7/f7o10EAODGOR19JVL9q6+/LMMwgl+SBtxW921Jhvpp1+37YMeu3x7K/mDH+xNqe3NK7E6S8fNjnx3z00AjNs3NuE1/ufzZaJcBAAAAAACAMSbU99sYGCOAAWCcCjUQRexYNnVttEvAOMXfHgAAAAAAABD7CIABACHrGv2L6FiZ85BSE8fGerIYPVITs7Qy56FolwEAAAAAAABgEATAAACMQrfN3BztEjDO8DcHAAAAAAAAjA4EwACAXpgeOvbdlfeYMs150S4D40SmOU935T0W7TIAAAAAAAAADAEBMABg2AiKo+v+/CeiXQLGCf7WAAAAAAAAgNGDABgAgFHqpqkPaFXuI9EuA2PcqtxHdNPUB6JdBgAAAAAAAIAhIgAGAGAU++SCp5Q3aUW0y8AYlTdphT654KlolwEAAAAAAAAgBATAAACMco8s+T7rASPsMs15emTJ96NdBgAAAAAAAIAQEQADADDKpSfn6nM3/4wQGGGTac7T527+mdKTc6NdCgAAAAAAAIAQEQADALt1S7wAAAc2SURBVDAGTJ0wV4+u+BXTQeOG5U1aoUdX/EpTJ8yNdikAAAAAAAAAhoEAGACAMSI9OVdbVv5Wq3IfiXYpGKVW5T6iLSt/y8hfAAAAAAAAYBQz/H6/P9pFAABGls3WorbWdkmSYRgyDKPHdvf94PfubdTH+T6+D3bs+u2h7A92vD+htjenxIfUPtb86fJLerlmqxqd56JdCkaBTHOe7s9/QjdNfSDapQAAAAAAAGAccjo6o13CmEIADADj0OVLV+RyuSX1HfqGKwAeSuhLABxZb5z7iQ6e365Wd0O0S0EMSk3M0m0zN+uuvMeiXQoAAAAAAADGMQLg8CIABoBxxu/3q/bCZfl8PkkEwP0ZKwFwl8N1v1H55T36wHYw2qUgBszNuE3Lpq7VypyHol0KAAAAAAAAQAAcZgTAADDOuFxuXbrYMGDoSwA89gLgLu0em2pspTpvL9eltirZnFa1ua/I7XXIL/4lGEsMGUo0pWhi4hRlmC2aNnG+ZqYtU35GkSYkZES7PAAAAAAAACCIADi8CIABYJxpa3WosbEpJgPgvkJaAmAAAAAAAAAAGNsIgMMrLtoFAABGVtfavwAAAAAAAAAAYOwhAAaAccblDi0ADnXkbKT6AAAAAAAAAAAAgyMABoBxpKPDJY/bE+0yhozgGAAAAAAAAACA0BAAA8A40uF0RbsEQl0AAAAAAAAAACKIABgAxpGOjhsLgAlvAQAAAAAAAACIbQTAADBOdHS4QgqACXsBAAAAAAAAABh9CIABYJxwOjoGbROO0JfgGAAAAAAAAACA6CEABoBxoLPTK4ez7wD4RgNbAl8AAAAAAAAAAGIHATAAjANOh1Nul3v4HRDyAgAAAAAAAAAwKhAAA8AY5/f71d7u7HEsEqN2GQkMAAAAAAAAAED0EQADwBjX3u6U09lBQAsAAAAAAAAAwDhAAAwAY1xbW/ugbbqHw0MNiqMZKBNmAwAAAAAAAADQNwJgABjD7C1tclw3/XOX4YaohsIXvhLkAgAAAAAAAAAQXgTAADBGdXZ61dbWPqzRvQAAAAAAAAAAYHQiAAaAMcpub1VHh+uG+iAwBgAAAAAAAABgdCEABoAxqKPDpbZWR1RrCDU8JmwGAAAAAAAAAODGEQADwBjj9/tlb2mTx+OJdim9EPICAAAAAAAAABBZBMAAMMY0N9vV2trW7/n+1gQebK3g4Ya3hL4AAAAAAAAAAIwcAmAAGEMc7U7ZWwLh72CB7pAR4AIAAAAAAAAAMGoQAAPAGOHxeNTcYh/S1M+hjPwdaj/DuX6kxGpdAAAAAAAAAACEGwEwAIwBfr9fTU12OdqdYQt3BzJagl8AAAAAAAAAAMYbAmAAGAOamlrU0myPdhkjgrAZAAAAAAAAAID+EQADwCjX3NQim60l7P32FbQaGn3hK4ExAAAAAAAAAGA8IQAGgFGspaVVNluL/D7fkKZ7HonpoYdqsPsT3AIAAAAAAAAAEDoCYAAYpVpaWmVrbJbX6x2wXahBajjCWMJbAAAAAAAAAACigwAYAEah5ma7bI3N8ng8PY4PZYRvSKOABwhyCYUBAAAAAAAAAIg98dEuAAAQmiZbs5qa7Ors7Ix2KT0wjTMAAAAAAAAAANFHAAwAo8iVK7ZB1/yNVOhqyOiz/5EMeQmUAQAAAAAAAAAYGAEwAIwCbrdbNluLmpvsMoxrQehggehwQ+IbCVoJaQEAAAAAAAAAiB4CYACIce3tDtlsLWpvcwzYbrjr/IZyHgAAAAAAAAAAxDYCYACIUX6/XzZbs5qb7PJ4Auv99pXFDjegHXRE8AD93mgoTKgMAAAAAAAAAEBkEAADQAxyOJxqsrXIbm+T1HdYG8po3oitCzyMWgZqN5T2oSBoBgAAAAAAAACMNwTAABBDPJ5ONTe3qKWlVR5316jfrpC1/+siPeWzoaGtOQwAAAAAAAAAAKKLABgAYoDf71dzs10tLXY52jskDS1sDSWQHVbwG2LgS0AMAAAAAAAAAEB0EQADQBT5/X61tLSq1d4mu72tV4B6/ejfvqZcHujYUIS6/m+0EC4DAAAAAAAAADA4AmAAiAK326O21nbZW9vU1treb/AbqlCC4aHeo2v651CuC3XNXwAAAAAAAAAAEB4EwAD+//buJrdBGAgD6Byhm6r3P17VTaUAxsSGLrKo2iTEKH+t9N7GSGZsL5E+eeCBuq6PbtdH3w+RUo6I46D2eIzV+d/Pp7S2f94S3LbUbF2zZT0AAAAAAOA8ATDAHS3LEsOQousOoW/fpYu3dLe4thX0WvtnQezf9P7x+ewjAAAAAAD/2Nvry7OPwJ0JgAFuaJ7nSGmMccyHMY0xDGNzOHur27+3/EfwuXW3zF27L998nAEAAAAAsEYADLBBrTXmeYlaS5RSY5r2UUqJadpHzjlynqLs64+aS7d818LdlrqWd1tqTs7F+pke1cJZcAwAAAAAAG2+AAKddp5mF1JfAAAAAElFTkSuQmCC" height="600" width="800"/>]]>
  </system-out>
</testsuite> <!-- testcases.QuickLaunch -->
