<?xml version="1.0" encoding="UTF-8"?>
<!-- Generated by org.testng.reporters.JUnitReportReporter -->
<testsuite skipped="0" hostname="DESKTOP-OT8VNT7" name="testcases.QuickLaunch_cb" tests="4" failures="0" timestamp="2022-10-31T16:17:25 EDT" time="36.298" errors="0">
  <testcase name="VerifyQuickLaunchItemCount_002" time="9.235" classname="testcases.QuickLaunch_cb"/>
  <system-out>
    <![CDATA[<img src="data:image/png;base64,iVBORw0KGgoAAAANSUhEUgAABzoAAANRCAYAAACbW7qvAAAAAXNSR0IArs4c6QAAIABJREFUeJzsvXuQJMld5/n1iMhHVVZ1VVdVv6d7el49D2kGhlnBSkgjLYcELAi40yE7HaaFNeN0f9yIs1sD42C5M92BHXurtX2A7JbXLqczY4XNwR4gWNAICUlIK4E0D0kzmtHM9HT3TD+r6/3OzAj3+yPCIyM83CM8XplZVf6VqX1+mRHh/nP/5Sd/Hu5RSRhjDEZGRkZG2WIUrLcN0t8G21kGdlfANq8Dm9eB9SugyxfBVi8CG9dSL0OIbn0AiFAG/xl9Wzw87fTUkvltk5WWFdjJ5oRtSrOTkpwRq0Bh5/MoXxk6HOmQWI9WLJ1mVXB5pZ0y3onur6jkinWvlr+6EaczvimllieqHs1QzeNdqH6Nw9NOL8oT3fjiKsQXKU+KjHfeknfYweKJqrrQDtxN/bhpNrMsT8LhVaoAP4bOk4x4GXOe6HpXJ0+4CvFDPGNUPEnUE+mQfcyTzPio4PujKp5k+6sbcaPkSYbGgR9jzhNdvmRrhDwJO+xg8URVXWgPgR9ifPEXxOEc7/xE2YMZtqAhjXPReseBJ1z5eSI5YxzulxwgnmTGxxB4wpXFk6F8royMxkD2b10N/3tlbROb2zvo9voAgFazgenOJOZmp8NjiFnoNDIyMqpQ3U3Q2y8Ci98AvfF14OazoDe/kXqK9sJn/CwQrYXBwfFlUy9CdCdSEDIzuUpPNCpINMXeUdl6DVK6Wo1K1a/rcc6Jc6F4Eh1SuBtUI1YfswvUrl2muJt9o6ICjTS+9t/EOTc/xLICnujyRbuBdaoWnhQZ77p4ItiK6kWe5OmeunhSy/APNb4U/BgJT8QSgwEpwBPRrpMnkd7cnzzRlq7HOuNbF08Ed2X8kPCktijPwZNaNNL4GiVPMBiAPPGiODoXP0ryRJcveg1UulqNStWvwY/c3xtV80SwFc0YKU8yerOURhpfCn6MhCdifHEV44lo18mTSG/uT55oS9djTY4MIT8xMjqIsn/rKvp9F9cXl7HX7UmPabeaOH18Ho2GYxY6jYyMjGqV1wW7+ndgb3wJ9MrfgF35YviWmPcAxRJPZLyfNrHhL+juECu2KKtQrYlvwUS0lokN95fXg8EAxGx594h2lRPZSicyosZxYpOYyHJpxEsVE9lSO6rl7intCiayueKjAE8qVa31STyW3igZJU/ipWrhTrTr5ElK7+UfnrHmiVj/kHiSix85eaKBL8OTolLxpMj3RUF+ZPIkbo9iI0CueNHp9qjGmid8vLkODk/Sqjc80VXWJ0Ds0Dp5oogXk5+MPr72MU8yj5aN74h4MjbjXZlUPMkoq+RHJk/04qVSfuSML1VvamnU8WVkNIayf+sqrly7pVzk5Gq3mrjzzAmz0GlkZGQ0TNFLnwW79Ndgr30G9NbzkXfimQshBVIzxvzzSieiXKLN26ZwbsiJmWriI06kq5zoZCXC/IDqd9SrJh68QXVOPBTxkbFQW7lKxlfpiVAFE59SE6Fc/qpqyMeTahdq5TzJ5e8QJ3rjzJPy7qt4UsX3R87vl0QHROw88ZJXNfFE+/IV8ISrep7o1rDPeVKjVAs7w+RJgh8KnuSXRnyY/KQSnpT5/ijbm1zS5ufydz/wJKcKjnPZ6kbJk7HLT4bKj4PBE+3LV8ATruHxpERp8pNDmJ8MgydifEU6YJg8MTI6AFr/P1/E7ZU1rWOPzc2ahU4jIyOjUYitXwW7+JdgL/856GufVRwEEAvKRCht4iKeVnQiq5roWKTARCZLsQaJmW6diadYRjqkzMQll7+KsoLLK+0KJrK5JropE5v8/upOpauYyGaVYY+m20OeyGqFv7q1lUxkM7s7UCX8iEkMaBVPRLsOnojxxTXePNGN7tTx1mxWWZ6U93c/8ETQPuFJZaVGd6fGS6X+q3hSYXlI85Nx4El9+UkV3x9V8USw9wlPNE+vhCdc1fNEDOhR8kSML67x5oludOf5vijFD9Gu1F+tGuOlyU+0eFJZWSC+uAp1T2qDRsmTSIfsI56oLq+srgaepMZH5I3y+YmR0f7U1f/16cynObnaraZZ6DQyMjIaqXrboN/+U9AX/xj0lb9IPZTEcsRIZhNNbIWS1JHghi2QJLYldqhlpcVaieaoJ7J1Kldir/KgjomNXrxk2/n8P9g3wjQbWlgaEb7Pd7xWwpOSXkV6U48f+44nol0RT4bwRA6vJosnlZUleFKJhhpf4gdomDzh/g6HJ2XGuxa+7GueVPH9kTe+RAdUdj5/D2V+UpkkLR4ZT8T4gjAAxfzXjb7U8S7pVaR3k3auz3MNqoQnoj1KnuTz1+QnVVcQ1Sh5wv0dDk9yjXfF3kZ6+4DwpIrvj6z4EhusaxsZHXxd/J+/At2lS0KIWeg0MjIyGgv1d0FfeBLshSdBL38xmYdHSpD8aZb0Cc/IC2LeldgQqBApk2dVmvgWmOjWNrERHSzmr26aW+VENnWikmJraawmNmKA1zChHfKO18TVhjCRzYqvvDwppaHwpIqJbEF+JHgixlM+f0fBk0r5MlKeiA4eHp7EmlO9l0l39iVP8kZ4nTzR5EtOf3VpVSdPdHtXS4YnI+HJMPOTseNJYRXkxxjnJ+PAE12+aMnwBLniJa+7QTVi9TG7ei/Hmyfa8ZYV4Sl8qZwnmnzJ6e9QeKLZnEI8KTW+RkYHU6/+wpdzHW8WOo2MjIzGSGz9Kug3/wPo838Atvwq0jIdQvJNPEhNE49wsXPUiZnMffXblUx06ttRnzLR0JlwjOGNjMpVsr7cEyGN7s7b21xa8RG7gDiT1oiXKm5cDPFGxqh5Mg43UorvqM8bYXXyRJMv48CPGnhS5vujbG9zafMkPLAGnuhwpUp+pPqrKOuUrBtyNq8sPw5XfiI5vU4NiSfK6mrgCVdhniTOGBJHDmt+krN5ZXnCD6gvPxkGTzT5ckB5Uub7o2xvcxXniWiPkiclZXhi8hMjI6NUmYVOIyMjo4Og178I79mPg77wpDIR4i/zhUbdiQwUrxeZ2HBl/WZnUpJEVLYDNTHRqTTVjpeJhbuKJzKiap7YZKbdQ5jIpk5sc/mbNdWpciJbdCKToRFPZPPWp8uTMhPZXPGSYiel4kkVE1nN+DhgPFFVF9qBu6kfN81mluVJ9o76AvwYOk8y4mXMeaLrXZ084SrED/GMUfEkUU+kQ/YxTzLjo4Lvj6p4ku2vbsSNkicZGgd+jDlPdPmSrRHyJOywg8UTVXWhPQR+iPHFX8haGE6qAD8q44myBzNsQUMa56L1jgNPuPLzRHLGONwvSeNJdtDnU808yYyPIfCEK4snQ/lcGRmNgcxCp5GRkdFBUX8X9JnfhffM74KtXBLeTCa2/m9mDmz5DshBSSpLdFmkfv2Jc+mJRgWJptg7KluvQUpXq1Gp+nU9zjlxLhQ/okMKd4NqxOpjdoHatcsUd6ues8k7QNKwodW3DybOiuZL3dEpK+CJLl+0G1inauFJ8e+P6nki2IrqRZ7k6Z66eFLL8A81vhT8GAlPxBKDASnAE9GukyeR3tyfPNGWrsc641sXTwR3ZfyQ8KS2KM/Bk1o00vgaJU8wGIA88aI4Ohc/SvJEly96DVS6Wo1K1a/Bj9zfG1XzRLAVzRgpTzJ6s5RGGl8KfoyEJ2J8cRXjiWjXyRMAgN0Em5gBnVoAJo+CtWeAVges2QGcJmA3BtxkHojbB2gPpL8L4u6CdHdAelsg3U0Qr58yZiVVKr6yPgE5OTKE/MRIJeb3PaNgngdQF3D7gNcH63eBfnfUDTRKkVnoNDIyMjpgohf/Cuxrvwnv1U/rpUFEf2IDApC0vCunSJ68q9aJTsFEtJaJDfeX14PBAMRsefeIdpUTWd3uLzTRHelENqt+YSavEy9VTGRL7aiWu6e0K5jI5oqPyBsj2XFaa30Sj6U3SkbJk3ipWrgT7Tp5ktJ7+YdnrHki1j8knuTiR06eaODL8KSoVDwp8n1RkB+ZPInbo9gIkCtedLo9qrHmCR9vroPDk7TqDU90lfUJEDu0Tp4o4sXkJ6OPr33Mk8yjZeM7Ip6MzXhXJhVP/JJOLYAdOQU2cxrsyHF/cTN2Xv6S9Hdg7W3A2lsD2V2FtbuKdJ7oxUul/MgZX6re1NKo4+vQioH19oDeLlh3xyx8jpnMQqeRkZHRQdTyK3D/7v+C98y/h/JJTCETGzxhqTexJcpUUVPB4QQp1VQo1cRHnEhXOdHJSoT5AdXvqFdNPHiD8kw0y5aBMhZqK1fJxL/0RKiGiTWXVvfl8ldVQ46y8oXaYjwZ1URvnHlS3n0VT4qMd0F+hB0rdkDEzhMveVUTT7QvXwFPuKrniW4N+5wnNUq1sDNMniT4oeBJfmnEh8lPKuFJme+Psr3JJW1+Ln/3A09yquA4l61ulDwZu/xkqPw4GDzRvnwFPOEaHk9KlCY/SeUJbU2DHT0LOn8e7OhZ/0nNUg1AynAwWFtLsLb9/5PeVs6La0Tg0Hgixhd/ecg8MSok5vaAvS2wvS3/yU+jkcosdBoZGRkdVLl78L78r+H9538FuHsAsicuFsmRjrHg+LR8H/K8TLTF3+zUUqxBwsy51sRTLCMdUuWNkVR/FWUFl1faFUxkc010I2+U31GvO5WuYiKbVYY9mm4PeSKrFf7q1pYff53uDpQ1mvklBrSKJ6JdB0/E+OIab57oRnfqeGs2qyxPyvu7H3giaJ/wpLJSo7tT46VS/1U8qbA8pPnJOPCkvvykiu+Pqngi2PuEJ5qnV8ITrup5Igb0KHkixhfXePNEN7rzfF+U4odoV+qvVo3x0uQnWjyprCwQX1yFuie1QdXxhHYWQI/dC7ZwN1hnTuhQWRnpkAp4QvrbsLduw9q6BWtnRdN/lI63zO+bGniSGh+RN8rnJ0ZFxLrbYDsbQHdn1E05tDILnUZGRkYHXN5X/y28L/9rsM0bfiIWTWwVExlC9FOs7N/uDJSxQy1vSqs9cRWrG6eJbJ3KldhrTITzloUnzKIDKjuf/wf7RphmQwtLI8L3+Y7XSnhS0qtIb+rxY9/xRLQr4skQnsjh1WTxpLKyBE8q0VDjS/wADZMn3N/h8KTMeNfCl33Nkyq+P/LGl+iAys7n76HMTyqTpMUj44kYXxAGoJj/utGXOt4lvYr0btLO9XmuQZXwRLRHyZN8/pr8pOoKoholT7i/w+FJrvGOvE8n50FPXAA9cT/QmsrXmLQGFuWJ14O9eQPWxnVYu2s1118BPwrzRGywrm00LLHeLrC95v9pW6Ohyix0GhkZGR0Cec9+HN6X/jmwfhUMgAWN9JokE13+gph38Sc7y4qk5WGVTqQLTHRrm9iIDhbzVzfNrXIiq2pOlq2loU5kFfWJE9tQNUxoh7TjVXX2MHacZsVXgi91aig8qWIiW5AfmTdK8vk7Cp5UypeR8kR08PDwJNac6r1MurMveZI3wuvkiSZfcvqrS6s6eaLbu1oyPBkJT4aZn4wdTwqrID/GOD8ZB57o8kVLhifIFS953Q2qEauP2dV7Od480Y43dYSzxiTo8Qugp94E1jkqvF+UJ2I9BfgSmKS3DXvjOuz1ayDu7mh5knFedm+nqNT4Gg1DrLsNtrkCuL1RN+XQyCx0GhkZGR0S0W/8Pvpf+GfA+hUAkicxFYnoYPExe+KRaxqiSMgIMJzETOZ+dvNKTXTq21GvMUHYZzcyKlfJ+nJPhDS6O29vc2nFR+wC4ky6yIQyo9SOL90ezakRT/TG4UZK8R31eSOsTp5o8mUc+FEDT8p8f5TtbS5tnoQH1sATHa5UyY9UfxVlnZJ1Q87mleXH4cpPJKfXqSHxRFldDTzhKsyTxBlD4shhzU9yNq8sT/gB9eUnw+CJJl8OKE/KfH+U7W2u4jwR7VHypKTGgCds9g7QO74DdOGuXPW5lGK152GN2dggLWxbE9i12+haLbhWE4wQWLDgUBdNuocJdw8dbxtH0MUMcTHXtOAQK5e/1s4S7LXXYW3ekrw7Sp6EPZpuD5snRrWJba2Aba2OuhmHQmah08jIyOgQyXv246Cf/1Ww7cUwX+KpVGY6RvQmNtGJrO5EJWEn5gOSM2Q7UBMTnUqn7vEysXBX8URGVM0Tm8y0ewgT2dR4yeWvbsRVMZEtOpHJ0IgnsnnrU3mrXVYQX1xZdlIqnlQxkdWMjwPGE1V1oR35vlB+3DSbWZYn2TvqC/Bj6DzJiJcx54mud3XyhKsQP8QzRsWTRD2RDtnHPMmMjwq+P6riSba/uhE3Sp5kaBz4MeY80eVLtkbIk7DDDhZPVNWF9hD4IcYXfyFrYTipAvyojCfKHsywBQ1pnIvWOw484crPE8kZJe6XMKcNevIBeGceBdodrfO2ey6uuzZuWDO43VoAIZDc5wEAC4wxWJaDcMmBEYAM2s8owcLeLZyiazjdcNFpOKne+ycBhPZgr16BvXYFxO1XGmeZ8TEEnnBl8WQonyujVLH+HtjGEtDvjropB1pmodPIyMjokMn7u38L9/O/AnS3Yokuke6ATJaEZKdcJNdECkJmFrRASIJLTzQqSDTF3lHZeg0ST6hYperX9TjnxLlQCi86pHA3qEasPmYXqL3MxDUx0ahTI42vchPnQqWMHzluxOXmh1hWwBNdvmg3sE7VwpMi410XTwRbUb3IkzzdUxdPahn+ocaXgh8j4YlYYjAgBXgi2nXyJNKb+5Mn2tL1WGd86+KJ4K6MHxKe1BblOXhSi0YaX6PkCQYDkCdeFEfn4kdJnujyRa+BSlerUan6NfiR+3ujap4ItqIZI+VJRm+W0kjjS8GPkfBEjC+uYjwR7Sye0PYs6NlHQU+9Savnru56uGLN4VbrFEBo8CoFka9yhiLEjlqIDTCzEF2OOL53A3d6K7hjwtJqk7VxDc7KZZDuhvqgUvGV9QnIyZEh5CdGoxHbuA22kxKHRqVkFjqNjIyMDqG8v/lncL/wa8q0SDWx4S9YliLviqiKlIrI8rRaJjoFE9FaJjbcX14PBgMQs+MeZE5c8payfDvjvKzeTNVIJ7JZ9Qsz+TI3RorcMCm0o1runtIuMN55y1hvRd4YyY7TWuuTeCy9UTJKnsRL1cKdaNfJk5Teyz88Y80Tsf4h8SQXP3LyRANfhidFpeJJke+LgvzI5EncHsVGgFzxotPtUY01T/h4cx0cnqRVb3iiq6xPgNihdfJEES8mPxl9fO1jnmQeLRvfEfFkbMY7p+j0CdA7vxt0/k7hnaTHV3YoXm6ewlZjRnot/96Ofw5fWiDBQBAQEGIFoUgARoIx4nX4C5o0EqOMMUz113Ghfx13TkQHFsIABFfYWYKz8hqs7WXwllTOj5zxpepNLY06vowKi22vgW0uj7oZB1JmodPIyMjoEIr1tuH+1S+DPvvvpRkZ0ZjYDp7sDK8q2KIlNiL18mFilrHxT1uqiY84ka5yopOVCCdupFQmSeo8jjcy6lTJxF8V3cOc+JSaCOXyV1VDjrLyhdokT3L7O8SJ3jjzpLz7Kp4UGe+C/Ag7VuyAiJ0nXvKqJp5oX74CnnBVzxPdGvY5T2qUamFnmDxJ8EPBk/zSiA+Tn1TCkzLfH2V7k0va/Fz+7gee5FTBcS5b3Sh5Mnb5yVD5cTB4on35CnjCNTyelCgPWX7iHTkNevfbwI6cTO3vm3seXnROYb01B9mSASEEjDFQSmHbA3/9P1drgfZdNBoNABYo9Z8AtSwbAAuvx5h/HovcHKJ08JToTHcZD7rXcbIdfSo0KdJdh7N0EdbWIuTxEbGHxhMxvvjLQ+aJ0VDF9jbB1hZH3YwDJ7PQaWRkZHRIxVYuwnvqF+C++mlYRJ5uWUhJx9jgyc60G6+ANG3MnshE35fl/7EGCTPnWhNPsYx0SJU3RlL9VZQVXF5pVzCRzTXRjbxRfke9bgRWMZHNKsMeTbeHPJHVCn91a8uPv053B8rLj2yJAa3iiWjXwRMxvrjGmye60Z063prNKsuT8v7uB54I2ic8qazU6O7UeKnUfxVPKiwPaX4yDjypLz+p4vujKp4I9j7hiebplfCEq3qeiAE9Sp6I8cU13jzRje483xel+CHalfqrVWO8NPmJFk8qKwvEF1eh7kltUDpP6MxZePe8DWz6uPJCfc/Dt3odXO7cGbZNtWTgV2kBoCBAuEBJCAGhfnMILFDqAQAsywoXR33bBgvPjlw3Uh9jDOd3LuPNzW00bFvpv7W3AWflVVgbt3J1p9QniV1mvEvxJfJG+fzEaBhi3W2w1ZujbsaBklnoNDIyMjrE8l59Cu6nfh5s9TKIIoVSvR4tCUl7P/i35A41cbFTe+IqVjdOE9k6lWvirDERzlsWnjCLDqjsfP4f7Bthmg0tLI0I3+c7XivhSUmvIr2px499xxPRrognQ3gih1eTxZPKyhI8qURDjS/xAzRMnnB/h8OTMuNdC1/2NU+q+P7IG1+iAyo7n7+HMj+pTJIWj4wnYnxBGIBi/utGX+p4l/Qq0rtJO9fnuQZVwhPRHiVP8vlr8pOqK4hqlDzh/g6HJ2LpHTkFeu/jYFPHlP291PXwXPM8dp0pAAAlg2tCqAfMiixcemAAbMuGZRHcvr2E1eVluK4LxyKYmprCsWPH0G5NgFEGj1HYto1+vw/bseExElxc7fxEfwvf2buE4y3173eS7iacpW/D2rqd3SG5eFLF90dWfIkN1rWNxlFmsbNamYVOIyMjo0Mu9yu/Ae+vfnmQBpFkOmUhnmeJeZe4CClT6RSLAST1EdM8Fysw0a1tYhNxMDax0Thdfbb2RKbMRFbVnCxbS0OdyCrqEye2oWqY0Co7GoMBqXDikriaxvhWWqZ8nBLdXYdyfr7SVWCiWxlPRIcUtuzGSA5/R8GTSvkyUp6IDh4ensSaU72XSXf2JU/yRnidPNHkS05/dWlVJ090e1dLhicj4ckw85Ox40lhFeTHGOcn48ATXb5oyfAEueIlr7tBNWL1Mbt6L8ebJxnxRjsL8O59HGz2jHDA4IRLu8DznQcH56QOEQFh/p+utSwbrudie3sbV69exTPPPINbt26h3+vBIv5PI506cRJ3nDmDqekpnDx5BsePLaA90QYDwEDCcGCquIi8/PDmi7h7gin9JbsraNx+Gdbuaqy7uCrhScZ5yd6V21IVGF+j8ZT5M7bVySx0GhkZGR129XfR/0//I7xv/EGYkRFLPvEgGROPrAXP2NsFEzOdRVUtyeZdOZtX9UQ69BF5E13VGRkTyzG+kVG5Stan622e8c7b21xa8RG7gDiT1oiXKm5cDPFGxqgneuNwI6X4jvq8EVYnTzT5Mg78qIEnZb4/yvY2lzZPwgNr4IkOV6rkR6q/irJOybohZ/PK8uNw5SeS0+vUkHiirK4GnnAV5knijCFx5LDmJzmbV5Yn/ID68pNh8ESTLweUJ2W+P8r2Nldxnoj2KHlSUjXzhDU78O59HPTYPcr6v9V18ErnHvA/Pesr+eQkIQRgBKD+X/9ilOHmjZt47uvP4Y3X38DS8jIopWhOtLG1tYV2s4mFhXmcP3cHmg0HV69excbGGs6cPoVHHnkE586fB7EdWJbj/zanbYMyBgIbg9/xZLCEn+i8d/MVPNTqS5zxO8zaugVn8SWQ/i6Gx5NIh44TT4xGKra9Bra5POpm7HuZhU4jIyMjI7DXv4jeJ/8HYPVyLI+S/XYnuK3I9wD1xIafqzVxiSl+BFHtQE1MdCqdusfLxMJdxRMZUXVPbJCRdg9hIps6sc3lb1aEVTmRLTqRyVDN412ofo3D005PLSuIL65CfJHypIqJrGZ8HDCeqKoLbf59kfZx02xmWZ5k76gvwI+h8yQjXsacJ7re1ckTrkL8EM8YFU8S9UQ6ZB/zJDM+Kvj+qIon2f7qRtwoeZKhceDHmPNEly/ZGiFPwg47WDxRVRfaQ+CHGF/8hayF4aQK8KMynih7MMMWNKRxLlrvOPCEKz9PJGek3S8hFry73gbv7KNKD77ZbeJS5y5/4TISnAw2AAISrY4xNBwHbr+PleVVPPP0M3j6q1+D51F0pqfhei5ACHpuHx510W61MDnRxvGFOTg2we1bN0GpiztOHYdtWzhz7jzuvu9+tNoTaLXa8CjACAGChU5CCEBoUDlFVHdtXcLDrZ5yvJ21y3BuvZjamzJlxscQeMKVxZOhfK6MSott3Abb2Rh1M/a1zEKnkZGRkREAwP2bfw73c78aWIOMiJBkhkQyUi7pb3ZGMjwSy/ggZGZyJd4lOScaFSSakaqzJxp5LliHStWv63HOiXOhFF50SOFuUI1YfcwuUHuZiav+jYoKNNL4ypg411HK+FGCJ1WMd6UT1dT+zrhAHaqFJ0XGuy6eCLaiepEnebqnLp7UMvxDjS8FP0bCE7HEYEAK8ES06+RJpDf3J0+0peuxzvjWxRPBXRk/JDypLcpz8KQWjTS+RskTDAYgT7wojs7Fj5I80eWLXgOVrlajUvVr8CP390bVPBFsRTNGypOM3iylkcaXgh8j4YkYX1zFeCLaDAA9+RC8C9+nbM7zvRZe69wDgIYLnfypTnGhkzAGFvz/pRdfwmc+/Rms3F4CAdCZmkbP7YNYFvqeC8+jsFsNTE91AM+D53bRaTdBGNCZaOPcmZPo9rpY39oBJRbmji3ggQcfwKnTZwHbAUBgEQeUeiAW8z8PYAlv79q8iDc3e8q+cha/BXvlSon4yvoE5OTIEPITo/EUXb4K9Lujbsa+lVnoNDIyMjICALDN6+j/8X8HeuWLiXTJEvKsaP6lSgRJRk6VO+WS5HGJ3+wsrIKJaC0TG+4vr4e/Ldry7hHtKieyuvPMQhPdkU5ks+oXZvJlbowUuWFSaEe13D2lXWC885ax3pLwZOTjXZkkHktvlIySJ/FStXAn2nXyJKX38g/PWPNErH9IPMnFj5w80cCX4UlRqXhS5PuiID8yeRK3R7ERIFe86HR7VGPNEz7eXAeHJ2nVG57oKusTIHZonTxRxIvJT0YfX/sZonyLAAAgAElEQVSYJ5lHy8Z3RDwZm/GWiHYW4D34HrDOnPT9l/dsvDR1P+J/rjZyPmOwgvcsBoAyuG4fL7/ybfzFn/8ltre2MdXpoNloYntvF5ubm5iYnITrunCpB48RTExMotfrw2YUkxMtTE1M4M6zZ0HdLrY2NtAHhQuKzc1tdPs9vOPxd+HRRx9Do90GGIFlWf7iKrxgIZaCkPif1L1/89u40PSkPli9Ldg3n4e9u1qOHznji2tf8sSoFrH+HtjytVE3Y98q70Kn/ZGPfOQjNbXFyMjIyGiEIq1pMK8P7+W/SEw8GJM/2QlEf7VTnFogfbEzSABLJWYso474odk3UjKaU/VEOnEjpTJJUudxvJFRp0om/qqJ8zAnPqUmQrn8VdWQo6x8oTbJk9z+DnGiN848Ke++iidFxrsgP8KOFTsgYueJl7yqiSfal6+AJ1zV80S3hn3OkxqlWtgZJk8S/FDwJL804sPkJ5XwpMz3R9ne5JI2P5e/+4EnOVVwnMtWN0qejF1+MlR+HAyeaF++Ap5wDY8nJcqDmJ8QAu+ut4LNnZPWd7XL8Pz0Q+EiJyFE/X8G2ITA8zx8/etfx2c/+xm4/T7m5ucx0Z7A2toqNrc2MX1kGpOTE3AcG8QisJ0GHMeB5zF097pw+x5sy8bkxCSmOx3s7e1iZ3cXgA3LttDr9rB4+za2t3dw+tQpOI3moG3B2qa/8ElgEQsk+N9y6xgmd2/hiI1EBzK7BRDA2rrFO2aIPBHji788ZJ4YjYWI7fj/0dsbbUP2qVbe/jO5jjdPdBoZGRkdZPV30fujnwJ99VMAFGk6SU5sLEUeGDs+Uk3UJiiYt0UnzuEjp2INdSSeYolBh1R5YyTF3zpumGROwyqYyOaa6EbHVzWv0JbuVLqKiWxWGfZoul3HRDZNOuGvbm358dfp7kBZo5lfYkCreCLadfBEjC+u8eaJbnSnjrdms8rypLy/+4EngvYJTyorNbo7NV4q9V/FkwrLQ5qfjANP6stPqvj+qIongr1PeKJ5eiU84aqeJ2JAj5InYnxxjTdPdKM7z/dFKX6IdqX+atUYL01+osWTysoC8cVVqHtSG+Q3wDt+Ad6D75EeuNFz8fnOIwCzoHqa06/Gg2VZsEFAPRfffulF/Mkf/wkYpTh3552wbRsvf/tV9Hsujs7P4ujcHGZmZrC3t4er169hdnYON27dxvbWHvr9PhrEwpHpDu48exrTnQn0ujtYXlnBzu4eiA3s7O7CcppwnCbuf/BB/IN/8H2YnJwEgqc6CSGwbRuu68Ky4k91glA8vvkcphuOtEMbN78Je/1qru5VdncNPEmNj8gb5fMTo1GLLr0BuOo/t2wkl3mi08jIyMhoILsBUBfeS3+G1BmA8Lr/q50pE51Yphe3ScHEK5pYpk2rtCawo5rI1qlcE2eNiXCVN0oKTYwzJsoZ/h/sG2GaDS0sjQjf5ztedaOvzolrpDf1+LHveCLaFfFkCE/k8GqyeFJZWYInlWio8SV+gIbJE+7vcHhSZrxr4cu+5kkV3x9540t0QGXn8/dQ5ieVSdLikfFEjC8IA1DMf93oSx3vkl5Fejdp5/o816BKeCLao+RJPn9NflJ1BVGNkifc33p5QhttsLvfBtY+Ij3+a+w4dp1pACRY6JT/37IAUAZGPWysr+K5Z5/F0uIiCAEu3HcvXvjmC9jb62H26Bw6Ux3YtoPd3T1sb+9gc2sLvW4fm1tbcD0KgMG/r8SwvrYKj/YxOzuDvttHw2nCaTiYmJjAyROnsHDsGHZ3drG9vYOZmSOYnJiAZflPfVJK5YuzhGGDAmexLe8k2wHZug0wtyBPqvj+yIovrry20b6S7QB7W6Nuxb5T3ic6nZraYWRkZGQ0JrIf+nE4zz8J97XPAvBTTQsAYyTIr3iyNLD9PIz/GdvI+4H8XI3EXw5sftnMHEzI78S/pEuERF9sRVh9UBkJTkjYwb984TYsw4XZSCk5DiqbCA0nGYlozhsHiasJ/RodvlgZXo4IE9nIuKrK2HmDHvevP+hw0VaMkOCQ2MCcSbpwWXGeI15NNTwkmNgSlhEfRK9UxofyjgE/LCNesrpV7F7xarLqkRIfoh0Z51gJRSmJJ5EnqY4oeKLyN6G6eBL8m4gPTZ7k5kfYoCyeSG6MpPAk0V2V8QTaPImVKTyJ2do8SfdXlHh5FU/E4YjxY4g8Ud+B5IcV5IlCKp6IN16V4ReOY3GeJPihxRNuDocn8lak5CO6fCman6R/8UkclPt7YPITZeBn8SQjQDIumy8/GT5PastPFCqdn4yMJ8KAVsmTiBLxIZaxZhTkxxjnJ/XxBNo8iZWV8wTpUvEjgyficIxVfpIWH2V5IstHRBtQh98Bz0/Y8Qugs2ekp76yZ2Nl+kTgiQX/9y4JAJqshBFYBOj1enjt4kUwRkGph4ceeAAry8vwaB9TU9NYW91Ar9dHz+2DUQZKGXb2dsDYOphlAcQCAwVsAmIzNJoNeMzDzq6/kLmzuQ1mNeE4DvZ2drC1vYOlpWX0e31sb23h7Y+/A7Ozc+h7Lhhj4dOc8QVPhtWJk3h1fRX3Sn6vk07Mg82chrVyuZr8BCnxERnIfDzhrogNkthG+1ak1QFak2DdnVE35UDLLHQaGRkZHXQ5E7Au/EPg4mfC5IsC/kQlSJb8ORBP0bidnJqkKpJoM0niLZ3oMXnJaHJil1l5rD4m7IBlwdtCyYRSdZysZAAhqnLQp4i6H/hHWNxO9g0J2xy34zM5RjJK4Tx/8pVS8vEP/02xiyy0KP0toBLxhXC8BwfycRVtvfHm8ZYRX2EZ7dNo80Vb5W8YYIEU8SIdX81SO74GbWcCT+J8yam0uMo93vkrj984GYxznC8V8iRWAno8iYA6VoodJLdj8VIbT8RSxZNBMxPNVw9TvMyjUvEl9ruaJ8W+P4rxJBY/kQZq8yQ8MJ0nKMITHa6I8SHyg3f72PNEPIAJ9Zn8pP78BNnjK2of8ES06+RJkh85eRJKEh/K8a0vPxHnOyPPTwpLkZ+I8aEc37I8CfosCJSq8pPR8CR/fnKQeFLs+0OTJ2BCs0vmJ6H4OPJjK8hPSvNk4MSo8xPmTICeeEBazXbfw0vTD4W2/xucAGHU5wgIKPxFRBseQD1srK/hqac+hdkj07h+9XU0HQf9fh+rq6uYOXIUt5fWQCnD9vYONra3wQgBYwzTnQ6ajSb23B6YzcAIhU0BYgOMULSnOqCWjTeu3wTru9jb7YFSD5ZtwQOwub2LxaVVTE1PYXt3Fz/8wz+Cyc4kKGOwbBuMDm4U+bFlAaB4aeYhnNx8FlOOzb0MO9KdPgmycQOkv1eeJ3n4UYQnivEtxBOj8VNnFjALnbXKLHQaGRkZHQJZ9/0QrKf/HdjtFyN5VfBkJ7cjO8TEjZnhb3bGjg9zTN/mp5OBTfib0XJwRtyOVRD8R2KikzITEHYeq3agZj+RxS/D3483PyyJXhn1OGZnTmwSZ8TLjIr5jtRBci3YyicnMLBjzcraYa8oI25FPZEOp1KSK8QeqSHZHRoN6MjO9pidFi9hXPFuFu3Y6CRLeZjGw1fwWPqCGIDKM4QTZAOU0uIwfoR4Su54VsRHIp4kJZSjJeWJ1JZKwhNZA1JaID7RoLKTPAlakJcnYpmTJ9IO1OJJRoWJBqTzhNer3gGt4kk2P3R5krgvllAKP1Qf0II8UX7fZPIkI14UzY2VQh9JX0gEnOqMfDxJxAfK8iSFIwqeRFuexpOku5IrlORJ4fxEiC+Tn2Bgx5pVH08SBySk4olol+fJUPMToU/SbGUAqg7ITBwzeDLG+Ym8g4S+qCs/yZzvBC2oiCfixx3xlwcqnJ/o8UQ3P8l+IqsinsjyEdFWKoUftecnvDtrzE8ixwFyW58ngj0ynqRwRMGTaMurzE/o8XvBpo8jWSPBy+xIUIf/P0YYLPj/Z6AAbIBY8CiFDRfU3cXnP/tXeOO113Dy0UfR297A3OwMbALMHpnF5devYWd3F4wBLgU8QmC32oBHsbW7C6frYsfrgTSBVsNCp9nC1GQHO7u7eOPqDVCPAR4DoQBcDzahoF4fnmXB9RgoHOzsuXjuGy/gTW96GA8+cD+IZYEyCkoAm/vCeI/4d7VeJXP4Tmwk4oO1j4JNnYC19nrwspwjhfKTtPgowJPYaKfwJHGC0b4QaU6AtSbNYmeNMgudRkZGRodAZOYOWPe8G+7iiwAGO9BoMMERd6xBsKU72IIdbwSDHXB+BhYk6eH7Mil2mPJkjbHwqVD/dc0dp5Acl1Ly7DC0g9mnuKM9/M/UmW3uYRmcoyrFY3PWP3iJj5tgBy9o7XjW2fGYUQ4mDcG/fDYna3sQTjwwpHZ4Vc1xF3ccK3cgy+NLtYNdW2XHu6y06+PjLNg5xzvXjvowrgb8EHkSjx9587kVGa7C413qiUzwNh8cngyk4klw4oh5MvhsRr59Yv6peDLosFHyZND9GUEwtjxR8GPIPIEQXyqeyBxT8cQ3h8OTMB7YPs1PNC9fKD+R8cPkJ1KeaCttfGXHDjm+Rs2TRH4ixouSJ+K7GvmJjB8mP9GsPz0/SX0iq0qepD5BLMRLzD91fjIcnsT5IeYjpfOThL+Ksqgy42tM8xNtnqTlJwRs/u5kBzBgtd/H1c55EFj+/4kVnMT83JcQ/4/XWgQOCGzKsHjrFl6/fBFHOhNw+3uYnpxEf3cXt3avYWLqKHouQ7cPeLBgtxsAgL7rwSIEnge4rAvCLDRZA02Pob+5gZ1+FxPtDmA7YDbxj+32QCwPFhjsVgPMsgGnifVtDx4s9Lb3cHtxCQ/c/wBsx4bruSCWBUb8DfvRuCGE4OrUedy58SyONqxE73nTx/2FTpYeZAl+iHbwgvb8JidPINoKnpT6rBiNVGTyiPnztTXKLHQaGRkZHRJZ93w/8OVfB/jOxMiTNxYZ2GCJvZ0J2y94Uh7fCTk4TD3pByB/oi1qx2tLlkRRBv/ym9ZxO/mkBJ9wZP1mjd4jNLIZW6DIjVYQmR3vH3Gao7MBPnXeqP1ExKDkPepff9DRMVs1QpkNzIgPebglbGUrUoeJj3dKvIhP7mXsoE+UQnxJy7R4CesTHAuUiA/RllWrbq1kuIjcVsVH5AI8vhIXThsxFT/K8ERdW3meBB0aiyexHCpP4iUf7/BwCHZtPFHERwpPYmVlPCFyM4MnisO1n6CsiieJeMnLj7I80cBXOk8U/Bg6TzL4opDuE/fV8iRZVp+fcOXLT1Q8UX9/ZMSHWObNT1T5SG08ietA5idD4ElqeqRu7fjmJ4MOQZpy5ycqfpDAJ5IRHyY/KZafDI0nRG6OG08U8VE6P0nwI24zEjt6rPMTZZk2Ysr4gnC8XCqe0KNnQY+elZwAvIYZEEKCePCvz8hgex8BYFk2PMZgWwQOgM3VZdxx8jg2NzfR6Uzg3LlzuHZjEVdvLGKmOYuV7R52qIVms4096sHzXBDqwQFggaHherAYYLs9OHDRQB9HO00szDTQbk/A9Vw4zQZsy8Ls5CQcQjE9NYXO9Axev3YTz714Catb2yAU2Fhfgef1wVwGZllhD7Gg8fz3OhljIITgsj2Ho1hPdAWdPAY6dRz21mIKP8R42l/5idH+EGl1wJwG4PZH3ZQDKbPQaWRkZHRIZN/1TljnH4d36fMI7zgEO9EoCyYu0R1iwo0xcaKRUMb9lDCbFs9RlMH8LLO60I7dSNHcUZ+2wzWrZIB6Rz3f7Sc4HW4BVNiK7uGeDLrH79jBA1TcFsrwvKDU2dGMlB2FQY+zaIdHx1vlgKrMI+WMRK/+MKSDtsdPV9np4138N7D4WPKbDXE76YDcX/XRfJy5u3rjnXdHaiI+UnecZhIk6UyJ8S4rLZ6EcTVcnoTuJ3gSLzPjI3xdb7zz8iSVH9wODxN5IomXseWJGN3D4YmKH4PmF+WJgh8HjSc650TLHFIt7KTzJKPMyZMEP7Ke+MvIT1L5IeUJgmEbbn4SG4A83xdjw5OK8pOsOMmIr1SeROJJ5a+KJxhLnuRUnnGOnlOwvjC6o/w47PlJVpyUyU9k+cgB4Ak/YBg8GcRDMZ4wwV8VT/L9Bmv1PIGUJ/Eez1QejkTPiZYA2Px56aHbfRfXO+fgL2uyyHpb8FQnBQi8yGcXYF4fM502Zqc7ADysb25g8fYK+pSgR20sLq+h7wGMMhBGYXf30IA3+L9toUkoptsdzHamccfpk7jz7CmcOXcM09MTYMzD9Mw0Okc6sBoOjkxMgbpdNB0Htt3E9cVldP/g/8Nz33oF/S7Fiy+9gLe/8x2Ybc/BA0DBYIEkepoQAsYYrk+dx32bz2DKtoUOJaATc7C2FtN5kucJ3Sy+jJonRmMr0p4C21oddTMOpMxCp5GRkdEhkn3n98K7/AXfEHcshk928hthBJYVtQfXSeRl0UyTBO9H7FipUizRFyqUzPQSO0wVO9oTT3LyMnBM/zewBJvIS4i2lr+KMibhgqod5nxXIyn6GxNZJR9fcQesuvk8r+dvKDf8pinWv3ycJfagxlgpfUJGssNdGS+KHc+Dbs+Il3h4Kp8Q0vNf4wTZDtBIycdbGR+RnaippSo+ZDtgY3bctcToqfzV8p9XxBuk4olo18ETMb54jeV4knC/Mp4I/MjgSfT7Q48niNthWKp21GfzRM9fhfsV8wS18UQoBX+r54nwQkGeRHe4182T1HjJy09RefMT1RN2Q85PEvxQ8CTdX1kpXkDFE9Gumif7KT9Rd2ht+UnYrIrzEyWYsk4INHb5SbKMtjx3fpIqEVgaPEF8gEx+khEfaRxJ5YmKH0meRFt6aPKTsMaK85PKeCIvR5KfJEalwvxEckHWaAVPcyZreN1r+v8VXNci8Jc1if/rnCD+8hwFg2XZAOuDeR5sUFC3h9uLt+FSCx5xsLaxjvW1dVitPrxuH22LounuoEF7aDsU89MtnJibw7nTp7Bw4hhOHl/AwuwsFhYWMD0zi/bEJJxGA61mE83JJqyGDTgWbAuA2wejFH2XgbQn8aM//INYWVvH85duYG1lDcvLqzgyOwe7YcNjNOYqiUCIL3ZeY5O4H91Eh7LOPLDSAPH6/IRYxyt5ksYV2XGJ+FLzJDU+yuYnRuOr9hRgFjprkVnoNDIyMjpEImffinDnWmRLMN+Bxp/s5DvWKCXBbs7ocYEiO9IYAUAZiBWxI4kXz8XSxBCZDPEdobyJ0NxxWnZHe1jy5vv/DtyJ2FUkmiyjTHRQRhmKj5dox0/ItUMxbcer4rzBJCH4t8yO+pi/gx3s/M14jOUd72LxlRofMsfSxjfVX0Wpcw1pqYqPiF1kB71YZuyIhRBfMZ7o7HhNcVzGE1m8pI53Fj8y4ovfvEzucOf8YOXGN+l2eikemxFfqfERsQs9kaWxg16XJ1r+iu7z75YMnhT7/qiWJ2on9P0dRnwl+YFgmIbDExaNj0p5EoZJYGjEh8Z415KfjDFPBkrPTyrjSUY8lcpPUv1V8YQl7FHwpLb8JK+U8aXKR3h9hyU/yRjvLH5kxNehyU+KPJGlnY9UlJ8I/pn8ROOcrPqEUsWT2vIT6XEYfPbK8iTiHwPAjpwCmzwqOZnhavsMCCEgxB7EJSgYc/wN7oSAMgeW1QADRdMh8HY8dPt7mJufxer6Bhbm5uEyGy+/chF73S4s10O71cTJ+VmcmTuCSauHc8dmcProBBamp7CwMI+548cwPdeB02mANCbgNCbhNKdg2S3YdhOMOGCWBcYYXNaDRRpg8MAIRbPVxoWH7sfb3/pdePXmZ7DW9bC+ugLLvheMUdgWAaOA/0ds/U6L/vlaALg2eRb3915JdB1tTYNOzMLaXByz/CT62SqRnxjtGxGnCdZoAf3uqJty4GQWOo2MjIwOkexzfx/kxJuBxRfA2GBPJt+RhqAMf7MTfunnjiR+MeWOfcRLlYSJje4O0ER1QdvC36wR7eBfrR3OkuOgsqVb4KNOC7bGxF3WPaFNApvEbfWOQNWOU/0dzrzH/esPOly0FSMkOCQ2MCtABAmXzdpBrhoev+TjnRIfyieuhPFXxUc4cRVLflhGvGR1q9i94tVk1SMlPkRbe0ezeocrH+fQTnNkXHkS/Kvc+Z7Bk9z8CBuUxRPJjZEUniS6qzKeQJsnsTKFJzFbmyfp/orSfSJFHI4YP4bIE/kHugKeKKTiSaw5gDr8lDvY9XmS4IcWT7g5HJ7IW5GSj+jypWh+kv7FJ3FQ7u+ByU+UgZ/Fk4wAybhsvvxk+DypLT9RqHR+MjKeCANaJU8iSsSHWMaaUZAfY5yf1McTaPMkVlbOE6RLxY8MnojDMVb5SVp8lOWJLB8RbUAdfgcwP6GzZ6SHLnVd7E11YBErqCrwhFiwCAEhFgiofxHGADB4/T4IGLo7Ozg2N4/trV3YzQauv34dDiGYn5nC9NQ0HnjwAh598wXMd1pw125ixqGYdjy0HYJ2i6Jl78LyCLz+BJrNSdi2308eGBgomNcPB4E6BDazQIInNZtNAuYB3/HQBcx99qvYuL2F20u3QWwHYG4w5mTwyRc/JAD2GlNY3maYb1jJLpw4CmzdzskTTX5EBjIfT3jjxAZJbKMDI9KaBDMLnZXLLHQaGRkZHSbZLVinH4N76wV/osIGe8wR2AD4Rt/BO0IOKU5ZwtP565KZRXxHauRCaaWkbrmYUJ96R32sTNvhmlUyQL0DlvfhYHIZMQdPZEj8ReQMlrDjHVr6N/XSnoiJjLLULrLQovS3gIrUF5bqHfSirTfeih32yh3V0T6NNl+0Vf6GARZIES95dpyKpXZ8DdrOYvxQ80RLaXGVe7zzVy7dUR8+4aA53nl4EisBPZ4whb9iB8ntWLzUxhPNHcuRcU00Xz1M8TKPSsWX2O9qnhT7/ijGk1j8RBqozZPwwHSeoAhPdLgixofID97tY88T8QAm1Gfyk/rzE2SPr6h9wBPRrpMnSX7k5EkoSXwox7e+/ET1RMzIeFJYivxEjA/l+JblSdBnQaBUlZ+Mhif585ODxJNi3x+aPAETml0yPwnFx5EfW0F+UponAydGxRM2dUJ66UW0AVj+oiDxF+rCjRbEgr8QboUvOhYBXA/9Xhcbq2u449xZUM+DRT00Gw2cODaP6c4UpiZaOH/6KO45dwIt2oPrtdBwdzDVYJhoWWi1LDQbDI5lw+1bgNeA7bTgMYBZBBQUHhgsRuBYNkAtEObb8DwQzwVlXcxNtXBiYRZXV3Zw5crr8DwPluUv0gIA4ZE9CHDwJzoJIVgkHcxjJ9GhtD0LuwxP8vCjCE8S3BRKo4Oj5gQA8+drq5ZZ6DQyMjI6ZLJPPwrvuf8HDAQWojkTiUxgEZvA8jL4y7Sx/AzcjhiiHSsHZ8Tt6I1W4cYrn4gQImaGkVLYeazagZr9RBa/DH9f7kZ8h7W6jHocszMnNokz4mVGxYV+ozM23sKORmTtsFeUEbeinjCZ30pJrhB7pIZkd2g0kCM722N2WryEccW7WbRjo5Ms5WEaD1/BY+kLYgAqzxBOkA1QSotVv9GY3PGsiI9EPElKKEcrlSfSj4fou5QnQpnSguK/sRe0IC9PxDInT6QdqMWTjAoTDUjnCa9XvQNaxZNsfujyJHFfLKEUfqg+oAV5ovy+yeRJRrwomhsrhT6SvpAIONUZ+XiSiA+U5UkKRxQ8iba8nvxEnyeF8xMhvkx+goEda1Z9PEkckJCKJ6JdnidDzU+EPkmzlQGoOiAzcczgyRjnJ/IOEvqirvwkc74TtKAinogfd8RfHqhwfqLHE938JPdviIvN1eWJLB8RbaVS+FF7fsK7s8b8JHIcILf1eSLYI+NJCkcUPIm2vGx+wpw22PSC8L5fLjbmQIgV2ARgkSc7CUAsBkJZ4BOB61K07SbWN7bRbrfR6/Uwc3QW7c4Mbi2v49ixeZycn4ft9UF3t7GzvoLOkQ66rouJRgPMAvrMAqMWmNuA5TVASBPEcwC3AafRAABQ4oFa/p0ox2qAuH6bGGXwnzH1wOBisgHMTLZxdLoDi1EQBlhE2KQvRkMkXpZaxwDv9USHsvYRoDkJ0t9NcKRQfoKU+CjAk9hop/AkcYLRvhNpts0Q1iCz0GlkZGR0yEROvDncfUuDCY5qp7W4U5Iyf0Id3QFJIjvgQPzfTPBXUPn1Bhq8othhyr/p2cD2S80dp5Acl1Ly7DC0+S7AoF58z5/Ceffj6s7cuQL26m+A/unvxCeu7/07ON95P9hzM/A+yV/8MOyf/1UQfAH0o+8FHVSvLK0Pvg7rPMCeOgfvK0gmthmJ7uAlEvZxzGa8u+PjLN2xqLPjMaMcjH7wL5/NydoeJPQ8EKR2eFXNcRd3HCt3IMvjS7WDXVsZ4504tuqJjHZ9fJwFO+d459pRH8YVxw7v6Igdix9587kl5UfO8S71RCZ4myM8ibY87XNcdLzLxpd2/SqeyL83hs2TwWcz8v0T80/Fk0GHjZIng+7PCIKx5YmCH0PmCYT4UvFE5piKJ745HJ6E8cAU+cm480Tz8oXyExk/TH4i5Ym20sZXduyQ42vUPEnkJ2K8KHkivquRn8j4YfITzfrT85PUJ7Kq5EnqE8RCvMT8U+cnw+FJnB9iPlI6P0n4qyiLKjO+xjQ/0eZJMj+hUwtgdjPh+J7nYbM97x/LCAACYlmwAMAi8IjfKmIBYDYAGw3HAe3voN/t4+jRo1jb3EBrso2pmWmcPnMKe3tddBwHG7fXMN3sYHdrC9bRGdjtDlz0MNWZAWHA6s4eGtTDNOuhM9WC7bpw93poMAtWk4FYNpgFeC5Fv99HgwKMWP5HxfYXPOG5sMFgg6LVsDA/N4Pd3R10pqdACAGlNFwkjPZI9Lc6tybmsbd+CW07/udrmeWANiZh9XYUvRyJFylPguN05zc5eQLRVvCk1GfFaExEAPM7nZXLLHQaGRkZHTLZJx6GNXMGdP1akO8PfpPTT62CrDFqA4BYKosySQ8AACAASURBVHfW8hxenqTz9E36RJtoC7WGk7/06oNWM4mdfFKCX1S+Yz7Q8lNg19cjXrSBhQsgx+4HeeRfwD56Et7Hf2VwftimwQ7Y8HLtx0F+8DzIX14Gv/Eqm9ixuY+CnJsBsB50SDgs6SUUpfYTEYOS96h//UFHx2xVfGQ2UDWJC6uJXU5lK1shxFW85OOdEi/ik3sZO+gTpRBf0lJ6vuiA4FggcRqcsGXVqlsrGS4it1XxEbkAj6/EhdNGLDGgClshHX6klnl5EnRoLJ7EMsETsYEapSo+Igs3yvCL9E8iPmrjiSI+UngSKyvjCZGbGTxRHK79BGVVPEnES15+lOWJBr7SeaLgx9B5ksEXhXSfuK+WJ8kyPT8pwhOuLJ7EbRVP1N8fGfEhlnnzE1U+UhtP4jqQ+ckQeJKaHqlbO775yaBDkKbc+YmKHyTwiWTEh8lPiuUnQ+MJkZvjxhNFfJTOTxL8iNuMxI4e6/xEWaaNmDK+IBwvV4InnXnpcRsuT1yI33ZCwnszBJb/KglGlBFQ3reMwKUe+v0+XM/FxtYW4LRgNRzsrK7i6rWruPv0KTSbTTBmw2pOoT3LcPPqFbxx8zocpwFGGrCaLub6LjrbO5hsb2F6qovZ+RmQngvYFjzSgIsGdl0Gh1hottpwGUWjwcA8Dw3HQZ8wUELRajbg2BZaTgMWscEY9f0B/IXaSB8yxhBd7NygFtp2sk9ZawpkZ1nCDzGe9ld+YrT/RBot8zudFcssdBoZGRkdNjUmgLn7gPWr4FsYKQsmLoxEJhT+fylvWHCbvy/Oe2iQfEZfl52TVqYo/UaK5o76tB2u0etvfgHen/xGMhGe/wlY/83vgpx9AtbbfwXeFxkQmcAzNtj1FxV58KMgf/kToOGWwOQx1g/8qN9/EY8H3eNn3IMHqLgtlEGLlTtOxfeFElI7aK7sRoZskNLKPFLOWPXqD8IisJlwuspOf4Ki+G9g8bHkNxvidtIBub/qo/k4c3f1xjvvjtREfKTuOBU/sRkqOd5lpcWTMK50eZJSSuJp8IQOG/Rp1H2RH0KZGR/h63rjnZcnqfzgdgyogi3Gy9jyRIzu4fBExY9B84vyRMGPg8YTnXOiZQ6pFnbSeZJR5uRJgh9ZT/wleBK3U/kh5QmCYRtufhIbgDzfF2PDk4ryk6w4yYivVJ5E4knlr4onGEue5FSecY6eU7C+MLqj/Djs+UlWnJTJT2T5yAHgCT9gGDwZxEMxnjDBXxVP8v0Ga/U8gZQn8R7PVB6ORM/hVU/MSA/ZQAOx3+bkZfB0pwX/z8QSWID/MCWY5YAwBz242NrbhcsYqAdsrK3j6vVbuHTxEqabDhoNC5ZtYf7EaXTmT+Abr7+BL3zlWdy+eQuABcYs9PsUJ45N4/jRKdxz9g6cO3UcZ7tzmGgRtJstMNbCVs/C1eUlLG9sYn1zD3ariaNzR+B4PVw4dxo9BtxeWkav53dxw2kEf9qWgBEKgAT3SuL9Hf2dzi3SxHH0gncike9MhJ/3PE/oNv77T6Fxz5R8XLYvw/2rj6D3pVcQja/KePITv4/Jt5wH/er3Yu9JeRMGOgXnBz4M5y2PwZqe8v/aWtBG7/n/iP4f/pH/18V09fivY+K9jwEXP4bd3/wEAKD581+Cc/wy3J//SfQAkHveCXu2Bbb2TXgXb+S5+uGW3Rh1Cw6czEKnkZGR0SGUPXcXvEt/Hfzm5mCHohXeAAMAcQdbdAKLWE5JMMjxQZJ2rFQplujHGoLkDECyw1Sxoz3xJCcvA8fSfwMr3gIg8nwrAbDyh6AvfAj2O74b5NyHQPA78X4hkSc6o5p6HOQ950E+fUU+wZn/VZDzJ4T6hQupdpjzXYyEhG32u1ewIzvbVTue5SUfX3EHrHqexvN6/oZyw2+aYnHEx1liD2qMldInZCQ73JXxotjxPOh2fjxvgWDHw1P5hJCe/xonyHaARko+3sr4iOxETS1V8SHbASvwJOpaYvRU/mr5LwBLyRPRroMnYnzxGgWbyEuItsp92ecp9fOl4onAjwyeRL8/9HiCuB2GpWpHfTZP9PxVuF8xT1AbT4RS8Ld6nggvFORJdId73TxJjZe8/BSVNz9RPWFXaX6SzZMEPxQ8SfdXVooXUPFEtKvmyX7KT9QdWlt+Ejar4vxECaasEwKNXX6SLKMtz52fpEoElgZPEB8gk59kxEcaR1J5ouJHkifRlh6a/CSsseL8pDKeyMuR5CeJUakwPxEuyFrT4hUBAFtWe/BqsODJL564P0H8UfXA4IFip9/F+uYmFm/fRrfnYnZ2HjevXUNvbwfH77gbjVYTc8fmcfqO01haWcLnvvS3eOPGbTTsNhynja2tHdy+tYHb67tw7EVcurqEC2eP4tHts7jz9Dzmpo9gc72PS1du49K1m3jxxjW8cWsJE0dmcOeZ0zh7fB5tj6EzN4W9vT4IaaMzNY1Gw/H7P/CHBHFLrMHOcEr9pz0ppWCMYdvpAOgLfQSgORF8pOIdr+RJJOYBgL3+FOjSYDgw9zCsc+fh/NjHYDk/jb3P39DmSWp8CPlJ1AU1T96K5v/0ETinpwC6BXb9adBby8DcBVinz8P+nn8C+64L6H701+DJTi8o592/hMY9U2AXP4bdi5+o8MpV6QKcH/8QnHtO6R2+ewP067+N3pderrdZjlnorFpmodPIyMjoMGrmLMAAyliwqczPlKI71vxdnL7Nn/hkYdKHyMQJoCRuhzv5o0mZoDAxjNo8WVPuQM3YcVp2R3tYJvNGFvk3lnju7vkHTD0c7iDkJ0uf6Fz5BtiRR0De9FGQp35C+lud5F3vBXH2wK7dAjkzG4wJkpmwcuJMwj6L2/ETcu2ATdvxqjgPkXgZBAa/pzOwMyf9/JjwsoMd7PzNzHhB2ngXi69YPEBtx3wo5K+i1LmGtFTFR8QusoNeLFN2xMbiENE7BLx5A1vb34jjejzhly/Ij4z44h/+5A53zg9WbnyTbqeX4rEZ8ZUaHxG70BNZGjvodXmi5a/oPv9uyuBJse+PanmidkLf32HEV5IfCIZpODyJ5ifV8iQMk8DQiA+N8S6fn0jiZYx5MlB6flIZTzLiqVR+kuqviicsYY+CJ7XlJ3mljC9VPsLrOyz5ScZ4Z/EjI74OTX5S5Ik/7XykovxE8M/kJxrnZNUnlCqe1JafSI/D4LNXlicR/1hrSvIGsGtPghAC27ZhESuyOBjUGwZZMLb8GMdGt9fD4tISVtc20e25oNTCZKuJmTOn8PbvfRumJlq4cP+9oMzDl77wBVy7chlTU0ewcOwkZmbmcf3WIta2d9BnBNRu4Y3FXWyvr6JhUyzMz2HmSAO3l27jtVev4MbiCly3h9NnzuCOM+dx/sQJnJ6fw1SrhZWVdbguBWyCY8ePAYzBY57fT/xDQcjg/gsAEtjc311nEnBXE11I7Zb/KYj1t05+EvT04kfQfTIeuOSdv4H2Dz8G620fhv35X4SXKz+JfrbS8pP4+Mvk/ONf9Bc5lz6P3r/7JbhL0XdPwfmv/g84nc9VusgJAPSlT8FdmwZu1rwwWFTf+wQa3/tYZBSzdB7W8Sbol34Wbo3NgmWW5aqW6VEjIyOjQyhy5I7gP/ykybL8ySAjABF2vg6SLWEnG7f5XI7E7fB1QL7YGeRt4k5yRO1omyPngQyuydsY/maNaAf/au1wThwn1j9oYLij2g4O2HkZ4e+Shm2L7Jjkl6NfB7t0AuS+x0HedR7kc1eEic3Pwbr3TmDtk2C3L4CcCS5IIPQ3wslKrAxbqdpxqr/DmTvjX3/Q4aIdHyGx5P6LDdRPM2WXzdpBLn1CISz5eKfEh/KJK2H8hfMgxBcSJT9sMJEJOihuZ3Wr2L3i1WTVIyU+RFt7R7N65zwf59BOc0T47CRtpEvGDw2eJKrT5YcmT5TxoQxQ3qCM+JDdGBHLtO6qjCfQ5kmsTOFJzNbmSbq/osTLq3giDkeMH0PkifwDXQFPFFLxJNYcQB1+yh3s+jxJ8EOLJ9wcDk/krUjJR3T5opWfSOIl/YtP4qDc3yyeJK5WGU8qzk+UgZ/Fk4wAybhsvvxk+DypLT9RqHR+MjKeCANaJU8iSsSHWMaaUZAfY5yf1McTaPMkVlbOE6RLxY8MnojDMVb5SVp8lOWJLB8RbUAdfgcsP0GjLT1sz5mI3JcYXJQ/2cnvcxCQgEkMFgGIx+DAhgUbU1NH0F1dx9TUFI4emcLUxAQeeOACOhMtOI6Np//2a3j2b7+C/s429oiF3ekdHD91Cm9++EHMHO3g6We/gd2dHphHsbTXxe21PqYWzuDY2Tuwskax474Cl1rwGEGncwQzR+dx7sQZnDuxAA9d7G33MD09Bc9r4vz58yAgsCwLDAHL4P81MioylQwWO7tOB3Alneq0/F7Q5gkRPouSvOTzXwb9vsdgH70TNoLfPS09vxHsTD0B54F5ADfgfVJc5ASAG3D/4z+uZeHO+9y/rHzxtFJ96cug734Mdkf/FHbzy7X7RGw77zTWKENmodPIyMjoEIpMnQADAwmScUpZMEkI0t7g2zacPCgUe58htnCpdeOdZZTaYkJ96h31sTJthytk0zJxB+w5kHu+w3//9p/69UTq5U90xt1nYE89CXbXh0He9MvA535msEMPAPkvPwjS3AP7238KOv3/woqeJ0wsS/+mXtoTMZEekNpFFloKj6/iWoXjS72DXrTj451RZsVXWEb7NNp80Vb5y28kcPHxE+w8O9jFUju+Bm3nk/tw97e4AzWP0uJqCDyR7qgPn3DQHG8VdzJLCPEV6dOo+7xjE/6KHSS3Y/FSG080dyxHxjXRfPUwxcs8KhVfYr+reaIsa+BJLH4iDdTmSXhgOk9QhCc6XBHjQ7GDffx5Ih7AhPqqyk+KxpeKJ35rwu8npb+K+Bir/ATZ4ytqH/BEtOvkSZIfOXkSShIfyvGtLz9RPbE7Mp4UliI/EeNDOb5leRL0WRAoVeUno+FJ/vzkIPGk2PeHJk/AhGaXzE9C8XHkx1aQn5TmycCJkfDEaUkv27PjC6DRP/fKCII/98pAGIUFAofY4D/WeWxmFoudKfQ3NrG2to5TJ07Abjg4dfokTp06Ber2cOnVV/Hs176G7bUNuJ6FreV1LG/s4fmXXsGZs3fgh37wB7G2uoYb125ic3kNxLaw0+uj3ZnFxJEjWDhzEm956/fg6899C4tXr+DK8hKo1UBzr4u9zRWcuWMBMzPTmD8+jxadxOTkJEAQLnRSwmARCwAdLOjybmEsXOzsO7wfhIi0nJBV+XgyGAQ5P6JHnILznifgvOXvDX4nk26BXfoker/5MXgEAPsAWv/7E7AnBr916V/oA2j9b7LXM/QDD8OyACx9E71vaRwPAAvvQ/Mnfwr26Xn/N09pD2zpabh//nPo614DAN4v/oZo4BueRv9Ty7Df/R5YwSIjW/w83N/7JfTDhdhTcN77i2i85TGQiaANVz6J/spjaD523v9zuMFvg+KhJ9D68ffCngn61N0Ce+NT6D/5LyULu1F9At3fbaL1Mx/SWuxkF38b3d/8RCGM5xKxso8xyiWz0GlkZGR0CGVNHUNsdx/85Nx/shNhHhjdCBhbjINkmkoGhmgzFqsO4lSHhAfxFxR22kxA2Hms2oGa/UQWv0zEw8ZJWA+/P2w5AJD2/SCPfBDk1Ayw8wWwT70e1BvxkgxsMngRWP1fwF57P8iF98J6BwH9Im/mE4OnOT/3Osh7oz0W6VB+nZSy0G90RsYq+RsjWTvsFWVstAceSIdTKckVYo/URMZfFR/ROzSRne0xOy1ewrji3SzasdFJlvIwjYev4LH0hbAUj1DZQSkboJQWq36jMbnjWREfiXiSlFCOVipPYrZUKp4IZUoLiv/GXtACKU8Sn2J1qfh4QzgulKwDpR2quEIGT8RHDFQ84fWqn6BQ8SSbH7o8SdwXSyiFH6oPaEGeKL9vMnmSES+K5sZKoY+kLyQCTnVGPp4k4gNleZLCEQVPoi1P40nSXckVSvKkcH4ixJc2T3Q/zjL3kR3+ap7oVVx/flIdTxIHJKTiiWiX58lQ8xOhT9JsZQCqDshMHDN4Msb5ibyDhL6oKz/JnO8ELaiIJ+LHHfGXByqcn+jxRDc/yf0b4mJzdXkiy0dEW6kUftSen/DurDE/iRwHyG19ngj2yHiSwhEFT6ItL5WfEAuM2JL3CTyrDYTbpSmI5Y81DetigGWBUQsWA2BZcD0XEzbB6dkTcM/fhxdeu4h+z8XO9jZmp49hanoSrXYDS4uruLW4iI2NLZw5cw5Lm3ugu11YzTaaFnB0fg4/8mM/gkmH4eVvfB1XLl3Fay+/Am+vj821DezuHcXsqVlMrqzhyvIiNijwrYuv4swdZ7HbYHjm+W/A7nwHTi7cg8npDpqNOYDZIBZACIFHKQhjIBZgWQQ0fAw86AVC4HkeCPH/dK6sQ4llx8ZdNz+J9nUiH7nvAqwJANvLoADIfR9C4/vfBbK7DHrpabD1Jsh9j8G65wNofmgZe7/zCUSbrmRphB8JVwSe2Mfn/Xavv5yeunAtfACtJ56A3QHY6vPwXlsGzrwZ9sm3ovHB3wf5vZ9Er+xforUeRuNHAXb9y3BfAqwLj8E6/k40PvgE3H/1MTAA9vv/BZpvOQ/QLdCLT4P252Hf+T40T/eEi/0U2v/tB2C1emBXvwzvFmDd/TCsu96Hxnufh/t7T6W35erH0X3yNNof/JH0vxi7+Gfo/ebH/c9L3UowzqiszELnmIiCwaUu+tRDn3pwqQuPUfD9bQQEtmVjwm6iZTXgWHbGFY2MjIzUIu1ZRHesDSaDAMCCpC2yQzI4TtxhC0LAKAOsiJ2Y6cmk2GHKMzI2sP0yvkOUzxLL/mYNQsYK12VC3njmCVhnFK6sPQX6Rz8R/7MpjLvBkhNaxvzXP/0kyN0fBnnzrwN/82G/XT/wfpD2HthX/yko4hfMuo8qy2YHL/HxE+ywndwWyui46+x4zCgHk4bgXz6bk7WdJ/RBIEjt8Kqa4y7uOFbuQJbvYFbtYNcWyyjFYzPGN7e06+PjLNg5xzvXjvowroKwCO8QROxY/Mibzy0pP3KOd6knMsHbHOVJpOUFPs+ZKhtf2vWreBKcOGKeDD6bke+fmH8qngw6bJQ8GXR/RhCMLU8U/BgyTyDEl4onMsdUPPHN4fAkjAemyk/GnCealy+Un8j4YfITKU+0lTa+smOHHF+j5kkiPxHjRckT8V2N/ETGD5OfaNafnp+kPtFZJU9SnyAW4iXmnzo/GQ5P4vwQ85HS+UnCX0VZVJnxNab5iTZPhPyEUX+XuqQD+AIdf9rRf8ox7AWAERAaPItIGJjnwgEF6e/hr//Tn+G1V7+Ne978JhybnkJ3cwv2qeNotidBbP9JyFbDxt/7zjfj6PQMXnzlIq7eXMSZO8/j9JnTOHnyGFZeewHfefdJ3DvbwjPTk3DXl+H1dnDrxg3cd89Z0IaFs+fP4x/99Afx8uItfNflK7hw37248/gCdm7dwuxcB812G4z4f6621Z4AA0CD8SJ8EZfKu4s/0cmIPKgYsRD9bc94L4dXCfs80nP+fzXfDfvRSODOfBect73LP+PKU3AZA175bfSf/M/wvvZpvy5CgPl/gvbPvw/W6bfCZp+AG7l+nA+Reln0/dgwJ2R1pqU+qWS/533+041XPo69j/12eEn7g3+I1iPn4Xz/T6H38sdzXTOhVhPs6Z/D7h982bcXfhHtX/gRWPMPwwHQx0+h8ch5AMvw/vBH0f1qcN7CB9D62ScQW/l4/DGQFoCrf4Tdf/Ox8GXy6Ptgb2cscnJ969fQ/dQptH9Y8Xud20+j/3u/NsQ/w6vOH4yKySx0jkiUUbjMQ9fro0v72PV62OrvYsfdw67bw67XRZ+6/o8tA7CIjY7Txl3TJ7HQOgLHmhixB0ZGRvtarSNgjPh/KSGyNTVMiwnAd6gBJMjJ+Zcwz5JVJeI2l2hGJjSMxG1wO3o5sUytnu9QFe3kkxJ8wiHfMR9o+Smw6+txB5Y+BXbtq2CXL/vHRx0I2zTYATu4HPH7cuWXwS69H+S+H4P1938W9CsfhPXgI8DWU2CfC54OtdrhOeDDlFVCUWo/ETEow/YCyP2bNZkNTE/qlDvGVeEmltE4SpR8vFPiRXxyL2MHfaIU4ktaSs8XHRAcCyROgxO2rFp1ayXDReS2Kj4iF+Dxlbhw2oip+KHiiaDc/BDLvDwJOjQWT2KZ4InYQI1SFR+RhRtl+EX6JxEftfFEER8pPImVlfGEyM0MnigO136CsiqeJOIlLz/K8kQDX+k8UfBj6DzJ4ItCuk/cV8uTZJmenxThCVcWT+K2iifq74+M+BDLvPmJKh+pjSdxHcj8ZAg8SU2P1K0d3/xk0CFIU2XzGxL4RDLiw+QnxfKTofGEyM1x44kiPkrnJwl+xG3h4byxzk+UZdqIKeMLwvFyJT9+THINRMbJ/3OvhJDwfgshwTJhsEhICYNlARbz0F1fxo2Lr+C7H34I73jPu9FybLx86RKuXbuB0+fuQNd1MdmZxPFjR9FhfTjUw3v/i7fi5uIiXn/jKubsXbT3VtG91cN0swFndwMdm+LU8XksrdzApVdfxmOPfgcanUm0W22cPLMATFi45+xpHD06h85EGxN33QHbZtjY7YIxhm63C6fR8P/Uq00A2CCEwmIEYOpn7gghAFWshAZ/8lbVnTF+kGQ3k0c+guYj4jV7YBc/gd7//WcBT27A/doN3hiQe94Je6YHdAFY/HrRi0ISR0IDM0S3NwFMZR8YyD5zCsAWvOcHi5wA4P3FN8EeOQVy/DE4+HjJ3/S8DI8vcgLA0mWwXQATU75LfPFy6Wn0vho5bekT8N74adgXIv5862WwH3oM5OR70P6vN9F/9il4F2+APftHudrIPvez6B3/fbTecj7+hnsZ7pM/G/mTusMQyz7EKJfMQueItOv1sNRdx6XNm3ht6waubN3Crb1VbPR3/MVOrxcsdPrgtomFM5ML+Ed3vxvtubvRccxCp5GRUXERpwWAgVF/QhMuajKARVL7wZ/riCd40kkHECZisoVLRiV5OMsoU8QfJI21IaxPc0d92g7XqI+bX4D3J7+RkggLO+rDNg2eSog6zXcQsqeeBLnrwyAPfxQ48j0gU3tgf/tz4dOc5Mhs/Lzwv/yKBw9QcVsoI+Po1yuU4vtCCakdDI/sRkbS1fQyj5QzVr36+fAgaHv8dJWd/gRF8d/A4mPJbzbE7aQDcn/VR/Nx5u7qjbf2znbhRkbWDnZwW2eGluJvnvEuKy2ehHGly5OU8v9n702DLUmu+75fVtVd3772vs/0bJgZzAxA7CAkkhjCJC1ZZDisYDjkL5K+0P5i+osi7BA/+JOkDw4hFKYdCodDIYMiA7REWZYAQRQEmgRAzAwwmL2nu2e6p7fXb3/vvrtVVaY/1K26tWVV3fvuW6bnnpnu0+ferMw8eU7978nKk5Up/tTfoaP6YxpWPzBwuv65/hF8Xszeg+JJJn74cgJQQ3LcX44tnsS9+3DwRIcf/e4Piyca/HjU8KTINWE+AOkWdrLxJIcPiCcJ/Mjb8ZfAk6iciR+peELPbIcbn0QMMMjvxbHBkxHFJ3l+kuNfmXgS8iedvjo84VjiyYA0iJ3D1wzZXuDdYfz4pMcneX6yn/gkLR55BPDEL3AYeNL3h+HwRMX01eHJYGewjh5PSMWT6Ijn0iA4Er6mx4W0UWY5UcSSNq5VxU9UD3hvgU34Po1CCAMpXUyhKNdqTNYnePGFF2jsbGOa8Nhjl1nd2eKjj+7Q2NnBQjI/N0upuYuwu9TKBs9cvcwTl86jhEK6LkIYuM09WjvbdFptXBSOlNh2l1Zjl4npKVxDUJueolavsrvbwjANyiUTq2ohpN3ro6Jeq2KaJqZl4goDKSVK9NZpRXS0vWcvCs8fFJbshAYsNNCuE9zvg+3Q7bVz+7u4wWJYF/XRK8hb/x73TshfFl6m9Ft/G+vCaUR85aUVs2XMrjp755H7cB04hZi5WsCdPgWl3j/j68VrXW+kjIG8OZ1a69n9KFe8NmQ3Uc7ZXqMcXrhd+yadP1mg8vLXMT73d6h87u+A00Be/9c4/+qbOWd0Rsn9w9/Fnvh9Sk8v9Bpbx/3O7xY/23RUlHxYOKZ90nih85DJVZI9p82r69f48eo7fLi3wkprk43OLrtOk45r4ypJ1SzTdW1abgdXSebKU5ypLTJdnqBmph84PaYxjWlMhcks42euBhmsKvIGWvpnrvUfjKXNt/B5SIjLPleg3UgRnbiL2I9+smXRCzjzMtoTOzl93msw+wysaA+863uySOfhaDCyo7P/YX9yEZzV+V9iTs94uzm/ezs0+Qi3LxL1RNqLdWSoM7BC5fS8Z4VEBqx+nub7l/+FNuE3i+LOFkmJD8n9FiM8dYdMSoa71l80Gc/9YffL+z2IyVH31O4QKqZ/gQvSMspDPLxjG1L8I5TZnsl1/pGWUR+Ro6olrKfTt5D+ccDS4UlcDvnLyPAk7l9+izE5B0/iOJJQP+1+yry/dHgSw48cPAl4YTwhKgduqcuoz8eTYvpq1B8xnnBgeBLjMX1HjyexD4bEk/AOvIPGk0x/GRQ/4xQZbx2e5OPHaOOTfDxJ4IcGT7L1TePxCnR4EpdHjScfp/hEP6AHFp8E3RpxfKIFprwLenTs4pMkD/d84Pgkk+KAVQBPiBpoHJ/k+EcWjmTiiQ4/kngS7uknJj4JWhxxfDIyPEnnRxKfJKwywvgkXqHT9Z7r9GsEoCw7tEWt9yyiNwKi98fwjk4L7mFlYJjgSkm5VGPhxGm6HZf3r7/DzWvvMzO/wJmzp3GROK021XoFZVogDOxul06zwUS5xFS9ghCCVqeN40hsx8bpdum222ytb7C8uMRjj19BKZuSJXFtiWsbTNRqTE3NoYSBRKLcLnanhWs7/H5VKgAAIABJREFUGK7k8cuPUTJM2o6DsEyE4SkiDYFQAiN2fpBnBwVISm4rNqi9sZBO75aKDrwWT0I+D6Ae/h72HyXjT0LlrV/7HUpXFqD1Ie7b18ABxRTmp77Qr0uETK/D0l4DiWdNaXjynTeQX/sUxuKzlJ+GTuai3Ztg9/5pxL5aLHvNyHzI2jd1O974GeWEStbMYqK4+uHv0f7h78HZL2Bd/QLmCy9jPvk3KVd2cf7JIK/ZvY/9f/xd+Nu/T+kyuN/5u3S+f3+fygxBGbuSxzQcjRc6D5FcJWnYLa437vEf7v+U/+ejH7Le3cGWLoYQVIwSJcOibJSommVcKZFKIZViqTrLU7PnOVtfZKo03s05pjGNaf+k/JlYaIVR9oJzKVUQrIPCT62UfjDvVYAvKAFI5QWe/eK5sXqkP4QmQ9oM1GTGqZRgGCPKaA94MqhTob+1E9loYVJ3dE5cQCjlJc4p+md11kO7OcNzWl//gSbOIhizqBy9YKAM2KyMV811/UmCr6zwzRuRC0XQEX37GezB+MTHi0HsXTCjOZ7RHvYH9HJEh6H01fAidaRynX+E5GEy6OM8MyM25IdhHArwoy8X1jekeDE88asfEj9y/Mu/+ZMZ7j5+qP3ZN6l2No+XzfGvTP8IyUPtyCqQQV8UTwrpG1dfBT97mXgy3O/HaPFEr0RxfQ/Dv5L4Qc9Mh4MnKuwfI8WTwE16QgH/KGDv/ccnKf5yjPGkT9nxycjwJMef9hWfZOqrwxOVkI8CTw4sPhmUtP6li0f89j4p8UmOvfPwI8e/PjHxyTA7/grHIyOKT2L6jeOTAtfktRfjOjw5sPgktRz9e2+/eBLWz25BZTL2BdTcNp1ggdNb7PT+80opIXrPb8BEIISBwkCZFifOnmN3r8W7b7/Nyp07PLj/gF/5+q9w/tJ5apUyQkpcx6Hr2HQ7Xexum4lKGUPZWOUSSAcJVKs16vU6D+4/YHevwTf+2jc4d/EcpbKFdGwEJQQCKcHpdlGGgUCCtJGui3Qc5mdmuXThPIaAsmnh+MMkhGfOnn6R4fHxTQiqTit9UJ2OdxdEvioSn/SNkIcnouZtUJJv/Tadf9Gz81P/M7UX8XZ0KoDvI/d+B6O2CF8BfuA5gvjaFxC1oKmeXin2T9A3sd/+GpXnTmH+1j+k9E9+N/Ya1lNYv/H3MSf+Nzp/8Cru3ftYy6cwP/V3EN8PndH5jWc9bR++us/X1hagH7yK+vpLiMWXKH+WyBmd5rn4a3h/HetL13D+/Brc+SHOnR/i/GmF6j/4dYzZi/GaC9B97P/9Pw/We4+ClHt4p4F+Umi80HmItGs3ubZzhz/88Af85dq7rHd3cKREAFWzzKXJk5yuLVAzK9xsPGDXbuIqSc0q89z8JX7p1AvMlCeI5pKMaUxjGtOw5AW4IpxK2It+w5mJ/uOZBPaI3ueiL/vVRHiMgmtiExvRC/jzMsoTzQlvIhucWdPrc/oZNjkZzoly8fb7HY5nVPdTWENMiP74hKsL7cxg439E/fksTN3ydnNGJsuh1nvm8evWJrAGvdRlnBbPcPbbDiYUft9jssZCEQ1SM/gHoVi1eRnkOvOIngOmn1lTIKM5nlEfu46Yf5HgfrGQv3gDFJXzhjU+vPHa0ponwz/icuGMZn3mvG/nftJEhiIJ/CiGJ4kBiN+OQ+BJIfwoiCda/9A6qN+hHP9IezAS51nDNTI8oTCeRHgGnkTkwniSrW+ciu5IiZsjgh+HiCfpN/QI8ERDOjyJdAf07qfdEVMcTxL4UQhPfPFw8CS9FxnxSFF8KRSfpPhL9g9fioLp+ubhSaK2keHJiOMTrePn4UmOg+RUO1h8cvh4cmDxiYb2HZ8cGZ7EDDpKPAlRwj/iPNKNIfHjGMcnB4cnFMaTCB85npBNOvzIwZO4OY5VfJLlH/vFk7R4JC6D3v0etfik20x1sbpsshWMmUIIgdFrSwJKeBoJw/cVw9O9VOLM5cusfHADJV1KlkBZJiawODNLq9Ok63Ro7TXZ2W2ws7nFZKXEbqMBskKNOgqBZQis+gQTc8ts7XX53Ff/KnMnztG0FbPKAGkgXRdHdLAoU7IsJBKpXLpOF1c6IB0+8+ILTE1P0kWA62KaZRQOsjfsXt/DI6BASYTh/bPuNlMHVbgdz5sL44mI3Yt6P/G/d+/do3TlKsan/4Tq5Kuo0lWMc6cRMigC3Me9cx9r8RTmL/9zKqevoSYuYj52td/rcIcKkPvP/hH27/x9She+QOl/+A7WvfeQK+swexHj5FXEBLD26xi8ivvdb+Ne/R3MC3+L6t97CXlzHc58CvPkgnde5fcG2SE5LP2f2D//OpXPXsT8re9QfelVpL2AeeFTCKML9F/NLP76b1L+0lXKf+VD5P1ryL0pjKsvYQBq49oh9PUASB74UvInjsYLnYdId5pr/OXae/x0433uNtdQwGJ1hgsTy5yqL+AqSdNps9p8yFpnm6bToWKWeHLmPM/NXebK1GmqKe9fH9OYxjSm4UgFD3P8rE1Ub3kvY1LWXwBNqY7Q5LRXfWR+lHJNJi9Mimjgr8+oj/CsDFei8WTi+96YpWda965RKjLh6lemIuOsfvA7MX3SBiyWOZyWgRrnvfJD7YgJjUCqPMxCy9D21dQ1aHsB12fQx+VC9tZl2GszqsNjGu5+XNbp6z9I8Mm3X0weJIM9zgv7V7/vKoQncXwZmLL86hDwJDWjPtjhUNDeOtzJ5cT8KzSmYfX9gU3oGx+gdDniLweGJ5qM9gSe9LuZ6L7eTFE+CO3Lv+LjrscTLT8APIn4T6iDhfEkKJiNJwyDJ0VwJe4fcfzwh/3Y40m8gIq1N6r4ZFj/0uGJ15vg90mrr8Y/jlV8Qr594/QxwJO4fJB4ksSPAfEkoBT/0Nr34OIT3Y7dI8OToUkTn8T9Q2vf/eJJb8x6jjKq+ORo8GTw+ORRwpPhfj8K4gkq1u19xicB+Xb0y44gPtk3nvSVOAo8Ee2d1Gon3Vbq5/7CniHBEAIhBFIJpFIIq4Tj2CxfOM+tG+9QLlu4ro1hlHjnjbeYrFU5c/4MruOAEGw3WjRaXQzp0thrYhlQKlcoVWqUSmWwqrzy3musdxU83OHdP/53XD47z2Pnlrhy5gwzc7PUZyYRwqSkFKVyGaUESipcu4NAcv7iRVZaLtIqgWGCAIHABAxU7zmTjA2KAqUQAibcRupAi24rwKrB8KRvhDz8kP/679Gd+IeUnruI8eTXvbMkf/xt5It/EzNkS/ef/yPsqf8e69JFzJcuQmcd+ZNvIT/9NzFrUdWK0Q+xv/nfoF7+b7E++xLG6Zcwz/a+2ruPfPXb2N/7lvd2sbVv0flml/Jv/y3M05/CfAnvrMyHP8T5N7+LfUhrh+4f/i5d5+9T+vSnMK78Iobsoj74Ft2tL1DujQmA+v++hb3wt7Aeu4jx5EXvjbtOA/nut7H/6bcOp7OjJuco95M+mjRe6DwkUkpxZ281WOSUSrJcneXq9Fmenb3Eido8r2/e4PrOXW7s3kMqiSEMlqtzvLTwOE/NXGChMo1A5Dc2pjGNaUxFSPQz1gxAKYFhkPIgrJ8Za5AedwuCmL8XgEblCAcU/Yzk4Mvekz+v/b4cnehkzARimce6DNT8HVl+NdFo0sffQB2Rzb1/97P/Iugdakc/sYnivYgPZE4HhjqjU4TtH8toJC/DXsNDavV10ZhTSyk1RLbUhOyvG9CwY4cy2yNylr8EfuUPc1yOWCfJ09006r4xjVM/iDug9orYBWkGyuix7ozGZMazxj8S/pTC0VorE09Sbo+k7mn4kZpxns6HP2Ov14NUPEncxXqegSvhcgGlDWAGniRqyAO02BYDHZ747ep3UOjwJB8/iuJJ4rlYgjLwQ3eDDokn2t+bXDzJ8RdNdyM8NkapHyQcTnfFYHiS8A/2iycZOKLBk3DPB4lPUmvYJ54MHZ/E/KswnhS9ndPUJ9/99XhSrOGDj09GhyeJAgnS4Ulc3j+eHGp8EhuTLFnrgLoCuYFjDp4c4/gkfYBiY3FQ8UnufKfXgxHhSfx2J/pxn4aOT4rhSdH4ZOAzxOPdLYonafFIXNZSBn4ceHziD+cBxiehcpAuF8eTmHxkeJKBIxo8Cfd8v/GJaG2nfC+YohsdJdGzYU9PA+EtBigQwsAwwEbiGAbliTrnL12m29hkd3sLq1Tj+ttvcfbEEo9duYSUNju2je1Co9WlhEGz06FeK+O4LhYCUalyZ32XP/h332N9D65tvo/TaXH3QZ0334Sr588wWavy8jd+iZn5ZexOB8MwcF2nt/NUopTCdl2wKjhKYVomXVdimJ7XmgqEIZAa0FVKMSXt3vmT0QE1nFbE7kXjE/v3X8ZJxZM0/7iP8we/jfsHsbv0X30zkD27/xD7938LJ27d//ubUfz4o9+m+YcxVbR4ch/nO38P5zu670O09m26/8u3s8v84L+j9YPoR91/8KWol/1hr38BfYvO/5S2+Jjy+SK4f/x3cf44/OEpSr/zm0AXde+7vb5+F/uffvdIXzU7cnIfKW2OBY0XOg+BlFJ0pcNGd5cHrU0Arkyd4qWFq3x28Ql27RbvbN/mtfX3edDaQCqJAupWldP1BV6Ye4yz9cVQODGmMY1pTPsnJXsROArZm+hI6U2Y/bM6+9mbXjk/c8373rtexSJ6JfFXTkmZvvitE/22n0nuidHM8iJnikgJhhgsU9mPDgO5N/sMMtp//Bs4Pw66mDOzDan3J7+A8ydxnf8x7j/4x/FhyOTqn51HhssWbT9WnV8gIfvtFMl4LpLxmMP7k4be3/5sLq3vffekv6MuJge1FrR7PONYm4GcnsGsy2AvTDn2TpTNse/AVLg9384xeUB7D5RRH/hVzy0CXAnJEf9J774vpeLHgPbe145M/D6H8CTc8yHu51zar38Vbl+HJ70LjxhPwkk66frq8KQ/YEeJJ/3hz3GCY4snGvw4ZDwh5l86PElTTIcnnng4eBL4g9LEJ8cdTwpWP1R8koYf4/gkFU8KU5Z908oesn8dNZ4k4pO4v2jxJP5tgfgkDT/G8UnB9rPjk8wdnaPEk8wdxDF/ieinj08OB0+i+BGPR/YdnyT01fBhKde/jml8UhhPUuKT5kbqAEwaaQPpXSmEQBgG9J73CAVSKZSSKCFwgfNPPMHNa+/w1DPP8Su/8jJ/9p++z/raKqYlKCkTwzRBGHRsRUPZ7Ow2qVgG1UqFUq2GrVxu37vL7m6DrizT6naolcusrq1x5slL/OLXfpml+Wkee+wijuNStkyk3UFJB9fp0Ol06boGXUPgSG/sFALLNAAJSmH0Ive0Mzr9zyaES2+lM0qdBv5ZnslRDo9XgfikKI4U9C/isgZP9nWvHCs6Rem/+r8oneuiHt5DPvwQZU9hXH4WY64Muz8stmD7MSVld466C48cjRc6D4EkirbbRSrJfHmSMyee4+r0Gc5NLLPW3ubd7Y94c+sDVlqbtNwOQghqRplnZy/xtZPP8+TseebK8UN4xzSmMY1pv9TP4fQmVKIX/wqCOJx+PB4u713e55Eg0481/cw4NOG6IrJFVLfDLaguzpPd8Lve66UKldfvlPAVzDuzptgWmrQZm6+v357/dVxODk943IokwGfOGwvviOhzf8S9+vsDHZF1FsrtoG4SFzQTqU4na3uRaSbf3hn+Et+5l5NBn+Ax/0rlWf4StBdTrEcJ/4jLac3qe5tiLpEu6/wjVIHvX4mKsyymwY+ErKGB8SPO0/Ak+D7FP3oDGvGnOD9UPIly395BcWLygeGJxj8y8CTCR4YnIl3MwRNN8cI7KEeFJwl/GRQ/9osnBeArG080+HHoeJKDLxoquuN+tHiS5KOPT3waLD7R4Yn+9yPHP+J80PhEF48cGJ5E6ZGMTw4BTzLDI31vj2980h8Qsmgk85uA+/bNw5OYP43jk/z45NDwRKSLxw1PNP6x7/gkgR9RWYlI6WMdn2h5lsW0/kWsfDrFbz9jdxXpdFFW9Iizqmkw1dmgWV/yFjZj7UgpQRjeoxghEQpMQ9BbRqRTKvPsF7/ArXffpmF3uLfxEKfT4uHKfSbnpqnXa0xNTVMy1+jaLba3G1jCpVK2KNcqVMolZkzB+ZkJVrfbdKsG5y+e4vlnnuD5Jx/j8vnTTNYrdFq7GFYFJUC5Dq7bxbZbKAyksHAxEUYJwzBAesudnrv0BkEY+M+m/KVBgUShmGiuUREmcRLSRnT3ECLhzSn+9PGKTz6edB/7X34T8et/A/PCVcyTV72PnQbqznex//nv8eieYqlgvNA5chovdB4CeTs6bSatGk/NXuC5uUssVGbYsZt85+4rvL55I9jJCYKqWeJ0fZEvLD3Nr57+DOcnTozP5hzTmMZ0AKR6wVM/41AoEZpQxKcWsatVLDYPRYrBlfEZRkoXMnl271MnPt4XBTPqszJc87gCfUa9n+0XUyRIAdTImuHxNekPjxdx9zdQ+XKMB9f1eJGMZjIyCkOekbdQG9VTwwch7Yy1WPu+eej1PXq5Ts629/BnYPm29B82ROWkAun66kv7dvbVLWbvQTNSE/6RmXGajScJ2qe990uF8CTwq8PFk0D9BJ5Eea5/BJ8Xs/egeJKJH74cFIvjSYq/HFs8iXv34eCJDj/63R8WTzT48ajhSZFrwnwA0i3sZONJDh8QTxL4kbfjLyc+ycSPVDyhZ7bDjU8iBhjk9+LY4MmI4pM8P8nxr0w8CfmTTl8dnnAs8WRAGsTO4WuGbC/w7jB+fNLjkzw/2U98khaPPAJ44hc4DDzp+8NweKJi+urwZLAzWEePJ6TiSXTEc2kQHAlf0+PCbiEaa6jZ04lii+01btdP9J7XeLs1vUVP2VuwFUhlgpAgvPxzgUCaFmBTWzrBZ06eZOfBfa4++RSO0+a1N9/gK7/4ZQzDpF4rU6ua7G46tARs7jQpWYJKxWJuuk7VlLz0zBM02pLlk6e5+uQTPPvsM5jKxe22qVdKuNKh2+miHBerLHHtJtK2cV0DmyodSviLht6ipq+88P5I5R042uu7QiGEgZKShdbD2IB6Ayza2wi7VTwe2U98ctR48nGhO9+m+7/mvD73ESTVbR91Fx5JGi90HgIJISgZFk/PXuD85DLn6sv8fPMG/+H+a7y+eYPV9lbwulrLMFioTvMrp1/kS8vPcH7yBGWjdNQqjGlMY3oESQnR21ApMIQ3WYhnrIVmrHjho0fxuExAfEMo4cIK0jdQhD+LTHD6GajRFvs8kWGqyWhP7OT0eU/R4mdgxWSRzonLOhp4IhurUJdh3uNDnYEVKqfnvr3jGbD67vtxvf+FNuE3iyLj69s5Re63GOGpO2RSMty1/qLJeO4Pe46/RN1Tu0OomP4FLkjLAA1x395a/whlomZynX+kZcBG5KhqaXiSqXem/n5DfodiDaa3GOGjw5O4f/kt7g9PEuqPDE9i+JGDJwEvjCdE5cAtdRn1+XhSTF+N+iPGEw4MT2I8pu/o8ST2wZB4Es5wP2g8yfSXQfEzTpHx1uFJPn4cdnySwA8NnmTrm8bjFejwJC6PGk8+TvGJfkAPLD4JujXi+EQLTHkX9OjYxSdJHu75wPFJJsUBqwCeEDXQOD7J8Y8sHMnEEx1+JPEk3NNPTHwStDji+GRkeJLOjyQ+SVhlhPFJSoWisQKzpxMtLKo9bmuqEQK8XZ4iuLdE6EupTIxyhY7rYJtlHmzucOfD63z1q1/Edb0doaVqmdpknUZjFxtFs9VlfcOlVLJYmJsFFE89+RhmaYJStQp2m1vX3mV+Zgakw/b6KrOz01gTM2AZSOXt25MYOApcw0AJw1ucRYTu/eiAqJDeQgj8V9cuOA0w4lcIjPY2QgNoWjzJwpW0cgn/0uNJpn/sNz4Z0/Gmbuuoe/BI0nih8xBIIKiZFU7W5mm7XVpuh1t7D7m195CZ8iQLlRmmSjUWK9MsVKc5W1/kxfmrXJ46Nd7JOaYxjengSIXO5lTeRMY/e9M/qzMI3hSeHA4vexlwQZAeylBTApDJyW9KF4IyitBkSJuBmpNxut+M9oD7cWMvaCZFHkWgqXJ4vGzhibMIxiwqRy8YKEMxK+NVc11/ktD7ez8Z9RF9+xns/pe5/kKWvYfzr0z/SFMsy76Z+mp4kTpSuc4/QvIwGfRxnpMRS8y/IvhRJOM1Q/FieOJXPyR+5PiX//AymeHu44fan32TamfzeNkc/8r0j5A81I6sAhn0RfGkkL5x9f3fnhw8Ge73Y7R4oleiuL6H4V9J/KBnpsPBExX2j5HiSeAmPaGAfxSw94HEJ8cYT/qUHZ+MDE9y/Glf8Ummvjo8UQn5KPDkwOKTQUnrX7p4xG/vkxKf5Ng7Dz9y/OsTE58MsyOrcDwyovgkpt84PilwTV57Ma7DkwOLT1LL0b/39osnIf0UILbuwtkXEhfPl6BqN7DN5DFo/iKn8FY8E9+7mLhKocwy9cVlnvns51DC4Itf/hqu08IwBGbJxKpVMGsVWrt7dKWDbXcxxRZL85uUrDKrK/fY2W3RarXpdrrMTE0zWZ+kWi5hS5vqxASL5y/yxHNPU6sYSAVSmHQVuEYZJUyE8M/Y7C909s/h7O8bDutW7u4y29vpmdC9tYnyb6zIpUcZn4TvrX3EJ2P6WJHqNI+6C48kjRc6R00qBKY94DWEoGKWqJgWlhCsNB7Sbm4w221zqTzDfHmS5eocl6ZPcXbqFCcmlqlXZzDGi5xjGtOYDpREL34Tvfg2RSYUd6t+HOw9axBBNR6Py6F/p5GKli2aAZportfX4MyauNz7u1CGc0o5dHJqCnxY4ZhcYOKuGx4gsmM2LOszAnUZp8UznP0R9+rvD3hc1lgoplC8g1nOkUKxavMyyHXm8bhv7wz/0O64itlf5x/BxDXO/WI5/pI3rPHhjdeW1jwZ/hGXC2c06zNcw3ii8rZAFMGTLErDj1HgSe9vbeZ7Dp4MjB9Bh/LwJOXBSAaeJIZrZHhCYTyJ8Aw8iciF8SRb3zgV3ZESN0cEPw4RT9Jv6BHgiYZ0eBLpDujdT5vBXhxPEvhRCE988XDwJL0XGfFIUXwZNj7J/uFLUTBd30cmPtE6fh6e5DhITrWDxSeHjycHFp9oaN/xyZHhScygo8STECX8I84j3RgSP45xfHJweEJhPInwkeMJ2aTDjxw8iZvjWMUnWf6xXzxJi0fiMujd7xGMT8T2PURzE1WfSxQ/tXeL29VnYhWA9wpbUv1T9folzDKOq8AymVk+jahOsLPXZnaqjNU2sEyBWTawKhXcZhuEyV57j3rHZWV1i+UTJxBCIZTN41fOs7SwxInlk5TLZaq1OsowcIVBxzAoV8tIt4sEHCXoqhIuZSRG6tDEzxyN08mdD1MHU3R2MZubST8IhrVAfEKGf4R6Oxie+IMf71CKPKZHgpTTHZ/PeUA0XugcJSkJbhdcx8OhUhUMkzB4VYErwmRZVPlV18LcfYjh3sEyLSoTS1SmTlCePQcnnoHJJShPHJU2YxrTmB5xUkoF0xX/r6icnFxlV9iLxQpObP1rIt/F+UCNh6ZOGRn1EZ6V4ZrHFegzYEnPgPXHVUXlpL4i6HNUjs7k9n2mXtaOmNBENFUeZqFlaPtq6hq0vYDrM+jjcjF7azLstRnV4TENdz8u6/QNHKxHGn8ZJOM0zgv7V7/v/uQ+nnGq0myTR1l+NbC9B288NaM+2OFQ0N6D4EmEQzE8URp94wOULkf85cDwpGDGcsiuie7rzRTlg9C+/Cs+7no8Ge73Yzg8ifhPqIOF8SQomI0nDIMnRXAl7h9x/PCH/djjSbyAirU3jk8OPj4h375x+hjgSVw+SDxJ4seAeBJQin9o7Xtw8YluR8yR4cnQpIlP4v6hte9+8aQ3Zj1HGVV8cjR4Mnh88ijhyXC/HwXxBBXr9j7jk4B8O/plRxCf7BtP+kocGZ44XYzNj3BTFjpPy0bw+lp/cTDv+Y7AO6/TVaAMC1e6GFaZibl5bMAsmYDEEC6VsolRMpHCpNPtYrgCUa7hSIPaxBTPP/88D1cecHJpmenZOTpdh5W1VZZOnmbx1CmschVVsWh3W9iOi1TgSIEjSkizgsLAwFuwl5p+G4ZAKVBKBX+WnZ0wUAbc2FtDSWd/eDIIfgyDJwncjPExPRrUbhx1Dx5ZGi907pekjWpuofZWUY1VaKyh7BYIEJVpxMQCTCwgarNQmcQwLGpWlWp1loXJZZTroPbWUHsbsPsQVt9H1eaQazdRC5cR8xcR06cQlUkY7/Ac05jGNErqZfIFcVYiAzY8ocUr2PswHGcq5R1/EE5gFHhyMBnvyf3rolMdkUjpFnivJOnL0Y6k8FjmsS4DNX9Hll+N/32/xxEuivGwxhE5d2KTuCLKcxoe6ozOiN1jGY3kZdhreEitsCap5tRSSg2RLTUif0Bjjq07s0brL4Ff+cMclyPWSfJ0N426b0zj1A/iDqi9InZBmoEyeqw7ozGZ8azxjww8SdzuaTwFT1LlVEriSTawJfnwZ+z1ejAonsT5gHiSOoCF8CSnwUQHsvHEb1efAa3Dk3z8KIoniediCcrAD90NOiSeaH9vcvEkx1803Y3w2BilfpBwON0Vg+FJwj/YL55k4IgGT8I9z8KTpLopNewTT4aOT2L+NY5P6MuRbh0cniQKJEiHJ3F5/3hyqPFJbEyyZK0D6grkBo45eHKM45P0AYqNxUHFJ7nznV4PRoQn8dud6Md9Gjo+KYYnReOTgc8Qj3e3KJ6kxSNxWUsZ+HHg8Yk/nAcYn4TKQbpcHE9i8pHhSQaOaPAk3PNRxSdi7QM48zxxf6hZcGLnJquzV+i/7jVM6a93RYGJwAWEYSKQnLt4HizPmJYBhikolwwsw6Jj23Qdib3XZtlVSNPi4foG1WqJcq2C7XZRSKxahZJdx5yoQ7mMsiwcKXGlREqJ7djYjoUoVXCFiRIm3lJi5o36PKdRAAAgAElEQVQTLHAKIVjevE49DlQ9brbWI/YeSXxChn8MgSch62biSeKCMX2sSI0XOg+MxgudQ5MCu41qriMfvodavYZcu4Havgt2C4SBqM7AzBnE3HmM2XOI2XMwtQSGBVPLCGlDZRJ2pmDnPmr7Lmr3IWrrDmr9JmL+IsaJpzFOPw/zFxCTS95iZ/CO8l5PlELK/g+UYRjB547jBIBfKpUiP2z+da7rIqUMyhmGgWmaGIaR8kOob1MIEdTnum6iPtM0c0dVSol0Xdxef8I/xhGuFMIwMHp/4v1USgV6hXUTQgR9SdPNVRK39/phQwhMYYTCuNgYoJBKRcobGEglkXh9TyNDCAxhYAgR1C2VQiqJo1xMYWAZprbdODnSDa4zhYER848xjUlLKnQ2Z2+i45/NqT2rExD0MyD9+1FFIvpekB5EYqmNE/22n0nu982XPV4w45SUchncjw4DuXffxjPag39mzmyHsUEOj5cdsP3+R16BhNz7oFDGc5GMxxzenzT0/vZnc2l977mT7wipclBrQburHJ7jX7oM9sK0X3vvlwq359s5Jg9o74Ey6gO/CuGHBk+yuu9LqfgxoL33tSMTv8+PDp70SYcnvQuPGE/692bo9yeinw5P+gN2lHjSH/4cJzi2eKLBj0PGEw48PjlYPAn8QX1M45OC1Q8Vn6Thxzg+ScWTwpRl37Syh+xfR40nifgk7i9aPIl/WyA+ScOPcXxSsP3s+CRzR9Yo8SRzB3HMXyL66eOTw8GTKH7E45F9xycJfTV8WMr1r2ManxTGE318Ymzfwdi8jZw7Fx0ABWe7a6xyxRsBIXo19JQWCm//ZnQcBSaGkhgopCHANKhNVHGV96xWGAJLCErCwDINSuUKe60mjmlyd20dTIdlu8PpE0vMLy0yPTlBtVJD1OrUF5cxKnVc08AwFY7dxZWSju3Saju4VhllVXAxkcLAUC7+UqceaX3d4HR7JRS09cnYW0M01rTPaUPq+zUGYxyRex8Unt8MiCfEZQ2e7OteGdORkursgWMfdTceWRovdA5FCpRErl1H3voh8vr3kdv3oNtAKYUwS2BVUK0t2PwQbv0QWZlCnHwa4+yLGKefR0ydQsyeB9cGpw2dXeTOfdT6B96i6b2fIe/+DLnyDsad1zAufQnz0pcQ8xfAqkZ6I6Wk2WziOA6GENQnJjAMg263y/r6Op12G8uyOHX6NOVyf1eobds0m022t7dptVo4jkO5VGJiYoLJySkmJiewrHQXsbtdOp0OrutiWRalcplSqUSr1WJ3d5ed7W1s28EwDaanppmZnWFiYkK7cOrr0e122dneZq/ZpNPueK9JEAam5S1OmqFFzUqlQr1eZ2JyMrKI6i/wbm9vs9do0G63sW0H0zSoVqvMzs5Sn5igUqnErKpoOC12ut6BwBNWhclSjZJhEV90VCgcKWk4LfacNlJJpqwaNavCjt2k43ZxlCQIV5R3jSEEZaPEdGmCqlmmZHj97kibXbvJemeHmdIES9VZLEO/yBqmLbvBRmeXyVKV6dIEk1Yt95oxjQlA4WdnRnfiQI8nMiB7H/sTsFAGnPdZr1xQjQhfHqkDSN/RFpfD5eNcZHE/Q9Uvr98p4SuUd2ZNsS00aTM2X3m/vdhAaiZ28WC+SAJ85ryx8I6IPvdH3Ku/P8ARWWeh3A5m45s2Yzxub10vMs3k2zvuHyE5vnMvJ4M+wWP+lcqz/CVoL6ZYjxL+EZfTmtX3NsVcIl3W+UeoAt+/EhVnWSxhUI2soYHxI851eBLoGPOP3oBG/CnODxVPoty3d1CcmHxgeKLxjww8ifCR4YlIF3PwRFO88A7KUeFJwl8GxY/94kkB+MrGEw1+HDqe5OCLhnR4Enyfx4fCkyQffXzi02DxiQ5P9L8fOf4R54PGJ7p45MDwJEqPZHxyCHiSGR7pe3t845P+gJBFI5/fiBz/GMcnw8Unh4YnIl08bnii8Y99xycJ/IjKSkRKH+v4RMuzLKb1L2Ll00kbnyiFWLsBc+cS1U2bcHL7Biuzj0W+8jaDpGySEPQWOSVKGLgIwKBUm8AoW6iSgS0dSqZJ1SxRsUwq5TKKJh1HsbrZwEHgdCXT9Srzs5NMTExQqlSRVhmzUsMolVC4gANOB8dRNLuKhmNhVadQRhkhDQyFZwUhyXo26j+HWtq4xpRIH0ez8bBXV8KLk+FPGD9S8YSEn8Tx43DwZEwfR1LNnaPuwiNN44XOYcjporbvIm//Je77/xG1es3bxVmqYyxcQUydhNq0V7a9i2pteHz1fWRrC1pbGBc+j3HyGbzgQIK7iDGxhJo5g5q/AJUJ5EevINduILtNkA44bcwnv4GYORUsdkop2Wvs8cYbP2d9bY1SqcQLL70EwP1793j11Vdp7O6ysLDIf/brv8bCwgKu69Jqtbj14YfcuH6DBw8e0Gjs0u10QcDc3Dznzp3j2eeeZXFpiVotuXC28vAhH9y8ycb6BkvLS5w5cwbLsrh16xbXrl3jwf37tNsdLMtieXmJx69e5erVqywtL1Mul4kveEopebiywq1bt7lx4zqdTsfbVSoM2u22txDrukzU69TrdRzHYXl5mQsXL3D5ypVIHzc3Nvjozh3efecddnZ2kK5LqVRGSolhCObm57l06RIXL15kanoa0zRReD/072zd5ifr7wHw1Mx5npu7zHx5CsuI7kZ1laRht3hj6wPe2vqQjrT59NwVHp8+w2sb73Ovuc6e02bSqjFhVbGEwZa9R8e1KRsW5yeXeXzqLBcmlykZFludBtd27vDTzfe5OnWWX1h6ktnSZKLdMHmLrS4/3/yAn21c56mZCzw9e3680DmmAUiBiub4ChUO/LyQLXhAkV5DP4zUTWgl3kZ0pamAXhkRKpNWNqtt4g9SCmbUZ2W45nEF+ox6P9svpkiQAqiR04eHvkX8z72Iu7+BypdjPGRJKJjRHOKkyr1+5SzURvXU8EFIOyMp1r5vHnp9j16uk7PtPfwZWL4t/YcNUTmpQLq++tK+nX11i9l70IzUhH9kZpzG79gc2qe990uF8CTwq8PFk0D9BJ5Eea5/BJ8Xs/egeJKJH74cFIvjSYq/HFs8iXv34eCJDj/63R8WTzT48ajhSZFrwnwA0i3sZONJDh8QTxL4kbfjLyc+ycSPVDyhZ7bDjU8iBhjk9+LY4MmI4pM8P8nxr0w8CfmTTl8dnnAs8WRAGsTO4WuGbC/w7jB+fNLjkzw/2U98khaPPAJ44hc4DDzp+8NweKJi+urwZLAzWEePJ6TiSXTEc2kQHAlfE+Y9MlZvIk8+hZo6kbjkfGeVFZ4AZfQa8vsoUhY7FQLXsz8ghIFCUSpVQUgU0Op0eHB/hdZui3K5Qq1SxTAshFWm40ge7tqUaDFT3aRSq9KVBhMTdepTExiuQ6VSRZSga9s4rsH2ns3GnkttegnHmgJRwjJ6z2kN5Y2+Euh2Y/rPl8+1HoSGvz+gor2JaDwshieD7NDNw5ejxpMxHTtS3RZ0mkfdjUeaxgudg5Jro5obyDuv4X7wF8i7PwMUoj6PMX8J49KXEPOXEPV5EALV2kLtPEBt3kJu3ERufQROB1GdRc2eQ5QnwTDBqiCsinem58wZRGUKhIHq7qF2V5D3f47qNhAzZzGsMmLmTNClxl6Dn772U96/do1SyWJ+YRHHsXn77bf5s//0A3Z3d7l48SK/+Fe+xuzsLK1Wi49u3+bdd9/l2rvvsb6+RnOvSavdZm9vj3K5zOnTpwHF0888w5mzZ7EsK7I4ufLgAa+88grvv3eNxx57jGeffw5DCG7cuMk7b7/Ngwf32dvbw3VdKpUqH310h71Ggxc/8xkWFxcjuylt22ZjY4O3336bn7/+c+7cudPbeTlDqVRma2uLlQcPuHf/PhMTEywsLDA5OYnjOMzOzeE63mtyXdel2Wxy7do1fvbTn3H9+nWk61Kr1ZiansK2bVqtNlK+z+rqKs1mk8evXmVmZoZSuYwC3t2+zb+8/eeAon3mF7gwcYLp0gQW0QVHqbzdn29s3uTf3P0xDbuFKQRL1RleWbvG65s32Oo2eHz6LOcnlpm26txrrfOwvUXL7bC8PcvW0h6WYXC6vshmd5d3d27z7++9xtZigzMTi9SnqpkLnY50WWvv8Mrae3zn3ivY0uVEbZYLE8nAZkxjSqVwxqLwJgvZGWz6OFwEf3lc0I/5ifPMPvkN+BOLxBcBT2SYajLaEzs5fd5TrPgZWDFZpHPiso4GnsjGKtRlmPf48GdM5HHfvvEM2Gz/CM0T9Qm/WRQZX9/OKXK/xQhP3SGTkuGu9RdNxnN/2HP8Jeqe2h1CxfQvcEFaBmiI+/bW+kcoEzWT6/yjAJ6EVUtYT6dvIf3jgKXDk7h8EHgS9y+/xf3hSUL9keFJDD9y8CTghfGEqBy4pS6jPh9PiumrUX/EeMKB4UmMx/QdPZ7EPhgST8IZ7geNJ5n+Mih+xiky3jo8ycePw45PEvihwZNsfdN4vAIdnsTlUePJxyk+0Q/ogcUnQbdGHJ9ogSnvgh4du/gkycM9Hzg+yaQ4YBXAE6IGGscnOf6RhSOZeKLDjySehHv6iYlPghZHHJ+MDE/S+ZHEJwmrjDA+yahYOC2Mlfdwg4XOfoGaCZfWXufW0ou9z3MaFCLonFIKQ3hHcCFBdR1k12F7t8nN9z9kz1FMzp6gNjHFdrNLV5QQwuDeeoNWs81m2+bKJcHpUwbSNBHtLnbNwbAMXFeyvttirSWYXb4I5UmUqOBtBnIxDYHdO0dUlzfv04WVn1JLBDiebO2uYDjtXEDT4kkWrqSVS/iXHk8y/WO/8cmYjh/tbR11Dx55Gi90DkiquYG8/wbOm/8S9fBdQCFqc96rZR//JW+XZnXaO4cTENL1Xk/rdlBbd5Ar7yBv/yVy/TrcXcQ4+5K3qBmmUi2oRyxcxv3pv0Bu3oKND3Hf+GMwLcyZ0/jg67ouD1dWuHHjBo5tc+Hij2k0drl96xazs7PMzMwwv7hAybJot1rcvXOH//in/5HJyUm+/NWvcvLkScpl77WzN2/e5C9/9GPeevNN1jfW2djY4K/+0i+xtLxMqVQKuthqtXj4YIV33nnHe0Xs3h6GaXDu/Hn++t/4G5RLJba3t7hx4ybf/c53+PM/+zM+uHkTBbz44oucPdd/pcL29jb/9v/9t7z26ivs7u7yq9/4Bk899RQnTpxACEGr1eb27Vv80R/+EZubG1SrVf7aX/9rXLhwkcmpSeq1Gq7rsrW5xWuvvcaffu97XL9+nZd/9WWeefZZzp454y1kKsX6+jp/+r3v8epPfsKP/uIv+C9+8zd54YUXOHvuHIYw2HPa3G+uo1DsdPeQodfPxkkqxY7d5F5zjR27RcNuYwhBR9psdhs07BaXJ0/y5eVnuTp9lrZr88bWTf784Zv8YOUNbu895F5znf/68i/Tll22ug3WOzu8s3Wbc/VrnK4tUrMq2lin4bT5i9W3eGPzJmudbdY72zSdznCOPaZPJqnQ2ZzKm8j4Z3P6GWsJuRe0SdV7kYsQoHpxsFQIw5NlysQmaJb0kFqFrwkyQvthpnddTsapUEgJhjFkRnvA/TtfBX1IyKMINFUOj5ctPHEWwZhF5egFA2UoZmW8aq7rW6/3934y6iP69jPY/S+jfjWovYv7VySjPcs/0hTLsm+mvhpepI5UrvOPkDxMBn2c52TEEvOvCJ4UyXjNUNy/jz2xQEZ7mp3z8CPHv/yHl8kMdx8/1P7sm1Q7m8fL5vhXpn+E5KF2ZBXIoC+KJ4X0javfc688PBnu92O0eKJXori+h+FfSfygZ6bDwRMV9o+R4kngJj2hgH8UsPeBxCfHGE/6lB2fjAxPcvxpX/FJpr46PFEJ+Sjw5MDik0FJ61+6eMRv75MSn+TYOw8/cvzrExOfDLMjq3A8MqL4JKbfOD4pcE1eezGuw5MDi09Sy9G/9/aLJyH94ngiHr6PsXgFOXsmMRDnaLDVuMfO1BmySXjPfITwuufjBQpLKITtoDoO29t73NvY5sHqFl15l3J9FsMqIzFwOl26XUWj2WKtcZd7q9ucXJrjxKklavUqExN1SpUKjpRUpmeZP3kBx6iBNECARGKqAKrihkzQ9O5dzjjprwM1muuI7fue12f621HGJ+F7ax/xyZiONanOHmq8m/PAabzQORAp1PZHyDuvojY+RLV2ENVJjPOfw7z0ZYwzn0bUF8AspV9ensSszSLq86i9VdT2fTiVcgCtMKA8gZg772WtrN0Ep4tcv+md2bn6PurcZxH1OcDAP5Oy027T2Nvjo9u3OXvuHF/6yldYWFjANE3q9TpT09MgBJVKhUuXLjI/v8DFy5eYn5/Hsiwcx2Gmt+NzY2ODd999l7fefIvz5y8wNT0dWegEb6Gj1Wyysb5OY2+Pz33+czz++OOcPHWKSrlMu91mcWmJBw/u8+orr3L71i3efustzpw5Gyx07u3tcefOHX78ox+xsvKAs2fP8vjVq1y6fJmpKW8B2HEcLMviiSeu8uorr3L3zh22tra5eBEmJycB2Fxf5/333+f7f/qnfPjhh8zMzPDMpz7Fk08+yezsLIbhvY5hamqKF158kVsf3uInP/kJP/7Rj5ibm+PU6dMYhoFUClu6KCSylzmkIy+hSWFLh65rI1GYwsRAIJXEVZK6VWWuMsWJ2hxSKdpuh/utDb7/4HU+bKwwW56k6bZpOR22ug1aTofbew/52cZ1np69iGWYzJUnE227SrLVbfCj1be5vnuPjmuzYzdpu93MPo9pTFESvfjN30XSl4Pve9yLwUXs8l7Q1bssmcEfbSpBaYGm0Zd1GaABF2HuZ5ymyL2/C2U4p5RDJ6emwIcVjckFJu5pwxPIwThHZX1GoC7jtHiGsz/iXv39AY/LGgvFFIp3MM0pMihWbV4Guc48HhehSZuvY8z+2h1XMfvr/COYuMa5XyzHX/KGNT688drSmifDP+Jy4YxmfYZrGF9U3haIBH5k4Ekaxe6nohnluXjS+1ub+Z6DJwPjR9ChPDxJeTCSgSeJ4RoZnlAYTyI8A08icmE8ydY3TkV3pMTNEcGPQ8ST9Bt6BHiiIR2eRLoDevfTZrAXx5MEfhTCE188HDxJ70VGPFIUX4aNT7J/+FIUTNf3kYlPtI6fhyc5DpJT7WDxyeHjyYHFJxrad3xyZHgSM+go8SRECf+I80g3hsSPYxyfHByeUBhPInzkeEI26fAjB0/i5jhW8UmWf+wXT9LikbgMevd7xOMTw26h7r8Fs2mLmYIrezf46dQZvPM5MxqTAgyBxEt0N4GSYVI2HAzHodNssbPdYnWjydZeB1uZdBurICyqtSoT1RpGuQaVEtJSbLW6ND5a5ebt+5QsRbVeYen0WZ5+7tNML12kSwVllJCGBVJhIjBK3jNnQ3nPcoM8FMB/ha1SXkRweeeGdvDMnfsYbgcQo4lPyPCPkCEHwxPfvvEOpchj+tiS2t046i58Iijl5OExpZJS3mtrN28j7/0c1d4BFFRnMS5/GePsi97ZnLpFTkBUpxGLj2M++XWME0+BkT38olRHTJ/GOPcSYu48KInaW0du3kZt3gbHW9QSCIRhgBAoKXEch8cff5xf/43f4Osvv8zXX36ZL3/lK0xOTmJZFnNzc3z2F36BTz33LCdOnKBUKiGEoFQqcerUKZ548kkef+IqnU6bj27f5oObN+l2ojsFTcvqn7UpBFOTk3zxi1/kueefZ3l5mZnZWU6cPMnVq1f53Oc/z9lzZ2m1Wnx48wPW19eCehqNBnfv3OH9a9fodrucPXuWU6dOBYucAJZlMTk1yeUrVyhXyty+fZt333mHhw9XgzJrq2u89eab/OWPf0yn0+Hpp5/mypUrzM/PB4ucAPV6neeef56z58/R7XR48403uH3rFt1ut/dj772SwRAGAuG9nkFnHwQGAiG8rCMDgSVMykYJU5gIwBBGUIchBDPlCU5W56iaZbrSZru7hyMlLbfLdncPWzqstrd5Z+c2r2/e4EErCYQKxZ7T5l5znZ9vfcD91gZSSfacNh03ZeF8TGPSkFIKvP9DGWL+dwWvj3yg50r1ZBWSc64ZjFTsWhVr05dDnBTOAFzpuApkpXqyUqjed4qkHPDgP7+tuExf1ukQ5mGdM/sc1o2gPbJk34hZNgz/SSuzHxqmvYCrWBdUTMdB7B3ief4VsX/fwlHbhv8V+i/iK33fUhE7h2StfQvywv5FrJ3h8CRBRTCisL0HbzyKUSqm0wHgScBVpD09npDEj4DHPSgpJ/DlwPAkznV40hcCOesPKXwQ2pd/qYSswxMtPwA8ifhPIA2AJ76cgSe+fw3n2zm6xPDEH9TovfhxwJN4ARW7tq8rcTuPCk+0fqXDk75PxOWPZ3wSM8Ujgidx+SDxJIofQ+BJGD9U2Oc0fdTplsYL+5cOT1LwZRAaBZ4MTarf55h9ybVviA8y5mn4EZcjeEISPwIe9yC/raPAkzj/ZOFJvr0zeKHfKxWrf0R4EvOnqE8W1DHM940nJOVBaBR4EuPm6nWMB++kNlY3FFdXfpTbLSEEwjBxvVdlYZgWpWqNtiNpuy7NrsNuq03HcbFtiW27SAmOVOy1Omxu7bK1s0ez3WGv1aHtuDiuxCqXqNVrXLh4kc989rNcuHQFYZYwrBIIA4WJEqGFTRFdCvQXZ4UQCCEwDIPH7/2IeuqAgbHzEcb23cDjRoInpHENfsTlEdh3TB9PUo2NYA1nTAdL4x2dRUm5qNY2auc+avue9zraUg0xtYyx9DhicqlYPUKAUUYsP4k5ew5RSe7WixS3yoj5i4jpU4hyHdVtohoryNVriIVLYFW9RTbDA/xqrcanX3yBx68+ztTUVGSRD6BcLmNZFkqpxHc+TdQnmJ+bxzQtOt0ue80mUkZ3NxrCwDRNhBCcOLHM41evUqlWE3WVKxUuXb7M4uIiruuyvbNDs1efYRg0m022trZxXJdqtcrk1BSWmTyX0jRNpmdmqNXqOI7D2toajUYD8IKflZUHvPfuuzQaDS5dvqztj2EYTE5OsriwyNzcHLu7u6yvr7Ozvc38wgJe1pq/MGl4P6ApmUECMA3DW8j0lpp7C5uCkmlh9q41hYERyifouDa7douudJgpTXJh8gRVs0Tb7bLjtFACutJhpbXJXzx8k7P1RZ6cPhf0SaFwpOTm7n1eWX+PRreFVAqpFHt2i7bb9bKesrKzxjQmn4SIJXALDMML0o1QFqkvB5zkGQmRBLNYhlx6wlo8xTWegqmRs3I0QymtXtZd9PviO7L8avzvo91PJGDm8LDGETlHnWTGXqwHOQ0PdUanP+yRjEVNhmMiIzYvQzKqSao5tZRSQ+qZNRkD2leMcGZ7RM7ylyCz2R/muByxTpIn3TTpvjGNUz+IO6D2itgFaQbK6LHujMZkxrPGPxL+lMLRWisVT1LlVNLhSYxn9GD4M/Z6PRgUT+J8QDxJHcBCeJLTYKID2Xjit6vPgNbhST5+FMWTwLxaysAP3Q06JJ7kn4HlD69Gjox6Pp5EeGyMUj9IOJzuisHwRHfG0fB4koEjGjwJ9zwLT5LqptSwTzyJG6hwfBLzr3F8Ql+OdOvg8CRRIEE6PInL+8eTQ41PYmOSJWsdUFcgN3DMwZNjHJ+kD1BsLA4qPsmd7/R6MCI8id/uRD/u09DxSTE8KRqfDHyGeLy7RfEkLR6Jy1rKwI8Dj0/84TzA+CRUDtLl4ngSk48MTzJwRIMn4Z4fSHyiFMad11FTJ1ETc8R7sCS6dNZ+yu2lF9GRRIErMa0yrjBp7LWYrE4jrDqNZoOtPZtG08a2JYISKFAY3jvxXAkCXLp07S5N6dBQLWbqJU5evcxXv/J5zl08h1mpIU0LHK/bUoRe8i68HqfdLt4rdb0dqedWXmWJbsoAgtFtYG3dpb8LuW/nkcYnZPjHEHgSsXYGniQuGNOxJWW3UY3No+7GJ4bGC51FSbrQ3kE1N1HtLZAOYmLBW4CszYJZLl6XEN65nOUJMPQ7QL2ypld/bRZKNXDa0NxEbX0EbhfRA2Kfl0olzp49y3zvlbXJpkXq54GaUtJut2js7uK6DkpK70+snGEITNPbRTo5OcXi0iKWlXQny/R2kNbrE3iv2LVxXRfA+3FC9HWgt4MyEcz0+yaVRCmF67pIKfFf27uxvsG9e/fodruefoZgbXWVdqvlLej2fgyllLiuS7vdwiqV2N3dZW+vSbvdxn/tgYHAUYqm02atvUPFKFOJ7dR1pMN6Z5em0ybI4RGeLpYwMHtZSN6CJzjSZctu8Pb2LV7fvIEhDJ6ZPc9XTzzHZKlOy+3QsFvMlSepGCWkkry3c4cbu/dY7+4wW5rEMkwc6bLW2eGNrQ/46cZ1Ttbn6Uibje4Oe06HttvFVS5CmKHwc0xj0pAKnc3Zm+hoz6jxPyfEQxF++MyBIMZUoaAy2TjRb3tyEN32ZY/75UNceZOtCCelXAb3o8NA7s0+/XYj0WPOvHKoQFPl8HjZAdvvf+TbLSb3Pih0hk3YziF7J8pl8P6kofe3PxlJ63svoPcdIVUOai1od5XDc/zLd4z+g4oBjb5fe++XCrfn2zkmD2jvYmfqxf0rhB9xOeI/6d33pVT8GNDeA5+BFXAeSTzpkw5PehceMZ70783Q709EPx2e9AfsKPGkP/w5TnBs8USDH4eMJ8T8S4cnaYrp8MQTDwdPAn9QH9P4pGD1Q8Unafgxjk9S8aQwZdk3rewh+9dR40kiPon7ixZP4t8WiE/S8GMcnxRsPzs+yTxTb5R4Eo9HRhCfHA6eRPEjHo/sOz5J6Kvhw1Kufx3T+KQwnhSMT1CIvTWMOz/FvfpXw4AT8LPuDs76m9xffDa1Je+xrHe01+7eHq++8iq/8fVfZnHhDNfv3GW3Kem64LrgKoFUyuuNlN7zXUMiXK9jJVOyNDvNF3/hJb765c+ztI/EvuEAACAASURBVDhDu9tGlEq4CO/thEqBkt5CugAlM4YBEEJwavUNzjjb4eGJkLF1C9HcCNk3WSZ9lINWgjGOyMof7gFxpKB/EZc1eLKve2VMh0pqZy2/0JhGRuOFzqKkXFS3gersQrcFSiEqU4jJZTArIAZ8C7BRcOiFAVYVUapBqQotgWrvoHZXwHV6ZQQCAUJgGQYzMzPUarXMaqWUdLtdOp0Oju0EC4jSdbl37x4rKyvYtt37kTISvzHCMDB6n5crZSYmJjBTdogKQ1Cr1ij3zveMv+qyUqkwOTlJuVzGlS6tVgvHcYi/M95xHHa2t2k1W8GuzEqlglIK27bZ2d1hc2PDO6u002FzY4MPbn5ArVbDNL3dla70Fkgd22Z7e5tarUa7VsM0zWDRVPT+U0qy1d3j9t5DOtKmYpSCgFMBjnLZ6jTY7O56r3MI/cr4uzld6Z2jeb/pvX72zt4qP9u4wa29h5yfWOaLy0/zxeVnmLSqNJ0Oe06b5eosUkl27Sa39h5yY/cuH+4+4KnZC1iGSUfa3Gqs8MbmTT5sPOArJ55DoVhb36bldmm7NrZ0vVfnZgQGYxqTR6IXQPZ34nihVe/zjB1f/bmAd696sogVizlhXIxNbILYm76cdnm8+vSM9V7Foi/rdkr4E468M2uKbaFJm7H1KPSg1fs6Lkf1jU9ziiTAZ84bC++I6HN/RL36+wMdkVP8I7vD9OUM0maMp9o7hWeaybd33D9Csu6MGk0GfYLH/CuVZ/lL0F5MsR4l/CMupzWr722KuUS6rPOPUAW+fyUqzrKYDj90eBIj3Q7ZnFYL40nCP3oDGvGnOD9UPIly395BcWLygeGJxj8y8CTCR4YnIl3MwRNN8cI7KEeFJ8XPwNL4x37xpAB8ZeOJBj8OHU9y8EVDRXfcjxZPknz08YlPg8UnOjzR/37k+EecDxqf6OKRA8OTKD2S8ckh4ElmeKTv7fGNT/oDQhYNHJ/o8EP0dBI5/jGOT4aLTw4NT0S6eNzwROMf+45PEvgRlZWIlD7W8YmWZ1lM61/EyqfTIPGJ+eBtqM/jnvt0ancuOmuotTdZWUpb7BS40sEsV1hdf8jm1i4dF2xRoja3TMN5m51Wh47r4tJfxDNQCKUw8f6US4K5qTqf/8zzfOFzLzA3O4HdbSEdG6vkbRayjDISw9sQo7yNIkqEnjGpZO9Orr3Fhe6adrzMrVtYm7dT7JuHH3F/+njFJ2M6fqR2VsHu5Bcc08hovNBZlJQCt+u9slb1FrbMEsKqpvw4jZiE6AFlLyxxWqjODig3WgZAeK9nzXp1qZSSdqvF7Y8+4sMPPuDBgxXa7RbSdZFSsbO9zcrKCo7tYBiGt4AZq08AwSteDe81ttpxCLBbYBgm4QXM2blZzl84z+LSItvb29y9d4/G7i72wgLlsvfDp5Si3W5z48YN1tbWqFarXHnsCsvLS8FCZ7fbxXZslFJsbW1x88ZN1tfWvPNHDQOlFEoqb3eqUnQ6HR577DGkUly+cplavR68ylehcJE8bG/xzvZtVtqblI1S7/dFIpXCkS67dov7zQ1s5aBCqvrne+7YTb537zV+tnGDilmiYbdYrs3yuaUneXH+ca5MnWKhPIVlmLTdLi2nzfmJJeYr07TdLg/aW1zfuc9frL7F+ckT1K0KDbvNT9bf4/beKlOlOl9YeoqW0+HVtWt0pU1HdrGVQ4USuh/9MY3JJ4VCKC9C9oI2FQRTQfaoH9wRDf40FWZGjkpGr40Eriqljtz+p098/IqjE52CGa+6cmlcgT6j3s/2iykSpABq5BQdPfI06Q+TZ6T+BipfjvHguh4vktEc4qTKvX7lLNRG9dTwQSjHv/Laj/qbil2uk7PtnZthH/evGPc7GN/Bk1QgXV99ad/OvrrF7D1oRmrCPzIzTuN3bA7t0977pUJ4EvjV4eJJoH4CT6I81z+Cz4vZe1A8ycQPXw6KxfEkxV+OLZ7Evftw8ESHH/3uD4snGvx41PCkyDVhPgDpFnay8SSHD4gnCfzI2/GXE59k4kcqntAz2+HGJxEDDPJ7cWzwZETxSZ6f5PhXJp6E/Emnrw5POJZ4MiANYufwNUO2F3h3GD8+6fFJnp/sJz5Ji0ceATzxCxwGnvT9YTg8ie/A0+FJoR2UB4gnpOJJdMRzaRAcCV8T5hlk3PkZqjqFXLqS2t4lexVz9XXuLT2faMQslVnf2mZvr4lZrvLWtessnfgC1swsy5cuU7r2Pp27D3CEgSNdDCEwlPcCW1NB2ZRMV2pcOX+aMyeXqZUtUBLpOBgGCCSO08VR4BomhlFBKm/JUOHDiKDfcY/OrP6Mc92NFG09xYzGCubmB4GvDYwng+zQzcOXo8aTMR0pqb0tVHPnqLvxiaPxQmdBCoIepQgQxrVRThtv4fMAW3Ztry3peLJ0vUVX1Uc6Qf8nIOuVpWtra9y+dZu333qT7Z0dTMNk+cQyp0+f8hYWFayvryMMweuvv+4tYlrpr0FVRYFW9ftommawoCiEoFwuc/rUKb7xa7/GGz//Odtb23z/+/+JJ558wJkzZ7Asi62tLT784ANu3LjJiRMn+MxnP8szzzzD3Px8anMnT57k05/+NDOzs5RKlpcJpEAF9uv/3AlhcOrUSaampoJX+npna5osV2d5auY8y9XZ4NW1CoVSqvcq2j0etDd4a9ui7XYDVWXPR8qGxbmJJdquzQe7D9js7lIxS8yUJrg8eer/Z+/dg+y47vvOT3ff98yd92AeGDw54AwIAhREgiYNiZYoyWYSW0xkK7tOtJtEzm7Fqa11KrXlVK2t/WPzz67/WTu1ZW1SjqvWsa2K5aVNW4lo0yIlWiAlEhRIvAGCAPEaDDAPzPPO3Ff3/tG37+3u231v3/cM5vdhEWfOvd19Xr/+9u/cc04fdsX6CSkaWT3Hem6TjXyGnnCCqZ49RNUQN9ZmWUqvcXrhKid3HSWn57mbmufS8i1iWpgjffs42D3GTyLXUBSFjJ5lM58hnc/SpcVq8q+EHYptxqK5B6fi2JvTmvlcitt1xnUp24cGhT08LR/OflIlu7T3C0q/xNlOdnrmZTNMvWa0Kx4rOa2w4GgG3wPLFVe8Q9zxauUN3JF1XdBvhnkhrH+PiWphIXsBZkjac27rJ/pP+K2Eo36tdvaIl1J0hJ4rZDxmuPvai8+M51K1V7EXp3n6zsANVv4AJ3jNALWFVnv72odtJmrF0M8+vGbAOuLOopW1nl95A5XfSsjKkJ+euONV9KSSfVSyK4d9WSk2pidlxW+anrj0o4qeFMPAeoIzXjRLvxn11fUkWHl9it9kPaFleuIKXeVtvp64PqhTT+wz3FutJxXtpVb9dOOobz89qa4fjeuJdZlgelKmHz56Urm8XqH7An564o43W0+2k3/iX6Et80+K2Wqyf+IrTNVOKLDl/JPy0J7zmv2TirgFK4Ce4Gwg8U+q2EclHamoJ376Ua4n9pzuGP+kmGKT/ZOm6Yl32BH/pKxVmuifVLSvcj1RMmuoN09jROIYvbs9BX9vbpHI/Xf5ZOynwDAwjDwGCqmNDHdmHrC+kWZgaBenfvQeExO7SSY0iCXoHRkjNnOfxYfL6AaohkGIPIqhY6gq3TGNA6ND7B3dRT69yYP799AYIRINg6JiqLCRWSetqeihEHlDIawYYOgYKOQVBUVR0QwwFB1DMTgw8y4j+loh7+X1oKaWCC1+gprZ8K7QKoLmqyeVdMXTPtx25K8nFe2jUf9E6BjG5irG6kKns7EjkYHOgJgiZK1sNBXFyKxDahGsAciqT6U6MAzIpTGyG5BLlx5crg6mgV3j/NXu9q1bfP/NN/nbt95icHCQp595hunDh9mzZw/d3d0oisLNmzfJ5bLEolHbak13tswBvyrJlY4FrP1BNa20qlPTNAYGB/m5n/s5QlqIH3z/+7z37rusrqyw/sQakUiEBw8ecOvWLcDgU8eP8/xPP89jk5PE43Hy+TyaphHSQmiaOag5OjbG0yeeYXR0tLgqtFY0RWV3YoinBw8xkRgu26Mzq+dYSK/w0codImrYsYJWN8xVn4lQjGMDB1nJpNjIp5ndWGQ5s85yZp18YXBcxyi+tjar5+gOJzjQPcqueB9XVu/ww/vnuLx8m0vLN1nMrHIvtcDsxgLTvXv5mZGnGIkNkAhFCavmgKk10Fm+q6ogeFBhBlvRczLMDo614tPh3DsPA8N8xUgpXmN2HNf0m4FaZcZpozPai6GVffPfUnFs8WY4mkaVsKyCqoRFrHZ1x50n1DRDsdKMV5/zSp2Ewr+NzKh3lLc0g936sqq9UKm967OvivbhVbBK7VuxvD5hkGt4hn72YYvX0M6BZ9S7Qlz2hUM/SvHa76/SfWxGA8xor0c/qtiX5bOVz3C39MNorH3Li105dB9bxb4q2octXteKrEp64mNvfnoSqLzu4hfMq5qe1Pf8aK6e+BcieHnbYV/l+kGhmdqjJ4bdPpqqJ0UzKUQC2EeA9m6Jf7KF9aREZf+kaXpSxZ4a8k8qltdPT4yyeCf0pGX+Sa342pefP2Klt1P8kyrtXU0/qtjXjvFP6lmRFdgfaZJ/4iqf+CcBzqmWniv005OW+Seex1G69xrVE1v5/PTE3s7q+hzG9XfQJz+L0b3Ldn9bN5PBaH6NxJ23uDZwlEysn1w+z40bd3gwv4QWjqGFIiiKxr//9/+R/+6XvwJqmLVUmkSyl1Q6TzabYWNlBRQIhUMkYlEmxoY5dmSawcF+wmEFcmk2NlYJhZKooRiKGiKbA0ULo2lRspkcKAaKkjMrR9EKzaYSTS9zYP4Deo2sb7srmytoix+jbCyWqjGAnpTopH9iv7ca8E+ELYGRXsdYetDpbOxYZKAzKIoKoYj5v6qCrsPGEsbSHcism6ssg+67WQtGHiO9Bpsr5sCqoYMaQglHcUyfM0pPcQNvzdN1nUuXLvHmG2+QSqV47vnn+fyLLzKxZ4J4PF4cfNR1nXxeNyW+MItGcV3LHOgsDacZFUTW3P/TfGdlqLCi0/76WlVVicfjDAz0MzY2Rl7PE4lGWFlZQdd1YrEYJ06cYGR0lMHBQXp7e4lGo8VzI5EIiUScRDyOqqpspFI8fPiQ4aEhqHGg08AorMgMcqy3D2cU/gMIKyGeHnycA92jPNhc4pO1+/zt/bNM9+4hpoUZiCZZyqyRym2iKApdWoy+SDe740N8ZteTzKzP8/bcRf72/jm6QjE28xl6wl0c6T3Asf6DdIdixLUocS1aGujUzVf4CkJ1FNOHtE8lVMBayWkUnapCHMWhBdYMtOKHZTP4y1M0bIe5HU3FcJ5rnwHq+sqZXCETxT1r7HErjwSc4exxHH5xzynwjhpyxmtytMvOLqtv3wmsxcv5zTgNPsPZqnHz+qUKd8ddLeMKXQUoZsjDQCrhumy1GeR+zaMUjNB7z5oAM5rdM+r97KPYcXWH1mFV7KVatbqr1301r+SpYB/ueOAZzf4zXL30xLcgZfpRXU88K8B9O9rjNgLrSeFf35nvVfSkZv0oZqiannj8MFJBT8qqq2l6QmA9cYQV9MQRD6wnlcvrJuiKFHdzOPSjjXrifUM3QU988NMTR3bA3/x8Z7AH15My/QikJ1a0PXrinQsff8Qrbh3fLP+k8oPPo4De5X1k/BNfw6+mJ1UMpMpla/NP2q8nLfNPfGjYP+mYnrgatJl6YqPMPtyhIxt16scW9k9apycE1hNH2HQ9oTJ++lFFT9zNsaX8k0r20aieePkj7jj4m98O9U+0lXsoH79N/rHPYCSHSjeZTZB6yPHU4k+4Hhrj3VQ/d+/N8XB5neXVNQYGB8mmM9yfvc9f/OV/5Yuf+wypjTQbmxnyhgJqmHiyF83IE4+GGBke4tixaQ7uHyWsKShkicZCROJRtFAI1DCKEmFxMcXEoUNc/mSWXSMjQA4MUBRzuzhDUdg1f5E9GzNoikJRi1z3l5peJbTwMcraXKGlCtXVND0JqB+2mq9NT1wZtvsj7riwpTHS6xgPZzudjR2NDHQGRVFRIt0o0SSEE5BNYeQ2Mdbn0R9cQY10o/SMmYOgVZ9OwTFyGYylWxjrc6XX1UYSKPE+UAszXIzCwFrBifHypay9LBcXF5mdnaUnmaS3t5fh4WFisVjxta0A+XyeTDaLoRsoSsmpdl9Pz+fBMAcG9cLel17p5gt7fyqAoqooiuo4Jr25ycfXPubWzVtks1meOfEMI6OjdCUSxYHOZDJJ/8AA0cIqUwtFUQiFQgwNDbFn315mZmaYm5vj2tWr7N27l3gi4V+3hkE2k0HVNEKhUKHuzP90dHSMigOG5spNvTCQa56tGwZZPYde2MfVwGAk1sferl08P/wEP1n4iJmNRd66f46oFuFo334W0qukcmlUFOKhCDEtTHc4xhO9+ziYHOMnix9xcfkmmqKSDCd4bugwjyXH6AknUBWFuBahOxxnYXOZzXyGzVwGnVa+Tll4VDCM0tBladam5cRXOs/Z6TKM0kpOyxErdmHcHZCyi3mEQTqFXhdyOPr+M+odYaUZrtXCYp15hRR1AXuRrM6H4YyXl1cp5tkZd/bkGt5Tr9KKGFtH1DNez0CLb3nroJ70iqH/DHp3PFh7+8yw951Rba9Te/bdcb/yFg2sgI+91DLj1B0Gtq9S3kuTIwqfOuI1Usmuam7v2hP3nFFvmwEdqL1r0RNHCMH0xPApr7uCvOMOe2mZngScsWx/fgR9BjSiJw3Zl7ve/fWkvudHfXrisB9bBgPrSfHAynpCPXoSRFfc9uHWD6vat7yeuA8wXOmJf9J6/4Tq7etmG+iJO95KPSnXjxr1pIiHffi2b+v8E78VMR3Tk7rx8U/c9uHbvo3qSaHOCobSLP+kM3pSu3/yKOlJfc+PgHqC4cp2g/5JEasdrWOb4J80rCelQmx1/0RdvgMf/y35A89h9I6ZJzjSM9CAQ7l7GMsfcX89xEcLm6CqLC0sEo6E6Ep28e67p1lfWSa9mWIjk0MJRdCzWWKxKP19XTw5dYgDeyc4uKuHaChHSNHJpXWi0QTRWBwlHMWIxFjb1JlbWGHP4QSXrt4g3tVHf3cEVTFAydGdmmPv4nX6jYyzgl3lVTaX0RY+Rll7QFv0pBb9qEdP6mxfofMYm6uyknMLIAOdQVE1iPWgxPtR4r0YuTTkMxgbS+i3T0O0By2WhEh3aQCyUYw8ZNbR5z7CWJk1V42COdjaPQxqGOu1sLphlCTdQwCtAcdsJksmnYZk0vxCKT9mbW2N5aWH5HI5DMPpjFjouk4un8fAQNfz5PM532KYA53mwJuiKmWz0jY2N7l06RKXL19mI5ViYmIPBw4eIBaLYa38VBQFVVXxGnhUVZXRsTEOH36Cj699zOLiAufOneOp48dJJBLF1Z92crkcm5ubLC8t0dXVRW9fH4qiFOrSXM2qG4XBTo8KNTBfO6sb5v9GIcwbOhk9R66w2jVv6MRDUSYSw7w49imyeo5356/w4/lL9EW6SGhRFjOrpPJpVEUloUUJqyHCaojdiUEOJscZjQ/w8eoMBgYHu8c53LeXia6h4utyY1qEZCjOHEts5DOk8puBV6UKOxyldD8W7rTyAclC3HvGteswpRRRShf1CUsdWyttxy9/ZQkWe9Z4e4gK7pnH1h6d1vfBV2RZl7G+9ymGEiy015EjXrVjU3aGM6yScF17dFrVbsUd2ao2w94ntBXLXhLP5vTF4wqOKatK9Qq1/0Jjm9nuiNuO95/xbFWzO+5onfLQ20yd5usqsecHbgP0PcN1glcDVcix3x6N5TOefeyjzJ48Qnxbq0xPfOOe+OiH54xz77D+PfYKOahVT9xhjXriWYGB9KRKgmUZqKwnVrr+M6D99KS6fgTVk7LfxcqooB9+N2ideuL7vKmqJ1XsxSe7jtBVR54flBmc3xm16UmZfdConlTQER89see8kp6UF9fjCg3qiad/Ytebqn6J+Ce1+SfN05OyA8rw0xN3vHE9aat/4qqTSnFfA/Q7oKrjWEVPtrB/4l1BrrpolX9Stb9TyEGT9MR9u+P8uETd/kkwPQnqn9S8h7g7u0H1xMsfccd9qaAfLfdPrOpsoX9iOw6848H1xBXvmJ5U0BEfPbHnvCX+SQX7UJfvwsen0PedQB/c79tgj+/q5l/vUnjj8kO+c0fh7hpoIVAUHU1TOH/hIsPDQ+R1CEdixBNd7BoeZM/4CM8+e4LpqUlCmWXSCzPkNlJEQyEUTUVVI+hqGJ0wq+spnvr0s+hKCJ0Q757+gM+dfIY+fZmxpcsM65vlNuAqlro+T2jxOur6QlP0pC7/hAr2UYeeOFq7gp6UnSB0FGN9Sfbk3CLIQGdQFA0l2oPSvQulewQjtWgOdKbXyH/8FoSiKPFe1F3TEPFfRVgT2TTG2gOM2fMYq7alz/F+lN49YO0baRgYeR1DN0ADL7VTFIVIJEIsHiMcibC2tsbDxUWWHi7R3d1NKBQin8+zvLTMxx99xLmz50htpNB1HT2fL7tiLmcOmhq6gaGbA6R+Kzpz2ay5+tMHPZ9ndWWFhfl55ufneeftt1lYmGd4eLi4p2c4HCbR1UVPTw/d3d2OVZ0A47t3c+LZZ5mdvcfZD89y5idnOHbsKSLhMBN79pQdv7y8zJ3bt7l8+TKPP/44nzp+vJhf3TAKg5h6YWWmN+axenH1pGEY5PW8OdBZGJS2rtUVjvHc0GE281lSuTTvzl/mjdkPmE+vsK9rhM1chrAaIhGKEVFDKCioisrB7jGeGZzibmoeTdHY0zXMY927GYj0FPMR1cJ0h+IAbOQ2WcmW9gAVhIoYrhlutg6P6bwVQnxmsBU9+IJPWZgJpxTipR9mPBPH+a1zJrnijpfNEA04w7RKaOllMV7QMfeM9uKfFXu29bRBldB9bI3plz6y2s0VL3wQaMZzkBmPVcJSp6Hwr9UZ8cp7wbwsQ/CMF68asN3dM47dYRX78pvBHphG27tRAqdntbMrXmN71zSjvmhXJT1x64vTfryzb8U89aPG9m5oRSZWnh8dPSnhpyeFEzusJ6V70++HET89KVVYJ/WkVP1VjGDL6omPfrRZT3DZl5+eeBXMT0/MaHv0pGgPxjb1TwJevi7/xEs/xD/x1JPAVGpfr2PbbF+d1pMy/8RtL7564v42gH/ipR/inwRMv7J/UnFFVjP1pOIKYpe9OMrn75+0R0+c+uH2Rxr2T8rK6xPWS1X72qL+SWA9Ceif+LavGaqrs3DtbyG9hj52pELFGbw4NcaLU/D29Xt8fybN20vQ3ZVgNZ9jM52lp7efWDzG0MgwTxyeZurxxxgZ7CMaTxBKxIh297I8e5vs6gJaWCOjxlDVGOm8hq7F6BubYGHDIBeK0jV/ge4zNzk20R+ondXlu4QefoKyuYLvY68O+yrTD3fcsKq7Rh0JaF+44z560tC9IjQVY2UOI7XS6WwIBWSgMyiKAloYpXc36sg0xsObGJkN0LMYaw/Q75yBcBxCEZT+feaqy3oxdMhl0O9fIH/9b9HnrmFsLBfzoSRHUIcmUUIxDMAwSq+ONXCuoCxlX0HTNPbu3ctTTz3FtWvXuHr1Kn/12mscfuIw8XicTCbD0tIyS0vLjI2PcePGddZWV7l65SpXLl+G6WmGhoYAyOdyZDIZiitFs977QlqvzM0XBkvzufK8RaNRDj72GDdu3GB2dpa3336bixcvFgc0VdXMeyQapSfZw8DgABN79vDYY4+xZ88eFEWhq6uLffv38YUvfpFIOMLZs2f5/vff5Natmxw4eJChoSEikQi6rrO0tMTC/Dzr6+v09JT2+9QL9acqCioqCiq679PDKKz8BE1RCZvTm8joOTJ6DgWFsKqRM8zyhhSNvkg3R/r2sZxZ48baLIvpVc4sfsT85jIPNpeIaxGiWoRQYdNtBYU9XcN8evAQpx6cpzfSxdG+AwzFeolag9xAXIvSF+kmqkXIGzqpXKbiAK0glCjN4bRmpFEIzUltSuk4w9QR63jzY6XYJ7DiOE7zdtKtczxXtLnjtsuVcu1Kzh0W/lUwzOvY4/bQ3qOrMGO+LIPVwjKP2iq4lZ71tTvuUU/2eKEstaygdISBV0SUQqtGzeuXKtoRxyesmkG/TlwxGcfl/OK+uajYTFZ7u+3DFnev3Ksyg74sdNmXZ1jJXorpuQpWoMw+3HGvZP1z69Fcinfczz5sF7DrSdAVpL76UUVP3NXlpx9VwyB6Yo8XKtRhT+6wrXriDK32Lh6OK94yPfGxjwp64gibpieKd7SKnvgcHngFZbP0pMxeatWPRvUkgHxV1hMf/Wi7nlTRFx/89KT4fbWwLj0pD5vvn1jU5p/46Yn/86OKfbjDWv0TP3+kZXri5JH0T9qgJxXdI//cbl3/pFQhVKJm/8RPP5RCmZQq9iH+SX3+Sdv0RPGObjU98bGPhv2TMv1wxg3FcfSW9k98w0ot5mtfuI73pmb/xCc5dXMJ9fop8hsPyU8ch2iX7cK2qxUq9qcPjvHTjynMLi5z6prGhYcj/Hgmy8Te/ezeu5tYPM7Y7t309g+iRiKsbmbpSnQTjsVJjqqsKQqakUMNhckbKnMLS4w9NoUxc4Vdi7f5n4ZuMbR/iLIW9/BPFD2L9vAmocWbGHoWxXZ8w/5JmT1tL/9EaC9GdhNjZR6y6U5nRbAhA521oCgoveMoY0dR7pzByKxDdgPyGfT5q5BPoyT6UXMZ6N9rDnZqYXDtSemLoUM+i5FZx1iZJX/jFPkrr2Ms34XcJqgaSrQbpXc3yuB+CEUA0EIh+gf6Gd89TjgcIRyJ+GRfYXJyks99/nOEQhrLyyu8f/o0qVSKrq4urD0rR8dGeebECVaWV1hYWGBldYWZmRnGxsaLA52RaJS+vj727NnD4NAg4UgEpewhbaKqGv39/ezdu4fh4WHi8TjFPf0K1zpwYD979+7l6tWrzM7OMnvvHqFQiOLrs6+CeQAAIABJREFUZHWdbGFlaCKR4Iknj/DFL36J3t5euru7CYfDDA4O8lPPPYeqmK+4PXfuHIsLi9y+fZs9e/aQSHShGzpzDx6wsbFBMpnk8BNPMDQ0DIqCYegMRJM83jOBpqiMxvuJqmHHg9NWm4QUjeFYL4d6JkjnMwxHewmpGkPRHg4mR8kZefojSSKaeZupisqerl08O6xzdeUO11Zn2Mil2cil6Y100R/pZiCaJGIbxNwV6+PJvgM8NfAYw7E+Pj14iJ5wAs1mUwPRJId6drOaSzGeGCKmRVCD2pywwzEKzlNpxqFjhljZD2O2Mw0cfnlxv8+KnqN3FiqGlXPv2fGx8u7s6ASc8ep3nFdogP+Memu2n6sgxSmAPnGf6rFKUqoe0+MuNZsVd4XF8wphkBnNVJhRWKhxw17hLWpfz2s1YF9Fky7k3Xm6X7xye9e/B5bVltaPDc54eQG8y+t/tNXOVnGDtXetM1LL7KPijFN/PfGkwfZulEB6UrSr9upJsfhleuIMq9pH8fNg7V2rnlTUDytePMytJx72smX1xG3d7dETP/0oZb9ePfHRj0dNT4KcYw9rwG9gp7KeVAlr1JMy/ai24q+Kf1JRPzz1hEKztdc/cTRALc+LLaMnTfJPqtlJFfuqqCc2e/Irr5+esCX1pEZqaWf7OXWmV7Ruu37sdP+kmp004p94+SOPgJ5YB7RDT0r2UJ+eGK7y+ulJbXuwNl9P8NQTZ41XpRYdsZ9jD2vAoR/5DOrtD1DW5tF3P4U+dMB1TaN0UiEc7e/hF0/08IvAZibL3ZUM+Z4cs+l1FHWV0PoC0a4x1jez6FqWnq4ujJzOYFec/Pxt1PWHxMiy28gTvngZRS8IWFeUUmO7CmbTE3V9Dm35DurqrEc1BPVPavRHGvFPOq0nQssw1hYx1h52OhuCB4rhtQxP8Ce7gf7wJvkz/5n8J29jzF8zP1dUCMfM1ZbDU6gTx1Ef+xnUnt3BXmVr6OarcFfuoc9eJH/5u+j3L5l7c+YzYOgo0STqnqfRjv0i2tTPgqphGLCxscHNTz5hZWUFTdN4bHKSZDJJKFQ+jr25ucnKygr3Z2e5c/s2Dx48QNNC9PX3s2tkF6Ojo3R3d4MB9x/cZ2VlBUM3mJiYYGCgn0RXFwDzc3PMzt5nbW2V7u5uhoaHGRwcJBwOO9LL5/OkUinu3bvH/Nw8XV0JRsfGGBkZKR6ztrbGhx98yE/ef5+bN2+yZ88exnfvZnh4iHAojK7rrKdS3LlzmzM/+Qnnz58nm8ny2Rde4O/9/M/zqeOfIplMmoOihsH6+joPHz5k9t4siwsLrKyskMvl0DSNeDzO0PAQ/f399PX10Z1MEo1GCYfDGMBCepmF9AqqotITTtAb7iKihov7YRabyzDI6DmWsmusZFIYGPRFuukOx1lMr5DOZwFIhhN0h+IkQqVVo2k9w4PNZTL5LAYQUlQMDDRFZSCaJF7YpxPMx2M6n+XB5hJhVaM7lCARijoGOtdyG6xkUqRyaWKhcDFNTQY7hSo8+EaP6YYrpQ60qpr+l1rwy+zxwqGl0PaZGVcccaP0UZm7b7+lin/aHD7FyoDjqNKcueo9wMLxSoXvi46mO7QOc3dUauy4VKOejmwdl/eNexU/YLaChhaO6rSlV395PVPwiAdp70oZChIWa7RyvMntW5Uq2bba2ye3jbd/kOouUK01a8dt0N56Uh5vIAxsXxZbW0+CWnfF9g6YrUb1pPHybgc9cbFN9KRpYYDqrmgvTS2/n540Mdyh/slW0JPW+SfNeH40S09c8W2iJwFPb4qeWDRfT9wG3Uk9cduXxdbWk6DWXcvzoiH9cMebWt5AKTpD8U8C6UnTwjrsy6Ku6qmYofr1xAjH0HdNoY8dwegaqFKhXqGtQoo1btjy0RhKNoW2fBdt+Q5KbrNpeuKm6vOmBXpS0T5sXzTunwjNwEivY6wuQi7T6azsGK79m3dqOl4GOmvF0DE2l9Fvv28ORn78A4zNFdDzpvKoIZSuQZT+/ah7T6AOHULpmzBXd4YTEIqaKzMBw9BBz0EmhbG5jLF0B2PxOvqDK+h3foKxvmAOcgKEYij9ewgd/Qrqwc+ijhwuZimfz7O5uUk+n0dRFGKxWHE1pBe6rpNOp1l6uMTy8jL5fI54IkFPTw+9vb3moJ9hkMlkSKfT6LpOPB4nHAqjaubgWSaTIZvJoOs6qqYRCoWIeKzqtF5tm8lkyOVyqKpKJBIhUlh1urq6ys2bN/mr775GLpdjdGyUI0eOsGtkhGQyiaZpGLpBOpPm4eIiH3zwAe+8/TbvvP0OU9PT/NxLL/HFL32RoaEhNE1zlDGVSrG2usba+hrZjFmPkUiE3r4+uru7icVi5c2Lc9ab92pO61jKn2yFMluvKrBwX0cv3HaKotieT0bVNL3zYZQypNR+vrBzuf+bSczX1prGU3ylq2J7CUdhoNB5nIlS8Lgcb5yxxS2HjOLxtr9dZuruRtn9ZQsDUG3HBf3h08pbWzqyraSWDAfpCNca1t1hdhfAL15b+R/tH8ICZrRuAlh4034YqdW+cDVAfeUNan2t7LjaajOYfmw7PXHHm6QnFe3NXYA6i19IppqeNC1sQE+aQlvty30DtVNPrPK2R08aae+W6Mu21pNmPD9qtS93AfzitZV3R/onTcMjxx3TE7d94WqA+sof1PoqtneDpbLVbnm8pvu5BTRFT9zxTupJbeUV/6TZCdjppJ5Y5W2PntTU3rbv9a5B9F2Po49MQbS7tsxUymC9epJPo63Ooq7cQ92oY/VcU/SkGc+PavblznDQuNAujMwGrC9hpFOdzsqOo9aBTnl1ba0oqrmycuLTsD4PK7PoDy5jpNfMQct8FmP1PsbGMsbaA4yhSZShSdTuXZDoR4n1gBbBQAE9h5HdwEg9hJUZ8zoPb2GszmKkVwuDp2phb9Bx1NEnUfc8jdq725ElTdPoKqy0DIKqqsTjceLxOGPjY97FVBSi0Whx/0o39sHKitWlKIRCIc/VpQAL8/NcunCR90+f5siTRzh69ChTU1MkurrKBk2HhoaIx+NomsaF8xdIb26yvLzkuT+oqqp0d3ebq1NrQCH4MKFiFtAWKfzpM8DsyJ/rGMV9kRoo7ZdY1+nCjkYp+F8KqgqlTTFse9hYx2HGHabrtv9C3HYZf7v08O/sA6ReLpziDhV7aNuzxi9euKp7j073njXu4/CL17wHlne5/Rz9sqvZ69UW999zwrX+1bY3kW/oOK9U4+b1SxXujvu0kKtA7gzWKFquy3oNljviPs1Tec8a54B/kNDXPmqa8QplLV6tWt3V675alY5s+fpoV9zWzo4Qn9DDnqx29tIT3wYtu8G9y1tGBT0pxm0E1pPCv2X2EVBPataPYoaq6YnHDyMV9KSsupqmJwTWE0dYQU8c8cB6Urm8btyX99MTd3M49zxrn57UNoMeW8X4Fahy/fjpiSM74G9+xXasX0/K9COQnljR9uiJdy4C+CPV9KVe/6TuPTqd5Xtk/BNfw6+mJ1UMpMpla/NP2q8nLfNPfGjYP+mYnrgatJl6YqPMPtyhIxt16scW9k9apycE1hNH2HQ9oTJ++lFFT9zNsaX8k0r20aieePkj7jj4m5/4J7Zky/VETS2gfvIO+txH6MOHMIYOmis8a56YGNAv8dETJZtCW3uAunofdWOx8LGPrnhUTzHeND0JqB+2Gq9NT1wZtvsj7rjQVoz0OkZqBWSAc9sgA531oGoosR7U/c9DOAYf/Gf0uY8wNpbB0E2xz6Uxlu+ir8/D3Q/Ih6IokURhVWdhgDCfh9yGuaIzuwHZFEYuA3oWdN08Roug9E2gTX4e7fEvogxNQiT4oOZW586du5w7d45MNsvA4CC7JyaIRKN4DRaqqsrI6CiPT03R09NDNBYlEomgqarn8YIgVMMoOktmp8AoOlPWdgk+ZxUcP1fnq4qfa3dEHZ0SfMKabmvDlV5pzxrre/Pr2vYoqnXPmlJY8PspdR5s0eJWJGXlLqIU8+yMO3tyDe+p57nnhJWdUiN4xusZaPEtbx3Uk14x9NuzxiiLB2tvnz1s3PZVDO11as++O+5X3qKBFfCxlxbvWeO2F8OmJ259qZka9MRxTqWwhsSdP5yU2tmpL03UE0cIwfTE8Cmvu4K84w57aZmeuEM/PSllsyz7/s3kDGuhIfty17u/ntT3/KhPT9x7+dWsJ8UDK+sJ9ehJEF1x24dbP6xq3/J64j7AcKUn/knr/ROqt6+bbaAn7ngr9aRcP2rUkyIe9uHbvq3zT/z26OyYntSNj3/itg/f9m1UTwp15rPnb73+SWf0pHb/5FHSk/qeHwH1BMOV7Qb9kyJWO1rHNsE/aVhPSoXYjv6Jt56AujaPujaPfu8CRt8E+uB+jL4J87dsw13gGkL7g8YdoqOuL6Cm5lHX51HTaxi2s7eMf1KLftSjJ3W3r9AsjFwGNtcwNtcgl+10doQakYHOulDMV9QmR1DHn8JYX4RYL/rsRYy1ueKemuTSGLk0sAKKiqGGULQQqCHzAVJ4da2h58zVm27lCsdResbQDn4Gdf9zqMOHININquaVqW3JxkaKpaUl9HyecChMNBpFVf33lgyFQkQLA6HW3qBRn4FRQRCqoRQDa4ZacS/OguNVeca1iYH1StnCXDal8L3iTAbHbargnNLsTsDKgC1uVOkJuGYGWjNQDcxX8AZfkWVdxvreuxjOGdb+oau2S/GqHZuyM5xhlYStGakl59oV9105UbIHZ7aqzbD3CW3FspfEszl98biCY8qqUr1CHYZcvqLBb4Z7+Yxnq5rdcUfrlIfeZuo0X1eJPT9wG6DvGa4TvBqoQo6L9uOyp/IZzz72UWZP1fXE0/w9sut5e7jL7tYTrwxUyIF7RYNfvFxPCjmoVU/cYY164lmBgfSkSoJlGaisJ1a6/jOg/fSkun4E1ZOy38XKqKAffjdonXri+7ypqidV7MUnu47QVUeeH5QZnN8ZtelJmX3QqJ5U0BEfPbHnvJKelBfX4woN6omff+L7vCnzS8Q/qc0/aZ6elB1Qhp+euOON60lb/RNXnVSK+xqg3wFVHccqerKF/RPvCnLVRav8k2p6YuWgSXrivt1xflyibv8kmJ4E9U+qr8hqkp54+SPuuC8V9KPl/olVnS30T2zHgXc8uJ644h3Tkwo64qMn9py3xD+pbKGOsJqeqOkVuH8J7f5F9K4hjJ4xjN5x9J5RiCUL2VA8bgAf3Ld3fgN1cxl1Ywkl9RB1c8l2rFJ2pS3pnziy0bie2HNeSU/KThAawMDIbEJmw3w1bTbd6QwJDSADnY0QiqH0jKNNfh4l0gVaDOP+RYzUorlC0xrwBDPMZzDypQ1rPTXJelVtpBulZwxl9AnUyc+j7pqGWG9bitVOVFUjFNLI5XKk02nS6TRdXV2O/TYtDMNgbW2NhfkFAAYHB9kzMUEsHq84OCoIgh+FoUnDOWPNnK1pdnx03Yzrhbh7BqTlcRkOB7fgYxpG0Qn0TtvuBpdmkptRw3T8jMJlDWt2nvmv74zT4nWDhY7rFdKFUroOpQ7SX6i9CSqH7mNrTL/0kdVurnjhg0AznoPMeKwSljoNhX+tzohX3gvmZRmG34zTWtq7phnuHvblN4M9MI22d6METs9qZ1e8xvauaUa9TUcs/cAdd9iPd/atmK256m7vhlZkYuX50dGTEn564ngAdExPSvem7eHjKJ+fnpQqrJN6Uqr+KkawZfXERz/arCe47MtPT7wK5qcnZrQ9elK0B8v/2W56EvDydfknXvoh/omnngSmUvt6Hdtm++q0npT5J2578dUT97cB/BMv/RD/JGD6lf2TiiuymqknFVcQu+zFUT5//6Q9euLUD7c/0rB/UlZen7BeqtrXFvVPAutJQP/Et30b0xN1bR5jbR5mzqGFIhixPvTuQYj3Y8R7INqNEUmAFjFXfiqK+ZowdJRcBvQMSmYTJbeBkkmhZNdQNtdQqv1GXl4NlUP3sa32T4LqSED7wh330ZOG7pUdh2FWoKFj5PPmtoO5rLn1YDYtA5uPGDLQ2ShaxNw/8/Evoow9iX7nJ+gzH6DPXsB4eBtymzVcTDEHT5MjaAdOou77KdTRJ829PcPxlhWhkwzvGmbf/v2cP3eeu3fvcvvWbZLdScLhsOM4wzDIZrOcO3uWH/zgB8TicQ49/jhT09PEfPYRFQShMqVBSMtdVgr+v4Ji7dmJ63t7WHWquOtzF8WkC/5c2Qq3yqn7T8gr/Gv9aK0UvvRbKWF1OKrtWRNsCY1Xj62A7YdWFK+4s37c3ZwgE+Ar9hsDr4gohVaNmtcvVbQj7tdCVTPo14krJuO4nF/cNxcVm8lqbx97wb5Cwhn6zXgtC1325RlWspdieq6CFSizD3fcK1n/3Ho0l+Id97MP2wUs+yq7cKUWK2tQn7gPfitkq+qIO7kgelLUD5c9ucO26okztNq7eDiueMv0xMc+KuiJI2yanije0Sp64nN44BWUzdKTMnupVT8a1ZMA8lVZT3z0o+16UkVffPDTk+L31cK69KQ8bL5/YlGbf+KnJ/7Pjyr24Q5r9U/8/JGW6YmTR9I/aYOeVHSP/HO7df2TUoVQiZr9Ez/9UAplUqrYh/gn9fknbdMTxTu61fTExz4a9k/K9MMZNxTH0VvaP/ENK7WYr33hOt6bmv2TKsnW7Z/kMijrc6hrD5wZqiM0HGUO4J/Yvvd7WtUdNmpfrrZwNU91gmRUEISKKIZhyK3SDAwDcpsYKzPoS3cxlm5jPLyJsXrPnPWSWcPIpCC7UXhNrQKaZr6eNtINsR6U7l3m/z1jqMOHUPr3oyR3YY44PJrMz89z9coVXv/rvyaTyTK8a5jJyUl27dpFsqcHTdPIZjKsra3zYO4BM3fvsry8zMjIKJ/+9Kd58uiTyGtrBaE+Zn8jieOVrort5RwKts/N4+0Oc5nzDGCAopYcUUe/peCY2e9W+63rdRf73drWx4F+SLEfp/j7i81yhIvltOJNw8N1dhTQxxNvbomp3PFoZnk9aNDxb7gj1ISOT0MdoZrK65dCDWGjA7VV43WUt40dvWp60vSwBj1pvPh+elJPe9epH8WKdVeALV6LvdRKi/Qk8OWboCcWzdeToClscz1pIX4DO+3UkzL98NGT2glgH+KfNEVPGnl+NFqbFp7Zr6m820FPaqTOdm40uU7qyZbzT9qqH4+GngS+fBP0xKJ9etJAKP7JDvRP2qEnbvuyVUA79UQQHgGu/Zt3ajpeBjpbRT6LsTaHsfgx+sJ18+/1Bdh4CPmsKW6hKEq8H7qGzMHNoUMofbtREoOFfThreEBuY9bX1zl37hyn33uPq1ev0tPTw8iuEYaGhwiHwmxubrC0vMzsvVl6enuYnJzk5Gc+w+DgIKGQLEoWhHqZ/c0eVAClpDZqwR9T1UJY+MJygBXX8dZgpLlHJ8WJB3b18hvQLPvc4ReWZhSWjjAPKJtJGjAsm+Hu26GxDmuw41KNBjuyQS/vG29CR7amjm6Fjk3t5Q3alW5GR7ZaWKzRyvE2d2QD9bv8c9uUjmzV6i5QrTVrx23Q7p5zAHtp2Q8lFltbT4Jad8X2DpitRvWk8fJuBz1xsU30pGlhgOquaC9NLb+fnjQx3KH+yVbQk9b5J814fjRLT1zxbaInAU9vip5YNF9P3AbdST1x25fF1taToNZdy/OiIf1wx5ta3kApOkPxTwLpSdPCOuzLoq7qqZihTuqJrUK2kZ74Xd43uRboSUX7sH3RuH8iCNsTGejcKhgG6DmM7CZkUxiZdUivQiYFhrWiMwSRLnN/z0g3ivU+cy1EUx8GW5x8Pk8qlWLm7l1u3rrF7du3WVleJr25iaIoaKEQiUSC3bt3s3fvXsZ376a/v59wOIys5hSE+rFWdIK5krO0otMo+xzsKz/N84uvMIHSQKh7Raf1XQH7Het1+7odS1VxxhXbcbX+8InSho5sK6nJsQ/QEW7mDyV1dYxr7PgE7Lj6HN6cjqu72AWa0nGtUt7mduQCWPg2n/Ea1Ppa2XG11WYw/dh2euKON0lP2rAix0qmmp40LWxAT5pCW+3LfQO1U0+s8rZHTxpp75boy7bWk2Y8P2q1L3cB/OK1lXdH+idNwyPHHdMTt33haoD6yh/U+iq2d4OlstVuebym+7kFNEVP3PFO6klt5RX/pNkJ2OmknljlbY+e1NTeTS6trbYfET1pxvOjmn25Mxw0LgiPPjLQudUwDDB0c7PbfBZDz4Gho6BgqCqoIRQ1ZA5uKio7VbQMwyCVSrGyvML8wjxrq6uk0+aGwJqmEYvHGRoaor+/n+7ubjRNk0FOQWiQ2d/oKQ42FgcUFVCM0orO4seK8+/CoWVx+33p/t7+GQBGQfaMUrpuv6/aYKjz08od3UArOpvZkSnr2AQ43f/s2jsy7jBAR7ZiR6VCPBBbqmNjtbdFCzq0bZ7xWna1NnRkq9mX/T5uubfZ1I50HR3dpumJu0A+ca8fRmoobyf0pKn60lE9cRdw5+iJIzvNL2V5cbalntRq4a3Uk4D6UmN5g6pVK/UkaO0GQvSkI3rSTv9ky+lJ3dSpH1vYP9kKehJUXwIhekJN9lJrcQvJuJN3xJtfyq2tJ4HtrZqFV9CXputJQH2psbxt0ZOA2alLTxpqX0F4NJGBTkEQBCEQs7+RBJTiIGZp5SZVBjN9vis4YIr5T9U9Ou3n2q/n932l4wDvfpfrxGZ3dFo3o75CR2Ob/pDRdBpMr+aOUIDqrrW2LQLZh+MC7p50AHtpxg8Xbfwho9Mdva3wQ0r9M+prtbBW6klAfdkK+tECPWnk+dFobVsE1pPigS3QkyC60kz9qFhen7CVeFVDjdlrVD92ln/icXoraZOe+CbXAj2xqFtPys5ok47sVP+kxuw1qifWAa3zT9qhJwH15RHVk0aeH43WtkX9euKOd1JPGkT0RPwTQRAqIgOdgiAIQiBmf7On6HbZ9+bEcO7RadjjAIrTfVPK4krZ98W/HX8Ztu+UwqtwcXRsSis+nY6nUocDWrai09fxtT5uckfGTYs7NlXd7jZ0ZCt2bGsqb7WuTjM7svV2ZKrQ4Y5sren5lbaZHdma7KVCvBx3As3syAa0j0dMT/ySK8YLxa14uwXMZqN6Un1GfR360XY9qWIvW1xPgpaulXpiUZd+uM/olJ6UpWOrkG2sJ1XtownPj2bpSfXyBrW4TupJFbaCfmxxPQmqL9XpoJ4UK+zR0hO/5IrxNuiH276sD6oNDJdTh340TU98a7BK3EWb2rnedLeCnljUriceZ3jpSSst3Es/HiE9qWofbdATi2p60pb7ShC2ADLQKQiCIASitKLTuTdnaS/OKnt2Fjw8peB5la/otK5TStPtOKouP9jrey9/TqV2R7OQrfo7Gi12rKvSUPpBS1xjx7kuF95dIJ/iFpJxJ++I15F6Ix3Xso5GK+mofW2/jrOfdTXS3k3tqFas7yoXaAUt0ZN62rtVeuKK+yTv1pNaqqdVetKS5m+rffnoR0f0xB1SapA69MQdb6We2Gpze+pJYIKWOEj7tkpPXMX10g8PPWmZldegJy2ho/bVST2h1AC12IvP0TXpR4N6ElRfgmXQt6jNoaH0A+hHzc+NZuuJK+6TjY7qSZXabIiO2pePfnRET9z2ZVGfnrjjrdQTW21uTz0JTNASB9SRNvgngvAoIgOdgiAIQiBmf6MHFNNVslZuKirOV86afxYHK91/4xlXPL+3fwZAIT3LXwu6R2fZdXyPcDqi7duj08cxrTqQ4yxB1Y5LrWEdHRv/2gzQT9iKHZuyjqxFgI5LMzqyDc2o9i6eb7wJHdma7MN137Z9xmlL0/MosecPJZ3UE2foN3DnjrdSTyrUXu3Ns6X1xJ1+m/SkJv2oUU8CyJfoSb346Uk9z4s69aOqnjjjnZgIUJO9BKl2O1taT6z2tnh09KRS8qInQal2B7grtJV64mMv4p903r62sZ5UPdqrfTukJ1umvZuGn55UCZupH1X1JJi9NFU/arQvv9oMRKftSxC2IDLQKQiCIARibm4OAEVRSoOTrr9r/cwr9PvM7xi/74N8Xol6zhEEQRAEQRAEQRAEQRAEQRDaxwfnb9R0vNqifAiCIAhbnEbnudRzvsytEQRBEARBEARBEARBEARBEJqFDHQKgiAILRmArPWaMggqCIIgCIIgCIIgCIIgCIIg1IIMdAqCIAgOZMBREARBEARBEARBEARBEARB2A7IQKcgCIJQFRn8FARBEARBEARBEARBEARBELYaMtApCIKww2nWIKYMhgqCIAiCIAiCIAiCIAiCIAjtRAY6BUEQhMA0ezBTBkcFQRAEQRAEQRAEQRAEQRCEepGBTkEQBKGIfeAx6CCk+7h2DF7KAKkgCIIgCIIgCIIgCIIgCIIgA52CIAiCIAiCIAiCIAiCIAiCIAiCIGw7ZKBTEARB2LLIyk1BEARBEARBEARBEARBEATBDxnoFARBECoig42CIAiCIAiCIAiCIAiCIAjCVkQGOgVBEHYwMogpCIIgCIIgCIIgCIIgCIIgbFdCnc6AIAiCIDxKGIaBbhgYuhmCgYwnC3YUBUBBVRQUtRCaHz4a6HnIZyCfBT1nxg2907kS6kVRQdVADYEWBi1ixh8BRK93Bo+y5ooNl/Mot7cgCIIgCIIgCN7IQKcgCIIAmD+WBf0hyDo26Dm1XHu7ktd19Lxe+KFREPwxTcQgbxhQGP9TFQVVU9HUbfyyjWwKspvmAKfw6GDokNfNds1umJ9pYQjHIJzobN7qRPR6Z/Eoaq7YsD+PYnsLgiAIgiAIglAZGegUBEEQ2sqjNuiZz+vk9fyOX0EhNIZuGOi5PHklj6ZqaNo2+jE2k4LMuqza3Enks+b/6XWIdEFkewx4il4LFttVc8WG62O7trcgCIIgCIIgCMGQgU5BEIQdyqM24NhudMOkF0cYAAAgAElEQVQgl8vLPqdCUzEMyOXz5HWdUEhD3cr3aD4L6VVZwbmTMXTTBnKbEE2aKz23IKLXgh/bRXPFhpvDdmlvQRAEQRAEQRBqQ6YyCoIgCEKN5PM62WxOfnAUWoZhGGSzOfL5LbpKMpOC1KIMcgom+axpD5lUp3NShui1EIStrLliw81nK7e3IAiCIAiCIAi1IwOdgiAIQhmd+jFtO/yIl8vnyeXznc6GsEPYkvaWXjNX8QmCm/SqaR9bhC15/whbmq1mM1stP48aUr+CIAiCIAiC8GggA52CIAiCEJBcPi+z/4W2k8/rW+eH2PSauR+nIPiRWd8Sg52i10K9bBXNFRtuD1ulvQVBEARBEARBqB8Z6BQEQRC2xUrKTpPP6/KDo9AxtoT9ZVIyyCkEI7Pe0dfYbon7RdjWdNqGOp3+TkPqWxAEQRAEQRC2NzLQKQiCIARiJw+G6oYhs/2FjpPL59E7dR/ms/K6WqE20qsd2cNV9FpoFp3SXLHhztDRZ6wgCIIgCIIgCA0hA52CIAhCy3hUBkdzOfnBUdgadMwWZZBTqIcO2I3otdBMOmFPYsOdQ+peEARBEARBELYnMtApCIIgCBXI5/VHZsBW2P4YhtH+1+tlUh1ZmSc8AuSzbX2Frei10Gzarbliw52lI89YQRAEQRAEQRAaRgY6BUEQBKECeV1m9wtbi7bbpOzLKTRCG+1H9FpoBe20K7HhziNtIAiCIAiCIAjbDxnoFARBEAQf8rqOLKwQthqGYdpmW8imwJDVLUIDGLppRy1G9FpoFe3SXLHhrUFbn7GCIAiCIAiCIDQFGegUBEEQBB90eX2ZsEVpm21mN9uTjvBo0wY7Er0WWkk77EtseOsgbSEIgiAIgiAI2wsZ6BQEQRAEDwzDQJelFcIWRTeM1u/jpudlb06hOeSzpj21CNFrodW0WnPFhrcWbXnGCoIgCIIgCILQNGSgUxAEQRA8kB8cha1Oy200n2nt9YWdRQvtSfRaaAettDOx4a2HtIkgCIIgCIIgbB9koFMQBEEQPDB0+YFL2Nq03EZlNafQTFpoT6LXQjtopZ2JDW89pE0EQRAEQRAEYfsgA52CIAiC4IHM5Be2Oi23UT3X2usLO4sW2pPotdAOZEXnzkLaRBAEQRAEQRC2DzLQKQiCIDiw70m0s/cn2sllF7YHbdijUxCaRUvtSfRaaAettDOx4a2HtIkgCIIgCIIgbBdCnc6AIAiCIGxFWjLGm5vj8k8ucfb6MkuZwo/+oRhDeyZ47vhhxru1FiRaInXnDG+8f4eZ5Tx0T/CVoyleeWfR/PsrzzDU0tRbQC7F6mYWtATJeLjTuWk7LZ+HYOjNu9arJ+Byhe8/+xr89GDz0qvG1d+HP/sm/IP34PH2Jds0Xj0Blz8P//y3wK/achlIpyGUhGhbc+dNM+3JfemW3gszvPXtd7m8keD4yz/Lid5azr3Cd/7gEjNBNHbhNN/6L3dYHTvM//ilqcrX871IjCN/7yVOtvFW4qO3+A/vLDL+/N/n5w+1Md0O0Eo7a+61K9iJopHoH+L4Z57lSF9rfY7tzo6e6ycIgiAIgiAI2wwZ6BQEQRCEdjB3lle+d535DCQGepnePcpgaJ37d+a58ck1vvPJHY783Euc3NWi9BfO8OqbN1kNJ9g7Pc6e3j6io3Dy2WGIDNDTomSbwzKX3znPJxtJjr14jHHr4xun+dY7i1BxYEDYOpyAz/0zSHp8Nez1odAQ1//QHMyd/n14+Wjw8878IdxNwudfhq7WZW/bcOMGH20ApLhycYYTz49XO6P1RHs5/tQoibIvwgzJrSRYlNlJloXbs1yfvc+pv3yd1b/7Es+1c1C8DmbOnuLsfJj9zz7LdHencyMIgiAIgiAIwlZFBjoFQRCEmjAMA0VROp2N7YVxnde/d535bIzpF1/ghYnSz45HjgK5Gd57a4aR4dZlYebKDKuGxoGf+gJfOlBaxXFkunVpNo8MC/fmuLWWZz+UBjpHD5oDtcnRDuZNCE43TJ7wX4EoNJexz8MvHIW+/bWdd+t3zNWiz8tAJyzz3rk58kqMZNcmqzducO25cSY7/QgMJzkwfXj7rcIX2ouXnUwf45krb/KtHy9z+codnvvpiU7lLhAr9+e4dS9G8ilABjoFQRAEQRAEQfBB9ugUBEEQhBaz+uE1bmQg8diTjkHOIqFxTrz4DHtb+OP5ynoWCJPoeYReVZec4Mj0YY7sruldkk3gE/7s//g9/uhKqoZzUlx45ff4X//LJy3LlSA4SB6AJ07AuCzxq5vZK1xZAm3P47w83Qu5OS5c2ux0rgShIRJDSRJAZn2901kRBEEQBEEQBEFoCrKiUxAEQRBayiY37qWAGAcOBV854dhPE9DiSQ4cO86LUwOlg6y90X7qCxxZPs2pK8ukDCCeZPqZ53nhQKJ4jJWXC//lz7ngTszx6tc8q7fO8MaP73F/Iw9KmKHJKb40MMO3frxIcvokv/zsMP57z5V/fvn1P+etewOc/Mo4C9+/wkcPsySmTvLLzw6wOnuJ907f4cbDTfIGoIUZOfQkX3p2Hwlg/t3XeOWyNbCwyFt/8Oe8BeZ+cAPmnnYU82Tmf+nKu7xxdp75jULd9Q5w7OlnOGEbZC7laR9LPzzPhQdZABID4zz3hWeZjFdqnf289Au7+Ld/+Mf80df+Ef94ymPw2tmaXHjlj/m9y7v4J/+6xtV1Ow1r78xfeAM++S248Bro43DwV+HLL8Hca/Cd34flGxA6CZ/7dXjaWuO7AL/3EvBv4au74c//L5g9B6GjcPhX4WdPVPd8L34b3vq2eX3GYfRl+MLXYCIC+gz8h5dh9evwa78KEfuJM/D/vAybvwb/89fMqYR33oTv/SczD4zDxNfh77tWSeqr8DffhAtvQGYBIi/B534Vjjfh9agLr8HvfcO5/6m+Cq/9Dlz5YSG9EzD1j+ELJ+Fmoe4BeBN+74T5Z7v3T90y5Ll2+T4pwkxPHSQxmmX8/WVmLp9n/gmP/TY3bvLeDy9xdtbUMq13mOd+xmfN5dIV3vjhNa4tZs09E4fHeOHJJme/+Hx4gQN33+VHd818JXZN8MLPPMPQwmlef6ek8yNHn+HlT40UTp7j1CunuMAEL7+Y5MwPrnJrOQ+KRt/uSV584TBDFe+lKjps3OGtPz3N5c1envtvPs8x17301rff5XJ2mBd/+SSTSvnzMDEwznOfe5pJ+77WxiIXfniGM7dWSeUBLcb4sWP8naPjPELTe5pDRicNaBHn3tZV63nBeuY+z9/pvcZfvz/HUg4IJdj76eN8aXrYUde1+jHTi+/yo+urpOK2PcQBu+9S9EGMRS68eZr37qXI5AFNo2/sAD/z/JOMVHx+C4IgCIIgCILwKCIrOgVBEAShpcyztAKQYDDgq2lTH73Fn7xxk5nNKHunJzl5dJx+ZZVrP36Lb70/V3b80tm3eP2OxoFPTXFiupfE5iqXf/hD3lum8HrXKSb7AMKMH53i5LOF/4/2OsdqgNRHp/j/vn+H+5thxqcnOfnkMNq987x6drWhWoBVznz3PJdXNPpHhxmKZyFzlTdev8aNjTC7pyY5+exBJrt17l8+w6uFcvYcmOTks/sYjwIkmCzk/Zjn22rz3H/3df7kx/eZ17qZPjrFielhkhuLnHnje7x23b0Sa5Uz3z3DLW2EE89OcmQ0TGpxhjdeP8tSldLEj3yZb/y3A3zwB39cZWWnOcj5zYsD/JN//WU+FQtaX48o66ve/+uu4/7m38DCMfh7vw37d8P1b8Cf/hb8578wBz1f/HUIn4K/+U1wL5LVz8J/+iYM/kP4hd+CXTE49y/hP71ZOW9vfwP+8rfMAdQXfxc++1VY/ib80b+AaxlQx+Hpl0H/ffjQdT9cfwOWgZMvm971td+HP/p1WD1oXuvFr8HDb8J//H3IWCctwP/7VThzCg7+K/iF34aDafjrr8OPFuqt4Qpk4M++CufeK6V3aD9c+lfw5pXCq25/t/Bu6BPwud8144d26IrQzFUu3M5DfJjJMUCZZHqPBmv3OHMj7zzWuM+p185w5t4m0YFxjj87yXRynff+6irz7utuXOE7r13i2qJO38QEJ07sY68xz+s/vEfgNeK6zuracvn/qfLVpvNn3uG9tV6OnZhkejBM6sEdXn/9e7z65n3So/s4eXSEvnCW+2ff5fWbrnLpi/zgr66xkhzjxLMHmexVWbpzhVf+8kx5uYoE0GFlgmOTCTCWuXxh2Xl6YU/UvsNPMqlA5nrpeTh5dIqTR0eIrM/wxndOca14L83xoz9/i1M3VtF2TZh6vgtmzrzLn3g8M3cMHnYyf/c8r52aIUOYQ4/vKx4arJ5N8rMf8ucfrNMzOWnaj5bi1runHHVdjx/zxrUU9PaydyBG3sd3OXEgCWxy9q/e4tSdFFGrvccSZO5e4zvvXm9NXQqCIAiCIAiCsKWRFZ2CIAiC0FLWWUnXcvwMpz9YJKMkee7LX+BYYWXCkU8VVsBcPM/Zo84VMClthJf/wTOMKACH2cNrvHI5xcydTTgywZFp0G5f4dqSRv/ewxyxFmctrHP23HJp3KWYdoLjX/5ZTvRaad/n1J+9U74StCay5PoO87UvTVFa/zjCi39/gmSyNJByZKqb/LfOcuPWHZaeHqZveJIjw3MsXbzJTDrG+PRhituKuseCMlf50ZVNiI/z8//gWcYLrwI+fvQ8r/7pNW69f5aZg8+W9vgki7b3eX75pwqrmKZH4JVTXFia41YG+tyjwC7iR77C//6PXuF/+4M/hv/ea2VnaZDzn/8vX5FBTt6Eb3kNNn4e/vlvOffuHPtn8NXCisLpIfh3X4M7b8Df/Qs4WmiY3lVzBeL1GdhvWwH50HXcEyfh1X8Bl/9PuHASjng0bOY9OPUa9P4mfL0wWMkJeHoK/t2/hL/5Lky+DE/9HHz/VfjwFJx4yToZzvwhqF+Hp5LAjLlKM/p1+B9+FaKFa00Pwe/+Opz7KjydhAt/Ag8W4Kdfhc+Ol/Ia/hr86Lvw3Nfqq2ZfrsC1Bdj72/DyyVJ6L/0KbAxCEnjiAHwEzMh+qksXbnPfgL7JqYJmaExOj/CjWzPcuHKVzIHDxYkiq+fPc2EVEpPP8DVrz8PpJzl+4Xv84fvOQfFbp68yk4GRp7/Ay0cKmjF9hMm3X+M711wDjX6kZnj9lZnyz8tW2EOmdx9f+ztPmro7lSD9rbPcWFol8fTPFtM/0m2uqrt79x7ss715IJUiajuO6UnGX/8eb927yamLh3n5CQ9RC6rDR/Ywcv4K9298xPxxK8+bnL0yR17pZfpILzDDj95fJBPq5eSXP88R63l48Ax/8upNfnJxmclP9ZK5eJ6zq5Ccsuv5YUa+/19548pVbjw9zIFgNfto4Wcn0SRHXnyek2PW+stg9Vy87LLGc79k80+mr/CdVy8xU/RP6vBj8kle+KUXmLatxhzx8124wq0HwOAkL3+pYNvTT3IyN8f8Rgs3OxcEQRAEQRAEYcsiKzoFQRAEoaV00ROt4fCFGe5uACMTxR8HAVAmmNobA2OZmTvOU5L79hUGOU2G+s0fpVPrNa7CLKa9rzjIaaY9wpF9jY7SxTj0KfsgJ4DmGOQks8rqukY0Ahh5crUmcXOO+wYk9u4r/rgOQPwwkyPAxiK3HEs1YxyYGrHFhxlMAmRZDVh15mCn18pOGeQsx7ZK0PH/r5iDbHb2HCz9rQ5BN8DLzkHKwcLg4Kp7xNt1HBE48TKwADdueGftk3PmqtIjJ5zecfQETALLp+Eh5qtenz5pvhb2QeGY1VPmAOKRF83X2T68Yq7u3HMMcrZVq+p+6AfuFJag3ngV+DzsSzpXt+4+Cemz5QP5DbMfJgbhzrfhwxtgTcAIDZbX/07HuM57l1JQHHArMDrFVC/w4DYf2hYi3p1dxev15IknJnC+hHiO23N5oJfJJ+xqqDF+aIRqL8EuEu3l+LO21fnW/5/aQ4/r0OQu23WVJIkY5ekPJEjitWejO58Jpp8cIQLcn3U9iCyC6nDkcU48Foa1+1ycLRyzfInLD0Dbs88cBFu6bz6TBobZm7etTNQGGE3A0px54q3ZZSDG7rGYbfXiGiOD3ZBbZaYVC6S3Aw47OcjebkBJMH3yeU7a9wsPWM9F3P5JfIpP7w2X/JM6/JjEgSnHIGdlRhnpAxZv8ta5O8xvmK+eJzTMkGiZIAiCIAiCIOxIZEWnIAiCILSUIfp6gLkUC3NAtcUGWZ08gFL+lVb4LOda9JPsadIKhgpp9/UkgPLXIgbH49W9xio33jvNqWvLpNyjmt21p5DPFvYBU9zzuLRi3eUddZegr6/2dNyUr+xEBjk9qWGV4IDXQdFgU/R6x8uPixZmG+QzZYcDkC2MbGsesxJUgHTp9bonXob3fh1OX4G/OwXvvwqchGcK+9ymV8zw2r+C/9sjLfUuMAUbC/ivcsUc6Gzqisok/NI34S9+B177h/AaEDkJR/4xvBhg/9IdRObSTW7kgOFB9maWWbWZzciuGCynuHJxhhPPjwNZc49AKLe7Mi3NFjSopElFVILvJRlOcmD6cPk+oR54Px880vci3kW/+7iIShTI5L1XnwbXYY3xI+P0XbvJR5ev88LoQWYuzrBEmOnpwkSHzaz5THpwjW+9cq08MXWVebKkMgCbXP7+m1z2yNPDRXbm6mSXnRw5GOU7f3qJy2+dZtcvvcC0NR8kUD1TvE4iWT6aGAlpQNb0T+rwY/oGRsoP9qWXE186TuYH57lw5jS3zgBamKG9B3nh+Wr7xwqCIAiCIAiC8Cgi3QBBEARBaCkxDkwk+dHcKjc+usPJ4YnKh4dV88duo/yrfOGzUOBfw2ukQtpLKwF3j/M414/V8+/y+uVV6B7gyKFh+sIAm9z48CYeL9urihY2KyZvuDd8zBfrTmtR3cWPfIVv/MNX+Ld/8McsPAZXZwb4p78mg5wdYXnGHJS0j7OkC8sXNZ/3EYcLP9znPd4zrYNjkDV5EiYH4cIb8AXgg1Mw+buwy7pWYbB0/Nfh6f3l14sdBCLm6k9OwOf+mfeKyjGf8jVC9AB89bdBz8DyXfjw2/Djfwmrvwu/eKIFCW5Hlvnwo8Jyzbnr/Mkr3nv+pa5d4ezT4xyLhIlYuuKWnjI9DBc0qKBJ9oEgHQK+uLZ9bKzz0MC5MjOjm4uBfcS0Jh3uPcz0rpv86PZNzm7A/RtZ2DXFc9YezNYzqW+Ek497zEqJDNBDmHkNzH0cD3LAY1Vg0nNP5x1IZIrnJm/wyuVFTr8/w/TzhfXGgeq5RMrjlQeZwshlSKM9fkx8Hydf2sdJY5PUw3luXLnCex9d4ZV1+KcvHS7bf1wQBEEQBEEQhEcbGegUBEEQhBaTfHKK6cunuXztQ14fG+BLB1wvKMzNceadO4x89jjjg+Psjt/h8v07nN2YKr32zbjDlVuboPQyXmWstG6Kad/kveWp0utrjftcuOlezdlHfwJm1lPMGzBU+CE8dXWG+wGTSxdeNzd+9AVOHip8uHGea+8BYeex5iqQLBsbgN/r7fYNM/KjRe7fusnMsyOlH+c3LnHtPhAfYG8TVnD60fPUV/gGf8H/8V34p7/2ZZ6RV+h1iFfhwq+U9ugEOPsqMAgHfHbq23/UHMi88B6cfLk0qJl+D64Bvc+Yr50FIALHvwbXfgf+eAbSU3DcNkg4eAx6gYdpmHa9Ctc+9jP5dbj8KoSm4QmXseRogZeeMfPUnwQ1Av0H4HO/Ate+DXO2qQXaILAGG81Of5swe4Ury0D3MCeeGPAcMFn95BpnHyxz+cIyx473cnB3L2/dW+aji9f/f/buPS6q+87/+PvMDFdFFBUVFEVRMUAUr4lRUzVR05jENvdsmm7SZLtts5tu0277223TX5ttt91N+tj21zbby6bdNM19N15yUVJjNIpRI6hgBAWNoCgoKCIMl7n8/hhmmBmGO8PM6OvZh50zZ77neznny2FyPny/X91wY8e0y02fnPL7o42xSp8QpcPH6nX4YL2yPOse2lV1rFq9/HOSIVSvsk+alOVeo1N2nTharVZJ48Z38YuoT/fhWF07c6z21ZzT4c1H1WAzK33mjI5z7v6d1ORQ/MxZSvcOuDrbZFeUzJLn/DcZKcrK9J53XbLb2mTmv3g9xsxJV0rZEVV5AvXq9Xn26PT95LgOV7R1fD+JHrzvMZb2PwxosdrVMea5WRfr2jQyKUEyYhWfNFFZ18fo4pldOtzgGn2a0mWOAAAAAK5E/GcfAADBZkzUspsv6sLmMp34ME8vHk5UWup4jY5rU23lOVWcbVCTM0pZM3OVkpyi+XOSdHx3nT7amKeq9BRNimpS2YkqVVulhKxs14PJoOgou3DjZlXPnKj09rIb7FGS2rzSjlN6apQOH6vTR+/slXVagnTprA6X1vd6VNKYcQmKLmlWVUGe3r88SaPa6nTs5EU1dRrpMVaZ6fE6dKhB+97dJds1SRo1Ol0Z/jMjRs/QdTNPakNJld56c5sy08croa1Ox06c00WnWWnzrg36w88Rs2/Xj2cHuZCIdVkq26eAkfCxs6Wxg9SxExZI278unbxdmhoj7X9dqiqSkp+WZnVRRvQC6YY10of/Ij3/qTR7sdRWKhW8KDlypJtu8U0/dYWU+HOpZrOU+F1pqveHKdKKr0hv/lz69afS3OXSSEmnPnaNAl32ojQvQZp1h7R3g/SXB6Xjj0hZKVJjlXR0m1Q7X3r8wR6m6q2SPnhRCrQG8PwHO/2xgBp2Sb/9qTT2FilzvqtOxza4psjN9GpA9oPS4Z9L638uLV0sjc2UUq6WqL1dZSXVapJZ6bnXKTe9i2Fnk+2qfqNM1WWlqspdqJRZ1yirdLcOnzykP26sVtaMBLVWVenYuRZFS/KeMDllToZSTh5R1aFtevncRGVOilbDiSodq3fIrF6O6mxr0ImSIwF+lKI0ZmqGxg3W74iYWDUVb9Nr1eM0PSVaF45WquyiXUqYqOtmdTFcva/34fR0Tf/4nEoamqW4FGX5nHP376Rzeu+1PKWlp2jSCOniuXOqqKiXOWu57pmTqGj3+T+0TS+fSVFGeoLirQ06cfqcqi6P1M333uAbvLuaeUZ11uvQ/ipde32KenuePVkMb1OB5/tJgw4frdbFVikh85r27yeD9z0mY9pY7Tx1TmW7PpDlmhSNTkpR1vDjynvrpBoSEpWeOlbjRkgXK0/p8GXJPCGxV1M6AwAAALiyEOgEAGAojMzWHXeNU0nBER06Xq+SolLXfkusxqRO1g0LspXeHkuIn75M98QV6v39p1RRUqYKSea4BGUsytWKmUlBrWb89Bt0p3m/3ttfraqSMlUZURo3M1d3JJ7Uy3vqZI7ueDqZct31usH6sT46XaV9tZI5IUlzb56p03mlvZt6dvJ1WrfoI+XtP6eyolLJEq+M67MVU1iow35JR85ZohXW3fro+DkV7j2nhMwxypjmn6FZ4xberHsS9+r9Q+c959icmKTcG+ZrwUTmkQ2tfdIH+wJ/tHSzNHaQFtGLvkG6O1X6n6elwyckS46U+R/SrTd0Hzhc/LQ08lppx+vS+y9KSpHG3yOte1Ca6P9UPkXKWi7lb5Pmreic14xHpIdnSu/+Wdr1dddIzrjlUtZ3pdntP+imFOmLr0s7npcOPS8dr5JM6VLyGmndHb1Yj7RUKisN/NGMBzuvSZiwXFp7Xtr9rvThix3nKvd56aacjnRTHpTWtErbN0ibX5Qyn5fuyNFVof6QCirsUuJkLegqyClJcbO0YNpJvVVWrcMn7EpJH6cbbrtBI3cU6qPT1SrcWy1z4lhdt3qyTmw84ns/jJuptWtjtWtnsUrOntK+s2bFj52gm5dIu94/pc6TggbQUq/CvfUBPohV1tgMjRus9SijxmjFigQVbjuqfafskmHWyAkZWrI8W+O6DBz29T6coplpsSopbdbIjJmd/hglfvoy3ZNYrB27T+h0aZkqnHL93kybqWXZ7cE3Y5xuWLdM4z46qI9OVKnwnCTDrOgRicpdfC1BTj9j5kzWuNJSVZcd0aE5Kbo2rpfnuV1Maq5uSSzTux+XqcIuyRKvlNxs3ZLTsc7moH2PmXydbpm3S9sP1qmksFSaYFLWzdlasbBZO4rPq6ykXmWSa43O9FlasWQm09YCAAAAVyHD6XT2YTUtAMCVorq6WoZhyDBcTwB7u93bz9262+e/3Zv3Pe3vSl/Tt7S29ZzoSuR0Pcz2ZVdV/ma9VSZl3nyrlgVj7UD0S0y0/7C9QdTQ20mIw0Wt9Ps1kp6WHl0T5LIapP9eIV14Qvr7nkZewiNhXM9p+uGqvV8HzTnt+t9dOqyJ+vzn5wd5hFy99m3YpsLGsVpx/w3KCPOgZLDuuRHRh2s/1stvn5Iyb9D9C8eGujZDIqi/YwEAAAB06UDxiT6lZ0QnAABoZ1fV7s1664RZ4yYkaszYkRoZ1abaE1UqOdcmjZyqawlyAtLxDdJZSYtWEOQEBuJEsQ7VS/HT08M+yAkAAAAACE8EOgEACMAwpKtvzgOzUhYu1DLLER06fl6HT7WP6LPEeqaEGxnaCsJLHwcp96MAk+R0BLmQSNQq7X9R0h3SvGCv+noFMYIXEb4679dXgiYdKjknu+I185rw/1kK5j2XPhx+gv47FgAAAMCgYepaALhKMXVt91rbbOJXJMKZYRiKjgri36w11Un2CJhOEZHBHCXFB2eNYe7XGArBvOfSh8NP0H/HAgAAAOhSX6euZbItAAACMPGn/AhzQe+jJh7wYhAFsT9xv8ZQCGY/ow+HH64JAAAAEDkIdAIAEIBh4gEXwlvQ+6g5Krj54+oSxP7E/RpDIZj9jD4cfrgmAAAAQOQg0AkAQAD8JT/CXdD7qDk6uPnj6hLE/sT9GkOBEZ1XF64JAAAAEDkIdAIAEIBhGDzkQtgyea2NG7xCzIzqxOAwR9O27yEAACAASURBVLn6U5Bwv0awBfueSx8OL0PyOxYAAADAoCHQCQBAF0xmfk0iPA1Z34yKHZpycGUbgn7E/RrBNBT9iz4cPrgWAAAAQGThGzwAAF0wm0ziD/oRbgzD1TeHRFS8ZPB1EQNgmFz9KMi4XyNYhuqeSx8OD0P6OxYAAADAoOAbPAAA3TAHcbpFoD+GvE9GDxva8nBlGcL+w/0awTCU/Yo+HHpcAwAAACDyEOgEAKAbZrOJdZoQNgzDkHmop9SLjmetTvSPOcrVf4aqOO7XGGRDfc+lD4dWSH7HAgAAABgwvsUDANADi4W/7kd4CFlfjEkITbmIbCHoN9yvMZhC0Z/ow6HDuQcAAAAiE4FOAAB6YDIMWcw8/EJoWcxmmUI10sccRbATfROTEJKRwNyvMVhCdc+lD4dGSH/HAgAAABgQAp0AAPSC2WxiOjOETFj0v+h41utE70QPG9Ipa/2Fxc8LIlqo+1Coy7/acL4BAACAyMa3eQAAesliNvMgDEPObDaFz+iemOEEO9G96GGufhJi3K/RX+Fyz6UPD41wud4AAAAA+o//cgIAoA8sZjMPxDBkwrK/xQxnGlsEFpMQFkFOt7D8+UFYC7c+E271udJwfgEAAIArgyXUFQAAINKYzSYZJkM2m11OpzPU1cEVyDAMWSxhvF5YdLxr/cWWBsneFuraINTca7iGYE3OnnC/Rm+E8z2XPjz4wvl6AwAAAOg7Ap0AAPSDyTAUHWWR3e6Q3WEXzx4xGAxDMpsiZLpCc5QUnyS1NkmtjZLTEeoaYagZppCvx9kb3K/RlUi559KHB0ekXG8AAAAAfUOgEwCAATCbTTKbTbI7HHLYHXLw9BH9YDIMmcwmmU0R+PA1Ot71r61JamtmhOfVwBwlRcVKUeEd4PTH/RpukXrPpQ/3T6RebwAAAOBqZRhGr2e0MQyDQCcAAIPBbHI9QHM6nXI4nXI6nO0PIJ2MvIAP10x5hkyGIcPU/nolTJ8XFe/657BL9lZXwNNhc71ntGfkMkySySyZLK4Apzna9T6Ccb++ulyJ91z6cNeuxOsNAAAAXG1ioqPU3NLa67QEOgEAGESGYchsGBKDBnC1MpklU5wUFRfqmgDd4n6NSEcfBgAAAHAlShgW3+tAZ8KweAKdAHBFs7dKpe9Ln+6RzhyW6k5KjbWSrVXJ5ig545JkT5woW/JMtaXOlW3qMjnNUaGuNQAAAAAAAADgKpQ0MkENjU09BjtjY6KVNDJBhrO3E91GiAPFZSosLlNpeaVq6y559sfHxWhSSrJyczI0JytDo5NGhLCWABBkpw5I+/4sHXxTsvXur18kSZZotWR+Vi3X3iX7hBxJrtEC7im/vF+72vZ+7Wmf/3Zv3ve0vytMWwYAAAAAAAAA4c3aZFNbm01VNbVdBjtjY6KVkjxaUVGWKyfQWVhcplc3bPMJbnZn8YIs3b5qMQFPAFeWCxXSX551BTgHqHXWrWq+4WtyjJxIoBMAAAAAAAAAEHTWJptnu+5igxoam9TS2ibJtSZnwrB4JY1M8KSJ+EBnk7VFf3xlswqLy3z2x8XGaFLqWM97q7VFlVXnfNLEx8Xo3juWa/GCrCGpKwAE1b6XpLef6tsIzp5YomVd8X/UOvsuSQQ6AQAAAAAAAADB4x3o7I2IDnQ2WVv0zHOvqfJ0jWff4gVZWrwgSzOnTQqYPn9fsf6yo0C1FzpGfj583xqCnQAi2zs/kPL/K2jZt8x7UM0rvk2gEwAAAAAAAAAQNFdVoPOHP/uTJ8gZFxujrz1yR8AAp78ma4s2bsnX1g8LPPsIdgKIWG9+S9r/atCLac35nJpveVoSgU4AAAAAAAAAwODra6DTEqR6BN3GLfmeIOeklLH65lfvVXxcjE+aytM1enXDB5Jc09TOyc7Q4gVZio+L0X3rlistNVl/eGWzJOnVDds0c9ok1uwEEFne+cGQBDklKbroTSlmuJpXfHtIygMAAAAAAAAAoDumUFegP2rrLmlT3m5JrpGcD9+3plOQU5IKi8tUWl6p0vJKFRaX6Q+vbNZ3fvQ7T4B08YIsrVw6V1L7KM+8/KFrBAAM1L6XgjpdbSDRH/9J0QffGNIyAQAAAAAAAAAIJCIDnd4BydtXX69JqckB0+VmZ2jGtIkaPapjlGZt3SWfdT1vX73Y83n+vsOqrbsUMC8ACCsXKqS3nwpJ0bFbfyzTxVMhKRsAAAAAAAAAALeIXKPzie/+Uk3WFsXFxugXP3q8V8fU1l3Sr/6wXpVV5yRJo5NG6Cf//JgkV4DTPYXtbauu1+2rFwen4t4ayrRjw9vaXl6thkbXfMOWYQkaN22xVt50o7LHR8KswsV64R9fUPG1D+nfHswOdWWAq8vrT0gH3wxZ8bas29R8208lsUYnAAAAAAAAAGBw9HWNzogb0VlaXqkma4sk19SzvTU6aYSeevIhzZg2UZIr8Jm/77AkaU52hk/+wWYtfllP/+i3euuERRk3rNP9D9yv+x+4X+tuyJDl5Fa98LN/0k9eK1FD0GsCICKdOhDSIKckWQ5vkvlMUUjrAAAAAAAAAAC4ukXCsEEf7ilnJWlmxqQ+H//IfbfoOz/6nSRX8FOS4uNiNCllrCqrzuloeZCnY3SU6O3XC9UwZqW++Y3VSvYJNedq4U13q67gdb1xJk4Jwa0JgEi178+hroHLvpfUsOK77SM63TsZ0QkAAAAAAAAA6J8oc2yf0kdcoNM9mlNyBSj7yj1lbZO12Wdtz7h+5NUv5cUqskqTVy32C3K6WZQ09379zdDUBkCksbcO7mjOpb+RJuyXXvttnw+NO/qumlY8JacpmqlrAQAAAAAAAABDLuICnYNhdNIIjdaI0BQeEyuLJKvVKvVlzKajTiXvrtdbH5epptEmWeKUes1KrbtzmSbHeaezqeaT7dr8fr7KzzbIapMUk6TJc1fr/jtyleQVXC1+8R/1wqFsPfTjtWrb9LK2FJxUXewyfe2f12qyJNnqVOje3yLJEqfkiblaee9a5Y727Tq22kKt//N6FZyyyibJMj5ba+97QItTrsouBgRP6fuSrXVw8lr6inRztvTev/TveFurok7sUGvGTYNTHwAAAAAAAAAA+oAo1FCbmKlZw3Zo71+e18tJj+juOcmy9LRSqqNGW3/xjLbUJCt7xTqtHBMltZzWvry39Kt/q9HffO8uZbTn0bDneT2zqVqTM3O1clmqEiS1nd6nLR++rJ87EvSDOzP8Mq/R1l/+RNWNk5U5d7VWpGcoSZKsxXrh315QsTVBkxet1er0BKmlTkUfbtXL/35J+peHlOvuPWe36lfPXpJlwUrdvSxBajipHe/na/0vfiP9n69pceJgnkDgKvfpnsHJxx3k3Hav9GH/1yaOqtpPoBMAAAAAAAAAEBIRF+j0nm628nSNZk7r+zqdgdReuCRJGj0qyCM9TRm66+/vl/7rde195RkVvmZRUlqmMmfkKDc3U6mj4zpdlJr3X9CWs6la/fUntHK8e2+ucq9N1Qs/eVlv71qtJ5a6RocmLHpEP15gkcU7kzm5Gud4Wr/ala/iz2Uo2yewWqO6MQ/pe1/PVsfAUJuK/+d1FTcma+U3vqnV4ztS5y66UadP1SnVO/8aq6Y9/j2tTfOq21ibvv/8XhUWN2jxDaw2CgyaM4cHnod3kHPbwPKz1JQMvD4AAAAAAAAAAPRDxAU601I6Ap0Hist107J5A86ztu6Sautcgc6ZGYMTOO3WqFzd9c0c3Vr1qfYV7lBhQYny84qVnyfJkqDMFffr7hUZSjBJ0knt3VMjzbhLN473yycuV3Onv6wXiorUsHSxayJckyXgCNG4uDjJUaPq81J2svcnyVq2yjvIKam1QHsPWaXMW70Cq24WpU5M9t01ZZluTPNLNjVNk7VXJ89Wq09T9ALoXt3JgR0/iEFOSTLXnxpwHgAAAAAAAAAA9EfEBTpHJ43QpJSxqqw6p9LyStXWXdLopIGNwtyYl+/ZnpPtP7VrsFgUl5KhZSkZWnarJJtVdVVF2rFxi/Lzfqtnzj+i792XKYsaVFcvqf4N/dM/vhE4q2SrPCt+OhpUtutNvb2jXNX1rvUyvRIGOljj/HdfbFCdpOS0Kb3rICNGdA5lRse3r0Xa3JscAPRWY23/j/WsyXnLgKar9WZqrhuUfAAAAAAAAAAA6KuIC3RK0k3L5ukPr2yWJP3hlc365lfv6XdetXWXlL/PNapp9KgRyh2yQKcfS5yS0hZq3eM5Snn++3qjYKv23pqpxe4I4jV36Xt3zgp8rCmuPdBoU8lrz+j5AqsS0hZrza2TlTAsWRnjR6j6g1/ptx8OTVMABJGttZ8HPi3dvFgqGLwg58DqAwAAAAAAAADAwERkoHNOdobi42LUZG1RaXmlNm7J1+2rF/crr7i4GMXFxsja3KJ71y0f5Jr2R5ymTEySSmyytkpSgpISJV1qlhISepgEtkyFB6zSxLX6+uPLfNJaY/pQhZEJSpJUUnVagUeBAog835Pemy7d/KpUO8jBTgAAAAAAAAAAQiDAao7hrbbukp557jU1WVs8+zbl7damvN39yi8+LkY/+e5jeuobXxia0Zz1+Xrhhb2qs3XxubVYm3fXSaOmKXO0JE1W7pwk6dRWvVlsDZC+TnWe3RZFxUhqbZNPSneevRU9V7nXSCreqi1nO39cd6Gh93kBGFyW6P4f++F90nvF0s3vSsuzQl8fAAAAAAAAAAAGIKJGdJaWV+rXf9jgCXK6R2JK0sYt+Sotq9TD963pcc3Oo+WnNGPaRM/7+LgYxacOzchFW02dakp26CffXa/kGQuVmzVZSe2jLRtOF2rvrhLVOFK1+strldp+TOotj2j1sWe05cVn9KtFN2pxeoKkNtWV7FP+gZPSDV/T926bLClDyz6Tqr3vbtFvfmfV6gWpimo5rX15+3RpWILU2NtaWpT7uftVePJlbf2Pp1XmLrOlTkW7tqq4JlP3/8tDyo2o3gNcIYaNlurP9P/4D++T9IprZKfulbYdHlB1HLFJAzoeAAAAAAAAAID+iphQ1aa83dq4Jd/zflLKWN27brlP4LO0vFLf+dHvlJudoZkZkzQpJVlOOWXIkCQVFpepsPiYausuaeXSubovBFPVWqav1Td/eKNO7t+urXsKtWNDvqztozstCclKXXCXnrhpoVK95501JWvl339Hqe+/pS27Nuvl3TZJFsUlpyr3c09o5YJUT9Lk5V/TE7Ev6Y28fL3xkk2KSdbCO5/QuvPP65m8PlQ0MVePfCNBOza8re0Fb+nl3ZIscUqeuFD3f2stQU4gVJImDyzQKQ1qsNOeOLHnRAAAAAAAAAAABIHhdDqdoa5Ed5qsLXp1wzbl7+t4EL94QZZuX7VYv/rjBlWerpHkO7qzN+ZkZ+hrD98x6PUFgKB65wdS/n8NTl5LX5Fuzpbe6/+andbcB9W47NsyDNcflPi/9rTPf7s373va35W+pgcAAAAAAAAAhLewXqOzydqiZ557zSfI+fB9a/TwfWu0MS/fE+SclDJWP/nuY3r4vjWalDK2x3wXL8jSfXcM/WhOABiwKYsGL68P75Pe2yVNuKXfWbSlzBu8+gAAAAAAAAAA0AdhO6Kz8nSNnnnuNZ/1OL/11Xs0KTVZf9mxX69u+MCz//tPPuSzLmdt3SWVllfqfF29T54zMyZp5rRJQ9cIABhs9lbp6WskW2uoayJZolX7t7vlNEczohMAAAAAAAAAMOTCcqVF/yDnpJSx+trD6zQ6aYQqT9d4gpyS9PD9a3yCnJI0OmmEFidlDWWVAWBomKOl2Z+T9r8a6pqoZeZaOUxRInwIAAAAAAAAAAiFsJu6trbuUqcg5ze/eq9GJ43wfOZ226rrlZudEaqqAkBoLPirUNdAkmTNvivUVQAAAAAAAAAAXMXCLtD5yoZtnYKc8XExarK26Fd/3OD5bE52hm5fvTiUVQWA0Jg4xzWqM4RaMteqbVx2SOsAAAAAAAAAALi6hV2g80BxmSRp9KgRPkHOZ557TZWnayS5AqAP37cmlNUEgNC66UnJEh2asi3Ralz01dCUDQAAAAAAAABAu7ALdLrFx8cGDHLGxcboaw+vU3xcTIhrCAAhNCpNuvWHISm6Yel3ZEtMDUnZAAAAAAAAAAC4WUJdAX+jR41Q7YVLqjxdo2d+/ZrOX6hXbd0lSa4g57e+eo9GJ40IcS0BIAwseEA6d0zK/68hK7Jpzl+pKfvzMoasRAAAAAAAAAAAAgu7EZ33rlvu2S4tr+wU5JyUmhyqqgFA+Pns96V59w5JUdZZ69Sw9FtDUhYAAAAAAAAAAD0xnE6nM9SV8FdYXKZX129T7QVXkHPGtIm6747lBDkBoCvv/CCoIzsbZz+gy0u/JRmusZyGYciQ17bXfu/Xnvb5b/fmfU/7u9LX9AAAAAAAAACA8BaWgU4AQD/se0l6+ynJ1jp4eVqidWnJt2XN/rzrPYFOAAAAAAAAAECYINAJAFeSCxXSX56VDr454KysMz6rywu/IntiakeQkEAnAAAAAAAAACBMEOgEgCvRqQPSvj+7Ap59GeFpiVZTxi1qzPq8bOOyJfkGMgl0AgAAAAAAAADCBYFOALiS2Vul0velT/dIZw5LdSelxlrJ1iqnOUqO2CTZRqSqdcwMtUzIVevkpXKaozoFLwl0AgAAAAAAAADCDYFOALhKnfz0tCdIGSio2SmA6R/MJNAJAAAAAAAAAAghU6grAAAAAAAAAAAAAAB9RaATAAAAAAAAAAAAQMQh0AkAAAAAAAAAAAAg4hDoBAAAAAAAAAAAABBxCHQCAAAAAAAAAAAAiDgEOgEAAAAAAAAAAABEHAKdAAAAAAAAAAAAACIOgU4AAAAAAAAAAAAAEYdAJwAAAAAAAAAAAICIQ6ATAAAAAAAAAAAAQMQh0AkAAAAAAAAAAAAg4hDoBAAAAAAAAAAAABBxCHQCAAAAAAAAAAAAiDgEOgEAAAAAAAAAAABEHAKdAAAAAAAAAAAAACKOJdgFXLhwIdhFAEDYGjVqVKirAAAAAAAAAADAFSnogU4e8gMAAAAAAAAAAAAYbExdCwAAAAAAAAAAACDiEOgEAAAAAAAAAAAAEHEIdAIAAAAAAAAAAACIOAQ6AQAAAAAAAAAAAEQcAp0AAAAAAAAAAAAAIg6BTgAAAAAAAAAAAAARh0AnAAAAAAAAAAAAgIhjCXUFAACDw9pk82zXXWxQQ2OTWlrbJEkx0VFKGBavpJEJoaoeAAAAAAAAAACDikAnAFxB2tpsqqqpVXNLq8/+5pZWNbe0qqGxSSnJoxUVxe0fAAAAAAAAABDZmLoWAK4ggYKc3ppbWlVVUzuENQIAAAAAAAAAIDgIdALAFaLuYkO3QU635pZW1V1sGIIaAQAAAAAAAAAQPAQ6AeAK0dDYFJS0AAAAAAAAAACEIwKdAHCFaGltC0paAAAAAAAAAADCkSXUFQAADA6n0xmUtBg8hiGZTIZMJkOGyZBhSIbhegUAAAAAAAAQGk6n65mp0yk5HU452v/xGDX8EegEACCIDEMyW0wym10BTgAAAAAAAADhxT0gQZJk7niG53A4Zbc7Zbc5CHqGKQKdAAAEgclsyNIe4AQAAAAAAAAQedyzs0VFmWS3O2WzOeSwE/EMJwQ6AQAYRCaTIUsUAU4AAAAAAADgSmI2GzKbza6AZ5tDDgcBz3BAoBMAgEESFW2SxWIKdTUAAAAAAAAABIk74GmzOdTW6gh1da56BDoBABggs9lQVLSpYx5/AAAAAAAAAFc097JVba0O2ZnONmTCPtC5c2+xjn9aparqWp06c14tLa19On7ihLFKnTBGyWNG6vbVi4NUSwDA1coSZVJUFKM4AQAAAAAAgKuNYRiKjjGrrc0hWxujO0MhrAOdv3x+vQ4eLh9QHqfOnNOpM+ckSQcPl+vxL31OoxKHD0b1AABXOaaqBQAAAAAAABAVZZJhiKlsQ8BwOp1hOZ72sSef9Xk/bUqKpqZNUGxsdJ/yOX7yjMpPVqm5uWMk6L8/9WWNJNgJ4ApzoPhEn9KPGh4twzA8/yR1uy3vbUmGukjn9drTPv/t3rzvaX9XBntaWYKcAAAAAAAAALyxbufQC8sRnRu35Hu209Mm6HOfXaJZ09P6nd+52ot6852d2negVJL0i/96U0994wsDricA4OpEkBMAAAAAAACAP/czQ4KdQyfsntLuKTiiTXm7JUnzZ8/QPz3xwICCnJI0dvRI/c0X1uqv71stSao8XaP/eWvHgOsKALj6WKIIcgIAAAAAAAAIzGIxyRLF88OhEnZn+pOjJz3ba2++flDzvmFBtqakjZckFRSVDWreAIArn9lsKIovKQAAAAAAAAC6ERVlktk8uEtpIbCwe1pbdbZWkjR54jilThjj81lpWaWKSzqvQbdxS75qzl/02Xf85Bl9sOtAp7TTp6RKkmrOX5C1uWWwqg0AuApERYfdr00AAAAAAAAAYYhniUMj7NboPFPtCnROm5Lis//kqWo989xrkqTbVl2v21cvliQ98+vXVFpeqU15u/W7Z5+U5AqIutO2ttm06jPzPflMnZIi7dgvSTpbc0Hp7SM8AQDoTlS0SYbBX2EBAAAAAAAA6JlhGIqKNrFeZ5CFXTi5pbVNkjQsPtZnf8PlJs92VFTn+GzCsDg1XLZKkmx2u2d/c0urT7r5s2do8sRxShk/RqMShw9avQEAVy6TyWBdTgAAAAAAAAB9YrGYZDIxeCKYwm5EZ1eyM9N126rrdbH+sqamTfDsv23V9VKedO01U5UwPE6SNG1yitYsX6BLl5u0eEFWp7y++w8PDlm9e6PydI1+9ps3ZBiG/uHLd2lSytg+53Gx/rL+9f+9LKu1Rf/w5TuV7nWOBuqDXQd0vOKMpqZN0GdumDNo+QJApGDxcAAAAAAAAAD9YYkyqbXF3nNC9EvEBDoleaar9TYzY5JmZkzy2RcbG6071y4bqmoNiNMp7Sk4osuNrtGoewtL+hXoDKajx09p34FS2Wx2Ap0Arjoms8HC4QAAAAAAAAD6xWw2ZDIbctidoa7KFSmiAp0Dda72ok5VndeF+gZNm5KiyRPHhbpKOld7UXsLSz2jUfcfPKrPXD9bo5NGhLhmHf7mC2v1N19YG+pqAEBIMGUtAAAAAAAAgIGwWExqtTOqMxgiJtDZcNmq37ywSQnD45SbM10LczMlSRu35GtT3m7dvGye7rnjMwGPbW5p1ctvvq/8fYd99k+bkqK/vm+Nxo8dFfT6d2VPwRFdqG/Q3bfdKEl6fdN27T90VKs+Mz9kdQIAuBiGGM0JAAAAAAAAYEDMZkOG4ZrlE4MrYgKd+w+WqrS8UpLkcDg9gc4P9xRJkt7bsV+LF2Rpot+0rzabXc/8+jWdPFXdKc/yT6v0vZ88r3/950c1JikxyC3orP5So/YUHNGoxATNyc6QJP1lR4F27i3SonmzlJgwrNMxDodTewtLtClvt87VXlRUlEXzZ8/QTcvmdUrrXrdTkv72odv07tY9Kio5IYfDoamTU/TI/WuUMDxeGzbna9feIlmbWzUycbju/9wK5WZPl9H+bH9T3m5t3JKv21cvdq2J6rdvUspYvb5ph87VXpTZbFJOZroeuHOlRo4YHqQzBwBDw8xoTgAAAAAAAACDwGwxydbmCHU1rjgR8wR34dxZnu1rs6Z6ttMnjZckTZ44rlOQU3IFQN1BzpTxY/TFe1bp7770OV0//xpPmt//+R3ZQjBkuOjIcdWcv6jszCkaO3qkxo4eqezMKTpbc0GHSz7tlN7plN7ZukfPv/yu6i5eUtbMycrNztCx46f03B83yGptCVjOpYZG/cdv31BN7UXNu3aGRiYmqOzEaf3q+Q361fPrtbfwiLIz05WRnqpLDY16/qV3VXbiVK/a8PGBUj3/8rtKHpOo+bNnKD4uRoXFZfr9i+/I2tw6oPMDAKHGaE4AAAAAAAAAg4FnjcERMSM64+Ni9Ltnn1TDZatnPUtJ+urDd6i0rFIzMyYFPM49Xe3MaZP0za/e49l/7TVTNWPqRP33a3kq/7RKu/YU68bFs4PbCC9N1hZt331QsTHRWnpdjmf05PXzr9HewhJ9uKdIuTnTFRcb7TnmVFWNtn5YoGHxsXr8kXWaNiVFkmSz2/XCa3na/fEniouN6VSWzWbXLSsW6rZVi2UYrpGk//7rV3X67HmlpSbr+09+USMS4uV0Sn96PU8f7ilSYXGZpk+d2GM7Ll1u0hOP3empy7nai/rZf76hitPVqjp73rMfACKNYUgmE18+AAAAAAAAAAycycT0tcEQMSM63byDnG5dBTnP1V7U2Zo6SdKC3JmdPvcOwpV9enqQatg7x46fUmXVOc2anqa01HGe/VMnpyhr5hSdqDijo+1T9boVlZzQ5UarcrMzNHVyR90tZrNuXjZPw4d1PjeS65zNu3aGJ5g6ImGYJk5wjX6dN3uGRiTES3I91J81PU2Sa9rb3pibM93nPCaNHKHUCWNkbW5V/aXGXuUBAOGIICcAAAAAAACAwcQzx8EXUYHO0rJKHS79VM1+U6Ju3JKvM9W13R47LL5zEDDWa/SjyTR0p6K1tU1/2VEgSVq8IEtmc0fZZrNJixdkSZJ27i32mVL3VNU5SdKokQmeoKVbwvB4RUdHBSwvKipKw+JjPe+9RymNH5vkk9ZsNvepLSMTfdfhNJtNio6KmIHCANAlvnQAAAAAAAAAGEw8cxx8ERORKi2r1DPPvSZJWrN8ge5cu0yS9Mvn1+vg4XLtLSzR9598SFFeQbaxo0dqdNII1dZd0v6DpZo/e4ZPnnsLSzzbUydPGIJWuByvOKMTFWdktzv0y+fXd5nuyNGTOnHyjGcKWe+AKAAguAy+dAAAAAAAAAAYRDxzHHwRE+j0HrF56XKTZ/v4p1WSpOpzF1Tf0KgxSYk+x+VkTtUH+Qf08cGjmrAl19ZPHgAAIABJREFUX7nZGRqZmKDS8kq9sWm7JMliMWvKpPFD0ArJbndo284Dam2zadb0tE4jIt0u1l9WSVmldnx0SFMnp8hsNmnCuNGSpLM1dXI65TOqs+Fyk1pb24aiCQBwVfAfOQ8AAAAAAAAAA8Ezx8EXMYHOz9wwR61tNp2rrdfq5fM9+7/9d/frT6+/p4VzMzsFOSVp1Wfmaf/BUjU0WrUpb7c25e3ulObu227U5InjOu0Phqqz53X0+CkljxmpLz3wWSWOGBYwXf2lRv37r19Vccmnqjp7XpNSk5Uza6r+sqNARUdO6OjxSs2c5lqb1Ga3670d+3W50ao4r+l4AQD9Z/CtAwAAAAAAAMAg4pnj4IuYQKckrfrM/E77xo0dpW9+9Z4ujxk7eqS+9sg6vbbxAx0/ecbns5iYaH3li7cpa+aUQa9rIE6ntG3XAV1utGrJopwug5ySlDhimHJzpmvz+3u1p+CIJqYka+KEsVqxJFcbt+TrZ//5uqZOTtHoUSN0/KRrVCtBTgAYPHznAAAAAAAAADCYeOY4+CIq0Nlf06ak6BtfvkuHj57UxfrLamlt06jEBE1MGaOJE8YOWT2qz9Wp6MgJjUpM0NJFOT2mX7ooR3v2H9GeghItWZSj8clJuvWm65Q8ZqQ2bM5X+adV+rTyrOZdO0Mrl87Vf76wSVZryxC0BAAAAAAAAAAAAAgtw+l0OkNdCW+PPfmsJOm2Vdfr9tWLfT578Y2/qM1m043Xz9bUyRMkSRu35Oto+Smlp43XnWuXDXl9ASBcHCg+0af0o4ZHyzAMzz9J3W7Le1uSoS7SyXcKhu72+W/35n1P+7vS1/Rx8VfF3wIBAAAAAAAAGELWJluoq3BFiZinuB/uKdL23QclSXa7wxPo/HBPkS7WX1ZpeaWWXnetkseMDHj8hYsNOlNTp1NV59Tc0qrxyUmuf2NHKTo6asjaAQAAAAAAAAAAAGDgwi7QGRMTrZaWVjU3t/rsnzxxnGd7YkrHdLMp40brYv1lSQoY5Gyz2fT7P7+jgkPHApY3MnG4li7K6TR6FAAAAAAAAAAAAED4Crupa3/y/15W+adVmjYlRd/5u/t9Pqs+d0EOh0MTxo327GtuadXJymqljB+jhOFxPukrT9fohz/7U6/KHZk4XP/+1JcH3gAACBGmru0eU9cCAAAAAAAACDWmrh1cYfcUN2XcaJV/WqXyT6t05FiFZk1P83w2buyoTuljY6I1M2NSwLyeee41z/aUtPG6aelcZWema1h8rI6fPKPikhPalLdbknSx/rI2bslnZCcAAAAAAAAAAAAQAUyhroC/qVNSPNtvvrOz3/m8/Ob7arK2SJJuW3W9/vmJv9KiubM0LD7WVc7kCbp99WL98B//2nPMprzdOnb8dL/LBAAAAAAAAAAAADA0wi7QuWRhtmZnTZMknag4o9+8sEmnz5zvUx7n6+r1/s5CSdLsrGndjtKcMG60/u5Ln/O831NwpB+1BgAAAAAAAAAAADCUwm7qWkl6/JF1euzJZyVJHx88qo8PHtXkieM0bUqKZ0Smv2lTUpQ1c4ok6Ux1nWd/bk5Gj+Vde81UTUpNVuXpGp06c24QWgAAAAAAAAAAAAAgmMIy0ClJv3v2SW3cku9ZQ/PkqWqdPFXdZfrRSSP0k39+TJJUdbZjBOjMaYHX7/Q3c9qk9kBn30aPAgAAAAAAAAAAABh6YRvolKTbVy/WuLGj9MnRk6o6W6sz1bVqaW0LmHbx/CzP9urlC5T/8SeaMmmcxiQl9qqsrJmTVVh8zCcfAAAAAAAAAAAA9I/d4ZDNZpfdbpfd7pDD6ZTT6ZQkGYYhk2HIbDbJbDbLYjHLbAq7FRcR5gynu0cBACLageITfUo/ani0DMPw/JPU7ba8tyUZ6iKd12tP+/y3e/O+p/1d6Wv6uPiw/lsgAAAAAAAAIGy1trWptdUmm93ep+MsZrOioy2KjooKUs1Cz9pkC3UVrig8xQUAAAAAAAAAAMCAtdlsam5uld3h6NfxNrtdNqtdLS1tio2NVpSFMBa6Rw8BAAAAAAAAAADAgDQ1t6i1i+UH+8rucKixqVnR0VGKj40ZlDxxZSLQCQAAAAAAAAAAgH5xOJ1qamru8zS1vdHa2iaH3aH4+FiZ+rg0Fa4OrOoKAAAAAAAAAACAPnM4nWpstAYlyOlms9vV2GiVw+kMWhmIXAQ6AQAAAAAAAAAA0GdNTc39Xo+zL+wOh5qamoNeDiIPgU4AAAAAAAAAAAD0SVNzS1BHcvqz2e1qam4ZsvIQGQh0AgAAAAAAAAAAoNfabDa1trYNebmtrW1qs9mGvFyEL0uoKwAAAAD4qld54Qmdb383ZuocTUsMaYUAAAAAAICX5ubWkJYdNZzwFlzoCQAARJQiPfdkngp6TJeodd9+VLcmD0GVulP0uh77Y4VrO3mOfvjtlZoQ2hoFge81mfvXT+orOQPMsu6I3n7rI20rq1N9oyRZtOTLT+iLMwaYb8SoUN6LW73O6ZyBn1MAAAAAADAoWtvahmRdzq7YHQ61trUpOioqZHVA+CDQCQAAEE7ObtXTzx5Qhc9/L9jUdKUtQVGzVU/99IDOSJLS9JVn79bcEFcJAAAAAAD0rLU19FPHtrbaCHRCEoFOAAAiWIzmrl2iuSMDf5bGVJ8RqEV73vEKciYkaW5OmnKmjtaEtJBWbIjl6CvPMoQTAAAAAIBwY3c4ZLPbQ10N2ex22R0OmU2mUFcFIWZx/mK4DElOyffVKRmG69WH/3vv/Z4DvHLyvPdK5pe/O3XP+ft/HqA8T7kdH/u3q8v8O+kh/857O5fXm3Z5l9fpvPmdvwD5+5fbc7vc+wO1q5vr1ef8/XXOvzft6l/+3h2gD9crYD/rqlzv/Ht5vfqUv1+Fe3O9uvu5ClRud/3P6CL/zrUYmvtFoGYM1s9zNwxzlBQ7TEbiWBljJsqUMkPmKdkyT18gI3lKt8cCwRertKw5WhTq6WkxiCpUcty9HaNVDz+suyeHsj4AAAAAAAAdbLYBBjkd1dr6h03ariw9/vD1Sh5AnNJms8scTaDzamcx2p/xux/1G+0BAtd+Q4bhF4Awugh8GO7X9s+chndGHl3lb/Q6f7/Ahyd//3J9izecfu3xD6y4D1fn/F2pu8jfu9re5bX/f6d2+QfeDJ/ayOl/3rwTdMo/wPn0y99Tbf8AmOFXnv8JC9gur/bIv11ezVOA6+Q+yi//Tu1yv3efP//+J7/r1WX+/h0gUP7d9A+/cjvy76L/+Zfbx/zdOuffh+vlXZ7/9epUrl958su/U7sCns6hv1+oj/eLTv2+i/tFN5z2NqnxopyNF6WqY7If2qa29s9MKdNlzr1ZloW3yzx1To95AaFRo7d/+ietr3G9m/vgo1pyeqNeyq/R+RZJMYmae/tn9ZXrUtR2/oBeenG79lTa1GayaMyMbD364EpNi2vPyn+9zcdGa9tLH2nnyUa1OaT4SWm69Y7PalX6sN5VzVGvir279NL2Y6qosalNUtSwYUqbnasHVi1SWoIktWjP87/U7w+7DklcdreeucN3aOOZ936vpzbXS5LiF35WP793liSpvmynXnprv4oq2/NOSNKi227VA/OS5T+xSV/S9loP5ysqKUW3PnC7bk0fpsBrr7Yo7xfPKs99vHt9016dt87nRrNX6edLa/T7l4pVVGeTUufrX7+RpNc95SZq3TdWKX7rVq0/XKcmmxSVmKzl93xed2cOU33ZVv33q+3HWixKm3ujvnL3HI3x+u+JtvoT2vPhR9pWUKMz9d51u06P3jFHYyzym7LWrULPPfmsp56/e0he56PzerNt54uU987H2lZSp/oWSSaLElNTtHzljVqV433Ninzz+dbnNWbX21q/393/hyln+Wo9enO64vt2dQEAAAAAuCrZBzKa01Gt/D+9o82n7JIO6Zd/sujxLyzod7DTVRemr73amf/vLdH/V1LvR7y5j+zlCDP5pA+wu08jtQIEvPwDez2U2+WIt4DpDd8Dehj51VX+PgGXntrjNyK1x/YEyL/r8xjgvPkX1N15NDrVsocRl/3vH6Hsf/7ldujhegUsoOd2dZ0+ULt6d716N0K2//n3b4RsL65XpwvdQ7u6Td9Fed3dL/rI2VAnx7F9sn3wouyHd8iwWGRKyxqczPvhbM3FPqWPizbLMAzPP0ndbst7W67Qc8B0Xq897fPf7s37nvZ3pa/po6LC9a/BavRxXnl7kChWmUvmaka3ccVGHdt1SCWNrnf15Ye18+glNbm/k9pbdOaTYzptuqi8Fz5SUb1DDklyOtR0/qx2nnDoxoVpipWkmk+06UB70MxiVXn+ER2saZOj/Weq7VK9PtlbpNMpWVowLrq9ul7HDBuv5UumKkGSHFV6+xcv6Le7z+tCY3uZkhxtbbpQWaEdO0tlzsnVjOEWTYw7r60FdWqT1FLTpvTPzNQ4z+Ws0OZXClRulaRhWn7vLcoaIZ3Z+gc99XKZTl/yyrvVqoqiQ9pWnaAbZ4/zfA3uS9qer4k0Yc5iLRjn13bHBRXsOKaSuo7z5bA2qGTvMZlz52rGMN88OnGfu16fN9f+y8cLtK2sfXFP53l9sv2kjjW1HxWXrBuXDFOJp1y7Kg4Vq6DSqrb2JI6WRpUfOKYWo1z//UqpTlvdHzhUf/qEdjeM1S1ZoyVJbYf/V0/8x24VfNqg+hb/up3Q1iNWLVg0VQlNJ7Rt11ld7qqt46fp9tnqsp83Ff2vvvvr/Tp41qoWdz92OtRyqV4lBw5pZ22CluS4r5n3ebXrTFGBdpc3evX/NtWUHdFBU4aWT+tlgB4AAAAAgKtYc0urnF0GBrrTpKI31uvVY62ePbaLZ1R4friuyxrT73BlTHTkBTpt7gcvGBQdT3ENSYbnsXXHq2e/4Xk15H4wrvZ3Ha9q39++Kd/8/Yv3zt9drnf+hnz/552/1/v2/Ds/wzY87fIprz1/dcrfv1zv/L3a5VdExw7v/P3aZRieV+/8PeexU7vkefUp0PD+53ed/K6XT3u6PG9+7fLL3+c8+veHTvl37h8Br5d3GT7t6ug4nfqf//Xy7n9e/dA7/y77n//18q6r9/UyvMryu16d2+V7unzOW8B29aL/BTpv7vf+10u+1yvQz1Wn/uf989ub/L315n7hfe56c7/wPnc93i8C5e9/NgNdpwDXa5DYj+5V83/+nZr+ablsH60f3MyBLtVr/U+f1WNPBvj3060Bg2ZNjS0aMyNH69akK80T12lRweYiVcQladGaOVrlHTk9UaKdNYGKrleFNUbT5s3R3WvSNS3BK69X31FBS/c1L9+0Uesr29+YAuRjq9P6X29UiUNS5hwtSWrfbz2hgqNeGR09oJ117duTsrUqVdLJPP3iHVdgtCPvWcppHxHYdHC7Xnfn0Ze0A2FtUb1jmDIXz9G65cleoyDrlbf9mKQ0rXpwpR59cJameQ6K0dy1K/Xogyv16B2zNKav581fTb1n7c+oYTFKjPNfqt2mpsYYpc3zq6OjXnmbK9Q0Jlmr1szRokkxniOa9h5QgTvPWbO0KE5SzDBNy0nX8jVLdPfyFE1wF3P6gNYflpQ4S3c/uFKPrk1TxzKySVr+YHtbb+xmMVLrx/r9CydU7y4zOUWr7likVZmJnv8gqt+fp194OoVv++obpDEzZmndmhxljun45Mz2j1TSdakAAAAAAKCdo19BTqlmx3q98Elrp/3WT7brNzuqh7QuuLJYfEdQOdvfer2275f7pasRVE65IgdOZ/s0r07XNJjdrtHpbB+h5V9eAF7levKXX3nekRGnpC7yd7/vKv8OgfJ3lxsofYDy3Jn3asRf4HbJv12evV21y9kpfaci/c+jd7u82xMg/47X3o3oDHy9AlfKddm66H+d0vtvB75e8m+XU922q9P16mLb0x6/ft8xHapf/k6nX7/vYUSnM3D+7vPX6dR0yr+H/tDp59nvOhmdf3590/v1DyPA9er25zlAu/p0v+ih/3nyd+/y7X/B+hXoqDyi5l/9rSz5/6vo+56SKSUjSCUB/ZR5o7732HzFS1qV+LK++mpV+wfDtOpL7vUgp0s/fF159ZJUr4pqSZ3WAbVo7gMP6yu5rqDoqiUH9NyPtqrAKslaoZ0HWzR3YYz/QS6OIuXtbPTks+RLj+uLma53q1Ye0X8/9Y52WiU1HlNeYYsy56Vp1dIk5W2ok2TTzvyP9UDmfEVJKio8oab2nHKWLlCipILtRTrvruNDj+krOTHteae3592inR8f0RdnzOpT2oEZplWP/61nvc0lI/6gb25wBeOaKqt0XtM1LXeOpsmsghePtB/jtwZrn89b5/Oftux2/f1t05XoCbQW+Xw+Ztnt+l771MCZ9l/qJzvaI9amFH3x6/drSZykZYlq+qftriMd9TpzXq7+YZqlu7+VogcSE73+CnORlid39LPy4xVSTppyclOkmlq9/VaFXGNehyszd47m9nAWz+w8oCJ3EHfSIv3r15e4gqXLlmjVjo5zWr79Y1UsWSX/kOmYZXfrX9vbd+vCeD39wz2qkCRrjcrPyyf4CQAAAAAAOuvPaE5ryVv65baGLj8/ve0dvZB8rx7K7NvCMv0bWYorjcV3+JY61hJsDyV0XnPPN/1gr9FpGAECK97luctxGr7leRL4tce/Xe7yFLhdgdZgdIVhDE+53vl7Xn3a5d5tdLmWoCdg6S5PXbTLb41OdZG/z3k0jE7pPcX6Xy/vRSADpO9qDdBO18sv8NvpOsm/XQrcLqf3W7/+5x148+9/7uyMjuvkSu7Xri7y97RHvvn7R8MGa43OTmvTeg7wLdfTHsOv/3WR3rc63vn79UP/6xTg56rT9fIuzy9//3b1uv8F/X5hBL5e/umDwFaYJ/uhbYr+4o8VtfwLwSsIV7kYzV27RHNHBvgoLlmBYjY5s3M8axFGeY/oi0tRzmT3m1jFdxGj7EifruW5XiM/4+Zo1YKdKmgPjJWfrJAWTg98bE2NZ2Sh4tK1KNPrM9MsLZqdp50f2SRJFaeqpXlpSlyUo5xN211BriPHVNAyX4v0sbZ9bGvPZ7qW58ZIqlLFaXdmNhX9z+/0zTc7sm9yjzStrNIZJfYh7SzX+pj9lThVcyd7vR01XFL7qMM2m2ft327147z5GDNHj94x3WsUpb8YzZ3TcUx8fKyk9pMweZJy3Gu1xsR0OZ1MvKlee97bpYLSCpXXtV8bW8fw3vr6+m6b2JOK0x3HT5uf49OWxNzpmrZhj8olqa5WFS1Smk8/9m2fEhM1RlKF+z2zxgAAAAAAMOhsZ3fqN6+flrXbVK0qen29Nj92r9aMNw9RzXCl6HjC6fPAv/uRfB3pvUZidTEiK3D+XuUEyL+jXP/DvEdkdTNir8tyezcCstMIxPbAYRdN6PzeU/GuRsj6taeLEXsBy+hpRJ3kNSLSf8RbgHb5jEAM0B6fcnsYcek51jf/LkeMdrXttbPTiEh34m76n2fEXl/zD5P+5xe67dSurvP339/DCO2A+XczYrSX+fuMuAzQrkG9X7T3y8DpA7SrU8WCy2lvU8vz35Kj8ohiHvrx0BSKq4zfiL9eiIrrIoKZMKybAFjv0nsHxpqszV0fe66ufRRl4HwSRw6T2sf5eQJjMfO1JGe7ig5KclRp2756zY075hndN+a6OcoxSf+fvbePj6o88/8/ZzJ5BqMhRhJkNCCYFEdCQEIxSlMkVbBIdbNVtkof6G7d7df2V9tv6z7w6kt3S/vd9bur3926W3GtD7V1s7Wohdq4NEXjQzREMCLRCJFBiMQYjZhgSMj5/THn4X46MxPIA9HPuy86M2fuua77uu/73J7MNZ9zAe/GFYYOg0cGEJxaG0nbkyQzDSP7TaKBExk3kRmFSZK1WcjJDnjrtLyk62Nw9yO45ef+bWVHny50C3eyyctTejRV7GMfenuhKJETxEcIIYQQQgghhJCUsCwrdSVl93P417t342Aq3xUMH8G2ux9G+l+sxfIUv+uyRrs+GZmU+IlORzHlJh5URacrnLLEHAkgJMmc5IiooHLNGewjiX1ZCSdguUksX7EnK9KkxoKCTY0ryL4cl69sU5R8bhSSok7wpykF5bj8XJOsZPMVkCb7wjhqyjbzuGnnuaKc0xVvymAoilRpvoz25bgkhaU4joA8X25cUObLUsbPtP6EjvsKXJN99w2TfXNcnmBQnS8vmWpYf157SzFgmC/NPgLs6+eVtj4kxWsK6080kMr60/qpK2HVuEa0XwjmU9ovxHjU88RzF7D+jPvF2DH45H/Cfv8wsm66Z3wcEjIeHOlDLyAlzvr7/eRmTnZW8GfPzEcBYvGkncFO7/t93nMxmVWxeA5ydrWjH8De5mdQB/e2u/movsRV6k1DUQEQN56LVd/7BtZMD+rIoRG0PQU4wXEbH3rR2OAnOSOXrsaNl89BQSaAl+rw9QdjCT+dGoUoOAuAUzM2nswV4jzSKySqczHuQ0AIIYQQQgghhHwCCFkWjqf4xWpPW0dqSU6X4SNoff09LC88I+W+EBKWE3dJau7Z0BIJHkKiJbhGp9m+p2xLal9+37UfqLALrAFqcJKqIkxQhrndlcZP9ecaTxSX6M+gsBOyXyNUIAbF5R43xZVgvsR4UrIvP01UIzFRXEnnS8yOmWo+CrfyjS+LBIplwzoLfO76S7VGp2ffTtG+YM6GfF6Z5itRjc6guBKtP7VGpy0nJIP3iyD7yntJa3SmqiwPsK88NStX5fNrLBl6cQuO/uN1yP7eL8fFHyFjztEONLzUh1L39rXD7Wjc4d+idPY5anVEgcJCREJA93DcTlMbUOrehnW4HU2tQ76dWYKd0nJU5bejvgfAgT1ocI/Pi6LaS2oVIzIDTvKyD01NMay5Su5L74EYMDOCvBG1PQU40XEbFwbQ7+VZM1Fa7iQ50YemXYfMH8nOFFSuvejsgqEWrExkRh7QGk9n7m1uRW9VlTc3vbva47etBYDCQsxOdvtlQgghhBBCCCGEjJi0tBCOD6eWvcxfUoO/OP0wgqtzquTgnNLUkpxuXwgJyzUloSilTDU6TYk3USnlJkVkpZhLspp7ye37SizJH1S/snu1RqKfEHX9Oh+Hbj/eOsC+2G3Rn/P/Wlxq4s2SeiPUlLT0Bpp9w3gG1Og0KQElf+qAGeNKUvPRaF+JL6BGp6ZEdcdPXX9Q5ivQvroATPYTrA/Fr28/YP2NsEanat9Ftz+C+RL9qfOl+VX8QbGvxWUczvHfLzDC/UJb9wH7xThx/OUGfHTn16jsJKPIR4jt3ommg6b3MhH5VBmKxizZM4SWh+7Fj/eUoeLMXrQ804G9bqIrVIzK+Qkch6KoqXoGLU/1ARhC4z3/is4FBjv5UdTMEz8YQc0l+ah/tEc4FkbV0kVSzciKZVEU7GpFN4Dup+rw3f0RVJQVIe+DTrTujmFvby5qvvMN1M4YWdsJ54THbTzIQ8GZcNSWA6i/914MXhxB/549aNo/ZP7I1Ahm5zdhbw8A9GLzPY8g/fJZyMstRsVc80eKqsoRrXdqtR5owi0/OYDqT88EXmtDQ5uv54xWLzm5mqqEEEIIIYQQQggxkpaWBgwG/K2vEi7AeRcUjG1fyCcerUannE5KplCMtxztGp2+ffmjRkWWmthL6DeB4k1or/lTlW0JfMiJFXMNTel+qgkVqYYYlDilxKxSQ1PvmzxuXo1OMa4gX3HDRiWftHjcBxtaXLoCMVlcY73+1ERpYgVrQkVgqusvgX0pNECLy6hATBjXidXoTMV+yvuFs25Sni/RoMFpKgpZbfxUBWyi/WIcGHpxCwbu/2vW7CSjxABafrsNLcb38rDm+2VYNYL6nSMiLw+RoV7s3bHTV9EBADJRccNqVCZJsM7+/Gqs6fglNh8AMDyg2wnnY83XajBb+WFeXmUU0ce3e7U5kV+G6lK5Dc6pwU0rD+K2rT0YBNC7P4aG/eKtU/vQ1NyB2hklI2t7CnCi4zb2ZKJyZTnq9+xEbBjAkR40PBFPSM8uycfejh7DZyJYdXkxGh46hEEA6O5A3YMdwPwa3B2Q6ET2Iqy/IYYN98dvkzvYdQj1j8qK0byFNVi/OHcUYyOEEEIIIYQQQohLOHzqJBdPpb6QicP/GswCYLm1/IRH77jlPVqwYFnx95x3vEdYer1I377qXrTv+hXtW5D/J9oXXjv29dsxW15ckj/HPjT7ql/RvhCX4sI/INpX4rIs71G0742jFhe8R8mhJf5T5kmZLymewHFT4lLsS+OorgfNvr4+jPMl+pDi8heOtv7U+RLXn7AORfuB60+dL7Gv4nxZgi9lvvS45OGSxs0YVwrrzzRu7mt1viDPl+m80tafeP6mYl8klf1CHLtU9gtx7JLuFyb76mia5skwXxPA4JP/icGGByauA4SMBpklWP+9lagpyUW6czWRnl+MNTdejxujKSSZQsVY9e1vYePaMswuDHuKzPTcXMxeWoW/+9uvYJWpXmZmGSpm+S8jlyyC6SatRcu/gjtuWY7qklzkuD/rCoWRN7MYNWuvw8bPl5xQ2wnnRMdtPJi+HDf/ZSUqZjr9CudidvVK3LRsSuBHchZeh403Cp9JgZzo1finDatROz8feW5CPRRG3swI1nz5emxcGxVuiUsIIYQQQgghhJDRJC0UQvgUUFKG09KQFuKtawlg2Xfk+kIuqAotQXzoEqS4sgFPyihaUG/NKdiVbikZ5M/o12TfrAwz2Td13xyXyb6iuFSViKo/0X5QXKK/VOLSe3NSNTq1uJRmqv2U58toP7HicmT2VZLMV4pxBdtXj7sLLHi+jOtPWZcnY9+4/lK2rwauzJNJyawMlCmuhP4kO2O9X6gdSrD+JgArLR3ZP2pAqPi8UbO585WOEbU/Y0qG9EMFAAmfQ3wOIcWtthMekx1Tn6fyOtnxIEbaPjsnnLzRJ43WOnz9547asbAct34Lly5gAAAgAElEQVR/+fjfHrS3Ebfd2oQYAISKsf7vr0uqHiWEEEIIIYQQQggho8exwUH0Hx2Y0D7kZGciIz3Vn02fWhztT/HWvyQlQqqCSvn62lcbOkdVBZWnzRIUgpI0y30t2Xe/Lzcp6fwvzTWFoOvHEvro2ReMK+6luFx/AXFBistvK/oV7XuxQfEnxGUliEtSK5rigiEuxb46jrqyMmC+JPuWZN84X8Ic6+vDFJeylqS4YI5LekuZJ3W+xHjU+YIQn2meDOMG6PY1jaBhfXgDJPqTxk3xp86X+D/JrzLmBvvG9afMlzhC0ny58ZjmSzuflTkzrT+D/YTrzzRuo7pfuOOmzJe4xicQ+/ggjv3q1ontBCGTkNjTr8C9sWzOonImOQkhhBBCCCGEEELGmYz09AlVU6aFQpM2yUlGH38l2pDkbLb7aAOwhdfu/2y/3p8tfsa2zSouyb7gR7PvHred4+L/nLaKXwBA+hTg9NmwIlXAGbOBjCkpxyV5UO27fbMD1GNqXLZ43ByXbSvxGOMy2ExkX+uzLfsLigu2bl/8J/nVPxufJmFNmNqIj6Jdk18lcGl9iPOVYP2582SP1P7JrD+jffV48vXnxmUjOK5g++pxU1yQ5ykwLm/KR2xfWn9KXKO+X7hjJZ1XCebLTmR//Bl6qR5Dz2+e6G4QMnkY3oOG5/ucF7moqiqb0O4QQgghhBBCCCGEfFLJysr4RPompx7+fflcVZVza0cLzqPlPMYf4o9eewC2rMGzHSWVditLxT6S2PeUaWoywnnDti3HvoVQ9Y+ARd+UQwFgN/8b7D/cEhBXkH05Li8eRwim3TrTaw8hAP/R8vzKcXlJFkmC58QVaF8YR9W+pZhTxtHDVvyJ8yX6c53ZSjzifBnty3H59pVxhD+eUlzuO7biz21mWn9Cxz1/RvvuGyb75rgsz5Acl7fe1bik9pZiwDBfmn0E2NfPK219CHGltP5EA6msP62fon1zXCPaLwTzKe0XYjzqeeK5C1h/4nxNMMceuwPhJWsmuhuETAp6n30ejUedFzMvQM2MCe0OIYQQQgghhBBCyCeW9HAYGRnpOHZscFz9ZmSkIz3MklPExxq+I9eWEhuAllCRCEoMqIkWJWElNVPsSwmOhPbV9y1Yq++Ddf4X4i87m2Hvq4c1qwYoWhT/WNtvYD+6Tk98mexrGOLx4tK7ZUyEphKX6E8bN2X8DPaNiaKU/JriSjBfI7avottPJa4Tsy/EY41gvozrLMivaD/F+RqRfaXDqcxXovPK5DfR+rMC7Ou9GJ/9whTGaJ3PE0zWN/4fwhfXnrQd1uhMDGt0EkIIIYQQQgghhBAyunzYdxRDx4+Pi69wWhqm5GaPi6+xhDU6R5eQV0PQfXTe0Gvuxb/UVmviOUcxGjX3ktt3Ht3j537WS3La2/43hh/8LOxnfozhBz4Le9v/jvsp/QKsks+6X8cL9tW4LO+L/KAanXJcQjxqXN54mmojuo9KPK4fddxE45p91a9uXxpHdTxFf5rfBPZhistkX22t29fikt4yzJM6X4H2hXjU+YIal+LP4Nccl2hf8TtC+9p6MK77JPOldEdbf+p8JVt/QfaD1p8pLu98G4X9QjgXU7KvrXvRvnm+JorBPzww0V0ghBBCCCGEEEIIIYSQEZOTkzUu9TrTQiHk5GSNuR8y+dBqdNrCS5hq4jn/P5Y1OsWae/Cq7ek196yL/zr+qV+thL3j3yX79o5/h/2rlQAAq+qvZX+KX6mqn+RX6FtQXP5gwW3mPSq1BL341FqWNqS4VJvac+GfN1/iXIi1CsV4tDaqccG2sQ9Jaj6K85XK+jDFJb011uvPnScY4xLXh2n9SeMXYF8+nrxGp7b+DH5Tj+vEanSmYl9bf4a4PH8jmS/RYCr7hWTfsF8Y1n3CuCaI46+/gOP7dk50NwghhBBCCCGEEEIIIWREhCwLubnZCKeljZmPcFoacnOzHeUeITJ+olNQSnnqJ4gKKl9d5ivqFJUdICjDfFGYb191Lyu0JG2bq9KS9W6+/YypQPFi4MO3gQONvspMwI49E3+/eDGQMcX356q8NPuqX6FvYlxyCMIB0b4Sl6AuE+1L6lL3s45dS7MvvNbs6/MlxaPZD4hLse+9Y7APzb6+PmDyK/qQ4vIXjrb+1PkS15+wDkX7getPnS9FKaitD8N86XHJwyWNmzGuFNafadzc1+p8QZ4v03mlrT/x/E3Fvkgq+4U4dqnsF+LYJd0vTPbV0TTNk2G+ThGGXnhsortACCGEEEIIIYQQQgghIyZkWZiSm42MjPRRt52RkY4pTHKSBIRhI55QEFRPlvioqgyl9gI24pkD24btNLBtC4lrdNpO7T3Vn4+19BZYpbVA/hzg8EvAG7+D/eyPYZ1VHm/Q0y4otoSFbgOwbNg9b8CaMh2YXg7EGmFdfAus866Iv+5ug73/KQw/+d2AuJR4xEdje0M8bmeC1GOqP8++7w9qXN5Redwkf0b7wiEbwXGJ8Rjs+4/Q5kt2YrKvzJPSqfi0Baw/rb363DxfUOOykTAubb4CnnvxKOsetuW1kOw7qkZ/3RtFi8Jzs313/LSh0ewnWQ/a+azMk6Wfv4H7heA32frz7RjiGtF+kWT9efbdQ/L6O4UEnQCA4y89CVy7YaK7QQghhBBCCCGEEEIIISdETlYm0sNp+OijYzg+PHxSttJCIWRlZSA9HB6l3pGPK2FZvgVYTsLDclIJluUmipxHpb2XsLHcR/cNX8UmYtniYd++ZSv+AFh/uhWYWeV/+KwFsM5aAOusCzH82JdhDR0FCspkKZibvXDdF5QCQ0eBgy/AuvqXsOas8u0VlMIqKEVo6gzYj6z1uu0lVpx44mkY59GLS/YDKS4vAi8uuHGeeylCV/0HMLUIRgaPwn5nD4afvRP2q5u9DqVd/yiskmWw32nD8Z8uievZLrwW4ZX/BNjHMfzkBgzvuD/uz7K0cQCA0CX/H0Kf+d9A/3sYeuQbwL6n4vG4E6i0N86XY1+bLyXx64+jMn6WME9ips9S/LnjJ64/MfGmrj/XnOXPU7y5EleAfS8eKOtcyYaZ1ocwQEKSUz7snVeWPG6WmkhU/HrxWMr6C2gvd0e0L69DbZ7U+bIM8yX6U+yrcZnWH6RxG/39wtRPf9wUf2r7U4DhQ+2wu96EVXjuRHeFEEIIIYQQQgghhBBCToj0cBjpU8I4NjiIY8eGMHT8+Ig+H05LQ0ZGGBnpo68OJR9PtBqd7gtXCabX+vPrMZ58jURzDUbABj79g3iS89ALsB+/AcP/NBX24+viHzvvSliV34G9/49ATgGsxd822rcWfxvIKYD95h9hLbnZS3Laj67D8R+fBvu/roH91nOw5q6CVfUD+DUS5XhckZpRPab6tcXjphqJwgc+OAj78G7/3zttgD0Mq7gCaVfegdDCr8o2Vb8uWXmwLrxW6bPt+bNtG8ifDSv6J0A4S47LpF4U/0n+bO2zao1O29RGfBTtmvwqQUrrQ6xpmWD9eWUYR2pfnScvHiUuxW+wffW4+bySfDj2bQTHFWxfPW6KC0hWo1OanhOwL60/Ja5R3y/csbLF9ZdgvuxE9iee4+0vTnQXCCGEEEIIIYQQQggh5KTJSI/fcnbqlBxkZ2UiIz2MtFDIKfMXx7IspIVCyEgPIzsrE1On5MRvgcskJxkBvubXVUUqyjZfQQVfEOa1h6/Ecm8HKSqoXHMG+0hi38o7J25vx78Br22O6wFf+0283ubCvwLy5wLP/yMw+wpYy24Fjh0Bdt7j+bPKvwbrM7fGbTz3T7AW3Rh/3vxvsNs2w7Is2B3/AysUBv7k00D+3LgPJS5f2aYo+dwoJEWdoJjTlIJOv7wClYC99w8Y/u3/kmekoBShq++BddY8WAu/DLT+F3DsQ2XaxIlwjhTNR6jyGxhu+o/4a3ccHMehi74Cq2CONxXuZqIr3hQ/qiJVnC/Bvoc336p9ZRzhj6fXKfEdVSnoNjOtP6HjvgLXZN99w2TfHJcnGFTi8uZQjUtqbykGRCVikH0E2NfPK239SYrXoPUnthcMWIo/mOyr/dSVsGpcI9ovBPMp7RdiPIqy1SVw/YnzdQpx/M1XEL64dqK7QQghhBBCCCGEEEIIIaNCWiiEtIwQACYvydgQcgWGJqWUpgCzDf9ExRYgK6gcm556KsA+TPazC+It33pGsG/D7mqN9zzrdNiHmmE/8yMAgLXin2Hd+DpC125B6C9fh1Xzz/HPN24EDr0IZEyNvz7YLPkZ7myJ28ucYohLiMegDLO9cYMcl/gZQItNaK2MJ2C/swf2678Djh+DNaUQ1oxFuvLMpO7LyIE1/4uwM3K1eUHB+bDOvxxIS3f8wlfYaXElmC+3j+q8B60HVxVp25J9ac35IWnjJq2/APvS2jDNl+tEnKeAuKDa1Ozr8+XZEsbRny+TfYzAvu2dG9p5pc6X0gfj+jP5VeMRx1GzL6z3wPM5kX0lTrXPKa4/qHZOaP0J83UKMXzo9YnuAiGEEEIIIYQQQgghhBAyaQi5AkPv0XnDr4kXV//F3xZeO/+co4DTJt4g/lmIrxPYh8n+e2/E2837M8G+BetC5/a17+2LK7Ke/TGGf3EZ8NZzwPAQELkk/vjWcxj+xWWwn90Yd+rau/DPnL7H/YSi8dqc6Nkbj0eKy+mbZYpLiEeNyxtPQ1zwbXhxeX6d9z7siseQngPknimo/OD5lpSU/e8C/e/COmse0i6+yfHj/M+yEKpcD+uMc2H37AOO9clx+T2X58sYlxCPFpdhPVhqa90+JPvqW4b15/lNZl9WKmrrz+jX8Wfwa45LtK/4HaF9y2jfX/cpzZfSHW39qfMVtP6McSnxJDifx2y/EM7FlOy7r9X5soLna6Kxu9+a6C4QQgghhBBCCCGEEEIIIZMGrUanIN6CqgxzVVG+Yso/ZlSYifhCRulgoP03tgAArMrvAGsegjWzCtYXtwIzPh1vufPu+GfC2cDwEOzG22Bv/XPYv1oZf2y8DTh+LP6+DaDdsVdyGULXbQFmVsH6wi9gLflO3F77bwXlnKIASxSXP1hwm3mPJsWbNLowK8wKS4FwFjDwIdD7lkHRqYzl0DEMv14PWGmwSq+ElT/bU7ah5BJYpauAoQHYbb+TFYhq51XbtnJcnWsnLlHBB9dvKutDtW/LL8d+/QkKRUNcoiJSUwQqcxlkXz4ebN+bL3X9GfymHleS+ToJ++7xpPuFPcL5Eg2msl9I9oX1p4616C9RXBOM3fvORHeBEEIIIYQQQgghhBBCCJk0aDU69Zp7zmP84SRrdEJJLoj2Xb8ObzXCfuBiWH+6FdZ5VwLnXRk//uHbsB+7Htbp58L6/L3AmRcEBufZOvwy7Kdvw/A9lQhddR8QqUJo7db4ex/1Yvg/q4CuVkcJJvfTr9EpxCWGIbUX4lHj8gRrlvchy3vtvDqtGFblXyF0wZ8AlgX77ZdhH3hOF50ZRGj2a1tgz1wMq2AOrIu+AuuJvwUApJVfB2vqWbA7nob9dqv/8aC4JNvuBLoTr6wH+MI/vyNyH2249hV/xvaWt3D8cZPXxejU6IQ+XwiYL6m9H7Ael+BPsO8Z0OJS4hGGXOynXqNTiU9q789X0HllaeMgKzgT2tf6mWS/EP2lsl/obyfYL4Lsy93Ua3Qa5utU4qO+ie4BIYQQQgghhBBCCCGEEDJpCMuJH9t5KTyKKi9XBSVlquC/5yRabKeBbQuJMrEZ3LyP7SQ4VH8Oh1+G/dBlsKYvBE6LAD1tsPfWA9POR2jlz4CsM2C/2QB07wEG3pf8wAaQkQOceQGskuWwrvwZ7IfX4PjPL0Ho/KuAM2bD7o0BnTtgd7cFxKXEIz4a2xvicTvjKdV8KZm14HqkLbjeMC027LeaMfw/P9TGTzQnHrWPfgD7lV/Dqvo2rNIrgVc2w5p6Fqw5l8WTuTvuB6adB6Slawo+LS6xH8K8qHElTBS5iT7Nvvva1N6xawesP629+tw8X1Dj8sYvhfkK9AU/HmXdi9lByb4z5v66N0Qm+TLbd8dPGxrNvkG1q8aiJmbFeRISp9JnTPuF4DfQnxqnKa4R7RdJ1p9n3z0kr79TLccJAPbxwYnuAiGEEEIIIYQQQgghhBAyaQj7Ui/nwVW6KQotX9kntxeVWK5iKv6GrBRzkZVYJuWj42d6BayKvwRKVgBZZ/if7+8GPno3fuyZjfEanCKm7MXFt8C6+BaErrwbyDodyC30Q+jvht2+FWjfAvuNJySll6xA9JVhYvyqksyS3vbj8hWRlv+hDw7CPvq+3Nf3Y7Dbn8Bwy32+AzUvaDpkAcPP/j9Yc1bAKpqPUPlaWKcVATnTYO9+FPYrjyD02b+GWBvRchSDsrJPsavOV4DiUk38+uOojJ+3PuT28voTxk9RRKrrUEwYSvNlC/GJcQXYV5WJwQpBfX0IAwRFEqsoN4MVv/4HZL+6olidICUuqTuifXkdavOkzpdlmC/Rn2JfjUtr73ZzrPYLz4HsV1eMqh3CKYWVlj7RXSCEEEIIIYQQQgghhBBCJg3+rWtHoOTz24sKM7Miy2xf8GOwH1r6A+DTf23ucU5B/F9/N4af3QijYk/xazduhFXx58C0uUZ71vwbgPk3AI0bYT+9UVcgWpYm8guMK0jx5j4Kis7hvX/A8OPflBN4MIyfybGagLMBDBzB8K6HkVZwPkLRqwErDfaRwzjefG/cry18VKhzKCXnEirkkiguvc8K46atj4AYUlkfUp8dP4b15yn2RmpfW/fqx0T7CRSjsgvZH/TzSmokxIWAuILtq8eTKLSN9hMoRlO0LykuDXGN6n7hrEtze0NcWsdOMbJyJ7oHhBBCCCGEEEIIIYQQQsikQavR6dX4g6o8gy8I89pDSJI5yZGENTr1hJ5mf9YVXpLTfvJbQPvjQH+33+OZVbC+uBV4t81T7MmKNDE8QcH2zh4gUgX7lythx57xm2SdAWvhX8CquiX+b2890NnixWWq6ScrCN1xUPwF1ki0vLGyvNfwlGyBNRIlxIkAkBaGlZkLGxbspv+Aff4VsGYtA4aPw971K6Dj6bgfQdzo+h27Gp2qfWUcAXm+3PXhJQ4Vf24z0/oTOp5ajU6TfXNcQTU6vfWeao1OKOsh0D4C7Ovnlbb+JMVr0PoT2wsGUqnRqfXTVKNTjmtE+4VgPqX9QoxHOg99Atefcb+YeKy8Mye6C4QQQgghhBBCCCGEEELIpCEsJ+6S1NyzoSUSPIRES3CNTrN9T9lmA9asy+Mtn/0R7F3/qdgX83tO3xIp7AJq+tliduNoT1zx2bMXodWbYFWsx/Bvb3TeNCjCBGWY7XsLULQlrtFpw5b7ItlX4pHG2paPhrOBzDzv+PALdyOUXwIMHsXwrod9H7bXG9iBNToTzJcYjzgvJgxNEtVITKSsNDqxTc8N8+VlBv2mqiJVVwgG2Ve74vhLtUZnkAIx0L5gzoZ8XpnmK1GNzqC41HjE9afW6LTlhGTwfhFkX3kvaY3OVJXlAfaVp2blquH8mkCsgrMnuguEEEIIIYQQQgghhBBCyKQhLNeURGBNPFUp5jLqNfcil8YbvPIALMvS7IuKN8kfVL+ye0nRZokJUefxYFP8/cglil+/xqTRvpKATVqjU34X0BSISse9wMVBNKRmnLgs24bdtgXH92zx33LicW1ajn2phqU6YMa4ktR8tAzrQUqMietDMCOOm/vaHSF1/Xl+HTOB9s0LQLav+hX8KX59+0pcJ1ijU7XvottX/SaYL9GfOl+aX8UfFPtaXMbhHP/9AvJ+kdS+m+dW50s9n08RQsWG22sTQgghhBBCCCGEEEIIIcSIVqNTTiclUyjGW45mzT2cPjv+zgdvaR+1YcmKTkBT7CXz66kYVcVb7/54g7yIp4AMVLYl8CEnVgyKN+EDbv+DFanmGIyxunEBQi1Lpa0tNhX7YmltjM8teR0E1eh0D5mVsIK/IF9er8Z6/amJ0sQK1oSKwJTWX2oKWXG9i3EZFYgJ4zqxGp2p2E95v3DWTcrzJRo0OE1FIauNn6qATbRfTDBp514w0V0ghBBCCCGEEEIIIYQQQiYNWo1Oveaeq6CCL6Dy2kNQRFnOy0Q1OqEkGHRFp/eOoiST++l8VvQnKLikxpZq10mYKgo/6VPirU4txY+t5GGkuIR4VKWq227/0zh+x6c8A5aiMDPVEgSA4/dfpY2B/fLDGNr1K4ipJrWGoZhDGm74EY7/4Ueygm/ManS6L9UaiZY8flJ7PxHlj5u7Hp1mpvUndDy1Gp3Q5wvm+Qqq0anHJfgT7EvKTSvAvjLkYj/1Gp2Jamj686WtP7n7uoFUanRq/UyyX4j+Utkv9LcT7BdB9uVu6jU6E+0XE0/anIsmugtkEnD4nfcnuguEEEIIIYQQQgghhEwKzjrz9InuAhljwnLiJwXFXpDiSki0BNfolBNQai1BSzBqqxkINdHqquE0hZ3Y3lyj01czKvY135bBvl+jUx+HFGp0JvArKd6SKOxM85RqDU13SgPjEuMx2NfGMzAuk31lnpROxadtFGt0ehlDuX2iuLT5CniuKn6T1ujUamgaIpN8me1LNU6l9glqdAbFoiZmxXkyKZmD9gvBb7L159sxxDWi/SLJ+vPsu4fk9XeK5TgRKp4Dq/Dcie4GmQTw4owQQgghhBBCCCGEEELihH2pl/PgJDxUhZav7JPbj3aNTq+dquhUlVuwZH8wtzfV6IyrugLicnybanS6yjBjfxSFmeX2MaCWoJewdMcN8Oxr4yhmxALsS+Mo3ppTySnqNQwt/4ChvbFGp0FxqSZ+RfvS+AXU6JTXnxCfoohU58tUo9PzaxnmK8C+qkxU23vj58WlrPcR1ugMWveqX11RrE6QEpfUnSQ1VcV41PmyDPMl+lPsq3GlvP5OtqZvwHnlrQ9NMap2CKcMaQtWTHQXCCGEEEIIIYQQQgghhJBJhVaj032RWPHmtheUWAGKLLN9wY9i33vH9vV4PoYanSbFXgK/7mcCFW+Ap0qTlW2BIeivvY4HKWT9eBIp9ow+kinqAEERqSre5HmKJ31sOTmXUCGXRHHpfVa2H6gYDXouHNQUkW7jBOvPU+yN1L627vX1Nx41OpXUrRZXsH31+InV6AxUjKZoX1JcGuIazf3CVKPTxxCX1rFTh/Di1RPdBUIIIYQQQgghhBBCCCFkUhHynlkQ1FRuTT+nlqBlxY84jxYsWFb8Pecd7xGWBVXkZrKPAPv4IBZ/J3KJ7M+zD/mzwnGtXiQsxa+o5JPjCUUuiTc4clCKC5ZuXxG1SX3yGwufFUfJcv65RyzhUYzHaB/B9i3fvjeeoj91viwhPsvgT50vT1GHBPb1uKDG5Y6jOl+uP3Uduv6U+ZLiUecr0L773GRfj8vzp8ZlGebLkszK4ybEZVx/prg0+/p5pa0Pdb6SrT91PSRbf4b58u3rcY14v4BuX34nYP1p55VlsC/MkzpfpwBpcxcjbVb5RHeDEEIIIYQQQgghhBBCCJlUhOVbfyapuWcjscJLVSZqNTrN9j1lmw2gcwes0yKw/nRr4p7PrIL13Q+0HEyy3IV13daEbexXf51yjU53OKTxMypggxRnUI6L9s01OkemQDQdEI+b4kowX4EKxMRx2d6jGJci6EwQl9GJUa1pmC/lVr4mRaquEAyyr3bFMipyA2t0BikQEylPXXM25PPKNF+JanQGxZVo/VmqfUjrLHi/CLKvvGdSMqew/nRleYB95alZuRqgKB1n0j97/UR3gRBCCCGEEEIIIYQQQgiZdIQ1laKTFVBr4vm1EU2JN4xejc7f3gAc+Qfg/GuAqTNGM9bE9MZgd7ZguOHvEFSjEwDUWpaWOCyAok6z9BqdauLNHTfnM7Y6bkqNzqTzFVCjUyxxKc2Xl5RT/ZrishLXfDTaV+JT7Gtxua/d8VPXn+dXiMtoX4nHaF/1K/hT/Pr2lbhUmWWKNTpV+y66/RHMl+hPnS/Nr+IPin0tLuNwjv9+AWW/SGZfW/fK+Kk1TyeA0MwyhC+unehuEEIIIYQQQgghhBBCCCGTDq1Gp5xOSqZQjLcc1Zp7AOztfwP88W8M7Q0JLzWxl8SvlvgwtNcUYKqyLYEP2b65hqYve7OCFWaysC04HogJHbWWpdo3eZ68Gp1iXEG+4oaNSj5p8bgPNrS4dAVisrjGev2pidLECtaEisCU1l9qCllp/YnzhSTzpcV1YjU6U7Gf8n7hrJuU50s0aHCaikJWGz9VAZtov5gAMlZ/a6K7QAghhBBCCCGEEEIIIYRMSvxEp6IA85RTnuISvoDKaw9BEWU5Ly1NSSW3F93rik4LidqL9i1PoaUquET7qnLO8ycp7eSPiH59+0JcYrek9qJ9JS5VsOaNizJ+thKP1l7urKXFJcyX1t40bkpcin1Vmafa1+ocKn5tBMyXsb2fiNLicpuZ1p/QcdG+tB7EcfQ6INoPmC818ea8occl+BPsq0peo31lyMV+auNmK/FJ7Q3rXDmvLG0c5IWZ0L7WzyT7hegvlf1CfzvBfhFkX+7myPaL8Se8oAbhJWsmthOEEEIIIYQQQgghhBBCyCQlLCd+UlDsBSmuhERLcI1OOQGl1hL0/RkQ/AYp3WzBDxyll1FZ6SnpzPZ9TPb9Gp16+7Gv0Skr6U6shqY7pYFxifEY7PuPCRJFbqLPoOCT5knpVHzaRrFGp5cxlNsnikubr4DnquI3aY1OrYamITLJl9m+VONUap+gRmdQLGpiVpwnk5I5aL8Q/CZbf74dQ1wj2i+SrD/PvntIXn8TnOOElZaOjGs3THAvCCGEEEIIIYQQQgghhJDJS9iXejkPTsJDVWj5yj65/WjX6PT8ubjZCMGsqtCSGyjxqHEpCj41LlMNxngaxleGifZVJVnSGp1KXKYaido4ihmxAPvSOBpqdHpu1flSpaNK+6AaoNp8KYlfbZ6gxpYlgYwAACAASURBVAVzXLb4Ull/YuJNXX+uOVHBZxnmK8C+qkxU23vjZ1gfwgAJSU75sLb+1Nq03gdkv7ryVp0gJS6pO0lqqorxGM4rbb5Ef4p9Na6U19+Y7xeqYlTtECaMjHU/Qqj4vInrACGEEEIIIYQQQgghhBAyydFqdLovEive3PaCEitAkWW2L/gx2Pf9qh8TFVljWSNRjsd2EocBIeivvY4HKWSVeAIUe0YfyRR1gKCIVBVvhrgkBaIhHslvEsWl91nZfqBiNOi5cFBTRLqNE6w/T7E3UvunyPpTUrdaXMH21eNJFNpG+wkUoynalxSXhrhGdb9w1qW5vSEurWMTQ/qKryK9+vqJ7QQhhBBCCCGEEEIIIYQQMsnRanR6Nf6gKs/gC8K89hCSZE5yJGGNTjGxkdh+cA1DN4nlK/ZkRZrUWFCwqXEF2ZfjMtX0k9JQkqJO8JdKjUQpUCGuQPvCOCapARpcQ1PxN2Y1OlX7yjgC8ny5cUGZrzGp0Wmyb44rqEant95TrdGJgPnS7CPAvn5eaetDUrymsP5EA6msP62fphqdclwj2i8E8yntF2I86nniuQtYf8b9YnwIX7QKmTf8aPwdE0IIIYQQQgghhBBCCCEfM8Jy4i5JzT0bWiLBQ0i0BNfoNNv3lG1J7cvvu/YDFXaBNUANTlJVhAnKMLe70vip/lzjieIS/RkUdkL2a4QKxKC43OOmuBLMlxhPSvblp4lqJCaKK+l8idkxU81H4Va+8WWRQLFsWGeBz11/qdbo9OzbKdoXzNmQzyvTfCWq0RkUV6L1p9botOWEZPB+EWRfeS9pjc5UleUB9pWnZuWqfH6NNWkXViPrpnvGzR8hhBBCCCGEEEIIIYQQ8nEmLNeUhKKUMtXoNCXeRKWUmxSRlWIuyWruJbfvK7Ekf1D9yu7VGol+QtT163wcuv146wD7YrdFf87/a3GpiTdL6o1QU9LSG2j2DeMZUKPTpASU/KkDZowrSc1Ho30lvoAanZoS1R0/df1Bma9A++oCMNlPsD4Uv779gPU3whqdqn0X3f4I5kv0p86X5lfxB8W+FpdxOMd/v8AI9wtt3QfsF+NA+KJVTHISQgghhBBCCCGEEEIIIaOIVqNTTiclUyjGW452jU7fvvxRoyJLTewl9JtA8Sa01/ypyrYEPuTEirmGpnQ/1YSKVEMMSpxSYlapoan3TR43r0anGFeQr7hho5JPWjzugw0tLl2BmCyusV5/aqI0sYI1oSIw1fWXwL4UGqDFZVQgJozrxGp0pmI/5f3CWTcpz5do0OA0FYWsNn6qAjbRfjFGpK/4Km9XSwghhBBCCCGEEEIIIYSMMlqNTr3mnquggi+g8tpDUERZzstENTqhJBh0RaeFRO1F+0rtQkHBJdrXanR6tSadFmrCQ/Hr209USxBeIse3r8SlCta8cVHGz1BLUG4vd9bS4hLmS2tvGrexqtHpvgyYL2N7PxGlxeU2M60/oeOp1eiEPl8ImC818ebWstTiEvwJ9lUlr9G+MuRiP/UanYlqaBrWuXJenVSNTq2fSfYL0V8q+4X+doL9Isi+3M2R7Rejj5WWjox1P0J69fVj64gQQgghhBBCCCGEEEII+QQSlhM/KSj2ghRXQqIluEannIBSlZW+PwOC3yClmy34gaP0MiorPSWd2b6Pyb5fo1NvP/Y1OmUl3YnV0HSnNDAuMR6Dff8xQaLITfQZFHzSPCmdik/bKNbo9DKGcvtEcWnzFfBcVfwmrdGp1dA0RCb5MtuXapxK7VNTLEvP1cSsOE8mJXPQfiH4Tbb+fDuGuEa0XyRZf55995C8/sY4x4nwghpkXLsBoeLzxtgTIYQQQgghhBBCCCGEEPLJJOxLvZwHJ+GhKrTUWpbu42jX6PRraDq42QjBrKrQkhso8ahxKQo+rUanoPSSFGDwlWGifVVJlrRGpxKXqUaiNo5iRizAvjSOhhqdnlt1vlTpqNI+qAaoNl9K4lebJ6hxwRyXLb5U1p+YeFPXn2tOVPBZhvkKsK8qE9X23vgZ1ocwQEKSUz6srT+1Nq33AdmvrrxVJ0iJS+pOkpqqYjyG80qbL9GfYl+NK+X1N+b7haoYVTuEUSc0swwZq7+F8JI1o2+cEI1W3HVzPVoC38/Dmu+vx6rC8exSHb7+8xgqvnwzboyOo99RwRnP0mW44+uLkGNsMpnjI2Ry03L/7bhrV/D7RZdfj1tXjOOG17UNG36yExhvv6NEfDxT++/ESNoSQk6ezic3YcMTvcEN5tfg7hvG80KkC1t+8gA2oxy3fn85isbR86TgSAyN9duxZUcXugfih9Kn5qN00QLUrihHUebEdo+QUxrneqpzjPa1+DVMBDfeXouKUbXJ6yJCCDmV0Gp0ui8SK97c9oISK0CRZbYv+DHY9/2qHxMVWWNZI1GOx3YShwEh6K+9jgcpZJV4AhR7Rh/JFHWAoIhUFW+GuCQFoiEeyW8SxaX3Wdl+oGI06LlwUFNEuo0TrD9PsTdS+6fI+lNSt1pcwfbV40kU2kb7CRSjKdqXFJeGuEZ1v3DWpbm9IS6tY6NH2tzFSP/s9QhfXDv6xglJRl4EtZ+fgzztjUxE9IMkGW3bcfuTxfi7FcUT3RNCiEYmKq6sQsXp+js5RdzwCCEfL2ZXLUf1uYY38iPj3pdPFAeasOnpgyiYvxxr5iX5b8vb23HbPzcjNpyJ2fOiqJ5fiLwjXWh5eR9aG7Zhw9N7sG7DdajKBYBetG7dhqb3Z6BmbSVGPItHWrH58XZ0n7sI65dyDRBCCCGEuGg1Or0af1CVZ/AFYV57CEkyJzmSsEanmNhIbD+4hqGbxPIVe7IiTWosKNjUuILsy3GZavpJaShJUSf4S6VGohSoEFegfWEck9QADa6hqfgbsxqdqn1lHAF5vty4oMzXmNToNNk3xxVUo9Nb76nW6ETAfGn2EWBfP6+09SEpXlNYf6KBVNaf1k9TjU45rhHtF4L5lPYLMR71PPHcBaw/434xckLFc5C2YAXCi1cjbVb5yRkj5GTIzEd0QTl/XT+KxJ7Yis3R9VgzfaJ7QgiRyUJkXjkq+et5QsgngLzzylHJO0iMP+/H0LQjhqIzB7BmXqKGA2ja2ozYUB5WfU++bqy8FMCRdtTV9yCa67ePtXagqes4Kk4k0Xm0Cy07OtA5NAfrl470w4QQQgghH1/CcuIuSc09G1oiwUNItATX6DTb95RtSe3L77v2AxV2gTVADU5SVYQJyjC3u9L4qf5c44niEv0ZFHZC9muECsSguNzjprgSzJcYT0r25aeJaiQmiivpfInZMVPNR+FWvvFlkUCxbFhngc9df6nW6PTs2ynaF8zZkM8r03wlqtEZFFei9afW6LTlhGTwfhFkX3kvaY3OVJXlAfaVp2blqnx+mbDS0oGsXFh5Z8IqOBuh4rlIO/cCpM25CFah6efVhJBJT2EeIt292PLTOkRuqUVF9kR3iBBCCCGEnHrsQ+seAAUlqDT9OG7qHNReM959IoQQQgj55BG2bvoQgP9Vf9DjaDFefgghhBDi49YmWf83c9B2z3Y0vj0EhHMRvexzWL+iEJ1PPoZNDYfQPQCk5xWj9s+vQ7X7hY1Xh+463FTwPO76TQdifUB6bj4qr1qFtQsLkZ7I+XAPmn6zBZvdukXhMCLzFmJtbRVmZwPYX49b7mxF97xl+OlXF8m2Dtbjlv/biv7FK3HHF8sAAN0vbcWmre3Y2zMEhMIoii7B+rWViISFzx3tQH3dH7Fldw/6h4D0vEJUX7MatcluPwYARZW4eWUbbvl5DPfVtaL0hqi5XqfLUBdaGrZjyzOHEDsyBADImVmCtTdcjcp8dQyvxjo8j7v+5xB6h4D06SVY97WrUYmduO/+7Wg6MITBUBhFS2rwg2vKJL/9HY2479EdaD0whEEAeSVRrFtXg+jU5CER8onCraX7pa+g4vVHcF9zLwaHgbzSctz4peUoensbNj30Clp7nH3w86txU5V7q2qhDt3Xp6HePS/DYUQqluHGa8pREE7oXd6jAOTMjGDVVStRU5ILDMdQt7EO9e8XY/3fX4dKqW5bDHX/UIf6o3Nw062rEQ2leN6re2xmHiqurMH6pZHEe7ORPux9aivueyKGzgFnn//CVSgdsR1CyLhwktcXXu26v1+Ezgd/jy2v92EQYRTMvQDrrl2O0iTXGOoelZ5fiKqVq7B2QT6APjTe/e+4ry0XNd/5BmpniJ8cQNN//is27c5H7YavoGZgHK6TvLGqxU35zbjz1x3odPfM1Stx45JiePXanY90PvEAvv4EgMKg2qS5yJsKoLsDTW8j4Z1A5LqrMdx18+0A4NV97z3QhC2PvoSmA33oHwKQmYto9eewfkUJctz/NnU5H99Vj6/fXA/AqTvo/HdPq1VtOn60A1se/D3q34j7Sc/NReniZVi7sgwFoUSzTcj44f3t+sNydP9qG7a09fnn9ddqEBV/iDrci7bGetT9TwyxPgDhMIpmzsGqa2tQabpoG8n5MpLropP5+5MQQshJk/bDH/7whxPdCUIIISfP213vj6h9dkYaLMvy/gFI+Bzic/g3RdbaCY/JjqnPU3md7HgQI22fnj4Z/tLvQnP9XnRmn4mK8gKkHxvAgPhvyEJWRvyPu85dz6H58Edo2xkDSitwzZJ89O9/C6++2o72fa/hiT3DuGjFUlw0rRd73+hCy65uzF12PgosAH0daHjmbQweP4SnXhpASdVCXDEvF++9eQC7dryM1vB5WDbLuSdX16t4fGcvisqX4qKzAAwfwpZ/eQAPvdqHvDlRXHH5XMxN+wCtL72Bhqa3UbK0DGdNOwPDe3bi1TeOIGfJAszO8iNs/d1v0XDwdKz52grMzgI6t23C3/76LXw49WysXrkIlTMHsbepFVt2D+KiT5+LqQAwsAebfvQY6g8OI1K5CNcsOxtTu/Zj2x9fRtfZ81FRGJSlcMZz+mxcU7MUZ7+7C40vvY5XE8UHILb1Adz+x/eRd24Zai6P4qLi43hz53407nDiC/tj2Nu5D43vnoaayxchOqUHba+9jebX9qL96VfQOeNCrLl0OtIOH0L7a+1ozy1FVST+V/zg7kfw/f94BTH7dCy7YikuK81C1+7deOIZwQchH3Pi+1gYkQvn4Ox0Zb87dhxp6RlIs+Cdp71796DNjmDVlaU4+6PDePW1g2jp2Itdf3gLw/MrcE3FaeiOHUL7y+14r2QxyqcBQB/an3kZbcPHEHt2Lz6MzMOq5ecg/70u7Hq1Hdv2CHuNc17jvPmonh3fIzqf3IS/feQtfDh1Oi67bDGqSoCu1/bjuWda4/vPWdNwNl5DfVsXuqeUYtk5wjd1bdvxs2d6ULTqKtSem53ied+FLf98X3yPvaAc16w4DyXDXWhsaMEuce8KHM8slFZVYK7TrPPJ+3Hbli58eEYhalYswdIZR/Hqk8/iuXePY3BQbksIGTs+3NeChjcGUDBnHkrz1P1uAMNpWUgP4aSvL+L7QBre63gZb4bnouZzczEX76F19340vijuNc7eiOmorpqFqQD6W+twy89eRcw+HRd9diGumJeHD9/qQPPzO5395wxEcruxreVtxI6fgSsuONMPsPd53PvfBzG4uBrfXHjm+FwnOT76e/ajfs8QKlbE23W/+Rbadrr/HchCfuEZKD2tFy2xo8iLVuL6mlJUXHAuZhdMRZo2U3nIH3oVDe29aH/+RTTv/wCDU7NRNGUq0pVrs6zcbBTNygf2H0TnQD6qv7QUl104C9FzpyPfasbPNj6NFusMlF+yAFcsKUJe9yE0tbziXIfmYWrBVMwuPo69r/di4JwyrP/8fFRcOAtzi85AlvPfvanCf48AeP899I/HUPd/fo0tB0PeNXJ+Xw+aW17B3tx5qIpkgZBxxzk3P5w+G6vnx//Aiu9NQ4i9/Ao68+dhzYrzUGK/i12vvYWmjmEsWxxBfLX2oGnTL/Bvz/QAxSW4omYhKs8eRudr7dj2dhauWFCMrl3PoflwHi763Lz4jxVSPl9GcF10wn9/EkI+yQwNDk90Fz5WcKclhBBCJjvdrbj9h636ce3X5wOYvfIbuGlx/A+3ytM/wrfubsfefblYd+t1qMoGgHIU9N2Ou3bF0HoAKD1HcLM/S2gHVF40E3dtrEfLE9vQVKUqk+IMvrQdmw8CBZfW4tarnEpECypRfd4v8a2HO/DQkzFsvDKC6kuKUffQITS+0IUa9xe0A81oaB4C5kVRnRd/XfdEL1BYjr/73nIUheL9rZr5GL51907Uv74M6+YCsSe3o6kvjIovfQU3LnBiXfApFPzLvahreBG186qQ/He1mYheezXWvP1LbH7iMWyZtx6rAn6lH1l+Hf7p8jzkeVdV5Yhm3ovvPtqBpjeAqFDbqT9zLn7wvRrMDgFYEgE670XdgS50X1qLjc74VM0CNvxkJ/bu2YfBqnykI4bNmzvQnx3B+u/XotKZp8r5p+G2W5uw5cVeRKv4S2HySaEP9XdtQr12PA9rvr8eq4Qf5vfPXII7vr4orviZfxr6N2xFY0cX8r4o7INn9OHrP4+hdU8MmCtUS+vuQY7QDgsWoPT+e3HXrmbU7ViCmxYaNryBZtTV9wL5UdzsnucoR1VVM+7csB1Nm7ejZl4NIpVRRB/fjtbnXkLnpe4ePYCmZ9vRHypGTWU+kOJ5P7hjGzYfBIpWXIdbL3dUqQsqEXn4DtzZ8Dzalq9OXY15pAkPOf3/wff1/hv+K0MIGWNa6zbhu3X6cVcF6HJi1xcuPeid6bfDgkpUPLkJG57wr9N0YtjyWAz9oWKs+75wbVhVGletu9eGpeWoym9HffMraKktQ4XzO8LY068ghlzUVJVJVsfjOqn36DSs/xuhnfLfgdkLyjE73I5NjT3ImTEXlQsSF4UuWv5lbDz9sbhCtK0VdW2tqIOjbl2+DKsWR5AXAtKnl6Fyehe665vQgikoXVCOCs/KIqz72znIy/P7WTl/GgY3bEXjrj3oXr4MRaXlKMp/F1t+G0Pv6TNRueAEird2taO1B8ipWoUffKEk7mdBFWqPdKE7g9eS5FSjD+kLxeubEuAnD2BzxwG0DgBVmcDgjt9jU9sAcqLLceuXyx2Vdzmqlveity/vBO5sITCC66LR+fuTEELIycBEJyGEEDLZyYug9vNz9D+esgtRIDfEbFHdk5+LPAD988q8L6gAoKgoD9jVi+4PFHtKO2RHUbNwO1qeOoTWN4DKedBo3X0IQC4qK+UvyXIWlaHi4UNoeb0D3YigYMHFqHmiDvUv7ERsRQ0iAHqbWtE6HEbVUud2tm/E0DoMFJRGkNPXC/fmX5hxFmajHXv3dwFzw2h9vQ9AMaLnDaH3iNsqDZGSXOCpTuwFhC+WEhAqxqq15Wi5fSc231OP0ltqMNvULjtPGPsh9B/pAzLivzHWfqBXMtP5IxkA8lGQD+CAMj6FhSgC0NnTi24ARd0daOsBMC+C0qFe9B5x+3cWSguA+n0xoOoEvuwiZFKSiYorq1Bxun48omyCkVmz/NsahqahYCqAoxFULhL2wbPyUYQYOnt7oXxabodcVCybi7xdrWh9bR+wsAwar3fE96iFFwjnOYDsRaictx2trTG0dgORgkVYVdWM1qfa0Xhwefx2jr0von43kLO4PP6jkRTP+7bX4nts9LxcYb8DIucUAi90YW8XUJr4O3qfN2NoS9j/FO0QQkaN2VXLUX2ufrxAzT2eyPWF94Z+nVZ0aTmiT2xHq3udpnbASZghqlwbhiKoWpiL+ifda8MIVq0oRv3DMTS+NICKhZnA8B40PN8HzKxEzQzF7nhcJ33qAifJ6RD434FUCaNg4dW4deEQ+rsPYO+r7Who2YO2A11oqKtDw7PluPXb7g/0ghGTnBjoQ++xMHJyAQzGb8U7KhREMDt3JxpfakTdeZlYNbcYOZkApqp/MxByKpCHykXFwutCFBUB6OpDby+AQjjXQZmoqi6XS42E8uK3lT4ZUr4u6hm9vz8JIYScMEx0EkIIIZOdzHxEF5Qb6gap5KHI9C1GSL8Rl4mCwnztWE5OFoABPaEHABjC4AAAhKHdCdj16X55E4qg5pJ81D+6Bw1tNVhXGkP90z1AfhTVjhxp8KMBAED3U4/hu08Z3HUeBpCH/qMAcAj3/XCToVEYnV0AUv3if/py3Ly2B7c82Io7HyzCxgV6k8HunXjowUY0HQwaB5+iM6cZ+5TwTslHB9APALsb8d3djfr7oS50AinMPyEfB7IQmVeOyhTOYdOeBSDx+eaSn6d/KZ2dhhwAvUNDxo8MHosfT0/T/8TyfDp7xOzPXIDIU01obNyD2i+W6eqmlM77IfT3AcEqVyB2GCnvdyn1nxAyruSdV47KFH7LdELXF74X/fowMzP+I7OgJNvAcef6zXAN6ewh7jVRzqJyVD12CI1Pv4jehVXIeWknGo8C0Usu0n6kNx7XSWYfo0EYOQUliF5aguilNcBADJv/rQ5bDu5E3UtV5jsBuAz3om3bVjz09CF09invpXrNmgqhOVj37eXAPdtR//Nfoh7xmoPRy6qwtmoO8rjXk1OKgL9dPdzroCzkZCdqd2Kkfl304ej+/UkIIeSEYKKTEEIIISnR3dUDQP7Ff3//RwCCvgQPIz0TAIb0BODw8fhjeti7pVCeczvHxmebUYtDaOwBomuXeR7TnXqjedFK1M6forvLjwAYQE4YAPJR/aUFBgWmrvpKRs6ClVjXei/u2vUH3DesJk46UHfnNjQezcTsJZWonuX0682XsKmxZ2SOgshMi4/ROWVYf0mx/r6m3CWEnDQ9vegcBiLi3nb0ePzL9LD5Tyh3jxo8ridCvT3QtZd3EWrmNWFT8040rQbanu8D5i3DGlfdlNJ5H0ZnJhCscjWovhKQUv8JIR9DetHZDUC8Rf/AQDyRKVynSbh7lHs9J+LsId61YagM1Uu2o7HhFdQf/BTynj4E5EexJlHibyScqtdJmRGsqY5gy4MxdPc48rMAep9/DLc/0YX0wgjWrJyDgkwA+BAtjzeh5WT6YPpdTn451n2vHOuG+tB7+BCatm9D3aOPIfZBbcBtigk5VXH/1vzISTSeJMr5kvp1Udao//1JCCFk5DDRSQghhJDU2L0HjUfL/VuUDbejcccAECpG9DzzR6LzioFdh9DUFMOaq/wvT/qb96AFQMHcEv/Lp8xFqF70DFpf2Inb3+9Ff/YcVC8QvgSbW4JoKIbWD4HSBeWyCmBoCINO8iE6Lxebu/owmFuOyrlyfwaHgPQRX/3kouJLV2NV5y+xpbVLee9D9PYBKCzDumuqPLXA3tjzI3USTOEcRPN3orN7CHnzy1EqJl6GhzCIgC8hCSEnQQxNzX2oXOzfvrbthdfRCyB6/izzR9w9ascr2FtT7N/m7GgzmnYDyI8g6m94qFw6Bw/tbseWu/rQeVS4TTeQ8nnv7rG96RFULpB/iDE4NDSy/c7t/7PNaKtZ7ft0+08I+ZjSp12n9b7YilYo12ki7h6lXRvG0LijT7s2jFxyASINTWh8+BHkHAQiVy3CqKXUxuI6yVGq9n+oyitVBtD06Bbg4tWoLFA33D407ToEIIzZ57hJzjDinXESM8649ffF71oSXVmLVa6C92gzmh4CIOaDQ04sff3oB/xbdZ6ZjwLE0Nkpyvhd/yK96O7ORUFBGAjnIm/GHNSs/Qh7d9SjpbMLg4jwmpJMKtzroMaGnVj1ZeH2tcPxGp3G29emer6kfF1UOAZ/fxJCCBkp3GoJIYSQyc5AD1pf2omY9kYmIp8qQ9Eo/WA+r6gPm39yL9ou/hSime+i4Q97sLcPiFy+LF5TzkD6gmVYs/2X2PxUHTZ0RVG1KA+De15Fw0s9QG4J1q6Qv+aKVpWh4IVWxA4CBdXliIpfVmUuQm3NTrQ+0YRbfnIA1Z8uQ2Tqh4jt6kDTnl5Ev/ZNrJsLRJZfjIoX6tF497+ic0EZqsqmAd2H0LKzHW3ZC7Hxm1V6PdNkhIqxZl05Wm/fiZj0C94ZKC0BWjp24q77gZpoJjqb29B0wHxryxMjglWrI2j8eTtuv/VeVF78KUQLgO59+9C04xByVn4FP6gy36KTkI8fHyG2eyeaDurv5BSVITp9tDa8PPRuvRc/fqMMVWWZiD29Ew37B4AZ5ahdEODD26Nacfs/vovqT5ehaGAfGp/pwN7hTFSuWSZ/sV9ajqr8dtQf7JVu0x0ntfPe22N/cy827ImialEh8o50oeXlfWjtKsZNP1wtf+mfCK//cZ/Vn12AyMA+ND5zCJ3ZAJJ9308IGXV639iJJqMqrwSV54yWRCgPOXt/gw13l8Wv01pbsWVXL5AbQe3yoHSku0fFcJ93bdiLpuda0doDRFYul68NXRX77l70h4qxvnI0r1vG4DqpLIqq3A40PrsFt6dfhKoZhShdUKJfP/a1ounZDrQ+dQcemlmM6HkzEZ0xBYPdh9DSsgetXUDO/BrUeomPfFQtzsfm33ThoTsfQX/NLBQVlSF6TiFy0IuWX9+Lh95z9t7nDjmqfYGCKKpKmvHQG4348cODWDV3Wvxaf/ocVOTvRP2u7bj9t/2omgF073oJW3Yri6dtO267ux3pJRFUXjgHkakfYu/TO9ECoOhcJjnJ5MO7Dmrdhg137kP14lnIO+Jce0WW4adfXaR/KNXzZQTXRWPy9ychhJARwUQnIYQQMtnpjaHuQT3NCeRhzffLsGqU6oHkRFfipoLncWddI5oG4jV9Kq5ZjvVLDbcJcwkVY9W3v4KC32zB5h2tqGsDEA4jEq3EjbVVmK1+gTPjAlQWtGJLdz6qL9G/XCtasR4bi+vx0G/3oOHRQxgEkD41H9FVn8MaVzmQHcWNt0xD42O/x+ZdO3HfjrjPoplzsO7aJSf+R+b05bi5tgvfelj8tW8+qr92Nfof/D22tO7Efa1hFMxdiJu/0IkNja+0PgAAIABJREFUxjk5MXKitdj4nSbU1b2IpvpGNA0D6bm5iCxcjvVLmOQknyQG0PLbbcZb+RVdXozo9FHa8DJLsP7r01B/z3bct2Movm/Nr8K6tZV67U6xDyvWY2PBVmza2o76R+N7Rc7MCGrXrURNibrhRVC1MBf1T/YhcomubkrpvHf22MjW36PuBWePDYWRN6MYa25YlnqS0+v/l7Ex/zHc9WgHGh7dhvTcfFR+YS2qW+/Fpl0js0UIOXn2Nm7DXkPZScyvQeUNKRTvTIk8rLpxOTof/D02P9iHwVAYBSVRrF1Xg2iCunc50Vps/GYj7nt0B1qeaEQTgPT8QlR/aRXWLlCvTTJRuSCCTbtjyFlUHvgDuRNl1K+TQnOw7i+Xof9Xz6C1oRFtiODGBSWoUNvlLsJN/xBBS0Mj6lsOoWX7ITS5tUkLC1G99nOoXVgoJRDzqv4UN73/CB56tgN1D3bE/9u1YjX+7kuP4K7f+Htv1dpViD76CDZLDvNR/bWV6L5nOxqam7DpBfdaP4LaG5ej//7taGpoRFsojKLoEvzg2hhue0i4Hp27DDdeNYC6PxxC/aPx4+m5+ai4ahXWXcoCgmQSIv2t2YHNdR3O331lWL+6PCB5n+L5ghFcF43V35+EEEJSxrJt257oThBCCDl5dr7SMaL2Z0zJgGVZ3j8ACZ9DfA7AQkA74THZMfV5Kq+THQ9ipO2zc/hbII+ubdjwk53A5dfj1hVj/CVIbyNuu7UJ3YtX4o4vlo2tL0II0ejClp88gM0ox63fX+7djnps6EH9v9yLuu45uOnW1bKCnRBCxoGW+2/HXbsiuPH2Wj2JN8q0PnwH7nzhNNRu+Apq+K0/IYQQQj7hHO0fzTuBEf45TQghhJBThtYndiCGXFRVMclJCPmY09aILQeAgiXlTHISQj7e9DZi8wtDwLwoqpnkJIQQQgghowz/pCaEEELIqcHRZjQ0DwEzL0DNjInuDCGEjCV9aHy6Hf0w36abEEI+Tuz94yuIIYyqpYtYB5IQQgghhIw6k/7Wtc27XsfvtjXh7Xfew7Fjg97xzIx0FE2fhoUXzsXl1RdNYA8JIWR84K1rE8Nb1xJCCCGEEEIIIYQQQiYa3rp2dJnU3+L+/o/N+O/HtxvfGzg2iDdjb+PN2NsoyM/Dovlzx7l3hBBCCCGEEEIIIYQQQgghhJCxYtImOve/dVhKcl665ELknZbrvX73vQ/w7Iu7AQD/cf/jKPruOswoKhj3fhJCCCGEEEIIIYQQQgghhBBCRp9Jm+h8u6vHe/5nVy/HZy4u19qUzJyOXzyyDQDw5ltvM9FJCCGEEEIIIYQQQgghhBBCyMeE0ER34EQ5/M57AIBp+adh4fzzjW0Wzj8fuTlZAIB3ez4Yt74RQgghhBBCCCGEEEIIIYQQQsaWSavoXHrRPLz73gdY9un5mDol29hm6pRs3PyNWvzP0y1YetG8ce4hIYQQQgghhBBCCCGEEEIIIWSssGzbtie6E4QQQk6ena90jKj9GVMyYFmW9w9AwucQnwOwENBOeEx2TH2eyutkx4MYafvsnEn7WyBCCCGEEEIIIYQQQsgpytH+oYnuwseKSXvrWkIIIYQQQgghhBBCCCGEEELIJ5dTXq7y1qF30BHrRGdXD97ueg/Hjg2etM2MjHTMnHEmCgtOx8ziQkRmFI5CTwkhhBBCCCGEEEIIIYQQQggh48UpnehsaW3HfQ//Hv1HB0bdduuefQDiSc/PfWYRVn9u6aj7MHH0o2O4c9MjeKPjIG5ctxoVF84ZF7+EEEIIIYQQQgghhBBCCCGEfJw4ZROdP733Ubz0yhvSsbOLz0RudtZJ2/5o4Bj2v3UYAHDs2CAer38O+/Z34tt/fs1J2yaEEEIIIYQQQgghhBBCCCGEjD2nZKLzvx79o5fkzMxIx3VXL8e8uefg9Lwpo+aj90gfXmhpwyNbn8bQ0HHsfu1NNLXsQWVF2aj5IIQQQgghhBBCCCGEEEIIIYSMDaGJ7oDKq6/vx5NP7QAATMnNxr9uvAkXXzRvVJOcAJA3NRcrli3EXT/5NqblnwYA2PSLrdi3v3NU/RBCCCGEEEIIIYQQQgghhBBCRp9TTtG5a/de7/kXVlaNi891f/o5/N9/rwMAPNf8KmadUzQuflPBtoG2N2J4ZMvTiB08DNsGzpx2Oq66fCkuKi+FZflt3+/9EE8+tQM7dr2OnvePwLZtnJ43BVd8djE+s7QcoZCFxqZW3F/3JM6fPRP/62trkJGRLvl79sXd+PnDv0dlRSm+/MXLkZYWwrvvfYBHf/cMdrS249ixQUzJzcaShZ/CVZcvRVZmxjiPCCGEkJEydPw4jg0M4djQEIaGjmN42IZt2xPdLULIGGNZFkIhC+FwGjLCYWRkhhFOS5vobo0p3O8I+WTC/Y77HSGfFLjfcb8j5JPEJ3HPIyfGKZfoPPzOewCA4ukFuHTJhePis2xOBGedeQYOv/MeOg+/Oy4+U+XFnW2491dPIBQK4VNzz0V2VgZe23sAm36xFd09vVi5vBIAcPSjAfz0549h/1tv46wzz8DiBaU4dmwQbW/E8KvNDbBtG8svqUC0bBYKC05HR6wT+986jDmzzvZ8HTs2iOeaX0VGehiXLrkQaWkhvPNuL/7lZ/+N7p5enF10JmYUFSB2sAvbnm7BgYNd+KuvrkF2FpOdhBByKjIwMIj+jwYwNDSMrMx0ZGVmIJybhrSQBUv8pQwh5GOJbds4PmxjaOg4BgeH8N77fQiHQ8jJykRmZnpyA5MI7nf/P3v3HldVmff//7U3m9NG3IIIAro9kpDuFDQxIx2zsMkyO9Ckd2Uzo3OPM901v9E53l/9ztRvpppb5y7vmduZyabURmsoM01HMTKNVEpRQxOPJIYkIrpFDhs28P2Dg5wPCrI3vJ+PBw9h7Wut9Vkb+ey11mdd1yXSsynfKd+J9BTKd8p3Ij1JT8p5cn1crtB55mwuwDX1qlyduI2de74gbvwo5nxnWrvWHTywP+fOX+TsN3nt3m9nOXP2PG+t306f3r14dt5D9A8OBKCo2MGf/76ejz89yLjRIwgO6oOvjzezH7qToEALvfx8r24jO5c//vUddn1+mAljb8bS249oWwRbPvqM3Xu/ZPiQAbW9Qk9/fY7MrByGWEMZNCCE0tIy/vHuh1y4eJk5j07jtnEjMRiqeplu+nAPG5N2sz/9OBNvHdkVb4+IiDSjvLyCgivFVFRUYDZ7q/e9SA9lMBgweRgweRjx8fbEv5cvJY5SCotKKC4pxb+XLx4eLjeTRbso34kIKN+JSM+hfCciPUlPyHnSMVzuf8HlgiIAAhrMyfnp54eYt2ApqxO3Nbvu3oNHq/794li79xsc1AeAgsLidq/bWY6dPEPBlSKibcNri5wAZl9vvjVxNJcuX6lXmB08sH+9IieAfy8zXl6eXCkqoazMCcD4MSPo5efLsVNfc7mgEKgqXu7e+yWlZU5uG3czXl6enL9gJyv7HOH9gxg9clhtQdRggInjbsbi78eR46c7+V0QEZH2KHGUceFiAZ6eJgID/HVRKCL1+Hh7ERjgj6eniQsXCyhxlHV1SNdM+U5EWqJ8JyI9hfKdiPQk3SnnScdxuR6dzdmffgKAnXu+4OH77sDs69OoTWhIX05+dZawkL6tbu/Tzw9x+62jan8eENYPfz9fbDcP7bigr9NXZ74BYNuOfWzbsa/JNmfPXWDMqOFA1bC/m5NTOXryDPbLhTid5bXtAgN6134/ICyY6FHDSfnsEIePfsXEW0dy/sIlDmV8RXBQH0aOGAzA+QuXuFJYQsGVYn6y6M9N7j//YgEOR5m6iouIuIDiklKuFBbTx+KHl6fbfMSLSBfwM3vj6emB/XIhlZW+bjcVgfKdiLSV8p2I9BTKdyLSk7h7zpOO5TafGoMGhHDw8EkAzl+wM2hA40LnL/9jFkdPnGHE8IEtbus/X3iN3LxLFBc7uGvSWABibBHE2CI6PvDrUF5eAcDA8GAGhAY12aamqHvm7Hn++6/vUHClCLOvN5HDrfj38qW01MmhjMx66xgMcNu4m/lsfwa7937JuNE3ceDQCS7aC5gxbSKW3n4AtZN7+/cyExVhbbIbeEhQAEajxsUXEelqJY4yrhQWE2DphcmkidlFpHVeniYCLL24aL+CwWDAx00eXFO+E5H2Ur4TkZ5C+U5EehJ3zXnS8dym0Nm/X0Dt9x9/eqDZOThbK3IC5OZdAqrmunRlA8L68fmBowwZ2J8nEu5use3pr89RcKUIW9QQfvTdBzB5VJ0U5F+8zKnTOY3aDxoQwhBrKJlZOXx57DSfH8ggwOJPbExUbZu+gb0x+/rgZ/bhsZlT8O9l7tgDFBGRDlFeXsHlgiL6WPx0USgi7WIyeWDp7ccleyGeJn+Xn99E+U5ErpXynYj0FMp3ItKTuFvOk87hNoXOaFsEA8ODOZOdS8pnhxg3ZkTtEKstOXriDFBVAD1z9jzvbU6pfW1zcipeXp7cM+XW2raDBoa4zPjvtqihfLgzjbT040y8dSTDBofVvlZaWsaprG+IGBKOh4eRXmYfDIb6PSsrK2HX3i+5dPkKAX38673m5eXJbeNu5ujJM/xjXTIFV4qYOG4k/fr2qW0TGhzIEGt/vjx2mh27v2D6XRNq5+msrKwaWrdvQG96+6sAKiLSlQquFONn9tHwPiJyTbw8TfiZfSi4UjVUmCtTvhOR66F8JyLXoqKiAqezHGd5BRUVFVRWVlJZ2Xn7MxjAYDBgNBoxeRgxmTwwGtt34175TkSu1Y3MeR2R78C9cp50Drf5BDGZPPjhk/fzny+8BsDLf3uXkSMGM3RQKCOGXe3FGdIvgD6WXkDVvJ7/+8b7AEwYezN79n1Zb5vl5RW8+8FOPtyxj6GDQtl/6ASDBoTwf/6/x2/IMa1+Zxtvv7+9ydeeSLibkSOGcM+UW3nvXyn84c9vMXRQGP36Wii4UsyxU19j8vDgpz98pKp35qBQ+gcHkH4kk+eWrmLwwP5kZedy5UpxsycKI0cMJjioD+fOX8S7uvBZt1bq5eXJzG/HkXPuAu9v+ZRdnx9i6KAwKioqOJ6ZzSX7FR68N457p8Z2xtsjIiJt4HCUUVFRgZ/Zu6tDERE35mf2Jv9iqUvPva58JyIdQflORNrK6SyntNSJs7z8hu63shIqKyupqCjH6SwHRxkmDw+8vEzt6vGofCci7dEVOa+j8h24R86TzuM2hU6A4KA+LPrpE7z0p7coLS3j8NGvOHz0Kzayu7ZNWP8gfvuzOQCUlpXVLq9b5Hzk/smEhfQlMyuHjUm7sRcUsv/QCQD69bXcoKOBK4XFzb5WWurEYIC7J49j6KBQPti2h+OZ2ZzIzMbLy5OIIeHcd/cErOEhAFj8/Xh23sO8vX476RmZnDt/kaiIQcx+aCqvrflXk/uw9PYj2hbBlo8+Y4g1lEEDQhq1GTwwhF89M5vNyamkfXGc1LQjGI0GQvoFMCP+7npD3YqIyI1XVOLArItCEekAZrM3RSUOl70oVL4TkY6ifCciLamoqKTEUVp1091FOMvLcRaXYzJ54OPthdFoaH0llO9EpHWulvOuNd+B6+c86TyGysrOHGyh/eYtWArA/fG3MWPaxCbbFBWVsDIxiROZ2VwuKKr3Wt1CJ8Deg8f466qNtT+/unRBvfbvbNzB1o/3trpPERFXd+BQZrvaB/TywmAw1H4BLX5P3e8BA820q/Nva8saft+Wn1tb3pz2tvc1u/6zQM7yci5eKqRf395dHYqIdBPnL1wmoI9f7XzvrkL5TkQ6mvKdiDSlzFlOSYmjU4emvV4GA/j4eOPZxt5Oynci0hxXz3ntzXfgujmvoeIiZ1eH0K24/l3cJpjNPsyfMwOAvHw7F/Iv174W0i+gXtu681reH39bo209cv9kdu/7kssFReTV2Y6IiIirK3U48dFTaiLSgXy8PSl1ODGZXeuiUPlORDqa8p2INFRa5qSkpLSrw2hVZSUUFzuo9PFq07yWynci0hR3yHntzXfgujlPOpfLFTq9vb1wOErb/EcWFGghKLD54WYvXipodRt9evfickERVwqLWm0rIiLiKkqdTny8vbo6DBHpRjw9TZQ4SjHjWkOIKd+JSEdTvhORuqp6Nbn2Df+GSkpKMRgMrfZ0Ur4TkYbcLee1Nd+B6+Y86VzGrg6goQGhQQCcysrpkO0NHRTa4us55y7wzfmLQOPeoCIiIq7M6Sxv9+TsIiItMZk8XGZulrqU70SkoynfiUiNiopKSkocXR3GNSkpcVBR0fKYk8p3IlKXu+a8tuQ7cN2cJ53L5QqdYSF9ATj51VmOHM+67u398nev1n6/MWk372zcUftzzrkL/GXVB5SWlgFV83nuPXjsuvcpIiJyI1RUVOLRjknZRURa42E0tOni8UZTvhORjqZ8JyI1ShylLjs/XWsqK6vib4nynYjU5a45ry35Dlw350nncrmha4cODuOT1HQA3tucQtSzs695Wx9/eqDe/J0AWz/ey+59XxLYpzc55y7gqC5yAlyyX+GvqzYybumCa96niIjIjVJZWYnBoAtDEek4BoOBShe86lW+E5GOpnwnIlDVq9Dde/7UHENzvSOV70SkhrvnvNbyHbhuzpPO5XI9OuPGj2L0yGEAZGbl8NdVG8nOybumbY2KGsLEW0cSbRvO7389l5hbIgC4XFDEV2e+qS1yfmviGJ56bBojhg3kqcemdcyBiIiIiIiIiIiIiMsqLXV2dQgdorsch4h0ru6QK7rDMUjHc7kenQBPf28m8xYsBa4OJztoQAjDBofhZ/Zpcd2APv4E9+3DiOEDCQq08N3H7ql9bf6cGZzIzOalP70FwP3xt3Hv1NjaJwBuv3VUJx2RiIiIiIiIiIiIuIqKigqc5e7bs6kuZ3k5FRUVGI0u16dFRFxEd8l5ynfSFJcsdAK8unQBG7buYmPSbgBOf32O01+fa9O6j9w3iRHDBzb52vAh4fV+1qTXIiIiIiIiIiIiPYs7D9/YFKezHC8v3fgXkaZ1p5ynfCcNuWyhE2DGtImE9Avgy2OnOfvNhUZzajalb2BvQkP6ttjm/vjb2LX3MIMH9u/IcEVERERERERERMQNOMsrujqEDuUsr8Crq4MQEZfVnXKe8p005NKFToDYmChiY6I6dJszpk1kxrSJHbpNERERERERERERcQ8VFd3npj90v+MRkY7VnXJEdzoW6Rjq3ysiIiIiIiIiIiI9SmVlZVeH0KG62/GISMfqTjmiOx2LdAwVOkVERERERERERKRH6W73ybvb8YhIx+pOOaI7HYt0DBU6RURERERERERERERERMTtqNApIiIiIiIiIiIiIiIiIm5HhU4RERERERERERERERERcTumrg5AREREbpzkJT9na27r7YLjF7LwruDOD6hNnGTvXsM7SRlkFzo7LbZDb/6cVd9MY+HCqbjKkYuIiIh0HSd5+5JY8eFxsnKdlAF4e2ONjGL6vZOJCWrfLaW0VUtZnjOG534xldBOiVdEepyC4yRt3ENKRi45hVWLzMHBxE6ezPTxVizduItP2qqlLD/Y/Ouh9zzBc3ffwCvb9ETmvWFn5i/mMr0bX1DbT6Sw5oMDpGc7KKsATCasw6OIf/BOYtv5uVgrN5nFLx0g9KkFzLd1aLgiPYYKnSIiIj3I5PmLGF9RZ8GXiTz/bi6T/v3HTK5zMWLy9r/hsTXHeWgNf3vvJOGTZ/PspEEEdnFsuR8uYUlSLqOe/ANPjmrnyl/vYm1KAdHTpxHpOm+xiIiISAOFpK16neXpEDl5Mgu+P4Qgb7DnpJOy5QDLXzhCZMJsFkwI7OpAATvpm5NJ7TOOuROtXR2MiNwgRRkbeP6149iDrEx/8CFihwfi6cgnY/9eNr2XyPbtUfzyZ/cyzJ3ufheks37jcSx3PMSUgW1oH2RjwdOxTT484ull6ejoerhC0ta8zvJ9DkLHx/JMgo3Q3lc/F1e8cIy0x59gfrTed5Gu4E6pXkRERK6Tyc+fevU1PxNgwtffH38XLbylpx2iOPIRvjd9lEucuARP+jGLYp2YfK9h5Usn2J+WS/CdKnSKiIiIC8v+lMSD5cQ8Ppf50X61iy3+ccy+KY7ph5NJ6+MKRU4AB1npmaSGRjB3YlfHIj1ZwdlDpO4/zbnSNjT26k1U9Ghiwnp3elzdUvFeVrx2nCJbPEuetGGuWe5vIfbuIcROySJpu51QV7iAbI/iXNL2ZRJqo22FTqMHFn8LKq11PnvKP1m+D2Ke+iHzbQ0/FycQt+UNnl+TyKbw7t2jtdaVbNL2HeFIvqMNjb0JGR5F7Mhw/LtxL2vpWu6W7kVERKRHySU/F+hvdp2TFi9f/L26OggRERGRzmPPzCaPYGbWuZlbl2XkVKbc4JhEXNtxNqz4hLSK1lvWSNt3Gd/F04nqvKC6razkvaQTxtzv1Cly1mWyEn/3jY5Kuq8sknbkYx4dz9wmPxdNWOPjid+XSNL2I0z/Tvf/qz6ybQP/aGHo5EYOHuec13z+bUSnhSQ9nMvcMxQREREXYd/JK7/7AO5fxLN3NOh2WLqfvy9eC4/8lu+NKyB5yRK29p/FopjT/D3xM7ILneAdSOTkWcy6axD1Oj0689m/bjXrD2RT7ARTQCRTZ81i6uCmu0bWDBFb9cMqfv5zgGCmLVzI1GAo/moniRuSyfi6GCcmfAdEMnVGApPqbK9m3s0fP+LJjg3JZHxtYuLTi7ivhVHNir9K5u9rk8m46ASTL+FjZvLEI9EE1jx5eGgVP1+VWxsHucksWbKV4NmLGJ+9isRPT1PQ6PgOsernqzhUvYmtS37OVoBbnuQPj4+C4tPsfHc9yV9Wvzd+4UTeOZ0Hbx+uJx5FRETkhrMEWIAzpKUXEhvddLGzngo7GcmbWbn9LHkO8PQLJPbBB5gT3UqvT2cuqe9uYk1aPkVO8AwMY/rsGUwfUn+f9hPJrHz7EOn5TgDMA61Mvy8eW2Yii7fYqxrlJjFvQRJg6fZzxIkrshJj8ybtYFt6N1XxjRrK4E6MqPs6S1p6IYycQKx3W9rnsuml1awPjefVJ22NlqfG1MxlWdNuKi/YzrJi83FO5gcz5/eziDtWPf/k01Px/ORjNh3Ox3NiAksesLYh/13d7pKxuSx/N52TdsDbD9uUacy9ewjmmjbVl785byxlHkBwB8xrnH41dj7cyqaMQspMJqzj41nwcBRF+9exLDGTHAd4WsKY/kTdHFw39rMse/sIWYUNY29BcSZJiVXvV5Gz6r2x3fUt5kyqXi9jA8++mknMvGeZE9lg3ewkfvXHU8Q880MSBnFtnxcmE9aYycxPGENQnevqvP2bq3+/TjCaCBoUwczH4pufY/Ob46TlQ+QMG57NHavRSswob5I+P07Gd6KIrPve/zQec3ISiel2yirAPHAIs598iNgmPyLzSXr5dRKJZclP4hr01nWQ+vc/saJ8Mq/MG9fye9/JIm624nswi+K2rmAO55ZBnRmR9HQqdIqIiEh9lolMuvkD1qbsIPuO+wiv81JB6k4yvMfzvRhfoKBq4Zmt/Dl7EHd+dyFRAZB/4ANWbfozL9p/wG8fHl7VpiKX5D8tYasjmkd++ARRAXAu9R1W/+8rFD/9yyYLj1VDxGaz43//xs6QR1j0cBRgwtcPOL6eJa/twnPMI/z7v0URSD5Htq3lnb8sIf/7i5gZUTfonfz9NX+GTZ5OwqRABoW1cOwFO1n1j3CiH/gxCYN8yf/yA9a+u5a/+QXzy+nhLawIJ99/mdyoaTy54EkCHafZsT6RrX9ZS+Bz3yPaK5KERYt4sOGcqKaq93HX63/mg4Kr703+yV1s3biarf1+yyMNL/hEREREOlvUBGaGZ7L+zb+wOH0MM6dOwBbqh2eTD2AVkvbmapafsBA/axbxg/2wH0tm+ZrXWVb2Q54Z30yhtOIsm5atZb1jCHN+NB1bIOTs2cryP62mqObGNlCUnsjiN7Iwj43jl/8eSRD5pO/4mPWJqUT+dBZLJpwl6U8bSAqJY0lCJGDC3IbarEjH8ibqgUf4N+c7/ONw68VO35F38IuHo7iW2TDkAjl5EDqupQu763AihRdP+RFz52Sm9A0ksrayVUjS6xuwDB9FwmPRBA0Mo13570QKz+eEMXPOE8wPdHLyo62s3LKOFYFP88zYYOKfnktcTiovLk8nNGEuc0YCRp8OGpa2kKSVydjumcZzj/lh35/Msvc3szRvL/ZCC7N/PJdh3rlsf2sz619LxvrcDGx18/2ZPbyYHcz07z+BLRDy9u9g+cZ1/OrSDF5JiGh6lxXHWfPSBrZ7X83xeYdTWPHuOhafn8GShyMgcgxxgcdJ2rWX2ZHj6hUR01OOkDdwLPGDaOfnxTmsU+5k0WQrlsuZJK5K5levOa8WBo9t4Pk3s+q0ySU1ZQcr39xDZKPCYrXz+eRhIS6k5XfZGtoXinM5mQeRQXXe+1c3Yx13O79cbMWcn0HimymsWJ5E6H/G0/hWSCBT7ggjcc0hkrLjSKh7G8L+OUmHTcR1cZETwDRiOr94eAMvvZvderHTHM6//WgGNp8bEZn0VCp0ioiISAMmouMnsfXl/ezPuo/w2jPvbHakZBM4/hEi61702IO58//OYnz1Vbr/HU/yE17h+Y2b2HnXs0yyQMGna9n6TSSP1G131w/4XvGL/Pmj/dzzVHTjkxIvX/y9euPrAZjM+NdOIlrAzn/touCmR/jtY+Orbw74M/6xZ6Ho//LOv3YyNWLS1blIi3259emFLfbirFUcyOSf/oBJ1Vc3/rFPMu3oz1l7PIN8wmmxT0JUAgsfralKjuK+h7I59MdkMk5A9M1V86A2PSfqaU58BZGPJTDeWvUu+I+5jx/cch+oN6eIiIh0BWMY0595gqD3t7J+3wGWHzwAgHlgGHETJhA/bgiWmpO3jGRWHjS6XaCgAAAgAElEQVQR/8wTtTebLWMfYlH5Wp7d9ilZ45u6kQv2lK2szwljznMPEVd9fmi5+wmeKfoLLybvZeb3xuFZcYTEt7NgdDzPza7pSWMh7uEhxDqdeJpM4G3BbARMZiz+mqlOupCxNzEPTyf/wjr+9U0L7fqP4j8eHqWRW1xVcV9mPjerNi9d5cQ8NoHnHqiT0TI2tz3/VViZ87OrBcSYB6aR9eVaNh09BWOj8PSzYOntgSdUfd9gcKUm5R5g8YIDTbxgZf7SBGLqxB5050PMnVB1RRs0aSrxu1ez/oSJOc/NIMYXwMLM+6NIWXaEtBNgu6nO5i5ZmF43V09KYBGvs/D9FJLiI4hvIvXaU1LYXhjGnF/UWW/CQywyruXZt1NIuiuCeIuVmfeEkbTmOKmOccTV9NB17GX7Xie2x27FQvs+L8yTElhQc/HvP4a5P3FStHgvm7LHkRAOOadzKQq8iYT7bFW/G38L8d+JIL4dw043x9O3+oOx3racBN35BAsmVd9N8I9l/r1ZzHszi/Q8sAY13Ap4jr2d+C2JpO7NIuHqDRmyPjlEVmBU496vXcTfNoP/yP8Hf9h+uflGxt58+6kZxPS6cXFJz6SPVBEREWksbDITBxTw+Z6Mq8sydvO5PZI772zQs/GmUdUXRlf5j7mVQWRz4rgTKCA9PbvJdoOGDYLMk3zVntgK0kn/GiJviWnwBLQvMbdEwtcnOFJaZ3HfaMa3pcgJEDyKyAYXaeFhweAEZyurDru5wdVG/3DCgLJWL5iCCQ+GjJ0fcOhsMc6a9jpLExERka5kCib24Sd44fcL+N//fIhnHrARabKzPXEdC59LJK26C0dGeiZFlqHENBiSzjw0DGt+NicLmtq4nbQv8uGmCGIbnB8OGx4Mp85yEuDEcdKKTcRMaDxcoKdJz+6LCzKGcNdT38LWXHcrczhPPXUHITrXd10jo5oocgL4ERtb/8KyXfnvpiH1e0kShjUccLZ2pdmCIBsLfjOXJY2+7sVWr6GFmMi6j+0GExoKBAUzrO6x+npgxklRw07JTeRqS3QEw8gn42hTPZibz/Hm0RHY6qznGT2GON+zbE/Nv7p2ajrpfWxMj/ZucVuNPy+8iRnT4OLfdyjDQgs5mVk1zHlQfwvm/GOs35lJXnGd974D/ibLarZXb1sN33sgPLBqOOJm7xVYib8jEPvnB0ivaVNxhO17CrHdfXuTDw91lZDJD/LUyObGkPbGlvAgd2koebkBdFYoIiIiTfBnYlwkH/xzF/tnRhLt5WT/ns8g5nu1PTJreZkbn1D498YfyL1UdbFSXAR89Q6//vk7TexrFCXtCa24mGLA36fxaYzJxwTkUnAJqDmZ9nD1051gpv74x7A2kcQ/7aLYWTXf6KS77mPqza3MayUiIiICkJvM4pcOkFN3Wd253dITmfdGVv11Rjecr655noFDsE0agm0SkJ/Ksj+msPy9I7w6O4qiYifY03lxQXoTa1ooKgYa9UxyUFQIZO7gRwt2NLGelSIAh4Mi/Ajq06YwW5W2ainLD9ZfFvPUAubbgAZz5NXEr/k+pd18onjqqTz++JdDZNctZFT3bNLwjderL6FBkJZ9lqsXfR3I6NHMC6ZGw3dfW/7rQEYPLP6WDhretgXe3o3npqzeb47dTuPfQ3WO793EetXbql3PGMWUCTt4/pO9ZE2Kx0oWSZ/kY73jAYYZ62yrTZ8XDpKWLSWpiVahxdWFVVsCix5fx/L3N/Cr953g7cewsdHMvjcWa3NjSfcLJIgsss41cah1ZOVcAF8rw5ropdlellgbto072L7fgW2sN2X7D5BCBM+Mc7Wx2c3YHp7Ot5voyR4+ZTpPRXX1ILvSU7j6nT8RERHpIqYxExn//t/ZmVpA9C372fllILf+pIkxUkqLcNLgpKLgMgVAYJ9AoBhfM3BzzTybjfbUvrlpfH3xBZwljfZavSwQ/w66GXbD+A5i6vcWMhVwFmaT8fEmEt94kdOP/Z7vxeh0TURERFoRFMcvfzOOsrrL6s7tFnUvS37ToNeQ6RpvlgbGEjs8hfRvcskjCrOvCYKiWPB0bFVRtf5Ompkv07tq+ciaeTWbWA/A2xszheTVfYjtOtgS5rLkwfrLPGtPRKvnyKvXw0bzfco1Cr6D+bOK+OPaU+RXAEYzsbPUs6ljhBFj82PTjiOkOsYQ21xnslbZyWuyx3nbXVv+c0MOB2VQv2hZYMcOBFmaKrNW5/im1qteVnc96x2jsG7fx/aMeOZwgJRLYcyODay/rTZ9XvgRN38W8U3MpenpdXV/QdEPsSgacBaSl32I9WtSeD7DzqIm58wE+kcQE3iApM/3UmYb17h4C1CRSepBB2ZbBB0ysqz3OKaM+5Rln3yOfezNpH5ylqAJCQ16BbsIYwh3PXUX+X/7kJqOuYFj72L+5FYmNRXpQK74pyEiIiKuwBjJbeMDyU7Zwa6UXWQPmMjksCbaHTtUO3RZjYIv9nOacIZHmAB/bLZwyMwi288ff/+GX77te/LK34ZtAGR8kdZg0vti0r7IgAHDifJq57HeKN5mfCmmuF4XVme90YpMfuGMmj6TScGQcezEjY5QRERE3JHRG7O/papnT82XX527/ya/+q/5W7D4tnAGlptOSmZh069VHCHjRNV8nUFApG0I5rxssiosjffh79eoB1QVCzG3BMKpc2T5NbMewPAIYnydpO0/0kQcNd/Uv6HeEk/fxvsy13kbPBvF0lz8Iq3zjZjGTxOs+JvNxCYk8GiEejZ1FOvUcdg4y5q306t68zVUYSd9//HqnNBMjjidSUZxUyu33bXlvxb4emMGyoqbGg62Cx07TmqD98p+8DgnCSRyRFOV5uoc38R6RQePk95wPcutxI90krIrle27jsO4ugXs9nxeFJJxtryJNhbMNdurf/FN0KBY5t5nhfyqOTObZmX63WFweA8r0pv6bHSSlZTM9gIL8VOaerj72tjiogg6c4ikXXvZfiaQKXe40qC1DfhE8OgPvkVsbw/8o7/FT++PaN8D7SLXSadrIiIi0qzwuImEX9zJ+h35RMZNbHrUHUsuHy1by2dZ+RQU5HM6dS1/3nga35hpTKx+aNL/9ulMNH3Gqj++w87j2RQUFFBw9gQ73/szz6/a3+r8l/X5M+nbE/E/9g6vvPUZpy8UUHDhNJ+99QrvHPNn4rcnderoQNdl2BhsfgXsXLeeQ2cLKCh0wtktLFm8hHc+yag6loJ8Tn/yATtzIfKm4VXrZazn+d89z98+zW/6ZzJY/7vnef7VXeQ3uWMRERGRtsvL2MuaP/2FhX/aTNLhTPIK7NgLcjm5P5nl/7WZFKOVOfdFVDWOjGPm8HwS/3s1ifur2+ZlkrotkcUvJZHVzD4scXFMMR1n+X+tI+nYWewFduzZx0l693UWvrG3qiBhjGLmvcGUfbaZX61J5WRe9bY/WM3C2m1biBkTCBl7WL6zav9F1zHlnUhH8o2azm9+PodHNXxjx/Idx9zvR2BOT2LhS4lsqpN70ndu5sXnVrDsvXQyHNBUjshKT2Lp68cout5KzDXmv2b530zsEEj/YB1Jp3OxFxS2/ABHRXlV7mziq9E8m9ejj51NL68j5XRu1WfBnnW8+H4+5rETmNLMuLmWuDim+J1lZYP1nk88i2ViHPH11vMmdmIE5sMprDnsR1xcVONttfHzImfjGpZ+cKDq86Lmc+ulFSRmAzhIXfUKC/+aRErtdtJZsy0LAq3YWhhy1jx+Bs9MMJH2xl9Y/HYKGdlV73PWsRTWLPsLzyeXEPvkrI4d6jx8HFMGFpL0bjp5I23NvtcuwyeKR3/6A37zQJSKnHLDaSw0ERERaZ5lIrdFfsA7Z8YzaUwzpw0Dp/HjmGxWrV7CO3YneAcSedcPSLhz+NUTDeNwZv7qlwxat5oPVr3CBw7A5Ev4zVOZ9WB0+09IImay8IeBJG7YxF9fegcnVfNaznxmNhOb6nXqKozDmTnvPi6v3MKql3dB8DQWLryHHzziZO1Ha/nrxuKqYYD9wol88Flm1wxb67xMgb0A32Jn0z/j5LK9gALv4nYWjUVEREQaC5r0XV65OZ2kzXtJevsIidUdWDz9/LCOjmNRvbnMApny73MJTd7MmvfWkVQIGE0EDYpg5vfvbHoYQABjBLP/zxMMe3cTiW+sJdEBmExYR45l7sNXhwa0THyC53w3s2LzHl58IQWMJizhYcQnxNZu2zLxIZ45t44Vm9bxq/frzrspIt2VOXIGLyw+TtLGPaS8t471NXnKPxDb7fG8MMVGUPXllCXuUZ4598/aHOEZGMbMeTOIfDOR1OuK4hrzX0vbm3MvOa8lsX7ZahKxMn9pAjHNNc9LZ+lvmpofFELveYLn7u6gqtvACfxybC7LV65mpR3w9sMWP4M5UyOaHsYVqnL8Lx4iKPFjEv93NSud4OkXiO3BBOZObOKdiRxDnOU4SYGjiA9vYltt/Lx4ITiZle/uYOn25KphcwODibtnBjPDAbyJTZiB/b0U1r+RzkoH1b8vG8/Ma2bY2lp+2BJ+yJLoFNZ8cIBlL6dSVgF4e2ONjGL+7MnEBHV0qSWQKRPDSHz7AnFxzQyZKyIAGCorKyu7OggREbl+Bw5ltqt9QC8vDAZD7RfQ4vfU/R4w0Ey7Ov+2tqzh9235ubXlzWlve1+z6z8LdO78JUL6dfJklBUZvPPbv5N91yKevaNhP8lckpcsYWv/J/nD46M6Nw4RuWFuSG5pJ1eMSUTcnyvmFleMSaS7ulzQ5KCnbq23f9M9R10xt7hiTNJQLpteWs360HhefbKTnx6xp/D8c/uwznuWOR0yyWX3kP72KyzLGcuSn8RxvR06u1vOay7fgXvkl2INP9GhNHStiIiINKtgdzKfOSKZFOuyg8GKiIiIiIiIiBvLSDpAVmAUU1TkvMqewqa9Tmx33HrdRU6R7k6FThEREWlaxWl27DyNb8xEor26OhgRERERERER6XaK95L0mQPrHeOuYbjf7uvkx4c46R3BlGjvrg5FxOVp6FoRkW5CQ9e2TEPXioi0jSvmFleMSUTcnyvmFleMSaS76m7DOIKGrhWR5nW3nKeha6Uu9egUEREREREREREREREREbfj+t1VWpH1dS5fff0N2Tl5fHXmG06dzmHooFAGD+xPeGgQgwf0xzoguKvDFBEREREREREREREREZEO5NaFzrff385HKQeoqKiot/zU6RxOnc4BwGg0cmfcGL7zwJSuCFFERERERERERERcjMEA3WlCr3bO1iIiPUx3ynnKd9KQWxY6vzpzjpf/9g6FRSUA3B9/G2H9gwjv35fQkL7knLtA9jcXOPtNHhuTdvPhzjR27/2Sn/zgEQYPDOni6EVERERERERERKQrGQwGKrvLXX+qjkdEpDndKecp30lDblno/N3LbwLgZ/ZhznemET1qOABHT5ypnVR33OibYPRNDAwPZuXbWyksKuF3L7/Jq0sXdFncIiIiIiIiIiIi0vWMRiMVFeVdHUaHMRqNXR2CiLiw7pTzlO+kIbf7H/Gvjz4DIKx/EC8//+PaIifA0ZNnWLL8nxw9eaZ2WfSo4bz8/I8J6x9Ub30RERERERERERHpmUwebndbtEXd7XhEpGN1pxzRnY5FOoZb/Y84dupr1m36BICfzHuoXevWtF+36ROOnfq6w2MTERERERERERER92AyeXR1CB2qux2PiHSs7pQjutOxSMdwq0LnZ2kZAMx68E4C+vi3a92APv7MevDOetsRERERERERERGRnsdoNGLy6B43y00eHhrKUURa1F1ynvKdNMWt/kec/vocAFER1mtav2a9mu2IiIiIiIiIiIhIz+TlZerqEDpEdzkOEelc3SFXdIdjkI7nNv8rKioqyMrOxdfHi9CQvq22P3riTKNlI4YPxNfHi6zsXCoqKlT5FxERt2YwGKisrMRgMHR1KCLSTbhqTlG+E5GO5qo5RflO5MYymTwwmTxwOsu7OpRrVnMMzXHVnKJ8J3LjuXvOay3fgevmPOlcblPorClOhvQLaLXtxqTdbGR3vWUL5z8KQEi/AL46c46s7FwGD+zfKbE2J+2L4yxfuaHN7W8dM4LvPnYPSR/v5VzeRWJsEYwZNbwTIxQREXdiNBoor6jE5KETOBHpGOUVlRiNrpdTlO9EpKMp34lIDR9vLwrLi6ms7OpI2s9gqIq/Jcp3IlKXu+a8tuQ7cN2cJ53LbQqdAZaqOTkLi0pabDdi2MAWX69Zv2Z7N1JgQG9uG3dzvWX5Fws4evIMfQN7c9PQAfVeG2oNxVlewaGjX3EiM5t+ffuo0CkiIrVqnsIzeWiEAhHpGE5neatPyHYF5TsR6WjKdyJSw2g04OPjTXGxo6tDaTcfH+9Wb+gr34lIXe6a89qS78B1c550LrcpdFp6+9E3sDfnL9gpKnZg9vVu1GbGtIktbqOo2MH5C3b6BvbG0tuvs0Jt1uCBIXxv1rfrLUv74jhHT55hqDW00Ws1fvH0YzciPBERcTNeJhNlZU58vD27OhQR6SbKypx4mVzvEkH5TkQ6mvKdiNTlafKg0seLkpLSrg6lzXx8vPBsw8185TsRacjdcl5b8x24bs6TzuVWj8zUDDWbc+7CNa1fs96NHrJWRESkM3h5myhxlHV1GCLSjZQ4yvDydr2LQuU7Eeloynci0pCXpwlfX29cfWo3gwF8fb3x8mxbDlO+E5GmuEPOa2++A9fNedK53Oo3HhbSl33Ae5tTWPijR9u9/nubU2q3407+tvoDPj9wlPlzZhBzS0S9ZfMen05evp1tO/ZxpbCYPpZezHrwTsaMHM7eg0dZ/68Uzl+w4+XlyeQJtzDz27fj5XX1SamKiko+25/BxqTdnL9wCYMBrOEhPHL/pFaHARYRka5l8vDAZDJS4iht0zwFIiItKXGUYjIZMXm43jA/ynci0pGU70SkOZ4mDzzMvpQ4SnE6y7s6nEZMJg98vL3aPP+c8p2ItMSVc1578x24ds6TzuVWPTpnTJtIeGgQR0+e4e33P27Xum+//zFHT54hPDSo1SFu3clb6z8i+ZM0oiKsDB0Uiv1yIX9f8y9W/nMrK/+ZREi/AKJHDcfDaGDbzn1s3Landt3KSticnMrf1/6LouISxowcxuibh3HufD4v/+1d9n1xrAuPTERE2sLs401RkXvNqyAirqmoyIHZp/H0EK5C+U5EOorynYi0xGg0YPb1xuzr7TI3y00eHrUxteemv/KdiLTG1XLeteY7cP2cJ53HrXp0AjyZEM8Ly9bw4c59DBscxrjRN7W6zt6Dx/hw577a9buT4KAAnpn7EGZfbyorYXViEp+kprPv4DF+9NQMRo4YDMDBwydZvnIDXx79inum3Iqf2YdDGZls+nAPQ6z9+Y/vP0gvP18Azl+w8/Lf3mHLR58RFTGoyflQRUTENXh7e1JcUkphkQM/s/K1iFybwiIHRqMRbxeeI0n5TkQ6gvKdiLSVyeSByeRBRUUFTmc5zvIKKioqqKyspLKy8/ZrMIDBYMBoNGLyMGIyeWA0tr+vivKdiLRHV+S8jsp34B45TzqP2xU6hw4K5f7429iYtJu/rtrI8bho7plyKwF9/Bu1vXipgC3bP+ejlP0A3B9/G0MHhd7okDvVrWNG1BYiDQaIirDySWo6gwaEMHxweG27gWH96N3LjytFJZSVOQE4cOgETmc5d0y4pbbICdCvr4Xx0ZF8lHKA8xcuMWhAyI09KBERaRf/Xr5cuFiAp6dHu+YtEBEBKC1zUlhUQt+AxufTrkb5TkSuh/KdiFwLo9GIl5cRdxpcVflORK6Vcp64I7f89JgxbSLjoyN5/a0tfJSyn09S0wnpF0Bw3z6EhwaRnZNH7oVLnDt/kbIyJ0MHhfLdx+6hf3BgV4fe4QIs9f94Paq7l1t6+9V7esFoNGKo09Xb4Sjjm9x8AFa+vZWVb29ttG2DwcDFSwUqdIqIuDgPDyO9/c3YLxcSYOmFydT1Q42IiHtwOsuxXy6kt78ZDw/Xn9VC+U5ErpXynYj0FMp3ItKTuFvOk87hloVOgP7Bgfzqmdm888FO9h08xtdnz/P12fOkpR+vbRMUaGHs6Jt45L5JXRipa6qorKSius/5iGEDCWzmaYc+Fj0FISLiDny8Pams9OWi/QqW3n56ElZEWlVa5sR+uZBefr74uNHwPsp3ItJeynci0lMo34lIT+KuOU86ntt/ajxy3yQeuW8Sefl2zpw9z5nsXAaGBzMwrB9BgZauDs9l+fp4ERTYmxOZ2UTbhjP1jpiuDklERK6Tr48XBoOBS/ZC/Mw+muNERJpVWOSgsKiE3v5mt7wgVL4TkbZSvhORnkL5TkR6EnfPedKx3L7QWSMo0EJQoIXoUcO7OhS3MT46ir0Hj/FRyn5uuXkY/fpeLQwXlzjIys5lxLCBXRihiIi0l4+3J54mfwquFJN/sRSz2Rsfb3eaWUFEOlOJo5SiIgdGo5G+Af5uPbSP8p2ItET5TkR6CuU7EelJulPOk47j0oXOI8ezyL90GfvlQpzO8g7fvqfJRGCAP739/YiKsHb49l1d1E1WJk24he2fHmDxH14ncvhA/HuZycu/TGZWDoF9/Fkw/1EC+2j4WhERd+LhYaSPxQ+Ho4yiEgcFV0qqLhg9TZhMHngYDRgMhtY3JCJurbKykvKKSpzOcsrKnJQ4yjCZjPiZferN5e7OlO9EBJTvlO9Eeg7lO+U7kZ6kJ+Q86RguW+j8KGU/a9/76Ibtb8LYKL4/+94btj9XYPLw4DsPTCFy+ED+9dHnZJw4g9NZjtnXmxhbBNPvmqAip4iIG/P29sTb2xNneTmlDicljlKcheVUVFRSWT1Ps4h0XwaDAaPRgMnkgZfJREAfP0weHl0dVqdQvhPp2ZTvlO9EegrlO+U7kZ6kJ+U8uT6GShf8ZFjxj82kph0BYHx0JKNHDsPi78eS5f9kxLCB3B9/W732TS3fmLSboyfPsHD+o/Xa1l1eWFzCwcMn2fX5YQDuj7+NGdMmdvLRiYh0jgOHMtvVPqBX1fwXNV9Ai99T93vAQDPt6vzb2rKG37fl59aWN6e97X3NLvsskIiIiIiIiIiIiLip4iJnV4fQrbjcXdwvvjxVW+R84T/nEhRYNW/k0RNnatuMGH513khneTl9evfi9Nfn6GPpRUi/AM6dv8jpr8/RN7A3w4eE1xuneWPS7trvY2wRxNgimHzbaF5YtoaNSbsZOWIwwwaHdfZhioiIiIiIiIiIiIiIiMh1cMlCJ8DD902qLXK2xOThQXhoEIePfsXqxG21y0scpdiihrRpMtqhg0J56rFpvPHWVlI+O6RCp4iIiIiIiIiIiIiIiIiLc7lC56msHADG3hLR5nVqCp1HT56pt7xvQO82b2P44PCq/Z/OafM6IiIiIiIiIiIiIiIiItI1XK7QeSY7F4B+ffu0eZ2z31wA4NEZk7GGh5CZlcO7mz4hN+9Sm7cR0i+gelt57YhWRERERERERERERERERLqCyxU6r0Vevh2AIdZQhg8J50pRMQC5F9pe6BQRERERERERERERERER99H6BJYu7kphMRfyLwMwxNofgFtuHgrAufMXKSp2dFlsIiIiIiIiIiIiIiIiItI53L7QmZt3iTKnk4A+/nh4eADgaTLRy8+XsjIn585f7OIIRURERERERERERERERKSjGSorKyu7Ooi65i1Y2tUh8OrSBV0dgohIux04lNmu9gG9vDAYDLVfQIvfU/d7wEAz7er829qyht+35efWljenve19zd1idHcRERERERERERFxIcVFzq4OoVtx+x6dIiIiIiIiIiIiIiIiItLzuFyPThERuTbq0dky9egUERERERERERGRrqYenR1LPTpFRERERERERERERERExO2o0CkiIiIiIiIiIiIiIiIibkeFThERERERERERERERERFxOyp0ioiIiIiIiIiIiIiIiIjbUaFTRERERERERERERERERNyOCp0iIiIiIiIiIiIiIiIi4nZU6BQRERERERERERERERERt6NCp4iIiIiIiIiIiIiIiIi4HRU6RURERERERERERERERMTtqNApIiIiIiIiIiIiIiIiIm5HhU4RERERERERERERERERcTsqdIqIiIiIiIiIiIiIiIiI21GhU0RERERERERERERERETcjgqdIiIiIiIiIiIiIiIiIuJ2VOgUEREREREREREREREREbejQqeIiIiIiIiIiIiIiIiIuB0VOkVERERERERERERERETE7ajQKSIiIiIiIiIiIiIiIiJux9TVAYiIiMj1cJKXvoPE5EOkn3FSBmAyETpwIHHxU5lykwXPrg7xujkpKiikDBNmf7+uPZ7cZBa/dICySQm88IC1ySY521aweAvM/MVcpgff4PhEurv0ROa9kUXoPU/w3N3t+wNLW7WU5QetzF+aQMw17LN1lqq/e0sh9lInnl4WzN6dFJOIdH8FWaQk7WDTvlzyHFWLPP0DiRwXTcLdYwhtJb80Un0OwzXkT6jJV5bmz2+qt58zOp5Xn7S1b+POQuzFTjD5YfHVbSoRERERaR+dQYqIiLitQtLWvM7yfQ48g8OIu2cow4Ig79QpUvdlkvjXFSRNeYgl9w3p6kCv0xFW/iaJNFynGJC3cwPLh36X+Ta/rg5FRDqbdRxzH4+os+As2988wkmLlYT7I7DULvfGaoGcnWtZvMVevxh7JpUVn2QTNHoqM0daEBFp0Tc7eP6/95JV4c2wkTamjA7GUpBL2henSN+ezOJPjjBn8SziustpyJHNLHwjC+oWSZU3RURERKSNVOgUERFxV9mfkrjPgdk2lReeGoO5Znl0LNMfdpK3ZwMpge5e5ASwEv/4VGKwMKyrQ6nlIO3tzaQOTyDWt6tjEZFOZRlCbHTdBR6kvXkEvAOxRY8htEHzMtvtzA1yYA6tc2P+UrJsprAAACAASURBVBap+7II7edg5sgbELOIuDEHqZv3kuW0MP1nc5nZ/+orsZOAguMkJuXTrZ61qnmgJLDOaBnKmyIiIiLSRip0ioiIuKm8jCzygJjRdYqctUwETXiImTc+rE5gYVj0GBcqcoIl3EJZdhYrlidj/clUQjXruYhU8+wfRWz/1tuJiDTtFOlHgKAhTecS/wgSHr7RMXWyRg+UiIiIiIi0nQqdIiIibsri7wfYyTh4gKLopoqddaWzfEESacFjeO4XU+v0QGq8vHbOuP9/HDlvbmXTsar5MYNuGsWcx6YS6V9/y3n7N7Ni83FO5jvBaCLUNoG5s2Ox1pxlVM9vF/P4XOKyN7BmVy55ljH8ekouv3/7LEFTEnjhvvrzXZbtW8uP1pzF+sB3WTTJyaaXVrOeOrFX5JOa+D6JB/OxOwBvb6yjb2XOjFisvs3EBpgHWpn+wL3ED6npBpFbu+1Fj/diU+Ie0s84sT21gPktTC9ltt3LfNtmFm85wIrkKBbdHdbiu28/k8qm9/eTeqaQIifg7YdtyjTm3j3k6u+t9n36LjHH1rFyr52yCrBEjmH+41MJ/SaZFWsOkZ5fNYeV7f4ZPBNXf7+t/i5EuqmizBRWvr+vdq5iz8Bg4u6dzuzowMaNizPZVDe3DYpi9px4bP6Nm16Tmr/lpxYw31adY6tfytmymnlbgOqc26SKfFLf28T6mnn5vC3E3BfP3InWbjDnsoi0zg+LP5CXSeo31OvR2ZSqucHt1Tmn9eXgJG//Opa/l0lWIXj6BWK7Z2qn5Jiac8q5vxlD3lvJbMoopAywDLEx5/vx2GrO2erNH3quxbzZsBe9iIiIiEi36H9QUlLK4aNfsW7zJ7z4P2v59e9f4+lf/w9P//p/+PXvX+PF/1nLhq27OH4qu6tDFRER6TCeo8cQ6wdF6cksfG41K7Yd4GRe1Q2k63eFpNc2kMpQZs6OY6bND3vGAZb+1zrSHVdb5SSv4FdvHiHLFMbMhKnMiQ+Dwyk8v2wHOQ22mLV5Lcs+ycczzErs4F54jBtDnC/kpWVwsl7LfLZ/chaMYcTHNlGkwEHqG6+z4rN8zJFjmPN4HDNHWbCnpbD0g+NXY9tWE1sw8Q9MZc49QwjKzyLxT6+z4rCjwSaPs/zlFNIv9SZy7BBCPQtbeX9MhN49g5nhkLVlXePt1dv2XlYuSyHF7oftrjjmPh7LlGAn6VvWsTQ5t1HzjPfWkHgujJmz44i/yRt7xgGWvbaapX85QlHkWOY+EIXVu5D099ax8tjV9drzuxDpTorSE/nVn1JJu9SbmHvimPuAjWHGXLa/+TrPN/obayK3Zaaz7L8SSSvujOiqht6eG1eVyyy2WOY+PpW5D0QR1GT7XDa9/DorduXiWZPfIiH93URebCJfiEh3ZCXudgtgZ9PSV1j8ahJJx85S1MKpRnuUHd3Ki+/bCb0jruqcwphP2ruJvLjtbMfsoJELrF+2gVTvCGY/XifvvpaCvcn27c2bIiIiItLTufXz/fbLhezYfZBPUtO5ZL/SZJvzjlLOX7jEya/OsjFpN4MGhDDptluYNOGWGxytiIhIB/OOYu7PTIS+lcymjFxStySTuiUZTCasI0cx/d7JxARd60d9PvaBCbzwQHVPy+hYYratYPGWTNZsy6rqgenYS+IWOwSPYdHPaoZvHUPcwA08++oBko5NZs5NV7eY5+jL/N8kEFOnx+WUCTtI2X6ElIx4hkVWL8zey/YzEDTpdmK9m4rtGGmHgeFx/PLJ2KoekdGxTH80l7zC4Komjr0kJtkh0MaCn8UzrCa2uL0sW7yD1PU7iB8ZT20/Unsh5ntm8UIrPTPrC2b6/HiyXkgi9e0NxPyq/rHV8h7HnP8TgcVydb6+2NF9KVu8mZSDR8ibGlzvxl3RwAm8Mm9c1XGN7k3R4s2kZOZi+c4PeWZ8VU/U2IBC5r2RRfqRLLip/b8Lke4ji00bsigyhjHnF7OIq/4bjI2LJPGFRJK2JJMaN6tOLmmc2+JSXmfhe1kkJmcR06B3+fWrHnrbdJwVKfmYw28iNjq42dZl+5JZnw2hd8/iuXvCamO0vv0Ky7bvIWPqDCKbXVtEuovQqU/xQp8NLHs3k5yMdBIz0kmkurf61MlMH2/Fco2Preed9mHOc3XzZQQrf7OBlKQdpE6a1cy51/UoxHNs3Zw2BF5azfrMM6Q7IK7R/tqXN0VERERE3LbQuWP3QT7Ytqe2wBnSL4DRI4dxS9RQ+lh6YentB5Vw0V7AN7kXOXz0K748dprTX59jdeI2du7+gul3TyB61PAuPhIREZHr4B/B9HkRTHcUknX6EOl7j5FyKJesgwdYfvAIMU99l/k2v9a304gfsbH1b/iHThqDbcsO0o9lkoeVoBNZpFdAUKQVc6H96lP54SEM4zgnT+fCTVdvTAVNvL1RIdB6xyis21NJ2bWX2ZHj8ARO7j1GHoEkfKu5gkM4kUMg7dR+1uwJZubogQT5msAUTFBNLfFYZlVsY0dVFzmr+Y4jduQO0tOzSM8Da22F0Ur81PYUOWu2Z2NOQgYZb2Sx/M29vDJvXJPN6hY5cRRiLzVh9gPKnI164FqHDr06nK2xL0H+QLGV2HF1fo8hgYSSRY69+l1v5+9CpNvIPU56PmCLqr1pD4DRStxYP5K2nSX9BMSOrHmhcW6z3GrD9l6d3HaDQm9KxtGzgB+24X7YC672dbIOCobPcjmZ+//Yu/ewqM5z7+NfhoHhIAwiooCCiCiKo4AHlKDGmGCixpgY08Q2mljTNm2a7N2k6e67m+zudnenB9PupIe0TZpzTVLTxMRolMRYCR7wgCIe8IAoCigiCgjDwDC8fwwQUBRQhAF/n+vicmatZ6251+DcrFn3ep4HYvRRFrkBGAkadw8/G2enquQEufsPsyHzADknitmwYgUbNsfxs6udIzz24nwZTfI4E+lpF+fLzmImcXzzc6xgQkKA4krKygDlNBERERG5Rj2y0Pnxus2sSt0CcNkemmfOluFuMBAyoB8hA/oRb3EWNNO27iFtyx6OnzzNn177iK/dNZ1bpyZ0+TGIiIh0KpMv4cMTCR+eyGzslO38kGeX55P58SbyLc16LrabmZCLr/abTM65mxqKc7XVzjHUStI+5qm0VnZRdJrmV6/Cw1opJJonkBKbwSv7stlQNp4UvwOkb7dB7CSmmy9t7hTI9G/eQ9Xb61i94gMyVgAmX6LGTWLpXXEEGaG2xjknp4f7pac6Ho0XBR3NFgYHEn6VPSN8LAv4j9te4dnPNvL8Z6EsvbiBo4yc9WtY/mUhRRePiNvKxb2g4NaG620Wdys6+rsQ6TVsdc6bBQzul65r+PzXNv+styO3dR87VZUAlaS+9AqprbTI10dZ5AZjxCcoEsvUSCxTU8CWz8o/rmB1wW5W7Erm8XEd737Z2nmGj48XYLsoX7ZkNpuAaqo6PMx3K3lXRERERKQT9bhC5579R5uKnFMSLSy6LwUAa7WNHbsPcTivgCN5Jzlz1nkH9ID+fYkZFk5k+EAsI4cydZKzKPqXN1exI+sQ7320geCgAMaMGtptxyQiItK5jJjH3cT01HxWl5RRApcvdDrqLrOijKISYGCzRTabswjgYcQD8PB0nkaYLYksGNvn0l0Etqe8aiIxKZrl+w6TkVXKdN/dpFuNJCc5e3delncksx/5DrMdNqpKC8nems7yDev5cZmdPy0Z3xRbbZ39kk2bLuJ14kzlISmzmLf/HVauXcNKi53mp1hlWz/m+bXFeASHM29WNEEmgAtkrsogs5Nev3N+FyI9kMndmStay2UNn/+WNwm0ndu6jxEPE4CJhDnJJARc2iJIH2WRG5spnHnTw1n9dj4lpW10h2zlHAigpLiUi88Mq6qqgSvfVBXUzxcoJfdEGUS0cjfa6VKKgKDgflc8BBERERGRztajCp15+af4/d8+BOCxJfMYGxsFwN6cPFZ+uonjJ083tQ0KNGMwuHH6zDlOnznHxi1Z9Ovrz/TkeGbePJ5vL7qTkIaeob//24f8vye+TmT4wFZfV0RExCUVpPPG/gHMmxF96TxNpw6QWQJEhuD8a9nPeTd9SSlFDpqGOqvKOkxOqzuvJCMjn3l3fXUhrGx7NtlA0PBI59COwyOxGPLJvgAx8XG0uORlt1NrbOdpRkwcyYGHSf1yPa/4FkKghelXnITORklJNUFBZjCY8AmKJHGOLyX73mJlkfMiW3hjbDv3kpsS+tXwtdYdZOwDAsOxdGbvAkMosx+dQf4v1pOZDTR7N6oqnb0tLbMWMNvSLI7lQGfNg9VZvwsRF5d7xHm+H9Q4HHRwNJbA3RTtO0C6Ne6r4Rgd+aTvrARDKJYWM1VcmtuK0na3zG3XQ0OP06oLF3frbskSGwpZhZR5hJMY37LXVa3djoc+yiI3ABsZH62Gm+aSeMlc65VkZBUCRqIinEXOkCAzUEbRqWKwNBQ+HYVkZF0m31ycL63ZpO60tZIvWzJboon6KIPc1FQyx100L7mjkJVr8gFfEixXMRVAa9qZN0VEREREetRX5b//83MAvvXgnKYi5x9eXUnWvlzA2cNzxLBwooaEEBTovPhxruwCuccK2b33CBmZB3h/1Ua27tjPfz21iLkzk6irc7BmfQZ//+fn/OTfv9E9ByYiInIVcnftJX1DBukbfIkaHo4lJpQg0wXysw6Tsa+UMoOZefcmNxS9Qkmw+LJ6Qz5v/CWVqknBUHKY1Z/nU9Xq3s345H7Isy+PJHm8mdrsbFZnlYFvOAtmNBQITONZkLKb7LUZ/PhXJ5g+eSThfhfIz8oj40AZlm8+xuLh7TmScFKmBJL6UT6ZpRB+1/grD7Vbtp2XnsugaGAoyXFDiQqCkuxsVheDz9gQQlrEls3zvznL9MkjCbEdJX1THrkOE4nzpl3FcL5t8I5j8dcOk/N6y/c0JCIYH8rI/OdrLD8XT7jtKOlbCinqrCIndOLvQsQFleWRcbTY+TnPcl6MTxzb+AEKZ/bccNJfz+eNX71Gzk2jsJjKyNiSTXYphM+aQWKLz9rlclskC2+7jt0lR1pI9s0jffNqnveYQHJYMDHxkZc084ifxryN77Dyw9d49oCF5PHBmCuKydxzlOziUB7/6VxiOrE3uoi4oMpsMjbnkZ32AssHh2IZNhhLWB9qSwrJzDxAdjH4jE1hQePf9VENNzulfsArpklY/C6Qu3E3G0pa3705pJKVTfnyLBu+OEBuZWv58uINk1l8+2F+viafl376CpYpMSSG9aGs4ADpmwspskH47XNZENZJ78Nl8uZlZzYQERERkRtWjyl0pm11zqs5ddIYJsSNAOAnv3yV02fO4WXy5LEl8xgxbDAAVVYbJwqKMRrdCeoXwPixwxk/djjBQQGsSt3CyaIz/OHVlTy2ZB53z0pm38FjHD95mrStey6Z61NERMRVRc35DsvGZpC6dj8ZRw+wMvuAc4XJRLglkaV3JxPj91X78Fn3sbTyI5ZnZvPGEfAYGM6Cx2eQ89v1rQyhamb2ozMoensdK9+upNZgJCjSwsLFKVia3cEfcttSngtNZfknB9jwUSG1gIdfIJbZM5l3hV4Bl7xaogXLqo1kE0pKYutzVH7VeBKPLiznlc8Pk762kA3gnKMzaQZL77Y0DT0ZcttSngtawytrDpP6USEAPoPDWbB4FimRnVll/IqPZQGPT/0zv2w+T+bwuTzzjQ946cM8Nny0Hg/fQJIXzsby0Qes7MTX7qzfhYjLsR1l9du7KQI8AkNZ8NCCFhfjfSwLeO6xdN74aCeZa9PJADwCg5n+jdksjL84n7SS22LiWHz/DGKuT1pwMkSz+LvTqHp3E9kb0skhnEdbKXRiCGX2vz1M+Jp1rNiWzYocwGDEHBbKvEXTVOQUuRH4jufxX4STuSGd1MxCMjcWktEw7L5PcDDTF85kwbjgr4baNo1n6XfLeGX5XjI+Wk+G0ZeoKTN4MmYTz39WdsnufSyzeDxoKy+uSCfDRtN5ycJxbU8AHDLjYZ6LSGfF2r1kf5lBtp2GHBXOgjkppAzrxDLkZfJmQue9goiIiIj0Em719fX13R1Ee/zP797m+MnT/OTfv0HEoAH84+N/8dnGnQSY+/CbZ7/d1G5H1iH+8uaqpucB5j7MuW0S0yaPbVr2yJPPA/DEI/cwOiaStK17eGvFZ0QMGqBenSLSY+3em9eh9n37eOLm5tb0A1zxMc0fA25cpl2zf9tadvHj9jxva/nldLS9t0+PuReo02W++TwvZYXz6PMLdDFJRERERERERESkE1mrWp9PXa5Oj7iKu2XHfo6fPM2EuBFEDBrAgcP5fLZxJwCPf/PupnYfN8y5CRAY4Iejvp7zZRd4+/3PGdg/sKnH52NL5vGHV1ey8tNNRA0JZeqkMaz5PIPjJ0+z7+AxYkcMuW7HYq2u4cVXPuBIXkGr6z09PRgaHsKsWxOJGRZOB6/Ld5tjJ07zRXomvj7e3JkyCR9vr+4OSURERERERERERERERHqxHjH4UUamcyi+4UMHAbAr+zAA8+dMZXCYc3gVa7Wtqcj51KP38atnvsVvnv02D91/OwAr125q2t/Y2CiSJ47m+MnT7Nh9CIDohn0fOHS8C44I3N0NWEZGMnn8qBY/A/v35dDRE7z4ygekZ+zpklg6Q+m5crbs2E9m9mFqar66G+Gvb33CI08+3/S76UlWpW7hkSef569vfdLdoYiIiIiIiIiIiIiIiMhFXL5Hp72ujn0HjwEwbqxzbs7CU2cBiBv91YRTpecqAOjfL6Cp5ybATRNi+fs/P+dUcWmL/cZER5C+bS+H8wqYMsnC2Ngotu7cz5Fjhdf1eBp5enhwZ8pkIsNDLlm3K/swf1v+KakbdxI3ehh+fXy6JKZrkTAmmpeff7K7wxARkU6QsOhJXu7uIERERERERERERETa4PI9OssrqgDw8/XGr483AMdPnsbDw8jA/n2b2hkMzjFea+2Xjm1cW2tvWt8oaoizwHgk7yQAYQP7tXi97hQTHU5YSBBl5ZWUlJZ1dzgiIiIiIiIiIiIiIiIiLsfle3Q2Fh4D+/oDcPrMOaptNQwK7d+iXVC/AALMfThfdoFN2/dx04RYwDlvJ0BURGjL9oFmggLNnDlbxpmzZfQ1+zlf70L3Fzovp74eco7k88HqL8kvOE19vbMH6123JzEhLqbFfJ4Xt3U46jH7+TI+bgR33Z6Et5eJvPwifveXfxIWEsR9c6ex8tNNHDp6krGjolh030x+/zfnXKKPLp5Lwpjopn2fL7vAc79/B4Aff/8BAsx9Wuzr8aX38Hnazqb3Hpy/h4/Xbcbby8S/f3s+fc1+Tfv4zqI7+XR9Btk5eTgcDoZGhLLkgdvx6+PDR2s3s2lbNtbqGgLMfXjg7luIHx3d4lit1TY+WruZjMwDXKi04unpwThLNPfMmUKAf5+mdn996xO27z7Itx+cQ/mFKj79Yhvnyy7g6elB0vhRzJ8zFS+TJ5l7DvPSGx83bbd990G27z4IcMl7ISIiIiIiIiIiIiIiIt3D5Qud3l6erS43uru3eO5hdGfObZN4+/3Pef3dtfz9n59TW/tV7847Uya3so9mHVrdLlndbbIP5JFfUMygkCAG9A9sWr59dw6vvbsWg8HAqOFD8Pby5GDuCV75+xpKSsuYNSMRcBY5V3++lY/Xbcbd3UDUkDCCAv3JLyjmi/RdlJVf4JFvzGna7+kzpfzuL+9jq6nFv48vjvp6amtrr+kYBof2Z/L4URw6epKzpeUMDgtmUEgQnh5G+vh6N7Urr6jk//76Pn0D/Bg3ZjiH8wo4klfAH1/9CL8+3hSePsvomEjOlV3g6PFCXl3+KU884t00p2qV1cYfX13J4bwC+vcLIHbEEM6eKydj1wGO5hfxg2/f21Qkb7Tmi22cLS1jRNRgGOwsCP9rcxa19joevPc2Avv6M3n8KE4WlXCioJh+gf5N88NevC8RERERERERERERERHpHi5f6BzQvy9eJk/KKipbPK+ovLTn5bTJYxnYP5CVazdxqrgUXx8vBoX0Z/pNcQwOC27RttpWw6kz5+jfz0z/fmZOnzkHgH8XzYdZU1vLqtQtLYp+Dkc9efmnOHP2PF4mT2bNSMTH2wTAicIzvLtyAwH+fXjikXsYGOwsgDYW+v61KYvxY0cQHBTAwdx81n6xDV8fLx5bMo+oIV/1Zi08dRbcaDGUb8UFK+PGDGfx11Lw9nK+nrW65pqOL270MOJGD+Ovb33C2dJy4kcPa1FsPl92AQC7vY47bpnInSlJuLlBWXklv/nTexScKiE8LJj/enIx/n4+1NfDWytS+TIjm117jxA9dBD19fDBmi85dPQks29NZO7Mm5qOa9suZ1F4w+Ys5s+e0iI2m62Gn/z7g/TvZwbgSF4BL77yIfsPHqes/AJDBg9gyQN3sCp1CycKihkaHsKSB+64pvdDREREREREREREREREOpfLFzoBIgYN4GDuiRbPj5041WrbEcMG86PH7m9znycLzwAwLNLZU6+x8Obv1zWFzro6B9kH8i5Z7unpwU0TYpmTMpl+zXoPHso9QcWFKiZNG9dU5ATw8TZxc9JYXv77GgpPlRAcFMD2XQex1dQydfKYFkVOgNCGuUib69fXn/vuurmpyNmV/Pp4M27M8KahaP39fBkU0p/TZ84xbuzwpt+HmxuMjA7ny4zspt/VhcoqDh45gdnfl6QJsS2Kt5aRkYSHBXP0WCE2Wy0mk0fTuluS45uKnAAhA/rRv59zGOOyikr12hQREREREREREREREekBekShM3RgPw7mnmBX9mHiLdFNz9du2M7t0ydc1T637NgPQHRkGAB7DhwFYHjUoM4Juh2az/dYZbXxwZovSduyhzqHA7O/b4u2jYXdzzbu5LONO1vdX+Hps4yMjuBUcSkAw4aEtSuOvgF+3VLkBPDw8MDXx6vpuVuz3qYDmw3bC+B+0XDFpecrKK+oospazX8+92qr+w8KNFNtq2lR6Gycj7WRwWDA09Pj4k1FRERERERERERERETEhfWIQmf00EFs2LSbXXuPEG+JJt4SzYZNu1nXUOhM27qHtC17OH7y9BX3MyJqMJMnjGJg/0DStu4hYtAAxscNByBrX25Tm+7g421i/uypFBSVsHXnASIGDWDGlISm9XV1DoCmuS5bEzqgH476ehz19V0Sc3dzOBzU19dj8vRgdEwknp6X/nf29fHGw8O9la1FRERERERERERERESkJ+sRhc4JcSP4cE06W3bsZ8aUBEZGh3PbtHF8tnEnjzz5fLv3czD3RIshcOfdcRPeXibStu7h9JlzBJj7EBUReoU9XF/eXp7cclMceflFbNySxfi4EZj9nD07B4X2Z/vug0QOHsiDC2674n6CAv05klfAkWMFTT1GO8robsDTo/X/HmfPlWO1VuPt7dXq+ubc3Q1X9frtERjgj6+PF7aaGu5MmUzYZQrAV+t6xi4iIiIiIiIiIiIiIiLXpkcUOgHGjYlm7YbtpG3Zw4MLbuO+uTezZ/9RbDW1TEm0MG3y2EuGe73Y8ZOnSduyh7StexgbG8XomEgA0rbsAWBKogUvL8/rfixXMjY2iujIQeQcySdtyx7uTJkMgGXkUD5PyyQz+zBJE2JbzL1ZU1PL0fxTREeG4e5uYGL8SHZkHWLLjv2MGzO8RdvCU2cxGg0EB/W9YhweHkaCAp3zWB49Xki8JRo3N7DX1bFxSxbW6pp2FTpDBjjnBM0vKMZeV4fRvfN6V/r7+RIbM4SNm7NY96/tLLovpcX+23uslxM6oB9ubm6cLjnPhUorfXy9Oyt0ERERERERERERERERuUY9ptA5Y0qCs9C5dQ8hA/tx65QE/uc/lvDrP77HqtQtfJmRzZREC3GxUYSGBDUVvGy2Gk4WlbB5+z7StjoLmgP69+WxJfMAePMfqRw/eZoAcx+mTR7bbcfXyNPTg5Sbx3PkWAFpW/YwIW4EA4MDGRTSn9unT+DDT9P59R/fZWhEKP37mam4YOXQ0ZMY3d35wXfuJWLQAEYODycxYSSbt+9j2Uv/IDI8hKBAf/ILiik8dZbJ40ex+L6ZbcYyIX4EGZkH+CxtJyeLSvD38+HYiVOcL6vEaGxfwbKxQJu1L5f/+d3bhIcFc0tyAgFtFKXbw80NZt0ykbzjRWzZsZ99B48xImowBoOBvPxTnDl7vulYG+f97IjIiBAGBvcl/+Rp/veFvzM0IpTxY4cTN3rYNccuIiIiIiIiIiIiIiIi16bHFDpff29d0+P3Vm7g1ob5K5/+3tdIz8jmjX+ksip1C6tSt+DubiA4KAA3NwOFp0pa7Oe2aeO4b+7NgHNezi8zsgGYc9ukNnuEdpWRw8MZHRPJ7r1HSM/IZv6cabi5wW3TxjM0IoRPPtvK4bwCjuQV4OnpQXRkGHNum0R42AAAjO7uLFqQQsywcNas30rusQIOHz2J2c+XW5Ljuev2pHYV/kZEhbP067NYsSqN/YeO4+5uwBITyeL7ZvLXt1e361gGh/bnB9+5l7ff/5y8/CIKikqIix3WKYVOgMC+/jz13ftY/+Uu0jOy2ZF1yLk8wI+5M5OYMSX+qoqcAGY/X554ZD7vrdxAdk4eGZkHGNC/rwqdIiIiIiIiIiIiIiIiLsCtvr6+vruDaMufXv+YXdmH6WvuQ3KihVWpWwB44pF7moafzT1WyJYd+zlZdIaTRSXYbDUAeJk8iRg0gNCB/Yi3RDMyOhyA7bsP8te3PgHgzpTJzJ2Z1A1HJiLSeXbvzetQ+759PHFzc2v6Aa74mOaPATcu067Zv20tu/hxe563tfxyOtre26fH3AskIiIiIiIiIiIiPYS1yt7dIfQqLn8V95W/r2FX9mHc3Q0s/tpMYkcMAWBV6hZeePkDpk4aw9TJY4gaEtpiLsqi06UYDG4M6N9yfsbm83QCfP+bvodIrQAAIABJREFUdzNm1NCuOyAREZEuZq+ro8Zmp8Zux26vw+Gopwfc5yQi18jNzQ2DwQ2j0R1PoxFPk7FT50t3Rcp3Ijcm5TvlO5EbxY2Y70RERNri0oXOt1Z8RkbmAUIHBlF4qoT0hmFmG/8FSNvqLFpOjI9h1IgIbpowGoCQAYFNbSouWNmZdZBDR0+yffdBACIGDeDr828lMnxgFx6RiIhI17HZaqmqtmG3O/AyeeBl8sTo6467wa3DPVxFpOepr6+nzlGP3V5Hba2dc+crMRoN+HiZMJk8uju8TqV8J3JjU75TvhO5UdxI+U5ERKS9XHbo2tfeXcvm7fvo19efJx65hz+/+QmFp0pwdzdQV+cgdsQQHn7gdjZv28fmHfs4VVzatG2AuQ9mP+cckKXnyqmotDatixg0gKmTxzB10pguPyYRketJQ9de2Y00dG1dnYOKC1YcDgc+Pia8TJ7dHZKIuIhqWw1VVTYMBgN+fbxxdzd0d0jXRPlORC5H+U5EbhS9Ld+JiNwINHRt53LJQufLb69m264c+vh68/1v3s3QiBCKTp9tKnbGW6L57kNzW2yTmX2Y/QePXzJHZ6PYEUNITBjJ5PGjuvJQRES6jAqdV3ajFDqrbbWUV1Th6+OFr4+pu8MRERdVWWWjsqoafz8fvHro3f/KdyLSHsp3InKj6A35TkTkRqFCZ+dyuau4n36xjW27cvD0MPLIN2YzNCKEo8eL+Otbn3D2XDmJCSNZ+vVZl2yXYIkmwRLd9LzodCm2mlr8/Xzw9/PRePUiItLrWatruFBpJcDsi6eHy/2JFxEX4utjwsPDnbLySurrvfH26lk9g5TvRKS9lO9E5EbR0/OdiIjI1XK5s+SMzAMALHngDkYNj2D/oeO8/PZqLlRamTppDA8uuK1d+2k+R6eIiEhvV22r5UKllb7mPhiNurlHRNrm6WGkr7kP58ou4Obm1mPu/Fe+E5GOUr4TkRtFT813IiIi18LlBm03eTr/APfx9WZn1iH++OpKLlRaSZoQ2+4ip4iIyI2krs5BeUUVZn9fXQQTkQ4xGt0x+/tSXlFFXZ2ju8Npk/KdiFwt5TsRuVH0tHwnIiJyrVyuR2e8JZqjx4tY9tI/mpZNjI/h4ftv78aoREREXFfFBSu+Pl4azkxEroqnhxFfHy8qLjiHRnRlyncirsPhcGC312Gvc+BwOKivr6e+/vq9nnPKeDcMBgNGdwNGozsGQ8fu3Va+E5GroXwnIiLi2lzujDly8EBSbh5P1r5cjEZ3EhNGcsctE7s7LBEREZdks9XicDjw9TF1dygi0oP5+pgoPVeDzVaLyUWHOFO+E3ENdnsdNTV27HV1Xfq69fVQX1+Pw1GH3V4HtlqM7u54eho71ONR+U5E2kv5TkREpGdwq6+/nvcgiYhIV9m9N69D7fv28cTNza3pB7jiY5o/Bty4TLtm/7a17OLH7Xne1vLL6Wh7bx+XuxeoVefKLuDt5YmXybO7QxGRHq7aVoO1uoa+5j7dHUqrlO9EupfDUU+1rcZ50d3FGI3ueJk8MRjad76nfCciV6J8JyIi15u1yt7dIfQqLjdHp4iIiLSPva4Ou92hi2Ai0im8TJ7Y7Y4u77XQHsp3It2r1l5HZZXVJS/6g7PXVWWVldp2xqd8JyKXo3wnIiLS86jQKSIi0kPV2Ox4aQgiEelEXiYPamyud2ep8p1I96mptWO12q7rfHSdob4erFYbNbXty2HKdyJyMeU7ERGRnkmFThERkR6qxm7Hw6NnDLErIj2Dh4eRGrvrXQhTvhPpHrX2Oqqra7o7jA6prq5pV08n5TsRaU75TkREpOdSoVNERKSHstvrMBrduzsMEelFjEZ3lxyqTflOpOs5HPVUV9u6O4yrUl1tw+G4cpcs5TsRaaR8JyIi0rOp0CkiItJDORz1uBvcujsMEelF3A1ubV4s6w7KdyJdr9pW4/LDN15Ofb0z/itRvhORRsp3IiIiPZsKnSIiIj1UfX09bm66ECYincfNzY16F7zSp3wn0rXs9roe3/unrWNQvhMRUL4TERHpDVToFBEREREREZEmNTW9Yy633nIcInL99JY80VuOQ0RE5Gqo0CkiIiIiIiIiADgcDux1Pbt3UyN7XR0Oh6O7wxARF6V8JyIi0juo0CkiIiIiIiIiAD1+CMeL9bbjEZHO09vyQ287HhERkfZSoVNEREREREREALDX9a4eQb3teESk8/S2/NDbjkdERKS9VOgUEREREREREYBeN/RhbzseEek8vS0/9LbjERERaS8VOkVEREREREQEgPr6+u4OoVP1tuMRkc7T2/JDbzseERGR9lKhU0REREREREQA6G3XyXvb8YhI5+lt+aG3HY+IiEh7qdApIiIiIiIiIiIiIiIiIj2OCp0iIiIiIiIiIiIiIiIi0uOo0CkiIiIiIiIiIiIiIiIiPY6xuwMQERGRrrN+2dOsK267XXDKUzx1a/D1D6hd7BRsWc77qTkUVNqvW2x7336aN0/N5KmnZuAqRy4iLshRRk56Kiu+KCS/wg6Ah68v4WPjWZiSSLhfR3ZWzOpfvcXKkBReXmS5LuGKiFw9OyU7U3nl88PkF9upBTCZCI8ZyexZ00gI6tglpcw3n+elojh+9qMZhFyXeEVERETkRqRCp4iIyA1k2qPPMNHRbMH+Ffz8n8VM/fb3mNasumc0dehK/XVl37ucv36YS9i0hTwxNYLAbo6t+PNlLEstZvSiX7NodAc3PrmZd9IriJ89kxjXeYtFpL0chaz+v3dYedpM8uxZLI4PxoyNkiPZpKam8/Otu0j57lIWRLrA16yKbFauOox5yj1MH9zdwYhIz1NJ5puv8VI2xEybxpPfjCTIBGVF2aSv3c1Lzx0gZsFCnpwU2N2BAmVkr1lPRsB4liaFd3cwIiIiItLFXOAbuIiIiHQVo68fLeprvkbAiLefH34uWnjLztyLNeZelswe7RInLsFTv8cziXaM3lex8fkj7MosJvgWFTpFeqLaXRtZWWBm9g+XMm/gV8vN8TN4NH4a+WmbKAt1hUwFWIvJ3JlHiAUVOqUb1VGau5NNe85Q3p7mffqTOG4cwwLdr3dg0paCTazIqiPhG0t5NN63abHZL5mFw5OZvW89mQGuUOQEsJGfnUdGSDRLk7o7FrmRVRTuJWPXcU7XtKOxpz8j48eSEOp/3eMSERHp7VzkW7iIiIhIa4opLQYG+rjOSYunN36e3R2EiHSH3KPFEDiShIGtrTUSPnVaV4ck4tpKM3j9rSwK2r1BPpm5dv7zO0m4SgntRlWWV0AJwcyz+La63hw7g+ldHJOIazvMx698Saaj7ZaNMneW4/3sbEZev6BERERuCC5zzVBERERcRFkaL/ziE7jzGZ6YclG3w5pdvPrsO3Dvf7NkfAXrly1j3cAHeCbhOK+u2EZBpR1MgcRMe4AHbo2gRadHeym7PniLlbsLsNrB2DeGGQ88wIwhrXeNbBwi1vnkTZ5+GiCYmU89xYxgsB5LY8XH68k5acWOEe9BMcyYu4CpzfbXOO/m9+71YOPH68k5aSTpsWeYc4VRzazH1vPqO+vJOWcHozdhcfN48N54Ag2NO32Tp98sboqD4vUsW7aO4IXPMLHgTVZsOk7FJce3lzeffpO9DbtYt+xp1gGMWcSvvzEarMdJ++dK1u9veG98w4i5ZTZ33zQMP0NrUYpIdwgK9IXSfDJPQXirxc6L2IvJ+OdqlmeWUmUHj8BQZi+cy+zI1gsHjWpLdrP87Y1knLBTazASNHw0S78xg6jm6dJRRs76NbyxoZASG2A0Eh47jgV3Dyf3T2+xsiF9Fr3+PI8ABGtePOkGgcMZMzCLglPt3yRsZJSKnC7A3NcMnCAzu5LE+CvnLOCSnOThG0ji3XexOL6N32Y782TZkfW88d5eskudcyP7DA5n9pwULHkreHZtmbNRcSqPPJkKmJn3o6XM1qTr0qXCSbCYyMyytXsL75FDGXIdIxIREblRuP/0pz/9aXcHISIi1+5U8fkOtff2dMfNza3pB7jiY5o/Bty4TLtm/7a17OLH7Xne1vLL6Wh7Dw/Xry5VVlXTx9fr2nZSnMVnWZUMS0piaOP1JK8wTAXr2bwfRk0ZTvPBlCo2/4MP8kcy94GxBLlVkrd5M7nnCtl72JepDy5i/sxkLL5FpK9bTVpZJNNHNVzcchSz/ve/ZmXJMOY9/BDzZyYzvH4vq979F5UjkhluvjQ030HxTLppOOzbyfHIe3nmO/OZNm0SwwI8MBxZyS9fXk9V1DweWjSf25Nj6Xt6Cys/SacyYhox/RoOb89nZBUVsjezhMAJtzE9cSKWqEC8W/n1NrbN2W9n2Nyvs2judCz9Sti1/gt21o4iebh/6+9ZZR6bN+dy6ugujpunsvDr87l9whAcxzbzxfoTBE2NJ8Q9kOGTkpjSv5i0Aw6mfvspFs2axrTRIZg8Ktn88jI+bvbexAZXcjD1UwoHTmdU0LX9ikU6qlNySydzlZh8QjwoyNhPWlom+yvqCQnui5+PJ60OsukoZPULf2d5yUAWLrmTB+8YS2z9Yd5bvoMLMeOJDQCo5PCmPeT4RTF37ADndqfW87+/2ULRsCQeeyiFecmhsHcrr3xxntjkKALdnNtlvvUGL26pxXL3nTx2303cOtqLc1mZpJZHsfRrSUyPqSVzRzFRC5by9H0JpCQOJchT97lK22w1tZ24Nx+GxoXiOHSQoxfabh02bS6P3xxCZ5+FmUwerS53ldzSnMvEFGTGff8eNmzawY7TVsxBAwjq44l7q6fUDTlptyfJX5vLo/MmMaF/IWvf2cD+gLEkhjmHwijK2sKOCwOZnjzUOZVCu/IkVGWv4CevHMQ2KonHH0ph3pQhBJ07xOovy5lw/yzmTgmFvQfJjUxm2fdSSLl5LDEBl4tV5Cudm++M9B8RRf+SQ2SfqWuztXfsFH40PxbfTv5/2pPynYjIjcxe24EhAKRN+qYrIiIiFzESnzKVdf+3i135cwhr6v1YwMb0AgIn3ktM8yuQZcHc8l8PMLGhp5HflEX8Gy/w81WrSbv1CaaaoWLTO6w7FcO9zdvd+i2WWH/JH7/Yxe0PxV96UuLpjZ+nP97ugNEHv6ZJRCtI+3QzFcPv5b/vn9jQa9SPifc/AVX/xfufpjEjeupXc5FavZnw2FNX7MXZxBrItB98i6kNhVe/xEXMPPg07xzOoZSwK/cwGbmAp+6LaXgymjn3FLD3t+vJOQLxo5zzoLY+J+pxjhyDmPsXMDHc+S74xc3hW2Pm0OlXekXk2nhbePSHXqR+mM7qben8cnM6GIwERQwmedokUmJDabxPpix9HSuLQln8s3tIbsh75tse5PGqP/PL9TuYt2Q8l16KLCX13d3kD5/GCwvH4+PcitnfNlH13ApW75rG4+NMkLOeN7LqSHjoEZZaTM5N/RJZ+Pg4au1GPIxg9nfHA/DwNWPWnMDSnYxh3PHQzZx+8V9kV12+mXfszTw6PUwXKVyFIZTZjz9I0EfrWLlzNy9l7QbAZ3AoyZMmkTI+EnPjLytnPW9kGUl5/EEWRDgXmcfdwzN17/DEZ5vIn5hCa6dh7cqTjgOseC8fxqbws4WWhrxpJnl+JIl2Ox5GI5jM+BgAow9mv1bunhPpKgZ/EubPpvTsB3x6pZ7sA0fz/fmjNXKLiIhIJ+nxf1IP5p7gUO5JDuWepMra/uEhRERE5ApCp5E0qILtW3O+Wpazhe1lMdxyS1jLtsNHk3DR6LN+cROIoIAjh+1ABdnZBa22i4iKgLxcjnUktopssk9CzJiElkPj4k3CmBg4eYQDNc0W94tnYnuKnADBo4m56PpYWGgw2MHexqZRo2JaLhgYRijQ9k16wYQFQ07aJ+wttGJvbN/jz9JEeim/aFIWPcwLv3qCF34wl8Up0YRYT7Dy9Xf47v+tp8gBUEbmnlIYHk3iRXkvalgwHC0kt7V9V+wn8wRYxloaipwNDOHERELu0XwAcrLzqPKOZHpjkbOJs8gp4nK8RvLQQ6MJu9zftoGj+f78kbQ+mL10G2MwifMf5Ln/fZI//ec9PH6XhRhjGRtWfMBTP1tBptXZLCc7jyrzUBIiWm7uMzSU8NICcita23k78+SRw2RajSRMslxyc4iHUQlPXJBhALc+dDMWn8us9wnjoYemMEDn+iIiIp2mR54VVlltrErdwubtey8pbiZNiOXWKQkMDtNkDCIiIlfPj6TkGD75x2Z2zYsh3tPOrq3bIGFJU4/MJp4+l55Q+PnjBxSfLwXAWgUce5//9/T7rbzWaKo7EprVihXw87r0NMboZQSKqTgPNJ4KuLv66U4wM773PXhnBSv+sBmr3Tnf6NRb5zBjlGYpE7km2St45PX8lsvGpvDyIgsAmW8+z0tZLVcnPPQkj1ras3MjPmHRJIdFk3wbVOWt4Zd/2M0rG+J5ZoadqkogbyPffXJjK9uG02rHNquNKiD3vT/wyHutrB/rzJZVVjv4+dI5/ZaKWf2rr+b0dGo2v13xep791W6Kmq/WfJ9yNYKn8OiCc/zivQKszZfron/naOuz2kY+bItHYCSWqZFYpgKlGbz423Re+vAALy8c6cxJZdn88snsVrY0U2UFLulZbmtfnrTZqMKXoIB2hdmmK+f9NvKhSHt5jeShh0r47Z/3UtD8pkeDP3c8NBeLRpAVERHpVK5+5e8SJwqKWfbSPy7be3Pz9n1s3r6Ph++/naQJsV0cnYiISO9hjEti4kevkpZRQfyYXaTtD2TCv8Vc2rCmCjsXnVRUlFMBBAYEAla8fYBR9/LM/JGtvVLHenB4e+MN2KsvedWGZYH4ddLFsC7jHcGMJU8xA7BXFpDzr9WseP2XHL//f1mS0ONO10Rcx8hZLPvpRf2xjb5NDy0LlrLs7parPa6yS5lPZBwJQQdYffo0EIqPLxCbzLIFreRNjLTa0cPbhE9DXItb+yrTELuPtxEqKimDTig2BpPy2FKSW/Q+NzrjBwhK5j9+Op4Ws5gZvDqpyCo3Gu+Rc/n+HSv4/aclzmKnTxD36KJ/52jrs9pGPuyQwEQSh6WTfaqYEkY6c1LQSJ58LLGVnNQsn7Rgal+eNJnwoZKS5jexXYMr5/028qFIRwRP4dEHqvjtO0cpdQAGHxIfuJtbVTQXERHpdD3qytnZ0vKmIqe3l4lbpyZw04TR9Av0p8pqY/feI3y8bjNnz5Xz2rtr8fY2ET96WHeHLSIi0jMZYpg8MZAX0jeyuXwvBYOSWBLaSrtDe8m0TmzR07Nizy6OE8acaCPgh8USxsrP8ynwndhyfs+r4WfBMmgln+zJxDp+YrMiqZXMPTkwaA4jPa/xNa4Xkw/eWLG26MJqx2430jj6mtE3jNGz53H6wDLWHToCCa1d/BORdjH6XnF+Sg9vc4cKdrWHdpAZNJ7E1jpblx0luwSipoQCZhLGBLI89TT5volY2pv3/EaRMDiD1ccLMU9q7cYQpxhLJD5b88jIgZiLU4QD59DXDUXTWqsNuHiI25Y8fK/wPhhM+PhdeXuRjhiQuIDv17zL77fAzQ8t4CZd9O8cbX1W28iHlyjOJr1yKMmRrVT5HAfIOQI+Y0MJAoIskfhsLSDfYb5kCoDLa2eeHBZNgvdhMncdYPHwi/JiY75rLJrabNRCK/Mff6WtvH/FfCjSQd7RM/nBgtX8alUJo+5cwH3RlxvPVkRERK5Fjxoc5tV3P20qcv7wu/cxd2YS/QL9AfDxNpE0IZZnn1zE4ND+ALz+7lrN2ykiInINwpKTCDuXxsqNpcQkJ1066hiAuZgvXnyHbfmlVFSUcjzjHf646jjeCTNJarhS5HfTbJKM23jzt++TdriAiooKKgqPkPbhH/n5m7vanP+yJT+m3pGE36H3eeHdbRw/W0HF2eNse/cF3j/kR9IdU1uP0xVExWHxrSDtg5XsLaygotIOhWtZ9uwy3v8yx3ksFaUc//IT0oohZnjDDVs5K/n5L37OXzeVtv6cHFb+4uf8/OXNlLb6wiJy7ezkZG3llede4Nk315N+qJCyijLKKgrJSVvDL3+XQX5YHIsbEp85OZnpxsO89JsPSG1sW3CY1H++xlOv72jZ66pJICmzRuKxYw3PvpdOTkEZZRVl5B9KZ/mLf+alnQ3fbWKSmTfMTvrf/swrW/MoqSij5PhuVvzlD/x4TcPQlH6jSIyE7E8+IPV4MWUVlZd5TZGuN2DK/fzP0/erZ5MLK8nZwfI//Jmn/rCG1H3OPFNWUUzurvW89Js1pBvCWTwn2tk4Jpl5w0pZ8bu3WLGroW1JHhmfreDZX6WSf5nXaFeeNIxk3qxgaret4cfLM8gtadj3J2/xVNO+zSTEBULOVl5Kc75+VcdOLkWuG++Rs/np04u5b6SKnCIiItdLj+nReaKgmEO5JwF4+IHbLzsHp4+3ie89PI//fv5Nqqw2Nm/fy61Tx3VlqCIiIr2HOYnJMZ/w/omJTI27zGnD4Jl8L6GAN99axvtldjAFEnPrt1hwy7CvTjQMw5j34/8g4oO3+OTNF/jEBhi9CRs1gwfuju/4CUn0PJ76TiArPl7NX371Pnac81rOe3whSa31OnUVhmHMe2QO5W+s5c3/2wzBM3nqqdv51r123vniHf6yyuocBtg3jJi7n2Bh47C19nIqyirwttpbf46d8rIKKkzWDhaNRaT9jFgWPMaySRms/mgXK1/fzRsNdUcPv0AsN83iuRkjCWq8ldQQzcKfPEjUP1ez4vV3WGEDjEbCY8exdP74y/c4Gj6L534UyvK303nx/zKodYCHbyCWW2ewML6xt1Yg07/9MD4frmblxx/w4xWAyUR4TByLp4V/1WbxLIr+lsrKF99iBeE8+vwCEq7TuyMivUvQ1Id5YVQ2qWt2kPreAVZUOpd7+PoSPjaZZ2YlEt40rEYg07+9lJD1a1j+4QekVgIGI0ER0cz75i2EX+Y12psnzUkP8jPvNbyyZiu/fC4dDEbMYaGkLEhs2rc56R4eP/0Br6z+gB9/1JH5lkVERESkp3Orr6+v7+4g2uPjdZtZlbqFfn39+eVPHmmz/WvvrmXz9n0MjxrED7/7tS6IUESke+3em9eh9n37eOLm5tb0A1zxMc0fA25cpl2zf9tadvHj9jxva/nldLS9t4/r3wt0+sx5BvS/zpNROnJ4/79fpeDWZ3hiysX9JItZv2wZ6wYu4tffGH194xCRLtMluaWDXDEmkd6qvKKqu0PodP5+rfekcsXc4ooxifRWynciItJdrBp+olP1mKFrz54rB2DEsMHtah/XMDfnycIz1y0mERGR3q5iy3q22WKYmuiyg8GKiIiIiIiIiIjIDarHFDob59r09jK10dLJx9vUYjsRERHpIMdxNqYdxzshiXjP7g5GREREREREREREpCXXH5evweDQ/uzee4RDR0+2q/3BIycAGB416HqG1WHW6hpefOUDCopK+PdvzycyPOSK7cvKK/nNn96j1l7Hj7//AAHmPp0Sx6rULXy8bjMT4kbwrQfnXPV+HI56tu3KYVXqFs6cPY+3l4kffOdeIgYN6JQ4RUSkGxkimPPjX3P5vxLBzHjq18zowpBEREREREREREREGvWYHp2Dw4IBOFFQzNnS8jbbb96+z7ldaPB1jetqWattrP1iO3V1jiu2S9u6h9NnznVRVB23dsM2Xn3nU86XXyB2xBAmxA1v6k0rIiIiIiIiIiIiIiIicr30mB6d8aOH0a+vP2fPlfPH1z/iqUfvu2xB7bV31zbN6Xnb1HFdGWaH7Dt4jMN5J4kZFt7q+lPFpaRt2dPFUbVfxYUqtuzYj6eHkce+Oe+yxyEiIiIiIiIiIiIiIiLS2XpMj06Ahx+4HXD26lz20j84mHuixfoqq43X3l3b1JtzxpQE+gX6d3mc7WWrqWXtF9upqam9ZF19PaRnZHO+/EI3RNY+5RVVVFZZ8fX1ZmD/wO4OR0RERERERK6Rm1t3R9C5etvxiEjn6W35obcdj4iISHv1mB6dACOiBvPw/bfz2rtrncXOP/2DfoH+BPU1A7QofCZNiOX+edO7K9Q2mf19Gdg/kJwj+WTty2VCfEyL9SeLzrB5x36ihoRSU2unsqoagAuVVn73139SUHSGRxfPZWxsVIvtqqw2fveXFRSdLuWJR+4hemj75yhtnLdz7swkBof2Z8WqNM6cPY+7uwFLTCQL588gwL8P58su8Nzv36H0XOMQwlZ++LO/ALSY8/PsuXI++nQTWftzqbLa8PT0IDoyjHvvnMqgkP5X+c6JiIiIiIjI9eLm5kZ9fX13h9Fp3HTlX0QuQ/lORESkd+hRhc6DuSfYvfdIi2VnS8tbzNnp7WVi7szJ3NowZO3JojMcOJzP0WOF5B4rBDc3hkWGETFoAINCgogdMaRLj6GRu7s7M6dPoPDds3yxaTejRw7F28sTgLo6B6n/cvb0nDl9Aqn/2tFU6Ozj601ifAwrTp5m8/Z9jI6JxN39q465h4+e5EThGcaOimJoROhVxbZj90E+27iDqCGhRAwK5mDuCXbtPUKV1cb3lszD09NIgiWa02dK2X/oOEZ3d0bHROLpaWRoeAgAR48X8YdXV3Kh0krowH6MjY3izNkyDhw+znMvvsND96VcUtwVERERERGR7mUwGHA46ro7jE5jMPSogaxEpAsp34mIiPQOPaLQeba0nPc+2sCui4qcw6MGERRopl9f5/C0g8OCGRE1uGnuzi079rP8g/VU22pabLd9Vw7bd+UAzp6fD99/exccxaXCQoJIGj+K1I072Zl1kORECwD5BafJ2neUeMswhg8dROq/drTYLm70MD5PyyQv/xRnz5UTHBQAOAukjcP2Jk2IbVEA7YjyC1U88ch8ooY4C6Vnzp7nt39+n/yC0xSeKiFqSChfu+tm8vKLOJJXiLe3ifvnTSfA3AeAmppaPl63mQv92zphAAAgAElEQVSVVubOTGL2rZOahs/YtiuH195dy6rPtjB82GDMfr5XFaOIiIiIiIh0PqO7Abu991z4N17l92IR6f2U70RERHoHly90Ns7HWWW1ATA4tD+3Th1H3OhhTQXN1vz2zys4cDgfgDtTJhMSHEj4oAEE+PtysqiEk0VnSNuazebt+9iZdYgffGcBQyNCuuSYGhnc3Jh+UzyZ2UdI3bgDy6ih+Pp4sWb9NoxGd1JunoDdXsf5spbzdPbvF8DomCF8mZHN7r1HSLl5PACniks5nHeSwaH9OzRk7cUSLNFNRU6AwAB/wkKCyNqXS1l5ZZvbFxWXkpd/iuCgAKYkWlrMERAXG8WwIWEczD1B3vEi4kYPu+o4RUREREREpHMZje5gq+3uMDqN0eje3SGIiItSvhMREekdXPpWn+ZFTm8vE1+762aefXIRSRNir1jk/Olv3uDA4XwGBgfy8x89zNyZSUyIjyH7wFH+tvxTPD2MTJs8lmf+/RuMjhmCraaW515cTl2dowuPzqlfoD8zpsRzqvgcGTsPcOBQPntz8kgaP4pBIf2pr6/HcdF8AW5uMHn8KEyeHmzfndNUBN538BgVF6xMiIu54vvTlsaemY3c3Q14erS/Jn7ufAXWaht+fXzw9PRosc7T0wO/Pt7U19dzovDMVccoIiIiIiIinc9gMGB07x0Xy43u7hrKUUQuS/lORESkd3DZv4DNi5z9+vrzw+/e1zTv5pWsWZ9BwakSvL1M/PxHDzMwOLBp3Xsf/Ytde4+0GAL3iUfmkzQhtmH9hs4/kHZITBjJ4LBgPtu4k398/C/6mv2YflM8V5pDPGLQACLDQzhReIajxwupstrYvjuHvma/bu8l6XDU96rJ3EVERERERG4knp4uP/hTu/SW4xCR66e35InechwiIiJXw2ULna+9u7apJ+ezTy5icFhwm9vU1TlIz8gG4Gt33XzJ+hlTEhgeNYj4iwqBC++ZQb9AfzZs2s2+g8c65wDajLWOmlrn8Bh9fL25/ebxVFRWcfrMOWZMiadfoP8Vt/f09GDy+FE4HPVk7jnM4aMnOVF4htExQ+jfL6ArDuGy+gX64+PtRcWFKmpqWg4BUlNTS8UFK25ubgwO7d9NEYqI9A5ubm66sUREOlV9fT1uV7rbrpso34l0LaPRvccPgdjWMSjfiQgo34mIiPQGLlno/Hjd5qZhTb+35K52D8OatS+XM2fLiLcM46aJoy9Zf/+86fzwu1+7pGhq8vRgxpQEADIyD1xj9O1TU2Onsqq66Xn8mGgmxsUwLDKM8XEj2rWP2BFDCA4KIGt/Lh+uScfo7s7k8aOu2BO0K4QEBxIZPpDikvN8mZFN8+9ou/flcuRYAQOD+xLZxXOiioj0NgaDG3UOXQgTkc5T56jHYHC9C2HKdyJdz8vk2e3fLa+Wm5sz/itRvhORRsp3IiIiPZvLjWtQZbWx/stMwNkDc0TU4HZv+0X6LgAGhbTsKXi2tJyPUzeze+8R+gWaeerR+y4png4fOgiALTv2s+SBO67lEK6K0d2dJQs79rpmf1/iLdGs/WIb5RVVxAwLJ2LQgOsUYft5enowd2YS+QXFfLxuMzuyDhIeFsyZs2UcPV6I0WjkztsmY/bz7e5QRUR6NKPRHbu9DqO7S963JCI9kN1e55K9GpTvRLqeweCGl5cJq9XW3aF0mJeXqc2L+sp3ItJI+U5ERKRnc7kz5917j1DVcGIxd2bSVe0jdGBQi+cl58pImhBLldXGiYJiThQWX7JNxKAB9DX3uarX604T40bQx9cbNzc3Jo8fhaenR3eHBMDQiBD+89++zqSEkZw7X8GWHfvJLyhmZHQEP378ASbEx3R3iCIiPZ6n0Uhtrb27wxCRXqS21o6n0eXuhVS+E+kmHkZ3vLyu3FPI1Xh5eeLRjgv6ynci0pzynYiISM/lcn/ldu09AkDShNh2D1l7Mbu95ZeC9vYKNRiuf93X28uTHz12f7vbB5j78KufPNJmu+CgAGJHDGn3fu9MmcydKZPbXNboWw/O4VsPzmmxLDI8hBd/8dhlX6NfX/8O91IVEZH28zQZOXe+Er8+3t0dioj0EtW2WvoGuN6oG8p3It3H08OIm5sb1dU2XHnqSDc3Z8+m9lz0B+U7EbmU8p2IiEjP5HI9Og8eOQG0vzjZnNnf+Uf7SF5Bh7ctOn2Ws+fK6ePbs75MbNt9kAuVVuIt0U3HLyIiNwajuztGo4FqW013hyIivUC1rQaj0YDR3fWGNlO+E+leHkZ3fH28XXboQ2NDfO2/6K98JyKtU74TERHpeVyu0Gmtdg5b630VvTnHjRkOwJG8wkvWnS0tb3rcWhG1cZsES3SHX7e7lJVXsiv7MH3NfkxJtHR3OCIi0g18vExUVfW8uWRExPVUVdnw8bq6EVW6gvKdSPcyGNzw8Tbh421ymQvmRnf3ppjamqOuOeU7EbkS5TsREZGexeWGrh0eNYhDuSd5/d21rA8Nbvd2I4YNZkZyPH0D/Cg4VcKGTbuZflNc0/qSc2VNj8+WllNlrWZw2Ff7z8g8AEDc6GGdcBRdY0fWQYpLzpM8cTT9+wV0dzgiItINTCYPrNU1VFbZ8PXRF1gRuTqVVTb+P3v3Hh9Vde///z3JZCaTeyYkQMIkQBKCBiEEEIMIiApWRdQi1rbYWrU91ba21Z72aH+9+G2t3+/R3qz2tN5arQdLbRW8gkWRqwiEAIkkkHDJkAAJuV8mk0wyvz+SDAkQQshlZpLX8/HIIzN7r732Zw/LAec9a+2AgACZzb5xv/dz4f0O8A1GY6CMxkC1tbXJ5WqVq7VNbW1tcrvdg7rUo8EgGQwGBQQEyBgYIKMx8KJuP8P7HYALxfsdAAD+weB2+9aq8/aSMv33s6s8Mzv74rmnHtK6DTv1j7c+VmBggP7n/32v2/7HnnpZ9tJyxURH6I5brtb0jlDz1X/+Wxu27tHl0yfrvi/fOCDXAQBDLSf3cJ/aR4eZZDAYPD+SzvtYXR9LMqiHdl1+97btzMcX8ry37T3pa3tLiM99F6hHra1tqqiqU1RkqExB/lM3AN/Q3OJSdU2DYqLDFRjocwu+dMP7HYD+4P0OwEjhT+93ADASORpd3i5hWPG5oFNqn3G5ZUdun44ZZY3UnFnpcrla9aunV6r42ElNTBqrB++9TSEhwd36jrFGeJ7/9e9rtfnT9nM98uAXNSFx7MBcBAAMMYLO8xvOQackNTlbVFffqOjIMJ+9nwwA3+Nytaqqpl7hYSEK9pNv+/N+B+Bi8H4HYKTwx/c7ABhpCDoHlk8Gnf11/GSF/uflt1V64pQk6Uufv1YTEsfIGhUhS7BJVTV1qqlt0Ko1H+tw8XFJ0jfuWqKZ0yZ5s2wA6BeCzvMb7kGnJDmamlXf4FBkBN/8B9C75haXamobFBZqkSXY5O1y+oT3OwB9wfsdgJHCn9/vAGAkIegcWMMy6JTaw85VazYoN//IedsljBmlmxZlEXIC8HsEnec3EoJOqf2b/7V1jQoNCeaeTgB61NDoVENjkyLC/feb/rzfAbgQvN8BGCmGw/sdAIwUBJ0Da9gGnZ227fxMH2/bo2PHT8npbJYkGQMDFT82RjOmTtI1V2XKbOIvfwD+j6Dz/EZK0Cm139Oprt6htrY2hYSYFWzmm7wA2jU5m9XY6FRAQIDCwyx+f88m3u8A9IT3OwAjxXB7vwOAkYCgc2AN+6Czq+MnKyRJcaOiFBjI/S0ADC8Enec3koLOTk5nixqbnHK52hRsDlJQkFFGY6ACAwx9fj0A+B+3263WNrdcrla1tLjU5GyR0RigkGCzzMPsW/683wEjG+93vN8BI8VIer8DgOGMoHNgjaigEwCGM4LO8xuJQWcnV2urmp0uNbtccrla1dbmFn/9A8OfwWBQQIBBRmOgTEajTGajjMP8y3683wEjE+93vN8BI8VIfL8DgOGIoHNgDZ9PcQEAwDkZAwNlDAlUiLinE4Dhjfc7ACMF73cAAABAOxZtBwAAAAAAAAAAAOB3CDoBAAAAAAAAAAAA+B2CTgAAAAAAAAAAAAB+h6ATAAAAAAAAAAAAgN8h6AQAAAAAAAAAAADgdwg6AQAAAAAAAAAAAPgdgk4AAAAAAAAAAAAAfoegEwAAAAAAAAAAAIDfIegEAAAAAAAAAAAA4HcIOgEAAAAAAAAAAAD4HYJOAAAAAAAAAAAAAH6HoBMAAAAAAAAAAACA3yHoBAAAAAAAAAAAAOB3CDoBAAAAAAAAAAAA+B2CTgAAAAAAAAAAAAB+h6ATAAAAAAAAAAAAgN8h6AQAAAAAAAAAAADgdwg6AQAAAAAAAAAAAPgdgk4AAAAAAAAAAAAAfoegEwAAAAAAAAAAAIDfIegEAAAAAAAAAAAA4HcIOgEAAAAAAAAAAAD4HaO3C+ivPXlFOl5WqeMnK2QvLZe9pEy2hDjZ4mM1dnSMxsZZNS092dtlAgAAAAAAAAAAABhAfht0VlXX6a+r1imv4MhZ++wlZbKXlHmep6eN11eWL1J0VPhQlggAAAAAAAAAAABgkBjcbrfb20X01badn+nFle9Jksbbxihr5qWKGxWluFHRihsVpbJT1So7VaWyU9XatvMzHbGfkCR97c7PKWvmpd4sHQAGTU7u4T61jw4zyWAweH4knfexuj6WZFAP7br87m3bmY8v5Hlv23vS1/aWEL/9LhAAAAAAAAAAH+VodHm7hGHF7z7FLTpS6gk5Z05L0zfuusmzz9XaqoJCu5InxCtuVJQkaeHc6frTy29r554CvbjyPcWNilLy+Hiv1A4AAAAAAAAAAABgYPjdjM5vPfK0nM5mfetrt3juvVleUa2/r96gzw4cVUuLS0FBRl06KUl3LF2g2Jj2wHNPXpH+8OKbMptN+sPj3/bmJQDAoGBG5/kxoxMAAAAAAACAtzGjc2AFeLuAvnjj3c1yOpt1wzWzPSFnZVWtHnn8Be3JK1KwKUhpyTYFm4K0J69Ijzz+giqraiVJ09KTdcM1s+V0NuuNdzd78zIAAAAAAAAAAAAA9JPfBJ15BUf07vrtGhNn1U3XXeHZ/uo/10uSZk6bpF8/dr8evn+5fv3Y/Zo5bVK3/ZJ003VXaEycVe+u3668giNDewEAAAAAAAAAAAAABozfBJ1FR0olSXNnX6agoPblBKtq6rV3/yFdOilJ37hrSbf237hriS6dlKS9+w+pqqZekhQUZNTc2Zd16w8AAAAAAAAAAACA//GboPPQ0eOSJFt8rGdb57K08WNGnfOYzu2d7boe39kfAAAAAAAAAAAAAP9j9HYBF6roaPsMzJTx8Z5to+OiJUm1dQ3nPKZze2e7rsd39jfUHE3N+v3z/1Lh4ZJz7o8MD1Xm1FQtWZSl8LCQQazDqdXvb9X27P2qb3Bo0sRx+s69t8lsDhq0cwIAAAAAAAAAAAADxS+CzqPHTqqpqVmJCXEymU4HcWEhFk1MGqtPd+dr+mWpnvtyStLOPQf06e58TUwaq7AQi2e7yRSkxIQ4FZeU6eixk0oaN3pIr6WrtGSbrNHhnucuV6sOHi7RR1tylFdwRN/9+jLFxkQO+HkdTc165sXVKiiyKyoyTLMy0pQwZpQCAgwDfi4AAAAAAAAAAABgMPhF0BkRHipJqqyuO2vfgjkZOnT0uP708lv6JD3ZE2LuySvy7D9TZz+d/XrLwrnTlTk1tds2V2urXl61Ttt2fqb31m/XitsXyTDA+WPRkRIVHilR4rjR+t7XP6+wUEvvBwEAAAAAAAAAAAA+xC/u0RkdGabYmCjVNzh09NjJbvvG20brsksmSJL25BXprXXbPCHnZZdM0Hhb9xmbR4+dVH2DQ7ExUYqODBuaC+gDY2Cg5mdNkyXYpJITp9TkdA74OU6WV6m1tU2jR0URcgIAAAAAAAAAAMAv+cWMTkmamDRW5RXVOnioxLPc7L79h/X62xtVeuKUpPalYCclj9OBomMqKLJr3/7Dqqiq07Kb5nnC0IOHSjz9+arwMItMpiDV1jWqudklS7BZbreUX1isf72zScUlJ+V2S7ExUVp6/RzNypjsmfV5uPi4fvOnfyph7Cgtv3m+3nxviw4cOqZplyZrVkaa/ufltzzn2ZFToB05BZKkb37lZmVOTfWc5413N8teWiaXq1WR4aGamZGmpdfPkSXY7Dn+rXXbtGbtVt28eI5Gx0Zr9ftbVV5Rrfu+dINSJ47Tr55eKUn6j7uW6L3127Uv/7Da2to0MSleX7vzeoWHhWj1+1u15dN9cjQ1KyoyTHfeulDTp6R6rqetza09eYX6cHOODhUfV3Nzi4zGQE1OsemLt12j2Jioc9Zji4/VP97aqPKKagUGBuiyyRP0xc9fo6iI7uH2mfcqNRoDZYuP0603zNXklEQZDLrg1x4AhsLJ8mpvlwAAAAAAAAD4hdGxUb03gl/zm6DzsksmaHv2fm3avk/XzstUXb1Df/n7+6qta9S8K6ZqXtbUbvfbPHrspDZu26uNn+zVX/7+vn728FcVHmbRpu37PP35quMnK1Xf4FByUryCzSZJ0o6cfL302vsKCAjQpZPGyxJsUkGRXc+/+q5OVdbohmtmd+vjZHmlfvOn1+VsblFEWKja3G6Fh4Uoa+alOnb8lOwlZYqxRmjSxHGSJGt0hNxu6b0Pt2v1+1sUEBCgySk2hYZYdOhoqdZvytZnB47o2/fcdtZ9Q7fsyFVlVZ2CgoyKjgxTbX2jZ19tXYN+++fXFR0VrhlTJ+ng4RIVHi7RMy+uVniYRaUnKzRl8gRV1dTr0NFSvfi/7+nB+yxK7ahrR06+Xvjf92QJNmnSxHEKD7OouKRMeQVH9fQLb+ihby5X5BlLEO/MKdAHH+9U8vh4JY2LU0GRXbtzC9XocOqBr90iS3D7a1peUaPf/vl1lZ2q9tyr1OVqVX5hsf74l9V68L7PK3l8fJ9fewAYTPzjDAAAAAAAAADa+U3QOWXyBFmjwlV64pTWrN2q5uYW1dY1asbUSVpx+3VntU8aN1orbr9ODY1N2rX3gNZ+9KlMpiCVnjgla1S4pkz2vaCzrc2tA4fseu3Nj9TW5lbm1FSZzUGyl5brtTc/UlREmB687zaNibNKkhodTj3z4pvasGWPZk5LU9yo0x9+19U7NGPqJH3ljkXdZmFOSh6nt9Ztk72kTBMTx+prd37Os89eWq5/b8xWiCVY3/raLUoeHy+p+31D127YoS/ddm23WYw1tQ364q0LNS9rmgIC2ndU19S3H+tq1ecWXq4li+bIYGhv+9/P/l0lJ04pMSFOP33oK4oID5HbLb3yj3XatH2fducWeoLOyy6ZqP/6zheVNG60p++ubfftP6y5l0/p9jrW1jd6QkpJKq+o1q//53UVl5xU6YlTSh4fL1drq1at2aCyU9XKmnmp7lq+SMbAQElSc3OLCo+UKsk2+qJeewAAAAAAAAAAAAw+vwk6Q0OCdcO1V+hvr3+gDzbuUmtrmyTpugUzznvcdQtmaNfeA/pwS44CA9tvSXrDtVcoNCR40GvuzR//uuac2wMCDFo4d7rmz5kmSTpQZFddfaOumD/DE7RJUojFrAVzpum5V99V6YlT3cK2mOgILV+6oFvI2Zt9+w+prr5RV82+TBOT4j3bjYGBum7eDO3bf1h5+UdUW9egyIjTsygzL0vV/DkZ51zCNTzMohlTJ3n2RYSHatzYWJ0sr9KMaZMUER4iSTIYpEtSE7Vp+z5PSNp5jRMSx3Tr02CQoqPCJUlV1XVnnTPzslRPyClJ1qgIJYwdpT15RaqpbZAknSyrUtGREkVGhOqm667whJySZDIF6dJJSZIu7rUHAAAAAAAAAADA4POboFOS5mdNVf7Bo9q554Ck9vAzuUsgdy7JSfEKDQlWQ2OTWlqkmdMmaX7W1KEot1dpyTZZo8O7bUsaN1oZ6SmKsUZ4th2xn5AkffDxLn3w8a5z9lV6skIZU1I8z6OjwvsUckrS8ZMVnmPPDC3Dw0JkMgWpobFJldW13YLOMXHWHu9TGRQU1C1UNhjkmZk5JtbarW1gl7Cxk6u1VZ9m5+ujLbt1qrJW9Q2OXq8jKrL7fTgDAwNkCuo+1MsrqlXf0KTk8fEKD+u+9G1XF/PaAwAAAAAAAAAAYPD5VdApSd+4a4kCX31X27P3q6GxSS+99r6umn2ZUiYknNW28HCJNm3fp4bGJknS7MxLdO+Xbhjqknu0cO50ZU5N7bVd5+xVW0Kcxo0ddc428aNj+l1P53l8hdstvfbmR/p46x4FBBg0OjZa6WnjFRBg8Nxn9GK1tbnldrt7bTdUrz0AAAAAAAAAAAD6xu+CTkm690s3aFLyOG3ctldbd+Rp6448xVgjFD86RuNtY3TEfkKlJytUUVkrqX2W5LysqZp3hW/M5OyrcfGx2pFToAm2Mee8H+lAn6equk5ut7rN0qyrb1Rzc4tCQ4JljYrouZMB1Oho0uGjxxUUZNQDdy9Vetp4z77V72/pV9AZY41QiCVY5RXVqqtvkCXYdM52Q/XaAwAAAAAAAAAAoG8CvF3AxZp3xVT9+Htf1orbr1PKhAQ5nS3at/+w3lq3Tfv2H5bT2aKUCQlacft1+vH3vuy3IackXXbJRIWHhSh730EVHSnttq+5uUX5hfYBmY3ZeZ7duYU6dPT0eVytrfpg4y7VNziUPnm8IsJ7Xup1IBkDAxVsPjuALK+o0ae78/vV99g4qyYkjlFNbYPe/uATuVpbPfu6vqZD9doDAAAAAAAAAACgb/xiRmejw6kQy7nvNznvitMzNatr6nW0pExJCXFn3aexr/36knFjY3X91bP0xnub9f+eeU0Tk+IVGxOpunqHDhw6JmNgoL7/H8uUNG50v89z7bxMrX5/i5784ypNTrEpNMSiQ0dLVV5Ro7GjrVq8YFaP9+McaGZzkDKnpurg4RI9+5c1uiQ1UQEGgwqK7LL088/NZArSzYvnqLikTNt2fqb9B4uVOiFBLler8guLZTAE6Pv/sUyJCaOH5LUHAAAAAAAAAABA3/h80FlRWavHfv2ybPFxevj+5edte9h+Qs++tFpLFmXp5sVzztv2yWdXyV5app98/y7FWIdmKdaLZTBI182fqYlJY/X2B5/o4OESFR4ukckUpNQJCbrpuiuUmND/oM1gkD63cLYmJI7VG+9uVn6hXS5XqyLDQ3XNVZlaev0cWYKHNhi++srpsgSb9cZ7m7Unr0gR4SFaev2Vqm9w6K112/rV98SksXr0u1/S6ve2aM9nRdqRUyCjMVC2+DjdesNcJSaMHrLXHgAAAAAAAAAAAH1jcLvdbm8XcT4vvfa+tu7IkyQ9fP9ypSXbemz7o18+p4rKWoVYzPrVo/f1OFuzoMiuJ59dJUmaMytdd3/h+oEvHACGWE7u4T61jw4zyWAweH4knfexuj6WZFAP7br87m3bmY8v5Hlv23vS1/aWEJ//LhAAAAAAAAAAP+NodHm7hGHFp+/RWVFZ6wk5JemttT3P4Nu6I08VlbWS2pek/ffGXT227dpP1+MAAAAAAAAAAAAA+Aefm9H57427lJNbpFNVNZ4Acs6sdBUU2lVR1f7clhCnkGCzYqwRqqisVUGR3XP8kkVZ3ZY0TUu2edo1NjllLymTJMVERygtxeYJUmOsERoVHamMKcm6dt6MobpcABgwzOg8P2Z0AgAAAAAAAPA2ZnQOLJ/7FHfN2m1yNDklSZZgs9JSbLpj6dUqKLLrrbVbZS8t94SVKjp9XEx0hDKmpOjmxXPU6HAqJ7dQFVUdIWhR93PY4mO1ZPEcpSXb1OhwtoeolbWqqKxVcUkZQScAAAAAAAAAAADg43xuRqe9pEz//ewqOZqcZ90/s9Hh1JN/XCV7SZls8bGaMytdf1+9QZJ09xeu15xZ6Z62u3ML9ZfX3lejo70fe0mZ7KXlsiXE6eFvLu92/87O+4Bags36wf3LZUuIG7oLBoABwozO82NGJwAAAAAAZ6tuKtWh6u2y1+5VWf1BVTbZ1dBcqebWRrnlUx8d4xwMMsgUGKJQk1XWYJviwlJli5iqiVGzFRUc7+3y+o3xOfwN9zF8LszoHFg+F3RK3cPO++9equlTUiRJz7y0Wjm5hbLFx+rh++9QiMWsrTvy9NJr70uSnnvqIU8fD/74D2p0OHXH0gW6dt6M9pD02b/LXlqujCkpeuDupZKkgiK7nnx2FSEnAL9H0Hl+BJ0AAAAAALRraKlS9vF/aW/ZO6poLFayNUuJERkaE5Ymq8WmMNMomQJDPP/vD9/lllvNrY2qbz6lSoddJ+oLVFybo6LKbYoJSdTUuBuVOfY2hQZFe7vUC9Z1fBbX5Hi7HHhRYmSGX47h3hB0Diyf/BTXlhCntBSbcnILFWIxa/2mbI2Lj1VMdIQk6dp5MzwzMufMSvcEnRWVtdq6M09zZqbLEmzumM05RZIUYjFryeI5eval1QqxmFVQZNex0nJZO/q0JcQScgIAAAAAAAAYtqqbSvVx8XPaZn9ZM+KXadHE7yvVOtfbZaEfDDLIHBgqsyVUMZakbn+eBys3K+fkW/o/G2cqy3aX5ife59Mz5LqOT2ZrQpKKa3JUXJOjdw4+7hdjGN7hk0GnJNlL2+/D+exLq9XoaL9nZ2e4eaqy5nS7jvt1hljM+tEvn5MkrVm71dPWXlqmtGRbt7Y5uYXauiOvW58VVbWDej0AAAAAAAAA4C3rDz+tDw79VvOTvqFHr/pE4aZYb5eEQZZqnatU61xdn/ywNhe/pCe2XKXrJn5X10z4trdLO0vn+CTgxLm45dZW+1+1zf6yz45heE+AtwvoSUVle/DY6HBqUvI4xURHeALPgiK7p92pqtPtJCljSopnNqd0Otzselyjw6mY6AhNSh7nadd5PgAAAAAAAAAYLkrqcvXMztt0ouGAfjDnQ30u5T8JOUeYcFOsPpfyn/rBnA91ouGAntl5m0rqcr1dlkh49hAAACAASURBVKTT43Pdod8QcqJXbrm17tBvfGoMw/t8dkanLT5WFotZNy+e45mRuXVHnl578yPZ4k8vMTuqY+nZObPSdfOiOYqxRqiislZr1m3V1h15irFGdukzTvaSct28OEvXzpshqT38XLN2qxwdgScAAAAAAAAADAfZJ97QqryHdevkX2h2wp3eLgdeFmNJ0pemPK3tJSv19KdLtTz9SWWOudVr9XSOTwJO9FVxTY5PjGH4BoPb7eZdBACGgZzcw31qHx1mksFg8PxIOu9jdX2s9ntAnLNdl9+9bTvz8YU87217T/ra3hLis98FAgAAAACgV5uKX9AW+19055TfKSky09vlwMccrcnWytwHdaXtq7oq8Z4hP/+m4hf09sFfDvl5MfzclPqoV8ZwfzgaXd4uYVjx2aVrAQAAAAAAAAB9t6n4Be0oXaX7Mv9GyIlzSorM1H2Zf9OO0lXaVPzCkJ6bkBMD6e2DvxzyMQzfQtAJAAAAAAAAAMNE9ok3tMX+F31l2p8VY0nydjnwYTGWJH1l2p+1xf4XZZ94Y0jOmX3iDUJODLi3D/5yyMYwfA9BJwAAAAAAAAAMAyV1uVqV97DunPI7Qk5ckBhLku6c8jutyntYJXW5g3quzvEJDIahGMPwTQSdAAAAAAAAADAMvFnwE906+RcsV4s+SYrM1K2Tf6E3C34yqOd5s+Ancss9qOfAyOWWe9DHMHwTQScAAAAAAAAA+Ln1h59WVHCCZifc6e1S4IdmJ9ypqOAErT/89KD0v/7w0yquyRmUvoFOxTU5gzaG4bsIOgEAAAAAAADAj1U3leqDQ7/V9cksC4qLd33yw/rg0G9V3VQ6oP12jk9gKAzGGIZvI+gEAAAAAAAAAD/2cfFzmp/0De7LiX6JsSRpftI39HHxcwPa78fFz7FkLYaMW+4BH8PwbUZvFwAAAAAAAAAAuDgNLVXaZn9Zj171ibdL6ZeyvK/pqRMbethrljFwgSaP+ZZumZSucKbvDJq5iXfrl5uu0LUTvqPQoOh+99c5Pv1exArdmXqv0iJssnSOP7dTDmeeik6s0vqiVfKfOYRP6KFrlitOtSo6mKE/F3u7noG3zf7ygI1h+D7+SgAAAAAAAAAAP5V9/F+aEb9M4aZYb5cyMAwpCjemd/8JjJCrda1yS5boF1tXqazN20UOX+GmWM2IX6bs4/8akP6yj//L72dzWpNe1Y9n/lwZUe0hp6vV2f4jsyzBmZoy/gk9MPdFLYzwdqXo5JZ7wMYwfB8zOgEAAAAAAADAT+0te0eLJn7f22UMnIgn9OOZmWdvr9+mV3Z+SbnOH2nlgev14GTfSZU6Z6PGjdmuh9L9P3DOGL1E6w79Wlcl3tPvvvaWvTMAFXmR5RGtmJilcIPkqHleb+Y9rhxH506bMiY+omtsixVnTtZo0hafsrfsnQEZw/B9zOgEAAAAAAAAAD9U3VSqisZipVrneruUwReWpTvHrZAklVZuU52XyxnOUq1zVdFYrOqm/i3GWt1UquKanAGqykuSFig+QFJrtjbu7BpySpJdOYe+qac+/a62HVujtZVeqhHnVFyT0+8xDP9A0AkAAAAAAAAAfuhQ9XYlW7O8XcaQMVrTFSdJrTVy9NYY/ZJszdKh6u396qO/x/uCeSFx7Q+aCvVhT40ca/RmwVMi5/Q9w2EMondMpgYAAAAAAAAAP2Sv3avEiAxvlzF02iTXOXc4VXrwef2j5GWVtpZLipU19D4tvuReZUSe0dRRqI15T2lj3QbVtTklQ4riQpbrmrR7lRF9RtPyDXrnwFPa3ZQnl8wyBi3WLNujumVC+/K0nUvWdio7MVs/PNH+eEryIa0YP0DX7QWJERmy1+5V5phbL7oPe+3eAazIO3KdNbpREVJIlu4cJa08deHHWsf9XF9IWqoEc4SMBklttSqrWqV3ch5XfteGEcu1ePwKzYpOUbjR3L6trVaVNau0dn/3WaTLrjikWaFS2fH5Wt/yhBbHZ8pqNMtR+VP9bPcrkqR42291e9ICxZk6zut2ytG4TTsO/1TvnLR3L9Jws27MfEizomyyGCS5a1VZffZ5/VV/xzD8AzM6AQAAAAAAAMAPldUf1JiwNG+XMWTqTn3UPmvOkqI4z1ancncu0e+Kn1JpqxRuTFd4oFTZ8LhW7vyaPuwaTDmztXL7Ir1Ts1Z1SmlvG1CmsobHtTJ7id45cbqp48jj+r97v6YdTYVSYLrCjSlSyxptOzRPv8trD4uMxriOPjrCqYD09ucdNfizMWFpKqs/2K8++nu8L6g8vrt9zBlsypiao4emPqRZ0bZej7MmvarvpK1QUnCEjG6nXK1OuQwRiou5VyuueEKTPS3v1denP6GFsekKN5rb27U6pYAIWaPv1e1Tn1DyOfq3RLyg2xOzZO0MRjtMvnSdHph0s+LNETKq47wyyxK6QPPSX9CybsG/WfFJ/1fzom0KanPK1SbJ0HHe9IdkvYjXy9cMhzGI3jGjEwAAAAAAAAD8UGWTXVZL76GL33M5VVr8B71SslZSimaNyfTsqjvwQ71SUyiZn9CDVyxXfMcn3o7jz+vZzx7X2kPbNG9UloyS6o6+rJxWSWEv6sezFii8YxqQq2Kb/pGfreTO9LR2rV4qel4OLdDCqS9qcWzHdkeh3ty5SNtOPK+clJ8rI+0J/Tjt9MzOuLgX9VB6rIYDq8WmyiZ77w3Po7/H+4TK72q1PVlfsKXLYohQXOwDWhb7gJa11aqyNlsFp57TxqPbui9ba3lEKyZmySKnyk78UC/lrekI6FdoRebPNSV0qRZO+JHyD0vS88qvuFoOx2qtL1olzx0lR/1RP5y2WNawLM2xSkVnrIsbHpoiR/0arS96Th+eyvMcs3RsioySHFVP6c/Zz3T0l65Zk36uhZF5+rCmay9mWQILlZN7j1aetEuyKWPq33RnrE3GiAXK0lN6Z4BfzqE2LMYgekXQCQAAAAAAAAB+qKG5UmGmUd4uY2DVLNMP1/e0M0XJthe0bFzn83LtOLlGUrrmpZ4OOSXJMvZeXXPsca2sfV+7nVmaZZZaXLWSpHDLOE/IKUnGmCzdeeXpe52W2f+uo5LCYx85HXJKkiVFt4y7V9sOPa/d9keUkdJ9Nt1wEmYapYbm/t11sr/H+4r8A0v0+/J7tXjiCqVFdizxGhAha9QCZUUtUNb4QuUU3aOVx9pDNeuEBYoPkNS0QW92hpyS5HhFrxy7Xj9LyVJCzEPS4ackSRtzv3T2SU/tUpVrsaxGm6wx0lk3AHWu1Wvbv9ttCdx5iVntszCbN+gdT8gpSXnacWCZdpzj2kpLOkNOSbIr5+BuLY61yWqwKSFRUnGfXiqfM1zGIM6PoBMAAAAAAAAA/FBza6NMgSHeLmNgGVIUHng6QHS48uSSFB72W61Iv1lJYV3athWqpFmS7NqRv0S787t35Wpt31fXIMksWcfcovjjG1Ra/j09m3OfFo7JUtKoWFnO+JS8tLH9vpuOyu/pFx+fUZ+7PRSqdNZKGh6zN8/FFBii5tbGfvXR3+N9SWXV81q563lJUvyoFbps9PWaEp2pOLNZMqYoI/UFtTQu0uuV0pTgjqnB5gX62oL93TsymNtDGWPXsZOuWckrNCUqU9agSIUHRyhIkrFj+WNj0Nn1OBp3db/Pp2xKCI5o39ew9Zyh5tlq5ThzxqOjqYf74Pqn4TQG0TOCTgAAAAAAAACAb4h4Qj+eeXppWrnsWvvJIn1Y/0O9eXS6HkzvslRvtV1lkqRaOVx5PXS4TSfrJVklWW/W1y9t0msHHld+xXf1UoUkmWU0r9Di5Ic0b6xZUrkqmzpO3Zqnuh56LWuyazgHnehZ6alXVHrqFa2VFG/7o1akLpY1IEWTbTdLlWsUZ2oPHGUwe8LKs5hsypK0TfdqxdyHNMXc39nBixV+jkAUGAkIOgEAAAAAAADAD3XOujMHhnq7lMFjtGnxpT9X7u4fqfTET/Xh2Be10NqxLzROVkllWqFlc3+uWReQFVnGLtfdY5fL1VSukpN5Kip/Wetrntc7n2WrLvB13RgXoXCTpGZpctJ+3T2Ml6c9n4GYLWwKDJGztWGAKvJNpfZvqijhkKyhkjGwfSZnncspySxXzTN6dOdT5+8gdWlHyFmr0pLn9PGpDco5lSfpXn19/iNKvuAEJ08Ol0h8zjDsZrzjnAJ6bwIAAAAAAAAA8DWhJqvqm095u4zBZ12qxZE2SRu09uAGOTq3m5MVFyRJG3S0rG9dGoNjlZS0QAtnvqgfJSyWlK388nJJZiWEtM8oPVpb2Kc+65r7WIQPq28+pVCTtfeG59Hf432C5V4tnpB+ngZZsnTM2nS1tv/5Fza1/zZa0jWrt/6DOoJ0xwa9kv9MR8gpSZEyGvpS6DaVNDnbSw6d0/t5R4hhMQbRK4JOAAAAAAAAAPBD1mCbKh323hv6PbOmTHpI8ZJU/wd9eLJzu03zxtwsya4dRT/VjqruR9UdW6VX9p1e0tZV9Iz+vC9bZc3d25U1HZMkT7AUn3SfkiQ5qr6nlw6Wd7tnoas2Tx/ueEX5bae3xYWmSJIcNRuUP0xucFjpsMsabOu94Xn093hfMGvSfVo48XX9cMYTmhd9xvVYsjRv6hOaHCxJdh0tWSNJKipaq9I2SaYFunHmI8qwnD7EGn2v7py9TneP7djQ0h5OKni6Fo/u7D9dCzNXKKmnZW978GHptvallk0LdGPmA+3/vUiSbMpIfVU/nPFzjbTYbziMQfSOicwAAAAAAAAA4IfiwlJ1or5Aqda53i5l8EXcrJusf9CfK7O1sWit5o1erHBJ4SkP6ZbKz/Rmwyt6PXuV3gxMkcUgqa1QdW1OKeAhFSldyXIqt/IPKqp9Sk+VmWU8s51u1uXjOu65GbFYy2zL9ax9lfKLZ+vRY+kKD5DkLlNda7mkWM0qXaHJ4zpqS1yqWUee147Wp/TSpo+UFJal6IilujMtxQsv1MA4UV+guLDUfvURF5aqwqqtA1SRd9Q5yuRwx8oatVw3Zi7XjW1OudwdOwPMHeG4U2XHf6pXOidXOx7X2pIsfcGWLkvkvboza4Vu7wjGjYHtMzjr4pZLx1dJB19R/pgnNNlkU8aUjzXlEmd7v+5ClTVFKC64D8Ue/6k2xr2uxaNiZYl+SA8u/JZcbV3qdMdqYaT0es1AvDL+ob9jGP6BGZ0AAAAAAAAA4IdsEVNVXJvj7TKGTHLyQ0qS2oOkzomsATZlXbFOP5zwiJJMNqk1T3WuPDkMmUqKeVUPXfmAkiVJZmXM2K4HE7u3q3PbFBf+c90987fKijh9rrhJT+jHma8qKzRLFndH27ZIxYU+ojszNmrZuC6FBaRr2cy3tDg8SxZ3to7WPqNSV+QQvSqDo7g2R7aIqf3qo7/H+4L8A0v0s50/0ofl2apsccplMMsY2PHjrlVd/QZtzF2kpz7bcNZxv899XvkNtXLp9DGulkLl23+kF/es6mi5Si/t/Kly6mvlcrcHoUZXoXIO3qOjrX2t1q6Ne5bpH4fXqqzFKXXWqo468+4ZUSGnNDzGIHpncLvd7t6b+YcDRcdUUGSXLT5Wk5JtCrGMzBtFAxiZcnIP96l9dJhJBoPB8yPpvI/V9bEkg3po1+V3b9vOfHwhz3vb3pO+treEsOgBAAAAAMC3VTeV6vef3qyfzNvp7VIwzDy2caa+c/kaRQXH9964B9VNpfrVlhEw2xg+67+u3NyvMTxYHI3DZI1rHzEsPsW1l5Tpmb+sVkVlrWdbjDVCD3x1qWwJcV6sDAAAAAAAAAAGR1RwvGJCEnWwcvPIWL4WQ+Jg5WbFhCT2OyCKCo5XYmSGimtGzqxj+I7EyAyfDDkx8Px+6Vp7SZme/OOqbiGnJFVU1urJP66SvaTMS5UBAAAAAAAAwOCaGnejck6+5e0yMIzknHxLU+NuHJC+BqofoK8YeyOHXwednSFno8MpSbLFx+rh+5crY0r7TZ4bHU7CTgAAAAAAAADDVubY27Sr9HXVNZd7uxQMA3XN5dpV+royx942IP1ljr3Nc/sjYKgYZBiwMQzf57dB57lDzjuUlmzTA3cvJewEAAAAAAAAMOyFBkUry3aXNhe/5O1SMAxsLn5JWba7FBoUPSD9dY5PYCgN5BiG7/PLoLOnkDPEYva0eeDupZozK10SYScAAAAAAACA4Wt+4n36+OifVOE46u1S4McqHEf18dE/aX7ifQPa7/zE+5jViSFjkGHAxzB8m98FnRcScna6+wvXE3YCAAAAAAAAGNaiguN13cTv6v2iJ71dCvzY+0VP6rqJ31VUcPyA9ts5PoGhMBhjGL7Nr4LOvoScnQg7AQAAAAAAAAx310z4tqqbSrS9ZKW3S4Ef2l6yUtVNJbpmwrcHpf9rJnxbiZEZg9I30CkxMmPQxjB8l98EnRcTcna6Y+nVhJ0AAAAAAAAAhrVb0h7TG/k/1tGabG+XAj9ytCZbb+T/WLekPTao57kl7TGWsMWgMcgw6GMYvsngdrvd3i6iN/0JObt67KmXZS8tlySFWMx6+JvLZUuIG/B6z8fR1KzfP/8vFR4uOWuf0RiouJgozZ5xia6+MkOW4L5d38WorqnXr55u/5bXf337TkVFhp23/eHi4/rNn/6phLGj9J17b5Ml2DToNQ60t9Zt05q1WzUrI01fX3GTt8sBBkxO7uE+tY8OM8lgMHh+JJ33sbo+ljz/MD2rXZffvW078/GFPO9te0/62t4SYuxTewAAAAAAfEH2iTe0rujXui/zb4qxJHm7HPi4CsdRPZf9ZS1K/r4yx9w66OfLPvGG/p730KCfByPPHelPDckYHgiORpe3SxhWfH5G50CFnJL08P13yBYfK8k3ZnamJduUNfNSz8/ExLE6VVWrN97drEd/9aLyCo54rTYAAAAAAAAA/idzzK260vZV/XXP11XhOOrtcuDDKhxH9dc9X9eVtq8OWUCUOeZW3ZT66JCcCyPHTamP+k3IiYHn09NVBjLklDpmcd5/h5589u+yl5Z7wk5vzOyUpIVzpytzamq3bc3NLVq7YafeXb9dz7/6rr71tVuUPJ4b5wIAAAAAAAC4MFcl3iNJei77y7pzyu+UFJnp5Yrga47WZGtl7oO60vZVz3gZKp3ne/vgL4f0vBiebkp9dMjHMHyLz87oHOiQs1Nn2OlLMzu7MpmCdNN1Wbrx2ivU0Nik19/eKEdTs7fLAgAAAAAAAOBHrkq8R4uSv68/7rxd20tWersc+JDtJSv1x523a1Hy970WEF2VeI/uSH+Ke3biohlk0B3pTxFywjdndJ4ZcsZERwxIyNmpM+x87KmXVVFV6/WZnWcyGKSrZl+mT3Z9JntJmY6Vlil14jhJ7TM+d+QU6KMtOSo5cUouV6tMpiDNnDZJty+Zr7BQi6cfV2urPty0Wx9u3q3K6joZDNLo2GjdcM0Vunz6ZAUEdP9LpK7BoTfe26ydew6oublFUZFhuu3Gq3RF5qU6163tKqtqtfr9LdqXf1itrW0aExetO5ZerUsnje/Wvq3NrU935+vd9Z/oZHmV3G7JGhWuq+dO19VzpslkCvK07cv1/fmVt7Ujp0D3fflGVdfU64ONu+R0NuvB+z6v5PHxqqiq1er3tmjXvoNqaXEpNiZKty+ZN0B/SgAAAAAAAIBvyxxzq0aHpurNgp+osGqrrk9+mPt2jmAVjqN6v+hJVTeV6NuXr1ZC+BSv1tN1fBbX5Hi1FviXxMgM3ZL2mNfHMHxD4M9+9rOfebuIrs4MOSXJlhCrBXOmDeh5goKM2p1bqIqqWklSi6tVO3IKNCVtvCIjQgf0XF25XK3anr1fldV1mpWRprGjY85dn9Go/MJilZw4JVtCnCYmjZUkvfXBJ/rHmo8ltzQ5xaakcaPlcDSpoNCuY6XlyrwsVYGBgXK7pZVvfKh3129XUFCgpl4yUXExUTpeVqnt2fsVEGBQWrJNTc5mbf40Vw6HU3s/K1JlVa0unZQkS7BZJ8oqtfezQxo72qr4jjqra+r1ya79amtr0ye7PlNDo1OXTkpScLBJx0rLtT17v4KMgUqZkNB+va2teuX1D7Rm7Va5XK2akjZB4+JjVVZRrd37CnW4+LimpacoKMjYp+uTpF17D6j0RIWKj5Vp554CBQQYZAk269K0JBkMAfrNn15XQZFd1qhwTZk8QaagQH24ebeqqutU1+BQwphRmjFt0qD9WQND7URZdZ/aW0yBMhgMnh9J532sro8lzzfuzmrX5Xdv2858fCHPe9vek762Dwry2UUPAAAAAAC4YBHmOF0ef4fKG4r0yt5vqqXNqTFhk2QOHLzPQOFb6prL9eHhZ/S/ud/RtNE36o70XyvC7P0JP9Lp8RlgCNChqu3eLgc+ziCDFk38nk+N4YvhamnzdgnDis/N6Dwz5BxKnTM7f/eLb3nl/F0FBgbI1BH+dX095s2+TJdPn6yxcTGeWZPNzS16+oU3deDQMR0qPqHJKTbV1jUoL/+IrNER+s/771CMNUJS++zKnXsKNK5j6d5OjianMqYk667li2TsCErfWrdVb63bph27C5R52aRuszRPVdboxmtn6+bFV3pmhn66O18vvfa+Ptyco8ypkxQ3Kkr7DxRre/Z+xcZE6rtfX6bYmEjPNT3z4pvKL7Rr2848XXNVZp+ur6smZ7O+fc+tuuySiTIYJLdbeuUf61R2qlpZMy/1XJMkFR0p1R9efHMA/oQAAAAAAAAA/3HNhG9rxtjP6+Pi5/TLTVdoRvwyZYxeolTrXG+XhkFysHKzck6+pV2lryvLdpd+dOUmRQXHe7usc+o6PrfZX5Zbbm+XBB9ikEFZtrs0P/E+nx3D8B6fCzq73pNTkuyl5YN+zq7n8lbIeqGs0RFnbTOZghQeZlFLi0uNjU2SpIAAg4zGQNU3OFTf6PAEnQEBBl0+ffJZfYSHWbR4wSxPIGgwSJOSbQoK2qGaugY1OZtlCTZ52sdER2he1rRuy99On5KiLRPH6bMDR3Xg0DHFjYrSp7v3y+Vq1fysaZ6QU2pfPnjRgpkqOlqq7L0HNffyy2Q2B13w9XW1cO50Tb10oud5bV2D9h8sVlioRdfNm+G5JkmamBSv6VNStGn7vp5fZAAAAAAAAGAYigqO19JJP9W1E76j7OP/0rpDv9bK3O8q2ZqlxIgMjQlLk9ViU5hplEyBIdw/0Q+45VZza6Pqm0+p0mHXifoCFdfmqKhym2JCEjU17kb9f/N2KjQo2tul9urM8bm37B2WtB3hEiMzNDXuRmWOvc0vxjC8w+eCzofvXy57SZnmzJqiZ14ampl3FotZD9x9i7buyPWJe3RKUmtrm5pbXJLU7d6kTc5mfbQlR9t37VdVTV2PwWx4WIjmZ03VP9/ZpF/+9tWO5VvHa/plqUpLsXUL/yQpKChIoSHB3baZTcaz2nWKjgqXJbj7PVODgowaZW0PM6uq6+R0tqiyqk6SPNu7iggPkSkoSKeqauVocspsDrrg6+sqYcyobs8rq2vV0Ngki8Ws8LCQbvsMhvbaAQAAAAAAgJEqNChaVyXeo6sS71F1U6kOVW+XvXav8k99pMomuxqaK9Xc2sisOj9gkEGmwBCFmqyyBtsUF5aqS0Yt1I0p/+W3M996Gp9l9QcZn8PQucawLWKqJkbN9tsxjKHlc0FnWrJNacm23htKqqis1WO/frnXMOzh+5f32meIxaxr58244DoHW32DQyfKKmU2BSmxI3xtbm7R//z1LeUVHJHRGKiEMaMUP6b93pkHDh1TRWVttz6unTdD06ekavvu/crLP6Jtu/br4217ZY0K1ze/ulTjbaMH9Rra3G61uS/8L5u+Xl9PAgIC+nwvPgAAAAAAAGAkigqOV+aYW5U55lZvlwKchfEJoDc+F3T2xamqmgua8VdQaL/g8NQXuN3Spu37VHaqWmnJNiWNaw8kq2vrdex4uSLCQ/SD++/QmDirp/2fXn7rnEFgjDVCN1wzWzdcM1ttbW5t3ZGrv/3z33pv/XZ9fcVNF11jVXWdHE3ObsvZNje3qOxUtSRpTGy0LMEmjbJGqPBwiU5V1pzVR21do5pbWmSLj5Ul2HxR13cuURFhCrGY1dDYpKqaOkVFhnn2ud3ttQMAAAAAAAAAAMC/BXi7gIEyZ1a6lizK8vzMmZXu7ZIuSnNzi97+YJve+fcnCg0J1i2fu1ImU5AkyWwyKch4djZ96GipCors3bY1Opz6ZNd+NTmbPdsCAgwaOzpGpiCj6hsccrlaL7rOiqpabdy2R21tp2ds5uQVqfBIiaIjw5VkGyNJunz6JTIaA/Xxtj0qrzgddjY6nFq3Yafa2tzKnJoqszmoT9d3PhHhoUqfPF6OJqc+2Jit5uaWbn3tzi28mEsGAAAAAAAAAACAD/HrGZ1dzZmV3m3WZkGRXVt35J33GFt8nA4UHZMt3jv35fxw827l5J0O3Soqa3Xk2Ek1N7coPCxE93zxc0oef3oN6s4A7+Ote/TE0yt16aQkOZqcOlx8QoGB3TPrI/YT+uuqtfrrKnmWgG1qalZ+YbGanC2ecNHR1PuM2HOJigjT5k9ztSPngCYkjlFFVa0OHS1VQECAli2Zp7hRUZKkSyYlanbmJdq6I0//59cva3JKoozGQBUU2VVb16hLUhOVNTO9z9d3PgaDtHjBLO0/cFQ7dueroLBYack2OZqcKjpSqujIcNU3OC7qugEAAAAAAAAAAOAbhk3QeTG+cMvV+sItV3vt/GfOUjQaAxUXE6XZMy7R1VdmyBJs7rbfYJCWL5mv6Igw/XtTtnbkFCg2JlJfvWOxtu/O186cAk/bS1KT9NB/3K63P/hEBw+X6OixkwoIMGh0bLRuui5LszIm96v2UTGRuvPWhXrj3U3atfeA2tralJgwWrfdeJUmpySevqbAQN11+yJNTknUu+s/0Z7PiuR2S9aocC1bMl9Xz5nmmbHal+vrShjcdgAAIABJREFUTWxMpH7wwB3619ubtGvfQU9fX152nU6WV2nN2q39un4AAAAAAAAAAAB4l8Htdrt7b+Yd//3s33Wg6JgmJY/TD+6/46z9BUV2PfnsKknSw/cvP2tGZ+e+JYuydPPiOUNTNAB4SU7u4T61jw4zyWAweH4knfexuj6WZFAP7br87m3bmY8v5Hlv23vS1/aWkBH9XSAAAAAAAAAAg8DR6PJ2CcPKsLlHJwAAAAAAAAAAAICRY8QHnRWVtd4uAQAAAAAAAAAAAEAfjeh1+V578yOt35StObPSdfcXrvd2OQAAAAAAAAAAAAAukF/M6KyoGpxZlwcOHZMknaqsGZT+AQAAAAAAAAAAAAwO/wg6K2tVUGQf0D4Liuyyl5RJkkIswQPaNwDA/7nd3q4AAAAAAAAAwHDCZ44Dz6eXrr1y1hQdKGqfdfnsS6t1x9KrNcoa6dl/rLT8gvqpqKr19CNJ9tIyrVm71fN8+pSUAaoYADBcuN1uGQwGb5cBAAAAAAAAYJhwk3QOOJ8OOufMSteWHbk6UHRMjQ6nXnrt/YvqZ+uOPG3dkXfOfZOSx2nOrPT+lAkAGIb4NwcAAAAAAACAgcRnjgPP55eufeDuW3TNVZl9Pi4k2Nxrm2uuytQDd99yMWUBAIY5dxv/6gAAAAAAAAAwcPjMceAZ3H4yT7aislbFpWWe+2p2Ncoaec5ZmQVFdhUUnn1vT1tCnBLj4xRjjRiUWgHAG3JyD/epfXSYSQaDwfMj6byP1fWxJIN6aNfld2/bznx8Ic97296TvrYPDDTIZA7s0zEAAAAAAAAA0JNmZ6taW/0ilvMbfhN0AgDOj6Dz/PreXgq2+PQK7wAAAAAAAAD8SJPDxfK1A8znl64FAMAb3G6pjaUkAAAAAAAAAAyAtjY3IecgIOgEAKAHLCMBAAAAAAAAYCDwWePgIOgEAKAHra42b5cAAAAAAAAAYBjgs8bBQdAJAEAP3G6+aQUAAAAAAACgf1pbWbZ2sBB0AgBwHi6+aQUAAAAAAACgH/iMcfAQdAIAcB5trW5mdQIAAAAAAAC4KK2tbrXx+eKgIegEAKAXrha+cQUAAAAAAACg7/hscXARdAIA0Iu2NjfLSwAAAAAAAADoE5erTW1tzOYcTASdAABcgJbmNrm5YzgAAAAAAACAC+B2u9XSzOSJwUbQCQDABeIfJgAAAAAAAAAuBJ8lDg2CTgAALlBrq1strKkPAAAAAAAA4DxaWtrU2srqcEOBoBMAgD5wtbRxv04AAAAAAAAA5+RytcnFZIkhQ9AJAEAftTQTdgIAAAAAAADozuVqY8naIUbQCQDARSDsBAAAAAAAANCJkNM7CDoBALhILc1t3LMTAAAAAAAAGOFaWgg5vcXo7QIAAPBnrpY2udvcCjIFyGAweLscAAAAAAAAAEPE7XarpblNra1ub5cyYhF0AgDQT62tbrU6WhVkCpDRyGIJAAAAAAAAwHDHUrW+gaATAIAB0tLcplaXW8agAAUGMrsT/3979x4W5Xnnf/wzDKdBQQFBBUdU8KyJGonBJCYmaUybRm2baNJu07Xd7C+17a+7rb32102vtttr02137XEb0zZt7abNlWi6qYemVXPQGAMxeMAEoiTgaQQFZIABZpgT8/tjZGQ4HwZmgPfrurh45pn7uZ/vg/zhNR/u7w0AAAAAAIDRxuv1yeNuVWsrqzgjAUEnAAAh1Nrqk8vpVZTRoOhoAk8AAAAAAABgNPB6ffJ4WtVKm9qIQtAJAMAQaPX65PJ6ZTBIxmuBZ1QUoScAAAAAAAAwUrS2+vzbVnla5SPfjEgEnQAADCGfT/K4W+VxSwaDFBXlDzwNUQYZDJLB4P8OAAAAAAAAIDx8Psnn8/m/t/rUeu2LcDPyEXQCADBMfD5/iwsv7S0AAAAAAAAAYNCiwl0AAAAAAAAAAAAAAPTXiFjRaXc4tWP3QRUVl8nucIZ07pW5C7Vx3WolmOJCOi8AAAAAAAAAAACAoRPxQWet1abv/fjZkAecbfILS2SprNG3v/bZIZkfAAAAAAAAAAAAQOhFfND51O93B0JOU3yczJlpkiRzRvqAV2GWllskSZaKGjlanLJUVCu/sEQrcxeGpmgAAAAAAAAAAAAAQyqig05LRbUsFdWSJHNGmrZs3hjSFrMni8u0bftuSdJVa0PI5gUAAAAAAAAAAAAwtKLCXUBPThaXBY4fWLMy5Ptosi8nAAAAAAAAAAAAMDJFdNDZHqEkAAAAAAAAAAAAgDYRG3SeLC7TB+WXAq/zC0sCbWwBAAAAAAAAAAAAjG0RuUdnrdUW2DuzTX5hiSyVNfr21z7b7XX5hSUqKi6T3eGUOTNd99y+TKkpSUNdLgAAAAAAAAAAAIBhFpFBp8kUJ1N8nBwtzuDz8bFdjrc7nNr69M6gFZ+l5RblFxZryxc3yJyZPqT1AgAAAAAAAAAAABheERl0Jpji9INvPaYduw8qv7BEkrRx3Z26Z9VNXY7fsz+/y7a2bQHofzzxWMTs8elocennv3lJZecqOr0XHW1UeupErbhpvlbfukSm+OCa3W6PDhw6pqqrdVq2eLaWLMoZrrIBAAAAAAAAAACAiBKRQafkDztTk6+3ne1pVeZrb56QJJni4/SNzf4VnNtf2Kf8whLZHU4VFZdpZe7CIa+5v+Zmm5WSnBh4XWu16fylKv35r0f06uET+sKnP6qFc2cE3vd4W1Vcel5l5yqUljoxbEHn3gMF2rM/X7lL5uofP/vxsNQAAAAAAAAAAACAsS1ig86BWLo4JxCIrsxdGFgNetXaEM6yunXXbUu17IbZQedcLrf2Hzqmv752VL957q/68ufXK3tGhiR/695/+fLD4SgVAAAAAAAAAAAAiChR4S6gOzt2H1L+sZKg1yeLy3q8prTcIrvDv69nW8gpSZNSJgxNkUMgNjZGH/9Inu6/5xY121v0p78clqPFFe6yAAAAAAAAAAAAgIgSkSs6LRXVevXw8U7nduw6qKVdtGttW71Za7Xpq9/6RdB7pvi4EbeXpcEg3b5isd4+/r4sFdW6VFmt2bOmSZJ+/Ye/qLCoVF/83NrAatC2c4/93f2qb2jSK4ePy+l06auPfUrZMzLkaHFq9758HT1xWk3NDsXGxuimxbP1yY/frolJ44Pu3XFsdLRR5ox0feJjt8lub9Evn90bGFtYVKrColJJCqqnts6m3X97S6feL5fd4VRsbIxmz8zUgw+s0rSpaYHrz128rJ/86n+VOXWSNqy9Q7v+9pY+OHtJNy7I1h0rb9RTv9uliRPG6xubN2pC0rigOj88e0k/e+YlTZ2con/+Pw9FzB6sAAAAAAAAAAAAGB4RuaLTnJmuOdnTOp3vap9Nu8Mpx7VVnF0xGCRLZXVI6xsO48eZNCU9RU6XWxcr+lb/n/96RC/ufUMul1um+Dg5WpyyO5z6xW936fUjJ5VgiteKZfM1PTNdR0+e1tZtO2WtswWur6lt0L//5I967c0Tio42KnfJXC2eN1NXqmv19O93q8XpUt7yBYH2wKkpScpbvkB5yxco5dp+qmcvXNaTP31Ob584reSJicpbvkDTM9N1+sML+o+fP6/Ck2c61V1VY9VPfvUnnSm7qPEJJrX6fJo2ZZJmTp+q6qv1Kik9HzTe55MKjr0vl9uj1bcuJeQEAAAAAAAAAAAYgyJyRackfWPzRu3Zn6+9BwokSVs2b9DcbHOncVuf3ilLhyAwNTlJtdcCPLvDqa3bdnZ7faQyGqMUG+P/57H3EOS21+J06Stf+IQWz58lg8EfCD730qv64Owl3X/PCq1dc6uiogySpHdOntH2F/bpYP4pfer+2+XxerVzzyFVX61X3vIFenTDvYo2GiX59w0tO1+pOdnTdOvNi7T3QIEsFdWaNX2qPv/IRwP3d7nc2rM/X03NDq1ds1L333OLDP7bBe6395UCzckxa0Li9RWajU0O3XTDHH1u470yxV8PLfOWL1BpuUWnSsq1Ytl8GY3+XL6mtl7FZ84rfdJELZw7Y+A/ZAAAAAAAAAAAAIxYERt09sWe/fmBkNMUH6cvfX5dIMystdr0wu6DKrq2r+f2F/bpB088FrZah8Ndty3VDQtmBV43NdtVWmbRhKRxWpm7MBByStLi+TM1PTNdZ89Xyul066q1QeXnKzQhaZw+/pFbAiGn5N83dMGcrF7vf7naqnMXryh90kTdvmJxIOSUpCULs5UzI1Ol5Radu3A5qJ1wanKSNqy7MyjklKSFc2cofdJEfXD2kiqvXA2sJH3v9FnVNTTqvrtu7tTSFgAAAAAAAAAAAGPDiA46X3vzROD4G5s3BIIwyd9W9Uub1ump7btVVFymWqtN+YUlXba/jUReb6tcbo8k9bk1a+aUSUGvrfWNsjXaZXe06In/+F2X10xKmaAWp0s1tfVqam5R9owMJY4fWHhYV98oR4tTGVNSFRsbE/RebGyMEseb5PP5ZKmsCQo6kycmdgo5JWlC0jgtXTxb+15/R+8UlcqcmS6Xy62i4nKNH2fSzUvmDqhOAAAAAAAAAAAAjHwRG3Ru3bZTpeWWoNcP3JuntWtWSpJKyy2Blq6pKUkqKilXUUl5p3nah4Sl5ZYRE3Q2NTt0pdqquNgYTW8X4PZHa2urfD6f4mJjtGjeTMXGdv7nHpdgUkyMUa2tPvl8vkHVHIo5Orp5yVwdOfqeiorLdO8dN+lKtVXnLl7WwrkzlNEh2AUAAAAAAAAAAMDYEZFBp6WiOijkbPPq4ROBoLO9WqtNe/bn9zrvVWtDSOobaj6f9ObR91R9tV5zs83KmjZ5QPOkTEzSuIR4OV0uPXBvnjKndh8MpqYkKcEUr5raejU2NcsUH9vt2La9Mrubo7HJLpfLHTSHy+VWY5NDBoNB5oy0Pj9DxpRJmjNrmk69X66zFy7rVEm5PF6vVuYu7LYOAAAAAAAAAAAAjH4RmRSZM9N19+3LlJqcdP1cRpoeXr868HpS8oQu2532ZGm7dqn+OQe2UnIouVxu/eWVAr386tsalxCv9R+9tVMb2L5KShynhfNmqLHJof2HCuXxeoPer7xSq+qrdZKkqekpmjl9ihpszfrLK28HjXW53DpTZpHX2ypJypicKoPBoKqr9WpqdgTGtc1RfbVebx59T+0XdxaVlKvsfIWmpCdrZtbUPj+D0RgVWIX7578e0an3y2XOSNPsWdP6/fMAAAAAAAAAAADA6BGRKzol6eH1q5VgitPeAwWSpI3rV2tutjnwfmpKkn7+5JeDrrFUVMve4gy8Nmek97i/ZV/3vhwqrx85qaKSssDrWqtN5y9VyeVyK3F8gr7w6Y8qe0bGgOc3GKSP3XWzzl24rIJj76uk9LzmZpsVFRWlcxevqKa2XnnLF+hzG9YoNjZGa9es1MWKahUce1+nP7yo2TMz5fF4dabsogyGKH3t8QeVNW2yZmZN1ZT0ZF28VKXv/+w5zcrK0PIb52jJopzAHHv25+vYqVJNz0xXTW2Dzl6oVHR0tB74SJ4mJPZvD9DZs6bJnJGm85YqSdKaO3PD/m8HAAAAAAAAAACA8IrYoHMgzAPYy/Lu25epts6mW3MXDUFFPevYnjc62qj01IlacdN8rb51Sb9XrHYlJTlJWzZv0GtvntSRo+/p2KkP/OcnJmrtmpW6+/aliooySJJmZU3VE//0Ge3+21s69X65CotKFR1tlDkjXZ/42G2anulvoTshcZy++tintGPXQb135pyOnjityWnJWrIop9McFZevKjY2RvNnZ+nBB1Zp2tS+t61tk2CKU+6SeTpvqVLyhEQt6bAyFwAAAAAAAAAAAGOPwedr32A0ctgdTu3YfVD5hSWS/Cs87759WZdjt27b2eWenu1t2bwhaEUoRpYDh47pxb1v6PYVi/XZh+6VwRDuioDIU1R8rl/jk8fHymAwBL4k9Xis9seSDOpmXLvvvZ3reNyX172d705/xwMAAAAAAAAAIltE7tFpdzj1zSefCYSckvTCroPaum1nl+N7CzklqbSs9zGITHaHU4VFZxQXG6O85QsIOQEAAAAAAAAAABCZrWtrrQ2yO5ydzl+1NnQ5/u7bl8lSWd3jnOFoTYvQ+PDsJVkqa3TjgmzNyhr4nqUAEG4GgxQVZVBUlEGGKIP8C2UN/AEHAAAAAAAAEEY+n+Tz+fzfW31qvfYVmT1R0V5EBp3mzHRt3rROrx4+rg/KL0mSVuYu1D3dtK59eP3qAd/rZHGZrHU25S1fqATT4PfERGi5XG4dfKtIkv93wGiMyEXIANAtg0EyRkfJaDQE9kQGAAAAAAAAEDnaFiRIkozXP8NrbfXJ6/XJ62kl9IxQERl0StLSRTmyVFQHBZ3mzPSQ3qPWatO27bsl+ZP6e1bdFNL5MXixsTH6p3/8VLjLAIB+izIaFH0t4AQAAAAAAAAw8rR1Z4uJiZLX65PH06pWL4lnJInYoLOjrlrZDtbVuuutcIdifgDA2BMVZVB0DAEnAAAAAAAAMJoYjQYZjUZ/4OluVWsrgWckiOg+oO1XcO49UBDyMJJwEwAQSjGxUYqLNxJyAgAAAAAAAKOU0WhQXLxRMbERHbGNGRG9onPpohyZM9JkqayRpaJa33zyGZkz0jU3xzzoua9aG1RUXBZ4PSllwqDnBACMTUajQTGxUdf7+AMAAAAAAAAY1dq2rXK7WuWlnW3YGHy+yN4+1VJRrf/atlOOlqFbfWnOSNO3v/7okM0PAMOhqPhcv8Ynj4+VwWAIfEnq8VjtjyUZ1M24dt97O9fxuC+vezvfnaEKIaNjohQTw19vAQAAAAAAAGOV290qj7s13GWMSREfdEr+FrM7dh/UyffKQh54rsxdqI3rVivBFBfSeQFguBF09mwogs6Y2ChFRxNyAgAAAAAAAGOdx9Mqt4uwc7iNiKATANA7gs6ehTroJOQEAAAAAAAA0B5h5/DjE1oAAPqJkBMAAAAAAABAR9HRUYqJ5XPD4cRPGwCAfoiOIeQEAAAAAAAA0LXo6ChFx/D54XDhJw0AQB8ZjQbF8J8UAAAAAAAAAD2IiYmS0RjarbTQNT6tBQCgj2g7AQAAAAAAAKAv+CxxePBTBgCgD2Jio2Qw8FdYAAAAAAAAAHpnMBgIO4cBP2EAAHoRFWVgX04AAAAAAAAA/RIdHaWoKBZPDCU+tQUAoBdsHg4AAAAAAABgIPhscWjx0wUAoAdRRgMbhwMAAAAAAAAYEKPRoCg+XxwyBJ0AAPSAlrUAAAAAAAAABoPPGIcOP1kAALphMIjVnAAAAAAAAAAGxWg0yMDHjEOCoBMAgG4Y+UsrAAAAAAAAACHAZ41Dg58qAADdYDUnAAAAAAAAgFDgs8ahQdAJAEAXDAYpKor/fAAAAAAAAAAYvKgo2tcOBYJOAAC6QMgJAAAAAAAAIJT4zDH0CDoBAOgC/+kAAAAAAAAAEEp85hh6BJ0AAHTBwH86AAAAAAAAAIQQnzmGHkEnAABdoF8+AAAAAAAAgFDiM8fQI+gEAKALBv7XAQAAAAAAACCE+Mwx9Ag6AQDoAv/nAAAAAAAAABBKfOYYegSdAAAAAAAAAAAAAEYcgk4AAAAAAAAAAAAAIw5BJwCMEv3p704veAAAAAAAAADASEfQCQCjRFxszJCMBQAAAAAAAAAgEkWHu4BQKC23aMfuQ7JUVAfOpaYkadPD92lutjmMlQHA8Ekcl6AWp6vPYz0u+xBXBAAAAAAAAADA0BnxKzpPFpdp67adQSGnJNVabdq6badOFpeFqTIAGF4pExMVHxfb67j4uFilTEwchooAAAAAAAAAABg6Iz7o3LH7YODYnJGmB+7Nkzkjrcv3AWC0y0hP7THsjI+LVUZ66jBWBAAAAAAAAADA0BgRrWvtDqdee/OESssskiRzZroeuDdPCaY41Vpt/nMZafr21x+VJK1ds1Lf+9GzslTWBN63O5zae6AgsPJzbo5Zd9++TAmmuDA8EQAMjZiYaGVlTpa1vlGNzXY5XW5J/j05E8clsJITAAAAAAAAADBqRHzQaXc4tfXp4Na0peUWlZZbtHHdnYFzSxblBF23ZFGOLJU1kqSi4jLtaRdyts1xsrhMW764gbATwKiTMjGRUBMAAAAAAAAAMKpFdOvarkLONpaKam3dtjPwumNY2f71U9t3dz/H0ztldzhDWDUAAAAAAAAAAACAoRbRKzpfPXw8EFCaM9L0pU3rZTLFaeu2HYHVmm3vrcxdFHTtytxFyi8s6TRuy+aNkhSYw1JRrVcPH9faNSuH4YkAAAivZrdV5dYCXbQV6UpTqawOi5pcV+Xy2uWTL9zlIYQMMijWmKDxsZOUYjJryvi5mp60RNkpeRoXkxLu8gAAAAAAAIBBM/h8voj9VPO/tu3QB+WXJEk/eOIxpaYkSfKv9MwvLJbd4VSCKU4rcxd12X62p3F2h1Nf/dYvJElzsqfpG9cCUAAYqRx2T7/GV1dXyWAwBL4k9Xis9sfyhyhdjmv3vbdzHY/78rq3893p73hTQkT/LVC/Hat8UUVVe/Wh9Ui4S0EEmJ1ym5ZMfkDLMx4KdykAAAAAAABjSn8/x0XPRsynuKZ2QWaCKU73rLop6H27w6lL11ZvmuJjZc5M73IcAABjyaELv9SRi9vV6KrpfTDGjA+tR/Sh9Yj2lW/VbdM36c6sx8NdEgAAAAAAANBvER10mjPSAys6tz69U1u+uKHLlZsv7Dqo19480en80kU5unvVMs3NNgedb9v7s/19houjxaWf/+YlVVy+qn/+P5/SzOlTexzfYGvWf23bIbfHq29+5RFNnDC+X/erqa3X/oOFkqQ1q3OVljpxwLUDAEaOd6te1r7yrap1XAh3KYhgja4a/a3sP/VOxQ7dl71FN0y+P9wlAQAAAAAAAH0WFe4CerJ2zUqZM9IkSZaKauUXFnc5Lr+wpMvzJ4vLtHXbTm1/YZ/sDme78cVBe3+GY39OR4tT+14vlNfb2uO4w2+/q6qaugHfp6nZoXdOluqdk6VqanYMeJ5f/+EveuzrP9LeAwUDngMAMDxeOvOEniv+CiEn+qzWcUHPFX9FL515ItylAAAAAAAAAH0W0UFngilOD7QLIduHle09vH510OvU5KRAQCr5g9Aduw92Oc/G9au7XCU6HEpKz+vDc5e6ff9KtVWHC94d1D1mTp+qnz/5Zf38yS/3unoUADCy1bVUaNuxB3W04vlwl4IR6mjF89p27EHVtVSEuxQAAAAAAACgVxHZuvZkcZl27D6oWqst6Hx3geTK3IWSpO0v7JMk1dbZtHbNfZL8bW0dLU7lF5bInJGme1bdFDTP1m3+FrapKUnauG61li7KCfnzdMfpcmvf64WaNX2qYmNjgt7z+aQjR99Tva1p2OoBAIxcVc0f6n9O/SOrODFoFxpO6JkTf6fP3fhrTR43O9zlAAAAAAAAAN0y+Hw+X7iLaK+03BIIH9szZ6Rpy+aNSjDFBfbkXJm7UJsevi8wJr+wJBB2StK3v/ZZSdL3fvwHSf4w8wdPPObfo3PbDlkqazrdZ/OmdUMadrbt0VlTW68paSkqO1+hLzzyUeUunRc0zlJZo5/86k9KnzRRLrdHzfaWoD06XS63CotKdfCtIlVcuSqPx6vY2Bgtv3GOHnrgDo0fZ5Ik1Tc06T/+27+yp+369ue+/Pn1evXwcR079YFcLrcmThivT95/u25ZtkAGg7T3QIH27M/v9Bym+LjAHqM+n3Sm7KJeevlNXayoks8npaVO1Lr7Vip3yTwZDP5rzl28rJ/86n+VOXWSHvnEXfrzX9/UmTKLvN5WTUlP1iPr79L8OVmBe7S2+nSqpEyvHynS2YuX5XK5FR1t1Lwcsz79ybuD9httq7Ot3fGLew+rprZeRmOUFs+bqU9/6m5NTAre39TR4tTuffk6euK0mpodio42ypyRrk987DbNy5kug0F9fjYgEjjsnn6Nr66uksFgCHxJ6vFY7Y8lGdTNuHbfezvX8bgvr3s7353+jjclROTfAnWprqVCz5z4O0JOhFSqKUuPLfujkuMzw10KAAAAAADAqNHfz3HRM+N3v/vd74a7iPa2Pr1TjmutZc0Zaboj70YtXZSjjevvCqzE/NkzL0nyh4G1dbZAMGnOTFdtnS0QYOYunadZWRmBcw6HU0sX5WhSygTlLp2nCYkJmpU1VQ6HU7ZGuyTp7MXLumfVTUP2fB6PV0dPnJbT5dYnP3a7SkrPq6a2QTfdMEcx0UZJktfbqv99+bAqLl/VQ2vv1AVLlRwtLt2+YrHi42MlSXtfeVsv7nlD8knzcszKmjZZDkeLSsssulRZo2WLZ8toNKrF6dKRd/x7m7Zd33bO4XDq3ffLZa2zacGcLJni43Sl2qp33z+rqZNTlDE5VQ6HU9HRRjlanHI4nDJnpmvh3CxNz0zXgjlZGpcQr8KiM/rVs3vVZG/RvJzpypqWrqoaq94+flrR0VGaPWuaJH/o+vbx03K53Dp64rRaW31aMCdLrT6fLldZ9d7pc5qXYw6Eue+cPKNf//Fl2R0typmZqewZGfJ6W3X2wmW9/8F5LbthjuLj/D+PD8ovqbTcosYmuwqO+VfvZk2bLFtjsy5cqtLFS9Vaunh24GdcU9ug/3zqBRWfOaeEhHgtnj9TaSkTdN5yRceKSjU326yUiYl9fjYgEnjcPe/521FzczNBZw9iYiK6u3uQ7UWf1+WmM+EuA6OMw9Mgi+2UcjM2hLsUAAAAAACAUaO/n+OiZxG3XKWtXa05I03f/vqjnd63VFQHvc4vLJGkwMrOq9aGwHvmjHRJ/j0729hb/CFqgikuEGiuXbNS3/vRs/7gtEO73KGUOXWSVi5foANvHNfxU6W6bcViSdLFiiqdKjmrpYtzNGfWNB04dKzTtatWLNbNS+dpanpqYFWhy+XWf/92lz44e0lnL17RvBxzj/d3tDi1ZFG2Ht1wr6KNRvl80t5fEFlsAAAYzElEQVQD+dp7oECFJ0u1bPEcLVmUoyWLcvTrP/xFtVZ/qPzAvXmBOSyVNXph10FNTBqvrz72SU1JT5Hk3wf1qd/t0qG3Tmn5jXOVPun66suGxmatXbNS999ziwwGyeP1avvz+/TOyTM6VVKuGeYpkqTF82fpm//308qaNllRUf6H9PmkP7x4QG8efU/vnT6n225eFPRMtia7vvrYp5Q9I0OSVFNbrx//8k+6WFGlyitXlT0jQx6vVzv3HFL11XrlLV8QeP62n2HZ+UplmScP6NkAYLi9dOYJXWg4Ee4yMEpdaDihl848oU/OezLcpQAAAAAAAACdROxylSXdtI9tCyrbyy8s0dZtO7V12059UH5Jkj8obVsBWlt3PbxMiO96n8/u7jeUogwGrb51qSalTNCBN46pobFZHq9Xf33tHUVHG3XvnbnyeLyqb+i8T2dKcpIyJl8POSUpNjZGieNNcrs9sttber1/4niT1tyZGwj5DAZpTrZZMTHRamhsVovT1escH1xbRbl0cU4gCJT8QfKdK29Uva1JlVeuBl0zOS1Zd+TdEKg92mgMtKytqqkLmmPm9CmBkLOtxuSJiZKkuvrGTvUsWzw7EHJKUsrEJGVOnSRHi0sNtmb/ParrVH6+QhOSxunjH7kl8PyS/2e4YE6Woo3GAT0bAAynd6te1tGK58NdBka5oxXP692ql8NdBgAAAAAAANBJxK3obFNUUq61a1Z2Ot+2StN/nKarVpscLU6VlluCxs3J9q9mrLXaAqs+U5OTZM5MV1eKSspDVXq/pKYk6e7bl2rH7kM6evy0pk5OVfGZc7r7tqWaNjVNDbYmtXaxjWqL06WDbxXp6PHTqmtolN3ROQDuTUxMjMYlxAedi4uNDgr+enPeckWS9Mobx/XKG8e7HFNZVRsUJI8fZ1J0dPCvXlcBtMfr1TsnzujgWyd11WpTU7Oj13ra2t62MRqjFBsTfK+a2no1Nbcoe0aGEseP63augTwbAAynfeVbw10Cxoh95Vt1w+T7w10GAAAAAAAAECTigs7U5CT/npoV1dq6bafm5piVYIpT3vKFSjDFKcEUJ1N8nBwtTtlbnPrG5g36r2075bi20nNO9jSZM9IDIenJ4g8DcztanLI7nIGVnpK/Dem27bsDLXHbt7kdLiuWzVf+sff1yhvHFR8fq+QJiVp961J1t52cy+XWL/9nr0pKzys62qjMKZOUMSVVkvTB2UvD2n7X6/X3kjZnpmva1EldjsmYnNrveX0+6YVdB/VG/ilFRRk0OS1ZC+fOUFSUQZcuX+3Uwrg/Wlt98nURHnc0VM8GAKFw6MIvVeu4EO4yMEbUOi7o0IVf6s6sx8NdCgAAAAAAABAQcUHnxvWrtW37bklSabklsFLzrcISbfniBiWY4rR0cY7yC0tUa7WptNyi73z9UV2ta9Dc7M57Uq7MXaT8whJZKmtkdzj1zSef0be/9qhSU/yB5quHjwetBt24fvUwPKXk9Xrlcrsl+Vc43nfncv32+b+pobFZG9fdGaivK/W2Jl26XKOkxAR9Y/PGQFtVn0/61bN7hyToNBq77nI8LSNNhUWlmmmeos8+9JGQ3c/uaNG5C5cVExOtL21ap4VzZwTe273vrUEFnakpSUowxaumtl6NTc0yxcd2OW6ong0AQuHIxe3hLgFjzJGL2wk6AQAAAAAAEFEibo/OpYtytHnTuk4rKy0V1covLJYkrb33ekvbvQcKOoWctVabXnvzRGD15pbNG2XOSJPkX8H51O+vr+A0Z6bLFB+n1OQkbd60TkuHqQ2py+VRc7t9NJfeMFs3L5mnnJmZWr5kbo/XxsXGKia6c0Z99kJlpxa+oTL12srFixXV8ni9gfOL589S4vgEnXjvQ5Wfrwy6xuVy60yZJbAysj+ijUbFx3UOIGtqG/TOyTP9nq+9qekpmjl9ihpszfrLK28HPU/7mofq2QBgsI5VvqhGV024yxiRshe9oR/efVY/vP13yh3EPA/eclY/vPusvrvsH/p2wYID/vve8ZxWDeK+4dToqtGxyhfDXQYAAAAAAAAQEHErOiV/2NkWOJ4sLgus8Gzbh9K/r+WyQJi5ddtOmTPTtXRRjiwV1Sott8jucAatAt2yeaO2btshS2WNvy3u0zu15Ysb/Pd68sthe9Y20UajPv/pj/ZpbFLiOC2cN0Nv5J/SD/77eS2YkyVHi1PnLl7pduXlYC2eP0uvHj6hUyXl+vef/FHTM9N1123LlDVtsu5bnas//+2I/vOpFzQrK0NpqRPU2OTQB2cvKdpo1Ncef1BZ0yb3635xcTFadsNsfXiuQtt+v0fzZ09XlMGg0nKLTKbO+3n2R2xsjNauWamLFdUqOPa+Tn94UbNnZsrj8epM2UUZDFH62uMPanrm0DwbAAxWUdXecJcwQm3QquRrfxgVm6fcmVLhufBWNNIUVe3V8oyHwl0GAAAAAAAAICkCV3S2Z3c4tfdAQeB1+701H16/WitzFwZeWyqqtWd/vk4WlwUC0bZAs6eVnW1jRxKDQdrwwB1af9+tMhgMKiwqVVVNnf5+4xrN6aJ9byiYM9L0tccf1KysqbpcVauCY+/LWmeTwSB95I7l+vrjD2n+7KxAePjB2UuaPTNTX/nCek3PHFgQuPrWpfr7jWuUYIrTqZJylV+o1Lr7btXK5Qt7v7gXs7Km6ol/+ozyblogl8utwqJSvXfmnKakp+rxzz2g6ZmTh/TZAGCgmt1WfWg9Eu4yRqaZG5QTK8knSXHKSvs3pYS5pJHmQ+sRNbut4S4DAAAAAAAAkCQZfD6fL9xFdOeFXQf12psnJPmDti2bNwaFnZJ/xefe/fmyVF5v4ZeanKQEU1zgnDkzPbCy078CdEfgvQRTnLZ8cYPMmenD9FQAMDQcdk+/xldXV8lgMAS+JPV4rPbHkgzqZly7772d63jcl9e9ne9Of8ebEiKy6YHerXpZzxV/JdxlDKlVS45qlZ7Rvxf9JoSzmrX+5jeUlyhZq3aqJX2DMgwWFZ28Q88PILd78Jazyh0nOeq+r++e6EOdCw7oh1NzJE+BXn7jMzrc/1tGjM8s+m/dMPn+cJcBAAAAAAAwIvX3c1z0LDI/xb3GUlkdOO4q5JSC29zWWm1KTfHv7dk+0GzfqrZjG9u2lZ1f+vt1hJ0AgIh30VYU7hKGXHp8mhIV4j2zU76uuYmSfCUqLf9/ssWtU8ZEs7Knb5CsO0N7r1Huoq2IoBMAAAAAAAARIaJb13bH7nDqtTdPaO+BgsA+nZICIaekTq1qe2pjW2u16anf71at1Tb8DwMAQD9caSoNdwkjUu70PH+b2qYC7XJIr1cWqFFS4sQNuqvbq8xaMvt3+vqq0/rh3Wf1w7vP6ru3Pqf7J3ffJj5l8r9q0y1FevIu//gf3vGG/nH22lHVIpffQQAAAAAAAESKiA4657bbb7ItpLQ7nNr69E69sOug9uzP1wu7Dgbe66i/Yef3fvzsiNyzEwAwdlgdlnCXMAJ9SbkT0yQ5daHm+/5Tl59RuUOScZkWz+k6uJy34Ld6aPqdSo+Jk3xOebxOxcTladWC3yrL2MUFk36gTQv+QfPGJSnaIHm8TnmizMqe/kNtSuzclWKk4ncQAAAAAAAAkSKig857Vt0UFFJ+9Vu/0Fe/9QtZKqqDxlkqqpVfWNzlHP0JO+0Op7a/sG8InwgAgMFpcl0NdwkhZlZ2+lotmXL9yxQlKWpC0Lkl6XkDXhWZMuc+fzDpKlDhubazBdpfXyZJypj0dWV3uugHun9KjqIlOep+pJ+9Pl9PHJqvJwr+SUUOs9LjO16QpwdzNig9SpK7QPsLZ/nHH7xDz1+xKGV896tAR5rR9zsIAAAAAACAkSqig86OQWR75ow0bdm8IfC640rMtva2tVZbn8LO1GR/29ui4rIhfCIAAAbH5bWHu4TQmvkTfX7xT/XIwutfi0ySTGuCzj2y+Hd6eOZAbpCnNZMWSpKsdc+osN071nMFqvRJMuVp1dTgq7Iz85RukOQ9ocMnnlJl2xuOPXr+g/2ydrxNyqPKHidJTl2wfEavB7rhW1RU8h0VOwZSe2Qadb+DAAAAAAAAGLGiw11Ab9qCyFcPH1dpub9VmjkjXWvXrFSC6XobuKKScq1dszLwetv23Sott+iVw8f1gyceC8yzddsOWSprAmHnl/5+nVJTkpSQEK/aOvboBABgWJ37Z/2ueakS2/3p1eJZP9Ui7dfzZ/92/WRrjS5Wd768V1MfU7ZJkq9EpeUFwe85vqP3GjYoY2KacjK+JF1+KvBWTly6/8B+Qq93nNP6uqpda5US2+7cxDQlSZKvTBfOdbygQKeba7TE1PkPtwAAAAAAAAAMXMQHnZI/7GwfYraXmpyk2jqbLBXV+t6P/6Cli3J0srjsentbX/A8HcPO7/34WaWmTAiMb1vZCQBAJIo1JsjpbQ53GSFkUXl18J6POTN+KqlBRVf2DHr2uzLylOifVbkrTiu34wCD/4+moifcp/Wmp7Tr2srLxGj/eYenq3R1jxrdP5XaB53xSf7/VHltauziiiJ3gx7R6Ag6Y40J4S4BAAAAAAAAkBThrWv7YuP61YFjS0W19uzPD9rDs/37Uud2uHaHs8fxAABEkvGxk8Jdwshh+jctnnCt+4MhTtHGLr7a/idkWKi52XmBSxs9/pb4puj0LiZeq8SYDqdabPJIkjHpWrAabEnMhME9SwThdxAAAAAAAACRYkSs6OzJ0kU52rxpnXbsOhjUejY1OUkb16/W0kU5na5pCzt37D6ok++VydHilDkjTRvXr9bcbPNwlg8AQL+kmMyqdVwIdxkjQnb2ncowSHId0p/e/HzQ/pztpSw4oH+ZmqOU5MeUqwIVSiq0W3TXhBwpYZnukoLb16bcpfTYDpNcLpN15jKlG3KUNVNSUPvaPM0fNzpWc0r+30EAAAAAAAAgEoz4oFPyh51dBZo9STDFadPD92nTw0NUFAAAQ2DK+Ln60Hok3GUMqeqWGjWqbJCzbNCqZH8gZ617ptuQU5Ks5wpUOSVHGbF5yp0pFZ5rd864TKuW/6sqj31fZyTJtFaPzFmjlI6TOJ5SeeMGpSfGKcv8J93f+KBevipJZi1Z+G9aZBrk40SQKePnhrsEAAAAAAAAQNIoCToBABgrpictCXcJQ+5w0QodHuwkMzcoJ1aSr0Sl5QU9j3V8R+81bFDGxDhlpf2rdO77kuM72n8lT5+dmiPThH/Qprs+K0+rpKg4RfvKVO3MUXpc+0ks2nV2p7IXb1B6zDKtuvGsVnqd/pa5UU5VN9cofZSs6hwLv4MAAAAAAAAYGUb8Hp0AAIwl2Sl5vQ8a88xan7bM/9dcTQXa5ej9itcrC9QoSePztP7a6ssz79+rP1w4pGq3M7DHp9t1QgXvf0EXPF1McvX/6Ufv/UZnmm3y+OTfA7S1Rhcu/Yu22xpC9nThxu8gAAAAAAAAIoXB5/P5wl0EAGDwHPaukpfuVVdXyWAwBL4k9Xis9seSDOpmXLvvvZ3reNyX172d705/x5sSIrfpwW9OPjrq29ciMs1OuU3/sPTZcJcBAAAAAAAwYvX3c1z0jBWdADBG9Tf4Q+RYMvmBcJeAMYrfPQAAAAAAAEQSgk4AAEaY5RkPKTF2dOz3iJEjMTZNyzMeCncZAAAAAAAAQABBJwAAI9Bt0zeFuwSMMfzOAQAAAAAAINIQdAIAMALdmfW4Uk1Z4S4DY0SqKUt3Zj0e7jIAAAAAAACAIASdAACMUPdlbwl3CRgj+F0DAAAAAABAJCLoBABghLph8v1akflIuMvAKLci8xHdMPn+cJcBAAAAAAAAdELQCQDACPbJeU8qa8KycJeBUSprwjJ9ct6T4S4DAAAAAAAA6BJBJwAAI9wji37Gfp0IuVRTlh5Z9LNwlwEAAAAAAAB0i6ATANBvBhnCXQLaSY7P1Odu/DVhJ0Im1ZSlz934ayXHZ4a7FAAAAAAAAKBbBJ0AgE4Mhr4FmX0dh6E3edxsPbbsj7SxxaBlTVimx5b9UZPHzQ53KQAAAAAAAECPCDoBABglkuMztXn5n7Qi85Fwl4IRakXmI9q8/E+s5AQAAAAAAMCIYPD5fL5wFwEAGDyH3dOv8TU11ZL8qzLbVma2Hbd/Hfjefoy6eL+L772d63jcl9e9ne9Of8ebEqL7NT7SvFv1svaVb1Wt40K4S8EIkGrK0n3ZW3TD5PvDXQoAAAAAAMCo1t/PcdEzgk4AGCUGG3R2DDvbjgPfBxB09iXcJOgcWocu/FJHLm5Xo6sm3KUgAiXGpum26Zt0Z9bj4S4FAAAAAABgTCDoDC2CTgAYJQg6ezZWg842xypfVFHVXn1oPRLuUhABZqfcpiWTH9DyjIfCXQoAAAAAAMCYQtAZWgSdADAG1dbWq7nJLomgszujLehs0+y2qtxaoIu2Il1pKpXVYVGT66pcXrt84r8Eo4lBBsUaEzQ+dpJSTGZNGT9X05OWKDslT+NiUsJdHgAAAAAAwJhE0BlaBJ0AMAZVXbkqp9PVbbhJ0Dl6g04AAAAAAAAA4UPQGVpR4S4AADC8fD6fPB5vuMvoUn/DSAAAAAAAAADA2EXQCQBjjMvllsfDXw0BAAAAAAAAAEY2gk4AGGNcTne/xrPKEgAAAAAAAAAQiQg6AWCMcbn6F3SGGsEpAAAAAAAAACAUCDoBYIxxuYc/6CTcBAAAAAAAAACEGkEnAIwhLS1OuZyucJcBAAAAAAAAAMCgEXQCwBjS4nCGuwQAAAAAAAAAAEKCoBMAxpCWFoJOAAAAAAAAAMDoQNAJAGOEw9HSr6CTfTUBAAAAAAAAAJGMoBMAxohQtK0d7vCTsBUAAAAAAAAA0B2CTgAYAzwer+yOll7HESwCAAAAAAAAAEYKgk4AGAPszXa5Xe7A6/aBZp/CzQgLQAlkAQAAAAAAAAAEnQAwyvl8PjU3O4Zs/o6hY39CSAJLAAAAAAAAAMBAEXQCwCjX1GRXS8vg9+cEAAAAAAAAACCSEHQCwCjmX81p79c1A11lyepMAAAAAAAAAMBwIugEgFGsqdEuex/a1var3awM/b6mT/MSlAIAAAAAAAAA+oGgEwBGKY/Hq6am5qAAsbtjAAAAAAAAAABGGoJOABilGhub5HC0DGoOwlAAAAAAAAAAQKQi6ASAUcjhaJGtoSncZQAAAAAAAAAAMGQIOgFglPH5fLI1NMnj8Qx4jlCs5OxqDlaIAgAAAAAAAABChaATAEaZ+nqbmpqau31/oHt2DjSkJNwEAAAAAAAAAAwFgk4AGEXszY5Ay9r+hJg9irCgkuAUAAAAAAAAACARdALAqOF2u9Vga5Tb7e7XdYMJRDuOJ4QEAAAAAAAAAAwXgk4AGAV8Pp+s1gY1N9n71Jp2sIFkqPfwJCAFAAAAAAAAAPQXQScAjAJ1dQ2yNTSGdM6uwkeDug4khyKoJPwEAAAAAAAAAPSEoBMARrj6ugbVWW3hLiOiEZoCAAAAAAAAwOhD0AkAI1hDQ6Os1ga1tnr73bKW1rEAAAAAAAAAgJGMoBMARqiGhkZZa+vl9XpDOm+XLWv7GYSGYg4AAAAAAAAAAHpC0AkAI1BbyOl2u4POh3wlJ+EkAAAAAAAAACBCRYe7AABA/9RZ62W1NgzLSs7Bjo+EVZyRUAMAAAAAAAAAIPQIOgFghPD5fKqtrVNdnU2t3u735BxqHe/V9ppAEQAAAAAAAAAwnAg6AWAEcLlcslobVF9nk8HQc7gYiva1XZ7TyAsyCV8BAAAAAAAAYPQi6ASACNfcZFddvU1Njc09bpk5ZAHnEISFBJAAAAAAAAAAgMEi6ASACOXz+WS11qu+zia329PtuFCEhl3O0cO8Pd1zKPb6BAAAAAAAAACgI4JOAIhAdrtDddYG2WxNkrpeiRmKtrUjzUiuHQAAAAAAAAAQWgSdABBBPB6v6usbVFfXILfLI4PB0C7Y7P66gYaa/d2fs+N7Awld+4JAEwAAAAAAAADQG4JOAIgAPp9P9fU2NTTYZG9ukdS3sK8/gWBvYehw7c8JAAAAAAAAAEAoEHQCQBi1trbKZmtSo61JNltTp9Cx42rOrkLJns51PO6zAQacoQ5n0VlVTX24SwAAAAAAAABGhMlpE8NdAoYYQScAhIHL5VZTY7MabI2yNzskhaa9a39WbQ40cCSoDC/+cwYAAAAAAAAAfgSdADCMmpqa1dTYrOZmuxwOp6Te973saTVnx2v6oqfrh3t/zsHWDQAAAAAAAAAYuwg6AWAI+Xw+NTfbZbc71NTUrOZmRyA4lHoOC/tiMCFjt+8PsqbBItAEAAAAAAAAAPQFQScAhFBra6scjha1tDj93x0tsttb+tw6tq+rOcPVtrYn7M8JAAAAAAAAABhOBJ0A0A9ej1etPp+8Ho/cHo88Hq/cbrdcLrecTpdcLpfcLk/QNb0Fjb2FmN2FgwMJMAfatrav8/d1DAAAAAAAAAAAg/X/AVdttYcNJUqOAAAAAElFTkSuQmCC" height="600" width="800"/>]]>
  </system-out>
  <testcase name="VerifyQuickLaunchItemCount_002" time="8.648" classname="testcases.QuickLaunch_cb"/>
  <system-out>
    <![CDATA[<img src="data:image/png;base64,iVBORw0KGgoAAAANSUhEUgAAB4AAAANOCAYAAADwDxERAAAAAXNSR0IArs4c6QAAIABJREFUeJzsvXuwJcdd5/nNqvO699zb9/a9/W51q/WWbMtgtF7WxpaBwMAsNkOsA2JZwstMBMP+sTIbOwHBwrIbnhli2Z0hZmbBsQMMLOGNIEx4YBYwDCN5bCxjY7xGsmzLliyp1Wqpu9Wv233fj3OqKvePU1mnKiuzMrMqq865t/OrkFJ5T1Xl4/c7n/P7VWWeQyilFE5OTk5OatEIdLAFMtwC3V4Bdm+BblwB1q8A6xcR3TwPunoeWLsMEAAU+RIAIdW6IT1d1J6gff5wVZ0C8IjG5elobIWlpDuqungWuDMyDUjqygmqUCYD5SdEa0DVZWh/W80l9Xi4uekosH/VkolNN3tBau7sGRr1MvYv6oBOKZthhWq2t+32i3hTqizhb0y18acR3vBlakJM/MdUU8Ibk88bq2UBb5K6VDXxphR/pDPM1Tk1bP+q7TfCmyb5I4x3bHz+mPofPyGp+j7mj/LdMcX8UY9/kvzRnmGuzmnK+cPszx9u0n3b/GEqxRv+jInxh01gw7zhVbO/leKPpFu2SiaeP+V5w9cr8sfEfw4Yb/j2dUe7v3nD1et8B7j7O/vo/o6T050l/7cvJf9/a3UDG1vb2BsMAQDdThvz/VksLc4nxxD3ANjJycnJovY2EN18Abj2dURXvwZc/Sqiq18XHxsHLgQoFdBVS3XNA2pC6gqo+RJcxCdW5QSnREJjL8HRnKY6Vak92Ygr2r+UP/EDktW54YsSGsHZtZWihEYyu7VoogmUmjfWS2PeWOaPBd5U4s808qZJ/jT+wJSrS7rTGH8KhtsIf6bK/ybJH3AGSdUL/MeYN3zp+FMDb/i6IX9K+RM/IFk9q2mId3LD15xdK5pK3jDVyRu+xNgg+4w3uvzR6yB/gmVVat+UsCb2r4s/3PBFvBHwp0ne6PLHiibqfxLe5PhTowUOwP0dI97IBnCg+VPG/s3wx8npTpL/25cwHAa4cn0Fu3sD4TG9bgenji2j3W65B8BOTk5OtSrcA730ZdA3/gb04l8juviF1IvZAIZwsYwyAE4lVI3tQIg7kInf92WAq5JGAGw9sDUMgBUrUCsnUKpSw990Z7OUmvY3o/ZLJEw2EmyjhKk4gdLlzx2zArhR3hnyZlI7bkrwxypvmuRPo/av2n4N/NH2P77DunXxcJN6Cfs7/pTVJPnDD5hVG+YNX5bwt4LZtMOfJlWKN3zdMn9M/Gcf8Ib3Nxlvcs+P69BU8Ia1VydvJP4j4g3vjqkeW+ePBf+Tza6WGrW/afv8G6AG/pT+vOMHUDw8aX0C/MnMVgF/Jm//qu1r+MvU5VvZchr5I5vNUpo0f5yc9pH8376Ei5evSR/+MvW6Hdx9+rh7AOzk5OTUpKILnwV97a9AX/0MomvPZ19MB9weFAGPOOQiVUI+zYA3vxOYH4CsrlDDAZ4s4eID7LrCfJ2Am8n+dGgmPHUmOMqEx9B/qsrQ/3S932aCpZsPaSVklRIsWQv2eaPtP6b8mXCCKeRNk/wpmG77N5hlvGEdmgB/DB9oW1dF/5sG/jBp8abS+HVbnCR/DOX4k+eNNf5o+MvU8UdQ1qmK7dXCH53zBN21xh/tK1rwg9L+xg+gpJrmDbjeT4A3uvFO9emYJt7w/sZPiJUBq2Xyhi44XVU34k2T/DEaf0O8qXFBTU4V7W8qLd5UtH9d/KkuGX/K2L9qGWvS/HFyOsBa+z9ewI1bq1rHHl1adA+AnZycnCYhunYJ9Px/BH3pLxC9+lnpccQgvoYgoBQl2ILDjUvhbwKXCKiTccJC/JdpgI+oaw3tIQ2wbSZQKllOqHR7X8X+piWTsG51/LIWbSTUmgmTqj6NN5A1eKN5eqmEenIrlPkGG+CPdOCpCWqaN03yp4T9a+dN6fFrtZgtJ84fm+MvoX3AHyb7/JHwZqr5Y1kT4k+Vz5/p4Y8ub/i6wv5W/ItJ4T9N88awfeu84UsNf2NqjD+5FprgDe9/TJb5cwfwptB/Ui9I3+7assSbJvlTs/2V0nl76B9uhzdN8ifTIRl/auCO0v9SE7SP+KPq7TTzp5H3m5PTPtKl//UZ5e5fpl634x4AOzk5OU1Ugy1E3/4zRC/+CaKX/rIwwDF6GMzOyfwfF1IJbyDqJ1TlfxM4luUVgdMY0KZmWy+gnaKEMtu+bkpnI6FS+R8/AFndbPx1LpgQljrD52ZXVi+lWv1Pw18q8qd8ycbfMG/4sgbe6PJH2sEm1TRvdPhj4j8HkDdG/mOqWnnDa5p4w/sbOIOUG78xf0rYv3beNMkfo/Yb4o2Ld7TiHSuaCv40yBvePywv0LDCn4qjYyrNnyZl1L4F/tTOG4X/6HRP4+qT4I0V92iUN7z4N1iT/ImljHfq4Y+J/Wvlz0Ttr2g3174uUaeJP05OTkzn/6e/he4jXUKIewDs5OTkNBUa7iD65idBv/lJ7neC82IPgoU3cCQBruwbpSsnWPGF+XgutyC8DlkNsEsEwKUDXM0ESlU3HL8yYTItLSRYurMv1FQlWPyA+TeA1Xceiv2PHWY3Ycr5jwX7V/U/GW+aMH8zvOHrCvtbmVl+gBKV5E3R6ZX5Y3gdfnYL5XijfsOb+I/mcJN63Exhd+yPupg3Ev7UIqv+Z4k3TfLHcPzW+aMxfKu84bUv+FPjO9A43mmAP/WNNu8vTfOGl1V/0+CNjv3r5I0OfwpUmT818kbLfFPFG77k3wDTyJuK/BHxpkn+iHjTJH+s+p/uO0LH/lX5ww9QUjccf2Xe8OWdzh8np32kV37xS0bHuwfATk5OTlMkuvYGom98AtHzfwi68kphwjPagTuuqyImUjrh4QPepLdxP2wNXmMYdUoyHXzCZdLdqgG3LOFST8c0JTyaCdCU2b9q+8YJWYkEy2oClrlAnjdK/6laVl4hXFETTjCngTf2dkjsB96wdgpOr1PTyJsm+VN4ARl/auaN0QPtivyxbH/j5kW8EfDHOndYeWD5k8xwcX2f88eYN3w5Qf6oOzhJ/qQmyCZvjMaPyfDHsHu2+cNkPnyVx2na38rI+BmU1JvmDa+K7Zfmz1Twhm9Qxhu+XgdveP+TzWhFTZg3sulojD8Fb/f67u+k6hPPtzROd3JyKiX3ANjJycnpIOj1LyB87uOInv+k8tDkAaxmgMUfDkVdp/Q040vdhKlUACxKqHIJltWQPluKbuDwN/jqVMMBds5fRAmV5QS70H9ECZV0/LoeWMb+VRMq2QwrNOmEyrD9KrzRTbCN/KegnpcmfxrhDV+mJsTEf0w1Jbyp84aeyt9kvFHvkKiJN6X4I51hrs6pYftXbb8R3jTJH2G8Y+Pzx9T/+AlJ1fcxf5Tvjinmj3r8k+SP9gxzdU5Tzh/ZAwWT7tvmD1Mp3vBnTIw/bAIb5g2vmv2tFH8k3bJVMvH8Kc8bvl6RPyb+c8B4w7evO9r9zRuuXuc7oK77O+pkYaSG/U/Gm8KPf81uVuWNebzj5HSw5R4AOzk5OR0UDXcQPfu7CJ/9XdBbF5SHE6I8JH00iOWA2vg3gSs+wKic4JRIaOwlOJrTVKcqtScbcUX7l0oV+AHJ6tzwRQmN4OzaSlFCI5ndWjTRBGqSCbwubyzzxwJvKvFnGnnTJH8af2DK1SXdaYw/BcNthD9T5X+T5A84g6TqBf5jzBu+dPypgTd83ZA/pfyJH5CsntU0xDu54WvOrhVNJW+Y6uQNX2JskH3GG13+6HWQP8GyKrVvSlgT+9fFH274It4I+NMkb3T5Y0UT9T8Jb3L8qdECB+D+jhFveHkdRLMLoP0jQP8waG8B6PZB232g3QH89nhENAQJhkA4AAl2QIY7IINtkMEmyN4GSDhUtZZXI/wpY/9m+ONkKjqyCY1AwxCIAiAYAuEQdLgHDPcm3UGnArkHwE5OTk4HTNGr/wn0K7+F8Pyns+GPJK4CzAJcKF6XBsCCAwj/Y8N1qtYESyMAth7YGgbAihWolRMoVamRUOnOZik1mlCbtl8iYbKRYBslTBUTcAsJdVneTGQFcK284WXIm0ntuCnBH6u8aZI/jdq/avs18Efb//gO69bFw03qJezv+FNWk+QPP2BWbZg3fFnC3wpm0w5/mlQp3vB1y/wx8Z99wBve32S80d00VklTwRvWXp28kfiPiDe8O6Z6bJ0/FvxPNrtaatT+pu3zb4Aa+FP6844fQPHwpPUJ8CczWwX8mbz9q7av4S8l7B/1j4AunAQ9dAp04RhodyE2ann+kOEOvN01eDurILu34W2vTi1/ZLNZSpPmjxMnCjrYBQY7oHvb7oHwlMk9AHZycnI6iLr1MoIv/18In/29OMhTJzimO3KJpYSHkGxdWw0HeLKEi0/wbSZYpgE3k/3p0Ex4ahkpkzjhyUyIif9UlaH/KRN4weWqJlhGCXxBXa+DRaNX80dZWr/BoqrbHH91CXnTJH8Kptv+DWYZb1iHJsAfwwfa1lXR/6aBP0xavKk0ft0WJ8kfQzn+5HljjT8a/jJ1/BGUdapie7XwR+c8QXet8Uf7ihb8oLS/8QMoqaZ5A673E+CNbrxTfTqmiTe8v/ETYmXAapm8oQtOV9WNeNMkf4zG3xBvalxQk1NF+5tKizcV7U8ARN150MNnEC2fAz18Jt7ZW9ChSuOn8LZuJv+SwabkOBl/yti/asm6PmH+OFkVDQbA7ibo7uZop7DTROUeADs5OTkdVAW7CL/0rxF+6V8BwW4+9BbE+56XrasSJn4Db9kE2/P0AmomK/FfpgEW0PItNJFg8wE130FZvaIsJ1S6vRfZv5EVynzd6vg1EvDaEiomRX0abyDz0yPvfXV/0Jj+xnnTJH+kA09NUNO8aZI/JexfO29Kj1+rxWw5cf7YHH8J7QP+MNnnj4Q3U80fy5oQf6p8/kwPf3R5w9cV9rfiX0wK/2maN4btW+cNX2r4G1Nj/Mm10ARveP9jssyfO4A3hf6TekH6dteWJd40yZ+a7a+UzttD/3A7vGmSP5kOyfhTA3ck/hf1jyA6ej/o8n2gc4cb5w8ZbMHfugFv4xq8nVvGE6rq7TTzZyKf905S0b0t0O11YG970l25Y+UeADs5OTkdcIVf+TcIv/SvQTfe1A4vCRGEVMIbiNxO4AohnHwHcizLKwKnMaBNzbZeQDtFCWW2fd2UrnxCpZ/Q8wOQ1c3Gz5qdpoSan11ZvZRq9T8Nf5Hwx/4NHV3+mI3QmDd8WQNvdPkj7WCTapo3Ovwx8Z8DyBsj/zFVrbzhNU284f0NnEHKjd+YPyXsXztvmuSPUfsN8cbFO1rxjhVNBX8a5A3vH5YXaFjhT8XRMZXmT5Myat8Cf2rnjcJ/dLqncfVJ8MaKezTKG178G6xJ/sRSxjv18MfE/mVGF80uIzr+IKLjDwHdOXUH67Z/OIC/8Sa89SvwdlZLtq9L1Gnij9O0iQ52gK3V0VdEOzUq9wDYycnJ6Q5Q+NzHEX7hnwPrlwDNABdEP3zT2gmc+gMfz6X7UZusBtglAuDSAa5mAqWqG45fmTCZlhYSLN3ZF6qpBEurfX7AzP5MNhNslf+xw+wmTDn/sWD/qv6X40+sJszfDG/4usL+VmaWH6BEJXlTdHpl/hheh5/dQjneqN/wJv6jOdykHjdT2B37oy7mjYQ/tciq/1niTZP8MRy/df5oDN8qb3jtC/7U+A40jnca4E99o837S9O84WXV3zR4o2P/Onmjw58CVeZPjbzRMt9U8YYv+TfANPKmIn9EvGmSPyLeNMkfq/6n+46Q25+2ZkYPfk+8FXRuqQJ/0gNE6m8avCkYPxluwV+7An/9Mshwx5w3fHmn88eptOjeFujGLSAYTLord4zcA2AnJyenO0TR1/8Aw8//GrD2OgACohnaSXfmCiI8YuEGr/ZD4EkHfJLp4BMuk+5WDbhlCZd6OqonPNN+g9e6LLeverdoJVya3bKSgGUuwGf4Gv5Ttay8QriiJpxgTgNv7O2Q2A+8Ye0UnF6nppE3TfKn8AIy/tTMG6N4pyJ/LNvfuHkRbwT8sc4dVh5Y/iQzXFzf5/wx5g1fTpA/6g5Okj+pCbLJG6PxYzL8Meyebf4wmQ9f5XGa9rcyMn4GJfWmecOrYvul+TMVvOEblPGGr9fBG97/ZDNaURPmjWw6dPhDF+9CeNd3gC7fY9RkEEW4PQixSn2so4stfwY7fg97XheB1wElBB48tKIAnXAXM+Eu+uEWDtE9LHgBDrc9tD1PcGW5x3nbN+GvvgFv42r29YnnWxqnOx0o0c1boJu3J92NO0LuAbCTk5PTHaTwuY8jevpXQbeuJ4GU9JuXedoT/XSxbELNStlvAoO7vqyel+AMUUKVS7Cs3DoQl6IbOPwNvjrVcICd8xdRQmU5wS70n9QLUnNnz9CoV0ywbSZQKk06oTJsXzba0mUJf2OqjT+N8IYvUxNi4j+mmhLe1HlDT+VvMt6od0jUxJtS/JHOMFfn1LD9q7bfCG+a5I8w3rHx+WPqf/yEpOr7mD/Kd8cU80c9/knyR3uGuTqnKeeP7IGCSfdt84epFG/4MybGHzaBDfOGV83+Voo/km7ZKpl4/pTnDV+vyB8T/zlgvOHb1x3t/uYNV7fs8bTVQ3TiYYSn3wF0+3neCO7vbA0DXAl8vOkt4Eb3CAgZHZaXB0opPK+F5FEMJRjdwIurEcGR3Ws4Ga3iVCtAv9PSsj8JB/BXL8K/fREkHBbOtEwy3hR+/JeaZXPemMc7TpMSHe6Crt8EhnuT7sqBlnsA7OTk5HSHKfzKv0HwuX8KDLYyfy9OhccRGwGUATWxENLldh5XfIBROcEpkdDYS3A0p61OVWpPNmKDsvYHpgr/ESU0grNrK0UJjWR2a9FEE6hmEvhqvLHMHwu8qcSfaeRNk/xp/IEpV5d0pzH+FAy3Ef5Mlf9Nkj/gDJKqF/iPMW/40vGnBt7wdUP+lPInfkCyelbTEO/khq85u1Y0lbxhqpM3fImxQfYZb3T5o9dB/gTLqtS+KWFN7F8Xf7jhi3gj4E+TvNHljxVN1P8kvMnxp0YL7PP7O9HMIqK73oHo1Fu1ZvzSTojXvCVc754ESBT/NQIRP/1NRIifriHjGNRD+jHNsd03cXd4C3fNiHYF5+WtX0Zr5TWQwXpN/Clj/2b44zRdous3QLfXJ92NAyv3ANjJycnpDlT41/87gs//mjDABdRhlUf0w67keiUSHEUsbKZaEyyNANh6YGsYAEtWoCYvZ482T6BUpUZCpTubpdRoQm3afomEyUaCbZQwVUzADRPqMmVm9lIvTGQFcK284WXIm0ntuCnBH6u8aZI/jdq/avs18Efb//gO69bFw03qJezv+FNWk+QPP2BWbZg3fFnC3wpm0w5/mlQp3vB1y/wx8Z99wBve32S8yT0/rkNTwRvWXp28kfiPiDe8O6Z6bJ0/FvxPNrtaatT+pu3zb4Aa+FP6844fQPHwpPUJ8CczWwX8mbz9q7Zf7C/R/AlEd78T0fI5pf0v7kR4qXMSm+0FcUsEybXZIxf202oEBIR4sUsTgJL40qwvowe9UcrXKaWYG67hgcEVnJuR+xeTt30TrVuvgmyt1M4f2eyW0qT542RddGsVdGNl0t04kHIPgJ2cnJzuQNHBFoLP/AqiZ/9viCIlnR28BOqIT3ydpBeK+kjSh8ANB3iyhItP8G0mWKYBN5P96RCE7E3fYFHecClOoK3L0P90vd9mgmWUwBfU9TpYNHpZCwal9RssevyxM/7qEvKmSf4UTLf9G8wy3rAOTYA/hg+0raui/00Df5i0eFNp/LotTpI/hnL8yfPGGn80/GXq+CMo61TF9mrhj855gu5a44/2FS34QWl/4wdQUk3zBlzvJ8Ab3Xin+nRME294f+MnxMqA1TJ5Qxecrqob8aZJ/hiNvyHe1LigJqeK9jeVFm8E9g8XTiG6992gh04UXv/qbogXWiex1l2C6FEKIQSUUkRRBN8f92T0tc8eomGAdrsNwEMUjXYMe54PgCbXo3R0Hk3dNIui8a7ihb0VPBJcwYleehcxwE8o2VtH68Yr8Laul7B/1ZIzwKT44zQVorsboKvXJ92NAyf3ANjJycnpDhW9dR7hp38R4cufBvHEAW/6i2NE4ZruTmDtBEvRDrjrVZuAdENcRl/vrQVIMwqbCZRKlhMq44TbQkJdKeG2On6NBLx0Qq2ZMKnq03gDmZ8eee+r+4PG9Ov6T/Xx8w02wB/pwFMT1DRvmuRPCfvXzpvS49dqMVtOnD82x19C+4A/TPb5I+HNVPPHsibEnyqfP9PDH13e8HWF/a34F5PCf5rmjWH71nnDlxr+xtQYf3ItNMEb3v+YLPPnDuBNof+kXpC+3bVliTdN8qdm+yul8/bQP9wOb5rkT6ZDMv5UG2m0cAbhfe8GnT8mmWCCYRDiW8M+XuvfnYxB9ihl1DUPQAQCJA9uCSEg0ajbBB6iKAQAeJ6XPDQe1X3Q5OzUdVPtUUpxbvs1vK2zhbbHPwgey9tbR2vlFXgb1zLTyU+vcLoxXfyZyOe9kzXRvS3Q21cn3Y0DJfcA2MnJyekOVvjKUwie+gXQWxdAMjHjOGIi7L/CG4ijknjFAXW13wRmPWLtAdkIE6UCvGkMaMdj1QxopyihzLavm9IZlKUTen4AsrrZ+EULJgr9p2qpM3xudmX1UqrV/zT8pYA/k1mRbDZCY97wZQ280eWPtINNqmne6PDHxH8OIG+M/MdUtfKG1zTxhvc3cAYpN35j/pSwf+28aZI/Ru03xBsX72jFO1Y0FfxpkDe8f1heoGGFPxVHx1SaP03KqH0L/KmdNwr/0emextUnwRsr7tEob3jxb7Am+RNLGe/Uwx8T+6ePDw+dRHT/46DzR6Vt3twL8VznHHZacwCAiIzbBj8a6qUe6IagAHzPh+cR3LhxE7dXVhAEAVoewdzcHI4ePYpedwY0oghpBN/3MRwO4bd8hJTEF5c7zcxwE985uIBjXfnvA5O9DbRufBve1g3uUrpEnSb+OO1nuYfAduUeADs5OTnd4Qr+9jcRfuZXxgkWyYdZHtRhnOi8zOupP/DxXG5BuESkSjxnNcEqEQCXDnA1EyhV3XD8k0iwdbtXKgGfaILNtydJuBPVkGhLJ54dZjdhyvmPBftX9T8Zb5owfzO84esK+9u8gaNKuEvypuj0yvwxvA4/u4VyvFG/4U38R3O4ST1uprA79kddzBsJf2qRVf+zxJsm+WM4fuv80Ri+Vd7w2hf8qfEdaBzvNMCf+kab95emecPLqr9p8EbH/nXyRoc/BarMnxp5o2W+qeINX/JvgGnkTUX+iHjTJH9EvGmSP1b9r/gdEPWPIrz/vaCLp5Gb8Li8sE3x/Nwj43MKTUtA6OgroD3PRxAG2NrawqVLl/Dss8/i2rVrGA4G8AgBIRQnj5/AXadPY25+DidOnMaxo0fQm+mBAqAgiRtRmT+l/vzoxgu4tyefHLJzC+0bL4Hs3Hb8cZqo3NdB25N7AOzk5OR0p2u4g+F/+B8QfuMPwSIlQsQRVGYnryDCS3YCS27wkgoJDlPyEHjSAZ8k/+MTLsnhVhIu2f0N8wdcuiG4TsIr6FAdN1ymzP5V29e9PVCYcGl2y0oClrkAn+Fr+E8dN1xM/KeqJpxgTgNv7O2Q2A+8Ye0UnF6nppE3TfKn8AIy/tTMG6MH2hX5Y9n+xs2LeCPgj3XusPLA8ieZ4eL6PuePMW/4coL8UXdwkvxJTZBN3hiNH5Phj2H3bPOHyXz4Ko/TtL+VkfEzKKk3zRteFdsvzZ+p4A3foIw3fL0O3vD+J5vRipowb6TT0e4jfOBxREfuk576rd0WXp67D+wrnEfK77QlhACUANHonhuNKK6+eRXPfe05vPH6G7i5soIoitCZ6WFzcxO9TgdHjizj3Nm70Gm3cOnSJayvr+L0qZN4+9vfjrPnzoH4LXhea/Tbv76PiFIQ+Bj/TjAF/83P92+8grd0B+meZSbA27yO1rUXQIKd5vgzafs7TaXo1iroxsqku7Hv5R4AOzk5OTmBvv4FDD/134OuvpYJsIggHiNcnX8dRB3uKRMrSYLFZP6bwIIESZRQ5RKsGm8piG7g8Df46lTDAXbOX5h/FeWbmt0slXBzfi40d/YMjXrFBNvqDRyFJp1QGbYvG23psoS/ManqeWnypxHe8GVqQmzewOE1Jbyp84aeyt9kvFHvkKiJN6X4I51hrs6pYftXbb8R3jTJH2G8Y+Pzx9T/+AlJ1fcxf5Tvjinmj3r8k+SP9gxzdU5Tzh/ZA02T7tvmD1Mp3vBnTIw/bAIb5g2vmv2tFH8k3bJVMvH8Kc8bvl6RPyb+c8B4w7evO9r9zRuubupHxEN4z7sRnnmH9Lhv7HVwoX/P6IFuKqin8AEQkHQ3KUW71UIwHOLWym08+8yzeOYrf4cwjNCfn0cQBgAhGARDhFGAXreL2Zkejh1ZQssnuHHtKqIowF0nj8H3PZw+ew73PvAQur0ZdLs9hBFACQHiB8CEEIBEceMR0rpn8wIe7QwgU2v1NbSuvSB9Xcabwo9/s9kvzRvzeMdpmkXXb4Bur0+6G/ta7gGwk5OTkxMAIPjCP0fwuV/N/X30EDgbsRFFQC3bQZy8biGBE/4mcEFCVjnBKZHQ2EtwNKepTlVqb5IJvJ2EXpjQCM6urRQlNJLZrUUTTaAsJfBV/a3Cjhtj/ljgTSX+TCNvmuRP4w9MubqkO43xp2C4jfBnqvxvkvwBZ5BUvcB/jHnDl44/NfCGrxvyp5Q/8QOS1bOahngnN3zN2bWiqeQNU5284UuMDbLPeKPLH70O8idYVqX2TQlrYv+6+MMNX8QbAX+a5I0uf6xoov4n4U2OPzVawJg/WTXBn+jEWxA+9P3SPjy/18Wrc/cBiJIHwGwXMP8AmFAKGv/74gsv4jOf/gxu3bgJAqA/N49BMATxPAzDAGEYwe+2MT/XB8IQYbCHfq8DQoH+TA9nT5/A3mAPa5vbiIhfjBogAAAgAElEQVSHpaNH8PAjD+PkqTOA3wJA4JEWoigE8Wh8T4/mZumejfN4W9FD4Gvfgn/7ouCVEryZMv447S9FK5eA4d6ku7Fv5R4AOzk5OTkBAOjGFQz/5B8huviFXBjFdtzm/o6CsCsVa2Xi97gkFhIcYhLP1ZpgaQTA1gNbwwA4l1BlR1A5gVKVouFD3B1VvZQaTahN2y+RMNlIsI0SpooJuIb9q5aZ2Uu9MJEVwLXyhpchbya146YEf6zypkn+NGr/qu3XwB9t/+M7rFsXDzepl7C/409ZTZI//IBZtWHe8GUJfyuYTTv8aVKleMPXLfPHxH/2AW94f5PxJvf8uA5NBW9Ye3XyRuI/It7w7pjqsXX+WPA/2exqqVH7m7bPvwFq4E/pzzt+AMXDk9YnwJ/MbBXwZ/L2r9o+QdRfRvjID4L2lwQXJHhp18OLcw8h+7XPY0WUwotf8yiAiCIIhnjp5W/jL//iP2Jrcwtz/T467Q62dnewsbGBmdlZBEGAIAoRUoKZmVkMBkP4NMLsTBdzMzO4+8wZRMEeNtfXMUSEABE2NrawNxzgvY9/L97xjsfQ7vUASuB53uihM8L4AXUEQrJfTf3QxrfxYCcUjsEbbMK/+jz8ndtW+DOePQvuMWn+ODUqOtwFXbk86W7sW5k+APY/+tGPfrSmvjg5OTk5TVCkOw8aDhG+/JfgIycKAsI/saUUlBCQgohPvNOXif9N4OIEKKc4oCPsPzUHeLKEi0/w67rNoBNwM9mfDkHI3vQNFuUNF0P/qSrDBEOZwAsuVzXBMkrgC+p6HSwavawFg9L6DRZV3eb4q0vImyb5UzDd9m8wy3jDOjQB/hg+0Lauiv43Dfxh0uJNpfHrtjhJ/hjK8SfPG2v80fCXqeOPoKxTFdurhT865wm6a40/2le04Ael/Y0fQEk1zRtwvZ8Ab3TjnerTMU284f2NnxArA1bL5A1dcLqqbsSbJvljNP6GeFPjgpqcKtrfVIW88QjCc+8CXTorbP/SHsXz829JHv4SQuT/UsAnBGEY4mtf+xo++9nPIBgOsbS8jJneDFZXb2NjcwPzh+YxOzuDVssH8Qj8VhutVgthSLG3u4dgGML3fMzOzGK+38fu7g62d3YA+PB8D4O9Aa7fuIGtrW2cOnkSrXZn3Lf4me/ogTCBRzyQ+J+V7lHM7lzDIR+5Cad+d3Te5vUa+cMZYFL8cZpqEb81+p/B7mQ7sk916z0/Y3S82wHs5OTkdJA13MHwj38a4fknR4lu6qUkPCP5sE21E7gowUon1KUTKIO8IjegdIKda6GJBJtPqPgOyuoVZTmhMk64LSTUlRJuq+PXSMBLJ9SaCZOqPo03kPnpkfe+uj9oTL+u/1QfP99gA/yRDjw1QU3zpkn+lLB/7bwpPX6tFrPlxPljc/wltA/4w2SfPxLeTDV/LGtC/Kny+TM9/NHlDV9X2N+KfzEp/Kdp3hi2b503fKnhb0yN8SfXQhO84f2PyTJ/7gDeFPpP6gXp211blnjTJH9qtr9SOm8P/cPt8KZJ/mQ6JOOP3ojCYw8hfOT9wtfXBwGe7r8doB5ku39H3QnheR58EERhgG+/+AL+9E/+FDSKcPbuu+H7Pl769isYDgIcXl7E4aUlLCwsYHd3F5euXMbi4hLevHYDW5u7GA6HaBMPh+b7uPvMKcz3ZzDY28bKrVvY3tkF8YHtnR14rQ5arQ4eeuQRfN/3fT9mZ2eBeBcwIQS+7yMIAnhedhcwSITHN57DfKslHEv76jfgrV3aN/yZyOe9UyOKbr4BBPKvLXcSy+0AdnJycnIay28DUYDw23+OXEhVsCI52QksyzQKQjeim2AVrAgkJQI8Vfo/iYA2Ndt6Ae0UJZTZ9ksk7NZu6Ggm6Lm62fgzK4SnJKHmZ1dWL6Va/U/DXwr4M7EdWAYy5g1f1sAbXf5IO9ikmuaNDn9M/OcA8sbIf0xVK294TRNveH8DZ5By4zfmTwn7186bJvlj1H5DvHHxjla8Y0VTwZ8GecP7h+UFGlb4U3F0TKX506SM2rfAn9p5o/Afne5pXH0SvLHiHo3yhhf/BmuSP7GU8U49/FHZP2r1QO99N2j3kPC6f4dj2GnNAyDxA2Dxv54HIKKgUYj1tdt47qtfxc3r10EI8OAD9+Ob3/gmdncHWDy8hP5cH77fws7OLra2trGxuYnB3hAbm5sIwggAxei+GcXa6m2E0RCLiwsYBkO0Wx202i3MzMzgxPGTOHL0KHa2d7C1tY2FhUOYnZmB5412CUdRJH5oTSjWQ+AM2RJPpteGt3UDiAJ2AqafP04HUn4L2N2cdC/2nUx3AIuXgjg5OTk5HRj5b/kxtJ7/JIJXPwtgFEZ5wOghLwCaShJI5u8k3gnMvvh5XI5EwC4wiudIHPeR0W8M09RxmZJVCfcyX1cMjIsb+W+0JlyClesNSZfsK7EF9fi/7MF2UsaBbGGZ6hD/YDz5Cu5cyTqoCIANE8zc1cbmKy6Ty3FfAJ7YHYn9cyXE/sP8i014YV3mELkO5jpcLO6yfHN8HpXrTcZszO5cPTle4D9Er5T6jzSxYocpEibZ9Mqmm/uTOr/jvzCeq6f4w3MnU8r8J+WoCX+SueY4JRqQKW84GfMmU+ryxpA/guNk/pPnjmHCbcobvm7KGyl/NHmjyx+Z5e4Q3kj9R/uGDhNXt8SbwvtLKPCXOngj4Y+wvMPjHSlvdPljKd7JvZ11+SPijQl/CuKdTCl9Q+wH/gj8xlK8I+cOO2wC/AEK3FHGH03epDom5Y/JgGT80ZUmb/i6kj/xf6V+o4h3ZP5SPd7R4I/GdCV1GX8El83yBtZ5k6mX5o3CfxRuKeNNUi802zTmVzxvWIcV8yGRLN7R5s/E4h1WlfBGlz+Kz/uy8Q49/iCixbuQfQOPLvzyro9b88fjGfAw+j1dAiDKdy6+zzUYDPDq+fOgNEIUhXjLww/j1soKwmiIubl5rN5ex2AwxCAYgkYUUUSxvbsNStdAPQ8gHigiwCcgPkW700ZIQ2zvjB7wbm9sgXodtFot7G5vY3NrGzdvrmA4GGJrcxPvefy9WFxcwjAMQClNdv9mHwRT3J49gVfWbuN+we8BR7NLiBZOoXXrtX3En9wwnA6ASLcPdGdB97Yn3ZUDLfcA2MnJyemgqzUD78H/Enj1M/FNBYooTnhYnYIAEUX85HYUnFGKKE60WJ3dlBjlYDRJApPVtHEZUWV+k1cqsEtSKVXARxWlSeOZBINyCVdcTzUw+rOihEFJR3OavZ8+6ldSxzjpTVUFJT9hzM58PVWm7Swr+fOoohS1k/RsnDDTdJWmut+Y/SXtabdPc/Xs7YCxnfm62P5jfyv0G6n/pec4333hcDLjJeMxpc7I+U8p+0tKHX/j/YfnD2cWI+nYW3ROqQb5E2S8Sb0ODfuX5o2EPyr/kY6/mDeQ2VvL/gX8UfhLpp66oed4o8kf7c87Df4Ujp8kY0qdkdgZdfFG6H8y3sj5o6VK9peUBo0LeSOId8rZvyb+xONMPt+a5o/W552EN6l3KM+f5u0vac+AP7GbZOtFvOFLq/wBd/1i/qjHr8kfE95o84ddnvOXqrwxGr9owlJ/q9y+nDfJ67Ac7/ClDm/4gSp4w9eN+VOKN/J4J+c/Gf7A3N7W7F+1/RLxDkR2r5s3qUEJ+JKrJ2J2Zuda4E/leGc8nP0Y74ACtDOD6NjDSX3cPsXmMMSL829Jzhj9xi9AaDTiEwgijB6u+giBKMT62iqeeupJLB6ax5VLr6PTamE4HOL27dtYOHQYN26uIoootra2sb61BUoIKKWY7/fRaXewGwxAfQpKIvgRQHyAkgi9uT4iz8cbV66CDgPs7gwQRSE830MIYGNrB9dv3sbc/By2dnbwIz/yAcz2ZxFRCs/3QaMI7An4yEc9ABFeXHgLTmx8FXOtVs4A4dwJeGtvggS79fAn1dxE8i2n/aP+IuAeANcq9wDYycnJ6Q6Q98Dfg/fM74HeeAHjoIzE4Wxcj28+sJWDuZ3AyYpRFq/FO31ZPZVIs9Lj6rJ4b9TOuELG3cqX4zOydVFClUuwCjIQbqkxv0NXtmI4v0KdncbXxcNJSiIuwddF0wHRsEi+LryCpGFFh9hKz6Qerwxl7cpXjI79R9hdVZkaZnokafNKzZ09I1vPGCjvD7ktV3zJvQF0dyjkV6yz6WavC62VL0Xd5UZcVJc6pPIKcSkyWEGPc/6jvUJd4j8C/hRYS8mf4g0OmvxR9iDlD6V5w5fsMgr/0X27c+cldeWwmuGNekeejDf8Dgk1b3h/k/Emdz8vp5p4o8EfJW90+SPprjZ/lEArwZsC/mjzJscfGW/4HRKG/JHxRpc/wniHK8vwRrEjXD/e2d/8YfY35w/G9Uy3muNPUkpVnT9C3gj4k/cfNs2T5Y/8wkkHi09QGI7Z35w/nH9Axp8C7kj4kx5JEX/yEya4Ql38kfGG9x9T3vClIW9y0uYNX1fwR+YvOvxBgb/k+GPIG24kxrzRzbd042XTeCfxOzbdk+YNEddlV7AU7/Cfb/rxzjTyhqsX+Q2hiI7eD3roWFJPly/TQ3HfRv9QQuFh9C9FBMAHiIcwiuAjQBTs4OnP/ie88eqrOPGOd2CwtY6lxQX4BFg8tIjXXr+M7Z0dUAoEERASAr/bA8IImzs7aO0F2A4HIB2g2/bQ73QxN9vH9s4O3rj0JqKQAiEFiQAEIXwSIQqHCD0PQUgRoYXt3QDPff2beOtbH8UjDz8E4nmIaISIAD4bC2UzOfo+v1fIEr4T67mJpzOHQeePw1t9Xew/++r+jtN+FunMgHZn3UPgGuUeADs5OTndASILd8G7//0IbnyL/QWgFFES/47qlAA0AgjbCRxHVrIyoqPEXbZiMKKjxEu4YjCVOdBMJhEHg6kV8HlJVgCzIJBfqStaMU5HSZ/RimCuZFFnUo/v+o93qFCkDuOHoM5zTUUVpap9bTE7cnWTHVo6K+AV5TjZRapdNu3jen5ssh0Iqdehtn+lHQopB2X+Nvan1JhMVGRv0bG2Eyjt9se8QZo/hvY32hEq8Lc0b5DizXjuK/LHMm9y/El4I+FP2hDTyBvD9vO8if9eljel+KPmzfi9nPKfzHhl/BlPYCneFPFH4G/Kb5hQGaVh+1dtP8eb5OOqJH9MdkgkfpbijQF/tHhjaH97/MH+5I/m5eXxTnxcQ/GOLn9EY2sk3tH2v2LeNMafqipqv4A343iHHW4p3kmXFeMdIW/4OmXuJLB/DbzJ7bhsmje8TP1Nu30Jb/g6z59a4p1xmfMXU94I+FPO/lU/74r5I1VV3jT2eSfhTY4/9cY7Rfd30vwRDVTGm1FVwp9C+xPQI/cic2I8cbcHQ1yaOwcCb/Qv8eLGKAhG/Y4AwCNogcCPKK5fu4bXXzuPQ/0ZBMNdzM/OYrizg2s7lzEzdxiDgGJvCITw4PfaAIBhEMIjBGEIBHQPhHro0DY6IcVwYx3bwz3M9PqA3wL1yejYvQGIF8IDhd9tg3o+0OpgbStECA+DrV3cuH4TDz/0MPyWjyAMQDwv2biR9jdCCC7NncPd61/F4baXm/Vw7tjoATAdz3niTynelL6/Y8gf8HWDeMdpf4vMHnJfA12j3ANgJycnpztE3r0/APzNbwAkDqtSK84LfxM4CcPH5Sh+J3GeQUC8+ETCldx5mVK6AwPZukT8gmFhXd66YgMIW5HOjmcriFP1dCbJ74DAeMWxNAPUWlIsOj9WKqESJZR8epWrC8ylylczpXTHS95vhHXFCnhlmesw7y8K/5G4I3+2tBSZK3ld4C/I+oXuDgipBTj/GyfUEn/h60n74ulS+o+geSP/ke54kfhLylGZv9XLG8mEKHjDn63HG747ct7wZYY/Rf5jnTeG/JHxRpc/OX8z5E9qokvxR8QbE/7IeKPLHx3zJccL/Iff2WnKH+EbXsQfJhVvDPmj0Xwxb/hyUvxBcX08YdmaJn+kvZC4+/Txh0nFn+xsyc6W21/hL3wp5Q07riR/5BbLlvsy3tHgj8RftPgjtBSTij/Z8U+ONxL/KeBNUi+yWMV4Zzp4w9qV8McKbyT+I+IN746p+cr5j4w3uvwR8caEP9biHVmHef/JSsobmTvyZaHZmP0L/Ifl7yRd1+ePfrwj8R8Zb7jpZbLPHwlv+HrKb1gHmf/J+JO1v6Q05k9WtvlDl84gOnxmfFQqYXuVLIAQEvvV6ARKxssxCQDP8xFSCt8jaAHYuL2Cu04cw8bGBvr9GZw9exaX37yOS29ex0JnEbe2BtiOPHQ6PexGIcIwAIlCtAB4oGgHITwK+MEALQRoY4jD/Q6OLLTR680gCAO0Om34nofF2Vm0SIT5uTn05xfw+uWreO6FC7i9uQUSAetrtxCGQ9CAgnpeMgeUDTWeBEopCCF4zV/CYazl5jzqH0U0dwz+5nUD/hje32mIP077W6TbB221gWA46a4cSLkHwE5OTk53iPx73gfvnscRXng6Dr7GK+uiOOHOrNAT/CYwC/X4FXmjSFNQT6VVSvH5VwRVjoAkQpeVGs0ldZpMC+QrlLm6aOV75niDkgK5HVpJUstWY3IDS5aAF09Pvs7syP6etbOt3+CEsI7UWFIWED1gUnmOgb2VEmXSqsNT7Wd7K/EXhb2r/gawzF/Gw0kNig1AegdBw3+Y+0nsX1hqrBDO+U/hCuDcOxqF/lMwbqn9K/Amd6kMbzT5I+NNGe6IeCPZkZ7pdGbcuvyR8QaxGTX5Y7IDQcUfwwfa2XFLShNV9L+J8IfnDbsJm+OPgDd83Yg/Et5MFX8M5fiT541kR3qm0wXjLeRNHfxR+JkZfwSlbIBl/E10LYN4h29fxhu+bsQfld9UiXf4etO80eGPkDdjf8vxpyi+Ualp3oCLzrR4w15uNt5JpiMX72RLuXdNJt4p5M+Bind0eZOqi3hjGO9Uz7eyJeXrycEy/pjZv9l8S6GK9heWGs0xRcvnUi/Q5IDNYYAr/bMY3amiqeeT8S7gCCAIU0wAaDjEQr+Hxfk+gBBrG+u4fuMWhhHBIPJxfWUVwxCgEQWhEfy9XbQRjv/1PXRIhPleH4v9edx16gTuPnMSp88exfz8DCgNMb8wj/6hPrx2C4dm5hAFe+i0WvD9Dq5cX8HeH/6/eO5bL2O4F+GFF7+J97zvvVjsLSEEEIHCQ/7eGyEElFJcmTuHB9afxVzLzxkimlmCt3EdZfgji3dG8z5h/jjtO5HeHOjm7Ul340DKPQB2cnJyuoPkn/0eRBc+Hwdd+RXD2Z3A+XIkfuUfxn9P55m5FcryeH90/VSFlSb3NzINsIQm00KmzO04kOyIyu3clJXxwPkV6uPhKOpEXKZHoD9+aATJfAPZhpW/gcf7QWqlsGyFaLZ7XF26QlniL3zdePyS6SDxf4jCf8aOnrE7cvaXlJIV6WMzKPwlaSfV3VQ3ZTtSxeMtKGWS7ogcleV/A48rZf5jvEMiO3TVAnb1+FMXzi3J1+CPbAemLn9EvMn4Q0neSPhTPH5JmZGMN+IOlf8NTk3+KHdIZHuuxRsT/sh4s2/4k+2Wij/F4y8ocyfEmjr+5Mt0z+3yR8KbqeYPV8p4Y40//AXs8Kcw3qnEn3yZ7rld/ujyhq8r+JN+XVXK+JO0qPAf03hHMAXCUnoFGX94g0l4w/uBNm8M+AOx+Y34o6USvKmab0l5w3/esR5Ui3dy0zGheKc6b3g/U/BHMByeN9zzQg3epMcd/2dq4h1N/nBxTv35lgZvUqUs3lHyxlq+pfCf1DhL8Scz3zL+iHlDWz3Qw2cgMuAbYWfUfNy+RzB63EtGv/4LMnqcGYHC83yADkHDED4iRMEAN67fQBB5CEkLq+trWFtdg9cdItwboudF6ATbaEcD9FoRlue7OL60hLOnTuLI8aM4cewIjiwu4siRI5hfWERvZhatdhvdTged2Q68tg+0PPgegGAIGkUYBhSkN4sf/ZEfxq3VNTx/4U2s3lrFysptHFpcgt/2EdIoYwSSght7CHwZs3gIezkD0P4y0GoD4dASf2S8Kc8fLd447X/15gD3ALgWuQfATk5OTneQyJn/Asna2IjG3/2MZAVoFCdSSZ2OEiPVSr/c37kVglEckLOviaFAKnOIkwHBisBklbiGKFJJmHSFsGIHgumOBL6UrhBGvs46rH1DQXMS0qXqWFm7bP6Tg5k9xfVSO2Q0ViSL/Ss9l1zdZEcWN17ZjgR2sI69TX8DuOxvVCV1xQ4Fk/GX8j9Zu7TYX5DYHxn+VN6BrrVCOc+fMu83IW8E/DGyf0XekFQ/ivgzHgBKjz9zOVv+l0jDf0rY33gHloo/PG+Kxl+KNwX+A0P+FPKG9z8N/ykat8b46/W/Yt6gLG8M+QPO31TxjsnAjfljZP+S8U78ecTzJ/nfxuwvOVa7fRl/Knz+NBHvaI9/HGdY5U+Rv2j4n5I3ojFpHJYfv6Q0lbR9GX8q8kblf5rxTsKflMVNBy7jTeZ1lf2t8YbNdYH/NM0b0bmK9vO8YX9vhjeZ/LyAN8l7tSjfKny/yXmTrdcb74z9RcN/0lXrnzeaUrSf5w1iMzUT7+je3ynNH543Of6I7U8XToDOHI4nA6kAheJS7zQIISDEH/szIlDaGn0BHiGIaAue1wZFhE6LINwOsTfcxdLyIm6vrePI0jIC6uOll89jd28PXhCi1+3gxPIiTi8dwqw3wNmjCzh1eAZH5udw5Mgylo4dxfxSH61+G6Q9g1Z7Fq3OHDy/C9/vgJIWqOeBUoqADuCRNihCUBKh0+3hwbc8hPe867vwytXPYHUvxNrtW/D8+0FpBN8joBEw+jLokW3SXwMNAJdnz+Chwctjf4knN+rOI+odhrd5bWr5U+q947TvRFod0HYXGO5NuisHTu4BsJOTk9MdJP/su0COvQ24/s04CANA4vAvtRI0sxMYZBQII78iOT4hWQGYqwMYB/lcsC9dEV18WiIuodJdkZtrjoz+Kv7NIHZ8+RXp4M5L6rIlxUkH+QSJqxsmmLmrjc1VXCaX010RrL8inU14YV3mCNIdYOLx58RdVndHAG+eUcnsztWT48uvSJf6T/pJcaZkhykSbNn0yqab+5O0+bQ/oMB/pCuCNXfEFPCGHVc4IBlvNGXMm0ypyxtD/giOk/mPfEsDk8J/THnD1015I+WPJm90+SOz3B3CG6n/qN/wqd4COYtb4g17QdgNFPhLHbyR8EdY6sY7Mu3zeEfKG13+WIp3cm9nXf5Y2IHHJpyvZ0rpG2I/8EfgN5biHTl32GET4A9Q4I4y/mjyJtUxKX9MBiTjj640ecPXlfyJ/1v2G5Zk/lI93tHgj8Z0JXUZfwSXzfIG1nmTqZfmjcJ/FG4p401SLzTbNOZXPG9YhxXzIZEs3tHmz8TiHVaV8EaXP4rPe5N4J1o4zR0wusDNvQC7c314xIuPjWeAePAIASEeCKJRY5QCoAiHQxBQ7G1v4+jSMrY2d+B32rjy+hW0CMHywhzm5+bx8CMP4h1vexDL/S6C1atYaEWYb4XotQh63QhdfwdeSBAOZ9DpzML3R/MbgoIiAg2HifGiFoFPPZB4Z2+nQ0BD4Dve8iCWPvsVrN/YxI2bN0D8FkCD2FdIYlHRXO+257CyRbHc9nL2o7OLwOb1KedPbkhOB1CkOwvqHgBbl6c+xMnJycnpwMjvwjv9GCIAwGi1JE2tppaVEY3roxh4VAdNgjDKyihbT0sZr1Fxya4Jyv1bcI55cEi5c+l4DOk6jY/TmDMan6xdJu3QpE75Oo3rlCavicv43OQf1hZfT5U6Y0r7ATRK4ViR1JGup17k60lZm/01ryltn+bq2S5QbsxF9k+V/JynS8hKmtTH1ua9geb/yfjQ2Ndopu1UvbT9DfxPOHYk12fTyfOmjPmV9tbxP+PGxnUxb9i/mvY3mXOp7SS8Sf0r5U/Kw2S8SeqmvNHhj3CsENdT71nHGw3+QKNMrKvBn8LPMNZ2nje0qM+ysYpKbf+T8UbOHy1Vsr+kNGhcyBu+Xsr+mqUpf1I+MhH+6LxnMubI15Gu597DgnKK+UNF9dSB5e2fKrX8j2ba1+GPnDuG/NEdq6iUjinlH4X8qSgb/KnQuIw34O1eZP8qNlDxJlWX+orUw8D9Zdx2IX9K8YYvJbzh603zhlel9inXBQP+NMYbzic4vijzrcw54z6W5o/2510Bb6rwxwZvSvofnT/OnTsa23X0AHijh6WEgHipZ6XEA4gHkrwOtHwCIMRwsIf126uY6XURhSFoFKLTbuP40WU8fP+9eOieu3Du1GHcd/Y4jh+exfH5LubbFHMdivkZgrmeh26bouX5IEMPCNvwW92RfT2CCBECBIhoAI9QeBEBiQCPEnhhiFYYoE33sDTXxfEji2j5Hi5efB1hGALw4JHUmLh/mQghuE76wsmNuouwzp/Ui1PBH6f9oc7MpHtwIOV2ADs5OTndYfJPvgPhV/8fUJB4FRBb1UrixZH5lXpsZZ+XXgAbn5/UaXbVJatnyvTxqT5lFhSTfD197dQZ2XqmAUlduaR0XEp/Iy8+Xr5CnZ3G18c9F5ZEXOqumM4PS7CCUngFScOKDrGVnkk9XhnK2pWvGB37j7C7qjI1zPRI0uaVmjt7RraeMVDeH3JbrviSc3jdHQr5FetsutnrQmvlS1F3uREX1aUOqbxCXIoMVtDjnP9or1CX+I8Gb0rxRyhN/ih7kPKH0rzhS3YZhf/ovt2585K6cljN8Ea9I0/GG36HhJo3vL/JeJPUpaqJNxr8UfJGlz+S7mrzRwm0Erwp4I82b3L8kfGG36FlyB8Zb3T5I4x3uLIMbxQ7wvXjnf3Nn/K/QY5xPdOt5viTlFJV50/53+Rk0zxZ/sgvnHSw+ASF4cr/BjnnH5Dxp4A7Ev6kR1LEn/yECa5QF39kvOH9x5Q3fGnIm5y0ecPXFfyR+YsOf1DgLzn+GJxADC4AACAASURBVPKGG4kxb3TzLd142TTeSfyOTfekeUPEddkVLMU7/Oebfrwzjbzh6gI/oe0e6NyRvJ8RiuvtJRDixccTgKZ2AhOAeBQkovFcEARBhJ7fwdr6Fnq9HgaDARYOL6LXX8C1lTUcPbqME8vL8MMhop0tbK/dQv9QH3tBgJl2G9QDhtQDjTzQoA0vbIOQDkjYAoI2Wu02ACAiISJvdIet5bVBglGfaEQx2pMcgiLAbBtYmO3h8HwfHo1AKOARkpq5/Jsy/RD4ZvcoEL6eMwSdOQTamYU33Bn7z766v+N0UEQ6PWfaGuQeADs5OTndYSLH3zb6QKUUURIPk8xvAvMRFvuNDv43gbO/7UuR++07mi0zx6cyB5rJJOLkIGl/pOxDYAru1VGdjg9m9VHJjk+VdJT0FZbf/Wfw3/+4fDK3L4Ke/03QP/23o13V8V1/8oH/D/53PAT6tQWEn4qnBB+B//O/CoLPI/r1D452USvyXO/Dr8M7B9CnziL8soZxqaLkjy0dQDO/4OrM/lRsf9Pf4FSV42QXqXaZGcb1/Njo2J9iR2H5ZPI6OH/RKSlXFh2fctDSv4GXH5ZkvJJjbSdQ2u0zu7P2y9nf6DfxBP4m48147jN3JTID1eKPKW8M/S3hDeXrAv/R4I2xqvLGsP08b+K/l+VNKf6oeTN+L6f8JzNeGX/GE1iKN0X8EfjbmD/pPhvwp2H7V20/x5vk46okf2R+V+h/Kd4Y8EeLN4b2t8cf7E/+aF5eHu/ExzUU7+jyRzS2RuIdbf8r5k1j/KmqovYLeDOOd9jhluKddFkx3hHyhq9T5k4C+9fAG5Lqx0R4w8vU37Tbl/CGr/P8qSXeGZc5fzHljYA/5exf9fOumD9SVeVNY593Et7k+FNvvGNyf4cfqIw3o6qEPwL7R/0joK0OuBOwG4TYmFketUEJAALieaNNER5BSEajIR4A6gPw0W61EA23Mdwb4vDhw1jdWEd3toe5hXmcOn0Su7t76LdaWL+xivlOHzubm/AOL8Dv9RFggLn+AggFbm/voh2FmKcD9Oe68IMAwe4AberB61AQzwf1gDCIMBwO0Y4ASrzR3PmjB8EIA/ig8BGh2/awvLSAnZ1t9OfnQAhBFEXJQ9X0TKZ/C3hzZhm7axfQ87NfCEu9Nmh7FnSwPfanFG9K398x5A/4ukG843RQRAD3O8DW5R4AOzk5Od1h8o8/Cu/QaUTrl0dhFUHym78s5iKsDgAY78AbVeN6wVI+mpw1Oj9dJitTpTswkK2nRNOHcQmVsJ5rPX95cRmvSGcHrzwFemUt1ZMecORBkKMPgTz66yCLJ0A//s/SmWUyc+Odn+zUx0F+6BzIk69lO86Xy/8C5OwCgLXRnBPuOqmESpRQ8ulVri4zHzRL6Y4Xzl9kdcUKeGWZ6zDvL7LkUtycbAeAtBSZLXmd2Z2v53fgqXZASC2QvpNRuOOCiasn7YunS+k/guaN/Ee640XiLylHZf6Wc+CshbKlMW8kE6LgDX+2Hm/47gj8J55ovkS6XuQ/WlsYCvwnxxtD/sh4o8ufnL8Z8ic10aX4I+KNCX9kvNHlj475kuMF/sPv7DTlj/ANL+IPk4o3hvzRaL6YN3w5Kf6guD6esGyt1niH784k+cOk4k92tmRny+2v8Be+lPKGHVeSP3KLZct9Ge9o8EfiL1r8EVqKScWf7PgnxxuJ/xTwJqkXWaxivDMdvGHtSvhjhTcS/xHxhnfH1Hzl/EfGG13+iHhjwh9r8Y6sw7z/ZCXljcwd+bLQbMz+Bf4TO2gmnzfgj368I/EfGW+46WWyzx8Jb/h6ym9YB5n/yfiTtb+kNOZPVtb4M7csOIBgPaSpPxCkvyKZwBv9lcSeQQkixHNOCYIoxHA4RBAGWN/cBFpdeO0Wtm/fxqXLl3DvqZPodDqg1IfXmUNvkeLqpYt44+oVtFptUNKG1wmwNAzQ39rGbG8T83N7WFxeABkEgO8hJG0EaGMnoGgRD51uDwGN0G5T0DBEu9XCkFBEJEK300bL99BtteERH5RGo/EAowfYqbmmlCL9EHg98tDz87agnTmQ7RUr+VZhWRN/nA6OSLvrfgfYstwDYCcnJ6c7Te0ZYPkBYP0SMjt52cq8iGL0Xc/8ys1R5EXTS3nZw16KpA72vxgHmrz4ZCfzR8kNPumFikrFqaKEiw1oFOzHL258HuGf/mY+0Vr6cXj/9e+CnHkC3nv/GaK/lqxcBc10iTzyL0Ce/HFQ5FesspL84I+Ogve4c+kVy5lOF4yX//O4TpK+jf6etbf2CvGiFaCpmZKuIE9bQPSAKe8l4gHp+IpKhv439nvE/i6yO/u76Qp1zR0S3Ap41umxv41viqTrmQFI7yBo+A9zP4n9C0uNFcI5/ylcAZx7R6PQfwrGLbV/Bd7kLpXhjYQ/ycuSHQ98qfIXhf/JdqRnOp0Zty5/ZLxBbEZN/pjsQFDxx/CBdnbcktJEFf1vIvzhecNuwub4I+ANXzfij4Q3U8UfQzn+5Hkj2ZGe6XTBeAt5Uwd/FH5mxh9BKRtgGX8TXcsg3uHbl/GGrxvxR+U3VeIdvt40b3T4I+TN2N9y/CmKb1RqmjfgojMt3rCXm413kunIxTvZUu5dk4l3CvlzoOIdXd6k6iLeGMY71fOtbEn5enKwjD9m9m8231Koov2FpU5zMwuC9inWaBvj38bFuIx3A3sYfd0ygQeMNt+Cei0Q2sIAATZ3dxBQiigE1lfXcOnKNVw4fwHznRbabQ+e72H5+Cn0l4/j66+/gc//7Vdx4+o1AB4o9TAcRjh+dB7HDs/hvjN34ezJYzizt4SZLkGv0wWlXWwOPFxauYmV9Q2sbezC73ZweOkQWuEAD549hQEFbtxcwWAwMk271Y6/IpqAkggAie8hZe1EWdxOCDZJB8cwzBmEtmcSu5vkW+3/7km075sTG2XrNQSf/icY/M1L9fDnJ/4As+88h+gr34PdT0qOSXQSrR/6CFrvfAze/BzA7rVtvYbw+X+P4R/98ehb/XT1+G9g5oOPAec/hp3f+gQAoPMLX0Tr2GsIfuGnMABA7nsf/MUu6Oo3EJ5/0+Tqd7b89qR7cODkHgA7OTk53YHyD9+D8NW/in/Td7xiL7sTWPYbMXEwya9gV65QzpZpja6fqkBwEBR/zzTAEppMC5kyt+NAtCMq1ZdkJXH6/Nt/hOhbPwv/Pf85yJl/BJDfTVYmsxOFw5l7HOT9d4N++vXx6yRVLv0qyLnjqcsQ1YJZvYQqI+6C3MpM5W/ggVsBmlopLFshmu0eV5euUM4PR1g3Hr9kOmI7Z7d0Cvxn7OhI70zI1Hl/SZeSFeljM7DjWQ+4etJOqrupbsp2pIrHW1DKJN0ROSrL/wZenjdCfzHeIZEdumoBu3r8qQvnluRr8Ee2A5P3B5n/cH6n/k08rk7EJfi61vglZUYy3og7VP43ODX5o9whke25Fm9M+CPjzb7hT7ZbKv4Uj7+gzJ0Qa+r4ky/TPbfLHwlvppo/XCnjjTX+8Beww5/CeKcSf/Jluud2+aPLG76u4E/6dVUp40/SosJ/TOMdwRQIS+kVZPzhDSbhDe8H2rwx4A/E5jfij5ZK8EaTP+a84T/vWA+qxTu56ZhQvFOdN7yfKfgjGA7PG+55oQZv0uOO/zM18Y4mf7g4p/58S4M3qVIW7yh5Yy3fUvhPapyl+JOZbxl/8ryh3XmIDLfl98b9IwSjzQokVU8PYHS1EBQhImwP97C2sYHrN25gbxBgcXEZVy9fxmB3G8fuuhftbgdLR5dx6q5TuHnrJj73xS/jjTdvoO330Gr1sLm5jRvX1nFjbQct/zouXLqJB88cxju2zuDuU8tYmj+EjbUhLly8gQuXr+KFNy/jjWs3MXNoAXefPoUzx5bRCyn6S3PY3R2CkB76c/Not1sju8XjIfE8EG/8Fc9RNNodHEURKKXYavUBrOYMQTszo2k15E9irtefQnRzbDYsPQrv7Dm0fuw34bX/AXaffrM0f7R4U6h3ofM/fhStU3NAtAl65RlE11aApQfhnToH/7v/Mfx7HsTev/g1hFWa4dR6/y+jfd8c6PmPYef8Jyxe2ZYeROvHfhat+07qHb7zJqKv/Q4GX3yp3m613ANg23IPgJ2cnJzuRC2cASgQgSbBP78ilKRWJOd+65erJ69zKwT53wxmD48pANB4hzCNkwGdFYEFokglYdIVwoodCHxJxxeX7lDY2R0dM//2XLsUND+cW18HPfR2kLf+Osinf1z4W8Dk+z4I0toFvXwN5PTi6Lo680G5UjlhxeX4Msx+4nqpHTIaK5LFK9pZvwR1kx1Z3HhlOxLYwTm7A9V2RBX6H8arrpH2H66u2KFgMn5hqXMNYVnsL0jsj9hseva3syM0NXe2eSPgj5H9i/xFVEr9T+Iv6UHaSKil9tc8V9q+hv+UsL/xDiwVf3jeFI2/FG8K/AeG/CnkDe9/Gv5TNG6N8dfrf8W8QVneGPIHnL/BWrwj4U0Rf4zsX44/7POI50/yv43ZX3Ksdvsy/lT4/Gki3tEe/zjOsMqfIn/R8D8lb0Rj0jgsP35JaSpp+zL+VOSNyv80452EPymLmw5cxpvM6yr7W+MNm+sC/2maN6JzFe3necP+3gxvMvl5AW+S92pRvlX4fpPzJluvN94Z+4uG/6Sr1j9vNKVoP88bxGZqJt7h7+/I4p3S/OF5k+OPwP6duXgSMA5MCMWOPwtCCHzfh0e81EPTuH/Jh2PsE+yYlo+9wQDXb97E7dUN7A0CRJGH2W4HC6dP4j3f827MzXTx4EP3I6Ihvvj5z+PyxdcwN3cIR46ewMLCMq5cu47VrW0MKUHkd/HG9R1srd1G249wZHkJC4fauHHzBl595SLevH4LQTDAqdOncdfpczh3/DhOLS9hrtvFrVtrCIII8AmOHjsKUIqQhqNpZVNLCNiO31F1VGfj3WnNAsFqxnsAAup3k/NM7Q8A9NpHsffv0nEvBfne30TvRx6D9+6PwP/cLyEsyZ9S752UWv/wl0YPf28+jcHv/TKCm+lXT6L1X/1vaPU/Z/XhLwBELz6JYHUeuFrzA9Oy+p4n0P6exwzelefgHesg+uLPIaixW/Dc40rbcjPq5OTkdAeKHLoLIOM8JNn5CwCplaCZHcKIdwgjtSJwdGJmJWC6DqT+zocV8apKkgpUkT5MEoUk53AJle6K3Fxzcd+EvxmUOin5e9xAsvI8+eqYlzBeicxOS69EZgN4DvTCcZAHHgd53zmQp/nfAv55ePfdDaz+GejNh0BOjzqV/w3g7HhVCSafbikWFAtWZOquCNZfkc4mvLAucwjpDjDx+HPiLqu7IyApM37H/IGrJ8eXX5EO7jxw/odcyQ5TJNiy6ZVNN/cnafNpf0CB/0h3JGjuiEk5apo3SB1XOCBN3shkzJtMKeFN+nUo/IfxJ10KjpP5j3xLA5PCf0x5w9dNeSPljyZvdPkjs9wdwhup/6jf8KneAjmLW+INe0HYDRT4Sx28kfBHWOZ4Y8ifJuKd5HhN3gj4Y8wbXf5Yindyb2dd/ljYgccmnK9nSukbYj/wR+A3luIdOXfYYRPgD1DgjjL+aPIm1TEpf0wGJOOPrjR5w9eV/In/q9wxbsib6vGOBn80piupy/gjuGyWN7DOm0y9NG8U/qNwSxlvknqh2aYxv+J5wzqsmA+JZPGONn8mFu+wqoQ3uvxRfN7rxjvo9LInxG/C3dYMSBZK8f8SjP1h9H+jUyk8ApCQogUfHnzMzR3C3u01zM3N4fChOczNzODhhx9Ef6aLVsvHM1/+O3z1y3+L4fYWdomHnfltHDt5Em979BEsHO7jma9+HTvbA9Awws3dPdxYHWLuyGkcPXMXbq1G2A5eRhB5CClBv38IC4eXcfb4aZw9fgQh9rC7NcD8/BzCsINz586BgMDzPFDEjMToHl7EzxUZPwTea/UxenrH2cPvxseZ8SfVSFIyf6NPfwnR9z8G//Dd8AmJH7CW5Q9K6gm0Hl4G8CbCT/EPfwHgTQT//h/W8kAz/Ny/tP5Q2aq++CVE738Mfl//FHr1S7WPifh+eXM7CeUeADs5OTndgSJzx5FecxvR7E5glvAkO3vjOr9Cj0bjJBVIJSVlPq0Nb/ClOiIvTRrPtMevUGZjGzcwOuwsyH3fMfrLjT+DaiV88tdPfxL0no+AvPVXgKd/ZnQcxSgp/bEPg3R2Qb/8K4gO/bv4p0kkOySk4+cnjCR9ydZTZZkV46V24I39B+l6av5p4/aXtKfdPs3VZX7A15Mytr/RDgnpivj0HOe7LxxOZrypN3XqjJz/VNmBqeN/Kv/J7EjIm8VIOvYWnVOqQf4EZnfWvmyHhML+Kn9R+ZtyBzqyden4i3kDmb217F/AH4W/FO9QgNr+B503Kv5IecNfX4M/heMnyZhSZyR2Rl28EfqfjDdy/mipkv0lpUHjQt7k+FPW/jXxJx5n8vnWNH9MdkAJ6tl4Z8yf5u0vac+AP7GbZOtFvOFLq/wBd/1i/qjHr8kfE95o84ddnvOXqrwxGr9owlJ/q9y+nDfJ67Ac7/ClDm/4gSp4w9eN+VOKN/J4J+c/Gf7A3N7W7F+1/RLxDkR2r5s3qUEJ+JKrJ2J2Zuda4E/leGc8nH0V77S6oxMy7VEMUl8BDQDpr02mBPHXJlMQGsEDQYv4YD8GfHRhEdf7cxiub2B1dQ0njx+H327h5KkTOHnyJKJggAuvvIKv/t3fYWt1HUHoYXNlDSvru3j+xZdx+sxd+Hs//MNYvb2KNy9fxcbKKojvYXswRK+/iJlDh3Dk9Am8813fja899y1cv3QRF1duIvLa6OzuYXfjFk7fdQQLC/NYPraMbjSL2dlZgCB5ABwRCo94AKLxg242fZQmD4GHLTYPWYNQv5Uw0ZQ/2etxvMm8fBKtH+R+hzfaBL3wKQx+62MIKQD8JLr/5An4M+Pf0gX7+z/l/q6jH3oUngfg5jcw+JbmOUc+hM5P/TT8U8ujDR/RAPTmMwj+4ucx1L0GIPiN4ngMeAbDJ1fgv/8H4cUPX+n1pxH8/i9jmDygPonWB38J7Xc+BjIT9+HipzC89Rg6j50bfa10/NvDeMsT6P7YB+EvxHMabIK+8SSGn/yXggfeaX0Ce7/bQfdnflbrITA9/zvY+61PWPk4KBTx1Mc4Gck9AHZycnK6A+XNHQWLxlhMRjGKFfiVe/kVwyxMZK/H9VRCzy+czZ6XjfdZu+kFpYSrZ8qkj1zCJEqocglWQQbCLTUmJHX91gl4b//xzPGk9xDIox8GObkAbH8e9MmLo7nKREOpOaLjv+HW/wJ64SdAHvggvPcSRH/Npv0JePffDax+CvTp10E+mLpONoYHVxUMi+TrwiuM7a1VJkE9W/HJksS4j3G78hWjWf/JdVdVpoaZHknavFJzZ8/I1rkVwvIdA5Iy7fAGOxTyK9bZdLPXhdbKl6LuciMuqucvqDqDO0FksIIe5/xHe4W6xH8E3CmwVt5/ZPwRSpM/yh6k/EHInwJ/SftZpmSXUfiP7tudOy+pK4fVDG/UO/JkvOF3SKh5w/ubjDe5+3k51cQbDf4oeaPLH0l3tfmjBFoJ3hTwR5s3Of7IeMPv0DLkj4w3uvwRxjtcWYY3ih3hef6w0w4Wf8r/BjnG9Uy3muNPUkpVnT/lf5OTTfNk+SO/cNLB4hMUhpP9JqeaP5x/QMafAu5I+JMeiVG+JbpCXfyR8Yb3H1Pe8KUhb3LS5g1fV/BH5i86/EGBv+T4Y8gbbiTGvNHNt3TjZdN4J/E7Nt2T5g0R12VXsBTv8J9v+vHONPKGq/M9IB4o8SEyWOj1EN/xAhCBeCMfiZI+UsDzQCMPHgXgeQjCADM+wanF4wjOPYBvvnoew0GA7a0tLM4fxdz8LLq9Nm5ev41r169jfX0Tp0+fxc2NXUQ7e/A6PXQ84PDyEj7w9z+A2RbFS1//Gi5euIRXX3oZ4e4QG6vr2Nk9jMWTi5i9tYqLK9exHgHfOv8KTt91Bjttimef/zr8/nfgxJH7MDvfR6e9BFAfxAMIIQijCIRSEA/wPIKI+QibTUIQhiEIGX0FtdAQnh+7SpY3qvs7aZvlePPAg/BmAGytICIAeeBn0f6B94HsrCC68AzoWgfkgcfg3feT6PzsCnb+7SeyrsHMyswtc5cC+ceWR+NZe0nvlCM/ie4TT8DvA/T28whfXQFOvw3+iXeh/eE/APn9n8Kg6jc6e4+i/aMAvfIlBC8C3oOPwTv2PrQ//ASCf/UxUAD+T/w6Ou88B0SbiM4/g2i4DP/uD6Fzin/0/dPo/Tc/Ca87AL30JYTXAO/eR+Hd8yG0P/g8gt9/qrgvlz6OvU+eQu/DHyj+5uXrf47Bb3189H6pWzk2OlWVewA8JYpAEUQBhlGIYRQiiAKENAJbP0hA4Hs+ZvwOul4bLc+fcI+dnJz2s0gv/l3ZJIAnAAVosrSVIPkN4NSTXcoF2LnXC3bo5H4LOJU5ZHces9NZO3nROPgfvyrZkcCGI1oxTkdJX2HJrnf6CXinJZO5+hSiP/7xUSBEGbPHvaIAF5yO/kqf+iTIPR8BeetvAH/9kVF7P/wTIL1d0K/8z4goHZ9HaTbglYkqSv5Y7QSeF7MjVzfZoaWzAl5RjpNdpNplZhjX82OT7UBIvQ7OX3RKfqV40fEpBy39G3j5YUnGKzm2tP2rts/sztovZ3+jHaECf5PxZjz3ssRDsgOB548pbwz9LeEN5esC/xHZu6r9q/LGsP08b+K/l+VNKf6oeTN+L6f8JzNeGX/GE1iKN0X8EfjbmD/pPhvwp2H7V20/x5vk46okf0x2aCV+luKNAX+0eGNof3v8wf7kj+bl5fFOfFxD8Y4uf0RjayTe0fa/Yt40xp+qKmq/gDfjeIcdbineSZcV4x0hb/g6Ze4ksH8NvMntuGyaN7xM/U27fQlv+DrPn1rinXGZ8xdT3gj4U87+VT/vivkjVVXeNPZ5J+FNjj/1xjtl7+8U8WZUlfCHtz8ixL9TBu4EsAfcbHfsaFdsMnsAJSBR/IlLKGgYoIUIZLiLv/oPf45XX/k27nvbW3F0fg57G5vwTx5DpzcL4rdAAXTbPv6z73wbDs8v4IWXz+PS1es4ffc5nDp9CidOHMWtV7+J77z3BO5f7OLZ+VkEaysIB9u49uabeOC+M4jaHs6cO4f/9h98GC9dv4bveu0iHnzgftx97Ai2r13D4lIfnV4PlIy+9rnbmwHF6Nv8Rs9o44fbkXia2Q5gSkTOSADiYfzbwVneFN/fic/ovB/+d6UcfuG70Hr3946udPEpBJQCL/0Ohp/8G4Rf+fTY4kf+MXq/8CF4p96FFv0EgjT3Et6lKtz/quT15/UPBuD/4IdGu2Evfhy7H/udpCn/w3+E7tvPofUDP43BSx83umZO3Q7oMz+PnT/80qh+5JfQ+8UPwFt+FC0AQ/w02m8/B2AF4R/9KPa+Ep935CfR/bknkHki9PhjIF0Al/4YO//nx5I/k3d8CP6W4uEv07d+DXtPnkTvRyS/B7z1DIa//2sNfp21jBNOZeUeAE9IEY0Q0BB74RB70RA74QCbwx1sB7vYCQbYCfcwjILRj7kD8IiPfquHe+ZP4Ej3EFrezIRH4OTktK/VPQQah4iZlZhxckCAUWAJjIO61ArlUfxO4nMKyuTCgjK18nnULOEOK/7QJ5k+I7eAOLPAWFTmu5Eq4xXp7OCVp0CvrGU7cPNJ0MtfAX3ttXjOMpll3FZ65ycyf8ftX4l3Af99eN/9c4i+/GF4j7wd2HxqtPuXAGBfU0TSK+RjpRIqUULJt5qry8wGzVK642VcpkabrytWwCvLXId5f1H4j8Qd+bOlJed3WX9jdufr+R14qh0QUguk72QU7rhg4upJ++LpUvqPoHkj/5HueJH4S8pRmb+V5U22RLY+niDxhCh4w5+txxu+OwL/iSeaL5GuF/mP1haGAv/J8caQPzLe6PIn52+G/ElNdCn+iHhjwh8Zb3T5o2O+5HiB//A7O035I3zDi/jDpOKNIX80mi/mDV9Oij8oro8nLFvT5I+0FxJ3nz7+MKn4k50t2dly+yv8hS+lvGHHleSP3GLZcl/GOxr8kfiLFn+ElmJS8Sc7/snxRuI/BbxJ6kUWqxjvTAdvWLsS/ljhjcR/RLzh3TE1Xzn/kfFGlz8i3pjwx1q8I+sw7z9ZSXkjc0e+LDQbs3+B/8QOmsnnDfijH+9I/EfGG256mezzR8Ibvp7yG9ZB5n8y/mTtLymN+ZOVLf6MT0gfkL0v43keCIm/+pkC5P9n782CJcnOw7zvZGatd799+/a+z/RsmBnODPaNkEhgCIu0ZJHhsIJhSy+mXmi9mH5ROBzki18kPTiEUEh2KGyFgoYIBWhJlCwBhCgINAmAmMEAmMHMoGe6p7unt9t991u31sxz/JCVWZkn8+RS9/btBfV3dP/9V2XmWf6/vvpPnXMyxXD6dDh5KoXCssBSHr2tNW5ffo+PP/8sn/vSF6k5Npc++ICbN29z/PRJeq5Lc6rJ8uEFptQAR3r82i99ijt373L9wxss2h3q3Q16K31mqhWczjZTtuTY8iFW12/zwfuXeOWlF6lMNanX6hw9sQQNiwunjrOwsMhUo07j3ElsW7Hd6aGUotfr4VQqeAKwBWAjhMRSApR5j6YQAqRhhlgFt4nO448eP8Nrv/C7VF/QL9pHXf4q/f/r3w4ddBv3tdsjn1z4Rey5PvQAa3hIlDMl+GMSubsDTBc+3j5xDGjhvTWa/AXw/v2bqBeOIZZfweGf7fGZwVfxgslfgNWrqA7QmPa7JpjUXX2d/g8ip61+Fe/Dv4V9MdKety+hvvwK4uiXqP/GDoM3vol3+Tbqja+XqqP69t+hv/z71D52Nv6GexX3a38ncmvqgxCVf8hESslkAvgBScfrs9rb4oOdO1xp3eZaa4WVir+TnAAAIABJREFU7gbbg7Y/Cez1hxPAPrhtYXGiucR/d/6L1BfPM+VMJoAnMpGJjC9i+FwUqUY7c4Ua5lRSgeVnenI40FJCgPQTQhg9GzjcgSDxB1SRHQn6xGe4AtgkaSOZAoeHRpouen60fgrCFcrBdXa+g/ev/6F5wJVYiTwqxbeVVqWhHTwL+IW/B7OfQEx3Ud//HRR++dbMfFi5xKrHoNIZ7dVfHtliVAeGyfs4K8SzVgBHesi4gjzzBxfdQxkN3I/8cJz4i5Sf7vfg9bIr1AvukNDiLqj0KN5GP4pE7VgDjL8gFIifIPwM/s/UBXYoJOInc8dT4hNNZvxktNvofxNnxoi/OG8M/AnfNux4yNoBkadT4s20Iz1W6Vi7i/LHxBuGbizInzI7EPL4U3JCO95ugy4je4y/B8IfnTfBj7AJ/qTwRrdL8cfAm4eKPyVlwp8kbww70mOVzmhvJm/uB39y4qwcf1K0qYHjxFvatUrkO3r5Jt7odin+5MXNXvId3T5o3hThTypvRvGW4E9WfpMnB80btOysEG+Ctw823wm7I5HvxLU5uh5MvpPJn8cq3ynKm4idxpuS+c7ex1txrXQ7PNjEn3L+P9jxVo7s0f+pukBxQg5QdlUrT+HIAZ5TJ9h4EOrhxGNwVzxQCGEhpYctFNVGg+nmFC+/9BKt7S1sG5544jz3tjf58MMbtLa3cZAsLsxTae8gBn0aVYvnLp7nqXOnUUIhPQ8hLLz2Lp3tLXqdLh4KV0oGgz6d1g5TszN4lqAxO0OjWWdnp4NlW1QrNk7dQcjBsI6KZqOObdvYjo0nLKSUKDGcvxY6dxX+zl5fO7KX7iDphn4vN94aXu36N/HCScI+6vpryOt/jPdhUIyCpVep/MZv4Zw5htBnpDopft4Lf4bi3V0DjiHmLhZIez4CleF/9Xn01b7fYmtP38K+dNay61Gt+WXIfuI4d2uVanRCe/Ur9P7NIWqvfgnrE79F7RO/BW4L+f4f4f7rr+Q8Azgu3td+h8HUP6Hy7KFhYWt43/id4s9O3i9Re3D4RFJlMgF8wOIpya7b5fW1S3z/3jtc3V1hpbPBem+HHbdNzxvgKUndrtL3BnS8Hp6SLFRnONFYYrY6RSO8X/9EJjKRiYwpdhUYPSNG4Of2wY5g3x49Mya0hT+Y9ROnYIcwo+tExpkkViiPDD3xEpFyw2yqQFalYDSpHMtfhZY0JEcciR0HaTuiInUJVxJr54d62HChlZtsjhidFz4L+L/Gnpnzd//+8fWwL0enaLaxMzSdKdoFtZW6uc/AQ1sBGlkpbFohGq+eZufukIjXPGGXbr+hO4IgFDnxE/6AEvG7bmfFi2FF+sgNwfFBDTQ7LCdS3Ug1TTtS09uboU1i3BHp6/GfgadpU/yU3iERb3reAvb89kcunFiSX4A/ph2YejwU4U1MB5fJiR+RrtHtQu036JiYeJNeofGfwVmQP7k7JOI1L8SbMvwx8eaR4U+8Wnn8yW5/hk6cMJSHjj9JHa35/vLHwJuHmj+aNvFm3/ijX2B/+JOZ7+yJP0kdrfn+8qcob3Q7hz/R9/O0iT9hiTnxUzbfSemCVG28gok/usMMvNHjoDBvSvCHdPeX4k8hGYM3BflTnjf6911Qg73lO4nueED5zt55o8dZDn9SmqPzRpsvLMCbaLuH/zw0+U5B/mh5zv0fbxXgTUSb8p1c3uzbeCsnfiLtHIs/sf428SeFN24f7FrCcVXZoysaCCEYTQIP/1r+oxlDNigLywZPSqqVBoeOHKff83jv/Xe4cuk95hYPceLkcTwkbqdLvVlD2Q4Ii0G/T6/dYqpaYaZZQwhBp9fFdSUDd4Db79PvdtlcW2d56TBPPHkBpQZUHIk3kHgDi6lGg5mZBZSwkEiU12fQ6+ANXCxP8uT5J6hYNl3XRTg2wvIbIi2BUAJLqlhH+t2lAEnF66Q6Qkg3/ntfQf6Epdz9PQZfS2Jy5H+B81d+m8qFQ9C5ivf2JXBBMYP9kU+Fx8ZCowxvTPKNN5Ff+AjW0vNUn4Ve5mTmWzAY/tfS3lqq+vWS41elsPR7frOtaqLpztxS4nD13d+j+93fg5Ofwrn4KeyXXsV++m9Qre3g/qMyt6u+zeD//Nvw3/8TKufB+8bfpvft23tszBiSsYt9IuPJZAL4AMVTktagw/utW/zH22/wbz/8Lmv9bQbSwxKCmlWhYjlUrQp1u4onJVIppFIcrs/zzPxpTjaXmKlMdv9OZCIT2bsEz9FFou349ZPfYBAQzbiiO4YhY8WxtrQ1elyYwERWICsRt8skeLHT1OjFMOH0XxjaOTsQdB1eLxhvFNyhECk10ZypMwgUcljh8FnATX/3r4wMbML6q9Fq4OzO0HTesclxdkyPLhP4L90ea4dMgRXJphWmKtaAiF1mR5bWXtOOhODgTH+Ps0MhM/4YrbomGj+anbNDoUz7U3WRa6Tq7Hgh9D9DtxXz//7sCE3yZ5wBZSpvUvhTyv95fCkcf4Z4iTZyHH+ndUKWzjvXWH6B+BnD/6V3YOXxR+dNVvvH4k1G/FCSP5m80eOvQPxktbtA++9v/GXzhnF5U5I/aPG2H/lO0NDS/Cnl//H4E3wf6fwJ/3tg/jccW7h8E3/28P1zEPlO4faP8ox95U9WvBSIv1zepLWpwGHJ9ht0WTGWb+LPHnmTF38F852QPxGPl224iTex9/P8v2+8Cfo6I34Omjdp5+aUn+RN8PrB8EYV5E34Wc0ab2V+3sy8idv3N98ZxUuB+Ima+/59U1Byyk/yhqGbDibficVPRr4zNn903iT4k/Q//Q7UpsO4C3TD69ILJ379SWD/j3+IEsKvpwQbgRAWCgtlOxw5eYqd3Q7vvv02KzducOf2Hb74pS9y+txpGrUqQko816XvDuj3+gz6XaZqVSw1wKlWQLpIoF5v0Gw2uXP7Dju7Lb78V7/MqbOnqFQdpDtAUEEgkBLcfh9lWQgkyAHS85Cuy+LcPOfOnMYSULUd3GGvKiH8MBi2L9aNATeFoO4GE8DRgBTg9sLjyvp/5JNs/oiGv6FNvvWb9L42jIdn/1caLxPZAfxt5O5vYzWWEJ8DvuO/Lr7wKcZ7GuZXGLz9BWovHMP+jb9P5R/9jnY742M4v/a72FP/O71/8Trezds4y8ewP/JbiG9HngH85ef91t59fY+3fy4g33kd9aVXEEuvUP0YsWcA26f021n/Ks5nLuH+2SW48V3cG9/F/ZMa9b/3q1jzZ/UrF5DbDP6P/zKcB38QoryDe9rwz4tMJoAPUHYGbS5t3+BrV7/DX6y+y1p/G1dKBFC3q5ybPsrxxiEado0rrTvsDNp4StJwqryweI5fOvYSc9UpRNkvzIlMZCITSZPoimQ/S/TpIkYvWYJIUhe8P1oRqASIyArAYeY5ssMCRjr84SllRbSKvJyLushAKhxKRAZYphW5keIiOlgBrNmRk8LXhwVkr0Qf9Zi+kjh8J1iRuvE/o/5sHmavov74+ihZjzZARI5PaX+RAaY+3MpZUJyyIrzoiuDiK9LDtmXZCc/pDcBU4WzRLlt0R0Coo3EW+l+zw+PHX5GOdh5a/JHQwWE5A2xT95q6W3vJWHw0HsiIH+OOhII7YjJ4ExyX2aAEf8xdlSZFdwCkawNvou+TEz+p3EkeZ4of85aGQHLipyxvdLssb4z8Kcibovwxee7nhDfG+Mn/wEdqCwmP7xNvgjdSq0FGvNwP3hj4k6pT8p2s9ifE8PHd13wnPL4gb1L4U5o3RfmzT/lO4uNclD/7sAMv6HDdjmnjB+JR4E9K3OxTvmPmTnDYA+APZISjiT8FeROpmJE/ZRpk4k9RKcgb3c7lz/Df3B3jJXmz93ynAH8KdFdom/iTctk4b9h33sTssXmTEz85YWniTWhnuu1hHF/pvAkqnNMfBjHlO4X588DyncA08KYof3K+7wvnO4O2z1Jtx3lTttkMilIKIQTW8CQJKOH3hLACV1p+n1UqnDh/npUPLqOkR8URKMfGBpbm5un02vTdHp3dNts7LbY3NpmuVdhptUDWaNBEIXAsgdOcYmphmc3dPp/4/F9m4cgp2gPFvLJAWkjPwxU9HKpUHAeJRCqPvtvHky5Il4++/BIzs9P0EeB52HYVhYscusuve7SzFCiJGN6+r+m1U/0n3B7pzwDO5s/oAvn8cW/donLhItZL/4b6zOuoykWsU8cRwYZPAajbeDdu4ywdw/7l36d2/BJq6iz2ExfzPkJG8f75P2Dw279L5cynqPxP38C59TPkyhrMn8U6ehExBaz+Khav433z63gXfxv7zN+k/ndfQV5ZgxMfwT56yH8e7rfK7KgdV/4Zg598idrHzmL/xjeov/I6cnAI+8xHEFYfqIZHir/261Q/c5HqX7qKvH0JuTuDdfEV/26N65cOoK73QeR9n2L/uZPJBPAByo32Kn+x+jPeWH+Pm+1VFLBUn+PM1DLHmofwlKTtdrnXvstqb4u226NmV3h67jQvLJznwsxx6nY1t5yJTGQiEykmapi0DXVkZV4w0AlWaqrhgMtf0ccwVwwOIFiIPXwWcMRGTyszq5MzojGco5+L4di8wmPl6SuUgwHXqAD/MNNKZOLHobQqaa//6W8j08ab0ePVqGFhU/X2hlrvMBGWGbcjepwV42PtwAtqNuopFTVVpPpl/J+my8ie4k8lbFMc6HaoFez1mXj5O0BJtZPtj3yII2ck4mcvOzCLxF9e/Gj80d1SSor4O+2csQrUT1Dh5z6dPwX9nxcvefGWuwOduG1sfzZvMPm7kP8z+JMTL9k7FMj3/+POmzz+GHmjX78AfzLbL8I2Rc4I/cz94k1q/Jl4Y+ZPIdmT/w26ROGpvEnwZ1z/3yf+DNsZfr8dNH/K7IBKseP5zog/B+9/Q3kl+DMMk7idxRtd7yt/0K6fzZ/89hfkTxneFOYP4bgLPX72wptS7U/rsMhrey7fzJvwffY539F1Ed7oDc3hjW6X5s9YvDHnO4n4ifGH8v7eN//vtfwx8h3S/H6/eRNpVApfEnYogZ+Dc/eBP3vOd0bNeZTyHdHd9k+IlaeYCm99rBUp/MMsCZYQCCGQSiCVQjgVXHfA8pnTXLv8DtWqg+cNsKwK77z5U6YbdU6cPoHnuiAEW60OrU4fS3q0dts4FlSqNSq1BpVKFZw6r/3sh6z1Fdzd5t0//A+cP7nIE6cOc+HECeYW5mnOTSOETUUpKtUqSgmUVHiDHgLJ6bNnWel4SKcClg0CBAIbsFDDCWAZ7zyhQCmEgCm3NfwgxR0iBp2QiWX5M3JSOm/CMP6jv0u/+fepvHgW6+kv+c+q/f7XkS//DeyIn73f/wcMZv5HnHNnsV85C7015A++ivyFv4E91i7g7zL4yt9Cvfo/4HzsFazjr2CfHL61exv5+tcZfOur/mN/V79K7yt9qr/5N7GPfwT7Ffxn8d79Lu6/+x0GBzSn6n3td+i7v0vlFz6CdeEXsWQf9cFX6W9+iuqwTwDU//dVBof+Js4TZ7GePuvfudptId/9OoN/+tWDqex+i/sg9x8/njKZAD4gUUpxY/deOPkrlWS5Ps/F2ZM8P3+OI41Ffrxxmfe3b3J55xZSSSxhsVxf4JVDT/LM3BkO1WbR1tdMZCITmcgeJCDKaAWfBYxW6EEwOvbtyDN/hX+8CK8UHgpExjfDRE8f72ijt1F5Q21FbHQ9OiNp5w6wMkYg2lJjIaLXD9oWSZB1HfRV7LRhHwWXTfR9pHkiXYfHa/hPfBskmiWSduoVDAXn7FAZ+T8YJA7rOCzXvGI0qJa+Q6KgjjQz2pKoe43ujp8Rt7UVwuYdAwYd/SWpxA6F5Ir1oLuD91O9ldRp1dVanGUbAzL3CpEPru6wjBon4qfwCnVD/MS7P/7xN+hoS6LVTf24JNquXaEsb/R4SOVPEd7oOrhMTvwU/bhr54V2brMOhjf5O/JMvNF3SOTzRo83E28Sv+cl5D7xpgB/cnlTlD+G6hbmTy7QxuBNBn8K8ybBHxNv9B1aJflj4k1R/qTxRtfj8CZnR3hqvhPw5jHiz/jPIGdkx6p1cPwJtVH2zp/xn8kZdPOD5Y/5wmEFs0/Icdz4zyDX4gMTfzK4Y+BPtCVZ/El2WMoV7hd/TLzR46csb3RdkjcJKcwb3c7hjyleivCHjHhJ8Kckb7SWlOZN0fFW0Xy5bL4Txl3Q3Q+aNyLdNl1hn/Id/futeL7zMPJGs9PipLNFmsNm6cd7WwxjYdg/FsKfJFEghIVlwQCJa1lUp5qcPneefmuDna1NnEqD99/+KSePHOaJC+eQcsD2YMDAg1anTwWLdq9Hs1HF9TwcBKJW58baDv/iP3yLtV24tPEebq/DzTtN3noLLp4+wXSjzqtf/iXmFpcZ9HpYloXnucOdyhKlFAPPA6eGqxS2Y9P3JJbtR7utQFgCaaCZUooZNRh9BiOOEG5n2BVx3uT9vjP4J6/ipsVPatjexv2D38T7A81r//orvvfDj8h3Gfzj32AgAn8M3f3/fCV+4td+k/bXUpuaIrdxv/F3cb9R4NDVr9P/376efcx3/g6d78Rf6v+9z8SjLFG/r9L7X9ImZVNeXwLvD/827h9GXzxG5bd/Heijbn1zWNdvMvin33ygt2zed/Eeq9Y8FDKZAD4AUUrRly7r/R3udDYAuDBzjFcOXeRjS0+xM+jwztZ1frj2Hnc660glUUDTqXO8eYiXFp7gZHMpkpZMZCITmcjeRUlFMKMb7PCVBMmZ0Fa5+hlWoPVnAQcZWOLZd8ofeKWtGIwO4Ew7j83D8OQKYInfHN/UVuqmrRhX/qAvU3/v13C/Fx1OxK8TDFJCe/irv/ijj+P+Uay6wD/E+/v/MP5azjhX/fPTSEqIytH6sYUH8LoEftTsMju0iqyAz9GjwS6RcgM3jOxk20w7ECLvk/R36R25WcdHAnTsZ+Alm2Vor+HYsf2/1/IDvwflj+f/UjtCU+LNxJtR3xfnT+BO3xyTNyXjLeSN0u2U+CnAm9KyV96ULD/Jm+Hr4/JmLP7k82b0WY7ET6y9Jv6MOnAs3mTxJyXeRvyJ1rkEfw7Y/3stP8Gb8OtqTP6U2aEVxlmENyX4U4g3Jf2/f/zh0eRPwcub853hcQeU7xTlT1rbDiTfKRx/2bw5MP7sVbLKz+DNKN8JDt+nfCeq95jvpPJGt1UQTin+vw+8Sey4PGje6FI23gqXb+CNbuv8uS/5zkgn4qUsb1L4M57/9/p9l80fo+yVNwf2fWfgTYI/9zff2c/fdwLe+KaBP2n+3133Gx0/gWkrzQF+iUIIhGXBcFJTKJBKoZRECYEHnH7qKa5ceodnnnuBL37xVf70P3+btdV72I6gomws2wZh0RsoWmrA9k6bmmNRr9WoNBoMlMf1WzfZ2WnRl1U6/R6NapV7q6ucePocv/iFX+bw4ixPPHEW1/WoOjZy0ENJF8/t0ev16XsWfUvgSr/PFQLHtgAJSmExXPagLS4IbnkNMCU8Ir+chf0gei2CZwDrvBn7952S/EG3S+Q7j5cco/Lf/N9UTvVRd28h715FDWawzj+PtVCFne8Wm8h+REUNeg+6Co+dTCaAD0Akiq7XRyrJYnWaE0de4OLsCU5NLbPa3eLdrQ95a/MDVjobdDz/nvsNq8rz8+f4wtEXeXr+NAtV/SHfE5nIRCayRxkm44hh2huuEB2mXSKcHw6fBewfHllZOjxQCRCGFan6StTRIDK+IjV/RaxWfW1AlWonSk1ePl0HK9LDIQHBj/OhHR1J6jsgwuMzRoCFlhSnnT+UyIAqbUCpD68Sdoq78sarMW3c8TLSQY+n2jkr4HN1osJ6vOTEj3Y50w4Ao05zV/h+SrwQj4uiOyCMHtDibzSgNsSLboflp3dXbvykFF8qfow7XgzxEgnUIN7SeGP0mPEDT9wedVB6h+TwRj+7GG/06ph5o+sYf7LiZ995U5I/Jt4U5U8i3kryJ9LRY/EnjTdl+GPiTVH+FHFfeHxK/Og7O8vyJ/UDn8afQPJ4U5I/BYrP5o2uHxR/yLZHHRa3CvLHWAtDuD98/Akkjz/x3jKdbfZ/Trzo2sib4Lgx+WP2WFw/kvlOAf4Y4qUQf1I9FUgef+Ltf3C8McRPBm9CO8tje8x3Hg7eBOUa+LMvvDHETxpv9HCM9Fcifky8KcqfNN6U4c++5TumCuvxExcjb0zhqOtMtwX+z4ifYPwuonZx/hTPdwzxY+KN1r2B7D9/DLzR7UjcBBUM4s/En7j/Dbo0f+KyX/yxWveQbh/lVCMHCOq2xUxvnXbzMP7u33h9pJQgrOHd6CRCgW35d8GTQK9S5flPf4pr775Na9Dj1vpd3F6Huyu3mV6YpdlsMDMzS8VepT/osLXVwhEetapDtVGjVq0wZwtOz01xb6tLv25x+uwxXnzuKV58+gnOnz7OdLNGr7OD5dRQApTn4nl9BoMOCgspHDxshFXBsiyQw1/pROhFEBbBL3DBVKpAolBMtVepCTvZ93KA6O2S/gxgnT8lf985IP48XnKbwb/6CuJX/zr2mYvYRy/6L7st1I1vMvj93+PxfUqugskE8L7LZAL4AMTfATxg2mnwzPwZXlg4x6HaHNuDNt+4+Ro/3rgc7vz1v5QqHG8u8anDz/Irxz/K6akjk2f/TmQiE7kPoobJm7ZiU6rhjG+wUg9txeZoRV54ZwI1/CeY9JVEBliFq5McyRQ5J0sXKC60h8333zCtUNbstJXvseNLaOX3WVQHDdF3HMcqndFe/eWRHfgxeD3q7xIrxLNWgEZ6zLiCPOqBtAmmvPgp4e9cKRl/wzAJjXhtDfGS4++9PgPYFC+j5kQaFTTA+AtCgfgJws/g/0xdYIVwIn4yVwAnPtFkxk9Gu43+3wNvEpeK8aYgf0y8GYc7abwx7EiPVTrW7qL8MfGGoRsL8qfMDoQ8/pSc0I6326DLyB7j74HwR+dN8CNsgj8pvNHtUvwx8Oah4k9JmfAnyRvDjvRYpTPam8mb+8GfnDgrx58UbWrgOPGWdq0S+Y5evok3ul2KP3lxs5d8R7cPmjdF+JPKm1G8JfiTld/kyUHzBi07K8Sb4O2DzXfC7kjkO3Ftjq4Hk+9k8uexyneK8iZip/GmZL6z9/FWXCvdDg828aec/w92vJUje/R/qi5QnBh0EK1V1NzxSHl+Zy91V7nePDKci/R39/qTwdLvYyGQygYhQfgbIgQCaTvAgMbhI3z06FG279zm4tPP4LpdfvjWm3zuFz+LZdk0G1UadZudDZeOgI3tNhVHUKs5LMw2qduSV557ilZXsnz0OBeffornn38OW3l4/S7NWgVPuvR7fZTr4VQl3qCNHAzwPIsBdXpUCBZ5+JO9QecI/69U/gONh3VXKISwUFJyqHM31RGis4VwO/kcKpjv+A55wPx51OXG1+n/45zbUD+GovrdB12Fx1ImE8AHIEIIKpbDs/NnOD29zKnmMj/ZuMx/vP1DfrxxmXvdzfC2z45lcag+yxePv8xnlp/j9PQRqlblQTdhIhOZyGMoiuEzfZXw53sjK4UDDcSSNTF8YZgmavmcCOaNR6tuiedqpnzfL29kKIJrlGpQpIBgQGMqOWXHgWFHVGLnpkkHfRTVhFPkkeMNtkjX0RYUbz8FkmS9gHjBuc/AQ1sBGlkpbFohqg0z4nbuDol4zRN26fYbumMYu/EtnSnxEw5g4n4n4X+DNqxIH7khJ17CciLVjVTTtCM1vb0Z2iTGHZG+Hv8ZeJo2xU/pHRLxpuctYM9vf+TCiSX5Bfhj2oFZlD9pvInFw5i8MfAnu/0GHRMTb9IrNP4zOAvyJ3eHRLzmhXhThj8m3jwy/IlXK48/2e3P0IkThvLQ8SepozXfX/4YePNQ80fTJt7sG3/0C+wPfzLznT3xJ6mjNd9f/hTljW7n8Cf6fp428ScsMSd+yuY7KV2Qqo1XMPFHd5iBN3ocFOZNCf6Q7v5S/CkkY/Bmr+MtI2/077ugBnvLdxLd8YDynb3zRo+zHP6kNEfnjTZfWIA30XYP/3lo8p2C/NHynPs/3irAm4g25Tu5vNm38VZO/ETaORZ/Yv1t4k86b8TOCswfR3fgktrluqE4IcDfFSzCz6iIvCmVjVWt0fNcBnaVOxvb3Lj6Pp///KfxPH8HcaVepTHdpNXaYYCi3emztu5RqTgcWpgHFM88/QR2ZYpKvQ6DLtcuvcvi3BxIl621e8zPz+JMzYFjIZW/z1Ni4SrwLAslLIQQfouFSOnG6ISs36bgFtCH3Ja/2UNzhNXbAj0eDmC8VZQ/hXgzkcdD+p0HXYPHUiYTwAcgAkHDrnG0sUjX69Pxelzbvcu13bvMVac5VJtjptJgqTbLofosJ5tLvLx4kfMzxyY7fycykYncP1EKOcyH5TBhlsOBVGDHk7jkSj/9WcD6CkE/cQ6uExw3zN1U5PpBhifE2AmeIjIIM64QztmBUHZHgq6NK4RJ2kGFC/+gULATojrvWFO5Qz26TODHdHusHTIFViSnrzCN9qVml9mRpbXXtCMhOLiIv8s+A3jcZ1SFds4OhTLtHyv+TOWq7Hgh9D9DtxXz//7sCI303X7zJoU/pfy/R96ISD2y+DNqAGO3P3a5/Yq/UArEzxj+L70DK48/Om+y2j8WbzLih5L8yeSNHn8F4ier3QXaf3/jL5s3jMubkvxBi7eAN3vPdwy8yeJPKf+Pme8Mv490/oT/PTD/G44tXL6JP3v4/jmIfKdw+0d5xr7yJyteCsRfLm/S2lTgsGT7DbqsGMs38WePvMmLv4L5TsifiMfLNtzEm9j7ef7fN94EfZ0RPwfNm7Rzc8pP8iZ4/WB4ExufZ/Am/KxmjbcyP29m3sTt+5vvjOKlQPxEzX3/vikoOeUnecPQTQeT7+i/75jynbH5o/MmwR+D/7duwsmXRonJUC86UB+0GNjJxywGk7/CnwlOvO9h4ym4n6jaAAAgAElEQVSFsqs0l5Z57mOfQAmLT3/2C3huB8sS2BUbp1HDbtTo7OzSly6DQR9bbHJ4cYOKU+Xeyi22dzp0Ol36vT5zM7NMN6epVysM5ID61BRLp8/y1AvP0qhZSAVS2PQVeFYVJWyECJ7hO5oAHj3ndxTd0bZVezvMD3cG6wEp2pthn/rd/nDxZ6zPzkQeSVG99oOuwmMpkwng/RYlR/8fgtcSgppdoWY7OEKw0rpLt73OfL/Lueoci9VplusLnJs9xsmZYxyZWqZZn8OaTP5OZCITuZ8SrBYUwzQrtONakXwWMEC4ZI/RCkD/hIjNsICYHpUff1u3c+qvDaiKrshNFBe2QaXbw3/HXZGOdl5om5YUhxXUB0iaXXKAmbjayF3ZOrxc0RXBxVekBx2eaZsCwrgDLL39CdEuW3RHgO4eXwd+1+zw+PFXpBvjJzpTHNPBYTkDbFP3mrpbe8lYfDQeyIgf44rggjtiMngTHJfZoLK80aQ0b2K6KG9K8iflOFP8mLc0BJITP2V5o9tleWPkT0HeFOWPyXM/J7wxxk/+Bz5SW0h4fJ94E7yRWg0y4uV+8MbAn1T9c57vGHlTlD/7lO8kPs5F+bMPO/CCDtftmDZ+IB4F/qTEzT7lO2buBIc9AP5ARjia+FOQN5GKGflTpkEm/hSVgrzR7Vz+DP8d9w5LpnjZe75TgD8Fuiu0TfxJuWycN+w7b2L22LzJiZ+csDTxJrQz3fYwjq903gQVzukPg5jyncL8eWD5TmAaeFOUPznf92XyHbF5G9HZQDUXRh/C4QWO7V7jev05rWDwbwUdmomqIQTCruJ6ChybueXjiPoU27td5meqOF0LxxbYVQunVsNrd0HY7HZ3afY8Vu5tsnzkCEIohBrw5IXTHD50mCPLR6lWq9QbTZRl4QmLnmVRrVeRXh8JuErQVxU8qkisVA/ozzTW5ejOVf0M/9/eDnZn3Y+Dh5o/mc2byGMgyu1Pnv97n2QyAbyfoiR4ffBcn0+VOlg2UajVgQvCZlnU+RXPwd65i+XdwLEdalOHqc0coTp/Co48B9OHoTr1oFozkYlM5DEXpY8oIs/+RYj0ZwEH54I/YFIiloeFg5JxkrOchD814VNx7T972HBsXuGx8kw7JEYF+i+XWJGcpxUkdoAOV6qGdjA4Cf6ntX+k9U4QYZ3jdkSPs2JzrB14Qc1GA2YVNVWk+iX9n9BlZE/xpxJ2/OeAkZ91O93/BXdIGOMv2sfJ6qc2J9ZeQfxDbIifvezALBJ/efET25GQdEspKeLvtHPGKlA/wcSbyPsU8P/YvDHwJy9+jO3P5g3j8iaPPznxkr1DgXz/P+68yeNP4e+7AvzJbL8I2xQ5I/Qz94s3qfFn4o2ZP4VkT/436BKFp/ImJd8Zz//3iT/DdobfbwfNnzI7oFLseL4z4s/B+99QXgn+DMMkbmfxRtf7yh+062fzJ7/9BflThjeF+RNcXouXvfKmVPvTOizy2p7LN/MmfJ99znd0XYQ3ekNzeKPbpfkzFm/M+U4ifmL8oby/983/ey1/jHyHNL/fb95EGpXCl4QdSuDn4Nx94M+e851Rcx65fMfrYa1/iNdcCHkTlHtctsLbQAeTpnlz0wJ/U4SnQFkOnvSwnCpTC4sMALtiAxJLeNSqNlbFRgqbXr+P5QlEtYErLRpTM7z44ovcXbnD0cPLzM4v0Ou7rKze4/DR4ywdO4ZTraNqDt1+h4HrIRW4UuCKCtKuobCw8BcsSEO9LUugFCilwr/Lg+3h7Z/jjrB2V1Gey77zJ1LMAxlvTeTRk27rQdfgsZXJBPBeRQ5Q7U3U7j1U6x60VlGDDggQtVnE1CGYOoRozENtGstyaDh16vV5Dk0vozwXtbuK2l2Hnbtw7z1UYwG5egV16Dxi8Sxi9hiiNg2THcETmchE9lXEMD2LrwiNrtAL9PAwQIXvh+cRGc+I8JDYICGwg53E0XxPqeE8c5C8iuH7Q03k9WjdEwPu6IyJcYCVMQLRlhobn5E3PN68Qj04TbfjzUhoka7R7bTuIK1ZImmnXsFQcE6FgpWeoa2CFbNi6A7TitGgWvoOiYI60sxoS6LuNbo7fkbcjjkoGQ+JLVe6jv6SVGKHQnLFetDdwfup3krqtOpqLc6yjQGZe4WhTnNYRo0T8VN4hbohfuLdH//4G3S0JWn8MUsGf4ryRo+HsXmj6+AyOfFT9OOunRfauc06GN7k78gz8UbfIZHPGz3eTLxJ/J6XkPvEmwL8yeVNUf4YqluYP7lAG4M3GfwpzJsEf0y80XdIlOSPiTdF+ZPGG12Pw5ucHeHF851Hmz/jP4OckR2r1sHxJ9RG2Tt/xn8mZ9DND5Y/5guHFcw+Icdx4z+DXIsPTPzJ4I6BP9GWZPEn2WEpV7hf/DHxRo+fsrzRdUneJKQwb3Q7hz+meCnCHzLiJcGfkrzRWlKaN0XHW0Xz5bL5Thh3QXc/aN6IdNt0hX3Kd/Tvt+L5zsPIG83Oipe1D+DkiwnHNRw4sn2Fe/MXGN02OSqSVFFgI/AAYdkIJKfOngbHv7ZjgWULqhULx3LoDQb0Xclgt8uyp5C2w921der1CtVGjYHXRyFxGjUqgyb2VBOqVZTj4EqJJyVSSgbugIHrICo1PGGjhI0/9Zr5AQwnfoUQLG+8TzPl2b8AdmfN704Dbx6N33cm8jiImkwA3zeZTACPLQoGXVR7DXn3Z6h7l5Crl1FbN2HQAWEh6nMwdwKxcBpr/hRi/hTMHAbLgZllhBxAbRq2Z2D7NmrrJmrnLmrzBmrtCmLxLNaRZ7GOvwiLZxDTh/1J4PBe/8OaKIWUoy8oy7LC113XDYFfqVRiX2zBeZ7nIaUMj7MsC9u2sSwr5YvQXKYQIrye53mJ69m2ndurUkqk5+EN6xP9Mo5ppRCWhTX8q9dTKRW2K9o2IURYl7S2eUriDW/jbQmBLaxIOqj1AQqpVOx4CwupJBK/7mliCYElLCwhwmtLpZBK4ioPW1g4lm0sVxdXeuF5trCwtPiYyESMohSSIPnyB1AJW/kD83gyp61kjth+EhhfKeivrtWOCxN6X6vYSILECviUyhN/N7IjYXhuYPt6n3YgaDrIOkN7+Lkf7VBRRA7Tm5A/zi0rKkfnlV9YAj9qdpkdWsYVyMX1aLBLpNyg20d2sm2mHQiR98n3/552KEQCdOxn4CWbZWiv4dj9HkAVLj/we1D+eP4vtSM0Jd5MvBn1/Rj8gRF/9pk3Cf6EvDHwJ+qIh5E3JctP8mb4+ri8GYs/+bwZfZYj8RNrr4k/ow4cizdZ/EmJt9w7TOQ55YD9v9fyE7wJv67G5E+ZHRJhnEV4U4I/hXhT0v/7xx8eTf4UvLw53xked0D5TlH+pLXtQPKdwvGXzZsD489eJav8DN6M8p3g8H3Kd6J6j/lOKm90WwXhlOL/+8CbxI7Lg+aNLmXjrXD5Bt7ots6f+5LvjHQiXsryJoU/4/l/r9932fwxyl55c2DfdwbeJPhzf/Od+/L7DoTsLPP7jti8gbVxHTl/KpqwAHCyt8o9Lvg9J8Sw5GFnCYW/dSHuB4GNpSQWCmkJsC0aU3U85f+GLSyBIwQVYeHYFpVqjd1OG9e2ubm6BrbL8qDH8SOHWTy8xOz0FPVaA9Fo0lxaxqo18WwLy1a4gz6elPQGHp2ui+dUUU4NDxspLCzlEUwBm3p01DY43l2JdOZIrN1VRGs1/GyYeDP27zsl+YNul8h3JvJoi+rtgjt40NV4bGUyATyWKFASufo+8tp3ke9/G7l1C/otlFIIuwJODdXZhI2rcO27yNoM4uizWCdfxjr+ImLmGGL+NHgDcLvQ20Fu30atfeBPJt/6EfLmj5Ar72Dd+CHWuc9gn/sMYvEMOPVYbaSUtNttXNfFEoLm1BSWZdHv91lbW6PX7eI4DseOH6daHe0iHgwGtNtttra26HQ6uK5LtVJhamqK6ekZpqancJz0EBn0+/R6PTzPw3EcKtUqlUqFTqfDzs4O21tbDAYulm0xOzPL3PwcU1NTxgnloB39fp/trS1222163Z5/Ww1hYTv+pK0dmeyt1Wo0m02mpqdjk8vBxPfW1ha7rRbdbpfBwMW2Ler1OvPz8zSnpqjVappXFS23w3bff+D4lFNjutKgYjnok7EKhSslLbfDrttFKsmM06Dh1NgetOl5fVwlCVNK5Z9jCUHVqjBbmaJuV6lYfr17csDOoM1ab5u5yhSH6/M4lnnyOSqbgxbrvR2mK3VmK1NMO43ccyYyEQAlhJ/WimHSGK4Q1W19ZV9wZ+jhgSqyNnv4erhSkOEFhzo8bnjddE3cNoi+YFhEs18xym+TtcgpftgJuc/kjI4khWaHx2eMAAstKU47fyiRAVXagFIfDCTskfviOrvWI23c8TLSQY+n2jkr4HN1osJ6vOTEj3Y50w4Ao05zV/h+SrwQj4uiOyCMHtDibzSgNsSLboflp3dXbvykFF8qfsKV55ptipdIoAbxlgjguIfiujRvDB1i+HiadgAU441eHTNvdB3jT1b87DtvSvLHxJui/EnEW0n+RDp6LP6k8aYMf0y8KcqfIu4Lj0+JH31nZ1n+pH7g0/gTSB5vSvKnQPHZvNH1g+IP2faow+JWQf4Ya2EI94ePP4Hk8SfeW6azzf7PiRddG3kTHDcmf8wei+tHMt8pwB9DvBTiT6qnAsnjT7z9D443hvjJ4E1oZ3lsj/nOw8GboFwDf/aFN4b4SeONHo6R/krEj4k3RfmTxpsy/Nm3fMdUYT1+4mLkjSkcdZ3ptsD/GfETjN9F1C7On+L5jiF+TLzRujeQ/eePgTe6HYmboIJB/Jn4E/e/QZfmT1z2nT8oxOplWDgVvwAw6wiObl1mZf6JWB38zUMpm2oEw8lfiRIWHgKwqDSmsKoOqmIxkC4V26ZuV6g5NrVqFUWbnqu4t9HCReD2JbPNOovz00xNTVGp1ZFOFbvWwKpUUHiAC24P11W0+4qW6+DUZ1BWFSEtLAWgEEKS9Ztx8Nv54fVLzIhoT43Ebt0dXqsMf0r+vnNA/JnIoy2qvf2gq/BYy2QCeBxx+6itm8jrf4H33n9C3bvk7/qtNLEOXUDMHIXGrH9sdwfVWff1vfeQnU3obGKd+STW0efwkwwJ3hLW1GHU3AnU4hmoTSE/fA25ehnZb4N0we1iP/1lxNyxcBJYSslua5c33/wJa6urVCoVXnrlFQBu37rF66+/Tmtnh0OHlvgvfvWvcOjQITzPo9PpcO3qVS6/f5k7d+7Qau3Q7/VBwMLCIqdOneL5F55n6fBhGo3khOLK3bt8cOUK62vrHF4+zIkTJ3Ach2vXrnHp0iXu3L5Nt9vDcRyWlw/z5MWLXLx4kcPLy1SrVfSJYCkld1dWuHbtOpcvv0+v1/N3IQuLbrfrT1B7HlPNJs1mE9d1WV5e5szZM5y/cCFWx431dT68cYN333mH7e1tpOdRqVSRUmJZgoXFRc6dO8fZs2eZmZ3Ftm0U/hf9O5vX+cHazwB4Zu40LyycZ7E6g2PFdy97StIadHhz8wN+unmVnhzwCwsXeHL2BD9cf49b7TV23S7TToMpp44jLDYHu/S8AVXL4fT0Mk/OnOTM9DIVy2Gz1+LS9g3e2HiPizMn+fjhp5mvTCfKjYo/Ce3xk40P+NH6+zwzd4Zn509PJoAnUkKSKzURIvNZwEFypoLzh0mgn5SpUVKmwhdHK3+zahIMpvWRTH4TkrrguaYBV9CW9BXKmp228j12fAmtILFDKxzUBqsxtYaFS8Czuydp+y0ZdZvv3/1+BiepNpG2RDyQNsGUMaCJNahIrORJ2kg67/BI+fHaGuIlx997fQawKV5GzYk0KvzMprRbjNqkt5nIFcPwM/g/UxdYIZyIn8wVwIlPNJnxk9Fuo//TeIPh2ByJ86Ygf0y8GYc7abwx7EiPVTrW7qL8MfGGoRsL8qfMDoQ8/pSc0I6326DLyB7j74HwR+dN8CNsgj8pvNHtUvwx8Oah4k9JmfAnyRvDjvRYpTPam8mb+8GfnDgrx58UbWrgOPGWdq0S+Y5evok3ul2KP3lxs5d8R7cPmjdF+JPKm1G8JfiTld/kyUHzBi07K8Sb4O2DzXfC7kjkO3Ftjq4Hk+9k8uexyneK8iZip/GmZL6z9/FWXCvdDg828aec/w92vJUje/R/qi5QXGgrsO5dQR55BjV7RCtfcbp3jxWeAmUN3wjOFimTwAqB58cNIISFQlGp1EFIFNDp9bhze4XOTodqtUajVseyHIRTpedK7u4MqNBhrr5BrVGnLy2mppo0Z6awPJdarY6oQH8wwPUstnYHrO96NGYP4zozICo41vD3a0v5XlMC090ng9/dT7XvpD77V3TWETt34xzap/FW6IAHyZ+JPDKi+h3otR90NR5rmUwAlxVvgGqvI2/8EO+DP0fe/BGgEM1FrMVzWOc+g1g8h2gughCoziZq+w5q4xpy/Qpy80Nwe4j6PGr+FKI6DZYNTg3h1PxnBs+dQNRmQFio/i5qZwV5+yeofgsxdxLLqSLmToRVau22eOOHb/DepUtUKg6Lh5Zw3QFvv/02f/qfv8POzg5nz57lF//SF5ifn6fT6fDh9eu8++67XHr3Z6ytrdLebdPpdtnd3aVarXL8+HFA8exzz3Hi5Ekcx4lN2q7cucNrr73Gez+7xBNPPMHzL76AJQSXL1/hnbff5s6d2+zu7uJ5HrVanQ8/vMFuq8XLH/0oS0tLsd23g8GA9fV13n77bX7y459w48aN4U7dOSqVKpubm6zcucOt27eZmpri0KFDTE9P47ou8wsLeK5/u2nP82i321y6dIkfvfEj3n//faTn0Wg0mJmdYTAY0Ol0kfI97t27R7vd5smLF5mbm6NSraKAd7eu86+u/xmg6J74OGemjjBbmcIhPhErlb9b+M2NK/y7m9+nNehgC8Hh+hyvrV7ixxuX2ey3eHL2JKenlpl1mtzqrHG3u0nH67G8Nc/m4V0cy+J4c4mN/g7vbl/nj2/9kM2lFiemlmjO1DMngF3psdrd5rXVn/GNW68xkB5HGvOcmTqyT8E+kcdfkiuGC2mCvE1EUuTh9aLjzMQKZWLHR3M4gfZmVBeVWAHBgCZagpbw6rZhR1Ri56ZJDxuur1AfNSfHFuk61kdF2p+VUGddUSs49xl4evxEVgqbVojGq6fZxhXK6fGSsEu339AdQTCKnPgZBXrM7yT8b9CGFekjN+TES1hOpLqRapp2pKa3N0ObxLgj0tfjPwNP540hfkrvkIg3PW8Be377IxdOLMkvwB/TDsyi/EnjTSwexuSNgT/Z7TfomJh4k16h8Z/BWZA/uTsk4jUvxJsy/DHx5pHhT7xaefzJbn+GTpwwlIeOP0kdrfn+8sfAm4eaP5o28Wbf+KNfYH/4k5nv7Ik/SR2t+f7ypyhvdDuHP9H387SJP2GJOfFTNt9J6YJUbbyCiT+6wwy80eOgMG9K8Id095fiTyEZgzd7HW8ZeaN/3wU12Fu+k+iOB5Tv7J03epzl8CelOTpvtPnCAryJtnv4z0OT7xTkj5bn3P/xVgHeRLQp3yn/+05R3pTkT6SdY/En1t8m/uTwZtDBuvszvNmjCUc2bDi3+mOuHX55eF5OxYQIG6GUwhL+I/6QoPousu+ytdPmyntX2XUV0/NHaEzNsNXu0xcVhLC4tdai0+6y0R1w4Zzg+DELaduIbp9Bw8VyLDxPsrbTYbUjmF8+C9VplKjhbx7zsC3BYPicYkvrd13OrLxBw/Ts39YKltcd8Wjf+GPizfj8KcSbiTy6srv5oGvw2MtkArikqPY68vabuG/9K9TddwGFaCz4t2h+8pf8Xb31Wf85v4CQnn+bZ6+H2ryBXHkHef0vkGvvw80lrJOv+JO9Uak0wuuIQ+fx3vgD5MY1WL+K9+Yfgu1gzx0ngLbnedxdWeHy5cu4gwFnzn6fVmuH69euMT8/z9zcHItLh6g4Dt1Oh5s3bvCf/uQ/MT09zWc//3mOHj1KterfvvnKlSv8xfe+z0/feou19TXW19f5y7/0SxxeXqZSqYRV7HQ63L2zwjvvvOPfanl3F8u2OHX6NH/tr/91qpUKW1ubXL58hW9+4xv82Z/+KR9cuYICXn75ZU6eOhVea2tri3////57fvj6a+zs7PArX/4yzzzzDEeOHEEIQafT5fr1a/zLr/1LNjbWqdfr/NW/9lc5c+Ys0zPTNBsNPM9jc2OTH/7wh/zJt77F+++/z6u/8irPPf88J0+c8Cd4lWJtbY0/+da3eP0HP+B7f/7n/Fe//uu89NJLnDx1CktY7LpdbrfXUCi2+7vIyG2cdZFKsT1oc6u9yvagQ2vQxRKCnhyw0W/RGnQ4P32Uzy4/z8XZk3S9AW9uXuHP7r7Fd1be5PruXW611/hvz/8yXdlns99irbfNO5vXOdW8xPHGEg2nZsyJWm6XP7/3U97cuMJqb4u13hZttzdeYE/k51OUQg7zXzlMmOVwIBWsCA1eD1b0BTeZkWp4mxjt/SAzkyr+elyPyh9exE/+UlYEBv8t1ByIbCgyrRDO2YFQdkeCro0rhEna8QoX+EGhYCdEdW6HZevRZQL/pdtj7ZApsCI5fYVptC81u8yOLK29ph0JwcFF/F32GcDjPqMqtHN2KJRp/1jxZypXZccLof8Zuq2Y//dnR2ik7zTelJHg48vwWql2WGpB/++RNyJSjyz+jBrA2O2PXW6/4i+UAvEzhv9L78DK44/Om6z2j8WbjPihJH8yeaPHX4H4yWp3gfbf3/jL5g3j8qYkf9DiLZrv7I0/Bt5k8aeU/8fMd4bfRzp/wv8emP8NxxYu38SfPXz/HES+U7j9ozxjX/mTFS8F4i+XN2ltKnBYsv0GXVaM5Zv4s0fe5MVfwXwn5E/E42UbbuJN7P08/+8bb4K+zoifg+ZN2rk55Sd5E7x+MLxR0XjJ4E34Wc0ab2V+3sy8idv3N98ZxUuB+Ima+/59U1Byyk/yhqGbDibficVPRr4zNn903iT4k+9/sfIe1tIF5NyJRAeeosVm6xbbMyfIFuH/FiaEf92AQygcoRADF9Vz2dra5db6FnfubdKXN6k257GcKhILt9en31e02h1WWze5dW+Lo4cXOHLsMI1mnampJpVaDVdKarPzLB49g2s1QFogQCKxVYjAeP+kyOzOTU646bfVtdrrWFu3Ge0efrj5M9ZnZyKPhKjeLmqy+/e+y2QCuJQo1NaHyBuvo9avojrbiPo01ulPYJ/7LNaJX0A0D4FdST+9Oo3dmEc0F1G791Bbt+FYygOuhQXVKcTCaX81z+oVcPvItSv+M4HvvYc69TFEcwGwCJ552+t2ae3u8uH165w8dYrPfO5zHDp0CNu2aTabzMzOghDUajXOnTvL4uIhzp4/x+LiIo7j4Louc8Mdwuvr67z77rv89K2fcvr0GWZmZ2MTwOBPAHXabdbX1mjt7vKJT36CJ598kqPHjlGrVul2uywdPsydO7d5/bXXuX7tGm//9KecOHEynADe3d3lxo0bfP9732Nl5Q4nT57kyYsXOXf+PDMz/sS467o4jsNTT13k9dde5+aNG2xubnH2LExPTwOwsbbGe++9x7f/5E+4evUqc3NzPPeRj/D0008zPz+PZfm375iZmeGll1/m2tVr/OAHP+D73/seCwsLHDt+HMuykEoxkB4KiRyuqDKJv9BLMZAufW+ARGELGwuBVBJPSZpOnYXaDEcaC0il6Ho9bnfW+fadH3O1tcJ8dZq216Xj9tjst+i4Pa7v3uVH6+/z7PxZHMtmoTqdKNtTks1+i+/de5v3d27R8wZsD9p0vX5mnScykZgEK47FMM0KbTHMveIrSkc2o9cFKCUSzwQWQx09OpHsayuiwxXzhsMTog2oiq7IDbWI6mAFcIo9/HfcFelo54W2aUlxWEF9gKTZJQeYiauN3JWtw8sVXRFcfEV60OGZtikgjDvA0tufEO2yRXcE6O4RwWdl+ItGzA6PH39FujF+ojPFMR0cljPANnWvqbu1l4zFR+OBjPgxrgguuCNG4030mXjBcZkNSuzIMHdVmpTmTUwX5U1J/qQcZ4of85aGQHLipyxvdLssb4z8Kcibovwxee7nhDfG+Mn/wEdqCwmP7xNvgjdSq0FGvNwP3hj4k6oTvCnJn0c83zHypih/9infSXyci/JnH3bgBR2u2zFt/EA8CvxJiZt9ynfM3AkOewD8gYxwNPGnIG8iFTPyp0yDTPwpKgV5o9u5/Bn+O+4dlkzxsvd8pwB/CnRXaJv4k3LZOG/Yd97E7LF5kxM/OWFp4k1oZ7rtYRxf6bwJKpzTHwYx5TuF+fPA8p3ANPCmKH9yvu/HzXcst4O6/TbMn9DO9i98Yfcyb8ycwH/+b0YdpQBLIPE3RthAxbKpWi6W69Jrd9je6nBvvc3mbo+Bsum37oFwqDfqTNUbWNUG1CpIR7HZ6dP68B5Xrt+m4ijqzRqHj5/k2Rd+gdnDZ+lTQ1kVpOWAVNgIrIr/W7yl/N+4w3WHEE7mKuV/k5zfvowp6OztWwivhxDiEeKP2TUTeXRF7aw/6Cr8XEjKk80nkipK+bd/3riOvPUTVHcbUFCfxzr/WayTL/vP/jVN/gKiPotYehL76S9hHXkGrOzuF5UmYvY41qlXEAunQUnU7hpy4zpq4zq4/mSfQCAsC4RASYnrujz55JP86q/9Gl969VW+9OqrfPZzn2N6ehrHcVhYWOBjH/84H3nheY4cOUKlUkEIQaVS4dixYzz19NM8+dRFer0uH16/zgdXrtDvxXeW2o4zepavEMxMT/PpT3+aF158keXlZebm5zly9CgXL17kE5/8JCdPnaTT6XD1ygesra2G12m1Wty8cYP3Ll2i3+9z8uRJjh07Fk7+AjiOw/TMNOcvXKBaq3L9+nXefecd7t69Fx6zem+Vn771Fn/x/e/T6xBOs6EAACAASURBVPV49tlnuXDhAouLi+HkL0Cz2eSFF1/k5OlT9Hs93nrzTa5fu0a/3x9+2fu38LCEhUD4t/Mw+QeBhUAIfzWWhcARNlWrgi1sBGAJK7yGJQRz1SmO1heo21X6csBWfxdXSjpen63+LgPpcq+7xTvb1/nxxmXudJIgVCh23S632mv8ZPMDbnfWkUqy63bpeSkLCiYyEYOo4apJxWg1da72T0CpYYIZJpvBRTUbg51aoQI6+rfIOYVFaecqrU1B24fHFemr4cmFdViOCm2l22poKxW+l64DvwZ/grJ0O6IL+z9a1xyd2lZCm6gdeVO3Q33f/F/wmsbyVcKOV0Fpbc7yf0TrfR7VmLQK7ZG39WhQyT+xGBrFmoqVHbHH9n+J+EttO+H1g+4sxJc8yfN3kfgrXdjITudN8Leg/8v0udF3Bt5E/hr5E4kwE29CuyxvivAnta2k25HP7IQ3BfhDAR16twB/Mr/DgrKTvFFZdTa1NU0Xjj8Tb8z8KSR78r9Blyg8lTe6PZb/C+qy/InEyAPhT5HPTMwdSZuonfgMp+iHmD8qzY4cOL7/I7pQ/KlY+UX4Y+ZOSf4UbWuaNrYpEh+Z/Nmj7Ad/9lC4iTfofs/y/158kMebiG2MFWOEob0yKjuTP2PxRtcG3uj2QfNGlz2Vr7QqlODPgfFGiwmNL7njrdg5ozqOzZ/C33cZvNkLf/aDN2PHn4qda997D+v2O5FrjbjTFIqLK9/LvaIQAmHZeFKCZWHZDpV6g64r6Xoe7b7LTqdLz/UYDCSDgYeU4ErFbqfHxuYOm9u7tLs9djs9uq6H60mcaoVGs8GZs2f56Mc+xplzFxB2BcupgLBQ2CgRmfAV8anTYNJaCIEQAsuyePLW92kaOtHa+hBr6+b950/kzYeCPxN56ES11sO5rYncX5nsAC4qykN1tlDbt1Fbt/zbOlcaiJllrMNPIqYPF7uOEGBVEctPY8+fQtSSuztjhztVxOJZxOwxRLWJ6rdRrRXkvUuIQ+fAqfuTj8N7+tcbDX7h5Zd48uKTzMzMxCY/AarVKo7joJRKvBfIVHOKxYVFbNuh1++z224jZXw3rCUsbNtGCMGRI8s8efEitXo9ca1qrca58+dZWlrC8zy2trdpD69nWRbtdpvNzS1cz6NerzM9M4NjJ597a9s2s3NzNBpNXNdldXWVVqsF+EnTysodfvbuu7RaLc6dP2+sj2VZTE9Ps3RoiYWFBXZ2dlhbW2N7a4vFQ4fwV4kFE7aW/wWasmJKALZl+RO8/hT8cMJXULEd7OG5trCwIusset6AnUGHvnSZq0xzZvoIdbtC1+uz7XZQAvrSZaWzwZ/ffYuTzSWenj0V1kmhcKXkys5tXlv7Ga1+B6kUUil2Bx26Xt9fDVZ2Ze9Efk4liO7Ryj0LwhV60ZV6VvD+cAFs8KwRfUGsvmDWiq5cJb6AL14TSj4jRl8CGF8SG9yaelTg8P3cJaUjbXxG3vB48wr14DTdTm9O+orVyAJZ3U7rDtKalbKCMvUKhoJzKhTu2A7s6M7vzBWjQbX0HRIFdaSZ0ZZE3Wt0d/yMuB1zUDIeEluudK19AIruUEiuWA+6O3g/1VtJnVZdrcVZtjEgc68w1GkOy6hxIn4Kr1A3xE8KfzK8lYwfE39SJZs/hXijx8PYvNF1cJmc+Cn6cdfOC+3cZh0Mb/J35Jl4o++QyOeNHm8m3oS2Ue4TbwrwJ5c3RfljqG5h/uQCbQzeZPCnMG8S/DHxRt8hUZI/Jt4U5U8ab3Q9Dm9ydoQXz3cebf6M/wxyRnasWgfHn1AbZe/8Gf+ZnEE3P1j+mC8cVjD7hBzHjf8Mci0+MPEngzsG/kRbsp/jrX3lj4k3evyU5Y2uS/ImIYV5o9s5/DHFSxH+kBEvCf6U5I3WktK8KTreKpovl813wrgLuvtB80ak26Yr7FO+o3+/Fc93HkbeaHZW3EQdpRTWzR+jZo+iphbi76M4TJ/e6htcP/wyJpEo8CS2U8UTNq3dDtP1WYTTpNVusbk7oNUeMBhIBBVQoLD8e0t6EgR49OkP+rSlS0t1mGtWOHrxPJ//3Cc5dfYUdq2BtB1w/eZJIcJeUcJvWdrHzr81tb+D+dTK6xxWvZSOFlj9Fs7WTf+z8Vj9vjORR03UoItqbTzoavzcyGQCuKhID7rbqPYGqrsJ0kVMHfInZhvzYFeLX0sI/7m/1SmwzDuG/WNt//qNeag0wO1CewO1+SF4fcTwCzvQlUqFkydPsji89XOyaJH6ethMKel2O7R2dvA8FyWl/1c7zrIEtu3vOp6enmHp8BKOkwwnx/Z3HDebU/i3qh7geR6A/+WEGLWB4Y7bRBI0qptUEqUUnuchpSS4/fX62jq3bt2i3+/77bMEq/fu0e10/Inu4ZehlBLP8+h2OziVCjs7O+zutul2uwS3ybAQuErRdrusdrepWVVq2s5uV7qs9XZou13CNU/Cb4sjLOzh6ix/Ihhc6bE5aPH21jV+vHEZS1g8N3+azx95gelKk47XozXosFCdpmZVkErys+0bXN65xVp/m/nKNI5l40qP1d42b25+wBvr73O0uUhPDljvb7Pr9uh6fTzlIYQdSWMnMhGDKIUkSL78AVR4CxkhQAZJoSLvWR3B61L6A/m0Z4QIET8/OoBTsZHEcHAQZniplSf+7tAOs2O/LUINm6OC4yNawV6fiRf0QGgPf/UPyg1nAdKS0yLj3LKicnRe+YUl8KNmBwGU4v9E/ET8Pu4zidDiMBhVjlYwC0P7VRhuQeAE48nwffL9v9dn4gWBMvYz8JLNMrTXcOx+D6AKlx/4PSh/PP+XeiZeSryZeDPq+z3wh/3nTYI/IW8M/Ik64mHkTcnyk7wZvj4ub8biTz5vRp/lSPzE2mviz6gDx+JNFn9S4m3En2idS/DngP2/1/ITvAm/rsbkjynuMuMvwpsS/CnEm5L+3z/+8Gjyp+DlzfnO8LgDyneK8ietbQeS7xSOv2zeHBh/9ipZ5WfwZpTvBIfvU74T1XvMd1J5o9sqCKcU/98H3ohIPR4Ib3QpG2+FyzfwRrd1/tyXfGekE/FSljcp/BnP/3v9vsvmj1H2ypsD+74z8CbBn/ub79zX33dI4U9h/ytEaxXrwzfwnvrLqR160tvGXXuL20vPp9bQ/7naf3Tgzu4ur7/2Or/2pV9m6dAJ3r9xk522pO+B54GnBFIpv3ZS+r97WxLh+eVVbMnh+Vk+/fFX+PxnP8nhpTm6/S6iUsFD+Hf5VAqU9BcqCFDBj3cGEUJw7N6bnHC3jMdYG9cQ7fWUUMzmzdi/75TkD7pdIt+ZyKMlans1/6CJ7JtMJoCLivJQ/RaqtwP9DiiFqM0gppfBroEoeTdtq2DXCwucOqLSgEodOgLV3UbtrIDnDo8RCAQIgWNZzM3N0Wg0Mi8rpaTf79Pr9XAHbjixKj2PW7dusbKywmAwGH5JWYnvGGFZWMPXq7UqU1NT2Ck7ioUlaNQbVIfPDx49YN6XWq3G9PQ01WoVT3p0Oh1c10V/9oLrumxvbdFpd8JdvLVaDaUUg8GA7Z1tNtbX/Wch93psrK/zwZUPaDQa2La/G9eT/sSxOxiwtbVFo9Gg22hg23Y4mSyGf5SSbPZ3ub57l54cULMqYeKqAFd5bPZabPR3/Nt/RL59gt2/nvSf03u77d/G+cbuPX60fplru3c5PbXMp5ef5dPLzzHt1Gm7PXbdLsv1eaSS7AzaXNu9y+Wdm1zducMz82dwLJueHHCttcKbG1e42rrD5468gEKxurZFx+vT9QYMpOffgjojMZjIRIAhOwAxzCOHyXlgKzFc2cdoB154Agw/D8O9tgKEirzvXyAoKF2nrIAOB4mR103DBH3BsGkBsbEW5moAwYr04PhgBXHEjo4khWaHx2eMAAstKU47fyiRAVXagFLvt4QdcVNMZ9d6pI07XiLxEvZdip2zAj5XJyqc+KYiS/TiTDsAjDrNXeH7KfFCPC6K7oAwekCLv9GA2hAvuh2Wn95dufGTUnyp+AlXnmu2KV4igRrEWyKA4x6Ka+MHnrg96qD0DjF8PE07AIrxRq+OmTe6jvEnK372nTcl+WPiTVH+JOKtJH8iHT0Wf9J4U4Y/Jt4U5U8R94XHp8SPvrOzLH9SP/Bp/Akkjzcl+VOg+Gze6PpB8Ydse9Rhcasgf4y1MIT7w8efQPL4E+8t09lm/+fEi66NvAmOG5M/Zo/F9SOZ7xTgjyFeCvEn1VOB5PEn3v4HxxtD/GTwJrSzPLbHfOfh4E1QroE/+8IbQ/yk8UYPx0h/JeLHxJui/EnjTRn+7Fu+Y6qwHj9xMfLGFI66znRb4P+M+AnG7yJqF+dP8XzHED8m3mjdG8j+88fAG92OxE1QwSD+TPyJ+9+gS/MnLveXP77/7ZW3YWoR79RLxBMKv4PPumuo1bdYOZw2CSzwpItdrXFv7S4bmzv0PBiICo2FZVru22x3evQ8D4/RpKeFQiiFjf+3WhEszDT55Edf5FOfeImF+SkG/Q7SHeBU/n/23jxIjiu/7/xkZl19d6O70QcaAAE2iQZB8BgSHFIYjWY4M9LIOmiPrd2VPbsOy94Ny7Gxdjg25Ij1aP9Y/7Orf9b2H9LaIStidU1Y8o401tiiRA05Qw3JGV7gAAQJgCBBXI0G+kCf1XXm2z+ysiorK7Mys+4Gfh8G+PpVZea7fvnN36v3Xj5rcVlMT2CiWwuolLWwSGnW7+SKSl04mV45z+HciqNGqjHWrxJbv+bxHIqqPxF/3+mQ/gh7B7W5DPls8IFCy5AB4LAoBcWc9epnVRrwM+JosVTgQ6xpNK3kwJXcm8IuKrsJqlh9DIBmvea43iuATdMks7vLtevX+fTKFZaWbpPJ7GIWi5imYnNjg9u3b1PIF9B13RrYdV1PA8qvStat10H71oPjaazrBs6B3dGxUQ4dPsTE5AQbGxvcXFxke2uL/Pg4iYT14FNKkclk+Pjjj1lZWSGVSvHg/IPs3z9ZHgDO5XLkC3mUUqyvr/PJx5+wurJi7W+s6yilUKayVjMrRTabZX5+HlMpjj54lL7+/vIrsRWKIiZ3Mut8uHGN25m7JPR46bljYipFwSyyld/lVnqNvCqU3QYNyvsHb+bT/NXiu7y39jFJI852fpf9faN8dnKBz+x7iAeHZhhPDBHTDTLFHLuFDIcGJtmXHCZTzLGUWefy5i1eXz7PocEp+mNJtvMZ3lq9yLWdZYbi/Tw3eZzdQpZ3Vi6RM/NkzRx5VSBJHL+HviDYKEfHx16Ra68ENu2w9L0dd67k1ayLVJwyVLWT5urSVA3u1nyLhwcaqhD1w4BTvTpctkftPUPZFXfPQPaaiRo2VFCzQqvcqbVnY7oKZk+q8Smv++NK3CpJpboszz7yDPF6M0AdNeY7g9zZAl4DTEE6FqG9A4lof1UdL1Vj7d72EtDekVdIuOzOz14qxXEUyi6A7y8IIezHNj+f9q8bhpghXGM/dWcA19zR1LWfOuX2bf8m9KbmUlV6E1J//PSmEd3x0hufFelVma4qd1j98dMbSs0YUn+irEAI0p+IA9rV5fYJo9Ck/XVFf9x6Y/8IW6M/HnrjjkfSHx+96Sn9iYjoT63e+KxIr8p0nfLW1Zt26E+AnUXTH4/Qr4CN2JvXtSL4O+70/fTGHY+kP0F204y/4453Wm/C6I+n3lTsrUZ/6vk3QXRab3B5Z6H0xv66s/5OuTpq/J3q0N+6uuPv1NWfe8rfCas3jriX3kT0d5rvb1WHyh0vH+ynP9Hav7P9rQCabH/PMERy5biX3mig3XgPPTWEOfFgbcJKcSS/jLH8YxYnH69JwYgnWF3fYGcnjZFIcf7SZSanniM2Msr+I0eJX/qI7M0lCppOwSyiaxq6sl4EbShIGCbDyT4ePDTLgen99CVioEzMQgFdBw2TQiFHQUFRN9D1JKYqLbrAbhetOs/AgeUfczC36shrdUXr23cw1q6UNa7d/a2qBuiW/gg9idpZR6U3u52N+w4ZAA5J2RFUirLyFPOoQgZrQLiNKRfzVlpmwYqbRWswWlUUUKMis1qdB/LKygrXrl7jg/Pvs7G5iaEb7J/az+zsjDXgqmB1dRVN1/jxj39sDe7GvF8nrMIKsKrk0TCM8kCrpmkkEglmZ2b42Z/7Oc6dPcvG+gbf+973ObawxIEDB4jFYqyvr/PplSt8/PEnTE1N8fSpU5w4cYKxffs8k5uenuaJJ55gZHSUeDxmzZBSoMrtZ7uKoGk6MzPTDA0NlV+Nbe3da7A/NcrxkUPsT42WXwGtUCilSq903mEps8b5jRiZYq5cVLNkIwk9xsGBSTLFPFe2lrib2yJpxBmJD3B0cIb9qTFimkHeLLBTyLBbzDEc7+fY8EGSeowr20usZ7d5e/USp/efpGAWuZle4cONa6SMOCdGD3N0cIZ3E5fRNI2cmSdTzJEt5hkwUk31C4X7hcpMT10De69fe8ZwYEjJzLRS6JghaL2xRnOkVN/f16j0LXCHYalKQHOJVG0OalYc+KyIqlm56ReWHFr3DPVKcQLimnfoLEH48hPCSXYnUJ1w4B54tv047Kh6pmjtDNHq7LnivjOUfezFHY9cfp/qKBt1gP2UOzDV7U5N+/uEPjPSK80QYC/ldBzZdWTTb0Wqd3nrhH74roi0wsb3wHOFfvYTeYVEddGDJrAHl99x4Zop+SH0x28FZlj98dKbKntoUG989Kd++X3CKvz0xjtDje/BGVJ//PTGYcbOnIfSmyj646c3e0Z/qrMVpD/1y18nrDmhRM/pT23ozHlr9cdHb3paf1yhn960TH/cF2iN/tT1d5rSn9rQmfPW6k9YvXHHA/TH+X1Q6Kc/5RQD7Ceqv+NRBZ6h7xX89MfdYD5647aD0HoTQX/wbv5I+hOKBvSm2f6Wr964n3d2Dprzd2qqo0v+TvN647azAP3xKI5bb1zjhSH0xlnu0v96xt8JqT8uP6f9/a0QeuMI/fydQL1pWX8rwH4c5WxIf6rq209/ouuNntuGq2+jEn2okQPuhADFocIaiaU3+XT2s6AUShVRaKR3c9xYvMPObpZ9E/t57YdvMTd3gKF+A1L9jEzNkFq8zdrdDUwFulLEKKIpE6XrDKYMjkxPcGh6P8Vshju3b2EwRSIZB01H6bCb2yFr6JixGEWlEdcUKBOFRlHT0DQdQ4HSTJSmOLL4JlPFbY8KteL67jqxtSto+d3Srddu/fHTm8b1J5TeCD2PymyhtlaDDxRajgwAh8QSJ3slrKU8KrcD6TWwB2YDn14NoBQUsqj8LhSyFQfb1bFVOLXQXxWvX7vG9155hb9+9VXGx8d56umnWTh+nIMHDzI4OIimaVy9epVCIU8qmXSs7nVnyxoIDUiucixg7z9sGJVVwIZhsG98nJ/5mZ8hZsT4/ve+x1tvvsnW5iY7j2yTSCS4c+cO165dAxRPPPkkz/3Eczw4P09fXx/FYhHDMIgZMQzDGuydnpnhqVNPMz09XV5FHBVD0znQP8FT4w8x1z9Zswdw3iywmt3ko80bJPR41YprU1mrhPtjKR7bd5TNXJrdYpal3TU2cjts5HYoliYNmKjy65/zZoHBeD9HBqfZ3zfKxa0b/OD2OS5sXOfDjaus5ba4lV5laXeVhZFD/NTU40yl9tEfSxLXrYFkewC4dtdmQfDAb0ayqbBGhCuOtPIMbeXzn7HuPJ5yWJINxwxApVXHG3HwFI5OmO8M4YAVCFFXJLhD3xnC1MbtDIf+QSFkJTjDoGP90rWbs3yw3X7e8YZWyISYkew9w9RZl654lBVZrvJ6zhB2HBymvaPuAdzoHlXluPs53OL2D3UNz7C+vVBuf2r1p96MZHfY0AzlWv1pmd546E+k9m9SbzRHPurpT6UANFz+qsu1yv7KhLCfBto/8gqsIP1x60298jekN3Xsh4j6U1dv3PYXwn7qlTtE+dtrf/X1hkb1JqL+4LK31vk7PnpTT38itX+D/k7peeTWn/KfHWt/n2NDp++nP008fzrh74Quf8XPaKn+1LOXEPYXqDdeZQpxWG35fcKo+Kbvpz9N6k2Q/YX0d8r642jxqAX305uq74Pav2V6Y9d1HfvptN54nRuQfq3e2J93Rm+q+ud19KZ8r9brb9W93/z1pjreXn+nYi8h7McZbfnzJiQB6dfqDaVm6oy/E/b3nYb1x603NfoTrf3t4/XtZdTHb2DO/yRqaL9nBU+rbfpvvMrlfSfJpcYoFItcuXKDOyvrGPEURiyBphn8u3/3H/jvf/lroMfZTmfpHxohnS2Sz+fY3dwEDWLxGP2pJHMzkzx2YoHx8THicQ0KWXZ3t4jFhtBjKTQ9Rr4AmhHHMJLkcwXQFJpWsCpRM0rNrZPMbnBk5T1GVN63+rTsJsbqx2i7a1Y7OO3FoTe9rj8N3TtCT6GyO6j1O93Oxn2LDACHRdMhlrD+6TqYJuyuo9ZvQG7HWpUbdl/fKKgiKrsNmU1rwFmZoMfQ4kmqpis6fgRWeGujaZp8+OGHvPLyy6TTaZ597jm++PzzzB2co6+vrzwoa5omxaJpSX9pdpH7EW0NAFeGGVUdMbb2FzZB04iVVgA7XwOt6zp9fX3s2zfGzMwMRbNIIplgc3MT0zRJpVKcOnWKqelpxsfHGRkZIZlMls9NJBL09/fR39eHruvsptPcvXuXyYkJiDgArFClFbxhjvX2/VTpP4C4FuOp8Yc5MjjNncw6n27f5q9vn2Vh5CApI86+5BDruW3ShQyapjFgpBhNDHKgb4LP7X+UxZ0VXl/+gL++fY6BWIpMMcdwfIATI0d4bOwog7EUfUaSPiNZGQA2rVdhC0IgzhnJyopr4DkjVNdKIY7jlH2JygzA0omVeDkBK6yc40rfM17JqmdXwdWhCjsjtya5chmUd7z0/0ZnpOM6rxz3m1JczqC71K54xA5mzdUqzVU/LF8u7Izg8DPS7QqvG/cyiKoC4Jfh+rguG3ZFgLt5NPveKf2iURUvH9/4jHRf+3GOFFeF9mEBHWy/6vWrbtdHvsk77YE69uM7Izjkipg6emMfV7dAdfQmDJH1pioMqzcR9cfjOD/78V/SYBNgP1H1xh2Pqje++hNSb8Lqj1/L3Sd642s/wTe8I7dQ0+It0hv7C89sUMde2qE3PvrjGUbwdzzZ4/6Or96E1Z8W+Ts1t3NY/WnBCjy7wt3xqtD3htgL+uNhNy3yd/x1xz6sC/oDdczRT39C6o0jY776E6VAfvoTlpB6444H6k/p/42+YcnPXpr3d0LoT4jqKsf99MfjstV6Q8v1piresN4E2E+AWfrpTTlet9l6sX/l1hs7wwH14YOfvxNaf7rm79hRH70Jqz8Bz/tW+zvG1i20T16n+ODnUEOTns+bYa3A46vv8kl8hjfTY9y8tczdjR02trbZNz5OPpvj9tJt/vOf/Ve+/IXPkd7NspvJUVQa6HH6hkYwVJG+ZIypyQkee2yBow9MEzc0NPIkUzESfUmMWAz0OJqWYG0tzdxDD3Hh0yX2T00BBVCgadZ2lErT2L/yAXO7i8TQatvBro/sFvHVj9F2li1rr9EfP3+nV/XHs5jCHkBld1B3l7qdjfsaGQAOi6ajJQbRkkMQ74d8GlXIoHZWMO9cRE8Mog3PWIPDQU/1CKhCDrV+DbWzXHntc6IfrW8U9NLMH1UacCw5Q16aaO+Vu7a2xtLSEsNDQ4yMjDA5OUkqlSq//higWCySy+dRpkLTKg9L9/XMYhGUNWBqlvbW9Uq3WNpbWAM0XUfT9KpjspkMH1/+mGtXr5HP53n61NNMTU8z0N9fHgAeGhpibN8+kqVVyTaaphGLxZiYmODg4UMsLi6yvLzM5UuXOHToEH39/f51qxT5XA7dMIjFYqW6s/4zMTFRdQdSrZW+ZmmA2zrbVIq8WcAs7ROtUEylRjk0sJ/nJh/h3dWPWNxd49Xb50gaCU6OPsBqdot0IYuORl8sQcqIMxhP8cjIYY4OzfDu2kd8sHEVQ9MZivfz7MRxHhyaYTjej65p9BkJBuN9rGY2yBRzZAo5TNr5WnLhXkHZHWmsmXfOvX/rztgr93MUKOeaIcoCZJoVB9zdTfLPEAE9Gp9z6oWhUa70lKvDVZkxah9vfRxhRnJQqKBmBWhpKU05TqXT4oh6hO4K08p5ro47wkZmbDa0As/OWcUylDOqHNnvWPv7pBc6fVUTr7b7Sju7497tXz1DuXUrQPGM15Zfq5TJcUaN/TSzAjOM/QXZT9WKhNpmiUSY9vY6p6EE3Sf46Y3je0K0f8N646M/QfbjW/76ekOjehOkPwH2Un+FAsHtf6/rTZD+hH7ehdCfuuXXymVynFFuZ9qlN57256c3/voTiqba3yeMkLin3nj4O421f5v0p1TO8vOt0/oTZQWUR7za36noT+fb3ye9CPpTMpPqeD29cYct1R9c16+vP8HlD6k/UfQmtP7Yl3fZS7N6E6n8XhXm+Kzp9P31pvw9LfZ33GEYvXEXNEBv3PHI+tOQ3vj7OzX2U6U/RG/vlrV/s+k34O/g1e7t1htHoTz0pSZexm5n+9wW6E/T/k6lOHvR36lOz1t/9PUbcPmvKR55FjUyUymoIzQ0eKhwC3PjI27vxPhoNQO6zvrqGvFEjIGhAd588212NjfIZtLs5gposQRmPk8qlWRsdIBHjz3EkUNzHN0/TDJWIKaZFLImyWQ/yVQfWjyJSqTYzpgsr25y8Hg/H166Qt/AKGODCXRNgVZgML3MobVPGCuv+rUrprpCtcwmsdXLaNt3QrR/m/THUf9d6W8JPYHKbMnK3x5ABoDDohuQGkbrG0PrG0EVslDMoXbXMa+/DclhjNQQJAYrA7PNooqQ28Fc/gi1uWStMgZrEHpwEvQ49uuVTaUqrqaHMNoDsflcnlw2C0ND1hda7THb29tsrN+lUCiglLcTbJomhWIRhcI0BeDCngAAIABJREFUixSLBd9iWAPA1oCkpms1k752Mxk+/PBDLly4wG46zdzcQY4cPUIqlcJeKaxpGrqu4zUgq+s60zMzHD/+CB9f/pi1tVXOnTvH408+SX9/f3m1sJNCoUAmk2FjfZ2BgQFGRkfRNK1Ul9bqZ1OVBoE9KlRhvb7ZVNY/VQqLyiRnFiiUVkcXlUlfLMlc/yTPzzxB3izw5spFfrTyIaOJAfqNJGu5LdLFLLqm028kiesx4nqMA/3jHB2aZbpvHx9vLaJQHB2c5fjoIeYGJsqvnU4ZCYZifSyzzm4xR7qYCb2KWbjfsWbiabYQlGbmaeUfpao/r9qTVYOqGYN2f8YR4vV5OWXrPNv3s65f+dIdrwqrruCIe3WoajpYdXogrqnGvnvklY73n6Fun+aOexenHGreIe64V3XgVSytNu55BZ+EAzJkt385XpoZaqfrP2PUzpZ7hUTI0FFMZ0mczevb3NVnVMerGqjWHmqWXLlD1w0QdoVC7Yx1u7rt7z1bqzb0yq6rxPXivgYZeIVS6NVgdXJcYz+hZ6j72I9Lf6puf5/QWRJf/fEkpP4E5sBhDw3rjTu0LxNgP2Fvd9d55XhgsTqjN8Er8vz0xr1CIlhv3Pbmpzc1v+fV0Ca9CaE/gXoTVn98shtafwIFrQG9qaM/ofXGy99xnF9pf/cKiYj646c3YfXH099xhY3oTcCK8PD+zt7Wn8b3IKcSr8pW5/SnHPrSvP40vienXc3d1R//C5czWP+EgIZrfA9yl33gpz91dMdHf5wlaU9/qwX646c3bvuJqjfuMKLe1BBab9zxAP3xs5cw+kMde6nRn4h64ypJZL0J298K6y9H9XfKdmdXd7f1RvOO+12hRf6O+/kW3t/pRb1xxevZTUh/R9+8CZ+8hnn4FOb4A5XzywW1oscmBzm2X+PlD9f5zk24uQ1GDDTNxDA03j//AZOTExRNiCdS9PUPsH9ynIOzUzzzzCkWjs0Ty22QXV2ksJsmGYuhGTq6nsDU45jE2dpJ8/hnnsHUYpjEePPt9/jC6acZNTeYuXuBSZUJ1B89vUJs9RP0dGmv1fvi9x2hF1E767Lnb48gA8Bh0Qy05DDa4H60wSlUes0aAM5uU/z4VYgl0fpG0PcvQMJ/1Wkk8lnU9h3U0vuoLcdS+b4xtJGDYO9LqxSqaKJMBQZ4qaCmaSQSCVJ9KeKJBNvb29xdW2P97jqDg4PEYjGKxSIb6xt8/NFHnDt7jvRuGtM0MYvFmisWCtZgsjIVyrQGjv1WABfyeWu1sA9mscjW5iarKyusrKzwxuuvs7q6wuTkZHnP4Hg8Tv/AAMPDwwwODlatAgaYPXCAU888w9LSLc7++Cxn3j3DY489TiIeZ+7gwZrjNzY2uHH9OhcuXODhhx/miSefLOfXVKo0uGuWVvJ6Yx1rllfbKqUomkVrALg0WG9fayCe4tmJ42SKedKFLG+uXODlpfdYyW5yeGCKTCFHXI/RH0uR0GNoaOiaztHBGZ4eP8bN9AqGZnBwYJIHBw+wLzFczkfSiDMY6wNgt5BhM1/ZY1gQ6qIUquzXaqW9fyk71FppRqC9Qhjf0FYdhalKxyvLofaaMVi+nqPnoBw9CWVSyoft2XlmnupvfVYkqFJx7DiOUEGze+LZJS/HSzpYWaGicBzmLkJwPzcqKiAMSj80dnu64lFWaIWZgRoQ4rI/vxVatWXzW4Hg+J7g9m9qhYLDQBveA6+2WD7l9Tm21R2o0Onb7W6n31j7R1oR6mFvdofed8VNs/rTYr2p0Z+y3vjoj7MhelFvIqZfqzelzxvVm4b0J1hvKveyw36qyuunP5UKbEhv6umPh70FvmEiqFE63P7Npl+jN+XHVYP6E2WFRNnOHHoTQX9C6U3E9m+d/rA39Sfk5f39ndJxHfJ3wuqPV9k64u+Etr/6etMx/WmWeunX0ZuKv2Mf3iJ/xxk26e946o07rmxz8mj/NuhNzYrLTuuNm6j2Fjp9H71xx9360xZ/pxLW2EtUvfHQn8bav9nnXX398aVZvenY885Hb2r0p73+jtfvO17641VQP72xoj76E7r96+uPvrkEl/8aMtuYsycqFez+PUcpnl+Y5vkFeP2TW3xvMcvr6zA40M9WsUAmm2d4ZIxUX4qJqUkeOb7AsYcfZGp8lGRfP7H+FMnBETaWrpPfWsWIG+T0FLqeIls0MI0UozNzrO4qCrEkAyvnGTxzlcfmxrztwoW+eZPY2qdo2c1KdTejP+VyN+jvRNQf3PEI/o7QW6jNZVR6s9vZEErIAHBYNA2MONrIAfSpBdTdq6jcLph51PYdzBtnIN4HsQTa2GFrlW6jKBMKOczb5yl+8teYy5dRuxvlfGhDU+gT82ixFApQqvIKZkX1ittK9jUMw+DQoUM8/vjjXL58mUuXLvEXL77I8UeO09fXRy6XY319g/X1DWZmZ7hy5RO2t7a4dPESFy9cgIUFJiYmACgWCuRyOcori/Pe+87ar54ulgaRi4XavCWTSY4++CBXrlxhaWmJ119/nQ8++KA80KvrVt4TySTDQ8PsG9/H3MGDPPjggxw8eBBN0xgYGODwA4f50pe/TCKe4OzZs3zve69w7dpVjhw9ysTEBIlEAtM0WV9fZ3VlhZ2dHYaHK/sJm6X60zUNHR0NHdP3qaJKK4XB0HTi1rQvcmaBnFlAQyOuGxSUVd6YZjCaGOTE6GE2cttc2V5iLbvFmbWPWMlscCezTp+RIGkkiGnWCnINjYMDk3xm/CFeu/M+I4kBTo4eYSI1QtIe/Af6jCSjiUGSRoKiMkkXcnUHrgWhjGM2owZVM9Cde/2W3XCtMpfWnvGnNBwTd7XqsOy+V4flmYS+MxGpjpdwdxfcE4Y94765qJN8Ke+Be3I6e5LuFRDl4+v0AENNKfY6366QSofKy6F311dN3NVcYWaAV4W+K14qoV3jnvGAGaiBYU2G3Z1Jv86ld3J+KwB8Q6/mKn/vYS9U20XYFRC+LeCyP+8eXh0LKKfvXV2B9uORfCT78V3x4mMvDkO17a3GgKtbqDqMqDe+FRKgN+6zw+mNOzv+euMOq/Snnv20XG8i6o+f3oTVnxp7i6g/jopuSH+89CaK/vjpTVj9CdN85eM97Me9sjOq/nje8F76YxOkNxH1J0Ty9fXGHXZLf6gfr1RYdSyk/vjmwsfce09/bIL0p7q2/M72b/8Ae3GHvnpjH9eg/vi3WHW4J/2dEPrjYy+h9MezpWyC9Ke6/N3TGx/7qaM35Xi9FmvS3+kNvbHT9dGfluiNj/146Y3bHB31VWM/fnoTVn+89CaK/rTM3/HLsNt+qvHVGz9zdId1m81u/zr2Y/ffNWc8vP6E93d87MdPb1zVa9N6/fHRG3fcYTd2Bm3789Of6vb3CSPrTzXd/n1H311Hv/I6xd27FA8+CYmBuu3/E0dn+ImjGkt3N3jtssH5u1P8aDHP3KEHOHDoAKm+PmYOHGBkbBw9kWArk2egf5B4qo+haZ1tTcNQBfRYnKLSWV5dZ+bBY6jFi+xfu87/PHGNiQcmfP2fqrozc+h3rxJfu4oy81bp2qY/EX/f6ZD+CL2BymdQmyuQz3Y7K4IDGQCOgqahjcyizZxEu3EGlduB/C4Uc5grl6CYResfQy/kYOyQNQhsxMG1560vyoRiHpXbQW0uUbzyGsWLL6E2bkIhA7qBlhxEGzmANv4AxBIAGLEYY/vGmD0wSzyeIJ5I+GRfY35+ni988QvEYgYbG5u88/bbpNNpBgYGsPfEnZ6Z5ulTp9jc2GR1dZXNrU0WFxeZmZktDwAnkklGR0c5ePAg4xPjxBMJNJ+Hua4bjI2NcejQQSYnJ+nr60MpVT4+kUxy5MgDHDp0iEuXLrG0tMTSrVvEYjHKr2U2TfKllcT9/f088ugJvvzlrzAyMsLg4CDxeJzx8XE+++yz6Jr1quhz586xtrrG9evXOXjwIP39A5jKZPnOHXZ3dxkaGuL4I48wMTEJmoZSJvuSQzw8PIeh6Uz3jZHU42h4lUsjphlMpkZ4aHiObDHHZHKEmG4wkRzm6NA0BVVkLDFEwrBuM13TOTiwn2cmTS5t3uDy1iK7hSy7hSwjiQHGEoPsSw6RcAzu7k+N8ujoER7f9yCTqVE+M/4Qw/F+DIdN7UsO8dDwAbYKaWb7J0gZCfSwNifc5yjcK3KdM/Q0j9D2wExVcqDtGXmlPcOrZuTV/KAXmJ1aTzTMOfXCEMmV4yXH1s679wxlV9w9A9lrJmrYUEHNCq1yp8SejekqmHtGqk/11MatklSqq7b9Q80QrjcD1FFjvjPInS3gNcAUZD8R2juQiPZXNvFSpDq3PvYS0N7N7gHsZy+V4jgKZRfAtwcYwn5s8/Np/7phiBnCNfZTdwZwzR1NXfupU27f9m9Cb2ouVaU3IfXHT28a0R0vvfFZkV6V6apyh9UfP72h1Iwh9SfKCoQg/Yk4oF1dbp8wCk3aX1f0x6039o+wNfrjoTfueCT98dGbntKfiIj+1OqNz4r0qkzXKW9dvWmH/gTYWTT98Qj9CtiIvXldK4K/407fT2/c8Uj6E2Q3zfg77nin9SaM/njqTcXeavSnnn8TRKf1Bpd3Fkpv7K876++Uq6PG36kO/a2rO/5OXf25p/ydsHrjiHvpTUR/p/n+VnWo3PHywX76E639O9vfCqDJ9vcMQyRXjnvpTfm28NGfQhb9xnto2ysU5x5HjR+pXMwnY9Njw/ztU8P8bSCTy3NzM0dxuMBSdgdN3yK2s0pyYIadTB7TyDM8MIAqmIwP9FFcuY6+c5eUynOAIrHzF9DttAaStXrkgb6zjLFxA31ryUN/AsIm9cfP36lqgG7pj9Bx1PYaavtut7MheKApr2Wbgj/5Xcy7Vyme+Y8UP30dtXLZ+lzTIZ6yVudOHkOfexL9wZ9CHz4Q7pXQyrReKb15C3PpA4oX/hzz9ofW3r/FHCgTLTmEfvApjMf+NsaxnwbdQCnY3d3l6qefsrm5iWEYPDg/z9DQELFY7fh+JpNhc3OT20tL3Lh+nTt37mAYMUbHxtg/tZ/p6WkGBwdBwe07t9nc3ESZirm5OfbtG6N/YACAleVllpZus729xeDgIBOTk4yPjxOPx6vSKxaLpNNpbt26xcryCgMD/UzPzDA1NVU+Znt7mx+/92Pefecdrl69ysGDB5k9cIDJyQnisTimabKTTnPjxnXOvPsu77//Pvlcnp/8/Of5uZ//eZ548gmGhoaswWKl2NnZ4e7duyzdWmJtdZXNzU0KhQKGYdDX18fE5ARjY2OMjo4yODREMpkkHo+jgNXsBqvZTXRNZzjez0h8gIQeL++3W24upciZBdbz22zm0igUo4lBBuN9rGU3yRbzAAzF+xmM9dEfq6wyzpo57mQ2yBXzKCCm6SgUhqazLzlEX2kfYLAeo9linjuZdeK6wWCsn/5YsmoAeLuwy2YuTbqQJRWLl9M0ZBBYCODOrw9b7plWcdP0kj9mvwnaGXce5z5PK/3fdrBtx9p9Pc11Xftct//nNzm0bnejqkNhZaBynaCeRwvC6h6Fo0PlzqBfvEnCdKgauFxQvMafd4Y+2Wo0tPGMt7T8fikGtHeoGeJBoU1AvJEfkFtJmNvBP/fN20OI6g9rP82X352g3f7uFNusN3UnUHRAbzqpPw20f9v1puHyh0qxOuy6/rSy/A2wB/THpvX646M3Pa0/LaZL+tPM86d39Ces3rjjAe3fEvuyCbCfTutNxPRbrjfuMIS92XRMf2pS6ITeuO3PpsX6cx/oTV37cXzhe7uHpkV600n9aXP7BxLm9gh/eGv0ppP6U5UhP/1pg+6UQhVLYU4dw5w5gRrY5yi4o4Ii608EjQrIppZLY2zcxNi8gZbPhL5cULwX9acj95vQMCq7g9pag0Ku21m5b7j8L96IdLwMAEdFmajMBub1d6xB2o+/j8psglm0FFCPoQ2Mo409gH7oFPrEQ2ijc9Zq4Hg/xJLWSl5AKRPMAuTSqMwGav0Gau0TzDsXMW+8i9pZtQZ/AWIptLGDxE5+Df3oT6JPHS9nqVgskslkKBaLaJpGKpUqr571wjRNstks63fX2djYoFgs0Nffz/DwMCMjI9ZgqFLkcjmy2SymadLX10c8Fkc3rEHFXC5HPpfDNE10wyAWi5HwWAVsvyI6l8tRKBTQdZ1EIkGitEp5a2uLq1ev8hd//iKFQoHpmWlOnDjB/qkphoaGMAwDZSqyuSx319Z47733eOP113nj9Tc4trDAz3z1q3z5K19mYmICwzCqyphOp9ne2mZ7Z5t8zqrHRCLByOgog4ODpFKp2ualelah9+pf+1hqn3ilMqNVn+m+jlm67TRNczzHVGCa3vlQlQxp0c8X7l9uf2MITSuZruZ4tRalFfrKXqlvrRMuvzqpZGyVuIV1+1e/Ssk+v/rz0rEOB7ombo8Yu6hn3X4OrC1L3XBonfkO5dD2UIeyOv2wXboIYcMdencB/OLRym8n20sdanft+sUboq32F8JePAcwwrR/s6Fd/oreNFLesNYYqf1bXFobz+J1Wm8ipd8GvQmjP1Hs5x7Um0j2E5W26o2bXtIbt73hapDGyh9Zfxpo/7brTSf1J1L6HdIb8XdC+TstoSf0p4N647aPFk/QaIn+NFk6m4b1p5NESr8F+tN2vQmwnzDZC3H1buhNS8yjo3rjxn2DdVJ/SgT6O+3Rnyjt30jpzIFxzP0PY04dg+RgcAbb3f7FLMbWEvrmLfRdx2rLSOmHVdRe0h+h11C5XdhZR2XT3c7KfUfUAWB5BXRUNN1aiTv3GdhZgc0lzDsXUNltazC3mEdt3UbtbqC276Am5tEm5tEH90P/GFpqGIwECg3MAiq/i0rfhc1F6zp3r6G2llDZrdKgsl7ae3gWffpR9INPoY8cqMqSYRgMlFbmhkHXdfr6+ujr62Nmdsa7mJpGMpks74/rxjmIW7e6NI1YLOa5GhlgdWWFD89/wDtvv82JR09w8uRJjh07Rv/AQM1g8sTEBH19fRiGwfn3z5PNZNjYWPfcf1jXdQYHB63VzBHQCD98qlkFdERKf/oMvFflz3WM5r5IBMo5lueiEJnKBISqPX+1yh4elr9e2eND1yrngVb22+zBX8vvs47z36PKjrps1xEv/zhVD5ff2NyenH57BlXuz5o9XO0B83qhI0M1e5z5bnJkZzDAAY7Ywai5mt18QWH5cq49p3z3iHGEVNtPVehogLpxP/sJ3JOT+rgu607ObX81ualqNp89y8rHe9iPz55UoffI8+1Y2YcFdJj8qtevul0fBffv/PYos5vLb48qV+hnP3X2xLOPq1ugGv3xryovIutNVRhWbyLqj8dxfvYTeQ9ON1H1xh2Pqje++hNSb8Lqj1/L3Sd642s/oX/QsXHFW6Q3dX9foo69tENvfPTHM6zj73iVv4Y97u80vwdw9eUa9Xdqbuew+uOlN1H0p46/UxX63hB7QX887KZF/o6/7tiHdUF/oI45+ulPSL1xZMxXf6IUyE9/whJSb9zxQP0p/d/XbgL8HT97ad7fCaE/IaqrHPfTH4/LVusNLdebqnjDehNgPwFm6ac35XjdZuvF/pVbb+wMB9SHD37+Tmj96Zq/Y0d99Cas/gQ877vl7+g7q+if/hDzzkeYkw+hJo+i+vf5ZNArtDPYnL+j5dIY23fQt2+jp9fKuS+f7qc37rB8WT9/p1f1B6FHUNkdVHoTZOB3zyADwI2gG2ipYfQHnoN4Ct77j5jLH6F2N0CZlloWsqiNm5g7K3DzPYqxJFqiv7QKuDRwWixCYddaAZzfhXwaVciBmQfTtI4xEmijcxjzX8R4+MtoE/PWRvT3CDdu3OTcuXPk8nn2jY9zYG6ORDKJ1yCqrutMTU/z8LFjDA8Pk0wlSSQSGLruebwgCEFU7+Hh3OvX1CpxlHuPkMr5tsNZ1TkpxeumbB9fnZ2AHo1nEeqHoVGu9JSrw1XZI8g+3vo4ICRCqEBzpKtK6eKMU+m0OKIeobvC7HZ2xx2hV3t7tn+ze1TZOat0eJQzqhzZ71j7+6QXOn1VE6/uzlXa2R33bn+fPancoa/9Oeu4Nvuexakqr0b1TexjP03uURZ1T7wa+6nao6q2WSIRpr29zmkoQfcJfnrj+J4Q7d+w3vjoT5D9+Ja/vt7QqN4E6U+AvVTFHT/oid6E1J/Qz7sQ+lO3/Fq5TI4zyu3s3huzXXvi1dcbf/0JRVPt7xNGSNxTbzz8ncbav036Uypn+fnWaf0J9bzz0RvHHerWn863v096EfSnZCbV8Xp64w5bqj+4rl9ff4LLH1J/ouhNaP2xL++yl2b1JlL5vSrM8VnT6fvrTfl7WuzvuMMweuMuaIDeuOOR9achvfH3d2rsp0p/iN7eLWv/ZtNvwN/Bq93brTeOQnnoS028jN3O9rkt0J+m/Z1Kcfaiv1OdXkj9qePvaDsrxHZWMJfOo0bnMMcfQI3OlX7j98hwteF4x4P0RpnWAHR6FX1nGS27XfraT28c8fv99x2hpahCDjLbqMw2FPLdzo4QERkAbgjNetXz0BT67OOonTVIjWAufYDaXi7v2UshiypkgU3QdJQeQzNioMesB03pFdDKLFirfd2KFu9DG57BOPo59AeeRZ98CBKDoBtemdqT7O6mWV9fxywWicfiJJNJdN1/79pYLEayNEBs7z2c9BkwFgQhCOvHhvKryDUNHSr3k9eM0arfqypxHVBKoetaVYfaGaKq/T1XTioTirXS9454VVg5w1UWjw6VHeh2B6tOD8Q1U9O9QtdvxnDtjFH7NHfcuzjlUPMOcce9qgOvYmm1cc8r+CQckKHK8L/dSdRK7ayV6t1vxqjDfryyGxQ6iuksibN5KwPoPid4XaGqgWrtoWbJlTt0GXzYFQq1M9bt6ra/92yt2tAru64S14v7GmTgFUqhV4PVyXGN/YSeoe5jP166g29r1dqPS3/qL3AIqT+BOXDYQ8N64w7tywTYT9jb3XVeOR5YrM7oTfCKPD+9ca+QCNYbt7356U3N73k1tElvQuhPoN6E1R+f7IbWn0BBa0Bv6uhPaL2p0R8/vXGvkIioP356E1Z/PP0dV9iI3gSsCA/v7+xt/bHbP7r+UIlXZatz+lMOfWlefzz1xkN/au3Hrubu6o//hcsZrH9CQMPZ7R9df1z2gZ/+1NEdH/1xlqSe/tRWmMcV2qU/fnrjtp+oeuMOI+pNDaH1xh0P0B8/ewmjP9Sxlxr9iag3rpJE1puw/a2w/nJUf6dsd3Z1d1tvNO+43xVa5O+4n2/h/Z1e1BtXvJ7dtOn3HT2zBbc/xFj6EHNgHDUyixqZwRyehuSQRzsHhC60wi56ZgM9vY62exd9d91VbncFO+vQGQ3QnXvq9x2h9ShULgO5XesVz/lstzMkNIEMADdDLIU2PIsx/0W0xAAYKdTtD1DpNWtFrz0QDFZYzKGKlQ2xPbXKfuVzYhBteAZt+hH0+S+i71+A1EhHitVJdN0gFjMoFApks1my2SwDAwNV+/naKKXY3t5mdWUVgPHxcQ7OzZHq66s7aCwIgh+lGYIOB7oyM89yeE1lOcZmyRGuP9OU8ixqe4agaVrnW85h9fHODpyq6kmUnEHHDPhKjivuafW3PisSVOkcrxnjCiKvQHCFtpKX46Vf/SsrVBSOw9zVX7e/0pBDqwLCoPRDY7ejKx5lhVaYGagBYcUacKRbscNyp6imbH4zgB3fE9z+Ta1QcBiobW8Ve3KUKQr12tvr2FZ3oEKnX6s3jbR/pBWhHvbm1BscelOpe59eeVj9abHe1OhPWW989MfZEL2oNxHTr9Wb0ueN6k1D+hOsN5V72WE/VeUNuQIhqt7U0x8Pe6vojzPPEfSnw+3fbPo1elN+XDWoP1FWSJTtzKE3EfQnlN5EbP/W6Q97U39CXt7f3ykd1yF/J6z+eJWtI/5OaPurrzcd059mqZd+Hb2p+Dv24S3yd5xhk/6Op96448o2J4/2b4Pe1Ky47LTeuIlqb6HT99Ebd9ytP23xdyphjb1E1RsP/Wms/Zt93tXXH1+a1ZuOPe989KZGf9rr79T7fcepP14F9dMbK+qjP6Hbv7X+jl3/2s4K2s4KLJ7FMBKYfaOogXHoH0OlhiE1iLLfBGokKoaoTLRiDoo5tHwGrbCLlkuj5bbRstvWd86mbrv91debhn/fiag/uOMR/B0hKqpsi6pYtLY1LeStrU3zWRnwvceQAeBmMRLW/rwPfxlt5lHMG+9iLr5nvRLi7nUoZCJcTLMGlYemMI6cRj/8WfTpR629g+N9bStCN5ncP8nhBx7g/XPvc/PmTa5fu87Q4BDxeLzqOKUU+Xyec2fP8v3vf59UXx8PPfwwxxYWSPnsUywIQn0UWmnvX8qdAvtPrz2BQSt55KXjfKfuOT63z/MKfWciUh33wT1h2DPun3rAREh7Rijlsts/zpfjzp6kewUElZmjvh54qCnFXueXcHSovBx6d/eqJu5uPnczBoW+K14qoV3jnvGAGaiBoZfdVRFgPz7m6D7bN/RqrvL3HvZCtV2EnYHs2wIu+6t0qH3sxR0vp+9dXYH245F8JPvxXfHiYy8OQ7Xtrb1641MhAXrjPjuc3riz46837rBKf+rZT8v1JqL++OlNWP2psbeI+uOo6Ib0x/c554hXUV9QIutPmOYrH+9hP+6VnVH1x/OG99IfmyC9iag/IZKvrzfusFv6Q/14pcKqYyH1xzcXPubee/pjE6Q/1bXld7Z/+wfYizv01Rv7uAb1x7/FqsM96e+E0B8fewmlP54tZROkP9Xl757e+NhPHb0px+u1WJP+Tm/ojZ2uj/60RG987MdLb9zm6KivGvvx05uw+uOlN1H0p2X+jl+G3fZTja/e+JmjO6zbbHb717Efu/+uOePh9Se8v+NjP35646pem9brj4/euOMOu7EzaNufn/5Ut7+9zlxSAAAgAElEQVRPGFl/qumV33fC+js1YTGHsb0M23fqHxdCf5THYYH6EzHVWv2Jbn/ltnPFGyJMRgVBaAhNKSW3UCtQCgoZ1OYi5vpN1Pp11N2rqK1bqO0VyG2jcmnI75Ze96yBYViveU4MQmoYbXC/9W94Bn3yIbSxB9CG9oN2765uXVlZ4dLFi7z0l39JLpdncv8k8/Pz7N+/n6HhYQzDIJ/Lsb29w53lOyzevMnGxgZTU9N85jOf4dGTjyKvfxaExlj6xhCas0OEsu4npdB0h+NLtcOraY4ug2a7yxbO+9H9yiXncdaxrs/dDr5Pvhu9491S4dfhcjvYTTvSYUOv/qWjzK19WHu47KE7uM2GNv4dnnKFNNzaDRCxgxFQmrZ0sML2h0J1yJrqYPmlECFs9geWyPFWlr95PPWmk/pTp7rd+tM8fnpjZ6gL+hNxQLvlNGl/vaA/NqH0pqnyh02xm/oTEdGfWr1pmf6EsJee0x+PsJ00mV5b9CfMeR7ZbZn+hL5iC+ygYXtzF6BBOq03uHLfBb0J6+80Xx29pDdue3NXSEsKHEyUG7rO6UHxSHrTSf2JVP4O6U1L+1sBNNn+UQmlN022f7v0p3n89KeR9m82LNFt/RGEe5jL/+KNSMfLAHC7KOZR28uotY8xVz+x/t5Zhd27UMxbohdLovWNwcCENeg78RDa6AG0/vHSPr8RHqx7mJ2dHc6dO8fbb73FpUuXGB4eZmr/FBOTE8RjcTKZXdY3Nli6tcTwyDDz8/Oc/tznGB8fJxaTReyC0ChL3xgurwDWSqGO5YfpJb+s6nsqx9lx53FKUbUHMKr6+PJxjuvY2J878Zvb4auMVX6n26OunfHbvg6226F2Z9Av3iQt7lBF7nB3oENl4xlvaflDdMDb1qGyCYj34g/I7urxz31bOtTdm6HsTrBWfzqiN3UnUHRAbzqpPw20f9v1puHyh0qxOuy6/rSy/A2wB/THpvX646M3Pa0/LaZL+tPM86d39Ces3rjjAe3fEvuyCbCfTutNxPRbrjfuMIS92XRMf2pS6ITeuO3PpsX6cx/oTV37cXzhe7uHpkV600n9aXP7BxLm9gh/eGv0ppP6U5UhP/1pg+4E2p+jgvaQ/gTltpf1pyP3myDsIWQAuFdQCswCKp+BfBqV24HsFuTSoOwVwDFIDFj7BycG0RL91p4ARoyWPjR6nGKxSDqdZvHmTa5eu8b169fZ3Nggm8mgaRpGLEZ/fz8HDhzg0KFDzB44wNjYGPF4HFn9KwiNs/Qvh8qDrJpWuwIYZa30da4Qxidefkm0Y4plzatuqRwHYK8sth06rcahxnMQ2O+uD3S/tc47tM48h3Joe6hDWZ1+2C5dKzpUjjBKBz1qh8snO73UoXbXrl+8IdpqfyHsxXMAI0z7Nxva5a/VmyhE7kC7w053oP0K0K0Odaf1Joz+RLGfe1BvItlPVNqqN256SW/c9oarQRorf2T9aaD92643ndSfSOl3SG/E3wnl77SEntCfDuqN2z5aPEGjJfrTZOlsGtafThIp/RboT9v1JsB+wmQvxNW7oTctMY+O6o0b9w3WSf0pEejvtEd/orR/W/Wnq+0fkG5N+mEVtZf0RxAEGxkA7jWUAmVam2kX8yizAMpEQ0PpOugxND1mDfpqOveruCmlSKfTbG5ssrK6wvbWFtmsteG4YRik+vqYmJhgbGyMwcFBDMOQwV9BaBJ7BbDCWsmLVlGgqpW99veUvrePU5W/7R+StNKJmsN/dN6q7ru23nfu72uOi+hg15eMBhzgts1IdhfQJx6x/N3oYDfVgSKAnupguQtst79Ns13NKPZnH9baDlON/XSggx1kf/YHHfkB2U1T9hb1DgjZ/i2pWXcBfWhQb+qd3rT+RLyOu3brInoTfMNHsZ+QxS3HS8nUzU7rS11fb3z0py201P5apDed1J+I5W+5/oQofkv1xs2e0J823oGR/Z0O6E/7SltrL53WGzcttbcQehOm/dupN2H0pw5N608b9SZU8/WU3rhD9w3Qi3rTpP546U0n9cdLbzqpPy21v7B3RJj2b1Z/3AX0iUcsf9N64w7vd/0RhD2EDAALgiAIoVj6xhBQWfnr3Ou3vAK45OlVrwi2znfv8Ws7m7X7AlfSdHeHqr7zcPA0nRqHr9EuVeCcER//393h8jm8JR0uv/5F9AGuXurwhOwAddvhb3H6kTtkDXSwWtoBq7qAy+DC2E+zYdMzhJukyx3MXtCb1q2Q2At6Y6dT5/R20ot600n9qXsBP/1ps95EGtBuUn9a3P6Rk/fSGw/9abnu2OE9qz/lGq4f3+P6E1lv3GEX9Sc4g93UH0cFtVJvIpWf7uhPxOy1Wn9sohc/yOJCtn9LSuauQZ94p/XGTZPpN6w/PaE37gT99MYdb4feuO3Pr0abpMt641cdHdOfOrd7+37fccS73t8KcbogCA0hA8CCIAhCKJa+MYyG5XvZvzvomitO5XM7jlZx6zRn3Hao0cqOdXlwuORfusdz3YPHOK7r/N6N5uvgOk50xbWmHduwHSz7Y3fcuywto8MOdo2779WhanEHu26H26tD5Vv+sB2oJjvYrexABdHtDlXE9P1K28oOdiT7qROvJaT+dERv3KGjQqLYT1R6RG/a+YNekL356U3wCok26U1D+uNbw664iw63f7Ppd0RvOqk/nv5OK54/Ue3PXSGO+B7Wn8C7o4f1J7j83dSf0DXsirvocf3xG1CIkv1W649NQ3rjPqNr+mNXYIf1xk2b7a0h/fHJVqtCG7f+NK437niT+hPFfu4xvXGnH7a0e1tvXPF23gHy+84e+n1HEO4vZABYEARBCMXSvxwCzfKdKit9Ka3ELa0MLnlW9t6+9fcEtigPAru+x3E924O0VxajaR57ANvp1hKlO1f+XGu+Q9O6Dk7AhbvVoQhNNzvwrenQd3wGsDv06tD41G5b6GoHqpsdeHeIq0FsAuwn4Giv9m71gIGjNoP1pxf1ppP60/EBU1fcJzsd0586xe2I/vSU/XVTf3A1iCNex34i6407FP1pg9644xH1pyF7chfIL15NL/g7NcUPWbstoSf1xqadeuMOqTTIHtObsPoTLoPuE1pMU+lHVdgo7d8u/XEV30tvPPSnk3oTVn9aQlftz0dvavSnjS0QWX+q6UX9cdRucPPdF/rTSPt3Rn8E4X5CBoAFQRCEUNgrgMGxwrf0gVb6n/t7Dct306D8QfnYclyrxEvH27jdtXrfub+v+tyRflgH1+9a/ikEOMAtd2wjOsABM1Cb7kAFhSE6VGFrsyE63aGKlH4DHaZWdLAjdZia7IC3oEMdqcPt+KIrM4A72qGPqDfdWnHTgP60VG86qT8dbf9m02+D/oS2P3eGw8a9i1uON9D+oj+N0k39cRfYjnZYb9xhA/ZWpzZboz+dpCG9ccdbrD9R7GcP6I3b3vz0pmb8uB30hN7Y6bVTb3zsx0tv3OboyHHL9acF9udXu6HoaPtHTd99A7RBfxp+3rkLUL94vvEu6E9VbdXRn+63f7Pph7CXnutvVYe9qD9+tdkQ3dYfQdhDyACwIAiCEIrl5WUANE2jvG+v6++on3mFfp/5HeP3fZjP69HIOYIgCIIgCIIgCIIgCIIgCILQbd57/0qk4/U25UMQBEHocZqd/9PI+TLnSBAEQRAEQRAEQRAEQRAEQRDaiwwAC4IgCG0ZmI16TRkcFgRBEARBEARBEARBEARBEITmkQFgQRAEoQoZiBUEQRAEQRAEQRAEQRAEQRCEvYsMAAuCIAiByKCwIAiCIAiCIAiCIAiCIAiCIOwNZABYEAThPqdVg7sySCwIgiAIgiAIgiAIgiAIgiAI3UcGgAVBEITQtHqQVwaNBUEQBEEQBEEQBEEQBEEQBKG1yACwIAiCUMY5IBt2cNZ9XCcGdWXgWBAEQRAEQRAEQRAEQRAEQRC8kQFgQRAEQRAEQRAEQRAEQRAEQRAEQRCEewQZABYEQRB6FlnpKwiCIAiCIAiCIAiCIAiCIAjRkAFgQRAEoS4yCCsIgiAIgiAIgiAIgiAIgiAIewcZABYEQbiPkcFdQRAEQRAEQRAEQRAEQRAEQbi3iHU7A4IgCIJwL6GUwlQKZVohKGScXXCiaQAauqah6aXQ+vDewCxCMQfFPJgFK67MbudKaBRNB90APQZGHIyEFb8HEL2+P7iXNVdsuJZ7ub0FQRAEQRAEQRCiIAPAgiAIAmD9iBj2BzL72LDnRLn2XqVomphFs/QDrCD4Y5mIoqgUlMZFdU1DN3QMfQ+/nCWfhnzGGvgV7h2UCUXTatf8rvWZEYd4CuL93c1bg4he31/ci5orNuzPvdjegiAIgiAIgiAIjSADwIIgCEJHudcGg4tFk6JZvO9X3AjNYSqFWShS1IoYuoFh7KEfqXNpyO3IKt/7iWLe+pfdgcQAJPbGQLDotWCzVzVXbLgx9mp7C4IgCIIgCIIgNIMMAAuCINyn3GsDsZ3GVIpCoSj7KAstRSkoFIsUTZNYzEDv5Xu0mIfslqz4vZ9RpmUDhQwkh6yVwT2I6LXgx17RXLHh1rBX2lsQBEEQBEEQBKEVyNRXQRAEQYhIsWiSzxfkh1ihbSilyOcLFIs9uqo2l4b0mgz+ChbFvGUPuXS3c1KD6LUQhl7WXLHh1tPL7S0IgiAIgiAIgtAqZABYEARBqKFbPzLuhR83C8UihWKx29kQ7hN60t6y29aqT0Fwk92y7KNH6Mn7R+hpes1mei0/9xpSv4IgCIIgCIIg3MvIALAgCIIghKRQLMpqEaHjFItm7/xAnd229vsVBD9yOz0xCCx6LTRKr2iu2HBn6JX2FgRBEARBEARBaDUyACwIgiDsiZW33aZYNOWHWKFr9IT95dIy+CuEI7fT1ddB98T9Iuxpum1D3U7/fkPqWxAEQRAEQRCEexEZABYEQRBCcT8PEptKyeoQoesUikXMbt2Hxby89lmIRnarK3tEi14LraJbmis23B26+owVBEEQBEEQBEFoAzIALAiCILSNe2XQuFCQH2KF3qBrtiiDv0IjdMFuRK+FVtINexIb7h5S94IgCIIgCIIg3EvIALAgCIIg1KFYNO+ZgWxh76OU6vxrKnPprqzkFO4BivmOvgpa9FpoNZ3WXLHh7tKVZ6wgCIIgCIIgCEKbkAFgQRAEQahD0ZTVIEJv0XGblH1/hWbooP2IXgvtoJN2JTbcfaQNBEEQBEEQBEG4V5ABYEEQBEHwoWiayEIcoddQyrLNjpBPg5LVUEITKNOyozYjei20i05prthwb9DRZ6wgCIIgCIIgCEIbkQFgQRAEQfDBlNcACj1Kx2wzn+lMOsK9TQfsSPRaaCedsC+x4d5B2kIQBEEQBEEQhHsBGQAWBEEQBA+UUpiyFEfoUUyl2r9PpFmUvX+F1lDMW/bUJkSvhXbTbs0VG+4tOvKMFQRBEARBEARBaDMyACwIgiAIHsgPsUKv03YbLebae33h/qKN9iR6LXSCdtqZ2HDvIW0iCIIgCIIgCMJeRwaABUEQBMEDZcoPf0Jv03YbldW/Qitpoz2JXgudoJ12Jjbce0ibCIIgCIIgCIKw15EBYEEQBEHwQFZ+CL1O223ULLT3+sL9RRvtSfRa6ASyAvj+QtpEEARBEARBEIS9jgwAC4IgCFU49zy7v/c/u5/LLuwNOrAHsCC0irbak+i10AnaaWdiw72HtIkgCIIgCIIgCHubWLczIAiCIAi9SFvGvgvLXHj3Q85+ssF6rjQYEksxcXCOZ588zuyg0YZEK6RvnOHld26wuFGEwTm+djLNt95Ys/7+2tNMtDX1NlBIs5XJg9HPUF+827npOG2fn6HM1l3r26fgQp3vf/JF+Inx1qUXxKXfgT/5Lfhbb8HDnUu2ZXz7FFz4Ivyj3wC/aivkIJuF2BAkO5o7b1ppT+5Lt/VeWOTVP36TC7v9PPnCT3NqJMq5F/nO737IYhiNXX2bb/6XG2zNHOd/+sqx+tfzvUiKEz/3VU538Fbio1f592+sMfvc3+TnH+pgul2gnXbW2mvXsRPNoH9sgic/9wwnRtvrc+x17us5kIIgCIIgCIIg3BPIALAgCIIgdILls3zru5+wkoP+fSMsHJhmPLbD7RsrXPn0Mt/59AYnfuarnN7fpvRXz/DtV66yFe/n0MIsB0dGSU7D6WcmIbGP4TYl2xo2uPDG+3y6O8Rjzz/GrP3xlbf55htrUHfAROgdTsEX/gEMeXw16fWh0BSf/L41yL3wO/DCyfDnnfl9uDkEX3wBBtqXvT3DlSt8tAuQ5uIHi5x6bjbojPaTHOHJx6fpr/kizoTcSoJNjZ3kWb2+xCdLt3ntz15i6298lWc7OVmgARbPvsbZlTgPPPMMC4Pdzo0gCIIgCIIgCMLeQgaABUEQhEgopdA0rdvZ2FuoT3jpu5+wkk+x8Pzn+fxc5efYEyeBwiJvvbrI1GT7srB4cZEtZXDks1/iK0cqq35OLLQvzdaRY/XWMte2izwAlQHg6aPWAPbQdBfzJoRnEOZP+a9YFVrLzBfhF07C6APRzrv2b6zVxc/JADBs8Na5ZYpaiqGBDFtXrnD52Vnmu/0IjA9xZOH43ntrg9BZvOxk4TGevvgK3/zRBhcu3uDZn5jrVu5CsXl7mWu3Ugw9DsgAsCAIgiAIgiAIQiRkD2BBEARBaDNbP77MlRz0P/ho1eBvmdgsp55/mkNtHFTY3MkDcfqH76FXPg7NcWLhOCcORHonawv4lD/5P3+bP7iYjnBOmvPf+m3+t//yadtyJQhVDB2BR07BrCwJbZili1xcB+Pgw7ywMAKFZc5/mOl2rgShKfonhugHcjs73c6KIAiCIAiCIAiC0EZkBbAgCIIgtJUMV26lgRRHHgq/0qZqv17A6BviyGNP8vyxfZWD7L0XP/slTmy8zWsXN0groG+Ihaef4/NH+svH2Hk5/1/+lPPuxKpeoVxk69oZXv7RLW7vFkGLMzF/jK/sW+SbP1pjaOE0v/zMJP57W9Z+fuGlP+XVW/s4/bVZVr93kY/u5uk/dppffmYfW0sf8tbbN7hyN0NRAUacqYce5SvPHKYfWHnzRb51wR5wWePV3/1TXgVrv8l91p6ZlPNk5X/94pu8fHaFld1S3Y3s47GnnuaUY/C9kqfDrP/gfc7fyQPQv2+WZ7/0DPN99VrnAb76C/v5V7//h/zB1/8uf++Yx6B+dWty/lt/yG9f2M/f/+cRV2Peb9h78/7Cy/Dpb8D5F8GchaO/Cr/4VVh+Eb7zO7BxBWKn4Qu/Bk/Za8JX4be/Cvwr+KUD8Kf/Nyydg9hJOP6r8NOngj3fD/4YXv1j6/rMwvQL8KWvw1wCzEX49y/A1q/AP/1VSDhPXIT/5wXI/FP4X75uTbG88Qp89/esPDALc78Cf9O1qtbcgr/6LTj/MuRWIfFV+MKvwpMteM3w6ovw279evb+yuQUv/hu4+INSeqfg2N+DL52Gq6W6B+AV+O1T1p+d3p+5Zyhy+cJt0sRZOHaU/uk8s+9ssHjhfVYe8djPd/cqb/3gQ84uWVpmjEzy7E/5rNFdv8jLP7jM5bW8tSfr5Ayff7TF2S8/Hz7PkZtv8sObVr7698/x+Z96monVt3npjYrOT518mheemCqdvMxr33qN88zxwvNDnPn+Ja5tFEEzGD0wz/OfP85E3XspQIfVDV79T29zITPCs//tF3nMdS+9+sdvciE/yfO/fJp5rfZ52L9vlme/8BTzg44JTWqN8z84w5lrW6SLgJFi9rHH+NmTs9xD055aQ84kCxiJeNXHgfW8aj9zn+NnRy7zl+8ss14AYv0c+syTfGVhsqquo/oxC2tv8sNPtkj3zfG1k2m+5eG7lH0Qtcb5V97mrVtpckXAMBidOcJPPfcoU3Wf34IgCIIgCIIgCPcPsgJYEARBENrKCuubAP2Mh3zFc/qjV/mjl6+ymElyaGGe0ydnGdO2uPyjV/nmO8s1x6+ffZWXbhgceeIYpxZG6M9sceEHP+CtDUqvST7G/ChAnNmTxzj9TOnfyZHqMSwg/dFr/H/fu8HtTJzZhXlOPzqJcet9vn12q6lagC3O/Pn7XNg0GJueZKIvD7lLvPzSZa7sxjlwbJ7TzxxlftDk9oUzfLtUzuEj85x+5jCzSYB+5kt5f8zzrc9Fbr/5En/0o9usGIMsnDzGqYVJhnbXOPPyd3nxE/fKvS3O/PkZrhlTnHpmnhPTcdJri7z80lnWA0rTd+IX+fX/bh/v/e4fBqwEtgZ/f+uDffz9f/6LPJEKW1/3KDtb3v9M13F/9S9g9TH4uX8NDxyAT34d/tNvwH/8z9Zg8PO/BvHX4K++Ae5F1eZZ+L3fgvH/Bn7hN2B/Cs79E/i9V+rn7fVfhz/7DWtg+fnfhJ/8Jdj4LfiDfwyXc6DPwlMvgPk78GPX/fDJy7ABnH7B8q4v/w78wa/B1lHrWs9/He7+FvyH34GcfdIq/L+/BGdeg6P/DH7hX8PRLPzlr8APVxut4Trk4E9+Cc69VUnvoQfgw38Gr1wsvTL6N0vvWD8FX/hNK/7QfbqCOHeJ89eL0DfJ/AygzbNw0IDtW5y5Uqw+Vt3mtRfPcOZWhuS+WZ58Zp6FoR3e+otLrLivu3uR77z4IZfXTEbn5jh16jCH1Aov/eAWod8pYJpsbW/U/kvXrk5eOfMGb22P8NipeRbG46Tv3OCll77Lt1+5TXb6MKdPTjEaz3P77Ju8dNVVLnON7//FZTaHZjj1zFHmR3TWb1zkW392prZcZULosDbHY/P9oDa4cH6j+vTSnsujxx9lXoPcJ5Xn4fzJY5w+OUViZ5GXv/Mal8v30jI//NNXee3KFsb+OUvP98PimTf5I49n5n2Dh52s3HyfF19bJEechx4+XD40XD1bFJd+zJ++t8Pw/LxlP0aaa2++VlXXjfgxL19Ow8gIh/alKPr4LqeODAEZzv7Fq7x2I03Sbu+ZfnI3L/OdNz9pT10KgiAIgiAIgiDsQWQFsCAIgiC0lR02s1GOX+Tt99bIaUM8+4tf4rHSSpYTT5RWTH3wPmdPVq+YShtTvPC3nmZKAzjOQV7kWxfSLN7IwIk5TiyAcf0il9cNxg4d54S9mG91h7PnNirjUeW0+3nyF3+aUyN22rd57U/eqF05HIk8hdHjfP0rx6isl53i+b85x9BQZYDpxLFBit88y5VrN1h/apLRyXlOTC6z/sFVFrMpZheOU9622D1GlrvEDy9moG+Wn/9bzzBbeqX2kyff59v/6TLX3jnL4tFnKnsIk8c49By//NnSqreFKfjWa5xfX+ZaDkbdo+Mu+k58jf/j736L//13/xD+B6+VwJXB33/0v35NBn95Bb7pNQj7RfhHv1G9N/DMP4BfKq1AXZiAf/t1uPEy/I3/DCdLDTOyZa1Y/WQRHnCsmL3rOu6R0/DtfwwX/i84fxpOeDRs7i147UUY+Qb8SmkQl1Pw1DH4t/8E/urPYf4FePxn4Hvfhh+/Bqe+ap8MZ34f9F+Bx4eARWtVb/JX4H/8VUiWrrUwAb/5a3Dul+CpITj/R3BnFX7i2/CTs5W8xr8OP/xzePbrjVWzLxfh8ioc+tfwwulKel/9h7A7DkPAI0fgI2BR9mteP3+d2wpG54+VNMNgfmGKH15b5MrFS+SOHC9PoNl6/33Ob0H//NN83d5TdeFRnjz/XX7/nerJAtfevsRiDqae+hIvnChpxsIJ5l9/ke9cdg3A+pFe5KVvLdZ+XvNGBsiNHObrP/uopbvH+sl+8yxX1rfof+qny+mfGLRWYd68eQsOO95UkU6TdBzHwjyzL32XV29d5bUPjvPCIx6iFlaHTxxk6v2L3L7yEStP2nnOcPbiMkVthIUTI8AiP3xnjVxshNO/+EVO2M/Do2f4o29f5d0PNph/YoTcB+9zdguGjjn1/DhT3/uvvHzxEleemuRIuJq9t/Czk+QQJ55/jtMz9nrdcPVcvuyGwbN/x+GfLFzkO9/+kMWyf9KAH1Mc4vN/5/MsOFbvTvn5Llzk2h1gfJ4XvlKy7YVHOV1YZmU35Ew7QRAEQRAEQRCE+wBZASwIgiAIbWWA4WSEw1cXubkLTM2VfzQFQJvj2KEUqA0Wb1SfMnT4cGnw12JizPqxPr0TcdVuOe3D5cFfK+0pThxudvQyxUNPOAd/AYyqwV9yW2ztGCQTgCpSiJrE1WVuK+g/dLg86ABA33Hmp4DdNa5VLe1NceTYlCM+yfgQQJ6tkFVnDQJ7rQSWwd9aHKtKq/79Q2vw0cnBo5W/9QkYBHihevB2vDRouuWeCeA6jgScegFYhStXvLP26TlrFfKJU9XecfIUzAMbb8NdrFcmP3Xaer3y/8/enYdHed2HHv/OohWEQIAEYgeBsAU2wsYL2DjGsbHjNYnX1E1jN2lull73xknTe5ukt03bm97afZrcLLdJ6rSOYye2b2y8mwQTYwMGzA5GMgLMJkCAQAgktIx0/xhJaEUSaDSS+H6eR2jmnfOec953Du+M5je/c0oaypQvjwZW8xZEp4U+VhjNBh53CdQ2y3IOToRhwL6GlOVdi4DrYUJay2zoMfOgalPbLzict4kwdjjsew427oLGL6aEh7c9/xe6+p2s2VYBTYHIBqNyyU0HSvaysVni6v6D5bQ3zX/qxWNpOZn3YfYejgDp5Fzc/GoYIntqFp1NJt8kKZ38K5rN5tD4M2scQ1oVTctsVm8gjdRk2rafkUoa7a0J27qfqUyfkUUicOhgqxeiRl29DidOY86UBDh5iA8ONpQp20ZBCYTGTYgGB48fir4mZYxkfKRZJmsog1GpcPxwdMc9B8uAZMaMTm6W7XqSrOGDobac4lgk1PcHLcbJZMYPBgKpTJ93NfOaLYnQ1fPcpPX7k5RcZo9POPP+5Bzex6ROym0R/D27UWQNBUp3s2zzPo5URpdwIDySEV7LJEmSJKmJGcCSJLPQaRcAACAASURBVMXUCIYOAQ5XcPQw0FlySk0dEYBA24dCDdtqWyWJpQ3poYyXs7Q9dEgq0HZ60a5rZwrs+nJ2rXmf5UVlVLSO9g7ufguRmoZ1BgOtv98Wajp3kRbnLpWhQ7vfTmttM4Ex+NuubmSVZrRXKKlrX11Mz25bLqnhWxiR6jbFAahpiPiH2vm2RhCg6sw01XPuhDV/Ce8XwidyYe0iYB5c3rCOdtWJ6O+iv4AfttNWcD+QC5VH6TgrmmgAuEczcNPg7p/AS9+HN+6FN4DEeZD3R7CgC+sjX0Cqt+1mVy0wcjjjq8sobzZssjKToayCwg+KmXN1NlATXYMU2o67NtfSmoZr0JlrUpMgXV+rNiGNSdMvarsOcTvaf31op/32pAxiWOtyiUGSgOpI+9nKXb8Oh8jOy2Zo0W62F+xk/qjJFH9QzHESmD694Qsgp2uir0klRTzz26K2jQXLOUINFdUApyn4w1IK2unTsVIuzGz2VuMkb3ISrzy/jYJl75N593ymN35PpkvnmaZ6UtPaRlkTwyGgJvr+5BzexwzNyGpbuEPpzLkxn+q3t7B1/fvsWQ+EEhgxfjLzr+5sfWpJkiRJunD455EkSTGVzKSxabx3uJxd2/cxb+TYsxdPCEaDAPVtH4o0bAt3OUrQTWdp+/iJLq5O2c6+HSnfsprfFZTD4Azypo5kaALAaXZt3E07k1Z2KpQQPTGR+tYLykaazl0oRucuJe9TfPve3/LdJ5/m6BT4sDiDzz1i8Dcuyoqjwdrm8aeqhnTXUAfzeic0BDQi7czXXgctgs9p8yBnOGx9C24ANiyHnB9DZmNdDUHk7L+Eyya2rS95MpAYzRZmDnzsofYzcEd3cHznI2kS3POvUFcNZfth43Ow6stQ/mP49JwYNNgflbFxe0N67+GdPPvb9tcUrSgqZNNl2VySmEBi43Wl9aWnzfUwoeEa1HBNah4gq4MuTgDdeypPcayelpm81XXR5PEOLqbdug6nX8T0zN28t3c3myrh0K4ayMzlqsY13htfk4ZmMW9aO9/WScxgCAkcCUF0ndjJTGonizSt3TXjL0CJuVyVs4vfFpTy/tpipl/dkJ/epfN8RkU7U2RUN0R0wyF6531MygTm3TyBefWnqTh2hF2FhazZXshvT8Hnbj4zPbskSZIkXcgMAEuSFGNpM3KZXvA+BUUb+d3oDG6c1Gqiz9rDrF+5j6xr88kens2YlH0UHNrHpsrcM9Mn1u+jcM9pCKST3UkM+Zw1tb2bNWW5Z6aBrj/E1t2ts3+HMiwVik9VcKQeRjQECCo+LOZQF5urapi2MXvmfOZNbdhYuYWiNUBCy7LRrKEaKiuBjqaJnDCSrPdKObRnN8VXZJ0JWlRuo+gQkJLB+B7I+O3IkEs/xbd5ie+9Dp975A4udyrKOFkEW//0zBrAAJsWAcNhUgcrgU6cGQ3wbl0D8+48E+ytWgNFQPrl0embAUiE/Aeh6PvwdDFU5UJ+s+Dp8EsgHThWBdNbTSndPCaW8zAULILwdLi41WCpJQbv0qujfRqWBsFEGDYJPvanUPQcHG72lYvQcOAkVPZ0+/3EwUIKy4DBI5lzcUa7gaTyj4rYVFJGwdYyLslPZ/KYdJYdKGP7BzuZd92Z6csrPtjX6sssI5k0OoGt28vYurGMvKZ1VSMUbz9EF79m04vKKPqggrzGNYCJsOvDQ1QDWaM6eCHq1nU4mUtyR7Km5DBb3/iQ8toQk3KnnTnnja9JFXWk5l7EpOaB6PoaIiQQgqbzXxHIJm968/ULIFJbQ8i/eJuMmDWJ7KJtFDd9gYEun+cmbd6f7GTrnpoz708Se+59TLjhCxNVlRHO5Mif5nhpDUMz0iCQTGrGWPKuTuL4geVsLY9mK2d3WKMkSZIkXTj8c1iSpFgLjGX+jcc59kYRu95ZzFNb0xk/ZhTDU2o4uvcwew6WU1GfQF5uPtmZ2Vw+K4OdK0t576XFFE/KZlxCBUW7ijlUCWl5M6If2MbEmbbXv/QGh3LHMqmh7fJIAlDTrGwWk8YksHV7Ke+9tprKKWlw4iBbC8u6nMU2IiuNxILTFK9bzFsnxzGsppTtu49T0SYzaCTTJ6WyaVM5a15fTu3FGQwbPomc1jOMJk7jqtzdLCoo5pUXljJ90ijSakrZvuswx+tDjL/skph/KDzk0jv4x0tj3Ei/dRKK1tDuNwRGXgoje2hgp82Bt/8Cdt8Bk5Ng7XNQvBkyvwsXddBG4hyYdzO88/fwxEdw6VyoKYR1T0HdTPj4LS3LT14A6d+Hkjcg/VswufmD2bDgS/DC9+HHH8Hs62EosO/9aNbw/KfgsjS46E5YvQh+/yDsfBjysuFUMXy4FI5eDl99sJMpr4vhD09Be2uMX/5gmy9RUL4cfvpPMPIWmH55tE/bF0Wnmp7e7ABmPAhbvw8vfh+unQsjp0P2hfJthghFBYeoIMSk/KvIn9RBmuKECIeeL+JQUSHF+VeQfdHF5BWuZOvuTfzHS4fIm5ZGdXEx2w9XkQg0n3g8e1YO2bu3UbxpKc8cHsv0cYmU7ypme1kdIbqYBVxTzq6Cbe38V0pgxOQcsnrqNSIpmYotS3n2UBZTsxM59uFeio5HIG0sV13UwfQG3b0OT5rE1PcPU1B+GlKyyWtxzhtfkw7zu2cXM35SNuOGwPHDh9mzp4xQ3vXcOyudxMbzv2kpzxzIJmdSGqmV5ezaf5jik0O58b55LYOaF7KmLOAyNq0t5pKrs+nqeW6qYnAN65ren5Sz9cNDHK+GtOkXN7w/6bn3MTlTRvLuvsMULf8D4YuzGZ6RTd7gnSx+ZTflaelMGjOSrCFwfO8+tp6E0Oj0Lk2NLkmSJEkXAgPAkiT1hqEzuPPuLArWbWPTzjIKNhdGt4eTGTFmAvPmzGBSQ4wldep87k1Zz1tr97GnoIg9QCgljZwr81mQmxHTbqZOncenQ2v53dpDFBcUURxIICs3nzvTd/PMqlJCiWc+tc2+6mrmVb7Pe/uLWXMUQmkZzL4xl/2LC7s2hfOEq7jryvdYvPYwRZsLIZxKztUzSFq/nq2tig6ddQ0LKlfy3s7DrF99mLTpI8iZ0rrCEFlX3Mi96at5a9ORpnMcSs8gf97lzBnrfMzxtQb+sKb9h659A0b20CKdifPgnjHw/74LW3dBeCZM/1e4dd7ZA6pzvwtDL4Flz8FbTwHZMOpeuOtBGNs6WpENedfDiqVw2YK2dU17GB7Khdd/Bcv/Ipr5m3I95H0LLm34jx7Mhj95DpY9AZuegJ3FEJwEmTfDXXd2Yb3jQigqbP+haQ+2XfM07Xq47QisfB3eeerMucp/Aj4+80y5iQ/CzdXw9iJ44ymY/gTcOZMLQtkm1u2JQPoE5nQU/AVIuYg5U3bzStEhtu6KkD0pi3m3z2PosvW8t/8Q61cfIpQ+kqsWTmDXS9taXg9TcrnttmSWv7uFgoP7WHMwROrI0dx4DSx/ax9tJ9dtR1UZ61eXtfNAMnkjc8jqqfVuE0awYEEa65d+yJp9EQiEGDo6h2uun0FWhwHV7l6Hs8kdn0xB4WmG5uS2+ZJO6tT53Ju+hWUrd7G/sIg99URfN8fnMn9GQ1AykMW8u+aT9d5G3ttVzPrDQCBE4pB08udeYvC3lRGzJpBVWMihom1smpXNJSldPM8Nksbkc0t6Ea+/X8SeCBBOJTt/BrfMPLOOb4+9j5lwFbdctpy3N5ZSsL4QRgfJu3EGC644zbItRygqKKMIomsAT7qIBdfkOv2zJEmSJDUI1NfXd2O1PknSQHHo0CECgQCBQPST0a7e7urjjc62rfXtrtzvbHtHulu+qrqm80IDUX30Q/6WIhSveINXimD6jbcyPxZrk+qcJCW2TvPsQeVdncy7rzgKP78Z+C58/uYYt1UO/7kAjj0C/7WzTF01ScvqvMw5uGCv1zFzmOW/Xc5WxvKpT10e44zKMtYsWsr6UyNZ8MA8cvp4sDZW19x+MYaPvs8zr+6D6fN44IqR8e5Nr4jpa6wkSZIkddOGLbu6Vd4MYEmS1CBC8co3eGVXiKzR6YwYOZShCTUc3VVMweEaGDqZSwz+SrBzERwErlxg8Fc6H7u2sKkMUqdO6vPBX0mSJEmS+hMDwJIktSMQgAtvjowQ2VdcwfzwNjbtPMLWfQ0ZoOHkpqkVh8a3g2qmm0nt59BAEOrrYtxIf1QNa58C7oTLYr2q9AASiF2k/MK8Xg8EFWwqOEyEVHIv7vv/l2J5zXUM9z0xf42VJEmSpBhzCmhJukA5BfTZVdfU4kuk+rJAIEBiQgy/y1dRCpF+MC2p+odQAqTGZg1zr9fqDbG85jqG+56Yv8ZKkiRJUjd1dwpoJ62TJKkdQVM/1MfFfIwG/eBbPSiG48nrtXpDLMeZY7jv8TmRJEmS1N8ZAJYkqR2BoB/8qW+L+RgNJcS2fl1YYjievF6rN8RynDmG+x6fE0mSJEn9nQFgSZLaYeaH+rqYj9FQYmzr14UlhuPJ67V6gxnAFxafE0mSJEn9nQFgSZLaEQgE/PBPfVaw2drbsWskZBawekYoITqeYsTrtWIt1tdcx3Df0iuvsZIkSZIUYwaAJUnqQDDky6T6pl4bmwnJvdOOBrZeGEderxVLvTG+HMN9h8+FJEmSpIHAv2wkSepAKBjEBBD1NYFAdGz2ioRUCPh2UechEIyOoxjzeq1Y6a1rrmO4b+jV11hJkiRJiiH/spEk6SxCMZy2VDoXvT4mEwf1bnsaWHpx/Hi9Viz05rhyDMefz4EkSZKkgcIAsCRJZxEKBV0HTn1GIBAg1NtTUyamuhawzk0oITp+eqs5r9fqYb19zXUMx1dcXmMlSZIkKUb860aSpE6Ew2aDqG+I21hMSotPu+rf4jBuvF6rJ8VjPDmG48dzL0mSJGkgMQAsSVIngoEA4ZAfCiq+wqEQwXhlhoUSDAKre5LS4pI57vVaPSVe11zHcHzE9TVWkiRJkmLAALAkSV0QCgWdFlBx0yfGX2Kq6wGraxIH9erUz631if8v6tfiPYbi3f6FxvMtSZIkaSDyrxxJkrooHAr5AaF6XSgU7DvZYEmDDQLr7BIHRcdJnHm91rnqK9dcx3Dv6CvPtyRJkiT1NP+ilCSpG8KhkB8Uqtf0yfGWNNjpoNW+pLQ+Efxt1Cf//6hP62tjpq/1Z6Dx/EqSJEkayMLx7oAkSf1NKBQkEAxQWxuhvr4+3t3RABQIBAiH+/B6hImp0fVdq8ohUhPv3ijeGteIjsOav53xeq2u6MvXXMdwz+vLz7ckSZIk9RQDwJIknYNgIEBiQphIpI5IXQQ/k1VPCAQgFOwn036GEiA1A6oroPoU1NfFu0fqbYFg3Nf77Qqv1+pIf7nmOoZ7Rn95viVJkiSpPYFAoMtfDA4EAgaAJUk6H6FQkFAoSKSujrpIHXV+KqtzEAwECIaChIL98EPpxNToT00F1Jw2I/hCEEqAhGRI6NuB39a8XqtRf73mOobPTX99viVJkiSpuaTEBE5XVXe5rAFgSZJ6QCgY/WCxvr6euvp66uvqGz6YrTdTRy1EZ5wMEAwECAQbfg+EaSgTUqM/dRGIVEcDwXW10ftmB/dfgSAEQxAMRwO/ocTo/X7M6/WFZSBecx3DHRuIz7ckSZIkAaQNSu1yADhtUKoBYEmSelIgECAUCIBJJrpQBUMQTIGElHj3RDorr9fq7xzDkiRJknThyBiaRvmpik6DwMlJiWQMTTMALEkDWqQaCt+Cj1bBga1QuhtOHYXaajJDCdSnZBBJH0ttZi41Y2ZTO3k+9aGEePdakiRJkiRJkiQ1k505nOKSox0GgZOTEsnOHA5AoL6rKwb3Exu2FLF+SxGFO/ZytPRE0/bUlCTGZWeSPzOHWXk5DM8YEsdeSlKM7dsAa34FG1+A2q5NCwFAOJGq6Z+g6pK7iYyeCUSzSxqnzmv+u6PbzX93tq317a7c72x7R5z+T5IkSZIkSZLUH1VW1DbdLj1eTvmpCqqqa4Domr9pg1LJGJrWVGbABIDXbyniN4uWtgj6ns3cOXnccdNcA8GSBpZje+D3j0cDv+ep+qJbOT3vK9QNHWsAWJIkSZIkSZKkOGkeAO6Kfh8Arqis4j9+/QbrtxS12J6SnMS4MSOb7ldWVrG3+HCLMqkpSdx35/XMnZPXK32VpJha8zS8+p3uZfx2JpxI5YL/TvWldwMGgCVJkiRJkiRJ6m0XVAC4orKKx37yLHv3lzRtmzsnj7lz8sidMq7d8ivWbOH3y9Zx9NiZTOGH7r/ZILCk/u21v4UV/x6z6qsue5DTC75pAFiSJEmSJEmSpF52QQWA/+5fftkU/E1JTuIrD9/ZbuC3tYrKKl56cwVL3lnXtM0gsKR+64VvwNrfxLyZ6pmf5PQt3wUMAEuSJEmSJEmS1Fu6GwAOx6gfMffSmyuagr/jskfy9S/fR2pKUosye/eX8JtFfwCi0z3PmpHD3Dl5pKYkcf9d1zN+TCa/+PUbAPxm0VJyp4xzTWBJ/ctrf9srwV+AxM0vQNJgTi/4Zq+0J0mSJEmSJEmSui8Y7w6ci6OlJ3h58Uogmvn70P03twn+AqzfUkThjr0U7tjL+i1F/OLXb/BX//CzpsDx3Dl53HDtbKAhK3jxit47CEk6X2uejum0z+1JfP+XJG58vlfblCRJkiRJkiRJXdcvA8DNA7V3LLyacWMy2y2XPyOHaVPGMnzYmazeo6UnWqwbfMfCuU2Pr1izlaOlJ9qtS5L6lGN74NXvxKXp5CX/SPD4vri0LUmSJEmSJEmSzq5frgH8yLd+SEVlFSnJSfzgH77apX2Olp7gR794kb3FhwEYnjGE7/31F4Bo4LdxKujbb7qaOxbOjU3HmysvYtmiV3l7xyHKT0Xn7Q4PSiNrylxu+Ph1zBjVH2bn3sKTf/kkWy75LP/7wRnx7ox0YXnuEdj4Qtyar827ndO3/xPgGsCSJEmSJEmSJMVSd9cA7ncZwIU79lJRWQVEp3DuquEZQ/jOo59l2pSxQDQgvGLNVgBmzchpUX+sVW55hu/+w095ZVeYnHl38cBnHuCBzzzAXfNyCO9ewpP/8j/43rMFlMe8J5L6pX0b4hr8BQhvfZnQgc1x7YMkSZIkSZIkSWqrP6SZttA4dTNAbs64bu//8P238Ff/8DMgGhQGSE1JYlz2SPYWH+bDHTGe1rSugFefW0/5iBv4+tcWktkiBJ/PFR+/h9J1z/H8gRTSYtsTSf3Vml/FuwdRa56mfMG3GjKAGzeaASxJkiRJkiRJUk9KCCV3q3y/CwA3Zv9CNHDbXY1TP1dUnm6xdnDKOdR1TnZsYXMlTLhpbqvgb6MwGbMf4M96pzeS+ptIdc9m/177bzB6LTz7027vmvLh61Qs+A71wUSngJYkSZIkSZIkqY/odwHgnjA8YwjDGRKfxpOSCQOVlZXQnRzfulIKXn+RV94vouRULYRTGHPxDdz16flMSGlerpaSD97mjbdWsONgOZW1QFIGE2Yv5IE788loFnTe8tRf8uSmGXz2H2+j5uVneHPdbkqT5/OVv76NCQC1paxv3F4FhFPIHJvPDffdRv7wlkOn9uh6XvzVi6zbV0ktEB41g9vu/wxzsy/IISbFTuFbUFvdM3Vd+2u4cQb87u/Pbf/aahJ2LaM65+M90x9JkiRJkiRJknTejM71trHTuWjQMlb//gmeyXiYe2ZlEu5sJea6Epb84DHeLMlkxoK7uGFEAlTtZ83iV/jR/y7hz759NzkNdZSveoLHXj7EhOn53DB/DGlAzf41vPnOM3y/Lo2//XROq8pLWPLD73Ho1ASmz17Igkk5ZABUbuHJ//0kWyrTmHDlbSyclAZVpWx+ZwnP/PMJ+PvPkt84eg4u4UePnyA85wbumZ8G5btZ9tYKXvzBv8F//wpz03vyBEoXuI9W9Uw9jcHfpffBO+e+9nlC8VoDwJIkSZIkSZIk9SH9LgDcfNrmvftLyJ3S/XWA23P02AkAhg+LcWZwMIe7/+sD8O/PsfrXj7H+2TAZ46czfdpM8vOnM2Z4SpsnpeStJ3nz4BgW/sUj3DCqcWs++ZeM4cnvPcOryxfyyLXRbOK0Kx/mH+eECTevZFY+WXXf5UfLV7DlkznMaBFwLqF0xGf59l/M4EwicS1b/t9zbDmVyQ1f+zoLR50pnX/ldezfV8qY5vWXVDLlq9/mtvHN+jaylr95YjXrt5Qzd56rGUs95sDW86+jefB36fnVFy4pOP/+SJIkSZIkSZKkHtPvAsDjs88EgDds2cHH51923nUeLT3B0dJoADg3p2cCymc1LJ+7vz6TW4s/Ys36ZaxfV8CKxVtYsRgIpzF9wQPcsyCHtCDAblavKoFpd3PdqFb1pOQze+ozPLl5M+XXzo1OKB0Mt5tRnJKSAnUlHDoCMzKbP5LJ/JuaB3+B6nWs3lQJ029tFnBuFGbM2MyWmybO57rxrYpNHs8EVrP74CG6NdW1pLMr3X1++/dg8BcgVLbvvOuQJEmSJEmSJEk9p98FgIdnDGFc9kj2Fh+mcMdejpaeYHjG+WXtvrR4RdPtWTNaT5EcK2FSsnOYn53D/FuB2kpKizez7KU3WbH4pzx25GG+ff90wpRTWgaUPc//+Mvn268qs5KmFYXryila/gKvLtvBobLoerzNCra3M1mtNx8vpxTIHD+xawNkyJC2Id7E1Ia1jk93pQZJXXXq6Lnv27Tm7y3nNe1zc8HTpT1SjyRJkiRJkiRJ6hn9LgAM8PH5l/GLX78BwC9+/QZf//K951zX0dITrFgTzYIbPmwI+b0WAG4lnELG+Cu466szyX7ib3h+3RJW3zqduY2R1Yvv5tufvqj9fYMpDQHYWgqefYwn1lWSNn4uN986gbRBmeSMGsKhP/yIn77TO4ciKYZqq89xx+/CjXNhXc8Ff8+vP5IkSZIkSZIkKRb6ZQB41owcUlOSqKisonDHXl56cwV3LJx7TnWlpCSRkpxE5ekq7rvr+h7u6blIYeLYDCiopbIaII2MdODEaUhL62Qy5SLWb6iEsbfxF1+d36JsZVI3ujA0jQygoHg/7WcNS+p/vg2/mwo3/gaO9nAQWJIkSZIkSZIk9RntrBbbtx0tPcFjP3mWisqqpm0vL17Jy4tXnlN9qSlJfO9bX+A7X/vj3sn+LVvBk0+uprS2g8crt/DGylIYNoXpwwEmkD8rA/Yt4YUtle2UL6W0aXOYhCSguoYWJRvr7KrE2eRfDGxZwpsH2z5ceqy863VJ6lnhxHPf95374Xdb4MbX4fq8+PdHkiRJkiRJkiT1uH6VAVy4Yy8//sWipuBvY+YuwEtvrqCwaC8P3X9zp2sCf7hjH9OmjG26n5qSROqY3sl0rS0ppaRgGd/71otkTruC/LwJZDRk55bvX8/q5QWU1I1h4RdvY0zDPmNueZiF2x/jzace40dXXsfcSWlADaUFa1ixYTfM+wrfvn0CkMP8j41h9etv8m8/q2ThnDEkVO1nzeI1nBiUBqe62ssw+Z98gPW7n2HJv36XosY2q0rZvHwJW0qm88Dff5b8fjV6pAFi0HAoO3Du+79zP/DraCYw98HSrefVnbrkjPPaX5IkSZIkSZIk9ax+E8J7efFKXnpzRdP9cdkjue+u61sEhAt37OWv/uFn5M/IITdnHOOyM6mnngABANZvKWL9lu0cLT3BDdfO5v44TPkcnnobX/+769i99m2WrFrPskUrqGzIBg6nZTJmzt088vErGNN8/uZgJjf8179izFuv8ObyN3hmZS0QJiVzDPmffIQb5oxpKpp5/Vd4JPlpnl+8guefroWkTK749CPcdeQJHlvcjY6m5/Pw19JYtuhV3l73Cs+sBMIpZI69gge+cZvBXyleMiacXwAYejQIHEkf23khSZIkSZIkSZLUawL19fX18e7E2VRUVvGbRUtZseZMgGLunDzuuGkuP/qPRezdXwK0zAbuilkzcvjKQ3f2eH8lKaZe+1tY8e89U9e1v4YbZ8Dvzn1N4Mr8Bzk1/5sEAtEv2rT+3dm21re7cr+z7R3pbnlJkiRJkiRJkvqjPr0GcEVlFY/95NkWwd+H7r+Zh+6/mZcWr2gK/o7LHsn3vvUFHrr/ZsZlj+y03rlz8rj/zt7P/pWk8zbxyp6r65374XfLYfQt51xFTfZlPdcfSZIkSZIkSZJ03vpsBvDe/SU89pNnW6z3+40v38u4MZn8ftlafrPoD03b/+bRz7ZY9/do6QkKd+zlSGlZizpzc8aRO2Vc7x2EJPW0SDV892KorY53TyCcyNH/spL6UKIZwJIkSZIkSZIk9RF9ciXX1sHfcdkj+cpDdzE8Ywh795c0BX8BHnrg5hbBX4DhGUOYm5HXm12WpN4RSoRLPwlrfxPvnlCVext1wQQMq0qSJEmSJEmS1Hf0uSmgj5aeaBP8/fqX72N4xpCmxxrdftPV5M/IiVdXJSk+5vxRvHsAQOWMu+PdBUmSJEmSJEmS1EqfCwD/etHSNsHf1JQkKiqr+NF/LGp6bNaMHO5YODeeXZWk+Bg7K5oFHEdV02+jJmtGXPsgSZIkSZIkSZLa6nMB4A1bigAYPmxIi+DvYz95lr37S4BoYPih+2+OZzclKb4+/iiEE+PTdjiRU1d+OT5tS5IkSZIkSZKks+pzAeBGqanJ7QZ/U5KT+MpDd5GakhTnHkpSHA0bD7f+XVyaLr/2r6hNHxOXtiVJkiRJkiRJ0tmF492B1oYPG8LRYyfYu7+Ex378LEeOlXG09AQQDf5+48v3MjxjSJx7KUl9wJzPwOHtsOLfe63Jill/RMWMTxHotRYlSZIkSZIkSVJ39LkM4Pvuur7pduGOvW2Cv+PGZMara5LU93zib+Cy+3qlqcqL7qL82m/0SluSJEmSJEmSJOncBOrr6+vj3YnW1m8p4jcvLuXosWjwd9qUsdx/5/UGfyWpI6/9bUwzgU9d+hlOh3QxIAAAIABJREFUXvsNCERzfwOBAAGa3W62vfnvzra1vt2V+51t70h3y0uSJEmSJEmS1B/1yQCwJOkcrHkaXv0O1Fb3XJ3hRE5c800qZ3wqet8AsCRJkiRJkiRJfZoBYEkaSI7tgd8/DhtfOO+qKqd9gpNXfIlI+pgzwVMDwJIkSZIkSZIk9WkGgCVpINq3Adb8KhoI7k5GcDiRipxbOJX3KWqzZgAtA7wGgCVJkiRJkiRJ6tsMAEvSQBaphsK34KNVcGArlO6GU0ehtpr6UAJ1yRnUDhlD9YhpVI3Op3rCtdSHEtoEdQ0AS5IkSZIkSZLUPxgAlqQL1O6P9jcFb9sL9rYJ7LYO8hoAliRJkiRJkiSpzwnGuwOSJEmSJEmSJEmSpJ5hAFiSJEmSJEmSJEmSBggDwJIkSZIkSZIkSZI0QBgAliRJkiRJkiRJkqQBwgCwJEmSJEmSJEmSJA0QBoAlSZIkSZIkSZIkaYAwACxJkiRJkiRJkiRJA4QBYEmSJEmSJEmSJEkaIAwAS5IkSZIkSZIkSdIAYQBYkiRJkiRJkiRJkgYIA8CSJEmSJEmSJEmSNEAYAJYkSZIkSZIkSZKkAcIAsCRJkiRJkiRJkiQNEAaAJUmSJEmSJEmSJGmAMAAsSZIkSZIkSZIkSQNEONYNHDt2LNZNSFKfNWzYsHh3QZIkSZIkSZIkXUBiHgA2+CFJkiRJkiRJkiRJvcMpoCVJkiRJkiRJkiRpgDAALEmSJEmSJEmSJEkDhAFgSZIkSZIkSZIkSRogDABLkiRJkiRJkiRJ0gBhAFiSJEmSJEmSJEmSBggDwJIkSZIkSZIkSZI0QBgAliRJkiRJkiRJkqQBIhzvDkiSekZlRW3T7dLj5ZSfqqCqugaApMQE0galkjE0LV7dkyRJkiRJkiRJvcAAsCQNIDU1tRSXHOV0VXWL7aerqjldVU35qQqyM4eTkODlX5IkSZIkSZKkgcgpoCVpAGkv+Nvc6apqikuO9mKPJEmSJEmSJElSbzIALEkDROnx8rMGfxudrqqm9Hh5L/RIkiRJkiRJkiT1NgPAkjRAlJ+qiElZSZIkSZIkSZLUfxgAlqQBoqq6JiZlJUmSJEmSJElS/xGOdwckST2jvr4+JmXVcwIBCAYDBIMBAsEAgQAEAtHfkiRJkiRJktSX1NdHP0uur4f6unrqGn78eLnvMwAsSVIMBQIQCgcJhaKBX0mSJEmSJEnqDxoTWAAInflss66unkiknkhtncHgPsoAsCRJMRAMBQg3BH4lSZIkSZIkaaBonOUwISFIJFJPbW0ddREjwX2JAWBJknpQMBggnGDgV5IkSZIkSdLAFwoFCIVC0UBwTR11dQaC+wIDwJIk9ZCExCDhcDDe3ZAkSZIkSZKkXtUYCK6traOmui7e3bngGQCWJOk8hUIBEhKDZ9bDkCRJkiRJkqQLUOOyeDXVdUScFjpu+nwA+N3VW9j5UTHFh46y78ARqqqqu7X/2NEjGTN6BJkjhnLHwrkx6qUk6UIVTgiSkGDWryRJkiRJkiQBBAIBEpNC1NTUUVtjNnA89OkA8A+feJGNW3ecVx37Dhxm34HDAGzcuoOv/uknGZY+uCe6J0m6wDnlsyRJkiRJkiS1LyEhSCCAU0LHQaC+vr5P5l9/4dHHW9yfMjGbyeNHk5yc2K16du4+wI7dxZw+fSZz+J+/80WGGgSWNMBs2LKrW+WHDU4kEAg0/QBnvU3z20CADso1+93Ztta3u3K/s+0d6enpmQ3+SpIkSZIkSVLnXBe49/XJDOCX3lzRdHvS+NF88hPXcNHU8edc3+Gjx3nhtXdZs6EQgB/8+wt852t/fN79lCRdmAz+SpIkSZIkSVLXNH6WahC49/S5T69XrdvGy4tXAnD5pdP4H4985ryCvwAjhw/lz/74Nj53/0IA9u4v4f+9suy8+ypJuvCEEwz+SpIkSZIkSVJ3hMNBwgl+rtpb+tyZ/uDD3U23b7vx6h6te96cGUwcPwqAdZuLerRuSdLAFwoFSPBNiiRJkiRJkiR1W0JCkFCoZ5fqU/v63KfYxQePAjBhbBZjRo9o8Vhh0V62FLRd4/KlN1dQcuR4i207dx/gD8s3tCk7deIYAEqOHKPydFVPdVuSdAFISOxzL5uSJEmSJEmS1G/4GWvv6HNrAB84FA0AT5mY3WL77n2HeOwnzwJw+01Xc8fCuQA89uNnKdyxl5cXr+Rnjz8KRAPFjWWra2q56WOXN9UzeWI2LFsLwMGSY0xqyAiWJOlsEhKDBAJ+O02SJEmSJEmSzlUgECAhMeh6wDHW58LsVdU1AAxKTW6xvfxkRdPthIS2ceu0QSmUn6wEoDYSadp+uqq6RbnLL53GhLFZZI8awbD0wT3Wb0nSwBUMBlz3V5IkSZIkSZJ6QDgcJBg02SaW+lwGcEdmTJ/E7TddzfGyk0weP7pp++03XQ2L4ZKLJ5M2OAWAKROyufn6OZw4WcHcOXlt6vrWf3uw1/rdFXv3l/Av//Y8gUCA//bFuxmXPbLbdRwvO8n/+j/PUFlZxX/74qeZ1Owcna8/LN/Azj0HmDx+NB+bN6vH6pWk/iLsur+SJEmSJEmS1GPCCUGqqyKdF9Q56TcBYKBp2ufmcnPGkZszrsW25OREPn3b/N7q1nmpr4dV67Zx8lQ0e3n1+oJzCgDH0oc797FmQyG1tREDwJIuOMFQgFDIb6NJkiRJkiRJUk8JhQIEQwHqIvXx7sqA1K8CwOfr8NHj7Cs+wrGycqZMzGbC2Kx4d4nDR4+zen1hU/by2o0f8rGrL2V4xpA49+yMP/vj2/izP74t3t2QpLhw6mdJkiRJkiRJ6nnhcJDqiFnAsdBvAsDlJyv5tydfJm1wCvkzp3JF/nQAXnpzBS8vXsmN8y/j3js/1u6+p6uqeeaFt1ixZmuL7VMmZvO5+29m1MhhMe9/R1at28axsnLuuf06AJ57+W3WbvqQmz52edz6JEmKCgQw+1eSJEmSJEmSYiAUChAIRGfLVc/qNwHgtRsLKdyxF4C6uvqmAPA7qzYD8Ltla5k7J4+xraZPrq2N8NiPn2X3vkNt6tzxUTHf/t4T/K+//jwjMtJjfARtlZ04xap12xiWnsasGTkA/H7ZOt5dvZkrL7uI9LRBbfapq6tn9foCXl68ksNHj5OQEObyS6fx8fmXtSnbuC4wwH/57O28vmQVmwt2UVdXx+QJ2Tz8wM2kDU5l0RsrWL56M5WnqxmaPpgHPrmA/BlTCTTEPF5evJKX3lzBHQvnRtdcbrVtXPZInnt5GYePHicUCjJz+iQ+8+kbGDpkcIzOnCT1jpDZv5IkSZIkSZIUM6FwkNqaunh3Y8DpN59sXzH7oqbbl+RNbro9adwoACaMzWoT/IVoYLgx+Js9agR/cu9N/PmffpKrL7+4qczPf/UatXFIMd+8bSclR44zY/pERg4fysjhQ5kxfSIHS46xteCjNuXr6+G1Jat44pnXKT1+grzcCeTPyGH7zn385D8WUVlZ1W47J8pP8a8/fZ6So8e57JJpDE1Po2jXfn70xCJ+9MSLrF6/jRnTJ5EzaQwnyk/xxNOvU7RrX5eO4f0NhTzxzOtkjkjn8kunkZqSxPotRfz8qdeoPF19XudHkuLN7F9JkiRJkiRJih0/g42NfpMBnJqSxM8ef5Tyk5VN6+UCfPmhOyks2ktuzrh292uc9jl3yji+/uV7m7ZfcvFkpk0ey38+u5gdHxWzfNUWrpt7aWwPopmKyireXrmR5KRErr1qZlO27dWXX8zq9QW8s2oz+TOnkpKc2LTPvuISlryzjkGpyXz14buYMjEbgNpIhCefXczK9z8gJTmpTVu1tRFuWXAFt980l0Agmnn8zz/+DfsPHmH8mEz+5tE/YUhaKvX18MvnFvPOqs2s31LE1MljOz2OEycreOQLn27qy+Gjx/mX//s8e/YfovjgkabtktTfBAIQDPrmQ5IkSZIkSZJiJRh0GuhY6DcZwI2aB38bdRT8PXz0OAdLSgGYk5/b5vHmwcmij/b3UA+7ZvvOfewtPsxFU8czfkxW0/bJE7LJy53Irj0H+LBhyutGmwt2cfJUJfkzcpg84Uzfw6EQN86/jMGD2p4biJ6zyy6Z1hRkHpI2iLGjo9nSl106jSFpqUA02HHR1PFAdProrpg9c2qL85gxdAhjRo+g8nQ1ZSdOdakOSeqLDP5KkiRJkiRJUuz5WWzP61cB4MKivWwt/IjTraYWfunNFRw4dPSs+w5KbRscTW6WLRsM9t6pqK6u4ffL1gEwd04eodCZtkOhIHPn5AHw7uotLaam3ld8GIBhQ9OagrmN0gankpiY0G57CQkJDEpNbrrfPKtt1MiMFmVDoVC3jmVoest1fkOhIIkJ/SaxXJI65JsOSZIkSZIkSYo9P4vtef0mUldYtJfHfvIsADdfP4dP3zYfgB8+8SIbt+5g9foC/ubRz5LQLPg4cvhQhmcM4WjpCdZuLOTyS6e1qHP1+oKm25MnjO6Fo4jauecAu/YcIBKp44dPvNhhuW0f7mbX7gNNUzE3DxRLkmIr4JsOSZIkSZIkSYo5P4vtef0mANw8w/fEyYqm2zs/Kgbg0OFjlJWfYkRGeov9Zk6fzB9WbOD9jR8y+s0V5M/IYWh6GoU79vL8y28DEA6HmDhuVC8cBUQidSx9dwPVNbVcNHV8mwzaRsfLTlJQtJdl721i8oRsQqEgo7OGA3CwpJT6elpkAZefrKC6uqY3DkGSLgitZ1qQJEmSJEmSJPU8P4vtef0mAPyxebOorqnl8NEyFl5/edP2b/75A/zyud9xxezpbYK/ADd97DLWbiyk/FQlLy9eycuLV7Ypc8/t1zFhbFab7bFQfPAIH+7cR+aIofzpZz5B+pBB7ZYrO3GKf/7xb9hS8BHFB48wbkwmMy+azO+XrWPztl18uHMvuVOiax/XRiL8btlaTp6qJKXZtNaSpHMX8F2HJEmSJEmSJMWcn8X2vH4TAAa46WOXt9mWNXIYX//yvR3uM3L4UL7y8F08+9If2Ln7QIvHkpIS+dKf3E5e7sQe72t76uth6fINnDxVyTVXzuww+AuQPmQQ+TOn8sZbq1m1bhtjszMZO3okC67J56U3V/Av//c5Jk/IZviwIezcHc2CNvgrST3H9xySJEmSJEmSFHt+Ftvz+lUA+FxNmZjN1754N1s/3M3xspNUVdcwLD2NsdkjGDt6ZK/149DhUjZv28Ww9DSuvXJmp+WvvXImq9ZuY9W6Aq65ciajMjO49eNXkTliKIveWMGOj4r5aO9BLrtkGjdcO5v/++TLVFZW9cKRSJIkSZIkSZIkSeqLAvX19fXx7kRzX3j0cQBuv+lq7lg4t8VjTz3/e2pqa7nu6kuZPGE0AC+9uYIPd+xj0vhRfPq2+b3eX0nqKzZs2dWt8sMGJxIIBJp+gLPepvltIEAH5Wg5ZcfZtrW+3ZX7nW3vSHfLp6ReEN+RkiRJkiRJkqS4q6yojXcXBpR+8+n2O6s28/bKjQBEInVNAeB3Vm3meNlJCnfs5dqrLiFzxNB29z92vJwDJaXsKz7M6apqRmVmRH9GDiMxMaHXjkOSJEmSJEmSJEmSYqXPBYCTkhKpqqrm9OnqFtsnjM1quj02+8y0zdlZwzledhKg3eBvTW0tP//Va6zbtL3d9oamD+baK2e2yTaWJEmSJEmSJEmSpP6mz00B/b3/8ww7PipmysRs/urPH2jx2KHDx6irq2N01vCmbaerqtm99xDZo0aQNjilRfm9+0v4u3/5ZZfaHZo+mH/+zhfP/wAkKU6cAvrsnAJakiRJkiRJkvomp4DuWX3u0+3srOHs+KiYHR8Vs237Hi6aOr7psayRw9qUT05KJDdnXLt1PfaTZ5tuTxw/io9fO5sZ0ycxKDWZnbsPsKVgFy8vXgnA8bKTvPTmCjOBJUmSJEmSJEmSJPVbwXh3oLXJE7Obbr/w2rvnXM8zL7xFRWUVALffdDV//cgfceXsixiUmhxtZ8Jo7lg4l7/7y8817fPy4pVs37n/nNuUJEmSJEmSJEmSpHjqcwHga66YwaV5UwDYtecA//bky+w/cKRbdRwpLeOtd9cDcGnelLNm9Y7OGs6f/+knm+6vWrftHHotSZIkSZIkSZIkSfHX56aABvjqw3fxhUcfB+D9jR/y/sYPmTA2iykTs5syeFubMjGbvNyJABw4VNq0PX9mTqftXXLxZMaNyWTv/hL2HTjcA0cgSZIkSZIkSZIkSb2vTwaAAX72+KO89OaKpjV6d+87xO59hzosPzxjCN/76y8AUHzwTMZw7pT21wduLXfKuIYAcPeyjSVJkiRJkiRJkiSpr+izAWCAOxbOJWvkMD74cDfFB49y4NBRqqpr2i079/K8ptsLr5/Divc/YOK4LEZkpHeprbzcCazfsr1FPZIkSZIkSZIkSVJPitTVUVsbIRKJEInUUVdfT319PQCBQIBgIEAoFCQUChEOhwgF+9yKrurjAvWNI0qS1K9t2LKrW+WHDU4kEAg0/QBnvU3z20CADso1+93Ztta3u3K/s+0d6W75lNQ+/R0pSZIkSZIkSf1MdU0N1dW11EYi3dovHAqRmBgmMSEhRj2Lv8qK2nh3YUDx021JkiRJkiRJkiQpRmpqazl9uppIXd057V8biVBbGaGqqobk5EQSwob3dHaOEEmSJEmSJEmSJCkGKk5XUd3B8qbdFamr41TFaRITE0hNTuqROjUwGQCWJEmSJEmSJEmSelBdfT0VFae7Pd1zV1RX11AXqSM1NZlgN5e+04XBVaMlSZIkSZIkSZKkHlJXX8+pU5UxCf42qo1EOHWqkrr6+pi1of7LALAkSZIkSZIkSZLUQyoqTp/zer/dEamro6LidMzbUf9jAFiSJEmSJEmSJEnqARWnq2Ka+dtabSRCxemqXmtP/YMBYEmSJEmSJEmSJOk81dTWUl1d0+vtVlfXUFNb2+vtqu8Kx7sDkiRJUktl7Fi/iyMN90ZMnsWU9Lh2SJIkSZIkqVOnT1fHte2EwYb9FOVIkCSpX9nMTx5dzLpOy6Vz1zc/z62ZvdCls9n8HF/4jz3R25mz+Ltv3sDo+PYoBlo+J7M/9yhfmnmeVZZu49VX3mNpUSllpwDCXPPFR/iTaedZb7+xh8VPLWl2Tmed/zmVJEmSJEmKoeqaml5Z97cjkbo6qmtqSExIiFsf1HcYAJYkSepLDi7hu49vYE+LvxdqqRhoS7mULOE7/7SBAwCM50uP38PsOHdJkiRJkiTpXFVXx38K5urqWgPAAgwAS5LUjyUx+7ZrmD20/cfGO2VuP1TFqteaBX/TMpg9czwzJw9n9Pi4dqyXzeRLj5vyK0mSJEmS+odIXR21kUi8u0FtJEKkro5QMBjvrijOwvU/GEwAqIeWv+shEIj+bqH1/ebbm3ZoVlPT/WbFWtXfWLrz+ls/3k57Te2eebj1cXVYfxud1N92a9v2unJczdtrc95anb926m/dbufH1bi9veM6y/PV7fpba1t/V47r3OpvPgC68Xy1O846ard5/V18vrpVf6sOd+X5Otv/q/baPdv4C3RQf9te9M71or3D6Kn/z2cRCCVA8iAC6SMJjBhLMHsaoYkzCE2dQyBz4ln3lWIvmfF5s7gy3tM8qwftoWBn4+0kbnroIe6ZEM/+SJIkSZIkqTO1tecZ/K07xJJfvMzb5PHVh64m8zzit7W1EUKJBoAvdOFAQ+yjMQQSaAicRLcHCARaBWYCHQSEAo2/Gx6rDzSvqElH9Qe6XH+rgFBT/a3bbdl8oL7V8bQOODXuTtv6o6U7qL95t5u31/Bvm+NqHZAMtOgN9a3PW/MCbepv53y2qr+p260Dg4FW7bU+Ye0eV7PjofVxNTs82nmeGvdqVX+b42q833j+Wo8/Wj1fHdbfegC0V/9Zxkerds/U38H4a91uN+tv1Lb+bjxfzdtr/Xy1abdVe7Sqv81xtXs6e/96QTevF23GfQfXi7Ooj9TAqePUnzoOxduJbFpKTcNjweyphPJvJHzFHYQmz+q0Lik+Snj1n37JiyXRe7Mf/DzX7H+Jp1eUcKQKSEpn9h2f4EtXZVNzZANPP/U2q/bWUhMMM2LaDD7/4A1MSWmoqvV6vl8YztKn3+Pd3aeoqYPUceO59c5PcNOkQV3rWl0Ze1Yv5+m3t7OnpJYaIGHQIMZfms9nbrqS8WkAVax64of8fGt0l/T59/DYnS1TYQ/87ud8540yAFKv+ATfv+8iAMqK3uXpV9ayeW9D3WkZXHn7rXzmskxaT4TTnbJd1sn5SsjI5tbP3MGtkwbR/trOVSz+weMsbty/cf3kLp23tueGS2/i+9eW8POnt7C5tBbGXM7/+loGzzW1m85dX7uJ1CVLeHFrKRW1kJCeyfX3fop7pg+irGgJ//mbhn3DYcbPvo4v3TOLEc3+nqgp28Wqd95j6boSDpQ179tVfP7OWYwI02rq50Z7+Mmjjzf182efpdn5aLuedc2RzSx+7X2WFpRSVgUEw6SPyeb6G67jppnNn7PNLev5xqcYsfxVXlzbOP4HMfP6hXz+xkmkdu/ZlSRJkiRJahI5n+zfukOs+OVrvLEvAmzih78M89U/nnPOQeBoX5wG+kIX+p+3JP5PoOsZko17djEjkRbl29ncrcy+dgKBrQOenbTbYYZku+UDLXfoJFOwo/pbBKI6O55WGcydHk879Xd8Hts5b60bOtt5DLTpZScZuuc+PuI5/lq3e0Ynz1e7DXR+XB2Xb++4uvZ8dS2j+tzrP7eM6i48X22e6E6O66zlO2jvbNeLbqovL6Vu+xpq//AUka3LCITDBMfn9Uzl5+BgyfFulU9JDBEIBJp+gLPepvltoiH5dss1+93Ztta3u3K/s+0d6W75hIS++i25Et5fvKMheJbM9GtmM+2s8dZTbF++iYJT0XtlO7by7ocnqGh8Txqp4sAH29kfPM7iJ99jc1kddQD1dVQcOci7u+q47orxJAOUfMDLGxqCieFKdqzYxsaSGuoa/k/VnCjjg9Wb2Z+dx5ysxIbuNttn0Ciuv2YyaQB1xbz6gyf56cojHDvV0CZQV1PDsb17WPZuIaGZ+UwbHGZsyhGWrCulBqgqqWHSx3LJano69/DGr9exoxJgENffdwt5Q+DAkl/wnWeK2H+iWd3VlezZvImlh9K47tKsprfB3Snb+XMCo2fNZU5Wq2OvO8a6ZdspKD1zvuoqyylYvZ1Q/mymDWpZRxuN567L5y26/eTOdSwtalg8uP4IH7y9m+0VDXulZHLdNYMoaGo3wp5NW1i3t5KahiJ1VafYsWE7VYEd/OevC9lf2fhAHWX7d7GyfCS35A0HoGbrb3nkX1ey7qNyyqpa920XS7ZVMufKyaRV7GLp8oOc7OhYR03hjkvpcJxXbP4t3/rxWjYerKSqcRzX11F1ooyCDZt492ga18xsfM6an9cIBzavY+WOU83Gfw0lRdvYGMzh+ild/OKCJP1/9t4/vq6qzPd/75OTpk2ogRACSe2BEloTy7FJWghCoDdWIrZYqt6M0it0HOu9MteLfkWv4oy8fOG9Vr93+M7V6wwzAw6iXJCbKxa0DBOmxkJAAm2aGqCFUiopbSDGSixJCUmzv3+c/WOttdc+56TkRwvP21c95+y99vOsZ621Fyd58tmPIAiCIAiCIAiCwRujb+LGJkyyMULv/93MvXvfDI6Mv9bPzsFTuGhp+XGncYvmnHwJ4HH/F1LClBD+dtsBnODX+eFrcNwJXh38hAHep/AV77j3Ft2+6V617/tV7Tvo/1PtK589+9Hf7TtBXJo/zz4R+6Zf1b4Sl+EiPKDaN+JynOBVtR+MYyQuglfNoaP+M+bJmC8tnthxM+Iy7GvjaK6HiP3o+rDOl+pDiytcOJH1Z86Xuv6Udajaj11/5nypfVXny1F8GfMVjUsfLm3crHHlsf5s4+Z/NucLfb5s91Vk/an3bz72VfLZL9Sxy2e/UMcu535hs2+Opm2eLPM1RRx7/kne+If/wsjXmxl/YvPUGheEWIbY/N1b+OwNln/f3WpNJo4Mj1K+JM26KxaRCvJdo3Q/1EvfvDIar6ijRc0o799D54DN9RB9R4uoXl5H6xWLqJ6v2Lr3QbpHs/d83y8eYPMB70PCYmf8MJv//gH2TAA1dTSVeceP7qf7ecXQ8z10HvbeLzyflgXAS+18/8FMwji0XUvaU5CO7NpGm29jMm3fCkdHGZoooebiOtY1Vyiq2SHat+0FUrR8ahUbP1VLdXBREQ1XrmLjp1ax8apayic7biYDQ0Ft4cKSIkrnJY0G44wMF5FabvRxYoj2h/oYKa+g5Yo6GhcWBVeMPNlDt2+ztpbGeUBRCdXpRTRf0URrcxWVvpuDPWx+BiitpfVTq9h4ZYqwTHUZzZ/yYl2Zpdjx0e3c/uP9DPk+K6pouaqRlprS4AeioR3tfD9YFHp8Q0egfEkt665IU1Menunf9gR74r0KgiAIgiAIgiAIgiBkZeK4kr8w8Mhmfvzsm5HjR5/dxj8+8uqM9kV4e5HUFXeu91F59Y7jv8Qp7lwyGRXX9R6X7GYeJ5u1BrDrKfpMfxYUv4F9DH9qxsgFYuz7n+Psh9js+35t7S3+fON5KUTtcWHGFRyNi8uNtI+4NMdRjUuNx2I/fM1PAWyfL3unMtMWs/4i7c339vnCjMsla1yR+Yp5H8RjrPvwscKGfdc11n0OBbBrt++PX2RoIvZzrIfI/WzMkxO9f/X2xvpwLPOV9X62xDWp/SLH+gvs+4f09Tdd/wmcOLCbN/7ucyQfv485n7yJRNV50+RJEI6TmpV847MrKAZaSu/hL+895J0ooeUzfr3ZxXBzG+1DAEP0vQpE6gwnaVj/aa6rzySLW5p6uPW/b6X7KHC0j85dozRcWGRelGGil/bO4cBO02c+z4aazKeWVbu586YH6TwKDO+lfefS7xzjAAAgAElEQVQoNctTtFxaRvv9h4FxOh/fzvqaFRQCvTv3M+JZSl96AaVA97ZeBv0+XvtZrksXebYXebZH6dy+mw1LaifV9q1RQsvnPxfU82161x18+f5MknLkwCEGWUx1fR3VFNB9127vGqPG86THLTr+qcvWcv1HFlMaJKB7tfPll63lG94jtmuO/YDvPOJl8hNVbPji1TTNAy4rZeTr2zJXTgzRP0hmfSRqaf1KFetLS5W/Tm2kuSJcZ/te7IN0inR9FQz8gS2/7COjkT6Fmvo6GnKMYn9nD71+cnthI5u+2JRJIl/WRMsj4Zju27advqYWzFRy+WWtbPLiW3NhMd+6uYs+gKMD7BtESwoLgiAIgiAIgiAIgiDky/Gof4/u+SU/6DgSe/5gx4P8uOITXFszucJVx6dEFt5uJHW5H2GtUi/FEq3pqbef6hrAjmNJOKn+fD+uo/sLGhjxmHH5/rDHZavxmklPOYFf1X7wqsXlH3Zia5UGiVzfHzFxGTWAibGvjaPjRNoHbs35UovMWtrH1RiOzJeREI/ME2Zc2ONy1Y/G+lMTkub688054TxlmhtxxdgP4kG3b2YJp6oGcKT2dXCB7jeIxzHWX0x7vTuqfWMdmvNkua8i86X6M+ybceW9/qZ9v3Ds82W2nwbGd7Zz7LcdzNnwbQqbr5k+R8I7nCIarmyi4VTLqXkV2HJZ6WXpoNZpoaoAnVdF+mz/w1yKY3K3YftFNNcrSuF5dbRc0Em3lzDc91IfXLjYfu3AQKBEZd4iGmuUc4laGpe10/nEOAB9L78Ky1OUNqZJ/2JbJvm3ey/doytoZDsd28c9O4tpri8CDtF30Dc2Tu/PbuPLPw/Nj/jK5AOH6Kd0Em1rM/V3j5fSc2k4W/l42imAp1IdGw9qi2flOMZNo7yOjVctVlS3JkU01IXXFBfPBbxBOHshab8WdFFR7OOHihNDdD38GN3P9bHvsDc346EcfGhoKGuIueg7GF5fvSKtxVJav5jq+7vYB3D4D/SNQkpbx3p8lJZSDvT5n+UpQ4IgCIIgCIIgCIIgzBDjr3Tyj20HOZq11Zv0tm3moc9+givOKpihnglvF8Lf/GqJkOzKz7C9otyLUfDZ7St+LPZDv+ZlqoIvi8Iz1m9+itmIYtVLqMaEEP0cdDxOUW3EE6PwtPrIpcAERUFrKiQtcWmKVUs8mt8cCt3gWt1+rMI47r1yMKKg9RtnWX+BwnOy9k+Q9WektCNxxds3j+dQ9FvtZ1EY52lfU+ha4prS/cJbl/b2lrgiHZte3GNjjP7zV5g4sJuia789M06FdxiGQjQPCufFZHbnl2RJDObXXk0Yjhx9I/7a3x/2VLd2O6WnloCnCw0ShkUraEpvo3cXMHGIjqeGaJi3N1CDll9URzoB8IeMItVj7Mgo8SnHybR9ixQVMLm/1bRwPOOmsqAiRxJ7LsXzYk69qzTn+hh75j5u/FH4eOapZ4BB5clHpaVGj+arfRxmaAhDuZ4lPkEQBEEQBEEQBEEQhLeA4zj5K28Hf8MPbnuGg/n8DmXiCFtvu5fC/7SeVXn+DtCZ6vqHwklJmAD2FHZ+QsZUAPtCO0fNHYGSPPSSRqrizjdnsU8O+7pyUsHxk3uhwlNXMGqNFcWjGVecfT2uUAlpKD/9KDQFpuIvoizV4wpzcLryMVTM2uwr4xhRQtrHLXKfG0rLqELSGAxDwazNl9W+HpemyFXHEfT58uPCmC/HGD/b+lM6Hiq2bfb9Ezb79rgCgak5X0GS2bL+gvaOYcAyXxH7xNiP3leR9aEppPNYf6qBfNZfpJ9R5bQZ16T2C8V8XvuFGo95nwTuYtafdb+YPsYe/mfc115l7vU/nBmHgjATHBlmCLSE4shImPQtnjc3/tozyiinL5PMtNgZem04eK8m+RouXEzxrr2MAPu2P0Yb/uOry2i+1Fd2nk5lOWSMl7DmK59j3VlxHTk0ibYnAMc5bjPDEJ0dYfI3ddlarrtiMeVFwM42PntXX9ar86OC8jMBryZ1JsmtxHlkSEnglzDjQyAIgiAIgiAIgiAIwjuWhONwLM9fOB/esz+/5K/PxBF6n/8jqypOy7svgpDUE5o5anq6RBIsAUoCKr4GsN1+oITMaV8/79uPVWTG1hi2OMlXQagoCf3uauNn+vONZ4tL9WdRZCpZwUkqVuPi8o/b4soyX2o8ednX32arwZotrpzzpWYNbTVllUdiZ5ZFFoW7ZZ3Fvvf95VsDOLDv5mlfMeei31e2+cpWAzgurmzrz6wB7OqJ2vj9Is6+cS5nDeB8n0QQY994a1c66/fXdDL+1BaO/o+rmfeVe2bEnyBMO0f307FzmBr/MdATe+ncET7qt/pss/qqQkUFqQQMTmTsdO2BGv9xxhN76eodD+2cq9ipqaOpbC/th4EDu+nwjy9N0xwk+6pILcBL6g7T1dXHuqv0vgwd6IOFKUon1fYE4HjHbUYYZSTIPxdRU+clfxmma9ch+yXzihRV9BD9A1hqTeukFpRCbybNu297L0NNTcHcDO3am3n8M0BFBdW5HmMuCIIgCIIgCIIgCIIwRRQUJDg2kV9Wt+yiFv7Tqa8SX/3XpJiza/JL/vp9EYSkXrMWQ1lnqwFsS0iqyjo/WaQrC31y1fTMbT9U7mn+MP3q7s0arGGi2PfrXU7UfqZ1jH2126o/7/8jcZkJSUfrjVKz1ok2iNi3jGdMDWCbclTzZw6YNa4cNWWt9o34YmoAR5TL/viZ6w9jvmLtmwvAZj/L+jD8hvZj1t8kawCb9n2i9icxX6o/c74ifg1/GPYjcVmHc+b3Cya5X0TWfcx+MUMc+20Hb3z/M6IEFqaQN+h7poeug7ZzRaTeW0vltCXBxum++w6+s7uWhjOG6H5sP/v8BGCiisZlWRwn0rQ0PUb3I8PAOJ0//AH99RY7ZWlalqoXpmi5tIz2+w8rx5I0XbxCq0nbsDJN+a5eBoHBR9r48kspGmorKf1TP73P9LFvqISWL32O1gWTazvrHPe4zQSllJ+Bp84dpf2OOxi7JMXI7t10vTRuv2R+iuqyLvYdBhhi8w/vo/CKcyktqaJhif2SyqY60u1eLegDXdz43QM0v38hPLeHjj2h/jfdfNFbq9ksCIIgCIIgCIIgCIIwCQoKCmAs5ncgJslyzju/fHr7IrzjidQA1tNsuRStmZZTXQM4tK9falXwmQnPrH6zKCSV9hF/phIyiw894WSv0as9lzirgtkSgxGnlrA2avRG+6aPW1ADWI0rzlfGsFX5qS0e/8UlEldUsZorrulef2YCObviOauCNN/1l8W+FhpE4rIqVrPGdXw1gPOxn/d+4a2bvOdLNWhxmo+iOjJ+pmI6234xA4w/tYXRH39dagILU8Qo3b/cSrf1XCnrvlrLmknUB54UpaWkxofYt6MnVF0CUETDtWtpzJF4rv7IWtbtv4fNB4CJ0aidZBnrPtNCtfEHi6WNadK/2BbU/qWsluYavQ1nt3D96oN868HDjAFDL/XR8ZL6COJhurbvp3XBosm1PQE43nGbfopoXF1H++4e+iaAI4fpeCiTqK9eVMa+/Yct16RYc0UVHXcfYgxgcD9td+2HZS3cFpMAZt4KNl7bx00/zjxuemzgEO336wrj0uUtbLywZApjEwRBEARBEARBEARByE4yeeIkXU+kvgizR/jrQQdw/Fqhymtw3AleHRwcJ3POOxO84kTr0Yb2Tfeqfd+vat9B/59qX/ns2Y8+1twJ4tL8efaJ2Df9qvaVuAwX4QHVvhGX4wSvqv1gHCNxEbxqDh31nzFPxnxp8cSOmxGXYV8bR3M9ROxH14d1vlQfWlzhwomsP3O+1PWnrEPVfuz6M+dL7as6X47iy5ivaFz6cGnjZo0rj/VnGzf/szlf6PNlu68i60+9f/Oxr5LPfqGOXT77hTp2OfcLm31zNG3zZJmvWWDs4X9mrOMns9cBQZgKihax8SuraVlUQqH3baKwrIp1113Ddek8km+JKtZ88QtsWl9LdUUyUPAWlpRQfXET3/jrT7PGVo+3qJaGc8OPqUtXYHvYceWqT/O9G1fRvKiEYv/P3RJJShdW0bL+ajZ9ZNFxtZ11jnfcZoKzVnHDXzbSsNDrV7KE6ubVXL/ylNhLipdfzabrlGvyoDj9Mf7mprW0Liuj1P9Dg0SS0oUp1v35NWxan1YeLS0IgiAIgiAIgiAIgjD9FCQSJE8A5W2yoICChDwCWgDH/V5JKPzDVPQpYlWfOIWeC4H0VbVgPuJWsas9mjXOn9Wvzb5dSWizb+u+PS6bfUOhaypXTX+q/bi4VH/5xBXtzVuqARyJy2hm2s97vqz2syt0J2ffJMd85RlXvH3zuL/A4ufLuv6MdflW7FvXX972zcCNebIp342BssWV1Z9mZ7r3C7NDWdbfLOAUFDLv2x0kqs6bMps9T++fVPvTTpmj/QEHkPU96nuU1L/ZTnnNdcx8n8/nXMfjmGz7ecXJ3I3eafS28dkfeerYijpu/uqqmX/M7lAn37q5iz6ARBUb/9vVOdXGgiAIgiAIgiAIgiAIgjDdvDk2xsjR0VntQ/G8IuYU5vtn9icWR0fyfIS2kBcJU3Fn/Fo/VKd6R03FXaDlUxSlmpTP/6zZ9/MINuVlmEyIKEp9P47Sx8C+Ytxwr8Xl+4uJCy2usK3qV7UfxIbhT4nLyRKXpm61xYUlLsO+OY5RJW7MfGn2Hc2+db6UOY6uD1tcxlrS4sIel3bKmCdzvtR4zPlCic82T5Zxg6j9iKbUsj6CAVL9aeNm+DPnS/2f5tcYc4t96/oz5ksdIW2+/Hhs8xW5n405s60/i/2s6882blO6X/jjZsyXusZnEffYGG/+9ObZ7YQgnIT0Pfo0/gOai1fUSfJXEARBEARBEARBEARBOCGYU1g4q+rbgkTipE3+ClNPuBJdNPmj67+6gKt89v/nhvVEXfUa17Wr/jT7ip+Iff+46x1X/+e1NfwCUHgKnFqNk2qC06phzil5x6V5MO37fXNj1IZmXK563B6X6xrxWOOy2MxmP9JnV/cXFxdu1L76T/MbvTYzTcqasLVRX1W7Nr9G4Nr6UOcry/rz58mdrP23sv6s9s3judefH5dLfFzx9s3jtrjQ5yk2rmDKJ21fW39GXFO+X/hjpd1XWebLzWZ/5hnf2c74E5tnuxuCcPIwsZuOJ4a9DyU0NdXOancEQRAEQRAEQRAEQRAEQWXu3DnvSN/CiUf4fEtfhec9ItXBe3W818xL5jVoD7i6ZtP1lHeRR8Ia9slhP1Aymkka74TrOp59h0Tzt2HF5/VQAHf73+H+6saYuOLs63EF8XjCwcgjaIP2KAGEr07gV48rSD5pkk0vrlj7yjia9h3DnDGOAa7hT50v1Z/vzDXiUefLal+PK7RvjCPheGpx+Wdcw5/fzLb+lI4H/qz2/RM2+/a4nMCQHlew3s24tPaOYcAyXxH7xNiP3leR9aHEldf6Uw3ks/4i/VTt2+Oa1H6hmM9rv1DjMe+TwF3M+lPna5Z584Hvkbxo3Wx3QxBOCoYef4LOo96HhefTsmBWuyMIgiAIgiAIgiAIgiAIGoXJJHPmFPLmm2Mz6nfOnEIKk1LSTghxJr5X4moJH4gkmjTiEiZmAspI5GnNDPta4ierffO8g7P2Tpz3fDTzsX877ovtOOe2QOWKzGV7fo57/4ZoQtBmP4IlniCuaLesCeJ84lL9RcbNGD+LfWsCLS+/triyzNek7ZtE7ecT1/HZV+JxJjFf1nUW51e1n+d8Tcq+0eF85ivbfWXzm239OTH2o72Ymf3CFsZU3c+zzNzP/S+Sl7S+ZTtSAzg7UgNYEARBEARBEARBEARBEISZ4PXho4wfOzYjvpIFBZxSMm9GfE0nUgN4akkENUr9V+9EtKZn5pf9Zs1N7yhTUdMzt33v1T9+zgeC5K+79b8ycdcHcB/7DhM/+QDu1v+a8VPzUZxFH/DTFIp9My4nSHDE1QDW41LiMeMKxtNWe9V/NeLx/ZjjphqP2Df9Ru1r42iOp+ov4jeLfWxx2eybraP2I3FppyzzZM5XrH0lHnO+MOMy/Fn82uNS7Rt+J2k/sh6s6z7HfBndiaw/c75yrb84+3HrzxZXcL9NwX6h3It52Y+se9W+fb5mi7Ff/WS2uyAIgiAIgiAIgiAIgiAIgiBMEcXFc2ekHnBBIkFx8dxp9yOcfERqALvKR2w1N73/n84awGpNT4JqntGans4lX89c9dPVuDv+QbPv7vgH3J+uBsBp+rruz/CrVQ3V/Cp9i4srHCz8ZsGrUas0iM+sleuixWXajLxX/gXzpc6FWgtVjSfSxjSu2Lb2IUdNWXW+8lkftri0U9O9/vx5whqXuj5s608bvxj7+vHcNYAj68/iN/+4jq8GcD72I+vPElfgbzLzpRrMZ7/Q7Fv2C8u6zxrXLHHs+Sc59mLPbHdDEARBEARBEARBEARBEARBmAISjkNJyTySBQXT5iNZUEBJyTxP6SkIOmECWFHWBWo5VMVdqEYMFZiGKhMUJWEoIgztm+51RZ+mhfRVfbo+MrQ/Zz5UXQivvwIHOkNVooLb91jmfNWFMOeU0J+vCozYN/0qfVPj0kNQDqj2jbgUNaJqX1Mj+9d6dp2IfeVzxH50vrR4IvZj4jLsB2cs9onYj64PbH5VH1pc4cKJrD9zvtT1p6xD1X7s+jPny1CWRtaHZb6icenDpY2bNa481p9t3PzP5nyhz5ftvoqsP/X+zce+Sj77hTp2+ewX6tjl3C9s9s3RtM2TZb5OEMaffGC2uyAIgiAIgiAIgiAIgiAIgiBMEQnH4ZSSecyZUzjltufMKeQUSf4KWUjikkm0KCo5R301ValaewWXTEbFdXG9Bq7rkL0GsOvV9jT9hTgX34hT0wpli+HVnfDCv+A+/h2cM+syDQ7vVRR+ykJ3AcfFPfwCzilnwVl10NeJc8mNOOd9OPN5cA/uS48w8fCXY+Iy4lFfre0t8fidiVMbmv4C+6E/zLiCo/q4af6s9pVDLvFxqfFY7IevROZLd2Kzb8yT0anMtMWsv0h78719vjDjcskaV2S+Yt4H8RjrHtcJWmj2PRVsuO6tIlflvd2+P36RoYnYz7EeIvezMU9O9P6N3S8Uv7nWX2jHEtek9osc6y+w7x/S198JJAAG4NjOh+GTN812NwRBEARBEARBEARBEARBEIQppHhuEYXJAt54402OTUy8JVsFiQRz586hMJmcot4Jb1eSutwPHC8R5HgpFsfxE2jeq9E+SGQ5/qt/IlQ9qjiueji077iGP8D5swdhYVN48Zn1OGfW45z5PiYe+HOc8aNQXqtLB/2sju++vAbGj8LBJ3E+dg/O4jWhvfIanPIaEvMX4N63Puh2kHDy4smkp7zXIC7dD1pcQQRBXPhxnnMZiav+EeZXYmXsKO7vdzPx+Pdxn90cdKjgmvtxFq3E/f0ejv39RRn94/s+SXL134B7jImHb2Jix48z/hwnMg4AiUv/HxL/7r/CyB8Zv+9z8OIjmXj8CTTaW+fLsx+ZLyMhHo6jMX6OMk9qBtQx/Pnjp64/NSFprj/fnBPOU6a5EVeM/SAejHVuZAlt60MZICX5qx8O7itHHzfHTLAafoN4HGP9xbTXu6Pa19dhZJ7M+XIs86X6M+ybcdnWH9q4Tf1+YetnOG6GP7P9CcDEob24A7/DqThntrsiCIIgCIIgCIIgCIIgCIIgTCGFySSFpyR5c2yMN98cZ/zYsUldnywoYM6cJHMKp15NLLw9idQA9j/4ysFoLdGw3utbr8Fqr/EKLrz/a5nk76EncX9xLRN/Mx/3Fxsyl513JU7jl3Bf+jUUl+Nc+EWrfefCL0JxOe7vfo1z0Q1B8te9fwPHvvMu3P/zcdyXf4OzZA1O09cIa7Dq8fiiRqva0PTrqsdtNViVC/50EPfVZ8J/v98D7gROVQMFV36PxPK/0G2afn3mluK875NGn93An+u6UFaNk/73kJyrx2VTu6r/NH9u5FqzBrBra6O+qnZtfo0gtfWh1szNsv6CMq+TtW/OUxCPEZfhN96+edx+X2k+PPsu8XHF2zeP2+KCXDWAtek5Dvva+jPimvL9wh8rV11/WebLzWZ/9jm296nZ7oIgCIIgCIIgCIIgCIIgCIIwTcwpzDy6ef4pxcybW8ScwiQFiYRXRjSD4zgUJBLMKUwyb24R808pzjxKWpK/wiQINeK+itZQQoaKO0IBYdCeULnnP1ZVVdz55iz2yWHfKT07Y2/H38FzmzP60ed+nqnnu/w/Q9kSeOJ/QPWHcVbeDG8egZ4fBv6cus/g/LubMzZ+8zc4K67LvN/+d7h7NuM4Du7+f8NJJOHfvx/KlmR8GHGFSkhD+elHoSkwFYVlRFnq9SsogAvuvl8x8cv/os9IeQ2Jj/0Q58ylOMv/HHr/D7z5ujFt6kR4RyqXkWj8HBNd/5j57I+D5zhxwadxyhcHU+FvJlGFpOHHVDCr86XYDwjm27RvjCPheAadUs+YylK/mW39KR0PFds2+/4Jm317XIHA1IgrmEMzLq29YxhQlatx9omxH72vIutPU0jHrT+1vWLAMfxhs2/2M6qcNuOa1H6hmM9rv1DjMZTQPrHrT52vE4hjv3ua5CWts90NQRAEQRAEQRAEQRAEQRAEYRopSCQomJMAJKkrTA8JX5BqU9ZFFIOu5Z+q8ANdcefZDNR2Mfax2Z9Xnmn58mOKfRd3oDfT87mn4h7ajvvYtwFwLv9bnOueJ/HJLST+8nmclr/NXN+5CQ49BXPmZz4f3K75mejvztgrOsUSlxKPRUnoBuOGHpd6DURiU1ob4wnu73fjPv8vcOxNnFMqcBasiCoVbWrQOcU4yz6BO6ckMi+UvwfnPVdAQaHnl1CRGYkry3z5fTTnPW49+Cpa19Xsa2suDCkybtr6i7GvrQ3bfPlO1HmKiQvTZsR+dL4CW8o4hvNls88k7LvBvRG5r8z5MvpgXX82v2Y86jhG7CvrPfZ+zmbfiNPsc57rD9POca0/Zb5OICYOPT/bXRAEQRAEQRAEQRAEQRAEQRAE4SQn4QtSg1fvRFhzM6MWzZxWPnv/vKPgtck0yFyL+jmLfWz2//hCpt3S/6DYd3De5z0G+o8vZhR8j3+Hif/9QXj5NzAxDqlLM68v/4aJ//1B3Mc3ZZz69t73H7y+Z/wk0pnavxzel4lHi8vrm2OLS4nHjCsYT0tchDaCuAK/3rnXBzIxFBZDyRmKKpTAt6a8HfkDjPwB58ylFFxyvefH+5/jkGjciHPaObiHX4Q3h/W4wp7r82WNS4knEpdlPThm66h9NPvmKcv6C/zmsq8rWyPrz+rX82fxa49LtW/4naR9x2o/XPd5zZfRncj6M+crbv1Z4zLiyXI/T9t+odyLedn3P5vz5cTP12zjDr48210QBEEQBEEQBEEQBEEQBEEQBOEkJ1IDWBH7YSoJfRVdqLALj1kViSqh8FU7GGv/hS0AOI1fgnV34yxswvnEg7Dg/ZmWPbdlrknOg4lx3M5v4T74H3F/ujrz2vktOPZm5rwL7PXsLfogiau3wMImnI/+b5yLvpSxt/eXitLSUAxmiyscLPxmwatNIamNLnZFYkUNJOfC6Osw9LJFAWyM5fibTDzfDk4BTs2VOGXVgRKSRZfi1KyB8VHcPf+iK1bNzpu2XeO4OddeXKriE99vPuvDtO/qH6d//SmKVktcqoI2oiA15jLOvn483n4wX+b6s/jNP64c8/UW7PvHc+4X7iTnSzWYz36h2VfWnznWqr9scc0y7tDvZ7sLgiAIgiAIgiAIgiAIgiAIgiCc5ERqAEdrenqvmZe3WAMYI+mi2vf9erzcifuTS3D+7EGc866E867MHH/9FdwHrsE59Rycj9wBZ5wfG1xg69Xf4j76LSZ+2Ejiqjsh1URi/YOZc28MMfHPTTDQ6ykH9X6GNYCVuNQwtPZKPGZcgcDRCS5ygs/ep3dV4TT+ZxLn/3twHNxXfot74DdRkaJFtOg+twV34YU45YtxLvg0zkN/DUBB3dU488/E3f8o7iu94eVxcWm2/Qn0J95YD4RC0bAjeh9dfPuGP2t7J1g44bjp62JqagATnS9i5ktrHwYcjUvxp9gPDETiMuJRhlztZ7QGsBGf1j6cr7j7yomMg674zWo/0s8c+4XqL5/9Ino6y34RZ1/vZrQGsGW+TiTeGJ7tHgiCIAiCIAiCIAiCIAiCIAiCcJKT1BNirvdReVVVgb5qTsvgEZ7zElCu18B1lQSi2gw/H+Z6iR/Tn8erv8W9+4M4Zy2Hd6Xg8B7cfe1w+ntIrP4nmHsa7u86YHA3jL6m+cEF5hTDGefjLFqFc+U/4d67jmM/upTEe66C06pxh/qgfwfu4J6YuIx41Fdre0s8fmcCZWMoPXTqr6Gg/hrLtLi4L29n4t++GRk/1Zx61D36J9ynf4bT9EWcmivh6c0488/EWfzBTJJ7x4/h9POgoDCi+IzEpfZDmRczrqwJND8BGrHvf7a19+y6Mesv0t58b58vzLiC8ctjvmJ9EcZjrHs1a6rZ98Y8XPeWyDRfdvv++EWGJmLfovI2YzET1uo8KQll7RrbfqH4jfVnxmmLa1L7RY71F9j3D+nr70TL/QK4x8ZmuwuCIAiCIAiCIAiCIAiCIAiCIJzkJENpoPfiKyMNRV+oBNXbq8o9X2GXOaErC3105Z5NKev5OasBp+EvYdHlMPe08PqRQXjjD5ljj23K1PhVsWV1LrkR55IbSVx5G8w9FUoqwhBGBnH3Pgh7t+C+8JCmDNQVq6GSUI3fVB462ukwrlBB64QX/ekg7tHX9L6+1oe79yEmuu8MHZj5UtshByYe/184iy/HqVxGom49zrsqofh03Gfux336PhIf+Dpq7VXHU5jqSlDDrjlfMQpdMyEejqMxfsH60Nvr608ZP0NBa65DNXGNyGgAACAASURBVJGqzZerxKfGFWPfVLLGK0qj60MZIAwJtaH0jVeIhxfofqMKdHOCjLi07qj29XUYmSdzvhzLfKn+DPtmXJH2fjena78IHOh+owpjs0OcUDgFhbPdBUEQBEEQBEEQBEEQBEEQBEEQTnLCR0BPQvkZtlcViXYFn92+4sdiP3Hx1+D9X7f3uLg8829kkInHN2FVeBp+3c5NOA3/EU5fYrXnLLsWll0LnZtwH90UVaw6TkQUGhtXnELSf1UUwBP7fsXELz6vJzaxjJ/NsZmYdIHRI0zsupeC8veQSH8MnALcI69ybPsdGb+ucqlSR1VLWmZVVOZQ6AbXKuMWWR8xMeSzPrQ+e34s6y9QeE7WfmTdm5ep9rMojHUXuj+i95XWSImLmLji7ZvHcyj6rfazKIzztK8pdC1xTel+4a1Le3tLXJGOnWDMLZntHgiCIAiCIAiCIAiCIAiCIAiCcJITqQEc1BDFVCoSCgiD9ijJQy9plLUGcDTRGbF/7oeD5K/78Bdg7y9gZDDs8cImnE88CH/YEyg8dQWjGp6iePz9bkg14d6zGrfvsbDJ3NNwlv8nnKYbM//2tUN/dxCXrWaorjj1x8HwF1uD1QnGygk+EygfY2uwaqgTARQkcYpKcHFwu/4R9z0fxjl3JUwcw931U9j/aMaPIob1/U5fDWDTvjGOoM+Xvz6ChKrhz29mW39Kx/OrAWyzb48rrgZwsN7zrQGMsR5i7RNjP3pfRdafppCOW39qe8VAPjWAI/201QDW45rUfqGYz2u/UOPR7sOQ2PVn3S9mH6f0jNnugiAIgiAIgiAIgiAIgiAIgiAIJzlJPaGZo6anSyTBEqAkoOJrANvtB0pIF5xzr8i0fPzbuLv+2bCv5j29vmVTZMbUDHXVrM/RwxmF8OF9JNbejtOwkYlfXuedtCgIFSWhG3qLUUBmrwHs4up90ewb8Whj7epHk/OgqDQ4PvHkbSTKFsHYUSZ23Rv6cIPe4MbWAM4yX2o86rzYsDTJVoM1mxLX6sS1vbfMV5AxDZuaCuaoojTOvtkVz1++NYDjFKux9hVzLvp9ZZuvbDWA4+Iy41HXn1kD2NUTtfH7RZx941zOGsD5Pokgxr7x1q50ttxfs4hT/u7Z7oIgCIIgCIIgCIIgCIIgCIIgCCc5Sb1mLbE1N01loc+U1/RMXZZp8PRPcBwnYl9VSGr+MP3q7jUFpKMmir3Xg12Z86lLDb9hDVurfSMxnbMGsH4WIopVo+NB4OogWlJWXlyO6+Lu2cKx3VvCU148vk3Hs6/VyDUHzBpXjpqyjmU9aAlDdX0oZtRx8z/7I2Suv8CvZybWvn0B6PZNv4o/w29o34jrOGsAm/Z9ovZNv1nmS/VnzlfEr+EPw34kLutwzvx+gb5f5LTv5//N+TLv5xOERJXlMfWCIAiCIAiCIAiCIAiCIAiCIAiTIFIDWE+z5VK0ZlpOZU1PTq3OnPnTy5FLXRxdAQwRhWcuv4Hq1VRIDr2UaVCaChSzsUrILD70hJNFIalc4Pc/XsFsj8Eaqx8XKLVyjbau2lTtixNpY33v6Osgrgawf8iunFb8xfkKejXd689MIGdXPGdVkOa1/vJTVKvrXY3LqljNGtfx1QDOx37e+4W3bvKeL9WgxWk+iurI+JmK6Wz7xSxTcM75s90FQRAEQRAEQRAEQRAEQRAEQRBOciI1gKM1PX3FHaHgLmiPoqBzvI/ZagBjJF6iCuDgjKE81PvpXav6UxR/WmPHtOslkg1FqHaV+shgx/DjGvkpLS4lHlPZ7Ld76VGOfe+9gQHHUCTaapUCHPvxVZExcH97L+O7foqagjNrpKq5tYmOb3PsV9/WFZ/TVgPY/2jWYHX08dPahwm6cNz89eg1s60/peP51QAmOl/Y5yuuBnA0LsWfYl9T+jox9o0hV/sZrQGcrUZvOF+R9ad3P2ognxrAkX7m2C9Uf/nsF9HTWfaLOPt6N6M1gLPtF7NPweILZrsLwknAq79/bba7IAiCIAiCIAiCIAiCIAjCScyZZ5w6210QppmknhDLQ+EZp9BTElDxNYD1xJxZq9RRjLpmZsZMQPvqyYgiU21vrwEcql8N+xHfjsV+WAM4Og551ADO4ldTSOZQZNrmKd8avf6UxsalxmOxHxnP2Lhs9o15MjqVmbYprAEcZFL19tniisxXzHtTIZ6zBnCkRq8lMs2X3b5WQ1lrn6UGcFwsZsJanSeb8j1uv1D85lp/oR1LXJPaL3Ksv8C+f0hffydY7pdE1WKcinNmuxvCSYB8ORMEQRAEQRAEQRAEQRAEQRCykQylgd6LlwgyFX2hElRvP9U1gIN2pgLYVPrh6P6wt7fVAM6oAGPi8nzbagD7SkJrfwxFouP3MaZWaZDI9ccNAvuRcVQzhTH2tXFUH3Fr5FqjNVKd8IClvbUGsEWhaybEVfva+MXUANbXnxKfoaA158tWAzjw61jmK8a+qWQ12wfjF8RlrPdJ1gCOW/em36gC3ZwgIy6tOzlqNqvxmPPlWOZL9WfYN+PKe/291ZrhMfdVsD4iCmOzQ5wwFNRfPttdEARBEARBEARBEARBEARBEAThbUCkBrD/IbtC0m+vKPdiFHx2+4ofw35wxg31myGWGsA2hWcWv/41sQpJCFSMuhIyNoTo56DjcYrqMJ5sCk+rj1wKTFAUtKZCUp+nTDLM1ZOWWRWVORS6wbW6/ViFcdx75WBEQes3zrL+AoXnZO1H1n10/c1EDWAjpR2JK96+efz4agDHKozztK8pdC1xTeV+YasBHGKJK9KxE4fkhWtnuwuCIAiCIAiCIAiCIAiCIAiCILwNSATvHBT1nV8z1KtV6jiZI96rg4PjZM55Z4JXHAdTFGmzT4x9/tSXOZO6VPcX2Ee/VjkeqUeLY/hVlZ96PInUpZkGRw5qceFE7RsiSK1PYWPlWnWUHO+ff8RRXtV4rPaJt++E9oPxVP2Z8+Uo8TkWf+Z8BQpMstiPxoUZlz+O5nz5/sx16Psz5kuLx5yvWPv+e5v9aFyBPzMuxzJfjmZWHzclLuv6s8UVsR+9ryLrw5yvXOvPXA+51p9lvkL70bgmvV8Qta+fiVl/kfvKsdhX5smcrxOAgiUXUnBu3Wx3QxAEQRAEQRAEQRAEQRAEQRCEtwFJ/RG6OWp6umRXBJpK1kgNYLv9QAnpAv07cN6VwvmzB7P3fGETzpf/FMlN5crpOFc/mLWN++zP8q4B7A+HNn5WxXScQhHjuGrfXgN4copV2wH1uC2uLPMVq1jNHpcbvKpxGQLgLHFZnVjVvZb5Mh6JbVMwRxWlcfbNrjhWBXdsDeA4xWo2pbJvzkW/r2zzla0GcFxc2dafY9pHW2fx+0WcfeOcTfmex/qLPokgxr7x1q50jlEgzzCFH7hmtrsgCIIgCIIgCIIgCIIgCIIgCMLbhGRE1eplS8yam2HtVVtCkqmrAfzLa+HIf4f3fBzmL5jKWLMz1Ifb381ExzeIqwEMYNbKddRhAUPN6ERrAJsJSX/cvGtcc9yMGsA55yumBrBaQlebryBZafq1xeVkrylrtW/EZ9iPxOV/9sfPXH+BXyUuq30jHqt906/iz/Ab2jfiMmW5edYANu37RO1PYr5Uf+Z8Rfwa/jDsR+KyDufM7xcY+0Uu+5F1b4yfWVN5FkgsrCV5Setsd0MQBEEQBEEQBEEQBEEQBEEQhLcJkRrAepotl6I103JKa3oC7ra/gl//laW9JRFoJjxz+I0khCztI4pBUwmZxYdu316jN5RJOvGKRF0IGR8PaqLLrJVr9k2fp6AGsBpXnK+MYavyU1s8/otLJK6oYjVXXNO9/swEcnbFc1YFaV7rLz9Ftbb+1Pkix3xF4jq+GsD52M97v/DWTd7zpRq0OM1HUR0ZP1MxnW2/mAXmrP3CbHdBEARBEARBEARBEARBEARBEIS3EWEC2FAMBkq7QKFLKLgL2qMo6BzvoxNR3untVfdRBbBDtvaqfSdQ9JmKP9W+qbQM/GnKTP0S1W9oX4lL7ZbWXrVvxGUKHINxMcbPNeKJtNc760TiUuYr0t42bkZchn1TyWnaj9RRNfy6xMyXtX2YoIvE5TezrT+l46p9bT2o4xh0QLUfM19mQtI7EY1L8afYN5XfVvvGkKv9jIyba8Sntbesc+O+ciLjoC/MrPYj/cyxX6j+8tkvoqez7Bdx9vVuTm6/mHmS9S0kL1o3u50QBEEQBEEQBEEQBEEQBEEQBOFtRVJPiOWh8IxT6CkJqPgawHpizqxVGvqzoPiNU0a6ih88ZaBViRsoL+32Q2z2wxrA0fbTXwNYV14eX41ef0pj41LjsdgPX7Mk0PwEqEXxqc2T0anMtE1hDeAgk6q3zxZXZL5i3psK8Zw1gCM1ei2Rab7s9rUaylr7LDWA42IxE9bqPNmU73H7heI31/oL7VjimtR+kWP9Bfb9Q/r6m+XcL05BIXM+edMs90IQBEEQBEEQBEEQBEEQBEEQhLcbyVAa6L14iSBT0RcqQfX2U10DOPDn42dpFLOmok9vYMRjxmUoPs24bDVeM+mpUEmo2jeVhzlrABtx2WqwRsZRzRTG2NfG0VIDOHBrzpcpNTbax9UYjsyXkRCPzBNmXNjjctWPxvpTE5Lm+vPNqYpPxzJfMfZNJavZPhg/y/pQBkhJ/uqHI+vPrH0dXKD7jSq1zQky4tK6k6NmsxqP5b6KzJfqz7BvxpX3+pv2/cJUGJsdYtaYs+HbJKrOm70OCIIgCIIgCIIgCIIgCIIgCILwtiRSA9j/kF0h6bdXlHsxCj67fcWPxX7o17xMVfBNZw1WPR7XS6jGhBD9HHQ8TlFtxBOj8LT6yKXABEVBayokLXFpilVLPJrfHArd4FrdfqzCOO69cjCioPUbZ1l/gcJzsvZPkPVnpLQjccXbN4/nUPRb7WdRGOdpX1PoWuKa0v3CW5f29pa4Ih2bHQov/wsKm6+Z3U4IgiAIgiAIgiAIgiAIgiAIgvC2JFIDOKghiqlUJBQQBu1Rkode0ihrDWA14ZPdfnyNVD+5Fyo8dQWj1lhRPJpxxdnX47LVDNXSc5oCU/GXTw1WLVAlrlj7yjjmqDEcX6PX8DdtNYBN+8Y4gj5fflwY8zUtNYBt9u1xxdUADtZ7vjWAiZmviH1i7Efvq8j60BTSeaw/1UA+6y/ST1sNYD2uSe0Xivm89gs1HvM+CdzFrD/rfjEzJC9YQ9G13555x4IgCIIgCIIgCIIgCIIgCIIgvCNI6gnNHDU9XSIJlgAlARVfA9huP1BC5rSvn/ftxyoyY2sMW5zkqyBUlIR+d7XxM/35xrPFpfqzKDKVrOAkFatxcfnHbXFlmS81nrzs62+z1WDNFlfO+VKzhraassojsTPLIovC3bLOYt/7/vKtARzYd/O0r5hz0e8r23xlqwEcF1e29WfWAHb1RG38fhFn3ziXswZwvk8iiLFvvLUrnfX7a7opeF8zc6//4Yz5EwRBEARBEARBEARBEARBEAThnUdSr1mLoayz1QC2JSRVZZ2fLNKVhT65anrmth8q9zR/mH5192YN1jBR7Pv1LidqP9M6xr7abdWf9/+RuMyEpKP1RqlZ60QbROxbxjOmBrBNOar5MwfMGleOmrJW+0Z8MTWAI8plf/zM9YcxX7H2zQVgs59lfRh+Q/sx62+SNYBN+z5R+5OYL9WfOV8Rv4Y/DPuRuKzDOfP7BZPcLyLrPma/mAGSF6yR5K8gCIIgCIIgCIIgCIIgCIIgCNNOpAawnmbLpWjNtJzqGsChff1Sq4LPTHhm9ZtFIam0j/gzlZBZfOgJJ3uNXu25xFkVzJYYjDi1hLVRozfaN33cghrAalxxvjKGrcpPbfH4Ly6RuKKK1VxxTff6MxPI2RXPWRWk+a6/LPa10CASl1WxmjWu46sBnI/9vPcLb93kPV+qQYvTfBTVkfEzFdPZ9otpovDyv5DHPguCIAiCIAiCIAiCIAiCIAiCMCNEagBHa3r6ijtCwV3QHkVB53gfs9UAxki8RBXADtnaq/aN2qiK4k+1H6kBHNSy9VqYiSDDb2g/W61SggRXaN+IyxQ4BuNijJ+lVqneXu+sE4lLma9Ie9u4TVcNYP9jzHxZ24cJukhcfjPb+lM6nl8NYKLzRcx8mQlJv1ZuJC7Fn2LfVH5b7RtDrvYzWgM4W41eyzo37qu3VAM40s8c+4XqL5/9Ino6y34RZ1/v5uT2i6nHKShkzoZvU9h8zfQ6EgRBEARBEARBEARBEARBEARB8EjqCbE8FJ5xCj0lARVfA1hPzJlK3NCfBcVvnDLSVfzgKQOtStxAeWm3H2KzH9YAjraf/hrAuvLy+Gr0+lMaG5caj8V++JolgeYnQC2KT22ejE5lpm0KawAHmVS9fba4IvMV895UiOesARyp0WuJTPNlt6/VUNba56dw196bCWt1nmzK97j9QvGba/2FdixxTWq/yLH+Avv+IX39TXPul2R9C3M+eROJqvOm2ZMgCIIgCIIgCIIgCIIgCIIgCEJIMpQGei9eIshU9Jm1cv3Xqa4BHNbo9fCzNIpZU9GnNzDiMeMyFJ+RGsCKMlBTDBIqCVX7pvIwZw1gIy5bDdbIOKqZwhj72jhaagAHbs35MqXGRvu4GsOR+TIS4pF5wowLe1yu+tFYf2pC0lx/vjlV8elY5ivGvqlkNdsH42dZH8oAKclf/XBk/Zm1r4MLdL9RpbY5QUZcWndy1GxW47HcV5H5Uv0Z9s248l5/075fmApjs0NMOYmFtcxZ+wWSF62beuOCEKGXW29opzv2fCnrvrqRNRUz2aU2PvujPhr+/AauS8+g3ynBG8+alXzvsysotjY5meMTBIGBrdz03R76YxukuO6WVhpmsEvdP76FW3fNvN8pwR/PZS3cdm2OTXEybQVBOGHof/h2bnpoKL7BjN/TA2z57k/YTB03f3UVlTPo+aTgSB+d7dvYsmOAwdHMocL5ZdSsqKf18joqi2a3e4LwTiDz3W6afhb3vk9xxTXcfPkUGZfvaIIgCG9bIjWA/Q/ZFZJ+e0W5F6Pgs9tX/Fjsh37Ny1QF33TWYNXjcb2EakwI0c9Bx+MU1UY8MQpPq49cCkxQFLSmQtISl6ZYtcSj+c2h0A2u1e3HKozj3isHIwpav3GW9RcoPCdr/wRZf0ZKOxJXvH3zeA5Fv9V+FoVxnvY1ha4lrindL7x1aW9viSvSsamjYMmFFH7gGpKXtE69cUHIRWmK1o8spjRyoohU9KCQiz3buOXhKr5xedVs90QQhOni7Fo2Xmq7x0upnvHOCIIgnPhUN62i+RzLibLUjPflHcWBLm5/9CDly1axbmmOL/avbONbf7udvokiqpemaV5WQemRAbp/+yK9HVu56dHdbLjpappKAIbofXArXa8toGV9I5OexSO9bP7FXgbPWcHGi2UNCIIgCIIgnIhEagAHNUQxlYqEAsKgPUry0EsaZa0BrCZ8stuPr5HqJ/dChaeuYNQaK4pHM644+3pctpqhWnpOU2Aq/vKpwaoFqsQVa18Zxxw1huNr9Br+pq0GsGnfGEfQ58uPC2O+pqUGsM2+Pa64GsDBes+3BjAx8xWxT4z96H0VWR+aQjqP9acayGf9RfppqwGsxzWp/UIxn9d+ocZj3ieBu5j1Z90vJk+iajEF9ZeTvHAtBefWvTVjgvBWKCojXV8nCogppO+hB9mc3si6s2a7J4IgTAunLqSxXhQOgiAI+VJ6Xh2Nsm3OPK/10bWjj8ozRlm3NFvDUboe3E7feClrvqJ/h228DDiyl7b2w6RLwvZ9vfvpGjhGw/EkgI8O0L1jP/3ji9l48WQvFgRBEARBEGaCpJ7QzFHT0yWSYAlQElDxNYDt9gMlZE77+nnffqwiM7bGsMVJvgpCRUnod1cbP9OfbzxbXKo/iyJTyQpOUrEaF5d/3BZXlvlS48nLvv42Ww3WbHHlnC81a2irKas8EjuzLLIo3C3rLPa97y/fGsCBfTdP+4o5F/2+ss1XthrAcXFlW39mDWBXT9TG7xdx9o1zOWsA5/skghj7xlu70lm/v2w4BYUwtwSn9Ayc8neTqFpCwTnnU7D4ApwK25/AC4Jw0lNRSmpwiC1/30bqxlYa5s12hwRBEARBEAQhGy/SuxsoX0Sj7Q8Y5y+m9eMz3SdBEARBEARhNkk6178OhCmQuNepYqb8CIIgCIIQ4teY3PhXi9nzw210vjIOyRLSH/wQGy+voP/hB7i94xCDo1BYWkXrf7yaZv+XR0Gdoau5vvwJbv35fvqGobCkjMar1rB+eQWF2ZxPHKbr51vY7NciSyZJLV3O+tYmqucBL7Vz4/d7GVy6kr//ixW6rYPt3Pj/9TJy4Wq+94laAAZ3PsjtD+5l3+FxSCSpTF/ExvWNpJLKdUf30972a7Y8c5iRcSgsraD542tpzfXoPIDKRm5YvYcbf9THnW291FybttcD9hkfoLtjG1seO0TfkXEAihcuYv21H6OxzBzDj7GBJ7j13w4xNA6FZy1iw2c+RiM93PnjbXQdGGcskaTyoha+9vFaze/I/k7uvH8HvQfGGQNKF6XZsKGF9PzcIQmCMFnCGpNf+zPY8pMeeoeAolKaWj/GhmXQ1XY/d3d7e8xZtVz3+dWk/T8YCeqFf46WV5T9tayKNZ9YzZrzcuxFxh5GUQnVyy9i40frKE/AyJP38IV7D1He3MqmK3Xd1tiOe/jLuw+RuurTfOOysugeXFRKw5UtbLw4pe23U7rHHO7h7rufoHP/MGOJJOVLzmfjB4/DjiAIJw9v8btOUA/9v62g/65/Zcvzw4yR2T82fHIVNTn2InMPKyyroGn1GtbXlwHDdN72D9y5p4SWL32O1gXqlaN0/fMPuP2ZMlpv+jQtozPwnS0Yq1auL9vO93+2n35/f167musuqgJ6ufWGdrq9S/of+gmffQioiKt9XELpfGBwP12vkPUpNnpd5z5uveEWABr+/AauS8PQgS623L+TrgPDwX+D0s0fYuPliyj2//s44F2+q53P3tAOeLXsvf/+VZr1SW3Hj+5ny13/SvsLGT+FJSXUXLiS9atrKU9km21BOMnI654PGRvsoe2nT9D50jBjE5k63ukPNLG+yVb2yb8nvXsw1/FJfEfL6+duQRAE4YSm4Jvf/OY3Z7sTgiAIwlvnlYHXJtV+3pwCHMcJ/gFZ36O+J3y4eKSd8prrmPk+n8+5jscx2faFhSfDbx0G2N6+j/55Z9BQV07hm6OMqv/GHebOyfx01r/rN2x/9Q329PRBTQMfv6iMkZde5tln97L3xed4aPcEF1x+MRecPsS+Fwbo3jXIkpXvodwBhvfT8dgrjB07xCM7R1nUtJwPLy3hj787wK4dv6U3eR4rz/WeJzfwLL/oGaKy7mIuOBOYOMSW//kT7n52mNLFaT58xRKWFPyJ3p0v0NH1CosuruXM009jYncPz75whOKL6qmeG0bY+y+/pOPgqaz7zOVUz4X+rbfz1z97mdfnv5u1q1fQuHCMfV29bHlmjAvefw7zAUZ3c/u3H6D94ASpxhV8fOW7mT/wElt//VsG3r2Mhoq4n1i98Tyrmo+3XMy7/7CLzp3P82y2+IC+B3/CLb9+jdJzamm5Is0FVcf4Xc9LdO7w4kuGYzjU/yKdf3gXLVesIH3KYfY89wrbn9vH3kefpn/B+1h32VkUvHqIvc/tZW9JDU2pTDZp7Jn7+Oo/Pk2feyorP3wxH6yZy8Azz/DQY4oPQRBy492Lr5dXsvK8+fqe+eYooxNJ5hYmgGH2PvZb9hz5I907XufMSy9gzdIC+p97hWd79rN3/046Xi3jw1ekqSn4A8++eIiu/ROsvDDFXAj2isKhF2nvS3Jx84U0LTpG/+6X2f7kM9pelNmfS7ngQ0szv9A/2sutm37J1oMTpOrSrF11NmcOD7C95zm2PpvZ68oqk/yxcy97Xh5j0b97D2cG/4k7zNb/8yjPji1mw4Y6znQG2PK3d2b24PPr+Pjl57FoYoDOjm52KXvbce8x/nieVc3aZd6meLSXW//m3/jNQIJ3L0+z7gMLmX/oBe7e9gpjY8cYU9sKgnDC8/qL3XS8MEr54qXUlI5G9s2Jgrlkts239l0nsxcW8Mf9v+V3ySW0fGgJS/gjvc+8ROdT6l7k7c+cRXPTucwHRnrbuPGfnqXPPZULPrCcDy8t5fWX97P9iR5vrzuNVMkgW7tfoe/YaXz4/DPCAIee4I7/e5CxC5v5/PIzZuY7m+dj5PBLtO8ep+HyTLvB373Mnp69/HHRhdSdPpeyitOoedcQ3X1HKU03ck1LDQ3nn0N1+XwKIjNVStn4s3TsHWLvE0+x/aU/MTZ/HpWnzKfQ2MPnlsyj8twyeOkg/aNlNH/qYj74vnNJn3MWZc52/mnTo3Q7p1F3aT0fvqiS0sFDdHU/7X0nLmV++Xyqq46x7/khRs+uZeNHltHwvnNZUnkac73//s0/bxnN1SWh08jxPtr+35+x5WAi+L5eNnyY7d1Ps69kKU2puQjCyUpmP5tLTVMDS0rI8573Ln6pnb/+2yd49kgxSy+rY23Tuyl7/fd0PbaPifQKlhZkbBHcS96eOKx8lwT78Ul8R8vr525BEIRpYHxsYra78LZCfl0oCIIgCCc7g73c8s3e6PGIQmCU6tWf4/oLM7+MaTz1Db5w2172vVjChpuvpmkeQB3lw7dw664+eg9AzdmKm5fmKu2g8YKF3Lqpne6HttLVdDWNRdEujO3cxuaDUH5ZKzdf5anU6htpPu8evnDvfu5+uI9NV6ZovrSKtrsP0fnkAC2+KmB0Ox3bx2FpmubSzOe2h4agoo5vfGUVlYlMf5sWPsAXbuuh/fmVbFgCfQ9vo2s4ScOnPs119V6s9e+l/H/eQVvHU7QubbL85bRJEelPfox1r9zD5oceYMvSjayJUVKkVl3N31xRSmnwraqOA2YeNAAAIABJREFUdNEdfPn+/XS9AGmlXttI0RK+9pUWqhPARSnov4O2AwMMXtbKJm98ms6Fm77bw77dLzLWVEYhfWzevJ+ReSk2frWVRm+eGpe9i2/d3MWWp4ZIN+WhbBYEIeSZTr78TGf0+LIWbrtWKXJ5NEnT9Rtp9fbCGu7gy/cfZs/hNF+70b+XF8F3f8Lm/QfoHYUmZS/sG1oQtqOOpvRWvnVLD12bt9GytMVac7Fv62N0D0P6E58O9mvqm2i4/x/4ziPbadtxEdcvr6X5om10duyl8xlI+10+uJ2OA1DeXEc6AWM7trL5IFRefjU3X+GpS+obSd37Pb7f8QR7Vq2lZor3mH0PbsvS/9G87QiCcGLR23Y7X26LHvdVoz7H913H5zBDC8N21DfS8PDt3PRQ+J0xSh9bHuhjJFHFhq8q31Obamjb1Ea7/z21po6msr20b3+a7tZaGry/9ex79Gn6KKGlqVazOhPf2YaOns7Gv1LanTbMZ3/UR+/uPliSorq+jurkXm7vPEzxgiU01leQjcpVf86mUx/IqAv39NK2p5c2PDX0qpWsuTBFaSLz1IrGswYYbO+im1Ooqa9TVIMr2PDXiyktDfvZuOx0xm56kM5duxlctZLKmjoqy/7All/2MXTqQhrrj6M49MBeeg9DcdMavvbRRRk/9U20HhlgcI58rxXenuS656GPtrt6GZwoZc0NYS3vxvom1g0NMVYKDMTbz0Xe39Hy/LlbEARBOPGRBLAgCIIgnOyUpmj9iOVxUPMqKNcbUn2u8pf4ZSWUAiNLa4NflgFUVpbCriEG/2TYM9oxL03L8m10P3KI3hegcSkRep85BJTQ2Kj/wq54RS0N9x6i+/n9DJKivP4SWh5qo/3JHvouzyRFhrp66Z1I0nSx91joF/ronYDymhTFw0P4D65jwZlUs5d9Lw3AkiS9zw8DVaTPG2foiN+qgNSiEnikn32g/JIrC4kq1qyvo/uWHjb/sJ2aG1uotrWbV6qM/TgjR4ZhTka1EPnDxUULvUQQQBnlZcABY3wqKqgE+g8PMQhUDu5nz2FgaYqa8SGGjvj9O5Oacmh/sQ+ajuMXb4LwTubsWjZeWhU9XmYkFxIV2h/ClJ52CnCY8uXnK/dyBZWVwMAwQ0OA8vt5vR1wVhPNS3q4c08fvYOQ0jdpYIDeZ4aBFI0rSrQz1Y2LKX+kh97nXoTltaRWrSC9bRvdT21nLJ3ZJ3s7dzNIGa2XZuLY81xmD06fV6Lsh5A6uwKeHGDfANQkpnKPGWDPC6NZ+z+YpyVBEE4sqptW0XxO9Hi5mZM9nu86wYnod8bKy+pIP7SNXv87o9kBL5FI2viemkjRtLyE9of976kp1lxeRfu9fXTuHKVheRFM7KbjiWFY2EjLAsPuTHxne+/5XiLI48wyKumjf2iI4yNJ+fKPcfPycUYGD7Dv2b10dO9mz4EBOtra6Hi8jpu/6Cdz4lGTv4wOM/RmkuISYCzzSOspoTxFdUkPnTs7aTuviDVLqiguAuabP78IwtuIXPe8v4fU1EX++LiwtDR72aWcTOI7Wl4/d2f/gxRBEAThxEASwIIgCIJwslNURrq+zlILzKSUSttvVBLRh8jZKK8oixwrLp4LjEYTnQCMMzYKkCTyRG3fp/+LpESKlkvLaL9/Nx17WthQ00f7o4ehLE1zjdf0jcxfJQ8+8gBffsTirv9VoJSRowCHuPObt1saJekfQEvQZOWsVdyw/jA33tXL9++qZFN9tMnYYA9339VJ18G4cQipPON0y1HL+KgcHWUE4hWLiQH6IY/5FwQhIF/FUnmp9RfRhQX5/RhVeYa52RRlfsENYN0v3sjUWwTLvknmF3/jXoN5K2he8Ri9T/bSMbSClrnGUxMYZ2QYYJj2W2+n3eKt71Xg1KncY/LovyAIJyWl59XRmMe2eVzfdUIv0e+qRUWZvSMu+Th6zPsuafk+6+3V/vez4hV1ND1wiM5Hn2JoeRPFO3voPArpSy+I/CHlTHxns/uYCpIUly8ifdki0pe1wGgfm/+ujS0He2jb2cT1yy2P7fGZGGLP1ge5+9FD9A8b56Yy35NYzIYvroIfbqP9R/fQDhSWlJH+oFfn9GSoxiMIkyTnPe/vIf6+N6Xk/x0tv5+7JQEsCIJwMiAJYEEQBEEQ8mJw4DAYDywdGXkDsPwQCUCSwiKA8WhidOJY5rUwGfywWdqYJv2LbXQ+vp1WDtF5GNLrVwYeC716xqXpRlqXnRJ1V5YCRilOApTR/Kl6i2K3iNQknypXXL+aDb13cOuuX3HnhJkE30/b97fSebSI6osaaT7X69fvdnJ75+HJOYqjqCAzRnGKxYjSWxCEE4X+3w8A6n07yoj/hD3rvjnX28O8hIXaZoJMkiMZ/giXbqql/MleOh7to/FdvfROlNDyIe+pCcEeXETDlU00nBr1Vp4CRqdyj8mj/4IgCLEM0T8IqMq30dHM3qF8Z9Twvyf53y1VjmWyHcH31IT/+PynaT/4XkofPQRladZlS4hOhhP1O1tRinXNKbbc1cfgYeNRFQZDTzzALQ8NUFiRYt3qxZQXAbxO9y+66H4rfRi3HCurY8NX6tgwPszQq4fo2raVtvsfoO9PrTGP+xaEtzn+HuLte28tCWz+DJ7/d7T8fu4WBEEQTgYkASwIgiAIQn48s5vOo3Xh4/Um9tK5YxQSVaTPs1+SXloFuw7R1dXHuqvCHxRHtu+mGyhfsij8RViRr2br4ZbXhhiZt5jmeuUXcksWkU700fs61NTX6UqN8XHGvKRIemkJmweGGSupo9GoTTQ2DoWT/vZTQsOnPsaa/nvY0msWXXqdoWGgopYNH28KFB37+p6YrJN4KhaTLuuhf3Cc0mV11Gg/rI8zRswvRAVBmHUGdzzNvpaq8DGiQ0/R+TxQliJtzQJUeHtYH13bh2m8MHxE376uvQwC6fecGzZfsILmhb20PdHO9+cNRR5j6u/BQ4UpGuv1P2AZGx/39sOp3GPC/nc8fpjGptCn339BEIR4hiPfGYee6qUX4zujiv89KfI9tY/OHcOR76mpS88n1dFF5733UXwQUletsNZjPy6m4zubp2weed2U45qM0nX/FrhkLY3l5pfdYbp2HQKSVJ/tJ3+TXnbpjczTc7xxGxnO/JVSenUra3zF99HtdN0NqHnyhBfL8AgjQLF//IwyyumjX1MI+v5VhhgcLKG8PAnJEkoXLKZl/Rvs29FOd/8AY6Tk+63wzsPfQ/b0sOWVFUENYICxoSHGSkvDey28iPIzgYEh/UlXr+yme1Bvl/d3tDx/7hYEQRBOfGTHFgRBEISTndHD9O7soS9yoojUe2upnCJRQ2nlMJu/ewd7Lnkv6aI/0PGr3ewbhtQVK2mM8VFYv5J12+5h8yNt3DSQpmlFKWO7n6Vj52EoWcT6y/Vfuflqtr6DUN5cR1r9xVnRClpbeuh9qIsbv3uA5vfXkpr/On279tO1e4j0Zz7PhiWQWnUJDU+203nbD+ivr6Wp9nQYPER3z172zFvOps83Resl5yJRxboNdfTe0kOf9pfUC6hZBN37e7j1x9CSLqJ/+x66DthkDsdLijVrU3T+aC+33HwHjZe8l3Q5DL74Il07DlG8+tN8rSn6eG5BELLw2gG6dlrUYpRSU79o8ntEDJXz+rjlf9xD8/trqRzdS/u/9dE/UUTD2ktiEw7+HtbddgffeaGWptrMvtKxZxgWrKBVU6qV0XxpFW13H6LvKKSv0B9jGuzBP7+Dm3anaVpRQemRAbp/+yK9A1Vc/8211CSmdo8J+v/zO7jpxbpgX+w4ME4xZB5tKAjCScfQCz10WVWci2g8e6p2zVKK9/2cm26rzXxn7O1ly64hKEnRuip21/T2sD7uDL6nDtH1m156D0Nq9Sr9e2rpBbQs7eL2Z4YYSVSxsXEqv0NNw3e22jRNJfvpfHwLtxReQNOCCvt/p4Z76Xp8P72PfI+7F1aRPm8h6QWnMDZ4iO7u3fQOQPGyFlqDP44so+nCMjb/fIC7v38fIy3nUllZS/rsCooZovtnd3D3H+tJjb5I528O0W9+1y9P07RoO3e/0Ml37h1jzZLTMz93nLWYhrIe2ndt45ZfjtC0AAZ37WTLM8bi2bONb922l8JFKRrft5jU/NfZ92gP3UDlOZL8Fd6phPvZlr+9nb5La2hcAH3b99CxZ5zmL32OVsvN0ZCugt5DbP7hfRRecS6lRw7R/m+76U+glRzJ+ztanj93C4IgCCc+kgAWBEEQhJOdoT7a7oqmf6GUdV+tZc0UlecpTq/m+vIn+H5bJ12jmTpdDR9fxcaLLY+480lUseaLn6b851vYvKOXtj1AMkkq3ch1rU1Um79MWnA+jeW9bBkso/nS6C/6Ki/fyKaqdu7+5W467j+UeTTW/DLSaz7EOl/dMS/NdTeeTucD/8rmXT3cuSPjs3LhYjZ88qLjT+yctYobWgf4wr2qgqGM5s98jJG7/pUtvT3c2ZukfMlybvhoPzdZ5+T4KE63sulLXbS1PUVXeyddE1BYUkJq+So2XiTJX0GYNC/t5vaXdltOpLiufhENU+Sm8vKr2fDKA9y6ZStD41BYVkHLurW0Li2Jv2hemutuPIX2tl+zxd/DikqovngVGz9aF1HAFdbX0nD3IbrNpyZAsAenHvxX2p709uBEktIFVay7dmWgTpvSPWZemuu+MpctP92q7Ivnc8On4c4f9EgCWBBOUvZ1bmWfpawty1povDaP4sB5Ucqa61bRf9e/svmuYcYSScoXpVm/oYX0vPiritOtbPp8J3fev4PuhzrpIrPfNn9qDevrzT2siMb6FLc/00fxirrYP2I8Xqb8O1tiMRv+ciUjP32M3o5O9sT9d6pkBdf/9xTdHZ20dx+ie9shuvzaxxUVNK//EK3LK7TEamnTn3H9a/dx9+P7abtrP5VXVJG+fC3f+NR93Prz/XTcv5XCkjKa1q8hff99bNYcltH8mdUM/nAbHdu7uP1J/+eOFK3XrWLkx9vo6uhkTyJJZfoivvbJPr51t/LdeMlKrrtqlLZfHaL9/szxwpIyGq5aw4bLpLao8M5F3c96O7roxft596qVtFSC7XEqhcvX8rX/n727j4uqzvs//pphYGAQRxBBQPAWBZUUvMGIdM3CNsvsht3y2rJtrV33pvqtXrvttVf+rq3fXm176V7Vo123crey1nKx1jQtKTKVNEpRwxRvURRRRBSRm4Fh5vcHgqCgoMDc9H4+HjyYOfM953zOiJ9zZj7n+/2WrWTxuob/y77WMCZ/fzoJH6xkdfMBrDpwjdauz90iIuL2DE6n0+nqIERE5Npt31nQofbBPfwwGAxNP8BlH9P8MWCgjXbNfl9p2cWP2/P8Ssvb0tH2ARbdI9WkJIv5z22HWx/g6Vu6+AuZ8myeeTqH0vG38cL347t2XyIiXSUvg0deLyTpobnM6ay6SFvyV/L4q/sIvfOHPDVRN4SIiGfKXbKQRTtimLMwvdNuwmlL3rIXePHLnqTP/yFpndV5WURERESuWXVVZ46oJ8YrNxERERHpHnkfbaWQQFJTVfwVEbmyMjI/2keVMZK0Th3GVETES5Vns+JLO4xIYLKKvyIiIiLixVQAFhEREfdQvYV1W+wQPZK0KFcHIyLiAQ5vYd0RumQYUxERb3Tgs50UYiI1ZazmmRURERERr+bxQ0Bv2bGXD7NyOH7yNLW1dU3LzX6+RPTtzZjrhnLr5HEujFBEpHtoCOjL0xDQIiIiIiIiIiIiIu5JQ0B3Lo/+dnvtZ1tYvmp9q6/Zaus4VHicQ4XHCQ2xMnbU0G6OTkRERERERERERERERESke3lsAfjw0RMtir8TJ1yHtWdg0/NTp8+y6atvAHh5ySoi5s0iKiK02+MUEREREREREREREREREekuHlsAPl5S1vT43+6ewnduGH1Jm4HRffnHe1kAHDp6XAVgEREREREREREREREREfFqRlcHcLVOnDwNQO+QnowZNazVNmNGDSPQ4g/AqbKz3RabiIiIiIiIiIiIiIiIiIgreGwP4JRxIzh1+iyTrh9FUI+AVtsE9Qhg7k/S+WRjLinjRnRzhCIiIiIiIiIiIiIiIiIi3cvgdDqdrg5CRESu3fadBR1qH9zDD4PB0PQDXPYxzR8DBtpo1+z3lZZd/Lg9z6+0vC0dbR9g8dh7pEREREREREREREQ8SnWV3dUheBWPHQJaRERERERERERERERERERacvvuTUePnaSgsJjikjKOl5ymtrbumrfp5+dLdFQfwkJ7ER0ZRkxUWCdEKiIiIiIiIiIiIiIiIiLiWm5dAM7N28cby9ZSVW3r9G3n7T4INBSDp35nLNOnpnT6PlpTXVPLi4vfY39BEXNmTSfputhu2a+IiIiIiIiIiIiIiIiIeD+3LQD/5bX32bZzf4tl/SL7EBjgf83brrHVcvjoCQBqa+tYlbmZg4eLeeLRe6552yIiIiIiIiIiIiIiIiIiruKWBeB/vv9ZU/HX7OfL/XdPYcTQ/vSy9ui0fZRXVPJlbj7vrdmI3V7PN3sOkZO7m+Sk+E7bh4iIiIiIiIiIiIiIiIhIdzK6OoCL7dp7mI83bAWgR2AALz37GDeMG9GpxV8Aa1Agt0waw6LnnqB3SE8AFv9jDQcPF3fqfkREREREREREREREREREuovb9QDe8c2Bpsd33ZbaLfuc9b2p/OmvGQBs3rKLQf0jumW/7eF0Qv7+Qt5bvZHCohM4ndCndy/uvDWFcaPjMBgutD1Tfo6PN2xl6469lJ2pwOl00svag+/eNJ7vpIzGaDSQnZPHkoyPGTY4ml/8aAZ+fr4t9rfpq294fdlakpPieOj7t+LjY+TU6bO8/+HnbM3bR21tHT0CA5gwZjh33pqCv9mvm98RERHpKHt9PbU2O7V2O3Z7PQ6HE6fT6eqwRMQDGAwGjEYDJpMPfiYTfmYTJh8fV4fVpZQzReRaKG8qb4pIxyhvKm+KSMd8G/OmXB23KwCfOHkagMi+oUyccF237DM+NobwPsGcOHma4hOnumWf7fXV9nxee+cjjEYjw4cOIMDfjz0HjrD4H2soLSvntinJAFTX2PjL6ys5fPQ44X2CGZ8YR21tHfn7C3lnxTqcTidTbkwiIX4QYaG9KCgs5vDRE8QO6te0r9raOjZv2YWfr4mJE67Dx8fIyVPlPP/KckrLyukX0YeoiFAKi0rI2pjLkaISfvbwDAL8VQQWEXFHNlsdVTU27HYH/mZf/M1+mAJ98DEaMDS/g0hEpA1Op5N6hxO7vZ66Ojunz1RiMhmx+Jsxm32vvAEPopwpIp1BeVN5U0Q6RnlTeVNEOubblDfl2rhdAfjIsRKAq+qF+2bGx2z44mtSx49k1vendmjdAdF9OXHyNMeOl3Z4v13lyLGTvLNiHb169uDxR+6mb1gIAFXVNv789xV89vkOxo4aRlhoLwL8zcy8+yZCQ6z0CAy4sI2iEv708nI2ffUNE8YMx9ozkMSEWD769Es2b9nFkIH9mnoRHz56goLCYgbGRNC/Xzi1tXX8491POHX6LLO+N5Xrx47AYGjolbz6ky9YlbmZbXn7SBk3whVvj4iItKG+3kHFuWocDgcWi1mjNYjIVTMYDJh8DJh8jPibfQnqEUCNrZbKqhqqa2oJ6hGAj4/bzSrTIcqZItKZlDdFRDpGeVNEpGO+DXlTOofb/RWcragCIPiiOX8//2onj8xdyJsZH7e57pYdexp+f723w/sNC+0FQEVldYfX7Sp7Dxyh4lwViQlDmoq/AJYAM99JGcWZs+daFKwHRPdtUfwFCOphwc/Pl3NVNdTV2QEYP3oYPQID2HvwKGcrKoGGou7mLbuorbNz/djh+Pn5cvJUOYVFJ4jqG8qoEYObCsUGA6SMHY41KJDd+w538bsgIiIdUWOr49TpCnx9TYQEB+mDpYh0On+zHyHBQfj6mjh1uoIaW52rQ7pqypki0h2UN0VEOkZ5U0SkY7wpb0rncbsewG3ZlrcfgA1ffM09t9+IJcD/kjYR4b05cOgYkeG9r7i9z7/ayQ3jRjY97xfZh6DAABKGD+q8oK/RoSPHAfh4/VY+Xr+11TbHTpxi9MghQMPw2Wuycthz4AjlZyux2+ub2oUE92x63C8yjMSRQ8j+ciff7DlEyrgRnDx1hp35hwgL7cWIYQMAOHnqDOcqa6g4V80TT/251f2Xna7AZqvT0AIiIm6guqaWc5XV9LIG4ufrMad4EfFQgRYzvr4+lJ+txOkM8LhpQZQzRaS7KW+KiHSM8qaISMd4et6UzuUxZ57+/cLZ8c0BAE6eKqd/v0sLwE/+4n727D/CsCHRl93Wb5/9GyWlZ6iutnHzxDEAJCXEkpQQ2/mBX4P6egcA0VFh9IsIbbVNY7H7yLGT/O/Ly6k4V4UlwEzckBiCegRQW2tnZ35Bi3UMBrh+7HC+3JbP5i27GDtqKNt37ud0eQXTp6Zg7RkIgMPhxOl0EtTDQnxsTKvDBoSHBmM0ao4KERFXq7HVca6ymmBrD0wmH1eHIyLfEn6+JoKtPThdfg6DwYC/h9wUqJwpIq6ivCki0jHKmyIiHeOpeVM6n8cUgPv2CW56/Nnn29uc4/dKxV+AktIzQMNcuu6sX2Qfvtq+h4HRfXkg/ZbLtj189AQV56pIiB/IT394JyafhguLstNnOXi4+JL2/fuFMzAmgoLCYnbtPcxX2/MJtgaRnBTf1KZ3SE8sAf4EWvy5b8ZkgnpYOvcARUSkU9TXOzhbUUUva6A+WIpItzOZfLD2DORMeSW+piC3n2tIOVNEXE15U0SkY5Q3RUQ6xtPypnQNjykAJybEEh0VxpGiErK/3MnY0cOahiq+nD37jwANheEjx07yrzXZTa+tycrBz8+XWyePa2rbPzrcbeZiSIgfxCcbcsnN20fKuBEMHhDZ9FptbR0HC48TOzAKHx8jPSz+GAwte+I6nbBpyy7OnD1HcK+gFq/5+fly/djh7DlwhH+8l0XFuSpSxo6gT+9eTW0iwkIYGNOXXXsPs37z10y7eULTPMBOZ8MQ1b2De9IzSIVhERFXqjhXTaDFX0NKiYjL+PmaCLT4U3GuYYg7d6acKSLuQHlTRFzJ4XBgt9djr3fgcDhwOp04nV2zL4MBDAYDRqMRk48Rk8kHo7HjhQjlTRFxJeVN8UQecxYymXz4yYN38Ntn/wbA86+8y4hhAxjUP4Jhgy/0+g3vE0wvaw+gYd7gv7z+PgATxgzni627Wmyzvt7Bux9s4JP1WxnUP4JtO/fTv184//l/ftAtx/Tm8o9Z9v66Vl97IP0WRgwbyK2Tx/GvD7P545/fYVD/SPr0tlJxrpq9B49i8vHhlz+5t6E3b/8I+oYFk7e7gKcXLmFAdF8Ki0o4d666zYuNEcMGEBbaixMnT2M+XxBuXkP28/NlxndTKT5xivc/+pxNX+1kUP9IHA4H+wqKOFN+jrtuS+W2Kcld8faIiEg72Gx1OBwOAi1mV4ciIt9ygRYzZadrsdnqMLvpEFPKmSLiTpQ3RaS72e311NbasdfXd9s+nU5wOp04HPXY7fVgq8Pk44Ofn6nDvWOVN0WkuylviifzmAIwQFhoL5765QM899I71NbW8c2eQ3yz5xCr2NzUJrJvKL/791kA1NbVNS1vXvy9945JRIb3pqCwmFWZmymvqGTbzv0A9Olt7aajgXOV1W2+Vltrx2CAWyaNZVD/CD74+Av2FRSxv6AIPz9fYgdGcfstE4iJCgfAGhTI44/cw7IV68jLL+DEydPEx/Zn5t1T+NvSD1vdh7VnIIkJsXz06ZcMjImgf7/wS9oMiA7nN4/NZE1WDrlf7yMndzdGo4HwPsFMT7ulxZDRIiLS/apqbFj0wVJE3ITFYqaqxua2HyyVM0XE3Shvikh3cDic1NhqGwoJbsBeX4+9uh6TyQd/sx9Go+HKK52nvCki3UF5U7yBwensqo7qV+eRuQsBuCPteqZPTWm1TVVVDW9kZLK/oIizFVUtXmteAAbYsmMvLy9Z1fT81YVzW7Rfvmo9az/bcsV9ioi4u+07CzrUPriHHwaDoekHuOxjmj8GDLTRrtnvKy27+HF7nl9peVs62j7A4v73SNnr6zl9ppI+vXu6OhQRkSYnT50luFcgJh/3mu9MOVNE3JXypoh0pTp7PTU1ti4bqvRaGQzg72/GtwO92pQ3RaQrKW+6TnWV3dUheBX3/3a7FRaLP3NmTQegtKycU2Vnm14L7xPcom3zeXPvSLv+km3de8ckNm/dxdmKKkqbbUdERMTd1drs+OvuPRFxM/5mX2ptdkwW9/pgqZwpIu5KeVNEukptnZ2amlpXh3FZTidUV9tw+vu1e85c5U0R6SrKm+JN3K4AbDb7YbPVtvs/WWiIldCQtodtPn2m4orb6NWzB2crqjhXWXXFtiIiIu6i1m7H3+zn6jBERFrw9TVRY6vFgnsNfaecKSLuSnlTRLpCQw829y5iNFdTU4vBYGhXjzblTRHpCsqb4m2Mrg7gYv0iQgE4WFjcKdsb1D/isq8XnzjF8ZOngUt7D4uIiLgzu71h7g8REXdiMvm4zTxJzSlnioi7Ut4Ukc7mcDipqbG5OowOq6mx4XBcecxV5U0R6WzKm+KN3K4AHBneG4ADh46xe1/hNW/vyd+/2vR4VeZmlq9a3/S8+MQp/rrkA2pr64CG+YK37Nh7zfsUERHpDg6HEx9jx+Y2FhHpaj5GQ7s+gHY35UwRcVfKmyLS2WpstW47d+XlOJ0NsV+J8qaIdDblTfFGbjcE9KABkWzMyQPgX2uyiX985lVv67PPt7eYHxhg7Wdb2Lx1FyG9elJ84hS288VfgDPl53h5ySrGLpx71fsUERHpLk6nE4NBHy5FxL0YDAacbvjJWTlTRNyV8qaIdCa7vd6je3k1xn+5nrTKmyLSmZQ3xVu5XQ/g1PFZ4uaZAAAgAElEQVQjGTViMAAFhcW8vGQVRcWlV7WtkfEDSRk3gsSEIfz3f8wm6bpYAM5WVHHoyPGm4u93Ukbz0H1TGTY4mofum9o5ByIiIiIiIiIiIiLSjWpr7a4O4Zp5wzGIiOfwhpzjDccgnc/tegAD/PzhGTwydyFwYVjm/v3CGTwgkkCL/2XXDe4VRFjvXgwbEk1oiJUf3ndr02tzZk1nf0ERz730DgB3pF3PbVOSm+6MuGHcyC46IhEREREREREREZGu43A4sNd7bi+2Rvb6ehwOB0aj2/VdEhEvo7wp3swtC8AAry6cy8q1m1iVuRmAw0dPcPjoiXate+/tExk2JLrV14YMjGrx/HLd4kVEREREREREREQ8gScPYXoxu70ePz8VMkSkaylvijdz2wIwwPSpKYT3CWbX3sMcO37qkjl7W9M7pCcR4b0v2+aOtOvZtOUbBkT37cxwRURERERERERERFzCXu9wdQidxl7vwM/VQYiI11PeFG/m1gVggOSkeJKT4jt1m9OnpjB9akqnblNERERERERERETEVRwO7ylkeNOxiIj78qZc403HIp1D/cFFREREREREREREPJzT6XR1CJ3Gm45FRNyXN+UabzoW6RwqAIuIiIiIiIiIiIh4OG/67t+bjkVE3Jc35RpvOhbpHCoAi4iIiIiIiIiIiIiIiIh4CRWARURERERERERERERERES8hArAIiIiIiIiIiIiIiIiIiJewuTqAERERKT7ZC34FWtLrtwuLG0e824O6/qA2sVO0ealLM/Mp6jS3mWx7XzrVyw5PpV586bgLkcuIiIiIgB2SrdmsviTfRSW2KkDMJuJiYtn2m2TSArt2NdbuUsWsqh4NE//egoRXRKviMjVsFO69VOWbtxLfpGNOgfXlOs8SkkW85/bTnGbDWKYszCdpO4LiNXPvcmKiDRefTCh2/ba7ewl5Ly/ltU7SiiubFjkGxJG0o0TSE+NxXqV3Qd1nhVxD1581hAREZGLTZrzFOMdzRbsyuCZd0uY+OOfMalZ1dNkDur22Npi37mUV/51gKhJM3l8Yn9CXBxbyScLWJBZwsgH/8iDIzu48tFNvJ1dQeK0qcS5z1ssIiIi4sYqyV3yGovyIG7SJOb+aCChZigvziP7o+0senY3cekzmTshxNWBAuXkrckip9dYZqfEuDoYEfEkjmOse/k9lh6EwRNG81h6AhE93TXXtV/hpvfIPBNL+m0JWNvRPiF9NrNGtPaKCUsnx/atd3w9z/zvFgoDwki7624eGxKCr62M/G1bWL16JfO2jOapx6YQowqSiMfSf18REZFvEVNgEC3qjoEmwERAUBBBblqQzMvdSXXcvTw8baRbXLiETfwZTyXbMQVcxcpn9rMtt4Swm1QAFhEREWmXos/J2FFP0g9mMycxsGmxNSiVmUNTmfZNFrm93KUgYqMwr4CciFhmp7g6FpFrZC9l/1c7yTle2a7mPfvGc8O4QYS4w4c2D3Rg1UqWHvRnxtzZTOt7YXmLXNfDXXJd+5XuLyCn2Mq022hXAdg30IpVn5W7nmMfb/xlC4Xho3n6iSlENPb0DbKSfMtAkidsZ9H/ZLHwn5EsmBmPr0uD9SDnisjdupvdZbZ2NDYTPiSe5BFRBGmiVukiOiWLiIiIGyuhrAToa3Gfixa/AIL8XB2EiIiIyLdDeUERpYQxIyGw1detI6YwuZtjEvk2KNu8lkVZZ9u/wo5C9tnv45c3BnddUN7KtoXV2ZWETkpvUfxtTrlOOlPdti1kV1qZ8fNmxd/mgkYz6/bdPL7sC9ZNiyetPdV7YffHK/nHjg6ssGMfJ/zm8G/Duiwk+ZZzm+9SRURExE2Ub+CF338AdzzF4zdedOtt7Tb+Pv9tuPd3PDy2gqwFC1jb936eSjrM3zO+pKjSDuYQ4ibdz/0396dFJ1l7Gdvee5MV24uotoMpOI4p99/PlAGtd6VtHGq54ckSfvUrgDCmzpvHlDCoPrSBjJVZ5B+txo6JgH5xTJmezsRm22uc1/dn9/qyfmUW+UdNpPz8KW6/zIh81Yey+PvbWeSftoMpgKjRM3jg3kRCGj8U7VzCr5aUNMVBSRYLFqwlbOZTjC9aQsbnh6m45Ph2suRXS9h5fhNrF/yKtQDXPcgffzASqg+z4d0VZO06/94ERhF30zTuumGI7gQVERGRbzVrsBU4Qm5eJcmJrReBW3CUk5+1hjfWHaPUBr6BISTfdSezEq/Qc85eQs67q1maW0aVHXxDIpk2czrTBrbcZ/n+LN5YtpO8MjsAlugYpt2eRkJBBvM/Km9oVJLJI3MzASszfj2baWGIeJyQ+IFErdtBkePKbQEw9uS6YSr+XpVdBeQ5Apk2tp1Dx+dl8Mjr5Zfml7wMHnmdC3PlNrb7+RR8N37G6m/K8E1JZ8Gd/ufnt53CswnHWLxmHwfKwpj13/eTaoa60u0sfWs9OUfs1BlNhA4dyewfTGFwwEX7/2UalqxMMvLKqXOAJXogMx+8m+SQxjaF51fYzvy52wFIemguc65pSt2SZrEf5MWMAoptDTk7/Uf3M9lawOq31rI6v5I6o4mIsZN4LH00oY2fq5vF7rtmDSv2Vl4a+2WUbltz/v2yg9FEaP9YZsy87fx6ZWQ+/xoZJLPgidSLejzbyPn7Syyun8QLj4zFwkXnE5OJmKRJzGkeK7Tv3FRdQGZGw79vlb3hvJdwcyozLzOHb27eMQgbTdJlzk+WUbEkLFtPbl45aanWFu/9gjElLHo3jwPlgDmQhMlTmX3LwNaH6c5fyeOvFpD0yOPMirvotaJMfvOngyQ99hPS+7cdi6eIHR5DwI5Cqtu7giWK67zguMV9qQAsIiIiLVlTmDj8A97OXk/RjbcT1eylipwN5JvH83BSAFDRsPDIWv5c1J+bfjiP+GAo2/4BS1b/mT+UP8rv7hnS0MZRQtZLC1hrS+TenzxAfDCcyFnOm395geqfP9lqQbZhqOUi1v/lFTaE38tT98QDJgICgX0rWPC3TfiOvpcf/1s8IZSx++O3Wf7XBZT96ClmxDYPegN//1sQgydNI31iCP0jL3PsFRtY8o8oEu/8Gen9Ayjb9QFvv/s2rwSG8eS0qMusCAfef56S+Kk8OPdBQmyHWb8ig7V/fZuQpx8m0S+O9Kee4q6L51w2NbyPm177Mx9UXHhvyg5sYu2qN1nb53fce/EHJBEREZFvk/gJzIgqYMVbf2V+3mhmTJlAQkQgvq1+qV1J7ltvsmi/lbT77ydtQCDle7NYtPQ1Xqz7CY+Nb6OA7DjG6hffZoVtILN+Oo2EECj+Yi2LXnqTqmZfSlflZTD/9UIsY1J58sdxhFJG3vrPWJGRQ9wv72fBhGNkvrSSzPBUFqTHASYs7ahZi7il0BQee7SeF1/ZeeUisLEnNz96HzfrZoerUlxaDvQmpo3ev9emkszXVmIdMpL0+xIJjY4Eyhpe2p/NHw4GknTTJCb3DiHOFziexR8WbqcqMZW5P4gjlBKyM9byhz/V8+Rv0hhsbLbdV9cQM/YGnpwfg6Usn4y3slm8KJOI36YRE38bC/7LTl7GYt44kcDcnycTAfhezVRKrdmfzYuVQ5nxs9kMppDVyzJZ+pc3ye1Vju/YaTx9XwhVezNZtDSLRRExPDWxeWW3huzXVxI6ahJP3heD9WwhqzMyWfzsa1T95w+Z3EZv1/JNbzL/3XIGT76JpyY1rJe5cj2Ln3uTqv94gMnWECbfGEnG0p1kFqWS3vwrhPKvyPzGROr54m/D+eQEMU3bKiBjSRa/+Zu9qUDcvnNTGev+9h4ZFRfalO7fzor317IiLPbSgisAJZSeACLCiLjce2wOI8IKmYXHaDGA9/5snimOZMasB5gTYufAp2t546P3WBzycx4bY750O3GjSQ3ZR+amLcyMG9tiOOm87N2URo8hzUuKoKZh0/j1PSt57t2iKxeBLVH820+nk+DfHZHJt5UKwCIiInIRE4lpE1n7/Da2Fd5OVFNxtoj12UWEjL+XuOZfuJWHcdP/vZ/x5z/IBd34IE/wAs+sWs2Gmx9nohUqPn+btcfjuLd5u5sf5eHqP/DnT7dx60OJl16U+AUQ5NeTAB/AZCGoaZLiCjZ8uImKoffyu/vGn+9lHMT4+x6Hqv/L8g83MCV24oW5jqsDGPfzeZft9dukOoRJv3yUiec/2wQlP8jUPb/i7X35lBHFZW8Gjk9n3vcaP12N5Pa7i9j5pyzy90Pi8IZ5llufc/kw+w9B3H3pjI9peBeCRt/Oo9fdDur9KyIiIt92xkimPfYAoe+vZcXW7Sza0dCLzBIdSeqECaSNHYi18UIyP4s3dphIe+yBpqKtdczdPFX/No9//DmF49No7ZKwPHstK4ojmfX03aSev1a13vIAj1X9lT9kbWHGw2PxdewmY1khjErj6ZkJ57/AtpJ6z0CS7XZ8TSYwW7EYAZMFa5DGyxTPZ+p7I3PST/P7ZZcrZphJSL+L7/b16cbIpP3sWMak8/SdrWS/6t7MePr+prwHZWS+s53CoZN4Yeb5IiRWpv3YTNWzGazeNqlZgc9O6E0PMLexsBqUzJzbCnnkrULySiEmNBBrEFhMgNEHa5C1XXMA576+kEdaWR5x6wM8fUuzOwwcMaT/OI0EI0ACM2/JZ93rhZSOSefZieePdcx0puW+xBtf76J8YvMeuTYYmc7cxi8JghKY+ZiJuvlrWPHRbiZ/P/7SABy7WbGmBOvEluul/9gKz2Y0rec75gbSPsogZ0sh6Re+TKFw404KQ+IbCrLnzyeWFtsazewn7FTN38LqorGkR7Xz3EQR+QWQMHM6qf0bTobWxDTmjkrrhO8T/LGYAbv9ovcihln/Pv38ew9Jd06lcNfbrN5zEMa08t4Rw4xbI8lcuo8c21hSG/+EbFtYt8VOwn3j2vW34SmCEqbzi7J/8Md1lxlC39iT7z40naQe3ReXfDvpa0URERG5VOQkUvpV8NUX+ReW5W/mq/I4brrpop6wQ0eSdNFdvEGjx9GfIvbvswMV5OUVtdqu/+D+UHCAQx2JrSKPvKMQd11SyyGmCSDpujg4up/dtc0W905kfDtH0iJsJHEXffKIigwDO9hbX6PJ4OEX3VrbN4pIoO6KQ6aFERUG+Rs+YOexauyN7XWVJiIiItLAFEbyPQ/w7H/P5S+/vZvH7kwgzlTOuoz3mPd0BrnnK1P5eQVUWQeRdFFPIsugSGLKijhQ0drGy8n9ugyGxpJ80bXq4CFhcPAYBwD27yO32kTShIQWvZeAhuKviJcKiJ/OLyb3bPP1qMnTeCi+1YFfxS0EkpzcxgfiEfHNir9AxS5yj0DCqISWQ/kaY4gbCAcOFjZbaCUp7qJbpKNCGnqUtnfY8FYkpM9mwX9d+vPkxIu6lw8d2FSABCC8Yd8xg5ofq7mhgFlpo6rFymaSRl/0nhjjSR5lomrPkYacf7H9+8itbm29GJJGmputF0PajSGUf7WdvMb3wbGbdV9UknDLDQ03IbW1rYBBDI6o5EBBOe0+NxFOTBjkrV9DblHlhe8fOuX7hBqqbMDF57iL33siiYni0kJxM76Jo0kNOMa6nLKmZeU5eeT1SmBaYiu9hj1c+KS7eGhEW8fVcNOMRkyQ7qArVBEREWlFECmpcXzwz01smxFHop+dbV98CUkPN/XgbeJnufSCIqgnQUDJmYaL++oq4NBy/uNXy1vZ10hqOhJadTXVQJD/pZcxJn8TUELFGaDxYtrH3S93wpjys5/B2xlkvLSJanvDfMYTb76dKcOvMAGRiIiIiLspyWL+c9spbr4sbDRP/3pKQ2GgxbyQ541K49UH2zcppG/IQBImDiRhIlCWw4t/ymbRv3bz6sx4qqrtUJ7HH+bmtbKmlapquDBMTCMbVZVAwXp+Ond9K+vFNBQObDaqCCS0V7vCvKLcJQtZtKPlsgtzY56fZ7GkZfyaT1hcJXzSXTxU8g6vf2NrsTxgxHeYMyncRVF5j4hQK3CKwuOQ1OnDQJvaGDIfMF7Ua7u6oVB6YNlLPLKslfajOvTJ/ar4BlqxXpKnO5s/llaGorb2CoTycspbW8Vmo6qN9SwW/xbrWZMTSFi1nnXbbCSMMVO3bTvZxPLY2MBm27KR+eJCMlvZVUR1w/+zdp2bCGPaY3fDW2t548W/UmVvmJs+7ZYpTBvR1vcJYYSGA8UlFEPbw0DbSiguh8Exl5tHq52M8UyesJ5nNm6hcGIaMRSSubGMmBvvbDasuDexkHDPNL576j0+PN7yFd00I93J3b8RFRERERcxjU5h/Pt/Z0NOBYnXbWPDrhDGPdHKBDK1Vdi56KKi4iwVQEivEKCaAAswvHEe30v2RIemAQoIIACw11yy1/PLQgjqpC/muk1Af6Y8PI8pgL2yiPzPVpPx+h84fN9/83CSLtdERETEg4Sm8uR/jaWu+TKj/4XhHc/PC9mC6Sonyg1JJnlINnnHSyglHkuACULjm+aavGgnbczHa25YPqJx3t5W1gMwm7FQSWnzGw2vQUL6bBbc1XLZhbkxw0j7+WxSW/Si03zC4koNxYy7q1bzXkFDcSpg4Bh+cU98xz7LSeuGDyTBWEjOlkJmtGvuotaVl58DrmFM2QAzFhry06wRrbx+tbna7dQ03BB0kfIzlWCNaX04YrMZSxvrVVXVtFzPPJbJYz/nxY1fUT5mODkbjxE6If1Cr1mzGQuBpM65n7RW7p/w9bMC5e07NwEEDGTaIz9hGlBXeYy8dVm88ffXODCzjTl5gaSESMjbR3bRlJZzFTc/rm27ySOE9ITOGaA55saRxKzbyrr8NGaxnewzkcxM9uKb3o3h3PzQzZS98gmNHZ9Dxtysm2akW3nl/RUiIiLSCYxxXD8+hKLs9WzK3kRRvxQmtXbj596dTcPuNar4ehuHiWJIrAkIIiEhCgoKKQoMIijo4p+Ajt2RFpRAQj/I/zr3onmoqsn9Oh/6DSHer4PH2l3MFgKoprrFjdP2FiMlmQKjGDltBhPDIH/v/u6OUEREROTaGM1YgqwN8z02/gQ2+wLaFNjytSAr1oDLXA2W5JFdUNn6a47d5O9vmA84FIhLGIiltIhCh/XSfQQFttELzkrSdSFw8ASFgW2sBzAklqQAO7nbdrcSR+OD88Vkm61lAbwVvgGX7svS7G3wvSSWtuIX6SbGcG54YBrf7edDQL9R/OKB8YTrb7JzmMcyLTWQ0vWZrD7eepO6ou3kNo4K0GoxspK83WWtrNkBQcNJioYDh4+1kguvkKvbYAkwga3+oiGYXc1G7vaLRqJw7CMnz45lWDSDW1tlSCxJAa2tV0juTtsl6yWkxhN6ZCeZm7aw7kgIk2+MuWhbleQfq2/1fbaYod3nJuzUNfs+wTcwkqTbp5IWBnl7Drb5Dvgm3kBaSCWZy7Iobm3I7ortvLGmBMuYCUzurAl6reNIG2Ene1MO6zbtg7GjSfa+0Z9b8o/le49+h+SePgQlfodf3hGrm2akW+k0LSIiIm2KSk0h6vQGVqwvIy415dIR8wCsJXz64tt8WVhGRUUZh3Pe5s+rDhOQNJWU8x8Ugm6YRorpS5b8aTkb9hVRUVFBxbH9bPjXn3lmybYrzq/bUhATv5tC0N7lvPDOlxw+VUHFqcN8+c4LLN8bRMp3J7YepzsYPJqEwAo2vLeCnccqqKi0w7GPWDB/Acs35jccS0UZhzd+wIYSiBs6pGG9/BU88/tneOXzstafk8+K3z/DM69u4ho/8ouIiIi4ldL8LSx96a/Me2kNmd8UUFpRTnlFCQe2ZbHof9aQbYxh1u2xDY3jUpkxpIyM/32TjG3n25YWkPNxBvOfy6SwjX1YU1OZbNrHov95j8y9xyivKKe8aB+Z777GvNe3NBRzjfHMuC2Mui/X8JulORwoPb/tD95kXtO2rSSNDoH8L1i0oWH/VR270BVxb8Zwbp79KP9vdoqKv51s8B3TmTmohhULX+IP72aTX1ROeUU5hXtzWL1kMY//KYvV35yvAA+JJynQRua7K8ktashF2UvfZMWRa62mhZB2Wzy+W9Ywf1nzGLJZ+uJfWbTVduVNXCRu1EAs5XksfTePworyhjllL6OusmGfl/5UXvHGmvYzw86VLPygIabyojwyXl5LdrWVtMmtjVpG0zmgfMPF660k82wYM269aL2osUyOriTz3TxKRyS0LKKe31bxqqUs/GB7w/mk8bz23GIyihqatevcVPQp83+7mDc25F3YzoYsMksgYdigtt8CYwzpP0om7sx25j/dyjnz/2WRFzKWJ++Lv2Te+6tnJjklFss32Sz9JpDU1Dbea2/jH8/3fvko/3WnRkyQ7qcxBUVERKRt1hSuj/uA5UfGM3F0G5cN0VP5WVIRS95cwPJyO5hDiLv5UdJvGnLhQsM4hBm/eZL+773JB0te4AMbYAogavgU7r8rseMXJLEzmPeTEDJWrubl55Zjp2He3BmPzSSlE6an6TLGIcx45HbOvvERS57fBGFTmTfvVh69187bn77Ny6uqG4bTDowi7q7Hmdk4/LP9LBXlFQRU21t/jp2z5RVUmKs7WEwXERERcW+hE3/IC8PzyFyzhcxlu8k43xnYNzCQmFGpPHVbMjFN36iGMPnHs4nIWsPSf71HZiVgNBHaP5YZP7qJNgdWNcYy8z8fYPC7q8l4/W0ybIDJRMyIMcy+Z2zTl9/WlAd4OmANi9d8wR+ezQajCWtUJGnpyU3btqbczWMn3mPx6vf4zfvN5/UVEbkMYyST5/yEhK2fsnTjdl78Ioc6B2AyEREdy8wn0kmNPl9FNMYy66fJlP9tK4v+tK8hX41P46m7djLvrWuMY+htPPvrSJa+lc2LzzfE4BsYQsLNU5iZeBUF5qG3MffODBZ9lMkzmyDi1gd4+pa2x9HPy1jMvIzWXolhzsJ0kjoeQSv8SX0oDUtWJn94OpM6B1iiBzL719NJDm17rQvngE95Zp39/Pklnsf+M42ES+5CD2FySiQZy06Rmjr2kiKqNeUBng3L4o1317NwXRZ1gG9IGKm3TmdG45DM7Tk3Rd3E3O9lsviTT1n4vr1hO4EhJNyTzuw2hn9u0jeVufOHkvP+WlY3njMBS1gYyXelM218DNbOvtEjbjSp1n1khowkrY2hp0Wk8xicTqfT1UGIiMi1276zoEPtg3v4YTAYmn6Ayz6m+WPAQBvtmv2+0rKLH7fn+ZWWt6Wj7QMs7n+P1ImTZwjv08WT3TryWf67v1N081M8fuPFn2hKyFqwgLV9H+SPPxjZtXGIiEfplvzUQe4Yk4hII3fMUe4Yk4hc3tkK9xpo91r1DLK0+Zo75ih3jEkukpfBI6+XM+PXs5nWCfO5X3ZXy17gxeIxLHgitfV5hb+NyrN55umtxDzyOLNam9rYBZQ33Uu1hk7pVBqsQ0RERNpUsTmLL21xTEx220GVRURERERERETcR3k2q7fYSbhxnIq/zeRnbqcwJJ7JblL8FfF2KgCLiIhI6xyHWb/hMAFJKST6uToYERERERERERH3d+CznRwwxzL5aobN9lbVW8j80kbMjWPbnpJBRDqVhoAWEfESGgL68jQEtIhI93HH/OSOMYmINHLHHOWOMYnI5WkoU9dyx5hE5PKUN92LhoDuXOoBLCIiIiIiIiIiIiIiIiLiJdy/e9MVFB4t4dDR4xQVl3LoyHEOHi5mUP8IBkT3JSoilAH9+hLTr4tndBcRERERERERERERERERcQMeXQBe9v46Ps3ejsPhaLH84OFiDh4uBsBoNHJT6mi+f+dkV4QoIiIiIiIiIiIi0uUMBvCWyf46OIuTiMhVUd4Ub+aRBeBDR07w/CvLqayqAeCOtOuJ7BtKVN/eRIT3pvjEKYqOn+LY8VJWZW7mkw25bN6yiycevZcB0eEujl5ERERERERERESkcxkMBpxeUskwqJIhIt1AeVO8mUcWgH///FsABFr8mfX9qSSOHALAnv1HmibtHjtqKIwaSnRUGG8sW0tlVQ2/f/4tXl0412Vxi4iIiIiIiIiIiHQFo9GIw1Hv6jA6hdFodHUIIvItoLwp3szj/iI+/PRLACL7hvL8Mz9rKv4C7DlwhAWL/smeA0ealiWOHMLzz/yMyL6hLdYXERERERERERER8RYmH4/7qrdN3nQsIuK+vCnXeNOxSOfwqL+IvQeP8t7qjQA88cjdHVq3sf17qzey9+DRTo9NRERERERERERExFVMJh9Xh9BpvOlYRMR9eVOu8aZjkc7hUQXgL3PzAbj/rpsI7hXUoXWDewVx/103tdiOiIiIiIiIiIiIiDcwGo2YfDy/AGDy8dFQpiLSLZQ3xZt51F/E4aMnAIiPjbmq9RvXa9yOiIiIiIiIiIiIiLfw8zO5OoRr5g3HICKewxtyjjccg3Q+j/mrcDgcFBaVEODvR0R47yu237P/yCXLhg2JJsDfj8KiEhwOh+6IEBERj2YwGHA6nRgMBleHIiLSxF3zknKmiLgrd81Nypsinslk8sFk8sFur3d1KFelMf7LcdfcpLwp4pmUN8VbeUwBuLFoG94n+IptV2VuZhWbWyybN+d7AIT3CebQkRMUFpUwILpvl8Taltyv97HojZXtbj9u9DB+eN+tZH62hROlp0lKiGX0yCFdGKGIiHgSo9FAvcOJyUcXcCLiPuodToxG98tLypki4q6UN0Wks/mb/aisr8bpdHUkHWMwNMR+JcqbItLZlDfFG3lMATjY2jDnb2VVzWXbDRscfdnXG9dv3F53CgnuyfVjh7dYVna6gj0HjtA7pCdDB/Vr8dqgmAjs9Q527jnE/oIi+vTupQKwiIg0abw70eSjES1ExH3Y7fVXvPvYFZQzRcRdKW+KSGczGg34+5uprra5OpQO8fc3t6tAobwpIp1NeVO8kccUgK09A+kd0pOTp8qpqrZhCTBf0mb61JTLbqOq2sbJU+X0DumJtfR/AKgAACAASURBVGdgV4XapgHR4Tx8/3dbLMv9eh97DhxhUEzEJa81+vXP7+uO8ERExMP4mUzU1dnxN/u6OhQRkSZ1dXb8TO73MUM5U0TclfKmiHQFX5MPTn8/ampqXR1Ku/j7++HbzuKE8qaIdAXlTfE2HnU7UuOQzcUnTl3V+o3rdffQzyIiIl3Bz2yixlbn6jBERFqosdXhZ3a/D5bKmSLirpQ3RaSr+PmaCAgw487TPhoMEBBgxs+3/XlQeVNEuorypngTj/oXjwzvzVbgX2uymffT73V4/X+tyW7ajid55c0P+Gr7HubMmk7SdbEtlj3yg2mUlpXz8fqtnKusppe1B/ffdROjRwxhy449rPgwm5OnyvHz82XShOuY8d0b8PO7cBeaw+Hky235rMrczMlTZzAYICYqnHvvmHjF4bRFRMS1TD4+mExGamy17ZrvQ0Skq9XYajGZjJh83G9oKeVMEXFHypsi0tV8TT74WAKosdVit9e7OpwWTCYf/M1+HZqXUnlTRLqa8qZ4C4/qATx9agpREaHsOXCEZe9/1qF1l73/GXsOHCEqIvSKQ0V7kndWfErWxlziY2MY1D+C8rOV/H3ph7zxz7W88c9MwvsEkzhyCD5GAx9v2Mqqj79oWtfphDVZOfz97Q+pqq5h9IjBjBo+mBMny3j+lXfZ+vVeFx6ZiIi0h8XfTFWVZ81PIiLeq6rKhsX/0qla3IVypoi4G+VNEekORqMBS4AZS4DZLQoAJh+fpng6UsQA5U0R6R7Km+INPKoHMMCD6Wk8++JSPtmwlcEDIhk7augV19myYy+fbNjatL43CQsN5rHZd2MJMON0wpsZmWzMyWPrjr389KHpjBg2AIAd3xxg0Rsr2bXnELdOHkegxZ+d+QWs/uQLBsb05Rc/uosegQEAnDxVzvOvLOejT78kPrZ/q/Mti4iIezCbfamuqaWyykagRflaRFynssqG0WjE7MZznilniog7Ud4Uke5mMvlgMvngcDiw2+ux1ztwOBw4nU6czq7Zp8EABoMBo9GIyceIyeSD0Xh1fZKUN0WkuylviifzuALwoP4R3JF2PasyN/PyklXsS03k1snjCO4VdEnb02cq+GjdV3yavQ2AO9KuZ1D/iO4OuUuNGz2sqUBrMEB8bAwbc/Lo3y+cIQOimtpFR/ahZ49AzlXVUFdnB2D7zv3Y7fXcOOG6puIvQJ/eVsYnxvFp9nZOnjpD/37h3XtQIiLSIUE9Ajh1ugJfX58Ozf8hItJZauvsVFbV0Dv40mtyd6OcKSLuQHlTRFzJaDTi52fEkwYpVt4UEVdS3hRP5JFnoOlTUxifGMdr73zEp9nb2JiTR3ifYMJ69yIqIpSi4lJKTp3hxMnT1NXZGdQ/gh/edyt9w0JcHXqnC7a2/M/rc344AmvPwBZ3dRiNRgzNhgaw2eo4XlIGwBvL1vLGsrWXbNtgMHD6TIUKwCIibs7Hx0jPIAvlZysJtvbAZHL90DQi8u1ht9dTfraSnkEWfHzcf4YZ5UwRcTXlTRGRjlHeFBHpGE/Lm9I1PLIADNA3LITfPDaT5R9sYOuOvRw9dpKjx06Sm7evqU1oiJUxo4Zy7+0TXRipe3I4nTjOj1EwbHA0IW3cBdLLqrtDREQ8gb/ZF6czgNPl57D2DNRdxiLSLWrr7JSfraRHYAD+HjSklHKmiLiK8qaISMcob4qIdIyn5k3pfB5/5rn39once/tESsvKOXLsJEeKSoiOCiM6sg+hIVZXh+e2Avz9CA3pyf6CIhIThjDlxiRXhyQiItcowN8Pg8HAmfJKAi3+mm9IRLpUZZWNyqoaegZZPPJDpXKmiHQ35U0RkY5R3hQR6RhPz5vSuTy+ANwoNMRKaIiVxJFDXB2KxxifGM+WHXv5NHsb1w0fTJ/eFwrm1TU2CotKGDY42oURiohIR/mbffE1BVFxrpqy07VYLGb8zZ40Q4mIuLsaWy1VVTaMRiO9g4M8ejgp5UwR6Q7KmyIiHaO8KSLSMd6UN6XzuHUBePe+QsrOnKX8bCV2e32nb9/XZCIkOIieQYHEx8Z0+vbdXfzQGCZOuI51n29n/h9fI25INEE9LJSWnaWgsJiQXkHMnfM9QnppGGgREU/i42OklzUQm62OqhobFedqGj50+powmXzwMRowGAxX3pCIfOs5nU7qHU7s9nrq6uzU2OowmYwEWvwxe8ndxMqZItKZlDeVN0WkY5Q3lTdFpGO+DXlTOofbFoA/zd7G2//6tNv2N2FMPD+aeVu37c8dmHx8+P6dk4kbEs2Hn35F/v4j2O31WALMJCXEMu3mCSr+ioh4MLPZF7PZF3t9PbU2OzW2WuyV9TgcTpzn54EXEbkcg8GA0WjAZPLBz2QiuFcgJh8fV4fVJZQzRaQzKG8qb4pIxyhvKm+KSMd8m/KmXBuD0w3PLov/sYac3N0AjE+MY9SIwViDAlmw6J8MGxzNHWnXt2jf2vJVmZvZc+AI8+Z8r0Xb5ssrq2vY8c0BNn31DQB3pF3P9KkpXXx0IiJdY/vOgg61D+7RMBdN4w9w2cc0fwwYaKNds99XWnbx4/Y8v9LytnS0fYDFbe+REhEREREREREREfEq1VV2V4fgVdzu2+2vdx1sKv4++9vZhIY0zEu7Z/+RpjbDhlyYl9ZeX0+vnj04fPQEvaw9CO8TzImTpzl89AS9Q3oyZGBUi/HOV2VubnqclBBLUkIsk64fxbMvLmVV5mZGDBvA4AGRXX2YIiIiIiIiIiIiIiIiIiKdzi0LwAD33D6xqfh7OSYfH6IiQvlmzyHezPi4aXmNrZaE+IHtmux6UP8IHrpvKq+/s5bsL3eqACwiIiIiIiIiIiIiIiIiHsntCsAHC4sBGHNdbLvXaSwA7zlwpMXy3sE9272NIQOiGvZ/uLjd64iIiIiIiIiIiIiIiIiIuBO3KwAfKSoBoE/vXu1e59jxUwB8b/okYqLCKSgs5t3VGykpPdPubYT3CT6/rdIORCsiIiIiIiIiIiIiIiIi4j7crgB8NUrLygEYGBPBkIFRnKuqBqDkVPsLwCIiIiIiIiIiIiIiIiIinu7KE+S6uXOV1ZwqOwvAwJi+AFw3fBAAJ06epqra5rLYRERERERERERERERERES6k8cXgEtKz1BntxPcKwgfHx8AfE0megQGUFdn58TJ0y6OUERERERERERERERERESkexicTqfT1UE098jcha4OgVcXznV1CCIiHbZ9Z0GH2gf38MNgMDT9AJd9TPPHgIE22jX7faVlFz9uz/MrLW9LR9sHWLxilgQRERERERERERERt1ddZXd1CF7F43sAi4iIiIiIiIiIiIiIiIhIA7frASwiIldHPYAvTz2ARURERERERERERNyTegB3LvUAFhERERERERERERERERHxEioAi4iIiIiIiIiIiIiIiIh4CRWARURERERERERERERERES8hArAIiIiIiIiIiIiIiIiIiJeQgVgEREREREREREREREREREvoQKwiIiIiIiIiIiIiIiIiIiXUAFYRERERERERERERERERMRLqAAsIiIiIiIiIiIiIiIiIuIlVAAWEREREREREREREREREfESKgCLiIiIiIiIiIiIiIiIiHgJFYBFRERERERERERERERERLyECsAiIiIiIiIiIiIiIiIiIl5CBWARERERERERERERERERES+hArCIiIiIiIiIiIiIiIiIiJdQAVhERERERERERERERERExEuoACwiIiIiIiIiIiIiIiIi4iVUABYRERERERERERERERER8RIqAIuIiIiIiIiIiIiIiIiIeAmTqwMQERGRa2GnNG89GVk7yTtipw7AZCIiOprUtClMHmrF19UhXjM7VRWV1GHCEhTo2uMpyWL+c9upm5jOs3fGtNqk+OPFzP8IZvx6NtPCujk+EWmHElY/9yYrSmKYszCdpA6t2pADuPUBnr6lI//BG/fZjqaj0nj1wfj2572rjklEpJ0qCsnOXM/qrSWU2hoW+QaFEDc2kfRbRhNh7uD2rjFv5S5ZyKId1ravtc5vv3hUGq8+mNCxjdsrKa+2gykQa4C+MhMRERERz6WrWREREY9VSe7S11i01YZvWCSptw5icCiUHjxIztYCMl5eTObku1lw+0BXB3qNdvPGf2WSy1UUa7pI6YaVLBr0Q+YkBLo6FBHxCFaS7pxCaPWFJeU7ssnIszE4dQqTBzRrGhJD63mvnLw1WeSciSJtZjKt34IiItLJjq/nmf/dQqHDzOARCUweFYa1ooTcrw+Sty6L+Rt3M2v+/aR6yyXR7jXMe73w/M0454vHR3JYvLGI0FFTmDHC6tr4RERERETaSQVgERERT1X0ORlbbVgSpvDsQ6OxNC5PTGbaPXZKv1hJdoinF38BYkj7wRSSsDLY1aE0sZG7bA05Q9JJDnB1LCLi/sxExI0motmS4tItZOTZsA4ZTfIlHdRay3s2CvMKyCmpJ0kFYBHpFjZy1myh0G5l2r/PZkbfC68kTwQq9pGRWYZX3Q8XM5bZP4g9fzPOeWcKydlaSEQfGzNGuC40EREREZGOUAFYRETEQ5XmF1IKJI1qVvxtYiJ0wt3M6P6wuoCVwYmj3aj4C9YoK3VFhSxelEXME1OIMLo6IhHxLu6X90Tk2+ggebuB0IEk923l5aBY0u/p7pi6mHUgyYmuDkJERERE5NqpACwiIuKhrEGBQDn5O7ZTldhaEbi5PP4/e/ceFtV57n38CwxnYRQRBRSDCII6inhADWoMEa0aYw6kiU2iSbWtbZrsXW1327fJ7k4PSdu4u5O0tW1sTqaalMR4iEYxxEoISlQ8jAc8IIoCioiOCDgwwPvHAIKggkEYyO9zXV7OrHlmzb1m5Ga57rmfZ+miZDIDonnhv+IbdKE13W5fVy2Ehb8eRcG7m1h/xL4OpX/EUOY+Ek+kT+M9F+3ewLINR8kutoGzgUDTWObPiSWk7izDnMSCt3KJeWw+cXlrWZFeSJExmp9PLuS37+fjPzmRF2c27mWr3LWS76/IJ+S+J3luos2+diYNYq8uJiNpDUl7i7FYAXd3QoaPZu6sWEI8rxMb4NUvhBn3TSchtK5VpbB+38891o31Sdsxn7JhmreIhTdYMs7LNJ2Fpg08v3EPy1KieG5K0A3ffcupDNav2U3GqVLKbIC7N6bJU5k/JfTq51b/Pj1JzJFVvL3TQmU1GCOjWfhYPIFnUli2Yj/mYvu6dKZ7Z/FMXOPXvelnISLXV11MxkfrWV23xqXBQMiQkcxJjCOsSae/jaLdq1j6UQ65peDq7YdpWjzzx4e00TrlhY3yHpuX8fxGS+1juSxdtASAmHmLWNi7+T2U5aTx9ppd9evDG0NNzJ2bgMmn+fEiIk15Y/QBinLIOEOjDuDmFNTmqphrzqOut/3259Kr6s5v5/8ymqL3UlifVXo1N347AVNdnm+0PvFZ+3ly3XFsXM6CjUCT82kREREREcfTJfpVrlyp4MDhE6za8DkvvbaSn//2Hzz989d4+uev8fPf/oOXXlvJ2k3pHD2e19GhioiItBnX4dHEekOZOYXFLyxn2eY9ZBfZL2Z9dZdJ/sdaMhjA7DlxzDZ5Y8naw5I/rMJsvTqqIGUZP3v3ELmGIGYnxjM3IQgOpPGrV7dScM0eczes5NXPi3ENCiH2jm64jIomzhOKMrPIbjSymC2f54NzEAmxfs3EZiXjrTdZ9mUxXpHRzH0sjtlDjVgy01jy8dGrsW2uiy2AhPvimTstFP/iXJL+9CbLDliv2eVRlv5fGuaLvkSODCXQtfQm74+BwCmzmB0MuRtXNd1fo33v5O1X00izeGO6J475j8UyOcCGeeMqlqQUNhme9dEKks4GMXtOHAkR7liy9vDqP5az5K+HKIscyfz7oghxL8X80SrePnL1ea35LETkGtX5rP+/N1mWXohrqInEx+KYPdyXor0ZvPRi47wHUHl4Ey+tsRA4Ic7+M+lcTOaHSby0Of+2hOdvupP5j8USYwTwY/Jj8cx/LJ6E68wDXXlgFT/7UwaZF32Juy+e+fdF4V9k5tU/ND0WEZHrCyHuTiNgYf2SV3j+9WSSj+RT1kZ5pL1zKZxn9atryXAPZ85jtee3OWZe/UcalmbH26fjnx9nPx81mmKZ/1htTr1NEYqIiIiItJVO3Q9iuVTK1m17+TzDzEXL5WbHnLNWcO78RbJP5LMueRv9+/Zm4rhhTBw7rJ2jFRERaWPuUcz/sYHA91JYn1VIxsYUMjam1HatDWXG9EnE+N/qr/piLP0SefG+2urCiFhiNi/j+Y05rNica+/Yte4kaaMFAqJ57sd10yBHE9dvLc++vofkI5OYG3F1j0XWniz8ZSIxDTrpJo/dStqWQ6RlJRAWWbsxbydbToH/xDuJdW8utiNkHgAGxvHTJ2LtHbQjYpnxcCFFpQH2IdadJCVbwM/Eoh8nEFYXW9xOXn1+Kxmrt5IwJOHqGpqWUrymPcqLN+nkbSyAGQsTyH0xmYz31xLzs8bHVs99FHN/EY7RaKzfFDu8J5XPbyBt7yGK4gMaXUQs6zeWVxaMsh/XcF/Knt9AWk4hxm9+j2fG2DuXY3uUsuCtXMyHciGi9Z+FiDRWuXsrq/PAf2IiLzTIe5MHruTZ9xvkvVpFJz2Y+8KjxNX+zMfGhfP2L9eSlryVjImPXid33TrXPlHE9imkKDmDTLoROSKamLoHm3yPJJfVq3Mo8wxh/n/VrVMeTexwX371Qgbrd1gwxRmvfZKISLMC4+fxYve1vPphDgVZZpKyzCQBrn4BxMVPYsaYEIy32FrQ3rkUSnEd+SgvTKs93xsRCr9bzuqcU5itENfk9Wqn4zccZVlaMV7BEcSOCGjroEREREREbotOWwDeum0vH2/eXl/47d2rB8OHhDEsagDdjd0w+npDDVywlHCm8AIHDp/g4JGTnDx9luVJm0ndto8ZU8YyYujADj4SERGRr8AnnBkLwplhLSX35H7MO4+Qtr+Q3L17WLr3EDHznmShyfvm+2nCm9jYxq1lgROjMW3civlIDkWE4H8sF3M1+EeG4FVqudo5EdybMI6SfbIQIq5eJPMff2eTAmnIhKGEbMkgLX0ncyJH4Qpk7zxCEX4k3nWd1jaCiQyFzOO7WbE9gNnD++HvaQBDAP51NY0jOfbYRg6tLf7W8hxF7JCtmM25mIsgpL7yGkJCfGuKv3X7MzE3MYust3JZ+u5OXlkwqtlhDYu/WEuxVBjw8gYqbU06tkMGDLg6LbRzT/x9gPIQYkc1+Bx7+xFILgWW2ne9lZ+FiDRmPpBPc3nPa1QUMe/nk1mX9+oeGBJVX7AAwDmcuJHupKXmYz4GsUPaKfDmFOWQVQwMCSHSZsFSUhdjbyL9Ifl4LsTdYI57EZFGDPiPfIAXRtooKzpF9sGjbMk8RNapQrYkJbElPZoX/qPuy2et1O651EjsqIbnewEEBgKFpVgsgE6VRERERKQL6ZQF4LWb0lmXvA3guh29585bcHF2JrB3TwJ792SEyV7oTd2+j9Rt+zh5+ix/eXMN37xvMvdMjGnyGiIiIp2KuzchEbGERMQyAxuWXR/x/IpcMtd+Qa6pQadrixkJvHZuO3d3+3pstUXLyiv2+f+KUteyOLWZXRScpeGVtJDgZgqsxtEkDMlg2QEzWyyjSPA5RNoOKwwZy+TrNqj5MfnbD1D27ibWJ60iIwlw9yZs5Fjm3xeNvwEqK+xr/rq6ND3Vca27QFndYGOAHyG32L3iZUrkp1OW8fzmrSzZHMT8awdUW8hK2cCKz/MpuHZm6WYuNPoHNDftdYO4m9Haz0JEGrJRaQUwNP05c3ax/33NlzWa+zn18vIArFRWN3mofZVbKQM4kMbiA2lNH3cupAC0dqWItJIBL/9QTBNDMU1MAGsuq/+cxPq8PSTtjuOZka1v173VXGo0ugNXKCtv7Ss2c34rIiIiItJFdboC8L6Dx+uLvxNiTTzxcAIA5Ves7NxzhKM5eRzLOc258/bel969ehA5MITQkD6YogYwcay9WPy3d9axc+8R3l+zhQD/7gwbPKDDjklERKRtGTCOvJPJybmsL7JQBNcvAFdXXecBCwVFQJ8Gm6xWewHE1YAr4OpmP40wmmJJHN6t6S78WlJ2did2fDgrDhwlY28xk733kFZuIG68vRv4ujxDmbHge8yotlJWnI95exortqTwM4uNvzw1qj62yipbk6fWX1C8xYJvcwITpjP74EpWb9zAapONhqdYlu1rWbKxENeAEGZPD8ffHeAymesyyGyj12+bz0Lk68qAqzuArWnBoS5H1ua9OkWFxVybWcvKrtiHtmFuuSXuLvZY+0cxf0IzX7zxDNDalSLy1bmHMHtyCOvfzaWo+Cbts82cj8Gt51L/nt5AMdmnLNC/mW8Mni2mAPAP6HnDQxARERER6co6VQE4J/cMr/3jIwCefmo2w4eEAbA/K4fVn3zBydNn68f6+xlxdnbi7LkLnD13ga3b9tKzhy+T40Yw9a5RfPeJewms7SR+7R8f8fNnv0VoSJ9mX1dERMQh5aXx9sHezI4Pb7r22plDZBYBoYHYf1v2tHc8FBVTUE39NH1le4+S1ezOS8nIyGX2fVcvyll2mDED/hGh9uJBRCgm51zMlyFyRDSNLr/ZbFQaWniaERlNnN9Rkj9PYZl3PviZmBx5oydYKSq6gr+/EZzd8fIPJXamN0UHlrO6wH7BL6Qutl37yU4IujoNdPlOMg4AfiGY2rIC4hzEjIXx5P4mhUwz0ODdKCu1d+eapicyo27W1fKdZKwA2mptu7b6LES+DspzyCoEjMb6nxXTkCDYm98k75XtPEQmDfJenQOHSCuPvjp1abmZ5F1WcA7CdNtWmDFgr+zWdr01t+Y4QEA4Jr89FBTZMA6PJrLh74dqG5UYbvwFGxGRelYy1qyHO2cR63/tuUQpGXvzAQNh/e3F30B/I2Ch4EwhmGoLwtX5ZOy9dgqUWreYS42mcMLWZJCdnEzmyMTGS4xU57N6Qy7gTYzpFpb3aE7tbBBll69zHCIiIiIiDqhTXQ3854efAvCdx2fWF3//9MZq9h7IBuwdwYMGhhB2RyD+fvbLORcsl8k+kc+e/cfIyDzEB+u2sn3nQf578RPMmjqeqqpqNqRk8M8PP+UX//lYxxyYiIjILcjevZ+0LRmkbfEmLCIEU2QQ/u6Xyd17lIwDxVicjcx+KK62wBFEjMmb9VtyeftvyZSNDYCio6z/NNc+VWgTRryyP+L516OIG2Wk0mxm/V4LeIeQGF9bHHEfRWLCHswbM/jZ704xeVwUIT6Xyd2bQ8YhC6ZvP83ciJYcSQgJE/xIXpNLZjGE3DfqxlNWW3aw9MUMCvoEERc9gDB/KDKbWV8IXsMD7dOa1sdmZskfzjN5XBSB1uOkfZFDdrU7sbMn3cK02DfhGc3cbx4l663G72lg/wC8sJD54ZusuDCCEOtx0rblU9BWxV9ow89CpKuyUpB1iNzCfLZ8dohswD8msvYLMuA6YhKzt65kdWoSzxea7Hnv0EG27C4G71DmTGmcMYyBpaz+3Ztk3TkYk/t5+z5LIWR6PLFt+bPdiB9xY/xY/VEhK15dRVnCAAIDozA16ZILYcasENLeOsqSF94k9s7BmPyh6PhxMnbl4zX9SX4a1/xU8yIijZSayUjPwZz6Civ6BWEa2A9TcDcqi/LJzDyEuRC8hieQWHeOMbj2C2nJq1jmPhaTz2Wyt+5hS1Hzu7/lXGqMY+60o/xqQy5Lf7kM04RIYoO7Yck7RFp6PgVWCJk2i8TgNnofokzEeeeQlr6eJa6jiQsOIHJEKNddrURERERExAF0mgJw6nb7ur0Txw5jdPQgAH7x0hucPXcBD3c3nn5qNoMG9gOgrNzKqbxCDAYX/Ht2Z9TwCEYNjyDAvzvrkrdxuuAcf3pjNU8/NZv7p8dx4PAJTp4+S+r2fU3WEhYREXFUYTO/x8vDM0jeeJCM44dYbT5kf8DdnRBTLPPvjyPS5+r4kOkPM790DSsyzbx9DFz7hJD4TDxZ/5vSzFTERmYsjKfg3U2sfreUSmcD/qEm5sxNwNSgyyJwynxeDEpmxceH2LImn0rA1ccP04ypzG5FF5wx1oRp3VbMBJEQe5PChHEsC+dcYtmnR0nbmM8WsK8BPD6e+feb6jvbAqfM50X/DSzbcJTkNfkAePULIXHudBJCb0+FxsuUyDMT/8pLDdfhjZjFc4+tYulHOWxZk4Krtx9xc2ZgWrOK1W342m31WYh0Te4UfJnCsr2AwUDI+ASemd6gqOscxIz/eBL/j9azepeZpKzacaZYFibGEXZNyvAyTecZ/+28mpRGhpX6n+s5I2/vWtvGuId55uIqVqTnkPRuDoHTgjANbzrOy5TIiz/KIClpBxnJaWRUg6u3NyEj45k/VsVfEWkh71E885sQMrekkZyZT+bWfDJqp8r3Cghg8pypJI4MuDqrgPso5n/fwrIV+8lYk0KGwZuwCfEsivyCJZstTXb/VXJpYPyTvNg/jaSN+zF/noHZBjgbMAaHkDgzgYSBbViedQ5n7vcnUfbeF5i3pJFFCAtHhBLTdq8gIiIiItLmnGpqamo6OoiW+PUf3+Xk6bP84j8fo3/f3vxr7b/ZvHUX3Y3d+MPz360ft3PvEf72zrr6+92N3Zg5ZSyTxl29MrJg0RIAnl3wAEMjQ0ndvo/lSZvp37e3uoBFpNPasz+nVeN7dHPDycmp/g9ww9s0vA04cZ1xDf6+2bZrb7fk/s22X09rx3t6dZrvSLW5zHeWsHRvCAuXJOrCloiIiIiIiIiIiNx25WW2jg6hS+kUV7e37TzIydNnGR09iP59e3PoaC6bt+4C4Jlv318/bm3tmr4Aft19qK6p4aLlMu9+8Cl9evnVdwg//dRs/vTGalZ/8gVhdwQxcewwNnyawcnTZzlw+ARDezpsLgAAIABJREFUBt1x246l/EoFry5bxbGcvGYfd3NzZUBIINPviSVyYAitrFd0mBOnzvJZWibeXp7cmzAWL0+Pjg5JRERERERERERERERE5GunyYpRjigj0z6lZcSAvgDsNh8F4MGZE+kXbJ8aqPyKtb74u3jhw/zuue/wh+e/y7xHpgGweuMX9fsbPiSMuDFDOXn6LDv3HAEgvHbfh46cbIcjAhcXZ0xRoYwbNbjRnz69enDk+CleXbaKtIx97RJLWyi+cIltOw+SaT5KRcXVb2n8ffnHLFi0pP6z6UzWJW9jwaIl/H35xx0dioiIiIiIiIiIiIiIiEiLOHwHsK2qigOHTwAwcrh97d/8M+cBiB56dUG74gslAPTq2b2+0xfgztFD+OeHn3KmsLjRfiPD+5P25X6O5uQxYayJ4UPC2L7rIMdO5N/W46nj5urKvQnjCA0JbPLYbvNR/rHiE5K37iJ66EB8unm1S0xfRcywcF5fsqijwxARkTYQ88QiXu/oIERERERERERERETkljh8B/ClkjIAfLw98enmCcDJ02dxdTXQp1eP+nHOzva5kittTecIr6y01T9eJ+wOe+H1WM5pAIL79Gz0eh0pMjyE4EB/LJdKKSq2dHQ4IiIiIiIiIiIiIiIiItJJOHwHcF1B1q+HLwBnz13girWCvkG9Go3z79md7sZuXLRc5osdB7hz9BDAvi4wQFj/oMbj/Yz4+xk5d97CufMWehh97K93ueMLwNdTUwNZx3JZtf5zcvPOUlNj73i+b9p4RkdHNlov+Nqx1dU1GH28GRU9iPumjcfTw52c3AL++LcPCQ705+FZk1j9yRccOX6a4YPDeOLhqbz2D/taxQvnziJmWHj9vi9aLvPiaysB+NkPH6W7sVujfT0z/wE+Td1V/96D/XNYuykdTw93/vO7D9LD6FO/j+89cS+fpGRgzsqhurqaAf2DeOrRafh082LNxnS++NJM+ZUKuhu78ej9dzNiaHijYy2/YmXNxnQyMg9xubQcNzdXRprCeWDmBLr7dqsf9/flH7Njz2G++/hMLl0u45PPvuSi5TJubq6MHzWYB2dOxMPdjcx9R1n69tr65+3Yc5gdew4DNHkvRERERERERERERERERByJwxeAPT3cmt1ucHFpdN/V4MLMKWN594NPeeu9jfzzw0+prLzaDXxvwrhm9tGgAdqpycMdxnwoh9y8QvoG+tO7l1/99h17snjzvY04OzszOOIOPD3cOJx9imX/3EBRsYXp8bGAvfi7/tPtrN2UjouLM2F3BOPv50tuXiGfpe3GcukyCx6bWb/fs+eK+ePfPsBaUYlvN2+qa2qorKz8SsfQL6gX40YN5sjx05wvvkS/4AD6Bvrj5mqgm7dn/bhLJaX8398/oEd3H0YOi+BoTh7HcvL48xtr8OnmSf7Z8wyNDOWC5TLHT+bzxopPeHaBZ/2azWXlVv78xmqO5uTRq2d3hgy6g/MXLpGx+xDHcwv40Xcfqv/yQJ0Nn33J+WILg8L6QT97ofzf6XuptFXx+ENT8Ovhy7hRgzldUMSpvEJ6+vnWrz997b5EREREREREREREREREHInDF4B79+qBh7sblpLSRvdLSpt26k4aN5w+vfxYvfELzhQW4+3lQd/AXky+M5p+wQGNxl6xVnDm3AV69TTSq6eRs+cuAODbTuvtVlRWsi55W6NiaHV1DTm5Zzh3/iIe7m5Mj4/Fy9MdgFP553hv9Ra6+3bj2QUP0CfAXhiuK4D++4u9jBo+iAD/7hzOzmXjZ1/i7eXB00/NJuyOq93P+WfOgxONpsQuuVzOyGERzP1mAp4e9tcrv1LxlY4veuhAoocO5O/LP+Z88SVGDB3YqAh/0XIZAJutim/cPYZ7E8bj5ASWS6X84S/vk3emiJDgAP570Vx8fbyoqYHlScl8nmFm9/5jhA/oS00NrNrwOUeOn2bGPbHMmnpn/XF9udteLN+SvpcHZ0xoFJvVWsEv/vNxevU0AnAsJ49Xl33EwcMnsVy6zB39evPUo99gXfI2TuUVMiAkkKce/cZXej9ERERERERERERERERE2oPDF4AB+vftzeHsU43unzh1ptmxgwb247+efuSm+zydfw6AgaH2zs66gqSvT/sUgKuqqjEfymmy3c3NlTtHD2Fmwjh6Nug2PZJ9ipLLZYydNLK++Avg5enOXeOH8/o/N5B/pogA/+7s2H0Ya0UlE8cNa1T8BQiqXeu4oZ49fHn4vrvqi7/tyaebJyOHRdRP6ezr403fwF6cPXeBkcMj6j8PJyeICg/h8wxz/Wd1ubSMw8dOYfT1ZvzoIY2K2qaoUEKCAzh+Ih+rtRJ3d9f6x+6OG1Ff/AUI7N2TXj3t04FbSkrV5SsiIiIiIiIiIiIiIiKdVqcoAAf16cnh7FPsNh9lhCm8/v7GLTuYNnn0Le1z286DAISHBgOw79BxACLC+rZN0C3QcD3ZsnIrqzZ8Tuq2fVRVV2P09W40tq7gvXnrLjZv3dXs/vLPnicqvD9nCosBGHhHcIvi6NHdp0OKvwCurq54e3nU33dq0J3cp8H01wAu10z7XXyxhEslZZSVX+H/vfhGs/v39zNyxVrRqABct95zHWdnZ9zcXK99qoiIiIiIiIiIiIiIiEin0ykKwOED+rLliz3s3n+MEaZwRpjC2fLFHjbVFoBTt+8jdds+Tp4+e8P9DArrx7jRg+nTy4/U7fvo37c3o6IjANh7ILt+TEfw8nTnwRkTySsoYvuuQ/Tv25v4CTH1j1dVVQPUr6XbnKDePamuqaG6pqZdYu5o1dXV1NTU4O7mytDIUNzcmv5z9vbyxNXVpZlni4iIiIiIiIiIiIiIiHQ9naIAPDp6EB9tSGPbzoPET4ghKjyEKZNGsnnrLhYsWtLi/RzOPtVoKunZ37gTTw93Urfv4+y5C3Q3diOsf9AN9nB7eXq4cfed0eTkFrB1215GRQ/C6GPvBO4b1Isdew4T2q8PjydOueF+/P18OZaTx7ETefUdxq1lcHHGzbX5fx7nL1yivPwKnp4ezT7ekIuL8y29fkv4dffF28sDa0UF9yaMI/g6hfFbdTtjFxEREREREREREREREbkdOkUBGGDksHA2btlB6rZ9PJ44hYdn3cW+g8exVlQyIdbEpHHDm0ybfK2Tp8+Sum0fqdv3MXxIGEMjQwFI3bYPgAmxJjw83G77sdzI8CFhhIf2JetYLqnb9nFvwjgATFED+DQ1k0zzUcaPHtJobd+KikqO554hPDQYFxdnxoyIYufeI2zbeZCRwyIajc0/cx6DwZkA/x43jMPV1YC/n32d3OMn8xlhCsfJCWxVVWzdtpfyKxUtKgAH9ravOZybV4itqgqDS9t14/r6eDMk8g62pu9l07938MTDCY3239JjvZ6g3j1xcnLibNFFLpeW083bs61CFxEREREREREREREREbktOk0BOH5CjL0AvH0fgX16cs+EGH7906f4/Z/fZ13yNj7PMDMh1kT0kDCCAv3rC4FWawWnC4pI33GA1O32Qm/vXj14+qnZALzzr2ROnj5Ld2M3Jo0b3mHHV8fNzZWEu0Zx7EQeqdv2MTp6EH0C/Ogb2Itpk0fz0Sdp/P7P7zGgfxC9ehopuVzOkeOnMbi48KPvPUT/vr2JigghNiaK9B0HeHnpvwgNCcTfz5fcvELyz5xn3KjBzH146k1jGT1iEBmZh9icuovTBUX4+nhx4tQZLlpKMRhaVsitK1zvPZDNr//4LiHBAdwdF0P3mxTrW8LJCabfPYackwVs23mQA4dPMCisH87OzuTknuHc+Yv1x1q3rnBrhPYPpE9AD3JPn+W3r/yTAf2DGDU8guihA79y7CIiIiIiIiIiIiIiIiK3Q6cpAL/1/qb62++v3sI9tevj/uQH3yQtw8zb/0pmXfI21iVvw8XFmQD/7jg5OZN/pqjRfqZMGsnDs+4C7Ov+fp5hBmDmlLE37SBuL1ERIQyNDGXP/mOkZZh5cOYknJxgyqRRDOgfyMebt3M0J49jOXm4ubkSHhrMzCljCQnuDYDBxYUnEhOIHBjChpTtZJ/I4+jx0xh9vLk7bgT3TRvfooLooLAQ5n9rOknrUjl45CQuLs6YIkOZ+/BU/v7u+hYdS7+gXvzoew/x7gefkpNbQF5BEdFDBrZJARjAr4cvi7//MCmf7yYtw8zOvUfs27v7MGvqeOInjLil4i+A0cebZxc8yPurt2DOyiEj8xC9e/VQAVhEREREREREREREREQcllNNTU1NRwdxM395ay27zUfpYexGXKyJdcnbAHh2wQP10zhnn8hn286DnC44x+mCIqzWCgA83N3o37c3QX16MsIUTlR4CAA79hzm78s/BuDehHHMmjq+A45MRKTt7Nmf06rxPbq54eTkVP8HuOFtGt4GnLjOuAZ/32zbtbdbcv9m26+nteM9vTrNd6REREREREREREREOrXyMltHh9ClOPzV7WX/3MBu81FcXJyZ+82pDBl0BwDrkrfxyuurmDh2GBPHDSPsjqBGa90WnC3G2dmJ3r0ar//acB1ggB9++36GDR7QfgckIiLSzmxVVVRYbVTYbNhsVVRX19AJvv8lIg7AyckJZ2cnDAYX3AwG3NwN9UutdFXKmSLyVShvKm+KSOt8HfOmiIhIe3DoAvDypM1kZB4iqI8/+WeKSKudrrnub4DU7fZi7pgRkQwe1J87Rw8FILC3X/2Yksvl7Np7mCPHT7Njz2EA+vftzbcevIfQkD7teEQiIiLtx2qtpOyKFZutGg93Vzzc3TB4u+Di7NTqjmgR+XqqqamhqroGm62KykobFy6WYjA44+Xhjru7a0eH16aUM0WkLShvKm+KSOt8nfKmiIhIe3LYKaDffG8j6TsO0LOHL88ueIC/vvMx+WeKcHFxpqqqmiGD7uDJR6eR/uUB0nce4Exhcf1zuxu7YfSxrzFbfOESJaXl9Y/179ubieOGMXHssHY/JhGR20lTQN/Y12kK6Kqqakoul1NdXY2Xlzse7m4dHZKIdCFXrBWUlVlxdnbGp5snLi7OHR3SV6KcKSK3m/KmiEjrdLW8KSIiLaMpoNuWQxaAX393PV/uzqKbtyc//Pb9DOgfSMHZ8/VF4BGmcL4/b1aj52Saj3Lw8MkmawDXGTLoDmJjohg3anB7HoqISLtRAfjGvi4F4CvWSi6VlOHt5YG3l3tHhyMiXVhpmZXSsiv4+njh0Um7M5QzRaQ9KW+KiLROV8ibIiLScioAty2Hu7r9yWdf8uXuLNxcDSx4bAYD+gdy/GQBf1/+MecvXCI2Jor535re5HkxpnBiTOH19wvOFmOtqMTXxwtfHy+tHSEiIl1e+ZUKLpeW093ojZurw/2KF5EuxtvLHVdXFyyXSqmp8cTTo3N1gClnikh7U94UEWmdzp43RUREOpLDnbFnZB4C4KlHv8HgiP4cPHKS199dz+XSciaOHcbjiVNatJ+GawCLiIh0dVeslVwuLaeHsRsGg770JCLtw83VQA9jNy5YLuPk5NRpOjOUM0Wkoyhvioi0TmfNmyIiIh3N4RZQcHez/xLv5u3Jrr1H+PMbq7lcWs740UNaXPwVERH5OqmqquZSSRlGX29dkBORdmcwuGD09eZSSRlVVdUdHc5NKWeKSEdT3hQRaZ3OljdFREQcgcN1AI8whXP8ZAEvL/1X/bYxIyJ58pFpHRiViIiI4yq5XI63l4em4hORDuPmasDby4OSy/apQR2ZcqZI11NdXY3NVoWtqprq6mpqamqoqbl9r+fkBE5OTjg7O2NwccZgcMHZuXXfr1feFJGO1J55sy1yJnSuvCkiIuIIHO7sPbRfHxLuGsXeA9kYDC7ExkTxjbvHdHRYIiIiDslqraS6uhpvL/eODkVEvua8vdwpvlCB1VqJu4NOzaecKdK12GxVVFTYsFVVtevr1tRATU0N1dVV2GxVYK3E4OKCm5uhVR2yypsi0t46Im+2Vc6EzpE3RUREHIVTTc3t/F6siIi0lz37c1o1vkc3N5ycnOr/ADe8TcPbgBPXGdfg75ttu/Z2S+7fbPv1tHa8p5fDfUeqWRcsl/H0cMPD3a2jQxER4Yq1gvIrFfQwduvoUJqlnCnSNVRX13DFWmEvJDgYg8EFD3c3nJ1bdu6pvCki7cFR82ZrcyY4ft4UEZFbV15m6+gQuhSHWwNYREREWsZWVYXNVq0LciLiMDzc3bDZqtu9G68llDNFuoZKWxWlZeUOV8SoY6uNr7KF8Slvisjt5sh5s7U5Exw7b4qIiDgSFYBFREQ6qQqrDQ9NeyUiDsbD3ZUKq+N9a1c5U6Tzq6i0UV5uva3r+7aFmhooL7dSUdmyXKi8KSK3S2fIm63NmeC4eVNERMSRqAAsIiLSSVXYbLi6do6pqkXk68PV1UCFzfEuyClninRulbYqrlyp6OgwWuXKlYoWdbUpb4rI7dDZ8mZLcyY4bt4UERFxJCoAi4iIdFI2WxUGg0tHhyEi0ojB4OKwUwwqZ4p0TtXVNVy5Yu3oMG7JlStWqqtv3HqnvCkiba2z5s2W5Exw3LwpIiLiSFQAFhER6aSqq2twcXbq6DBERBpxcXZq0YW79qacKdJ5XbFWOPT0pTdSU2OP/0aUN0WkrXXWvNmSnAmOmzdFREQciQrAIiIinVRNTQ1OTrooJyKOxcnJiRoHvOKonCnSOdlsVZ2+y+tmx6C8KSJtqbPnzZbE76h5U0RExJGoACwiIiIiIiIiDqmiomus8dhVjkNEHF9XyDdd4RhEREQ6mgrAIiIiIiIiIuJwqqursVV13i62hmxVVVRXV3d0GCLSxXWVvKmcKSIi8tWpACwiIiIiIiIiDqczT2HanK52PCLieLpSnulKxyIiItIRVAAWEREREREREYdjq+pa3V9d7XhExPF0pTzTlY5FRESkI6gALCIiIiIiIiIOp6tN/9nVjkdEHE9XyjNd6VhEREQ6ggrAIiIiIiIiIuJwampqOjqENtXVjkdEHE9XyjNd6VhEREQ6ggrAIiIiIiIiIuJwutq1/652PCLieLpSnulKxyIiItIRVAAWEREREREREREREREREekiVAAWEREREREREREREREREekiVAAWEREREREREREREREREekiDB0dgIiIiLSflJd/wqbCm48LSFjM4nsCbn9ALWIjb9sKPkjOIq/Udtti2//uT3jnzFQWL47HUY5cRLquyqI9JL23nYxTpZTZAGcDxuAgJsdPIsEUgGtrdmZOYsFbFmb/13xmKIGJSJdko2hXMss+PUpuoY1KAHd3QiKjmDF9EjH+rbu8lfnOEpYWRPPCf8UTeFviFRERERHpWCoAi4iIfI1MWvgcY6obbDiYxK8+LGTid3/ApAZFA4O7T7vHdj22/Sv4+0fZBE+aw7MT++PXwbEVfvoyLycXMvSJ3/PE0FY++XQ6K9NKGDFjKpGO8xaLSDsrMyfxs7dycY0wMef70UT6ucOlQjK2p5H8znKSB07iue+Owr+jAwVy01eRfDGcxOkmjB0djIh8TZWS+c6bLDVD5KRJLPp2KP7uYCkwk7ZxD0tfPERk4hwWjfXr6EABC+YNKWR0H8X88SEdHYyIiIiIfI2pACwiIvI1YvD2oVHd0dsAGPD08cHHQQuS5sz9lEc+xFMzhjrEiUvAxB/wXKwNg+ctPPniMXZnFhJwtwrAIl9fuaxfmwumeF6YF41X3WYfIwkPhpOQcIj1Zm+HKP4CFB3LIaPAyIzpqAAsnVwVxdm7+GLfOS61ZHi3XsSOHMlAP5fbHZjcTN4XJO2tIuax+Swc4V2/2egTx5yIOGYcSCGzuyMUfwGs5JpzyAgMZ/74jo5F5CuyFXFsx34yzpS2aLhvnyjuHD0AP0f4T5uIiIg4xHVUERERkesopLgQ6OPlOCctbp74uHV0ECLSaZXkkl0MYdOGXi3+NuQTxQwVDUTaXnEGby3fS16Ln5BLZraN//e98ThKafHrypKTRxEBzDZ5N/u4cUg8k9s5JpGvg+Jtm1ia0qKvzNjtzeWo7RF+NKHH7QtKREREWsxhrqWKiIiIg7Ck8spvPoZ7n+PZCde0qVbs5o3nV8JD/8NTo0pIefllNvV5lOdiTvJG0pfkldrA3Y/ISY/y6D39adQkaytm96rlrN6TR7kNDD0iiX/0UeLvaL6Vtm6qZfudd/jJTwACmLp4MfEBUH4ilaS1KWSdLseGAc++kcTPSmRig/3Vrev7g4dc2bo2hazTBsY//RwzbzAjX/mJFN5YmULWBRsYPAmOns3jD43Az7lup+/wk3cK6+OgMIWXX95EwJznGJP3DklfnKSkyfHt552fvMP+2l1sevknbAIY9gS/f2wolJ8k9cPVpBysfW+8g4m8ewb33zkQH+fmohSRTsunJ/7OYDbvp2xkdPNF4GtYjqXw9vv7MRfbwGAgJGYSCxOj8b9Rfqi2kJWygbe35FNkBVdvP2Lvv4+5IxqXsiqL9rDi3a1knLKvqenqF0DctKkkum3l+2/l1o7aw/OL9gAQM28RC023cuAiHcwvgmF99pJ3puVPCY4KU/HXARh7GIFTZJpLiR3RfBG4kRbmvyZshWR8uJ4VmcWU2cDVL4gZc2YxI7TxazbKyYBXvxBmzEzAlJPE8xst9kGFySxYlAwYtT67dFp+UaEEb9lLXvXNxwLg7MuwQSr+ioiIOAqXX/7yl7/s6CBEROSrO1N4sVXjPd1ccHJyqv8D3PA2DW8DTlxnXIO/b7bt2tstuX+z7dfT2vGuro5fdSstu0I3b4+vtpPCvWzeW8rA8eMZUHdtyyMY97wU0g/C4AkR+DYYXpL+L1blRjHr0eH4O5WSk55O9oV89h/1ZuLjT/Dg1DhM3gWkbVpPqiWUyYNrL7RVF5Ly2u9ZXTSQ2U/O48GpcUTU7Gfde/+mdFAcEc3MK+rddwRj74yAA7s4GfoQz33vQSZNGsvA7q44H1vNS6+nUBY2m3lPPMi0uCH0OLuN1R+nUdp/EpE9aw9v32b2FuSzP7MIv9FTmBw7BlOYH57NfLx1Y7MO2hg461s8MWsypp5F7E75jF2Vg4mL8G3+PSvNIT09mzPHd3PSOJE533qQaaPvoPpEOp+lnMJ/4ggCXfyIGDueCb0KST1UzcTvLuaJ6ZOYNDQQd9dS0l9/mbUN3pshAaUcTv6E/D6TGewo88CKtEKb5Kc25jgx9SLQ6SDJ6YdI2ZMHxh707e6D63W+mltmTuIXy07gM3YyC+dNZla0kdx/p/D2YTfuGRmEK0DhQdbtsRIZF0OEN0Apmcvf5tU9bsR9cxYLZ49ldK98Nq7cwsHuw4kNrp3G4EwKv/3DNrJ7DeGpebN4ZOogQmsKSNuQjc99M5kzKZrAc5nsrTGx6CezePCuGGICPegEvyKli7BWVLbh3rwYEB1E9ZHDHL9889HBk2bxzF2BtPU/d3d312a3O06OusphYvI34nJwH1u+2MnOs+UY/Xvj380Nl2ZP71uW/wr2bmPn5T5MjhtgXx6lOp/1r/yTFUV9mPPUvTz+jeEMqTnK+yt2cjlyFEO62/duz8mHsQ4ezzPzEpg94Q78Lxxh/eeXGP3IdGZNCIL9h8kOjePlHySQcNdwIrtfL1aRttemedOrH6MHXeFQZiElNTcZ6+zLPd95hKm92zZrXi9nggPlKBERaTO2ypZ+60haQh3AIiIicg0DIxImsun/drM7dybB9d2yeWxNy8NvzENENvx/vSWAu//7UcbUNt76THiC/+AVfrVuPan3PMtEI5R8sZJNZyJ5qOG4e77DU+Uv8efPdjNt3oimJyVunvi4+eLpAhi88KlfpLiE1E/SKYl4iP95ZExtl7EPYx55Fsr+mw8+SSU+fOLVtY7LPRn99OIbdv3WK/dj0o++w8TagrRP7BNMPfwTVh7NopjgG3cBRSWy+OHI2jtDmflAHvv/N4WsYzBisH2d5ebXXD7JsRMQ+UgiY0Ls74JP9Ey+M2wmbX7VWUQcQuCUebzol8yyjUdZ/dZKVmPvUIscM5gZE0YSZqzNiNWHSHo/F6+JiSyqS2I+0cz/Dxtlz+9kfd4oEoObeYGsFN7eayDhmcdJ7G/fZBz5AM9VreTZzV+QOyaBEIpJfm8Puf7RvLAwnkD7KGKmJBIz2d5pDOBlAJxdMPoYtQawdH6GYL4x7y7OvvpvzGXXH+Y55C4WTg7WBRNH4RzEjGcex3/NJlbv2sPSvfYZCbz6BRE3diwJo0KpS5sty39NWdI2sbogiLkvPEBc7bmqccrjPFP2V15K2cnsp0bhWpuTGZ7AC3NM9i/gYCTuwVBibTZcDQZwN+LlDBi8MPooa0rnZ+gzgYWJF/jN+3mUX3eUO6bE+/lGH62ZLiIi4kg6/WXFw9mnOJJ9miPZpykrt3Z0OCIiIl1D0CTG9y1hx/asq9uytrHDEsndd19TbYgYSsw1szj7RI+mP3kcO2oDSjCb85od1z+sP+Rkc6I1sZWYMZ+GyGExjaeYxpOYYZFw+hiHKhps7jmCMS0p/gIEDCXymmt1wUEBYAPbTZ4aNjiy8YY+wQQBN//yYgDBAZCV+jH788ux1Y3v9GdpInJ9BvxHTuen/+9ZXv/tk/z0qVgmDzCQ+3kaL73wV5aaS+3Djh0ls9ydmOhrkpjnAMICS8nOsTS79yxzDmXGAcT0b7zda0AQIcV5ZJcAJQfJPAVhd46qLf42DE9lL+nCPKKYN28owdf7PdtnKD98MIrmF6iQDmMIIPbBx3nxt4v4y/97gGfuMxFpsLAlaRWLX0gis7Yy1aL814SFzH3FEBFO7DUffNjAADieTzbU5mQDMWPrir9XuSpvShfmGTWLH072ve7jwZNnMC+qJYtaiIiISHvqlGeoZeVW1iVvI33H/iZF3/Gjh3DPhBj6BWuBFRERkVvnw/i4SD7+Vzq7Z0cyws3G7u1fQsxT9R289dy8mp5Q+PjiAxRVJnu8AAAgAElEQVReLAagvAw48QE//8kHzbzWUK60JrTycsoBH4+mpzEGDwNQSMlFoO5UwMXRT3cCiP/BD2BlEkl/SqfcZl/PeOI9M4kfrJUHRTpeIet/t5zVhQ23NVjTsTCF53+3h4KGDwdE88J/xTctrDbH3Y+wIXGEDYkjsbqYtH8s5+13NmH+wwOYrFbKsJL86hKSm3lq4HW+AFtWbgOLmZcWmZt51EhZOYCVMiDQ2EYdauYkFtSvGVxreAKvP2FfMDjznSUs3dv4Ya0nLB0m4DodbV7BzJs3gTaewfTr52Z58Sb54mZc/UIxTQzFNBEozuDV/01j6UeHeH1OVMvyn8+1262UlQI5W/n+oq3NPC+EMgCrlTK88e/eojBv6sZ58Sa/e0TaWe9J9zOv8D3eOtD43MNzyF0snNS7g6ISERGRG3H0K6JNnMor5OWl/7put2/6jgOk7zjAk49MY/zoIe0cnYiISNdhiB7PmDVvkJpRwohhu0k96Mfo/4hsOrCiDBvXnFSUXKIE8OvuB5Tj6QUMfojnHoxq7pVa12Xj6YknYLvS5FVrt/nh00YX5tqNZ3/in1pMPGArzSPr3+tJeuslTj7yW56K6XSnayJdTAAJT88nrlE3vwGvunXT/eP46S9H0WjFPWePW5su2dmPuFFBvJ1VTG4RmNzd8cKbuIWPktDMtVVXt+ZfxcvTAP5RLHo6tpkidG3spe54ARaLBdpicueo6bz8y2vmSjB41980Jc7n5fsbP+yqFkvpQJ5Rs/jhN5J47ZMiexHYy58H5s3CpOUkv7qb5cWb5ItW8YsldmAa5jOFFBHVsvzXhLt9+5A4Xk5s5lwXA14A7u54UUpRwy8afgU3zos3+d0j0u68MD04gwfK1rMqx35N1jN0pGZMEBERcWCd6ori+eJL9cVfTw937pkYw52jh9LTz5eycit79h9j7aZ0zl+4xJvvbcTT050RQwd2dNgiIiKdk3Mk48b48UraVtIv7Sev73ieCmpm3JH9ZJaPadQZXLJvNycJZma4AfDBZApm9ae55HmPabx+8K3wMWHqu5qP92VSPmpMgwsO5WTuy4K+M4ly+4qvcbu4e+FJOeWNWp5t2GyG+hlXDd7BDJ0xm7OHXmbTkWMQ09yFSBFpT67eN1j/1tkdLx/3VuytkMztpUSODaW5yRLNR/LBM5Qwf8AvnBjPo2TlV5E4sOUzAkSaQvHankdutbHJtPb1fAYT0y+DpJ1mLHFxjY+vmvpp6L08DWCt4gbLpdoZvDE26aq7ytVTawiL4+kdm8gPK97jtW1w17xE7lRnZdu4WV68Sb5ootBMWukA4kKbqX5WHyLrGHgND8If8G9J/mvCSMwwP1YknyXXOxbT9c5VB9pzcubuQ8yNuOZLjfV5s7aYbLVSCU2mim7oZnnxhr97RDqCc2/ufHwG5W+s4d8M5YePj9GMCSIiIg6sU/2afuO9T+qLvz/+/sPMmjqenn72NSi8PN0ZP3oIzy96gn5BvQB4672NWhdYRETkKwiOG0/whVRWby0mMm580xnzAIyFfPbqSr7MLaakpJiTGSv587qTeMZMZXztVSufO2cw3vAl7/zvB6QezaOkpISS/GOkfvRnfvXO7puur9uYDxO/MR6fIx/wyntfcvJ8CSXnT/Lle6/wwREfxn9jYvNxOoKwaEzeJaSuWs3+/BJKSm2Qv5GXn3+ZDz7Psh9LSTEnP/+Y1EKIjKj9IlvWan71m1/x9y+Km79PFqt/8yt+9Xo6xc2+sIg4jKIjJH+0isUvLGdFqpnsIguWEgtFJ/ew/p1lLP3ShZhvxhMJ4BzF7OkBFKxbwZKP99SOLSR7dwpLf7eMpLzrvEZkHLMHFpP0x+Uk7c6hqMSCpSiHjM1JPP+7ZOwTr/qRMD0KY14Gzy9NJjPPgqUkn6zUVTz/i5Vk1P43KnJ4KF4WMys+NJNbYqFM/72SLqb3hEf49U8e4R4Vfx1WUdZOVvzpryz+0waSD9TmtLpc+IcNpDmHMHdmuH1wi/JfU8a4OCYbjrL0D6tIPpKPpcSCJe8oyR++yeK3dtq7mWtzcuWXG/jZigx7Ti7KIePj5Syu37eRmGg/yNrO0lT765e17kRXxLE59+ae+d/h1/PHq/grIiLi4DpNB/CpvEKOZJ8G4MlHp113jV8vT3d+8ORs/mfJO5SVW0nfsZ97Jo5sz1BFRES6DuN4xkV+zAenxjAx+jqnDf2m8oOYPN5Z/jIfWGzg7kfkPd8h8e6BV080nAcy+2c/pf+q5Xz8zit8bAUMngQPjufR+0e0/oQkfDaLv+dH0tr1/O13H2DDvm7u7GfmML65LmVH4TyQ2Qtmcuntjbzzf+kQMJXFi6fxnYdsrPxsJX9bV26fTts7mMj7n2VO3fTPtkuUWErwLLc1fx8blywllLiXt7KYLiLtzj+On/4mgswtW1n/789IW2OzFxYMBgL7hTPnR5OIC77a5WYc/zgvBqTw9odbWbIlxd5R5hdA3LRZzA6+3ov4Mfm78wlM2cCKj1aRXAo4G/DvH87sb99NSN2wiOm88H1f3l6zi2X/a6YS8AoIIPbBqcS4Xx2z6L4klm5M5lfpEDjtcV6YokqZiLQf/4lP8spgM8kbdpL8/iGSSu3bXb29CRkex3PTYwmpnxKmhfnvWs7hzPnF44R9uJ6kt1aSZAUMBkKGjGT+g6PqO3mN4x/nBc8NLNuwnZdeTANnA8bgIBISY+v3bRz/AM+cXcWy9av42Rqtdy4iIiIiHcOppqampqODaIm1m9JZl7yNnj18eekXC246/s33NpK+4wARYX358fe/2Q4Rioh0rD37c1o1vkc3N5ycnOr/ADe8TcPbgBPXGdfg75ttu/Z2S+7fbPv1tHa8p5fjf0fq7LmL9O51mxe7rc7ig/95g7x7nuPZCdf21RaS8vLLbOrzBL9/bOjtjUNEOpV2yU+t5IgxiciNXSq56eTjnY6vT3OTvztmjnLEmETkxrpa3rxezgTlKBGRrqhcU6e0qU4zWcf5C5cAGDSwX4vGR9eu/Xs6/9xti0lERKSrK9mWwpfWSCbGOuykyiIiIiIiIiIiIiLSQKcpANet5evp4X6TkXZenu6NniciIiKtVH2Srakn8YwZzwi3jg5GRERERERERERERFrC8ee3rNUvqBd79h/jyPHTLRp/+NgpACLC+t7OsFqt/EoFry5bRV5BEf/53QcJDQm84XjLpVL+8Jf3qbRV8bMfPkp3Y7c2iWNd8jbWbkpndPQgvvP4zFveT3V1DV/uzmJd8jbOnb+Ip4c7P/reQ/Tv27tN4hQRkQ7k3J+ZP/s91/8tEUD84t8T344hiYiIiIiIiIiIiMiNdZoO4H7BAQCcyivkfPGlm45P33HA/ryggNsa160qv2Jl42c7qKqqvuG41O37OHvuQjtF1Xobt3zJGys/4eKlywwZdAejoyPqu69FREREREREREREREREpH11mg7gEUMH0rOHL+cvXOLPb61h8cKHr1tofPO9jfVrBk+ZOLI9w2yVA4dPcDTnNJEDQ5p9/ExhManb9rVzVC1XcrmMbTsP4uZq4Olvz77ucYiIiIiIiIiIiIiIiIhI++g0HcAATz46DbB3Ab+89F8czj7V6PGycitvvrexvvs3fkIMPf182z3OlrJWVLLxsx1UVFQ2eaymBtIyzFy8dLkDImuZSyVllJaV4+3tSZ9efh0djoiIiIiIiHQhTk4dHUHb6mrHIyKOpyvlma50LCIiIh2h03QAAwwK68eTj0zjzfc22ovAf/kXPf188e9hBGhUEB4/egiPzJ7cUaHelNHXmz69/Mg6lsveA9mMHhHZ6PHTBedI33mQsDuCqKi0UVp2BYDLpeX88e8fkldwjoVzZzF8SFij55WVW/nj35IoOFvMswseIHxAy9dArlsXeNbU8fQL6kXSulTOnb+Ii4szpshQ5jwYT3ffbly0XObF11ZSfKFuKu5yfvzC3wAarSl8/sIl1nzyBXsPZlNWbsXNzZXw0GAeuncifQN73eI7JyIiIiIiIl8HTk5O1NTUdHQYbcZJ1QwRuc26Ut5UzhQREflqOlUB+HD2KfbsP9Zo2/niS43WBPb0cGfW1HHcUzv18+mCcxw6msvxE/lkn8gHJycGhgbTv29v+gb6M2TQHe16DHVcXFyYOnk0+e+d57Mv9jA0agCeHm4AVFVVk/xve2fw1MmjSf73zvoCcDdvT2JHRJJ0+izpOw4wNDIUF5erjdxHj5/mVP45hg8OY0D/oFuKbeeew2zeupOwO4Lo3zeAw9mn2L3/GGXlVn7w1Gzc3AzEmMI5e66Yg0dOYnBxYWhkKG5uBgaEBAJw/GQBf3pjNZdLywnq05PhQ8I4d97CoaMnefHVlcx7OKFJ0VtERERERESkjrOzM9XVVR0dRptxdu5Uk7CJSCfUlfKmcqaIiMhX0ykKwOeLL/H+mi3svqb4GxHWF38/Iz172Kd57hccwKCwfvVrA2/beZAVq1K4Yq1o9Lwdu7PYsTvr/7N35/FR1ff+x1+TmcxksmdCAkmYBEhCkLCEAGIQEUXBVhG1irUttm7trbbVVu/PXvXXxdta7++qXax2cWv1erXUWxXrAl4UkUUEQlgiBBKWDAmQfZ9MMsn8/kgyJGxJyDKT4f18PPLI5JzvOedzhq9fMO/5ni/QMVP4tq9eNQx3caqkhFHMnTWZ1Z9sY9uOAubNmQpAcclxduQfYMbUNCZOGMvqtVt7HJc1JY3/XZfLweJjVFbXET8qGugIjrsefz13dmaPYLg/6hqauPeur5A6riNALq+s4ak/vkFxyXFKj1WQOi6Rm5cu4GDxUQoPlmK1WvjqdZcRHRUOQEtLKytXbaSh0cm1i+dy9RUXeR/b8vn2vbz0+ge88+EmJqbZiYoIO6caRUREREREJLCZjEG43YERZEDH/YiIDKVAGjc1ZoqIiAyM3wfAXev9NjldANgT47hi/kyypqR5g97TeeqPf2fP/mIAlizKISHeRvLY0URHhnHkaAVHjpaz7rNdbNySz7Yd+/jRv9zEhJSEYbmnLkEGA5ddPIPcXYWs/mQrUydPICw0hPfWfI7JZGTRgtm43W3U1PZcBzguNpopk8bx6eZd5O0uZNGCWQAcK6ti/8Ej2BPj+vXo55NlT033hr8AtuhIkhJGsSO/iNq6xl6PP1pWxcHiY8SPiuaSOVN7rNmRlZlK2rgkCoocHDx8lKwpaedcp4iIiIiIiAQuk8kIrlZflzFoTCajr0sQkQAXSOOmxkwREZGB8euPUnUPf60hFm5euoCf3H8rc2dnnjX8/dl//pU9+4sZE2/j3x+8jWsXz2X2jEns2nOAF/77fczBJi7Nmc7//eE3mDJpHK6WVn71u/+mra19GO+uQ6wtkoWXzOBYWTWbt+1hz75idu89yNxZkxmbEIfH46H9pLU7DAbImTUZizmYLXl7veF4fsEh6huczM6adNb3pzddM3m7GI1BmIP7/lmB6pp6nM0uIsJDMZuDe+wzm4OJCLfi8XhwlJafc40iIiIiIiIS2IKCgjAZAyMAMBmNepypiAy5QBk3NWaKiIgMnN/+Tdo9/I2NieRf717mXdf3bN5bs5mSYxVYQyz8+4O3MSbe5t33t7fXsn13YY9HSd9711eYOzuzc//Hg38jfTAn+wLsSfF8+Mk2VqxcS0xUBJddPKPHzNmTpYwdzfjkBByl5Rw4XEqT08WWvL3EREX4fFZte7sHz0mhtYiIiIiIiEh/mc1+/+CyPgmU+xAR/xcI400g3IOIiIiv+W0A/NLrH3hn/v7k/luxJ8X3ekxbWzvrN+8C4OalC07Zv/CSbCamjmXGSQHp125YSKwtko835JFfcGhwbqDXWttoae14JEt4mJWrFsyivrGJ4+XVLLxkBrG2yLMebzYHkzNrMu3tHnJ37mf/gSM4SsuZMmkccbHRw3ELZxRriyTUGkJ9QxMtLT0fO9PS0kp9gxODwYA9Mc5HFYqIBAaDwaAP3IiI3/F4PBjO9klGH9GYKTIymUzGEf8Y0N7uQeOmiAymkT5u9qV+fx03RURE/IlfBsArV230Ph74ntuX9vlxxjvyiyivrGXG1DQuvnDKKfu/et1l/OvdN58SJlvMwSy8JBuAzbl7Blh937S0uGlsavb+PGNaOhdmTSJtfBKzsjL6dI7MjHHEj4pmxxdFvPneekxGIzmzJp915vBwSIi3MT55DGUVNXy6eRfd/38xL7+IwkMljImPYfwwr7ksIhJogoIMtLXrl3Ii4l/a2j0EBfnfL+Q0ZoqMXCEWs8//P/dcGQwd9Z+Nxk0RGWwjddzsy5gJ/jtuioiI+BO/e55Gk9PFmk9zgY4Zuxmp9j4f+9H67QCMTeg5s7Syqo6VqzeSt7uQWFsUD3x32Smh8sQJYwHYtPULbr/lSwO5hXNiMhq5/Wv9u25UZBgzpqbzwUefU1ffxKS0ZFLGjh6iCvvObA7m2sVzKS4pY+WqjWzdUUByUjzllbUcOFyKyWRiyZU5REWE+bpUEZERzWQy4na3YTL65ee5ROQ85Xa3+eWsE42ZIiNXUJCBkBALTqfL16X0W0iIpdeQQuOmiAy2kTpu9mXMBP8dN0VERPyJ3/0rPm93IU2d/zi5dvHcczpH4phRPX6uqK5l7uxMmpwuHCVlOErLTjkmZexoYqLCz+l6vnRhVgbhYVYMBgM5syZjNgf7uiQAJqQk8PB9X+ei7Auorqln09YvKC4p44L0FP7tB7cwe8YkX5coIjLimU0mWlvdvi5DRKSH1lY3ZpPffc5UY6bICBdsMhIS0vusMH8SEmImuA8BhcZNERkKI23c7OuYCf47boqIiPgTv/ubcvvuQgDmzs7s86OfT+Z29/wflL7OIg4KGvo83Bpi5sHvfbXP7aOjwvmPR+7qtV38qGgyM8b1+bxLFuWwZFFOr9u6fHv5NXx7+TU9to1PTuB3v/zeGa8RGxPZ71nNIiLSd2aLieqaRiLCrb4uRUTEq9nVSky0/z3pRWOmyMhnDjZhMBhobnbhz0vTGgwds9j6GmRo3BSRoTISxs3+jpngv+OmiIiIP/G7GcAFhQ6g76Ftd1GRHX/xFx4s6fexR49XUlldR3jYyPofm8/zCmhodDJjarr3/kVE5PxgMhoxmYJodrX4uhQREQCaXS2YTEGYjP73SD6NmSKBIdhkJCzU6reP/jR11tf38FfjpogMLX8eN/s7ZoJ/j5siIiL+xO8CYGdzx+Ofrecw+3fmtIkAFB4sPWVfZVWd9/XpwuWuY7Knpvf7ur5SW9fI9l37iYmK4JI5U31djoiI+EBoiIWmppG1rpOIBK6mJhehIef2FJ/hoDFTJDAEBRkItVoItVr8JgAwGY3emvqyfmUXjZsiMhz8bdw81zET/H/cFBER8Rd+9wjoialj2Vd0hL+8/gFrEuP7fFxGmp2F82YQEx1BybEKPt6Qx2UXZ3n3V1TXel9XVtXR5GzGnnTi/Jtz9wCQNSVtEO5ieGzdUUBZRQ3zLpxCXGy0r8sREREfsFiCcTa30NjkIixU/xMsIr7T2OQiKCgIiyXY16WckcZMkcBiMhkxmYy0t7fjdrfhbmunvb0dj8czpI86NRjAYDAQFBSEyRiEyWQ8pyWlNG6KyHDzxbg5WGMmjIxxU0RExF8YPB7/WgHCUVLGfz67wjsTuD+ee/J+Vq/dyt/f+QSjMYg//r8f9tj/6JMv4ygtJzYmkpuvu4wZnWHvq//zv6zduIMLZ0zirm9cPSj3ISIy3PJ2H+xX+5hwMwaDwfsFnPU13V8DBs7Qrtv33rad/LovP/e2/Uz6294a6nefkTqjtrZ2KqvriY4Kwxw8cuoWkcDR0uqmpraR2JgIjEa/e8hQDxozRcQfaNwUEemfkTRuiojIuXE2uX1dQkDxuwAYOmbobtiyu1/HjLJFMXd2Jm53G796+jWKjxxnQkoC9955A6GhIT3OHWuL9P7817+tYv3nHdd66N6vMT45YXBuQkRkmCkAPrtADoABml2t1Dc0ERMV7pdrO4lI4HK726iubSAiPJSQETIbQ2OmiPiSxk0Rkf4ZieOmiIj0nwLgweWXAfBAHT1eyR9f/ielxyoA+PpXrmB88hhs0ZFYQ8xU19ZTW9fIipWfcLD4KADfuXUJs6ZP9GXZIiIDogD47AI9AAZwNrfQ0OgkKlKzM0RkeLS0uqmtayQ8zIo1xOzrcvpFY6aI+ILGTRGR/hnJ46aIiPSPAuDBFZABMHSEwCtWrmX33kNnbZc0ZhTXLMpR+CsiI54C4LM7HwJg6JidUVffRFhoiNZpE5Eh1djkorGpmciIkTsTQ2OmiAwnjZsiIv0TCOOmiIj0nQLgwRWwAXCXTVu/4JNNOzhytAKXqwUAk9FIYkIsM6dNZOEl2VjM+geEiIx8CoDP7nwJgKFjnbb6Bift7e2EhloIsehT0iIyeJpdLTQ1uQgKCiIi3Dri12DTmCkiQ03jpohI/wTauCkiIn2jAHhwBXwA3N3R45UAxI+KxmjUmjUiElgUAJ/d+RQAd3G5WmlqduF2txNiCSY42ITJZMQYZOj3+yEi5yePx0Nbuwe3u43WVjfNrlZMpiBCQyxYAmwWhsZMERkMGjc1bopI/5xP46aIiJydAuDBdV4FwCIigUwB8NmdjwFwF3dbGy0uNy1uN253G+3tHvTXv4j0hcFgICjIgMlkxGwyYbaYMAX4Byk1ZorIQGjc1LgpIv1zPo6bIiJyegqAB1fg/HZbRERETstkNGIKNRKK1mkTEemNxkwRkf7RuCkiIiIi4n+0gIKIiIiIiIiIiIiIiIiISIBQACwiIiIiIiIiIiIiIiIiEiAUAIuIiIiIiIiIiIiIiIiIBAgFwCIiIiIiIiIiIiIiIiIiAUIBsIiIiIiIiIiIiIiIiIhIgFAALCIiIiIiIiIiIiIiIiISIBQAi4iIiIiIiIiIiIiIiIgECAXAIiIiIiIiIiIiIiIiIiIBQgGwiIiIiIiIiIiIiIiIiEiAUAAsIiIiIiIiIiIiIiIiIhIgFACLiIiIiIiIiIiIiIiIiAQIBcAiIiIiIiIiIiIiIiIiIgFCAbCIiIiIiIiIiIiIiIiISIBQACwiIiIiIiIiIiIiIiIiEiAUAIuIiIiIiIiIiIiIiIiIBAgFwCIiIiIiIiIiIiIiIiIiAUIBsIiIiIiIiIiIiIiIiIhIgFAALCIiIiIiIiIiIiIiIiISIBQAi4iIiIiIiIiIiIiIiIgECAXAIiIiIiIiIiIiIiIiIiIBQgGwiIiIiIiIiIiIiIiIiEiAUAAsIiIiIiIiIiIiIiIiIhIgTL4uYKB25BdxtKyKo8crcZSW4ygpw54Ujz0xjoTRsSTE25iemerrMkVEREREREREREREREREhtyIDYCra+r564rV5BccOmWfo6QMR0mZ9+fMjHF8c9kiYqIjhrNEEREREREREREREREREZFhZfB4PB5fF9Ffm7Z+wYuvvQ/AOPsYcmZNJn5UNPGjYogfFU1ZRQ1lFdWUVdSwaesXHHIcA+D2W75EzqzJvixdRGTI5O0+2K/2MeFmDAaD9ws462u6vwYMnKFdt++9bTv5dV9+7m37mfS3vTV0xH5GSkRERERERERERGREcTa5fV1CQBlxv90uOlTqDX9nTc/gO7de493nbmujoNBB6vhE4kdFA3D5vBn86eV/snVHAS++9j7xo6JJHZfok9pFRERERERERERERERERIbSiJsB/L2HnsblauF7t1/nXdu3vLKGv729li/2Haa11U1wsInJE1O4eekC4mI7guAd+UX8/sW3sFjM/P6x7/vyFkREhoRmAJ+dZgCLiIiIiIiIiIiI+CfNAB5cQb4uoD/efG89LlcLX144xxv+VlXX8dBjL7Ajv4gQczAZqXZCzMHsyC/iocdeoKq6DoDpmal8eeEcXK4W3nxvvS9vQ0RERERERERERERERERkSIyYADi/4BDvrdnMmHgb11x5kXf7q/+zBoBZ0yfy1KN388Ddy3jq0buZNX1ij/0A11x5EWPibby3ZjP5BYeG9wZERERERERERERERERERIbYiAmAiw6VAjBvzlSCgzsey1ld28DOPQeYPDGF79y6pEf779y6hMkTU9i55wDVtQ0ABAebmDdnao/ziYiIiIiIiIiIiIiIiIgEihETAB84fBQAe2Kcd1vX450Tx4w67TFd27vadT++63wiIiIiIiIiIiIiIiIiIoHC5OsC+qrocMeM3bRxid5to+NjAKirbzztMV3bu9p1P77rfMPN2dzC757/B4UHS067PyoijOxp6SxZlENEeOgQ1uHi7Q82sjl3Dw2NTiZOGMsP7rwBiyV4yK4pIiIiIiIiIiIiIiIiIkNrRATAh48cp7m5heSkeMzmEwFleKiVCSkJfL59LzOmpnvX/QXYumMfn2/fy4SUBMJDrd7tZnMwyUnxFJeUcfjIcVLGjh7We+kuI9WOLSbC+7Pb3cb+gyV8vCGP/IJD3PftG4mLjRr06zqbW3jmxbcpKHIQHRXO7KwMksaMIijIMOjXEhEREREREREREREREZHhMyIC4MiIMACqaupP2bdgbhYHDh/lTy+/w2eZqd5wd0d+kXf/ybrO03VeX7l83gyyp6X32OZua+PlFavZtPUL3l+zmeU3LcIwyLls0aESCg+VkDx2ND/89lcID7P2fpCIiIiIiIiIiIiIiIiI+L0RsQZwTFQ4cbHRNDQ6OXzkeI994+yjmXrBeAB25BfxzupN3vB36gXjGWfvOcP38JHjNDQ6iYuNJiYqfHhuoB9MRiOX5kzHGmKm5FgFzS7XoF/jeHk1bW3tjB4VrfBXREREREREREREREREJICMiBnAABNSEiivrGH/gRLvY5t37TnIG/9cR+mxCqDjkcoTU8eyr+gIBUUOdu05SGV1PTdeM98bEu8/UOI9n7+KCLdiNgdTV99ES5VHj30AACAASURBVIsba4gFjwf2Fhbzj3c/pbjkOB4PxMVGs/SquczOmuSdJXyw+Ci//tP/kJQwimXXXspb729g34EjTJ+cyuysDP748jve62zJK2BLXgEA3/3mtWRPS/de58331uMoLcPtbiMqIoxZWRksvWou1hCL9/h3Vm9i5aqNXLt4LqPjYnj7g42UV9Zw19e/TPqEsfzq6dcA+Jdbl/D+ms3s2nuQ9vZ2JqQkcvstVxERHsrbH2xkw+e7cDa3EB0Vzi3XX86MKene+2lv97Ajv5CP1udxoPgoLS2tmExGJqXZ+doNC4mLjT5tPfbEOP7+zjrKK2swGoOYOmk8X/vKQqIje4b+J6+FbDIZsSfGc/2X5zEpLRmDgT6/9yIiw+F4eY2vSxAREREREREREZERbHRcdO+NZEQbMQHw1AvGszl3D59u3sUV87Opb3Dyl799QF19E/Mvmsb8nGk91vM9fOQ46zbtZN1nO/nL3z7gZw98i4hwK59u3uU9n786eryKhkYnqSmJhFjMAGzJ28tLr39AUFAQkyeOwxpipqDIwfOvvkdFVS1fXjinxzmOl1fx6z+9gaullcjwMNo9HiLCQ8mZNZkjRytwlJQRa4tk4oSxANhiIvF44P2PNvP2BxsICgpiUpqdsFArBw6XsubTXL7Yd4jv33HDKesSb9iym6rqeoKDTcREhVPX0OTdV1ffyG/+/AYx0RHMnDaR/QdLKDxYwjMvvk1EuJXS45VMmTSe6toGDhwu5cX/fp9777KS3lnXlry9vPDf72MNMTNxwlgiwq0Ul5SRX3CYp194k/u/u4yokx7lvTWvgA8/2UrquERSxsZTUORg++5Cmpwu7rn9OqwhHe9peWUtv/nzG5RV1HjXQna729hbWMwf/vI29971FVLHJfb7vRcRGUr6x5mIiIiIiIiIiIiInM2ICYCnTBqPLTqC0mMVrFy1kZaWVurqm5g5bSLLb7rylPYpY0ez/KYraWxqZtvOfaz6+HPM5mBKj1Vgi45gyiT/C4Db2z3sO+Dg9bc+pr3dQ/a0dCyWYByl5bz+1sdER4Zz7103MCbeBkCT08UzL77F2g07mDU9g/hRJ0KB+gYnM6dN5Js3L+oxa3di6ljeWb0JR0kZE5ITuP2WL3n3OUrL+d91uYRaQ/je7deROi4R6Lku8aq1W/j6DVf0mPVaW9fI166/nPk50wkK6thRU9vQcay7jS9dfiFLFs3FYOho+5/P/o2SYxUkJ8Xz0/u/SWREKB4PvPL31Xy6eRfbdxd6A+CpF0zg337wNVLGjvaeu3vbXXsOMu/CKT3ex7qGJm94C1BeWcNTf3yD4pLjlB6rIHVcIu62NlasXEtZRQ05syZz67JFmIxGAFpaWik8VEqKffQ5vfciIiIiIiIiIiIiIiIivjJiAuCw0BC+fMVF/NcbH/Lhum20tbUDcOWCmWc97soFM9m2cx8fbcjDaOxY8vjLV1xEWGjIkNfcmz/8deVptwcFGbh83gwunTsdgH1FDuobmrjo0pneABIg1GphwdzpPPfqe5Qeq+gRQsbGRLJs6YIe4W9vdu05QH1DE5fMmcqElETvdpPRyJXzZ7Jrz0Hy9x6irr6RqMgTs26zp6Zz6dys0z4KOSLcysxpE737IiPCGJsQx/HyamZOn0hkRCgABgNckJ7Mp5t3ecPjrnscnzymxzkNBoiJjgCguqb+lGtmT033hr8AtuhIkhJGsSO/iNq6RgCOl1VTdKiEqMgwrrnyIm/4C2A2BzN5Ygpwbu+9iIiIiIiIiIiIiIiIiK+MmAAY4NKcaezdf5itO/YBHaFwareg8nRSUxIJCw2hsamZ1laYNX0il+ZMG45ye5WRascWE9FjW8rY0WRlphFri/RuO+Q4BsCHn2zjw0+2nfZcpccryZqS5v05JjqiX+EvwNHjld5jTw5zI8JDMZuDaWxqpqqmrkcAPCbedsZ1cIODg3uE7QYD3pm8Y+JsPdoau4WwXdxtbXyeu5ePN2ynoqqOhkZnr/cRHdVznV+jMQhzcM+uXl5ZQ0NjM6njEokI7/kI6e7O5b0XERERERERERERERER8ZURFQADfOfWJRhffY/NuXtobGrmpdc/4JI5U0kbn3RK28KDJXy6eReNTc0AzMm+gDu//uXhLvmMLp83g+xp6b2265rtbE+KZ2zCqNO2SRwdO+B6uq7jLzweeP2tj/lk4w6CggyMjoshM2McQUEG7zrG56q93YPH4+m13XC99yIiIiIiIiIiIiIiIiKDYcQFwAB3fv3LTEwdy7pNO9m4JZ+NW/KJtUWSODqWcfYxHHIco/R4JZVVdUDHrNr5OdOYf5F/zPztr7GJcWzJK2C8fcxp1zse7OtU19Tj8dBjVm99QxMtLa2EhYZgi44880kGUZOzmYOHjxIcbOKe25aSmTHOu+/tDzYMKACOtUUSag2hvLKG+oZGrCHm07YbrvdeREREREREREREREREZDAE+bqAczX/omk88sNvsPymK0kbn4TL1cquPQd5Z/Umdu05iMvVStr4JJbfdCWP/PAbIzb8BZh6wQQiwkPJ3bWfokOlPfa1tLSyt9AxKLN3u66zfXchBw6fuI67rY0P122jodFJ5qRxREac+ZHJg8lkNBJiOTWYLa+s5fPtewd07oR4G+OTx1Bb18g/P/wMd1ubd1/393S43nsRERERERERERERERGRwTAiZgA3OV2EWk+/nu38i07M7K2pbeBwSRkpSfGnrAPb3/P6k7EJcVx12WzefH89/++Z15mQkkhcbBT1DU72HTiCyWjkR/9yIyljRw/4OlfMz+btDzbwxB9WMCnNTliolQOHSymvrCVhtI3FC2afcb3fwWaxBJM9LZ39B0t49i8ruSA9mSCDgYIiB9YB/rmZzcFcu3guxSVlbNr6BXv2F5M+Pgm3u429hcUYDEH86F9uJDlp9LC89yIiIiIiIiIiIiIiIiKDwe8D4MqqOh596mXsifE8cPeys7Y96DjGsy+9zZJFOVy7eO5Z2z7x7AocpWX85Ee3EmsbnkcanyuDAa68dBYTUhL454efsf9gCYUHSzCbg0kfn8Q1V15EctLAA0iDAb50+RzGJyfw5nvr2VvowO1uIyoijIWXZLP0qrlYQ4Y3ML/s4hlYQyy8+f56duQXERkRytKrLqah0ck7qzcN6NwTUhJ4+L6v8/b7G9jxRRFb8gowmYzYE+O5/svzSE4aPWzvvYiIiIiIiIiIiIiIiMhgMHg8Ho+vizibl17/gI1b8gF44O5lZKTaz9j2x798jsqqOkKtFn718F1nnN1bUOTgiWdXADB3dia3ffWqwS9cRGSY5e0+2K/2MeFmDAaD9ws462u6vwYMnKFdt++9bTv5dV9+7m37mfS3vTXU7z8jJSIiIiIiIiIiIhIQnE1uX5cQUPx6DeDKqjpv+Avwzqozz/jcuCWfyqo6oOPRzv+7btsZ23Y/T/fjRERERERERERERERERERGMr+bAfy/67aRt7uIiupabzA7d3YmBYUOKqs7frYnxRMaYiHWFkllVR0FRQ7v8UsW5fR4NHBGqt3brqnZhaOkDIDYmEgy0uzegDnWFsmomCiypqRyxfyZw3W7IiKDRjOAz04zgEVERERERERERET8k2YADy6/++32ylWbcDa7ALCGWMhIs3Pz0ssoKHLwzqqNOErLvSEuRSeOi42JJGtKGtcunkuT00Xe7kIqqzvD4aKe17AnxrFk8VwyUu00OV0d4XJVHZVVdRSXlCkAFhEREREREREREREREZERye9mADtKyvjPZ1fgbHadsj5vk9PFE39YgaOkDHtiHHNnZ/K3t9cCcNtXr2Lu7Exv2+27C/nL6x/Q5Ow4j6OkDEdpOfakeB747rIe6wN3rTNsDbHwr3cvw54UP3w3LCIySDQD+Ow0A1hERERERERE+qqmuZQDNZtx1O2krGE/Vc0OGluqaGlrwoNf/UpdTsOAAbMxlDCzDVuInfjwdOyR05gQPYfokERflzdg6p+BL9D78OloBvDg8rsAGHqGwHfftpQZU9IAeOalt8nbXYg9MY4H7r6ZUKuFjVvyeen1DwB47sn7vee495Hf0+R0cfPSBVwxf2ZHePzs33CUlpM1JY17blsKQEGRgyeeXaHwV0RGPAXAZ6cAWERERERERETOprG1mtyj/2Bn2btUNhWTasshOTKLMeEZ2Kx2ws2jMBtDvb8TEf/lwUNLWxMNLRVUOR0cayiguC6PoqpNxIYmMy3+arITbiAsOMbXpfZZ9/5ZXJvn63LEh5KjskZkH+6NAuDB5Ze/3bYnxZORZidvdyGhVgtrPs1lbGIcsTGRAFwxf6Z3Bu/c2ZneALiyqo6NW/OZOysTa4ilc/bvFABCrRaWLJ7Lsy+9TajVQkGRgyOl5dg6z2lPilP4KyIiIiIiIiIiInKeqWku5ZPi59jkeJmZiTeyaMKPSLfN83VZMgAGDFiMYVisYcRaU3r8ee6vWk/e8Xf493WzyLHfyqXJd/n1jMru/VOzewWguDaP4to83t3/2Ijow+IbfhkAAzhKO9b5ffalt2lydqwJ3BX6VlTVnmjXuR5wqNXCj3/5HAArV230tnWUlpGRau/RNm93IRu35Pc4Z2V13ZDej4iIiIiIiIiIiIj4lzUHn+bDA7/h0pTv8PAlnxFhjvN1STLE0m3zSLfN46rUB1hf/BKPb7iEKyfcx8Lx3/d1aafo6p8KfuV0PHjY6Pgrmxwv+20fFt8J8nUBZ1JZ1RHINjldTEwdS2xMpDcILihyeNtVVJ9oB5A1Jc07+xdOhL7dj2tyuoiNiWRi6lhvu67riYiIiIiIiIiIiEhgK6nfzTNbb+BY4z7+de5HfCnt/yj8Pc9EmOP4Utr/4V/nfsSxxn08s/UGSup3+7os4ET/XH3g1wp/pVcePKw+8Gu/6sPie347A9ieGIfVauHaxXO9M3g3bsnn9bc+xp544lHNozof4Tx3dibXLppLrC2Syqo6Vq7eyMYt+cTaorqdMx5HSTnXLs7hivkzgY5QeOWqjTg7g2ARERERERERERERCVy5x95kRf4DXD/pF8xJusXX5YiPxVpT+PqUp9lc8hpPf76UZZlPkD3mep/V09U/FfxKfxXX5vlFHxb/YPB4PBpFREQCQN7ug/1qHxNuxmAweL+As76m+2s61lI5bbtu33vbdvLrvvzc2/Yz6W97a6jffkZKRERERERERM7Rp8UvsMHxF26Z8ltSorJ9XY74mcO1uby2+14utn+LS5LvGPbrf1r8Av/c/8thv64EnmvSH/ZJHx4IZ5Pb1yUEFL99BLSIiIiIiIiIiIiIyGD5tPgFtpSu4K7s/1L4K6eVEpXNXdn/xZbSFXxa/MKwXlvhrwymf+7/5bD3YfEvCoBFREREREREREREJKDlHnuTDY6/8M3pfybWmuLrcsSPxVpT+Ob0P7PB8Rdyj705LNfMPfamwl8ZdP/c/8th68PifxQAi4iIiIiIiIiIiEjAKqnfzYr8B7hlym8V/kqfxFpTuGXKb1mR/wAl9buH9Fpd/VNkKAxHHxb/pABYRERERERERERERALWWwU/4fpJv9Bjn6VfUqKyuX7SL3ir4CdDep23Cn6CB8+QXkPOXx48Q96HxT8pABYRERERERERERGRgLTm4NNEhyQxJ+kWX5ciI9CcpFuIDklizcGnh+T8aw4+TXFt3pCcW6RLcW3ekPVh8V8KgEVEREREREREREQk4NQ0l/Lhgd9wVaoeryvn7qrUB/jwwG+oaS4d1PN29U+R4TAUfVj8mwJgEREREREREREREQk4nxQ/x6Up39G6vzIgsdYULk35Dp8UPzeo5/2k+Dk9+lmGjQfPoPdh8W8mXxcgIiIiIiIiIiIiIjKYGlur2eR4mYcv+czXpQxIWf7tPHls7Rn2WjAZFzBpzPe4bmImEZruNWTmJd/GLz+9iCvG/4Cw4JgBn6+rf454kcu5Jf1OMiLtWLv6n8eF05VP0bEVrClawciZc/o49y9cRjx1FO3P4s/Fvq5n8G1yvDxofVj8n/5KEBEREREREREREZGAknv0H8xMvJEIc5yvSxkchjQiTJk9v4yRuNtWsbtkCb/YuIKydl8XGbgizHHMTLyR3KP/GJTz5R79x4if/WtLeZVHZv2crOiO8Nfd5ur4woI1JJsp4x7nnnkvcnmkryuVLh48g9aHxf9pBrCIiIiIiIiIiIiIBJSdZe+yaMKPfF3G4Il8nEdmZZ+6vWETr2z9OrtdP+a1fVdx7yT/Sdu6Zi/Hj9nM/ZkjP4jPGr2E1Qee4pLkOwZ8rp1l7w5CRT5kfYjlE3KIMICz9nneyn+MPGfXTjtZEx5ioX0x8ZZURiuF8is7y94dlD4s/k8zgEVEREREREREREQkYNQ0l1LZVEy6bZ6vSxl64TncMnY5AKVVm6j3cTmBLN02j8qmYmqaB/ZQ45rmUopr8wapKh9JWUBiENCWy7qt3cNfAAd5B77Lk5/fx6YjK1lV5aMa5bSKa/MG3IdlZFAALCIiIiIiIiIiIiIB40DNZlJtOb4uY9iYbJnEA7TV4uytsQxIqi2HAzWbB3SOgR7vD+aHxne8aC7kozM1cq7krYInUf7rfwKhD0rvNPleRERERERERERERAKGo24nyZFZvi5j+LSD+7Q7XJTuf56/l7xMaVs5EIct7C4WX3AnWVEnNXUWsi7/SdbVr6W+3QWGNOJDl7Ew406yYk5qWr6Wd/c9yfbmfNxYMAUvZrb9Ya4b3/GY565HP3cpOzaHB491vJ6SeoDl4wbpvn0gOTILR91Ossdcf87ncNTtHMSKfGO3q5ariYTQHG4ZBa9V9P1Y29if89WUpSRZIjEZgPY6yqpX8G7eY+zt3jByGYvHLWd2TBoRJkvHtvY6qmpXsGpPz1nHN150gNlhUHb0Uta0Ps7ixGxsJgvOqp/ys+2vAJBo/w03pSwg3tx5XY8LZ9Mmthz8Ke8ed/Qs0nAtV2ffz+xoO1YD4KmjqubU645UA+3DMjJoBrCIiIiIiIiIiIiIBIyyhv2MCc/wdRnDpr7i445ZltY04r1bXezeuoTfFj9JaRtEmDKJMEJV42O8tvV2Puoe2LlyeW3zIt6tXUU9aR1tg8ooa3yM13KX8O6xE02dhx7jP3bezpbmQjBmEmFKg9aVbDown9/md4RoJlN85zk6Q7ugzI6fO2sYycaEZ1DWsH9A5xjo8f6g6uj2jj5nsJM1LY/7p93P7Bh7r8fZUl7lBxnLSQmJxORx4W5z4TZEEh97J8svepxJ3pZ38u0Zj3N5XCYRJktHuzYXBEVii7mTm6Y9Tuppzm+NfIGbknOwdQXGnSZNXs09E68l0RKJic7rYsEatoD5mS9wY48PRFhITPkP5sfYCW534W4HDJ3Xzbwf2zm8X/4mEPqg9E4zgEVEREREREREREQkYFQ1O7BZew+jRjy3i9Li3/NKySogjdljsr276vc9yCu1hWB5nHsvWkZiZxLgPPo8z37xGKsObGL+qBxMQP3hl8lrA8Jf5JHZC4jonDbmrtzE3/fmktqVKtet4qWi53GygMunvcjiuM7tzkLe2rqITceeJy/t52RlPM4jGSdmAsfHv8j9mXEEApvVTlWzo/eGZzHQ4/1C1X287Ujlq/ZMrIZI4uPu4ca4e7ixvY6qulwKKp5j3eFNPR//bH2I5RNysOKi7NiDvJS/svODC8tZnv1zpoQt5fLxP2bvQYDn2Vt5GU7n26wpWoF3xdpRf+DB6Yuxhecw1wZFJz1fOiIsDWfDStYUPcdHFfneY5YmpGECnNVP8ufcZzrPl8nsiT/n8qh8PqrtfhYLVmMhebvv4LXjDsBO1rT/4pY4O6bIBeTwJO8O8ts53AKiD0qvFACLiIiIiIiIiIiISMBobKki3DzK12UMrtobeXDNmXamkWp/gRvHdv1czpbjK4FM5qefCH8BrAl3svDIY7xW9wHbXTnMtkCruw6ACOtYb/gLYIrN4ZaLT6ylXOb4G4eBiLiHToS/ANY0rht7J5sOPM92x0NkpfWcfRlIws2jaGwZ2Kq2Az3eX+zdt4Tfld/J4gnLyYjqfFRyUCS26AXkRC8gZ1wheUV38NqRjrDRNn4BiUFA81re6gp/AZyv8MqRq/hZWg5JsffDwScBWLf766detGIb1e7F2Ex2bLFwygLDrlW8vvm+Ho+Snp+c0zFrt2Ut73rDX4B8tuy7kS2nubfSkq7wF8BB3v7tLI6zYzPYSUoGivv1VvmdQOmDcnYKgEVEREREREREREQkYLS0NWE2hvq6jMFlSCPCeCJYdbrzcQMR4b9heea1pIR3a9teSEkLgIMte5ewfW/PU7nbOvbVNwIWsI25jsSjaykt/yHP5t3F5WNySBkVh/Wk9KC0qWNdX2fVD/nFJyfV5+kIy6pcdUBgzPY9HbMxlJa2pgGdY6DH+5Oq6ud5bdvzACSOWs7U0VcxJSabeIsFTGlkpb9Aa9Mi3qiCKSGdU8ktC7h9wZ6eJzJYOsIqU/e+k8ns1OVMic7GFhxFREgkwYCp8zHipuBT63E2beu5jjB2kkIiO/Y1bjxt2HuqOpwnz5B1Np9hne2RKZD6oJyZAmAREREREREREREREX8W+TiPzDrxiGfcDlZ9toiPGh7krcMzuDez2yOvaxyUAVCH051/hhNu4ngDYANs1/Ltyc28vu8x9lbex0uVABZMluUsTr2f+QkWoJyq5s5Lt+VTf4azljU7COQAWM6stOIVSiteYRWQaP8Dy9MXYwtKY5L9WqhaSby5I4jFYPGGuKcw28kBNnEny+fdzxTLQGeTLybiNEGxyPlAAbCIiIiIiIiIiIiIBIyuWZoWY5ivSxk6JjuLJ/+c3dt/TOmxn/JRwotcbuvcFxaPDShjOTfO+zmz+5ChWROWcVvCMtzN5ZQcz6eo/GXW1D7Pu1/kUm98g6vjI4kwAy0wKWUPtwXwY57PZjBml5uNobjaGgepIv9U6vguRUkHsIWBydgx87fe7QIsuGuf4eGtT579BOlLO8PfOkpLnuOTirXkVeQDd/LtSx8itc/JVj5ON0rCThJwT0iQ0wrqvYmIiIiIiIiIiIiIyMgQZrbR0FLh6zKGnm0pi6PswFpW7V+Ls2u7JZX4YIC1HC7r3ylNIXGkpCzg8lkv8uOkxUAue8vLAQtJoR0zkA/XFfbrnPUt/SzCjzW0VBBmtvXe8CwGerxfsN7J4vGZZ2mQg7Vzlq+7rePPv7C547vJmsns3s4f3PkBA+daXtn7TGf4CxCFydCfQjdR0uzqKDlsbu/XPU8ERB+UXikAFhEREREREREREZGAYQuxU+V09N5wxLMwZeL9JAI0/J6PjndttzN/zLWAgy1FP2VLdc+j6o+s4JVdJx4N7S56hj/vyqWspWe7suYjAN7ALTHlLlIAZ/UPeWl/eY81Ud11+Xy05RX2tp/YFh+WBoCzdi17A2QB1SqnA1uIvfeGZzHQ4/3B7Il3cfmEN3hw5uPMjznpfqw5zJ/2OJNCABwcLlkJQFHRKkrbAfMCrp71EFnWE4fYYu7kljmruS2hc0NrR2hLyAwWj+46fyaXZy8n5UyPjz6Dj0o3dTyy3LyAq7Pv6fjvBQA7Wemv8uDMn3O+xaGB0Aeld5r4LiIiIiIiIiIiIiIBIz48nWMNBaTb5vm6lKEXeS3X2H7Pn6tyWVe0ivmjFxMBRKTdz3VVX/BW4yu8kbuCt4xpWA1AeyH17S4Iup8iMknFxe6q31NU9yRPllkwndyOa7lwbOeavpGLudG+jGcdK9hbPIeHj2QSEQR4yqhvKwfimF26nEljO2tLXsrsQ8+zpe1JXvr0Y1LCc4iJXMotGWk+eKMGx7GGAuLD0wd0jvjwdAqrNw5SRb5R7yzD6YnDFr2Mq7OXcXW7C7enc2eQpfNDAy7Kjv6UV7om4zsfY1VJDl+1Z2KNupNbcpZzU+cHBkzGjhm/9fHL4OgK2P8Ke8c8ziSznawpnzDlAlfHeT2FlDVHEh/Sj2KP/pR18W+weFQc1pj7uffy7+Fu71anJ47Lo+CN2sF4Z0aGgfZhGRk0A1hEREREREREREREAoY9chrFdXm+LmPYpKbeTwp0BGxdE5+D7ORctJoHxz9EitkObfnUu/NxGrJJiX2V+y++h1QALGTN3My9yT3b1XvsxEf8nNtm/YacyBPXip/4OI9kv0pOWA5WT2fb9ijiwx7ilqx13Di2W2FBmdw46x0WR+Rg9eRyuO4ZSt1Rw/SuDI3iujzskdMGdI6BHu8P9u5bws+2/piPynOpanXhNlgwGTu/PHXUN6xl3e5FPPnF2lOO+93u59nbWIebE8e4WwvZ6/gxL+5Y0dlyBS9t/Sl5DXW4PR0BscldSN7+Ozjc1t9qHazbcSN/P7iKslYXdNVKZ535d5xX4S8ERh+U3hk8Ho+n92Yjw76iIxQUObAnxjEx1U6o9fxciF5Ezk95uw/2q31MuBmDweD9As76mu6vAQNnaNfte2/bTn7dl597234m/W1vDdVDMkRERERERERGoprmUn73+bX8ZP5WX5ciAebRdbP4wYUriQ5J7L3xGdQ0l/KrDefB7HTxW/928foB9eGh4mwKkGfF+4mA+O22o6SMZ/7yNpVVdd5tsbZI7vnWUuxJ8T6sTERERERERERERESGU3RIIrGhyeyvWn9+PAZahsX+qvXEhiYPODiLDkkkOSqL4trzZ5a6+I/kqCy/DH9l8I34R0A7Ssp44g8reoS/AJVVdTzxhxU4Ssp8VJmIiIiIiIiIiIiI+MK0+KvJO/6Or8uQAJJ3/B2mxV89KOcarPOI9Jf63vljRAfAXeFvk9MFgD0xjgfuXkbWlI5F5JucLoXAIiIiIiIiIiIiIueZ7IQb2Fb6BvUt5b4uRQJAfUs520rfIDvhhkE5X3bCDd7l1USGiwHDoPVh8X8jNgA+ffh7MxmpOZikygAAIABJREFUdu65balCYBEREREREREREZHzVFhwDDn2W1lf/JKvS5EAsL74JXLstxIWHDMo5+vqnyLDaTD7sPi/ERkAnyn8DbVavG3uuW0pc2dnAgqBRURERERERERERM43lybfxSeH/0Sl87CvS5ERrNJ5mE8O/4lLk+8a1PNemnyXZgHLsDFgGPQ+LP5txAXAfQl/u9z21asUAouIiIiIiIiIiIich6JDErlywn18UPSEr0uREeyDoie4csJ9RIckDup5u/qnyHAYij4s/m1EBcD9CX+7KAQWEREREREREREROT8tHP99appL2Fzymq9LkRFoc8lr1DSXsHD894fk/AvHf5/kqKwhObdIl+SorCHrw+K/RkwAfC7hb5ebl16mEFhERERERERERETkPHRdxqO8ufcRDtfm+roUGUEO1+by5t5HuC7j0SG9znUZj+pR0DJkDBiGvA+LfzJ4PB6Pr4vozUDC3+4effJlHKXlAIRaLTzw3WXYk+IHvd6zcTa38Lvn/0HhwZJT9plMRuJjo5kz8wIuuzgLa0j/7u9c1NQ28KunOz799m/fv4XoqPCztj9YfJRf/+l/SEoYxQ/uvAFriHnIaxxs76zexMpVG5mdlcG3l1/j63JEBk3e7oP9ah8TbsZgMHi/gLO+pvtr8P7D9JR23b73tu3k1335ubftZ9Lf9tZQU7/ai4iIiIiIiIj/yj32JquLnuKu7P8i1pri63LEz1U6D/Nc7jdYlPojssdcP+TXyz32Jn/Lv3/IryPnn5sznxyWPjwYnE1uX5cQUPx+BvBghb8AD9x9M/bEOMA/ZgJnpNrJmTXZ+zUhOYGK6jrefG89D//qRfILDvmsNhEREREREREREZFAkT3mei62f4u/7vg2lc7Dvi5H/Fil8zB/3fFtLrZ/a9iCs+wx13NN+sPDci05f1yT/vCICX9l8Pn19KbBDH+hc9bv3TfzxLN/w1Fa7g2BfTETGODyeTPInpbeY1tLSyur1m7lvTWbef7V9/je7deROk4Lc4uIiIiIiIiIiIgMxCXJdwDwXO43uGXKb0mJyvZxReJvDtfm8true7nY/i1vfxkuXdf75/5fDut1JTBdk/7wsPdh8S9+OwN4sMPfLl0hsD/NBO7ObA7mmitzuPqKi2hsauaNf67D2dzi67JERERERERERERERrxLku9gUeqP+MPWm9hc8pqvyxE/srnkNf6w9SYWpf7IZ8HZJcl3cHPmk1oTWM6ZAQM3Zz6p8Ff8cwbwyeFvbEzkoIS/XbpC4EeffJnK6jqfzwQ+mcEAl8yZymfbvsBRUsaR0jLSJ4wFOmYIb8kr4OMNeZQcq8DtbsNsDmbW9InctORSwsOs3vO429r46NPtfLR+O1U19RgMMDouhi8vvIgLZ0wiKKjnXyL1jU7efH89W3fso6WlleiocG64+hIuyp7M6ZbOrKqu4+0PNrBr70Ha2toZEx/DzUsvY/LEcT3at7d7+Hz7Xt5b8xnHy6vxeMAWHcFl82Zw2dzpmM3B3rb9ub8/v/JPtuQVcNc3rqamtoEP123D5Wrh3ru+Quq4RCqr63j7/Q1s27Wf1lY3cbHR3LRk/iD9KYmIiIiIiIiIiMhIlD3mekaHpfNWwU8orN7IVakPaF3g81il8zAfFD1BTXMJ37/wbZIipvi0nu79s7g2z6e1yMiSHJXFdRmP+rwPi38w/uxnP/uZr4vo7uTwF8CeFMeCudMH9TrBwSa27y6ksroOgFZ3G1vyCpiSMY6oyLBBvVZ3bncbm3P3UFVTz+ysDBJGx56+PpOJvYXFlByrwJ4Uz4SUBADe+fAz/r7yE/DApDQ7KWNH43Q2U1Do4EhpOdlT0zEajXg88NqbH/Hems0EBxuZdsEE4mOjOVpWxebcPQQFGchItdPsamH957txOl3s/KKIquo6Jk9MwRpi4VhZFTu/OEDCaBuJnXXW1Dbw2bY9tLe389m2L2hscjF5YgohIWaOlJazOXcPwSYjaeOTOu63rY1X3viQlas24na3MSVjPGMT4yirrGH7rkIOFh9lemYawcGmft0fwLad+yg9VknxkTK27iggKMiANcTC5IwUDIYgfv2nNygocmCLjmDKpPGYg418tH471TX11Dc6SRozipnTJw7Zn7XIcDtWVtOv9lazEYPB4P0Czvqa7q/B+0nEU9p1+97btpNf9+Xn3rafSX/bBwf77UMyRERERERERGSAIi3xXJh4M+WNRbyy87u0trsYEz4Ri3Hofjcs/qW+pZyPDj7Df+/+AdNHX83NmU8RafH9BDE40T+DDEEcqN7s63LEzxkwsGjCD/2qD58Ld2u7r0sIKH43A/jk8Hc4dc0E/u0vvueT63dnNAZh7gxFu78f8+dM5cIZk0iIj/XOsm1paeXpF95i34EjHCg+xqQ0O3X1jeTvPYQtJpL/c/fNxNoigY7ZuFt3FDC28xHYXZzNLrKmpHLrskWYOgPkd1Zv5J3Vm9iyvYDsqRN7zOqtqKrl6ivmcO3ii70ziT/fvpeXXv+Aj9bnkT1tIvGjotmzr5jNuXuIi43ivm/fSFxslPeennnxLfYWOti0NZ+Fl2T36/66a3a18P07rmfqBRMwGMDjgVf+vpqyihpyZk323hNA0aFSfv/iW4PwJyQiIiIiIiIiIiIj3cLx32dmwlf4pPg5fvnpRcxMvJGs0UtIt83zdWkyRPZXrSfv+DtsK32DHPut/PjiT4kOSfR1WafVvX9ucryMB4+vSxI/YsBAjv1WLk2+y2/7sPiO3wXA3df8BXCUlg/5Nbtfy1fhc1/ZYiJP2WY2BxMRbqW11U1TUzMAQUEGTCYjDY1OGpqc3gA4KMjAhTMmnXKOiHArixfM9galBgNMTLUTHLyF2vpGml0tWEPM3vaxMZHMz5ne4zHSM6aksWHCWL7Yd5h9B44QPyqaz7fvwe1u49Kc6d7wFzoew71owSyKDpeSu3M/8y6cisUS3Of76+7yeTOYNnmC9+e6+kb27C8mPMzKlfNneu8JYEJKIjOmpPHp5l1nfpNFRERERERERETkvBEdksjSiT/livE/IPfoP1h94Cle230fqbYckiOzGBOegc1qJ9w8CrMxVOuzjgAePLS0NdHQUkGV08GxhgKK6/IoqtpEbGgy0+Kv5v/O30pYcIyvS+3Vyf1zZ9m7ejT0eS45Kotp8VeTnXDDiOjD4ht+FwA/cPcyHCVlzJ09hWdeGp6ZmlarhXtuu46NW3b7xRrAAG1t7bS0ugF6rH3c7Grh4w15bN62h+ra+jMG1hHhoVyaM43/efdTfvmbVzsfgzyOGVPTyUiz9whFAYKDgwkLDemxzWI2ndKuS0x0BNaQnmsyBwebGGXrCHmra+pxuVqpqq4H8G7vLjIiFHNwMBXVdTibXVgswX2+v+6Sxozq8XNVTR2NTc1YrRYiwkN77DMYOmoXERERERERERER6S4sOIZLku/gkuQ7qGku5UDNZhx1O9lb8TFVzQ4aW6poaWvSLMwRwIABszGUMLMNW4id+PB0Lhh1OVen/duInSl5pv5Z1rBf/TMAna4P2yOnMSF6zojtwzK8/C4Azki1k5Fq770hUFlVx6NPvdxrSPjA3ct6PWeo1cIV82f2uc6h1tDo5FhZFRZzMMmdoXRLSyt//Os75BccwmQykjRmFIljOtbm3XfgCJVVdT3OccX8mcyYks7m7XvI33uITdv28MmmndiiI/jut5Yyzj56SO+h3eOh3dP3v2z6e39nEhQU1O+1PkVERERERERERES6RIckkj3merLHXO/rUkROof4pIr3xuwC4Pyqqa/s0Q7Sg0NHnUNkfeDzw6eZdlFXU8P/Zu/ewKO87//+vm+E0KCggqOCICp41USO1kKNJGtOmHtommnS37dpu9pua9tfdNr32u5u9ut1+N7vtrttuD7GHdOtu2l6JtptGbdpoDibGQAwesIEoBjyNoIIMMMAMM8PM/P4YGUGOgzPMAM/HdXFxHz73537fwB9c92s+n8/8fIvyZgSC2mZ7my5cbFBaaoq+vmWTpmVnBNv/9Nk9fQakmRlp+tg9q/Sxe1bJ5/OrpKxCv/rfV/XH1w7prz7z8WHX2NTcKmeHq8e00G63R/VXmiVJ07LSZU5O1JSMNFWfqdUVW0uvPuytDrk9HllysmROThrW8/VlctpEpZiT1O7oUFNLqyZPmhg85/cHagcAAAAAAAAAAADGorhoFxAuxYWLtfa+ouBXceHiaJc0LG63R79/pVQvvfqOJqQka8NHb1ViYoIkKSkxUQnxvTP70+fqVFVj7XHM4XTpnSMn1OFyB4/FxRmaPjVTiQnxamt3qrPTO+w6G5vsOlB6XD7ftRG+5ZU1qj5bq/RJqcqzTJMkfWj5QsXHm/Rm6XE1NF4LgR1Ol/a9cVg+n18rbpqrpKSEkJ5vIGmpE7R4wSw5O1x65cBRud2eHn0dq6geziMDAAAAAAAAAAAAMW9UjwDurrhwcY9RvlU1VpWUVQ54jSUnW6dqLsiSE511f18/eEzlldfCyEabXWcvXJbb7VHqxBR94dMfVf6sa3O5dwWbb5Yc17d/+JwWzcuTs8OlM+cvyWTqmeWftV7S/+zcq//ZqeBUyh0dbp2sPq8OlycYujo7Bh9B3ZfJaRN18N0KlZWf0uyZ09TYZNfpc3WKi4vTg2vvUPaUyZKkhfNmatWKhSopq9T/++6zWlAwU/HxJlXVWGVvdWjh3JkqWrk45OcbiGFIa+4q1IlT51R27KSqqs9rfr5Fzg6Xas7WKX1SqtrancN6bgAAAAAAAAAAACCWjZkAeDge3rBaD29YHbX7Xz+qNT7epOzMyVp1y0KtvnWZzMlJPc4bhrRx7Z1KT5uoV986qrLyKmVlTtJfbFqjQ8dO6nB5VbDtwrl5+tpjD+n3r7yjD87U6tyFy4qLMzQ1K10f/0iRCpctuKHap2RO0iOfuFu/+8NbOvKnU/L5fJqZO1WffOB2LSiYee2ZTCZ99qH7tKBgpv7w2js6/n6N/H4pY3KqHlx7p1YX3xwc4RzK8w0mK3OSvv74Jr3w+7d05L0Pgn39+YMf0eWGJu3eW3JDzw8AAAAAAAAAAADEIsPv9/sHbxYd/75th07VXNC8/Bn6+pZNvc5X1Vi1ddtOSdITWzb2GgHcdW7tfUVat6Z4ZIoGgCgprzgTUvv0iYkyDCP4JWnAbXXflmSon3bdvg927PrtoewPdrw/obY3p4zrz0gBAAAAAAAAwIhxOjqjXcKYMmbWAAYAAAAAAAAAAACA8W7cB8CNNnu0SwAAAAAAAAAAAACAsBjX81s+/+J+vfbWURUXLtbmh++PdjkAAAAAAAAAAAAAcENGxQjgxqbIjNI9dfqCJOmKrSUi/QMAAAAAAAAAAADASBodAbDNrqoaa1j7rKqxylpbL0lKMSeHtW8AwOjn90e7AgAAAAAAAAAY+3gXG34xPQX0rYVLdKomMEp32/Zd2rR+taZkTAqev1DXMKR+GpvswX4kyVpXr917S4L7y5cUhKliAMBY4ff7ZRhGtMsAAAAAAAAAgDHNTwIcdjEdABcXLtbbZRU6VXNBDqdL259/eVj9lJRVqqSsss9z8/JnqLhw8Y2UCQAYg/ifAwAAAAAAAAAij3ex4RfzU0A/vnmD7rl9RcjXpSQnDdrmnttX6PHNG4ZTFgBgjPP7+K8DAAAAAAAAACKNd7HhZ/hHybjqRptd5+vqg+v2djclY1Kfo3iraqyqqu69drAlN1szc7KVmZEWkVoBIBrKK86E1D59YqIMwwh+SRpwW923JRnqp12374Mdu357KPuDHe9PqO1NJkOJSaaQrgEAAAAAAAAAhMbt8srrHRVx5agxagJgAMDACIAHFnp7Kdkc0yslAAAAAAAAAMCo1+HsZBroMIv5KaABAIgGv1/yMfUIAAAAAAAAAESMz+cn/I0AAmAAAPrBtCMAAAAAAAAAEDm8g40MAmAAAPrh7fRFuwQAAAAAAAAAGLN4BxsZBMAAAPTD7+cTaAAAAAAAAAAQCV4v0z9HCgEwAAAD6OQTaAAAAAAAAAAQdrx7jRwCYAAABuDz+hkFDAAAAAAAAABh5PX65eO9a8QQAAMAMIhOD59EAwAAAAAAAIBw4Z1rZBEAAwAwCJ/Pz3QkAAAAAAAAABAGnZ0++XyM/o0kAmAAAIbA4/bJ7+efEgAAAAAAAAAYLr/fL4+bwTaRRgAMAMAQ8Y8JAAAAAAAAAAwf71hHBgEwAABD5PX65WFtCgAAAAAAAAAImcfjk9fLLIsjgQAYAIAQdHp8rAcMAAAAAAAAACHo7PSpk8E1I4YAGACAEHnchMAAAAAAAAAAMBSdnT6mfh5hBMAAAAwDITAAAAAAAAAADIzwNzoIgAEAGCaP28eawAAAAAAAAADQB4+H8Dda4qNdAAAAo1mnxye/z6+ExDgZhhHtcgAAAAAAAAAgqvx+vzxun7xef7RLGbcIgAEAuEFer19ep1cJiXGKj2dyDQAAAAAAAADjE1M+xwYCYAAAwsTj9snb6Vd8QpxMJkYDAwAAAAAAABgfvF6/Oj0++XyM+o0FBMAAAISRz+eX2+VVnMlQfDxBMAAAAAAAAICxy+v1q7PTJx/TPccUAmAAACLA5/XL7fXKMCTT1SA4Lo4wGAAAAAAAAMDo5vP5A8vidfrkJ/eNSQTAAABEkN8vdXp86vRIhiHFxQWCYCPOkGFIhhH4DgAAAAAAAACxxO+X/H5/4LvPL9/VL0Lf2EcADADACPH7A1OieJkOBQAAAAAAAAAQIXHRLgAAAAAAAAAAAAAAEB6jYgSww+nSjl37VV5RLYfTFda+iwsXa9P61UoxJ4W1XwAAAAAAAAAAAAAYaTEfADfa7PrWd58Ne/DbpaSsUta6Bn3jq5+JSP8AAAAAAAAAAAAAMFJiPgB++r93BcNfc3KSLLlZkiRLTvawR+1W1VglSdbaBjk7XLLW1qukrFLFhYvDUzQAAAAAAAAAAAAAREFMB8DW2npZa+slSZacLD2xZVNYp2o+VlGtbdt3SZKu2FrC1i8AAAAAAAAAAAAARENctAsYyLGK6uD22jXFYV+nl3V/AQAAAAAAAAAAAIwlMR0Ad0dYCwAAAAAAAAAAAAADi9kA+FhFtU7VXAjul5RVBqeDBgAAAAAAAAAAAAD0FpNrADfa7MG1ebuUlFXKWtegb3z1M/1eV1JWqfKKajmcLllys3Xv7SuUmZEW6XIBAAAAAAAAAAAAICbEZABsNifJnJwkZ4er5/HkxD7bO5wubf3xzh4jhKtqrCopq9ATX9woS252ROsFAAAAAAAAAAAAgFgQkwFwijlJ3/6HR7Vj136VlFVKkjatv0v33nFLn+137y3pc3rormD4X598NGbWEHZ2uPWDn7+g6jO1vc7Fx5uUnTlZq25ZqNW3LpM5uWfNHk+n9r1xWJevNGnF0rlatqRgpMoGAAAAAAAAAAAAMArEZAAsBULgzPRr0zcPNIr3tbeOSpLMyUn6+pbAiN/tz7+skrJKOZwulVdUq7hwccRrDtX8fIsy0lOD+402u85euKzf/eGgXj1wVF/49Ee1eP6s4PlOr08VVWdVfaZWWZmToxYA79lXqt17S1S4bL7+6jMfj0oNAAAAAAAAAAAAAHqL2QB4OJYvLQgGxcWFi4Ojh6/YWqJZVr/uvm25Vtw0t8cxt9ujvW8c1h9eO6Sf//oP+tLnNyh/Vo6kwBTYf/ulh6NRKgAAAAAAAAAAAIBRIC7aBfRnx643VHK4ssf+sYrqAa+pqrHK4QysG9wV/krSlIxJkSkyAhITE/TxjxTpgXs/rHZHh377+wNydrijXRYAAAAAAAAAAACAUSAmRwBba+v16oEjvY7teHG/lvcx7XHXaN9Gm11f+Ycf9ThnTk4adWvlGoZ0+6qleufI+7LW1utCXb3mzpkhSfrZL3+vsvIqffFz64Kjh7uOPfrnD6i5pU2vHDgil8utrzz6KeXPypGzw6VdL5fo0NETamt3KjExQbcsnatPfvx2TU6b2OPe17eNjzfJkpOtT3zsNjkcHfrJs3uCbcvKq1RWXiVJPeppbLJr1x/f1vH3a+RwupSYmKC5s3P14No7NGN6VvD6M+cv6ns//V/lTp+ijevu1It/fFunTl/QzYvydWfxzXr6Fy9q8qSJ+vqWTZqUNqFHnR+cvqDvP/OCpk/N0N/8n4diZo1nAAAAAAAAAAAAIJpicgSwJTdb8/Jn9Dre1zq+DqdLzqujfvtiGJK1rj6s9Y2EiRPMmpadIZfbo/O1Q6v/d384qN/seVNut0fm5CQ5O1xyOF360X+9qNcPHlOKOVmrVizUzNxsHTp2Qlu37ZStyR68vqGxRf/8vV/ptbeOKj7epMJl87V0wWxdqm/Uj/97lzpcbhWtXBScZjszI01FKxepaOUiZVxdr/n0uYt66j9/rXeOnlD65FQVrVykmbnZOvHBOf3rD55T2bGTveq+3GDT9376W52sPq+JKWb5/H7NmDZFs2dOV/2VZlVWne3R3u+XSg+/L7enU6tvXU74CwAAAAAAAAAAAFwVkyOAJenrWzZp994S7dlXKkl6YstGzc+39Gq39cc7Zb0uIM1MT1Pj1WDT4XRp67ad/V4fq0ymOCUmBH49jgEC7u46XG59+Quf0NKFc2QYgaD01y+8qlOnL+iBe1dp3ZpbFRdnSJLePXZS259/WftLjutTD9yuTq9XO3e/oforzSpauUif3Xif4k0mSYF1iavP1mle/gzd+qEl2rOvVNbaes2ZOV2ff+Sjwfu73R7t3luitnan1q0p1gP3flhG4HbB++15pVTzCiyalHptRG9rm1O33DRPn9t0n8zJ18LcopWLVFVj1fHKGq1asVAmU+DzCg2Nzao4eVbZUyZr8fxZw/8hAwAAAAAAAAAAAGNMzAbAQ7F7b0kw/DUnJ+nxz68PhryNNrue37Vf5VfXDd7+/Mv69pOPRq3WkXD3bct106I5wf22doeqqq2alDZBxYWLg+GvJC1dOFszc7N1+mydXC6PrthaVHO2VpPSJujjH/lwMPyVAusSL5qXN+j9L9bbdOb8JWVPmazbVy0Nhr+StGxxvgpm5aqqxqoz5y72mJY7Mz1NG9ff1SP8laTF82cpe8pknTp9QXWXrgRHHr934rSaWlp1/90f6jU1NAAAAAAAAAAAADCejeoA+LW3jga3v75lYzAglALTEz++eb2e3r5L5RXVarTZVVJW2ec00rHI6/XJ7emUpCFPcZw7bUqPfVtzq+ytDjmcHXryX3/R5zVTMiapw+VWQ2Oz2to7lD8rR6kThxeqNjW3ytnhUs60TCUmJvQ4l5iYoNSJZvn9flnrGnoEwOmTU3uFv5I0KW2Cli+dq5dff1fvllfJkpstt9uj8ooaTZxg1oeWzR9WnQAAAAAAAAAAAMBYFbMB8NZtO1VVY+2xv/a+Iq1bUyxJqqqxBqdGzsxIU3lljcora3r10z08raqxjpoAuK3dqUv1NiUlJmhmt2A7FD6fT36/X0mJCVqyYLYSE3v/uiekmJWQYJLP55ff77+hmsPRx/U+tGy+Dh56T+UV1brvzlt0qd6mM+cvavH8Wcq5LvAGAAAAAAAAAAAAxruYDICttfU9wt8urx44GgyAu2u02bV7b8mg/V6xtYSlvkjz+6W3Dr2n+ivNmp9vUd6MqcPqJ2NymiakJMvldmvtfUXKnd5/YJqZkaYUc7IaGpvV2tYuc3Jiv2271uLtr4/WNofcbk+PPtxuj1rbnDIMQ5acrCE/Q860KZo3Z4aOv1+j0+cu6nhljTq9XhUXLu63DgAAAAAAAAAAAGC8iskEzZKbrXtuX6HM9LRrx3Ky9PCG1cH9KemT+pw2eCDLu007HOhzeCNrI8nt9uj3r5TqpVff0YSUZG346K29plMeqrTUCVq8YJZa25za+0aZOr3eHufrLjWq/kqTJGl6doZmz5ymFnu7fv/KOz3aut0enay2yuv1SZJypmbKMAxdvtKstnZnsF1XH/VXmvXWoffUfTBweWWNqs/Walp2umbnTR/yM5hMccFR27/7w0Edf79GlpwszZ0zI+SfBwAAAAAAAAAAADDWxeQIYEl6eMNqpZiTtGdfqSRp04bVmp9vCZ7PzEjTD576Uo9rrLX1cnS4gvuWnOwB188d6tq6kfL6wWMqr6wO7jfa7Dp74bLcbo9SJ6boC5/+qPJn5Qy7f8OQPnb3h3Tm3EWVHn5flVVnNT/fori4OJ05f0kNjc0qWrlIn9u4RomJCVq3pljna+tVevh9nfjgvObOzlVnp1cnq8/LMOL01cceVN6MqZqdN13TstN1/sJl/cv3f605eTlaefM8LVtSEOxj994SHT5epZm52WpobNHpc3WKj4/X2o8UaVJqaGsMz50zQ5acLJ21XpYkrbmrMOq/OwAAAAAAAAAAACAWxWwAPByWYayVe8/tK9TYZNethUsiUNHArp/mOj7epOzMyVp1y0KtvnVZyCOc+5KRnqYntmzUa28d08FD7+nw8VOB45NTtW5Nse65fbni4gxJ0py86Xryr/9Mu/74to6/X6Oy8irFx5tkycnWJz52m2bmBqainpQ6QV959FPa8eJ+vXfyjA4dPaGpWelatqSgVx+1F68oMTFBC+fm6cG1d2jG9KFP/9wlxZykwmULdNZ6WemTUrXsupHcAAAAAAAAAAAAAAIMv7/7RL2xw+F0aceu/Sopq5QUGBF8z+0r+my7ddvOPtcM7u6JLRt7jCDG6LLvjcP6zZ43dfuqpfrMQ/fJMKJdERB7yivOhNQ+fWKiDMMIfkkacFvdtyUZ6qddt++DHbt+eyj7gx3vT6jtAQAAAAAAAAAYjWJyDWCH06W/e+qZYPgrSc+/uF9bt+3ss/1g4a8kVVUP3gaxyeF0qaz8pJISE1S0chHhLwAAAAAAAAAAANCPmJwCutHWIofT1ev4FVtLGUKDAAAgAElEQVRLn+3vuX2FrHX1A/YZjSmeER4fnL4ga12Dbl6Urzl5w18TGQCizTCkuDhDcXGGjDhDgYHVBh9sAQAAAAAAABBz/H7J7/cHvvv88l39is25hdFdTAbAltxsbdm8Xq8eOKJTNRckScWFi3VvP1NAP7xh9bDvdayiWrYmu4pWLlaK+cbX3EV4ud0e7X+7XFLgb8BkislB6wDQL8OQTPFxMpmM4JrrAAAAAAAAABDrugawSJJM195t+nx+eb1+eTt9hMExKiYDYElavqRA1tr6HgGwJTc7rPdotNm1bfsuSYFPMNx7xy1h7R83LjExQX/9V5+KdhkAELI4k6H4q8EvAAAAAAAAAIwVXbMcJiTEyev1q7PTJ5+XJDiWxGwAfL2+poS+UVeark0pHYn+AQDjT1ycofgEgl8AAAAAAAAAY5/JZMhkMgWCYI9PPh9BcCyI6fl0u4/43bOvNOwhLaEvACCcEhLjlJRsIvwFAAAAAAAAMK6YTIaSkk1KSIzp6HHciOkRwMuXFMiSkyVrXYOstfX6u6eekSUnW/MLLDfc9xVbi8orqoP7UzIm3XCfAIDxyWQylJAYd209DAAAAAAAAAAYh7qWxfO4ffIyLXTUGH5/bC/PbK2t179v2ylnR+RG61pysvSNr302Yv0DwEgorzgTUvv0iYkyDCP4JWnAbXXflmSon3bdvg927PrtoewPdrw/kQpn4xPilJDAp9oAAAAAAAAAoDuPx6dOjy/aZYxLMR8AS4Gpmnfs2q9j71WHPQguLlysTetXK8WcFNZ+AWCkEQAPLBIBcEJinOLjCX8BAAAAAAAAoC+dnT553ITAI21UBMAAgMERAA8s3AEw4S8AAAAAAAAADI4QeOTx5hoAgBAR/gIAAAAAAADA0MTHxykhkfepI4mfNgAAIYhPIPwFAAAAAAAAgFDEx8cpPoH3qiOFnzQAAENkMhlK4J8UAAAAAAAAAAhZQkKcTKbwLtWHvvEWGwCAIWKaEgAAAAAAAAAYPt6xjgx+ygAADEFCYpwMg0+nAQAAAAAAAMBwGYZBCDwC+AkDADCIuDiDdX8BAAAAAAAAIAzi4+MUF8dgm0jibTYAAIOIZ91fAAAAAAAAAAgb3rlGFj9dAAAGEGcyZDLxaTQAAAAAAAAACBeTyVAc710jhgAYAIABMPUzAAAAAAAAAIQf714jh58sAAD9MAwx+hcAAAAAAAAAIsBkMmTw+jUiCIABAOiHiU+gAQAAAAAAAEDE8A42MvipAgDQD0b/AgAAAAAAAEDk8A42MgiAAQDog2FIcXH88wEAAAAAAAAAkRIXxzTQkUAADABAHwh/AQAAAAAAACDyeBcbfgTAAAD0gX86AAAAAAAAACDyeBcbfgTAAAD0weCfDgAAAAAAAACION7Fhh8BMACMEUYICyWE0na84kcEAAAAAAAAAJHHu9jwIwAGgDEiKTEhIm3HK0JyAAAAAAAAAIg83sWGHwEwAIwRqRNSItJ2vOJ/DgAAAAAAAACIPN7Fhh8BMACMERmTU5WclDhou+SkRGVMTh2BigAAAAAAAAAAwEgjAAaAMSQnO3PAEDg5KVE52ZkjWBEAAAAAAAAAABhJ8dEuAAAQPgkJ8crLnSpbc6ta2x1yuT2SAmv+pk5IYeQvAAAAAAAAAABjHAEwAIxBGZNTCXsBAAAAAAAAABiHxkQAXFVj1Y5db8haWx88lpmRps0P36/5+ZYoVgYAAAAAAAAAAAAAI2fUrwF8rKJaW7ft7BH+SlKjza6t23bqWEV1lCoDAAAAAAAAAAAAgJE16gPgHbv2B7ctOVlae1+RLDlZfZ4HAAAAAAAAAAAAgLFsVEwB7XC69NpbR1VVbZUkWXKztfa+IqWYk9RosweO5WTpG1/7rCRp3Zpifes/npW1riF43uF0ac++0uBI4fkFFt1z+wqlmJOi8EQAAAAAAAAAAAAAEH4xHwA7nC5t/XHPKZ6raqyqqrFq0/q7gseWLSnocd2yJQWy1jVIksorqrW7W/jb1ceximo98cWNhMAAAAAAAAAAAAAAxoSYngK6r/C3i7W2Xlu37QzuXx/idt9/evuu/vv48U45nK4wVg0AAAAAAAAAAAAA0RHTI4BfPXAkGNxacrL0+OYNMpuTtHXbjuDo3q5zxYVLelxbXLhEJWWVvdo9sWWTJAX7sNbW69UDR7RuTfEIPBEAANHV7rGpxlaq8/ZyXWqrks1pVZv7itxeh/zyR7s8hJEhQ4mmFE1MnKIMs0XTJs7XzLRlys8o0oSEjGiXBwAAAAAAACBCDL/fH7Nve/992w6dqrkgSfr2k48qMyNNUmBkcElZhRxOl1LMSSouXNLnNM4DtXM4XfrKP/xIkjQvf4a+fjUYBoDRyunoDKl9ff1lGYYR/JI04La6bysQLvXZrtv3wY5dvz2U/cGO9yfU9uaUmP6MVMgO1/1G5Zf36APbwWiXghgwN+M2LZu6VitzHop2KQAAAAAAAEDI77cxsFHzdtvcLeBNMSfp3jtu6XHe4XTpwtXRvubkRFlys/tsBwDAePLGuZ/o4PntanU3DN4Y48YHtoP6wHZQL9ds1W0zN+uuvMeiXRIAAAAAAACAMInpANiSkx0cAbz1xzv1xBc39jnS9/kX9+u1t472Or58SYHuuWOF5udbehzvWlu4+31GirPDrR/8/AXVXryiv/k/n9LsmdMHbN9ib9e/b9shT6dXf/flRzR50sSQ7tfQ2Ky9+8skSWtWFyorc/KwawcAjB5/uvySXq7ZqkbnuWiXghjW6m7QH6v/Te/W7tD9+U/opqkPRLskAAAAAAAAADcoLtoFDGTdmmJZcrIkSdbaepWUVfTZrqSsss/jxyqqtXXbTm1//mU5nK5u7St6rC0cjfV/nR0uvfx6mbxe34DtDrzzJ11uaBr2fdranXr3WJXePValtnbnsPv52S9/r0e/9h/as6902H0AAEbGCyef1K8rvkz4iyFrdJ7Tryu+rBdOPhntUgAAAAAAAADcoJgOgFPMSVrbLZztHuJ29/CG1T32M9PTgsGxFAiId+za32c/mzas7nNU8UiorDqrD85c6Pf8pXqbDpT+6YbuMXvmdP3gqS/pB099adDRxgCA0a2po1bbDj+oQ7XPRbsUjFKHap/TtsMPqqmjNtqlAAAAAAAAABimmJwC+lhFtXbs2q9Gm73H8f6C2uLCxZKk7c+/LElqbLJr3Zr7JQWmh3Z2uFRSVilLTpbuveOWHv1s3RaYCjozI02b1q/W8iUFYX+e/rjcHr38epnmzJyuxMSEHuf8fungoffUbG8bsXoAAKPX5fYP9D/H/4pRv7hh51qO6pmjf67P3fwzTZ0wN9rlAAAAAAAAAAiR4ff7/dEuoruqGmswlO3OkpOlJ7ZsUoo5Kbjmb3HhYm1++P5gm5KyymAILEnf+OpnJEnf+u4vJQVC3m8/+WhgDeBtO2Sta+h1ny2b10c0BO5aA7ihsVnTsjJUfbZWX3jkoypcvqBHO2tdg773098qe8pkuT2dand09FgD2O32qKy8SvvfLlftpSvq7PQqMTFBK2+ep4fW3qmJE8ySpOaWNv3rDwMjwbqu737sS5/foFcPHNHh46fkdns0edJEffKB2/XhFYtkGNKefaXavbek13OYk5OCaxj7/dLJ6vN64aW3dL72svx+KStzstbfX6zCZQtkGIFrzpy/qO/99H+VO32KHvnE3frdH97SyWqrvF6fpmWn65ENd2vhvLzgPXw+v45XVuv1g+U6ff6i3G6P4uNNWlBg0ac/eU+P9Yy76uyaNvw3ew6oobFZJlOcli6YrU9/6h5NTuu5frKzw6VdL5fo0NETamt3Kj7eJEtOtj7xsdu0oGCmDENDfjYgFjgdnSG1r6+/LMMwgl+SBtxW921Jhvpp1+37YMeu3x7K/mDH+xNqe3NKTH5Gqk9NHbV65uifE/4irDLNeXp0xa+Unpwb7VIAAAAAAAAwxoX6fhsDM33zm9/8ZrSL6G7rj3fKeXWKZktOlu4sulnLlxRo04a7gyN3v//MC5ICIWljkz0Y2Fpys9XYZA8Gu4XLF2hOXk7wmNPp0vIlBZqSMUmFyxdoUmqK5uRNl9Ppkr3VIUk6ff6i7r3jlog9X2enV4eOnpDL7dEnP3a7KqvOqqGxRbfcNE8J8SZJktfr0/++dEC1F6/ooXV36Zz1spwdbt2+aqmSkxMlSXteeUe/2f2m5JcWFFiUN2OqnM4OVVVbdaGuQSuWzpXJZFKHy62D7wbWTu66vuuY0+nSn96vka3JrkXz8mROTtKlepv+9P5pTZ+aoZypmXI6XYqPN8nZ4ZLT6ZIlN1uL5+dpZm62Fs3L04SUZJWVn9RPn92jNkeHFhTMVN6MbF1usOmdIycUHx+nuXNmSAqE0e8cOSG326NDR0/I5/Nr0bw8+fx+Xbxs03snzmhBgSUYcr977KR+9quX5HB2qGB2rvJn5cjr9en0uYt6/9RZrbhpnpKTAj+PUzUXVFVjVWubQ6WHA6O982ZMlb21XecuXNb5C/VavnRu8Gfc0Niif3v6eVWcPKOUlGQtXThbWRmTdNZ6SYfLqzQ/36KMyalDfjYgFnR6Bl5T/Hrt7e0EwANISIjpVRJ62F7+eV1sOxntMjDGODtbZLUfV2HOxmiXAgAAAAAAgDEu1PfbGFjMDW/qmvbZkpOlb3zts73OW2vre+yXlFVKUnAk8BVbS/CcJSdbUmBN4C6OjkC4nGJOCga969YU61v/8WwgUL5u2ulIyp0+RcUrF2nfm0d05HiVblu1VJJ0vvayjlee1vKlBZo3Z4b2vXG417V3rFqqDy1foOnZmcFRqG63Rz/8rxd16vQFnT5/SQsKLAPe39nh0rIl+frsxvsUbzLJ75f27CvRnn2lKjtWpRVL52nZkgItW1Kgn/3y92q0BcL2tfcVBfuw1jXo+Rf3a3LaRH3l0U9qWnaGpMA6y0//4kW98fZxrbx5vrKnXBut29LarnVrivXAvR+WYUidXq+2P/ey3j12UscrazTLMk2StHThHP3d//dp5c2Yqri4wEP6/dIvf7NPbx16T++dOKPbPrSkxzPZ2xz6yqOfUv6sHElSQ2OzvvuT3+p87WXVXbqi/Fk56vR6tXP3G6q/0qyilYuCz9/1M6w+W6c8y9RhPRsAjLQXTj6pcy1Ho10GxqhzLUf1wskn9ckFT0W7FAAAAAAAAABDFLPDm5b1Mw1zV4DbXUlZpbZu26mt23bqVM0FSYEAuWvEcGPTtVA3JbnvdYT7u18kxRmGVt+6XFMyJmnfm4fV0tquTq9Xf3jtXcXHm3TfXYXq7PSquaX3OsAZ6WnKmXot/JWkxMQEpU40y+PplMPRMej9UyeateauwmD4aRjSvHyLEhLi1dLarg6Xe9A+Tl0ddbt8aUEwIJUCAftdxTer2d6muktXelwzNStddxbdFKw93mQKTv18uaGpRx+zZ04Lhr9dNaZPTpUkNTW39qpnxdK5wfBXkjImpyl3+hQ5O9xqsbcH7lHfpJqztZqUNkEf/8iHg88vBX6Gi+blKd5kGtazAcBI+tPll3So9rlol4Ex7lDtc/rT5ZeiXQYAAAAAAACAIYq5EcBdyitrtG5Nca/jXaN6A9tZumKzy9nhUlWNtUe7efmB0a+NNntwlHBmeposudnqS3llTbhKD0lmRpruuX25dux6Q4eOnND0qZmqOHlG99y2XDOmZ6nF3iZfH8s0d7jc2v92uQ4dOaGmllY5nL2D8cEkJCRoQkpyj2NJifE9AtHBnLVekiS98uYRvfLmkT7b1F1u7BGwT5xgVnx8zz+9voL5Tq9X7x49qf1vH9MVm11t7c5B6+maPrqLyRSnxISe92pobFZbe4fyZ+UodeKEfvsazrMBwEh6uWZrtEvAOPFyzVbdNPWBaJcBAAAAAAAAYAhiLgDOTE8LrNlbW6+t23ZqfoFFKeYkFa1crBRzklLMSTInJ8nZ4ZKjw6Wvb9mof9+2U86rI4Pn5c+QJSc7GB4fq/gg2LezwyWH0xUcGSwFpvPdtn1XcGrp7tNFj5RVKxaq5PD7euXNI0pOTlT6pFStvnW5+luu0u326Cf/s0eVVWcVH29S7rQpypmWKUk6dfrCiE5j7fUG5mS35GZrxvQpfbbJmZoZcr9+v/T8i/v1ZslxxcUZmpqVrsXzZykuztCFi1d6TQUeCp/PL38fofr1IvVsABAOb5z7iRqd56JdBsaJRuc5vXHuJ7or77FolwIAAAAAAABgEDEXAG/asFrbtu+SJFXVWIMje98uq9QTX9yoFHOSli8tUElZpRptdlXVWPWPX/usrjS1aH5+7zVviwuXqKSsUta6BjmcLv3dU8/oG1/9rDIzAkHvqweO9Bg9vGnD6hF4Ssnr9crt8UgKjIi9/66V+q/n/qiW1nZtWn9XsL6+NNvbdOFig9JSU/T1LZuC0xP7/dJPn90TkQDYZOp7tvAZOVkqK6/SbMs0feahj4Ttfg5nh86cu6iEhHg9vnm9Fs+fFTy36+W3bygAzsxIU4o5WQ2NzWpta5c5ObHPdpF6NgAIh4Pnt0e7BIwzB89vJwAGAAAAAAAARoGYWwN4+ZICbdm8vtdIXGttvUrKKiRJ6+67NjX0nn2lvcLfRptdr711NDja94ktm2TJyZIUGPH79H9fG/Fryc2WOTlJmelp2rJ5vZaP0HS+bnen2rut07v8prn60LIFKpidq5XL5g94bVJiohLie2f3p8/V9ZoKO1ymXx3per62Xp1eb/D40oVzlDoxRUff+0A1Z+t6XON2e3Sy2hocSRuKeJNJyUm9g9mGxha9e+xkyP11Nz07Q7NnTlOLvV2/f+WdHs/TveZIPRsA3KjDdb9Rq7sh2mWMSvlL3tR37jmt79z+CxXeQD8Pfvi0vnPPaX1zxV8O7YJF+wL3vfPXuuMG7htNre4GHa77TbTLAAAAAAAAADCImBsBLAVC4K4g9lhFdXBEcNc6t4F1c1cEQ96t23bKkput5UsKZK2tV1WNVQ6nq8eo4Se2bNLWbTtkrWsITC/945164osbA/d66ktRe9Yu8SaTPv/pjw6pbVrqBC1eMEtvlhzXt3/4nBbNy5Ozw6Uz5y/1O1L3Ri1dOEevHjiq45U1+ufv/Uozc7N1920rlDdjqu5fXajf/fGg/u3p5zUnL0dZmZPU2ubUqdMXFG8y6auPPai8GVNDul9SUoJW3DRXH5yp1bb/3q2Fc2cqzjBUVWOV2dx7veBQJCYmaN2aYp2vrVfp4fd14oPzmjs7V52dXp2sPi/DiNNXH3tQM3Mj82wAcKPKL++Jdgmj1EbdkX71A2OJRSqcLZWdiW5Fo0355T1amfNQtMsAAAAAAAAAMICYGwHcncPp0p59pcH97mv3PrxhtYoLFwf3rbX12r23RMcqqoNBcVfQO9BI4K62o4lhSBvX3qkN998qwzBUVl6lyw1N+otNazSvj2mww8GSk6WvPvag5uRN18XLjSo9/L5sTXYZhvSRO1fqa489pIVz84Kh6qnTFzR3dq6+/IUNmpk7vIB09a3L9Reb1ijFnKTjlTWqOVen9fffquKViwe/eBBz8qbryb/+MxXdskhut0dl5VV67+QZTcvO1GOfW6uZuVMj+mwAMFztHps+sB2Mdhmj0+yNKkiU5JekJOVl/ZMyolzSaPOB7aDaPbZolwEAAAAAAABgAIbf7/dHu4j+PP/ifr321lFJgQDyiS2beoTAUmCE8J69JbLWXZsKMzM9TSnmpOAxS252cCRwYMTwjuC5FHOSnvjiRllys0foqQAgMpyOzpDa19dflmEYwS9JA26r+7YkQ/206/Z9sGPXbw9lf7Dj/Qm1vTklJifJ0J8uv6RfV3w52mVE1B3LDukOPaN/Lv95GHu1aMOH3lRRqmS7vFMd2RuVY1hVfuxOPTeMPPPBD59W4QTJ2fQv+ubRIdS5aJ++M71A6izVS2/+mQ6EfsuY8WdLfqibpj4Q7TIAAAAAAAAwhoT6fhsDi82321dZ6+qD232Fv1LP6aIbbXZlZgTWDu4e9Haf8vn66aC7RgI//hfrCYEBADHvvL082iVEXHZyllJVEN5OM76m+amS/JWqqvm/sietV85ki/JnbpRsO8N7rzHuvL2cABgAAAAAAACIYTE9BXR/HE6XXnvrqPbsKw2uAywpGP5K6jXl80DTQTfa7Hr6v3ep0WYf+YcBACAEl9qqol3CqFQ4sygw3XNbqV50Sq/XlapVUurkjbq736ssWjb3F/raHSf0nXtO6zv3nNY3b/21Hpja/3ILGVP/Xps/XK6n7g60/86db+qv5q4bU1NN8zcIAAAAAAAAxLaYDoDnd1vPtiu8dThd2vrjnXr+xf3avbdEz7+4P3jueqGGwN/67rOjck1gAMD4YXNao13CKPS4CidnSXLpXMO/BA5dfEY1TkmmFVo6r+9Ad8Gi/9JDM+9SdkKS5Hep0+tSQlKR7lj0X8oz9XHBlG9r86K/1IIJaYo3pE6vS51xFuXP/I42p/aexWS04m8QAAAAAAAAiG0xHQDfe8ctPcLbr/zDj/SVf/iRrLX1PdpZa+tVUlbRZx+hhMAOp0vbn385gk8EAMCNaXNfiXYJYWZRfvY6LZt27cscJyluUo9jy7KLhj2KNmPe/YHA1l2qsjNdR0u1t7lakpQz5WvK73XRt/XAtALFS3I2/Ye+//pCPfnGQj1Z+tcqd1qUnXz9BUV6sGCjsuMkeUq1t2xOoP3+O/XcJasyJvY/ani0GXt/gwAAAAAAAMDYEtMB8PUBbXeWnCw9sWVjcP/6kbtd00Q32uxDCoEz0wPTR5dXVEfwiQAAuDFuryPaJYTX7O/p80v/U48svva1xCzJvKbHsUeW/kIPzx7ODYq0ZspiSZKt6RmVdTtjO1OqOr8kc5HumN7zqvzcImUbkrxHdeDo06rrOuHcredO7ZXt+ttkfFb5EyTJpXPWP9PrwVUlrCqv/EdVOIdTe2wac3+DAAAAAAAAwBgTH+0CBtMV0L564IiqagJTDlpysrVuTbFSzNemUyyvrNG6NcXB/W3bd6mqxqpXDhzRt598NNjP1m07ZK1rCIbAj//FemVmpCklJVmNTawBDADAiDrzN/pF+3KldvtI2tI5/6kl2qvnTv/x2kFfg87X9758UNMfVb5Zkr9SVTWlPc85/1HvtWxUzuQsFeQ8Ll18OniqICk7sOE4qtev79P2uurd65SR2O3Y5CylSZK/WufOXH9BqU60N2iZufcH2gAAAAAAAAAg3GI+AJYCIXD3cLe7zPQ0NTbZZa2t17e++0stX1KgYxXV16aJ9vfs5/oQ+FvffVaZGZOC7btGAgMAEIsSTSlyedujXUYYWVVT33NN2YJZ/ympReWXdt9w73fnFCk10KsKV51Q4fUNjMCHyeIn3a8N5qf14tWRuqnxgePOzr5S591q9fyn1D0ATk4L/FPltau1jyvKPS16RGMjAE40pUS7BAAAAAAAAAADiOkpoIdi04bVwW1rbb127y3psUZw9/NS72mlHU7XgO0BAIglExOnRLuE0cP8T1o66epsIUaS4k19fHX9J2Qs1vz8ouClrZ2BpSXM8dl9dLxOqQnXHeqwq1OSTGlXA+eeliVMurFniSH8DQIAAAAAAACxbVSMAB7I8iUF2rJ5vXa8uL/HFM6Z6WnatGG1li8p6HVNVwi8Y9d+HXuvWs4Olyw5Wdq0YbXm51tGsnwAAEKSYbao0Xku2mWMCvn5dynHkOR+Q7996/M91v/tLmPRPv3t9AJlpD+qQpWqTFKZw6q7JxVIKSt0t9RzGuiMu5WdeF0nF6tlm71C2UaB8mZL6jENdJEWThgbo3+lwN8gAAAAAAAAgNg16gNgKRAC9xX0DiTFnKTND9+vzQ9HqCgAACJg2sT5+sB2MNplRFR9R4NaVX2DvWzUHemBoNLW9Ey/4a8k2c6Uqm5agXISi1Q4Wyo70+2YaYXuWPn3qjv8LzopSeZ1emTeGmVc34nzadW0blR2apLyLL/VA60P6qUrkmTRssX/pCXmG3ycGDJt4vxolwAAAAAAAABgAGMiAAYAYLyYmbYs2iVE3IHyVTpwo53M3qiCREn+SlXVlA7c1vmPeq9lo3ImJykv6++lM/8iOf9Rey8V6TPTC2Se9JfafPdn1OmTFJekeH+16l0Fyk7q3olVL57eqfylG5WdsEJ33HxaxV5XYOrpOJfq2xuUPUZGAY+Hv0EAAAAAAABgNBv1awADADCe5GcUDd5o3LNoQ9aKwKfc2kr1onPwK16vK1WrJE0s0oaro3VPvn+ffnnuDdV7XME1hD3uoyp9/ws619lHJ1f+r/7jvZ/rZLtdnX4F1hj2Nejchb/VdntL2J4u2vgbBAAAAAAAAGKb4ff7/dEuAgBw45yOvhKp/tXXX5ZhGMEvSQNuq/u2JEP9tOv2fbBj128PZX+w4/0Jtb05JXYnyfj5sc+O+WmgEZvmZtymv1z+bLTLAAAAAAAAwBgT6vttDIwRwAAwToUaiCJ2LJu6NtolYJzibw8AAAAAAACIfQTAAICQdY3+RXSszHlIqYljYz1ZjB6piVlamfNQtMsAAAAAAAAAMAgCYAAARqHbZm6OdgkYZ/ibAwAAAAAAAEYHAmAAQC9MDx377sp7TJnmvGiXgXEi05ynu/Iei3YZAAAAAAAAAIaAABgAMGwExdF1f/4T0S4B4wR/awAAAAAAAMDoQQAMAMAoddPUB7Qq95Fol4ExblXuI7pp6gPRLgMAAAAAAADAEBEAAwAwin1ywVPKm7Qi2mVgjMqbtEKfXPBUtMsAAAAAAAAAEAICYAAARrlHlnyf9YARdpnmPD2y5PvRLgMAAAAAAABAiAiAAQAY5dKTc/W5m39GCIywyTTn6XM3/0zpybnRLgUAAAAAAABAiAiAAQAYA6ZOmKtHV/yK6aBxw/ImrdCjK36lqSJzTtsAAAckSURBVBPmRrsUAAAAAAAAAMNAAAwAwBiRnpyrLSt/q1W5j0S7FIxSq3If0ZaVv2XkLwAAAAAAADCKGX6/3x/tIgAAI8tma1Fba7skyTAMGYbRY7v7fvB79zbq43wf3wc7dv32UPYHO96fUNubU+JDah9r/nT5Jb1cs1WNznPRLgWjQKY5T/fnP6Gbpj4Q7VIAAAAAAAAwDjkdndEuYUwhAAaAcejypStyudyS+g59wxUADyX0JQCOrDfO/UQHz29Xq7sh2qUgBqUmZum2mZt1V95j0S4FAAAAAAAA4xgBcHgRAAPAOOP3+1V74bJ8Pp8kAuD+jJUAuMvhut+o/PIefWA7GO1SEAPmZtymZVPXamXOQ9EuBQAAAAAAACAADjMCYAAYZ1wuty5dbBgw9CUAHnsBcJd2j001tlKdt5frUluVbE6r2txX5PY65Bf/EowlhgwlmlI0MXGKMswWTZs4XzPTlik/o0gTEjKiXR4AAAAAAAAQRAAcXgTAADDOtLU61NjYFJMBcF8hLQEwAAAAAAAAAIxtBMDhFRftAgAAI6tr7V8AAAAAAAAAADD2EAADwDjjcocWAIc6cjZSfQAAAAAAAAAAgMERAAPAONLR4ZLH7Yl2GUNGcAwAAAAAAAAAQGgIgAFgHOlwuqJdAqEuAAAAAAAAAAARRAAMAONIR8eNBcCEtwAAAAAAAAAAxDYCYAAYJzo6XCEFwIS9AAAAAAAAAACMPgTAADBOOB0dg7YJR+hLcAwAAAAAAAAAQPQQAAPAONDZ6ZXD2XcAfKOBLYEvAAAAAAAAAACxgwAYAMYBp8Mpt8s9/A4IeQEAAAAAAAAAGBUIgAFgjPP7/Wpvd/Y4FolRu4wEBgAAAAAAAAAg+giAAWCMa293yunsIKAFAAAAAAAAAGAcIAAGgDGura190Dbdw+GhBsXRDJQJswEAAAAAAAAA6BsBMACMYfaWNjmum/65y3BDVEPhC18JcgEAAAAAAAAACC8CYAAYozo7vWprax/W6F4AAAAAAAAAADA6EQADwBhlt7eqo8N1Q30QGAMAAAAAAAAAMLoQAAPAGNTR4VJbqyOqNYQaHhM2AwAAAAAAAABw4wiAAWCM8fv9sre0yePxRLuUXgh5AQAAAAAAAACILAJgABhjmpvtam1t6/d8f2sCD7ZW8HDDW0JfAAAAAAAAAABGDgEwAIwhjnan7C2B8HewQHfICHABAAAAAAAAABg1CIABYIzweDxqbrEPaernUEb+DrWf4Vw/UmK1LgAAAAAAAAAAwo0AGADGAL/fr6YmuxztzrCFuwMZLcEvAAAAAAAAAADjDQEwAIwBTU0tamm2R7uMEUHYDAAAAAAAAABA/wiAAWCUa25qkc3WEvZ++wpaDY2+8JXAGAAAAAAAAAAwnhAAA8Ao1tLSKputRX6fb0jTPY/E9NBDNdj9CW4BAAAAAAAAAAgdATAAjFItLa2yNTbL6/UO2C7UIDUcYSzhLQAAAAAAAAAA0UEADACjUHOzXbbGZnk8nh7HhzLCN6RRwAMEuYTCAAAAAAAAAADEnvhoFwAACE2TrVlNTXZ1dnZGu5QemMYZAAAAAAAAAIDoIwAGgFHkyhXboGv+Rip0NWT02f9IhrwEygAAAAAAAAAADIwAGABGAbfbLZutRc1NdhnGtSB0sEB0uCHxjQSthLQAAAAAAAAAAEQPATAAxLj2dodstha1tzkGbDfcdX5DOQ8AAAAAAAAAAGIbATAAxCi/3y+brVnNTXZ5PIH1fvvKYocb0A46IniAfm80FCZUBgAAAAAAAAAgMgiAASAGORxONdlaZLe3Seo7rA1lNG/E1gUeRi0DtRtK+1AQNAMAAAAAAAAAxhsCYACIIR5Pp5qbW9TS0iqPu2vUb1fI2v91kZ7y2dDQ1hwGAAAAAAAAAADRRQAMADHA7/erudmulha7HO0dkoYWtoYSyA4r+A0x8CUgBgAAAAAAAAAgugiAASCK/H6/Wlpa1Wpvk93e1itAvX70b19TLg90bChCXf83WgiXAQAAAAAAAAAYHAEwAESB2+1RW2u77K1tamtt7zf4DVUowfBQ79E1/XMo14W65i8AAAAAAAAAAAgPAmAAGEFtbe1qa21Xe7tDTqdLUu+gtvd3DXj++u2+DHX651CC26FcE2qfQ+kPAAAAAAAAAPD/t3fHug3CQBiA7xG6VH3/x6u6dCCAjW06ZKgqNcQopGmk71sYzMGNSL/ugMsEwAB3tK5rjOMUw3AOfU/DdHVKd49bV0FvrX8WxP5P7x+fj24BAAAAAHhib68vj26BOxMAAxyotRbTNMc8p/N1mmMc5+5w9qjp3yP/EXzpuXvObn0v33ycAQAAAACwRQAMsEOtNVpbo9YSpdTIeYlSSuS8REopUspRlvqj5tqU71a421PXc29Pza9nsd3TX61wFhwDAAAAAECfL7YQTxAA3MhiAAAAAElFTkSuQmCC" height="600" width="800"/>]]>
  </system-out>
  <testcase name="VerifyQuickLaunchItems_003" time="8.906" classname="testcases.QuickLaunch_cb"/>
  <system-out>
    <![CDATA[<img src="data:image/png;base64,iVBORw0KGgoAAAANSUhEUgAABzoAAANRCAYAAACbW7qvAAAAAXNSR0IArs4c6QAAIABJREFUeJzsvXuQLcdd5/nNqvPq7tOP29330fctXelasi2B0HoAG8ssg+1hwMCuF8d6Ca+HCNb7x8ps7AQEC8NueBdimR0m5gGOHfOYYb0RjAkNTDAYFiSDsY2NvbYlWbZkyZKu7r3Sffbtvv3uPo+qyv2jKutUZWVWZb1Pd+fX4Zv6nVNVmb/M3/mcX1Zm9SGUUgotLS0trWRRB3SwAzLcAd1dBfbugm7dALZuABtX4axeAl27BGxej70MIar1ASBc6f1n8G3+8LjTY0vqtk1UGoZnR5vjtynOjkpwRqgCiZ3Oo3Sl73CgQ0I9WrBUmlXA5aV2zHhHur+gkinUvUr+qkacyvjGlEqeyHo0QSWPd6b6FQ6POz0rT1TjiykTX4Q8yTLeaUvWYQeLJ7LqfNtzN/bjptjMvDzxh1eqDPyonCcJ8TLmPFH1rkyeMGXiB39GXTyJ1BPokH3Mk8T4KOD7oyieJPurGnF18iRB48CPMeeJKl+SVSNP/A47WDyRVefbFfCDjy/2Aj+c452fSHswweZU0ThnrXcceMKUnieCM8bhfskB4klifFTAE6YknlTyudLSGgOZv33N/++761vY2tlFfzAEALRbTUxPTWJ+bto/huiFTi0tLa0C1d+Cc+dFYPmbcG4+B9x6Fs6tb8aeorzwGT4LRGlhcHR83tSLENWJFLjMTKzcE40CEk2+d2S2WoOkrhajXPWrepxy4pwpnniHJO561fDVh+wMtSuXMe4m36goQLXG1/6bOKfmB18WwBNVvig3sEyVwpMs410WTzhbUj3PkzTdUxZPShn+SuNLwo9aeMKXGA1IBp7wdpk8CfTm/uSJslQ9VhnfsnjCuSvih4AnpUV5Cp6Uolrjq06eYDQAaeJFcnQqfuTkiSpf1BoodbUY5apfgR+pvzeK5glnS5pRK08SejOXao0vCT9q4QkfX0zZeMLbZfIk0Jv7kyfKUvVYkSMV5CdaWgdR5m9fw3Bo4cbyKnr9gfCYTruFk8cW0Gw29EKnlpaWVqmy+6DXvgr6xpfgXP1b0Ktf9N/i8x4gW+KJhPfjJjbsBdUdYtkWZSUqNfHNmIiWMrFh/rJ6MBqAkC3uHt4uciJb6ESG1zhObCITWSaFeCliIptrR7XYPaldwEQ2VXxk4EmhKrU+gcfCGyV18iRcyhbueLtMnsT0XvrhGWue8PVXxJNU/EjJEwV8aZ5klYwnWb4vMvIjkSdhu46NAKniRaXbgxprnrDxZjo4PImrXvNEVUmfAL5Dy+SJJF50flJ/fO1jniQeLRrfmngyNuNdmGQ8SSiL5EciT9TipVB+pIwvWW8qqe740tIaQ5m/fQ1Xr9+WLnIyddotnDt1XC90amlpaVUp5/JnQS//Dehrfw3n9vOBd8KZCyEZUjNK3fNyJ6JMvM3aJnGu4sRMNvHhJ9JFTnSSEmF2QPE76mUTD9agMicekvhIWKgtXDnjK/dEqICJT66JUCp/ZTWk40mxC7VinqTyt8KJ3jjzJL/7Mp4U8f2R8vsl0gEBO028pFVJPFG+fAE8YSqeJ6o17HOelCjZwk6VPInwQ8KT9FKID52fFMKTPN8feXuTSdj8VP7uB56kVMZxzltdnTwZu/ykUn4cDJ4oX74AnjBVx5Mcpc5PDmF+UgVP+PgKdECVPNHSOgDa+D9fxJ2760rHHp2f0wudWlpaWnWIblwDvfSXoC//OZzXPis5CCAGpIlQ3MSFPy3rRFY20TFIholMkkIN4jPdMhNPvgx0SJ6JSyp/JWUBl5faBUxkU010YyY26f1VnUoXMZFNKv0ejbcrnsgqhb+8tYVMZBO721Mh/AiJD2gZT3i7DJ7w8cU03jxRje7Y8VZsVl6e5Pd3P/CE0z7hSWGlQnfHxkuh/st4UmB5SPOTceBJeflJEd8fRfGEs/cJTxRPL4QnTMXzhA/oOnnCxxfTePNENbrTfF/k4gdvF+qvUo3hUucnSjwprMwQX0yZuie2QXXyJNAh+4gnsstLqyuBJ7HxEXgjf36ipbU/de1/fTrxaU6mTrulFzq1tLS0atVgB853/hTOi38C55W/iD2UhHLEQGYTTGy5kpSR4PotECS2OXaoJaXFSolm3RPZMpUqsZd5UMbERi1eku10/h/sG2GKDc0shQjf5zteC+FJTq8CvanGj33HE94uiCcVPJHDqkniSWFlDp4Uokrji/8AVckT5m81PMkz3qXwZV/zpIjvj7TxxTsgs9P5eyjzk8IkaHFtPOHjC9wAZPNfNfpixzunV4HejdqpPs8lqBCe8HadPEnnr85Piq4gqDp5wvythiepxrtgbwO9fUB4UsT3R1J88Q1WtbW0Dr4u/c9fgerSJSFEL3RqaWlpjYWGe3BeeAL0hSfgXPliNA8PlCDp0yzhE56BF/i8K7IhUCKSJ88qNPHNMNEtbWLDO5jNX9U0t8iJbOxEJcZW0lhNbPgAL2FCW/GO18jVKpjIJsVXWp7kUiU8KWIim5EfEZ7w8ZTO3zp4UihfauUJ7+Dh4UmoOcV7GXVnX/IkbYSXyRNFvqT0V5VWZfJEtXeVpHlSC0+qzE/GjieZlZEfY5yfjANPVPmiJM0TpIqXtO561fDVh+zivRxvnijHW1KEx/ClcJ4o8iWlv5XwRLE5mXiSa3y1tA6mXv3FL6c6Xi90amlpaY2R6MY1ON/693Ce/0PQ1VcRl+kQkm7iQUqaePiLnXUnZiL35W8XMtEpb0d9zERDZcIxhjcyClfO+lJPhBS6O21vMynFR+gC/ExaIV6KuHFR4Y2MunkyDjdSsu+oTxthZfJEkS/jwI8SeJLn+yNvbzMp88Q/sASeqHClSH7E+ispy5SoG1I2Ly8/Dld+Iji9TFXEE2l1JfCEKTNPImdUxJHDmp+kbF5enrADystPquCJIl8OKE/yfH/k7W2m7Dzh7Tp5klOaJzo/0dLSipVe6NTS0tI6CHr9i7Cf/SScF56QJkLsZbbQqDqRgeT1LBMbpqTf7IxKkIiKdqBGJjqFptrhMrJwV/BEhlfJE5vEtLuCiWzsxDaVv0lTnSInslknMgmqeSKbtj5VnuSZyKaKlxg7KhlPipjIKsbHAeOJrDrf9tyN/bgpNjMvT5J31GfgR+U8SYiXMeeJqndl8oQpEz/4M+riSaSeQIfsY54kxkcB3x9F8STZX9WIq5MnCRoHfow5T1T5kqwaeeJ32MHiiaw6366AH3x8sReSFoajysCPwngi7cEEm1NF45y13nHgCVN6ngjOGIf7JXE8SQ76dCqZJ4nxUQFPmJJ4UsnnSktrDKQXOrW0tLQOioZ7cJ75PdjP/B7o3cvcm9HE1v3NzJEt3gE5KklhiS4N1K8+cc490Sgg0eR7R2arNUjqajHKVb+qxyknzpnih3dI4q5XDV99yM5Qu3IZ427RczZxBwgaVll9+2DiLGm+0B2VsgCeqPJFuYFlqhSeZP/+KJ4nnC2pnudJmu4piyelDH+l8SXhRy084UuMBiQDT3i7TJ4EenN/8kRZqh6rjG9ZPOHcFfFDwJPSojwFT0pRrfFVJ08wGoA08SI5OhU/cvJElS9qDZS6Woxy1a/Aj9TfG0XzhLMlzaiVJwm9mUu1xpeEH7XwhI8vpmw84e0yeQIAMFugE7NwuovA5BHQzizQngJtTQGNFmA2R9ykNog1BJwByHAPxNoD6e+CDLZB+lsg9jBmzHIqV3wlfQJScqSC/ERLJur2PXVAbRtwLMAaAvYQdNgHhv26G6gVI73QqaWlpXXA5Fz6K9CvfwL2q59RS4OI+sQGBCBxeVdKkTR5V6kTnYyJaCkTG+YvqwejAQjZ4u7h7SInsqrdn2miW+tENql+biavEi9FTGRz7agWuye1C5jIpoqPwBu17DgttT6Bx8IbJXXyJFzKFu54u0yexPRe+uEZa57w9VfEk1T8SMkTBXxpnmSVjCdZvi8y8iORJ2G7jo0AqeJFpduDGmuesPFmOjg8iate80RVSZ8AvkPL5IkkXnR+Un987WOeJB4tGt+aeDI2412YZDxxS6e7CDqzBDp7EnTmmLu4GTovfUmGuzB6mzB66yB7azD21hDPE7V4KZQfKeNL1ptKqju+Dq0o6KAHDPZA+7t64XPMpBc6tbS0tA6iVl+B9dX/C/Yz/w7SJzG5TGz0hKXaxJZIU0VFeYcTxFRToGQTH34iXeREJykRZgcUv6NeNvFgDUoz0cxbekpYqC1cORP/3BOhEibWTErdl8pfWQ0pysIXarPxpK6J3jjzJL/7Mp5kGe+M/PA7lu+AgJ0mXtKqJJ4oX74AnjAVzxPVGvY5T0qUbGGnSp5E+CHhSXopxIfOTwrhSZ7vj7y9ySRsfip/9wNPUirjOOetrk6ejF1+Uik/DgZPlC9fAE+YquNJjlLnJ7E8cdrToEfOwFk4D3rkjPukZq4GIGY4KIztFRg77v/JYDvlxRUisDKe8PHFXq6YJ1qZRK0B0NsG7W27T35q1Sq90KmlpaV1UGX1YH/5X8H+u38JWD0AyRMXg6RIx6h3fFy+D3Fextv8b3YqKdQgbuZcauLJl4EOKfLGSKy/krKAy0vtAiayqSa6gTfy76hXnUoXMZFNKv0ejbcrnsgqhb+8tfnHX6W7PSWNZnrxAS3jCW+XwRM+vpjGmyeq0R073orNysuT/P7uB55w2ic8KaxU6O7YeCnUfxlPCiwPaX4yDjwpLz8p4vujKJ5w9j7hieLphfCEqXie8AFdJ0/4+GIab56oRnea74tc/ODtQv1VqjFc6vxEiSeFlRniiylT98Q2qDieOFOLcI7eB7p4L+jUPNehojLQIQXwhAx3YG7fgbF9G8buXUX/kTveEr9vSuBJbHwE3sifn2hlEe3vgO5uAv3duptyaKUXOrW0tLQOuOyv/RvYX/5XoFs33UQsmNhKJjKEqKdYyb/d6Slhh1ralFZ54spXN04T2TKVKrFXmAinLTNPmHkHZHY6/w/2jTDFhmaWQoTv8x2vhfAkp1eB3lTjx77jCW8XxJMKnshh1STxpLAyB08KUaXxxX+AquQJ87canuQZ71L4sq95UsT3R9r44h2Q2en8PZT5SWEStLg2nvDxBW4AsvmvGn2x453Tq0DvRu1Un+cSVAhPeLtOnqTzV+cnRVcQVJ08Yf5Ww5NU4x1435lcgHP8IpzjbwLa3XSNiWtgVp7YA5hbN2Fs3oCxt15y/QXwIzNP+Aar2lpViQ72gJ1190/balUqvdCppaWldQhkP/tJ2F/6Z8DGNVAABhTSaxJNdNkLfN7FnuzMKxKXhxU6kc4w0S1tYsM7mM1f1TS3yImsrDlJtpIqnchK6uMntr5KmNBWtONVdnYVO06T4ivClzJVCU+KmMhm5EfijZJ0/tbBk0L5UitPeAcPD09CzSney6g7+5InaSO8TJ4o8iWlv6q0KpMnqr2rJM2TWnhSZX4ydjzJrIz8GOP8ZBx4osoXJWmeIFW8pHXXq4avPmQX7+V480Q53uQRTpuTcI5dhLP0FtCpI9z7WXnC15OBL55JBjswN2/A3LgOYu3Vy5OE85J7O0a5xlerCtH+DujWXcAa1N2UQyO90KmlpaV1SOR88w8w/MI/BTauAhA8iSlJREeLj8kTj1TTEElCRoBqEjOR+8nNyzXRKW9HvcIEYZ/dyChcOetLPRFS6O60vc2kFB+hC/Az6SwTyoRSOb5UezSlap7ojcONlOw76tNGWJk8UeTLOPCjBJ7k+f7I29tMyjzxDyyBJypcKZIfsf5KyjIl6oaUzcvLj8OVnwhOL1MV8URaXQk8YcrMk8gZFXHksOYnKZuXlyfsgPLykyp4osiXA8qTPN8feXubKTtPeLtOnuTUGPCEzp2Gc/q74Czek6o+y3GwNrCxTk1skjZ2jAnsmR0MzDaGpAVKCAwYMB0LbaeHCauHKXsHM+hjlliYbxloECOVv8buCsz112Fs3Ra8WydP/B6Nt6vmiVZpott3QbfX6m7GoZBe6NTS0tI6RLKf/SScz/8a6M6yny+xVCoxHSNqE5vgRFZ1ohKxI/MBwRmiHaiRiU6hU/dwGVm4K3giw6vkiU1i2l3BRDY2XlL5qxpxRUxks05kElTzRDZtfTJvlcsC4ospyY5KxpMiJrKK8XHAeCKrzrcD3xfSj5tiM/PyJHlHfQZ+VM6ThHgZc56oelcmT5gy8YM/oy6eROoJdMg+5klifBTw/VEUT5L9VY24OnmSoHHgx5jzRJUvyaqRJ36HHSyeyKrz7Qr4wccXeyFpYTiqDPwojCfSHkywOVU0zlnrHQeeMKXnieCMHPdLaKMD58QDsE89AnSmlM7bGVi4YZm4acxipb0IEAju8wCAAVAKQhqgrM101H63qQSLvds4Ya/hZNPGVLMR6717DYA4A5hrV2GuXwWxhoXGWWJ8VMATpiSeVPK50ooVHfZAN1eAYb/uphxo6YVOLS0trUMm+6v/BtbnfxXob4cSXSLcARktCUlOuUiqiRS4zMxrAZcE555oFJBo8r0js9UaxJ9QsHLVr+pxyolzphSed0jirlcNX33IzlB7nolrZKJRpmqNr3wT50yliB8pbsSl5gdfFsATVb4oN7BMlcKTLONdFk84W1I9z5M03VMWT0oZ/krjS8KPWnjClxgNSAae8HaZPAn05v7kibJUPVYZ37J4wrkr4oeAJ6VFeQqelKJa46tOnmA0AGniRXJ0Kn7k5IkqX9QaKHW1GOWqX4Efqb83iuYJZ0uaUStPEnozl2qNLwk/auEJH19M2XjC20k8cTpzcM48AmfpLUo9d23PxlVjHrfbJwDCBskBEa9y+iLEDFoIDTAloXg71ruJc85dnO4YSm0yNq+jcfcKSH9TflCu+Er6BKTkSAX5iVY9opt3QHdj4lArl/RCp5aWltYhlP23/xTWF35dmhbJJjbsBcOQ5F0BFZFSEVGeVspEJ2MiWsrEhvnL6sFoAEJ22IPEiUvaUpRvJ5yX1JuxqnUim1Q/N5PPc2Mkyw2TTDuqxe5J7QzjnbYM9VbgjVp2nJZan8Bj4Y2SOnkSLmULd7xdJk9iei/98Iw1T/j6K+JJKn6k5IkCvjRPskrGkyzfFxn5kciTsF3HRoBU8aLS7UGNNU/YeDMdHJ7EVa95oqqkTwDfoWXyRBIvOj+pP772MU8SjxaNb008GZvxTiln+jicc38PzsI57p2ox1d3HbzcXMJ2cyZ6IQIQEPgLn5R6YecOhPue4R3q/siSQYDREoQBUMBhA0wBSh10h5u4OLyBcxPBgQU3AN4VdlfQuPsajJ1Vaffk5kfK+JL1ppLqji+tzKI766Bbq3U340BKL3RqaWlpHULRwQ6sv/oVOM/+O2FGRhQmtqMnO/2rcjZv8Y2IvbyfmCVs/FOWbOLDT6SLnOgkJcLsgOJ31AtS53G8kVGmcib+suiucuKTayKUyl9ZDSnKwhdqozxJ7W+FE71x5kl+92U8yTLeGfnhdyzfAQE7TbykVUk8Ub58ATxhKp4nqjXsc56UKNnCTpU8ifBDwpP0UogPnZ8UwpM83x95e5NJ2PxU/u4HnqRUxnHOW12dPBm7/KRSfhwMnihfvgCeMFXHkxzlIctP7JmTcO59O+jMidj+vtWz8WJjCRvteYiWDNi9JdtxYJojfymlMAwDztBCs9kEhQHqOAAAwzABUP96lLrnUf/mEIXjUO9eEcFsfxUP2jdwoh18KjQq0t9AY+USjO1liOMjYFfGEz6+2MsV80SrUtHeFuj6ct3NOHDSC51aWlpah1T07iXYT/0irFc/4+6WQzTdMhCTjtHRk51xN14BYdqYPJEJvi/K/0MN4mbOpSaefBnokCJvjMT6KykLuLzULmAim2qiG3gj/4561QgsYiKbVPo9Gm9XPJFVCn95a/OPv0p3e0rLj2TxAS3jCW+XwRM+vpjGmyeq0R073orNysuT/P7uB55w2ic8KaxU6O7YeCnUfxlPCiwPaX4yDjwpLz8p4vujKJ5w9j7hieLphfCEqXie8AFdJ0/4+GIab56oRnea74tc/ODtQv1VqjFc6vxEiSeFlRniiylT98Q2KJ4nzuwZ2BfeDjp9THqhoW3jhcEkrk6eh7cO6S5MeoewvqTMd8N7VpMAxHuXEALiuJc1YMBxbACAQQxQSuFQBxSAaZiuTYJ/qpYGXHD/49zuFby1uYOmaUr9N3qbaNx9Fcbm7bQ9Kuxe3s4z3rn4Engjf36iVYVofwd07VbdzThQ0gudWlpaWodY9qtPwXryF0DXrrhJpyCFkr0eLAmJe9/7N+cONX6xU3niylc3ThPZMpVq4qwwEU5bZp4w8w7I7HT+H+wbYYoNzSyFCN/nO14L4UlOrwK9qcaPfccT3i6IJxU8kcOqSeJJYWUOnhSiSuOL/wBVyRPmbzU8yTPepfBlX/OkiO+PtPHFOyCz0/l7KPOTwiRocW084eML3ABk8181+mLHO6dXgd6N2qk+zyWoEJ7wdp08Seevzk+KriCoOnnC/K2GJ3xpzyzBue8x0O5RaX/f6dt4rnUee40uKDBa6Bz1XqAiAsP0FiptbyHTNGEQgjsrK1hbWcVwOETTNNCd7uLo4iI6nQlQG7CpDdNsYDgcwjQN2P5CJ4W4RopJawff1b+MY23573eS/hYaK9+BsX0nuUNS8aSI74+k+OIbrGprjaP0Ymex0gudWlpaWodc1ld+C/Zf/cooDSLRdMpAOM/i8y5+EVKk3CkWhfuzDYVMpDNMdEub2AQcDE1sFE6Xn608kckzkZU1J8lWUqUTWUl9/MTWVwkTWmlHYzQgBU5cIldTGN9Cy5iPU6S7y1DKz1e8Mkx0C+MJ75DEFt0YSeFvHTwplC+18oR38PDwJNSc4r2MurMveZI2wsvkiSJfUvqrSqsyeaLau0rSPKmFJ1XmJ2PHk8zKyI8xzk/GgSeqfFGS5glSxUtad71q+OpDdvFejjdPEuLNmVqEfd9joHOnuANGJ1zeA56fenBUTfAjHTiUsPMoAfsztZZtYWdnB9euXcMzzzyD5eVlDPoDELh/LWzpxAmcPnUK3e40Tpw4iWNHF9GZ6IBS4tZDAvWASO5DuQ6+detF3DtBpf6Svbto3nkZxt5aqLvSdF8iTxS7PxNPMoyv1nhK/xnb4qQXOrW0tLQOu4Z7GP6//yPsb/6hn5ERQzzxIMLUb6SkBc/Q2xkTM5VFVSWJ5l0pm1f0RNr3EWkTXdkZCRPLMb6RUbhy1qfqbZrxTtvbTErxEboAP5NWiJciblxUeCOj7oneONxIyb6jPm2ElckTRb6MAz9K4Eme74+8vc2kzBP/wBJ4osKVIvkR66+kLFOibkjZvLz8OFz5ieD0MlURT6TVlcATpsw8iZxREUcOa36Ssnl5ecIOKC8/qYIninw5oDzJ8/2Rt7eZsvOEt+vkSU6VzBPamoJ932Nwjl6Q1v/tfgOvTF0ACd2UMULHgADufSMCOO5f/6I2xc2bt/Dcc8/hjTdex8rdVdiOg06ng+3tbbRaLRxdXMD5s6fRajRw7fo1bG6u4dTJJXzXww/jzD3nAaMB02jCoQ6IYcKhFAZxSzb23F+2xX3br+DN7aHAGbfDjO3baCy/BDLcQ/bxLogfdfNEq1bRnXXQrdW6m7HvpRc6tbS0tLRAX/8iBp/+H4C1K6E8SvTbnWC2JN8D5BMbdq7SxCWk8BEkUoHELuOGSSTxDXRIkRMZXmVPbJCQdlcwkY2d2KbyNynCipzIZp3IJKjk8c5Uv8LhcafHlgXEF1Mmvgh5UsREVjE+DhhPZNX5Nvu+iPu4KTYzL0+Sd9Rn4EflPEmIlzHniap3ZfKEKRM/+DPq4kmknkCH7GOeJMZHAd8fRfEk2V/ViKuTJwkaB36MOU9U+ZKsGnnid9jB4omsOt+ugB98fLEXkhaGo8rAj8J4Iu3BBJtTReOctd5x4AlTep4Izoi7X0IM2Pe8HfaZR6QefKvXwpXpe13fA8FJ0XBrCB5OKRqmCcuysLa6hmeffgZf/9rXYdsUU9NdWLYNEILBcAAbNjqtFiYnOji+OA/TJLhz+xYcZ4jTS8dhGgSnzp3Hvfc/gHZnAu1WBzYFKCEAMUAduPeHiOO1yEFQ9+xcxkOtgXS8G+tX0Lj9YmxvipQYHxXwhCmJJ5V8rrRyi27eAd3drLsZ+1p6oVNLS0tLCwBg/e0/g/W5X/OsUUZESDRDIgkpl/A3OwMZHgllfOAyM7Ei75KUE40CEs1A1ckTjTQXLEO56lf1OOXEOVMKzzskcderhq8+ZGeoPc/EVf1GRQGqNb4SJs5llCJ+5OBJEeNd6EQ1tr8TLlCGSuFJlvEuiyecLame50ma7imLJ6UMf6XxJeFHLTzhS4wGJANPeLtMngR6c3/yRFmqHquMb1k84dwV8UPAk9KiPAVPSlGt8VUnTzAagDTxIjk6FT9y8kSVL2oNlLpajHLVr8CP1N8bRfOEsyXNqJUnCb2ZS7XGl4QftfCEjy+mbDzhbQrAOfFm2Bd/SNqc5wdtvDZ1wbs3xNdjuj3mvUUoQCkFpRQvvfgSPvuZv8bqnRUAQHdqBgNrCGIaGNoWbNuB0W5gptsFtYeg1gCTEy0QCkx2Ojh/6gT6gx42tvdgkwbmjx7BAw++GUsnTwNmA6CAYTThODaIQd3PA2jE23u2L+GtzYG0rxrL34Z592qO+Er6BKTkSAX5idZ4ylm9Bgz7dTdj30ovdGppaWlpAQDo1g0M/+S/g3P1i5F0yeDyrGD+JUsESUJOlTrlEuRxkd/szKyMiWgpExvmL6uHvc3b4u7h7SInsqrzzEwT3Vonskn1czP5PDdGstwwybSjWuye1M4w3mnLUG8JeFL7eBcmgcfCGyV18iRcyhbueLtMnsT0XvrhGWue8PVXxJNU/EjJEwV8aZ5klYwnWb4vMvIjkSdhu46NAKniRaXbgxprnrDxZjo4PImrXvNEVUmfAL5Dy+SJJF50flJJX7TDAAAgAElEQVR/fO1jniQeLRrfmngyNuMtkDO1CPvB94BOzQvff7ln4qXumxD+c7WB80FheD1vUACUwhoO8fIr38Ff/PlfYHdnF1OTU2g1m9jp7WFzewuTE5OwbAtD24ZDDUxMTGE4GIJQG92JFqYmJnHu7Bk4wz62NzcwhAMLFNvbu+gNBnjnY+/CI488ilanA0oBwzDhLle4T4pS6oAQI/ClArxp6zu42LKFPhiDbZi3noe5t5aPHynji2lf8kSrFNFhD3T1et3N2LdKu9BpfuxjH/tYSW3R0tLS0qpRpD0Nag9hv/wXkYkHpeInO4Hgr3byUws/pxSL5Zx5EjOaUEf40OQbKQnNKXoiHbmRUpgEqfM43sgoUzkTf9nEucqJT66JUCp/ZTWkKAtfqI3yJLW/FU70xpkn+d2X8STLeGfkh9+xfAcE7DTxklYl8UT58gXwhKl4nqjWsM95UqJkCztV8iTCDwlP0kshPnR+UghP8nx/5O1NJmHzU/m7H3iSUhnHOW91dfJk7PKTSvlxMHiifPkCeMJUHU9ylAcxPyEE9j3fDzp/VljftT7F890H/UVOQkjk/yCAQQgIdUvHsvDcc8/hs5/9LKzhEPNHFjAxMYH19XVsbW1jemYGk5OTaJgmYBgwG000G03YtoN+bwBraME0GpicmMT0VBe93h529/YAmCAGwaDfx/KdO9jZ2cXS0hIazRZA3CHwmgNiGB53TBDvf6vto5jcu4UZE5EOpGbb9WP7NuuYCnnCxxd7uWKeaI2FiOn+KWgMevU2ZJ/q7g/8bKrj9ROdWlpaWgdZwz0M/vjDcF59EoAkTSfRiY0hyQNDxweqCdoEGfO24MTZf+SUr6GMxJMvMeqQIm+MxPhbxg2TxGlYARPZVBPd4PjK5hXKUp1KFzGRTSr9Ho23y5jIxkkl/OWtzT/+Kt3tKWk004sPaBlPeLsMnvDxxTTePFGN7tjxVmxWXp7k93c/8ITTPuFJYaVCd8fGS6H+y3hSYHlI85Nx4El5+UkR3x9F8YSz9wlPFE8vhCdMxfOED+g6ecLHF9N480Q1utN8X+TiB28X6q9SjeFS5ydKPCmszBBfTJm6J7ZBbgPsYxdhP/ge4YGbAwufn3wYgOFumBC2CgBsGIYBAwSObeE7L72EP/2TP4HjUJw7dxaGaeKVl17FYDDEkYUjOLI4j9mZGfR6fVy7cR2zs0dwa3kFO9s9DIcDNImJmekpnDtzEtOTExgMdrF6dw07e3swDGC334NpNmE2W7j4wAP4of/872NyctK9KQXXN9MwYNluu8LcsvHY9nOYbjaEHdq89S2YG9dSda+0u0vgSWx8BN7In59o1S1n5Q3Akv+5ZS2x9BOdWlpaWlojmU3AsWC/9GeInQFwr7u/2hkz0QllemGbZEy8goll3LRKaQJb10S2TKWaOCtMhIu8UZJpYpwwUU7w/2DfCFNsaGYpRPg+3/GqGn1lTlwDvanGj33HE94uiCcVPJHDqkniSWFlDp4Uokrji/8AVckT5m81PMkz3qXwZV/zpIjvj7TxxTsgs9P5eyjzk8IkaHFtPOHjC9wAZPNfNfpixzunV4HejdqpPs8lqBCe8HadPEnnr85Piq4gqDp5wvwtlydOswN679tBOzPC479Oj2GvMQ3Ae3IT4v8T90c5QR0Hm+tr+Mazz+LO8jIIAe6/7wJeeP4F7PWGmJtbQHd6EobZwF6vh52dHWxtb2PQt7C1vQ3Ldryed39rc319DbZjYW5uFkNriFaziUazgYlOB8dPLGHx6FHs7fWws72D2ZlZTE5OghAThmHAcSiM0O8vjYZ10wbOYEfcSWYDZPsOQK2MPCni+yMpvmQjmpMvWuMlswH0tutuxb5T2ic6GyW1Q0tLS0trTGS++SfReP4JWK99FgBAQWAAoJR4+RVLlka2m4exP2MbeN+Tm6uR8MuezS6bmINx+R3/l3QJl+jzrfCr9yoj3gkR2/uXLdz6pb8wGygFx0FmE67hJCERTXnjIHI1rl+Dwxcq/csRbiIbGFdZGTpv1OPu9UcdztuSEeIc4huYMknnLkuI+G3flgwP8Sa2hCbEB1ErpfEhvWPADkuIl6Ru5buXv5qoesTEB28HxjlUQlIK4onnSawjEp7I/I2oLJ54/0biQ5EnqfnhNyiJJ4IbIzE8iXRXYTyBMk9CZQxPQrYyT+L95cVfXsYTfjhC/KiQJ/I7kOywjDyRSMYT/sarNPz8cczOkwg/lHjCzGp4Im5FTD6iypes+Un8F5/AQbG/ByY/kQZ+Ek8SAiThsunyk+p5Ulp+IlHu/KQ2nnADWiRPAorEB1+GmpGRH2Ocn5THEyjzJFQWzhPES8aPBJ7wwzFW+UlcfOTliSgf4W1AHn4HPD+hxy7CmTslPPWVnom708c9TwwQYnrvONGDCQEBwbC/h9deuwSAwrFtvPnBB7F2dxW2baHb7WJ9fRODwRADawhKKRzqYHdvDxSb7meHGKDEAQwCYjhotZqwqY2dvW3Mzk5jZ2sHMFpoNBro7e5ie3sXq6ursPpD7Gzv4B3v/AEcObKAoW2BUgrTMN3RCH0wKNYmT+DVjTXcJ/i9TmdiAXT2JIy7V4rJTxATH4GBTMcT5grfIIGttW9F2lNAexK0v1t3Uw609EKnlpaW1kFXYwLGxX8IXPprP/lyAHei4iVL7hyIpWjMjk5NYhVItKkg8RZO9Ki4pE50YpdYeag+yu2Apd7bXEm5UnacqKQAIbJy1KcIuu/5R2jYjvYN8dsctsMzOUoSSu48d/IVU7Lx9/+NsbMstEj9zaAc8QV/vEcHsnHlbbXxZvGWEF9+GezTYPN5W+avH2CeJPEiHF/FUjm+Rm2nHE/CfEmpuLhKPd7pKw/fOBmNc5gvBfIkVAJqPAmAOlTyHSS2Q/FSGk/4UsaTUTMjzZcPU7hMo1zxxfe7nCfZvj+y8SQUP4EGKvPEPzCeJ8jCExWu8PHB84N1+9jzhD+AcvXp/KT8/ATJ48trH/CEt8vkSZQfKXniSxAf0vEtLz/h5zu15yeZJclP+PiQjm9ennh95gVKUflJPTxJn58cJJ5k+/5Q5Ako1+yc+YkvNo7s2ALyk9w8GTlRd35CGxNwjj8grGZnaOOl6Tf7rCCGu2htOAA13MocGKAATNiAY2NjYwOfefJJzM3M4PobV9BsmhgOB1hbW8PszBzurKzDcYDd3R1s7OyAEgLqUHSnp9ButNGz+qAmQGHDpBQwAQc2Ot0JUMPEtRu3YA+G6PeGcKgFwzBhA9je2cPtlTV0p7vY2dvDj/7Yj2JycgoOpSCmAeq4N4qIPxwEoMBLsw/ixNY30G2wBdxRR1rTJ0A2b4IMe/l5koYfWXgiGd9MPNEaP03NAXqhs1TphU4tLS2tQyDj/h+B8fS/Bb3zYiCv8p7sZHZghxi/MdP/zc7Q8QhtQhQ8GOqmdYHXRxJMdEMVeP8RmejEzAS4nceyHajJT2Sxy7D3w833S6JWBj0O2YkTm8gZ4TKhYrYjdZRcc7b0yQmM7FCzknbYS8qAW0FPhMMpleAKoUdqSHKHBgM6sLM9ZMfFix9XrJt5OzQ60VIcpuHw5TwWvsAHoPQM7gTRAMW02I8fLp6iO54l8RGJJ0EJ6WgJeSK0hRLwRNSAmBbwTzTI7ChPvBak5QlfpuSJsAOVeJJQYaQB8Txh9cp3QMt4kswPVZ5E7otFFMMP2Qc0I0+k3zeJPEmIF0lzQyXXR8IXIgEnOyMdTyLxgbw8ieGIhCfBlsfxJOqu4Ao5eZI5P+HiS+cnGNmhZpXHk8gBEcl4wtv5eVJpfsL1SZwtDUDZAYmJYwJPxjg/EXcQ1xdl5SeJ8x2vBQXxhP+4I/zySJnzEzWeqOYnyU9kFcQTUT7C21LF8KP0/IR1Z4n5SeA4QGyr84Sza+NJDEckPAm2vMj8xDl2H+j0MURrJHiZznimAULcpWcDFAahcOCAwgQ1DNgOhelYcKwevvDZv8Ibl1/Die95BIOdbSzMzcIkFHMzs7h69Qb2dvfgUMCigE0IzHYHsB3s7O6hTyzsOgOQFkG7RTDVbKM7NYXd3V28fu0WHAsgNgVxANgWDNhwHAs2MTB0KGzSxG7PwjeeewFvecvDeOCBiyCmAdtx/N/tJHDj2SHE74tXyRF8N7Yi8UE7R0C7x2Gsv+69LOZIpvwkLj4y8CQ02jE8iZygtS9EWhOg7Um92Fmi9EKnlpaW1iEQmT0N48K7YS2/CGC0A83xJjj8jjVwtnAHm7fjjWC0A87NwLwk3X9fJMkOU5asUeo/Feq+rrjjFILjYkqWHfq2N/vkd7T7/xk7s009LKNzZCV/bMr6Ry+xceNs7wWlHc8qOx4TytGkwfuXzeZEbffCiQWG0Pavqjju/I5j6Q5kcXzJdrArK+9455VyfWycOTvleKfaUe/H1YgfPE/C8SNuPrMCw5V5vHM9kQnW5oPDk5FkPPFOrJkno89m4Nsn5J+MJ6MOq5Mno+5PCIKx5YmEHxXzBFx8yXgickzGE9eshid+PNB9mp8oXj5TfiLih85PhDxRVtz4io6tOL7q5kkkP+HjRcoT/l2F/ETED52fKNYfn5/EPpFVJE9inyDm4iXknzw/qYYnYX7w+Uju/CTir6TMqsT4GtP8RJkncfkJAV24N9oBFFgbDnFt6jwAAoOYcP+cLAVA3dyXeBkwITAJ0CAUN27fxtXLlzAzNQFr0MP05ASsvV0s7/XQ6c6hbznoWYBDCIx2CwAwsB2YILBtCsvoA9RAgzbRtIFhfxO7wz46E1Nu/QZgGgaG/QFMGzBAYBpNUGICzRbWdykcStDf7WN5eQUPvOkBmIYJx7HcHiAEBMT9TxbRBLjWvQfnNp/FkaYR6T17+pi70EnjgyzCD972XlCe36TkCXhbwpNcnxWtWkUmZ/Sfry1ReqFTS0tL65DIuPDDwJd/00sMveSMuKVBRjZoZG9nxHYLlpSHd0KODpNP+gGIn2gL2uHaoiWRlN6//p9mCdnRJyXYhCPpN2vUHqERzdg8BW60gojscP/w0xyVDfCx80blJyJGJetR9/qjjg7ZshFKbGBCfIjDLWJLWxE7TGy8Y+KFf3IvYQd9pOTiS1jGxYtfH+eYp0h88LaoWnlrBcNFxLYsPgIXYPEVuXDciMn4kYcn8try88Tr0FA88WWlPAmXbLz9w8HZpfFEEh8xPAmVhfGEiM0EnkgOV36CsiieROIlLT/y8kQBX/E8kfCjcp4k8EUi1Sfui+VJtCw+P2FKl5/IeCL//kiID75Mm5/I8pHSeBLWgcxPKuBJbHokb+345iejDkGcUucnMn4QzyeSEB86P8mWn1TGEyI2x40nkvjInZ9E+BG2KQkdPdb5ibSMGzFpfIE7XiwZT5wjZ+AcOSM4AXgNsyCEAMRwOejVS+Eu4hkAYBiwKEXTIGgA2FpbxemlY9jZ2kJ3agJnz57FjZvLeOPmMmZbs1jdtbDrmGi1J9B3LHcB0rEB6vZUyxrCoA2YQwsNMkQTA8xPtrA400SnM4GhPUSj1YRhdDE/OQUTDmZmupjqzuD167fxzItXsb69A5MSbG6swnYGoHYDMEYLmDTgIwEbA4or5jyOYCPSFc7kUTjdYzC3l2P4wcfT/spPtPaHSHsKtNEErGHdTTmQ0gudWlpaWodE5j3vgnH+MdiXPw//joO3E82h3sQluEOMuzHGTzQiSrifMspGuXMkpTc/S6zOt0M3UhR31MftcE0qKSDfUc92+3FO+1sAJbake5gno+5xO3b0ABWzudI/zytVdjQjZkeh1+M02OHB8ZY5ICvTSDojUavfD2mv7eHTZXb8eGf/DSw2luxmQ9iOOiD2V340G2fmrtp4p92RGomP2B2niQSJOpNjvPNKiSd+XFXLE9/9CE/CZWJ8+K+rjXdansTyg9n+YTxPBPEytjzho7sansj4MWp+Vp5I+HHQeKJyTrBMIdnCTjxPEsqUPInwI+mJv4T8JJYfQp7AG7Zq85PQAKT5vhgbnhSUnyTFSUJ8xfIkEE8yf2U8wVjyJKXSjHPwnIz1+dEd5Mdhz0+S4iRPfiLKRw4AT9gBVfBkFA/ZeEI5f2U8SfcbrMXzBEKehHs8UWk4EjwnWAKgC+eFh+4MLdyYOgsDDijYnyAmIAYBYIA67p+NdWUAcEDtIWan2jgyPQkDNja2NnH7zl0MHAMDp4Hl1U1YNkBtCjg2TKuHJiw0YaMJGy3TRIfYmGq3MTfVxZmTJ3D2zBLOnD2K7kwHjmNjenYakzNTMFsNzE504Qz7aDUaMJttXL+9gt4f/gm+8e2XMexTvPTSC3jnu96JufkjsD23TfaRJIC//E7cGLjRPY/7t55B1zS5DiVwJuZhbC/H8yTNE7pJfKmbJ1pjK9Lpgm6v1d2MAym90KmlpaV1iGSeewfsK19wDX7Hov9kJ7sRRmAYQXt0nUheFszpifd+wA6VMoUSfa5CwUwvssNUsqM98iQnKz3H1H8Di7OJuARvK/krKUPiLijbYe6V2X9jIqlk48vvgJU3n+X17A3pht84hfqXjbPAHtUYKoVPyAh2uEvjRbLjedTtCfESDk/pE0Jq/iucINoBGijZeEvjI7ATNbaUxYdoB2zIDrsWGT2Zv0r+s4pYg2Q84e0yeMLHF6sxH08i7hfGE44fCTwJfn+o8QRh2w9L2Y76ZJ6o+Stxv2CeoDSecCXnb/E84V7IyJPgDveyeRIbL2n5ySttfiJ7wq7i/CTCDwlP4v0VlfwFZDzh7aJ5sp/yE3mHlpaf+M0qOD+RginpBE9jl59Ey2DLU+cnseKBpcAThAdI5ycJ8RHHkVieyPgR5UmwpYcmP/FrLDg/KYwn4rKW/CQyKgXmJ4IL0mbbe5ozWsPrdssLHbddbI2NwgABBSEmCBxQAIZhgFAb1LZgwoFjDbG8vIwjjgmbNLG+uYKN9TUY7QGsvoUJ00HT2kPT6aNj2liYaeP4wjzOLi1h4fgxLB1bxOLcDI4uHsXUzCwmJqbQaDbQbrfRmmjCaJlA03B/ctMeAraDgUWBziR+4kffi7vrm3j+8g2s313Hyso6Zubm0Wg1YDmO777rGhl1jdcF1+kk3oR+pEPp1AJwtwliD9nJoY6X8iSOK8L44ONIzpPY+Mibn2iNrzpdQC90liK90KmlpaV1iETOfD/8nWuBLcFsBxp7spPtWHMc4u+OGx3nKbAjjRIADnV3BzI7kHgFk1GZKAKTIbYjlDURijtO8+5o90vWfPffkTsBu4hEkyaUkQ5KKH2x8eLt8AmpdijG7XiVnDeaJHj/5tlRH/J3tIOdvRmOsbTjnS2+YuND5Fjc+Mb6KylVriEsZfERsLPsoOfLhB2x4OIrxBOVHa8xjot4IoqX2PFO4kdCfLGbl9Ed7owfNN/4Rt2OL/ljE+IrNj4CdqYnshR20KvyRMlf3n323ZLAk2zfH8XyRO6Eur9VxFeUH/CGqRqe0GB8FMoTP0w8QyE+FMa7lPxkjHkyUnx+UhhPEuIpV34S66+MJzRi18GT0vKTtJLGlywfYfUdlvwkYbyT+JEQX4cmP8nyRJZyPlJQfsL5p/MThXOS6uNKGU9Ky0+Ex2H02cvLk4B/FACdWQKdPCI4meLaxCmAEBBiAtRwqyAUgOHGF2w4aMIkLVDYaDYo7F0HfauP+YU5rK9vYHFhHkPHxMuvvIpevw/TophoN3FiYRanjsxgyhzg3NEZnJybxMJMF4sLC5g/toju/BTMbhOkOYFmcwrNdhcw2mg02qAwQQ0T1AGGZg8mDFBqA8RBq0Vx4S0P4LG3fzdeubWG9T7F1vodEOM+OI4F03D/BK9BiddpDgghICCglIKC4trkabxp8Gqk65z2NJyJORhby2OWnwQ/WznyE619I9JogTbbwLBfd1MOnPRCp5aWltYhknn2+0COvxVYfgGUjvZksh1p8Er/Nzvhlu5iIwlfTLpjH+FSJm5io7oDNFKd1zb/N2t42/tXaYez4DjIbOEW+KDTnK0wcRd1j28TzyZhW74jULbjVH2HM+tx9/qjDudtyQhxDvENTAoQTtxlk3aQy4bHLdl4x8SH9Ikrbvxl8eFPXPmSHZYQL0ndyncvfzVR9YiJD95W3tEs3+HKxtm34xwZV554/0p3vifwJDU//AYl8URwYySGJ5HuKownUOZJqIzhSchW5km8v7xUn0jhhyPEjwp5Iv5AF8ATiWQ8CTUHkIefdAe7Ok8i/FDiCTOr4Ym4FTH5iCpfsuYn8V98AgfF/h6Y/EQa+Ek8SQiQhMumy0+q50lp+YlEufOT2njCDWiRPAkoEh98GWpGRn6McX5SHk+gzJNQWThPEC8ZPxJ4wg/HWOUncfGRlyeifIS3AXn4HcD8xJk7JTx0pW+h1+3CIEagKjau7v8NGKBwAOr+UVh7aIGAorezi6PzC9jZ3kOj2cT116/DJAQLM9OYmZ7GxQcv4nseuoj5iQ6cjZuYbTjoNix0GgSdDkWr0YNBTdAh0Gh1YTQIKAEoKCxqg1IHoBYICOxgOBCg1SRwbIKHH7yIhbmnsbm8jeU7KzAaJiilAIXbftYlXDhRAP3WNFZ3KBaao9/09Ltw4giwfSclTxT5ERjIdDwJOBMO2KitdWBE2pOgeqGzcOmFTi0tLa3DJLMN4+SjsG6/4E5U6GiPOTwbANvoO3qHIjTR4qcs/unsdcHMIrwjNXChuFJQt1iUq0++oz5Uxu1wTSopIN8By/pwNLkMmKMnMgT+InAGjdjhDs39m3pxT8QERlloZ1lokfqbQVnq80v5DnreVhtvyQ576Y7qYJ8Gm8/bMn/9APMkiZc0O075Ujm+Rm2nIX7IeaKkuLhKPd7pKxfuqPefcFAc7zQ8CZWAGk+oxF++g8R2KF5K44nijuXAuEaaLx+mcJlGueKL73c5T7J9f2TjSSh+Ag1U5ol/YDxPkIUnKlzh44PnB+v2secJfwDl6tP5Sfn5CZLHl9c+4Alvl8mTKD9S8sSXID6k41tefiJ7IqY2nmSWJD/h40M6vnl54vWZFyhF5Sf18CR9fnKQeJLt+0ORJ6Bcs3PmJ77YOLJjC8hPcvNk5ERdPKHd48JLL6MDQgx/UZPAHQtCAPbnXgEDhDgAAUxigFoO7OEAW2vrOHP2DBzbguPYaDVbOHFsAdOTU+hOdHDP0hFcOHMMLWrBdlpoWbvoNikm2yaabYJWk6JJDAyHJmA30Wi0YVEAJoEDBzalMCjQNE1Q2wSoA5MSwLZAHAst2sd8t4Vj83O4trqLq6+/Dtum7p/X9dpOPBASbyGXsvhl/pMpLGA30qFOZw5mHp6k4UcWnkS4yZVaB0etCQD6z9cWLb3QqaWlpXXIZJ58BPY3/h9QEBgI5kwkMIFFaALLSu8v04byMzA7YPB2qBydEbaDN1q5G69sIkIInxkGSm7nsWwHavITWewy7H2xG+Ed1vIy6HHITpzYRM4IlwkVZ/qNztB4czsakbTDXlIG3Ap6QkV+SyW4QuiRGpLcocFADuxsD9lx8eLHFetm3g6NTrQUh2k4fDmPhS/wASg9gztBNEAxLZb9RmN0x7MkPiLxJCghHa1Yngg/HrzvQp5wZUwLsv/GnteCtDzhy5Q8EXagEk8SKow0IJ4nrF75DmgZT5L5ocqTyH2xiGL4IfuAZuSJ9PsmkScJ8SJpbqjk+kj4QiTgZGek40kkPpCXJzEckfAk2PJy8hN1nmTOT7j40vkJRnaoWeXxJHJARDKe8HZ+nlSan3B9EmdLA1B2QGLimMCTMc5PxB3E9UVZ+UnifMdrQUE84T/uCL88Uub8RI0nqvlJ6t8Q55uryhNRPsLbUsXwo/T8hHVniflJ4DhAbKvzhLNr40kMRyQ8CbY8b35CGx3Q6UXufbdcbi64/02J558Bdyy9xU9QuIvXBkANOLaDjtnEysY2Jtpt9AcDzB45gs7ULG6vbuDo4gKWFhZhWH3Q3g52N+5icraLoWXBbDZBCTCgBLZjAFYLht0EIS0QuwEMW2g2GwABbGKDGO6dKMM00LC8SHTg/XKoBYohJhsEs1NtzM1MwaAUgLvQSfkVZt97Euqvlc5RwHo90qG0MwO0JkGGexGOZMpP4uIjA09Cox3Dk8gJWvtOpNXRQ1iC9EKnlpaW1iETOf5Wf/et401wZDut+Z2SDnUn1MEdkCSwAw7ETVLdFVR2vZFGr0h2mPp5a3hnufJvikBwXEzJskPf9hJnf0f79/4pGu9+TN6Zu1dBX/0tOH/6u+GJ6/u+isZ3vwn0G7OwP81e/CjMX/g1EHwBzm+8D86oemlpfOh1GOcB+tRZ2F9BNLFNSHRHLxG/j0M2Zd0dHmfhjkWVHY8J5Wj0vX/ZbE7Udi+hZ4EgtP2rKo47v+NYugNZHF+yHezKShjvyLFFT2SU62PjzNkpxzvVjno/rhh2WEcH7FD8iJvPLCE/Uo53ricywdoc4Emw5XGf46zjnTe+lOuX8UT8vVE1T0afzcD3T8g/GU9GHVYnT0bdnxAEY8sTCT8q5gm4+JLxROSYjCeuWQ1P/Higkvxk3HmiePlM+YmIHzo/EfJEWXHjKzq24viqmyeR/ISPFylP+HcV8hMRP3R+olh/fH4S+0RWkTyJfYKYi5eQf/L8pBqehPnB5yO585OIv5IyqxLja0zzE2WeRPMTp7sIarYijvdsG1udee9YAoCAENO1iXsMMai38G0AMNFsNuAMhhj2hzgyP4f1rW20Jzrozk7j5Kkl7PX6mGg0sH3nLrrtLva2d2AeOQKj04WFAZpTc6AA1nZ6aFIb0xhiasqBaQ1h9wZowr2PRBomYACO5WA4sNB2AMdbwCQGgeMAxLHQIA4aoOg0DCwemUVvdwfd6WkQQsB+i3PknzfCbMGSUmx15tHbuIyOGf7ztdRowGlOwhjsSno5EC9CnnjHqc5vUvIEvC3hSa7PitaYiAD6dzoLl17o1AP2CT0AACAASURBVNLS0jpkMo8/BGP2FJyN616+P/pNTje1Il5+FdnjGS6lO2tZDi9O0ln6Jnyijbe5Wv3JX3z1XqupwI4+KcEuKt4x72n1KdAbGwEvOsDiRZCjbwJ5+J/DPHIC9id/dXS+36bRDlj/cp3HQP7BeZC/vAJ241U0saPzvwFydhbAhtch/rDEl5CUyk9EjErWo+71Rx0dsmXxkdhA2STOryZ0OZktbQUXV+GSjXdMvPBP7iXsoI+UXHwJS+H5vAOcY574aXDEFlUrb61guIjYlsVH4AIsviIXjhuxyIBKbIlU+BFbpuWJ16GheOLLCE/4BiqUsvgILNxIwy/QP5H4KI0nkviI4UmoLIwnRGwm8ERyuPITlEXxJBIvafmRlycK+IrniYQflfMkgS8SqT5xXyxPomV8fpKFJ0xJPAnbMp7Ivz8S4oMv0+YnsnykNJ6EdSDzkwp4EpseyVs7vvnJqEMQp9T5iYwfxPOJJMSHzk+y5SeV8YSIzXHjiSQ+cucnEX6EbUpCR491fiIt40ZMGl/gjhcrwpOpBeFxm1ag1cQtR79r6T3NCcAgBDY14FAKxyEwKIHlOLCGQwxtCxvb20CzDaPZwN7aGq5fv44LSyfQbrVAqQGjNYXO3DHcvnYVb9y6gYbZBDUaMFoWFgZDTG5vY6qzje70AHPzcyB9C7RBYKMJG00MLYoeIWi1J2BRB80mhWPbaBkmhoSCEgftVhNmw0C70QQh3m+Ket1N/H9c0eDIUYJNx0DHjPYpbXdBdlcF/ODjaX/lJ1r7T6TZ1r/TWbD0QqeWlpbWYVNzApi/H9i4BraF0aHexIWSwITC/S/pDQtms/f5eY8DEIN7XXROXBmj+Bspijvq43a4Bq+/9QXY/+m3oonwwk/B+K9/D+TM4zB+4Fdhf5ECgQk8paNdf0GRB38D5C9/Co6/JTB6jPHeHwcJbUCkge5xM+7RA1TM5kqvxdIdp/z7XAmh7TVXdCNDNEhxZRpJZ6xq9Xth4dmUO11mxz9Bkf03sNhYspsNYTvqgNhf+dFsnJm7auOddkdqJD5id5zyn9gE5RzvvFLiiR9XqjyJKQXxNHpCh476NOg+zw+uTIwP/3W18U7Lk1h+MDsEVM7m42VsecJHdzU8kfFj1PysPJHw46DxROWcYJlCsoWdeJ4klCl5EuFH0hN/EZ6E7Vh+CHkCb9iqzU9CA5Dm+2JseFJQfpIUJwnxFcuTQDzJ/JXxBGPJk5RKM87BczLW50d3kB+HPT9JipM8+YkoHzkAPGEHVMGTUTxk4wnl/JXxJN1vsBbPEwh5Eu7xRKXhSPAcVvXErPCQTTRACIG74EZADO9pSkoAuIt37h+ydZ+upAZAiQlKGxjCwk6vB8uhoDawsb6B6zdv4/KrVzDdaqDRMmAYBhaOn8Lkwgl88/U38MWvPIvlW7cBGKDUwGBIceJoF8eOTOHCmdM4u3QMZ84sYKJDMNFswaEdbA8NXLtzBytb29ja6sFotzE3P42G3ccDZ0+iD2B5ZQWDAQElQMtswQCBAwOABcDbrM/dmGLRSQjFFmnhGAbem4HIb0z4n/c0T+g2//sn0bzQFY/LzhVYf/UxDL70CoLxVRhPfuoPMPm283C+9g70nhA3YaQlNN77UTTe9iiM6a472F4b7ef/I4Z/9MfuXxdT1WO/iYn3PQpc+jj2PvEpAEDrF76ExrErsH7hpzEAQC68C+ZcG3T9W7Av3Uxz9cMts1l3Cw6c9EKnlpaW1iGUOX8P7Mt/4/3m5miHouHfAANYEhza2QZxDk8wyvFBonaolCmU6IcagugMQLDDVLKjPfIkJys9x+J/AyvcAiDwfCsBcPeP4LzwEZjv/HsgZz8Cgt8N9wsJPNEZVPcxkPecB/nMVfEEZ+HXQM4f5+rnLiTbYe6V2X9jIqlk48vvgJXP01hez96QbviNUyiO2DgL7FGNoVL4hIxgh7s0XiQ7nkfdzo5nLeDscHhKnxBS81/hBNEO0EDJxlsaH4GdqLGlLD5EO2A5ngRdi4yezF8l/zlgSXnC22XwhI8vViNnE3EJ3pa5L/o8xX6+ZDzh+JHAk+D3hxpPELb9sJTtqE/miZq/EvcL5glK4wlXcv4WzxPuhYw8Ce5wL5snsfGSlp+80uYnsifsCs1PknkS4YeEJ/H+ikr+AjKe8HbRPNlP+Ym8Q0vLT/xmFZyfSMGUdIKnsctPomWw5anzk1jxwFLgCcIDpPOThPiI40gsT2T8iPIk2NJDk5/4NRacnxTGE3FZS34SGZUC8xPugrQ9zV8RALBjTPivuPcjiGt5/02CA+O13yYUNnGwO+xjbWsLy3dW0B9YmJtbwK1r1zHo7eDY6XvRbLewcGwBJ0+fxMrdO/j8330Vb9xcQdPswGx0sL29h5XbG7izsYeGuYzL11Zx8fQsvmfnLM6dXACZnsHmhoUrV5dx+fotvHDrBq7dXsHE9CzOnTqJM8cXMGkBkwuT2NsbgpAJTHW7aDQb3niwTnALw2BjC8Dx3nLcsdhtTAEYcn0EoDXhfaTCHS/lSSDmAYC+/hScldFwYP4hGGfPo/ETH4fR+Efoff6mMk9i44PLT4IuyHny/Wj9Tx9D42QXcLZBbzwN5/YqMH8RxsnzML/3H8O85yL6v/HrsEWnZ1Tj3b+M5oUu6KWPY+/Spwq8clG6iMZPfgSNC0tqh+/dhPPc72DwpZfLbVZDL3QWLb3QqaWlpXUYNXsGoIBDqbepzM2UgjvW3F2crs2e+KQYJZKjiRPgkLDt7+QPJmWcAilq4JrMkO1ATdhxmndHu19G80Ya+DeUeO713AO6D4FyO5iFT3Te/SbozMMgb/kNkKd+SvhbneQH3wfS6IFevw1yas4bE0QzYenEmfh9FrbDJ6TaARu341VyHgLxMgoMdk9nZCdO+tkx/mVHO9jZm4nxgrjxzhZfoXiA3A75kMlfSalyDWEpi4+AnWUHPV/G7IgNxSGbYYf4MbKV/Q04rsYTdvmM/EiIL/bhj+5wZ/yg+cY36nZ8yR+bEF+x8RGwMz2RpbCDXpUnSv7y7rPvpgSeZPv+KJYncifU/a0ivqL8gDdM1fAkmJ8UyxM/TDxDIT4Uxjt/fiKIlzHmyUjx+UlhPEmIp1z5Say/Mp7QiF0HT0rLT9JKGl+yfITVd1jyk4TxTuJHQnwdmvwkyxN/yvlIQfkJ55/OTxTOSaqPK2U8KS0/ER6H0WcvL08C/tF2V/AGsGtOwCDuk5eGYYDAW+BkT3R6x/sRZXjvN0z0Bn0sr6xibX0T/aEN6hiYbLcxe+okfuAdb0d3oo03XbwPNhz83d9+AdevvIbp6VksLJ7A7Nwibt66jfXtHQwJgWN28MadHnbW19FqAAsL85idaeLOnTu49OobuL28CtvqY2npFM6cPo/zx07g1OIRdDsdrK6twbIpYBo4euwoAArbtt1hNNzuIiChey3uZ4cABCAGwV5jErDWIl3omG3X91B/q+QnXk8vfwz9J8KBS971W+j86KMw3v5RmJ//Jdip8pPgZysuPwmPv0iNn/kld5Fz5fMY/NtfhrUSfHcJjf/y/0Bj6nOFLnICgPPSk7DWp4FbJS8MZtU7HkfzHY8GRjFJ52Eca8H50s/BKrFZMPSyXNHSPaqlpaV1CEVmTnv/4SZNhuFOBikBCLfzdZRscTvZmM3mciRs+68D4sVOL2/jd5IjaAfbHDgPZHRN1kb/N2t42/tXaYdz5Di+/lED/R3VpnfA7svwf5fUbxsZ+c4u5zwHevk4yP2PgfzgeZDPXeUmNj8P475zwPqnQe9cBDnlXZCA62/vNL70Wynbcaq+w5k5415/1OG8HR4hvmT+8w1UTzNFl03aQS58QsEv2XjHxIf0iStu/LnzwMUXIiU7bDSR8ToobCd1K9+9/NVE1SMmPnhbeUezfOc8G2ffjnOE++xEbcRLxA8FnkSqU+WHIk+k8SENUNaghPgQ3Rjhy7juKownUOZJqIzhSchW5km8v7xUn0jhhyPEjwp5Iv5AF8ATiWQ8CTUHkIefdAe7Ok8i/FDiCTOr4Ym4FTH5iCpflPITQbzEf/EJHBT7m8STyNUK40nB+Yk08JN4khAgCZdNl59Uz5PS8hOJcucntfGEG9AieRJQJD74MtSMjPwY4/ykPJ5AmSehsnCeIF4yfiTwhB+OscpP4uIjL09E+QhvA/LwO2D5CZod4WG9xoT7PiGh+xGEeF9xXqcRSkC8PjMAEIuiAQMmTHS7s+ivbWCqO425mS66ExN44IGLmJpoo2ma+ObXnsY3vvIVDHd3sUca2JvaxfETTbz1oQcxc2QSX3/2m+jtDQCLYnWvj+X1IaYWT2Px7CmsbDjYHV7CwDFhOwST3VnMHVnAuROncPb4IizsobfTw/TMNKjdxPnz5wEAhmGAEnfQDTL6rAc6GKMNIUCvMQlYgk5ttN1oVuYJ4T6Lgrzk81+G80OPwjxyDiYIHKThCRtfvkGcnajH0XhgAcBN2J/mFzkB4Cas//gzpSzc2Z/7F4UvnhaqL30ZzrsfhTmlfgq99eXSfSKmmXYaq5UgvdCppaWldQhFusdBveQWAByHevmut7znfdv6kweJQu9ThBYulW6804RSWZSrT76jPlTG7XCFaFrG74A9C3Lhu9z37/ypW0+gXvZEZ9h9CvrUE6D3fBTkLb8CfO5nwzsR/4sPgbR6oP/fP4Ez/R9gBM/jJpa5f1Mv7omYQA8I7SwLLZnHV3KtzPEl30HP2+HxTiiT4ssvg30abD5vy/zlZ3Vs/Dg7zQ52vlSOr1Hb2eTe3/3N70BNo7i4qoAnwh31/hMOiuMt405iCS6+An0adJ91bMRfvoPEdiheSuOJ4o7lwLhGmi8fpnCZRrnii+93OU+kZQk8CcVPoIHKPPEPjOcJsvBEhSt8fEh2sI8/T/gDKFdfUflJ1viS8cRtjf/9JPVXEh9jlZ8geXx57QOe8HaZPInyIyVPfAniQzq+5eUnsid2a+NJZknyEz4+pOOblyden3mBUlR+Ug9P0ucnB4kn2b4/FHkCyjU7Z37ii40jO7aA/CQ3T0ZO1MKTRlt42aHJLYASAnepzV34dP/aK/vFS4ImMeAYJgCCY7NHsDw1hcHmDtY3NnHixHF0zAaWTp7A0sklOMMBLr/yCp756lexs74OyzGxvbqOlc1dfOs7r+D0mVP4h//gR7C2toFb129ja3UDaAA7gwEmpuYwMT2LoyeX8La3fy+++Y0XcOfaFVy5uwzHbKC918fe1l2cPrWA2dkuFhfn0aYTmJycdNttGKCgcAiFQQwATjDA4S/FE4BSAqsxIexoajR8VqXjyWgQxPwIHrGExnseR+Nt/9nodzKdbdDLn8bgEx+HTQDQD6L9vz8Oc2L0W5fuhT6I9v8mej1B730IhgFg5VsYfFvheABYfD9aP/1hmCcX4HbpAHTlaVh//vMYql4DAD7A/4ao5xuexvDJVZjvfg8Mb5GRLn8e1u//Mob+QuwSGu/7JTTf9ijIhNeGq5/G8O6jaD163v1zuN5vg+LNj6P9k++DOev1qbUN+saTGD7xLwQLu0F9Cv3fa6H9sx9RWuykl34H/U98KhPGU4kYycdopZJe6NTS0tI6hDK6RxFcwSRwk3P3yU74eWBo91/gW144TSUjg7cpDVUHfqpD/IPYCxI7bibA7TyW7UBNfiKLXSbgYfMEjIc+4LccAEjnTSAPfwhkaRbY/QLok6979Qa8DO6gHL0IrP0voK99AOTi+2C8k8D5Imvm46OnOT/3Osj7gj0W6FB2nZgy0290BsYq+hsjSTvsJWVotEceCIdTKsEVQo/UBMZfFh/BOzSBne0hOy5e/Lhi3czbodGJluIwDYcv57HwBb/kj5DZXikaoJgWy36jMbrjWRIfkXgSlJCOVixPQrZQMp5wZUwLsv/GntcCIU8in2J5Kfl4gzvOl6gDhR0quUICT/hHDGQ8YfXKn6CQ8SSZH6o8ie7u5hXDD9kHNCNPpN83iTxJiBdJc0Ml10fCFyIBJzsjHU8i8YG8PInhiIQnwZbH8STqruAKOXmSOT/h4kuZJ6ofZ5H7SA5/OU/UKi4/PymOJ5EDIpLxhLfz86TS/ITrkzhbGoCyAxITxwSejHF+Iu4gri/Kyk8S5zteCwriCf9xR/jlkTLnJ2o8Uc1PUv+GON9cVZ6I8hHeliqGH6XnJ6w7S8xPAscBYludJ5xdG09iOCLhSbDlufITYoASU/A+gUU6AGULKI57TwLUe5rTcS9rGLApgUkB2zDh2ENMGsDJueMYnr+I5197Df2Bhb3tXRw5sYCp6Sm02w2sbK7h9sodbGzu4tTJe7C83Ye9NwBpt9E0gNnFo/iRn/hxdJoOXn3um7h65Rpe+84lOHs2ttY2sbc0h5mTM5hcm8bVlWWs0QZe/M4rOHn6HLbawDeefw6k+zCWjl7AxMwkWs15wGmCGBSEENgOBaEUxKAwCAG/UETg/t4oIQSO2RJ2KDHM0Lir5ifBWiL5yP0XYUwA2Fl1fyr0/o+g+cM/CLK3Cufy06AbLZD7H4Vx4YNofWQVvd/9lB+mwaYE/QgOK8/eSEABMI8tuO3eeDk+dWFa/CDajz8Ocwqga8/Dfm0VOPVWmCe+H80P/QHI7/80Bnn/Eq3xEJo/DtAbX4b1EmBcfBTGsXeh+aHHYf3Lj4MCMD/wz9F623nA2YZz6Wk4wwWY596P1skBd7EPo/PffBBGewB67cuwbwPGvQ/BuOf9aL7veVi//1R8W659Ev0nTqLzoR+L/4uxy3+GwSc+6f7EVNmKME4rr/RC55jIAYXlWBg6NoaODcuxYFMHbH8bAYFpmJgwW2gbTTQMM+GKWlpaWnKRzhyCO9ZGk0EAoF7SFtgh6R3H77AFIaAOBYyAHZnpiSTZYcoyMm5nOb9DlM0S8/5mDXzGctelXN546nEYpySurD8F549/Ck7wBMrcoNEJLaXu6595AuTej4K89TeBv/2o2673fgCk0wP92j+Bg/AFk+6jirLZ0Uts/DjbbyezuTI47io7HhPK0aTB+5fN5kRtZwm9FwhC27+q4rjzO46lO5DFO5hlO9iVRRNK/tiE8U0t5frYOHN2yvFOtaPejysvLPw7BAE7FD/i5jNLyI+U453riUywNgd5Emh5hs9zovLGl3L9Mp54J9bMk9FnM/D9E/JPxpNRh9XJk1H3JwTB2PJEwo+KeQIuvmQ8ETkm44lrVsMTPx6oLD8Zc54oXj5TfiLih85PhDxRVtz4io6tOL7q5kkkP+HjRcoT/l2F/ETED52fKNYfn5/EPtFZJE9inyDm4iXknzw/qYYnYX7w+Uju/CTir6TMqsT4GtP8RJknXH5CHXeXuqADKHEX4thSNqXUX08xAFAQEIct4zmAPUSDOCCDHv7mz/8Ml177Di689a043u2iv7UNc+ko2p0JkEYTFBTthoG3PfIWHOnO4KVXX8O1W3dw8uw5nDx9EieWjuLua9/CI/ecwP2zbTwzPYnh+irs4Q6Wb97E/fedAZoNnDl3Hh/+mQ/hpeVlvHL1Ci7edz/OHVtA7/ZtzC1Mod3pAMR9irPd6YDCvW9OCcB+LohIusu7kwVKDFEggBIDNHKTJtyLYp54/9V6N8xHAoE7+z1ovP0H3TOuPgWLUuCV38Hwib+D/fXPuHURAiz8Y3R+4f0wTn4/TPopWIHrh/kQqJcG3w8Nc0TG1LTQJ5nM97zffbrx6ifR+/jv+Jc0P/RHaD98Ho0f/jAGL38y1TUjardAn/557P3hl1178ZfQ+cUfg7HwEBoAhvgwmg+fB7AK+49+HP2veectfhDtn3scoZWPxx4FaQO49sfY+9cf918mj7wf5k7CIifTt38d/SeX0PlRye917jyN4e//eoV/hleeP2hlk17orEkOdWBRG317iL4zxJ49wPZwD7tWD3vWAHt2H0PHgk3dj5dBTEw1Orhn+gQW2zNoGBMJNWhpaWnFqD0DSom7AS6wNdVNwYk3DxjtYHNzM/Yl7JXSnbUI20y8GZjQUBK2wezg5fgytnqW1vN29EkJNuEQ75j3tPoU6I2NsAMrT4Je/xrolSvu8UEH/DaNdsCOLkfcvrz7K6CXPwBy/0/A+L6fg/OVD8F48GFg+ynQz3lPhxod/xywYUoqISmVn4gYlX57AaT+zZrEBsYnddId47Jw48tgHEVKNt4x8cI/uZewgz5ScvElLIXn8w5wjnni53URW1StvLWC4SJiWxYfgQuw+IpcOG7EZPyQ8YRTan7wZVqeeB0aiie+jPCEb6BCKYuPwMKNNPwC/ROJj9J4IomPGJ6EysJ4QsRmAk8khys/QVkUTyLxkpYfeXmigK94nkj4UTlPEvgikeoT98XyJFrG5ydZeMKUxJOwLeOJ/PsjIT74Mm1+IstHSuNJWAcyP6mAJ7Hpkby145ufjDoEcSpsfkM8n0hCfOj8JFt+UhlPiNgcN55I4iN3fhLhR9gOPuGG6NljlZ9Iy7gRk8YXuOPFin78qOAacJ949O5DGMQAIQSUwPtJHPcpTnin2gQwTArDsdDbXMWNSy/jex96M37gPT+MdsPAK69dxvXrN3Dy3Gn0hxYmJydx9Og8unSIhuPgfX//+3Br+Q5ef/0a5s1dTOzdxeDWALPtBvp7G+iaDpaOL2B19SYuX3oZj37Pd6ExNYlOu4PjpxZhTxBcOHMC80cWMDXRQfve02gQB5u9Pigo+v0+Gs0GHAJQg7hjQdw/vAtHvhxFCADHkfSp+5SrrDtD/CDRbiYPfwyth/lrDkAvfQqD//vPPJ7chPX1m35jyIV3wZwdAH0ABrte8KIQxBHXwAQ5O1sAuskHejJPLQHYhv38aJETAOy/+Bbow0sgxx5FA5/M+ZueV2CzRU4AWLkCugdgouu6xBYvV57G4GuB01Y+BfuNfwTzYsCfb78M+iOPgpx4Dzr/1RaGzz4F+9JN0Gf/OFUb6ed+DoNjf4D2286H37CuwHri5wJ/UrcK0eRDtFJJL3TWpD17gJX+Bi5v3cJr2zdxdfs2bvfWsDncdRc77YG30Ok+LG0SA6cmF/Hf3vtudObvxVRDL3RqaWllF2m0AVBQx53Q+IuaFKCB1H705zrCCZ5w0gH4iZho4ZI6gjycJpQxYg+Shtrg16e4oz5uh2vQx60vwP5PvxWTCHM76v02jZ5KCDrNdhDSp54A+f/Ze7NgSZLrPPNzj8jt7lX31q19767eG0A3sRMQJUgAKVLLiLSxkdHGNC+SXqB5Gc6LzGZMfJgnSg9jgsmGMyYbG5NJkEgDJVGjkQBBFASJBED0gkbv1VXVXXvdqrvfvLlFhPs8REZkbB4RmXft6jxtfU+dTA/3c/yc/PN4+vGIi38H8cLvwMznEVMd9E9+KzzNKWbm4teF//IHHhygCuQEj/jRHzfBk+8nOJly3z1ZP2SkTc3nw5BxxVpu/MA99HWPX26S809QjP4MrMCXwY8NcTltQLa95taBnwNzy/m7dGV74oeMogp2ArnMCi3H3mH8vVMqhSdhXJXFkxyeEU+DEzp6MKdR80MHZ9tfGB/h6+X8PSye5OJHIKcANSIn4+XQ4kkyuvcHT0z4MVB/VDwx4MfjhidlronyIci0sZOPJwV8SDxJ4UfRib8UnsTlXPzIxBP6btvf/CTmgGG+Lw4NnuxSflIUJwXxlYsnkXgy2WvCEw4lngxJw/g5es2I44XRHcWPT3p+UhQnO8lPsvKRxwBPggb7gSeDeBgNT3TCXhOeDPcM1t3HEzLxJD7jhTQMjkSv6XOhHHR4e9YB2dpBiTpCCBARjQQZe/gSpTxsBJONBtMTk7z06c/Q3NpASrh8+RIPt9a5ffsOzc1NbBTzR2bZam0iez3qVcmzVy5x5eI5NBqlXISwUa0m25ubtNsdPK1xlMJxerS2mizMTONKwezMFI2JOltbbbAklYpFpWYjPcffqFWaRr2OZdtgW3hCopRCC1CAlCI22/5vLxrfXxpb9SITFplozw0/78Od0O2Pc+t7eOFmWA99+xXUzf+AdycSL/PfoPIbfxP7/ClEcuelnfBlwq8mfxeR93AFOImYvVIinJ6HSv+fyXu0Lvf8mZJDRXM2tVfy9ajW/DFUL9XO3VimGt24Xf4W3T+cp/aNryM//7eoff5vgdtEXfs3uP/6WwXP6IyT93u/hTP5u1Sene8PtoL33d8q/2zT3aL0j4Vj2iGNNzr3mTyt2HY7vLpylZ88epePtpdYaq+x2t1iy23R9Rw8rahbVXqeQ9vr4mnFkeo0pxsLzFQnaVjZD5we05jGNKbSZFUJKlfDClYduwMtg2euDX4Yy1pvEfCIkJQDrokk1QmKL9xF4ks/PbLoJ5xFFe2pk5wB7w+Y/wysuAb+9X1ZZPNoNhg70Tl40V90aCLP6vxvsWZm/dOc37s1eD82vkj1ExsvochIz8CKtDPzvhdSFbDmdVoQX8EbxoLfPEoGW6wkPiIPRozxzBMyGRXuxngxVDwPpj1oH2iQkOPhaTwhVM7+EhdkVZRHePTENmTER6SyPZeb4iOroj4mx01Lec9kbyn7k4BlwpOkHImXXcOTZHwFIybkAjxJ4kjK/KzPU+7ny4QnCfwowJOQl8YT4nIYlqaK+mI8KWevwfxdxhP2DE8SPGHv7uNJ4oUR8SR6Am+v8SQ3XobFzyTF5tuEJ8X4sbv5STGepPDDgCf59mbxZAcmPEnKu40nH6f8xDyhe5afhGrtcn5iBKaiC/p06PKTNI9qPnR+kktJwCqBJ8QdNM5PCuIjD0dy8cSEH2k8iWr6iclPwhF3OT/ZNTzJ5geSn6S8sov5SbJDt+f/rjPoEYCa6tIRDd/nCILfe4QAIfxN3EAXqS2QAk851KoN5k+cptt1+eD6dW68/wFHFuY5c/oUHgq33aE2WQOrihAWjuPQabWYrFaZmaiD0LS70HM0yu3hdXs4nS7r15xs0QAAIABJREFUq6scWzjGpScvA10qlsJzFapnMdFoMDV9FCUEGg/tOTjdFspxwVNcufwEtrToui7CtvzfSYTw22uBjD4/SOj+HGjQmorXTkxqPxqU2/9IxSfeiCeRmAfQD38b5/dJ5Z9E2tu/+k0ql+eh/RHeO1fBBc001vNfHPQlIq43YWl/gNRvTVl48t03Ub/0PHLhBarPQjd30+4tcPr/lIm3Fqr+MKoYsnZMva4/f7KaMsmeXUg11z/6bTo/+m0480XsK1/E+sw3sJ7+61RrW7j/aJjb7N7H+b//NvzN36VyCbzv/m26P7i/Q2NGIL0vTwL9RNF4o3MfydOKptPmWvMe//H+6/y/t3/ESm8TR3lIIajJChVpU5UV6lYVTymU1iitOVaf45m5c5yZWGC6Mj7NOaYxjWnnpIOVWGSHUfWTc6V0mKz7iWLkfdFPQCIVrloASiOkiDYvzNVj+hBZDBkrUNMVp0qBlLtU0R7ydFKnI3+NC9l4YzJPdE6eR2jtF85pBs/qnIic5oyuaQP7h1o4i3DO4nL8gqEqYPMqXg3XDRYJgbEicG9MLpVBx+wdVLCH85OcL4bxd8mK5mRFezQeMMsxG0ay18DL9JHJTfERkUepoE/y3IrYSBxGcSjEj4Fc2t6I4eXwJOh+RPwoiK/gw5+ucA/wQ+/Mv2mz83mybUF85cZHRB7pRFaJCvqyeFLK3qT5Ovzay8WT0b4/dhdPzEaUt3c/4iuNH/TdtD94oqPxsat4EoZJXygRHyX8vfP8JCNeDjGeDCg/P9k1PCmIpx3lJ7n2mvBEp+SDwJM9y0+GJWN8mfKRYLxPSn5S4O8i/CiIr09MfjLKib/S+cgu5ScJ+8b5SYlrisZLcBOe7Fl+ktmOwWdvp3gStc9pQ20q8QbUvQ6dfpf+vqDwb/UKKCEQUqDQCO0XUcn+xiFWheNnztHcbvP+O++wdPcOSw8e8M2/8HXOXTxLo1ZBKIXjOHQdB6fn0OuuMlWrYGkHu1oB5aIR1OoNJicnWLp3n2azya/85b/IuQunqVRtlNdDUAEh0Bp6vS5KSgQKoRyUp1Cux/zsHBfPn8cSgqpl4SJ8fBLCdye+bcn58WddUHdb2ZPq+rfFjb9VJj8ZDFKEJ6LhH1BSb/8m3X/R1/mZ/43GS/gnOjXAD1Db30Q2FuArwA/9QBC/9EVEIxzKZ2XwhG/hvPNL1F48ifUbf5/KP/qtxG1YT2L/pb+HNfl/0v3nr+LdvY+9eBLr+b+F+EHkGZ2/8oJv7cNXd3jb2hL0w1fRX38ZsfAy1c8Se0andTZ5G95fw/7yVdw/vgp3foR750e4f1Sj/ju/hpy7kOy5BN3H+b/+crjfexCkvf17GugnhcYbnftIW06Lq5t3+L2PfsifLr/HSm8TVykEULeqXJw6wanGPA2rxo3mA7acFp5WNOwqLx69yNdOfobZ6iTxWpIxjWlMYxqVhF/sGC0l7CfY0crE4OeZFPb0KwEH1WUi7CbGExRek1jYiH7CX1RRnhpO+AvZ8Jk1fZ2zn2FTUOGcapccf6BwsqJ6UMIaYUIM5ifaXeRkBqv/C/qP52D6pn+aM7ZYjozed0/Qt7GANdTSVHFavsI5GNvvfzDhSdngoZgFmRX8w1Ci26IKcpN7RD8As59ZU6KiOVlRn7iORHyR4kGzSLz4ExSXi6Y1vaaL95Y1PDnxkZRLVzSbK+cDPw+KJnIMSeFHOTxJTUDy4zgCnpTCj5J4YowPY4AGChXER9YPI0meN127hieUxpMYz8GTmFwaT/LtTVKyexOeJN0Rw499xJPsD/Qu4ImBTHgSUwfM4Rf6cXQ8SeFHKTwJxP3Bk2wtcvKRsvhSKj/JiJf8L74MA7PtLcKTVG+7hie7nJ8YA78ITwoCpKDb4fKT/ceTPctPDLTj/OTA8CTh0N3Ekwil4iPJY2qMiB+HOD/ZOzyhNJ7E+K7jCflkwo8CPEm641DlJ3nxsVM8ycpHkjKYw+9xy096rcwQm/BarPe9FcxJgCGAv8nZt1VI+vEuwLY5fekiDz66jlYuVVugbRsLzbG5OVqdFk6vS6e9zUZzi621NaYqFZrNJnhVGkwCAtuCysQkE3OLrLV6fO6rX2Pu+FnajsLTEjwLpTSOaGNTpWJLPDRaezhuF0+5aM/lsy+9xNT0FI4A4WlsS6KFxhN+JiA1cVDVGv/5m4CEidSJzv40e10/mkvjiUh8Fs1xErzv3btH5fIV5Kf/kPrUq+jKFeTZUwgVNgHu4925j71wEuvP/1Nqp66iJy9gPXFloHVUoRLk/ZN/gPPNv0fl/Bep/M/fxb73PmppBeYuIE9cQUwCy7+G5FW8730H78o3sc7/Dep/92XUjRU4/TzWiXn/eZXfH+aE5Kj0/+D8/OvUPnsB6ze+S/3lV1HOPNb55xGyBwxuzSz+6q9T/fIVqn/2I9T9q6jtaeSVl5GAXr26D7ruAak930r+xNF4o3Mf6U5rmT9dfp/XVz/gbmsZDSzUZzk/ucjJiXk8rWi5HR61HrLc3aDldqlZFZ6ePceLRy5xefoU9Yz7r49pTGMa02ikwx9zgqpNdH97L2dRNtgAzeiOyOK0331sfZRxTS4vTTqR+Jsr6mM8r8KVeD6Zer8/Z9mV1v1rtI4tuAad6dg86x9+M2FP1oQlKoezKlCTvN9+pBMxkRnIlEfZaBnZv4a+hh0v5OYK+qRcyt+mCntjRXV0TqPqJ2WTvcEPCQEF/kvIw1SwJ3np+BroriN4ksSXoSkvrvYBTzIr6sMTDiX9bcKdQk4iviJzGjU/mNiUvckJypZj8bJneGKoaE/hyUDNlPpmN8X5MLSj+ErOuxlPjHwP8CQWPxEFS+NJ2DAfTxgFT8rgSjI+kvgRTPuhx5NkA50Yb7fyk1Hjy4Qnvjbh95PRXkN8HKr8hGL/JuljgCdJeS/xJI0fQ+JJSBnxYfTv3uUnphO7B4YnI5MhP0nGh9G/O8WT/pz1A2W38pODwZPh85PHCU9G+/4oiSfohNo7zE9CCvwYtN2F/GTHeDIw4iDwRHQ2M7udUu3w30IEMRD+A0uDpf3NTaUlnlYIu4LjOhw7d46b197Brtp4bg8pK7z75ttM1eucPn8az3ERSDabHZrbPWTDZau1jSWhWmtg1+pM2BVUpcGrV19npacRDzd47w/+PZfOHOHJs8e4dPo0s0fmmJidRAqbim5QqdVQnkAp8JwOQnicu3ieBy0Pz7LR0vJ/WxICC4HUgWeCncP+xAjVxyfNpLedOdGi1w6xajg8GTihCD/Uv/m79Cb/PpUXLyCf/rr/LMmffAf10l/HivjS+6f/AGf6f8K+eAHr5QvQXUH99NuoT/91rEbc3+XoRzjf+h/Q3/g72J99GXnqZawz/be276Ne/Q7O97/tz9ryt+l+q0f1N/8G1qnnsV7Gf1bmwx/h/tvfwtmnvUPv936Lnvv3qHz6eeTlP4NUPfSH36a3/kWq/TkB0P/12zjzfwP7iQvIpy/4d9x1m6j3voPzj7+9P8ruNrkHeZ708aTxRuc+kdaaO9uPwk1OpRWL9TmuzJzhhbmLHG8c5Y2161zbvMv1rXsorZBCslg/wsvzT/LM7HnmazMIRPFgYxrTmMZUhsSgYk0CWgukJOOHsEFlrCQ77xaEOX+YQ+cVNGoGFcnhm/1f/vzxB3J8oZOzEkhUHpsqUItPZAXdxLPJAH9Dc0Q+9/89qP6LoXdkHPPCJo73IjmRBQqM9IxOEfV/oqKRogp7A4+YNbDF4E4jZfQQO1IT8b9pQqOBHalsj8l58RLGVTDNSTnmnTTPDtN4+CYsznwhGYDGKxIXZDkoR2PTMxrTFc+G+EjFUwbH6K1cPMn4eKRtz8KPzIrzbD76M/b6GmTiSepTbOY5uBJtF1LWBObgSaqHIkBLHDEw4UkwrvkEhQlPivGjLJ6kfhdLUQ5+mD6gI+KJ8fumEE8K4sWgbown5ijzhVTAma4YDk9S8cFO8SQHRwx4EtV8mPwks4cd4snI+UkivkrjSdmPc5b5FIe/GU/KDbz3+cnu4UmqQYpMeJKUd44n+5qfJOYkTzYGoKlBYeJYgCeHOD/JnqDEXOxVflK43ulrsEt4kvy4E395QCPnJ+XwpGx+MvQzxJPqlsWTrHwkKRspBz/2PD8JpnMP85NIO8iWy+NJQj4wPMnBEQOeRDXfaX4i2hsZ7wum6YWv6r59Qvj2SEBogRWYLQRC2jh4uFJSm5rk3MVLdJtrbK+vY1cnuPb2O5w5fownn7iI0g6bjovjQbPjUhHQbveYqNdwPBcLga5PcGdlk3/277/PSktwde0aTrfD3QcN3npL89TZM0xO1Pj6L/85Ls8fx+l2kVLieS5SCAQKrTU9zwO7hqs1tm3heAppCaBvBwIlovYHPvI3xKdVr//8yfiESrcd83vZ/MT53W/gZuJJVnzcx/3nv4n3zxOf0n/9rVD2/f4jnN/9Ddykd//lt+L48fu/Sev3EqYY8eQ+7nf/Lu53Te9HaPk79P737+S3+eH/SPuH8Zd6v/PlSJQBv9fXL6Rv0/1fszYfM15fAO8P/jbuH0RfPEnlm78O9ND3vtfX9Xs4//h7B3qr2V0n77Gy5lDQeKNzH0hrTU+5rPa2eNBeA+Dy9Elenr/CZxeeYstp8+7GLV5b+YAH7VWUVmhgwq5zamKezxx5gjMTC5F0YkxjGtOYdk5a9TNwNKqfECrlL5iDZ3UOqjf9dkHlmv++f71OZPRaEeyckrF8CUYn/u6gktwX45XlZZ4pohRIMVylcpAdhnJ/9RlWtP/kL+H+JFSxYGUbMe8PP4f7h0mb/yHe7/zD5DTkcv1PzoU1ikONn+guaJCSg3HKVDyXqXgs4INFQ/9vsJrL0n0QngxO1CXksNeSfk9WHBsrkLMrmE0V7KWpwN+ptgX+HZpKjxf4OSEP6e+hKurDuOqHRYgrETkWP9nqB1Imfgzp7x2dyCTQOYInUc1H+DwX0k7jq/T4JjzpX3jAeBIt0sm214Qngwk7SDwZTH9BEBxaPDHgxz7jCYn4MuFJlmEmPPHF/cGTMB60IT857HhSsvuR8pMs/BjnJ5l4Upry/JvVdp/j66DxJJWfJOPFiCfJd0vkJ1n4Mc5PSo6fn5/knujcTTzJPUGciJeYfeb8ZH/wJI4fyXxkx/lJyl4DH5UK4+uQ5iel8SQjP2mtZk7AlBz4bNC+/y8hEFJC//ceoUFpjdYKhMBFc+6pp7n+wbs88/yLfP0v/DI//M8/YGX5EZYlqdgW0pIgJF1H0dQeG80W1YqkVqtRbTToacXte/fYarZwvAqtbpdGrcrD5WVOP3WRr/zZr3Hs6CxPPHEez3GpVmyU0wXl4rldOt0ePc+iJwWOAt3P0i3LAvwTmxLhb0zGNsM1ItjkBiaFR3+nM07dpv8bVuYsR+erRH5SFkdKxhdJ2YAnO/qsHCo6SeW/+2dUzvbQD++hHn6EdqaRl15AHqnC1o/Kbdh+TEk73YNW4bGj8UbnPpBC0/F6KK04Wp3i9PEXuTJzmrOTiyx3Nnhv4zZvrX/IUnuNttdFCEFDVnlh7iK/dOJTPD13jiPV5EN4xzSmMY1ppzSo4fQXVEFSKAjzcAb5eLS9f/mA+2uDQCb2vjFd18SOiJpOuIXdJXlajUD1vpY60t58UiIwsOiZNeWO0GSt2AJ7g/GCt5NyenpiaXvftmFOUMZ46RMRAx7MuN9/ZHEUlU0eKlTQtIgLh4l1Z5KNWuS6KfB3TrwkT+4VVNCneCK+MnlevITjJQzrUyo+knLWsGZtM9wlsmVTfEQ6COIr1XGexwz4kZINNDR+JHkWnoTvZ8RHf0Jj8ZTk+4oncR74O2xOQt4zPDHERw6exPiu4YnIFgvwxNC89AnK3cKTVLwMix87xZMS8JWPJwb82Hc8KcAXA5U9cb+7eJLmu5+fBDRcfmLCE/P3R0F8JPmw+YkpH9kzPInTY5mf7AOe5KZHZm0Pb34ymBDyaFfWNyEP/FuEJ4l4GucnxfnJvuGJyBYPG54Y4mPH+UkKP+JyZI/KlxMzdpjyEyPP85gxvki0z6bkx09uPUK5PbQdf8RZ3ZJM91ZpTxzz4yA6jgClFAiJBrTwEFogpe9/7Wna1RovfOlL3Hr3HTbdLndXH+J22ywt3WPq6DQTkw2mp2ewrRV6jsP6RhNbuNSqNvWJGtNVmzlLc2GmwcONDt2G5PyFE7z4/FN8+unLXD53iqmJGk57E2HV0QIUHp7Xw3FaKCw0Nh4SYVWwEKBVfDZDk4JtjX5sC/806GRrmZqwSJJQDqK3jRCpaM6Ip49XfvLxpPs4/+pbiF/7a1jnr2CduOK/7DbRd76H809/m8f3KZYaxhudu07jjc59IP9Ep8OU3eCZufO8eOQi87VZNp0W3737Cm+sXQ9PcoKgblU4NbHAF489yy+f+gXOTR4fP5tzTGMa0x6Q7idPg4pDoUVkQZFcWiSu1oncPJIphlcmVxgZKuTyfO0zFz7+GyUr6vMqXIu4BnNFfVDtlzAkLAE0yIbpCSwZTI+fcQ8OUAVygofX9XmZimZyKgojkVG0URu308CHIeOKtdz4gXvo6x6/3CTn+3v0Z2AFvgx+bIjLaQOy7TW3DvwcmFvO38NWpKbiI7fiNB9PUrRDf++USuFJGFf7iyeh+Sk8ifPC+AhfL+fvYfEkFz8COWyWxJOMeDm0eJKM7v3BExN+DNQfFU8M+PG44UmZa6J8CDJt7OTjSQEfEk9S+FF04q8gP8nFj0w8oe+2/c1PYg4Y5vvi0ODJLuUnRXFSEF+5eBKJJ5O9JjzhUOLJkDSMn6PXjDheGN1R/Pik5ydFcbKT/CQrH3kM8CRosB94MoiH0fBEJ+w14clwz2DdfTwhE0/iM15Iw+BI9Jo+F04b0VxGz51KNVvoLnN74jhSACiC048C5Y8l/OdzIjQI7W8OaIlnS9A9GseO8/LJk2zev89TTz+D43Z49e03+cqf+QpCWEw0qkw2JFurHh0hWN/sULHXqNUs5qYnqFmKl557imbb4/ipM1x56govvPAcUnt4vS4TtQqe59LrOmjlYVcU2tlG9VzQgi51OqLmz6YAtO3rDoD050FLhPT6r4l+LEk0ivn2w8SE+hMsOhsIp10+H9lJfnLQePJxoTvfofd/FNw+9zEk3esctAqPJY03OveBhBBUpM2zc+c5N7XI2YlFfr52nf94/zXeWLvOo856eLtaW0rm6zP8hVMv8eXF5zg3dZyqrBy0CWMa05geQwqe0aARSEFmxVpkxQoMbqCdzMsEJA+EEm2sIfsARfS12AJnUIEaH3HAUxWmhor21EnOgPcNLf8MrIQssjlJ2URDL2QTHZoqzPt8pGdgRdqZeeDvZAWsWf0grw/eMBb85lFsfgM/Z8iDEWM884RMRoW7MV4MFc+DaS+Il3h4Gk8IlbO/xAVZFaARHvjbGB+RStRcboqPrArYmBw3LQtPcu3OtT8YKFAoMWD2iDG+e3iSjK9gxJ3hScr8XcOTBH4U4EnIS+MJcTkMS1NFfTGelLPXYP4u4wl7hicJnrB39/Ek8cKIeBKtcN9rPMmNl2HxM0mx+TbhSTF+7Hd+ksIPA57k25vFkx2Y8CQp7zaefJzyE/OE7ll+Eqq1y/mJEZiKLujToctP0jyq+dD5SS4lAasEnhB30Dg/KYiPPBzJxRMTfqTxJKrpJyY/CUfc5fxk1/Akmx9IfpLyyi7mJxkdiuYSzJ1KjbCgtrlt6Mbf8BS+0hljelhYlSpd5eFYNg/WNrn90TW+8tUvoTyFUopKvUp9aoKtrSYumu12F7nqUrEt5o8cQWjNM08/gVWZolKrgdvhw/ffY35uFpTD5opidm4Ge3IWLInSLhpQQtJzNcqy+vMvI75IK5sFIUIL5t0m/V3e2Juys4EwAJoRT/JwJatdKr7MeJIbHzvNT8Z0uKnXPmgNHksab3TuAwkEDavGicZROl6Pttfl5vZDbm4/ZLY6xXxtlulKg4XaDPP1Gc5MLPDS0Stcmj45Psk5pjGNae9IR57Nqf2FTPDszeBZnWHypvHlaHLZr4ALk/RIhZoWgEovfjNUCNtoIoshYwVqQcXpTivaQx7kjf7fQR4ZkXcj0dQFPNm29MJZhHMWl+MXDFWhmFfxarhusEjo/91JRX3M3kEFe/BmYbyQ5+/R4is3PrIMy/Nvrr0GXqaPTG6Kj4g8SgV9khdUxJKIrxh+lKl4zTG8HJ4E3Y+IHwXxFfx4ma5wD/BD78y/abPzebJtQXzlxkdEHulEVokK+rJ4UsrepPnBd08Bnoz2/bG7eGI2ory9+xFfafyg76b9wRMdjY9dxZMwTPpCifgo4e89yU8OMZ4MKD8/2TU8KYinHeUnufaa8ESn5IPAkz3LT4YlY3yZ8pFgvE9KflLg7yL8KIivT0x+MsqJrNL5yC7lJwn7xvlJiWuKxktwE57sWX6S2Y7BZ2+neBKxTwNi/S6c+Uzq4qMVqDlbuNZ0ug8hgGCzM/22JyyUBi0tJhaO8+xnP48WFl/+xV/Cc1tYlsSq2Nj1GlajSmurhfQcXKeHJdY5Nr+KXanxaOkem80O7VaHbqfDkZlZpiYmqVWrOMqhMTnJ/LkLPPXCszRqAg9QSBwt8GQVjUX0trvBNuTgNyQdszp4v+psMScVWSTaa+jggxWbsoPMT6KfrR3kJ2P6WJHutg5ahceSxhudu006Aqb9Lw8pBDWrQs2ysYVgqfmQTmuVuV6Hi9VZjlanWKwf4eLMSc5Mn+T45CIT9VnkeJNzTGMa055SP7HtV6RlykTy7jCh7L9mrNgfdJ+VOIek423LVoCmhuvrGj6zJin3/5aqcM5oh0nOLIGPGpyQSyzcTdMDxE7MRmVzRaCp4rR8hXMw437/gwlPygYPJQxKKpgXHBmU6LaogtzkHp8H/s6JD+OJq4T/TfERLlyTPGhWEC9F05qc3mRvWcOTEx9JuXRFs7nCNYonuugIRBk8yaMs/NgNPOn/NVa+F+DJ0PgRKlSEJxk/jOTgSWq6dg1PKI0nMZ6DJzG5NJ7k25uksidSku6I4cc+4kn2B3oX8MRAJjyJqQPm8DNWsJfHkxR+lMKTQNwfPMnWIicfKYsvo+Yn+V98GQZm2/vY5CfGwC/Ck4IAKeh2uPxk//Fkz/ITA+04PzkwPEk4dDfxJEKp+EjymBoj4schzk/2Dk8ojScxvut4Qj6Z8KMAT5LuOFT5SV587BRPsvKRpAzm8HsM8xOxcQ/RWkNPHEk1P7l9i9v15xIdgOjbaYpPgQCriuMpsG1mj5+C2gSbzQ5zszXsjsCyNFZVYtdreK0OiBrNdpOJusfSo3UWj59ACI3QPZ68fIZj84scXzxBtVqj0WigpEQh6NgW1XoVpbooDR6SLhVcKmj/6ZwDnUL9B5qGDbT/rgZObH6UOZmiu4XVWkvHQTitJfITcuIjqe2O1zcZ8pgeC9Jub/x8zj2i8UbnbpJW4PXA84/ci0odpEUUvOrAZWGxKOr8smdjbT1EenewLZva5DFq08epzp2F48/B1DGoTh6UNWMa05gec9Jah8uV4E9cTi+u8jvs52IlF7bBNbH3knyowSNLp5yK+hjPq3At4hrMFbBkV8AG86rjctpeEeocl+MruR0/Uy/vRExkIZopj7LRMrJ/DX0NO17IzRX0Sbmcvw0V9saK6uicRtVPyiZ7wwDrkyFehqk4TfLS8TXQPVjcJytOdZZviigvrob29/CDZ1bUhyccSvp7GDyJcSiHJ9pgb3KCsuVYvOwZnpSsWI74NaW+2U1xPgztKL6S827Gk9G+P0bDk1j8RBQsjSdhw3w8YRQ8KYMryfhI4kcw7YceT5INdGK8cX6y9/kJxf5N0scAT5LyXuJJGj+GxJOQMuLD6N+9y09MJ2IODE9GJkN+kowPo393iif9OesHym7lJweDJ8PnJ48Tnoz2/VEST9AJtXeYn4QU+DFouwv5yY7xZGDEgeGJ20Ou3cbL2Og8pZrh7WuDzc0yv+9IwNMapI2nFVJWmTx6FEcKLNtG4GFJRbUqsSwbJSy6vR5SSag28LRFY3KaT33qUzxcesCJY4vMzM7RdVyWlh9y7MQpFk6exK7WULUKXaeD02mjlMZV4Igq2qqhkUjo+yNbV9H/PUKhfSdozaK7GQXKkMvtZbRyd4Ynw+DHKHiSws0EH9PjQZ3mQWvw2NJ4o3OnpBx0ax29/QjdfATNZbTTBgGiNoOYnIfJeURjDmpTSGnTsOvU63PMTy2iPRe9vYzeXoWth/DoA3TjCGr5Bnr+EuLoBcTMSURtCsYnPMc0pjHtJgmRKOBOVsBGF7T4DfsvRvNMrf3HH0QLGAW+HC7G+/LguvhSR6RKugVa60h+mlQkgycqj00VqMUnsoJugvcHGse4KMejFsfkwoVN6oo4Lxh4pGd0xvyeqGikqMLewCNmRS3JdKeRMnqIHakRxROaCGzTM2uM8RLGVTDNSTnmnTTPDtN4+CYsznwhGYDGKxIXZDkoR2PTMxrTFc+G+MjBk9THPYtn4EmmnElpPMkHtjQf/Rl7fQ2GxZMkHxJPMiewFJ4UDJhSIB9PgnHNFdAmPCnGj7J4kvpdLEU5+GH6gI6IJ8bvm0I8KYgXg7oxnpijzBdSAWe6Yjg8ScUHO8WTHBwx4ElU8zw8SZub0cMO8WTk/CQRX+P8hIEcU2vv8CTVIEUmPEnKO8eTfc1PEnOSJxsD0NSgMHEswJNDnJ9kT1BiLvYqPylc7/Q12CU8SX7cib88oJHzk3J4UjY/GfoZ4kl1y+JJVj6SlI2Ugx97np8E07mH+UmkHWTL5fEkIR8YnuTgiAFPoprvVn4ilj+E058iGQ8NG45v3uDh3OX+byvBfPWbGfBKaLAQ/mOOhETYkrMXzoEtQCgsCZaEasXCsiRdx6HnKpztNoueRkuLR6ur1GoVqo0aruqhhaYeEaOBAAAgAElEQVTSqFFxPKzJCXS1irYreErheh5KebieR88FUan5t88VEolGJixPaItG+d4RgsX1a0wkgarPrfZKzN+7kp+QEx8j4EnM2zl4krpgTB8r0uONzj2j8UbnyKTB6aBbK6iH76MfXUUtX0dv3AWnDUIi6rMwexpx5Bxy7ixi7ixMHwNpw/QiQjlQm4LNadi8j964i956iF6/g165gTh6AXn8WeSpT8HR84ipY/5mp5BxTbRGqcEtc6WU4euu64ZfaJVKhej9zYPrPM9DKRW2k1JiWRZSylj7ojGFEGF/nuel+rMsq3BWlVIoz8Pr6xP9Mo5xrRFSIvv/J/XUWod2RW0TQoS6ZNnmaYXXv/2wFAJLyEgal5gDNErrWHuJRGmFwtc9i6QQSCGRQoR9K61RWuFqD0tIbGkZx02Sq7zwOktIZCI+xjQmI+nIszn7C53g2ZzGZ3Xip5JBBWTwedSxjL6fpIeZWObgxN8dVJIHugWyz0tWnJLRLocH2WEo9z+3yYr28J+5K9tRfFDAk22HHH/wkt8gJfdfKFXxXKbisYAPFg39v8FqLkv3fjgFgZAph72W9Lsu4AXxZapgL0079fdOqfR4gZ8T8pD+HqqiPoyrCH4Y8CRP/UDKxI8h/b2jE5kEOj8+eDIgE570LzxgPBl8NiPfPzH7THgymLCDxJPB9BcEwaHFEwN+7DOesOf5yd7iSRgP+mOan5TsfqT8JAs/xvlJJp6Upjz/ZrXd5/g6aDxJ5SfJeDHiSfLdEvlJFn6M85OS4+fnJ7knsnYTT3JPECfiJWafOT/ZHzyJ40cyH9lxfpKy18BHpcL4OqT5SWk8MecncuMOcu0W6sjZ+ARoON1b5iGX+1Mg+j0ERnv45zeTVMHWLhqFKyXYksZkHU95eMr/DdYWkqoU2LaFXa3TbG/jWjb3llfBdlh0epw6cYyjiwvMTE7SqDWgMUF94TiyNomyLJAKx+3hKUXPUbQ7Dq5tg13HxUJJCzwvw/Y0Bb+fnmovRZK2AcntZURz2fg77WBWBz1m40m/Xdn1zZB4QlI24MmOPitjOlDS3W1wnYNW47Gl8UbnSKRBK9TyNdTNH6Gu/QC1cQ96TbTWCKsCdg3dXoe1j+Dmj1C1acSJZ5FnXkKe+hRi+iRi7hx4Drgd6G6hNu+jVz70N03v/Qx192eopXeRd15DXvwy1sUvI46eB7se00YpRavVwnVdpBBMTE4ipaTX67GyskK308G2bU6eOkW1OjgV6jgOrVaLjY0N2u02rutSrVSYnJxkamqayalJbDs7RJxej263i+d52LZNpVqlUqnQbrfZ2tpic2MDx3GRlmRmeobZuVkmJyeNG6eBHb1ej82NDbZbLbqdLp7ykEJi2f7mpBXZ1KzVakxMTDA5NRXbRA02eDc2NthuNul0OjiOi2VJ6vU6c3NzTExOUqvVEl7VNN02mz3/gcCTdo2pSoOKtEluOmo0rlI03TbbbgelFdN2g4ZdY9Np0fV6uNqvKvJ18q+RQlCVFWYqk9StKhXp691VDltOi5XuJrOVSY7V57CleZM1SutOk9XuFlOVOjOVSabsRuE1YxoTgCaozoyfxIE+T1VA9l8OFmCRCjj/tX67sBsRvTzWB5B9oi0pR9snucjjQYVq0N58UiIwqOiZNeWO0GSt2ALjg/ESE2lY2CWT+TIF8LnrxtInIgY8mHG//8EEx2SThwoVzMc3Y8V40t8mLXLdFPg7GR8ROXlyr6CCPsUT8ZXJ8+IlHC9hWJ9S8ZGUs4Y1a5vhLpEtm+Ij0kEQX6mO8zyWcqhBNtDQ+JHkJjwJbUzER39CY/GU5PuKJ3Ee+DtsTkLeMzwxxEcOnsT4ruGJyBYL8MTQvPQJyt3Ck1S8DIsfO8WTEvCVjycG/Nh3PCnAFwOZ8CR8v4iPhCdpvvv5SUDD5ScmPDF/fxTER5IPm5+Y8pE9w5M4PZb5yT7gSW56ZNb28OYngwkhj3Z9fSMK4mOcn4yWn+wbnohs8bDhiSE+dpyfpPAjLmsRa32o8xMjz/OYMb5ItM8mY36iNWL5Ohw5m+puxoITG9dZmnsi9pZ/GCT7kITEQ6AINka1llTqE1i1Kroi6CoXW0rqokLVsmjUKmwAjqd5tL6FA7gdxUyjxtG5SSYnJ6nU6mi7iqw1kJUKCsefb7eD52q2e5qmU8Gqz4KoILREKg1CQb8s3zgv/Rg6tnqVaZE9j1bzIeAX6pvxIxlPH6/8ZEwfD9KtzYNW4bGm8UbnKOT20Bt3Ubf+FO+D/4R+dNU/xVmZQM5fRkyfgMaM37azhW6v+vzRB6j2OrTXkee/gDzxHH5yoMBbQE4eQ8+eRh89D7VJ1O1XUMvXUb0WKBfcDtbTv4KYPRludiql2G5u8+abP2dleZlKpcJnXn4ZgPv37vHqq6/S3Npifn6Bv/hrv8r8/Dye59Fut7n50Udcv3adBw8e0Gxu0ev2QMCRI0c5e/YsL7z4AgvHjtFopDfOlh4+5MMbN1hdWeXY4jFOnz6NbdvcvHmTq1ev8uD+fTqdLrZts7h4jCevXOHKlSscW1ykWq2S3PBUSvFwaYmbN29x/fo1ut2uf6pUSDqdjr8R63lMTkwwMTGB67osLi5y/sJ5Ll2+HNNxbXWV23fu8N6777K5uYnyPCqVKkoppBQcOXqUixcvcuHCBaZnZrAsC43/Rf/u+i1+uvI+AM/MnuPFI5c4Wp3GlvHTqJ5WNJ02b65/yNvrH9FVDp8+cpknZ07z2uoH3GutsO12mLIbTNp1bCFZd7bpeg5VaXNuapEnp89wfmqRirRZ7za5unmH19c+4Mr0GT537GnmKlOpcaPkb7Z6/HztQ362eo1nZs/z7Ny58UbnmIYgDTpe4yt0NPHzU7bwB4rsHgZppGlBq/APomtDB/TbiEibrLZ5Y5P8IaVkRX1ehWsR12CuqA+q/RKGhCWABjl7ehh4JHjdz7gHB6gCOcEjnoSSFc0RTqbc16tgozZup4EPQ8YVSbnxA/fQ1z1+uUnO9/foz8AKfBn82BCX0wZk22tuHfg5MLecv4etSE3FR27FafITW0A79PdOqRSehHG1v3gSmp/CkzgvjI/w9XL+HhZPcvEjkMNmSTzJiJdDiyfJ6N4fPDHhx0D9UfHEgB+PG56UuSbKhyDTxk4+nhTwIfEkhR9FJ/4K8pNc/MjEE/pu29/8JOaAYb4vDg2e7FJ+UhQnBfGViyeReDLZa8ITDiWeDEnD+Dl6zYjjhdEdxY9Pen5SFCc7yU+y8pHHAE+CBvuBJ4N4GA1PdMJeE54M9wzW3ccTMvEkPuOFNAyORK+J8j7JRzdQJ55BTx9PXXKu+4glngKkr2/w444W/d9m4zpL3EFRhZBoLCrVBhqNQtPudlh68JDOZptatUqjWkdIG6waXUextOVSocPc0hr1iQY9z2JqaoLG1CTSc6jW6siKoOf28DyLjabD6rZHfeYYrj2DlBUqykIj0FL5s68FWacxBQMXnG0/iJgymFDRWUM0H5bDk2FO6Bbhy0HjyZgOHeleG7qtg1bjsabxRuew5Dno1irqzmt4H/4J6u7PAI2YOIo8ehF58cuIoxcRE0dBCHR7Hb35AL12E7V6A7V+G9wuoj6HnjuLqE6BtMCuIeya/0zP2dOI2jQIie5to7eWUPd/ju41EbNnkHYVMXs6VKm53eT1117ng6tXqVRsjs4v4LoO77zzDv/lP/+Qra0tLly4wJ/5s7/E3Nwc7Xab27du8d5773H1vfdZWVmmtd2i3emwvb1NtVrl1KlTgObZ557j9Jkz2LYd25xcevCAV155hQ/ev8oTTzzBC596ESkE16/f4N133uHBg/tsb2/jeR61Wp3bt++w3Wzy0i/8AgsLC7HTlI7jsLq6yjvvvMPP3/g5d+7c6Z+8nKVSqbK+vs7Sgwfcu3+fyclJ5ufnmZqawnVd5o4cwXP92+R6nker1eLq1av87PWfce3aNZTn0Wg0mJ6ZxnEc2u0OSn3Ao0ePaLVaPHnlCrOzs1SqVTTw3sYt/tWtPwY0ndOf4/zkcWYqk9jENxyV9k9/vrl2g3979yc0nTaWEByrz/LK8lXeWLvOeq/JkzNnODe5yIw9wb32Cg8767S9Losbc6wf28aWklMTC6z1tnhv8xb/4d5rrC80OT25wMR0PXej01Uey51NXll+n+/eewVHeRxvzHF+Mp3YjGlMmRStWBT+YiG/gs2ch4vwj8+jCSdJnqtTMECwsEi9EfJUhamhoj11kjPgfcPKPwMrIYtsTlI20dAL2USHpgrzPh/9GRNFPPBvsgI2Pz4i60RzwW8exeY38HOGPBgxxjNPyGRUuBvjxVDxPJj2gniJh6fxhFA5+0tckFUBGuGBv43xEalEzeWm+CiBJ1HTUt4z2VvK/iRgmfAkKe8FniTjKxhxZ3iSMn/X8CSBHwV4EvLSeEJcDsPSVFFfjCfl7DWYv8t4wp7hSYIn7N19PEm8MCKeRCvc9xpPcuNlWPxMUmy+TXhSjB/7nZ+k8MOAJ/n2ZvFkByY8Scq7jScfp/zEPKF7lp+Eau1yfmIEpqIL+nTo8pM0j2o+dH6SS0nAKoEnxB00zk8K4iMPR3LxxIQfaTyJavqJyU/CEXc5P9k1PMnmB5KfpLyyi/lJTsfCbSOX3scLNzoHDRoWXFx+g5vHXooPbEgItAARFohopAApBUIrcFx0z2Nzq8X16x+y7cD03HEak9NstBx6ooIWknsrTTrbHVbbLpcvSU6fkChpITo9ag0PaQs8z2N1q8ty22J28RyiOoWigYeLVB5SCpx+EEnNYBM8nETdt1Rwfuk1Gil7fNneWkK6nUJAM+JJHq5ktUvFlxlPcuNjp/nJmA4fba8ftAaPPY03Oock3VpF3X8T961/hX74HqARjSP+rWWf/Jp/SrM+4z+HExDK829P63XR63dQS++ibv0pauUa3F1AnnnZ39SMUqUR9iPmL+G9/i9Qazdh9SO8N/8ALBtr9hQB+Hqex8OlJa5fv47rOJy/8BOazS1u3bzJ3Nwcs7OzHF2Yp2LbdNpt7t65w3/6o//E1NQUv/jVr3LixAmqVf+2szdu3OBPf/wT3n7rLVZWV1hdXeXPfe1rHFtcpFKphCq2220ePlji3Xff9W8Ru72NtCRnz53jr/61v0a1UmFjY53r12/wve9+lz/+L/+FD2/cQAMvvfQSZ84ObqmwsbHBv/v//h2vvfoKW1tb/PKv/ArPPPMMx48fRwhBu93h1q2b/P7v/T5ra6vU63X+yl/9K5w/f4Gp6SkmGg08z2N9bZ3XXnuNP/r+97l27Rrf+OVv8NwLL3Dm9Gl/I1NrVlZW+KPvf59Xf/pTfvwnf8J/8+u/zmc+8xnOnD2LFJJtt8P91goazWZvGxW5/WySlNZsOi3utZbZdNo0nQ5SCLrKYa3XpOm0uTR1gl9cfIErM2foeA5vrt/gjx++xQ+X3uTW9kPutVb47y/9eTqqx3qvyUp3k3fXb3F24iqnGgs07Jox12m6Hf7k0du8uXaD5e4GK90NWm53tMAe0yeTdOTZnNpfyATP5gwq1lJyP2lTun8jFyEgSDqVRkhfVhkLm3BYsnN4Hb0mrAgdpJn+dQUVp0KjFEg5YkV7yINPvg51SMm7kWjqAp5sW3rhLMI5i8vxC4aqUMyreDVcN/Be/+9OKupj9g4q2IM343E1rL/Lx1esoj0vPrIMy/Nvrr0GXqaPTG6Kj4g8SgV9khdUxJKIrxielKl4zTE8+Bz7YomK9iw/F+FHQXwFP16mK9wD/NA782/a7HyebFsQX7nxEZFHOpFVooK+LJ6Usjdpfj+8ivBktO+P3cUTsxHl7d2P+ErjB3037Q+e6Gh87CqehGHSF0rERwl/70l+cojxZED5+cmu4UlBPO0oP8m114QnOiUfBJ7sWX4yLBnjy5SPBON9UvKTAn8X4UdBfH1i8pNRTmSVzkd2KT9J2DfOT0pcUzRegpvwZM/yk8x2DD57O8WTiH1JPBEPP0AuXEbNnU5NxFmarDfvsTl9miJSQiK06m/EaYRWSA0WGtFzoeuyvtHk3uomSw836Km7VCbmkHYVhcTpdXF7iu1Wh0fbd7n/aIPji3McP3WcRqPGxOQk1VoVVylqM7PMnbiAJxtoJUEotPBAS1AqMofmCZrZustpdyvzPdlaQWzc96M+N94OMj+JfrZ2kJ+M6VCT7m6jx6c595zGG51DkUZv3EbdeRW9+hG6vYmoTyHPfR7r4i8iT38aMTEPViX78uoUVmMOMXEUvf0IvXEfTmY8gFZIqE4ijpxDAnr5Brg91MoN/5mdjz5An/0sYuIIIAmeSdntdGhub3P71i3OnD3Ll7/yFebn57Esi4mJCaZnZkAIarUaFy9e4OjReS5cusjRo0exbRvXdZntn/hcXV3lvffe4+233ubcufNMz8zENjrB3+hot1qsrqzQ3N7m81/4PE8++SQnTp6kVq3S6XRYOHaMBw/u8+orr3Lr5k3eefttTp8+E250bm9vc+fOHX7y4x+ztPSAM2fO8OSVK1y8dInpaX8D2HVdbNvmqaeu8Oorr3L3zh3W1ze4cAGmpqYAWFtZ4YMPPuAHf/RHfPTRR8zOzvLc88/z9NNPMzc3h5T+veenp6f5zEsvcfOjm/z0pz/lJz/+MUeOHOHkqVNIKVFa4ygPjUKhcqNBCFBoHOXS8xwUGktYSARKKzytmLDrHKlNc7xxBKU1Ha/L/fYqP3jwBh81l5irTtHyOrTdLuu9Jm23y63th/xs9RrPzl3AlhZHqlOpsT2tWO81+fGjd7i2dY+u57DptOh4vVydxzSmOIl+/hacIhnI4ft97ufgInF5P+nqX5au4I8PlaKsRFMOZFMFaMhFlAcVpxly/2+pCueMdpjkzBL4qKEJucTCPWt6Qjmc57hsrgg0VZyWr3AOZtzvfzDhSdngoYRBSQWzgiKHEt0WVZCb3OPzwN858WE8cZXwvyk+woVrkgfNCuKlaFqT05vsLWt4cuIjKZeuaDZXuEbxRRcdgTCeAMq2N0WJz1PZivJCPOn/NVa+F+DJ0PgRKlSEJxk/jOTgSWq6dg1PKI0nMZ6DJzG5NJ7k25uksidSku6I4cc+4kn2B3oX8MRAJjyJqQPm8DNWsJfHkxR+lMKTQNwfPMnWIicfKYsvo+Yn+V98GQZm2/vY5CfGwC/Ck4IAKeh2uPxk//Fkz/ITA+04PzkwPEk4dDfxJEKp+EjymBoj4schzk/2Dk8ojScxvut4Qj6Z8KMAT5LuOFT5SV587BRPsvKRpAzm8HvM8xPptNH334a5rM1MweXt67w+fRodWpRNwvM3HD3AQ4C2sKVHVWgst0d3u8XmRofllTar211cJN3mI4SoUG/UmarXUdUpdL2CZynWOg5bt1e4fusBVVtTn6ixcOoMz77waaaOXcSlipYVlKyA0thIRAUUYCmJZnAjZAg24PHtEHBp87px8qzN+0ivC4jdyU/IiY+II4fDk8C0pEIZ8pg+tqS3Vg9ahU8EjTc6y5LWoBz02i3UvZ+jO5uAhvoc8tIvIs+85D+bM4dEfQZq01hHz6PuvIZau5XfvjIBM6eQZ19Gr9+G5Wvo7RXU2i3k2i1EdRLsOgKBkBKEQCuF67o8+eSTfPHLX2J6ehrLGtz+tNvtcuTIET77uc/RmJhgcnIyfK9SqXDy5Emeevpp7t27xxtv/Izbt27x4Y0bPPf8czA9OHlq2fbgWZtCMD01xZe+9CVOnjoVtpkF6vU6n//CF1haWuL1V1/joxsfsrKyHLZpNpvcvXOHD65epd6oc+bMGU6ePBlucgLYts3U9BSXLl/mzTff5IMPPuC9d9/l1KlTHD/hz/nyo2Xefust/vQnP2F6ZobPfvazXL58maNHj8bmdGJighc/9SleeeUV/vi//lfeevNNnn32WV7+hV+gVqshBEgh0EgEApnMLKP+QfithPSTCgS2sKjKCpawEIAUMuxDCsFsdZIT9SPUrSobzjYbvW1cpWh7PTZ62zjK5VGnw7ubt3hj7Tpz1cnURqdGs+12uNda4efrH3K/vUpV2my7Hbpexsb5mMZkIK11uFxB4y9kIhVjOeE/uD7aKGdBa1zi6MgLWby8NYlxzRX1MZ5X4VrE+3OWzcmugO3bFZ7IMNorQp3jcnwlt+Nn6uWdiIl4LVMeZaNlZP8a+hp2vJCbK+iTcjl/GyrsjRXV0TmNqp+UTfaGAdYnQ7wMU3Ga5KXja6C7juCH/5mMykNSXlwN7e/hB8+sqA9POJT09zB4EuNQDk/CVX6CJycoW47Fy57hScmK5ej3hcm/aTfF+TC0o/hKzrsZT0b7/hgNT2LxE1GwNJ6EDfPxhFHwpAyuJOMjiR/BtB96PEk20InxxvnJ3ucnFPs3SR8DPEnKe4knafwYEk9CyogPo3/3Lj8xnYg5MDwZmQz5STI+jP7dKZ7056wfKLuVnxwMngyfnzxOeDLa90dJPEEn1N5hfhJS4Meg7S7kJzvGk4ERhyU/sR5dQx85izrxTOrCCQlXln7M1RNfyNdLCIRloRyFsAWWlFRqDTqdDrar2XZcttod2q6L6ygcrdHCwhOKZqtDr9PDqjjUahN4lkZWPOqWYqJWod6wOH/hHM9+6jMsnjpLR1RQ2LjSQiP7+KIicDGIYIG/WSn7L2kNT9z7EROZEyaQm7eRG3cHEbgbeDIMfoyCJwX+HdPHk3RzFdzxwaT9oPFGZ1nSHrq9gd68j96459+OttJATC8ijz2JmDpWrh8hQFYRi09jzZ1F1NKn9WLN7Sri6AXEzElEdQLda6GbS6hHVxHzF8Gug/Dvlw5QbzT49Euf4ckrTzI9PR2eZAyoWq1i2zZa69R7AU1OTHL0yFEsy6bb67HdaqFU/HSjFBLLshBCcPz4Ik9euUKtXk/1Va3VuHjpEgsLC3iex8bmJq1+f1JKWq0W6+sbuJ5HvV5nanoa20o/l9KyLGZmZ2k0JnBdl+XlZZrNJgBaa5aWHvD+e+/RbDa5eOmSUR8pJVNTUyzML3DkyBG2trZYWVlhc2ODo/PzgAg3bqSQCCHIqnQSgCWlv5GJIGglhaBi2Vj9ay0hkQzmues5bDltespltjLF+anj1K0KHa/HpttGC+gpl6X2Gn/y8C3OTCzw9MzZUCeNxlWKG1v3eWXlfZq9NkprlNZsO206Xg+lde4G7ZjGFJIQiQJugZR+whgkj8H6QkY5g4OXYVeEOT+IgSyCN6N8cEVcjv7QmirxDlfWZGeIgmhJq191F3+//ImsoJvg/bj6IRfleNTimFy4sEldEecFA4/0jM5g2gM5plZRhb2BR8yKWpLpTiNl9BA7UiOKJzT6C02ksj0m58VLWNkcTHNSjnknzdNhmg7fhMWZLyQD0HhF4oIsB+VobHpGY7ri2RAfqXjK4Bi9lYknmXImmfAkwXM0GP0Ze30NhsWTJB8STzInsBSeFAyYUiAfT4JxzRXQJjwpxo+yeJL6XSxFOfhh+oCOiCfG75tCPCmIF4O6MZ6Yo8wXUgFnumI4PEnFBzvFkxwcMeBJVPM8PEmbm9HDDvEk6aDS+Ukivsb5CQM5ptbe4UmqQYpMeJKUd44n+5qfJOYkTzYGoKlBYeJYgCeHOD/JnqDEXOxVflK43ulrsEt4kvy4E395QCPnJ+XwpGx+MvQzxJPqlsWTrHwkKRspBz/2PD8JpnMP85NIO8iWy+NJQj4wPMnBEQOeRDXfk/xEa+SdN9DTJ9CTR0hqcEz06D56nVvHXsJECo32FNK28ITFVqvNVGMa7AmarS02th2abQfHUQjsvn+lf088rXA1eDh0exvY2qWpW8xNVjnx5CW++pXPc/bCWaxaA2VVUJ5AIVC6b78QsXvrJT8yftT624vnHr7OMXoZEwiy18RevxvGuH9xPh8pPyEnPkbAk4h3c/EkdcGYDi1pp4Nurh20Gp8YGm90liXlQWcT3VpDd9ZBuYjJeX8DsjEHVrV8X0L4z+WsToI03OY2bGv5/TfmoNIAtwOtNf+Ep9dD9IE44JVKhTNnznC0f8va9NAi8/XQTKXodNo0t7bwPBetlP9/op2UAsvyT5FOTU2zcGwB206Hk23ZHDlyhImJSfxb7Dp4ngdAcJostIH+CcpUMjPQTWmF1hrP81BKEdy2d3VllXv37tHr9Xz7pGD50SM67ba/oSsEWmuUUnieR6fTxq5U2NraYnu7RafT6evjn8x0tabldljubFKTVWqJ2xG7ymWlu0XL7RDWIArfFltILOFvbvobnuAqj3WnyTsbN3lj7TpSSJ6bO8dXj7/IVGWCttel6bQ5Up2iJisorXh/8w7Xt+6x0ttkrjKFLS1c5bHc3eTN9Q95ffUaJyaO0lUOq71Ntt0uHa+Hpz2EsCLp55jGZCAdeTZnkDImKyOJy/EKSMIMLFoBF+aYOpJUpgcn/u6gkjzQLZB9XrLilIx2OTzIDkO5v/pMVrSH/8xd2Q41+4M+83iy7ZDjD14K/JaQ+y+UqnguU/FYwAeLhv7fYDGSpXs/oQ8CIVMOey3p92TFsbECOTu+TBXspWmn/t4plR4v8HNCHtLfQ1XUh3EVwY+kHIufbPUDKRM/hvT3jk5kEuj8+ODJgEx40r/wgPFk8NmMfP/E7DPhyWDCDhJPBtNfEASHFk8M+LHPeEIivkx4kmWYCU98cX/wJIwH/THNT0p2P1J+koUf4/wkE09KU55/s9ruc3wdNJ6k8pNkvBjxJPluifwkCz/G+UnJ8fPzk9wTWbuJJ8l8ZBfyk/3Bkzh+JPORHecnKXsNfFQqjK9Dmp+UxpOS+Qkasb2MvPM63pU/FwWckJ/xNnFX3uL+wvOZ4wmhkULiaMHmdovXXnmVv/T1r3Fy/jTX7txms61wHNAeeMr//VShQGn8u/4pECC1pmJpjs3N8KXPvcxXf/ELHFuYodPrIuwKngSrf9+x4q8AACAASURBVL3QCsRgtvJIIDi5/Can3Y3o9MRIrt9EtFYj/k23yZ7lwSjZeBJM95A4UjK+SMoGPNnRZ2VM+0p6c7m40Zh2jcYbnWVJe+heE93dgl4btEbUphFTi2DVQGSfjjSSLDn1Qvq3p600oFKHtkB3NtFbS+C5/TYCgQAhsKVkdnaWRqOR261Sil6vR7fbxXXccANReR737t1jaWkJx3H8TUgpU199Qkpk//Vqrcrk5CRWxglRIQWNeoNq//meWsfRuFarMTU1RbVaxVMe7XYb13VJ3hLTdV02NzZot9rhqcxarYbWGsdx2NzaZG111X9WabfL2uoqH974kEajgWX5pys95W+Quo7DxsYGjUaDTqOBZVnhpqno/6e1Yr23za3th3SVQ01WwoRTA672WO82Wett4fUfkB1QcJrTU/5zNO+3/Ptw39l+xM9Wr3Nz+yHnJhf50uKzfGnxOabsOi23y7bbYbE+h9KKLafFze2HXN+6y0dbD3hm7jy2tOgqh5vNJd5cu8FHzQd85fiLaDTLKxu0vR4dz8FRnn/rXPN6a0xj6pPo57WDkzh+atV/PefE12At4H9WfVkkmiWCMCkmFjaD2+8N5KzLk91nV6z3OxYD2XRSIlhwFD2zptwRmqwVW58iP7T6byfluL3JZU6ZAvjcdWPpExEDHsyo3/9gomNyRnzkK8xAziFjxXimvzN4rpsCfyfjIyInT+4VVNCneCK+MnlevITjJQzrUyo+knLWsGZtM9wlsmVTfEQ6COIr1XGex0z4YcKTBJlOyBaMWhpPUvHRn9BYPCX5vuJJnAf+DpuTkPcMTwzxkYMnMb5reCKyxQI8MTQvfYJyt/AkFS/D4sdO8aQEfOXjiQE/9h1PCvDFQCY8Cd8v4iPhSZrvfn4S0HD5iQlPzN8fBfGR5MPmJ6Z8ZM/wJE6PZX6yD3iSmx6ZtT28+clgQsijofMTE36Ivk2iID7G+clo+cm+4YnIFg8bnhjiY8f5SQo/4rIWsdaHOj8x8jyPGeOLRPtsGiY/sR68AxNH8c5+OlOdC+4yeuVtlhaezxzLUx52tcajlYesrW/S8wQ9UaE+d5ym8y4bnS4dz8OTgPKVkoDQCltopFZUbMnRmQm+8Asv8sXPfYYjc5O43TbKdbArVbSnsaVEI/E8BdoLf1sKp0yndTux/Bbnu8vG+bLWb2Kv3crwbxF+JOPp45WfjOnwkd58BE73oNX4RNF4o7MsaQ1ez79lre5vbFkVhF3P+HLaZRKiD5R9wHfb6O4maC/eBkD4t2fNu3WpUopOu82t27f56MMPefBgiU6njfI8lNJsbmywtLSE67hIKf0NzER/Aghv8Sr929ga5yHEboGUFtENzLkjc5w7f46FYwtsbGxw9949mltbOPPzVKv+KVmtNZ1Oh+vXr7O8vEy9XufyE5dZXDwWbnT2ej0c10Frzfr6Ojeu32BleZlKpYKQEq01Wmn/dKrWdLtdnnjiCZTWXLp8icbERHgrX43GQ/Gws867G7dY6qxRlZX+94tCaY2rPLacNvdbqzjaRUdMlcK/me2m0+L7917jZ6vXqVkVmk6bxcYcnz/2NC8dfZLL0yeZr05jS4uO16Ptdjg3eYyjtRk6Xo8HnXWubd7nTx69zbmp40zYNZpOh5+uvM+t7UdMVyb44rFnaLtdXl2+Sk85dFUPR7vUqGD60h/TmALSaIT2M2Q/adNhMhVWjwbJHfHkz9BhbuaoVfxaTSRx1Rl9FOqfvfAJOo4vdEpWvJraZXEN5or6oNovYUhYAmiQM2z0ybdkME2+kwYHqAI5wcPr+rxMRXOEkyn39SrYqI3baeDDUEF8FY0fjzeduNwk5/t79GdgBb4MfmyIy2kDsu01tw78HJhbzt/DVqSm4iO34jT5iS2gHfp7p1QKT8K42l88Cc1P4UmcF8ZH+Ho5fw+LJ7n4EchhsySeZMTLocWTZHTvD56Y8GOg/qh4YsCPxw1PylwT5UOQaWMnH08K+JB4ksKPohN/BflJLn5k4gl9t+1vfhJzwDDfF4cGT3YpPymKk4L4ysWTSDyZ7DXhCYcST4akYfwcvWbE8cLojuLHJz0/KYqTneQnWfnIY4AnQYP9wJNBPIyGJ8kTeCY8Ge4ZrLuPJ2TiSXzGC2kYHIleE+U5JO/8DF2fRh27nDnexd4j7Ec/5+6xT/nvD455Y1cqLK+vs73dwq7WeevqBywc/yL23ByLFy5SvXqV7t37uELgag8pBBL/BrZSKKrSYqZe4/K5U5w+sUijboP28DwXKUGgUJ7C0xJXWkhZR2l/lhUQv0OdDqf19MOfcba3mmGtb5hsLmGtfRjG2tB4MswJ3SJ8OWg8GdOBkt5eR7c2D1qNTxyNNzpLUpj0aE2IMJ6Ddjv4G597OLLn+GMp15eV52+66gHSCQZfp3m3LF1eXubWzVu88/ZbbGxuYkmLxeOLnDp10t9Y1LCysoKQgjfeeMPfxLSzb4OqywKtHuhoWVa4oSiEoFqtcurkSX7lV3+VN3/+czbW/3/23jxIjiu/7/xkZl1d3dV3ow9042KT3SAIkhgSECloqBnOjETJ0tAeabwre2Jty94Ny7Gxcjg25IiVZv9Y/+PVPys5HJpdhayIlSVNWNJSojT2UKKGnKEG5AwJDkgcxEEQIK5GA32gz+quK3P/yMqqzKzMqqy7Gv37MIjXryoz3/XLb/5evffyrfLd736Pmdl59u7dSygUYmVlhU+vX+eTT64xOjrKs8ePc+TIEQYGBz2TGxsb4+mnn6avv59wOGTOCDLAKLRf8XGnKCrj42MkEonCK33NvTU19sT6Ody3jz2x/sKraw0MDMPIv4p2k/ntZS6shtjOpQtF1fM2ElFDTHWPsJ3LcH19ngfpdaJamL5wN4d6xtkTGyCkaGT0LJvZbbZyaXrDcWZ6p4iqIa5vzLOS2uD00hVO7jlKVs9xJ7nIxdWbxLQwR/r3c6hnnB9FrqIoCmk9w3YuTSqXoVuLVeVfCbsU24xFcw9OxbE3pzXzuRi364zrUrYPDfJ7eFo+nP2kcnZp7xcUf4mznez0zEtmmHrNaFc8VnJaYd7RDL4HliuueIe445XKG7gj67qg3wzzfFj7HhOVwnz2AsyQtOfc1k/0n/BbDkf9Wu3sES+m6Ag9V8h4zHD3tRefGc/Faq9gL07z9J2BG6z8AU7wmgFqC6329rUP20zUsqGffXjNgHXEnUUraT2/8gYqv5WQlSE/PXHHK+hJOfsoZ1cO+7JSrE9PSorfMD1x6UcFPSmEgfUEZ7xgln4z6ivrSbDy+hS/wXpC0/TEFbrK23g9cX1Qo57YZ7g3W0/K2ku1+unGUd9+elJZP+rXE+sywfSkRD989KR8eb1C9wX89MQdb7Se7CT/xL9Cm+afFLLVYP/EV5gqnZCn4/yT0tCe86r9k7K4BSuAnuBsIPFPKthHOR0pqyd++lGqJ/ac7hr/pJBig/2ThumJd9gW/6SkVRron5S1r1I9UdIbqDdOY0S6MPr2egr+VHaZ8L13uT5+Ij/OqWMokNzKcWtugeRWioHhPZz6wXtMTu4l0a1BVzeJ0Qmic/fZfLCKroJmGITIohg5dFWjJ6ZycGyQfeOjZNNp7s/fRTNGiUTCEFYxVIPNzAYpRUUP9aAbSmElKKhkUVEUFc0AQ9ExFJ2Dd99lNLeRz3tpPajJFULLn6Kmt7wrtIKg+epJOV3xtA+3HfnrSVn7qNc/EdqGsb2Osb7U7mzsSmSgMyCmCFkrG01FMdKbkFwGawCy4lOpBgwDsimMzBZkU8UHl6uDaWDXOH+1u3XzJt99803+7q23GBoa4plnn2X28GGmpqbo6elBURRu3LhBNpshFo3aVmu6s2UO+FVIrngsYO0PqmnFVZ2apjE4NMRP//RPE9JCfO+73+W9d99lfW2Nzcc3iEQi3L9/n5s3bwIGTx87xvM//jyPTE/T1dVFLpdD0zRCWghNMwc1x8bHeeb4s4yNjRVWhVaLpqjsjQ/zzNCjTMZHSvbozOhZllJrfLx2m4gadqyg1Q1z1Wc8FOPJwUOspZNs5VLMby2zmt5kNb1JLj84rmMUXlub0bP0hOMc7BljT1c/l9dv8/1757i0eouLqzdYTq9zN7nE/NYSs337+MnRpxiNDRIPRQmr5oCpNdBZuquqIHhQZgZbwXMyzA6OteLT4dw7DwPDMO/tQrzK7Diu6TcDtcKM03pntBdCK/vmv8Xi2OKNcDSNCmFJBVUIC1jt6o47T6hqhmK5Ga8+5xU7Cfl/65lR7yhvcQa79WVFe6Fce9dmX2Xtw6tg5dq3bHl9wiDX8Az97MMWr6KdA8+od4W47AuHfhTj1d9fxfvYjAaY0V6LflSwL8tnK53hbumHUV/7lha7fOg+toJ9lbUPW7ymFVnl9MTH3vz0JFB53cXPm1clPant+dFYPfEvRPDytsK+SvWDfDO1Rk8Mu300VE8KZpKPBLCPAO3dFP+kg/WkSHn/pGF6UsGe6vJPypbXT0+Mkng79KRp/km1+NqXnz9ipbdb/JMK7V1JPyrY167xT2pZkRXYH2mQf+Iqn/gnAc6plJ4r9NOTpvknnsdRvPfq1RNb+fz0xN7O6uYCxrV30Kc/i9Gzx3Z/WzeTwVhug/jtt7g6+CTpWD/ZrMH1T2+wsLCKFo4SCkVR0Pjd/+c/8bVf+gVQw2wmU3Qn+thO50in02ytr4GiEA6FiUdjTI4N8+SRWYaG+gmFFchus7W1TiicQCOGooTJZhTUaARFi5BL66iKAUrWLIWiYg5ZqERTqxxcPEOfkfFtd2V7DW35E5St5WI1BtCTIu30T+z3Vh3+idARGKlNjJX77c7GrkUGOoOiqBCKmP+rKug6bK1grNyG9Ka5yjLovpvVYOQwUhuwvWYOrBo6qCGUcBTH9Dmj+BQ38NY8Xde5ePEib77xBslkkueef57Pv/gik1OTdHV1FQYfdV0nl9NNiVcUFKV0j05zoLM4nGaUEVlz/0/znZWh/IpO++trVVWlq6uLwcEBxsfHyek5ItEIa2tr6LpOLBbj+PHjjI6NMTQ0RF9fH9FotHBuJBIhHu8i3tWFqqpsJZM8ePCAkeFhqHKg08DIr8gMcqy3D2fk/wMIKyGeGXqMgz1j3N9e4dONe/zdvbPM9k0R08IMRhOspDdIZrdRFIVuLUZ/pIe9XcP8xJ4nmNtc5O2Fj/i7e+foDsXYzqXpDXdzpO8gTw4coicUo0uL0qVFiwOduvkKX0GojGLOIrNPJVTAWslpFJyqfBzFoQXWDLTChyUz+EtTNGyHuR1NxXCea58B6vrKmVw+E4U9a+xxK48EnOHscRx+cc8p8I4acsarcrRLzi6pb98JrIXL+c04DT7D2apx8/rFCnfHXS3jCl0FKGTIw0DK4bpspRnkfs2j5I3Qe8+aADOa3TPq/eyj0HF1h9ZhFeylUrW6q9d9Na/kKWMf7njgGc3+M1y99MS3ICX6UVlPPCvAfTva4zYC60n+X9+Z7xX0pGr9KGSokp54/DBSRk9KqqthekJgPXGEZfTEEQ+sJ+XL6yboihR3czj0o4V64n1DN0BPfPDTE0d2wN/8fGewB9eTEv0IpCdWtDV64p0LH3/EK24d3yj/pPyDz6OA3uV9aPwTX8OvpCcVDKTCZavzT1qvJ03zT3yo2z9pm564GrSRemKjxD7coSMbNepHB/snzdMTAuuJI2y4nlAeP/2ooCfu5ugo/6ScfdSrJ17+iDsO/ua3S/0Tbe0uyidvk3vkJzASw8WbzCZIveR4avlHXA+N88PkIHNzCyyvbrC2nmRgaJB0Os38/H3+6q/+G1/43EmSW2m2ttNkdQXUMF09fYTIEYuEGNszzJNPzXJo/yihkIJKlmgsRKQriqqFzG3g1AgPlpPsnR7k4o15RkfHMMihGoCqm3kzVPYsf8TU1hyaolDQItf9pabWCS19grKxkG+pfHU1TE8C6oet5qvTE1eG7f6IOy50NEZqE+PBfLuzsauRgc6gKCpKpAclmoBwHDJJjOw2xuYi+v3LqJEelN5xcxC04tMpOEY2jbFyE2Nzofi62kgcpasfVC1/UH5gLe/EePlS1l6Wy8vLzM/P05tI0NfXx8jICLFYrPDaVoBcLkc6k8HQDRSl6FS7r6fncmCYA4N6fu9Lr3Rz+b0/FUBRzdcP2Eltb/PJ1U+4eeMmmUyGZ48/y+jYGN3xeGGgM5FIMDA4SDS/ytRCURRCoRDDw8NM7d/H3NwcCwsLXL1yhX379tEVj/vXrWGQSadRNY1QKJSvO/M/HR0do+yAoblyU88P5Jpn64ZBRs+i5/dxNTAYjfWzr3sPz488zo+WPmZua5m37p0jqkU42n+ApdQ6yWwKFYWuUISYFqYnHOPxvv0cSozzo+WP+Wj1BpqikgjHeW74MI8kxukNx1EVhS4tQk+4i6XtVbZzabazaXSa+Tpl4WHBMIpDl8VZm5YTX+48Z6fLMIorOS1HrNCFcXdASi7mEQbpFHpdyOHo+8+od4TlZrhWCgt15hVS0AXsRbI6H4YzXlpepZBnZ9zZk6t7T71yK2JsHVHPeC0DLb7lrYFa0iuE/jPo3fFg7e0zw953RrW9Tu3Zd8f9ylswsDw+9lLNjFN3GNi+inkvTo7If+qIV0k5u6q6vatP3HNGvW0GdKD2rkZPHCEE0xPDp7zuCvKOO+ylaXoScMay/fkR9BlQj57UZV/uevfXk9qeH7XpicN+bBkMrCeFA8vrCbXoSRBdcduHWz+sau94PXEfYLjSE/+k+f4JldvXzQ7QE3e8mXpSqh9V6kkBD/vwbd/m+Sd+K2Lapic14+OfuO3Dt33r1ZN8neUNpVH+SXv0pHr/5GHSk9qeHwH1BMOV7Tr9kwJWO1rHNsA/qVtPioXodP9EXb0Nn/wduYPPYfSNmyc40jPQgOnsXfTVj7m3qXFlKY2iKqwsLROJhOjuifPDd99jY32V1NYGW+ksSiiCnskQjUUZ6u/hyMw0B/dNcXBPgmgoQ0gxyKY2iUXjRGIxlHAUIxRjc1tnYWmNycPdXLryKfHuAQZ6wqAYKOTo2Vxg3/InDFirOH10RdleRVv6BGXjPi3Rk2r0oxY9qbF9hfZjbK/LSs4OQAY6g6JqEOtF6RpA6erDyKYgl8bYWkG/dRqivWixBER6igOQ9WLkIL2JvvAxxtq8uWoUzMHWnhFQw1ivhdUNoyjpHgJoDThm0hnSqRQkEuYXSukxGxsbrK48IJvNYrg6Oxa6rpPN5TAw0HVzQ2k/zIFOc+BNUZWSWWlb29tcvHiRS5cusZVMMjk5xcFDB4nFYlgrPxVFQVVVvAYeVVVlbHycw4cf55Orn7C8vMS5c+d46tgx4vF4YfWnnWw2y/b2NqsrK3R3d9PX34+iKPm6NFez6kZ+sNOjQg3M187qhvm/kQ9zhk5az5LNr3bNGTpdoSiT8RFeHH+ajJ7l3cXL/HDxIv2RbuJalOX0OslcClVRiWtRwmqIsBpib3yIQ4kJxroG+WR9DgODQz0THO7fx2T3cOF1uTEtQiLUxQIrbOXSJHPbgVelCrscpXg/5u+00gHJfNx7xrXrMKUYUYoX9QmLHVsrbccvfyUJFnrWeHuICu6Zx9Yendb3wVdkWZexvvcphhIstNeRI16xY1NyhjOskHBNe3Ra1W7FHdmqNMPeJ7QVy14Sz+b0xeMKjimrSuUKtf9CY5vZ7ojbjvef8WxVszvuaJ3S0NtMnebrKrHnB24D9D3DdYJXA5XJsd8ejaUznn3so8SePEJ8W6tET3zjnvjoh+eMc++w9j328jmoVk/cYZV64lmBgfSkQoIlGSivJ1a6/jOg/fSksn4E1ZOS38VKKKMffjdojXri+7ypqCcV7MUnu47QVUeeH5QYnN8Z1elJiX1Qr56U0REfPbHnvJyelBbX4wp16omnf2LXm4p+ifgn1fknjdOTkgNK8NMTd7x+PWmpf+Kqk3JxXwP0O6Ci41hBTzrYP/GuIFddNMs/qdjfyeegQXrivt1xflykZv8kmJ4E9U+q3kPcnd2geuLlj7jjvpTRj6b7J1Z1NtE/sR0H3vHgeuKKt01PyuiIj57Yc94U/6SMfaird+CTU+j7j6MPHfBtsMf29PBv9ii8cWmFb91WuLMBWggURUfTFC6c/4iRkSF0HcKRGLF4N6MjQ0xNjHHixDM8NvsY0dQKqaU7ZLeSRDUNNA1VjWKoYXQ1zNraFk995gSGEkInxLunz/C5k8/Qr68xvnKJEX271AZcxVI3FwktX0PdXGqIntTkn1DGPmrQE0drl9GTkhOEtmJsrsienB2CDHQGRdFQor0oPXtQekYxksvmQGdqg9wnb0EoitLVh7pnFiL+qwirIpPC2LiPMX8eY9229LlrAKVvCqx9Iw0DI6dj6AZo4KV2iqIQiUSIdcUIRyJsbGzwYHmZlQcr9PT0EAqFyOVyrK6s8snHH3Pu7DmSW0l0XUfP5UqumM2ag6aGbmDo5gCp34rObCZjrv70Qc/lWF9bY2lxkcXFRd55+22WlhYZGRkp7OkZDoeJd3fT29tLT0+PY1UnwMTevRw/cYL5+buc/fAsZ350hieffIpIOMzk1FTJ8aurq9y+dYtLly7x2GOP8fSxY4X86oaRH8TU8yszvTGP1QurJw3DIKfnzIHO/KC0da3ucIznhg+zncuQzKZ4d/ESb8x/wGJqjf3do2xn04TVEPFQjIgaQkFBVVQO9Yzz7NAMd5KLaIrGVPcIj/TsZTDSW8hHVAvTE+oCYCu7zVqmuAeoIJTFcM1ws3V4TOctH+Izg63gwed9yvxMOCUfL/4w45k4zm+dM8kVd7xkhmjAGaYVQksvC/G8jrlntBf+LNuzraUNKoTuY6tMv/iR1W6ueP6DQDOeg8x4rBAWOw35f63OiFfe8+ZlGYJnvHDVgO3unnHsDivYl98M9sDU2971Ejg9q51d8Srbu6oZ9QW7KuqJW1+c9uOdfSvmqR9VtnddKzKx8vzw6EkRPz3Jn9hmPSnem34/jPjpSbHC2qknxeqvYAQdqyc++tFiPcFlX3564lUwPz0xo63Rk4I9GDvUPwl4+Zr8Ey/9EP/EU08CU659vY5tsX21W09K/BO3vfjqifvbAP6Jl36IfxIw/fL+SdkVWY3Uk7IriF324iifv3/SGj1x6ofbH6nbPykpr09YKxXtq0P9k8B6EtA/8W1fM1TX5+Hq30FqA338SJmKM3hxZpwXZ+Dta3f53lyKUyvQ0x1nPbfOdipLT18/XV0xhkf38PjhGWYeO8SeoQHi0RhabJRwTz+r926RWV1EC2uk1C40NUoqp6FrXfSPTbG4DZlQlO6lq/ScucGTkwOB2lldvUPowaco22v4PvZqsK8S/XDHDau6q9SRgPaFO+6jJ3XdK0JDMdYWMJJr7c6GkEcGOoOiKOZ7xPv2oo7OYjy4gZHeAj2DsXEf/fYZCHdBKIIysN9cdVkrhg7ZNPq9C+Su/R36wlWMrdVCPpTEKOrwNEoohgEYRvHVsQbOFZTF7Ctomsa+fft46qmnuHr1KleuXOGvX3uNw48fpquri3Q6zcrKKisrq4xPjHP9+jU21te5cvkKly9dgtlZhoeHAchls6TTaQorRTPe+0Jar8zN5QdLc9nSvEWjUQ498gjXr19nfn6et99+m48++qgwoKmqZt4j0Si9iV4GhwaZnJrikUceYWpqCkVR6O7uZv+B/Xzhi18kEo5w9uxZvvvdN7l58wYHDx1ieHiYSCSCruusrKywtLjI5uYmvb3F/T71fP2pioKKioKK7vv0MPIrP0FTVMLm9CbSepa0nkVBIaxqZA2zvCFFoz/Sw5H+/aymN7i+Mc9yap0zyx+zuL3K/e0VurQIUS1CSDFXBCsoTHWP8JmhRzl1/zx9kW6O9h9kONZH1BrkBrq0KP2RHqJahJyhk8ymyw7QCkKR4hxOa0Ya+dCc1KYUjzNMHbGONz9WCn0CK47jNG8n3TrHc0WbO267XDHXruTcYf5fBcO8jj1uD+09ujIz5ksyWCks8aitglvpWV+74x71ZI/ny1LNCkpHGHhFRDG0atS8frGiHXF8wooZ9OvEFZJxXM4v7puLss1ktbfbPmxx98q9CjPoS0KXfXmG5eylkJ6rYHlK7MMd90rWP7cezaV4x/3sw3YBu54EXUHqqx8V9MRdXX76UTEMoif2eL5CHfbkDluqJ87Qau/C4bjiTdMTH/sooyeOsGF6onhHK+iJz+GBV1A2Sk9K7KVa/ahXTwLIV3k98dGPlutJBX3xwU9PCt9XCmvSk9Kw8f6JRXX+iZ+e+D8/KtiHO6zWP/HzR5qmJ04eSv+kBXpS1j3yz23n+ifFCqEcVfsnfvqh5MukVLAP8U9q809apieKd7TT9MTHPur2T0r0wxk3FMfRHe2f+IblWszXvnAd703V/olPcur2Cuq1U+S2HpCbPAbRbtuFbVfLV+yPHxrnxx9RmF9e5dRVjQsPRvnhXIbJ/QfYO7WXWFcX43v30jcwjBaJsJ7KEu/uIRyO0zuqsGGARoZQOEJWV1hYXGF8egb97iX2LN/ifx65xciBIUpa3MM/UfQM2oMbhJZvYOgZFNvxdfsnJfa0s/wTobUYmW2MtUXIpNqdFcGGDHRWg6Kg9E2gjB9FuX0GI70JmS3IpdEXr0AuhRIfQM2mYWCfOdiphcG1J6Uvhg65DEZ6E2Ntntz1U+Quv46xegey26BqKNEelL69KEMHIBQBQAuFGBgcYGLvBOFwhHAk4pN9henpaT73+c8RCmmsrq7x/unTJJNJuru7sfasHBsf49njx1lbXWNpaYm19TXm5uYYH58oDHRGolH6+/uZmppiaHiIcCSCUvKQNlFVjYGBAfbtm2JkZISuri4Ke/rlr3Xw4AH27dvHlStXmJ+fZ/7uXUKhEIXXyeo6mfzK0Hg8zuNPHOGL6XNGMwAAIABJREFUX/wSfX199PT0EA6HGRoa4seeew5VMV9xe+7cOZaXlrl16xZTU1PE493ohs7C/ftsbW2RSCQ4/PjjDA+PgKJgGDqD0QSP9U6iKSpjXQNE1bDjwWmrTUKKxkisj0d7J0nl0oxE+wipGsPRXg4lxsgaOQYiCSKaeZupispU9x5OjOhcWbvN1fU5trIptrIp+iLdDER6GIwmiNgGMffE+nmi/yBPDT7CSKyfzww9Sm84jmazqcFogkd797KeTTIRHyamRVCD2pywyzHyzlNxxqFjhljJD2O2Mw0cfnlhv8+ynqN3FsqG5XPv2fGx8u7s6ASc8ep3nFdogP+Memu2n6sghSmAPnGf6rFKUqwe0+MuNpsVd4WF8/JhkBnNlJlRmK9xw17hTWpfz2vVYV8Fk87n3Xm6X7x8e9e+B5bVltaPDc54aQG8y+t/tNXOVnGDtXe1M1JL7KPsjFN/PfGkzvaul0B6UrCr1upJofgleuIMK9pH4fNg7V2tnpTVDyteOMytJx720rF64rbu1uiJn34Us1+rnvjox8OmJ0HOsYdV4DewU15PKoRV6kmJflRa8VfBPymrH556Qr7ZWuufOBqgmudFx+hJg/yTSnZSwb7K6onNnvzK66cndKSeVEk17Ww/p8b0CtZt14/d7p9UspN6/BMvf+Qh0BPrgFboSdEeatMTw1VePz2pbg/WxusJnnrirPGKVKMj9nPsYRU49COXRr31AcrGIvrep9CHD7quaRRPyodjA738wvFefgHYTme4s5Ym15tlPrWJoq4T2lwi2j3OxnaWnJYl0d0NGYOhni5yi4uoSw/oI8NeI0f4o0soel7A4lGKje0qmE1P1M0FtNXbqOvzHtUQ1D+p0h+pxz9pt54ITcPYWMbYeNDubAgeKIbXMjzBn8wW+oMb5M78F3Kfvo2xeNX8XFEhHDNXW47MoE4eQ33kJ1F79wZ7la2hm6/CXbuLPv8RuUvfRr930dybM5cGQ0eJJlCnnkF78hfQZn4KVA3DgK2tLW58+ilra2tomsYj09MkEglCodJx7O3tbdbW1rg3P8/tW7e4f/8+mhaif2CAPaN7GBsbo6enBwy4d/8ea2trGLrB5OQkg4MDxLu7AVhcWGB+/h4bG+v09PQwPDLC0NAQ4XDYkV4ulyOZTHL37l0WFxbp7o4zNj7O6Oho4ZiNjQ0+/OBDfvT++9y4cYOpqSkm9u5lZGSYcCiMrutsJpPcvn2LMz/6EefPnyeTzvDZF17g7/3cz/H0sadJJBLmoKhhsLm5yYMHD5i/O8/y0hJra2tks1k0TaOrq4vhkWEGBgbo7++nJ5EgGo0SDocxgKXUKkupNVRFpTccpy/cTUQNF/bDLDSXYZDWs6xkNlhLJzEw6I/00BPuYjm1RipnbpidCMfpCXURDxVXjab0NPe3V0nnMhhASFExMNAUlcFogq78Pp1gPh5TuQz3t1cIqxo9oTjxUNQx0LmR3WItnSSZTRELhQtpajLYKVTg/td7TTdcKXagVdX0v9S8X2aP5w8thrbPzLjiiBvFj0rcffstVfjT5vApVgYcRxXnzFXuAeaPV8p8X3A03aF1mLujUmXHpRK1dGRruLxv3Kv4AbMVNLRwVKctvdrL65mCRzxIe5fLUJCwUKPl4w1u34pUyLbV3j65rb/9g1R3nkqtWT1ug/bWk9J4HWFg+7LobD0Jat1l2ztgturVk/rLuxP0xMUO0ZOGhQGqu6y9NLT8fnrSwHCX+iedoCfN808a8fxolJ644jtETwKe3hA9sWi8nrgNup164rYvi87Wk6DWXc3zoi79cMcbWt5AKTpD8U8C6UnDwhrsy6Km6imbodr1xAjH0PfMoI8fwegerFChXqGtQgo1btjyUR9KJom2egdt9TZKdrtheuKm4vOmCXpS1j5sX9TvnwiNwEhtYqwvQzbd7qzsGq7+23eqOl4GOqvF0DG2V9FvvW8ORn7yPYztNdBzpvKoIZTuIZSBA6j7jqMOP4rSP2mu7gzHIRQ1V2YChqGDnoV0EmN7FWPlNsbyNfT7l9Fv/whjc8kc5AQIxVAGpggd/Qrqoc+ijh4uZCmXy7G9vU0ul0NRFGKxWGE1pBe6rpNKpVh5sMLq6iq5XJaueJze3l76+vrMQT/DIJ1Ok0ql0HWdrq4uwqEwqmYOnqXTaTLpNLquo2oaoVCIiMeqTuvVtul0mmw2i6qqRCIRIvlVp+vr69y4cYO//vZrZLNZxsbHOHLkCHtGR0kkEmiahqEbpNIpHiwv88EHH/DO22/zztvvMDM7y0+/9BJf/NIXGR4eRtM0RxmTySQb6xtsbG6QSZv1GIlE6Ovvp6enh1gsVtq8OGe9ea/mtI6l9MmWL7P1qgIL93X0/G2nKIrt+WRUTNM7H0YxQ0r15wu7l3u/kcB8ba1pPIVXuiq2l3DkBwqdx5koeY/L8cYZW9xyyCgcb/vbZabubpTdX7YwANV2XNAfPq28taQj20yqyXCQjnC1Yc0dZncB/OLVlf/h/iEsYEZrJoCFN+yHkWrtC1cD1FbeoNbXzI6rrTaD6ceO0xN3vEF6Utbe3AWosfj5ZCrpScPCOvSkIbTUvtw3UCv1xCpva/SknvZuir7saD1pxPOjWvtyF8AvXl15d6V/0jA8ctw2PXHbF64GqK38Qa2vbHvXWSpb7ZbGq7qfm0BD9MQdb6eeVFde8U8anYCdduqJVd7W6ElV7W37Xu8eQt/zGProDER7qstMuQzWqie5FNr6POraXdStGlbPNURPGvH8qGRf7gwHjQutwkhvweYKRirZ7qzsOqod6JRX11aLoporKyc/A5uLsDaPfv8SRmrDHLTMZTDW72FsrWJs3McYnkYZnkbt2QPxAZRYL2gRDBTQsxiZLYzkA1ibM6/z4CbG+jxGaj0/eKrm9wadQB17AnXqGdS+vY4saZpGd36lZRBUVaWrq4uuri7GJ8a9i6koRKPRwv6VbuyDlWWrS1EIhUKeq0sBlhYXuXjhI94/fZojTxzh6NGjzMzMEO/uLhk0HR4epqurC03TuHD+AqntbVZXVzz3B1VVlZ6eHnN1ahUoBB8mVMwC2iL5P30GmB35cx2juC9SBcX9Ems6XdjVKHn/S0FVobgphm0PG+s4zLjDdN32n4/bLuNvlx7+nX2A1MuFU9yhYg9te9b4xfNXde/R6d6zxn0cfvGq98DyLrefo19yNXu92uL+e0641r/a9ibyDR3nFWvcvH6xwt1xnxZyFcidwSpFy3VZr8FyR9ynecrvWeMc8A8S+tpHVTNeoaTFK1Wru3rdV6vQkS1dH+2K29rZEeITetiT1c5eeuLboCU3uHd5SyijJ4W4jcB6kv+3xD4C6knV+lHIUCU98fhhpIyelFRXw/SEwHriCMvoiSMeWE/Kl9eN+/J+euJuDueeZ63Tk+pm0GOrGL8Cla8fPz1xZAf8za/QjrXrSYl+BNITK9oaPfHORQB/pJK+1Oqf1LxHp7N8D41/4mv4lfSkgoFUuGx1/knr9aRp/okPdfsnbdMTV4M2Uk9slNiHO3Rko0b96GD/pHl6QmA9cYQN1xPK46cfFfTE3Rwd5Z+Us4969cTLH3HHwd/8xD+xJVuqJ2pyCfXTd9AXPkYfeRRj+JC5wrPqiYkB/RIfPVEySbSN+6jr91C3lvMf++iKR/UU4g3Tk4D6Yavx6vTElWG7P+KOCy3FSG1iJNdABjh3DDLQWQuqhhLrRT3wPIRj8MF/QV/4GGNrFQzdFPtsCmP1DvrmItz5gFwoihKJ51d15gcIcznIbpkrOjNbkEliZNOgZ0DXzWO0CEr/JNr059Ee+yLK8DREgg9qdjq3b9/h3LlzpDMZBoeG2Ds5SSQaxWuwUFVVRsfGeGxmht7eXqKxKJFIBE1VPY8XBKESRsFZMjsFRsGZsrZL8Dkr7/i5Ol8V/Fy7I+rolOATVnVbG670invWWN+bX1e3R1G1e9YUw7zfT7HzYIsWtiIpKXcBpZBnZ9zZk6t7Tz3PPSes7BQbwTNey0CLb3lroJb0CqHfnjVGSTxYe/vsYeO2r0Jor1N79t1xv/IWDCyPj700ec8at70YNj1x60vVVKEnjnPKhVUk7vzhpNjOTn1poJ44QgimJ4ZPed0V5B132EvT9MQd+ulJMZsl2fdvJmdYDXXZl7ve/fWktudHbXri3suvaj0pHFheT6hFT4Loits+3PphVXvH64n7AMOVnvgnzfdPqNy+bnaAnrjjzdSTUv2oUk8KeNiHb/s2zz/x26OzbXpSMz7+ids+fNu3Xj3J15nPnr+1+ift0ZPq/ZOHSU9qe34E1BMMV7br9E8KWO1oHdsA/6RuPSkWYif6J956AurGIurGIvrdCxj9k+hDBzD6J83fsg13gasI7Q8ad4iOurmEmlxE3VxETW1g2M7uGP+kGv2oRU9qbl+hURjZNGxvYGxvQDbT7uwIVSIDnTWhmK+oTYyiTjyFsbkMsT70+Y8wNhYKe2qSTWFkU8AaKCqGGkLRQqCGzAdI/tW1hp41V2+6lSvchdI7jnboJ1APPIc68ihEekDVvDK1I9naSrKysoKeyxEOhYlGo6iq/96SoVCIaH4g1NobNOozMCoIQiWUQmDNUCvsxZl3vMrPuDYxsF4pm5/LpuS/V5zJ4LhNFZxTmt0JWBmwxY0KPQHXzEBrBqqB+Qre4CuyrMtY33sXwznD2j901XYxXrFjU3KGM6yQsDUjtehcu+K+KyeK9uDMVqUZ9j6hrVj2kng2py8eV3BMWVUqV6jDkEtXNPjNcC+d8WxVszvuaJ3S0NtMnebrKrHnB24D9D3DdYJXA5XJccF+XPZUOuPZxz5K7Kmynniav0d2PW8Pd9ndeuKVgTI5cK9o8IuX6kk+B9XqiTusUk88KzCQnlRIsCQD5fXEStd/BrSfnlTWj6B6UvK7WAll9MPvBq1RT3yfNxX1pIK9+GTXEbrqyPODEoPzO6M6PSmxD+rVkzI64qMn9pyX05PS4npcoU498fNPfJ83JX6J+CfV+SeN05OSA0rw0xN3vH49aal/4qqTcnFfA/Q7oKLjWEFPOtg/8a4gV100yz+ppCdWDhqkJ+7bHefHRWr2T4LpSVD/pPKKrAbpiZc/4o77UkY/mu6fWNXZRP/Edhx4x4PriSveNj0poyM+emLPeVP8k/IW6ggr6YmaWoN7F9HufYTePYzRO47RN4HeOwaxRD4biscN4IP79s5toW6vom6toCQfoG6v2I5VSq7Ukf6JIxv164k95+X0pOQEoQ4MjPQ2pLfMV9NmUu3OkFAHMtBZD6EYSu8E2vTnUSLdoMUw7n2EkVw2V2haA55ghrk0Rq64Ya2nJlmvqo30oPSOo4w9jjr9edQ9sxDra0mxWomqaoRCGtlsllQqRSqVoru727HfpoVhGGxsbLC0uATA0NAQU5OTxLq6yg6OCoLgR35o0nDOWDNna5odH10343o+7p4BaXlchsPBzfuYhlFwAr3TtrvBxZnkZtQwHT8jf1nDmp1n/us747Rw3WCh43r5dKGYrkOpg/QXqm+C8qH72CrTL35ktZsrnv8g0IznIDMeK4TFTkP+X6sz4pX3vHlZhuE347Sa9q5qhruHffnNYA9Mve1dL4HTs9rZFa+yvauaUW/TEUs/cMcd9uOdfStma66a27uuFZlYeX549KSIn544HgBt05PivWl7+DjK56cnxQprp54Uq7+CEXSsnvjoR4v1BJd9+emJV8H89MSMtkZPCvZg+T87TU8CXr4m/8RLP8Q/8dSTwJRrX69jW2xf7daTEv/EbS++euL+NoB/4qUf4p8ETL+8f1J2RVYj9aTsCmKXvTjK5++ftEZPnPrh9kfq9k9KyusT1kpF++pQ/ySwngT0T3zbtz49UTcWMTYWYe4cWiiCEetH7xmCrgGMrl6I9mBE4qBFzJWfimK+JgwdJZsGPY2S3kbJbqGkkyiZDZTtDZRKv5GXVkP50H1ss/2ToDoS0L5wx330pK57ZddhmBVo6Bi5nLntYDZjbj2YScnA5kOGDHTWixYx98987Iso40+g3/4R+twH6PMXMB7cgux2FRdTzMHTxCjawZOo+38MdewJc2/PcFfTitBORvaMsP/AAc6fO8+dO3e4dfMWiZ4E4XDYcZxhGGQyGc6dPcv3vvc9Yl1dPPrYY8zMzhLz2UdUEITyFAchLXdZyfv/Coq1Zyeu7+1hxanirs9dFJLO+3MlK9zKp+4/IS//r/WjtZL/0m+lhNXhqLRnTbAlNF49tjy2H1pRvOLO+nF3c4JMgC/bbwy8IqIYWjVqXr9Y0Y64XwtVzKBfJ66QjONyfnHfXJRtJqu9fewF+woJZ+g347UkdNmXZ1jOXgrpuQqWp8Q+3HGvZP1z69Fcinfczz5sF7Dsq+TC5VqspEF94j74rZCtqCPu5ILoSUE/XPbkDluqJ87Qau/C4bjiTdMTH/sooyeOsGF6onhHK+iJz+GBV1A2Sk9K7KVa/ahXTwLIV3k98dGPlutJBX3xwU9PCt9XCmvSk9Kw8f6JRXX+iZ+e+D8/KtiHO6zWP/HzR5qmJ04eSv+kBXpS1j3yz23n+ifFCqEcVfsnfvqh5MukVLAP8U9q809apieKd7TT9MTHPur2T0r0wxk3FMfRHe2f+IblWszXvnAd703V/kmFZGv2T7JplM0F1I37zgzVEBqOMgfwT2zf+z2tag7rtS9XW7iapzJBMioIQlkUwzDkVmkEhgHZbYy1OfSVOxgrtzAe3MBYv2vOeklvYKSTkNnKv6ZWAU0zX08b6YFYL0rPHvP/3nHUkUdRBg6gJPZgjjg8nCwuLnLl8mVe/5u/IZ3OMLJnhOnpafbs2UOitxdN08ik02xsbHJ/4T5zd+6wurrK6OgYn/nMZ3ji6BPIa2sFoTbmfz2B45Wuiu3lHAq2z83j7Q5zifMMYICiFh1RR78l75jZ71b7ret1F/vd2tbHgX5IsR+n+PuLjXKEC+W04g3Dw3V2FNDHE29siSnf8WhkeT2o0/GvuyPUgI5PXR2hqsrrl0IVYb0DtRXjNZS3hR29SnrS8LAKPam/+H56Ukt716gfhYp1V4AtXo29VEuT9CTw5RugJxaN15OgKexwPWkifgM7rdSTEv3w0ZPqCWAf4p80RE/qeX7UW5sWntmvqrw7QU+qpMZ2rje5dupJx/knLdWPh0NPAl++AXpi0To9qSMU/2QX+iet0BO3fdkqoJV6IggPAVf/7TtVHS8Dnc0il8HYWMBY/gR96Zr59+YSbD2AXMYUt1AUpWsAuofNwc3hR1H696LEh/L7cFbxgNzBbG5ucu7cOU6/9x5Xrlyht7eX0T2jDI8MEw6F2d7eYmV1lfm78/T29TI9Pc3Jn/gJhoaGCIVkUbIg1Mr8b/SiAihFtVHz/piq5sP8F5YDrLiOtwYjzT06KUw8sKuX34BmyecOv7A4o7B4hHlAyUzSgGHJDHffDo11WJ0dl0rU2ZENennfeAM6slV1dMt0bKovb9CudCM6spXCQo2Wj7e4Ixuo3+Wf24Z0ZCtWd55KrVk9boN295wD2EvTfiix6Gw9CWrdZds7YLbq1ZP6y7sT9MTFDtGThoUBqrusvTS0/H560sBwl/onnaAnzfNPGvH8aJSeuOI7RE8Cnt4QPbFovJ64DbqdeuK2L4vO1pOg1l3N86Iu/XDHG1reQCk6Q/FPAulJw8Ia7Muipuopm6F26omtQnaQnvhd3je5JuhJWfuwfVG/fyIIOxMZ6OwUDAP0LEZmGzJJjPQmpNYhnQTDWtEZgki3ub9npAfFep+5FqKhD4MOJ5fLkUwmmbtzhxs3b3Lr1i3WVldJbW+jKApaKEQ8Hmfv3r3s27ePib17GRgYIBwOI6s5BaF2rBWdYK7kLK7oNEo+B/vKT/P8witMoDgQ6l7RaX2Xx37Het2+bsdSVZxxxXZctT98orSgI9tMqnLsA3SEG/lDSU0d4yo7PgE7rj6HN6bj6i52noZ0XCuUt7EduQAWvsNnvAa1vmZ2XG21GUw/dpyeuOMN0pMWrMixkqmkJw0L69CThtBS+3LfQK3UE6u8rdGTetq7Kfqyo/WkEc+Pau3LXQC/eHXl3ZX+ScPwyHHb9MRtX7gaoLbyB7W+su1dZ6lstVsar+p+bgIN0RN3vJ16Ul15xT9pdAJ22qknVnlboydVtXeDS2ur7YdETxrx/KhkX+4MB40LwsOPDHR2GoYBhm5udpvLYOhZMHQUFAxVBTWEoobMwU1FZbeKlmEYJJNJ1lbXWFxaZGN9nVTK3BBY0zRiXV0MDw8zMDBAT08PmqbJIKcg1Mn8r/cWBhsLA4oKKEZxRWfhY8X5d/7Qkrj9vnR/b/8MACMve0YxXbffV2kw1Plp+Y5uoBWdjezIlHRsApzuf3b1HRl3GKAjW7ajUiYeiI7q2FjtbdGEDm2LZ7yWXK0FHdlK9mW/j5vubTa0I11DR7dheuIukE/c64eRKsrbDj1pqL60VU/cBdw9euLITuNLWVqcHakn1Vp4M/UkoL5UWd6gatVMPQlau4EQPWmLnrTSP+k4PamZGvWjg/2TTtCToPoSCNETqrKXaoubT8advCPe+FJ2tp4EtrdKFl5GXxquJwH1pcrytkRPAmanJj2pq30F4eFEBjoFQRCEQMz/egJQCoOYxZWbVBjM9Pku74Ap5j8V9+i0n2u/nt/35Y4DvPtdrhMb3dFp3oz6Mh2NHfpDRsOpM72qO0IBqrva2rYIZB+OC7h70gHspRE/XLTwh4x2d/Q64YeU2mfUV2thzdSTgPrSCfrRBD2p5/lRb21bBNaTwoFN0JMgutJI/ShbXp+wmXhVQ5XZq1c/dpd/4nF6M2mRnvgm1wQ9sahZT0rOaJGO7Fb/pMrs1asn1gHN809aoScB9eUh1ZN6nh/11rZF7XrijrdTT+pE9ET8E0EQyiIDnYIgCEIg5n+jt+B22ffmxHDu0WnY4wCK031TSuJKyfeFvx1/GbbvlPyrcHF0bIorPp2Op1KDA1qyotPX8bU+bnBHxk2TOzYV3e4WdGTLdmyrKm+lrk4jO7K1dmQq0OaObLXp+ZW2kR3ZquylTLwUdwKN7MgGtI+HTE/8kivE88Ute7sFzGa9elJ5Rn0N+tFyPalgLx2uJ0FL10w9sahJP9xntEtPStKxVcgO1pOK9tGA50ej9KRyeYNaXDv1pAKdoB8dridB9aUybdSTQoU9XHril1wh3gL9cNuX9UGlgeFSatCPhumJbw1WiLtoUTvXmm4n6IlF9XricYaXnjTTwr304yHSk4r20QI9saikJy25rwShA5CBTkEQBCEQxRWdzr05i3txVtizM+/hKXnPq3RFp3WdYppux1F1+cFe33v5cyrVO5r5bNXe0WiyY12RutIPWuIqO841ufDuAvkUN5+MO3lHvIbU6+m4lnQ0mklb7WvndZz9rKue9m5oR7VsfVe4QDNoip7U0t7N0hNX3Cd5t55UUz3N0pOmNH9L7ctHP9qiJ+6QYoPUoCfueDP1xFabO1NPAhO0xEHat1l64iqul3546EnTrLwKPWkKbbWvduoJxQaoxl58jq5KP+rUk6D6EiyDvkVtDHWlH0A/qn5uNFpPXHGfbLRVTyrUZl201b589KMteuK2L4va9MQdb6ae2GpzZ+pJYIKWOKCOtMA/EYSHERnoFARBEAIx/+u9oJiukrVyU1FxvnLW/LMwWOn+G8+44vm9/TMA8ulZ/lrQPTpLruN7hNMRbd0enT6OacWBHGcJKnZcqg1r6Nj412aAfkIndmxKOrIWAToujejI1jWj2rt4vvEGdGSrsg/XfdvyGadNTc+jxJ4/lLRTT5yh38CdO95MPSlTe9U3T0friTv9FulJVfpRpZ4EkC/Rk1rx05Nanhc16kdFPXHG2zERoCp7CVLtdjpaT6z2tnh49KRc8qInQal0B7grtJl64mMv4p+03752sJ5UPNqrfdukJx3T3g3DT08qhI3Uj4p6EsxeGqofVdqXX20Got32JQgdiAx0CoIgCIFYWFgAQFGU4uCk6+9qP/MK/T7zO8bv+yCfl6OWcwRBEARBEARBEARBEARBEITW8cH561UdrzYpH4IgCEKHU+88l1rOl7k1giAIgiAIgiAIgiAIgiAIQqOQgU5BEAShKQOQ1V5TBkEFQRAEQRAEQRAEQRAEQRCEapCBTkEQBMGBDDgKgiAIgiAIgiAIgiAIgiAIOwEZ6BQEQRAqIoOfgiAIgiAIgiAIgiAIgiAIQqchA52CIAi7nEYNYspgqCAIgiAIgiAIgiAIgiAIgtBKZKBTEARBCEyjBzNlcFQQBEEQBEEQBEEQBEEQBEGoFRnoFARBEArYBx6DDkK6j2vF4KUMkAqCIAiCIAiCIAiCIAiCIAgy0CkIgiAIgiAIgiAIgiAIgiAIgiAIwo5DBjoFQRCEjkVWbgqCIAiCIAiCIAiCIAiCIAh+yECnIAiCUBYZbBQEQRAEQRAEQRAEQRAEQRA6ERnoFARB2MXIIKYgCIIgCIIgCIIgCIIgCIKwUwm1OwOCIAiC8DBhGAa6YWDoZggGMp4s2FEUAAVVUVDUfGh++HCg5yCXhlwG9KwZN/R250qoFUUFVQM1BFoYtIgZfwgQvd4dPMyaKzZcysPc3oIgCIIgCIIgeCMDnYIgCAJg/lgW9Icg69ig51Rz7Z1KTtfRc3r+h0ZB8Mc0EYOcYUB+/E9VFFRNRVN38Ms2MknIbJsDnMLDg6FDTjfbNbNlfqaFIRyDcLy9easR0evdxcOouWLD/jyM7S0IgiAIgiAIQnlkoFMQBEFoKQ/boGcup5PTc7t+BYVQH7phoGdz5JQcmqqhaTvox9h0EtKbsmpzN5HLmP+nNiHSDZGdMeApei1Y7FTNFRuujZ3a3oIgCIIgCIIgBEMGOgVBEHYpD9uAY6vRDYNsNif7nAoNxTAgm8uR03X/438QAAAgAElEQVRCIQ21k+/RXAZS67KCczdj6KYNZLchmjBXenYgoteCHztFc8WGG8NOaW9BEARBEARBEKpDpjIKgiAIQpXkcjqZTFZ+cBSahmEYZDJZcrkOXSWZTkJyWQY5BZNcxrSHdLLdOSlB9FoIQidrrthw4+nk9hYEQRAEQRAEoXpkoFMQBEEooV0/pu2EH/GyuRzZXK7d2RB2CR1pb6kNcxWfILhJrZv20SF05P0jdDSdZjOdlp+HDalfQRAEQRAEQXg4kIFOQRAEQQhINpeT2f9Cy8nl9M75ITa1Ye7HKQh+pDc7YrBT9FqolU7RXLHh1tAp7S0IgiAIgiAIQu3IQKcgCIKwI1ZStptcTpcfHIW20RH2l07KIKcQjPRmW19j2xH3i7CjabcNtTv93YbUtyAIgiAIgiDsbGSgUxAEQQjEbh4M1Q1DZvsLbSeby6G36z7MZeR1tUJ1pNbbsoer6LXQKNqluWLD7aGtz1hBEARBEARBEOpCBjoFQRCEpvGwDI5ms/KDo9AZtM0WZZBTqIU22I3otdBI2mFPYsPtQ+peEARBEARBEHYmMtApCIIgCGXI5fSHZsBW2PkYhtH61+ulk21ZmSc8BOQyLX2Frei10Gharbliw+2lLc9YQRAEQRAEQRDqRgY6BUEQBKEMOV1m9wudRcttUvblFOqhhfYjei00g1baldhw+5E2EARBEARBEISdhwx0CoIgCIIPOV1HFlYInYZhmLbZEjJJMGR1i1AHhm7aUZMRvRaaRas0V2y4M2jpM1YQBEEQBEEQhIYgA52CIAiC4IMury8TOpSW2WZmuzXpCA83LbAj0WuhmbTCvsSGOwdpC0EQBEEQBEHYWchApyAIgiB4YBgGuiytEDoU3TCav4+bnpO9OYXGkMuY9tQkRK+FZtNszRUb7ixa8owVBEEQBEEQBKFhyECnIAiCIHggPzgKnU7TbTSXbu71hd1FE+1J9FpoBc20M7HhzkPaRBAEQRAEQRB2DjLQKQiCIAgeGLr8wCV0Nk23UVnNKTSSJtqT6LXQCpppZ2LDnYe0iSAIgiAIgiDsHGSgUxAEQRA8kJn8QqfTdBvVs829vrC7aKI9iV4LrUBWdO4upE0EQRAEQRAEYecgA52CIAiCA/ueRLt7f6LdXHZhZ9CCPToFoVE01Z5Er4VW0Ew7ExvuPKRNBEEQBEEQBGGnEGp3BgRBEAShE2nKGG92gUs/usjZa6uspPM/+odiDE9N8tyxw0z0aE1ItEjy9hneeP82c6s56JnkK0eTvPLOsvn3V55luKmpN4FskvXtDGhxEl3hduem5TR9HoKhN+5arx6HS2W+/+xr8ONDjUuvEld+H/78G/AP3oPHWpdsw3j1OFz6PPyL3wS/asumIZWCUAKiLc2dN420J/elm3ovzPHWn77Lpa04x17+KY73VXPuZb71BxeZC6KxS6f55n+9zfr4Yf6nL82Uv57vRWIc+XsvcbKFtxIfv8XvvrPMxPN/n597tIXptoFm2lljr13GThSN+MAwx37iBEf6m+tz7HR29Vw/QRAEQRAEQdhhyECnIAiCILSChbO88p1rLKYhPtjH7N4xhkKb3Lu9yPVPr/KtT29z5Kdf4uSeJqW/dIZX37zBejjOvtkJpvr6iY7ByRMjEBmkt0nJNoZVLr1znk+3Ejz54pNMWB9fP80331mGsgMDQudwHD73zyDh8dWI14dCXVz7Q3Mwd/b34eWjwc8784dwJwGffxm6m5e9HcP163y8BZDk8kdzHH9+otIZzSfax7GnxoiXfBFmWG4lwaLETjIs3Zrn2vw9Tv3V66z/7Es818pB8RqYO3uKs4thDpw4wWxPu3MjCIIgCIIgCEKnIgOdgiAIQlUYhoGiKO3Oxs7CuMbr37nGYibG7Isv8MJk8WfHI0eB7BzvvTXH6EjzsjB3eY51Q+Pgj32BLx0sruI4Mtu8NBtHmqW7C9zcyHEAigOdY4fMgdrEWBvzJgSnB6aP+69AFBrL+Ofh549C/4Hqzrv52+Zq0edloBNWee/cAjklRqJ7m/Xr17n63ATT7X4EhhMcnD2881bhC63Fy05mn+TZy2/yzR+ucunybZ778cl25S4Qa/cWuHk3RuIpQAY6BUEQBEEQBEHwQfboFARBEIQms/7hVa6nIf7IE45BzgKhCY6/+Cz7mvjj+dpmBggT732IXlWXmOTI7GGO7K3qXZIN4FP+/N//Hn90OVnFOUkuvPJ7/G//9dOm5UoQHCQOwuPHYUKW+NXM/GUur4A29Rgvz/ZBdoELF7fbnStBqIv4cII4kN7cbHdWBEEQBEEQBEEQGoKs6BQEQRCEprLN9btJIMbBR4OvnHDspwloXQkOPnmMF2cGiwdZe6P92Bc4snqaU5dXSRpAV4LZZ5/nhYPxwjFWXi7817/ggjsxx6tfc6zfPMMbP7zLva0cKGGGp2f40uAc3/zhMonZk/zSiRH8954r/fzS63/BW3cHOfmVCZa+e5mPH2SIz5zkl04Msj5/kfdO3+b6g21yBqCFGX30Cb50Yj9xYPHd13jlkjWwsMxbf/AXvAXmfnCD5p52FPJk5n/l8ru8cXaRxa183fUN8uQzz3LcNshczNN+Vr5/ngv3MwDEByd47gsnmO4q1zoHeOnn9/Dv/vCP+aOv/SP+8YzH4LWzNbnwyh/ze5f28E/+TZWr63Yb1t6ZP/8GfPqbcOE10Cfg0K/Al1+ChdfgW78Pq9chdBI+92vwjLXGdwl+7yXg38FX98Jf/F8wfw5CR+Hwr8BPHa/s+X70p/DWn5rXZwLGXoYvfA0mI6DPwe++DOu/DL/6KxCxnzgH//fLsP2r8L98zZxKePtN+M5/NvPABEz+Mvx91ypJfR3+9htw4Q1IL0HkJfjcr8CxBrwedek1+L2vO/c/1dfhtd+Gy9/Pp3ccZv4xfOEk3MjXPQBvwu8dN/9s9f6pHUOOq5fukSTM7Mwh4mMZJt5fZe7SeRYf99hvc+sG733/ImfnTS3T+kZ47id91lyuXOaN71/l6nLG3DNxZJwXnmhw9gvPhxc4eOddfnDHzFd8zyQv/OSzDC+d5vV3ijo/evRZXn56NH/yAqdeOcUFJnn5xQRnvneFm6s5UDT6907z4guHGS57L1XQYeM2b/3ZaS5t9/Hcf/d5nnTdS2/96btcyozw4i+dZFopfR7GByd47nPPMG3f19pY5sL3z3Dm5jrJHKDFmHjySX7m6AQP0fSexpDWSQFaxLm3dcV6XrKeuc/zM31X+Zv3F1jJAqE4+z5zjC/Njjjqulo/Znb5XX5wbZ1kl20PccDuuxR8EGOZC2+e5r27SdI5QNPoHz/ITz7/BKNln9+CIAiCIAiCIDyMyIpOQRAEQWgqi6ysAcQZCvhq2uTHb/Enb9xgbjvKvtlpTh6dYEBZ5+oP3+Kb7y+UHL9y9i1ev61x8OkZjs/2Ed9e59L3v897q+Rf7zrDdD9AmImjM5w8kf//aJ9zrAZIfnyK/++7t7m3HWZidpqTT4yg3T3Pq2fX66oFWOfMt89zaU1jYGyE4a4MpK/wxutXub4VZu/MNCdPHGK6R+fepTO8mi9n78FpTp7Yz0QUIM50Pu9Per6tNse9d1/nT354j0Wth9mjMxyfHSGxtcyZN77Da9fcK7HWOfPtM9zURjl+YpojY2GSy3O88fpZViqUpuvIl/n6fz/IB3/wxxVWdpqDnN/4aJB/8m++zNOxoPX1kLK57v2/7jrub/8tLD0Jf++34MBeuPZ1+LPfhP/yl+ag54u/BuFT8Le/Ae5FsvpZ+M/fgKF/CD//m7AnBuf+FfznN8vn7e2vw1/9pjmA+uLvwGe/CqvfgD/6l3A1DeoEPPMy6L8PH7ruh2tvwCpw8mXTu776+/BHvwbrh8xrvfg1ePAN+E+/D2nrpCX4f78KZ07BoX8NP/9bcCgFf/PL8IOlWmu4DGn486/CufeK6T16AC7+a3jzcv5Vt7+Tfzf0cfjc75jxR3fpitD0FS7cykHXCNPjgDLN7JQGG3c5cz3nPNa4x6nXznDm7jbRwQmOnZhmNrHJe399hUX3dbcu863XLnJ1Wad/cpLjx/ezz1jk9e/fJfAacV1nfWO19P9k6WrTxTPv8N5GH08en2Z2KEzy/m1ef/07vPrmPVJj+zl5dJT+cIZ7Z9/l9RuucunLfO+vr7KWGOf4iUNM96ms3L7MK391prRcBQLosDLJk9NxMFa5dGHVeXp+T9T+w08wrUD6WvF5OH10hpNHR4lszvHGt05xtXAvLfCDv3iLU9fX0fZMmnq+B+bOvMufeDwzdw0edrJ45zyvnZojTZhHH9tfODRYPZvk5j/kLz7YpHd62rQfLcnNd0856roWP+aNq0no62PfYIycj+9y/GAC2ObsX7/FqdtJolZ7j8dJ37nKt9691py6FARBEARBEASho5EVnYIgCILQVDZZS1Vz/BynP1gmrSR47stf4Mn8yoQjT+dXwHx0nrNHnStgktooL/+DZxlVAA4zxWu8cinJ3O1tODLJkVnQbl3m6orGwL7DHLEWZy1tcvbcanHcpZB2nGNf/imO91lp3+PUn79TuhK0KjJk+w/ztS/NUFz/OMqLf3+SRKI4kHJkpofcN89y/eZtVp4ZoX9kmiMjC6x8dIO5VIyJ2cMUthV1jwWlr/CDy9vQNcHP/YMTTORfBXzs6Hle/bOr3Hz/LHOHThT3+CSDtu95funH8quYZkfhlVNcWFngZhr63aPALrqOfIX/4x+9wv/+B38M/4PXys7iIOe/+F+/IoOcvAnf9Bps/Dz8i9907t05/s/gq/kVhbPD8B++BrffgJ/9Sziab5i+dXMF4rU5OGBbAfnAddzjJ+HVfwmX/k+4cBKOeDRs+j049Rr0/Qb8cn6wkuPwzAz8h38Ff/ttmH4Znvpp+O6r8OEpOP6SdTKc+UNQfxmeSgBz5irN6C/D//grEM1fa3YYfufX4NxX4ZkEXPgTuL8EP/4qfHaimNfw1+AH34bnvlZbNftyGa4uwb7fgpdPFtN76Z/D1hAkgMcPwsfAnOynunLhFvcM6J+eyWuGxvTsKD+4Ocf1y1dIHzxcmCiyfv48F9YhPv0sX7P2PJx9gmMXvsMfvu8cFL95+gpzaRh95gu8fCSvGbNHmH77Nb511TXQ6EdyjtdfmSv9vGSFPaT79vO1n3nC1N2ZOKlvnuX6yjrxZ36qkP6RHnNV3Z07d2G/7c0DySRR23HMTjPx+nd46+4NTn10mJcf9xC1oDp8ZIrR85e5d/1jFo9Zed7m7OUFckofs0f6gDl+8P4y6VAfJ7/8eY5Yz8NDZ/iTV2/wo49WmX66j/RH5zm7DokZu54fZvS7/403Ll/h+jMjHAxWsw8XfnYSTXDkxec5OW6tvwxWz4XLrmo894s2/2T2Mt969SJzBf+kBj8ml+CFX3yBWdtqzFE/34XL3LwPDE3z8pfytj37BCezCyxuNXGzc0EQBEEQBEEQOhZZ0SkIgiAITaWb3mgVhy/NcWcLGJ0s/DgIgDLJzL4YGKvM3Xaekti/Pz/IaTI8YP4ondyschVmIe39hUFOM+1Rjuyvd5QuxqNP2wc5ATTHICfpddY3NaIRwMiRrTaJGwvcMyC+b3/hx3UAug4zPQpsLXPTsVQzxsGZUVt8hKEEQIb1gFVnDnZ6reyUQc5SbKsEHf//c3OQzc7UoeLf6jD0ALzsHKQcyg8OrrtHvF3HEYHjLwNLcP26d9Y+PWeuKj1y3OkdR4/DNLB6Gh5gvur1mZPma2Hv549ZP2UOIB550Xyd7YPL5urOqScha1u1qh6AAeB2fgnq9VeBz8P+hHN1696TkDpbOpBfNwdgcghu/yl8eB2sCRihodL63+0Y13jvYhIKA255xmaY6QPu3+JD20LEO/PreL2ePP74JM6XEC9wayEH9DH9uF0NNSYeHaXSS7ALRPs4dsK2Ot/6/+kpel2HJvbYrqskiMcoTX8wTgKvPRvd+Ywz+8QoEeDevOtBZBFUhyOPcfyRMGzc46P5/DGrF7l0H7Sp/eYg2Mo985k0OMK+nG1lojbIWBxWFswTb86vAjH2jsdsqxc3GB3qgew6c81YIL0TcNjJIfb1AEqc2ZPPc9K+X3jAei7g9k+6ZvjMvnDRP6nBj4kfnHEMcpZnjNF+YPkGb527zeKW+ep5QiMMi5YJgiAIgiAIwq5EVnQKgiAIQlMZpr8XWEiytABUWmyQ0ckBKKVfafnPsq5FP4neBq1gKJN2f28cKH0tYnA8Xt1rrHP9vdOcurpK0j2q2VN9CrlMfh8wxT2PSyvUXc5Rd3H6+6tPx03pyk5kkNOTKlYJDnodFA02Ra9vovS4aH62QS5dcjgAmfzItuYxK0EFSBVfr3v8ZXjv1+D0ZfjZGXj/VeAkPJvf5za1ZoZX/zX8R4+01DvADGwt4b/KFXOgs6ErKhPwi9+Av/xteO0fwmtA5CQc+cfwYoD9S3cR6Ys3uJ4FRobYl15l3WY2o3tisJrk8kdzHH9+AsiYewRCqd2VaGkmr0FFTSqgEnwvyXCCg7OHS/cJ9cD7+eCRvhdd3Qy4j4uoRIF0znv1aXAd1pg4MkH/1Rt8fOkaL4wdYu6jOVYIMzubn+iwnTGfSfev8s1XrpYmpq6zSIZkGmCbS999k0seeXqwzO5cneyykyOHonzrzy5y6a3T7PnFF5i15oMEqmcK14knSkcTIyENyJj+SQ1+TP/gaOnBvvRx/EvHSH/vPBfOnObmGUALM7zvEC88X2n/WEEQBEEQBEEQHkakGyAIgiAITSXGwckEP1hY5/rHtzk5Mln+8LBq/thtlH6Vy38WCvxreJWUSXtlLeDucR7n+rF+/l1ev7QOPYMceXSE/jDANtc/vIHHy/YqooXNiskZ7g0fc4W605pUd11HvsLX/+Er/Ls/+GOWHoErc4P801+VQc62sDpnDkrax1lS+eWLms/7iMP5H+5zHu+Z1sExyJo4CdNDcOEN+ALwwSmY/h3YY10rP1g68WvwzIHS68UOARFz9SfH4XP/zHtF5bhP+eohehC++lugp2H1Dnz4p/DDfwXrvwO/cLwJCe5EVvnw4/xyzYVr/Mkr3nv+Ja9e5uwzEzwZCROxdMUtPSV6GM5rUF6T7ANBOgR8cW3r2NrkgYFzZWZaNxcD+4hpVTrcd5jZPTf4wa0bnN2Ce9czsGeG56w9mK1nUv8oJx/zmJUSGaSXMIsamPs4HuKgx6rAhOeezruQyAzPTV/nlUvLnH5/jtnn8+uNA9VzkaTHKw/S+ZHLkEZr/Jiu/Zx8aT8njW2SDxa5fvky7318mVc24Z++dLhk/3FBEARBEARBEB5uZKBTEARBEJpM4okZZi+d5tLVD3l9fJAvHXS9oDC7wJl3bjP62WNMDE2wt+s2l+7d5uzWTPG1b8ZtLt/cBqWPiQpjpTVTSPsG763OFF9fa9zjwg33as5+BuIwt5lk0YDh/A/hyStz3AuYXCr/urmJoy9w8tH8h1vnufoeEHYea64CybC1Bfi93m7/CKM/WObezRvMnRgt/ji/dZGr94CuQfY1YAWnH71PfYWv85f8+2/DP/3VL/OsvEKvTbwKF/55cY9OgLOvAkNw0GenvgNHzYHMC+/ByZeLg5qp9+Aq0Pes+dpZACJw7Gtw9bfhj+f4/9m79/io6jv/4+8zM7lCCAQIkEAgECCYRAhXRUABBayotN5da1er223rrt3abvvbbe1v63a33dU+tv21dXtZ27XW+65cvEAsIghBQBIuQRJIQBIIEEgghGRymcvvj8lMZiaT+0xmBl7PPuicOfM938s535yM55Pv96uW6VK+V5Bw5LVSsqQLLVK231S43rGfrEel0nWSJVu6xq+z2BSCb+mtrjqNSJJMsdKITOmmL0vlb0jnvP60wDxS0mXJGuzyo8SZMpXVSxo6WvOuSQkYMGn4rFwHaupVeqhe1+Yna3J6sradrtfRT4/phhs7pl1u+vSk3x9tjFbmuBgdOlqvQ/vrleNZ99Cu6qNn1cs/JxlE9Sr/tEk57jU6ZdfxI2fVKmnM2C5+EfXpPhyva6eP1p6aczq08YgabGZlTp/Wcc7dv5OaHEqcPkOZ3gFXZ5vsipFZ8pz/JiNNOdne865LdlubzPwXr8eoWZlKKz+sak+gXr0+zx6dvp8c06HKto7vJ7HB+x5jaf/DgBarXR1jnpt1sa5Nw1OSJCNeiSnjlXN9nC6e3qFDDa7Rp2ld5ggAAADgSsR/9gEAEGrGeC255aIubCzX8Y8K9NKhZGWkj9XIhDbVVp1T5ZkGNTljlDM9X2mpaZo7K0XHdtbp4/UFqs5M04SYJpUfr9ZZq5SUk+t6MBkSHWUXr9+os9PHK7O97AZ7jKQ2r7RjlJkeo0NH6/Txu7tlnZIkXTqjQ2X1vR6VNGpMkmJLm1VdVKAPLk/QiLY6HT1xUU2dRnqMVnZmog4caNCe93bIdk2KRozMVJb/zIix03Td9BNaV1qtt9/aouzMsUpqq9PR4+d00WlWxpxrQ/7wc9jMO/QvM0NcSNS6LJXvUcBI+OiZ0uggdeykedLWb0gn7pAmx0l735CqD0qpz0gzuigjdp50wyrpo3+WXvhMmrlQaiuTil6SHHnSzbf6pp+8TEr+mVSzUUr+njTZ+8M0adlXpbd+Jv3qM2n2Umm4pJOfuEaBLnlJmpMkzbhT2r1O+vND0rFHpZw0qbFaOrJFqp0rPfFQD1P1VksfviQFWgN47kOd/lhADTuk3/xEGn2rlD3XVaej61xT5GZ7NSD3IenQz6S1P5MWL5RGZ0tpV0vU3q7y0rNqklmZ+dcpP7OLYWcT7Tr7ZrnOlpepOn++0mZco5yynTp04oD+sP6scqYlqbW6WkfPtShWkveEyWmzspR24rCqD2zRK+fGK3tCrBqOV+tovUNm9XJUZ1uDjpceDvCjFKNRk7M0Jli/I+Li1VSyRa+fHaOpabG6cKRK5RftUtJ4XTeji+Hqfb0PZ2Zq6ifnVNrQLCWkKcfnnLt/J53T+68XKCMzTROGSRfPnVNlZb3MOUt176xkxbrP/4EteuV0mrIyk5RobdDxU+dUfXm4brnvBt/g3dXMM6qzXgf2Vuva69PU2/PsyWJom4o8308adOjIWV1slZKyr2n/fhK87zFZU0Zr+8lzKt/xoSzXpGlkSppyhh5Twdsn1JCUrMz00RozTLpYdVKHLkvmccm9mtIZAAAAwJWFQCcAAINheK7uvHuMSosO68CxepUeLHPtt8RrVPpE3TAvV5ntsYTEqUt0b0KxPth7UpWl5aqUZE5IUtaCfC2bnhLSaiZOvUF3mffq/b1nVV1armojRmOm5+vO5BN6ZVedzLEdTyfTrrteN1g/0cenqrWnVjInpWj2LdN1qqCsd1PPTrxOaxZ8rIK951R+sEyyJCrr+lzFFRfrkF/S4bMWaZl1pz4+dk7Fu88pKXuUsqb4Z2jWmPm36N7k3frgwHnPOTYnpyj/hrmaN555ZMNrj/ThnsAfLd4ojQ7SInqxN0j3pEv/84x06LhkyZOy/0O67YbuA4cLn5GGXytte0P64CVJadLYe6U1D0nj/Z/Kp0k5S6XCLdKcZZ3zmvao9Mh06b0/STu+4RrJmbBUyvmeNLP9B92UJn3pDWnbC9KBF6Rj1ZIpU0pdJa25sxfrkZZJ5WWBP5r2UOc1CZOWSqvPSzvfkz56qeNc5b8g3ZzXkW7SQ9KqVmnrOmnjS1L2C9Kdeboq1B9QUaVdSp6oeV0FOSUpYYbmTTmht8vP6tBxu9Iyx+iG22/Q8G3F+vjUWRXvPitz8mhdt3Kijq8/7Hs/TJiu1avjtWN7iUrPnNSeM2Yljh6nWxZJOz44qc6TggbQUq/i3fUBPohXzugsjQnWepQxo7RsWZKKtxzRnpN2yTBr+LgsLVqaqzFdBg77eh9O0/SMeJWWNWt41vROf4ySOHWJ7k0u0badx3WqrFyVTrl+b2ZM15Lc9uCbMUY3rFmiMR/v18fHq1V8TpJhVuywZOUvvJYgp59RsyZqTFmZzpYf1oFZabo2oZfnuV1cer5uTS7Xe5+Uq9IuyZKotPxc3ZrXsc5m0L7HTLxOt87Zoa3761RaXCaNMynnllwtm9+sbSXnVV5ar3LJtUZn5gwtWzSdaWsBAACAq5DhdDr7sJoWAOBKcfbsWRmGIcNwPQHs7XZvP3frbp//dm/e97S/K31N39La1nOiK5HT9TDbl13VhRv1drmUfcttWhKKtQPRL3Gx/sP2gqiht5MQR4pa6XerJD0jPbYqxGU1SP+9TLrwpPS3PY28hEfSmJ7T9MNVe78OmXPa8b87dEjj9YUvzA3xCLl67Vm3RcWNo7XsgRuUFeFByVDdc6OiD9d+olfeOSll36AH5o8Od20GRUh/xwIAAADo0r6S431Kz4hOAADQzq7qnRv19nGzxoxL1qjRwzU8pk21x6tVeq5NGj5Z1xLkBKRj66QzkhYsI8gJDMTxEh2olxKnZkZ8kBMAAAAAEJkIdAIAEIBhSFffnAdmpc2fryWWwzpw7LwOnWwf0WeJ90wJNzy8FYSXPg5S7kcBJsnpCHEh0ahV2vuSpDulOaFe9fUKYoQuInx13q+vBE06UHpOdiVq+jWR/7MUynsufTjyhPx3LAAAAICgYepaALhKMXVt91rbbOJXJCKZYRiKjQnh36w11Un2KJhOEdHBHCMlhmaNYe7XGAyhvOfShyNPyH/HAgAAAOhSX6euZbItAAACMPGn/IhwIe+jJh7wIohC2J+4X2MwhLKf0YcjD9cEAAAAiB4EOgEACMAw8YALkS3kfdQcE9r8cXUJYX/ifo3BEMp+Rh+OPFwTAAAAIHoQ6AQAIAD+kh+RLuR91Bwb2vxxdQlhf+J+jcHAiM6rC9cEAAAAiB4EOgEACMAwDB5yIWKZvNbGDV0hZkZ1IjjMMa7+FCLcrxFqoQ79WiEAACAASURBVL7n0ocjy6D8jgUAAAAQNAQ6AQDogsnMr0lEpkHrmzHxg1MOrmyD0I+4XyOUBqN/0YcjB9cCAAAAiC58gwcAoAtmk0n8QT8ijWG4+uagiEmUDL4uYgAMk6sfhRj3a4TKYN1z6cORYVB/xwIAAAAICr7BAwDQDXMIp1sE+mPQ+2TskMEtD1eWQew/3K8RCoPZr+jD4cc1AAAAAKIPgU4AALphNptYpwkRwzAMmQd7Sr3YRNbqRP+YY1z9Z7CK436NIBvsey59OLzC8jsWAAAAwIDxLR4AgB5YLPx1PyJD2PpiXFJ4ykV0C0O/4X6NYApHf6IPhw/nHgAAAIhOBDoBAOiByTBkMfPwC+FlMZtlCtdIH3MMwU70TVxSWEYCc79GsITrnksfDo+w/o4FAAAAMCAEOgEA6AWz2cR0ZgibiOh/sYms14neiR0yqFPW+ouInxdEtXD3oXCXf7XhfAMAAADRjW/zAAD0ksVs5kEYBp3ZbIqc0T1xQwl2onuxQ1z9JMy4X6O/IuWeSx8eHJFyvQEAAAD0H//lBABAH1jMZh6IYdBEZH+LG8o0tggsLikigpxuEfnzg4gWaX0m0upzpeH8AgAAAFcGS7grAABAtDGbTTJMhmw2u5xOZ7irgyuQYRiyWCJ4vbDYRNf6iy0Nkr0t3LVBuLnXcA3Dmpw94X6N3ojkey59OPgi+XoDAAAA6DsCnQAA9IPJMBQbY5Hd7pDdYRfPHhEMhiGZTVEyXaE5RkpMkVqbpNZGyekId40w2AxT2Nfj7A3u1+hKtNxz6cPBES3XGwAAAEDfEOgEAGAAzGaTzGaT7A6HHHaHHDx9RD+YDEMms0lmUxQ+fI1NdP1ra5LamhnheTUwx0gx8VJMZAc4/XG/hlu03nPpw/0TrdcbAAAAuFoZhtHrGW0MwyDQCQBAMJhNrgdoTqdTDqdTToez/QGkk5EX8OGaKc+QyTBkmNpfr4Tp82ISXf8cdsne6gp4Omyu94z2jF6GSTKZJZPFFeA0x7reRzHu11eXK/GeSx/u2pV4vQEAAICrTVxsjJpbWnudlkAnAABBZBiGzIYhMWgAVyuTWTIlSDEJ4a4J0C3u14h29GEAAAAAV6KkIYm9DnQmDUkk0AkAVzR7q1T2gfTZLun0IanuhNRYK9lalWqOkTMhRfbk8bKlTldb+mzZJi+R0xwT7loDAAAAAAAAAK5CKcOT1NDY1GOwMz4uVinDk2Q4ezvRbZTYV1Ku4pJylVVUqbbukmd/YkKcJqSlKj8vS7NysjQyZVgYawkAIXZyn7TnT9L+tyRb7/76RZJkiVVL9ufUcu3dso/Lk+QaLeCe8sv7tatt79ee9vlv9+Z9T/u7wrRlAAAAAAAAABDZrE02tbXZVF1T22WwMz4uVmmpIxUTY7lyAp3FJeV6bd0Wn+BmdxbOy9EdKxYS8ARwZblQKf35OVeAc4BaZ9ym5hu+Lsfw8QQ6AQAAAAAAAAAhZ22yebbrLjaoobFJLa1tklxrciYNSVTK8CRPmqgPdDZZW/SHVzequKTcZ39CfJwmpI/2vLdaW1RVfc4nTWJCnO67c6kWzssZlLoCQEjteVl65+m+jeDsiSVW1mX/R60z75ZEoBMAAAAAAAAAEDregc7eiOpAZ5O1Rc8+/7qqTtV49i2cl6OF83I0fcqEgOkL95Toz9uKVHuhY+TnI/evItgJILq9+09S4X+FLPuWOQ+pedl3CHQCAAAAAAAAAELmqgp0/vCnf/QEORPi4/T1R+8MGOD012Rt0fpNhdr8UZFnH8FOAFHrrW9Le18LeTGteZ9X863PSCLQCQAAAAAAAAAIvr4GOi0hqkfIrd9U6AlyTkgbrW997T4lJsT5pKk6VaPX1n0oyTVN7azcLC2cl6PEhDjdv2apMtJT9ftXN0qSXlu3RdOnTGDNTgDR5d1/GpQgpyTFHnxLihuq5mXfGZTyAAAAAAAAAADojincFeiP2rpL2lCwU5JrJOcj96/qFOSUpOKScpVVVKmsokrFJeX6/asb9d0f/dYTIF04L0fLF8+W1D7Ks6Bw8BoBAAO15+WQTlcbSOwnf1Ts/jcHtUwAAAAAAAAAAAKJykCnd0DyjpXXa0J6asB0+blZmjZlvEaO6BilWVt3yWddzztWLvR8XrjnkGrrLgXMCwAiyoVK6Z2nw1J0/OZ/keniybCUDQAAAAAAAACAW1Su0fnk936hJmuLEuLj9PMfPdGrY2rrLumXv1+rqupzkqSRKcP04398XJIrwOmewvb2FdfrjpULQ1Nxbw3l2rbuHW2tOKuGRtd8w5YhSRozZaGW33yjcsdGw6zCJXrx719UybUP698eyg13ZYCryxtPSvvfClvxtpzb1Xz7TySxRicAAAAAAAAAIDj6ukZn1I3oLKuoUpO1RZJr6tneGpkyTE8/9bCmTRkvyRX4LNxzSJI0KzfLJ/9Qs5a8omd+9Bu9fdyirBvW6IEHH9ADDz6gNTdkyXJis1786T/ox6+XqiHkNQEQlU7uC2uQU5IshzbIfPpgWOsAAAAAAAAAALi6RcOwQR/uKWclaXrWhD4f/+j9t+q7P/qtJFfwU5ISE+I0IW20qqrP6UhFiKdjdJTqnTeK1TBqub71zZVK9Qk152v+zfeorugNvXk6QUmhrQmAaLXnT+Gugcuel9Ww7HvtIzrdOxnRCQAAAAAAAADonxhzfJ/SR12g0z2aU3IFKPvKPWVtk7XZZ23PhH7k1S8VJTpolSauWOgX5HSzKGX2A/qrwakNgGhjbw3uaM7Fv5bG7ZVe/02fD0048p6alj0tpymWqWsBAAAAAAAAAIMu6gKdwTAyZZhGalh4Co+Ll0WS1WqV+jJm01Gn0vfW6u1PylXTaJMsCUq/ZrnW3LVEExO809lU8+lWbfygUBVnGmS1SYpL0cTZK/XAnflK8Qqulrz093rxQK4e/pfVatvwijYVnVBd/BJ9/R9Xa6Ik2epU7N7fIsmSoNTx+Vp+32rlj/TtOrbaYq3901oVnbTKJskyNler739QC9Ouyi4GhE7ZB5KtNTh5LX5VuiVXev+f+3e8rVUxx7epNevm4NQHAAAAAAAAAIA+IAo12MZna8aQbdr95xf0SsqjumdWqiw9rZTqqNHmnz+rTTWpyl22RstHxUgtp7Sn4G398t9q9Fffv1tZ7Xk07HpBz244q4nZ+Vq+JF1JktpO7dGmj17RzxxJ+qe7svwyr9HmX/xYZxsnKnv2Si3LzFKKJFlL9OK/vagSa5ImLlitlZlJUkudDn60Wa/8+yXpnx9Wvrv3nNmsXz53SZZ5y3XPkiSp4YS2fVCotT//tfR/vq6FycE8gcBV7rNdwcnHHeTccp/0Uf/XJo6p3kugEwAAAAAAAAAQFlEX6PSebrbqVI2mT+n7Op2B1F64JEkaOSLEIz1NWbr7bx+Q/usN7X71WRW/blFKRrayp+UpPz9b6SMTOl2Umg9e1KYz6Vr5jSe1fKx7b77yr03Xiz9+Re/sWKknF7tGhyYteFT/Ms8ii3cms/I1xvGMfrmjUCWfz1KuT2C1RnWjHtb3v5GrjoGhNpX8zxsqaUzV8m9+SyvHdqTOX3CjTp2sU7p3/jVWTXni+1qd4VW30Tb94IXdKi5p0MIbWG0UCJrThwaeh3eQc8vA8rPUlA68PgAAAAAAAAAA9EPUBToz0joCnftKKnTzkjkDzrO27pJq61yBzulZwQmcdmtEvu7+Vp5uq/5Me4q3qbioVIUFJSoskGRJUvayB3TPsiwlmSTphHbvqpGm3a0bx/rlk5Cv2VNf0YsHD6ph8ULXRLgmS8ARogkJCZKjRmfPS7mp3p+kaskK7yCnpNYi7T5glbJv8wqsulmUPj7Vd9ekJboxwy/Z5AxN1G6dOHNWfZqiF0D36k4M7PggBjklyVx/csB5AAAAAAAAAADQH1EX6ByZMkwT0karqvqcyiqqVFt3SSNTBjYKc31BoWd7Vq7/1K6hYlFCWpaWpGVpyW2SbFbVVR/UtvWbVFjwGz17/lF9//5sWdSgunpJ9W/qH/7+zcBZpVrlWfHT0aDyHW/pnW0VOlvvWi/TK2GggzXGf/fFBtVJSs2Y1LsOMmxY51BmbGL7WqTNvckBQG811vb/WM+anLcOaLpab6bmuqDkAwAAAAAAAABAX0VdoFOSbl4yR79/daMk6fevbtS3vnZvv/Oqrbukwj2uUU0jRwxT/qAFOv1YEpSSMV9rnshT2gs/0JtFm7X7tmwtdEcQr7lb379rRuBjTQntgUabSl9/Vi8UWZWUsVCrbpuopCGpyho7TGc//KV+89HgNAVACNla+3ngM9ItC6Wi4AU5B1YfAAAAAAAAAAAGJioDnbNys5SYEKcma4vKKqq0flOh7li5sF95JSTEKSE+TtbmFt23ZmmQa9ofCZo0PkUqtcnaKklJSkmWdKlZSkrqYRLYchXvs0rjV+sbTyzxSWuN60MVhicpRVJp9SkFHgUKIPp8X3p/qnTLa1JtkIOdAAAAAAAAAACEQYDVHCNbbd0lPfv862qytnj2bSjYqQ0FO/uVX2JCnH78vcf19De/ODijOesL9eKLu1Vn6+Jza4k27qyTRkxR9khJmqj8WSnSyc16q8QaIH2d6jy7LYqJk9TaJp+U7jx7K3a28q+RVLJZm850/rjuQkPv8wIQXJbY/h/70f3S+yXSLe9JS3PCXx8AAAAAAAAAAAYgqkZ0llVU6Ve/X+cJcrpHYkrS+k2FKiuv0iP3r+pxzc4jFSc1bcp4z/vEhDglpg/OyEVbTZ1qSrfpx99bq9Rp85WfM1Ep7aMtG04Va/eOUtU40rXyK6uV3n5M+q2PauXRZ7XppWf1ywU3amFmkqQ21ZXuUeG+E9INX9f3b58oKUtLbkrX7vc26de/tWrlvHTFtJzSnoI9ujQkSWrsbS0tyv/8Ayo+8Yo2/8czKneX2VKngzs2q6QmWw/888PKj6reA1whhoyU6k/3//iP7pf0qmtkp+6TthwaUHUc8SkDOh4AAAAAAAAAgP6KmlDVhoKdWr+p0PN+Qtpo3bdmqU/gs6yiSt/90W+Vn5ul6VkTNCEtVU45ZciQJBWXlKu45Khq6y5p+eLZuj8MU9Vapq7Wt354o07s3arNu4q1bV2hrO2jOy1JqUqfd7eevHm+0r3nnTWlavnfflfpH7ytTTs26pWdNkkWJaSmK//zT2r5vHRP0tSlX9eT8S/rzYJCvfmyTYpL1fy7ntSa8y/o2YI+VDQ5X49+M0nb1r2jrUVv65WdkiwJSh0/Xw98ezVBTiBcUiYOLNApBTXYaU8e33MiAAAAAAAAAABCwHA6nc5wV6I7TdYWvbZuiwr3dDyIXzgvR3esWKhf/mGdqk7VSPId3dkbs3Kz9PVH7gx6fQEgpN79J6nwv4KT1+JXpVtypff7v2anNf8hNS75jgzD9Qcl/q897fPf7s37nvZ3pa/pAQAAAAAAAACRLaLX6GyytujZ51/3CXI+cv8qPXL/Kq0vKPQEOSekjdaPv/e4Hrl/lSakje4x34XzcnT/nYM/mhMABmzSguDl9dH90vs7pHG39juLtrQ5wasPAAAAAAAAAAB9ELEjOqtO1ejZ51/3WY/z21+7VxPSU/XnbXv12roPPft/8NTDPuty1tZdUllFlc7X1fvkOT1rgqZPmTB4jQCAYLO3Ss9cI9law10TyRKr2r/eKac5lhGdAAAAAAAAAIBBF5ErLfoHOSekjdbXH1mjkSnDVHWqxhPklKRHHljlE+SUpJEpw7QwJWcwqwwAg8McK838vLT3tXDXRC3TV8thihHhQwAAAAAAAABAOETc1LW1dZc6BTm/9bX7NDJlmOczt9tXXK/83KxwVRUAwmPeX4S7BpIka+7d4a4CAAAAAAAAAOAqFnGBzlfXbekU5ExMiFOTtUW//MM6z2ezcrN0x8qF4awqAITH+FmuUZ1h1JK9Wm1jcsNaBwAAAAAAAADA1S3iAp37SsolSSNHDPMJcj77/OuqOlUjyRUAfeT+VeGsJgCE181PSZbY8JRtiVXjgq+Fp2wAAAAAAAAAANpFXKDTLTExPmCQMyE+Tl9/ZI0SE+LCXEMACKMRGdJtPwxL0Q2LvytbcnpYygYAAAAAAAAAwM0S7gr4GzlimGovXFLVqRo9+6vXdf5CvWrrLklyBTm//bV7NTJlWJhrCQARYN6D0rmjUuF/DVqRTbP+Qk25X5AxaCUCAAAAAAAAABBYxI3ovG/NUs92WUVVpyDnhPTUcFUNACLP534gzblvUIqyzlijhsXfHpSyAAAAAAAAAADoieF0Op3hroS/4pJyvbZ2i2ovuIKc06aM1/13LiXICQBdefefQjqys3Hmg7q8+NuS4RrLaRiGDHlte+33fu1pn/92b973tL8rfU0PAAAAAAAAAIhsERnoBAD0w56XpXeelmytwcvTEqtLi74ja+4XXO8JdAIAAAAAAAAAIgSBTgC4klyolP78nLT/rQFnZZ32OV2e/1XZk9M7goQEOgEAAAAAAAAAEYJAJwBciU7uk/b8yRXw7MsIT0usmrJuVWPOF2QbkyvJN5BJoBMAAAAAAAAAECkIdALAlczeKpV9IH22Szp9SKo7ITXWSrZWOc0xcsSnyDYsXa2jpqllXL5aJy6W0xzTKXhJoBMAAAAAAAAAEGkIdALAVerEZ6c8QcpAQc1OAUz/YCaBTgAAAAAAAABAGJnCXQEAAAAAAAAAAAAA6CsCnQAAAAAAAAAAAACiDoFOAAAAAAAAAAAAAFGHQCcAAAAAAAAAAACAqEOgEwAAAAAAAAAAAEDUIdAJAAAAAAAAAAAAIOoQ6AQAAAAAAAAAAAAQdQh0AgAAAAAAAAAAAIg6BDoBAAAAAAAAAAAARB0CnQAAAAAAAAAAAACiDoFOAAAAAAAAAAAAAFGHQCcAAAAAAAAAAACAqEOgEwAAAAAAAAAAAEDUIdAJAAAAAAAAAAAAIOoQ6AQAAAAAAAAAAAAQdSyhLuDChQuhLgIAItaIESPCXQUAAAAAAAAAAK5IIQ908pAfAAAAAAAAAAAAQLAxdS0AAAAAAAAAAACAqEOgEwAAAAAAAAAAAEDUIdAJAAAAAAAAAAAAIOoQ6AQAAAAAAAAAAAAQdQh0AgAAAAAAAAAAAIg6BDoBAAAAAAAAAAAARB0CnQAAAAAAAAAAAACijiXcFQAABIe1yebZrrvYoIbGJrW0tkmS4mJjlDQkUSnDk8JVPQAAAAAAAAAAgopAJwBcQdrabKquqVVzS6vP/uaWVjW3tKqhsUlpqSMVE8PtHwAAAAAAAAAQ3Zi6FgCuIIGCnN6aW1pVXVM7iDUCAAAAAAAAACA0CHQCwBWi7mJDt0FOt+aWVtVdbBiEGgEAAAAAAAAAEDoEOgHgCtHQ2BSStAAAAAAAAAAARCICnQBwhWhpbQtJWgAAAAAAAAAAIpEl3BUAAASH0+kMSVoEj2FIJpMhk8mQYTJkGJJhuF4BAAAAAAAAhIfT6Xpm6nRKTodTjvZ/PEaNfAQ6AQAIIcOQzBaTzGZXgBMAAAAAAABAZHEPSJAkmTue4TkcTtntTtltDoKeEYpAJwAAIWAyG7K0BzgBAAAAAAAARB/37GwxMSbZ7U7ZbA457EQ8IwmBTgAAgshkMmSJIcAJAAAAAAAAXEnMZkNms9kV8GxzyOEg4BkJCHQCABAkMbEmWSymcFcDAAAAAAAAQIi4A542m0NtrY5wV+eqR6ATAIABMpsNxcSaOubxBwAAAAAAAHBFcy9b1dbqkJ3pbMMm4gOd23eX6Nhn1ao+W6uTp8+rpaW1T8ePHzda6eNGKXXUcN2xcmGIagkAuFpZYkyKiWEUJwAAAAAAAHC1MQxDsXFmtbU5ZGtjdGc4RHSg8xcvrNX+QxUDyuPk6XM6efqcJGn/oQo98eXPa0Ty0GBUDwBwlWOqWgAAAAAAAAAxMSYZhpjKNgwMp9MZkeNpH3/qOZ/3UyalaXLGOMXHx/Ypn2MnTqviRLWamztGgv7701/RcIKdAK4w+0qO9yn9iKGxMgzD809St9vy3pZkqIt0Xq897fPf7s37nvZ3JdjTyhLkBAAAAAAAAOCNdTsHX0SO6Fy/qdCznZkxTp//3CLNmJrR7/zO1V7UW+9u1559ZZKkn//XW3r6m18ccD0BAFcngpwAAAAAAAAA/LmfGRLsHDwR95R2V9FhbSjYKUmaO3Oa/uHJBwcU5JSk0SOH66++uFp/ef9KSVLVqRr9z9vbBlxXAMDVxxJDkBMAAAAAAABAYBaLSZYYnh8Olog7058eOeHZXn3L9UHN+4Z5uZqUMVaSVHSwPKh5AwCufGazoRi+pAAAAAAAAADoRkyMSWZzcJfSQmAR97S2+kytJGni+DFKHzfK57Oy8iqVlHZeg279pkLVnL/os+/YidP6cMe+TmmnTkqXJNWcvyBrc0uwqg0AuArExEbcr00AAAAAAAAAEYhniYMj4tboPH3WFeicMinNZ/+Jk2f17POvS5JuX3G97li5UJL07K9eV1lFlTYU7NRvn3tKkisg6k7b2mbTipvmevKZPClN2rZXknSm5oIy20d4AgDQnZhYkwyDv8ICAAAAAAAA0DPDMBQTa2K9zhCLuHByS2ubJGlIYrzP/obLTZ7tmJjO8dmkIQlquGyVJNnsds/+5pZWn3RzZ07TxPFjlDZ2lEYkDw1avQEAVy6TyWBdTgAAAAAAAAB9YrGYZDIxeCKUIm5EZ1dyszN1+4rrdbH+siZnjPPsv33F9VKBdO01k5U0NEGSNGVimlYtnadLl5u0cF5Op7y+93cPDVq9e6PqVI1++us3ZRiG/u4rd2tC2ug+53Gx/rL+9f+9Iqu1RX/3lbuU6XWOBurDHft0rPK0JmeM0003zApavgAQLVg8HAAAAAAAAEB/WGJMam2x95wQ/RI1gU5JnulqvU3PmqDpWRN89sXHx+qu1UsGq1oD4nRKu4oO63KjazTq7uLSfgU6Q+nIsZPas69MNpudQCeAq47JbLBwOAAAAAAAAIB+MZsNmcyGHHZnuKtyRYqqQOdAnau9qJPV53WhvkFTJqVp4vgx4a6SztVe1O7iMs9o1L37j+im62dqZMqwMNesw199cbX+6ourw10NAAgLpqwFAAAAAAAAMBAWi0mtdkZ1hkLUBDobLlv16xc3KGlogvLzpmp+frYkaf2mQm0o2KlblszRvXfeFPDY5pZWvfLWByrcc8hn/5RJafrL+1dp7OgRIa9/V3YVHdaF+gbdc/uNkqQ3NmzV3gNHtOKmuWGrEwDAxTDEaE4AAAAAAAAAA2I2GzIM1yyfCK6oCXTu3V+msooqSZLD4fQEOj/adVCS9P62vVo4L0fj/aZ9tdnsevZXr+vEybOd8qz4rFrf//EL+td/fEyjUpJD3ILO6i81alfRYY1ITtKs3CxJ0p+3FWn77oNaMGeGkpOGdDrG4XBqd3GpNhTs1Lnai4qJsWjuzGm6ecmcTmnd63ZK0l8/fLve27xLB0uPy+FwaPLEND36wColDU3Uuo2F2rH7oKzNrRqePFQPfH6Z8nOnymh/tr+hYKfWbyrUHSsXutZE9ds3IW203tiwTedqL8psNikvO1MP3rVcw4cNDdGZA4DBYWY0JwAAAAAAAIAgMFtMsrU5wl2NK07UPMGdP3uGZ/vanMme7cwJYyVJE8eP6RTklFwBUHeQM23sKH3p3hX6my9/XtfPvcaT5nd/ele2MAwZPnj4mGrOX1Ru9iSNHjlco0cOV272JJ2puaBDpZ91Su90Su9u3qUXXnlPdRcvKWf6ROXnZunosZN6/g/rZLW2BCznUkOj/uM3b6qm9qLmXDtNw5OTVH78lH75wjr98oW12l18WLnZmcrKTNelhka98PJ7Kj9+sldt+GRfmV545T2ljkrW3JnTlJgQp+KScv3upXdlbW4d0PkBgHBjNCcAAAAAAACAYOBZY2hEzYjOxIQ4/fa5p9Rw2epZz1KSvvbInSorr9L0rAkBj3NPVzt9ygR962v3evZfe81kTZs8Xv/9eoEqPqvWjl0lunHhzNA2wkuTtUVbd+5XfFysFl+X5xk9ef3ca7S7uFQf7Tqo/LypSoiP9RxzsrpGmz8q0pDEeD3x6BpNmZQmSbLZ7Xrx9QLt/ORTJcTHdSrLZrPr1mXzdfuKhTIM10jSf//Vazp15rwy0lP1g6e+pGFJiXI6pT++UaCPdh1UcUm5pk4e32M7Ll1u0pOP3+Wpy7nai/rpf76pylNnVX3mvGc/AEQbw5BMJr58AAAAAAAAABg4k4npa0MhakZ0unkHOd26CnKeq72oMzV1kqR5+dM7fe4dhCv/7FSQatg7R4+dVFX1Oc2YmqGM9DGe/ZMnpiln+iQdrzytI+1T9bodLD2uy41W5edmafLEjrpbzGbdsmSOhg7pfG4k1zmbc+00TzB1WNIQjR/nGv06Z+Y0DUtKlOR6qD9jaoYk17S3vTE7b6rPeUwZPkzp40bJ2tyq+kuNvcoDACIRQU4AAAAAAAAAwcQzx+CLqkBnWXmVDpV9pma/KVHXbyrU6bO13R47JLFzEDDea/SjyTR4p6K1tU1/3lYkSVo4L0dmc0fZZrNJC+flSJK27y7xmVL3ZPU5SdKI4UmeoKVb0tBExcbGBCwvJiZGQxLjPe+9RymNHZ3ik9ZsNvepLcOTfdfhNJtNio2JmoHCANAlvnQAAAAAAAAACCaeOQZf1ESkysqr9Ozzr0uSVi2dp7tWL5Ek/eKFtdp/qEK7i0v1g6ceVoxXkG30yOEamTJMtXWXtHd/mebOnOaT5+7iUs/25InjBqEVLscqT+t45WnZ7Q794oW1XaY7fOSEjp847ZlC1jsgCgAILYMvHQAAAAAAAACCiGeOwRc1gU7vEZuXLjd5to99Vi1JOnvuguobGjUqJdnnuLzsyfqwcJ8+2X9E4zYVKj83S8OTk1RWUaU3ieJJEgAAIABJREFUN2yVJFksZk2aMHYQWiHZ7Q5t2b5PrW02zZia0WlEpNvF+ssqLa/Sto8PaPLENJnNJo0bM1KSdKamTk6nfEZ1NlxuUmtr22A0AQCuCv4j5wEAAAAAAABgIHjmGHxRE+i86YZZam2z6VxtvVYunevZ/52/eUB/fON9zZ+d3SnIKUkrbpqjvfvL1NBo1YaCndpQsLNTmntuv1ETx4/ptD8Uqs+c15FjJ5U6ari+/ODnlDxsSMB09Zca9e+/ek0lpZ+p+sx5TUhPVd6MyfrztiIdPHxcR45VafoU19qkNrtd72/bq8uNViV4TccLAOg/g28dAAAAAAAAAIKIZ47BFzWBTklacdPcTvvGjB6hb33t3i6PGT1yuL7+6Bq9vv5DHTtx2uezuLhYffVLtytn+qSg1zUQp1PasmOfLjdatWhBXpdBTklKHjZE+XlTtfGD3dpVdFjj01I1ftxoLVuUr/WbCvXT/3xDkyemaeSIYTp2wjWqlSAnAAQP3zkAAAAAAAAABBPPHIMvqgKd/TVlUpq++ZW7dejICV2sv6yW1jaNSE7S+LRRGj9u9KDV4+y5Oh08fFwjkpO0eEFej+kXL8jTrr2HtauoVIsW5Glsaopuu/k6pY4arnUbC1XxWbU+qzqjOddO0/LFs/WfL26Q1doyCC0BAAAAAAAAAAAAwstwOp3OcFfC2+NPPSdJun3F9bpj5UKfz156889qs9l04/UzNXniOEnS+k2FOlJxUpkZY3XX6iWDXl8AiBT7So73Kf2IobEyDMPzT1K32/LelmSoi3TynYKhu33+271539P+rvQ1fULiVfG3QAAAAAAAAAAGkbXJFu4qXFGi5inuR7sOauvO/ZIku93hCXR+tOugLtZfVllFlRZfd61SRw0PePyFiw06XVOnk9Xn1NzSqrGpKa5/o0coNjZm0NoBAAAAAAAAAAAAYOAiLtAZFxerlpZWNTe3+uyfOH6MZ3t8Wsd0s2ljRupi/WVJChjkbLPZ9Ls/vauiA0cDljc8eagWL8jrNHoUAAAAAAAAAAAAQOSKuKlrf/z/XlHFZ9WaMilN3/2bB3w+O3vughwOh8aNGenZ19zSqhNVZ5U2dpSShib4pK86VaMf/vSPvSp3ePJQ/fvTXxl4AwAgTJi6tntMXQsAAAAAAAAg3Ji6Nrgi7ilu2piRqvisWhWfVevw0UrNmJrh+WzM6BGd0sfHxWp61oSAeT37/Oue7UkZY3Xz4tnKzc7UkMR4HTtxWiWlx7WhYKck6WL9Za3fVMjITgAAAAAAAAAAACAKmMJdAX+TJ6V5tt96d3u/83nlrQ/UZG2RJN2+4nr945N/oQWzZ2hIYryrnInjdMfKhfrh3/+l55gNBTt19NipfpcJAAAAAAAAAAAAYHBEXKBz0fxczcyZIkk6Xnlav35xg06dPt+nPM7X1euD7cWSpJk5U7odpTluzEj9zZc/73m/q+hwP2oNAAAAAAAAAAAAYDBF3NS1kvTEo2v0+FPPSZI+2X9En+w/oonjx2jKpDTPiEx/UyalKWf6JEnS6bN1nv35eVk9lnftNZM1IT1VVadqdPL0uSC0AAAAAAAAAAAAAEAoRWSgU5J++9xTWr+p0LOG5omTZ3Xi5Nku049MGaYf/+PjkqTqMx0jQKdPCbx+p7/pUya0Bzr7NnoUAAAAAAAAAAAAwOCL2ECnJN2xcqHGjB6hT4+cUPWZWp0+W6uW1raAaRfOzfFsr1w6T4WffKpJE8ZoVEpyr8rKmT5RxSVHffIBAAAAAAAAAABA/9gdDtlsdtntdtntDjmcTjmdTkmSYRgyGYbMZpPMZrMsFrPMpohbcRERznC6exQAIKrtKznep/QjhsbKMAzPP0ndbst7W5KhLtJ5vfa0z3+7N+972t+VvqZPSIzovwUCAAAAAAAAIlZrW5taW22y2e19Os5iNis21qLYmJgQ1Sz8rE22cFfhisJTXAAAAAAAAAAAAAxYm82m5uZW2R2Ofh1vs9tls9rV0tKm+PhYxVgIY6F79BAAAAAAAAAAAAAMSFNzi1q7WH6wr+wOhxqbmhUbG6PE+Lig5IkrE4FOAAAAAAAAAAAA9IvD6VRTU3Ofp6ntjdbWNjnsDiUmxsvUx6WpcHVgVVcAAAAAAAAAAAD0mcPpVGOjNSRBTjeb3a7GRqscTmfIykD0ItAJAAAAAAAAAACAPmtqau73epx9YXc41NTUHPJyEH0IdAIAAAAAAAAAAKBPmppbQjqS05/NbldTc8uglYfoQKATAAAAAAAAAAAAvdZms6m1tW3Qy21tbVObzTbo5SJyWcJdAQAAAMBXvSqKj+t8+7tRk2dpSnJYKwQAAAAAALw0N7eGteyYoYS34EJPAAAgqhzU808VqKjHdMla853HdFvqIFSpOwff0ON/qHRtp87SD7+zXOPCW6MQ8L0ms//yKX01b4BZ1h3WO29/rC3ldapvlCSLFn3lSX1p2gDzjRqVKnhps9c5nTXwcwoAAAAAAIKita1tUNbl7Ird4VBrW5tiY2LCVgdEDgKdAAAAkeTMZj3z3D5V+vz3gk1NV9oSFDWb9fRP9um0JClDX33uHs0Oc5UAAAAAAEDPWlvDP3Vsa6uNQCckEegEACCKxWn26kWaPTzwZxlM9RmFWrTrXa8gZ1KKZudlKG/ySI3LCGvFBlmevvocQzgBAAAAAIg0dodDNrs93NWQzW6X3eGQ2WQKd1UQZhbnz4fKkOSUfF+dkmG4Xn34v/fe7znAKyfPe69kfvm7U/ecv//nAcrzlNvxsX+7usy/kx7y77y3c3m9aZd3eZ3Om9/5C5C/f7k9t8u9P1C7urlefc7fX+f8e9Ou/uXv3QH6cL0C9rOuyvXOv5fXq0/5+1W4N9eru5+rQOV21/+MLvLvXIvBuV8Eakawfp67YZhjpPghMpJHyxg1Xqa0aTJPypV56jwZqZO6PRYIvXhl5MzSgnBPT4sgqlTpMfd2nFY88ojumRjO+gAAAAAAAHSw2QYY5HSc1ebfb9BW5eiJR65X6gDilDabXeZYAp1XO4vR/ozf/ajfaA8QuPYbMgy/AITRReDDcL+2f+Y0vDPy6Cp/o9f5+wU+PPn7l+tbvOH0a49/YMV9uDrn70rdRf7e1fYur/3/O7XLP/Bm+NRGTv/z5p2gU/4Bzqdf/p5q+wfADL/y/E9YwHZ5tUf+7fJqngJcJ/dRfvl3apf7vfv8+fc/+V2vLvP37wCB8u+mf/iV25F/F/3Pv9w+5u/WOf8+XC/v8vyvV6dy/cqTX/6d2hXwdA7+/UJ9vF906vdd3C+64bS3SY0X5Wy8KFUflf3AFrW1f2ZKmypz/i2yzL9D5smzeswLCI8avfOTP2ptjevd7Ice06JT6/VyYY3Ot0iKS9bsOz6nr16Xprbz+/TyS1u1q8qmNpNFo6bl6rGHlmtKQntW/uttPj5SW17+WNtPNKrNISVOyNBtd35OKzKH9K5qjnpV7t6hl7ceVWWNTW2SYoYMUcbMfD24YoEykiSpRbte+IV+d8h1SPKSe/Tsnb5DG0+//zs9vbFekpQ4/3P62X0zJEn15dv18tt7dbCqPe+kFC24/TY9OCdV/hOb9CVtr/VwvmJS0nTbg3fotswhCrz2aosKfv6cCtzHu9c37dV563xuNHOFfra4Rr97uUQH62xS+lz96zdT9Ian3GSt+eYKJW7erLWH6tRkk2KSU7X03i/onuwhqi/frP9+rf1Yi0UZs2/UV++ZpVFe/z3RVn9cuz76WFuKanS63rtu1+mxO2dplEV+U9a6Ver5p57z1PO3D8vrfHReb7bt/EEVvPuJtpTWqb5Fksmi5PQ0LV1+o1bkeV+zg775fPsLGrXjHa3d6+7/Q5S3dKUeuyVTiX27ugAAAAAAXJXsAxnN6Tirwj++q40n7ZIO6Bd/tOiJL87rd7DTVRemr73amf/vrbH/V1LvR7y5j+zlCDP5pA+wu08jtQIEvPwDez2U2+WIt4DpDd8Dehj51VX+PgGXntrjNyK1x/YEyL/r8xjgvPkX1N15NDrVsocRl/3vH+Hsf/7ldujhegUsoOd2dZ0+ULt6d716N0K2//n3b4RsL65XpwvdQ7u6Td9Fed3dL/rI2VAnx9E9sn34kuyHtsmwWGTKyAlO5v1wpuZin9InxJplGIbnn6Rut+W9LVfoOWA6r9ee9vlv9+Z9T/u70tf0MTGR+tdgNfqkoKI9SBSv7EWzNa3buGKjju44oNJG17v6ikPafuSSmtzfSe0tOv3pUZ0yXVTBix/rYL1DDklyOtR0/oy2H3foxvkZipekmk+1YV970MxiVUXhYe2vaZOj/Weq7VK9Pt19UKfScjRvTGx7db2OGTJWSxdNVpIkOar1zs9f1G92nteFxvYyJTna2nShqlLbtpfJnJevaUMtGp9wXpuL6tQmqaWmTZk3TdcYz+Ws1MZXi1RhlaQhWnrfrcoZJp3e/Hs9/Uq5Tl3yyrvVqsqDB7TlbJJunDnG8zW4L2l7vibSuFkLNW+MX9sdF1S07ahK6zrOl8PaoNLdR2XOn61pQ3zz6MR97np93lz7Lx8r0pby9sU9nef16dYTOtrUflRCqm5cNESlnnLtqjxQoqIqq9rakzhaGlWx76hajAr996tlOmV1f+BQ/anj2tkwWrfmjJQktR36Xz35HztV9FmD6lv863Zcmw9bNW/BZCU1HdeWHWd0uau2jp2iO2aqy37edPB/9b1f7dX+M1a1uPux06GWS/Uq3XdA22uTtCjPfc28z6tdpw8WaWdFo1f/b1NN+WHtN2Vp6ZReBugBAAAAALiKNbe0ytllYKA7TTr45lq9drTVs8d28bSKzw/VdTmj+h2ujIuNvkCnzf3gBUHR8RTXkGR4Hlt3vHr2G55XQ+4H42p/1/Gq9v3tm/LN37947/zd5Xrnb8j3f975e71vz7/zM2zD0y6f8trzV6f8/cv1zt+rXX5FdOzwzt+vXYbhefXO33MeO7VLnlefAg3vf37Xye96+bSny/Pm1y6//H3Oo39/6JR/5/4R8Hp5l+HTro6O06n/+V8v7/7n1Q+98++y//lfL++6el8vw6ssv+vVuV2+p8vnvAVsVy/6X6Dz5n7vf73ke70C/Vx16n/eP7+9yd9bb+4X3ueuN/cL73PX4/0iUP7+ZzPQdQpwvYLEfmS3mv/zb9T0D0tl+3htcDMHulSvtT95To8/FeDfTzYHDJo1NbZo1LQ8rVmVqQxPXKdFRRsPqjIhRQtWzdIK78jp8VJtrwlUdL0qrXGaMmeW7lmVqSlJXnm99q6KWrqvecWG9Vpb1f7GFCAfW53W/mq9Sh2SsmdpUUr7futxFR3xyujIPm2va9+ekKsV6ZJOFOjn77oCox15z1Be+4jApv1b9YY7j76kHQhri+odQ5S9cJbWLE31GgVZr4KtRyVlaMVDy/XYQzM0xXNQnGavXq7HHlqux+6coVF9PW/+auo9a3/GDIlTcoL/Uu02NTXGKWOOXx0d9SrYWKmmUalasWqWFkyI8xzRtHufitx5zpihBQmS4oZoSl6mlq5apHuWpmmcu5hT+7T2kKTkGbrnoeV6bHWGOpaRTdHSh9rbemM3i5FaP9HvXjyueneZqWlacecCrchO9vwHUf3eAv3c0yl821ffII2aNkNrVuUpe1THJ6e3fqzSrksFAAAAAADtHP0Kcko129bqxU9bO+23frpVv952dlDrgiuLxXcElbP9rddr+365X7oaQeWUK3LgdLZP8+p0TYPZ7RqdzvYRWv7lBeBVrid/+ZXnHRlxSuoif/f7rvLvECh/d7mB0gcoz515r0b8BW6X/Nvl2dtVu5yd0ncq0v88erfLuz0B8u947d2IzsDXK3ClXJeti/7XKb3/duDrJf92OdVtuzpdry62Pe3x6/cd06H65e90+vX7HkZ0OgPn7z5/nU5Np/x76A+dfp79rpPR+efXN71f/zACXK9uf54DtKtP94se+p8nf/cu3/4Xql+BjqrDav7lX8tS+L+Kvf9pmdKyQlQS0E/ZN+r7j89VoqQVya/oa69Vt38wRCu+7F4Pcqr0wzdUUC9J9ao8K6nTOqAWzX7wEX013xUUXbFon57/0WYVWSVZK7V9f4tmz4/zP8jFcVAF2xs9+Sz68hP6Urbr3Yrlh/XfT7+r7VZJjUdVUNyi7DkZWrE4RQXr6iTZtL3wEz2YPVcxkg4WH1dTe055i+cpWVLR1oM6767jw4/rq3lx7Xlntufdou2fHNaXps3oU9qBGaIVT/y1Z73NRcN+r2+tcwXjmqqqdV5TNSV/lqbIrKKXDrcf47cGa5/PW+fzn7HkDv3t7VOV7Am0HvT5fNSSO/T99qmBs+2/0I+3tUesTWn60jce0KIESUuS1fQPW11HOup1+rxc/cM0Q/d8O00PJid7/RXmAi1N7ehnFccqpbwM5eWnSTW1euftSrnGvA5Vdv4sze7hLJ7evk8H3UHcCQv0r99Y5AqWLlmkFds6zmnF1k9UuWiF/EOmo5bco39tb99t8xP1zA93qVKSrDWqOC+f4CcAAAAAAOisP6M5raVv6xdbGrr8/NSWd/Vi6n16OLtvC8v0b2QprjQW3+Fb6lhLsD2U0HnNPd/0wV6j0zACBFa8y3OX4zR8y/Mk8GuPf7vc5SlwuwKtwegKwxiecr3z97z6tMu92+hyLUFPwNJdnrpol98aneoif5/zaBid0nuK9b9e3otABkjf1Rqgna6XX+C303WSf7sUuF1O77d+/c878Obf/9zZGR3XyZXcr11d5O9pj3zz94+GBWuNzk5r03oO8C3X0x7Dr/91kd63Ot75+/VD/+sU4Oeq0/XyLs8vf/929br/hfx+YQS+Xv7pQ8BWXCD7gS2K/dK/KGbpF0NXEK5ycZq9epFmDw/wUUKqAsVs8mbmedYijPEe0ZeQpryJ7jfxSuwiRtmRPlNL871GfibM0op521XUHhirOFEpzZ8a+NiaGs/IQiVkakG212emGVows0DbP7ZJkipPnpXmZCh5QZ7yNmx1BbkOH1VRy1wt0Cfa8omtPZ+pWpofJ6lalafcmdl08H9+q2+91ZF9k3ukaVW1Tiu5D2lnuNbH7K/kyZo90evtiKGS2kcdttk8a/92qx/nzceoWXrszqleoyj9xWn2rI5jEhPjJbWfhIkTlOdeqzUursvpZBJN9dr1/g4VlVWqoq792tg6hvfW19d328SeVJ7qOH7K3DyftiTnT9WUdbtUIUl1tapskTJ8+rFv+5ScrFGSKt3vmTUGAAAAAICgs53Zrl+/cUrWblO16uAba7Xx8fu0aqx5kGqGK0XHE06fB/7dj+TrSO81EquLEVmB8/cqJ0D+HeX6H+Y9IqubEXtdltu7EZCdRiC2Bw67aELn9/+fvbePj6q88/4/ZzJ5BqMxRhJkNCCYFEdCQEIxSlMkVbBIdbNVtkq7pbt17962v9rerfvAqy/dlfbe9d7Ve7furljrQ23d3LWohdq4NEXjQzREMCLRCJFBiMQYjZhgSMj5/THn4Xo6MxPIA5HP21ecmTPXfL/X97quc3Ey33zO1+t4kEJWiSdAsWf0kUxRBwiKSFXxZohLUiAa4pH8JlFcep+V7QcqRoOeCwc1RaTbOMH68xR7I7V/kqw/JXWrxRVsXz2eRKFttJ9AMZqifUlxaYhrVPcLZ12a2xvi0jo2ttjHBjHws+9jeP9uZN54x/g4JacYiuIvBdKzAzKYU3MTJMBSay8mxvqPfBL82fd6HBWl2U7e6bmAo/PzEmOZC1EV3YbWnQCGD6Lh5V5UZLd76r6CxeWIhgDg/bjC0GHw8ACCU2sjaXuCZKZhZH+TaOB4xk1kemGSZG0WcrID3jotL+n6GNz1GG79uX9b2dGnC93CnWzy8pQeTRX72IfeXihK5ATxEUIIIYQQQgghJCUsy0pdSdn9Av713l04kMp3BcOHsfXeR5H+l2uwLMXvuqzRrk9GJiV+otNRTLmJB1XR6QqnLDFHAghJMic5IiqoXHMG+0hiX1bCCVhuEstX7MmKNKmxoGBT4wqyL8flK9sUJZ8bhaSoE/xpSkE5Lj/XJCvZfAWkyb4wjpqyzTxu2nmuKOd0xZsyGIoiVZovo305LklhKY4jIM+XGxeU+bKU8TOtP6HjvgLXZN99w2TfHJcnGFTny0umGtaf195SDBjmS7OPAPv6eaWtD0nxmsL6Ew2ksv60fupKWDWuEe0XgvmU9gsxHvU88dwFrD/jfjF2DD79M9gfHkLWzfeNj0NCxoPDfegFpMRZf7+f3MzJzgr+7Fn5KEAsnrQz2On9sM97LiazKhbNRs7OdvQD2NP8HOrg3nY3H9WXukq9M1FUAMSN52Ll97+J1dOCOnJwBG1PAo5z3MaHXjQ2+EnOyGWrcNMVs1GQCeCVOnzj4VjCT6dGIQrOBuDUjI0nc4U4D/cKiepcjPsQEEIIIYQQQgghpwAhy8KxFL9Y7WnrSC3J6TJ8GK1vfoBlhWek3BdCwnLiLknNPRtaIsFDSLQE1+g02/eUbUnty++79gMVdoE1QA1OUlWECcowt7vS+Kn+XOOJ4hL9GRR2QvZrhArEoLjc46a4EsyXGE9K9uWniWokJoor6XyJ2TFTzUfhVr7xZZFAsWxYZ4HPXX+p1uj07Nsp2hfM2ZDPK9N8JarRGRRXovWn1ui05YRk8H4RZF95L2mNzlSV5QH2ladm5ap8fo0lQy9vxpF/vB7Z3//luPgjZMw50oGGV/pQ6t6+drgdjdv9W5TOOletjihQWIhICOgejttpagNK3duwDrejqXXItzNTsFNajqr8dtT3ANi/Gw3u8blRVHtJrWJEpsNJXvahqSmG1VfLfendHwNmRJA3orYnAcc7buPCAPq9PGsmSsudJCf60LTzoPkj2ZmCyrUXnV0w1IKViUzPA1rj6cw9za3orary5qZ3Z3v8trUAUFiIWcluv0wIIYQQQgghhJARk5YWwrHh1LKX+Ytr8JenH0JwdU6VHJxbmlqS0+0LIWG5piQUpZSpRqcp8SYqpdykiKwUc0lWcy+5fV+JJfmD6ld2r9ZI9BOirl/n49Dtx1sH2Be7Lfpz/q/FpSbeLKk3Qk1JS2+g2TeMZ0CNTpMSUPKnDpgxriQ1H432lfgCanRqSlR3/NT1B2W+Au2rC8BkP8H6UPz69gPW3whrdKr2XXT7I5gv0Z86X5pfxR8U+1pcxuEc//0CI9wvtHUfsF+ME8debcAnd3+dyk4yinyC2K4daDpgei8Tkc+UoWjMkj1DaHnkfvx4dxkqzupFy3Md2OMmukLFqJyXwHEoipqq59DyTB+AITTe96/onG+wkx9FzVzxgxHUXJqP+sd7hGNhVC1ZKNWMrFgaRcHOVnQD6H6mDt/bF0FFWRHyPupE664Y9vTmoua730Tt9JG1nXCOe9zGgzwUnAVHbTmA+vvvx+AlEfTv3o2mfUPmj0yNYFZ+E/b0AEAvNt33GNKvmIm83GJUzDF/pKiqHNF6p1br/ibc+pP9qP7sDOCNNjS0+XrOaPXiE6upSgghhBBCCCGEECNpaWnAYMDv+irhApx/YcHY9oWc8mg1OuV0UjKFYrzlaNfo9O3LHzUqstTEXkK/CRRvQnvNn6psS+BDTqyYa2hK91NNqEg1xKDEKSVmlRqaet/kcfNqdIpxBfmKGzYq+aTF4z7Y0OLSFYjJ4hrr9acmShMrWBMqAlNdfwnsS6EBWlxGBWLCuI6vRmcq9lPeL5x1k/J8iQYNTlNRyGrjpypgE+0X48DQy5sx8OBfs2YnGSUG0PLbrWgxvpeH1T8ow8oR1O8cEXl5iAz1Ys/2Hb6KDgCQiYobV6EySYJ11hdXYXXHL7FpP4DhAd1OOB+rv16DWcof5uVVRhF9cptXmxP5Zaguldvg3BrcvOIAbt/Sg0EAvftiaNgn3jq1D03NHaidXjKyticBxztuY08mKleUo373DsSGARzuQcNT8YT0rJJ87OnoMXwmgpVXFKPhkYMYBIDuDtQ93AHMq8G9AYlOZC/EuhtjWP9g/Da5g10HUf+4rBjNW1CDdYtyRzE2QgghhBBCCCGEuITDJ09y8WTqC5k4/K/BLACWW8tPePSOW96jBQuWFX/Pecd7hKXXi/Ttq+5F+65f0b4F+T/RvvDasa/fjtny4pL8Ofah2Vf9ivaFuBQX/gHRvhKXZXmPon1vHLW44D1KDi3xR5knZb6keALHTYlLsS+No7oeNPv6+jDOl+hDistfONr6U+dLXH/COhTtB64/db7EvorzZQm+lPnS45KHSxo3Y1wprD/TuLmv1fmCPF+m80pbf+L5m4p9kVT2C3HsUtkvxLFLul+Y7KujaZonw3xNAINP/wyDDQ9NXAcIGQ0yS7Du+ytQU5KLdOdqIj2/GKtvugE3RVNIMoWKsfI738aGNWWYVRj2FJnpubmYtaQKf/e3X8NKU73MzDJUzPRfRi5dCNNNWouWfQ133boM1SW5yHH/rCsURt6MYtSsuR4bvlhyXG0nnOMdt/Fg2jLc8leVqJjh9Cuci1nVK3Dz0imBH8lZcD023CR8JgVyotfgn9avQu28fOS5CfVQGHkzIlj91RuwYU1UuCUuIYQQQgghhBBCRpO0UAjhk0BJGU5LQ1qIt64lgGXflesLuaAqtATxoUuQ4soGPCmjaEG9NadgV7qlZJA/o1+TfbMyzGTf1H1zXCb7iuJSVSKq/kT7QXGJ/lKJS+/NCdXo1OJSmqn2U54vo/3EisuR2VdJMl8pxhVsXz3uLrDg+TKuP2Vdnoh94/pL2b4auDJPJiWzMlCmuBL6k+yM9X6hdijB+psArLR0ZN/RgFDx+aNmc8drHSNqf8aUDOkPFQAkfA7xOYQUt9pOeEx2TH2eyutkx4MYafvsnHDyRqcarXX4xs8dtWNhOW77wbLxvz1obyNuv60JMQAIFWPd31+fVD1KCCFxpE8bAAAgAElEQVSEEEIIIYQQQkaPo4OD6D8yMKF9yMnOREZ6qn82fXJxpD/FW/+SlAipCirl62tfbegcVRVUnjZLUAhK0iz3tWTf/b7cpKTzvzTXFIKuH0voo2dfMK64l+Jy/QXEBSkuv63oV7TvxQbFnxCXlSAuSa1oiguGuBT76jjqysqA+ZLsW5J943wJc6yvD1NcylqS4oI5LuktZZ7U+RLjUecLQnymeTKMG6Db1zSChvXhDZDoTxo3xZ86X+J/kl9lzA32jetPmS9xhKT5cuMxzZd2PitzZlp/BvsJ159p3EZ1v3DHTZkvcY1PIPaxQRz91W0T2wlCJiGxZ1+De2PZnIXlTHISQgghhBBCCCGEjDMZ6ekTqqZMC4UmbZKTjD7+SrQhydls99EGYAuv3f9sv96fLX7Gts0qLsm+4Eez7x63nePif05bxS8AIH0KcPosWJEq4IxZQMaUlOOSPKj23b7ZAeoxNS5bPG6Oy7aVeIxxGWwmsq/12Zb9BcUFW7cv/kh+9c/Gp0lYE6Y24qNo1+RXCVxaH+J8JVh/7jzZI7V/IuvPaF89nnz9uXHZCI4r2L563BQX5HkKjMub8hHbl9afEteo7xfuWEnnVYL5shPZH3+GXqnH0IubJrobhEwehnej4cU+50UuqqrKJrQ7hBBCCCGEEEIIIacqWVkZp6RvcvLh35fPVVU5t3a04DxazmP8If7otQdgyxo821FSabeyVOwjiX1PmaYmI5w3bNty7FsIVd8BLPyWHAoAu/nfYP/h1oC4guzLcXnxOEIw7daZXnsIAfiPludXjstLskgSPCeuQPvCOKr2LcWcMo4etuJPnC/Rn+vMVuIR58toX47Lt6+MI/zxlOJy37EVf24z0/oTOu75M9p33zDZN8dleYbkuLz1rsYltbcUA4b50uwjwL5+XmnrQ4grpfUnGkhl/Wn9FO2b4xrRfiGYT2m/EONRzxPPXcD6E+drgjn6xF0IL1490d0gZFLQ+/yLaDzivJhxIWqmT2h3CCGEEEIIIYQQQk5Z0sNhZGSk4+jRwXH1m5GRjvQwS04RH2v4rlxbSmwAWkJFIigxoCZalISV1EyxLyU4EtpX37dgrXoA1gVfir/sbIa9tx7WzBqgaGH8Y22/gf34Wj3xZbKvYYjHi0vvljERmkpcoj9t3JTxM9g3JopS8muKK8F8jdi+im4/lbiOz74QjzWC+TKusyC/ov0U52tE9pUOpzJfic4rk99E688KsK/3Ynz2C1MYo3U+TzBZ3/y/CF9Se8J2WKMzMazRSQghhBBCCCGEEELI6PJx3xEMHTs2Lr7CaWmYkps9Lr7GEtboHF1CXg1B99F5Q6+5F/9SW62J5xzFaNTcS27feXSPn/d5L8lpb/1fGH7487Cf+zGGH/o87K3/K+6n9EuwSj7vfh0v2Ffjsrwv8oNqdMpxCfGocXnjaaqN6D4q8bh+1HETjWv2Vb+6fWkc1fEU/Wl+E9iHKS6TfbW1bl+LS3rLME/qfAXaF+JR5wtqXIo/g19zXKJ9xe8I7Wvrwbjuk8yX0h1t/anzlWz9BdkPWn+muLzzbRT2C+FcTMm+tu5F++b5migG//DQRHeBEEIIIYQQQgghhBBCRkxOTta41OtMC4WQk5M15n7I5EOr0WkLL2Gqief8fyxrdIo19+BV29Nr7lmX/HX8U79aAXv7v0v27e3/DvtXKwAAVtVfy/4Uv1JVP8mv0LeguPzBgtvMe1RqCXrxqbUsbUhxqTa158KPN1/iXIi1CsV4tDaqccG2sQ9Jaj6K85XK+jDFJb011uvPnScY4xLXh2n9SeMXYF8+nrxGp7b+DH5Tj+v4anSmYl9bf4a4PH8jmS/RYCr7hWTfsF8Y1n3CuCaIY2++hGN7d0x0NwghhBBCCCGEEEIIIWREhCwLubnZCKeljZmPcFoacnOzHeUeITJ+olNQSnnqJ4gKKl9d5ivqFJUdICjDfFGYb191Lyu0JG2bq9KS9W6+/YypQPEi4ON3gf2NvspMwI49F3+/eBGQMcX356q8NPuqX6FvYlxyCMIB0b4Sl6AuE+1L6lL3s45dS7MvvNbs6/MlxaPZD4hLse+9Y7APzb6+PmDyK/qQ4vIXjrb+1PkS15+wDkX7getPnS9FKaitD8N86XHJwyWNmzGuFNafadzc1+p8QZ4v03mlrT/x/E3Fvkgq+4U4dqnsF+LYJd0vTPbV0TTNk2G+ThKGXnpiortACCGEEEIIIYQQQgghIyZkWZiSm42MjPRRt52RkY4pTHKSBIRhI55QEFRPlvioqgyl9gI24pkD24btNLBtC4lrdNpO7T3Vn4+15FZYpbVA/mzg0CvAW7+D/fyPYZ1dHm/Q0y4otoSFbgOwbNg9b8GaMg2YVg7EGmFdcius86+Mv+5ug73vGQw//b2AuJR4xEdje0M8bmeC1GOqP8++7w9qXN5Redwkf0b7wiEbwXGJ8Rjs+4/Q5kt2YrKvzJPSqfi0Baw/rb363DxfUOOykTAubb4CnnvxKOsetuW1kOw7qkZ/3RtFi8Jzs313/LSh0ewnWQ/a+azMk6Wfv4H7heA32frz7RjiGtF+kWT9efbdQ/L6O4kEnQCAY688DVy3fqK7QQghhBBCCCGEEEIIIcdFTlYm0sNp+OSTozg2PHxCttJCIWRlZSA9HB6l3pFPK2FZvgVYTsLDclIJluUmipxHpb2XsLHcR/cNX8UmYtniYd++ZSv+AFh/ugWYUeV/+Oz5sM6eD+vsizD8xFdhDR0BCspkKZibvXDdF5QCQ0eAAy/BuuaXsGav9O0VlMIqKEVo6nTYj63xuu0lVpx44mkY59GLS/YDKS4vAi8uuHGedxlCV/8HMLUIRgaPwH5vN4afvxv265u8DqXd8DiskqWw32vDsZ8ujuvZLroO4RX/BNjHMPz0egxvfzDuz7K0cQCA0KX/H0Kf+19A/wcYeuybwN5n4vG4E6i0N86XY1+bLyXx64+jMn6WME9ips9S/LnjJ64/MfGmrj/XnOXPU7y5EleAfS8eKOtcyYaZ1ocwQEKSUz7snVeWPG6WmkhU/HrxWMr6C2gvd0e0L69DbZ7U+bIM8yX6U+yrcZnWH6RxG/39wtRPf9wUf2r7k4Dhg+2wu96GVXjeRHeFEEIIIYQQQgghhBBCjov0cBjpU8I4OjiIo0eHMHTs2Ig+H05LQ0ZGGBnpo68OJZ9OtBqd7gtXCabX+vPrMZ54jURzDUbABj77w3iS8+BLsJ+8EcP/NBX2k2vjHzv/KliV34W9749ATgGsRd8x2rcWfQfIKYD99h9hLb7FS3Laj6/FsR+fBvu/roX9zguw5qyEVfVD+DUS5XhckZpRPab6tcXjphqJwgc+OgD70C7/5702wB6GVVyBtKvuQmjBn8s2Vb8uWXmwLrpO6bPt+bNtG8ifBSv6J0A4S47LpF4UfyR/tvZZtUanbWojPop2TX6VIKX1Ida0TLD+vDKMI7WvzpMXjxKX4jfYvnrcfF5JPhz7NoLjCravHjfFBSSr0SlNz3HYl9afEteo7xfuWNni+kswX3Yi+xPPsfaXJ7oLhBBCCCGEEEIIIYQQcsJkpMdvOTt1Sg6yszKRkR5GWijklPmLY1kW0kIhZKSHkZ2VialTcuK3wGWSk4wAX/PrqiIVZZuvoIIvCPPaw1diubeDFBVUrjmDfSSxb+WdG7e3/d+ANzbF9YBv/CZeb3PB/wDy5wAv/iMw60pYS28Djh4Gdtzn+bPKvw7rc7fFbbzwT7AW3hR/3vxvsNs2wbIs2B3/DSsUBv7ks0D+nLgPJS5f2aYo+dwoJEWdoJjTlIJOv7wClYC95w8Y/u3/lGekoBSha+6DdfZcWAu+CrT+F3D0Y2XaxIlwjhTNQ6jymxhu+o/4a3ccHMehi78Gq2C2NxXuZqIr3hQ/qiJVnC/Bvoc336p9ZRzhj6fXKfEdVSnoNjOtP6HjvgLXZN99w2TfHJcnGFTi8uZQjUtqbykGRCVikH0E2NfPK239SYrXoPUnthcMWIo/mOyr/dSVsGpcI9ovBPMp7RdiPIqy1SVw/YnzdRJx7O3XEL6kdqK7QQghhBBCCCGEEEIIIaNCWiiEtIwQACYvydgQcgWGJqWUpgCzDT+iYguQFVSOTU89FWAfJvvZBfGW7zwn2Ldhd7XGe551OuyDzbCfuwMAYC3/Z1g3vYnQdZsR+qs3YdX8c/zzjRuAgy8DGVPjrw80S36GO1vi9jKnGOIS4jEow2xv3CDHJX4G0GITWivjCdjv7Yb95u+AY0dhTSmENX2hrjwzqfsycmDN+zLsjFxtXlBwAawLrgDS0h2/8BV2WlwJ5svtozrvQevBVUXatmRfWnN+SNq4SesvwL60Nkzz5ToR5ykgLqg2Nfv6fHm2hHH058tkHyOwb3vnhnZeqfOl9MG4/kx+1XjEcdTsC+s98HxOZF+JU+1ziusPqp3jWn/CfJ1EDB98c6K7QAghhBBCCCGEEEIIIYRMGkKuwNB7dN7wa+LF1X/xt4XXzo9zFHDaxBvEPwvxdQL7MNn/4K14u7l/Jti3YF3k3L72g71xRdbzP8bwLy4H3nkBGB4CIpfGH995AcO/uBz28xviTl17F/2Z0/e4n1A0XpsTPXvi8UhxOX2zTHEJ8ahxeeNpiAu+DS8uz6/z3sdd8RjSc4DcswSVHzzfkpKy/32g/31YZ89F2iU3O36c/ywLocp1sM44D3bPXuBonxyX33N5voxxCfFocRnWg6W21u1Dsq++ZVh/nt9k9mWlorb+jH4dfwa/5rhE+4rfEdq3jPb9dZ/SfCnd0dafOl9B688YlxJPgvN5zPYL4VxMyb77Wp0vK3i+Jhq7+52J7gIhhBBCCCGEEEIIIYQQMmnQanQK4i2oyjBXFeUrpvxjRoWZiC9klA4G2n9rMwDAqvwusPoRWDOqYH15CzD9s/GWO+6NfyacDQwPwW68HfaWv4D9qxXxx8bbgWNH4+/bANodeyWXI3T9ZmBGFawv/QLW4u/G7bX/VlDOKQqwRHH5gwW3mfdoUrxJowuzwqywFAhnAQMfA73vGBSdylgOHcXwm/WAlQar9CpY+bM8ZRtKLoVVuhIYGoDd9jtZgah2XrVtK8fVuXbiEhV8cP2msj5U+7b8cuzXn6BQNMQlKiI1RaAyl0H25ePB9r35UtefwW/qcSWZrxOw7x5Pul/YI5wv0WAq+4VkX1h/6liL/hLFNcHYve9NdBcIIYQQQgghhBBCCCGEkEmDVqNTr7nnPMYfTrBGJ5Tkgmjf9evwTiPshy6B9adbYJ1/FXD+VfHjH78L+4kbYJ1+Hqwv3g+cdWFgcJ6tQ6/CfvZ2DN9XidDVDwCRKoTWbIm/90kvhn9WBXS1OkowuZ9+jU4hLjEMqb0QjxqXJ1izvA9Z3mvn1WnFsCr/B0IX/glgWbDffRX2/hd00ZlBhGa/sRn2jEWwCmbDuvhrsJ76WwBAWvn1sKaeDbvjWdjvtvofD4pLsu1OoDvxynqAL/zzOyL30YZrX/FnbG95C8cfN3ldjE6NTujzhYD5ktr7AetxCf4E+54BLS4lHmHIxX7qNTqV+KT2/nwFnVeWNg6ygjOhfa2fSfYL0V8q+4X+doL9Isi+3E29Rqdhvk4mPumb6B4QQgghhBBCCCGEEEIIIZOGsJz4sZ2XwqOo8nJVUFKmCv57TqLFdhrYtpAoE5vBzfvYToJD9edw6FXYj1wOa9oC4LQI0NMGe089cOYFCK34TyDrDNhvNwDdu4GBDyU/sAFk5ABnXQirZBmsq/4T9qOrceznlyJ0wdXAGbNg98aAzu2wu9sC4lLiER+N7Q3xuJ3xlGq+lMyafwPS5t9gmBYb9jvNGP7vH2njJ5oTj9pHPoL92q9hVX0HVulVwGubYE09G9bsy+PJ3O0PAmeeD6Slawo+LS6xH8K8qHElTBS5iT7Nvvva1N6xawesP629+tw8X1Dj8sYvhfkK9AU/HmXdi9lByb4z5v66N0Qm+TLbd8dPGxrNvkG1q8aiJmbFeRISp9JnTPuF4DfQnxqnKa4R7RdJ1p9n3z0kr7+TLccJAPaxwYnuAiGEEEIIIYQQQgghhBAyaQj7Ui/nwVW6KQotX9kntxeVWK5iKv6GrBRzkZVYJuWj42daBayKvwJKlgNZZ/if7+8GPnk/fuy5DfEanCKm7MUlt8K65FaErroXyDodyC30Q+jvht2+BWjfDPutpySll6xA9JVhYvyqksyS3vbj8hWRlv+hjw7APvKh3NcPY7Dbn8JwywO+AzUvaDpkAcPP/19Ys5fDKpqHUPkaWKcVATlnwt71OOzXHkPo838NsTai5SgGZWWfYledrwDFpZr49cdRGT9vfcjt5fUnjJ+iiFTXoZgwlObLFuIT4wqwryoTgxWC+voQBgiKJFZRbgYrfv0PyH51RbE6QUpcUndE+/I61OZJnS/LMF+iP8W+GpfW3u3mWO0XngPZr64YVTuEkworLX2iu0AIIYQQQgghhBBCCCGETBr8W9eOQMnntxcVZmZFltm+4MdgP7Tkh8Bn/9rc45yC+E9/N4af3wCjYk/xazdugFXxF8CZc4z2rHk3AvNuBBo3wH52g65AtCxN5BcYV5DizX0UFJ3De/6A4Se/JSfwYBg/k2M1AWcDGDiM4Z2PIq3gAoSi1wBWGuzDh3Cs+f64X1v4qFDnUErOJVTIJVFcep8Vxk1bHwExpLI+pD47fgzrz1PsjdS+tu7Vj4n2EyhGZReyP+jnldRIiAsBcQXbV48nUWgb7SdQjKZoX1JcGuIa1f3CWZfm9oa4tI6dZGTlTnQPCCGEEEIIIYQQQgghhJBJg1aj06vxB1V5Bl8Q5rWHkCRzkiMJa3TqCT3N/swrvSSn/fS3gfYngf5uv8czqmB9eQvwfpun2JMVaWJ4goLtvd1ApAr2L1fAjj3nN8k6A9aCv4RVdWv8Z0890NnixWWq6ScrCN1xUPwF1ki0vLGyvNfwlGyBNRIlxIkAkBaGlZkLGxbspv+AfcGVsGYuBYaPwd75K6Dj2bgfQdzo+h27Gp2qfWUcAXm+3PXhJQ4Vf24z0/oTOp5ajU6TfXNcQTU6vfWeao1OKOsh0D4C7Ovnlbb+JMVr0PoT2wsGUqnRqfXTVKNTjmtE+4VgPqX9QoxHOg99Atefcb+YeKy8sya6C4QQQgghhBBCCCGEEELIpCEsJ+6S1NyzoSUSPIRES3CNTrN9T9lmA9bMK+Itn78D9s6fKfbF/J7Tt0QKu4CafraY3TjSE1d89uxBaNVGWBXrMPzbm5w3DYowQRlm+94CFG2Ja3TasOW+SPaVeKSxtuWj4WwgM887PvzSvQjllwCDRzC881Hfh+31BnZgjc4E8yXGI86LCUOTRDUSEykrjU5s03PDfHmZQb+pqkjVFYJB9tWuOP5SrdEZpEAMtC+YsyGfV6b5SlSjMyguNR5x/ak1Om05IRm8XwTZV95LWqMzVWV5gH3lqVm5aji/JhCr4JyJ7gIhhBBCCCGEEEIIIYQQMmkIyzUlEVgTT1WKuYx6zb3IZfEGrz0Ey7I0+6LiTfIH1a/sXlK0WWJC1Hk80BR/P3Kp4tevMWm0ryRgk9bolN8FNAWi0nEvcHEQDakZJy7LtmG3bcax3Zv9t5x4XJuWY1+qYakOmDGuJDUfLcN6kBJj4voQzIjj5r52R0hdf55fx0ygffMCkO2rfgV/il/fvhLXcdboVO276PZVvwnmS/SnzpfmV/EHxb4Wl3E4x3+/gLxfJLXv5rnV+VLP55OEULHh9tqEEEIIIYQQQgghhBBCCDGi1eiU00nJFIrxlqNZcw+nz4q/89E72kdtWLKiE9AUe8n8eipGVfHWuy/eIC/iKSADlW0JfMiJFYPiTfiA2/9gRao5BmOsblyAUMtSaWuLTcW+WFob43NLXgdBNTrdQ2YlrOAvyJfXq7Fef2qiNLGCNaEiMKX1l5pCVlzvYlxGBWLCuI6vRmcq9lPeL5x1k/J8iQYNTlNRyGrjpypgE+0XE0zaeRdOdBcIIYQQQgghhBBCCCGEkEmDVqNTr7nnKqjgC6i89hAUUZbzMlGNTigJBl3R6b2jKMnkfjqfFf0JCi6psaXadRKmisJP+pR4q1NL8WMreRgpLiEeVanqttv3LI7d9RnPgKUozEy1BAHg2INXa2Ngv/oohnb+CmKqSa1hKOaQhhvuwLE/3CEr+MasRqf7Uq2RaMnjJ7X3E1H+uLnr0WlmWn9Cx1Or0Ql9vmCer6AanXpcgj/BvqTctALsK0Mu9lOv0ZmohqY/X9r6k7uvG0ilRqfWzyT7hegvlf1CfzvBfhFkX+6mXqMz0X4x8aTNvniiu0AmAYfe+3Ciu0AIIYQQQgghhBBCyKTg7LNOn+gukDEmLCd+UlDsBSmuhERLcI1OOQGl1hK0BKO2moFQE62uGk5T2IntzTU6fTWjYl/zbRns+zU69XFIoUZnAr+S4i2Jws40T6nW0HSnNDAuMR6DfW08A+My2VfmSelUfNpGsUanlzGU2yeKS5uvgOeq4jdpjU6thqYhMsmX2b5U41Rqn6BGZ1AsamJWnCeTkjlovxD8Jlt/vh1DXCPaL5KsP8++e0hefydZjhOh4tmwCs+b6G6QSQAvzgghhBBCCCGEEEIIISRO2Jd6OQ9OwkNVaPnKPrn9aNfo9Nqpik5VuQVL9gdze1ONzriqKyAux7epRqerDDP2R1GYWW4fA2oJeglLd9wAz742jmJGLMC+NI7irTmVnKJew9DyDxjaG2t0GhSXauJXtC+NX0CNTnn9CfEpikh1vkw1Oj2/lmG+AuyrykS1vTd+XlzKeh9hjc6gda/61RXF6gQpcUndSVJTVYxHnS/LMF+iP8W+GlfK6+9Ea/oGnFfe+tAUo2qHcNKQNn/5RHeBEEIIIYQQQgghhBBCCJlUaDU63ReJFW9ue0GJFaDIMtsX/Cj2vXdsX4/nY6jRaVLsJfDrfiZQ8QZ4qjRZ2RYYgv7a63iQQtaPJ5Fiz+gjmaIOEBSRquJNnqd40seWk3MJFXJJFJfeZ2X7gYrRoOfCQU0R6TZOsP48xd5I7WvrXl9/41GjU0ndanEF21ePH1+NzkDFaIr2JcWlIa7R3C9MNTp9DHFpHTt5CC9aNdFdIIQQQgghhBBCCCGEEEImFSHvmQVBTeXW9HNqCVpW/IjzaMGCZcXfc97xHmFZUEVuJvsIsI+PYvF3IpfK/jz7kD8rHNfqRcJS/IpKPjmeUOTSeIPDB6S4YOn2FVGb1Ce/sfBZcZQs58c9YgmPYjxG+wi2b/n2vfEU/anzZQnxWQZ/6nx5ijoksK/HBTUudxzV+XL9qevQ9afMlxSPOl+B9t3nJvt6XJ4/NS7LMF+WZFYeNyEu4/ozxaXZ188rbX2o85Vs/anrIdn6M8yXb1+Pa8T7BXT78jsB6087ryyDfWGe1Pk6CUibswhpM8snuhuEEEIIIYQQQgghhBBCyKQiLN/6M0nNPRuJFV6qMlGr0Wm27ynbbACd22GdFoH1p1sS93xGFazvfaTlYJLlLqzrtyRsY7/+65RrdLrDIY2fUQEbpDiDcly0b67ROTIFoumAeNwUV4L5ClQgJo7L9h7FuBRBZ4K4jE6Mak3DfCm38jUpUnWFYJB9tSuWUZEbWKMzSIGYSHnqmrMhn1em+UpUozMorkTrz1LtQ1pnwftFkH3lPZOSOYX1pyvLA+wrT83K1QBF6TiT/vkbJroLhBBCCCGEEEIIIYQQQsikI6ypFJ2sgFoTz6+NaEq8YfRqdP72RuDwPwAXXAtMnT6asSamNwa7swXDDX+HoBqdAKDWsrTEYQEUdZql1+hUE2/uuDmfsdVxU2p0Jp2vgBqdYolLab68pJzq1xSXlbjmo9G+Ep9iX4vLfe2On7r+PL9CXEb7SjxG+6pfwZ/i17evxKXKLFOs0anad9Htj2C+RH/qfGl+FX9Q7GtxGYdz/PcLKPtFMvvaulfGT615OgGEZpQhfEntRHeDEEIIIYQQQgghhBBCCJl0aDU65XRSMoVivOWo1twDYG/7G+CPf2Nob0h4qYm9JH61xIehvaYAU5VtCXzI9s01NH3ZmxWsMJOFbcHxQEzoqLUs1b7J8+TV6BTjCvIVN2xU8kmLx32wocWlKxCTxTXW609NlCZWsCZUBKa0/lJTyErrT5wvJJkvLa7jq9GZiv2U9wtn3aQ8X6JBg9NUFLLa+KkK2ET7xQSQserbE90FQgghhBBCCCGEEEIIIWRS4ic6FQWYp5zyFJfwBVReewiKKMt5aWlKKrm96F5XdFpI1F60b3kKLVXBJdpXlXOeP0lpJ39E9OvbF+ISuyW1F+0rcamCNW9clPGzlXi09nJnLS0uYb609qZxU+JS7KvKPNW+VudQ8WsjYL6M7f1ElBaX28y0/oSOi/al9SCOo9cB0X7AfKmJN+cNPS7Bn2BfVfIa7StDLvZTGzdbiU9qb1jnynllaeMgL8yE9rV+JtkvRH+p7Bf62wn2iyD7cjdHtl+MP+H5NQgvXj2xnSCEEEIIIYQQQgghhBBCJilhOfGTgmIvSHElJFqCa3TKCSi1lqDvz4DgN0jpZgt+4Ci9jMpKT0lntu9jsu/X6NTbj32NTllJd3w1NN0pDYxLjMdg339MkChyE30GBZ80T0qn4tM2ijU6vYyh3D5RXNp8BTxXFb9Ja3RqNTQNkUm+zPalGqdS+wQ1OoNiUROz4jyZlMxB+4XgN9n68+0Y4hrRfpFk/Xn23UPy+pvgHCestHRkXLd+gntBCCGEEEIIIYQQQgghhExewr7Uy3lwEh6qQstX9sntR7tGp+fPxc1GCGZVhZbcQIlHjUtR8KlxmWowxtMwvjJMtK8qyZLW6FTiMtVI1MZRzIgF2JfG0VCj03OrzpcqHVXaB9UA1eZLSfxq8wQ1LpjjssWXyvoTE2/q+nPNiQo+yzBfAfZVZaLa3syz3LcAACAASURBVBs/w/oQBkhIcsqHtfWn1qb1PiD71ZW36gQpcUndSVJTVYzHcF5p8yX6U+yrcaW8/sZ8v1AVo2qHMGFkrL0DoeLzJ64DhBBCCCGEEEIIIYQQQsgkR6vR6b5IrHhz2wtKrABFltm+4Mdg3/erfkxUZI1ljUQ5HttJHAaEoL/2Oh6kkFXiCVDsGX0kU9QBgiJSVbwZ4pIUiIZ4JL9JFJfeZ2X7gYrRoOfCQU0R6TZOsP48xd5I7Z8k609J3WpxBdtXjydRaBvtJ1CMpmhfUlwa4hrV/cJZl+b2hri0jk0M6cv/HOnVN0xsJwghhBBCCCGEEEIIIYSQSY5Wo9Or8QdVeQZfEOa1h5Akc5IjCWt0iomNxPaDaxi6SSxfsScr0qTGgoJNjSvIvhyXqaaflIaSFHWCv1RqJEqBCnEF2hfGMUkN0OAamoq/MavRqdpXxhGQ58uNC8p8jUmNTpN9c1xBNTq99Z5qjU4EzJdmHwH29fNKWx+S4jWF9ScaSGX9af001eiU4xrRfiGYT2m/EONRzxPPXcD6M+4X40P44pXIvPGO8XdMCCGEEEIIIYQQQgghhHzKCMuJuyQ192xoiQQPIdESXKPTbN9TtiW1L7/v2g9U2AXWADU4SVURJijD3O5K46f6c40nikv0Z1DYCdmvESoQg+Jyj5viSjBfYjwp2ZefJqqRmCiupPMlZsdMNR+FW/nGl0UCxbJhnQU+d/2lWqPTs2+naF8wZ0M+r0zzlahGZ1BcidafWqPTlhOSwftFkH3lvaQ1OlNVlgfYV56alavy+TXWpF1Ujayb7xs3f4QQQgghhBBCCCGEEELIp5mwXFMSilLKVKPTlHgTlVJuUkRWirkkq7mX3L6vxJL8QfUru1drJPoJUdev83Ho9uOtA+yL3Rb9Of/X4lITb5bUG6GmpKU30OwbxjOgRqdJCSj5UwfMGFeSmo9G+0p8ATU6NSWqO37q+oMyX4H21QVgsp9gfSh+ffsB62+ENTpV+y66/RHMl+hPnS/Nr+IPin0tLuNwjv9+gRHuF9q6D9gvxoHwxSuZ5CSEEEIIIYQQQgghhBBCRhGtRqecTkqmUIy3HO0anb59+aNGRZaa2EvoN4HiTWiv+VOVbQl8yIkVcw1N6X6qCRWphhiUOKXErFJDU++bPG5ejU4xriBfccNGJZ+0eNwHG1pcugIxWVxjvf7URGliBWtCRWCq6y+BfSk0QIvLqEBMGNfx1ehMxX7K+4WzblKeL9GgwWkqCllt/FQFbKL9YoxIX/7nvF0tIYQQQgghhBBCCCGEEDLKaDU69Zp7roIKvoDKaw9BEWU5LxPV6ISSYNAVnRYStRftK7ULBQWXaF+r0enVmnRaqAkPxa9vP1EtQXiJHN++EpcqWPPGRRk/Qy1Bub3cWUuLS5gvrb1p3MaqRqf7MmC+jO39RJQWl9vMtP6EjqdWoxP6fCFgvtTEm1vLUotL8CfYV5W8RvvKkIv91Gt0JqqhaVjnynl1QjU6tX4m2S9Ef6nsF/rbCfaLIPtyN0e2X4w+Vlo6MtbegfTqG8bWESGEEEIIIYQQQgghhBByChKWEz8pKPaCFFdCoiW4RqecgFKVlb4/A4LfIKWbLfiBo/QyKis9JZ3Zvo/Jvl+jU28/9jU6ZSXd8dXQdKc0MC4xHoN9/zFBoshN9BkUfNI8KZ2KT9so1uj0MoZy+0RxafMV8FxV/Cat0anV0DREJvky25dqnErtU1MsS8/VxKw4TyYlc9B+IfhNtv58O4a4RrRfJFl/nn33kLz+xjjHifD8GmRctx6h4vPH2BMhhBBCCCGEEEIIIYQQcmoS9qVezoOT8FAVWmotS/dxtGt0+jU0HdxshGBWVWjJDZR41LgUBZ9Wo1NQekkKMPjKMNG+qiRLWqNTictUI1EbRzEjFmBfGkdDjU7PrTpfqnRUaR9UA1SbLyXxq80T1LhgjssWXyrrT0y8qevPNScq+CzDfAXYV5WJantv/AzrQxggIckpH9bWn1qb1vuA7FdX3qoTpMQldSdJTVUxHsN5pc2X6E+xr8aV8vob8/1CVYyqHcKoE5pRhoxV30Z48erRN06IRivuuaUeLYHv52H1D9ZhZeF4dqkO3/h5DBVfvQU3RcfR76jgjGfpUtz1jYXIMTaZzPERMrlpefBO3LMz+P2iK27AbcvHccPr2or1P9kBjLffUSI+nqn9OzGStoSQE6fz6Y1Y/1RvcIN5Nbj3xvG8EOnC5p88hE0ox20/WIaicfQ8KTgcQ2P9Nmze3oXugfih9Kn5KF04H7XLy1GUObHdI+Skxrme6hyjfS1+DRPBTXfWomJUbfK6iBBCTia0Gp3ui8SKN7e9oMQKUGSZ7Qt+DPZ9v+rHREXWWNZIlOOxncRhQAj6a6/jQQpZJZ4AxZ7RRzJFHSAoIlXFmyEuSYFoiEfym0Rx6X1Wth+oGA16LhzUFJFu4wTrz1PsjdT+SbL+lNStFlewffV4EoW20X4CxWiK9iXFpSGuUd0vnHVpbm+IS+vY6JE2ZxHSP38DwpfUjr5xQpKRF0HtF2cjT3sjExH9IElG2zbc+XQx/m558UT3hBCikYmKq6pQcbr+Tk4RNzxCyKeLWVXLUH2e4Y38yLj35ZRifxM2PnsABfOWYfXcJP+2vLsNt/9zM2LDmZg1N4rqeYXIO9yFllf3orVhK9Y/uxtr11+PqlwA6EXrlq1o+nA6atZUYsSzeLgVm55sR/d5C7FuCdcAIYQQQoiLVqPTq/EHVXkGXxDmtYeQJHOSIwlrdIqJjcT2g2sYukksX7EnK9KkxoKCTY0ryL4cl6mmn5SGkhR1gr9UaiRKgQpxBdoXxjFJDdDgGpqKvzGr0anaV8YRkOfLjQvKfI1JjU6TfXNcQTU6vfWeao1OBMyXZh8B9vXzSlsfkuI1hfUnGkhl/Wn9NNXolOMa0X4hmE9pvxDjUc8Tz13A+jPuFyMnVDwbafOXI7xoFdJmlp+YMUJOhMx8ROeX86/rR5HYU1uwKboOq6dNdE8IITJZiMwtRyX/ep4QcgqQd345KnkHifHnwxiatsdQdNYAVs9N1HAATVuaERvKw8rvy9eNlZcBONyOuvoeRHP99rHWDjR1HUPF8SQ6j3ShZXsHOodmY92SkX6YEEIIIeTTS1hO3CWpuWdDSyR4CImW4BqdZvuesi2pffl9136gwi6wBqjBSaqKMEEZ5nZXGj/Vn2s8UVyiP4PCTsh+jVCBGBSXe9wUV4L5EuNJyb78NFGNxERxJZ0vMTtmqvko3Mo3viwSKJYN6yzwuesv1Rqdnn07RfuCORvyeWWar0Q1OoPiSrT+1BqdtpyQDN4vguwr7yWt0ZmqsjzAvvLUrFyVzy8TVlo6kJULK+8sWAXnIFQ8B2nnXYi02RfDKjT9eTUhZNJTmIdIdy82/7QOkVtrUZE90R0ihBBCCCEnH3vRuhtAQQkqTX8cN3U2aq8d7z4RQgghhJx6hK2bPwbgf9Uf9DhajJcfQgghhPi4tUnW/c1stN23DY3vDgHhXEQv/wLWLS9E59NPYGPDQXQPAOl5xaj9i+tR7X5h49Whux43F7yIe37TgVgfkJ6bj8qrV2LNgkKkJ3I+3IOm32zGJrduUTiMyNwFWFNbhVnZAPbV49a7W9E9dyl++ucLZVsH6nHr/2lF/6IVuOvLZQCA7le2YOOWduzpGQJCYRRFF2PdmkpEwsLnjnSgvu6P2LyrB/1DQHpeIaqvXYXaZLcfA4CiStyyog23/jyGB+paUXpj1Fyv02WoCy0N27D5uYOIHR4CAOTMKMGaG69BZb46htdgLV7EPf99EL1DQPq0Eqz9+jWoxA488OA2NO0fwmAojKLFNfjhtWWS3/6ORjzw+Ha07h/CIIC8kijWrq1BdGrykAg5pXBr6X7la6h48zE80NyLwWEgr7QcN31lGYre3YqNj7yG1h5nH/ziKtxc5d6qWqhD940zUe+el+EwIhVLcdO15SgIJ/Qu71EAcmZEsPLqFagpyQWGY6jbUIf6D4ux7u+vR6VUty2Gun+oQ/2R2bj5tlWIhlI879U9NjMPFVfVYN2SSOK92Ugf9jyzBQ88FUPngLPPf+lqlI7YDiFkXDjB6wuvdt3fL0Tnw7/H5jf7MIgwCuZciLXXLUNpkmsMdY9Kzy9E1YqVWDM/H0AfGu/9dzzQloua734TtdPFTw6g6Wf/io278lG7/muoGRiH6yRvrGpxc34z7v51BzrdPXPVCty0uBhevXbnI51PPYRvPAWgMKg2aS7ypgLo7kDTu0h4JxC57moM99xyJwB4dd979zdh8+OvoGl/H/qHAGTmIlr9BaxbXoIc99+mLufjO+vxjVvqATh1B51/97Ra1abjRzqw+eHfo/6tuJ/03FyULlqKNSvKUBBKNNuEjB/e764/Kkf3r7Zic1uff15/vQZR8Q9Rh3vR1liPuv+OIdYHIBxG0YzZWHldDSpNF20jOV9Gcl10Ir9/EkIIOWHSfvSjH/1oojtBCCHkxHm368MRtc/OSINlWd4PgITPIT6Hf1NkrZ3wmOyY+jyV18mOBzHS9unpk+E3/S401+9BZ/ZZqCgvQPrRAQyIP0MWsjLiv9x17nwBzYc+QduOGFBagWsX56N/3zt4/fV2tO99A0/tHsbFy5fg4jN7seetLrTs7MacpRegwALQ14GG597F4LGDeOaVAZRULcCVc3Pxwdv7sXP7q2gNn4+lM517cnW9jid39KKofAkuPhvA8EFs/peH8MjrfcibHcWVV8zBnLSP0PrKW2hoehclS8pw9plnYHj3Drz+1mHkLJ6PWVl+hK2/+y0aDpyO1V9fjllZQOfWjfjbX7+Dj6eeg1UrFqJyxiD2NLVi865BXPzZ8zAVAAZ2Y+MdT6D+wDAilQtx7dJzMLVrH7b+8VV0nTMPFYVBWQpnPKfNwrU1S3DO+zvR+MqbeD1RfABiWx7CnX/8EHnnlaHmiiguLj6Gt3fsQ+N2J76wP4a9nXvR+P5pqLliIaJTetD2xrtofmMP2p99DZ3TL8Lqy6Yh7dBBtL/RjvbcUlRF4r/FD+56DD/4j9cQs0/H0iuX4PLSLHTt2oWnnhN8EPIpJ76PhRG5aDbOSVf2u6PHkJaegTQL3nnau2c32uwIVl5VinM+OYTX3ziAlo492PmHdzA8rwLXVpyG7thBtL/ajg9KFqH8TADoQ/tzr6Jt+Chiz+/Bx5G5WLnsXOR/0IWdr7dj625hr3HOa5w/D9Wz4ntE59Mb8bePvYOPp07D5ZcvQlUJ0PXGPrzwXGt8/zn7TJyDN1Df1oXuKaVYeq7wTV3bNvzncz0oWnk1as/LTvG878Lmf34gvsdeWI5rl5+PkuEuNDa0YKe4dwWOZxZKqyowx2nW+fSDuH1zFz4+oxA1yxdjyfQjeP3p5/HC+8cwOCi3JYSMHR/vbUHDWwMomD0XpXnqfjeA4bQspIdwwtcX8X0gDR90vIq3w3NQ84U5mIMP0LprHxpfFvcaZ2/ENFRXzcRUAP2tdbj1P19HzD4dF39+Aa6cm4eP3+lA84s7nP3nDERyu7G15V3Ejp2BKy88yw+w90Xc//8OYHBRNb614KzxuU5yfPT37EP97iFULI+36377HbTtcP8dyEJ+4RkoPa0XLbEjyItW4oaaUlRceB5mFUxFmjZTecgfeh0N7b1of/FlNO/7CINTs1E0ZSrSlWuzrNxsFM3MB/YdQOdAPqq/sgSXXzQT0fOmId9qxn9ueBYt1hkov3Q+rlxchLzug2hqec25Ds3D1IKpmFV8DHve7MXAuWVY98V5qLhoJuYUnYEs59+9qcK/RwC8fw/94zHU/e9fY/OBkHeNnN/Xg+aW17Andy6qIlkgZNxxzs2Pp83CqnnxX7Die9MQYq++hs78uVi9/HyU2O9j5xvvoKljGEsXRRBfrT1o2vgL/NtzPUBxCa6sWYDKc4bR+UY7tr6bhSvnF6Nr5wtoPpSHi78wN/7HCimfLyO4Ljru3z8JIacyQ4PDE92FTxXcaQkhhJDJTncr7vxRq35c++vzAcxa8U3cvCj+i1vl6Z/g2/e2Y8/eXKy97XpUZQNAOQr67sQ9O2No3Q+Uniu42ZcltAMqL56BezbUo+WprWiqUpVJcQZf2YZNB4CCy2px29VOJaL5lag+/5f49qMdeOTpGDZcFUH1pcWoe+QgGl/qQo37F7QDzWhoHgLmRlGdF39d91QvUFiOv/v+MhSF4v2tmvEEvn3vDtS/uRRr5wCxp7ehqS+Miq98DTfNd2Kd/xkU/Mv9qGt4GbVzq5D872ozEb3uGqx+95fY9NQT2Dx3HVYG/JV+ZNn1+Kcr8pDnXVWVI5p5P773eAea3gKiQm2n/sw5+OH3azArBGBxBOi8H3X7u9B9WS02OONTNRNY/5Md2LN7Lwar8pGOGDZt6kB/dgTrflCLSmeeKuedhttva8Lml3sRreJfCpNThT7U37MR9drxPKz+wTqsFP4wv3/GYtz1jYVxxc+809C/fgsaO7qQ92VhHzyjD9/4eQytu2PAHKFaWncPcoR2mD8fpQ/ej3t2NqNu+2LcvMCw4Q00o66+F8iP4hb3PEc5qqqacff6bWjatA01c2sQqYwi+uQ2tL7wCjovc/foATQ9347+UDFqKvOBFM/7we1bsekAULT8etx2haNKnV+JyKN34e6GF9G2bFXqaszDTXjE6f8Pf6D33/CvDCFkjGmt24jv1enHXRWgy/FdX7j0oHeG3w7zK1Hx9Easf8q/TtOJYfMTMfSHirH2B8K1YVVpXLXuXhuWlqMqvx31za+hpbYMFc7fEcaefQ0x5KKmqkyyOh7XSb1HzsS6vxHaKf8OzJpfjlnhdmxs7EHO9DmonJ+4KHTRsq9iw+lPxBWiba2oa2tFHRx167KlWLkogrwQkD6tDJXTutBd34QWTEHp/HJUeFYWYu3fzkZent/PynlnYnD9FjTu3I3uZUtRVFqOovz3sfm3MfSePgOV84+jeGtXO1p7gJyqlfjhl0rifuZXofZwF7ozeC1JTjb6kL5AvL4pAX7yEDZ17EfrAFCVCQxu/z02tg0gJ7oMt3213FF5l6NqWS96+/KO484WAiO4Lhqd3z8JIYScCEx0EkIIIZOdvAhqvzhb/+UpuxAFckPMEtU9+bnIA9A/t8z7ggoAiorygJ296P5Isae0Q3YUNQu2oeWZg2h9C6icC43WXQcB5KKyUv6SLGdhGSoePYiWNzvQjQgK5l+CmqfqUP/SDsSW1yACoLepFa3DYVQtcW5n+1YMrcNAQWkEOX29cG/+helnYxbasWdfFzAnjNY3+wAUI3r+EHoPu63SECnJBZ7pxB5A+GIpAaFirFxTjpY7d2DTffUovbUGs0ztsvOEsR9C/+E+ICP+N8baH+iVzHB+SQaAfBTkA9ivjE9hIYoAdPb0ohtAUXcH2noAzI2gdKgXvYfd/p2N0gKgfm8MqDqOL7sImZRkouKqKlScrh+PKJtgZOZM/7aGoTNRMBXAkQgqFwr74Nn5KEIMnb29UD4tt0MuKpbOQd7OVrS+sRdYUAaNNzvie9SCC4XzHED2QlTO3YbW1hhau4FIwUKsrGpG6zPtaDywLH47x96XUb8LyFlUHv+jkRTP+7Y34nts9PxcYb8DIucWAi91YU8XUJr4O3qft2NoS9j/FO0QQkaNWVXLUH2efrxAzT0ez/WF94Z+nVZ0WTmiT21Dq3udpnbASZghqlwbhiKoWpCL+qfda8MIVi4vRv2jMTS+MoCKBZnA8G40vNgHzKhEzXTF7nhcJ33mQifJ6RD470CqhFGw4BrctmAI/d37sef1djS07Ebb/i401NWh4fly3PYd9w/0ghGTnBjoQ+/RMHJyAQzGb8U7KhREMCt3BxpfaUTd+ZlYOacYOZkApqq/MxByMpCHyoXFwutCFBUB6OpDby+AQjjXQZmoqi6XS42E8uK3lT4RUr4u6hm93z8JIYQcN0x0EkIIIZOdzHxE55cb6gap5KHI9C1GSL8Rl4mCwnztWE5OFoABPaEHABjC4AAAhKHdCdj16X55E4qg5tJ81D++Gw1tNVhbGkP9sz1AfhTVjhxp8JMBAED3M0/ge88Y3HUeApCH/iMAcBAP/GijoVEYnV0AUv3if9oy3LKmB7c+3Iq7Hy7Chvl6k8HuHXjk4UY0HQgaB5+is8409inhnZKPDKAfAHY14nu7GvX3Q13oBFKYf0I+DWQhMrcclSmcw6Y9C0Di880lP0//Ujo7DTkAeoeGjB8ZPBo/np6m/4rl+XT2iFmfuxCRZ5rQ2LgbtV8u09VNKZ33Q+jvA4JVrkDsEFLe71LqPyFkXMk7vxyVKfwt03FdX/he9OvDzMz4H5kFJdkGjjnXb4ZrSGcPca+JchaWo+qJg2h89mX0LqhCzis70HgEiF56sfZHeuNxnWT2MRqEkVNQguhlJYheVgMMxLDp3+qw+cAO1L1SZb4TgMtwL9q2bsEjzx5EZ5/yXqrXrKkQmo2131kG3LcN9T//JeoRrzkYvbwKa6pmI497PTmpCPjd1cO9DspCTnaidsdH6tdFH4/u75+EEEKOCyY6CSGEEJIS3V09AOS/+O/v/wRA0JfgYaRnAsCQngAcPhZ/TA97txTKc27n2Ph8M2pxEI09QHTNUs9julNvNC9aidp5U3R3+REAA8gJA0A+qr8y36DA1FVfyciZvwJrW+/HPTv/gAeG1cRJB+ru3orGI5mYtbgS1TOdfr39CjY29ozMURCZafExOrcM6y4t1t/XlLuEkBOmpxedw0BE3NuOHIt/mR42/wrl7lGDx/REqLcHuvbyLkbN3CZsbN6BplVA24t9wNylWO2qm1I678PozASCVa4G1VcCUuo/IeRTSC86uwGIt+gfGIgnMoXrNAl3j3Kv50ScPcS7NgyVoXrxNjQ2vIb6A59B3rMHgfwoVidK/I2Ek/U6KTOC1dURbH44hu4eR34WQO+LT+DOp7qQXhjB6hWzUZAJAB+j5ckmtJxIH0x/l5NfjrXfL8faoT70HjqIpm1bUff4E4h9VBtwm2JCTlbc3zU/cRKNJ4hyvqR+XZQ16r9/EkIIGTlMdBJCCCEkNXbtRuORcv8WZcPtaNw+AISKET3f/JHo3GJg50E0NcWw+mr/y5P+5t1oAVAwp8T/8ilzIaoXPofWl3bgzg970Z89G9XzhS/B5pQgGoqh9WOgdH65rAIYGsKgk3yIzs3Fpq4+DOaWo3KO3J/BISB9xFc/uaj4yjVY2flLbG7tUt77GL19AArLsPbaKk8tsCf24kidBFM4G9H8HejsHkLevHKUiomX4SEMIuBLSELICRBDU3MfKhf5t69te+lN9AKIXjDT/BF3j9r+GvbUFPu3OTvSjKZdAPIjiPobHiqXzMYju9qx+Z4+dB4RbtMNpHzeu3tsb3oElfPlP8QYHBoa2X7n9v/5ZrTVrPJ9uv0nhHxK6dOu03pfbkUrlOs0EXeP0q4NY2jc3qddG0YuvRCRhiY0PvoYcg4AkasXYtRSamNxneQoVfs/VuWVKgNoenwzcMkqVBaoG24fmnYeBBDGrHPdJGcY8c44iRln3Pr74nctia6oxUpXwXukGU2PABDzwSEnlr5+9AP+rTrPykcBYujsFGX8rn+RXnR356KgIAyEc5E3fTZq1nyCPdvr0dLZhUFEeE1JJhXudVBjww6s/Kpw+9rheI1O4+1rUz1fUr4uKhyD3z8JIYSMFG61hBBCyGRnoAetr+xATHsjE5HPlKFolP5gPq+oD5t+cj/aLvkMopnvo+EPu7GnD4hcsTReU85A+vylWL3tl9j0TB3Wd0VRtTAPg7tfR8MrPUBuCdYsl7/milaVoeClVsQOAAXV5YiKX1ZlLkRtzQ60PtWEW3+yH9WfLUNk6seI7exA0+5eRL/+LaydA0SWXYKKl+rReO+/onN+GarKzgS6D6JlRzvashdgw7eq9HqmyQgVY/XacrTeuQMx6S94p6O0BGjp2IF7HgRqopnobG5D037zrS2PjwhWroqg8eftuPO2+1F5yWcQLQC69+5F0/aDyFnxNfywynyLTkI+fXyC2K4daDqgv5NTVIbotNHa8PLQu+V+/PitMlSVZSL27A407BsAppejdn6AD2+PasWd//g+qj9bhqKBvWh8rgN7hjNRuXqp/MV+aTmq8ttRf6BXuk13nNTOe2+P/c39WL87iqqFhcg73IWWV/eitasYN/9olfylfyK8/sd9Vn9+PiIDe9H43EF0ZgNI9n0/IWTU6X1rB5qMqrwSVJ47WhKhPOTs+Q3W31sWv05rbcXmnb1AbgS1y4LSke4eFcMD3rVhL5peaEVrDxBZsUy+NnRV7Lt60R8qxrrK0bxuGYPrpLIoqnI70Pj8ZtyZfjGqpheidH6Jfv3Y14qm5zvQ+sxdeGRGMaLnz0B0+hQMdh9ES8tutHYBOfNqUOslPvJRtSgfm37ThUfufgz9NTNRVFSG6LmFyEEvWn59Px75wNl7XzjoqPYFCqKoKmnGI2814sePDmLlnDPj1/rTZqMifwfqd27Dnb/tR9V0oHvnK9i8S1k8bdtw+73tSC+JoPKi2YhM/Rh7nt2BFgBF5zHJSSYf3nVQ61asv3svqhfNRN5h59orshQ//fOF+odSPV9GcF00Jr9/EkIIGRFMdBJCCCGTnd4Y6h7W05xAHlb/oAwrR6keSE50BW4ueBF31zWiaSBe06fi2mVYt8RwmzCXUDFWfudrKPjNZmza3oq6NgDhMCLRStxUW4VZ6hc40y9EZUErNnfno/pS/cu1ouXrsKG4Ho/8djcaHj+IQQDpU/MRXfkFrHaVA9lR3HTrmWh84vfYtHMHHtge91k0YzbWXrf4+H/JnLYMt9R24duPin/tm4/qr1+D/od/j82tO/BAaxgFcxbgli91Yr1xTo6PnGgtNny3CXV1L6OpvhFNw0B6bi4irTOdVAAAIABJREFUC5Zh3WImOcmpxABafrvVeCu/oiuKEZ02ShteZgnWfeNM1N+3DQ9sH4rvW/OqsHZNpV67U+zD8nXYULAFG7e0o/7x+F6RMyOC2rUrUFOibngRVC3IRf3TfYhcqqubUjrvnT02suX3qHvJ2WNDYeRNL8bqG5emnuT0+v9VbMh/Avc83oGGx7ciPTcflV9ag+rW+7Fx58hsEUJOnD2NW7HHUHYS82pQeWMKxTtTIg8rb1qGzod/j00P92EwFEZBSRRr1tYgmqDuXU60Fhu+1YgHHt+Olqca0QQgPb8Q1V9ZiTXz1WuTTFTOj2DjrhhyFpYH/oHc8TLq10mh2Vj7V0vR/6vn0NrQiDZEcNP8ElSo7XIX4uZ/iKCloRH1LQfRsu0gmtzapIWFqF7zBdQuKJQSiHlVf4qbP3wMjzzfgbqHO+L/di1fhb/7ymO45zf+3lu1ZiWijz+GTZLDfFR/fQW679uGhuYmbHzJvdaPoPamZeh/cBuaGhrRFgqjKLoYP7wuhtsfEa5H5yzFTVcPoO4PB1H/ePx4em4+Kq5eibWXsYAgmYRIv2t2YFNdh/N7XxnWrSoPSN6neL5gBNdFY/X7JyGEkJSxbNu2J7oThBBCTpwdr3WMqP0ZUzJgWZb3AyDhc4jPAVgIaCc8JjumPk/ldbLjQYy0fXYO/xbIo2sr1v9kB3DFDbht+Rh/CdLbiNtva0L3ohW468tlY+uLEEI0urD5Jw9hE8px2w+WebejHht6UP8v96OuezZuvm2VrGAnhJBxoOXBO3HPzghuurNWT+KNMq2P3oW7XzoNteu/hhp+608IIYSQU5wj/aN5JzDCX6cJIYQQctLQ+tR2xJCLqiomOQkhn3LaGrF5P1CwuJxJTkLIp5veRmx6aQiYG0U1k5yEEEIIIWSU4a/UhBBCCDk5ONKMhuYhYMaFqJk+0Z0hhJCxpA+Nz7ajH+bbdBNCyKeJPX98DTGEUbVkIetAEkIIIYSQUWfS37q2eeeb+N3WJrz73gc4enTQO56ZkY6iaWdiwUVzcEX1xRPYQ0IIGR9469rE8Na1hBBCCCGEEEIIIYSQiYa3rh1dJvW3uL//YzP+35PbjO8NHB3E27F38XbsXRTk52HhvDnj3DtCCCGEEEIIIYQQQgghhBBCyFgxaROd+945JCU5L1t8EfJOy/Vev//BR3j+5V0AgP948EkUfW8tphcVjHs/CSGEEEIIIYQQQgghhBBCCCGjz6RNdL7b1eM9/7NrluFzl5RrbUpmTMMvHtsKAHj7nXeZ6CSEEEIIIYQQQgghhBBCCCHkU0JoojtwvBx67wMAwJn5p2HBvAuMbRbMuwC5OVkAgPd7Phq3vhFCCCGEEEIIIYQQQgghhBBCxpZJq+hccvFcvP/BR1j62XmYOiXb2GbqlGzc8s1a/PezLVhy8dxx7iEhhBBCCCGEEEIIIYQQQgghZKywbNu2J7oThBBCTpwdr3WMqP0ZUzJgWZb3AyDhc4jPAVgIaCc8JjumPk/ldbLjQYy0fXbOpP1bIEIIIYQQQgghhBBCyEnKkf6hie7Cp4pJe+taQgghhBBCCCGEEEIIIYQQQsipy0kvV3nn4HvoiHWis6sH73Z9gKNHB0/YZkZGOmZMPwuFBadjRnEhItMLR6GnhBBCCCGEEEIIIYQQQgghhJDx4qROdLa0tuOBR3+P/iMDo267dfdeAPGk5xc+txCrvrBk1H2YOPLJUdy98TG81XEAN61dhYqLZo+LX0IIIYQQQgghhBBCCCGEEEI+TZy0ic6f3v84XnntLenYOcVnITc764RtfzJwFPveOQQAOHp0EE/Wv4C9+zrxnb+49oRtE0IIIYQQQgghhBBCCCGEEELGnpMy0flfj//RS3JmZqTj+muWYe6cc3F63pRR89F7uA8vtbThsS3PYmjoGHa98TaaWnajsqJs1HwQQgghhBBCCCGEEEIIIYQQQsaG0ER3QOX1N/fh6We2AwCm5GbjXzfcjEsunjuqSU4AyJuai+VLF+Cen3wHZ+afBgDY+Ist2Luvc1T9EEIIIYQQQgghhBBCCCGEEEJGn5NO0blz1x7v+ZdWVI2Lz7V/+gX8n3+vAwC80Pw6Zp5bNC5+U8G2gba3Ynhs87OIHTgE2wbOOvN0XH3FElxcXgrL8tt+2Psxnn5mO7bvfBM9Hx6Gbds4PW8Krvz8InxuSTlCIQuNTa14sO5pXDBrBv7n11cjIyNd8vf8y7vw80d/j8qKUnz1y1cgLS2E9z/4CI//7jlsb23H0aODmJKbjcULPoOrr1iCrMyMcR4RQgghI2Xo2DEcHRjC0aEhDA0dw/CwDdu2J7pbhJAxxrIshEIWwuE0ZITDyMgMI5yWNtHdGlO43xFyasL9jvsdIacK3O+43xFyKnEq7nnk+DjpEp2H3vsAAFA8rQCXLb5oXHyWzY7g7LPOwKH3PkDnoffHxWeqvLyjDff/6imEQiF8Zs55yM7KwBt79mPjL7agu6cXK5ZVAgCOfDKAn/78Cex7512cfdYZWDS/FEePDqLtrRh+takBtm1j2aUViJbNRGHB6eiIdWLfO4cwe+Y5nq+jRwfxQvPryEgP47LFF+H/Z+/e46Mqz73/f2YyySQTwpAQAkkgHCOJMEICEsQIRTRYUcRDrLBVrIXu0rq1v0IPdj/wtPpr1W7oVna7aStWAQvaICIIhWhEIAJRCGBAwjESDJEQAkPIYZJJ8vyRAzkfICEzyff9evFisuZea11rINesta5137eHh5HzF+y8+re15ObZ6R/ch9DgQDKzckjamcqZrBx+8vQMfLxV7BQRcUUORymFxQ6cznK8zZ54m70w+XrgYTRgqP2kjIh0SRUVFZSVV+B0llFa6uTipQJMJiMWbzNms2fLG3Ajynci3ZvynfKdSHehfKd8J9KddKecJ9fH5QqdZ87mAFxTr8pVCR+xY8+XxI4byezvTW3TuoMG9OPc+Yuc/Ta3zfvtKGfOnued9dvo1bMHz819iH5BAQAUFjn489/X8+lnBxk7ajhBgb3w8TYz66E7CQyw0sPX5+o2snL441/XsuuLw4wfczPWnr5E2cLZ8snn7N77FcMG96/pFXr6m3NkZGYzOCyYgf37UlJSyj/e+5gLFy8z+9Gp3DZ2BAZDZS/TTR/vYWPibvanHWfCrSM64+MREZEmlJWVk3+liPLyciwWs3rfi3RTBoMBk4cBk4cRb7Mnfj18KHaUUFBYTFFxCX49fPDwcLmZLNpE+U5EQPlORLoP5TsR6U66Q86T9uFy/wsu5xcC4F9vTs7PvjjE3PlLWJXwUZPr7j14tPLvL4+1eb9Bgb0AyC8oavO6HeXYyTPkXykkyjaspsgJYPEx850Jo7h0+UqdwuygAf3qFDkB/HpY8PLy5EphMaWlTgDGjR5OD18fjp36hsv5BUBl8XL33q8oKXVy29ib8fLy5PwFO5lZ5wjtF8ioEUNrCqIGA0wYezNWP1+OHD/dwZ+CiIi0RbGjlAsX8/H0NBHg76eLQhGpw9vsRYC/H56eJi5czKfYUdrZIV0z5TsRaY7ynYh0F8p3ItKddKWcJ+3H5Xp0NmV/2gkAduz5kofvuwOLj3eDNsF9e3Py67OE9O3d4vY+++IQt986subn/iF98PP1wXbzkPYL+jp9feZbAD7avo+Ptu9rtM3ZcxcYPXIYUDns7+akFI6ePIP9cgFOZ1lNuwD/njWv+4cEETVyGMmfH+Lw0a+ZcOsIzl+4xKH0rwkK7MWI4YMAOH/hElcKism/UsRPF/650f3nXczH4ShVV3ERERdQVFzClYIiell98fJ0m694EekEvhYznp4e2C8XUFHh43ZTESjfiUhrKd+JSHehfCci3Ym75zxpX27zrTGwf18OHj4JwPkLdgb2b1jo/NV/zOToiTMMHzag2W3950tvkJN7iaIiB3dNHANAtC2caFt4+wd+HcrKygEYEBpE/+DARttUF3XPnD3Pf/91LflXCrH4mIkYFoZfDx9KSpwcSs+os47BALeNvZnP96eze+9XjB11EwcOneCiPZ/pUydg7ekLUDO5t18PC5HhYY12A+8b6I/RqHHxRUQ6W7GjlCsFRfhbe2AyaWJ2EWmZl6cJf2sPLtqvYDAY8HaTB9eU70SkrZTvRKS7UL4Tke7EXXOetD+3KXT26+Nf8/rTzw40OQdnS0VOgJzcS0DlXJeurH9IH744cJTBA/rxRPzdzbY9/c058q8UYosczI+//wAmj8qTgryLlzl1OrtB+4H9+zI4LJiMzGy+OnaaLw6k42/1IyY6sqZN74CeWHy88bV489iMyfj1sLTvAYqISLsoKyvncn4hvay+uigUkTYxmTyw9vTlkr0AT5Ofy89vonwnItdK+U5EugvlOxHpTtwt50nHcJtCZ5QtnAGhQZzJyiH580OMHT28ZojV5hw9cQaoLICeOXue9zcn17y3OSkFLy9P7pl8a03bgQP6usz477bIIXy8I5XUtONMuHUEQweF1LxXUlLKqcxvCR8cioeHkR4WbwyGuj0rKypg196vuHT5Cv69/Oq85+XlyW1jb+boyTP8Y10S+VcKmTB2BH1696ppExwUwOCwfnx17DTbd3/JtLvG18zTWVFRObRub/+e9PRTAVREpDPlXynC1+Kt4X1E5Jp4eZrwtXiTf6VyqDBXpnwnItdD+U5ErkV5eTlOZxnOsnLKy8upqKigoqLj9mcwgMFgwGg0YvIwYjJ5YDS27ca98p2IXKsbmfPaI9+Be+U86Rhu8w1iMnnwoyfv5z9fegOAV//2HiOGD2LIwGCGD73ai7NvH396WXsAlfN6/u9bHwAwfszN7Nn3VZ1tlpWV896HO/h4+z6GDAxm/6ETDOzfl//z/z1+Q45p1dqPePeDbY2+90T83YwYPph7Jt/K+/9K5g9/fochA0Po09tK/pUijp36BpOHBz/70SOVvTMHBtMvyJ+0Ixm8sGQlgwb0IzMrhytXipo8URgxfBBBgb04d/4i5qrCZ+1aqZeXJzO+G0v2uQt8sOUzdn1xiCEDQygvL+d4RhaX7Fd48N5Y7p0S0xEfj4iItILDUUp5eTm+FnNnhyIibszXYibvYolLz72ufCci7UH5TkRay+kso6TEibOs7Ibut6ICKioqKC8vw+ksA0cpJg8PvLxMberxqHwnIm3RGTmvvfIduEfOk47jNoVOgKDAXiz82RO88qd3KCkp5fDRrzl89Gs2srumTUi/QH7789kAlJSW1iyvXeR85P5JhPTtTUZmNhsTd2PPL2D/oRMA9OltvUFHA1cKipp8r6TEicEAd08ay5CBwXz40R6OZ2RxIiMLLy9PwgeHct/d4wkL7QuA1c+X5+Y+zLvrt5GWnsG58xeJDB/IrIem8MbqfzW6D2tPX6Js4Wz55HMGhwUzsH/fBm0GDejL88/OYnNSCqlfHicl9QhGo4G+ffyZHnd3naFuRUTkxissdmDRRaGItAOLxUxhscNlLwqV70SkvSjfiUhzyssrKHaUVN50dxHOsjKcRWWYTB54m70wGg0tr4TynYi0zNVy3rXmO3D9nCcdx1BR0ZGDLbTd3PlLALg/7jamT53QaJvCwmJWJCRyIiOLy/mFdd6rXegE2HvwGH9dubHm59eXzK/Tfu3G7Wz9dG+L+xQRcXUHDmW0qb1/Dy8MBkPNH6DZ19R+DRhool2tv1taVv91a35uaXlT2trex+L6zwI5y8q4eKmAPr17dnYoItJFnL9wGf9evjXzvbsK5TsRaW/KdyLSmFJnGcXFjg4dmvZ6GQzg7W3Gs5W9nZTvRKQprp7z2prvwHVzXn1Fhc7ODqFLcf27uI2wWLyZN3s6ALl5di7kXa55r28f/zpta89reX/cbQ229cj9k9i97ysu5xeSW2s7IiIirq7E4cRbT6mJSDvyNntS4nBisrjWRaHynYi0N+U7EamvpNRJcXFJZ4fRoooKKCpyUOHt1ap5LZXvRKQx7pDz2prvwHVznnQslyt0ms1eOBwlrf4lCwywEhjQ9HCzFy/lt7iNXj17cDm/kCsFhS22FRERcRUlTifeZq/ODkNEuhBPTxPFjhIsuNYQYsp3ItLelO9EpLbKXk2ufcO/vuLiEgwGQ4s9nZTvRKQ+d8t5rc134Lo5TzqWsbMDqK9/cCAApzKz22V7QwYGN/t+9rkLfHv+ItCwN6iIiIgrczrL2jw5u4hIc0wmD5eZm6U25TsRaW/KdyJSrby8guJiR2eHcU2Kix2Ulzc/5qTynYjU5q45rzX5Dlw350nHcrlCZ0jf3gCc/PosR45nXvf2fvW712teb0zczdqN22t+zj53gb+s/JCSklKgcj7PvQePXfc+RUREboTy8go82jApu4hISzyMhlZdPN5oynci0t6U70SkWrGjxGXnp2tJRUVl/M1RvhOR2tw157Um34Hr5jzpWC43dO2QQSHsTEkD4P3NyUQ+N+uat/XpZwfqzN8JsPXTveze9xUBvXqSfe4CjqoiJ8Al+xX+unIjY5fMv+Z9ioiI3CgVFRUYDLowFJH2YzAYqHDBq17lOxFpb8p3IgKVvQrdvedP9TE01TtS+U5Eqrl7zmsp34Hr5jzpWC7XozN23EhGjRgKQEZmNn9duZGs7Nxr2tbIyMFMuHUEUbZh/P7Xc4i+JRyAy/mFfH3m25oi53cmjOapx6YyfOgAnnpsavsciIiIiIiIiIiIiLiskhJnZ4fQLrrKcYhIx+oKuaIrHIO0P5fr0QnwzNMzmDt/CXB1ONmB/fsydFAIvhbvZtf17+VHUO9eDB82gMAAK99/7J6a9+bNns6JjCxe+dM7ANwfdxv3TompeQLg9ltHdtARiYiIiIiIiIiIiKsoLy/HWea+PZtqc5aVUV5ejtHocn1aRMRFdJWcp3wnjXHJQifA60vms2HrLjYm7gbg9DfnOP3NuVat+8h9Exk+bECj7w0bHFrnZ016LSIiIiIiIiIi0r248/CNjXE6y/Dy0o1/EWlcV8p5yndSn8sWOgGmT51A3z7+fHXsNGe/vdBgTs3G9A7oSXDf3s22uT/uNnbtPcygAf3aM1wRERERERERERFxA86y8s4OoV05y8rx6uwgRMRldaWcp3wn9bl0oRMgJjqSmOjIdt3m9KkTmD51QrtuU0RERERERERERNxDeXnXuekPXe94RKR9daUc0ZWORdqH+veKiIiIiIiIiIhIt1JRUdHZIbSrrnY8ItK+ulKO6ErHIu1DhU4RERERERERERHpVrraffKudjwi0r66Uo7oSsci7UOFThERERERERERERERERFxOyp0ioiIiIiIiIiIiIiIiIjbUaFTRERERERERERERERERNyOqbMDEBERkRsnafEv2JrTcruguAUsuCuo4wNqFSdZu1ezNjGdrAJnh8V26O1fsPLbqSxYMAVXOXIRERGRzuMkd18iyz8+TmaOk1IAs5mwiEim3TuJ6MC23VJKXbmEZdmjeeGXUwjukHhFpNvJP07ixj0kp+eQXVC5yBIURMykSUwbF4a1C3fxSV25hGUHm34/+J4neOHuG3hlm5bA3LfszPjlHKZ14Qtq+4lkVn94gLQsB6XlgMlE2LBI4h68k5g2fi/WyEli0SsHCH5qPvNs7RquSLehQqeIiEg3MmneQsaV11rwVQIvvpfDxH//CZNqXYyYzH43PLamOA+t5m/vnyR00iyemziQgE6OLefjxSxOzGHkk3/gyZFtXPmbXaxJzidq2lQiXOcjFhEREamngNSVb7IsDSImTWL+DwYTaAZ7dhrJWw6w7KUjRMTPYv74gM4OFLCTtjmJlF5jmTMhrLODEZEbpDB9Ay++cRx7YBjTHnyImGEBeDrySN+/l03vJ7BtWyS/+vm9DHWnu9/5aazfeBzrHQ8xeUAr2gfamP9MTKMPj3h6Wds7um6ugNTVb7Jsn4PgcTE8G28juOfV78XlLx0j9fEnmBelz12kM7hTqhcREZHrZPL1o059zdcEmPDx88PPRQtvaamHKIp4hKenjXSJE5egiT9hYYwTk881rHzpBPtTcwi6U4VOERERcWFZn5FwsIzox+cwL8q3ZrHVL5ZZN8Uy7XASqb1cocgJ4CAzLYOU4HDmTOjsWKQ7yz97iJT9pzlX0orGXj2JjBpFdEjPDo+rSyray/I3jlNoi2PxkzYs1cv9rMTcPZiYyZkkbrMT7AoXkG1RlEPqvgyCbbSu0Gn0wOpnRaW1jmdP/ifL9kH0Uz9inq3+9+J4Yre8xYurE9gU2rV7tNa4kkXqviMcyXO0orGZvsMiiRkRil8X7mUtncvd0r2IiIh0Kznk5QD9LK5z0uLlg59XZwchIiIi0nHsGVnkEsSMWjdza7OOmMLkGxyTiGs7zoblO0ktb7lltdR9l/FZNI3Ijguqy8pM2ksaIcz5Xq0iZ22mMOLuvtFRSdeVSeL2PCyj4pjT6PeiibC4OOL2JZC47QjTvtf1f6uPfLSBfzQzdHIDB49zzmse/za8w0KSbs5l7hmKiIiIi7Dv4LXffQj3L+S5O+p1OyzZz98XrYFHfsvTY/NJWryYrf1msjD6NH9P+JysAieYA4iYNJOZdw2kTqdHZx77161i/YEsipxg8o9gysyZTBnUeNfI6iFiK39YyS9+ARDE1AULmBIERV/vIGFDEunfFOHEhE//CKZMj2dire1Vz7v5k0c82b4hifRvTEx4ZiH3NTOqWdHXSfx9TRLpF51g8iF09AyeeCSKgOonDw+t5Bcrc2riICeJxYu3EjRrIeOyVpLw2WnyGxzfIVb+YiWHqjaxdfEv2Apwy5P84fGRUHSaHe+tJ+mrqs/GN5SIO6fx4O3D9MSjiIiI3HBWfytwhtS0AmKiGi921lFuJz1pMyu2nSXXAZ6+AcQ8+ACzo1ro9enMIeW9TaxOzaPQCZ4BIUybNZ1pg+vu034iiRXvHiItzwmAZUAY0+6Lw5aRwKIt9spGOYnMnZ8IWLv8HHHiisKItplJPdia3k2VfCKHMKgDI+q6zpKaVgAjxhNjbk37HDa9sor1wXG8/qStwfKU6Oq5LKvbTeEl21mWbz7OybwgZv9+JrHHquaffGYKnjs/ZdPhPDwnxLP4gbBW5L+r2108Jodl76Vx0g6YfbFNnsqcuwdjqW5Tdfmb/dYS5gIEtcO8xmlXY+fjrWxKL6DUZCJsXBzzH46kcP86liZkkO0AT2sI056onYNrx36Wpe8eIbOgfuzNKMogMaHy8yp0Vn42tru+w+yJVeulb+C51zOInvscsyPqrZuVyPN/PEX0sz8ifiDX9n1hMhEWPYl58aMJrHVdnbt/c9W/rxOMJgIHhjPjsbim59j89jipeRAx3YZnU8dqDCN6pJnEL46T/r1IImp/9j+Lw5KUSEKandJysAwYzKwnHyKm0a/IPBJffZMEYlj809h6vXUdpPz9Tywvm8Rrc8c2/9l3sPCbw/A5mElRa1ewhHLLwI6MSLo7FTpFRESkLusEJt78IWuSt5N1x32E1norP2UH6eZxPB3tA+RXLjyzlT9nDeTO7y8g0h/yDnzIyk1/5mX7D/ntw8Mq25TnkPSnxWx1RPHIj54g0h/Opaxl1f++RtEzv2q08Fg5RGwW2//3b+zo+wgLH44ETPj4AsfXs/iNXXiOfoR//7dIAsjjyEdrWPuXxeT9YCEzwmsHvYO/v+HH0EnTiJ8YwMCQZo49fwcr/xFK1AM/IX6gD3lffcia99bwN98gfjUttJkV4eQHr5ITOZUn5z9JgOM029cnsPUvawh44WmivCKIX7iQB+vPiWqq/Bx3vflnPsy/+tnkndzF1o2r2NrntzxS/4JPREREpKNFjmdGaAbr3/4Li9JGM2PKeGzBvng2+gBWAalvr2LZCStxM2cSN8gX+7Eklq1+k6WlP+LZcU0USsvPsmnpGtY7BjP7x9OwBUD2nq0s+9MqCqtvbAOFaQkseisTy5hYfvXvEQSSR9r2T1mfkELEz2ayePxZEv+0gcS+sSyOjwBMWFpRmxVpX2YiH3iEf3Ou5R+HWy52+oy4g18+HMm1zIYhF8jOheCxzV3YXYcTybx8ypfoOycxuXcAETWVrQIS39yAddhI4h+LInBACG3KfyeSeTE7hBmzn2BegJOTn2xlxZZ1LA94hmfHBBH3zBxis1N4eVkawfFzmD0CMHq307C0BSSuSMJ2z1ReeMwX+/4kln6wmSW5e7EXWJn1kzkMNeew7Z3NrH8jibAXpmOrne/P7OHlrCCm/eAJbAGQu387yzau4/lL03ktPrzxXZYfZ/UrG9hmvprjcw8ns/y9dSw6P53FD4dDxGhiA46TuGsvsyLG1ikipiUfIXfAGOIG0sbvi3OETb6ThZPCsF7OIGFlEs+/4bxaGDy2gRffzqzVJoeU5O2seHsPEQ0Ki1XO55GLldi+zX/KYcG9oSiHk7kQEVjrs399M2Fjb+dXi8Kw5KWT8HYyy5clEvyfcTS8FRLA5DtCSFh9iMSsWOJr34awf0HiYROxnVzkBDANn8YvH97AK+9ltVzstITybz+ejs37RkQm3ZUKnSIiIlKPiai4iWx9dT/7M+8jtObMO4vtyVkEjHuEiNoXPfYg7vy/MxlXdZXud8eT/JTXeHHjJnbc9RwTrZD/2Rq2fhvBI7Xb3fVDni56mT9/sp97nopqeFLi5YOfV098PACTBb+aSUTz2fGvXeTf9Ai/fWxc1c0BP8Y99hwU/l/W/msHU8InXp2LtMiHW59Z0GwvzhpFAUz62Q+ZWHV14xfzJFOP/oI1x9PJI5Rm+yRExrPg0eqq5EjueyiLQ39MIv0ERN1cOQ9q43OinubE1xDxWDzjwio/Bb/R9/HDW+4D9eYUERGRzmAMYdqzTxD4wVbW7zvAsoMHALAMCCF2/Hjixg7GWn3ylp7EioMm4p59ouZms3XMQywsW8NzH31G5rjGbuSCPXkr67NDmP2rcHLwAAAgAElEQVTCQ8RWnR9a736CZwv/wstJe5nx9Fg8y4+Q8G4mjIrjhVnVPWmsxD48mBinE0+TCcxWLEbAZMHqp5nqpBMZexL98DTyLqzjX982067fSP7j4ZEaucVVFfVmxgsza/LSVU4sY+J54YFaGS19c+vzX3kYs39+tYAY/cBUMr9aw6ajp2BMJJ6+Vqw9PfCEytf1BldqVM4BFs0/0MgbYcxbEk90rdgD73yIOeMrr2gDJ04hbvcq1p8wMfuF6UT7AFiZcX8kyUuPkHoCbDfV2twlK9Nq5+qJ8SzkTRZ8kExiXDhxjaRee3Iy2wpCmP3LWuuNf4iFxjU8924yiXeFE2cNY8Y9ISSuPk6KYyyx1T10HXvZtteJ7bFbsdK27wvLxHjmV1/8+41mzk+dFC7ay6asscSHQvbpHAoDbiL+Plvlv42flbjvhRPXhmGnm+LpU/XFWGdbTgLvfIL5E6vuJvjFMO/eTOa+nUlaLoQF1t8KeI65nbgtCaTszST+6g0ZMnceIjMgsmHv107iZ5vOf+T9gz9su9x0I2NPvvvUdKJ73Li4pHvSV6qIiIg0FDKJCf3z+WJP+tVl6bv5wh7BnXfW69l408iqC6Or/EbfykCyOHHcCeSTlpbVaLuBQwdCxkm+bkts+WmkfQMRt0TXewLah+hbIuCbExwpqbW4dxTjWlPkBAgaSUS9i7TQkCBwgrOFVYfeXO9qo18oIUBpixdMQYQGQfqODzl0tghndXudpYmIiEhnMgUR8/ATvPT7+fzvfz7Esw/YiDDZ2ZawjgUvJJBa1YUjPS2DQusQousNSWcZEkJYXhYn8xvbuJ3UL/PgpnBi6p0fDh0WBKfOchLgxHFSi0xEj284XKCnSc/uiwsy9uWup76DranuVpZQnnrqDvrqXN91jYhspMgJ4EtMTN0Lyzblv5sG1+0lSQhhoYCzpSvNZgTamP+bOSxu8OdebHUaWomOqP3YbhDBwUBgEENrH6uPBxacFNbvlNxIrrZGhTOUPNKPNtaDuekcbxkVjq3Wep5Ro4n1Ocu2lLyra6ekkdbLxrQoc7Pbavh9YSZ6dL2Lf58hDA0u4GRG5TDngf2sWPKOsX5HBrlFtT77dvidLK3eXp1t1f/sgdCAyuGIm7xXEEbcHQHYvzhAWnWb8iNs21OA7e7bG314qLP0nfQgT41oagxpM7b4B7lLQ8nLDaCzQhEREWmEHxNiI/jwn7vYPyOCKC8n+/d8DtFP1/TIrOFlaXhC4dcTPyDnUuXFSlEh8PVafv2LtY3sayTFbQmtqIgiwM+74WmMydsE5JB/Cag+mfZw9dOdIKb85CewJoGEP+2iyFk53+jEu+5jys0tzGslIiIiApCTxKJXDpBde1ntud3SEpj7VmbddUbVn6+uaZ4Bg7FNHIxtIpCXwtI/JrPs/SO8PiuSwiIn2NN4eX5aI2taKSwCGvRMclBYAGRs58fztzeyXhiFAA4HhfgS2KtVYbYodeUSlh2suyz6qfnMswH15sirjl/zfUqbeUfy1FO5/PEvh8iqXcio6tmk4RuvV2+CAyE16yxXL/rakdGjiTdMDYbvvrb8146MHlj9rO00vG0zzOaGc1NW7Tfbbqfhv0NVju/ZyHpV26pZzxjJ5PHbeXHnXjInxhFGJok78wi74wGGGmttq1XfFw4Sly4hsZFWwUVVhVVbPAsfX8eyDzbw/AdOMPsydEwUs+6NIaypsaT7BBBIJpnnGjnUWjKzL4BPGEMb6aXZVtYYG7aN29m234FtjJnS/QdIJpxnx7ra2OwWbA9P47uN9GQPnTyNpyI7e5Bd6S5c/c6fiIiIdBLT6AmM++Dv7EjJJ+qW/ez4KoBbf9rIGCklhTipd1KRf5l8IKBXAFCEjwW4uXqezQZ7atvcND4++ADO4gZ7rVoWgF873Qy7YXwGMuXpBUwBnAVZpH+6iYS3Xub0Y7/n6WidromIiEgLAmP51W/GUlp7We253SLvZfFv6vUaMl3jzdKAGGKGJZP2bQ65RGLxMUFgJPOfiaksqtbdSRPzZZorl4+onlezkfUAzGYsFJBb+yG262CLn8PiB+su86w5Ea2aI69ODxvN9ynXKOgO5s0s5I9rTpFXDhgtxMxUz6b2EUK0zZdN24+Q4hhNTFOdyVpkJ7fRHuetd235zw05HJRC3aJlvh07EGhtrMxaleMbW69qWe31wu4YSdi2fWxLj2M2B0i+FMKsmIC622rV94UvsfNmEtfIXJqeXlf3Fxj1EAujAGcBuVmHWL86mRfT7SxsdM5MoF840QEHSPxiL6W2sQ2LtwDlGaQcdGCxhdMuI8uaxzJ57Gcs3fkF9jE3k7LzLIHj4+v1CnYRxr7c9dRd5P3tY6o75gaMuYt5k1qY1FSkHbnir4aIiIi4AmMEt40LICt5O7uSd5HVfwKTQhppd+xQzdBl1fK/3M9pQhkWbgL8sNlCISOTLF8//Pzq//Fp25NXfjZs/SH9y9R6k94XkfplOvQfRqRXG4/1RjFb8KGIojpdWJ11Risy+YYyctoMJgZB+rETNzpCERERcUdGMxY/a2XPnuo/vrXu/pt8677nZ8Xq08wZWE4ayRkFjb9XfoT0E5XzdQYCEbbBWHKzyCy3NtyHn2+DHlCVrETfEgCnzpHp28R6AMPCifZxkrr/SCNxVL+oe0O9OZ4+DfdlqfUxeDaIpan4RVrmEz6Vn8WH4WexEBMfz6Ph6tnUXsKmjMXGWVa/m1bZm6++cjtp+49X5YQmcsTpDNKLGlu59a4t/zXDx4wFKC1qbDjYTnTsOCn1Piv7weOcJICI4Y1VmqtyfCPrFR48Tlr99ay3EjfCSfKuFLbtOg5jaxew2/J9UUD62bJG2lixVG+v7sU3gQNjmHNfGORVzpnZuDCm3R0Ch/ewPK2x70YnmYlJbMu3Eje5sYe7r40tNpLAM4dI3LWXbWcCmHyHKw1aW493OI/+8DvE9PTAL+o7/Oz+8LY90C5ynXS6JiIiIk0KjZ1A6MUdrN+eR0TshMZH3bHm8MnSNXyemUd+fh6nU9bw542n8YmeyoSqhyb9bp/GBNPnrPzjWnYczyI/P5/8syfY8f6feXHl/hbnv6zLj4nfnYDfsbW89s7nnL6QT/6F03z+zmusPebHhO9O7NDRga7L0NHYfPPZsW49h87mk1/ghLNbWLxoMWt3plceS34ep3d+yI4ciLhpWOV66et58Xcv8rfP8hr/mXTW/+5FXnx9F3mN7lhERESk9XLT97L6T39hwZ82k3g4g9x8O/b8HE7uT2LZf20m2RjG7PvCKxtHxDJjWB4J/72KhP1VbXMzSPkogUWvJJLZxD6ssbFMNh1n2X+tI/HYWez5duxZx0l8700WvLW3siBhjGTGvUGUfr6Z51encDK3atsfrmJBzbatRI8OgPQ9LNtRuf/C65jyTqQ9+URO4ze/mM2jGr6xffmMZc4PwrGkJbLglQQ21co9aTs28/ILy1n6fhrpDmgsR2SmJbLkzWMUXm8l5hrzX5P8biZmMKR9uI7E0znY8wuaf4CjvKwydzbyp8E8m9ejl51Nr64j+XRO5XfBnnW8/EEeljHjmdzEuLnW2Fgm+55lRb31Xkw4i3VCLHF11jMTMyEcy+FkVh/2JTY2suG2Wvl9kb1xNUs+PFD5fVH9vfXKchKyABykrHyNBX9NJLlmO2ms/igTAsKwNTPkrGXcdJ4dbyL1rb+w6N1k0rMqP+fMY8msXvoXXkwqJubJme071HnoWCYPKCDxvTRyR9ia/Kxdhnckj/7sh/zmgUgVOeWG01hoIiIi0jTrBG6L+JC1Z8YxcXQTpw0DpvKT6CxWrlrMWrsTzAFE3PVD4u8cdvVEwziMGc//ioHrVvHhytf40AGYfAi9eQozH4xq+wlJ+AwW/CiAhA2b+Osra3FSOa/ljGdnMaGxXqeuwjiMGXPv4/KKLax8dRcETWXBgnv44SNO1nyyhr9uLKocBtg3lIgHn2NW9bC1zsvk2/PxKXI2/jNOLtvzyTcXtbFoLCIiItJQ4MTv89rNaSRu3kviu0dIqOrA4unrS9ioWBbWmcssgMn/PofgpM2sfn8diQWA0UTgwHBm/ODOxocBBDCGM+v/PMHQ9zaR8NYaEhyAyUTYiDHMefjq0IDWCU/wgs9mlm/ew8svJYPRhDU0hLj4mJptWyc8xLPn1rF80zqe/6D2vJsi0lVZIqbz0qLjJG7cQ/L761hfnaf8ArDdHsdLk20EVl1OWWMf5dlz/6zJEZ4BIcyYO52ItxNIua4orjH/Nbe92feS/UYi65euIoEw5i2JJ7qp5rlpLPlNY/ODQvA9T/DC3e1UdRswnl+NyWHZilWssANmX2xx05k9JbzxYVyhMsf/8iECEz4l4X9XscIJnr4B2B6MZ86ERj6ZiNHEWo+TGDCSuNBGttXK74uXgpJY8d52lmxLqhw2NyCI2HumMyMUwExM/HTs7yez/q00Vjio+vey8ezcJoatreGLLf5HLI5KZvWHB1j6agql5YDZTFhEJPNmTSI6sL1LLQFMnhBCwrsXiI1tYshcEQHAUFFRUdHZQYiIyPU7cCijTe39e3hhMBhq/gDNvqb2a8BAE+1q/d3SsvqvW/NzS8ub0tb2PhbXfxbo3PlL9O3TwZNRlqez9rd/J+uuhTx3R/1+kjkkLV7M1n5P8ofHR3ZsHCJyw9yQ3NJGrhiTiLg/V8wtrhiTSFd1Ob/RQU/dWk+/xnuOumJuccWYpL4cNr2yivXBcbz+ZAc/PWJP5sUX9hE29zlmt8skl11D2ruvsTR7DIt/Gsv1dujsajmvqXwH7pFfijT8RLvS0LUiIiLSpPzdSXzuiGBijMsOBisiIiIiIiIibiw98QCZAZFMVpHzKnsym/Y6sd1x63UXOUW6OhU6RUREpHHlp9m+4zQ+0ROI8ursYERERERERESkyynaS+LnDsLuGHsNw/12XSc/PcRJcziTo8ydHYqIy9PQtSIiXYSGrm2ehq4VEWkdV8wtrhiTiLg/V8wtrhiTSFfV1YZxBA1dKyJN62o5T0PXSm3q0SkiIiIiIiIiIiIiIiIibsf1u6u0IPObHL7+5luysnP5+sy3nDqdzZCBwQwa0I/Q4EAG9e9HWP+gzg5TRERERERERERERERERNqRWxc63/1gG58kH6C8vLzO8lOnszl1OhsAo9HInbGj+d4DkzsjRBEREREREREREXExBgN0pQm92jhbi4h0M10p5ynfSX1uWej8+sw5Xv3bWgoKiwG4P+42QvoFEtqvN8F9e5N97gJZ317g7Le5bEzczcc7Utm99yt++sNHGDSgbydHLyIiIiIiIiIiIp3JYDBQ0VXu+lN5PCIiTelKOU/5Tupzy0Ln7159GwBfizezvzeVqJHDADh64kzNpLpjR90Eo25iQGgQK97dSkFhMb979W1eXzK/0+IWERERERERERGRzmc0GikvL+vsMNqN0Wjs7BBExIV1pZynfCf1ud3/iH998jkAIf0CefXFn9QUOQGOnjzD4mX/5OjJMzXLokYO49UXf0JIv8A664uIiIiIiIiIiEj3ZPJwu9uizepqxyMi7asr5YiudCzSPtzqf8SxU9+wbtNOAH4696E2rVvdft2mnRw79U27xyYiIiIiIiIiIiLuwWTy6OwQ2lVXOx4RaV9dKUd0pWOR9uFWhc7PU9MBmPngnfj38mvTuv69/Jj54J11tiMiIiIiIiIiIiLdj9FoxOTRNW6Wmzw8NJSjiDSrq+Q85TtpjFv9jzj9zTkAIsPDrmn96vWqtyMiIiIiIiIiIiLdk5eXqbNDaBdd5ThEpGN1hVzRFY5B2p/b/K8oLy8nMysHH28vgvv2brH90RNnGiwbPmwAPt5eZGblUF5ersq/iIi4NYPBQEVFBQaDobNDEZEuwlVzivKdiLQ3V80pynciN5bJ5IHJ5IHTWdbZoVyz6mNoiqvmFOU7kRvP3XNeS/kOXDfnScdym0JndXGybx//FttuTNzNRnbXWbZg3qMA9O3jz9dnzpGZlcOgAf06JNampH55nGUrNrS6/a2jh/P9x+4h8dO9nMu9SLQtnNEjh3VghCIi4k6MRgNl5RWYPHQCJyLto6y8AqPR9XKK8p2ItDflOxGp5m32oqCsiIqKzo6k7QyGyvibo3wnIrW5a85rTb4D18150rHcptDpb62ck7OgsLjZdsOHDmj2/er1q7d3IwX49+S2sTfXWZZ3MZ+jJ8/QO6AnNw3pX+e9IWHBOMvKOXT0a05kZNGndy8VOkVEpEb1U3gmD41QICLtw+ksa/EJ2c6gfCci7U35TkSqGY0GvL3NFBU5OjuUNvP2Nrd4Q1/5TkRqc9ec15p8B66b86RjuU2h09rTl94BPTl/wU5hkQOLj7lBm+lTJzS7jcIiB+cv2Okd0BNrT9+OCrVJgwb05emZ362zLPXL4xw9eYYhYcEN3qv2y2ceuxHhiYiIm/EymSgtdeJt9uzsUESkiygtdeJlcr1LBOU7EWlvynciUpunyYMKby+Ki0s6O5RW8/b2wrMVN/OV70SkPnfLea3Nd+C6OU86lls9MlM91Gz2uQvXtH71ejd6yFoREZGO4GU2Uewo7ewwRKQLKXaU4mV2vYtC5TsRaW/KdyJSn5enCR8fM64+tZvBAD4+Zrw8W5fDlO9EpDHukPPamu/AdXOedCy3+hcP6dubfcD7m5NZ8ONH27z++5uTa7bjTv626kO+OHCUebOnE31LeJ1lcx+fRm6enY+27+NKQRG9rD2Y+eCdjB4xjL0Hj7L+X8mcv2DHy8uTSeNvYcZ3b8fL6+qTUuXlFXy+P52Nibs5f+ESBgOEhfblkfsntjgMsIiIdC6Thwcmk5FiR0mr5ikQEWlOsaMEk8mIycP1hvlRvhOR9qR8JyJN8TR54GHxodhRgtNZ1tnhNGAyeeBt9mr1/HPKdyLSHFfOeW3Nd+DaOU86llv16Jw+dQKhwYEcPXmGdz/4tE3rvvvBpxw9eYbQ4MAWh7h1J++s/4SknalEhocxZGAw9ssF/H31v1jxz62s+Gciffv4EzVyGB5GAx/t2MfGj/bUrFtRAZuTUvj7mn9RWFTM6BFDGXXzUM6dz+PVv73Hvi+PdeKRiYhIa1i8zRQWute8CiLimgoLHVi8G04P4SqU70SkvSjfiUhzjEYDFh8zFh+zy9wsN3l41MTUlpv+ynci0hJXy3nXmu/A9XOedBy36tEJ8GR8HC8tXc3HO/YxdFAIY0fd1OI6ew8e4+Md+2rW70qCAv15ds5DWHzMVFTAqoREdqakse/gMX781HRGDB8EwMHDJ1m2YgNfHf2aeybfiq/Fm0PpGWz6eA+Dw/rxHz94kB6+PgCcv2Dn1b+tZcsnnxMZPrDR+VBFRMQ1mM2eFBWXUFDowNeifC0i16ag0IHRaMTswnMkKd+JSHtQvhOR1jKZPDCZPCgvL8fpLMNZVk55eTkVFRVUVHTcfg0GMBgMGI1GTB5GTCYPjMa291VRvhORtuiMnNde+Q7cI+dJx3G7QueQgcHcH3cbGxN389eVGzkeG8U9k2/Fv5dfg7YXL+WzZdsXfJK8H4D7425jyMDgGx1yh7p19PCaQqTBAJHhYexMSWNg/74MGxRa025ASB969vDlSmExpaVOAA4cOoHTWcYd42+pKXIC9OltZVxUBJ8kH+D8hUsM7N/3xh6UiIi0iV8PHy5czMfT06NN8xaIiACUlDopKCymt3/D82lXo3wnItdD+U5EroXRaMTLy4g7Da6qfCci10o5T9yRW357TJ86gXFREbz5zhY+Sd7PzpQ0+vbxJ6h3L0KDA8nKziXnwiXOnb9IaamTIQOD+f5j99AvKKCzQ293/ta6v7weVd3LrT196zy9YDQaMdTq6u1wlPJtTh4AK97dyop3tzbYtsFg4OKlfBU6RURcnIeHkZ5+FuyXC/C39sBk6vyhRkTEPTidZdgvF9DTz4KHh+vPaqF8JyLXSvlORLoL5TsR6U7cLedJx3DLQidAv6AAnn92Fms/3MG+g8f45ux5vjl7ntS04zVtAgOsjBl1E4/cN7ETI3VN5RUVlFf1OR8+dAABTTzt0MuqpyBERNyBt9mTigofLtqvYO3pqydhRaRFJaVO7JcL6OHrg7cbDe+jfCcibaV8JyLdhfKdiHQn7przpP25/bfGI/dN5JH7JpKbZ+fM2fOcycphQGgQA0L6EBhg7ezwXJaPtxeBAT05kZFFlG0YU+6I7uyQRETkOvl4e2EwGLhkL8DX4q05TkSkSQWFDgoKi+npZ3HLC0LlOxFpLeU7EekulO9EpDtx95wn7cvtC53VAgOsBAZYiRo5rLNDcRvjoiLZe/AYnyTv55abh9Kn99XCcFGxg8ysHIYPHdCJEYqISFt5mz3xNPmRf6WIvIslWCxmvM3uNLOCiHSkYkcJhYUOjEYjvf393HpoH+U7EWmO8p2IdBfKdyLSnXSlnCftx6ULnUeOZ5J36TL2ywU4nWXtvn1Pk4kAfz96+vkSGR7W7tt3dZE3hTFx/C1s++wAi/7wJhHDBuDXw0Ju3mUyMrMJ6OXH/HmPEtBLw9eKiLgTDw8jvay+OBylFBY7yL9SXHnB6GnCZPLAw2jAYDC0vCERcWsVFRWUlVfgdJZRWuqk2FGKyWTE1+JdZy53d6Z8JyKgfKd8J9J9KN8p34l0J90h50n7cNlC5yfJ+1nz/ic3bH/jx0Tyg1n33rD9uQKThwffe2AyEcMG8K9PviD9xBmczjIsPmaibeFMu2u8ipwiIm7MbPbEbPbEWVZGicNJsaMEZ0EZ5eUVVFTN0ywiXZfBYMBoNGAyeeBlMuHfyxeTh0dnh9UhlO9EujflO+U7ke5C+U75TqQ76U45T66PocIFvxmW/2MzKalHABgXFcGoEUOx+vmyeNk/GT50APfH3VanfWPLNybu5ujJMyyY92idtrWXFxQVc/DwSXZ9cRiA++NuY/rUCR18dCIiHePAoYw2tffvUTn/RfUfoNnX1H4NGGiiXa2/W1pW/3Vrfm5peVPa2t7H4rLPAomIiIiIiIiIiIibKip0dnYIXYrL3cX98qtTNUXOl/5zDoEBlfNGHj1xpqbN8GFX5410lpXRq2cPTn9zjl7WHvTt48+58xc5/c05egf0ZNjg0DrjNG9M3F3zOtoWTrQtnEm3jeKlpavZmLibEcMHMXRQSEcfpoiIiIiIiIiIiIiIiIhcB5csdAI8fN/EmiJnc0weHoQGB3L46NesSvioZnmxowRb5OBWTUY7ZGAwTz02lbfe2Ury54dU6BQRERERERERERERERFxcS5X6DyVmQ3AmFvCW71OdaHz6MkzdZb39u/Z6m0MGxRauf/T2a1eR0REREREREREREREREQ6h8sVOs9k5QDQp3evVq9z9tsLADw6fRJhoX3JyMzmvU07ycm91Opt9O3jX7Wt3DZEKyIiIiIiIiIiIiIiIiKdweUKndciN88OwOCwYIYNDuVKYREAORdaX+gUEREREREREREREREREffR8gSWLu5KQREX8i4DMDisHwC33DwEgHPnL1JY5Oi02ERERERERERERERERESkY7h9oTMn9xKlTif+vfzw8PAAwNNkooevD6WlTs6dv9jJEYqIiIiIiIiIiIiIiIhIezNUVFRUdHYQtc2dv6SzQ+D1JfM7OwQRkTY7cCijTe39e3hhMBhq/gDNvqb2a8BAE+1q/d3SsvqvW/NzS8ub0tb2PpYuMbq7iIiIiIiIiIiIuJCiQmdnh9CluH2PThERERERERERERERERHpflyuR6eIiFwb9ehsnnp0ioiIiIiIiIiISGdTj872pR6dIiIiIiIiIiIiIiIiIuJ2VOgUEREREREREREREREREbejQqeIiIiIiIiIiIiIiIiIuB0VOkVERERERERERERERETE7ajQKSIiIiIiIiIiIiIiIiJuR4VOEREREREREREREREREXE7KnSKiIiIiIiIiIiIiIiIiNtRoVNERERERERERERERERE3I4KnSIiIiIiIiIiIiIiIiLidlToFBERERERERERERERERG3o0KniIiIiIiIiIiIiIiIiLgdFTpFRERERERERERERERExO2o0CkiIiIiIiIiIiIiIiIibkeFThERERERERERERERERFxOyp0ioiIiIiIiIiIiIiIiIjbUaFTRERERERERERERERERNyOCp0iIiIiIiIiIiIiIiIi4nZU6BQRERERERERERERERERt2Pq7ABERETkejjJTdtOQtIh0s44KQUwmQgeMIDYuClMvsmKZ2eHeN2cFOYXUIoJi59v5x5PThKLXjlA6cR4XnogrNEm2R8tZ9EWmPHLOUwLusHxiXR1aQnMfSuT4Hue4IW72/YLlrpyCcsOhjFvSTzR17DPllkrf++tBdhLnHh6WbGYOygmEen68jNJTtzOpn055DoqF3n6BRAxNor4u0cT3EJ+aaDqHIZryJ9Qna+sTZ/fVG0/e1Qcrz9pa9vGnQXYi5xg8sXqo9tUIiIiItI2OoMUERFxWwWkrn6TZfsceAaFEHvPEIYGQu6pU6TsyyDhr8tJnPwQi+8b3NmBXqcjrPhNIqm4TjEgd8cGlg35PvNsvp0dioh0tLCxzHk8vNaCs2x7+wgnrWHE3x+OtWa5mTArZO9Yw6It9rrF2DMpLN+ZReCoKcwYYUVEpFnfbufF/95LZrmZoSNsTB4VhDU/h9QvT5G2LYlFO48we9FMYrvKaciRzSx4KxNqF0mVN0VERESklVToFBERcVdZn5Gwz4HFNoWXnhqNpXp5VAzTHnaSu2cDyQHuXuQECCPu8SlEY2VoZ4dSw0Hqu5tJGRZPjE9nxyIiHco6mJio2gs8SH37CJgDsEWNJrhe81Lb7cwJdGAJrnVj/lImKfsyCe7jYMaIGxCziLgxBymb95LptDLt53OY0e/qOzETgYfI4pwAACAASURBVPzjJCTm0aWetap+oCSg1mgZypsiIiIi0koqdIqIiLip3PRMcoHoUbWKnDVMBI5/iBk3PqwOYGVo1GgXKnKCNdRKaVYmy5clEfbTKQRr1nMRqeLZL5KYfi23ExFp3CnSjgCBgxvPJX7hxD98o2PqYA0eKBERERERaT0VOkVERNyU1c8XsJN+8ACFUY0VO2tLY9n8RFKDRvPCL6fU6oHUcHnNnHH//1iy397KpmOV82MG3jSS2Y9NIcKv7pZz929m+ebjnMxzgtFEsG08c2bFEFZ9llE1v13043OIzdrA6l055FpH8+vJOfz+3bMETo7npfvqzndZum8NP159lrAHvs/CiU42vbKK9dSKvTyPlIQPSDiYh90BmM2EjbqV2dNjCPNpIjbAMiCMaQ/cS9zg6m4QOTXbXvh4DzYl7CHtjBPbU/OZ18z0UhbbvcyzbWbRlgMsT4pk4d0hzX769jMpbPpgPylnCih0AmZfbJOnMufuwVf/3Wo+p+8TfWwdK/baKS0Ha8Ro5j0+heBvk1i++hBpeZVzWNnun86zsXX32+K/hUgXVZiRzIoP9tXMVewZEETsvdOYFRXQsHFRBptq57aBkcyaHYfNr2HTa1L9u/zUfObZqnJs1VvZW1YxdwtQlXMbVZ5HyvubWF89L5/ZSvR9ccyZENYF5lwWkZb5YvUDcjNI+ZY6PTobUzk3uL0q57S8HJzk7l/HsvczyCwAT98AbPdM6ZAcU31OOec3o8l9J4lN6QWUAtbBNmb/IA5b9TlbnflDzzWbN+v3ohcRERER6RL9D4qLSzh89GvWbd7Jy/+zhl///g2e+fX/8Myv/4df//4NXv6fNWzYuovjp7I6O1QREZF24zlqNDG+UJiWxIIXVrH8owOczK28gXT9rpD4xgZSGMKMWbHMsPliTz/Akv9aR5rjaqvspOU8//YRMk0hzIifwuy4EDiczItLt5Ndb4uZm9ewdGceniFhxAzqgcfY0cT6QG5qOifrtMxj286zYAwhLqaRIgUOUt56k+Wf52GJGM3sx2OZMdKKPTWZJR8evxrbR9WxBRH3wBRm3zOYwLxMEv70JssPO+pt8jjLXk0m7VJPIsYMJtizoIXPx0Tw3dOZEQqZW9Y13F6dbe9lxdJkku2+2O6KZc7jMUwOcpK2ZR1LknIaNE9/fzUJ50KYMSuWuJvM2NMPsPSNVSz5yxEKI8Yw54FIwswFpL2/jhXHrq7Xln8Lka6kMC2B5/+UQuqlnkTfE8ucB2wMNeaw7e03ebHB71gjuS0jjaX/lUBqUUdEVzn09pzYylxmtcUw5/EpzHkgksBG2+ew6dU3Wb4rB8/q/BYBae8l8HIj+UJEuqIwYm+3AnY2LXmNRa8nknjsLIXNnGq0RenRrbz8gZ3gO2IrzymMeaS+l8DLH51tnx00cIH1SzeQYg5n1uO18u4bydgbbd/WvCkiIiIi3Z1bP99vv1zA9t0H2ZmSxiX7lUbbnHeUcP7CJU5+fZaNibsZ2L8vE2+7hYnjb7nB0YqIiLQzcyRzfm4i+J0kNqXnkLIliZQtSWAyETZiJNPunUR04LV+1edhHxDPSw9U9bSMiiH6o+Us2pLB6o8yK3tgOvaSsMUOQaNZ+PPq4VtHEztgA8+9foDEY5OYfdPVLeY6ejPvN/FE1+pxOXn8dpK3HSE5PY6hEVULs/ay7QwETrydGHNjsR0j9TAwLJZfPRlT2SMyKoZpj+aQWxBU2cSxl4REOwTYmP/zOIZWxxa7l6WLtpOyfjtxI+Ko6UdqL8Byz0xeaqFnZl1BTJsXR+ZLiaS8u4Ho5+seWw3zWGb/n3Cs1qvz9cWM6k3pos0kHzxC7pSgOjfuCgeM57W5YyuPa1RPChdtJjkjB+v3fsSz4yp7osb4FzD3rUzSjmTCTW3/txDpOjLZtCGTQmMIs385k9iq38GY2AgSXkogcUsSKbEza+WShrktNvlNFryfSUJSJtH1epdfv6qht03HWZ6chyX0JmKigppsXbovifVZEHz3TF64J6QmxrB3X2Pptj2kT5lORJNri0hXETzlKV7qtYGl72WQnZ5GQnoaCVT1Vp8yiWnjwrBe42Pruae9mf1C7XwZzorfbCA5cTspE2c2ce51PQrwHFM7pw2GV1axPuMMaQ6IbbC/tuVNERERERG3LXRu332QDz/aU1Pg7NvHn1EjhnJL5BB6WXtg7ekLFXDRns+3ORc5fPRrvjp2mtPfnGNVwkfs2P0l0+4eT9TIYZ18JCIiItfBL5xpc8OZ5igg8/Qh0vYeI/lQDpkHD7Ds4BGin/o+82y+LW+nAV9iYure8A+eOBrblu2kHcsglzACT2SSVg6BEWFYCuxXn8oP7ctQjnPydA7cdPXGVOCE2xsUAsPuGEnYthSSd+1lVsRYPIGTe4+RSwDx32mq4BBKxGBIPbWf1XuCmDFqAIE+JjAFEVhdSzyWURnbmJFVRc4qPmOJGbGdtLRM0nIhrKbCGEbclLYUOau3Z2N2fDrpb2Wy7O29vDZ3bKPNahc5+X/s3XtYVOe59/Evw3AWRhFRQEFEFMVRwQNKUGNMMFFjTIxpYhtNrGmbNk32btJ0991Ndne7u9ODaXfSQ9omzbkmqWliYjRKYqwEUTygiAcUEEUBQUQBYRwYhvePAQKCAoow4O9zXVzOrPWsNfeacW4W617P81irKK8x4u0D1Npa9cANHTHiq+FsDQMJ8AUsocRNbvY5DvYniHyKyhve9U5+FiJ9Rkk2mWWAeUzTRXsADKEkTPIh6bNCMnMgLrpxRevcZppixvxhs9zWTaG3JetIIeCDeaQP5ZVf9XUKDQuEnSXklkCUvsoiNwAjAZPu4WeTbFSXniT3UDZb0g+TdbKELWvWsCV1Ij+72jnCoy/Nl5EkTPIgJfnSfNlVTMRNbn6OFUhQEFBSRXk5oJwmIiIiIteoVxY6P96Uyrqk7QCX7aF55mw5rgYDQYMHEjR4IDFmR0Ezecd+krfv58SpYv702kd87a7Z3DozttuPQUREpEt5+BA6Ko7QUXHMx0b5ng95dnU+6R9vI9/crOdih5kIuvRqv4eHY+6mhuJc7UXHGGqlyR/zVHIbuygqpvnVq9CQNgqJpikkRqfxysFMtpRPJtH3MCm7rBA9jdmm1s0d/Jn9zXuofnsT69d8QNoawMOHiEnTWHnXRAKMUFvjmJPTzbX1qY5b40VBe7OFgf6EXmXPCG/zEv7jtld49rOtPP9ZMCsvbWAvJ2vzBlZ/WUjRpSPitnFxLyCwreF6m8Xdhs5+FiJ9hrXOcbOAwbX1uobvf23z73oHclvPsVFdBVBF0kuvkNRGi3x9lUVuMEa8A8IxzwzHPDMRrPms/eMa1hfsY83eBB6f1Pnul22dZ3h7ewLWS/JlSyaTB3CR6k4P891G3hURERER6UK9rtC5/9CxpiLnjDgzy+5LBMBy0crufUfJzisgJ+8UZ8467oAePGgAUSNDCQ8dgnnMCGZOcxRF//LmOnZnHOW9j7YQGNCf8WNH9NgxiYiIdC0jpkk3MTspn/Wl5ZTC5Qud9rrLrCinqBQY0myR1eooArgZcQPc3B2nESZzHEsm9Gu9C/+OlFc9iIuPZPXBbNIyypjts48Ui5GEeEfvzsvyCmf+I99hvt1KdVkhmTtSWL1lMz8ut/GnFZObYquts7XatOkiXhfOVB6UOI9Fh95h7cYNrDXbaH6KVb7jY57fWIJbYCiL5kUS4AFwgfR1aaR30et3zWch0gt5uDpyRVu5rOH73/ImgfZzW88x4uYB4EHsggRi+7duEaCvssiNzSOURbNDWf92PqVl7XSHbOMcCKC0pIxLzwyrqy8CV76pKmCgD1BG7slyCGvjbrTiMoqAgMCBVzwEEREREZGu1qsKnXn5p/n93z4E4LEVi5gQHQHAgaw81n66jROnipvaBvibMBhcKD5zjuIz59i6PYOBA/yYnRDD3Jsn8+1ldxLU0DP093/7kP/3xNcJDx3S5uuKiIg4pYIU3jg0mEVzIlvP03T6MOmlQHgQjt+WAx1305eWUWSnaaiz6oxsstrceRVpafksuuurC2HluzLJBAJGhTuGdhwVjtmQT+YFiIqZSItLXjYbtcYOnmZETSTBP5ukLzfzik8h+JuZfcVJ6KyUll4kIMAEBg+8A8KJW+BD6cG3WFvkuMgW2hjbngPkJgZ/NXytZTdpBwH/UMxd2bvAEMz8R+eQ/4vNpGcCzd6N6ipHb0vzvCXMNzeLYzXQVfNgddVnIeLkcnMc5/sBjcNBB0Zi9t9H0cHDpFgmfjUcoz2flD1VYAjG3GKmita5rSh5X8vcdj009DitvnBpt+6WzNHBkFFIuVsocTEte13V2my46asscgOwkvbRerhpIXGt5lqvIi2jEDASEeYocgYFmIByik6XgLmh8GkvJC3jMvnm0nxpySRpj7WNfNmSyRxJxEdp5CYlkT7pknnJ7YWs3ZAP+BBrvoqpANrSwbwpIiIiItKr/lT++z8/B+BbDy5oKnL+4dW1ZBzMBRw9PEePDCVieBAB/o6LH+fKL5B7vJB9B3JISz/M++u2smP3If7rqWUsnBtPXZ2dDZvT+Ps/P+cn//6NnjkwERGRq5C79wApW9JI2eJDxKhQzFHBBHhcID8jm7SDZZQbTCy6N6Gh6BVMrNmH9VvyeeMvSVRPC4TSbNZ/nk91m3s34Z37Ic++PIaEySZqMzNZn1EOPqEsmdNQIPCYzJLEfWRuTOPHvzrJ7OljCPW9QH5GHmmHyzF/8zGWj+rIkYSSOMOfpI/ySS+D0LsmX3mo3fJdvPRcGkVDgkmYOIKIACjNzGR9CXhPCCKoRWyZPP+bs8yePoYg6zFStuWRa/cgbtGsqxjOtx1eE1n+tWyyXm/5ngaFBeJNOen/fI3V52IItR4jZXshRV1V5IQu/CxEnFB5HmnHShzf8wzHxfi4CY1foFDmLwwl5fV83vjVa2TdNBazRzlp2zPJLIPQeXOIa/Fdu1xuC2fpbdexu+QYMwk+eaSkrud5tykkhAQSFRPeqplbzCwWbX2HtR++xrOHzSRMDsRUWUL6/mNklgTz+E8XEtWFvdFFxAlVZZKWmkdm8gusHhaMeeQwzCH9qC0tJD39MJkl4D0hkSWNv9fHNtzslPQBr3hMw+x7gdyt+9hS2vbuTUFVrG3Kl2fZ8sVhcqvaypeXbpjA8tuz+fmGfF766SuYZ0QRF9KP8oLDpKQWUmSF0NsXsiSki96Hy+TNy85sICIiIiI3rF5T6Eze4ZhXc+a08UyZOBqAn/zyVYrPnMPTw53HVixi9MhhAFRbrJwsKMFodCVgYH8mTxjF5AmjCAzoz7qk7ZwqOsMfXl3LYysWcfe8BA4eOc6JU8Uk79jfaq5PERERZxWx4DusmpBG0sZDpB07zNrMw44VHh6EmuNYeXcCUb5ftQ+ddx8rqz5idXomb+SA25BQljw+h6zfbm5jCFUT8x+dQ9Hbm1j7dhW1BiMB4WaWLk/E3OwO/qDbVvJccBKrPznMlo8KqQXcfP0xz5/Loiv0Cmj1anFmzOu2kkkwiXFtz1H5VeNpPLq0glc+zyZlYyFbwDFHZ/wcVt5tbhp6Mui2lTwXsIFXNmST9FEhAN7DQlmyfB6J4V1ZZfyKt3kJj8/8M79sPk/mqIU8840PeOnDPLZ8tBk3H38Sls7H/NEHrO3C1+6qz0LE6ViPsf7tfRQBbv7BLHloSYuL8d7mJTz3WApvfLSH9I0ppAFu/oHM/sZ8lsZcmk/ayG1RE1l+/xyirk9acDBEsvy7s6h+dxuZW1LIIpRH2yh0Yghm/r89TOiGTazZmcmaLMBgxBQSzKJls1TkFLkR+Ezm8V+Ekr4lhaT0QtK3FpLWMOy+d2Ags5fOZcmkwK+G2vaYzMrvlvPK6gOkfbSZNKMPETPm8GTUNp7/rLzV7r3N83g8YAcvrkkhzUrTecnSSe1PABw052GeC0thzcYDZH6ZRqaNhhwVypIFiSSO7MIy5GXyZmzXvYKIiIiI9BEu9fX19T0dREf8z+/e5sSpYn7y798gbOhg/vHxv/hs6x76m/rxm2e/3dRud8ZR/vLmuqbn/U39WHDbNGZNn9C07JEnnwfgiUfuYVxUOMk79vPWms8IGzpYvTpFpNfadyCvU+0H9HPHxcWl6Qe44mOaPwZcuEy7Zv+2t+zSxx153t7yy+lsey/vXnMvUJdLf/N5XsoI5dHnl+hikoiIiIiIiIiISBeyVLc9n7pcnV5xFXf77kOcOFXMlImjCRs6mMPZ+Xy2dQ8Aj3/z7qZ2HzfMuQng398Xe30958sv8Pb7nzNkkH9Tj8/HViziD6+uZe2n24gYHszMaePZ8HkaJ04Vc/DIcaJHD79ux2K5WMOLr3xATl5Bm+vd3d0YERrEvFvjiBoZSievy/eY4yeL+SIlHR9vL+5MnIa3l2dPhyQiIiIiIiIiIiIiIiJ9WK8Y/Cgt3TEU36gRQwHYm5kNwOIFMxkW4hhexXLR2lTkfOrR+/jVM9/iN89+m4fuvx2AtRu3Ne1vQnQECVPHceJUMbv3HQUgsmHfh4+e6IYjAldXA+Yx4UyfPLbFz5BBAzh67CQvvvIBKWn7uyWWrlB2roLtuw+RnplNTc1XdyP89a1PeOTJ55s+m95kXdJ2Hnnyef761ic9HYqIiIiIiIiIiIiIiIhcwul7dNrq6jh45DgAkyY45uYsPH0WgInjvppwquxcJQCDBvZv6rkJcNOUaP7+z885XVLWYr9RkWGk7DxAdl4BM6aZmRAdwY49h8g5Xnhdj6eRu5sbdyZOJzw0qNW6vZnZ/G31pyRt3cPEcSPx7efdLTFdi9jxkbz8/JM9HYaIiHSB2GVP8nJPByEiIiIiIiIiIiLSDqfv0VlRWQ2Ar48Xvv28ADhxqhg3NyNDBg1oamcwOMZ4rbW1Htu4ttbWtL5RxHBHgTEn7xQAIUMGtni9nhQVGUpIUADlFVWUlpX3dDgiIiIiIiIiIiIiIiIiTsfpe3Q2Fh79B/gBUHzmHBetNQwNHtSiXcDA/vQ39eN8+QW27TrITVOiAce8nQARYcEt2/ubCPA3ceZsOWfOljPA5Ot4vQs9X+i8nPp6yMrJ54P1X5JfUEx9vaMH6123xzNlYlSL+TwvbWu312Py9WHyxNHcdXs8Xp4e5OUX8bu//JOQoADuWziLtZ9u4+ixU0wYG8Gy++by+7855hJ9dPlCYsdHNu37fPkFnvv9OwD8+PsP0N/Ur8W+Hl95D58n72l678HxOXy8KRUvTw/+/duLGWDybdrHd5bdyaeb08jMysNutzMiLJgVD9yObz9vPtqYyradmVgu1tDf1I8H7r6FmHGRLY7VctHKRxtTSUs/zIUqC+7ubkwyR3LPghn09+vX1O6vb33Crn1H+PaDC6i4UM2nX+zkfPkF3N3diJ88lsULZuLp4U76/mxeeuPjpu127TvCrn1HAFq9FyIiIiIiIiIiIiIiItIznL7Q6eXp3uZyo6tri+duRlcW3DaNt9//nNff3cjf//k5tbVf9e68M3F6G/to1qHVpdXqHpN5OI/8ghKGBgUweJB/0/Jd+7J47d2NGAwGxo4ajpenO0dyT/LK3zdQWlbOvDlxgKPIuf7zHXy8KRVXVwMRw0MI8Pcjv6CEL1L2Ul5xgUe+saBpv8VnyvjdX97HWlOLXz8f7PX11NbWXtMxDAsexPTJYzl67BRnyyoYFhLI0KAA3N2M9PPxampXUVnF//31fQb092XS+FFk5xWQk1fAH1/9CN9+XhQWn2VcVDjnyi9w7EQhr67+lCce8WqaU7XaYuWPr64lO6+AQQP7Ez16OGfPVZC29zDH8ov4wbfvbSqSN9rwxU7OlpUzOmIYDHMUhP+VmkGtrY4H770N/wF+TJ88llNFpZwsKGGgv1/T/LCX7ktERERERERERERERER6htMXOgcPGoCnhzvllVUtnldWte55OWv6BIYM8mftxm2cLinDx9uToUGDmH3TRIaFBLZoe9Faw+kz5xg00MSggSaKz5wDwK+b5sOsqa1lXdL2FkU/u72evPzTnDl7Hk8Pd+bNicPbywOAk4VneHftFvr79eOJR+5hSKCjANpY6PvXtgwmTxhNYEB/juTms/GLnfh4e/LYikVEDP+qN2vh6bPgQouhfCsvWJg0fhTLv5aIl6fj9SwXa67p+CaOG8nEcSP561ufcLasgphxI1sUm8+XXwDAZqvjjlumcmdiPC4uUF5RxW/+9B4Fp0sJDQnkv55cjp+vN/X18NaaJL5My2TvgRwiRwylvh4+2PAlR4+dYv6tcSyce1PTce3c6ygKb0nNYPH8GS1is1pr+Mm/P8iggSYAcvIKePGVDzl05ATlFRcYPmwwKx64g3VJ2zlZUMKI0CBWPHDHNb0fIiIiIiIiIiIiIiIi0rWcvtAJEDZ0MEdyT7Z4fvzk6Tbbjh45jB89dn+7+zxVeAaAkeGOnnqNhTc/3+4pdNbV2ck8nNdqubu7GzdNiWZB4nQGNus9eDT3JJUXqpk2a1JTkRPA28uDm+Mn8PLfN1B4upTAgP7s2nsEa00tM6ePb1HkBAhumIu0uYED/LjvrpubipzdybefF5PGj2oaitbP14ehQYMoPnOOSRNGNX0eLi4wJjKUL9Mymz6rC1XVHMk5icnPh/gp0S2Kt+Yx4YSGBHLseCFWay0eHm5N625JiGkqcgIEDR7IoIGOYYzLK6vUa1NERERERERERERERKQX6BWFzuAhAzmSe5K9mdnEmCObnm/csovbZ0+5qn1u330IgMjwEAD2Hz4GwKiIoV0TdAc0n++x2mLlgw1fkrx9P3V2OyY/nxZtGwu7n23dw2db97S5v8Lis4yJDON0SRkAI4eHdCiOAf19e6TICeDm5oaPt2fTc5dmvU2HNBu2F8D1kuGKy85XUlFZTbXlIv/53Ktt7j/A38RFa02LQmfjfKyNDAYD7u5ul24qIiIiIiIiIiIiIiIiTqxXFDojRwxly7Z97D2QQ4w5khhzJFu27WNTQ6Ezecd+krfv58Sp4ivuZ3TEMKZPGcuQQf4k79hP2NDBTJ44CoCMg7lNbXqCt5cHi+fPpKColB17DhM2dDBzZsQ2ra+rswM0zXXZluDBA7HX12Ovr++WmHua3W6nvr4eD3c3xkWF4+7e+r+zj7cXbm6ubWwtIiIiIiIiIiIiIiIivVmvKHROmTiaDzeksH33IebMiGVMZCi3zZrEZ1v38MiTz3d4P0dyT7YYAnfRHTfh5elB8o79FJ85R39TPyLCgq+wh+vLy9OdW26aSF5+EVu3ZzB54mhMvo6enUODB7Fr3xHChw3hwSW3XXE/Af5+5OQVkHO8oKnHaGcZXQ24u7X93+PsuQoslot4eXm2ub45V1fDVb1+R/j398PH2xNrTQ13Jk4n5DIF4Kt1PWMXERERERERERERERGRa9MrCp0Ak8ZHsnHLLpK37+fBJbdx38Kb2X/oGNaaWmbEmZk1fUKr4V4vdeJUMcnb95O8Yz8ToiMYFxUOQPL2/QDMiDPj6el+3Y/lSiZERxAZPpSsnHySt+/nzsTpAJjHjODz5HTSM7OJnxLdYu7NmppajuWfJjI8BFdXA1NjxrA74yjbdx9i0vhRLdoWnj6L0WggMGDAFeNwczMS4O+Yx/LYiUJizJG4uICtro6t2zOwXKzpUKEzaLBjTtD8ghJsdXUYXbuud6Wfrw/RUcPZmprBpn/tYtl9iS3239FjvZzgwQNxcXGhuPQ8F6os9PPx6qrQRURERERERERERERE5Br1mkLnnBmxjkLnjv0EDRnIrTNi+Z//WMGv//ge65K282VaJjPizEyMjiA4KKCp4GW11nCqqJTUXQdJ3uEoaA4eNIDHViwC4M1/JHHiVDH9Tf2YNX1Cjx1fI3d3NxJvnkzO8QKSt+9nysTRDAn0Z2jQIG6fPYUPP03h1398lxFhwQwaaKLygoWjx05hdHXlB9+5l7ChgxkzKpS42DGk7jrIqpf+QXhoEAH+fuQXlFB4+izTJ49l+X1z241lSsxo0tIP81nyHk4VleLn683xk6c5X16F0dixgmVjgTbjYC7/87u3CQ0J5JaEWPq3U5TuCBcXmHfLVPJOFLF99yEOHjnO6IhhGAwG8vJPc+bs+aZjbZz3szPCw4IYEjiA/FPF/O8Lf2dEWDCTJ4xi4riR1xy7iIiIiIiIiIiIiIiIXJteU+h8/b1NTY/fW7uFWxvmr3z6e18jJS2TN/6RxLqk7axL2o6rq4HAgP64uBgoPF3aYj+3zZrEfQtvBhzzcn6ZlgnAgtumtdsjtLuMGRXKuKhw9h3IISUtk8ULZuHiArfNmsyIsCA++WwH2XkF5OQV4O7uRmR4CAtum0ZoyGAAjK6uLFuSSNTIUDZs3kHu8QKyj53C5OvDLQkx3HV7fIcKf6MjQln59XmsWZfMoaMncHU1YI4KZ/l9c/nr2+s7dCzDggfxg+/cy9vvf05efhEFRaVMjB7ZJYVOAP8Bfjz13fvY/OVeUtIy2Z1x1LG8vy8L58YzZ0bMVRU5AUy+PjzxyGLeW7uFzKw80tIPM3jQABU6RUREREREREREREREnIBLfX19fU8H0Z4/vf4xezOzGWDqR0KcmXVJ2wF44pF7moafzT1eyPbdhzhVdIZTRaVYrTUAeHq4EzZ0MMFDBhJjjmRMZCgAu/Yd4a9vfQLAnYnTWTg3vgeOTESk6+w7kNep9gP6uePi4tL0A1zxMc0fAy5cpl2zf9tbdunjjjxvb/nldLa9l3evuRdIREREREREREREeglLta2nQ+hTnP4q7it/38DezGxcXQ0s/9pcokcPB2Bd0nZeePkDZk4bz8zp44kYHtxiLsqi4jIMBhcGD2o5P2PzeToBvv/Nuxk/dkT3HZCIiEg3s9XVUWO1UWOzYbPVYbfX0wvucxKRa+Ti1lCKhgAAIABJREFU4oLB4ILR6Iq70Yi7h7FL50t3Rsp3Ijcm5TvlO5EbxY2Y70RERNrj1IXOt9Z8Rlr6YYKHBFB4upSUhmFmG/8FSN7hKFpOjYli7OgwbpoyDoCgwf5NbSovWNiTcYSjx06xa98RAMKGDubri28lPHRINx6RiIhI97Faa6m+aMVms+Pp4YanhztGH1dcDS6d7uEqIr1PfX09dfZ6bLY6amttnDtfhdFowNvTAw8Pt54Or0sp34nc2JTvlO9EbhQ3Ur4TERHpKKcduva1dzeSuusgAwf48cQj9/DnNz+h8HQprq4G6ursRI8ezsMP3E7qzoOk7j7I6ZKypm37m/ph8nXMAVl2roLKKkvTurChg5k5fTwzp43v9mMSEbmeNHTtld1IQ9fW1dmpvGDBbrfj7e2Bp4d7T4ckIk7iorWG6morBoMB335euLoaejqka6J8JyKXo3wnIjeKvpbvRERuBBq6tms5ZaHz5bfXs3NvFv18vPj+N+9mRFgQRcVnm4qdMeZIvvvQwhbbpGdmc+jIiVZzdDaKHj2cuNgxTJ88tjsPRUSk26jQeWU3SqHzorWWispqfLw98fH26OlwRMRJVVVbqaq+iJ+vN5699O5/5TsR6QjlOxG5UfSFfCcicqNQobNrOd1V3E+/2MnOvVm4uxl55BvzGREWxLETRfz1rU84e66CuNgxrPz6vFbbxZojiTVHNj0vKi7DWlOLn683fr7eGq9eRET6PMvFGi5UWehv8sHdzel+xYuIE/Hx9sDNzZXyiirq673w8uxdPYOU70Sko5TvRORG0dvznYiIyNVyurPktPTDAKx44A7Gjgrj0NETvPz2ei5UWZg5bTwPLrmtQ/tpPkeniIhIX3fRWsuFKgsDTP0wGnVzj4i0z93NyABTP86VX8DFxaXX3PmvfCcinaV8JyI3it6a70RERK6F0w3a7uHu+AXcz8eLPRlH+eOra7lQZSF+SnSHi5wiIiI3kro6OxWV1Zj8fHQRTEQ6xWh0xeTnQ0VlNXV19p4Op13KdyJytZTvRORG0dvynYiIyLVyuh6dMeZIjp0oYtVL/2haNjUmiofvv70HoxIREXFelRcs+Hh7ajgzEbkq7m5GfLw9qbzgGBrRmSnfiTgPu92OzVaHrc6O3W6nvr6e+vrr93qOKeNdMBgMGF0NGI2uGAydu3db+U5ErobynYiIiHNzujPm8GFDSLx5MhkHczEaXYmLHcMdt0zt6bBEREScktVai91ux8fbo6dDEZFezMfbg7JzNVittXg46RBnyncizsFmq6Omxoatrq5bX7e+Hurr67Hb67DZ6sBai9HVFXd3Y6d6PCrfiUhHKd+JiIj0Di719dfzHiQREeku+w7kdar9gH7uuLi4NP0AV3xM88eAC5dp1+zf9pZd+rgjz9tbfjmdbe/l7XT3ArXpXPkFvDzd8fRw7+lQRKSXu2itwXKxhgGmfj0dSpuU70R6lt1ez0VrjeOiu5MxGl3x9HDHYOjY+Z7ynYhcifKdiIhcb5ZqW0+H0Kc43RydIiIi0jG2ujpsNrsugolIl/D0cMdms3d7r4WOUL4T6Vm1tjqqqi1OedEfHL2uqqot1HYwPuU7Ebkc5TsREZHeR4VOERGRXqrGasNTQxCJSBfy9HCjxup8d5Yq34n0nJpaGxaL9brOR9cV6uvBYrFSU9uxHKZ8JyKXUr4TERHpnVToFBER6aVqbDbc3HrHELsi0ju4uRmpsTnfhTDlO5GeUWur4+LFmp4Oo1MuXqzpUE8n5TsRaU75TkREpPdSoVNERKSXstnqMBpdezoMEelDjEZXpxyqTflOpPvZ7fVcvGjt6TCuysWLVuz2K3fJUr4TkUbKdyIiIr2bCp0iIiK9lN1ej6vBpafDEJE+xNXg0u7Fsp6gfCfS/S5aa5x++MbLqa93xH8lynci0kj5TkREpHdToVNERKSXqq+vx8VFF8JEpOu4uLhQ74RX+pTvRLqXzVbX63v/tHcMynciAsp3IiIifYEKnSIiIiIiIiLSpKamb8zl1leOQ0Sun76SJ/rKcYiIiFwNFTpFREREREREBAC73Y6trnf3bmpkq6vDbrf3dBgi4qSU70RERPoGFTpFREREREREBKDXD+F4qb52PCLSdfpafuhrxyMiItJRKnSKiIiIiIiICAC2ur7VI6ivHY+IdJ2+lh/62vGIiIh0lAqdIiIiIiIiIgLQ54Y+7GvHIyJdp6/lh752PCIiIh2lQqeIiIiIiIiIAFBfX9/TIXSpvnY8ItJ1+lp+6GvHIyIi0lEqdIqIiIiIiIgIAH3tOnlfOx4R6Tp9LT/0teMRERHpKBU6RURERERERERERERERKTXUaFTRERERERERERERERERHodFTpFREREREREREREREREpNcx9nQAIiIi0n02r3qaTSXttwtMfIqnbg28/gF1iI2C7at5PymLgirbdYvtwNtP8+bpuTz11Byc5chFxAnZy8lKSWLNF4XkV9oAcPPxIXRCDEsT4wj17czOSlj/q7dYG5TIy8vM1yVcEZGrZ6N0TxKvfJ5NfomNWgAPD0KjxjB/3ixiAzp3SSn9zed5qWgiP/vRHIKuS7wiIiIiciNSoVNEROQGMuvRZ5hqb7bg0Bp+/s8SZn77e8xqVt0zenTqSv11ZTuwmr9+mEvIrKU8MTMM/x6OreTzVaxKKmHcsl+zbFwnNz6VyjsplcTMn0uU87zFItJR9kLW/987rC02kTB/HstjAjFhpTQnk6SkFH6+Yy+J313JknAn+DOrMpO167IxzbiH2cN6OhgR6X2qSH/zNV7KhKhZs3jym+EEeEB5USYpG/fx0nOHiVqylCen+fd0oEA5mRs2k9Z/MivjQ3s6GBERERHpZk7wF7iIiIh0F6OPLy3qaz5GwIiXry++Tlp4y0w/gCXqXlbMH+cUJy6BM7/HM3E2jF5XsfH5HPamlxB4iwqdIr1R7d6trC0wMf+HK1k05Kvlppg5PBozi/zkbZQHO0OmAiwlpO/JI8iMCp3Sg+ooy93Dtv1nqOhI836DiJs0iZH+rtc7MGlPwTbWZNQR+42VPBrj07TY5JvA0lEJzD+4mfT+zlDkBLCSn5lHWlAkK+N7Oha5kVUWHiBt7wmKazrQ2N2PMTETiA32u+5xiYiI9HVO8le4iIiISFtKKCsBhng7z0mLuxe+7j0dhIj0hNxjJeA/htghba01EjpzVneHJOLcytJ4/a0MCjq8QT7puTb+8zvxOEsJ7UZVnldAKYEsMvu0ud4UPYfZ3RyTiHPL5uNXviTd3n7LRul7KvB6dj5jrl9QIiIiNwSnuWYoIiIiTqI8mRd+8Qnc+QxPzLik22HNXl599h24979ZMbmSzatWsWnIAzwTe4JX1+ykoMoGHv5EzXqAB24No0WnR1sZez94i7X7CrDYwDggijkPPMCc4W13jWwcItbx5E2efhogkLlPPcWcQLAcT2bNx5vJOmXBhhGvoVHMWbiEmc321zjv5vfudWPrx5vJOmUk/rFnWHCFUc0sxzfz6jubyTpnA6MXIRMX8eC9MfgbGnf6Jk+/WdIUByWbWbVqE4FLn2FqwZus2XaCylbHd4A3n36TAw272LTqaTYBjF/Gr78xDiwnSP7nWjYfanhvfEKIumU+d980El9DW1GKSE8I8PeBsnzST0Nom8XOS9hKSPvnelanl1FtAzf/YOYvXcj88LYLB41qS/ex+u2tpJ20UWswEjBqHCu/MYeI5unSXk7W5g28saWQUitgNBIaPYkld48i909vsbYhfRa9/jyPAARqXjzpAf6jGD8kg4LTHd8kZEyEipxOwDTABJwkPbOKuJgr5yygVU5y8/En7u67WB7TzqfZwTxZnrOZN947QGaZY25k72GhzF+QiDlvDc9uLHc0KknikSeTABOLfrSS+Zp0XbpVKLFmD9IzrB3ewmvMCIZfx4hERERuFK4//elPf9rTQYiIyLU7XXK+U+293F1xcXFp+gGu+JjmjwEXLtOu2b/tLbv0cUeet7f8cjrb3s3N+atLVdUX6efjeW07Kcngs4wqRsbHM6LxepJnCB4Fm0k9BGNnjKL5YEqVqf/gg/wxLHxgAgEuVeSlppJ7rpAD2T7MfHAZi+cmYPYpImXTepLLw5k9tuHilr2Ezb//NWtLR7Lo4YdYPDeBUfUHWPfuv6gancAoU+vQfIbGMO2mUXBwDyfC7+WZ7yxm1qxpjOzvhiFnLb98eTPVEYt4aNlibk+IZkDxdtZ+kkJV2CyiBjYc3v7PyCgq5EB6Kf5TbmN23FTMEf54tfHxNrbNOmRj5MKvs2zhbMwDS9m7+Qv21I4lYZRf2+9ZVR6pqbmcPraXE6aZLP36Ym6fMhz78VS+2HySgJkxBLn6M2paPDMGlZB82M7Mbz/FsnmzmDUuCA+3KlJfXsXHzd6b6MAqjiR9SuGQ2YwNuLaPWKSzuiS3dDFnick7yI2CtEMkJ6dzqLKeoMAB+Hq70+Ygm/ZC1r/wd1aXDmHpijt58I4JRNdn897q3VyImkx0f4AqsrftJ8s3goUTBju2O72Z//3NdopGxvPYQ4ksSgiGAzt45YvzRCdE4O/i2C79rTd4cXst5rvv5LH7buLWcZ6cy0gnqSKClV+LZ3ZULem7S4hYspKn74slMW4EAe66z1XaZ62p7cK9eTNiYjD2o0c4dqH91iGzFvL4zUF09VmYh4dbm8udJbc05zQxBZhwPbSfLdt2s7vYgilgMAH93HFt85S6ISftcyfhawt5dNE0pgwqZOM7WzjUfwJxIY6hMIoytrP7whBmJ4xwTKXQoTwJ1Zlr+MkrR7COjefxhxJZNGM4AeeOsv7LCqbcP4+FM4LhwBFywxNY9b1EEm+eQFT/y8Uq8pWuzXdGBo2OYFDpUTLP1LXb2it6Bj9aHI1PF/8/7U35TkTkRmar7cQQANIu/aUrIiIilzASkziTTf+3l735Cwhp6v1YwNaUAvyn3ktU8yuQ5YHc8l8PMLWhp5HvjGX8Gy/w83XrSb71CWaaoHLbO2w6HcW9zdvd+i1WWH7JH7/Yy+0PxbQ+KXH3wtfdDy9XwOiNb9MkopUkf5pK5ah7+e/7pzb0GvVl6v1PQPV/8f6nycyJnPnVXKQWL6Y89tQVe3E2sfgz6wffYmZD4dU3bhlzjzzNO9lZlBFy5R4mY5bw1H1RDU/GseCeAg78djNZORAz1jEPattzop4g5zhE3b+EqaGOd8F34gK+NX4BXX6lV0SujZeZR3/oSdKHKazfmcIvU1PAYCQgbBgJs6aRGB1M430y5SmbWFsUzPKf3UNCQ94z3fYgj1f/mV9u3s2iFZNpfSmyjKR395E/ahYvLJ2Mt2Mr5n/bg+rn1rB+7ywen+QBWZt5I6OO2IceYaXZw7GpbxxLH59Erc2ImxFMfq64AW4+JkyaE1h6kjGEOx66meIX/0Vm9eWbeUXfzKOzQ3SRwlkYgpn/+IMEfLSJtXv28VLGPgC8hwWTMG0aiZPDMTV+WFmbeSPDSOLjD7IkzLHINOkenql7hyc+20b+1ETaOg3rUJ60H2bNe/kwIZGfLTU35E0TCYvDibPZcDMawcOEtwEwemPybePuOZHuYvAjdvF8ys5+wKdX6sk+ZBzfXzxOI7eIiIh0kV7/K/VI7kmO5p7iaO4pqi0dHx5CREREriB4FvFDK9m1I+urZVnb2VUexS23hLRsO2ocsZeMPus7cQphFJCTbQMqycwsaLNdWEQY5OVyvDOxVWaSeQqixse2HBoXL2LHR8GpHA7XNFs8MIapHSlyAgSOI+qS62MhwYFgA1s7m0aMjWq5YEgIwUD7N+kFEhIIWcmfcKDQgq2xfa8/SxPpo3wjSVz2MC/86gle+MFClidGEmQ5ydrX3+G7/7eZIjtAOen7y2BUJHGX5L2IkYFwrJDctvZdeYj0k2CeYG4ocjYwhBIVDrnH8gHIysyj2iuc2Y1FziaOIqeI0/Ecw0MPjSPkcr/bhozj+4vH0PZg9tJjjIHELX6Q5/73Sf70n/fw+F1moozlbFnzAU/9bA3pFkezrMw8qk0jiA1rubn3iGBCywrIrWxr5x3MkznZpFuMxE4zt7o5xM2ohCdOyDCYWx+6GbP3ZdZ7h/DQQzMYrHN9ERGRLtMrzwqrLVbWJW0nddeBVsXN+CnR3DojlmEhmoxBRETk6vkSnxDFJ/9IZe+iKGLcbezdsRNiVzT1yGzi7t36hMLXD1+g5HwZAJZq4Pj7/L+n32/jtcZxsTOhWSxYAF/P1qcxRk8jUELleaDxVMDV2U93Apnzve/BO2tY84dULDbHfKMzb13AnLGapUzkmmSu4ZHX81sum5DIy8vMAKS/+TwvZbRcHfvQkzxq7sjOjXiHRJIQEknCbVCdt4Ff/mEfr2yJ4Zk5NqqrgLytfPfJrW1sG0qbHdssVqqB3Pf+wCPvtbF+giNbVlts4OtD1/RbKmH9r76a09Oh2fx2JZt59lf7KGq+WvN9ytUInMGjS87xi/cKsDRfrov+XaO972o7+bA9bv7hmGeGY54JlKXx4m9TeOnDw7y8dIwjJ5Vn8ssnM9vY0kS1BWjVs9zasTxptVKNDwH9OxRmu66c99vJhyId5TmGhx4q5bd/PkBB85seDX7c8dBCzBpBVkREpEs5+5W/Vk4WlLDqpX9ctvdm6q6DpO46yMP33078lOhujk5ERKTvME6MZ+pHr5KcVknM+L0kH/Jnyr9FtW5YU42NS04qKiuoBPz7+wMWvLyBsffyzOIxbb1S53pweHnhBdgutnrVhmX++HbRxbBu4xXGnBVPMQewVRWQ9a/1rHn9l5y4/39ZEdvrTtdEnMeYeaz66SX9sY0+TQ/NS1ay6u6Wq92uskuZd/hEYgMOs764GAjG2weITmDVkjbyJkba7Ojh5YF3Q1zL2/pTpiF2by8jVFZRDl1QbAwk8bGVJLTofW50xA8QkMB//HQyLWYxM3h2UZFVbjReYxby/TvW8PtPSx3FTu8A7tFF/67R3ne1nXzYKf5xxI1MIfN0CaWMceSkgDE8+VhcGzmpWT5pwaNjedLDA2+qKG1+E9s1uHLebycfinRG4AwefaCa375zjDI7YPAm7oG7uVVFcxERkS7Xq66cnS2raCpyenl6cOvMWG6aMo6B/n5UW6zsO5DDx5tSOXuugtfe3YiXlwcx40b2dNgiIiK9kyGK6VP9eSFlK6kVBygYGs+K4DbaHT1AumVqi56elfv3coIQFkQaAV/M5hDWfp5Pgc/UlvN7Xg1fM+aha/lkfzqWyVObFUktpO/PgqELGON+ja9xvXh444UFS4surDZsNiONo68ZfUIYN38RxYdXseloDsS2dfFPRDrE6HPF+SndvEydKtjVHt1NesBk4trqbF1+jMxSiJgRDJiIHe/P6qRi8n3iMHc07/mOJXZYGutPFGKa1taNIQ5R5nC8d+SRlgVRl6YIO46hrxuKprUWK3DpELctuflc4X0weODte+XtRTpjcNwSvl/zLr/fDjc/tISbdNG/a7T3XW0nH7ZSkklK1QgSwtuo8tkPk5UD3hOCCQACzOF47ygg325qNQXA5XUwT46MJNYrm/S9h1k+6pK82JjvGoumViu10Mb8x19pL+9fMR+KdJJX5Fx+sGQ9v1pXytg7l3Bf5OXGsxUREZFr0asGh3n13U+bipw//O59LJwbz0B/PwC8vTyInxLNs08uY1jwIABef3ej5u0UERG5BiEJ8YScS2bt1jKiEuJbjzoGYCrhixffYWd+GZWVZZxIe4c/rjuBV+xc4huuFPneNJ94407e/O37JGcXUFlZSWVhDskf/pGfv7m33fkvW/Jl5h3x+B59nxfe3cmJs5VUnj3Bzndf4P2jvsTfMbPtOJ1BxETMPpUkf7CWA4WVVFbZoHAjq55dxftfZjmOpbKME19+QnIJRI1quGEray0//8XP+eu2srafk8XaX/ycn7+cSlmbLywi185GVsYOXnnuBZ59czMpRwspryynvLKQrOQN/PJ3aeSHTGR5Q+IzJSQw25jNS7/5gKTGtgXZJP3zNZ56fXfLXldN/EmcNwa33Rt49r0UsgrKKa8sJ/9oCqtf/DMv7Wn42yYqgUUjbaT87c+8siOP0spySk/sY81f/sCPNzQMTek7lrhwyPzkA5JOlFBeWXWZ1xTpfoNn3M//PH2/ejY5sdKs3az+w5956g8bSDroyDPllSXk7t3MS7/ZQIohlOULIh2NoxJYNLKMNb97izV7G9qW5pH22Rqe/VUS+Zd5jQ7lScMYFs0LpHbnBn68Oo3c0oZ9f/IWTzXt20TsRH/I2sFLyY7Xr+7cyaXIdeM1Zj4/fXo5941RkVNEROR66TU9Ok8WlHA09xQADz9w+2Xn4PT28uB7Dy/iv59/k2qLldRdB7h15qTuDFVERKTvMMUzPeoT3j85lZkTL3PaMGwu34st4M23VvF+uQ08/Im69VssuWXkVycahpEs+vF/EPbBW3zy5gt8YgWMXoSMncMDd8d0/oQkchFPfcefNR+v5y+/eh8bjnktFz2+lPi2ep06C8NIFj2ygIo3NvLm/6VC4Fyeeup2vnWvjXe+eIe/rLM4hgH2CSHq7idY2jhsra2CyvJKvCy2tp9jo6K8kkoPSyeLxiLScUbMSx5j1bQ01n+0l7Wv7+ONhrqjm68/5pvm8dycMQQ03kpqiGTpTx4k4p/rWfP6O6yxAkYjodGTWLl48uV7HI2ax3M/Cmb12ym8+H9p1NrBzccf861zWBrT2FvLn9nffhjvD9ez9uMP+PEawMOD0KiJLJ8V+lWb5fMo+lsSa198izWE8ujzS4i9Tu+OiPQtATMf5oWxmSRt2E3Se4dZU+VY7ubjQ+iEBJ6ZF0do07Aa/sz+9kqCNm9g9YcfkFQFGIwEhEWy6Ju3EHqZ1+honjTFP8jPvDbwyoYd/PK5FDAYMYUEk7gkrmnfpvh7eLz4A15Z/wE//qgz8y2LiIiISG/nUl9fX9/TQXTEx5tSWZe0nYED/PjlTx5pt/1r724kdddBRkUM5Yff/Vo3RCgi0rP2HcjrVPsB/dxxcXFp+gGu+JjmjwEXLtOu2b/tLbv0cUeet7f8cjrb3svb+e8FKj5znsGDrvNklPYs3v/vVym49RmemHFpP8kSNq9axaYhy/j1N8Zd3zhEpNt0S27pJGeMSaSvqqis7ukQupyfb9s9qZwxtzhjTCJ9lfKdiIj0FIuGn+hSvWbo2rPnKgAYPXJYh9pPbJib81ThmesWk4iISF9XuX0zO61RzIxz2sFgRURERERERERE5AbVawqdjXNtenl6tNPSwdvLo8V2IiIi0kn2E2xNPoFXbDwx7j0djIiIiIiIiIiIiEhLzj8uX4NhwYPYdyCHo8dOdaj9kZyTAIyKGHo9w+o0y8UaXnzlAwqKSvn3by8mPDToiu3LK6r4zZ/eo9ZWx4+//wD9Tf26JI51Sdv5eFMqUyaO5lsPLrjq/djt9ezcm8W6pO2cOXseL08PfvCdewkbOrhL4hQRkR5kCGPBj3/N5X9LBDLnqV8zpxtDEhEREREREREREWnUa3p0DgsJBOBkQQlnyyrabZ+666Bju+DA6xrX1bJctLLxi13U1dmv2C55x36Kz5zrpqg6b+OWnbz6zqecr7hA9OjhTJk4qqk3rYiIiIiIiIiIiIiIiMj10mt6dMaMG8nAAX6cPVfBH1//iKceve+yBbXX3t3YNKfnbTMndWeYnXLwyHGy804RNTK0zfWnS8pI3r6/m6PquMoL1WzffQh3NyOPfXPRZY9DREREREREREREREREpKv1mh6dAA8/cDvg6NW56qV/cCT3ZIv11RYrr727sak355wZsQz09+v2ODvKWlPLxi92UVNT22pdfT2kpGVyvuJCD0TWMRWV1VRVW/Dx8WLIIP+eDkdERERERESukYtLT0fQtfra8YhI1+lr+aGvHY+IiEhH9ZoenQCjI4bx8P2389q7Gx3Fzj/9g4H+fgQMMAG0KHzGT4nm/kWzeyrUdpn8fBgyyJ+snHwyDuYyJSaqxfpTRWdI3X2IiOHB1NTaqKq+CMCFKgu/++s/KSg6w6PLFzIhOqLFdtUWK7/7yxqKist44pF7iBzR8TlKG+ftXDg3nmHBg1izLpkzZ8/j6mrAHBXO0sVz6O/Xj/PlF3ju9+9Qdq5xCGELP/zZXwBazPl59lwFH326jYxDuVRbrLi7uxEZHsK9d85kaNCgq3znRERERERE5HpxcXGhvr6+p8PoMi668i8il6F8JyIi0jf0qkLnkdyT7DuQ02LZ2bKKFnN2enl6sHDudG5tGLL2VNEZDmfnc+x4IbnHC8HFhZHhIYQNHczQoACiRw/v1mNo5OrqytzZUyh89yxfbNvHuDEj8PJ0B6Cuzk7Svxw9PefOnkLSv3Y3FTr7+XgRFxPFmlPFpO46yLiocFxdv+qYm33sFCcLzzBhbAQjwoKvKrbd+47w2dbdRAwPJmxoIEdyT7L3QA7VFivfW7EId3cjseZIis+UcejoCYyuroyLCsfd3ciI0CAAjp0o4g+vruVClYXgIQOZEB3BmbPlHM4+wXMvvsND9yW2Ku6KiIiIiIhIzzIYDNjtdT0dRpcxGHrVQFYi0o2U70RERPqGXlHoPFtWwXsfbWHvJUXOURFDCfA3MXCAY3jaYSGBjI4Y1jR35/bdh1j9wWYuWmtabLdrbxa79mYBjp6fD99/ezccRWshQQHETx5L0tY97Mk4QkKcGYD8gmIyDh4jxjySUSOGkvSv3S22mzhuJJ8np5OXf5qz5yoIDOgPOAqkjcP2xk+JblEA7YyKC9U88chiIoY7CqVnzp7nt39+n/yCYgpPlxIxPJiv3XUzeflF5OQV4uXlwf2LZtPf1A+AmppaPt6UyoUqCwvnxjP/1mlNw2fs3JvFa+9uZN1n2xk1chgmX5+rilFERETtw+lUAAAgAElEQVRERES6ntHVgM3Wdy78G6/y72IR6fuU70RERPoGpy90Ns7HWW2xAjAseBC3zpzExHEjmwqabfntn9dwODsfgDsTpxMU6E/o0MH09/PhVFEpp4rOkLwjk9RdB9mTcZQffGcJI8KCuuWYGhlcXJh9UwzpmTkkbd2NeewIfLw92bB5J0ajK4k3T8Fmq+N8ect5OgcN7M+4qOF8mZbJvgM5JN48GYDTJWVk551iWPCgTg1Ze6lYc2RTkRPAv78fIUEBZBzMpbyiqt3ti0rKyMs/TWBAf2bEmVvMETAxOoKRw0M4knuSvBNFTBw38qrjFBERERERka5lNLqCtbanw+gyRqNrT4cgIk5K+U5ERKRvcOpbfZoXOb08PfjaXTfz7JPLiJ8SfcUi509/8waHs/MZEujPz3/0MAvnxjMlJorMw8f42+pPcXczMmv6BJ75928wLmo41ppanntxNXV19m48OoeB/n7MmRHD6ZJzpO05zOGj+RzIyiN+8liGBg2ivr4e+yXzBbi4wPTJY/Fwd2PXvqymIvDBI8epvGBhysSoK74/7WnsmdnI1dWAu1vHa+LnzldiuWjFt5837u5uLda5u7vh28+L+vp6ThaeueoYRUREREREpOsZDAaMrn3jYrnR1VVDOYrIZSnfiYiI9A1O+xuweZFz4AA/fvjd+5rm3bySDZvTKDhdipenBz//0cMMCfRvWvfeR/9i74GcFkPgPvHIYuKnRDes39L1B9IBcbFjGBYSyGdb9/CPj//FAJMvs2+K4UpziIcNHUx4aBAnC89w7EQh1RYru/ZlMcDk2+O9JO32+j41mbuIiIiIiMiNxN3d6Qd/6pC+chwicv30lTzRV45DRETkajhtofO1dzc29eR89sllDAsJbHebujo7KWmZAHztrptbrZ8zI5ZREUOJuaQQuPSeOQz092PLtn0cPHK8aw6g3VjrqKl1DI/Rz8eL22+eTGVVNcVnzjFnRgwD/f2uuL27uxvTJ4/Fbq8nfX822cdOcbLwDOOihjNoYP/uOITLGujvh7eXJ5UXqqmpaTkESE1NLZUXLLi4uDAseFAPRSgi0je4uLjoxhIR6VL19fW4XOluux6ifCfSvYxG114/BGJ7x6B8JyKgfCciItIXOGWh8+NNqU3Dmn5vxV0dHoY142AuZ86WE2MeyU1Tx7Vaf/+i2fzwu19rVTT1cHdjzoxYANLSD19j9B1TU2Ojqvpi0/OY8ZFMnRjFyPAQJk8c3aF9RI8eTmBAfzIO5fLhhhSMrq5Mnzz2ij1Bu0NQoD/hoUMoKT3Pl2mZNP8bbd/BXHKOFzAkcADh3TwnqohIX2MwuFBn14UwEek6dfZ6DAbnuxCmfCfS/Tw93Hv8b8ur5eLiiP9KlO9EpJHynYiISO/mdOMaVFusbP4yHXD0wBwdMazD236RsheAoUEtewqeLavg46RU9h3IYaC/iaceva9V8XTUiKEAbN99iBUP3HEth3BVjK6urFjaudc1+fkQY45k4xc7qaisJmpkKGFDB1+nCDvO3d2NhXPjyS8o4eNNqezOOEJoSCBnzpZz7EQhRqORO2+bjsnXp6dDFRHp1YxGV2y2OoyuTnnfkoj0QjZbnVP2alC+E+l+BoMLnp4eWCzWng6l0zw9Pdq9qK98JyKNlO9ERER6N6c7c953IIfqhhOLhXPjr2ofwUMCWjwvPVdO/JRoqi1WThaUcLKwpNU2YUMHM8DU76perydNnTiafj5euLi4MH3yWNzd3Xo6JABGhAXxn//2dabFjuHc+Uq27z5EfkEJYyLD+PHjDzAlJqqnQxQR6fXcjUZqa209HYaI9CG1tTbcjU53L6TynUgPcTO64ul55Z5CzsbT0x23DlzQV74TkeaU70RERHovp/stt/dADgDxU6I7PGTtpWy2ln8UdLRXqMFw/eu+Xp7u/Oix+zvcvr+pH7/6ySPttgsM6E/06OEd3u+didO5M3F6u8safevBBXzrwQUtloWHBvHiLx677GsMHODX6V6qIiLSce4eRs6dr8K3n1dPhyIifcRFay0D+jvfqBvKdyI9x93NiIuLCxcvWnHmqSNdXBw9mzpy0R+U70SkNeU7ERGR3snpenQeyTkJdLw42ZzJz/FLOyevoNPbFhWf5ey5Cvr59K4/JnbuO8KFKgsx5sim4xcRkRuD0dUVo9HARWtNT4ciIn3ARWsNRqMBo6vzDW2mfCfSs9yMrvh4eznt0IfGhvg6ftFf+U5E2qZ8JyIi0vs4XaHTctExbK3XVfTmnDR+FAA5eYWt1p0tq2h63FYRtXGbWHNkp1+3p5RXVLE3M5sBJl9mxJl7OhwREekB3p4eVFf3vrlkRMT5VFdb8fa8uhFVuoPynUjPMhhc8PbywNvLw2kumBtdXZtiam+OuuaU70TkSpTvRETk/7N37/FRVff+/9+TTDKZ3DMhARImAXJDgxACiEEEBAWrImoRa1tsrdqealtttac96q8Xv631+z3am9We1lur9WCprYJXsChyFYEQIBECCZcMCZD7fTLJJPP7I8mQACGEXGYmeT0fjzwys/faa3/2sBxw3rP2gm/xulvXpiaN08HC4/rL6x9ofVzsBR+XlmzVwjnTFBUZpuKT5fp4S46uvjLDvb+8qsb9uKKyVo32JlnjT/e/PXu/JCljcvIAXMXQ2LknX6Xl1Zpz+WTFREd6uhwAgAeYTAGyNzWrodGhkGD+BxbAxWlodMjPz08mk3es934uvN8B3sFo9JfR6K+2tjY5na1ytrapra1NLpdrUG/1aDBIBoNBfn5+Mvr7yWj0v6jlZ3i/A3CheL8DAMA3GFwu77rrvK24VP/93Cr3zM6+eP7ph7Ruw0794+1P5O/vp//5f9/vtv/xp1+RraRM0VHhuv3mqzWtI9R87Z//1oate3T5tEm696s3DMh1AMBQy8k90qf2UaGBMhgM7h9J532sro8lGdRDuy6/e9t25uMLed7b9p70tb052Ou+C9Sj1tY2VVTVKTIiRIEBvlM3AO/Q3OJUdU2DoqPC5O/vdTd86Yb3OwD9wfsdgJHCl97vAGAksjc6PV3CsOJ1QafUPuNyy47cPh0zyhKh2TPT5XS26lfPrFTR8VOamDhWD9xzq4KDg7r1HW0Jdz//69/XavNn7ed65IEva0LC2IG5CAAYYgSd5zecg05JanK0qK6+UVERoV67ngwA7+N0tqqqpl5hocEK8pFv+/N+B+Bi8H4HYKTwxfc7ABhpCDoHllcGnf114lSF/ueVd1RyslyS9JUvXqMJCWNkiQyXOShQVTV1qqlt0Ko1n+hI0QlJ0rfuXKIZU1M9WTYA9AtB5/kN96BTkuxNzapvsCsinG/+A+hdc4tTNbUNCg0xyxwU6Oly+oT3OwB9wfsdgJHCl9/vAGAkIegcWMMy6JTaw85VazYo98DR87aLHzNKNy7KIuQE4PMIOs9vJASdUvs3/2vrGhUSHMSaTgB61NDoUENjk8LDfPeb/rzfAbgQvN8BGCmGw/sdAIwUBJ0Da9gGnZ227fxcn2zbo+MnyuVwNEuSjP7+ihsbrelTUrXwqkyZAvnLH4DvI+g8v5ESdErtazrV1dvV1tam4GCTgkx8kxdAuyZHsxobHfLz81NYqNnn12zi/Q5AT3i/AzBSDLf3OwAYCQg6B9awDzq7OnGqQpIUOypS/v6sbwFgeCHoPL+RFHR2cjha1NjkkNPZpiBTgAICjDIa/eXvZ+jz6wHA97hcLrW2ueR0tqqlxakmR4uMRj8FB5lkGmbf8uf9DhjZeL/j/Q4YKUbS+x0ADGcEnQNrRAWdADCcEXSe30gMOjs5W1vV7HCq2emU09mqtjaX+OsfGP4MBoP8/AwyGv0VaDQq0GSUcZh/2Y/3O2Bk4v2O9ztgpBiJ73cAMBwRdA6s4fMpLgAAOCejv7+Mwf4KFms6ARjeeL8DMFLwfgcAAAC046btAAAAAAAAAAAAAHwOQScAAAAAAAAAAAAAn0PQCQAAAAAAAAAAAMDnEHQCAAAAAAAAAAAA8DkEnQAAAAAAAAAAAAB8DkEnAAAAAAAAAAAAAJ9D0AkAAAAAAAAAAADA5xB0AgAAAAAAAAAAAPA5BJ0AAAAAAAAAAAAAfA5BJwAAAAAAAAAAAACfQ9AJAAAAAAAAAAAAwOcQdAIAAAAAAAAAAADwOQSdAAAAAAAAAAAAAHwOQScAAAAAAAAAAAAAn0PQCQAAAAAAAAAAAMDnEHQCAAAAAAAAAAAA8DkEnQAAAAAAAAAAAAB8DkEnAAAAAAAAAAAAAJ9D0AkAAAAAAAAAAADA5xB0AgAAAAAAAAAAAPA5BJ0AAAAAAAAAAAAAfA5BJwAAAAAAAAAAAACfY/R0Af21J69QJ0ordeJUhWwlZbIVl8oaHytrXIzGjo7W2FiLpqYnebpMAAAAAAAAAAAAAAPIZ4POquo6/XXVOuXlHz1rn624VLbiUvfz9LTx+tryRYqKDBvKEgEAAAAAAAAAAAAMEoPL5XJ5uoi+2rbzc7208n1J0njrGGXNuFSxoyIVOypKsaMiVVperdLyKpWWV2vbzs911HZSkvSNO76grBmXerJ0ABg0OblH+tQ+KjRQBoPB/SPpvI/V9bEkg3po1+V3b9vOfHwhz3vb3pO+tjcH++x3gQAAAAAAAAB4KXuj09MlDCs+9ylu4dESd8g5Y2qavnXnje59ztZW5RfYlDQhTrGjIiVJC+ZM059eeUc79+TrpZXvK3ZUpJLGx3mkdgAAAAAAAAAAAAADw+dmdH7nkWfkcDTrO9+42b32ZllFtf6+eoM+P3hMLS1OBQQYdWlqom5fOl8x0e2B5568Qv3hpbdkMgXqD09815OXAACDghmd58eMTgAAAAAAAACexozOgeXn6QL64s33NsvhaNb1C2e5Q87Kqlo98sSL2pNXqKDAAKUlWRUUGKA9eYV65IkXVVlVK0mamp6k6xfOksPRrDff2+zJywAAAAAAAAAAAADQTz4TdOblH9V767drTKxFN157hXv7a/9cL0maMTVVv378Pj1833L9+vH7NGNqarf9knTjtVdoTKxF763frrz8o0N7AQAAAAAAAAAAAAAGjM8EnYVHSyRJc2ZdpoCA9tsJVtXUa+/+w7o0NVHfunNJt/bfunOJLk1N1N79h1VVUy9JCggwas6sy7r1BwAAAAAAAAAAAMD3+EzQefjYCUmSNS7Gva3ztrRxY0ad85jO7Z3tuh7f2R8AAAAAAAAAAAAA32P0dAEXqvBY+wzM5PFx7m2jY6MkSbV1Dec8pnN7Z7uux3f2N9TsTc36/Qv/UsGR4nPujwgLUeaUFC1ZlKWw0OBBrMOh1R9s1fbs/apvsCt14jh9755bZTIFDNo5AQAAAAAAAAAAgIHiE0HnseOn1NTUrIT4WAUGng7iQoPNmpg4Vp/tPqBpl6W41+WUpJ17Duqz3Qc0MXGsQoPN7u2BgQFKiI9VUXGpjh0/pcRxo4f0WrpKS7LKEhXmfu50turQkWJ9vCVHeflH9eA3lykmOmLAz2tvatazL61WfqFNkRGhmpmRpvgxo+TnZxjwcwEAAAAAAAAAAACDwSeCzvCwEElSZXXdWfvmz87Q4WMn9KdX3tan6UnuEHNPXqF7/5k6++ns11MWzJmmzCkp3bY5W1v1yqp12rbzc72/frtW3LZIhgHOHwuPFqvgaLESxo3W97/5RYWGmHs/CAAAAAAAAAAAAPAiPrFGZ1REqGKiI1XfYNex46e67RtvHa3LLpkgSdqTV6i3121zh5yXXTJB463dZ2weO35K9Q12xURHKioidGguoA+M/v6alzVV5qBAFZ8sV5PDMeDnOFVWpdbWNo0eFUnICQAAAAAAAAAAAJ/kEzM6JWli4liVVVTr0OFi9+1m9+0/ojfe2aiSk+WS2m8Fm5o0TgcLjyu/0KZ9+4+ooqpOy26c6w5DDx0udvfnrcJCzQoMDFBtXaOam50yB5nkckkHCor0r3c3qaj4lFwuKSY6Ukuvm62ZGZPcsz6PFJ3Qb/70T8WPHaXlN83TW+9v0cHDxzX10iTNzEjT/7zytvs8O3LytSMnX5L07a/dpMwpKe7zvPneZtlKSuV0tioiLEQzMtK09LrZMgeZ3Me/vW6b1qzdqpsWz9bomCit/mCryiqqde9XrlfKxHH61TMrJUn/cecSvb9+u/YdOKK2tjZNTIzTN+64TmGhwVr9wVZt+Wyf7E3NiowI1R23LNC0ySnu62lrc2lPXoE+2pyjw0Un1NzcIqPRX5OSrfryrQsVEx15znqscTH6x9sbVVZRLX9/P102aYK+/MWFigzvHm6fuVap0egva1ysbrl+jiYlJ8hg0AW/9gAwFE6VVXu6BAAAAAAAAMAnjI6J7L0RfJrPBJ2XXTJB27P3a9P2fbpmbqbq6u36y98/UG1do+ZeMUVzs6Z0W2/z2PFT2rhtrzZ+uld/+fsH+tnDX1dYqFmbtu9z9+etTpyqVH2DXUmJcQoyBUqSduQc0MuvfyA/Pz9dmjpe5qBA5Rfa9MJr76m8skbXL5zVrY9TZZX6zZ/ekKO5ReGhIWpzuRQWGqysGZfq+Ily2YpLFW0JV+rEcZIkS1S4XC7p/Y+2a/UHW+Tn56dJyVaFBJt1+FiJ1m/K1ucHj+q7d9961rqhW3bkqrKqTgEBRkVFhKq2vtG9r7auQb/98xuKigzT9CmpOnSkWAVHivXsS6sVFmpWyakKTZ40QVU19Tp8rEQv/e/7euBes1I66tqRc0Av/u/7MgcFKnXiOIWFmlVUXKq8/GN65sU39dC3lyvijFsQ78zJ14ef7FTS+DgljotVfqFNu3ML1Gh36P5v3CxzUPtrWlZRo9/++Q2Vlle71yp1Olt1oKBIf/zLaj1w7xeVND6uz689AAwm/nEGAAAAAAAAAO18JuicPGmCLJFhKjlZrjVrt6q5uUW1dY2aPiVVK2679qz2ieNGa8Vt16qhsUm79h7U2o8/U2BggEpOlssSGabJk7wv6Gxrc+ngYZtef+tjtbW5lDklRSZTgGwlZXr9rY8VGR6qB+69VWNiLZKkRrtDz770ljZs2aMZU9MUO+r0h9919XZNn5Kqr92+qNsszNSkcXp73TbZiks1MWGsvnHHF9z7bCVl+vfGbAWbg/Sdb9yspPFxkrqvG7p2ww595dZrus1irKlt0JdvWaC5WVPl59e+o7qmvv1YZ6u+sOByLVk0WwZDe9v/fu7vKj5ZroT4WP30oa8pPCxYLpf06j/WadP2fdqdW+AOOi+7ZKL+63tfVuK40e6+u7bdt/+I5lw+udvrWFvf6A4pJamsolq//p83VFR8SiUny5U0Pk7O1latWrNBpeXVyppxqe5cvkhGf39JUnNziwqOlijROvqiXnsAAAAAAAAAAAAMPp8JOkOCg3T9NVfob298qA837lJra5sk6dr508973LXzp2vX3oP6aEuO/P3blyS9/porFBIcNOg19+aPf11zzu1+fgYtmDNN82ZPlSQdLLSprr5RV8yb7g7aJCnYbNL82VP1/GvvqeRkebewLToqXMuXzu8WcvZm3/7Dqqtv1FWzLtPExDj3dqO/v66dO1379h9R3oGjqq1rUET46VmUmZelaN7sjHPewjUs1KzpU1Ld+8LDQjRubIxOlVVp+tRUhYcFS5IMBumSlARt2r7PHZJ2XuOEhDHd+jQYpKjIMElSVXXdWefMvCzFHXJKkiUyXPFjR2lPXqFqahskSadKq1R4tFgR4SG68dor3CGnJAUGBujS1ERJF/faAwAAAAAAAAAAYPD5TNApSfOypujAoWPaueegpPbwM6lLIHcuSYlxCgkOUkNjk1papBlTUzUva8pQlNurtCSrLFFh3bYljhutjPRkRVvC3duO2k5Kkj78ZJc+/GTXOfsqOVWhjMnJ7udRkWF9Cjkl6cSpCvexZ4aWYaHBCgwMUENjkyqra7sFnWNiLT2uUxkQENAtVDYY5J6ZOSbG0q2tf5ewsZOztVWfZR/Qx1t2q7yyVvUN9l6vIzKi+zqc/v5+CgzoPtTLKqpV39CkpPFxCgvtfuvbri7mtQcAAAAAAAAAAMDg86mgU5K+decS+b/2nrZn71dDY5Nefv0DXTXrMiVPiD+rbcGRYm3avk8NjU2SpFmZl+ier1w/1CX3aMGcacqcktJru87Zq9b4WI0bO+qcbeJGR/e7ns7zeAuXS3r9rY/1ydY98vMzaHRMlNLTxsvPz+BeZ/RitbW55HK5em03VK89AAAAAAAAAAAA+sbngk5Juucr1ys1aZw2bturrTvytHVHnqIt4YobHa3x1jE6ajupklMVqqisldQ+S3Ju1hTNvcI7ZnL21bi4GO3IydcE65hzrkc60Oepqq6Ty6VuszTr6hvV3NyikOAgWSLDe+5kADXam3Tk2AkFBBh1/11LlZ423r1v9Qdb+hV0RlvCFWwOUllFterqG2QOCjxnu6F67QEAAAAAAAAAANA3fp4u4GLNvWKKHvv+V7XitmuVPCFeDkeL9u0/orfXbdO+/UfkcLQoeUK8Vtx2rR77/ld9NuSUpMsumaiw0GBl7zukwqMl3fY1N7foQIFtQGZjdp5nd26BDh87fR5na6s+3LhL9Q12pU8ar/Cwnm/1OpCM/v4KMp0dQJZV1Oiz3Qf61ffYWIsmJIxRTW2D3vnwUzlbW937ur6mQ/XaAwAAAAAAAAAAoG98YkZno92hYPO515uce8XpmZrVNfU6VlyqxPjYs9Zp7Gu/3mTc2Bhdd/VMvfn+Zv2/Z1/XxMQ4xURHqK7eroOHj8vo768f/McyJY4b3e/zXDM3U6s/2KKn/rhKk5KtCgk26/CxEpVV1GjsaIsWz5/Z43qcA81kClDmlBQdOlKs5/6yRpekJMjPYFB+oU3mfv65BQYG6KbFs1VUXKptOz/X/kNFSpkQL6ezVQcKimQw+OkH/7FMCfGjh+S1BwAAAAAAAAAAQN94fdBZUVmrx3/9iqxxsXr4vuXnbXvEdlLPvbxaSxZl6abFs8/b9qnnVslWUqqf/OBORVuG5lasF8tgkK6dN0MTE8fqnQ8/1aEjxSo4UqzAwAClTIjXjddeoYT4/gdtBoP0hQWzNCFhrN58b7MOFNjkdLYqIixEC6/K1NLrZsscNLTB8NVXTpM5yKQ339+sPXmFCg8L1tLrrlR9g11vr9vWr74nJo7Vow9+Ravf36I9nxdqR06+jEZ/WeNidcv1c5QQP3rIXnsAAAAAAAAAAAD0jcHlcrk8XcT5vPz6B9q6I0+S9PB9y5WWZO2x7Y9/+bwqKmsVbDbpV4/e2+NszfxCm556bpUkafbMdN31pesGvnAAGGI5uUf61D4qNFAGg8H9I+m8j9X1sSSDemjX5Xdv2858fCHPe9vek762Nwd7/XeBAAAAAAAAAPgYe6PT0yUMK169RmdFZa075JSkt9f2PINv6448VVTWSmq/Je2/N+7qsW3XfroeBwAAAAAAAAAAAMA3eN2Mzn9v3KWc3EKVV9W4A8jZM9OVX2BTRVX7c2t8rIKDTIq2hKuislb5hTb38UsWZXW7pWlaktXdrrHJIVtxqSQpOipcaclWd5AabQnXqKgIZUxO0jVzpw/V5QLAgGFG5/kxoxMAAAAAAACApzGjc2B53ae4a9Zuk73JIUkyB5mUlmzV7UuvVn6hTW+v3SpbSZk7rFTh6eOio8KVMTlZNy2erUa7Qzm5Baqo6ghBC7ufwxoXoyWLZystyapGu6M9RK2sVUVlrYqKSwk6AQAAAAAAAAAAAC/ndTM6bcWl+u/nVsne5Dhr/cxGu0NP/XGVbMWlssbFaPbMdP199QZJ0l1fuk6zZ6a72+7OLdBfXv9Ajfb2fmzFpbKVlMkaH6uHv7282/qdneuAmoNM+uF9y2WNjx26CwaAAcKMzvNjRicAAAAAAGerbirR4ertstXuVWn9IVU22dTQXKnm1ka55FUfHeMcDDIo0D9YIYEWWYKsig1NkTV8iiZGzlJkUJyny+s3xufwN9zH8Lkwo3NgeV3QKXUPO++7a6mmTU6WJD378mrl5BbIGhejh++7XcFmk7buyNPLr38gSXr+6YfcfTzw2B/UaHfo9qXzdc3c6e0h6XN/l62kTBmTk3X/XUslSfmFNj313CpCTgA+j6Dz/Ag6AQAAAABo19BSpewT/9Le0ndV0VikJEuWEsIzNCY0TRazVaGBoxToH+z+f394L5dcam5tVH1zuSrtNp2sz1dRbY4KK7cpOjhBU2JvUObYWxUSEOXpUi9Y1/FZVJPj6XLgQQkRGT45hntD0DmwvPJTXGt8rNKSrcrJLVCw2aT1m7I1Li5G0VHhkqRr5k53z8icPTPdHXRWVNZq6848zZ6RLnOQqWM252RJUrDZpCWLZ+u5l1cr2GxSfqFNx0vKZOno0xofQ8gJAAAAAAAAYNiqbirRJ0XPa5vtFU2PW6ZFE3+gFMscT5eFfjDIIJN/iEzmEEWbE7v9eR6q3KycU2/r/2ycoSzrnZqXcK9Xz5DrOj6ZrQlJKqrJUVFNjt499IRPjGF4hlcGnZJkK2lfh/O5l1er0d6+ZmdnuFleWXO6Xcd6ncFmk378y+clSWvWbnW3tZWUKi3J2q1tTm6Btu7I69ZnRVXtoF4PAAAAAAAAAHjK+iPP6MPDv9W8xG/p0as+VVhgjKdLwiBLscxRimWOrkt6WJuLXtaTW67StRMf1MIJ3/V0aWfpHJ8EnDgXl1zaavurttle8doxDM/x83QBPamobA8eG+0OpSaNU3RUuDvwzC+0uduVV51uJ0kZk5Pdszml0+Fm1+Ma7Q5FR4UrNWmcu13n+QAAAAAAAABguCiuy9WzO2/VyYaD+uHsj/SF5P8k5BxhwgJj9IXk/9QPZ3+kkw0H9ezOW1Vcl+vpsiSdHp/rDv+GkBO9csmldYd/41VjGJ7ntTM6rXExMptNumnxbPeMzDpYPsQAACAASURBVK078vT6Wx/LGnf6FrOjOm49O3tmum5aNFvRlnBVVNZqzbqt2rojT9GWiC59xspWXKabFmfpmrnTJbWHn2vWbpW9I/AEAAAAAAAAgOEg++SbWpX3sG6Z9AvNir/D0+XAw6LNifrK5Ge0vXilnvlsqZanP6XMMbd4rJ7O8UnAib4qqsnxijEM72BwuVy8iwDAMJCTe6RP7aNCA2UwGNw/ks77WF0fq30NiHO26/K7t21nPr6Q571t70lf25uDvfa7QAAAAAAA9GpT0YvaYvuL7pj8OyVGZHq6HHiZYzXZWpn7gK60fl1XJdw95OffVPSi3jn0yyE/L4afG1Me9cgY7g97o9PTJQwrXnvrWgAAAAAAAABA320qelE7Slbp3sy/EXLinBIjMnVv5t+0o2SVNhW9OKTnJuTEQHrn0C+HfAzDuxB0AgAAAAAAAMAwkX3yTW2x/UVfm/pnRZsTPV0OvFi0OVFfm/pnbbH9Rdkn3xySc2affJOQEwPunUO/HLIxDO9D0AkAAAAAAAAAw0BxXa5W5T2sOyb/jpATFyTanKg7Jv9Oq/IeVnFd7qCeq3N8AoNhKMYwvBNBJwAAAAAAAAAMA2/l/0S3TPoFt6tFnyRGZOqWSb/QW/k/GdTzvJX/E7nkGtRzYORyyTXoYxjeiaATAAAAAAAAAHzc+iPPKDIoXrPi7/B0KfBBs+LvUGRQvNYfeWZQ+l9/5BkV1eQMSt9Ap6KanEEbw/BeBJ0AAAAAAAAA4MOqm0r04eHf6rokbguKi3dd0sP68PBvVd1UMqD9do5PYCgMxhiGdyPoBAAAAAAAAAAf9knR85qX+C3W5US/RJsTNS/xW/qk6PkB7feToue5ZS2GjEuuAR/D8G5GTxcAAAAAAAAAALg4DS1V2mZ7RY9e9amnS+mX0rxv6OmTG3rYa5LRf74mjfmObk5NVxjTdwbNnIS79MtNV+iaCd9TSEBUv/vrHJ8+L3yF7ki5R2nhVpk7x5/LIbsjT4UnV2l94Sr5zhzCJ/XQwuWKVa0KD2Xoz0WermfgbbO9MmBjGN6PvxIAAAAAAAAAwEdln/iXpsctU1hgjKdLGRiGZIUZ07v/+IfL2bpWucVL9Iutq1Ta5ukih6+wwBhNj1um7BP/GpD+sk/8y+dnc1oSX9NjM36ujMj2kNPZ6mj/kUnmoExNHv+k7p/zkhaEe7pSdHLJNWBjGN6PGZ0AAAAAAAAA4KP2lr6rRRN/4OkyBk74k3psRubZ2+u36dWdX1Gu48daefA6PTDJe1KlztmosWO266F03w+cM0Yv0brDv9ZVCXf3u6+9pe8OQEUeZH5EKyZmKcwg2Wte0Ft5TyjH3rnTqoyJj2ihdbFiTUkaTdriVfaWvjsgYxjejxmdAAAAAAAAAOCDqptKVNFYpBTLHE+XMvhCs3THuBWSpJLKbarzcDnDWYpljioai1Td1L+bsVY3laioJmeAqvKQxPmK85PUmq2NO7uGnJJkU87hb+vpzx7UtuNrtLbSQzXinIpqcvo9huEbCDoBAAAAAAAAwAcdrt6uJEuWp8sYMkZLumIlqbVG9t4ao1+SLFk6XL29X33093hvMDc4tv1BU4E+6qmRfY3eyn9a5JzeZziMQfSOydQAAAAAAAAA4INstXuVEJ7h6TKGTpvkPOcOh0oOvaB/FL+iktYySTGyhNyrxZfco4yIM5raC7Qx72ltrNugujaHZEhWbPByLUy7RxlRZzQt26B3Dz6t3U15csokY8BizbQ+qpsntN+etvOWtZ1KT87Sj062P56cdFgrxg/QdXtAQniGbLV7lTnmlovuw1a7dwAr8oxcR41uULgUnKU7Rkkryy/8WMu4n+tLiUsVbwqX0SCprValVav0bs4TOtC1YfhyLR6/QjOjkhVmNLVva6tVZc0qrd3ffRbpsisOa2aIVHpinta3PKnFcZmyGE2yV/5UP9v9qiQpzvpb3ZY4X7GBHed1OWRv3KYdR36qd0/ZuhdpuEk3ZD6kmZFWmQ2SXLWqrD77vL6qv2MYvoEZnQAAAAAAAADgg0rrD2lMaJqnyxgydeUft8+aMycr1r3VodydS/S7oqdV0iqFGdMV5i9VNjyhlTu/oY+6BlOObK3cvkjv1qxVnZLb2/qVqrThCa3MXqJ3T55uaj/6hP7v3m9oR1OB5J+uMGOy1LJG2w7P1e/y2sMiozG2o4+OcMovvf15Rw2+bExomkrrD/Wrj/4e7w0qT+xuH3MGqzKm5OihKQ9pZpS11+Msia/pe2krlBgULqPLIWerQ05DuGKj79GKK57UJHfLe/TNaU9qQUy6woym9natDskvXJaoe3TblCeVdI7+zeEv6raELFk6g9EOky5dp/tTb1KcKVxGdZxXJplD5mtu+ota1i34Nyku8f9qbpRVAW0OOdskGTrOm/6QLBfxenmb4TAG0TtmdAIAAAAAAACAD6psssli7j108XlOh0qK/qBXi9dKStbMMZnuXXUHf6RXawok05N64Irliuv4xNt+4gU99/kTWnt4m+aOypJRUt2xV5TTKin0JT02c77COqYBOSu26R8HspXUmZ7WrtXLhS/IrvlaMOUlLY7p2G4v0Fs7F2nbyReUk/xzZaQ9qcfSTs/sjI19SQ+lx2g4sJitqmyy9d7wPPp7vFeofFCrbUn6kjVdZkO4YmPu17KY+7WsrVaVtdnKL39eG49t637bWvMjWjExS2Y5VHryR3o5b01HQL9CKzJ/rskhS7Vgwo914IgkvaADFVfLbl+t9YWr5F5RctQf9aOpi2UJzdJsi1R4xn1xw0KSZa9fo/WFz+uj8jz3MUvHJssoyV71tP6c/WxHf+mamfpzLYjI00c1XXsxyexfoJzcu7XylE2SVRlT/qY7Yqwyhs9Xlp7WuwP8cg61YTEG0SuCTgAAAAAAAADwQQ3NlQoNHOXpMgZWzTL9aH1PO5OVZH1Ry8Z1Pi/TjlNrJKVrbsrpkFOSzGPv0cLjT2hl7Qfa7cjSTJPU4qyVJIWZx7lDTkkyRmfpjitPr3Vaavu7jkkKi3nkdMgpSeZk3TzuHm07/IJ22x5RRnL32XTDSWjgKDU092/Vyf4e7y0OHFyi35fdo8UTVygtouMWr37hskTOV1bkfGWNL1BO4d1aebw9VLNMmK84P0lNG/RWZ8gpSfZX9erx6/Sz5CzFRz8kHXlakrQx9ytnn7R8l6qci2UxWmWJls5aANSxVq9vf7DbLXDnJmS1z8Js3qB33SGnJOVpx8Fl2nGOaysp7gw5JcmmnEO7tTjGKovBqvgESUV9eqm8znAZgzg/gk4AAAAAAAAA8EHNrY0K9A/2dBkDy5CsMP/TAaLdmSenpLDQ32pF+k1KDO3Stq1Axc2SZNOOA0u0+0D3rpyt7fvqGiSZJMuYmxV3YoNKyr6v53Lu1YIxWUocFSPzGZ+SlzS2r7tpr/y+fvHJGfW52kOhSketpOExe/NcAv2D1dza2K8++nu8N6msekErd70gSYobtUKXjb5Ok6MyFWsyScZkZaS8qJbGRXqjUpoc1DE12DRf35i/v3tHBlN7KGPsOnbSNTNphSZHZsoSEKGwoHAFSDJ23P7YGHB2PfbGXd3X+ZRV8UHh7fsatp4z1Dxbrexnzni0N/WwDq5vGk5jED0j6AQAAAAAAAAAeIfwJ/XYjNO3ppXTprWfLtJH9T/SW8em6YH0LrfqrbapVJJUK7szr4cOt+lUvSSLJMtN+ualTXr94BM6UPGgXq6QJJOMphVanPSQ5o41SSpTZVPHqVvzVNdDr6VNNg3noBM9Kyl/VSXlr2qtpDjrH7UiZbEsfsmaZL1Jqlyj2MD2wFEGkzusPEugVVmStukerZjzkCab+js7eLHCzhGIAiMBQScAAAAAAAAA+KDOWXcm/xBPlzJ4jFYtvvTnyt39Y5Wc/Kk+GvuSFlg69oXEyiKpVCu0bM7PNfMCsiLz2OW6a+xyOZvKVHwqT4Vlr2h9zQt69/Ns1fm/oRtiwxUWKKlZmpS4X3cN49vTns9AzBYO9A+Wo7VhgCryTiW2b6sw/rAsIZLRv30mZ53TIckkZ82zenTn0+fvIGVpR8hZq5Li5/VJ+QbllOdJukffnPeIki44wcmT3SkSnzMMuxnvOCe/3psAAAAAAAAAALxNSKBF9c3lni5j8FmWanGEVdIGrT20QfbO7aYkxQZI0gYdK+1bl8agGCUmzteCGS/px/GLJWXrQFmZJJPig9tnlB6rLehTn3XNfSzCi9U3lysk0NJ7w/Po7/FewXyPFk9IP0+DLJk7Zm06W9v//Aua2n8bzema2Vv/AR1Bun2DXj3wbEfIKUkRMhr6Uug2FTc52ksOmd37eUeIYTEG0SuCTgAAAAAAAADwQZYgqyrttt4b+jyTJqc+pDhJqv+DPjrVud2quWNukmTTjsKfakdV96Pqjq/Sq/tO39LWWfis/rwvW6XN3duVNh2XJHewFJd4rxIl2au+r5cPlXVbs9BZm6ePdryqA22nt8WGJEuS7DUbdGCYLHBYabfJEmTtveF59Pd4bzAz9V4tmPiGfjT9Sc2NOuN6zFmaO+VJTQqSJJuOFa+RJBUWrlVJm6TA+bphxiPKMJ8+xBJ1j+6YtU53je3Y0NIeTipomhaP7uw/XQsyVyixp9ve9uCjkm3tt1oOnK8bMu9v/+9FkmRVRspr+tH0n2ukxX7DYQyid0xkBgAAAAAAAAAfFBuaopP1+UqxzPF0KYMv/CbdaPmD/lyZrY2FazV39GKFSQpLfkg3V36utxpe1RvZq/SWf7LMBkltBaprc0h+D6lQ6UqSQ7mVf1Bh7dN6utQk45ntdJMuH9ex5mb4Yi2zLtdztlU6UDRLjx5PV5ifJFep6lrLJMVoZskKTRrXUVvCUs08+oJ2tD6tlzd9rMTQLEWFL9UdackeeKEGxsn6fMWGpvSrj9jQFBVUbR2gijyjzl4quytGlsjluiFzuW5oc8jp6tjpZ+oIxx0qPfFTvdo5udr+hNYWZ+lL1nSZI+7RHVkrdFtHMG70b5/BWRe7XDqxSjr0qg6MeVKTAq3KmPyJJl/iaO/XVaDSpnDFBvWh2BM/1cbYN7R4VIzMUQ/pgQXfkbOtS52uGC2IkN6oGYhXxjf0dwzDNzCjEwAAAAAAAAB8kDV8iopqczxdxpBJSnpIiVJ7kNQ5kdXPqqwr1ulHEx5RYqBVas1TnTNPdkOmEqNf00NX3q8kSZJJGdO364GE7u3qXFbFhv1cd834rbLCT58rNvVJPZb5mrJCsmR2dbRti1BsyCO6I2Ojlo3rUphfupbNeFuLw7JkdmXrWO2zKnFGDNGrMjiKanNkDZ/Srz76e7w3OHBwiX6288f6qCxblS0OOQ0mGf07fly1qqvfoI25i/T05xvOOu73uS/oQEOtnDp9jLOlQAdsP9ZLe1Z1tFyll3f+VDn1tXK62oNQo7NAOYfu1rHWvlZr08Y9y/SPI2tV2uKQOmtVR515d4+okFMaHmMQvTO4XC5X7818w8HC48ovtMkaF6PUJKuCzSNzoWgAI1NO7pE+tY8KDZTBYHD/SDrvY3V9LMmgHtp1+d3btjMfX8jz3rb3pK/tzcHc9AAAAAAA4N2qm0r0+89u0k/m7vR0KRhmHt84Q9+7fI0ig+J6b9yD6qYS/WrLCJhtDK/1X1du7tcYHiz2xmFyj2svMSw+xbUVl+rZv6xWRWWte1u0JVz3f32prPGxHqwMAAAAAAAAAAZHZFCcooMTdKhy88i4fS2GxKHKzYoOTuh3QBQZFKeEiAwV1YycWcfwHgkRGV4ZcmLg+fyta23FpXrqj6u6hZySVFFZq6f+uEq24lIPVQYAAAAAAAAAg2tK7A3KOfW2p8vAMJJz6m1Nib1hQPoaqH6AvmLsjRw+HXR2hpyNdockyRoXo4fvW66Mye2LPDfaHYSdAAAAAAAAAIatzLG3alfJG6prLvN0KRgG6prLtKvkDWWOvXVA+ssce6t7+SNgqBhkGLAxDO/ns0HnuUPO25WWZNX9dy0l7AQAAAAAAAAw7IUERCnLeqc2F73s6VIwDGwuellZ1jsVEhA1IP11jk9gKA3kGIb388mgs6eQM9hscre5/66lmj0zXRJhJwAAAAAAAIDha17Cvfrk2J9UYT/m6VLgwyrsx/TJsT9pXsK9A9rvvIR7mdWJIWOQYcDHMLybzwWdFxJydrrrS9cRdgIAAAAAAAAY1iKD4nTtxAf1QeFTni4FPuyDwqd07cQHFRkUN6D9do5PYCgMxhiGd/OpoLMvIWcnwk4AAAAAAAAAw93CCd9VdVOxthev9HQp8EHbi1equqlYCyd8d1D6Xzjhu0qIyBiUvoFOCREZgzaG4b18Jui8mJCz0+1LrybsBAAAAAAAADCs3Zz2uN488JiO1WR7uhT4kGM12XrzwGO6Oe3xQT3PzWmPcwtbDBqDDIM+huGdDC6Xy+XpInrTn5Czq8effkW2kjJJUrDZpIe/vVzW+NgBr/d87E3N+v0L/1LBkeKz9hmN/oqNjtSs6Zfo6iszZA7q2/VdjOqaev3qmfZvef3Xd+9QZEToedsfKTqh3/zpn4ofO0rfu+dWmYMCB73Ggfb2um1as3arZmak6ZsrbvR0OcCAyck90qf2UaGBMhgM7h9J532sro8l9z9Mz2rX5Xdv2858fCHPe9vek762Nwcb+9QeAAAAAABvkH3yTa0r/LXuzfybos2Jni4HXq7CfkzPZ39Vi5J+oMwxtwz6+bJPvqm/5z006OfByHN7+tNDMoYHgr3R6ekShhWvn9E5UCGnJD183+2yxsVI8o6ZnWlJVmXNuNT9MzFhrMqravXme5v16K9eUl7+UY/VBgAAAAAAAMD3ZI65RVdav66/7vmmKuzHPF0OvFiF/Zj+uuebutL69SELiDLH3KIbUx4dknNh5Lgx5VGfCTkx8Lx6uspAhpxSxyzO+27XU8/9XbaSMnfY6YmZnZK0YM40ZU5J6batublFazfs1Hvrt+uF197Td75xs5LGs3AuAAAAAAAAgAtzVcLdkqTns7+qOyb/TokRmR6uCN7mWE22VuY+oCutX3ePl6HSeb53Dv1ySM+L4enGlEeHfAzDu3jtjM6BDjk7dYad3jSzs6vAwADdeG2WbrjmCjU0NumNdzbK3tTs6bIAAAAAAAAA+JCrEu7WoqQf6I87b9P24pWeLgdeZHvxSv1x521alPQDjwVEVyXcrdvTn2bNTlw0gwy6Pf1pQk5454zOM0PO6KjwAQk5O3WGnY8//Yoqqmo9PrPzTAaDdNWsy/Tprs9lKy7V8ZJSpUwcJ6l9xueOnHx9vCVHxSfL5XS2KjAwQDOmpuq2JfMUGmJ29+NsbdVHm3bro827VVldJ4NBGh0TpesXXqHLp02Sn1/3v0TqGux68/3N2rnnoJqbWxQZEapbb7hKV2ReqnMtbVdZVavVH2zRvgNH1NrapjGxUbp96dW6NHV8t/ZtbS59tvuA3lv/qU6VVcnlkiyRYbp6zjRdPXuqAgMD3G37cn1/fvUd7cjJ171fvUHVNfX6cOMuORzNeuDeLyppfJwqqmq1+v0t2rXvkFpanIqJjtRtS+YO0J8SAAAAAAAA4N0yx9yi0SEpeiv/Jyqo2qrrkh5m3c4RrMJ+TB8UPqXqpmJ99/LVig+b7NF6uo7Popocj9YC35IQkaGb0x73+BiGd/D/2c9+9jNPF9HVmSGnJFnjYzR/9tQBPU9AgFG7cwtUUVUrSWpxtmpHTr4mp41XRHjIgJ6rK6ezVduz96uyuk4zM9I0dnT0ueszGnWgoEjFJ8tljY/VxMSxkqS3P/xU/1jzieSSJiVblThutOz2JuUX2HS8pEyZl6XI399fLpe08s2P9N767QoI8NeUSyYqNjpSJ0ortT17v/z8DEpLsqrJ0azNn+XKbndo7+eFqqyq1aWpiTIHmXSytFJ7Pz+ssaMtiuuos7qmXp/u2q+2tjZ9uutzNTQ6dGlqooKCAnW8pEzbs/crwOiv5Anx7dfb2qpX3/hQa9ZuldPZqslpEzQuLkalFdXava9AR4pOaGp6sgICjH26PknatfegSk5WqOh4qXbuyZefn0HmIJMuTUuUweCn3/zpDeUX2mSJDNPkSRMUGOCvjzbvVlV1neoa7IofM0rTp6YO2p81MNROllb3qb050F8Gg8H9I+m8j9X1seT+xt1Z7br87m3bmY8v5Hlv23vS1/YBAV570wMAAAAAAC5YuClWl8fdrrKGQr2699tqaXNoTGiqTP6D9xkovEtdc5k+OvKs/jf3e5o6+gbdnv5rhZs8P+FHOj0+/Qx+Oly13dPlwMsZZNCiid/3qjF8MZwtbZ4uYVjxuhmdZ4acQ6lzZufvfvEdj5y/K39/PwV2hH9dX4+5sy7T5dMmaWxstHvWZHNzi5558S0dPHxch4tOalKyVbV1Dco7cFSWqHD95323K9oSLql9duXOPfka13Hr3k72JocyJifpzuWLZOwISt9et1Vvr9umHbvzlXlZardZmuWVNbrhmlm6afGV7pmhn+0+oJdf/0Afbc5R5pRUxY6K1P6DRdqevV8x0RF68JvLFBMd4b6mZ196SwcKbNq2M08Lr8rs0/V11eRo1nfvvkWXXTJRBoPkckmv/mOdSsurlTXjUvc1SVLh0RL94aW3BuBPCAAAAAAAAPAdCyd8V9PHflGfFD2vX266QtPjlilj9BKlWOZ4ujQMkkOVm5Vz6m3tKnlDWdY79eMrNykyKM7TZZ1T1/G5zfaKXHJ5uiR4EYMMyrLeqXkJ93rtGIbneF3Q2XVNTkmylZQN+jm7nstTIeuFskSFn7UtMDBAYaFmtbQ41djYJEny8zPIaPRXfYNd9Y12d9Dp52fQ5dMmndVHWKhZi+fPdAeCBoOUmmRVQMAO1dQ1qMnRLHNQoLt9dFS45mZN7Xb722mTk7Vl4jh9fvCYDh4+rthRkfps9345na2alzXVHXJK7bcPXjR/hgqPlSh77yHNufwymUwBF3x9XS2YM01TLp3ofl5b16D9h4oUGmLWtXOnu69JkiYmxmna5GRt2r6v5xcZAAAAAAAAGIYig+K0NPWnumbC95R94l9ad/jXWpn7oJIsWUoIz9CY0DRZzFaFBo5SoH8w6yf6AJdcam5tVH1zuSrtNp2sz1dRbY4KK7cpOjhBU2Jv0P83d6dCAqI8XWqvzhyfe0vf5Za2I1xCRIamxN6gzLG3+sQYhmd4XdD58H3LZSsu1eyZk/Xsy0Mz885sNun+u27W1h25XrFGpyS1trapucUpSd3WJm1yNOvjLTnavmu/qmrqegxmw0KDNS9riv757ib98revddy+dbymXZaitGRrt/BPkgICAhQSHNRtmynQeFa7TlGRYTIHdV8zNSDAqFGW9jCzqrpODkeLKqvqJMm9vavwsGAFBgSovKpW9iaHTKaAC76+ruLHjOr2vLK6Vg2NTTKbTQoLDe62z2Borx0AAAAAAAAYqUIConRVwt26KuFuVTeV6HD1dtlq9+pA+ceqbLKpoblSza2NzKrzAQYZFOgfrJBAiyxBVsWGpuiSUQt0Q/J/+ezMt57GZ2n9IcbnMHSuMWwNn6KJkbN8dgxjaHld0JmWZFVakrX3hpIqKmv1+K9f6TUMe/i+5b32GWw26Zq50y+4zsFW32DXydJKmQIDlNARvjY3t+h//vq28vKPymj0V/yYUYob07525sHDx1VRWdutj2vmTte0ySnavnu/8g4c1bZd+/XJtr2yRIbp219fqvHW0YN6DW0ul9pcF/6XTV+vryd+fn59XosPAAAAAAAAGIkig+KUOeYWZY65xdOlAGdhfALojdcFnX1RXlVzQTP+8gtsFxyeegOXS9q0fZ9Ky6uVlmRV4rj2QLK6tl7HT5QpPCxYP7zvdo2Jtbjb/+mVt88ZBEZbwnX9wlm6fuEstbW5tHVHrv72z3/r/fXb9c0VN150jVXVdbI3Obrdzra5uUWl5dWSpDExUTIHBWqUJVwFR4pVXllzVh+1dY1qbmmRNS5G5iDTRV3fuUSGhyrYbFJDY5OqauoUGRHq3udytdcOAAAAAAAAAAAA3+bn6QIGyuyZ6VqyKMv9M3tmuqdLuijNzS1658NtevffnyokOEg3f+FKBQYGSJJMgYEKMJ6dTR8+VqL8Qlu3bY12hz7dtV9Njmb3Nj8/g8aOjlZggFH1DXY5na0XXWdFVa02btujtrbTMzZz8gpVcLRYURFhSrSOkSRdPu0SGY3++mTbHpVVnA47G+0OrduwU21tLmVOSZHJFNCn6zuf8LAQpU8aL3uTQx9uzFZzc0u3vnbnFlzMJQMAAAAAAAAAAMCL+PSMzq5mz0zvNmszv9CmrTvyznuMNS5WBwuPyxrnmXU5P9q8Wzl5p0O3ispaHT1+Ss3NLQoLDdbdX/6Cksafvgd1Z4D3ydY9evKZlbo0NVH2JoeOFJ2Uv3/3zPqo7aT+umqt/rpK7lvANjU160BBkZocLe5w0d7U+4zYc4kMD9Xmz3K1I+egJiSMUUVVrQ4fK5Gfn5+WLZmr2FGRkqRLUhM0K/MSbd2Rp//z61c0KTlBRqO/8gttqq1r1CUpCcqakd7n6zsfg0FaPH+m9h88ph27Dyi/oEhpSVbZmxwqPFqiqIgw1TfYL+q6AQAAAAAAAAAA4B2GTdB5Mb5089X60s1Xe+z8Z85SNBr9FRsdqVnTL9HVV2bIHGTqtt9gkJYvmaeo8FD9e1O2duTkKyY6Ql+/fbG27z6gnTn57raXpCTqof+4Te98+KkOHSnWseOn5Odn0OiYKN14bZZmZkzqV+2joiN0xy0L9OZ7m7Rr70G1tbUpIX60br3hKk1KTjh9Tf7+uvO2RZqUnKD31n+qPZ8XyuWSLJFhWrZknq6ePdU9Y7Uv19ebmOgI/fD+2/WvdzZp175D7r6+uuxanSqr0pq1W/t1/QAAAAAAUAd9qgAAIABJREFUAAAAAPAsg8vlcvXezDP++7m/62DhcaUmjdMP77v9rP35hTY99dwqSdLD9y0/a0Zn574li7J00+LZQ1M0AHhITu6RPrWPCg2UwWBw/0g672N1fSzJoB7adfnd27YzH1/I896296Sv7c3BI/q7QAAAAAAAAAAGgb3R6ekShpVhs0YnAAAAAAAAAAAAgJFjxAedFZW1ni4BAAAAAAAAAAAAQB+N6Pvyvf7Wx1q/KVuzZ6brri9d5+lyAAAAAAAAAAAAAFwgn5jRWVE1OLMuDx4+Lkkqr6wZlP4BAAAAAAAAAAAADA7fCDora5VfaBvQPvMLbbIVl0qSgs1BA9o3AMD3uVyergAAAAAAAADAcMJnjgPPq29de+XMyTpY2D7r8rmXV+v2pVdrlCXCvf94SdkF9VNRVevuR5JsJaVas3ar+/m0yckDVDEAYLhwuVwyGAyeLgMAAAAAAADAMOEi6RxwXh10zp6Zri07cnWw8Lga7Q69/PoHF9XP1h152roj75z7UpPGafbM9P6UCQAYhvg3BwAAAAAAAICBxGeOA8/rb117/103a+FVmX0+LjjI1GubhVdl6v67br6YsgAAw5yrjX91AAAAAAAAABg4fOY48AwuH5knW1FZq6KSUve6ml2NskScc1ZmfqFN+QVnr+1pjY9VQlysoi3hg1IrAHhCTu6RPrWPCg2UwWBw/0g672N1fSzJoB7adfnd27YzH1/I896296Sv7f39DQo0+ffpGAAAAAAAAADoSbOjVa2tPhHL+QyfCToBAOdH0Hl+fW8vBZm9+g7vAAAAAAAAAHxIk93J7WsHmNffuhYAAE9wuaQ2biUBAAAAAAAAYAC0tbkIOQcBQScAAD3gNhIAAAAAAAAABgKfNQ4Ogk4AAHrQ6mzzdAkAAAAAAAAAhgE+axwcBJ0AAPTA5eKbVgAAAAAAAAD6p7WV29YOFoJOAADOw8k3rQAAAAAAAAD0A58xDh6CTgAAzqOt1cWsTgAAAAAAAAAXpbXVpTY+Xxw0BJ0AAPTC2cI3rgAAAAAAAAD0HZ8tDi6CTgAAetHW5uL2EgAAAAAAAAD6xOlsU1sbszkHE0EnAAAXoKW5TS5WDAcAAAAAAABwAVwul1qamTwx2Ag6AQC4QPzDBAAAAAAAAMCF4LPEoUHQCQDABWptdamFe+oDAAAAAAAAOI+Wlja1tnJ3uKFA0AkAQB84W9pYrxMAAAAAAADAOTmdbXIyWWLIEHQCANBHLc2EnQAAAAAAAAC6czrbuGXtECPoBADgIhB2AgAAAAAAAOhEyOkZBJ0AAFykluY21uwEAAAAAAAARriWFkJOTzF6ugAAAHyZ8/9v797Dojzv/I9/HobToKCCoIIjKniIh0SNNMUkJiZpTJtGbZto0m7Ttd3sL7Xtr7utvfbXTa+222vTbXftcRvTNm3tps2VaLqph6aN5mBiDMTgAROIkoCnERSQAQaYYU7M74+RCcP5MDADvF/XxcUzz9zP/Xwf5A+v+XB/b0+b/G1+xcXHyDCMSJcDAAAAAAAAYIT4/X553G3y+fyRLmXcIugEAGCIfD6/fE6f4uJjFBtLswQAAAAAAABgrKNVbXQg6AQAIEw87jb5vH7FxsXIZGJ1JwAAAAAAADDW+Hx+eT1tamtjFWc0IOgEACCM2tr8crt8ijEZio0l8AQAAAAAAADGAp/PL6+3TW20qY0qBJ0AAAyDNp9fbp9PhiGZrgaeMTGEngAAAAAAAMBo0dbmD2xb5W2Tn3wzKhF0AgAwjPx+yetpk9cjGYYUExMIPI0YQ4YhGUbgOwAAAAAAAIDI8Pslv98f+N7mV9vVL8LN6EfQCQDACPH7Ay0ufLS3AAAAAAAAAIAhi4l0AQAAAAAAAAAAAAAwUKNiRafD6dLOPQdVXFIuh9MV1rlX5S3WpvVrlGROCOu8AAAAAAAAAAAAAIZP1AeddTa7vvfjJ8MecLYrKCqVtapW3/7aZ4dlfgAAAAAAAAAAAADhF/VB52O/3xMMOc2JCbJkpUuSLJkZg16FWVZhlSRZK2vlbHXJWlmjgqJSrcpbHJ6iAQAAAAAAAAAAAAyrqA46rZU1slbWSJIsmenaumVTWFvMnigp1/YdeyRJV2yNYZsXAAAAAAAAAAAAwPCKiXQBvTlRUh48vmftqrDvo8m+nAAAAAAAAAAAAMDoFNVBZ0eEkgAAAAAAAAAAAADaRW3QeaKkXO9VXAy+LigqDbaxBQAAAAAAAAAAADC+ReUenXU2e3DvzHYFRaWyVtXq21/7bI/XFRSVqrikXA6nS5asDN1x8wqlpaYMd7kAAAAAAAAAAAAARlhUBp1mc4LMiQlytrpCzyfGdzve4XRp2+O7QlZ8llVYVVBUoq1f3ChLVsaw1gsAAAAAAAAAAABgZEVl0JlkTtAPvvWQdu45qIKiUknSpvW36o7V13c7fu/+gm7b2rYHoP/xyENRs8ens9Wtn//mOZWfrezyXmysSRlpk3XD9ddozY3LZE4Mrdnj8erAq0dVfaVeK5bO07IluSNVNgAAAAAAAAAAABBVojLolAJhZ9qUD9rO9rYq8+XXj0uSzIkJ+saWwArOHc+8oIKiUjmcLhWXlGtV3uJhr3mgFuRYlDolOfi6zmbXuYvV+vNfD+ulQ8f1hU9/VIsXzA6+7/W1qaTsnMrPVio9bXLEgs59Bwq1d3+B8pYt0D9+9uMRqQEAAAAAAAAAAADjW9QGnYOxfGluMBBdlbc4uBr0iq0xkmX16LablmvFtfNCzrndHu1/9aj++vIR/eapv+rLn9+gnNmZkgKte//ly/dHolQAAAAAAAAAAAAgqsREuoCe7NzzqgqOloa8PlFS3us1ZRVWOZyBfT3bQ05Jmpo6aXiKHAbx8XH6+EfydfcdH1aLo1V/+sshOVvdkS4LAAAAAAAAAAAAiCpRuaLTWlmjlw4d63Ju5+6DWt5Nu9b21Zt1Nru++q1fhLxnTkwYdXtZGoZ08w1L9eaxd2WtrNHFqhrNmztTkvTrP/xFRcVl+uLn1gVXg7afe+jv7lZDY7NePHRMLpdbX33oU8qZnSlnq0t7XijQkeOn1NziVHx8nK5fOk+f/PjNmpwyMeTencfGxppkyczQJz52kxyOVv3yyX3BsUXFZSoqLpOkkHrq6u3a87c3dPLdCjmcLsXHx2nenCzde89qzZyRHrz+7IVL+smv/ldZM6Zq47pbtPtvb+i9Mxd13aIc3bLqOj32u92aPGmivrFlkyalTAip8/0zF/WzJ57TjGmp+uf/c1/U7MEKAAAAAAAAAACAkRGVKzotWRmanzOzy/nu9tl0OF1yXl3F2R3DkKxVNWGtbyRMnGDW9IxUudweXajsX/1//uthPbvvNbndHpkTE+RsdcnhdOkXv92tVw6fUJI5UTesuEazsjJ05MQpbdu+S7Z6e/D62rpG/ftP/qiXXz+u2FiT8pYt0NKFc3S5pk6P/36PWl1u5a9cFGwPnJaaovyVi5S/cpFSr+6neub8JT3606f05vFTmjI5WfkrF2lWVoZOvX9e//Hzp1V04nSXuqtrbfrJr/6k0+UXNDHJrDa/XzOnT9WcWTNUc6VBpWXnQsb7/VLh0Xfl9ni15sblhJwAAAAAAAAAAADjUFSu6JSkb2zZpL37C7TvQKEkaeuWjVqQY+kybtvju2TtFASmTUlR3dUAz+F0adv2XT1eH61MphjFxwX+eRy9BLkdtbrc+soXPqGl18yVYQQCwaeee0nvnbmou++4QevW3qiYGEOS9NaJ09rxzAs6WHBSn7r7Znl9Pu3a+6pqrjQof+UiPbjxTsWaTJIC+4aWn6vS/JyZuvFDS7TvQKGslTWaO2uGPv/AR4P3d7s92ru/QM0tTq1bu0p33/FhGYHbBe+378VCzc+1aFLyBys0m5qduv7a+frcpjtlTvwgtMxfuUhlFVadLK3QDSuukckUyOVr6xpUcvqcMqZO1uIFswf/QwYAAAAAAAAAAMCoFbVBZ3/s3V8QDDnNiQn60ufXB8PMOptdz+w5qOKr+3rueOYF/eCRhyJW60i47ablunbR3ODr5haHysqtmpQyQavyFgdDTklaes0czcrK0JlzVXK5PLpia1TFuUpNSpmgj3/kw8GQUwrsG7pofnaf979UY9PZC5eVMXWybr5haTDklKRli3OUOztLZRVWnT1/KaSdcNqUFG1cf2tIyClJixfMVsbUyXrvzEVVXb4SXEn6zqkzqm9s0l23fahLS1sAAAAAAAAAAACMD6M66Hz59ePB429s2RgMwqRAW9UvbV6vx3bsUXFJuepsdhUUlXbb/jYa+Xxtcnu8ktTv1qxZ06eGvLY1NMne5JDD2apH/uN33V4zNXWSWl1u1dY1qLmlVTmzM5U8cXDhYX1Dk5ytLmVOT1N8fFzIe/HxcUqeaJbf75e1qjYk6JwyOblLyClJk1ImaPnSeXrhlbf0VnGZLFkZcrs9Ki6p0MQJZn1o2YJB1QkAAAAAAAAAAIDRL2qDzm3bd6mswhry+p4787Vu7SpJUlmFNdjSNS01RcWlFSouregyT8eQsKzCOmqCzuYWpy7X2JQQH6dZHQLcgWhra5Pf71dCfJyWLJyj+Piu/9wTksyKizOprc0vv98/pJrDMUdnH1q2QIePvKPiknLdecv1ulxj09kLl7R4wWxldgp2AQAAAAAAAAAAMH5EZdBprawJCTnbvXToeDDo7KjOZtfe/QV9znvF1hiW+oab3y+9fuQd1Vxp0IIci7JnThvUPKmTUzQhKVEut1v33JmvrBk9B4NpqSlKMieqtq5BTc0tMifG9zi2fa/MnuZoanbI7faEzOF2e9TU7JRhGLJkpvf7GTKnT9X8uTN18t0KnTl/SSdLK+T1+bQqb3GPdQAAAAAAAAAAAGDsi8qkyJKVodtvXqG0KSkfnMtM1/0b1gRfT50yqdt2p71Z3qFdamDOwa2UHE5ut0d/ebFQz7/0piYkJWrDR2/s0ga2v1KSJ2jxwtlqanZq/6tF8vp8Ie9XXa5TzZV6SdKMjFTNmTVdjfYW/eXFN0PGut0enS63yudrkyRlTkuTYRiqvtKg5hZncFz7HDVXGvT6kXfUcXFncWmFys9VanrGFM3JntHvZzCZYoKrcP/818M6+W6FLJnpmjd35oB/HgAAAAAAAAAAABg7onJFpyTdv2GNkswJ2negUJK0acMaLcixBN9PS03Rzx/9csg11soaOVpdwdeWzIxe97fs796Xw+WVwydUXFoefF1ns+vcxWq53R4lT0zSFz79UeXMzhz0/IYhfey2D+ns+UsqPPquSsvOaUGORTExMTp74bJq6xqUv3KRPrdxreLj47Ru7SpdqKxR4dF3der9C5o3J0ter0+nyy/IMGL0tYfvVfbMaZqTPUPTM6bowsVqff9nT2ludqZWXjdfy5bkBufYu79AR0+WaVZWhmrrGnXmfJViY2N1z0fyNSl5YHuAzps7U5bMdJ2zVkuS1t6aF/F/OwAAAAAAAAAAAERW1Aadg2EZxF6Wt9+8QnX1dt2Yt2QYKupd5/a8sbEmZaRN1g3XX6M1Ny4b8IrV7qROSdHWLRv18usndPjIOzp68r3A+cnJWrd2lW6/ebliYgxJ0tzsGXrknz6jPX97QyffrVBRcZliY02yZGboEx+7SbOyAi10JyVP0Fcf+pR27j6od06f1ZHjpzQtfYqWLcntMkflpSuKj4/TNfOyde89qzVzRv/b1rZLMicob9lCnbNWa8qkZC3rtDIXAAAAAAAAAAAA44/h93dsMBo9HE6Xdu45qIKiUkmBFZ6337yi27Hbtu/qdk/PjrZu2RiyIhSjy4FXj+rZfa/p5huW6rP33SnDiHRFQPQpLjk7oPFTJsbLMIzgl6Rej9XxWJKhHsZ1+N7Xuc7H/Xnd1/meDHQ8AAAAAAAAACC6ReUenQ6nS9989IlgyClJz+w+qG3bd3U7vq+QU5LKyvseg+jkcLpUVHxaCfFxyl+5iJATAAAAAAAAAAAA0dm6ts7WKIfT1eX8FVtjt+Nvv3mFrFU1vc4Zida0CI/3z1yUtapW1y3K0dzswe9ZCgCRZhhSTIyhmBhDRoyhwEJZgz/gAAAAAAAAACLI75f8fn/ge5tfbVe/orMnKjqKyqDTkpWhLZvX66VDx/RexUVJ0qq8xbqjh9a1929YM+h7nSgpl63ervyVi5VkHvqemAgvt9ujg28USwr8DphMUbkIGQB6ZBiSKTZGJpMR3BMZAAAAAAAAQPRoX5AgSTJ98BleW5tfPp9fPm8boWeUisqgU5KWL8mVtbImJOi0ZGWE9R51Nru279gjKZDU37H6+rDOj6GLj4/TP/3jpyJdBgAMWIzJUOzVgBMAAAAAAADA6NPenS0uLkY+n19eb5vafCSe0SRqg87OumtlO1RX6j9ohTsc8wMAxp+YGEOxcQScAAAAAAAAwFhiMhkymUyBwNPTprY2As9oENV9QDuu4Nx3oDDsYSThJgAgnOLiY5SQaCLkBAAAAAAAAMYok8lQQqJJcfFRHbGNG1G9onP5klxZMtNlraqVtbJG33z0CVkyM7Qg1zLkua/YGlVcUh58PTV10pDnBACMTyaTobj4mA/6+AMAAAAAAAAY09q3rfK42+SjnW3EGH5/dG+faq2s0X9t3yVn6/CtvrRkpuvbX39w2OYHgJFQXHJ2QOOnTIyXYRjBL0m9HqvjsSRDPYzr8L2vc52P+/O6r/M9Ga4QMjYuRnFx/PUWAAAAAAAAMF55PG3yetoiXca4FPVBpxRoMbtzz0GdeKc87IHnqrzF2rR+jZLMCWGdFwBGGkFn74Yj6IyLj1FsLCEnAAAAAAAAMN55vW3yuAk7R9qoCDoBAH0j6OxduINOQk4AAAAAAAAAHRF2jjw+oQUAYIAIOQEAAAAAAAB0Fhsbo7h4PjccSfy0AQAYgNg4Qk4AAAAAAAAA3YuNjVFsHJ8fjhR+0gAA9JPJZCiO/6QAAAAAAAAA6EVcXIxMpvBupYXu8WktAAD9RNsJAAAAAAAAAP3BZ4kjg58yAAD9EBcfI8Pgr7AAAAAAAAAA9M0wDMLOEcBPGACAPsTEGOzLCQAAAAAAAGBAYmNjFBPD4onhxKe2AAD0gc3DAQAAAAAAAAwGny0OL366AAD0IsZksHE4AAAAAAAAgEExmQzF8PnisCHoBACgF7SsBQAAAAAAADAUfMY4fPjJAgDQA8MQqzkBAAAAAAAADInJZMjgY8ZhQdAJAEAPTPylFQAAAAAAAIAw4LPG4cFPFQCAHrCaEwAAAAAAAEA48Fnj8CDoBACgG4YhxcTwnw8AAAAAAAAAQxcTQ/va4UDQCQBANwg5AQAAAAAAAIQTnzmGH0EnAADd4D8dAAAAAAAAAMKJzxzDj6ATAIBuGPynAwAAAAAAAEAY8Zlj+BF0AgDQDfrlAwAAAAAAAAgnPnMMP4JOAAC6YfC/DgAAAAAAAABhxGeO4UfQCQBAN/g/BwAAAAAAAIBw4jPH8CPoBAAAAAAAAAAAADDqEHQCAAAAAAAAAAAAGHUIOgFgjBhIf3d6wQMAAAAAAAAARjuCTgAYIxLi44ZlLAAAAAAAAAAA0Sg20gWEQ1mFVTv3vCprZU3wXFpqijbff5cW5FgiWBkAjJzkCUlqdbn7PdbrdgxzRQAAAAAAAAAADJ9Rv6LzREm5tm3fFRJySlKdza5t23fpREl5hCoDgJGVOjlZiQnxfY5LTIhX6uTkEagIAAAAAAAAAIDhM+qDzp17DgaPLZnpuufOfFky07t9HwDGusyMtF7DzsSEeGVmpI1gRQAAAAAAAAAADI9R0brW4XTp5dePq6zcKkmyZGXonjvzlWROUJ3NHjiXma5vf/1BSdK6tav0vR89KWtVbfB9h9OlfQcKgys/F+RadPvNK5RkTojAEwHA8IiLi1V21jTZGprU1OKQy+2RFNiTM3lCEis5AQAAAAAAAABjRtQHnQ6nS9seD21NW1ZhVVmFVZvW3xo8t2xJbsh1y5bkylpVK0kqLinX3g4hZ/scJ0rKtfWLGwk7AYw5qZOTCTUBAAAAAAAAAGNaVLeu7S7kbGetrNG27buCrzuHlR1fP7ZjT89zPL5LDqcrjFUDAAAAAAAAAAAAGG5RvaLzpUPHggGlJTNdX9q8QWZzgrZt3xlcrdn+3qq8JSHXrspbooKi0i7jtm7ZJEnBOayVNXrp0DGtW7tqBJ4IAIDIavHYVGEr1AV7sS43l8nmtKrZfUVun0N++SNdHsLIkKF4U5Imxk9Vqtmi6RMXaFbKMuWk5mtCXGqkywMAAAAAAACGzPD7/VH7qeZ/bd+p9youSpJ+8MhDSktNkRRY6VlQVCKH06Ukc4JW5S3ptv1sb+McTpe++q1fSJLm58zUN64GoAAwWjkd3gGNr6mplmEYwS9JvR6r47ECIUq34zp87+tc5+P+vO7rfE8GOt6cFNV/CzRgR6ueVXH1Pr1vOxzpUhAF5qXepGXT7tHKzPsiXQoAAAAAAMC4MtDPcdG7UfMprrlDkJlkTtAdq68Ped/hdOni1dWb5sR4WbIyuh0HAMB48ur5X+rwhR1qctf2PRjjxvu2w3rfdlgvVGzTTbM269bshyNdEgAAAAAAADBgUR10WjIzgis6tz2+S1u/uLHblZvP7D6ol18/3uX88iW5un31Ci3IsYScb9/7s+N9Roqz1a2f/+Y5VV66on/+P5/SnFkzeh3faG/Rf23fKY/Xp29+5QFNnjRxQPerrWvQ/oNFkqS1a/KUnjZ50LUDAEaPt6uf1wsV21TnPB/pUhDFmty1+lv5f+qtyp26K2errp12d6RLAgAAAAAAAPotJtIF9Gbd2lWyZKZLkqyVNSooKul2XEFRabfnT5SUa9v2XdrxzAtyOF0dxpeE7P0Zif05na0uvfBKkXy+tl7HHXrzbVXX1g/6Ps0tTr11okxvnShTc4tz0PP8+g9/0UNf/5H2HSgc9BwAgJHx3OlH9FTJVwg50W91zvN6quQreu70I5EuBQAAAAAAAOi3qA46k8wJuqdDCNkxrOzo/g1rQl6nTUkJBqRSIAjduedgt/Ns2rCm21WiI6G07JzeP3uxx/cv19h0qPDtId1jzqwZ+vmjX9bPH/1yn6tHAQCjW31rpbYfvVdHKp+OdCkYpY5UPq3tR+9VfWtlpEsBAAAAAAAA+hSVrWtPlJRr556DqrPZQ873FEiuylssSdrxzAuSpLp6u9atvUtSoK2ts9WlgqJSWTLTdcfq60Pm2bY90MI2LTVFm9av0fIluWF/np643B698EqR5s6aofj4uJD3/H7p8JF31GBvHrF6AACjV3XL+/qfk//IKk4M2fnG43ri+N/pc9f9WtMmzIt0OQAAAAAAAECPDL/f7490ER2VVViD4WNHlsx0bd2ySUnmhOCenKvyFmvz/XcFxxQUlQbDTkn69tc+K0n63o//ICkQZv7gkYcCe3Ru3ylrVW2X+2zZvH5Yw872PTpr6xo0PT1V5ecq9YUHPqq85QtDxlmravWTX/1JGVMny+3xqsXRGrJHp9vtUVFxmQ6+UazKy1fk9foUHx+nldfN13333KKJE8ySpIbGZv3HfwdW9rRf3/Hclz+/QS8dOqajJ9+T2+3R5EkT9cm7b9aHVyySYUj7DhRq7/6CLs9hTkwI7jHq90unyy/ouedf14XKavn9UnraZK2/a5Xyli2UYQSuOXvhkn7yq/9V1oypeuATt+nPf31dp8ut8vnaND1jih7YcJuumZ8dvEdbm18nS8v1yuFinblwSW63R7GxJi3MtejTn7w9ZL/R9jrb2x0/u++QausaZDLFaOnCOfr0p27X5JTQ/U2drS7teaFAR46fUnOLU7GxJlkyM/SJj92khbmzZBjq97MB0cDp8A5ofE1NtQzDCH5J6vVYHY8lGephXIfvfZ3rfNyf132d78lAx5uTovJvgbpV31qpJ47/HSEnwirNnK2HVvxRUxKzIl0KAAAAAADAmDHQz3HRO9N3v/vd70a6iI62Pb5LzqutZS2Z6bol/zotX5KrTRtuC67E/NkTz0kKhIF19fZgMGnJylBdvT0YYOYtX6i52ZnBc06nS8uX5Gpq6iTlLV+oSclJmps9Q06nS/YmhyTpzIVLumP19cP2fF6vT0eOn5LL7dEnP3azSsvOqbauUddfO19xsSZJks/Xpv99/pAqL13Rfetu1XlrtZytbt18w1IlJsZLkva9+Kae3fua5JcW5lqUPXOanM5WlZVbdbGqViuWzpPJZFKry63DbwX2Nm2/vv2c0+nS2+9WyFZv16L52TInJuhyjU1vv3tGM6alKnNampxOl2JjTXK2uuR0umTJytDiBdmalZWhRfOzNSEpUUXFp/WrJ/ep2dGqhbmzlD0zQ9W1Nr157JRiY2M0b+5MSYHQ9c1jp+R2e3Tk+Cm1tfm1aH622vx+Xaq26Z1TZ7Uw1xIMc986cVq//uPzcjhblTsnSzmzM+XztenM+Ut6971zWnHtfCUmBH4e71VcVFmFVU3NDhUeDazezZ45TfamFp2/WK0LF2u0fOm84M+4tq5R//nYMyo5fVZJSYlaes0cpadO0jnrZR0tLtOCHItSJyf3+9mAaOD19L7nb2ctLS0Enb2Ii4vq7u4hdhR/XpeaT0e6DIwxTm+jrPaTysvcGOlSAAAAAAAAxoyBfo6L3kXdcpX2drWWzHR9++sPdnnfWlkT8rqgqFSSgis7r9gag+9ZMjMkBfbsbOdoDYSoSeaEYKC5bu0qfe9HTwaC007tcodT1oypWrVykQ68dkzHTpbpphuWSpIuVFbrZOkZLV+aq/lzZ+rAq0e7XLv6hqX60PKFmpGRFlxV6HZ79N+/3a33zlzUmQuXtTDX0uv9na0uLVuSowc33qlYk0l+v7TvQIH2HShU0YkyrVg6X8uW5GrZklz9+g9/UZ0tECrfc2d+cA5rVa3lZuNXAAAYp0lEQVSe2X1Qk1Mm6qsPfVLTM1IlBfZBfex3u/XqGye18roFypj6werLxqYWrVu7Snff8WEZhuT1+bTj6Rf01onTOllaodmW6ZKkpdfM1Tf/76eVPXOaYmICD+n3S3949oBeP/KO3jl1Vjd9aEnIM9mbHfrqQ59SzuxMSVJtXYN+/Ms/6UJltaouX1HO7Ex5fT7t2vuqaq40KH/louDzt/8My89VKdsybVDPBgAj7bnTj+h84/FIl4Ex6nzjcT13+hF9cuGjkS4FAAAAAAAA6CJql6ss66F9bHtQ2VFBUam2bd+lbdt36b2Ki5ICQWn7CtC6+g/Cy6TE7vf57Ol+wynGMLTmxuWamjpJB147qsamFnl9Pv315bcUG2vSnbfmyev1qaGx6z6dqVNSlDntg5BTkuLj45Q80SyPxyuHo7XP+ydPNGvtrXnBkM8wpPk5FsXFxaqxqUWtLnefc7x3dRXl8qW5wSBQCgTJt666Tg32ZlVdvhJyzbT0Kbol/9pg7bEmU7BlbXVtfcgcc2ZND4ac7TVOmZwsSapvaOpSz4ql84IhpySlTk5R1oypcra61WhvCdyjpl4V5yo1KWWCPv6RDwefXwr8DBfNz1asyTSoZwOAkfR29fM6Uvl0pMvAGHek8mm9Xf18pMsAAAAAAAAAuoi6FZ3tiksrtG7tqi7n21dpBo7TdcVml7PVpbIKa8i4+TmB1Yx1Nntw1WfalBRZsjLUneLSinCVPiBpqSm6/ebl2rnnVR05dkozpqWp5PRZ3X7Tcs2cka5Ge7PautlGtdXl1sE3inXk2CnVNzbJ4ewaAPclLi5OE5ISQ84lxMeGBH99OWe9LEl68bVjevG1Y92OqaquCwmSJ04wKzY29FevuwDa6/PpreOndfCNE7pis6u5xdlnPe1tb9uZTDGKjwu9V21dg5pbWpUzO1PJEyf0ONdgng0ARtILFdsiXQLGiRcqtunaaXdHugwAAAAAAAAgRNQFnWlTUgJ7albWaNv2XVqQa1GSOUH5KxcryZygJHOCzIkJcra65Gh16RtbNuq/tu+S8+pKz/k5M2XJzAiGpCdK3g/O7Wx1yeF0BVd6SoE2pNt37Am2xO3Y5nak3LDiGhUcfVcvvnZMiYnxmjIpWWtuXK6etpNzuz365f/sU2nZOcXGmpQ1faoyp6dJkt47c3FE2+/6fIFe0pasDM2cMbXbMZnT0gY8r98vPbP7oF4rOKmYGEPT0qdo8YLZiokxdPHSlS4tjAeirc0vfzfhcWfD9WwAEA6vnv+l6pznI10Gxok653m9ev6XujX74UiXAgAAAAAAAARFXdC5acMabd+xR5JUVmENrtR8o6hUW7+4UUnmBC1fmquColLV2ewqq7DqO19/UFfqG7Ugp+uelKvylqigqFTWqlo5nC5989En9O2vPai01ECg+dKhYyGrQTdtWDMCTyn5fD65PR5JgRWOd926Ur99+m9qbGrRpvW3BuvrToO9WRcv1SolOUnf2LIp2FbV75d+9eS+YQk6TabuuxzPzExXUXGZ5lim67P3fSRs93M4W3X2/CXFxcXqS5vXa/GC2cH39rzwxpCCzrTUFCWZE1Vb16Cm5haZE+O7HTdczwYA4XD4wo5Il4Bx5vCFHQSdAAAAAAAAiCpRt0fn8iW52rJ5fZeVldbKGhUUlUiS1t35QUvbfQcKu4ScdTa7Xn79eHD15tYtm2TJTJcUWMH52O8/WMFpycqQOTFBaVNStGXzei0foTakbrdXLR320Vx+7Tx9aNlC5c7J0splC3q9NiE+XnGxXTPqM+erurTwDZcZV1cuXqiskdfnC55fes1cJU9M0vF33lfFuaqQa9xuj06XW4MrIwci1mRSYkLXALK2rlFvnTg94Pk6mpGRqjmzpqvR3qK/vPhmyPN0rHm4ng0Ahupo1bNqctdGuoxRKWfJa/rh7Wf0w5t/p7whzHPvh8/oh7ef0XdX/EP/Llh0IHDfW57S6iHcN5Ka3LU6WvVspMsAAAAAAAAAgqJuRacUCDvbA8cTJeXBFZ7t+1AG9rVcEQwzt23fJUtWhpYvyZW1skZlFVY5nK6QVaBbt2zStu07Za2qDbTFfXyXtn5xY+Bej345Ys/aLtZk0uc//dF+jU1JnqDFC2frtYKT+sF/P61F87PlbHXp7IXLPa68HKql18zVS4eO62Rphf79J3/UrKwM3XbTCmXPnKa71uTpz387rP987BnNzc5UetokNTU79d6Zi4o1mfS1h+9V9sxpA7pfQkKcVlw7T++frdT23+/VNfNmKcYwVFZhldncdT/PgYiPj9O6tat0obJGhUff1an3L2jenCx5vT6dLr8gw4jR1x6+V7OyhufZAGCoiqv3RbqEUWqjVk+5+odR8fnKmyMVnY1sRaNNcfU+rcy8L9JlAAAAAAAAAJKicEVnRw6nS/sOFAZfd9xb8/4Na7Qqb3HwtbWyRnv3F+hESXkwEG0PNHtb2dk+djQxDGnjPbdow103yjAMFRWXqbq2Xn+/aa3md9O+Nxwsmen62sP3am72DF2qrlPh0Xdlq7fLMKSP3LJSX3/4Pl0zLzsYHr535qLmzcnSV76wQbOyBhcErrlxuf5+01olmRN0srRCFeertP6uG7Vq5eK+L+7D3OwZeuSfPqP86xfJ7faoqLhM75w+q+kZaXr4c/doVta0YX02ABisFo9N79sOR7qM0WnORuXGS/JLUoKy0/9NqREuabR533ZYLR5bpMsAAAAAAAAAJEmG3+/3R7qInjyz+6Befv24pEDQtnXLppCwUwqs+Ny3v0DWqg9a+KVNSVGSOSF4zpKVEVzZGVgBujP4XpI5QVu/uFGWrIwReioAGB5Oh3dA42tqqmUYRvBLUq/H6ngsyVAP4zp87+tc5+P+vO7rfE8GOt6cFJVND/R29fN6quQrkS5jWK1edkSr9YT+vfg3YZzVog0fek35yZKtepdaMzYq07Cq+MQtenoQud29Hz6jvAmSs/77+u7xftS56IB+OCNX8hbq+dc+o0MDv2XU+MyS/9a10+6OdBkAAAAAAACj0kA/x0XvovNT3KusVTXB4+5CTim0zW2dza601MDenh0DzY6taju3sW1f2fmlv19P2AkAiHoX7MWRLmHYZSSmK1lh3jM79etakCzJX6qyiv8ne8J6ZU62KGfWRsm2K7z3GuMu2IsJOgEAAAAAABAVorp1bU8cTpdefv249h0oDO7TKSkYckrq0qq2tza2dTa7Hvv9HtXZ7CP/MAAADMDl5rJIlzAq5c3KD7SpbS7Ubqf0SlWhmiQlT96o23q8yqJl836nr68+pR/efkY/vP2MvnvjU7p7Ws9t4lOn/as2f7hYj94WGP/DW17TP85bN6Za5PI7CAAAAAAAgGgR1UHngg77TbaHlA6nS9se36Vndh/U3v0Femb3weB7nQ007Pzej58clXt2AgDGD5vTGukSRqEvKW9yuiSXztd+P3Dq0hOqcEoyrdDS+d0HlwsX/Vb3zbpVGXEJkt8lr8+luIR8rV70W2Wburlg6g+0edE/aOGEFMUaktfnkjfGopxZP9Tm5K5dKUYrfgcBAAAAAAAQLaI66Lxj9fUhIeVXv/ULffVbv5C1siZknLWyRgVFJd3OMZCw0+F0acczLwzjEwEAMDTN7iuRLiHMLMrJWKdl0z/4MsdIipkUcm5ZRv6gV0Wmzr8rEEy6C1V0tv1sofY3lEuSMqd+XTldLvqB7p6eq1hJzvof6WevXKNHXr1GjxT+k4qdFmUkdr4gX/fmblRGjCRPofYXzQ2MP3iLnr5sVerEnleBjjZj73cQAAAAAAAAo1VUB52dg8iOLJnp2rplY/B155WY7e1t62z2foWdaVMCbW+LS8qH8YkAABgat88R6RLCa85P9PmlP9UDiz/4WmKWZF4bcu6Bpb/T/XMGc4N8rZ26WJJkq39CRR3esZ0tVJVfkjlfq2eEXpWTla8MQ5LvuA4df0xV7W849+rp9/bL1vk2qQ8qZ4IkuXTe+hm9EuyGb1Vx6XdU4hxM7dFpzP0OAgAAAAAAYNSKjXQBfWkPIl86dExlFYFWaZbMDK1bu0pJ5g/awBWXVmjd2lXB19t37FFZhVUvHjqmHzzyUHCebdt3ylpVGww7v/T365WWmqKkpETV1bNHJwAAI+rsP+t3LcuV3OFPr5bO/amWaL+ePvO3D0621epCTdfL+zTjIeWYJflLVVZRGPqe8zt6p3GjMienKzfzS9Klx4Jv5SZkBA4cx/VK5zltr6jGvU6p8R3OTU5XiiT5y3X+bOcLCnWqpVbLzF3/cAsAAAAAAADA4EV90CkFws6OIWZHaVNSVFdvl7WyRt/78R+0fEmuTpSUf9De1h86T+ew83s/flJpqZOC49tXdgIAEI3iTUly+VoiXUYYWVVRE7rnY+7sn0pqVPHlvUOe/bbMfCUHZlXeDaeU13mAEfijqdhJd2mD+THtvrryMjk2cN7p7S5d3asmz0+ljkFnYkrgP1U+u5q6uaLY06gHNDaCznhTUqRLAAAAAAAAACRFeeva/ti0YU3w2FpZo737C0L28Oz4vtS1Ha7D6ep1PAAA0WRi/NRIlzB6mP9NSydd7f5gJCjW1M1X+/+EjMVakJMfvLTJG2iJb47N6GbidUqO63Sq1S6vJJlSrgaroZbFTRras0QRfgcBAAAAAAAQLUbFis7eLF+Sqy2b12vn7oMhrWfTpqRo04Y1Wr4kt8s17WHnzj0HdeKdcjlbXbJkpmvThjVakGMZyfIBABiQVLNFdc7zkS5jVMjJuVWZhiT3q/rT658P2Z+zo9RFB/QvM3KVOuUh5alQRZKKHFbdNilXSlqh26TQ9rWptykjvtMkl8plm7NCGUausudICmlfm69rJoyN1ZxS4HcQAAAAAAAAiAajPuiUAmFnd4Fmb5LMCdp8/13afP8wFQUAwDCYPnGB3rcdjnQZw6qmtVZNKh/iLBu1ekogkLPVP9FjyClJtrOFqpqeq8z4fOXNkYrOdjhnWqHVK/9VVUe/r9OSZF6nB+avVWrnSZyPqaJpozKSE5Rt+ZPubrpXz1+RJIuWLf43LTEP8XGiyPSJCyJdAgAAAAAAACBpjASdAACMF7NSlkW6hGF3qPgGHRrqJHM2Kjdekr9UZRWFvY91fkfvNG5U5uQEZaf/q3T2+5LzO9p/OV+fnZEr86R/0ObbPitvm6SYBMX6y1XjylVGQsdJrNp9Zpdylm5URtwKrb7ujFb5XIGWuTEu1bTUKmOMrOocD7+DAAAAAAAAGB1G/R6dAACMJzmp+X0PGvcs2pC+IvDXXM2F2u3s+4pXqgrVJEkT87Xh6urL0+/eqT+cf1U1Hldwj0+P+7gK3/2Cznu7meTK/9OP3vmNTrfY5fUrsAdoW63OX/wX7bA3hu3pIo3fQQAAAAAAAEQLw+/3+yNdBABg6JyO7pKXntXUVMswjOCXpF6P1fFYkqEexnX43te5zsf9ed3X+Z4MdLw5KXqbHvzmxINjvn0totO81Jv0D8ufjHQZAAAAAAAAo9ZAP8dF71jRCQDj1ECDP0SPZdPuiXQJGKf43QMAAAAAAEA0IegEAGCUWZl5n5Ljx8Z+jxg9kuPTtTLzvkiXAQAAAAAAAAQRdAIAMArdNGtzpEvAOMPvHAAAAAAAAKINQScAAKPQrdkPK82cHekyME6kmbN1a/bDkS4DAAAAAAAACEHQCQDAKHVXztZIl4Bxgt81AAAAAAAARCOCTgAARqlrp92tG7IeiHQZGONuyHpA1067O9JlAAAAAAAAAF0QdAIAMIp9cuGjyp60ItJlYIzKnrRCn1z4aKTLAAAAAAAAALpF0AkAwCj3wJKfsV8nwi7NnK0Hlvws0mUAAAAAAAAAPSLoBAAMmCEj0iWggymJWfrcdb8m7ETYpJmz9bnrfq0piVmRLgUAAAAAAADoEUEnAKALw+hfkNnfcRh+0ybM00Mr/kgbWwxZ9qQVemjFHzVtwrxIlwIAAAAAAAD0iqATAIAxYkpilras/JNuyHog0qVglLoh6wFtWfknVnICAAAAAABgVDD8fr8/0kUAAIbO6fAOaHxtbY2kwKrM9pWZ7ccdXwe/dxyjbt7v5ntf5zof9+d1X+d7MtDx5qTYAY2PNm9XP68XKrapznk+0qVgFEgzZ+uunK26dtrdkS4FAAAAAABgTBvo57joHUEnAIwRQw06O4ed7cfB74MIOvsTbhJ0Dq9Xz/9Shy/sUJO7NtKlIAolx6frplmbdWv2w5EuBQAAAAAAYFwg6Awvgk4AGCMIOns3XoPOdkernlVx9T69bzsc6VIQBeal3qRl0+7Rysz7Il0KAAAAAADAuELQGV4EnQAwDtXVNail2SGJoLMnYy3obNfisanCVqgL9mJdbi6TzWlVs/uK3D6H/OK/BGOJIUPxpiRNjJ+qVLNF0ycu0KyUZcpJzdeEuNRIlwcAAAAAADAuEXSGF0EnAIxD1ZevyOVy9xhuEnSO3aATAAAAAAAAQOQQdIZXTKQLAACMLL/fL6/XF+kyujXQMBIAAAAAAAAAMH4RdALAOON2e+T18ldDAAAAAAAAAIDRjaATAMYZt8szoPGssgQAAAAAAAAARCOCTgAYZ9zugQWd4UZwCgAAAAAAAAAIB4JOABhn3J6RDzoJNwEAAAAAAAAA4UbQCQDjSGurS26XO9JlAAAAAAAAAAAwZASdADCOtDpdkS4BAAAAAAAAAICwIOgEgHGktZWgEwAAAAAAAAAwNhB0AsA44XS2DijoZF9NAAAAAAAAAEA0I+gEgHEiHG1rRzr8JGwFAAAAAAAAAPSEoBMAxgGv1yeHs7XPcQSLAAAAAAAAAIDRgqATAMYBR4tDHrcn+LpjoNmvcDPKAlACWQAAAAAAAAAAQScAjHF+v18tLc5hm79z6DiQEJLAEgAAAAAAAAAwWASdADDGNTc71No69P05AQAAAAAAAACIJgSdADCGBVZzOgZ0zWBXWbI6EwAAAAAAAAAwkgg6AWAMa25yyNGPtrUDajcrY8DX9GteglIAAAAAAAAAwAAQdALAGOX1+tTc3BISIPZ0DAAAAAAAAADAaEPQCQBjVFNTs5zO1iHNQRgKAAAAAAAAAIhWBJ0AMAY5na2yNzZHugwAAAAAAAAAAIYNQScAjDF+v1/2xmZ5vd5BzxGOlZzdzcEKUQAAAAAAAABAuBB0AsAY09BgV3NzS4/vD3bPzsGGlISbAAAAAAAAAIDhQNAJAGOIo8UZbFk7kBCzV1EWVBKcAgAAAAAAAAAkgk4AGDM8Ho8a7U3yeDwDum4ogWjn8YSQAAAAAAAAAICRQtAJAGOA3++XzdaolmZHv1rTDjWQDPcengSkAAAAAAAAAICBIugEgDGgvr5R9samsM7ZXfhoqPtAcjiCSsJPAAAAAAAAAEBvCDoBYJRrqG9Uvc0e6TKiGqEpAAAAAAAAAIw9BJ0AMIo1NjbJZmtUW5tvwC1raR0LAAAAAAAAABjNCDoBYJRqbGySra5BPp8vrPN227J2gEFoOOYAAAAAAAAAAKA3BJ0AMAq1h5wejyfkfNhXchJOAgAAAAAAAACiVGykCwAADEy9rUE2W+OIrOQc6vhoWMUZDTUAAAAAAAAAAMKPoBMARgm/36+6unrV19vV5ut5T87h1vle7a8JFAEAAAAAAAAAI4mgEwBGAbfbLZutUQ31dhlG7+FiONrXdntOoy/IJHwFAAAAAAAAgLGLoBMAolxLs0P1DXY1N7X0umXmsAWcwxAWEkACAAAAAAAAAIaKoBMAopTf75fN1qCGers8Hm+P48IRGnY7Ry/z9nbP4djrEwAAAAAAAACAzgg6ASAKORxO1dsaZbc3S+p+JWY42taONqO5dgAAAAAAAABAeBF0AkAU8Xp9amhoVH19ozxurwzD6BBs9nzdYEPNge7P2fm9wYSu/UGgCQAAAAAAAADoC0EnAEQBv9+vhga7GhvtcrS0Supf2DeQQLCvMHSk9ucEAAAAAAAAACAcCDoBIILa2tpktzeryd4su725S+jYeTVnd6Fkb+c6H/fbIAPOcIez6Kq6tiHSJQAAAAAAAACjwrT0yZEuAcOMoBMAIsDt9qi5qUWN9iY5WpySwtPedSCrNgcbOBJURhb/OQMAAAAAAACAAIJOABhBzc0tam5qUUuLQ06nS1Lf+172tpqz8zX90dv1I70/51DrBgAAAAAAAACMXwSdADCM/H6/Wloccjicam5uUUuLMxgcSr2Hhf0xlJCxx/eHWNNQEWgCAAAAAAAAAPqDoBMAwqitrU1OZ6taW12B785WORyt/W4d29/VnJFqW9sb9ucEAAAAAAAAAIwkgk4AGACf16c2v18+r1cer1der08ej0dut0cul1tut1setzfkmr6Cxr5CzJ7CwcEEmINtW9vf+fs7BgAAAAAAAACAofr/BBbjPNa1oc0AAAAASUVORK5CYII=" height="600" width="800"/>]]>
  </system-out>
  <testcase name="VerifyQuickLaunchItems_003" time="9.509" classname="testcases.QuickLaunch_cb"/>
  <system-out>
    <![CDATA[<img src="data:image/png;base64,iVBORw0KGgoAAAANSUhEUgAAB4AAAANOCAYAAADwDxERAAAAAXNSR0IArs4c6QAAIABJREFUeJzsvXuQLcdd5/nNqvPq7tOPe7vv+ynrbVtijMLLYmN5hsUwDBiIdUAsSzi8RDDsHyuzsRMQLCy74Zkhlt2BmAd27AADS3gjCBMemGAwDCN5MMg2NmAkS7Zky5KudK9079W9fbtvvx/nUZX7Rz1OVVZmZWZVVp3T3fl1WHmzT1Xl4/c7n/P7VWWeQyilFFZWVlZWclEftL8DMtgB3V0F9u+Cbt0ENm8Cm9fgr1wBXb8CbNwACACKbAmAkHLdEJ7Oa4/TPnu4rE4BOETh8jQYW24p6I6szp8F5oxUA4K6dIJKlPFA2QlRGlB5adrfVHNxPRxuZjpy7F+2jBRNd/SC0NzpMxTqReyf1wGVUjTDElVsb9Pt5/GmUFnA3yJVxp9aeMOWiQnR8R9dTQhvdD5vjJY5vInrQlXEm0L8Ec4wU2dUs/3Ltl8Lb+rkDzfeMfH5o+t/7IQk6geYP9J3xwTzRz7+cfJHeYaZOqMJ509kf/Zwne6b5k+kQrxhzxgbf6IJrJk3rCr2t0L8EXTLVBmJ5U9x3rD1kvzR8Z9Dxhu2fdXRHmzeMPUq3wH2/s4Bur9jZXW05P7m9fjfd9e3sLWzi15/AABot5qYnZnG8YXZ+BhiHwBbWVlZGVRvC/7KN4HbX4N/63ng1lfh3/oa/9gwcCFAoYCuXKqrH1ATUlVAzZZgIj6+Sic4BRIacwmO4jRVqVLtiUZc0v6F/IkdkKjODJ+X0HDOrqzkJTSC2a1EY02g5LwxXmrzxjB/DPCmFH8mkTd18qf2B6ZMXdCd2viTM9xa+DNR/jdO/oAxSKKe4z/avGFLy58KeMPWNflTyJ/YAYnqaU1CvJMZvuLsGtFE8iZSlbxhS4wMcsB4o8oftQ6yJxhWqfZ1Catj/6r4wwyfxxsOf+rkjSp/jGis/ifgTYY/FVrgENzf0eKNaACHmj9F7F8Pf6ysjpLc37yOwWCIm8ur2O/1ucd02i2cPbmIZrNhHwBbWVlZVSqvB3r9b0Df/BLotS/Av/bFxIvpAIYwsYw0AE4kVLXtQAg7kIrfD2SAK5NCAGw8sNUMgCUrUEsnULJSwd9UZ7OQ6vY3rfYLJEwmEmythCk/gVLlz5FZAVwr7zR5M64dNwX4Y5Q3dfKnVvuXbb8C/ij7H9th1Tp/uHG9gP0tf4pqnPxhBxxVa+YNWxbwt5zZNMOfOlWIN2zdMH90/OcA8Ib1NxFvMs+Pq9BE8CZqr0reCPyHxxvWHRM9Ns4fA/4nml0l1Wp/3fbZN0AF/Cn8eccOIH94wvoY+JOarRz+jN/+ZdtX8JeJy7fS5STyRzSbhTRu/lhZHSC5v3kd127cFj78jdRpt3Dp3Cn7ANjKysqqTvmvfw706l+Avvbn8G+/kH4xGXA7kAQ8/JCLlAn5FAPe7E5gdgCiukQ1B3iihIsNsKsK81UC7kjmp0Mx4akywZEmPJr+U1aa/qfq/SYTLNV8SCkhK5VgiVowzxtl/9Hlz5gTTC5v6uRPznSbv8Es4k3UoTHwR/OBtnGV9L9J4E8kJd6UGr9qi+Pkj6Ysf7K8McYfBX+ZOP5wyipVsr1K+KNyHqe7xvijfEUDflDY39gBFFTdvAHT+zHwRjXeKT8dk8Qb1t/YCTEyYLl03tA5p8vqWrypkz9a46+JNxUuqMmopP11pcSbkvavij/lJeJPEfuXLUONmz9WVodYG//3N3Hn7rrSsSeOL9gHwFZWVlbjEN24DnrlP4O+/KfwX/uc8DiiEV+DE1DyEmzO4dol9zeBCwTU8ThhIP5LNcBG1JWG9hAG2CYTKJkMJ1SqvS9jf90yErdudPyiFk0k1IoJk6w+iTeQFXijeHqhhHp8K5TZBmvgj3DgiQmqmzd18qeA/SvnTeHxK7WYLsfOH5PjL6ADwJ9I5vkj4M1E88ewxsSfMp8/k8MfVd6wdYn9jfhXJIn/1M0bzfaN84YtFfwtUm38ybRQB29Y/4tkmD9HgDe5/pN4Qfh2V5Yh3tTJn4rtL5XK20P9cDO8qZM/qQ6J+FMBd6T+l5igA8QfWW8nmT+1vN+srA6Qrv8fz0h3/0bqtFv2AbCVlZXVWNXfgf+tP4b/0h/Bf/nPcgMcrYfB0TmpfzEhFfcGonpCVfw3gUMZXhE4iQFtYrbVAtoJSijT7aumdCYSKpn/sQMQ1fXGX+WCCW6pMnxmdkX1QqrU/xT8pSR/ipfR+GvmDVtWwBtV/gg7WKfq5o0Kf3T85xDyRst/dFUpb1hNEm9YfwNjkGLj1+ZPAftXzps6+aPVfk28sfGOUrxjRBPBnxp5w/qH4QUaRvhTcnSRCvOnTmm1b4A/lfNG4j8q3VO4+jh4Y8Q9auUNK/YNVid/QknjnWr4o2P/SvkzVvtL2s20r0rUSeKPlZVVpCv/619D9ZEuIcQ+ALaysrKaCA324L/4adAXP838TnBW0YNg7g0cQYAr+kbp0glWeGE2nsssCK9CRgPsAgFw4QBXMYGS1TXHL02YdEsDCZbq7HM1UQkWO2D2DWD0nYd8/4sOM5swZfzHgP3L+p+IN3WYvx7esHWJ/Y3MLDtAgQryJu/00vzRvA47u7myvJG/4XX8R3G4cT1sJrc75kedzxsBfyqRUf8zxJs6+aM5fuP8URi+Ud6wOhD8qfAdqB3v1MCf6kab9Ze6ecPKqL8p8EbF/lXyRoU/OSrNnwp5o2S+ieINW7JvgEnkTUn+8HhTJ394vKmTP0b9T/UdoWL/svxhByioa46/NG/Y8qjzx8rqAOnVn/+y1vH2AbCVlZXVBIluvAn/65+C/8Lvg66+mpvwBDtwR3VZxEQKJzxswBv3NuyHqcErDKNKCaaDTbh0uls24BYlXPLpmKSERzEBmjD7l21fOyErkGAZTcBSF8jyRuo/ZcvSK4RLaswJ5iTwxtwOiYPAm6idnNOr1CTypk7+5F5AxJ+KeaP1QLskfwzbX7t5Hm84/DHOnag8tPyJZzi/fsD5o80bthwjf+QdHCd/EhNkkjda48d4+KPZPdP8iaQ/fJnHKdrfyMjYGRTU6+YNq5LtF+bPRPCGbVDEG7ZeBW9Y/xPNaEmNmTei6aiNPzlv9+ru7yTqY8+3FE63srIqJPsA2MrKyuow6I0vwnvuk/Bf+LT00PgBrGKAxR4OSV2ldBTjS9WEqVAAzEuoMgmW0ZA+XfJu4LA3+KpUzQF2xl94CZXhBDvXf3gJlXD8qh5YxP5lEyrRDEs07oRKs/0yvFFNsLX8J6eelSJ/auENWyYmRMd/dDUhvKnyhp7M30S8ke+QqIg3hfgjnGGmzqhm+5dtvxbe1Mkfbrxj4vNH1//YCUnUDzB/pO+OCeaPfPzj5I/yDDN1RhPOH9EDBZ3um+ZPpEK8Yc8YG3+iCayZN6wq9rdC/BF0y1QZieVPcd6w9ZL80fGfQ8Ybtn3V0R5s3jD1Kt8BVd3fkScLgWr2PxFvcj/+FbtZljf68Y6V1eGWfQBsZWVldVg02IP/7G/De/a3Qe++Lj2cEOkhyaNBDAfU2r8JXPIBRukEp0BCYy7BUZymKlWqPdGIS9q/UKrADkhUZ4bPS2g4Z1dW8hIawexWorEmUONM4FV5Y5g/BnhTij+TyJs6+VP7A1OmLuhObfzJGW4t/Jko/xsnf8AYJFHP8R9t3rCl5U8FvGHrmvwp5E/sgET1tCYh3skMX3F2jWgieROpSt6wJUYGOWC8UeWPWgfZEwyrVPu6hNWxf1X8YYbP4w2HP3XyRpU/RjRW/xPwJsOfCi1wCO7vaPGGldOCPz0POrMEzBwD7cwD7RnQ5gzQbAFuczQi6oEMB4DXBxnugQz2QPq7IP1tkN4WiDeQtZZVLfwpYv96+GOlKxrYhPqgngf4Q2A4ALwB6KAHDHrj7qBVjuwDYCsrK6tDJv+1/wL6ld+Ad+Wz6fBHEFcBegEuJK8LA2DOAYT9seEqVWmCpRAAGw9sNQNgyQrU0gmUrFRIqFRns5BqTah12y+QMJlIsLUSppIJuIGEuihvxrICuFLesNLkzbh23BTgj1He1MmfWu1ftv0K+KPsf2yHVev84cb1Ava3/CmqcfKHHXBUrZk3bFnA33Jm0wx/6lQh3rB1w/zR8Z8DwBvW30S8Ud00VkoTwZuovSp5I/AfHm9Yd0z02Dh/DPifaHaVVKv9ddtn3wAV8Kfw5x07gPzhCetj4E9qtnL4M377l21fwV8K2N+fWQKdPwM6dxZ0/iRoez40anH+kMEenP0NOHvrIPtrcHbXJ5Y/otkspHHzx4oRBe3vA/090N6ufSA8YbIPgK2srKwOo+6+guHf/D/wnv2dMMiTJzi6O3KJoYSHkHRdWTUHeKKEi03wTSZYugF3JPPToZjwVDLSSPyEJzUhOv5TVpr+J03gOZcrm2BpJfA5dbUO5o1ezh9pafwGi6xucvzlxeVNnfzJmW7zN5hFvIk6NAb+aD7QNq6S/jcJ/ImkxJtS41dtcZz80ZTlT5Y3xvij4C8Txx9OWaVKtlcJf1TO43TXGH+Ur2jADwr7GzuAgqqbN2B6PwbeqMY75adjknjD+hs7IUYGLJfOGzrndFldizd18kdr/DXxpsIFNRmVtL+ulHhT0v4EgN+eBT12Af7iZdBjF8KdvTkdKjV+CmdnJf4/6W8LjhPxp4j9y5ZR18fMHyujosM+sL8Nur8d7BS2GqvsA2ArKyurw6rhPrwv/2t4X/5XwHA/G3pz4n3HSddlCRO7gbdogu04agF1JCPxX6qBKKBlW6gjwWYDaraDonpJGU6oVHvPs38tK5TZutHxKyTglSVUkST1SbyBzE6PuPfl/UFh+mvnTZ38EQ48MUF186ZO/hSwf+W8KTx+pRbT5dj5Y3L8BXQA+BPJPH8EvJlo/hjWmPhT5vNncvijyhu2LrG/Ef+KJPGfunmj2b5x3rClgr9Fqo0/mRbq4A3rf5EM8+cI8CbXfxIvCN/uyjLEmzr5U7H9pVJ5e6gfboY3dfIn1SERfyrgjsD//Jkl+CfuA128F7R7rHb+kP4O3J07cLZuw9m7qz2hst5OMn/G8nlvJRTt7YDubgK93XF35cjKPgC2srKyOuTyvvJv4X35X4NuvaUcXhLCCam4NxCZncAlQjjxDuRQhlcETmJAm5httYB2ghLKdPuqKV3xhEo9oWcHIKrrjT9qdpISanZ2RfVCqtT/FPxFwB/zN3RU+aM3Qm3esGUFvFHlj7CDdapu3qjwR8d/DiFvtPxHV5XyhtUk8Yb1NzAGKTZ+bf4UsH/lvKmTP1rt18QbG+8oxTtGNBH8qZE3rH8YXqBhhD8lRxepMH/qlFb7BvhTOW8k/qPSPYWrj4M3RtyjVt6wYt9gdfInlDTeqYY/OvYvMjp/ehH+qQfgn3oQaHflHaza/l4f7tZbcDZvwtlbL9i+KlEniT9Wkyba3wN21oOviLaqVfYBsJWVldURkPfcJ+F98V8Am9cBxQAXRD18U9oJnPgDG88l+1GZjAbYBQLgwgGuYgIlq2uOX5ow6ZYGEizV2eeqrgRLqX12wJH9I5lMsGX+Fx1mNmHK+I8B+5f1vwx/QtVh/np4w9Yl9jcys+wABSrIm7zTS/NH8zrs7ObK8kb+htfxH8XhxvWwmdzumB91Pm8E/KlERv3PEG/q5I/m+I3zR2H4RnnD6kDwp8J3oHa8UwN/qhtt1l/q5g0ro/6mwBsV+1fJGxX+5Kg0fyrkjZL5Joo3bMm+ASaRNyX5w+NNnfzh8aZO/hj1P9V3hNj+tDEVPPg9/Q7Q7vES/EkOEIm/KfAmZ/xksAN34ybczRsggz193rDlUeePVWHR3g7o1l1g2B93V46M7ANgKysrqyMi/2u/h8HnfwXYeAMAAVEM7YQ7czkRHjFwg1f5IfC4Az7BdLAJl053ywbcooRLPh3lE55Jv8FrXIbbl71blBIuxW4ZScBSF2AzfAX/KVuWXiFcUmNOMCeBN+Z2SBwE3kTt5JxepSaRN3XyJ/cCIv5UzButeKckfwzbX7t5Hm84/DHOnag8tPyJZzi/fsD5o80bthwjf+QdHCd/EhNkkjda48d4+KPZPdP8iaQ/fJnHKdrfyMjYGRTU6+YNq5LtF+bPRPCGbVDEG7ZeBW9Y/xPNaEmNmTei6VDhD104D+/8t4Eu3qPV5ND3sdb3sE5dbKKNHXcKe24HfbeNAWmBEgIHDlx/iLa/j85wH11vB3PoYZ4McazpoOk4nCuLPc7ZXYG7/iacrVvp18eebymcbnWoRLfvgm6vjbsbR0L2AbCVlZXVEZL33CfhP/3LoDvLcSAl/OZllvZEPV0smlBHpeg3gcFcX1TPinMGL6HKJFhGbh3wS94NHPYGX5WqOcDO+AsvoTKcYOf6T+IFobnTZyjUSybYJhMomcadUGm2Lxpt4bKAv0WqjD+18IYtExOi4z+6mhDeVHlDT+ZvIt7Id0hUxJtC/BHOMFNnVLP9y7ZfC2/q5A833jHx+aPrf+yEJOoHmD/Sd8cE80c+/nHyR3mGmTqjCeeP6IGCTvdN8ydSId6wZ4yNP9EE1swbVhX7WyH+CLplqozE8qc4b9h6Sf7o+M8h4w3bvupoDzZvmLphj6eNDvzTD8E79y6gPZPlDef+zs5giJtDF28581hpLwEkOCyr4KYYIQ3Q6GQ6ulAwJIKl/ds47a3hbMPDTKuhZH/i9eGuX4O7dg3EG+TOtEgi3uR+/BuZdTlv9OMdq3GJDvZBN1eAQW/cXTnUsg+AraysrI6YvK/8Wwz/8p8B/Z3U3/NT4VHERgBpQE0MhHSZncclH2CUTnAKJDTmEhzFaatSpdoTjVijrPyBqcR/eAkN5+zKSl5CI5jdSjTWBKqeBL4cbwzzxwBvSvFnEnlTJ39qf2DK1AXdqY0/OcOthT8T5X/j5A8YgyTqOf6jzRu2tPypgDdsXZM/hfyJHZContYkxDuZ4SvOrhFNJG8iVckbtsTIIAeMN6r8Uesge4JhlWpfl7A69q+KP8zwebzh8KdO3qjyx4jG6n8C3mT4U6EFDvj9HX9qAf75d8E/+w6lGb++5+Gacxy326cR7MIAAB+E//Q3FiFusoaUY1CS8tOT+2/hkn8X5zu8XcFZOZs30Fi9CtLfrIg/RexfD3+sJkt08w7o7ua4u3FoZR8AW1lZWR1BeV/4vzD8/K9wA1xAHlY5RD3siq9XIMGRxMJ6qjTBUgiAjQe2mgGwYAVq/HL6aP0ESlYqJFSqs1lItSbUuu0XSJhMJNhaCVPJBFwzoS5SpmYv8cJYVgBXyhtWmrwZ146bAvwxyps6+VOr/cu2XwF/lP2P7bBqnT/cuF7A/pY/RTVO/rADjqo184YtC/hbzmya4U+dKsQbtm6YPzr+cwB4w/qbiDeZ58dVaCJ4E7VXJW8E/sPjDeuOiR4b548B/xPNrpJqtb9u++wboAL+FP68YweQPzxhfQz8Sc1WDn/Gb/+y7ef7iz97Gv6ld8NfvCy1/7U9Hy83z2C7OcdthoAgfiBMaei+wfnBa054aPAjbg4BRo9mHIACfuQYFKDUR3ewifv7N3F5SuxfkZzdFTTuvgays1o5f0SzW0jj5o+VcdGdddCt1XF341DKPgC2srKyOoKi/R0M//yX4D/7/4IXKans4CWQR3z868S9kNQDCR8C1xzgiRIuNsE3mWDpBtyRzE8HJ2Sv+waL9IZLfgJtXJr+p+r9JhMsrQQ+p67WwbzRi1rQKI3fYFHjj5nxlxeXN3XyJ2e6zd9gFvEm6tAY+KP5QNu4SvrfJPAnkhJvSo1ftcVx8kdTlj9Z3hjjj4K/TBx/OGWVKtleJfxROY/TXWP8Ub6iAT8o7G/sAAqqbt6A6f0YeKMa75SfjkniDetv7IQYGbBcOm/onNNldS3e1MkfrfHXxJsKF9RkVNL+ulLiDcf+3vxZ+G97D+jc6dzr39r38M3GGWy0j4P3KCV6yOv5Plx31BNKKRzHgT8YotlsgsIB9X0AgOO4AGh8PUqD82h804zC92l4D41gvreKh72bON1O7iIG2AklvU007rwKZ2e5gP3LlowBxsUfq4kQ3d8CXV8edzcOnewDYCsrK6sjKnr3CrzP/jy8Vz4L4oAb8Ca/OIYXrqnuBFZOsCTtgLleuQlINsRk9NXeWoAwozCZQMlkOKHSTrgNJNSlEm6j41dIwAsn1IoJk6w+iTeQ2ekR9768PyhMv6r/lB8/22AN/BEOPDFBdfOmTv4UsH/lvCk8fqUW0+XY+WNy/AV0APgTyTx/BLyZaP4Y1pj4U+bzZ3L4o8obti6xvxH/iiTxn7p5o9m+cd6wpYK/RaqNP5kW6uAN63+RDPPnCPAm138SLwjf7soyxJs6+VOx/aVSeXuoH26GN3XyJ9UhEX/KjdSfvwDv3veAzp4UTDDBYOjhxcE0rk1fRvh8NnhgG703Et2lFCBOtLkCIOGrhBAQP7isAwe+7wEAHOKAUgqf+qAAXMcN6iR9526E2uAfl3av4p3NHTQd9kHwSE5vE43VV+Fs3U5NJzu93OkGJoo/Y/m8tzIm2tsBXbs17m4cKtkHwFZWVlZHWN6rT2H41M+B3n0dJBnNJSImEv2XewMxKImTH1CX+03gqEdRe0A6wkShAG8SA9rRWBUD2glKKNPtq6Z0GmXhhJ4dgKiuN37egolc/ylbqgyfmV1RvZAq9T8Ff8nhz9h2YGlImzdsWQFvVPkj7GCdqps3KvzR8Z9DyBst/9FVpbxhNUm8Yf0NjEGKjV+bPwXsXzlv6uSPVvs18cbGO0rxjhFNBH9q5A3rH4YXaBjhT8nRRSrMnzql1b4B/lTOG4n/qHRP4erj4I0R96iVN6zYN1id/AkljXeq4Y+O/ZPHe3Nn4N/3OOjsCWGbd3oenm9dxl6jCwqMHgCHr6dGQwkcN3yA64UPeF0XDiG4s7KCtZVVDAYDNF0H3dkuTiwtodOZAvUAj3pw3QYGgwFc14EXPwCm4LdIMT3cwbf1XsfJtvj3gUlvC40734Kzc4fxP1WiThJ/rA6y7ENgs7IPgK2srKyOuIZ//XF4f/5LowSLZMMsB/Iwjnde6vXEH9h4LrMgXCBSJp4zmmAVCIALB7iKCZSsrjn+cSTYqt0rlICPNcFm2xMk3LEqSLSFEx8dZjZhyviPAfuX9T8Rb+owfz28YesS+5u8gSNLuAvyJu/00vzRvA47u7myvJG/4XX8R3G4cT1sJrc75kedzxsBfyqRUf8zxJsJ3oFlnD8KwzfKG1YHgj8VvgO1450a+FPdaLP+UjdvWBn1NwXeqNi/St6o8CdHpflTIW+UzDdRvGFL9g0wibwpyR8eb+rkD483dfLHqP/lvwP8mRPw7nsf6MI5ZCY8LF/fpXih+/Coewwa4rmJrk8Joq97HnpD7Ozs4Pr163j22WexvLyMfq8PAsBxgDOnT+P8uXPodmdx+vRZnDyxhM5UB5SSoB2SaAdEcN8s6Pc7t76Jt3XEk0P27qJ552WQvTXLH6uxyn4dtDnZB8BWVlZWR12DPQz+0/8M7+u/jyhSIoQfQaV28nIivHgnsOAGLwE3EtVSHMyOO+AT5H9swiU43EjCJbq/of+ASzUEV0l4OR2q4obLhNm/bPuqtwdyEy7FbhlJwFIXYDN8Bf+p4oaLjv+U1ZgTzEngjbkdEgeBN1E7OadXqUnkTZ38yb2AiD8V80brgXZJ/hi2v3bzPN5w+GOcO1F5aPkTz3B+/YDzR5s3bDlG/sg7OE7+JCbIJG+0xo/x8Eeze6b5E0l/+DKPU7S/kZGxMyio180bViXbL8yfieAN26CIN2y9Ct6w/iea0ZIaM2+E09GcgXf/4/CX7hWe+o39Bl7p3hveR4uU2GkbXjO4H0YAP7jnRj2Kt966heeffx5vvvkGVu6uwvN9dDodbG9vo9Vq4cTSIi5fPI9Wo4HrN65jc3MN586ewbc9+igu3HMZcBpwnSZ86oM4LnxK4ZCgjHyG+YZo3Lf9Kt7e7if+mJ5oZ3sZjdvfBBnu1cefcdvfaiJFd9ZBt1bH3Y0DL/sA2MrKysoK9I0vYvCZ/wl0/WoqwCKceIwwdfb1ILDND/ekiZUgwYqk/5vAnASJl1BlEqwKbynwbuCwN/iqVM0BdsZfIv/KyzcVu1ko4Wb8nGvu9BkK9ZIJttEbOBKNO6HSbF802sJlAX+LJKtnpcifWnjDlokJ0fEfXU0Ib6q8oSfzNxFv5DskKuJNIf4IZ5ipM6rZ/mXbr4U3dfKHG++Y+PzR9T92QhL1A8wf6btjgvkjH/84+aM8w0yd0YTzR/RAU6f7pvkTqRBv2DPGxp9oAmvmDauK/a0QfwTdMlVGYvlTnDdsvSR/dPznkPGGbV91tAebN0xd14+IA++e98C78C7hcV/fb+Hq7NuCOUsE9RSNoGfJwylFw3UxHA6xtrqGrz7zLP7uK38Hz6OYme1i6HkAIegP+vDgodNqYXqqg1NLx+G6BHdu34LvD3D+zCm4DsG5S5fxtvsfQrszhXarA48ClBCAOKA+ggfSxA975COpe3ZexyPNPkRqrF9F4/Y3ha+LeJP78a83+4V5ox/vWE2y6OYd0N3NcXfjQMs+ALaysrKyAgAMv/gvMPzLX878PXgInI7YiCSgFu0gjl83kMBxfxM4JyErneAUSGjMJTiK01SlSrU3zgSeLdkBierM8HkJDefsykpeQiOY3Uo01gTKUAJf1t9K7LjR5o8B3pTizyTypk7+1P7AlKkLulMbf3KGWwt/Jsr/xskfMAZJ1HP8R5s3bGn5UwFv2Lomfwr5EzsgUT2tSYh3MsNXnF0jmkjeRKqSN2yJkUEOGG9U+aPWQfYEwyrVvi5hdexfFX+Y4fN4w+FPnbxR5Y8RjdX/BLzJ8KdCC2jzJ606+OOffju8B79b2IcXem281r0XhGSNReEGMx2+RChAKQWlFC998yV87rN/jtU7KwCA7swc+sMBiOtg4A3heT6cdgNz3S6oNwAd9jFV7wIqAAAgAElEQVQ91QKhwHSng8vnTqPX38fG9h480sDxE8fw0MNvx5mz5wG3AVDAcZrwfQ/EoeE9PZqZpXu2r+CdeQ+Bb38D7to1zisFeDNh/LE6WPJXrwOD3ri7cWBlHwBbWVlZWQEA6NZNDP7oH8O/9sVMGBXtuM38HTlhVyLWSsXvYUl4J2qK6MRzlSZYCgGw8cBWMwDOJFTpEZROoGQlb/jgd0dWL6RaE2rd9gskTCYSbK2EqWQCrmD/smVq9hIvjGUFcKW8YaXJm3HtuCnAH6O8qZM/tdq/bPsV8EfZ/9gOq9b5w43rBexv+VNU4+QPO+CoWjNv2LKAv+XMphn+1KlCvGHrhvmj4z8HgDesv4l4k3l+XIUmgjdRe1XyRuA/PN6w7pjosXH+GPA/0ewqqVb767bPvgEq4E/hzzt2APnDE9bHwJ/UbOXwZ/z2L9s+gT+zCO/h7wWdOc65IMHL+w5e6j6I9Nc+j+SDwgkt5lAAlGI4GODlV76FP/vTP8Puzi5mpmfQajaxs7+Hze0tTE9NY+gNMfA8+NTB1NQMBv0BCPXQnWphZmoaly5egD/oYXtzAwP4GIJie3sX+/0+3vf4+/Gudz2GVqcDSgHHcRE8xgl2FlPqgxBn5CQAHtz6Fh5oedwxOP1tuLdegLu3ZoQ/o9kz4B7j5o9VraKDfdDVG+PuxoGV7gNg92Mf+9jHKuqLlZWVldUYRdqzoN4A3it/BjZyoiDhqsZ0wkMJAcmJ+Pg7fSOxvwmcnwBlFAZ0JPpPxQGeKOFiE/yqbjOoBNyRzE8HJ2Sv+waL9IaLpv+UlWaCIU3gOZcrm2BpJfA5dbUO5o1e1IJGafwGi6xucvzlxeVNnfzJmW7zN5hFvIk6NAb+aD7QNq6S/jcJ/ImkxJtS41dtcZz80ZTlT5Y3xvij4C8Txx9OWaVKtlcJf1TO43TXGH+Ur2jADwr7GzuAgqqbN2B6PwbeqMY75adjknjD+hs7IUYGLJfOGzrndFldizd18kdr/DXxpsIFNRmVtL+ucnnjEHiXvxP0+EVu+9d7FC90H44f/hJCMv8HARxCQGhQ+sMhnn/+eXzuc5/DcDDA8WOLmJqawvr6Ora2tjE7N4fp6Wk0XBdwHLiNJpqNJjzPR2+/j+FgCNdpYHpqGrMzXezv72F3bw+AC+IQ9Hs9LN+5g52dXZw5cwaNZgsgwZjC7oA4TsgzFyT832r7BKb3bmPORWbCqdsGADjbyxXyhzHAuPhjNdEibvCV6ujvj7cjB1R3v+untI63O4CtrKysDrMGexj84UfgXXkyCAwTL8XhGcmGbbKdwHkJVjKhLpxAaeQVmQElE+xMC3Uk2GxCxXZQVC8pwwmVdsJtIKEulXAbHb9CAl44oVZMmGT1SbyBzE6PuPfl/UFh+lX9p/z42QZr4I9w4IkJqps3dfKngP0r503h8Su1mC7Hzh+T4y+gA8CfSOb5I+DNRPPHsMbEnzKfP5PDH1XesHWJ/Y34VySJ/9TNG832jfOGLRX8LVJt/Mm0UAdvWP+LZJg/R4A3uf6TeEH4dleWId7UyZ+K7S+VyttD/XAzvKmTP6kOifijNiLv5IPwHv4A9/XN/hBPTz8KwAnvQ/F6DwAeHMeBAwLfG+JbL72EP/6jP4LvU1y6dBGO6+KVl15Fvz/AscVjOLZ0HPNzc9jf7+H6zRuYnz+GW8sr2Nnex2DQR5O4mJudwaULZzE7PYV+fxerd9ews7cHxwF2e/tw3SbcZgsPPPQQvvsf/DeYnp4Ovs4PwRy4joOhF/QrzUMPj28/j9lGgzu1zVtfh7Nx/cDwZyyf91a1yF95ExiKv7bcii+7A9jKysrKaiS3CfhDeN/6E2RCqpwVyfFOYFGmkRO6EdUEK2dFICkQ4EnSt7EEtInZVgtoJyihTLdfIGE3dkNHMUHP1PXGn1ohPCEJNTu7onohVep/Cv6Sw5+x7cDSkDZv2LIC3qjyR9jBOlU3b1T4o+M/h5A3Wv6jq0p5w2qSeMP6GxiDFBu/Nn8K2L9y3tTJH632a+KNjXeU4h0jmgj+1Mgb1j8ML9Awwp+So4tUmD91Sqt9A/ypnDcS/1HpnsLVx8EbI+5RK29YsW+wOvkTShrvVMMfmf39Rgf0be8Bbc9xr/t3OIm9xiyAcKcv+P8nwY/+gvo+NtfX8NxXv4o7y8sgBLj/vnvx4gsvYm9/gIWFRXRnp+G4Dezt72NnZwdb29vo94bY2t7G0PMBAATBb/mur6/B84dYWJjHYDhAq9lEo9nAVKeDU6fPYOnECezt7WNnewfzc/OYnp4GIS4cx4HvUzgOyc4tATY94ALZ4U+m04Szcwfwh6MTJp4/VodSbgPY3x53Lw6cdHcA85eCWFlZWVkdGrlv/xE0Xvg0hq99DkAQRjlA8JAXAE0kCST1dxLuBI6++HlUBiKILhDEcySM+0jwG8M0cVyqjKqEeZmtSwbGxI3sN1oTJsHK9IYky+grsTn18L/Rg+24DAPZ3DLRIfbBePwV3Jky6qAkANZMMDNXG5kvv4wvx3wBeGx3xPbPlOD7T+Rf0YTn1kUOkelgpsP5Yi7LNkdI7uGM2SK7M/X4eI7/ELVS6D/CxCo6TJIwiaZXNN3Mn+T5HfuF8Uw9wR+WO6lS5D8JR435E881wynegHR5w0ibN6lSlTea/OEcJ/KfLHc0E25d3rB1Xd4I+aPIG1X+iCx3RHgj9B/lGzqRmLoh3uTeX0KOv1TBGwF/uOURj3eEvFHlj6F4J/N2VuUPjzc6/MmJd1Kl8A1xEPjD8RtD8Y6YO9FhY+APkOOOIv4o8ibRMSF/dAYk4o+qFHnD1qX8Cf8r9BtJvCPyl/LxjgJ/FKYrrov4w7lsmjcwzptUvTBvJP4jcUsRb+J6rtkmMb9ieRN1WDIfAoniHWX+jC3eiaoC3qjyR/J5XzTeoacegL9wHuk3cHDhV/Zd3J09Fc6AA0Lc8HU/2z9CQEAw6O3htdeuAKDwPQ9vf/hhrN1dhecN0e12sb6+iX5/gP5wAEopfOpjd28PFJvBe5A4oMQHHALi+Gi1mvCoh529bczPz2JnawdwWmg0Gtjf3cX29i5WV1cx7A2ws72D977vu3Ds2CIG3hCUUriOC4Ai/dvFFGvTp/Hqxhru4/wesD99HP78WTTuXj1A/MmaxOrgi7RngPY0aG933F051LIPgK2srKwOuxpTcB74R8Brfx7eVKDww4QnqlMQwKcIn9wGwRml8MNEK6pHNyWCHIzGSWC8mjYsfSrNb7JKBHZxKiUL+Kik1Gk8lWBQJuEK64kGgj9LSmiUNJjT9P30oF9xHaOkN1HllOyERXZm64kyaWdRyZ5HJSWvnbhno4SZJqs00f3a7C9oT7l9mqmnbweM7MzW+fYf+Vuu3wj9LznH2e5zh5MaLxmNKXFGxn8K2V9Qqvgb6z8sfxizaEnF3rxzCjXIniDiTeJ1KNi/MG8E/JH5j3D8+byByN5K9s/hj8RfUvXEDT3LG0X+KH/eKfAnd/wkHlPijNjOqIo3XP8T8UbMHyWVsr+g1GicyxtOvFPM/hXxJxxn/PlWN3+UPu8EvEm8Q1n+1G9/QXsa/AndJF3P4w1bGuUPmOvn80c+fkX+6PBGmT/R5Rl/KcsbrfHzJizxt9Lti3kTvw7D8Q5bqvCGHaiEN2xdmz+FeCOOdzL+k+IP9O1tzP5l2y8Q74Bn96p5kxgUhy+ZeqzIztG5BvhTOt4ZDecgxjugAG1NwT/5UFwftU+xPfDw0uzbYx8iTnCPzPEB6gQH+3BAAbjwAN/DxsYGPvvkk1iYm8ONN6+i2XQxGPSxtraG+bkF3FlZh+8Du7s72NjZASUE1Kfozs6g3Whjf9gDdQEKDy6lgAv48NDpToE6Lq7fvAWvP0BvfwCfDuE4LjwA2zt7uL2yhu5sFzt7e/iBH/wBTE/PwKcUxHVAfR/Rg9bAjMHnykvzD+P05nPoNhsZA3jd03A23gIZ7lfDn0RzY8m3rA6OZhYA+wC4UtkHwFZWVlZHQM793w/nmd8BvfNNjIKyYIdvXA+DxGjlYGYncLxiNIrXwp2+UT2RSEelw9RF8V7QzqhCRt3KlqMz0nVeQpVJsHIyEGapMbtDV7RiOLtCPTqNrfOHE5eEX4Kt86YDvGGRbJ17BUHDkg5FKz3jergyNGpXvGJ05D/c7srKxDCTI0maV2ju9BnpespAWX/IbLliS+YNoLpDIbtiPZru6HWutbIlr7vMiPPqQoeUXiEseQbL6XHGf5RXqAv8h8OfHGtJ+ZO/wUGRP9IeJPyhMG/YMrqMxH9U3+7MeXFdOqx6eCPfkSfiDbtDQs4b1t9EvMncz8uoIt4o8EfKG1X+CLqrzB8p0ArwJoc/yrzJ8EfEG3aHhCZ/RLxR5Q833mHKIryR7AhXj3cONn8i++vzB6N6qlv18ScuhSrPHy5vOPzJ+k80zePlj/jCcQfzT5AYLrK/Pn8Y/4CIPzncEfAnOZI8/mQnjHOFqvgj4g3rP7q8YUtN3mSkzBu2LuGPyF9U+IMcf8nwR5M3zEi0eaOab6nGy7rxTux30XSPmzeEXxddwVC8w36+qcc7k8gbpp7nN4TCP3Ef6NzJuJ4sX6Fz4eEOCAke7TugcAiFDx8ULqjjwPMpXH8If7iPz3/uv+DN11/D6W9/F/o721hcmIdLKBbm5nHt2k3s7e7Bp8CQAh4hcNsdwPOxs7uHHhli1++DtAjaLYKZZhvdmRns7u7ijeu34A8B4lEQH4A3hAMPvj+ERxwMfAqPNLG7P8Rzz7+Id7zjUTz00AMgrgPP9+PfBSbh+8QnJJ7DV51j+HvYykw8nToGOnsKzvobfP85UPd3rA6ySGsKtD1tHwJXKPsA2MrKyuoIiMyfh3PfBzC8843oLwCl8OP4N6hTAlAfINFO4DCyEpU+DRJ30YpBnwaJF3fFYCJzoKlMIgwGEyvgsxKsAI6CQHalLm/FOA2SPq0VwUwZRZ1xPbzrP9qhQpE4jB2CPM/VFZWUsvaVFdmRqevs0FJZAS8pR8kuEu1G0z6qZ8cm2oGQeB1y+5faoZBw0MjfRv6UGJOO8uzNO9Z0AqXc/og3SPJH0/5aO0I5/pbkDRK8Gc19Sf4Y5k2GPzFvBPxJGmISeaPZfpY34d+L8qYQf+S8Gb2XE/6TGq+IP6MJLMSbPP5w/E36DRMyo9Rs/7LtZ3gTf1wV5I/ODonYzxK80eCPEm807W+OPziY/FG8vDjeCY+rKd5R5Q9vbLXEO8r+l8+b2vhTVnnt5/BmFO9EhxuKd5JlyXiHyxu2TiN34ti/At5kdlzWzRtWuv6m3L6AN2yd5U8l8c6ozPiLLm84/Clm/7Kfd/n8Eaosb2r7vBPwJsOfauOdvPs7Sf7wBiriTVAV8CfX/gR06W1InRhO3Fp/gOvdywAIHOIi+FrmAOIEQb8pgnlzCdAgFDdv38a1169gbmYKw/4+ZqenMNzbxfLePjrdBfSGPvaHgE8InHYLAND3fLgg8DyKodMDqIMGbaLpAYPeJnYHPXSmZoL2HcB1HAx6fbge4IDAdZqgxAWaLazvBvfXers9LC+v4KEHH4LruPD9YTBzhICABP+MZoYA17v34NLmV3Gs6WRm3eueDB4A09Gcx/6U4E3h+zua/AFb14h3rA62yPSc/RroCmUfAFtZWVkdETlv+x7gS78eBoRIrTjP/U3gOAwflUH8TsI8g4A44YmEKZnzUqVwBwbSdYHYBcPcurh1yQaQaEV6dHy0gjhRT2aS7A4IjFYcCzNApSXFvPNDJRIqXkLJpleZOsdcsnw1VQp3vGT9hluXrICXlpkOs/4i8R+BO7JnC0ueueLXOf6CtF+o7oAQWoDxv1FCLfAXth63z58uqf9wmtfyH+GOF4G/JBw18rdqeSOYEAlv2LPVeMN2R8wbtkzxJ89/jPNGkz8i3qjyJ+NvmvxJTHQh/vB4o8MfEW9U+aNivvh4jv+wOzt1+cN9w/P4E0nGG03+KDSfzxu2HBd/kF8fTVi6psgfYS8E7j55/Ikk4096tkRni+0v8Re2FPImOq4gf8QWS5cHMt5R4I/AX5T4w7VUJBl/0uMfH28E/pPDm7ieZ7GS8c5k8CZqV8AfI7wR+A+PN6w7JuYr4z8i3qjyh8cbHf4Yi3dEHWb9Jy0hb0TuyJa5Zovsn+M/Uf5OknV1/qjHOwL/EfGGmd5I5vkj4A1bT/hN1MHI/0T8SdtfUGrzJy3T/KHHL8A/dmF0VCJhe43MgxACECcYb3giRfAQ1AEAx8GQUjQdggaArbVVnD9zEjtbW+jOTOHixYu4+dYy3nxrGfOteazuDrHru2i1p9Dzh8GDWd8DaDDDreEADm3AHQzRIAM00cfx6RaW5prodKYw8AZotJpwnC6OT8/AhY+5uS5munN448ZtPPvNa1jf3oFLCTY3VuH5fVCvATijB7vxCCNfC3ZW4Kp7HMewkZlzf+YE/O5JuNvLGvzRvL9TE3+sDrZIewa00QSGg3F35VDKPgC2srKyOiJy73k/nHseh/f602HwNVpZ54cJd2qFHuc3gaNQj12RF0SanHoirZKKzb98aY4winBFpUJzcZ3G0wLxCmWmzlv5njpeo6RAZodWnNRGqzGZgcVLwPOnJ1uP7Bj9PW1nU7/BCW4dibEkLMB7wCTzHA17S8XLpGWHJ9pP91bgLxJ7l/0NYJG/jIaTGFQ0AOEdBAX/idxPYP/cUmGFcMZ/clcAZ97RyPWfnHEL7V+CN5lLpXijyB8Rb4pwh8cbwY70VKdT41blj4g3CM2oyB+dHQgy/mg+0E6PW1DqqKT/jYU/LG+im7AZ/nB4w9a1+CPgzUTxR1OWP1neCHakpzqdM95c3lTBH4mf6fGHU4oGWMTfeNfSiHfY9kW8Yeta/JH5TZl4h63XzRsV/nB5M/K3DH/y4huZ6uYNmOhMiTfRy/XGO/F0ZOKddCn2rvHEO7n8OVTxjipvEnUebzTjnfL5VrqkbD0+WMQfPfvXm29JVNL+3FKhuUj+4uXECzQ+YHswxM2Zi3DggyL6SnASfAseHFA/+PrlQA4AH9QbYH6mjWOz03DgYWNrE7fv3EXfd9D3G1he3cTQA6hHAd+DO9xHE0M04aEJDy3XRYd4mGm3sTDTxYWzp3HxwhlcuHgC3bkOfN/D7Pwspudm4LYamJ/qwh/00Go04DbbuHF7Bfu//0d47hsvY9CjeOmlF/G+978PC8ePwQuH6EZvbQLEyxvCndA3u5dx/+az6DbcjCH8qeNwtpZRhD+ieCeY9zHzx+rAiXS6oNtr4+7GoZR9AGxlZWV1hORefC/81z8fR4ZB3DVasZfeCZwtA7Er/zD6ezLPzKxQFsf7wfUTlajUub+RaiBKaFItpMrMjgPBjqjMzk1RGQ6cXaE+Go6kTvhlcgTq44dCkMw2kG5Y+ht4rB8kVgqLVoimu8fUpTsk0j3P1LXHL5iOMAFMb+nk+M/I0VN2R8b+glKwIn1kBom/xO0kupvopmhHKn+8OaVIwh2RQVn8N/CYUuQ/2jsk0kOXLWCXjz9x4cySfAX+iHZgqvKHx5uUPxTkjYA/+eMXlCmJeMPvUPHf4FTkj3SHRLrnSrzR4Y+INweGP+luyfiTP/6cMnNCqInjT7ZM9twsfwS8mWj+MKWIN8b4w17ADH9y451S/MmWyZ6b5Y8qb9i6hD/J12WliD9xixL/0Y13OFPALYVXEPGHNZiAN6wfKPNGgz/gm1+LP0oqwJuy+ZaQN+znXdSDcvFOZjrGFO+U5w3rZxL+cIbD8oZ5XqjAm+S4w/9MTLyjyB8mzqk+31LgTaIUxTtS3hjLtyT+kxhnIf6k5lvEHz5vaKMDeuwCeAZ802uFLhiMl5DgChQOCCgIcUHggwJwHAeEeqDeEC58+MMBlpeXccx34ZEm1jdXsLG+Bqfdx7A3xJTrozncQ9PvoeN6WJxr49TicVw8cwaLp07izMklLC3M4cTSCczMzWNqagaNZgPtdhutqSaclgs0neAnfb0B4PnoDynQmcYP/8D34e76Jl54/SbW765jZWUdcwvH0Wg1MPT9ePTB0MhoCsMpuoFpPIhexgB0ZhFoNAFvYIg/It4U548Sb6wOvjpdwD4ArkT2AbCVlZXVERK58F8jXhvr0/C7nxGvAPXDRCqu0yAxkq30y/ydWSHohwF59DUxFEhkDmEywFkRGK8SVxBFIgkTrhCW7EDQ3ZHAlsIVwsjWow4r31BQnIRkKTtW1G40//HBkT359UI7ZBRWJPP9KzmXTF1nRxYzXtGOhOhgFXvr/gZw0d+oiuuSHQo64y/kf6J2ab6/ILY/UvwpvQNdaYVylj9F3m9c3nD4o2X/krwhiX7k8Wc0ABQef+pypvwvloL/FLC/9g4sGX9Y3uSNvxBvcvwHmvzJ5Q3rfwr+kzduhfFX63/5vEFR3mjyB4y/yeIdnYFr80fL/gXjnfDziOVP/M/a7C84Vrl9EX9KfP7UEe8oj38UZxjlT56/KPiflDe8MSkclh2/oNSVsH0Rf0ryRuZ/ivFOzJ+ExXUHLuJN6nWZ/Y3xJprrHP+pmze8cyXtZ3kT/b0e3qTy8xzexO/VvHwr9/0m5k26Xm28M/IXBf9JVo1/3ihK0n6WNwjNVE+8o3p/pzB/WN5k+MO3P50/DTp1LJwMJAIUiuudcwAhIMQFqBOMlFAATuCn8OCjCZe0QOGh2aDwdn30hj0cX1zA+voGlhaPY+C7ePmVV7Hf68EdUky1mzi9OI9zx+Yw4/Zx6cQczi5MY3Gui6XFRRw/uYTu8Rm43SZIcwrN5gya7S7gtNFotEHhgjouqA8M3H24cECpBxAfrRbFve94CI+/5+/hlVtrWO9RbK3fAXHug+8P4TrBV1k7lIRz7IMQAgICSikoKK5Pn8eD/VdH/hJOrt+ehd85Bmf79sTyp9B7x+rAiTRaoM02MOiNuyuHTvYBsJWVldURknvxO0FOvhNYfjEMwgCQMPxLrARN7QQGCb4JGtkVyeEJ8QrATB3AKMhngn3hiuj802IxCZXqitxMcyT4K/83g6Lji69IB3NeXBctKY47yCZITF0zwcxcbWSu/DK+nOqKYPUV6dGE59ZFjiDcAcYff0bMZVV3BLDmCcrI7kw9Pr74inSh/ySfFKfK6DBJgi2aXtF0M38SNp/0B+T4j3BFsOKOmBzeRMflDkjEG0Vp8yZVqvJGkz+c40T+I97SEEniP7q8Yeu6vBHyR5E3qvwRWe6I8EboP/I3fKK3QMbihngTvcDtBnL8pQreCPjDLVXjHZEOeLwj5I0qfwzFO5m3syp/DOzAiyacradK4RviIPCH4zeG4h0xd6LDxsAfIMcdRfxR5E2iY0L+6AxIxB9VKfKGrUv5E/636DcsifylfLyjwB+F6YrrIv5wLpvmDYzzJlUvzBuJ/0jcUsSbuJ5rtknMr1jeRB2WzIdAonhHmT9ji3eiqoA3qvyRfN7rxDv+/DnmgOACK70h9rtdOMRJnBP5R/B/Bw4ofIAGX67sDYYgoNjf2cWJ44vY2d5Do9nEjTduwCUEi3OzmJudxQMPP4Bvf+QBHJ/qwN94C/MNH93GEJ0GQadD0Wrsw6Eu6ABotLpwGgSUABQUQ+qBUh+gQxAQeEm3IkCrSeB7BI8+/AAWF57B5vI2lu+swGm4oJQCFEH/o6lMnh+OsNeaxeoOxWLTSbwSHj+9AGwvTzh/YHUERNrToPYBsHHZB8BWVlZWR0luG865xzBcfhHxjtxEgiNaqcfu4PWBIGFKrQhG/Lu9lBOcsemS8AD2vo8PkHCnMvecvFJZlGlXtENi1EDwZ40VybKSApkdoCQK5qM5HSW9iSqnZCNkEvc5XU+URVZsFtqBF/Vs5BE0WaWJ7ssCfmP2F7Sn3D7N1NP+PrIzW+fbX3GHhND/knOc7T53OKnxsm9igf+U2YGp4n8y/2H4w5pFSyr25p1TqEH2BBFvEq9Dwf6FeSPgj8x/hOPP5w1E9layfw5/JP6Sv0MBcvsfdt7I+KP8eafAn9zxk3hMiTNiO6Mq3nD9T8QbMX+UVMr+glKjcS5vOPFOMftXxJ9wnIkNPILxV8QfnR1QnHo63hnxp377C9rT4E/oJul6Hm/Y0ih/wFw/nz/y8SvyR4c3yvyJLs/4S1neaI2fN2GJv5VuX8yb+HUYjnfYUoU37EAlvGHr2vwpxBtxvJPxnxR/oG9vY/Yv236BeAc8u1fNm8SgOHzJ1GNFdo7ONcCf0vHOaDgHLd6hs6eY9gIDLqMDQpz4YS9BYFNCgOhrkwEHhPgAAVzigA59eIM+ttbWceHiBfjeEL7vodVs4fTJRcxOz6A71cE9Z47h3gsn0aJDeH4LreEuuk2K6baLZpug1aRoEgeDgQt4TTQabQwpAJfAhw+PUjgUaLouqOcC1IdLCeANQfwhWrSH490WTh5fwPXVXVx74w14Hg2+pjrsOwkBS8IH3DTy/3Bky2QGi9jNGMJvL8A1zZ/E/I8l37I6mGpNAbBfA21a9gGwlZWV1RGTe+Zd8L76/4Ei2OkbJKNAtDIvuXSSAJydwBjVkajT1KmpxDqT74CTLpNRha0nr504I13nJVSZBCsnA2GWGgt/Iy88XrxCPTqNrY96zi0JvwRbZ86LlRkWyda5VxA0LOlQtNIzrocrQ6N2xStGR/7D7a6sTAwzOZKkeYXmTp+RrqcMlPWHzJYrtmQcXnWHQnbFejTd0etca2VLXneZEefVhQ4pvUJY8gyW0+OM/yivUBf4jwJvCvGHK0X+SHuQ8IfCvGHL6DIS/1F9uzPnxXXpsOrhjXxHnog37A4JOW9YfxPxRrQIKjUXVfBGgT9S3qjyR9BdZf5IgVaANzn8UeZNhj8i3rA7tDT5I+KNKn+48Q5TFuGNZEe4erxzsPlT/DfIMaqnulUff+JSqPL8Kf6bnNE0j5c/4gvHHcw/QWK44r9Bzlfz4OYAACAASURBVPgHRPzJ4Y6AP8mR5PEnO2GcK1TFHxFvWP/R5Q1bavImI2XesHUJf0T+osIf5PhLhj+avGFGos0b1XxLNV7WjXdiv4ume9y8Ify66AqG4h3280093plE3jB1jp/QZge0u5T1M0Kx3FwMr03CeXEQ+ET4UBgUweIAB6AOfM9Hx21iZWMbU+02ev0+5o8dQ2dmHrdXN3BiaRFnFpfgDHug+zvY3biL6fkuBsMh3GYTlAB9SuD5DjBswfGaIKQF4jWAQQvNZgMggEc8ECe4w+a4DhrD0IN9hL9MPATFANMNgvmZNhbmZuBQCiB4AEzZJ/bxLJLUPK90TgDDNzKGoFNzoK1pOIO9kf8cqPs7VodFpNWxpq1A9gGwlZWV1RETOfXO4AOVUvhxPExSvwnMRljRCj/2N4HTO4MTK1SZelSmjk9kDjSVSSCzAj7sbiJHEqwApqODo3pQFtyB8B1/DPcDj4snc/ca6JWPg/7Hfwc/6iQA8oN/C/fbHgR9fh7eZ8IpwUfh/uwvg+Dz8H/tg/AV8lznw2/AuQzQpy7C+xsF47JxPz8PGP2tcAAd+QVT19mhpbICXlKOkl0k2o3MMKpnxybagZB4HYy/qJQ6OxQSDlr4N/CywxKMV3Cs6QRKuf3I7lH7xeyvtSOU428i3ozmPnVXIjVQJf7o8kbT32LeULbO8R8F3mirLG8028/yJvx7Ud4U4o+cN6P3csJ/UuMV8Wc0gYV4k8cfjr9Jv2FCZpSa7V+2/Qxv4o+rgvzR2SER+1mCNxr8UeKNpv3N8QcHkz+KlxfHO+FxNcU7qvzhja2WeEfZ//J5Uxt/yiqv/RzejOKd6HBD8U6yLBnvcHnD1mnkThz7V8CbzI7LunnDStfflNsX8Iats/ypJN4ZlRl/0eUNhz/F7F/28y6fP0KV5U1tn3cC3mT4U228o3N/hx2oiDdBVcAfjv39mSXQRgvMCdgfetiaOh62QQAQEOIGdRK0SRwaLixwALhoNhvw+wMMegMcO76A9a1ttKc66M7P4uy5M9jb72Gq0cD2nbvotrvY296Be+wYnE4XQ/TRnFkABbC2s48m9TCLAWZmfLjDAbz9PpoI7q+Rhgs4gD/0MegP0fYBP3ywSxwC3weIP0SD+GiAotNwsHRsHvu7O+jOzoIQgui3fkfjCz0jWgBAKbY6x7G/8To6roOkqNMEbU6D9ndH/pTgTeH7O5r8AVvXiHesDosIYH8H2LjsA2ArKyurIyb31CNw5s7B37wRhFUE8W/+RjEXieoAgNEOvKAa1nOW8tH4rOD8ZBmvTBXuwEC6nhBNHsYkVNx6pvXs5flluCI9Onj1KdCbG4medIClB0BOPAjyyK+BLJwG/eQ/T2aW8cyNdn5Gpz4O8n2XQZ68mu44Wy7+KsjFeQAbwZwT5jqJhIqXULLpVaYuMh8US+GOF8ZfRHXJCnhpmekw6y+i5JLfnGgHgLDkmS1+PbI7W8/uwJPtgBBaIHknI3fHRSSmHrfPny6p/3Ca1/If4Y4Xgb8kHDXyt4wDpy2ULrV5I5gQCW/Ys9V4w3aH4z/hRLMlkvU8/1HawpDjPxneaPJHxBtV/mT8TZM/iYkuxB8eb3T4I+KNKn9UzBcfz/EfdmenLn+4b3gefyLJeKPJH4Xm83nDluPiD/LrowlL1yqNd9jujJM/kWT8Sc+W6Gyx/SX+wpZC3kTHFeSP2GLp8kDGOwr8EfiLEn+4look4096/OPjjcB/cngT1/MsVjLemQzeRO0K+GOENwL/4fGGdcfEfGX8R8QbVf7weKPDH2PxjqjDrP+kJeSNyB3ZMtdskf1z/Cd00FQ+r8Ef9XhH4D8i3jDTG8k8fwS8YesJv4k6GPmfiD9p+wtKbf6kZYw/3UXOAQSbXmK0JChHv5sb7v4F4BACjzrwKYXvEziUYOj7GA4GGHhDbGxvA802nGYDe2truHHjBu49cxrtVguUOnBaM+gsnMTt69fw5q2baLhNUKcBpzXEYn+A6e1tzHS20Z3tY+H4AkhvCNog8NCEhyYGQ4p9QtBqT2FIfTSbFL7noeW4GBAKSny0W024DQftRhOEhL9ZHJqJEKTmmiYtTgk2fQcdN2sL2uqC7K4aybdyy4r4Y3V4RJpt+zvAhmUfAFtZWVkdNTWngMX7gc3rSO3kjVbm+RTBdz2zKzeDyIsml/JGD3sp4jqif4KCCIJ8NtlJ/VFwg094obxSciov4YoGROkoycDW5+H9x49nE63jPwrnv/ttkAtPwHnfP4f/BcHKVdBUl8jDvwry5I+CIrtiNSrJ9/4QSLQwk0arL5mBxUvAxWPk10nct+DvaXub+g1OcOtRP2Q3XLhewh+Qiq/IpOl/I79H6O88u0d/112hrrhDglkBH3V65G+jmyLJemoAwjsICv4TuZ/A/rmlwgrhjP/krgDOvKOR6z854xbavwRvMpdK8UbAn/hlwY4HtpT5i8T/RDvSU51OjVuVPyLeIDSjIn90diDI+KP5QDs9bkGpo5L+Nxb+sLyJbsJm+MPhDVvX4o+ANxPFH01Z/mR5I9iRnup0znhzeVMFfyR+pscfTikaYBF/411LI95h2xfxhq1r8UfmN2XiHbZeN29U+MPlzcjfMvzJi29kqps3YKIzJd5EL9cb78TTkYl30qXYu8YT7+Ty51DFO6q8SdR5vNGMd8rnW+mSsvX4YBF/9Oxfb74lUUn7c0uV5qbmOe1TbNBGcH+KBMv0iRPuvqUEQPCwM/hC6GA3LnUASlxQ2sAAQ+zs72PoU1AP2FjfwI23buP1V69ittVAo+XAcRwsnjqH6cXT+Nobb+KLf/1VLN+6DcABpQ76A4rTJ7o4eWwG9144j4tnTuLChUVMdQimmi34tIPtgYPrd+5gZWsbW1v7cNptLByfRcPr4aGLZ9EDsLyygn6fgBKg5bbggMCHA2AIIPzZtuR9ODp6txBCsUVaOIlBxiC0ORXbXSffav6PT6J5b5dvlJ2rGH72n6L/pZer4c+P/R6m330Z/lfei/1PC46JdQaN7/soGu9+DM5sF4jute1chffCf8DgD/4w+FY/VT3+65j64GPAlU9g7zc+BQBo/dxfoXHyKoY/9xPoAyD3vh/uQht0/evwrrylc/WjLbc57h4cOtkHwFZWVlZHUO6xe+C99hfhb/qOVuyldwKP/p4qo6CfXcEuXaGcLpMKrp+ogHMQJH9PNRAlNKkWUmVmxwFvR1SiL/FK4uT5a38A/xs/Dfe7/iuQC/8YIL8dr0yOTuQOp/s4yAcugX72jdHrJFEe/2WQy6cSlyGyBbNqCVVKzAWZlZnS38ADswI0sVJYtEI03T2mLt0hke55pq49fsF0hHZOb+nk+M/I0ZHcmZCqs/6SLAUr0kdmiI6PesDU43YS3U10U7QjlT/enFIk4Y7IoCz+G3hZ3nD9RXuHRHrosgXs8vEnLpxZkq/AH9EOTNYfRP7D+J38N/GYOuGXYOtK4xeUKYl4w+9Q8d/gVOSPdIdEuudKvNHhj4g3B4Y/6W7J+JM//pwyc0KoieNPtkz23Cx/BLyZaP4wpYg3xvjDXsAMf3LjnVL8yZbJnpvljypv2LqEP8nXZaWIP3GLEv/RjXc4U8AthVcQ8Yc1mIA3rB8o80aDP+CbX4s/SirAG0X+6POG/byLelAu3slMx5jinfK8Yf1Mwh/OcFjeMM8LFXiTHHf4n4mJdxT5w8Q51edbCrxJlKJ4R8obY/mWxH8S4yzEn9R8i/iT5Q1tz4JnuF13Km6WEBI8DAYJfIlE/jDqG6WARyg84mN30MPa1haW76yg1x9iYWERt67fQH9/ByfPvw3NdguLJxdx9vxZrNy9g6e/9Ld4860VNN0O3EYH29t7WLm9gTsbe2i4y3j9+ioeOD+Pb9+5iEtnF0Fm57C5McTVa8t4/cYtvHjrJq7fXsHU7DwunTuLC6cWMT0Ephensbc3ACFTmOl20Wg2QjtGcxEUjhP5BAA/fMkPbLjbmAGwnjEEbU2Fz2f1+BOb642n4K+MzIbjj8C5eBmNH/k4nOb/gP2n3yrMHyXe5Oo70fpfPobG2S7gb4PefAb+7VXg+ANwzl6G+x3/BO49D6D3q78Cr0wzjBof+EU07+2CXvkE9q58yuCVTekBNH7kp9G494za4XtvwX/+t9D/q5er7VbDPgA2LfsA2MrKyuooav4CQAEfNA7+2RWhJLEiOfNbv0w9fp1ZIcj+ZnD08JgCAA13CNMwGVBZEZgjikQSJlwhLNmBwJZ0dHHhDoW9/eCY2Ucz7VLQ7HDufg107lGQd/wayGd/lPtbwOQffBCksQ964zbIuYXguirzQZlSOmH55egykf349UI7ZBRWJPNXtEf94tR1dmQx4xXtSIgOztgdKLcjKtf/MFp1jaT/MHXJDgWd8XNLlWtwy3x/QWx/hGZTs7+ZHaGJuTPNGw5/tOyf5y+8Uuh/An9JDtJEQi20v+K5wvYV/KeA/bV3YMn4w/Imb/yFeJPjP9DkTy5vWP9T8J+8cSuMv1r/y+cNivJGkz9g/A3G4h0Bb/L4o2X/YvyJPo9Y/sT/rM3+gmOV2xfxp8TnTx3xjvL4R3GGUf7k+YuC/0l5wxuTwmHZ8QtKXQnbF/GnJG9k/qcY78T8SVhcd+Ai3qRel9nfGG+iuc7xn7p5wztX0n6WN9Hf6+FNKj/P4U38Xs3Lt3Lfb2LepOvVxjsjf1Hwn2TV+OeNoiTtZ3mD0Ez1xDvs/R1RvFOYPyxvMvzh2L/VDScBo8CEUOy6U3BIsFPXcRwQhA9+ox3AYYOxZzrh6w0X+/0elldWsba+id7AA/UdTLfbmD93Ft/13vegO9XGgw/cBw8+vvSFz+PG1dcwOzuPxaXTmF9Ywlu3bmN9ewcDQuC7Hbx5Zx876+toNYDFxeOYn2vizp07uPLqm7i9vApv2MOZM+dw4fxlXD55GueWjqHb6WB1bQ1DjwKugxMnTwCg8DwvML8TzC4BSd07Cj7zCUAA4hDsNaaB4XrKewAC6rZBafQu0LM/ANDbH0Pv35OE3SnI3/84Oj/wGJz3fBTuX/4CvIL8KfTeSajxk78QPPxdeRr93/lFDFeSr55B47/9P9GY+UujD38BwH/pSQzXZ4FbFT8wLar3PoHmex/TeFdehnOyBf+vfgbDCrsFxz6uNC07o1ZWVlZHUGTufBAAIoil4p2/AJBYCZraIYxwhzASKwKDE1MrAZN1IPF3Nqwg4TpFMqojeZggConPYRIq1RW5mebCvnF/MyhxUvz3sIF45Xn81TEvY7QSOTotuRI5GsBzoK+fArn/cZD3XwZ5mv0t4J+Fc+8lYP2PQVceBDkXdCr7G8Dp8coSTDbdkiwo5qzIVF0RrL4iPZrw3LrIIYQ7wPjjz4i5rOqOgLhM+V3kD0w9Pr74inQw54HxP2TK6DBJgi2aXtF0M38SNp/0B+T4j3BHguKOmISjJnmDxHG5A1LkjUjavEmVAt4kX4fEfyL+JEvOcSL/EW9piCTxH13esHVd3gj5o8gbVf6ILHdEeCP0H/kbPtFbIGNxQ7yJXuB2Azn+UgVvBPzhlhneaPKnjngnPl6RNxz+aPNGlT+G4p3M21mVPwZ24EUTztZTpfANcRD4w/EbQ/GOmDvRYWPgD5DjjiL+KPIm0TEhf3QGJOKPqhR5w9al/An/K90xrsmb8vGOAn8Upiuui/jDuWyaNzDOm1S9MG8k/iNxSxFv4nqu2SYxv2J5E3VYMh8CieIdZf6MLd6JqgLeqPJH8nmvGu+g1UmfEL4J9xtTwb8JQbDjd3QeJYgnm1CC6FaQA4AMKRpw4MJFtzuP3toGZrqzWJjrojs1hYceegAzU200XRdf+8ozeO6v/xqD3V3skQb2ZnZx6nQT73zkYcwdm8bfffVr2N/rA0OK1b0eltcHmFk6j6WL57Cy4WN3cAV934XnE0x357FwbBGXTp/DxVNLGGIP+zv7mJ2bBfWauHz5MgDAcRxQEjiLQ0YMSc7UaAEOsN+YDr4tmrWf2wYhRJs/o2ayvKFPfxn+dz8G99gluISED1iL8gcF9QQaDy0CeAveZ9iHvwDwFob/4ScreaDp/eW/NP5Q2aj+6svwP/AY3Bn1U+itL1c+JuK6xc1txZV9AGxlZWV1BEW6p5Bcc+vT9E7gKGqMd/aGdXaFHvXTAWaclBT5tNa8wZfoiLjUaTzVHrtCORrbqIHgsIsg935b8Jc7fwzZSvj4r5/9NOg9HwV5xy8BT/9UcBxFkJT+yIdBWvugf/NL8Of+ffjTJIIdEsLxsxNG4r6k64myyIrxQjvwRv6DZD0x/7R2+wvaU26fZuoiP2DrcRnaX2uHhHBFfHKOs93nDic1XjZrFPhPmR2YKv4n85/UjoSsWbSkYm/eOYUaZE+I7B61L9ohIbG/zF9k/ibdgY50XTj+fN5AZG8l++fwR+Iv+TsUILf/YeeNjD9C3rDXV+BP7vhJPKbEGbGdURVvuP4n4o2YP0oqZX9BqdE4lzcZ/hS1f0X8CccZf77VzR+dHVCcejreGfGnfvsL2tPgT+gm6Xoeb9jSKH/AXD+fP/LxK/JHhzfK/Ikuz/hLWd5ojZ83YYm/lW5fzJv4dRiOd9hShTfsQCW8Yeva/CnEG3G8k/GfFH+gb29j9i/bfoF4Bzy7V82bxKA4fMnUY0V2js41wJ/S8c5oOAcq3mm0gxNS7VEM3E76OEIQPKoMHggH35oc/aIuQZM48B0XAMHJ+WNYnplBf3MH6xubOH36FDpuA2fOnsaZs2fgD/p4/ZVX8Ozf/i121tcx9F1sr65jZXMXX//WKzh/4Rz+0T/8fqytbeDWjdvYWt0AGsBOv4+pmQVMzc7jxNkzePd7vgNfe+5F3Ll+FVfvLsN3G2jv9bC3dRfnzy1ifr6LpaXjaNMpTE9PB/12HFBQ+ITCIQ4AP/lGQbzUgQCUEgwbU1wDUbcRM1GXP+nrMbxJvXwGje9lfofX3wZ9/TPo/8Yn4FEA+HG0/+kTcKdGv6WL6O//jPm7ir7vETgOgJWvo/8NxXOWPoTWT3wE7tnFYMOH3wddeQbDP/1ZDFSvAXB+ozgcA57B4MlVuB/4Xjjhw1e6/DSGv/uLGMQPqM+g8cFfQPPdj4FMhX249hkM7j6G1mOXg6+VDn97GG9/Au0f+SDc+XBOh9ugbz6Jwaf/JeeBd1KfQu+3W2j/1E8rPQSmV34Lvd/4lJGPg1zFu2ysTMk+ALaysrI6gnK6JxBFY1FMRhHECuzKveyK4ShMjF4P64mEnl04mz4vHe9H7SYXlBKmnirjPjIJEy+hyiRYORkIs9Q49RswjdNwHv3R1PGk8yDIIx8GOTMP7H4e9MlrwVyloqHEHNHR33D3fwd9/cdA7v8gnPcR+F+Ipv0JOPddAtY/A/r0GyAfTFwnOX5mOuKJTA2LZOvcK4zsrVTGQX204jNKEsM+hu2KV4ym/SfTXVmZGGZyJEnzCs2dPiNdZ1YIi3cMCMqkw2vsUMiuWI+mO3qda61syesuM+K8evaCsjOYE3gGy+lxxn+UV6gL/IfDnRxrZf1HxB+uFPkj7UHCH7j8yfGXpJ+lyugyEv9Rfbsz58V16bDq4Y18R56IN+wOCTlvWH8T8Sa76p5VRbxR4I+UN6r8EXRXmT9SoBXgTQ5/lHmT4Y+IN+wOLU3+iHijyh9uvMOURXgj2RGe5U902uHiT/HfIMeonupWffyJS6HK86f4b3JG0zxe/ogvHHcw/wSJ4US/ySnnD+MfEPEnhzsC/iRHopVv8a5QFX9EvGH9R5c3bKnJm4yUecPWJfwR+YsKf5DjLxn+aPKGGYk2b1TzLdV4WTfeif0umu5x84bw66IrGIp32M839XhnEnnD1NkeEAeUuOAZbEg6AI0eLPkgJPCRYPevH3THceBRApcCnuPC9waYdoCzC6cwuPwAXnjtNfT6Q+xt7+LY6UXMzM6g3W5gZXMNt1fuYGNzF+fO3oPl7R68vT5Iu42mA8wvncD3//APodP08erzX8O1q9fx2reuwN/zsLW2ib0zC5g7O4fptVlcW1nGGm3gm996BWfPX8JWG3juhedBuo/izIl7MTU3jVbzOOA3QRwKQgg8n4JQCuJQOISAfYBGEPyeMSEEvtviG8JxQ1dJ80Z2fyfZSoY39z8AZwrAzip8ApD7fxrN73k/yN4q/NefAd1ogdz/GJx7fxytn17F3r/7VNo1IrNG5ha5S47ck4vBeDZeVjtl6cfRfuIJuDMAXXsB3murwLl3wj39nWh++PdAfvcn0C/7jc7OI2j+EEBvfhnDlwDngcfgnHw/mh9+AsN/9QlQAO6P/Rpa774M+NvwrzwDf7AI99KH0DrLPvr+CDr//Y/DafdBr38Z3m3AedsjcO75EJoffAHD330qvy/XP4nep8+i8+EfzP/m5eU/Qf83Pgm/5NCVlGGjVVnZB8ATIh8UQ3+Ige9h4HsY+kN41Ee0fpCAwHVcTLkttJ0mGo475h5bWVkdZJFO+LuycQBPAIrgq2PCgDr+DeDEk13KBNiZ13N26GR+CziROaR3HkenR+1kRcPgf/SqYEdCNBzeinEaJH25ZXS9c0/AOSeYzPWn4P/hjwaBEI2YPeoVBZjgNPgrferTIPd8FOQdvw584aNBe//wx0A6+6Bf+d/gUzo6j9J0wCsSlZTsscoJPKvIjkxdZ4eWygp4STlKdpFoNzLDqJ4dm2gHQuJ1MP6iUursUEg4aOHfwMsOSzBewbGF7V+2/cjuUfvF7K+1I5TjbyLejOZelHgIdiCw/NHljaa/xbyhbJ3jPzx7l7V/Wd5otp/lTfj3orwpxB85b0bv5YT/pMYr4s9oAgvxJo8/HH8b8SfZZw3+1Gz/su1neBN/XBXkj84OrdjPErzR4I8SbzTtb44/OJj8Uby8ON4Jj6sp3lHlD29stcQ7yv6Xz5va+FNWee3n8GYU70SHG4p3kmXJeIfLG7ZOI3fi2L8C3mR2XNbNG1a6/qbcvoA3bJ3lTyXxzqjM+Isubzj8KWb/sp93+fwRqixvavu8E/Amw59q452i93fyeBNUBfxh7Q8f4e+UgTkheOBNgGhpAKU0fs4U/9SZHz0G9wFvgAbxQfr7+Is//RNcee1buPed78Spbhe9rW24Z06g3ZkCaTRBQdFuOHj3u96BY905vPTqa7h+6w7OXryEs+fP4vSZE7j72tfxrntO4/75Np6dncZgfRXeYAfLb72F+++7ADQbuHDpMj7ykx/GS8vLeOXaVTxw3/24dHIR+7dvY2FxBu1OByDBrt92pwOK4HkCJQju6UVzxpnm8HE3aDQ/rP8QB9FvALO8yb+/E57R+gDcb084/Py3o/Gevx9c6dpTGFIKvPxbGHz6S/C+8tmRxZf+CTo/9yE4Z78TDfopDJPci3mXqDD/lMmZmVU/GID7vR8KdsNe+yT2P/FbcVPuh/8A7Ucvo/E9H0H/5U9qXTOjdgv0mZ/F3u9/Oagv/QI6P/+DcBYfQQPAAB9B89HLAFbh/cEPofeV8LylH0f7Z55A6onQ44+BtAFc/0Ps/ZtPxH8m7/oQ3B3Jw99I3/gV9J48g84PCH4PeOcZDH73V2r8OmsRJ6yKyj4AHpN86mNIPfS8AXr+AHteH9uDPewO97E37GPP62HgD+HR4O3lEBczjQ7umT2NpfYcGs6UpAUrKyurHLXnQEEyO2+j5IAAoGT0m7/B66MDg/idhOfklPGFOWVi5XPQLGEOy//QJ6k+JwLdZF3cumQDSLgiPTp49SnQmxvpDqw8CXrjK6BXr4Zzlsosw7aSOz+R+jvWfincBfzDcL7jZ+D/zYfhPPwosP1UsPuXAIi+pogkV8iHSiRUvISSbTVTF5kNiqVwx8uoTIw2W5esgJeWmQ6z/iLxH4E7smcLS8bv0v4W2Z2tZ3fgyXZACC2QvJORu+MiElOP2+dPl9R/OM1r+Y9wx4vAXxKOGvlbUd6kS6TrowniT4iEN+zZarxhu8Pxn3Ci2RLJep7/KG1hyPGfDG80+SPijSp/Mv6myZ/ERBfiD483OvwR8UaVPyrmi4/n+A+7s1OXP9w3PI8/kWS80eSPQvP5vGHLcfEH+fXRhKVrivwR9kLg7pPHn0gy/qRnS3S22P4Sf2FLIW+i4wryR2yxdHkg4x0F/gj8RYk/XEtFkvEnPf7x8UbgPzm8iet5FisZ70wGb6J2BfwxwhuB//B4w7pjYr4y/iPijSp/eLz5/9l7syBJkvMw8/OIyKuy7qquvu+ZnnsGM0PcBylBBEiJlLQibW1ltF3pZakXrF6W+yJbWyNf9kXSw5pgMmnXZLsyGQUJMnAlUVoKIERCoEgAxBwAZjBHz3RP393VXXdl5RUR7vsQGZFxeRxZ2dUH8h+b9vozI8L99/+PL39Pd88ow5+x5Tu6BsfjJypa3ujCMV5mus33f0b8DAI0Mp4vwZ/i+Y4mfnS8iXWvL+Pnj4Y3cT0UN34D/fjT8Sfqf01Zmj9RGRd/hieED/Dix3/2ryEMhBAoMfgVPLxdvwz62hVgmApDOnR31rl16SKffOFZPvelv0TNMvjg8kfcvHmLY6dP0LMdpqamOHRokWllY0nJr37xU9y5e49r126waLZpdDbo3+kzV7PodbaZNiVHDy+xvn6bjy5d5NVXXsJqTlGv1Tl8fBm3ITh/8giLC0s0G3Vq505gCclOt4dC0ev1sCoWUoAyhGef8H7AGqmfphMCkDLUayEZ9E/58dbg2i/+NtUX4xftoy59jf7/8x8Gld/Gee320Cfnfx5zrg89wBgcEuZMCf7oRO7tAtOFjzePHwVauG8PJ38B3D94C/XiUcTKq1j8830+M/gKrj/5C7B2BdUBGtNe1/iTumuv0/9h6LS1r+Fe/9uYF0L2vHMR9cuvIo58ifqv72K/+S3cS7dRb36jVBvVd/4u/ZXfpfbxM9E3nCs4X/+7oZ+mPghRmy/7KgAAIABJREFU+YdMpJRMJoAfkHTcPmu9bT7avcPl1m2utlZZ7W6yY7e9SWC3P5gA9jbXm8Lg+NQy/8O5X6S+eI6mNZkAnshEJjK6iMFzUWRoZ65Qg5xKKjC8TE8OBlpKCJBeQgjDZwMHOxAk3oAqtCMhPvEZrADWSdpIpsDhgZJWFj0/3D4FwQpl/zq738X9d/9IP+BKrEQe1uLpKtakge4/C/jFvw+zn0RMd1E/+C0UXv3GzHzQuMSqR7/RGfbGXx7qYtgGBsn7KCvEs1YAh3pIu4I88wuXuIcyDBxHfjhK/IXqT/e7/3rZFeoFd0jE4s5v9DDehl+KhPWIAdpvEArEjx9+Gv9nlgV2KCTiJ3PHU+KOJjN+MuzW+l/HmRHiL8obDX+CtzU7HrJ2QOSVKfGm25EeaXTE7qL80fGGgRsL8qfMDoQ8/pSc0I7arSnLyD7j74HwJ84b/0vYBH9SeBPXS/FHw5uHij8lZcKfJG80O9Ijjc6wN5M394M/OXFWjj8ppc7AUeIt7Vol8p14/TrexPVS/MmLm/3kO3H9oHlThD+pvBnGW4I/WflNnhw0b4hlZ4V44799sPlO0B2JfCda6qPrweQ7mfx5rPKdorwJ6Wm8KZnv7H+8FS1VXA8O1vGnnP8PdryVI/v0f2pZoDohbZRZjdWnsJSNFHXvOy0RskSQskbCQEoXC0Gz0WBmqskrH3uZ1u42hgHnz5/j7u4W16/foLWzg4VkaWGO3fYORr9PvWrw7IVzXDh7CoVCSgchLGS7xd7ODp1OF1cpbCmx7T7t3RbLszM4hmBudprGVJ3d3Q6YBpWKSaVmYbi2N4EtFY16HdOywDJxhYGUEiVAAoYR/WlmpRTezl6FQmFJ/yeEYw6RTuD3cuOtwdWufQs3mCTso669hrz2h7jX/WoULH+Zyq//Jtbpo4j4jFQnxc/74c9A3LvrwFHE3IUCac/zUBn8Gf+t47W+Z7Gxr09hTzrr2e2o1rw6ZD9xnLO9RjU8ob32VXr/fonal7+E8cnfpPbJ3wSnhfzw93H+3VdzngEcFffrv4Xd/KdUnl0aVLaO+83fKv7s5HGJ2ofDJ5IqkwngAxZXSfacLq+vX+QH997lyt4qq51NNnq77Dpteq6NqyR1s0rftem4PVwlWajOcLyxzGy1ScOsPWgzJjKRiTzqYlYBPzEcrgz1dwR7+uD90Apib7w4XPHn/3hMcJ3QOJPECuWhEk+8RKjeIJsqkFUpQkl6JH8VsaQhOeJI7DhI2xEVakuwkjh2flAODBexepPmiOF5wbOA/1vMmTlv9+8fXgv6cnhKTNd2RqzMlNgFY6Oe3GfgEVsBGloprFshGm1eTM/dIRFteUIvbb+mO/wgFDnxE3yBEvJ7XM+KF82K9KEb/OP9FsT0oJ5Qc0PN1O1ITbc3o9SJdkekV47+DLxYqYuf0jskoqbnLWDPtz904cSS/AL80e3AjMdDEd5ESv8yOfEj0kvieiH7NWVEdLxJb9Doz+AsyJ/cHRLRlhfiTRn+6HjzyPAn2qw8/mTbn1EmThjIQ8efZBlu+Xj5o+HNQ82fWKnjzdj4E7/AePiTme/siz/JMtzy8fKnKG/ieg5/wu/nlTr+BDXmxE/ZfCelC1JL7RV0/Ik7TMObeBwU5k0J/pDu/lL8KSQj8KYgf8rzJv5557dgf/lOojseUL6zf97E4yyHPynmxHkTmy8swJuw3YN/Hpp8pyB/YnnO/R9vFeBNqNTlO7m8Gdt4Kyd+QnaOxJ9If+v4k8Ibpw9mLeG4muzRFQ0vdhD433MJAUJ4k+K+DYYywRC40qZWbbB05Di9nsMHly5x+f0PWFhe4sTxY7hInE6XWrMGZhUhTGzbpttu06xWmZ2qg1B0etC3FdLp4/b62N0eWxsbHFo+xLknzwM9KqbEdSSybzLVaDA9s4gUAoWLcm3sXhtpO+BKLpx/Assw6TkOwjLxJrWFd7wSGDLkDaEGfaRAKSpuJ9URQjrR7/sK8idw193fwf56EpND/wusv/IVKueXoHMF952L4IBiBvP5TwfHRkKjDG908s23kL/wPMbyC1SfhV7mZObbYA/+NGJvLVe9dsnRm1JY+j3PbKOaMN2aW04crr73O3S/9ztw4tNYFz6N+fKXMZ/+m1Rruzj/uMzPVd/G/r//DvyP/5TKOXC/+Xfofef2Po0ZQdSBPGn4Z0omE8AHKK6StOwOH7Zu8Z9vv8l/uP491vs72NLFEIKaUaFiWFSNCnWziislUimkUhyqz/PM/ClOTC0zU5ns/p3IRCayf/Gfo+stE/QSaDn4Ak/ir+mLZlzhHcOQseI4trQ1fFyQwIRWICsR1cskeJHT1PDFIOH0XhjoOTsQ4mVwPX+8UXCHQqjWhDnN0wgUctDg4FnAU97uXxka2ATtV8PVwNmdESvzjk2OsyPl8DK+/9L1kXbIFFiRrFthqiIGhPQyO7Ji9up2JPgHZ/p7lB0KmfHHcNU14fiJ6Tk7FMrYn1oWuUZqmR0vBP5n4LZi/h/PjtAkf0YZUKbyJoU/pfyfx5fC8aeJl7CRo/g7rROyyrxztfUXiJ8R/F96B1Yef+K8ybJ/JN5kxA8l+ZPJm3j8FYifLLsL2H9/4y+bN4zKm5L8IRZv48h3fENL86eU/0fjj/95FOdP8OeB+V9zbOH6dfzZx+fPQeQ7he0f5hlj5U9WvBSIv1zepNlU4LCk/ZqyrGjr1/Fnn7zJi7+C+U7An5DHyxqu403k/Tz/j403fl9nxM9B8ybt3Jz6k7zxXz8Y3qiCvAnu1azxVub9pudNVL+/+c4wXgrET1gd++dNQcmpP8kbBm46mHwnEj8Z+c7I/InzJsGfpP/pd6A2HcSdX9bdLt1BC7z5UuH9ZDJ434MZwvseTHnfiRmDCVXMCodPnKK11+H9d95h9eYNVu/c4Su/+CVOnT1Jo1ZBSIlt2/RsG7tv0+9tMF2rYCobq1rxdtciqNUbNJtTrN66TavV4pf/6l/m1JnjVKoW0u0jqIAQKAX9fg9pGAgkQtpIVyIdl6W5ec6ePo0pBFXTxEF4dgrhhQGebfF+9LwlqDvtWOcO4sfp4T8DuKz/hz7J5o9oeBva5Nu/Qe/rg3h49n+n8QqhHcDfQe59BaOxjPg88F3vdfELn2a0p2F+FfudX6D24lHMX/8HVP7xb8V+zvgo1q/+Nmbz/6T3r17HvXkba+Uo5vO/ifhO6BnAv/yCZ+3d1/f5888F5Luvo770KmL5VaofJ/IMYPNk/OesfwXrsxdx/vQi3Pgezo3v4fxRjfrf/xWM+TPxKxeQ29j/118N5sEfhCj34J42/LMikwngA5Rdu83FnRt8/cp3+fO191jv7+BIiQDqZpWz00c41liiYda43LrDrt3GVZKGVeXFxbN88ejLzFWbiLIfmBOZyEQmkibhFclelujRRQxfMgShpM5/f7giUAm8BFl4uvdGSA8qGJbBF08pK6JV6OVc1IUGUsFQIjTA0q3IDVUXKv0VwDE9dFLw+qCC7JXowx6LryQO3vFXpG7+r6g/nYfZK6g/vDZM1sMGiNDxKfYXGWDGh1s5C4pTVoQXXRFcfEV6YFuWnvBc3AB0Dc6W2GWL7ggIynCcBf6P6cHxo69IJ3YesfgjUfqH5Qywdd2r6+7YS9rqw/FARvxodyQU3BGTwRv/uEyDEvzRd1WaFN0BkF5qeBN+n5z4SeVO8jhd/Oi3NPiSEz9leRPXy/JGy5+CvCnKH53nfkZ4o42f/Bs+1FpIeHxMvPHfSG0GGfFyP3ij4U9qmZLvZNmfEM3tO9Z8Jzi+IG9S+FOaN0X5M6Z8J3E7F+XPGHbg+R0e1yOl9oZ4FPiTEjdjynf03PEPewD8gYxw1PGnIG9CDdPyp4xBOv4UlYK8ieu5/Bn8m7tjvCRv9p/vFOBPge4KdB1/Ui4b5Q1j501EH5k3OfGTE5Y63gR6ptsexvFVnDd+g3P6QyO6fKcwfx5YvuOrGt4U5U/O533hfMdueyyN7TifcttsDbzu96XPJhhsghj0kTAY3DcCLIvj585y58ollHSoWgJlWZgoDs3P0+62sfs9up09tlu77G5uMl2p0Gq1wK3SoAkILBMqU02m5lfYbPf5xBe+yPzhk3RsiasMcE2kVNiig0WVimXgolDKxXZ6uNJBuQ4ff+UVpmemsQUIV2GZBkooXOF9ghiKaGcpBUjPVgOmEjuAB5rTI/0ZwNn8GV4gnz/OrVtUzl/AePnfU595HVW5gHHyGMLf8CkAdRv3xm2s5aOYf+l3qR27iGqewXziQt4tpBX3X/xD7K/8NpXTn6byv3wT69b7yNV1mD+DceQCogms/QoGr+N+6xu4F76CefpvUf97ryIvr8Px5zGPLHnPw/12mR21o8o/x/7Jl6h9/Azmr3+T+quvI+0lzNPPI4w+UA2OFH/916h+9gLVv3AFefsicm8G48Kr3q81blw8gLbeB5H3fYr9Z04mE8AHKDfaa/z52vu8ufEBN9trKGC5Psfp5gpHp5ZwlaTtdLnXvstab5u206NmVnh67hQvLpzj/Mwx6mY1t56JTGQiEykm/hrAQRlamecPdPyVmmow4PJW9DHIFf0D8BdiD54FHNKJp5WZzckZ0WjOiZ+L5ti8yiP1xVco+4OEYQXeYbqVyESPQ8WaFHv9T76CTBtvho9XQ8MCU+P2BmW8w0RQZ1QPlaOsGB9pB57fsmFPqbCqQs0v4/+0sozsK/5UQtfFQVwPSgX7fSZe/g5QUvWk/aGbOHRGIn72swOzSPzlxU+MP3G3lJIi/k47Z6QK4yeo4L5P509B/+fFS1685e5AJ6pr7c/mDTp/F/J/Bn9y4iV7hwL5/n/ceZPHHy1v4tcvwJ9M+0VgU+iMwM/cL96kxp+ON3r+FJJ9+V9Tlqg8lTcJ/ozq//vEn4GdwefbQfOnzA6oFD2a7wz5c/D+19RXgj+DMInqWbyJl2PlD7HrZ/Mn3/6C/CnDm8L8IRh3EY+f/fCmlP1pHRZ6bd/163kTvM+Y8514WYQ3cUNzeBPXS/NnJN7o851E/ET4Q3l/j83/+61/hHyHNL/fb96EjErhS0IPxPezf+4Y+LPvfGdozqOU74jujndCpD5FU3aGxwg/loI/MBWYypv0lcrAVRJhVbAdm0OnTnH1w3ewqhau08cwKrz71k+Zrtc5fvo4ru0gMNhpdWnt9TEaDrvtPUwDqrUGVq3OlFVBVhq8fvFN1vsKcXeb937vP3HuxAJPnjzEuePHmVuYZ2quiSEsKqpBpVZDugIpwbW7COFy6uxp7rRdXNNCGaY34S8EJgJD+R71Z1QHHSe83y0WQtF09gY2Rx0i7E7AxLL8GdaVzpsgjH//79Gf+gdUXjqD8fSXvGfV/uAbyFf+Jmaoue7v/kPsmf8Z6+wZzFfPQG8d+cOvIT/2NzFH2gX8Peyv/m3Ul/8nrI+/inHsVcwTg7f2biNf/wb2t7/m9dra1+h9tU/1N/4W5rHnMV/Fexbv3e/h/Mffwj6gOVX3679F3/ltKh97HuP8z2PIPuqjr9Hf+jTVQZ8AqP/6Neylv4X1xBmMp894v1zttJDvfQP7n33tYBo7bnEe5P7jx1MmE8AHJEopbuzdCyZ/pZKs1Oe5MHuCF+bPcrixyI83L/Hhzk0u7d5CKokhDFbqC7y69CTPzJ1mqTZLbH3NRCYykYnsQ0SQ9Hr5mPdM3+EKPfBHx54eeuav8I4XwZWCQ4HQ+GaQ6MXHO7HR27C+QWmEdOLl8IyknjvAyhiBxJYaCxG+vm9bKEGOl35fRU4b9JF/2UTfh8wT6WVwfAz/iU+DhFkiqadeQVNxzg6Vof/9QeKgjYN69StG/WbFd0gULENmhi0Ju1fr7ugZUT22Qli/Y0BThr9JKrFDIbli3e9u//1UbyXLtObGLM7StQGZe4XQjRt3WEaLE/FTeIW6Jn6i3R+9/TVl2JJwc1Nvl4TtsSuU5U08HlL5U4Q38dK/TE78FL3dY+cFeq5ZB8Ob/B15Ot7Ed0jk8yYebzreJL7PS8h94k0B/uTypih/NM0tzJ9coI3Amwz+FOZNgj863sR3aJXkj443RfmTxpt4OQpvcnaEp+Y7Pm8eI/6M/gxyhnqkWQfHn6DUyv75M/ozOf1ufrD80V84aGD2CTmOG/0Z5LH4QMefDO5o+BO2JIs/yQ5LucL94o+ON/H4KcubeFmSNwkpzJu4nsMfXbwU4Q8Z8ZLgT0nexCwpzZui462i+XLZfCeIO7+7HzRvRLquu8KY8p3451vxfOdh5E1MT4uTzjZpDpulP+zaQb8IQfA9l1AC0+8uIRCGhY2LYxjUppucOnuOXmuTva0trOoUH/70HU4cPsSTT5xFKpsd28F2odV1qAjodPpM1WvYroOJQNWnuLG+w7/8T99mvS24uPkhdq/LzTsN3n5b8dTJEzSnanzpl/4i55cOY/d6GIaB6zoYQiCQKKXouy5YNRylsCwT25UYpgAGdiCQItSPgW+9BQYzqj+8B0PHCKczCJUob/K+37H/6Zdx0uInNWxv4/zr38D91zGv/buvDnzit+h72P/k17EHBwTu/n+/Gj3x679B++sUlNs43/x7ON8scOjaN+j/H9/IPua7f5fOd6Mv9f/+Z0NRlta+r9H739ImZVNeXwb39/4Ozu+FXzxK5Su/BvRRt741aOu3sP/Ztx7oTzaPXdzHypqHQiYTwAcgSin60mGjv8udziYA52eO8urSBT6+/BS7dod3t6/xxvoH3OlsIJVEAVNWnWNTS7y88AQnppZDaclEJjKRiexflFT4M7r+Dl+Jn5yJ2CpXL8Pyy/izgP0MLPHsO+UnmtHz/R3Hfian23msH4YnVwBLPHM8NbZSN23FuPIGfZnl938V5/vh4UT0Ov4gJdAH3/qL3/8Ezu9Hmgv8I9x/8I+ir+WMc9W/OBWs3SwkKqeMH1t4AB8X348xvcwOrSIr4HPK4YCGUL2+G4Z60jbdDoTQ+yT9XXpHbtbxoQAd+Rl4SbM09mqOHdn/+63f97tf/2j+L7UjNCXedLwZ9n1x/vju9NQReVMy3gLeqLieEj8FeFNa9subkvUneTN4fVTejMSffN4M7+VQ/ETs1fFn2IEj8SaLPynxNuRPuM0l+HPA/t9v/QneBB9XI/KnzA6tIM5CvCnBn0K8Ken/8fGHR5M/BS+vz3cGxx1QvlOUP2m2HUi+Uzj+snlzYPzZr2TVn8GbYb7jHz6mfCdc7jPfSeVNXFd+OKX4/z7wJrHj8qB5E5ey8Va4fg1v4nqcP/cl3xmWiXgpy5sU/ozm//1+3mXzRyv75c2Bfd5peJPgz/3Nd8b5/Y7PG0/V8CfN/3sbntHRE5g2hr4f1jP4SwiEYcBgUlMokEqhBj9x56A49dTTXPrgXZ55/kW+9Iu/xHf/y3dYX7uHaRpULBPDNEAY9GxJS7lst9pUKwa1Wo1qo0FfSa7fusVuq43tVmj3ejRqVe6urXH8qbN8/i98kUOLczzxxGlc26FasZB2D6SD6/To9vr0XZO+IbCl9xmiANM0AW+Hr4HwvsuLLC5QCH8WFmgKl9A3Z0E/iF4L/xnAcd6M/P1OSf4Q10vkO4+XHKXy3/1LKif7qLu3kHevoOwZjHMvYCxUYfd7xSayH1FRdu9BN+Gxk8kE8AGIRNF1+0glWaxOc/zwi1yYPc7J5gpr3W3e277O21sfsdrZpON6v7nfMKq8MH+WXzjyEk/Pn2KhGn/I90QmMpGJ7FMGyTh+LhisEB2kXSKYHw6eBewdHlpZOjhQCYZJZWxFanwl6nAQGV2Rmr8iNtb82IAqVU/Umrx8eumvSCdou//lfKCHR5LxHRDB8RkjwEJLitPOH0hoQJU2oIwPrxJ6irvyxquRUrvjZVj6PZ6q56yAzy0TDY7HS078xC6n2wGgLdPcFbyfEi9E46LoDgitB2LxNxxQa+Ilrgf1p3dXbvykVF8qfrQ7XjTxEgpUP97SeKP1mPaGJ6oPOyi9Q3J4Ez+7GG/izdHzJl5G+JMVP2PnTUn+6HhTlD+JeCvJn1BHj8SfNN6U4Y+ON0X5U8R9wfEp8RPf2VmWP6k3fBp/fMnjTUn+FKg+mzfx8kHxh2x92GFRrSB/tK3QhPvDxx9f8vgT7S3d2Xr/58RLvNTyxj9uRP7oPRYtH8l8pwB/NPFSiD+pnvIljz9R+x8cbzTxk8GbQM/y2D7znYeDN369Gv6MhTea+EnjTTwcQ/2ViB8db4ryJ403ZfgztnxH1+B4/ERFyxtdOMbLTLf5/s+IH3/8LsJ6cf4Uz3c08aPjTax7fRk/fzS8ieuhuPEb6Mefjj9R/2vK0vyJyrj4Y7TuIZ0+yqqGDhDUTYOZ/gadqUNePIXbI0BKCcJAAUq4CCUwjMHGB1fRqdZ44TOf4dq777Dj9Li5cRen12F19RbTizNMNRvMzMximev0bZut7RaWcKhVLepTNWaqFvOm4sxsg7vbXXoNg9NnjvDi80/xsafPc/7UMaanatidHYRZRwmQuLhuH9tuIzFRWLgYCLOCiQAlo/0QmORP9/j3hLd7uNleoybMZN9LG9HbI/0ZwHH+lPx+54D483jJbex/+1XEr/wNzNMXMI9c8F52Wqgb38L+3d/h8X1KroLJBPDYZTIBfADi7QC2mbYaPDN/mhcXzrJUm2PHbvPNm6/x481Lwc5f70OpwrGpZT596Fl+6djPcap5ePLs34lMZCL3QRTBT8GEBzxSDWZ8/ZV6xFZsDlfkBb9MoAb/+JO+ktAAq3BzkiOZIudklQWqC/SB+d4buhXKMT1t5Xvk+BKl8vosXAYJO/7q75hhwRLw7O5J6r4f/dfD/i6xQjxrBWiox7QryMMeSJtgyoufEv7OlZLxNwiTQIm2VhMvOf7e7zOAdfEyNCdklG+A9huEAvHjh5/G/5llgRXCifjJXAGcuKPJjJ8Mu7X+3wdvEpeK8KYgf3S8GYU7abzR7EiPNDpid1H+6HjDwI0F+VNmB0Ief0pOaEft1pRlZJ/x90D4E+eN/yVsgj8pvInrpfij4c1DxZ+SMuFPkjeaHemRRmfYm8mb+8GfnDgrx5+UUmfgKPGWdq0S+U68fh1v4nop/uTFzX7ynbh+0Lwpwp9U3gzjLcGfrPwmTw6aN8Sys0K88d8+2Hwn6I5EvhMt9dH1YPKdTP48VvlOUd6E9DTelMx39j/eipYqrgcH6/hTzv8HO97KkX36P7UsUJ2wO4jWGmruWKg+r7OXe2tcnzqMIQBksFtWIAcne8//RSgQyps0UQauZYDq0zh0mFePHmXn9m2eevoZbKfL6z99i8///OcRwmSqUaXZMNjdcOkKwdZOl4q1Sa1mMj8zRc2UvPLcU7Q6LoePneDCUxd44YXnMJSL2+8xVavgug79no2SLlZFouw9ZN8BJehRpytqnhcEoCyv7QAYnq3KQBju4DUxsN1AIVnq3E11hOhsI5xOPocK5jueQx4wfx51ufEN+v8k52eoH0NR/e6DbsJjKZMJ4AMQIQQVw+LZ+dOcml7h5NQKP9m8xH++/QY/3rzEve5W8LPPlmGwVJ/lF4+9wmdXnuPU9GGqRuVBmzCRiUzkMRTF4Jm+SnjzvaGVwn4JRJI1MXhhkCbG8jnhzxsPV90SzdV0+b5X31BR+NcoZVCoAn9Ao6s5ZceBZkdUYuemrvT7KFwSTJGHjtfoIr0MW1DcfgokyfEKohXnPgOP2ArQ0Eph3QrR2DAjqufukIi2PKGXtl/THf5oSuTETzCAifqdhP81pWZF+tANOfES1BNqbqiZuh2p6fZmlDrR7oj0ytGfgRcrdfFTeodE1PS8Bez59ocunFiSX4A/uh2YRfmTxptIPIzIGw1/su3XlBHR8Sa9QaM/g7Mgf3J3SERbXog3Zfij480jw59os/L4k21/Rpk4YSAPHX+SZbjl4+WPhjcPNX9ipY43Y+NP/ALj4U9mvrMv/iTLcMvHy5+ivInrOfwJv59X6vgT1JgTP2XznZQuSC21V9DxJ+4wDW/icVCYNyX4Q7r7S/GnkIzAm/2Ot7S8iX/e+S3YX76T6I4HlO/snzfxOMvhT4o5cd7E5gsL8CZs9+CfhybfKcifWJ5z/8dbBXgTKnX5Ti5vxjbeyomfkJ0j8SfS3zr+pPNG7K7C/DHiDlyWe1zXVOdNBAvv2iltczExK1V60sU2Le5s7nD9yod8/gufQboSKSWVepX69BS7uy0cFHudHsaGQ8UyWVpYQCjFM08/gVmZplKrgdPlo/ffY2l+DqTNzrpkbn4WqzkHpoFUDgqQwqDvKKRpDvxmhHyYbGwamoQSLDktBrPfEUcYvW2Ix8MBjLeK8qcQbybyeEi/86Bb8FjKZAL4AEQgaJg1jjQW6bp9Om6Pq3t3ubp3l7nqNEu1OWYqDZZrsyzVZzkxtcwrixc4N3N0svN3IhOZyP0TpZCDfFgOEmY5GEj5ejSJS670iz8LOL5C0Bvc+tfxjxvkbip0fT/DE2LkBE8RGoRpVwjn7EAouyMhXmpXCJPU/QYX/kKhYCeEy7xjdfUOyuFlfD+m6yPtkCmwIjl9hWm4L2N6mR1ZMXt1OxL8g4v4u+wzgEd9RlWg5+xQKGP/SPGnq1dlxwuB/xm4rZj/x7MjNNR34+ZNCn9K+X+fvBGhdmTxZ2gAI9sfudy44i+QAvEzgv9L78DK40+cN1n2j8SbjPihJH8yeROPvwLxk2V3Afvvb/xl84ZReVOSP8TizefN/vMdDW+y+FPK/yPmO4PPozh/gj8PzP+aYwvXr+PPPj5/DiLfKWz/MM8YK3+y4qVA/OXyJs2mAocl7deUZUVbv44/++RNXvwVzHcC/oQ8XtZwHW8i7+f5f2y88fs6I34Omjdp5+bUn+SN//rB8CYyPs/gTXCvZo23Mu83PW+i+v3Nd4bxUiB+wurYP28KSk79Sd4wcNPB5Dvx73d0+c7I/Ilq5P9uAAAgAElEQVTzJsEfjf+3b8KJl4eJyaBctKBm7+KYM8m6hAD8SeDk264wkQqUYTK1fJhnP/5JlDD57Od+AddpY5oGZsXCqtcwG1Xau20M18ax+5hii0NLG1iVGvdWb7HT6tJpd+l1uyzMzjE91aRWrWJLm0azydKpMzz1wrM0agIXkBjYSuAaVRQm4Z+v9ieAg8/3EEfC71ftXeYNGbwaiZ72VtCn3hUeLv6MdO9M5JEU1Ws/6CY8ljKZAB63KDn8e/DhYQhBzaxQMy0sIVht3aXb3mC+3+VsdY7F6jQr9QXOzh7lxMxRDjdXmKrPYUwmfycykYncT/FXHPv5baBHS0XyWcAAwZI9hisAvRNCOoMKIuWw/ujbcT2n/bEBVdEVuYnqAhtUuj74d9QV6cTOC3TdkuKggfEBUkwvOcBMXG3oruwyuFzRFcHFV6T7HZ6p6wJCuwMs3f6ExC5bdEdA3D1e6fs9pgfHj74iXRs/4ZniSOkfljPA1nWvrrtjL2mrD8cDGfGjXRGctyJ9uCJZxxv/uEyDyvImJqV5EymL8qYkf1KO08WPfkuDLznxU5Y3cb0sb7T8KcibovzRee5nhDfa+Mm/4UOthYTHx8Qb/43UZpARL/eDNxr+pJY/4/mOljdF+TOmfCdxOxflzxh24PkdHtcjpfaGeBT4kxI3Y8p39NzxD3sA/IGMcNTxpyBvQg3T8qeMQTr+FJWCvInrufwZ/DvqLyzp4mX/+U4B/hTorkDX8SflslHeMHbeRPSReZMTPzlhqeNNoGe67WEcX8V54zc4pz80ost3CvPngeU7vqrhTVH+5Hzel8l3xNZtRGcTNbUwvAkHFzi6d43r9ediFYPwvwfT3OcCAWYV25VgWcwdPga1KXZaXebnalhdgWkqzKqBVa/htrsgarQ6LabqLqv3tlg5fAQhFEL1efL8CQ4trXB45QjVao1Go4E0DCSCrmVSrVeRsodU4GLQo4JDBeU9/XfYpqD9oZ7x/1beuwo4snOFqM8Gd1JvF7Oz4cXBQ82fdL9M5PER5fQnz/+9TzKZAB6nKAluH1zvJxpEpQ6GSRhqdeC8MFkRdX7JtTB372K4N7BMi1rzELWZw1TnT8Lh52D6EFSbD8qaiUxkIo+5qPiIIvTsX4RIfxawfy54AyYlInlYMCgZJTnLSfhTEz4VLb1nD2uOzas8Up9uh8SwQu/lEiuS80oFiR2gg5Wqge4n9/5fMfuHZbwTRNDmqB4qR1mxOdIOPL9lwwGzCqsq1PyS/k+UZWRf8acSevTrgKGf43q6/wvukNDGX7iPk81PNSdiryB6E2viZz87MIvEX178RHYkJN1SSor4O+2ckSqMn6DjTeh9Cvh/ZN5o+JMXP1r7s3nDqLzJ409OvGTvUCDf/487b/L4U/jzrgB/Mu0XgU2hMwI/c794kxp/Ot7o+VNI9uV/TVmi8lTepOQ7o/n/PvFnYGfw+XbQ/CmzAypFj+Y7Q/4cvP819ZXgzyBMonoWb+LlWPlD7PrZ/Mm3vyB/yvCmMH/8y8fiZb+8KWV/WoeFXtt3/XreBO8z5nwnXhbhTdzQHN7E9dL8GYk3+nwnET8R/lDe32Pz/37rHyHfIc3v95s3IaNS+JLQA/H97J87Bv7sO98ZmvPI5TtuD2PjOu7UQsAbv95jshX8DLQ/6VtkbYwBuEqBYeEqiWFUaS4uYhsC07IQuJiGpFo1ME0LKUx6/T6GNKDawFUmjeYML730EndX73Dk0Aqzc/P0bIfVtbscOnKM5aNHsao1ZK1Cz+5idztIqXAk2KKKMmsoDAwY+DG9rWLwuSJRnvOUYsXeGfz8c9QRxt4aynUYO39C1TyQ8dZEHj3pth50Cx5bmUwA71ekjWpvofbuoVr3oLWGsjsgQNRmEc0laC4hGvNQm8YwLBpWnXp9nqXpFZTroPbWUHsbsHsX7n2Aaiwg1y6jls4hFs8gZo8iatMw2RE8kYlMZKwyWOFIdEVoeIWeXw4OA1TwfnAeofGMCA6JDBJ83d9JHM73lBrMM/vJqxi8PygJvR5ue2LAHZ4x0Q6wMkYgsaXG2mfkDY7Xr1D3T4vrUTMSpUgvietp3UGaWSKpp15BU3FOg/yVnoE+WBnq16tfMeo3K75DomAZMjNsSdi9WndHz4jqEQcl4yGx5Spehr9JKrFDIbli3e9u//1UbyXLtObGLM7StQGZe4VBmeawjBYn4qfwCnVN/ES7P3r7a8qwJWn80UsGf4ryJh4PI/MmXvqXyYmford77LxAzzXrYHiTvyNPx5v4Dol83sTjTcebxPd5CblPvCnAn1zeFOWPprmF+ZMLtBF4k8GfwrxJ8EfHm/gOiZL80fGmKH/SeBMvR+FNzo7w4vnOo82f0Z9BzlCPNOvg+BOUWtk/f0Z/JqffzQ+WP/oLBw3MPiHHcaM/gzwWH+j4k8EdDX/ClmTxJ9lhKVe4X/zR8SYeP2V5Ey9L8iYhhXkT13P4o4uXIvwhI14S/CnJm5glpXlTdLxVNF8um+8Eced394PmjUjXdVcYU74T/3wrnu88jLyJ6Vnxsv4RnHgp4biGBYd3LnN3/jxKKYKfU/ZP14BAKDAR3uPShIGwDE6eOQWWACExDTANqFZMTNOgZ9v0HYm912HFVSjD5N7GBrVahWqjhiP7KKGoNGpUbBezOYWqVlFWBVdKHNdFShfHdek7ICo172eohYGBCr5b07QWhfS8KgQrWx8ylfLsXwCzs+51p4Y3j8b3OxN5HERNJoDvm0wmgEcWBXYX1V5H3n0fde8icu0Savsm2B0QBqI+B3PHEQunMOZPIuZPwswhMCyYWUFIG2rTsDMDO7dR2zdRu3dRWzdQ65cRi2cwDj+LcewlWDyNmD7kTQILI9oSpZBy+NPThmEErzuOE3ygVSoVws8J8M9zXRcpZXCcYRiYpolhGJHj8+oUQgTXc103cT3TNHN7VUqJdF3cQXvCH8aRUimEYWAM/o+3UykV2BW2TQgRtCXNNldJ3MHPeBtCYAojlA7G+gCFVCpyvIGBVBKJ1/Y0MYTAEAaGEMG1pVJIJXGUiykMLMPU1hsXR7rBeaYwMGLxMZGJaEV5KWGQ/KfpyhuYR5O52ErmkO4lgdGVgt7q2thxQULvlSoykiCxAj6l8UTfDe1IGJzr6145ph0IsdLPOgN9cN8Pd6goQofFTcgf55YVlVPm1V9YfD/G9DI7tLQrkIuXw8EuoXr9bh/qSdt0OxBC75Pv/33tUAgF6MjPwEuapbFXc+y4B1CF6/f97tc/mv9L7QhNiTcdb4Z9PwJ/YMifMfMmwZ+ANxr+hB3xMPKmZP1J3gxeH5U3I/EnnzfDezkUPxF7dfwZduBIvMniT0q85f7CRJ5TDtj/+60/wZvg42pE/pTZIRHEWYg3JfhTiDcl/T8+/vBo8qfg5fX5zuC4A8p3ivInzbYDyXcKx182bw6MP/uVrPozeDPMd/zDx5TvhMt95jupvInryg+nFP/fB94kdlweNG/iUjbeCtev4U1cj/PnvuQ7wzIRL2V5k8Kf0fy/38+7bP5oZb+8ObDPOw1vEvy5v/nOffl+BwJ2lvl+R2zdwNi8hpw/GU5YADjeW+Mu5wddJwY1+53l4m1diEsFSzkoJI5hgGXQaNZxpYsrve+mLWFQNQSWZWJV67Q6ezimxa21DbBsVuw+x44cYnFlmdlmk0atAY0p6suHMWpNpGmCIbGdPq6U9G1Jp2vjWBZYdRxMpGGC66b0WVL875WPdVZDnTkUY28N0VoL7g0db0b+fqckf4jrJfKdiTzaonp74NgPuhmPrUwmgEcSBUoi1z5EXv0e8sPvILdvQb+FUgphVsCqoTpbsHkFrn4PWZtBHHkW48QrGMdeQswcRcyfAtcGpwu9XeTObdT6R95k8q0fIW/+CLn6LsaNNzDOfhbz7GcRi6fBqkdaI6Wk3W7jOA6GEEw1mxiGQb/fZ319nV63i2VZHD12jGp1uIvYtm3a7Tbb29t0Oh0cx6FaqdBsNpmenqE53cSy0kPE7vfp9Xq4rotlWVSqVSqVCp1Oh93dXXa2t7FtB8M0mJ2ZZW5+jmazqZ1Q9u3o9/vsbG+z127T6/ZwpYshDEzLm7Q1Q5O9tVqNqakpmtPTkcllf+J7e3ubvVaLbreLbTuYpkG9Xmd+fp6pZpNarRbzqqLldNjpew8cb1o1pisNKoZFfDJWoXCkpOV02HO6SCWZsRo0rBo7dpue28dR3morr03eOYYQVI0Ks5UmdbNKxfDa3ZM2u3ab9d4Oc5Umh+rzWIZ+8jksW3aLjd4u05U6s5Um01Yj95yJTARACeGltWKQNAYrRON6fGWf/8vQgwNVaG324PVgpSCDCw7K4LjBddNLorpG4guGRTj7FcP8NtmKnOoHnZD7TM7wSFLE9OD4jBFgoSXFaecPJDSgShtQxgcDCX3ovmiZ3ephqd3xMiz9Hk/Vc1bA55aJBsfjJSd+YpfT7QDQlmnuCt5PiReicVF0B4TWA7H4Gw6oNfES14P607srN35Sqi8VP8HK85iui5dQoPrxlgjgqIeiZWneaDpEc3vqdgAU4028OXrexMsIf7LiZ+y8KckfHW+K8icRbyX5E+rokfiTxpsy/NHxpih/irgvOD4lfuI7O8vyJ/WGT+OPL3m8KcmfAtVn8yZePij+kK0POyyqFeSPthWacH/4+ONLHn+ivaU7W+//nHiJl1re+MeNyB+9x6LlI5nvFOCPJl4K8SfVU77k8Sdq/4PjjSZ+MngT6Fke22e+83Dwxq9Xw5+x8EYTP2m8iYdjqL8S8aPjTVH+pPGmDH/Glu/oGhyPn6hoeaMLx3iZ6Tbf/xnx44/fRVgvzp/i+Y4mfnS8iXWvL+Pnj4Y3cT0UN34D/fjT8Sfqf01Zmj9RGTt/UIi1S7BwMnoBYNYSHNm+xOr8E5E2eJuH0jfVGLgI/GeOCZQyqNSnMGtVVEXQkw6WYVAXFaqmSaNWYRuwXcW9rV1swOlKZhs1FuebNJtNKrU6yqpi1BoYlQoS2/OT08V1FHt9RcuuYNbnQFQQysCQCoQEby+yvj8HsXho4yIzItxTQzFbdwGl500qf0p+v3NA/JnIoy2qvfOgm/BYy2QCeBRx+qjtm8hrf477wR+j7l30dv1WpjCWziNmjkBj1ju2u4vqbHjlvQ+QnS3obGGc/hTGkefwkgwJ7jJG8xBq7jhq8TTUmsjrryHXLiH7bZAOOF3Mp38ZMXc0mASWUrLX2uOtt37C+toalUqFl199FYDbt27x+uuv09rdZWlpmb/8K3+FpaUlXNel0+lw9coVLn14iTt37tBq7dLv9UHAwsIiJ0+e5IUXX2D50CEajeSE4urdu3x0+TIb6xscWjnE8ePHsSyLq1evcvHiRe7cvk2328OyLFZWDvHkhQtcuHCBQysrVKtV4hPBUkrurq5y9eo1Ll36kF6v5+1CFgbdbteboHZdmlNTTE1N4TgOKysrnD5zmnPnz0fauLmxwfUbN3jv3XfZ2dlBui6VShUpJYYhWFhc5OzZs5w5c4aZ2VlM00ThfdC/u3WNH66/D8Azc6d4ceEci9UZLCO6e9lVkpbd4a2tj/jp1hV60uZjC+d5cvY4b2x8wK32OntOl2mrQdOqYwmDLXuPnmtTNSxOTa/w5MwJTk+vUDEstnotLu7c4M3ND7gwc4JPHHqa+cp0ot6weJPQLj/Z/IgfbXzIM3OneXb+1GQCeCIlJLlSEyEynwXsJ2fKP3+QBHpJmRomZSp4cbjyN6sl/mA6PpLJNyFZFjxXN+DybUlfoRzT01a+R44vUSpI7NAKBrX+asyYYcES8OzuSeqeJcNu8/w77mdwkqoTsiXkgbQJpowBTcSgIrGSJ2kj6bzDQ/VHW6uJlxx/7/cZwLp4GZoTMiq4Z1PsFkOb4jYTumIQfhr/Z5YFVggn4idzBXDijiYzfjLs1vo/jTdojs2RKG8K8kfHm1G4k8YbzY70SKMjdhflj443DNxYkD9ldiDk8afkhHbUbk1ZRvYZfw+EP3He+F/CJviTwpu4Xoo/Gt48VPwpKRP+JHmj2ZEeaXSGvZm8uR/8yYmzcvxJKXUGjhJvadcqke/E69fxJq6X4k9e3Own34nrB82bIvxJ5c0w3hL8ycpv8uSgeUMsOyvEG//tg813gu5I5DvRUh9dDybfyeTPY5XvFOVNSE/jTcl8Z//jrWip4npwsI4/5fx/sOOtHNmn/1PLAtUFugLj3mXk4WdQs4dj9StO9e6xylOA4dnpf2mlxOA766itBk5okYGBwqRSbaBQSBSdXpfVO3fp7nSoVas0qnWEYYFZo2dLVncdKnSZX92kPtWg75pMT0/RmG5iuDbVWh2jIug7fVzXZLtls7HnUp89hGPNYhgVKtJEIVCG9LymBGm/PikYuu5k+07qs39FZwOxezfKoTGNtwIHPEj+TOSREdXvQK/9oJvxWMtkArisuDaqvYG88QbuR3+GvPkjQCGmFjEWz2Kc/Sxi8SxiahGEQHW2UDt3UJtXkRuXkVvXwekh6vOo+ZOI6jQYJlg1hFXznhk8dxxRmwFhoPp7qN1V5O2foPotxNwJDKuKmDseNKm11+LNN97kg4sXqVQsFpeWcRybd955hz/5L99ld3eXM2fO8PN/4ReYn5+n0+lw/do13nvvPS6+9z7r62u099p0ul329vaoVqscO3YMUDz73HMcP3ECy7Iik7ard+7w2muv8cH7F3niiSd44aUXMYTg0qXLvPvOO9y5c5u9vT1c16VWq3P9+g32Wi1e+bmfY3l5ObL71rZtNjY2eOedd/jJj3/CjRs3Bjt156hUqmxtbbF65w63bt+m2WyytLTE9PQ0juMwv7CA63g/N+26Lu12m4sXL/KjN3/Ehx9+iHRdGo0GM7Mz2LZNp9NFyg+4d+8e7XabJy9cYG5ujkq1igLe277Gv732p4Cie/wTnG4eZrbSxCI6ESuVt1v4rc3L/MebP6BldzCF4FB9jtfWLvLjzUts9Vs8OXuCU80VZq0pbnXWudvdouP2WNmeZ+vQHpZhcGxqmc3+Lu/tXOMPb73B1nKL481lpmbqmRPAjnRZ6+7w2tr7fPPWa9jS5XBjntPNw2MK9ok8/pJcMVyoxM/bhusNhX+98DgzsUKZyPHhHE4QezNcFpVIBf6AJlxDLOGN65odUYmdm7pyYHh8hfrQnBxdpJeRPipif1ZCnXXFWMW5z8CLx09opbBuhWi0eTFdu0I5PV4Semn7Nd3hB6PIiZ9hoEf8TsL/mlKzIn3ohpx4CeoJNTfUTN2O1HR7M0qdaHdEeuXoz8CL80YTP6V3SERNz1vAnm9/6MKJJfkF+KPbgVmUP2m8icTDiLzR8Cfbfk0ZER1v0hs0+jM4C/Ind4dEtOWFeFOGPzrePDL8iTYrjz/Z9meUiRMG8tDxJ1mGWz5e/mh481DzJ1bqeDM2/sQvMB7+ZOY7++JPsgy3fLz8KcqbuJ7Dn/D7eaWOP0GNOfFTNt9J6YLUUnsFHX/iDtPwJh4HhXlTgj+ku78UfwrJCLzZ73hLy5v4553fgv3lO4nueED5zv55E4+zHP6kmBPnTWy+sABvwnYP/nlo8p2C/InlOfd/vFWAN6FSl++U/36nKG9K8idk50j8ifS3jj85vLE7GHffx509knBkw4Szaz/m6qFXog3UJCJKgAgmyBWGAMMQCCXBdlB9l53dNpcufcSeDTPzh2k0Z9hu2/RFBSUMbq236O512eg4nD9ncPyIgTRMRLdPreFiWALXddnY7bHWMZlbOYWoTiNp4OJgSBfDENiD4DMUw0UFQeerQfcKTq++QUP37N/WKobbHfJobPzR8WZ0/hTizUQeXdnbetAteOxlMgFcUlR7A3n7LZy3/y3q7nuAQjQWvJ9ofvKL3q7e+qz3nF9ASNf7mWe3h9q6gVx9F3ntz5HrH8LNZYwTr3qTvWGpNILriKVzuG/+a+TmVdi4gvvW74FpYc4dw4e267rcXV3l0qVLOLbN6TM/oNXa5drVq8zPzzM3N8fi8hIVy6Lb6XDzxg3++I/+mOnpaT73hS9w5MgRqlXv55svX77Mn3//B/z07bdZ31hnY2ODv/jFL3JoZYVKpRI0sdPpcPfOKu+++673U8t7eximwclTp/jrf+NvUK1U2N7e4tKly3zrm9/kT//kT/jo8mUU8Morr3Di5MngWtvb2/zB//cHvPH6a+zu7vJLv/zLPPPMMxw+fBghBJ1Ol2vXrvJvvv5v2NzcoF6v89f++l/j9OkzTM9MM9Vo4LouW5tbvPHGG/zRt7/Nhx9+yJd/6cs898ILnDh+3JvgVYr19XX+6Nvf5vUf/pDv/9mf8d/82q/x8ssvc+LkSQxhsOd0ud1eR6HY6e8hQz/jHBepFDt2m1vtNXbsDi27iyEEPWmz2W/Rsjucmz7C51Ze4MLsCbquzVtbl/nTu2/z3dW3uLZ3l1vtdf77c3+Jruyz1W+x3tvh3a1rnJy6yLHGMg2rps2JWk6XP7v3U97avMxab5v13jZtpzdaYE/kZ1OUQg7yXzlImOVgIOWvCPVf91f0+T8yI5UKTQInVwBKFX09Wg7rH1xkkEwPdf9y/p+FzIHQhiLdCuGcHQhldyTES+0KYZJ6tMEFvlAo2AnhMrfDssvhZXz/pesj7ZApsCI5fYVpuC9jepkdWTF7dTsS/IOL+LvsM4BHfUZVoOfsUChj/0jxp6tXZccLgf8ZuK2Y/8ezIzTUdzHelBH/9mVwrVQ9qLWg//fJGxFqRxZ/hgYwsv2Ry40r/gIpED8j+L/0Dqw8/sR5k2X/SLzJiB9K8ieTN/H4KxA/WXYXsP/+xl82bxiVNyX5QyzewvnO/vij4U0Wf0r5f8R8Z/B5FOdP8OeB+V9zbOH6dfzZx+fPQeQ7he0f5hlj5U9WvBSIv1zepNlU4LCk/ZqyrGjr1/Fnn7zJi7+C+U7An5DHyxqu403k/Tz/j403fl9nxM9B8ybt3Jz6k7zxXz8Y3qhwvGTwJrhXs8ZbmfebnjdR/f7mO8N4KRA/YXXsnzcFJaf+JG8YuOlg8p1I/GTkOyPzJ86bBH/y/S9WP8BYPo+cO57owJO02GrdYmfmOHkihYFQcjBxqRBKYigwUYi+Az2Hre0WtzZ2WL27TV/epDI1j2FVkRjY/R5OX7LX7nJv7ya3721zeGWew8cO02jUmGo2qdaqOFJSm51j/sgZXKOBkgYIiRIuKAOkDPW9PrBmd29y3NlNfc9ob2Bs32a4e/jh5s9I985EHglRvT3UZPfvfZfJBHApUajt68gbr6M2rqA6O4j6NMapT2Ke/RzG8Y8hppbArKSfXp3GbMwjphZRe/dQ27fhaMoDroUB1SZi4RQGoNYug9NHrl/2ngl87wPUyY8jphYAA/+Zt71ul9beHtevXePEyZN89vOfZ2lpCdM0mZqaYmZ2FoSgVqtx9uwZFheXOHPuLIuLi1iWheM4zA12CG9sbPDee+/x07d/yqlTp5mZnY1MAIM3AdRpt9lYX6e1t8cnP/VJnnzySY4cPUqtWqXb7bJ86BB37tzm9dde59rVq7zz059y/PiJYAJ4b2+PGzdu8IPvf5/V1TucOHGCJy9c4Oy5c8zMeBPjjuNgWRZPPXWB1197nZs3brC1tc2ZMzA9PQ3A5vo6H3zwAd/5oz/iypUrzM3N8dzzz/P0008zPz+PYXjPcJiZmeHlV17h6pWr/PCHP+QH3/8+CwsLHD12DMMwkEphSxeFRCIzo0EIkChs6dB3bSQKU5gYCKSSuEoyZdVZqM1wuLGAVIqu2+N2Z4Pv3PkxV1qrzFenabtdOk6PrX6LjtPj2t5dfrTxIc/On8EyTBaq04m6XSXZ6rf4/r13+HD3Fj3XZsdu03X7mW2eyEQi4q84FoM0K9DFIPeKrigd6gxfF6CUSDwTWAzK8NGJZD+2IjpYMa85PCGxAVXRFblBKcKlvwI4RR/8O+qKdGLnBbpuSXHQwPgAKaaXHGAmrjZ0V3YZXK7oiuDiK9L9Ds/UdQGh3QGWbn9CYpctuiMg7h7h3yuDbzQienD86CvStfETnimOlP5hOQNsXffqujv2krb6cDyQET/aFcEFd8TEeBN+Jp5/XKZBiR0Z+q5Kk9K8iZRFeVOSPynH6eJHv6XBl5z4KcubuF6WN1r+FORNUf7oPPczwhtt/OTf8KHWQsLjY+KN/0ZqM8iIl/vBGw1/UssEb0ry5xHPd7S8KcqfMeU7idu5KH/GsAPP7/C4Him1N8SjwJ+UuBlTvqPnjn/YA+APZISjjj8FeRNqmJY/ZQzS8aeoFORNXM/lz+DfUX9hSRcv+893CvCnQHcFuo4/KZeN8oax8yaij8ybnPjJCUsdbwI9020P4/gqzhu/wTn9oRFdvlOYPw8s3/FVDW+K8ifn837UfMdwOqjb78D88djZ3oXP713izZnjqKAn0kW43kSsC7gIUCaW4VIVCtPp09trs7PdZW29w8ZeDweDXuseQlSoN+pM1+vI6jSqXsE1JZtdm93r61y6doeqpahP1Vg+doJnX/gY04fO4lBFGRWkUQGpsDAQFZCAKQ0Uw2UM4C9wwLNDwNmdSyR8NBBz5xbC7SFE6C546Pmjdc1EHmFRuxsPugk/EzKZAC4qSoG0UZvXkLd+guruAArq8xjnPodx4hXv2b8ZIuqzUJvBXDyNvPEGcvNa9vGVKZg9hnHyVdTWdVj7ELW3jty8hrF5DVFtglVHIBCGAUKgpMRxHJ588kk+/dnPMDMzg2kOf0a41+uxsLDAxz/xCRpTUzSbzeC9SqXC0aNHeerpp7l16xY//vGPuH7tGh9dvsxzzz8HM8OdyqZlDZ/lKwQz09N85jOf4eixY8Exc0C9XueTn/oUq6urvPn6G1y5/BHr62vBMa1Wi5s3bvDBxYvUG3VOnDjB0aNHg8lfAMuymJ6Z5tz587z11s04ABkAACAASURBVFt88MEHvPfuuxw7dozDR7w+X7u3xk/ffps//8EPmJmd5eMf/zjnz59ncXEx0qdTU1O8+NJLvPbaa/zpf/2vvP3WWzz77LO8+nM/R61WQwgwhEBhIBAYGQmKQHhHCQMEGAgsYVI1KpjCRACGMIJrGEIwV21ypL5A3ayybe+x3d/DkZKO22e7v4ctHe51u7y7c40fb15ivtpMTAArFHtOl1vtdX6y9RG3OxtUDYs9p0vPTVlQMJGJaETFRhT+zt/MMkjygFCCrIZ5Z6BHhkaKSL4fHzpFXiz4BV+4Pm1ZWFSsPt0OiVCCDfvbARovFSR2gA620gQ6w0FvSE0p4x0mgjZH9VA5yorNkXbgDeOHsB7qf3Xg/tfUV7h+ldCjMT70c1xP93/BHRLa+Av3cbL5qeZE7BVDm0JnJOJnPzswi8RfXvxEdiQk3VJKivg77ZyRKoyfoONN6H0K+H9k3mj4kxc/WvuzeYPO34X8n8GfnHjJ3qFAvv8fd97k8afw510B/mTaLwKbQmcEfuZ+8SY1/nS80fOnkOzL/5qyROWpvEnJd0bz/33iz8DO4PPtoPlTZgdUih7Nd4b8OXj/a+orwZ9BmET1LN7Ey7Hyh9j1s/mTb39B/pThTWH++JePxct+eVPK/rQOC7227/r1vAneZ8z5Trwswpu4oTm8ieul+TMSb/T5TiJ+IvyhvL/H5v/91j9CvkOa3+83b0JGpfAloQfi+9k/dwz82Xe+MzTnUcx3wvWY9z5AzZ9AHn0m4I9/U0wJuLD6fS4e+VT2JYVAmCbSlghLYBoGlVqDbreL5Sj2bIfdTpeO4+DYElsplDBxhaTV7tLv9jErNrXaFK6pMCoudVMyVatQb5icPnOKZ196mZVjJ+mKChILxzBRGIP2ytDXPMM7QSBQYvCYXzxfPXHrezQ1HW9sX8fYvnn/+ROq9oGMtyby0ItqbYAz2ch2EDKZAC4qykV1tlE7t1Hbt7yfda40EDMrGIeeREwfKnYdIcCoIlaexpw/iagld3dGDreqiMUziNmjiOoUqt9GtVaR9y4ils6CVQfhPXcAoN5o8LFXXubJC08yMzMT7Hz1pVqtYlkWSqnEe740p5osLiximha9fp+9dhspo7thDWFgmiZCCA4fXuHJCxeo1euJa1VrNc6eO8fy8jKu67K9s0N7cD3DMGi322xtbeO4LvV6nemZGSwz+dxb0zSZnZuj0ZjCcRzW1tZotVoAKKVYXb3D+++9R6vV4uy5c9r2GIbB9PQ0y0vLLCwssLu7y/r6Ojvb2ywuLQEC/1nHhjAQQpC2AkwApmF4E7wI/KMMIaiYFubgXFMYGAz7uefa7Nod+tJhrjLN6enD1M0KXbfPjtNBCehLh9XOJn92921OTC3z9OzJoE0KhSMll3dv89r6+7T6HaRSSKXYszt03T5SqcyJ64lMZCh+dA9X7hmAv0IvvFLP8N8ffF/l6bHvr0IDab80QjpE871oS4KxBoikHikjVwrpoQGVNzWdNsDKGIHElhprn5E3OF6/Qt0/La6nmxOUIr0krqd1B2lmiaSeegVNxTkNGk7/+4NEMfhCRwzcoVsx6jcrvkOiYBkyM2xJ2L1ad0fPiOoRByXjIbHlKl7GboCiOxSSK9b97vbfT/VWskxrbsziLF0bkLlXGJRpDstocSJ+Cq9Q18RPCn8yvJWMHx1/UiWbP4V4E4+HkXkTL/3L5MRP0ds9dl6g55p1MLzJ35Gn4018h0Q+b+LxpuNN4vu8hNwn3hTgTy5vivJH09zC/MkF2gi8yeBPYd4k+KPjTXyHREn+6HhTlD9pvImXo/AmZ0d48Xzn0ebP6M8gZ6hHmnVw/AlKreyfP6M/k9Pv5gfLH/2FgwZmn5DjuNGfQR6LD3T8yeCOhj9hS8Y53horf3S8icdPWd7Ey5K8SUhh3sT1HP7o4qUIf8iIlwR/SvImZklp3hQdbxXNl8vmO0Hc+d39oHkj0nXdFcaU78Q/34rnOw8jb2J6VtyEHaUUxs0fo2aPoJoL0fdRHKJP796bXDv0CjqRKJQrMSwTV5jstjtMN2bAmqLV3mV7z6bVsbFticAaxIfh/bakkjgKXGx6/W0s5dBSbeabVY48eY4vfP6TnDxzErPWQJoVpCuQCKQa9JsQkd+ojN96XrR707Gn7r7JIdVP6WiB0W9hbd/07o3H6vudiTxqouwuqrX5oJvxMyOTCeCiIl3o7qDam6juFkgH0VzyJmYb82BWi19LCO+5v9UmGJqfiw6ONb3rN+ah0gCnC+1Nb0ew20cMPrD9slKpcOLECRYHP/2crFqkvh6YKSXdbofW7i6u66Ck9P6PHWcYAtP0dh1PT8+wfGgZy0qGk2VaLCwsMDXVxPupahvXdQFQyvt4CGxgsOM2kQQN2yaVRCmF67pIKfF//npjfYNbt27R7/c9+wzB2r17dDsdb6JbCJRSSClxXZdut4NVqbC7u8veXptutztoj7eT11GKttNlrbtDzahSi/2styMd1nu7tJ0uwRpP4dliCQNTeJO+3kQwONJly27xzvZVfrx5CUMYPDd/ii8cfpHpyhQdt0fL7rBQnaZmVJBK8v7ODS7t3mK9v8N8ZRrLMHGky1pvh7e2PuLNjQ85MrVIT9ps9HfYc3p03T6uchHCDKWxE5mIRpRC4idfYrDTl2FCLf2kMH+ln/+6lN5APm3FoBDR88MDOBUZSZBYAZ/SeKLvpuxI8HN9SF8xrmC/z8TzeyDQB9/6DxeUKkKHxU3IH+eWFZVT5tVfWHw/xvQyO7SKrIDPKYnFoW6HVtI23Q6E0Pvk+39fOxT8gA3F2zCeQjaVkSx/px077gFU4fp9v/v1j+b/UjtCU+JNx5th3++DP4yfNwn+BLzR8CfsiIeRNyXrT/Jm8PqovBmJP/m8Gd7LofiJ2Kvjz7ADR+JNFn9S4i33FybynHLA/t9v/QneBB9XI/KnzA6JIM5CvCnBn0K8Ken/8fGHR5M/BS+vz3cGxx1QvlOUP2m2HUi+Uzj+snlzYPzZr2TVn8GbYb7jHz6mfCdc7jPfSeVNXFd+OKX4/z7wJrHj8qB5E5ey8Va4fg1v4nqcP/cl3xmWiXgpy5sU/ozm//1+3mXzRyv75c2Bfd5peJPgz/3Nd+7r9zuk8Kew/xWitYZx/U3cp/5iaoeecHdw1t/m9vLzqe0UQmEIA1sJdvbavPHa6/zql77I0aXjfHjjOjsdiW2DcsGV3vfKEglS4f16pgQBhlJUTMWh+Vk+84lX+cLnPsWh5Vm6/R7CquAaYA7OF0qCGPZylggER9fe4rizrT3G2LyKaG+kXCmbNyN/v1OSP8T1EvnORB4tUTtr+QdNZGwymQAuKspF9Vuo3i70O6AUojaDmF4BswYifTetVoyCXS8M72eeKw2o1KEjUN0d1O4quM7gGIFAgBBYhsHc3ByNRiPzslJK+v0+vV4Px3aCiVXputy6dYvV1VVs2/YmZw0j8dEnDANj8Hq1VqXZbGKm7CgWhqBRb1AdPD94+IB5T2q1GtPT01SrVVzp0ul0cBwHpQYfkANxHIed7W067U6wi7dWq6GUwrZtdnZ32NzY8J6F3OuxubHBR5c/otFoYJreblxXehPHjm2zvb1No9Gg22hgmmYwmSwG/ykl2ervcW3vLj1pUzMqQeKqAEe5bPVabPZ3caUk/Onj7/51pfec3ttt7/fsb+zd40cbl7i6d5dTzRU+s/Isn1l5jmmrTtvpsed0WanPI5Vk125zde8ul3ZvcmX3Ds/Mn8YyTHrS5mprlbc2L3OldYfPH34RhWJtfZuO26fr2tjS9X6CWpdXTWQivgQrQgfp7SA593UlBiv7GO7AC06Awf0w2GsrQKjQ+94F/IrSy5QV0MEgMfS6bpgQXzCsW0CsbYW+GYC/It0/3l9BHNLDI0kR04PjM0aAhZYUp50/kNCAKm1AGe+3hB5yU6TMbvWw1O54CcVL0Hcpes4K+Nwy0eDEJxVZEq9OtwNAW6a5K3g/JV6IxkXRHRBaD8Tibzig1sRLXA/qT++u3PhJqb5U/AQrz2O6Ll5CgerHWyKAox6Kltobnqg+7KD0DtHcnrodAMV4E2+OnjfxMsKfrPgZO29K8kfHm6L8ScRbSf6EOnok/qTxpgx/dLwpyp8i7guOT4mf+M7OsvxJveHT+ONLHm9K8qdA9dm8iZcPij9k68MOi2oF+aNthSbcHz7++JLHn2hv6c7W+z8nXuKlljf+cSPyR++xaPlI5jsF+KOJl0L8SfWUL3n8idr/4HijiZ8M3gR6lsf2me88HLzx69XwZyy80cRPGm/i4Rjqr0T86HhTlD9pvCnDn7HlO7oGx+MnKlre6MIxXma6zfd/Rvz443cR1ovzp3i+o4kfHW9i3evL+Pmj4U1cD8WN30A//nT8ifpfU5bmT1TuL388/5ur70BzEffky0QTCq+DzzjrqPWfsrr8fGobXeny/7P35kFyXPl95ycz6+q7G92NPnARYJNoEASPIUGRgjSa4cxII+ugPbJ2V/bEOqzVbliOjbXDsSFFrEf7x/qfXf2ztv+QvApZEatrQpJ3pLHGFiVqyBlqSM7wAgcHcRAkiKvRQB/os7quzLd/ZGVVVlZmVWbdDfw+CODhVWXmu375rd/L916+WCLJ0spd7q1tkDM1clqc1OgUW/kLrGeyZEwTUwcsO/M6oCmLmKbQlUU8prNnuJ/nn32CF557mrHRAQrZHaxCnlg8gTIVMV1HoWOaFigTZ6/eUlWr6rxNL5/jUHbZVSOVGGvXiK1d9/kdiqo/EZ/vdEh/hN2D2liCfLbb2XigkAHgsCgFZs5+9bMqDvgZcbRYqu6PWNNoWtGBKwp+YQeV3QBlVh4DoNmvOa71CmDLssjs7HD9xg0+vXqVxcU7ZDI7WKaJZSk21te5c+cOhXwBXdftgV3P9TSg9Kpk3X4ddGA9uH6Ndd3APbA7OjbKwUMHmZicYH19nVsLC2xtbpIfHyeRsFdVK6XIZDJ8/PHHLC8vk0qleHjuYfbunSwNAOdyOfKFPEop1tbW+OTjT1hZXiYej6PpOkoplKXs1cxKkc1mmZubw1KKIw8foa+/v/RKbIXCxOJuZo0L69e5k7lHQo8Xf3csLKUoWCab+R1up1fJq0LJbdAovjoajY18mr9deJ8PVj8macTZyu+wt2+UH5mc5zN7HuHhoRnGE0PEdIOMmWOnkOHgwCR7ksNkzByLmTWubNzmzaXzHBycoj+WZCuf4Z2VS1zfXmIo3s8Lk8fYKWR5b/kyOStP1sqRVwWSxAn60RcEB+Xq+Dgrcp2VwJYTFr934u6VvJp9kbJThqp00jxdmorB3apv8fFAQxWidljnVL8Ol/1F0AxlT9w7A9lvJmrYUEHVCq1Sp9aZjekpmDOpJqC83o/Lcbsk5eqyPftW78GJbxxXWdwG4X3gUmUhwQUMYyv1iGh/RTMpRTzW7m8vddq72T2Ag+ylXBxXoZwCBD5BCGE/jvkFtH/NMMQM4Sr7qTkDuOqOpqb91Ch3YPs3oTdVl6rQm5D6E6Q3jeiOn94ErEivyHRFucPqT5DeUGzGkPoTZQVCPf2JOKBdWe6AMApN2l9X9MerN85D2Cr98dEbbzyS/gToTU/pT0REf6r1JmBFekWma5S3pt60Q3/q2Fk0/fEJgwrYiL35XSuCv+NNP0hvvPFI+lPPbprxd7zxTutNGP3x1ZuyvVXpTy3/ph6d1hs83lkovXG+7qy/U6qOKn+nMgy2ru74OzX1577yd8LqjSvupzcR/Z3m+1uVofLGSwcH6U+09u9sf6sOTba/bxgiuVLcT2800G5+gJ4awpp4uDphpTicWyK2dIZbk0/an5VfN0AsHmd5bY3t7TSxRIpzlz9iYuoFYqOj7H3oMInLl8neuk1B0ygoE12zt1PTsdA1i4RuMJxK8vDBWfZN76UvFQNlYpoFdB00LCzTwlQ6Bd1A11NYym4d++19WmWei9F9d3/IgdyK67vKita37mKsXi1pXLv7WxUN0C39EXoStb2GSm90OxsPHDIAHJKSI6gUJeUx86hCBntAuI0pm3k7Latgxy3THoxWZQXUKMtsrVf/Li8vc/3adT48f471jQ0M3WDv1F5mZ2fsAVcFKysraLrGD3/4Q3twN+b/OmEVVoBVOY+GYZQGWjVNI5FIMDszw0//zM9w9swZ1tfW+c53vsvR+UX27dtHLBZjbW2NT69e5eOPP2FqaopnT57k+PHjjO3Z45vc9PQ0Tz31FCOjo8TjMXumlAJVar+yW65pOjMz0wwNDZVejW3v3WuwNzXKsZGD7E2Nll4BrVAopYqvdN5mMbPK+fUYGTNXKqpVtJGEHuPAwCQZM8/VzUXu5TZJGnFG4gMcGZxhb2qMmGaQtwpsFzLsmDmG4/0cHT5AUo9xdWuRtewW765c5tTeExQsk1vpZS6sXydlxDk+eogjgzO8n7iCpmnkrDwZM0fWzDNgpJrqFwoPCuWZnroGzl6/zozhuiFFM9OKoWuGoK47nZbycbX8fY1y3wJvGJaKBDSPSFXnoGrFQcCKqKqVm0Fh0aH1zlAvF6dOXPMP3SUIX35COMneBCoTrrsHnmM/LjuqnClaPUO0MnueeOAM5QB78cYjlz+gOkpGXcd+Sh2Yynanqv0DwoAZ6eVmqGMvpXRc2XVlM2hFqn95a4RBBK6ItMPG98DzhEH2E3mFRGXR601gr19+14WrpuSH0J+gFZhh9cdPbyrsoUG9CdCf2uUPCCsI0hv/DDW+B2dI/QnSG5cZu3MeSm+i6E+Q3uwa/anMVj39qV3+GmHVCUV6Tn+qQ3fOW6s/AXrT0/rjCYP0pmX6471Aa/Snpr/TlP5Uh+6ct1Z/wuqNN15Hf9zf1wuD9KeUYh37ierv+FSBbxh4hSD98TZYgN547SC03kTQH/ybP5L+hKIBvWm2vxWoN97fOycHzfk7VdXRJX+neb3x2lkd/fEpjldvPOOFIfTGXe7iPz3j74TUH4+f0/7+Vgi9cYVB/k5dvWlZf6uO/bjK2ZD+VNR3kP5E1xs9twXX3kUl+lAj+7wJAYoDhVXii29zdfa54vivhdIgvWNyY2GJ9E6WsYm9vPH9d9i/fx9DAwb0DTA0NUty4S7b99axdDCUIkYBTZlYusFgSufw9B4OzkxRyOW4u3gbQ02RSMQhrqN0xXZ+i6ymY8UGsZRWWjkMOgV0NE3HUKA0C6VZHL79NlOFLZ8KteP6zhqx1ato+Z3irddu/QnSm8b1J5TeCD2PymyiNlfqHyi0HBkADoktTs5KWFt5VG4b0qvgDMzW/fVqAKWgkEXld6CQLTvYno6twq2Fwap44/p1vvPaa/zd668zPj7OM88+y/yxYxw4cIDBwUE0TePatWsUCnlSyaRrda83W/ZAaJ3kyscCzv7DhlFeBWwYBnvGx/mpn/opYkaM737nO7zz9ttsbmyw/dgWiUSCu3fvcv36dUDx1NNP88KPvsDDc3P09fVhmiaGYRAzYhiGPdg7PTPDMyefZXp6urSKOCqGprOvf4Jnxh9hf/9k1R7AeavASnaDjzZuktDjFSuuLWWvEu6PpXhizxE2cml2zCyLO6us57ZZz21jFicNWKjS65/zVoHBeD+HB6fZ2zfKpc2bfO/OWS6u3+DC+jVWc5vcTq+wuLPC/MhBfmLqSaZSe+iPJYnr9kCyMwBcvWuzIPgQNCPZUtgjwmVHWvmGjvIFz1h3H08pLMqGawag0irjjTh4ClcnLHCGcJ0VCFFXJHjDwBnCVMedDId+oBCyEtxhvWOD0nWas3Sw037+8YZWyISYkew/w9Rdl554lBVZnvL6zhB2HRymvaPuAdzoHlWluPd3uMXtH+oavmFte6HU/lTrT60Zyd6woRnK1frTMr3x0Z9I7d+k3miufNTSn3IBaLj8FZdrlf2VCGE/DbR/5BVY9fTHqze1yt+Q3tSwHyLqT0298dpfCPupVe4Q5W+v/dXWGxrVm4j6g8feWufvBOhNLf2J1P4N+jvF3yOv/pT+27H2Dzg2dPpB+tPE708n/J3Q5S/7GS3Vn1r2EsL+6uqNX5lCHFZd/oAwKoHpB+lPk3pTz/5C+jsl/XG1eNSCB+lNxff12r9leuPUdQ376bTe+J1bJ/1qvXE+74zeVPTPa+hN6V6t1d+qeb8F601lvL3+TtleQtiPO9ry35uQ1Em/Wm8oNlNn/J2wz3ca1h+v3lTpT7T2d47Xt5ZQH7+FNffjqKG9vhU8rbbov/k6V/Y8QS41SqGguPrpNZaW1jHiSWKxJBoGv/P//Ee++ku/AHqc7XSWgaERMjmTXC7HzuYGaBrxWJz+ZIr90xM8cXye8fFRYnENChl2djaJxYcwSKFpcQp5DT2ZQDMSmDkLXVOgFey603TsoRydZHadw8unGVH5wOrTshsYKx+j7aza7eC2F5fe9Lr+NHTvCD2Fym6j1u52OxsPLDIAHBZNh1jC/qvrYFmws4Zauwm5bXtVbth9faOgTFR2CzIb9oCzskCPocWTVExXdD0EVvhro2VZXLhwgddefZV0Os3zL7zA5198kf0H9tPX11calLUsC9O0bOnXNDSteg9gewC4PMyoaoixvb+wBZpGrLgC2P0aaF3X6evrY8+eMWZmZjAtk0QywcbGBpZlkUqlOHnyJFPT04yPjzMyMkIymSydm0gk6O/vo7+vD13X2UmnuXfvHpMTExBxAFihiit4wxzr7/up4h+AuBbjmfFHOTw4zd3MGp9u3eHv7pxhfuQAKSPOnuQQa7kt0oUMmqYxYKQYTQyyr2+CH9v7OAvby7y59CF/d+csA7EUGTPHcHyA4yOHeWLsCIOxFH1Gkj4jWR4AtuxXYQtCXdwzkpUd18B3RqiuFUNcxynnEuUZgMUTy/FSAnZYPseTvm+8nFXfroKnQxV2Rm5VcqUyKP948d9GZ6TjOa8UD5pSXMqgt9SeeMQOZtXVys1VOyxdLuyM4PAz0p0Krxn3M4iKAhCU4dp4Lht2RYC3eTTn3ik+0aiIl45vfEZ6oP24R4orQuewOh3soOoNqm7PR4HJu+2BGvYTOCM45IqYGnrjHFezQDX0JgyR9aYiDKs3EfXH57gg+wle0uBQx36i6o03HlVvAvUnpN6E1Z+glntA9CbQfurf8K7cQlWLt0hvnC98s0ENe2mH3gToj28Ywd/xZZf7O4F6E1Z/WuTvVN3OYfWnBSvwnAr3xivCwBtiN+iPj920yN8J1h3nsC7oD9QwxyD9Cak3rowF6k+UAgXpT1hC6o03Xld/iv82+oalIHtp3t8JoT8hqqsUD9Ifn8tW6g0t15uKeMN6U8d+6phlkN6U4jWbrRf7V169cTJcpz4CCPJ3QutP1/wdJxqgN2H1p87vfav9HWPzNtonb2I+/GOooUnf35thzeTJlfe5Gp/hB+k9LCwssbq+xcZmmrHxPeRyORYX7/KXf/lf+cLnTpHeybGTyVGwNNDj9A2OEMMklYgxvXeCJ56c58ihKWIxDZ0CyVSMRF8S3YjZ20zqCe6tptk3t4cL1xaZmppGYaIrQLfsSlA6e1c/ZP/OAjG06nZw6iO7SXzlY7TtJdvaq/QnyN/pVf3xLaawC1DZbdS9xW5n44FGBoDDouloiUG05BDE+yGfRhUyqO1lrLuX0BODaMMz9uBwvV/1CKhCDrV2HbW9VH7tc6IfrW8UdKN4UHHAsegM+Wmis1fu6uoqi4uLDA8NMTIywuTkJKlUqvT6YwDTNMnl8yhLoWnlH0vv9SzTBGUPmFrFvXX90jWLewtrgKbbr6twk81k+PjKx1y/dp18Ps+zJ59lanqagf7+0gDw0NAQY3v2kCyuSnbQNI1YLMbExAQHDh1kYWGBpaUlrly+zMGDB+nr7w+uW6XI53LohkEsFivWnf3HwsJC1RxItVf6WsUBbvtsSynyVgGruE+0QjGVGuXgwF5emHyM91c+YmFnldfvnCVpJDgx+hAr2U3ShSw6Gn2xBCkjzmA8xWMjhzgyNMP7qx/x4fo1DE1nKN7P8xPHeHhohuF4P7qm0WckGIz3sZJZJ2PmyBRyWLTzteTC/YJyOtLYM+/ce//WnLFX6ucoUO41Q5QEyLLKDri3mxScIer0aALOqRWGRnnSU54OV3nGqHO8/XGEGcn1QgVVK0CLS2lKccqdFlfUJ/RWmFbKc2XcFTYyY7OhFXhOzsqWodxR5cp+x9o/IL3Q6auqeKXdl9vZG/dv/8oZyq1bAYpvvLr8WrlMrjOq7KeZFZhh7K+e/VSsSKhulkiEaW+/cxpK0HtCkN64vidE+zesNwH6U89+AstfW29oVG/q6U8de6m9QoH67X+/6009/Qn9exdCf2qWXyuVyXVGqZ1pl9742l+Q3gTrTyiaav+AMELivnrj4+801v5t0p9iOUu/b53WnygroHzilf5OWX863/4B6UXQn6KZVMZr6Y03bKn+4Ll+bf2pX/6Q+hNFb0Lrj3N5j700qzeRyu9XYa7Pmk4/WG9K39Nif8cbhtEbb0Hr6I03Hll/GtKbYH+nyn4q9Ifo7d2y9m82/Qb8Hfzavd164yqUj75UxUs47eyc2wL9adrfKRdnN/o7len564++dhOu/B3m4edRIzPlgrpCQ4O5wm3M9Y+4s21weSWHpmusraySSMQYGOznB2+/w9bmOtmdLXZyBbRYAiufJ5lKMj46yPGjcxw+eIDDe4dIxvLENEUhu00q2U8ilUKLJ1GxFNsZi6WVDfYfG+Di5U/pHxhjbDAOmkLDZHB7iYOrHzOmCp6KqaxQLbNBbOUK2tbdEO3fJv1x1X9X+ltCT6Aym7LytweQAeCw6AakhtH6xtD6RlCFLJg51M4a1o13ITmMkRqCxGB5YLZZlAm5baylj1Abi/YqY7AHoQcnQY/jvF7ZUqrsavoIozMQm8/lyWWzMDRkf6FVH7O1tcX6nyqMLQAAIABJREFU2j0KhQJK+TvBlmVRME0UCsuyN6wPwh4AtgckNV2rmvS1k8lw4cIFLl68yE46zf79Bzh85DCpVApnpbCmaei6jt+ArK7rTM/McOzYY3x85WNWV1c4e/YsTz79NP39/aXVwm4KhQKZTIb1tTUGBgYYGR1F07RiXdqrny1VHAT2qVCF/fpmS9l/VTE0lUXOKlAoro42lUVfLMn+/klenHmKvFXg7eVL/GD5AqOJAfqNJKu5TdJmFl3T6TeSxPUYcT3Gvv5xjgzNMt23h483F1AojgzOcmz0IPsHJkqvnU4ZCYZifSyxxo6ZI21mQq9iFh507Jl4miMExZl5WumhVOXnFXuyalAxY9Dpz7hC/D4vpWyf5/h+9vXLX3rjFWHFFVxxvw5VVQerRg/EM9U4cI+84vHBM9Sd07xx/+KUQs0/xBv3qw78iqVVx32vEJBwnQw57V+KF2eGOukGzxh1suVdIREydBXTXRJ38wY2d+UZlfGKBqq2h6olV97QcwOEXaFQPWPdqW7ne9/Wqg79suspca14oEHWvUIx9GuwGjmusp/QM9QD7MejPxW3f0DoLkmg/vgSUn/q5sBlDw3rjTd0LlPHfsLe7p7zSvG6xeqM3tRfkRekN94VEvX1xmtvQXpT9TyvijbpTQj9qas3YfUnILuh9aeuoDWgNzX0J7Te+Pk7rvPL7e9dIRFRf4L0Jqz++Po7nrARvamzIjy8v7O79afxPcgpxyuy1Tn9KYWBNK8/je/J6VRzd/Un+MKlDNY+oU7DNb4Hucc+CNKfGroToD/ukrSnv9UC/QnSG6/9RNUbbxhRb6oIrTfeeB39CbKXMPpDDXup0p+IeuMpSWS9CdvfCusvR/V3SnbnVHe39UbzjwddoUX+jvf3Lby/04t644nXspuQ/o6+cQs+eQPr0Ems8YfK55cKakePTg5ydK/GqxfW+dYtuLUFRgw0zcIwNM6f+5DJyXEsC+KJFKn+AaYmxzkwO81zzz3Do/OPksyukV25RWEnTdIwwDDQ9SRKj2PpcTY2dnjyM8+htBgWMd5+9zSfO/UMo9YGM/cuMqkydfVHTy8TW/kEPV3ca/WBeL4j9CJqe032/O0RZAA4LJqBlhxGG9yLNjiFSq/aA8DZLcyPX4dYEq1vBH3vPCSCV51GIp9Fbd1FLZ5DbbqWyveNoY0cAGdfWqVQpoWyFBjgp4KappFIJEj1pYgnEmxtbXFvdZW1e2sMDg4Si8UwTZP1tXU+/ugjzp45S3onjWVZWKZZdcVCwR5MVpZCWfbAcdAK4EI+b68WDsAyTTY3NlhZXmZ5eZm33nyTlZVlJicnS3sGx+Nx+gcGGB4eZnBwsGIVMMDsvn2cfO45Fhdvc+aHZzj9/mmeeOJJEvE4+w8cqDp+fX2dmzducPHiRR599FGeevrpUn4tpYqDu1ZxJa8/9rFWabWtUgrTMu0B4OJgvXOtgXiK5yeOkTHzpAtZ3l6+yKuLH7Cc3eDQwBSZQo64HqM/liKhx9DQ0DWdI4MzPDt+lFvpZQzN4MDAJA8P7mNPYriUj6QRZzDWB8BOIcNGvrzHsCDURClUya/Vinv/UnKoteKMQGeFMIGhozoKSxWPV7ZD7TdjsHQ9V89BuXoSyqKYD8ez8808ld8GrEhQxeI4cVyhgmb3xHNKXooXdbC8QkXhOsxbhPr93KioOmG99EPjtKcnHmWFVpgZqHVCPPYXtEKrumxBKxBc31O//ZtaoeAy0Ib3wKsuVkB5A45tdQcqdPpOuzvpN9b+kVaE+tib06EPXHHTrP60WG+q9KekNwH6426IXtSbiOlX603x80b1piH9qa835XvZZT8V5Q3Sn3IFNqQ3tfTHx97qvmGiXqN0uP2bTb9Kb0o/Vw3qT5QVEiU7c+lNBP0JpTcR2791+sPu1J+Qlw/2d4rHdcjfCas/fmXriL8T2v5q603H9KdZaqVfQ2/K/o5zeIv8HXfYpL/jqzfeuHLMyaf926A3VSsuO603XqLaW+j0A/TGG/fqT1v8nXJYZS9R9cZHfxpr/2Z/72rrTyDN6k3Hfu8C9KZKf9rr7/g93/HTH7+CBumNHQ3Qn9DtX1t/9I1FuPJ3kNnCmj1ermDv8xyleHF+mhfn4c1PbvOdhSxvrsHgQD+b5iaZbIHBkVH6+lJMTO3lsWNHOfroEfaOj9GfTGGkpogPjrJ+5wb59WWMuEFW78PQk2RNA8voY3T6AMsZyMeSDKxcYfD0NZ7YP+ZvFx70jVvEVj9Fy26Uq7sZ/SmVu0F/J6L+4I1H8HeE3kJtLKHSG93OhlBEBoDDomn2+/hH9qFPzaPuXUPldsDKo7buYt08DfE+iCXQxg7Zq3QbRVlQyGHdOY/5yd9hLV1B7ayX8qENTaFPzKHFUihAqfIrmBWVK27L2dcwDIODBw/y5JNPcuXKFS5fvsxfv/wyxx47Rl9fH7lcjrW1ddbW1pmZneHq1U/Y2tzk8qXLXLp4EebnmZiYAMAsFMjlcpRWFuf99511Xj1tFgeRzUJ13pLJJEcefpirV6+yuLjIm2++yYcfflga6NV1O++JZJLhoWH2jO9h/4EDPPzwwxw4cABN0xgYGODQQ4f4whe/SCKe4MyZM3znO69x/fo1Dh85wsTEBIlEAsuyWFtbY2V5me3tbYaHy/sJW8X60zUNHR0NHSvwV0UVVwqDoenE7Wlf5KwCOauAhkZcNygou7wxzWA0Mcjx0UOs57a4urXIanaT06sfsZxZ525mjT4jQdJIENPsFeQaGgcGJvnM+CO8cfccI4kBToweZiI1QtIZ/Af6jCSjiUGSRgJTWaQLuZoD14JQwjWbUYOKGejuvX5LbrhWnkvrzPhTGq6Ju1plWHLfK8PSTMLAmYhUxot4uwveCcO+8cBc1Ei+mPe6e3K6e5LeFRCl42v0AENNKfY736mQcofKz6H31ldV3NNcYWaAV4SBK17KoVPjvvE6M1DrhlUZ9nYmgzqX/skFrQAIDP2aq/S9j71QaRdhV0AEtoDH/vx7eDUsoJS+f3XVtR+f5CPZT+CKlwB7cRmqY29VBlzZQpVhRL0JrJA6euM9O5zeeLMTrDfesEJ/atlPy/Umov4E6U1Y/amyt4j646rohvTHT2+i6E+Q3oTVnzDNVzrex368Kzuj6o/vDe+nPw719Cai/oRIvrbeeMNu6Q+14+UKq4yF1J/AXASYe+/pj0M9/amsraCzg9u/jr14w0C9cY5rUH+CW6wy3JX+Tgj9CbCXUPrj21IO9fSnsvzd05sA+6mhN6V4rRZr0t/pDb1x0g3Qn5boTYD9+OmN1xxd9VVlP0F6E1Z//PQmiv60zN8JyrDXfioJ1Jsgc/SGNZvNaf8a9uP03zV3PLz+hPd3AuwnSG881evQev0J0Btv3GU3TgYd+wvSn8r2Dwgj608l3X6+o++soV99E3PnHuaBpyExULP9f/TIDD96RGPx3jpvXDE4f2+KHyzk2X/oIfYd2Eeqr4+ZffsYGZvASCTYzBboHxgkHu9neEpjS4FBnlg8QcHSWFpeY2buKNbCRfbeu8H/PHGDyYfGA/2firqzcuj3rhFfvYay8nbp2qY/EZ/vdEh/hN5A5TOojWXIZ7udFcGFDABHQdPQRmbRZk6g3TyNym1DfgfMHNbyZTCzaP1j6IUcjB20B4GNOHj2vA1EWWDmUblt1MYi5tU3MC+9glq/BYUM6AZachBtZB/a+EMQSwBgxGKM7Rljdt8s8XiCeCIRkH2Nubk5Pvf5zxGLGayvb/Deu++STqcZGBjA2RN3emaaZ0+eZGN9g5WVFTY2N1hYWGBmZrY0AJxIJhkdHeXAgQOMT4wTTyTQAn7Mdd1gbGyMgwcPMDk5SV9fH0qp0vGJZJLDhx/i4MGDXL58mcXFRRZv3yYWi1F6LbNlkS+uJO7v7+exx4/zxS9+iZGREQYHB4nH44yPj/Mjzz+Prtmvij579iyrK6vcuHGDAwcO0N8/gKUslu7eZWdnh6GhIY499hgTE5OgaShlsSc5xKPD+zE0nem+MZJ6HA2/cmnENIPJ1AiPDO8na+aYTI4Q0w0mksMcGZqmoEzGEkMkDPs20zWdAwN7eW7S4vLGTa5sLrBTyLJTyDKSGGAsMcie5BAJ1+Du3tQoj48e5sk9DzOZGuUz448wHO/HcNnUnuQQjwzvY7OQZrZ/gpSRQA9rc8IDjsK7Itc9Q0/zCR0PzFJFB9qZkVfcM7xiRl7VA7262an2RMOcUysMkVwpXnRsnbz7z1D2xL0zkP1mooYNFVSt0Cp1SpzZmJ6CeWekBlRPddwuSbm6qts/1AzhWjNAXTUWOIPc3QJ+A0z17CdCe9clov2VTLwYqcxtgL3Uae9m9wAOspdycVyFcgoQ2AMMYT+O+QW0f80wxAzhKvupOQO46o6mpv3UKHdg+zehN1WXqtCbkPoTpDeN6I6f3gSsSK/IdEW5w+pPkN5QbMaQ+hNlBUI9/Yk4oF1Z7oAwCk3aX1f0x6s3zkPYKv3x0RtvPJL+BOhNT+lPRER/qvUmYEV6RaZrlLem3rRDf+rYWTT98QmDCtiIvfldK4K/400/SG+88Uj6U89umvF3vPFO600Y/fHVm7K9VelPLf+mHp3WGzzeWSi9cb7urL9Tqo4qf6cyDLau7vg7NfXnvvJ3wuqNK+6nNxH9neb7W5Wh8sZLBwfpT7T272x/qw5Ntr9vGCK5UtxPb0q3RYD+FLLoNz9A21rG3P8kavxw+WIBGZseG+YXTg7zC0Aml+fWRg5zuMBidhtN3yS2vUJyYIatTAHTKDA0MAB5xfhgH+byMvrKPUZUnn2YxM5fRHfSGkhW65EP+vYSxvpN9M1FH/2pEzapP0H+TkUDdEt/hI6jtlZRW/e6nQ3BB035LdsUgsnvYN27hnn6TzA/fRO1fMX+XNMhnrJX504eRd//NPrDP4E+vC/cK6GVZb9SeuM21uKHmBf/CuvOBXvvXzMHykJLDqEfeAbjiV/AOPqToBsoBTs7O1z79FM2NjYwDIOH5+YYGhoiFqse389kMmxsbHBncZGbN25w9+5dDCPG6NgYe6f2Mj09zeDgICi4c/cOGxsbKEuxf/9+9uwZo39gAIDlpSUWF++wtbXJ4OAgE5OTjI+PE4/HK9IzTZN0Os3t27dZXlpmYKCf6ZkZpqamSsdsbW3xww9+yPvvvce1a9c4cOAAs/v2MTk5QTwWx7IsttNpbt68wen33+fcuXPkc3l+/LOf5Wd+9md56umnGBoasgeLlWJ7e5t79+6xeHuR1ZUVNjY2KBQKGIZBX18fE5MTjI2NMTo6yuDQEMlkkng8jgJWsuusZDfQNZ3heD8j8QESery0326puZQiZxVYy2+xkUujUIwmBhmM97Ga3SBr5gEYivczGOujP1ZeZZy1ctzNrJMz8yggpukoFIamsyc5RF9xH2Cwf0azZp67mTXiusFgrJ/+WLJiAHirsMNGLk26kCUVi5fSNGQQWKjD3d8Ytt0zreym6UV/zHkTtDvuPs57nlb813GwHcfaez3Nc13nXK//FzQ5tGZ3o6JDYWegfJ16PY8WhJU9CleHypvBoHiThOlQNXC5evEqf94dBmSr0dDBN97S8gelWKe9Q80Qrxc61Ik38gC5lYS5HYJz37w9hKj+sPbTfPm9CTrt702xzXpTcwJFB/Smk/rTQPu3XW8aLn+oFCvDrutPK8vfALtAfxxarz8BetPT+tNiuqQ/zfz+9I7+hNUbb7xO+7fEvhzq2E+n9SZi+i3XG28Ywt4cOqY/VSl0Qm+89ufQYv15APSmpv24vgi83UPTIr3ppP60uf3rEub2CH94a/Smk/pTkaEg/WmD7hRDFUthTR3FmjmOGtjjKrirgiLrTwSNqpNNLZfGWL+FsXETLZ8Jfbl68V7Un47cb0LDqOw2anMVCrluZ+WB4cqvvxXpeBkAjoqyUJl1rBvv2YO0H38XldkAy7QVUI+hDYyjjT2EfvAk+sQjaKP77dXA8X6IJe2VvIBSFlgFyKVRmXXU2k3U6idYdy9h3Xwftb1iD/4CxFJoYweInfgK+pEfR586VsqSaZpkMhlM00TTNFKpVGn1rB+WZZHNZlm7t8b6+jqmWaCvv5/h4WFGRkbswVClyOVyZLNZLMuir6+PeCyObtiDirlcjnwuh2VZ6IZBLBYj4bMK2HlFdC6Xo1AooOs6iUSCRHGV8ubmJteuXeOv/+plCoUC0zPTHD9+nL1TUwwNDWEYBspSZHNZ7q2u8sEHH/DWm2/y1ptvcXR+np/68pf54pe+yMTEBIZhVJQxnU6ztbnF1vYW+Zxdj4lEgpHRUQYHB0mlUtXNS+WsQv/Vv86xVP/iFcuMVnmm9zpW8bbTNM31O6bqpumfD1XOkBb9fOHB5c7XhtC0oulqrldrUVyhr5yV+vY64dKrk4rGVo7b2Ld/5auUnPMrPy8e63Kgq+LOiLGHWtYd5MA6stQNh9ad71AObQ91KCvTD9ulixA23KH3FiAoHq38TrK91KH21m5QvCHaan8h7MV3ACNM+zcbOuUv600j5Q1rjZHav8WldfAtXqf1JlL6bdCbMPoTxX7uQ72JZD9RaaveeOklvfHaG54Gaaz8kfWngfZvu950Un8ipd8hvRF/J5S/0xJ6Qn86qDde+2jxBI2W6E+TpXNoWH86SaT0W6A/bdebOvYTJnshrt4NvWmJeXRUb7x4b7BO6k+Ruv5Oe/QnSvs3UjprYBxr76NYU0chOVg/g+1ufzOLsbmIvnEbfce12jJS+mEVtZf0R+g1VG4HttdQ2XS3s/LAEXUAWF4BHRVNt1fi7v8MbC/DxiLW3Yuo7JY9mGvmUZt3UDvrqK27qIk5tIk59MG90D+GlhoGI4FCA6uAyu+g0vdgY8G+zr3rqM1FVHazOKisF/cenkWffhz9wDPoI/sqsmQYBgPFlblh0HWdvr4++vr6mJmd8S+mppFMJkv743pxD+LWrC5NIxaL+a5GBlhZXubC+Q957913Of74cU6cOMHRo0fpHxioGkyemJigr68PwzA4f+482UyG9fU13/2HdV1ncHDQXs0cAY3ww6eaXUBXpPjfgIH3ivx5jtG8F4lAKcfyuyhEpjwBoWLPX628h4ftr5f3+NC18nmglfw2Z/DX9vvs44L3qHKiHtt1xUsPp2rh8Rub25MzaM+g8v1ZtYerM2BeK3RlqGqPs8BNjpwM1nGAI3Ywqq7mNF+9sHQ5z55TgXvEuEIq7acidDVAzXiQ/dTdk5PaeC7rTc5rf1W5qWi2gD3LSsf72E/AnlSh98gL7Fg5h9XpMAVVb1B1ez6q378L2qPMaa6gPao8YZD91NgTzzmuZoGq9Ce4qvyIrDcVYVi9iag/PscF2U/kPTi9RNUbbzyq3gTqT0i9Cas/QS33gOhNoP2EfqDj4Im3SG9qPl+ihr20Q28C9Mc3rOHv+JW/il3u7zS/B3Dl5Rr1d6pu57D646c3UfSnhr9TEQbeELtBf3zspkX+TrDuOId1QX+ghjkG6U9IvXFlLFB/ohQoSH/CElJvvPG6+lP8N9Bu6vg7QfbSvL8TQn9CVFcpHqQ/Ppet1BtarjcV8Yb1po791DHLIL0pxWs2Wy/2r7x642S4Tn0EEOTvhNafrvk7TjRAb8LqT53f+275O/r2Cvqn38e6+xHW5COoySOo/j0BGfQLnQw25+9ouTTG1l30rTvo6dVS7kunB+mNNyxdNsjf6VX9QegRVHYbld4AGfjdNcgAcCPoBlpqGP2hFyCegg/+BGvpI9TOOijLVstCFrV+C2t7GW59gBlLoiX6i6uAiwOnpgmFHXsFcH4H8mlUIQdWHizLPsZIoI3ux5j7PMajX0SbmLM3or9PuHnzFmfPniWXz7NnfJx9+/eTSCbxG0TVdZ2p6WkePXqU4eFhkqkkiUQCQ9d9jxcEoR6Ve3i49/q1tHIc5d0jpHy+43BWdE6K8ZopO8dXZqdOj8a3CLXD0ChPesrT4SrvEeQcb39cJyRCqEBzpauK6eKOU+60uKI+obfCnHb2xl2hX3v7tn+ze1Q5OSt3eJQ7qlzZ71j7B6QXOn1VFa/szpXb2Rv3b/+APam8YaD9ueu4Ovu+xakor0blTRxgP03uURZ1T7wq+6nYo6q6WSIRpr39zmkoQe8JQXrj+p4Q7d+w3gToTz37CSx/bb2hUb2ppz917KUi7nqgJ3oTUn9C/96F0J+a5ddKZXKdUWpn796Y7doTr7beBOtPKJpq/4AwQuK+euPj7zTW/m3Sn2I5S79vndafUL93AXrjukO9+tP59g9IL4L+FM2kMl5Lb7xhS/UHz/Vr60/98ofUnyh6E1p/nMt77KVZvYlUfr8Kc33WdPrBelP6nhb7O94wjN54C1pHb7zxyPrTkN4E+ztV9lOhP0Rv75a1f7PpN+Dv4Nfu7dYbV6F89KUqXsJpZ+fcFuhP0/5OuTi70d+pTC+k/tTwd7TtZWLby1iL51Gj+7HGH0KN7i8+4/fJcKXh+Mfr6Y2y7AHo9Ar69hJadqv4dZDeuOIP+vMdoaWoQg4yW6jMFhTy3c6OEBEZAG4IzX7V89AU+uyTqO1VSI1gLX6I2loq7dlLIYsqZIEN0HSUHkMzYqDH7B+a4iuglVWwV/t6FS3ehzY8g3Hkx9Afeh598hFIDIJu+GVqV7Kzk2ZtbQ3LNInH4iSTSXQ9eO/aWCxGsjhA7Ow9nAwYMBYEoR72w4bSq8g1DR3K95PfjNGK51XluA4opdB1raJD7Q5Rlf6eJyflCcVa8XtXvCIsn+Epi0+Hygl0p4NVowfimanpXaEbNGO4esaoc5o37l+cUqj5h3jjftWBX7G06rjvFQISrpOh8vC/00nUiu2sFes9aMaoy378slsvdBXTXRJ385YH0ANO8LtCRQNV20PVkitv6DH4sCsUqmesO9XtfO/bWtWhX3Y9Ja4VDzTIulcohn4NViPHVfYTeoZ6gP346Q6BrVVtPx79qb3AIaT+1M2Byx4a1htv6Fymjv2Evd0955XidYvVGb2pvyIvSG+8KyTq643X3oL0pup5XhVt0psQ+lNXb8LqT0B2Q+tPXUFrQG9q6E9ovanSnyC98a6QiKg/QXoTVn98/R1P2Ije1FkRHt7f2d3647R/dP2hHK/IVuf0pxQG0rz++OqNj/5U249Tzd3Vn+ALlzJY+4Q6Dee0f3T98dgHQfpTQ3cC9Mddklr6U11hPldol/4E6Y3XfqLqjTeMqDdVhNYbb7yO/gTZSxj9oYa9VOlPRL3xlCSy3oTtb4X1l6P6OyW7c6q723qj+ceDrtAif8f7+xbe3+lFvfHEa9lNm57v6JlNuHMBY/EC1sA4amQWNTKDNTwNySGfdq4TetAKO+iZdfT0GtrOPfSdNU+5vRXsrkN3tI7u3FfPd4TWo1C5DOR27Fc857PdzpDQBDIA3AyxFNrwLMbc59ESA2CkUHc+RKVX7RW9zkAw2KGZQ5nlDbF9tcp55XNiEG14Bm36MfS5z6PvnYfUSEeK1Ul03SAWMygUCmSzWbLZLAMDAxX7+Toopdja2mJleQWA8fFxDuzfT6qvr+agsSAIQRRnCLoc6PLMPNvhtZTtGFtFR7j2TFNKs6idGYKWZZ9vO4eVx7s7cKqiJ1F0Bl0z4Ms5Lrunld8GrEhQxXP8ZowriLwCwRM6Sl6KF5/6l1eoKFyHeau/Zn+lIYdW1QnrpR8apx098SgrtMLMQK0Tlq0BV7plOyx1iqrKFjQD2PU99du/qRUKLgN17K1sT64yRaFWe/sd2+oOVOj0q/WmkfaPtCLUx97ceoNLb8p1H9ArD6s/LdabKv0p6U2A/rgbohf1JmL61XpT/LxRvWlIf+rrTfledtlPRXlDrkCIqje19MfH3sr6485zBP3pcPs3m36V3pR+rhrUnygrJEp25tKbCPoTSm8itn/r9IfdqT8hLx/s7xSP65C/E1Z//MrWEX8ntP3V1puO6U+z1Eq/ht6U/R3n8Bb5O+6wSX/HV2+8ceWYk0/7t0FvqlZcdlpvvES1t9DpB+iNN+7Vn7b4O+Wwyl6i6o2P/jTW/s3+3tXWn0Ca1ZuO/d4F6E2V/rTX36n1fMetP34FDdIbOxqgP6Hbv7X+jlP/2vYy2vYyLJzBMBJYfaOogXHoH0OlhiE1iHLeBGokyoaoLDQzB2YOLZ9BK+yg5dJouS207Jb9nbup225/tfWm4ec7EfUHbzyCvyNERZVsUZmmva1pIW9vbZrPyoDvfYYMADeLkbD35330i2gzj2PdfB9r4QP7lRD3bkAhE+Fimj2oPDSFcfgU+qEfQZ9+3N47ON7XtiJ0k8m9kxx66CHOnT3HrVu3uHH9BkODQ8Tj8YrjlFLk83nOnjnDd7/7XVJ9fTzy6KMcnZ8nFbBPsSAItVFoxb1/KXUKnP/67QkMWtEjLx4XOHXP9blznl8YOBORyngA3gnDvvHg1OtMhHRmhFIqu/NwvhR39yS9KyAozxwN9MBDTSn2O7+Iq0Pl59B7u1dVcW/zeZuxXhi44qUcOjXuG68zA7Vu6Gd3FdSxnwBz9J4dGPo1V+l7H3uh0i7CzkAObAGP/ZU71AH24o2X0vevrrr245N8JPsJXPESYC8uQ3Xsrb16E1AhdfTGe3Y4vfFmJ1hvvGGF/tSyn5brTUT9CdKbsPpTZW8R9cdV0Q3pT+DvnCteQW1Biaw/YZqvdLyP/XhXdkbVH98b3k9/HOrpTUT9CZF8bb3xht3SH2rHyxVWGQupP4G5CDD33tMfh3r6U1lbQWcHt38de/GGgXrjHNeg/gS3WGW4K/2dEPoTYC+h9Me3pRzq6U9l+bunNwH2U0NvSvFaLdakv9MbeuOkG6A/LdGbAPvx0xuvObrqq8p+gvQmrP746U0U/WmZvxOUYa/9VBKoN0Hm6A1rNpvT/jXsx+m/a+54eP0J7+8E2E+Q3niq16FF8bhdAAAgAElEQVT1+hOgN964y26cDDr2F6Q/le0fEEbWn0p65flOWH+nKjRzGFtLsHW39nEh9Ef5HFZXfyKmWq0/0e2v1HaeeEOEyaggCA2hKaXkFmoFSkEhg9pYwFq7hVq7gbp3DbV5G7W1DLktVC4N+Z3i6541MAz7Nc+JQUgNow3utf8Oz6BPPoI29hDa0F7Q7t/VrcvLy1y+dIlX/uZvyOXyTO6dZG5ujr179zI0PIxhGORzOba2trm7dJeFW7dYX19namqaz3zmMzx+4nHk9c+C0BiLXxtCc3eIUPb9pBSa7nJ8qXR4Nc3VZdAcd9nGfT96X7nkPs4+1vO518EPyHejd7xXKoI6XF4Hu2lHOmzo1790lbm1P9Y+LnvoDm6zoUNwh6dUIQ23dgNE7GDUKU1bOlhh+0OhOmRNdbCCUogQNvuAJXK8leVvHl+96aT+1Khur/40T5DeOBnqgv5EHNBuOU3aXy/oj0MovWmq/GFT7Kb+RET0p1pvWqY/Ieyl5/THJ2wnTabXFv0Jc55PdlumP6Gv2AI7aNjevAVokE7rDZ7cd0Fvwvo7zVdHL+mN1968FdKSAtcnyg1d4/R68Uh600n9iVT+DulNS/tbdWiy/aMSSm+abP926U/zBOlPI+3fbFik2/ojCPcxV379rUjHywBwuzDzqK0l1OrHWCuf2P/fXoGde2DmbdGLJdH6xmBgwh70nXgEbXQfWv94cZ/fCD+su5jt7W3Onj3Lu++8w+XLlxkeHmZq7xQTkxPEY3EymR3W1tdZvL3I8Mgwc3NznPqxH2N8fJxYTBaxC0KjLH5tuLQCWCuGOrYfphf9sorvKR/nxN3HKUXFHsCoyuNLx7mu4+B87iZobkegMlb4nV6PunrGb/s62F6H2pvBoHiTtLhDFbnD3YEOlYNvvKXlD9EBb1uHyqFOvBcfIHurJzj3belQd2+GsjfBav3piN7UnEDRAb3ppP400P5t15uGyx8qxcqw6/rTyvI3wC7QH4fW60+A3vS0/rSYLulPM78/vaM/YfXGG6/T/i2xL4c69tNpvYmYfsv1xhuGsDeHjulPVQqd0Buv/Tm0WH8eAL2paT+uLwJv99C0SG86qT9tbv+6hLk9wh/eGr3ppP5UZChIf9qgO3Xtz1VBu0h/6uW2l/WnI/ebIOwiZAC4V1AKrAIqn4F8GpXbhuwm5NKgnBXAMUgM2PsHJwbREv32ngBGjJb+aPQ4pmmSTqdZuHWLa9evc+PGDTbW18lmMmiahhGL0d/fz759+zh48CCz+/YxNjZGPB5HVv8KQuMs/uuh0iCrplWvAEbZK33dK4QJiJdeEu2aYln1qlvKxwE4K4sdh06rcqjxHQQOuuvrut9a5x1ad55DObQ91KGsTD9sl64VHSpXGKWDHrXDFZCdXupQe2s3KN4QbbW/EPbiO4ARpv2bDZ3yV+tNFCJ3oL1hpzvQQQXoVoe603oTRn+i2M99qDeR7CcqbdUbL72kN157w9MgjZU/sv400P5t15tO6k+k9DukN+LvhPJ3WkJP6E8H9cZrHy2eoNES/WmydA4N608niZR+C/Sn7XpTx37CZC/E1buhNy0xj47qjRfvDdZJ/SlS199pj/5Eaf+26k9X279OulXph1XUXtIfQRAcZAC411AKlGVvpm3mUVYBlIWGhtJ10GNoeswe9NV0HlRxU0qRTqfZWN9geWWZrc1Nsll7w3HDMEj19TExMcHY2BiDg4MYhiGDv4LQJM4KYIW9khetrEAVK3ud7yl+7xynyv93HiRpxRM1l//ovlW9d22t77zfVx0X0cGuLRkNOMBtm5HsLWBAPGL5u9HBbqoDRR16qoPlLbDT/g7NdjWj2J9zWGs7TFX204EOdj37cz7oyANkL03ZW9Q7IGT7t6RmvQUMoEG9qXV60/oT8Tre2q2J6E39Gz6K/YQsbileTKZmdlpf6tp6E6A/baGl9tcivemk/kQsf8v1J0TxW6o3XnaF/rTxDozs73RAf9pX2mp76bTeeGmpvYXQmzDt3069CaM/NWhaf9qoN6Gar6f0xht6b4Be1Jsm9cdPbzqpP35600n9aan9hb0jwrR/s/rjLWBAPGL5m9Ybb/ig648g7CJkAFgQBEEIxeLXhoDyyl/3Xr+lFcBFT69yRbB9vnePX8fZrN4XuJymtztU8Z2Pg6fpVDl8jXap6s4ZCfD/vR2ugMNb0uEK6l9EH+DqpQ5PyA5Qtx3+FqcfuUPWQAerpR2wigt4DC6M/TQbNj1DuEm63MHsBb1p3QqJ3aA3Tjo1Tm8nvag3ndSfmhcI0p82602kAe0m9afF7R85eT+98dGfluuOE963+lOq4drxXa4/kfXGG3ZRf+pnsJv646qgVupNpPLTHf2JmL1W649D9OLXs7iQ7d+SknlrMCDeab3x0mT6DetPT+iNN8EgvfHG26E3XvsLqtEm6bLeBFVHx/Snxu3evuc7rnjX+1shThcEoSFkAFgQBEEIxeLXhtGwfS/nuYOueeKUP3fiaGW3TnPHHYcareRYlwaHi/6ldzzXO3iM67ru771ogQ6u60RPXGvasQ3bwXI+9sb9y9IyOuxgV7n7fh2qFnewa3a4/TpUgeUP24FqsoPdyg5UPbrdoYqYflBpW9nBjmQ/NeLVhNSfjuiNN3RVSBT7iUqP6E07H+jVs7cgvam/QqJNetOQ/gTWsCfuocPt32z6HdGbTuqPr7/Tit+fqPbnrRBXfBfrT927o4f1p375u6k/oWvYE/fQ4/oTNKAQJfut1h+HhvTGe0bX9MepwA7rjZc221tD+hOQrVaFDl79aVxvvPEm9SeK/dxneuNNP2xpd7feeOLtvAPk+c4uer4jCA8WMgAsCIIghGLxXw+BZvtO5ZW+FFfiFlcGFz0rZ2/f2nsC25QGgT3f47qe40E6K4vRNJ89gJ10q4nSnSt9rjXfoWldB6fOhbvVoQhNNzvwrenQd3wGsDf069AE1G5b6GoHqpsdeG+Ip0Ec6thPnaP92rvVAwau2qyvP72oN53Un44PmHriAdnpmP7UKG5H9Ken7K+b+oOnQVzxGvYTWW+8oehPG/TGG4+oPw3Zk7dAQfFKesHfqSp+yNptCT2pNw7t1BtvSLlBdpnehNWfcBn0ntBimko/qsJGaf926Y+n+H5646M/ndSbsPrTErpqfwF6U6U/bWyByPpTSS/qj6t26zffA6E/jbR/Z/RHEB4kZABYEARBCIWzAhhcK3yLH2jFf7zfa9i+mwalD0rHluJaOV483sHrrtX6zvt9xeeu9MM6uEHXCk6hjgPccsc2ogNcZwZq0x2oemGIDlXY2myITneoIqXfQIepFR3sSB2mJjvgLehQR+pwu77oygzgjnboI+pNt1bcNKA/LdWbTupPR9u/2fTboD+h7c+b4bBx/+KW4g20v+hPo3RTf7wFdqId1htv2IC91ajN1uhPJ2lIb7zxFutPFPvZBXrjtbcgvakaP24HPaE3Tnrt1JsA+/HTG685unLccv1pgf0F1W4oOtr+UdP33gBt0J+Gf++8BahdvMB4F/SnorZq6E/327/Z9EPYS8/1tyrDXtSfoNpsiG7rjyDsImQAWBAEQQjF0tISAJqmUdq31/P/qJ/5hUGfBR0T9H2Yz2vRyDmCIAiCIAiCIAiCIAiCIAiC0G0+OHc10vF6m/IhCIIg9DjNzv9p5HyZcyQIgiAIgiAIgiAIgiAIgiAI7UUGgAVBEIS2DMxGvaYMDguCIAiCIAiCIAiCIAiCIAhC88gAsCAIglCBDMQKgiAIgiAIgiAIgiAIgiAIwu5FBoAFQRCEusigsCAIgiAIgiAIgiAIgiAIgiDsDmQAWBAE4QGnVYO7MkgsCIIgCIIgCIIgCIIgCIIgCN1HBoAFQRCE0LR6kFcGjQVBEARBEARBEARBEARBEAShtcgAsCAIglDCPSAbdnDWe1wnBnVl4FgQBEEQBEEQBEEQBEEQBEEQ/JEBYEEQBEEQBEEQBEEQBEEQBEEQBEEQhPsEGQAWBEEQehZZ6SsIgiAIgiAIgiAIgiAIgiAI0ZABYEEQBKEmMggrCIIgCIIgCIIgCIIgCIIgCLsHGQAWBEF4gJHBXUEQBEEQBEEQBEEQBEEQBEG4v4h1OwOCIAiCcD+hlMJSCmXZIShknF1wo2kAGrqmoenF0P7w/sAywcyBmQerYMeV1e1cCY2i6aAboMfAiIORsOP3AaLXDwb3s+aKDVdzP7e3IAiCIAiCIAhCFGQAWBAEQQDsh4hhH5A5x4Y9J8q1dyumZWGZVvEBrCAEY5uIwlQKiuOiuqahGzqGvotfzpJPQz5jD/wK9w/KAtOy2zW/Y39mxCGegnh/d/PWIKLXDxb3o+aKDQdzP7a3IAiCIAiCIAhCI8gAsCAIgtBR7rfBYNO0MC3zgV9xIzSHpRRWwcTUTAzdwDB20UPqXBpy27LK90HCzNt/s9uQGIDE7hgIFr0WHHar5ooNN8ZubW9BEARBEARBEIRmkAFgQRCEB5T7bSC201hKUSiYso+y0FKUgoJpYloWsZiB3sv3qJmH7Kas+H2QUZZtA4UMJIfslcE9iOi1EMRu0Vyx4dawW9pbEARBEARBEAShFcjUV0EQBEGIiGla5PMFeRArtA2lFPl8AdPs0VW1uTSkV2XwV7Ax87Y95NLdzkkVotdCGHpZc8WGW08vt7cgCIIgCIIgCEKrkAFgQRAEoYpuPWTcDQ83C6ZJwTS7nQ3hAaEn7S27Za/6FAQv2U3bPnqEnrx/hJ6m12ym1/JzvyH1KwiCIAiCIAjC/YwMAAuCIAhCSAqmKatFhI5jmlbvPKDObtn7/QpCELntnhgEFr0WGqVXNFdsuDP0SnsLgiAIgiAIgiC0GhkAFgRBEHbFyttuY5qWPIgVukZP2F8uLYO/Qjhy2119HXRP3C/CrqbbNtTt9B80pL4FQRAEQRAEQbgfkQFgQRAEIRQP8iCxpZSsDhG6TsE0sbp1H5p5ee2zEI3sZlf2iBa9FlpFtzRXbLg7dPU3VhAEQRAEQRAEoQ3IALAgCILQNu6XQeNCQR7ECr1B12xRBn+FRuiC3YheC62kG/YkNtw9pO4FQRAEQRAEQbifkAFgQRAEQaiBaVr3zUC2sPtRSnX+NZW5dFdWcgr3AWa+o6+CFr0WWk2nNVdsuLt05TdWEARBEARBEAShTcgAsCAIgiDUwLRkNYjQW3TcJmXfX6EZOmg/otdCO+ikXYkNdx9pA0EQBEEQBEEQ7hdkAFgQBEEQAjAtC1mII/QaStm22RHyaVCyGkpoAmXZdtRmRK+FdtEpzRUb7g06+hsrCIIgCIIgCILQRmQAWBAEQRACsOQ1gEKP0jHbzGc6k45wf9MBOxK9FtpJJ+xLbLh3kLYQBEEQBEEQBOF+QAaABUEQBMEHpRSWLMURehRLqfbvE2mZsvev0BrMvG1PbUL0Wmg37dZcseHeoiO/sYIgCIIgCIIgCG1GBoAFQRAEwQd5ECv0Om23UTPX3usLDxZttCfRa6ETtNPOxIZ7D2kTQRAEQRAEQRB2OzIALAiCIAg+KEse/Am9TdttVFb/Cq2kjfYkei10gnbamdhw7yFtIgiCIAiCIAjCbkcGgAVBEATBB1n5IfQ6bbdRq9De6wsPFm20J9FroRPICuAHC2kTQRAEQRAEQRB2OzIALAiCIFTg3vPswd7/7EEuu7A76MAewILQKtpqT6LXQidop52JDfce0iaCIAiCIAiCIOxuYt3OgCAIgiD0Im0Z+y4scfH9C5z5ZJ21XHEwJJZi4sB+nn/6GLODRhsSLZO+eZpX37vJwroJg/v5yok033hr1f7/V55loq2pt4FCms1MHox+hvri3c5Nx2n7/Axlte5a3zwJF2t8/+Mvw4+Oty69elz+Pfjz34Z/8A482rlkW8Y3T8LFz8Ov/CYEVVshB9ksxIYg2dHc+dNKe/Jeuq33wgKv/9nbXNzp5+mXfpKTI1HOvcS3fv8CC2E0duVdvv5fbrI5c4z/6UtHa18v8CIpjv/MlznVwVuJj17nd95aZfaFv8/PPtLBdLtAO+2stdeuYSeaQf/YBE//2HMcH22vz7HbeaDnQAqCIAiCIAiCcF8gA8CCIAiC0AmWzvCNb3/Ccg7694wwv2+a8dg2d24uc/XTK3zr05sc/6kvc2pvm9JfOc03X7vGZryfg/OzHBgZJTkNp56bhMQehtuUbGtY5+Jb5/h0Z4gnXnyCWefjq+/y9bdWoeaAidA7nITP/VMY8vlq0u9DoSk++UN7kHv+9+ClE+HPO/2HcGsIPv8SDLQve7uGq1f5aAcgzaUPFzj5wmy9M9pPcoSnn5ymv+qLOBNyKwkOVXaSZ+XGIp8s3uGNv3yFzb/3ZZ7v5GSBBlg48wZnluM89NxzzA92OzeCIAiCIAiCIAi7CxkAFgRBECKhlELTtG5nY3ehPuGVb3/Ccj7F/Iuf5bP7y49jj58ACgu88/oCU5Pty8LCpQU2lcHhH/kCXzpcXvVzfL59abaOHCu3l7i+ZfIQlAeAp4/YA9hD013MmxCeQZg7GbxiVWgtM5+HnzsBow9FO+/6v7NXF78gA8CwzjtnlzC1FEMDGTavXuXK87PMdfsnMD7E4flju++tDUJn8bOT+Sd49tJrfP0H61y8dJPnf3R/t3IXio07S1y/nWLoSUAGgAVBEARBEARBECIhewALgiAIQpvZ/OEVruag/+HHKwZ/S8RmOfnisxxs46DCxnYeiNM/fB+98nFoP8fnj3F8X6R3sraAT/nz//N3+aNL6QjnpDn/jd/lf/svn7YtV4JQwdBheOwkzMqS0IZZvMSlNTAOPMpL8yNQWOL8hUy3cyUITdE/MUQ/kNve7nZWBEEQBEEQBEEQhDYiK4AFQRAEoa1kuHo7DaQ4/Ej4lTYV+/UCRt8Qh594mheP7ikf5Oy9+CNf4Pj6u7xxaZ20AvqGmH/2BT57uL90jJOX8//lLzjvTaziFcomm9dP8+oPbnNnxwQtzsTcUb60Z4Gv/2CVoflT/NJzkwTvbVn9+cVX/oLXb+/h1FdmWfnOJT66l6f/6Cl+6bk9bC5e4J13b3L1XgZTAUacqUce50vPHaIfWH77Zb5x0RlwWeX13/8LXgd7v8k99p6ZlPJk53/t0tu8emaZ5Z1i3Y3s4YlnnuWka/C9nKdDrH3vHOfv5gHo3zPL8194jrm+Wq3zEF/+ub38mz/8Y/7oq/+If3zUZ1C/sjU5/40/5ncv7uWf/KuIqzEfNJy9eX/uVfj0N+H8y2DNwpFfhZ//Miy9DN/6PVi/CrFT8Llfg2ecNeEr8LtfBv4N/OI++Iv/GxbPQuwEHPtV+MmT9T3fD/8MXv8z+/rMwvRL8IWvwv4EWAvwOy/B5i/Dv/hVSLhPXID/8BJk/gX8L1+1p1jefA2+/Qd2HpiF/b8Mf9+zqtbahL/9bTj/KuRWIPFl+NyvwtMteM3wysvwu79Rub+ytQkv/zu49L1ieifh6D+GL5yCa8W6B+A1+N2T9n87vT9zz2By5eId0sSZP3qE/uk8s++ts3DxHMuP+eznu3ONd753gTOLtpYZI5M8/xMBa3TXLvHq965wZTVv78k6OcNnH29x9ku/D5/l8K23+f4tO1/9e/fz2Z94lomVd3nlrbLOT514lpeemiqevMQb33iD8+znpReHOP3dy1xfN0EzGN03x4ufPcZEzXupjg6rm7z+n97lYmaE5//bz/OE5156/c/e5mJ+khd/6RRzWvXvYf+eWZ7/3DPMDbomNKlVzn/vNKevb5I2ASPF7BNP8NMnZrmPpj21hpxFFjAS8YqP69bzivOb+wI/PXKFv3lvibUCEOvn4Gee5kvzkxV1HdWPmV99m+9/skm6bz9fOZHmGz6+S8kHUaucf+1d3rmdJmcChsHozGF+4oXHmar5+y0IgiAIgiAIgvDgICuABUEQBKGtLLO2AdDPeMhXPKc/ep0/ffUaC5kkB+fnOHViljFtkys/eJ2vv7dUdfzamdd55abB4aeOcnJ+hP7MJhe/9z3eWaf4muSjzI0CxJk9cZRTzxX/nhipHMMC0h+9wf/3nZvcycSZnZ/j1OOTGLfP8c0zm03VAmxy+q/OcXHDYGx6kom+POQu8+orV7i6E2ff0TlOPXeEuUGLOxdP881iOYcPz3HquUPMJgH6mSvm/Qnftz6b3Hn7Ff70B3dYNgaZP3GUk/OTDO2scvrVb/PyJ96Ve5uc/qvTXDemOPncHMen46RXF3j1lTOs1SlN3/Gf5zf+uz188Pt/XGclsD34+9sf7uGf/Kuf56lU2Pq6T9ne9P9reY7721+HlSfgZ/4tPLQPPvkN+E+/CX/yn+3B4Bd/DeJvwN9+DbyLqq0z8Ae/DeP/Dfzcb8LeFJz95/AHr9XO25u/AX/5m/bA8ou/BT/+i7D+2/BH/wyu5ECfhWdeAuv34Iee++GTV2EdOPWS7V1f+T34o1+DzSP2tV78Ktz7bfiPvwc556QV+H9/EU6/AUf+Jfzcv4UjWfibX4bvrzRawzXIwZ//Ipx9p5zeIw/BhX8Jr10qvjL6t4rvWD8Jn/stO/7IA7qCOHeZ8zdM6JtkbgbQ5pg/YMDWbU5fNSuPVXd44+XTnL6dIblnlqefm2N+aJt3/voyy97r7lziWy9f4Mqqxej+/Zw8eYiDaplXvneb0O8UsCw2t9ar/6arVycvn36Ld7ZGeOLkHPPjcdJ3b/LKK9/mm6/dITt9iFMnphiN57lz5m1eueYpl7XKd//6ChtDM5x87ghzIzprNy/xjb88XV2uEiF0WNvPE3P9oNa5eH698vTinsujxx5nToPcJ+Xfw7kTRzl1YorE9gKvfusNrpTupSW+/xev88bVTYy9+2093wsLp9/mT31+Mx8YfOxk+dY5Xn5jgRxxHnn0UOnQcPVsYy7+kL/4YJvhuTnbfow0199+o6KuG/FjXr2ShpERDu5JYQb4LicPDwEZzvz167xxM03Sae+ZfnK3rvCttz9pT10KgiAIgiAIgiDsQmQFsCAIgiC0lW02slGOX+DdD1bJaUM8//Nf4IniSpbjTxVXTH14jjMnKldMpY0pXvoHzzKlARzjAC/zjYtpFm5m4Ph+js+DceMSV9YMxg4e47izmG9lmzNn18vjUaW0+3n653+SkyNO2nd448/fql45HIk8hdFjfPVLRymvl53ixb+/n6Gh8gDT8aODmF8/w9XrN1l7ZpLRyTmOTy6x9uE1FrIpZuePUdq22DtGlrvM9y9loG+Wn/0HzzFbfKX20yfO8c3/dIXr751h4chz5T2EyWMcfIFf+pHiqrf5KfjGG5xfW+J6Dka9o+Me+o5/hf/jH32D//33/xj+e7+VwOXB31/5X78ig7+8Bl/3G4T9PPzKb1buDTzzT+EXiytQ5yfg338Vbr4Kf+8/w4liw4xs2itWP1mAh1wrZu95jnvsFHzzn8HF/wvOn4LjPg2bewfeeBlGvga/XBzE5SQ8cxT+/T+Hv/0rmHsJnvwp+M434YdvwMkvOyfD6T8E/ZfhySFgwV7Vm/xl+B9/FZLFa81PwG/9Gpz9RXhmCM7/KdxdgR/9Jvz4bDmv8a/C9/8Knv9qY9UcyCW4sgIH/y28dKqc3pf/B9gZhyHgscPwEbAg+zWvnb/BHQWjc0eLmmEwNz/F968vcPXSZXKHj5Um0GyeO8f5Teife5avOnuqzj/O0+e/zR++VzlZ4Pq7l1nIwdQzX+Cl40XNmD/O3Jsv860rngHYINILvPKNherPq97IALmRQ3z1px+3dfdoP9mvn+Hq2ib9z/xkKf3jg/YqzFu3bsMh15sq0mmSruOYn2P2lW/z+u1rvPHhMV56zEfUwurw8QNMnbvEnasfsfy0k+cMZy4tYWojzB8fARb4/nur5GIjnPr5z3Pc+T08cpo//eY13v9wnbmnRsh9eI4zmzB01K3nx5j6zn/l1UuXufrMJIfD1ez9RZCdJIc4/uILnJpx1uuGq+fSZdcNnv+HLv9k/hLf+uYFFkr+SQN+jDnEZ//hZ5l3rd6dCvJduMT1u8D4HC99qWjb849zqrDE8k7ImXaCIAiCIAiCIAgPALICWBAEQRDaygDDyQiHryxwaweY2l96aAqAtp+jB1Og1lm4WXnK0KFDxcFfm4kx+2F9ejviqt1S2odKg7922lMcP9Ts6GWKR55yD/4CGBWDv+Q22dw2SCYAZVKImsS1Je4o6D94qDToAEDfMeamgJ1Vrlcs7U1x+OiUKz7J+ND/z96dh0d13oce/86iFYRAAgnEDjLCFtgIGy9g4xjHW7wm8Zq6aewkzc3S6944aXpvk/S2aXvTW7tPk5ulTVKndRw7sd3YeDeO7RgbMGB2MBIIMJsAAQIhkNAy0v1jJKEVSaDRSOL7eR6hM2fe877vOXM4Mzq/+b0vQC0V3Tx00SBwR5nABn/ba5FV2urn89HgY0vjp5xaDo6EoQC3tw7eZjYGTSvafhOgTTkSYc7twGHYsaPjrn20IZqFnD+n9afjpDmQC5R/AEeIDpl88bzo8MqljWUqlkQDq/kLosNCHymKZgOPvxDqWmQ5ByfBCGBPY8ryjoXANTAxrXU29Nh5UL2+/RccztokGJcJe56BdTug6Ysp4cz2x/9c17CdlZsroTkQ2Wh0HnnpQOlu1rVIXN27v4KOhvlPvWAcrQfzPsjugxEgndwLWl4NQ+Scl01Xg8k3S0qn4NIWozk0/cwaz7A2RdOyWtQbSCM1mfbtZ6SSRkdzwrbtZyrTZ2STCBzY3+aNqEl3r8OJ05gzNQGOH+DD/Y1lyjdTWAqh8ROjwcGjB6LvSRmjmBBpkckaymB0Khw9GN1w1/5yIJmxY5JbZLseJztzKNRVUBKLhPqBoNV5MoUJQ4FAKtPnXcG8FlMidPc4N2v7+SQlj9kTEk59PjmDzzGpk/NaBX9PbzTZw4GynSzesIdDVdEpHGkcpyEAACAASURBVAiPYqTXMkmSJElqZgawJEkxNZLhw4CDlRw+CHSVnFJbTwQg0P6pUOO6ujZJYmnDeinj5TRtDx+WCrQfXrT7OhgCu6GCHSs/YElxOZVto71De95CpLZxnsFA2++3hZqPXaTVsUtl+PCet9NW+0xgDP52qAdZpRkdFUrq3lcX03Pal0tq/BZGpKZdcQBqGyP+oQ6+rREEqD41TPWc22HlX8AHRfCJPFi1EJgHlzTOo119LPq7+M/hRx20FdwL5EHVYTrPiiYaAO7VDNw0uPOn8MIP4LW74TUgcR7k/xEs6Mb8yOeQms072VEHjMpkQk05FS1Om+ysZCivpOjDEuZckQPURucghfbnXbtraW3jNejUNalZkO7PVZuQxuTp57efh7gDHb8/dNB+R1KGMKJtucQgSUBNpONs5e5fh0Pk5OcwvHgnWwu3M3/0FEo+LOEoCUyf3vgFkJO10fek0mKe+l1x+8aCFRyilsoagJMU/uFtCjvo05Eyzs1s9jbnSf6UJF56djOFiz8g6875TG/6nky3jjPN9aSmtY+yJoZDQG3088kZfI4ZnpHdvnCn0plzXQE172xk05oP2LUGCCUwcsIU5l/R1fzUkiRJknTu8M8jSZJiKpnJ49J4/2AFO7buYd6ocacvnhCMBgEa2j8VaVwX7naUoIdO0/bRY92cnbKDbTtTsXEFbxRWwNAM8s8bxfAEgJPsWLeTDgat7FIoIXpgIg1tJ5SNNB+7UIyOXUr+p/jO3b/je48/yeGpsKUkg889ZPA3LspLosHalvGn6sZ011An43onNAY0Ih2M114PrYLPafMgNxM2vQXXAmuXQO5PIKuprsYgcs5fwMWT2teXPAVIjGYLMwc+9kDHGbhjOtm/s5E0Ge76F6ivgfK9sO4ZWP4VqPgJfHpODBociMpZt7Uxvffgdp7+XcdzilYWF7H+4hwuTEwgsem60vbS0+56mNB4DWq8JrUMkNVDNweA7jtVJzjSQOtM3pr6aPJ4JxfTHl2H089netZO3t+9k/VVcGBHLWTlcXnTHO9N70nDs5k3rYNv6yRmMIwEDoUgOk/sFCZ3kEWa1uGc8eegxDwuz93B7wrL+GBVCdOvaMxP79ZxPqWygyEyahojuuEQffM5JmUi826cyLyGk1QeOcSOoiJWbi3idyfgczeeGp5dkiRJks5lBoAlSYqxtBl5TC/8gMLidbwxJoPrJrcZ6LPuIGuW7SH7qgJyMnMYm7KHwgN7WF+Vd2r4xIY9FO06CYF0crqIIZ+x5rZ3srI879Qw0A0H2LSzbfbvcEakQsmJSg41wMjGAEHllhIOdLO56sZhG3NmzmfeeY0rqzZSvBJIaF02mjVUS1UV0NkwkRNHkf1+GQd27aTk0uxTQYuqzRQfAFIymNALGb+dGXbRp/gOL/D9V+FzD93GJQ5FGScLYdPnT80BDLB+IZAJkzuZCXTSzGiAd9NKmHf7qWBv9UooBtIviQ7fDEAiFNwPxT+AJ0ugOg8KWgRPMy+EdOBINUxvM6R0y5hY7oNQuBDC0+GCNidLHTH4lF4T7dOINAgmwojJ8LHPQ/EzcLDFVy5CmcBxqOrt9geI/UUUlQNDRzHngowOA0kVHxWzvrScwk3lXFiQzpSx6SzeV87WD7cz7+pTw5dXfrinzZdZRjF5TAKbtpazaV05+c3zqkYo2XqAbn7Npg+VU/xhJflNcwATYceWA9QA2aM7eSPq0XU4mQvzRrGy9CCbXttCRV2IyXnTTh3zpvekynpS885ncstAdEMtERIIQfPxrwzkkD+95fwFEKmrJeRfvM1GzppMTvFmSpq/wEC3j3Ozdp9PtrNpV+2pzyeJvfc5Jtz4hYnqqgincuRPcrSsluEZaRBIJjVjHPlXJHF03xI2VUSzlXM6rVGSJEmSzh3+OSxJUqwFxjH/uqMcea2YHe8u4olN6UwYO5rMlFoO7z7Irv0VVDYkkJ9XQE5WDpfMymD7sjLef2ERJZNzGJ9QSfGOEg5UQVr+jOgN25g41faaF17jQN44Jje2XRFJAGpblM1m8tgENm0t4/1XVlA1NQ2O7WdTUXm3s9hGZqeRWHiSktWLeOv4eEbUlrF151Eq22UGjWL65FTWr69g5atLqLsggxGZk8ltO8Jo4jQuz9vJwsISXnrubaZPHk1abRlbdxzkaEOICRdfGPObwsMuuo1/uCjGjQxYx6F4JR1+Q2DURTCql07stDnwzp/DzttgShKsegZKNkDW9+D8TtpInAPzboR3/w4e+wgumgu1RbD6CaifCR+/qXX5KQsg/QdQ+hqkfxumtHwyBxZ8GZ77AfzkI5h9DQwH9nwQzRqe/wRcnAbn3w4rFsLv74ftD0J+DpwogS1vw+FL4Gv3dzHkdQn84QnoaI7xS+5v9yUKKpbAz/4RRt0E0y+J9mnrwuhQ09Nb7MCM+2HTD+D5H8BVc2HUdMg5V77NEKG48ACVhJhccDkFkztJU5wY4cCzxRwoLqKk4FJyzr+A/KJlbNq5nv944QD509KoKSlh68FqEoGWA4/nzMolZ+dmSta/zVMHxzF9fCIVO0rYWl5PiG5mAddWsKNwcwf/lRIYOSWX7N56j0hKpnLj2zx9IJvzchI5smU3xUcjkDaOy8/vZHiDnl6HJ0/mvA8OUlhxElJyyG91zJvekw7yxtOLmDA5h/HD4OjBg+zaVU4o/xrunpVOYtPxX/82T+3LIXdyGqlVFezYe5CS48O57p55rYOa57LmLOBy1q8q4cIrcujucW6uYmgtq5s/n1SwacsBjtZA2vQLGj+f9N7nmNypo3hvz0GKl/yB8AU5ZGbkkD90O4te2klFWjqTx44iexgc3b2HTcchNCa9W0OjS5IkSdK5wACwJEl9YfgMbr8zm8LVm1m/vZzCDUXR9eFkRo6dyLw5M5jcGGNJPW8+d6es4a1Ve9hVWMwuIJSSRu5lBSzIy4hpN1PPm8enQ6t4Y9UBSgqLKQkkkJ1XwO3pO3lqeRmhxFN3bXMuv4J5VR/w/t4SVh6GUFoGs6/LY++iou4N4Tzxcu647H0WrTpI8YYiCKeSe8UMktasYVObosNnXcmCqmW8v/0ga1YcJG36SHKntq0wRPal13F3+greWn+o+RiH0jMomHcJc8Y5HnN8rYQ/rOz4qateg1G9NEln4jy4ayz81/dg0w4Iz4Tp/wI3zzt9QHXu92D4hbD4GXjrCSAHRt8Nd9wP49pGK3Ig/xpY+jZcvKB9XdMehAfy4NVfw5I/j2b+plwD+d+Gixr/owdz4E+egcWPwfrHYHsJBCdD1o1wx+3dmO+4CIqLOn5q2v3t5zxNuwZuOQTLXoV3nzh1rAoeg4/PPFVu0v1wYw28sxBeewKmPwa3z+ScUL6e1bsikD6ROZ0FfwFSzmfO1J28VHyATTsi5EzOZt6t8xi+eA3v7z3AmhUHCKWP4vIbJrLjhc2tr4cpedxySzJL3ttI4f49rNwfInXUGK67Epa8tYf2g+t2oLqcNSvKO3gimfxRuWT31ny3CSNZsCCNNW9vYeWeCARCDB+Ty5XXzCC704BqT6/DOeRNSKaw6CTDc/PafUkn9bz53J2+kcXLdrC3qJhdDUTfNyfkMX9GY1AykM28O+aT/f463t9RwpqDQCBE4rB0CuZeaPC3jZGzJpJdVMSB4s2sn5XDhSndPM6NksYWcFN6Ma9+UMyuCBBOJadgBjfNPDWPb699jpl4OTddvIR31pVRuKYIxgTJv24GCy49yeKNhyguLKcYonMATz6fBVfmOfyzJEmSJDUKNDQ09GC2PknSYHHgwAECgQCBQPTOaHeXu/t8k9Ota7vcncddre9MT8tX19R2XWgwaoje5G8tQsnS13ipGKZfdzPzYzE3qc5IUmLbNM9eVNHdwbz7i8PwixuB78EXboxxWxXwnwvgyEPw37vK1FWztOyuy5yBc/Z6HTMHWfK7JWxiHJ/61CUxzqgsZ+XCt1lzYhQL7ptHbj8P1sbqmjsgzuHDH/DUy3tg+jzuu3RUvHvTJ2L6HitJkiRJPbR2444elTcDWJIkNYpQsuw1XtoRIntMOiNHDWd4Qi2Hd5RQeLAWhk/hQoO/EmxfCPuByxYY/JXOxo6NrC+H1PMm9/vgryRJkiRJA4kBYEmSOhAIwLk3RkaInEsvZX54M+u3H2LTnsYM0HBy89CKw+PbQbXQw6T2M2ggCA31MW5kIKqBVU8At8PFsZ5VehAJxC5Sfm5erweDStYXHiRCKnkX9P//S7G85noO9z8xf4+VJEmSpBhzCGhJOkc5BPTp1dTW4Vuk+rNAIEBiQgy/y1dZBpEBMCypBoZQAqTGZg5zr9fqC7G85noO9z8xf4+VJEmSpB7q6RDQDlonSVIHgqZ+qJ+L+Tka9Ma3elEMzyev1+oLsTzPPIf7H18TSZIkSQOdAWBJkjoQCHrjT/1bzM/RUEJs69e5JYbnk9dr9YVYnmeew/2Pr4kkSZKkgc4AsCRJHTDzQ/1dzM/RUGJs69e5JYbnk9dr9QUzgM8tviaSJEmSBjoDwJIkdSAQCHjzT/1WsMXc27FrJGQWsHpHKCF6PsWI12vFWqyvuZ7D/UufvMdKkiRJUowZAJYkqRPBkG+T6p/67NxMSO6bdjS49cF55PVasdQX55fncP/hayFJkiRpMPAvG0mSOhEKBjEBRP1NIBA9N/tEQioE/LiosxAIRs+jGPN6rVjpq2uu53D/0KfvsZIkSZIUQ/5lI0nSaYRiOGypdCb6/JxMHNK37Wlw6cPzx+u1YqEvzyvP4fjzNZAkSZI0WBgAliTpNEKhoPPAqd8IBAKE+npoysRU5wLWmQklRM+fvmrO67V6WV9fcz2H4ysu77GSJEmSFCP+dSNJUhfCYbNB1D/E7VxMSotPuxrY4nDeeL1Wb4rH+eQ5HD8ee0mSJEmDiQFgSZK6EAwECIe8Kaj4CodCBOOVGRZKMAisnklKi0vmuNdr9ZZ4XXM9h+Mjru+xkiRJkhQDBoAlSeqGUCjosICKm35x/iWmOh+wuidxSJ8O/dxWv/j/ogEt3udQvNs/13i8JUmSJA1G/pUjSVI3hUMhbxCqz4VCwf6TDZY01CCwTi9xSPQ8iTOv1zpT/eWa6zncN/rL6y1JkiRJvc2/KCVJ6oFwKOSNQvWZfnm+JQ11OGh1LCmtXwR/m/TL/z/q1/rbOdPf+jPYeHwlSZIkDWbheHdAkqSBJhQKEggGqKuL0NDQEO/uaBAKBAKEw/14PsLE1Oj8rtUVEKmNd28Ub01zRMdhzt+ueL1Wd/Tna67ncO/rz6+3JEmSJPUWA8CSJJ2BYCBAYkKYSKSeSH0E78mqNwQCEAoOkGE/QwmQmgE1lVBzAhrq490j9bVAMO7z/XaH12t1ZqBccz2He8dAeb0lSZIkqSOBQKDbXwwOBAIGgCVJOhuhUJBQKEikvp76SD313pXVGQgGAgRDQULBAXhTOjE1+lNbCbUnzQg+F4QSICEZEvp34Lctr9dqMlCvuZ7DZ2agvt6SJEmS1FJSYgInq2u6XdYAsCRJvSAUjN5YbGhooL6hgYb6hsYbsw1m6qiV6IiTAYKBAIFg4+/BMAxlQmr0pz4CkZpoILi+LvrY7OCBKxCEYAiC4WjgN5QYfTyAeb0+twzGa67ncOcG4+stSZIkSQBpQ1K7HQBOG5JqAFiSpN4UCAQIBQJgkonOVcEQBFMgISXePZFOy+u1BjrPYUmSJEk6d2QMT6PiRGWXQeDkpEQyhqcZAJakQS1SA0VvwUfLYd8mKNsJJw5DXQ1ZoQQaUjKIpI+jLiuP2rGzqZsyn4ZQQrx7LUmSJEmSJEmSWsjJyqSk9HCnQeDkpERysjIBCDR0d8bgAWLtxmLWbCymaNtuDpcda16fmpLE+JwsCmbmMis/l8yMYXHspSTF2J61sPLXsO45qOvesBAAhBOpnv4Jqi+8k8iYmUA0u6Rp6LyWvztbbvm7q3Vtl7vzuKv1nXH4P0mSJEmSJEnSQFRVWde8XHa0gooTlVTX1ALROX/ThqSSMTytucygCQCv2VjMbxe+3Sroezpz5+Rz2/VzDQRLGlyO7ILfPxoN/J6lmvNv5uS8r1I/fJwBYEmSJEmSJEmS4qRlALg7BnwAuLKqmv/4zWus2Vjcan1KchLjx45qflxVVc3ukoOtyqSmJHHP7dcwd05+n/RVkmJq5ZPw8nd7lvHblXAiVQv+JzUX3QkYAJYkSZIkSZIkqa+dUwHgyqpqHvnp0+zeW9q8bu6cfObOySdv6vgOyy9duZHfL17N4SOnMoUfuPdGg8CSBrZX/gaW/nvMqq+++H5OLviWAWBJkiRJkiRJkvrYORUA/tt//lVz8DclOYmvPnh7h4Hftiqrqnnh9aW8+e7q5nUGgSUNWM99E1b9NubN1Mz8JCdv+h5gAFiSJEmSJEmSpL7S0wBwOEb9iLkXXl/aHPwdnzOKb3zlHlJTklqV2b23lN8u/AMQHe551oxc5s7JJzUliXvvuIYJY7P45W9eA+C3C98mb+p45wSWNLC88jd9EvwFSNzwHCQN5eSCb/VJe5IkSZIkSZIkqeeC8e7AmThcdowXFy0Dopm/D9x7Y7vgL8CajcUUbdtN0bbdrNlYzC9/8xp/+fc/bw4cz52Tz7VXzQYas4IXLe27nZCks7XyyZgO+9yRxA9+ReK6Z/u0TUmSJEmSJEmS1H0DMgDcMlB72w1XMH5sVoflCmbkMm3qODJHnMrqPVx2rNW8wbfdMLf5+aUrN3G47FiHdUlSv3JkF7z83bg0nfzmPxA8uicubUuSJEmSJEmSpNMbkHMAP/TtH1FZVU1KchI//PuvdWubw2XH+PEvn2d3yUEAMjOG8f2/+iIQDfw2DQV96/VXcNsNc2PT8ZYqilm88GXe2XaAihPRcbvDQ9LInjqXaz9+NTNGD4TRuTfy+F88zsYLP8v/vX9GvDsjnVueeQjWPRe35uvyb+Xkrf8IOAewJEmSJEmSJEmx1NM5gAdcBnDRtt1UVlUD0SGcuyszYxjfffizTJs6DogGhJeu3ATArBm5reqPtaqNT/G9v/8ZL+0IkzvvDu77zH3c95n7uGNeLuGdb/L4P/8vvv90IRUx74mkAWnP2rgGfwHCm14ktG9DXPsgSZIkSZIkSZLaGwhppq00Dd0MkJc7vsfbP3jvTfzl3/8ciAaFAVJTkhifM4rdJQfZsi3Gw5rWF/LyM2uoGHkt3/j6DWS1CsEXcOnH76Js9TM8uy+FtNj2RNJAtfLX8e5B1MonqVjw7cYM4KaVZgBLkiRJkiRJktSbEkLJPSo/4ALATdm/EA3c9lTT0M+VVSdbzR2ccgZ1nZFtG9lQBROvn9sm+NskTMbs+/jTvumNpIEmUtO72b9X/RuMWQVP/6zHm6ZseZXKBd+lIZjoENCSJEmSJEmSJPUTAy4A3BsyM4aRybD4NJ6UTBioqqqCnuT41pdR+OrzvPRBMaUn6iCcwtgLruWOT89nYkrLcnWUfvgOr721lG37K6iqA5IymDj7Bu67vYCMFkHnjU/8BY+vn8Fn/+EWal98itdX76QseT5f/atbmAhQV8aapvXVQDiFrHEFXHvPLRRktj516g6v4flfP8/qPVXUAeHRM7jl3s8wN+ecPMWk2Cl6C+pqeqeuq34D182AN/7uzLavqyFhx2Jqcj/eO/2RJEmSJEmSJElnzehcXxs3nfOHLGbF7x/jqYwHuWtWFuGuZmKuL+XNHz7C66VZzFhwB9eOTIDqvaxc9BI//r+l/Ol37iS3sY6K5Y/xyIsHmDi9gGvnjyUNqN27ktfffYof1KfxN5/ObVN5KW/+6PscODGR6bNvYMHkXDIAqjby+P99nI1VaUy87BZumJwG1WVsePdNnvqnY/B3n6Wg6ezZ/yY/fvQY4TnXctf8NKjYyeK3lvL8D/8N/udXmZvemwdQOsd9tLx36mkK/r59D7x75nOfJ5SsMgAsSZIkSZIkSVI/MuACwC2Hbd69t5S8qT2fB7gjh48cAyBzRIwzg4O53Pnf74N/f4YVv3mENU+HyZgwnenTZlJQMJ2xmSntXpTStx7n9f1jueHPH+La0U1rCyi4cCyPf/8pXl5yAw9dFc0mTrvsQf5hTphwy0pmFZBd/z1+vGQpGz+Zy4xWAedSykZ+lu/8+QxOJRLXsfG/nmHjiSyu/fo3uGH0qdIFl13N3j1ljG1Zf2kVU7/2HW6Z0KJvo+r468dWsGZjBXPnOZux1Gv2bTr7OloGf98+u/rCpYVn3x9JkiRJkiRJktRrBlwAeELOqQDw2o3b+Pj8i8+6zsNlxzhcFg0A5+X2TkD5tEYUcOc3ZnJzyUesXLOYNasLWbpoI0sXAeE0pi+4j7sW5JIWBNjJiuWlMO1Orh7dpp6UAmaf9xSPb9hAxVVzowNKB8MdZhSnpKRAfSkHDsGMrJbPZDH/+pbBX6BmNSvWV8H0m1sEnJuEGTsuq/WqSfO5ekKbYlMmMJEV7Nx/gB4NdS3p9Mp2nt32vRj8BQiV7znrOiRJkiRJkiRJUu8ZcAHgzIxhjM8Zxe6SgxRt283hsmNkZpxd1u4Li5Y2L8+a0XaI5FgJk5KTy/ycXObfDNRVUVaygcUvvM7SRT/jkUMP8p17pxOmgrJyoPxZ/tdfPNtxVVlVNM8oXF9B8ZLneHnxNg6UR+fjbVGwo43Jbrv6aAVlQNaESd07QYYNax/iTUxtnOv4ZHdqkNRdJw6f+bbNc/7edFbDPrcUPFnWK/VIkiRJkiRJkqTeMeACwAAfn38xv/zNawD88jev8Y2v3H3GdR0uO8bSldEsuMwRwyjoswBwG+EUMiZcyh1fm0nOY3/Ns6vfZMXN05nbFFm94E6+8+nzO942mNIYgK2j8OlHeGx1FWkT5nLjzRNJG5JF7uhhHPjDj/nZu32zK5JiqK7mDDf8Hlw3F1b3XvD37PojSZIkSZIkSZJiYUAGgGfNyCU1JYnKqmqKtu3mhdeXctsNc8+orpSUJFKSk6g6Wc09d1zTyz09EylMGpcBhXVU1QCkkZEOHDsJaWldDKZczJq1VTDuFv78a/Nbla1K6kEXhqeRARSW7KXjrGFJA8934I3z4LrfwuFeDgJLkiRJkiRJkqR+o4PZYvu3w2XHeOSnT1NZVd287sVFy3hx0bIzqi81JYnvf/uLfPfrf9w32b/lS3n88RWU1XXyfNVGXltWBiOmMj0TYCIFszJgz5s8t7Gqg/JllDWvDpOQBNTU0qpkU53dlTibgguAjW/y+v72T5cdqeh+XZJ6VzjxzLd99154YyNc9ypckx///kiSJEmSJEmSpF43oDKAi7bt5ie/XNgc/G3K3AV44fWlFBXv5oF7b+xyTuAt2/Ywbeq45sepKUmkju2bTNe60jJKCxfz/W8/T9a0SynIn0hGY3Zuxd41rFhSSGn9WG740i2Mbdxm7E0PcsPWR3j9iUf48WVXM3dyGlBLWeFKlq7dCfO+yndunQjkMv9jY1nx6uv828+ruGHOWBKq97Jy0UqODUmDE93tZZiCT97Hmp1P8ea/fI/ipjary9iw5E02lk7nvr/7LAUD6uyRBokhmVC+78y3f/de4DfRTGDugbc3nVV36pMzzmp7SZIkSZIkSZLUuwZMCO/FRct44fWlzY/H54zinjuuaRUQLtq2m7/8+59TMCOXvNzxjM/JooEGAgQAWLOxmDUbt3K47BjXXjWbe+Mw5HP4vFv4xt9ezc5V7/Dm8jUsXriUqsZs4HBaFmPn3MlDH7+UsS3Hbw5mce1//0vGvvUSry95jaeW1QFhUrLGUvDJh7h2ztjmolnXfJWHkp/k2UVLefbJOkjK4tJPP8Qdhx7jkUU96Gh6AQ9+PY3FC1/mndUv8dQyIJxC1rhLue+btxj8leIlY+LZBYChV4PAkfRxXReSJEmSJEmSJEl9JtDQ0NAQ706cTmVVNb9d+DZLV54KUMydk89t18/lx/+xkN17S4HW2cDdMWtGLl994PZe768kxdQrfwNL/7136rrqN3DdDHjjzOcEriq4nxPzv0UgEP2iTdvfXa1ru9ydx12t70xPy0uSJEmSJEmSNBD16zmAK6uqeeSnT7cK/j5w7408cO+NvLBoaXPwd3zOKL7/7S/ywL03Mj5nVJf1zp2Tz7239332rySdtUmX9V5d794LbyyBMTedcRW1ORf3Xn8kSZIkSZIkSdJZ67cZwLv3lvLIT59uNd/vN79yN+PHZvH7xav47cI/NK//64c/22re38NlxyjatptDZeWt6szLHU/e1PF9txOS1NsiNfC9C6CuJt49gXAih//bMhpCiWYAS5IkSZIkSZLUT/TLmVzbBn/H54ziqw/cQWbGMHbvLW0O/gI8cN+NrYK/AJkZw5ibkd+XXZakvhFKhIs+Cat+G++eUJ13C/XBBAyrSpIkSZIkSZLUf/S7IaAPlx1rF/z9xlfuITNjWPNzTW69/goKZuTGq6uSFB9z/ijePQCgasad8e6CJEmSJEmSJElqo98FgH+z8O12wd/UlCQqq6r58X8sbH5u1oxcbrthbjy7KknxMW5WNAs4jqqn30Jt9oy49kGSJEmSJEmSJLXX7wLAazcWA5A5Ylir4O8jP32a3XtLgWhg+IF7b4xnNyUpvj7+MIQT49N2OJETl30lPm1LkiRJkiRJkqTT6ncB4CapqckdBn9TkpP46gN3kJqSFOceSlIcjZgAN/9tXJquuOovqUsfG5e2JUmSJEmSJEnS6YXj3YG2MkcM4/CRY+zeW8ojP3maQ0fKOVx2DIgGf7/5lbvJzBgW515KUj8w5zNwcCss/fc+a7Jy1h9ROeNTBPqsRUmSJEmSJEmS1BP9LgP4njuuaV4u2ra7XfB3/NiseHVNkvqfT/w1XHxPnzRVdf4dVFz1zT5pS5IkSZIkSZIknZlAQ0NDQ7w70daajcX89vm3OXwkGvydNnUcbR47DwAAIABJREFU995+jcFfSerMK38T00zgExd9huNXfRMC0dzfQCBAgBbLLda3/N3VurbL3Xnc1frO9LS8JEmSJEmSJEkDUb8MAEuSzsDKJ+Hl70JdTe/VGU7k2JXfomrGp6KPDQBLkiRJkiRJktSvGQCWpMHkyC74/aOw7rmzrqpq2ic4fumXiaSPPRU8NQAsSZIkSZIkSVK/ZgBYkgajPWth5a+jgeCeZASHE6nMvYkT+Z+iLnsG0DrAawBYkiRJkiRJkqT+zQCwJA1mkRooegs+Wg77NkHZTjhxGOpqaAglUJ+cQd2wsdSMnEb1mAJqJl5FQyihXVDXALAkSZIkSZIkSQODAWBJOkft/Ghvc/C2o2Bvu8Bu2yCvAWBJkiRJkiRJkvqdYLw7IEmSJEmSJEmSJEnqHQaAJUmSJEmSJEmSJGmQMAAsSZIkSZIkSZIkSYOEAWBJkiRJkiRJkiRJGiQMAEuSJEmSJEmSJEnSIGEAWJIkSZIkSZIkSZIGCQPAkiRJkiRJkiRJkjRIGACWJEmSJEmSJEmSpEHCALAkSZIkSZIkSZIkDRIGgCVJkiRJkiRJkiRpkDAALEmSJEmSJEmSJEmDhAFgSZIkSZIkSZIkSRokDABLkiRJkiRJkiRJ0iBhAFiSJEmSJEmSJEmSBgkDwJIkSZIkSZIkSZI0SIRj3cCRI0di3YQk9VsjRoyIdxckSZIkSZIkSdI5JOYBYIMfkiRJkiRJkiRJktQ3HAJakiRJkiRJkiRJkgYJA8CSJEmSJEmSJEmSNEgYAJYkSZIkSZIkSZKkQcIAsCRJkiRJkiRJkiQNEgaAJUmSJEmSJEmSJGmQMAAsSZIkSZIkSZIkSYOEAWBJkiRJkiRJkiRJGiTC8e6AJKl3VFXWNS+XHa2g4kQl1TW1ACQlJpA2JJWM4Wnx6p4kSZIkSZIkSeoDBoAlaRCpra2jpPQwJ6trWq0/WV3DyeoaKk5UkpOVSUKCl39JkiRJkiRJkgYjh4CWpEGko+BvSyeraygpPdyHPZIkSZIkSZIkSX3JALAkDRJlRytOG/xtcrK6hrKjFX3QI0mSJEmSJEmS1NcMAEvSIFFxojImZSVJkiRJkiRJ0sBhAFiSBonqmtqYlJUkSZIkSZIkSQNHON4dkCT1joaGhpiUVe8JBCAYDBAMBggEAwQCEAhEf0uSJEmSJElSf9LQEL2X3NAADfUN1Df+eHu5/zMALElSDAUCEAoHCYWigV9JkiRJkiRJGgiaElgACJ26t1lf30Ak0kCkrt5gcD9lAFiSpBgIhgKEGwO/kiRJkiRJkjRYNI1ymJAQJBJpoK6unvqIkeD+xACwJEm9KBgMEE4w8CtJkiRJkiRp8AuFAoRCoWgguLae+noDwf2BAWBJknpJQmKQcDgY725IkiRJkiRJUp9qCgTX1dVTW1Mf7+6c8wwAS5J0lkKhAAmJwVPzYUiSJEmSJEnSOahpWrzamnoiDgsdN/0+APzeio1s/6iEkgOH2bPvENXVNT3aftyYUYwdM5KskcO57Ya5MeqlJOlcFU4IkpBg1q8kSZIkSZIkAQQCARKTQtTW1lNXazZwPPTrAPCPHnuedZu2nVUde/YdZM++gwCs27SNr33+k4xIH9ob3ZMkneMc8lmSJEmSJEmSOpaQECQQwCGh4yDQ0NDQL/Ovv/jwo60eT52Uw5QJY0hOTuxRPdt37mPbzhJOnjyVOfxP3/0Sww0CSxpk1m7c0aPyI4YmEggEmn+A0y7TchkI0Em5Fr+7Wtd2uTuPu1rfmd4entngryRJkiRJkiR1zXmB+16/zAB+4fWlzcuTJ4zhk5+4kvPPm3DG9R08fJTnXnmPlWuLAPjhvz/Hd7/+x2fdT0nSucngryRJkiRJkiR1T9O9VIPAfaff3b1evnozLy5aBsAlF03jfz30mbMK/gKMyhzOn/7xLXzu3hsA2L23lP96afFZ91WSdO4JJxj8lSRJkiRJkqSeCIeDhBO8r9pX+t2R/nDLzublW667olfrnjdnBpMmjAZg9YbiXq1bkjT4hUIBEvyQIkmSJEmSJEk9lpAQJBTq3an61LF+dxe7ZP9hACaOy2bsmJGtnisq3s3GwvZzXL7w+lJKDx1ttW77zn38YcnadmXPmzQWgNJDR6g6Wd1b3ZYknQMSEvvd26YkSZIkSZIkDRjeY+0b/W4O4H0HogHgqZNyWq3fuecAj/z0aQBuvf4KbrthLgCP/ORpirbt5sVFy/j5ow8D0UBxU9ma2jqu/9glzfVMmZQDi1cBsL/0CJMbM4IlSTqdhMQggYDfTpMkSZIkSZKkMxUIBEhIDDofcIz1uzB7dU0tAENSk1utrzhe2byckNA+bp02JIWK41UA1EUizetPVte0KnfJRdOYOC6bnNEjGZE+tNf6LUkavILBgPP+SpIkSZIkSVIvCIeDBIMm28RSv8sA7syM6ZO59forOFp+nCkTxjSvv/X6K2ARXHjBFNKGpgAwdWION14zh2PHK5k7J79dXd/+H/f3Wb+7Y/feUv75354lEAjwP750J+NzRvW4jqPlx/k//+8pqqqq+R9f+jSTWxyjs/WHJWvZvmsfUyaM4WPzZvVavZI0UISd91eSJEmSJEmSek04IUhNdaTrgjojAyYADDQP+9xSXu548nLHt1qXnJzIp2+Z31fdOisNDbB89WaOn4hmL69YU3hGAeBY2rJ9DyvXFlFXFzEALOmcEwwFCIX8NpokSZIkSZIk9ZZQKEAwFKA+0hDvrgxKAyoAfLYOHj7KnpJDHCmvYOqkHCaOy453lzh4+Cgr1hQ1Zy+vWreFj11xEZkZw+Lcs1P+9I9v4U//+JZ4d0OS4sKhnyVJkiRJkiSp94XDQWoiZgHHwoAJAFccr+LfHn+RtKEpFMw8j0sLpgPwwutLeXHRMq6bfzF33/6xDrc9WV3DU8+9xdKVm1qtnzoph8/deyOjR42Ief87s3z1Zo6UV3DXrVcD8MyL77Bq/Rau/9glceuTJCkqEMDsX0mSJEmSJEmKgVAoQCAQHS1XvWvABIBXrSuiaNtuAOrrG5oDwO8u3wDAG4tXMXdOPuPaDJ9cVxfhkZ88zc49B9rVue2jEr7z/cf4P3/1BUZmpMd4D9orP3aC5as3MyI9jVkzcgH4/eLVvLdiA5ddfD7paUPabVNf38CKNYW8uGgZBw8fJSEhzCUXTePj8y9uV7ZpXmCA//bZW3n1zeVsKNxBfX09Uybm8OB9N5I2NJWFry1lyYoNVJ2sYXj6UO775AIKZpxHoDHm8eKiZbzw+lJuu2FudM7lNuvG54zimRcXc/DwUUKhIDOnT+Yzn76W4cOGxujISVLfCJn9K0mSJEmSJEkxEwoHqautj3c3Bp0Bc2f70tnnNy9fmD+leXny+NEATByX3S74C9HAcFPwN2f0SP7k7uv5s89/kisuuaC5zC9+/Qp1cUgx37B5O6WHjjJj+iRGZQ5nVOZwZkyfxP7SI2wq/Khd+YYGeOXN5Tz21KuUHT1Gft5ECmbksnX7Hn76HwupqqrusJ1jFSf4l589S+nho1x84TSGp6dRvGMvP35sIT9+7HlWrNnMjOmTyZ08lmMVJ3jsyVcp3rGnW/vwwdoiHnvqVbJGpnPJRdNITUlizcZifvHEK1SdrDmr4yNJ8Wb2ryRJkiRJkiTFjvdgY2PAZACnpiTx80cfpuJ4VfN8uQBfeeB2iop3k5c7vsPtmoZ9zps6nm985e7m9RdeMIVpU8bxn08vYttHJSxZvpGr514U251oobKqmneWrSM5KZGrLp/ZnG17xSUXsGJNIe8u30DBzPNISU5s3mZPSSlvvruaIanJfO3BO5g6KQeAukiEx59exLIPPiQlOaldW3V1EW5acCm3Xj+XQCCaefxPP/kte/cfYsLYLP764T9hWFoqDQ3wq2cW8e7yDazZWMx5U8Z1uR/Hjlfy0Bc/3dyXg4eP8s//+iy79h6gZP+h5vWSNNAEAhAM+uFDkiRJkiRJkmIlGHQY6FgYMBnATVoGf5t0Fvw9ePgo+0vLAJhTkNfu+ZbByeKP9vZSD7tn6/Y97C45yPnnTWDC2Ozm9VMm5pCfN4kdu/axpXHI6yYbCndw/EQVBTNymTLxVN/DoRDXzb+YoUPaHxuIHrOLL5zWHGQeljaEcWOi2dIXXzSNYWmpQDTYcf55E4Do8NHdMXvmea2OY8bwYYwdM5KqkzWUHzvRrTokqT8y+CtJkiRJkiRJsee92N43oALARcW72VT0ESfbDC38wutL2Xfg8Gm3HZLaPjia3CJbNhjsu0NRU1PL7xevBmDunHxCoVNth0JB5s7JB+C9FRtbDU29p+QgACOGpzUHc5ukDU0lMTGhw/YSEhIYkprc/LhlVtvoURmtyoZCoR7ty/D01vP8hkJBEhMGTGK5JHXKDx2SJEmSJEmSFHvei+19AyZSV1S8m0d++jQAN14zh0/fMh+AHz32POs2bWPFmkL++uHPktAi+DgqcziZGcM4XHaMVeuKuOSiaa3qXLGmsHl5ysQxfbAXUdt37WPHrn1EIvX86LHnOy23ectOduzc1zwUc8tAsSQptgJ+6JAkSZIkSZKkmPNebO8bMAHglhm+x45XNi9v/6gEgAMHj1BecYKRGemttps5fQp/WLqWD9ZtYczrSymYkcvw9DSKtu3m2RffASAcDjFp/Og+2AuIROp5+7211NTWcf55E9pl0DY5Wn6cwuLdLH5/PVMm5hAKBRmTnQnA/tIyGhpolQVccbySmpravtgFSTontB1pQZIkSZIkSZLU+7wX2/sGTAD4Y/NmUVNbx8HD5dxwzSXN67/1Z/fxq2fe4NLZ09sFfwGu/9jFrFpXRMWJKl5ctIwXFy1rV+auW69m4rjsdutjoWT/IbZs30PWyOF8/jOfIH3YkA7LlR87wT/95LdsLPyIkv2HGD82i5nnT+H3i1ezYfMOtmzfTd7U6NzHdZEIbyxexfETVaS0GNZaknTmAn7qkCRJkiRJkqSY815s7xswAWCA6z92Sbt12aNG8I2v3N3pNqMyh/PVB+/g6Rf+wPad+1o9l5SUyJf/5Fby8yb1el870tAAby9Zy/ETVVx52cxOg78A6cOGUDDzPF57awXLV29mXE4W48aMYsGVBbzw+lL++V+fYcrEHDJHDGP7zmgWtMFfSeo9fuaQJEmSJEmSpNjzXmzvG1AB4DM1dVIOX//SnWzaspOj5ceprqllRHoa43JGMm7MqD7rx4GDZWzYvIMR6WlcddnMLstfddlMlq/azPLVhVx52UxGZ2Vw88cvJ2vkcBa+tpRtH5Xw0e79XHzhNK69ajb/+viLVFVV98GeSJIkSZIkSZIkSeqPAg0NDQ3x7kRLX3z4UQBuvf4Kbrthbqvnnnj299TW1XH1FRcxZeIYAF54fSlbtu1h8oTRfPqW+X3eX0nqL9Zu3NGj8iOGJhIIBJp/gNMu03IZCNBJOVoP2XG6dW2Xu/O4q/Wd6Wn5lNRz4jtSkiRJkiRJkhR3VZV18e7CoDJg7m6/u3wD7yxbB0AkUt8cAH53+QaOlh+naNturrr8QrJGDu9w+yNHK9hXWsaekoOcrK5hdFZG9GfUCBITE/psPyRJkiRJkiRJkiQpVvpdADgpKZHq6hpOnqxptX7iuOzm5XE5p4ZtzsnO5Gj5cYAOg7+1dXX84tevsHr91g7bG54+lKsum9ku21iSJEmSJEmSJEmSBpp+NwT09//fU2z7qISpk3L4yz+7r9VzBw4eob6+njHZmc3rTlbXsHP3AXJGjyRtaEqr8rv3lvK3//yrbrU7PH0o//TdL539DkhSnDgE9Ok5BLQkSZIkSZIk9U8OAd27+t3d7ZzsTLZ9VMK2j0rYvHUX5583ofm57FEj2pVPTkokL3d8h3U98tOnm5cnTRjNx6+azYzpkxmSmsz2nfvYWLiDFxctA+Bo+XFeeH2pmcCSJEmSJEmSJEmSBqxgvDvQ1pRJOc3Lz73y3hnX89Rzb1FZVQ3ArddfwV899EdcNvt8hqQmR9uZOIbbbpjL3/7F55q3eXHRMrZu33vGbUqSJEmSJEmSJElSPPW7APCVl87govypAOzYtY9/e/xF9u471KM6DpWV89Z7awC4KH/qabN6x2Rn8mef/2Tz4+WrN59BryVJkiRJkiRJkiQp/vrdENAAX3vwDr748KMAfLBuCx+s28LEcdlMnZTTnMHb1tRJOeTnTQJg34Gy5vUFM3O7bO/CC6YwfmwWu/eWsmffwV7YA0mSJEmSJEmSJEnqe/0yAAzw80cf5oXXlzbP0btzzwF27jnQafnMjGF8/6++CEDJ/lMZw3lTO54fuK28qeMbA8A9yzaWJEmSJEmSJEmSpP6i3waAAW67YS7Zo0bw4ZadlOw/zL4Dh6muqe2w7NxL8puXb7hmDks/+JBJ47MZmZHerbby8yayZuPWVvVIkiRJkiRJkiRJvSlSX09dXYRIJEIkUk99QwMNDQ0ABAIBgoEAoVCQUChEOBwiFOx3M7qqnws0NJ1RkqQBbe3GHT0qP2JoIoFAoPkHOO0yLZeBAJ2Ua/G7q3Vtl7vzuKv1nelp+ZTUfv0dKUmSJEmSJEkDTE1tLTU1ddRFIj3aLhwKkZgYJjEhIUY9i7+qyrp4d2FQ8e62JEmSJEmSJEmSFCO1dXWcPFlDpL7+jLavi0Soq4pQXV1LcnIiCWHDezo9zxBJkiRJkiRJkiQpBipPVlPTyfSmPRWpr+dE5UkSExNITU7qlTo1OBkAliRJkiRJkiRJknpRfUMDlZUnezzcc3fU1NRSH6knNTWZYA+nvtO5wVmjJUmSJEmSJEmSpF5S39DAiRNVMQn+NqmLRDhxoor6hoaYtaGBywCwJEmSJEmSJEmS1EsqK0+e8Xy/PRGpr6ey8mTM29HAYwBYkiRJkiRJkiRJ6gWVJ6tjmvnbVl0kQuXJ6j5rTwODAWBJkiRJkiRJkiTpLNXW1VFTU9vn7dbU1FJbV9fn7ar/Cse7A5IkSVJr5Wxbs4NDjY9GTpnF1PS4dkiSJEmSJKlLJ0/WxLXthKGG/RTlmSBJ0oCygZ8+vIjVXZZL545vfYGbs/qgS6ez4Rm++B+7ostZs/jbb13LmPj2KAZavyazP/cwX555llWWbebll97n7eIyyk8AhLnySw/xJ9POst4BYxeLnnizxTGddfbHVJIkSZIkKYZqamv7ZN7fzkTq66mprSUxISFufVD/YQBYkiSpP9n/Jt97dC27Wv29UEflYJvKpfRNvvuPa9kHwAS+/OhdzI5zlyRJkiRJks5UTU38h2CuqakzACzAALAkSQNYErNvuZLZwzt+boJD5g5A1Sx/pUXwNy2D2TMnMHNKJmMmxLVjfWwmX37UlF9JkiRJkjQwROrrqYtE4t0N6iIRIvX1hILBeHdFcRZu+OFQAkADtP7dAIFA9HcrbR+3XN+8QYuamh+3KNam/qbSXdff9vkO2mtu99TTbfer0/rb6aL+9mvbt9ed/WrZXrvj1ub4dVB/23a73q+m9R3t12lerx7X31b7+ruzX2dWf8sToAevV4fnWWfttqy/m69Xj+pv0+HuvF6n+3/VUbunO/8CndTfvhd9c73oaDd66//zaQRCCZA8hED6KAIjxxHMmUZo0gxC580hkDXptNtKsZfMhPxZXBbvYZ7Vi3ZRuL1pOYnrH3iAuybGsz+SJEmSJEnqSl3dWQZ/6w/w5i9f5B3y+doDV5B1FvHburoIoUQDwOe6cKAx9tEUAgk0Bk6i6wMEAm0CM4FOAkKBpt+NzzUEWlbUrLP6A92uv01AqLn+tu22bj7Q0GZ/2gacmjanff3R0p3U37LbLdtr/LfdfrUNSAZa9YaGtsetZYF29XdwPNvU39zttoHBQJv22h6wDverxf7Qdr9a7B4dvE5NW7Wpv91+NT1uOn5tzz/avF6d1t/2BOio/tOcH23aPVV/J+df23Z7WH+T9vX34PVq2V7b16tdu23ao0397farw8PZ99cLeni9aHfed3K9OI2GSC2cOErDiaNQspXI+repbXwumHMeoYLrCF96G6Eps7qsS4qPUl7+x1/xfGn00ez7v8CVe1/gyaWlHKoGktKZfdsn+PLlOdQeWsuTT7zD8t111AbDjJw2gy/cfy1TUxqrajuf7xczefvJ93lv5wlq6yF1/ARuvv0TXD95SPe6Vl/OrhVLePKdrewqraMWSBgyhAkXFfCZ6y9jQhpANcsf+xG/2BTdJH3+XTxye+tU2H1v/ILvvlYOQOqln+AH95wPQHnxezz50io27G6sOy2Dy269mc9cnEXbgXB6UrbbujheCRk53PyZ27h58hA6ntu5mkU/fJRFTds3zZ/crePW/thw0fX84KpSfvHkRjaU1cHYS/g/X8/gmeZ207nj69eT+uabPL+pjMo6SEjP4pq7P8Vd04dQXvwm//nbxm3DYSbMvpov3zWLkS3+nqgt38Hyd9/n7dWl7Ctv2bfL+cLtsxgZps3Qz0128dOHH23u588/S4vj0X4+69pDG1j0yge8XVhGeTUQDJM+Nodrrr2a62e2fM02tK7nm59i5JKXeX5V0/k/hJnX3MAXrptMas9eXUmSJEmSpGaRs8n+rT/A0l+9wmt7IsB6fvSrMF/74zlnHASO9sVhoM91of99U+L/BrqfIdm0ZTczEmlVvoPVPcrs6yAQ2Dbg2UW7nWZIdlg+0HqDLjIFO6u/VSCqq/1pk8Hc5f50UH/nx7GD49a2odMdx0C7XnaRoXvm50c8z7+27Z7SxevVYQNd71fn5Tvar+69Xt3LqD7z+s8so7obr1e7F7qL/Tpt+U7aO931oocaKsqo37qSuj88QWTTYgLhMMEJ+b1T+RnYX3q0R+VTEkMEAoHmH+C0y7RcJhqS77Bci99drWu73J3HXa3vTE/LJyT012/JlfLBom2NwbNkpl85m2mnjbeeYOuS9RSeiD4q37aJ97Yco7LpM2mkmn0fbmVv8CiLHn+fDeX11AM01FN5aD/v7ajn6ksnkAxQ+iEvrm0MJoar2LZ0M+tKa6lv/D9Ve6ycD1dsYG9OPnOyExu722KbIaO55soppAHUl/DyDx/nZ8sOceREY5tAfW0tR3bvYvF7RYRmFjBtaJhxKYd4c3UZtUB1aS2TP5ZHdvPLuYvXfrOabVUAQ7jmnpvIHwb73vwl332qmL3HWtRdU8WuDet5+0AaV1+U3fwxuCdlu35NYMysuczJbrPv9UdYvXgrhWWnjld9VQWFK7YSKpjNtCGt62in6dh1+7hF1x/fvpq3ixsnD244xIfv7GRrZeNWKVlcfeUQCpvbjbBr/UZW766itrFIffUJtq3dSnVgG//5myL2VjU9UU/53h0sqxjFTfmZANRu+h0P/csyVn9UQXl1277t4M3NVcy5bApplf+fvfePr6sq8/3f++SkaRNqIIRAUnughNbEcmySFoIQ4MZKxBZL1ZtReoWOY71X5nrRr+hVnJGXL7zX6vcO37l6nWFmwEGUC3JzxYKWYcLUWAhIoE1TArRQSiWlDcRQiSUpIWn294+zf6y19trnnJT8aOF5+6rnnL3Xfp71rLX24iRPPvvZR8ejr/BGXKxnVLNmGbHrfKT3Xv7677ez85UjjPrr2J1g9E9D7O55is7X5tOU9udMHdej9Pd287u9w8r6H2PghV3sTJxDc3Wef7ggCIIgCIIgCIIgCIJg8OboW7ixCZNsjND7fzdxz563giPjr/ezY/AkLlhafsxp3KI5J14CeNz/hZQwJYS/3XYAJ/h1fvgaHHeCVwc/YYD3KXzFO+69Rbdvulft+35V+w76/1T7ymfPfvR3+04Ql+bPs0/EvulXta/EZbgID6j2jbgcJ3hV7QfjGImL4FVz6Kj/jHky5kuLJ3bcjLgM+9o4mushYj+6PqzzpfrQ4goXTmT9mfOlrj9lHar2Y9efOV9qX9X5chRfxnxF49KHSxs3a1x5rD/buPmfzflCny/bfRVZf+r9m499lXz2C3Xs8tkv1LHLuV/Y7JujaZsny3xNEUeff4I3/+G/MPLNZsYf3zS1xgUhliE2ff9mPn+95d/3t1iTiSPDo5QvSbP28kWkgnzXKN0P9tI3r4zGy+toUTPK+3bTOWBzPUTfkSKql9fRevkiqucrtu55gO7R7D3f+6v72bTf+5Cw2Bk/xKa/v5/dE0BNHU1l3vEj++h+XjH0fA+dh7z3C8+lZQHwUjs/fCCTMA5t15L2FKQjO7fS5tuYTNu3w5FRhiZKqLmwjrXNFYpqdoj2rXuAFC2fWcmGz9RSHVxURMMVK9nwmZVsuLKW8smOm8nAUFBbuLCkiNJ5SaPBOCPDRaSWG32cGKL9wT5GyitoubyOxoVFwRUjT/TQ7dusraVxHlBUQnV6Ec2XN9HaXEWl7+ZAD5ueAUpraf3MSjZckSIsU11G82e8WC/NUuz4yDZu++k+hnyfFVW0XNlIS01p8APR0PZ2fhgsCj2+ocNQvqSWtZenqSkPz/RvfZzd8V4FQRAEQRAEQRAEQRCyMnFMyV8YeHgTP332rcjxI89u5R8ffnVG+yK8s0jqijvX+6i8esfxX+IUdy6ZjIrreo9LdjOPk81aA9j1FH2mPwuK38A+hj81Y+QCMfb9z3H2Q2z2fb+29hZ/vvG8FKL2uDDjCo7GxeVG2kdcmuOoxqXGY7EfvuanALbPl71TmWmLWX+R9uZ7+3xhxuWSNa7IfMW8D+Ix1n34WGHDvusa6z6HAti12/fHLzI0Efs51kPkfjbmyYnev3p7Y304lvnKej9b4prUfpFj/QX2/UP6+puu/wRO7N/Fm3/3BZKP3cucT99IouqcafIkCMdIzaV86/MrKAZaSu/mL+856J0ooeVzfr3ZxXBTG+1DAEP0vQpE6gwnaVj3Wa6tzySLW5p6uOW/b6H7CHCkj86dozScX2RelGGil/bO4cBO0+e+yPqazKfpEk+fAAAgAElEQVSWlbu448YH6DwCDO+hfccoNctTtFxcRvt9h4BxOh/bxrqaFRQCvTv2MeJZSl98HqVA99ZeBv0+XvN5rk0XebYXebZH6dy2i/VLaifV9u1RQssXvxDU8216z+189b5MknJk/0EGWUx1fR3VFNB95y7vGqPG86THLTr+qUvWcN3HFlMaJKB7tfPll6zhW94jtmuO/ojvPexl8hNVrP/yVTTNAy4pZeSbWzNXTgzRP0hmfSRqaf1aFetKS5W/Tm2kuSJcZ3tf7IN0inR9FQy8xuZf95HRSJ9ETX0dDTlGsb+zh14/ub2wkY1fbsokkS9pouXhcEz3bt1GX1MLZiq5/JJWNnrxrT6/mO/c1EUfwJEB9g6iJYUFQRAEQRAEQRAEQRDy5VjUv0d2/5ofdRyOPX+g4wF+WvEprqmZXOGqY1MiC+80krrcj7BWqZdiidb01NtPdQ1gx7EknFR/vh/X0f0FDYx4zLh8f9jjstV4zaSnnMCvaj941eLyDzuxtUqDRK7vj5i4jBrAxNjXxtFxIu0Dt+Z8qUVmLe3jagxH5stIiEfmCTMu7HG56kdj/akJSXP9+eaccJ4yzY24YuwH8aDbN7OEU1UDOFL7OrhA9xvE4xjrL6a93h3VvrEOzXmy3FeR+VL9GfbNuPJef9O+Xzj2+TLbTwPjO9o5+lQHc9Z/l8Lmq6fPkfAup4iGK5poONlyal4FtlxWelk6qHVaqCpA51WRPtP/MJfimNxt2H4RzfWKUnheHS3nddLtJQz3vtQH5y+2XzswEChRmbeIxhrlXKKWxmXtdD4+DkDfy6/C8hSljWnSv9qaSf7t2kP36Aoa2UbHtnHPzmKa64uAg/Qd8I2N0/uLW/nqL0PzI74yef9B+imdRNvaTP3dY6X0bBrOVD6echLgqVTHxoPa4lk5hnHTKK9jw5WLFdWtSRENdeE1xcVzAW8QzlxI2q8FXVQU+/ih4sQQXQ89Svdzfew95M3NeCgHHxoayhpiLvoOhNdXr0hrsZTWL6b6vi72Ahx6jb5RSGnrWI+P0lLKgT7/szxlSBAEQRAEQRAEQRCEGWL8lU7+se0AR7K2eovetk08+PlPcfkZBTPUM+GdQvibXy0Rkl35GbZXlHsxCj67fcWPxX7o17xMVfBlUXjG+s1PMRtRrHoJ1ZgQop+Djscpqo14YhSeVh+5FJigKGhNhaQlLk2xaolH85tDoRtcq9uPVRjHvVcORhS0fuMs6y9QeE7W/nGy/oyUdiSuePvm8RyKfqv9LArjPO1rCl1LXFO6X3jr0t7eElekY9OLe3SM0X/+GhP7d1F0zXdnxqnwLsNQiOZB4byYzO78kiyJwfzaqwnDkSNvxl/7h0Oe6tZup/TkEvB0oUHCsGgFTemt9O4EJg7S8eQQDfP2BGrQ8gvqSCcAXssoUj3GDo8Sn3KcTNu3SVEBk/tbTQvHMm4qCypyJLHnUjwv5tR7SnOuj7Fn7uWGn4SPZ556BhhUnnxUWmr0aL7ax2GGhjCU61niEwRBEARBEARBEARBeBs4jpO/8nbwd/zo1mc4kM/vUCYOs+XWeyj8T+tYmefvAJ2prn8onJCECWBPYecnZEwFsC+0c9TcESjJQy9ppCrufHMW++SwrysnFRw/uRcqPHUFo9ZYUTyaccXZ1+MKlZCG8tOPQlNgKv4iylI9rjAHpysfQ8Wszb4yjhElpH3cIve5obSMKiSNwTAUzNp8We3rcWmKXHUcQZ8vPy6M+XKM8bOtP6XjoWLbZt8/YbNvjysQmJrzFSSZLesvaO8YBizzFbFPjP3ofRVZH5pCOo/1pxrIZ/1F+hlVTptxTWq/UMzntV+o8Zj3SeAuZv1Z94vpY+yhf8Z9/VXmXvfjmXEoCDPB4WGGQEsojoyESd/ieXPjrz2tjHL6MslMi52h14eD92qSr+H8xRTv3MMIsHfbo7ThP766jOaLfWXnqVSWQ8Z4Cau/9gXWnhHXkYOTaHsccIzjNjMM0dkRJn9Tl6zh2ssXU14E7Gjj83f2Zb06PyooPx3walJnktxKnIeHlAR+CTM+BIIgCIIgCIIgCIIgvGtJOA5H8/yF86Hd+/JL/vpMHKb3+T+ysuKUvPsiCEk9oZmjpqdLJMESoCSg4msA2+0HSsic9vXzvv1YRWZsjWGLk3wVhIqS0O+uNn6mP994trhUfxZFppIVnKRiNS4u/7gtrizzpcaTl339bbYarNniyjlfatbQVlNWeSR2ZllkUbhb1lnse99fvjWAA/tunvYVcy76fWWbr2w1gOPiyrb+zBrArp6ojd8v4uwb53LWAM73SQQx9o23dqWzfn9NJ+NPbubI/7iKeV+7e0b8CcK0c2QfHTuGqfEfAz2xh87t4aN+q880q68qVFSQSsDgRMZO126o8R9nPLGHrt7x0M7Zip2aOprK9tB+CNi/iw7/+NI0zUGyr4rUAryk7jBdXX2svVLvy9D+PliYonRSbY8DjnXcZoRRRoL8cxE1dV7yl2G6dh60XzKvSFFFD9E/gKXWtE5qQSn0ZtK8e7f1MtTUFMzN0M49mcc/A1RUUJ3rMeaCIAiCIAiCIAiCIAhTREFBgqMT+WV1yy5o4T+d/Crx1X9NijmzJr/kr98XQUjqNWsxlHW2GsC2hKSqrPOTRbqy0CdXTc/c9kPlnuYP06/u3qzBGiaKfb/e5UTtZ1rH2Fe7rfrz/j8Sl5mQdLTeKDVrnWiDiH3LeMbUALYpRzV/5oBZ48pRU9Zq34gvpgZwRLnsj5+5/jDmK9a+uQBs9rOsD8NvaD9m/U2yBrBp3ydqfxLzpfoz5yvi1/CHYT8Sl3U4Z36/YJL7RWTdx+wXM8TRpzp484efEyWwMIW8Sd8zPXQdsJ0rIvX+WiqnLQk2Tvddt/O9XbU0nDZE96P72OsnABNVNC7L4jiRpqXpUbofHgbG6fzxj+ivt9gpS9OyVL0wRcvFZbTfd0g5lqTpwhVaTdqGS9OU7+xlEBh8uI2vvpSiobaS0j/10/tMH3uHSmj5yhdoXTC5trPOMY/bTFBK+Wl46txR2m+/nbGLUozs2kXXS+P2S+anqC7rYu8hgCE2/fheCi8/m9KSKhqW2C+pbKoj3e7Vgt7fxQ3f30/zBxfCc7vp2B3qf9PNF7y9ms2CIAiCIAiCIAiCIAiToKCgAMZifgdikiznnHPLp7cvwrueSA1gPc2WS9GaaTnVNYBD+/qlVgWfmfDM6jeLQlJpH/FnKiGz+NATTvYavdpzibMqmC0xGHFqCWujRm+0b/q4BTWA1bjifGUMW5Wf2uLxX1wicUUVq7nimu71ZyaQsyuesypI811/WexroUEkLqtiNWtcx1YDOB/7ee8X3rrJe75Ugxan+SiqI+NnKqaz7RczwPiTmxn96TelJrAwRYzS/estdFvPlbL267WsnkR94ElRWkpqfIi923tC1SUARTRcs4bGHInn6o+tYe2+u9m0H5gYjdpJlrH2cy1UG3+wWNqYJv2rrUHtX8pqaa7R23BmC9etOsB3HjjEGDD0Uh8dL6mPIB6ma9s+Whcsmlzb44BjHbfpp4jGVXW07+qhbwI4fIiOBzOJ+upFZezdd8hyTYrVl1fRcddBxgAG99F25z5Y1sKtMQlg5q1gwzV93PjTzOOmxwYO0n6frjAuXd7ChvNLpjA2QRAEQRAEQRAEQRCE7CSTx0/S9XjqizB7hL8edADHrxWqvAbHneDVwcFxMue8M8ErTrQebWjfdK/a9/2q9h30/6n2lc+e/ehjzZ0gLs2fZ5+IfdOval+Jy3ARHlDtG3E5TvCq2g/GMRIXwavm0FH/GfNkzJcWT+y4GXEZ9rVxNNdDxH50fVjnS/WhxRUunMj6M+dLXX/KOlTtx64/c77Uvqrz5Si+jPmKxqUPlzZu1rjyWH+2cfM/m/OFPl+2+yqy/tT7Nx/7KvnsF+rY5bNfqGOXc7+w2TdH0zZPlvmaBcYe+mfGOn42ex0QhKmgaBEbvraKlkUlFHrfJgrLqlh77dVcm84j+ZaoYvWXv8TGdbVUVyQDBW9hSQnVFzbxrb/+LKtt9XiLamk4O/yYungFtocdV678LD+4YSXNi0oo9v/cLZGkdGEVLeuuYuPHFh1T21nnWMdtJjhjJdf/ZSMNC71+JUuobl7FdZeeFHtJ8fKr2Hitck0eFKc/wd/cuIbWZWWU+n9okEhSujDF2j+/mo3r0sqjpQVBEARBEARBEARBEKafgkSC5HGgvE0WFFCQkEdAC+C4PygJhX+Yij5FrOoTp9BzIZC+qhbMR9wqdrVHs8b5s/q12bcrCW32bd23x2Wzbyh0TeWq6U+1HxeX6i+fuKK9eVs1gCNxGc1M+3nPl9V+doXu5Oyb5JivPOOKt28e9xdY/HxZ15+xLt+Ofev6y9u+GbgxTzbluzFQtriy+tPsTPd+YXYoy/qbBZyCQuZ9t4NE1TlTZrPn6X2Tan/KSXO0P+AAsr5HfY+S+jfbKa+5jpnv8/mc63gck20/rziZu9G7jd42Pv8TTx1bUcdNX18584/ZHerkOzd10QeQqGLDf7sqp9pYEARBEARBEARBEARBEKabt8bGGDkyOqt9KJ5XxJzCfP/M/vjiyEiej9AW8iJhKu6MX+uH6lTvqKm4C7R8iqJUk/L5nzX7fh7BprwMkwkRRanvx1H6GNhXjBvutbh8fzFxocUVtlX9qvaD2DD8KXE5WeLS1K22uLDEZdg3xzGqxI2ZL82+o9m3zpcyx9H1YYvLWEtaXNjj0k4Z82TOlxqPOV8o8dnmyTJuELUf0ZRa1kcwQKo/bdwMf+Z8qf/T/BpjbrFvXX/GfKkjpM2XH49tviL3szFntvVnsZ91/dnGbUr3C3/cjPlS1/gs4h4d462f3zS7nRCEE5C+R57Gf0Bz8Yo6Sf4KgiAIgiAIgiAIgiAIxwVzCgtnVX1bkEicsMlfYeoJV6KLJn90/VcXcJXP/v/csJ6oq17junbVn2Zf8ROx7x93vePq/7y2hl8ACk+Ck6txUk1wSjXMOSnvuDQPpn2/b26M2tCMy1WP2+NyXSMea1wWm9nsR/rs6v7i4sKN2lf/aX6j12amSVkTtjbqq2rX5tcIXFsf6nxlWX/+PLmTtf921p/Vvnk89/rz43KJjyvevnncFhf6PMXGFUz5pO1r68+Ia8r3C3+stPsqy3y52ezPPOM72hl/fNNsd0MQThwmdtHx+LD3oYSmptpZ7Y4gCIIgCIIgCIIgCIIgqMydO+dd6Vs4/gifb+mr8LxHpDp4r473mnnJvAbtAVfXbLqe8i7ySFjDPjnsB0pGM0njnXBdx7PvkGj+Lqz4oh4K4G77O9zf3BATV5x9Pa4gHk84GHkEbdAeJYDw1Qn86nEFySdNsunFFWtfGUfTvmOYM8YxwDX8qfOl+vOduUY86nxZ7etxhfaNcSQcTy0u/4xr+POb2daf0vHAn9W+f8Jm3x6XExjS4wrWuxmX1t4xDFjmK2KfGPvR+yqyPpS48lp/qoF81l+kn6p9e1yT2i8U83ntF2o85n0SuItZf+p8zTJv3f8Dkhesne1uCMIJwdBjj9N5xPuw8FxaFsxqdwRBEARBEARBEARBEARBozCZZM6cQt56a2xG/c6ZU0hhUkraCSHOxA9KXC3hA5FEk0ZcwsRMQBmJPK2ZYV9L/GS1b553cNbcgfO+j2c+9m/DfbEd5+wWqFyRuWz3L3HvWx9NCNrsR7DEE8QV7ZY1QZxPXKq/yLgZ42exb02g5eXXFleW+Zq0fZOo/XziOjb7SjzOJObLus7i/Kr285yvSdk3OpzPfGW7r2x+s60/J8Z+tBczs1/Ywpiq+3mWmfuF/0Xyota3bUdqAGdHagALgiAIgiAIgiAIgiAIgjATvDF8hPGjR2fEV7KggJNK5s2Ir+lEagBPLYmgRqn/6p2I1vTM/LLfrLnpHWUqanrmtu+9+sfP+lCQ/HW3/Fcm7vwQ7qPfY+JnH8Ld8l8zfmo+jrPoQ36aQrFvxuUECY64GsB6XEo8ZlzBeNpqr/qvRjy+H3PcVOMR+6bfqH1tHM3xVP1F/Gaxjy0um32zddR+JC7tlGWezPmKta/EY84XZlyGP4tfe1yqfcPvJO1H1oN13eeYL6M7kfVnzleu9RdnP2792eIK7rcp2C+UezEv+5F1r9q3z9dsMfabn812FwRBEARBEARBEARBEARBEIQporh47ozUAy5IJCgunjvtfoQTj0gNYFf5iK3mpvf/01kDWK3pSVDNM1rT07nom5mrfr4Kd/s/aPbd7f+A+/NVADhN39T9GX61qqGaX6VvcXGFg4XfLHg1apUG8Zm1cl20uEybkffKv2C+1LlQa6Gq8UTamMYV29Y+5Kgpq85XPuvDFpd2arrXnz9PWONS14dt/WnjF2NfP567BnBk/Vn85h/XsdUAzsd+ZP1Z4gr8TWa+VIP57Beafct+YVn3WeOaJY4+/wRHX+yZ7W4IgiAIgiAIgiAIgiAIgiAIU0DCcSgpmUeyoGDafCQLCigpmecpPQVBJ0wAK8q6QC2HqrgL1YihAtNQZYKiJAxFhKF9072u6NO0kL6qT9dHhvbnzIeq8+GNV2B/Z6hKVHD7Hs2crzof5pwU+vNVgRH7pl+lb2pcegjKAdW+EZeiRlTta2pk/1rPrhOxr3yO2I/OlxZPxH5MXIb94IzFPhH70fWBza/qQ4srXDiR9WfOl7r+lHWo2o9df+Z8GcrSyPqwzFc0Ln24tHGzxpXH+rONm//ZnC/0+bLdV5H1p96/+dhXyWe/UMcun/1CHbuc+4XNvjmatnmyzNdxwvgT9892FwRBEARBEARBEARBEARBEIQpIuE4nFQyjzlzCqfc9pw5hZwkyV8hC0lcMokWRSXnqK+mKlVrr+CSyai4Lq7XwHUdstcAdr3anqa/EOfCG3BqWqFsMby6A174F9zHvodzel2mwaE9isJPWegu4Li4h17AOekMOKMO+jpxLroB55yPZj4P7sZ96WEmHvpqTFxGPOqrtb0lHr8zcWpD019gP/SHGVdwVB83zZ/VvnLIJT4uNR6L/fCVyHzpTmz2jXkyOpWZtpj1F2lvvrfPF2ZcLlnjisxXzPsgHmPd4zpBC82+p4IN171V5Kq8t9v3xy8yNBH7OdZD5H425smJ3r+x+4XiN9f6C+1Y4prUfpFj/QX2/UP6+juOBMAAHN3xEHz6xtnuhiAIgiAIgiAIgiAIgiAIgjCFFM8tojBZwJtvvsXRiYm3ZasgkWDu3DkUJpNT1DvhnUpSl/uB4yWCHC/F4jh+As17NdoHiSzHf/VPhKpHFcdVD4f2HdfwBzh/9gAsbAovPr0e5/R6nNM/wMT9f44zfgTKa3XpoJ/V8d2X18D4ETjwBM4n7sZZvDq0V16DU15DYv4C3HvXBd0OEk5ePJn0lPcaxKX7QYsriCCICz/Osy4hceU/wvxKrIwdwf3DLiYe+yHus5uCDhVcfR/Ooktx/7Cbo39/QUb/+IFPk1z1N+AeZeKhG5nY/tOMP8eJjANA4uL/h8S/+68w8kfG7/0CvPhwJh5/Ao321vny7Efmy0iIh+NojJ+jzJOaAXUMf/74qetPTUia688354TzlGluxBVjP4gHY50bWULb+lAGSEn+6oeD+8rRx80xE6yG3yAex1h/Me317qj29XUYmSdzvhzLfKn+DPtmXLb1hzZuU79f2PoZjpvhz2x/HDBxcA/uwO9xKs6a7a4IgiAIgiAIgiAIgiAIgiAIU0hhMknhSUneGhvjrbfGGT96dFLXJwsKmDMnyZzCqVcTC+9MIjWA/Q++cjBaSzSs9/r2a7Daa7yCCx/8Rib5e/AJ3F9dw8TfzMf91frMZedcgdP4FdyXfgvF5Tjnf9lq3zn/y1Bcjvv73+JccH2Q/HXvW8/R770H9/98Evfl3+EsWY3T9A3CGqx6PL6o0ao2NP266nFbDVblgj8dwH31mfDfH3aDO4FT1UDBFT8gsfwvdJumX5+5pTgf+LTRZzfw57oulFXjpP89JOfqcdnUruo/zZ8budasAeza2qivql2bXyNIbX2oNXOzrL+gzOtk7ZvzFMRjxGX4jbdvHrffV5oPz75LfFzx9s3jtrggVw1gbXqOwb62/oy4pny/8MfKVddflvlys9mffY7ueXK2uyAIgiAIgiAIgiAIgiAIgiBME3MKM49unn9SMfPmFjGnMElBIuGVEc3gOA4FiQRzCpPMm1vE/JOKM4+SluSvMAlCjbivojWUkKHijlBAGLQnVO75j1VVFXe+OYt9cth3Ss/M2Nv+d/Dcpox+9LlfZur5Lv/PULYEHv8fUP1RnEtvgrcOQ8+PA39O3edw/t1NGRu/+xucFddm3m/7O9zdm3AcB3ffv+EkkvDvPwhlSzI+jLhCJaSh/PSj0BSYisIyoiz1+hUUwAV372+Y+PV/0WekvIbEJ36Mc/pSnOV/Dr3/B956w5g2dSK8I5XLSDR+gYmuf8x89sfBc5w477M45YuDqfA3k6hC0vBjKpjV+VLsBwTzbdo3xpFwPINOqWdMZanfzLb+lI6Him2bff+Ezb49rkBgasQVzKEZl9beMQyoytU4+8TYj95XkfWnKaTj1p/aXjHgGP6w2Tf7GVVOm3FNar9QzOe1X6jxGEpon9j1p87XccTR3z9N8qLW2e6GIAiCIAiCIAiCIAiCIAiCMI0UJBIUzEkAktQVpoeEL0i1KesiikHX8k9V+IGuuPNsBmq7GPvY7M8rz7R8+VHFvos70Jvp+dyTcQ9uw330uwA4l/0tzrXPk/j0ZhJ/+TxOy99mru/cCAefhDnzM58PbNP8TPR3Z+wVnWSJS4nHoiR0g3FDj0u9BiKxKa2N8QT3D7twn/8XOPoWzkkVOAtWRJWKNjXonGKcZZ/CnVMSmRfK34fzvsuhoNDzS6jIjMSVZb78PprzHrcefBWt62r2tTUXhhQZN239xdjX1oZtvnwn6jzFxIVpM2I/Ol+BLWUcw/my2WcS9t3g3ojcV+Z8GX2wrj+bXzMedRwj9pX1Hns/Z7NvxGn2Oc/1h2nnmNafMl/HERMHn5/tLgiCIAiCIAiCIAiCIAiCIAiCcIKT8AWpwat3Iqy5mVGLZk4rn71/3lHw2mQaZK5F/ZzFPjb7f3wh027pf1DsOzgf8B4D/ccXMwq+x77HxP/+MLz8O5gYh9TFmdeXf8fE//4w7mMbM059ex/4D17fM34S6UztXw7tzcSjxeX1zbHFpcRjxhWMpyUuQhtBXIFf79wbA5kYCouh5DRFFUrgW1PejrwGI6/hnL6Ugouu8/x4/3McEo0bcE45C/fQi/DWsB5X2HN9vqxxKfFE4rKsB8dsHbWPZt88ZVl/gd9c9nVla2T9Wf16/ix+7XGp9g2/k7TvWO2H6z6v+TK6E1l/5nzFrT9rXEY8We7nadsvlHsxL/v+Z3O+nPj5mm3cwZdnuwuCIAiCIAiCIAiCIAiCIAiCIJzgRGoAK2I/TCWhr6ILFXbhMasiUSUUvmoHY+2/sBkAp/ErsPYunIVNOJ96ABZ8MNOy59bMNcl5MDGO2/kd3Af+I+7PV2VeO78DR9/KnHeBPZ69RR8mcdVmWNiE8/H/jXPBVzL29vxaUVoaisFscYWDhd8seLUpJLXRxa5IrKiB5FwYfQOGXrYogI2xHH+LiefbwSnAqbkCp6w6UEKy6GKcmtUwPoq7+190xarZedO2axw359qLS1V84vvNZ32Y9l394/SvP0XRaolLVdBGFKTGXMbZ14/H2w/my1x/Fr/5x5Vjvt6Gff94zv3CneR8qQbz2S80+8r6M8da9ZctrlnGHfrDbHdBEARBEARBEARBEARBEARBEIQTnEgN4GhNT+818/I2awBjJF1U+75fj5c7cX92Ec6fPYBzzhVwzhWZ42+8gnv/1Tgnn4XzsdvhtHNjgwtsvfoU7iPfYeLHjSSuvANSTSTWPZA59+YQE//cBAO9nnJQ72dYA1iJSw1Da6/EY8YVCByd4CIn+Ox9ek8VTuN/JnHuvwfHwX3lKdz9v4uKFC2iRfe5zbgLz8cpX4xz3mdxHvxrAArqrsKZfzruvkdwX+kNL4+LS7PtT6A/8cZ6IBSKhh3R++ji2zf8Wds7wcIJx01fF1NTA5jofBEzX1r7MOBoXIo/xX5gIBKXEY8y5Go/ozWAjfi09uF8xd1XTmQcdMVvVvuRfubYL1R/+ewX0dNZ9os4+3o3ozWALfN1PPHm8Gz3QBAEQRAEQRAEQRAEQRAEQRCEE5yknhBzvY/Kq6oK9FVzWgaP8JyXgHK9Bq6rJBDVZvj5MNdL/Jj+PF59CveuD+OcsRzek4JDu3H3tsOp7yOx6p9g7im4v++AwV0w+rrmBxeYUwynnYuzaCXOFf+Ee89ajv7kYhLvuxJOqcYd6oP+7biDu2PiMuJRX63tLfH4nQmUjaH00Km/moL6qy3T4uK+vI2Jf/t2ZPxUc+pR98ifcJ/+BU7Tl3FqroCnN+HMPx1n8YczSe7tP4VTz4GCwojiMxKX2g9lXsy4sibQ/ARoxL7/2dbes+vGrL9Ie/O9fb4w4wrGL4/5ivVFGI+x7tWsqWbfG/Nw3Vsi03zZ7fvjFxmaiH2LytuMxUxYq/OkJJS1a2z7heI31p8Zpy2uSe0XOdZfYN8/pK+/4y33C+AeHZvtLgiCIAiCIAiCIAiCIAiCIAiCcIKTDKWB3ouvjDQUfaESVG+vKvd8hV3mhK4s9NGVezalrOfnjAachr+ERZfB3FPC60cG4c3XMsce3Zip8atiy+pcdAPORTeQuOJWmHsylFSEIYwM4u55APZsxn3hQU0ZqCtWQyWhGr+pPHS002FcoYLWCS/60wHcI6/rfX29D3fPg0x03xE6MPOltkMOTDz2v3AWX4ZTuYxE3Tqc91RC8am4z9yH+/S9JD70TdTaq46nMNWVoIZdc75iFLpmQjwcR2P8gnffiSYAACAASURBVPWht9fXnzJ+hoLWXIdqIlWbL1eJT40rxr6pZI1XlEbXhzJAGBJqQ+kbrxAPL9D9RhXo5gQZcWndUe3r6zAyT+Z8OZb5Uv0Z9s24Iu39bk7XfhE40P1GFcZmhziucAoKZ7sLgiAIgiAIgiAIgiAIgiAIgiCc4ISPgJ6E8jNsryoS7Qo+u33Fj8V+4sJvwAe/ae9xcXnm38ggE49txKrwNPy6nRtxGv4jnLrEas9Zdg0suwY6N+I+sjGqWHWciCg0Nq44haT/qiiAJ/b+holffVFPbGIZP5tjMzHpAqOHmdh5DwXl7yOR/gQ4BbiHX+Xottszfl3lUqWOqpa0zKqozKHQDa5Vxi2yPmJiyGd9aH32/FjWX6DwnKz9yLo3L1PtZ1EY6y50f0TvK62REhcxccXbN4/nUPRb7WdRGOdpX1PoWuKa0v3CW5f29pa4Ih07zphbMts9EARBEARBEARBEARBEARBEAThBCdSAzioIYqpVCQUEAbtUZKHXtIoaw3gaKIzYv/sjwbJX/ehL8GeX8HIYNjjhU04n3oAXtsdKDx1BaManqJ4/MMuSDXh3r0Kt+/RsMncU3CW/yecphsy//a2Q393EJetZqiuOPXHwfAXW4PVCcbKCT4TKB9ja7BqqBMBFCRxikpwcXC7/hH3fR/FOftSmDiKu/PnsO+RjB9FDOv7nb4awKZ9YxxBny9/fQQJVcOf38y2/pSO51cD2GbfHldcDeBgvedbAxhjPcTaJ8Z+9L6KrD9NIR23/tT2ioF8agBH+mmrAazHNan9QjGf136hxqPdhyGx68+6X8w+Tulps90FQRAEQRAEQRAEQRAEQRAEQRBOcJJ6QjNHTU+XSIIlQElAxdcAttsPlJAuOGdfnmn52Hdxd/6zYV/Ne3p9y6bIjKkZ6qpZnyOHMgrhQ3tJrLkNp2EDE7++1jtpURAqSkI39BajgMxeA9jF1fui2Tfi0cba1Y8m50FRaXB84olbSZQtgrEjTOy8J/ThBr3Bja0BnGW+1HjUebFhaZKtBms2Ja7ViWt7b5mvIGMaNjUVzFFFaZx9syuev3xrAMcpVmPtK+Zc9PvKNl/ZagDHxWXGo64/swawqydq4/eLOPvGuZw1gPN9EkGMfeOtXelsub9mEaf8vbPdBUEQBEEQBEEQBEEQBEEQBEEQTnCSes1aYmtumspCnymv6Zm6JNPg6Z/hOE7EvqqQ1Pxh+tXdawpIR00Ue68HujLnUxcbfsMatlb7RmI6Zw1g/SxEFKtGx4PA1UG0pKy8uBzXxd29maO7NoenvHh8m45nX6uRaw6YNa4cNWUdy3rQEobq+lDMqOPmf/ZHyFx/gV/PTKx9+wLQ7Zt+FX+G39C+Edcx1gA27ftE7Zt+s8yX6s+cr4hfwx+G/Uhc1uGc+f0Cfb/Iad/P/5vzZd7PxwmJKstj6gVBEARBEARBEARBEARBEARBECZBpAawnmbLpWjNtJzKmp6cXJ0586eXI5e6OLoCGCIKz1x+A9WrqZAceinToDQVKGZjlZBZfOgJJ4tCUrnA73+8gtkegzVWPy5QauUabV21qdoXJ9LG+t7R10FcDWD/kF05rfiL8xX0arrXn5lAzq54zqogzWv95aeoVte7GpdVsZo1rmOrAZyP/bz3C2/d5D1fqkGL03wU1ZHxMxXT2faLWabgrHNnuwuCIAiCIAiCIAiCIAiCIAiCIJzgRGoAR2t6+oo7QsFd0B5FQed4H7PVAMZIvEQVwMEZQ3mo99O7VvWnKP60xo5p10skG4pQ7Sr1kcGO4cc18lNaXEo8prLZb/fSIxz9wfsDA46hSLTVKgU4+tMrI2PgPnUP4zt/jpqCM2ukqrm1iY7vcvQ339UVn9NWA9j/aNZgdfTx09qHCbpw3Pz16DWzrT+l4/nVACY6X9jnK64GcDQuxZ9iX1P6OjH2jSFX+xmtAZytRm84X5H1p3c/aiCfGsCRfubYL1R/+ewX0dNZ9os4+3o3ozWAs+0Xs0/B4vNmuwvCCcCrf3h9trsgCIIgCIIgCIIgCIIgCMIJzOmnnTzbXRCmmaSeEMtD4Rmn0FMSUPE1gPXEnFmr1FGMumZmxkxA++rJiCJTbW+vARyqXw37Ed+OxX5YAzg6DnnUAM7iV1NI5lBk2uYp3xq9/pTGxqXGY7EfGc/YuGz2jXkyOpWZtimsARxkUvX22eKKzFfMe1MhnrMGcKRGryUyzZfdvlZDWWufpQZwXCxmwlqdJ5vyPW6/UPzmWn+hHUtck9ovcqy/wL5/SF9/x1nul0TVYpyKs2a7G8IJgHw5EwRBEARBEARBEARBEARBELKRDKWB3ouXCDIVfaESVG8/1TWAg3amAthU+uHo/rC3t9UAzqgAY+LyfNtqAPtKQmt/DEWi4/cxplZpkMj1xw0C+5FxVDOFMfa1cVQfcWvkWqM1Up3wgKW9tQawRaFrJsRV+9r4xdQA1tefEp+hoDXny1YDOPDrWOYrxr6pZDXbB+MXxGWs90nWAI5b96bfqALdnCAjLq07OWo2q/GY8+VY5kv1Z9g348p7/b3dmuEx91WwPiIKY7NDHDcU1F82210QBEEQBEEQBEEQBEEQBEEQBOEdQKQGsP8hu0LSb68o92IUfHb7ih/DfnDGDfWbIZYawDaFZxa//jWxCkkIVIy6EjI2hOjnoONxiuownmwKT6uPXApMUBS0pkJSn6dMMszVk5ZZFZU5FLrBtbr9WIVx3HvlYERB6zfOsv4Chedk7UfWfXT9zUQNYCOlHYkr3r55/NhqAMcqjPO0ryl0LXFN5X5hqwEcYokr0rHjh+T5a2a7C4IgCIIgCIIgCIIgCIIgCIIgvANIBO8cFPWdXzPUq1XqOJkj3quDg+NkznlnglccB1MUabNPjH3+1Jc5k7pY9xfYR79WOR6pR4tj+FWVn3o8idTFmQaHD2hx4UTtGyJIrU9hY+VadZQc759/xFFe1Xis9om374T2g/FU/Znz5SjxORZ/5nwFCkyy2I/GhRmXP47mfPn+zHXo+zPmS4vHnK9Y+/57m/1oXIE/My7HMl+OZlYfNyUu6/qzxRWxH72vIuvDnK9c689cD7nWn2W+QvvRuCa9XxC1r5+JWX+R+8qx2FfmyZyv44CCJedTcHbdbHdDEARBEARBEARBEARBEARBEIR3AEn9Ebo5anq6ZFcEmkrWSA1gu/1ACekC/dtx3pPC+bMHsvd8YRPOV/8UyU3lyuk4Vz2QtY377C/yrgHsD4c2flbFdJxCEeO4at9eA3hyilXbAfW4La4s8xWrWM0elxu8qnEZAuAscVmdWNW9lvkyHoltUzBHFaVx9s2uOFYFd2wN4DjFajalsm/ORb+vbPOVrQZwXFzZ1p9j2kdbZ/H7RZx945xN+Z7H+os+iSDGvvHWrnSOUSDPMIUfunq2uyAIgiAIgiAIgiAIgiAIgiAIwjuEZETV6mVLzJqbYe1VW0KSqasB/Otr4PB/h/d9EuYvmMpYszPUh9vfzUTHt4irAQxg1sp11GEBQ83oRGsAmwlJf9y8a1xz3IwawDnnK6YGsFpCV5uvIFlp+rXF5WSvKWu1b8Rn2I/E5X/2x89cf4FfJS6rfSMeq33Tr+LP8BvaN+IyZbl51gA27ftE7U9ivlR/5nxF/Br+MOxH4rIO58zvFxj7RS77kXVvjJ9ZU3kWSCysJXlR62x3QxAEQRAEQRAEQRAEQRAEQRCEdwiRGsB6mi2XojXTckpregLu1r+C3/6Vpb0lEWgmPHP4jSSELO0jikFTCZnFh27fXqM3lEk68YpEXQgZHw9qosuslWv2TZ+noAawGlecr4xhq/JTWzz+i0skrqhiNVdc073+zARydsVzVgVpXusvP0W1tv7U+SLHfEXiOrYawPnYz3u/8NZN3vOlGrQ4zUdRHRk/UzGdbb+YBeas+dJsd0EQBEEQBEEQBEEQBEEQBEEQhHcQYQLYUAwGSrtAoUsouAvaoyjoHO+jE1He6e1V91EFsEO29qp9J1D0mYo/1b6ptAz8acpM/RLVb2hfiUvtltZetW/EZQocg3Exxs814om01zvrROJS5ivS3jZuRlyGfVPJadqP1FE1/LrEzJe1fZigi8TlN7OtP6Xjqn1tPajjGHRAtR8zX2ZC0jsRjUvxp9g3ld9W+8aQq/2MjJtrxKe1t6xz475yIuOgL8ys9iP9zLFfqP7y2S+ip7PsF3H29W5Obr+YeZL1LSQvWDu7nRAEQRAEQRAEQRAEQRAEQRAE4R1FUk+I5aHwjFPoKQmo+BrAemLOrFUa+rOg+I1TRrqKHzxloFWJGygv7fZDbPbDGsDR9tNfA1hXXh5bjV5/SmPjUuOx2A9fsyTQ/ASoRfGpzZPRqcy0TWEN4CCTqrfPFldkvmLemwrxnDWAIzV6LZFpvuz2tRrKWvssNYDjYjET1uo82ZTvcfuF4jfX+gvtWOKa1H6RY/0F9v1D+vqb5dwvTkEhcz594yz3QhAEQRAEQRAEQRAEQRAEQRCEdxrJUBrovXiJIFPRFypB9fZTXQM48OfjZ2kUs6aiT29gxGPGZSg+zbhsNV4z6alQSajaN5WHOWsAG3HZarBGxlHNFMbY18bRUgM4cGvOlyk1NtrH1RiOzJeREI/ME2Zc2ONy1Y/G+lMTkub6882pik/HMl8x9k0lq9k+GD/L+lAGSEn+6ocj68+sfR1coPuNKrXNCTLi0rqTo2azGo/lvorMl+rPsG/Glff6m/b9wlQYmx1i1piz/rskqs6ZvQ4IgiAIgiAIgiAIgiAIgiAIgvCOJFID2P+QXSHpt1eUezEKPrt9xY/FfujXvExV8E1nDVY9HtdLqMaEEP0cdDxOUW3EE6PwtPrIpcAERUFrKiQtcWmKVUs8mt8cCt3gWt1+rMI47r1yMKKg9RtnWX+BwnOy9o+T9WektCNxxds3j+dQ9FvtZ1EY52lfU+ha4prS/cJbl/b2lrgiHZsdCi/7Cwqbr57dTgiCIAiCIAiCIAiCIAiCIAiC8I4kUgM4qCGKqVQkFBAG7VGSh17SKGsNYDXhk91+fI1UP7kXKjx1BaPWWFE8mnHF2dfjstUM1dJzmgJT8ZdPDVYtUCWuWPvKOOaoMRxfo9fwN201gE37xjiCPl9+XBjzNS01gG327XHF1QAO1nu+NYCJma+IfWLsR++ryPrQFNJ5rD/VQD7rL9JPWw1gPa5J7ReK+bz2CzUe8z4J3MWsP+t+MTMkz1tN0TXfnXnHgiAIgiAIgiAIgiAIgiAIgiC8K0jqCc0cNT1dIgmWACUBFV8D2G4/UELmtK+f9+3HKjJjawxbnOSrIFSUhH53tfEz/fnGs8Wl+rMoMpWs4CQVq3Fx+cdtcWWZLzWevOzrb7PVYM0WV875UrOGtpqyyiOxM8sii8Ldss5i3/v+8q0BHNh387SvmHPR7yvbfGWrARwXV7b1Z9YAdvVEbfx+EWffOJezBnC+TyKIsW+8tSud9ftruin4QDNzr/vxjPkTBEEQBEEQBEEQBEEQBEEQBOHdR1KvWYuhrLPVALYlJFVlnZ8s0pWFPrlqeua2Hyr3NH+YfnX3Zg3WMFHs+/UuJ2o/0zrGvtpt1Z/3/5G4zISko/VGqVnrRBtE7FvGM6YGsE05qvkzB8waV46aslb7RnwxNYAjymV//Mz1hzFfsfbNBWCzn2V9GH5D+zHrb5I1gE37PlH7k5gv1Z85XxG/hj8M+5G4rMM58/sFk9wvIus+Zr+YAZLnrZbkryAIgiAIgiAIgiAIgiAIgiAI006kBrCeZsulaM20nOoawKF9/VKrgs9MeGb1m0UhqbSP+DOVkFl86Akne41e7bnEWRXMlhiMOLWEtVGjN9o3fdyCGsBqXHG+Moatyk9t8fgvLpG4oorVXHFN9/ozE8jZFc9ZFaT5rr8s9rXQIBKXVbGaNa5jqwGcj/289wtv3eQ9X6pBi9N8FNWR8TMV09n2i2mi8LK/kMc+C4IgCIIgCIIgCIIgCIIgCIIwI0RqAEdrevqKO0LBXdAeRUHneB+z1QDGSLxEFcAO2dqr9o3aqIriT7UfqQEc1LL1WpiJIMNvaD9brVKCBFdo34jLFDgG42KMn6VWqd5e76wTiUuZr0h727hNVw1g/2PMfFnbhwm6SFx+M9v6UzqeXw1govNFzHyZCUm/Vm4kLsWfYt9UflvtG0Ou9jNaAzhbjV7LOjfuq7dVAzjSzxz7heovn/0iejrLfhFnX+/m5PaLqccpKGTO+u9S2Hz19DoSBEEQBEEQBEEQBEEQBEEQBEHwSOoJsTwUnnEKPSUBFV8DWE/MmUrc0J8FxW+cMtJV/OApA61K3EB5abcfYrMf1gCOtp/+GsC68vLYavT6UxoblxqPxX74miWB5idALYpPbZ6MTmWmbQprAAeZVL19trgi8xXz3lSI56wBHKnRa4lM82W3r9VQ1trnp3DX3psJa3WebMr3uP1C8Ztr/YV2LHFNar/Isf4C+/4hff1Nc+6XZH0Lcz59I4mqc6bZkyAIgiAIgiAIgiAIgiAIgiAIQkgylAZ6L14iyFT0mbVy/deprgEc1uj18LM0illT0ac3MOIx4zIUn5EawIoyUFMMEioJVfum8jBnDWAjLlsN1sg4qpnCGPvaOFpqAAduzfkypcZG+7gaw5H5MhLikXnCjAt7XK760Vh/akLSXH++OVXx6VjmK8a+qWQ12wfjZ1kfygApyV/9cGT9mbWvgwt0v1GltjlBRlxad3LUbFbjsdxXkflS/Rn2zbjyXn/Tvl+YCmOzQ0w5iYW1zFnzJZIXrJ1644IQoZdbrm+nO/Z8KWu/voHVFTPZpTY+/5M+Gv78eq5Nz6DfKcEbz5pL+cHnV1BsbXIixycIAgNbuPH7PfTHNkhx7c2tNMxgl7p/ejO37Jx5v1OCP57LWrj1mhyb4mTaCoJw3ND/0G3c+OBQfIMZv6cH2Pz9n7GJOm76+koqZ9DzCcHhPjrbt7J5+wCDo5lDhfPLqFlRT+tldVQWzW73BOHdQOa73TT9LO59n+Lyq7npsikyLt/RBEEQ3rFEagD7H7IrJP32inIvRsFnt6/4sdgP/ZqXqQq+6azBqsfjegnVmBCin4OOxymqjXhiFJ5WH7kUmKAoaE2FpCUuTbFqiUfzm0OhG1yr249VGMe9Vw5GFLR+4yzrL1B4Ttb+cbL+jJR2JK54++bxHIp+q/0sCuM87WsKXUtcU7pfeOvS3t4SV6RjU0fBkvMp/NDVJC9qnXrjgpCL0hStH1tMaeREEanoQSEXu7dy80NVfOuyqtnuiSAI08WZtWy42HaPl1I9450RBEE4/qluWknzWZYTZakZ78u7iv1d3PbIAcqXrWTt0hxf7F/Zynf+dht9E0VUL03TvKyC0sMDdD/1Ir0dW7jxkV2sv/EqmkoAhuh9YAtdry+gZV0jk57Fw71s+tUeBs9awYYLZQ0IgiAIgiAcj0RqAAc1RDGVioQCwqA9SvLQSxplrQGsJnyy24+vkeon90KFp65g1Borikczrjj7ely2mqFaek5TYCr+8qnBqgWqxBVrXxnHHDWG42v0Gv6mrQawad8YR9Dny48LY76mpQawzb49rrgawMF6z7cGMDHzFbFPjP3ofRVZH5pCOo/1pxrIZ/1F+mmrAazHNan9QjGf136hxmPeJ4G7mPVn3S8mT6JqMQX1l5E8fw0FZ9e9PWOC8HYoKiNdXycKiCmk78EH2JTewNozZrsngiBMCycvpLFeFA6CIAj5UnpOHY2ybc48r/fRtb2PytNGWbs0W8NRuh7YRt94Kau/pn+HbbwEOLyHtvZDpEvC9n29++gaOErDsSSAjwzQvX0f/eOL2XDhZC8WBEEQBEEQZoKkntDMUdPTJZJgCVASUPE1gO32AyVkTvv6ed9+rCIztsawxUm+CkJFSeh3Vxs/059vPFtcqj+LIlPJCk5SsRoXl3/cFleW+VLjycu+/jZbDdZsceWcLzVraKspqzwSO7MssijcLess9r3vL98awIF9N0/7ijkX/b6yzVe2GsBxcWVbf2YNYFdP1MbvF3H2jXM5awDn+ySCGPvGW7vSWb+/bDgFhTC3BKf0NJzy95KoWkLBWedSsPg8nArbn8ALgnDCU1FKanCIzX/fRuqGVhrmzXaHBEEQBEEQBCEbL9K7CyhfRKPtDxjnL6b1kzPdJ0EQBEEQBGE2STrXvQGEKZC416lipvwIgiAIghDi15jc8FeL2f3jrXS+Mg7JEtIf/ggbLqug/6H7ua3jIIOjUFhaRet/vIpm/5dHQZ2hq7iu/HFu+eU++oahsKSMxitXs255BYXZnE8couuXm9nk1yJLJkktXc661iaq5wEvtXPDD3sZXHopf/8XK3RbB9q54f/rZeT8VfzgU7UADO54gNse2MPeQ+OQSFKZvoAN6xpJJZXrjuyjve23bH7mECPjUFhaQfMn19Ca69F5AJWNXL9qNzf8pI872nqpuSZtrwfsMz5Ad8dWNj96kL7D4wAUL1zEums+QWOZOYafYD2Pc8u/HWRoHArPWMT6z32CRnq446db6do/zlgiSeUFLXzjk7Wa35F9ndxx33Z6948zBpQuSrN+fQvp+blDEgRhsoQ1Jr/xZ7D5Zz30DgFFpTS1foL1y6Cr7T7u6vb2mDNqufaLq0j7fzAS1Av/Ai2vKPtrWRWrP7WK1efk2IuMPYyiEqqXX8CGj9dRnoCRJ+7mS/ccpLy5lY1X6Lqtse1385d3HSR15Wf51iVl0T24qJSGK1rYcGFK22+ndI851MNddz1O575hxhJJypecy4YPH4MdQRBOHN7md52gHvp/W0H/nf/K5ueHGSOzf6z/9EpqcuxF5h5WWFZB06rVrKsvA4bpvPUfuGN3CS1f+QKtC9QrR+n65x9x2zNltN74WVpGZ+A7WzBWrVxXto0f/mIf/f7+vGYV115QBfRyy/XtdHuX9D/4Mz7/IFARV/u4hNL5wOA+ul4h61Ns9LrOfdxy/c0ANPz59VybhqH9XWy+bwdd+4eD/walmz/ChssWUez/93HAu3xnO5+/vh3watl7//2rNOuT2o4f2cfmO/+V9hcyfgpLSqg5/1LWraqlPJFttgXhBCOvez5kbLCHtp8/TudLw4xNZOp4pz/UxLomW9kn/5707sFcxyfxHS2vn7sFQRCE45qCb3/729+e7U4IgiAIb59XBl6fVPt5cwpwHCf4B2R9j/qe8OHikXbKa65j5vt8Puc6Hsdk2xcWngi/dRhgW/te+uedRkNdOYVvjTKq/ht3mDsn89NZ/87fse3VN9nd0wc1DXzygjJGXnqZZ5/dw54Xn+PBXROcd9mFnHfqEHtfGKB75yBLLn0f5Q4wvI+OR19h7OhBHt4xyqKm5Xx0aQl//P1+dm5/it7kOVx6tvc8uYFn+VXPEJV1F3Le6cDEQTb/z59x17PDlC5O89HLl7Ck4E/07niBjq5XWHRhLaefegoTu3p49oXDFF9QT/XcMMLef/k1HQdOZu3nLqN6LvRvuY2//sXLvDH/vaxZtYLGhWPs7epl8zNjnPfBs5gPMLqL2757P+0HJkg1ruCTl76X+QMvseW3TzHw3mU0VMT9xOqN5xnVfLLlQt772k46dzzPs9niA/oe+Bk3//Z1Ss+qpeXyNOdVHeX3PS/Rud2LLxmO4VD/i3S+9h5aLl9B+qRD7H7uFbY9t5c9jzxN/4IPsPaSMyh49SB7ntvDnpIamlKZbNLYM/fy9X98mj73ZC796IV8uGYuA888w4OPKj4EQciNdy++UV7JpefM1/fMt0YZnUgytzABDLPn0afYffiPdG9/g9MvPo/VSwvof+4Vnu3Zx559O+h4tYyPXp6mpuA1nn3xIF37Jrj0/BRzIdgrCodepL0vyYXN59O06Cj9u15m2xPPaHtRZn8u5byPLM38Qv9IL7ds/DVbDkyQqkuzZuWZnD48wLae59jybGavK6tM8sfOPex+eYxF/+59nB78J+4QW/7PIzw7tpj16+s43Rlg89/ekdmDz63jk5edw6KJATo7utmp7G3HvMf443lGNWuWeZvikV5u+Zt/43cDCd67PM3aDy1k/sEXuGvrK4yNHWVMbSsIwnHPGy920/HCKOWLl1JTOhrZNycK5pLZNt/ed53MXljAH/c9xe+TS2j5yBKW8Ed6n3mJzifVvcjbnzmD5qazmQ+M9LZxwz89S597Mud9aDkfXVrKGy/vY9vjPd5edwqpkkG2dL9C39FT+Oi5p4UBDj3O7f/3AGPnN/PF5afNzHc2z8fIoZdo3zVOw2WZdoO/f5ndPXv446LzqTt1LmUVp1DzniG6+45Qmm7k6pYaGs49i+ry+RREZqqUsvFn6dgzxJ7Hn2TbS39ibP48Kk+aT6Gxh88tmUfl2WXw0gH6R8to/syFfPgDZ5M+6wzKnG3808ZH6HZOoe7iej56QSWlgwfp6n7a+05cyvzy+VRXHWXv80OMnlnLho8to+EDZ7Ok8hTmev/9m3/OMpqrS0KnkeN9tP2/v2DzgUTwfb1s+BDbup9mb8lSmlJzEYQTlcx+NpeapgaWlJDnPe9d/FI7f/23j/Ps4WKWXlLHmqb3UvbGH+h6dC8T6RUsLcjYIriXvD1xWPkuCfbjk/iOltfP3YIgCNPA+NjEbHfhHYX8ulAQBEEQTnQGe7n5273R4xGFwCjVq77AdednfhnTePKbfOnWPex9sYT1N11F0zyAOsqHb+aWnX307oeaMxU3L81V2kHjeQu5ZWM73Q9uoavpKhqLol0Y27GVTQeg/JJWbrrSU6nVN9J8zt186Z593PVQHxuvSNF8cRVtdx2k84kBWnxVwOg2OraNw9I0zaWZz20PDkFFHd/62koqE5n+Ni28ny/d2kP785eyfgn0PbSVruEkDZ/5LNfWe7HWv5/y/3k7bR1P0rq0yfKX0yZFpD/9Cda+cjebHryfzUs3sDpGK7K3CQAAIABJREFUSZFaeRV/c3kppcG3qjrSRbfz1fv20fUCpJV6bSNFS/jG11qoTgAXpKD/dtr2DzB4SSsbvfFpOhtu/H4Pe3e9yFhTGYX0sWnTPkbmpdjw9VYavXlqXPYevnNTF5ufHCLdlIeyWRCEkGc6+eozndHjy1q49RqlyOWRJE3XbaDV2wtruJ2v3neI3YfSfOMG/15eBN//GZv27ad3FJqUvbBvaEHYjjqa0lv4zs09dG3aSsvSFmvNxb4tj9I9DOlPfTbYr6lvouG+f+B7D2+jbfsFXLe8luYLttLZsYfOZyDtd/nANjr2Q3lzHekEjG3fwqYDUHnZVdx0uacuqW8kdc8P+GHH4+xeuYaaKd5j9j6wNUv/R/O2IwjC8UVv2218tS163FeN+hzbdx2fQwwtDNtR30jDQ7dx44Phd8YofWy+v4+RRBXrv658T22qoW1jG+3+99SaOprK9tC+7Wm6W2tp8P7Ws++Rp+mjhJamWs3qTHxnGzpyKhv+Sml3yjCf/0kfvbv6YEmK6vo6qpN7uK3zEMULltBYX0E2Klf+ORtPvj+jLtzdS9vuXtrw1NArL2X1+SlKE5mnVjSeMcBgexfdnERNfZ2iGlzB+r9eTGlp2M/GZacyduMDdO7cxeDKS6msqaOy7DU2/7qPoZMX0lh/DMWhB/bQewiKm1bzjY8vyvipb6L18ACDc+R7rfDOJNc9D3203dnL4EQpq68Pa3k31jexdmiIsVJgIN5+LvL+jpbnz92CIAjC8Y8kgAVBEAThRKc0RevHLI+DmldBud6Q6rOVv8QvK6EUGFlaG/yyDKCyshR2DjH4J8Oe0Y55aVqWb6X74YP0vgCNS4nQ+8xBoITGRv0XdsUramm45yDdz+9jkBTl9RfR8mAb7U/00HdZJiky1NVL70SSpgu9x0K/0EfvBJTXpCgeHsJ/cB0LTqeaPex9aQCWJOl9fhioIn3OOEOH/VYFpBaVwMP97AXll1xZSFSxel0d3Tf3sOnH7dTc0EK1rd28UmXsxxk5PAxzMqqFyB8uLlroJYIAyigvA/Yb41NRQSXQf2iIQaBycB+7DwFLU9SMDzF02O/f6dSUQ/uLfdB0DL94E4R3M2fWsuHiqujxMiO5kKjQ/hCm9JSTgEOULz9XuZcrqKwEBoYZGgKU38/r7YAzmmhe0sMdu/voHYSUvkkDA/Q+MwykaFxRop2pblxM+cM99D73IiyvJbVyBemtW+l+chtj6cw+2du5i0HKaL04E8fu5zJ7cPqcEmU/hNSZFfDEAHsHoCYxlXvMALtfGM3a/8E8LQmCcHxR3bSS5rOix8vNnOyxfNcJTkS/M1ZeUkf6wa30+t8ZzQ54iUTSxvfURIqm5SW0P+R/T02x+rIq2u/po3PHKA3Li2BiFx2PD8PCRloWGHZn4jvb+8/1EkEep5dRSR/9Q0McG0nKl3+Cm5aPMzK4n73P7qGjexe79w/Q0dZGx2N13PRlP5kTj5r8ZXSYobeSFJcAY5lHWk8J5SmqS3ro3NFJ2zlFrF5SRXERMN/8+UUQ3kHkuuf9PaSmLvLHx4WlpdnLLuVkEt/R8vq5O/sfpAiCIAjHB5IAFgRBEIQTnaIy0vV1llpgJqVU2n6jkog+RM5GeUVZ5Fhx8VxgNJroBGCcsVGAJJEnavs+/V8kJVK0XFxG+3276NjdwvqaPtofOQRlaZprvKZvZv4qefDh+/nqwxZ3/a8CpYwcATjIHd++zdIoSf8AWoImK2es5Pp1h7jhzl5+eGclG+ujTcYGe7jrzk66DsSNQ0jlaadajlrGR+XIKCMQr1hMDNAPecy/IAgB+SqWykutv4guLMjvx6jK08zNpijzC24A637xZqbeIlj2TTK/+Bv3GsxbQfOKR+l9opeOoRW0zDWemsA4I8MAw7TfchvtFm99rwInT+Uek0f/BUE4ISk9p47GPLbNY/quE3qJflctKsrsHXHJx9Gj3ndJy/dZb6/2v58Vr6ij6f6DdD7yJEPLmyje0UPnEUhffF7kDyln4jub3cdUkKS4fBHpSxaRvqQFRvvY9HdtbD7QQ9uOJq5bbnlsj8/EELu3PMBdjxykf9g4N5X5nsRi1n95Jfx4K+0/uZt2oLCkjPSHvTqnJ0I1HkGYJDnveX8P8fe9KSX/72j5/dwtCWBBEIQTAUkAC4IgCIKQF4MDh8B4YOnIyJuA5YdIAJIUFgGMRxOjE0czr4XJ4IfN0sY06V9tpfOxbbRykM5DkF53aeCx0KtnXJpupHXZSVF3ZSlglOIkQBnNn6m3KHaLSE3yqXLF9atY33s7t+z8DXdMmEnwfbT9cAudR4qovqCR5rO9fv1+B7d1HpqcoziKCjJjFKdYjCi9BUE4Xuj/wwCg3rejjPhP2LPum3O9PcxLWKhtJsgkOZLhj3DpplrKn+il45E+Gt/TS+9ECS0f8Z6aEOzBRTRc0UTDyVFv5SlgdCr3mDz6LwiCEMsQ/YOAqnwbHc3sHcp3Rg3/e5L/3VLlaCbbEXxPTfiPz3+a9gPvp/SRg1CWZm22hOhkOF6/sxWlWNucYvOdfQweMh5VYTD0+P3c/OAAhRUp1q5aTHkRwBt0/6qL7rfTh3HLsbI61n+tjvXjwwy9epCurVtou+9++v7UGvO4b0F4h+PvId6+9/aSwObP4Pl/R8vv525BEAThREASwIIgCIIg5Mczu+g8Uhc+Xm9iD53bRyFRRfoc+yXppVWw8yBdXX2svTL8QXFk2y66gfIli8JfhBX5arYebn59iJF5i2muV34ht2QR6UQfvW9ATX2drtQYH2fMS4qkl5awaWCYsZI6Go3aRGPjUDjpbz8lNHzmE6zuv5vNvWbRpTcYGgYqaln/yaZA0bG37/HJOomnYjHpsh76B8cpXVZHjfbD+jhjxPxCVBCEWWdw+9PsbakKHyM69CSdzwNlKdLWLECFt4f10bVtmMbzw0f07e3awyCQft/ZYfMFK2he2Evb4+38cN5Q5DGm/h48VJiisV7/A5ax8XFvP5zKPSbsf8djh2hsCn36/RcEQYhnOPKdcejJXnoxvjOq+N+TIt9T++jcPhz5npq6+FxSHV103nMvxQcgdeUKaz32Y2I6vrN5yuaRN0w5rskoXfdthovW0FhuftkdpmvnQSBJ9Zl+8jfpZZfezDw9xxu3keHMXymlV7Wy2ld8H9lG112AmidPeLEMjzACFPvHTyujnD76NYWg719liMHBEsrLk5AsoXTBYlrWvcne7e109w8wRkq+3wrvPvw9ZHcPm19ZEdQABhgbGmKstDS818KLKD8dGBjSn3T1yi66B/V2eX9Hy/PnbkEQBOH4R3ZsQRAEQTjRGT1E744e+iIniki9v5bKKRI1lFYOs+n7t7P7oveTLnqNjt/sYu8wpC6/lMYYH4X1l7J2691seriNGwfSNK0oZWzXs3TsOAQli1h3mf4rN1/N1ncAypvrSKu/OCtaQWtLD70PdnHD9/fT/MFaUvPfoG/nPrp2DZH+3BdZvwRSKy+i4Yl2Om/9Ef31tTTVngqDB+nu2cPuecvZ+MWmaL3kXCSqWLu+jt6be+jT/pJ6ATWLoHtfD7f8FFrSRfRv203XfpvM4VhJsXpNis6f7OHmm26n8aL3ky6HwRdfpGv7QYpXfZZvNEUfzy0IQhZe30/XDotajFJq6hdNfo+IoXJeHzf/j7tp/mAtlaN7aP+3PvonimhYc1FswsHfw7rbbud7L9TSVJvZVzp2D8OCFbRqSrUymi+uou2ug/QdgfTl+mNMgz34l7dz4640TSsqKD08QPdTL9I7UMV1315DTWJq95ig/7+8nRtfrAv2xY794xRD5tGGgiCccAy90EOXVcW5iMYzp2rXLKV47y+58dbazHfG3l427xyCkhStK2N3TW8P6+OO4HvqEF2/66X3EKRWrdS/p5aeR8vSLm57ZoiRRBUbGqfyO9Q0fGerTdNUso/OxzZzc+F5NC2osP93ariXrsf20fvwD7hrYRXpcxaSXnASY4MH6e7eRe8AFC9roTX448gyms4vY9MvB7jrh/cy0nI2lZW1pM+soJghun9xO3f9sZ7U6It0/u4g/eZ3/fI0TYu2cdcLnXzvnjFWLzk183PHGYtpKOuhfedWbv71CE0LYHDnDjY/Yyye3Vv5zq17KFyUovEDi0nNf4O9j/TQDVSeJclf4d1KuJ9t/tvb6Lu4hsYF0LdtNx27x2n+yhdotdwcDekq6D3Iph/fS+HlZ1N6+CDt/7aL/gRayZG8v6Pl+XO3IAiCcPwjCWBBEARBONEZ6qPtzmj6F0pZ+/VaVk9ReZ7i9CquK3+cH7Z10jWaqdPV8MmVbLjQ8og7n0QVq7/8Wcp/uZlN23tp2w0kk6TSjVzb2kS1+cukBefSWN7L5sEymi+O/qKv8rINbKxq565f76LjvoOZR2PNLyO9+iOs9dUd89Jce8OpdN7/r2za2cMd2zM+KxcuZv2nLzj2xM4ZK7m+dYAv3aMqGMpo/twnGLnzX9nc28MdvUnKlyzn+o/3c6N1To6N4nQrG7/SRVvbk3S1d9I1AYUlJaSWr2TDBZL8FYRJ89Iubntpl+VEimvrF9EwRW4qL7uK9a/czy2btzA0DoVlFbSsXUPr0pL4i+alufaGk2hv+y2b/T2sqITqC1ey4eN1EQVcYX0tDXcdpNt8agIEe3DqgX+l7QlvD04kKV1QxdprLg3UaVO6x8xLc+3X5rL551uUffFcrv8s3PGjHkkAC8IJyt7OLey1lLVlWQuN1+RRHDgvSll97Ur67/xXNt05zFgiSfmiNOvWt5CeF39VcbqVjV/s5I77ttP9YCddZPbb5s+sZl29uYcV0Vif4rZn+iheURf7R4zHypR/Z0ssZv1fXsrIzx+lt6OT3XH/nSpZwXX/PUV3Ryft3Qfp3nqQLr/2cUUFzes+QuvyCi2xWtr0Z1z3+r3c9dg+2u7cR+XlVaQvW8O3PnMvt/xyHx33baGwpIymdatJ33cvmzSHZTR/bhWDP95Kx7YubnvC/7kjxf/P3t3HRVXn/R9/zTAwMIgjiCAgeIuCSireRqRrFrZZZjfslteWbWvtujfVb/Xaba+98ndt/fZq20v3qh7tupW7pbWWi7WmaUmhqaRRihqmeIuiiCKiiNwMDDO/PxAEBAUF5qb38/HgwcyZ7znnc0b8nDPzOd/vN3XOFCqWbiRrQya5RhMRCRN4+oF8nlvW6Np48CTm3G0jbf0J0j+oW+4bGELi3dOYNVFzi8q3V+N8lrMhixwuft69exIpEdDScCq+o6fzdMkqFm+o+7/saw1j8venk/DhKtY0HsCqHddobfrcLSIibs/gdDqdrg5CRESu387dee1qH9zND4PB0PADXPExjR8DBlpp1+j31ZY1f9yW51db3pr2tg+w6B6pBkUZzH9hJ9z+EM/e1slfyJRm8tyzWRSPu4OXvh/fufsSEeksOWk89mY+iY/MZU5H1UVak7uKJ18/QOjdP+SZibohREQ8U/bShSzaFcOchakddhNOa3KWv8TLX3Yndf4PSemozssiIiIict0qKzpyRD0xXr2JiIiISNfI+Xg7+QSSnKzir4jI1ZWQ/vEBKoyRpHToMKYiIl6qNJOVX9phWAKTVfwVERERES+mArCIiIi4h8ptbNhmh+jhpES5OhgREQ9wdBsbjtEpw5iKiHijQ5/tJh8TyUljNM+siIiIiHg1jx8Cetuu/XyUkcXJ02eprq5pWG728yWid09G3zCY2yePdWGEIiJdQ0NAX5mGgBYRERERERERERFxTxoCumN59Lfb6z7bxorVG1t8zVZdw5H8kxzJP0loiJUxIwZ3cXQiIiIiIiIiIiIiIiIiIl3LYwvAR4+falL8nTjhBqzdAxuenzl7ni1ffQPAq0tXEzFvFlERoV0ep4iIiIiIiIiIiIiIiIhIV/HYAvDJopKGx/927xS+c9PIy9r0j+7NP97PAODI8ZMqAIuIiIiIiIiIiIiIiIiIVzO6OoBrder0WQB6hnRn9IghLbYZPWIIgRZ/AM6UnO+y2EREREREREREREREREREXMFjewAnjR3GmbPnmXTjCIK6BbTYJqhbAHN/ksqnm7NJGjusiyMUEREREREREREREREREelaBqfT6XR1ECIicv127s5rV/vgbn4YDIaGH+CKj2n8GDDQSrtGv6+2rPnjtjy/2vLWtLd9gMVj75ESERERERERERER8SiVFXZXh+BVPHYIaBERERERERERERERERERacrtuzcdP3GavPxCCotKOFl0lurqmuvepp+fL9FRvQgL7UF0ZBgxUWEdEKmIiIiIiIiIiIiIiIiIiGu5dQE4O+cAS5avo6LS1uHbztl7GKgrBk/9zhimT03q8H20pLKqmpcXv8/BvALmzJpO4g2xXbJfEREREREREREREREREfF+blsA/ssbH7Bj98Emy/pE9iIwwP+6t11lq+bo8VMAVFfXsDp9K4ePFvLU4/dd97ZFRERERERERERERERERFzFLQvA//zgs4bir9nPlwfvncKwwX3pYe3WYfsoLSvny+xc3l+7Gbu9lm/2HSErey/jE+M7bB8iIiIiIiIiIiIiIiIiIl3J6OoAmtuz/yifbNoOQLfAAF55/gluGjusQ4u/ANagQG6bNJpFLzxFz5DuACz+x1oOHy3s0P2IiIiIiIiIiIiIiIiIiHQVt+sBvOubQw2P77kjuUv2Oet7U/nTX9MA2LptDwP6RnTJftvC6YTcg/m8v2Yz+QWncDqhV88e3H17EmNHxmEwXGp7rvQCn2zazvZd+yk5V4bT6aSHtRvfvWUc30kaidFoIDMrh6VpnzBkYDS/+NEM/Px8m+xvy1ff8ObydYxPjOOR79+Oj4+RM2fP88FHn7M95wDV1TV0Cwxgwuih3H17Ev5mvy5+R0REpL3stbVU2+xU2+3Y7bU4HE6cTqerwxIRD2AwGDAaDZhMPviZTPiZTZh8fFwdVqdSzhSR66G8qbwpIu2jvKm8KSLt823Mm3Jt3K4AfOr0WQAie4cyccINXbLP+NgYwnsFc+r0WQpPnemSfbbVVztzeePdjzEajQwd3I8Afz/2HTrG4n+spbiklDumjAegssrGX95cxdHjJwnvFcy4UXFUV9eQezCfd1duwOl0MuXmRBLiBxAW2oO8/EKOHj9F7IA+Dfuqrq5h67Y9+PmamDjhBnx8jJw+U8qLr62guKSUPhG9iIoIJb+giIzN2RwrKOJnj84gwF9FYBERd2Sz1VBRZcNud+Bv9sXf7Icp0AcfowFD4zuIRERa4XQ6qXU4sdtrqamxc/ZcOSaTEYu/GbPZ9+ob8CDKmSLSEZQ3lTdFpH2UN5U3RaR9vk15U66P2xWAj50oArimXrhvpX3Cpi++JnnccGZ9f2q71u0X3ZtTp89y4mRxu/fbWY6dOM27KzfQo3s3nnzsXnqHhQBQUWnjz39fyWef72LMiCGEhfYgwN/MzHtvITTESrfAgEvbKCjiT6+uYMtX3zBh9FCs3QMZlRDLx+u/ZOu2PQzq36ehF/HR46fIyy+kf0wEffuEU11dwz/e+5QzZ88z63tTuXHMMAyGul7Jaz79gtXpW9mRc4CkscNc8faIiEgramsdlF2oxOFwYLGYNVqDiFwzg8GAyceAyceIv9mXoG4BVNmqKa+oorKqmqBuAfj4uN2sMu2inCkiHUl5U0SkfZQ3RUTa59uQN6VjuN1fwfmyCgCCm835+/lXu3ls7kLeSvuk1XW37dpX9/vr/e3eb1hoDwDKyivbvW5n2X/oGGUXKhiVMKih+AtgCTDznaQRnDt/oUnBul907ybFX4Cgbhb8/Hy5UFFFTY0dgHEjh9AtMID9h49zvqwcqCvqbt22h+oaOzeOGYqfny+nz5SSX3CKqN6hjBg2sKFQbDBA0pihWIMC2XvgaCe/CyIi0h5VthrOnC3D19dESHCQPliKSIfzN/sREhyEr6+JM2fLqLLVuDqka6acKSJdQXlTRKR9lDdFRNrHm/KmdBy36wHcmh05BwHY9MXX3HfnzVgC/C9rExHek0NHThAZ3vOq2/v8q93cNHZ4w/M+kb0ICgwgYeiAjgv6Oh05dhKATzZu55ON21tsc+LUGUYOHwTUDZ+9NiOLfYeOUXq+HLu9tqFdSHD3hsd9IsMYNXwQmV/u5pt9R0gaO4zTZ86xO/cIYaE9GDakHwCnz5zjQnkVZRcqeeqZP7e4/5KzZdhsNRpaQETEDVRWVXOhvJIe1kD8fD3mFC8iHirQYsbX14fS8+U4nQEeNy2IcqaIdDXlTRGR9lHeFBFpH0/Pm9KxPObM07dPOLu+OQTA6TOl9O1zeQH46V88yL6DxxgyKPqK2/rt83+jqPgclZU2bp04GoDEhFgSE2I7PvDrUFvrACA6Kow+EaEttqkvdh87cZr/fXUFZRcqsASYiRsUQ1C3AKqr7ezOzWuyjsEAN44Zypc7ctm6bQ9jRgxm5+6DnC0tY/rUJKzdAwFwOJw4nU6CulmIj41pcdiA8NBgjEbNUSEi4mpVthoulFcSbO2GyeTj6nBE5FvCz9dEsLUbZ0svYDAY8PeQmwKVM0XEVZQ3RUTaR3lTRKR9PDVvSsfzmAJw717BDY8/+3xnq3P8Xq34C1BUfA6om0vXnfWJ7MVXO/fRP7o3D6XedsW2R4+fouxCBQnx/fnpD+/G5FN3YVFy9jyHjxZe1r5vn3D6x0SQl1/Inv1H+WpnLsHWIMYnxje06RnSHUuAP4EWfx6YMZmgbpaOPUAREekQtbUOzpdV0MMaqA+WItLlTCYfrN0DOVdajq8pyO3nGlLOFBFXU94UEWkf5U0RkfbxtLwpncNjCsCjEmKJjgrjWEERmV/uZszIIQ1DFV/JvoPHgLrC8LETp/nX2syG19ZmZOHn58vtk8c2tO0bHe42czEkxA/g003ZZOccIGnsMAb2i2x4rbq6hsP5J4ntH4WPj5FuFn8MhqY9cZ1O2LJtD+fOXyC4R1CT1/z8fLlxzFD2HTrGP97PoOxCBUljhtGrZ4+GNhFhIfSP6c2e/UfZuPVrpt06oWEeYKezbojqnsHd6R6kwrCIiCuVXagk0OKvIaVExGX8fE0EWvwpu1A3xJ07U84UEXegvCkiruRwOLDba7HXOnA4HDidTpzOztmXwQAGgwGj0YjJx4jJ5IPR2P5ChPKmiLiS8qZ4Io85C5lMPvzk4bv47fN/A+DF195j2JB+DOgbwZCBl3r9hvcKpoe1G1A3b/Bf3vwAgAmjh/LF9j1Ntllb6+C9Dzfx6cbtDOgbwY7dB+nbJ5z//D8/6JJjemvFJyz/YEOLrz2UehvDhvTn9slj+ddHmfzxz+8yoG8kvXpaKbtQyf7DxzH5+PDLn9xf15u3bwS9w4LJ2ZvHswuX0i+6N/kFRVy4UNnqxcawIf0IC+3BqdNnMV8sCDeuIfv5+TLju8kUnjrDBx9/zpavdjOgbyQOh4MDeQWcK73APXckc8eU8Z3x9oiISBvYbDU4HA4CLWZXhyIi33KBFjMlZ6ux2Wowu+kQU8qZIuJOlDdFpKvZ7bVUV9ux19Z22T6dTnA6nTgctdjttWCrweTjg5+fqd29Y5U3RaSrKW+KJ/OYAjBAWGgPnvnlQ7zwyrtUV9fwzb4jfLPvCKvZ2tAmsncov/v3WQBU19Q0LG9c/L3/rklEhvckL7+Q1elbKS0rZ8fugwD06mntoqOBC+WVrb5WXW3HYIDbJo1hQN8IPvzkCw7kFXAwrwA/P19i+0dx520TiIkKB8AaFMiTj93H8pUbyMnN49Tps8TH9mXmvVP427KPWtyHtXsgoxJi+Xj9l/SPiaBvn/DL2vSLDuc3T8xkbUYW2V8fICt7L0ajgfBewUxPua3JkNEiItL1KqpsWPTBUkTchMVipqLK5rYfLJUzRcTdKG+KSFdwOJxU2arrCgluwF5bi72yFpPJB3+zH0aj4eorXaS8KSJdQXlTvIHB6eysjurX5rG5CwG4K+VGpk9NarFNRUUVS9LSOZhXwPmyiiavNS4AA2zbtZ9Xl65ueP76wrlN2q9YvZF1n2276j5FRNzdzt157Wof3M0Pg8HQ8ANc8TGNHwMGWmnX6PfVljV/3JbnV1vemva2D7C4/z1S9tpazp4rp1fP7q4ORUSkwekz5wnuEYjJx73mO1POFBF3pbwpIp2pxl5LVZWt04YqvV4GA/j7m/FtR6825U0R6UzKm65TWWF3dQhexf2/3W6BxeLPnFnTASguKeVMyfmG18J7BTdp23je3LtSbrxsW/ffNYmt2/dwvqyC4kbbERERcXfVNjv+untPRNyMv9mXapsdk8W9PlgqZ4qIu1LeFJHOUl1jp6qq2tVhXJHTCZWVNpz+fm2eM1d5U0Q6i/KmeBO3KwCbzX7YbNVt/k8WGmIlNKT1YZvPniu76jZ6dO/G+bIKLpRXXLWtiIiIu6i22/E3+7k6DBGRJnx9TVTZqrHgXkPfKWeKiLtS3hSRzlDXg829ixiNVVVVYzAY2tSjTXlTRDqD8qZ4G6OrA2iuT0QoAIfzCztkewP6Rlzx9cJTZzh5+ixwee9hERERd2a31839ISLiTkwmH7eZJ6kx5UwRcVfKmyLS0RwOJ1VVNleH0W5VVTYcjquPuaq8KSIdTXlTvJHbFYAjw3sCcOjICfYeyL/u7T39+9cbHq9O38qK1RsbnheeOsNfl35IdXUNUDdf8LZd+697nyIiIl3B4XDiY2zf3MYiIp3Nx2ho0wfQrqacKSLuSnlTRDpala3abeeuvBKnsy72q1HeFJGOprwp3sjthoAe0C+SzVk5APxrbSbxT8685m199vnOJvMDA6z7bBtbt+8hpEd3Ck+dwXax+AtwrvQCry5dzZiFc695nyIiIl3F6XRiMOjDpYi4F4PBgNMNPzkrZ4qIu1LeFJGOZLfXenQvr/r4r9STVnltOPX6AAAgAElEQVRTRDqS8qZ4K7frAZw8bjgjhg0EIC+/kFeXrqagsPiatjU8vj9JY4cxKmEQ//0fs0m8IRaA82UVHDl2sqH4+52kkTzywFSGDIzmkQemdsyBiIiIiIiIiIiIiHSh6mq7q0O4bt5wDCLiObwh53jDMUjHc7sewAA/f3QGj81dCFwalrlvn3AG9osk0OJ/xXWDewQR1rMHQwZFExpi5YcP3N7w2pxZ0zmYV8ALr7wLwF0pN3LHlPENd0bcNHZ4Jx2RiIiIiIiIiIiISOdxOBzYaz23F1s9e20tDocDo9Ht+i6JiJdR3hRv5pYFYIDXF85l1botrE7fCsDR46c4evxUm9a9/86JDBkU3eJrg/pHNXl+pW7xIiIiIiIiIiIiIp7Ak4cwbc5ur8XPT4UMEelcypvizdy2AAwwfWoS4b2C2bP/KCdOnrlszt6W9AzpTkR4zyu2uSvlRrZs+4Z+0b07MlwRERERERERERERl7DXOlwdQoex1zrwc3UQIuL1lDfFm7l1ARhgfGI84xPjO3Sb06cmMX1qUoduU0RERERERERERMRVHA7vKWR407GIiPvyplzjTcciHUP9wUVEREREREREREQ8nNPpdHUIHcabjkVE3Jc35RpvOhbpGCoAi4iIiIiIiIiIiHg4b/ru35uORUTclzflGm86FukYKgCLiIiIiIiIiIiIiIiIiHgJFYBFRERERERERERERERERLyECsAiIiIiIiIiIiIiIiIiIl7C5OoAREREpOtkLPgV64qu3i4sZR7zbg3r/IDaxE7B1mWsSM+loNzeabHtfvtXLD05lXnzpuAuRy4iIiIiAHaKt6ez+NMD5BfZqQEwm4mJi2faHZNIDG3f11vZSxeyqHAkz/56ChGdEq+IyLWwU7x9Pcs27ye3wEaNg+vKdR6lKIP5L+yksNUGMcxZmEpi1wXEmhfeYmVECq8/nNBle+1y9iKyPljHml1FFJbXLfINCSPx5gmkJsdivcbugzrPirgHLz5riIiISHOT5jzDOEejBXvSeO69Iib++GdMalT1NJmDujy21th3L+O1fx0iatJMnpzYlxAXx1b06QIWpBcx/OE/8vDwdq58fAvvZJYxatpU4tznLRYRERFxY+VkL32DRTkQN2kSc3/Un1AzlBbmkPnxThY9v5e41JnMnRDi6kCBUnLWZpDVYwyzk2JcHYyIeBLHCTa8+j7LDsPACSN5IjWBiO7umuvaLn/L+6SfiyX1jgSsbWifkDqbWcNaesWEpYNj+9Y7uZHn/ncb+QFhpNxzL08MCsHXVkLujm2sWbOKedtG8swTU4hRBUnEY+m/r4iIyLeIKTCIJnXHQBNgIiAoiCA3LUjmZO+mMu5+Hp023C0uXMIm/oxnxtsxBVzDyucOsiO7iLBbVAAWERERaZOCz0nbVUviD2YzZ1Rgw2JrUDIzBycz7ZsMsnu4S0HERn5OHlkRscxOcnUsItfJXszBr3aTdbK8Tc27947nprEDCHGHD20e6NDqVSw77M+MubOZ1vvS8ia5rpu75Lq2Kz6YR1ahlWl30KYCsG+gFas+K3c+xwGW/GUb+eEjefapKUTU9/QNsjL+tv6Mn7CTRf+TwcJ/RrJgZjy+Lg3Wg1woIHv7XvaW2NrQ2Ez4oHjGD4siSBO1SifRKVlERETcWBElRUBvi/tctPgFEOTn6iBEREREvh1K8wooJowZCYEtvm4dNoXJXRyTyLdBydZ1LMo43/YVduVzwP4Av7w5uPOC8la2bazJLCd0UmqT4m9jynXSkWp2bCOz3MqMnzcq/jYWNJJZd+7lyeVfsGFaPCltqd4Lez9ZxT92tWOFXQc45TeHfxvSaSHJt5zbfJcqIiIibqJ0Ey/9/kO46xmevLnZrbfVO/j7/Hfg/t/x6JgyMhYsYF3vB3km8Sh/T/uSgnI7mEOIm/QgD97alyadZO0l7Hj/LVbuLKDSDqbgOKY8+CBT+rXclbZ+qOW6J0v51a8Awpg6bx5TwqDyyCbSVmWQe7wSOyYC+sQxZXoqExttr35e35/d78vGVRnkHjeR9PNnuPMKI/JVHsng7+9kkHvWDqYAokbO4KH7RxFS/6Fo91J+tbSoIQ6KMliwYB1hM59hXMFS0j4/Stllx7ebpb9ayu6Lm1i34FesA7jhYf74g+FQeZRN760kY8/F9yYwirhbpnHPTYN0J6iIiIh8q1mDrcAxsnPKGT+q5SJwE45ScjPWsmTDCYpt4BsYwvh77mbWqKv0nLMXkfXeGpZll1BhB9+QSKbNnM60/k33WXowgyXLd5NTYgfAEh3DtDtTSMhLY/7HpXWNitJ5bG46YGXGr2czLQwRjxMS35+oDbsocFy9LQDG7twwRMXfa7InjxxHINPGtHHo+Jw0Hnuz9PL8kpPGY29yaa7c+nY/n4Lv5s9Y800JvkmpLLjb/+L8tlN4PuEEi9ce4FBJGLP++0GSzVBTvJNlb28k65idGqOJ0MHDmf2DKQwMaLb/X6ZgyUgnLaeUGgdYovsz8+F7GR9S3yb/4go7mT93JwCJj8xlznVNqVvUKPbDvJyWR6GtLmen/uhBJlvzWPP2OtbkllNjNBExZhJPpI4ktP5zdaPYfdeuZeX+8stjv4LiHWsvvl92MJoI7RvLjJl3XFyvhPQX3yCN8Sx4KrlZj2cbWX9/hcW1k3jpsTFYaHY+MZmISZzEnMaxQtvOTZV5pKfV/ftW2OvOewm3JjPzCnP4ZuecgLCRJF7h/GQZEUvC8o1k55SSkmxt8t4vGF3EovdyOFQKmANJmDyV2bf1b3mY7txVPPl6HomPPcmsuGavFaTzmz8dJvGJn5Dat/VYPEXs0BgCduVT2dYVLFHc4AXHLe5LBWARERFpyprExKEf8k7mRgpuvpOoRi+VZW0i1zyORxMDgLK6hcfW8eeCvtzyw3nEB0PJzg9ZuubP/KH0cX5336C6No4iMl5ZwDrbKO7/yUPEB8OprBW89ZeXqPz50y0WZOuGWi5g419eY1P4/TxzXzxgIiAQOLCSBX/bgu/I+/nxv8UTQgl7P3mHFX9dQMmPnmFGbOOgN/H3vwUxcNI0UieG0DfyCsdetoml/4hi1N0/I7VvACV7PuSd997htcAwnp4WdYUV4dAHL1IUP5WH5z5MiO0oG1emse6v7xDy7KOM8osj9ZlnuKf5nMumuvdxyxt/5sOyS+9NyaEtrFv9Fut6/Y77m39AEhEREfk2iZ/AjKg8Vr79V+bnjGTGlAkkRATi2+KX2uVkv/0Wiw5aSXnwQVL6BVK6P4NFy97g5Zqf8MS4VgrIjhOsefkdVtr6M+un00gIgcIv1rHolbeoaPSldEVOGvPfzMcyOpmnfxxHKCXkbPyMlWlZxP3yQRZMOEH6K6tID09mQWocYMLShpq1iFsKTeKJx2t5+bXdVy8CG7tz6+MPcKtudrgmhcWlQE9iWun9e33KSX9jFdZBw0l9YBSh0ZFASd1LBzP5w+FAEm+ZxOSeIcT5Aicz+MPCnVSMSmbuD+IIpYjMtHX84U+1PP2bFAYaG2339bXEjLmJp+fHYCnJJe3tTBYvSifitynExN/Bgv+yk5O2mCWnEpj78/FEAL7XMpVSSw5m8nL5YGb8bDYDyWfN8nSW/eUtsnuU4jtmGs8+EELF/nQWLctgUUQMz0xsXNmtIvPNVYSOmMTTD8RgPZ/PmrR0Fj//BhX/+UMmt9LbtXTLW8x/r5SBk2/hmUl166Wv2sjiF96i4j8eYrI1hMk3R5K2bDfpBcmkNv4KofQr0r8xkXyx+Ft3PjlFTMO28khbmsFv/mZvKBC37dxUwoa/vU9a2aU2xQd3svKDdawMi7284ApAEcWngIgwIq70HpvDiLBCev4JmgzgfTCT5wojmTHrIeaE2Dm0fh1LPn6fxSE/54nR5su3EzeS5JADpG/Zxsy4MU2Gk87J3Etx9GhSvKQIahoyjV/ft4oX3iu4ehHYEsW//XQ6Cf5dEZl8W6kALCIiIs2YGJUykXUv7mBH/p1ENRRnC9iYWUDIuPuJa/yFW2kYt/zfBxl38YNc0M0P8xQv8dzqNWy69UkmWqHs83dYdzKO+xu3u/VxHq38A39ev4PbHxl1+UWJXwBBft0J8AFMFoIaJikuY9NHWygbfD+/e2DcxV7GQYx74Emo+L+s+GgTU2InXprruDKAsT+fd8Vevw0qQ5j0y8eZePGzTdD4h5m671e8cyCXEqK44s3A8anM+179p6vh3HlvAbv/lEHuQRg1tG6e5ZbnXD7KwSMQ90Aq42Lq3oWgkXfy+A13gnr/ioiIyLedMZJpTzxE6AfrWLl9J4t21fUis0RHkjxhAilj+mOtv5DMzWDJLhMpTzzUULS1jr6XZ2rf4clPPid/XAotXRKWZq5jZWEks569l+SL16rW2x7iiYq/8oeMbcx4dAy+jr2kLc+HESk8OzPh4hfYVpLv6894ux1fkwnMVixGwGTBGqTxMsXzmXrfzJzUs/x++ZWKGWYSUu/hu719ujAyaTs7ltGpPHt3C9mvsicznn2wIe9BCenv7iR/8CRemnmxCImVaT82U/F8Gmt2TGpU4LMTestDzK0vrAaNZ84d+Tz2dj45xRATGog1CCwmwOiDNcjapjmAs99cyGMtLI+4/SGeva3RHQaOGFJ/nEKCESCBmbflsuHNfIpHp/L8xIvHOno607JfYcnXeyid2LhHrg2GpzK3/kuCoARmPmGiZv5aVn68l8nfj788AMdeVq4twjqx6XqpP7bC82kN6/mOvomUj9PI2pZP6qUvU8jfvJv8kPi6guzF84mlybZGMvspOxXzt7GmYAypUW08N1FAbh4kzJxOct+6k6F1VApzR6R0wPcJ/ljMgN3e7L2IYda/T7/43kPi3VPJ3/MOa/YdhtEtvHfEMOP2SNKXHSDLNobk+j8h2zY2bLOT8MDYNv1teIqghOn8ouQf/HHDFYbQN3bnu49MJ7Fb18Ul3076WlFEREQuFzmJpD5lfPVF7qVluVv5qjSOW25p1hN28HASm93FGzRyLH0p4OABO1BGTk5Bi+36DuwLeYc40p7YynLIOQ5xNyQ2HWKaABJviIPjB9lb3Whxz1GMa+NIWoQNJ67ZJ4+oyDCwg73lNRoMHNrs1treUUQCNVcdMi2MqDDI3fQhu09UYq9vr6s0ERERkTqmMMbf9xDP//dc/vLbe3ni7gTiTKVsSHufec+mkX2xMpWbk0eFdQCJzXoSWQZEElNSwKGyljZeSvbXJTA4lvHNrlUHDgqDwyc4BHDwANmVJhInJDTpvQTUFX9FvFRA/HR+Mbl7q69HTZ7GI/EtDvwqbiGQ8eNb+UA8LL5R8Rco20P2MUgYkdB0KF9jDHH94dDh/EYLrSTGNbtFOiqkrkdpW4cNb0FC6mwW/NflP09PbNa9fHD/hgIkAOF1+44Z0PhYzXUFzHIbFU1WNpM4stl7Yoxn/AgTFfuO1eX85g4eILuypfViSBxubrReDCk3h1D61U5y6t8Hx142fFFOwm031d2E1Nq2AgYwMKKcQ3mltPncRDgxYZCzcS3ZBeWXvn/okO8TqqiwAc3Pcc3feyKJieLyQnEjvqNGkhxwgg1ZJQ3LSrNyyOmRwLRRLfQa9nDhk+7hkWGtHVfdTTMaMUG6gq5QRUREpAVBJCXH8eE/t7BjRhyj/Ozs+OJLSHy0oQdvAz/L5RcUQd0JAorO1V3cV1YAR1bwH79a0cK+hlPVntAqK6kEgvwvv4wx+ZuAIsrOAfUX0z7ufrkTxpSf/QzeSSPtlS1U2uvmM554651MGXqVCYhERERE3E1RBvNf2Elh42VhI3n211PqCgNN5oW8aEQKrz/ctkkhfUP6kzCxPwkTgZIsXv5TJov+tZfXZ8ZTUWmH0hz+MDenhTWtVFTCpWFi6tmoKAfyNvLTuRtbWC+mrnBgs1FBIKE92hTmVWUvXciiXU2XXZob8+I8i0VN49d8wuIq4ZPu4ZGid3nzG1uT5QHDvsOcSeEuisp7RIRagTPkn4TEDh8G2tTKkPmAsVmv7cq6Qumh5a/w2PIW2o9o1yf3a+IbaMV6WZ7uaP5YWhiK2tojEEpLKW1pFZuNilbWs1j8m6xnHZ9AwuqNbNhhI2G0mZodO8kklifGBDbalo30lxeS3sKuIirr/p+16dxEGNOeuBfeXseSl/9Khb1ubvqU26YwbVhr3yeEERoOFBZRCK0PA20rorAUBsZcaR6tNjLGM3nCRp7bvI38iSnEkE/65hJibr670bDi3sRCwn3T+O6Z9/noZNNXdNOMdCV3/0ZUREREXMQ0MolxH/ydTVlljLphB5v2hDD2qRYmkKmuwE6zi4qy85QBIT1CgEoCLMDQ+nl8L9sT7ZoGKCCAAMBeddleLy4LIaiDvpjrMgF9mfLoPKYA9vICcj9bQ9qbf+DoA//No4m6XBMREREPEprM0/81hprGy4z+l4Z3vDgvZBOma5woN2Q84wdlknOyiGLisQSYIDS+Ya7JZjtpZT5ec93yYfXz9rawHoDZjIVyihvfaHgdElJns+CepssuzY0ZRsrPZ5PcpBed5hMWV6orZtxbsYb38+qKUwH9R/OL++Lb91lOWja0PwnGfLK25TOjTXMXtay09AJwHWPKBpixUJefZg1r4fVrzdVup6ruhqBmSs+VgzWm5eGIzWYsraxXUVHVdD3zGCaP+ZyXN39F6eihZG0+QeiE1Eu9Zs1mLASSPOdBUlq4f8LXzwqUtu3cBBDQn2mP/YRpQE35CXI2ZLDk729waGYrc/ICiQmRkHOAzIIpTecqbnxcO/aSQwipCR0zQHPMzcOJ2bCdDbkpzGInmecimTnei296N4Zz6yO3UvLap9R3fA4ZfatumpEu5ZX3V4iIiEgHMMZx47gQCjI3siVzCwV9kpjU0o2f+3c3DLtXr+zrHRwlikGxJiCIhIQoyMunIDCIoKDmPwHtuyMtKIGEPpD7dXazeagqyf46F/oMIt6vncfaVcwWAqikssmN0/YmIyWZAqMYPm0GE8Mgd//Bro5QRERE5PoYzViCrHXzPdb/BDb6AtoU2PS1ICvWgCtcDRblkJlX3vJrjr3kHqybDzgUiEvoj6W4gHyH9fJ9BAW20gvOSuINIXD4FPmBrawHMCiWxAA72Tv2thBH/YOLxWSbrWkBvAW+AZfvy9LobfC9LJbW4hfpIsZwbnpoGt/t40NAnxH84qFxhOtvsmOYxzAtOZDijemsOdlyk5qCnWTXjwrQYjGynJy9JS2s2Q5BQ0mMhkNHT7SQC6+Sq1thCTCBrbbZEMyuZiN7Z7ORKBwHyMqxYxkSzcCWVhkUS2JAS+vlk73bdtl6CcnxhB7bTfqWbWw4FsLkm2Oabauc3BO1Lb7PFjO0+dyEnZpG3yf4BkaSeOdUUsIgZ9/hVt8B31E3kRJSTvryDApbGrK7bCdL1hZhGT2ByR01Qa91LCnD7GRuyWLDlgMwZiTjvW/056b8Y/ne499hfHcfgkZ9h1/eFaubZqRL6TQtIiIirYpKTiLq7CZWbiwhLjnp8hHzAKxFrH/5Hb7ML6GsrISjWe/w59VHCUicStLFDwpBN00jyfQlS/+0gk0HCigrK6PsxEE2/evPPLd0x1Xn120qiInfTSJo/wpeevdLjp4po+zMUb589yVW7A8i6bsTW47THQwcSUJgGZveX8nuE2WUldvhxMcsmL+AFZtz646lrISjmz9kUxHEDR5Ut17uSp77/XO89nlJy8/JZeXvn+O517dwnR/5RURERNxKce42lr3yV+a9spb0b/IoLiultKyIQzsyWPQ/a8k0xjDrzti6xnHJzBhUQtr/vkXajotti/PI+iSN+S+kk9/KPqzJyUw2HWDR/7xP+v4TlJaVUlpwgPT33mDem9vqirnGeGbcEUbNl2v5zbIsDhVf3PaHbzGvYdtWEkeGQO4XLNpUt/+K9l3oirg3Yzi3zn6c/zc7ScXfDjbwrunMHFDFyoWv8If3MsktKKW0rJT8/VmsWbqYJ/+UwZpvLlaAB8WTGGgj/b1VZBfU5aLMZW+x8tj1VtNCSLkjHt9ta5m/vHEMmSx7+a8s2m67+iaaiRvRH0tpDsveyyG/rLRuTtkrqCmv2+flP+VXvbGm7cywexULP6yLqbQgh7RX15FZaSVlckujltFwDijd1Hy9VaSfD2PG7c3WixrD5Ohy0t/LoXhYQtMi6sVtFa5exsIPd9adT+rPay8sJq2grlmbzk0F65n/28Us2ZRzaTubMkgvgoQhA1p/C4wxpP5oPHHndjL/2RbOmf8vg5yQMTz9QPxl895fOzPjk2KxfJPJsm8CSU5u5b32Nv7xfO+Xj/Nfd2vEBOl6GlNQREREWmdN4sa4D1lxbBwTR7Zy2RA9lZ8lFrD0rQWsKLWDOYS4Wx8n9ZZBly40jIOY8Zun6fv+W3y49CU+tAGmAKKGTuHBe0a1/4IkdgbzfhJC2qo1vPrCCuzUzZs744mZJHXA9DSdxjiIGY/dyfklH7P0xS0QNpV5827n8fvtvLP+HV5dXVk3nHZgFHH3PMnM+uGf7ecpKy0joNLe8nPsnC8to8xc2c5iuoiIiIh7C534Q14amkP62m2kL99L2sXOwL6BgcSMSOaZO8YT0/CNagiTfzybiIy1LPvX+6SXA0YToX1jmfGjW2h1YFVjLDP/8yEGvreGtDffIc0GmEzEDBvN7PvGNHz5bU16iGcD1rJ47Rf84flMMJqwRkWSkjq+YdvWpHt54tT7LF7zPr/5oPG8viIiV2CMZPKcn5CwfT3LNu/k5S+yqHEAJhMR0bHMfCqV5OiLVURjLLN+Op7Sv21n0Z8O1OWrcSk8c89u5r19nXEMvoPnfx3JsrczefnFuhh8A0NIuHUKM0ddQ4F58B3MvTuNRR+n89wWiLj9IZ69rfVx9HPSFjMvraVXYpizMJXE9kfQAn+SH0nBkpHOH55Np8YBluj+zP71dMaHtr7WpXPAep7bYL94fonnif9MIeGyu9BDmJwUSdryMyQnj7msiGpNeojnwzJY8t5GFm7IoAbwDQkj+fbpzKgfkrkt56aoW5j7vXQWf7qehR/Y67YTGELCfanMbmX45wa9k5k7fzBZH6xjTf05E7CEhTH+nlSmjYvB2tE3esSNJNl6gPSQ4aS0MvS0iHQcg9PpdLo6CBERuX47d+e1q31wNz8MBkPDD3DFxzR+DBhopV2j31db1vxxW55fbXlr2ts+wOL+90idOn2O8F6dPNmtI5cVv/s7Bbc+w5M3N/9EU0TGggWs6/0wf/zB8M6NQ0Q8Spfkp3Zyx5hEROq5Y45yx5hE5MrOl7nXQLvXq3uQpdXX3DFHuWNM0kxOGo+9WcqMX89mWgfM537FXS1/iZcLR7PgqeSW5xX+NirN5LlntxPz2JPMamlqYxdQ3nQvlRo6pUNpsA4RERFpVdnWDL60xTFxvNsOqiwiIiIiIiIi4j5KM1mzzU7CzWNV/G0kN30n+SHxTHaT4q+It1MBWERERFrmOMrGTUcJSExilJ+rgxERERERERERcX+HPtvNIXMsk69l2GxvVbmN9C9txNw8pvUpGUSkQ2kIaBERL6EhoK9MQ0CLiHQdd8xP7hiTiEg9d8xR7hiTiFyZhjJ1LXeMSUSuTHnTvWgI6I6lHsAiIiIiIiIiIiIiIiIiIl7C/bs3XUX+8SKOHD9JQWExR46d5PDRQgb0jaBfdG+iIkLp16c3MX06eUZ3ERERERERERERERERERE34NEF4OUfbGB95k4cDkeT5YePFnL4aCEARqORW5JH8v27J7siRBEREREREREREZFOZzCAt0z2185ZnEREronypngzjywAHzl2ihdfW0F5RRUAd6XcSGTvUKJ69yQivCeFp85QcPIMJ04Wszp9K59uymbrtj089fj99IsOd3H0IiIiIiIiIiIiIh3LYDDg9JJKhkGVDBHpAsqb4s08sgD8+xffBiDQ4s+s709l1PBBAOw7eKxh0u4xIwbDiMFER4WxZPk6yiuq+P2Lb/P6wrkui1tERERERERERESkMxiNRhyOWleH0SGMRqOrQxCRbwHlTfFmHvcX8dH6LwGI7B3Ki8/9rKH4C7Dv0DEWLPon+w4da1g2avggXnzuZ0T2Dm2yvoiIiIiIiIiIiIi3MPl43Fe9rfKmYxER9+VNucabjkU6hkf9Rew/fJz312wG4KnH7m3XuvXt31+zmf2Hj3d4bCIiIiIiIiIiIiKuYjL5uDqEDuNNxyIi7subco03HYt0DI8qAH+ZnQvAg/fcQnCPoHatG9wjiAfvuaXJdkRERERERERERES8gdFoxOTj+QUAk4+PhjIVkS6hvCnezKP+Io4ePwVAfGzMNa1fv179dkRERERERERERES8hZ+fydUhXDdvOAYR8RzekHO84Rik43nMX4XD4SC/oIgAfz8iwntetf2+g8cuWzZkUDQB/n7kFxThcDh0R4SIiHg0g8GA0+nEYDC4OhQRkQbumpeUM0XEXblrblLeFPFMJpMPJpMPdnutq0O5JvXxX4m75iblTRHPpLwp3spjCsD1RdvwXsFXbbs6fSur2dpk2bw53wMgvFcwR46dIr+giH7RvTsl1tZkf32ARUtWtbn92JFD+OEDt5P+2TZOFZ8lMSGWkcMHdWKEIiLiSYxGA7UOJyYfXcCJiPuodTgxGt0vLylnioi7Ut4UkY7mb/ajvLYSp9PVkbSPwVAX+9Uob4pIR1PeFG/kMQXgYGvdnL/lFVVXbDdkYPQVX69fv357XSkkuDs3jhnaZFnJ2TL2HTpGz5DuDB7Qp8lrA2IisNc62L3vCAfzCujVs4cKwCIi0qD+7kSTj0a0EBH3YbfXXvXuY1dQzhQRd6W8KSIdzWg04O9vprLS5upQ2sXf39ymAoXypoh0NOVN8UYeUwC2dg+kZ0h3Tp8ppaLShiXAfFmb6VOTrtZ0ztMAACAASURBVLiNikobp8+U0jOkO9bugZ0Vaqv6RYfz6IPfbbIs++sD7Dt0jAExEZe9Vu/XP3+gK8ITEREP42cyUVNjx9/s6+pQREQa1NTY8TO538cM5UwRcVfKmyLSGXxNPjj9/aiqqnZ1KG3i7++HbxuLE8qbItIZlDfF23jU7Uj1QzYXnjpzTevXr9fVQz+LiIh0Bj+ziSpbjavDEBFpospWg5/Z/T5YKmeKiLtS3hSRzuLnayIgwIw7T/toMEBAgBk/37bnQeVNEeksypviTTzqXzwyvCfbgX+tzWTeT7/X7vX/tTazYTue5LW3PuSrnfuYM2s6iTfENln22A+mUVxSyicbt3OhvJIe1m48eM8tjBw2iG279rHyo0xOnynFz8+XSRNuYMZ3b8LP79JdaA6Hky935LI6fSunz5zDYICYqHDuv2viVYfTFhER1zL5+GAyGamyVbdpvg8Rkc5WZavGZDJi8nG/oaWUM0XEHSlvikhn8zX54GMJoMpWjd1e6+pwmjCZfPA3+7VrXkrlTRHpbMqb4i08qgfw9KlJREWEsu/QMZZ/8Fm71l3+wWfsO3SMqIjQqw4V7UneXbmejM3ZxMfGMKBvBKXny/n7so9Y8s91LPlnOuG9ghk1fBA+RgOfbNrO6k++aFjX6YS1GVn8/Z2PqKisYuSwgYwYOpBTp0t48bX32P71fhcemYiItIXF30xFhWfNTyIi3quiwobF//KpWtyFcqaIuBvlTRHpCkajAUuAGUuA2S0KACYfn4Z42lPEAOVNEekaypviDTyqBzDAw6kpPP/yMj7dtJ2B/SIZM2LwVdfZtms/n27a3rC+NwkLDeaJ2fdiCTDjdMJbaelszsph+679/PSR6Qwb0g+AXd8cYtGSVezZd4TbJ48l0OLP7tw81nz6Bf1jevOLH91Dt8AAAE6fKeXF11bw8foviY/t2+J8yyIi4h7MZl8qq6opr7ARaFG+FhHXKa+wYTQaMbvxnGfKmSLiTpQ3RaSrmUw+mEw+OBwO7PZa7LUOHA4HTqcTp7Nz9mkwgMFgwGg0YvIxYjL5YDReW58k5U0R6WrKm+LJPK4APKBvBHel3Mjq9K28unQ1B5JHcfvksQT3CLqs7dlzZXy84SvWZ+4A4K6UGxnQN6KrQ+5UY0cOaSjQGgwQHxvD5qwc+vYJZ1C/qIZ20ZG96N4tkAsVVdTU2AHYufsgdnstN0+4oaH4C9Crp5Vxo+JYn7mT02fO0bdPeNcelIiItEtQtwDOnC3D19enXfN/iIh0lOoaO+UVVfQMvvya3N0oZ4qIO1DeFBFXMhqN+PkZ8aRBipU3RcSVlDfFE3nkGWj61CTGjYrjjXc/Zn3mDjZn5RDeK5iwnj2IigiloLCYojPnOHX6LDU1dgb0jeCHD9xO77AQV4fe4YKtTf/z+lwcjsDaPbDJXR1GoxFDo6EBbLYaThaVALBk+TqWLF932bYNBgNnz5WpACwi4uZ8fIx0D7JQer6cYGs3TCbXD00jIt8ednstpefL6R5kwcfH/WeYUc4UEVdT3hQRaR/lTRGR9vG0vCmdwyMLwAC9w0L4zRMzWfHhJrbv2s/xE6c5fuI02TkHGtqEhlgZPWIw99850YWRuieH04nj4hgFQwZGE9LKXSA9rLo7RETEE/ibfXE6AzhbegFr90DdZSwiXaK6xk7p+XK6BQbg70FDSilnioirKG+KiLSP8qaISPt4at6UjufxZ57775zI/XdOpLiklGMnTnOsoIjoqDCiI3sRGmJ1dXhuK8Dfj9CQ7hzMK2BUwiCm3Jzo6pBEROQ6Bfj7YTAYOFdaTqDFX/MNiUinKq+wUV5RRfcgi0d+qFTOFJGuprwpItI+ypsiIu3j6XlTOpbHF4DrhYZYCQ2xMmr4IFeH4jHGjYpn2679rM/cwQ1DB9Kr56WCeWWVjfyCIoYMjHZhhCIi0l7+Zl98TUGUXaik5Gw1FosZf7MnzVAiIu6uylZNRYUNo9FIz+Agjx5OSjlTRLqC8qaISPsob4qItI835U3pOG5dAN57IJ+Sc+cpPV+O3V7b4dv3NZkICQ6ie1Ag8bExHb59dxc/OIaJE25gw+c7mf/HN4gbFE1QNwvFJefJyy8kpEcQc+d8j5AeGgZaRMST+PgY6WENxGaroaLKRtmFqroPnb4mTCYffIwGDAbD1TckIt96TqeTWocTu72Wmho7VbYaTCYjgRZ/zF5yN7Fypoh0JOVN5U0RaR/lTeVNEWmfb0PelI7htgXg9Zk7eOdf67tsfxNGx/OjmXd02f7cgcnHh+/fPZm4QdF8tP4rcg8ew26vxRJgJjEhlmm3TlDxV0TEg5nNvpjNvthra6m22amyVWMvr8XhcOK8OA+8iMiVGAwGjEYDJpMPfiYTwT0CMfn4uDqsTqGcKSIdQXlTeVNE2kd5U3lTRNrn25Q35foYnG54dln8j7VkZe8FYNyoOEYMG4g1KJAFi/7JkIHR3JVyY5P2LS1fnb6VfYeOMW/O95q0bby8vLKKXd8cYstX3wBwV8qNTJ+a1MlHJyLSOXbuzmtX++BudXPR1P8AV3xM48eAgVbaNfp9tWXNH7fl+dWWt6a97QMsbnuPlIiIiIiIiIiIiIhXqaywuzoEr+J2325/vedwQ/H3+d/OJjSkbl7afQePNbQZMujSvLT22lp6dO/G0eOn6GHtRnivYE6dPsvR46foGdKdQf2jmox3vjp9a8PjxIRYEhNimXTjCJ5/eRmr07cybEg/BvaL7OzDFBERERERERERERERERHpcG5ZAAa4786JDcXfKzH5+BAVEco3+47wVtonDcurbNUkxPdv02TXA/pG8MgDU3nz3XVkfrlbBWARERERERERERERERER8UhuVwA+nF8IwOgbYtu8Tn0BeN+hY02W9wzu3uZtDOoXVbf/o4VtXkdERERERERERERERERExJ24XQH4WEERAL169mjzOidOngHge9MnERMVTl5+Ie+t2UxR8bk2byO8V/DFbRW3I1oREREREREREREREREREffhdgXga1FcUgpA/5gIBvWP4kJFJQBFZ9peABYRERERERERERERERER8XRXnyDXzV0or+RMyXkA+sf0BuCGoQMAOHX6LBWVNpfFJiIiIiIiIiIiIiIiIiLSlTy+AFxUfI4au53gHkH4+PgA4Gsy0S0wgJoaO6dOn3VxhCIiIiIiIiIiIiIiIiIiXcPgdDqdrg6iscfmLnR1CLy+cK6rQxARabedu/Pa1T64mx8Gg6HhB7jiYxo/Bgy00q7R76sta/64Lc+vtrw17W0fYPGKWRJERERERERERERE3F5lhd3VIXgVj+8BLCIiIiIiIiIiIiIiIiIiddyuB7CIiFwb9QC+MvUAFhEREREREREREXFP6gHcsdQDWERERERERERERERERETES6gALCIiIiIiIiIiIiIiIiLiJVQAFhERERERERERERERERHxEioAi4iIiIiIiIiIiIiIiIh4CRWARURERERERERERERERES8hArAIiIiIiIiIiIiIiIiIiJeQgVgEREREREREREREREREREvoQKwiIiIiIiIiIiIiIiIiIiXUAFYRERERERERERERERERMRLqAAsIiIiIiIiIiIiIiIiIuIlVAAWEREREREREREREREREfESKgCLiIiIiIiIiIiIiIiIiHgJFYBFRERERERERERERERERLyECsAiIiIiIiIiIiIiIiIiIl5CBWARERERERERERERERERES+hArCIiIiIiIiIiIiIiIiIiJdQAVhERERERERERERERERExEuoACwiIiIiIiIiIiIiIiIi4iVMrg5AREREroed4pyNpGXsJueYnRoAk4mI6GiSU6YwebAVX1eHeN3sVJSVU4MJS1Cga4+nKIP5L+ykZmIqz98d02KTwk8WM/9jmPHr2UwL6+L4RKQNiljzwlusLIphzsJUEtu1al0O4PaHePa29vwHr99nG5qOSOH1h+PbnveuOSYRkTYqyyczfSNrthdRbKtb5BsUQtyYUaTeNpIIczu3d515K3vpQhbtsrZ+rXVx+4UjUnj94YT2bdxeTmmlHUyBWAP0lZmIiIiIeC5dzYqIiHiscrKXvcGi7TZ8wyJJvn0AA0Oh+PBhsrbnkfbqYtIn38uCO/u7OtDrtJcl/5VONtdQrOkkxZtWsWjAD5mTEOjqUETEI1hJvHsKoZWXlpTuyiQtx8bA5ClM7teoaUgMLee9UnLWZpB1LoqUmeNp+RYUEZEOdnIjz/3vNvIdZgYOS2DyiDCsZUVkf32YnA0ZzN+8l1nzHyTZWy6J9q5l3pv5F2/GuVg8PpbF4s0FhI6YwoxhVtfGJyIiIiLSRioAi4iIeKqCz0nbbsOSMIXnHxmJpX75qPFMu89O8ReryAzx9OIvQAwpP5hCIlYGujqUBjayl68la1Aq4wNcHYuIuD8zEXEjiWi0pLB4G2k5NqyDRjL+sg5qLeU9G/k5eWQV1ZKoArCIdAkbWWu3kW+3Mu3fZzOj96VXxk8Eyg6Qll6CV90PFzOG2T+IvXgzzkXn8snank9ELxszhrkuNBERERGR9lABWERExEMV5+ZTDCSOaFT8bWAidMK9zOj6sDqBlYGjRrpR8ResUVZqCvJZvCiDmKem8P/Zu/ewqM5z7+NfYAABYRQRBRSDiII6CnhADWoMEa0aY2JIE5tEk2pb2zTZu9rutm+T3Z3uNmkbd3fSg7uNzclUk5IYD9EohlgJQYmK4njAA6IooIjoiIADA7x/DCAIKhiEgfw+18XFzFrPrHWvGblnue71PE+Ac0dHJCJdi+PlPRH5OjqB+TDgF0JM32ZWe4eRMLe9Y7rDjCHERHV0ECIiIiIiX50KwCIiIp2U0dsLsJCVuY+yqOaKwA2ZWb4kiQz/SF78j7gGvdCaLrfPqxbM4v8eTcG7W9h41D4Ppd/g4cx/NI5w78ZbLtq7iRWbjpFdbANnAwGmcSycF0Nw3VmGOZFFb+US/fhCYvPWsyqtkCJjJD+fUshv3s/Hb0oCL81q3Jetcs9qvr8qn+AHnuL5STb73Jk0iL26mPTEdSRmFmOxAu7uBI8cw/zZMQR73CA2wLN/MDMfmEF8SF1XlcL6bT//eHc2Ju7EfNqGacESFt9kyjhP0wwWmzbxwuZ9rEiO4PmpgTd99y2n09m4bi/pp0spswHuXpimTGPh1JBrn1v9+/QU0UfX8PZuC5XVYAyPZPHjcQScTWbFqgOYi+3z0pnun82zsY33e8vPQkRurLqY9I82srZujkuDgeBho5iXEEtok57+Nor2rmH5RznkloKrly+m6XEsnBDcRvOUFzbKe2xdwQubLbXrclm+ZBkA0QuWsLhP81soy0nl7XV76ueHN4aYmD8/HpN38+1FRJrywugNFOWQfpZGPYCbU1Cbq6KvO4+60fI7n0uvqTu/XfjLSIreS2ZjVum13PjteEx1eb7R/MTn7OfJdcexeSWLNgNNzqdFRERERBxPl+ivcvVqBQePnGTNps95+Y+r+flv/s4zP/8jz/z8j/z8N3/n5T+uZv2WNI6dyOvoUEVERNqM68hIYrygzJzM0hdXsmLrPrKL7BezvrorJP19PekMZM68WOaYvLBk7WPZ79dgtl5rVZC8gp+9e5hcQyBzEuKYHx8IB1P51WvbKbhui7mbVvPa58W4BgYTc1d3XEZHEusBRRlZZDdqWcy2z/PBOZD4GN9mYrOS/tabrPiyGM/wSOY/Hsuc4UYsGaks+/jYtdi21sXmT/wDccyfHoJfcS6Jf3qTFQet123yGMv/NxXzJR/CR4UQ4Fp6i/fHQMDU2cwJgtzNa5pur9G2d/P2a6mkWrww3RfLwsdjmOJvw7x5DcuSC5s0z/poFYnnApkzL5b4we5Ysvbx2t9Xsuz/DlMWPoqFD0QQ7F6K+aM1vH302uta81mIyHWq89n4v2+yIq0Q1xATCY/HMmekD0WZ6bz8UuO8B1B5ZAsvr7MQMDHW/jfpXEzGh4m8vDX/joTnZ7qbhY/HEG0E8GXK43EsfDyO+BuMA115cA0/+1M6GZd8iH0gjoUPROBXZOa13zc9FhGRGwsm9m4jYGHjsld54fUkko7mU9ZGeaS9cylcYO1r60l3D2Pe47XntzlmXvt7KpZm29uH418Yaz8fNZpiWPh4bU69QxGKiIiIiLSVTt0fxHK5lO07Mvk83cwly5Vm25y3VnD+wiWyT+azIWkHA/r1YdL4EUwaN6KdoxUREWlj7hEs/LGBgPeS2ZhVSPrmZNI3J9f2WhvOzBmTifa73a/6Yiz9E3jpgdrqQlQM0VtX8MLmHFZtzbX32LXuJnGzBfwjef7HdcMgRxLbfz3Pvb6PpKOTmT/42haLrL1Y/MsEohv0pJsybjup2w6TmhVPaHjtwrzdbDsNfpPuJsa9udiOknEQGBTLT5+MsfegjYph5iOFFJX625tYd5OYZAFfE0t+HE9oXWyxu3nthe2kr91O/LD4a3NoWkrxnP4YL92iJ29j/sxcHE/uS0mkv7+e6J81PrZ67qOZ/4swjEZj/aKYkb2ofGETqZmHKYrzb3QRsaz/OF5dNNp+XCN9KHthE6k5hRi/+T2eHWvvuRzTs5RFb+ViPpwLg1v/WYhIY5V7t7M2D/wmJfBig7w3ZdBqnnu/Qd6rVXSqG/NffIzY2r/5mNgw3v7lelKTtpM+6bEb5K7b59o3gpi+hRQlpZNBd8KjIomuW9nkPpJc1q7NocwjmIX/UTdPeSQxI3341YvpbNxlwRRrvP5FIiLNCohbwEs91vPahzkUZJlJzDKTCLj6+hMbN5mZY4Mx3mbXgvbOpVCK66jHeHF67fleVAj8diVrc05jtkJsk/3VDsdvOMaK1GI8gwYTE+Xf1kGJiIiIiNwRnbYAvH1HJh9v3Vlf+O3Tuycjh4UyImIgPYzdMfp4QQ1ctJRwtvAiB4+c5NDRU5w6c46ViVtJ2bGfmVPHETV8UAcfiYiIyFfgHcbMRWHMtJaSe+oA5t1HST1QSG7mPpZnHiZ6wVMsNnndejtNeBET07hrWcCkSEybt2M+mkMRwfgdz8VcDX7hwXiWWq71nAjqQyjHyD5VCIOvXSTzm3B3kwJp8MThBG9LJzVtN/PCR+MKZO8+ShG+JNxzg65tBBEeAhkn9rJqpz9zRvbHz8MABn/86moaR3PssY0aXlv8reUxmphh2zGbczEXQXB95TWY+LjWFH/rtmdifkIWWW/lsvzd3by6aHSzzRoWf7GWYqkw4OkFVNqa9NgOHjjw2rDQzr3w8wbKg4kZ3eBz7ONLALkUWGrf9VZ+FiLSmPlgPs3lPc/REUS/n09GXd6rWzEsor5gAYBzGLGj3ElNycd8HGKGtVPgzSnKIasYGBZMuM2CpaQuxj6E+0HSiVyIvckY9yIijRjwG/UQL46yUVZ0muxDx9iWcZis04VsS0xkW1okL/5b3c1nrdTuudRIzOiG53v+BAQAhaVYLIBOlURERESkC+mUBeD1W9LYkLQD4IY9es9fsODi7ExAn14E9OlFlMle6E3ZuZ+UHfs5deYcf3lzHd98YAr3TYpusg8REZFOxd2L4MExBA+OYSY2LHs+4oVVuWSs/4JcU4Oeri1mJOD6se3c3e3zsdUWLSuv2sf/K0pZz9KUZjZRcI6GV9KCg5opsBrHED8snRUHzWyzjCbe+zCpu6wwbBxTbthBzZcp336Isne3sDFxDemJgLsXoaPGsfCBSPwMUFlhn/PX1aXpqY5r3QXK6gYL/X0Jvs3eK56mBH46dQUvbN3Osq2BLLy+QbWFrORNrPo8n4LrR5Zu5kKjn39zw143iLsZrf0sRKQhG5VWAEPTvzNnF/vv627WaO7v1NOzG2ClsrrJqvZVbqUM4GAqSw+mNl3vXEgBaO5KEWklA55+IZgmhWCaFA/WXNb+OZGNeftI3BvLs6Na3133dnOp0egOXKWsvLV7bOb8VkRERESki+p0BeD9h07UF38nxph48pF4AMqvWtm97yjHcvI4nnOG8xfsfV/69O5J+KBgQoL7YooYyKRx9mLxX9/ZwO7Mo7y/bhv+fj0YMXRghx2TiIhI2zJgHHU3U5Jy2VhkoQhuXACurrrBCgsFRUDfBousVnsBxNWAK+DqZj+NMJpiSBjZvekmfFtSdnYnZkIYqw4eIz2zmCle+0gtNxA7wd4b+IY8Qpi56HvMrLZSVpyPeWcqq7Yl8zOLjb88Pbo+tsoqW5OX1l9QvM2Cb3MC4mcw59Bq1m7exFqTjYanWJad61m2uRBX/2DmzAjDzx3gChkb0sloo/23zWch8nVlwNUdwNa04FCXI2vzXp2iwmKuz6xlZVftTdswt9wWdxd7rAMiWDixmRtvPPw1d6WIfHXuwcyZEszGd3MpKr5F99lmzsfg9nOpXy8voJjs0xYY0Mwdg+eKKQD8/Hvd9BBERERERLqyTlUAzsk9yx///hEAzzw9h5HDQgE4kJXD2k++4NSZc/Vt/XyNODs7ce78Rc6dv8j2HZn06unDlNgopt0zmu8+eT8BtT2J//j3j/j5c98iJLhvs/sVERFxSHmpvH2oD3PiwprOvXb2MBlFQEgA9m/LXvYeD0XFFFRTP0xfWeYxsprdeCnp6bnMeeDaRTnLLjNmwG9wiL14MDgEk3Mu5isQHhVJo8tvNhuVhhaeZoRHEut7jKTPk1nhlQ++JqaE3+wFVoqKruLnZwRndzz9QoiZ5UXRwZWsLbBf8Auui23PAbLjA68NA12+m/SDgG8wprasgDgHMnNxHLm/TibDDDR4N8pK7b1zTTMSmFk36mr5btJXAW01t11bfRYiXwflOWQVAkZj/d+KaVggZOY3yXtluw+TQYO8V+fgYVLLI68NXVpuJmmPFZwDMd2xGWYM2Cu7tb3emptzHMA/DJPvPgqKbBhHRhLe8Puh2kYlhpvfYCMiUs9K+rqNcPdsYvyuP5coJT0zHzAQOsBe/A3wMwIWCs4Wgqm2IFydT3rm9UOg1LrNXGo0hRG6Lp3spCQyRiU0nmKkOp+1m3IBL6JNtzG9R3NqR4Mou3KD4xARERERcUCd6mrgPz78FIDvPDGrvvj7pzfWknkwG7D3CB4yKJjQuwLw87VfzrlouUL2yXz2HThOesZhPtiwnZ27D/GfS59k9rQJVFVVsyk5nX98+Cm/+PfHO+bAREREbkP23gOkbksndZsXoYODMYUH4ud+hdzMY6QfLMbibGTOw7G1BY5Aok1ebNyWy9t/TaJsnD8UHWPjp7n2oUKbMOKZ/REvvB5B7GgjlWYzGzMt4BVMQlxtccR9NAnx+zBvTudnvz3NlPERBHtfITczh/TDFkzffob5g1tyJMHET/QlaV0uGcUQ/MDomw9ZbdnF8pfSKegbSGzkQEL9oMhsZmMheI4MsA9rWh+bmWW/v8CU8REEWE+Q+kUO2dXuxMyZfBvDYt+CRyTzv3mMrLcav6cBA/zxxELGh2+y6mIUwdYTpO7Ip6Ctir/Qhp+FSFdlpSDrMLmF+Wz77DDZgF90eO0NMuAaNZk521ezNiWRFwpN9rx3+BDb9haDVwjzpjbOGMaAUtb+9k2y7h6Kyf2CfZulEDwjjpi2/NtuxJfYsb6s/aiQVa+toSx+IAEBEZia9JILZubsYFLfOsayF98k5u6hmPyg6MQJ0vfk4znjKX4a2/xQ8yIijZSaSU/LwZzyKqv6B2Ia1B9TUHcqi/LJyDiMuRA8R8aTUHeOMbT2hrSkNaxwH4fJ+wrZ2/exraj5zd92LjXGMn/6MX61KZflv1yBaWI4MUHdseQdJjUtnwIrBE+fTUJQG70PESZivXJITdvIMtcxxAb5Ex4Vwg1nKxERERERcQCdpgCcstM+b++kcSMYEzkEgF+8/Abnzl+km7sbzzw9hyGD+gNQVm7ldF4hBoMLfr16MHrkYEaPHIy/Xw82JO3gTMF5/vTGWp55eg4Pzojl4JGTnDpzjpSd+5vMJSwiIuKoQmd9j1dGppO0+RDpJw6z1nzYvsLdnWBTDAsfjCXc+1r74BmPsLB0HasyzLx9HFz7BpPwbBxZ/5PczFDERmYujqPg3S2sfbeUSmcDfiEm5s2Px9Sgl0XA1IW8FJjEqo8Ps21dPpWAq7cvppnTmNOKXnDGGBOmDdsxE0h8zC0KE8ZxLJ53mRWfHiN1cz7bwD4H8IQ4Fj5oqu/ZFjB1IS/5bWLFpmMkrcsHwLN/MAnzZxAfcmcqNJ6mBJ6d9H+83HAe3sGzef7xNSz/KIdt65Jx9fIldt5MTOvWsLYN991Wn4VI1+ROwZfJrMgEDAaCJ8Tz7IwGRV3nQGb+21P4fbSRtXvMJGbVtjPFsDghltDrUoanaQbP+u3ktcRU0q3U/13PG3Vn59o2xj7Cs5fWsCoth8R3cwiYHohpZNN2nqYEXvpROomJu0hPSiW9Gly9vAgeFcfCcSr+ikgLeY3m2V8Hk7EtlaSMfDK255NeO1S+p78/U+ZNI2GU/7VRBdxHs/D7FlasOkD6umTSDV6EToxjSfgXLNtqabL5r5JLA+Ke4qUBqSRuPoD583TMNsDZgDEomIRZ8cQPasPyrHMY878/mbL3vsC8LZUsglkcFUJ02+1BRERERKTNOdXU1NR0dBAt8d9/eJdTZ87xi39/nAH9+vDP9f9i6/Y99DB25/cvfLe+3e7Mo/z1nQ31z3sYuzNr6jgmj792ZWTRkmUAPLfoIYaHh5Cycz8rE7cyoF8f9QIWkU5r34GcVrXv2d0NJyen+h/gpo9p+Bhw4gbtGvy+1bLrH7fk+a2W30hr23t4dpp7pNpcxjvLWJ4ZzOJlCbqwJSIiIiIiIiIiIndceZmto0PoUjrF1e0duw9x6sw5xkQOYUC/Phw+lsvW7XsAePbbD9a3W187py+Abw9vqmtquGS5wrsffErf3r71PYSfeXoOf3pjLWs/+YLQuwKZlLmYPgAAIABJREFUNG4Emz5N59SZcxw8cpJhQ+66Y8dSfrWC11as4XhOXrPr3dxcGRgcwIz7YggfFEwr6xUd5uTpc3yWmoGXpwf3x4/D06NbR4ckIiIiIiIiIiIiIiIi8rXTZMYoR5SeYR/ScvDAfgDsNR8DYO6sSfQPsg8NVH7VWl/8Xbr4EX77/Hf4/QvfZcGj0wFYu/mL+u2NHBZK7NjhnDpzjt37jgIQVrvtw0dPtcMRgYuLM6aIEMaPHtrop2/vnhw9cZrXVqwhNX1/u8TSFoovXmbH7kNkmI9RUXHtLo2/rfyYRUuW1X82ncmGpB0sWrKMv638uKNDEREREREREREREREREWkRh+8BbKuq4uCRkwCMGmmf+zf/7AUAIodfm9Cu+GIJAL179ajv6Qtw95hh/OPDTzlbWNxou+FhA0j98gDHcvKYOM7EyGGh7NxziOMn8+/o8dRxc3Xl/vjxhAQHNFm313yMv6/6hKTte4gcPgjv7p7tEtNXET0ijNeXLenoMEREpA1EP7mE1zs6CBERERERERERERG5LQ7fA/hySRkA3l4eeHf3AODUmXO4uhro27tnfTtnZ/tYyZW2pmOEV1ba6tfXCb3LXng9nnMGgKC+vRrtryOFhwUTFOCH5XIpRcWWjg5HRERERERERERERERERDoJh+8BXFeQ9e3pA8C58xe5aq2gX2DvRu38evWgh7E7lyxX+GLXQe4eMwywzwsMEDogsHF7XyN+vkbOX7Bw/oKFnkZv+/6udHwB+EZqaiDreC5rNn5Obt45amrsPZ4fmD6BMZHhjeYLvr5tdXUNRm8vRkcO4YHpE/Do5k5ObgF/+OuHBAX48cjsyaz95AuOnjjDyKGhPPnINP74d/tcxYvnzyZ6RFj9ti9ZrvDSH1cD8LMfPkYPY/dG23p24UN8mrKn/r0H++ewfksaHt3c+ffvzqWn0bt+G9978n4+SU7HnJVDdXU1AwcE8vRj0/Hu7sm6zWl88aWZ8qsV9DB257EH7yVqeFijYy2/amXd5jTSMw5zpbQcNzdXRpnCeGjWRHr4dK9v97eVH7Nr3xG++8QsLl8p45PPvuSS5Qpubq5MGD2UubMm0c3djYz9x1j+9vr61+3ad4Rd+44ANHkvRERERERERERERERERByJwxeAPbq5Nbvc4OLS6LmrwYVZU8fx7gef8tZ7m/nHh59SWXmtN/D98eOb2UaDDtBOTVZ3GPPhHHLzCukX4Eef3r71y3fty+LN9zbj7OzM0MF34dHNjSPZp1nxj00UFVuYERcD2Iu/Gz/dyfotabi4OBN6VxB+vj7k5hXyWepeLJevsOjxWfXbPXe+mD/89QOsFZX4dPeiuqaGysrKr3QM/QN7M370UI6eOMOF4sv0D/KnX4Afbq4Gunt51Le7XFLK//7tA3r28GbUiMEcy8njeE4ef35jHd7dPcg/d4Hh4SFctFzhxKl83lj1Cc8t8qifs7ms3Mqf31jLsZw8evfqwbAhd3Hh4mXS9x7mRG4BP/ruw/U3D9TZ9NmXXCi2MCS0P/S3F8r/lZZJpa2KJx6eim9PH8aPHsqZgiJO5xXSy9enfv7p67clIiIiIiIiIiIiIiIi4kgcvgDcp3dPurm7YSkpbfS8pLRpT93J40fSt7cvazd/wdnCYrw8u9EvoDdT7o6kf5B/o7ZXrRWcPX+R3r2M9O5l5Nz5iwD4tNN8uxWVlWxI2tGoGFpdXUNO7lnOX7hEN3c3ZsTF4OnhDsDp/PO8t3YbPXy689yih+jrby8M1xVA//VFJqNHDsHfrwdHsnPZ/NmXeHl245mn5xB617Xez/lnL4ATjYbELrlSzqgRg5n/zXg8utn3V3614isdX+TwQUQOH8TfVn7MheLLRA0f1KgIf8lyBQCbrYpv3DuW++Mn4OQElsul/P4v75N3tojgIH/+c8l8fLw9qamBlYlJfJ5uZu+B44QN7EdNDazZ9DlHT5xh5n0xzJ52d/1xfbnXXizflpbJ3JkTG8VmtVbwi39/gt69jAAcz8njtRUfcejIKSyXr3BX/z48/dg32JC0g9N5hQwMDuDpx77xld4PERERERERERERERERkfbg8AVggAH9+nAk+3Sj5ydPn2227ZBB/fmPZx695TbP5J8HYFCIvWdnXUHSx7t9CsBVVdWYD+c0We7m5srdY4YxK348vRr0Nj2afZqSK2WMmzyqvvgL4Onhzj0TRvL6PzaRf7YIf78e7Np7BGtFJZPGj2hU/AUIrJ3ruKFePX145IF76ou/7cm7uwejRgyuH9LZx9uLfgG9OXf+IqNGDq7/PJycICIsmM/TzfWf1ZXSMo4cP43Rx4sJY4Y1KmqbIkIIDvLnxMl8rNZK3N1d69fdGxtVX/wFCOjTi9697MOBW0pK1ctXREREREREREREREREOq1OUQAO7NuLI9mn2Ws+RpQprP755m27mD5lzG1tc8fuQwCEhQQBsP/wCQAGh/Zrm6BboOF8smXlVtZs+pyUHfupqq7G6OPVqG1dwXvr9j1s3b6n2e3ln7tARNgAzhYWAzDorqAWxdGzh3eHFH8BXF1d8fLsVv/cqUHv5L4Nhr8GcLlu2O/iSyVcLimjrPwq/++lN5rdvp+vkavWikYF4Lr5nus4Ozvj5uZ6/UtFREREREREREREREREOp1OUQAOG9iPbV/sY++B40SZwogyhbHti31sqS0Ap+zcT8qO/Zw6c+6m2xkS2p/xY4bSt7cvKTv3M6BfH0ZHDgYg82B2fZuO4OnhztyZk8grKGLnnsMM6NeHuInR9eurqqoB6ufSbU5gn15U19RQXVPTLjF3tOrqampqanB3c2V4eAhubk3/OXt5euDq6tLMq0VERERERERERERERES6nk5RAB4TOYSPNqWyY/ch4iZGExEWzNTJo9i6fQ+Llixr8XaOZJ9uNJT0nG/cjUc3d1J27ufc+Yv0MHYndEDgTbZwZ3l0c+PeuyPJyS1g+45MRkcOweht7wncL7A3u/YdIaR/X55ImHrT7fj5+nA8J4/jJ/Pqexi3lsHFGTfX5v95XLh4mfLyq3h4dGt2fUMuLs63tf+W8O3hg5dnN6wVFdwfP56gGxTGb9edjF1ERERERERERERERETkTugUBWCAUSPC2LxtFyk79vNEwlQemX0P+w+dwFpRycQYE5PHj2wybPL1Tp05R8qO/aTs3M/IYaEMDw8BIGXHfgAmxpjo1s3tjh/LzYwcFkpYSD+yjueSsmM/98ePB8AUMZBPUzLIMB9jwphhjeb2raio5ETuWcJCgnBxcWZsVAS7M4+yY/chRo0Y3Kht/tkLGAzO+Pv1vGkcrq4G/Hzt8+SeOJVPlCkMJyewVVWxfUcm5VcrWlQADuhjn3M4N68QW1UVBpe2643r4+3FsPC72J6WyZZ/7eLJR+Ibbb+lx3ojgX164eTkxLmiS1wpLae7l0dbhS4iIiIiIiIiIiIiIiJyR3SaAnDcxGh7AXjnfgL69uK+idH890+f5nd/fp8NSTv4PN3MxBgTkcNCCQzwqy8EWq0VnCkoIm3XQVJ22gu9fXr35Jmn5wDwzj+TOHXmHD2M3Zk8fmSHHV8dNzdX4u8ZzfGTeaTs2M+YyCH09felX0Bvpk8Zw0efpPK7P7/HwAGB9O5lpORKOUdPnMHg4sKPvvcwA/r1IWJwMDHREaTtOsgry/9JSHAAfr4+5OYVkn/2AuNHD2X+I9NuGcuYqCGkZxxma8oezhQU4ePtycnTZ7lkKcVgaFkht65wnXkwm//+w7sEB/lzb2w0PW5RrG8JJyeYce9Yck4VsGP3IQ4eOcmQ0P44OzuTk3uW8xcu1R9r3bzCrREyIIC+/j3JPXOO37z6DwYOCGT0yMFEDh/0lWMXERERERERERERERERuRM6TQH4rfe31D9+f+027qudH/cnP/gmqelm3v5nEhuSdrAhaQcuLs74+/XAycmZ/LNFjbYzdfIoHpl9D2Cf9/fzdDMAs6aOu2UP4vYSMTiY4eEh7DtwnNR0M3NnTcbJCaZOHs3AAQF8vHUnx3LyOJ6Th5ubK2EhQcyaOo7goD4AGFxceDIhnvBBwWxK3kn2yTyOnTiD0duLe2OjeGD6hBYVRIeEBrPwWzNI3JDCoaOncHFxxhQewvxHpvG3dze26Fj6B/bmR997mHc/+JSc3ALyCoqIHDaoTQrAAL49fVj6/UdI/nwvqelmdmcetS/v4c3saROImxh1W8VfAKO3F88tmsv7a7dhzsohPeMwfXr3VAFYREREREREREREREREHJZTTU1NTUcHcSt/eWs9e83H6GnsTmyMiQ1JOwB4btFD9cM4Z5/MZ8fuQ5wpOM+ZgiKs1goAurm7MaBfHwL79iLKFEZEWDAAu/Yd4W8rPwbg/vjxzJ42oQOOTESk7ew7kNOq9j27u+Hk5FT/A9z0MQ0fA07coF2D37dadv3jljy/1fIbaW17D89Oc4+UiIiIiIiIiIiISKdWXmbr6BC6FIe/ur3iH5vYaz6Gi4sz8785jWFD7gJgQ9IOXn19DZPGjWDS+BGE3hXYaK7bgnPFODs70ad34/lfG84DDPDDbz/IiKED2++ARERE2pmtqooKq40Kmw2brYrq6ho6wf1fIuIAnJyccHZ2wmBwwc1gwM3dUD/VSlelnCkiX4XypvKmiLTO1zFvioiItAeHLgCvTNxKesZhAvv6kX+2iNTa4ZrrfgOk7LQXc8dGhTN0yADuHjMcgIA+vvVtSq6UsyfzCEdPnGHXviMADOjXh2/NvY+Q4L7teEQiIiLtx2qtpOyqFZutmm7urnRzd8Pg5YKLs1Ore0SLyNdTTU0NVdU12GxVVFbauHipFIPBGc9u7ri7u3Z0eG1KOVNE2oLypvKmiLTO1ylvioiItCeHHQL6zfc2k7brIL16+vDcoof4v3c+Jv9sES4uzlRVVTNsyF089dh00r48SNrug5wtLK5/bQ9jd4ze9jlmiy9epqS0vH7dgH59mDR+BJPGjWj3YxIRuZM0BPTNfZ2GgK6qqqbkSjnV1dV4errTzd2to0MSkS7kqrWCsjIrzs7OeHf3wMXFuaND+kqUM0XkTlPeFBFpna6WN0VEpGU0BHTbcsgC8OvvbuTLvVl09/Lgh99+kIEDAig4d6G+CBxlCuP7C2Y3ek2G+RiHjpxqMgdwnWFD7iImOoLxo4e256GIiLQbFYBv7utSAL5qreRySRlent3w8nTv6HBEpAsrLbNSWnYVH29PunXS3hnKmSLSnpQ3RURapyvkTRERaTkVgNuWw13d/uSzL/lybxZurgYWPT6TgQMCOHGqgL+t/JgLFy8TEx3Bwm/NaPK6aFMY0aaw+ucF54qxVlTi4+2Jj7en5o4QEZEur/xqBVdKy+lh9MLN1eG+4kWki/HydMfV1QXL5VJqajzw6Na5eoApZ4pIe1PeFBFpnc6eN0VERDqSw52xp2ccBuDpx77B0MEDOHT0FK+/u5ErpeVMGjeCJxKmtmg7DecAFhER6equWiu5UlpOT2N3DAbd9CQi7cPN1UBPY3cuWq7g5OTUaXpmKGeKSEdR3hQRaZ3OmjdFREQ6msNNoODuZv8S7+7lwZ7Mo/z5jbVcKS1nwphhLS7+ioiIfJ1UVVVzuaQMo4+XLsiJSLszGFww+nhxuaSMqqrqjg7nlpQzRaSjKW+KiLROZ8ubIiIijsDhegBHmcI4caqAV5b/s37Z2Khwnnp0egdGJSIi4rhKrpTj5dlNQ/GJSIdxczXg5dmNkiv2oUEdmXKmSNdTXV2NzVaFraqa6upqampqqKm5c/tzcgInJyecnZ0xuDhjMLjg7Ny6++uVN0WkI7Vn3myLnAmdK2+KiIg4Aoc7ew/p35f4e0aTeTAbg8GFmOgIvnHv2I4OS0RExCFZrZVUV1fj5ene0aGIyNecl6c7xRcrsForcXfQofmUM0W6FputiooKG7aqqnbdb00N1NTUUF1dhc1WBdZKDC4uuLkZWtVDVnlTRNpbR+TNtsqZ0DnypoiIiKNwqqm5k/fFiohIe9l3IKdV7Xt2d8PJyan+B7jpYxo+Bpy4QbsGv2+17PrHLXl+q+U30tr2Hp4Od49Usy5aruDRzY1u7m4dHYqICFetFZRfraCnsXtHh9Is5UyRrqG6uoar1gp7IcHBGAwudHN3w9m5Zeeeypsi0h4cNW+2NmeC4+dNERG5feVlto4OoUtxuDmARUREpGVsVVXYbNW6ICciDqObuxs2W3W798ZrCeVMka6h0lZFaVm5wxUx6thq46tsYXzKmyJypzly3mxtzgTHzpsiIiKORAVgERGRTqrCaqObhr0SEQfTzd2VCqvj3bWrnCnS+VVU2igvt97R+X3bQk0NlJdbqahsWS5U3hSRO6Uz5M3W5kxw3LwpIiLiSFQAFhER6aQqbDZcXTvHUNUi8vXh6mqgwuZ4F+SUM0U6t0pbFVevVnR0GK1y9WpFi3q1KW+KyJ3Q2fJmS3MmOG7eFBERcSQqAIuIiHRSNlsVBoNLR4chItKIweDisEMMKmeKdE7V1TVcvWrt6DBuy9WrVqqrb971TnlTRNpaZ82bLcmZ4Lh5U0RExJGoACwiItJJVVfX4OLs1NFhiIg04uLs1KILd+1NOVOk87pqrXDo4UtvpqbGHv/NKG+KSFvrrHmzJTkTHDdvioiIOBIVgEVERDqpmpoanJx0UU5EHIuTkxM1DnjFUTlTpHOy2ao6fS+vWx2D8qaItKXOnjdbEr+j5k0RERFHogKwiIiIiIiIiDikioquMcdjVzkOEXF8XSHfdIVjEBER6WgqAIuIiIiIiIiIw6mursZW1Xl7sTVkq6qiurq6o8MQkS6uq+RN5UwREZGvTgVgEREREREREXE4nXkI0+Z0teMREcfTlfJMVzoWERGRjqACsIiIiIiIiIg4HFtV1+r91dWOR0QcT1fKM13pWERERDqCCsAiIiIiIiIi4nC62vCfXe14RMTxdKU805WORUREpCOoACwiIiIiIiIiDqempqajQ2hTXe14RMTxdKU805WORUREpCOoACwiIiIiIiIiDqerXfvvascjIo6nK+WZrnQsIiIiHUEFYBERERERERERERERERGRLkIFYBERERERERERERERERGRLkIFYBERERERERERERERERGRLsLQ0QGIiIhI+0l+5SdsKbx1O//4pSy9z//OB9QiNvJ2rOKDpCzySm13LLYD7/6Ed85OY+nSOBzlyEWk66os2kfieztJP11KmQ1wNmAMCmRK3GTiTf64tmZj5kQWvWVhzn8sZKYSmIh0STaK9iSx4tNj5BbaqARwdyc4PIKZMyYT7de6y1sZ7yxjeUEkL/5HHAF3JF4RERERkY6lArCIiMjXyOTFzzO2usGCQ4n86sNCJn33B0xuUDQwuHu3e2w3Yjuwir99lE3Q5Hk8N2kAvh0cW+Gnr/BKUiHDn/wdTw5v5YvPpLE6tYSomdMId5y3WETaWZk5kZ+9lYvrYBPzvh9JuK87XC4kfWcqSe+sJGnQZJ7/7mj8OjpQIDdtDUmXwkiYYcLY0cGIyNdUKRnvvMlyM4RPnsySb4fg5w6WAjOpm/ex/KXDhCfMY8k4344OFLBg3pRMeo/RLJwQ3NHBiIiIiMjXmArAIiIiXyMGL28a1R29DIABD29vvB20IGnOOEB5+MM8PXO4Q5y4+E/6Ac/H2DB43MaLLx1nb0Yh/veqACzy9ZXLxvW5YIrjxQWReNYt9jYSPzeM+PjDbDR7OUTxF6DoeA7pBUZmzkAFYOnkqijO3sMX+89zuSXNu/cmZtQoBvm63OnA5FbyviAxs4roxxeyOMqrfrHRO5Z5g2OZeTCZjB6OUPwFsJJrziE9IIyFEzo6FpGvyFbE8V0HSD9b2qLmPn0juHvMQHwd4T9tIiIi4hDXUUVERERuoJDiQqCvp+OctLh54O3W0UGISKdVkkt2MYROH36t+NuQdwQzVTQQaXvF6by1MpO8Fr8gl4xsG//vexNwlNLi15UlJ48i/Jlj8mp2vXFYHFPaOSaRr4PiHVtYntyiW2bsMnM5ZnuUH03seeeCEhERkRZzmGupIiIi4iAsKbz664/h/ud5buJ13VQr9vLGC6vh4f/i6dElJL/yClv6Psbz0ad4I/FL8kpt4O5L+OTHeOy+ATTqJGsrZu+alazdl0e5DQw9w4l77DHi7mq+K23dUMv2J+/wk58A+DNt6VLi/KH8ZAqJ65PJOlOODQMe/cKJm53ApAbbq5vX9wcPu7J9fTJZZwxMeOZ5Zt1kRL7yk8m8sTqZrIs2MHgQFDmHJx6Owte5bqPv8JN3CuvjoDCZV17Zgv+85xmb9w6JX5yipMnxHeCdn7zDgdpNbHnlJ2wBGPEkv3t8OJSfIuXDtSQfqn1vvIIIv3cmD949CG/n5qIUkU7Luxd+zmA2H6BsVGTzReDrWI4n8/b7BzAX28BgIDh6MosTIvG7WX6otpCVvIm3t+VTZAVXL19iHnyA+VGNS1mVRftY9e520k/b59R09fUndvo0Ety28/23cmtb7eOFJfsAiF6whMWm2zlwkQ7mO5gRfTPJO9vylwRFhKr46wCMPY3AaTLMpcRENV8EbqSF+a8JWyHpH25kVUYxZTZw9Q1k5rzZzAxpvM9GORnw7B/MzFnxmHISeWGzxd6oMIlFS5IAo+Znl07LNyKEoG2Z5FXfui0Azj6MGKLir4iIiKNw+eUvf/nLjg5CRES+urOFl1rV3sPNBScnp/of4KaPafgYcOIG7Rr8vtWy6x+35Pmtlt9Ia9u7ujp+1a207Crdvbp9tY0UZrI1s5RBEyYwsO7aVrcg3POSSTsEQycOxqdB85K0f7ImN4LZj43Ez6mUnLQ0si/mc+CYF5OeeJK502IxeRWQumUjKZYQpgytvdBWXUjyH3/H2qJBzHlqAXOnxTK45gAb3vsXpUNiGdzMuKJe/aIYd/dgOLiHUyEP8/z35jJ58jgG9XDF+fhaXn49mbLQOSx4ci7TY4fR89wO1n6cSumAyYT3qj28/VvJLMjnQEYRvmOmMiVmLKZQXzya+Xjr2mYdsjFo9rd4cvYUTL2K2Jv8GXsqhxI72Kf596w0h7S0bM6e2Msp4yTmfWsu08fcRfXJND5LPo3fpCgCXHwZPG4CE3sXknK4mknfXcqTMyYzeXgA7q6lpL3+CusbvDfD/Es5kvQJ+X2nMNRRxoEVaYU2yU9tzHFi6k2A0yGS0g6TvC8PjD3p18Mb1xvcmltmTuQXK07iPW4KixdMYXakkdx/JfP2ETfuGxWIK0DhITbssxIeG81gL4BSMla+zWv73Ij95mwWzxnHmN75bF69jUM9RhITVDuMwdlkfvP7HWT3HsbTC2bz6LQhhNQUkLopG+8HZjFvciQB5zPIrDGx5CezmXtPNNEB3egEX5HSRVgrKttwa54MjAyk+ugRTly5deugybN59p4A2vqfu7u7a7PLHSdHXeMwMfkZcTm0n21f7Gb3uXKMfn3w6+6GS7On9y3LfwWZO9h9pS9TYgfap0epzmfjq/9gVVFf5j19P098YyTDao7x/qrdXAkfzbAe9q3bc/IRrEMn8OyCeOZMvAu/i0fZ+Pllxjw6g9kTA+HAEbJDYnnlB/HE3zOS8B43ilWk7bVp3vTsz5ghVzmcUUhJzS3aOvtw33ceZVqfts2aN8qZ4EA5SkRE2oytsqV3HUlLqAewiIiIXMdAVPwktvzvXvbmziKovrdsHttT8/Ad+zDhDf9fb/Hn3v98jLG1HW+9Jz7Jv/Eqv9qwkZT7nmOSEUq+WM2Ws+E83LDdfd/h6fKX+fNne5m+IKrpSYmbB95uPni4AAZPvOsnKS4h5ZM0SgY/zH89Ora2l7E3Yx99Dsr+kw8+SSEubNK1uY7LPRjzzNKb9vqtV+7L5B99h0m1BWnvmCeZduQnrD6WRTFBN+8FFJHA0kfCa58MZ9ZDeRz4n2SyjkPUUPs8y83PuXyK4ych/NEExgbb3wXvyFl8Z8Qs2vyqs4g4hICpC3jJN4kVm4+x9q3VrMXeQy187FBmThxFqLE2I1YfJvH9XDwnJbCkLol5R7Lw32yUvbCbjXmjSQhqZgdZybydaSD+2SdIGGBfZBz1EM9Xrea5rV+QOzaeYIpJem8fuX6RvLg4jgB7K6KnJhA9xd7TGMDTADi7YPQ2ag5g6fwMQXxjwT2ce+1fmMtu3Mxj2D0snhKkCyaOwjmQmc8+gd+6Lazds4/lmfYRCTz7BxI7bhzxo0OoS5sty39NWVK3sLYgkPkvPkRs7bmqceoTPFv2f7ycvJs5T4/GtTYnMzKeF+eZ7DfgYCR2bggxNhuuBgO4G/F0BgyeGL2VNaXzM/SdyOKEi/z6/TzKb9jKHVPCg3yjr+ZMFxERcSSd/rLikezTHM0+w9HsM5SVWzs6HBERka4hcDIT+pWwa2fWtWVZO9hlCefee6+rNgweTvR1ozh7R45hAHkcP2YDSjCb85ptNyB0AORkc7I1sZWYMZ+B8BHRjYeYxoPoEeFw5jiHKxos7hXF2JYUfwH8hxN+3bW6oEB/sIHtFi8NHRreeEHfIAKBW9+86E+QP2SlfMyB/HJsde07/VmaiNyYAb9RM/jp/3uO13/zFD99OoYpAw3kfp7Kyy/+H8vNpfZmx4+RUe5OdOR1ScxjIKEBpWTnWJrdepY5hzLjQKIHNF7uOTCQ4OI8skuAkkNknIbQu0fXFn8bhqeyl3Rh3SJYsGA4QTf6nu07nB/OjaD5CSqkwxj8iZn7BC/9Zgl/+X8P8ewDJsINFrYlrmHpi4lk1FamWpT/mrCQsb8YBocRc90HHzrIH07kkw21OdlA9Li64u81rsqb0oV5RMzmh1N8brg+aMpMFkS0ZFILERERaU+d8gy1rNzKhqQdpO060KToO2HMMO6bGE3/IE2wIiIicvu8mRAbzsf/TGPvnHCi3Gzs3fklRD/rabR6AAAgAElEQVRd34O3nptn0xMKbx+8gcJLxQCUlwEnP+DnP/mgmX0N52prQisvpxzw7tb0NMbQzQAUUnIJqDsVcHH00x1/4n7wA1idSOKf0ii32ecznnTfLOKGauZBkY5XyMbfrmRtYcNlDeZ0LEzmhd/uo6Dhav9IXvyPuKaF1ea4+xI6LJbQYbEkVBeT+veVvP3OFsy/fwiT1UoZVpJeW0ZSMy8NuMENsGXlNrCYeXmJuZm1RsrKAayUAQHGNuqhZk5kUf2cwbVGxvP6k/YJgzPeWcbyzMarNZ+wdBj/G/Ro8wxiwYKJtPEIpl8/t8qLt8gXt+LqG4JpUgimSUBxOq/9TyrLPzrM6/MiWpb/vK9fbqWsFMjZzveXbG/mdcGUAVitlOGFX48WhXlLN8+Lt/juEWlnfSY/yILC93jrYONzD49h97B4cp8OikpERERuxtGviDZxOq+QV5b/84a9fdN2HSRt10GeenQ6E8YMa+foREREug5D5ATGrnuDlPQSokbsJeWQL2P+Lbxpw4oybFx3UlFymRLAt4cvUI6HJzD0YZ6fG9HcnlrXy8bDAw/AdrXJXmuX+eLdRhfm2o3HAOKeXkocYCvNI+tfG0l862VOPfobno7udKdrIl2MP/HPLCS2UW9+A55186b7xfLTX46m0Yx7zt1ub7hkZ19iRwfydlYxuUVgcnfHEy9iFz9GfDPXVl3dmt+Lp4cB/CJY8kxMM0Xo2thL3fEELBYLtMXgzhEzeOWX142VYPCqf2hKWMgrDzZe7aoultKBPCJm88NvJPLHT4rsRWBPPx5aMBuTppP86m6VF2+RL1rFN4aYQamYzxZSRETL8l8T7vblw2J5JaGZc10MeAK4u+NJKUUNbzT8Cm6eF2/x3SPS7jwxzZ3JQ2UbWZNjvybrETJKIyaIiIg4sE51RfFC8eX64q9HN3fumxTN3WOG08vXh7JyK/sOHGf9ljQuXLzMm+9txsPDnajhgzo6bBERkc7JOZzxY315NXU7aZcPkNdvAk8HNtPu6AEyysc26hlcsn8vpwhiVpgB8MZkCmLtp7nkeY1tPH/w7fA2Yeq3lo/3Z1A+emyDCw7lZOzPgn6ziHD7ivu4U9w98aCc8kZdnm3YbIb6EVcNXkEMnzmHc4dfYcvR4xDd3IVIEWlPrl43mf/W2R1Pb/dWbK2QjJ2lhI8LobnBEs1H88EjhFA/wDeMaI9jZOVXkTCo5SMChJtC8NyZR261scmw9vW8hxLdP53E3WYssbGNj6+a+mHoPT0MYK3iJtOl2hm8MDbpVXeNq4fmEBbH0ycmgR9WvMcfd8A9CxK4Wz0r28at8uIt8kUThWZSSwcSG9JM9bP6MFnHwXNkIH6AX0vyXxNGokf4sirpHLleMZhudK46yJ6TM/YeZv7g625qrM+btcVkq5VKaDJUdEO3yos3/e4R6QjOfbj7iZmUv7GOfzGcHz4xViMmiIiIOLBO9TX9xnuf1Bd/f/z9R5g9bQK9fO1zUHh6uDNhzDBeWPIk/QN7A/DWe5s1L7CIiMhXEBQ7gaCLKazdXkx47ISmI+YBGAv57LXVfJlbTElJMafSV/PnDafwiJ7GhNqrVt53z2SC4Uve+Z8PSDmWR0lJCSX5x0n56M/86p29t5xftzFvJn1jAt5HP+DV977k1IUSSi6c4sv3XuWDo95M+Mak5uN0BKGRmLxKSFmzlgP5JZSU2iB/M6+88AoffJ5lP5aSYk59/jEphRA+uPZGtqy1/OrXv+JvXxQ3/5ws1v76V/zq9TSKm92xiDiMoqMkfbSGpS+uZFWKmewiC5YSC0Wn9rHxnRUs/9KF6G/GEQ7gHMGcGf4UbFjFso/31bYtJHtvMst/u4LEvBvsIzyWOYOKSfzDShL35lBUYsFSlEP61kRe+G0S9oFXfYmfEYExL50XlieRkWfBUpJPVsoaXvjFatJr/xsVPjIET4uZVR+ayS2xUKb/XkkX02fio/z3Tx7lPhV/HVZR1m5W/en/WPqnTSQdrM1pdbnw95tIdQ5m/qwwe+MW5b+mjLGxTDEcY/nv15B0NB9LiQVL3jGSPnyTpW/ttvdmrs3JlV9u4mer0u05uSiH9I9XsrR+20aiI30hayfLU+z7L2vdia6IY3Puw30Lv8N/L5yg4q+IiIiD6zQ9gE/nFXI0+wwATz02/YZz/Hp6uPODp+bwX8veoazcStquA9w3aVR7hioiItJ1GCcwPvxjPjg9lkmRNzht6D+NH0Tn8c7KV/jAYgN3X8Lv+w4J9w66dqLhPIg5P/spA9as5ON3XuVjK2DwIGhoHI89GNX6E5KwOSz9ni+J6zfy199+gA37vLlznp3HhOZ6KTsK50HMWTSLy29v5p3/TQP/aSxdOp3vPGxj9Wer+euGcvtw2l5BhD/4HPPqhn+2XabEUoJHua3559i4bCmhxL28lcV0EWl3frH89NeDydi2nY3/+ozUdTZ7YcFgIKB/GPN+NJnYoGu93IwTnuAl/2Te/nA7y7Yl23uU+foTO302c4JutBNfpnx3IQHJm1j10RqSSgFnA34Dwpjz7XsJrms2eAYvft+Ht9ftYcX/mKkEPP39iZk7jWj3a22WPJDI8s1J/CoNAqY/wYtTVSkTkfbjN+kpXh1qJmnTbpLeP0xiqX25q5cXwSNjeX5GDMH1Q8K0MP9dzzmMeb94gtAPN5L41moSrYDBQPCwUSycO7q+J69xwhO86LGJFZt28vJLqeBswBgUSHxCTP22jRMe4tlza1ixcQ0/W6f5zkVERESkYzjV1NTUdHQQLbF+SxobknbQq6cPL/9i0S3bv/neZtJ2HWRwaD9+/P1vtkOEIiIda9+BnFa179ndDScnp/of4KaPafgYcOIG7Rr8vtWy6x+35Pmtlt9Ia9t7eDr+PVLnzl+iT+87PNltdRYf/Ncb5N33PM9NvL5fbSHJr7zClr5P8rvHh9/ZOESkU2mX/NRKjhiTiNzc5ZJbDj7e6fh4Nzf4u2PmKEeMSURurqvlzRvlTFCOEhHpiso1dEqb6jSDdVy4eBmAIYP6t6h9ZO3cv2fyz9+xmERERLq6kh3JfGkNZ1KMww6qLCIiIiIiIiIiIiINdJoCcN1cvh7d3G/R0s7Tw73R60RERKSVqk+xPeUUHtETiHLr6GBEREREREREREREpCUcf3zLWv0De7PvwHGOnjjTovZHjp8GYHBovzsZVquVX63gtRVryCso4t+/O5eQ4ICbtrdcLuX3f3mfSlsVP/vhY/Qwdm+TODYk7WD9ljTGRA7hO0/Muu3tVFfX8OXeLDYk7eD8hUt4dHPnR997mAH9+rRJnCIi0oGcBzDrZ7/jxt8S/sQt/R1x7RiSiIiIiIiIiIiIiNxcp+kB3D/IH4DTeYVcKL58y/Zpuw7aXxfof0fjul3lV61s/mwXVVXVN22XsnM/585fbKeoWm/zti95Y/UnXLp8hWFD7mJM5OD63tciIiIiIiIiIiIiIiIi0r46TQ/gqOGD6NXThwsXL/Pnt9axdPEjNyw0vvne5vo5g6dOGtWeYbbKwSMnOZZzhvBBwc2uP1tYTMqO/e0cVcuVXCljx+5DuLkaeObbc254HCIiIiIiIiIiIiIiIiLSPjpND2CApx6bDth7Ab+y/J8cyT7daH1ZuZU339tc3/s3bmI0vXx92j3OlrJWVLL5s11UVFQ2WVdTA6npZi5dvtIBkbXM5ZIySsvK8fLyoG9v344OR0RERERERLoQJ6eOjqBtdbXjERHH05XyTFc6FhERkY7QaXoAAwwJ7c9Tj07nzfc224vAf/knvXx98OtpBGhUEJ4wZhiPzpnSUaHektHHi769fck6nkvmwWzGRIU3Wn+m4Dxpuw8RelcgFZU2SsuuAnCltJw//O1D8grOs3j+bEYOC230urJyK3/4ayIF54p5btFDhA1s+RzIdfMCz542gf6BvUnckML5C5dwcXHGFB7CvLlx9PDpziXLFV7642qKL9YNxV3Oj1/8K0CjOYUvXLzMuk++IPNQNmXlVtzcXAkLCeLh+yfRL6D3bb5zIiIiIiIi8nXg5ORETU1NR4fRZpxUzRCRO6wr5U3lTBERka+mUxWAj2SfZt+B442WXSi+3GhOYI9u7syeNp77aod+PlNwnsPHcjlxMp/sk/ng5MSgkCAG9OtDvwA/hg25q12PoY6LiwvTpowh/70LfPbFPoZHDMSjmxsAVVXVJP3L3jN42pQxJP1rd30BuLuXBzFR4SSeOUfaroMMDw/BxeVaR+5jJ85wOv88I4eGMnBA4G3FtnvfEbZu303oXYEM6OfPkezT7D1wnLJyKz94eg5ubgaiTWGcO1/MoaOnMLi4MDw8BDc3AwODAwA4caqAP72xliul5QT27cXIYaGcv2Dh8LFTvPTaahY8Et+k6C0iIiIiIiLy/9m78/io6nv/46/JTGYy2TMhgSRMAiQhSFhCADGIiKJgq4haxdoWb93aW22rrd6fveqvi7e13t/Vbla7uLV6rUq9VbAu4EUREUQghCWSQMKSIQGy75NJJpnfH0mGhC2ELDMZ3s/HI49Mzvmecz5n+PoF857v+XYLCgqio6Pd12UMmqCgEfUQNhEZgQJp3NSYKSIiMjAjIgCuqq7n9ZUfsf2E8Hdi6lhG2aKIjel8zLM9KZ6MVLt3beBNW7/gb/9YS4urtddxW7YXsGV7AdA5U/i2r141DHdxsqSEUcydNZk1H29j245C5s2ZCkBJ6TF25O9nxtQ0Jk4Yy5p1W3sdlzUljf9dn8uBkqNU1dQTPyoa6AyOux9/PXd2Zq9guD/qG5u5966vkDquM0CuqKrlV398g5LSY5QdrSR1XCI3L13AgZIjFB0ow2q18NXrLiM6KhyA1tY2Vq3eSGOTk2sXz+XqKy7yPrbl8+0FvPja+7z9wSYmptmJigg7pxpFREREREQksJmMQbjdgRFkQOf9iIgMpUAaNzVmioiIDIzfB8Dd6/02O10A2BPjuGL+TLKmpHmD3lP51R//zp59JQAsWZRDQryN5LGjiY4M4/CRSg4fqWD9Z7vYuCWfbTv28sN/vYkJKQnDck/dggwGLrt4Brm7iljz8VamTp5AWGgI7679HJPJyKIFs3G726mt670OcFxsNFMmjeOTzbvI213EogWzADhaXs2+A4exJ8b169HPJ8qemu4NfwFs0ZEkJYxiR34xdfVNfR5/pLyaAyVHiR8VzSVzpvZasyMrM5W0cUkUFjs4cOgIWVPSzrlOERERERERCVwmkxFcbb4uY9CYTEZflyAiAS6Qxk2NmSIiIgPj1x+l6hn+WkMs3Lx0AT++/1bmzs48Y/j70//6K3v2lTAm3sZ/PHgb1y6ey+wZk9i1Zz/P/+09zMEmLs2Zzv/9wTeYMmkcrtY2fvm7v9He3jGMd9cp1hbJwktmcLS8hs3b9rBnbwm7Cw4wd9ZkxibE4fF46Dhh7Q6DAXJmTcZiDmZLXoE3HM8vPEhDo5PZWZPO+P70pXsmbzejMQhz8Nl/VqCmtgFni4uI8FDM5uBe+8zmYCLCrXg8HhxlFedco4iIiIiIiAS2oKAgTMbACABMRqMeZyoiQy5Qxk2NmSIiIgPnt3+T9gx/Y2Mi+be7l3nX9T2Td9dupvRoJdYQC//x4G2Mibd5972+ch3bdxf1epT0vXd9hbmzM7v2fzT4N3IW5mRfgD0png8+3saKVeuIiYrgsotn9Jo5e6KUsaMZn5yAo6yC/YfKaHa62JJXQExUhM9n1XZ0ePCcEFqLiIiIiIiI9JfZ7PcPLjsrgXIfIuL/AmG8CYR7EBER8TW/DYBffO1978zfH99/K/ak+D6PaW/vYMPmXQDcvHTBSfsXXpLNxNSxzDghIP3aDQuJtUXy0ad55BceHJwb6LPWdlrbOh/JEh5m5aoFs2hoauZYRQ0LL5lBrC3yjMebzcHkzJpMR4eH3J372Lf/MI6yCqZMGkdcbPRw3MJpxdoiCbWG0NDYTGtr78fOtLa20dDoxGAwYE+M81GFIiKBwWAw6AM3IuJ3PB4PhjN9ktFHNGaKjEwmk3HEPwa0r3vQuCkig2mkj5tnU7+/jpsiIiL+xC8D4FWrN3ofD3zP7UvP+nHGO/KLqaiqY8bUNC6+cMpJ+7963WX82903nxQmW8zBLLwkG4DNuXsGWP3ZaW1109Tc4v15xrR0LsyaRNr4JGZlZZzVOTIzxhE/KpodXxTz5rsbMBmN5MyafMaZw8MhId7G+OQxlFfW8snmXfT8/8W8/GKKDpYyJj6G8cO85rKISKAJCjLQ3qFfyomIf2nv8BAU5H+/kNOYKTJyhVjMPv//3HNlMHTWfyYaN0VksI3UcfNsxkzw33FTRETEn/jd8zSanS7WfpILdM7YzUi1n/WxH27YDsDYhN4zS6uq61m1ZiN5u4uItUXxwHeWnRQqT5wwFoBNW7/g9lu+NJBbOCcmo5Hbv9a/60ZFhjFjajrvf/g59Q3NTEpLJmXs6CGq8OyZzcFcu3guJaXlrFq9ka07CklOiqeiqo79h8owmUwsuTKHqIgwX5cqIjKimUxG3O52TEa//DyXiJyn3O52v5x1ojFTZOQKCjIQEmLB6XT5upR+Cwmx9BlSaNwUkcE2UsfNsxkzwX/HTREREX/id/+Kz9tdRHPXP06uXTz3nM6ROGZUr58ra+qYOzuTZqcLR2k5jrLyk45JGTuamKjwc7qeL12YlUF4mBWDwUDOrMmYzcG+LgmACSkJPHzf17ko+wJqahvYtPULSkrLuSA9hX///i3MnjHJ1yWKiIx4ZpOJtja3r8sQEemlrc2N2eR3nzPVmCkywgWbjISE9D0rzJ+EhJgJPouAQuOmiAyFkTZunu2YCf47boqIiPgTv/ubcvvuIgDmzs4860c/n8jt7v0/KGc7izgoaOjzcGuImQe/+9Wzbh8dFc5/PnJXn+3iR0WTmTHurM+7ZFEOSxbl9Lmt27eWX8O3ll/Ta9v45AR+94vvnvYasTGR/Z7VLCIiZ89sMVFT20REuNXXpYiIeLW42oiJ9r8nvWjMFBn5zMEmDAYDLS0u/HlpWoOhcxbb2QYZGjdFZKiMhHGzv2Mm+O+4KSIi4k/8bgZwYZEDOPvQtqeoyM6/+IsOlPb72CPHqqiqqSc8bGT9j83neYU0NjmZMTXde/8iInJ+MBmNmExBtLhafV2KiAgALa5WTKYgTEb/eySfxkyRwBBsMhIWavXbR3+auuo7+/BX46aIDC1/Hjf7O2aCf4+bIiIi/sTvAmBnS+fjn63nMPt35rSJABQdKDtpX1V1vff1qcLl7mOyp6b3+7q+UlffxPZd+4iJiuCSOVN9XY6IiPhAaIiF5uaRta6TiASu5mYXoSHn9hSf4aAxUyQwBAUZCLVaCLVa/CYAMBmN3prOZv3Kbho3RWQ4+Nu4ea5jJvj/uCkiIuIv/O4R0BNTx7K3+DB/ee191ibGn/VxGWl2Fs6bQUx0BKVHK/no0zwuuzjLu7+yps77uqq6nmZnC/ak4+ffnLsHgKwpaYNwF8Nj645CyitrmXfhFOJio31djoiI+IDFEoyzpZWmZhdhofqfYBHxnaZmF0FBQVgswb4u5bQ0ZooEFpPJiMlkpKOjA7e7HXd7Bx0dHXg8niF91KnBAAaDgaCgIEzGIEwm4zktKaVxU0SGmy/GzcEaM2FkjJsiIiL+wuDx+NcKEI7Scv7rmRXemcD98eyT97Nm3Vb+/vbHGI1B/PH//aDX/keffAlHWQWxMZHcfN1lzOgKe1/5n/9l3cYdXDhjEnd94+pBuQ8RkeGWt/tAv9rHhJsxGAzeL+CMr+n5GjBwmnY9vve17cTXZ/NzX9tPp7/traF+9xmp02pv76CqpoHoqDDMwSOnbhEJHK1tbmrrmoiNicBo9LuHDPWiMVNE/IHGTRGR/hlJ46aIiJwbZ7Pb1yUEFL8LgKFzhu6nW3b365hRtijmzs7E7W7nl0+9SsnhY0xISeDeO28gNDSk17ljbZHen//6+mo2fN55rYfu/RrjkxMG5yZERIaZAuAzC+QAGKDF1UZDYzMxUeF+ubaTiAQut7udmrpGIsJDCRkhszE0ZoqIL2ncFBHpn5E4boqISP8pAB5cfhkAD9SRY1X88aV/Una0EoCvf+UKxiePwRYdiTXETE1dA3X1TaxY9TEHSo4A8O1blzBr+kRfli0iMiAKgM8s0ANgAGdLK41NTqIiNTtDRIZHa5ubuvomwsOsWEPMvi6nXzRmiogvaNwUEemfkTxuiohI/ygAHlwBGQBDZwi8YtU6dhccPGO7pDGjuGZRjsJfERnxFACf2fkQAEPn7Iz6hmbCQkO0TpuIDKmmZhdNzS1ERozcmRgaM0VkOGncFBHpn0AYN0VE5OwpAB5cARsAd9u09Qs+3rSDw0cqcblaATAZjSQmxDJz2kQWXpKNxax/QIjIyKcA+MzOlwAYOtdpa2h00tHRQWiohRCLPiUtIoOnxdVKc7OLoKAgIsKtI34NNo2ZIjLUNG6KiPRPoI2bIiJydhQAD66AD4B7OnKsCoD4UdEYjVqzRkQCiwLgMzufAuBuLlcbzS0u3O4OQizBBAebMJmMGIMM/X4/ROT85PF4aO/w4Ha309bmpsXVhskURGiIBUuAzcLQmCkig0HjpsZNEemf82ncFBGRM1MAPLjOqwBYRCSQKQA+s/MxAO7mbm+n1eWm1e3G7W6no8OD/voXkbNhMBgICjJgMhkxm0yYLSZMAf5BSo2ZIjIQGjc1bopI/5yP46aIiJyaAuDBFTi/3RYREZFTMhmNmEKNhKJ12kRE+qIxU0SkfzRuioiIiIj4Hy2gICIiIiIiIiIiIiIiIiISIBQAi4iIiIiIiIiIiIiIiIgECAXAIiIiIiIiIiIiIiIiIiIBQgGwiIiIiIiIiIiIiIiIiEiAUAAsIiIiIiIiIiIiIiIiIhIgFACLiIiIiIiIiIiIiIiIiAQIBcAiIiIiIiIiIiIiIiIiIgFCAbCIiIiIiIiIiIiIiIiISIBQACwiIiIiIiIiIiIiIiIiEiAUAIuIiIiIiIiIiIiIiIiIBAgFwCIiIiIiIiIiIiIiIiIiAUIBsIiIiIiIiIiIiIiIiIhIgFAALCIiIiIiIiIiIiIiIiISIBQAi4iIiIiIiIiIiIiIiIgECAXAIiIiIiIiIiIiIiIiIiIBQgGwiIiIiIiIiIiIiIiIiEiAUAAsIiIiIiIiIiIiIiIiIhIgFACLiIiIiIiIiIiIiIiIiAQIBcAiIiIiIiIiIiIiIiIiIgFCAbCIiIiIiIiIiIiIiIiISIBQACwiIiIiIiIiIiIiIiIiEiAUAIuIiIiIiIiIiIiIiIiIBAiTrwsYqB35xRwpr+bIsSocZRU4SsuxJ8VjT4wjYXQsCfE2pmem+rpMEREREREREREREREREZEhN2ID4JraBv66Yg35hQdP2ucoLcdRWu79OTNjHP+ybBEx0RHDWaKIiIiIiIiIiIiIiIiIyLAyeDwej6+L6K9NW7/ghVffA2CcfQw5syYTPyqa+FExxI+KpryylvLKGsora9m09QsOOo4CcPstXyJn1mRfli4iMmTydh/oV/uYcDMGg8H7BZzxNT1fAwZO067H9762nfj6bH7ua/vp9Le9NXTEfkZKREREREREREREZERxNrt9XUJAGXG/3S4+WOYNf2dNz+Dbt17j3edub6ewyEHq+ETiR0UDcPm8GfzppX+ydUchL7z6HvGjokkdl+iT2kVEREREREREREREREREhtKImwH83YeewuVq5bu3X+dd27eiqpbXV67ji72HaGtzExxsYvLEFG5euoC42M4geEd+Mb9/4S0sFjO/f+x7vrwFEZEhoRnAZ6YZwCIiIiIiIiIiIiL+STOAB1eQrwvojzff3YDL1cqXF87xhr/VNfU89Njz7MgvJsQcTEaqnRBzMDvyi3noseeprqkHYHpmKl9eOAeXq5U3393gy9sQERERERERERERERERERkSIyYAzi88yLtrNzMm3sY1V17k3f7K/6wFYNb0ifzq0bt54O5l/OrRu5k1fWKv/QDXXHkRY+JtvLt2M/mFB4f3BkREREREREREREREREREhtiICYCLD5YBMG/OVIKDOx/LWVPXyM49+5k8MYVv37qkV/tv37qEyRNT2LlnPzV1jQAEB5uYN2dqr/OJiIiIiIiIiIiIiIiIiASKERMA7z90BAB7Ypx3W/fjnRPHjDrlMd3bu9v1PL77fCIiIiIiIiIiIiIiIiIigcLk6wLOVvGhzhm7aeMSvdtGx8cAUN/QdMpjurd3t+t5fPf5hpuzpZXfPfcPig6UnnJ/VEQY2dPSWbIoh4jw0CGsw8XK9zeyOXcPjU1OJk4Yy/fvvAGLJXjIrikiIiIiIiIiIiIiIiIiQ2tEBMCHDh+jpaWV5KR4zObjAWV4qJUJKQl8vr2AGVPTvev+AmzdsZfPtxcwISWB8FCrd7vZHExyUjwlpeUcOnyMlLGjh/VeespItWOLifD+7Ha3s+9AKR99mkd+4UHu+9aNxMVGDfp1nS2tPP3CSgqLHURHhTM7K4OkMaMICjIM+rVEREREREREREREREREZPiMiAA4MiIMgOrahpP2LZibxf5DR/jTS2/zWWaqN9zdkV/s3X+i7vN0n9dXLp83g+xp6b22udvbeWnFGjZt/YL31m5m+U2LMAxyLlt8sJSig6Ukjx3ND771FcLDrH0fJCIiIiIiIiIiIiIiIiJ+b0SsARwTFU5cbDSNTU4OHT7Wa984+2imXjAegB35xby9ZpM3/J16wXjG2XvP8D10+BiNTU7iYqOJiQofnhvoB5PRyKU507GGmCk9WkmLyzXo1zhWUUN7ewejR0Ur/BUREREREREREREREREJICNiBjDAhJQEKqpq2be/1PvY5l17DvDGP9dTdrQS6Hyk8sTUsewtPkxhsYNdew5QVdPAjdfM94bE+5W8ZgoAACAASURBVPaXes/nryLCrZjNwdQ3NNPa6sYaYsHjgYKiEv7xzieUlB7D44G42GiWXjWX2VmTvLOED5Qc4dd/+h+SEkax7NpLeeu9T9m7/zDTJ6cyOyuDP770tvc6W/IK2ZJXCMB3/uVasqele6/z5rsbcJSV43a3ExURxqysDJZeNRdriMV7/NtrNrFq9UauXTyX0XExrHx/IxVVtdz19S+TPmEsv3zqVQD+9dYlvLd2M7sKDtDR0cGElERuv+UqIsJDWfn+Rj79fBfOllaio8K55frLmTEl3Xs/HR0eduQX8eGGPPaXHKG1tQ2TycikNDtfu2EhcbHRp6zHnhjH399eT0VVLUZjEFMnjedrX1lIdGTv0P/EtZBNJiP2xHiu//I8JqUlYzBw1u+9iMhwOFZR6+sSREREREREREREZAQbHRfddyMZ0UZMADz1gvFszt3DJ5t3ccX8bBoanfzl9fepb2hm/kXTmJ8zrdd6vocOH2P9pp2s/2wnf3n9fX76wDeJCLfyyeZd3vP5qyPHqmlscpKakkiIxQzAlrwCXnztfYKCgpg8cRzWEDOFxQ6ee+VdKqvr+PLCOb3Ocayiml//6Q1crW1EhofR4fEQER5KzqzJHD5SiaO0nFhbJBMnjAXAFhOJxwPvfbiZle9/SlBQEJPS7ISFWtl/qIy1n+Tyxd6DfO+OG05al/jTLbuprmkgONhETFQ49Y3N3n31DU385s9vEBMdwcxpE9l3oJSiA6U8/cJKIsKtlB2rYsqk8dTUNbL/UBkv/O097r3LSnpXXVvyCnj+b+9hDTEzccJYIsKtlJSWk194iKeef5P7v7OMqBMe5b01r5APPt5K6rhEUsbGU1jsYPvuIpqdLu65/TqsIZ3vaUVVHb/58xuUV9Z610J2u9spKCrhD39Zyb13fYXUcYn9fu9FRIaS/nEmIiIiIiIiIiIiImcyYgLgKZPGY4uOoOxoJatWb6S1tY36hmZmTpvI8puuPKl9ytjRLL/pSpqaW9i2cy+rP/ocszmYsqOV2KIjmDLJ/wLgjg4Pe/c7eO2tj+jo8JA9LR2LJRhHWQWvvfUR0ZHh3HvXDYyJtwHQ7HTx9Atvse7THcyankH8qOOhQEOjk5nTJvIvNy/qNWt3YupY3l6zCUdpOROSE7j9li959znKKvjf9bmEWkP47u3XkTouEei9LvHqdVv4+g1X9Jr1WlffxNeuv5z5OdMJCurcUVvX2Hmsu50vXX4hSxbNxWDobPtfz7xO6dFKkpPi+cn9/0JkRCgeD7z89zV8snkX23cXeQPgqRdM4N+//zVSxo72nrtn2117DjDvwim93sf6xmZveAtQUVXLr/74BiWlxyg7WknquETc7e2sWLWO8spacmZN5tZlizAZjQC0trZRdLCMFPvoc3rvRURERERERERERERERHxlxATAYaEhfPmKi/jvNz7gg/XbaG/vAODKBTPPeNyVC2aybedePvw0D6Oxc8njL19xEWGhIUNec1/+8NdVp9weFGTg8nkzuHTudAD2FjtoaGzmoktnegNIgFCrhQVzp/PsK+9SdrSyVwgZGxPJsqULeoW/fdm1Zz8Njc1cMmcqE1ISvdtNRiNXzp/Jrj0HyC84SH1DE1GRx2fdZk9N59K5Wad8FHJEuJWZ0yZ690VGhDE2IY5jFTXMnD6RyIhQAAwGuCA9mU827/KGx933OD55TK9zGgwQEx0BQE1tw0nXzJ6a7g1/AWzRkSQljGJHfjF19U0AHCuvofhgKVGRYVxz5UXe8BfAbA5m8sQU4NzeexERERERERERERERERFfGTEBMMClOdMo2HeIrTv2Ap2hcGqPoPJUUlMSCQsNoam5hbY2mDV9IpfmTBuOcvuUkWrHFhPRa1vK2NFkZaYRa4v0bjvoOArABx9v44OPt53yXGXHqsiakub9OSY6ol/hL8CRY1XeY08McyPCQzGbg2lqbqG6tr5XADwm3nbadXCDg4N7he0GA96ZvGPibL3aGnuEsN3c7e18nlvAR59up7K6nsYmZ5/3ER3Ve51fozEIc3Dvrl5RVUtjUwup4xKJCO/9COmezuW9FxEREREREREREREREfGVERUAA3z71iUYX3mXzbl7aGpu4cXX3ueSOVNJG590UtuiA6V8snkXTc0tAMzJvoA7v/7l4S75tC6fN4Psael9tuue7WxPimdswqhTtkkcHTvgerqv4y88HnjtrY/4eOMOgoIMjI6LITNjHEFBBu86xueqo8ODx+Pps91wvfciIiIiIiIiIiIiIiIig2HEBcAAd379y0xMHcv6TTvZuCWfjVvyibVFkjg6lnH2MRx0HKXsWBVV1fVA56za+TnTmH+Rf8z87a+xiXFsyStkvH3MKdc7Huzr1NQ24PHQa1ZvQ2Mzra1thIWGYIuOPP1JBlGzs4UDh44QHGzintuWkpkxzrtv5fufDigAjrVFEmoNoaKqlobGJqwh5lO2G673XkRERERERERERERERGQwBPm6gHM1/6JpPPKDb7D8pitJG5+Ey9XGrj0HeHvNJnbtOYDL1Uba+CSW33Qlj/zgGyM2/AWYesEEIsJDyd21j+KDZb32tba2UVDkGJTZu93X2b67iP2Hjl/H3d7OB+u30djkJHPSOCIjTv/I5MFkMhoJsZwczFZU1fH59oIBnTsh3sb45DHU1Tfxzw8+w93e7t3X8z0drvdeREREREREREREREREZDCMiBnAzU4XodZTr2c7/6LjM3tr6xo5VFpOSlL8SevA9ve8/mRsQhxXXTabN9/bwP97+jUmpCQSFxtFQ6OTvfsPYzIa+eG/3kjK2NEDvs4V87NZ+f6nPPGHFUxKsxMWamX/oTIqqupIGG1j8YLZp13vd7BZLMFkT0tn34FSnvnLKi5ITybIYKCw2IF1gH9uZnMw1y6eS0lpOZu2fsGefSWkj0/C7W6noKgEgyGIH/7rjSQnjR6W915ERERERERERERERERkMPh9AFxVXc+jv3oJe2I8D9y97IxtDziO8syLK1myKIdrF889Y9snnlmBo6ycH//wVmJtw/NI43NlMMCVl85iQkoC//zgM/YdKKXoQClmczDp45O45sqLSE4aeABpMMCXLp/D+OQE3nx3AwVFDtzudqIiwlh4STZLr5qLNWR4A/PLLp6BNcTCm+9tYEd+MZERoSy96mIam5y8vWbTgM49ISWBh+/7Oivf+5QdXxSzJa8Qk8mIPTGe6788j+Sk0cP23ouIiIiIiIiIiIiIiIgMBoPH4/H4uogzefG199m4JR+AB+5eRkaq/bRtf/SLZ6mqrifUauGXD9912tm9hcUOnnhmBQBzZ2dy21evGvzCRUSGWd7uA/1qHxNuxmAweL+AM76m52vAwGna9fje17YTX5/Nz31tP53+treG+v1npEREREREREREREQCgrPZ7esSAopfrwFcVV3vDX8B3l59+hmfG7fkU1VdD3Q+2vl/1287bdue5+l5nIiIiIiIiIiIiIiIiIjISOZ3M4D/d/028nYXU1lT5w1m587OpLDIQVVN58/2pHhCQyzE2iKpqq6nsNjhPX7JopxejwbOSLV72zW3uHCUlgMQGxNJRprdGzDH2iIZFRNF1pRUrpg/c7huV0Rk0GgG8JlpBrCIiIiIiIiIiIiIf9IM4MHld7/dXrV6E84WFwDWEAsZaXZuXnoZhcUO3l69EUdZhTfEpfj4cbExkWRNSePaxXNpdrrI211EVU1XOFzc+xr2xDiWLJ5LRqqdZqerM1yurqequp6S0nIFwCIiIiIiIiIiIiIiIiIyIvndDGBHaTn/9cwKnC2uk9bnbXa6eOIPK3CUlmNPjGPu7ExeX7kOgNu+ehVzZ2d6227fXcRfXnufZmfneRyl5TjKKrAnxfPAd5b1Wh+4e51ha4iFf7t7Gfak+OG7YRGRQaIZwGemGcAiIiIiIiIicrZqW8rYX7sZR/1Oyhv3Ud3ioKm1mtb2Zjz41a/U5RQMGDAbQwkz27CF2IkPT8ceOY0J0XOIDkn0dXkDpv4Z+AK9D5+KZgAPLr8LgKF3CHz3bUuZMSUNgKdfXEne7iLsiXE8cPfNhFotbNySz4uvvQ/As0/e7z3HvY/8nmani5uXLuCK+TM7w+NnXsdRVkHWlDTuuW0pAIXFDp54ZoXCXxEZ8RQAn5kCYBERERERERE5k6a2GnKP/IOd5e9Q1VxCqi2H5MgsxoRnYLPaCTePwmwM9f5ORPyXBw+t7c00tlZS7XRwtLGQkvo8iqs3ERuazLT4q8lOuIGw4Bhfl3rWevbPkro8X5cjPpQclTUi+3BfFAAPLr/87bY9KZ6MNDt5u4sItVpY+0kuYxPjiI2JBOCK+TO9M3jnzs70BsBV1fVs3JrP3FmZWEMsXbN/pwAQarWwZPFcnnlxJaFWC4XFDg6XVWDrOqc9KU7hr4iIiIiIiIiIiMh5praljI9LnmWT4yVmJt7Iogk/JN02z9dlyQAYMGAxhmGxhhFrTen157mvegN5x97mP9bPIsd+K5cm3+XXMyp79k/N7hWAkro8SuryeGffYyOiD4tv+GUADOAo61zn95kXV9Ls7FwTuDv0rayuO96uaz3gUKuFH/3iWQBWrd7obesoKycj1d6rbd7uIjZuye91zqqa+iG9HxERERERERERERHxL2sPPMUH+3/DpSnf5uFLPiPCHOfrkmSIpdvmkW6bx1WpD7Ch5EUe//QSrpxwHwvHf8/XpZ2ku38q+JVT8eBho+OvbHK85Ld9WHwnyNcFnE5VdWcg2+x0MTF1LLExkd4guLDY4W1XWXO8HUDWlDTv7F84Hvr2PK7Z6SI2JpKJqWO97bqvJyIiIiIiIiIiIiKBrbRhN09vvYGjTXv5t7kf8qW0/6Pw9zwTYY7jS2n/h3+b+yFHm/by9NYbKG3Y7euygOP9c83+Xyv8lT558LBm/6/9qg+L7/ntDGB7YhxWq4VrF8/1zuDduCWf1976CHvi8Uc1j+p6hPPc2Zlcu2gusbZIqqrrWbVmIxu35BNri+pxzngcpRVcuziHK+bPBDpD4VWrN+LsCoJFREREREREREREJHDlHn2TFfkPcP2knzMn6RZflyM+FmtN4etTnmJz6as89flSlmU+QfaY631WT3f/VPAr/VVSl+cXfVj8g8Hj8WgUEREJAHm7D/SrfUy4GYPB4P0Czvianq/pXEvllO16fO9r24mvz+bnvrafTn/bW0P99jNSIiIiIiIiInKOPil5nk8df+GWKb8lJSrb1+WInzlUl8uru+/lYvs3uST5jmG//iclz/PPfb8Y9utK4Lkm/WGf9OGBcDa7fV1CQPHbR0CLiIiIiIiIiIiIiAyWT0qeZ0vZCu7K/m+Fv3JKKVHZ3JX932wpW8EnJc8P67UV/spg+ue+Xwx7Hxb/ogBYRERERERERERERAJa7tE3+dTxF/5l+p+Jtab4uhzxY7HWFP5l+p/51PEXco++OSzXzD36psJfGXT/3PeLYevD4n8UAIuIiIiIiIiIiIhIwCpt2M2K/Ae4ZcpvFf7KWYm1pnDLlN+yIv8BSht2D+m1uvunyFAYjj4s/kkBsIiIiIiIiIiIiIgErLcKf8z1k36uxz5Lv6REZXP9pJ/zVuGPh/Q6bxX+GA+eIb2GnL88eIa8D4t/UgAsIiIiIiIiIiIiIgFp7YGniA5JYk7SLb4uRUagOUm3EB2SxNoDTw3J+dceeIqSurwhObdIt5K6vCHrw+K/FACLiIiIiIiIiIiISMCpbSnjg/2/4apUPV5Xzt1VqQ/wwf7fUNtSNqjn7e6fIsNhKPqw+DcFwCIiIiIiIiIiIiIScD4ueZZLU76tdX9lQGKtKVya8m0+Lnl2UM/7ccmzevSzDBsPnkHvw+LfTL4uQERERERERERERERkMDW11bDJ8RIPX/KZr0sZkPL823ny6LrT7LVgMi5g0pjvct3ETCI03WvIzEu+jV98chFXjP8+YcExAz5fd/8c8SKXc0v6nWRE2rF29z+PC6crn+KjK1hbvIKRM+f0ce5fuIx46inel8WfS3xdz+Db5Hhp0Pqw+D/9lSAiIiIiIiIiIiIiASX3yD+YmXgjEeY4X5cyOAxpRJgye38ZI3G3r2Z36RJ+vnEF5R2+LjJwRZjjmJl4I7lH/jEo58s98o8RP/vXlvIKj8z6GVnRneGvu93V+YUFa0g2U8Y9zj3zXuDySF9XKt08eAatD4v/0wxgEREREREREREREQkoO8vfYdGEH/q6jMET+TiPzMo+eXvjJl7e+nV2u37Eq3uv4t5J/pO2dc9ejh+zmfszR34QnzV6CWv2/4pLku8Y8Ll2lr8zCBX5kPUhlk/IIcIAzrrneCv/MfKc3TvtZE14iIX2xcRbUhmtFMqv7Cx/Z1D6sPg/zQAWERERERERERERkYBR21JGVXMJ6bZ5vi5l6IXncMvY5QCUVW+iwcflBLJ02zyqmkuobRnYQ41rW8ooqcsbpKp8JGUBiUFAey7rt/YMfwEc5O3/Dk9+fh+bDq9idbWPapRTKqnLG3AflpFBAbCIiIiIiIiIiIiIBIz9tZtJteX4uoxhY7JlEg/QXoezr8YyIKm2HPbXbh7QOQZ6vD+YHxrf+aKliA9P18i5ircKn0T5r/8JhD4ofdPkexEREREREREREREJGI76nSRHZvm6jOHTAe5T7nBRtu85/l76EmXtFUActrC7WHzBnWRFndDUWcT6/CdZ37COhg4XGNKID13Gwow7yYo5oWnFOt7Z+yTbW/JxY8EUvJjZ9oe5bnznY567H/3crfzoHB482vl6Sup+lo8bpPv2geTILBz1O8kec/05n8NRv3MQK/KN3a46riYSQnO4ZRS8Wnn2x9rG/oyvpiwlyRKJyQB01FNes4J38h6joGfDyGUsHrec2TFpRJgsnds66qmuW8HqPb1nHd940X5mh0H5kUtZ2/Y4ixOzsZksOKt/wk+3vwxAov033JSygHhz13U9LpzNm9hy4Ce8c8zRu0jDtVydfT+zo+1YDYCnnurak687Ug20D8vIoBnAIiIiIiIiIiIiIhIwyhv3MSY8w9dlDJuGyo86Z1la04j3bnWxe+sSflvyJGXtEGHKJMII1U2P8erW2/mwZ2DnyuXVzYt4p241DaR1tg0qp7zpMV7NXcI7R483dR58jP/ceTtbWorAmEmEKQ3aVrFp/3x+m98ZoplM8V3n6ArtgjI7f+6qYSQbE55BeeO+AZ1joMf7g+oj2zv7nMFO1rQ87p92P7Nj7H0eZ0t5he9nLCclJBKTx4W73YXbEEl87J0sv+hxJnlb3sm3ZjzO5XGZRJgsne3aXRAUiS3mTm6a9jippzi/NfJ5bkrOwdYdGHeZNHkN90y8lkRLJCa6rosFa9gC5mc+z429PhBhITHlP5kfYye4w4W7AzB0XTfzfmzn8H75m0Dog9I3zQAWERERERERERERkYBR3eLAZu07jBrx3C7KSn7Py6WrgTRmj8n27mrY+yAv1xWB5XHuvWgZiV1JgPPIczzzxWOs3r+J+aNyMAENh14irx0If4FHZi8gomvamLtqE38vyCW1O1WuX82Lxc/hZAGXT3uBxXFd251FvLV1EZuOPkde2s/IynicRzKOzwSOj3+B+zPjCAQ2q53qFkffDc9goMf7her7WOlI5av2TKyGSOLj7uHGuHu4saOe6vpcCiufZf2hTb0f/2x9iOUTcrDiovzog7yYv6rrgwvLWZ79M6aELeXy8T+i4ADAcxRUXYbTuZK1xSvwrlg76g88OH0xtvAc5tqg+ITnS0eEpeFsXMXa4mf5sDLfe8zShDRMgLPmSf6c+3TX+TKZPfFnXB6Vz4d1Pc9iwWosIm/3Hbx6zAHYyZr239wSZ8cUuYAcnuSdQX47h1tA9EHpkwJgEREREREREREREQkYTa3VhJtH+bqMwVV3Iw+uPd3ONFLtz3Pj2O6fK9hybBWQyfz04+EvgDXhThYefoxX699nuyuH2RZoc9cDEGEd6w1/AUyxOdxy8fG1lMsdr3MIiIh76Hj4C2BN47qxd7Jp/3NsdzxEVlrv2ZeBJNw8iqbWga1qO9Dj/UXB3iX8ruJOFk9YTkZU16OSgyKxRS8gJ3oBOeOKyCu+g1cPd4aNtvELSAwCWtbxVnf4C+B8mZcPX8VP03JIir0fDjwJwPrdXz/5opXbqHEvxmayY4uFkxYYdq3mtc339XqU9PzknM5Zu63reMcb/gLks2XvjWw5xb2VlXaHvwAO8vZtZ3GcHZvBTlIyUNKvt8rvBEoflDNTACwiIiIiIiIiIiIiAaO1vRmzMdTXZQwuQxoRxuPBqtOdjxuICP8NyzOvJSW8R9uOIkpbARxsKVjC9oLep3K3d+5raAIsYBtzHYlH1lFW8QOeybuLy8fkkDIqDusJ6UFZc+e6vs7qH/Dzj0+oz9MZllW76oHAmO17KmZjKK3tzQM6x0CP9yfVNc/x6rbnAEgctZypo69iSkw28RYLmNLISn+etuZFvFENU0K6ppJbFnD7gj29T2SwdIZVpp59J5PZqcuZEp2NLTiKiJBIggFT12PETcEn1+Ns3tZ7HWHsJIVEdu5r2njKsPdk9ThPnCHrbDnNOtsjUyD1QTk9BcAiIiIiIiIiIiIiIv4s8nEemXX8Ec+4Haz+bBEfNj7IW4dmcG9mj0de1zooB6Aepzv/NCfcxLFGwAbYruVbk1t4be9jFFTdx4tVABZMluUsTr2f+QkWoILqlq5Lt+fTcJqzlrc4COQAWE6vrPJlyipfZjWQaP8Dy9MXYwtKY5L9WqheRby5M4jFYPGGuCcx28kBNnEny+fdzxTLQGeTLybiFEGxyPlAAbCIiIiIiIiIiIiIBIzuWZoWY5ivSxk6JjuLJ/+M3dt/RNnRn/BhwgtcbuvaFxaPDShnOTfO+xmzzyJDsyYs47aEZbhbKig9lk9xxUusrXuOd77IpcH4BlfHRxJhBlphUsoebgvgxzyfyWDMLjcbQ3G1Nw1SRf6pzPEdipP2YwsDk7Fz5m+D2wVYcNc9zcNbnzzzCdKXdoW/9ZSVPsvHlevIq8wH7uRblz5E6lknW/k43SgJO0HAPSFBTimo7yYiIiIiIiIiIiIiIiNDmNlGY2ulr8sYeralLI6yA+tYvW8dzu7tllTigwHWcai8f6c0hcSRkrKAy2e9wI+SFgO5FFRUABaSQjtnIB+qL+rXORta+1mEH2tsrSTMbOu74RkM9Hi/YL2TxeMzz9AgB2vXLF93e+eff1FL53eTNZPZfZ0/uOsDBs51vFzwdFf4CxCFydCfQjdR2uLqLDlsbt/XPU8ERB+UPikAFhEREREREREREZGAYQuxU+109N1wxLMwZeL9JAI0/p4Pj3VvtzN/zLWAgy3FP2FLTe+jGg6v4OVdxx8N7S5+mj/vyqW8tXe78pbDAN7ALTHlLlIAZ80PeHFfRa81Ud31+Xy45WUKOo5viw9LA8BZt46CAFlAtdrpwBZi77vhGQz0eH8we+JdXD7hDR6c+TjzY064H2sO86c9zqQQAAeHSlcBUFy8mrIOwLyAq2c9RJb1+CG2mDu5Zc4abkvo2tDWGdoSMoPFo7vPn8nl2ctJOd3jo0/jw7JNnY8sNy/g6ux7Ov97AcBOVvorPDjzZ5xvcWgg9EHpmya+i4iIiIiIiIiIiEjAiA9P52hjIem2eb4uZehFXss1tt/z5+pc1hevZv7oxUQAEWn3c131F7zV9DJv5K7gLWMaVgPQUURDhwuC7qeYTFJxsbv69xTXP8mT5RZMJ7bjWi4c27Wmb+RibrQv4xnHCgpK5vDw4UwiggBPOQ3tFUAcs8uWM2lsV23JS5l98Dm2tD/Ji598REp4DjGRS7klI80Hb9TgONpYSHx4+oDOER+eTlHNxkGqyDcanOU4PXHYopdxdfYyru5w4fZ07QyydH1owEX5kZ/wcvdkfOdjrC7N4av2TKxRd3JLznJu6vrAgMnYOeO3IX4ZHFkB+16mYMzjTDLbyZryMVMucHWe11NEeUsk8SH9KPbIT1gf/waLR8Vhjbmfey//Lu6OHnV64rg8Ct6oG4x3ZmQYaB+WkUEzgEVEREREREREREQkYNgjp1FSn+frMoZNaur9pEBnwNY98TnITs5Fa3hw/EOkmO3Qnk+DOx+nIZuU2Fe4/+J7SAXAQtbMzdyb3Ltdg8dOfMTPuG3Wb8iJPH6t+ImP80j2K+SE5WD1dLXtiCI+7CFuyVrPjWN7FBaUyY2z3mZxRA5WTy6H6p+mzB01TO/K0Cipz8MeOW1A5xjo8f6gYO8Sfrr1R3xYkUt1mwu3wYLJ2PXlqaehcR3rdy/iyS/WnXTc73Y/R0FTPW6OH+NuK6LA8SNe2LGiq+UKXtz6E/Ia63F7OgNik7uIvH13cKi9v9U6WL/jRv5+YDXlbS7orpWuOvPvOK/CXwiMPih9M3g8Hk/fzUaGvcWHKSx2YE+MY2KqnVDr+bkQvYicn/J2H+hX+5hwMwaDwfsFnPE1PV8DBk7Trsf3vrad+Ppsfu5r++n0t701VA/JEBERERERERmJalvK+N3n1/Lj+Vt9XYoEmEfXz+L7F64iOiSx78anUdtSxi8/PQ9mp4vf+veLNwyoDw8VZ3OAPCveTwTEb7cdpeU8/ZeVVFXXe7fF2iK555tLsSfF+7AyERERERERERERERlO0SGJxIYms696w/nxGGgZFvuqNxAbmjzg4Cw6JJHkqCxK6s6fWeriP5Kjsvwy/JXBN+IfAe0oLeeJP6zoFf4CVFXX88QfVuAoLfdRZSIiIiIiIiIiIiLiC9Pirybv2Nu+LkMCSN6xt5kWf/WgnGuwziPSX+p7548RHQB3h7/NThcA9sQ4Hrh7GVlTOheRb3a6FAKLiIiIiIiIiIiInGeyE25gW9kbNLRW+LoUCQANrRVsK3uD7IQbBuV82Qk3eJdXExkuBgyDhW2K1gAAIABJREFU1ofF/43YAPjU4e/NZKTauee2pQqBRURERERERERERM5TYcEx5NhvZUPJi74uRQLAhpIXybHfSlhwzKCcr7t/igynwezD4v9GZAB8uvA31GrxtrnntqXMnZ0JKAQWEREREREREREROd9cmnwXHx/6E1XOQ74uRUawKuchPj70Jy5NvmtQz3tp8l2aBSzDxoBh0Puw+LcRFwCfTfjb7bavXqUQWEREREREREREROQ8FB2SyJUT7uP94id8XYqMYO8XP8GVE+4jOiRxUM/b3T9FhsNQ9GHxbyMqAO5P+NtNIbCIiIiIiIiIiIjI+Wnh+O9R21LK5tJXfV2KjECbS1+ltqWUheO/NyTnXzj+eyRHZQ3JuUW6JUdlDVkfFv81YgLgcwl/u9289DKFwCIiIiIiIiIiIiLnoesyHuXNgkc4VJfr61JkBDlUl8ubBY9wXcajQ3qd6zIe1aOgZcgYMAx5Hxb/ZPB4PB5fF9GXgYS/PT365Es4yioACLVaeOA7y7AnxQ96vWfibGnld8/9g6IDpSftM5mMxMdGM2fmBVx2cRbWkP7d37morWvkl091fvrt3793C9FR4Wdsf6DkCL/+0/+QlDCK7995A9YQ85DXONjeXrOJVas3Mjsrg28tv8bX5YgMmrzdB/rVPibcjMFg8H4BZ3xNz9fg/YfpSe16fO9r24mvz+bnvrafTn/bW0NN/WovIiIiIiIiIv4r9+ibrCn+FXdl/zex1hRflyN+rsp5iGdzv8Gi1B+SPeb6Ib9e7tE3eT3//iG/jpx/bs58clj68GBwNrt9XUJA8fsZwIMV/gI8cPfN2BPjAP+YCZyRaidn1mTv14TkBCpr6nnz3Q08/MsXyC886LPaRERERERERERERAJF9pjrudj+Tf6641tUOQ/5uhzxY1XOQ/x1x7e42P7NYQvOssdczzXpDw/LteT8cU36wyMm/JXB59fTmwYz/IWuWb9338wTz7yOo6zCGwL7YiYwwOXzZpA9Lb3XttbWNlav28q7azfz3Cvv8t3bryN1nBbmFhERERERERERERmIS5LvAODZ3G9wy5TfkhKV7eOKxN8cqsvl1d33crH9m97+Mly6r/fPfb8Y1utKYLom/eFh78PiX/x2BvBgh7/dukNgf5oJ3JPZHMw1V+Zw9RUX0dTcwhv/XI+zpdXXZYmIiIiIiIiIiIiMeJck38Gi1B/yh603sbn0VV+XI35kc+mr/GHrTSxK/aHPgrNLku/g5swntSawnDMDBm7OfFLhr/jnDOATw9/YmMhBCX+7dYfAjz75ElU19T6fCXwigwEumTOVz7Z9gaO0nMNl5aRPGAt0zhDeklfIR5/mUXq0Ere7HbM5mFnTJ3LTkksJD7N6z+Nub+fDT7bz4YbtVNc2YDDA6LgYvrzwIi6cMYmgoN5/iTQ0OXnzvQ1s3bGX1tY2oqPCueHqS7goezKnWjqzuqaele9/yq6CA7S3dzAmPoabl17G5InjerXv6PDw+fYC3l37GccqavB4wBYdwWXzZnDZ3OmYzcHetv25vz+//E+25BVy1zeupraukQ/Wb8PlauXeu75C6rhEqmrqWfnep2zbtY+2NjdxsdHctGT+IP0piYiIiIiIiIiIyEiUPeZ6Roel81bhjymq2chVqQ9oXeDzWJXzEO8XP0FtSynfu3AlSRFTfFpPz/5ZUpfn01pkZEmOyuK6jEd93ofFPxh/+tOf/tTXRfR0YvgLYE+KY8Hc6YN6neBgE9t3F1FVUw9Am7udLXmFTMkYR1Rk2KBeqye3u53NuXuorm1gdlYGCaNjT12fyURBUQmlRyuxJ8UzISUBgLc/+Iy/r/oYPDApzU7K2NE4nS0UFjk4XFZB9tR0jEYjHg+8+uaHvLt2M8HBRqZdMIH42GiOlFezOXcPQUEGMlLttLha2fD5bpxOFzu/KKa6pp7JE1Owhlg4Wl7Nzi/2kzDaRmJXnbV1jXy2bQ8dHR18tu0LmppdTJ6YQkiImcNlFWzO3UOwyUja+KTO+21v5+U3PmDV6o243e1MyRjP2MQ4yqtq2b6riAMlR5iemUZwsKlf9wewbedeyo5WUXK4nK07CgkKMmANsTA5IwWDIYhf/+kNCosd2KIjmDJpPOZgIx9u2E5NbQMNTU6Sxoxi5vSJQ/ZnLTLcjpbX9qu91WzEYDB4v4Azvqbna/B+EvGkdj2+97XtxNdn83Nf20+nv+2Dg/32IRkiIiIiIiIiMkCRlnguTLyZiqZiXt75Hdo6XIwJn4jFOHS/Gxb/0tBawYcHnuZvu7/P9NFXc3Pmr4i0+H6CGBzvn0GGIPbXbPZ1OeLnDBhYNOEHftWHz4W7rcPXJQQUv5sBfGL4O5y6ZwL/9uff9cn1ezIagzB3haI934/5c6Zy4YxJJMTHemfZtra28dTzb7F3/2H2lxxlUpqd+oYm8gsOYouJ5P/cfTOxtkigczbu1h2FjO16BHY3Z4uLrCmp3LpsEaauAPntNRt5e80mtmwvJHvqxF6zeiur67j6ijlcu/hi70ziz7cX8OJr7/Phhjyyp00kflQ0e/aWsDl3D3GxUdz3rRuJi43y3tPTL7xFQZGDTVvzWXhJdr/ur6cWVyvfu+N6pl4wAYMBPB54+e9rKK+sJWfWZO89ARQfLOP3L7w1CH9CIiIiIiIiIiIiMtItHP89ZiZ8hY9LnuUXn1zEzMQbyRq9hHTbPF+XJkNkX/UG8o69zbayN8ix38qPLv6E6JBEX5d1Sj375ybHS3jw+Lok8SMGDOTYb+XS5Lv8tg+L7/hdANxzzV8AR1nFkF+z57V8FT6fLVtM5EnbzOZgIsKttLW5aW5uASAoyIDJZKSxyUljs9MbAAcFGbhwxqSTzhERbmXxgtneoNRggImpdoKDt1DX0ESLqxVriNnbPjYmkvk503s9RnrGlDQ+nTCWL/YeYu/+w8SPiubz7Xtwu9u5NGe6N/yFzsdwL1owi+JDZeTu3Me8C6disQSf9f31dPm8GUybPMH7c31DE3v2lRAeZuXK+TO99wQwISWRGVPS+GTzrtO/ySIiIiIiIiIiInLeiA5JZOnEn3DF+O+Te+QfrNn/K17dfR+pthySI7MYE56BzWon3DwKszFU67OOAB48tLY309haSbXTwdHGQkrq8yiu3kRsaDLT4q/m/87fSlhwjK9L7dOJ/XNn+Tt6NPR5Ljkqi2nxV5OdcMOI6MPiG34XAD9w9zIcpeXMnT2Fp18cnpmaVquFe267jo1bdvvFGsAA7e0dtLa5AXqtfdziauWjT/PYvG0PNXUNpw2sI8JDuTRnGv/zzif84jevdD0GeRwzpqaTkWbvFYoCBAcHExYa0mubxWw6qV23mOgIrCG912QODjYxytYZ8tbUNuBytVFd0wDg3d5TZEQo5uBgKmvqcba4sFiCz/r+ekoaM6rXz9W19TQ1t2C1WogID+21z2DorF1ERERERERERESkp7DgGC5JvoNLku+gtqWM/bWbcdTvpKDyI6pbHDS1VtPa3qxZmCOAAQNmYyhhZhu2EDvx4elcMOpyrk779xE7U/J0/bO8cZ/6ZwA6VR+2R05jQvScEduHZXj5XQCckWonI9Xed0OgqrqeR3/1Up8h4QN3L+vznKFWC1fMn3nWdQ61xiYnR8ursZiDSe4KpVtb2/jjX98mv/AgJpORpDGjSBzTuTbv3v2Hqaqu73WOK+bPZMaUdDZv30N+wUE2bdvDx5t2YouO4DvfXMo4++ghvYcOz/9n797Dorzv/P+/bobToKCAoIIjKnjWRI3UQo4maUybemibaNLdtmu72W9q2l932/Ta72726nb73ey2u267PcQe0q27aXsl2m4atWmjOZgYAzF4wAaiGPA0ggoywAAzzAwz8/tjZAQ5Ds4wAzwf18XFffjcn/t9I9cl1/2az+fjl88/9P9sQn2+/sTFxYW81icAAAAAAAAAdJmcnKMV0z6hFdM+Ee1SgF74/QQwmJgLgENxpallSCNEq6qtQw6VY4HfL7116D3VX2nW/HyL8mYEgtpme5suXGxQWmqKvr5lk6ZlZwTb//TZPX0GpJkZafrYPav0sXtWyefzq6SsQr/631f1x9cO6a8+8/Fh19jU3Cpnh6vHtNBut0f1V5olSdOy0mVOTtSUjDRVn6nVFVtLrz7srQ65PR5ZcrJkTk4a1vP1ZXLaRKWYk9Tu6FBTS6smT5oYPOf3B2oHAAAAAAAAAAAAxqK4aBcQLsWFi7X2vqLgV3Hh4miXNCxut0e/f6VUL736jiakJGvDR29VYmKCJCkpMVEJ8b0z+9Pn6lRVY+1xzOF06Z0jJ9ThcgePxcUZmj41U4kJ8Wprd6qz0zvsOhub7DpQelw+37URvuWVNao+W6v0SanKs0yTJH1o+ULFx5v0ZulxNTReC4EdTpf2vXFYPp9fK26aq6SkhJCebyBpqRO0eMEsOTtceuXAUbndnh59HauoHs4jAwAAAAAAAAAAADFvVI8A7q64cHGPUb5VNVaVlFUOeI0lJ1unai7IkhOddX9fP3hM5ZXXwshGm11nL1yW2+1R6sQUfeHTH1X+rGtzuXcFm2+WHNe3f/icFs3Lk7PDpTPnL8lk6pnln7Ve0v/s3Kv/2angVModHW6drD6vDpcnGLo6OwYfQd2XyWkTdfDdCpWVn9LsmdPU2GTX6XN1iouL04Nr71D2lMmSpIXzZmrVioUqKavU//vus1pQMFPx8SZV1Vhlb3Vo4dyZKlq5OOTnG4hhSGvuKtSJU+dUduykqqrPa36+Rc4Ol2rO1il9Uqra2p3Dem4AAAAAAAAAAAAglo2ZAHg4Ht6wWg9vWB21+18/qjU+3qTszMladctCrb51mczJST3OG4a0ce2dSk+bqFffOqqy8iplZU7SX2xao0PHTupweVWw7cK5efraYw/p96+8ow/O1OrchcuKizM0NStdH/9IkQqXLbih2qdkTtIjn7hbv/vDWzryp1Py+XyamTtVn3zgdi0omHntmUwmffah+7SgYKb+8No7Ov5+jfx+KWNyqh5ce6dWF98cHOEcyvMNJitzkr7++Ca98Pu3dOS9D4J9/fmDH9Hlhibt3ltyQ88PAAAAAAAAAAAAxCLD7/f7B28WHf++bYdO1VzQvPwZ+vqWTb3OV9VYtXXbTknSE1s29hoB3HVu7X1FWremeGSKBoAoKa84E1L79ImJMgwj+CVpwG1135ZkqJ923b4Pduz67aHsD3a8P6G2N6eM689IAQAAAAAAAMCIcTo6o13CmDJm1gAGAAAAAAAAAAAAgPFu3AfAjTZ7tEsAAAAAAAAAAAAAgLAY1/NbPv/ifr321lEVFy7W5ofvj3Y5AAAAAAAAAAAAAHBDRsUI4MamyIzSPXX6giTpiq0lIv0DAAAAAAAAAAAAwEgaHQGwza6qGmtY+6yqscpaWy9JSjEnh7VvAMDo5/dHuwIAAAAAAAAAGPt4Fxt+MT0F9K2FS3SqJjBKd9v2Xdq0frWmZEwKnr9Q1zCkfhqb7MF+JMlaV6/de0uC+8uXFISpYgDAWOH3+2UYRrTLAAAAAAAAAIAxzU8CHHYxHQAXFy7W22UVOlVzQQ6nS9uff3lY/ZSUVaqkrLLPc/PyZ6i4cPGNlAkAGIP4mwMAAAAAAAAAIo93seEX81NAP755g+65fUXI16UkJw3a5p7bV+jxzRuGUxYAYIzz+/irAwAAAAAAAAAijXex4Wf4R8m46kabXefr6oPr9nY3JWNSn6N4q2qsqqruvXawJTdbM3OylZmRFpFaASAayivOhNQ+fWKiDMMIfkkacFvdtyUZ6qddt++DHbt+eyj7gx3vT6jtTSZDiUmmkK4BAAAAAAAAAITG7fLK6x0VceWoMWoCYADAwAiABxZ6eynZHNMrJQAAAAAAAADAqNfh7GQa6DCL+SmgAQCIBr9f8jH1CAAAAAAAAABEjM/nJ/yNAAJgAAD6wbQjAAAAAAAAABA5vIONDAJgAAD64e30RbsEAAAAAAAAABizeAcbGQTAAAD0w+/nE2gAAAAAAAAAEAleL9M/RwoBMAAAA+jkE2gAAAAAAAAAEHa8e40cAmAAAAbg8/oZBQwAAAAAAAAAYeT1+uXjvWvEEAADADCITg+fRAMAAAAAAACAcOGda2QRAAMAMAifz890JAAAAAAAAAAQBp2dPvl8jP6NJAJgAACGwOP2ye/njxIAAAAAAAAAGC6/3y+Pm8E2kUYADADAEPGHCQAAAAAAAAAMH+9YRwYBMAAAQ+T1+uVhbQoAAAAAAAAACJnH45PXyyyLI4EAGACAEHR6fKwHDAAAAAAAAAAh6Oz0qZPBNSOGABgAgBB53ITAAAAAAAAAADAUnZ0+pn4eYQTAAAAMAyEwAAAAAAAAAAyM8Dc6CIABABgmj9vHmsAAAAAAAAAA0AePh/A3WuKjXQAAAKNZp8cnv8+vhMQ4GYYR7XIAAAAAAAAAIKr8fr88bp+8Xn+0Sxm3CIABALhBXq9fXqdXCYlxio9ncg0AAAAAAAAA4xNTPscGAmAAAMLE4/bJ2+lXfEKcTCZGAwMAAAAAAAAYH7xevzo9Pvl8jPqNBQTAAACEkc/nl9vlVZzJUHw8QTAAAAAAAACAscvr9auz0ycf0z3HFAJgAAAiwOf1y+31yjAk09UgOC6OMBgAAAAAAADA6Obz+QPL4nX65Cf3jUkEwAAARJDfL3V6fOr0SIYhxcUFgmAjzpBhSIYR+A4AAAAAAAAAscTvl/x+f+C7zy/f1S9C39hHAAwAwAjx+wNToniZDgUAAAAAAAAAECFx0S4AAAAAAAAAAAAAABAeo2IEsMPp0o5d+1VeUS2H0xXWvosLF2vT+tVKMSeFtV8AAAAAAAAAAAAAGGkxHwA32uz61nefDXvw26WkrFLWugZ946ufiUj/AAAAAAAAAAAAADBSYj4Afvq/dwXDX3Nykiy5WZIkS072sEftVtVYJUnW2gY5O1yy1tarpKxSxYWLw1M0AAAAAAAAAAAAAERBTAfA1tp6WWvrJUmWnCw9sWVTWKdqPlZRrW3bd0mSrthawtYvAAAAAAAAAAAAAERDXLQLGMixiurg9to1xWFfp5d1fwEAAAAAAAAAAACMJTEdAHdHWAsAAAAAAAAAAAAAA4vZAPhYRbVO1VwI7peUVQangwYAAAAAAAAAAAAA9BaTawA32uzBtXm7lJRVylrXoG989TP9XldSVqnyimo5nC5ZcrN17+0rlJmRFulyAQAAAAAAAAAAACAmxGQAbDYnyZycJGeHq+fx5MQ+2zucLm398c4eI4SraqwqKavQE1/cKEtudkTrBQAAAAAAAAAAAIBYEJMBcIo5Sd/+h0e1Y9d+lZRVSpI2rb9L995xS5/td+8t6XN66K5g+F+ffDRm1hB2drj1g5+/oOoztb3OxceblJ05WatuWajVty6TOblnzR5Pp/a9cViXrzRpxdK5WrakYKTKBgAAAAAAAAAAADAKxGQALAVC4Mz0a9M3DzSK97W3jkqSzMlJ+vqWwIjf7c+/rJKySjmcLpVXVKu4cHHEaw7V/HyLMtJTg/uNNrvOXris3/3hoF49cFRf+PRHtXj+rOD5Tq9PFVVnVX2mVlmZk6MWAO/ZV6rde0tUuGy+/uozH49KDQAAAAAAAAAAAAB6i9kAeDiWLy0IBsXFhYuDo4ev2FqiWVa/7r5tuVbcNLfHMbfbo71vHNYfXjukn//6D/rS5zcof1aOpMAU2H/7pYejUSoAAAAAAAAAAACAUSAu2gX0Z8euN1RyuLLH/rGK6gGvqaqxyuEMrBvcFf5K0pSMSZEpMgISExP08Y8U6YF7P6x2R4d++/sDcna4o10WAAAAAAAAAAAAgFEgJkcAW2vr9eqBI72O7Xhxv5b3Me1x12jfRptdX/mHH/U4Z05OGnVr5RqGdPuqpXrnyPuy1tbrQl295s6ZIUn62S9/r7LyKn3xc+uCo4e7jj365w+ouaVNrxw4IpfLra88+inlz8qRs8OlXS+X6NDRE2prdyoxMUG3LJ2rT378dk1Om9jj3te3jY83yZKTrU987DY5HB36ybN7gm3LyqtUVl4lST3qaWyya9cf39bx92vkcLqUmJigubNz9eDaOzRjelbw+jPnL+p7P/1f5U6foo3r7tSLf3xbp05f0M2L8nVn8c16+hcvavKkifr6lk2alDahR50fnL6g7z/zgqZPzdDf/J+HYmaNZwAAAAAAAAAAACCaYnIEsCU3W/PyZ/Q63tc6vg6nS86ro377YhiSta4+rPWNhIkTzJqWnSGX26PztUOr/3d/OKjf7HlTbrdH5uQkOTtccjhd+tF/vajXDx5TijlZq1Ys1MzcbB06dkJbt+2UrckevL6hsUX//L1f6bW3jio+3qTCZfO1dMFsXapv1I//e5c6XG4VrVwUnGY7MyNNRSsXqWjlImVcXa/59LmLeuo/f613jp5Q+uRUFa1cpJm52TrxwTn96w+eU9mxk73qvtxg0/d++ludrD6viSlm+fx+zZg2RbNnTlf9lWZVVp3t0d7vl0oPvy+3p1Orb11O+AsAAAAAAAAAAABcFZMjgCXp61s2affeEu3ZVypJemLLRs3Pt/Rqt/XHO2W9LiDNTE9T49Vg0+F0aeu2nf1eH6tMpjglJgT+eRwDBNzddbjc+vIXPqGlC+fIMAJB6a9feFWnTl/QA/eu0ro1tyouzpAkvXvspLY//7L2lxzXpx64XZ1er3bufkP1V5pVtHKRPrvxPsWbTJIC6xJXn63TvPwZuvVDS7RnX6mstfWaM3O6Pv/IR4P3d7s92r23RG3tTq1bU6wH7v2wjMDtgvfb80qp5hVYNCn12oje1janbrlpnj636T6Zk6+FuUUrF6mqxqrjlTVatWKhTKbA5xUaGptVcfKssqdM1uL5s4b/QwYAAAAAAAAAAADGmJgNgIdi996SYPhrTk7S459fHwx5G212Pb9rv8qvrhu8/fmX9e0nH41arSPh7tuW66ZFc4L7be0OVVVbNSltgooLFwfDX0launC2ZuZm6/TZOrlcHl2xtajmbK0mpU3Qxz/y4WD4KwXWJV40L2/Q+1+st+nM+UvKnjJZt69aGgx/JWnZ4nwVzMpVVY1VZ85d7DEtd2Z6mjauv6tH+CtJi+fPUvaUyTp1+oLqLl0Jjjx+78RpNbW06v67P9RramgAAAAAAAAAAABgPBvVAfBrbx0Nbn99y8ZgQCgFpid+fPN6Pb19l8orqtVos6ukrLLPaaRjkdfrk9vTKUlDnuI4d9qUHvu25lbZWx1yODv05L/+os9rpmRMUofLrYbGZrW1dyh/Vo5SJw4vVG1qbpWzw6WcaZlKTEzocS4xMUGpE83y+/2y1jX0CIDTJ6f2Cn8laVLaBC1fOlcvv/6u3i2vkiU3W263R+UVNZo4wawPLZs/rDoBAAAAAAAAAACAsSpmA+Ct23aqqsbaY3/tfUVat6ZYklRVYw1OjZyZkabyyhqVV9b06qd7eFpVYx01AXBbu1OX6m1KSkzQzG7Bdih8Pp/8fr+SEhO0ZMFsJSb2/ueekGJWQoJJPp9ffr//hmoORx/X+9Cy+Tp46D2VV1Trvjtv0aV6m86cv6jF82cp57rAGwAAAAAAAAAAABjvYjIAttbW9wh/u7x64GgwAO6u0WbX7r0lg/Z7xdYSlvoize+X3jr0nuqvNGt+vkV5M6YOq5+MyWmakJIsl9uttfcVKXd6/4FpZkaaUszJamhsVmtbu8zJif227VqLt78+Wtsccrs9Pfpwuz1qbXPKMAxZcrKG/Aw506Zo3pwZOv5+jU6fu6jjlTXq9HpVXLi43zoAAAAAAAAAAACA8SomEzRLbrbuuX2FMtPTrh3LydLDG1YH96ekT+pz2uCBLO827XCgz+GNrI0kt9uj379SqpdefUcTUpK14aO39ppOeajSUido8YJZam1zau8bZer0enucr7vUqPorTZKk6dkZmj1zmlrs7fr9K+/0aOt2e3Sy2iqv1ydJypmaKcMwdPlKs9rancF2XX3UX2nWW4feU/fBwOWVNao+W6tp2emanTd9yM9gMsUFR23/7g8Hdfz9GllysjR3zoyQfx4AAAAAAAAAAADAWBeTI4Al6eENq5ViTtKefaWSpE0bVmt+viV4PjMjTT946ks9rrHW1svR4QruW3KyB1w/d6hr60bK6wePqbyyOrjfaLPr7IXLcrs9Sp2Yoi98+qPKn5Uz7P4NQ/rY3R/SmXMXVXr4fVVWndX8fIvi4uJ05vwlNTQ2q2jlIn1u4xolJiZo3Zpina+tV+nh93Xig/OaOztXnZ1enaw+L8OI01cfe1B5M6Zqdt50TctO1/kLl/Uv3/+15uTlaOXN87RsSUGwj917S3T4eJVm5marobFFp8/VKT4+Xms/UqRJqaGtMTx3zgxZcrJ01npZkrTmrsKo/9sBAAAAAAAAAAAAsShmA+DhsAxjrdx7bl+hxia7bi1cEoGKBnb9NNfx8SZlZ07WqlsWavWty0Ie4dyXjPQ0PbFlo15765gOHnpPh4+fChyfnKp1a4p1z+3LFRdnSJLm5E3Xk3/9Z9r1x7d1/P0alZVXKT7eJEtOtj7xsds0MzcwFfWk1An6yqOf0o4X9+u9k2d06OgJTc1K17IlBb36qL14RYmJCVo4N08Prr1DM6YPffrnLinmJBUuW6Cz1stKn5SqZdeN5AYAAAAAAAAAAAAQYPj93SfqjR0Op0s7du1XSVmlpMCI4HtuX9Fn263bdva5ZnB3T2zZ2GMEMUaXfW8c1m/2vKnbVy3VZx66T4YR7YqA2FNecSak9ukTE2UYRvBL0oDb6r4tyVA/7bp9H+zY9dtD2R/seH9CbQ8AAAAAAAAAwGgUk2sAO5wu/d1TzwTDX0l6/sX92rptZ5/tBwt/JamqevA2iE0Op0tl5SeVlJigopWLCH8BAAAAAAAAAACAfsT7nb+kAAAgAElEQVTkFNCNthY5nK5ex6/YWvpsf8/tK2Stqx+wz2hM8Yzw+OD0BVnrGnTzonzNyRv+msgAEG2GIcXFGYqLM2TEGQoMrDb4YAsAAAAAAACAmOP3S36/P/Dd55fv6ldszi2M7mIyALbkZmvL5vV69cARnaq5IEkqLlyse/uZAvrhDauHfa9jFdWyNdlVtHKxUsw3vuYuwsvt9mj/2+WSAr8DJlNMDloHgH4ZhmSKj5PJZATXXAcAAAAAAACAWNc1gEWSZLr2btPn88vr9cvb6SMMjlExGQBL0vIlBbLW1vcIgC252WG9R6PNrm3bd0kKfILh3jtuCWv/uHGJiQn667/6VLTLAICQxZkMxV8NfgEAAAAAAABgrOia5TAhIU5er1+dnT75vCTBsSRmA+Dr9TUl9I260nRtSulI9A8AGH/i4gzFJxD8AgAAAAAAABj7TCZDJpMpEAR7fPL5CIJjQUzPp9t9xO+efaVhD2kJfQEA4ZSQGKekZBPhLwAAAAAAAIBxxWQylJRsUkJiTEeP40ZMjwBevqRAlpwsWesaZK2t19899YwsOdmaX2C54b6v2FpUXlEd3J+SMemG+wQAjE8mk6GExLhr62EAAAAAAAAAwDjUtSyex+2Tl2mho8bw+2N7eWZrbb3+fdtOOTsiN1rXkpOlb3ztsxHrHwBGQnnFmZDap09MlGEYwS9JA26r+7YkQ/206/Z9sGPXbw9lf7Dj/YlUOBufEKeEBD7VBgAAAAAAAADdeTw+dXp80S5jXIr5AFgKTNW8Y9d+HXuvOuxBcHHhYm1av1op5qSw9gsAI40AeGCRCIATEuMUH0/4CwAAAAAAAAB96ez0yeMmBB5poyIABgAMjgB4YOEOgAl/AQAAAAAAAGBwhMAjjzfXAACEiPAXAAAAAAAAAIYmPj5OCYm8Tx1J/LQBAAhBfALhLwAAAAAAAACEIj4+TvEJvFcdKfykAQAYIpPJUAJ/pAAAAAAAAABAyBIS4mQyhXepPvSNt9gAAAwR05QAAAAAAAAAwPDxjnVk8FMGAGAIEhLjZBh8Og0AAAAAAAAAhsswDELgEcBPGACAQcTFGaz7CwAAAAAAAABhEB8fp7g4BttEEm+zAQAYRDzr/gIAAAAAAABA2PDONbL46QIAMIA4kyGTiU+jAQAAAAAAAEC4mEyG4njvGjEEwAAADICpnwEAAAAAAAAg/Hj3Gjn8ZAEA6IdhiNG/AAAAAAAAABABJpMhg9evEUEADABAP0x8Ag0AAAAAAAAAIoZ3sJHBTxUAgH4w+hcAAAAAAAAAIod3sJFBAAwAQB8MQ4qL448PAAAAAAAAAIiUuDimgY4EAmAAAPpA+AsAAAAAAAAAkce72PAjAAYAoA/80QEAAAAAAAAAkce72PAjAAYAoA8Gf3QAAAAAAAAAQMTxLjb8CIABYIwwQlgoIZS24xU/IgAAAAAAAACIPN7Fhh8BMACMEUmJCRFpO14RkgMAAAAAAABA5PEuNvwIgAFgjEidkBKRtuMVf3MAAAAAAAAAQOTxLjb8CIABYIzImJyq5KTEQdslJyUqY3LqCFQEAAAAAAAAAABGGgEwAIwhOdmZA4bAyUmJysnOHMGKAAAAAAAAAADASIqPdgEAgPBJSIhXXu5U2Zpb1drukMvtkRRY8zd1QgojfwEAAAAAAAAAGOMIgAFgDMqYnErYCwAAAAAAAADAODQmAuCqGqt27HpD1tr64LHMjDRtfvh+zc+3RLEyAAAAAAAAAAAAABg5o34N4GMV1dq6bWeP8FeSGm12bd22U8cqqqNUGQAAAAAAAAAAAACMrFEfAO/YtT+4bcnJ0tr7imTJyerzPAAAAAAAAAAAAACMZaNiCmiH06XX3jqqqmqrJMmSm6219xUpxZykRps9cCwnS9/42mclSevWFOtb//GsrHUNwfMOp0t79pUGRwrPL7DonttXKMWcFIUnAgAAAAAAAAAAAIDwi/kA2OF0aeuPe07xXFVjVVWNVZvW3xU8tmxJQY/rli0pkLWuQZJUXlGt3d3C364+jlVU64kvbiQEBgAAAAAAAAAAADAmxPQU0H2Fv12stfXaum1ncP/6ELf7/tPbd/Xfx493yuF0hbFqAAAAAAAAAAAAAIiOmB4B/OqBI8Hg1pKTpcc3b5DZnKSt23YER/d2nSsuXNLj2uLCJSopq+zV7oktmyQp2Ie1tl6vHjiidWuKR+CJAACIrnaPTTW2Up23l+tSW5VsTqva3Ffk9jrklz/a5SGMDBlKNKVoYuIUZZgtmjZxvmamLVN+RpEmJGREuzwAAAAAAAAAEWL4/f6Yfdv779t26FTNBUnSt598VJkZaZICI4NLyirkcLqUYk5SceGSPqdxHqidw+nSV/7hR5Kkefkz9PWrwTAAjFZOR2dI7evrL8swjOCXpAG31X1bgXCpz3bdvg927PrtoewPdrw/obY3p8T0Z6RCdrjuNyq/vEcf2A5GuxTEgLkZt2nZ1LVamfNQtEsBAAAAAAAAQn6/jYGNmrfb5m4Bb4o5SffecUuP8w6nSxeujvY1JyfKkpvdZzsAAMaTN879RAfPb1eru2Hwxhg3PrAd1Ae2g3q5Zqtum7lZd+U9Fu2SAAAAAAAAAIRJTAfAlpzs4AjgrT/eqSe+uLHPkb7Pv7hfr711tNfx5UsKdM8dKzQ/39LjeNfawt3vM1KcHW794OcvqPbiFf3N//mUZs+cPmD7Fnu7/n3bDnk6vfq7Lz+iyZMmhnS/hsZm7d1fJklas7pQWZmTh107AGD0+NPll/RyzVY1Os9FuxTEsFZ3g/5Y/W96t3aH7s9/QjdNfSDaJQEAAAAAAAC4QXHRLmAg69YUy5KTJUmy1tarpKyiz3YlZZV9Hj9WUa2t23Zq+/Mvy+F0dWtf0WNt4Wis/+vscOnl18vk9foGbHfgnT/pckPTsO/T1u7Uu8eq9O6xKrW1O4fdz89++Xs9+rX/0J59pcPuAwAwMl44+aR+XfFlwl8MWaPznH5d8WW9cPLJaJcCAAAAAAAA4AbFdACcYk7S2m7hbPcQt7uHN6zusZ+ZnhYMjqVAQLxj1/4++9m0YXWfo4pHQmXVWX1w5kK/5y/V23Sg9E83dI/ZM6frB099ST946kuDjjYGAIxuTR212nb4QR2qfS7apWCUOlT7nLYdflBNHbXRLgUAAAAAAADAMMXkFNDHKqq1Y9d+NdrsPY73F9QWFy6WJG1//mVJUmOTXevW3C8pMD20s8OlkrJKWXKydO8dt/ToZ+u2wFTQmRlp2rR+tZYvKQj78/TH5fbo5dfLNGfmdCUmJvQ45/dLBw+9p2Z724jVAwAYvS63f6D/Of5XjPrFDTvXclTPHP1zfe7mn2nqhLnRLgcAAAAAAABAiAy/3++PdhHdVdVYg6Fsd5acLD2xZZNSzEnBNX+LCxdr88P3B9uUlFUGQ2BJ+sZXPyNJ+tZ3fykpEPJ++8lHA2sAb9sha11Dr/ts2bw+oiFw1xrADY3NmpaVoeqztfrCIx9V4fIFPdpZ6xr0vZ/+VtlTJsvt6VS7o6PHGsBut0dl5VXa/3a5ai9dUWenV4mJCVp58zw9tPZOTZxgliQ1t7TpX38YGAnWdX33Y1/6/Aa9euCIDh8/Jbfbo8mTJuqTD9yuD69YJMOQ9uwr1e69Jb2ew5ycFFzD2O+XTlaf1wsvvaXztZfl90tZmZO1/v5iFS5bIMMIXHPm/EV976f/q9zpU/TIJ+7W7/7wlk5WW+X1+jQtO12PbLhbC+flBe/h8/l1vLJarx8s1+nzF+V2exQfb9KCAos+/cl7eqxn3FVn17Thv9lzQA2NzTKZ4rR0wWx9+lP3aHJaz/WTnR0u7Xq5RIeOnlBbu1Px8SZZcrL1iY/dpgUFM2UYGvKzAbHA6egMqX19/WUZhhH8kjTgtrpvSzLUT7tu3wc7dv32UPYHO96fUNubU2LyM1J9auqo1TNH/5zwF2GVac7Toyt+pfTk3GiXAgAAAAAAgDEu1PfbGJjpm9/85jejXUR3W3+8U86rUzRbcrJ0Z9HNWr6kQJs23B0cufv9Z16QFAhJG5vswcDWkputxiZ7MNgtXL5Ac/JygsecTpeWLynQlIxJKly+QJNSUzQnb7qcTpfsrQ5J0unzF3XvHbdE7Pk6O706dPSEXG6PPvmx21VZdVYNjS265aZ5Sog3SZK8Xp/+96UDqr14RQ+tu0vnrJfl7HDr9lVLlZycKEna88o7+s3uNyW/tKDAorwZU+V0dqiq2qoLdQ1asXSuTCaTOlxuHXw3sHZy1/Vdx5xOl/70fo1sTXYtmpcnc3KSLtXb9Kf3T2v61AzlTM2U0+lSfLxJzg6XnE6XLLnZWjw/TzNzs7VoXp4mpCSrrPykfvrsHrU5OrSgYKbyZmTrcoNN7xw5ofj4OM2dM0NSIIx+58gJud0eHTp6Qj6fX4vm5cnn9+viZZveO3FGCwoswZD73WMn9bNfvSSHs0MFs3OVPytHXq9Pp89d1PunzmrFTfOUnBT4eZyquaCqGqta2xwqPRwY7Z03Y6rsre06d+Gyzl+o1/Klc4M/44bGFv3b08+r4uQZpaQka+nC2crKmKSz1ks6XF6l+fkWZUxOHfKzAbGg0zPwmuLXa29vJwAeQEJCTK+S0MP28s/rYtvJaJeBMcbZ2SKr/bgKczZGuxQAAAAAAACMcaG+38bAYm54U9e0z5acLH3ja5/tdd5aW99jv6SsUpKCI4Gv2FqC5yw52ZICawJ3cXQEwuUUc1Iw6F23pljf+o9nA4HyddNOR1Lu9CkqXrlI+948oiPHq3TbqqWSpPO1l3W88rSWLy3QvDkztO+Nw72uvWPVUn1o+QJNz84MjkJ1uz364X+9qFOnL+j0+UtaUGAZ8P7ODpeWLcnXZzfep3iTSX6/tGdfifbsK1XZsSqtWDpPy5YUaNmSAv3sl79Xoy0Qtq+9ryjYh7WuQc+/uF+T0ybqK49+UtOyMyQF1ll++hcv6o23j2vlzfOVPeXaaN2W1natW1OsB+79sAxD6vR6tf25l/XusZM6XlmjWZZpkqSlC+fo7/6/TytvxlTFxQUe0u+XfvmbfXrr0Ht678QZ3fahJT2eyd7m0Fce/ZTyZ+VIkhoam/Xdn/xW52svq+7SFeXPylGn16udu99Q/ZVmFa1cFHz+rp9h9dk65VmmDuvZAGCkvXDySZ1rORrtMjBGnWs5qhdOPqlPLngq2qUAAAAAAAAAGKKYHd60rJ9pmLsC3O5Kyiq1ddtObd22U6dqLkgKBMhdI4Ybm66FuinJfa8j3N/9IinOMLT61uWakjFJ+948rJbWdnV6vfrDa+8qPt6k++4qVGenV80tvdcBzkhPU87Ua+GvJCUmJih1olkeT6ccjo5B75860aw1dxUGw0/DkOblW5SQEK+W1nZ1uNyD9nHq6qjb5UsLggGpFAjY7yq+Wc32NtVdutLjmqlZ6bqz6KZg7fEmU3Dq58sNTT36mD1zWjD87aoxfXKqJKmpubVXPSuWzg2Gv5KUMTlNudOnyNnhVou9PXCP+ibVnK3VpLQJ+vhHPhx8finwM1w0L0/xJtOwng0ARtKfLr+kQ7XPRbsMjHGHap/Tny6/FO0yAAAAAAAAAAxRzI0A7lJeWaN1a4p7He8a1RvYztIVm13ODpeqaqw92s3LD4x+bbTZg6OEM9PTZMnNVl/KK2vCVXpIMjPSdM/ty7Vj1xs6dOSEpk/NVMXJM7rntuWaMT1LLfY2+fpYprnD5db+t8t16MgJNbW0yuHsHYwPJiEhQRNSknscS0qM7xGIDuas9ZIk6ZU3j+iVN4/02abucmOPgH3iBLPi43v+6vUVzHd6vXr36Entf/uYrtjsamt3DlpP1/TRXUymOCUm9LxXQ2Oz2to7lD8rR6kTJ/Tb13CeDQBG0ss1W6NdAsaJl2u26qapD0S7DAAAAAAAAABDEHMBcGZ6WmDN3tp6bd22U/MLLEoxJ6lo5WKlmJOUYk6SOTlJzg6XHB0ufX3LRv37tp1yXh0ZPC9/hiw52cHw+FjFB8G+nR0uOZyu4MhgKTCd77btu4JTS3efLnqkrFqxUCWH39crbx5RcnKi0ielavWty9XfcpVut0c/+Z89qqw6q/h4k3KnTVHOtExJ0qnTF0Z0GmuvNzAnuyU3WzOmT+mzTc7UzJD79ful51/crzdLjisuztDUrHQtnj9LcXGGLly80msq8FD4fH75+wjVrxepZwOAcHjj3E/U6DwX7TIwTjQ6z+mNcz/RXXmPRbsUAAAAAAAAAIOIuQB404bV2rZ9lySpqsYaHNn7dlmlnvjiRqWYk7R8aYFKyirVaLOrqsaqf/zaZ3WlqUXz83uveVtcuEQlZZWy1jXI4XTp7556Rt/46meVmREIel89cKTH6OFNG1aPwFNKXq9Xbo9HUmBE7P13rdR/PfdHtbS2a9P6u4L19aXZ3qYLFxuUlpqir2/ZFJye2O+XfvrsnogEwCZT37OFz8jJUll5lWZbpukzD30kbPdzODt05txFJSTE6/HN67V4/qzguV0vv31DAXBmRppSzMlqaGxWa1u7zMmJfbaL1LMBQDgcPL892iVgnDl4fjsBMAAAAAAAADAKxNwawMuXFGjL5vW9RuJaa+tVUlYhSVp337WpoffsK+0V/jba7HrtraPB0b5PbNkkS06WpMCI36f/+9qIX0tutszJScpMT9OWzeu1fISm83W7O9XebZ3e5TfN1YeWLVDB7FytXDZ/wGuTEhOVEN87uz99rq7XVNjhMv3qSNfztfXq9HqDx5cunKPUiSk6+t4Hqjlb1+Mat9ujk9XW4EjaUMSbTEpO6h3MNjS26N1jJ0Pur7vp2RmaPXOaWuzt+v0r7/R4nu41R+rZAOBGHa77jVrdDdEuY1TKX/KmvnPPaX3n9l+o8Ab6efDDp/Wde07rmyv+cmgXLNoXuO+dv9YdN3DfaGp1N+hw3W+iXQYAAAAAAACAQcTcCGApEAJ3BbHHKqqDI4K71rkNrJu7Ihjybt22U5bcbC1fUiBrbb2qaqxyOF09Rg0/sWWTtm7bIWtdQ2B66R/v1BNf3Bi411Nfitqzdok3mfT5T390SG3TUido8YJZerPkuL79w+e0aF6enB0unTl/qd+Rujdq6cI5evXAUR2vrNE/f+9XmpmbrbtvW6G8GVN1/+pC/e6PB/VvTz+vOXk5ysqcpNY2p06dvqB4k0lffexB5c2YGtL9kpIStOKmufrgTK22/fduLZw7U3GGoaoaq8zm3usFhyIxMUHr1hTrfG29Sg+/rxMfnNfc2bnq7PTqZPV5GUacvvrYg5qZG5lnA4AbVX55T7RLGKU26o70qx8YSyxS4Wyp7Ex0Kxptyi/v0cqch6JdBgAAAAAAAIABxNwI4O4cTpf27CsN7ndfu/fhDatVXLg4uG+trdfuvSU6VlEdDIq7gt6BRgJ3tR1NDEPauPZObbj/VhmGobLyKl1uaNJfbFqjeX1Mgx0OlpwsffWxBzUnb7ouXm5U6eH3ZWuyyzCkj9y5Ul977CEtnJsXDFVPnb6gubNz9eUvbNDM3OEFpKtvXa6/2LRGKeYkHa+sUc25Oq2//1YVr1w8+MWDmJM3XU/+9Z+p6JZFcrs9Kiuv0nsnz2hadqYe+9xazcydGtFnA4DhavfY9IHtYLTLGJ1mb1RBoiS/JCUpL+uflBHlkkabD2wH1e6xRbsMAAAAAAAAAAMw/H6/P9pF9Of5F/frtbeOSgoEkE9s2dQjBJYCI4T37C2Rte7aVJiZ6WlKMScFj1lys4MjgQMjhncEz6WYk/TEFzfKkps9Qk8FAJHhdHSG1L6+/rIMwwh+SRpwW923JRnqp12374Mdu357KPuDHe9PqO3NKTE5SYb+dPkl/briy9EuI6LuWHZId+gZ/XP5z8PYq0UbPvSmilIl2+Wd6sjeqBzDqvJjd+q5YeSZD374tAonSM6mf9E3jw6hzkX79J3pBVJnqV568890IPRbxow/W/JD3TT1gWiXAQAAAAAAgDEk1PfbGFhsvt2+ylpXH9zuK/yVek4X3WizKzMjsHZw96C3+5TP108H3TUS+PG/WE8IDACIeeft5dEuIeKyk7OUqoLwdprxNc1PleSvVFXN/5U9ab1yJluUP3OjZNsZ3nuNceft5QTAAAAAAAAAQAyL6Smg++NwuvTaW0e1Z19pcB1gScHwV1KvKZ8Hmg660WbX0/+9S402+8g/DAAAIbjUVhXtEkalwplFgeme20r1olN6va5UrZJSJ2/U3f1eZdGyub/Q1+44oe/cc1rfuee0vnnrr/XA1P6XW8iY+vfa/OFyPXV3oP137nxTfzV33ZiaaprfQQAAAAAAACC2xXQAPL/berZd4a3D6dLWH+/U8y/u1+69JXr+xf3Bc9cLNQT+1nefHZVrAgMAxg+b0xrtEkahx1U4OUuSS+ca/iVw6OIzqnFKMq3Q0nl9B7oLFv2XHpp5l7ITkiS/S51elxKSinTHov9SnqmPC6Z8W5sX/aUWTEhTvCF1el3qjLMof+Z3tDm19ywmoxW/gwAAAAAAAEBsi+kA+N47bukR3n7lH36kr/zDj2Stre/Rzlpbr5Kyij77CCUEdjhd2v78yxF8IgAAbkyb+0q0Swgzi/Kz12nZtGtf5jhJcZN6HFuWXTTsUbQZ8+4PBLbuUpWd6Tpaqr3N1ZKknClfU36vi76tB6YVKF6Ss+k/9P3XF+rJNxbqydK/VrnTouzk6y8o0oMFG5UdJ8lTqr1lcwLt99+p5y5ZlTGx/1HDo83Y+x0EAAAAAAAAxpaYDoCvD2i7s+Rk6YktG4P714/c7ZomutFmH1IInJkemD66vKI6gk8EAMCNcXsd0S4hvGZ/T59f+p96ZPG1ryVmSeY1PY49svQXenj2cG5QpDVTFkuSbE3PqKzbGduZUtX5JZmLdMf0nlfl5xYp25DkPaoDR59WXdcJ5249d2qvbNffJuOzyp8gSS6ds/6ZXg+uKmFVeeU/qsI5nNpj05j7HQQAAAAAAADGmPhoFzCYroD21QNHVFUTmHLQkpOtdWuKlWK+Np1ieWWN1q0pDu5v275LVTVWvXLgiL795KPBfrZu2yFrXUMwBH78L9YrMyNNKSnJamxiDWAAAEbUmb/RL9qXK7XbR9KWzvlPLdFePXf6j9cO+hp0vr735YOa/qjyzZL8laqqKe15zvmPeq9lo3ImZ6kg53Hp4tPBUwVJ2YENx1G9fn2fttdV716njMRuxyZnKU2S/NU6d+b6C0p1or1By8y9P9AGAAAAAAAAAOEW8wGwFAiBu4e73WWmp6mxyS5rbb2+9d1favmSAh2rqL42TbS/Zz/Xh8Df+u6zysyYFGzfNRIYAIBYlGhKkcvbHu0ywsiqmvqea8oWzPpPSS0qv7T7hnu/O6dIqYFeVbjqhAqvb2AEPkwWP+l+bTA/rRevjtRNjQ8cd3b2lTrvVqvnP6XuAXByWuCPKq9drX1cUe5p0SMaGwFwoikl2iUAAAAAAAAAGEBMTwE9FJs2rA5uW2vrtXtvSY81grufl3pPK+1wugZsDwBALJmYOCXaJYwe5n/S0klXZwsxkhRv6uOr6y8hY7Hm5xcFL23tDCwtYY7P7qPjdUpNuO5Qh12dkmRKuxo497QsYdKNPUsM4XcQAAAAAAAAiG2jYgTwQJYvKdCWzeu148X9PaZwzkxP06YNq7V8SUGva7pC4B279uvYe9VydrhkycnSpg2rNT/fMpLlAwAQkgyzRY3Oc9EuY1TIz79LOYYk9xv67Vuf77H+b3cZi/bpb6cXKCP9URWqVGWSyhxW3T2pQEpZobulntNAZ9yt7MTrOrlYLdvsFco2CpQ3W1KPaaCLtHDC2Bj9KwV+BwEAAAAAAADErlEfAEuBELivoHcgKeYkbX74fm1+OEJFAQAQAdMmztcHtoPRLiOi6jsa1KrqG+xlo+5IDwSVtqZn+g1/Jcl2plR10wqUk1ikwtlS2Zlux0wrdMfKv1fd4X/RSUkyr9Mj89Yo4/pOnE+rpnWjslOTlGf5rR5ofVAvXZEki5Yt/ictMd/g48SQaRPnR7sEAAAAAAAAAAMYEwEwAADjxcy0ZdEuIeIOlK/SgRvtZPZGFSRK8leqqqZ04LbOf9R7LRuVMzlJeVl/L535F8n5j9p7qUifmV4g86S/1Oa7P6NOn6S4JMX7q1XvKlB2UvdOrHrx9E7lL92o7IQVuuPm0yr2ugJTT8e5VN/eoOwxMgp4PPwOAgAAAAAAAKPZqF8DGACA8SQ/o2jwRuOeRRuyVgQ+5dZWqhedg1/xel2pWiVpYpE2XB2te/L9+/TLc2+o3uMKriHscR9V6ftf0LnOPjq58n/1H+/9XCfb7er0K7DGsK9B5y78rbbbW8L2dNHG7yAAAAAAAAAQ2wy/3++PdhEAgBvndPSVSPWvvv6yDMMIfkkacFvdtyUZ6qddt++DHbt+eyj7gx3vT6jtzSmxO0nGz499dsxPA43YNDfjNv3l8mejXQYAAAAAAADGmFDfb2NgjAAGgHEq1EAUsWPZ1LXRLgHjFL97AAAAAAAAQOwjAAYAhKxr9C+iY2XOQ0pNHBvryWL0SE3M0sqch6JdBgAAAAAAAIBBEAADADAK3TZzc7RLwDjD7xwAAAAAAAAwOhAAAwB6YXro2HdX3mPKNOdFuwyME5nmPN2V91i0ywAAAAAAAAAwBATAAIBhIyiOrvvzn4h2CRgn+F0DAAAAAAAARg8CYAAARqmbpj6gVbmPRLsMjHGrch/RTVMfiHYZAAAAAAAAAIaIABgAgFHskwueUt6kFdEuA2NU3qQV+uSCp6JdBgAAAAAAAIAQEAADADDKPbLk+6wHjLDLNOfpkSXfj3YZAAAAAAAAAEJEAAwAwCiXnpyrz938M0JghE2mOU+fu/lnSk/OjXYpAAAAAAAAAEJEAAwAwBgwdcJcPbriV34WvvEAAAcpSURBVEwHjRuWN2mFHl3xK02dMDfapQAAAAAAAAAYBgJgAADGiPTkXG1Z+Vutyn0k2qVglFqV+4i2rPwtI38BAAAAAACAUczw+/3+aBcBABhZNluL2lrbJUmGYcgwjB7b3feD37u3UR/n+/g+2LHrt4eyP9jx/oTa3pwSH1L7WPOnyy/p5ZqtanSei3YpGAUyzXm6P/8J3TT1gWiXAgAAAAAAgHHI6eiMdgljCgEwAIxDly9dkcvlltR36BuuAHgooS8BcGS9ce4nOnh+u1rdDdEuBTEoNTFLt83crLvyHot2KQAAAAAAABjHCIDDiwAYAMYZv9+v2guX5fP5JBEA92esBMBdDtf9RuWX9+gD28Fol4IYMDfjNi2bulYrcx6KdikAAAAAAAAAAXCYEQADwDjjcrl16WLDgKEvAfDYC4C7tHtsqrGV6ry9XJfaqmRzWtXmviK31yG/+JNgLDFkKNGUoomJU5RhtmjaxPmambZM+RlFmpCQEe3yAAAAAAAAgCAC4PAiAAaAcaat1aHGxqaYDID7CmkJgAEAAAAAAABgbCMADq+4aBcAABhZXWv/AgAAAAAAAACAsYcAGADGGZc7tAA41JGzkeoDAAAAAAAAAAAMjgAYAMaRjg6XPG5PtMsYMoJjAAAAAAAAAABCQwAMAONIh9MV7RIIdQEAAAAAAAAAiCACYAAYRzo6biwAJrwFAAAAAAAAACC2EQADwDjR0eEKKQAm7AUAAAAAAAAAYPQhAAaAccLp6Bi0TThCX4JjAAAAAAAAAACihwAYAMaBzk6vHM6+A+AbDWwJfAEAAAAAAAAAiB0EwAAwDjgdTrld7uF3QMgLAAAAAAAAAMCoQAAMAGOc3+9Xe7uzx7FIjNplJDAAAAAAAAAAANFHAAwAY1x7u1NOZwcBLQAAAAAAAAAA4wABMACMcW1t7YO26R4ODzUojmagTJgNAAAAAAAAAEDfCIABYAyzt7TJcd30z12GG6IaCl/4SpALAAAAAAAAAEB4EQADwBjV2elVW1v7sEb3AgAAAAAAAACA0YkAGADGKLu9VR0drhvqg8AYAAAAAAAAAIDRhQAYAMagjg6X2lodUa0h1PCYsBkAAAAAAAAAgBtHAAwAY4zf75e9pU0ejyfapfRCyAsAAAAAAAAAQGQRAAPAGNPcbFdra1u/5/tbE3iwtYKHG94S+gIAAAAAAAAAMHIIgAFgDHG0O2VvCYS/gwW6Q0aACwAAAAAAAADAqEEADABjhMfjUXOLfUhTP4cy8neo/Qzn+pESq3UBAAAAAAAAABBuBMAAMAb4/X41NdnlaHeGLdwdyGgJfgEAAAAAAAAAGG8IgAFgDGhqalFLsz3aZYwIwmYAAAAAAAAAAPpHAAwAo1xzU4tstpaw99tX0Gpo9IWvBMYAAAAAAAAAgPGEABgARrGWllbZbC3y+3xDmu55JKaHHqrB7k9wCwAAAAAAAABA6AiAAWCUamlpla2xWV6vd8B2oQap4QhjCW8BAAAAAAAAAIgOAmAAGIWam+2yNTbL4/H0OD6UEb4hjQIeIMglFAYAAAAAAAAAIPbER7sAAEBommzNamqyq7OzM9ql9MA0zgAAAAAAAAAARB8BMACMIleu2AZd8zdSoasho8/+RzLkJVAGAAAAAAAAAGBgBMAAMAq43W7ZbC1qbrLLMK4FoYMFosMNiW8kaCWkBQAAAAAAAAAgegiAASDGtbc7ZLO1qL3NMWC74a7zG8p5AAAAAAAAAAAQ2wiAASBG+f1+2WzNam6yy+MJrPfbVxY73IB20BHBA/R7o6EwoTIAAAAAAAAAAJFBAAwAMcjhcKrJ1iK7vU1S32FtKKN5I7Yu8DBqGajdUNqHgqAZAAAAAAAAADDeEAADQAzxeDrV3NyilpZWedxdo367Qtb+r4v0lM+GhrbmMAAAAAAAAAAAiC4CYACIAX6/X83NdrW02OVo75A0tLA1lEB2WMFviIEvATEAAAAAAAAAANFFAAwAUeT3+9XS0qpWe5vs9rZeAer1o3/7mnJ5oGNDEer6v9FCuAwAAAAAAAAAwOAIgAEgCtxuj9pa22VvbVNba3u/wW+oQgmGh3qPrumfQ7ku1DV/AQD/f3t3kNMwDEQBdI7ABnH/4yE2SCRxnNoJiy4QtA2OmrYgvbdxJGdsLyN9eQIAAAAA+xAAA9xR1/XRffTR90OklCPiNKg9HWN1/ufzOa3tn7cEty01W9dsWQ8AAAAAALhMAAxwQ8uyxDCk6Lpj6Nt36ddbultc2wp6rf2zIPZven17f/QRAAAAAIB/7OX56dFH4MYEwAA7muc5UhpjHPNxTGMMw9gczu51+3fPfwRfWnfL3LX78sXHGQAAAAAAawTAABvUWmOel6i1RCk1pukQpZSYpkPknCPnKcqhfqv57ZbvWrjbUtfybkvN2blYP9O9WjgLjgEAAAAAoM0ndgbIzw0lQu0AAAAASUVORK5CYII=" height="600" width="800"/>]]>
  </system-out>
</testsuite> <!-- testcases.QuickLaunch_cb -->
