<?xml version="1.0" encoding="UTF-8"?>
<!-- Generated by org.testng.reporters.JUnitReportReporter -->
<testsuite skipped="0" hostname="DESKTOP-OT8VNT7" name="testcases.LoginTest" tests="2" failures="0" timestamp="2022-10-31T15:57:55 EDT" time="20.677" errors="0">
  <testcase name="LoginSuccess_001" time="9.009" classname="testcases.LoginTest"/>
  <system-out>
    <![CDATA[Login Testcase
<img src="data:image/png;base64,iVBORw0KGgoAAAANSUhEUgAAB4AAAANOCAYAAADwDxERAAAAAXNSR0IArs4c6QAAIABJREFUeJzsvXuQLcdd5/nNqvPq7tOPe7vv+ynrbVtijMLLYmN5hsUwDBiIdUAsSzi8RDDsHyuzsRMQLCy74Zkhlt2BmAd27AADS3gjCBMemGAwDCN5MMg2NmAkS7Zky5KudK9079W9fbtvvx/nUZX7Rz1OVVZmZWZVVp3T3fl1WHmzT1Xl4/c7n/P7VWWeQyilFFZWVlZWclEftL8DMtgB3V0F9u+Cbt0ENm8Cm9fgr1wBXb8CbNwACACKbAmAkHLdEJ7Oa4/TPnu4rE4BOETh8jQYW24p6I6szp8F5oxUA4K6dIJKlPFA2QlRGlB5adrfVHNxPRxuZjpy7F+2jBRNd/SC0NzpMxTqReyf1wGVUjTDElVsb9Pt5/GmUFnA3yJVxp9aeMOWiQnR8R9dTQhvdD5vjJY5vInrQlXEm0L8Ec4wU2dUs/3Ltl8Lb+rkDzfeMfH5o+t/7IQk6geYP9J3xwTzRz7+cfJHeYaZOqMJ509kf/Zwne6b5k+kQrxhzxgbf6IJrJk3rCr2t0L8EXTLVBmJ5U9x3rD1kvzR8Z9Dxhu2fdXRHmzeMPUq3wH2/s4Bur9jZXW05P7m9fjfd9e3sLWzi15/AABot5qYnZnG8YXZ+BhiHwBbWVlZGVRvC/7KN4HbX4N/63ng1lfh3/oa/9gwcCFAoYCuXKqrH1ATUlVAzZZgIj6+Sic4BRIacwmO4jRVqVLtiUZc0v6F/IkdkKjODJ+X0HDOrqzkJTSC2a1EY02g5LwxXmrzxjB/DPCmFH8mkTd18qf2B6ZMXdCd2viTM9xa+DNR/jdO/oAxSKKe4z/avGFLy58KeMPWNflTyJ/YAYnqaU1CvJMZvuLsGtFE8iZSlbxhS4wMcsB4o8oftQ6yJxhWqfZ1Catj/6r4wwyfxxsOf+rkjSp/jGis/ifgTYY/FVrgENzf0eKNaACHmj9F7F8Pf6ysjpLc37yOwWCIm8ur2O/1ucd02i2cPbmIZrNhHwBbWVlZVSqvB3r9b0Df/BLotS/Av/bFxIvpAIYwsYw0AE4kVLXtQAg7kIrfD2SAK5NCAGw8sNUMgCUrUEsnULJSwd9UZ7OQ6vY3rfYLJEwmEmythCk/gVLlz5FZAVwr7zR5M64dNwX4Y5Q3dfKnVvuXbb8C/ij7H9th1Tp/uHG9gP0tf4pqnPxhBxxVa+YNWxbwt5zZNMOfOlWIN2zdMH90/OcA8Ib1NxFvMs+Pq9BE8CZqr0reCPyHxxvWHRM9Ns4fA/4nml0l1Wp/3fbZN0AF/Cn8eccOIH94wvoY+JOarRz+jN/+ZdtX8JeJy7fS5STyRzSbhTRu/lhZHSC5v3kd127cFj78jdRpt3Dp3Cn7ANjKysqqTvmvfw706l+Avvbn8G+/kH4xGXA7kAQ8/JCLlAn5FAPe7E5gdgCiukQ1B3iihIsNsKsK81UC7kjmp0Mx4akywZEmPJr+U1aa/qfq/SYTLNV8SCkhK5VgiVowzxtl/9Hlz5gTTC5v6uRPznSbv8Es4k3UoTHwR/OBtnGV9L9J4E8kJd6UGr9qi+Pkj6Ysf7K8McYfBX+ZOP5wyipVsr1K+KNyHqe7xvijfEUDflDY39gBFFTdvAHT+zHwRjXeKT8dk8Qb1t/YCTEyYLl03tA5p8vqWrypkz9a46+JNxUuqMmopP11pcSbkvavij/lJeJPEfuXLUONmz9WVodYG//3N3Hn7rrSsSeOL9gHwFZWVlbjEN24DnrlP4O+/KfwX/uc8DiiEV+DE1DyEmzO4dol9zeBCwTU8ThhIP5LNcBG1JWG9hAG2CYTKJkMJ1SqvS9jf90yErdudPyiFk0k1IoJk6w+iTeQFXijeHqhhHp8K5TZBmvgj3DgiQmqmzd18qeA/SvnTeHxK7WYLsfOH5PjL6ADwJ9I5vkj4M1E88ewxsSfMp8/k8MfVd6wdYn9jfhXJIn/1M0bzfaN84YtFfwtUm38ybRQB29Y/4tkmD9HgDe5/pN4Qfh2V5Yh3tTJn4rtL5XK20P9cDO8qZM/qQ6J+FMBd6T+l5igA8QfWW8nmT+1vN+srA6Qrv8fz0h3/0bqtFv2AbCVlZXVWNXfgf+tP4b/0h/Bf/nPcgMcrYfB0TmpfzEhFfcGonpCVfw3gUMZXhE4iQFtYrbVAtoJSijT7aumdCYSKpn/sQMQ1fXGX+WCCW6pMnxmdkX1QqrU/xT8pSR/ipfR+GvmDVtWwBtV/gg7WKfq5o0Kf3T85xDyRst/dFUpb1hNEm9YfwNjkGLj1+ZPAftXzps6+aPVfk28sfGOUrxjRBPBnxp5w/qH4QUaRvhTcnSRCvOnTmm1b4A/lfNG4j8q3VO4+jh4Y8Q9auUNK/YNVid/QknjnWr4o2P/SvkzVvtL2s20r0rUSeKPlZVVpCv/619D9ZEuIcQ+ALaysrKaCA324L/4adAXP838TnBW0YNg7g0cQYAr+kbp0glWeGE2nsssCK9CRgPsAgFw4QBXMYGS1TXHL02YdEsDCZbq7HM1UQkWO2D2DWD0nYd8/4sOM5swZfzHgP3L+p+IN3WYvx7esHWJ/Y3MLDtAgQryJu/00vzRvA47u7myvJG/4XX8R3G4cT1sJrc75kedzxsBfyqRUf8zxJs6+aM5fuP8URi+Ud6wOhD8qfAdqB3v1MCf6kab9Ze6ecPKqL8p8EbF/lXyRoU/OSrNnwp5o2S+ieINW7JvgEnkTUn+8HhTJ394vKmTP0b9T/UdoWL/svxhByioa46/NG/Y8qjzx8rqAOnVn/+y1vH2AbCVlZXVBIluvAn/65+C/8Lvg66+mpvwBDtwR3VZxEQKJzxswBv3NuyHqcErDKNKCaaDTbh0uls24BYlXPLpmKSERzEBmjD7l21fOyErkGAZTcBSF8jyRuo/ZcvSK4RLaswJ5iTwxtwOiYPAm6idnNOr1CTypk7+5F5AxJ+KeaP1QLskfwzbX7t5Hm84/DHOnag8tPyJZzi/fsD5o80bthwjf+QdHCd/EhNkkjda48d4+KPZPdP8iaQ/fJnHKdrfyMjYGRTU6+YNq5LtF+bPRPCGbVDEG7ZeBW9Y/xPNaEmNmTei6aiNPzlv9+ru7yTqY8+3FE63srIqJPsA2MrKyuow6I0vwnvuk/Bf+LT00PgBrGKAxR4OSV2ldBTjS9WEqVAAzEuoMgmW0ZA+XfJu4LA3+KpUzQF2xl94CZXhBDvXf3gJlXD8qh5YxP5lEyrRDEs07oRKs/0yvFFNsLX8J6eelSJ/auENWyYmRMd/dDUhvKnyhp7M30S8ke+QqIg3hfgjnGGmzqhm+5dtvxbe1Mkfbrxj4vNH1//YCUnUDzB/pO+OCeaPfPzj5I/yDDN1RhPOH9EDBZ3um+ZPpEK8Yc8YG3+iCayZN6wq9rdC/BF0y1QZieVPcd6w9ZL80fGfQ8Ybtn3V0R5s3jD1Kt8BVd3fkScLgWr2PxFvcj/+FbtZljf68Y6V1eGWfQBsZWVldVg02IP/7G/De/a3Qe++Lj2cEOkhyaNBDAfU2r8JXPIBRukEp0BCYy7BUZymKlWqPdGIS9q/UKrADkhUZ4bPS2g4Z1dW8hIawexWorEmUONM4FV5Y5g/BnhTij+TyJs6+VP7A1OmLuhObfzJGW4t/Jko/xsnf8AYJFHP8R9t3rCl5U8FvGHrmvwp5E/sgET1tCYh3skMX3F2jWgieROpSt6wJUYGOWC8UeWPWgfZEwyrVPu6hNWxf1X8YYbP4w2HP3XyRpU/RjRW/xPwJsOfCi1wCO7vaPGGldOCPz0POrMEzBwD7cwD7RnQ5gzQbAFuczQi6oEMB4DXBxnugQz2QPq7IP1tkN4WiDeQtZZVLfwpYv96+GOlKxrYhPqgngf4Q2A4ALwB6KAHDHrj7qBVjuwDYCsrK6tDJv+1/wL6ld+Ad+Wz6fBHEFcBegEuJK8LA2DOAYT9seEqVWmCpRAAGw9sNQNgyQrU0gmUrFRIqFRns5BqTah12y+QMJlIsLUSppIJuIGEuihvxrICuFLesNLkzbh23BTgj1He1MmfWu1ftv0K+KPsf2yHVev84cb1Ava3/CmqcfKHHXBUrZk3bFnA33Jm0wx/6lQh3rB1w/zR8Z8DwBvW30S8Ud00VkoTwZuovSp5I/AfHm9Yd0z02Dh/DPifaHaVVKv9ddtn3wAV8Kfw5x07gPzhCetj4E9qtnL4M377l21fwV8K2N+fWQKdPwM6dxZ0/iRoez40anH+kMEenP0NOHvrIPtrcHbXJ5Y/otkspHHzx4oRBe3vA/090N6ufSA8YbIPgK2srKwOo+6+guHf/D/wnv2dMMiTJzi6O3KJoYSHkHRdWTUHeKKEi03wTSZYugF3JPPToZjwVDLSSPyEJzUhOv5TVpr+J03gOZcrm2BpJfA5dbUO5o1ezh9pafwGi6xucvzlxeVNnfzJmW7zN5hFvIk6NAb+aD7QNq6S/jcJ/ImkxJtS41dtcZz80ZTlT5Y3xvij4C8Txx9OWaVKtlcJf1TO43TXGH+Ur2jADwr7GzuAgqqbN2B6PwbeqMY75adjknjD+hs7IUYGLJfOGzrndFldizd18kdr/DXxpsIFNRmVtL+ulHhT0v4EgN+eBT12Af7iZdBjF8KdvTkdKjV+CmdnJf4/6W8LjhPxp4j9y5ZR18fMHyujosM+sL8Nur8d7BS2GqvsA2ArKyurw6rhPrwv/2t4X/5XwHA/G3pz4n3HSddlCRO7gbdogu04agF1JCPxX6qBKKBlW6gjwWYDaraDonpJGU6oVHvPs38tK5TZutHxKyTglSVUkST1SbyBzE6PuPfl/UFh+mvnTZ38EQ48MUF186ZO/hSwf+W8KTx+pRbT5dj5Y3L8BXQA+BPJPH8EvJlo/hjWmPhT5vNncvijyhu2LrG/Ef+KJPGfunmj2b5x3rClgr9Fqo0/mRbq4A3rf5EM8+cI8CbXfxIvCN/uyjLEmzr5U7H9pVJ5e6gfboY3dfIn1SERfyrgjsD//Jkl+CfuA128F7R7rHb+kP4O3J07cLZuw9m7qz2hst5OMn/G8nlvJRTt7YDubgK93XF35cjKPgC2srKyOuTyvvJv4X35X4NuvaUcXhLCCam4NxCZncAlQjjxDuRQhlcETmJAm5httYB2ghLKdPuqKV3xhEo9oWcHIKrrjT9qdpISanZ2RfVCqtT/FPxFwB/zN3RU+aM3Qm3esGUFvFHlj7CDdapu3qjwR8d/DiFvtPxHV5XyhtUk8Yb1NzAGKTZ+bf4UsH/lvKmTP1rt18QbG+8oxTtGNBH8qZE3rH8YXqBhhD8lRxepMH/qlFb7BvhTOW8k/qPSPYWrj4M3RtyjVt6wYt9gdfInlDTeqYY/OvYvMjp/ehH+qQfgn3oQaHflHaza/l4f7tZbcDZvwtlbL9i+KlEniT9Wkyba3wN21oOviLaqVfYBsJWVldURkPfcJ+F98V8Am9cBxQAXRD18U9oJnPgDG88l+1GZjAbYBQLgwgGuYgIlq2uOX5ow6ZYGEizV2eeqrgRLqX12wJH9I5lMsGX+Fx1mNmHK+I8B+5f1vwx/QtVh/np4w9Yl9jcys+wABSrIm7zTS/NH8zrs7ObK8kb+htfxH8XhxvWwmdzumB91Pm8E/KlERv3PEG/q5I/m+I3zR2H4RnnD6kDwp8J3oHa8UwN/qhtt1l/q5g0ro/6mwBsV+1fJGxX+5Kg0fyrkjZL5Joo3bMm+ASaRNyX5w+NNnfzh8aZO/hj1P9V3hNj+tDEVPPg9/Q7Q7vES/EkOEIm/KfAmZ/xksAN34ybczRsggz193rDlUeePVWHR3g7o1l1g2B93V46M7ANgKysrqyMi/2u/h8HnfwXYeAMAAVEM7YQ7czkRHjFwg1f5IfC4Az7BdLAJl053ywbcooRLPh3lE55Jv8FrXIbbl71blBIuxW4ZScBSF2AzfAX/KVuWXiFcUmNOMCeBN+Z2SBwE3kTt5JxepSaRN3XyJ/cCIv5UzButeKckfwzbX7t5Hm84/DHOnag8tPyJZzi/fsD5o80bthwjf+QdHCd/EhNkkjda48d4+KPZPdP8iaQ/fJnHKdrfyMjYGRTU6+YNq5LtF+bPRPCGbVDEG7ZeBW9Y/xPNaEmNmTei6VDhD104D+/8t4Eu3qPV5ND3sdb3sE5dbKKNHXcKe24HfbeNAWmBEgIHDlx/iLa/j85wH11vB3PoYZ4McazpoOk4nCuLPc7ZXYG7/iacrVvp18eebymcbnWoRLfvgm6vjbsbR0L2AbCVlZXVEZL33CfhP/3LoDvLcSAl/OZllvZEPV0smlBHpeg3gcFcX1TPinMGL6HKJFhGbh3wS94NHPYGX5WqOcDO+AsvoTKcYOf6T+IFobnTZyjUSybYJhMomcadUGm2Lxpt4bKAv0WqjD+18IYtExOi4z+6mhDeVHlDT+ZvIt7Id0hUxJtC/BHOMFNnVLP9y7ZfC2/q5A833jHx+aPrf+yEJOoHmD/Sd8cE80c+/nHyR3mGmTqjCeeP6IGCTvdN8ydSId6wZ4yNP9EE1swbVhX7WyH+CLplqozE8qc4b9h6Sf7o+M8h4w3bvupoDzZvmLphj6eNDvzTD8E79y6gPZPlDef+zs5giJtDF28581hpLwEkOCyr4KYYIQ3Q6GQ6ulAwJIKl/ds47a3hbMPDTKuhZH/i9eGuX4O7dg3EG+TOtEgi3uR+/BuZdTlv9OMdq3GJDvZBN1eAQW/cXTnUsg+AraysrI6YvK/8Wwz/8p8B/Z3U3/NT4VHERgBpQE0MhHSZncclH2CUTnAKJDTmEhzFaatSpdoTjVijrPyBqcR/eAkN5+zKSl5CI5jdSjTWBKqeBL4cbwzzxwBvSvFnEnlTJ39qf2DK1AXdqY0/OcOthT8T5X/j5A8YgyTqOf6jzRu2tPypgDdsXZM/hfyJHZContYkxDuZ4SvOrhFNJG8iVckbtsTIIAeMN6r8Uesge4JhlWpfl7A69q+KP8zwebzh8KdO3qjyx4jG6n8C3mT4U6EFDvj9HX9qAf75d8E/+w6lGb++5+Gacxy326cR7MIAAB+E//Q3FiFusoaUY1CS8tOT+2/hkn8X5zu8XcFZOZs30Fi9CtLfrIg/RexfD3+sJkt08w7o7ua4u3FoZR8AW1lZWR1BeV/4vzD8/K9wA1xAHlY5RD3siq9XIMGRxMJ6qjTBUgiAjQe2mgGwYAVq/HL6aP0ESlYqJFSqs1lItSbUuu0XSJhMJNhaCVPJBFwzoS5SpmYv8cJYVgBXyhtWmrwZ146bAvwxyps6+VOr/cu2XwF/lP2P7bBqnT/cuF7A/pY/RTVO/rADjqo184YtC/hbzmya4U+dKsQbtm6YPzr+cwB4w/qbiDeZ58dVaCJ4E7VXJW8E/sPjDeuOiR4b548B/xPNrpJqtb9u++wboAL+FP68YweQPzxhfQz8Sc1WDn/Gb/+y7ef7iz97Gv6ld8NfvCy1/7U9Hy83z2C7OcdthoAgfiBMaei+wfnBa054aPAjbg4BRo9mHIACfuQYFKDUR3ewifv7N3F5SuxfkZzdFTTuvgays1o5f0SzW0jj5o+VcdGdddCt1XF341DKPgC2srKyOoKi/R0M//yX4D/7/4IXKans4CWQR3z868S9kNQDCR8C1xzgiRIuNsE3mWDpBtyRzE8HJ2Sv+waL9IZLfgJtXJr+p+r9JhMsrQQ+p67WwbzRi1rQKI3fYFHjj5nxlxeXN3XyJ2e6zd9gFvEm6tAY+KP5QNu4SvrfJPAnkhJvSo1ftcVx8kdTlj9Z3hjjj4K/TBx/OGWVKtleJfxROY/TXWP8Ub6iAT8o7G/sAAqqbt6A6f0YeKMa75SfjkniDetv7IQYGbBcOm/onNNldS3e1MkfrfHXxJsKF9RkVNL+ulLiDcf+3vxZ+G97D+jc6dzr39r38M3GGWy0j4P3KCV6yOv5Plx31BNKKRzHgT8YotlsgsIB9X0AgOO4AGh8PUqD82h804zC92l4D41gvreKh72bON1O7iIG2AklvU007rwKZ2e5gP3LlowBxsUfq4kQ3d8CXV8edzcOnewDYCsrK6sjKnr3CrzP/jy8Vz4L4oAb8Ca/OIYXrqnuBFZOsCTtgLleuQlINsRk9NXeWoAwozCZQMlkOKHSTrgNJNSlEm6j41dIwAsn1IoJk6w+iTeQ2ekR9768PyhMv6r/lB8/22AN/BEOPDFBdfOmTv4UsH/lvCk8fqUW0+XY+WNy/AV0APgTyTx/BLyZaP4Y1pj4U+bzZ3L4o8obti6xvxH/iiTxn7p5o9m+cd6wpYK/RaqNP5kW6uAN63+RDPPnCPAm138SLwjf7soyxJs6+VOx/aVSeXuoH26GN3XyJ9UhEX/KjdSfvwDv3veAzp4UTDDBYOjhxcE0rk1fRvh8NnhgG703Et2lFCBOtLkCIOGrhBAQP7isAwe+7wEAHOKAUgqf+qAAXMcN6iR9526E2uAfl3av4p3NHTQd9kHwSE5vE43VV+Fs3U5NJzu93OkGJoo/Y/m8tzIm2tsBXbs17m4cKtkHwFZWVlZHWN6rT2H41M+B3n0dJBnNJSImEv2XewMxKImTH1CX+03gqEdRe0A6wkShAG8SA9rRWBUD2glKKNPtq6Z0GmXhhJ4dgKiuN37egolc/ylbqgyfmV1RvZAq9T8Ff8nhz9h2YGlImzdsWQFvVPkj7GCdqps3KvzR8Z9DyBst/9FVpbxhNUm8Yf0NjEGKjV+bPwXsXzlv6uSPVvs18cbGO0rxjhFNBH9q5A3rH4YXaBjhT8nRRSrMnzql1b4B/lTOG4n/qHRP4erj4I0R96iVN6zYN1id/AkljXeq4Y+O/ZPHe3Nn4N/3OOjsCWGbd3oenm9dxl6jCwqMHgCHr6dGQwkcN3yA64UPeF0XDiG4s7KCtZVVDAYDNF0H3dkuTiwtodOZAvUAj3pw3QYGgwFc14EXPwCm4LdIMT3cwbf1XsfJtvj3gUlvC40734Kzc4fxP1WiThJ/rA6y7ENgs7IPgK2srKyOuIZ//XF4f/5LowSLZMMsB/Iwjnde6vXEH9h4LrMgXCBSJp4zmmAVCIALB7iKCZSsrjn+cSTYqt0rlICPNcFm2xMk3LEqSLSFEx8dZjZhyviPAfuX9T8Rb+owfz28YesS+5u8gSNLuAvyJu/00vzRvA47u7myvJG/4XX8R3G4cT1sJrc75kedzxsBfyqRUf8zxJsJ3oFlnD8KwzfKG1YHgj8VvgO1450a+FPdaLP+UjdvWBn1NwXeqNi/St6o8CdHpflTIW+UzDdRvGFL9g0wibwpyR8eb+rkD483dfLHqP/lvwP8mRPw7nsf6MI5ZCY8LF/fpXih+/Coewwa4rmJrk8Joq97HnpD7Ozs4Pr163j22WexvLyMfq8PAsBxgDOnT+P8uXPodmdx+vRZnDyxhM5UB5SSoB2SaAdEcN8s6Pc7t76Jt3XEk0P27qJ552WQvTXLH6uxyn4dtDnZB8BWVlZWR12DPQz+0/8M7+u/jyhSIoQfQaV28nIivHgnsOAGLwE3EtVSHMyOO+AT5H9swiU43EjCJbq/of+ASzUEV0l4OR2q4obLhNm/bPuqtwdyEy7FbhlJwFIXYDN8Bf+p4oaLjv+U1ZgTzEngjbkdEgeBN1E7OadXqUnkTZ38yb2AiD8V80brgXZJ/hi2v3bzPN5w+GOcO1F5aPkTz3B+/YDzR5s3bDlG/sg7OE7+JCbIJG+0xo/x8Eeze6b5E0l/+DKPU7S/kZGxMyio180bViXbL8yfieAN26CIN2y9Ct6w/iea0ZIaM2+E09GcgXf/4/CX7hWe+o39Bl7p3hveR4uU2GkbXjO4H0YAP7jnRj2Kt966heeffx5vvvkGVu6uwvN9dDodbG9vo9Vq4cTSIi5fPI9Wo4HrN65jc3MN586ewbc9+igu3HMZcBpwnSZ86oM4LnxK4ZCgjHyG+YZo3Lf9Kt7e7if+mJ5oZ3sZjdvfBBnu1cefcdvfaiJFd9ZBt1bH3Y0DL/sA2MrKysoK9I0vYvCZ/wl0/WoqwCKceIwwdfb1ILDND/ekiZUgwYqk/5vAnASJl1BlEqwKbynwbuCwN/iqVM0BdsZfIv/KyzcVu1ko4Wb8nGvu9BkK9ZIJttEbOBKNO6HSbF802sJlAX+LJKtnpcifWnjDlokJ0fEfXU0Ib6q8oSfzNxFv5DskKuJNIf4IZ5ipM6rZ/mXbr4U3dfKHG++Y+PzR9T92QhL1A8wf6btjgvkjH/84+aM8w0yd0YTzR/RAU6f7pvkTqRBv2DPGxp9oAmvmDauK/a0QfwTdMlVGYvlTnDdsvSR/dPznkPGGbV91tAebN0xd14+IA++e98C78C7hcV/fb+Hq7NuCOUsE9RSNoGfJwylFw3UxHA6xtrqGrz7zLP7uK38Hz6OYme1i6HkAIegP+vDgodNqYXqqg1NLx+G6BHdu34LvD3D+zCm4DsG5S5fxtvsfQrszhXarA48ClBCAOKA+ggfSxA975COpe3ZexyPNPkRqrF9F4/Y3ha+LeJP78a83+4V5ox/vWE2y6OYd0N3NcXfjQMs+ALaysrKyAgAMv/gvMPzLX878PXgInI7YiCSgFu0gjl83kMBxfxM4JyErneAUSGjMJTiK01SlSrU3zgSeLdkBierM8HkJDefsykpeQiOY3Uo01gTKUAJf1t9K7LjR5o8B3pTizyTypk7+1P7AlKkLulMbf3KGWwt/Jsr/xskfMAZJ1HP8R5s3bGn5UwFv2Lomfwr5EzsgUT2tSYh3MsNXnF0jmkjeRKqSN2yJkUEOGG9U+aPWQfYEwyrVvi5hdexfFX+Y4fN4w+FPnbxR5Y8RjdX/BLzJ8KdCC2jzJ606+OOffju8B79b2IcXem281r0XhGSNReEGMx2+RChAKQWlFC998yV87rN/jtU7KwCA7swc+sMBiOtg4A3heT6cdgNz3S6oNwAd9jFV7wIqAAAgAElEQVQ91QKhwHSng8vnTqPX38fG9h480sDxE8fw0MNvx5mz5wG3AVDAcZrwfQ/EoeE9PZqZpXu2r+CdeQ+Bb38D7to1zisFeDNh/LE6WPJXrwOD3ri7cWBlHwBbWVlZWQEA6NZNDP7oH8O/9sVMGBXtuM38HTlhVyLWSsXvYUl4J2qK6MRzlSZYCgGw8cBWMwDOJFTpEZROoGQlb/jgd0dWL6RaE2rd9gskTCYSbK2EqWQCrmD/smVq9hIvjGUFcKW8YaXJm3HtuCnAH6O8qZM/tdq/bPsV8EfZ/9gOq9b5w43rBexv+VNU4+QPO+CoWjNv2LKAv+XMphn+1KlCvGHrhvmj4z8HgDesv4l4k3l+XIUmgjdRe1XyRuA/PN6w7pjosXH+GPA/0ewqqVb767bPvgEq4E/hzzt2APnDE9bHwJ/UbOXwZ/z2L9s+gT+zCO/h7wWdOc65IMHL+w5e6j6I9Nc+j+SDwgkt5lAAlGI4GODlV76FP/vTP8Puzi5mpmfQajaxs7+Hze0tTE9NY+gNMfA8+NTB1NQMBv0BCPXQnWphZmoaly5egD/oYXtzAwP4GIJie3sX+/0+3vf4+/Gudz2GVqcDSgHHcRE8xgl2FlPqgxBn5CQAHtz6Fh5oedwxOP1tuLdegLu3ZoQ/o9kz4B7j5o9VraKDfdDVG+PuxoGV7gNg92Mf+9jHKuqLlZWVldUYRdqzoN4A3it/BjZyoiDhqsZ0wkMJAcmJ+Pg7fSOxvwmcnwBlFAZ0JPpPxQGeKOFiE/yqbjOoBNyRzE8HJ2Sv+waL9IaLpv+UlWaCIU3gOZcrm2BpJfA5dbUO5o1e1IJGafwGi6xucvzlxeVNnfzJmW7zN5hFvIk6NAb+aD7QNq6S/jcJ/ImkxJtS41dtcZz80ZTlT5Y3xvij4C8Txx9OWaVKtlcJf1TO43TXGH+Ur2jADwr7GzuAgqqbN2B6PwbeqMY75adjknjD+hs7IUYGLJfOGzrndFldizd18kdr/DXxpsIFNRmVtL+ucnnjEHiXvxP0+EVu+9d7FC90H44f/hJCMv8HARxCQGhQ+sMhnn/+eXzuc5/DcDDA8WOLmJqawvr6Ora2tjE7N4fp6Wk0XBdwHLiNJpqNJjzPR2+/j+FgCNdpYHpqGrMzXezv72F3bw+AC+IQ9Hs9LN+5g52dXZw5cwaNZgsgwZjC7oA4TsgzFyT832r7BKb3bmPORWbCqdsGADjbyxXyhzHAuPhjNdEibvCV6ujvj7cjB1R3v+untI63O4CtrKysDrMGexj84UfgXXkyCAwTL8XhGcmGbbKdwHkJVjKhLpxAaeQVmQElE+xMC3Uk2GxCxXZQVC8pwwmVdsJtIKEulXAbHb9CAl44oVZMmGT1SbyBzE6PuPfl/UFh+lX9p/z42QZr4I9w4IkJqps3dfKngP0r503h8Su1mC7Hzh+T4y+gA8CfSOb5I+DNRPPHsMbEnzKfP5PDH1XesHWJ/Y34VySJ/9TNG832jfOGLRX8LVJt/Mm0UAdvWP+LZJg/R4A3uf6TeEH4dleWId7UyZ+K7S+VyttD/XAzvKmTP6kOifijNiLv5IPwHv4A9/XN/hBPTz8KwAnvQ/F6DwAeHMeBAwLfG+JbL72EP/6jP4LvU1y6dBGO6+KVl15Fvz/AscVjOLZ0HPNzc9jf7+H6zRuYnz+GW8sr2Nnex2DQR5O4mJudwaULZzE7PYV+fxerd9ews7cHxwF2e/tw3SbcZgsPPPQQvvsf/DeYnp4Ovs4PwRy4joOhF/QrzUMPj28/j9lGgzu1zVtfh7Nx/cDwZyyf91a1yF95ExiKv7bcii+7A9jKysrKaiS3CfhDeN/6E2RCqpwVyfFOYFGmkRO6EdUEK2dFICkQ4EnSt7EEtInZVgtoJyihTLdfIGE3dkNHMUHP1PXGn1ohPCEJNTu7onohVep/Cv6Sw5+x7cDSkDZv2LIC3qjyR9jBOlU3b1T4o+M/h5A3Wv6jq0p5w2qSeMP6GxiDFBu/Nn8K2L9y3tTJH632a+KNjXeU4h0jmgj+1Mgb1j8ML9Awwp+So4tUmD91Sqt9A/ypnDcS/1HpnsLVx8EbI+5RK29YsW+wOvkTShrvVMMfmf39Rgf0be8Bbc9xr/t3OIm9xiyAcKcv+P8nwY/+gvo+NtfX8NxXv4o7y8sgBLj/vnvx4gsvYm9/gIWFRXRnp+G4Dezt72NnZwdb29vo94bY2t7G0PMBAATBb/mur6/B84dYWJjHYDhAq9lEo9nAVKeDU6fPYOnECezt7WNnewfzc/OYnp4GIS4cx4HvUzgOyc4tATY94ALZ4U+m04Szcwfwh6MTJp4/VodSbgPY3x53Lw6cdHcA85eCWFlZWVkdGrlv/xE0Xvg0hq99DkAQRjlA8JAXAE0kCST1dxLuBI6++HlUBiKILhDEcySM+0jwG8M0cVyqjKqEeZmtSwbGxI3sN1oTJsHK9IYky+grsTn18L/Rg+24DAPZ3DLRIfbBePwV3Jky6qAkANZMMDNXG5kvv4wvx3wBeGx3xPbPlOD7T+Rf0YTn1kUOkelgpsP5Yi7LNkdI7uGM2SK7M/X4eI7/ELVS6D/CxCo6TJIwiaZXNN3Mn+T5HfuF8Uw9wR+WO6lS5D8JR435E881wynegHR5w0ibN6lSlTea/OEcJ/KfLHc0E25d3rB1Xd4I+aPIG1X+iCx3RHgj9B/lGzqRmLoh3uTeX0KOv1TBGwF/uOURj3eEvFHlj6F4J/N2VuUPjzc6/MmJd1Kl8A1xEPjD8RtD8Y6YO9FhY+APkOOOIv4o8ibRMSF/dAYk4o+qFHnD1qX8Cf8r9BtJvCPyl/LxjgJ/FKYrrov4w7lsmjcwzptUvTBvJP4jcUsRb+J6rtkmMb9ieRN1WDIfAoniHWX+jC3eiaoC3qjyR/J5XzTeoacegL9wHuk3cHDhV/Zd3J09Fc6AA0Lc8HU/2z9CQEAw6O3htdeuAKDwPQ9vf/hhrN1dhecN0e12sb6+iX5/gP5wAEopfOpjd28PFJvBe5A4oMQHHALi+Gi1mvCoh529bczPz2JnawdwWmg0Gtjf3cX29i5WV1cx7A2ws72D977vu3Ds2CIG3hCUUriOC4Ai/dvFFGvTp/Hqxhru4/wesD99HP78WTTuXj1A/MmaxOrgi7RngPY0aG933F051LIPgK2srKwOuxpTcB74R8Brfx7eVKDww4QnqlMQwKcIn9wGwRml8MNEK6pHNyWCHIzGSWC8mjYsfSrNb7JKBHZxKiUL+Kik1Gk8lWBQJuEK64kGgj9LSmiUNJjT9P30oF9xHaOkN1HllOyERXZm64kyaWdRyZ5HJSWvnbhno4SZJqs00f3a7C9oT7l9mqmnbweM7MzW+fYf+Vuu3wj9LznH2e5zh5MaLxmNKXFGxn8K2V9Qqvgb6z8sfxizaEnF3rxzCjXIniDiTeJ1KNi/MG8E/JH5j3D8+byByN5K9s/hj8RfUvXEDT3LG0X+KH/eKfAnd/wkHlPijNjOqIo3XP8T8UbMHyWVsr+g1GicyxtOvFPM/hXxJxxn/PlWN3+UPu8EvEm8Q1n+1G9/QXsa/AndJF3P4w1bGuUPmOvn80c+fkX+6PBGmT/R5Rl/KcsbrfHzJizxt9Lti3kTvw7D8Q5bqvCGHaiEN2xdmz+FeCOOdzL+k+IP9O1tzP5l2y8Q74Bn96p5kxgUhy+ZeqzIztG5BvhTOt4ZDecgxjugAG1NwT/5UFwftU+xPfDw0uzbYx8iTnCPzPEB6gQH+3BAAbjwAN/DxsYGPvvkk1iYm8ONN6+i2XQxGPSxtraG+bkF3FlZh+8Du7s72NjZASUE1Kfozs6g3Whjf9gDdQEKDy6lgAv48NDpToE6Lq7fvAWvP0BvfwCfDuE4LjwA2zt7uL2yhu5sFzt7e/iBH/wBTE/PwKcUxHVAfR/Rg9bAjMHnykvzD+P05nPoNhsZA3jd03A23gIZ7lfDn0RzY8m3rA6OZhYA+wC4UtkHwFZWVlZHQM793w/nmd8BvfNNjIKyYIdvXA+DxGjlYGYncLxiNIrXwp2+UT2RSEelw9RF8V7QzqhCRt3KlqMz0nVeQpVJsHIyEGapMbtDV7RiOLtCPTqNrfOHE5eEX4Kt86YDvGGRbJ17BUHDkg5FKz3jergyNGpXvGJ05D/c7srKxDCTI0maV2ju9BnpespAWX/IbLliS+YNoLpDIbtiPZru6HWutbIlr7vMiPPqQoeUXiEseQbL6XHGf5RXqAv8h8OfHGtJ+ZO/wUGRP9IeJPyhMG/YMrqMxH9U3+7MeXFdOqx6eCPfkSfiDbtDQs4b1t9EvMncz8uoIt4o8EfKG1X+CLqrzB8p0ArwJoc/yrzJ8EfEG3aHhCZ/RLxR5Q833mHKIryR7AhXj3cONn8i++vzB6N6qlv18ScuhSrPHy5vOPzJ+k80zePlj/jCcQfzT5AYLrK/Pn8Y/4CIPzncEfAnOZI8/mQnjHOFqvgj4g3rP7q8YUtN3mSkzBu2LuGPyF9U+IMcf8nwR5M3zEi0eaOab6nGy7rxTux30XSPmzeEXxddwVC8w36+qcc7k8gbpp7nN4TCP3Ef6NzJuJ4sX6Fz4eEOCAke7TugcAiFDx8ULqjjwPMpXH8If7iPz3/uv+DN11/D6W9/F/o721hcmIdLKBbm5nHt2k3s7e7Bp8CQAh4hcNsdwPOxs7uHHhli1++DtAjaLYKZZhvdmRns7u7ijeu34A8B4lEQH4A3hAMPvj+ERxwMfAqPNLG7P8Rzz7+Id7zjUTz00AMgrgPP9+PfBSbh+8QnJJ7DV51j+HvYykw8nToGOnsKzvobfP85UPd3rA6ySGsKtD1tHwJXKPsA2MrKyuoIiMyfh3PfBzC8843oLwCl8OP4N6hTAlAfINFO4DCyEpU+DRJ30YpBnwaJF3fFYCJzoKlMIgwGEyvgsxKsAI6CQHalLm/FOA2SPq0VwUwZRZ1xPbzrP9qhQpE4jB2CPM/VFZWUsvaVFdmRqevs0FJZAS8pR8kuEu1G0z6qZ8cm2oGQeB1y+5faoZBw0MjfRv6UGJOO8uzNO9Z0AqXc/og3SPJH0/5aO0I5/pbkDRK8Gc19Sf4Y5k2GPzFvBPxJGmISeaPZfpY34d+L8qYQf+S8Gb2XE/6TGq+IP6MJLMSbPP5w/E36DRMyo9Rs/7LtZ3gTf1wV5I/ODonYzxK80eCPEm807W+OPziY/FG8vDjeCY+rKd5R5Q9vbLXEO8r+l8+b2vhTVnnt5/BmFO9EhxuKd5JlyXiHyxu2TiN34ti/At5kdlzWzRtWuv6m3L6AN2yd5U8l8c6ozPiLLm84/Clm/7Kfd/n8Eaosb2r7vBPwJsOfauOdvPs7Sf7wBiriTVAV8CfX/gR06W1InRhO3Fp/gOvdywAIHOIi+FrmAOIEQb8pgnlzCdAgFDdv38a1169gbmYKw/4+ZqenMNzbxfLePjrdBfSGPvaHgE8InHYLAND3fLgg8DyKodMDqIMGbaLpAYPeJnYHPXSmZoL2HcB1HAx6fbge4IDAdZqgxAWaLazvBvfXers9LC+v4KEHH4LruPD9YTBzhICABP+MZoYA17v34NLmV3Gs6WRm3eueDB4A09Gcx/6U4E3h+zua/AFb14h3rA62yPSc/RroCmUfAFtZWVkdETlv+x7gS78eBoRIrTjP/U3gOAwflUH8TsI8g4A44YmEKZnzUqVwBwbSdYHYBcPcurh1yQaQaEV6dHy0gjhRT2aS7A4IjFYcCzNApSXFvPNDJRIqXkLJpleZOsdcsnw1VQp3vGT9hluXrICXlpkOs/4i8R+BO7JnC0ueueLXOf6CtF+o7oAQWoDxv1FCLfAXth63z58uqf9wmtfyH+GOF4G/JBw18rdqeSOYEAlv2LPVeMN2R8wbtkzxJ89/jPNGkz8i3qjyJ+NvmvxJTHQh/vB4o8MfEW9U+aNivvh4jv+wOzt1+cN9w/P4E0nGG03+KDSfzxu2HBd/kF8fTVi6psgfYS8E7j55/Ikk4096tkRni+0v8Re2FPImOq4gf8QWS5cHMt5R4I/AX5T4w7VUJBl/0uMfH28E/pPDm7ieZ7GS8c5k8CZqV8AfI7wR+A+PN6w7JuYr4z8i3qjyh8cbHf4Yi3dEHWb9Jy0hb0TuyJa5Zovsn+M/Uf5OknV1/qjHOwL/EfGGmd5I5vkj4A1bT/hN1MHI/0T8SdtfUGrzJy3T/KHHL8A/dmF0VCJhe43MgxACECcYb3giRfAQ1AEAx8GQUjQdggaArbVVnD9zEjtbW+jOTOHixYu4+dYy3nxrGfOteazuDrHru2i1p9Dzh8GDWd8DaDDDreEADm3AHQzRIAM00cfx6RaW5prodKYw8AZotJpwnC6OT8/AhY+5uS5munN448ZtPPvNa1jf3oFLCTY3VuH5fVCvATijB7vxCCNfC3ZW4Kp7HMewkZlzf+YE/O5JuNvLGvzRvL9TE3+sDrZIewa00QSGg3F35VDKPgC2srKyOiJy73k/nHseh/f602HwNVpZ54cJd2qFHuc3gaNQj12RF0SanHoirZKKzb98aY4winBFpUJzcZ3G0wLxCmWmzlv5njpeo6RAZodWnNRGqzGZgcVLwPOnJ1uP7Bj9PW1nU7/BCW4dibEkLMB7wCTzHA17S8XLpGWHJ9pP91bgLxJ7l/0NYJG/jIaTGFQ0AOEdBAX/idxPYP/cUmGFcMZ/clcAZ97RyPWfnHEL7V+CN5lLpXijyB8Rb4pwh8cbwY70VKdT41blj4g3CM2oyB+dHQgy/mg+0E6PW1DqqKT/jYU/LG+im7AZ/nB4w9a1+CPgzUTxR1OWP1neCHakpzqdM95c3lTBH4mf6fGHU4oGWMTfeNfSiHfY9kW8Yeta/JH5TZl4h63XzRsV/nB5M/K3DH/y4huZ6uYNmOhMiTfRy/XGO/F0ZOKddCn2rvHEO7n8OVTxjipvEnUebzTjnfL5VrqkbD0+WMQfPfvXm29JVNL+3FKhuUj+4uXECzQ+YHswxM2Zi3DggyL6SnASfAseHFA/+PrlQA4AH9QbYH6mjWOz03DgYWNrE7fv3EXfd9D3G1he3cTQA6hHAd+DO9xHE0M04aEJDy3XRYd4mGm3sTDTxYWzp3HxwhlcuHgC3bkOfN/D7Pwspudm4LYamJ/qwh/00Go04DbbuHF7Bfu//0d47hsvY9CjeOmlF/G+978PC8ePwQuH6EZvbQLEyxvCndA3u5dx/+az6DbcjCH8qeNwtpZRhD+ieCeY9zHzx+rAiXS6oNtr4+7GoZR9AGxlZWV1hORefC/81z8fR4ZB3DVasZfeCZwtA7Er/zD6ezLPzKxQFsf7wfUTlajUub+RaiBKaFItpMrMjgPBjqjMzk1RGQ6cXaE+Go6kTvhlcgTq44dCkMw2kG5Y+ht4rB8kVgqLVoimu8fUpTsk0j3P1LXHL5iOMAFMb+nk+M/I0VN2R8b+glKwIn1kBom/xO0kupvopmhHKn+8OaVIwh2RQVn8N/CYUuQ/2jsk0kOXLWCXjz9x4cySfAX+iHZgqvKHx5uUPxTkjYA/+eMXlCmJeMPvUPHf4FTkj3SHRLrnSrzR4Y+INweGP+luyfiTP/6cMnNCqInjT7ZM9twsfwS8mWj+MKWIN8b4w17ADH9y451S/MmWyZ6b5Y8qb9i6hD/J12WliD9xixL/0Y13OFPALYVXEPGHNZiAN6wfKPNGgz/gm1+LP0oqwJuy+ZaQN+znXdSDcvFOZjrGFO+U5w3rZxL+cIbD8oZ5XqjAm+S4w/9MTLyjyB8mzqk+31LgTaIUxTtS3hjLtyT+kxhnIf6k5lvEHz5vaKMDeuwCeAZ802uFLhiMl5DgChQOCCgIcUHggwJwHAeEeqDeEC58+MMBlpeXccx34ZEm1jdXsLG+Bqfdx7A3xJTrozncQ9PvoeN6WJxr49TicVw8cwaLp07izMklLC3M4cTSCczMzWNqagaNZgPtdhutqSaclgs0neAnfb0B4PnoDynQmcYP/8D34e76Jl54/SbW765jZWUdcwvH0Wg1MPT9ePTB0MhoCsMpuoFpPIhexgB0ZhFoNAFvYIg/It4U548Sb6wOvjpdwD4ArkT2AbCVlZXVERK58F8jXhvr0/C7nxGvAPXDRCqu0yAxkq30y/ydWSHohwF59DUxFEhkDmEywFkRGK8SVxBFIgkTrhCW7EDQ3ZHAlsIVwsjWow4r31BQnIRkKTtW1G40//HBkT359UI7ZBRWJPP9KzmXTF1nRxYzXtGOhOhgFXvr/gZw0d+oiuuSHQo64y/kf6J2ab6/ILY/UvwpvQNdaYVylj9F3m9c3nD4o2X/krwhiX7k8Wc0ABQef+pypvwvloL/FLC/9g4sGX9Y3uSNvxBvcvwHmvzJ5Q3rfwr+kzduhfFX63/5vEFR3mjyB4y/yeIdnYFr80fL/gXjnfDziOVP/M/a7C84Vrl9EX9KfP7UEe8oj38UZxjlT56/KPiflDe8MSkclh2/oNSVsH0Rf0ryRuZ/ivFOzJ+ExXUHLuJN6nWZ/Y3xJprrHP+pmze8cyXtZ3kT/b0e3qTy8xzexO/VvHwr9/0m5k26Xm28M/IXBf9JVo1/3ihK0n6WNwjNVE+8o3p/pzB/WN5k+MO3P50/DTp1LJwMJAIUiuudcwAhIMQFqBOMlFAATuCn8OCjCZe0QOGh2aDwdn30hj0cX1zA+voGlhaPY+C7ePmVV7Hf68EdUky1mzi9OI9zx+Yw4/Zx6cQczi5MY3Gui6XFRRw/uYTu8Rm43SZIcwrN5gya7S7gtNFotEHhgjouqA8M3H24cECpBxAfrRbFve94CI+/5+/hlVtrWO9RbK3fAXHug+8P4TrBV1k7lIRz7IMQAgICSikoKK5Pn8eD/VdH/hJOrt+ehd85Bmf79sTyp9B7x+rAiTRaoM02MOiNuyuHTvYBsJWVldURknvxO0FOvhNYfjEMwgCQMPxLrARN7QQGCb4JGtkVyeEJ8QrATB3AKMhngn3hiuj802IxCZXqitxMcyT4K/83g6Lji69IB3NeXBctKY47yCZITF0zwcxcbWSu/DK+nOqKYPUV6dGE59ZFjiDcAcYff0bMZVV3BLDmCcrI7kw9Pr74inSh/ySfFKfK6DBJgi2aXtF0M38SNp/0B+T4j3BFsOKOmBzeRMflDkjEG0Vp8yZVqvJGkz+c40T+I97SEEniP7q8Yeu6vBHyR5E3qvwRWe6I8EboP/I3fKK3QMbihngTvcDtBnL8pQreCPjDLVXjHZEOeLwj5I0qfwzFO5m3syp/DOzAiyacradK4RviIPCH4zeG4h0xd6LDxsAfIMcdRfxR5E2iY0L+6AxIxB9VKfKGrUv5E/636DcsifylfLyjwB+F6YrrIv5wLpvmDYzzJlUvzBuJ/0jcUsSbuJ5rtknMr1jeRB2WzIdAonhHmT9ji3eiqoA3qvyRfN7rxDv+/DnmgOACK70h9rtdOMRJnBP5R/B/Bw4ofIAGX67sDYYgoNjf2cWJ44vY2d5Do9nEjTduwCUEi3OzmJudxQMPP4Bvf+QBHJ/qwN94C/MNH93GEJ0GQadD0Wrsw6Eu6ABotLpwGgSUABQUQ+qBUh+gQxAQeEm3IkCrSeB7BI8+/AAWF57B5vI2lu+swGm4oJQCFEH/o6lMnh+OsNeaxeoOxWLTSbwSHj+9AGwvTzh/YHUERNrToPYBsHHZB8BWVlZWR0luG865xzBcfhHxjtxEgiNaqcfu4PWBIGFKrQhG/Lu9lBOcsemS8AD2vo8PkHCnMvecvFJZlGlXtENi1EDwZ40VybKSApkdoCQK5qM5HSW9iSqnZCNkEvc5XU+URVZsFtqBF/Vs5BE0WaWJ7ssCfmP2F7Sn3D7N1NP+PrIzW+fbX3GHhND/knOc7T53OKnxsm9igf+U2YGp4n8y/2H4w5pFSyr25p1TqEH2BBFvEq9Dwf6FeSPgj8x/hOPP5w1E9layfw5/JP6Sv0MBcvsfdt7I+KP8eafAn9zxk3hMiTNiO6Mq3nD9T8QbMX+UVMr+glKjcS5vOPFOMftXxJ9wnIkNPILxV8QfnR1QnHo63hnxp377C9rT4E/oJul6Hm/Y0ih/wFw/nz/y8SvyR4c3yvyJLs/4S1neaI2fN2GJv5VuX8yb+HUYjnfYUoU37EAlvGHr2vwpxBtxvJPxnxR/oG9vY/Yv236BeAc8u1fNm8SgOHzJ1GNFdo7ONcCf0vHOaDgHLd6hs6eY9gIDLqMDQpz4YS9BYFNCgOhrkwEHhPgAAVzigA59eIM+ttbWceHiBfjeEL7vodVs4fTJRcxOz6A71cE9Z47h3gsn0aJDeH4LreEuuk2K6baLZpug1aRoEgeDgQt4TTQabQwpAJfAhw+PUjgUaLouqOcC1IdLCeANQfwhWrSH490WTh5fwPXVXVx74w14Hg2+pjrsOwkBS8IH3DTy/3Bky2QGi9jNGMJvL8A1zZ/E/I8l37I6mGpNAbBfA21a9gGwlZWV1RGTe+Zd8L76/4Ei2OkbJKNAtDIvuXSSAJydwBjVkajT1KmpxDqT74CTLpNRha0nr504I13nJVSZBCsnA2GWGgt/Iy88XrxCPTqNrY96zi0JvwRbZ86LlRkWyda5VxA0LOlQtNIzrocrQ6N2xStGR/7D7a6sTAwzOZKkeYXmTp+RrqcMlPWHzJYrtmQcXnWHQnbFejTd0etca2VLXneZEefVhQ4pvUJY8gyW0+OM/yivUBf4jwJvCvGHK0X+SHuQ8IfCvGHL6DIS/1F9uzPnxXXpsOrhjXxHnog37A4JOW9YfxPxRrQIKjUXVfBGgT9S3qjyR9BdZf5IgVaANzn8UeZNhj8i3rA7tDT5I+KNKn+48Q5TFuGNZEe4erxzsPlT/DfIMaqnulUff+JSqPL8Kf6bnNE0j5c/4gvHHcw/QWK44r9Bzlfz4OYAACAASURBVPgHRPzJ4Y6AP8mR5PEnO2GcK1TFHxFvWP/R5Q1bavImI2XesHUJf0T+osIf5PhLhj+avGFGos0b1XxLNV7WjXdiv4ume9y8Ify66AqG4h3280093plE3jB1jp/QZge0u5T1M0Kx3FwMr03CeXEQ+ET4UBgUweIAB6AOfM9Hx21iZWMbU+02ev0+5o8dQ2dmHrdXN3BiaRFnFpfgDHug+zvY3biL6fkuBsMh3GYTlAB9SuD5DjBswfGaIKQF4jWAQQvNZgMggEc8ECe4w+a4DhrD0IN9hL9MPATFANMNgvmZNhbmZuBQCiB4AEzZJ/bxLJLUPK90TgDDNzKGoFNzoK1pOIO9kf8cqPs7VodFpNWxpq1A9gGwlZWV1RETOfXO4AOVUvhxPExSvwnMRljRCj/2N4HTO4MTK1SZelSmjk9kDjSVSSCzAj7sbiJHEqwApqODo3pQFtyB8B1/DPcDj4snc/ca6JWPg/7Hfwc/6iQA8oN/C/fbHgR9fh7eZ8IpwUfh/uwvg+Dz8H/tg/AV8lznw2/AuQzQpy7C+xsF47JxPz8PGP2tcAAd+QVT19mhpbICXlKOkl0k2o3MMKpnxybagZB4HYy/qJQ6OxQSDlr4N/CywxKMV3Cs6QRKuf3I7lH7xeyvtSOU428i3ozmPnVXIjVQJf7o8kbT32LeULbO8R8F3mirLG8028/yJvx7Ud4U4o+cN6P3csJ/UuMV8Wc0gYV4k8cfjr9Jv2FCZpSa7V+2/Qxv4o+rgvzR2SER+1mCNxr8UeKNpv3N8QcHkz+KlxfHO+FxNcU7qvzhja2WeEfZ//J5Uxt/yiqv/RzejOKd6HBD8U6yLBnvcHnD1mnkThz7V8CbzI7LunnDStfflNsX8Iats/ypJN4ZlRl/0eUNhz/F7F/28y6fP0KV5U1tn3cC3mT4U228o3N/hx2oiDdBVcAfjv39mSXQRgvMCdgfetiaOh62QQAQEOIGdRK0SRwaLixwALhoNhvw+wMMegMcO76A9a1ttKc66M7P4uy5M9jb72Gq0cD2nbvotrvY296Be+wYnE4XQ/TRnFkABbC2s48m9TCLAWZmfLjDAbz9PpoI7q+Rhgs4gD/0MegP0fYBP3ywSxwC3weIP0SD+GiAotNwsHRsHvu7O+jOzoIQgui3fkfjCz0jWgBAKbY6x7G/8To6roOkqNMEbU6D9ndH/pTgTeH7O5r8AVvXiHesDosIYH8H2LjsA2ArKyurIyb31CNw5s7B37wRhFUE8W/+RjEXieoAgNEOvKAa1nOW8tH4rOD8ZBmvTBXuwEC6nhBNHsYkVNx6pvXs5flluCI9Onj1KdCbG4medIClB0BOPAjyyK+BLJwG/eQ/T2aW8cyNdn5Gpz4O8n2XQZ68mu44Wy7+KsjFeQAbwZwT5jqJhIqXULLpVaYuMh8US+GOF8ZfRHXJCnhpmekw6y+i5JLfnGgHgLDkmS1+PbI7W8/uwJPtgBBaIHknI3fHRSSmHrfPny6p/3Ca1/If4Y4Xgb8kHDXyt4wDpy2ULrV5I5gQCW/Ys9V4w3aH4z/hRLMlkvU8/1HawpDjPxneaPJHxBtV/mT8TZM/iYkuxB8eb3T4I+KNKn9UzBcfz/EfdmenLn+4b3gefyLJeKPJH4Xm83nDluPiD/LrowlL1yqNd9jujJM/kWT8Sc+W6Gyx/SX+wpZC3kTHFeSP2GLp8kDGOwr8EfiLEn+4look4096/OPjjcB/cngT1/MsVjLemQzeRO0K+GOENwL/4fGGdcfEfGX8R8QbVf7weKPDH2PxjqjDrP+kJeSNyB3ZMtdskf1z/Cd00FQ+r8Ef9XhH4D8i3jDTG8k8fwS8YesJv4k6GPmfiD9p+wtKbf6kZYw/3UXOAQSbXmK0JChHv5sb7v4F4BACjzrwKYXvEziUYOj7GA4GGHhDbGxvA802nGYDe2truHHjBu49cxrtVguUOnBaM+gsnMTt69fw5q2baLhNUKcBpzXEYn+A6e1tzHS20Z3tY+H4AkhvCNog8NCEhyYGQ4p9QtBqT2FIfTSbFL7noeW4GBAKSny0W024DQftRhOEhL9ZHJqJEKTmmiYtTgk2fQcdN2sL2uqC7K4aybdyy4r4Y3V4RJpt+zvAhmUfAFtZWVkdNTWngMX7gc3rSO3kjVbm+RTBdz2zKzeDyIsml/JGD3sp4jqif4KCCIJ8NtlJ/VFwg094obxSciov4YoGROkoycDW5+H9x49nE63jPwrnv/ttkAtPwHnfP4f/BcHKVdBUl8jDvwry5I+CIrtiNSrJ9/4QSLQwk0arL5mBxUvAxWPk10nct+DvaXub+g1OcOtRP2Q3XLhewh+Qiq/IpOl/I79H6O88u0d/112hrrhDglkBH3V65G+jmyLJemoAwjsICv4TuZ/A/rmlwgrhjP/krgDOvKOR6z854xbavwRvMpdK8UbAn/hlwY4HtpT5i8T/RDvSU51OjVuVPyLeIDSjIn90diDI+KP5QDs9bkGpo5L+Nxb+sLyJbsJm+MPhDVvX4o+ANxPFH01Z/mR5I9iRnup0znhzeVMFfyR+pscfTikaYBF/411LI95h2xfxhq1r8UfmN2XiHbZeN29U+MPlzcjfMvzJi29kqps3YKIzJd5EL9cb78TTkYl30qXYu8YT7+Ty51DFO6q8SdR5vNGMd8rnW+mSsvX4YBF/9Oxfb74lUUn7c0uV5qbmOe1TbNBGcH+KBMv0iRPuvqUEQPCwM/hC6GA3LnUASlxQ2sAAQ+zs72PoU1AP2FjfwI23buP1V69ittVAo+XAcRwsnjqH6cXT+Nobb+KLf/1VLN+6DcABpQ76A4rTJ7o4eWwG9144j4tnTuLChUVMdQimmi34tIPtgYPrd+5gZWsbW1v7cNptLByfRcPr4aGLZ9EDsLyygn6fgBKg5bbggMCHA2AIIPzZtuR9ODp6txBCsUVaOIlBxiC0ORXbXSffav6PT6J5b5dvlJ2rGH72n6L/pZer4c+P/R6m330Z/lfei/1PC46JdQaN7/soGu9+DM5sF4jute1chffCf8DgD/4w+FY/VT3+65j64GPAlU9g7zc+BQBo/dxfoXHyKoY/9xPoAyD3vh/uQht0/evwrrylc/WjLbc57h4cOtkHwFZWVlZHUO6xe+C99hfhb/qOVuyldwKP/p4qo6CfXcEuXaGcLpMKrp+ogHMQJH9PNRAlNKkWUmVmxwFvR1SiL/FK4uT5a38A/xs/Dfe7/iuQC/8YIL8dr0yOTuQOp/s4yAcugX72jdHrJFEe/2WQy6cSlyGyBbNqCVVKzAWZlZnS38ADswI0sVJYtEI03T2mLt0hke55pq49fsF0hHZOb+nk+M/I0ZHcmZCqs/6SLAUr0kdmiI6PesDU43YS3U10U7QjlT/enFIk4Y7IoCz+G3hZ3nD9RXuHRHrosgXs8vEnLpxZkq/AH9EOTNYfRP7D+J38N/GYOuGXYOtK4xeUKYl4w+9Q8d/gVOSPdIdEuudKvNHhj4g3B4Y/6W7J+JM//pwyc0KoieNPtkz23Cx/BLyZaP4wpYg3xvjDXsAMf3LjnVL8yZbJnpvljypv2LqEP8nXZaWIP3GLEv/RjXc4U8AthVcQ8Yc1mIA3rB8o80aDP+CbX4s/SirAG0X+6POG/byLelAu3slMx5jinfK8Yf1Mwh/OcFjeMM8LFXiTHHf4n4mJdxT5w8Q51edbCrxJlKJ4R8obY/mWxH8S4yzEn9R8i/iT5Q1tz4JnuF13Km6WEBI8DAYJfIlE/jDqG6WARyg84mN30MPa1haW76yg1x9iYWERt67fQH9/ByfPvw3NdguLJxdx9vxZrNy9g6e/9Ld4860VNN0O3EYH29t7WLm9gTsbe2i4y3j9+ioeOD+Pb9+5iEtnF0Fm57C5McTVa8t4/cYtvHjrJq7fXsHU7DwunTuLC6cWMT0Ephensbc3ACFTmOl20Wg2QjtGcxEUjhP5BAA/fMkPbLjbmAGwnjEEbU2Fz2f1+BOb642n4K+MzIbjj8C5eBmNH/k4nOb/gP2n3yrMHyXe5Oo70fpfPobG2S7gb4PefAb+7VXg+ANwzl6G+x3/BO49D6D3q78Cr0wzjBof+EU07+2CXvkE9q58yuCVTekBNH7kp9G494za4XtvwX/+t9D/q5er7VbDPgA2LfsA2MrKyuooav4CQAEfNA7+2RWhJLEiOfNbv0w9fp1ZIcj+ZnD08JgCAA13CNMwGVBZEZgjikQSJlwhLNmBwJZ0dHHhDoW9/eCY2Ucz7VLQ7HDufg107lGQd/wayGd/lPtbwOQffBCksQ964zbIuYXguirzQZlSOmH55egykf349UI7ZBRWJPNXtEf94tR1dmQx4xXtSIgOztgdKLcjKtf/MFp1jaT/MHXJDgWd8XNLlWtwy3x/QWx/hGZTs7+ZHaGJuTPNGw5/tOyf5y+8Uuh/An9JDtJEQi20v+K5wvYV/KeA/bV3YMn4w/Imb/yFeJPjP9DkTy5vWP9T8J+8cSuMv1r/y+cNivJGkz9g/A3G4h0Bb/L4o2X/YvyJPo9Y/sT/rM3+gmOV2xfxp8TnTx3xjvL4R3GGUf7k+YuC/0l5wxuTwmHZ8QtKXQnbF/GnJG9k/qcY78T8SVhcd+Ai3qRel9nfGG+iuc7xn7p5wztX0n6WN9Hf6+FNKj/P4U38Xs3Lt3Lfb2LepOvVxjsjf1Hwn2TV+OeNoiTtZ3mD0Ez1xDvs/R1RvFOYPyxvMvzh2L/VDScBo8CEUOy6U3BIsFPXcRwQhA9+ox3AYYOxZzrh6w0X+/0elldWsba+id7AA/UdTLfbmD93Ft/13vegO9XGgw/cBw8+vvSFz+PG1dcwOzuPxaXTmF9Ywlu3bmN9ewcDQuC7Hbx5Zx876+toNYDFxeOYn2vizp07uPLqm7i9vApv2MOZM+dw4fxlXD55GueWjqHb6WB1bQ1DjwKugxMnTwCg8DwvML8TzC4BSd07Cj7zCUAA4hDsNaaB4XrKewAC6rZBafQu0LM/ANDbH0Pv35OE3SnI3/84Oj/wGJz3fBTuX/4CvIL8KfTeSajxk78QPPxdeRr93/lFDFeSr55B47/9P9GY+UujD38BwH/pSQzXZ4FbFT8wLar3PoHmex/TeFdehnOyBf+vfgbDCrsFxz6uNC07o1ZWVlZHUGTufBAAIoil4p2/AJBYCZraIYxwhzASKwKDE1MrAZN1IPF3Nqwg4TpFMqojeZggConPYRIq1RW5mebCvnF/MyhxUvz3sIF45Xn81TEvY7QSOTotuRI5GsBzoK+fArn/cZD3XwZ5mv0t4J+Fc+8lYP2PQVceBDkXdCr7G8Dp8coSTDbdkiwo5qzIVF0RrL4iPZrw3LrIIYQ7wPjjz4i5rOqOgLhM+V3kD0w9Pr74inQw54HxP2TK6DBJgi2aXtF0M38SNp/0B+T4j3BHguKOmISjJnmDxHG5A1LkjUjavEmVAt4kX4fEfyL+JEvOcSL/EW9piCTxH13esHVd3gj5o8gbVf6ILHdEeCP0H/kbPtFbIGNxQ7yJXuB2Azn+UgVvBPzhlhneaPKnjngnPl6RNxz+aPNGlT+G4p3M21mVPwZ24EUTztZTpfANcRD4w/EbQ/GOmDvRYWPgD5DjjiL+KPIm0TEhf3QGJOKPqhR5w9al/An/K90xrsmb8vGOAn8Upiuui/jDuWyaNzDOm1S9MG8k/iNxSxFv4nqu2SYxv2J5E3VYMh8CieIdZf6MLd6JqgLeqPJH8nmvGu+g1UmfEL4J9xtTwb8JQbDjd3QeJYgnm1CC6FaQA4AMKRpw4MJFtzuP3toGZrqzWJjrojs1hYceegAzU200XRdf+8ozeO6v/xqD3V3skQb2ZnZx6nQT73zkYcwdm8bfffVr2N/rA0OK1b0eltcHmFk6j6WL57Cy4WN3cAV934XnE0x357FwbBGXTp/DxVNLGGIP+zv7mJ2bBfWauHz5MgDAcRxQEjiLQ0YMSc7UaAEOsN+YDr4tmrWf2wYhRJs/o2ayvKFPfxn+dz8G99gluISED1iL8gcF9QQaDy0CeAveZ9iHvwDwFob/4ScreaDp/eW/NP5Q2aj+6svwP/AY3Bn1U+itL1c+JuK6xc1txZV9AGxlZWV1BEW6p5Bcc+vT9E7gKGqMd/aGdXaFHvXTAWaclBT5tNa8wZfoiLjUaTzVHrtCORrbqIHgsIsg935b8Jc7fwzZSvj4r5/9NOg9HwV5xy8BT/9UcBxFkJT+yIdBWvugf/NL8Of+ffjTJIIdEsLxsxNG4r6k64myyIrxQjvwRv6DZD0x/7R2+wvaU26fZuoiP2DrcRnaX2uHhHBFfHKOs93nDic1XjZrFPhPmR2YKv4n85/UjoSsWbSkYm/eOYUaZE+I7B61L9ohIbG/zF9k/ibdgY50XTj+fN5AZG8l++fwR+Iv+TsUILf/YeeNjD9C3rDXV+BP7vhJPKbEGbGdURVvuP4n4o2YP0oqZX9BqdE4lzcZ/hS1f0X8CccZf77VzR+dHVCcejreGfGnfvsL2tPgT+gm6Xoeb9jSKH/AXD+fP/LxK/JHhzfK/Ikuz/hLWd5ojZ83YYm/lW5fzJv4dRiOd9hShTfsQCW8Yeva/CnEG3G8k/GfFH+gb29j9i/bfoF4Bzy7V82bxKA4fMnUY0V2js41wJ/S8c5oOAcq3mm0gxNS7VEM3E76OEIQPKoMHggH35oc/aIuQZM48B0XAMHJ+WNYnplBf3MH6xubOH36FDpuA2fOnsaZs2fgD/p4/ZVX8Ozf/i121tcx9F1sr65jZXMXX//WKzh/4Rz+0T/8fqytbeDWjdvYWt0AGsBOv4+pmQVMzc7jxNkzePd7vgNfe+5F3Ll+FVfvLsN3G2jv9bC3dRfnzy1ifr6LpaXjaNMpTE9PB/12HFBQ+ITCIQ4AP/lGQbzUgQCUEgwbU1wDUbcRM1GXP+nrMbxJvXwGje9lfofX3wZ9/TPo/8Yn4FEA+HG0/+kTcKdGv6WL6O//jPm7ir7vETgOgJWvo/8NxXOWPoTWT3wE7tnFYMOH3wddeQbDP/1ZDFSvAXB+ozgcA57B4MlVuB/4Xjjhw1e6/DSGv/uLGMQPqM+g8cFfQPPdj4FMhX249hkM7j6G1mOXg6+VDn97GG9/Au0f+SDc+XBOh9ugbz6Jwaf/JeeBd1KfQu+3W2j/1E8rPQSmV34Lvd/4lJGPg1zFu2ysTMk+ALaysrI6gnK6JxBFY1FMRhHECuzKveyK4ShMjF4P64mEnl04mz4vHe9H7SYXlBKmnirjPjIJEy+hyiRYORkIs9Q49RswjdNwHv3R1PGk8yDIIx8GOTMP7H4e9MlrwVyloqHEHNHR33D3fwd9/cdA7v8gnPcR+F+Ipv0JOPddAtY/A/r0GyAfTFwnOX5mOuKJTA2LZOvcK4zsrVTGQX204jNKEsM+hu2KV4ym/SfTXVmZGGZyJEnzCs2dPiNdZ1YIi3cMCMqkw2vsUMiuWI+mO3qda61syesuM+K8evaCsjOYE3gGy+lxxn+UV6gL/IfDnRxrZf1HxB+uFPkj7UHCH7j8yfGXpJ+lyugyEv9Rfbsz58V16bDq4Y18R56IN+wOCTlvWH8T8Sa76p5VRbxR4I+UN6r8EXRXmT9SoBXgTQ5/lHmT4Y+IN+wOLU3+iHijyh9uvMOURXgj2RGe5U902uHiT/HfIMeonupWffyJS6HK86f4b3JG0zxe/ogvHHcw/wSJ4US/ySnnD+MfEPEnhzsC/iRHopVv8a5QFX9EvGH9R5c3bKnJm4yUecPWJfwR+YsKf5DjLxn+aPKGGYk2b1TzLdV4WTfeif0umu5x84bw66IrGIp32M839XhnEnnD1NkeEAeUuOAZbEg6AI0eLPkgJPCRYPevH3THceBRApcCnuPC9waYdoCzC6cwuPwAXnjtNfT6Q+xt7+LY6UXMzM6g3W5gZXMNt1fuYGNzF+fO3oPl7R68vT5Iu42mA8wvncD3//APodP08erzX8O1q9fx2reuwN/zsLW2ib0zC5g7O4fptVlcW1nGGm3gm996BWfPX8JWG3juhedBuo/izIl7MTU3jVbzOOA3QRwKQgg8n4JQCuJQOISAfYBGEPyeMSEEvtviG8JxQ1dJ80Z2fyfZSoY39z8AZwrAzip8ApD7fxrN73k/yN4q/NefAd1ogdz/GJx7fxytn17F3r/7VNo1IrNG5ha5S47ck4vBeDZeVjtl6cfRfuIJuDMAXXsB3murwLl3wj39nWh++PdAfvcn0C/7jc7OI2j+EEBvfhnDlwDngcfgnHw/mh9+AsN/9QlQAO6P/Rpa774M+NvwrzwDf7AI99KH0DrLPvr+CDr//Y/DafdBr38Z3m3AedsjcO75EJoffAHD330qvy/XP4nep8+i8+EfzP/m5eU/Qf83Pgm/5NCVlGGjVVnZB8ATIh8UQ3+Ige9h4HsY+kN41Ee0fpCAwHVcTLkttJ0mGo475h5bWVkdZJFO+LuycQBPAIrgq2PCgDr+DeDEk13KBNiZ13N26GR+CziROaR3HkenR+1kRcPgf/SqYEdCNBzeinEaJH25ZXS9c0/AOSeYzPWn4P/hjwaBEI2YPeoVBZjgNPgrferTIPd8FOQdvw584aNBe//wx0A6+6Bf+d/gUzo6j9J0wCsSlZTsscoJPKvIjkxdZ4eWygp4STlKdpFoNzLDqJ4dm2gHQuJ1MP6iUursUEg4aOHfwMsOSzBewbGF7V+2/cjuUfvF7K+1I5TjbyLejOZelHgIdiCw/NHljaa/xbyhbJ3jPzx7l7V/Wd5otp/lTfj3orwpxB85b0bv5YT/pMYr4s9oAgvxJo8/HH8b8SfZZw3+1Gz/su1neBN/XBXkj84OrdjPErzR4I8SbzTtb44/OJj8Uby8ON4Jj6sp3lHlD29stcQ7yv6Xz5va+FNWee3n8GYU70SHG4p3kmXJeIfLG7ZOI3fi2L8C3mR2XNbNG1a6/qbcvoA3bJ3lTyXxzqjM+Isubzj8KWb/sp93+fwRqixvavu8E/Amw59q452i93fyeBNUBfxh7Q8f4e+UgTkheOBNgGhpAKU0fs4U/9SZHz0G9wFvgAbxQfr7+Is//RNcee1buPed78Spbhe9rW24Z06g3ZkCaTRBQdFuOHj3u96BY905vPTqa7h+6w7OXryEs+fP4vSZE7j72tfxrntO4/75Np6dncZgfRXeYAfLb72F+++7ADQbuHDpMj7ykx/GS8vLeOXaVTxw3/24dHIR+7dvY2FxBu1OByDBrt92pwOK4HkCJQju6UVzxpnm8HE3aDQ/rP8QB9FvALO8yb+/E57R+gDcb084/Py3o/Gevx9c6dpTGFIKvPxbGHz6S/C+8tmRxZf+CTo/9yE4Z78TDfopDJPci3mXqDD/lMmZmVU/GID7vR8KdsNe+yT2P/FbcVPuh/8A7Ucvo/E9H0H/5U9qXTOjdgv0mZ/F3u9/Oagv/QI6P/+DcBYfQQPAAB9B89HLAFbh/cEPofeV8LylH0f7Z55A6onQ44+BtAFc/0Ps/ZtPxH8m7/oQ3B3Jw99I3/gV9J48g84PCH4PeOcZDH73V2r8OmsRJ6yKyj4AHpN86mNIPfS8AXr+AHteH9uDPewO97E37GPP62HgD+HR4O3lEBczjQ7umT2NpfYcGs6UpAUrKyurHLXnQEEyO2+j5IAAoGT0m7/B66MDg/idhOfklPGFOWVi5XPQLGEOy//QJ6k+JwLdZF3cumQDSLgiPTp49SnQmxvpDqw8CXrjK6BXr4Zzlsosw7aSOz+R+jvWfincBfzDcL7jZ+D/zYfhPPwosP1UsPuXAIi+pogkV8iHSiRUvISSbTVTF5kNiqVwx8uoTIw2W5esgJeWmQ6z/iLxH4E7smcLS8bv0v4W2Z2tZ3fgyXZACC2QvJORu+MiElOP2+dPl9R/OM1r+Y9wx4vAXxKOGvlbUd6kS6TrowniT4iEN+zZarxhu8Pxn3Ci2RLJep7/KG1hyPGfDG80+SPijSp/Mv6myZ/ERBfiD483OvwR8UaVPyrmi4/n+A+7s1OXP9w3PI8/kWS80eSPQvP5vGHLcfEH+fXRhKVrivwR9kLg7pPHn0gy/qRnS3S22P4Sf2FLIW+i4wryR2yxdHkg4x0F/gj8RYk/XEtFkvEnPf7x8UbgPzm8iet5FisZ70wGb6J2BfwxwhuB//B4w7pjYr4y/iPijSp/eLz5/9l7syBJkvMw8/OIyKuy7qquvu+ZnnsGM0PcBylBBEiJlLQibW1ltF3pZakXrF6W+yJbWyNf9kXSw5pgMmnXZLsyGQUJMnAlUVoKIERCoEgAxBwAZjBHz3RP393VXXdl5RUR7vsQGZFxeRxZ2dUH8h+b9vozI8L99/+PL39Pd88ow5+x5Tu6BsfjJypa3ujCMV5mus33f0b8DAI0Mp4vwZ/i+Y4mfnS8iXWvL+Pnj4Y3cT0UN34D/fjT8Sfqf01Zmj9RGRd/hieED/Dix3/2ryEMhBAoMfgVPLxdvwz62hVgmApDOnR31rl16SKffOFZPvelv0TNMvjg8kfcvHmLY6dP0LMdpqamOHRokWllY0nJr37xU9y5e49r126waLZpdDbo3+kzV7PodbaZNiVHDy+xvn6bjy5d5NVXXsJqTlGv1Tl8fBm3ITh/8giLC0s0G3Vq505gCclOt4dC0ev1sCoWUoAyhGef8H7AGqmfphMCkDLUayEZ9E/58dbg2i/+NtUX4xftoy59jf7/8x8Gld/Gee320Cfnfx5zrg89wBgcEuZMCf7oRO7tAtOFjzePHwVauG8PJ38B3D94C/XiUcTKq1j8830+M/gKrj/5C7B2BdUBGtNe1/iTumuv0/9h6LS1r+Fe/9uYF0L2vHMR9cuvIo58ifqv72K/+S3cS7dRb36jVBvVd/4u/ZXfpfbxM9E3nCs4X/+7oZ+mPghRmy/7KgAAIABJREFU+YdMpJRMJoAfkHTcPmu9bT7avcPl1m2utlZZ7W6yY7e9SWC3P5gA9jbXm8Lg+NQy/8O5X6S+eI6mNZkAnshEJjK6iMFzUWRoZ65Qg5xKKjC8TE8OBlpKCJBeQgjDZwMHOxAk3oAqtCMhPvEZrADWSdpIpsDhgZJWFj0/3D4FwQpl/zq738X9d/9IP+BKrEQe1uLpKtakge4/C/jFvw+zn0RMd1E/+C0UXv3GzHzQuMSqR7/RGfbGXx7qYtgGBsn7KCvEs1YAh3pIu4I88wuXuIcyDBxHfjhK/IXqT/e7/3rZFeoFd0jE4s5v9DDehl+KhPWIAdpvEArEjx9+Gv9nlgV2KCTiJ3PHU+KOJjN+MuzW+l/HmRHiL8obDX+CtzU7HrJ2QOSVKfGm25EeaXTE7qL80fGGgRsL8qfMDoQ8/pSc0I7arSnLyD7j74HwJ84b/0vYBH9SeBPXS/FHw5uHij8lZcKfJG80O9Ijjc6wN5M394M/OXFWjj8ppc7AUeIt7Vol8p14/TrexPVS/MmLm/3kO3H9oHlThD+pvBnGW4I/WflNnhw0b4hlZ4V44799sPlO0B2JfCda6qPrweQ7mfx5rPKdorwJ6Wm8KZnv7H+8FS1VXA8O1vGnnP8PdryVI/v0f2pZoDohbZRZjdWnsJSNFHXvOy0RskSQskbCQEoXC0Gz0WBmqskrH3uZ1u42hgHnz5/j7u4W16/foLWzg4VkaWGO3fYORr9PvWrw7IVzXDh7CoVCSgchLGS7xd7ODp1OF1cpbCmx7T7t3RbLszM4hmBudprGVJ3d3Q6YBpWKSaVmYbi2N4EtFY16HdOywDJxhYGUEiVAAoYR/WlmpRTezl6FQmFJ/yeEYw6RTuD3cuOtwdWufQs3mCTso669hrz2h7jX/WoULH+Zyq//Jtbpo4j4jFQnxc/74c9A3LvrwFHE3IUCac/zUBn8Gf+t47W+Z7Gxr09hTzrr2e2o1rw6ZD9xnLO9RjU8ob32VXr/fonal7+E8cnfpPbJ3wSnhfzw93H+3VdzngEcFffrv4Xd/KdUnl0aVLaO+83fKv7s5HGJ2ofDJ5IqkwngAxZXSfacLq+vX+QH997lyt4qq51NNnq77Dpteq6NqyR1s0rftem4PVwlWajOcLyxzGy1ScOsPWgzJjKRiTzqYlYBPzEcrgz1dwR7+uD90Apib7w4XPHn/3hMcJ3QOJPECuWhEk+8RKjeIJsqkFUpQkl6JH8VsaQhOeJI7DhI2xEVakuwkjh2flAODBexepPmiOF5wbOA/1vMmTlv9+8fXgv6cnhKTNd2RqzMlNgFY6Oe3GfgEVsBGloprFshGm1eTM/dIRFteUIvbb+mO/wgFDnxE3yBEvJ7XM+KF82K9KEb/OP9FsT0oJ5Qc0PN1O1ITbc3o9SJdkekV47+DLxYqYuf0jskoqbnLWDPtz904cSS/AL80e3AjMdDEd5ESv8yOfEj0kvieiH7NWVEdLxJb9Doz+AsyJ/cHRLRlhfiTRn+6HjzyPAn2qw8/mTbn1EmThjIQ8efZBlu+Xj5o+HNQ82fWKnjzdj4E7/AePiTme/siz/JMtzy8fKnKG/ieg5/wu/nlTr+BDXmxE/ZfCelC1JL7RV0/Ik7TMObeBwU5k0J/pDu/lL8KSQj8KYgf8rzJv5557dgf/lOojseUL6zf97E4yyHPynmxHkTmy8swJuw3YN/Hpp8pyB/YnnO/R9vFeBNqNTlO7m8Gdt4Kyd+QnaOxJ9If+v4k8Ibpw9mLeG4muzRFQ0vdhD433MJAUJ4k+K+DYYywRC40qZWbbB05Di9nsMHly5x+f0PWFhe4sTxY7hInE6XWrMGZhUhTGzbpttu06xWmZ2qg1B0etC3FdLp4/b62N0eWxsbHFo+xLknzwM9KqbEdSSybzLVaDA9s4gUAoWLcm3sXhtpO+BKLpx/Assw6TkOwjLxJrWFd7wSGDLkDaEGfaRAKSpuJ9URQjrR7/sK8idw193fwf56EpND/wusv/IVKueXoHMF952L4IBiBvP5TwfHRkKjDG908s23kL/wPMbyC1SfhV7mZObbYA/+NGJvLVe9dsnRm1JY+j3PbKOaMN2aW04crr73O3S/9ztw4tNYFz6N+fKXMZ/+m1Rruzj/uMzPVd/G/r//DvyP/5TKOXC/+Xfofef2Po0ZQdSBPGn4Z0omE8AHKK6StOwOH7Zu8Z9vv8l/uP491vs72NLFEIKaUaFiWFSNCnWziislUimkUhyqz/PM/ClOTC0zU5ns/p3IRCayf/Gfo+stE/QSaDn4Ak/ir+mLZlzhHcOQseI4trQ1fFyQwIRWICsR1cskeJHT1PDFIOH0XhjoOTsQ4mVwPX+8UXCHQqjWhDnN0wgUctDg4FnAU97uXxka2ATtV8PVwNmdESvzjk2OsyPl8DK+/9L1kXbIFFiRrFthqiIGhPQyO7Ji9up2JPgHZ/p7lB0KmfHHcNU14fiJ6Tk7FMrYn1oWuUZqmR0vBP5n4LZi/h/PjtAkf0YZUKbyJoU/pfyfx5fC8aeJl7CRo/g7rROyyrxztfUXiJ8R/F96B1Yef+K8ybJ/JN5kxA8l+ZPJm3j8FYifLLsL2H9/4y+bN4zKm5L8IRZv48h3fENL86eU/0fjj/95FOdP8OeB+V9zbOH6dfzZx+fPQeQ7he0f5hlj5U9WvBSIv1zepNlU4LCk/ZqyrGjr1/Fnn7zJi7+C+U7An5DHyxqu403k/Tz/j403fl9nxM9B8ybt3Jz6k7zxXz8Y3qiCvAnu1azxVub9pudNVL+/+c4wXgrET1gd++dNQcmpP8kbBm46mHwnEj8Z+c7I/InzJsGfpP/pd6A2HcSdX9bdLt1BC7z5UuH9ZDJ434MZwvseTHnfiRmDCVXMCodPnKK11+H9d95h9eYNVu/c4Su/+CVOnT1Jo1ZBSIlt2/RsG7tv0+9tMF2rYCobq1rxdtciqNUbNJtTrN66TavV4pf/6l/m1JnjVKoW0u0jqIAQKAX9fg9pGAgkQtpIVyIdl6W5ec6ePo0pBFXTxEF4dgrhhQGebfF+9LwlqDvtWOcO4sfp4T8DuKz/hz7J5o9oeBva5Nu/Qe/rg3h49n+n8QqhHcDfQe59BaOxjPg88F3vdfELn2a0p2F+FfudX6D24lHMX/8HVP7xb8V+zvgo1q/+Nmbz/6T3r17HvXkba+Uo5vO/ifhO6BnAv/yCZ+3d1/f5888F5Luvo770KmL5VaofJ/IMYPNk/OesfwXrsxdx/vQi3Pgezo3v4fxRjfrf/xWM+TPxKxeQ29j/118N5sEfhCj34J42/LMikwngA5Rdu83FnRt8/cp3+fO191jv7+BIiQDqZpWz00c41liiYda43LrDrt3GVZKGVeXFxbN88ejLzFWbiLIfmBOZyEQmkibhFclelujRRQxfMgShpM5/f7giUAm8BFl4uvdGSA8qGJbBF08pK6JV6OVc1IUGUsFQIjTA0q3IDVUXKv0VwDE9dFLw+qCC7JXowx6LryQO3vFXpG7+r6g/nYfZK6g/vDZM1sMGiNDxKfYXGWDGh1s5C4pTVoQXXRFcfEV6YFuWnvBc3AB0Dc6W2GWL7ggIynCcBf6P6cHxo69IJ3YesfgjUfqH5Qywdd2r6+7YS9rqw/FARvxodyQU3BGTwRv/uEyDEvzRd1WaFN0BkF5qeBN+n5z4SeVO8jhd/Oi3NPiSEz9leRPXy/JGy5+CvCnKH53nfkZ4o42f/Bs+1FpIeHxMvPHfSG0GGfFyP3ij4U9qmZLvZNmfEM3tO9Z8Jzi+IG9S+FOaN0X5M6Z8J3E7F+XPGHbg+R0e1yOl9oZ4FPiTEjdjynf03PEPewD8gYxw1PGnIG9CDdPyp4xBOv4UlYK8ieu5/Bn8m7tjvCRv9p/vFOBPge4KdB1/Ui4b5Q1j501EH5k3OfGTE5Y63gR6ptsexvFVnDd+g3P6QyO6fKcwfx5YvuOrGt4U5U/O533hfMdueyyN7TifcttsDbzu96XPJhhsghj0kTAY3DcCLIvj585y58ollHSoWgJlWZgoDs3P0+62sfs9up09tlu77G5uMl2p0Gq1wK3SoAkILBMqU02m5lfYbPf5xBe+yPzhk3RsiasMcE2kVNiig0WVimXgolDKxXZ6uNJBuQ4ff+UVpmemsQUIV2GZBkooXOF9ghiKaGcpBUjPVgOmEjuAB5rTI/0ZwNn8GV4gnz/OrVtUzl/AePnfU595HVW5gHHyGMLf8CkAdRv3xm2s5aOYf+l3qR27iGqewXziQt4tpBX3X/xD7K/8NpXTn6byv3wT69b7yNV1mD+DceQCogms/QoGr+N+6xu4F76CefpvUf97ryIvr8Px5zGPLHnPw/12mR21o8o/x/7Jl6h9/Azmr3+T+quvI+0lzNPPI4w+UA2OFH/916h+9gLVv3AFefsicm8G48Kr3q81blw8gLbeB5H3fYr9Z04mE8AHKDfaa/z52vu8ufEBN9trKGC5Psfp5gpHp5ZwlaTtdLnXvstab5u206NmVnh67hQvLpzj/Mwx6mY1t56JTGQiEykm/hrAQRlamecPdPyVmmow4PJW9DHIFf0D8BdiD54FHNKJp5WZzckZ0WjOiZ+L5ti8yiP1xVco+4OEYQXeYbqVyESPQ8WaFHv9T76CTBtvho9XQ8MCU+P2BmW8w0RQZ1QPlaOsGB9pB57fsmFPqbCqQs0v4/+0sozsK/5UQtfFQVwPSgX7fSZe/g5QUvWk/aGbOHRGIn72swOzSPzlxU+MP3G3lJIi/k47Z6QK4yeo4L5P509B/+fFS1685e5AJ6pr7c/mDTp/F/J/Bn9y4iV7hwL5/n/ceZPHHy1v4tcvwJ9M+0VgU+iMwM/cL96kxp+ON3r+FJJ9+V9Tlqg8lTcJ/ozq//vEn4GdwefbQfOnzA6oFD2a7wz5c/D+19RXgj+DMInqWbyJl2PlD7HrZ/Mn3/6C/CnDm8L8IRh3EY+f/fCmlP1pHRZ6bd/163kTvM+Y8514WYQ3cUNzeBPXS/NnJN7o851E/ET4Q3l/j83/+61/hHyHNL/fb96EjErhS0IPxPezf+4Y+LPvfGdozqOU74jujndCpD5FU3aGxwg/loI/MBWYypv0lcrAVRJhVbAdm0OnTnH1w3ewqhau08cwKrz71k+Zrtc5fvo4ru0gMNhpdWnt9TEaDrvtPUwDqrUGVq3OlFVBVhq8fvFN1vsKcXeb937vP3HuxAJPnjzEuePHmVuYZ2quiSEsKqpBpVZDugIpwbW7COFy6uxp7rRdXNNCGaY34S8EJgJD+R71Z1QHHSe83y0WQtF09gY2Rx0i7E7AxLL8GdaVzpsgjH//79Gf+gdUXjqD8fSXvGfV/uAbyFf+Jmaoue7v/kPsmf8Z6+wZzFfPQG8d+cOvIT/2NzFH2gX8Peyv/m3Ul/8nrI+/inHsVcwTg7f2biNf/wb2t7/m9dra1+h9tU/1N/4W5rHnMV/Fexbv3e/h/Mffwj6gOVX3679F3/ltKh97HuP8z2PIPuqjr9Hf+jTVQZ8AqP/6Neylv4X1xBmMp894v1zttJDvfQP7n33tYBo7bnEe5P7jx1MmE8AHJEopbuzdCyZ/pZKs1Oe5MHuCF+bPcrixyI83L/Hhzk0u7d5CKokhDFbqC7y69CTPzJ1mqTZLbH3NRCYykYnsQ0SQ9Hr5mPdM3+EKPfBHx54eeuav8I4XwZWCQ4HQ+GaQ6MXHO7HR27C+QWmEdOLl8IyknjvAyhiBxJYaCxG+vm9bKEGOl35fRU4b9JF/2UTfh8wT6WVwfAz/iU+DhFkiqadeQVNxzg6Vof/9QeKgjYN69StG/WbFd0gULENmhi0Ju1fr7ugZUT22Qli/Y0BThr9JKrFDIbli3e9u//1UbyXLtObGLM7StQGZe4XQjRt3WEaLE/FTeIW6Jn6i3R+9/TVl2JJwc1Nvl4TtsSuU5U08HlL5U4Q38dK/TE78FL3dY+cFeq5ZB8Ob/B15Ot7Ed0jk8yYebzreJL7PS8h94k0B/uTypih/NM0tzJ9coI3Amwz+FOZNgj863sR3aJXkj443RfmTxpt4OQpvcnaEp+Y7Pm8eI/6M/gxyhnqkWQfHn6DUyv75M/ozOf1ufrD80V84aGD2CTmOG/0Z5LH4QMefDO5o+BO2JIs/yQ5LucL94o+ON/H4KcubeFmSNwkpzJu4nsMfXbwU4Q8Z8ZLgT0nexCwpzZui462i+XLZfCeIO7+7HzRvRLquu8KY8p3451vxfOdh5E1MT4uTzjZpDpulP+zaQb8IQfA9l1AC0+8uIRCGhY2LYxjUppucOnuOXmuTva0trOoUH/70HU4cPsSTT5xFKpsd28F2odV1qAjodPpM1WvYroOJQNWnuLG+w7/8T99mvS24uPkhdq/LzTsN3n5b8dTJEzSnanzpl/4i55cOY/d6GIaB6zoYQiCQKKXouy5YNRylsCwT25UYpgAGdiCQItSPgW+9BQYzqj+8B0PHCKczCJUob/K+37H/6Zdx0uInNWxv4/zr38D91zGv/buvDnzit+h72P/k17EHBwTu/n+/Gj3x679B++sUlNs43/x7ON8scOjaN+j/H9/IPua7f5fOd6Mv9f/+Z0NRlta+r9H739ImZVNeXwb39/4Ozu+FXzxK5Su/BvRRt741aOu3sP/Ztx7oTzaPXdzHypqHQiYTwAcgSin60mGjv8udziYA52eO8urSBT6+/BS7dod3t6/xxvoH3OlsIJVEAVNWnWNTS7y88AQnppZDaclEJjKRiexflFT4M7r+Dl+Jn5yJ2CpXL8Pyy/izgP0MLPHsO+UnmtHz/R3Hfian23msH4YnVwBLPHM8NbZSN23FuPIGfZnl938V5/vh4UT0Ov4gJdAH3/qL3/8Ezu9Hmgv8I9x/8I+ir+WMc9W/OBWs3SwkKqeMH1t4AB8X348xvcwOrSIr4HPK4YCGUL2+G4Z60jbdDoTQ+yT9XXpHbtbxoQAd+Rl4SbM09mqOHdn/+63f97tf/2j+L7UjNCXedLwZ9n1x/vju9NQReVMy3gLeqLieEj8FeFNa9subkvUneTN4fVTejMSffN4M7+VQ/ETs1fFn2IEj8SaLPynxNuRPuM0l+HPA/t9v/QneBB9XI/KnzA6tIM5CvCnBn0K8Ken/8fGHR5M/BS+vz3cGxx1QvlOUP2m2HUi+Uzj+snlzYPzZr2TVn8GbYb7jHz6mfCdc7jPfSeVNXFd+OKX4/z7wJrHj8qB5E5ey8Va4fg1v4nqcP/cl3xmWiXgpy5sU/ozm//1+3mXzRyv75c2Bfd5peJPgz/3Nd8b5/Y7PG0/V8CfN/3sbntHRE5g2hr4f1jP4SwiEYcBgUlMokEqhBj9x56A49dTTXPrgXZ55/kW+9Iu/xHf/y3dYX7uHaRpULBPDNEAY9GxJS7lst9pUKwa1Wo1qo0FfSa7fusVuq43tVmj3ejRqVe6urXH8qbN8/i98kUOLczzxxGlc26FasZB2D6SD6/To9vr0XZO+IbCl9xmiANM0AW+Hr4HwvsuLLC5QCH8WFmgKl9A3Z0E/iF4L/xnAcd6M/P1OSf4Q10vkO4+XHKXy3/1LKif7qLu3kHevoOwZjHMvYCxUYfd7xSayH1FRdu9BN+Gxk8kE8AGIRNF1+0glWaxOc/zwi1yYPc7J5gpr3W3e277O21sfsdrZpON6v7nfMKq8MH+WXzjyEk/Pn2KhGn/I90QmMpGJ7FMGyTh+LhisEB2kXSKYHw6eBewdHlpZOjhQCYZJZWxFanwl6nAQGV2Rmr8iNtb82IAqVU/Umrx8eumvSCdou//lfKCHR5LxHRDB8RkjwEJLitPOH0hoQJU2oIwPrxJ6irvyxquRUrvjZVj6PZ6q56yAzy0TDY7HS078xC6n2wGgLdPcFbyfEi9E46LoDgitB2LxNxxQa+Ilrgf1p3dXbvykVF8qfrQ7XjTxEgpUP97SeKP1mPaGJ6oPOyi9Q3J4Ez+7GG/izdHzJl5G+JMVP2PnTUn+6HhTlD+JeCvJn1BHj8SfNN6U4Y+ON0X5U8R9wfEp8RPf2VmWP6k3fBp/fMnjTUn+FKg+mzfx8kHxh2x92GFRrSB/tK3QhPvDxx9f8vgT7S3d2Xr/58RLvNTyxj9uRP7oPRYtH8l8pwB/NPFSiD+pnvIljz9R+x8cbzTxk8GbQM/y2D7znYeDN369Gv6MhTea+EnjTTwcQ/2ViB8db4ryJ403ZfgztnxH1+B4/ERFyxtdOMbLTLf5/s+IH3/8LsJ6cf4Uz3c08aPjTax7fRk/fzS8ieuhuPEb6Mefjj9R/2vK0vyJyrj4Y7TuIZ0+yqqGDhDUTYOZ/gadqUNePIXbI0BKCcJAAUq4CCUwjMHGB1fRqdZ44TOf4dq777Dj9Li5cRen12F19RbTizNMNRvMzMximev0bZut7RaWcKhVLepTNWaqFvOm4sxsg7vbXXoNg9NnjvDi80/xsafPc/7UMaanatidHYRZRwmQuLhuH9tuIzFRWLgYCLOCiQAlo/0QmORP9/j3hLd7uNleoybMZN9LG9HbI/0ZwHH+lPx+54D483jJbex/+1XEr/wNzNMXMI9c8F52Wqgb38L+3d/h8X1KroLJBPDYZTIBfADi7QC2mbYaPDN/mhcXzrJUm2PHbvPNm6/x481Lwc5f70OpwrGpZT596Fl+6djPcap5ePLs34lMZCL3QRTBT8GEBzxSDWZ8/ZV6xFZsDlfkBb9MoAb/+JO+ktAAq3BzkiOZIudklQWqC/SB+d4buhXKMT1t5Xvk+BKl8vosXAYJO/7q75hhwRLw7O5J6r4f/dfD/i6xQjxrBWiox7QryMMeSJtgyoufEv7OlZLxNwiTQIm2VhMvOf7e7zOAdfEyNCdklG+A9huEAvHjh5/G/5llgRXCifjJXAGcuKPJjJ8Mu7X+3wdvEpeK8KYgf3S8GYU7abzR7EiPNDpid1H+6HjDwI0F+VNmB0Ief0pOaEft1pRlZJ/x90D4E+eN/yVsgj8pvInrpfij4c1DxZ+SMuFPkjeaHemRRmfYm8mb+8GfnDgrx5+UUmfgKPGWdq0S+U68fh1v4nop/uTFzX7ynbh+0Lwpwp9U3gzjLcGfrPwmTw6aN8Sys0K88d8+2Hwn6I5EvhMt9dH1YPKdTP48VvlOUd6E9DTelMx39j/eipYqrgcH6/hTzv8HO97KkX36P7UsUJ2wO4jWGmruWKg+r7OXe2tcnzqMIQBksFtWIAcne8//RSgQyps0UQauZYDq0zh0mFePHmXn9m2eevoZbKfL6z99i8///OcRwmSqUaXZMNjdcOkKwdZOl4q1Sa1mMj8zRc2UvPLcU7Q6LoePneDCUxd44YXnMJSL2+8xVavgug79no2SLlZFouw9ZN8BJehRpytqnhcEoCyv7QAYnq3KQBju4DUxsN1AIVnq3E11hOhsI5xOPocK5jueQx4wfx51ufEN+v8k52eoH0NR/e6DbsJjKZMJ4AMQIQQVw+LZ+dOcml7h5NQKP9m8xH++/QY/3rzEve5W8LPPlmGwVJ/lF4+9wmdXnuPU9GGqRuVBmzCRiUzkMRTF4Jm+SnjzvaGVwn4JRJI1MXhhkCbG8jnhzxsPV90SzdV0+b5X31BR+NcoZVCoAn9Ao6s5ZceBZkdUYuemrvT7KFwSTJGHjtfoIr0MW1DcfgokyfEKohXnPgOP2ArQ0Eph3QrR2DAjqufukIi2PKGXtl/THf5oSuTETzCAifqdhP81pWZF+tANOfES1BNqbqiZuh2p6fZmlDrR7oj0ytGfgRcrdfFTeodE1PS8Bez59ocunFiSX4A/uh2YRfmTxptIPIzIGw1/su3XlBHR8Sa9QaM/g7Mgf3J3SERbXog3Zfij480jw59os/L4k21/Rpk4YSAPHX+SZbjl4+WPhjcPNX9ipY43Y+NP/ALj4U9mvrMv/iTLcMvHy5+ivInrOfwJv59X6vgT1JgTP2XznZQuSC21V9DxJ+4wDW/icVCYNyX4Q7r7S/GnkIzAm/2Ot7S8iX/e+S3YX76T6I4HlO/snzfxOMvhT4o5cd7E5gsL8CZs9+CfhybfKcifWJ5z/8dbBXgTKnX5Ti5vxjbeyomfkJ0j8SfS3zr+pPNG7K7C/DHiDlyWe1zXVOdNBAvv2iltczExK1V60sU2Le5s7nD9yod8/gufQboSKSWVepX69BS7uy0cFHudHsaGQ8UyWVpYQCjFM08/gVmZplKrgdPlo/ffY2l+DqTNzrpkbn4WqzkHpoFUDgqQwqDvKKRpDvxmhHyYbGwamoQSLDktBrPfEUcYvW2Ix8MBjLeK8qcQbybyeEi/86Bb8FjKZAL4AEQgaJg1jjQW6bp9Om6Pq3t3ubp3l7nqNEu1OWYqDZZrsyzVZzkxtcwrixc4N3N0svN3IhOZyP0TpZCDfFgOEmY5GEj5ejSJS670iz8LOL5C0Bvc+tfxjxvkbip0fT/DE2LkBE8RGoRpVwjn7EAouyMhXmpXCJPU/QYX/kKhYCeEy7xjdfUOyuFlfD+m6yPtkCmwIjl9hWm4L2N6mR1ZMXt1OxL8g4v4u+wzgEd9RlWg5+xQKGP/SPGnq1dlxwuB/xm4rZj/x7MjNNR34+ZNCn9K+X+fvBGhdmTxZ2gAI9sfudy44i+QAvEzgv9L78DK40+cN1n2j8SbjPihJH8yeROPvwLxk2V3Afvvb/xl84ZReVOSP8TizefN/vMdDW+y+FPK/yPmO4PPozh/gj8PzP+aYwvXr+PPPj5/DiLfKWz/MM8YK3+y4qVA/OXyJs2mAocl7deUZUVbv44/++RNXvwVzHcC/oQ8XtZwHW8i7+f5f2y88fs6I34Omjdp5+bUn+SN//rB8CYyPs/gTXCvZo23Mu83PW+i+v3Nd4bxUiB+wurYP28KSk79Sd4wcNPB5Dvx73d0+c7I/Ilq5P9uAAAgAElEQVTzJsEfjf+3b8KJl4eJyaBctKBm7+KYM8m6hAD8SeDk264wkQqUYTK1fJhnP/5JlDD57Od+AddpY5oGZsXCqtcwG1Xau20M18ax+5hii0NLG1iVGvdWb7HT6tJpd+l1uyzMzjE91aRWrWJLm0azydKpMzz1wrM0agIXkBjYSuAaVRQm4Z+v9ieAg8/3EEfC71ftXeYNGbwaiZ72VtCn3hUeLv6MdO9M5JEU1Ws/6CY8ljKZAB63KDn8e/DhYQhBzaxQMy0sIVht3aXb3mC+3+VsdY7F6jQr9QXOzh7lxMxRDjdXmKrPYUwmfycykYncT/FXHPv5baBHS0XyWcAAwZI9hisAvRNCOoMKIuWw/ujbcT2n/bEBVdEVuYnqAhtUuj74d9QV6cTOC3TdkuKggfEBUkwvOcBMXG3oruwyuFzRFcHFV6T7HZ6p6wJCuwMs3f6ExC5bdEdA3D1e6fs9pgfHj74iXRs/4ZniSOkfljPA1nWvrrtjL2mrD8cDGfGjXRGctyJ9uCJZxxv/uEyDyvImJqV5EymL8qYkf1KO08WPfkuDLznxU5Y3cb0sb7T8KcibovzRee5nhDfa+Mm/4UOthYTHx8Qb/43UZpARL/eDNxr+pJY/4/mOljdF+TOmfCdxOxflzxh24PkdHtcjpfaGeBT4kxI3Y8p39NzxD3sA/IGMcNTxpyBvQg3T8qeMQTr+FJWCvInrufwZ/DvqLyzp4mX/+U4B/hTorkDX8SflslHeMHbeRPSReZMTPzlhqeNNoGe67WEcX8V54zc4pz80ost3CvPngeU7vqrhTVH+5Hzel8l3xNZtRGcTNbUwvAkHFzi6d43r9ediFYPwvwfT3OcCAWYV25VgWcwdPga1KXZaXebnalhdgWkqzKqBVa/htrsgarQ6LabqLqv3tlg5fAQhFEL1efL8CQ4trXB45QjVao1Go4E0DCSCrmVSrVeRsodU4GLQo4JDBeU9/XfYpqD9oZ7x/1beuwo4snOFqM8Gd1JvF7Oz4cXBQ82fdL9M5PER5fQnz/+9TzKZAB6nKAluH1zvJxpEpQ6GSRhqdeC8MFkRdX7JtTB372K4N7BMi1rzELWZw1TnT8Lh52D6EFSbD8qaiUxkIo+5qPiIIvTsX4RIfxawfy54AyYlInlYMCgZJTnLSfhTEz4VLb1nD2uOzas8Up9uh8SwQu/lEiuS80oFiR2gg5Wqge4n9/5fMfuHZbwTRNDmqB4qR1mxOdIOPL9lwwGzCqsq1PyS/k+UZWRf8acSevTrgKGf43q6/wvukNDGX7iPk81PNSdiryB6E2viZz87MIvEX178RHYkJN1SSor4O+2ckSqMn6DjTeh9Cvh/ZN5o+JMXP1r7s3nDqLzJ409OvGTvUCDf/487b/L4U/jzrgB/Mu0XgU2hMwI/c794kxp/Ot7o+VNI9uV/TVmi8lTepOQ7o/n/PvFnYGfw+XbQ/CmzAypFj+Y7Q/4cvP819ZXgzyBMonoWb+LlWPlD7PrZ/Mm3vyB/yvCmMH/8y8fiZb+8KWV/WoeFXtt3/XreBO8z5nwnXhbhTdzQHN7E9dL8GYk3+nwnET8R/lDe32Pz/37rHyHfIc3v95s3IaNS+JLQA/H97J87Bv7sO98ZmvPI5TtuD2PjOu7UQsAbv95jshX8DLQ/6VtkbYwBuEqBYeEqiWFUaS4uYhsC07IQuJiGpFo1ME0LKUx6/T6GNKDawFUmjeYML730EndX73Dk0Aqzc/P0bIfVtbscOnKM5aNHsao1ZK1Cz+5idztIqXAk2KKKMmsoDAwY+DG9rWLwuSJRnvOUYsXeGfz8c9QRxt4aynUYO39C1TyQ8dZEHj3pth50Cx5bmUwA71ekjWpvofbuoVr3oLWGsjsgQNRmEc0laC4hGvNQm8YwLBpWnXp9nqXpFZTroPbWUHsbsHsX7n2Aaiwg1y6jls4hFs8gZo8iatMw2RE8kYlMZKwyWOFIdEVoeIWeXw4OA1TwfnAeofGMCA6JDBJ83d9JHM73lBrMM/vJqxi8PygJvR5ue2LAHZ4x0Q6wMkYgsaXG2mfkDY7Xr1D3T4vrUTMSpUgvietp3UGaWSKpp15BU3FOg/yVnoE+WBnq16tfMeo3K75DomAZMjNsSdi9WndHz4jqEQcl4yGx5Spehr9JKrFDIbli3e9u//1UbyXLtObGLM7StQGZe4VBmeawjBYn4qfwCnVN/ES7P3r7a8qwJWn80UsGf4ryJh4PI/MmXvqXyYmford77LxAzzXrYHiTvyNPx5v4Dol83sTjTcebxPd5CblPvCnAn1zeFOWPprmF+ZMLtBF4k8GfwrxJ8EfHm/gOiZL80fGmKH/SeBMvR+FNzo7w4vnOo82f0Z9BzlCPNOvg+BOUWtk/f0Z/JqffzQ+WP/oLBw3MPiHHcaM/gzwWH+j4k8EdDX/ClmTxJ9lhKVe4X/zR8SYeP2V5Ey9L8iYhhXkT13P4o4uXIvwhI14S/CnJm5glpXlTdLxVNF8um+8Eced394PmjUjXdVcYU74T/3wrnu88jLyJ6Vnxsv4RnHgp4biGBYd3LnN3/jxKKYKfU/ZP14BAKDAR3uPShIGwDE6eOQWWACExDTANqFZMTNOgZ9v0HYm912HFVSjD5N7GBrVahWqjhiP7KKGoNGpUbBezOYWqVlFWBVdKHNdFShfHdek7ICo172eohYGBCr5b07QWhfS8KgQrWx8ylfLsXwCzs+51p4Y3j8b3OxN5HERNJoDvm0wmgEcWBXYX1V5H3n0fde8icu0Savsm2B0QBqI+B3PHEQunMOZPIuZPwswhMCyYWUFIG2rTsDMDO7dR2zdRu3dRWzdQ65cRi2cwDj+LcewlWDyNmD7kTQILI9oSpZBy+NPThmEErzuOE3ygVSoVws8J8M9zXRcpZXCcYRiYpolhGJHj8+oUQgTXc103cT3TNHN7VUqJdF3cQXvCH8aRUimEYWAM/o+3UykV2BW2TQgRtCXNNldJ3MHPeBtCYAojlA7G+gCFVCpyvIGBVBKJ1/Y0MYTAEAaGEMG1pVJIJXGUiykMLMPU1hsXR7rBeaYwMGLxMZGJaEV5KWGQ/KfpyhuYR5O52ErmkO4lgdGVgt7q2thxQULvlSoykiCxAj6l8UTfDe1IGJzr6145ph0IsdLPOgN9cN8Pd6goQofFTcgf55YVlVPm1V9YfD/G9DI7tLQrkIuXw8EuoXr9bh/qSdt0OxBC75Pv/33tUAgF6MjPwEuapbFXc+y4B1CF6/f97tc/mv9L7QhNiTcdb4Z9PwJ/YMifMfMmwZ+ANxr+hB3xMPKmZP1J3gxeH5U3I/EnnzfDezkUPxF7dfwZduBIvMniT0q85f7CRJ5TDtj/+60/wZvg42pE/pTZIRHEWYg3JfhTiDcl/T8+/vBo8qfg5fX5zuC4A8p3ivInzbYDyXcKx182bw6MP/uVrPozeDPMd/zDx5TvhMt95jupvInryg+nFP/fB94kdlweNG/iUjbeCtev4U1cj/PnvuQ7wzIRL2V5k8Kf0fy/38+7bP5oZb+8ObDPOw1vEvy5v/nOffl+BwJ2lvl+R2zdwNi8hpw/GU5YADjeW+Mu5wddJwY1+53l4m1diEsFSzkoJI5hgGXQaNZxpYsrve+mLWFQNQSWZWJV67Q6ezimxa21DbBsVuw+x44cYnFlmdlmk0atAY0p6suHMWpNpGmCIbGdPq6U9G1Jp2vjWBZYdRxMpGGC66b0WVL875WPdVZDnTkUY28N0VoL7g0db0b+fqckf4jrJfKdiTzaonp74NgPuhmPrUwmgEcSBUoi1z5EXv0e8sPvILdvQb+FUgphVsCqoTpbsHkFrn4PWZtBHHkW48QrGMdeQswcRcyfAtcGpwu9XeTObdT6R95k8q0fIW/+CLn6LsaNNzDOfhbz7GcRi6fBqkdaI6Wk3W7jOA6GEEw1mxiGQb/fZ319nV63i2VZHD12jGp1uIvYtm3a7Tbb29t0Oh0cx6FaqdBsNpmenqE53cSy0kPE7vfp9Xq4rotlWVSqVSqVCp1Oh93dXXa2t7FtB8M0mJ2ZZW5+jmazqZ1Q9u3o9/vsbG+z127T6/ZwpYshDEzLm7Q1Q5O9tVqNqakpmtPTkcllf+J7e3ubvVaLbreLbTuYpkG9Xmd+fp6pZpNarRbzqqLldNjpew8cb1o1pisNKoZFfDJWoXCkpOV02HO6SCWZsRo0rBo7dpue28dR3morr03eOYYQVI0Ks5UmdbNKxfDa3ZM2u3ab9d4Oc5Umh+rzWIZ+8jksW3aLjd4u05U6s5Um01Yj95yJTARACeGltWKQNAYrRON6fGWf/8vQgwNVaG324PVgpSCDCw7K4LjBddNLorpG4guGRTj7FcP8NtmKnOoHnZD7TM7wSFLE9OD4jBFgoSXFaecPJDSgShtQxgcDCX3ovmiZ3ephqd3xMiz9Hk/Vc1bA55aJBsfjJSd+YpfT7QDQlmnuCt5PiReicVF0B4TWA7H4Gw6oNfES14P607srN35Sqi8VP8HK85iui5dQoPrxlgjgqIeiZWneaDpEc3vqdgAU4028OXrexMsIf7LiZ+y8KckfHW+K8icRbyX5E+rokfiTxpsy/NHxpih/irgvOD4lfuI7O8vyJ/WGT+OPL3m8KcmfAtVn8yZePij+kK0POyyqFeSPthWacH/4+ONLHn+ivaU7W+//nHiJl1re+MeNyB+9x6LlI5nvFOCPJl4K8SfVU77k8Sdq/4PjjSZ+MngT6Fke22e+83Dwxq9Xw5+x8EYTP2m8iYdjqL8S8aPjTVH+pPGmDH/Glu/oGhyPn6hoeaMLx3iZ6Tbf/xnx44/fRVgvzp/i+Y4mfnS8iXWvL+Pnj4Y3cT0UN34D/fjT8Sfqf01Zmj9RGTt/UIi1S7BwMnoBYNYSHNm+xOr8E5E2eJuH0jfVGLgI/GeOCZQyqNSnMGtVVEXQkw6WYVAXFaqmSaNWYRuwXcW9rV1swOlKZhs1FuebNJtNKrU6yqpi1BoYlQoS2/OT08V1FHt9RcuuYNbnQFQQysCQCoQEby+yvj8HsXho4yIzItxTQzFbdwGl500qf0p+v3NA/JnIoy2qvfOgm/BYy2QCeBRx+qjtm8hrf477wR+j7l30dv1WpjCWziNmjkBj1ju2u4vqbHjlvQ+QnS3obGGc/hTGkefwkgwJ7jJG8xBq7jhq8TTUmsjrryHXLiH7bZAOOF3Mp38ZMXc0mASWUrLX2uOtt37C+toalUqFl199FYDbt27x+uuv09rdZWlpmb/8K3+FpaUlXNel0+lw9coVLn14iTt37tBq7dLv9UHAwsIiJ0+e5IUXX2D50CEajeSE4urdu3x0+TIb6xscWjnE8ePHsSyLq1evcvHiRe7cvk2328OyLFZWDvHkhQtcuHCBQysrVKtV4hPBUkrurq5y9eo1Ll36kF6v5+1CFgbdbteboHZdmlNTTE1N4TgOKysrnD5zmnPnz0fauLmxwfUbN3jv3XfZ2dlBui6VShUpJYYhWFhc5OzZs5w5c4aZ2VlM00ThfdC/u3WNH66/D8Azc6d4ceEci9UZLCO6e9lVkpbd4a2tj/jp1hV60uZjC+d5cvY4b2x8wK32OntOl2mrQdOqYwmDLXuPnmtTNSxOTa/w5MwJTk+vUDEstnotLu7c4M3ND7gwc4JPHHqa+cp0ot6weJPQLj/Z/IgfbXzIM3OneXb+1GQCeCIlJLlSEyEynwXsJ2fKP3+QBHpJmRomZSp4cbjyN6sl/mA6PpLJNyFZFjxXN+DybUlfoRzT01a+R44vUSpI7NAKBrX+asyYYcES8OzuSeqeJcNu8/w77mdwkqoTsiXkgbQJpowBTcSgIrGSJ2kj6bzDQ/VHW6uJlxx/7/cZwLp4GZoTMiq4Z1PsFkOb4jYTumIQfhr/Z5YFVggn4idzBXDijiYzfjLs1vo/jTdojs2RKG8K8kfHm1G4k8YbzY70SKMjdhflj443DNxYkD9ldiDk8afkhHbUbk1ZRvYZfw+EP3He+F/CJviTwpu4Xoo/Gt48VPwpKRP+JHmj2ZEeaXSGvZm8uR/8yYmzcvxJKXUGjhJvadcqke/E69fxJq6X4k9e3Own34nrB82bIvxJ5c0w3hL8ycpv8uSgeUMsOyvEG//tg813gu5I5DvRUh9dDybfyeTPY5XvFOVNSE/jTcl8Z//jrWip4npwsI4/5fx/sOOtHNmn/1PLAtUFugLj3mXk4WdQs4dj9StO9e6xylOA4dnpf2mlxOA766itBk5okYGBwqRSbaBQSBSdXpfVO3fp7nSoVas0qnWEYYFZo2dLVncdKnSZX92kPtWg75pMT0/RmG5iuDbVWh2jIug7fVzXZLtls7HnUp89hGPNYhgVKtJEIVCG9LymBGm/PikYuu5k+07qs39FZwOxezfKoTGNtwIHPEj+TOSREdXvQK/9oJvxWMtkArisuDaqvYG88QbuR3+GvPkjQCGmFjEWz2Kc/Sxi8SxiahGEQHW2UDt3UJtXkRuXkVvXwekh6vOo+ZOI6jQYJlg1hFXznhk8dxxRmwFhoPp7qN1V5O2foPotxNwJDKuKmDseNKm11+LNN97kg4sXqVQsFpeWcRybd955hz/5L99ld3eXM2fO8PN/4ReYn5+n0+lw/do13nvvPS6+9z7r62u099p0ul329vaoVqscO3YMUDz73HMcP3ECy7Iik7ard+7w2muv8cH7F3niiSd44aUXMYTg0qXLvPvOO9y5c5u9vT1c16VWq3P9+g32Wi1e+bmfY3l5ObL71rZtNjY2eOedd/jJj3/CjRs3Bjt156hUqmxtbbF65w63bt+m2WyytLTE9PQ0juMwv7CA63g/N+26Lu12m4sXL/KjN3/Ehx9+iHRdGo0GM7Mz2LZNp9NFyg+4d+8e7XabJy9cYG5ujkq1igLe277Gv732p4Cie/wTnG4eZrbSxCI6ESuVt1v4rc3L/MebP6BldzCF4FB9jtfWLvLjzUts9Vs8OXuCU80VZq0pbnXWudvdouP2WNmeZ+vQHpZhcGxqmc3+Lu/tXOMPb73B1nKL481lpmbqmRPAjnRZ6+7w2tr7fPPWa9jS5XBjntPNw2MK9ok8/pJcMVyoxM/bhusNhX+98DgzsUKZyPHhHE4QezNcFpVIBf6AJlxDLOGN65odUYmdm7pyYHh8hfrQnBxdpJeRPipif1ZCnXXFWMW5z8CLx09opbBuhWi0eTFdu0I5PV4Semn7Nd3hB6PIiZ9hoEf8TsL/mlKzIn3ohpx4CeoJNTfUTN2O1HR7M0qdaHdEeuXoz8CL80YTP6V3SERNz1vAnm9/6MKJJfkF+KPbgVmUP2m8icTDiLzR8Cfbfk0ZER1v0hs0+jM4C/Ind4dEtOWFeFOGPzrePDL8iTYrjz/Z9meUiRMG8tDxJ1mGWz5e/mh481DzJ1bqeDM2/sQvMB7+ZOY7++JPsgy3fLz8KcqbuJ7Dn/D7eaWOP0GNOfFTNt9J6YLUUnsFHX/iDtPwJh4HhXlTgj+ku78UfwrJCLzZ73hLy5v4553fgv3lO4nueED5zv55E4+zHP6kmBPnTWy+sABvwnYP/nlo8p2C/InlOfd/vFWAN6FSl++U/36nKG9K8idk50j8ifS3jj85vLE7GHffx509knBkw4Szaz/m6qFXog3UJCJKgAgmyBWGAMMQCCXBdlB9l53dNpcufcSeDTPzh2k0Z9hu2/RFBSUMbq236O512eg4nD9ncPyIgTRMRLdPreFiWALXddnY7bHWMZlbOYWoTiNp4OJgSBfDENiD4DMUw0UFQeerQfcKTq++QUP37N/WKobbHfJobPzR8WZ0/hTizUQeXdnbetAteOxlMgFcUlR7A3n7LZy3/y3q7nuAQjQWvJ9ofvKL3q7e+qz3nF9ASNf7mWe3h9q6gVx9F3ntz5HrH8LNZYwTr3qTvWGpNILriKVzuG/+a+TmVdi4gvvW74FpYc4dw4e267rcXV3l0qVLOLbN6TM/oNXa5drVq8zPzzM3N8fi8hIVy6Lb6XDzxg3++I/+mOnpaT73hS9w5MgRqlXv55svX77Mn3//B/z07bdZ31hnY2ODv/jFL3JoZYVKpRI0sdPpcPfOKu+++673U8t7eximwclTp/jrf+NvUK1U2N7e4tKly3zrm9/kT//kT/jo8mUU8Morr3Di5MngWtvb2/zB//cHvPH6a+zu7vJLv/zLPPPMMxw+fBghBJ1Ol2vXrvJvvv5v2NzcoF6v89f++l/j9OkzTM9MM9Vo4LouW5tbvPHGG/zRt7/Nhx9+yJd/6cs898ILnDh+3JvgVYr19XX+6Nvf5vUf/pDv/9mf8d/82q/x8ssvc+LkSQxhsOd0ud1eR6HY6e8hQz/jHBepFDt2m1vtNXbsDi27iyEEPWmz2W/Rsjucmz7C51Ze4MLsCbquzVtbl/nTu2/z3dW3uLZ3l1vtdf77c3+Jruyz1W+x3tvh3a1rnJy6yLHGMg2rps2JWk6XP7v3U97avMxab5v13jZtpzdaYE/kZ1OUQg7yXzlImOVgIOWvCPVf91f0+T8yI5UKTQInVwBKFX09Wg7rH1xkkEwPdf9y/p+FzIHQhiLdCuGcHQhldyTES+0KYZJ6tMEFvlAo2AnhMrfDssvhZXz/pesj7ZApsCI5fYVpuC9jepkdWTF7dTsS/IOL+LvsM4BHfUZVoOfsUChj/0jxp6tXZccLgf8ZuK2Y/8ezIzTUdzHelBH/9mVwrVQ9qLWg//fJGxFqRxZ/hgYwsv2Ry40r/gIpED8j+L/0Dqw8/sR5k2X/SLzJiB9K8ieTN/H4KxA/WXYXsP/+xl82bxiVNyX5QyzewvnO/vij4U0Wf0r5f8R8Z/B5FOdP8OeB+V9zbOH6dfzZx+fPQeQ7he0f5hlj5U9WvBSIv1zepNlU4LCk/ZqyrGjr1/Fnn7zJi7+C+U7An5DHyxqu403k/Tz/j403fl9nxM9B8ybt3Jz6k7zxXz8Y3qhwvGTwJrhXs8ZbmfebnjdR/f7mO8N4KRA/YXXsnzcFJaf+JG8YuOlg8p1I/GTkOyPzJ86bBH/y/S9WP8BYPo+cO57owJO02GrdYmfmOHkihYFQcjBxqRBKYigwUYi+Az2Hre0WtzZ2WL27TV/epDI1j2FVkRjY/R5OX7LX7nJv7ya3721zeGWew8cO02jUmGo2qdaqOFJSm51j/sgZXKOBkgYIiRIuKAOkDPW9PrBmd29y3NlNfc9ob2Bs32a4e/jh5s9I985EHglRvT3UZPfvfZfJBHApUajt68gbr6M2rqA6O4j6NMapT2Ke/RzG8Y8hppbArKSfXp3GbMwjphZRe/dQ27fhaMoDroUB1SZi4RQGoNYug9NHrl/2ngl87wPUyY8jphYAA/+Zt71ul9beHtevXePEyZN89vOfZ2lpCdM0mZqaYmZ2FoSgVqtx9uwZFheXOHPuLIuLi1iWheM4zA12CG9sbPDee+/x07d/yqlTp5mZnY1MAIM3AdRpt9lYX6e1t8cnP/VJnnzySY4cPUqtWqXb7bJ86BB37tzm9dde59rVq7zz059y/PiJYAJ4b2+PGzdu8IPvf5/V1TucOHGCJy9c4Oy5c8zMeBPjjuNgWRZPPXWB1197nZs3brC1tc2ZMzA9PQ3A5vo6H3zwAd/5oz/iypUrzM3N8dzzz/P0008zPz+PYXjPcJiZmeHlV17h6pWr/PCHP+QH3/8+CwsLHD12DMMwkEphSxeFRCIzo0EIkChs6dB3bSQKU5gYCKSSuEoyZdVZqM1wuLGAVIqu2+N2Z4Pv3PkxV1qrzFenabtdOk6PrX6LjtPj2t5dfrTxIc/On8EyTBaq04m6XSXZ6rf4/r13+HD3Fj3XZsdu03X7mW2eyEQi4q84FoM0K9DFIPeKrigd6gxfF6CUSDwTWAzK8NGJZD+2IjpYMa85PCGxAVXRFblBKcKlvwI4RR/8O+qKdGLnBbpuSXHQwPgAKaaXHGAmrjZ0V3YZXK7oiuDiK9L9Ds/UdQGh3QGWbn9CYpctuiMg7h7h3yuDbzQienD86CvStfETnimOlP5hOQNsXffqujv2krb6cDyQET/aFcEFd8TEeBN+Jp5/XKZBiR0Z+q5Kk9K8iZRFeVOSPynH6eJHv6XBl5z4KcubuF6WN1r+FORNUf7oPPczwhtt/OTf8KHWQsLjY+KN/0ZqM8iIl/vBGw1/UssEb0ry5xHPd7S8KcqfMeU7idu5KH/GsAPP7/C4Him1N8SjwJ+UuBlTvqPnjn/YA+APZISjjj8FeRNqmJY/ZQzS8aeoFORNXM/lz+DfUX9hSRcv+893CvCnQHcFuo4/KZeN8oax8yaij8ybnPjJCUsdbwI9020P4/gqzhu/wTn9oRFdvlOYPw8s3/FVDW+K8ifn837UfMdwOqjb78D88djZ3oXP713izZnjqKAn0kW43kSsC7gIUCaW4VIVCtPp09trs7PdZW29w8ZeDweDXuseQlSoN+pM1+vI6jSqXsE1JZtdm93r61y6doeqpahP1Vg+doJnX/gY04fO4lBFGRWkUQGpsDAQFZCAKQ0Uw2UM4C9wwLNDwNmdSyR8NBBz5xbC7SFE6C546Pmjdc1EHmFRuxsPugk/EzKZAC4qSoG0UZvXkLd+guruAArq8xjnPodx4hXv2b8ZIuqzUJvBXDyNvPEGcvNa9vGVKZg9hnHyVdTWdVj7ELW3jty8hrF5DVFtglVHIBCGAUKgpMRxHJ588kk+/dnPMDMzg2kOf0a41+uxsLDAxz/xCRpTUzSbzeC9SqXC0aNHeerpp7l16xY//vGPuH7tGh9dvsxzzz8HM8OdyqZlDZ/lKwQz09N85jOf4eixY8Exc0C9XueTn/oUq6urvPn6G1y5/BHr62vBMa1Wi5s3bvDBxYvUG3VOnDjB0aNHg8lfAMuymJ6Z5tz587z11s04ABkAACAASURBVFt88MEHvPfuuxw7dozDR7w+X7u3xk/ffps//8EPmJmd5eMf/zjnz59ncXEx0qdTU1O8+NJLvPbaa/zpf/2vvP3WWzz77LO8+nM/R61WQwgwhEBhIBAYGQmKQHhHCQMEGAgsYVI1KpjCRACGMIJrGEIwV21ypL5A3ayybe+x3d/DkZKO22e7v4ctHe51u7y7c40fb15ivtpMTAArFHtOl1vtdX6y9RG3OxtUDYs9p0vPTVlQMJGJaETFRhT+zt/MMkjygFCCrIZ5Z6BHhkaKSL4fHzpFXiz4BV+4Pm1ZWFSsPt0OiVCCDfvbARovFSR2gA620gQ6w0FvSE0p4x0mgjZH9VA5yorNkXbgDeOHsB7qf3Xg/tfUV7h+ldCjMT70c1xP93/BHRLa+Av3cbL5qeZE7BVDm0JnJOJnPzswi8RfXvxEdiQk3VJKivg77ZyRKoyfoONN6H0K+H9k3mj4kxc/WvuzeYPO34X8n8GfnHjJ3qFAvv8fd97k8afw510B/mTaLwKbQmcEfuZ+8SY1/nS80fOnkOzL/5qyROWpvEnJd0bz/33iz8DO4PPtoPlTZgdUih7Nd4b8OXj/a+orwZ9BmET1LN7Ey7Hyh9j1s/mTb39B/pThTWH++JePxct+eVPK/rQOC7227/r1vAneZ8z5Trwswpu4oTm8ieul+TMSb/T5TiJ+IvyhvL/H5v/91j9CvkOa3+83b0JGpfAloQfi+9k/dwz82Xe+MzTnUcx3wvWY9z5AzZ9AHn0m4I9/U0wJuLD6fS4e+VT2JYVAmCbSlghLYBoGlVqDbreL5Sj2bIfdTpeO4+DYElsplDBxhaTV7tLv9jErNrXaFK6pMCoudVMyVatQb5icPnOKZ196mZVjJ+mKChILxzBRGIP2ytDXPMM7QSBQYvCYXzxfPXHrezQ1HW9sX8fYvnn/+ROq9oGMtyby0ItqbYAz2ch2EDKZAC4qykV1tlE7t1Hbt7yfda40EDMrGIeeREwfKnYdIcCoIlaexpw/iagld3dGDreqiMUziNmjiOoUqt9GtVaR9y4ils6CVQfhPXcAoN5o8LFXXubJC08yMzMT7Hz1pVqtYlkWSqnEe740p5osLiximha9fp+9dhspo7thDWFgmiZCCA4fXuHJCxeo1euJa1VrNc6eO8fy8jKu67K9s0N7cD3DMGi322xtbeO4LvV6nemZGSwz+dxb0zSZnZuj0ZjCcRzW1tZotVoAKKVYXb3D+++9R6vV4uy5c9r2GIbB9PQ0y0vLLCwssLu7y/r6Ojvb2ywuLQEC/1nHhjAQQpC2AkwApmF4E7wI/KMMIaiYFubgXFMYGAz7uefa7Nod+tJhrjLN6enD1M0KXbfPjtNBCehLh9XOJn92921OTC3z9OzJoE0KhSMll3dv89r6+7T6HaRSSKXYszt03T5SqcyJ64lMZCh+dA9X7hmAv0IvvFLP8N8ffF/l6bHvr0IDab80QjpE871oS4KxBoikHikjVwrpoQGVNzWdNsDKGIHElhprn5E3OF6/Qt0/La6nmxOUIr0krqd1B2lmiaSeegVNxTkNGk7/+4NEMfhCRwzcoVsx6jcrvkOiYBkyM2xJ2L1ad0fPiOoRByXjIbHlKl7GboCiOxSSK9b97vbfT/VWskxrbsziLF0bkLlXGJRpDstocSJ+Cq9Q18RPCn8yvJWMHx1/UiWbP4V4E4+HkXkTL/3L5MRP0ds9dl6g55p1MLzJ35Gn4018h0Q+b+LxpuNN4vu8hNwn3hTgTy5vivJH09zC/MkF2gi8yeBPYd4k+KPjTXyHREn+6HhTlD9pvImXo/AmZ0d48Xzn0ebP6M8gZ6hHmnVw/AlKreyfP6M/k9Pv5gfLH/2FgwZmn5DjuNGfQR6LD3T8yeCOhj9hS8Y53horf3S8icdPWd7Ey5K8SUhh3sT1HP7o4qUIf8iIlwR/SvImZklp3hQdbxXNl8vmO0Hc+d39oHkj0nXdFcaU78Q/34rnOw8jb2J6VtyEHaUUxs0fo2aPoJoL0fdRHKJP796bXDv0CjqRKJQrMSwTV5jstjtMN2bAmqLV3mV7z6bVsbFticAaxIfh/bakkjgKXGx6/W0s5dBSbeabVY48eY4vfP6TnDxzErPWQJoVpCuQCKQa9JsQkd+ojN96XrR707Gn7r7JIdVP6WiB0W9hbd/07o3H6vudiTxqouwuqrX5oJvxMyOTCeCiIl3o7qDam6juFkgH0VzyJmYb82BWi19LCO+5v9UmGJqfiw6ONb3rN+ah0gCnC+1Nb0ew20cMPrD9slKpcOLECRYHP/2crFqkvh6YKSXdbofW7i6u66Ck9P6PHWcYAtP0dh1PT8+wfGgZy0qGk2VaLCwsMDXVxPupahvXdQFQyvt4CGxgsOM2kQQN2yaVRCmF67pIKfF//npjfYNbt27R7/c9+wzB2r17dDsdb6JbCJRSSClxXZdut4NVqbC7u8veXptutztoj7eT11GKttNlrbtDzahSi/2styMd1nu7tJ0uwRpP4dliCQNTeJO+3kQwONJly27xzvZVfrx5CUMYPDd/ii8cfpHpyhQdt0fL7rBQnaZmVJBK8v7ODS7t3mK9v8N8ZRrLMHGky1pvh7e2PuLNjQ85MrVIT9ps9HfYc3p03T6uchHCDKWxE5mIRpRC4idfYrDTl2FCLf2kMH+ln/+6lN5APm3FoBDR88MDOBUZSZBYAZ/SeKLvpuxI8HN9SF8xrmC/z8TzeyDQB9/6DxeUKkKHxU3IH+eWFZVT5tVfWHw/xvQyO7SKrIDPKYnFoW6HVtI23Q6E0Pvk+39fOxT8gA3F2zCeQjaVkSx/px077gFU4fp9v/v1j+b/UjtCU+JNx5th3++DP4yfNwn+BLzR8CfsiIeRNyXrT/Jm8PqovBmJP/m8Gd7LofiJ2Kvjz7ADR+JNFn9S4i33FybynHLA/t9v/QneBB9XI/KnzA6JIM5CvCnBn0K8Ken/8fGHR5M/BS+vz3cGxx1QvlOUP2m2HUi+Uzj+snlzYPzZr2TVn8GbYb7jHz6mfCdc7jPfSeVNXFd+OKX4/z7wJrHj8qB5E5ey8Va4fg1v4nqcP/cl3xmWiXgpy5sU/ozm//1+3mXzRyv75c2Bfd5peJPgz/3Nd+7r9zuk8Kew/xWitYZx/U3cp/5iaoeecHdw1t/m9vLzqe0UQmEIA1sJdvbavPHa6/zql77I0aXjfHjjOjsdiW2DcsGV3vfKEglS4f16pgQBhlJUTMWh+Vk+84lX+cLnPsWh5Vm6/R7CquAaYA7OF0qCGPZylggER9fe4rizrT3G2LyKaG+kXCmbNyN/v1OSP8T1EvnORB4tUTtr+QdNZGwymQAuKspF9Vuo3i70O6AUojaDmF4BswYifTetVoyCXS8M72eeKw2o1KEjUN0d1O4quM7gGIFAgBBYhsHc3ByNRiPzslJK+v0+vV4Px3aCiVXputy6dYvV1VVs2/YmZw0j8dEnDANj8Hq1VqXZbGKm7CgWhqBRb1AdPD94+IB5T2q1GtPT01SrVVzp0ul0cBwHpQYfkANxHIed7W067U6wi7dWq6GUwrZtdnZ32NzY8J6F3OuxubHBR5c/otFoYJreblxXehPHjm2zvb1No9Gg22hgmmYwmSwG/ykl2ervcW3vLj1pUzMqQeKqAEe5bPVabPZ3caUk/Onj7/51pfec3ttt7/fsb+zd40cbl7i6d5dTzRU+s/Isn1l5jmmrTtvpsed0WanPI5Vk125zde8ul3ZvcmX3Ds/Mn8YyTHrS5mprlbc2L3OldYfPH34RhWJtfZuO26fr2tjS9X6CWpdXTWQivgQrQgfp7SA593UlBiv7GO7AC06Awf0w2GsrQKjQ+94F/IrSy5QV0MEgMfS6bpgQXzCsW0CsbYW+GYC/It0/3l9BHNLDI0kR04PjM0aAhZYUp50/kNCAKm1AGe+3hB5yU6TMbvWw1O54CcVL0Hcpes4K+Nwy0eDEJxVZEq9OtwNAW6a5K3g/JV6IxkXRHRBaD8Tibzig1sRLXA/qT++u3PhJqb5U/AQrz2O6Ll5CgerHWyKAox6Kltobnqg+7KD0DtHcnrodAMV4E2+OnjfxMsKfrPgZO29K8kfHm6L8ScRbSf6EOnok/qTxpgx/dLwpyp8i7guOT4mf+M7OsvxJveHT+ONLHm9K8qdA9dm8iZcPij9k68MOi2oF+aNthSbcHz7++JLHn2hv6c7W+z8nXuKlljf+cSPyR++xaPlI5jsF+KOJl0L8SfWUL3n8idr/4HijiZ8M3gR6lsf2me88HLzx69XwZyy80cRPGm/i4Rjqr0T86HhTlD9pvCnDn7HlO7oGx+MnKlre6MIxXma6zfd/Rvz443cR1ovzp3i+o4kfHW9i3evL+Pmj4U1cD8WN30A//nT8ifpfU5bmT1TuL388/5ur70BzEffky0QTCq+DzzjrqPWfsrr8fGobXeny/7P35kFyXPl95ycz6+q7G92NPnARYJNoEASPIUGRgjSa4cxII+ugPbJ2V/bEOqzVbliOjbXDsSFFrEf7x/qfXf2ztv+QvApZEatrQpJ3pLHGFiVqyBlqSM7wAgcHcRAkiKvRQB/os7quzLd/ZGVVVlZmVWbdDfw+CODhVWXmu375rd/L916+WCLJ0spd7q1tkDM1clqc1OgUW/kLrGeyZEwTUwcsO/M6oCmLmKbQlUU8prNnuJ/nn32CF557mrHRAQrZHaxCnlg8gTIVMV1HoWOaFigTZ6/eUlWr6rxNL5/jUHbZVSOVGGvXiK1d9/kdiqo/EZ/vdEh/hN2D2liCfLbb2XigkAHgsCgFZs5+9bMqDvgZcbRYqu6PWNNoWtGBKwp+YQeV3QBlVh4DoNmvOa71CmDLssjs7HD9xg0+vXqVxcU7ZDI7WKaJZSk21te5c+cOhXwBXdftgV3P9TSg9Kpk3X4ddGA9uH6Ndd3APbA7OjbKwUMHmZicYH19nVsLC2xtbpIfHyeRsFdVK6XIZDJ8/PHHLC8vk0qleHjuYfbunSwNAOdyOfKFPEop1tbW+OTjT1hZXiYej6PpOkoplKXs1cxKkc1mmZubw1KKIw8foa+/v/RKbIXCxOJuZo0L69e5k7lHQo8Xf3csLKUoWCab+R1up1fJq0LJbdAovjoajY18mr9deJ8PVj8macTZyu+wt2+UH5mc5zN7HuHhoRnGE0PEdIOMmWOnkOHgwCR7ksNkzByLmTWubNzmzaXzHBycoj+WZCuf4Z2VS1zfXmIo3s8Lk8fYKWR5b/kyOStP1sqRVwWSxAn60RcEB+Xq+Dgrcp2VwJYTFr934u6VvJp9kbJThqp00jxdmorB3apv8fFAQxWidljnVL8Ol/1F0AxlT9w7A9lvJmrYUEHVCq1Sp9aZjekpmDOpJqC83o/Lcbsk5eqyPftW78GJbxxXWdwG4X3gUmUhwQUMYyv1iGh/RTMpRTzW7m8vddq72T2Ag+ylXBxXoZwCBD5BCGE/jvkFtH/NMMQM4Sr7qTkDuOqOpqb91Ch3YPs3oTdVl6rQm5D6E6Q3jeiOn94ErEivyHRFucPqT5DeUGzGkPoTZQVCPf2JOKBdWe6AMApN2l9X9MerN85D2Cr98dEbbzyS/gToTU/pT0REf6r1JmBFekWma5S3pt60Q3/q2Fk0/fEJgwrYiL35XSuCv+NNP0hvvPFI+lPPbprxd7zxTutNGP3x1ZuyvVXpTy3/ph6d1hs83lkovXG+7qy/U6qOKn+nMgy2ru74OzX1577yd8LqjSvupzcR/Z3m+1uVofLGSwcH6U+09u9sf6sOTba/bxgiuVLcT2800G5+gJ4awpp4uDphpTicWyK2dIZbk0/an5VfN0AsHmd5bY3t7TSxRIpzlz9iYuoFYqOj7H3oMInLl8neuk1B0ygoE12zt1PTsdA1i4RuMJxK8vDBWfZN76UvFQNlYpoFdB00LCzTwlQ6Bd1A11NYym4d++19WmWei9F9d3/IgdyK67vKita37mKsXi1pXLv7WxUN0C39EXoStb2GSm90OxsPHDIAHJKSI6gUJeUx86hCBntAuI0pm3k7Latgxy3THoxWZQXUKMtsrVf/Li8vc/3adT48f471jQ0M3WDv1F5mZ2fsAVcFKysraLrGD3/4Q3twN+b/OmEVVoBVOY+GYZQGWjVNI5FIMDszw0//zM9w9swZ1tfW+c53vsvR+UX27dtHLBZjbW2NT69e5eOPP2FqaopnT57k+PHjjO3Z45vc9PQ0Tz31FCOjo8TjMXumlAJVar+yW65pOjMz0wwNDZVejW3v3WuwNzXKsZGD7E2Nll4BrVAopYqvdN5mMbPK+fUYGTNXKqpVtJGEHuPAwCQZM8/VzUXu5TZJGnFG4gMcGZxhb2qMmGaQtwpsFzLsmDmG4/0cHT5AUo9xdWuRtewW765c5tTeExQsk1vpZS6sXydlxDk+eogjgzO8n7iCpmnkrDwZM0fWzDNgpJrqFwoPCuWZnroGzl6/zozhuiFFM9OKoWuGoK47nZbycbX8fY1y3wJvGJaKBDSPSFXnoGrFQcCKqKqVm0Fh0aH1zlAvF6dOXPMP3SUIX35COMneBCoTrrsHnmM/LjuqnClaPUO0MnueeOAM5QB78cYjlz+gOkpGXcd+Sh2Yynanqv0DwoAZ6eVmqGMvpXRc2XVlM2hFqn95a4RBBK6ItMPG98DzhEH2E3mFRGXR601gr19+14WrpuSH0J+gFZhh9cdPbyrsoUG9CdCf2uUPCCsI0hv/DDW+B2dI/QnSG5cZu3MeSm+i6E+Q3uwa/anMVj39qV3+GmHVCUV6Tn+qQ3fOW6s/AXrT0/rjCYP0pmX6471Aa/Snpr/TlP5Uh+6ct1Z/wuqNN15Hf9zf1wuD9KeUYh37ierv+FSBbxh4hSD98TZYgN547SC03kTQH/ybP5L+hKIBvWm2vxWoN97fOycHzfk7VdXRJX+neb3x2lkd/fEpjldvPOOFIfTGXe7iPz3j74TUH4+f0/7+Vgi9cYVB/k5dvWlZf6uO/bjK2ZD+VNR3kP5E1xs9twXX3kUl+lAj+7wJAYoDhVXii29zdfa54vivhdIgvWNyY2GJ9E6WsYm9vPH9d9i/fx9DAwb0DTA0NUty4S7b99axdDCUIkYBTZlYusFgSufw9B4OzkxRyOW4u3gbQ02RSMQhrqN0xXZ+i6ymY8UGsZRWWjkMOgV0NE3HUKA0C6VZHL79NlOFLZ8KteP6zhqx1ato+Z3irddu/QnSm8b1J5TeCD2PymyiNlfqHyi0HBkADoktTs5KWFt5VG4b0qvgDMzW/fVqAKWgkEXld6CQLTvYno6twq2Fwap44/p1vvPaa/zd668zPj7OM88+y/yxYxw4cIDBwUE0TePatWsUCnlSyaRrda83W/ZAaJ3kyscCzv7DhlFeBWwYBnvGx/mpn/opYkaM737nO7zz9ttsbmyw/dgWiUSCu3fvcv36dUDx1NNP88KPvsDDc3P09fVhmiaGYRAzYhiGPdg7PTPDMyefZXp6urSKOCqGprOvf4Jnxh9hf/9k1R7AeavASnaDjzZuktDjFSuuLWWvEu6PpXhizxE2cml2zCyLO6us57ZZz21jFicNWKjS65/zVoHBeD+HB6fZ2zfKpc2bfO/OWS6u3+DC+jVWc5vcTq+wuLPC/MhBfmLqSaZSe+iPJYnr9kCyMwBcvWuzIPgQNCPZUtgjwmVHWvmGjvIFz1h3H08pLMqGawag0irjjTh4ClcnLHCGcJ0VCFFXJHjDwBnCVMedDId+oBCyEtxhvWOD0nWas3Sw037+8YZWyISYkew/w9Rdl554lBVZnvL6zhB2HRymvaPuAdzoHlWluPd3uMXtH+oavmFte6HU/lTrT60Zyd6woRnK1frTMr3x0Z9I7d+k3miufNTSn3IBaLj8FZdrlf2VCGE/DbR/5BVY9fTHqze1yt+Q3tSwHyLqT0298dpfCPupVe4Q5W+v/dXWGxrVm4j6g8feWufvBOhNLf2J1P4N+jvF3yOv/pT+27H2Dzg2dPpB+tPE708n/J3Q5S/7GS3Vn1r2EsL+6uqNX5lCHFZd/oAwKoHpB+lPk3pTz/5C+jsl/XG1eNSCB+lNxff12r9leuPUdQ376bTe+J1bJ/1qvXE+74zeVPTPa+hN6V6t1d+qeb8F601lvL3+TtleQtiPO9ry35uQ1Em/Wm8oNlNn/J2wz3ca1h+v3lTpT7T2d47Xt5ZQH7+FNffjqKG9vhU8rbbov/k6V/Y8QS41SqGguPrpNZaW1jHiSWKxJBoGv/P//Ee++ku/AHqc7XSWgaERMjmTXC7HzuYGaBrxWJz+ZIr90xM8cXye8fFRYnENChl2djaJxYcwSKFpcQp5DT2ZQDMSmDkLXVOgFey603TsoRydZHadw8unGVH5wOrTshsYKx+j7aza7eC2F5fe9Lr+NHTvCD2Fym6j1u52OxsPLDIAHBZNh1jC/qvrYFmws4Zauwm5bXtVbth9faOgTFR2CzIb9oCzskCPocWTVExXdD0EVvhro2VZXLhwgddefZV0Os3zL7zA5198kf0H9tPX11calLUsC9O0bOnXNDSteg9gewC4PMyoaoixvb+wBZpGrLgC2P0aaF3X6evrY8+eMWZmZjAtk0QywcbGBpZlkUqlOHnyJFPT04yPjzMyMkIymSydm0gk6O/vo7+vD13X2UmnuXfvHpMTExBxAFihiit4wxzr7/up4h+AuBbjmfFHOTw4zd3MGp9u3eHv7pxhfuQAKSPOnuQQa7kt0oUMmqYxYKQYTQyyr2+CH9v7OAvby7y59CF/d+csA7EUGTPHcHyA4yOHeWLsCIOxFH1Gkj4jWR4AtuxXYQtCXdwzkpUd18B3RqiuFUNcxynnEuUZgMUTy/FSAnZYPseTvm+8nFXfroKnQxV2Rm5VcqUyKP948d9GZ6TjOa8UD5pSXMqgt9SeeMQOZtXVys1VOyxdLuyM4PAz0p0Krxn3M4iKAhCU4dp4Lht2RYC3eTTn3ik+0aiIl45vfEZ6oP24R4orQuewOh3soOoNqm7PR4HJu+2BGvYTOCM45IqYGnrjHFezQDX0JgyR9aYiDKs3EfXH57gg+wle0uBQx36i6o03HlVvAvUnpN6E1Z+glntA9CbQfurf8K7cQlWLt0hvnC98s0ENe2mH3gToj28Ywd/xZZf7O4F6E1Z/WuTvVN3OYfWnBSvwnAr3xivCwBtiN+iPj920yN8J1h3nsC7oD9QwxyD9Cak3rowF6k+UAgXpT1hC6o03Xld/iv82+oalIHtp3t8JoT8hqqsUD9Ifn8tW6g0t15uKeMN6U8d+6phlkN6U4jWbrRf7V169cTJcpz4CCPJ3QutP1/wdJxqgN2H1p87vfav9HWPzNtonb2I+/GOooUnf35thzeTJlfe5Gp/hB+k9LCwssbq+xcZmmrHxPeRyORYX7/KXf/lf+cLnTpHeybGTyVGwNNDj9A2OEMMklYgxvXeCJ56c58ihKWIxDZ0CyVSMRF8S3YjZ20zqCe6tptk3t4cL1xaZmppGYaIrQLfsSlA6e1c/ZP/OAjG06nZw6iO7SXzlY7TtJdvaq/QnyN/pVf3xLaawC1DZbdS9xW5n44FGBoDDouloiUG05BDE+yGfRhUyqO1lrLuX0BODaMMz9uBwvV/1CKhCDrV2HbW9VH7tc6IfrW8UdKN4UHHAsegM+Wmis1fu6uoqi4uLDA8NMTIywuTkJKlUqvT6YwDTNMnl8yhLoWnlH0vv9SzTBGUPmFrFvXX90jWLewtrgKbbr6twk81k+PjKx1y/dp18Ps+zJ59lanqagf7+0gDw0NAQY3v2kCyuSnbQNI1YLMbExAQHDh1kYWGBpaUlrly+zMGDB+nr7w+uW6XI53LohkEsFivWnf3HwsJC1RxItVf6WsUBbvtsSynyVgGruE+0QjGVGuXgwF5emHyM91c+YmFnldfvnCVpJDgx+hAr2U3ShSw6Gn2xBCkjzmA8xWMjhzgyNMP7qx/x4fo1DE1nKN7P8xPHeHhohuF4P7qm0WckGIz3sZJZJ2PmyBRyWLTzteTC/YJyOtLYM+/ce//WnLFX6ucoUO41Q5QEyLLKDri3mxScIer0aALOqRWGRnnSU54OV3nGqHO8/XGEGcn1QgVVK0CLS2lKccqdFlfUJ/RWmFbKc2XcFTYyY7OhFXhOzsqWodxR5cp+x9o/IL3Q6auqeKXdl9vZG/dv/8oZyq1bAYpvvLr8WrlMrjOq7KeZFZhh7K+e/VSsSKhulkiEaW+/cxpK0HtCkN64vidE+zesNwH6U89+AstfW29oVG/q6U8de6m9QoH67X+/6009/Qn9exdCf2qWXyuVyXVGqZ1pl9742l+Q3gTrTyiaav+AMELivnrj4+801v5t0p9iOUu/b53WnygroHzilf5OWX863/4B6UXQn6KZVMZr6Y03bKn+4Ll+bf2pX/6Q+hNFb0Lrj3N5j700qzeRyu9XYa7Pmk4/WG9K39Nif8cbhtEbb0Hr6I03Hll/GtKbYH+nyn4q9Ifo7d2y9m82/Qb8Hfzavd164yqUj75UxUs47eyc2wL9adrfKRdnN/o7len564++dhOu/B3m4edRIzPlgrpCQ4O5wm3M9Y+4s21weSWHpmusraySSMQYGOznB2+/w9bmOtmdLXZyBbRYAiufJ5lKMj46yPGjcxw+eIDDe4dIxvLENEUhu00q2U8ilUKLJ1GxFNsZi6WVDfYfG+Di5U/pHxhjbDAOmkLDZHB7iYOrHzOmCp6KqaxQLbNBbOUK2tbdEO3fJv1x1X9X+ltCT6Aym7LytweQAeCw6AakhtH6xtD6RlCFLJg51M4a1o13ITmMkRqCxGB5YLZZlAm5baylj1Abi/YqY7AHoQcnQY/jvF7ZUqrsavoIozMQm8/lyWWzMDRkf6FVH7O1tcX6nyqMLQAAIABJREFU2j0KhQJK+TvBlmVRME0UCsuyN6wPwh4AtgckNV2rmvS1k8lw4cIFLl68yE46zf79Bzh85DCpVApnpbCmaei6jt+ArK7rTM/McOzYY3x85WNWV1c4e/YsTz79NP39/aXVwm4KhQKZTIb1tTUGBgYYGR1F07RiXdqrny1VHAT2qVCF/fpmS9l/VTE0lUXOKlAoro42lUVfLMn+/klenHmKvFXg7eVL/GD5AqOJAfqNJKu5TdJmFl3T6TeSxPUYcT3Gvv5xjgzNMt23h483F1AojgzOcmz0IPsHJkqvnU4ZCYZifSyxxo6ZI21mQq9iFh507Jl4miMExZl5WumhVOXnFXuyalAxY9Dpz7hC/D4vpWyf5/h+9vXLX3rjFWHFFVxxvw5VVQerRg/EM9U4cI+84vHBM9Sd07xx/+KUQs0/xBv3qw78iqVVx32vEJBwnQw57V+KF2eGOukGzxh1suVdIREydBXTXRJ38wY2d+UZlfGKBqq2h6olV97QcwOEXaFQPWPdqW7ne9/Wqg79suspca14oEHWvUIx9GuwGjmusp/QM9QD7MejPxW3f0DoLkmg/vgSUn/q5sBlDw3rjTd0LlPHfsLe7p7zSvG6xeqM3tRfkRekN94VEvX1xmtvQXpT9TyvijbpTQj9qas3YfUnILuh9aeuoDWgNzX0J7Te+Pk7rvPL7e9dIRFRf4L0Jqz++Po7nrARvamzIjy8v7O79afxPcgpxyuy1Tn9KYWBNK8/je/J6VRzd/Un+MKlDNY+oU7DNb4Hucc+CNKfGroToD/ukrSnv9UC/QnSG6/9RNUbbxhRb6oIrTfeeB39CbKXMPpDDXup0p+IeuMpSWS9CdvfCusvR/V3SnbnVHe39UbzjwddoUX+jvf3Lby/04t644nXspuQ/o6+cQs+eQPr0Ems8YfK55cKakePTg5ydK/GqxfW+dYtuLUFRgw0zcIwNM6f+5DJyXEsC+KJFKn+AaYmxzkwO81zzz3Do/OPksyukV25RWEnTdIwwDDQ9SRKj2PpcTY2dnjyM8+htBgWMd5+9zSfO/UMo9YGM/cuMqkydfVHTy8TW/kEPV3ca/WBeL4j9CJqe032/O0RZAA4LJqBlhxGG9yLNjiFSq/aA8DZLcyPX4dYEq1vBH3vPCSCV51GIp9Fbd1FLZ5DbbqWyveNoY0cAGdfWqVQpoWyFBjgp4KappFIJEj1pYgnEmxtbXFvdZW1e2sMDg4Si8UwTZP1tXU+/ugjzp45S3onjWVZWKZZdcVCwR5MVpZCWfbAcdAK4EI+b68WDsAyTTY3NlhZXmZ5eZm33nyTlZVlJicnS3sGx+Nx+gcGGB4eZnBwsGIVMMDsvn2cfO45Fhdvc+aHZzj9/mmeeOJJEvE4+w8cqDp+fX2dmzducPHiRR599FGeevrpUn4tpYqDu1ZxJa8/9rFWabWtUgrTMu0B4OJgvXOtgXiK5yeOkTHzpAtZ3l6+yKuLH7Cc3eDQwBSZQo64HqM/liKhx9DQ0DWdI4MzPDt+lFvpZQzN4MDAJA8P7mNPYriUj6QRZzDWB8BOIcNGvrzHsCDURClUya/Vinv/UnKoteKMQGeFMIGhozoKSxWPV7ZD7TdjsHQ9V89BuXoSyqKYD8ez8808ld8GrEhQxeI4cVyhgmb3xHNKXooXdbC8QkXhOsxbhPr93KioOmG99EPjtKcnHmWFVpgZqHVCPPYXtEKrumxBKxBc31O//ZtaoeAy0Ib3wKsuVkB5A45tdQcqdPpOuzvpN9b+kVaE+tib06EPXHHTrP60WG+q9KekNwH6426IXtSbiOlX603x80b1piH9qa835XvZZT8V5Q3Sn3IFNqQ3tfTHx97qvmGiXqN0uP2bTb9Kb0o/Vw3qT5QVEiU7c+lNBP0JpTcR2791+sPu1J+Qlw/2d4rHdcjfCas/fmXriL8T2v5q603H9KdZaqVfQ2/K/o5zeIv8HXfYpL/jqzfeuHLMyaf926A3VSsuO603XqLaW+j0A/TGG/fqT1v8nXJYZS9R9cZHfxpr/2Z/72rrTyDN6k3Hfu8C9KZKf9rr7/g93/HTH7+CBumNHQ3Qn9DtX1t/9I1FuPJ3kNnCmj1ermDv8xyleHF+mhfn4c1PbvOdhSxvrsHgQD+b5iaZbIHBkVH6+lJMTO3lsWNHOfroEfaOj9GfTGGkpogPjrJ+5wb59WWMuEFW78PQk2RNA8voY3T6AMsZyMeSDKxcYfD0NZ7YP+ZvFx70jVvEVj9Fy26Uq7sZ/SmVu0F/J6L+4I1H8HeE3kJtLKHSG93OhlBEBoDDomn2+/hH9qFPzaPuXUPldsDKo7buYt08DfE+iCXQxg7Zq3QbRVlQyGHdOY/5yd9hLV1B7ayX8qENTaFPzKHFUihAqfIrmBWVK27L2dcwDIODBw/y5JNPcuXKFS5fvsxfv/wyxx47Rl9fH7lcjrW1ddbW1pmZneHq1U/Y2tzk8qXLXLp4EebnmZiYAMAsFMjlcpRWFuf99511Xj1tFgeRzUJ13pLJJEcefpirV6+yuLjIm2++yYcfflga6NV1O++JZJLhoWH2jO9h/4EDPPzwwxw4cABN0xgYGODQQ4f4whe/SCKe4MyZM3znO69x/fo1Dh85wsTEBIlEAsuyWFtbY2V5me3tbYaHy/sJW8X60zUNHR0NHSvwV0UVVwqDoenE7Wlf5KwCOauAhkZcNygou7wxzWA0Mcjx0UOs57a4urXIanaT06sfsZxZ525mjT4jQdJIENPsFeQaGgcGJvnM+CO8cfccI4kBToweZiI1QtIZ/Af6jCSjiUGSRgJTWaQLuZoD14JQwjWbUYOKGejuvX5LbrhWnkvrzPhTGq6Ju1plWHLfK8PSTMLAmYhUxot4uwveCcO+8cBc1Ei+mPe6e3K6e5LeFRCl42v0AENNKfY736mQcofKz6H31ldV3NNcYWaAV4SBK17KoVPjvvE6M1DrhlUZ9nYmgzqX/skFrQAIDP2aq/S9j71QaRdhV0AEtoDH/vx7eDUsoJS+f3XVtR+f5CPZT+CKlwB7cRmqY29VBlzZQpVhRL0JrJA6euM9O5zeeLMTrDfesEJ/atlPy/Umov4E6U1Y/amyt4j646rohvTHT2+i6E+Q3oTVnzDNVzrex368Kzuj6o/vDe+nPw719Cai/oRIvrbeeMNu6Q+14+UKq4yF1J/AXASYe+/pj0M9/amsraCzg9u/jr14w0C9cY5rUH+CW6wy3JX+Tgj9CbCXUPrj21IO9fSnsvzd05sA+6mhN6V4rRZr0t/pDb1x0g3Qn5boTYD9+OmN1xxd9VVlP0F6E1Z//PQmiv60zN8JyrDXfioJ1Jsgc/SGNZvNaf8a9uP03zV3PLz+hPd3AuwnSG881evQev0J0Btv3GU3TgYd+wvSn8r2Dwgj608l3X6+o++soV99E3PnHuaBpyExULP9f/TIDD96RGPx3jpvXDE4f2+KHyzk2X/oIfYd2Eeqr4+ZffsYGZvASCTYzBboHxgkHu9neEpjS4FBnlg8QcHSWFpeY2buKNbCRfbeu8H/PHGDyYfGA/2firqzcuj3rhFfvYay8nbp2qY/EZ/vdEh/hN5A5TOojWXIZ7udFcGFDABHQdPQRmbRZk6g3TyNym1DfgfMHNbyZTCzaP1j6IUcjB20B4GNOHj2vA1EWWDmUblt1MYi5tU3MC+9glq/BYUM6AZachBtZB/a+EMQSwBgxGKM7Rljdt8s8XiCeCIRkH2Nubk5Pvf5zxGLGayvb/Deu++STqcZGBjA2RN3emaaZ0+eZGN9g5WVFTY2N1hYWGBmZrY0AJxIJhkdHeXAgQOMT4wTTyTQAn7Mdd1gbGyMgwcPMDk5SV9fH0qp0vGJZJLDhx/i4MGDXL58mcXFRRZv3yYWi1F6LbNlkS+uJO7v7+exx4/zxS9+iZGREQYHB4nH44yPj/Mjzz+Prtmvij579iyrK6vcuHGDAwcO0N8/gKUslu7eZWdnh6GhIY499hgTE5OgaShlsSc5xKPD+zE0nem+MZJ6HA2/cmnENIPJ1AiPDO8na+aYTI4Q0w0mksMcGZqmoEzGEkMkDPs20zWdAwN7eW7S4vLGTa5sLrBTyLJTyDKSGGAsMcie5BAJ1+Du3tQoj48e5sk9DzOZGuUz448wHO/HcNnUnuQQjwzvY7OQZrZ/gpSRQA9rc8IDjsK7Itc9Q0/zCR0PzFJFB9qZkVfcM7xiRl7VA7262an2RMOcUysMkVwpXnRsnbz7z1D2xL0zkP1mooYNFVSt0Cp1SpzZmJ6CeWekBlRPddwuSbm6qts/1AzhWjNAXTUWOIPc3QJ+A0z17CdCe9clov2VTLwYqcxtgL3Uae9m9wAOspdycVyFcgoQ2AMMYT+O+QW0f80wxAzhKvupOQO46o6mpv3UKHdg+zehN1WXqtCbkPoTpDeN6I6f3gSsSK/IdEW5w+pPkN5QbMaQ+hNlBUI9/Yk4oF1Z7oAwCk3aX1f0x6s3zkPYKv3x0RtvPJL+BOhNT+lPRER/qvUmYEV6RaZrlLem3rRDf+rYWTT98QmDCtiIvfldK4K/400/SG+88Uj6U89umvF3vPFO600Y/fHVm7K9VelPLf+mHp3WGzzeWSi9cb7urL9Tqo4qf6cyDLau7vg7NfXnvvJ3wuqNK+6nNxH9neb7W5Wh8sZLBwfpT7T272x/qw5Ntr9vGCK5UtxPb0q3RYD+FLLoNz9A21rG3P8kavxw+WIBGZseG+YXTg7zC0Aml+fWRg5zuMBidhtN3yS2vUJyYIatTAHTKDA0MAB5xfhgH+byMvrKPUZUnn2YxM5fRHfSGkhW65EP+vYSxvpN9M1FH/2pEzapP0H+TkUDdEt/hI6jtlZRW/e6nQ3BB035LdsUgsnvYN27hnn6TzA/fRO1fMX+XNMhnrJX504eRd//NPrDP4E+vC/cK6GVZb9SeuM21uKHmBf/CuvOBXvvXzMHykJLDqEfeAbjiV/AOPqToBsoBTs7O1z79FM2NjYwDIOH5+YYGhoiFqse389kMmxsbHBncZGbN25w9+5dDCPG6NgYe6f2Mj09zeDgICi4c/cOGxsbKEuxf/9+9uwZo39gAIDlpSUWF++wtbXJ4OAgE5OTjI+PE4/HK9IzTZN0Os3t27dZXlpmYKCf6ZkZpqamSsdsbW3xww9+yPvvvce1a9c4cOAAs/v2MTk5QTwWx7IsttNpbt68wen33+fcuXPkc3l+/LOf5Wd+9md56umnGBoasgeLlWJ7e5t79+6xeHuR1ZUVNjY2KBQKGIZBX18fE5MTjI2NMTo6yuDQEMlkkng8jgJWsuusZDfQNZ3heD8j8QESery0326puZQiZxVYy2+xkUujUIwmBhmM97Ga3SBr5gEYivczGOujP1ZeZZy1ctzNrJMz8yggpukoFIamsyc5RF9xH2Cwf0azZp67mTXiusFgrJ/+WLJiAHirsMNGLk26kCUVi5fSNGQQWKjD3d8Ytt0zreym6UV/zHkTtDvuPs57nlb813GwHcfaez3Nc13nXK//FzQ5tGZ3o6JDYWegfJ16PY8WhJU9CleHypvBoHiThOlQNXC5evEqf94dBmSr0dDBN97S8gelWKe9Q80Qrxc61Ik38gC5lYS5HYJz37w9hKj+sPbTfPm9CTrt702xzXpTcwJFB/Smk/rTQPu3XW8aLn+oFCvDrutPK8vfALtAfxxarz8BetPT+tNiuqQ/zfz+9I7+hNUbb7xO+7fEvhzq2E+n9SZi+i3XG28Ywt4cOqY/VSl0Qm+89ufQYv15APSmpv24vgi83UPTIr3ppP60uf3rEub2CH94a/Smk/pTkaEg/WmD7hRDFUthTR3FmjmOGtjjKrirgiLrTwSNqpNNLZfGWL+FsXETLZ8Jfbl68V7Un47cb0LDqOw2anMVCrluZ+WB4cqvvxXpeBkAjoqyUJl1rBvv2YO0H38XldkAy7QVUI+hDYyjjT2EfvAk+sQjaKP77dXA8X6IJe2VvIBSFlgFyKVRmXXU2k3U6idYdy9h3Xwftb1iD/4CxFJoYweInfgK+pEfR586VsqSaZpkMhlM00TTNFKpVGn1rB+WZZHNZlm7t8b6+jqmWaCvv5/h4WFGRkbswVClyOVyZLNZLMuir6+PeCyObtiDirlcjnwuh2VZ6IZBLBYj4bMK2HlFdC6Xo1AooOs6iUSCRHGV8ubmJteuXeOv/+plCoUC0zPTHD9+nL1TUwwNDWEYBspSZHNZ7q2u8sEHH/DWm2/y1ptvcXR+np/68pf54pe+yMTEBIZhVJQxnU6ztbnF1vYW+Zxdj4lEgpHRUQYHB0mlUtXNS+WsQv/Vv86xVP/iFcuMVnmm9zpW8bbTNM31O6bqpumfD1XOkBb9fOHB5c7XhtC0oulqrldrUVyhr5yV+vY64dKrk4rGVo7b2Ld/5auUnPMrPy8e63Kgq+LOiLGHWtYd5MA6stQNh9ad71AObQ91KCvTD9ulixA23KH3FiAoHq38TrK91KH21m5QvCHaan8h7MV3ACNM+zcbOuUv600j5Q1rjZHav8WldfAtXqf1JlL6bdCbMPoTxX7uQ72JZD9RaaveeOklvfHaG54Gaaz8kfWngfZvu950Un8ipd8hvRF/J5S/0xJ6Qn86qDde+2jxBI2W6E+TpXNoWH86SaT0W6A/bdebOvYTJnshrt4NvWmJeXRUb7x4b7BO6k+Ruv5Oe/QnSvs3UjprYBxr76NYU0chOVg/g+1ufzOLsbmIvnEbfce12jJS+mEVtZf0R+g1VG4HttdQ2XS3s/LAEXUAWF4BHRVNt1fi7v8MbC/DxiLW3Yuo7JY9mGvmUZt3UDvrqK27qIk5tIk59MG90D+GlhoGI4FCA6uAyu+g0vdgY8G+zr3rqM1FVHazOKisF/cenkWffhz9wDPoI/sqsmQYBgPFlblh0HWdvr4++vr6mJmd8S+mppFMJkv743pxD+LWrC5NIxaL+a5GBlhZXubC+Q957913Of74cU6cOMHRo0fpHxioGkyemJigr68PwzA4f+482UyG9fU13/2HdV1ncHDQXs0cAY3ww6eaXUBXpPjfgIH3ivx5jtG8F4lAKcfyuyhEpjwBoWLPX628h4ftr5f3+NC18nmglfw2Z/DX9vvs44L3qHKiHtt1xUsPp2rh8Rub25MzaM+g8v1ZtYerM2BeK3RlqGqPs8BNjpwM1nGAI3Ywqq7mNF+9sHQ5z55TgXvEuEIq7acidDVAzXiQ/dTdk5PaeC7rTc5rf1W5qWi2gD3LSsf72E/AnlSh98gL7Fg5h9XpMAVVb1B1ez6q378L2qPMaa6gPao8YZD91NgTzzmuZoGq9Ce4qvyIrDcVYVi9iag/PscF2U/kPTi9RNUbbzyq3gTqT0i9Cas/QS33gOhNoP2EfqDj4Im3SG9qPl+ihr20Q28C9Mc3rOHv+JW/il3u7zS/B3Dl5Rr1d6pu57D646c3UfSnhr9TEQbeELtBf3zspkX+TrDuOId1QX+ghjkG6U9IvXFlLFB/ohQoSH/CElJvvPG6+lP8N9Bu6vg7QfbSvL8TQn9CVFcpHqQ/Ppet1BtarjcV8Yb1po791DHLIL0pxWs2Wy/2r7x642S4Tn0EEOTvhNafrvk7TjRAb8LqT53f+275O/r2Cvqn38e6+xHW5COoySOo/j0BGfQLnQw25+9ouTTG1l30rTvo6dVS7kunB+mNNyxdNsjf6VX9QegRVHYbld4AGfjdNcgAcCPoBlpqGP2hFyCegg/+BGvpI9TOOijLVstCFrV+C2t7GW59gBlLoiX6i6uAiwOnpgmFHXsFcH4H8mlUIQdWHizLPsZIoI3ux5j7PMajX0SbmLM3or9PuHnzFmfPniWXz7NnfJx9+/eTSCbxG0TVdZ2p6WkePXqU4eFhkqkkiUQCQ9d9jxcEoR6Ve3i49/q1tHIc5d0jpHy+43BWdE6K8ZopO8dXZqdOj8a3CLXD0ChPesrT4SrvEeQcb39cJyRCqEBzpauK6eKOU+60uKI+obfCnHb2xl2hX3v7tn+ze1Q5OSt3eJQ7qlzZ71j7B6QXOn1VFa/szpXb2Rv3b/+APam8YaD9ueu4Ovu+xakor0blTRxgP03uURZ1T7wq+6nYo6q6WSIRpr39zmkoQe8JQXrj+p4Q7d+w3gToTz37CSx/bb2hUb2ppz917KUi7nqgJ3oTUn9C/96F0J+a5ddKZXKdUWpn796Y7doTr7beBOtPKJpq/4AwQuK+euPj7zTW/m3Sn2I5S79vndafUL93AXrjukO9+tP59g9IL4L+FM2kMl5Lb7xhS/UHz/Vr60/98ofUnyh6E1p/nMt77KVZvYlUfr8Kc33WdPrBelP6nhb7O94wjN54C1pHb7zxyPrTkN4E+ztV9lOhP0Rv75a1f7PpN+Dv4Nfu7dYbV6F89KUqXsJpZ+fcFuhP0/5OuTi70d+pTC+k/tTwd7TtZWLby1iL51Gj+7HGH0KN7i8+4/fJcKXh+Mfr6Y2y7AHo9Ar69hJadqv4dZDeuOIP+vMdoaWoQg4yW6jMFhTy3c6OEBEZAG4IzX7V89AU+uyTqO1VSI1gLX6I2loq7dlLIYsqZIEN0HSUHkMzYqDH7B+a4iuglVWwV/t6FS3ehzY8g3Hkx9Afeh598hFIDIJu+GVqV7Kzk2ZtbQ3LNInH4iSTSXQ9eO/aWCxGsjhA7Ow9nAwYMBYEoR72w4bSq8g1DR3K95PfjNGK51XluA4opdB1raJD7Q5Rlf6eJyflCcVa8XtXvCIsn+Epi0+Hygl0p4NVowfimanpXaEbNGO4esaoc5o37l+cUqj5h3jjftWBX7G06rjvFQISrpOh8vC/00nUiu2sFes9aMaoy378slsvdBXTXRJ385YH0ANO8LtCRQNV20PVkitv6DH4sCsUqmesO9XtfO/bWtWhX3Y9Ja4VDzTIulcohn4NViPHVfYTeoZ6gP346Q6BrVVtPx79qb3AIaT+1M2Byx4a1htv6Fymjv2Evd0955XidYvVGb2pvyIvSG+8KyTq643X3oL0pup5XhVt0psQ+lNXb8LqT0B2Q+tPXUFrQG9q6E9ovanSnyC98a6QiKg/QXoTVn98/R1P2Ije1FkRHt7f2d3647R/dP2hHK/IVuf0pxQG0rz++OqNj/5U249Tzd3Vn+ALlzJY+4Q6Dee0f3T98dgHQfpTQ3cC9Mddklr6U11hPldol/4E6Y3XfqLqjTeMqDdVhNYbb7yO/gTZSxj9oYa9VOlPRL3xlCSy3oTtb4X1l6P6OyW7c6q723qj+ceDrtAif8f7+xbe3+lFvfHEa9lNm57v6JlNuHMBY/EC1sA4amQWNTKDNTwNySGfdq4TetAKO+iZdfT0GtrOPfSdNU+5vRXsrkN3tI7u3FfPd4TWo1C5DOR27Fc857PdzpDQBDIA3AyxFNrwLMbc59ESA2CkUHc+RKVX7RW9zkAw2KGZQ5nlDbF9tcp55XNiEG14Bm36MfS5z6PvnYfUSEeK1Ul03SAWMygUCmSzWbLZLAMDAxX7+Toopdja2mJleQWA8fFxDuzfT6qvr+agsSAIQRRnCLoc6PLMPNvhtZTtGFtFR7j2TFNKs6idGYKWZZ9vO4eVx7s7cKqiJ1F0Bl0z4Ms5Lrunld8GrEhQxXP8ZowriLwCwRM6Sl6KF5/6l1eoKFyHeau/Zn+lIYdW1QnrpR8apx098SgrtMLMQK0Tlq0BV7plOyx1iqrKFjQD2PU99du/qRUKLgN17K1sT64yRaFWe/sd2+oOVOj0q/WmkfaPtCLUx97ceoNLb8p1H9ArD6s/LdabKv0p6U2A/rgbohf1JmL61XpT/LxRvWlIf+rrTfledtlPRXlDrkCIqje19MfH3sr6485zBP3pcPs3m36V3pR+rhrUnygrJEp25tKbCPoTSm8itn/r9IfdqT8hLx/s7xSP65C/E1Z//MrWEX8ntP3V1puO6U+z1Eq/ht6U/R3n8Bb5O+6wSX/HV2+8ceWYk0/7t0FvqlZcdlpvvES1t9DpB+iNN+7Vn7b4O+Wwyl6i6o2P/jTW/s3+3tXWn0Ca1ZuO/d4F6E2V/rTX36n1fMetP34FDdIbOxqgP6Hbv7X+jlP/2vYy2vYyLJzBMBJYfaOogXHoH0OlhiE1iHLeBGokyoaoLDQzB2YOLZ9BK+yg5dJouS207Jb9nbup225/tfWm4ec7EfUHbzyCvyNERZVsUZmmva1pIW9vbZrPyoDvfYYMADeLkbD35330i2gzj2PdfB9r4QP7lRD3bkAhE+Fimj2oPDSFcfgU+qEfQZ9+3N47ON7XtiJ0k8m9kxx66CHOnT3HrVu3uHH9BkODQ8Tj8YrjlFLk83nOnjnDd7/7XVJ9fTzy6KMcnZ8nFbBPsSAItVFoxb1/KXUKnP/67QkMWtEjLx4XOHXP9blznl8YOBORyngA3gnDvvHg1OtMhHRmhFIqu/NwvhR39yS9KyAozxwN9MBDTSn2O7+Iq0Pl59B7u1dVcW/zeZuxXhi44qUcOjXuG68zA7Vu6Gd3FdSxnwBz9J4dGPo1V+l7H3uh0i7CzkAObAGP/ZU71AH24o2X0vevrrr245N8JPsJXPESYC8uQ3Xsrb16E1AhdfTGe3Y4vfFmJ1hvvGGF/tSyn5brTUT9CdKbsPpTZW8R9cdV0Q3pT+DvnCteQW1Biaw/YZqvdLyP/XhXdkbVH98b3k9/HOrpTUT9CZF8bb3xht3SH2rHyxVWGQupP4G5CDD33tMfh3r6U1lbQWcHt38de/GGgXrjHNeg/gS3WGW4K/2dEPoTYC+h9Me3pRzq6U9l+bunNwH2U0NvSvFaLdakv9MbeuOkG6A/LdGbAPvx0xuvObrqq8p+gvQmrP746U0U/WmZvxOUYa/9VBKoN0Hm6A1rNpvT/jXsx+m/a+54eP0J7+8E2E+Q3niq16FF8bhdAAAgAElEQVT1+hOgN964y26cDDr2F6Q/le0fEEbWn0p65flOWH+nKjRzGFtLsHW39nEh9Ef5HFZXfyKmWq0/0e2v1HaeeEOEyaggCA2hKaXkFmoFSkEhg9pYwFq7hVq7gbp3DbV5G7W1DLktVC4N+Z3i6541MAz7Nc+JQUgNow3utf8Oz6BPPoI29hDa0F7Q7t/VrcvLy1y+dIlX/uZvyOXyTO6dZG5ujr179zI0PIxhGORzOba2trm7dJeFW7dYX19namqaz3zmMzx+4nHk9c+C0BiLXxtCc3eIUPb9pBSa7nJ8qXR4Nc3VZdAcd9nGfT96X7nkPs4+1vO518EPyHejd7xXKoI6XF4Hu2lHOmzo1790lbm1P9Y+LnvoDm6zoUNwh6dUIQ23dgNE7GDUKU1bOlhh+0OhOmRNdbCCUogQNvuAJXK8leVvHl+96aT+1Khur/40T5DeOBnqgv5EHNBuOU3aXy/oj0MovWmq/GFT7Kb+RET0p1pvWqY/Ieyl5/THJ2wnTabXFv0Jc55PdlumP6Gv2AI7aNjevAVokE7rDZ7cd0Fvwvo7zVdHL+mN1968FdKSAtcnyg1d4/R68Uh600n9iVT+DulNS/tbdWiy/aMSSm+abP926U/zBOlPI+3fbFik2/ojCPcxV379rUjHywBwuzDzqK0l1OrHWCuf2P/fXoGde2DmbdGLJdH6xmBgwh70nXgEbXQfWv94cZ/fCD+su5jt7W3Onj3Lu++8w+XLlxkeHmZq7xQTkxPEY3EymR3W1tdZvL3I8Mgwc3NznPqxH2N8fJxYTBaxC0KjLH5tuLQCWCuGOrYfphf9sorvKR/nxN3HKUXFHsCoyuNLx7mu4+B87iZobkegMlb4nV6PunrGb/s62F6H2pvBoHiTtLhDFbnD3YEOlYNvvKXlD9EBb1uHyqFOvBcfIHurJzj3belQd2+GsjfBav3piN7UnEDRAb3ppP400P5t15uGyx8qxcqw6/rTyvI3wC7QH4fW60+A3vS0/rSYLulPM78/vaM/YfXGG6/T/i2xL4c69tNpvYmYfsv1xhuGsDeHjulPVQqd0Buv/Tm0WH8eAL2paT+uLwJv99C0SG86qT9tbv+6hLk9wh/eGr3ppP5UZChIf9qgO3Xtz1VBu0h/6uW2l/WnI/ebIOwiZAC4V1AKrAIqn4F8GpXbhuwm5NKgnBXAMUgM2PsHJwbREv32ngBGjJb+aPQ4pmmSTqdZuHWLa9evc+PGDTbW18lmMmiahhGL0d/fz759+zh48CCz+/YxNjZGPB5HVv8KQuMs/uuh0iCrplWvAEbZK33dK4QJiJdeEu2aYln1qlvKxwE4K4sdh06rcqjxHQQOuuvrut9a5x1ad55DObQ91KGsTD9sl64VHSpXGKWDHrXDFZCdXupQe2s3KN4QbbW/EPbiO4ARpv2bDZ3yV+tNFCJ3oL1hpzvQQQXoVoe603oTRn+i2M99qDeR7CcqbdUbL72kN157w9MgjZU/sv400P5t15tO6k+k9DukN+LvhPJ3WkJP6E8H9cZrHy2eoNES/WmydA4N608niZR+C/Sn7XpTx37CZC/E1buhNy0xj47qjRfvDdZJ/SlS199pj/5Eaf+26k9X279OulXph1XUXtIfQRAcZAC411AKlGVvpm3mUVYBlIWGhtJ10GNoeswe9NV0HlRxU0qRTqfZWN9geWWZrc1Nsll7w3HDMEj19TExMcHY2BiDg4MYhiGDv4LQJM4KYIW9khetrEAVK3ud7yl+7xynyv93HiRpxRM1l//ovlW9d22t77zfVx0X0cGuLRkNOMBtm5HsLWBAPGL5u9HBbqoDRR16qoPlLbDT/g7NdjWj2J9zWGs7TFX204EOdj37cz7oyANkL03ZW9Q7IGT7t6RmvQUMoEG9qXV60/oT8Tre2q2J6E39Gz6K/YQsbileTKZmdlpf6tp6E6A/baGl9tcivemk/kQsf8v1J0TxW6o3XnaF/rTxDozs73RAf9pX2mp76bTeeGmpvYXQmzDt3069CaM/NWhaf9qoN6Gar6f0xht6b4Be1Jsm9cdPbzqpP35600n9aan9hb0jwrR/s/rjLWBAPGL5m9Ybb/ig648g7CJkAFgQBEEIxeLXhoDyyl/3Xr+lFcBFT69yRbB9vnePX8fZrN4XuJymtztU8Z2Pg6fpVDl8jXap6s4ZCfD/vR2ugMNb0uEK6l9EH+DqpQ5PyA5Qtx3+FqcfuUPWQAerpR2wigt4DC6M/TQbNj1DuEm63MHsBb1p3QqJ3aA3Tjo1Tm8nvag3ndSfmhcI0p82602kAe0m9afF7R85eT+98dGfluuOE963+lOq4drxXa4/kfXGG3ZRf+pnsJv646qgVupNpPLTHf2JmL1W649D9OLXs7iQ7d+SknlrMCDeab3x0mT6DetPT+iNN8EgvfHG26E3XvsLqtEm6bLeBFVHx/Snxu3evuc7rnjX+1shThcEoSFkAFgQBEEIxeLXhtGwfS/nuYOueeKUP3fiaGW3TnPHHYcareRYlwaHi/6ldzzXO3iM67ru771ogQ6u60RPXGvasQ3bwXI+9sb9y9IyOuxgV7n7fh2qFnewa3a4/TpUgeUP24FqsoPdyg5UPbrdoYqYflBpW9nBjmQ/NeLVhNSfjuiNN3RVSBT7iUqP6E07H+jVs7cgvam/QqJNetOQ/gTWsCfuocPt32z6HdGbTuqPr7/Tit+fqPbnrRBXfBfrT927o4f1p375u6k/oWvYE/fQ4/oTNKAQJfut1h+HhvTGe0bX9MepwA7rjZc221tD+hOQrVaFDl79aVxvvPEm9SeK/dxneuNNP2xpd7feeOLtvAPk+c4uer4jCA8WMgAsCIIghGLxXw+BZvtO5ZW+FFfiFlcGFz0rZ2/f2nsC25QGgT3f47qe40E6K4vRNJ89gJ10q4nSnSt9rjXfoWldB6fOhbvVoQhNNzvwrenQd3wGsDf069AE1G5b6GoHqpsdeG+Ip0Ec6thPnaP92rvVAwau2qyvP72oN53Un44PmHriAdnpmP7UKG5H9Ken7K+b+oOnQVzxGvYTWW+8oehPG/TGG4+oPw3Zk7dAQfFKesHfqSp+yNptCT2pNw7t1BtvSLlBdpnehNWfcBn0ntBimko/qsJGaf926Y+n+H5646M/ndSbsPrTErpqfwF6U6U/bWyByPpTSS/qj6t26zffA6E/jbR/Z/RHEB4kZABYEARBCIWzAhhcK3yLH2jFf7zfa9i+mwalD0rHluJaOV483sHrrtX6zvt9xeeu9MM6uEHXCk6hjgPccsc2ogNcZwZq0x2oemGIDlXY2myITneoIqXfQIepFR3sSB2mJjvgLehQR+pwu77oygzgjnboI+pNt1bcNKA/LdWbTupPR9u/2fTboD+h7c+b4bBx/+KW4g20v+hPo3RTf7wFdqId1htv2IC91ajN1uhPJ2lIb7zxFutPFPvZBXrjtbcgvakaP24HPaE3Tnrt1JsA+/HTG685unLccv1pgf0F1W4oOtr+UdP33gBt0J+Gf++8BahdvMB4F/SnorZq6E/327/Z9EPYS8/1tyrDXtSfoNpsiG7rjyDsImQAWBAEQQjF0tISAJqmUdq31/P/qJ/5hUGfBR0T9H2Yz2vRyDmCIAiCIAiCIAiCIAiCIAiC0G0+OHc10vF6m/IhCIIg9DjNzv9p5HyZcyQIgiAIgiAIgiAIgiAIgiAI7UUGgAVBEIS2DMxGvaYMDguCIAiCIAiCIAiCIAiCIAhC88gAsCAIglCBDMQKgiAIgiAIgiAIgiAIgiAIwu5FBoAFQRCEusigsCAIgiAIgiAIgiAIgiAIgiDsDmQAWBAE4QGnVYO7MkgsCIIgCIIgCIIgCIIgCIIgCN1HBoAFQRCE0LR6kFcGjQVBEARBEARBEARBEARBEAShtcgAsCAIglDCPSAbdnDWe1wnBnVl4FgQBEEQBEEQBEEQBEEQBEEQ/JEBYEEQBEEQBEEQBEEQBEEQBEEQBEEQhPsEGQAWBEEQehZZ6SsIgiAIgiAIgiAIgiAIgiAI0ZABYEEQBKEmMggrCIIgCIIgCIIgCIIgCIIgCLsHGQAWBEF4gJHBXUEQBEEQBEEQBEEQBEEQBEG4v4h1OwOCIAiCcD+hlMJSCmXZIShknF1wo2kAGrqmoenF0P7w/sAywcyBmQerYMeV1e1cCY2i6aAboMfAiIORsOP3AaLXDwb3s+aKDVdzP7e3IAiCIAiCIAhCFGQAWBAEQQDsh4hhH5A5x4Y9J8q1dyumZWGZVvEBrCAEY5uIwlQKiuOiuqahGzqGvotfzpJPQz5jD/wK9w/KAtOy2zW/Y39mxCGegnh/d/PWIKLXDxb3o+aKDQdzP7a3IAiCIAiCIAhCI8gAsCAIgtBR7rfBYNO0MC3zgV9xIzSHpRRWwcTUTAzdwDB20UPqXBpy27LK90HCzNt/s9uQGIDE7hgIFr0WHHar5ooNN8ZubW9BEARBEARBEIRmkAFgQRCEB5T7bSC201hKUSiYso+y0FKUgoJpYloWsZiB3sv3qJmH7Kas+H2QUZZtA4UMJIfslcE9iOi1EMRu0Vyx4dawW9pbEARBEARBEAShFcjUV0EQBEGIiGla5PMFeRArtA2lFPl8AdPs0VW1uTSkV2XwV7Ax87Y95NLdzkkVotdCGHpZc8WGW08vt7cgCIIgCIIgCEKrkAFgQRAEoYpuPWTcDQ83C6ZJwTS7nQ3hAaEn7S27Za/6FAQv2U3bPnqEnrx/hJ6m12ym1/JzvyH1KwiCIAiCIAjC/YwMAAuCIAhCSAqmKatFhI5jmlbvPKDObtn7/QpCELntnhgEFr0WGqVXNFdsuDP0SnsLgiAIgiAIgiC0GhkAFgRBEHbFyttuY5qWPIgVukZP2F8uLYO/Qjhy2119HXRP3C/CrqbbNtTt9B80pL4FQRAEQRAEQbgfkQFgQRAEIRQP8iCxpZSsDhG6TsE0sbp1H5p5ee2zEI3sZlf2iBa9FlpFtzRXbLg7dPU3VhAEQRAEQRAEoQ3IALAgCILQNu6XQeNCQR7ECr1B12xRBn+FRuiC3YheC62kG/YkNtw9pO4FQRAEQRAEQbifkAFgQRAEQaiBaVr3zUC2sPtRSnX+NZW5dFdWcgr3AWa+o6+CFr0WWk2nNVdsuLt05TdWEARBEARBEAShTcgAsCAIgiDUwLRkNYjQW3TcJmXfX6EZOmg/otdCO+ikXYkNdx9pA0EQBEEQBEEQ7hdkAFgQBEEQAjAtC1mII/QaStm22RHyaVCyGkpoAmXZdtRmRK+FdtEpzRUb7g06+hsrCIIgCIIgCILQRmQAWBAEQRACsOQ1gEKP0jHbzGc6k45wf9MBOxK9FtpJJ+xLbLh3kLYQBEEQBEEQBOF+QAaABUEQBMEHpRSWLMURehRLqfbvE2mZsvev0BrMvG1PbUL0Wmg37dZcseHeoiO/sYIgCIIgCIIgCG1GBoAFQRAEwQd5ECv0Om23UTPX3usLDxZttCfRa6ETtNPOxIZ7D2kTQRAEQRAEQRB2OzIALAiCIAg+KEse/Am9TdttVFb/Cq2kjfYkei10gnbamdhw7yFtIgiCIAiCIAjCbkcGgAVBEATBB1n5IfQ6bbdRq9De6wsPFm20J9FroRPICuAHC2kTQRAEQRAEQRB2OzIALAiCIFTg3vPswd7/7EEuu7A76MAewILQKtpqT6LXQidop52JDfce0iaCIAiCIAiCIOxuYt3OgCAIgiD0Im0Z+y4scfH9C5z5ZJ21XHEwJJZi4sB+nn/6GLODRhsSLZO+eZpX37vJwroJg/v5yok033hr1f7/V55loq2pt4FCms1MHox+hvri3c5Nx2n7/Axlte5a3zwJF2t8/+Mvw4+Oty69elz+Pfjz34Z/8A482rlkW8Y3T8LFz8Ov/CYEVVshB9ksxIYg2dHc+dNKe/Jeuq33wgKv/9nbXNzp5+mXfpKTI1HOvcS3fv8CC2E0duVdvv5fbrI5c4z/6UtHa18v8CIpjv/MlznVwVuJj17nd95aZfaFv8/PPtLBdLtAO+2stdeuYSeaQf/YBE//2HMcH22vz7HbeaDnQAqCIAiCIAiCcF8gA8CCIAiC0AmWzvCNb3/Ccg7694wwv2+a8dg2d24uc/XTK3zr05sc/6kvc2pvm9JfOc03X7vGZryfg/OzHBgZJTkNp56bhMQehtuUbGtY5+Jb5/h0Z4gnXnyCWefjq+/y9bdWoeaAidA7nITP/VMY8vlq0u9DoSk++UN7kHv+9+ClE+HPO/2HcGsIPv8SDLQve7uGq1f5aAcgzaUPFzj5wmy9M9pPcoSnn5ymv+qLOBNyKwkOVXaSZ+XGIp8s3uGNv3yFzb/3ZZ7v5GSBBlg48wZnluM89NxzzA92OzeCIAiCIAiCIAi7CxkAFgRBECKhlELTtG5nY3ehPuGVb3/Ccj7F/Iuf5bP7y49jj58ACgu88/oCU5Pty8LCpQU2lcHhH/kCXzpcXvVzfL59abaOHCu3l7i+ZfIQlAeAp4/YA9hD013MmxCeQZg7GbxiVWgtM5+HnzsBow9FO+/6v7NXF78gA8CwzjtnlzC1FEMDGTavXuXK87PMdfsnMD7E4flju++tDUJn8bOT+Sd49tJrfP0H61y8dJPnf3R/t3IXio07S1y/nWLoSUAGgAVBEARBEARBeMDRNC30lo2apskewIIgCILQbjZ/eIWrOeh/+PGKwd8SsVlOvvgsB9s4qLCxnQfi9A/fR698HNrP8fljHN8X6Z2sLeBT/vz//F3+6FI6wjlpzn/jd/nf/sunbcuVIFQwdBgeOwmzsiS0YRYvcWkNjAOP8tL8CBSWOH8h0+1cCUJT9E8M0Q/ktre7nRVBEARBEARBEAQhAslE+C3wkom4rAAWBEEQhPaS4ertNJDi8CPhV9pU7NcLGH1DHH7iaV48uqd8kLP34o98gePr7/LGpXXSCugbYv7ZF/js4f7SMU5ezv+Xv+C8N7GKVyibbF4/zas/uM2dHRO0OBNzR/nSngW+/oNVhuZP8UvPTRK8t2X15xdf+Qtev72HU1+ZZeU7l/joXp7+o6f4pef2sLl4gXfevcnVexlMBRhxph55nC89d4h+YPntl/nGRWfAZZXXf/8veB3s/Sb32HtmUsqTnf+1S2/z6plllneKdTeyhyeeeZaTrsH3cp4Osfa9c5y/mwegf88sz3/hOeb6arXOQ3z55/byb/7wj/mjr/4j/vFRn0H9ytbk/Df+mN+9uJd/8q8irsZ80HD25v25V+HT34TzL4M1C0d+FX7+y7D0Mnzr92D9KsROwed+DZ5x1oSvwO9+Gfg38Iv74C/+b1g8C7ETcOxX4SdP1n/3zYd/Bq//mX19ZmH6JfjCV2F/AqwF+J2XYPOX4V/8KiTcJy7Af3gJMv8C/pevgg7cfA2+/Qd2HpiF/b8Mf9+zqtbahL/9bTj/KuRWIPFl+NyvwtMteM3wysvwu79Rub+ytQkv/zu49L1ieifh6D+GL5yCa8W6B+A1+N2T9n87vT9zz2By5eId0sSZP3qE/uk8s++ts3DxHMuP+eznu3ONd753gTOLtpYZI5M8/xMBa3TXLvHq965wZTVv78k6OcNnH29x9ku/D5/l8K23+f4tO1/9e/fz2Z94lomVd3nlrbLOT514lpeemiqevMQb33iD8+znpReHOP3dy1xfN0EzGN03x4ufPcZEzXupjg6rm7z+n97lYmaE5//bz/OE5156/c/e5mJ+khd/6RRzWvXvYf+eWZ7/3DPMDbomNKlVzn/vNKevb5I2ASPF7BNP8NMnZrmPpj21hpxFFjA8Dw7q1vOK85v7Aj89coW/eW+JtQIQ6+fgZ57mS/OTFXUd1Y+ZX32b73+ySbpvP185keYbPr5LyQdRq5x/7V3euZ0mZwKGwejMYX7ihceZqvn7LQiCIAiCIAiCsHsZGugnk82FPlZWAAuCIAhCW1lmbQOgn/GQr3hOf/Q6f/rqNRYySQ7Oz3HqxCxj2iZXfvA6X39vqer4tTOv88pNg8NPHeXk/Aj9mU0ufu97vLNO8TXJR5kbBYgze+Iop54r/j0xUjmGBaQ/eoP/7zs3uZOJMzs/x6nHJzFun+ObZzabqgXY5PRfnePihsHY9CQTfXnIXebVV65wdSfOvqNznHruCHODFncunuabxXIOH57j1HOHmE0C9DNXzPsTvm99Nrnz9iv86Q/usGwMMn/iKCfnJxnaWeX0q9/m5U+8K/c2Of1Xp7luTHHyuTmOT8dJry7w6itnWKtTmr7jP89v/Hd7+OD3/7jOSmB78Pe3P9zDP/lXP89TqbD1dZ+yven/1/Ic97e/DitPwM/8W3hoH3zyG/CffhP+5D/bg8Ev/hrE34C//Rp4F1VbZ+APfhvG/xv4ud+EvSk4+8/hD16rnbc3fwP+8jftgeUXfwt+/Bdh/bfhj/4ZXMmBPgvPvATW78EPPffDJ6/COnDqJXvw98rvwR/9Gmwesa/14lfh3m/Df/w9KPnpK/D//iKcfgOO/Ev4uX8LR7LwN78M319ptIZrkIM//0U4+045vUceggv/El67VHxl9G8V37F+Ej73W3b8kQd0BXHuMudvmNA3ydwMoM0xf8CArducvmpWHqvu8MbLpzl9O0NyzyxPPzfH/NA27/z1ZZa91925xLdevsCVVYvR/fs5efIQB9Uyr3zvNqHfKWBZbG6tV/9NV69OXj79Fu9sjfDEyTnmx+Ok797klVe+zTdfu0N2+hCnTkwxGs9z58zbvHLNUy5rle/+9RU2hmY4+dwR5kZ01m5e4ht/ebq6XCVC6LC2nyfm+kGtc/H8euXpxT2XR489zpwGuU/Kv4dzJ45y6sQUie0FXv3WG1wp3UtLfP8vXueNq5sYe/fber4XFk6/zZ/6/GY+MPjYyfKtc7z8xgI54jzy6KHSoeHq2cZc/CF/8cE2w3Nztv0Yaa6//UZFXTfix7x6JQ0jIxzck8IM8F1OHh4CMpz569d542aapNPeM/3kbl3hW29/0p66FARBEARBEARB6AH2jA6RSnqf5laTSibYMzokK4AFQRAEob1ss5GNcvwC736wSk4b4vmf/wJPFFeyHH+quGLqw3OcOVG5YiptTPHSP3iWKQ3gGAd4mW9cTLNwMwPH93N8Howbl7iyZjB28BjHncV8K9ucObteHo8qpd3P0z//k5wccdK+wxt//lb1yuFI5CmMHuOrXzpKeb3sFC/+/f0MDZUHmI4fHcT8+hmuXr/J2jOTjE7OcXxyibUPr7GQTTE7f4zStsXeMbLcZb5/KQN9s/zsP3iO2eIrtZ8+cY5v/qcrXH/vDAtHnivvIUwe4+AL/NKPFFe9zU/BN97g/NoS13MwWsef6jv+Ff6Pf/QN/vff/2P47/1WApcHf3/lf/2KDP7yGnzdbxD28/Arv1m5N/DMP4VfLK5AnZ+Af/9VuPkq/L3/DCeKDTOyaa9Y/WQBHnKtmL3nOe6xU/DNfwYX/y84fwqO+zRs7h1442UY+Rr8cnEQl5PwzFH49/8c/vavYO4lePKn4DvfhB++ASe/7JwMp/8Q9F+GJ4eABXtVb/KX4X/8VUgWrzU/Ab/1a3D2F+GZITj/p3B3BX70m/Djs+W8xr8K3/8reP6rjVVzIJfgygoc/Lfw0qlyel/+H2BnHIaAxw7DR8CC7Ne8dv4GdxSMzh0taobB3PwU37++wNVLl8kdPlaaQLN57hznN6F/7lm+6uypOv84T5//Nn/4XuVkgevvXmYhB1PPfIGXjhc1Y/44c2++zLeueAZgg0gv8Mo3Fqo/r3ojA+RGDvHVn37c1t2j/WS/foara5v0P/OTpfSPD9qrMG/dug2HXG+qSKdJuo5jfo7ZV77N67ev8caHx3jpMR9RC6vDxw8wde4Sd65+xPLTTp4znLm0hKmNMH98BFjg+++tkouNcOrnP89x5/fwyGn+9JvXeP/DdeaeGiH34TnObMLQUbeeH2PqO/+VVy9d5uozkxwOV7P3F0F2khzi+IsvcGrGWa8brp5Ll103eP4fuvyT+Ut865sXWCj5Jw34MeYQn/2Hn2XetXp3Ksh34RLX7wLjc7z0paJtzz/OqcISyzshZ9oJgiAIgiAIgiDsUmb3jrNwdyVwJXAqmWB2r92BkhXAgiAIgtBWBhhORjh8ZYFbO8DU/tJDUwC0/Rw9mAK1zsLNylOGDh0qDv7aTIzZD+vT2xFX7ZbSPlQa/LXTnuL4oWZHL1M88pR78BfAqBj8JbfJ5vb/z96dh0d13oce/86iFYRAIAnEDjLCFtgIGy9g4xjHW7wm8Zq6aewkzc3S6944aXpvk/S2aXvTW7tPk5ulTVKndRw7sd3YeDeO7RgbMGCDzWIkI8BsAgQIhEBCy2juHyMJrUgCjUYS38/zCJ058573fc+Zw5nR+c3vfUOkJAPRCA29bWL7fvZFIX3S5JagAwBpZ5OfC9RUsKNNam8qUwtyWz3OZnQGQD1VPTx0sSBwZ5nABn87apVV2ubn87HgY2sTp51YDo6B4QA3tw3ejm4Kmla1/yZAu3Ikw7ybgYOwbVvnXftofSwLuXBe20/HKfMgH6h8Bw4RGzL5/AWx4ZXLm8pULYsFVgsXxYaFPlQSywaeeC40tMpyDk6BUcCuppTlbYuBK2ByRtts6PELoHZdxy84nLYpMGE07HoC3t8GzV9MCY/uePzPdNGtrN5UDS2ByCZjCyjIBMp38n6rxNXde6vobJj/9HMm0HYw7/3s3B8BMsk/p/XVMETeWbl0N5h8i5RMii5sNZpD88+ciYxoVzQjp1W9gQzSU+nYflY6GXQ2J2z7fqYzc1YuycC+ve3eiJr19DqcPIN505Pg6D4+2NtUpnITxeUQmjg5Fhw8vC/2npSVzaRIq0zWUBZj0+Hw/tiGO/ZWAqmMH5faKtv1KLmjh0NDFWXxSKgfDNqcJ8V7H88AACAASURBVNOYNBwIpDNzwSUsaDUlQk+Pc4v2n0/SCpg7KenE55NT+ByTPrWgTfD35MaSOxKo2M7S9bs4UBObwoFwNmO8lkmSJEka4pKSwkwen0t21khSU5IJBAIEAgFSU5LJzhrJ5PG5JCXFcn/NAJYkKa7GMHIEsL+ag/uB7pJT6huJAAQ6PhVqWtfQLkksY0QfZbycpO2RI9KBjsOL9lwnQ2BHq9i2+h2WlVZS3T7aO7z3LUTqm+YZDLT/fluo5dhF2hy7dEaO7H077XXMBMbgb6d6kVWa1VmhlJ59dTEzr2O5lKZvYUS6mCelviniH+rk2xpBgNoTw1TPuxlW/wW8UwKfKIB3FwML4IKmebRrj8R+l/45/KiTtoK7gQKoOUjXWdHEAsB9moGbAbf+FJ75Abx0O7wEJC+Awj+CRT2YH/kMUrdpO9sagOzRTKqrpKrVaZObkwqV1ZR8UMa8S/KA+tgcpNDxvOtwLa1vugaduCa1CNLzuWqTMpg68+yO8xB3ovP3h07a70zaMEa1L5ccJAWoi3Serdzz63CIvMI8RpZuZ3PxVhaOnUbZB2UcJomZM5u+AHK8PvaeVF7KY78r7dhYsIoD1FNdB3Cc4j+8TnEnfTpUwZmZzd7uPCmclsJzT26ieOk75Ny6kJnN35Pp0XGmpZ70jI5R1uRwCKiPfT45hc8xI7NyOxbuUibzriqi7o0NbFz7DjvWAqEkxkyaxsJLupufWpIkSZKGhqyRGWSNPPm3YP3zSJKkuEpl6oQM3t5fxbbNu1iQPeHkxZOCsSBAtONTkaZ14R5HCXrpJG0fPtLD2Sk72bYrVRtW8UpxFQzPovCsbEYmARxn2/vb6WTQym6FkmIHJhJtP6FspOXYheJ07NIKP8V3bv8d33v4UQ5Ohw/LsvjcfQZ/E6KyLBasbR1/qm1Kdw11Ma53UtMH5kgn47U3Qpvgc8YCyB8NG1+DK4H3lkH+TyCnua6mIHLeX8D5UzrWlzoNSI5lCzMPPnZP5xm447rYv9ORMhVu+xdorIPK3fD+E7DyK1D1E/j0vDg0OBhV8v7mpvTe/Vt5/HedzylaXVrCuvPzODc5ieTm60r7S0+H62FS0zWo6ZrUOkDWCD0cALr/1BzjUJS2mbx1jbHk8S4upr26Dmeezcyc7by9czvramDftnrIKeDi5jnem9+TRuayYEYn39ZJzmIESRwIQWye2GlM7SSLNKPTOePPQMkFXJy/jd8VV/DOu2XMvKQpP71Hx/mE6k6GyKhriuiGQ/TP55i0ySy4djILosepPnSAbSUlrN5cwu+OweeuPTE8uyRJkiSdyQwAS5IUZxmzCphZ/A7Fpe/zyrgsrprabqDPhv2sXbGL3MuKyBudx/i0XRTv28W6moITwydGd1Gy4zgEMsnrJoZ8ylra3s7qyoITw0BH97Fxe/vs35GMSoeyY9UciMKYpgBB9Ydl7Othc7VNwzbmzV7IgrOaVtZsoHQ1kNS2bCxrqJ6aGqCrYSInZ5P7dgX7dmyn7MLcE0GLmk2U7gPSspjUBxm/XRlx3qf4Ds/w/Rfhc/fdxAUORZkgi2Hj50/MAQywbjEwGqZ2MRPolNmxAO/G1bDg5hPB3trVUApkXhAbvhmAZCi6G0p/AI+WQW0BFLUKno4+FzKBQ7Uws92Q0q1jYvn3QvFiCM+Ec9qdLA3E4VN6XaxPozIgmAyjpsLHPg+lT8D+Vl+5CI0GjkJNX7c/SOwtoaQSGJ7NvHOyOg0kVX1UyrrySoo3VnJuUSbTxmeydE8lmz/YyoLLTwxfXv3BrnZfZslm6rgkNm6uZOP7lRS2zKsaoWzzPnr4NZt+VEnpB9UUNs8BTIRtH+6jDsgd28UbUa+uw6mcW5DN6vL9bHzpQ6oaQkwtmHHimDe/J1U3kl5wNlNbB6Kj9URIIgQtx786kEfhzNbzF0CkoZ6Qf/G2GDNnKnmlmyhr+QIDPT7OLTp8PtnKxh31Jz6fJPfd55hw0xcmamsinMiRP87hinpGZmVAIJX0rAkUXpLC4T3L2FgVy1bO67JGSZIkSTpz+OewJEnxFpjAwqsOc+ilUra9uYRHNmYyafxYRqfVc3DnfnbsraI6mkRhQRF5OXlcMCeLrSsqePuZJZRNzWNiUjWl28rYVwMZhbNiN2zj4kTba595iX0FE5ja1HZVJAmob1U2l6njk9i4uYK3X1hFzfQMOLKXjSWVPc5iG5ObQXLxccrWLOG1oxMZVV/B5u2Hqe6QGZTNzKnprFtXxeoXl9FwThajRk8lv/0Io8kzuLhgO4uLy3juqdeZOXUsGfUVbN62n8PREJPOPzfuN4VHnHcT/3BenBsZtI5C6Wo6/YZA9nmQ3UcndsY8eOPPYftNMC0F3n0CytZDzvfg7C7aSJ4HC66FN/8OHvoIzpsP9SWw5hFonA0fv65t+WmLIPMHUP4SZH4bprV+Mg8WfRme+gH85COYewWMBHa9E8saXvgInJ8BZ98MqxbD7++GrfdCYR4cK4MPX4eDF8DX7u5myOsy+MMj0Nkc4xfc3eFLFFQtg5/9I2RfBzMviPVp8+LYUNMzW+3ArLth4w/g6R/AZfMheybknSnfZohQWryPakJMLbqYoqldpClOjrDvyVL2lZZQVnQheWefQ2HJCjZuX8d/PLOPwhkZ1JWVsXl/LclA64HH8+bkk7d9E2XrXuex/ROYOTGZqm1lbK5sJEQPs4Drq9hWvKmT/0pJjJmWT25fvUekpFK94XUe35fLWXnJHPpwJ6WHI5AxgYvP7mJ4g95eh6dO5ax39lNcdRzS8ihsc8yb35P288rjS5g0NY+JI+Dw/v3s2FFJqPAKbp+TSXLz8V/3Oo/tySN/agbpNVVs272fsqMjueqOBW2DmmeylizgSta9W8a5l+TR0+PcUsXweta0fD6pYuOH+zhcBxkzz2n6fNJ3n2Pyp2fz1q79lC77A+Fz8hidlUfh8K0seW47VRmZTB2fTe4IOLxzFxuPQmhcZo+GRpckSZKkM4EBYEmS+sPIWdx8ay7FazaxbmslxetLYuvDqYwZP5kF82YxtSnGkn7WQm5PW8tr7+5iR3EpO4BQWgb5FxWxqCArrt1MP2sBnw69yyvv7qOsuJSyQBK5BUXcnLmdx1ZWEEo+cdc27+JLWFDzDm/vLmP1QQhlZDH3qgJ2Lynp2RDOky/mloveZsm7+yldXwLhdPIvmUXK2rVsbFd05JxLWVSzgre37mftqv1kzBxD/vT2FYbIvfAqbs9cxWvrDrQc41BmFkULLmDeBMdjTqzV8IfVnT912UuQ3UeTdCYvgNvGw399DzZug/BsmPkvcP2CkwdU538PRp4LS5+A1x4B8mDs7XDL3TChfbQiDwqvgOWvw/mLOtY14164pwBe/DUs+/NY5m/aFVD4bTiv6T96MA/+5AlY+hCsewi2lkFwKuRcC7fc3IP5jkugtKTzp2bc3XHO04wr4IYDsOJFePORE8eq6CH4+OwT5abcDdfWwRuL4aVHYOZDcPNszgiV61izIwKZk5nXVfAXIO1s5k3fznOl+9i4LULe1FwW3LiAkUvX8vbufaxdtY9QZjYXXzOZbc9sans9TCvghhtSWfbWBor37mL13hDp2eO46lJY9touOg6u24naStauquzkiVQKs/PJ7av5bpPGsGhRBmtf/5DVuyIQCDFyXD6XXjGL3C4Dqr29DudRMCmV4pLjjMwv6PAlnfSzFnJ75gaWrtjG7pJSdkSJvW9OKmDhrKagZCCXBbcsJPft93l7Wxlr9wOBEMkjMimaf67B33bGzJlMbkkJ+0o3sW5OHuem9fA4N0kZX8R1maW8+E4pOyJAOJ28ollcN/vEPL599jlm8sVcd/4y3ni/guK1JTAuSOFVs1h04XGWbjhAaXElpRCbA3jq2Sy6tMDhnyVJkiSpSSAajfZitj5J0lCxb98+AoEAgUDszmhPl3v6fLOTrWu/3JPH3a3vSm/L19bVd19oKIrGbvK3FaFs+Us8Vwozr7qehfGYm1SnJCW5fZpnH6rq6WDeA8VB+MW1wPfgC9fGua0q+M9FcOg++O/dZeqqRUZu92VOwRl7vY6b/Sz73TI2MoFPfeqCOGdUVrJ68eusPZbNorsWkD/Ag7XxuuYOinP44Ds89vwumLmAuy7MTnRv+kVc32MlSZIkqZdqqht6Vd4MYEmS1CRC2YqXeG5biNxxmYzJHsnIpHoObiujeH89jJzGuQZ/Jdi6GPYCFy0y+Cudjm0bWFcJ6WdNHfDBX0mSJEmSBhMDwJIkdSIQgDNvjIwQeRdeyMLwJtZtPcDGXU0ZoOHUlqEVRya2g2qll0ntp9BAEKKNcW5kMKqDdx8Bbobz4z2r9BASiF+k/My8Xg8F1awr3k+EdArOGfj/l+J5zfUcHnji/h4rSZIkSXHmENCSdIZyCOiTq6tvwLdIDWSBQIDkpDh+l6+6AiKDYFhSDQ6hJEiPzxzmXq/VH+J5zfUcHnji/h4rSZIkSb3U2yGgHbROkqROBE390AAX93M06I1v9aE4nk9er9Uf4nmeeQ4PPL4mkiRJkgY7A8CSJHUiEPTGnwa2uJ+joaT41q8zSxzPJ6/X6g/xPM88hwceXxNJkiRJg50BYEmSOmHmhwa6uJ+joeT41q8zSxzPJ6/X6g9mAJ9ZfE0kSZIkDXYGgCVJ6kQgEPDmnwasYKu5t+PXSMgsYPWNUFLsfIoTr9eKt3hfcz2HB5Z+eY+VJEmSpDgzACxJUheCId8mNTD127mZlNo/7Who64fzyOu14qk/zi/P4YHD10KSJEnSUOBfNpIkdSEUDGICiAaaQCB2bvaLpHQI+HFRpyEQjJ1Hceb1WvHSX9dcz+GBoV/fYyVJkiQpjvzLRpKkkwjFcdhS6VT0+zmZPKx/29PQ0o/nj9drxUN/nleew4nnayBJkiRpqDAALEnSSYRCQeeB04ARCAQI9ffQlMnpzgWsUxNKip0//dWc12v1sf6+5noOJ1ZC3mMlSZIkKU7860aSpG6Ew2aDaGBI2LmYkpGYdjW4JeC88XqtvpSI88lzOHE89pIkSZKGEgPAkiR1IxgIEA55U1CJFQ6FCCYqMyyUZBBYvZOSkZDMca/X6iuJuuZ6DidGQt9jJUmSJCkODABLktQDoVDQYQGVMAPi/EtOdz5g9UzysH4d+rm9AfH/RYNaos+hRLd/pvF4S5IkSRqK/CtHkqQeCodC3iBUvwuFggMnGyxluEFgnVzysNh5kmBer3WqBso113O4fwyU11uSJEmS+pp/UUqS1AvhUMgbheo3A/J8SxnucNDqXErGgAj+NhuQ/380oA20c2ag9Weo8fhKkiRJGsrCie6AJEmDTSgUJBAM0NAQIRqNJro7GoICgQDh8ACejzA5PTa/a20VROoT3RslWvMc0QmY87c7Xq/VEwP5mus53PcG8ustSZIkSX3FALAkSacgGAiQnBQmEmkk0hjBe7LqC4EAhIKDZNjPUBKkZ0FdNdQdg2hjonuk/hYIJny+357weq2uDJZrrudw3xgsr7ckSZIk9QUDwJIknYZQKEgoFCTS2EhjpJFG78rqFAQDAYKhIKHgILwpnZwe+6mvhvrjZgSfCUJJkJQKSQM78Nue12s1G6zXXM/hUzNYX29JkiRJOh0GgCVJ6gOhYOzGYjQapTEaJdoYbboxGzVTR23ERpwMEAwECASbfg+FYSiT0mM/jRGI1MUCwY0NscdmBw9egSAEQxAMxwK/oeTY40HM6/WZZShecz2HuzYUX29JkiRJOhUGgCVJ6kOBQIBQIAAmmehMFQxBMA2S0hLdE+mkvF5rsPMcliRJkiR1xQCwJA1lkTooeQ0+Wgl7NkLFdjh2EBrqyAklEU3LIpI5gYacAurHz6Vh2kKioaRE91qSJEmSJEmSJJ2iQDQ6tAaJem9DKWs3lFKyZScHK460rE9PS2FiXg5Fs/OZU5jP6KwRCeylJMXZrvdg9a/h/aegoa7n24WTqZ35CWrPvZXIuNlALLukeei81r+7Wm79u7t17Zd78ri79V1x+D9JkiRJkiRJ0mBUU93Qq/JDJgC8dkMpv138epug78nMn1fITVfPNxAsaWg5tAN+/2As8Hua6s6+nuMLvkrjyAkGgCVJkiRJkiRJSpAzLgBcXVPLf/zmJdZuKG2zPi01hYnjs1se19TUsrNsf5sy6Wkp3HHzFcyfV9gvfZWkuFr9KDz/3d5l/HYnnEzNov9J3Xm3AgaAJUmSJEmSJEnqb2dUALi6ppYHfvo4O3eXt6ybP6+Q+fMKKZg+sdPyy1dv4PdL13Dw0IlM4XvuvNYgsKTB7YW/geX/Hrfqa8+/m+OLvmUAWJIkSZIkSZKkfnZGBYD/9p9/1RL8TUtN4av33txp4Le96ppannl5Oa++uaZlnUFgSYPWU9+Ed38b92bqZn+S49d9DzAALEmSJEmSJElSf+ltADgcp37E3TMvL28J/k7My+YbX7mD9LSUNmV27i7nt4v/AMSGe54zK5/58wpJT0vhzluuYNL4HH75m5cA+O3i1ymYPtE5gSUNLi/8Tb8EfwGS1z8FKcM5vuhb/dKeJEmSJEmSJEnqvWCiO3AqDlYc4dklK4BY5u89d17bIfgLsHZDKSVbdlKyZSdrN5Tyy9+8xF/+/c9bAsfz5xVy5WVzgaas4CXL+28nJOl0rX40rsM+dyb5nV+R/P6T/dqmJEmSJEmSJEnquUEZAG4dqL3pmkuYOD6n03JFs/KZMX0Co0edyOo9WHGkzbzBN10zv+X55as3crDiSKd1SdKAcmgHPP/dhDSd+uo/EDy8KyFtS5IkSZIkSZKkkxuUcwDf9+0fUV1TS1pqCj/8+6/1aJuDFUf48S+fZmfZfgBGZ43g+3/1RSAW+G0eCvrGqy/hpmvmx6fjrVWVsnTx87yxZR9Vx2LjdoeHZZA7fT5XfvxyZo0dDKNzb+Dhv3iYDed+lv9796xEd0Y6szxxH7z/VMKabyi8keM3/iPgHMCSJEmSJEmSJMVTb+cAHnQZwCVbdlJdUwvEhnDuqdFZI/ju/Z9lxvQJQCwgvHz1RgDmzMpvU3+81Wx4jO/9/c94bluY/AW3cNdn7uKuz9zFLQvyCW9/lYf/+X/x/ceLqYp7TyQNSrveS2jwFyC88VlCe9YntA+SJEmSJEmSJKmjwZBm2kbz0M0ABfkTe739vXdex1/+/c+BWFAYID0thYl52ews28+HW+I8rGljMc8/sZaqMVfyja9fQ06bEHwRF378NirWPMGTe9LIiG9PJA1Wq3+d6B7ErH6UqkXfbsoAbl5pBrAkSZIkSZIkSX0pKZTaq/KDLgDcnP0LscBtbzUP/Vxdc7zN3MFpp1DXKdmygfU1MPnq+e2Cv83CZM29iz/tn95IGmwidX2b/XvZv8G4d+Hxn/V607QPX6R60XeJBpMdAlqSJEmSJEmSpAFi0AWA+8LorBGMZkRiGk9JJQzU1NRAb3J8GysofvFpnnunlPJjDRBOY/w5V3LLpxcyOa11uQbKP3iDl15bzpa9VdQ0AClZTJ57DXfdXERWq6Dzhkf+gofXzeKz/3AD9c8+xstrtlORupCv/tUNTAZoqGBt8/paIJxGzoQirrzjBopGtz11Gg6u5elfP82aXTU0AOGxs7jhzs8wP++MPMWk+Cl5DRrq+qauy34DV82CV/7u1LZvqCNp21Lq8j/eN/2RJEmSJEmSJEmnzehcf5swk7OHLWXV7x/isax7uW1ODuHuZmJuLOfVHz7Ay+U5zFp0C1eOSYLa3axe8hw//r/l/Ol3biW/qY6qlQ/xwLP7mDyziCsXjicDqN+9mpfffIwfNGbwN5/Ob1d5Oa/+6PvsOzaZmXOvYdHUfLIAajbw8P99mA01GUy+6AaumZoBtRWsf/NVHvunI/B3n6Wo+ezZ+yo/fvAI4XlXctvCDKjaztLXlvP0D/8N/udXmZ/ZlwdQOsN9tLJv6mkO/r5+B7x56nOfJ5W9awBYkiRJkiRJkqQBZNAFgFsP27xzdzkF03s/D3BnDh46AsDoUXHODA7mc+t/vwv+/QlW/eYB1j4eJmvSTGbOmE1R0UzGj07r8KKUv/YwL+8dzzV/fh9Xjm1eW0TRueN5+PuP8fyya7jvslg2ccZF9/IP88KEW1cyp4jcxu/x42XL2fDJfGa1CTiXUzHms3znz2dxIpG4gQ3/9QQbjuVw5de/wTVjT5Quuuhydu+qYHzr+strmP6173DDpFZ9y27grx9axdoNVcxf4GzGUp/Zs/H062gd/H399OoLlxeffn8kSZIkSZIkSVKfGXQB4El5JwLA723YwscXnn/adR6sOMLBilgAuCC/bwLKJzWqiFu/MZvryz5i9dqlrF1TzPIlG1i+BAhnMHPRXdy2KJ+MIMB2Vq0shxm3cvnYdvWkFTH3rMd4eP16qi6bHxtQOhjuNKM4LS0NGsvZdwBm5bR+JoeFV7cO/gJ1a1i1rgZmXt8q4NwszPgJOW1XTVnI5ZPaFZs2icmsYvveffRqqGtJJ1ex/fS278PgL0Coctdp1yFJkiRJkiRJkvrOoAsAj84awcS8bHaW7adky04OVhxhdNbpZe0+s2R5y/KcWe2HSI6XMGl5+SzMy2fh9UBDDRVl61n6zMssX/IzHjhwL9+5cyZhqqioBCqf5H/9xZOdV5VTQ8uMwo1VlC57iueXbmFfZWw+3lYFO9uY3ParD1dRAeRMmtKzE2TEiI4h3uT0prmOj/ekBkk9dezgqW/bMufvdac17HNrweMVfVKPJEmSJEmSJEnqG4MuAAzw8YXn88vfvATAL3/zEt/4yu2nXNfBiiMsXx3Lghs9agRF/RYAbiecRtakC7nla7PJe+iveXLNq6y6fibzmyOr59zKdz59dufbBtOaArANFD/+AA+tqSFj0nyuvX4yGcNyyB87gn1/+DE/e7N/dkVSHDXUneKG34Or5sOavgv+nl5/JEmSJEmSJElSPAzKAPCcWfmkp6VQXVNLyZadPPPycm66Zv4p1ZWWlkJaago1x2u545Yr+rinpyKNKROyoLiBmjqADLIygSPHISOjm8GUS1n7Xg1MuIE//9rCNmVrUnrRhZEZZAHFZbvpPGtY0uDzHXjlLLjqt3Cwj4PAkiRJkiRJkiRpwOhkttiB7WDFER746eNU19S2rHt2yQqeXbLilOpLT0vh+9/+It/9+h/3T/Zv5XIefngVFQ1dPF+zgZdWVMCo6cwcDTCZojlZsOtVntpQ00n5CipaVodJSgHq6mlTsrnOnkqeS9E5wIZXeXlvx6crDlX1vC5JfSucfOrbvnknvLIBrnoRrihMfH8kSZIkSZIkSVKfG1QZwCVbdvKTXy5uCf42Z+4CPPPyckpKd3LPndd2Oyfwh1t2MWP6hJbH6WkppI/vn0zXhvIKyouX8v1vP03OjAspKpxMVlN2btXutaxaVkx543iu+dINjG/aZvx193LN5gd4+ZEH+PFFlzN/agZQT0Xxapa/tx0WfJXv3DgZyGfhx8az6sWX+bef13DNvPEk1e5m9ZLVHBmWAcd62sswRZ+8i7XbH+PVf/kepc1t1lawftmrbCifyV1/91mKBtXZIw0Rw0ZD5Z5T3/7NO4HfxDKBuQNe33ha3WlMzTqt7SVJkiRJkiRJUt8aNCG8Z5es4JmXl7c8npiXzR23XNEmIFyyZSd/+fc/p2hWPgX5E5mYl0OUKAECAKzdUMraDZs5WHGEKy+by50JGPI5fNYNfONvL2f7u2/w6sq1LF28nJqmbOBwRg7j593KfR+/kPGtx28O5nDlf/9Lxr/2HC8ve4nHVjQAYdJyxlP0yfu4ct74lqI5V3yV+1If5ckly3ny0QZIyeHCT9/HLQce4oElvehoZhH3fj2DpYuf5401z/HYCiCcRs6EC7nrmzcY/JUSJWvy6QWAoU+DwJHMCd0XkiRJkiRJkiRJ/SYQjUajie7EyVTX1PLbxa+zfPWJAMX8eYXcdPV8fvwfi9m5uxxomw3cE3Nm5fPVe27u8/5KUly98Dew/N/7pq7LfgNXzYJXTn1O4Jqiuzm28FsEArEv2rT/3d269ss9edzd+q70trwkSZIkSZIkSYPRgJ4DuLqmlgd++nib4O89d17LPXdeyzNLlrcEfyfmZfP9b3+Re+68lol52d3WO39eIXfe3P/Zv5J02qZc1Hd1vXknvLIMxl13ylXU553fd/2RJEmSJEmSJEmnbcBmAO/cXc4DP328zXy/3/zK7Uwcn8Pvl77Lbxf/oWX9X9//2Tbz/h6sOELJlp0cqKhsU2dB/kQKpk/sv52QpL4WqYPvnQMNdYnuCYSTOfjfVhANJZsBLEmSJEmSJEnSADEgZ3JtH/ydmJfNV++5hdFZI9i5u7wl+Atwz13Xtgn+AozOGsH8rML+7LIk9Y9QMpz3SXj3t4nuCbUFN9AYTMKwqiRJkiRJkiRJA8eAGwL6YMWRDsHfb3zlDkZnjWh5rtmNV19C0az8RHVVkhJj3h8lugcA1My6NdFdkCRJkiRJkiRJ7Qy4APBvFr/eIfibnpZCdU0tP/6PxS3PzZmVz03XzE9kVyUpMSbMiWUBJ1DtzBuoz52V0D5IkiRJkiRJkqSOBlwA+L0NpQCMHjWiTfD3gZ8+zs7d5UAsMHzPndcmspuSlFgfvx/CyYlpO5zMsYu+kpi2JUmSJEmSJEnSSQ24AHCz9PTUToO/aakpfPWeW0hPS0lwDyUpgUZNguv/NiFNV132lzRkjk9I25IkSZIkSZIk6eTCie5Ae6NHjeDgoSPs3F3OAz95nAOHKjlYcQSIBX+/+ZXbGZ01IsG9lKQBYN5nYP9mWP7v/dZk9Zw/onrWpwj0W4uSJEmSJEmSJKk3BlwG8B23XNGyXLJlZ4fg78TxOYnqmiQNPJ/4azj/jn5pqubsW6i67Jv90pYkSZIkSZIkSTo1gWg0Gk10J9pbu6GUNAGkcgAAIABJREFU3z79OgcPxYK/M6ZP4M6brzD4K0ldeeFv4poJfOy8z3D0sm9CIJb7GwgECNBqudX61r+7W9d+uSePu1vfld6WlyRJkiRJkiRpMBqQAWBJ0ilY/Sg8/11oqOu7OsPJHLn0W9TM+lTssQFgSZIkSZIkSZIGNAPAkjSUHNoBv38Q3n/qtKuqmfEJjl74ZSKZ408ETw0AS5IkSZIkSZI0oBkAlqShaNd7sPrXsUBwbzKCw8lU51/HscJP0ZA7C2gb4DUALEmSJEmSJEnSwGYAWJKGskgdlLwGH62EPRuhYjscOwgNdURDSTSmZtEwYjx1Y2ZQO66IusmXEQ0ldQjqGgCWJEmSJEmSJGlwMAAsSWeo7R/tbgnedhbs7RDYbR/kNQAsSZIkSZIkSdKAE0x0ByRJkiRJkiRJkiRJfcMAsCRJkiRJkiRJkiQNEQaAJUmSJEmSJEmSJGmIMAAsSZIkSZIkSZIkSUOEAWBJkiRJkiRJkiRJGiIMAEuSJEmSJEmSJEnSEGEAWJIkSZIkSZIkSZKGCAPAkiRJkiRJkiRJkjREGACWJEmSJEmSJEmSpCHCALAkSZIkSZIkSZIkDREGgCVJkiRJkiRJkiRpiDAALEmSJEmSJEmSJElDhAFgSZIkSZIkSZIkSRoiDABLkiRJkiRJkiRJ0hBhAFiSJEmSJEmSJEmShohwvBs4dOhQvJuQpAFr1KhRie6CJEmSJEmSJEk6g8Q9AGzwQ5IkSZIkSZIkSZL6h0NAS5IkSZIkSZIkSdIQYQBYkiRJkiRJkiRJkoYIA8CSJEmSJEmSJEmSNEQYAJYkSZIkSZIkSZKkIcIAsCRJkiRJkiRJkiQNEQaAJUmSJEmSJEmSJGmIMAAsSZIkSZIkSZIkSUNEONEdkCT1jZrqhpblisNVVB2rprauHoCU5CQyhqWTNTIjUd2TJEmSJEmSJEn9wACwJA0h9fUNlJUf5HhtXZv1x2vrOF5bR9WxavJyRpOU5OVfkiRJkiRJkqShyCGgJWkI6Sz429rx2jrKyg/2Y48kSZIkSZIkSVJ/MgAsSUNExeGqkwZ/mx2vraPicFU/9EiSJEmSJEmSJPU3A8CSNERUHauOS1lJkiRJkiRJkjR4GACWpCGitq4+LmUlSZIkSZIkSdLgEU50ByRJfSMajcalrPpOIADBYIBgMEAgGCAQgEAg9luSJEmSJEmSBpJoNHYvORqFaGOUxqYfby8PfAaAJUmKo0AAQuEgoVAs8CtJkiRJkiRJg0FzAgsAoRP3Nhsbo0QiUSINjQaDBygDwJIkxUEwFCDcFPiVJEmSJEmSpKGieZTDpKQgkUiUhoZGGiNGggcSA8CSJPWhYDBAOMnAryRJkiRJkqShLxQKEAqFYoHg+kYaGw0EDwQGgCVJ6iNJyUHC4WCiuyFJkiRJkiRJ/ao5ENzQ0Eh9XWOiu3PGMwAsSdJpCoUCJCUHT8yHIUmSJEmSJElnoOZp8errGok4LHTCDPgA8FurNrD1ozLK9h1k154D1NbW9Wr7CeOyGT9uDDljRnLTNfPj1EtJ0pkqnBQkKcmsX0mSJEmSJEkCCAQCJKeEqK9vpKHebOBEGNAB4B899DTvb9xyWnXs2rOfXXv2A/D+xi187fOfZFTm8L7oniTpDOeQz5IkSZIkSZLUuaSkIIEADgmdAIFoNDog86+/eP+DbR5Pn5LHtEnjSE1N7lU9W7fvYcv2Mo4fP5E5/E/f/RIjDQJLGmLe27CtV+VHDU8mEAi0/AAnXab1MhCgi3Ktfne3rv1yTx53t74rfT08s8FfSZIkSZIkSeqe8wL3vwGZAfzMy8tblqdOGscnP3EpZ5816ZTr23/wME+98Bar3ysB4If//hTf/fofn3Y/JUlnJoO/kiRJkiRJktQzzfdSDQL3nwF393rlmk08u2QFABecN4P/dd9nTiv4C5A9eiR/+sc38Lk7rwFg5+5y/uu5pafdV0nSmSecZPBXkiRJkiRJknojHA4STvK+an8ZcEf6gw+3tyzfcNUlfVr3gnmzmDJpLABr1pf2ad2SpKEvFAqQ5IcUSZIkSZIkSeq1pKQgoVDfTtWnzg24u9hlew8CMHlCLuPHjWnzXEnpTjYUd5zj8pmXl1N+4HCbdVu37+EPy97rUPasKeMBKD9wiJrjtX3VbUnSGSApecC9bUqSJEmSJEnSoOE91v4x4OYA3rMvFgCePiWvzfrtu/bxwE8fB+DGqy/hpmvmA/DATx6nZMtOnl2ygp8/eD8QCxQ3l62rb+Dqj13QUs+0KXmw9F0A9pYfYmpTRrAkSSeTlBwkEPDbaZIkSZIkSZJ0qgKBAEnJQecDjrMBF2avrasHYFh6apv1VUerW5aTkjrGrTOGpVF1tAaAhkikZf3x2ro25S44bwaTJ+SSN3YMozKH91m/JUlDVzAYcN5fSZIkSZIkSeoD4XCQYNBkm3gacBnAXZk1cyo3Xn0JhyuPMm3SuJb1N159CSyBc8+ZRsbwNACmT87j2ivmceRoNfPnFXao69v/4+5+63dP7Nxdzj//25MEAgH+x5duZWJedq/rOFx5lP/z/x6jpqaW//GlTzO11TE6XX9Y9h5bd+xh2qRxfGzBnD6rV5IGi7Dz/kqSJEmSJElSnwknBamrjXRfUKdk0ASAgZZhn1sryJ9IQf7ENutSU5P59A0L+6tbpyUahZVrNnH0WCx7edXa4lMKAMfTh1t3sfq9EhoaIgaAJZ1xgqEAoZDfRpMkSZIkSZKkvhIKBQiGAjRGoonuypA0qALAp2v/wcPsKjvAocoqpk/JY/KE3ER3if0HD7NqbUlL9vK773/Ixy45j9FZIxLcsxP+9I9v4E//+IZEd0OSEsKhnyVJkiRJkiSp74XDQeoiZgHHw6AJAFcdreHfHn6WjOFpFM0+iwuLZgLwzMvLeXbJCq5aeD633/yxTrc9XlvHY0+9xvLVG9usnz4lj8/deS1js0fFvf9dWblmE4cqq7jtxssBeOLZN3h33Ydc/bELEtYnSVJMIIDZv5IkSZIkSZIUB6FQgEAgNlqu+tagCQC/+34JJVt2AtDYGG0JAL+5cj0Aryx9l/nzCpnQbvjkhoYID/zkcbbv2tehzi0flfGd7z/E//mrLzAmKzPOe9BR5ZFjrFyziVGZGcyZlQ/A75eu4a1V67no/LPJzBjWYZvGxiir1hbz7JIV7D94mKSkMBecN4OPLzy/Q9nmeYEB/ttnb+TFV1eyvngbjY2NTJucx713XUvG8HQWv7ScZavWU3O8jpGZw7nrk4somnUWgaaYx7NLVvDMy8u56Zr5sTmX262bmJfNE88uZf/Bw4RCQWbPnMpnPn0lI0cMj9ORk6T+ETL7V5IkSZIkSZLiJhQO0lDfmOhuDDmD5s72hXPPblk+t3Bay/LUiWMBmDwht0PwF2KB4ebgb97YMfzJ7VfzZ5//JJdccE5LmV/8+gUaEpBivn7TVsoPHGbWzClkjx5J9uiRzJo5hb3lh9hY/FGH8tEovPDqSh567EUqDh+hsGAyRbPy2bx1Fz/9j8XU1NR22s6RqmP8y8+epPzgYc4/dwYjMzMo3babHz+0mB8/9DSr1m5i1syp5E8dz5GqYzz06IuUbtvVo314570SHnrsRXLGZHLBeTNIT0th7YZSfvHIC9Qcrzut4yNJiWb2ryRJkiRJkiTFj/dg42PQZACnp6Xw8wfvp+poTct8uQBfuedmSkp3UpA/sdPtmod9Lpg+kW985faW9eeeM40Z0ybwn48vYctHZSxbuYHL558X351opbqmljdWvE9qSjKXXTy7Jdv2kgvOYdXaYt5cuZ6i2WeRlprcss2usnJefXMNw9JT+dq9tzB9Sh4ADZEIDz++hBXvfEBaakqHthoaIly36EJuvHo+gUAs8/iffvJbdu89wKTxOfz1/X/CiIx0olH41RNLeHPletZuKOWsaRO63Y8jR6u574ufbunL/oOH+ed/fZIdu/dRtvdAy3pJGmwCAQgG/fAhSZIkSZIkSfESDDoMdDwMmgzgZq2Dv826Cv7uP3iYveUVAMwrKujwfOvgZOlHu/uohz2zeesudpbt5+yzJjFpfG7L+mmT8ygsmMK2HXv4sGnI62bri7dx9FgNRbPymTb5RN/DoRBXLTyf4cM6HhuIHbPzz53REmQekTGMCeNi2dLnnzeDERnpQCzYcfZZk4DY8NE9MXf2WW2OY9bIEYwfN4aa43VUHjnWozokaSAy+CtJkiRJkiRJ8ee92L43qALAJaU72VjyEcfbDS38zMvL2bPv4Em3HZbeMTia2ipbNhjsv0NRV1fP75euAWD+vEJCoRNth0JB5s8rBOCtVRvaDE29q2w/AKNGZrQEc5tlDE8nOTmp0/aSkpIYlp7a8rh1VtvY7Kw2ZUOhUK/2ZWRm23l+Q6EgyUmDJrFckrrkhw5JkiRJkiRJij/vxfa9QROpKyndyQM/fRyAa6+Yx6dvWAjAjx56mvc3bmHV2mL++v7PktQq+Jg9eiSjs0ZwsOII775fwgXnzWhT56q1xS3L0yaP64e9iNm6Yw/bduwhEmnkRw893WW5TR9uZ9v2PS1DMbcOFEuS4ivghw5JkiRJkiRJijvvxfa9QRMAbp3he+Rodcvy1o/KANi3/xCVVccYk5XZZrvZM6fxh+Xv8c77HzLu5eUUzcpnZGYGJVt28uSzbwAQDoeYMnFsP+wFRCKNvP7We9TVN3D2WZM6ZNA2O1x5lOLSnSx9ex3TJucRCgUZlzsagL3lFUSjtMkCrjpaTV1dfX/sgiSdEdqPtCBJkiRJkiRJ6nvei+17gyYA/LEFc6irb2D/wUquueKClvXf+rO7+NUTr3Dh3Jkdgr8AV3/sfN59v4SqYzU8u2QFzy5Z0aHMbTdezuQJuR3Wx0PZ3gN8uHUXOWNG8vnPfILMEcM6LVd55Bj/9JPfsqH4I8r2HmDi+Bxmnz2N3y9dw/pN2/hw604KpsfmPm6IRHhl6bscPVZDWqthrSVJpy7gpw5JkiRJkiRJijvvxfa9QRMABrj6Yxd0WJebPYpvfOX2LrfJHj2Sr957C48/8we2bt/T5rmUlGS+/Cc3Ulgwpc/72ploFF5f9h5Hj9Vw6UWzuwz+AmSOGEbR7LN46bVVrFyziQl5OUwYl82iS4t45uXl/PO/PsG0yXmMHjWCrdtjWdAGfyWp7/iZQ5IkSZIkSZLiz3uxfW9QBYBP1fQpeXz9S7ey8cPtHK48Sm1dPaMyM5iQN4YJ47L7rR/79lewftM2RmVmcNlFs7stf9lFs1n57iZWrinm0otmMzYni+s/fjE5Y0ay+KXlbPmojI927uX8c2dw5WVz+deHn6WmprYf9kSSJEmSJEmSJEnSQBSIRqPRRHeitS/e/yAAN159CTddM7/Nc488+XvqGxq4/JLzmDZ5HADPvLycD7fsYuqksXz6hoX93l9JGije27CtV+VHDU8mEAi0/AAnXab1MhCgi3K0HbLjZOvaL/fkcXfru9Lb8mnpZ8R3pCRJkiRJkiQp4WqqGxLdhSFl0NzdfnPlet5Y8T4AkUhjSwD4zZXrOVx5lJItO7ns4nPJGTOy0+0PHa5iT3kFu8r2c7y2jrE5WbGf7FEkJyf1235IkiRJkiRJkiRJUrwMuABwSkoytbV1HD9e12b95Am5LcsT8k4M25yXO5rDlUcBOg3+1jc08Itfv8CadZs7bW9k5nAuu2h2h2xjSZIkSZIkSZIkSRpsBtwQ0N//f4+x5aMypk/J4y//7K42z+3bf4jGxkbG5Y5uWXe8to7tO/eRN3YMGcPT2pTfubucv/3nX/Wo3ZGZw/mn737p9HdAkhLEIaBPziGgJUmSJEmSJGlgcgjovjXg7m7n5Y5my0dlbPmojE2bd3D2WZNansvNHtWhfGpKMgX5Ezut64GfPt6yPGXSWD5+2VxmzZzKsPRUtm7fw4bibTy7ZAUAhyuP8szLy80EliRJkiRJkiRJkjRoBRPdgfamTclrWX7qhbdOuZ7HnnqN6ppaAG68+hL+6r4/4qK5ZzMsPTXWzuRx3HTNfP72Lz7Xss2zS1aweevuU25TkiRJkiRJkiRJkhJpwAWAL71wFucVTgdg2449/NvDz7J7z4Fe1XGgopLX3loLwHmF00+a1TsudzR/9vlPtjxeuWbTKfRakiRJkiRJkiRJkhJvwA0BDfC1e2/hi/c/CMA773/IO+9/yOQJuUyfkteSwdve9Cl5FBZMAWDPvoqW9UWz87tt79xzpjFxfA47d5eza8/+PtgDSZIkSZIkSZIkSep/AzIADPDzB+/nmZeXt8zRu33XPrbv2tdl+dFZI/j+X30RgLK9JzKGC6Z3Pj9wewXTJzYFgHuXbSxJkiRJkiRJkiRJA8WADQAD3HTNfHKzR/HBh9sp23uQPfsOUltX32nZ+RcUtixfc8U8lr/zAVMm5jImK7NHbRUWTGbths1t6pEkSZIkSZIkSZL6UqSxkYaGCJFIhEikkcZolGg0CkAgECAYCBAKBQmFQoTDIULBATejqwa4QLT5jJIkDWrvbdjWq/KjhicTCARafoCTLtN6GQjQRblWv7tb1365J4+7W9+V3pZPSx/Q35GSJEmSJEmSNMjU1ddTV9dAQyTSq+3CoRDJyWGSk5Li1LPEq6luSHQXhhTvbkuSJEmSJEmSJElxUt/QwPHjdUQaG09p+4ZIhIaaCLW19aSmJpMUNrynk/MMkSRJkiRJkiRJkuKg+ngtdV1Mb9pbkcZGjlUfJzk5ifTUlD6pU0OTAWBJkiRJkiRJkiSpDzVGo1RXH+/1cM89UVdXT2OkkfT0VIK9nPpOZwZnjZYkSZIkSZIkSZL6SGM0yrFjNXEJ/jZriEQ4dqyGxmg0bm1o8DIALEmSJEmSJEmSJPWR6urjpzzfb29EGhuprj4e93Y0+BgAliRJkiRJkiRJkvpA9fHauGb+ttcQiVB9vLbf2tPgYABYkiRJkiRJkiRJOk31DQ3U1dX3e7t1dfXUNzT0e7sauMKJ7oAkSZLUViVb1m7jQNOjMdPmMD0zoR2SJEmSJEnq1vHjdQltO2m4YT/FeCZIkjSorOen9y9hTbflMrnlW1/g+px+6NLJrH+CL/7Hjthyzhz+9ltXMi6xPYqDtq/J3M/dz5dnn2aVFZt4/rm3eb20gspjAGEu/dJ9/MmM06x30NjBkkdebXVM55z+MZUkSZIkSYqjuvr6fpn3tyuRxkbq6utJTkpKWB80cBgAliRJGkj2vsr3HnyPHW3+XmigeqhN5VL+Kt/9x/fYA8AkvvzgbcxNcJckSZIkSZJOVV1d4odgrqtrMAAswACwJEmDWApzb7iUuSM7f26SQ+YOQrWsfKFV8Dcji7mzJzF72mjGTUpox/rZbL78oCm/kiRJkiRpcIg0NtIQiSS6GzREIkQaGwkFg4nuihIsHP3hcAJAFNr+jkIgEPvdRvvHrde3bNCqppbHrYq1q7+5dPf1t3++k/Za2j3xdPv96rL+Drqpv+Paju31ZL9at9fhuLU7fp3U377d7vereX1n+3WS16vX9bfXsf6e7Nep1d/6BOjF69XpedZVu63r7+Hr1av623W4J6/Xyf5fddbuyc6/QBf1d+xF/1wvOtuNvvr/fBKBUBKkDiOQmU1gzASCeTMITZlF6Kx5BHKmnHRbKf5SmVQ4h4sSPcyz+tAOirc2L6dw9T33cNvkRPZHkiRJkiRJ3WloOM3gb+M+Xv3ls7xBIV+75xJyTiN+29AQIZRsAPhMFw40xT6aQyCBpsBJbH2AQKBdYCbQRUAo0Py76blooHVFLbqqP9Dj+tsFhFrqb99u2+YD0Xb70z7g1Lw5HeuPle6i/tbdbt1e078d9qt9QDLQpjdE2x+31gU61N/J8WxXf0u32wcGA+3aa3/AOt2vVvtD+/1qtXt08jo1b9Wu/g771fy4+fi1P/9o93p1WX/7E6Cz+k9yfrRr90T9XZx/7dvtZf3NOtbfi9erdXvtX68O7bZrj3b1d9ivTg9n/18v6OX1osN538X14iSikXo4dpjoscNQtpnIutepb3oumHcWoaKrCF94E6Fpc7qtS0qMcp7/x1/xdHns0dy7v8Clu5/h0eXlHKgFUjKZe9Mn+PLFedQfeI9HH3mDlTsbqA+GGTNjFl+4+0qmpzVV1X4+3y+O5vVH3+at7ceob4T0iZO4/uZPcPXUYT3rWmMlO1Yt49E3NrOjvIF6IGnYMCadV8Rnrr6ISRkAtax86Ef8YmNsk8yFt/HAzW1TYfe88gu++1IlAOkXfoIf3HE2AJWlb/Hoc++yfmdT3RlZXHTj9Xzm/BzaD4TTm7I91s3xSsrK4/rP3MT1U4fR+dzOtSz54YMsad6+ef7kHh23jseG867mB5eV84tHN7C+ogHGX8D/+XoWT7S0m8ktX7+a9Fdf5emNFVQ3QFJmDlfc/ilumzmMytJX+c/fNm0bDjNp7uV8+bY5jGn190R95TZWvvk2r68pZ09l675dzBdunsOYMO2Gfm62g5/e/2BLP3/+WVodj47zWdcfWM+SF97h9eIKKmuBYJjM8XlcceXlXD279Wu2vm093/wUY5Y9z9PvNp//w5h9xTV84aqppPfu1ZUkSZIkSWoROZ3s38Z9LP/VC7y0KwKs40e/CvO1P553ykHgWF8cBvpMF/rf1yX/b6DnGZLNW/YwI5E25TtZ3avMvk4Cge0Dnt2022WGZKflA2036CZTsKv62wSiutufdhnM3e5PJ/V3fRw7OW7tGzrZcQx06GU3Gbqnfn4k8vxr3+4J3bxenTbQ/X51Xb6z/erZ69WzjOpTr//UMqp78Hp1eKG72a+Tlu+ivZNdL3opWlVB4+bVNPzhESIblxIIhwlOKuybyk/B3vLDvSqflhwiEAi0/AAnXab1MrGQfKflWv3ubl375Z487m59V3pbPilpoH5Lrpx3lmxpCp6lMvPSucw4abz1GJuXraP4WOxR5ZaNvPXhEaqbP5NGatnzwWZ2Bw+z5OG3WV/ZSCNAtJHqA3t5a1sjl184iVSA8g949r2mYGK4hi3LN/F+eT2NTf+n6o9U8sGq9ezOK2RebnJTd1ttM2wsV1w6jQyAxjKe/+HD/GzFAQ4da2oTaKyv59DOHSx9q4TQ7CJmDA8zIe0Ar66poB6oLa9n6scKyG15OXfw0m/WsKUGYBhX3HEdhSNgz6u/5LuPlbL7SKu662rYsX4dr+/L4PLzcls+BvembPevCYybM595ue32vfEQa5ZuprjixPFqrKmieNVmQkVzmTGsbR0dNB+7Hh+32PqjW9fwemnT5MHRA3zwxnY2VzdtlZbD5ZcOo7il3Qg71m1gzc4a6puKNNYeY8t7m6kNbOE/f1PC7prmJxqp3L2NFVXZXFc4GoD6jb/jvn9ZwZqPqqisbd+3bby6qYZ5F03j/7P3/vF1VWW+/3ufnDRtQg2EEEhqAyW0JpZjk7QQhAA3ViK2WKrejNIrdBzrvTLXi35Fr+KMvHzhvVa/d/jO1esMMwMOolyQmysWtAwTpsZCQAJtmhKghVIqKW0ghsqxJCUkzf7+cfaPtdZe+5yTkh8tPG9f9Zyz99rPs5611l6c5MlnP/NH9tH56Cu8ERfrGTWsWUbsOh/pu5e//vvt7HzlCKP+OnYnGP1Tmt29T9H12nyaU/6cqeN6lIG+Hn63d1hZ/2MMvrCLnYlzaKnJ8w8XBEEQBEEQBEEQBEEQDN4cfQs3NmGSjRH6/u8m7tnzVnBk/PUBdgydxAVLy485jVs058RLAI/7v5ASpoTwt9sO4AS/zg9fg+NO8OrgJwzwPoWveMe9t+j2Tfeqfd+vat9B/59qX/ns2Y/+bt8J4tL8efaJ2Df9qvaVuAwX4QHVvhGX4wSvqv1gHCNxEbxqDh31nzFPxnxp8cSOmxGXYV8bR3M9ROxH14d1vlQfWlzhwomsP3O+1PWnrEPVfuz6M+dL7as6X47iy5ivaFz6cGnjZo0rj/VnGzf/szlf6PNlu68i60+9f/Oxr5LPfqGOXT77hTp2OfcLm31zNG3zZJmvKeLo80/w5j/8F0a+2cL445um1rggxJJm0/dv5vPXW/59f4s1mTgyPEr5khRrL19EdZDvGqXnwT7655XRdHk9rWpGed9uugZtrtP0HymiZnk9bZcvoma+YuueB+gZzd7zvb+6n037vQ8Ji53xQ2z6+/vZPQHU1tNc5h0/so+e5xVDz/fSdch7v/BcWhcAL3XwwwcyCePQdh0pT0E6snMr7b6NybR9OxwZJT1RQu2F9axtqVBUs2k6tu4Bqmn9zEo2fKaOmuCiIhqvWMmGz6xkw5V1lE923EwG00Ft4cKSIkrnJY0G44wMF1G93OjjRJqOB/sZKa+g9fJ6mhYWBVeMPNFLj2+zro6meUBRCTWpRbRc3kxbSxWVvpsDvWx6Biito+0zK9lwRTVhmeoyWj7jxXpplmLHR7Zx20/3kfZ9VlTRemUTrbWlwQ9E6e0d/DBYFHp86cNQvqSOtZenqC0PzwxsfZzd8V4FQRAEQRAEQRAEQRCyMnFMyV8YfHgTP332rcjxI89u5R8ffnVG+yK8s0jqijvX+6i8esfxX+IUdy6ZjIrreo9LdjOPk81aA9j1FH2mPwuK38A+hj81Y+QCMfb9z3H2Q2z2fb+29hZ/vvG8FKL2uDDjCo7GxeVG2kdcmuOoxqXGY7EfvuanALbPl71TmWmLWX+R9uZ7+3xhxuWSNa7IfMW8D+Ix1n34WGHDvusa6z6HAti12/fHLzI0Efs51kPkfjbmyYnev3p7Y304lvnKej9b4prUfpFj/QX2/UP6+puu/wRO7N/Fm3/3BZKP3cucT99IouqcafIkCMdI7aV86/MrKAZaS+/mL+856J0oofVzfr3ZxXBTOx1pgDT9rwKROsNJGtd9lmsbMsni1uZebvnvW+g5Ahzpp2vnKI3nF5kXZZjoo6M67VmBAAAgAElEQVRrOLDT/Lkvsr4286l15S7uuPEBuo4Aw3vo2DFK7fJqWi8uo+O+Q8A4XY9tY13tCgqBvh37GPEspS4+j1KgZ2sfQ34fr/k816aKPNuLPNujdG3bxfoldZNq+/YoofWLXwjq+Ta/53a+el8mSTmy/yBDLKamoZ4aCui5c5d3jVHjedLjFh3/6kvWcN3HFlMaJKD7tPPll6zhW94jtmuP/ojvPexl8hNVrP/yVTTPAy4pZeSbWzNXTqQZGCKzPhJ1tH2tinWlpcpfpzbRUhGus70v9kOqmlRDFQy+xuZf95PRSJ9EbUM9jTlGcaCrlz4/ub2wiY1fbs4kkS9ppvXhcEz3bt1Gf3MrZiq5/JI2NnrxrT6/mO/c1E0/wJFB9g6hJYUFQRAEQRAEQRAEQRDy5VjUv0d2/5ofdR6OPX+g8wF+WvEprqmdXOGqY1MiC+80krrcj7BWqZdiidb01NtPdQ1gx7EknFR/vh/X0f0FDYx4zLh8f9jjstV4zaSnnMCvaj941eLyDzuxtUqDRK7vj5i4jBrAxNjXxtFxIu0Dt+Z8qUVmLe3jagxH5stIiEfmCTMu7HG56kdj/akJSXP9+eaccJ4yzY24YuwH8aDbN7OEU1UDOFL7OrhA9xvE4xjrL6a93h3VvrEOzXmy3FeR+VL9GfbNuPJef9O+Xzj2+TLbTwPjOzo4+lQnc9Z/l8KWq6fPkfAup4jGK5ppPNlyal4FtlxWalkqqHVaqCpA51WROtP/MJfimNxt2H4RLQ2KUnhePa3nddHjJQz3vtQP5y+2Xzs4GChRmbeIplrlXKKOpmUddD0+DkD/y6/C8mpKm1KkfrU1k/zbtYee0RU0sY3ObeOencW0NBQBB+k/4Bsbp+8Xt/LVX4bmR3xl8v6DDFA6ibZ1mfq7x0rp2TSeqXw85STAU6mOjQe1xbNyDOOmUV7PhisXK6pbkyIa68NriovnAt4gnLmQlF8Luqgo9vFDxYk03Q89Ss9z/ew95M3NeCgHT6fTWUPMRf+B8PqaFSktltKGxdTc181egEOv0T8K1do61uOjtJRyoN//LE8ZEgRBEARBEARBEARhhhh/pYt/bD/Akayt3qKvfRMPfv5TXH5GwQz1THinEP7mV0uEZFd+hu0V5V6Mgs9uX/FjsR/6NS9TFXxZFJ6xfvNTzEYUq15CNSaE6Oeg43GKaiOeGIWn1UcuBSYoClpTIWmJS1OsWuLR/OZQ6AbX6vZjFcZx75WDEQWt3zjL+gsUnpO1f5ysPyOlHYkr3r55PIei32o/i8I4T/uaQtcS15TuF966tLe3xBXp2PTiHh1j9J+/xsT+XRRd892ZcSq8yzAUonlQOC8mszu/JEtiML/2asJw5Mib8df+4ZCnurXbKT25BDxdaJAwLFpBc2orfTuBiYN0Ppmmcd6eQA1afkE9qQTAaxlFqsfY4VHiU46Tafs2KSpgcn+raeFYxk1lQUWOJPZciufFnHpPac71MfbMvdzwk/DxzFPPIEPKk49KS40ezVf7OEw6jaFczxKfIAiCIAiCIAiCIAjC28BxnPyVt0O/40e3PsOBfH6HMnGYLbfeQ+F/WsfKPH8H6Ex1/UPhhCRMAHsKOz8hYyqAfaGdo+aOQEkeekkjVXHnm7PYJ4d9XTmp4PjJvVDhqSsYtcaK4tGMK86+HleohDSUn34UmgJT8RdRlupxhTk4XfkYKmZt9pVxjCgh7eMWuc8NpWVUIWkMhqFg1ubLal+PS1PkquMI+nz5cWHMl2OMn239KR0PFds2+/4Jm317XIHA1JyvIMlsWX9Be8cwYJmviH1i7Efvq8j60BTSeaw/1UA+6y/Sz6hy2oxrUvuFYj6v/UKNx7xPAncx68+6X0wfYw/9M+7rrzL3uh/PjENBmAkOD5MGLaE4MhImfYvnzY2/9rQyyunPJDMtdtKvDwfv1SRf4/mLKd65hxFg77ZHacd/fHUZLRf7ys5TqSyHjPESVn/tC6w9I64jByfR9jjgGMdtZkjT1Rkmf6svWcO1ly+mvAjY0c7n7+zPenV+VFB+OuDVpM4kuZU4D6eVBH4JMz4EgiAIgiAIgiAIgiC8a0k4Dkfz/IXzod378kv++kwcpu/5P7Ky4pS8+yIIST2hmaOmp0skwRKgJKDiawDb7QdKyJz29fO+/VhFZmyNYYuTfBWEipLQ7642fqY/33i2uFR/FkWmkhWcpGI1Li7/uC2uLPOlxpOXff1tthqs2eLKOV9q1tBWU1Z5JHZmWWRRuFvWWex731++NYAD+26e9hVzLvp9ZZuvbDWA4+LKtv7MGsCunqiN3y/i7BvnctYAzvdJBDH2jbd2pbN+f00n409u5sj/uIp5X7t7RvwJwrRzZB+dO4ap9R8DPbGHru3ho35rzjSrrypUVFCdgKGJjJ3u3VDrP854Yg/dfeOhnbMVO7X1NJftoeMQsH8Xnf7xpSlagmRfFdUL8JK6w3R397P2Sr0v6f39sLCa0km1PQ441nGbEUYZCfLPRdTWe8lfhuneedB+ybwiRRWdZmAQS61pneoFpdCXSfPu3dZHurk5mJv0zj2Zxz8DVFRQk+sx5oIgCIIgCIIgCIIgCFNEQUGCoxP5ZXXLLmjlP538KvHVf02KObM2v+Sv3xdBSOo1azGUdbYawLaEpKqs85NFurLQJ1dNz9z2Q+We5g/Tr+7erMEaJop9v97lRO1nWsfYV7ut+vP+PxKXmZB0tN4oNWudaIOIfct4xtQAtilHNX/mgFnjylFT1mrfiC+mBnBEueyPn7n+MOYr1r65AGz2s6wPw29oP2b9TbIGsGnfJ2p/EvOl+jPnK+LX8IdhPxKXdThnfr9gkvtFZN3H7BczxNGnOnnzh58TJbAwhbxJ/zO9dB+wnSui+v11VE5bEmycnrtu53u76mg8LU3Po/vY6ycAE1U0LcviOJGitflReh4eBsbp+vGPGGiw2ClL0bpUvbCa1ovL6LjvkHIsSfOFK7SatI2Xpijf2ccQMPRwO199qZrGukpK/zRA3zP97E2X0PqVL9C2YHJtZ51jHreZoJTy0/DUuaN03H47YxdVM7JrF90vjdsvmV9NTVk3ew8BpNn043spvPxsSkuqaFxiv6SyuZ5Uh1cLen83N3x/Py0fXAjP7aZzd6j/TbVc8PZqNguCIAiCIAiCIAiCIEyCgoICGIv5HYhJspxzzi2f3r4I73oiNYD1NFsuRWum5VTXAA7t65daFXxmwjOr3ywKSaV9xJ+phMziQ0842Wv0as8lzqpgtsRgxKklrI0avdG+6eMW1ABW44rzlTFsVX5qi8d/cYnEFVWs5oprutefmUDOrnjOqiDNd/1lsa+FBpG4rIrVrHEdWw3gfOznvV946ybv+VINWpzmo6iOjJ+pmM62X8wA409uZvSn35SawMIUMUrPr7fQYz1Xytqv17F6EvWBJ0VpKdXjafZu7w1VlwAU0XjNGppyJJ5rPraGtfvuZtN+YGI0aidZxtrPtVJj/MFiaVOK1K+2BrV/KaujpVZvw5mtXLfqAN954BBjQPqlfjpfUh9BPEz3tn20LVg0ubbHAcc6btNPEU2r6unY1Uv/BHD4EJ0PZhL1NYvK2LvvkOWaalZfXkXnXQcZAxjaR/ud+2BZK7fGJICZt4IN1/Rz408zj5seGzxIx326wrh0eSsbzi+ZwtgEQRAEQRAEQRAEQRCyk0weP0nX46kvwuwR/nrQARy/VqjyGhx3glcHB8fJnPPOBK840Xq0oX3TvWrf96vad9D/p9pXPnv2o481d4K4NH+efSL2Tb+qfSUuw0V4QLVvxOU4watqPxjHSFwEr5pDR/1nzJMxX1o8seNmxGXY18bRXA8R+9H1YZ0v1YcWV7hwIuvPnC91/SnrULUfu/7M+VL7qs6Xo/gy5isalz5c2rhZ48pj/dnGzf9szhf6fNnuq8j6U+/ffOyr5LNfqGOXz36hjl3O/cJm3xxN2zxZ5msWGHvonxnr/NnsdUAQpoKiRWz42ipaF5VQ6H2bKCyrYu21V3NtKo/kW6KK1V/+EhvX1VFTkQwUvIUlJdRc2My3/vqzrLbV4y2qo/Hs8GP1xSuwPey4cuVn+cENK2lZVEKx/+duiSSlC6toXXcVGz+26JjazjrHOm4zwRkruf4vm2hc6PUrWUJNyyquu/Sk2EuKl1/FxmuVa/KgOPUJ/ubGNbQtK6PU/0ODRJLShdWs/fOr2bgupTxaWhAEQRAEQRAEQRAEYfopSCRIHgfK22RBAQUJeQS0AI77g5JQ+Iep6FPEqj5xCj0XAumrasF8xK1iV3s0a5w/q1+bfbuS0Gbf1n17XDb7hkLXVK6a/lT7cXGp/vKJK9qbt1UDOBKX0cy0n/d8We1nV+hOzr5JjvnKM654++Zxf4HFz5d1/Rnr8u3Yt66/vO2bgRvzZFO+GwNliyurP83OdO8XZoeyrL9ZwCkoZN53O0lUnTNlNnuf3jep9qecNEf7Aw4g63vU9yipf7Od8prrmPk+n8+5jscx2fbzipO5G73b6Gvn8z/x1LEV9dz09ZUz/5jddBffuambfoBEFRv+21U51caCIAiCIAiCIAiCIAiCMN28NTbGyJHRWe1D8bwi5hTm+2f2xxdHRvJ8hLaQFwlTcWf8Wj9Up3pHTcVdoOVTFKWalM//rNn38wg25WWYTIgoSn0/jtLHwL5i3HCvxeX7i4kLLa6wrepXtR/EhuFPicvJEpembrXFhSUuw745jlElbsx8afYdzb51vpQ5jq4PW1zGWtLiwh6XdsqYJ3O+1HjM+UKJzzZPlnGDqP2IptSyPoIBUv1p42b4M+dL/Z/m1xhzi33r+jPmSx0hbb78eGzzFbmfjTmzrT+L/azrzzZuU7pf+ONmzJe6xmcR9+gYb/38ptnthCCcgPQ/8jT+A5qLV9RL8lcQBEEQBEEQBEEQBEE4LphTWDir6tuCROKETf4KU0+4El00+aPrv7qAq3z2/+eG9URd9RrXtav+NPuKn4h9/7jrHVf/57U1/AJQeBKcXINT3Qyn1MCck/KOS/Ng2vf75saoDc24XPW4PS7XNeKxxmWxmc1+pM+u7i8uLtyoffWf5jd6bWaalDVha6O+qnZtfo3AtfWhzleW9efPkztZ+29n/Vntm8dzrz8/Lpf4uOLtm8dtcaHPU2xcwZRP2r62/oy4pny/8MdKu6+yzJebzf7MM76jg/HHN812NwThxGFiF52PD3sfSmhurpvV7giCIAiCIAiCIAiCIAiCyty5c96VvoXjj/D5lr4Kz3tEqoP36nivmZfMa9AecHXNpusp7yKPhDXsk8N+oGQ0kzTeCdd1PPsOiZbvwoov6qEA7ra/w/3NDTFxxdnX4wri8YSDkUfQBu1RAghfncCvHleQfNIkm15csfaVcTTtO4Y5YxwDXMOfOl+qP9+Za8SjzpfVvh5XaN8YR8Lx1OLyz7iGP7+Zbf0pHQ/8We37J2z27XE5gSE9rmC9m3Fp7R3DgGW+IvaJsR+9ryLrQ4krr/WnGshn/UX6qdq3xzWp/UIxn9d+ocZj3ieBu5j1p87XLPPW/T8gecHa2e6GIJwQpB97nK4j3oeF59K6YFa7IwiCIAiCIAiCIAiCIAgahckkc+YU8tZbYzPqd86cQgqTUtJOCHEmflDiagkfiCSaNOISJmYCykjkac0M+1riJ6t987yDs+YOnPd9PPNxYBvuix04Z7dC5YrMZbt/iXvf+mhC0GY/giWeIK5ot6wJ4nziUv1Fxs0YP4t9awItL7+2uLLM16Ttm0Tt5xPXsdlX4nEmMV/WdRbnV7Wf53xNyr7R4XzmK9t9ZfObbf05MfajvZiZ/cIWxlTdz7PM3C/8L5IXtb1tO1IDODtSA1gQBEEQBEEQBEEQBEEQhJngjeEjjB89OiO+kgUFnFQyb0Z8TSdSA3hqSQQ1Sv1X70S0pmfml/1mzU3vKFNR0zO3fe/VP37Wh4Lkr7vlvzJx54dwH/0eEz/7EO6W/5rxU/txnEUf8tMUin0zLidIcMTVANbjUuIx4wrG01Z71X814vH9mOOmGo/YN/1G7WvjaI6n6i/iN4t9bHHZ7Juto/YjcWmnLPNkzlesfSUec74w4zL8Wfza41LtG34naT+yHqzrPsd8Gd2JrD9zvnKtvzj7cevPFldwv03BfqHci3nZj6x71b59vmaLsd/8bLa7IAiCIAiCIAiCIAiCIAiCIEwRxcVzZ6QecEEiQXHx3Gn3I5x4RGoAu8pHbDU3vf+fzhrAak1Pgmqe0ZqezkXfzFz181W42/9Bs+9u/wfcn68CwGn+pu7P8KtVDdX8Kn2LiyscLPxmwatRqzSIz6yV66LFZdqMvFf+BfOlzoVaC1WNJ9LGNK7YtvYhR01Zdb7yWR+2uLRT073+/HnCGpe6PmzrTxu/GPv68dw1gCPrz+I3/7iOrQZwPvYj688SV+BvMvOlGsxnv9DsW/YLy7rPGtcscfT5Jzj6Yu9sd0MQBEEQBEEQBEEQBEEQBEGYAhKOQ0nJPJIFBdPmI1lQQEnJPE/pKQg6YQJYUdYFajlUxV2oRgwVmIYqExQlYSgiDO2b7nVFn6aF9FV9uj4ytD9nPlSdD2+8Avu7QlWigtv/aOZ81fkw56TQn68KjNg3/Sp9U+PSQ1AOqPaNuBQ1ompfUyP713p2nYh95XPEfnS+tHgi9mPiMuwHZyz2idiPrg9sflUfWlzhwomsP3O+1PWnrEPVfuz6M+fLUJZG1odlvqJx6cOljZs1rjzWn23c/M/mfKHPl+2+iqw/9f7Nx75KPvuFOnb57Bfq2OXcL2z2zdG0zZNlvo4Txp+4f7a7IAiCIAiCIAiCIAiCIAiCIEwRCcfhpJJ5zJlTOOW258wp5CRJ/gpZSOKSSbQoKjlHfTVVqVp7BZdMRsV1cb0GruuQvQaw69X2NP2FOBfegFPbBmWL4dUd8MK/4D72PZzT6zMNDu1RFH7KQncBx8U99ALOSWfAGfXQ34Vz0Q0453w083loN+5LDzPx0Fdj4jLiUV+t7S3x+J2JUxua/gL7oT/MuIKj+rhp/qz2lUMu8XGp8Vjsh69E5kt3YrNvzJPRqcy0xay/SHvzvX2+MONyyRpXZL5i3gfxGOse1wlaaPY9FWy47q0iV+W93b4/fpGhidjPsR4i97MxT070/o3dLxS/udZfaMcS16T2ixzrL7DvH9LX33EkAAbg6I6H4NM3znY3BEEQBEEQBEEQBEEQBEEQhCmkeG4RhckC3nzzLY5OTLwtWwWJBHPnzqEwmZyi3gnvVJK63A8cLxHkeCkWx/ETaN6r0T5IZDn+q38iVD2qOK56OLTvuIY/wPmzB2Bhc3jx6Q04pzfgnP4BJu7/c5zxI1Bep0sH/ayO7768FsaPwIEncD5xN87i1aG98lqc8loS8xfg3rsu6HaQcPLiyaSnvNcgLt0PWlxBBEFc+HGedQmJK/8R5ldiZewI7h92MfHYD3Gf3RR0qODq+3AWXYr7h90c/fsLMvrHD3ya5Kq/AfcoEw/dyMT2n2b8OU5kHAASF/8/JP7df4WRPzJ+7xfgxYcz8fgTaLS3zpdnPzJfRkI8HEdj/BxlntQMqGP488dPXX9qQtJcf745J5ynTHMjrhj7QTwY69zIEtrWhzJASvJXPxzcV44+bo6ZYDX8BvE4xvqLaa93R7Wvr8PIPJnz5VjmS/Vn2Dfjsq0/tHGb+v3C1s9w3Ax/ZvvjgImDe3AHf49TcdZsd0UQBEEQBEEQBEEQBEEQBEGYQgqTSQpPSvLW2BhvvTXO+NGjk7o+WVDAnDlJ5hROvZpYeGcSqQHsf/CVg9FaomG917dfg9Ve4xVc+OA3Msnfg0/g/uoaJv5mPu6v1mcuO+cKnKav4L70Wyguxzn/y1b7zvlfhuJy3N//FueC64Pkr3vfeo5+7z24/+eTuC//DmfJapzmbxDWYNXj8UWNVrWh6ddVj9tqsCoX/OkA7qvPhP/+sBvcCZyqRgqu+AGJ5X+h2zT9+swtxfnAp40+u4E/13WhrAYn9e8hOVePy6Z2Vf9p/tzItWYNYNfWRn1V7dr8GkFq60OtmZtl/QVlXidr35ynIB4jLsNvvH3zuP2+0nx49l3i44q3bx63xQW5agBr03MM9rX1Z8Q15fuFP1auuv6yzJebzf7sc3TPk7PdBUEQBEEQBEEQBEEQBEEQBGGamFOYeXTz/JOKmTe3iDmFSQoSCa+MaAbHcShIJJhTmGTe3CLmn1SceZS0JH+FSRBqxH0VraGEDBV3hALCoD2hcs9/rKqquPPNWeyTw75TembG3va/g+c2ZfSjz/0yU893+X+GsiXw+P+Amo/iXHoTvHUYen8c+HPqP4fz727K2Pjd3+CsuDbzftvf4e7ehOM4uPv+DSeRhH//QShbkvFhxBUqIQ3lpx+FpsBUFJYRZanXr6AALrh7f8PEr/+LPiPltSQ+8WOc05fiLP9z6Ps/8NYbxrSpE+EdqVxGoukLTHT/Y+azPw6e48R5n8UpXxxMhb+ZRBWShh9TwazOl2I/IJhv074xjoTjGXRKPWMqS/1mtvWndDxUbNvs+yds9u1xBQJTI65gDs24tPaOYUBVrsbZJ8Z+9L6KrD9NIR23/tT2igHH8IfNvtnPqHLajGtS+4ViPq/9Qo3HUEL7xK4/db6OI47+/mmSF7XNdjcEQRAEQRAEQRAEQRAEQRCEaaQgkaBgTgKQpK4wPSR8QapNWRdRDLqWf6rCD3TFnWczUNvF2Mdmf155puXLjyr2XdzBvkzP556Me3Ab7qPfBcC57G9xrn2exKc3k/jL53Fa/zZzfddGOPgkzJmf+Xxgm+ZnYqAnY6/oJEtcSjwWJaEbjBt6XOo1EIlNaW2MJ7h/2IX7/L/A0bdwTqrAWbAiqlS0qUHnFOMs+xTunJLIvFD+Ppz3XQ4FhZ5fQkVmJK4s8+X30Zz3uPXgq2hdV7OvrbkwpMi4aesvxr62Nmzz5TtR5ykmLkybEfvR+QpsKeMYzpfNPpOw7wb3RuS+MufL6IN1/dn8mvGo4xixr6z32Ps5m30jTrPPea4/TDvHtP6U+TqOmDj4/Gx3QRAEQRAEQRAEQRAEQRAEQRCEE5yEL0gNXr0TYc3NjFo0c1r57P3zjoLXJtMgcy3q5yz2sdn/4wuZdkv/g2LfwfmA9xjoP76YUfA99j0m/veH4eXfwcQ4VF+ceX35d0z87w/jPrYx49S394H/4PU94yeRytT+5dDeTDxaXF7fHFtcSjxmXMF4WuIitBHEFfj1zr0xmImhsBhKTlNUoQS+NeXtyGsw8hrO6UspuOg6z4/3P8ch0bQB55SzcA+9CG8N63GFPdfnyxqXEk8kLst6cMzWUfto9s1TlvUX+M1lX1e2Rtaf1a/nz+LXHpdq3/A7SfuO1X647vOaL6M7kfVnzlfc+rPGZcST5X6etv1CuRfzsu9/NufLiZ+v2cYdenm2uyAIgiAIgiAIgiAIgiAIgiAIwglOpAawIvbDVBL6KrpQYRcesyoSVULhq3Yw1v4LmwFwmr4Ca+/CWdiM86kHYMEHMy17b81ck5wHE+O4Xd/BfeA/4v58Vea16ztw9K3MeRfY49lb9GESV22Ghc04H//fOBd8JWNvz68VpaWhGMwWVzhY+M2CV5tCUhtd7IrEilpIzoXRNyD9skUBbIzl+FtMPN8BTgFO7RU4ZTWBEpJFF+PUrobxUdzd/6IrVs3Om7Zd47g5115cquIT328+68O07+ofp3/9KYpWS1yqgjaiIDXmMs6+fjzefjBf5vqz+M0/rhzz9Tbs+8dz7hfuJOdLNZjPfqHZV9afOdaqv2xxzTJu+g+z3QVBEARBEARBEARBEARBEARBEE5wIjWAozU9vdfMy9usAYyRdFHt+349Xu7C/dlFOH/2AM45V8A5V2SOv/EK7v1X45x8Fs7HbofTzo0NLrD16lO4j3yHiR83kbjyDqhuJrHugcy5N9NM/HMzDPZ5ykG9n2ENYCUuNQytvRKPGVcgcHSCi5zgs/fpPVU4Tf+ZxLn/HhwH95WncPf/LipStIgW3ec24y48H6d8Mc55n8V58K8BKKi/Cmf+6bj7HsF9pS+8PC4uzbY/gf7EG+uBUCgadkTvo4tv3/Bnbe8ECyccN31dTE0NYKLzRcx8ae3DgKNxKf4U+4GBSFxGPMqQq/2M1gA24tPah/MVd185kXHQFb9Z7Uf6mWO/UP3ls19ET2fZL+Ls692M1gC2zNfxxJvDs90DQRAEQRAEQRAEQRAEQRAEQRBOcJJ6Qsz1PiqvqirQV81pGTzCc14CyvUauK6SQFSb4efDXC/xY/rzePUp3Ls+jHPGcnhPNRzajbu3A059H4lV/wRzT8H9fScM7YLR1zU/uMCcYjjtXJxFK3Gu+Cfce9Zy9CcXk3jflXBKDW66Hwa24w7tjonLiEd9tba3xON3JlA2htJDp+FqChqutkyLi/vyNib+7duR8VPNqUfdI3/CffoXOM1fxqm9Ap7ehDP/dJzFH84kubf/FE49BwoKI4rPSFxqP5R5MePKmkDzE6AR+/5nW3vPrhuz/iLtzff2+cKMKxi/POYr1hdhPMa6V7Ommn1vzMN1b4lM82W3749fZGgi9i0qbzMWM2GtzpOSUNause0Xit9Yf2actrgmtV/kWH+Bff+Qvv6Ot9wvgHt0bLa7IAiCIAiCIAiCIAiCIAiCIAjCCU4ylAZ6L74y0lD0hUpQvb2q3PMVdpkTurLQR1fu2ZSynp8zGnEa/xIWXQZzTwmvHxmCN1/LHHt0Y6bGr4otq3PRDTgX3UDiilth7slQUhGGMDKEu+cB2LMZ94UHNWWgrlgNlYRq/Kby0NFOh3GFClonvOhPB3CPvK739fV+3D0PMtFzR+jAzJfaDjkw8dj/wll8GU7lMhL163DeUwnFp+I+cx/u0/eS+NA3UWuvOp7CVFeCGnbN+YgMZT0AACAASURBVIpR6JoJ8XAcjfEL1ofeXl9/yvgZClpzHaqJVG2+XCU+Na4Y+6aSNV5RGl0fygBhSKgNpW+8Qjy8QPcbVaCbE2TEpXVHta+vw8g8mfPlWOZL9WfYN+OKtPe7OV37ReBA9xtVGJsd4rjCKSic7S4IgiAIgiAIgiAIgiAIgiAIgnCCEz4CehLKz7C9qki0K/js9hU/FvuJC78BH/ymvcfF5Zl/I0NMPLYRq8LT8Ot2bcRp/I9w6hKrPWfZNbDsGujaiPvIxqhi1XEiotDYuOIUkv6rogCe2PsbJn71RT2xiWX8bI7NxKQLjB5mYuc9FJS/j0TqE+AU4B5+laPbbs/4dZVLlTqqWtIyq6Iyh0I3uFYZt8j6iIkhn/Wh9dnzY1l/gcJzsvYj6968TLWfRWGsu9D9Eb2vtEZKXMTEFW/fPJ5D0W+1n0VhnKd9TaFriWtK9wtvXdrbW+KKdOw4Y27JbPdAEARBEARBEARBEARBEARBEIQTnEgN4KCGKKZSkVBAGLRHSR56SaOsNYCjic6I/bM/GiR/3Ye+BHt+BSNDYY8XNuN86gF4bXeg8NQVjGp4iuLxD7uguhn37lW4/Y+GTeaegrP8P+E035D5t7cDBnqCuGw1Q3XFqT8Ohr/YGqxOMFZO8JlA+Rhbg1VDnQigIIlTVIKLg9v9j7jv+yjO2ZfCxFHcnT+HfY9k/ChiWN/v9NUANu0b4wj6fPnrI0ioGv78Zrb1p3Q8vxrANvv2uOJqAAfrPd8awBjrIdY+Mfaj91Vk/WkK6bj1p7ZXDORTAzjST1sNYD2uSe0Xivm89gs1Hu0+DIldf9b9YvZxSk+b7S4IgiAIgiAIgiAIgiAIgiAIgnCCk9QTmjlqerpEEiwBSgIqvgaw3X6ghHTBOfvyTMvHvou7858N+2re0+tbNkVmTM1QV836HDmUUQgf2ktizW04jRuY+PW13kmLglBRErqhtxgFZPYawC6u3hfNvhGPNtaufjQ5D4pKg+MTT9xKomwRjB1hYuc9oQ836A1ubA3gLPOlxqPOiw1Lk2w1WLMpca1OXNt7y3wFGdOwqalgjipK4+ybXfH85VsDOE6xGmtfMeei31e2+cpWAzguLjMedf2ZNYBdPVEbv1/E2TfO5awBnO+TCGLsG2/tSmfL/TWLOOXvne0uCIIgCIIgCIIgCIIgCIIgCIJwgpPUa9YSW3PTVBb6THlNz+pLMg2e/hmO40TsqwpJzR+mX929poB01ESx93qgO3O++mLDb1jD1mrfSEznrAGsn4WIYtXoeBC4OoiWlJUXl+O6uLs3c3TX5vCUF49v0/HsazVyzQGzxpWjpqxjWQ9awlBdH4oZddz8z/4Imesv8OuZibVvXwC6fdOv4s/wG9o34jrGGsCmfZ+ofdNvlvlS/ZnzFfFr+MOwH4nLOpwzv1+g7xc57fv5f3O+zPv5OCFRZXlMvSAIgiAIgiAIgiAIgiAIgiAIwiSI1ADW02y5FK2ZllNZ05OTazJn/vRy5FIXR1cAQ0ThmctvoHo1FZLplzINSqsDxWysEjKLDz3hZFFIKhf4/Y9XMNtjsMbqxwVKrVyjras2VfviRNpY3zv6OoirAewfsiunFX9xvoJeTff6MxPI2RXPWRWkea2//BTV6npX47IqVrPGdWw1gPOxn/d+4a2bvOdLNWhxmo+iOjJ+pmI6234xyxScde5sd0EQBEEQBEEQBEEQBEEQBEEQhBOcSA3gaE1PX3FHKLgL2qMo6BzvY7YawBiJl6gCODhjKA/1fnrXqv4UxZ/W2DHteolkQxGqXaU+Mtgx/LhGfkqLS4nHVDb77V56hKM/eH9gwDEUibZapQBHf3plZAzcp+5hfOfPUVNwZo1UNbc20fldjv7mu7ric9pqAPsfzRqsjj5+WvswQReOm78evWa29ad0PL8awETnC/t8xdUAjsal+FPsa0pfJ8a+MeRqP6M1gLPV6A3nK7L+9O5HDeRTAzjSzxz7heovn/0iejrLfhFnX+9mtAZwtv1i9ilYfN5sd0E4AXj1D6/PdhcEQRAEQRAEQRAEQRAEQTiBOf20k2e7C8I0k9QTYnkoPOMUekoCKr4GsJ6YM2uVOopR18zMmAloXz0ZUWSq7e01gEP1q2E/4tux2A9rAEfHIY8awFn8agrJHIpM2zzlW6PXn9LYuNR4LPYj4xkbl82+MU9GpzLTNoU1gINMqt4+W1yR+Yp5byrEc9YAjtTotUSm+bLb12ooa+2z1ACOi8VMWKvzZFO+x+0Xit9c6y+0Y4lrUvtFjvUX2PcP6evvOMv9kqhajFNx1mx3QzgBkC9ngiAIgiAIgiAIgiAIgiAIQjaSoTTQe/ESQaaiL1SC6u2nugZw0M5UAJtKPxzdH/b2thrAGRVgTFyeb1sNYF9JaO2PoUh0/D7G1CoNErn+uEFgPzKOaqYwxr42juojbo1ca7RGqhMesLS31gC2KHTNhLhqXxu/mBrA+vpT4jMUtOZ82WoAB34dy3zF2DeVrGb7YPyCuIz1PskawHHr3vQbVaCbE2TEpXUnR81mNR5zvhzLfKn+DPtmXHmvv7dbMzzmvgrWR0RhbHaI44aChstmuwuCIAiCIAiCIAiCIAiCIAiCILwDiNQA9j9kV0j67RXlXoyCz25f8WPYD864oX4zxFID2KbwzOLXvyZWIQmBilFXQsaGEP0cdDxOUR3Gk03hafWRS4EJioLWVEjq85RJhrl60jKrojKHQje4VrcfqzCOe68cjCho/cZZ1l+g8Jys/ci6j66/magBbKS0I3HF2zePH1sN4FiFcZ72NYWuJa6p3C9sNYBDLHFFOnb8kDx/zWx3QRAEQRAEQRAEQRAEQRAEQRCEdwCJ4J2Dor7za4Z6tUodJ3PEe3VwcJzMOe9M8IrjYIoibfaJsc+f+jNnqi/W/QX20a9Vjkfq0eIYflXlpx5PovriTIPDB7S4cKL2DRGk1qewsXKtOkqO988/4iivajxW+8Tbd0L7wXiq/sz5cpT4HIs/c74CBSZZ7EfjwozLH0dzvnx/5jr0/RnzpcVjzlesff+9zX40rsCfGZdjmS9HM6uPmxKXdf3Z4orYj95XkfVhzleu9Weuh1zrzzJfof1oXJPeL4ja18/ErL/IfeVY7CvzZM7XcUDBkvMpOLt+trshCIIgCIIgCIIgCIIgCIIgCMI7gKT+CN0cNT1dsisCTSVrpAaw3X6ghHSBge0476nG+bMHsvd8YTPOV/8UyU3lyuk4Vz2QtY377C/yrgHsD4c2flbFdJxCEeO4at9eA3hyilXbAfW4La4s8xWrWM0elxu8qnEZAuAscVmdWNW9lvkyHoltUzBHFaVx9s2uOFYFd2wN4DjFajalsm/ORb+vbPOVrQZwXFzZ1p9j2kdbZ/H7RZx945xN+Z7H+os+iSDGvvHWrnSOUSDPMIUfunq2uyAIgiAIgiAIgiAIgiAIgiAIwjuEZETV6mVLzJqbYe1VW0KSqasB/Otr4PB/h/d9EuYvmMpYs5Puxx3oYaLzW8TVAAYwa+U66rCAoWZ0ojWAzYSkP27eNa45bkYN4JzzFVMDWC2hq81XkKw0/dricrLXlLXaN+Iz7Efi8j/742euv8CvEpfVvhGP1b7pV/Fn+A3tG3GZstw8awCb9n2i9icxX6o/c74ifg1/GPYjcVmHc+b3C4z9Ipf9yLo3xs+sqTwLJBbWkbyobba7IQiCIAiCIAiCIAiCIAiCIAjCO4RIDWA9zZZL0ZppOaU1PQF361/Bb//K0t6SCDQTnjn8RhJClvYRxaCphMziQ7dvr9EbyiSdeEWiLoSMjwc10WXWyjX7ps9TUANYjSvOV8awVfmpLR7/xSUSV1Sxmiuu6V5/ZgI5u+I5q4I0r/WXn6JaW3/qfJFjviJxHVsN4Hzs571feOsm7/lSDVqc5qOojoyfqZjOtl/MAnPWfGm2uyAIgiAIgiAIgiAIgiAIgiAIwjuIMAFsKAYDpV2g0CUU3AXtURR0jvfRiSjv9Paq+6gC2CFbe9W+Eyj6TMWfat9UWgb+NGWmfonqN7SvxKV2S2uv2jfiMgWOwbgY4+ca8UTa6511InEp8xVpbxs3Iy7DvqnkNO1H6qgafl1i5svaPkzQReLym9nWn9Jx1b62HtRxDDqg2o+ZLzMh6Z2IxqX4U+ybym+rfWPI1X5Gxs014tPaW9a5cV85kXHQF2ZW+5F+5tgvVH/57BfR01n2izj7ejcnt1/MPMmGVpIXrJ3dTgiCIAiCIAiCIAiCIAiCIAiC8I4iqSfE8lB4xin0lARUfA1gPTFn1ioN/VlQ/MYpI13FD54y0KrEDZSXdvshNvthDeBo++mvAawrL4+tRq8/pbFxqfFY7IevWRJofgLUovjU5snoVGbaprAGcJBJ1dtniysyXzHvTYV4zhrAkRq9lsg0X3b7Wg1lrX2WGsBxsZgJa3WebMr3uP1C8Ztr/YV2LHFNar/Isf4C+/4hff3Ncu4Xp6CQOZ++cZZ7IQiCIAiCIAiCIAiCIAiCIAjCO41kKA30XrxEkKnoC5WgevuprgEc+PPxszSKWVPRpzcw4jHjMhSfZly2Gq+Z9FSoJFTtm8rDnDWAjbhsNVgj46hmCmPsa+NoqQEcuDXny5QaG+3jagxH5stIiEfmCTMu7HG56kdj/akJSXP9+eZUxadjma8Y+6aS1WwfjJ9lfSgDpCR/9cOR9WfWvg4u0P1GldrmBBlxad3JUbNZjcdyX0XmS/Vn2Dfjynv9Tft+YSqMzQ4xa8xZ/10SVefMXgcEQRAEQRAEQRAEQRAEQRAEQXhHEqkB7H/IrpD02yvKvRgFn92+4sdiP/RrXqYq+KazBqsej+slVGNCiH4OOh6nqDbiiVF4Wn3kUmCCoqA1FZKWuDTFqiUezW8OhW5wrW4/VmEc9145GFHQ+o2zrL9A4TlZ+8fJ+jNS2pG44u2bx3Mo+q32syiM87SvKXQtcU3pfuGtS3t7S1yRjs0OhZf9BYUtV89uJwRBEARBEARBEARBEARBEARBeEcSqQEc1BDFVCoSCgiD9ijJQy9plLUGsJrwyW4/vkaqn9wLFZ66glFrrCgezbji7Otx2WqGauk5TYGp+MunBqsWqBJXrH1lHHPUGI6v0Wv4m7YawKZ9YxxBny8/Loz5mpYawDb79rjiagAH6z3fGsDEzFfEPjH2o/dVZH1oCuk81p9qIJ/1F+mnrQawHtek9gvFfF77hRqPeZ8E7mLWn3W/mBmS562m6JrvzrxjQRAEQRAEQRAEQRAEQRAEQRDeFST1hGaOmp4ukQRLgJKAiq8BbLcfKCFz2tfP+/ZjFZmxNYYtTvJVECpKQr+72viZ/nzj2eJS/VkUmUpWcJKK1bi4/OO2uLLMlxpPXvb1t9lqsGaLK+d8qVlDW01Z5ZHYmWWRReFuWWex731/+dYADuy7edpXzLno95VtvrLVAI6LK9v6M2sAu3qiNn6/iLNvnMtZAzjfJxHE2Dfe2pXO+v013RR8oIW51/14xvwJgiAIgiAIgiAIgiAIgiAIgvDuI6nXrMVQ1tlqANsSkqqyzk8W6cpCn1w1PXPbD5V7mj9Mv7p7swZrmCj2/XqXE7WfaR1jX+226s/7/0hcZkLS0Xqj1Kx1og0i9i3jGVMD2KYc1fyZA2aNK0dNWat9I76YGsAR5bI/fub6w5ivWPvmArDZz7I+DL+h/Zj1N8kawKZ9n6j9ScyX6s+cr4hfwx+G/Uhc1uGc+f2CSe4XkXUfs1/MAMnzVkvyVxAEQRAEQRAEQRAEQRAEQRCEaSdSA1hPs+VStGZaTnUN4NC+fqlVwWcmPLP6zaKQVNpH/JlKyCw+9ISTvUav9lzirApmSwxGnFrC2qjRG+2bPm5BDWA1rjhfGcNW5ae2ePwXl0hcUcVqrrime/2ZCeTsiuesCtJ8118W+1poEInLqljNGtex1QDOx37e+4W3bvKeL9WgxWk+iurI+JmK6Wz7xTRReNlfyGOfBUEQBEEQBEEQBEEQBEEQBEGYESI1gKM1PX3FHaHgLmiPoqBzvI/ZagBjJF6iCmCHbO1V+0ZtVEXxp9qP1AAOatl6LcxEkOE3tJ+tVilBgiu0b8RlChyDcTHGz1KrVG+vd9aJxKXMV6S9bdymqwaw/zFmvqztwwRdJC6/mW39KR3PrwYw0fkiZr7MhKRfKzcSl+JPsW8qv632jSFX+xmtAZytRq9lnRv31duqARzpZ479QvWXz34RPZ1lv4izr3dzcvvF1OMUFDJn/XcpbLl6eh0JgiAIgiAIgiAIgiAIgiAIgiB4JPWEWB4KzziFnpKAiq8BrCfmTCVu6M+C4jdOGekqfvCUgVYlbqC8tNsPsdkPawBH209/DWBdeXlsNXr9KY2NS43HYj98zZJA8xOgFsWnNk9GpzLTNoU1gINMqt4+W1yR+Yp5byrEc9YAjtTotUSm+bLb12ooa+3zU7hr782EtTpPNuV73H6h+M21/kI7lrgmtV/kWH+Bff+Qvv6mOfdLsqGVOZ++kUTVOdPsSRAEQRAEQRAEQRAEQRAEQRAEISQZSgO9Fy8RZCr6zFq5/utU1wAOa/R6+Fkaxayp6NMbGPGYcRmKz0gNYEUZqCkGCZWEqn1TeZizBrARl60Ga2Qc1UxhjH1tHC01gAO35nyZUmOjfVyN4ch8GQnxyDxhxoU9Llf9aKw/NSFprj/fnKr4dCzzFWPfVLKa7YPxs6wPZYCU5K9+OLL+zNrXwQW636hS25wgIy6tOzlqNqvxWO6ryHyp/gz7Zlx5r79p3y9MhbHZIaacxMI65qz5EskL1k69cUGI0Mct13fQE3u+lLVf38DqipnsUjuf/0k/jX9+PdemZtDvlOCNZ+2l/ODzKyi2NjmR4xMEgcEt3Pj9XgZiG1Rz7c1tNM5gl3p+ejO37Jx5v1OCP57LWrn1mhyb4mTaCoJw3DDw0G3c+GA6vsGM39ODbP7+z9hEPTd9fSWVM+j5hOBwP10dW9m8fZCh0cyhwvll1K5ooO2yeiqLZrd7gvBuIPPdbpp+Fve+T3H51dx02RQZl+9ogiAI71giNYD9D9kVkn57RbkXo+Cz21f8WOyHfs3LVAXfdNZg1eNxvYRqTAjRz0HH4xTVRjwxCk+rj1wKTFAUtKZC0hKXpli1xKP5zaHQDa7V7ccqjOPeKwcjClq/cZb1Fyg8J2v/OFl/Rko7Ele8ffN4DkW/1X4WhXGe9jWFriWuKd0vvHVpb2+JK9KxqaNgyfkUfuhqkhe1Tb1xQchFaTVtH1tMaeREEdXRg0Iudm/l5oeq+NZlVbPdE0EQposz69hwse0eL6VmxjsjCIJw/FPTvJKWsywnyqpnvC/vKvZ3c9sjByhftpK1S3N8sX9lK9/52230TxRRszRFy7IKSg8P0vPUi/R1buHGR3ax/saraC4BSNP3wBa6X19A67omJj2Lh/vY9Ks9DJ21gg0XyhoQBEEQBEE4HonUAA5qiGIqFQkFhEF7lOShlzTKWgNYTfhktx9fI9VP7oUKT13BqDVWFI9mXHH29bhsNUO19JymwFT85VODVQtUiSvWvjKOOWoMx9foNfxNWw1g074xjqDPlx8XxnxNSw1gm317XHE1gIP1nm8NYGLmK2KfGPvR+yqyPjSFdB7rTzWQz/qL9NNWA1iPa1L7hWI+r/1Cjce8TwJ3MevPul9MnkTVYgoaLiN5/hoKzq5/e8YE4e1QVEaqoV4UEFNI/4MPsCm1gbVnzHZPBEGYFk5eSFODKBwEQRDypfSceppk25x5Xu+ne3s/laeNsnZptoajdD+wjf7xUlZ/Tf8O23QJcHgP7R2HSJWE7fv79tE9eJTGY0kAHxmkZ/s+BsYXs+HCyV4sCIIgCIIgzARJPaGZo6anSyTBEqAkoOJrANvtB0rInPb18779WEVmbI1hi5N8FYSKktDvrjZ+pj/feLa4VH8WRaaSFZykYjUuLv+4La4s86XGk5d9/W22GqzZ4so5X2rW0FZTVnkkdmZZZFG4W9ZZ7HvfX741gAP7bp72FXMu+n1lm69sNYDj4sq2/swawK6eqI3fL+LsG+dy1gDO90kEMfaNt3als35/2XAKCmFuCU7paTjl7yVRtYSCs86lYPF5OBW2P4EXBOGEp6KU6qE0m/++neob2micN9sdEgRBEARBEIRsvEjfLqB8EU22P2Ccv5i2T850nwRBEARBEITZJOlc9wYQpkDiXqeKmfIjCIIgCEKIX2Nyw18tZvePt9L1yjgkS0h9+CNsuKyCgYfu57bOgwyNQmFpFW3/8Spa/F8eBXWGruK68se55Zf76B+GwpIymq5czbrlFRRmcz5xiO5fbmaTX4ssmaR66XLWtTVTMw94qYMbftjH0NJL+fu/WKHbOtDBDf9fHyPnr+IHn6oDYGjHA9z2wB72HhqHRJLK1AVsWNdEdVK57sg+Otp/y+ZnDjEyDoWlFbR8cg1tuR6dB1DZxPWrdnPDT/q5o72P2mtS9nrAPuOD9HRuZfOjB+k/PA5A8cJFrLvmEzSVmWP4CdbzOLf820HS41B4xiLWf+4TNNHLHT/dSvf+ccYSSSovaOUbn6zT/I7s6+KO+7bTt3+cMaB0UYr161tJzc8dkiAIkyWsMfmNP4PNP+ulLw0UldLc9gnWL4Pu9vu4q8fbY86o49ovriLl/8FIUC/8C7S+ouyvZVWs/tQqVp+TYy8y9jCKSqhZfgEbPl5PeQJGnribL91zkPKWNjZeoeu2xrbfzV/edZDqKz/Lty4pi+7BRaU0XtHKhgurtf12SveYQ73cddfjdO0bZiyRpHzJuWz48DHYEQThxOFtftcJ6qH/txUM3PmvbH5+mDEy+8f6T6+kNsdeZO5hhWUVNK9azbqGMmCYrlv/gTt2l9D6lS/QtkC9cpTuf/4Rtz1TRtuNn6V1dAa+swVj1cZ1Zdv44S/2MeDvz2tWce0FVUAft1zfQY93ycCDP+PzDwIVcbWPSyidDwzto/sVsj7FRq/r3M8t198MQOOfX8+1KUjv72bzfTvo3j8c/Dco1fIRNly2iGL/v4+D3uU7O/j89R2AV8ve++9fpVmf1Hb8yD423/mvdLyQ8VNYUkLt+ZeyblUd5Ylssy0IJxh53fMhY0O9tP/8cbpeGmZsIlPHO/WhZtY128o++fekdw/mOj6J72h5/dwtCIIgHNcUfPvb3/72bHdCEARBePu8Mvj6pNrPm1OA4zjBPyDre9T3hA8Xj7RTXnMdM9/n8znX8Tgm276w8ET4rcMg2zr2MjDvNBrryyl8a5RR9d+4w9w5mZ/OBnb+jm2vvsnu3n6obeSTF5Qx8tLLPPvsHva8+BwP7prgvMsu5LxT0+x9YZCenUMsufR9lDvA8D46H32FsaMHeXjHKIual/PRpSX88ff72bn9KfqS53Dp2d7z5Aaf5Ve9aSrrL+S804GJg2z+nz/jrmeHKV2c4qOXL2FJwZ/o2/ECnd2vsOjCOk4/9RQmdvXy7AuHKb6ggZq5YYR9//JrOg+czNrPXUbNXBjYcht//YuXeWP+e1mzagVNC8fY293H5mfGOO+DZzEfYHQXt333fjoOTFDdtIJPXvpe5g++xJbfPsXge5fRWBH3E6s3nmfU8MnWC3nvazvp2vE8z2aLD+h/4Gfc/NvXKT2rjtbLU5xXdZTf975E13YvvmQ4humBF+l67T20Xr6C1EmH2P3cK2x7bi97HnmagQUfYO0lZ1Dw6kH2PLeHPSW1NFdnskljz9zL1//xafrdk7n0oxfy4dq5DD7zDA8+qvgQBCE33r34Rnkll54zX98z3xpldCLJ3MIEMMyeR59i9+E/0rP9DU6/+DxWLy1g4LlXeLZ3H3v27aDz1TI+enmK2oLXePbFg3Tvm+DS86uZC8FeUZh+kY7+JBe2nE/zoqMM7HqZbU88o+1Fmf25lPM+sjTzC/0jfdyy8ddsOTBBdX2KNSvP5PThQbb1PseWZzN7XVllkj927WH3y2Ms+nfv4/TgP3GH2PJ/HuHZscWsX1/P6c4gm//2jswefG49n7zsHBZNDNLV2cNOZW875j3GH88zalizzNsUj/Rxy9/8G78bTPDe5SnWfmgh8w++wF1bX2Fs7ChjaltBEI573nixh84XRilfvJTa0tHIvjlRMJfMtvn2vutk9sIC/rjvKX6fXELrR5awhD/S98xLdD2p7kXe/swZtDSfzXxgpK+dG/7pWfrdkznvQ8v56NJS3nh5H9se7/X2ulOoLhliS88r9B89hY+ee1oYYPpxbv+/Bxg7v4UvLj9tZr6zeT5GDr1Ex65xGi/LtBv6/cvs7t3DHxedT/2pcymrOIXa96Tp6T9CaaqJq1traTz3LGrK51MQmalSysafpXNPmj2PP8m2l/7E2Px5VJ40n0JjD59bMo/Ks8vgpQMMjJbR8pkL+fAHziZ11hmUOdv4p42P0OOcQv3FDXz0gkpKhw7S3fO09524lPnl86mpOsre59OMnlnHho8to/EDZ7Ok8hTmev/9m3/OMlpqSkKnkeP9tP+/v2DzgUTwfb1s+BDbep5mb8lSmqvnIggnKpn9bC61zY0sKSHPe967+KUO/vpvH+fZw8UsvaSeNc3vpeyNP9D96F4mUitYWpCxRXAveXvisPJdEuzHJ/EdLa+fuwVBEKaB8bGJ2e7COwr5daEgCIIgnOgM9XHzt/uixyMKgVFqVn2B687P/DKm6eQ3+dKte9j7Ygnrb7qK5nkA9ZQP38wtO/vp2w+1ZypuXpqrtIOm8xZyy8YOeh7cQnfzVTQVRbswtmMrmw5A+SVt3HSlp1JraKLlnLv50j37uOuhfjZeUU3LxVW033WQricGafVVAaPb6Nw2DktTtJRmPrc/mIaKer71tZVUJjL9bV54P1+6tZeO5y9l/RLof2gr3cNJGj/zWa5t8GJteD/l//N22jufpG1ps+Uvp02KSH36E6x9xYPeUAAAIABJREFU5W42PXg/m5duYHWMkqJ65VX8zeWllAbfqupJFd3OV+/bR/cLkFLqtY0ULeEbX2ulJgFcUA0Dt9O+f5ChS9rY6I1P89lw4/d72bvrRcaayyikn02b9jEyr5oNX2+jyZunpmXv4Ts3dbP5yTSp5jyUzYIghDzTxVef6YoeX9bKrdcoRS6PJGm+bgNt3l5Yy+189b5D7D6U4hs3+PfyIvj+z9i0bz99o9Cs7IX96QVhO+ppTm3hOzf30r1pK61LW601F/u3PErPMKQ+9dlgv6ahmcb7/oHvPbyN9u0XcN3yOlou2EpX5x66noGU3+UD2+jcD+Ut9aQSMLZ9C5sOQOVlV3HT5Z66pKGJ6nt+wA87H2f3yjXUTvEes/eBrVn6P5q3HUEQji/62m/jq+3R475q1OfYvuv4HCK9MGxHQxOND93GjQ+G3xmj9LP5/n5GElWs/7ryPbW5lvaN7XT431Nr62ku20PHtqfpaauj0ftbz/5HnqafElqb6zSrM/GdLX3kVDb8ldLulGE+/5N++nb1w5JqahrqqUnu4bauQxQvWEJTQwXZqFz552w8+f6MunB3H+27+2jHU0OvvJTV51dTmsg8taLpjEGGOrrp4SRqG+oV1eAK1v/1YkpLw342LTuVsRsfoGvnLoZWXkplbT2VZa+x+df9pE9eSFPDMRSHHtxD3yEobl7NNz6+KOOnoZm2w4MMzZHvtcI7k1z3PPTTfmcfQxOlrL4+rOXd1NDM2nSasVJgMN5+LvL+jpbnz92CIAjC8Y8kgAVBEAThRKe0mraPWR4HNa+Ccr0hNWcrf4lfVkIpMLK0LvhlGUBlZSnsTDP0J8Oe0Y55KVqXb6Xn4YP0vQBNS4nQ98xBoISmJv0XdsUr6mi85yA9z+9jiGrKGy6i9cF2Op7opf+yTFIk3d1H30SS5gu9x0K/0E/fBJTXVlM8nMZ/cB0LTqeGPex9aRCWJOl7fhioInXOOOnDfqsCqheVwMMD7AXll1xZSFSxel09PTf3sunHHdTe0EqNrd28UmXsxxk5PAxzMqqFyB8uLlroJYIAyigvA/Yb41NRQSUwcCjNEFA5tI/dh4Cl1dSOp0kf9vt3OrXl0PFiPzQfwy/eBOHdzJl1bLi4Knq8zEguJCq0P4QpPeUk4BDly89V7uUKKiuBwWHSaUD5/bzeDjijmZYlvdyxu5++IajWN2lgkL5nhoFqmlaUaGdqmhZT/nAvfc+9CMvrqF65gtTWrfQ8uY2xVGaf7OvaxRBltF2ciWP3c5k9OHVOibIfQvWZFfDEIHsHoTYxlXvMILtfGM3a/6E8LQmCcHxR07ySlrOix8vNnOyxfNcJTkS/M1ZeUk/qwa30+d8ZzQ54iURSxvfURDXNy0voeMj/nlrN6suq6Linn64dozQuL4KJXXQ+PgwLm2hdYNidie9s7z/XSwR5nF5GJf0MpNMcG0nKl3+Cm5aPMzK0n73P7qGzZxe79w/S2d5O52P13PRlP5kTj5r8ZXSY9FtJikuAscwjraeE8mpqSnrp2tFF+zlFrF5SRXERMN/8+UUQ3kHkuuf9PaS2PvLHx4WlpdnLLuVkEt/R8vq5O/sfpAiCIAjHB5IAFgRBEIQTnaIyUg31llpgJqVU2n6jkog+RM5GeUVZ5Fhx8VxgNJroBGCcsVGAJJEnavs+/V8kJappvbiMjvt20bm7lfW1/XQ8cgjKUrTUek3fzPxV8tDD9/PVhy3uBl4FShk5AnCQO759m6VRkoFBtARNVs5YyfXrDnHDnX388M5KNjZEm4wN9XLXnV10H4gbh5DK0061HLWMj8qRUUYgXrGYGGQA8ph/QRAC8lUslZdafxFdWJDfj1GVp5mbTVHmF9wA1v3izUy9RbDsm2R+8TfuNZi3gpYVj9L3RB+d6RW0zjWemsA4I8MAw3TcchsdFm/9rwInT+Uek0f/BUE4ISk9p56mPLbNY/quE3qJflctKsrsHXHJx9Gj3ndJy/dZb6/2v58Vr6in+f6DdD3yJOnlzRTv6KXrCKQuPi/yh5Qz8Z3N7mMqSFJcvojUJYtIXdIKo/1s+rt2Nh/opX1HM9cttzy2x2cize4tD3DXIwcZGDbOTWW+J7GY9V9eCT/eSsdP7qYDKCwpI/Vhr87piVCNRxAmSc573t9D/H1vSsn/O1p+P3dLAlgQBOFEQBLAgiAIgiDkxdDgITAeWDoy8iZg+SESgCSFRQDj0cToxNHMa2Ey+GGztClF6ldb6XpsG20cpOsQpNZdGngs9OoZl6aaaFt2UtRdWTUwSnESoIyWzzRYFLtFVE/yqXLFDatY33c7t+z8DXdMmEnwfbT/cAtdR4qouaCJlrO9fv1+B7d1HZqcoziKCjJjFKdYjCi9BUE4Xhj4wyCg3rejjPhP2LPum3O9PcxLWKhtJsgkOZLhj3Cp5jrKn+ij85F+mt7TR99ECa0f8Z6aEOzBRTRe0UzjyVFv5dXA6FTuMXn0XxAEIZY0A0OAqnwbHc3sHcp3Rg3/e5L/3VLlaCbbEXxPTfiPz3+ajgPvp/SRg1CWYm22hOhkOF6/sxVVs7alms139jN0yHhUhUH68fu5+cFBCiuqWbtqMeVFAG/Q86tuet5OH8Ytx8rqWf+1etaPD5N+9SDdW7fQft/99P+pLeZx34LwDsffQ7x97+0lgc2fwfP/jpbfz92CIAjCiYAkgAVBEARByI9ndtF1pD58vN7EHrq2j0KiitQ59ktSS6tg50G6u/tZe2X4g+LItl30AOVLFoW/CCvy1Wy93Px6mpF5i2lpUH4ht2QRqUQ/fW9AbUO9rtQYH2fMS4qklpawaXCYsZJ6mozaRGPjUDjpbz8lNH7mE6weuJvNfWbRpTdIDwMVdaz/ZHOg6Njb//hkncRTsZhUWS8DQ+OULqunVvthfZwxYn4hKgjCrDO0/Wn2tlaFjxFNP0nX80BZNSlrFqDC28P66d42TNP54SP69nbvYQhIve/ssPmCFbQs7KP98Q5+OC8deYypvwenC6tpatD/gGVsfNzbD6dyjwn73/nYIZqaQ59+/wVBEOIZjnxnTD/ZRx/Gd0YV/3tS5HtqP13bhyPfU6svPpfqzm667rmX4gNQfeUKaz32Y2I6vrN5yuaRN0w5rsko3fdthovW0FRuftkdpnvnQSBJzZl+8jfpZZfezDw9xxu3keHMXymlVrWx2ld8H9lG912AmidPeLEMjzACFPvHTyujnH4GNIWg718lzdBQCeXlSUiWULpgMa3r3mTv9g56BgYZo1q+3wrvPvw9ZHcvm19ZEdQABhhLpxkrLQ3vtfAiyk8HBtP6k65e2UXPkN4u7+9oef7cLQiCIBz/yI4tCIIgCCc6o4fo29FLf+REEdXvr6NyikQNpZXDbPr+7ey+6P2kil6j8ze72DsM1ZdfSlOMj8KGS1m79W42PdzOjYMpmleUMrbrWTp3HIKSRay7TP+Vm69m6z8A5S31pNRfnBWtoK21l74Hu7nh+/tp+WAd1fPfoH/nPrp3pUl97ousXwLVKy+i8YkOum79EQMNdTTXnQpDB+np3cPuecvZ+MXmaL3kXCSqWLu+nr6be+nX/pJ6AbWLoGdfL7f8FFpTRQxs2033fpvM4VipZvWaarp+soebb7qdpoveT6ochl58ke7tByle9Vm+0Rx9PLcgCFl4fT/dOyxqMUqpbVg0+T0ihsp5/dz8P+6m5YN1VI7uoePf+hmYKKJxzUWxCQd/D+tpv53vvVBHc11mX+ncPQwLVtCmKdXKaLm4iva7DtJ/BFKX648xDfbgX97OjbtSNK+ooPTwID1PvUjfYBXXfXsNtYmp3WOC/v/ydm58sT7YFzv3j1MMmUcbCoJwwpF+oZduq4pzEU1nTtWuWUrx3l9y4611me+MfX1s3pmGkmraVsbumt4e1s8dwffUNN2/66PvEFSvWql/Ty09j9al3dz2TJqRRBUbmqbyO9Q0fGerS9Fcso+uxzZzc+F5NC+osP93ariP7sf20ffwD7hrYRWpcxaSWnASY0MH6enZRd8gFC9rpS3448gyms8vY9MvB7nrh/cy0no2lZV1pM6soJg0Pb+4nbv+2ED16It0/e4gA+Z3/fIUzYu2cdcLXXzvnjFWLzk183PHGYtpLOulY+dWbv71CM0LYGjnDjY/Yyye3Vv5zq17KFxUTdMHFlM9/w32PtJLD1B5liR/hXcr4X62+W9vo//iWpoWQP+23XTuHqflK1+gzXJzNKaqoO8gm358L4WXn03p4YN0/NsuBhJoJUfy/o6W58/dgiAIwvGPJIAFQRAE4UQn3U/7ndH0L5Sy9ut1rJ6i8jzFqVVcV/44P2zvons0U6er8ZMr2XCh5RF3PokqVn/5s5T/cjObtvfRvhtIJqlONXFtWzM15i+TFpxLU3kfm4fKaLk4+ou+yss2sLGqg7t+vYvO+w5mHo01v4zU6o+w1ld3zEtx7Q2n0nX/v7JpZy93bM/4rFy4mPWfvuDYEztnrOT6tkG+dI+qYCij5XOfYOTOf2VzXy939CUpX7Kc6z8+wI3WOTk2ilNtbPxKN+3tT9Ld0UX3BBSWlFC9fCUbLpDkryBMmpd2cdtLuywnqrm2YRGNU+Sm8rKrWP/K/dyyeQvpcSgsq6B17RralpbEXzQvxbU3nERH+2/Z7O9hRSXUXLiSDR+vjyjgChvqaLzrID3mUxMg2IOrH/hX2p/w9uBEktIFVay95tJAnTale8y8FNd+bS6bf75F2RfP5frPwh0/6pUEsCCcoOzt2sJeS1lblrXSdE0exYHzopTV165k4M5/ZdOdw4wlkpQvSrFufSupefFXFafa2PjFLu64bzs9D3bRTWa/bfnMatY1mHtYEU0N1dz2TD/FK+pj/4jxWJny72yJxaz/y0sZ+fmj9HV2sTvuv1MlK7juv1fT09lFR89BerYepNuvfVxRQcu6j9C2vEJLrJY2/xnXvX4vdz22j/Y791F5eRWpy9bwrc/cyy2/3EfnfVsoLCmjed1qUvfdyybNYRktn1vF0I+30rmtm9ue8H/u+P/Zu/u4qOq8/+OvGQYGBnEEEQQEb1FQScXbiHTNwjbL7Ibd8tqyba1d96b6rV677bVX/q6t315te+le1aNdt3K3tNZysdY0LSk0lTRKUcMUb1EUUUQUkZuBYeb3B4KAoKDA3PR+Ph48mDnzPed8zoifc2Y+5/v9xpA6ZwoVSzeStSGTXKOJiIQJPP1APs8ta3RtPHgSc+62kbb+BOkf1C33DQwh8e5pzJqouUXl26txPsvZkEUOFz/v3j2JlAhoaTgV39HTebpkFYs31P1f9rWGMfn700n4cBVrGg9g1Y5rtDZ97hYREbdncDqdTlcHISIi12/n7rx2tQ/u5ofBYGj4Aa74mMaPAQOttGv0+2rLmj9uy/OrLW9Ne9sHWHSPVIOiDOa/sBNuf4hnb+vkL2RKM3nu2SyKx93BS9+P79x9iYh0lpw0Hnszn8RH5jKno+oircldxZOvHyD07h/yzETdECIinil76UIW7YphzsLUDrsJpzU5y1/i5S+7kzr/h6R0VOdlEREREblulRUdOaKeGK/eRERERKRr5Hy8nXwCSU5W8VdE5OpKSP/4ABXGSFI6dBhTEREvVZrJyi/tMCyBySr+ioiIiIgXUwFYRERE3EPlNjZss0P0cFKiXB2MiIgHOLqNDcfolGFMRUS80aHPdpOPieSkMZpnVkRERES8mscPAb1t134+ysji5OmzVFfXNCw3+/kS0bsno28YzO2Tx7owQhGRrqEhoK9MQ0CLiIiIiIiIiIiIuCcNAd2xPPrb7XWfbWPF6o0tvmarruFI/kmO5J8kNMTKmBGDuzg6EREREREREREREREREZGu5bEF4KPHTzUp/k6ccAPW7oENz8+cPc+Wr74B4NWlq4mYN4uoiNAuj1NEREREREREREREREREpKt4bAH4ZFFJw+N/u3cK37lp5GVt+kf35h/vZwBw5PhJFYBFRERERERERERERERExKsZXR3AtTp1+iwAPUO6M3rEkBbbjB4xhECLPwBnSs53WWwiIiIiIiIiIiIiIiIiIq7gsT2Ak8YO48zZ80y6cQRB3QJabBPULYC5P0nl083ZJI0d1sURioiIiIiIiIiIiIiIiIh0LYPT6XS6OggREbl+O3fntat9cDc/DAZDww9wxcc0fgwYaKVdo99XW9b8cVueX215a9rbPsDisfdIiYiIiIiIiIiIiHiUygq7q0PwKh47BLSIiIiIiIiIiIiIiIiIiDTl9t2bjp84TV5+IYVFJZwsOkt1dc11b9PPz5foqF6EhfYgOjKMmKiwDohURERERERERERERERERMS13LoAnJ1zgCXL11FRaevwbefsPQzUFYOnfmcM06cmdfg+WlJZVc3Li9/nYF4Bc2ZNJ/GG2C7Zr4iIiIiIiIiIiIiIiIh4P7ctAP/ljQ/Ysftgk2V9InsRGOB/3duuslVz9PgpAKqra1idvpXDRwt56vH7rnvbIiIiIiIiIiIiIiIiIiKu4pYF4H9+8FlD8dfs58uD905h2OC+9LB267B9lJaV82V2Lu+v3YzdXss3+46Qlb2X8YnxHbYPEREREREREREREREREZGuZHR1AM3t2X+UTzZtB6BbYACvPP8EN40d1qHFXwBrUCC3TRrNoheeomdIdwAW/2Mth48Wduh+RERERERERERERERERES6itv1AN71zaGGx/fckdwl+5z1van86a9pAGzdtocBfSO6ZL9t4XRC7sF83l+zmfyCUzid0KtnD+6+PYmxI+MwGC61PVd6gU82bWf7rv2UnCvD6XTSw9qN794yju8kjcRoNJCZlcPStE8YMjCaX/xoBn5+vk32t+Wrb3hz+TrGJ8bxyPdvx8fHyJmz5/ngo8/ZnnOA6uoaugUGMGH0UO6+PQl/s18XvyMiItJe9tpaqm12qu127PZaHA4nTqfT1WGJiAcwGAwYjQZMJh/8TCb8zCZMPj6uDqtTKWeKyPVQ3lTeFJH2Ud5U3hSR9vk25k25Nm5XAD51+iwAkb1DmTjhhi7ZZ3xsDOG9gjl1+iyFp850yT7b6qudubzx7scYjUaGDu5HgL8f+w4dY/E/1lJcUsodU8YDUFll4y9vruLo8ZOE9wpm3Kg4qqtryD2Yz7srN+B0OplycyIJ8QMIC+1BXn4hR4+fInZAn4Z9VVfXsHXbHvx8TUyccAM+PkZOnynlxddWUFxSSp+IXkRFhJJfUETG5myOFRTxs0dnEOCvIrCIiDuy2WqoqLJhtzvwN/vib/bDFOiDj9GAofEdRCIirXA6ndQ6nNjttdTU2Dl7rhyTyYjF34zZ7Hv1DXgQ5UwR6QjKm8qbItI+ypvKmyLSPt+mvCnXx+0KwMdOFAFcUy/ct9I+YdMXX5M8bjizvj+1Xev2i+7NqdNnOXGyuN377SzHTpzm3ZUb6NG9G08+di+9w0IAqKi08ee/r+Szz3cxZsQQwkJ7EOBvZua9txAaYqVbYMClbRQU8adXV7Dlq2+YMHoo1u6BjEqI5eP1X7J12x4G9e/T0Iv46PFT5OUX0j8mgr59wqmuruEf733KmbPnmfW9qdw4ZhgGQ12v5DWffsHq9K3syDlA0thhrnh7RESkFbW1DsouVOJwOLBYzBqtQUSumcFgwORjwORjxN/sS1C3AKps1ZRXVFFZVU1QtwB8fNxuVpl2Uc4UkY6kvCki0j7KmyIi7fNtyJvSMdzur+B8WQUAwc3m/P38q908Nnchb6V90uq623btq/v99f527zcstAcAZeWV7V63s+w/dIyyCxWMShjUUPwFsASY+U7SCM6dv9CkYN0vuneT4i9AUDcLfn6+XKiooqbGDsC4kUPoFhjA/sPHOV9WDtQVdbdu20N1jZ0bxwzFz8+X02dKyS84RVTvUEYMG9hQKDYYIGnMUKxBgew9cLST3wUREWmPKlsNZ86W4etrIiQ4SB8sRaTD+Zv9CAkOwtfXxJmzZVTZalwd0jVTzhSRrqC8KSLSPsqbIiLt4015UzqO2/UAbs2OnIMAbPria+6782YsAf6XtYkI78mhIyeIDO951e19/tVubho7vOF5n8heBAUGkDB0QMcFfZ2OHDsJwCcbt/PJxu0ttjlx6gwjhw8C6obPXpuRxb5Dxyg9X47dXtvQLiS4e8PjPpFhjBo+iMwvd/PNviMkjR3G6TPn2J17hLDQHgwb0g+A02fOcaG8irILlTz1zJ9b3H/J2TJsthoNLSAi4gYqq6q5UF5JD2sgfr4ec4oXEQ8VaDHj6+tD6flynM4Aj5sWRDlTRLqa8qaISPsob4qItI+n503pWB5z5unbJ5xd3xwC4PSZUvr2ubwA/PQvHmTfwWMMGRR9xW399vm/UVR8jspKG7dOHA1AYkIsiQmxHR/4daitdQAQHRVGn4jQFtvUF7uPnTjN/766grILFVgCzMQNiiGoWwDV1XZ25+Y1WcdggBvHDOXLHbls3baHMSMGs3P3Qc6WljF9ahLW7oEAOBxOnE4nQd0sxMfGtDhsQHhoMEaj5qgQEXG1KlsNF8orCbZ2w2TycXU4IvIt4edrItjajbOlFzAYDPh7yE2Bypki4irKmyIi7aO8KSLSPp6aN6XjeUwBuHev4IbHn32+s9U5fq9W/AUoKj4H1M2l6876RPbiq5376B/dm4dSb7ti26PHT1F2oYKE+P789Id3Y/Kpu7AoOXuew0cLL2vft084/WMiyMsvZM/+o3y1M5dgaxDjE+Mb2vQM6Y4lwJ9Aiz8PzJhMUDdLxx6giIh0iNpaB+fLKuhhDdQHSxHpciaTD9bugZwrLcfXFOT2cw0pZ4qIqylvioi0j/KmiEj7eFrelM7hMQXgUQmxREeFcaygiMwvdzNm5JCGoYqvZN/BY0BdYfjYidP8a21mw2trM7Lw8/Pl9sljG9r2jQ53m7kYEuIH8OmmbLJzDpA0dhgD+0U2vFZdXcPh/JPE9o/Cx8dIN4s/BkPTnrhOJ2zZtodz5y8Q3COoyWt+fr7cOGYo+w4d4x/vZ1B2oYKkMcPo1bNHQ5uIsBD6x/Rmz/6jbNz6NdNundAwD7DTWTdEdc/g7nQPUmFYRMSVyi5UEmjx15BSIuIyfr4mAi3+lF2oG+LOnSlniog7UN4UEVdyOBzY7bXYax04HA6cTidOZ+fsy2AAg8GA0WjE5GPEZPLBaGx/IUJ5U0RcSXlTPJHHnIVMJh9+8vBd/Pb5vwHw4mvvMWxIPwb0jWDIwEu9fsN7BdPD2g2omzf4L29+AMCE0UP5YvueJtusrXXw3oeb+HTjdgb0jWDH7oP07RPOf/6fH3TJMb214hOWf7ChxdceSr2NYUP6c/vksfzro0z++Od3GdA3kl49rZRdqGT/4eOYfHz45U/ur+vN2zeC3mHB5OzN49mFS+kX3Zv8giIuXKhs9WJj2JB+hIX24NTps5gvFoQb15D9/HyZ8d1kCk+d4YOPP2fLV7sZ0DcSh8PBgbwCzpVe4J47krljyvjOeHtERKQNbLYaHA4HgRazq0MRkW+5QIuZkrPV2Gw1mN10iCnlTBFxJ8qbItLV7PZaqqvt2Gtru2yfTic4nU4cjlrs9lqw1WDy8cHPz9Tu3rHKmyLS1ZQ3xZN5TAEYICy0B8/88iFeeOVdqqtr+GbfEb7Zd4TVbG1oE9k7lN/9+ywAqmtqGpY3Lv7ef9ckIsN7kpdfyOr0rZSWlbNj90EAevW0dtHRwIXyylZfq662YzDAbZPGMKBvBB9+8gUH8go4mFeAn58vsf2juPO2CcREhQNgDQrkycfuY/nKDeTk5nHq9FniY/sy894p/G3ZRy3uw9o9kFEJsXy8/kv6x0TQt0/4ZW36RYfzmydmsjYji+yvD5CVvRej0UB4r2Cmp9zWZMhoERHpehVVNiz6YCkibsJiMVNRZXPbD5bKmSLibpQ3RaQrOBxOqmzVdYUEN2CvrcVeWYvJ5IO/2Q+j0XD1lS5S3hSRrqC8Kd7A4HR2Vkf1a/PY3IUA3JVyI9OnJrXYpqKiiiVp6RzMK+B8WUWT1xoXgAG27drPq0tXNzx/feHcJu1XrN7Ius+2XXWfIiLubufuvHa1D+7mh8FgaPgBrviYxo8BA620a/T7asuaP27L86stb0172wdY3P8eKXttLWfPldOrZ3dXhyIi0uD0mfME9wjE5ONe850pZ4qIu1LeFJHOVGOvparK1mlDlV4vgwH8/c34tqNXm/KmiHQm5U3XqaywuzoEr+L+3263wGLxZ86s6QAUl5RypuR8w2vhvYKbtG08b+5dKTdetq3775rE1u17OF9WQXGj7YiIiLi7apsdf929JyJuxt/sS7XNjsniXh8slTNFxF0pb4pIZ6musVNVVe3qMK7I6YTKShtOf782z5mrvCkinUV5U7yJ2xWAzWY/bLbqNv8nCw2xEhrS+rDNZ8+VXXUbPbp343xZBRfKK67aVkRExF1U2+34m/1cHYaISBO+viaqbNVYcK+h75QzRcRdKW+KSGeo68Hm3kWMxqqqqjEYDG3q0aa8KSKdQXlTvI3R1QE01yciFIDD+YUdsr0BfSOu+HrhqTOcPH0WuLz3sIiIiDuz2+vm/hARcScmk4/bzJPUmHKmiLgr5U0R6WgOh5OqKpurw2i3qiobDsfVx1xV3hSRjqa8Kd7I7QrAkeE9ATh05AR7D+Rf9/ae/v3rDY9Xp29lxeqNDc8LT53hr0s/pLq6BqibL3jbrv3XvU8REZGu4HA48TG2b25jEZHO5mM0tOkDaFdTzhQRd6W8KSIdrcpW7bZzV16J01kX+9Uob4pIR1PeFG/kdkNAD+gXyeasHAD+tTaT+CdnXvO2Pvt8Z5P5gQHWfbaNrdv3ENKjO4WnzmC7WPwFOFd6gVeXrmbMwrnXvE8REZGu4nQ6MRj04VJE3IvBYMDphp+clTNFxF0pb4pIR7LPhuT9AAAgAElEQVTbaz26l1d9/FfqSau8KSIdSXlTvJXb9QBOHjecEcMGApCXX8irS1dTUFh8TdsaHt+fpLHDGJUwiP/+j9kk3hALwPmyCo4cO9lQ/P1O0kgeeWAqQwZG88gDUzvmQERERERERERERES6UHW13dUhXDdvOAYR8RzekHO84Rik47ldD2CAnz86g8fmLgQuDcvct084A/tFEmjxv+K6wT2CCOvZgyGDogkNsfLDB25veG3OrOkczCvghVfeBeCulBu5Y8r4hjsjbho7vJOOSERERERERERERKTzOBwO7LWe24utnr22FofDgdHodn2XRMTLKG+KN3PLAjDA6wvnsmrdFlanbwXg6PFTHD1+qk3r3n/nRIYMim7xtUH9o5o8v1K3eBERERERERERERFP4MlDmDZnt9fi56dChoh0LuVN8WZuWwAGmD41ifBewezZf5QTJ89cNmdvS3qGdCcivOcV29yVciNbtn1Dv+jeHRmuiIiIiIiIiIiIiEvYax2uDqHD2Gsd+Lk6CBHxesqb4s3cugAMMD4xnvGJ8R26zelTk5g+NalDtykiIiIiIiIiIiLiKg6H9xQyvOlYRMR9eVOu8aZjkY6h/uAiIiIiIiIiIiIiHs7pdLo6hA7jTcciIu7Lm3KNNx2LdAwVgEVEREREREREREQ8nDd99+9NxyIi7subco03HYt0DBWARURERERERERERERERES8hArAIiIiIiIiIiIiIiIiIiJeQgVgEREREREREREREREREREvYXJ1ACIiItJ1Mhb8inVFV28XljKPebeGdX5AbWKnYOsyVqTnUlBu77TYdr/9K5aenMq8eVNwlyMXEREREQA7xdvTWfzpAfKL7NQAmM3ExMUz7Y5JJIa27+ut7KULWVQ4kmd/PYWITolXRORa2Cnevp5lm/eTW2CjxsF15TqPUpTB/Bd2UthqgxjmLEwlsesCYs0Lb7EyIoXXH07osr12OXsRWR+sY82uIgrL6xb5hoSRePMEUpNjsV5j90GdZ0XcgxefNURERKS5SXOeYZyj0YI9aTz3XhETf/wzJjWqeprMQV0eW2vsu5fx2r8OETVpJk9O7EuIi2Mr+nQBC9KLGP7wH3l4eDtXPr6FdzLLGDVtKnHu8xaLiIiIuLFyspe+waIciJs0ibk/6k+oGUoLc8j8eCeLnt9LXOpM5k4IcXWgQCk5azPI6jGG2Ukxrg5GRDyJ4wQbXn2fZYdh4ISRPJGaQER3d811bZe/5X3Sz8WSekcC1ja0T0idzaxhLb1iwtLBsX3rndzIc/+7jfyAMFLuuZcnBoXgayshd8c21qxZxbxtI3nmiSnEqIIk4rH031dERORbxBQYRJO6Y6AJMBEQFESQmxYkc7J3Uxl3P49OG+4WFy5hE3/GM+PtmAKuYeVzB9mRXUTYLSoAi4iIiLRJweek7aol8QezmTMqsGGxNSiZmYOTmfZNBtk93KUgYiM/J4+siFhmJ7k6FpHrZC/m4Fe7yTpZ3qbm3XvHc9PYAYS4w4c2D3Ro9SqWHfZnxtzZTOt9aXmTXNfNXXJd2xUfzCOr0Mq0O2hTAdg30IpVn5U7n+MAS/6yjfzwkTz71BQi6nv6BlkZf1t/xk/YyaL/yWDhPyNZMDMeX5cG60EuFJC9fS97S2xtaGwmfFA844dFEaSJWqWT6JQsIiIibqyIkiKgt8V9Llr8Agjyc3UQIiIiIt8OpXkFFBPGjITAFl+3DpvC5C6OSeTboGTrOhZlnG/7CrvyOWB/gF/eHNx5QXkr2zbWZJYTOim1SfG3MeU66Ug1O7aRWW5lxs8bFX8bCxrJrDv38uTyL9gwLZ6UtlTvhb2frOIfu9qxwq4DnPKbw78N6bSQ5FvObb5LFRERETdRuomXfv8h3PUMT97c7Nbb6h38ff47cP/veHRMGRkLFrCu94M8k3iUv6d9SUG5HcwhxE16kAdv7UuTTrL2Ena8/xYrdxZQaQdTcBxTHnyQKf1a7kpbP9Ry3ZOl/OpXAGFMnTePKWFQeWQTaasyyD1eiR0TAX3imDI9lYmNtlc/r+/P7vdl46oMco+bSPr5M9x5hRH5Ko9k8Pd3Msg9awdTAFEjZ/DQ/aMIqf9QtHspv1pa1BAHRRksWLCOsJnPMK5gKWmfH6XssuPbzdJfLWX3xU2sW/Ar1gHc8DB//MFwqDzKpvdWkrHn4nsTGEXcLdO456ZBuhNUREREvtWswVbgGNk55Ywf1XIRuAlHKbkZa1my4QTFNvANDGH8PXcza9RVes7Zi8h6bw3LskuosINvSCTTZk5nWv+m+yw9mMGS5bvJKbEDYImOYdqdKSTkpTH/49K6RkXpPDY3HbAy49ezmRaGiMcJie9P1IZdFDiu3hYAY3duGKLi7zXZk0eOI5BpY9o4dHxOGo+9WXp5fslJ47E3uTRXbn27n0/Bd/NnrPmmBN+kVBbc7X9xftspPJ9wgsVrD3CoJIxZ//0gyWaoKd7Jsrc3knXMTo3RROjg4cz+wRQGBjTb/y9TsGSkk5ZTSo0DLNH9mfnwvYwPqW+Tf3GFncyfuxOAxEfmMue6ptQtahT7YV5Oy6PQVpezU3/0IJOteax5ex1rcsupMZqIGDOJJ1JHElr/ubpR7L5r17Jyf/nlsV9B8Y61F98vOxhNhPaNZcbMOy6uV0L6i2+QxngWPJXcrMezjay/v8Li2km89NgYLDQ7n5hMxCROYk7jWKFt56bKPNLT6v59K+x1572EW5OZeYU5fLNzTkDYSBKvcH6yjIglYflGsnNKSUm2NnnvF4wuYtF7ORwqBcyBJEyeyuzb+rc8THfuKp58PY/Ex55kVlyz1wrS+c2fDpP4xE9I7dt6LJ4idmgMAbvyqWzrCpYobvCC4xb3pQKwiIiINGVNYuLQD3kncyMFN99JVKOXyrI2kWsex6OJAUBZ3cJj6/hzQV9u+eE84oOhZOeHLF3zZ/5Q+ji/u29QXRtHERmvLGCdbRT3/+Qh4oPhVNYK3vrLS1T+/OkWC7J1Qy0XsPEvr7Ep/H6euS8eMBEQCBxYyYK/bcF35P38+N/iCaGEvZ+8w4q/LqDkR88wI7Zx0Jv4+9+CGDhpGqkTQ+gbeYVjL9vE0n9EMerun5HaN4CSPR/yznvv8FpgGE9Pi7rCinDogxcpip/Kw3MfJsR2lI0r01j313cIefZRRvnFkfrMM9zTfM5lU937uOWNP/Nh2aX3puTQFtatfot1vX7H/c0/IImIiIh8m8RPYEZUHivf/ivzc0YyY8oEEiIC8W3xS+1yst9+i0UHraQ8+CAp/QIp3Z/BomVv8HLNT3hiXCsFZMcJ1rz8Ditt/Zn102kkhEDhF+tY9MpbVDT6UroiJ435b+ZjGZ3M0z+OI5QScjZ+xsq0LOJ++SALJpwg/ZVVpIcnsyA1DjBhaUPNWsQthSbxxOO1vPza7qsXgY3dufXxB7hVNztck8LiUqAnMa30/r0+5aS/sQrroOGkPjCK0OhIoKTupYOZ/OFwIIm3TGJyzxDifIGTGfxh4U4qRiUz9wdxhFJEZto6/vCnWp7+TQoDjY22+/paYsbcxNPzY7CU5JL2diaLF6UT8dsUYuLvYMF/2clJW8ySUwnM/fl4IgDfa5lKqSUHM3m5fDAzfjabgeSzZnk6y/7yFtk9SvEdM41nHwihYn86i5ZlsCgihmcmNq7sVpH55ipCR0zi6QdisJ7PZ01aOouff4OK//whk1vp7Vq65S3mv1fKwMm38MykuvXSV21k8QtvUfEfDzHZGsLkmyNJW7ab9IJkUht/hVD6FenfmEi+WPytO5+cIqZhW3mkLc3gN3+zNxSI23ZuKmHD394nrexSm+KDO1n5wTpWhsVeXnAFoIjiU0BEGBFXeo/NYURYIT3/BE0G8D6YyXOFkcyY9RBzQuwcWr+OJR+/z+KQn/PEaPPl24kbSXLIAdK3bGNm3Jgmw0nnZO6lOHo0KV5SBDUNmcav71vFC+8VXL0IbIni3346nQT/rohMvq1UABYREZFmTIxKmci6F3ewI/9OohqKswVszCwgZNz9xDX+wq00jFv+74OMu/hBLujmh3mKl3hu9Ro23fokE61Q9vk7rDsZx/2N2936OI9W/oE/r9/B7Y+MuvyixC+AIL/uBPgAJgtBDZMUl7Hpoy2UDb6f3z0w7mIv4yDGPfAkVPxfVny0iSmxEy/NdVwZwNifz7tir98GlSFM+uXjTLz42SZo/MNM3fcr3jmQSwlRXPFm4PhU5n2v/tPVcO68t4Ddf8og9yCMGlo3z3LLcy4f5eARiHsglXExde9C0Mg7efyGO0G9f0VEROTbzhjJtCceIvSDdazcvpNFu+p6kVmiI0meMIGUMf2x1l9I5mawZJeJlCceaijaWkffyzO17/DkJ5+TPy6Fli4JSzPXsbIwklnP3kvyxWtV620P8UTFX/lDxjZmPDoGX8de0pbnw4gUnp2ZcPELbCvJ9/VnvN2Or8kEZisWI2CyYA3SeJni+Uy9b2ZO6ll+v/xKxQwzCan38N3ePl0YmbSdHcvoVJ69u4XsV9mTGc8+2JD3oIT0d3eSP3gSL828WITEyrQfm6l4Po01OyY1KvDZCb3lIebWF1aDxjPnjnweezufnGKICQ3EGgQWE2D0wRpkbdMcwNlvLuSxFpZH3P4Qz97W6A4DRwypP04hwQiQwMzbctnwZj7Fo1N5fuLFYx09nWnZr7Dk6z2UTmzcI9cGw1OZW/8lQVACM58wUTN/LSs/3svk78dfHoBjLyvXFmGd2HS91B9b4fm0hvV8R99EysdpZG3LJ/XSlynkb95Nfkh8XUH24vnE0mRbI5n9lJ2K+dtYUzCG1Kg2npsoIDcPEmZOJ7lv3cnQOiqFuSNSOuD7BH8sZsBub/ZexDDr36dffO8h8e6p5O95hzX7DsPoFt47YphxeyTpyw6QZRtDcv2fkG0bG7bZSXhgbJv+NjxFUMJ0flHyD/644QpD6Bu7891HppPYrevikm8nfa0oIiIil4ucRFKfMr76IvfSstytfFUaxy23NOsJO3g4ic3u4g0aOZa+FHDwgB0oIyenoMV2fQf2hbxDHGlPbGU55ByHuBsSmw4xTQCJN8TB8YPsrW60uOcoxrVxJC3ChhPX7JNHVGQY2MHe8hoNBg5tdmtt7ygigZqrDpkWRlQY5G76kN0nKrHXt9dVmoiIiEgdUxjj73uI5/97Ln/57b08cXcCcaZSNqS9z7xn08i+WJnKzcmjwjqAxGY9iSwDIokpKeBQWUsbLyX76xIYHMv4ZteqAweFweETHAI4eIDsShOJExKa9F4C6oq/Il4qIH46v5jcvdXXoyZP45H4Fgd+FbcQyPjxrXwgHhbfqPgLlO0h+xgkjEhoOpSvMYa4/nDocH6jhVYS45rdIh0VUtejtK3DhrcgIXU2C/7r8p+nJzbrXj64f0MBEoDwun3HDGh8rOa6Ama5jYomK5tJHNnsPTHGM36EiYp9x+pyfnMHD5Bd2dJ6MSQONzdaL4aUm0Mo/WonOfXvg2MvG74oJ+G2m+puQmptWwEDGBhRzqG8Utp8biKcmDDI2biW7ILyS98/dMj3CVVU2IDm57jm7z2RxERxeaG4Ed9RI0kOOMGGrJKGZaVZOeT0SGDaqBZ6DXu48En38Miw1o6r7qYZjZggXUFXqCIiItKCIJKS4/jwn1vYMSOOUX52dnzxJSQ+2tCDt4Gf5fILiqDuBAFF5+ou7isrgCMr+I9frWhhX8Opak9olZVUAkH+l1/GmPxNQBFl54D6i2kfd7/cCWPKz34G76SR9soWKu118xlPvPVOpgy9ygREIiIiIu6mKIP5L+yksPGysJE8++spdYWBJvNCXjQihdcfbtukkL4h/UmY2J+EiUBJFi//KZNF/9rL6zPjqai0Q2kOf5ib08KaVioq4dIwMfVsVJQDeRv56dyNLawXU1c4sNmoIJDQHm0K86qyly5k0a6myy7NjXlxnsWipvFrPmFxlfBJ9/BI0bu8+Y2tyfKAYd9hzqRwF0XlPSJCrcAZ8k9CYocPA21qZch8wNis13ZlXaH00PJXeGx5C+1HtOuT+zXxDbRivSxPdzR/LC0MRW3tEQilpZS2tIrNRkUr61ks/k3Ws45PIGH1RjbssJEw2kzNjp1kEssTYwIbbctG+ssLSW9hVxGVdf/P2nRuIoxpT9wLb69jyct/pcJeNzd9ym1TmDaste8TwggNBwqLKITWh4G2FVFYCgNjrjSPVhsZ45k8YSPPbd5G/sQUYsgnfXMJMTff3WhYcW9iIeG+aXz3zPt8dLLpK7ppRrqSu38jKiIiIi5iGpnEuA/+zqasMkbdsINNe0IY+1QLE8hUV2Cn2UVF2XnKgJAeIUAlARZgaP08vpftiXZNAxQQQABgr7psrxeXhRDUQV/MdZmAvkx5dB5TAHt5AbmfrSHtzT9w9IH/5tFEXa6JiIiIBwlN5un/GkNN42VG/0vDO16cF7IJ0zVOlBsynvGDMsk5WUQx8VgCTBAa3zDXZLOdtDIfr7lu+bD6eXtbWA/AbMZCOcWNbzS8Dgmps1lwT9Nll+bGDCPl57NJbtKLTvMJiyvVFTPurVjD+3l1xamA/qP5xX3x7fssJy0b2p8EYz5Z2/KZ0aa5i1pWWnoBuI4xZQPMWKjLT7OGtfD6teZqt1NVd0NQM6XnysEa0/JwxGYzllbWq6ioarqeeQyTx3zOy5u/onT0ULI2nyB0QuqlXrNmMxYCSZ7zICkt3D/h62cFStt2bgII6M+0x37CNKCm/AQ5GzJY8vc3ODSzlTl5gcSESMg5QGbBlKZzFTc+rh17ySGE1ISOGaA55ubhxGzYzobcFGaxk8xzkcwc78U3vRvDufWRWyl57VPqOz6HjL5VN81Il/LK+ytERESkAxjjuHFcCAWZG9mSuYWCPklMaunGz/27G4bdq1f29Q6OEsWgWBMQREJCFOTlUxAYRFBQ85+A9t2RFpRAQh/I/Tq72TxUlWR/nQt9BhHv185j7SpmCwFUUtnkxml7k5GSTIFRDJ82g4lhkLv/YFdHKCIiInJ9jGYsQda6+R7rfwIbfQFtCmz6WpAVa8AVrgaLcsjMK2/5Ncdecg/WzQccCsQl9MdSXEC+w3r5PoICW+kFZyXxhhA4fIr8wFbWAxgUS2KAnewde1uIo/7BxWKyzda0AN4C34DL92Vp9Db4XhZLa/GLdBFjODc9NI3v9vEhoM8IfvHQOML1N9kxzGOYlhxI8cZ01pxsuUlNwU6y60cFaLEYWU7O3pIW1myHoKEkRsOhoydayIVXydWtsASYwFbbbAhmV7ORvbPZSBSOA2Tl2LEMiWZgS6sMiiUxoKX18snebbtsvYTkeEKP7SZ9yzY2HAth8s0xzbZVTu6J2hbfZ4sZ2nxuwk5No+8TfAMjSbxzKilhkLPvcKvvgO+om0gJKSd9eQaFLQ3ZXbaTJWuLsIyewOSOmqDXOpaUYXYyt2SxYcsBGDOS8d43+nNT/rF87/HvML67D0GjvsMv74rVTTPSpXSaFhERkVZFJScRdXYTKzeWEJecdPmIeQDWIta//A5f5pdQVlbC0ax3+PPqowQkTiXp4geFoJumkWT6kqV/WsGmAwWUlZVRduIgm/71Z55buuOq8+s2FcTE7yYRtH8FL737JUfPlFF25ihfvvsSK/YHkfTdiS3H6Q4GjiQhsIxN769k94kyysrtcOJjFsxfwIrNuXXHUlbC0c0fsqkI4gYPqlsvdyXP/f45Xvu8pOXn5LLy98/x3OtbuM6P/CIiIiJupTh3G8te+SvzXllL+jd5FJeVUlpWxKEdGSz6n7VkGmOYdWdsXeO4ZGYMKiHtf98ibcfFtsV5ZH2SxvwX0slvZR/W5GQmmw6w6H/eJ33/CUrLSiktOED6e28w781tdcVcYzwz7gij5su1/GZZFoeKL277w7eY17BtK4kjQyD3CxZtqtt/RfsudEXcmzGcW2c/zv+bnaTibwcbeNd0Zg6oYuXCV/jDe5nkFpRSWlZK/v4s1ixdzJN/ymDNNxcrwIPiSQy0kf7eKrIL6nJR5rK3WHnseqtpIaTcEY/vtrXMX944hkyWvfxXFm23XX0TzcSN6I+lNIdl7+WQX1ZaN6fsFdSU1+3z8p/yq95Y03Zm2L2KhR/WxVRakEPaq+vIrLSSMrmlUctoOAeUbmq+3irSz4cx4/Zm60WNYXJ0Oenv5VA8LKFpEfXitgpXL2Phhzvrzif157UXFpNWUNesTeemgvXM/+1ilmzKubSdTRmkF0HCkAGtvwXGGFJ/NJ64czuZ/2wL58z/l0FOyBiefiD+snnvr52Z8UmxWL7JZNk3gSQnt/Jeexv/eL73y8f5r7s1YoJ0PY0pKCIiIq2zJnFj3IesODaOiSNbuWyInsrPEgtY+tYCVpTawRxC3K2Pk3rLoEsXGsZBzPjN0/R9/y0+XPoSH9oAUwBRQ6fw4D2j2n9BEjuDeT8JIW3VGl59YQV26ubNnfHETJI6YHqaTmMcxIzH7uT8ko9Z+uIWCJvKvHm38/j9dt5Z/w6vrq6sG047MIq4e55kZv3wz/bzlJWWEVBpb/k5ds6XllFmrmxnMV1ERETEvYVO/CEvDc0hfe020pfvJe1iZ2DfwEBiRiTzzB3jiWn4RjWEyT+eTUTGWpb9633SywGjidC+scz40S20OrCqMZaZ//kQA99bQ9qb75BmA0wmYoaNZvZ9Yxq+/LYmPcSzAWtZvPYL/vB8JhhNWKMiSUkd37Bta9K9PHHqfRaveZ/ffNB4Xl8RkSswRjJ5zk9I2L6eZZt38vIXWdQ4AJOJiOhYZj6VSnL0xSqiMZZZPx1P6d+2s+hPB+ry1bgUnrlnN/Pevs44Bt/B87+OZNnbmbz8Yl0MvoEhJNw6hZmjrqHAPPgO5t6dxqKP03luC0Tc/hDP3tb6OPo5aYuZl9bSKzHMWZhKYvsjaIE/yY+kYMlI5w/PplPjAEt0f2b/ejrjQ1tf69I5YD3PbbBfPL/E88R/ppBw2V3oIUxOiiRt+RmSk8dcVkS1Jj3E82EZLHlvIws3ZFAD+IaEkXz7dGbUD8nclnNT1C3M/V46iz9dz8IP7HXbCQwh4b5UZrcy/HOD3snMnT+YrA/Wsab+nAlYwsIYf08q08bFYO3oGz3iRpJsPUB6yHBSWhl6WkQ6jsHpdDpdHYSIiFy/nbvz2tU+uJsfBoOh4Qe44mMaPwYMtNKu0e+rLWv+uC3Pr7a8Ne1tH2Bx/3ukTp0+R3ivTp7s1pHLit/9nYJbn+HJm5t/oikiY8EC1vV+mD/+YHjnxiEiHqVL8lM7uWNMIiL13DFHuWNMInJl58vca6Dd69U9yNLqa+6Yo9wxJmkmJ43H3ixlxq9nM60D5nO/4q6Wv8TLhaNZ8FRyy/MKfxuVZvLcs9uJeexJZrU0tbELKG+6l0oNndKhNFiHiIiItKpsawZf2uKYON5tB1UWEREREREREXEfpZms2WYn4eaxKv42kpu+k/yQeCa7SfFXxNupACwiIiItcxxl46ajBCQmMcrP1cGIiIiIiIiIiLi/Q5/t5pA5lsnXMmy2t6rcRvqXNmJuHtP6lAwi0qE0BLSIiJfQENBXpiGgRUS6jjvmJ3eMSUSknjvmKHeMSUSuTEOZupY7xiQiV6a86V40BHTHUg9gEREREREREREREREREREv4f7dm64i/3gRR46fpKCwmCPHTnL4aCED+kbQL7o3URGh9OvTm5g+nTyju4iIiIiIiIiIiIiIiIiIG/DoAvDyDzawPnMnDoejyfLDRws5fLQQAKPRyC3JI/n+3ZNdEaKIiIiIiIiIiIhIpzMYwFsm+2vnLE4iItdEeVO8mUcWgI8cO8WLr62gvKIKgLtSbiSydyhRvXsSEd6TwlNnKDh5hhMni1mdvpVPN2Wzddsennr8fvpFh7s4ehEREREREREREZGOZTAYcHpJJcOgSoaIdAHlTfFmHlkA/v2LbwMQaPFn1venMmr4IAD2HTzWMGn3mBGDYcRgoqPCWLJ8HeUVVfz+xbd5feFcl8UtIiIiIiIiIiIi0hmMRiMOR62rw+gQRqPR1SGIyLeA8qZ4M4/7i/ho/ZcARPYO5cXnftZQ/AXYd+gYCxb9k32HjjUsGzV8EC8+9zMie4c2WV9ERERERERERETEW5h8PO6r3lZ507GIiPvyplzjTcciHcOj/iL2Hz7O+2s2A/DUY/e2a9369u+v2cz+w8c7PDYRERERERERERERVzGZfFwdQofxpmMREfflTbnGm45FOoZHFYC/zM4F4MF7biG4R1C71g3uEcSD99zSZDsiIiIiIiIiIiIi3sBoNGLy8fwCgMnHR0OZikiXUN4Ub+ZRfxFHj58CID425prWr1+vfjsiIiIiIiIiIiIi3sLPz+TqEK6bNxyDiHgOb8g53nAM0vE85q/C4XCQX1BEgL8fEeE9r9p+38Fjly0bMiiaAH8/8guKcDgcuiNCREQ8msFgwOl0YjAYXB2KiEgDd81Lypki4q7cNTcpb4p4JpPJB5PJB7u91tWhXJP6+K/EXXOT8qaIZ1LeFG/lMQXg+qJteK/gq7Zdnb6V1WxtsmzenO8BEN4rmCPHTpFfUES/6N6dEmtrsr8+wKIlq9rcfuzIIfzwgdtJ/2wbp4rPkpgQy8jhgzoxQhER8SRGo4FahxOTjy7gRMR91DqcGI3ul5eUM0XEXSlvikhH8zf7UV5bidPp6kjax2Coi/1qlDdFpKMpb4o38pgCcLC1bs7f8oqqK7YbMjD6iq/Xr1+/va4UEtydG8cMbbKs5GwZ+w4do2dIdwYP6NPktQExEdhrHezed4SDeQX06tlDBWAREWlQf3eiyUcjWoiI+7Dba69697ErKGeKiLtS3hSRjmY0GvD3N1NZaXN1KO3i729uU4FCeVNEOprypngjjykAW7sH0jOkO6fPlE6dpyYAACAASURBVFJRacMSYL6szfSpSVfcRkWljdNnSukZ0h1r98DOCrVV/aLDefTB7zZZlv31AfYdOsaAmIjLXqv3658/0BXhiYiIh/EzmaipseNv9nV1KCIiDWpq7PiZ3O9jhnKmiLgr5U0R6Qy+Jh+c/n5UVVW7OpQ28ff3w7eNxQnlTRHpDMqb4m086nak+iGbC0+duab169fr6qGfRUREOoOf2USVrcbVYYiINFFlq8HP7H4fLJUzRcRdKW+KSGfx8zUREGDGnad9NBggIMCMn2/b86Dypoh0FuVN8SYe9S8eGd6T7cC/1mYy76ffa/f6/1qb2bAdT/LaWx/y1c59zJk1ncQbYpsse+wH0yguKeWTjdu5UF5JD2s3HrznFkYOG8S2XftY+VEmp8+U4ufny6QJNzDjuzfh53fpLjSHw8mXO3JZnb6V02fOYTBATFQ499818arDaYuIiGuZfHwwmYxU2arbNN+HiEhnq7JVYzIZMfm439BSypki4o6UN0Wks/mafPCxBFBlq8Zur3V1OE2YTD74m/3aNS+l8qaIdDblTfEWHtUDePrUJKIiQtl36BjLP/isXesu/+Az9h06RlRE6FWHivYk765cT8bmbOJjYxjQN4LS8+X8fdlHLPnnOpb8M53wXsGMGj4IH6OBTzZtZ/UnXzSs63TC2ows/v7OR1RUVjFy2EBGDB3IqdMlvPjae2z/er8Lj0xERNrC4m+mosKz5icREe9VUWHD4n/5VC3uQjlTRNyN8qaIdAWj0YAlwIwlwOwWBQCTj09DPO0pYoDypoh0DeVN8QYe1QMY4OHUFJ5/eRmfbtrOwH6RjBkx+KrrbNu1n083bW9Y35uEhQbzxOx7sQSYcTrhrbR0NmflsH3Xfn76yHSGDekHwK5vDrFoySr27DvC7ZPHEmjxZ3duHms+/YL+Mb35xY/uoVtgAACnz5Ty4msr+Hj9l8TH9m1xvmUREXEPZrMvlVXVlFfYCLQoX4uI65RX2DAajZjdeM4z5UwRcSfKmyLS1UwmH0wmHxwOB3Z7LfZaBw6HA6fTidPZOfs0GMBgMGA0GjH5GDGZfDAar61PkvKmiHQ15U3xZB5XAB7QN4K7Um5kdfpWXl26mgPJo7h98liCewRd1vbsuTI+3vAV6zN3AHBXyo0M6BvR1SF3qrEjhzQUaA0GiI+NYXNWDn37hDOoX1RDu+jIXnTvFsiFiipqauwA7Nx9ELu9lpsn3NBQ/AXo1dPKuFFxrM/cyekz5+jbJ7xrD0pERNolqFsAZ86W4evr0675P0REOkp1jZ3yiip6Bl9+Te5ulDNFxB0ob4qIKxmNRvz8jHjSIMXKmyLiSsqb4ok88gw0fWoS40bF8ca7H7M+cwebs3II7xVMWM8eREWEUlBYTNGZc5w6fZaaGjsD+kbwwwdup3dYiKtD73DB1qb/eX0uDkdg7R7Y5K4Oo9GIodHQADZbDSeLSgBYsnwdS5avu2zbBoOBs+fKVAAWEXFzPj5GugdZKD1fTrC1GyaT64emEZFvD7u9ltLz5XQPsuDj4/4zzChnioirKW+KiLSP8qaISPt4Wt6UzuGRBWCA3mEh/OaJmaz4cBPbd+3n+InTHD9xmuycAw1tQkOsjB4xmPvvnOjCSN2Tw+nEcXGMgiEDowlp5S6QHlbdHSIi4gn8zb44nQGcLb2AtXug7jIWkS5RXWOn9Hw53QID8PegIaWUM0XEVZQ3RUTaR3lTRKR9PDVvSsfz+DPP/XdO5P47J1JcUsqxE6c5VlBEdFQY0ZG9CA2xujo8txXg70doSHcO5hUwKmEQU25OdHVIIiJynQL8/TAYDJwrLSfQ4q/5hkSkU5VX2CivqKJ7kMUjP1QqZ4pIV1PeFBFpH+VNEZH28fS8KR3L4wvA9UJDrISGWBk1fJCrQ/EY40bFs23XftZn7uCGoQPp1fNSwbyyykZ+QRFDBka7MEIREWkvf7MvvqYgyi5UUnK2GovFjL/Zk2YoERF3V2WrpqLChtFopGdwkEcPJ6WcKSJdQXlTRKR9lDdFRNrHm/KmdBy3LgDvPZBPybnzlJ4vx26v7fDt+5pMhAQH0T0okPjYmA7fvruLHxzDxAk3sOHzncz/4xvEDYomqJuF4pLz5OUXEtIjiLlzvkdIDw0DLSLiSXx8jPSwBmKz1VBRZaPsQlXdh05fEyaTDz5GAwaD4eobEpFvPafTSa3Did1eS02NnSpbDSaTkUCLP2YvuZtYOVNEOpLypvKmiLSP8qbypoi0z7chb0rHcNsC8PrMHbzzr/Vdtr8Jo+P50cw7umx/7sDk48P3755M3KBoPlr/FbkHj2G312IJMJOYEMu0Wyeo+Csi4sHMZl/MZl/stbVU2+xU2aqxl9ficDhxXpwHXkTkSgwGA0ajAZPJBz+TieAegZh8fFwdVqdQzhSRjqC8qbwpIu2jvKm8KSLt823Km3J9DE43PLss/sdasrL3AjBuVBwjhg3EGhTIgkX/ZMjAaO5KubFJ+5aWr07fyr5Dx5g353tN2jZeXl5Zxa5vDrHlq28AuCvlRqZPTerkoxMR6Rw7d+e1q31wt7q5aOp/gCs+pvFjwEAr7Rr9vtqy5o/b8vxqy1vT3vYBFre9R0pERERERERERETEq1RW2F0dgldxu2+3v95zuKH4+/xvZxMaUjcv7b6DxxraDBl0aV5ae20tPbp34+jxU/SwdiO8VzCnTp/l6PFT9AzpzqD+UU3GO1+dvrXhcWJCLIkJsUy6cQTPv7yM1elbGTakHwP7RXb2YYqIiIiIiIiIiIiIiIiIdDi3LAAD3HfnxIbi75WYfHyIigjlm31HeCvtk4blVbZqEuL7t2my6wF9I3jkgam8+e46Mr/crQKwiIiIiIiIiIiIiIiIiHgktysAH84vBGD0DbFtXqe+ALzv0LEmy3sGd2/zNgb1i6rb/9HCNq8jIiIiIiIiIiIiIiIiIuJO3K4AfKygCIBePXu0eZ0TJ88A8L3pk4iJCicvv5D31mymqPhcm7cR3iv44raK2xGtiIiIiIiIiIiIiIiIiIj7cLsC8LUoLikFoH9MBIP6R3GhohKAojNtLwCLiIiIiIiIiIiIiIiIiHi6q0+Q6+YulFdypuQ8AP1jegNww9ABAJw6fZaKSpvLYhMRERERERERERERERER6UoeXwAuKj5Hjd1OcI8gfHx8APA1megWGEBNjZ1Tp8+6OEIRERERERERERERERERka5hcDqdTlcH0dhjcxe6OgReXzjX1SGIiLTbzt157Wof3M0Pg8HQ8ANc8TGNHwMGWmnX6PfVljV/3JbnV1vemva2D7B4xSwJIiIiIiIiIiIiIm6vssLu6hC8isf3ABYRERERERERERERERERkTpu1wNYRESujXoAX5l6AIuIiIiIiIiIiIi4J/UA7ljqASwiIiIiIiIiIiIiIiIi4iVUABYRERERERERERERERER8RIqAIuIiIiIiIiIiIiIiIiIeAkVgEVEREREREREREREREREvIQKwCIiIiIiIiIiIiIiIiIiXkIFYBERERERERERERERERERL6ECsIiIiIiIiIiIiIiIiIiIl1ABWERERERERERERERERETES6gALCIiIiIiIiIiIiIiIiLiJVQAFhERERERERERERERERHxEioAi4iIiIiIiIiIiIiIiIh4CRWARURERERERERERERERES8hArAIiIiIiIiIiIiIiIiIiJeQgVgEREREREREREREREREREvoQKwiIiIiIiIiIiIiIiIiIiXUAFYRERERERERERERERERMRLqAAsIiIiIiIiIiIiIiIiIuIlVAAWEREREREREREREREREfESJlcHICIiItfDTnHORtIydpNzzE4NgMlERHQ0ySlTmDzYiq+rQ7xudirKyqnBhCUo0LXHU5TB/Bd2UjMxlefvjmmxSeEni5n/Mcz49WymhXVxfCLSBkWseeEtVhbFMGdhKontWrUuB3D7Qzx7W3v+g9fvsw1NR6Tw+sPxbc971xyTiEgbleWTmb6RNduLKLbVLfINCiFuzChSbxtJhLmd27vOvJW9dCGLdllbv9a6uP3CESm8/nBC+zZuL6e00g6mQKwB+spMRERERDyXrmZFREQ8VjnZy95g0XYbvmGRJN8+gIGhUHz4MFnb80h7dTHpk+9lwZ39XR3oddrLkv9KJ5trKNZ0kuJNq1g04IfMSQh0dSgi4hGsJN49hdDKS0tKd2WSlmNjYPIUJvdr1DQkhpbzXik5azPIOhdFyszxtHwLiohIBzu5kef+dxv5DjMDhyUweUQY1rIisr8+TM6GDOZv3sus+Q+S7C2XRHvXMu/N/Is341wsHh/LYvHmAkJHTGHGMKtr4xMRERERaSMVgEVERDxVweekbbdhSZjC84+MxFK/fNR4pt1np/iLVWSGeHrxFyCGlB9MIRErA10dSgMb2cvXkjUolfEBro5FRNyfmYi4kUQ0WlJYvI20HBvWQSMZf1kHtZbyno38nDyyimpJVAFYRLqEjay128i3W5n277OZ0fvSK+MnAmUHSEsvwavuh4sZw+wfxF68Geeic/lkbc8nopeNGcNcF5qIiIiISHuoACwiIuKhinPzKQYSRzQq/jYwETrhXmZ0fVidwMrAUSPdqPgL1igrNQX5LF6UQcxT/5+9ew+L6jz3Pv4FBhAQRhFRQDGIKKijgAfUoMYQ0aoxJoY0sUk0qba1TZO9q+1u+zbZ3eluk7Zxdyc9uNvYnEw1KYnxEI1iiJUQlKgojgc8IIoCioiOCDgwwPvHAIKggkEYyO9zXVzMrPXMWveakXuW617P88QR4NzREYlI1+J4eU9Evo5OYD4M+IUQ07eZ1d5hJMxt75juMGMIMVEdHYSIiIiIyFenArCIiEgnZfT2AixkZe6jLKq5InBDZpYvSSLDP5IX/yOuQS+0psvt86oFs/i/R1Pw7hY2HrXPQ+k3eDjzH40j3Lvxlov2bmLFpmNkF9vA2UCAaRwL58UQXHeWYU5k0Vu5RD++kNi89axKK6TIGMnPpxTym/fz8ZuSwEuzGvdlq9yzmu+vyif4gad4fpLNPncmDWKvLiY9cR2JmcVYrIC7O8EjxzB/dgzBHjeIDfDsH8zMB2YQH1LXVaWwftvPP96djYk7MZ+2YVqwhMU3mTLO0zSDxaZNvLB5HyuSI3h+auBN333L6XQ2rttL+ulSymyAuxemKdNYODXk2udW/z49RfTRNby920JlNRjDI1n8eBwBZ5NZseoA5mL7vHSm+2fzbGzj/d7ysxCRG6suJv2jjaytm+PSYCB42CjmJcQS2qSnv42ivWtY/lEOuaXg6uWLaXocCycEt9E85YWN8h5bV/DCZkvtulyWL1kGQPSCJSzu0/wWynJSeXvdnvr54Y0hJubPj8fk3Xx7EZGmvDB6A0U5pJ+lUQ/g5hTU5qro686jbrT8zufSa+rObxf+MpKi95LZmFV6LTd+Ox5TXZ5vND/xOft5ct1xbF7Jos1Ak/NpERERERHH0yX6q1y9WsHBIydZs+lzXv7jan7+m7/zzM//yDM//yM//83fefmPq1m/JY1jJ/I6OlQREZE24zoykhgvKDMns/TFlazYuo/sIvvFrK/uCkl/X086A5kzL5Y5Ji8sWftY9vs1mK3XWhUkr+Bn7x4m1xDInIQ45scHwsFUfvXadgqu22LuptW89nkxroHBxNzVHZfRkcR6QFFGFtmNWhaz7fN8cA4kPsa3mdispL/1Jiu+LMYzPJL5j8cyZ7gRS0Yqyz4+di22rXWx+RP/QBzzp4fgV5xL4p/eZMVB63WbPMby/03FfMmH8FEhBLiW3uL9MRAwdTZzgiB385qm22u07d28/VoqqRYvTPfFsvDxGKb42zBvXsOy5MImzbM+WkXiuUDmzIslfrA7lqx9vPb3lSz7v8OUhY9i4QMRBLuXYv5oDW8fvfa61nwWInKd6nw2/u+brEgrxDXERMLjscwZ6UNRZjovv9Q47wFUHtnCy+ssBEyMtf9NOheT8WEiL2/NvyPh+ZnuZuHjMUQbAXyZ8ngcCx+PI/4G40BXHlzDz/6UTsYlH2IfiGPhAxH4FZl57fdNj0VE5MaCib3bCFjYuOxVXng9iaSj+ZS1UR5p71wKF1j72nrS3cOY93jt+W2Omdf+noql2fb24fgXxtrPR42mGBY+XptT71CEIiIiIiJtpVP3B7FcLmX7jkw+TzdzyXKl2TbnrRWcv3CJ7JP5bEjawYB+fZg0fgSTxo1o52hFRETamHsEC39sIOC9ZDZmFZK+OZn0zcm1vdaGM3PGZKL9bvervhhL/wReeqC2uhAVQ/TWFbywOYdVW3PtPXatu0ncbAH/SJ7/cd0wyJHE9l/Pc6/vI+noZOYPvrbFImsvFv8ygegGPemmjNtO6rbDpGbFExpeuzBvN9tOg9+ku4lxby62o2QcBAbF8tMnY+w9aKNimPlIIUWl/vYm1t0kJlnA18SSH8cTWhdb7G5ee2E76Wu3Ez8s/tocmpZSPKc/xku36MnbmD8zF8eT+1IS6e+vJ/pnjY+tnvto5v8iDKPRWL8oZmQvKl/YRGrmYYri/BtdRCzrP45XF422H9dIH8pe2ERqTiHGb36PZ8faey7H9Cxl0Vu5mA/nwuDWfxYi0ljl3u2szQO/SQm82CDvTRm0mufeb5D3ahWd6sb8Fx8jtvZvPiY2jLd/uZ7UpO2kT3rsBrnr9rn2jSCmbyFFSelk0J3wqEii61Y2uY8kl7VrcyjzCGbhf9TNUx5JzEgffvViOht3WTDFGq9/kYhIswLiFvBSj/W89mEOBVlmErPMJAKuvv7Exk1m5thgjLfZtaC9cymU4jrqMV6cXnu+FxUCv13J2pzTmK0Q22R/tcPxG46xIrUYz6DBxET5t3VQIiIiIiJ3RKctAG/fkcnHW3fWF3779O7JyGGhjIgYSA9jd4w+XlADFy0lnC28yMEjJzl09BSnzpxjZeJWUnbsZ+bUcUQNH9TBRyIiIvIVeIcxc1EYM62l5J46gHn3UVIPFJKbuY/lmYeJXvAUi01et95OE17ExDTuWhYwKRLT5u2Yj+ZQRDB+x3MxV4NfeDCepZZrPSeC+hDKMbJPFcLgaxfJ/Cbc3aRAGjxxOMHb0klN28288NG4Atm7j1KELwn33KBrG0GEh0DGib2s2unPnJH98fMwgMEfv7qaxtEce2yjhtcWf2t5jCZm2HbM5lzMRRBcX3kNJj6uNcXfuu2ZmJ+QRdZbuSx/dzevLhrdbLOGxV+spVgqDHh6AZW2Jj22gwcOvDYstHMv/LyB8mBiRjf4HPv4EkAuBZbad72Vn4WINGY+mE9zec9zdATR7+eTUZf36lYMi6gvWADgHEbsKHdSU/IxH4eYYe0UeHOKcsgqBoYFE26zYCmpi7EP4X6QdCIXYm8yxr2ISCMG/EY9xIujbJQVnSb70DG2ZRwm63Qh2xIT2ZYWyYv/VnfzWSu1ey41EjO64fmePwEBQGEpFgugUyURERER6UI6ZQF4/ZY0NiTtALhhj97zFyy4ODsT0KcXAX16EWWyF3pTdu4nZcd+Tp05x1/eXMc3H5jCfZOim+xDRESkU3H3InhwDMGDY5iJDcuej3hhVS4Z678g19Sgp2uLGQm4fmw7d3f7fGy1RcvKq/bx/4pS1rM0pZlNFJyj4ZW04KBmCqzGMcQPS2fFQTPbLKOJ9z5M6i4rDBvHlBt2UPNlyrcfouzdLWxMXEN6IuDuReiocSx8IBI/A1RW2Of8dXVpeqrjWneBsrrBQn9fgm+z94qnKYGfTl3BC1u3s2xrIAuvb1BtISt5E6s+z6fg+pGlm7nQ6Off3LDXDeJuRms/CxFpyEalFcDQ9O/M2cX++7qbNZr7O/X07AZYqaxusqp9lVspAziYytKDqU3XOxdSAJq7UkRayYCnXwimSSGYJsWDNZe1f05kY94+EvfG8uyo1nfXvd1cajS6A1cpK2/tHps5vxURERER6aI6XQF4/6ET9cXfiTEmnnwkHoDyq1Z27zvKsZw8juec4fwFe9+XPr17Ej4omJDgvpgiBjJpnL1Y/Nd3NrA78yjvr9uGv18PRgwd2GHHJCIi0rYMGEfdzZSkXDYWWSiCGxeAq6tusMJCQRHQt8Eiq9VeAHE14Aq4utlPI4ymGBJGdm+6Cd+WlJ3diZkQxqqDx0jPLGaK1z5Syw3ETrD3Br4hjxBmLvoeM6utlBXnY96ZyqptyfzMYuMvT4+uj62yytbkpfUXFG+z4NucgPgZzDm0mrWbN7HWZKPhKZZl53qWbS7E1T+YOTPC8HMHuELGhnQy2mj/bfNZiHxdGXB1B7A1LTjU5cjavFenqLCY6zNrWdlVe9M2zC23xd3FHuuACBZObObGGw9/zV0pIl+dezBzpgSz8d1ciopv0X22mfMxuP1c6tfLCygm+7QFBjRzx+C5YgoAP/9eNz0EEREREZGurFMVgHNyz/LHv38EwDNPz2HksFAADmTlsPaTLzh15lx9Wz9fI87OTpw7f5Fz5y+yfUcmvXr6MCU2imn3jOa7T95PQG1P4j/+/SN+/ty3CAnu2+x+RUREHFJeKm8f6sOcuLCmc6+dPUxGERASgP3bspe9x0NRMQXV1A/TV5Z5jKxmN15Kenoucx64dlHOssuMGfAbHGIvHgwOweSci/kKhEdF0ujym81GpaGFpxnhkcT6HiPp82RWeOWDr4kp4Td7gZWioqv4+RnB2R1PvxBiZnlRdHAlawvsF/yC62Lbc4Ds+MBrw0CX7yb9IOAbjKktKyDOgcxcHEfur5PJMAMN3o2yUnvvXNOMBGbWjbpavpv0VUBbzW3XVp+FyNdBeQ5ZhYDRWP+3YhoWCJn5TfJe2e7DZNAg79U5eJjU8shrQ5eWm0naYwXnQEx3bIYZA/bKbm2vt+bmHAfwD8Pku4+CIhvGkZGEN/x+qLZRieHmN9iIiNSzkr5uI9w9mxi/688lSknPzAcMhA6wF38D/IyAhYKzhWCqLQhX55Oeef0QKLVuM5caTWGErksnOymJjFEJjacYqc5n7aZcwIto021M79Gc2tEgyq7c4DhERERERBxQp7oa+I8PPwXgO0/Mqi/+/umNtWQezAbsPYKHDAom9K4A/Hztl3MuWq6QfTKffQeOk55xmA82bGfn7kP859InmT1tAlVV1WxKTucfH37KL/798Y45MBERkduQvfcAqdvSSd3mRejgYEzhgfi5XyE38xjpB4uxOBuZ83BsbYEjkGiTFxu35fL2X5MoG+cPRcfY+GmufajQJox4Zn/EC69HEDvaSKXZzMZMC3gFkxBXWxxxH01C/D7Mm9P52W9PM2V8BMHeV8jNzCH9sAXTt59h/uCWHEkw8RN9SVqXS0YxBD8w+uZDVlt2sfyldAr6BhIbOZBQPygym9lYCJ4jA+zDmtbHZmbZ7y8wZXwEAdYTpH6RQ3a1OzFzJt/GsNi34BHJ/G8eI+utxu9pwAB/PLGQ8eGbrLoYRbD1BKk78iloq+IvtOFnIdJVWSnIOkxuYT7bPjtMNuAXHV57gwy4Rk1mzvbVrE1J5IVCkz3vHT7Etr3F4BXCvKmNM4YxoJS1v32TrLuHYnK/YN9mKQTPiCOmLf+2G/Eldqwvaz8qZNVrayiLH0hAQASmJr3kgpk5O5jUt46x7MU3ibl7KCY/KDpxgvQ9+XjOeIqfxjY/1LyISCOlZtLTcjCnvMqq/oGYBvXHFNSdyqJ8MjIOYy4Ez5HxJNSdYwytvSEtaQ0r3Mdh8r5C9vZ9bCtqfvO3nUuNscyffoxfbcpl+S9XYJoYTkxQdyx5h0lNy6fACsHTZ5MQ1EbvQ4SJWK8cUtM2ssx1DLFB/oRHhXDD2UpERERERBxApykAp+y0z9s7adwIxkQOAeAXL7/BufMX6ebuxjNPz2HIoP4AlJVbOZ1XiMHggl+vHoweOZjRIwfj79eDDUk7OFNwnj+9sZZnnp7DgzNiOXjkJKfOnCNl5/4mcwmLiIg4qtBZ3+OVkekkbT5E+onDrDUftq9wdyfYFMPCB2MJ977WPnjGIywsXceqDDNvHwfXvsEkPBtH1v8kNzMUsZGZi+MoeHcLa98tpdLZgF+IiXnz4zE16GURMHUhLwUmserjw2xbl08l4Orti2nmNOa0ohecMcaEacN2zAQSH3OLwoRxHIvnXWbFp8dI3ZzPNrDPATwhjoUPmup7tgVMXchLfptYsekYSevyAfDsH0zC/BnEh9yZCo2nKYFnJ/0fLzech3fwbJ5/fA3LP8ph27pkXL18iZ03E9O6Naxtw3231Wch0jW5U/BlMisyAYOB4AnxPDujQVHXOZCZ//YUfh9tZO0eM4lZte1MMSxOiCX0upThaZrBs347eS0xlXQr9X/X80bd2bm2jbGP8OylNaxKyyHx3RwCpgdiGtm0nacpgZd+lE5i4i7Sk1JJrwZXLy+CR8WxcJyKvyLSQl6jefbXwWRsSyUpI5+M7fmk1w6V7+nvz5R500gY5X9tVAH30Sz8voUVqw6Qvi6ZdIMXoRPjWBL+Bcu2Wpps/qvk0oC4p3hpQCqJmw9g/jwdsw1wNmAMCiZhVjzxg9qwPOscxvzvT6bsvS8wb0sli2AWR4UQ3XZ7EBERERFpc041NTU1HR1ES/z3H97l1Jlz/OLfH2dAvz78c/2/2Lp9Dz2M3fn9C9+tb7c78yh/fWdD/fMexu7MmjqOyeOvXRlZtGQZAM8teojh4SGk7NzPysStDOjXR72ARaTT2ncgp1Xte3Z3w8nJqf4HuOljGj4GnLhBuwa/b7Xs+scteX6r5TfS2vYenp3mHqk2l/HOMpZnBrN4WYIubImIiIiIiIiIiMgdV15m6+gQupROcXV7x+5DnDpzjjGRQxjQrw+Hj+WydfseAJ799oP17dbXzukL4NvDm+qaGi5ZrvDuB5/St7dvfQ/hZ56eYm9NugAAIABJREFUw5/eWMvaT74g9K5AJo0bwaZP0zl15hwHj5xk2JC77tixlF+t4LUVaziek9fsejc3VwYGBzDjvhjCBwXTynpFhzl5+hyfpWbg5enB/fHj8PTo1tEhiYiIiIiIiIiIiIiIiHztNJkxyhGlZ9iHtBw8sB8Ae83HAJg7axL9g+xDA5VftdYXf5cufoTfPv8dfv/Cd1nw6HQA1m7+on57I4eFEjt2OKfOnGP3vqMAhNVu+/DRU+1wRODi4owpIoTxo4c2+unbuydHT5zmtRVrSE3f3y6xtIXii5fZsfsQGeZjVFRcu0vjbys/ZtGSZfWfTWeyIWkHi5Ys428rP+7oUERERERERERERERERERaxOF7ANuqqjh45CQAo0ba5/7NP3sBgMjh1ya0K75YAkDvXj3qe/oC3D1mGP/48FPOFhY32m542ABSvzzAsZw8Jo4zMXJYKDv3HOL4yfw7ejx13FxduT9+PCHBAU3W7TUf4++rPiFp+x4ihw/Cu7tnu8T0VUSPCOP1ZUs6OgwREWkD0U8u4fWODkJEREREREREREREbovD9wC+XFIGgLeXB97dPQA4deYcrq4G+vbuWd/O2dk+VnKlrekY4ZWVtvr1dULvshdej+ecASCob69G++tI4WHBBAX4YblcSlGxpaPDEREREREREREREREREZFOwuF7ANcVZH17+gBw7vxFrlor6BfYu1E7v1496GHsziXLFb7YdZC7xwwD7PMCA4QOCGzc3teIn6+R8xcsnL9goafR276/Kx1fAL6RmhrIOp7Lmo2fk5t3jpoae4/nB6ZPYExkeKP5gq9vW11dg9Hbi9GRQ3hg+gQ8urmTk1vAH/76IUEBfjwyezJrP/mCoyfOMHJoKE8+Mo0//t0+V/Hi+bOJHhFWv+1Lliu89MfVAPzsh4/Rw9i90baeXfgQn6bsqX/vwf45rN+Shkc3d/79u3PpafSu38b3nryfT5LTMWflUF1dzcABgTz92HS8u3uybnMaX3xppvxqBT2M3XnswXuJGh7W6FjLr1pZtzmN9IzDXCktx83NlVGmMB6aNZEePt3r2/1t5cfs2neE7z4xi8tXyvjksy+5ZLmCm5srE0YPZe6sSXRzdyNj/zGWv72+/nW79h1h174jAE3eCxERERERERERERERERFH4vAFYI9ubs0uN7i4NHruanBh1tRxvPvBp7z13mb+8eGnVFZe6w18f/z4ZrbRoAO0U5PVHcZ8OIfcvEL6BfjRp7dv/fJd+7J4873NODs7M3TwXXh0c+NI9mlW/GMTRcUWZsTFAPbi78ZPd7J+SxouLs6E3hWEn68PuXmFfJa6F8vlKyx6fFb9ds+dL+YPf/0Aa0UlPt29qK6pobKy8isdQ//A3owfPZSjJ85wofgy/YP86Rfgh5urge5eHvXtLpeU8r9/+4CePbwZNWIwx3LyOJ6Tx5/fWId3dw/yz11geHgIFy1XOHEqnzdWfcJzizzq52wuK7fy5zfWciwnj969ejBsyF1cuHiZ9L2HOZFbwI+++3D9zQN1Nn32JReKLQwJ7Q/97YXyf6VlUmmr4omHp+Lb04fxo4dypqCI03mF9PL1qZ9/+vptiYiIiIiIiIiIiIiIiDgShy8A9+ndk27ublhKShs9Lylt2lN38viR9O3ty9rNX3C2sBgvz270C+jNlLsj6R/k36jtVWsFZ89fpHcvI717GTl3/iIAPu00325FZSUbknY0KoZWV9eQk3uW8xcu0c3djRlxMXh6uANwOv88763dRg+f7jy36CH6+tsLw3UF0H99kcnokUPw9+vBkexcNn/2JV6e3Xjm6TmE3nWt93P+2QvgRKMhsUuulDNqxGDmfzMej272/ZVfrfhKxxc5fBCRwwfxt5Ufc6H4MlHDBzUqwl+yXAHAZqviG/eO5f74CTg5geVyKb//y/vknS0iOMif/1wyHx9vT2pqYGViEp+nm9l74DhhA/tRUwNrNn3O0RNnmHlfDLOn3V1/XF/utRfLt6VlMnfmxEaxWa0V/OLfn6B3LyMAx3PyeG3FRxw6cgrL5Svc1b8PTz/2DTYk7eB0XiEDgwN4+rFvfKX3Q0RERERERERERERERKQ9OHwBGGBAvz4cyT7d6PnJ02ebbTtkUH/+45lHb7nNM/nnARgUYu/ZWVeQ9PFunwJwVVU15sM5TZa7ubly95hhzIofT68GvU2PZp+m5EoZ4yaPqi/+Anh6uHPPhJG8/o9N5J8twt+vB7v2HsFaUcmk8SMaFX8BAmvnOm6oV08fHnngnvrib3vy7u7BqBGD64d09vH2ol9Ab86dv8iokYPrPw8nJ4gIC+bzdHP9Z3WltIwjx09j9PFiwphhjYrapogQgoP8OXEyH6u1End31/p198ZG1Rd/AQL69KJ3L/tw4JaSUvXyFRERERERERERERERkU6rUxSAA/v24kj2afaajxFlCqt/vnnbLqZPGXNb29yx+xAAYSFBAOw/fAKAwaH92iboFmg4n2xZuZU1mz4nZcd+qqqrMfp4NWpbV/Deun0PW7fvaXZ7+ecuEBE2gLOFxQAMuiuoRXH07OHdIcVfAFdXV7w8u9U/d2rQO7lvg+GvAVyuG/a7+FIJl0vKKCu/yv976Y1mt+/na+SqtaJRAbhuvuc6zs7OuLm5Xv9SERERERERERERERERkU6nUxSAwwb2Y9sX+9h74DhRpjCiTGFs+2IfW2oLwCk795OyYz+nzpy76XaGhPZn/Jih9O3tS8rO/Qzo14fRkYMByDyYXd+mI3h6uDN35iTyCorYuecwA/r1IW5idP36qqpqgPq5dJsT2KcX1TU1VNfUtEvMHa26upqamhrc3VwZHh6Cm1vTf85enh64uro082oRERERERERERERERGRrqdTFIDHRA7ho02p7Nh9iLiJ0USEBTN18ii2bt/DoiXLWrydI9mnGw0lPecbd+PRzZ2Unfs5d/4iPYzdCR0QeJMt3Fke3dy49+5IcnIL2L4jk9GRQzB623sC9wvsza59Rwjp35cnEqbedDt+vj4cz8nj+Mm8+h7GrWVwccbNtfl/HhcuXqa8/CoeHt2aXd+Qi4vzbe2/JXx7+ODl2Q1rRQX3x48n6AaF8dt1J2MXERERERERERERERERuRM6RQEYYNSIMDZv20XKjv08kTCVR2bfw/5DJ7BWVDIxxsTk8SObDJt8vVNnzpGyYz8pO/czclgow8NDAEjZsR+AiTEmunVzu+PHcjMjh4USFtKPrOO5pOzYz/3x4wEwRQzk05QMMszHmDBmWKO5fSsqKjmRe5awkCBcXJwZGxXB7syj7Nh9iFEjBjdqm3/2AgaDM/5+PW8ah6urAT9f+zy5J07lE2UKw8kJbFVVbN+RSfnVihYVgAP62Occzs0rxFZVhcGl7Xrj+nh7MSz8LranZbLlX7t48pH4Rttv6bHeSGCfXjg5OXGu6BJXSsvp7uXRVqGLiIiIiIiIiIiIiIiI3BGdpgAcNzHaXgDeuZ+Avr24b2I0//3Tp/ndn99nQ9IOPk83MzHGROSwUAID/OoLgVZrBWcKikjbdZCUnfZCb5/ePXnm6TkAvPPPJE6dOUcPY3cmjx/ZYcdXx83Nlfh7RnP8ZB4pO/YzJnIIff196RfQm+lTxvDRJ6n87s/vMXBAIL17GSm5Us7RE2cwuLjwo+89zIB+fYgYHExMdARpuw7yyvJ/EhIcgJ+vD7l5heSfvcD40UOZ/8i0W8YyJmoI6RmH2ZqyhzMFRfh4e3Ly9FkuWUoxGFpWyK0rXGcezOa///AuwUH+3BsbTY9bFOtbwskJZtw7lpxTBezYfYiDR04yJLQ/zs7O5OSe5fyFS/XHWjevcGuEDAigr39Pcs+c4zev/oOBAwIZPXIwkcMHfeXYRURERERERERERERERO6ETlMAfuv9LfWP31+7jftq58f9yQ++SWq6mbf/mcSGpB1sSNqBi4sz/n49cHJyJv9sUaPtTJ08ikdm3wPY5/39PN0MwKyp427Zg7i9RAwOZnh4CPsOHCc13czcWZNxcoKpk0czcEAAH2/dybGcPI7n5OHm5kpYSBCzpo4jOKgPAAYXF55MiCd8UDCbkneSfTKPYyfOYPT24t7YKB6YPqFFBdEhocEs/NYMEjekcOjoKVxcnDGFhzD/kWn87d2NLTqW/oG9+dH3HubdDz4lJ7eAvIIiIocNapMCMIBvTx+Wfv8Rkj/fS2q6md2ZR+3Le3gze9oE4iZG3VbxF8Do7cVzi+by/tptmLNySM84TJ/ePVUAFhEREREREREREREREYflVFNTU9PRQdzKX95az17zMXoauxMbY2JD0g4Anlv0UP0wztkn89mx+xBnCs5zpqAIq7UCgG7ubgzo14fAvr2IMoURERYMwK59R/jbyo8BuD9+PLOnTeiAIxMRaTv7DuS0qn3P7m44OTnV/wA3fUzDx4ATN2jX4Petll3/uCXPb7X8Rlrb3sOz09wjJSIiIiIiIiIiItKplZfZOjqELsXhr26v+Mcm9pqP4eLizPxvTmPYkLsA2JC0g1dfX8OkcSOYNH4EoXcFNprrtuBcMc7OTvTp3Xj+14bzAAP88NsPMmLowPY7IBERkXZmq6qiwmqjwmbDZquiurqGTnD/l4g4ACcnJ5ydnTAYXHAzGHBzN9RPtdJVKWeKyFehvKm8KSKt83XMmyIiIu3BoQvAKxO3kp5xmMC+fuSfLSK1drjmut8AKTvtxdyxUeEMHTKAu8cMByCgj299m5Ir5ezJPMLRE2fYte8IAAP69eFbc+8jJLhvOx6RiIhI+7FaKym7asVmq6abuyvd3N0weLng4uzU6h7RIvL1VFNTQ1V1DTZbFZWVNi5eKsVgcMazmzvu7q4dHV6bUs4UkbagvKm8KSKt83XKmyIiIu3JYYeAfvO9zaTtOkivnj48t+gh/u+dj8k/W4SLizNVVdUMG3IXTz02nbQvD5K2+yBnC4vrX9vD2B2jt32O2eKLlykpLa9fN6BfHyaNH8GkcSPa/ZhERO4kDQF9c1+nIaCrqqopuVJOdXU1np7udHN36+iQRKQLuWqtoKzMirOzM97dPXBxce7okL4S5UwRudOUN0VEWqer5U0REWkZDQHdthyyAPz6uxv5cm8W3b08+OG3H2TggAAKzl2oLwJHmcL4/oLZjV6TYT7GoSOnmswBXGfYkLuIiY5g/Oih7XkoIiLtRgXgm/u6FICvWiu5XFKGl2c3vDzdOzocEenCSsuslJZdxcfbk26dtHeGcqaItCflTRGR1ukKeVNERFpOBeC25XBXtz/57Eu+3JuFm6uBRY/PZOCAAE6cKuBvKz/mwsXLxERHsPBbM5q8LtoURrQprP55wblirBWV+Hh74uPtqbkjRESkyyu/WsGV0nJ6GL1wc3W4r3gR6WK8PN1xdXXBcrmUmhoPPLp1rh5gypki0t6UN0VEWqez500REZGO5HBn7OkZhwF4+rFvMHTwAA4dPcXr727kSmk5k8aN4ImEqS3aTsM5gEVERLq6q9ZKrpSW09PYHYNBNz2JSPtwczXQ09idi5YrODk5dZqeGcqZItJRlDdFRFqns+ZNERGRjuZwEyi4u9m/xLt7ebAn8yh/fmMtV0rLmTBmWIuLvyIiIl8nVVXVXC4pw+jjpQtyItLuDAYXjD5eXC4po6qquqPDuSXlTBHpaMqbIiKt09nypoiIiCNwuB7AUaYwTpwq4JXl/6xfNjYqnKcend6BUYmIiDiukivleHl201B8ItJh3FwNeHl2o+SKfWhQR6acKdL1VFdXY7NVYauqprq6mpqaGmpq7tz+nJzAyckJZ2dnDC7OGAwuODu37v565U0R6UjtmTfbImdC58qbIiIijsDhzt5D+vcl/p7RZB7MxmBwISY6gm/cO7ajwxIREXFIVmsl1dXVeHm6d3QoIvI15+XpTvHFCqzWStwddGg+5UyRrsVmq6Kiwoatqqpd91tTAzU1NVRXV2GzVYG1EoOLC25uhlb1kFXeFJH21hF5s61yJnSOvCkiIuIonGpq7uR9sSIi0l72HchpVfue3d1wcnKq/wFu+piGjwEnbtCuwe9bLbv+cUue32r5jbS2vYenw90j1ayLlit4dHOjm7tbR4ciIsJVawXlVyvoaeze0aE0SzlTpGuorq7hqrXCXkhwMAaDC93c3XB2btm5p/KmiLQHR82brc2Z4Ph5U0REbl95ma2jQ+hSHG4OYBEREWkZW1UVNlu1LsiJiMPo5u6GzVbd7r3xWkI5U6RrqLRVUVpW7nBFjDq22vgqWxif8qaI3GmOnDdbmzPBsfOmiIiII1EBWEREpJOqsNropmGvRMTBdHN3pcLqeHftKmeKdH4VlTbKy613dH7ftlBTA+XlVioqW5YLlTdF5E7pDHmztTkTHDdvioiIOBIVgEVERDqpCpsNV9fOMVS1iHx9uLoaqLA53gU55UyRzq3SVsXVqxUdHUarXL1a0aJebcqbInIndLa82dKcCY6bN0VERByJCsAiIiKdlM1WhcHg0tFhiIg0YjC4OOwQg8qZIp1TdXUNV69aOzqM23L1qpXq6pt3vVPeFJG21lnzZktyJjhu3hQREXEkKgCLiIh0UtXVNbg4O3V0GCIijbg4O7Xowl17U84U6byuWiscevjSm6mpscd/M8qbItLWOmvebEnOBMfNmyIiIo5EBWAREZFOqqamBicnXZQTEcfi5OREjQNecVTOFOmcbLaqTt/L61bHoLwpIm2ps+fNlsTvqHlTRETEkagALCIiIiIiIiIOqaKia8zx2FWOQ0QcX1fIN13hGERERDqaCsAiIiIiIiIi4nCqq6uxVXXeXmwN2aqqqK6u7ugwRKSL6yp5UzlTRETkq1MBWEREREREREQcTmcewrQ5Xe14RMTxdKU805WORUREpCOoACwiIiIiIiIiDsdW1bV6f3W14xERx9OV8kxXOhYREZGOoAKwiIiIiIiIiDicrjb8Z1c7HhFxPF0pz3SlYxEREekIKgCLiIiIiIiIiMOpqanp6BDaVFc7HhFxPF0pz3SlYxEREekIKgCLiIiIiIiIiMPpatf+u9rxiIjj6Up5pisdi4iISEdQAVhEREREREREREREREREpItQAVhEREREREREREREREREpItQAVhEREREREREREREREREpIswdHQAIiIi0n6SX/kJWwpv3c4/filL7/O/8wG1iI28Hav4ICmLvFLbHYvtwLs/4Z2z01i6NA5HOXIR6boqi/aR+N5O0k+XUmYDnA0YgwKZEjeZeJM/rq3ZmDmRRW9ZmPMfC5mpBCYiXZKNoj1JrPj0GLmFNioB3N0JDo9g5ozJRPu17vJWxjvLWF4QyYv/EUfAHYlXRERERKRjqQAsIiLyNTJ58fOMrW6w4FAiv/qwkEnf/QGTGxQNDO7e7R7bjdgOrOJvH2UTNHkez00agG8Hx1b46Su8klTI8Cd/x5PDW/niM2msTi0hauY0wh3nLRaRdlZmTuRnb+XiOtjEvO9HEu7rDpcLSd+ZStI7K0kaNJnnvzsav44OFMhNW0PSpTASZpgwdnQwIvI1VUrGO2+y3Azhkyez5Nsh+LmDpcBM6uZ9LH/pMOEJ81gyzrejAwUsmDclk95jNAsnBHd0MCIiIiLyNaYCsIiIyNeIwcubRnVHLwNgwMPbG28HLUiaMw5QHv4wT88c7hAnLv6TfsDzMTYMHrfx4kvH2ZtRiP+9KgCLfH3lsnF9LpjieHFBJJ51i72NxM8NIz7+MBvNXg5R/AUoOp5DeoGRmTNQAVg6uSqKs/fwxf7zXG5J8+69iRk1ikG+Lnc6MLmVvC9IzKwi+vGFLI7yql9s9I5l3uBYZh5MJqOHIxR/AazkmnNIDwhj4YSOjkXkK7IVcXzXAdLPlraouU/fCO4eMxBfR/hPm4iIiDjEdVQRERGRGyikuBDo6+k4Jy1uHni7dXQQItJpleSSXQyh04dfK/425B3BTBUNRNpecTpvrcwkr8UvyCUj28b/+94EHKW0+HVlycmjCH/mmLyaXW8cFseUdo5J5OugeMcWlie36JYZu8xcjtke5UcTe965oERERKTFHOZaqoiIiDgISwqv/vpjuP95npt4XTfVir288cJqePi/eHp0CcmvvMKWvo/xfPQp3kj8krxSG7j7Ej75MR67bwCNOsnaitm7ZiVr9+VRbgNDz3DiHnuMuLua70pbN9Sy/ck7/OQnAP5MW7qUOH8oP5lC4vpkss6UY8OAR79w4mYnMKnB9urm9f3Bw65sX59M1hkDE555nlk3GZGv/GQyb6xOJuuiDQweBEXO4YmHo/B1rtvoO/zkncL6OChM5pVXtuA/73nG5r1D4henKGlyfAd45yfvcKB2E1te+QlbAEY8ye8eHw7lp0j5cC3Jh2rfG68gwu+dyYN3D8LbubkoRaTT8u6FnzOYzQcoGxXZfBH4Opbjybz9/gHMxTYwGAiOnszihEj8bpYfqi1kJW/i7W35FFnB1cuXmAcfYH5U41JWZdE+Vr27nfTT9jk1XX39iZ0+jQS37Xz/rdzaVvt4Yck+AKIXLGGx6XYOXKSD+Q5mRN9M8s62/CVBEaEq/joAY08jcJoMcykxUc0XgRtpYf5rwlZI+ocbWZVRTJkNXH0DmTlvNjNDGu+zUU4GPPsHM3NWPKacRF7YbLE3Kkxi0ZIkwKj52aXT8o0IIWhbJnnVt24LgLMPI4ao+CsiIuIoXH75y1/+sqODEBGRr+5s4aVWtfdwc8HJyan+B7jpYxo+Bpy4QbsGv2+17PrHLXl+q+U30tr2rq6OX3UrLbtKd69uX20jhZlszSxl0IQJDKy7ttUtCPe8ZNIOwdCJg/Fp0Lwk7Z+syY1g9mMj8XMqJSctjeyL+Rw45sWkJ55k7rRYTF4FpG7ZSIolhClDay+0VReS/MffsbZoEHOeWsDcabEMrjnAhvf+RemQWAY3M66oV78oxt09GA7u4VTIwzz/vblMnjyOQT1ccT6+lpdfT6YsdA4LnpzL9Nhh9Dy3g7Ufp1I6YDLhvWoPb/9WMgvyOZBRhO+YqUyJGYsp1BePZj7eurZZh2wMmv0tnpw9BVOvIvYmf8aeyqHEDvZp/j0rzSEtLZuzJ/ZyyjiJed+ay/Qxd1F9Mo3Pkk/jNymKABdfBo+bwMTehaQcrmbSd5fy5IzJTB4egLtrKWmvv8L6Bu/NMP9SjiR9Qn7fKQx1lHFgRVqhTfJTG3OcmHoT4HSIpLTDJO/LA2NP+vXwxvUGt+aWmRP5xYqTeI+bwuIFU5gdaST3X8m8fcSN+0YF4gpQeIgN+6yEx0Yz2AuglIyVb/PaPjdivzmbxXPGMaZ3PptXb+NQj5HEBNUOY3A2md/8fgfZvYfx9ILZPDptCCE1BaRuysb7gVnMmxxJwPkMMmtMLPnJbObeE010QDc6wVekdBHWiso23JonAyMDqT56hBNXbt06aPJsnr0ngLb+5+7u7trscsfJUdc4TEx+RlwO7WfbF7vZfa4co18f/Lq74dLs6X3L8l9B5g52X+nLlNiB9ulRqvPZ+Oo/WFXUl3lP388T3xjJsJpjvL9qN1fCRzOsh33r9px8BOvQCTy7IJ45E+/C7+JRNn5+mTGPzmD2xEA4cITskFhe+UE88feMJLzHjWIVaXttmjc9+zNmyFUOZxRSUnOLts4+3PedR5nWp22z5o1yJjhQjhIRkTZjq2zpXUfSEuoBLCIiItcxEBU/iS3/u5e9ubMIqu8tm8f21Dx8xz5MeMP/11v8ufc/H2Nsbcdb74lP8m+8yq82bCTlvueYZISSL1az5Ww4Dzdsd993eLr8Zf782V6mL4hqelLi5oG3mw8eLoDBE+/6SYpLSPkkjZLBD/Nfj46t7WXszdhHn4Oy/+SDT1KIC5t0ba7jcg/GPLP0pr1+65X7MvlH32FSbUHaO+ZJph35CauPZVFM0M17AUUksPSR8Nonw5n1UB4H/ieZrOMQNdQ+z3Lzcy6f4vhJCH80gbHB9nfBO3IW3xkxiza/6iwiDiFg6gJe8k1ixeZjrH1rNWux91ALHzuUmRNHEWqszYjVh0l8PxfPSQksqUti3pEs/DcbZS/sZmPeaBKCmtlBVjJvZxqIf/YJEgbYFxlHPcTzVat5busX5I6NJ5hikt7bR65fJC8ujiPA3oroqQlET7H3NAbwNADOLhi9jZoDWDo/QxDfWHAP5177F+ayGzfzGHYPi6cE6YKJo3AOZOazT+C3bgtr9+xjeaZ9RALP/oHEjhtH/OgQ6tJmy/JfU5bULawtCGT+iw8RW3uuapz6BM+W/R8vJ+9mztOjca3NyYyM58V5JvsNOBiJnRtCjM2Gq8EA7kY8nQGDJ0ZvZU3p/Ax9J7I44SK/fj+P8hu2cseU8CDf6Ks500VERBxJp7+seCT7NEezz3A0+wxl5daODkdERKRrCJzMhH4l7NqZdW1Z1g52WcK5997rqg2DhxN93SjO3pFjGEAex4/ZgBLM5rxm2w0IHQA52ZxsTWwlZsxnIHxEdOMhpvEgekQ4nDnO4YoGi3tFMbYlxV8A/+GEX3etLijQH2xgu8VLQ4eGN17QN4hA4NY3L/oT5A9ZKR9zIL8cW137Tn+WJiI3ZsBv1Ax++v+e4/XfPMVPn45hykADuZ+n8vKL/8dyc6m92fFjZJS7Ex15XRLzGEhoQCnZOZZmt55lzqHMOJDoAY2Xew4MJLg4j+wSoOQQGach9O7RtcXfhuGp7CVdWLcIFiwYTtCNvmf7DueHcyNofoIK6TAGf2LmPsFLv1nCX/7fQzz7gIlwg4VtiWtY+mIiGbWVqRblvyYsZOwvhsFhxFz3wYcO8ocT+WRDbU42ED2urvh7javypnRhHhGz+eEUnxuuD5oykwURLZnUQkRERNpTpzxDLSu3siFpB2m7DjQp+k4YM4z7JkbTP0gTrIiIiNw+bybEhvPxP9M5xRzxAAAgAElEQVTYOyecKDcbe3d+CdFP1/fgrefm2fSEwtsHb6DwUjEA5WXAyQ/4+U8+aGZfw7namtDKyykHvLs1PY0xdDMAhZRcAupOBVwc/XTHn7gf/ABWJ5L4pzTKbfb5jCfdN4u4oZp5UKTjFbLxtytZW9hwWYM5HQuTeeG3+yhouNo/khf/I65pYbU57r6EDosldFgsCdXFpP59JW+/swXz7x/CZLVShpWk15aR1MxLA25wA2xZuQ0sZl5eYm5mrZGycgArZUCAsY16qJkTWVQ/Z3CtkfG8/qR9wuCMd5axPLPxas0nLB3G/wY92jyDWLBgIm08gunXz63y4i3yxa24+oZgmhSCaRJQnM5r/5PK8o8O8/q8iJblP+/rl1spKwVytvP9JdubeV0wZQBWK2V44dejRWHe0s3z4i2+e0TaWZ/JD7Kg8D3eOtj43MNj2D0sntyng6ISERGRm3H0K6JNnM4r5JXl/7xhb9+0XQdJ23WQpx6dzoQxw9o5OhERka7DEDmBseveICW9hKgRe0k55MuYfwtv2rCiDBvXnVSUXKYE8O3hC5Tj4QkMfZjn50Y0t6fW9bLx8MADsF1tstfaZb54t9GFuXbjMYC4p5cSB9hK88j610YS33qZU4/+hqejO93pmkgX40/8MwuJbdSb34Bn3bzpfrH89JejaTTjnnO32xsu2dmX2NGBvJ1VTG4RmNzd8cSL2MWPEd/MtVVXt+b34ulhAL8IljwT00wRujb2Unc8AYvFAm0xuHPEDF755XVjJRi86h+aEhbyyoONV7uqi6V0II+I2fzwG4n88ZMiexHY04+HFszGpOkkv7pb5cVb5ItW8Y0hZlAq5rOFFBHRsvzXhLt9+bBYXklo5lwXA54A7u54UkpRwxsNv4Kb58VbfPeItDtPTHNn8lDZRtbk2K/JeoSM0ogJIiIiDqxTXVG8UHy5vvjr0c2d+yZFc/eY4fTy9aGs3Mq+A8dZvyWNCxcv8+Z7m/HwcCdq+KCODltERKRzcg5n/FhfXk3dTtrlA+T1m8DTgc20O3qAjPKxjXoGl+zfyymCmBVmALwxmYJY+2kueV5jG88ffDu8TZj6reXj/RmUjx7b4IJDORn7s6DfLCLcvuI+7hR3Tzwop7xRl2cbNpuhfsRVg1cQw2fO4dzhV9hy9DhEN3chUkTak6vXTea/dXbH09u9FVsrJGNnKeHjQmhusETz0XzwCCHUD/ANI9rjGFn5VSQMavmIAOGmEDx35pFbbWwyrH0976FE908ncbcZS2xs4+Orpn4Yek8PA1iruMl0qXYGL4xNetVd4+qhOYTF8fSJSeCHFe/xxx1wz4IE7lbPyrZxq7x4i3zRRKGZ1NKBxIY0U/2sPkzWcfAcGYgf4NeS/NeEkegRvqxKOkeuVwymG52rDrLn5Iy9h5k/+LqbGuvzZm0x2WqlEpoMFd3QrfLiTb97RDqCcx/ufmIm5W+s418M54dPjNWICSIiIg6sU31Nv/HeJ/XF3x9//xFmT5tAL1/7HBSeHu5MGDOMF5Y8Sf/A3gC89d5mzQssIiLyFQTFTiDoYgprtxcTHjuh6Yh5AMZCPnttNV/mFlNSUsyp9NX8ecMpPKKnMaH2qpX33TOZYPiSd/7nA1KO5VFSUkJJ/nFSPvozv3pn7y3n123Mm0nfmID30Q949b0vOXWhhJILp/jyvVf54Kg3E74xqfk4HUFoJCavElLWrOVAfgklpTbI38wrL7zCB59n2Y+lpJhTn39MSiGED669kS1rLb/69a/42xfFzT8ni7W//hW/ej2N4mZ3LCIOo+goSR+tYemLK1mVYia7yIKlxELRqX1sfGcFy790IfqbcYQDOEcwZ4Y/BRtWsezjfbVtC8nem8zy364gMe8G+wiPZc6gYhL/sJLEvTkUlViwFOWQvjWRF36bhH3gVV/iZ0RgzEvnheVJZORZsJTkk5Wyhhd+sZr02v9GhY8MwdNiZtWHZnJLLJTpv1fSxfSZ+Cj//ZNHuU/FX4dVlLWbVX/6P5b+aRNJB2tzWl0u/P0mUp2DmT8rzN64RfmvKWNsLFMMx1j++zUkHc3HUmLBkneMpA/fZOlbu+29mWtzcuWXm/jZqnR7Ti7KIf3jlSyt37aR6EhfyNrJ8hT7/stad6Ir4tic+3Dfwu/w3wsnqPgrIiLi4DpND+DTeYUczT4DwFOPTb/hHL+eHu784Kk5/Neydygrt5K26wD3TRrVnqGKiIh0HcYJjA//mA9Oj2VS5A1OG/pP4wfRebyz8hU+sNjA3Zfw+75Dwr2Drp1oOA9izs9+yoA1K/n4nVf52AoYPAgaGsdjD0a1/oQkbA5Lv+dL4vqN/PW3H2DDPm/unGfnMaG5XsqOwnkQcxbN4vLbm3nnf9PAfxpLl07nOw/bWP3Zav66odw+nLZXEOEPPse8uuGfbZcpsZTgUW5r/jk2LltKKHEvb2UxXUTanV8sP/31YDK2bWfjvz4jdZ3NXlgwGAjoH8a8H00mNuhaLzfjhCd4yT+Ztz/czrJtyfYeZb7+xE6fzZygG+3ElynfXUhA8iZWfbSGpFLA2YDfgDDmfPteguuaDZ7Bi9/34e11e1jxP2YqAU9/f2LmTiPa/VqbJQ8ksnxzEr9Kg4DpT/DiVFXKRKT9+E16ileHmknatJuk9w+TWGpf7urlRfDIWJ6fEUNw/ZAwLcx/13MOY94vniD0w40kvrWaRCtgMBA8bBQL546u78lrnPAEL3psYsWmnbz8Uio4GzAGBRKfEFO/beOEh3j23BpWbFzDz9ZpvnMRERER6RhONTU1NR0dREus35LGhqQd9Orpw8u/WHTL9m++t5m0XQcZHNqPH3//m+0QoYhIx9p3IKdV7Xt2d8PJyan+B7jpYxo+Bpy4QbsGv2+17PrHLXl+q+U30tr2Hp6Of4/UufOX6NP7Dk92W53FB//1Bnn3Pc9zE6/vV1tI8iuvsKXvk/zu8eF3Ng4R6VTaJT+1kiPGJCI3d7nkloOPdzo+3s0N/u6YOcoRYxKRm+tqefNGOROUo0REuqJyDZ3SpjrNYB0XLl4GYMig/i1qH1k79++Z/PN3LCYREZGurmRHMl9aw5kU47CDKouIiIiIiIiIiIhIA52mAFw3l69HN/dbtLTz9HBv9DoRERFppepTbE85hUf0BKLcOjoYEREREREREREREWkJxx/fslb/wN7sO3CcoyfOtKj9keOnARgc2u9OhtVq5VcreG3FGvIKivj3784lJDjgpu0tl0v5/V/ep9JWxc9++Bg9jN3bJI4NSTtYvyWNMZFD+M4Ts257O9XVNXy5N4sNSTs4f+ESHt3c+dH3HmZAvz5tEqeIiHQg5wHM+tnvuPG3hD9xS39HXDuGJCIiIiIiIiIiIiI312l6APcP8gfgdF4hF4ov37J92q6D9tcF+t/RuG5X+VUrmz/bRVVV9U3bpezcz7nzF9spqtbbvO1L3lj9CZcuX2HYkLsYEzm4vve1iIiIiIiIiIiIiIiIiLSvTtMDOGr4IHr19OHCxcv8+a11LF38yA0LjW++t7l+zuCpk0a1Z5itcvDISY7lnCF8UHCz688WFpOyY387R9VyJVfK2LH7EG6uBp759pwbHoeIiIiIiIiIiIiIiIiItI9O0wMY4KnHpgP2XsCvLP8nR7JPN1pfVm7lzfc21/f+jZsYTS9fn3aPs6WsFZVs/mwXFRWVTdbV1EBquplLl690QGQtc7mkjNKycry8POjb27ejwxEREREREZEuxMmpoyNoW13teETE8XSlPNOVjkVERKQjdJoewABDQvvz1KPTefO9zfYi8F/+SS9fH/x6GgEaFYQnjBnGo3OmdFSot2T08aJvb1+yjueSeTCbMVHhjdafKThP2u5DhN4VSEWljdKyqwBcKS3nD3/7kLyC8yyeP5uRw0Ibva6s3Mof/ppIwblinlv0EGEDWz4Hct28wLOnTaB/YG8SN6Rw/sIlXFycMYWHMG9uHD18unPJcoWX/ria4ot1Q3GX8+MX/wrQaE7hCxcvs+6TL8g8lE1ZuRU3N1fCQoJ4+P5J9AvofZvvnIiIiIiIiHwdODk5UVNT09FhtBknVTNE5A7rSnlTOVNEROSr6VQF4CPZp9l34HijZReKLzeaE9ijmzuzp43nvtqhn88UnOfwsVxOnMwn+2Q+ODkxKCSIAf360C/Aj2FD7mrXY6jj4uLCtCljyH/vAp99sY/hEQPx6OYGQFVVNUn/svcMnjZlDEn/2l1fAO7u5UFMVDiJZ86Rtusgw8NDcHG51pH72IkznM4/z8ihoQwcEHhbse3ed4St23cTelcgA/r5cyT7NHsPHKes3MoPnp6Dm5uBaFMY584Xc+joKQwuLgwPD8HNzcDA4AAATpwq4E9vrOVKaTmBfXsxclgo5y9YOHzsFC+9tpoFj8Q3KXqLiIiIiIj8f/buPD6q+t7/+Gsyk5lM9kxIIAmTAEkIEpYQQAwioijYKqJWsbbFW7f2Vttqq/dnr/rr4m2t93e1m9Uubq1eq1JvFawLeFFEBBEIYYkkkLBkSIDs+2SSSeb3R5IhYQshy0yG9/PxyCOTc77nnM8Zvn7BvOd7viLdgoKC6Oho93UZgyYoaEQ9hE1ERqBAGjc1ZoqIiAzMiAiAq6rreX3lR2w/IfydmDqWUbYoYmM6H/NsT4onI9XuXRt409Yv+Ns/1tLiau113JbtBWzZXgB0zhS+7atXDcNdnCwpYRRzZ01mzcfb2LajkHlzpgJQUnqMHfn7mTE1jYkTxrJm3dZex2VNSeN/1+dyoOQoVTX1xI+KBjqD4+7HX8+dndkrGO6P+sZm7r3rK6SO6wyQK6pq+dUf36Ck9BhlRytJHZfIzUsXcKDkCEUHyrBaLXz1usuIjgoHoLW1jVWrN9LY5OTaxXO5+oqLvI9t+Xx7AS++9j5vf7CJiWl2oiLCzqlGERERERERCWwmYxBud2AEGdB5PyIiQymQxk2NmSIiIgPj9wFw93q/zU4XAPbEOK6YP5OsKWneoPdUfvXHv7NnXwkASxblkBBvI3nsaKIjwzh8pJLDRypY/9kuNm7JZ9uOvfzwX29iQkrCsNxTtyCDgcsunkHuriLWfLyVqZMnEBYawrtrP8dkMrJowWzc7nZq63qvAxwXG82USeP4ZPMu8nYXsWjBLACOllez78Bh7Ilx/Xr084myp6Z7w18AW3QkSQmj2JFfTF19U5/HHymv5kDJUeJHRXPJnKm91uzIykwlbVwShcUODhw6QtaUtHOuU0RERERERAKXyWQEV5uvyxg0JpPR1yWISIALpHFTY6aIiMjA+PVHqXqGv9YQCzcvXcCP77+VubMzzxj+/vS//sqefSWMibfxHw/exrWL5zJ7xiR27dnP8397D3OwiUtzpvN/f/ANpkwah6u1jV/+7m+0t3cM4911irVFsvCSGRwtr2Hztj3s2VvC7oIDzJ01mbEJcXg8HjpOWLvDYICcWZOxmIPZklfgDcfzCw/S0OhkdtakM74/femeydvNaAzCHHz2nxWoqW3A2eIiIjwUszm41z6zOZiIcCsejwdHWcU51ygiIiIiIiKBLSgoCJMxMAIAk9Gox5mKyJALlHFTY6aIiMjA+e3fpD3D39iYSP7t7mXedX3P5N21myk9Wok1xMJ/PHgbY+Jt3n2vr1zH9t1FvR4lfe9dX2Hu7Myu/R8N/o2chTnZF2BPiueDj7exYtU6YqIiuOziGb1mzp4oZexoxicn4CirYP+hMpqdLrbkFRATFeHzWbUdHR48J4TWIiIiIiIiIv1lNvv9g8vOSqDch4j4v0AYbwLhHkRERHzNbwPgF1973zvz98f334o9Kb7PY9rbO9iweRcANy9dcNL+hZdkMzF1LDNOCEi/dsNCYm2RfPRpHvmFBwfnBvqstZ3Wts5HsoSHWblqwSwampo5VlHDwktmEGuLPOPxZnMwObMm09HhIXfnPvbtP4yjrIIpk8YRFxs9HLdwWrG2SEKtITQ0NtPa2vuxM62tbTQ0OjEYDNgT43xUoYhIYDAYDPrAjYj4HY/Hg+FMn2T0EY2ZIiOTyWQc8Y8B7eseNG6KyGAa6ePm2dTvr+OmiIiIP/HLAHjV6o3exwPfc/vSs36c8Y78Yiqq6pgxNY2LL5xy0v6vXncZ/3b3zSeFyRZzMAsvyQZgc+6eAVZ/dlpb3TQ1t3h/njEtnQuzJpE2PolZWRlndY7MjHHEj4pmxxfFvPnuBkxGIzmzJp9x5vBwSIi3MT55DOWVtXyyeRc9/38xL7+YooOljImPYfwwr7ksIhJogoIMtHfol3Ii4l/aOzwEBfnfL+Q0ZoqMXCEWs8//P/dcGQyd9Z+Jxk0RGWwjddw8mzET/HfcFBER8Sd+9zyNZqeLtZ/kAp0zdjNS7Wd97IcbtgMwNqH3zNKq6npWrdlI3u4iYm1RPPCdZSeFyhMnjAVg09YvuP2WLw3kFs6JyWjk9q/177pRkWHMmJrO+x9+Tn1DM5PSkkkZO3qIKjx7ZnMw1y6eS0lpOatWb2TrjkKSk+KpqKpj/6EyTCYTS67MISoizNelioiMaCaTEbe7HZPRLz/PJSLnKbe73S9nnWjMFBm5goIMhIRYcDpdvi6l30JCLH2GFBo3RWSwjdRx82zGTPDfcVNERMSf+N2/4vN2F9Hc9Y+TaxfPPadzJI4Z1evnypo65s7OpNnpwlFajqOs/KRjUsaOJiYq/Jyu50sXZmUQHmbFYDCQM2syZnOwr0sCYEJKAg/f93Uuyr6AmtoGNm39gpLSci5IT+Hfv38Ls2dM8nWJIiIjntlkoq3N7esyRER6aWtzYzb53edMNWaKjHDBJiMhIX3PCvMnISFmgs8ioNC4KSJDYaSNm2c7ZoL/jpsiIiL+xO/+pty+uwiAubMzz/rRzydyu3v/D8rZziIOChr6PNwaYubB7371rNtHR4Xzn4/c1We7+FHRZGaMO+vzLlmUw5JFOX1u6/at5dfwreXX9No2PjmB3/3iu6e9RmxMZL9nNYuIyNkzW0zU1DYREW71dSkiIl4trjZiov3vSS8aM0VGPnOwCYPBQEuLC39emtZg6JzFdrZBhsZNERkqI2Hc7O+YCf47boqIiPgTv5sBXFjkAM4+tO0pKrLzL/6iA6X9PvbIsSqqauoJDxtZ/2PzeV4hjU1OZkxN996/iIicH0xGIyZTEC2uVl+XIiICQIurFZMpCJPR/x7JpzFTJDAEm4yEhVr99tGfpq76zj781bgpIkPLn8fN/o6Z4N/jpoiIiD/xuwDY2dL5+GfrOcz+nTltIgBFB8pO2ldVXe99fapwufuY7Knp/b6ur9TVN7F91z5ioiK4ZM5UX5cjIiI+EBpiobl5ZK3rJCKBq7nZRWjIuT3FZzhozBQJDEFBBkKtFkKtFr8JAExGo7ems1m/spvGTREZDv42bp7rmAn+P26KiIj4C797BPTE1LHsLT7MX157n7WJ8Wd9XEaanYXzZhATHUHp0Uo++jSPyy7O8u6vrKnzvq6qrqfZ2YI96fj5N+fuASBrStog3MXw2LqjkPLKWuZdOIW42GhflyMiIj5gsQTjbGmlqdlFWKj+J1hEfKep2UVQUBAWS7CvSzktjZkigcVkMmIyGeno6MDtbsfd3kFHRwcej2dIH3VqMIDBYCAoKAiTMQiTyXhOS0pp3BSR4eaLcXOwxkwYGeOmiIiIvzB4PP61AoSjtJz/emaFdyZwfzz75P2sWbeVv7/9MUZjEH/8fz/otf/RJ1/CUVZBbEwkN193GTO6wt5X/ud/WbdxBxfOmMRd37h6UO5DRGS45e0+0K/2MeFmDAaD9ws442t6vgYMnKZdj+99bTvx9dn83Nf20+lve2uo331G6rTa2zuoqmkgOioMc/DIqVtEAkdrm5vauiZiYyIwGv3uIUO9aMwUEX+gcVNEpH9G0rgpIiLnxtns9nUJAcXvAmDonKH76Zbd/TpmlC2KubMzcbvb+eVTr1Jy+BgTUhK4984bCA0N6XXuWFuk9+e/vr6aDZ93Xuuhe7/G+OSEwbkJEZFhpgD4zAI5AAZocbXR0NhMTFS4X67tJCKBy+1up6aukYjwUEJGyGwMjZki4ksaN0VE+mckjpsiItJ/CoAHl18GwAN15FgVf3zpn5QdrQTg61+5gvHJY7BFR2INMVNT10BdfRMrVn3MgZIjAHz71iXMmj7Rl2WLiAyIAuAzC/QAGMDZ0kpjk5OoSM3OEJHh0drmpq6+ifAwK9YQs6/L6ReNmSLiCxo3RUT6ZySPmyIi0j8KgAdXQAbA0BkCr1i1jt0FB8/YLmnMKK5ZlKPwV0RGPAXAZ3Y+BMDQOTujvqGZsNAQrdMmIkOqqdlFU3MLkREjdyaGxkwRGU4aN0VE+icQxk0RETl7CoAHV8AGwN02bf2Cjzft4PCRSlyuVgBMRiOJCbHMnDaRhZdkYzHrHxAiMvIpAD6z8yUAhs512hoanXR0dBAaaiHEok9Ji8jgaXG10tzsIigoiIhw64hfg01jpogMNY2bIiL9E2jjpoiInB0FwIMr4APgno4cqwIgflQ0RqPWrBGRwKIA+MzOpwC4m8vVRnOLC7e7gxBLMMHBJkwmI8YgQ7/fDxE5P3k8Hto7PLjd7bS1uWlxtWEyBREaYsESYLMwNGaKyGDQuKlxU0T653waN0VE5MwUAA+u8yoAFhEJZAqAz+x8DIC7udvbaXW5aXW7cbvb6ejwoL/+ReRsGAwGgoIMmExGzCYTZosJU4B/kFJjpogMhMZNjZsi0j/n47gpIiKnpgB4cAXOb7dFRETklExGI6ZQI6FonTYRkb5ozBQR6R+NmyIiIiIi/kcLKIiIiIiIiIiIiIiIiIiIBAgFwCIiIiIiIiIiIiIiIiIiAUIBsIiIiIiIiIiIiIiIiIhIgFAALCIiIiIiIiIiIiIiIiISIBQAi4iIiIiIiIiIiIiIiIgECAXAIiIiIiIiIiIiIiIiIiIBQgGwiIiIiIiIiIiIiIiIiEiAUAAsIiIiIiIiIiIiIiIiIhIgFACLiIiIiIiIiIiIiIiIiAQIBcAiIiIiIiIiIiIiIiIiIgFCAbCIiIiIiIiIiIiIiIiISIBQACwiIiIiIiIiIiIiIiIiEiAUAIuIiIiIiIiIiIiIiIiIBAgFwCIiIiIiIiIiIiIiIiIiAUIBsIiIiIiIiIiIiIiIiIhIgFAALCIiIiIiIiIiIiIiIiISIBQAi4iIiIiIiIiIiIiIiIgECAXAIiIiIiIiIiIiIiIiIiIBQgGwiIiIiIiIiIiIiIiIiEiAUAAsIiIiIiIiIiIiIiIiIhIgFACLiIiIiIiIiIiIiIiIiAQIBcAiIiIiIiIiIiIiIiIiIgHC5OsCBmpHfjFHyqs5cqwKR1kFjtJy7Enx2BPjSBgdS0K8jemZqb4uU0RERERERERERERERERkyI3YALimtoG/rlhDfuHBk/Y5SstxlJZ7f87MGMe/LFtETHTEcJYoIiIiIiIiIiIiIiIiIjKsDB6Px+PrIvpr09YveOHV9wAYZx9DzqzJxI+KJn5UDPGjoimvrKW8sobyylo2bf2Cg46jANx+y5fImTXZl6WLiAyZvN0H+tU+JtyMwWDwfgFnfE3P14CB07Tr8b2vbSe+Ppuf+9p+Ov1tbw0dsZ+REhERERERERERERlRnM1uX5cQUEbcb7eLD5Z5w99Z0zP49q3XePe529spLHKQOj6R+FHRAFw+bwZ/eumfbN1RyAuvvkf8qGhSxyX6pHYRERERERERERERERERkaE04mYAf/ehp3C5Wvnu7dd51/atqKrl9ZXr+GLvIdra3AQHm5g8MYWbly4gLrYzCN6RX8zvX3gLi8XM7x/7ni9vQURkSGgG8JlpBrCIiIiIiIiIiIiIf9IM4MEV5OsC+uPNdzfgcrXy5YVzvOFvdU09Dz32PDvyiwkxB5ORaifEHMyO/GIeeux5qmvqAZiemcqXF87B5WrlzXc3+PI2RERERERERERERERERESGxIgJgPMLD/Lu2s2MibdxzZUXebe/8j9rAZg1fSK/evRuHrh7Gb969G5mTZ/Yaz/ANVdexJh4G++u3Ux+4cHhvQERERERERERERERERERkSE2YgLg4oNlAMybM5Xg4M7HctbUNbJzz34mT0zh27cu6dX+27cuYfLEFHbu2U9NXSMAwcEm5s2Z2ut8IiIiIiIiIiIiIiIiIiKBYsQEwPsPHQHAnhjn3db9eOfEMaNOeUz39u52PY/vPp+IiIiIiIiIiIiIiIiISKAw+bqAs1V8qHPGbtq4RO+20fExANQ3NJ3ymO7t3e16Ht99vuHmbGnld8/9g6IDpafcHxURRva0dJYsyiEiPHQI63Cx8v2NbM7dQ2OTk4kTxvL9O2/AYgkesmuKiIiIiIiIiIiIiIiIyNAaEQHwocPHaGlpJTkpHrP5eEAZHmplQkoCn28vYMbUdO+6vwBbd+zl8+0FTEhJIDzU6t1uNgeTnBRPSWk5hw4fI2Xs6GG9l54yUu3YYiK8P7vd7ew7UMpHn+aRX3iQ+751I3GxUYN+XWdLK0+/sJLCYgfRUeHMzsogacwogoIMg34tERERERERERERERERERk+IyIAjowIA6C6tuGkfQvmZrH/0BH+9NLbfJaZ6g13d+QXe/efqPs83ef1lcvnzSB7Wnqvbe72dl5asYZNW7/gvbWbWX7TIgyDnMsWHyyl6GApyWNH84NvfYXwMGvfB4mIiIiIiIiIiIiIiIiI3xsRawDHRIUTFxtNY5OTQ4eP9do3zj6aqReMB2BHfjFvr9nkDX+nXjCecfbeM3wPHT5GY5OTuNhoYqLCh+cG+sFkNHJpznSsIWZKj1bS4nIN+jWOVdTQ3t7B6FHRCn9FREREREREREREREREAsiImAEMMCElgYqqWvbtL/U+tnnXngO88c/1lB2tBDofqTwxdSx7iw9TWOxg1+gwxekAACAASURBVJ4DVNU0cOM1870h8b79pd7z+auIcCtmczD1Dc20trqxhljweKCgqIR/vPMJJaXH8HggLjaapVfNZXbWJO8s4QMlR/j1n/6HpIRRLLv2Ut5671P27j/M9MmpzM7K4I8vve29zpa8QrbkFQLwnX+5luxp6d7rvPnuBhxl5bjd7URFhDErK4OlV83FGmLxHv/2mk2sWr2RaxfPZXRcDCvf30hFVS13ff3LpE8Yyy+fehWAf711Ce+t3cyuggN0dHQwISWR22+5iojwUFa+v5FPP9+Fs6WV6Khwbrn+cmZMSffeT0eHhx35RXy4IY/9JUdobW3DZDIyKc3O125YSFxs9CnrsSfG8fe311NRVYvRGMTUSeP52lcWEh3ZO/Q/cS1kk8mIPTGe6788j0lpyRgMnPV7LyIyHI5V1Pq6BBERERERERERERnBRsdF991IRrQREwBPvWA8m3P38MnmXVwxP5uGRid/ef196huamX/RNObnTOu1nu+hw8dYv2kn6z/byV9ef5+fPvBNIsKtfLJ5l/d8/urIsWoam5ykpiQSYjEDsCWvgBdfe5+goCAmTxyHNcRMYbGD5155l8rqOr68cE6vcxyrqObXf3oDV2sbkeFhdHg8RISHkjNrMoePVOIoLSfWFsnECWMBsMVE4vHAex9uZuX7nxIUFMSkNDthoVb2Hypj7Se5fLH3IN+744aT1iX+dMtuqmsaCA42ERMVTn1js3dffUMTv/nzG8RERzBz2kT2HSil6EApT7+wkohwK2XHqpgyaTw1dY3sP1TGC397j3vvspLeVdeWvAKe/9t7WEPMTJwwlohwKyWl5eQXHuKp59/k/u8sI+qER3lvzSvkg4+3kjoukZSx8RQWO9i+u4hmp4t7br8Oa0jne1pRVcdv/vwG5ZW13rWQ3e52CopK+MNfVnLvXV8hdVxiv997EZGhpH+ciYiIiIiIiIiIiMiZjJgAeMqk8diiIyg7Wsmq1RtpbW2jvqGZmdMmsvymK09qnzJ2NMtvupKm5ha27dzL6o8+x2wOpuxoJbboCKZM8r8AuKPDw979Dl576yM6OjxkT0vHYgnGUVbBa299RHRkOPfedQNj4m0ANDtdPP3CW6z7dAezpmcQP+p4KNDQ6GTmtIn8y82Les3anZg6lrfXbMJRWs6E5ARuv+VL3n2Osgr+d30uodYQvnv7daSOSwR6r0u8et0Wvn7DFb1mvdbVN/G16y9nfs50goI6d9TWNXYe627nS5dfyJJFczEYOtv+1zOvU3q0kuSkeH5y/78QGRGKxwMv/30Nn2zexfbdRd4AeOoFE/j373+NlLGjvefu2XbXngPMu3BKr/exvrHZG94CVFTV8qs/vkFJ6THKjlaSOi4Rd3s7K1ato7yylpxZk7l12SJMRiMAra1tFB0sI8U++pzeexERERERERERERERERFfGTEBcFhoCF++4iL++40P+GD9NtrbOwC4csHMMx535YKZbNu5lw8/zcNo7Fzy+MtXXERYaMiQ19yXP/x11Sm3BwUZuHzeDC6dOx2AvcUOGhqbuejSmd4AEiDUamHB3Ok8+8q7lB2t7BVCxsZEsmzpgl7hb1927dlPQ2Mzl8yZyoSURO92k9HIlfNnsmvPAfILDlLf0ERU5PFZt9lT07l0btYpH4UcEW5l5rSJ3n2REWGMTYjjWEUNM6dPJDIiFACDAS5IT+aTzbu84XH3PY5PHtPrnAYDxERHAFBT23DSNbOnpnvDXwBbdCRJCaPYkV9MXX0TAMfKayg+WEpUZBjXXHmRN/wFMJuDmTwxBTi3915ERERERERERERERETEV0ZMAAxwac40CvYdYuuOvUBnKJzaI6g8ldSURMJCQ2hqbqGtDWZNn8ilOdOGo9w+ZaTascVE9NqWMnY0WZlpxNoivdsOOo4C8MHH2/jg422nPFfZsSqypqR5f46JjuhX+Atw5FiV99gTw9yI8FDM5mCamluorq3vFQCPibeddh3c4ODgXmG7wYB3Ju+YOFuvtsYeIWw3d3s7n+cW8NGn26msrqexydnnfURH9V7n12gMwhzcu6tXVNXS2NRC6rhEIsJ7P0K6p3N570VERERERERERERERER8ZUQFwADfvnUJxlfeZXPuHpqaW3jxtfe5ZM5U0sYnndS26EApn2zeRVNzCwBzsi/gzq9/ebhLPq3L580ge1p6n+26Zzvbk+IZmzDqlG0SR8cOuJ7u6/gLjwdee+sjPt64g6AgA6PjYsjMGEdQkMG7jvG56ujw4PF4+mw3XO+9iIiIiIiIiIiIiIiIyGAYcQEwwJ1f/zITU8eyftNONm7JZ+OWfGJtkSSOjmWcfQwHHUcpO1ZFVXU90Dmrdn7ONOZf5B8zf/trbGIcW/IKGW8fc8r1jgf7OjW1DXg89JrV29DYTGtrG2GhIdiiI09/kkHU7GzhwKEjBAebuOe2pWRmjPPuW/n+pwMKgGNtkYRaQ6ioqqWhsQlriPmU7YbrvRcREREREREREREREREZDEG+LuBczb9oGo/84Bssv+lK0sYn4XK1sWvPAd5es4ldew7gcrWRNj6J5TddySM/+MaIDX8Bpl4wgYjwUHJ37aP4YFmvfa2tbRQUOQZl9m73dbbvLmL/oePXcbe388H6bTQ2OcmcNI7IiNM/MnkwmYxGQiwnB7MVVXV8vr1gQOdOiLcxPnkMdfVN/PODz3C3t3v39XxPh+u9FxERERERERERERERERkMI2IGcLPTRaj11OvZzr/o+Mze2rpGDpWWk5IUf9I6sP09rz8ZmxDHVZfN5s33NvD/nn6NCSmJxMVG0dDoZO/+w5iMRn74rzeSMnb0gK9zxfxsVr7/KU/8YQWT0uyEhVrZf6iMiqo6EkbbWLxg9mnX+x1sFksw2dPS2XeglGf+sooL0pMJMhgoLHZgHeCfm9kczLWL51JSWs6mrV+wZ18J6eOTcLvbKSgqwWAI4of/eiPJSaOH5b0XERERERERERERERERGQx+HwBXVdfz6K9ewp4YzwN3Lztj2wOOozzz4kqWLMrh2sVzz9j2iWdW4Cgr58c/vJVY2/A80vhcGQxw5aWzmJCSwD8/+Ix9B0opOlCK2RxM+vgkrrnyIpKTBh5AGgzwpcvnMD45gTff3UBBkQO3u52oiDAWXpLN0qvmYg0Z3sD8sotnYA2x8OZ7G9iRX0xkRChLr7qYxiYnb6/ZNKBzT0hJ4OH7vs7K9z5lxxfFbMkrxGQyYk+M5/ovzyM5afSwvfciIiIiIiIiIiIiIiIig8Hg8Xg8vi7iTF587X02bskH4IG7l5GRaj9t2x/94lmqqusJtVr45cN3nXZ2b2GxgyeeWQHA3NmZ3PbVqwa/cBGRYZa3+0C/2seEmzEYDN4v4Iyv6fkaMHCadj2+97XtxNdn83Nf20+nv+2toX7/GSkRERERERERERGRgOBsdvu6hIDi12sAV1XXe8NfgLdXn37G58Yt+VRV1wOdj3b+3/XbTtu253l6HiciIiIiIiIiIiIiIiIiMpL53Qzg/12/jbzdxVTW1HmD2bmzMyksclBV0/mzPSme0BALsbZIqqrrKSx2eI9fsiin16OBM1Lt3nbNLS4cpeUAxMZEkpFm9wbMsbZIRsVEkTUllSvmzxyu2xURGTSaAXxmmgEsIiIiIiIiIiIi4p80A3hw+d1vt1et3oSzxQWANcRCRpqdm5deRmGxg7dXb8RRVuENcSk+flxsTCRZU9K4dvFcmp0u8nYXUVXTFQ4X976GPTGOJYvnkpFqp9np6gyXq+upqq6npLRcAbCIiIiIiIiIiIiIiIiIjEh+NwPYUVrOfz2zAmeL66T1eZudLp74wwocpeXYE+OYOzuT11euA+C2r17F3NmZ3rbbdxfxl9fep9nZeR5HaTmOsgrsSfE88J1lvdYH7l5n2Bpi4d/uXoY9KX74blhEZJBoBvCZaQawiIiIiIiIiJyt2pYy9tduxlG/k/LGfVS3OGhqraa1vRkPfvUrdTkFAwbMxlDCzDZsIXbiw9OxR05jQvQcokMSfV3egKl/Br5A78OnohnAg8vvAmDoHQLffdtSZkxJA+DpF1eSt7sIe2IcD9x9M6FWCxu35PPia+8D8OyT93vPce8jv6fZ6eLmpQu4Yv7MzvD4mddxlFWQNSWNe25bCkBhsYMnnlmh8FdERjwFwGemAFhEREREREREzqSprYbcI/9gZ/k7VDWXkGrLITkyizHhGdisdsLNozAbQ72/ExH/5cFDa3szja2VVDsdHG0spKQ+j+LqTcSGJjMt/mqyE24gLDjG16WetZ79s6Quz9fliA8lR2WNyD7cFwXAg8svf7ttT4onI81O3u4iQq0W1n6Sy9jEOGJjIgG4Yv5M7wzeubMzvQFwVXU9G7fmM3dWJtYQS9fs3ykAhFotLFk8l2deXEmo1UJhsYPDZRXYus5pT4pT+CsiIiIiIiIiIiJynqltKePjkmfZ5HiJmYk3smjCD0m3zfN1WTIABgxYjGFYrGHEWlN6/Xnuq95A3rG3+Y/1s8ix38qlyXf59YzKnv1Ts3sFoKQuj5K6PN7Z99iI6MPiG34ZAAM4yjrX+X3mxZU0OzvXBO4OfSur646361oPONRq4Ue/eBaAVas3ets6ysrJSLX3apu3u4iNW/J7nbOqpn5I70dERERERERERERE/MvaA0/xwf7fcGnKt3n4ks+IMMf5uiQZYum2eaTb5nFV6gNsKHmRxz+9hCsn3MfC8d/zdWkn6e6fCn7lVDx42Oj4K5scL/ltHxbfCfJ1AadTVd0ZyDY7XUxMHUtsTKQ3CC4sdnjbVdYcbweQNSXNO/sXjoe+PY9rdrqIjYlkYupYb7vu64mIiIiIiIiIiIhIYCtt2M3TW2/gaNNe/m3uh3wp7f8o/D3PRJjj+FLa/+Hf5n7I0aa9PL31Bkobdvu6LOB4/1yz/9cKf6VPHjys2f9rv+rD4nt+OwPYnhiH1Wrh2sVzvTN4N27J57W3PsKeePxRzaO6HuE8d3Ym1y6aS6wtkqrqelat2cjGLfnE2qJ6nDMeR2kF1y7O4Yr5M4HOUHjV6o04u4JgEREREREREREREQlcuUffZEX+A1w/6efMSbrF1+WIj8VaU/j6lKfYXPoqT32+lGWZT5A95nqf1dPdPxX8Sn+V1OX5RR8W/2DweDwaRUREAkDe7gP9ah8TbsZgMHi/gDO+pudrOtdSOWW7Ht/72nbi67P5ua/tp9Pf9tZQv/2MlIiIiIiIiIico09KnudTx1+4ZcpvSYnK9nU54mcO1eXy6u57udj+TS5JvmPYr/9JyfP8c98vhv26EniuSX/YJ314IJzNbl+XEFD89hHQIiIiIiIiIiIiIiKD5ZOS59lStoK7sv9b4a+cUkpUNndl/zdbylbwScnzw3pthb8ymP657xfD3ofFvygAFhEREREREREREZGAlnv0TT51/IV/mf5nYq0pvi5H/FisNYV/mf5nPnX8hdyjbw7LNXOPvqnwVwbdP/f9Ytj6sPgfBcAiIiIiIiIiIiIiErBKG3azIv8BbpnyW4W/clZirSncMuW3rMh/gNKG3UN6re7+KTIUhqMPi39SACwiIiIiIiIiIiIiAeutwh9z/aSf67HP0i8pUdlcP+nnvFX44yG9zluFP8aDZ0ivIecvD54h78PinxQAi4iIiIiIiIiIiEhAWnvgKaJDkpiTdIuvS5ERaE7SLUSHJLH2wFNDcv61B56ipC5vSM4t0q2kLm/I+rD4LwXAIiIiIiIiIiIiIhJwalvK+GD/b7gqVY/XlXN3VeoDfLD/N9S2lA3qebv7p8hwGIo+LP5NAbCIiIiIiIiIiIiIBJyPS57l0pRva91fGZBYawqXpnybj0ueHdTzflzyrB79LMPGg2fQ+7D4N5OvCxARERERERERERERGUxNbTVscrzEw5d85utSBqQ8/3aePLruNHstmIwLmDTmu1w3MZMITfcaMvOSb+MXn1zEFeO/T1hwzIDP190/R7zI5dySficZkXas3f3P48Lpyqf46ArWFq9g5Mw5fZz7Fy4jnnqK92Xx5xJf1zP4NjleGrQ+LP5PfyWIiIiIiIiIiIiISEDJPfIPZibeSIQ5ztelDA5DGhGmzN5fxkjc7avZXbqEn29cQXmHr4sMXBHmOGYm3kjukX8Myvlyj/xjxM/+taW8wiOzfkZWdGf46253dX5hwRqSzZRxj3PPvBe4PNLXlUo3D55B68Pi/zQDWEREREREREREREQCys7yd1g04Ye+LmPwRD7OI7OyT97euImXt36d3a4f8ereq7h3kv+kbd2zl+PHbOb+zJEfxGeNXsKa/b/ikuQ7BnyuneXvDEJFPmR9iOUTcogwgLPuOd7Kf4w8Z/dOO1kTHmKhfTHxllRGK4XyKzvL3xmUPiz+TzOARURERERERERERCRg1LaUUdVcQrptnq9LGXrhOdwydjkAZdWbaPBxOYEs3TaPquYSalsG9lDj2pYySuryBqkqH0lZQGIQ0J7L+q09w18AB3n7v8OTn9/HpsOrWF3toxrllErq8gbch2VkUAAsIiIiIiIiIiIiIgFjf+1mUm05vi5j2JhsmcQDtNfh7KuxDEiqLYf9tZsHdI6BHu8P5ofGd75oKeLD0zVyruKtwidR/ut/AqEPSt80+V5EREREREREREREAoajfifJkVm+LmP4dID7lDtclO17jr+XvkRZewUQhy3sLhZfcCdZUSc0dRaxPv9J1jeso6HDBYY04kOXsTDjTrJiTmhasY539j7J9pZ83FgwBS9mtv1hrhvf+Zjn7kc/dys/OocHj3a+npK6n+XjBum+fSA5MgtH/U6yx1x/zudw1O8cxIp8Y7erjquJhNAcbhkFr1ae/bG2sT/jqylLSbJEYjIAHfWU16zgnbzHKOjZMHIZi8ctZ3ZMGhEmS+e2jnqq61awek/vWcc3XrSf2WFQfuRS1rY9zuLEbGwmC87qn/DT7S8DkGj/DTelLCDe3HVdjwtn8ya2HPgJ7xxz9C7ScC1XZ9/P7Gg7VgPgqae69uTrjlQD7cMyMmgGsIiIiIiIiIiIiIgEjPLGfYwJz/B1GcOmofKjzlmW1jTivVtd7N66hN+WPElZO0SYMokwQnXTY7y69XY+7BnYuXJ5dfMi3qlbTQNpnW2DyilveoxXc5fwztHjTZ0HH+M/d97OlpYiMGYSYUqDtlVs2j+f3+Z3hmgmU3zXObpCu6DMzp+7ahjJxoRnUN64b0DnGOjx/qD6yPbOPmewkzUtj/un3c/sGHufx9lSXuH7GctJCYnE5HHhbnfhNkQSH3snyy96nEnelnfyrRmPc3lcJhEmS2e7dhcERWKLuZObpj1O6inOb418npuSc7B1B8ZdJk1ewz0TryXREomJrutiwRq2gPmZz3Njrw9EWEhM+U/mx9gJ7nDh7gAMXdfNvB/bObxf/iYQ+qD0TTOARURERERERERERCRgVLc4sFn7DqNGPLeLspLf83LpaiCN2WOyvbsa9j7Iy3VFYHmcey9aRmJXEuA88hzPfPEYq/dvYv6oHExAw6GXyGsHwl/gkdkLiOiaNuau2sTfC3JJ7U6V61fzYvFzOFnA5dNeYHFc13ZnEW9tXcSmo8+Rl/YzsjIe55GM4zOB4+Nf4P7MOAKBzWqnusXRd8MzGOjxfqH6PlY6UvmqPROrIZL4uHu4Me4ebuyop7o+l8LKZ1l/aFPvxz9bH2L5hBysuCg/+iAv5q/q+uDCcpZn/4wpYUu5fPyPKDgA8BwFVZfhdK5kbfEKvCvWjvoDD05fjC08h7k2KD7h+dIRYWk4G1extvhZPqzM9x6zNCENE+CseZI/5z7ddb5MZk/8GZdH5fNhXc+zWLAai8jbfQevHnMAdrKm/Te3xNkxRS4ghyd5Z5DfzuEWEH1Q+qQAWEREREREREREREQCRlNrNeHmUb4uY3DV3ciDa0+3M41U+/PcOLb75wq2HFsFZDI//Xj4C2BNuJOFhx/j1fr32e7KYbYF2tz1AERYx3rDXwBTbA63XHx8LeVyx+scAiLiHjoe/gJY07hu7J1s2v8c2x0PkZXWe/ZlIAk3j6KpdWCr2g70eH9RsHcJv6u4k8UTlpMR1fWo5KBIbNELyIleQM64IvKK7+DVw51ho238AhKDgJZ1vNUd/gI4X+blw1fx07QckmLvhwNPArB+99dPvmjlNmrci7GZ7Nhi4aQFhl2reW3zfb0eJT0/Oadz1m7rOt7xhr8A+WzZeyNbTnFvZaXd4S+Ag7x921kcZ8dmsJOUDJT0663yO4HSB+XMFACLiIiIiIiIiIiISMBobW/GbAz1dRmDy5BGhPF4sOp05+MGIsJ/w/LMa0kJ79G2o4jSVgAHWwqWsL2g96nc7Z37GpoAC9jGXEfikXWUVfyAZ/Lu4vIxOaSMisN6QnpQ1ty5rq+z+gf8/OMT6vN0hmXVrnogMGb7norZGEpre/OAzjHQ4/1Jdc1zvLrtOQASRy1n6uirmBKTTbzFAqY0stKfp615EW9Uw5SQrqnklgXcvmBP7xMZLJ1hlaln38lkdupypkRnYwuOIiIkkmDA1PUYcVPwyfU4m7f1XkcYO0khkZ37mjaeMuw9WT3OE2fIOltOs872yBRIfVBOTwGwiIiIiIiIiIiIiIg/i3ycR2Ydf8QzbgerP1vEh40P8tahGdyb2eOR17UOygGox+nOP80JN3GsEbABtmv51uQWXtv7GAVV9/FiFYAFk2U5i1PvZ36CBaiguqXr0u35NJzmrOUtDgI5AJbTK6t8mbLKl1kNJNr/wPL0xdiC0phkvxaqVxFv7gxiMVi8Ie5JzHZygE3cyfJ59zPFMtDZ5IuJOEVQLHI+UAAsIiIiIiIiIiIiIgGje5amxRjm61KGjsnO4sk/Y/f2H1F29Cd8mPACl9u69oXFYwPKWc6N837G7LPI0KwJy7gtYRnulgpKj+VTXPESa+ue450vcmkwvsHV8ZFEmIFWmJSyh9sC+DHPZzIYs8vNxlBc7U2DVJF/KnN8h+Kk/djCwGTsnPnb4HYBFtx1T/Pw1ifPfIL0pV3hbz1lpc/yceU68irzgTv51qUPkXrWyVY+TjdKwk4QcE9IkFMK6ruJiIiIiIiIiIiIiMjIEGa20dha6esyhp5tKYuj7MA6Vu9bh7N7uyWV+GCAdRwq798pTSFxpKQs4PJZL/CjpMVALgUVFYCFpNDOGciH6ov6dc6G1n4W4ccaWysJM9v6bngGAz3eL1jvZPH4zDM0yMHaNcvX3d7551/U0vndZM1kdl/nD+76gIFzHS8XPN0V/gJEYTL0p9BNlLa4OksOm9v3dc8TAdEHpU8KgEVEREREREREREQkYNhC7FQ7HX03HPEsTJl4P4kAjb/nw2Pd2+3MH3Mt4GBL8U/YUtP7qIbDK3h51/FHQ7uLn+bPu3Ipb+3drrzlMIA3cEtMuYsUwFnzA17cV9FrTVR3fT4fbnmZgo7j2+LD0gBw1q2jIEAWUK12OrCF2PtueAYDPd4fzJ54F5dPeIMHZz7O/JgT7seaw/xpjzMpBMDBodJVABQXr6asAzAv4OpZD5FlPX6ILeZObpmzhtsSuja0dYa2hMxg8eju82dyefZyUk73+OjT+LBsU+cjy80LuDr7ns7/XgCwk5X+Cg/O/BnnWxwaCH1Q+qaJ7yIiIiIiIiIiIiISMOLD0znaWEi6bZ6vSxl6kddyje33/Lk6l/XFq5k/ejERQETa/VxX/QVvNb3MG7kreMuYhtUAdBTR0OGCoPspJpNUXOyu/j3F9U/yZLkF04ntuJYLx3at6Ru5mBvty3jGsYKCkjk8fDiTiCDAU05DewUQx+yy5Uwa21Vb8lJmH3yOLe1P8uInH5ESnkNM5FJuyUjzwRs1OI42FhIfnj6gc8SHp1NUs3GQKvKNBmc5Tk8ctuhlXJ29jKs7XLg9XTuDLF0fGnBRfuQnvNw9Gd/5GKtLc/iqPRNr1J3ckrOcm7o+MGAyds74bYhfBkdWwL6XKRjzOJPMdrKmfMyUC1yd5/UUUd4SSXxIP4o98hPWx7/B4lFxWGPu597Lv4u7o0ednjguj4I36gbjnRkZBtqHZWTQDGARERERERERERERCRj2yGmU1Of5uoxhk5p6PynQGbB1T3wOspNz0RoeHP8QKWY7tOfT4M7HacgmJfYV7r/4HlIBsJA1czP3Jvdu1+CxEx/xM26b9RtyIo9fK37i4zyS/Qo5YTlYPV1tO6KID3uIW7LWc+PYHoUFZXLjrLdZHJGD1ZPLofqnKXNHDdO7MjRK6vOwR04b0DkGerw/KNi7hJ9u/REfVuRS3ebCbbBgMnZ9eeppaFzH+t2LePKLdScd97vdz1HQVI+b48e424oocPyIF3as6Gq5ghe3/oS8xnrcns6A2OQuIm/fHRxq72+1DtbvuJG/H1hNeZsLumulq878O86r8BcCow9K3wwej8fTd7ORYW/xYQqLHdgT45iYaifUen4uRC8i56e83Qf61T4m3IzBYPB+AWd8Tc/XgIHTtOvxva9tJ74+m5/72n46/W1vDdVDMkRERERERERGotqWMn73+bX8eP5WX5ciAebR9bP4/oWriA5J7LvxadS2lPHLT8+D2enit/794g0D6sNDxdkcIM+K9xMB8dttR2k5T/9lJVXV9d5tsbZI7vnmUuxJ8T6sTERERERERERERESGU3RIIrGhyeyr3nB+PAZahsW+6g3EhiYPODiLDkkkOSqLkrrzZ5a6+I/kqCy/DH9l8I34R0A7Sst54g8reoW/AFXV9TzxhxU4Sst9VJmIiIiIiIiIiIiI+MK0+KvJO/a2r8uQAJJ37G2mxV89KOcarPOI9Jf63vljRAfA3eFvs9MFgD0xjgfuXkbWlM5F5JudLoXAIiIiIiIiIiIiIueZ7IQb2Fb2Bg2tFb4uRQJAQ2sF28reIDvhhkE5vmDZBgAAIABJREFUX3bCDd7l1USGiwHDoPVh8X8jNgA+dfh7Mxmpdu65balCYBEREREREREREZHzVFhwDDn2W9lQ8qKvS5EAsKHkRXLstxIWHDMo5+vunyLDaTD7sPi/ERkAny78DbVavG3uuW0pc2dnAgqBRURERERERERERM43lybfxceH/kSV85CvS5ERrMp5iI8P/YlLk+8a1PNemnyXZgHLsDFgGPQ+LP5txAXAZxP+drvtq1cpBBYRERERERERERE5D0WHJHLlhPt4v/gJX5ciI9j7xU9w5YT7iA5JHNTzdvdPkeEwFH1Y/NuICoD7E/52UwgsIiIiIiIiIiIicn5aOP571LaUsrn0VV+XIiPQ5tJXqW0pZeH47w3J+ReO/x7JUVlDcm6RbslRWUPWh8V/jZgA+FzC3243L71MIbCIiIiIiIiIiIjIeei6jEd5s+ARDtXl+roUGUEO1eXyZsEjXJfx6JBe57qMR/UoaBkyBgxD3ofFPxk8Ho/H10X0ZSDhb0+PPvkSjrIKAEKtFh74zjLsSfGDXu+ZOFta+d1z/6DoQOlJ+0wmI/Gx0cyZeQGXXZyFNaR/93cuausa+eVTnZ9++/fv3UJ0VPgZ2x8oOcKv//Q/JCWM4vt33oA1xDzkNQ62t9dsYtXqjczOyuBby6/xdTkigyZv94F+tY8JN2MwGLxfwBlf0/M1eP9helK7Ht/72nbi67P5ua/tp9Pf9tZQU7/ai4iIiIiIiIj/yj36JmuKf8Vd2f9NrDXF1+WIn6tyHuLZ3G+wKPWHZI+5fsivl3v0TV7Pv3/IryPnn5sznxyWPjwYnM1uX5cQUPx+BvBghb8AD9x9M/bEOMA/ZgJnpNrJmTXZ+zUhOYHKmnrefHcDD//yBfILD/qsNhEREREREREREZFAkT3mei62f5O/7vgWVc5Dvi5H/FiV8xB/3fEtLrZ/c9iCs+wx13NN+sPDci05f1yT/vCICX9l8Pn19KbBDH+ha9bv3TfzxDOv4yir8IbAvpgJDHD5vBlkT0vvta21tY3V67by7trNPPfKu3z39utIHaeFuUVEREREREREREQG4pLkOwB4Nvcb3DLlt6REZfu4IvE3h+pyeXX3vVxs/6a3vwyX7uv9c98vhvW6EpiuSX942Puw+Be/nQE82OFvt+4Q2J9mAvdkNgdzzZU5XH3FRTQ1t/DGP9fjbGn1dVkiIiIiIiIiIiIiI94lyXewKPWH/GHrTWwufdXX5Ygf2Vz6Kn/YehOLUn/os+DskuQ7uDnzSa0JLOfMgIGbM59U+Cv+OQP4xPA3NiZyUMLfbt0h8KNPvkRVTb3PZwKfyGCAS+ZM5bNtX+AoLedwWTnpE8YCnTOEt+QV8tGneZQercTtbsdsDmbW9InctORSwsOs3vO429v58JPtfLhhO9W1DRgMMDouhi8vvIgLZ0wiKKj3XyINTU7efG8DW3fspbW1jeiocG64+hIuyp7MqZbOrK6pZ+X7n7Kr4ADt7R2MiY/h5qWXMXniuF7tOzo8fL69gHfXfsaxiho8HrBFR3DZvBlcNnc6ZnOwt21/7u/PL/+TLXmF3PWNq6mta+SD9dtwuVq5966vkDoukaqaela+9ynbdu2jrc1NXGw0Ny2ZP0h/SiIiIiIiIiIiIjISZY+5ntFh6bxV+GOKajZyVeoDWhf4PFblPMT7xU9Q21LK9y5cSVLEFJ/W07N/ltTl+bQWGVmSo7K4LuNRn/dh8Q/Gn/70pz/1dRE9nRj+AtiT4lgwd/qgXic42MT23UVU1dQD0OZuZ0teIVMyxhEVGTao1+rJ7W5nc+4eqmsbmJ2VQcLo2FPXZzJRUFRC6dFK7EnxTEhJAODtDz7j76s+Bg9MSrOTMnY0TmcLhUUODpdVkD01HaPRiMcDr775Ie+u3UxwsJFpF0wgPjaaI+XVbM7dQ1CQgYxUOy2uVjZ8vhun08XOL4qprqln8sQUrCEWjpZXs/OL/SSMtpHYVWdtXSOfbdtDR0cHn237gqZmF5MnphASYuZwWQWbc/cQbDKSNj6p837b23n5jQ9YtXojbnc7UzLGMzYxjvKqWrbvKuJAyRGmZ6YRHGzq1/0BbNu5l7KjVZQcLmfrjkKCggxYQyxMzkjBYAji1396g8JiB7boCKZMGo852MiHG7ZTU9tAQ5OTpDGjmDl94pD9WYsMt6Pltf1qbzUbMRgM3i/gjK/p+Rq8n0Q8qV2P731tO/H12fzc1/bT6W/74GC/fUiGiIiIiIiIiAxQpCWeCxNvpqKpmJd3foe2DhdjwidiMQ7d74bFvzS0VvDhgaf52+7vM3301dyc+SsiLb6fIAbH+2eQIYj9NZt9XY74OQMGFk34gV/14XPhbuvwdQkBxe9mAJ8Y/g6n7pnAv/35d31y/Z6MxiDMXaFoz/dj/pypXDhjEgnxsd5Ztq2tbTz1/Fvs3X+Y/SVHmZRmp76hifyCg9hiIvk/d99MrC0S6JyNu3VHIWO7HoHdzdniImtKKrcuW4SpK0B+e81G3l6ziS3bC8meOrHXrN7K6jquvmIO1y6+2DuT+PPtBbz42vt8uCGP7GkTiR8VzZ69JWzO3UNcbBT3fetG4mKjvPf09AtvUVDkYNPWfBZekt2v++upxdXK9+64nqkXTMBgAI8HXv77Gsora8mZNdl7TwDFB8v4/QtvDcKfkIiIiIiIiIiIiIx0C8d/j5kJX+Hjkmf5xScXMTPxRrJGLyHdNs/XpckQ2Ve9gbxjb7Ot7A1y7Lfyo4s/ITok0ddlnVLP/rnJ8RIePL4uSfyIAQM59lu5NPkuv+3D4jt+FwD3XPMXwFFWMeTX7HktX4XPZ8sWE3nSNrM5mIhwK21tbpqbWwAICjJgMhlpbHLS2Oz0BsBBQQYunDHppHNEhFtZvGC2Nyg1GGBiqp3g4C3UNTTR4mrFGmL2to+NiWR+zvRej5GeMSWNTyeM5Yu9h9i7/zDxo6L5fPse3O52Ls2Z7g1/ofMx3IsWzKL4UBm5O/cx78KpWCzBZ31/PV0+bwbTJk/w/lzf0MSefSWEh1m5cv5M7z0BTEhJZMaUND7ZvOv0b7KIiIiIiIiIiIicN6JDElk68SdcMf775B75B2v2/4pXd99Hqi2H5MgsxoRnYLPaCTePwmwM1fqsI4AHD63tzTS2VlLtdHC0sZCS+jyKqzcRG5rMtPir+b/ztxIWHOPrUvt0Yv/cWf6OHg19nkuOymJa/NVkJ9wwIvqw+IbfBcAP3L0MR2k5c2dP4ekXh2emptVq4Z7brmPjlt1+sQYwQHt7B61tboBeax+3uFr56NM8Nm/bQ01dw2kD64jwUC7Nmcb/vPMJv/jNK12PQR7HjKnpZKTZe4WiAMHBwYSFhvTaZjGbTmrXLSY6AmtI7zWZg4NNjLJ1hrw1tQ24XG1U1zQAeLf3FBkRijk4mMqaepwtLiyW4LO+v56Sxozq9XN1bT1NzS1YrRYiwkN77TMYOmsXERERERERERER6SksOIZLku/gkuQ7qG0pY3/tZhz1Oymo/IjqFgdNrdW0tjdrFuYIYMCA2RhKmNmGLcROfHg6F4y6nKvT/n3EzpQ8Xf8sb9yn/hmATtWH7ZHTmBA9Z8T2YRlefhcAZ6TayUi1990QqKqu59FfvdRnSPjA3cv6PGeo1cIV82eedZ1DrbHJydHyaizmYJK7QunW1jb++Ne3yS88iMlkJGnMKBLHdK7Nu3f/Yaqq63ud44r5M5kxJZ3N2/eQX3CQTdv28PGmndiiI/jON5cyzj56SO/h/7N372FR3nf+/183w2lQUEBQwREVPGuiRmohR5M0pk09tE006W7btd3sNzXtr7tteu13N3t1u/1udttdt90eYg/p1t20vRJtN43atNEcTIyBGDxgA1EMeBpBBRlgOAwzw8z9+2NkBDkOMswAz8d1cXEfPvfnft/Idcl1v+bz+fhNU35z8P/ZhPp8fYmJiQl5rU8AAAAAAAAA6DQ5MUsrpn1CK6Z9ItKlAD3w+wlgIFEXAIfiSkPToEaIVlTaBx0qRwPTlN469J5qrzRqfq5NOTMCQW2js0UXLtYpJTlJX9+ySdMy04Ltf/rsnl4D0vS0FH3snlX62D2r5PebKiop06/+91X98bVD+qvPfHzINTY0NsvV7u42LbTH41XtlUZJ0rSMVFkT4zUlLUWVZ6p1xdHUow9nc5s8Xq9sWRmyJiYM6fl6MzllopKsCWpta1dDU7MmT5oYPGeagdoBAAAAAAAAAACAsSgm0gUMl8L8xVp7X0HwqzB/caRLGhKPx6vfv1Ksl159RxOSErXho7cqPj5OkpQQH6+42J6Z/elzNaqosnc71uZy650jJ9Tu9gSPxcQYmj41XfFxsWppdamjwzfkOusbnDpQfFx+/7URvqXlVao8W63UScnKsU2TJH1o+ULFxlr0ZvFx1dVfC4HbXG7te+Ow/H5TK26aq4SEuJCerz8pyRO0eMEsudrdeuXAUXk83m59HSurHMojAwAAAAAAAAAAAFFvVI8A7qowf3G3Ub4VVXYVlZT3e40tK1Onqi7IlhWZdX9fP3hMpeXXwsh6h1NnL1yWx+NV8sQkfeHTH1XurGtzuXcGm28WHde3f/icFs3LkavdrTPnL8li6Z7ln7Vf0v/s3Kv/2angVMrt7R6drDyvdrc3GLq62gceQd2bySkTdfDdMpWUntLsmdNU3+DU6XM1iomJ0YNr71DmlMmSpIXzZmrVioUqKinX//vus1qQN1OxsRZVVNnlbG7TwrkzVbByccjP1x/DkNbcla8Tp86p5NhJVVSe1/xcm1ztblWdrVHqpGS1tLqG9NwAAAAAAAAAAABANBszAfBQPLxhtR7esDpi979+VGtsrEWZ6ZO16paFWn3rMlkTE7qdNwxp49o7lZoyUa++dVQlpRXKSJ+kv9i0RoeOndTh0opg24Vzc/S1xx7S7195Rx+cqda5C5cVE2NoakaqPv6RAuUvW3BDtU9Jn6RHPnG3fveHt3TkT6fk9/s1M3uqPvnA7VqQN/PaM1ks+uxD92lB3kz94bV3dPz9KpmmlDY5WQ+uvVOrC28OjnAO5fkGkpE+SV9/fJNe+P1bOvLeB8G+/vzBj+hyXYN27y26oecHAAAAAAAAAAAAopFhmqY5cLPI+PdtO3Sq6oLm5c7Q17ds6nG+osqurdt2SpKe2LKxxwjgznNr7yvQujWFI1M0AERIadmZkNqnToyXYRjBL0n9bqvrtiRDfbTr8n2gY9dvD2Z/oON9CbW9NWlcf0YKAAAAAAAAAEaMq60j0iWMKWNmDWAAAAAAAAAAAAAAGO/GfQBc73BGugQAAAAAAAAAAAAAGBbjen7L51/cr9feOqrC/MXa/PD9kS4HAAAAAAAAAAAAAG7IqBgBXN8QnlG6p05fkCRdcTSFpX8AAAAAAAAAAAAAGEmjIwB2OFVRZR/WPiuq7LJX10qSkqyJw9o3AGD0M81IVwAAAAAAAAAAYx/vYodfVE8BfWv+Ep2qCozS3bZ9lzatX60paZOC5y/U1A2qn/oGZ7AfSbLX1Gr33qLg/vIlecNUMQBgrDBNU4ZhRLoMAAAAAAAAABjTTBLgYRfVAXBh/mK9XVKmU1UX1OZya/vzLw+pn6KSchWVlPd6bl7uDBXmL76RMgEAYxB/cwAAAAAAAABA+PEudvhF/RTQj2/eoHtuXxHydUmJCQO2uef2FXp884ahlAUAGONMP391AAAAAAAAAEC48S52+BnmKBlXXe9w6nxNbXDd3q6mpE3qdRRvRZVdFZU91w62ZWdqZlam0tNSwlIrAERCadmZkNqnToyXYRjBL0n9bqvrtiRDfbTr8n2gY9dvD2Z/oON9CbW9xWIoPsES0jUAAAAAAAAAgNB43D75fKMirhw1Rk0ADADoHwFw/0JvLyVao3qlBAAAAAAAAAAY9dpdHUwDPcyifgpoAAAiwTQlP1OPAAAAAAAAAEDY+P0m4W8YEAADANAHph0BAAAAAAAAgPDhHWx4EAADANAHX4c/0iUAAAAAAAAAwJjFO9jwIAAGAKAPpskn0AAAAAAAAAAgHHw+pn8OFwJgAAD60cEn0AAAAAAAAABg2PHuNXwIgAEA6IffZzIKGAAAAAAAAACGkc9nys9717AhAAYAYAAdXj6JBgAAAAAAAADDhXeu4UUADADAAPx+k+lIAAAAAAAAAGAYdHT45fcz+jecCIABABgEr8cv0+SPEgAAAAAAAAAYKtM05fUw2CbcCIABABgk/jABAAAAAAAAgKHjHevIIAAGAGCQfD5TXtamAAAAAAAAAICQeb1++XzMsjgSCIABAAhBh9fPesAAAAAAAAAAEIKODr86GFwzYgiAAQAIkddDCAwAAAAAAAAAg9HR4Wfq5xFGAAwAwBAQAgMAAAAAAABA/wh/I4MAGACAIfJ6/KwJDAAAAAAAAAC98HoJfyMlNtIFAAAwmnV4/TL9puLiY2QYRqTLAQAAAAAAAICIMk1TXo9fPp8Z6VLGLQJgAABukM9nyufyKS4+RrGxTK4BAAAAAAAAYHxiyufoQAAMAMAw8Xr88nWYio2LkcXCaGAAAAAAAAAA44PPZ6rD65ffz6jfaEAADADAMPL7TXncPsVYDMXGEgQDAAAAAAAAGLt8PlMdHX75me45qhAAAwAQBn6fKY/PJ8OQLFeD4JgYwmAAAAAAAAAAo5vfbwaWxevwyyT3jUoEwAAAhJFpSh1evzq8kmFIMTGBINiIMWQYkmEEvgMAAAAAAABANDFNyTTNwHe/Kf/VL0Lf6EcADADACDHNwJQoPqZDAQAAAAAAAACESUykCwAAAAAAAAAAAAAADI9RMQK4zeXWjl37VVpWqTaXe1j7LsxfrE3rVyvJmjCs/QIAAAAAAAAAAADASIv6ALje4dS3vvvssAe/nYpKymWvqdM3vvqZsPQPAAAAAAAAAAAAACMl6gPgp/97VzD8tSYmyJadIUmyZWUOedRuRZVdkmSvrpOr3S17da2KSspVmL94eIoGAAAAAAAAAAAAgAiI6gDYXl0re3WtJMmWlaEntmwa1qmaj5VVatv2XZKkK46mYesXAAAAAAAAAAAAACIhJtIF9OdYWWVwe+2awmFfp5d1fwEAAAAAAAAAAACMJVEdAHdFWAsAAAAAAAAAAAAA/YvaAPhYWaVOVV0I7heVlAengwYAAAAAAAAAAAAA9BSVawDXO5zBtXk7FZWUy15Tp2989TN9XldUUq7Sskq1udyyZWfq3ttXKD0tJdzlAgAAAAAAAAAAAEBUiMoA2GpNkDUxQa52d/fjifG9tm9zubX1xzu7jRCuqLKrqKRMT3xxo2zZmWGtFwAAAAAAAAAAAACiQVQGwEnWBH37Hx7Vjl37VVRSLknatP4u3XvHLb223723qNfpoTuD4X998tGoWUPY1e7RD37+girPVPc4FxtrUWb6ZK26ZaFW37pM1sTuNXu9Hdr3xmFdvtKgFUvnatmSvJEqGwAAAAAAAAAAAMAoEJUBsBQIgdNTr03f3N8o3tfeOipJsiYm6OtbAiN+tz//sopKytXmcqu0rFKF+YvDXnOo5ufalJaaHNyvdzh19sJl/e4PB/XqgaP6wqc/qsXzZwXPd/j8Kqs4q8oz1cpInxyxAHjPvmLt3luk/GXz9Vef+XhEagAAAAAAAAAAAADQU9QGwEOxfGleMCguzF8cHD18xdEUybL6dPdty7Xiprndjnk8Xu1947D+8Noh/fzXf9CXPr9BubOyJAWmwP7bLz0ciVIBAAAAAAAAAAAAjAIxkS6gLzt2vaGiw+Xd9o+VVfZ7TUWVXW2uwLrBneGvJE1JmxSeIsMgPj5OH/9IgR6498NqbWvXb39/QK52T6TLAgAAAAAAAAAAADAKROUIYHt1rV49cKTHsR0v7tfyXqY97hztW+9w6iv/8KNu56yJCaNurVzDkG5ftVTvHHlf9upaXaip1dw5MyRJP/vl71VSWqEvfm5dcPRw57FH//wBNTa16JUDR+R2e/SVRz+l3FlZcrW7tevlIh06ekItrS7Fx8fplqVz9cmP367JKRO73fv6trGxFtmyMvWJj92mtrZ2/eTZPcG2JaUVKimtkKRu9dQ3OLXrj2/r+PtVanO5FR8fp7mzs/Xg2js0Y3pG8Poz5y/qez/9X2VPn6KN6+7Ui398W6dOX9DNi3J1Z+HNevoXL2rypIn6+pZNmpQyoVudH5y+oO8/84KmT03T3/yfh6JmjWcAAAAAAAAAAAAgkqJyBLAtO1Pzcmf0ON7bOr5tLrdcV0f99sYwJHtN7bDWNxImTrBqWmaa3B6vzlcPrv7f/eGgfrPnTXk8XlkTE+Rqd6vN5daP/utFvX7wmJKsiVq1YqFmZmfq0LET2rptpxwNzuD1dfVN+ufv/UqvvXVUsbEW5S+br6ULZutSbb1+/N+71O72qGDlouA02+lpKSpYuUgFKxcp7ep6zafPXdRT//lrvXP0hFInJ6tg5SLNzM7UiQ/O6V9/8JxKjp3sUfflOoe+99Pf6mTleU1MsspvmpoxbYpmz5yu2iuNKq842629aUrFh9+Xx9uh1bcuJ/wFAAAAAAAAAAAArorKEcCS9PUtm7R7b5H27CuWJD2xZaPm59p6tNv6452yXxeQpqemqP5qsNnmcmvrtp19Xh+tLJYYxccF/nna+gm4u2p3e/TlL3xCSxfOkWEEgtJfv/CqTp2+oAfuXaV1a25VTIwhSXr32Eltf/5l7S86rk89cLs6fD7t3P2Gaq80qmDlIn12432KtVgkBdYlrjxbo3m5M3Trh5Zoz75i2atrNWfmdH3+kY8G7+/xeLV7b5FaWl1at6ZQD9z7YRmB2wXvt+eVYs3Ls2lS8rURvc0tLt1y0zx9btN9siZeC3MLVi5SRZVdx8urtGrFQlksgc8r1NU3quzkWWVOmazF82cN/YcMAAAAAAAAAAAAjDFRGwAPxu69RcHw15qYoMc/vz4Y8tY7nHp+136VXl03ePvzL+vbTz4asVpHwt23LddNi+YE91ta21RRadeklAkqzF8cDH8laenC2ZqZnanTZ2vkdnt1xdGkqrPVmpQyQR//yIeD4a8UWJd40bycAe9/sdahM+cvKXPKZN2+amkw/JWkZYtzlTcrWxVVdp05d7HbtNzpqSnauP6ubuGvJC2eP0uZUybr1OkLqrl0JTjy+L0Tp9XQ1Kz77/5Qj6mhAQAAAAAAAAAAgPFsVAfAr711NLj99S0bgwGhFJie+PHN6/X09l0qLatUvcOpopLyXqeRjkY+n18eb4ckDXqK4+xpU7rtOxqb5WxuU5urXU/+6y96vWZK2iS1uz2qq29US2u7cmdlKXni0ELVhsZmudrdypqWrvj4uG7n4uPjlDzRKtM0Za+p6xYAp05O7hH+StKklAlavnSuXn79Xb1bWiFbdqY8Hq9Ky6o0cYJVH1o2f0h1AgAAAAAAAAAAAGNV1AbAW7ftVEWVvdv+2vsKtG5NoSSposoenBo5PS1FpeVVKi2v6tFP1/C0oso+agLgllaXLtU6lBAfp5ldgu1Q+P1+maaphPg4LVkwW/HxPf+5JyRZFRdnkd9vyjTNG6p5OPq43oeWzdfBQ++ptKxS9915iy7VOnTm/EUtnj9LWdcF3gAAAAAAAAAAAMB4F5UBsL26tlv42+nVA0eDAXBX9Q6ndu8tGrDfK46mYakv3ExTeuvQe6q90qj5uTblzJg6pH7SJqdoQlKi3B6P1t5XoOzpfQem6WkpSrImqq6+Uc0trbImxvfZtnMt3r76aG5pk8fj7daHx+NVc4tLhmHIlpUx6GfImjZF8+bM0PH3q3T63EUdL69Sh8+nwvzFfdYBAAAAAAAAAAAAjFdRmaDZsjN1z+0rlJ6acu1YVoYe3rA6uD8ldVKv0wb3Z3mXaYcDfQ5tZG04eTxe/f6VYr306juakJSoDR+9tcd0yoOVkjxBixfMUnOLS3vfKFGHz9ftfM2letVeaZAkTc9M0+yZ09TkbNXvX3mnW1uPx6uTlXb5fH5JUtbUdBmGoctXGtXS6gq26+yj9kqj3jr0nroOBi4tr1Ll2WpNy0zV7Jzpg34GiyUmOGr7d384qOPvV8mWlaG5c2aE/PMAAAAAAAAAAAAAxrqoHAEsSQ9vWK0ka4L27CuWJG3asFrzc23B8+lpKfrBU1/qdo29ulZt7e7gvi0rs9/1cwe7tm64vH7wmErLK4P79Q6nzl64LI/Hq+SJSfrCpz+q3FlZQ+7fMKSP3f0hnTl3UcWH31d5xVnNz7UpJiZGZ85fUl19owpWLtLnNq5RfHyc1q0p1PnqWhUffl8nPjivubOz1dHh08nK8zKMGH31sQeVM2OqZudM17TMVJ2/cFn/8v1fa05OllbePE/LluQF+9i9t0iHj1doZnam6uqbdPpcjWJjY7X2IwWalBzaGsNz58yQLStDZ+2XJUlr7sqP+L8dAAAAAAAAAAAAEI2iNgAeCtsQ1sq95/YVqm9w6tb8JWGoqH/XT3MdG2tRZvpkrbploVbfuizkEc69SUtN0RNbNuq1t47p4KH3dPj4qcDxyclat6ZQ99y+XDExhiRpTs50PfnXf6Zdf3xbx9+vUklphWJjLbJlZeoTH7tNM7MDU1FPSp6grzz6Ke14cb/eO3lGh46e0NSMVC1bktejj+qLVxQfH6eFc3P04No7NGP64Kd/7pRkTVD+sgU6a7+s1EnJWnbdSG4AAAAAAAAAAAAAAYZpdp2oN3q0udzasWu/ikrKJQVGBN9z+4pe227dtrPXNYO7emLLxm4jiDG67HvjsH6z503dvmqpPvPQfTKMSFcERJ/SsjMhtU+dGC/DMIJfkvrdVtdtSYb6aNfl+0DHrt8ezP5Ax/sSansAAAAAAAAAAEajqFwDuM3l1t899Uww/JWk51/cr63bdvbafqDwV5IqKgdug+jU5nKrpPSkEuLjVLByEeEvAABolsKCAAAgAElEQVQAAAAAAAAA0IeonAK63tGkNpe7x/ErjqZe299z+wrZa2r77TMSUzxjeHxw+oLsNXW6eVGu5uQMfU1kAIg0w5BiYgzFxBgyYgwFBlYbfLAFAAAAAAAAQNQxTck0zcB3vyn/1a/onFsYXUVlAGzLztSWzev16oEjOlV1QZJUmL9Y9/YxBfTDG1YP+V7HyirlaHCqYOViJVlvfM1dDC+Px6v9b5dKCvwOWCxROWgdAPpkGJIlNkYWixFccx0AAAAAAAAAol3nABZJkuXau02/35TPZ8rX4ScMjlJRGQBL0vIlebJX13YLgG3ZmcN6j3qHU9u275IU+ATDvXfcMqz948bFx8fpr//qU5EuAwBCFmMxFHs1+AUAAAAAAACAsaJzlsO4uBj5fKY6Ovzy+0iCo0nUBsDX621K6Bt1peHalNLh6B8AMP7ExBiKjSP4BQAAAAAAADD2WSyGLBZLIAj2+uX3EwRHg6ieT7friN89+4qHPaQl9AUADKe4+BglJFoIfwEAAAAAAACMKxaLoYREi+Liozp6HDeiegTw8iV5smVlyF5TJ3t1rf7uqWdky8rU/DzbDfd9xdGk0rLK4P6UtEk33CcAYHyyWAzFxcdcWw8DAAAAAAAAAMahzmXxvB6/fEwLHTGGaUb38sz26lr9+7adcrWHb7SuLStD3/jaZ8PWPwCMhNKyMyG1T50YL8Mwgl+S+t1W121Jhvpo1+X7QMeu3x7M/kDH+xKucDY2LkZxcXyqDQAAAAAAAAC68nr96vD6I13GuBT1AbAUmKp5x679OvZe5bAHwYX5i7Vp/WolWROGtV8AGGkEwP0LRwAcFx+j2FjCXwAAAAAAAADoTUeHX14PIfBIGxUBMABgYATA/RvuAJjwFwAAAAAAAAAGRgg88nhzDQBAiAh/AQAAAAAAAGBwYmNjFBfP+9SRxE8bAIAQxMYR/gIAAAAAAABAKGJjYxQbx3vVkcJPGgCAQbJYDMXxRwoAAAAAAAAAhCwuLkYWy/Au1Yfe8RYbAIBBYpoSAAAAAAAAABg63rGODH7KAAAMQlx8jAyDT6cBAAAAAAAAwFAZhkEIPAL4CQMAMICYGIN1fwEAAAAAAABgGMTGxigmhsE24cTbbAAABhDLur8AAAAAAAAAMGx45xpe/HQBAOhHjMWQxcKn0QAAAAAAAABguFgshmJ47xo2BMAAAPSDqZ8BAAAAAAAAYPjx7jV8+MkCANAHwxCjfwEAAAAAAAAgDCwWQwavX8OCABgAgD5Y+AQaAAAAAAAAAIQN72DDg58qAAB9YPQvAAAAAAAAAIQP72DDgwAYAIBeGIYUE8MfHwAAAAAAAAAQLjExTAMdDgTAAAD0gvAXAAAAAAAAAMKPd7HDjwAYAIBe8EcHAAAAAAAAAIQf72KHHwEwAAC9MPijAwAAAAAAAADCjnexw48AGADGCCOEhRJCaTte8SMCAAAAAAAAgPDjXezwIwAGgDEiIT4uLG3HK0JyAAAAAAAAAAg/3sUOPwJgABgjkickhaXteMXfHAAAAAAAAAAQfryLHX4EwAAwRqRNTlZiQvyA7RIT4pU2OXkEKgIAAAAAAAAAACONABgAxpCszPR+Q+DEhHhlZaaPYEUAAAAAAAAAAGAkxUa6AADA8ImLi1VO9lQ5GpvV3Nomt8crKbDmb/KEJEb+AgAAAAAAAAAwxhEAA8AYlDY5mbAXAAAAAAAAAIBxaEwEwBVVdu3Y9Ybs1bXBY+lpKdr88P2an2uLYGUAAAAAAAAAAAAAMHJG/RrAx8oqtXXbzm7hryTVO5zaum2njpVVRqgyAAAAAAAAAAAAABhZoz4A3rFrf3DblpWhtfcVyJaV0et5AAAAAAAAAAAAABjLRsUU0G0ut15766gqKu2SJFt2ptbeV6Aka4LqHc7AsawMfeNrn5UkrVtTqG/9x7Oy19QFz7e53Nqzrzg4Unh+nk333L5CSdaECDwRAAAAAAAAAAAAAAy/qA+A21xubf1x9ymeK6rsqqiya9P6u4LHli3J63bdsiV5stfUSZJKyyq1u0v429nHsbJKPfHFjYTAAAAAAAAAAAAAAMaEqJ4Curfwt5O9ulZbt+0M7l8f4nbdf3r7rr77+PFOtbncw1g1AAAAAAAAAAAAAERGVI8AfvXAkWBwa8vK0OObN8hqTdDWbTuCo3s7zxXmL+l2bWH+EhWVlPdo98SWTZIU7MNeXatXDxzRujWFI/BEAABEVqvXoSpHsc47S3WppUIOl10tnivy+Npkyox0eRhGhgzFW5I0MX6K0qw2TZs4XzNTlik3rUAT4tIiXR4AAAAAAACAMDFM04zat73/vm2HTlVdkCR9+8lHlZ6WIikwMriopExtLreSrAkqzF/S6zTO/bVrc7n1lX/4kSRpXu4Mff1qMAwAo5WrrSOk9rW1l2UYRvBLUr/b6rqtQLjUa7su3wc6dv32YPYHOt6XUNtbk6L6M1IhO1zzG5Ve3qMPHAcjXQqiwNy027Rs6lqtzHoo0qUAAAAAAAAAIb/fRv9Gzdtta5eAN8maoHvvuKXb+TaXWxeujva1JsbLlp3ZazsAAMaTN879RAfPb1ezp27gxhg3PnAc1AeOg3q5aqtum7lZd+U8FumSAAAAAAAAAAyTqA6AbVmZwRHAW3+8U098cWOvI32ff3G/XnvraI/jy5fk6Z47Vmh+rq3b8c61hbveZ6S42j36wc9fUPXFK/qb//MpzZ45vd/2Tc5W/fu2HfJ2+PR3X35EkydNDOl+dfWN2ru/RJK0ZnW+MtInD7l2AMDo8afLL+nlqq2qd52LdCmIYs2eOv2x8t/0bvUO3Z/7hG6a+kCkSwIAAAAAAABwg2IiXUB/1q0plC0rQ5Jkr65VUUlZr+2KSsp7PX6srFJbt+3U9udfVpvL3aV9Wbe1hSOx/q+r3a2XXy+Rz+fvt92Bd/6ky3UNQ75PS6tL7x6r0LvHKtTS6hpyPz/75e/16Nf+Q3v2FQ+5DwDAyHjh5JP6ddmXCX8xaPWuc/p12Zf1wsknI10KAAAAAAAAgBsU1QFwkjVBa7uEs11D3K4e3rC62356akowOJYCAfGOXft77WfThtW9jioeCeUVZ/XBmQt9nr9U69CB4j/d0D1mz5yuHzz1Jf3gqS8NONoYADC6NbRXa9vhB3Wo+rlIl4JR6lD1c9p2+EE1tFdHuhQAAAAAAAAAQxSVU0AfK6vUjl37Ve9wdjveV1BbmL9YkrT9+ZclSfUNTq1bc7+kwPTQrna3ikrKZcvK0L133NKtn63bAlNBp6elaNP61Vq+JG/Yn6cvbo9XL79eojkzpys+Pq7bOdOUDh56T43OlhGrBwAwel1u/UD/c/yvGPWLG3au6aieOfrn+tzNP9PUCXMjXQ4AAAAAAACAEBmmaZqRLqKriip7MJTtypaVoSe2bFKSNSG45m9h/mJtfvj+YJuikvJgCCxJ3/jqZyRJ3/ruLyUFQt5vP/loYA3gbTtkr6nrcZ8tm9eHNQTuXAO4rr5R0zLSVHm2Wl945KPKX76gWzt7TZ2+99PfKnPKZHm8HWpta++2BrDH41VJaYX2v12q6ktX1NHhU3x8nFbePE8Prb1TEydYJUmNTS361x8GRoJ1Xt/12Jc+v0GvHjiiw8dPyePxavKkifrkA7frwysWyTCkPfuKtXtvUY/nsCYmBNcwNk3pZOV5vfDSWzpffVmmKWWkT9b6+wuVv2yBDCNwzZnzF/W9n/6vsqdP0SOfuFu/+8NbOllpl8/n17TMVD2y4W4tnJcTvIffb+p4eaVeP1iq0+cvyuPxKjbWogV5Nn36k/d0W8+4s87OacN/s+eA6uobZbHEaOmC2fr0p+7R5JTu6ye72t3a9XKRDh09oZZWl2JjLbJlZeoTH7tNC/JmyjA06GcDooGrrSOk9rW1l2UYRvBLUr/b6rotyVAf7bp8H+jY9duD2R/oeF9CbW9NisrPSPWqob1azxz9c8JfDKt0a44eXfErpSZmR7oUAAAAAAAAjHGhvt9G/yzf/OY3vxnpIrra+uOdcl2dotmWlaE7C27W8iV52rTh7uDI3e8/84KkQEha3+AMBra27EzVNziDwW7+8gWak5MVPOZyubV8SZ6mpE1S/vIFmpScpDk50+VyueVsbpMknT5/UffecUvYnq+jw6dDR0/I7fHqkx+7XeUVZ1VX36RbbpqnuFiLJMnn8+t/Xzqg6otX9NC6u3TOflmudo9uX7VUiYnxkqQ9r7yj3+x+UzKlBXk25cyYKperXRWVdl2oqdOKpXNlsVjU7vbo4LuBtZM7r+885nK59af3q+RocGrRvBxZExN0qdahP71/WtOnpilrarpcLrdiYy1ytbvlcrlly87U4vk5mpmdqUXzcjQhKVElpSf102f3qKWtXQvyZipnRqYu1zn0zpETio2N0dw5MyQFwuh3jpyQx+PVoaMn5PebWjQvR37T1MXLDr134owW5NmCIfe7x07qZ796SW2uduXNzlburCz5fH6dPndR7586qxU3zVNiQuDncarqgiqq7GpuaVPx4cBo75wZU+VsbtW5C5d1/kKtli+dG/wZ19U36d+efl5lJ88oKSlRSxfOVkbaJJ21X9Lh0grNz7UpbXLyoJ8NiAYd3v7XFL9ea2srAXA/4uKiepWEbraXfl4XW05GugyMMa6OJtmdx5WftTHSpQAAAAAAAGCMC/X9NvoXdcObOqd9tmVl6Btf+2yP8/bq2m77RSXlkhQcCXzF0RQ8Z8vKlBRYE7hTW3sgXE6yJgSD3nVrCvWt/3g2EChfN+10OGVPn6LClYu0780jOnK8QretWipJOl99WcfLT2v50jzNmzND+9443OPaO1Yt1YeWL9D0zPTgKFSPx6sf/teLOnX6gk6fv6QFebZ+7+9qd2vZklx9duN9irVYZJrSnn1F2rOvWCXHKrRi6TwtW5KnZUvy9LNf/l71jkDYvva+gmAf9po6Pf/ifk1OmaivPPpJTctMkxRYZ/npX7yoN94+rpU3z1fmlGujdZuaW7VuTaEeuPfDMgypw+fT9ude1rvHTup4eZVm2aZJkpYunKO/+/8+rZwZUxUTE3hI05R++Zt9euvQe3rvxBnd9qEl3Z7J2dKmrzz6KeXOypIk1dU36rs/+a3OV19WzaUryp2VpQ6fTzt3v6HaK40qWLko+PydP8PKszXKsU0d0rMBwEh74eSTOtd0NNJlYIw613RUL5x8Up9c8FSkSwEAAAAAAAAwSFE7vGlZH9Mwdwa4XRWVlGvrtp3aum2nTlVdkBQIkDtHDNc3XAt1kxJ7X0e4r/uFU4xhaPWtyzUlbZL2vXlYTc2t6vD59IfX3lVsrEX33ZWvjg6fGpt6rgOclpqirKnXwl9Jio+PU/JEq7zeDrW1tQ94/+SJVq25Kz8YfhqGNC/Xpri4WDU1t6rd7Rmwj1NXR90uX5oXDEilQMB+V+HNanS2qObSlW7XTM1I1Z0FNwVrj7VYglM/X65r6NbH7JnTguFvZ42pk5MlSQ2NzT3qWbF0bjD8laS0ySnKnj5FrnaPmpytgXvUNqjqbLUmpUzQxz/y4eDzS4Gf4aJ5OYq1WIb0bAAwkv50+SUdqn4u0mVgjDtU/Zz+dPmlSJcBAAAAAAAAYJCibgRwp9LyKq1bU9jjeOeo3sB2hq44nHK1u1VRZe/Wbl5uYPRrvcMZHCWcnpoiW3amelNaXjVcpYckPS1F99y+XDt2vaFDR05o+tR0lZ08o3tuW64Z0zPU5GyRv5dlmtvdHu1/u1SHjpxQQ1Oz2lw9g/GBxMXFaUJSYrdjCfGx3QLRgZy1X5IkvfLmEb3y5pFe29Rcru8WsE+cYFVsbPdfvd6C+Q6fT+8ePan9bx/TFYdTLa2uAevpnD66k8USo/i47veqq29US2u7cmdlKXnihD77GsqzAcBIerlqa6RLwDjxctVW3TT1gUiXAQAAAAAAAGAQoi4ATk9NCazZW12rrdt2an6eTUnWBBWsXKwka4KSrAmyJibI1e5WW7tbX9+yUf++badcV0cGz8udIVtWZjA8Plb2QbBvV7tbbS53cGSwFJjOd9v2XcGppbtOFz1SVq1YqKLD7+uVN48oMTFeqZOStfrW5epruUqPx6uf/M8elVecVWysRdnTpihrWrok6dTpCyM6jbXPF5iT3ZadqRnTp/TaJmtqesj9mqb0/Iv79WbRccXEGJqakarF82cpJsbQhYtXekwFHgq/35TZS6h+vXA9GwAMhzfO/UT1rnORLgPjRL3rnN449xPdlfNYpEsBAAAAAAAAMICoC4A3bVitbdt3SZIqquzBkb1vl5TriS9uVJI1QcuX5qmopFz1Dqcqquz6x699VlcamjQ/t+eat4X5S1RUUi57TZ3aXG793VPP6Btf/azS0wJB76sHjnQbPbxpw+oReErJ5/PJ4/VKCoyIvf+ulfqv5/6opuZWbVp/V7C+3jQ6W3ThYp1SkpP09S2bgtMTm6b002f3hCUAtlh6ny18RlaGSkorNNs2TZ956CPDdr82V7vOnLuouLhYPb55vRbPnxU8t+vlt28oAE5PS1GSNVF19Y1qbmmVNTG+13bhejYAGA4Hz2+PdAkYZw6e304ADAAAAAAAAIwCUbcG8PIledqyeX2Pkbj26loVlZRJktbdd21q6D37inuEv/UOp15762hwtO8TWzbJlpUhKTDi9+n/vjbi15adKWtigtJTU7Rl83otH6HpfD2eDrV2Wad3+U1z9aFlC5Q3O1srl83v99qE+HjFxfbM7k+fq+kxFfZwmX51pOv56lp1+HzB40sXzlHyxCQdfe8DVZ2t6XaNx+PVyUp7cCRtKGItFiUm9Axm6+qb9O6xkyH319X0zDTNnjlNTc5W/f6Vd7o9T9eaw/VsAHCjDtf8Rs2eukiXMSrlLnlT37nntL5z+y+UfwP9PPjh0/rOPaf1zRV/ObgLFu0L3PfOX+uOG7hvJDV76nS45jeRLgMAAAAAAADAAKJuBLAUCIE7g9hjZZXBEcGd69wG1s1dEQx5t27bKVt2ppYvyZO9ulYVVXa1udzdRg0/sWWTtm7bIXtNXWB66R/v1BNf3Bi411Nfitizdoq1WPT5T390UG1Tkido8YJZerPouL79w+e0aF6OXO1unTl/qc+Rujdq6cI5evXAUR0vr9I/f+9XmpmdqbtvW6GcGVN1/+p8/e6PB/VvTz+vOTlZykifpOYWl06dvqBYi0VffexB5cyYGtL9EhLitOKmufrgTLW2/fduLZw7UzGGoYoqu6zWnusFhyI+Pk7r1hTqfHWtig+/rxMfnNfc2dnq6PDpZOV5GUaMvvrYg5qZHZ5nA4AbVXp5T6RLGKU26o7Uqx8Yiy9Q/myp5ExkKxptSi/v0cqshyJdBgAAAAAAAIB+RN0I4K7aXG7t2Vcc3O+6du/DG1arMH9xcN9eXavde4t0rKwyGBR3Br39jQTubDuaGIa0ce2d2nD/rTIMQyWlFbpc16C/2LRG83qZBns42LIy9NXHHtScnOm6eLlexYffl6PBKcOQPnLnSn3tsYe0cG5OMFQ9dfqC5s7O1pe/sEEzs4cWkK6+dbn+YtMaJVkTdLy8SlXnarT+/ltVuHLxwBcPYE7OdD3513+mglsWyePxqqS0Qu+dPKNpmel67HNrNTN7alifDQCGqtXr0AeOg5EuY3SavVF58ZJMSUpQTsY/KS3CJY02HzgOqtXriHQZAAAAAAAAAPphmKZpRrqIvjz/4n699tZRSYEA8oktm7qFwFJghPCevUWy11ybCjM9NUVJ1oTgMVt2ZnAkcGDE8I7guSRrgp744kbZsjNH6KkAIDxcbR0hta+tvSzDMIJfkvrdVtdtSYb6aNfl+0DHrt8ezP5Ax/sSantrUlROkqE/XX5Jvy77cqTLCKs7lh3SHXpG/1z682Hs1aYNH3pTBcmS4/JOtWduVJZhV+mxO/XcEPLMBz98WvkTJFfDv+ibRwdR56J9+s70PKmjWC+9+Wc6EPoto8afLfmhbpr6QKTLAAAAAAAAwBgS6vtt9C86325fZa+pDW73Fv5K3aeLrnc4lZ4WWDu4a9Dbdcrn66eD7hwJ/PhfrCcEBgBEvfPO0kiXEHaZiRlKVt7wdpr2Nc1PlmSWq6Lq/8qZsF5Zk23KnblRcuwc3nuNceedpQTAAAAAAAAAQBSL6img+9Lmcuu1t45qz77i4DrAkoLhr6QeUz73Nx10vcOpp/97l+odzpF/GAAAQnCppSLSJYxK+TMLAtM9txTrRZf0ek2xmiUlT96ou/u8yqZlc3+hr91xQt+557S+c89pffPWX+uBqX0vt5A29e+1+cOleuruQPvv3Pmm/mruujE11TS/gwAAAAAAAEB0i+oAeH6X9Ww7w9s2l1tbf7xTz7+4X7v3Fun5F/cHz10v1BD4W999dlSuCQwAGD8cLnukSxiFHlf+5AxJbp2r+5fAoYvPqMolybJCS+f1HuguWPRfemjmXcqMS5BMtzp8bsUlFOiORf+lHEsvF0z5tjYv+kstmJCiWEPq8LnVEWNT7szvaHNyz1lMRit+BwEAAAAAAIDoFtUB8L133NItvP3KP/xIX/mHH8leXdutnb26VkUlZb32EUoI3OZya/vzL4fxiQAAuDEtniuRLmGY2ZSbuU7Lpl37ssZIipnU7diyzIIhj6JNm3d/ILD1FKvkTOfRYu1trJQkZU35mnJ7XPRtPTAtT7GSXA3/oe+/vlBPvrFQTxb/tUpdNmUmXn9BgR7M26jMGEneYu0tmRNov/9OPXfJrrSJfY8aHm3G3u8gAAAAAAAAMLZEdQB8fUDblS0rQ09s2Rjcv37kbuc00fUO56BC4PTUwPTRpWWVYXwiAABujMfXFukShtfs7+nzS/9Tjyy+9rXEKsm6ptuxR5b+Qg/PHsoNCrRmymJJkqPhGZV0OeM4U6waU5K1QHdM735VbnaBMg1JvqM6cPRp1XSecO3Wc6f2ynH9bdI+q9wJkuTWOfuf6fXgqhJ2lZb/o8pcQ6k9Oo2530EAAAAAAABgjImNdAED6QxoXz1wRBVVgSkHbVmZWremUEnWa9MplpZXad2awuD+tu27VFFl1ysHjujbTz4a7Gfrth2y19QFQ+DH/2K90tNSlJSUqPoG1gAGAGBEnfkb/aJ1uZK7fCRt6Zz/1BLt1XOn/3jtoL9O52t7Xj6g6Y8q1yrJLFdFVXH3c65/1HtNG5U1OUN5WY9LF58OnspLyAxstB3V69f36XhdtZ51SovvcmxyhlIkyazUuTPXX1CsE611Wmbt+YE2AAAAAAAAABhuUR8AS4EQuGu421V6aorqG5yyV9fqW9/9pZYvydOxsspr00Sb3fu5PgT+1nefVXrapGD7zpHAAABEo3hLkty+1kiXMYzsqqrtvqZs3qz/lNSk0ku7b7j3u7MKlBzoVfmrTij/+gZG4MNksZPu1wbr03rx6kjd5NjAcVdHb6nzbjV7/1PqGgAnpgT+qPI51dzLFaXeJj2isREAx1uSIl0CAAAAAAAAgH5E9RTQg7Fpw+rgtr26Vrv3FnVbI7jreanntNJtLne/7QEAiCYT46dEuoTRw/pPWjrp6mwhRoJiLb18df4lZCzW/NyC4KXNHYGlJayxmb10vE7JcdcdaneqQ5IsKVcD5+6WxU26sWeJIvwOAgAAAAAAANFtVIwA7s/yJXnasnm9dry4v9sUzumpKdq0YbWWL8nrcU1nCLxj134de69Srna3bFkZ2rRhtebn2kayfAAAQpJmtanedS7SZYwKubl3KcuQ5HlDv33r893W/+0qbdE+/e30PKWlPqp8FatEUkmbXXdPypOSVuhuqfs00Gl3KzP+uk4uVsoxe4UyjTzlzJbUbRroAi2cMDZG/0qB30EAAAAAAAAA0WvUB8BSIATuLejtT5I1QZsfvl+bHw5TUQAAhMG0ifP1geNgpMsIq9r2OjWr8gZ72ag7UgNBpaPhmT7DX0lynClWzbQ8ZcUXKH+2VHKmyzHLCt2x8u9Vc/hfdFKSrOv0yLw1Sru+E9fTqmreqMzkBOXYfqsHmh/US1ckyaZli/9JS6w3+DhRZNrE+ZEuAQAAAAAAAEA/xkQADADAeDEzZVmkSwi7A6WrdOBGO5m9UXnxksxyVVQV99/W9Y96r2mjsiYnKCfj76Uz/yK5/lF7LxXoM9PzZJ30l9p892fU4ZcUk6BYs1K17jxlJnTtxK4XT+9U7tKNyoxboTtuPq1Cnzsw9XSMW7WtdcocI6OAx8PvIAAAAAAAADCajfo1gAEAGE9y0woGbjTu2bQhY0XgU24txXrRNfAVr9cUq1mSJhZow9XRuiffv0+/PPeGar3u4BrCXs9RFb//BZ3r6KWTK/9X//Hez3Wy1akOU4E1hv11Onfhb7Xd2TRsTxdp/A4CAAAAAAAA0c0wTdOMdBEAgBvnaustkepbbe1lGYYR/JLU77a6bksy1Ee7Lt8HOnb99mD2Bzrel1DbW5Oid5KMnx/77JifBhrRaW7abfrL5c9GugwAAAAAAACMMaG+30b/GAEMAONUqIEooseyqWsjXQLGKX73AAAAAAAAgOhHAAwACFnn6F9Exsqsh5QcPzbWk8XokRyfoZVZD0W6DAAAAAAAAAADIAAGAGAUum3m5kiXgHGG3zkAAAAAAABgdCAABgD0wPTQ0e+unMeUbs2JdBkYJ9KtObor57FIlwEAAAAAAABgEAiAAQBDRlAcWffnPhHpEjBO8LsGAAAAAAAAjB4EwAAAjFI3TX1Aq7IfiXQZGONWZT+im6Y+EOkyAAAAAAAAAAwSATAAAKPYJxc8pZxJKyJdBsaonEkr9MkFT0W6DAAAAAAAAAAhIAAGAGCUe2TJ91kPGMMu3ZqjR5Z8P9JlAAAAAAAAAAgRATAAAKNcamK2PnfzzwiBMWzSrTn63M0/U2pidqRLAQAAAAAAABAiAimkQ+4AAAc1SURBVGAAAMaAqRPm6tEVv2I6aNywnEkr9OiKX2nqhLmRLgUAAAAAAADAEBAAAwAwRqQmZmvLyt9qVfYjkS4Fo9Sq7Ee0ZeVvGfkLAAAAAAAAjGKGaZpmpIsAAIwsh6NJLc2tkiTDMGQYRrftrvvB713bqJfzvXwf6Nj124PZH+h4X0Jtb02KDal9tPnT5Zf0ctVW1bvORboUjALp1hzdn/uEbpr6QKRLAQAAAAAAwDjkauuIdAljCgEwAIxDly9dkdvtkdR76DtcAfBgQl8C4PB649xPdPD8djV76iJdCqJQcnyGbpu5WXflPBbpUgAAAAAAADCOEQAPLwJgABhnTNNU9YXL8vv9kgiA+zJWAuBOh2t+o9LLe/SB42CkS0EUmJt2m5ZNXauVWQ9FuhQAAAAAAACAAHiYEQADwDjjdnt06WJdv6EvAfDYC4A7tXodqnIU67yzVJdaKuRw2dXiuSKPr02m+JNgLDFkKN6SpInxU5RmtWnaxPmambJMuWkFmhCXFunyAAAAAAAAgCAC4OFFAAwA40xLc5vq6xuiMgDuLaQlAAYAAAAAAACAsY0AeHjFRLoAAMDI6lz7FwAAAAAAAAAAjD0EwAAwzrg9oQXAoY6cDVcfAAAAAAAAAABgYATAADCOtLe75fV4I13GoBEcAwAAAAAAAAAQGgJgABhH2l3uSJdAqAsAAAAAAAAAQBgRAAPAONLefmMBMOEtAAAAAAAAAADRjQAYAMaJ9nZ3SAEwYS8AAAAAAAAAAKMPATAAjBOutvYB2wxH6EtwDAAAAAAAAABA5BAAA8A40NHhU5ur9wD4RgNbAl8AAAAAAAAAAKIHATAAjAOuNpc8bs/QOyDkBQAAAAAAAABgVCAABoAxzjRNtba6uh0Lx6hdRgIDAAAAAAAAABB5BMAAMMa1trrkcrUT0AIAAAAAAAAAMA4QAAPAGNfS0jpgm67h8GCD4kgGyoTZAAAAAAAAAAD0jgAYAMYwZ1OL2q6b/rnTUENUQ8MXvhLkAgAAAAAAAAAwvAiAAWCM6ujwqaWldUijewEAAAAAAAAAwOhEAAwAY5TT2az2dvcN9UFgDAAAAAAAAADA6EIADABjUHu7Wy3NbRGtIdTwmLAZAAAAAAAAAIAbRwAMAGOMaZpyNrXI6/VGupQeCHkBAAAAAAAAAAgvAmAAGGMaG51qbm7p83xfawIPtFbwUMNbQl8AAAAAAAAAAEYOATAAjCFtrS45mwLh70CB7qAR4AIAAAAAAAAAMGoQAAPAGOH1etXY5BzU1M+hjPwdbD9DuX6kRGtdAAAAAAAAAAAMNwJgABgDTNNUQ4NTba2uYQt3+zNagl8AAAAAAAAAAMYbAmAAGAMaGprU1OiMdBkjgrAZAAAAAAAAAIC+EQADwCjX2NAkh6Np2PvtLWg1NPrCVwJjAAAAAAAAAMB4QgAMAKNYU1OzHI4mmX7/oKZ7HonpoQdroPsT3AIAAAAAAAAAEDoCYAAYpZqamuWob5TP5+u3XahB6nCEsYS3AAAAAAAAAABEBgEwAIxCjY1OOeob5fV6ux0fzAjfkEYB9xPkEgoDAAAAAAAAABB9YiNdAAAgNA2ORjU0ONXR0RHpUrphGmcAAAAAAAAAACKPABgARpErVxwDrvkbrtDVkNFr/yMZ8hIoAwAAAAAAAADQPwJgABgFPB6PHI4mNTY4ZRjXgtCBAtGhhsQ3ErQS0gIAAAAAAAAAEDkEwAAQ5Vpb2+RwNKm1pa3fdkNd5zeU8wAAAAAAAAAAILoRAANAlDJNUw5HoxobnPJ6A+v99pbFDjWgHXBEcD/93mgoTKgMAAAAAAAAAEB4EAADQBRqa3OpwdEkp7NFUu9hbSijecO2LvAQaumv3WDah4KgGQAAAAAAAAAw3hAAA0AU8Xo71NjYpKamZnk9naN+O0PWvq8L95TPhga35jAAAAAAAAAAAIgsAmAAiAKmaaqx0ammJqfaWtslDS5sDSWQHVLwG2LgS0AMAAAAAAAAAEBkEQADQASZpqmmpmY1O1vkdLb0CFCvH/3b25TL/R0bjFDX/40UwmUAAAAAAAAAAAZGAAwAEeDxeNXS3Cpnc4tamlv7DH5DFUowPNh7dE7/HMp1oa75C+D/b+8OchqGgSiAzhHYIO5/PMQGiSSOUzth0QWCtsFR0xak9zaO5IztZaQvTwAAAAAA9iEABrijruuj++ij74dIKUfEaVB7Osbq/M/nc1rbP28Jbltqtq7Zsh4AAAAAAHCZABjghpZliWFI0XXH0Lfv0q+3dLe4thX0WvtnQezf9Pr2/ugjAAAAAAD/2Mvz06OPwI0JgAF2NM9zpDTGOObjmMYYhrE5nN3r9u+e/wi+tO6WuWv35YuPMwAAAAAA1giAATaotcY8L1FriVJqTNMhSikxTYfIOUfOU5RD/Vbz2y3ftXC3pa7l3Zaas3OxfqZ7tXAWHAMAAAAAQJtPEBq5thH0xw8AAAAASUVORK5CYII=" height="600" width="800"/>
Actualtrue:Expected:True]]>
  </system-out>
  <testcase name="LoginSuccess_001" time="11.668" classname="testcases.LoginTest"/>
  <system-out>
    <![CDATA[Login Testcase
<img src="data:image/png;base64,iVBORw0KGgoAAAANSUhEUgAAB4AAAANOCAYAAADwDxERAAAAAXNSR0IArs4c6QAAIABJREFUeJzsvXuQLcdd5/nNqvPq7tOPe7vv+ynrbVtijMLLYmN5hsUwDBiIdUAsSzi8RDDsHyuzsRMQLCy74Zkhlt2BmAd27AADS3gjCBMemGAwDCN5MMg2NmAkS7Zky5KudK9079W9fbtvvx/nUZX7Rz1OVVZmZWZVVp3T3fl1WHmzT1Xl4/c7n/P7VWWeQyilFFZWVlZWclEftL8DMtgB3V0F9u+Cbt0ENm8Cm9fgr1wBXb8CbNwACACKbAmAkHLdEJ7Oa4/TPnu4rE4BOETh8jQYW24p6I6szp8F5oxUA4K6dIJKlPFA2QlRGlB5adrfVHNxPRxuZjpy7F+2jBRNd/SC0NzpMxTqReyf1wGVUjTDElVsb9Pt5/GmUFnA3yJVxp9aeMOWiQnR8R9dTQhvdD5vjJY5vInrQlXEm0L8Ec4wU2dUs/3Ltl8Lb+rkDzfeMfH5o+t/7IQk6geYP9J3xwTzRz7+cfJHeYaZOqMJ509kf/Zwne6b5k+kQrxhzxgbf6IJrJk3rCr2t0L8EXTLVBmJ5U9x3rD1kvzR8Z9Dxhu2fdXRHmzeMPUq3wH2/s4Bur9jZXW05P7m9fjfd9e3sLWzi15/AABot5qYnZnG8YXZ+BhiHwBbWVlZGVRvC/7KN4HbX4N/63ng1lfh3/oa/9gwcCFAoYCuXKqrH1ATUlVAzZZgIj6+Sic4BRIacwmO4jRVqVLtiUZc0v6F/IkdkKjODJ+X0HDOrqzkJTSC2a1EY02g5LwxXmrzxjB/DPCmFH8mkTd18qf2B6ZMXdCd2viTM9xa+DNR/jdO/oAxSKKe4z/avGFLy58KeMPWNflTyJ/YAYnqaU1CvJMZvuLsGtFE8iZSlbxhS4wMcsB4o8oftQ6yJxhWqfZ1Catj/6r4wwyfxxsOf+rkjSp/jGis/ifgTYY/FVrgENzf0eKNaACHmj9F7F8Pf6ysjpLc37yOwWCIm8ur2O/1ucd02i2cPbmIZrNhHwBbWVlZVSqvB3r9b0Df/BLotS/Av/bFxIvpAIYwsYw0AE4kVLXtQAg7kIrfD2SAK5NCAGw8sNUMgCUrUEsnULJSwd9UZ7OQ6vY3rfYLJEwmEmythCk/gVLlz5FZAVwr7zR5M64dNwX4Y5Q3dfKnVvuXbb8C/ij7H9th1Tp/uHG9gP0tf4pqnPxhBxxVa+YNWxbwt5zZNMOfOlWIN2zdMH90/OcA8Ib1NxFvMs+Pq9BE8CZqr0reCPyHxxvWHRM9Ns4fA/4nml0l1Wp/3fbZN0AF/Cn8eccOIH94wvoY+JOarRz+jN/+ZdtX8JeJy7fS5STyRzSbhTRu/lhZHSC5v3kd127cFj78jdRpt3Dp3Cn7ANjKysqqTvmvfw706l+Avvbn8G+/kH4xGXA7kAQ8/JCLlAn5FAPe7E5gdgCiukQ1B3iihIsNsKsK81UC7kjmp0Mx4akywZEmPJr+U1aa/qfq/SYTLNV8SCkhK5VgiVowzxtl/9Hlz5gTTC5v6uRPznSbv8Es4k3UoTHwR/OBtnGV9L9J4E8kJd6UGr9qi+Pkj6Ysf7K8McYfBX+ZOP5wyipVsr1K+KNyHqe7xvijfEUDflDY39gBFFTdvAHT+zHwRjXeKT8dk8Qb1t/YCTEyYLl03tA5p8vqWrypkz9a46+JNxUuqMmopP11pcSbkvavij/lJeJPEfuXLUONmz9WVodYG//3N3Hn7rrSsSeOL9gHwFZWVlbjEN24DnrlP4O+/KfwX/uc8DiiEV+DE1DyEmzO4dol9zeBCwTU8ThhIP5LNcBG1JWG9hAG2CYTKJkMJ1SqvS9jf90yErdudPyiFk0k1IoJk6w+iTeQFXijeHqhhHp8K5TZBmvgj3DgiQmqmzd18qeA/SvnTeHxK7WYLsfOH5PjL6ADwJ9I5vkj4M1E88ewxsSfMp8/k8MfVd6wdYn9jfhXJIn/1M0bzfaN84YtFfwtUm38ybRQB29Y/4tkmD9HgDe5/pN4Qfh2V5Yh3tTJn4rtL5XK20P9cDO8qZM/qQ6J+FMBd6T+l5igA8QfWW8nmT+1vN+srA6Qrv8fz0h3/0bqtFv2AbCVlZXVWNXfgf+tP4b/0h/Bf/nPcgMcrYfB0TmpfzEhFfcGonpCVfw3gUMZXhE4iQFtYrbVAtoJSijT7aumdCYSKpn/sQMQ1fXGX+WCCW6pMnxmdkX1QqrU/xT8pSR/ipfR+GvmDVtWwBtV/gg7WKfq5o0Kf3T85xDyRst/dFUpb1hNEm9YfwNjkGLj1+ZPAftXzps6+aPVfk28sfGOUrxjRBPBnxp5w/qH4QUaRvhTcnSRCvOnTmm1b4A/lfNG4j8q3VO4+jh4Y8Q9auUNK/YNVid/QknjnWr4o2P/SvkzVvtL2s20r0rUSeKPlZVVpCv/619D9ZEuIcQ+ALaysrKaCA324L/4adAXP838TnBW0YNg7g0cQYAr+kbp0glWeGE2nsssCK9CRgPsAgFw4QBXMYGS1TXHL02YdEsDCZbq7HM1UQkWO2D2DWD0nYd8/4sOM5swZfzHgP3L+p+IN3WYvx7esHWJ/Y3MLDtAgQryJu/00vzRvA47u7myvJG/4XX8R3G4cT1sJrc75kedzxsBfyqRUf8zxJs6+aM5fuP8URi+Ud6wOhD8qfAdqB3v1MCf6kab9Ze6ecPKqL8p8EbF/lXyRoU/OSrNnwp5o2S+ieINW7JvgEnkTUn+8HhTJ394vKmTP0b9T/UdoWL/svxhByioa46/NG/Y8qjzx8rqAOnVn/+y1vH2AbCVlZXVBIluvAn/65+C/8Lvg66+mpvwBDtwR3VZxEQKJzxswBv3NuyHqcErDKNKCaaDTbh0uls24BYlXPLpmKSERzEBmjD7l21fOyErkGAZTcBSF8jyRuo/ZcvSK4RLaswJ5iTwxtwOiYPAm6idnNOr1CTypk7+5F5AxJ+KeaP1QLskfwzbX7t5Hm84/DHOnag8tPyJZzi/fsD5o80bthwjf+QdHCd/EhNkkjda48d4+KPZPdP8iaQ/fJnHKdrfyMjYGRTU6+YNq5LtF+bPRPCGbVDEG7ZeBW9Y/xPNaEmNmTei6aiNPzlv9+ru7yTqY8+3FE63srIqJPsA2MrKyuow6I0vwnvuk/Bf+LT00PgBrGKAxR4OSV2ldBTjS9WEqVAAzEuoMgmW0ZA+XfJu4LA3+KpUzQF2xl94CZXhBDvXf3gJlXD8qh5YxP5lEyrRDEs07oRKs/0yvFFNsLX8J6eelSJ/auENWyYmRMd/dDUhvKnyhp7M30S8ke+QqIg3hfgjnGGmzqhm+5dtvxbe1Mkfbrxj4vNH1//YCUnUDzB/pO+OCeaPfPzj5I/yDDN1RhPOH9EDBZ3um+ZPpEK8Yc8YG3+iCayZN6wq9rdC/BF0y1QZieVPcd6w9ZL80fGfQ8Ybtn3V0R5s3jD1Kt8BVd3fkScLgWr2PxFvcj/+FbtZljf68Y6V1eGWfQBsZWVldVg02IP/7G/De/a3Qe++Lj2cEOkhyaNBDAfU2r8JXPIBRukEp0BCYy7BUZymKlWqPdGIS9q/UKrADkhUZ4bPS2g4Z1dW8hIawexWorEmUONM4FV5Y5g/BnhTij+TyJs6+VP7A1OmLuhObfzJGW4t/Jko/xsnf8AYJFHP8R9t3rCl5U8FvGHrmvwp5E/sgET1tCYh3skMX3F2jWgieROpSt6wJUYGOWC8UeWPWgfZEwyrVPu6hNWxf1X8YYbP4w2HP3XyRpU/RjRW/xPwJsOfCi1wCO7vaPGGldOCPz0POrMEzBwD7cwD7RnQ5gzQbAFuczQi6oEMB4DXBxnugQz2QPq7IP1tkN4WiDeQtZZVLfwpYv96+GOlKxrYhPqgngf4Q2A4ALwB6KAHDHrj7qBVjuwDYCsrK6tDJv+1/wL6ld+Ad+Wz6fBHEFcBegEuJK8LA2DOAYT9seEqVWmCpRAAGw9sNQNgyQrU0gmUrFRIqFRns5BqTah12y+QMJlIsLUSppIJuIGEuihvxrICuFLesNLkzbh23BTgj1He1MmfWu1ftv0K+KPsf2yHVev84cb1Ava3/CmqcfKHHXBUrZk3bFnA33Jm0wx/6lQh3rB1w/zR8Z8DwBvW30S8Ud00VkoTwZuovSp5I/AfHm9Yd0z02Dh/DPifaHaVVKv9ddtn3wAV8Kfw5x07gPzhCetj4E9qtnL4M377l21fwV8K2N+fWQKdPwM6dxZ0/iRoez40anH+kMEenP0NOHvrIPtrcHbXJ5Y/otkspHHzx4oRBe3vA/090N6ufSA8YbIPgK2srKwOo+6+guHf/D/wnv2dMMiTJzi6O3KJoYSHkHRdWTUHeKKEi03wTSZYugF3JPPToZjwVDLSSPyEJzUhOv5TVpr+J03gOZcrm2BpJfA5dbUO5o1ezh9pafwGi6xucvzlxeVNnfzJmW7zN5hFvIk6NAb+aD7QNq6S/jcJ/ImkxJtS41dtcZz80ZTlT5Y3xvij4C8Txx9OWaVKtlcJf1TO43TXGH+Ur2jADwr7GzuAgqqbN2B6PwbeqMY75adjknjD+hs7IUYGLJfOGzrndFldizd18kdr/DXxpsIFNRmVtL+ulHhT0v4EgN+eBT12Af7iZdBjF8KdvTkdKjV+CmdnJf4/6W8LjhPxp4j9y5ZR18fMHyujosM+sL8Nur8d7BS2GqvsA2ArKyurw6rhPrwv/2t4X/5XwHA/G3pz4n3HSddlCRO7gbdogu04agF1JCPxX6qBKKBlW6gjwWYDaraDonpJGU6oVHvPs38tK5TZutHxKyTglSVUkST1SbyBzE6PuPfl/UFh+mvnTZ38EQ48MUF186ZO/hSwf+W8KTx+pRbT5dj5Y3L8BXQA+BPJPH8EvJlo/hjWmPhT5vNncvijyhu2LrG/Ef+KJPGfunmj2b5x3rClgr9Fqo0/mRbq4A3rf5EM8+cI8CbXfxIvCN/uyjLEmzr5U7H9pVJ5e6gfboY3dfIn1SERfyrgjsD//Jkl+CfuA128F7R7rHb+kP4O3J07cLZuw9m7qz2hst5OMn/G8nlvJRTt7YDubgK93XF35cjKPgC2srKyOuTyvvJv4X35X4NuvaUcXhLCCam4NxCZncAlQjjxDuRQhlcETmJAm5httYB2ghLKdPuqKV3xhEo9oWcHIKrrjT9qdpISanZ2RfVCqtT/FPxFwB/zN3RU+aM3Qm3esGUFvFHlj7CDdapu3qjwR8d/DiFvtPxHV5XyhtUk8Yb1NzAGKTZ+bf4UsH/lvKmTP1rt18QbG+8oxTtGNBH8qZE3rH8YXqBhhD8lRxepMH/qlFb7BvhTOW8k/qPSPYWrj4M3RtyjVt6wYt9gdfInlDTeqYY/OvYvMjp/ehH+qQfgn3oQaHflHaza/l4f7tZbcDZvwtlbL9i+KlEniT9Wkyba3wN21oOviLaqVfYBsJWVldURkPfcJ+F98V8Am9cBxQAXRD18U9oJnPgDG88l+1GZjAbYBQLgwgGuYgIlq2uOX5ow6ZYGEizV2eeqrgRLqX12wJH9I5lMsGX+Fx1mNmHK+I8B+5f1vwx/QtVh/np4w9Yl9jcys+wABSrIm7zTS/NH8zrs7ObK8kb+htfxH8XhxvWwmdzumB91Pm8E/KlERv3PEG/q5I/m+I3zR2H4RnnD6kDwp8J3oHa8UwN/qhtt1l/q5g0ro/6mwBsV+1fJGxX+5Kg0fyrkjZL5Joo3bMm+ASaRNyX5w+NNnfzh8aZO/hj1P9V3hNj+tDEVPPg9/Q7Q7vES/EkOEIm/KfAmZ/xksAN34ybczRsggz193rDlUeePVWHR3g7o1l1g2B93V46M7ANgKysrqyMi/2u/h8HnfwXYeAMAAVEM7YQ7czkRHjFwg1f5IfC4Az7BdLAJl053ywbcooRLPh3lE55Jv8FrXIbbl71blBIuxW4ZScBSF2AzfAX/KVuWXiFcUmNOMCeBN+Z2SBwE3kTt5JxepSaRN3XyJ/cCIv5UzButeKckfwzbX7t5Hm84/DHOnag8tPyJZzi/fsD5o80bthwjf+QdHCd/EhNkkjda48d4+KPZPdP8iaQ/fJnHKdrfyMjYGRTU6+YNq5LtF+bPRPCGbVDEG7ZeBW9Y/xPNaEmNmTei6VDhD104D+/8t4Eu3qPV5ND3sdb3sE5dbKKNHXcKe24HfbeNAWmBEgIHDlx/iLa/j85wH11vB3PoYZ4McazpoOk4nCuLPc7ZXYG7/iacrVvp18eebymcbnWoRLfvgm6vjbsbR0L2AbCVlZXVEZL33CfhP/3LoDvLcSAl/OZllvZEPV0smlBHpeg3gcFcX1TPinMGL6HKJFhGbh3wS94NHPYGX5WqOcDO+AsvoTKcYOf6T+IFobnTZyjUSybYJhMomcadUGm2Lxpt4bKAv0WqjD+18IYtExOi4z+6mhDeVHlDT+ZvIt7Id0hUxJtC/BHOMFNnVLP9y7ZfC2/q5A833jHx+aPrf+yEJOoHmD/Sd8cE80c+/nHyR3mGmTqjCeeP6IGCTvdN8ydSId6wZ4yNP9EE1swbVhX7WyH+CLplqozE8qc4b9h6Sf7o+M8h4w3bvupoDzZvmLphj6eNDvzTD8E79y6gPZPlDef+zs5giJtDF28581hpLwEkOCyr4KYYIQ3Q6GQ6ulAwJIKl/ds47a3hbMPDTKuhZH/i9eGuX4O7dg3EG+TOtEgi3uR+/BuZdTlv9OMdq3GJDvZBN1eAQW/cXTnUsg+AraysrI6YvK/8Wwz/8p8B/Z3U3/NT4VHERgBpQE0MhHSZncclH2CUTnAKJDTmEhzFaatSpdoTjVijrPyBqcR/eAkN5+zKSl5CI5jdSjTWBKqeBL4cbwzzxwBvSvFnEnlTJ39qf2DK1AXdqY0/OcOthT8T5X/j5A8YgyTqOf6jzRu2tPypgDdsXZM/hfyJHZContYkxDuZ4SvOrhFNJG8iVckbtsTIIAeMN6r8Uesge4JhlWpfl7A69q+KP8zwebzh8KdO3qjyx4jG6n8C3mT4U6EFDvj9HX9qAf75d8E/+w6lGb++5+Gacxy326cR7MIAAB+E//Q3FiFusoaUY1CS8tOT+2/hkn8X5zu8XcFZOZs30Fi9CtLfrIg/RexfD3+sJkt08w7o7ua4u3FoZR8AW1lZWR1BeV/4vzD8/K9wA1xAHlY5RD3siq9XIMGRxMJ6qjTBUgiAjQe2mgGwYAVq/HL6aP0ESlYqJFSqs1lItSbUuu0XSJhMJNhaCVPJBFwzoS5SpmYv8cJYVgBXyhtWmrwZ146bAvwxyps6+VOr/cu2XwF/lP2P7bBqnT/cuF7A/pY/RTVO/rADjqo184YtC/hbzmya4U+dKsQbtm6YPzr+cwB4w/qbiDeZ58dVaCJ4E7VXJW8E/sPjDeuOiR4b548B/xPNrpJqtb9u++wboAL+FP68YweQPzxhfQz8Sc1WDn/Gb/+y7ef7iz97Gv6ld8NfvCy1/7U9Hy83z2C7OcdthoAgfiBMaei+wfnBa054aPAjbg4BRo9mHIACfuQYFKDUR3ewifv7N3F5SuxfkZzdFTTuvgays1o5f0SzW0jj5o+VcdGdddCt1XF341DKPgC2srKyOoKi/R0M//yX4D/7/4IXKans4CWQR3z868S9kNQDCR8C1xzgiRIuNsE3mWDpBtyRzE8HJ2Sv+waL9IZLfgJtXJr+p+r9JhMsrQQ+p67WwbzRi1rQKI3fYFHjj5nxlxeXN3XyJ2e6zd9gFvEm6tAY+KP5QNu4SvrfJPAnkhJvSo1ftcVx8kdTlj9Z3hjjj4K/TBx/OGWVKtleJfxROY/TXWP8Ub6iAT8o7G/sAAqqbt6A6f0YeKMa75SfjkniDetv7IQYGbBcOm/onNNldS3e1MkfrfHXxJsKF9RkVNL+ulLiDcf+3vxZ+G97D+jc6dzr39r38M3GGWy0j4P3KCV6yOv5Plx31BNKKRzHgT8YotlsgsIB9X0AgOO4AGh8PUqD82h804zC92l4D41gvreKh72bON1O7iIG2AklvU007rwKZ2e5gP3LlowBxsUfq4kQ3d8CXV8edzcOnewDYCsrK6sjKnr3CrzP/jy8Vz4L4oAb8Ca/OIYXrqnuBFZOsCTtgLleuQlINsRk9NXeWoAwozCZQMlkOKHSTrgNJNSlEm6j41dIwAsn1IoJk6w+iTeQ2ekR9768PyhMv6r/lB8/22AN/BEOPDFBdfOmTv4UsH/lvCk8fqUW0+XY+WNy/AV0APgTyTx/BLyZaP4Y1pj4U+bzZ3L4o8obti6xvxH/iiTxn7p5o9m+cd6wpYK/RaqNP5kW6uAN63+RDPPnCPAm138SLwjf7soyxJs6+VOx/aVSeXuoH26GN3XyJ9UhEX/KjdSfvwDv3veAzp4UTDDBYOjhxcE0rk1fRvh8NnhgG703Et2lFCBOtLkCIOGrhBAQP7isAwe+7wEAHOKAUgqf+qAAXMcN6iR9526E2uAfl3av4p3NHTQd9kHwSE5vE43VV+Fs3U5NJzu93OkGJoo/Y/m8tzIm2tsBXbs17m4cKtkHwFZWVlZHWN6rT2H41M+B3n0dJBnNJSImEv2XewMxKImTH1CX+03gqEdRe0A6wkShAG8SA9rRWBUD2glKKNPtq6Z0GmXhhJ4dgKiuN37egolc/ylbqgyfmV1RvZAq9T8Ff8nhz9h2YGlImzdsWQFvVPkj7GCdqps3KvzR8Z9DyBst/9FVpbxhNUm8Yf0NjEGKjV+bPwXsXzlv6uSPVvs18cbGO0rxjhFNBH9q5A3rH4YXaBjhT8nRRSrMnzql1b4B/lTOG4n/qHRP4erj4I0R96iVN6zYN1id/AkljXeq4Y+O/ZPHe3Nn4N/3OOjsCWGbd3oenm9dxl6jCwqMHgCHr6dGQwkcN3yA64UPeF0XDiG4s7KCtZVVDAYDNF0H3dkuTiwtodOZAvUAj3pw3QYGgwFc14EXPwCm4LdIMT3cwbf1XsfJtvj3gUlvC40734Kzc4fxP1WiThJ/rA6y7ENgs7IPgK2srKyOuIZ//XF4f/5LowSLZMMsB/Iwjnde6vXEH9h4LrMgXCBSJp4zmmAVCIALB7iKCZSsrjn+cSTYqt0rlICPNcFm2xMk3LEqSLSFEx8dZjZhyviPAfuX9T8Rb+owfz28YesS+5u8gSNLuAvyJu/00vzRvA47u7myvJG/4XX8R3G4cT1sJrc75kedzxsBfyqRUf8zxJsJ3oFlnD8KwzfKG1YHgj8VvgO1450a+FPdaLP+UjdvWBn1NwXeqNi/St6o8CdHpflTIW+UzDdRvGFL9g0wibwpyR8eb+rkD483dfLHqP/lvwP8mRPw7nsf6MI5ZCY8LF/fpXih+/Coewwa4rmJrk8Joq97HnpD7Ozs4Pr163j22WexvLyMfq8PAsBxgDOnT+P8uXPodmdx+vRZnDyxhM5UB5SSoB2SaAdEcN8s6Pc7t76Jt3XEk0P27qJ552WQvTXLH6uxyn4dtDnZB8BWVlZWR12DPQz+0/8M7+u/jyhSIoQfQaV28nIivHgnsOAGLwE3EtVSHMyOO+AT5H9swiU43EjCJbq/of+ASzUEV0l4OR2q4obLhNm/bPuqtwdyEy7FbhlJwFIXYDN8Bf+p4oaLjv+U1ZgTzEngjbkdEgeBN1E7OadXqUnkTZ38yb2AiD8V80brgXZJ/hi2v3bzPN5w+GOcO1F5aPkTz3B+/YDzR5s3bDlG/sg7OE7+JCbIJG+0xo/x8Eeze6b5E0l/+DKPU7S/kZGxMyio180bViXbL8yfieAN26CIN2y9Ct6w/iea0ZIaM2+E09GcgXf/4/CX7hWe+o39Bl7p3hveR4uU2GkbXjO4H0YAP7jnRj2Kt966heeffx5vvvkGVu6uwvN9dDodbG9vo9Vq4cTSIi5fPI9Wo4HrN65jc3MN586ewbc9+igu3HMZcBpwnSZ86oM4LnxK4ZCgjHyG+YZo3Lf9Kt7e7if+mJ5oZ3sZjdvfBBnu1cefcdvfaiJFd9ZBt1bH3Y0DL/sA2MrKysoK9I0vYvCZ/wl0/WoqwCKceIwwdfb1ILDND/ekiZUgwYqk/5vAnASJl1BlEqwKbynwbuCwN/iqVM0BdsZfIv/KyzcVu1ko4Wb8nGvu9BkK9ZIJttEbOBKNO6HSbF802sJlAX+LJKtnpcifWnjDlokJ0fEfXU0Ib6q8oSfzNxFv5DskKuJNIf4IZ5ipM6rZ/mXbr4U3dfKHG++Y+PzR9T92QhL1A8wf6btjgvkjH/84+aM8w0yd0YTzR/RAU6f7pvkTqRBv2DPGxp9oAmvmDauK/a0QfwTdMlVGYvlTnDdsvSR/dPznkPGGbV91tAebN0xd14+IA++e98C78C7hcV/fb+Hq7NuCOUsE9RSNoGfJwylFw3UxHA6xtrqGrz7zLP7uK38Hz6OYme1i6HkAIegP+vDgodNqYXqqg1NLx+G6BHdu34LvD3D+zCm4DsG5S5fxtvsfQrszhXarA48ClBCAOKA+ggfSxA975COpe3ZexyPNPkRqrF9F4/Y3ha+LeJP78a83+4V5ox/vWE2y6OYd0N3NcXfjQMs+ALaysrKyAgAMv/gvMPzLX878PXgInI7YiCSgFu0gjl83kMBxfxM4JyErneAUSGjMJTiK01SlSrU3zgSeLdkBierM8HkJDefsykpeQiOY3Uo01gTKUAJf1t9K7LjR5o8B3pTizyTypk7+1P7AlKkLulMbf3KGWwt/Jsr/xskfMAZJ1HP8R5s3bGn5UwFv2Lomfwr5EzsgUT2tSYh3MsNXnF0jmkjeRKqSN2yJkUEOGG9U+aPWQfYEwyrVvi5hdexfFX+Y4fN4w+FPnbxR5Y8RjdX/BLzJ8KdCC2jzJ606+OOffju8B79b2IcXem281r0XhGSNReEGMx2+RChAKQWlFC998yV87rN/jtU7KwCA7swc+sMBiOtg4A3heT6cdgNz3S6oNwAd9jFV7wIqAAAgAElEQVQ91QKhwHSng8vnTqPX38fG9h480sDxE8fw0MNvx5mz5wG3AVDAcZrwfQ/EoeE9PZqZpXu2r+CdeQ+Bb38D7to1zisFeDNh/LE6WPJXrwOD3ri7cWBlHwBbWVlZWQEA6NZNDP7oH8O/9sVMGBXtuM38HTlhVyLWSsXvYUl4J2qK6MRzlSZYCgGw8cBWMwDOJFTpEZROoGQlb/jgd0dWL6RaE2rd9gskTCYSbK2EqWQCrmD/smVq9hIvjGUFcKW8YaXJm3HtuCnAH6O8qZM/tdq/bPsV8EfZ/9gOq9b5w43rBexv+VNU4+QPO+CoWjNv2LKAv+XMphn+1KlCvGHrhvmj4z8HgDesv4l4k3l+XIUmgjdRe1XyRuA/PN6w7pjosXH+GPA/0ewqqVb767bPvgEq4E/hzzt2APnDE9bHwJ/UbOXwZ/z2L9s+gT+zCO/h7wWdOc65IMHL+w5e6j6I9Nc+j+SDwgkt5lAAlGI4GODlV76FP/vTP8Puzi5mpmfQajaxs7+Hze0tTE9NY+gNMfA8+NTB1NQMBv0BCPXQnWphZmoaly5egD/oYXtzAwP4GIJie3sX+/0+3vf4+/Gudz2GVqcDSgHHcRE8xgl2FlPqgxBn5CQAHtz6Fh5oedwxOP1tuLdegLu3ZoQ/o9kz4B7j5o9VraKDfdDVG+PuxoGV7gNg92Mf+9jHKuqLlZWVldUYRdqzoN4A3it/BjZyoiDhqsZ0wkMJAcmJ+Pg7fSOxvwmcnwBlFAZ0JPpPxQGeKOFiE/yqbjOoBNyRzE8HJ2Sv+waL9IaLpv+UlWaCIU3gOZcrm2BpJfA5dbUO5o1e1IJGafwGi6xucvzlxeVNnfzJmW7zN5hFvIk6NAb+aD7QNq6S/jcJ/ImkxJtS41dtcZz80ZTlT5Y3xvij4C8Txx9OWaVKtlcJf1TO43TXGH+Ur2jADwr7GzuAgqqbN2B6PwbeqMY75adjknjD+hs7IUYGLJfOGzrndFldizd18kdr/DXxpsIFNRmVtL+ucnnjEHiXvxP0+EVu+9d7FC90H44f/hJCMv8HARxCQGhQ+sMhnn/+eXzuc5/DcDDA8WOLmJqawvr6Ora2tjE7N4fp6Wk0XBdwHLiNJpqNJjzPR2+/j+FgCNdpYHpqGrMzXezv72F3bw+AC+IQ9Hs9LN+5g52dXZw5cwaNZgsgwZjC7oA4TsgzFyT832r7BKb3bmPORWbCqdsGADjbyxXyhzHAuPhjNdEibvCV6ujvj7cjB1R3v+untI63O4CtrKysDrMGexj84UfgXXkyCAwTL8XhGcmGbbKdwHkJVjKhLpxAaeQVmQElE+xMC3Uk2GxCxXZQVC8pwwmVdsJtIKEulXAbHb9CAl44oVZMmGT1SbyBzE6PuPfl/UFh+lX9p/z42QZr4I9w4IkJqps3dfKngP0r503h8Su1mC7Hzh+T4y+gA8CfSOb5I+DNRPPHsMbEnzKfP5PDH1XesHWJ/Y34VySJ/9TNG832jfOGLRX8LVJt/Mm0UAdvWP+LZJg/R4A3uf6TeEH4dleWId7UyZ+K7S+VyttD/XAzvKmTP6kOifijNiLv5IPwHv4A9/XN/hBPTz8KwAnvQ/F6DwAeHMeBAwLfG+JbL72EP/6jP4LvU1y6dBGO6+KVl15Fvz/AscVjOLZ0HPNzc9jf7+H6zRuYnz+GW8sr2Nnex2DQR5O4mJudwaULZzE7PYV+fxerd9ews7cHxwF2e/tw3SbcZgsPPPQQvvsf/DeYnp4Ovs4PwRy4joOhF/QrzUMPj28/j9lGgzu1zVtfh7Nx/cDwZyyf91a1yF95ExiKv7bcii+7A9jKysrKaiS3CfhDeN/6E2RCqpwVyfFOYFGmkRO6EdUEK2dFICkQ4EnSt7EEtInZVgtoJyihTLdfIGE3dkNHMUHP1PXGn1ohPCEJNTu7onohVep/Cv6Sw5+x7cDSkDZv2LIC3qjyR9jBOlU3b1T4o+M/h5A3Wv6jq0p5w2qSeMP6GxiDFBu/Nn8K2L9y3tTJH632a+KNjXeU4h0jmgj+1Mgb1j8ML9Awwp+So4tUmD91Sqt9A/ypnDcS/1HpnsLVx8EbI+5RK29YsW+wOvkTShrvVMMfmf39Rgf0be8Bbc9xr/t3OIm9xiyAcKcv+P8nwY/+gvo+NtfX8NxXv4o7y8sgBLj/vnvx4gsvYm9/gIWFRXRnp+G4Dezt72NnZwdb29vo94bY2t7G0PMBAATBb/mur6/B84dYWJjHYDhAq9lEo9nAVKeDU6fPYOnECezt7WNnewfzc/OYnp4GIS4cx4HvUzgOyc4tATY94ALZ4U+m04Szcwfwh6MTJp4/VodSbgPY3x53Lw6cdHcA85eCWFlZWVkdGrlv/xE0Xvg0hq99DkAQRjlA8JAXAE0kCST1dxLuBI6++HlUBiKILhDEcySM+0jwG8M0cVyqjKqEeZmtSwbGxI3sN1oTJsHK9IYky+grsTn18L/Rg+24DAPZ3DLRIfbBePwV3Jky6qAkANZMMDNXG5kvv4wvx3wBeGx3xPbPlOD7T+Rf0YTn1kUOkelgpsP5Yi7LNkdI7uGM2SK7M/X4eI7/ELVS6D/CxCo6TJIwiaZXNN3Mn+T5HfuF8Uw9wR+WO6lS5D8JR435E881wynegHR5w0ibN6lSlTea/OEcJ/KfLHc0E25d3rB1Xd4I+aPIG1X+iCx3RHgj9B/lGzqRmLoh3uTeX0KOv1TBGwF/uOURj3eEvFHlj6F4J/N2VuUPjzc6/MmJd1Kl8A1xEPjD8RtD8Y6YO9FhY+APkOOOIv4o8ibRMSF/dAYk4o+qFHnD1qX8Cf8r9BtJvCPyl/LxjgJ/FKYrrov4w7lsmjcwzptUvTBvJP4jcUsRb+J6rtkmMb9ieRN1WDIfAoniHWX+jC3eiaoC3qjyR/J5XzTeoacegL9wHuk3cHDhV/Zd3J09Fc6AA0Lc8HU/2z9CQEAw6O3htdeuAKDwPQ9vf/hhrN1dhecN0e12sb6+iX5/gP5wAEopfOpjd28PFJvBe5A4oMQHHALi+Gi1mvCoh529bczPz2JnawdwWmg0Gtjf3cX29i5WV1cx7A2ws72D977vu3Ds2CIG3hCUUriOC4Ai/dvFFGvTp/Hqxhru4/wesD99HP78WTTuXj1A/MmaxOrgi7RngPY0aG933F051LIPgK2srKwOuxpTcB74R8Brfx7eVKDww4QnqlMQwKcIn9wGwRml8MNEK6pHNyWCHIzGSWC8mjYsfSrNb7JKBHZxKiUL+Kik1Gk8lWBQJuEK64kGgj9LSmiUNJjT9P30oF9xHaOkN1HllOyERXZm64kyaWdRyZ5HJSWvnbhno4SZJqs00f3a7C9oT7l9mqmnbweM7MzW+fYf+Vuu3wj9LznH2e5zh5MaLxmNKXFGxn8K2V9Qqvgb6z8sfxizaEnF3rxzCjXIniDiTeJ1KNi/MG8E/JH5j3D8+byByN5K9s/hj8RfUvXEDT3LG0X+KH/eKfAnd/wkHlPijNjOqIo3XP8T8UbMHyWVsr+g1GicyxtOvFPM/hXxJxxn/PlWN3+UPu8EvEm8Q1n+1G9/QXsa/AndJF3P4w1bGuUPmOvn80c+fkX+6PBGmT/R5Rl/KcsbrfHzJizxt9Lti3kTvw7D8Q5bqvCGHaiEN2xdmz+FeCOOdzL+k+IP9O1tzP5l2y8Q74Bn96p5kxgUhy+ZeqzIztG5BvhTOt4ZDecgxjugAG1NwT/5UFwftU+xPfDw0uzbYx8iTnCPzPEB6gQH+3BAAbjwAN/DxsYGPvvkk1iYm8ONN6+i2XQxGPSxtraG+bkF3FlZh+8Du7s72NjZASUE1Kfozs6g3Whjf9gDdQEKDy6lgAv48NDpToE6Lq7fvAWvP0BvfwCfDuE4LjwA2zt7uL2yhu5sFzt7e/iBH/wBTE/PwKcUxHVAfR/Rg9bAjMHnykvzD+P05nPoNhsZA3jd03A23gIZ7lfDn0RzY8m3rA6OZhYA+wC4UtkHwFZWVlZHQM793w/nmd8BvfNNjIKyYIdvXA+DxGjlYGYncLxiNIrXwp2+UT2RSEelw9RF8V7QzqhCRt3KlqMz0nVeQpVJsHIyEGapMbtDV7RiOLtCPTqNrfOHE5eEX4Kt86YDvGGRbJ17BUHDkg5FKz3jergyNGpXvGJ05D/c7srKxDCTI0maV2ju9BnpespAWX/IbLliS+YNoLpDIbtiPZru6HWutbIlr7vMiPPqQoeUXiEseQbL6XHGf5RXqAv8h8OfHGtJ+ZO/wUGRP9IeJPyhMG/YMrqMxH9U3+7MeXFdOqx6eCPfkSfiDbtDQs4b1t9EvMncz8uoIt4o8EfKG1X+CLqrzB8p0ArwJoc/yrzJ8EfEG3aHhCZ/RLxR5Q833mHKIryR7AhXj3cONn8i++vzB6N6qlv18ScuhSrPHy5vOPzJ+k80zePlj/jCcQfzT5AYLrK/Pn8Y/4CIPzncEfAnOZI8/mQnjHOFqvgj4g3rP7q8YUtN3mSkzBu2LuGPyF9U+IMcf8nwR5M3zEi0eaOab6nGy7rxTux30XSPmzeEXxddwVC8w36+qcc7k8gbpp7nN4TCP3Ef6NzJuJ4sX6Fz4eEOCAke7TugcAiFDx8ULqjjwPMpXH8If7iPz3/uv+DN11/D6W9/F/o721hcmIdLKBbm5nHt2k3s7e7Bp8CQAh4hcNsdwPOxs7uHHhli1++DtAjaLYKZZhvdmRns7u7ijeu34A8B4lEQH4A3hAMPvj+ERxwMfAqPNLG7P8Rzz7+Id7zjUTz00AMgrgPP9+PfBSbh+8QnJJ7DV51j+HvYykw8nToGOnsKzvobfP85UPd3rA6ySGsKtD1tHwJXKPsA2MrKyuoIiMyfh3PfBzC8843oLwCl8OP4N6hTAlAfINFO4DCyEpU+DRJ30YpBnwaJF3fFYCJzoKlMIgwGEyvgsxKsAI6CQHalLm/FOA2SPq0VwUwZRZ1xPbzrP9qhQpE4jB2CPM/VFZWUsvaVFdmRqevs0FJZAS8pR8kuEu1G0z6qZ8cm2oGQeB1y+5faoZBw0MjfRv6UGJOO8uzNO9Z0AqXc/og3SPJH0/5aO0I5/pbkDRK8Gc19Sf4Y5k2GPzFvBPxJGmISeaPZfpY34d+L8qYQf+S8Gb2XE/6TGq+IP6MJLMSbPP5w/E36DRMyo9Rs/7LtZ3gTf1wV5I/ODonYzxK80eCPEm807W+OPziY/FG8vDjeCY+rKd5R5Q9vbLXEO8r+l8+b2vhTVnnt5/BmFO9EhxuKd5JlyXiHyxu2TiN34ti/At5kdlzWzRtWuv6m3L6AN2yd5U8l8c6ozPiLLm84/Clm/7Kfd/n8Eaosb2r7vBPwJsOfauOdvPs7Sf7wBiriTVAV8CfX/gR06W1InRhO3Fp/gOvdywAIHOIi+FrmAOIEQb8pgnlzCdAgFDdv38a1169gbmYKw/4+ZqenMNzbxfLePjrdBfSGPvaHgE8InHYLAND3fLgg8DyKodMDqIMGbaLpAYPeJnYHPXSmZoL2HcB1HAx6fbge4IDAdZqgxAWaLazvBvfXers9LC+v4KEHH4LruPD9YTBzhICABP+MZoYA17v34NLmV3Gs6WRm3eueDB4A09Gcx/6U4E3h+zua/AFb14h3rA62yPSc/RroCmUfAFtZWVkdETlv+x7gS78eBoRIrTjP/U3gOAwflUH8TsI8g4A44YmEKZnzUqVwBwbSdYHYBcPcurh1yQaQaEV6dHy0gjhRT2aS7A4IjFYcCzNApSXFvPNDJRIqXkLJpleZOsdcsnw1VQp3vGT9hluXrICXlpkOs/4i8R+BO7JnC0ueueLXOf6CtF+o7oAQWoDxv1FCLfAXth63z58uqf9wmtfyH+GOF4G/JBw18rdqeSOYEAlv2LPVeMN2R8wbtkzxJ89/jPNGkz8i3qjyJ+NvmvxJTHQh/vB4o8MfEW9U+aNivvh4jv+wOzt1+cN9w/P4E0nGG03+KDSfzxu2HBd/kF8fTVi6psgfYS8E7j55/Ikk4096tkRni+0v8Re2FPImOq4gf8QWS5cHMt5R4I/AX5T4w7VUJBl/0uMfH28E/pPDm7ieZ7GS8c5k8CZqV8AfI7wR+A+PN6w7JuYr4z8i3qjyh8cbHf4Yi3dEHWb9Jy0hb0TuyJa5Zovsn+M/Uf5OknV1/qjHOwL/EfGGmd5I5vkj4A1bT/hN1MHI/0T8SdtfUGrzJy3T/KHHL8A/dmF0VCJhe43MgxACECcYb3giRfAQ1AEAx8GQUjQdggaArbVVnD9zEjtbW+jOTOHixYu4+dYy3nxrGfOteazuDrHru2i1p9Dzh8GDWd8DaDDDreEADm3AHQzRIAM00cfx6RaW5prodKYw8AZotJpwnC6OT8/AhY+5uS5munN448ZtPPvNa1jf3oFLCTY3VuH5fVCvATijB7vxCCNfC3ZW4Kp7HMewkZlzf+YE/O5JuNvLGvzRvL9TE3+sDrZIewa00QSGg3F35VDKPgC2srKyOiJy73k/nHseh/f602HwNVpZ54cJd2qFHuc3gaNQj12RF0SanHoirZKKzb98aY4winBFpUJzcZ3G0wLxCmWmzlv5njpeo6RAZodWnNRGqzGZgcVLwPOnJ1uP7Bj9PW1nU7/BCW4dibEkLMB7wCTzHA17S8XLpGWHJ9pP91bgLxJ7l/0NYJG/jIaTGFQ0AOEdBAX/idxPYP/cUmGFcMZ/clcAZ97RyPWfnHEL7V+CN5lLpXijyB8Rb4pwh8cbwY70VKdT41blj4g3CM2oyB+dHQgy/mg+0E6PW1DqqKT/jYU/LG+im7AZ/nB4w9a1+CPgzUTxR1OWP1neCHakpzqdM95c3lTBH4mf6fGHU4oGWMTfeNfSiHfY9kW8Yeta/JH5TZl4h63XzRsV/nB5M/K3DH/y4huZ6uYNmOhMiTfRy/XGO/F0ZOKddCn2rvHEO7n8OVTxjipvEnUebzTjnfL5VrqkbD0+WMQfPfvXm29JVNL+3FKhuUj+4uXECzQ+YHswxM2Zi3DggyL6SnASfAseHFA/+PrlQA4AH9QbYH6mjWOz03DgYWNrE7fv3EXfd9D3G1he3cTQA6hHAd+DO9xHE0M04aEJDy3XRYd4mGm3sTDTxYWzp3HxwhlcuHgC3bkOfN/D7Pwspudm4LYamJ/qwh/00Go04DbbuHF7Bfu//0d47hsvY9CjeOmlF/G+978PC8ePwQuH6EZvbQLEyxvCndA3u5dx/+az6DbcjCH8qeNwtpZRhD+ieCeY9zHzx+rAiXS6oNtr4+7GoZR9AGxlZWV1hORefC/81z8fR4ZB3DVasZfeCZwtA7Er/zD6ezLPzKxQFsf7wfUTlajUub+RaiBKaFItpMrMjgPBjqjMzk1RGQ6cXaE+Go6kTvhlcgTq44dCkMw2kG5Y+ht4rB8kVgqLVoimu8fUpTsk0j3P1LXHL5iOMAFMb+nk+M/I0VN2R8b+glKwIn1kBom/xO0kupvopmhHKn+8OaVIwh2RQVn8N/CYUuQ/2jsk0kOXLWCXjz9x4cySfAX+iHZgqvKHx5uUPxTkjYA/+eMXlCmJeMPvUPHf4FTkj3SHRLrnSrzR4Y+INweGP+luyfiTP/6cMnNCqInjT7ZM9twsfwS8mWj+MKWIN8b4w17ADH9y451S/MmWyZ6b5Y8qb9i6hD/J12WliD9xixL/0Y13OFPALYVXEPGHNZiAN6wfKPNGgz/gm1+LP0oqwJuy+ZaQN+znXdSDcvFOZjrGFO+U5w3rZxL+cIbD8oZ5XqjAm+S4w/9MTLyjyB8mzqk+31LgTaIUxTtS3hjLtyT+kxhnIf6k5lvEHz5vaKMDeuwCeAZ802uFLhiMl5DgChQOCCgIcUHggwJwHAeEeqDeEC58+MMBlpeXccx34ZEm1jdXsLG+Bqfdx7A3xJTrozncQ9PvoeN6WJxr49TicVw8cwaLp07izMklLC3M4cTSCczMzWNqagaNZgPtdhutqSaclgs0neAnfb0B4PnoDynQmcYP/8D34e76Jl54/SbW765jZWUdcwvH0Wg1MPT9ePTB0MhoCsMpuoFpPIhexgB0ZhFoNAFvYIg/It4U548Sb6wOvjpdwD4ArkT2AbCVlZXVERK58F8jXhvr0/C7nxGvAPXDRCqu0yAxkq30y/ydWSHohwF59DUxFEhkDmEywFkRGK8SVxBFIgkTrhCW7EDQ3ZHAlsIVwsjWow4r31BQnIRkKTtW1G40//HBkT359UI7ZBRWJPP9KzmXTF1nRxYzXtGOhOhgFXvr/gZw0d+oiuuSHQo64y/kf6J2ab6/ILY/UvwpvQNdaYVylj9F3m9c3nD4o2X/krwhiX7k8Wc0ABQef+pypvwvloL/FLC/9g4sGX9Y3uSNvxBvcvwHmvzJ5Q3rfwr+kzduhfFX63/5vEFR3mjyB4y/yeIdnYFr80fL/gXjnfDziOVP/M/a7C84Vrl9EX9KfP7UEe8oj38UZxjlT56/KPiflDe8MSkclh2/oNSVsH0Rf0ryRuZ/ivFOzJ+ExXUHLuJN6nWZ/Y3xJprrHP+pmze8cyXtZ3kT/b0e3qTy8xzexO/VvHwr9/0m5k26Xm28M/IXBf9JVo1/3ihK0n6WNwjNVE+8o3p/pzB/WN5k+MO3P50/DTp1LJwMJAIUiuudcwAhIMQFqBOMlFAATuCn8OCjCZe0QOGh2aDwdn30hj0cX1zA+voGlhaPY+C7ePmVV7Hf68EdUky1mzi9OI9zx+Yw4/Zx6cQczi5MY3Gui6XFRRw/uYTu8Rm43SZIcwrN5gya7S7gtNFotEHhgjouqA8M3H24cECpBxAfrRbFve94CI+/5+/hlVtrWO9RbK3fAXHug+8P4TrBV1k7lIRz7IMQAgICSikoKK5Pn8eD/VdH/hJOrt+ehd85Bmf79sTyp9B7x+rAiTRaoM02MOiNuyuHTvYBsJWVldURknvxO0FOvhNYfjEMwgCQMPxLrARN7QQGCb4JGtkVyeEJ8QrATB3AKMhngn3hiuj802IxCZXqitxMcyT4K/83g6Lji69IB3NeXBctKY47yCZITF0zwcxcbWSu/DK+nOqKYPUV6dGE59ZFjiDcAcYff0bMZVV3BLDmCcrI7kw9Pr74inSh/ySfFKfK6DBJgi2aXtF0M38SNp/0B+T4j3BFsOKOmBzeRMflDkjEG0Vp8yZVqvJGkz+c40T+I97SEEniP7q8Yeu6vBHyR5E3qvwRWe6I8EboP/I3fKK3QMbihngTvcDtBnL8pQreCPjDLVXjHZEOeLwj5I0qfwzFO5m3syp/DOzAiyacradK4RviIPCH4zeG4h0xd6LDxsAfIMcdRfxR5E2iY0L+6AxIxB9VKfKGrUv5E/636DcsifylfLyjwB+F6YrrIv5wLpvmDYzzJlUvzBuJ/0jcUsSbuJ5rtknMr1jeRB2WzIdAonhHmT9ji3eiqoA3qvyRfN7rxDv+/DnmgOACK70h9rtdOMRJnBP5R/B/Bw4ofIAGX67sDYYgoNjf2cWJ44vY2d5Do9nEjTduwCUEi3OzmJudxQMPP4Bvf+QBHJ/qwN94C/MNH93GEJ0GQadD0Wrsw6Eu6ABotLpwGgSUABQUQ+qBUh+gQxAQeEm3IkCrSeB7BI8+/AAWF57B5vI2lu+swGm4oJQCFEH/o6lMnh+OsNeaxeoOxWLTSbwSHj+9AGwvTzh/YHUERNrToPYBsHHZB8BWVlZWR0luG865xzBcfhHxjtxEgiNaqcfu4PWBIGFKrQhG/Lu9lBOcsemS8AD2vo8PkHCnMvecvFJZlGlXtENi1EDwZ40VybKSApkdoCQK5qM5HSW9iSqnZCNkEvc5XU+URVZsFtqBF/Vs5BE0WaWJ7ssCfmP2F7Sn3D7N1NP+PrIzW+fbX3GHhND/knOc7T53OKnxsm9igf+U2YGp4n8y/2H4w5pFSyr25p1TqEH2BBFvEq9Dwf6FeSPgj8x/hOPP5w1E9layfw5/JP6Sv0MBcvsfdt7I+KP8eafAn9zxk3hMiTNiO6Mq3nD9T8QbMX+UVMr+glKjcS5vOPFOMftXxJ9wnIkNPILxV8QfnR1QnHo63hnxp377C9rT4E/oJul6Hm/Y0ih/wFw/nz/y8SvyR4c3yvyJLs/4S1neaI2fN2GJv5VuX8yb+HUYjnfYUoU37EAlvGHr2vwpxBtxvJPxnxR/oG9vY/Yv236BeAc8u1fNm8SgOHzJ1GNFdo7ONcCf0vHOaDgHLd6hs6eY9gIDLqMDQpz4YS9BYFNCgOhrkwEHhPgAAVzigA59eIM+ttbWceHiBfjeEL7vodVs4fTJRcxOz6A71cE9Z47h3gsn0aJDeH4LreEuuk2K6baLZpug1aRoEgeDgQt4TTQabQwpAJfAhw+PUjgUaLouqOcC1IdLCeANQfwhWrSH490WTh5fwPXVXVx74w14Hg2+pjrsOwkBS8IH3DTy/3Bky2QGi9jNGMJvL8A1zZ/E/I8l37I6mGpNAbBfA21a9gGwlZWV1RGTe+Zd8L76/4Ei2OkbJKNAtDIvuXSSAJydwBjVkajT1KmpxDqT74CTLpNRha0nr504I13nJVSZBCsnA2GWGgt/Iy88XrxCPTqNrY96zi0JvwRbZ86LlRkWyda5VxA0LOlQtNIzrocrQ6N2xStGR/7D7a6sTAwzOZKkeYXmTp+RrqcMlPWHzJYrtmQcXnWHQnbFejTd0etca2VLXneZEefVhQ4pvUJY8gyW0+OM/yivUBf4jwJvCvGHK0X+SHuQ8IfCvGHL6DIS/1F9uzPnxXXpsOrhjXxHnog37A4JOW9YfxPxRrQIKjUXVfBGgT9S3qjyR9BdZf5IgVaANzn8UeZNhj8i3rA7tDT5I+KNKn+48Q5TFuGNZEe4erxzsPlT/DfIMaqnulUff+JSqPL8Kf6bnNE0j5c/4gvHHcw/QWK44r9Bzlfz4OYAACAASURBVPgHRPzJ4Y6AP8mR5PEnO2GcK1TFHxFvWP/R5Q1bavImI2XesHUJf0T+osIf5PhLhj+avGFGos0b1XxLNV7WjXdiv4ume9y8Ify66AqG4h3280093plE3jB1jp/QZge0u5T1M0Kx3FwMr03CeXEQ+ET4UBgUweIAB6AOfM9Hx21iZWMbU+02ev0+5o8dQ2dmHrdXN3BiaRFnFpfgDHug+zvY3biL6fkuBsMh3GYTlAB9SuD5DjBswfGaIKQF4jWAQQvNZgMggEc8ECe4w+a4DhrD0IN9hL9MPATFANMNgvmZNhbmZuBQCiB4AEzZJ/bxLJLUPK90TgDDNzKGoFNzoK1pOIO9kf8cqPs7VodFpNWxpq1A9gGwlZWV1RETOfXO4AOVUvhxPExSvwnMRljRCj/2N4HTO4MTK1SZelSmjk9kDjSVSSCzAj7sbiJHEqwApqODo3pQFtyB8B1/DPcDj4snc/ca6JWPg/7Hfwc/6iQA8oN/C/fbHgR9fh7eZ8IpwUfh/uwvg+Dz8H/tg/AV8lznw2/AuQzQpy7C+xsF47JxPz8PGP2tcAAd+QVT19mhpbICXlKOkl0k2o3MMKpnxybagZB4HYy/qJQ6OxQSDlr4N/CywxKMV3Cs6QRKuf3I7lH7xeyvtSOU428i3ozmPnVXIjVQJf7o8kbT32LeULbO8R8F3mirLG8028/yJvx7Ud4U4o+cN6P3csJ/UuMV8Wc0gYV4k8cfjr9Jv2FCZpSa7V+2/Qxv4o+rgvzR2SER+1mCNxr8UeKNpv3N8QcHkz+KlxfHO+FxNcU7qvzhja2WeEfZ//J5Uxt/yiqv/RzejOKd6HBD8U6yLBnvcHnD1mnkThz7V8CbzI7LunnDStfflNsX8Iats/ypJN4ZlRl/0eUNhz/F7F/28y6fP0KV5U1tn3cC3mT4U228o3N/hx2oiDdBVcAfjv39mSXQRgvMCdgfetiaOh62QQAQEOIGdRK0SRwaLixwALhoNhvw+wMMegMcO76A9a1ttKc66M7P4uy5M9jb72Gq0cD2nbvotrvY296Be+wYnE4XQ/TRnFkABbC2s48m9TCLAWZmfLjDAbz9PpoI7q+Rhgs4gD/0MegP0fYBP3ywSxwC3weIP0SD+GiAotNwsHRsHvu7O+jOzoIQgui3fkfjCz0jWgBAKbY6x7G/8To6roOkqNMEbU6D9ndH/pTgTeH7O5r8AVvXiHesDosIYH8H2LjsA2ArKyurIyb31CNw5s7B37wRhFUE8W/+RjEXieoAgNEOvKAa1nOW8tH4rOD8ZBmvTBXuwEC6nhBNHsYkVNx6pvXs5flluCI9Onj1KdCbG4medIClB0BOPAjyyK+BLJwG/eQ/T2aW8cyNdn5Gpz4O8n2XQZ68mu44Wy7+KsjFeQAbwZwT5jqJhIqXULLpVaYuMh8US+GOF8ZfRHXJCnhpmekw6y+i5JLfnGgHgLDkmS1+PbI7W8/uwJPtgBBaIHknI3fHRSSmHrfPny6p/3Ca1/If4Y4Xgb8kHDXyt4wDpy2ULrV5I5gQCW/Ys9V4w3aH4z/hRLMlkvU8/1HawpDjPxneaPJHxBtV/mT8TZM/iYkuxB8eb3T4I+KNKn9UzBcfz/EfdmenLn+4b3gefyLJeKPJH4Xm83nDluPiD/LrowlL1yqNd9jujJM/kWT8Sc+W6Gyx/SX+wpZC3kTHFeSP2GLp8kDGOwr8EfiLEn+4look4096/OPjjcB/cngT1/MsVjLemQzeRO0K+GOENwL/4fGGdcfEfGX8R8QbVf7weKPDH2PxjqjDrP+kJeSNyB3ZMtdskf1z/Cd00FQ+r8Ef9XhH4D8i3jDTG8k8fwS8YesJv4k6GPmfiD9p+wtKbf6kZYw/3UXOAQSbXmK0JChHv5sb7v4F4BACjzrwKYXvEziUYOj7GA4GGHhDbGxvA802nGYDe2truHHjBu49cxrtVguUOnBaM+gsnMTt69fw5q2baLhNUKcBpzXEYn+A6e1tzHS20Z3tY+H4AkhvCNog8NCEhyYGQ4p9QtBqT2FIfTSbFL7noeW4GBAKSny0W024DQftRhOEhL9ZHJqJEKTmmiYtTgk2fQcdN2sL2uqC7K4aybdyy4r4Y3V4RJpt+zvAhmUfAFtZWVkdNTWngMX7gc3rSO3kjVbm+RTBdz2zKzeDyIsml/JGD3sp4jqif4KCCIJ8NtlJ/VFwg094obxSciov4YoGROkoycDW5+H9x49nE63jPwrnv/ttkAtPwHnfP4f/BcHKVdBUl8jDvwry5I+CIrtiNSrJ9/4QSLQwk0arL5mBxUvAxWPk10nct+DvaXub+g1OcOtRP2Q3XLhewh+Qiq/IpOl/I79H6O88u0d/112hrrhDglkBH3V65G+jmyLJemoAwjsICv4TuZ/A/rmlwgrhjP/krgDOvKOR6z854xbavwRvMpdK8UbAn/hlwY4HtpT5i8T/RDvSU51OjVuVPyLeIDSjIn90diDI+KP5QDs9bkGpo5L+Nxb+sLyJbsJm+MPhDVvX4o+ANxPFH01Z/mR5I9iRnup0znhzeVMFfyR+pscfTikaYBF/411LI95h2xfxhq1r8UfmN2XiHbZeN29U+MPlzcjfMvzJi29kqps3YKIzJd5EL9cb78TTkYl30qXYu8YT7+Ty51DFO6q8SdR5vNGMd8rnW+mSsvX4YBF/9Oxfb74lUUn7c0uV5qbmOe1TbNBGcH+KBMv0iRPuvqUEQPCwM/hC6GA3LnUASlxQ2sAAQ+zs72PoU1AP2FjfwI23buP1V69ittVAo+XAcRwsnjqH6cXT+Nobb+KLf/1VLN+6DcABpQ76A4rTJ7o4eWwG9144j4tnTuLChUVMdQimmi34tIPtgYPrd+5gZWsbW1v7cNptLByfRcPr4aGLZ9EDsLyygn6fgBKg5bbggMCHA2AIIPzZtuR9ODp6txBCsUVaOIlBxiC0ORXbXSffav6PT6J5b5dvlJ2rGH72n6L/pZer4c+P/R6m330Z/lfei/1PC46JdQaN7/soGu9+DM5sF4jute1chffCf8DgD/4w+FY/VT3+65j64GPAlU9g7zc+BQBo/dxfoXHyKoY/9xPoAyD3vh/uQht0/evwrrylc/WjLbc57h4cOtkHwFZWVlZHUO6xe+C99hfhb/qOVuyldwKP/p4qo6CfXcEuXaGcLpMKrp+ogHMQJH9PNRAlNKkWUmVmxwFvR1SiL/FK4uT5a38A/xs/Dfe7/iuQC/8YIL8dr0yOTuQOp/s4yAcugX72jdHrJFEe/2WQy6cSlyGyBbNqCVVKzAWZlZnS38ADswI0sVJYtEI03T2mLt0hke55pq49fsF0hHZOb+nk+M/I0ZHcmZCqs/6SLAUr0kdmiI6PesDU43YS3U10U7QjlT/enFIk4Y7IoCz+G3hZ3nD9RXuHRHrosgXs8vEnLpxZkq/AH9EOTNYfRP7D+J38N/GYOuGXYOtK4xeUKYl4w+9Q8d/gVOSPdIdEuudKvNHhj4g3B4Y/6W7J+JM//pwyc0KoieNPtkz23Cx/BLyZaP4wpYg3xvjDXsAMf3LjnVL8yZbJnpvljypv2LqEP8nXZaWIP3GLEv/RjXc4U8AthVcQ8Yc1mIA3rB8o80aDP+CbX4s/SirAG0X+6POG/byLelAu3slMx5jinfK8Yf1Mwh/OcFjeMM8LFXiTHHf4n4mJdxT5w8Q51edbCrxJlKJ4R8obY/mWxH8S4yzEn9R8i/iT5Q1tz4JnuF13Km6WEBI8DAYJfIlE/jDqG6WARyg84mN30MPa1haW76yg1x9iYWERt67fQH9/ByfPvw3NdguLJxdx9vxZrNy9g6e/9Ld4860VNN0O3EYH29t7WLm9gTsbe2i4y3j9+ioeOD+Pb9+5iEtnF0Fm57C5McTVa8t4/cYtvHjrJq7fXsHU7DwunTuLC6cWMT0Ephensbc3ACFTmOl20Wg2QjtGcxEUjhP5BAA/fMkPbLjbmAGwnjEEbU2Fz2f1+BOb642n4K+MzIbjj8C5eBmNH/k4nOb/gP2n3yrMHyXe5Oo70fpfPobG2S7gb4PefAb+7VXg+ANwzl6G+x3/BO49D6D3q78Cr0wzjBof+EU07+2CXvkE9q58yuCVTekBNH7kp9G494za4XtvwX/+t9D/q5er7VbDPgA2LfsA2MrKyuooav4CQAEfNA7+2RWhJLEiOfNbv0w9fp1ZIcj+ZnD08JgCAA13CNMwGVBZEZgjikQSJlwhLNmBwJZ0dHHhDoW9/eCY2Ucz7VLQ7HDufg107lGQd/wayGd/lPtbwOQffBCksQ964zbIuYXguirzQZlSOmH55egykf349UI7ZBRWJPNXtEf94tR1dmQx4xXtSIgOztgdKLcjKtf/MFp1jaT/MHXJDgWd8XNLlWtwy3x/QWx/hGZTs7+ZHaGJuTPNGw5/tOyf5y+8Uuh/An9JDtJEQi20v+K5wvYV/KeA/bV3YMn4w/Imb/yFeJPjP9DkTy5vWP9T8J+8cSuMv1r/y+cNivJGkz9g/A3G4h0Bb/L4o2X/YvyJPo9Y/sT/rM3+gmOV2xfxp8TnTx3xjvL4R3GGUf7k+YuC/0l5wxuTwmHZ8QtKXQnbF/GnJG9k/qcY78T8SVhcd+Ai3qRel9nfGG+iuc7xn7p5wztX0n6WN9Hf6+FNKj/P4U38Xs3Lt3Lfb2LepOvVxjsjf1Hwn2TV+OeNoiTtZ3mD0Ez1xDvs/R1RvFOYPyxvMvzh2L/VDScBo8CEUOy6U3BIsFPXcRwQhA9+ox3AYYOxZzrh6w0X+/0elldWsba+id7AA/UdTLfbmD93Ft/13vegO9XGgw/cBw8+vvSFz+PG1dcwOzuPxaXTmF9Ywlu3bmN9ewcDQuC7Hbx5Zx876+toNYDFxeOYn2vizp07uPLqm7i9vApv2MOZM+dw4fxlXD55GueWjqHb6WB1bQ1DjwKugxMnTwCg8DwvML8TzC4BSd07Cj7zCUAA4hDsNaaB4XrKewAC6rZBafQu0LM/ANDbH0Pv35OE3SnI3/84Oj/wGJz3fBTuX/4CvIL8KfTeSajxk78QPPxdeRr93/lFDFeSr55B47/9P9GY+UujD38BwH/pSQzXZ4FbFT8wLar3PoHmex/TeFdehnOyBf+vfgbDCrsFxz6uNC07o1ZWVlZHUGTufBAAIoil4p2/AJBYCZraIYxwhzASKwKDE1MrAZN1IPF3Nqwg4TpFMqojeZggConPYRIq1RW5mebCvnF/MyhxUvz3sIF45Xn81TEvY7QSOTotuRI5GsBzoK+fArn/cZD3XwZ5mv0t4J+Fc+8lYP2PQVceBDkXdCr7G8Dp8coSTDbdkiwo5qzIVF0RrL4iPZrw3LrIIYQ7wPjjz4i5rOqOgLhM+V3kD0w9Pr74inQw54HxP2TK6DBJgi2aXtF0M38SNp/0B+T4j3BHguKOmISjJnmDxHG5A1LkjUjavEmVAt4kX4fEfyL+JEvOcSL/EW9piCTxH13esHVd3gj5o8gbVf6ILHdEeCP0H/kbPtFbIGNxQ7yJXuB2Azn+UgVvBPzhlhneaPKnjngnPl6RNxz+aPNGlT+G4p3M21mVPwZ24EUTztZTpfANcRD4w/EbQ/GOmDvRYWPgD5DjjiL+KPIm0TEhf3QGJOKPqhR5w9al/An/K90xrsmb8vGOAn8Upiuui/jDuWyaNzDOm1S9MG8k/iNxSxFv4nqu2SYxv2J5E3VYMh8CieIdZf6MLd6JqgLeqPJH8nmvGu+g1UmfEL4J9xtTwb8JQbDjd3QeJYgnm1CC6FaQA4AMKRpw4MJFtzuP3toGZrqzWJjrojs1hYceegAzU200XRdf+8ozeO6v/xqD3V3skQb2ZnZx6nQT73zkYcwdm8bfffVr2N/rA0OK1b0eltcHmFk6j6WL57Cy4WN3cAV934XnE0x357FwbBGXTp/DxVNLGGIP+zv7mJ2bBfWauHz5MgDAcRxQEjiLQ0YMSc7UaAEOsN+YDr4tmrWf2wYhRJs/o2ayvKFPfxn+dz8G99gluISED1iL8gcF9QQaDy0CeAveZ9iHvwDwFob/4ScreaDp/eW/NP5Q2aj+6svwP/AY3Bn1U+itL1c+JuK6xc1txZV9AGxlZWV1BEW6p5Bcc+vT9E7gKGqMd/aGdXaFHvXTAWaclBT5tNa8wZfoiLjUaTzVHrtCORrbqIHgsIsg935b8Jc7fwzZSvj4r5/9NOg9HwV5xy8BT/9UcBxFkJT+yIdBWvugf/NL8Of+ffjTJIIdEsLxsxNG4r6k64myyIrxQjvwRv6DZD0x/7R2+wvaU26fZuoiP2DrcRnaX2uHhHBFfHKOs93nDic1XjZrFPhPmR2YKv4n85/UjoSsWbSkYm/eOYUaZE+I7B61L9ohIbG/zF9k/ibdgY50XTj+fN5AZG8l++fwR+Iv+TsUILf/YeeNjD9C3rDXV+BP7vhJPKbEGbGdURVvuP4n4o2YP0oqZX9BqdE4lzcZ/hS1f0X8CccZf77VzR+dHVCcejreGfGnfvsL2tPgT+gm6Xoeb9jSKH/AXD+fP/LxK/JHhzfK/Ikuz/hLWd5ojZ83YYm/lW5fzJv4dRiOd9hShTfsQCW8Yeva/CnEG3G8k/GfFH+gb29j9i/bfoF4Bzy7V82bxKA4fMnUY0V2js41wJ/S8c5oOAcq3mm0gxNS7VEM3E76OEIQPKoMHggH35oc/aIuQZM48B0XAMHJ+WNYnplBf3MH6xubOH36FDpuA2fOnsaZs2fgD/p4/ZVX8Ozf/i121tcx9F1sr65jZXMXX//WKzh/4Rz+0T/8fqytbeDWjdvYWt0AGsBOv4+pmQVMzc7jxNkzePd7vgNfe+5F3Ll+FVfvLsN3G2jv9bC3dRfnzy1ifr6LpaXjaNMpTE9PB/12HFBQ+ITCIQ4AP/lGQbzUgQCUEgwbU1wDUbcRM1GXP+nrMbxJvXwGje9lfofX3wZ9/TPo/8Yn4FEA+HG0/+kTcKdGv6WL6O//jPm7ir7vETgOgJWvo/8NxXOWPoTWT3wE7tnFYMOH3wddeQbDP/1ZDFSvAXB+ozgcA57B4MlVuB/4Xjjhw1e6/DSGv/uLGMQPqM+g8cFfQPPdj4FMhX249hkM7j6G1mOXg6+VDn97GG9/Au0f+SDc+XBOh9ugbz6Jwaf/JeeBd1KfQu+3W2j/1E8rPQSmV34Lvd/4lJGPg1zFu2ysTMk+ALaysrI6gnK6JxBFY1FMRhHECuzKveyK4ShMjF4P64mEnl04mz4vHe9H7SYXlBKmnirjPjIJEy+hyiRYORkIs9Q49RswjdNwHv3R1PGk8yDIIx8GOTMP7H4e9MlrwVyloqHEHNHR33D3fwd9/cdA7v8gnPcR+F+Ipv0JOPddAtY/A/r0GyAfTFwnOX5mOuKJTA2LZOvcK4zsrVTGQX204jNKEsM+hu2KV4ym/SfTXVmZGGZyJEnzCs2dPiNdZ1YIi3cMCMqkw2vsUMiuWI+mO3qda61syesuM+K8evaCsjOYE3gGy+lxxn+UV6gL/IfDnRxrZf1HxB+uFPkj7UHCH7j8yfGXpJ+lyugyEv9Rfbsz58V16bDq4Y18R56IN+wOCTlvWH8T8Sa76p5VRbxR4I+UN6r8EXRXmT9SoBXgTQ5/lHmT4Y+IN+wOLU3+iHijyh9uvMOURXgj2RGe5U902uHiT/HfIMeonupWffyJS6HK86f4b3JG0zxe/ogvHHcw/wSJ4US/ySnnD+MfEPEnhzsC/iRHopVv8a5QFX9EvGH9R5c3bKnJm4yUecPWJfwR+YsKf5DjLxn+aPKGGYk2b1TzLdV4WTfeif0umu5x84bw66IrGIp32M839XhnEnnD1NkeEAeUuOAZbEg6AI0eLPkgJPCRYPevH3THceBRApcCnuPC9waYdoCzC6cwuPwAXnjtNfT6Q+xt7+LY6UXMzM6g3W5gZXMNt1fuYGNzF+fO3oPl7R68vT5Iu42mA8wvncD3//APodP08erzX8O1q9fx2reuwN/zsLW2ib0zC5g7O4fptVlcW1nGGm3gm996BWfPX8JWG3juhedBuo/izIl7MTU3jVbzOOA3QRwKQgg8n4JQCuJQOISAfYBGEPyeMSEEvtviG8JxQ1dJ80Z2fyfZSoY39z8AZwrAzip8ApD7fxrN73k/yN4q/NefAd1ogdz/GJx7fxytn17F3r/7VNo1IrNG5ha5S47ck4vBeDZeVjtl6cfRfuIJuDMAXXsB3murwLl3wj39nWh++PdAfvcn0C/7jc7OI2j+EEBvfhnDlwDngcfgnHw/mh9+AsN/9QlQAO6P/Rpa774M+NvwrzwDf7AI99KH0DrLPvr+CDr//Y/DafdBr38Z3m3AedsjcO75EJoffAHD330qvy/XP4nep8+i8+EfzP/m5eU/Qf83Pgm/5NCVlGGjVVnZB8ATIh8UQ3+Ige9h4HsY+kN41Ee0fpCAwHVcTLkttJ0mGo475h5bWVkdZJFO+LuycQBPAIrgq2PCgDr+DeDEk13KBNiZ13N26GR+CziROaR3HkenR+1kRcPgf/SqYEdCNBzeinEaJH25ZXS9c0/AOSeYzPWn4P/hjwaBEI2YPeoVBZjgNPgrferTIPd8FOQdvw584aNBe//wx0A6+6Bf+d/gUzo6j9J0wCsSlZTsscoJPKvIjkxdZ4eWygp4STlKdpFoNzLDqJ4dm2gHQuJ1MP6iUursUEg4aOHfwMsOSzBewbGF7V+2/cjuUfvF7K+1I5TjbyLejOZelHgIdiCw/NHljaa/xbyhbJ3jPzx7l7V/Wd5otp/lTfj3orwpxB85b0bv5YT/pMYr4s9oAgvxJo8/HH8b8SfZZw3+1Gz/su1neBN/XBXkj84OrdjPErzR4I8SbzTtb44/OJj8Uby8ON4Jj6sp3lHlD29stcQ7yv6Xz5va+FNWee3n8GYU70SHG4p3kmXJeIfLG7ZOI3fi2L8C3mR2XNbNG1a6/qbcvoA3bJ3lTyXxzqjM+Isubzj8KWb/sp93+fwRqixvavu8E/Amw59q452i93fyeBNUBfxh7Q8f4e+UgTkheOBNgGhpAKU0fs4U/9SZHz0G9wFvgAbxQfr7+Is//RNcee1buPed78Spbhe9rW24Z06g3ZkCaTRBQdFuOHj3u96BY905vPTqa7h+6w7OXryEs+fP4vSZE7j72tfxrntO4/75Np6dncZgfRXeYAfLb72F+++7ADQbuHDpMj7ykx/GS8vLeOXaVTxw3/24dHIR+7dvY2FxBu1OByDBrt92pwOK4HkCJQju6UVzxpnm8HE3aDQ/rP8QB9FvALO8yb+/E57R+gDcb084/Py3o/Gevx9c6dpTGFIKvPxbGHz6S/C+8tmRxZf+CTo/9yE4Z78TDfopDJPci3mXqDD/lMmZmVU/GID7vR8KdsNe+yT2P/FbcVPuh/8A7Ucvo/E9H0H/5U9qXTOjdgv0mZ/F3u9/Oagv/QI6P/+DcBYfQQPAAB9B89HLAFbh/cEPofeV8LylH0f7Z55A6onQ44+BtAFc/0Ps/ZtPxH8m7/oQ3B3Jw99I3/gV9J48g84PCH4PeOcZDH73V2r8OmsRJ6yKyj4AHpN86mNIPfS8AXr+AHteH9uDPewO97E37GPP62HgD+HR4O3lEBczjQ7umT2NpfYcGs6UpAUrKyurHLXnQEEyO2+j5IAAoGT0m7/B66MDg/idhOfklPGFOWVi5XPQLGEOy//QJ6k+JwLdZF3cumQDSLgiPTp49SnQmxvpDqw8CXrjK6BXr4Zzlsosw7aSOz+R+jvWfincBfzDcL7jZ+D/zYfhPPwosP1UsPuXAIi+pogkV8iHSiRUvISSbTVTF5kNiqVwx8uoTIw2W5esgJeWmQ6z/iLxH4E7smcLS8bv0v4W2Z2tZ3fgyXZACC2QvJORu+MiElOP2+dPl9R/OM1r+Y9wx4vAXxKOGvlbUd6kS6TrowniT4iEN+zZarxhu8Pxn3Ci2RLJep7/KG1hyPGfDG80+SPijSp/Mv6myZ/ERBfiD483OvwR8UaVPyrmi4/n+A+7s1OXP9w3PI8/kWS80eSPQvP5vGHLcfEH+fXRhKVrivwR9kLg7pPHn0gy/qRnS3S22P4Sf2FLIW+i4wryR2yxdHkg4x0F/gj8RYk/XEtFkvEnPf7x8UbgPzm8iet5FisZ70wGb6J2BfwxwhuB//B4w7pjYr4y/iPijSp/eLz5/9l7syBJkvMw8/OIyKuy7qquvu+ZnnsGM0PcBylBBEiJlLQibW1ltF3pZakXrF6W+yJbWyNf9kXSw5pgMmnXZLsyGQUJMnAlUVoKIERCoEgAxBwAZjBHz3RP393VXXdl5RUR7vsQGZFxeRxZ2dUH8h+b9vozI8L99/+PL39Pd88ow5+x5Tu6BsfjJypa3ujCMV5mus33f0b8DAI0Mp4vwZ/i+Y4mfnS8iXWvL+Pnj4Y3cT0UN34D/fjT8Sfqf01Zmj9RGRd/hieED/Dix3/2ryEMhBAoMfgVPLxdvwz62hVgmApDOnR31rl16SKffOFZPvelv0TNMvjg8kfcvHmLY6dP0LMdpqamOHRokWllY0nJr37xU9y5e49r126waLZpdDbo3+kzV7PodbaZNiVHDy+xvn6bjy5d5NVXXsJqTlGv1Tl8fBm3ITh/8giLC0s0G3Vq505gCclOt4dC0ev1sCoWUoAyhGef8H7AGqmfphMCkDLUayEZ9E/58dbg2i/+NtUX4xftoy59jf7/8x8Gld/Gee320Cfnfx5zrg89wBgcEuZMCf7oRO7tAtOFjzePHwVauG8PJ38B3D94C/XiUcTKq1j8830+M/gKrj/5C7B2BdUBGtNe1/iTumuv0/9h6LS1r+Fe/9uYF0L2vHMR9cuvIo58ifqv72K/+S3cS7dRb36jVBvVd/4u/ZXfpfbxM9E3nCs4X/+7oZ+mPghRmy/7KgAAIABJREFU+YdMpJRMJoAfkHTcPmu9bT7avcPl1m2utlZZ7W6yY7e9SWC3P5gA9jbXm8Lg+NQy/8O5X6S+eI6mNZkAnshEJjK6iMFzUWRoZ65Qg5xKKjC8TE8OBlpKCJBeQgjDZwMHOxAk3oAqtCMhPvEZrADWSdpIpsDhgZJWFj0/3D4FwQpl/zq738X9d/9IP+BKrEQe1uLpKtakge4/C/jFvw+zn0RMd1E/+C0UXv3GzHzQuMSqR7/RGfbGXx7qYtgGBsn7KCvEs1YAh3pIu4I88wuXuIcyDBxHfjhK/IXqT/e7/3rZFeoFd0jE4s5v9DDehl+KhPWIAdpvEArEjx9+Gv9nlgV2KCTiJ3PHU+KOJjN+MuzW+l/HmRHiL8obDX+CtzU7HrJ2QOSVKfGm25EeaXTE7qL80fGGgRsL8qfMDoQ8/pSc0I7arSnLyD7j74HwJ84b/0vYBH9SeBPXS/FHw5uHij8lZcKfJG80O9Ijjc6wN5M394M/OXFWjj8ppc7AUeIt7Vol8p14/TrexPVS/MmLm/3kO3H9oHlThD+pvBnGW4I/WflNnhw0b4hlZ4V44799sPlO0B2JfCda6qPrweQ7mfx5rPKdorwJ6Wm8KZnv7H+8FS1VXA8O1vGnnP8PdryVI/v0f2pZoDohbZRZjdWnsJSNFHXvOy0RskSQskbCQEoXC0Gz0WBmqskrH3uZ1u42hgHnz5/j7u4W16/foLWzg4VkaWGO3fYORr9PvWrw7IVzXDh7CoVCSgchLGS7xd7ODp1OF1cpbCmx7T7t3RbLszM4hmBudprGVJ3d3Q6YBpWKSaVmYbi2N4EtFY16HdOywDJxhYGUEiVAAoYR/WlmpRTezl6FQmFJ/yeEYw6RTuD3cuOtwdWufQs3mCTso669hrz2h7jX/WoULH+Zyq//Jtbpo4j4jFQnxc/74c9A3LvrwFHE3IUCac/zUBn8Gf+t47W+Z7Gxr09hTzrr2e2o1rw6ZD9xnLO9RjU8ob32VXr/fonal7+E8cnfpPbJ3wSnhfzw93H+3VdzngEcFffrv4Xd/KdUnl0aVLaO+83fKv7s5HGJ2ofDJ5IqkwngAxZXSfacLq+vX+QH997lyt4qq51NNnq77Dpteq6NqyR1s0rftem4PVwlWajOcLyxzGy1ScOsPWgzJjKRiTzqYlYBPzEcrgz1dwR7+uD90Apib7w4XPHn/3hMcJ3QOJPECuWhEk+8RKjeIJsqkFUpQkl6JH8VsaQhOeJI7DhI2xEVakuwkjh2flAODBexepPmiOF5wbOA/1vMmTlv9+8fXgv6cnhKTNd2RqzMlNgFY6Oe3GfgEVsBGloprFshGm1eTM/dIRFteUIvbb+mO/wgFDnxE3yBEvJ7XM+KF82K9KEb/OP9FsT0oJ5Qc0PN1O1ITbc3o9SJdkekV47+DLxYqYuf0jskoqbnLWDPtz904cSS/AL80e3AjMdDEd5ESv8yOfEj0kvieiH7NWVEdLxJb9Doz+AsyJ/cHRLRlhfiTRn+6HjzyPAn2qw8/mTbn1EmThjIQ8efZBlu+Xj5o+HNQ82fWKnjzdj4E7/AePiTme/siz/JMtzy8fKnKG/ieg5/wu/nlTr+BDXmxE/ZfCelC1JL7RV0/Ik7TMObeBwU5k0J/pDu/lL8KSQj8KYgf8rzJv5557dgf/lOojseUL6zf97E4yyHPynmxHkTmy8swJuw3YN/Hpp8pyB/YnnO/R9vFeBNqNTlO7m8Gdt4Kyd+QnaOxJ9If+v4k8Ibpw9mLeG4muzRFQ0vdhD433MJAUJ4k+K+DYYywRC40qZWbbB05Di9nsMHly5x+f0PWFhe4sTxY7hInE6XWrMGZhUhTGzbpttu06xWmZ2qg1B0etC3FdLp4/b62N0eWxsbHFo+xLknzwM9KqbEdSSybzLVaDA9s4gUAoWLcm3sXhtpO+BKLpx/Assw6TkOwjLxJrWFd7wSGDLkDaEGfaRAKSpuJ9URQjrR7/sK8idw193fwf56EpND/wusv/IVKueXoHMF952L4IBiBvP5TwfHRkKjDG908s23kL/wPMbyC1SfhV7mZObbYA/+NGJvLVe9dsnRm1JY+j3PbKOaMN2aW04crr73O3S/9ztw4tNYFz6N+fKXMZ/+m1Rruzj/uMzPVd/G/r//DvyP/5TKOXC/+Xfofef2Po0ZQdSBPGn4Z0omE8AHKK6StOwOH7Zu8Z9vv8l/uP491vs72NLFEIKaUaFiWFSNCnWziislUimkUhyqz/PM/ClOTC0zU5ns/p3IRCayf/Gfo+stE/QSaDn4Ak/ir+mLZlzhHcOQseI4trQ1fFyQwIRWICsR1cskeJHT1PDFIOH0XhjoOTsQ4mVwPX+8UXCHQqjWhDnN0wgUctDg4FnAU97uXxka2ATtV8PVwNmdESvzjk2OsyPl8DK+/9L1kXbIFFiRrFthqiIGhPQyO7Ji9up2JPgHZ/p7lB0KmfHHcNU14fiJ6Tk7FMrYn1oWuUZqmR0vBP5n4LZi/h/PjtAkf0YZUKbyJoU/pfyfx5fC8aeJl7CRo/g7rROyyrxztfUXiJ8R/F96B1Yef+K8ybJ/JN5kxA8l+ZPJm3j8FYifLLsL2H9/4y+bN4zKm5L8IRZv48h3fENL86eU/0fjj/95FOdP8OeB+V9zbOH6dfzZx+fPQeQ7he0f5hlj5U9WvBSIv1zepNlU4LCk/ZqyrGjr1/Fnn7zJi7+C+U7An5DHyxqu403k/Tz/j403fl9nxM9B8ybt3Jz6k7zxXz8Y3qiCvAnu1azxVub9pudNVL+/+c4wXgrET1gd++dNQcmpP8kbBm46mHwnEj8Z+c7I/InzJsGfpP/pd6A2HcSdX9bdLt1BC7z5UuH9ZDJ434MZwvseTHnfiRmDCVXMCodPnKK11+H9d95h9eYNVu/c4Su/+CVOnT1Jo1ZBSIlt2/RsG7tv0+9tMF2rYCobq1rxdtciqNUbNJtTrN66TavV4pf/6l/m1JnjVKoW0u0jqIAQKAX9fg9pGAgkQtpIVyIdl6W5ec6ePo0pBFXTxEF4dgrhhQGebfF+9LwlqDvtWOcO4sfp4T8DuKz/hz7J5o9oeBva5Nu/Qe/rg3h49n+n8QqhHcDfQe59BaOxjPg88F3vdfELn2a0p2F+FfudX6D24lHMX/8HVP7xb8V+zvgo1q/+Nmbz/6T3r17HvXkba+Uo5vO/ifhO6BnAv/yCZ+3d1/f5888F5Luvo770KmL5VaofJ/IMYPNk/OesfwXrsxdx/vQi3Pgezo3v4fxRjfrf/xWM+TPxKxeQ29j/118N5sEfhCj34J42/LMikwngA5Rdu83FnRt8/cp3+fO191jv7+BIiQDqZpWz00c41liiYda43LrDrt3GVZKGVeXFxbN88ejLzFWbiLIfmBOZyEQmkibhFclelujRRQxfMgShpM5/f7giUAm8BFl4uvdGSA8qGJbBF08pK6JV6OVc1IUGUsFQIjTA0q3IDVUXKv0VwDE9dFLw+qCC7JXowx6LryQO3vFXpG7+r6g/nYfZK6g/vDZM1sMGiNDxKfYXGWDGh1s5C4pTVoQXXRFcfEV6YFuWnvBc3AB0Dc6W2GWL7ggIynCcBf6P6cHxo69IJ3YesfgjUfqH5Qywdd2r6+7YS9rqw/FARvxodyQU3BGTwRv/uEyDEvzRd1WaFN0BkF5qeBN+n5z4SeVO8jhd/Oi3NPiSEz9leRPXy/JGy5+CvCnKH53nfkZ4o42f/Bs+1FpIeHxMvPHfSG0GGfFyP3ij4U9qmZLvZNmfEM3tO9Z8Jzi+IG9S+FOaN0X5M6Z8J3E7F+XPGHbg+R0e1yOl9oZ4FPiTEjdjynf03PEPewD8gYxw1PGnIG9CDdPyp4xBOv4UlYK8ieu5/Bn8m7tjvCRv9p/vFOBPge4KdB1/Ui4b5Q1j501EH5k3OfGTE5Y63gR6ptsexvFVnDd+g3P6QyO6fKcwfx5YvuOrGt4U5U/O533hfMdueyyN7TifcttsDbzu96XPJhhsghj0kTAY3DcCLIvj585y58ollHSoWgJlWZgoDs3P0+62sfs9up09tlu77G5uMl2p0Gq1wK3SoAkILBMqU02m5lfYbPf5xBe+yPzhk3RsiasMcE2kVNiig0WVimXgolDKxXZ6uNJBuQ4ff+UVpmemsQUIV2GZBkooXOF9ghiKaGcpBUjPVgOmEjuAB5rTI/0ZwNn8GV4gnz/OrVtUzl/AePnfU595HVW5gHHyGMLf8CkAdRv3xm2s5aOYf+l3qR27iGqewXziQt4tpBX3X/xD7K/8NpXTn6byv3wT69b7yNV1mD+DceQCogms/QoGr+N+6xu4F76CefpvUf97ryIvr8Px5zGPLHnPw/12mR21o8o/x/7Jl6h9/Azmr3+T+quvI+0lzNPPI4w+UA2OFH/916h+9gLVv3AFefsicm8G48Kr3q81blw8gLbeB5H3fYr9Z04mE8AHKDfaa/z52vu8ufEBN9trKGC5Psfp5gpHp5ZwlaTtdLnXvstab5u206NmVnh67hQvLpzj/Mwx6mY1t56JTGQiEykm/hrAQRlamecPdPyVmmow4PJW9DHIFf0D8BdiD54FHNKJp5WZzckZ0WjOiZ+L5ti8yiP1xVco+4OEYQXeYbqVyESPQ8WaFHv9T76CTBtvho9XQ8MCU+P2BmW8w0RQZ1QPlaOsGB9pB57fsmFPqbCqQs0v4/+0sozsK/5UQtfFQVwPSgX7fSZe/g5QUvWk/aGbOHRGIn72swOzSPzlxU+MP3G3lJIi/k47Z6QK4yeo4L5P509B/+fFS1685e5AJ6pr7c/mDTp/F/J/Bn9y4iV7hwL5/n/ceZPHHy1v4tcvwJ9M+0VgU+iMwM/cL96kxp+ON3r+FJJ9+V9Tlqg8lTcJ/ozq//vEn4GdwefbQfOnzA6oFD2a7wz5c/D+19RXgj+DMInqWbyJl2PlD7HrZ/Mn3/6C/CnDm8L8IRh3EY+f/fCmlP1pHRZ6bd/163kTvM+Y8514WYQ3cUNzeBPXS/NnJN7o851E/ET4Q3l/j83/+61/hHyHNL/fb96EjErhS0IPxPezf+4Y+LPvfGdozqOU74jujndCpD5FU3aGxwg/loI/MBWYypv0lcrAVRJhVbAdm0OnTnH1w3ewqhau08cwKrz71k+Zrtc5fvo4ru0gMNhpdWnt9TEaDrvtPUwDqrUGVq3OlFVBVhq8fvFN1vsKcXeb937vP3HuxAJPnjzEuePHmVuYZ2quiSEsKqpBpVZDugIpwbW7COFy6uxp7rRdXNNCGaY34S8EJgJD+R71Z1QHHSe83y0WQtF09gY2Rx0i7E7AxLL8GdaVzpsgjH//79Gf+gdUXjqD8fSXvGfV/uAbyFf+Jmaoue7v/kPsmf8Z6+wZzFfPQG8d+cOvIT/2NzFH2gX8Peyv/m3Ul/8nrI+/inHsVcwTg7f2biNf/wb2t7/m9dra1+h9tU/1N/4W5rHnMV/Fexbv3e/h/Mffwj6gOVX3679F3/ltKh97HuP8z2PIPuqjr9Hf+jTVQZ8AqP/6Neylv4X1xBmMp894v1zttJDvfQP7n33tYBo7bnEe5P7jx1MmE8AHJEopbuzdCyZ/pZKs1Oe5MHuCF+bPcrixyI83L/Hhzk0u7d5CKokhDFbqC7y69CTPzJ1mqTZLbH3NRCYykYnsQ0SQ9Hr5mPdM3+EKPfBHx54eeuav8I4XwZWCQ4HQ+GaQ6MXHO7HR27C+QWmEdOLl8IyknjvAyhiBxJYaCxG+vm9bKEGOl35fRU4b9JF/2UTfh8wT6WVwfAz/iU+DhFkiqadeQVNxzg6Vof/9QeKgjYN69StG/WbFd0gULENmhi0Ju1fr7ugZUT22Qli/Y0BThr9JKrFDIbli3e9u//1UbyXLtObGLM7StQGZe4XQjRt3WEaLE/FTeIW6Jn6i3R+9/TVl2JJwc1Nvl4TtsSuU5U08HlL5U4Q38dK/TE78FL3dY+cFeq5ZB8Ob/B15Ot7Ed0jk8yYebzreJL7PS8h94k0B/uTypih/NM0tzJ9coI3Amwz+FOZNgj863sR3aJXkj443RfmTxpt4OQpvcnaEp+Y7Pm8eI/6M/gxyhnqkWQfHn6DUyv75M/ozOf1ufrD80V84aGD2CTmOG/0Z5LH4QMefDO5o+BO2JIs/yQ5LucL94o+ON/H4KcubeFmSNwkpzJu4nsMfXbwU4Q8Z8ZLgT0nexCwpzZui462i+XLZfCeIO7+7HzRvRLquu8KY8p3451vxfOdh5E1MT4uTzjZpDpulP+zaQb8IQfA9l1AC0+8uIRCGhY2LYxjUppucOnuOXmuTva0trOoUH/70HU4cPsSTT5xFKpsd28F2odV1qAjodPpM1WvYroOJQNWnuLG+w7/8T99mvS24uPkhdq/LzTsN3n5b8dTJEzSnanzpl/4i55cOY/d6GIaB6zoYQiCQKKXouy5YNRylsCwT25UYpgAGdiCQItSPgW+9BQYzqj+8B0PHCKczCJUob/K+37H/6Zdx0uInNWxv4/zr38D91zGv/buvDnzit+h72P/k17EHBwTu/n+/Gj3x679B++sUlNs43/x7ON8scOjaN+j/H9/IPua7f5fOd6Mv9f/+Z0NRlta+r9H739ImZVNeXwb39/4Ozu+FXzxK5Su/BvRRt741aOu3sP/Ztx7oTzaPXdzHypqHQiYTwAcgSin60mGjv8udziYA52eO8urSBT6+/BS7dod3t6/xxvoH3OlsIJVEAVNWnWNTS7y88AQnppZDaclEJjKRiexflFT4M7r+Dl+Jn5yJ2CpXL8Pyy/izgP0MLPHsO+UnmtHz/R3Hfian23msH4YnVwBLPHM8NbZSN23FuPIGfZnl938V5/vh4UT0Ov4gJdAH3/qL3/8Ezu9Hmgv8I9x/8I+ir+WMc9W/OBWs3SwkKqeMH1t4AB8X348xvcwOrSIr4HPK4YCGUL2+G4Z60jbdDoTQ+yT9XXpHbtbxoQAd+Rl4SbM09mqOHdn/+63f97tf/2j+L7UjNCXedLwZ9n1x/vju9NQReVMy3gLeqLieEj8FeFNa9subkvUneTN4fVTejMSffN4M7+VQ/ETs1fFn2IEj8SaLPynxNuRPuM0l+HPA/t9v/QneBB9XI/KnzA6tIM5CvCnBn0K8Ken/8fGHR5M/BS+vz3cGxx1QvlOUP2m2HUi+Uzj+snlzYPzZr2TVn8GbYb7jHz6mfCdc7jPfSeVNXFd+OKX4/z7wJrHj8qB5E5ey8Va4fg1v4nqcP/cl3xmWiXgpy5sU/ozm//1+3mXzRyv75c2Bfd5peJPgz/3Nd8b5/Y7PG0/V8CfN/3sbntHRE5g2hr4f1jP4SwiEYcBgUlMokEqhBj9x56A49dTTXPrgXZ55/kW+9Iu/xHf/y3dYX7uHaRpULBPDNEAY9GxJS7lst9pUKwa1Wo1qo0FfSa7fusVuq43tVmj3ejRqVe6urXH8qbN8/i98kUOLczzxxGlc26FasZB2D6SD6/To9vr0XZO+IbCl9xmiANM0AW+Hr4HwvsuLLC5QCH8WFmgKl9A3Z0E/iF4L/xnAcd6M/P1OSf4Q10vkO4+XHKXy3/1LKif7qLu3kHevoOwZjHMvYCxUYfd7xSayH1FRdu9BN+Gxk8kE8AGIRNF1+0glWaxOc/zwi1yYPc7J5gpr3W3e277O21sfsdrZpON6v7nfMKq8MH+WXzjyEk/Pn2KhGn/I90QmMpGJ7FMGyTh+LhisEB2kXSKYHw6eBewdHlpZOjhQCYZJZWxFanwl6nAQGV2Rmr8iNtb82IAqVU/Umrx8eumvSCdou//lfKCHR5LxHRDB8RkjwEJLitPOH0hoQJU2oIwPrxJ6irvyxquRUrvjZVj6PZ6q56yAzy0TDY7HS078xC6n2wGgLdPcFbyfEi9E46LoDgitB2LxNxxQa+Ilrgf1p3dXbvykVF8qfrQ7XjTxEgpUP97SeKP1mPaGJ6oPOyi9Q3J4Ez+7GG/izdHzJl5G+JMVP2PnTUn+6HhTlD+JeCvJn1BHj8SfNN6U4Y+ON0X5U8R9wfEp8RPf2VmWP6k3fBp/fMnjTUn+FKg+mzfx8kHxh2x92GFRrSB/tK3QhPvDxx9f8vgT7S3d2Xr/58RLvNTyxj9uRP7oPRYtH8l8pwB/NPFSiD+pnvIljz9R+x8cbzTxk8GbQM/y2D7znYeDN369Gv6MhTea+EnjTTwcQ/2ViB8db4ryJ403ZfgztnxH1+B4/ERFyxtdOMbLTLf5/s+IH3/8LsJ6cf4Uz3c08aPjTax7fRk/fzS8ieuhuPEb6Mefjj9R/2vK0vyJyrj4Y7TuIZ0+yqqGDhDUTYOZ/gadqUNePIXbI0BKCcJAAUq4CCUwjMHGB1fRqdZ44TOf4dq777Dj9Li5cRen12F19RbTizNMNRvMzMximev0bZut7RaWcKhVLepTNWaqFvOm4sxsg7vbXXoNg9NnjvDi80/xsafPc/7UMaanatidHYRZRwmQuLhuH9tuIzFRWLgYCLOCiQAlo/0QmORP9/j3hLd7uNleoybMZN9LG9HbI/0ZwHH+lPx+54D483jJbex/+1XEr/wNzNMXMI9c8F52Wqgb38L+3d/h8X1KroLJBPDYZTIBfADi7QC2mbYaPDN/mhcXzrJUm2PHbvPNm6/x481Lwc5f70OpwrGpZT596Fl+6djPcap5ePLs34lMZCL3QRTBT8GEBzxSDWZ8/ZV6xFZsDlfkBb9MoAb/+JO+ktAAq3BzkiOZIudklQWqC/SB+d4buhXKMT1t5Xvk+BKl8vosXAYJO/7q75hhwRLw7O5J6r4f/dfD/i6xQjxrBWiox7QryMMeSJtgyoufEv7OlZLxNwiTQIm2VhMvOf7e7zOAdfEyNCdklG+A9huEAvHjh5/G/5llgRXCifjJXAGcuKPJjJ8Mu7X+3wdvEpeK8KYgf3S8GYU7abzR7EiPNDpid1H+6HjDwI0F+VNmB0Ief0pOaEft1pRlZJ/x90D4E+eN/yVsgj8pvInrpfij4c1DxZ+SMuFPkjeaHemRRmfYm8mb+8GfnDgrx5+UUmfgKPGWdq0S+U68fh1v4nop/uTFzX7ynbh+0Lwpwp9U3gzjLcGfrPwmTw6aN8Sys0K88d8+2Hwn6I5EvhMt9dH1YPKdTP48VvlOUd6E9DTelMx39j/eipYqrgcH6/hTzv8HO97KkX36P7UsUJ2wO4jWGmruWKg+r7OXe2tcnzqMIQBksFtWIAcne8//RSgQyps0UQauZYDq0zh0mFePHmXn9m2eevoZbKfL6z99i8///OcRwmSqUaXZMNjdcOkKwdZOl4q1Sa1mMj8zRc2UvPLcU7Q6LoePneDCUxd44YXnMJSL2+8xVavgug79no2SLlZFouw9ZN8BJehRpytqnhcEoCyv7QAYnq3KQBju4DUxsN1AIVnq3E11hOhsI5xOPocK5jueQx4wfx51ufEN+v8k52eoH0NR/e6DbsJjKZMJ4AMQIQQVw+LZ+dOcml7h5NQKP9m8xH++/QY/3rzEve5W8LPPlmGwVJ/lF4+9wmdXnuPU9GGqRuVBmzCRiUzkMRTF4Jm+SnjzvaGVwn4JRJI1MXhhkCbG8jnhzxsPV90SzdV0+b5X31BR+NcoZVCoAn9Ao6s5ZceBZkdUYuemrvT7KFwSTJGHjtfoIr0MW1DcfgokyfEKohXnPgOP2ArQ0Eph3QrR2DAjqufukIi2PKGXtl/THf5oSuTETzCAifqdhP81pWZF+tANOfES1BNqbqiZuh2p6fZmlDrR7oj0ytGfgRcrdfFTeodE1PS8Bez59ocunFiSX4A/uh2YRfmTxptIPIzIGw1/su3XlBHR8Sa9QaM/g7Mgf3J3SERbXog3Zfij480jw59os/L4k21/Rpk4YSAPHX+SZbjl4+WPhjcPNX9ipY43Y+NP/ALj4U9mvrMv/iTLcMvHy5+ivInrOfwJv59X6vgT1JgTP2XznZQuSC21V9DxJ+4wDW/icVCYNyX4Q7r7S/GnkIzAm/2Ot7S8iX/e+S3YX76T6I4HlO/snzfxOMvhT4o5cd7E5gsL8CZs9+CfhybfKcifWJ5z/8dbBXgTKnX5Ti5vxjbeyomfkJ0j8SfS3zr+pPNG7K7C/DHiDlyWe1zXVOdNBAvv2iltczExK1V60sU2Le5s7nD9yod8/gufQboSKSWVepX69BS7uy0cFHudHsaGQ8UyWVpYQCjFM08/gVmZplKrgdPlo/ffY2l+DqTNzrpkbn4WqzkHpoFUDgqQwqDvKKRpDvxmhHyYbGwamoQSLDktBrPfEUcYvW2Ix8MBjLeK8qcQbybyeEi/86Bb8FjKZAL4AEQgaJg1jjQW6bp9Om6Pq3t3ubp3l7nqNEu1OWYqDZZrsyzVZzkxtcwrixc4N3N0svN3IhOZyP0TpZCDfFgOEmY5GEj5ejSJS670iz8LOL5C0Bvc+tfxjxvkbip0fT/DE2LkBE8RGoRpVwjn7EAouyMhXmpXCJPU/QYX/kKhYCeEy7xjdfUOyuFlfD+m6yPtkCmwIjl9hWm4L2N6mR1ZMXt1OxL8g4v4u+wzgEd9RlWg5+xQKGP/SPGnq1dlxwuB/xm4rZj/x7MjNNR34+ZNCn9K+X+fvBGhdmTxZ2gAI9sfudy44i+QAvEzgv9L78DK40+cN1n2j8SbjPihJH8yeROPvwLxk2V3Afvvb/xl84ZReVOSP8TizefN/vMdDW+y+FPK/yPmO4PPozh/gj8PzP+aYwvXr+PPPj5/DiLfKWz/MM8YK3+y4qVA/OXyJs2mAocl7deUZUVbv44/++RNXvwVzHcC/oQ8XtZwHW8i7+f5f2y88fs6I34Omjdp5+bUn+SN//rB8CYyPs/gTXCvZo23Mu83PW+i+v3Nd4bxUiB+wurYP28KSk79Sd4wcNPB5Dvx73d0+c7I/Ilq5P9uAAAgAElEQVTzJsEfjf+3b8KJl4eJyaBctKBm7+KYM8m6hAD8SeDk264wkQqUYTK1fJhnP/5JlDD57Od+AddpY5oGZsXCqtcwG1Xau20M18ax+5hii0NLG1iVGvdWb7HT6tJpd+l1uyzMzjE91aRWrWJLm0azydKpMzz1wrM0agIXkBjYSuAaVRQm4Z+v9ieAg8/3EEfC71ftXeYNGbwaiZ72VtCn3hUeLv6MdO9M5JEU1Ws/6CY8ljKZAB63KDn8e/DhYQhBzaxQMy0sIVht3aXb3mC+3+VsdY7F6jQr9QXOzh7lxMxRDjdXmKrPYUwmfycykYncT/FXHPv5baBHS0XyWcAAwZI9hisAvRNCOoMKIuWw/ujbcT2n/bEBVdEVuYnqAhtUuj74d9QV6cTOC3TdkuKggfEBUkwvOcBMXG3oruwyuFzRFcHFV6T7HZ6p6wJCuwMs3f6ExC5bdEdA3D1e6fs9pgfHj74iXRs/4ZniSOkfljPA1nWvrrtjL2mrD8cDGfGjXRGctyJ9uCJZxxv/uEyDyvImJqV5EymL8qYkf1KO08WPfkuDLznxU5Y3cb0sb7T8KcibovzRee5nhDfa+Mm/4UOthYTHx8Qb/43UZpARL/eDNxr+pJY/4/mOljdF+TOmfCdxOxflzxh24PkdHtcjpfaGeBT4kxI3Y8p39NzxD3sA/IGMcNTxpyBvQg3T8qeMQTr+FJWCvInrufwZ/DvqLyzp4mX/+U4B/hTorkDX8SflslHeMHbeRPSReZMTPzlhqeNNoGe67WEcX8V54zc4pz80ost3CvPngeU7vqrhTVH+5Hzel8l3xNZtRGcTNbUwvAkHFzi6d43r9ediFYPwvwfT3OcCAWYV25VgWcwdPga1KXZaXebnalhdgWkqzKqBVa/htrsgarQ6LabqLqv3tlg5fAQhFEL1efL8CQ4trXB45QjVao1Go4E0DCSCrmVSrVeRsodU4GLQo4JDBeU9/XfYpqD9oZ7x/1beuwo4snOFqM8Gd1JvF7Oz4cXBQ82fdL9M5PER5fQnz/+9TzKZAB6nKAluH1zvJxpEpQ6GSRhqdeC8MFkRdX7JtTB372K4N7BMi1rzELWZw1TnT8Lh52D6EFSbD8qaiUxkIo+5qPiIIvTsX4RIfxawfy54AyYlInlYMCgZJTnLSfhTEz4VLb1nD2uOzas8Up9uh8SwQu/lEiuS80oFiR2gg5Wqge4n9/5fMfuHZbwTRNDmqB4qR1mxOdIOPL9lwwGzCqsq1PyS/k+UZWRf8acSevTrgKGf43q6/wvukNDGX7iPk81PNSdiryB6E2viZz87MIvEX178RHYkJN1SSor4O+2ckSqMn6DjTeh9Cvh/ZN5o+JMXP1r7s3nDqLzJ409OvGTvUCDf/487b/L4U/jzrgB/Mu0XgU2hMwI/c794kxp/Ot7o+VNI9uV/TVmi8lTepOQ7o/n/PvFnYGfw+XbQ/CmzAypFj+Y7Q/4cvP819ZXgzyBMonoWb+LlWPlD7PrZ/Mm3vyB/yvCmMH/8y8fiZb+8KWV/WoeFXtt3/XreBO8z5nwnXhbhTdzQHN7E9dL8GYk3+nwnET8R/lDe32Pz/37rHyHfIc3v95s3IaNS+JLQA/H97J87Bv7sO98ZmvPI5TtuD2PjOu7UQsAbv95jshX8DLQ/6VtkbYwBuEqBYeEqiWFUaS4uYhsC07IQuJiGpFo1ME0LKUx6/T6GNKDawFUmjeYML730EndX73Dk0Aqzc/P0bIfVtbscOnKM5aNHsao1ZK1Cz+5idztIqXAk2KKKMmsoDAwY+DG9rWLwuSJRnvOUYsXeGfz8c9QRxt4aynUYO39C1TyQ8dZEHj3pth50Cx5bmUwA71ekjWpvofbuoVr3oLWGsjsgQNRmEc0laC4hGvNQm8YwLBpWnXp9nqXpFZTroPbWUHsbsHsX7n2Aaiwg1y6jls4hFs8gZo8iatMw2RE8kYlMZKwyWOFIdEVoeIWeXw4OA1TwfnAeofGMCA6JDBJ83d9JHM73lBrMM/vJqxi8PygJvR5ue2LAHZ4x0Q6wMkYgsaXG2mfkDY7Xr1D3T4vrUTMSpUgvietp3UGaWSKpp15BU3FOg/yVnoE+WBnq16tfMeo3K75DomAZMjNsSdi9WndHz4jqEQcl4yGx5Spehr9JKrFDIbli3e9u//1UbyXLtObGLM7StQGZe4VBmeawjBYn4qfwCnVN/ES7P3r7a8qwJWn80UsGf4ryJh4PI/MmXvqXyYmford77LxAzzXrYHiTvyNPx5v4Dol83sTjTcebxPd5CblPvCnAn1zeFOWPprmF+ZMLtBF4k8GfwrxJ8EfHm/gOiZL80fGmKH/SeBMvR+FNzo7w4vnOo82f0Z9BzlCPNOvg+BOUWtk/f0Z/JqffzQ+WP/oLBw3MPiHHcaM/gzwWH+j4k8EdDX/ClmTxJ9lhKVe4X/zR8SYeP2V5Ey9L8iYhhXkT13P4o4uXIvwhI14S/CnJm5glpXlTdLxVNF8um+8Eced394PmjUjXdVcYU74T/3wrnu88jLyJ6Vnxsv4RnHgp4biGBYd3LnN3/jxKKYKfU/ZP14BAKDAR3uPShIGwDE6eOQWWACExDTANqFZMTNOgZ9v0HYm912HFVSjD5N7GBrVahWqjhiP7KKGoNGpUbBezOYWqVlFWBVdKHNdFShfHdek7ICo172eohYGBCr5b07QWhfS8KgQrWx8ylfLsXwCzs+51p4Y3j8b3OxN5HERNJoDvm0wmgEcWBXYX1V5H3n0fde8icu0Savsm2B0QBqI+B3PHEQunMOZPIuZPwswhMCyYWUFIG2rTsDMDO7dR2zdRu3dRWzdQ65cRi2cwDj+LcewlWDyNmD7kTQILI9oSpZBy+NPThmEErzuOE3ygVSoVws8J8M9zXRcpZXCcYRiYpolhGJHj8+oUQgTXc103cT3TNHN7VUqJdF3cQXvCH8aRUimEYWAM/o+3UykV2BW2TQgRtCXNNldJ3MHPeBtCYAojlA7G+gCFVCpyvIGBVBKJ1/Y0MYTAEAaGEMG1pVJIJXGUiykMLMPU1hsXR7rBeaYwMGLxMZGJaEV5KWGQ/KfpyhuYR5O52ErmkO4lgdGVgt7q2thxQULvlSoykiCxAj6l8UTfDe1IGJzr6145ph0IsdLPOgN9cN8Pd6goQofFTcgf55YVlVPm1V9YfD/G9DI7tLQrkIuXw8EuoXr9bh/qSdt0OxBC75Pv/33tUAgF6MjPwEuapbFXc+y4B1CF6/f97tc/mv9L7QhNiTcdb4Z9PwJ/YMifMfMmwZ+ANxr+hB3xMPKmZP1J3gxeH5U3I/EnnzfDezkUPxF7dfwZduBIvMniT0q85f7CRJ5TDtj/+60/wZvg42pE/pTZIRHEWYg3JfhTiDcl/T8+/vBo8qfg5fX5zuC4A8p3ivInzbYDyXcKx182bw6MP/uVrPozeDPMd/zDx5TvhMt95jupvInryg+nFP/fB94kdlweNG/iUjbeCtev4U1cj/PnvuQ7wzIRL2V5k8Kf0fy/38+7bP5oZb+8ObDPOw1vEvy5v/nOffl+BwJ2lvl+R2zdwNi8hpw/GU5YADjeW+Mu5wddJwY1+53l4m1diEsFSzkoJI5hgGXQaNZxpYsrve+mLWFQNQSWZWJV67Q6ezimxa21DbBsVuw+x44cYnFlmdlmk0atAY0p6suHMWpNpGmCIbGdPq6U9G1Jp2vjWBZYdRxMpGGC66b0WVL875WPdVZDnTkUY28N0VoL7g0db0b+fqckf4jrJfKdiTzaonp74NgPuhmPrUwmgEcSBUoi1z5EXv0e8sPvILdvQb+FUgphVsCqoTpbsHkFrn4PWZtBHHkW48QrGMdeQswcRcyfAtcGpwu9XeTObdT6R95k8q0fIW/+CLn6LsaNNzDOfhbz7GcRi6fBqkdaI6Wk3W7jOA6GEEw1mxiGQb/fZ319nV63i2VZHD12jGp1uIvYtm3a7Tbb29t0Oh0cx6FaqdBsNpmenqE53cSy0kPE7vfp9Xq4rotlWVSqVSqVCp1Oh93dXXa2t7FtB8M0mJ2ZZW5+jmazqZ1Q9u3o9/vsbG+z127T6/ZwpYshDEzLm7Q1Q5O9tVqNqakpmtPTkcllf+J7e3ubvVaLbreLbTuYpkG9Xmd+fp6pZpNarRbzqqLldNjpew8cb1o1pisNKoZFfDJWoXCkpOV02HO6SCWZsRo0rBo7dpue28dR3morr03eOYYQVI0Ks5UmdbNKxfDa3ZM2u3ab9d4Oc5Umh+rzWIZ+8jksW3aLjd4u05U6s5Um01Yj95yJTARACeGltWKQNAYrRON6fGWf/8vQgwNVaG324PVgpSCDCw7K4LjBddNLorpG4guGRTj7FcP8NtmKnOoHnZD7TM7wSFLE9OD4jBFgoSXFaecPJDSgShtQxgcDCX3ovmiZ3ephqd3xMiz9Hk/Vc1bA55aJBsfjJSd+YpfT7QDQlmnuCt5PiReicVF0B4TWA7H4Gw6oNfES14P607srN35Sqi8VP8HK85iui5dQoPrxlgjgqIeiZWneaDpEc3vqdgAU4028OXrexMsIf7LiZ+y8KckfHW+K8icRbyX5E+rokfiTxpsy/NHxpih/irgvOD4lfuI7O8vyJ/WGT+OPL3m8KcmfAtVn8yZePij+kK0POyyqFeSPthWacH/4+ONLHn+ivaU7W+//nHiJl1re+MeNyB+9x6LlI5nvFOCPJl4K8SfVU77k8Sdq/4PjjSZ+MngT6Fke22e+83Dwxq9Xw5+x8EYTP2m8iYdjqL8S8aPjTVH+pPGmDH/Glu/oGhyPn6hoeaMLx3iZ6Tbf/xnx44/fRVgvzp/i+Y4mfnS8iXWvL+Pnj4Y3cT0UN34D/fjT8Sfqf01Zmj9RGTt/UIi1S7BwMnoBYNYSHNm+xOr8E5E2eJuH0jfVGLgI/GeOCZQyqNSnMGtVVEXQkw6WYVAXFaqmSaNWYRuwXcW9rV1swOlKZhs1FuebNJtNKrU6yqpi1BoYlQoS2/OT08V1FHt9RcuuYNbnQFQQysCQCoQEby+yvj8HsXho4yIzItxTQzFbdwGl500qf0p+v3NA/JnIoy2qvfOgm/BYy2QCeBRx+qjtm8hrf477wR+j7l30dv1WpjCWziNmjkBj1ju2u4vqbHjlvQ+QnS3obGGc/hTGkefwkgwJ7jJG8xBq7jhq8TTUmsjrryHXLiH7bZAOOF3Mp38ZMXc0mASWUrLX2uOtt37C+toalUqFl199FYDbt27x+uuv09rdZWlpmb/8K3+FpaUlXNel0+lw9coVLn14iTt37tBq7dLv9UHAwsIiJ0+e5IUXX2D50CEajeSE4urdu3x0+TIb6xscWjnE8ePHsSyLq1evcvHiRe7cvk2328OyLFZWDvHkhQtcuHCBQysrVKtV4hPBUkrurq5y9eo1Ll36kF6v5+1CFgbdbteboHZdmlNTTE1N4TgOKysrnD5zmnPnz0fauLmxwfUbN3jv3XfZ2dlBui6VShUpJYYhWFhc5OzZs5w5c4aZ2VlM00ThfdC/u3WNH66/D8Azc6d4ceEci9UZLCO6e9lVkpbd4a2tj/jp1hV60uZjC+d5cvY4b2x8wK32OntOl2mrQdOqYwmDLXuPnmtTNSxOTa/w5MwJTk+vUDEstnotLu7c4M3ND7gwc4JPHHqa+cp0ot6weJPQLj/Z/IgfbXzIM3OneXb+1GQCeCIlJLlSEyEynwXsJ2fKP3+QBHpJmRomZSp4cbjyN6sl/mA6PpLJNyFZFjxXN+DybUlfoRzT01a+R44vUSpI7NAKBrX+asyYYcES8OzuSeqeJcNu8/w77mdwkqoTsiXkgbQJpowBTcSgIrGSJ2kj6bzDQ/VHW6uJlxx/7/cZwLp4GZoTMiq4Z1PsFkOb4jYTumIQfhr/Z5YFVggn4idzBXDijiYzfjLs1vo/jTdojs2RKG8K8kfHm1G4k8YbzY70SKMjdhflj443DNxYkD9ldiDk8afkhHbUbk1ZRvYZfw+EP3He+F/CJviTwpu4Xoo/Gt48VPwpKRP+JHmj2ZEeaXSGvZm8uR/8yYmzcvxJKXUGjhJvadcqke/E69fxJq6X4k9e3Own34nrB82bIvxJ5c0w3hL8ycpv8uSgeUMsOyvEG//tg813gu5I5DvRUh9dDybfyeTPY5XvFOVNSE/jTcl8Z//jrWip4npwsI4/5fx/sOOtHNmn/1PLAtUFugLj3mXk4WdQs4dj9StO9e6xylOA4dnpf2mlxOA766itBk5okYGBwqRSbaBQSBSdXpfVO3fp7nSoVas0qnWEYYFZo2dLVncdKnSZX92kPtWg75pMT0/RmG5iuDbVWh2jIug7fVzXZLtls7HnUp89hGPNYhgVKtJEIVCG9LymBGm/PikYuu5k+07qs39FZwOxezfKoTGNtwIHPEj+TOSREdXvQK/9oJvxWMtkArisuDaqvYG88QbuR3+GvPkjQCGmFjEWz2Kc/Sxi8SxiahGEQHW2UDt3UJtXkRuXkVvXwekh6vOo+ZOI6jQYJlg1hFXznhk8dxxRmwFhoPp7qN1V5O2foPotxNwJDKuKmDseNKm11+LNN97kg4sXqVQsFpeWcRybd955hz/5L99ld3eXM2fO8PN/4ReYn5+n0+lw/do13nvvPS6+9z7r62u099p0ul329vaoVqscO3YMUDz73HMcP3ECy7Iik7ard+7w2muv8cH7F3niiSd44aUXMYTg0qXLvPvOO9y5c5u9vT1c16VWq3P9+g32Wi1e+bmfY3l5ObL71rZtNjY2eOedd/jJj3/CjRs3Bjt156hUqmxtbbF65w63bt+m2WyytLTE9PQ0juMwv7CA63g/N+26Lu12m4sXL/KjN3/Ehx9+iHRdGo0GM7Mz2LZNp9NFyg+4d+8e7XabJy9cYG5ujkq1igLe277Gv732p4Cie/wTnG4eZrbSxCI6ESuVt1v4rc3L/MebP6BldzCF4FB9jtfWLvLjzUts9Vs8OXuCU80VZq0pbnXWudvdouP2WNmeZ+vQHpZhcGxqmc3+Lu/tXOMPb73B1nKL481lpmbqmRPAjnRZ6+7w2tr7fPPWa9jS5XBjntPNw2MK9ok8/pJcMVyoxM/bhusNhX+98DgzsUKZyPHhHE4QezNcFpVIBf6AJlxDLOGN65odUYmdm7pyYHh8hfrQnBxdpJeRPipif1ZCnXXFWMW5z8CLx09opbBuhWi0eTFdu0I5PV4Semn7Nd3hB6PIiZ9hoEf8TsL/mlKzIn3ohpx4CeoJNTfUTN2O1HR7M0qdaHdEeuXoz8CL80YTP6V3SERNz1vAnm9/6MKJJfkF+KPbgVmUP2m8icTDiLzR8Cfbfk0ZER1v0hs0+jM4C/Ind4dEtOWFeFOGPzrePDL8iTYrjz/Z9meUiRMG8tDxJ1mGWz5e/mh481DzJ1bqeDM2/sQvMB7+ZOY7++JPsgy3fLz8KcqbuJ7Dn/D7eaWOP0GNOfFTNt9J6YLUUnsFHX/iDtPwJh4HhXlTgj+ku78UfwrJCLzZ73hLy5v4553fgv3lO4nueED5zv55E4+zHP6kmBPnTWy+sABvwnYP/nlo8p2C/InlOfd/vFWAN6FSl++U/36nKG9K8idk50j8ifS3jj85vLE7GHffx509knBkw4Szaz/m6qFXog3UJCJKgAgmyBWGAMMQCCXBdlB9l53dNpcufcSeDTPzh2k0Z9hu2/RFBSUMbq236O512eg4nD9ncPyIgTRMRLdPreFiWALXddnY7bHWMZlbOYWoTiNp4OJgSBfDENiD4DMUw0UFQeerQfcKTq++QUP37N/WKobbHfJobPzR8WZ0/hTizUQeXdnbetAteOxlMgFcUlR7A3n7LZy3/y3q7nuAQjQWvJ9ofvKL3q7e+qz3nF9ASNf7mWe3h9q6gVx9F3ntz5HrH8LNZYwTr3qTvWGpNILriKVzuG/+a+TmVdi4gvvW74FpYc4dw4e267rcXV3l0qVLOLbN6TM/oNXa5drVq8zPzzM3N8fi8hIVy6Lb6XDzxg3++I/+mOnpaT73hS9w5MgRqlXv55svX77Mn3//B/z07bdZ31hnY2ODv/jFL3JoZYVKpRI0sdPpcPfOKu+++673U8t7eximwclTp/jrf+NvUK1U2N7e4tKly3zrm9/kT//kT/jo8mUU8Morr3Di5MngWtvb2/zB//cHvPH6a+zu7vJLv/zLPPPMMxw+fBghBJ1Ol2vXrvJvvv5v2NzcoF6v89f++l/j9OkzTM9MM9Vo4LouW5tbvPHGG/zRt7/Nhx9+yJd/6cs898ILnDh+3JvgVYr19XX+6Nvf5vUf/pDv/9mf8d/82q/x8ssvc+LkSQxhsOd0ud1eR6HY6e8hQz/jHBepFDt2m1vtNXbsDi27iyEEPWmz2W/Rsjucmz7C51Ze4MLsCbquzVtbl/nTu2/z3dW3uLZ3l1vtdf77c3+Jruyz1W+x3tvh3a1rnJy6yLHGMg2rps2JWk6XP7v3U97avMxab5v13jZtpzdaYE/kZ1OUQg7yXzlImOVgIOWvCPVf91f0+T8yI5UKTQInVwBKFX09Wg7rH1xkkEwPdf9y/p+FzIHQhiLdCuGcHQhldyTES+0KYZJ6tMEFvlAo2AnhMrfDssvhZXz/pesj7ZApsCI5fYVpuC9jepkdWTF7dTsS/IOL+LvsM4BHfUZVoOfsUChj/0jxp6tXZccLgf8ZuK2Y/8ezIzTUdzHelBH/9mVwrVQ9qLWg//fJGxFqRxZ/hgYwsv2Ry40r/gIpED8j+L/0Dqw8/sR5k2X/SLzJiB9K8ieTN/H4KxA/WXYXsP/+xl82bxiVNyX5QyzewvnO/vij4U0Wf0r5f8R8Z/B5FOdP8OeB+V9zbOH6dfzZx+fPQeQ7he0f5hlj5U9WvBSIv1zepNlU4LCk/ZqyrGjr1/Fnn7zJi7+C+U7An5DHyxqu403k/Tz/j403fl9nxM9B8ybt3Jz6k7zxXz8Y3qhwvGTwJrhXs8ZbmfebnjdR/f7mO8N4KRA/YXXsnzcFJaf+JG8YuOlg8p1I/GTkOyPzJ86bBH/y/S9WP8BYPo+cO57owJO02GrdYmfmOHkihYFQcjBxqRBKYigwUYi+Az2Hre0WtzZ2WL27TV/epDI1j2FVkRjY/R5OX7LX7nJv7ya3721zeGWew8cO02jUmGo2qdaqOFJSm51j/sgZXKOBkgYIiRIuKAOkDPW9PrBmd29y3NlNfc9ob2Bs32a4e/jh5s9I985EHglRvT3UZPfvfZfJBHApUajt68gbr6M2rqA6O4j6NMapT2Ke/RzG8Y8hppbArKSfXp3GbMwjphZRe/dQ27fhaMoDroUB1SZi4RQGoNYug9NHrl/2ngl87wPUyY8jphYAA/+Zt71ul9beHtevXePEyZN89vOfZ2lpCdM0mZqaYmZ2FoSgVqtx9uwZFheXOHPuLIuLi1iWheM4zA12CG9sbPDee+/x07d/yqlTp5mZnY1MAIM3AdRpt9lYX6e1t8cnP/VJnnzySY4cPUqtWqXb7bJ86BB37tzm9dde59rVq7zz059y/PiJYAJ4b2+PGzdu8IPvf5/V1TucOHGCJy9c4Oy5c8zMeBPjjuNgWRZPPXWB1197nZs3brC1tc2ZMzA9PQ3A5vo6H3zwAd/5oz/iypUrzM3N8dzzz/P0008zPz+PYXjPcJiZmeHlV17h6pWr/PCHP+QH3/8+CwsLHD12DMMwkEphSxeFRCIzo0EIkChs6dB3bSQKU5gYCKSSuEoyZdVZqM1wuLGAVIqu2+N2Z4Pv3PkxV1qrzFenabtdOk6PrX6LjtPj2t5dfrTxIc/On8EyTBaq04m6XSXZ6rf4/r13+HD3Fj3XZsdu03X7mW2eyEQi4q84FoM0K9DFIPeKrigd6gxfF6CUSDwTWAzK8NGJZD+2IjpYMa85PCGxAVXRFblBKcKlvwI4RR/8O+qKdGLnBbpuSXHQwPgAKaaXHGAmrjZ0V3YZXK7oiuDiK9L9Ds/UdQGh3QGWbn9CYpctuiMg7h7h3yuDbzQienD86CvStfETnimOlP5hOQNsXffqujv2krb6cDyQET/aFcEFd8TEeBN+Jp5/XKZBiR0Z+q5Kk9K8iZRFeVOSPynH6eJHv6XBl5z4KcubuF6WN1r+FORNUf7oPPczwhtt/OTf8KHWQsLjY+KN/0ZqM8iIl/vBGw1/UssEb0ry5xHPd7S8KcqfMeU7idu5KH/GsAPP7/C4Him1N8SjwJ+UuBlTvqPnjn/YA+APZISjjj8FeRNqmJY/ZQzS8aeoFORNXM/lz+DfUX9hSRcv+893CvCnQHcFuo4/KZeN8oax8yaij8ybnPjJCUsdbwI9020P4/gqzhu/wTn9oRFdvlOYPw8s3/FVDW+K8ifn837UfMdwOqjb78D88djZ3oXP713izZnjqKAn0kW43kSsC7gIUCaW4VIVCtPp09trs7PdZW29w8ZeDweDXuseQlSoN+pM1+vI6jSqXsE1JZtdm93r61y6doeqpahP1Vg+doJnX/gY04fO4lBFGRWkUQGpsDAQFZCAKQ0Uw2UM4C9wwLNDwNmdSyR8NBBz5xbC7SFE6C546Pmjdc1EHmFRuxsPugk/EzKZAC4qSoG0UZvXkLd+guruAArq8xjnPodx4hXv2b8ZIuqzUJvBXDyNvPEGcvNa9vGVKZg9hnHyVdTWdVj7ELW3jty8hrF5DVFtglVHIBCGAUKgpMRxHJ588kk+/dnPMDMzg2kOf0a41+uxsLDAxz/xCRpTUzSbzeC9SqXC0aNHeerpp7l16xY//vGPuH7tGh9dvsxzzz8HM8OdyqZlDZ/lKwQz09N85jOf4eixY8Exc0C9XueTn/oUq6urvPn6G1y5/BHr62vBMa1Wi5s3bvDBxYvUG3VOnDjB0aNHg8lfAMuymJ6Z5tz587z11s04ABkAACAASURBVFt88MEHvPfuuxw7dozDR7w+X7u3xk/ffps//8EPmJmd5eMf/zjnz59ncXEx0qdTU1O8+NJLvPbaa/zpf/2vvP3WWzz77LO8+nM/R61WQwgwhEBhIBAYGQmKQHhHCQMEGAgsYVI1KpjCRACGMIJrGEIwV21ypL5A3ayybe+x3d/DkZKO22e7v4ctHe51u7y7c40fb15ivtpMTAArFHtOl1vtdX6y9RG3OxtUDYs9p0vPTVlQMJGJaETFRhT+zt/MMkjygFCCrIZ5Z6BHhkaKSL4fHzpFXiz4BV+4Pm1ZWFSsPt0OiVCCDfvbARovFSR2gA620gQ6w0FvSE0p4x0mgjZH9VA5yorNkXbgDeOHsB7qf3Xg/tfUV7h+ldCjMT70c1xP93/BHRLa+Av3cbL5qeZE7BVDm0JnJOJnPzswi8RfXvxEdiQk3VJKivg77ZyRKoyfoONN6H0K+H9k3mj4kxc/WvuzeYPO34X8n8GfnHjJ3qFAvv8fd97k8afw510B/mTaLwKbQmcEfuZ+8SY1/nS80fOnkOzL/5qyROWpvEnJd0bz/33iz8DO4PPtoPlTZgdUih7Nd4b8OXj/a+orwZ9BmET1LN7Ey7Hyh9j1s/mTb39B/pThTWH++JePxct+eVPK/rQOC7227/r1vAneZ8z5Trwswpu4oTm8ieul+TMSb/T5TiJ+IvyhvL/H5v/91j9CvkOa3+83b0JGpfAloQfi+9k/dwz82Xe+MzTnUcx3wvWY9z5AzZ9AHn0m4I9/U0wJuLD6fS4e+VT2JYVAmCbSlghLYBoGlVqDbreL5Sj2bIfdTpeO4+DYElsplDBxhaTV7tLv9jErNrXaFK6pMCoudVMyVatQb5icPnOKZ196mZVjJ+mKChILxzBRGIP2ytDXPMM7QSBQYvCYXzxfPXHrezQ1HW9sX8fYvnn/+ROq9oGMtyby0ItqbYAz2ch2EDKZAC4qykV1tlE7t1Hbt7yfda40EDMrGIeeREwfKnYdIcCoIlaexpw/iagld3dGDreqiMUziNmjiOoUqt9GtVaR9y4ils6CVQfhPXcAoN5o8LFXXubJC08yMzMT7Hz1pVqtYlkWSqnEe740p5osLiximha9fp+9dhspo7thDWFgmiZCCA4fXuHJCxeo1euJa1VrNc6eO8fy8jKu67K9s0N7cD3DMGi322xtbeO4LvV6nemZGSwz+dxb0zSZnZuj0ZjCcRzW1tZotVoAKKVYXb3D+++9R6vV4uy5c9r2GIbB9PQ0y0vLLCwssLu7y/r6Ojvb2ywuLQEC/1nHhjAQQpC2AkwApmF4E7wI/KMMIaiYFubgXFMYGAz7uefa7Nod+tJhrjLN6enD1M0KXbfPjtNBCehLh9XOJn92921OTC3z9OzJoE0KhSMll3dv89r6+7T6HaRSSKXYszt03T5SqcyJ64lMZCh+dA9X7hmAv0IvvFLP8N8ffF/l6bHvr0IDab80QjpE871oS4KxBoikHikjVwrpoQGVNzWdNsDKGIHElhprn5E3OF6/Qt0/La6nmxOUIr0krqd1B2lmiaSeegVNxTkNGk7/+4NEMfhCRwzcoVsx6jcrvkOiYBkyM2xJ2L1ad0fPiOoRByXjIbHlKl7GboCiOxSSK9b97vbfT/VWskxrbsziLF0bkLlXGJRpDstocSJ+Cq9Q18RPCn8yvJWMHx1/UiWbP4V4E4+HkXkTL/3L5MRP0ds9dl6g55p1MLzJ35Gn4018h0Q+b+LxpuNN4vu8hNwn3hTgTy5vivJH09zC/MkF2gi8yeBPYd4k+KPjTXyHREn+6HhTlD9pvImXo/AmZ0d48Xzn0ebP6M8gZ6hHmnVw/AlKreyfP6M/k9Pv5gfLH/2FgwZmn5DjuNGfQR6LD3T8yeCOhj9hS8Y53horf3S8icdPWd7Ey5K8SUhh3sT1HP7o4qUIf8iIlwR/SvImZklp3hQdbxXNl8vmO0Hc+d39oHkj0nXdFcaU78Q/34rnOw8jb2J6VtyEHaUUxs0fo2aPoJoL0fdRHKJP796bXDv0CjqRKJQrMSwTV5jstjtMN2bAmqLV3mV7z6bVsbFticAaxIfh/bakkjgKXGx6/W0s5dBSbeabVY48eY4vfP6TnDxzErPWQJoVpCuQCKQa9JsQkd+ojN96XrR707Gn7r7JIdVP6WiB0W9hbd/07o3H6vudiTxqouwuqrX5oJvxMyOTCeCiIl3o7qDam6juFkgH0VzyJmYb82BWi19LCO+5v9UmGJqfiw6ONb3rN+ah0gCnC+1Nb0ew20cMPrD9slKpcOLECRYHP/2crFqkvh6YKSXdbofW7i6u66Ck9P6PHWcYAtP0dh1PT8+wfGgZy0qGk2VaLCwsMDXVxPupahvXdQFQyvt4CGxgsOM2kQQN2yaVRCmF67pIKfF//npjfYNbt27R7/c9+wzB2r17dDsdb6JbCJRSSClxXZdut4NVqbC7u8veXptutztoj7eT11GKttNlrbtDzahSi/2styMd1nu7tJ0uwRpP4dliCQNTeJO+3kQwONJly27xzvZVfrx5CUMYPDd/ii8cfpHpyhQdt0fL7rBQnaZmVJBK8v7ODS7t3mK9v8N8ZRrLMHGky1pvh7e2PuLNjQ85MrVIT9ps9HfYc3p03T6uchHCDKWxE5mIRpRC4idfYrDTl2FCLf2kMH+ln/+6lN5APm3FoBDR88MDOBUZSZBYAZ/SeKLvpuxI8HN9SF8xrmC/z8TzeyDQB9/6DxeUKkKHxU3IH+eWFZVT5tVfWHw/xvQyO7SKrIDPKYnFoW6HVtI23Q6E0Pvk+39fOxT8gA3F2zCeQjaVkSx/px077gFU4fp9v/v1j+b/UjtCU+JNx5th3++DP4yfNwn+BLzR8CfsiIeRNyXrT/Jm8PqovBmJP/m8Gd7LofiJ2Kvjz7ADR+JNFn9S4i33FybynHLA/t9v/QneBB9XI/KnzA6JIM5CvCnBn0K8Ken/8fGHR5M/BS+vz3cGxx1QvlOUP2m2HUi+Uzj+snlzYPzZr2TVn8GbYb7jHz6mfCdc7jPfSeVNXFd+OKX4/z7wJrHj8qB5E5ey8Va4fg1v4nqcP/cl3xmWiXgpy5sU/ozm//1+3mXzRyv75c2Bfd5peJPgz/3Nd+7r9zuk8Kew/xWitYZx/U3cp/5iaoeecHdw1t/m9vLzqe0UQmEIA1sJdvbavPHa6/zql77I0aXjfHjjOjsdiW2DcsGV3vfKEglS4f16pgQBhlJUTMWh+Vk+84lX+cLnPsWh5Vm6/R7CquAaYA7OF0qCGPZylggER9fe4rizrT3G2LyKaG+kXCmbNyN/v1OSP8T1EvnORB4tUTtr+QdNZGwymQAuKspF9Vuo3i70O6AUojaDmF4BswYifTetVoyCXS8M72eeKw2o1KEjUN0d1O4quM7gGIFAgBBYhsHc3ByNRiPzslJK+v0+vV4Px3aCiVXputy6dYvV1VVs2/YmZw0j8dEnDANj8Hq1VqXZbGKm7CgWhqBRb1AdPD94+IB5T2q1GtPT01SrVVzp0ul0cBwHpQYfkANxHIed7W067U6wi7dWq6GUwrZtdnZ32NzY8J6F3OuxubHBR5c/otFoYJreblxXehPHjm2zvb1No9Gg22hgmmYwmSwG/ykl2ervcW3vLj1pUzMqQeKqAEe5bPVabPZ3caUk/Onj7/51pfec3ttt7/fsb+zd40cbl7i6d5dTzRU+s/Isn1l5jmmrTtvpsed0WanPI5Vk125zde8ul3ZvcmX3Ds/Mn8YyTHrS5mprlbc2L3OldYfPH34RhWJtfZuO26fr2tjS9X6CWpdXTWQivgQrQgfp7SA593UlBiv7GO7AC06Awf0w2GsrQKjQ+94F/IrSy5QV0MEgMfS6bpgQXzCsW0CsbYW+GYC/It0/3l9BHNLDI0kR04PjM0aAhZYUp50/kNCAKm1AGe+3hB5yU6TMbvWw1O54CcVL0Hcpes4K+Nwy0eDEJxVZEq9OtwNAW6a5K3g/JV6IxkXRHRBaD8Tibzig1sRLXA/qT++u3PhJqb5U/AQrz2O6Ll5CgerHWyKAox6Kltobnqg+7KD0DtHcnrodAMV4E2+OnjfxMsKfrPgZO29K8kfHm6L8ScRbSf6EOnok/qTxpgx/dLwpyp8i7guOT4mf+M7OsvxJveHT+ONLHm9K8qdA9dm8iZcPij9k68MOi2oF+aNthSbcHz7++JLHn2hv6c7W+z8nXuKlljf+cSPyR++xaPlI5jsF+KOJl0L8SfWUL3n8idr/4HijiZ8M3gR6lsf2me88HLzx69XwZyy80cRPGm/i4Rjqr0T86HhTlD9pvCnDn7HlO7oGx+MnKlre6MIxXma6zfd/Rvz443cR1ovzp3i+o4kfHW9i3evL+Pmj4U1cD8WN30A//nT8ifpfU5bmT1TuL388/5ur70BzEffky0QTCq+DzzjrqPWfsrr8fGobXeny/7P35kFyXPl95ycz6+q7G92NPnARYJNoEASPIUGRgjSa4cxII+ugPbJ2V/bEOqzVbliOjbXDsSFFrEf7x/qfXf2ztv+QvApZEatrQpJ3pLHGFiVqyBlqSM7wAgcHcRAkiKvRQB/os7quzLd/ZGVVVlZmVWbdDfw+CODhVWXmu375rd/L916+WCLJ0spd7q1tkDM1clqc1OgUW/kLrGeyZEwTUwcsO/M6oCmLmKbQlUU8prNnuJ/nn32CF557mrHRAQrZHaxCnlg8gTIVMV1HoWOaFigTZ6/eUlWr6rxNL5/jUHbZVSOVGGvXiK1d9/kdiqo/EZ/vdEh/hN2D2liCfLbb2XigkAHgsCgFZs5+9bMqDvgZcbRYqu6PWNNoWtGBKwp+YQeV3QBlVh4DoNmvOa71CmDLssjs7HD9xg0+vXqVxcU7ZDI7WKaJZSk21te5c+cOhXwBXdftgV3P9TSg9Kpk3X4ddGA9uH6Ndd3APbA7OjbKwUMHmZicYH19nVsLC2xtbpIfHyeRsFdVK6XIZDJ8/PHHLC8vk0qleHjuYfbunSwNAOdyOfKFPEop1tbW+OTjT1hZXiYej6PpOkoplKXs1cxKkc1mmZubw1KKIw8foa+/v/RKbIXCxOJuZo0L69e5k7lHQo8Xf3csLKUoWCab+R1up1fJq0LJbdAovjoajY18mr9deJ8PVj8macTZyu+wt2+UH5mc5zN7HuHhoRnGE0PEdIOMmWOnkOHgwCR7ksNkzByLmTWubNzmzaXzHBycoj+WZCuf4Z2VS1zfXmIo3s8Lk8fYKWR5b/kyOStP1sqRVwWSxAn60RcEB+Xq+Dgrcp2VwJYTFr934u6VvJp9kbJThqp00jxdmorB3apv8fFAQxWidljnVL8Ol/1F0AxlT9w7A9lvJmrYUEHVCq1Sp9aZjekpmDOpJqC83o/Lcbsk5eqyPftW78GJbxxXWdwG4X3gUmUhwQUMYyv1iGh/RTMpRTzW7m8vddq72T2Ag+ylXBxXoZwCBD5BCGE/jvkFtH/NMMQM4Sr7qTkDuOqOpqb91Ch3YPs3oTdVl6rQm5D6E6Q3jeiOn94ErEivyHRFucPqT5DeUGzGkPoTZQVCPf2JOKBdWe6AMApN2l9X9MerN85D2Cr98dEbbzyS/gToTU/pT0REf6r1JmBFekWma5S3pt60Q3/q2Fk0/fEJgwrYiL35XSuCv+NNP0hvvPFI+lPPbprxd7zxTutNGP3x1ZuyvVXpTy3/ph6d1hs83lkovXG+7qy/U6qOKn+nMgy2ru74OzX1577yd8LqjSvupzcR/Z3m+1uVofLGSwcH6U+09u9sf6sOTba/bxgiuVLcT2800G5+gJ4awpp4uDphpTicWyK2dIZbk0/an5VfN0AsHmd5bY3t7TSxRIpzlz9iYuoFYqOj7H3oMInLl8neuk1B0ygoE12zt1PTsdA1i4RuMJxK8vDBWfZN76UvFQNlYpoFdB00LCzTwlQ6Bd1A11NYym4d++19WmWei9F9d3/IgdyK67vKita37mKsXi1pXLv7WxUN0C39EXoStb2GSm90OxsPHDIAHJKSI6gUJeUx86hCBntAuI0pm3k7Latgxy3THoxWZQXUKMtsrVf/Li8vc/3adT48f471jQ0M3WDv1F5mZ2fsAVcFKysraLrGD3/4Q3twN+b/OmEVVoBVOY+GYZQGWjVNI5FIMDszw0//zM9w9swZ1tfW+c53vsvR+UX27dtHLBZjbW2NT69e5eOPP2FqaopnT57k+PHjjO3Z45vc9PQ0Tz31FCOjo8TjMXumlAJVar+yW65pOjMz0wwNDZVejW3v3WuwNzXKsZGD7E2Nll4BrVAopYqvdN5mMbPK+fUYGTNXKqpVtJGEHuPAwCQZM8/VzUXu5TZJGnFG4gMcGZxhb2qMmGaQtwpsFzLsmDmG4/0cHT5AUo9xdWuRtewW765c5tTeExQsk1vpZS6sXydlxDk+eogjgzO8n7iCpmnkrDwZM0fWzDNgpJrqFwoPCuWZnroGzl6/zozhuiFFM9OKoWuGoK47nZbycbX8fY1y3wJvGJaKBDSPSFXnoGrFQcCKqKqVm0Fh0aH1zlAvF6dOXPMP3SUIX35COMneBCoTrrsHnmM/LjuqnClaPUO0MnueeOAM5QB78cYjlz+gOkpGXcd+Sh2Yynanqv0DwoAZ6eVmqGMvpXRc2XVlM2hFqn95a4RBBK6ItMPG98DzhEH2E3mFRGXR601gr19+14WrpuSH0J+gFZhh9cdPbyrsoUG9CdCf2uUPCCsI0hv/DDW+B2dI/QnSG5cZu3MeSm+i6E+Q3uwa/anMVj39qV3+GmHVCUV6Tn+qQ3fOW6s/AXrT0/rjCYP0pmX6471Aa/Snpr/TlP5Uh+6ct1Z/wuqNN15Hf9zf1wuD9KeUYh37ierv+FSBbxh4hSD98TZYgN547SC03kTQH/ybP5L+hKIBvWm2vxWoN97fOycHzfk7VdXRJX+neb3x2lkd/fEpjldvPOOFIfTGXe7iPz3j74TUH4+f0/7+Vgi9cYVB/k5dvWlZf6uO/bjK2ZD+VNR3kP5E1xs9twXX3kUl+lAj+7wJAYoDhVXii29zdfa54vivhdIgvWNyY2GJ9E6WsYm9vPH9d9i/fx9DAwb0DTA0NUty4S7b99axdDCUIkYBTZlYusFgSufw9B4OzkxRyOW4u3gbQ02RSMQhrqN0xXZ+i6ymY8UGsZRWWjkMOgV0NE3HUKA0C6VZHL79NlOFLZ8KteP6zhqx1ato+Z3irddu/QnSm8b1J5TeCD2PymyiNlfqHyi0HBkADoktTs5KWFt5VG4b0qvgDMzW/fVqAKWgkEXld6CQLTvYno6twq2Fwap44/p1vvPaa/zd668zPj7OM88+y/yxYxw4cIDBwUE0TePatWsUCnlSyaRrda83W/ZAaJ3kyscCzv7DhlFeBWwYBnvGx/mpn/opYkaM737nO7zz9ttsbmyw/dgWiUSCu3fvcv36dUDx1NNP88KPvsDDc3P09fVhmiaGYRAzYhiGPdg7PTPDMyefZXp6urSKOCqGprOvf4Jnxh9hf/9k1R7AeavASnaDjzZuktDjFSuuLWWvEu6PpXhizxE2cml2zCyLO6us57ZZz21jFicNWKjS65/zVoHBeD+HB6fZ2zfKpc2bfO/OWS6u3+DC+jVWc5vcTq+wuLPC/MhBfmLqSaZSe+iPJYnr9kCyMwBcvWuzIPgQNCPZUtgjwmVHWvmGjvIFz1h3H08pLMqGawag0irjjTh4ClcnLHCGcJ0VCFFXJHjDwBnCVMedDId+oBCyEtxhvWOD0nWas3Sw037+8YZWyISYkew/w9Rdl554lBVZnvL6zhB2HRymvaPuAdzoHlWluPd3uMXtH+oavmFte6HU/lTrT60Zyd6woRnK1frTMr3x0Z9I7d+k3miufNTSn3IBaLj8FZdrlf2VCGE/DbR/5BVY9fTHqze1yt+Q3tSwHyLqT0298dpfCPupVe4Q5W+v/dXWGxrVm4j6g8feWufvBOhNLf2J1P4N+jvF3yOv/pT+27H2Dzg2dPpB+tPE708n/J3Q5S/7GS3Vn1r2EsL+6uqNX5lCHFZd/oAwKoHpB+lPk3pTz/5C+jsl/XG1eNSCB+lNxff12r9leuPUdQ376bTe+J1bJ/1qvXE+74zeVPTPa+hN6V6t1d+qeb8F601lvL3+TtleQtiPO9ry35uQ1Em/Wm8oNlNn/J2wz3ca1h+v3lTpT7T2d47Xt5ZQH7+FNffjqKG9vhU8rbbov/k6V/Y8QS41SqGguPrpNZaW1jHiSWKxJBoGv/P//Ee++ku/AHqc7XSWgaERMjmTXC7HzuYGaBrxWJz+ZIr90xM8cXye8fFRYnENChl2djaJxYcwSKFpcQp5DT2ZQDMSmDkLXVOgFey603TsoRydZHadw8unGVH5wOrTshsYKx+j7aza7eC2F5fe9Lr+NHTvCD2Fym6j1u52OxsPLDIAHBZNh1jC/qvrYFmws4Zauwm5bXtVbth9faOgTFR2CzIb9oCzskCPocWTVExXdD0EVvhro2VZXLhwgddefZV0Os3zL7zA5198kf0H9tPX11calLUsC9O0bOnXNDSteg9gewC4PMyoaoixvb+wBZpGrLgC2P0aaF3X6evrY8+eMWZmZjAtk0QywcbGBpZlkUqlOHnyJFPT04yPjzMyMkIymSydm0gk6O/vo7+vD13X2UmnuXfvHpMTExBxAFihiit4wxzr7/up4h+AuBbjmfFHOTw4zd3MGp9u3eHv7pxhfuQAKSPOnuQQa7kt0oUMmqYxYKQYTQyyr2+CH9v7OAvby7y59CF/d+csA7EUGTPHcHyA4yOHeWLsCIOxFH1Gkj4jWR4AtuxXYQtCXdwzkpUd18B3RqiuFUNcxynnEuUZgMUTy/FSAnZYPseTvm+8nFXfroKnQxV2Rm5VcqUyKP948d9GZ6TjOa8UD5pSXMqgt9SeeMQOZtXVys1VOyxdLuyM4PAz0p0Krxn3M4iKAhCU4dp4Lht2RYC3eTTn3ik+0aiIl45vfEZ6oP24R4orQuewOh3soOoNqm7PR4HJu+2BGvYTOCM45IqYGnrjHFezQDX0JgyR9aYiDKs3EfXH57gg+wle0uBQx36i6o03HlVvAvUnpN6E1Z+glntA9CbQfurf8K7cQlWLt0hvnC98s0ENe2mH3gToj28Ywd/xZZf7O4F6E1Z/WuTvVN3OYfWnBSvwnAr3xivCwBtiN+iPj920yN8J1h3nsC7oD9QwxyD9Cak3rowF6k+UAgXpT1hC6o03Xld/iv82+oalIHtp3t8JoT8hqqsUD9Ifn8tW6g0t15uKeMN6U8d+6phlkN6U4jWbrRf7V169cTJcpz4CCPJ3QutP1/wdJxqgN2H1p87vfav9HWPzNtonb2I+/GOooUnf35thzeTJlfe5Gp/hB+k9LCwssbq+xcZmmrHxPeRyORYX7/KXf/lf+cLnTpHeybGTyVGwNNDj9A2OEMMklYgxvXeCJ56c58ihKWIxDZ0CyVSMRF8S3YjZ20zqCe6tptk3t4cL1xaZmppGYaIrQLfsSlA6e1c/ZP/OAjG06nZw6iO7SXzlY7TtJdvaq/QnyN/pVf3xLaawC1DZbdS9xW5n44FGBoDDouloiUG05BDE+yGfRhUyqO1lrLuX0BODaMMz9uBwvV/1CKhCDrV2HbW9VH7tc6IfrW8UdKN4UHHAsegM+Wmis1fu6uoqi4uLDA8NMTIywuTkJKlUqvT6YwDTNMnl8yhLoWnlH0vv9SzTBGUPmFrFvXX90jWLewtrgKbbr6twk81k+PjKx1y/dp18Ps+zJ59lanqagf7+0gDw0NAQY3v2kCyuSnbQNI1YLMbExAQHDh1kYWGBpaUlrly+zMGDB+nr7w+uW6XI53LohkEsFivWnf3HwsJC1RxItVf6WsUBbvtsSynyVgGruE+0QjGVGuXgwF5emHyM91c+YmFnldfvnCVpJDgx+hAr2U3ShSw6Gn2xBCkjzmA8xWMjhzgyNMP7qx/x4fo1DE1nKN7P8xPHeHhohuF4P7qm0WckGIz3sZJZJ2PmyBRyWLTzteTC/YJyOtLYM+/ce//WnLFX6ucoUO41Q5QEyLLKDri3mxScIer0aALOqRWGRnnSU54OV3nGqHO8/XGEGcn1QgVVK0CLS2lKccqdFlfUJ/RWmFbKc2XcFTYyY7OhFXhOzsqWodxR5cp+x9o/IL3Q6auqeKXdl9vZG/dv/8oZyq1bAYpvvLr8WrlMrjOq7KeZFZhh7K+e/VSsSKhulkiEaW+/cxpK0HtCkN64vidE+zesNwH6U89+AstfW29oVG/q6U8de6m9QoH67X+/6009/Qn9exdCf2qWXyuVyXVGqZ1pl9742l+Q3gTrTyiaav+AMELivnrj4+801v5t0p9iOUu/b53WnygroHzilf5OWX863/4B6UXQn6KZVMZr6Y03bKn+4Ll+bf2pX/6Q+hNFb0Lrj3N5j700qzeRyu9XYa7Pmk4/WG9K39Nif8cbhtEbb0Hr6I03Hll/GtKbYH+nyn4q9Ifo7d2y9m82/Qb8Hfzavd164yqUj75UxUs47eyc2wL9adrfKRdnN/o7len564++dhOu/B3m4edRIzPlgrpCQ4O5wm3M9Y+4s21weSWHpmusraySSMQYGOznB2+/w9bmOtmdLXZyBbRYAiufJ5lKMj46yPGjcxw+eIDDe4dIxvLENEUhu00q2U8ilUKLJ1GxFNsZi6WVDfYfG+Di5U/pHxhjbDAOmkLDZHB7iYOrHzOmCp6KqaxQLbNBbOUK2tbdEO3fJv1x1X9X+ltCT6Aym7LytweQAeCw6AakhtH6xtD6RlCFLJg51M4a1o13ITmMkRqCxGB5YLZZlAm5baylj1Abi/YqY7AHoQcnQY/jvF7ZUqrsavoIozMQm8/lyWWzMDRkf6FVH7O1tcX6nyqMLQAAIABJREFU2j0KhQJK+TvBlmVRME0UCsuyN6wPwh4AtgckNV2rmvS1k8lw4cIFLl68yE46zf79Bzh85DCpVApnpbCmaei6jt+ArK7rTM/McOzYY3x85WNWV1c4e/YsTz79NP39/aXVwm4KhQKZTIb1tTUGBgYYGR1F07RiXdqrny1VHAT2qVCF/fpmS9l/VTE0lUXOKlAoro42lUVfLMn+/klenHmKvFXg7eVL/GD5AqOJAfqNJKu5TdJmFl3T6TeSxPUYcT3Gvv5xjgzNMt23h483F1AojgzOcmz0IPsHJkqvnU4ZCYZifSyxxo6ZI21mQq9iFh507Jl4miMExZl5WumhVOXnFXuyalAxY9Dpz7hC/D4vpWyf5/h+9vXLX3rjFWHFFVxxvw5VVQerRg/EM9U4cI+84vHBM9Sd07xx/+KUQs0/xBv3qw78iqVVx32vEJBwnQw57V+KF2eGOukGzxh1suVdIREydBXTXRJ38wY2d+UZlfGKBqq2h6olV97QcwOEXaFQPWPdqW7ne9/Wqg79suspca14oEHWvUIx9GuwGjmusp/QM9QD7MejPxW3f0DoLkmg/vgSUn/q5sBlDw3rjTd0LlPHfsLe7p7zSvG6xeqM3tRfkRekN94VEvX1xmtvQXpT9TyvijbpTQj9qas3YfUnILuh9aeuoDWgNzX0J7Te+Pk7rvPL7e9dIRFRf4L0Jqz++Po7nrARvamzIjy8v7O79afxPcgpxyuy1Tn9KYWBNK8/je/J6VRzd/Un+MKlDNY+oU7DNb4Hucc+CNKfGroToD/ukrSnv9UC/QnSG6/9RNUbbxhRb6oIrTfeeB39CbKXMPpDDXup0p+IeuMpSWS9CdvfCusvR/V3SnbnVHe39UbzjwddoUX+jvf3Lby/04t644nXspuQ/o6+cQs+eQPr0Ems8YfK55cKakePTg5ydK/GqxfW+dYtuLUFRgw0zcIwNM6f+5DJyXEsC+KJFKn+AaYmxzkwO81zzz3Do/OPksyukV25RWEnTdIwwDDQ9SRKj2PpcTY2dnjyM8+htBgWMd5+9zSfO/UMo9YGM/cuMqkydfVHTy8TW/kEPV3ca/WBeL4j9CJqe032/O0RZAA4LJqBlhxGG9yLNjiFSq/aA8DZLcyPX4dYEq1vBH3vPCSCV51GIp9Fbd1FLZ5DbbqWyveNoY0cAGdfWqVQpoWyFBjgp4KappFIJEj1pYgnEmxtbXFvdZW1e2sMDg4Si8UwTZP1tXU+/ugjzp45S3onjWVZWKZZdcVCwR5MVpZCWfbAcdAK4EI+b68WDsAyTTY3NlhZXmZ5eZm33nyTlZVlJicnS3sGx+Nx+gcGGB4eZnBwsGIVMMDsvn2cfO45Fhdvc+aHZzj9/mmeeOJJEvE4+w8cqDp+fX2dmzducPHiRR599FGeevrpUn4tpYqDu1ZxJa8/9rFWabWtUgrTMu0B4OJgvXOtgXiK5yeOkTHzpAtZ3l6+yKuLH7Cc3eDQwBSZQo64HqM/liKhx9DQ0DWdI4MzPDt+lFvpZQzN4MDAJA8P7mNPYriUj6QRZzDWB8BOIcNGvrzHsCDURClUya/Vinv/UnKoteKMQGeFMIGhozoKSxWPV7ZD7TdjsHQ9V89BuXoSyqKYD8ez8808ld8GrEhQxeI4cVyhgmb3xHNKXooXdbC8QkXhOsxbhPr93KioOmG99EPjtKcnHmWFVpgZqHVCPPYXtEKrumxBKxBc31O//ZtaoeAy0Ib3wKsuVkB5A45tdQcqdPpOuzvpN9b+kVaE+tib06EPXHHTrP60WG+q9KekNwH6426IXtSbiOlX603x80b1piH9qa835XvZZT8V5Q3Sn3IFNqQ3tfTHx97qvmGiXqN0uP2bTb9Kb0o/Vw3qT5QVEiU7c+lNBP0JpTcR2791+sPu1J+Qlw/2d4rHdcjfCas/fmXriL8T2v5q603H9KdZaqVfQ2/K/o5zeIv8HXfYpL/jqzfeuHLMyaf926A3VSsuO603XqLaW+j0A/TGG/fqT1v8nXJYZS9R9cZHfxpr/2Z/72rrTyDN6k3Hfu8C9KZKf9rr7/g93/HTH7+CBumNHQ3Qn9DtX1t/9I1FuPJ3kNnCmj1ermDv8xyleHF+mhfn4c1PbvOdhSxvrsHgQD+b5iaZbIHBkVH6+lJMTO3lsWNHOfroEfaOj9GfTGGkpogPjrJ+5wb59WWMuEFW78PQk2RNA8voY3T6AMsZyMeSDKxcYfD0NZ7YP+ZvFx70jVvEVj9Fy26Uq7sZ/SmVu0F/J6L+4I1H8HeE3kJtLKHSG93OhlBEBoDDomn2+/hH9qFPzaPuXUPldsDKo7buYt08DfE+iCXQxg7Zq3QbRVlQyGHdOY/5yd9hLV1B7ayX8qENTaFPzKHFUihAqfIrmBWVK27L2dcwDIODBw/y5JNPcuXKFS5fvsxfv/wyxx47Rl9fH7lcjrW1ddbW1pmZneHq1U/Y2tzk8qXLXLp4EebnmZiYAMAsFMjlcpRWFuf99511Xj1tFgeRzUJ13pLJJEcefpirV6+yuLjIm2++yYcfflga6NV1O++JZJLhoWH2jO9h/4EDPPzwwxw4cABN0xgYGODQQ4f4whe/SCKe4MyZM3znO69x/fo1Dh85wsTEBIlEAsuyWFtbY2V5me3tbYaHy/sJW8X60zUNHR0NHSvwV0UVVwqDoenE7Wlf5KwCOauAhkZcNygou7wxzWA0Mcjx0UOs57a4urXIanaT06sfsZxZ525mjT4jQdJIENPsFeQaGgcGJvnM+CO8cfccI4kBToweZiI1QtIZ/Af6jCSjiUGSRgJTWaQLuZoD14JQwjWbUYOKGejuvX5LbrhWnkvrzPhTGq6Ju1plWHLfK8PSTMLAmYhUxot4uwveCcO+8cBc1Ei+mPe6e3K6e5LeFRCl42v0AENNKfY736mQcofKz6H31ldV3NNcYWaAV4SBK17KoVPjvvE6M1DrhlUZ9nYmgzqX/skFrQAIDP2aq/S9j71QaRdhV0AEtoDH/vx7eDUsoJS+f3XVtR+f5CPZT+CKlwB7cRmqY29VBlzZQpVhRL0JrJA6euM9O5zeeLMTrDfesEJ/atlPy/Umov4E6U1Y/amyt4j646rohvTHT2+i6E+Q3oTVnzDNVzrex368Kzuj6o/vDe+nPw719Cai/oRIvrbeeMNu6Q+14+UKq4yF1J/AXASYe+/pj0M9/amsraCzg9u/jr14w0C9cY5rUH+CW6wy3JX+Tgj9CbCXUPrj21IO9fSnsvzd05sA+6mhN6V4rRZr0t/pDb1x0g3Qn5boTYD9+OmN1xxd9VVlP0F6E1Z//PQmiv60zN8JyrDXfioJ1Jsgc/SGNZvNaf8a9uP03zV3PLz+hPd3AuwnSG881evQev0J0Btv3GU3TgYd+wvSn8r2Dwgj608l3X6+o++soV99E3PnHuaBpyExULP9f/TIDD96RGPx3jpvXDE4f2+KHyzk2X/oIfYd2Eeqr4+ZffsYGZvASCTYzBboHxgkHu9neEpjS4FBnlg8QcHSWFpeY2buKNbCRfbeu8H/PHGDyYfGA/2firqzcuj3rhFfvYay8nbp2qY/EZ/vdEh/hN5A5TOojWXIZ7udFcGFDABHQdPQRmbRZk6g3TyNym1DfgfMHNbyZTCzaP1j6IUcjB20B4GNOHj2vA1EWWDmUblt1MYi5tU3MC+9glq/BYUM6AZachBtZB/a+EMQSwBgxGKM7Rljdt8s8XiCeCIRkH2Nubk5Pvf5zxGLGayvb/Deu++STqcZGBjA2RN3emaaZ0+eZGN9g5WVFTY2N1hYWGBmZrY0AJxIJhkdHeXAgQOMT4wTTyTQAn7Mdd1gbGyMgwcPMDk5SV9fH0qp0vGJZJLDhx/i4MGDXL58mcXFRRZv3yYWi1F6LbNlkS+uJO7v7+exx4/zxS9+iZGREQYHB4nH44yPj/Mjzz+Prtmvij579iyrK6vcuHGDAwcO0N8/gKUslu7eZWdnh6GhIY499hgTE5OgaShlsSc5xKPD+zE0nem+MZJ6HA2/cmnENIPJ1AiPDO8na+aYTI4Q0w0mksMcGZqmoEzGEkMkDPs20zWdAwN7eW7S4vLGTa5sLrBTyLJTyDKSGGAsMcie5BAJ1+Du3tQoj48e5sk9DzOZGuUz448wHO/HcNnUnuQQjwzvY7OQZrZ/gpSRQA9rc8IDjsK7Itc9Q0/zCR0PzFJFB9qZkVfcM7xiRl7VA7262an2RMOcUysMkVwpXnRsnbz7z1D2xL0zkP1mooYNFVSt0Cp1SpzZmJ6CeWekBlRPddwuSbm6qts/1AzhWjNAXTUWOIPc3QJ+A0z17CdCe9clov2VTLwYqcxtgL3Uae9m9wAOspdycVyFcgoQ2AMMYT+O+QW0f80wxAzhKvupOQO46o6mpv3UKHdg+zehN1WXqtCbkPoTpDeN6I6f3gSsSK/IdEW5w+pPkN5QbMaQ+hNlBUI9/Yk4oF1Z7oAwCk3aX1f0x6s3zkPYKv3x0RtvPJL+BOhNT+lPRER/qvUmYEV6RaZrlLem3rRDf+rYWTT98QmDCtiIvfldK4K/400/SG+88Uj6U89umvF3vPFO600Y/fHVm7K9VelPLf+mHp3WGzzeWSi9cb7urL9Tqo4qf6cyDLau7vg7NfXnvvJ3wuqNK+6nNxH9neb7W5Wh8sZLBwfpT7T272x/qw5Ntr9vGCK5UtxPb0q3RYD+FLLoNz9A21rG3P8kavxw+WIBGZseG+YXTg7zC0Aml+fWRg5zuMBidhtN3yS2vUJyYIatTAHTKDA0MAB5xfhgH+byMvrKPUZUnn2YxM5fRHfSGkhW65EP+vYSxvpN9M1FH/2pEzapP0H+TkUDdEt/hI6jtlZRW/e6nQ3BB035LdsUgsnvYN27hnn6TzA/fRO1fMX+XNMhnrJX504eRd//NPrDP4E+vC/cK6GVZb9SeuM21uKHmBf/CuvOBXvvXzMHykJLDqEfeAbjiV/AOPqToBsoBTs7O1z79FM2NjYwDIOH5+YYGhoiFqse389kMmxsbHBncZGbN25w9+5dDCPG6NgYe6f2Mj09zeDgICi4c/cOGxsbKEuxf/9+9uwZo39gAIDlpSUWF++wtbXJ4OAgE5OTjI+PE4/HK9IzTZN0Os3t27dZXlpmYKCf6ZkZpqamSsdsbW3xww9+yPvvvce1a9c4cOAAs/v2MTk5QTwWx7IsttNpbt68wen33+fcuXPkc3l+/LOf5Wd+9md56umnGBoasgeLlWJ7e5t79+6xeHuR1ZUVNjY2KBQKGIZBX18fE5MTjI2NMTo6yuDQEMlkkng8jgJWsuusZDfQNZ3heD8j8QESery0326puZQiZxVYy2+xkUujUIwmBhmM97Ga3SBr5gEYivczGOujP1ZeZZy1ctzNrJMz8yggpukoFIamsyc5RF9xH2Cwf0azZp67mTXiusFgrJ/+WLJiAHirsMNGLk26kCUVi5fSNGQQWKjD3d8Ytt0zreym6UV/zHkTtDvuPs57nlb813GwHcfaez3Nc13nXK//FzQ5tGZ3o6JDYWegfJ16PY8WhJU9CleHypvBoHiThOlQNXC5evEqf94dBmSr0dDBN97S8gelWKe9Q80Qrxc61Ik38gC5lYS5HYJz37w9hKj+sPbTfPm9CTrt702xzXpTcwJFB/Smk/rTQPu3XW8aLn+oFCvDrutPK8vfALtAfxxarz8BetPT+tNiuqQ/zfz+9I7+hNUbb7xO+7fEvhzq2E+n9SZi+i3XG28Ywt4cOqY/VSl0Qm+89ufQYv15APSmpv24vgi83UPTIr3ppP60uf3rEub2CH94a/Smk/pTkaEg/WmD7hRDFUthTR3FmjmOGtjjKrirgiLrTwSNqpNNLZfGWL+FsXETLZ8Jfbl68V7Un47cb0LDqOw2anMVCrluZ+WB4cqvvxXpeBkAjoqyUJl1rBvv2YO0H38XldkAy7QVUI+hDYyjjT2EfvAk+sQjaKP77dXA8X6IJe2VvIBSFlgFyKVRmXXU2k3U6idYdy9h3Xwftb1iD/4CxFJoYweInfgK+pEfR586VsqSaZpkMhlM00TTNFKpVGn1rB+WZZHNZlm7t8b6+jqmWaCvv5/h4WFGRkbswVClyOVyZLNZLMuir6+PeCyObtiDirlcjnwuh2VZ6IZBLBYj4bMK2HlFdC6Xo1AooOs6iUSCRHGV8ubmJteuXeOv/+plCoUC0zPTHD9+nL1TUwwNDWEYBspSZHNZ7q2u8sEHH/DWm2/y1ptvcXR+np/68pf54pe+yMTEBIZhVJQxnU6ztbnF1vYW+Zxdj4lEgpHRUQYHB0mlUtXNS+WsQv/Vv86xVP/iFcuMVnmm9zpW8bbTNM31O6bqpumfD1XOkBb9fOHB5c7XhtC0oulqrldrUVyhr5yV+vY64dKrk4rGVo7b2Ld/5auUnPMrPy8e63Kgq+LOiLGHWtYd5MA6stQNh9ad71AObQ91KCvTD9ulixA23KH3FiAoHq38TrK91KH21m5QvCHaan8h7MV3ACNM+zcbOuUv600j5Q1rjZHav8WldfAtXqf1JlL6bdCbMPoTxX7uQ72JZD9RaaveeOklvfHaG54Gaaz8kfWngfZvu950Un8ipd8hvRF/J5S/0xJ6Qn86qDde+2jxBI2W6E+TpXNoWH86SaT0W6A/bdebOvYTJnshrt4NvWmJeXRUb7x4b7BO6k+Ruv5Oe/QnSvs3UjprYBxr76NYU0chOVg/g+1ufzOLsbmIvnEbfce12jJS+mEVtZf0R+g1VG4HttdQ2XS3s/LAEXUAWF4BHRVNt1fi7v8MbC/DxiLW3Yuo7JY9mGvmUZt3UDvrqK27qIk5tIk59MG90D+GlhoGI4FCA6uAyu+g0vdgY8G+zr3rqM1FVHazOKisF/cenkWffhz9wDPoI/sqsmQYBgPFlblh0HWdvr4++vr6mJmd8S+mppFMJkv743pxD+LWrC5NIxaL+a5GBlhZXubC+Q957913Of74cU6cOMHRo0fpHxioGkyemJigr68PwzA4f+482UyG9fU13/2HdV1ncHDQXs0cAY3ww6eaXUBXpPjfgIH3ivx5jtG8F4lAKcfyuyhEpjwBoWLPX628h4ftr5f3+NC18nmglfw2Z/DX9vvs44L3qHKiHtt1xUsPp2rh8Rub25MzaM+g8v1ZtYerM2BeK3RlqGqPs8BNjpwM1nGAI3Ywqq7mNF+9sHQ5z55TgXvEuEIq7acidDVAzXiQ/dTdk5PaeC7rTc5rf1W5qWi2gD3LSsf72E/AnlSh98gL7Fg5h9XpMAVVb1B1ez6q378L2qPMaa6gPao8YZD91NgTzzmuZoGq9Ce4qvyIrDcVYVi9iag/PscF2U/kPTi9RNUbbzyq3gTqT0i9Cas/QS33gOhNoP2EfqDj4Im3SG9qPl+ihr20Q28C9Mc3rOHv+JW/il3u7zS/B3Dl5Rr1d6pu57D646c3UfSnhr9TEQbeELtBf3zspkX+TrDuOId1QX+ghjkG6U9IvXFlLFB/ohQoSH/CElJvvPG6+lP8N9Bu6vg7QfbSvL8TQn9CVFcpHqQ/Ppet1BtarjcV8Yb1po791DHLIL0pxWs2Wy/2r7x642S4Tn0EEOTvhNafrvk7TjRAb8LqT53f+275O/r2Cvqn38e6+xHW5COoySOo/j0BGfQLnQw25+9ouTTG1l30rTvo6dVS7kunB+mNNyxdNsjf6VX9QegRVHYbld4AGfjdNcgAcCPoBlpqGP2hFyCegg/+BGvpI9TOOijLVstCFrV+C2t7GW59gBlLoiX6i6uAiwOnpgmFHXsFcH4H8mlUIQdWHizLPsZIoI3ux5j7PMajX0SbmLM3or9PuHnzFmfPniWXz7NnfJx9+/eTSCbxG0TVdZ2p6WkePXqU4eFhkqkkiUQCQ9d9jxcEoR6Ve3i49/q1tHIc5d0jpHy+43BWdE6K8ZopO8dXZqdOj8a3CLXD0ChPesrT4SrvEeQcb39cJyRCqEBzpauK6eKOU+60uKI+obfCnHb2xl2hX3v7tn+ze1Q5OSt3eJQ7qlzZ71j7B6QXOn1VFa/szpXb2Rv3b/+APam8YaD9ueu4Ovu+xakor0blTRxgP03uURZ1T7wq+6nYo6q6WSIRpr39zmkoQe8JQXrj+p4Q7d+w3gToTz37CSx/bb2hUb2ppz917KUi7nqgJ3oTUn9C/96F0J+a5ddKZXKdUWpn796Y7doTr7beBOtPKJpq/4AwQuK+euPj7zTW/m3Sn2I5S79vndafUL93AXrjukO9+tP59g9IL4L+FM2kMl5Lb7xhS/UHz/Vr60/98ofUnyh6E1p/nMt77KVZvYlUfr8Kc33WdPrBelP6nhb7O94wjN54C1pHb7zxyPrTkN4E+ztV9lOhP0Rv75a1f7PpN+Dv4Nfu7dYbV6F89KUqXsJpZ+fcFuhP0/5OuTi70d+pTC+k/tTwd7TtZWLby1iL51Gj+7HGH0KN7i8+4/fJcKXh+Mfr6Y2y7AHo9Ar69hJadqv4dZDeuOIP+vMdoaWoQg4yW6jMFhTy3c6OEBEZAG4IzX7V89AU+uyTqO1VSI1gLX6I2loq7dlLIYsqZIEN0HSUHkMzYqDH7B+a4iuglVWwV/t6FS3ehzY8g3Hkx9Afeh598hFIDIJu+GVqV7Kzk2ZtbQ3LNInH4iSTSXQ9eO/aWCxGsjhA7Ow9nAwYMBYEoR72w4bSq8g1DR3K95PfjNGK51XluA4opdB1raJD7Q5Rlf6eJyflCcVa8XtXvCIsn+Epi0+Hygl0p4NVowfimanpXaEbNGO4esaoc5o37l+cUqj5h3jjftWBX7G06rjvFQISrpOh8vC/00nUiu2sFes9aMaoy378slsvdBXTXRJ385YH0ANO8LtCRQNV20PVkitv6DH4sCsUqmesO9XtfO/bWtWhX3Y9Ja4VDzTIulcohn4NViPHVfYTeoZ6gP346Q6BrVVtPx79qb3AIaT+1M2Byx4a1htv6Fymjv2Evd0955XidYvVGb2pvyIvSG+8KyTq643X3oL0pup5XhVt0psQ+lNXb8LqT0B2Q+tPXUFrQG9q6E9ovanSnyC98a6QiKg/QXoTVn98/R1P2Ije1FkRHt7f2d3647R/dP2hHK/IVuf0pxQG0rz++OqNj/5U249Tzd3Vn+ALlzJY+4Q6Dee0f3T98dgHQfpTQ3cC9Mddklr6U11hPldol/4E6Y3XfqLqjTeMqDdVhNYbb7yO/gTZSxj9oYa9VOlPRL3xlCSy3oTtb4X1l6P6OyW7c6q723qj+ceDrtAif8f7+xbe3+lFvfHEa9lNm57v6JlNuHMBY/EC1sA4amQWNTKDNTwNySGfdq4TetAKO+iZdfT0GtrOPfSdNU+5vRXsrkN3tI7u3FfPd4TWo1C5DOR27Fc857PdzpDQBDIA3AyxFNrwLMbc59ESA2CkUHc+RKVX7RW9zkAw2KGZQ5nlDbF9tcp55XNiEG14Bm36MfS5z6PvnYfUSEeK1Ul03SAWMygUCmSzWbLZLAMDAxX7+Toopdja2mJleQWA8fFxDuzfT6qvr+agsSAIQRRnCLoc6PLMPNvhtZTtGFtFR7j2TFNKs6idGYKWZZ9vO4eVx7s7cKqiJ1F0Bl0z4Ms5Lrunld8GrEhQxXP8ZowriLwCwRM6Sl6KF5/6l1eoKFyHeau/Zn+lIYdW1QnrpR8apx098SgrtMLMQK0Tlq0BV7plOyx1iqrKFjQD2PU99du/qRUKLgN17K1sT64yRaFWe/sd2+oOVOj0q/WmkfaPtCLUx97ceoNLb8p1H9ArD6s/LdabKv0p6U2A/rgbohf1JmL61XpT/LxRvWlIf+rrTfledtlPRXlDrkCIqje19MfH3sr6485zBP3pcPs3m36V3pR+rhrUnygrJEp25tKbCPoTSm8itn/r9IfdqT8hLx/s7xSP65C/E1Z//MrWEX8ntP3V1puO6U+z1Eq/ht6U/R3n8Bb5O+6wSX/HV2+8ceWYk0/7t0FvqlZcdlpvvES1t9DpB+iNN+7Vn7b4O+Wwyl6i6o2P/jTW/s3+3tXWn0Ca1ZuO/d4F6E2V/rTX36n1fMetP34FDdIbOxqgP6Hbv7X+jlP/2vYy2vYyLJzBMBJYfaOogXHoH0OlhiE1iHLeBGokyoaoLDQzB2YOLZ9BK+yg5dJouS207Jb9nbup225/tfWm4ec7EfUHbzyCvyNERZVsUZmmva1pIW9vbZrPyoDvfYYMADeLkbD35330i2gzj2PdfB9r4QP7lRD3bkAhE+Fimj2oPDSFcfgU+qEfQZ9+3N47ON7XtiJ0k8m9kxx66CHOnT3HrVu3uHH9BkODQ8Tj8YrjlFLk83nOnjnDd7/7XVJ9fTzy6KMcnZ8nFbBPsSAItVFoxb1/KXUKnP/67QkMWtEjLx4XOHXP9blznl8YOBORyngA3gnDvvHg1OtMhHRmhFIqu/NwvhR39yS9KyAozxwN9MBDTSn2O7+Iq0Pl59B7u1dVcW/zeZuxXhi44qUcOjXuG68zA7Vu6Gd3FdSxnwBz9J4dGPo1V+l7H3uh0i7CzkAObAGP/ZU71AH24o2X0vevrrr245N8JPsJXPESYC8uQ3Xsrb16E1AhdfTGe3Y4vfFmJ1hvvGGF/tSyn5brTUT9CdKbsPpTZW8R9cdV0Q3pT+DvnCteQW1Biaw/YZqvdLyP/XhXdkbVH98b3k9/HOrpTUT9CZF8bb3xht3SH2rHyxVWGQupP4G5CDD33tMfh3r6U1lbQWcHt38de/GGgXrjHNeg/gS3WGW4K/2dEPoTYC+h9Me3pRzq6U9l+bunNwH2U0NvSvFaLdakv9MbeuOkG6A/LdGbAPvx0xuvObrqq8p+gvQmrP746U0U/WmZvxOUYa/9VBKoN0Hm6A1rNpvT/jXsx+m/a+54eP0J7+8E2E+Q3niq16FF8bhdAAAgAElEQVT1+hOgN964y26cDDr2F6Q/le0fEEbWn0p65flOWH+nKjRzGFtLsHW39nEh9Ef5HFZXfyKmWq0/0e2v1HaeeEOEyaggCA2hKaXkFmoFSkEhg9pYwFq7hVq7gbp3DbV5G7W1DLktVC4N+Z3i6541MAz7Nc+JQUgNow3utf8Oz6BPPoI29hDa0F7Q7t/VrcvLy1y+dIlX/uZvyOXyTO6dZG5ujr179zI0PIxhGORzOba2trm7dJeFW7dYX19namqaz3zmMzx+4nHk9c+C0BiLXxtCc3eIUPb9pBSa7nJ8qXR4Nc3VZdAcd9nGfT96X7nkPs4+1vO518EPyHejd7xXKoI6XF4Hu2lHOmzo1790lbm1P9Y+LnvoDm6zoUNwh6dUIQ23dgNE7GDUKU1bOlhh+0OhOmRNdbCCUogQNvuAJXK8leVvHl+96aT+1Khur/40T5DeOBnqgv5EHNBuOU3aXy/oj0MovWmq/GFT7Kb+RET0p1pvWqY/Ieyl5/THJ2wnTabXFv0Jc55PdlumP6Gv2AI7aNjevAVokE7rDZ7cd0Fvwvo7zVdHL+mN1968FdKSAtcnyg1d4/R68Uh600n9iVT+DulNS/tbdWiy/aMSSm+abP926U/zBOlPI+3fbFik2/ojCPcxV379rUjHywBwuzDzqK0l1OrHWCuf2P/fXoGde2DmbdGLJdH6xmBgwh70nXgEbXQfWv94cZ/fCD+su5jt7W3Onj3Lu++8w+XLlxkeHmZq7xQTkxPEY3EymR3W1tdZvL3I8Mgwc3NznPqxH2N8fJxYTBaxC0KjLH5tuLQCWCuGOrYfphf9sorvKR/nxN3HKUXFHsCoyuNLx7mu4+B87iZobkegMlb4nV6PunrGb/s62F6H2pvBoHiTtLhDFbnD3YEOlYNvvKXlD9EBb1uHyqFOvBcfIHurJzj3belQd2+GsjfBav3piN7UnEDRAb3ppP400P5t15uGyx8qxcqw6/rTyvI3wC7QH4fW60+A3vS0/rSYLulPM78/vaM/YfXGG6/T/i2xL4c69tNpvYmYfsv1xhuGsDeHjulPVQqd0Buv/Tm0WH8eAL2paT+uLwJv99C0SG86qT9tbv+6hLk9wh/eGr3ppP5UZChIf9qgO3Xtz1VBu0h/6uW2l/WnI/ebIOwiZAC4V1AKrAIqn4F8GpXbhuwm5NKgnBXAMUgM2PsHJwbREv32ngBGjJb+aPQ4pmmSTqdZuHWLa9evc+PGDTbW18lmMmiahhGL0d/fz759+zh48CCz+/YxNjZGPB5HVv8KQuMs/uuh0iCrplWvAEbZK33dK4QJiJdeEu2aYln1qlvKxwE4K4sdh06rcqjxHQQOuuvrut9a5x1ad55DObQ91KGsTD9sl64VHSpXGKWDHrXDFZCdXupQe2s3KN4QbbW/EPbiO4ARpv2bDZ3yV+tNFCJ3oL1hpzvQQQXoVoe603oTRn+i2M99qDeR7CcqbdUbL72kN157w9MgjZU/sv400P5t15tO6k+k9DukN+LvhPJ3WkJP6E8H9cZrHy2eoNES/WmydA4N608niZR+C/Sn7XpTx37CZC/E1buhNy0xj47qjRfvDdZJ/SlS199pj/5Eaf+26k9X279OulXph1XUXtIfQRAcZAC411AKlGVvpm3mUVYBlIWGhtJ10GNoeswe9NV0HlRxU0qRTqfZWN9geWWZrc1Nsll7w3HDMEj19TExMcHY2BiDg4MYhiGDv4LQJM4KYIW9khetrEAVK3ud7yl+7xynyv93HiRpxRM1l//ovlW9d22t77zfVx0X0cGuLRkNOMBtm5HsLWBAPGL5u9HBbqoDRR16qoPlLbDT/g7NdjWj2J9zWGs7TFX204EOdj37cz7oyANkL03ZW9Q7IGT7t6RmvQUMoEG9qXV60/oT8Tre2q2J6E39Gz6K/YQsbileTKZmdlpf6tp6E6A/baGl9tcivemk/kQsf8v1J0TxW6o3XnaF/rTxDozs73RAf9pX2mp76bTeeGmpvYXQmzDt3069CaM/NWhaf9qoN6Gar6f0xht6b4Be1Jsm9cdPbzqpP35600n9aan9hb0jwrR/s/rjLWBAPGL5m9Ybb/ig648g7CJkAFgQBEEIxeLXhoDyyl/3Xr+lFcBFT69yRbB9vnePX8fZrN4XuJymtztU8Z2Pg6fpVDl8jXap6s4ZCfD/vR2ugMNb0uEK6l9EH+DqpQ5PyA5Qtx3+FqcfuUPWQAerpR2wigt4DC6M/TQbNj1DuEm63MHsBb1p3QqJ3aA3Tjo1Tm8nvag3ndSfmhcI0p82602kAe0m9afF7R85eT+98dGfluuOE963+lOq4drxXa4/kfXGG3ZRf+pnsJv646qgVupNpPLTHf2JmL1W649D9OLXs7iQ7d+SknlrMCDeab3x0mT6DetPT+iNN8EgvfHG26E3XvsLqtEm6bLeBFVHx/Snxu3evuc7rnjX+1shThcEoSFkAFgQBEEIxeLXhtGwfS/nuYOueeKUP3fiaGW3TnPHHYcareRYlwaHi/6ldzzXO3iM67ru771ogQ6u60RPXGvasQ3bwXI+9sb9y9IyOuxgV7n7fh2qFnewa3a4/TpUgeUP24FqsoPdyg5UPbrdoYqYflBpW9nBjmQ/NeLVhNSfjuiNN3RVSBT7iUqP6E07H+jVs7cgvam/QqJNetOQ/gTWsCfuocPt32z6HdGbTuqPr7/Tit+fqPbnrRBXfBfrT927o4f1p375u6k/oWvYE/fQ4/oTNKAQJfut1h+HhvTGe0bX9MepwA7rjZc221tD+hOQrVaFDl79aVxvvPEm9SeK/dxneuNNP2xpd7feeOLtvAPk+c4uer4jCA8WMgAsCIIghGLxXw+BZvtO5ZW+FFfiFlcGFz0rZ2/f2nsC25QGgT3f47qe40E6K4vRNJ89gJ10q4nSnSt9rjXfoWldB6fOhbvVoQhNNzvwrenQd3wGsDf069AE1G5b6GoHqpsdeG+Ip0Ec6thPnaP92rvVAwau2qyvP72oN53Un44PmHriAdnpmP7UKG5H9Ken7K+b+oOnQVzxGvYTWW+8oehPG/TGG4+oPw3Zk7dAQfFKesHfqSp+yNptCT2pNw7t1BtvSLlBdpnehNWfcBn0ntBimko/qsJGaf926Y+n+H5646M/ndSbsPrTErpqfwF6U6U/bWyByPpTSS/qj6t26zffA6E/jbR/Z/RHEB4kZABYEARBCIWzAhhcK3yLH2jFf7zfa9i+mwalD0rHluJaOV483sHrrtX6zvt9xeeu9MM6uEHXCk6hjgPccsc2ogNcZwZq0x2oemGIDlXY2myITneoIqXfQIepFR3sSB2mJjvgLehQR+pwu77oygzgjnboI+pNt1bcNKA/LdWbTupPR9u/2fTboD+h7c+b4bBx/+KW4g20v+hPo3RTf7wFdqId1htv2IC91ajN1uhPJ2lIb7zxFutPFPvZBXrjtbcgvakaP24HPaE3Tnrt1JsA+/HTG685unLccv1pgf0F1W4oOtr+UdP33gBt0J+Gf++8BahdvMB4F/SnorZq6E/327/Z9EPYS8/1tyrDXtSfoNpsiG7rjyDsImQAWBAEQQjF0tISAJqmUdq31/P/qJ/5hUGfBR0T9H2Yz2vRyDmCIAiCIAiCIAiCIAiCIAiC0G0+OHc10vF6m/IhCIIg9DjNzv9p5HyZcyQIgiAIgiAIgiAIgiAIgiAI7UUGgAVBEIS2DMxGvaYMDguCIAiCIAiCIAiCIAiCIAhC88gAsCAIglCBDMQKgiAIgiAIgiAIgiAIgiAIwu5FBoAFQRCEusigsCAIgiAIgiAIgiAIgiAIgiDsDmQAWBAE4QGnVYO7MkgsCIIgCIIgCIIgCIIgCIIgCN1HBoAFQRCE0LR6kFcGjQVBEARBEARBEARBEARBEAShtcgAsCAIglDCPSAbdnDWe1wnBnVl4FgQBEEQBEEQBEEQBEEQBEEQ/JEBYEEQBEEQBEEQBEEQBEEQBEEQBEEQhPsEGQAWBEEQehZZ6SsIgiAIgiAIgiAIgiAIgiAI0ZABYEEQBKEmMggrCIIgCIIgCIIgCIIgCIIgCLsHGQAWBEF4gJHBXUEQBEEQBEEQBEEQBEEQBEG4v4h1OwOCIAiCcD+hlMJSCmXZIShknF1wo2kAGrqmoenF0P7w/sAywcyBmQerYMeV1e1cCY2i6aAboMfAiIORsOP3AaLXDwb3s+aKDVdzP7e3IAiCIAiCIAhCFGQAWBAEQQDsh4hhH5A5x4Y9J8q1dyumZWGZVvEBrCAEY5uIwlQKiuOiuqahGzqGvotfzpJPQz5jD/wK9w/KAtOy2zW/Y39mxCGegnh/d/PWIKLXDxb3o+aKDQdzP7a3IAiCIAiCIAhCI8gAsCAIgtBR7rfBYNO0MC3zgV9xIzSHpRRWwcTUTAzdwDB20UPqXBpy27LK90HCzNt/s9uQGIDE7hgIFr0WHHar5ooNN8ZubW9BEARBEARBEIRmkAFgQRCEB5T7bSC201hKUSiYso+y0FKUgoJpYloWsZiB3sv3qJmH7Kas+H2QUZZtA4UMJIfslcE9iOi1EMRu0Vyx4dawW9pbEARBEARBEAShFcjUV0EQBEGIiGla5PMFeRArtA2lFPl8AdPs0VW1uTSkV2XwV7Ax87Y95NLdzkkVotdCGHpZc8WGW08vt7cgCIIgCIIgCEKrkAFgQRAEoYpuPWTcDQ83C6ZJwTS7nQ3hAaEn7S27Za/6FAQv2U3bPnqEnrx/hJ6m12ym1/JzvyH1KwiCIAiCIAjC/YwMAAuCIAhCSAqmKatFhI5jmlbvPKDObtn7/QpCELntnhgEFr0WGqVXNFdsuDP0SnsLgiAIgiAIgiC0GhkAFgRBEHbFyttuY5qWPIgVukZP2F8uLYO/Qjhy2119HXRP3C/CrqbbNtTt9B80pL4FQRAEQRAEQbgfkQFgQRAEIRQP8iCxpZSsDhG6TsE0sbp1H5p5ee2zEI3sZlf2iBa9FlpFtzRXbLg7dPU3VhAEQRAEQRAEoQ3IALAgCILQNu6XQeNCQR7ECr1B12xRBn+FRuiC3YheC62kG/YkNtw9pO4FQRAEQRAEQbifkAFgQRAEQaiBaVr3zUC2sPtRSnX+NZW5dFdWcgr3AWa+o6+CFr0WWk2nNVdsuLt05TdWEARBEARBEAShTcgAsCAIgiDUwLRkNYjQW3TcJmXfX6EZOmg/otdCO+ikXYkNdx9pA0EQBEEQBEEQ7hdkAFgQBEEQAjAtC1mII/QaStm22RHyaVCyGkpoAmXZdtRmRK+FdtEpzRUb7g06+hsrCIIgCIIgCILQRmQAWBAEQRACsOQ1gEKP0jHbzGc6k45wf9MBOxK9FtpJJ+xLbLh3kLYQBEEQBEEQBOF+QAaABUEQBMEHpRSWLMURehRLqfbvE2mZsvev0BrMvG1PbUL0Wmg37dZcseHeoiO/sYIgCIIgCIIgCG1GBoAFQRAEwQd5ECv0Om23UTPX3usLDxZttCfRa6ETtNPOxIZ7D2kTQRAEQRAEQRB2OzIALAiCIAg+KEse/Am9TdttVFb/Cq2kjfYkei10gnbamdhw7yFtIgiCIAiCIAjCbkcGgAVBEATBB1n5IfQ6bbdRq9De6wsPFm20J9FroRPICuAHC2kTQRAEQRAEQRB2OzIALAiCIFTg3vPswd7/7EEuu7A76MAewILQKtpqT6LXQidop52JDfce0iaCIAiCIAiCIOxuYt3OgCAIgiD0Im0Z+y4scfH9C5z5ZJ21XHEwJJZi4sB+nn/6GLODRhsSLZO+eZpX37vJwroJg/v5yok033hr1f7/V55loq2pt4FCms1MHox+hvri3c5Nx2n7/Axlte5a3zwJF2t8/+Mvw4+Oty69elz+Pfjz34Z/8A482rlkW8Y3T8LFz8Ov/CYEVVshB9ksxIYg2dHc+dNKe/Jeuq33wgKv/9nbXNzp5+mXfpKTI1HOvcS3fv8CC2E0duVdvv5fbrI5c4z/6UtHa18v8CIpjv/MlznVwVuJj17nd95aZfaFv8/PPtLBdLtAO+2stdeuYSeaQf/YBE//2HMcH22vz7HbeaDnQAqCIAiCIAiCcF8gA8CCIAiC0AmWzvCNb3/Ccg7694wwv2+a8dg2d24uc/XTK3zr05sc/6kvc2pvm9JfOc03X7vGZryfg/OzHBgZJTkNp56bhMQehtuUbGtY5+Jb5/h0Z4gnXnyCWefjq+/y9bdWoeaAidA7nITP/VMY8vlq0u9DoSk++UN7kHv+9+ClE+HPO/2HcGsIPv8SDLQve7uGq1f5aAcgzaUPFzj5wmy9M9pPcoSnn5ymv+qLOBNyKwkOVXaSZ+XGIp8s3uGNv3yFzb/3ZZ7v5GSBBlg48wZnluM89NxzzA92OzeCIAiCIAiCIAi7CxkAFgRBECKhlELTtG5nY3ehPuGVb3/Ccj7F/Iuf5bP7y49jj58ACgu88/oCU5Pty8LCpQU2lcHhH/kCXzpcXvVzfL59abaOHCu3l7i+ZfIQlAeAp4/YA9hD013MmxCeQZg7GbxiVWgtM5+HnzsBow9FO+/6v7NXF78gA8CwzjtnlzC1FEMDGTavXuXK87PMdfsnMD7E4flju++tDUJn8bOT+Sd49tJrfP0H61y8dJPnf3R/t3IXio07S1y/nWLoSUAGgAVBEARBEARBeMDRNC30lo2apskewIIgCILQbjZ/eIWrOeh/+PGKwd8SsVlOvvgsB9s4qLCxnQfi9A/fR698HNrP8fljHN8X6Z2sLeBT/vz//F3+6FI6wjlpzn/jd/nf/sunbcuVIFQwdBgeOwmzsiS0YRYvcWkNjAOP8tL8CBSWOH8h0+1cCUJT9E8M0Q/ktre7nRVBEARBEARBEAQhAslE+C3wkom4rAAWBEEQhPaS4ertNJDi8CPhV9pU7NcLGH1DHH7iaV48uqd8kLP34o98gePr7/LGpXXSCugbYv7ZF/js4f7SMU5ezv+Xv+C8N7GKVyibbF4/zas/uM2dHRO0OBNzR/nSngW+/oNVhuZP8UvPTRK8t2X15xdf+Qtev72HU1+ZZeU7l/joXp7+o6f4pef2sLl4gXfevcnVexlMBRhxph55nC89d4h+YPntl/nGRWfAZZXXf/8veB3s/Sb32HtmUsqTnf+1S2/z6plllneKdTeyhyeeeZaTrsH3cp4Osfa9c5y/mwegf88sz3/hOeb6arXOQ3z55/byb/7wj/mjr/4j/vFRn0H9ytbk/Df+mN+9uJd/8q8irsZ80HD25v25V+HT34TzL4M1C0d+FX7+y7D0Mnzr92D9KsROwed+DZ5x1oSvwO9+Gfg38Iv74C/+b1g8C7ETcOxX4SdP1n/3zYd/Bq//mX19ZmH6JfjCV2F/AqwF+J2XYPOX4V/8KiTcJy7Af3gJMv8C/pevgg7cfA2+/Qd2HpiF/b8Mf9+zqtbahL/9bTj/KuRWIPFl+NyvwtMteM3wysvwu79Rub+ytQkv/zu49L1ieifh6D+GL5yCa8W6B+A1+N2T9n87vT9zz2By5eId0sSZP3qE/uk8s++ts3DxHMuP+eznu3ONd753gTOLtpYZI5M8/xMBa3TXLvHq965wZTVv78k6OcNnH29x9ku/D5/l8K23+f4tO1/9e/fz2Z94lomVd3nlrbLOT514lpeemiqevMQb33iD8+znpReHOP3dy1xfN0EzGN03x4ufPcZEzXupjg6rm7z+n97lYmaE5//bz/OE5156/c/e5mJ+khd/6RRzWvXvYf+eWZ7/3DPMDbomNKlVzn/vNKevb5I2ASPF7BNP8NMnZrmPpj21hpxFFjA8Dw7q1vOK85v7Aj89coW/eW+JtQIQ6+fgZ57mS/OTFXUd1Y+ZX32b73+ySbpvP185keYbPr5LyQdRq5x/7V3euZ0mZwKGwejMYX7ihceZqvn7LQiCIAiCIAiCsHsZGugnk82FPlZWAAuCIAhCW1lmbQOgn/GQr3hOf/Q6f/rqNRYySQ7Oz3HqxCxj2iZXfvA6X39vqer4tTOv88pNg8NPHeXk/Aj9mU0ufu97vLNO8TXJR5kbBYgze+Iop54r/j0xUjmGBaQ/eoP/7zs3uZOJMzs/x6nHJzFun+ObZzabqgXY5PRfnePihsHY9CQTfXnIXebVV65wdSfOvqNznHruCHODFncunuabxXIOH57j1HOHmE0C9DNXzPsTvm99Nrnz9iv86Q/usGwMMn/iKCfnJxnaWeX0q9/m5U+8K/c2Of1Xp7luTHHyuTmOT8dJry7w6itnWKtTmr7jP89v/Hd7+OD3/7jOSmB78Pe3P9zDP/lXP89TqbD1dZ+yven/1/Ic97e/DitPwM/8W3hoH3zyG/CffhP+5D/bg8Ev/hrE34C//Rp4F1VbZ+APfhvG/xv4ud+EvSk4+8/hD16rnbc3fwP+8jftgeUXfwt+/Bdh/bfhj/4ZXMmBPgvPvATW78EPPffDJ6/COnDqJXvw98rvwR/9Gmwesa/14lfh3m/Df/w9KPnpK/D//iKcfgOO/Ev4uX8LR7LwN78M319ptIZrkIM//0U4+045vUceggv/El67VHxl9G8V37F+Ej73W3b8kQd0BXHuMudvmNA3ydwMoM0xf8CArducvmpWHqvu8MbLpzl9O0NyzyxPPzfH/NA27/z1ZZa91925xLdevsCVVYvR/fs5efIQB9Uyr3zvNqHfKWBZbG6tV/9NV69OXj79Fu9sjfDEyTnmx+Ok797klVe+zTdfu0N2+hCnTkwxGs9z58zbvHLNUy5rle/+9RU2hmY4+dwR5kZ01m5e4ht/ebq6XCVC6LC2nyfm+kGtc/H8euXpxT2XR489zpwGuU/Kv4dzJ45y6sQUie0FXv3WG1wp3UtLfP8vXueNq5sYe/fber4XFk6/zZ/6/GY+MPjYyfKtc7z8xgI54jzy6KHSoeHq2cZc/CF/8cE2w3Nztv0Yaa6//UZFXTfix7x6JQ0jIxzck8IM8F1OHh4CMpz569d542aapNPeM/3kbl3hW29/0p66FARBEARBEARB6AH2jA6RSnqf5laTSibYMzokK4AFQRAEob1ss5GNcvwC736wSk4b4vmf/wJPFFeyHH+quGLqw3OcOVG5YiptTPHSP3iWKQ3gGAd4mW9cTLNwMwPH93N8Howbl7iyZjB28BjHncV8K9ucObteHo8qpd3P0z//k5wccdK+wxt//lb1yuFI5CmMHuOrXzpKeb3sFC/+/f0MDZUHmI4fHcT8+hmuXr/J2jOTjE7OcXxyibUPr7GQTTE7f4zStsXeMbLcZb5/KQN9s/zsP3iO2eIrtZ8+cY5v/qcrXH/vDAtHnivvIUwe4+AL/NKPFFe9zU/BN97g/NoS13MwWsef6jv+Ff6Pf/QN/vff/2P47/1WApcHf3/lf/2KDP7yGnzdbxD28/Arv1m5N/DMP4VfLK5AnZ+Af/9VuPkq/L3/DCeKDTOyaa9Y/WQBHnKtmL3nOe6xU/DNfwYX/y84fwqO+zRs7h1442UY+Rr8cnEQl5PwzFH49/8c/vavYO4lePKn4DvfhB++ASe/7JwMp/8Q9F+GJ4eABXtVb/KX4X/8VUgWrzU/Ab/1a3D2F+GZITj/p3B3BX70m/Djs+W8xr8K3/8reP6rjVVzIJfgygoc/Lfw0qlyel/+H2BnHIaAxw7DR8CC7Ne8dv4GdxSMzh0taobB3PwU37++wNVLl8kdPlaaQLN57hznN6F/7lm+6uypOv84T5//Nn/4XuVkgevvXmYhB1PPfIGXjhc1Y/44c2++zLeueAZgg0gv8Mo3Fqo/r3ojA+RGDvHVn37c1t2j/WS/foara5v0P/OTpfSPD9qrMG/dug2HXG+qSKdJuo5jfo7ZV77N67ev8caHx3jpMR9RC6vDxw8wde4Sd65+xPLTTp4znLm0hKmNMH98BFjg+++tkouNcOrnP89x5/fwyGn+9JvXeP/DdeaeGiH34TnObMLQUbeeH2PqO/+VVy9d5uozkxwOV7P3F0F2khzi+IsvcGrGWa8brp5Ll103eP4fuvyT+Ut865sXWCj5Jw34MeYQn/2Hn2XetXp3Ksh34RLX7wLjc7z0paJtzz/OqcISyzshZ9oJgiAIgiAIgiDsUmb3jrNwdyVwJXAqmWB2r92BkhXAgiAIgtBWBhhORjh8ZYFbO8DU/tJDUwC0/Rw9mAK1zsLNylOGDh0qDv7aTIzZD+vT2xFX7ZbSPlQa/LXTnuL4oWZHL1M88pR78BfAqBj8JbfJ5vb/z96dh0d13oce/86iFYRAIAnEDjLCFtgIGy9g4xjHW7wm8Zq6aewkzc3S6944aXpvk/S2aXvTW7tPk5ulTVKndRw7sd3YeDeO7RgbMGCDzWIkI8BsAgQIhEBCy2juHyMJrUgCjUYS38/zCJ058573fc+Zw5nR+c3vfUOkJAPRCA29bWL7fvZFIX3S5JagAwBpZ5OfC9RUsKNNam8qUwtyWz3OZnQGQD1VPTx0sSBwZ5nABn87apVV2ubn87HgY2sTp51YDo6B4QA3tw3ejm4Kmla1/yZAu3Ikw7ybgYOwbVvnXftofSwLuXBe20/HKfMgH6h8Bw4RGzL5/AWx4ZXLm8pULYsFVgsXxYaFPlQSywaeeC40tMpyDk6BUcCuppTlbYuBK2ByRtts6PELoHZdxy84nLYpMGE07HoC3t8GzV9MCY/uePzPdNGtrN5UDS2ByCZjCyjIBMp38n6rxNXde6vobJj/9HMm0HYw7/3s3B8BMsk/p/XVMETeWbl0N5h8i5RMii5sNZpD88+ciYxoVzQjp1W9gQzSU+nYflY6GXQ2J2z7fqYzc1YuycC+ve3eiJr19DqcPIN505Pg6D4+2NtUpnITxeUQmjg5Fhw8vC/2npSVzaRIq0zWUBZj0+Hw/tiGO/ZWAqmMH5faKtv1KLmjh0NDFWXxSKgfDNqcJ8V7H88AACAASURBVNOYNBwIpDNzwSUsaDUlQk+Pc4v2n0/SCpg7KenE55NT+ByTPrWgTfD35MaSOxKo2M7S9bs4UBObwoFwNmO8lkmSJEka4pKSwkwen0t21khSU5IJBAIEAgFSU5LJzhrJ5PG5JCXFcn/NAJYkKa7GMHIEsL+ag/uB7pJT6huJAAQ6PhVqWtfQLkksY0QfZbycpO2RI9KBjsOL9lwnQ2BHq9i2+h2WlVZS3T7aO7z3LUTqm+YZDLT/fluo5dhF2hy7dEaO7H077XXMBMbgb6d6kVWa1VmhlJ59dTEzr2O5lKZvYUS6mCelviniH+rk2xpBgNoTw1TPuxlW/wW8UwKfKIB3FwML4IKmebRrj8R+l/45/KiTtoK7gQKoOUjXWdHEAsB9moGbAbf+FJ75Abx0O7wEJC+Awj+CRT2YH/kMUrdpO9sagOzRTKqrpKrVaZObkwqV1ZR8UMa8S/KA+tgcpNDxvOtwLa1vugaduCa1CNLzuWqTMpg68+yO8xB3ovP3h07a70zaMEa1L5ccJAWoi3Serdzz63CIvMI8RpZuZ3PxVhaOnUbZB2UcJomZM5u+AHK8PvaeVF7KY78r7dhYsIoD1FNdB3Cc4j+8TnEnfTpUwZmZzd7uPCmclsJzT26ieOk75Ny6kJnN35Pp0XGmpZ70jI5R1uRwCKiPfT45hc8xI7NyOxbuUibzriqi7o0NbFz7DjvWAqEkxkyaxsJLupufWpIkSZKGhqyRGWSNPPm3YP3zSJKkuEpl6oQM3t5fxbbNu1iQPeHkxZOCsSBAtONTkaZ14R5HCXrpJG0fPtLD2Sk72bYrVRtW8UpxFQzPovCsbEYmARxn2/vb6WTQym6FkmIHJhJtP6FspOXYheJ07NIKP8V3bv8d33v4UQ5Ohw/LsvjcfQZ/E6KyLBasbR1/qm1Kdw11Ma53UtMH5kgn47U3Qpvgc8YCyB8NG1+DK4H3lkH+TyCnua6mIHLeX8D5UzrWlzoNSI5lCzMPPnZP5xm447rYv9ORMhVu+xdorIPK3fD+E7DyK1D1E/j0vDg0OBhV8v7mpvTe/Vt5/HedzylaXVrCuvPzODc5ieTm60r7S0+H62FS0zWo6ZrUOkDWCD0cALr/1BzjUJS2mbx1jbHk8S4upr26Dmeezcyc7by9czvramDftnrIKeDi5jnem9+TRuayYEYn39ZJzmIESRwIQWye2GlM7SSLNKPTOePPQMkFXJy/jd8VV/DOu2XMvKQpP71Hx/mE6k6GyKhriuiGQ/TP55i0ySy4djILosepPnSAbSUlrN5cwu+OweeuPTE8uyRJkiSdyQwAS5IUZxmzCphZ/A7Fpe/zyrgsrprabqDPhv2sXbGL3MuKyBudx/i0XRTv28W6moITwydGd1Gy4zgEMsnrJoZ8ylra3s7qyoITw0BH97Fxe/vs35GMSoeyY9UciMKYpgBB9Ydl7Othc7VNwzbmzV7IgrOaVtZsoHQ1kNS2bCxrqJ6aGqCrYSInZ5P7dgX7dmyn7MLcE0GLmk2U7gPSspjUBxm/XRlx3qf4Ds/w/Rfhc/fdxAUORZkgi2Hj50/MAQywbjEwGqZ2MRPolNmxAO/G1bDg5hPB3trVUApkXhAbvhmAZCi6G0p/AI+WQW0BFLUKno4+FzKBQ7Uws92Q0q1jYvn3QvFiCM+Ec9qdLA3E4VN6XaxPozIgmAyjpsLHPg+lT8D+Vl+5CI0GjkJNX7c/SOwtoaQSGJ7NvHOyOg0kVX1UyrrySoo3VnJuUSbTxmeydE8lmz/YyoLLTwxfXv3BrnZfZslm6rgkNm6uZOP7lRS2zKsaoWzzPnr4NZt+VEnpB9UUNs8BTIRtH+6jDsgd28UbUa+uw6mcW5DN6vL9bHzpQ6oaQkwtmHHimDe/J1U3kl5wNlNbB6Kj9URIIgQtx786kEfhzNbzF0CkoZ6Qf/G2GDNnKnmlmyhr+QIDPT7OLTp8PtnKxh31Jz6fJPfd55hw0xcmamsinMiRP87hinpGZmVAIJX0rAkUXpLC4T3L2FgVy1bO67JGSZIkSTpz+OewJEnxFpjAwqsOc+ilUra9uYRHNmYyafxYRqfVc3DnfnbsraI6mkRhQRF5OXlcMCeLrSsqePuZJZRNzWNiUjWl28rYVwMZhbNiN2zj4kTba595iX0FE5ja1HZVJAmob1U2l6njk9i4uYK3X1hFzfQMOLKXjSWVPc5iG5ObQXLxccrWLOG1oxMZVV/B5u2Hqe6QGZTNzKnprFtXxeoXl9FwThajRk8lv/0Io8kzuLhgO4uLy3juqdeZOXUsGfUVbN62n8PREJPOPzfuN4VHnHcT/3BenBsZtI5C6Wo6/YZA9nmQ3UcndsY8eOPPYftNMC0F3n0CytZDzvfg7C7aSJ4HC66FN/8OHvoIzpsP9SWw5hFonA0fv65t+WmLIPMHUP4SZH4bprV+Mg8WfRme+gH85COYewWMBHa9E8saXvgInJ8BZ98MqxbD7++GrfdCYR4cK4MPX4eDF8DX7u5myOsy+MMj0Nkc4xfc3eFLFFQtg5/9I2RfBzMviPVp8+LYUNMzW+3ArLth4w/g6R/AZfMheybknSnfZohQWryPakJMLbqYoqldpClOjrDvyVL2lZZQVnQheWefQ2HJCjZuX8d/PLOPwhkZ1JWVsXl/LclA64HH8+bkk7d9E2XrXuex/ROYOTGZqm1lbK5sJEQPs4Drq9hWvKmT/0pJjJmWT25fvUekpFK94XUe35fLWXnJHPpwJ6WHI5AxgYvP7mJ4g95eh6dO5ax39lNcdRzS8ihsc8yb35P288rjS5g0NY+JI+Dw/v3s2FFJqPAKbp+TSXLz8V/3Oo/tySN/agbpNVVs272fsqMjueqOBW2DmmeylizgSta9W8a5l+TR0+PcUsXweta0fD6pYuOH+zhcBxkzz2n6fNJ3n2Pyp2fz1q79lC77A+Fz8hidlUfh8K0seW47VRmZTB2fTe4IOLxzFxuPQmhcZo+GRpckSZKkM4EBYEmS+sPIWdx8ay7FazaxbmslxetLYuvDqYwZP5kF82YxtSnGkn7WQm5PW8tr7+5iR3EpO4BQWgb5FxWxqCArrt1MP2sBnw69yyvv7qOsuJSyQBK5BUXcnLmdx1ZWEEo+cdc27+JLWFDzDm/vLmP1QQhlZDH3qgJ2Lynp2RDOky/mloveZsm7+yldXwLhdPIvmUXK2rVsbFd05JxLWVSzgre37mftqv1kzBxD/vT2FYbIvfAqbs9cxWvrDrQc41BmFkULLmDeBMdjTqzV8IfVnT912UuQ3UeTdCYvgNvGw399DzZug/BsmPkvcP2CkwdU538PRp4LS5+A1x4B8mDs7XDL3TChfbQiDwqvgOWvw/mLOtY14164pwBe/DUs+/NY5m/aFVD4bTiv6T96MA/+5AlY+hCsewi2lkFwKuRcC7fc3IP5jkugtKTzp2bc3XHO04wr4IYDsOJFePORE8eq6CH4+OwT5abcDdfWwRuL4aVHYOZDcPNszgiV61izIwKZk5nXVfAXIO1s5k3fznOl+9i4LULe1FwW3LiAkUvX8vbufaxdtY9QZjYXXzOZbc9sans9TCvghhtSWfbWBor37mL13hDp2eO46lJY9touOg6u24naStauquzkiVQKs/PJ7av5bpPGsGhRBmtf/5DVuyIQCDFyXD6XXjGL3C4Dqr29DudRMCmV4pLjjMwv6PAlnfSzFnJ75gaWrtjG7pJSdkSJvW9OKmDhrKagZCCXBbcsJPft93l7Wxlr9wOBEMkjMimaf67B33bGzJlMbkkJ+0o3sW5OHuem9fA4N0kZX8R1maW8+E4pOyJAOJ28ollcN/vEPL599jlm8sVcd/4y3ni/guK1JTAuSOFVs1h04XGWbjhAaXElpRCbA3jq2Sy6tMDhnyVJkiSpSSAajfZitj5J0lCxb98+AoEAgUDszmhPl3v6fLOTrWu/3JPH3a3vSm/L19bVd19oKIrGbvK3FaFs+Us8Vwozr7qehfGYm1SnJCW5fZpnH6rq6WDeA8VB+MW1wPfgC9fGua0q+M9FcOg++O/dZeqqRUZu92VOwRl7vY6b/Sz73TI2MoFPfeqCOGdUVrJ68eusPZbNorsWkD/Ag7XxuuYOinP44Ds89vwumLmAuy7MTnRv+kVc32MlSZIkqZdqqht6Vd4MYEmS1CRC2YqXeG5biNxxmYzJHsnIpHoObiujeH89jJzGuQZ/Jdi6GPYCFy0y+Cudjm0bWFcJ6WdNHfDBX0mSJEmSBhMDwJIkdSIQgDNvjIwQeRdeyMLwJtZtPcDGXU0ZoOHUlqEVRya2g2qll0ntp9BAEKKNcW5kMKqDdx8Bbobz4z2r9BASiF+k/My8Xg8F1awr3k+EdArOGfj/l+J5zfUcHnji/h4rSZIkSXHmENCSdIZyCOiTq6tvwLdIDWSBQIDkpDh+l6+6AiKDYFhSDQ6hJEiPzxzmXq/VH+J5zfUcHnji/h4rSZIkSb3U2yGgHbROkqROBE390AAX93M06I1v9aE4nk9er9Uf4nmeeQ4PPL4mkiRJkgY7A8CSJHUiEPTGnwa2uJ+joaT41q8zSxzPJ6/X6g/xPM88hwceXxNJkiRJg50BYEmSOmHmhwa6uJ+joeT41q8zSxzPJ6/X6g9mAJ9ZfE0kSZIkDXYGgCVJ6kQgEPDmnwasYKu5t+PXSMgsYPWNUFLsfIoTr9eKt3hfcz2HB5Z+eY+VJEmSpDgzACxJUheCId8mNTD127mZlNo/7Who64fzyOu14qk/zi/P4YHD10KSJEnSUOBfNpIkdSEUDGICiAaaQCB2bvaLpHQI+HFRpyEQjJ1Hceb1WvHSX9dcz+GBoV/fYyVJkiQpjvzLRpKkkwjFcdhS6VT0+zmZPKx/29PQ0o/nj9drxUN/nleew4nnayBJkiRpqDAALEnSSYRCQeeB04ARCAQI9ffQlMnpzgWsUxNKip0//dWc12v1sf6+5noOJ1ZC3mMlSZIkKU7860aSpG6Ew2aDaGBI2LmYkpGYdjW4JeC88XqtvpSI88lzOHE89pIkSZKGEgPAkiR1IxgIEA55U1CJFQ6FCCYqMyyUZBBYvZOSkZDMca/X6iuJuuZ6DidGQt9jJUmSJCkODABLktQDoVDQYQGVMAPi/EtOdz5g9UzysH4d+rm9AfH/RYNaos+hRLd/pvF4S5IkSRqK/CtHkqQeCodC3iBUvwuFggMnGyxluEFgnVzysNh5kmBer3WqBso113O4fwyU11uSJEmS+pp/UUqS1AvhUMgbheo3A/J8SxnucNDqXErGgAj+NhuQ/380oA20c2ag9Weo8fhKkiRJGsrCie6AJEmDTSgUJBAM0NAQIRqNJro7GoICgQDh8ACejzA5PTa/a20VROoT3RslWvMc0QmY87c7Xq/VEwP5mus53PcG8ustSZIkSX3FALAkSacgGAiQnBQmEmkk0hjBe7LqC4EAhIKDZNjPUBKkZ0FdNdQdg2hjonuk/hYIJny+357weq2uDJZrrudw3xgsr7ckSZIk9QUDwJIknYZQKEgoFCTS2EhjpJFG78rqFAQDAYKhIKHgILwpnZwe+6mvhvrjZgSfCUJJkJQKSQM78Nue12s1G6zXXM/hUzNYX29JkiRJOh0GgCVJ6gOhYOzGYjQapTEaJdoYbboxGzVTR23ERpwMEAwECASbfg+FYSiT0mM/jRGI1MUCwY0NscdmBw9egSAEQxAMxwK/oeTY40HM6/WZZShecz2HuzYUX29JkiRJOhUGgCVJ6kOBQIBQIAAmmehMFQxBMA2S0hLdE+mkvF5rsPMcliRJkiR1xQCwJA1lkTooeQ0+Wgl7NkLFdjh2EBrqyAklEU3LIpI5gYacAurHz6Vh2kKioaRE91qSJEmSJEmSJJ2iQDQ6tAaJem9DKWs3lFKyZScHK460rE9PS2FiXg5Fs/OZU5jP6KwRCeylJMXZrvdg9a/h/aegoa7n24WTqZ35CWrPvZXIuNlALLukeei81r+7Wm79u7t17Zd78ri79V1x+D9JkiRJkiRJ0mBUU93Qq/JDJgC8dkMpv138epug78nMn1fITVfPNxAsaWg5tAN+/2As8Hua6s6+nuMLvkrjyAkGgCVJkiRJkiRJSpAzLgBcXVPLf/zmJdZuKG2zPi01hYnjs1se19TUsrNsf5sy6Wkp3HHzFcyfV9gvfZWkuFr9KDz/3d5l/HYnnEzNov9J3Xm3AgaAJUmSJEmSJEnqb2dUALi6ppYHfvo4O3eXt6ybP6+Q+fMKKZg+sdPyy1dv4PdL13Dw0IlM4XvuvNYgsKTB7YW/geX/Hrfqa8+/m+OLvmUAWJIkSZIkSZKkfnZGBYD/9p9/1RL8TUtN4av33txp4Le96ppannl5Oa++uaZlnUFgSYPWU9+Ed38b92bqZn+S49d9DzAALEmSJEmSJElSf+ltADgcp37E3TMvL28J/k7My+YbX7mD9LSUNmV27i7nt4v/AMSGe54zK5/58wpJT0vhzluuYNL4HH75m5cA+O3i1ymYPtE5gSUNLi/8Tb8EfwGS1z8FKcM5vuhb/dKeJEmSJEmSJEnqvWCiO3AqDlYc4dklK4BY5u89d17bIfgLsHZDKSVbdlKyZSdrN5Tyy9+8xF/+/c9bAsfz5xVy5WVzgaas4CXL+28nJOl0rX40rsM+dyb5nV+R/P6T/dqmJEmSJEmSJEnquUEZAG4dqL3pmkuYOD6n03JFs/KZMX0Co0edyOo9WHGkzbzBN10zv+X55as3crDiSKd1SdKAcmgHPP/dhDSd+uo/EDy8KyFtS5IkSZIkSZKkkxuUcwDf9+0fUV1TS1pqCj/8+6/1aJuDFUf48S+fZmfZfgBGZ43g+3/1RSAW+G0eCvrGqy/hpmvmx6fjrVWVsnTx87yxZR9Vx2LjdoeHZZA7fT5XfvxyZo0dDKNzb+Dhv3iYDed+lv9796xEd0Y6szxxH7z/VMKabyi8keM3/iPgHMCSJEmSJEmSJMVTb+cAHnQZwCVbdlJdUwvEhnDuqdFZI/ju/Z9lxvQJQCwgvHz1RgDmzMpvU3+81Wx4jO/9/c94bluY/AW3cNdn7uKuz9zFLQvyCW9/lYf/+X/x/ceLqYp7TyQNSrveS2jwFyC88VlCe9YntA+SJEmSJEmSJKmjwZBm2kbz0M0ABfkTe739vXdex1/+/c+BWFAYID0thYl52ews28+HW+I8rGljMc8/sZaqMVfyja9fQ06bEHwRF378NirWPMGTe9LIiG9PJA1Wq3+d6B7ErH6UqkXfbsoAbl5pBrAkSZIkSZIkSX0pKZTaq/KDLgDcnP0LscBtbzUP/Vxdc7zN3MFpp1DXKdmygfU1MPnq+e2Cv83CZM29iz/tn95IGmwidX2b/XvZv8G4d+Hxn/V607QPX6R60XeJBpMdAlqSJEmSJEmSpAFi0AWA+8LorBGMZkRiGk9JJQzU1NRAb3J8GysofvFpnnunlPJjDRBOY/w5V3LLpxcyOa11uQbKP3iDl15bzpa9VdQ0AClZTJ57DXfdXERWq6Dzhkf+gofXzeKz/3AD9c8+xstrtlORupCv/tUNTAZoqGBt8/paIJxGzoQirrzjBopGtz11Gg6u5elfP82aXTU0AOGxs7jhzs8wP++MPMWk+Cl5DRrq+qauy34DV82CV/7u1LZvqCNp21Lq8j/eN/2RJEmSJEmSJEmnzehcf5swk7OHLWXV7x/isax7uW1ODuHuZmJuLOfVHz7Ay+U5zFp0C1eOSYLa3axe8hw//r/l/Ol3biW/qY6qlQ/xwLP7mDyziCsXjicDqN+9mpfffIwfNGbwN5/Ob1d5Oa/+6PvsOzaZmXOvYdHUfLIAajbw8P99mA01GUy+6AaumZoBtRWsf/NVHvunI/B3n6Wo+ezZ+yo/fvAI4XlXctvCDKjaztLXlvP0D/8N/udXmZ/ZlwdQOsN9tLJv6mkO/r5+B7x56nOfJ5W9awBYkiRJkiRJkqQBZNAFgFsP27xzdzkF03s/D3BnDh46AsDoUXHODA7mc+t/vwv+/QlW/eYB1j4eJmvSTGbOmE1R0UzGj07r8KKUv/YwL+8dzzV/fh9Xjm1eW0TRueN5+PuP8fyya7jvslg2ccZF9/IP88KEW1cyp4jcxu/x42XL2fDJfGa1CTiXUzHms3znz2dxIpG4gQ3/9QQbjuVw5de/wTVjT5Quuuhydu+qYHzr+strmP6173DDpFZ9y27grx9axdoNVcxf4GzGUp/Zs/H062gd/H399OoLlxeffn8kSZIkSZIkSVKfGXQB4El5JwLA723YwscXnn/adR6sOMLBilgAuCC/bwLKJzWqiFu/MZvryz5i9dqlrF1TzPIlG1i+BAhnMHPRXdy2KJ+MIMB2Vq0shxm3cvnYdvWkFTH3rMd4eP16qi6bHxtQOhjuNKM4LS0NGsvZdwBm5bR+JoeFV7cO/gJ1a1i1rgZmXt8q4NwszPgJOW1XTVnI5ZPaFZs2icmsYvveffRqqGtJJ1ex/fS278PgL0Coctdp1yFJkiRJkiRJkvrOoAsAj84awcS8bHaW7adky04OVhxhdNbpZe0+s2R5y/KcWe2HSI6XMGl5+SzMy2fh9UBDDRVl61n6zMssX/IzHjhwL9+5cyZhqqioBCqf5H/9xZOdV5VTQ8uMwo1VlC57iueXbmFfZWw+3lYFO9uY3ParD1dRAeRMmtKzE2TEiI4h3uT0prmOj/ekBkk9dezgqW/bMufvdac17HNrweMVfVKPJEmSJEmSJEnqG4MuAAzw8YXn88vfvATAL3/zEt/4yu2nXNfBiiMsXx3Lghs9agRF/RYAbiecRtakC7nla7PJe+iveXLNq6y6fibzmyOr59zKdz59dufbBtOaArANFD/+AA+tqSFj0nyuvX4yGcNyyB87gn1/+DE/e7N/dkVSHDXUneKG34Or5sOavgv+nl5/JEmSJEmSJElSPAzKAPCcWfmkp6VQXVNLyZadPPPycm66Zv4p1ZWWlkJaago1x2u545Yr+rinpyKNKROyoLiBmjqADLIygSPHISOjm8GUS1n7Xg1MuIE//9rCNmVrUnrRhZEZZAHFZbvpPGtY0uDzHXjlLLjqt3Cwj4PAkiRJkiRJkiRpwOhkttiB7WDFER746eNU19S2rHt2yQqeXbLilOpLT0vh+9/+It/9+h/3T/Zv5XIefngVFQ1dPF+zgZdWVMCo6cwcDTCZojlZsOtVntpQ00n5CipaVodJSgHq6mlTsrnOnkqeS9E5wIZXeXlvx6crDlX1vC5JfSucfOrbvnknvLIBrnoRrihMfH8kSZIkSZIkSVKfG1QZwCVbdvKTXy5uCf42Z+4CPPPyckpKd3LPndd2Oyfwh1t2MWP6hJbH6WkppI/vn0zXhvIKyouX8v1vP03OjAspKpxMVlN2btXutaxaVkx543iu+dINjG/aZvx193LN5gd4+ZEH+PFFlzN/agZQT0Xxapa/tx0WfJXv3DgZyGfhx8az6sWX+bef13DNvPEk1e5m9ZLVHBmWAcd62sswRZ+8i7XbH+PVf/kepc1t1lawftmrbCifyV1/91mKBtXZIw0Rw0ZD5Z5T3/7NO4HfxDKBuQNe33ha3WlMzTqt7SVJkiRJkiRJUt8aNCG8Z5es4JmXl7c8npiXzR23XNEmIFyyZSd/+fc/p2hWPgX5E5mYl0OUKAECAKzdUMraDZs5WHGEKy+by50JGPI5fNYNfONvL2f7u2/w6sq1LF28nJqmbOBwRg7j593KfR+/kPGtx28O5nDlf/9Lxr/2HC8ve4nHVjQAYdJyxlP0yfu4ct74lqI5V3yV+1If5ckly3ny0QZIyeHCT9/HLQce4oElvehoZhH3fj2DpYuf5401z/HYCiCcRs6EC7nrmzcY/JUSJWvy6QWAoU+DwJHMCd0XkiRJkiRJkiRJ/SYQjUajie7EyVTX1PLbxa+zfPWJAMX8eYXcdPV8fvwfi9m5uxxomw3cE3Nm5fPVe27u8/5KUly98Dew/N/7pq7LfgNXzYJXTn1O4Jqiuzm28FsEArEv2rT/3d269ss9edzd+q70trwkSZIkSZIkSYPRgJ4DuLqmlgd++nib4O89d17LPXdeyzNLlrcEfyfmZfP9b3+Re+68lol52d3WO39eIXfe3P/Zv5J02qZc1Hd1vXknvLIMxl13ylXU553fd/2RJEmSJEmSJEmnbcBmAO/cXc4DP328zXy/3/zK7Uwcn8Pvl77Lbxf/oWX9X9//2Tbz/h6sOELJlp0cqKhsU2dB/kQKpk/sv52QpL4WqYPvnQMNdYnuCYSTOfjfVhANJZsBLEmSJEmSJEnSADEgZ3JtH/ydmJfNV++5hdFZI9i5u7wl+Atwz13Xtgn+AozOGsH8rML+7LIk9Y9QMpz3SXj3t4nuCbUFN9AYTMKwqiRJkiRJkiRJA8eAGwL6YMWRDsHfb3zlDkZnjWh5rtmNV19C0az8RHVVkhJj3h8lugcA1My6NdFdkCRJkiRJkiRJ7Qy4APBvFr/eIfibnpZCdU0tP/6PxS3PzZmVz03XzE9kVyUpMSbMiWUBJ1DtzBuoz52V0D5IkiRJkiRJkqSOBlwA+L0NpQCMHjWiTfD3gZ8+zs7d5UAsMHzPndcmspuSlFgfvx/CyYlpO5zMsYu+kpi2JUmSJEmSJEnSSQ24AHCz9PTUToO/aakpfPWeW0hPS0lwDyUpgUZNguv/NiFNV132lzRkjk9I25IkSZIkSZIk6eTCie5Ae6NHjeDgoSPs3F3OAz95nAOHKjlYcQSIBX+/+ZXbGZ01IsG9lKQBYN5nYP9mWP7v/dZk9Zw/onrWpwj0W4uSJEmSJEmSJKk3BlwG8B23XNGyXLJlZ4fg78TxOYnqmiQNPJ/4azj/jn5pqubsW6i67Jv90pYkSZIkSZIkSTo1gWg0Gk10J9pbu6GUNAGkcgAAIABJREFU3z79OgcPxYK/M6ZP4M6brzD4K0ldeeFv4poJfOy8z3D0sm9CIJb7GwgECNBqudX61r+7W9d+uSePu1vfld6WlyRJkiRJkiRpMBqQAWBJ0ilY/Sg8/11oqOu7OsPJHLn0W9TM+lTssQFgSZIkSZIkSZIGNAPAkjSUHNoBv38Q3n/qtKuqmfEJjl74ZSKZ408ETw0AS5IkSZIkSZI0oBkAlqShaNd7sPrXsUBwbzKCw8lU51/HscJP0ZA7C2gb4DUALEmSJEmSJEnSwGYAWJKGskgdlLwGH62EPRuhYjscOwgNdURDSTSmZtEwYjx1Y2ZQO66IusmXEQ0ldQjqGgCWJEmSJEmSJGlwMAAsSWeo7R/tbgnedhbs7RDYbR/kNQAsSZIkSZIkSdKAE0x0ByRJkiRJkiRJkiRJfcMAsCRJkiRJkiRJkiQNEQaAJUmSJEmSJEmSJGmIMAAsSZIkSZIkSZIkSUOEAWBJkiRJkiRJkiRJGiIMAEuSJEmSJEmSJEnSEGEAWJIkSZIkSZIkSZKGCAPAkiRJkiRJkiRJkjREGACWJEmSJEmSJEmSpCHCALAkSZIkSZIkSZIkDREGgCVJkiRJkiRJkiRpiDAALEmSJEmSJEmSJElDhAFgSZIkSZIkSZIkSRoiDABLkiRJkiRJkiRJ0hBhAFiSJEmSJEmSJEmShohwvBs4dOhQvJuQpAFr1KhRie6CJEmSJEmSJEk6g8Q9AGzwQ5IkSZIkSZIkSZL6h0NAS5IkSZIkSZIkSdIQYQBYkiRJkiRJkiRJkoYIA8CSJEmSJEmSJEmSNEQYAJYkSZIkSZIkSZKkIcIAsCRJkiRJkiRJkiQNEQaAJUmSJEmSJEmSJGmIMAAsSZIkSZIkSZIkSUNEONEdkCT1jZrqhpblisNVVB2rprauHoCU5CQyhqWTNTIjUd2TJEmSJEmSJEn9wACwJA0h9fUNlJUf5HhtXZv1x2vrOF5bR9WxavJyRpOU5OVfkiRJkiRJkqShyCGgJWkI6Sz429rx2jrKyg/2Y48kSZIkSZIkSVJ/MgAsSUNExeGqkwZ/mx2vraPicFU/9EiSJEmSJEmSJPU3A8CSNERUHauOS1lJkiRJkiRJkjR4GACWpCGitq4+LmUlSZIkSZIkSdLgEU50ByRJfSMajcalrPpOIADBYIBgMEAgGCAQgEAg9luSJEmSJEmSBpJoNHYvORqFaGOUxqYfby8PfAaAJUmKo0AAQuEgoVAs8CtJkiRJkiRJg0FzAgsAoRP3Nhsbo0QiUSINjQaDBygDwJIkxUEwFCDcFPiVJEmSJEmSpKGieZTDpKQgkUiUhoZGGiNGggcSA8CSJPWhYDBAOMnAryRJkiRJkqShLxQKEAqFYoHg+kYaGw0EDwQGgCVJ6iNJyUHC4WCiuyFJkiRJkiRJ/ao5ENzQ0Eh9XWOiu3PGMwAsSdJpCoUCJCUHT8yHIUmSJEmSJElnoOZp8errGok4LHTCDPgA8FurNrD1ozLK9h1k154D1NbW9Wr7CeOyGT9uDDljRnLTNfPj1EtJ0pkqnBQkKcmsX0mSJEmSJEkCCAQCJKeEqK9vpKHebOBEGNAB4B899DTvb9xyWnXs2rOfXXv2A/D+xi187fOfZFTm8L7oniTpDOeQz5IkSZIkSZLUuaSkIIEADgmdAIFoNDog86+/eP+DbR5Pn5LHtEnjSE1N7lU9W7fvYcv2Mo4fP5E5/E/f/RIjDQJLGmLe27CtV+VHDU8mEAi0/AAnXab1MhCgi3Ktfne3rv1yTx53t74rfT08s8FfSZIkSZIkSeqe8wL3vwGZAfzMy8tblqdOGscnP3EpZ5816ZTr23/wME+98Bar3ysB4If//hTf/fofn3Y/JUlnJoO/kiRJkiRJktQzzfdSDQL3nwF393rlmk08u2QFABecN4P/dd9nTiv4C5A9eiR/+sc38Lk7rwFg5+5y/uu5pafdV0nSmSecZPBXkiRJkiRJknojHA4STvK+an8ZcEf6gw+3tyzfcNUlfVr3gnmzmDJpLABr1pf2ad2SpKEvFAqQ5IcUSZIkSZIkSeq1pKQgoVDfTtWnzg24u9hlew8CMHlCLuPHjWnzXEnpTjYUd5zj8pmXl1N+4HCbdVu37+EPy97rUPasKeMBKD9wiJrjtX3VbUnSGSApecC9bUqSJEmSJEnSoOE91v4x4OYA3rMvFgCePiWvzfrtu/bxwE8fB+DGqy/hpmvmA/DATx6nZMtOnl2ygp8/eD8QCxQ3l62rb+Dqj13QUs+0KXmw9F0A9pYfYmpTRrAkSSeTlBwkEPDbaZIkSZIkSZJ0qgKBAEnJQecDjrMBF2avrasHYFh6apv1VUerW5aTkjrGrTOGpVF1tAaAhkikZf3x2ro25S44bwaTJ+SSN3YMozKH91m/JUlDVzAYcN5fSZIkSZIkSeoD4XCQYNBkm3gacBnAXZk1cyo3Xn0JhyuPMm3SuJb1N159CSyBc8+ZRsbwNACmT87j2ivmceRoNfPnFXao69v/4+5+63dP7Nxdzj//25MEAgH+x5duZWJedq/rOFx5lP/z/x6jpqaW//GlTzO11TE6XX9Y9h5bd+xh2qRxfGzBnD6rV5IGi7Dz/kqSJEmSJElSnwknBamrjXRfUKdk0ASAgZZhn1sryJ9IQf7ENutSU5P59A0L+6tbpyUahZVrNnH0WCx7edXa4lMKAMfTh1t3sfq9EhoaIgaAJZ1xgqEAoZDfRpMkSZIkSZKkvhIKBQiGAjRGoonuypA0qALAp2v/wcPsKjvAocoqpk/JY/KE3ER3if0HD7NqbUlL9vK773/Ixy45j9FZIxLcsxP+9I9v4E//+IZEd0OSEsKhnyVJkiRJkiSp74XDQeoiZgHHw6AJAFcdreHfHn6WjOFpFM0+iwuLZgLwzMvLeXbJCq5aeD633/yxTrc9XlvHY0+9xvLVG9usnz4lj8/deS1js0fFvf9dWblmE4cqq7jtxssBeOLZN3h33Ydc/bELEtYnSVJMIIDZv5IkSZIkSZIUB6FQgEAgNlqu+tagCQC/+34JJVt2AtDYGG0JAL+5cj0Aryx9l/nzCpnQbvjkhoYID/zkcbbv2tehzi0flfGd7z/E//mrLzAmKzPOe9BR5ZFjrFyziVGZGcyZlQ/A75eu4a1V67no/LPJzBjWYZvGxiir1hbz7JIV7D94mKSkMBecN4OPLzy/Q9nmeYEB/ttnb+TFV1eyvngbjY2NTJucx713XUvG8HQWv7ScZavWU3O8jpGZw7nrk4somnUWgaaYx7NLVvDMy8u56Zr5sTmX262bmJfNE88uZf/Bw4RCQWbPnMpnPn0lI0cMj9ORk6T+ETL7V5IkSZIkSZLiJhQO0lDfmOhuDDmD5s72hXPPblk+t3Bay/LUiWMBmDwht0PwF2KB4ebgb97YMfzJ7VfzZ5//JJdccE5LmV/8+gUaEpBivn7TVsoPHGbWzClkjx5J9uiRzJo5hb3lh9hY/FGH8tEovPDqSh567EUqDh+hsGAyRbPy2bx1Fz/9j8XU1NR22s6RqmP8y8+epPzgYc4/dwYjMzMo3babHz+0mB8/9DSr1m5i1syp5E8dz5GqYzz06IuUbtvVo314570SHnrsRXLGZHLBeTNIT0th7YZSfvHIC9Qcrzut4yNJiWb2ryRJkiRJkiTFj/dg42PQZACnp6Xw8wfvp+poTct8uQBfuedmSkp3UpA/sdPtmod9Lpg+kW985faW9eeeM40Z0ybwn48vYctHZSxbuYHL558X351opbqmljdWvE9qSjKXXTy7Jdv2kgvOYdXaYt5cuZ6i2WeRlprcss2usnJefXMNw9JT+dq9tzB9Sh4ADZEIDz++hBXvfEBaakqHthoaIly36EJuvHo+gUAs8/iffvJbdu89wKTxOfz1/X/CiIx0olH41RNLeHPletZuKOWsaRO63Y8jR6u574ufbunL/oOH+ed/fZIdu/dRtvdAy3pJGmwCAQgG/fAhSZIkSZIkSfESDDoMdDwMmgzgZq2Dv826Cv7uP3iYveUVAMwrKujwfOvgZOlHu/uohz2zeesudpbt5+yzJjFpfG7L+mmT8ygsmMK2HXv4sGnI62bri7dx9FgNRbPymTb5RN/DoRBXLTyf4cM6HhuIHbPzz53REmQekTGMCeNi2dLnnzeDERnpQCzYcfZZk4DY8NE9MXf2WW2OY9bIEYwfN4aa43VUHjnWozokaSAy+CtJkiRJkiRJ8ee92L43qALAJaU72VjyEcfbDS38zMvL2bPv4Em3HZbeMTia2ipbNhjsv0NRV1fP75euAWD+vEJCoRNth0JB5s8rBOCtVRvaDE29q2w/AKNGZrQEc5tlDE8nOTmp0/aSkpIYlp7a8rh1VtvY7Kw2ZUOhUK/2ZWRm23l+Q6EgyUmDJrFckrrkhw5JkiRJkiRJij/vxfa9QROpKyndyQM/fRyAa6+Yx6dvWAjAjx56mvc3bmHV2mL++v7PktQq+Jg9eiSjs0ZwsOII775fwgXnzWhT56q1xS3L0yaP64e9iNm6Yw/bduwhEmnkRw893WW5TR9uZ9v2PS1DMbcOFEuS4ivghw5JkiRJkiRJijvvxfa9QRMAbp3he+Rodcvy1o/KANi3/xCVVccYk5XZZrvZM6fxh+Xv8c77HzLu5eUUzcpnZGYGJVt28uSzbwAQDoeYMnFsP+wFRCKNvP7We9TVN3D2WZM6ZNA2O1x5lOLSnSx9ex3TJucRCgUZlzsagL3lFUSjtMkCrjpaTV1dfX/sgiSdEdqPtCBJkiRJkiRJ6nvei+17gyYA/LEFc6irb2D/wUquueKClvXf+rO7+NUTr3Dh3Jkdgr8AV3/sfN59v4SqYzU8u2QFzy5Z0aHMbTdezuQJuR3Wx0PZ3gN8uHUXOWNG8vnPfILMEcM6LVd55Bj/9JPfsqH4I8r2HmDi+Bxmnz2N3y9dw/pN2/hw604KpsfmPm6IRHhl6bscPVZDWqthrSVJpy7gpw5JkiRJkiRJijvvxfa9QRMABrj6Yxd0WJebPYpvfOX2LrfJHj2Sr957C48/8we2bt/T5rmUlGS+/Cc3Ulgwpc/72ploFF5f9h5Hj9Vw6UWzuwz+AmSOGEbR7LN46bVVrFyziQl5OUwYl82iS4t45uXl/PO/PsG0yXmMHjWCrdtjWdAGfyWp7/iZQ5IkSZIkSZLiz3uxfW9QBYBP1fQpeXz9S7ey8cPtHK48Sm1dPaMyM5iQN4YJ47L7rR/79lewftM2RmVmcNlFs7stf9lFs1n57iZWrinm0otmMzYni+s/fjE5Y0ay+KXlbPmojI927uX8c2dw5WVz+deHn6WmprYf9kSSJEmSJEmSJEnSQBSIRqPRRHeitS/e/yAAN159CTddM7/Nc488+XvqGxq4/JLzmDZ5HADPvLycD7fsYuqksXz6hoX93l9JGije27CtV+VHDU8mEAi0/AAnXab1MhCgi3K0HbLjZOvaL/fkcXfru9Lb8mnpZ8R3pCRJkiRJkiQp4WqqGxLdhSFl0NzdfnPlet5Y8T4AkUhjSwD4zZXrOVx5lJItO7ns4nPJGTOy0+0PHa5iT3kFu8r2c7y2jrE5WbGf7FEkJyf1235IkiRJkiRJkiRJUrwMuABwSkoytbV1HD9e12b95Am5LcsT8k4M25yXO5rDlUcBOg3+1jc08Itfv8CadZs7bW9k5nAuu2h2h2xjSZIkSZIkSZIkSRpsBtwQ0N//f4+x5aMypk/J4y//7K42z+3bf4jGxkbG5Y5uWXe8to7tO/eRN3YMGcPT2pTfubucv/3nX/Wo3ZGZw/mn737p9HdAkhLEIaBPziGgJUmSJEmSJGlgcgjovjXg7m7n5Y5my0dlbPmojE2bd3D2WZNansvNHtWhfGpKMgX5Ezut64GfPt6yPGXSWD5+2VxmzZzKsPRUtm7fw4bibTy7ZAUAhyuP8szLy80EliRJkiRJkiRJkjRoBRPdgfamTclrWX7qhbdOuZ7HnnqN6ppaAG68+hL+6r4/4qK5ZzMsPTXWzuRx3HTNfP72Lz7Xss2zS1aweevuU25TkiRJkiRJkiRJkhJpwAWAL71wFucVTgdg2449/NvDz7J7z4Fe1XGgopLX3loLwHmF00+a1TsudzR/9vlPtjxeuWbTKfRakiRJkiRJkiRJkhJvwA0BDfC1e2/hi/c/CMA773/IO+9/yOQJuUyfkteSwdve9Cl5FBZMAWDPvoqW9UWz87tt79xzpjFxfA47d5eza8/+PtgDSZIkSZIkSZIkSep/AzIADPDzB+/nmZeXt8zRu33XPrbv2tdl+dFZI/j+X30RgLK9JzKGC6Z3Pj9wewXTJzYFgHuXbSxJkiRJkiRJkiRJA8WADQAD3HTNfHKzR/HBh9sp23uQPfsOUltX32nZ+RcUtixfc8U8lr/zAVMm5jImK7NHbRUWTGbths1t6pEkSZIkSZIkSZL6UqSxkYaGCJFIhEikkcZolGg0CkAgECAYCBAKBQmFQoTDIULBATejqwa4QLT5jJIkDWrvbdjWq/KjhicTCARafoCTLtN6GQjQRblWv7tb1365J4+7W9+V3pZPSx/Q35GSJEmSJEmSNMjU1ddTV9dAQyTSq+3CoRDJyWGSk5Li1LPEq6luSHQXhhTvbkuSJEmSJEmSJElxUt/QwPHjdUQaG09p+4ZIhIaaCLW19aSmJpMUNrynk/MMkSRJkiRJkiRJkuKg+ngtdV1Mb9pbkcZGjlUfJzk5ifTUlD6pU0OTAWBJkiRJkiRJkiSpDzVGo1RXH+/1cM89UVdXT2OkkfT0VIK9nPpOZwZnjZYkSZIkSZIkSZL6SGM0yrFjNXEJ/jZriEQ4dqyGxmg0bm1o8DIALEmSJEmSJEmSJPWR6urjpzzfb29EGhuprj4e93Y0+BgAliRJkiRJkiRJkvpA9fHauGb+ttcQiVB9vLbf2tPgYABYkiRJkiRJkiRJOk31DQ3U1dX3e7t1dfXUNzT0e7sauMKJ7oAkSZLUViVb1m7jQNOjMdPmMD0zoR2SJEmSJEnq1vHjdQltO2m4YT/FeCZIkjSorOen9y9hTbflMrnlW1/g+px+6NLJrH+CL/7Hjthyzhz+9ltXMi6xPYqDtq/J3M/dz5dnn2aVFZt4/rm3eb20gspjAGEu/dJ9/MmM06x30NjBkkdebXVM55z+MZUkSZIkSYqjuvr6fpn3tyuRxkbq6utJTkpKWB80cBgAliRJGkj2vsr3HnyPHW3+XmigeqhN5VL+Kt/9x/fYA8AkvvzgbcxNcJckSZIkSZJOVV1d4odgrqtrMAAswACwJEmDWApzb7iUuSM7f26SQ+YOQrWsfKFV8Dcji7mzJzF72mjGTUpox/rZbL78oCm/kiRJkiRpcIg0NtIQiSS6GzREIkQaGwkFg4nuihIsHP3hcAJAFNr+jkIgEPvdRvvHrde3bNCqppbHrYq1q7+5dPf1t3++k/Za2j3xdPv96rL+Drqpv+Paju31ZL9at9fhuLU7fp3U377d7vereX1n+3WS16vX9bfXsf6e7Nep1d/6BOjF69XpedZVu63r7+Hr1av623W4J6/Xyf5fddbuyc6/QBf1d+xF/1wvOtuNvvr/fBKBUBKkDiOQmU1gzASCeTMITZlF6Kx5BHKmnHRbKf5SmVQ4h4sSPcyz+tAOirc2L6dw9T33cNvkRPZHkiRJkiRJ3WloOM3gb+M+Xv3ls7xBIV+75xJyTiN+29AQIZRsAPhMFw40xT6aQyCBpsBJbH2AQKBdYCbQRUAo0Py76blooHVFLbqqP9Dj+tsFhFrqb99u2+YD0Xb70z7g1Lw5HeuPle6i/tbdbt1e078d9qt9QDLQpjdE2x+31gU61N/J8WxXf0u32wcGA+3aa3/AOt2vVvtD+/1qtXt08jo1b9Wu/g771fy4+fi1P/9o93p1WX/7E6Cz+k9yfrRr90T9XZx/7dvtZf3NOtbfi9erdXvtX68O7bZrj3b1d9ivTg9n/18v6OX1osN538X14iSikXo4dpjoscNQtpnIutepb3oumHcWoaKrCF94E6Fpc7qtS0qMcp7/x1/xdHns0dy7v8Clu5/h0eXlHKgFUjKZe9Mn+PLFedQfeI9HH3mDlTsbqA+GGTNjFl+4+0qmpzVV1X4+3y+O5vVH3+at7ceob4T0iZO4/uZPcPXUYT3rWmMlO1Yt49E3NrOjvIF6IGnYMCadV8Rnrr6ISRkAtax86Ef8YmNsk8yFt/HAzW1TYfe88gu++1IlAOkXfoIf3HE2AJWlb/Hoc++yfmdT3RlZXHTj9Xzm/BzaD4TTm7I91s3xSsrK4/rP3MT1U4fR+dzOtSz54YMsad6+ef7kHh23jseG867mB5eV84tHN7C+ogHGX8D/+XoWT7S0m8ktX7+a9Fdf5emNFVQ3QFJmDlfc/ilumzmMytJX+c/fNm0bDjNp7uV8+bY5jGn190R95TZWvvk2r68pZ09l675dzBdunsOYMO2Gfm62g5/e/2BLP3/+WVodj47zWdcfWM+SF97h9eIKKmuBYJjM8XlcceXlXD279Wu2vm093/wUY5Y9z9PvNp//w5h9xTV84aqppPfu1ZUkSZIkSWoROZ3s38Z9LP/VC7y0KwKs40e/CvO1P553ykHgWF8cBvpMF/rf1yX/b6DnGZLNW/YwI5E25TtZ3avMvk4Cge0Dnt2022WGZKflA2036CZTsKv62wSiutufdhnM3e5PJ/V3fRw7OW7tGzrZcQx06GU3Gbqnfn4k8vxr3+4J3bxenTbQ/X51Xb6z/erZ69WzjOpTr//UMqp78Hp1eKG72a+Tlu+ivZNdL3opWlVB4+bVNPzhESIblxIIhwlOKuybyk/B3vLDvSqflhwiEAi0/AAnXab1MrGQfKflWv3ubl375Z487m59V3pbPilpoH5Lrpx3lmxpCp6lMvPSucw4abz1GJuXraP4WOxR5ZaNvPXhEaqbP5NGatnzwWZ2Bw+z5OG3WV/ZSCNAtJHqA3t5a1sjl184iVSA8g949r2mYGK4hi3LN/F+eT2NTf+n6o9U8sGq9ezOK2RebnJTd1ttM2wsV1w6jQyAxjKe/+HD/GzFAQ4da2oTaKyv59DOHSx9q4TQ7CJmDA8zIe0Ar66poB6oLa9n6scKyG15OXfw0m/WsKUGYBhX3HEdhSNgz6u/5LuPlbL7SKu662rYsX4dr+/L4PLzcls+BvembPevCYybM595ue32vfEQa5ZuprjixPFqrKmieNVmQkVzmTGsbR0dNB+7Hh+32PqjW9fwemnT5MHRA3zwxnY2VzdtlZbD5ZcOo7il3Qg71m1gzc4a6puKNNYeY8t7m6kNbOE/f1PC7prmJxqp3L2NFVXZXFc4GoD6jb/jvn9ZwZqPqqisbd+3bby6qYZ5F03j/7P3/vF1VWW+/3ufnDRtQg2EEEhqAyW0JpZjk7QQhAA3ViK2WKrejNIrdBzrvTLXi35Fr+KMvHzhvVa/d/jO1esMMwMOolyQmysWtAwTpsZCQAJtmhKghVIqKW0ghsqxJCUkzf7+cfaPtdZe+5yTkh8tPG9f9Zyz99rPs5611l6c5MlnP/NH9tH56Cu8ERfrGTWsWUbsOh/pu5e//vvt7HzlCKP+OnYnGP1Tmt29T9H12nyaU/6cqeN6lIG+Hn63d1hZ/2MMvrCLnYlzaKnJ8w8XBEEQBEEQBEEQBEEQDN4cfQs3NmGSjRH6/u8m7tnzVnBk/PUBdgydxAVLy485jVs058RLAI/7v5ASpoTwt9sO4AS/zg9fg+NO8OrgJwzwPoWveMe9t+j2Tfeqfd+vat9B/59qX/ns2Y/+bt8J4tL8efaJ2Df9qvaVuAwX4QHVvhGX4wSvqv1gHCNxEbxqDh31nzFPxnxp8cSOmxGXYV8bR3M9ROxH14d1vlQfWlzhwomsP3O+1PWnrEPVfuz6M+dL7as6X47iy5ivaFz6cGnjZo0rj/VnGzf/szlf6PNlu68i60+9f/Oxr5LPfqGOXT77hTp2OfcLm31zNG3zZJmvKeLo80/w5j/8F0a+2cL445um1rggxJJm0/dv5vPXW/59f4s1mTgyPEr5khRrL19EdZDvGqXnwT7655XRdHk9rWpGed9uugZtrtP0HymiZnk9bZcvoma+YuueB+gZzd7zvb+6n037vQ8Ji53xQ2z6+/vZPQHU1tNc5h0/so+e5xVDz/fSdch7v/BcWhcAL3XwwwcyCePQdh0pT0E6snMr7b6NybR9OxwZJT1RQu2F9axtqVBUs2k6tu4Bqmn9zEo2fKaOmuCiIhqvWMmGz6xkw5V1lE923EwG00Ft4cKSIkrnJY0G44wMF1G93OjjRJqOB/sZKa+g9fJ6mhYWBVeMPNFLj2+zro6meUBRCTWpRbRc3kxbSxWVvpsDvWx6Biito+0zK9lwRTVhmeoyWj7jxXpplmLHR7Zx20/3kfZ9VlTRemUTrbWlwQ9E6e0d/DBYFHp86cNQvqSOtZenqC0PzwxsfZzd8V4FQRAEQRAEQRAEQRCyMnFMyV8YfHgTP332rcjxI89u5R8ffnVG+yK8s0jqijvX+6i8esfxX+IUdy6ZjIrreo9LdjOPk81aA9j1FH2mPwuK38A+hj81Y+QCMfb9z3H2Q2z2fb+29hZ/vvG8FKL2uDDjCo7GxeVG2kdcmuOoxqXGY7EfvuanALbPl71TmWmLWX+R9uZ7+3xhxuWSNa7IfMW8D+Ix1n34WGHDvusa6z6HAti12/fHLzI0Efs51kPkfjbmyYnev3p7Y304lvnKej9b4prUfpFj/QX2/UP6+puu/wRO7N/Fm3/3BZKP3cucT99IouqcafIkCMdI7aV86/MrKAZaS+/mL+856J0oofVzfr3ZxXBTOx1pgDT9rwKROsNJGtd9lmsbMsni1uZebvnvW+g5Ahzpp2vnKI3nF5kXZZjoo6M67VmBAAAgAElEQVRrOLDT/Lkvsr4286l15S7uuPEBuo4Aw3vo2DFK7fJqWi8uo+O+Q8A4XY9tY13tCgqBvh37GPEspS4+j1KgZ2sfQ34fr/k816aKPNuLPNujdG3bxfoldZNq+/YoofWLXwjq+Ta/53a+el8mSTmy/yBDLKamoZ4aCui5c5d3jVHjedLjFh3/6kvWcN3HFlMaJKD7tPPll6zhW94jtmuP/ojvPexl8hNVrP/yVTTPAy4pZeSbWzNXTqQZGCKzPhJ1tH2tinWlpcpfpzbRUhGus70v9kOqmlRDFQy+xuZf95PRSJ9EbUM9jTlGcaCrlz4/ub2wiY1fbs4kkS9ppvXhcEz3bt1Gf3MrZiq5/JI2NnrxrT6/mO/c1E0/wJFB9g6hJYUFQRAEQRAEQRAEQRDy5VjUv0d2/5ofdR6OPX+g8wF+WvEprqmdXOGqY1MiC+80krrcj7BWqZdiidb01NtPdQ1gx7EknFR/vh/X0f0FDYx4zLh8f9jjstV4zaSnnMCvaj941eLyDzuxtUqDRK7vj5i4jBrAxNjXxtFxIu0Dt+Z8qUVmLe3jagxH5stIiEfmCTMu7HG56kdj/akJSXP9+eaccJ4yzY24YuwH8aDbN7OEU1UDOFL7OrhA9xvE4xjrL6a93h3VvrEOzXmy3FeR+VL9GfbNuPJef9O+Xzj2+TLbTwPjOzo4+lQnc9Z/l8KWq6fPkfAup4jGK5ppPNlyal4FtlxWalkqqHVaqCpA51WROtP/MJfimNxt2H4RLQ2KUnhePa3nddHjJQz3vtQP5y+2Xzs4GChRmbeIplrlXKKOpmUddD0+DkD/y6/C8mpKm1KkfrU1k/zbtYee0RU0sY3ObeOencW0NBQBB+k/4Bsbp+8Xt/LVX4bmR3xl8v6DDFA6ibZ1mfq7x0rp2TSeqXw85STAU6mOjQe1xbNyDOOmUV7PhisXK6pbkyIa68NriovnAt4gnLmQlF8Luqgo9vFDxYk03Q89Ss9z/ew95M3NeCgHT6fTWUPMRf+B8PqaFSktltKGxdTc181egEOv0T8K1do61uOjtJRyoN//LE8ZEgRBEARBEARBEARhhhh/pYt/bD/Akayt3qKvfRMPfv5TXH5GwQz1THinEP7mV0uEZFd+hu0V5V6Mgs9uX/FjsR/6NS9TFXxZFJ6xfvNTzEYUq15CNSaE6Oeg43GKaiOeGIWn1UcuBSYoClpTIWmJS1OsWuLR/OZQ6AbX6vZjFcZx75WDEQWt3zjL+gsUnpO1f5ysPyOlHYkr3r55PIei32o/i8I4T/uaQtcS15TuF966tLe3xBXp2PTiHh1j9J+/xsT+XRRd892ZcSq8yzAUonlQOC8mszu/JEtiML/2asJw5Mib8df+4ZCnurXbKT25BDxdaJAwLFpBc2orfTuBiYN0Ppmmcd6eQA1afkE9qQTAaxlFqsfY4VHiU46Tafs2KSpgcn+raeFYxk1lQUWOJPZciufFnHpPac71MfbMvdzwk/DxzFPPIEPKk49KS40ezVf7OEw6jaFczxKfIAiCIAiCIAiCIAjC28BxnPyVt0O/40e3PsOBfH6HMnGYLbfeQ+F/WsfKPH8H6Ex1/UPhhCRMAHsKOz8hYyqAfaGdo+aOQEkeekkjVXHnm7PYJ4d9XTmp4PjJvVDhqSsYtcaK4tGMK86+HleohDSUn34UmgJT8RdRlupxhTk4XfkYKmZt9pVxjCgh7eMWuc8NpWVUIWkMhqFg1ubLal+PS1PkquMI+nz5cWHMl2OMn239KR0PFds2+/4Jm317XIHA1JyvIMlsWX9Be8cwYJmviH1i7Efvq8j60BTSeaw/1UA+6y/Sz6hy2oxrUvuFYj6v/UKNx7xPAncx68+6X0wfYw/9M+7rrzL3uh/PjENBmAkOD5MGLaE4MhImfYvnzY2/9rQyyunPJDMtdtKvDwfv1SRf4/mLKd65hxFg77ZHacd/fHUZLRf7ys5TqSyHjPESVn/tC6w9I64jByfR9jjgGMdtZkjT1Rkmf6svWcO1ly+mvAjY0c7n7+zPenV+VFB+OuDVpM4kuZU4D6eVBH4JMz4EgiAIgiAIgiAIgiC8a0k4Dkfz/IXzod378kv++kwcpu/5P7Ky4pS8+yIIST2hmaOmp0skwRKgJKDiawDb7QdKyJz29fO+/VhFZmyNYYuTfBWEipLQ7642fqY/33i2uFR/FkWmkhWcpGI1Li7/uC2uLPOlxpOXff1tthqs2eLKOV9q1tBWU1Z5JHZmWWRRuFvWWex731++NYAD+26e9hVzLvp9ZZuvbDWA4+LKtv7MGsCunqiN3y/i7BvnctYAzvdJBDH2jbd2pbN+f00n409u5sj/uIp5X7t7RvwJwrRzZB+dO4ap9R8DPbGHru3ho35rzjSrrypUVFCdgKGJjJ3u3VDrP854Yg/dfeOhnbMVO7X1NJftoeMQsH8Xnf7xpSlagmRfFdUL8JK6w3R397P2Sr0v6f39sLCa0km1PQ441nGbEUYZCfLPRdTWe8lfhuneedB+ybwiRRWdZmAQS61pneoFpdCXSfPu3dZHurk5mJv0zj2Zxz8DVFRQk+sx5oIgCIIgCIIgCIIgCFNEQUGCoxP5ZXXLLmjlP538KvHVf02KObM2v+Sv3xdBSOo1azGUdbYawLaEpKqs85NFurLQJ1dNz9z2Q+We5g/Tr+7erMEaJop9v97lRO1nWsfYV7ut+vP+PxKXmZB0tN4oNWudaIOIfct4xtQAtilHNX/mgFnjylFT1mrfiC+mBnBEueyPn7n+MOYr1r65AGz2s6wPw29oP2b9TbIGsGnfJ2p/EvOl+jPnK+LX8IdhPxKXdThnfr9gkvtFZN3H7BczxNGnOnnzh58TJbAwhbxJ/zO9dB+wnSui+v11VE5bEmycnrtu53u76mg8LU3Po/vY6ycAE1U0LcviOJGitflReh4eBsbp+vGPGGiw2ClL0bpUvbCa1ovL6LjvkHIsSfOFK7SatI2Xpijf2ccQMPRwO199qZrGukpK/zRA3zP97E2X0PqVL9C2YHJtZ51jHreZoJTy0/DUuaN03H47YxdVM7JrF90vjdsvmV9NTVk3ew8BpNn043spvPxsSkuqaFxiv6SyuZ5Uh1cLen83N3x/Py0fXAjP7aZzd6j/TbVc8PZqNguCIAiCIAiCIAiCIEyCgoICGIv5HYhJspxzzi2f3r4I73oiNYD1NFsuRWum5VTXAA7t65daFXxmwjOr3ywKSaV9xJ+phMziQ0842Wv0as8lzqpgtsRgxKklrI0avdG+6eMW1ABW44rzlTFsVX5qi8d/cYnEFVWs5oprutefmUDOrnjOqiDNd/1lsa+FBpG4rIrVrHEdWw3gfOznvV946ybv+VINWpzmo6iOjJ+pmM62X8wA409uZvSn35SawMIUMUrPr7fQYz1Xytqv17F6EvWBJ0VpKdXjafZu7w1VlwAU0XjNGppyJJ5rPraGtfvuZtN+YGI0aidZxtrPtVJj/MFiaVOK1K+2BrV/KaujpVZvw5mtXLfqAN954BBjQPqlfjpfUh9BPEz3tn20LVg0ubbHAcc6btNPEU2r6unY1Uv/BHD4EJ0PZhL1NYvK2LvvkOWaalZfXkXnXQcZAxjaR/ud+2BZK7fGJICZt4IN1/Rz408zj5seGzxIx326wrh0eSsbzi+ZwtgEQRAEQRAEQRAEQRCyk0weP0nX46kvwuwR/nrQARy/VqjyGhx3glcHB8fJnPPOBK840Xq0oX3TvWrf96vad9D/p9pXPnv2o481d4K4NH+efSL2Tb+qfSUuw0V4QLVvxOU4watqPxjHSFwEr5pDR/1nzJMxX1o8seNmxGXY18bRXA8R+9H1YZ0v1YcWV7hwIuvPnC91/SnrULUfu/7M+VL7qs6Xo/gy5isalz5c2rhZ48pj/dnGzf9szhf6fNnuq8j6U+/ffOyr5LNfqGOXz36hjl3O/cJm3xxN2zxZ5msWGHvonxnr/NnsdUAQpoKiRWz42ipaF5VQ6H2bKCyrYu21V3NtKo/kW6KK1V/+EhvX1VFTkQwUvIUlJdRc2My3/vqzrLbV4y2qo/Hs8GP1xSuwPey4cuVn+cENK2lZVEKx/+duiSSlC6toXXcVGz+26JjazjrHOm4zwRkruf4vm2hc6PUrWUJNyyquu/Sk2EuKl1/FxmuVa/KgOPUJ/ubGNbQtK6PU/0ODRJLShdWs/fOr2bgupTxaWhAEQRAEQRAEQRAEYfopSCRIHgfK22RBAQUJeQS0AI77g5JQ+Iep6FPEqj5xCj0XAumrasF8xK1iV3s0a5w/q1+bfbuS0Gbf1n17XDb7hkLXVK6a/lT7cXGp/vKJK9qbt1UDOBKX0cy0n/d8We1nV+hOzr5JjvnKM654++Zxf4HFz5d1/Rnr8u3Yt66/vO2bgRvzZFO+GwNliyurP83OdO8XZoeyrL9ZwCkoZN53O0lUnTNlNnuf3jep9qecNEf7Aw4g63vU9yipf7Od8prrmPk+n8+5jscx2fbzipO5G73b6Gvn8z/x1LEV9dz09ZUz/5jddBffuambfoBEFRv+21U51caCIAiCIAiCIAiCIAiCMN28NTbGyJHRWe1D8bwi5hTm+2f2xxdHRvJ8hLaQFwlTcWf8Wj9Up3pHTcVdoOVTFKWalM//rNn38wg25WWYTIgoSn0/jtLHwL5i3HCvxeX7i4kLLa6wrepXtR/EhuFPicvJEpembrXFhSUuw745jlElbsx8afYdzb51vpQ5jq4PW1zGWtLiwh6XdsqYJ3O+1HjM+UKJzzZPlnGDqP2IptSyPoIBUv1p42b4M+dL/Z/m1xhzi33r+jPmSx0hbb78eGzzFbmfjTmzrT+L/azrzzZuU7pf+ONmzJe6xmcR9+gYb/38ptnthCCcgPQ/8jT+A5qLV9RL8lcQBEEQBEEQBEEQBEE4LphTWDir6tuCROKETf4KU0+4El00+aPrv7qAq3z2/+eG9URd9RrXtav+NPuKn4h9/7jrHVf/57U1/AJQeBKcXINT3Qyn1MCck/KOS/Ng2vf75saoDc24XPW4PS7XNeKxxmWxmc1+pM+u7i8uLtyoffWf5jd6bWaalDVha6O+qnZtfo3AtfWhzleW9efPkztZ+29n/Vntm8dzrz8/Lpf4uOLtm8dtcaHPU2xcwZRP2r62/oy4pny/8MdKu6+yzJebzf7MM76jg/HHN812NwThxGFiF52PD3sfSmhurpvV7giCIAiCIAiCIAiCIAiCyty5c96VvoXjj/D5lr4Kz3tEqoP36nivmZfMa9AecHXNpusp7yKPhDXsk8N+oGQ0kzTeCdd1PPsOiZbvwoov6qEA7ra/w/3NDTFxxdnX4wri8YSDkUfQBu1RAghfncCvHleQfNIkm15csfaVcTTtO4Y5YxwDXMOfOl+qP9+Za8SjzpfVvh5XaN8YR8Lx1OLyz7iGP7+Zbf0pHQ/8We37J2z27XE5gSE9rmC9m3Fp7R3DgGW+IvaJsR+9ryLrQ4krr/WnGshn/UX6qdq3xzWp/UIxn9d+ocZj3ieBu5j1p87XLPPW/T8gecHa2e6GIJwQpB97nK4j3oeF59K6YFa7IwiCIAiCIAiCIAiCIAgahckkc+YU8tZbYzPqd86cQgqTUtJOCHEmflDiagkfiCSaNOISJmYCykjkac0M+1riJ6t987yDs+YOnPd9PPNxYBvuix04Z7dC5YrMZbt/iXvf+mhC0GY/giWeIK5ot6wJ4nziUv1Fxs0YP4t9awItL7+2uLLM16Ttm0Tt5xPXsdlX4nEmMV/WdRbnV7Wf53xNyr7R4XzmK9t9ZfObbf05MfajvZiZ/cIWxlTdz7PM3C/8L5IXtb1tO1IDODtSA1gQBEEQBEEQBEEQBEEQhJngjeEjjB89OiO+kgUFnFQyb0Z8TSdSA3hqSQQ1Sv1X70S0pmfml/1mzU3vKFNR0zO3fe/VP37Wh4Lkr7vlvzJx54dwH/0eEz/7EO6W/5rxU/txnEUf8tMUin0zLidIcMTVANbjUuIx4wrG01Z71X814vH9mOOmGo/YN/1G7WvjaI6n6i/iN4t9bHHZ7Juto/YjcWmnLPNkzlesfSUec74w4zL8Wfza41LtG34naT+yHqzrPsd8Gd2JrD9zvnKtvzj7cevPFldwv03BfqHci3nZj6x71b59vmaLsd/8bLa7IAiCIAiCIAiCIAiCIAiCIEwRxcVzZ6QecEEiQXHx3Gn3I5x4RGoAu8pHbDU3vf+fzhrAak1Pgmqe0ZqezkXfzFz181W42/9Bs+9u/wfcn68CwGn+pu7P8KtVDdX8Kn2LiyscLPxmwatRqzSIz6yV66LFZdqMvFf+BfOlzoVaC1WNJ9LGNK7YtvYhR01Zdb7yWR+2uLRT073+/HnCGpe6PmzrTxu/GPv68dw1gCPrz+I3/7iOrQZwPvYj688SV+BvMvOlGsxnv9DsW/YLy7rPGtcscfT5Jzj6Yu9sd0MQBEEQBEEQBEEQBEEQBEGYAhKOQ0nJPJIFBdPmI1lQQEnJPE/pKQg6YQJYUdYFajlUxV2oRgwVmIYqExQlYSgiDO2b7nVFn6aF9FV9uj4ytD9nPlSdD2+8Avu7QlWigtv/aOZ81fkw56TQn68KjNg3/Sp9U+PSQ1AOqPaNuBQ1ompfUyP713p2nYh95XPEfnS+tHgi9mPiMuwHZyz2idiPrg9sflUfWlzhwomsP3O+1PWnrEPVfuz6M+fLUJZG1odlvqJx6cOljZs1rjzWn23c/M/mfKHPl+2+iqw/9f7Nx75KPvuFOnb57Bfq2OXcL2z2zdG0zZNlvo4Txp+4f7a7IAiCIAiCIAiCIAiCIAiCIEwRCcfhpJJ5zJlTOOW258wp5CRJ/gpZSOKSSbQoKjlHfTVVqVp7BZdMRsV1cb0GruuQvQaw69X2NP2FOBfegFPbBmWL4dUd8MK/4D72PZzT6zMNDu1RFH7KQncBx8U99ALOSWfAGfXQ34Vz0Q0453w083loN+5LDzPx0Fdj4jLiUV+t7S3x+J2JUxua/gL7oT/MuIKj+rhp/qz2lUMu8XGp8Vjsh69E5kt3YrNvzJPRqcy0xay/SHvzvX2+MONyyRpXZL5i3gfxGOse1wlaaPY9FWy47q0iV+W93b4/fpGhidjPsR4i97MxT070/o3dLxS/udZfaMcS16T2ixzrL7DvH9LX33EkAAbg6I6H4NM3znY3BEEQBEEQBEEQBEEQBEEQhCmkeG4RhckC3nzzLY5OTLwtWwWJBHPnzqEwmZyi3gnvVJK63A8cLxHkeCkWx/ETaN6r0T5IZDn+q38iVD2qOK56OLTvuIY/wPmzB2Bhc3jx6Q04pzfgnP4BJu7/c5zxI1Bep0sH/ayO7768FsaPwIEncD5xN87i1aG98lqc8loS8xfg3rsu6HaQcPLiyaSnvNcgLt0PWlxBBEFc+HGedQmJK/8R5ldiZewI7h92MfHYD3Gf3RR0qODq+3AWXYr7h90c/fsLMvrHD3ya5Kq/AfcoEw/dyMT2n2b8OU5kHAASF/8/JP7df4WRPzJ+7xfgxYcz8fgTaLS3zpdnPzJfRkI8HEdj/BxlntQMqGP488dPXX9qQtJcf745J5ynTHMjrhj7QTwY69zIEtrWhzJASvJXPxzcV44+bo6ZYDX8BvE4xvqLaa93R7Wvr8PIPJnz5VjmS/Vn2Dfjsq0/tHGb+v3C1s9w3Ax/ZvvjgImDe3AHf49TcdZsd0UQBEEQBEEQBEEQBEEQBEGYQgqTSQpPSvLW2BhvvTXO+NGjk7o+WVDAnDlJ5hROvZpYeGcSqQHsf/CVg9FaomG917dfg9Ve4xVc+OA3Msnfg0/g/uoaJv5mPu6v1mcuO+cKnKav4L70Wyguxzn/y1b7zvlfhuJy3N//FueC64Pkr3vfeo5+7z24/+eTuC//DmfJapzmbxDWYNXj8UWNVrWh6ddVj9tqsCoX/OkA7qvPhP/+sBvcCZyqRgqu+AGJ5X+h2zT9+swtxfnAp40+u4E/13WhrAYn9e8hOVePy6Z2Vf9p/tzItWYNYNfWRn1V7dr8GkFq60OtmZtl/QVlXidr35ynIB4jLsNvvH3zuP2+0nx49l3i44q3bx63xQW5agBr03MM9rX1Z8Q15fuFP1auuv6yzJebzf7sc3TPk7PdBUEQBEEQBEEQBEEQBEEQBGGamFOYeXTz/JOKmTe3iDmFSQoSCa+MaAbHcShIJJhTmGTe3CLmn1SceZS0JH+FSRBqxH0VraGEDBV3hALCoD2hcs9/rKqquPPNWeyTw75TembG3va/g+c2ZfSjz/0yU893+X+GsiXw+P+Amo/iXHoTvHUYen8c+HPqP4fz727K2Pjd3+CsuDbzftvf4e7ehOM4uPv+DSeRhH//QShbkvFhxBUqIQ3lpx+FpsBUFJYRZanXr6AALrh7f8PEr/+LPiPltSQ+8WOc05fiLP9z6Ps/8NYbxrSpE+EdqVxGoukLTHT/Y+azPw6e48R5n8UpXxxMhb+ZRBWShh9TwazOl2I/IJhv074xjoTjGXRKPWMqS/1mtvWndDxUbNvs+yds9u1xBQJTI65gDs24tPaOYUBVrsbZJ8Z+9L6KrD9NIR23/tT2igHH8IfNvtnPqHLajGtS+4ViPq/9Qo3HUEL7xK4/db6OI47+/mmSF7XNdjcEQRAEQRAEQRAEQRAEQRCEaaQgkaBgTgKQpK4wPSR8QapNWRdRDLqWf6rCD3TFnWczUNvF2Mdmf155puXLjyr2XdzBvkzP556Me3Ab7qPfBcC57G9xrn2exKc3k/jL53Fa/zZzfddGOPgkzJmf+Xxgm+ZnYqAnY6/oJEtcSjwWJaEbjBt6XOo1EIlNaW2MJ7h/2IX7/L/A0bdwTqrAWbAiqlS0qUHnFOMs+xTunJLIvFD+Ppz3XQ4FhZ5fQkVmJK4s8+X30Zz3uPXgq2hdV7OvrbkwpMi4aesvxr62Nmzz5TtR5ykmLkybEfvR+QpsKeMYzpfNPpOw7wb3RuS+MufL6IN1/dn8mvGo4xixr6z32Ps5m30jTrPPea4/TDvHtP6U+TqOmDj4/Gx3QRAEQRAEQRAEQRAEQRAEQRCEE5yEL0gNXr0TYc3NjFo0c1r57P3zjoLXJtMgcy3q5yz2sdn/4wuZdkv/g2LfwfmA9xjoP76YUfA99j0m/veH4eXfwcQ4VF+ceX35d0z87w/jPrYx49S394H/4PU94yeRytT+5dDeTDxaXF7fHFtcSjxmXMF4WuIitBHEFfj1zr0xmImhsBhKTlNUoQS+NeXtyGsw8hrO6UspuOg6z4/3P8ch0bQB55SzcA+9CG8N63GFPdfnyxqXEk8kLst6cMzWUfto9s1TlvUX+M1lX1e2Rtaf1a/nz+LXHpdq3/A7SfuO1X647vOaL6M7kfVnzlfc+rPGZcST5X6etv1CuRfzsu9/NufLiZ+v2cYdenm2uyAIgiAIgiAIgiAIgiAIgiAIwglOpAawIvbDVBL6KrpQYRcesyoSVULhq3Yw1v4LmwFwmr4Ca+/CWdiM86kHYMEHMy17b81ck5wHE+O4Xd/BfeA/4v58Vea16ztw9K3MeRfY49lb9GESV22Ghc04H//fOBd8JWNvz68VpaWhGMwWVzhY+M2CV5tCUhtd7IrEilpIzoXRNyD9skUBbIzl+FtMPN8BTgFO7RU4ZTWBEpJFF+PUrobxUdzd/6IrVs3Om7Zd47g5115cquIT328+68O07+ofp3/9KYpWS1yqgjaiIDXmMs6+fjzefjBf5vqz+M0/rhzz9Tbs+8dz7hfuJOdLNZjPfqHZV9afOdaqv2xxzTJu+g+z3QVBEARBEARBEARBEARBEARBEE5wIjWAozU9vdfMy9usAYyRdFHt+349Xu7C/dlFOH/2AM45V8A5V2SOv/EK7v1X45x8Fs7HbofTzo0NLrD16lO4j3yHiR83kbjyDqhuJrHugcy5N9NM/HMzDPZ5ykG9n2ENYCUuNQytvRKPGVcgcHSCi5zgs/fpPVU4Tf+ZxLn/HhwH95WncPf/LipStIgW3ec24y48H6d8Mc55n8V58K8BKKi/Cmf+6bj7HsF9pS+8PC4uzbY/gf7EG+uBUCgadkTvo4tv3/Bnbe8ECyccN31dTE0NYKLzRcx8ae3DgKNxKf4U+4GBSFxGPMqQq/2M1gA24tPah/MVd185kXHQFb9Z7Uf6mWO/UP3ls19ET2fZL+Ls692M1gC2zNfxxJvDs90DQRAEQRAEQRAEQRAEQRAEQRBOcJJ6Qsz1PiqvqirQV81pGTzCc14CyvUauK6SQFSb4efDXC/xY/rzePUp3Ls+jHPGcnhPNRzajbu3A059H4lV/wRzT8H9fScM7YLR1zU/uMCcYjjtXJxFK3Gu+Cfce9Zy9CcXk3jflXBKDW66Hwa24w7tjonLiEd9tba3xON3JlA2htJDp+FqChqutkyLi/vyNib+7duR8VPNqUfdI3/CffoXOM1fxqm9Ap7ehDP/dJzFH84kubf/FE49BwoKI4rPSFxqP5R5MePKmkDzE6AR+/5nW3vPrhuz/iLtzff2+cKMKxi/POYr1hdhPMa6V7Ommn1vzMN1b4lM82W3749fZGgi9i0qbzMWM2GtzpOSUNause0Xit9Yf2actrgmtV/kWH+Bff+Qvv6Ot9wvgHt0bLa7IAiCIAiCIAiCIAiCIAiCIAjCCU4ylAZ6L74y0lD0hUpQvb2q3PMVdpkTurLQR1fu2ZSynp8zGnEa/xIWXQZzTwmvHxmCN1/LHHt0Y6bGr4otq3PRDTgX3UDiilth7slQUhGGMDKEu+cB2LMZ94UHNWWgrlgNlYRq/Kby0NFOh3GFClonvOhPB3CPvK739fV+3D0PMtFzR+jAzJfaDjkw8dj/wll8GU7lMhL163DeUwnFp+I+cx/u0/eS+NA3UWuvOp7CVFeCGnbN+YgMZT0AACAASURBVIpR6JoJ8XAcjfEL1ofeXl9/yvgZClpzHaqJVG2+XCU+Na4Y+6aSNV5RGl0fygBhSKgNpW+8Qjy8QPcbVaCbE2TEpXVHta+vw8g8mfPlWOZL9WfYN+OKtPe7OV37ReBA9xtVGJsd4rjCKSic7S4IgiAIgiAIgiAIgiAIgiAIgnCCEz4CehLKz7C9qki0K/js9hU/FvuJC78BH/ymvcfF5Zl/I0NMPLYRq8LT8Ot2bcRp/I9w6hKrPWfZNbDsGujaiPvIxqhi1XEiotDYuOIUkv6rogCe2PsbJn71RT2xiWX8bI7NxKQLjB5mYuc9FJS/j0TqE+AU4B5+laPbbs/4dZVLlTqqWtIyq6Iyh0I3uFYZt8j6iIkhn/Wh9dnzY1l/gcJzsvYj6968TLWfRWGsu9D9Eb2vtEZKXMTEFW/fPJ5D0W+1n0VhnKd9TaFriWtK9wtvXdrbW+KKdOw4Y27JbPdAEARBEARBEARBEARBEARBEIQTnEgN4KCGKKZSkVBAGLRHSR56SaOsNYCjic6I/bM/GiR/3Ye+BHt+BSNDYY8XNuN86gF4bXeg8NQVjGp4iuLxD7uguhn37lW4/Y+GTeaegrP8P+E035D5t7cDBnqCuGw1Q3XFqT8Ohr/YGqxOMFZO8JlA+Rhbg1VDnQigIIlTVIKLg9v9j7jv+yjO2ZfCxFHcnT+HfY9k/ChiWN/v9NUANu0b4wj6fPnrI0ioGv78Zrb1p3Q8vxrANvv2uOJqAAfrPd8awBjrIdY+Mfaj91Vk/WkK6bj1p7ZXDORTAzjST1sNYD2uSe0Xivm89gs1Hu0+DIldf9b9YvZxSk+b7S4IgiAIgiAIgiAIgiAIgiAIgnCCk9QTmjlqerpEEiwBSgIqvgaw3X6ghHTBOfvyTMvHvou7858N+2re0+tbNkVmTM1QV836HDmUUQgf2ktizW04jRuY+PW13kmLglBRErqhtxgFZPYawC6u3hfNvhGPNtaufjQ5D4pKg+MTT9xKomwRjB1hYuc9oQ836A1ubA3gLPOlxqPOiw1Lk2w1WLMpca1OXNt7y3wFGdOwqalgjipK4+ybXfH85VsDOE6xGmtfMeei31e2+cpWAzguLjMedf2ZNYBdPVEbv1/E2TfO5awBnO+TCGLsG2/tSmfL/TWLOOXvne0uCIIgCIIgCIIgCIIgCIIgCIJwgpPUa9YSW3PTVBb6THlNz+pLMg2e/hmO40TsqwpJzR+mX929poB01ESx93qgO3O++mLDb1jD1mrfSEznrAGsn4WIYtXoeBC4OoiWlJUXl+O6uLs3c3TX5vCUF49v0/HsazVyzQGzxpWjpqxjWQ9awlBdH4oZddz8z/4Imesv8OuZibVvXwC6fdOv4s/wG9o34jrGGsCmfZ+ofdNvlvlS/ZnzFfFr+MOwH4nLOpwzv1+g7xc57fv5f3O+zPv5OCFRZXlMvSAIgiAIgiAIgiAIgiAIgiAIwiSI1ADW02y5FK2ZllNZ05OTazJn/vRy5FIXR1cAQ0ThmctvoHo1FZLplzINSqsDxWysEjKLDz3hZFFIKhf4/Y9XMNtjsMbqxwVKrVyjras2VfviRNpY3zv6OoirAewfsiunFX9xvoJeTff6MxPI2RXPWRWkea2//BTV6npX47IqVrPGdWw1gPOxn/d+4a2bvOdLNWhxmo+iOjJ+pmI6234xyxScde5sd0EQBEEQBEEQBEEQBEEQBEEQhBOcSA3gaE1PX3FHKLgL2qMo6BzvY7YawBiJl6gCODhjKA/1fnrXqv4UxZ/W2DHteolkQxGqXaU+Mtgx/LhGfkqLS4nHVDb77V56hKM/eH9gwDEUibZapQBHf3plZAzcp+5hfOfPUVNwZo1UNbc20fldjv7mu7ric9pqAPsfzRqsjj5+WvswQReOm78evWa29ad0PL8awETnC/t8xdUAjsal+FPsa0pfJ8a+MeRqP6M1gLPV6A3nK7L+9O5HDeRTAzjSzxz7heovn/0iejrLfhFnX+9mtAZwtv1i9ilYfN5sd0E4AXj1D6/PdhcEQRAEQRAEQRAEQRAEQTiBOf20k2e7C8I0k9QTYnkoPOMUekoCKr4GsJ6YM2uVOopR18zMmAloXz0ZUWSq7e01gEP1q2E/4tux2A9rAEfHIY8awFn8agrJHIpM2zzlW6PXn9LYuNR4LPYj4xkbl82+MU9GpzLTNoU1gINMqt4+W1yR+Yp5byrEc9YAjtTotUSm+bLb12ooa+2z1ACOi8VMWKvzZFO+x+0Xit9c6y+0Y4lrUvtFjvUX2PcP6evvOMv9kqhajFNx1mx3QzgBkC9ngiAIgiAIgiAIgiAIgiAIQjaSoTTQe/ESQaaiL1SC6u2nugZw0M5UAJtKPxzdH/b2thrAGRVgTFyeb1sNYF9JaO2PoUh0/D7G1CoNErn+uEFgPzKOaqYwxr42juojbo1ca7RGqhMesLS31gC2KHTNhLhqXxu/mBrA+vpT4jMUtOZ82WoAB34dy3zF2DeVrGb7YPyCuIz1PskawHHr3vQbVaCbE2TEpXUnR81mNR5zvhzLfKn+DPtmXHmvv7dbMzzmvgrWR0RhbHaI44aChstmuwuCIAiCIAiCIAiCIAiCIAiCILwDiNQA9j9kV0j67RXlXoyCz25f8WPYD864oX4zxFID2KbwzOLXvyZWIQmBilFXQsaGEP0cdDxOUR3Gk03hafWRS4EJioLWVEjq85RJhrl60jKrojKHQje4VrcfqzCOe68cjCho/cZZ1l+g8Jys/ci6j66/magBbKS0I3HF2zePH1sN4FiFcZ72NYWuJa6p3C9sNYBDLHFFOnb8kDx/zWx3QRAEQRAEQRAEQRAEQRAEQRCEdwCJ4J2Dor7za4Z6tUodJ3PEe3VwcJzMOe9M8IrjYIoibfaJsc+f+jNnqi/W/QX20a9Vjkfq0eIYflXlpx5PovriTIPDB7S4cKL2DRGk1qewsXKtOkqO988/4iivajxW+8Tbd0L7wXiq/sz5cpT4HIs/c74CBSZZ7EfjwozLH0dzvnx/5jr0/RnzpcVjzlesff+9zX40rsCfGZdjmS9HM6uPmxKXdf3Z4orYj95XkfVhzleu9Weuh1zrzzJfof1oXJPeL4ja18/ErL/IfeVY7CvzZM7XcUDBkvMpOLt+trshCIIgCIIgCIIgCIIgCIIgCMI7gKT+CN0cNT1dsisCTSVrpAaw3X6ghHSBge0476nG+bMHsvd8YTPOV/8UyU3lyuk4Vz2QtY377C/yrgHsD4c2flbFdJxCEeO4at9eA3hyilXbAfW4La4s8xWrWM0elxu8qnEZAuAscVmdWNW9lvkyHoltUzBHFaVx9s2uOFYFd2wN4DjFajalsm/ORb+vbPOVrQZwXFzZ1p9j2kdbZ/H7RZx945xN+Z7H+os+iSDGvvHWrnSOUSDPMIUfunq2uyAIgiAIgiAIgiAIgiAIgiAIwjuEZETV6mVLzJqbYe1VW0KSqasB/Otr4PB/h/d9EuYvmMpYs5Puxx3oYaLzW8TVAAYwa+U66rCAoWZ0ojWAzYSkP27eNa45bkYN4JzzFVMDWC2hq81XkKw0/dricrLXlLXaN+Iz7Efi8j/742euv8CvEpfVvhGP1b7pV/Fn+A3tG3GZstw8awCb9n2i9icxX6o/c74ifg1/GPYjcVmHc+b3C4z9Ipf9yLo3xs+sqTwLJBbWkbyobba7IQiCIAiCIAiCIAiCIAiCIAjCO4RIDWA9zZZL0ZppOaU1PQF361/Bb//K0t6SCDQTnjn8RhJClvYRxaCphMziQ7dvr9EbyiSdeEWiLoSMjwc10WXWyjX7ps9TUANYjSvOV8awVfmpLR7/xSUSV1Sxmiuu6V5/ZgI5u+I5q4I0r/WXn6JaW3/qfJFjviJxHVsN4Hzs571feOsm7/lSDVqc5qOojoyfqZjOtl/MAnPWfGm2uyAIgiAIgiAIgiAIgiAIgiAIwjuIMAFsKAYDpV2g0CUU3AXtURR0jvfRiSjv9Paq+6gC2CFbe9W+Eyj6TMWfat9UWgb+NGWmfonqN7SvxKV2S2uv2jfiMgWOwbgY4+ca8UTa6511InEp8xVpbxs3Iy7DvqnkNO1H6qgafl1i5svaPkzQReLym9nWn9Jx1b62HtRxDDqg2o+ZLzMh6Z2IxqX4U+ybym+rfWPI1X5Gxs014tPaW9a5cV85kXHQF2ZW+5F+5tgvVH/57BfR01n2izj7ejcnt1/MPMmGVpIXrJ3dTgiCIAiCIAiCIAiCIAiCIAiC8I4iqSfE8lB4xin0lARUfA1gPTFn1ioN/VlQ/MYpI13FD54y0KrEDZSXdvshNvthDeBo++mvAawrL4+tRq8/pbFxqfFY7IevWRJofgLUovjU5snoVGbaprAGcJBJ1dtniysyXzHvTYV4zhrAkRq9lsg0X3b7Wg1lrX2WGsBxsZgJa3WebMr3uP1C8Ztr/YV2LHFNar/Isf4C+/4hff3Ncu4Xp6CQOZ++cZZ7IQiCIAiCIAiCIAiCIAiCIAjCO41kKA30XrxEkKnoC5WgevuprgEc+PPxszSKWVPRpzcw4jHjMhSfZly2Gq+Z9FSoJFTtm8rDnDWAjbhsNVgj46hmCmPsa+NoqQEcuDXny5QaG+3jagxH5stIiEfmCTMu7HG56kdj/akJSXP9+eZUxadjma8Y+6aS1WwfjJ9lfSgDpCR/9cOR9WfWvg4u0P1GldrmBBlxad3JUbNZjcdyX0XmS/Vn2Dfjynv9Tft+YSqMzQ4xa8xZ/10SVefMXgcEQRAEQRAEQRAEQRAEQRAEQXhHEqkB7H/IrpD02yvKvRgFn92+4sdiP/RrXqYq+KazBqsej+slVGNCiH4OOh6nqDbiiVF4Wn3kUmCCoqA1FZKWuDTFqiUezW8OhW5wrW4/VmEc9145GFHQ+o2zrL9A4TlZ+8fJ+jNS2pG44u2bx3Mo+q32syiM87SvKXQtcU3pfuGtS3t7S1yRjs0OhZf9BYUtV89uJwRBEARBEARBEARBEARBEARBeEcSqQEc1BDFVCoSCgiD9ijJQy9plLUGsJrwyW4/vkaqn9wLFZ66glFrrCgezbji7Otx2WqGauk5TYGp+MunBqsWqBJXrH1lHHPUGI6v0Wv4m7YawKZ9YxxBny8/Loz5mpYawDb79rjiagAH6z3fGsDEzFfEPjH2o/dVZH1oCuk81p9qIJ/1F+mnrQawHtek9gvFfF77hRqPeZ8E7mLWn3W/mBmS562m6JrvzrxjQRAEQRAEQRAEQRAEQRAEQRDeFST1hGaOmp4ukQRLgJKAiq8BbLcfKCFz2tfP+/ZjFZmxNYYtTvJVECpKQr+72viZ/nzj2eJS/VkUmUpWcJKK1bi4/OO2uLLMlxpPXvb1t9lqsGaLK+d8qVlDW01Z5ZHYmWWRReFuWWex731/+dYADuy7edpXzLno95VtvrLVAI6LK9v6M2sAu3qiNn6/iLNvnMtZAzjfJxHE2Dfe2pXO+v013RR8oIW51/14xvwJgiAIgiAIgiAIgiAIgiAIgvDuI6nXrMVQ1tlqANsSkqqyzk8W6cpCn1w1PXPbD5V7mj9Mv7p7swZrmCj2/XqXE7WfaR1jX+226s/7/0hcZkLS0Xqj1Kx1og0i9i3jGVMD2KYc1fyZA2aNK0dNWat9I76YGsAR5bI/fub6w5ivWPvmArDZz7I+DL+h/Zj1N8kawKZ9n6j9ScyX6s+cr4hfwx+G/Uhc1uGc+f2CSe4XkXUfs1/MAMnzVkvyVxAEQRAEQRAEQRAEQRAEQRCEaSdSA1hPs+VStGZaTnUN4NC+fqlVwWcmPLP6zaKQVNpH/JlKyCw+9ISTvUav9lzirApmSwxGnFrC2qjRG+2bPm5BDWA1rjhfGcNW5ae2ePwXl0hcUcVqrrime/2ZCeTsiuesCtJ8118W+1poEInLqljNGtex1QDOx37e+4W3bvKeL9WgxWk+iurI+JmK6Wz7xTRReNlfyGOfBUEQBEEQBEEQBEEQBEEQBEGYESI1gKM1PX3FHaHgLmiPoqBzvI/ZagBjJF6iCmCHbO1V+0ZtVEXxp9qP1AAOatl6LcxEkOE3tJ+tVilBgiu0b8RlChyDcTHGz1KrVG+vd9aJxKXMV6S9bdymqwaw/zFmvqztwwRdJC6/mW39KR3PrwYw0fkiZr7MhKRfKzcSl+JPsW8qv632jSFX+xmtAZytRq9lnRv31duqARzpZ479QvWXz34RPZ1lv4izr3dzcvvF1OMUFDJn/XcpbLl6eh0JgiAIgiAIgiAIgiAIgiAIgiB4JPWEWB4KzziFnpKAiq8BrCfmTCVu6M+C4jdOGekqfvCUgVYlbqC8tNsPsdkPawBH209/DWBdeXlsNXr9KY2NS43HYj98zZJA8xOgFsWnNk9GpzLTNoU1gINMqt4+W1yR+Yp5byrEc9YAjtTotUSm+bLb12ooa+3zU7hr782EtTpPNuV73H6h+M21/kI7lrgmtV/kWH+Bff+Qvv6mOfdLsqGVOZ++kUTVOdPsSRAEQRAEQRAEQRAEQRAEQRAEISQZSgO9Fy8RZCr6zFq5/utU1wAOa/R6+Fkaxayp6NMbGPGYcRmKz0gNYEUZqCkGCZWEqn1TeZizBrARl60Ga2Qc1UxhjH1tHC01gAO35nyZUmOjfVyN4ch8GQnxyDxhxoU9Llf9aKw/NSFprj/fnKr4dCzzFWPfVLKa7YPxs6wPZYCU5K9+OLL+zNrXwQW636hS25wgIy6tOzlqNqvxWO6ryHyp/gz7Zlx5r79p3y9MhbHZIaacxMI65qz5EskL1k69cUGI0Mct13fQE3u+lLVf38DqipnsUjuf/0k/jX9+PdemZtDvlOCNZ+2l/ODzKyi2NjmR4xMEgcEt3Pj9XgZiG1Rz7c1tNM5gl3p+ejO37Jx5v1OCP57LWrn1mhyb4mTaCoJw3DDw0G3c+GA6vsGM39ODbP7+z9hEPTd9fSWVM+j5hOBwP10dW9m8fZCh0cyhwvll1K5ooO2yeiqLZrd7gvBuIPPdbpp+Fve+T3H51dx02RQZl+9ogiAI71giNYD9D9kVkn57RbkXo+Cz21f8WOyHfs3LVAXfdNZg1eNxvYRqTAjRz0HH4xTVRjwxCk+rj1wKTFAUtKZC0hKXpli1xKP5zaHQDa7V7ccqjOPeKwcjClq/cZb1Fyg8J2v/OFl/Rko7Ele8ffN4DkW/1X4WhXGe9jWFriWuKd0vvHVpb2+JK9KxqaNgyfkUfuhqkhe1Tb1xQchFaTVtH1tMaeREEdXRg0Iudm/l5oeq+NZlVbPdE0EQposz69hwse0eL6VmxjsjCIJw/FPTvJKWsywnyqpnvC/vKvZ3c9sjByhftpK1S3N8sX9lK9/52230TxRRszRFy7IKSg8P0vPUi/R1buHGR3ax/saraC4BSNP3wBa6X19A67omJj2Lh/vY9Ks9DJ21gg0XyhoQBEEQBEE4HonUAA5qiGIqFQkFhEF7lOShlzTKWgNYTfhktx9fI9VP7oUKT13BqDVWFI9mXHH29bhsNUO19JymwFT85VODVQtUiSvWvjKOOWoMx9foNfxNWw1g074xjqDPlx8XxnxNSw1gm317XHE1gIP1nm8NYGLmK2KfGPvR+yqyPjSFdB7rTzWQz/qL9NNWA1iPa1L7hWI+r/1Cjce8TwJ3MevPul9MnkTVYgoaLiN5/hoKzq5/e8YE4e1QVEaqoV4UEFNI/4MPsCm1gbVnzHZPBEGYFk5eSFODKBwEQRDypfSceppk25x5Xu+ne3s/laeNsnZptoajdD+wjf7xUlZ/Tf8O23QJcHgP7R2HSJWE7fv79tE9eJTGY0kAHxmkZ/s+BsYXs+HCyV4sCIIgCIIgzARJPaGZo6anSyTBEqAkoOJrANvtB0rInPb18779WEVmbI1hi5N8FYSKktDvrjZ+pj/feLa4VH8WRaaSFZykYjUuLv+4La4s86XGk5d9/W22GqzZ4so5X2rW0FZTVnkkdmZZZFG4W9ZZ7HvfX741gAP7bp72FXMu+n1lm69sNYDj4sq2/swawK6eqI3fL+LsG+dy1gDO90kEMfaNt3als35/2XAKCmFuCU7paTjl7yVRtYSCs86lYPF5OBW2P4EXBOGEp6KU6qE0m/++neob2micN9sdEgRBEARBEIRsvEjfLqB8EU22P2Ccv5i2T850nwRBEARBEITZJOlc9wYQpkDiXqeKmfIjCIIgCEKIX2Nyw18tZvePt9L1yjgkS0h9+CNsuKyCgYfu57bOgwyNQmFpFW3/8Spa/F8eBXWGruK68se55Zf76B+GwpIymq5czbrlFRRmcz5xiO5fbmaTX4ssmaR66XLWtTVTMw94qYMbftjH0NJL+fu/WKHbOtDBDf9fHyPnr+IHn6oDYGjHA9z2wB72HhqHRJLK1AVsWNdEdVK57sg+Otp/y+ZnDjEyDoWlFbR8cg1tuR6dB1DZxPWrdnPDT/q5o72P2mtS9nrAPuOD9HRuZfOjB+k/PA5A8cJFrLvmEzSVmWP4CdbzOLf820HS41B4xiLWf+4TNNHLHT/dSvf+ccYSSSovaOUbn6zT/I7s6+KO+7bTt3+cMaB0UYr161tJzc8dkiAIkyWsMfmNP4PNP+ulLw0UldLc9gnWL4Pu9vu4q8fbY86o49ovriLl/8FIUC/8C7S+ouyvZVWs/tQqVp+TYy8y9jCKSqhZfgEbPl5PeQJGnribL91zkPKWNjZeoeu2xrbfzV/edZDqKz/Lty4pi+7BRaU0XtHKhgurtf12SveYQ73cddfjdO0bZiyRpHzJuWz48DHYEQThxOFtftcJ6qH/txUM3PmvbH5+mDEy+8f6T6+kNsdeZO5hhWUVNK9azbqGMmCYrlv/gTt2l9D6lS/QtkC9cpTuf/4Rtz1TRtuNn6V1dAa+swVj1cZ1Zdv44S/2MeDvz2tWce0FVUAft1zfQY93ycCDP+PzDwIVcbWPSyidDwzto/sVsj7FRq/r3M8t198MQOOfX8+1KUjv72bzfTvo3j8c/Dco1fIRNly2iGL/v4+D3uU7O/j89R2AV8ve++9fpVmf1Hb8yD423/mvdLyQ8VNYUkLt+ZeyblUd5Ylssy0IJxh53fMhY0O9tP/8cbpeGmZsIlPHO/WhZtY128o++fekdw/mOj6J72h5/dwtCIIgHNcUfPvb3/72bHdCEARBePu8Mvj6pNrPm1OA4zjBPyDre9T3hA8Xj7RTXnMdM9/n8znX8Tgm276w8ET4rcMg2zr2MjDvNBrryyl8a5RR9d+4w9w5mZ/OBnb+jm2vvsnu3n6obeSTF5Qx8tLLPPvsHva8+BwP7prgvMsu5LxT0+x9YZCenUMsufR9lDvA8D46H32FsaMHeXjHKIual/PRpSX88ff72bn9KfqS53Dp2d7z5Aaf5Ve9aSrrL+S804GJg2z+nz/jrmeHKV2c4qOXL2FJwZ/o2/ECnd2vsOjCOk4/9RQmdvXy7AuHKb6ggZq5YYR9//JrOg+czNrPXUbNXBjYcht//YuXeWP+e1mzagVNC8fY293H5mfGOO+DZzEfYHQXt333fjoOTFDdtIJPXvpe5g++xJbfPsXge5fRWBH3E6s3nmfU8MnWC3nvazvp2vE8z2aLD+h/4Gfc/NvXKT2rjtbLU5xXdZTf975E13YvvmQ4humBF+l67T20Xr6C1EmH2P3cK2x7bi97HnmagQUfYO0lZ1Dw6kH2PLeHPSW1NFdnskljz9zL1//xafrdk7n0oxfy4dq5DD7zDA8+qvgQBCE33r34Rnkll54zX98z3xpldCLJ3MIEMMyeR59i9+E/0rP9DU6/+DxWLy1g4LlXeLZ3H3v27aDz1TI+enmK2oLXePbFg3Tvm+DS86uZC8FeUZh+kY7+JBe2nE/zoqMM7HqZbU88o+1Fmf25lPM+sjTzC/0jfdyy8ddsOTBBdX2KNSvP5PThQbb1PseWZzN7XVllkj927WH3y2Ms+nfv4/TgP3GH2PJ/HuHZscWsX1/P6c4gm//2jswefG49n7zsHBZNDNLV2cNOZW875j3GH88zalizzNsUj/Rxy9/8G78bTPDe5SnWfmgh8w++wF1bX2Fs7ChjaltBEI573nixh84XRilfvJTa0tHIvjlRMJfMtvn2vutk9sIC/rjvKX6fXELrR5awhD/S98xLdD2p7kXe/swZtDSfzXxgpK+dG/7pWfrdkznvQ8v56NJS3nh5H9se7/X2ulOoLhliS88r9B89hY+ee1oYYPpxbv+/Bxg7v4UvLj9tZr6zeT5GDr1Ex65xGi/LtBv6/cvs7t3DHxedT/2pcymrOIXa96Tp6T9CaaqJq1traTz3LGrK51MQmalSysafpXNPmj2PP8m2l/7E2Px5VJ40n0JjD59bMo/Ks8vgpQMMjJbR8pkL+fAHziZ11hmUOdv4p42P0OOcQv3FDXz0gkpKhw7S3fO09524lPnl86mpOsre59OMnlnHho8to/EDZ7Ok8hTmev/9m3/OMlpqSkKnkeP9tP+/v2DzgUTwfb1s+BDbep5mb8lSmqvnIggnKpn9bC61zY0sKSHPe967+KUO/vpvH+fZw8UsvaSeNc3vpeyNP9D96F4mUitYWpCxRXAveXvisPJdEuzHJ/EdLa+fuwVBEKaB8bGJ2e7COwr5daEgCIIgnOgM9XHzt/uixyMKgVFqVn2B687P/DKm6eQ3+dKte9j7Ygnrb7qK5nkA9ZQP38wtO/vp2w+1ZypuXpqrtIOm8xZyy8YOeh7cQnfzVTQVRbswtmMrmw5A+SVt3HSlp1JraKLlnLv50j37uOuhfjZeUU3LxVW033WQricGafVVAaPb6Nw2DktTtJRmPrc/mIaKer71tZVUJjL9bV54P1+6tZeO5y9l/RLof2gr3cNJGj/zWa5t8GJteD/l//N22jufpG1ps+Uvp02KSH36E6x9xYPeUAAAIABJREFU5W42PXg/m5duYHWMkqJ65VX8zeWllAbfqupJFd3OV+/bR/cLkFLqtY0ULeEbX2ulJgFcUA0Dt9O+f5ChS9rY6I1P89lw4/d72bvrRcaayyikn02b9jEyr5oNX2+jyZunpmXv4Ts3dbP5yTSp5jyUzYIghDzTxVef6YoeX9bKrdcoRS6PJGm+bgNt3l5Yy+189b5D7D6U4hs3+PfyIvj+z9i0bz99o9Cs7IX96QVhO+ppTm3hOzf30r1pK61LW601F/u3PErPMKQ+9dlgv6ahmcb7/oHvPbyN9u0XcN3yOlou2EpX5x66noGU3+UD2+jcD+Ut9aQSMLZ9C5sOQOVlV3HT5Z66pKGJ6nt+wA87H2f3yjXUTvEes/eBrVn6P5q3HUEQji/62m/jq+3R475q1OfYvuv4HCK9MGxHQxOND93GjQ+G3xmj9LP5/n5GElWs/7ryPbW5lvaN7XT431Nr62ku20PHtqfpaauj0ftbz/5HnqafElqb6zSrM/GdLX3kVDb8ldLulGE+/5N++nb1w5JqahrqqUnu4bauQxQvWEJTQwXZqFz552w8+f6MunB3H+27+2jHU0OvvJTV51dTmsg8taLpjEGGOrrp4SRqG+oV1eAK1v/1YkpLw342LTuVsRsfoGvnLoZWXkplbT2VZa+x+df9pE9eSFPDMRSHHtxD3yEobl7NNz6+KOOnoZm2w4MMzZHvtcI7k1z3PPTTfmcfQxOlrL4+rOXd1NDM2nSasVJgMN5+LvL+jpbnz92CIAjC8Y8kgAVBEAThRKe0mraPWR4HNa+Ccr0hNWcrf4lfVkIpMLK0LvhlGUBlZSnsTDP0J8Oe0Y55KVqXb6Xn4YP0vQBNS4nQ98xBoISmJv0XdsUr6mi85yA9z+9jiGrKGy6i9cF2Op7opf+yTFIk3d1H30SS5gu9x0K/0E/fBJTXVlM8nMZ/cB0LTqeGPex9aRCWJOl7fhioInXOOOnDfqsCqheVwMMD7AXll1xZSFSxel09PTf3sunHHdTe0EqNrd28UmXsxxk5PAxzMqqFyB8uLlroJYIAyigvA/Yb41NRQSUwcCjNEFA5tI/dh4Cl1dSOp0kf9vt3OrXl0PFiPzQfwy/eBOHdzJl1bLi4Knq8zEguJCq0P4QpPeUk4BDly89V7uUKKiuBwWHSaUD5/bzeDjijmZYlvdyxu5++IajWN2lgkL5nhoFqmlaUaGdqmhZT/nAvfc+9CMvrqF65gtTWrfQ8uY2xVGaf7OvaxRBltF2ciWP3c5k9OHVOibIfQvWZFfDEIHsHoTYxlXvMILtfGM3a/6E8LQmCcHxR07ySlrOix8vNnOyxfNcJTkS/M1ZeUk/qwa30+d8ZzQ54iURSxvfURDXNy0voeMj/nlrN6suq6Linn64dozQuL4KJXXQ+PgwLm2hdYNidie9s7z/XSwR5nF5GJf0MpNMcG0nKl3+Cm5aPMzK0n73P7qGzZxe79w/S2d5O52P13PRlP5kTj5r8ZXSY9FtJikuAscwjraeE8mpqSnrp2tFF+zlFrF5SRXERMN/8+UUQ3kHkuuf9PaS2PvLHx4WlpdnLLuVkEt/R8vq5O/sfpAiCIAjHB5IAFgRBEIQTnaIyUg31llpgJqVU2n6jkog+RM5GeUVZ5Fhx8VxgNJroBGCcsVGAJJEnavs+/V8kJappvbiMjvt20bm7lfW1/XQ8cgjKUrTUek3fzPxV8tDD9/PVhy3uBl4FShk5AnCQO759m6VRkoFBtARNVs5YyfXrDnHDnX388M5KNjZEm4wN9XLXnV10H4gbh5DK0061HLWMj8qRUUYgXrGYGGQA8ph/QRAC8lUslZdafxFdWJDfj1GVp5mbTVHmF9wA1v3izUy9RbDsm2R+8TfuNZi3gpYVj9L3RB+d6RW0zjWemsA4I8MAw3TcchsdFm/9rwInT+Uek0f/BUE4ISk9p56mPLbNY/quE3qJflctKsrsHXHJx9Gj3ndJy/dZb6/2v58Vr6in+f6DdD3yJOnlzRTv6KXrCKQuPi/yh5Qz8Z3N7mMqSFJcvojUJYtIXdIKo/1s+rt2Nh/opX1HM9cttzy2x2cize4tD3DXIwcZGDbOTWW+J7GY9V9eCT/eSsdP7qYDKCwpI/Vhr87piVCNRxAmSc573t9D/H1vSsn/O1p+P3dLAlgQBOFEQBLAgiAIgiDkxdDgITAeWDoy8iZg+SESgCSFRQDj0cToxNHMa2Ey+GGztClF6ldb6XpsG20cpOsQpNZdGngs9OoZl6aaaFt2UtRdWTUwSnESoIyWzzRYFLtFVE/yqXLFDatY33c7t+z8DXdMmEnwfbT/cAtdR4qouaCJlrO9fv1+B7d1HZqcoziKCjJjFKdYjCi9BUE4Xhj4wyCg3rejjPhP2LPum3O9PcxLWKhtJsgkOZLhj3Cp5jrKn+ij85F+mt7TR99ECa0f8Z6aEOzBRTRe0UzjyVFv5dXA6FTuMXn0XxAEIZY0A0OAqnwbHc3sHcp3Rg3/e5L/3VLlaCbbEXxPTfiPz3+ajgPvp/SRg1CWYm22hOhkOF6/sxVVs7alms139jN0yHhUhUH68fu5+cFBCiuqWbtqMeVFAG/Q86tuet5OH8Ytx8rqWf+1etaPD5N+9SDdW7fQft/99P+pLeZx34LwDsffQ7x97+0lgc2fwfP/jpbfz92CIAjCiYAkgAVBEARByI9ndtF1pD58vN7EHrq2j0KiitQ59ktSS6tg50G6u/tZe2X4g+LItl30AOVLFoW/CCvy1Wy93Px6mpF5i2lpUH4ht2QRqUQ/fW9AbUO9rtQYH2fMS4qklpawaXCYsZJ6mozaRGPjUDjpbz8lNH7mE6weuJvNfWbRpTdIDwMVdaz/ZHOg6Njb//hkncRTsZhUWS8DQ+OULqunVvthfZwxYn4hKgjCrDO0/Wn2tlaFjxFNP0nX80BZNSlrFqDC28P66d42TNP54SP69nbvYQhIve/ssPmCFbQs7KP98Q5+OC8deYypvwenC6tpatD/gGVsfNzbD6dyjwn73/nYIZqaQ59+/wVBEOIZjnxnTD/ZRx/Gd0YV/3tS5HtqP13bhyPfU6svPpfqzm667rmX4gNQfeUKaz32Y2I6vrN5yuaRN0w5rsko3fdthovW0FRuftkdpnvnQSBJzZl+8jfpZZfezDw9xxu3keHMXymlVrWx2ld8H9lG912AmidPeLEMjzACFPvHTyujnH4GNIWg718lzdBQCeXlSUiWULpgMa3r3mTv9g56BgYZo1q+3wrvPvw9ZHcvm19ZEdQABhhLpxkrLQ3vtfAiyk8HBtP6k65e2UXPkN4u7+9oef7cLQiCIBz/yI4tCIIgCCc6o4fo29FLf+REEdXvr6NyikQNpZXDbPr+7ey+6P2kil6j8ze72DsM1ZdfSlOMj8KGS1m79W42PdzOjYMpmleUMrbrWTp3HIKSRay7TP+Vm69m6z8A5S31pNRfnBWtoK21l74Hu7nh+/tp+WAd1fPfoH/nPrp3pUl97ousXwLVKy+i8YkOum79EQMNdTTXnQpDB+np3cPuecvZ+MXmaL3kXCSqWLu+nr6be+nX/pJ6AbWLoGdfL7f8FFpTRQxs2033fpvM4VipZvWaarp+soebb7qdpoveT6ochl58ke7tByle9Vm+0Rx9PLcgCFl4fT/dOyxqMUqpbVg0+T0ihsp5/dz8P+6m5YN1VI7uoePf+hmYKKJxzUWxCQd/D+tpv53vvVBHc11mX+ncPQwLVtCmKdXKaLm4iva7DtJ/BFKX648xDfbgX97OjbtSNK+ooPTwID1PvUjfYBXXfXsNtYmp3WOC/v/ydm58sT7YFzv3j1MMmUcbCoJwwpF+oZduq4pzEU1nTtWuWUrx3l9y4611me+MfX1s3pmGkmraVsbumt4e1s8dwffUNN2/66PvEFSvWql/Ty09j9al3dz2TJqRRBUbmqbyO9Q0fGerS9Fcso+uxzZzc+F5NC+osP93ariP7sf20ffwD7hrYRWpcxaSWnASY0MH6enZRd8gFC9rpS3448gyms8vY9MvB7nrh/cy0no2lZV1pM6soJg0Pb+4nbv+2ED16It0/e4gA+Z3/fIUzYu2cdcLXXzvnjFWLzk183PHGYtpLOulY+dWbv71CM0LYGjnDjY/Yyye3Vv5zq17KFxUTdMHFlM9/w32PtJLD1B5liR/hXcr4X62+W9vo//iWpoWQP+23XTuHqflK1+gzXJzNKaqoO8gm358L4WXn03p4YN0/NsuBhJoJUfy/o6W58/dgiAIwvGPJIAFQRAE4UQn3U/7ndH0L5Sy9ut1rJ6i8jzFqVVcV/44P2zvons0U6er8ZMr2XCh5RF3PokqVn/5s5T/cjObtvfRvhtIJqlONXFtWzM15i+TFpxLU3kfm4fKaLk4+ou+yss2sLGqg7t+vYvO+w5mHo01v4zU6o+w1ld3zEtx7Q2n0nX/v7JpZy93bM/4rFy4mPWfvuDYEztnrOT6tkG+dI+qYCij5XOfYOTOf2VzXy939CUpX7Kc6z8+wI3WOTk2ilNtbPxKN+3tT9Ld0UX3BBSWlFC9fCUbLpDkryBMmpd2cdtLuywnqrm2YRGNU+Sm8rKrWP/K/dyyeQvpcSgsq6B17RralpbEXzQvxbU3nERH+2/Z7O9hRSXUXLiSDR+vjyjgChvqaLzrID3mUxMg2IOrH/hX2p/w9uBEktIFVay95tJAnTale8y8FNd+bS6bf75F2RfP5frPwh0/6pUEsCCcoOzt2sJeS1lblrXSdE0exYHzopTV165k4M5/ZdOdw4wlkpQvSrFufSupefFXFafa2PjFLu64bzs9D3bRTWa/bfnMatY1mHtYEU0N1dz2TD/FK+pj/4jxWJny72yJxaz/y0sZ+fmj9HV2sTvuv1MlK7juv1fT09lFR89BerYepNuvfVxRQcu6j9C2vEJLrJY2/xnXvX4vdz22j/Y791F5eRWpy9bwrc/cyy2/3EfnfVsoLCmjed1qUvfdyybNYRktn1vF0I+30rmtm9ue8H/u+P/Zu/u4qOq8/+OvGQYGBnEEEQQEb1FQScXbiHTNwjbL7Ibd8tqyba1d96b6rV677bVX/q6t315te+le1aNdt3K3tNZysdY0LSk0lTRKUcMUb1EUUUQUkZuBYeb3B4KAoKDA3PR+Ph48mDnzPed8zoifc2Y+5/v9xpA6ZwoVSzeStSGTXKOJiIQJPP1APs8ta3RtPHgSc+62kbb+BOkf1C33DQwh8e5pzJqouUXl26txPsvZkEUOFz/v3j2JlAhoaTgV39HTebpkFYs31P1f9rWGMfn700n4cBVrGg9g1Y5rtDZ97hYREbdncDqdTlcHISIi12/n7rx2tQ/u5ofBYGj4Aa74mMaPAQOttGv0+2rLmj9uy/OrLW9Ne9sHWHSPVIOiDOa/sBNuf4hnb+vkL2RKM3nu2SyKx93BS9+P79x9iYh0lpw0Hnszn8RH5jKno+oircldxZOvHyD07h/yzETdECIinil76UIW7YphzsLUDrsJpzU5y1/i5S+7kzr/h6R0VOdlEREREblulRUdOaKeGK/eRERERKRr5Hy8nXwCSU5W8VdE5OpKSP/4ABXGSFI6dBhTEREvVZrJyi/tMCyBySr+ioiIiIgXUwFYRERE3EPlNjZss0P0cFKiXB2MiIgHOLqNDcfolGFMRUS80aHPdpOPieSkMZpnVkRERES8mscPAb1t134+ysji5OmzVFfXNCw3+/kS0bsno28YzO2Tx7owQhGRrqEhoK9MQ0CLiIiIiIiIiIiIuCcNAd2xPPrb7XWfbWPF6o0tvmarruFI/kmO5J8kNMTKmBGDuzg6EREREREREREREREREZGu5bEF4KPHTzUp/k6ccAPW7oENz8+cPc+Wr74B4NWlq4mYN4uoiNAuj1NEREREREREREREREREpKt4bAH4ZFFJw+N/u3cK37lp5GVt+kf35h/vZwBw5PhJFYBFRERERERERERERERExKsZXR3AtTp1+iwAPUO6M3rEkBbbjB4xhECLPwBnSs53WWwiIiIiIiIiIiIiIiIiIq7gsT2Ak8YO48zZ80y6cQRB3QJabBPULYC5P0nl083ZJI0d1sURioiIiIiIiIiIiIiIiIh0LYPT6XS6OggREbl+O3fntat9cDc/DAZDww9wxcc0fgwYaKVdo99XW9b8cVueX215a9rbPsDisfdIiYiIiIiIiIiIiHiUygq7q0PwKh47BLSIiIiIiIiIiIiIiIiIiDTl9t2bjp84TV5+IYVFJZwsOkt1dc11b9PPz5foqF6EhfYgOjKMmKiwDohURERERERERERERERERMS13LoAnJ1zgCXL11FRaevwbefsPQzUFYOnfmcM06cmdfg+WlJZVc3Li9/nYF4Bc2ZNJ/GG2C7Zr4iIiIiIiIiIiIiIiIh4P7ctAP/ljQ/Ysftgk2V9InsRGOB/3duuslVz9PgpAKqra1idvpXDRwt56vH7rnvbIiIiIiIiIiIiIiIiIiKu4pYF4H9+8FlD8dfs58uD905h2OC+9LB267B9lJaV82V2Lu+v3YzdXss3+46Qlb2X8YnxHbYPEREREREREREREREREZGuZHR1AM3t2X+UTzZtB6BbYACvPP8EN40d1qHFXwBrUCC3TRrNoheeomdIdwAW/2Mth48Wduh+RERERERERERERERERES6itv1AN71zaGGx/fckdwl+5z1van86a9pAGzdtocBfSO6ZL9t4XRC7sF83l+zmfyCUzid0KtnD+6+PYmxI+MwGC61PVd6gU82bWf7rv2UnCvD6XTSw9qN794yju8kjcRoNJCZlcPStE8YMjCaX/xoBn5+vk32t+Wrb3hz+TrGJ8bxyPdvx8fHyJmz5/ngo8/ZnnOA6uoaugUGMGH0UO6+PQl/s18XvyMiItJe9tpaqm12qu127PZaHA4nTqfT1WGJiAcwGAwYjQZMJh/8TCb8zCZMPj6uDqtTKWeKyPVQ3lTeFJH2Ud5U3hSR9vk25k25Nm5XAD51+iwAkb1DmTjhhi7ZZ3xsDOG9gjl1+iyFp850yT7b6qudubzx7scYjUaGDu5HgL8f+w4dY/E/1lJcUsodU8YDUFll4y9vruLo8ZOE9wpm3Kg4qqtryD2Yz7srN+B0OplycyIJ8QMIC+1BXn4hR4+fInZAn4Z9VVfXsHXbHvx8TUyccAM+PkZOnynlxddWUFxSSp+IXkRFhJJfUETG5myOFRTxs0dnEOCvIrCIiDuy2WqoqLJhtzvwN/vib/bDFOiDj9GAofEdRCIirXA6ndQ6nNjttdTU2Dl7rhyTyYjF34zZ7Hv1DXgQ5UwR6QjKm8qbItI+ypvKmyLSPt+mvCnXx+0KwMdOFAFcUy/ct9I+YdMXX5M8bjizvj+1Xev2i+7NqdNnOXGyuN377SzHTpzm3ZUb6NG9G08+di+9w0IAqKi08ee/r+Szz3cxZsQQwkJ7EOBvZua9txAaYqVbYMClbRQU8adXV7Dlq2+YMHoo1u6BjEqI5eP1X7J12x4G9e/T0Iv46PFT5OUX0j8mgr59wqmuruEf733KmbPnmfW9qdw4ZhgGQ12v5DWffsHq9K3syDlA0thhrnh7RESkFbW1DsouVOJwOLBYzBqtQUSumcFgwORjwORjxN/sS1C3AKps1ZRXVFFZVU1QtwB8fNxuVpl2Uc4UkY6kvCki0j7KmyIi7fNtyJvSMdzur+B8WQUAwc3m/P38q908Nnchb6V90uq623btq/v99f527zcstAcAZeWV7V63s+w/dIyyCxWMShjUUPwFsASY+U7SCM6dv9CkYN0vuneT4i9AUDcLfn6+XKiooqbGDsC4kUPoFhjA/sPHOV9WDtQVdbdu20N1jZ0bxwzFz8+X02dKyS84RVTvUEYMG9hQKDYYIGnMUKxBgew9cLST3wUREWmPKlsNZ86W4etrIiQ4SB8sRaTD+Zv9CAkOwtfXxJmzZVTZalwd0jVTzhSRrqC8KSLSPsqbIiLt4015UzqO2/UAbs2OnIMAbPria+6782YsAf6XtYkI78mhIyeIDO951e19/tVubho7vOF5n8heBAUGkDB0QMcFfZ2OHDsJwCcbt/PJxu0ttjlx6gwjhw8C6obPXpuRxb5Dxyg9X47dXtvQLiS4e8PjPpFhjBo+iMwvd/PNviMkjR3G6TPn2J17hLDQHgwb0g+A02fOcaG8irILlTz1zJ9b3H/J2TJsthoNLSAi4gYqq6q5UF5JD2sgfr4ec4oXEQ8VaDHj6+tD6flynM4Aj5sWRDlTRLqa8qaISPsob4qItI+n503pWB5z5unbJ5xd3xwC4PSZUvr2ubwA/PQvHmTfwWMMGRR9xW399vm/UVR8jspKG7dOHA1AYkIsiQmxHR/4daitdQAQHRVGn4jQFtvUF7uPnTjN/766grILFVgCzMQNiiGoWwDV1XZ25+Y1WcdggBvHDOXLHbls3baHMSMGs3P3Qc6WljF9ahLW7oEAOBxOnE4nQd0sxMfGtDhsQHhoMEaj5qgQEXG1KlsNF8orCbZ2w2TycXU4IvIt4edrItjajbOlFzAYDPh7yE2Bypki4irKmyIi7aO8KSLSPp6aN6XjeUwBuHev4IbHn32+s9U5fq9W/AUoKj4H1M2l6876RPbiq5376B/dm4dSb7ti26PHT1F2oYKE+P789Id3Y/Kpu7AoOXuew0cLL2vft084/WMiyMsvZM/+o3y1M5dgaxDjE+Mb2vQM6Y4lwJ9Aiz8PzJhMUDdLxx6giIh0iNpaB+fLKuhhDdQHSxHpciaTD9bugZwrLcfXFOT2cw0pZ4qIqylvioi0j/KmiEj7eFrelM7hMQXgUQmxREeFcaygiMwvdzNm5JCGoYqvZN/BY0BdYfjYidP8a21mw2trM7Lw8/Pl9sljG9r2jQ53m7kYEuIH8OmmbLJzDpA0dhgD+0U2vFZdXcPh/JPE9o/Cx8dIN4s/BkPTnrhOJ2zZtodz5y8Q3COoyWt+fr7cOGYo+w4d4x/vZ1B2oYKkMcPo1bNHQ5uIsBD6x/Rmz/6jbNz6NdNundAwD7DTWTdEdc/g7nQPUmFYRMSVyi5UEmjx15BSIuIyfr4mAi3+lF2oG+LOnSlniog7UN4UEVdyOBzY7bXYax04HA6cTidOZ+fsy2AAg8GA0WjE5GPEZPLBaGx/IUJ5U0RcSXlTPJHHnIVMJh9+8vBd/Pb5vwHw4mvvMWxIPwb0jWDIwEu9fsN7BdPD2g2omzf4L29+AMCE0UP5YvueJtusrXXw3oeb+HTjdgb0jWDH7oP07RPOf/6fH3TJMb214hOWf7ChxdceSr2NYUP6c/vksfzro0z++Od3GdA3kl49rZRdqGT/4eOYfHz45U/ur+vN2zeC3mHB5OzN49mFS+kX3Zv8giIuXKhs9WJj2JB+hIX24NTps5gvFoQb15D9/HyZ8d1kCk+d4YOPP2fLV7sZ0DcSh8PBgbwCzpVe4J47krljyvjOeHtERKQNbLYaHA4HgRazq0MRkW+5QIuZkrPV2Gw1mN10iCnlTBFxJ8qbItLV7PZaqqvt2Gtru2yfTic4nU4cjlrs9lqw1WDy8cHPz9Tu3rHKmyLS1ZQ3xZN5TAEYICy0B8/88iFeeOVdqqtr+GbfEb7Zd4TVbG1oE9k7lN/9+ywAqmtqGpY3Lv7ef9ckIsN7kpdfyOr0rZSWlbNj90EAevW0dtHRwIXyylZfq662YzDAbZPGMKBvBB9+8gUH8go4mFeAn58vsf2juPO2CcREhQNgDQrkycfuY/nKDeTk5nHq9FniY/sy894p/G3ZRy3uw9o9kFEJsXy8/kv6x0TQt0/4ZW36RYfzmydmsjYji+yvD5CVvRej0UB4r2Cmp9zWZMhoERHpehVVNiz6YCkibsJiMVNRZXPbD5bKmSLibpQ3RaQrOBxOqmzVdYUEN2CvrcVeWYvJ5IO/2Q+j0XD1lS5S3hSRrqC8Kd7A4HR2Vkf1a/PY3IUA3JVyI9OnJrXYpqKiiiVp6RzMK+B8WUWT1xoXgAG27drPq0tXNzx/feHcJu1XrN7Ius+2XXWfIiLubufuvHa1D+7mh8FgaPgBrviYxo8BA620a/T7asuaP27L86stb0172wdY3P8eKXttLWfPldOrZ3dXhyIi0uD0mfME9wjE5ONe850pZ4qIu1LeFJHOVGOvparK1mlDlV4vgwH8/c34tqNXm/KmiHQm5U3XqaywuzoEr+L+3263wGLxZ86s6QAUl5RypuR8w2vhvYKbtG08b+5dKTdetq3775rE1u17OF9WQXGj7YiIiLi7apsdf929JyJuxt/sS7XNjsniXh8slTNFxF0pb4pIZ6musVNVVe3qMK7I6YTKShtOf782z5mrvCkinUV5U7yJ2xWAzWY/bLbqNv8nCw2xEhrS+rDNZ8+VXXUbPbp343xZBRfKK67aVkRExF1U2+34m/1cHYaISBO+viaqbNVYcK+h75QzRcRdKW+KSGeo68Hm3kWMxqqqqjEYDG3q0aa8KSKdQXlTvI3R1QE01yciFIDD+YUdsr0BfSOu+HrhqTOcPH0WuLz3sIiIiDuz2+vm/hARcScmk4/bzJPUmHKmiLgr5U0R6WgOh5OqKpurw2i3qiobDsfVx1xV3hSRjqa8Kd7I7QrAkeE9ATh05AR7D+Rf9/ae/v3rDY9Xp29lxeqNDc8LT53hr0s/pLq6BqibL3jbrv3XvU8REZGu4HA48TG2b25jEZHO5mM0tOkDaFdTzhQRd6W8KSIdrcpW7bZzV16J01kX+9Uob4pIR1PeFG/kdkNAD+gXyeasHAD+tTaT+CdnXvO2Pvt8Z5P5gQHWfbaNrdv3ENKjO4WnzmC7WPwFOFd6gVeXrmbMwrnXvE8REZGu4nQ6MRj04VJE3IvBYMDphp+clTNFxF0pb4pIR7LPhuT9AAAgAElEQVTbaz26l1d9/FfqSau8KSIdSXlTvJXb9QBOHjecEcMGApCXX8irS1dTUFh8TdsaHt+fpLHDGJUwiP/+j9kk3hALwPmyCo4cO9lQ/P1O0kgeeWAqQwZG88gDUzvmQERERERERERERES6UHW13dUhXDdvOAYR8RzekHO84Rik47ldD2CAnz86g8fmLgQuDcvct084A/tFEmjxv+K6wT2CCOvZgyGDogkNsfLDB25veG3OrOkczCvghVfeBeCulBu5Y8r4hjsjbho7vJOOSERERERERERERKTzOBwO7LWe24utnr22FofDgdHodn2XRMTLKG+KN3PLAjDA6wvnsmrdFlanbwXg6PFTHD1+qk3r3n/nRIYMim7xtUH9o5o8v1K3eBERERERERERERFP4MlDmDZnt9fi56dChoh0LuVN8WZuWwAGmD41ifBewezZf5QTJ89cNmdvS3qGdCcivOcV29yVciNbtn1Dv+jeHRmuiIiIiIiIiIiIiEvYax2uDqHD2Gsd+Lk6CBHxesqb4s3cugAMMD4xnvGJ8R26zelTk5g+NalDtykiIiIiIiIiIiLiKg6H9xQyvOlYRMR9eVOu8aZjkY6h/uAiIiIiIiIiIiIiHs7pdLo6hA7jTcciIu7Lm3KNNx2LdAwVgEVEREREREREREQ8nDd99+9NxyIi7subco03HYt0DBWARURERERERERERERERES8hArAIiIiIiIiIiIiIiIiIiJeQgVgEREREREREREREREREREvYXJ1ACIiItJ1Mhb8inVFV28XljKPebeGdX5AbWKnYOsyVqTnUlBu77TYdr/9K5aenMq8eVNwlyMXEREREQA7xdvTWfzpAfKL7NQAmM3ExMUz7Y5JJIa27+ut7KULWVQ4kmd/PYWITolXRORa2Cnevp5lm/eTW2CjxsF15TqPUpTB/Bd2UthqgxjmLEwlsesCYs0Lb7EyIoXXH07osr12OXsRWR+sY82uIgrL6xb5hoSRePMEUpNjsV5j90GdZ0XcgxefNURERKS5SXOeYZyj0YI9aTz3XhETf/wzJjWqeprMQV0eW2vsu5fx2r8OETVpJk9O7EuIi2Mr+nQBC9KLGP7wH3l4eDtXPr6FdzLLGDVtKnHu8xaLiIiIuLFyspe+waIciJs0ibk/6k+oGUoLc8j8eCeLnt9LXOpM5k4IcXWgQCk5azPI6jGG2Ukxrg5GRDyJ4wQbXn2fZYdh4ISRPJGaQER3d811bZe/5X3Sz8WSekcC1ja0T0idzaxhLb1iwtLBsX3rndzIc/+7jfyAMFLuuZcnBoXgayshd8c21qxZxbxtI3nmiSnEqIIk4rH031dERORbxBQYRJO6Y6AJMBEQFESQmxYkc7J3Uxl3P49OG+4WFy5hE3/GM+PtmAKuYeVzB9mRXUTYLSoAi4iIiLRJweek7aol8QezmTMqsGGxNSiZmYOTmfZNBtk93KUgYiM/J4+siFhmJ7k6FpHrZC/m4Fe7yTpZ3qbm3XvHc9PYAYS4w4c2D3Ro9SqWHfZnxtzZTOt9aXmTXNfNXXJd2xUfzCOr0Mq0O2hTAdg30IpVn5U7n+MAS/6yjfzwkTz71BQi6nv6BlkZf1t/xk/YyaL/yWDhPyNZMDMeX5cG60EuFJC9fS97S2xtaGwmfFA844dFEaSJWqWT6JQsIiIibqyIkiKgt8V9Llr8Agjyc3UQIiIiIt8OpXkFFBPGjITAFl+3DpvC5C6OSeTboGTrOhZlnG/7CrvyOWB/gF/eHNx5QXkr2zbWZJYTOim1SfG3MeU66Ug1O7aRWW5lxs8bFX8bCxrJrDv38uTyL9gwLZ6UtlTvhb2frOIfu9qxwq4DnPKbw78N6bSQ5FvObb5LFRERETdRuomXfv8h3PUMT97c7Nbb6h38ff47cP/veHRMGRkLFrCu94M8k3iUv6d9SUG5HcwhxE16kAdv7UuTTrL2Ena8/xYrdxZQaQdTcBxTHnyQKf1a7kpbP9Ry3ZOl/OpXAGFMnTePKWFQeWQTaasyyD1eiR0TAX3imDI9lYmNtlc/r+/P7vdl46oMco+bSPr5M9x5hRH5Ko9k8Pd3Msg9awdTAFEjZ/DQ/aMIqf9QtHspv1pa1BAHRRksWLCOsJnPMK5gKWmfH6XssuPbzdJfLWX3xU2sW/Ar1gHc8DB//MFwqDzKpvdWkrHn4nsTGEXcLdO456ZBuhNUREREvtWswVbgGNk55Ywf1XIRuAlHKbkZa1my4QTFNvANDGH8PXcza9RVes7Zi8h6bw3LskuosINvSCTTZk5nWv+m+yw9mMGS5bvJKbEDYImOYdqdKSTkpTH/49K6RkXpPDY3HbAy49ezmRaGiMcJie9P1IZdFDiu3hYAY3duGKLi7zXZk0eOI5BpY9o4dHxOGo+9WXp5fslJ47E3uTRXbn27n0/Bd/NnrPmmBN+kVBbc7X9xftspPJ9wgsVrD3CoJIxZ//0gyWaoKd7Jsrc3knXMTo3RROjg4cz+wRQGBjTb/y9TsGSkk5ZTSo0DLNH9mfnwvYwPqW+Tf3GFncyfuxOAxEfmMue6ptQtahT7YV5Oy6PQVpezU3/0IJOteax5ex1rcsupMZqIGDOJJ1JHElr/ubpR7L5r17Jyf/nlsV9B8Y61F98vOxhNhPaNZcbMOy6uV0L6i2+QxngWPJXcrMezjay/v8Li2km89NgYLDQ7n5hMxCROYk7jWKFt56bKPNLT6v59K+x1572EW5OZeYU5fLNzTkDYSBKvcH6yjIglYflGsnNKSUm2NnnvF4wuYtF7ORwqBcyBJEyeyuzb+rc8THfuKp58PY/Ex55kVlyz1wrS+c2fDpP4xE9I7dt6LJ4idmgMAbvyqWzrCpYobvCC4xb3pQKwiIiINGVNYuLQD3kncyMFN99JVKOXyrI2kWsex6OJAUBZ3cJj6/hzQV9u+eE84oOhZOeHLF3zZ/5Q+ji/u29QXRtHERmvLGCdbRT3/+Qh4oPhVNYK3vrLS1T+/OkWC7J1Qy0XsPEvr7Ep/H6euS8eMBEQCBxYyYK/bcF35P38+N/iCaGEvZ+8w4q/LqDkR88wI7Zx0Jv4+9+CGDhpGqkTQ+gbeYVjL9vE0n9EMerun5HaN4CSPR/yznvv8FpgGE9Pi7rCinDogxcpip/Kw3MfJsR2lI0r01j313cIefZRRvnFkfrMM9zTfM5lU937uOWNP/Nh2aX3puTQFtatfot1vX7H/c0/IImIiIh8m8RPYEZUHivf/ivzc0YyY8oEEiIC8W3xS+1yst9+i0UHraQ8+CAp/QIp3Z/BomVv8HLNT3hiXCsFZMcJ1rz8Ditt/Zn102kkhEDhF+tY9MpbVDT6UroiJ435b+ZjGZ3M0z+OI5QScjZ+xsq0LOJ++SALJpwg/ZVVpIcnsyA1DjBhaUPNWsQthSbxxOO1vPza7qsXgY3dufXxB7hVNztck8LiUqAnMa30/r0+5aS/sQrroOGkPjCK0OhIoKTupYOZ/OFwIIm3TGJyzxDifIGTGfxh4U4qRiUz9wdxhFJEZto6/vCnWp7+TQoDjY22+/paYsbcxNPzY7CU5JL2diaLF6UT8dsUYuLvYMF/2clJW8ySUwnM/fl4IgDfa5lKqSUHM3m5fDAzfjabgeSzZnk6y/7yFtk9SvEdM41nHwihYn86i5ZlsCgihmcmNq7sVpH55ipCR0zi6QdisJ7PZ01aOouff4OK//whk1vp7Vq65S3mv1fKwMm38MykuvXSV21k8QtvUfEfDzHZGsLkmyNJW7ab9IJkUht/hVD6FenfmEi+WPytO5+cIqZhW3mkLc3gN3+zNxSI23ZuKmHD394nrexSm+KDO1n5wTpWhsVeXnAFoIjiU0BEGBFXeo/NYURYIT3/BE0G8D6YyXOFkcyY9RBzQuwcWr+OJR+/z+KQn/PEaPPl24kbSXLIAdK3bGNm3Jgmw0nnZO6lOHo0KV5SBDUNmcav71vFC+8VXL0IbIni3346nQT/rohMvq1UABYREZFmTIxKmci6F3ewI/9OohqKswVszCwgZNz9xDX+wq00jFv+74OMu/hBLujmh3mKl3hu9Ro23fokE61Q9vk7rDsZx/2N2936OI9W/oE/r9/B7Y+MuvyixC+AIL/uBPgAJgtBDZMUl7Hpoy2UDb6f3z0w7mIv4yDGPfAkVPxfVny0iSmxEy/NdVwZwNifz7tir98GlSFM+uXjTLz42SZo/MNM3fcr3jmQSwlRXPFm4PhU5n2v/tPVcO68t4Ddf8og9yCMGlo3z3LLcy4f5eARiHsglXExde9C0Mg7efyGO0G9f0VEROTbzhjJtCceIvSDdazcvpNFu+p6kVmiI0meMIGUMf2x1l9I5mawZJeJlCceaijaWkffyzO17/DkJ5+TPy6Fli4JSzPXsbIwklnP3kvyxWtV620P8UTFX/lDxjZmPDoGX8de0pbnw4gUnp2ZcPELbCvJ9/VnvN2Or8kEZisWI2CyYA3SeJni+Uy9b2ZO6ll+v/xKxQwzCan38N3ePl0YmbSdHcvoVJ69u4XsV9mTGc8+2JD3oIT0d3eSP3gSL828WITEyrQfm6l4Po01OyY1KvDZCb3lIebWF1aDxjPnjnweezufnGKICQ3EGgQWE2D0wRpkbdMcwNlvLuSxFpZH3P4Qz97W6A4DRwypP04hwQiQwMzbctnwZj7Fo1N5fuLFYx09nWnZr7Dk6z2UTmzcI9cGw1OZW/8lQVACM58wUTN/LSs/3svk78dfHoBjLyvXFmGd2HS91B9b4fm0hvV8R99EysdpZG3LJ/XSlynkb95Nfkh8XUH24vnE0mRbI5n9lJ2K+dtYUzCG1Kg2npsoIDcPEmZOJ7lv3cnQOiqFuSNSOuD7BH8sZsBub/ZexDDr36dffO8h8e6p5O95hzX7DsPoFt47YphxeyTpyw6QZRtDcv2fkG0bG7bZSXhgbJv+NjxFUMJ0flHyD/644QpD6Bu7891HppPYrevikm8nfa0oIiIil4ucRFKfMr76IvfSstytfFUaxy23NOsJO3g4ic3u4g0aOZa+FHDwgB0oIyenoMV2fQf2hbxDHGlPbGU55ByHuBsSmw4xTQCJN8TB8YPsrW60uOcoxrVxJC3ChhPX7JNHVGQY2MHe8hoNBg5tdmtt7ygigZqrDpkWRlQY5G76kN0nKrHXt9dVmoiIiEgdUxjj73uI5/97Ln/57b08cXcCcaZSNqS9z7xn08i+WJnKzcmjwjqAxGY9iSwDIokpKeBQWUsbLyX76xIYHMv4ZteqAweFweETHAI4eIDsShOJExKa9F4C6oq/Il4qIH46v5jcvdXXoyZP45H4Fgd+FbcQyPjxrXwgHhbfqPgLlO0h+xgkjEhoOpSvMYa4/nDocH6jhVYS45rdIh0VUtejtK3DhrcgIXU2C/7r8p+nJzbrXj64f0MBEoDwun3HDGh8rOa6Ama5jYomK5tJHNnsPTHGM36EiYp9x+pyfnMHD5Bd2dJ6MSQONzdaL4aUm0Mo/WonOfXvg2MvG74oJ+G2m+puQmptWwEDGBhRzqG8Utp8biKcmDDI2biW7ILyS98/dMj3CVVU2IDm57jm7z2RxERxeaG4Ed9RI0kOOMGGrJKGZaVZOeT0SGDaqBZ6DXu48En38Miw1o6r7qYZjZggXUFXqCIiItKCIJKS4/jwn1vYMSOOUX52dnzxJSQ+2tCDt4Gf5fILiqDuBAFF5+ou7isrgCMr+I9frWhhX8Opak9olZVUAkH+l1/GmPxNQBFl54D6i2kfd7/cCWPKz34G76SR9soWKu118xlPvPVOpgy9ygREIiIiIu6mKIP5L+yksPGysJE8++spdYWBJvNCXjQihdcfbtukkL4h/UmY2J+EiUBJFi//KZNF/9rL6zPjqai0Q2kOf5ib08KaVioq4dIwMfVsVJQDeRv56dyNLawXU1c4sNmoIJDQHm0K86qyly5k0a6myy7NjXlxnsWipvFrPmFxlfBJ9/BI0bu8+Y2tyfKAYd9hzqRwF0XlPSJCrcAZ8k9CYocPA21qZch8wNis13ZlXaH00PJXeGx5C+1HtOuT+zXxDbRivSxPdzR/LC0MRW3tEQilpZS2tIrNRkUr61ks/k3Ws45PIGH1RjbssJEw2kzNjp1kEssTYwIbbctG+ssLSW9hVxGVdf/P2nRuIoxpT9wLb69jyct/pcJeNzd9ym1TmDaste8TwggNBwqLKITWh4G2FVFYCgNjrjSPVhsZ45k8YSPPbd5G/sQUYsgnfXMJMTff3WhYcW9iIeG+aXz3zPt8dLLpK7ppRrqSu38jKiIiIi5iGpnEuA/+zqasMkbdsINNe0IY+1QLE8hUV2Cn2UVF2XnKgJAeIUAlARZgaP08vpftiXZNAxQQQABgr7psrxeXhRDUQV/MdZmAvkx5dB5TAHt5AbmfrSHtzT9w9IH/5tFEXa6JiIiIBwlN5un/GkNN42VG/0vDO16cF7IJ0zVOlBsynvGDMsk5WUQx8VgCTBAa3zDXZLOdtDIfr7lu+bD6eXtbWA/AbMZCOcWNbzS8Dgmps1lwT9Nll+bGDCPl57NJbtKLTvMJiyvVFTPurVjD+3l1xamA/qP5xX3x7fssJy0b2p8EYz5Z2/KZ0aa5i1pWWnoBuI4xZQPMWKjLT7OGtfD6teZqt1NVd0NQM6XnysEa0/JwxGYzllbWq6ioarqeeQyTx3zOy5u/onT0ULI2nyB0QuqlXrNmMxYCSZ7zICkt3D/h62cFStt2bgII6M+0x37CNKCm/AQ5GzJY8vc3ODSzlTl5gcSESMg5QGbBlKZzFTc+rh17ySGE1ISOGaA55ubhxGzYzobcFGaxk8xzkcwc78U3vRvDufWRWyl57VPqOz6HjL5VN81Il/LK+ytERESkAxjjuHFcCAWZG9mSuYWCPklMaunGz/27G4bdq1f29Q6OEsWgWBMQREJCFOTlUxAYRFBQ85+A9t2RFpRAQh/I/Tq72TxUlWR/nQt9BhHv185j7SpmCwFUUtnkxml7k5GSTIFRDJ82g4lhkLv/YFdHKCIiInJ9jGYsQda6+R7rfwIbfQFtCmz6WpAVa8AVrgaLcsjMK2/5Ncdecg/WzQccCsQl9MdSXEC+w3r5PoICW+kFZyXxhhA4fIr8wFbWAxgUS2KAnewde1uIo/7BxWKyzda0AN4C34DL92Vp9Db4XhZLa/GLdBFjODc9NI3v9vEhoM8IfvHQOML1N9kxzGOYlhxI8cZ01pxsuUlNwU6y60cFaLEYWU7O3pIW1myHoKEkRsOhoydayIVXydWtsASYwFbbbAhmV7ORvbPZSBSOA2Tl2LEMiWZgS6sMiiUxoKX18snebbtsvYTkeEKP7SZ9yzY2HAth8s0xzbZVTu6J2hbfZ4sZ2nxuwk5No+8TfAMjSbxzKilhkLPvcKvvgO+om0gJKSd9eQaFLQ3ZXbaTJWuLsIyewOSOmqDXOpaUYXYyt2SxYcsBGDOS8d43+nNT/rF87/HvML67D0GjvsMv74rVTTPSpXSaFhERkVZFJScRdXYTKzeWEJecdPmIeQDWIta//A5f5pdQVlbC0ax3+PPqowQkTiXp4geFoJumkWT6kqV/WsGmAwWUlZVRduIgm/71Z55buuOq8+s2FcTE7yYRtH8FL737JUfPlFF25ihfvvsSK/YHkfTdiS3H6Q4GjiQhsIxN769k94kyysrtcOJjFsxfwIrNuXXHUlbC0c0fsqkI4gYPqlsvdyXP/f45Xvu8pOXn5LLy98/x3OtbuM6P/CIiIiJupTh3G8te+SvzXllL+jd5FJeVUlpWxKEdGSz6n7VkGmOYdWdsXeO4ZGYMKiHtf98ibcfFtsV5ZH2SxvwX0slvZR/W5GQmmw6w6H/eJ33/CUrLSiktOED6e28w781tdcVcYzwz7gij5su1/GZZFoeKL277w7eY17BtK4kjQyD3CxZtqtt/RfsudEXcmzGcW2c/zv+bnaTibwcbeNd0Zg6oYuXCV/jDe5nkFpRSWlZK/v4s1ixdzJN/ymDNNxcrwIPiSQy0kf7eKrIL6nJR5rK3WHnseqtpIaTcEY/vtrXMX944hkyWvfxXFm23XX0TzcSN6I+lNIdl7+WQX1ZaN6fsFdSU1+3z8p/yq95Y03Zm2L2KhR/WxVRakEPaq+vIrLSSMrmlUctoOAeUbmq+3irSz4cx4/Zm60WNYXJ0Oenv5VA8LKFpEfXitgpXL2Phhzvrzif157UXFpNWUNesTeemgvXM/+1ilmzKubSdTRmkF0HCkAGtvwXGGFJ/NJ64czuZ/2wL58z/l0FOyBiefiD+snnvr52Z8UmxWL7JZNk3gSQnt/Jeexv/eL73y8f5r7s1YoJ0PY0pKCIiIq2zJnFj3IesODaOiSNbuWyInsrPEgtY+tYCVpTawRxC3K2Pk3rLoEsXGsZBzPjN0/R9/y0+XPoSH9oAUwBRQ6fw4D2j2n9BEjuDeT8JIW3VGl59YQV26ubNnfHETJI6YHqaTmMcxIzH7uT8ko9Z+uIWCJvKvHm38/j9dt5Z/w6vrq6sG047MIq4e55kZv3wz/bzlJWWEVBpb/k5ds6XllFmrmxnMV1ERETEvYVO/CEvDc0hfe020pfvJe1iZ2DfwEBiRiTzzB3jiWn4RjWEyT+eTUTGWpb9633SywGjidC+scz40S20OrCqMZaZ//kQA99bQ9qb75BmA0wmYoaNZvZ9Yxq+/LYmPcSzAWtZvPYL/vB8JhhNWKMiSUkd37Bta9K9PHHqfRaveZ/ffNB4Xl8RkSswRjJ5zk9I2L6eZZt38vIXWdQ4AJOJiOhYZj6VSnL0xSqiMZZZPx1P6d+2s+hPB+ry1bgUnrlnN/Pevs44Bt/B87+OZNnbmbz8Yl0MvoEhJNw6hZmjrqHAPPgO5t6dxqKP03luC0Tc/hDP3tb6OPo5aYuZl9bSKzHMWZhKYvsjaIE/yY+kYMlI5w/PplPjAEt0f2b/ejrjQ1tf69I5YD3PbbBfPL/E88R/ppBw2V3oIUxOiiRt+RmSk8dcVkS1Jj3E82EZLHlvIws3ZFAD+IaEkXz7dGbUD8nclnNT1C3M/V46iz9dz8IP7HXbCQwh4b5UZrcy/HOD3snMnT+YrA/Wsab+nAlYwsIYf08q08bFYO3oGz3iRpJsPUB6yHBSWhl6WkQ6jsHpdDpdHYSIiFy/nbvz2tU+uJsfBoOh4Qe44mMaPwYMtNKu0e+rLWv+uC3Pr7a8Ne1tH2Bx/3ukTp0+R3ivTp7s1pHLit/9nYJbn+HJm5t/oikiY8EC1vV+mD/+YHjnxiEiHqVL8lM7uWNMIiL13DFHuWNMInJl58vca6Dd69U9yNLqa+6Yo9wxJmkmJ43H3ixlxq9nM60D5nO/4q6Wv8TLhaNZ8FRyy/MKfxuVZvLcs9uJeexJZrU0tbELKG+6l0oNndKhNFiHiIiItKpsawZf2uKYON5tB1UWEREREREREXEfpZms2WYn4eaxKv42kpu+k/yQeCa7SfFXxNupACwiIiItcxxl46ajBCQmMcrP1cGIiIiIiIiIiLi/Q5/t5pA5lsnXMmy2t6rcRvqXNmJuHtP6lAwi0qE0BLSIiJfQENBXpiGgRUS6jjvmJ3eMSUSknjvmKHeMSUSuTEOZupY7xiQiV6a86V40BHTHUg9gEREREREREREREREREREv4f7dm64i/3gRR46fpKCwmCPHTnL4aCED+kbQL7o3URGh9OvTm5g+nTyju4iIiIiIiIiIiIiIiIiIG/DoAvDyDzawPnMnDoejyfLDRws5fLQQAKPRyC3JI/n+3ZNdEaKIiIiIiIiIiIhIpzMYwFsm+2vnLE4iItdEeVO8mUcWgI8cO8WLr62gvKIKgLtSbiSydyhRvXsSEd6TwlNnKDh5hhMni1mdvpVPN2Wzddsennr8fvpFh7s4ehEREREREREREZGOZTAYcHpJJcOgSoaIdAHlTfFmHlkA/v2LbwMQaPFn1venMmr4IAD2HTzWMGn3mBGDYcRgoqPCWLJ8HeUVVfz+xbd5feFcl8UtIiIiIiIiIiIi0hmMRiMOR62rw+gQRqPR1SGIyLeA8qZ4M4/7i/ho/ZcARPYO5cXnftZQ/AXYd+gYCxb9k32HjjUsGzV8EC8+9zMie4c2WV9ERERERERERETEW5h8PO6r3lZ507GIiPvyplzjTcciHcOj/iL2Hz7O+2s2A/DUY/e2a9369u+v2cz+w8c7PDYRERERERERERERVzGZfFwdQofxpmMREfflTbnGm45FOoZHFYC/zM4F4MF7biG4R1C71g3uEcSD99zSZDsiIiIiIiIiIiIi3sBoNGLy8fwCgMnHR0OZikiXUN4Ub+ZRfxFHj58CID425prWr1+vfjsiIiIiIiIiIiIi3sLPz+TqEK6bNxyDiHgOb8g53nAM0vE85q/C4XCQX1BEgL8fEeE9r9p+38Fjly0bMiiaAH8/8guKcDgcuiNCREQ8msFgwOl0YjAYXB2KiEgDd81Lypki4q7cNTcpb4p4JpPJB5PJB7u91tWhXJP6+K/EXXOT8qaIZ1LeFG/lMQXg+qJteK/gq7Zdnb6V1WxtsmzenO8BEN4rmCPHTpFfUES/6N6dEmtrsr8+wKIlq9rcfuzIIfzwgdtJ/2wbp4rPkpgQy8jhgzoxQhER8SRGo4FahxOTjy7gRMR91DqcGI3ul5eUM0XEXSlvikhH8zf7UV5bidPp6kjax2Coi/1qlDdFpKMpb4o38pgCcLC1bs7f8oqqK7YbMjD6iq/Xr1+/va4UEtydG8cMbbKs5GwZ+w4do2dIdwYP6NPktQExEdhrHezed4SDeQX06tlDBWAREWlQf3eiyUcjWoiI+7Dba69697ErKGeKiLtS3hSRjmY0GvD3N1NZaXN1KO3i729uU4FCeVNEOprypngjjykAW7sH0jOkO6fPlE6dpyYAACAASURBVFJRacMSYL6szfSpSVfcRkWljdNnSukZ0h1r98DOCrVV/aLDefTB7zZZlv31AfYdOsaAmIjLXqv3658/0BXhiYiIh/EzmaipseNv9nV1KCIiDWpq7PiZ3O9jhnKmiLgr5U0R6Qy+Jh+c/n5UVVW7OpQ28ff3w7eNxQnlTRHpDMqb4m086nak+iGbC0+duab169fr6qGfRUREOoOf2USVrcbVYYiINFFlq8HP7H4fLJUzRcRdKW+KSGfx8zUREGDGnad9NBggIMCMn2/b86Dypoh0FuVN8SYe9S8eGd6T7cC/1mYy76ffa/f6/1qb2bAdT/LaWx/y1c59zJk1ncQbYpsse+wH0yguKeWTjdu5UF5JD2s3HrznFkYOG8S2XftY+VEmp8+U4ufny6QJNzDjuzfh53fpLjSHw8mXO3JZnb6V02fOYTBATFQ499818arDaYuIiGuZfHwwmYxU2arbNN+HiEhnq7JVYzIZMfm439BSypki4o6UN0Wks/mafPCxBFBlq8Zur3V1OE2YTD74m/3aNS+l8qaIdDblTfEWHtUDePrUJKIiQtl36BjLP/isXesu/+Az9h06RlRE6FWHivYk765cT8bmbOJjYxjQN4LS8+X8fdlHLPnnOpb8M53wXsGMGj4IH6OBTzZtZ/UnXzSs63TC2ows/v7OR1RUVjFy2EBGDB3IqdMlvPjae2z/er8Lj0xERNrC4m+mosKz5icREe9VUWHD4n/5VC3uQjlTRNyN8qaIdAWj0YAlwIwlwOwWBQCTj09DPO0pYoDypoh0DeVN8QYe1QMY4OHUFJ5/eRmfbtrOwH6RjBkx+KrrbNu1n083bW9Y35uEhQbzxOx7sQSYcTrhrbR0NmflsH3Xfn76yHSGDekHwK5vDrFoySr27DvC7ZPHEmjxZ3duHms+/YL+Mb35xY/uoVtgAACnz5Ty4msr+Hj9l8TH9m1xvmUREXEPZrMvlVXVlFfYCLQoX4uI65RX2DAajZjdeM4z5UwRcSfKmyLS1UwmH0wmHxwOB3Z7LfZaBw6HA6fTidPZOfs0GMBgMGA0GjH5GDGZfDAar61PkvKmiHQ15U3xZB5XAB7QN4K7Um5kdfpWXl26mgPJo7h98liCewRd1vbsuTI+3vAV6zN3AHBXyo0M6BvR1SF3qrEjhzQUaA0GiI+NYXNWDn37hDOoX1RDu+jIXnTvFsiFiipqauwA7Nx9ELu9lpsn3NBQ/AXo1dPKuFFxrM/cyekz5+jbJ7xrD0pERNolqFsAZ86W4evr0675P0REOkp1jZ3yiip6Bl9+Te5ulDNFxB0ob4qIKxmNRvz8jHjSIMXKmyLiSsqb4ok88gw0fWoS40bF8ca7H7M+cwebs3II7xVMWM8eREWEUlBYTNGZc5w6fZaaGjsD+kbwwwdup3dYiKtD73DB1qb/eX0uDkdg7R7Y5K4Oo9GIodHQADZbDSeLSgBYsnwdS5avu2zbBoOBs+fKVAAWEXFzPj5GugdZKD1fTrC1GyaT64emEZFvD7u9ltLz5XQPsuDj4/4zzChnioirKW+KiLSP8qaISPt4Wt6UzuGRBWCA3mEh/OaJmaz4cBPbd+3n+InTHD9xmuycAw1tQkOsjB4xmPvvnOjCSN2Tw+nEcXGMgiEDowlp5S6QHlbdHSIi4gn8zb44nQGcLb2AtXug7jIWkS5RXWOn9Hw53QID8PegIaWUM0XEVZQ3RUTaR3lTRKR9PDVvSsfz+DPP/XdO5P47J1JcUsqxE6c5VlBEdFQY0ZG9CA2xujo8txXg70doSHcO5hUwKmEQU25OdHVIIiJynQL8/TAYDJwrLSfQ4q/5hkSkU5VX2CivqKJ7kMUjP1QqZ4pIV1PeFBFpH+VNEZH28fS8KR3L4wvA9UJDrISGWBk1fJCrQ/EY40bFs23XftZn7uCGoQPp1fNSwbyyykZ+QRFDBka7MEIREWkvf7MvvqYgyi5UUnK2GovFjL/Zk2YoERF3V2WrpqLChtFopGdwkEcPJ6WcKSJdQXlTRKR9lDdFRNrHm/KmdBy3LgDvPZBPybnzlJ4vx26v7fDt+5pMhAQH0T0okPjYmA7fvruLHxzDxAk3sOHzncz/4xvEDYomqJuF4pLz5OUXEtIjiLlzvkdIDw0DLSLiSXx8jPSwBmKz1VBRZaPsQlXdh05fEyaTDz5GAwaD4eobEpFvPafTSa3Did1eS02NnSpbDSaTkUCLP2YvuZtYOVNEOpLypvKmiLSP8qbypoi0z7chb0rHcNsC8PrMHbzzr/Vdtr8Jo+P50cw7umx/7sDk48P3755M3KBoPlr/FbkHj2G312IJMJOYEMu0Wyeo+Csi4sHMZl/MZl/stbVU2+xU2aqxl9ficDhxXpwHXkTkSgwGA0ajAZPJBz+TieAegZh8fFwdVqdQzhSRjqC8qbwpIu2jvKm8KSLt823Km3J9DE43PLss/sdasrL3AjBuVBwjhg3EGhTIgkX/ZMjAaO5KubFJ+5aWr07fyr5Dx5g353tN2jZeXl5Zxa5vDrHlq28AuCvlRqZPTerkoxMR6Rw7d+e1q31wt7q5aOp/gCs+pvFjwEAr7Rr9vtqy5o/b8vxqy1vT3vYBFre9R0pERERERERERETEq1RW2F0dgldxu2+3v95zuKH4+/xvZxMaUjcv7b6DxxraDBl0aV5ae20tPbp34+jxU/SwdiO8VzCnTp/l6PFT9AzpzqD+UU3GO1+dvrXhcWJCLIkJsUy6cQTPv7yM1elbGTakHwP7RXb2YYqIiIiIiIiIiIiIiIiIdDi3LAAD3HfnxIbi75WYfHyIigjlm31HeCvtk4blVbZqEuL7t2my6wF9I3jkgam8+e46Mr/crQKwiIiIiIiIiIiIiIiIiHgktysAH84vBGD0DbFtXqe+ALzv0LEmy3sGd2/zNgb1i6rb/9HCNq8jIiIiIiIiIiIiIiIiIuJO3K4AfKygCIBePXu0eZ0TJ88A8L3pk4iJCicvv5D31mymqPhcm7cR3iv44raK2xGtiIiIiIiIiIiIiIiIiIj7cLsC8LUoLikFoH9MBIP6R3GhohKAojNtLwCLiIiIiIiIiIiIiIiIiHi6q0+Q6+YulFdypuQ8AP1jegNww9ABAJw6fZaKSpvLYhMRERERERERERERERER6UoeXwAuKj5Hjd1OcI8gfHx8APA1megWGEBNjZ1Tp8+6OEIRERERERERERERERERka5hcDqdTlcH0dhjcxe6OgReXzjX1SGIiLTbzt157Wof3M0Pg8HQ8ANc8TGNHwMGWmnX6PfVljV/3JbnV1vemva2D7B4xSwJIiIiIiIiIiIiIm6vssLu6hC8isf3ABYRERERERERERERERERkTpu1wNYRESujXoAX5l6AIuIiIiIiIiIiIi4J/UA7ljqASwiIiIiIiIiIiIiIiIi4iVUABYRERERERERERERERER8RIqAIuIiIiIiIiIiIiIiIiIeAkVgEVEREREREREREREREREvIQKwCIiIiIiIiIiIiIiIiIiXkIFYBERERERERERERERERERL6ECsIiIiIiIiIiIiIiIiIiIl1ABWERERERERERERERERETES6gALCIiIiIiIiIiIiIiIiLiJVQAFhERERERERERERERERHxEioAi4iIiIiIiIiIiIiIiIh4CRWARURERERERERERERERES8hArAIiIiIiIiIiIiIiIiIiJeQgVgEREREREREREREREREREvoQKwiIiIiIiIiIiIiIiIiIiXUAFYRERERERERERERERERMRLqAAsIiIiIiIiIiIiIiIiIuIlVAAWEREREREREREREREREfESJlcHICIiItfDTnHORtIydpNzzE4NgMlERHQ0ySlTmDzYiq+rQ7xudirKyqnBhCUo0LXHU5TB/Bd2UjMxlefvjmmxSeEni5n/Mcz49WymhXVxfCLSBkWseeEtVhbFMGdhKontWrUuB3D7Qzx7W3v+g9fvsw1NR6Tw+sPxbc971xyTiEgbleWTmb6RNduLKLbVLfINCiFuzChSbxtJhLmd27vOvJW9dCGLdllbv9a6uP3CESm8/nBC+zZuL6e00g6mQKwB+spMRERERDyXrmZFREQ8VjnZy95g0XYbvmGRJN8+gIGhUHz4MFnb80h7dTHpk+9lwZ39XR3oddrLkv9KJ5trKNZ0kuJNq1g04IfMSQh0dSgi4hGsJN49hdDKS0tKd2WSlmNjYPIUJvdr1DQkhpbzXik5azPIOhdFyszxtHwLiohIBzu5kef+dxv5DjMDhyUweUQY1rIisr8+TM6GDOZv3sus+Q+S7C2XRHvXMu/N/Is341wsHh/LYvHmAkJHTGHGMKtr4xMRERERaSMVgEVERDxVweekbbdhSZjC84+MxFK/fNR4pt1np/iLVWSGeHrxFyCGlB9MIRErA10dSgMb2cvXkjUolfEBro5FRNyfmYi4kUQ0WlJYvI20HBvWQSMZf1kHtZbyno38nDyyimpJVAFYRLqEjay128i3W5n277OZ0fvSK+MnAmUHSEsvwavuh4sZw+wfxF68Geeic/lkbc8nopeNGcNcF5qIiIiISHuoACwiIuKhinPzKQYSRzQq/jYwETrhXmZ0fVidwMrAUSPdqPgL1igrNQX5LF6UQcxT/5+9ew+L6jz3Pv4FBhAQRhFRQDGIKKijgAfUoMYQ0aoxJoY0sUk0qba1TZO9q+1u+zbZ3eluk7Zxdyc9uNvYnEw1KYnxEI1iiJUQlKgojgc8IIoCioiOCDgwwPvHAIKggkEYyO9zXVzMrPXMWveakXuW617P88QR4NzREYlI1+J4eU9Evo5OYD4M+IUQ07eZ1d5hJMxt75juMGMIMVEdHYSIiIiIyFenArCIiEgnZfT2AixkZe6jLKq5InBDZpYvSSLDP5IX/yOuQS+0psvt86oFs/i/R1Pw7hY2HrXPQ+k3eDjzH40j3Lvxlov2bmLFpmNkF9vA2UCAaRwL58UQXHeWYU5k0Vu5RD++kNi89axKK6TIGMnPpxTym/fz8ZuSwEuzGvdlq9yzmu+vyif4gad4fpLNPncmDWKvLiY9cR2JmcVYrIC7O8EjxzB/dgzBHjeIDfDsH8zMB2YQH1LXVaWwftvPP96djYk7MZ+2YVqwhMU3mTLO0zSDxaZNvLB5HyuSI3h+auBN333L6XQ2rttL+ulSymyAuxemKdNYODXk2udW/z49RfTRNby920JlNRjDI1n8eBwBZ5NZseoA5mL7vHSm+2fzbGzj/d7ysxCRG6suJv2jjaytm+PSYCB42CjmJcQS2qSnv42ivWtY/lEOuaXg6uWLaXocCycEt9E85YWN8h5bV/DCZkvtulyWL1kGQPSCJSzu0/wWynJSeXvdnvr54Y0hJubPj8fk3Xx7EZGmvDB6A0U5pJ+lUQ/g5hTU5qro686jbrT8zufSa+rObxf+MpKi95LZmFV6LTd+Ox5TXZ5vND/xOft5ct1xbF7Jos1Ak/NpERERERHH0yX6q1y9WsHBIydZs+lzXv7jan7+m7/zzM//yDM//yM//83fefmPq1m/JY1jJ/I6OlQREZE24zoykhgvKDMns/TFlazYuo/sIvvFrK/uCkl/X086A5kzL5Y5Ji8sWftY9vs1mK3XWhUkr+Bn7x4m1xDInIQ45scHwsFUfvXadgqu22LuptW89nkxroHBxNzVHZfRkcR6QFFGFtmNWhaz7fN8cA4kPsa3mdispL/1Jiu+LMYzPJL5j8cyZ7gRS0Yqyz4+di22rXWx+RP/QBzzp4fgV5xL4p/eZMVB63WbPMby/03FfMmH8FEhBLiW3uL9MRAwdTZzgiB385qm22u07d28/VoqqRYvTPfFsvDxGKb42zBvXsOy5MImzbM+WkXiuUDmzIslfrA7lqx9vPb3lSz7v8OUhY9i4QMRBLuXYv5oDW8fvfa61nwWInKd6nw2/u+brEgrxDXERMLjscwZ6UNRZjovv9Q47wFUHtnCy+ssBEyMtf9NOheT8WEiL2/NvyPh+ZnuZuHjMUQbAXyZ8ngcCx+PI/4G40BXHlzDz/6UTsYlH2IfiGPhAxH4FZl57fdNj0VE5MaCib3bCFjYuOxVXng9iaSj+ZS1UR5p71wKF1j72nrS3cOY93jt+W2Omdf+noql2fb24fgXxtrPR42mGBY+XptT71CEIiIiIiJtpVP3B7FcLmX7jkw+TzdzyXKl2TbnrRWcv3CJ7JP5bEjawYB+fZg0fgSTxo1o52hFRETamHsEC39sIOC9ZDZmFZK+OZn0zcm1vdaGM3PGZKL9bvervhhL/wReeqC2uhAVQ/TWFbywOYdVW3PtPXatu0ncbAH/SJ7/cd0wyJHE9l/Pc6/vI+noZOYPvrbFImsvFv8ygegGPemmjNtO6rbDpGbFExpeuzBvN9tOg9+ku4lxby62o2QcBAbF8tMnY+w9aKNimPlIIUWl/vYm1t0kJlnA18SSH8cTWhdb7G5ee2E76Wu3Ez8s/tocmpZSPKc/xku36MnbmD8zF8eT+1IS6e+vJ/pnjY+tnvto5v8iDKPRWL8oZmQvKl/YRGrmYYri/BtdRCzrP45XF422H9dIH8pe2ERqTiHGb36PZ8faey7H9Cxl0Vu5mA/nwuDWfxYi0ljl3u2szQO/SQm82CDvTRm0mufeb5D3ahWd6sb8Fx8jtvZvPiY2jLd/uZ7UpO2kT3rsBrnr9rn2jSCmbyFFSelk0J3wqEii61Y2uY8kl7VrcyjzCGbhf9TNUx5JzEgffvViOht3WTDFGq9/kYhIswLiFvBSj/W89mEOBVlmErPMJAKuvv7Exk1m5thgjLfZtaC9cymU4jrqMV6cXnu+FxUCv13J2pzTmK0Q22R/tcPxG46xIrUYz6DBxET5t3VQIiIiIiJ3RKctAG/fkcnHW3fWF3779O7JyGGhjIgYSA9jd4w+XlADFy0lnC28yMEjJzl09BSnzpxjZeJWUnbsZ+bUcUQNH9TBRyIiIvIVeIcxc1EYM62l5J46gHn3UVIPFJKbuY/lmYeJXvAUi01et95OE17ExDTuWhYwKRLT5u2Yj+ZQRDB+x3MxV4NfeDCepZZrPSeC+hDKMbJPFcLgaxfJ/Cbc3aRAGjxxOMHb0klN28288NG4Atm7j1KELwn33KBrG0GEh0DGib2s2unPnJH98fMwgMEfv7qaxtEce2yjhtcWf2t5jCZm2HbM5lzMRRBcX3kNJj6uNcXfuu2ZmJ+QRdZbuSx/dzevLhrdbLOGxV+spVgqDHh6AZW2Jj22gwcOvDYstHMv/LyB8mBiRjf4HPv4EkAuBZbad72Vn4WINGY+mE9zec9zdATR7+eTUZf36lYMi6gvWADgHEbsKHdSU/IxH4eYYe0UeHOKcsgqBoYFE26zYCmpi7EP4X6QdCIXYm8yxr2ISCMG/EY9xIujbJQVnSb70DG2ZRwm63Qh2xIT2ZYWyYv/VnfzWSu1ey41EjO64fmePwEBQGEpFgugUyURERER6UI6ZQF4/ZY0NiTtALhhj97zFyy4ODsT0KcXAX16EWWyF3pTdu4nZcd+Tp05x1/eXMc3H5jCfZOim+xDRESkU3H3InhwDMGDY5iJDcuej3hhVS4Z678g19Sgp2uLGQm4fmw7d3f7fGy1RcvKq/bx/4pS1rM0pZlNFJyj4ZW04KBmCqzGMcQPS2fFQTPbLKOJ9z5M6i4rDBvHlBt2UPNlyrcfouzdLWxMXEN6IuDuReiocSx8IBI/A1RW2Of8dXVpeqrjWneBsrrBQn9fgm+z94qnKYGfTl3BC1u3s2xrIAuvb1BtISt5E6s+z6fg+pGlm7nQ6Off3LDXDeJuRms/CxFpyEalFcDQ9O/M2cX++7qbNZr7O/X07AZYqaxusqp9lVspAziYytKDqU3XOxdSAJq7UkRayYCnXwimSSGYJsWDNZe1f05kY94+EvfG8uyo1nfXvd1cajS6A1cpK2/tHps5vxURERER6aI6XQF4/6ET9cXfiTEmnnwkHoDyq1Z27zvKsZw8juec4fwFe9+XPr17Ej4omJDgvpgiBjJpnL1Y/Nd3NrA78yjvr9uGv18PRgwd2GHHJCIi0rYMGEfdzZSkXDYWWSiCGxeAq6tusMJCQRHQt8Eiq9VeAHE14Aq4utlPI4ymGBJGdm+6Cd+WlJ3diZkQxqqDx0jPLGaK1z5Syw3ETrD3Br4hjxBmLvoeM6utlBXnY96ZyqptyfzMYuMvT4+uj62yytbkpfUXFG+z4NucgPgZzDm0mrWbN7HWZKPhKZZl53qWbS7E1T+YOTPC8HMHuELGhnQy2mj/bfNZiHxdGXB1B7A1LTjU5cjavFenqLCY6zNrWdlVe9M2zC23xd3FHuuACBZObObGGw9/zV0pIl+dezBzpgSz8d1ciopv0X22mfMxuP1c6tfLCygm+7QFBjRzx+C5YgoAP/9eNz0EEREREZGurFMVgHNyz/LHv38EwDNPz2HksFAADmTlsPaTLzh15lx9Wz9fI87OTpw7f5Fz5y+yfUcmvXr6MCU2imn3jOa7T95PQG1P4j/+/SN+/ty3CAnu2+x+RUREHFJeKm8f6sOcuLCmc6+dPUxGERASgP3bspe9x0NRMQXV1A/TV5Z5jKxmN15Kenoucx64dlHOssuMGfAbHGIvHgwOweSci/kKhEdF0ujym81GpaGFpxnhkcT6HiPp82RWeOWDr4kp4Td7gZWioqv4+RnB2R1PvxBiZnlRdHAlawvsF/yC62Lbc4Ds+MBrw0CX7yb9IOAbjKktKyDOgcxcHEfur5PJMAMN3o2yUnvvXNOMBGbWjbpavpv0VUBbzW3XVp+FyNdBeQ5ZhYDRWP+3YhoWCJn5TfJe2e7DZNAg79U5eJjU8shrQ5eWm0naYwXnQEx3bIYZA/bKbm2vt+bmHAfwD8Pku4+CIhvGkZGEN/x+qLZRieHmN9iIiNSzkr5uI9w9mxi/688lSknPzAcMhA6wF38D/IyAhYKzhWCqLQhX55Oeef0QKLVuM5caTWGErksnOymJjFEJjacYqc5n7aZcwIto021M79Gc2tEgyq7c4DhERERERBxQp7oa+I8PPwXgO0/Mqi/+/umNtWQezAbsPYKHDAom9K4A/Hztl3MuWq6QfTKffQeOk55xmA82bGfn7kP859InmT1tAlVV1WxKTucfH37KL/798Y45MBERkduQvfcAqdvSSd3mRejgYEzhgfi5XyE38xjpB4uxOBuZ83BsbYEjkGiTFxu35fL2X5MoG+cPRcfY+GmufajQJox4Zn/EC69HEDvaSKXZzMZMC3gFkxBXWxxxH01C/D7Mm9P52W9PM2V8BMHeV8jNzCH9sAXTt59h/uCWHEkw8RN9SVqXS0YxBD8w+uZDVlt2sfyldAr6BhIbOZBQPygym9lYCJ4jA+zDmtbHZmbZ7y8wZXwEAdYTpH6RQ3a1OzFzJt/GsNi34BHJ/G8eI+utxu9pwAB/PLGQ8eGbrLoYRbD1BKk78iloq+IvtOFnIdJVWSnIOkxuYT7bPjtMNuAXHV57gwy4Rk1mzvbVrE1J5IVCkz3vHT7Etr3F4BXCvKmNM4YxoJS1v32TrLuHYnK/YN9mKQTPiCOmLf+2G/Eldqwvaz8qZNVrayiLH0hAQASmJr3kgpk5O5jUt46x7MU3ibl7KCY/KDpxgvQ9+XjOeIqfxjY/1LyISCOlZtLTcjCnvMqq/oGYBvXHFNSdyqJ8MjIOYy4Ez5HxJNSdYwytvSEtaQ0r3Mdh8r5C9vZ9bCtqfvO3nUuNscyffoxfbcpl+S9XYJoYTkxQdyx5h0lNy6fACsHTZ5MQ1EbvQ4SJWK8cUtM2ssx1DLFB/oRHhXDD2UpERERERBxApykAp+y0z9s7adwIxkQOAeAXL7/BufMX6ebuxjNPz2HIoP4AlJVbOZ1XiMHggl+vHoweOZjRIwfj79eDDUk7OFNwnj+9sZZnnp7DgzNiOXjkJKfOnCNl5/4mcwmLiIg4qtBZ3+OVkekkbT5E+onDrDUftq9wdyfYFMPCB2MJ977WPnjGIywsXceqDDNvHwfXvsEkPBtH1v8kNzMUsZGZi+MoeHcLa98tpdLZgF+IiXnz4zE16GURMHUhLwUmserjw2xbl08l4Orti2nmNOa0ohecMcaEacN2zAQSH3OLwoRxHIvnXWbFp8dI3ZzPNrDPATwhjoUPmup7tgVMXchLfptYsekYSevyAfDsH0zC/BnEh9yZCo2nKYFnJ/0fLzech3fwbJ5/fA3LP8ph27pkXL18iZ03E9O6Naxtw3231Wch0jW5U/BlMisyAYOB4AnxPDujQVHXOZCZ//YUfh9tZO0eM4lZte1MMSxOiCX0upThaZrBs347eS0xlXQr9X/X80bd2bm2jbGP8OylNaxKyyHx3RwCpgdiGtm0nacpgZd+lE5i4i7Sk1JJrwZXLy+CR8WxcJyKvyLSQl6jefbXwWRsSyUpI5+M7fmk1w6V7+nvz5R500gY5X9tVAH30Sz8voUVqw6Qvi6ZdIMXoRPjWBL+Bcu2Wpps/qvk0oC4p3hpQCqJmw9g/jwdsw1wNmAMCiZhVjzxg9qwPOscxvzvT6bsvS8wb0sli2AWR4UQ3XZ7EBERERFpc041NTU1HR1ES/z3H97l1Jlz/OLfH2dAvz78c/2/2Lp9Dz2M3fn9C9+tb7c78yh/fWdD/fMexu7MmjqOyeOvXRlZtGQZAM8teojh4SGk7NzPysStDOjXR72ARaTT2ncgp1Xte3Z3w8nJqf4HuOljGj4GnLhBuwa/b7Xs+scteX6r5TfS2vYenp3mHqk2l/HOMpZnBrN4WYIubImIiIiIiIiIiMgdV15m6+gQupROcXV7x+5DnDpzjjGRQxjQrw+Hj+WydfseAJ799oP17dbXzukL4NvDm+qaGi5ZrvDuB5/St7dvfQ/hZ56eYm9NugAAIABJREFUw5/eWMvaT74g9K5AJo0bwaZP0zl15hwHj5xk2JC77tixlF+t4LUVaziek9fsejc3VwYGBzDjvhjCBwXTynpFhzl5+hyfpWbg5enB/fHj8PTo1tEhiYiIiIiIiIiIiIiIiHztNJkxyhGlZ9iHtBw8sB8Ae83HAJg7axL9g+xDA5VftdYXf5cufoTfPv8dfv/Cd1nw6HQA1m7+on57I4eFEjt2OKfOnGP3vqMAhNVu+/DRU+1wRODi4owpIoTxo4c2+unbuydHT5zmtRVrSE3f3y6xtIXii5fZsfsQGeZjVFRcu0vjbys/ZtGSZfWfTWeyIWkHi5Ys428rP+7oUERERERERERERERERERaxOF7ANuqqjh45CQAo0ba5/7NP3sBgMjh1ya0K75YAkDvXj3qe/oC3D1mGP/48FPOFhY32m542ABSvzzAsZw8Jo4zMXJYKDv3HOL4yfw7ejx13FxduT9+PCHBAU3W7TUf4++rPiFp+x4ihw/Cu7tnu8T0VUSPCOP1ZUs6OgwREWkD0U8u4fWODkJEREREREREREREbovD9wC+XFIGgLeXB97dPQA4deYcrq4G+vbuWd/O2dk+VnKlrekY4ZWVtvr1dULvshdej+ecASCob69G++tI4WHBBAX4YblcSlGxpaPDEREREREREREREREREZFOwuF7ANcVZH17+gBw7vxFrlor6BfYu1E7v1496GHsziXLFb7YdZC7xwwD7PMCA4QOCGzc3teIn6+R8xcsnL9goafR276/Kx1fAL6RmhrIOp7Lmo2fk5t3jpoae4/nB6ZPYExkeKP5gq9vW11dg9Hbi9GRQ3hg+gQ8urmTk1vAH/76IUEBfjwyezJrP/mCoyfOMHJoKE8+Mo0//t0+V/Hi+bOJHhFWv+1Lliu89MfVAPzsh4/Rw9i90baeXfgQn6bsqX/vwf45rN+Shkc3d/79u3PpafSu38b3nryfT5LTMWflUF1dzcABgTz92HS8u3uybnMaX3xppvxqBT2M3XnswXuJGh7W6FjLr1pZtzmN9IzDXCktx83NlVGmMB6aNZEePt3r2/1t5cfs2neE7z4xi8tXyvjksy+5ZLmCm5srE0YPZe6sSXRzdyNj/zGWv72+/nW79h1h174jAE3eCxERERERERERERERERFH4vAFYI9ubs0uN7i4NHruanBh1tRxvPvBp7z13mb+8eGnVFZe6w18f/z4ZrbRoAO0U5PVHcZ8OIfcvEL6BfjRp7dv/fJd+7J4873NODs7M3TwXXh0c+NI9mlW/GMTRcUWZsTFAPbi78ZPd7J+SxouLs6E3hWEn68PuXmFfJa6F8vlKyx6fFb9ds+dL+YPf/0Aa0UlPt29qK6pobKy8isdQ//A3owfPZSjJ85wofgy/YP86Rfgh5urge5eHvXtLpeU8r9/+4CePbwZNWIwx3LyOJ6Tx5/fWId3dw/yz11geHgIFy1XOHEqnzdWfcJzizzq52wuK7fy5zfWciwnj969ejBsyF1cuHiZ9L2HOZFbwI+++3D9zQN1Nn32JReKLQwJ7Q/97YXyf6VlUmmr4omHp+Lb04fxo4dypqCI03mF9PL1qZ9/+vptiYiIiIiIiIiIiIiIiDgShy8A9+ndk27ublhKShs9Lylt2lN38viR9O3ty9rNX3C2sBgvz270C+jNlLsj6R/k36jtVWsFZ89fpHcvI717GTl3/iIAPu00325FZSUbknY0KoZWV9eQk3uW8xcu0c3djRlxMXh6uANwOv88763dRg+f7jy36CH6+tsLw3UF0H99kcnokUPw9+vBkexcNn/2JV6e3Xjm6TmE3nWt93P+2QvgRKMhsUuulDNqxGDmfzMej272/ZVfrfhKxxc5fBCRwwfxt5Ufc6H4MlHDBzUqwl+yXAHAZqviG/eO5f74CTg5geVyKb//y/vknS0iOMif/1wyHx9vT2pqYGViEp+nm9l74DhhA/tRUwNrNn3O0RNnmHlfDLOn3V1/XF/utRfLt6VlMnfmxEaxWa0V/OLfn6B3LyMAx3PyeG3FRxw6cgrL5Svc1b8PTz/2DTYk7eB0XiEDgwN4+rFvfKX3Q0RERERERERERERERKQ9OHwBGGBAvz4cyT7d6PnJ02ebbTtkUH/+45lHb7nNM/nnARgUYu/ZWVeQ9PFunwJwVVU15sM5TZa7ubly95hhzIofT68GvU2PZp+m5EoZ4yaPqi/+Anh6uHPPhJG8/o9N5J8twt+vB7v2HsFaUcmk8SMaFX8BAmvnOm6oV08fHnngnvrib3vy7u7BqBGD64d09vH2ol9Ab86dv8iokYPrPw8nJ4gIC+bzdHP9Z3WltIwjx09j9PFiwphhjYrapogQgoP8OXEyH6u1End31/p198ZG1Rd/AQL69KJ3L/tw4JaSUvXyFRERERERERERERERkU6rUxSAA/v24kj2afaajxFlCqt/vnnbLqZPGXNb29yx+xAAYSFBAOw/fAKAwaH92iboFmg4n2xZuZU1mz4nZcd+qqqrMfp4NWpbV/Deun0PW7fvaXZ7+ecuEBE2gLOFxQAMuiuoRXH07OHdIcVfAFdXV7w8u9U/d2rQO7lvg+GvAVyuG/a7+FIJl0vKKCu/yv976Y1mt+/na+SqtaJRAbhuvuc6zs7OuLm5Xv9SERERERERERERERERkU6nUxSAwwb2Y9sX+9h74DhRpjCiTGFs+2IfW2oLwCk795OyYz+nzpy76XaGhPZn/Jih9O3tS8rO/Qzo14fRkYMByDyYXd+mI3h6uDN35iTyCorYuecwA/r1IW5idP36qqpqgPq5dJsT2KcX1TU1VNfUtEvMHa26upqamhrc3VwZHh6Cm1vTf85enh64uro082oRERERERERERERERGRrqdTFIDHRA7ho02p7Nh9iLiJ0USEBTN18ii2bt/DoiXLWrydI9mnGw0lPecbd+PRzZ2Unfs5d/4iPYzdCR0QeJMt3Fke3dy49+5IcnIL2L4jk9GRQzB623sC9wvsza59Rwjp35cnEqbedDt+vj4cz8nj+Mm8+h7GrWVwccbNtfl/HhcuXqa8/CoeHt2aXd+Qi4vzbe2/JXx7+ODl2Q1rRQX3x48n6AaF8dt1J2MXERERERERERERERERuRM6RQEYYNSIMDZv20XKjv08kTCVR2bfw/5DJ7BWVDIxxsTk8SObDJt8vVNnzpGyYz8pO/czclgow8NDAEjZsR+AiTEmunVzu+PHcjMjh4USFtKPrOO5pOzYz/3x4wEwRQzk05QMMszHmDBmWKO5fSsqKjmRe5awkCBcXJwZGxXB7syj7Nh9iFEjBjdqm3/2AgaDM/5+PW8ah6urAT9f+zy5J07lE2UKw8kJbFVVbN+RSfnVihYVgAP62Occzs0rxFZVhcGl7Xrj+nh7MSz8LranZbLlX7t48pH4Rttv6bHeSGCfXjg5OXGu6BJXSsvp7uXRVqGLiIiIiIiIiIiIiIiI3BGdpgAcNzHaXgDeuZ+Avr24b2I0//3Tp/ndn99nQ9IOPk83MzHGROSwUAID/OoLgVZrBWcKikjbdZCUnfZCb5/ePXnm6TkAvPPPJE6dOUcPY3cmjx/ZYcdXx83Nlfh7RnP8ZB4pO/YzJnIIff196RfQm+lTxvDRJ6n87s/vMXBAIL17GSm5Us7RE2cwuLjwo+89zIB+fYgYHExMdARpuw7yyvJ/EhIcgJ+vD7l5heSfvcD40UOZ/8i0W8YyJmoI6RmH2ZqyhzMFRfh4e3Ly9FkuWUoxGFpWyK0rXGcezOa///AuwUH+3BsbTY9bFOtbwskJZtw7lpxTBezYfYiDR04yJLQ/zs7O5OSe5fyFS/XHWjevcGuEDAigr39Pcs+c4zev/oOBAwIZPXIwkcMHfeXYRURERERERERERERERO6ETlMAfuv9LfWP31+7jftq58f9yQ++SWq6mbf/mcSGpB1sSNqBi4sz/n49cHJyJv9sUaPtTJ08ikdm3wPY5/39PN0MwKyp427Zg7i9RAwOZnh4CPsOHCc13czcWZNxcoKpk0czcEAAH2/dybGcPI7n5OHm5kpYSBCzpo4jOKgPAAYXF55MiCd8UDCbkneSfTKPYyfOYPT24t7YKB6YPqFFBdEhocEs/NYMEjekcOjoKVxcnDGFhzD/kWn87d2NLTqW/oG9+dH3HubdDz4lJ7eAvIIiIocNapMCMIBvTx+Wfv8Rkj/fS2q6md2ZR+3Le3gze9oE4iZG3VbxF8Do7cVzi+by/tptmLNySM84TJ/ePVUAFhEREREREREREREREYflVFNTU9PRQdzKX95az17zMXoauxMbY2JD0g4Anlv0UP0wztkn89mx+xBnCs5zpqAIq7UCgG7ubgzo14fAvr2IMoURERYMwK59R/jbyo8BuD9+PLOnTeiAIxMRaTv7DuS0qn3P7m44OTnV/wA3fUzDx4ATN2jX4Petll3/uCXPb7X8Rlrb3sOz09wjJSIiIiIiIiIiItKplZfZOjqELsXhr26v+Mcm9pqP4eLizPxvTmPYkLsA2JC0g1dfX8OkcSOYNH4EoXcFNprrtuBcMc7OTvTp3Xj+14bzAAP88NsPMmLowPY7IBERkXZmq6qiwmqjwmbDZquiurqGTnD/l4g4ACcnJ5ydnTAYXHAzGHBzN9RPtdJVKWeKyFehvKm8KSKt83XMmyIiIu3BoQvAKxO3kp5xmMC+fuSfLSK1drjmut8AKTvtxdyxUeEMHTKAu8cMByCgj299m5Ir5ezJPMLRE2fYte8IAAP69eFbc+8jJLhvOx6RiIhI+7FaKym7asVmq6abuyvd3N0weLng4uzU6h7RIvL1VFNTQ1V1DTZbFZWVNi5eKsVgcMazmzvu7q4dHV6bUs4UkbagvKm8KSKt83XKmyIiIu3JYYeAfvO9zaTtOkivnj48t+gh/u+dj8k/W4SLizNVVdUMG3IXTz02nbQvD5K2+yBnC4vrX9vD2B2jt32O2eKLlykpLa9fN6BfHyaNH8GkcSPa/ZhERO4kDQF9c1+nIaCrqqopuVJOdXU1np7udHN36+iQRKQLuWqtoKzMirOzM97dPXBxce7okL4S5UwRudOUN0VEWqer5U0REWkZDQHdthyyAPz6uxv5cm8W3b08+OG3H2TggAAKzl2oLwJHmcL4/oLZjV6TYT7GoSOnmswBXGfYkLuIiY5g/Oih7XkoIiLtRgXgm/u6FICvWiu5XFKGl2c3vDzdOzocEenCSsuslJZdxcfbk26dtHeGcqaItCflTRGR1ukKeVNERFpOBeC25XBXtz/57Eu+3JuFm6uBRY/PZOCAAE6cKuBvKz/mwsXLxERHsPBbM5q8LtoURrQprP55wblirBWV+Hh74uPtqbkjRESkyyu/WsGV0nJ6GL1wc3W4r3gR6WK8PN1xdXXBcrmUmhoPPLp1rh5gypki0t6UN0VEWqez500REZGO5HBn7OkZhwF4+rFvMHTwAA4dPcXr727kSmk5k8aN4ImEqS3aTsM5gEVERLq6q9ZKrpSW09PYHYNBNz2JSPtwczXQ09idi5YrODk5dZqeGcqZItJRlDdFRFqns+ZNERGRjuZwEyi4u9m/xLt7ebAn8yh/fmMtV0rLmTBmWIuLvyIiIl8nVVXVXC4pw+jjpQtyItLuDAYXjD5eXC4po6qquqPDuSXlTBHpaMqbIiKt09nypoiIiCNwuB7AUaYwTpwq4JXl/6xfNjYqnKcend6BUYmIiDiukivleHl201B8ItJh3FwNeHl2o+SKfWhQR6acKdL1VFdXY7NVYauqprq6mpqaGmpq7tz+nJzAyckJZ2dnDC7OGAwuODu37v565U0R6UjtmTfbImdC58qbIiIijsDhzt5D+vcl/p7RZB7MxmBwISY6gm/cO7ajwxIREXFIVmsl1dXVeHm6d3QoIvI15+XpTvHFCqzWStwddGg+5UyRrsVmq6Kiwoatqqpd91tTAzU1NVRXV2GzVYG1EoOLC25uhlb1kFXeFJH21hF5s61yJnSOvCkiIuIonGpq7uR9sSIi0l72HchpVfue3d1wcnKq/wFu+piGjwEnbtCuwe9bLbv+cUue32r5jbS2vYenw90j1ayLlit4dHOjm7tbR4ciIsJVawXlVyvoaeze0aE0SzlTpGuorq7hqrXCXkhwMAaDC93c3XB2btm5p/KmiLQHR82brc2Z4Ph5U0REbl95ma2jQ+hSHG4OYBEREWkZW1UVNlu1LsiJiMPo5u6GzVbd7r3xWkI5U6RrqLRVUVpW7nBFjDq22vgqWxif8qaI3GmOnDdbmzPBsfOmiIiII1EBWEREpJOqsNropmGvRMTBdHN3pcLqeHftKmeKdH4VlTbKy613dH7ftlBTA+XlVioqW5YLlTdF5E7pDHmztTkTHDdvioiIOBIVgEVERDqpCpsNV9fOMVS1iHx9uLoaqLA53gU55UyRzq3SVsXVqxUdHUarXL1a0aJebcqbInIndLa82dKcCY6bN0VERByJCsAiIiKdlM1WhcHg0tFhiIg0YjC4OOwQg8qZIp1TdXUNV69aOzqM23L1qpXq6pt3vVPeFJG21lnzZktyJjhu3hQREXEkKgCLiIh0UtXVNbg4O3V0GCIijbg4O7Xowl17U84U6byuWiscevjSm6mpscd/M8qbItLWOmvebEnOBMfNmyIiIo5EBWAREZFOqqamBicnXZQTEcfi5OREjQNecVTOFOmcbLaqTt/L61bHoLwpIm2ps+fNlsTvqHlTRETEkagALCIiIiIiIiIOqaKia8zx2FWOQ0QcX1fIN13hGERERDqaCsAiIiIiIiIi4nCqq6uxVXXeXmwN2aqqqK6u7ugwRKSL6yp5UzlTRETkq1MBWEREREREREQcTmcewrQ5Xe14RMTxdKU805WORUREpCOoACwiIiIiIiIiDsdW1bV6f3W14xERx9OV8kxXOhYREZGOoAKwiIiIiIiIiDicrjb8Z1c7HhFxPF0pz3SlYxEREekIKgCLiIiIiIiIiMOpqanp6BDaVFc7HhFxPF0pz3SlYxEREekIKgCLiIiIiIiIiMPpatf+u9rxiIjj6Up5pisdi4iISEdQAVhEREREREREREREREREpItQAVhEREREREREREREREREpItQAVhEREREREREREREREREpIswdHQAIiIi0n6SX/kJWwpv3c4/filL7/O/8wG1iI28Hav4ICmLvFLbHYvtwLs/4Z2z01i6NA5HOXIR6boqi/aR+N5O0k+XUmYDnA0YgwKZEjeZeJM/rq3ZmDmRRW9ZmPMfC5mpBCYiXZKNoj1JrPj0GLmFNioB3N0JDo9g5ozJRPu17vJWxjvLWF4QyYv/EUfAHYlXRERERKRjqQAsIiLyNTJ58fOMrW6w4FAiv/qwkEnf/QGTGxQNDO7e7R7bjdgOrOJvH2UTNHkez00agG8Hx1b46Su8klTI8Cd/x5PDW/niM2msTi0hauY0wh3nLRaRdlZmTuRnb+XiOtjEvO9HEu7rDpcLSd+ZStI7K0kaNJnnvzsav44OFMhNW0PSpTASZpgwdnQwIvI1VUrGO2+y3Azhkyez5Nsh+LmDpcBM6uZ9LH/pMOEJ81gyzrejAwUsmDclk95jNAsnBHd0MCIiIiLyNaYCsIiIyNeIwcubRnVHLwNgwMPbG28HLUiaMw5QHv4wT88c7hAnLv6TfsDzMTYMHrfx4kvH2ZtRiP+9KgCLfH3lsnF9LpjieHFBJJ51i72NxM8NIz7+MBvNXg5R/AUoOp5DeoGRmTNQAVg6uSqKs/fwxf7zXG5J8+69iRk1ikG+Lnc6MLmVvC9IzKwi+vGFLI7yql9s9I5l3uBYZh5MJqOHIxR/AazkmnNIDwhj4YSOjkXkK7IVcXzXAdLPlraouU/fCO4eMxBfR/hPm4iIiDjEdVQRERGRGyikuBDo6+k4Jy1uHni7dXQQItJpleSSXQyh04dfK/425B3BTBUNRNpecTpvrcwkr8UvyCUj28b/+94EHKW0+HVlycmjCH/mmLyaXW8cFseUdo5J5OugeMcWlie36JYZu8xcjtke5UcTe965oERERKTFHOZaqoiIiDgISwqv/vpjuP95npt4XTfVir288cJqePi/eHp0CcmvvMKWvo/xfPQp3kj8krxSG7j7Ej75MR67bwCNOsnaitm7ZiVr9+VRbgNDz3DiHnuMuLua70pbN9Sy/ck7/OQnAP5MW7qUOH8oP5lC4vpkss6UY8OAR79w4mYnMKnB9urm9f3Bw65sX59M1hkDE555nlk3GZGv/GQyb6xOJuuiDQweBEXO4YmHo/B1rtvoO/zkncL6OChM5pVXtuA/73nG5r1D4henKGlyfAd45yfvcKB2E1te+QlbAEY8ye8eHw7lp0j5cC3Jh2rfG68gwu+dyYN3D8LbubkoRaTT8u6FnzOYzQcoGxXZfBH4Opbjybz9/gHMxTYwGAiOnszihEj8bpYfqi1kJW/i7W35FFnB1cuXmAcfYH5U41JWZdE+Vr27nfTT9jk1XX39iZ0+jQS37Xz/rdzaVvt4Yck+AKIXLGGx6XYOXKSD+Q5mRN9M8s62/CVBEaEq/joAY08jcJoMcykxUc0XgRtpYf5rwlZI+ocbWZVRTJkNXH0DmTlvNjNDGu+zUU4GPPsHM3NWPKacRF7YbLE3Kkxi0ZIkwKj52aXT8o0IIWhbJnnVt24LgLMPI4ao+CsiIuIoXH75y1/+sqODEBGRr+5s4aVWtfdwc8HJyan+B7jpYxo+Bpy4QbsGv2+17PrHLXl+q+U30tr2rq6OX3UrLbtKd69uX20jhZlszSxl0IQJDKy7ttUtCPe8ZNIOwdCJg/Fp0Lwk7Z+syY1g9mMj8XMqJSctjeyL+Rw45sWkJ55k7rRYTF4FpG7ZSIolhClDay+0VReS/MffsbZoEHOeWsDcabEMrjnAhvf+RemQWAY3M66oV78oxt09GA7u4VTIwzz/vblMnjyOQT1ccT6+lpdfT6YsdA4LnpzL9Nhh9Dy3g7Ufp1I6YDLhvWoPb/9WMgvyOZBRhO+YqUyJGYsp1BePZj7eurZZh2wMmv0tnpw9BVOvIvYmf8aeyqHEDvZp/j0rzSEtLZuzJ/ZyyjiJed+ay/Qxd1F9Mo3Pkk/jNymKABdfBo+bwMTehaQcrmbSd5fy5IzJTB4egLtrKWmvv8L6Bu/NMP9SjiR9Qn7fKQx1lHFgRVqhTfJTG3OcmHoT4HSIpLTDJO/LA2NP+vXwxvUGt+aWmRP5xYqTeI+bwuIFU5gdaST3X8m8fcSN+0YF4gpQeIgN+6yEx0Yz2AuglIyVb/PaPjdivzmbxXPGMaZ3PptXb+NQj5HEBNUOY3A2md/8fgfZvYfx9ILZPDptCCE1BaRuysb7gVnMmxxJwPkMMmtMLPnJbObeE010QDc6wVekdBHWiso23JonAyMDqT56hBNXbt06aPJsnr0ngLb+5+7u7trscsfJUdc4TEx+RlwO7WfbF7vZfa4co18f/Lq74dLs6X3L8l9B5g52X+nLlNiB9ulRqvPZ+Oo/WFXUl3lP388T3xjJsJpjvL9qN1fCRzOsh33r9px8BOvQCTy7IJ45E+/C7+JRNn5+mTGPzmD2xEA4cITskFhe+UE88feMJLzHjWIVaXttmjc9+zNmyFUOZxRSUnOLts4+3PedR5nWp22z5o1yJjhQjhIRkTZjq2zpXUfSEuoBLCIiItcxEBU/iS3/u5e9ubMIqu8tm8f21Dx8xz5MeMP/11v8ufc/H2Nsbcdb74lP8m+8yq82bCTlvueYZISSL1az5Ww4Dzdsd993eLr8Zf782V6mL4hqelLi5oG3mw8eLoDBE+/6SYpLSPkkjZLBD/Nfj46t7WXszdhHn4Oy/+SDT1KIC5t0ba7jcg/GPLP0pr1+65X7MvlH32FSbUHaO+ZJph35CauPZVFM0M17AUUksPSR8Nonw5n1UB4H/ieZrOMQNdQ+z3Lzcy6f4vhJCH80gbHB9nfBO3IW3xkxiza/6iwiDiFg6gJe8k1ixeZjrH1rNWux91ALHzuUmRNHEWqszYjVh0l8PxfPSQksqUti3pEs/DcbZS/sZmPeaBKCmtlBVjJvZxqIf/YJEgbYFxlHPcTzVat5busX5I6NJ5hikt7bR65fJC8ujiPA3oroqQlET7H3NAbwNADOLhi9jZoDWDo/QxDfWHAP5177F+ayGzfzGHYPi6cE6YKJo3AOZOazT+C3bgtr9+xjeaZ9RALP/oHEjhtH/OgQ6tJmy/JfU5bULawtCGT+iw8RW3uuapz6BM+W/R8vJ+9mztOjca3NyYyM58V5JvsNOBiJnRtCjM2Gq8EA7kY8nQGDJ0ZvZU3p/Ax9J7I44SK/fj+P8hu2cseU8CDf6Ks500VERBxJp7+seCT7NEezz3A0+wxl5daODkdERKRrCJzMhH4l7NqZdW1Z1g52WcK5997rqg2DhxN93SjO3pFjGEAex4/ZgBLM5rxm2w0IHQA52ZxsTWwlZsxnIHxEdOMhpvEgekQ4nDnO4YoGi3tFMbYlxV8A/+GEX3etLijQH2xgu8VLQ4eGN17QN4hA4NY3L/oT5A9ZKR9zIL8cW137Tn+WJiI3ZsBv1Ax++v+e4/XfPMVPn45hykADuZ+n8vKL/8dyc6m92fFjZJS7Ex15XRLzGEhoQCnZOZZmt55lzqHMOJDoAY2Xew4MJLg4j+wSoOQQGach9O7RtcXfhuGp7CVdWLcIFiwYTtCNvmf7DueHcyNofoIK6TAGf2LmPsFLv1nCX/7fQzz7gIlwg4VtiWtY+mIiGbWVqRblvyYsZOwvhsFhxFz3wYcO8ocT+WRDbU42ED2urvh7javypnRhHhGz+eEUnxuuD5oykwURLZnUQkRERNpTpzxDLSu3siFpB2m7DjQp+k4YM4z7JkbTP0gTrIiIiNw+bybEhvPxP9M5xRzxAAAgAElEQVTYOyecKDcbe3d+CdFP1/fgrefm2fSEwtsHb6DwUjEA5WXAyQ/4+U8+aGZfw7namtDKyykHvLs1PY0xdDMAhZRcAupOBVwc/XTHn7gf/ABWJ5L4pzTKbfb5jCfdN4u4oZp5UKTjFbLxtytZW9hwWYM5HQuTeeG3+yhouNo/khf/I65pYbU57r6EDosldFgsCdXFpP59JW+/swXz7x/CZLVShpWk15aR1MxLA25wA2xZuQ0sZl5eYm5mrZGycgArZUCAsY16qJkTWVQ/Z3CtkfG8/qR9wuCMd5axPLPxas0nLB3G/wY92jyDWLBgIm08gunXz63y4i3yxa24+oZgmhSCaRJQnM5r/5PK8o8O8/q8iJblP+/rl1spKwVytvP9JdubeV0wZQBWK2V44dejRWHe0s3z4i2+e0TaWZ/JD7Kg8D3eOtj43MNj2D0sntyng6ISERGRm3H0K6JNnM4r5JXl/7xhb9+0XQdJ23WQpx6dzoQxw9o5OhERka7DEDmBseveICW9hKgRe0k55MuYfwtv2rCiDBvXnVSUXKYE8O3hC5Tj4QkMfZjn50Y0t6fW9bLx8MADsF1tstfaZb54t9GFuXbjMYC4p5cSB9hK88j610YS33qZU4/+hqejO93pmkgX40/8MwuJbdSb34Bn3bzpfrH89JejaTTjnnO32xsu2dmX2NGBvJ1VTG4RmNzd8cSL2MWPEd/MtVVXt+b34ulhAL8IljwT00wRujb2Unc8AYvFAm0xuHPEDF755XVjJRi86h+aEhbyyoONV7uqi6V0II+I2fzwG4n88ZMiexHY04+HFszGpOkkv7pb5cVb5ItW8Y0hZlAq5rOFFBHRsvzXhLt9+bBYXklo5lwXA54A7u54UkpRwxsNv4Kb58VbfPeItDtPTHNn8lDZRtbk2K/JeoSM0ogJIiIiDqxTXVG8UHy5vvjr0c2d+yZFc/eY4fTy9aGs3Mq+A8dZvyWNCxcv8+Z7m/HwcCdq+KCODltERKRzcg5n/FhfXk3dTtrlA+T1m8DTgc20O3qAjPKxjXoGl+zfyymCmBVmALwxmYJY+2kueV5jG88ffDu8TZj6reXj/RmUjx7b4IJDORn7s6DfLCLcvuI+7hR3Tzwop7xRl2cbNpuhfsRVg1cQw2fO4dzhV9hy9DhEN3chUkTak6vXTea/dXbH09u9FVsrJGNnKeHjQmhusETz0XzwCCHUD/ANI9rjGFn5VSQMavmIAOGmEDx35pFbbWwyrH0976FE908ncbcZS2xs4+Orpn4Yek8PA1iruMl0qXYGL4xNetVd4+qhOYTF8fSJSeCHFe/xxx1wz4IE7lbPyrZxq7x4i3zRRKGZ1NKBxIY0U/2sPkzWcfAcGYgf4NeS/NeEkegRvqxKOkeuVwymG52rDrLn5Iy9h5k/+LqbGuvzZm0x2WqlEpoMFd3QrfLiTb97RDqCcx/ufmIm5W+s418M54dPjNWICSIiIg6sU31Nv/HeJ/XF3x9//xFmT5tAL1/7HBSeHu5MGDOMF5Y8Sf/A3gC89d5mzQssIiLyFQTFTiDoYgprtxcTHjuh6Yh5AMZCPnttNV/mFlNSUsyp9NX8ecMpPKKnMaH2qpX33TOZYPiSd/7nA1KO5VFSUkJJ/nFSPvozv3pn7y3n123Mm0nfmID30Q949b0vOXWhhJILp/jyvVf54Kg3E74xqfk4HUFoJCavElLWrOVAfgklpTbI38wrL7zCB59n2Y+lpJhTn39MSiGED669kS1rLb/69a/42xfFzT8ni7W//hW/ej2N4mZ3LCIOo+goSR+tYemLK1mVYia7yIKlxELRqX1sfGcFy790IfqbcYQDOEcwZ4Y/BRtWsezjfbVtC8nem8zy364gMe8G+wiPZc6gYhL/sJLEvTkUlViwFOWQvjWRF36bhH3gVV/iZ0RgzEvnheVJZORZsJTkk5Wyhhd+sZr02v9GhY8MwdNiZtWHZnJLLJTpv1fSxfSZ+Cj//ZNHuU/FX4dVlLWbVX/6P5b+aRNJB2tzWl0u/P0mUp2DmT8rzN64RfmvKWNsLFMMx1j++zUkHc3HUmLBkneMpA/fZOlbu+29mWtzcuWXm/jZqnR7Ti7KIf3jlSyt37aR6EhfyNrJ8hT7/stad6Ir4tic+3Dfwu/w3wsnqPgrIiLi4DpND+DTeYUczT4DwFOPTb/hHL+eHu784Kk5/Neydygrt5K26wD3TRrVnqGKiIh0HcYJjA//mA9Oj2VS5A1OG/pP4wfRebyz8hU+sNjA3Zfw+75Dwr2Drp1oOA9izs9+yoA1K/n4nVf52AoYPAgaGsdjD0a1/oQkbA5Lv+dL4vqN/PW3H2DDPm/unGfnMaG5XsqOwnkQcxbN4vLbm3nnf9PAfxpLl07nOw/bWP3Zav66odw+nLZXEOEPPse8uuGfbZcpsZTgUW5r/jk2LltKKHEvb2UxXUTanV8sP/31YDK2bWfjvz4jdZ3NXlgwGAjoH8a8H00mNuhaLzfjhCd4yT+Ztz/czrJtyfYeZb7+xE6fzZygG+3ElynfXUhA8iZWfbSGpFLA2YDfgDDmfPteguuaDZ7Bi9/34e11e1jxP2YqAU9/f2LmTiPa/VqbJQ8ksnxzEr9Kg4DpT/DiVFXKRKT9+E16ileHmknatJuk9w+TWGpf7urlRfDIWJ6fEUNw/ZAwLcx/13MOY94vniD0w40kvrWaRCtgMBA8bBQL546u78lrnPAEL3psYsWmnbz8Uio4GzAGBRKfEFO/beOEh3j23BpWbFzDz9ZpvnMRERER6RhONTU1NR0dREus35LGhqQd9Orpw8u/WHTL9m++t5m0XQcZHNqPH3//m+0QoYhIx9p3IKdV7Xt2d8PJyan+B7jpYxo+Bpy4QbsGv2+17PrHLXl+q+U30tr2Hp6Of4/UufOX6NP7Dk92W53FB//1Bnn3Pc9zE6/vV1tI8iuvsKXvk/zu8eF3Ng4R6VTaJT+1kiPGJCI3d7nkloOPdzo+3s0N/u6YOcoRYxKRm+tqefNGOROUo0REuqJyDZ3SpjrNYB0XLl4GYMig/i1qH1k79++Z/PN3LCYREZGurmRHMl9aw5kU47CDKouIiIiIiIiIiIhIA52mAFw3l69HN/dbtLTz9HBv9DoRERFppepTbE85hUf0BKLcOjoYEREREREREREREWkJxx/fslb/wN7sO3CcoyfOtKj9keOnARgc2u9OhtVq5VcreG3FGvIKivj3784lJDjgpu0tl0v5/V/ep9JWxc9++Bg9jN3bJI4NSTtYvyWNMZFD+M4Ts257O9XVNXy5N4sNSTs4f+ESHt3c+dH3HmZAvz5tEqeIiHQg5wHM+tnvuPG3hD9xS39HXDuGJCIiIiIiIiIiIiI312l6APcP8gfgdF4hF4ov37J92q6D9tcF+t/RuG5X+VUrmz/bRVVV9U3bpezcz7nzF9spqtbbvO1L3lj9CZcuX2HYkLsYEzm4vve1iIiIiIiIiIiIiIiIiLSvTtMDOGr4IHr19OHCxcv8+a11LF38yA0LjW++t7l+zuCpk0a1Z5itcvDISY7lnCF8UHCz688WFpOyY387R9VyJVfK2LH7EG6uBp759pwbHoeIiIiIiIiIiIiIiIiItI9O0wMY4KnHpgP2XsCvLP8nR7JPN1pfVm7lzfc21/f+jZsYTS9fn3aPs6WsFZVs/mwXFRWVTdbV1EBquplLl690QGQtc7mkjNKycry8POjb27ejwxEREREREZEuxMmpoyNoW13teETE8XSlPNOVjkVERKQjdJoewABDQvvz1KPTefO9zfYi8F/+SS9fH/x6GgEaFYQnjBnGo3OmdFSot2T08aJvb1+yjueSeTCbMVHhjdafKThP2u5DhN4VSEWljdKyqwBcKS3nD3/7kLyC8yyeP5uRw0Ibva6s3Mof/ppIwblinlv0EGEDWz4Hct28wLOnTaB/YG8SN6Rw/sIlXFycMYWHMG9uHD18unPJcoWX/ria4ot1Q3GX8+MX/wrQaE7hCxcvs+6TL8g8lE1ZuRU3N1fCQoJ4+P5J9AvofZvvnIiIiIiIiHwdODk5UVNT09FhtBknVTNE5A7rSnlTOVNEROSr6VQF4CPZp9l34HijZReKLzeaE9ijmzuzp43nvtqhn88UnOfwsVxOnMwn+2Q+ODkxKCSIAf360C/Aj2FD7mrXY6jj4uLCtCljyH/vAp99sY/hEQPx6OYGQFVVNUn/svcMnjZlDEn/2l1fAO7u5UFMVDiJZ86Rtusgw8NDcHG51pH72IkznM4/z8ihoQwcEHhbse3ed4St23cTelcgA/r5cyT7NHsPHKes3MoPnp6Dm5uBaFMY584Xc+joKQwuLgwPD8HNzcDA4AAATpwq4E9vrOVKaTmBfXsxclgo5y9YOHzsFC+9tpoFj8Q3KXqLiIiIiIj8f/buPD6q+t7/+Gsyk5lM9kxIIAmTAEkIEpYQQAwioijYKqJWsbbFW7f2Vttqq/dnr/rr4m2t93e1m9Uubq1eq1JvFawLeFFEBBEIYYkkkLBkSIDs+2SSSeb3R5IhYQshy0yG9/PxyCOTc77nnM8Zvn7BvOd7viLdgoKC6Oho93UZgyYoaEQ9hE1ERqBAGjc1ZoqIiAzMiAiAq6rreX3lR2w/IfydmDqWUbYoYmM6H/NsT4onI9XuXRt409Yv+Ns/1tLiau113JbtBWzZXgB0zhS+7atXDcNdnCwpYRRzZ01mzcfb2LajkHlzpgJQUnqMHfn7mTE1jYkTxrJm3dZex2VNSeN/1+dyoOQoVTX1xI+KBjqD4+7HX8+dndkrGO6P+sZm7r3rK6SO6wyQK6pq+dUf36Ck9BhlRytJHZfIzUsXcKDkCEUHyrBaLXz1usuIjgoHoLW1jVWrN9LY5OTaxXO5+oqLvI9t+Xx7AS++9j5vf7CJiWl2oiLCzqlGERERERERCWwmYxBud2AEGdB5PyIiQymQxk2NmSIiIgPj9wFw93q/zU4XAPbEOK6YP5OsKWneoPdUfvXHv7NnXwkASxblkBBvI3nsaKIjwzh8pJLDRypY/9kuNm7JZ9uOvfzwX29iQkrCsNxTtyCDgcsunkHuriLWfLyVqZMnEBYawrtrP8dkMrJowWzc7nZq63qvAxwXG82USeP4ZPMu8nYXsWjBLACOllez78Bh7Ilx/Xr084myp6Z7w18AW3QkSQmj2JFfTF19U5/HHymv5kDJUeJHRXPJnKm91uzIykwlbVwShcUODhw6QtaUtHOuU0RERERERAKXyWQEV5uvyxg0JpPR1yWISIALpHFTY6aIiMjA+PVHqXqGv9YQCzcvXcCP77+VubMzzxj+/vS//sqefSWMibfxHw/exrWL5zJ7xiR27dnP8397D3OwiUtzpvN/f/ANpkwah6u1jV/+7m+0t3cM4911irVFsvCSGRwtr2Hztj3s2VvC7oIDzJ01mbEJcXg8HjpOWLvDYICcWZOxmIPZklfgDcfzCw/S0OhkdtakM74/femeydvNaAzCHHz2nxWoqW3A2eIiIjwUszm41z6zOZiIcCsejwdHWcU51ygiIiIiIiKBLSgoCJMxMAIAk9Gox5mKyJALlHFTY6aIiMjA+e3fpD3D39iYSP7t7mXedX3P5N21myk9Wok1xMJ/PHgbY+Jt3n2vr1zH9t1FvR4lfe9dX2Hu7Myu/R8N/o2chTnZF2BPiueDj7exYtU6YqIiuOziGb1mzp4oZexoxicn4CirYP+hMpqdLrbkFRATFeHzWbUdHR48J4TWIiIiIiIiIv1lNvv9g8vOSqDch4j4v0AYbwLhHkRERHzNbwPgF1973zvz98f334o9Kb7PY9rbO9iweRcANy9dcNL+hZdkMzF1LDNOCEi/dsNCYm2RfPRpHvmFBwfnBvqstZ3Wts5HsoSHWblqwSwampo5VlHDwktmEGuLPOPxZnMwObMm09HhIXfnPvbtP4yjrIIpk8YRFxs9HLdwWrG2SEKtITQ0NtPa2vuxM62tbTQ0OjEYDNgT43xUoYhIYDAYDPrAjYj4HY/Hg+FMn2T0EY2ZIiOTyWQc8Y8B7eseNG6KyGAa6ePm2dTvr+OmiIiIP/HLAHjV6o3exwPfc/vSs36c8Y78Yiqq6pgxNY2LL5xy0v6vXncZ/3b3zSeFyRZzMAsvyQZgc+6eAVZ/dlpb3TQ1t3h/njEtnQuzJpE2PolZWRlndY7MjHHEj4pmxxfFvPnuBkxGIzmzJp9x5vBwSIi3MT55DOWVtXyyeRc9/38xL7+YooOljImPYfwwr7ksIhJogoIMtHfol3Ii4l/aOzwEBfnfL+Q0ZoqMXCEWs8//P/dcGQyd9Z+Jxk0RGWwjddw8mzET/HfcFBER8Sd+9zyNZqeLtZ/kAp0zdjNS7Wd97IcbtgMwNqH3zNKq6npWrdlI3u4iYm1RPPCdZSeFyhMnjAVg09YvuP2WLw3kFs6JyWjk9q/177pRkWHMmJrO+x9+Tn1DM5PSkkkZO3qIKjx7ZnMw1y6eS0lpOatWb2TrjkKSk+KpqKpj/6EyTCYTS67MISoizNelioiMaCaTEbe7HZPRLz/PJSLnKbe73S9nnWjMFBm5goIMhIRYcDpdvi6l30JCLH2GFBo3RWSwjdRx82zGTPDfcVNERMSf+N2/4vN2F9Hc9Y+TaxfPPadzJI4Z1evnypo65s7OpNnpwlFajqOs/KRjUsaOJiYq/Jyu50sXZmUQHmbFYDCQM2syZnOwr0sCYEJKAg/f93Uuyr6AmtoGNm39gpLSci5IT+Hfv38Ls2dM8nWJIiIjntlkoq3N7esyRER6aWtzYzb53edMNWaKjHDBJiMhIX3PCvMnISFmgs8ioNC4KSJDYaSNm2c7ZoL/jpsiIiL+xO/+pty+uwiAubMzz/rRzydyu3v/D8rZziIOChr6PNwaYubB7371rNtHR4Xzn4/c1We7+FHRZGaMO+vzLlmUw5JFOX1u6/at5dfwreXX9No2PjmB3/3iu6e9RmxMZL9nNYuIyNkzW0zU1DYREW71dSkiIl4trjZiov3vSS8aM0VGPnOwCYPBQEuLC39emtZg6JzFdrZBhsZNERkqI2Hc7O+YCf47boqIiPgTv5sBXFjkAM4+tO0pKrLzL/6iA6X9PvbIsSqqauoJDxtZ/2PzeV4hjU1OZkxN996/iIicH0xGIyZTEC2uVl+XIiICQIurFZMpCJPR/x7JpzFTJDAEm4yEhVr99tGfpq76zj781bgpIkPLn8fN/o6Z4N/jpoiIiD/xuwDY2dL5+GfrOcz+nTltIgBFB8pO2ldVXe99fapwufuY7Knp/b6ur9TVN7F91z5ioiK4ZM5UX5cjIiI+EBpiobl5ZK3rJCKBq7nZRWjIuT3FZzhozBQJDEFBBkKtFkKtFr8JAExGo7ems1m/spvGTREZDv42bp7rmAn+P26KiIj4C797BPTE1LHsLT7MX157n7WJ8Wd9XEaanYXzZhATHUHp0Uo++jSPyy7O8u6vrKnzvq6qrqfZ2YI96fj5N+fuASBrStog3MXw2LqjkPLKWuZdOIW42GhflyMiIj5gsQTjbGmlqdlFWKj+J1hEfKep2UVQUBAWS7CvSzktjZkigcVkMmIyGeno6MDtbsfd3kFHRwcej2dIH3VqMIDBYCAoKAiTMQiTyXhOS0pp3BSR4eaLcXOwxkwYGeOmiIiIvzB4PP61AoSjtJz/emaFdyZwfzz75P2sWbeVv7/9MUZjEH/8fz/otf/RJ1/CUVZBbEwkN193GTO6wt5X/ud/WbdxBxfOmMRd37h6UO5DRGS45e0+0K/2MeFmDAaD9ws442t6vgYMnKZdj+99bTvx9dn83Nf20+lve2uo331G6rTa2zuoqmkgOioMc/DIqVtEAkdrm5vauiZiYyIwGv3uIUO9aMwUEX+gcVNEpH9G0rgpIiLnxtns9nUJAcXvAmDonKH76Zbd/TpmlC2KubMzcbvb+eVTr1Jy+BgTUhK4984bCA0N6XXuWFuk9+e/vr6aDZ93Xuuhe7/G+OSEwbkJEZFhpgD4zAI5AAZocbXR0NhMTFS4X67tJCKBy+1up6aukYjwUEJGyGwMjZki4ksaN0VE+mckjpsiItJ/CoAHl18GwAN15FgVf3zpn5QdrQTg61+5gvHJY7BFR2INMVNT10BdfRMrVn3MgZIjAHz71iXMmj7Rl2WLiAyIAuAzC/QAGMDZ0kpjk5OoSM3OEJHh0drmpq6+ifAwK9YQs6/L6ReNmSLiCxo3RUT6ZySPmyIi0j8KgAdXQAbA0BkCr1i1jt0FB8/YLmnMKK5ZlKPwV0RGPAXAZ3Y+BMDQOTujvqGZsNAQrdMmIkOqqdlFU3MLkREjdyaGxkwRGU4aN0VE+icQxk0RETl7CoAHV8AGwN02bf2Cjzft4PCRSlyuVgBMRiOJCbHMnDaRhZdkYzHrHxAiMvIpAD6z8yUAhs512hoanXR0dBAaaiHEok9Ji8jgaXG10tzsIigoiIhw64hfg01jpogMNY2bIiL9E2jjpoiInB0FwIMr4APgno4cqwIgflQ0RqPWrBGRwKIA+MzOpwC4m8vVRnOLC7e7gxBLMMHBJkwmI8YgQ7/fDxE5P3k8Hto7PLjd7bS1uWlxtWEyBREaYsESYLMwNGaKyGDQuKlxU0T653waN0VE5MwUAA+u8yoAFhEJZAqAz+x8DIC7udvbaXW5aXW7cbvb6ejwoL/+ReRsGAwGgoIMmExGzCYTZosJU4B/kFJjpogMhMZNjZsi0j/n47gpIiKnpgB4cAXOb7dFRETklExGI6ZQI6FonTYRkb5ozBQR6R+NmyIiIiIi/kcLKIiIiIiIiIiIiIiIiIiIBAgFwCIiIiIiIiIiIiIiIiIiAUIBsIiIiIiIiIiIiIiIiIhIgFAALCIiIiIiIiIiIiIiIiISIBQAi4iIiIiIiIiIiIiIiIgECAXAIiIiIiIiIiIiIiIiIiIBQgGwiIiIiIiIiIiIiIiIiEiAUAAsIiIiIiIiIiIiIiIiIhIgFACLiIiIiIiIiIiIiIiIiAQIBcAiIiIiIiIiIiIiIiIiIgFCAbCIiIiIiIiIiIiIiIiISIBQACwiIiIiIiIiIiIiIiIiEiAUAIuIiIiIiIiIiIiIiIiIBAgFwCIiIiIiIiIiIiIiIiIiAUIBsIiIiIiIiIiIiIiIiIhIgFAALCIiIiIiIiIiIiIiIiISIBQAi4iIiIiIiIiIiIiIiIgECAXAIiIiIiIiIiIiIiIiIiIBQgGwiIiIiIiIiIiIiIiIiEiAUAAsIiIiIiIiIiIiIiIiIhIgFACLiIiIiIiIiIiIiIiIiAQIBcAiIiIiIiIiIiIiIiIiIgHC5OsCBmpHfjFHyqs5cqwKR1kFjtJy7Enx2BPjSBgdS0K8jemZqb4uU0RERERERERERERERERkyI3YALimtoG/rlhDfuHBk/Y5SstxlJZ7f87MGMe/LFtETHTEcJYoIiIiIiIiIiIiIiIiIjKsDB6Px+PrIvpr09YveOHV9wAYZx9DzqzJxI+KJn5UDPGjoimvrKW8sobyylo2bf2Cg46jANx+y5fImTXZl6WLiAyZvN0H+tU+JtyMwWDwfgFnfE3P14CB07Tr8b2vbSe+Ppuf+9p+Ov1tbw0dsZ+REhERERERERERERlRnM1uX5cQUEbcb7eLD5Z5w99Z0zP49q3XePe529spLHKQOj6R+FHRAFw+bwZ/eumfbN1RyAuvvkf8qGhSxyX6pHYRERERERERERERERERkaE04mYAf/ehp3C5Wvnu7dd51/atqKrl9ZXr+GLvIdra3AQHm5g8MYWbly4gLrYzCN6RX8zvX3gLi8XM7x/7ni9vQURkSGgG8JlpBrCIiIiIiIiIiIiIf9IM4MEV5OsC+uPNdzfgcrXy5YVzvOFvdU09Dz32PDvyiwkxB5ORaifEHMyO/GIeeux5qmvqAZiemcqXF87B5WrlzXc3+PI2RERERERERERERERERESGxIgJgPMLD/Lu2s2MibdxzZUXebe/8j9rAZg1fSK/evRuHrh7Gb969G5mTZ/Yaz/ANVdexJh4G++u3Ux+4cHhvQERERERERERERERERERkSE2YgLg4oNlAMybM5Xg4M7HctbUNbJzz34mT0zh27cu6dX+27cuYfLEFHbu2U9NXSMAwcEm5s2Z2ut8IiIiIiIiIiIiIiIiIiKBYsQEwPsPHQHAnhjn3db9eOfEMaNOeUz39u52PY/vPp+IiIiIiIiIiIiIiIiISKAw+bqAs1V8qHPGbtq4RO+20fExANQ3NJ3ymO7t3e16Ht99vuHmbGnld8/9g6IDpafcHxURRva0dJYsyiEiPHQI63Cx8v2NbM7dQ2OTk4kTxvL9O2/AYgkesmuKiIiIiIiIiIiIiIiIyNAaEQHwocPHaGlpJTkpHrP5eEAZHmplQkoCn28vYMbUdO+6vwBbd+zl8+0FTEhJIDzU6t1uNgeTnBRPSWk5hw4fI2Xs6GG9l54yUu3YYiK8P7vd7ew7UMpHn+aRX3iQ+751I3GxUYN+XWdLK0+/sJLCYgfRUeHMzsogacwogoIMg34tERERERERERERERERERk+IyIAjowIA6C6tuGkfQvmZrH/0BH+9NLbfJaZ6g13d+QXe/efqPs83ef1lcvnzSB7Wnqvbe72dl5asYZNW7/gvbWbWX7TIgyDnMsWHyyl6GApyWNH84NvfYXwMGvfB4mIiIiIiIiIiIiIiIiI3xsRawDHRIUTFxtNY5OTQ4eP9do3zj6aqReMB2BHfjFvr9nkDX+nXjCecfbeM3wPHT5GY5OTuNhoYqLCh+cG+sFkNHJpznSsIWZKj1bS4nIN+jWOVdTQ3t7B6FHRCn9FREREREREREREREREAsiImAEMMCElgYqqWvbtL/U+tnnXngO88c/1lB2tBDofqTwxdSx7iw9TWOxg1+gwxekAACAASURBVJ4DVNU0cOM1870h8b79pd7z+auIcCtmczD1Dc20trqxhljweKCgqIR/vPMJJaXH8HggLjaapVfNZXbWJO8s4QMlR/j1n/6HpIRRLLv2Ut5671P27j/M9MmpzM7K4I8vve29zpa8QrbkFQLwnX+5luxp6d7rvPnuBhxl5bjd7URFhDErK4OlV83FGmLxHv/2mk2sWr2RaxfPZXRcDCvf30hFVS13ff3LpE8Yyy+fehWAf711Ce+t3cyuggN0dHQwISWR22+5iojwUFa+v5FPP9+Fs6WV6Khwbrn+cmZMSffeT0eHhx35RXy4IY/9JUdobW3DZDIyKc3O125YSFxs9CnrsSfG8fe311NRVYvRGMTUSeP52lcWEh3ZO/Q/cS1kk8mIPTGe6788j0lpyRgMnPV7LyIyHI5V1Pq6BBERERERERERERnBRsdF991IRrQREwBPvWA8m3P38MnmXVwxP5uGRid/ef196huamX/RNObnTOu1nu+hw8dYv2kn6z/byV9ef5+fPvBNIsKtfLJ5l/d8/urIsWoam5ykpiQSYjEDsCWvgBdfe5+goCAmTxyHNcRMYbGD5155l8rqOr68cE6vcxyrqObXf3oDV2sbkeFhdHg8RISHkjNrMoePVOIoLSfWFsnECWMBsMVE4vHAex9uZuX7nxIUFMSkNDthoVb2Hypj7Se5fLH3IN+744aT1iX+dMtuqmsaCA42ERMVTn1js3dffUMTv/nzG8RERzBz2kT2HSil6EApT7+wkohwK2XHqpgyaTw1dY3sP1TGC397j3vvspLeVdeWvAKe/9t7WEPMTJwwlohwKyWl5eQXHuKp59/k/u8sI+qER3lvzSvkg4+3kjoukZSx8RQWO9i+u4hmp4t7br8Oa0jne1pRVcdv/vwG5ZW13rWQ3e52CopK+MNfVnLvXV8hdVxiv997EZGhpH+ciYiIiIiIiIiIiMiZjJgAeMqk8diiIyg7Wsmq1RtpbW2jvqGZmdMmsvymK09qnzJ2NMtvupKm5ha27dzL6o8+x2wOpuxoJbboCKZM8r8AuKPDw979Dl576yM6OjxkT0vHYgnGUVbBa299RHRkOPfedQNj4m0ANDtdPP3CW6z7dAezpmcQP+p4KNDQ6GTmtIn8y82Les3anZg6lrfXbMJRWs6E5ARuv+VL3n2Osgr+d30uodYQvnv7daSOSwR6r0u8et0Wvn7DFb1mvdbVN/G16y9nfs50goI6d9TWNXYe627nS5dfyJJFczEYOtv+1zOvU3q0kuSkeH5y/78QGRGKxwMv/30Nn2zexfbdRd4AeOoFE/j373+NlLGjvefu2XbXngPMu3BKr/exvrHZG94CVFTV8qs/vkFJ6THKjlaSOi4Rd3s7K1ato7yylpxZk7l12SJMRiMAra1tFB0sI8U++pzeexERERERERERERERERFfGTEBcFhoCF++4iL++40P+GD9NtrbOwC4csHMMx535YKZbNu5lw8/zcNo7Fzy+MtXXERYaMiQ19yXP/x11Sm3BwUZuHzeDC6dOx2AvcUOGhqbuejSmd4AEiDUamHB3Ok8+8q7lB2t7BVCxsZEsmzpgl7hb1927dlPQ2Mzl8yZyoSURO92k9HIlfNnsmvPAfILDlLf0ERU5PFZt9lT07l0btYpH4UcEW5l5rSJ3n2REWGMTYjjWEUNM6dPJDIiFACDAS5IT+aTzbu84XH3PY5PHtPrnAYDxERHAFBT23DSNbOnpnvDXwBbdCRJCaPYkV9MXX0TAMfKayg+WEpUZBjXXHmRN/wFMJuDmTwxBTi3915ERERERERERERERETEV0ZMAAxwac40CvYdYuuOvUBnKJzaI6g8ldSURMJCQ2hqbqGtDWZNn8ilOdOGo9w+ZaTascVE9NqWMnY0WZlpxNoivdsOOo4C8MHH2/jg422nPFfZsSqypqR5f46JjuhX+Atw5FiV99gTw9yI8FDM5mCamluorq3vFQCPibeddh3c4ODgXmG7wYB3Ju+YOFuvtsYeIWw3d3s7n+cW8NGn26msrqexydnnfURH9V7n12gMwhzcu6tXVNXS2NRC6rhEIsJ7P0K6p3N570VERERERERERERERER8ZUQFwADfvnUJxlfeZXPuHpqaW3jxtfe5ZM5U0sYnndS26EApn2zeRVNzCwBzsi/gzq9/ebhLPq3L580ge1p6n+26Zzvbk+IZmzDqlG0SR8cOuJ7u6/gLjwdee+sjPt64g6AgA6PjYsjMGEdQkMG7jvG56ujw4PF4+mw3XO+9iIiIiIiIiIiIiIiIyGAYcQEwwJ1f/zITU8eyftNONm7JZ+OWfGJtkSSOjmWcfQwHHUcpO1ZFVXU90Dmrdn7ONOZf5B8zf/trbGIcW/IKGW8fc8r1jgf7OjW1DXg89JrV29DYTGtrG2GhIdiiI09/kkHU7GzhwKEjBAebuOe2pWRmjPPuW/n+pwMKgGNtkYRaQ6ioqqWhsQlriPmU7YbrvRcREREREREREREREREZDEG+LuBczb9oGo/84Bssv+lK0sYn4XK1sWvPAd5es4ldew7gcrWRNj6J5TddySM/+MaIDX8Bpl4wgYjwUHJ37aP4YFmvfa2tbRQUOQZl9m73dbbvLmL/oePXcbe388H6bTQ2OcmcNI7IiNM/MnkwmYxGQiwnB7MVVXV8vr1gQOdOiLcxPnkMdfVN/PODz3C3t3v39XxPh+u9FxERERERERERERERERkMI2IGcLPTRaj11OvZzr/o+Mze2rpGDpWWk5IUf9I6sP09rz8ZmxDHVZfN5s33NvD/nn6NCSmJxMVG0dDoZO/+w5iMRn74rzeSMnb0gK9zxfxsVr7/KU/8YQWT0uyEhVrZf6iMiqo6EkbbWLxg9mnX+x1sFksw2dPS2XeglGf+sooL0pMJMhgoLHZgHeCfm9kczLWL51JSWs6mrV+wZ18J6eOTcLvbKSgqwWAI4of/eiPJSaOH5b0XERERERERERERERERGQx+HwBXVdfz6K9ewp4YzwN3Lztj2wOOozzz4kqWLMrh2sVzz9j2iWdW4Cgr58c/vJVY2/A80vhcGQxw5aWzmJCSwD8/+Ix9B0opOlCK2RxM+vgkrrnyIpKTBh5AGgzwpcvnMD45gTff3UBBkQO3u52oiDAWXpLN0qvmYg0Z3sD8sotnYA2x8OZ7G9iRX0xkRChLr7qYxiYnb6/ZNKBzT0hJ4OH7vs7K9z5lxxfFbMkrxGQyYk+M5/ovzyM5afSwvfciIiIiIiIiIiIiIiIig8Hg8Xg8vi7iTF587X02bskH4IG7l5GRaj9t2x/94lmqqusJtVr45cN3nXZ2b2GxgyeeWQHA3NmZ3PbVqwa/cBGRYZa3+0C/2seEmzEYDN4v4Iyv6fkaMHCadj2+97XtxNdn83Nf20+nv+2toX7/GSkRERERERERERGRgOBsdvu6hIDi12sAV1XXe8NfgLdXn37G58Yt+VRV1wOdj3b+3/XbTtu253l6HiciIiIiIiIiIiIiIiIiMpL53Qzg/12/jbzdxVTW1HmD2bmzMyksclBV0/mzPSme0BALsbZIqqrrKSx2eI9fsiin16OBM1Lt3nbNLS4cpeUAxMZEkpFm9wbMsbZIRsVEkTUllSvmzxyu2xURGTSaAXxmmgEsIiIiIiIiIiIi4p80A3hw+d1vt1et3oSzxQWANcRCRpqdm5deRmGxg7dXb8RRVuENcSk+flxsTCRZU9K4dvFcmp0u8nYXUVXTFQ4X976GPTGOJYvnkpFqp9np6gyXq+upqq6npLRcAbCIiIiIiIiIiIiIiIiIjEh+NwPYUVrOfz2zAmeL66T1eZudLp74wwocpeXYE+OYOzuT11euA+C2r17F3NmZ3rbbdxfxl9fep9nZeR5HaTmOsgrsSfE88J1lvdYH7l5n2Bpi4d/uXoY9KX74blhEZJBoBvCZaQawiIiIiIiIiJyt2pYy9tduxlG/k/LGfVS3OGhqraa1vRkPfvUrdTkFAwbMxlDCzDZsIXbiw9OxR05jQvQcokMSfV3egKl/Br5A78OnohnAg8vvAmDoHQLffdtSZkxJA+DpF1eSt7sIe2IcD9x9M6FWCxu35PPia+8D8OyT93vPce8jv6fZ6eLmpQu4Yv7MzvD4mddxlFWQNSWNe25bCkBhsYMnnlmh8FdERjwFwGemAFhEREREREREzqSprYbcI/9gZ/k7VDWXkGrLITkyizHhGdisdsLNozAbQ72/ExH/5cFDa3szja2VVDsdHG0spKQ+j+LqTcSGJjMt/mqyE24gLDjG16WetZ79s6Quz9fliA8lR2WNyD7cFwXAg8svf7ttT4onI81O3u4iQq0W1n6Sy9jEOGJjIgG4Yv5M7wzeubMzvQFwVXU9G7fmM3dWJtYQS9fs3ykAhFotLFk8l2deXEmo1UJhsYPDZRXYus5pT4pT+CsiIiIiIiIiIiJynqltKePjkmfZ5HiJmYk3smjCD0m3zfN1WTIABgxYjGFYrGHEWlN6/Xnuq95A3rG3+Y/1s8ix38qlyXf59YzKnv1Ts3sFoKQuj5K6PN7Z99iI6MPiG34ZAAM4yjrX+X3mxZU0OzvXBO4OfSur646361oPONRq4Ue/eBaAVas3ets6ysrJSLX3apu3u4iNW/J7nbOqpn5I70dERERERERERERE/MvaA0/xwf7fcGnKt3n4ks+IMMf5uiQZYum2eaTb5nFV6gNsKHmRxz+9hCsn3MfC8d/zdWkn6e6fCn7lVDx42Oj4K5scL/ltHxbfCfJ1AadTVd0ZyDY7XUxMHUtsTKQ3CC4sdnjbVdYcbweQNSXNO/sXjoe+PY9rdrqIjYlkYupYb7vu64mIiIiIiIiIiIhIYCtt2M3TW2/gaNNe/m3uh3wp7f8o/D3PRJjj+FLa/+Hf5n7I0aa9PL31Bkobdvu6LOB4/1yz/9cKf6VPHjys2f9rv+rD4nt+OwPYnhiH1Wrh2sVzvTN4N27J57W3PsKeePxRzaO6HuE8d3Ym1y6aS6wtkqrqelat2cjGLfnE2qJ6nDMeR2kF1y7O4Yr5M4HOUHjV6o04u4JgEREREREREREREQlcuUffZEX+A1w/6efMSbrF1+WIj8VaU/j6lKfYXPoqT32+lGWZT5A95nqf1dPdPxX8Sn+V1OX5RR8W/2DweDwaRUREAkDe7gP9ah8TbsZgMHi/gDO+pudrOtdSOWW7Ht/72nbi67P5ua/tp9Pf9tZQv/2MlIiIiIiIiIico09KnudTx1+4ZcpvSYnK9nU54mcO1eXy6u57udj+TS5JvmPYr/9JyfP8c98vhv26EniuSX/YJ314IJzNbl+XEFD89hHQIiIiIiIiIiIiIiKD5ZOS59lStoK7sv9b4a+cUkpUNndl/zdbylbwScnzw3pthb8ymP657xfD3ofFvygAFhEREREREREREZGAlnv0TT51/IV/mf5nYq0pvi5H/FisNYV/mf5nPnX8hdyjbw7LNXOPvqnwVwbdP/f9Ytj6sPgfBcAiIiIiIiIiIiIiErBKG3azIv8BbpnyW4W/clZirSncMuW3rMh/gNKG3UN6re7+KTIUhqMPi39SACwiIiIiIiIiIiIiAeutwh9z/aSf67HP0i8pUdlcP+nnvFX44yG9zluFP8aDZ0ivIecvD54h78PinxQAi4iIiIiIiIiIiEhAWnvgKaJDkpiTdIuvS5ERaE7SLUSHJLH2wFNDcv61B56ipC5vSM4t0q2kLm/I+rD4LwXAIiIiIiIiIiIiIhJwalvK+GD/b7gqVY/XlXN3VeoDfLD/N9S2lA3qebv7p8hwGIo+LP5NAbCIiIiIiIiIiIiIBJyPS57l0pRva91fGZBYawqXpnybj0ueHdTzflzyrB79LMPGg2fQ+7D4N5OvCxARERERERERERERGUxNbTVscrzEw5d85utSBqQ8/3aePLruNHstmIwLmDTmu1w3MZMITfcaMvOSb+MXn1zEFeO/T1hwzIDP190/R7zI5dySficZkXas3f3P48Lpyqf46ArWFq9g5Mw5fZz7Fy4jnnqK92Xx5xJf1zP4NjleGrQ+LP5PfyWIiIiIiIiIiIiISEDJPfIPZibeSIQ5ztelDA5DGhGmzN5fxkjc7avZXbqEn29cQXmHr4sMXBHmOGYm3kjukX8Myvlyj/xjxM/+taW8wiOzfkZWdGf46253dX5hwRqSzZRxj3PPvBe4PNLXlUo3D55B68Pi/zQDWEREREREREREREQCys7yd1g04Ye+LmPwRD7OI7OyT97euImXt36d3a4f8ereq7h3kv+kbd2zl+PHbOb+zJEfxGeNXsKa/b/ikuQ7BnyuneXvDEJFPmR9iOUTcogwgLPuOd7Kf4w8Z/dOO1kTHmKhfTHxllRGK4XyKzvL3xmUPiz+TzOARURERERERERERCRg1LaUUdVcQrptnq9LGXrhOdwydjkAZdWbaPBxOYEs3TaPquYSalsG9lDj2pYySuryBqkqH0lZQGIQ0J7L+q09w18AB3n7v8OTn9/HpsOrWF3toxrllErq8gbch2VkUAAsIiIiIiIiIiIiIgFjf+1mUm05vi5j2JhsmcQDtNfh7KuxDEiqLYf9tZsHdI6BHu8P5ofGd75oKeLD0zVyruKtwidR/ut/AqEPSt80+V5EREREREREREREAoajfifJkVm+LmP4dID7lDtclO17jr+XvkRZewUQhy3sLhZfcCdZUSc0dRaxPv9J1jeso6HDBYY04kOXsTDjTrJiTmhasY539j7J9pZ83FgwBS9mtv1hrhvf+Zjn7kc/dys/OocHj3a+npK6n+XjBum+fSA5MgtH/U6yx1x/zudw1O8cxIp8Y7erjquJhNAcbhkFr1ae/bG2sT/jqylLSbJEYjIAHfWU16zgnbzHKOjZMHIZi8ctZ3ZMGhEmS+e2jnqq61awek/vWcc3XrSf2WFQfuRS1rY9zuLEbGwmC87qn/DT7S8DkGj/DTelLCDe3HVdjwtn8ya2HPgJ7xxz9C7ScC1XZ9/P7Gg7VgPgqae69uTrjlQD7cMyMmgGsIiIiIiIiIiIiIgEjPLGfYwJz/B1GcOmofKjzlmW1jTivVtd7N66hN+WPElZO0SYMokwQnXTY7y69XY+7BnYuXJ5dfMi3qlbTQNpnW2DyilveoxXc5fwztHjTZ0HH+M/d97OlpYiMGYSYUqDtlVs2j+f3+Z3hmgmU3zXObpCu6DMzp+7ahjJxoRnUN64b0DnGOjx/qD6yPbOPmewkzUtj/un3c/sGHufx9lSXuH7GctJCYnE5HHhbnfhNkQSH3snyy96nEnelnfyrRmPc3lcJhEmS2e7dhcERWKLuZObpj1O6inOb418npuSc7B1B8ZdJk1ewz0TryXREomJrutiwRq2gPmZz3Njrw9EWEhM+U/mx9gJ7nDh7gAMXdfNvB/bObxf/iYQ+qD0TTOARURERERERERERCRgVLc4sFn7DqNGPLeLspLf83LpaiCN2WOyvbsa9j7Iy3VFYHmcey9aRmJXEuA88hzPfPEYq/dvYv6oHExAw6GXyGsHwl/gkdkLiOiaNuau2sTfC3JJ7U6V61fzYvFzOFnA5dNeYHFc13ZnEW9tXcSmo8+Rl/YzsjIe55GM4zOB4+Nf4P7MOAKBzWqnusXRd8MzGOjxfqH6PlY6UvmqPROrIZL4uHu4Me4ebuyop7o+l8LKZ1l/aFPvxz9bH2L5hBysuCg/+iAv5q/q+uDCcpZn/4wpYUu5fPyPKDgA8BwFVZfhdK5kbfEKvCvWjvoDD05fjC08h7k2KD7h+dIRYWk4G1extvhZPqzM9x6zNCENE+CseZI/5z7ddb5MZk/8GZdH5fNhXc+zWLAai8jbfQevHnMAdrKm/Te3xNkxRS4ghyd5Z5DfzuEWEH1Q+qQAWEREREREREREREQCRlNrNeHmUb4uY3DV3ciDa0+3M41U+/PcOLb75wq2HFsFZDI//Xj4C2BNuJOFhx/j1fr32e7KYbYF2tz1AERYx3rDXwBTbA63XHx8LeVyx+scAiLiHjoe/gJY07hu7J1s2v8c2x0PkZXWe/ZlIAk3j6KpdWCr2g70eH9RsHcJv6u4k8UTlpMR1fWo5KBIbNELyIleQM64IvKK7+DVw51ho238AhKDgJZ1vNUd/gI4X+blw1fx07QckmLvhwNPArB+99dPvmjlNmrci7GZ7Nhi4aQFhl2reW3zfb0eJT0/Oadz1m7rOt7xhr8A+WzZeyNbTnFvZaXd4S+Ag7x921kcZ8dmsJOUDJT0663yO4HSB+XMFACLiIiIiIiIiIiISMBobW/GbAz1dRmDy5BGhPF4sOp05+MGIsJ/w/LMa0kJ79G2o4jSVgAHWwqWsL2g96nc7Z37GpoAC9jGXEfikXWUVfyAZ/Lu4vIxOaSMisN6QnpQ1ty5rq+z+gf8/OMT6vN0hmXVrnogMGb7norZGEpre/OAzjHQ4/1Jdc1zvLrtOQASRy1n6uirmBKTTbzFAqY0stKfp615EW9Uw5SQrqnklgXcvmBP7xMZLJ1hlaln38lkdupypkRnYwuOIiIkkmDA1PUYcVPwyfU4m7f1XkcYO0khkZ37mjaeMuw9WT3OE2fIOltOs872yBRIfVBOTwGwiIiIiIiIiIiIiIg/i3ycR2Ydf8QzbgerP1vEh40P8tahGdyb2eOR17UOygGox+nOP80JN3GsEbABtmv51uQWXtv7GAVV9/FiFYAFk2U5i1PvZ36CBaiguqXr0u35NJzmrOUtDgI5AJbTK6t8mbLKl1kNJNr/wPL0xdiC0phkvxaqVxFv7gxiMVi8Ie5JzHZygE3cyfJ59zPFMtDZ5IuJOEVQLHI+UAAsIiIiIiIiIiIiIgGje5amxRjm61KGjsnO4sk/Y/f2H1F29Cd8mPACl9u69oXFYwPKWc6N837G7LPI0KwJy7gtYRnulgpKj+VTXPESa+ue450vcmkwvsHV8ZFEmIFWmJSyh9sC+DHPZzIYs8vNxlBc7U2DVJF/KnN8h+Kk/djCwGTsnPnb4HYBFtx1T/Pw1ifPfIL0pV3hbz1lpc/yceU68irzgTv51qUPkXrWyVY+TjdKwk4QcE9IkFMK6ruJiIiIiIiIiIiIiMjIEGa20dha6esyhp5tKYuj7MA6Vu9bh7N7uyWV+GCAdRwq798pTSFxpKQs4PJZL/CjpMVALgUVFYCFpNDOGciH6ov6dc6G1n4W4ccaWysJM9v6bngGAz3eL1jvZPH4zDM0yMHaNcvX3d7551/U0vndZM1kdl/nD+76gIFzHS8XPN0V/gJEYTL0p9BNlLa4OksOm9v3dc8TAdEHpU8KgEVEREREREREREQkYNhC7FQ7HX03HPEsTJl4P4kAjb/nw2Pd2+3MH3Mt4GBL8U/YUtP7qIbDK3h51/FHQ7uLn+bPu3Ipb+3drrzlMIA3cEtMuYsUwFnzA17cV9FrTVR3fT4fbnmZgo7j2+LD0gBw1q2jIEAWUK12OrCF2PtueAYDPd4fzJ54F5dPeIMHZz7O/JgT7seaw/xpjzMpBMDBodJVABQXr6asAzAv4OpZD5FlPX6ILeZObpmzhtsSuja0dYa2hMxg8eju82dyefZyUk73+OjT+LBsU+cjy80LuDr7ns7/XgCwk5X+Cg/O/BnnWxwaCH1Q+qaJ7yIiIiIiIiIiIiISMOLD0znaWEi6bZ6vSxl6kddyje33/Lk6l/XFq5k/ejERQETa/VxX/QVvNb3MG7kreMuYhtUAdBTR0OGCoPspJpNUXOyu/j3F9U/yZLkF04ntuJYLx3at6Ru5mBvty3jGsYKCkjk8fDiTiCDAU05DewUQx+yy5Uwa21Vb8lJmH3yOLe1P8uInH5ESnkNM5FJuyUjzwRs1OI42FhIfnj6gc8SHp1NUs3GQKvKNBmc5Tk8ctuhlXJ29jKs7XLg9XTuDLF0fGnBRfuQnvNw9Gd/5GKtLc/iqPRNr1J3ckrOcm7o+MGAyds74bYhfBkdWwL6XKRjzOJPMdrKmfMyUC1yd5/UUUd4SSXxIP4o98hPWx7/B4lFxWGPu597Lv4u7o0ednjguj4I36gbjnRkZBtqHZWTQDGARERERERERERERCRj2yGmU1Of5uoxhk5p6PynQGbB1T3wOspNz0RoeHP8QKWY7tOfT4M7HacgmJfYV7r/4HlIBsJA1czP3Jvdu1+CxEx/xM26b9RtyIo9fK37i4zyS/Qo5YTlYPV1tO6KID3uIW7LWc+PYHoUFZXLjrLdZHJGD1ZPLofqnKXNHDdO7MjRK6vOwR04b0DkGerw/KNi7hJ9u/REfVuRS3ebCbbBgMnZ9eeppaFzH+t2LePKLdScd97vdz1HQVI+b48e424oocPyIF3as6Gq5ghe3/oS8xnrcns6A2OQuIm/fHRxq72+1DtbvuJG/H1hNeZsLumulq878O86r8BcCow9K3wwej8fTd7ORYW/xYQqLHdgT45iYaifUen4uRC8i56e83Qf61T4m3IzBYPB+AWd8Tc/XgIHTtOvxva9tJ74+m5/72n46/W1vDdVDMkRERERERERGotqWMn73+bX8eP5WX5ciAebR9bP4/oWriA5J7LvxadS2lPHLT8+D2enit/794g0D6sNDxdkcIM+K9xMB8dttR2k5T/9lJVXV9d5tsbZI7vnmUuxJ8T6sTERERERERERERESGU3RIIrGhyeyr3nB+PAZahsW+6g3EhiYPODiLDkkkOSqLkrrzZ5a6+I/kqCy/DH9l8I34R0A7Sst54g8reoW/AFXV9TzxhxU4Sst9VJmIiIiIiIiIiIiI+MK0+KvJO/a2r8uQAJJ37G2mxV89KOcarPOI9Jf63vljRAfA3eFvs9MFgD0xjgfuXkbWlM5F5JudLoXAIiIiIiIiIiIiIueZ7IQb2Fb2Bg2tFb4uRQJAQ2sF28reIDvhhkE5vmDZBgAAIABJREFUX3bCDd7l1USGiwHDoPVh8X8jNgA+dfh7Mxmpdu65balCYBEREREREREREZHzVFhwDDn2W9lQ8qKvS5EAsKHkRXLstxIWHDMo5+vunyLDaTD7sPi/ERkAny78DbVavG3uuW0pc2dnAgqBRURERERERERERM43lybfxceH/kSV85CvS5ERrMp5iI8P/YlLk+8a1PNemnyXZgHLsDFgGPQ+LP5txAXAZxP+drvtq1cpBBYRERERERERERE5D0WHJHLlhPt4v/gJX5ciI9j7xU9w5YT7iA5JHNTzdvdPkeEwFH1Y/NuICoD7E/52UwgsIiIiIiIiIiIicn5aOP571LaUsrn0VV+XIiPQ5tJXqW0pZeH47w3J+ReO/x7JUVlDcm6RbslRWUPWh8V/jZgA+FzC3243L71MIbCIiIiIiIiIiIjIeei6jEd5s+ARDtXl+roUGUEO1eXyZsEjXJfx6JBe57qMR/UoaBkyBgxD3ofFPxk8Ho/H10X0ZSDhb0+PPvkSjrIKAEKtFh74zjLsSfGDXu+ZOFta+d1z/6DoQOlJ+0wmI/Gx0cyZeQGXXZyFNaR/93cuausa+eVTnZ9++/fv3UJ0VPgZ2x8oOcKv//Q/JCWM4vt33oA1xDzkNQ62t9dsYtXqjczOyuBby6/xdTkigyZv94F+tY8JN2MwGLxfwBlf0/M1eP9helK7Ht/72nbi67P5ua/tp9Pf9tZQU7/ai4iIiIiIiIj/yj36JmuKf8Vd2f9NrDXF1+WIn6tyHuLZ3G+wKPWHZI+5fsivl3v0TV7Pv3/IryPnn5sznxyWPjwYnM1uX5cQUPx+BvBghb8AD9x9M/bEOMA/ZgJnpNrJmTXZ+zUhOYHKmnrefHcDD//yBfILD/qsNhEREREREREREZFAkT3mei62f5O/7vgWVc5Dvi5H/FiV8xB/3fEtLrZ/c9iCs+wx13NN+sPDci05f1yT/vCICX9l8Pn19KbBDH+ha9bv3TfzxDOv4yir8IbAvpgJDHD5vBlkT0vvta21tY3V67by7trNPPfKu3z39utIHaeFuUVEREREREREREQG4pLkOwB4Nvcb3DLlt6REZfu4IvE3h+pyeXX3vVxs/6a3vwyX7uv9c98vhvW6EpiuSX942Puw+Be/nQE82OFvt+4Q2J9mAvdkNgdzzZU5XH3FRTQ1t/DGP9fjbGn1dVkiIiIiIiIiIiIiI94lyXewKPWH/GHrTWwufdXX5Ygf2Vz6Kn/YehOLUn/os+DskuQ7uDnzSa0JLOfMgIGbM59U+Cv+OQP4xPA3NiZyUMLfbt0h8KNPvkRVTb3PZwKfyGCAS+ZM5bNtX+AoLedwWTnpE8YCnTOEt+QV8tGneZQercTtbsdsDmbW9InctORSwsOs3vO429v58JPtfLhhO9W1DRgMMDouhi8vvIgLZ0wiKKj3XyINTU7efG8DW3fspbW1jeiocG64+hIuyp7MqZbOrK6pZ+X7n7Kr4ADt7R2MiY/h5qWXMXniuF7tOzo8fL69gHfXfsaxiho8HrBFR3DZvBlcNnc6ZnOwt21/7u/PL/+TLXmF3PWNq6mta+SD9dtwuVq5966vkDoukaqaela+9ynbdu2jrc1NXGw0Ny2ZP0h/SiIiIiIiIiIiIjISZY+5ntFh6bxV+GOKajZyVeoDWhf4PFblPMT7xU9Q21LK9y5cSVLEFJ/W07N/ltTl+bQWGVmSo7K4LuNRn/dh8Q/Gn/70pz/1dRE9nRj+AtiT4lgwd/qgXic42MT23UVU1dQD0OZuZ0teIVMyxhEVGTao1+rJ7W5nc+4eqmsbmJ2VQcLo2FPXZzJRUFRC6dFK7EnxTEhJAODtDz7j76s+Bg9MSrOTMnY0TmcLhUUODpdVkD01HaPRiMcDr775Ie+u3UxwsJFpF0wgPjaaI+XVbM7dQ1CQgYxUOy2uVjZ8vhun08XOL4qprqln8sQUrCEWjpZXs/OL/SSMtpHYVWdtXSOfbdtDR0cHn237gqZmF5MnphASYuZwWQWbc/cQbDKSNj6p837b23n5jQ9YtXojbnc7UzLGMzYxjvKqWrbvKuJAyRGmZ6YRHGzq1/0BbNu5l7KjVZQcLmfrjkKCggxYQyxMzkjBYAji1396g8JiB7boCKZMGo852MiHG7ZTU9tAQ5OTpDGjmDl94pD9WYsMt6Pltf1qbzUbMRgM3i/gjK/p+Rq8n0Q8qV2P731tO/H12fzc1/bT6W/74GC/fUiGiIiIiIiIiAxQpCWeCxNvpqKpmJd3foe2DhdjwidiMQ7d74bFvzS0VvDhgaf52+7vM3301dyc+SsiLb6fIAbH+2eQIYj9NZt9XY74OQMGFk34gV/14XPhbuvwdQkBxe9mAJ8Y/g6n7pnAv/35d31y/Z6MxiDMXaFoz/dj/pypXDhjEgnxsd5Ztq2tbTz1/Fvs3X+Y/SVHmZRmp76hifyCg9hiIvk/d99MrC0S6JyNu3VHIWO7HoHdzdniImtKKrcuW4SpK0B+e81G3l6ziS3bC8meOrHXrN7K6jquvmIO1y6+2DuT+PPtBbz42vt8uCGP7GkTiR8VzZ69JWzO3UNcbBT3fetG4mKjvPf09AtvUVDkYNPWfBZekt2v++upxdXK9+64nqkXTMBgAI8HXv77Gsora8mZNdl7TwDFB8v4/QtvDcKfkIiIiIiIiIiIiIx0C8d/j5kJX+Hjkmf5xScXMTPxRrJGLyHdNs/XpckQ2Ve9gbxjb7Ot7A1y7Lfyo4s/ITok0ddlnVLP/rnJ8RIePL4uSfyIAQM59lu5NPkuv+3D4jt+FwD3XPMXwFFWMeTX7HktX4XPZ8sWE3nSNrM5mIhwK21tbpqbWwAICjJgMhlpbHLS2Oz0BsBBQQYunDHppHNEhFtZvGC2Nyg1GGBiqp3g4C3UNTTR4mrFGmL2to+NiWR+zvRej5GeMSWNTyeM5Yu9h9i7/zDxo6L5fPse3O52Ls2Z7g1/ofMx3IsWzKL4UBm5O/cx78KpWCzBZ31/PV0+bwbTJk/w/lzf0MSefSWEh1m5cv5M7z0BTEhJZMaUND7ZvOv0b7KIiIiIiIiIiIicN6JDElk68SdcMf775B75B2v2/4pXd99Hqi2H5MgsxoRnYLPaCTePwmwM1fqsI4AHD63tzTS2VlLtdHC0sZCS+jyKqzcRG5rMtPir+b/ztxIWHOPrUvt0Yv/cWf6OHg19nkuOymJa/NVkJ9wwIvqw+IbfBcAP3L0MR2k5c2dP4ekXh2emptVq4Z7brmPjlt1+sQYwQHt7B61tboBeax+3uFr56NM8Nm/bQ01dw2kD64jwUC7Nmcb/vPMJv/jNK12PQR7HjKnpZKTZe4WiAMHBwYSFhvTaZjGbTmrXLSY6AmtI7zWZg4NNjLJ1hrw1tQ24XG1U1zQAeLf3FBkRijk4mMqaepwtLiyW4LO+v56Sxozq9XN1bT1NzS1YrRYiwkN77TMYOmsXERERERERERER6SksOIZLku/gkuQ7qG0pY3/tZhz1Oymo/IjqFgdNrdW0tjdrFuYIYMCA2RhKmNmGLcROfHg6F4y6nKvT/n3EzpQ8Xf8sb9yn/hmATtWH7ZHTmBA9Z8T2YRlefhcAZ6TayUi1990QqKqu59FfvdRnSPjA3cv6PGeo1cIV82eedZ1DrbHJydHyaizmYJK7QunW1jb++Ne3yS88iMlkJGnMKBLHdK7Nu3f/Yaqq63ud44r5M5kxJZ3N2/eQX3CQTdv28PGmndiiI/jON5cyzj56SO/h/7N372FR3nf+/183w2lQUEBQwREVPGuiRmohR5M0pk09tE006W7btd3sNzXtr7tteu13N3t1u/1udttdt90eYg/p1t20vRJtN43atNEcTIyBGDxgA1EMeBpBBRlgOAwzw8z9+2NkBDkOMswAz8d1cXEfPvfnft/Idcl1v+bz+fhNU35z8P/ZhPp8fYmJiQl5rU8AAAAAAAAA6DQ5MUsrpn1CK6Z9ItKlAD3w+wlgIFEXAIfiSkPToEaIVlTaBx0qRwPTlN469J5qrzRqfq5NOTMCQW2js0UXLtYpJTlJX9+ySdMy04Ltf/rsnl4D0vS0FH3snlX62D2r5PebKiop06/+91X98bVD+qvPfHzINTY0NsvV7u42LbTH41XtlUZJ0rSMVFkT4zUlLUWVZ6p1xdHUow9nc5s8Xq9sWRmyJiYM6fl6MzllopKsCWpta1dDU7MmT5oYPGeagdoBAAAAAAAAAACAsSgm0gUMl8L8xVp7X0HwqzB/caRLGhKPx6vfv1Ksl159RxOSErXho7cqPj5OkpQQH6+42J6Z/elzNaqosnc71uZy650jJ9Tu9gSPxcQYmj41XfFxsWppdamjwzfkOusbnDpQfFx+/7URvqXlVao8W63UScnKsU2TJH1o+ULFxlr0ZvFx1dVfC4HbXG7te+Ow/H5TK26aq4SEuJCerz8pyRO0eMEsudrdeuXAUXk83m59HSurHMojAwAAAAAAAAAAAFFvVI8A7qowf3G3Ub4VVXYVlZT3e40tK1Onqi7IlhWZdX9fP3hMpeXXwsh6h1NnL1yWx+NV8sQkfeHTH1XurGtzuXcGm28WHde3f/icFs3LkavdrTPnL8li6Z7ln7Vf0v/s3Kv/2angVMrt7R6drDyvdrc3GLq62gceQd2bySkTdfDdMpWUntLsmdNU3+DU6XM1iomJ0YNr71DmlMmSpIXzZmrVioUqKinX//vus1qQN1OxsRZVVNnlbG7TwrkzVbByccjP1x/DkNbcla8Tp86p5NhJVVSe1/xcm1ztblWdrVHqpGS1tLqG9NwAAAAAAAAAAABANBszAfBQPLxhtR7esDpi979+VGtsrEWZ6ZO16paFWn3rMlkTE7qdNwxp49o7lZoyUa++dVQlpRXKSJ+kv9i0RoeOndTh0opg24Vzc/S1xx7S7195Rx+cqda5C5cVE2NoakaqPv6RAuUvW3BDtU9Jn6RHPnG3fveHt3TkT6fk9/s1M3uqPvnA7VqQN/PaM1ks+uxD92lB3kz94bV3dPz9KpmmlDY5WQ+uvVOrC28OjnAO5fkGkpE+SV9/fJNe+P1bOvLeB8G+/vzBj+hyXYN27y26oecHAAAAAAAAAAAAopFhmqY5cLPI+PdtO3Sq6oLm5c7Q17ds6nG+osqurdt2SpKe2LKxxwjgznNr7yvQujWFI1M0AERIadmZkNqnToyXYRjBL0n9bqvrtiRDfbTr8n2gY9dvD2Z/oON9CbW9NWlcf0YKAAAAAAAAAEaMq60j0iWMKWNmDWAAAAAAAAAAAAAAGO/GfQBc73BGugQAAAAAAAAAAAAAGBbjen7L51/cr9feOqrC/MXa/PD9kS4HAAAAAAAAAAAAAG7IqBgBXN8QnlG6p05fkCRdcTSFpX8AAAAAAAAAAAAAGEmjIwB2OFVRZR/WPiuq7LJX10qSkqyJw9o3AGD0M81IVwAAAAAAAAAAYx/vYodfVE8BfWv+Ep2qCozS3bZ9lzatX60paZOC5y/U1A2qn/oGZ7AfSbLX1Gr33qLg/vIlecNUMQBgrDBNU4ZhRLoMAAAAAAAAABjTTBLgYRfVAXBh/mK9XVKmU1UX1OZya/vzLw+pn6KSchWVlPd6bl7uDBXmL76RMgEAYxB/cwAAAAAAAABA+PEudvhF/RTQj2/eoHtuXxHydUmJCQO2uef2FXp884ahlAUAGONMP391AAAAAAAAAEC48S52+BnmKBlXXe9w6nxNbXDd3q6mpE3qdRRvRZVdFZU91w62ZWdqZlam0tNSwlIrAERCadmZkNqnToyXYRjBL0n9bqvrtiRDfbTr8n2gY9dvD2Z/oON9CbW9xWIoPsES0jUAAAAAAAAAgNB43D75fKMirhw1Rk0ADADoHwFw/0JvLyVao3qlBAAAAAAAAAAY9dpdHUwDPcyifgpoAAAiwTQlP1OPAAAAAAAAAEDY+P0m4W8YEAADANAHph0BAAAAAAAAgPDhHWx4EAADANAHX4c/0iUAAAAAAAAAwJjFO9jwIAAGAKAPpskn0AAAAAAAAAAgHHw+pn8OFwJgAAD60cEn0AAAAAAAAABg2PHuNXwIgAEA6IffZzIKGAAAAAAAAACGkc9nys9717AhAAYAYAAdXj6JBgAAAAAAAADDhXeu4UUADADAAPx+k+lIAAAAAAAAAGAYdHT45fcz+jecCIABABgEr8cv0+SPEgAAAAAAAAAYKtM05fUw2CbcCIABABgk/jABAAAAAAAAgKHjHevIIAAGAGCQfD5TXtamAAAAAAAAAICQeb1++XzMsjgSCIABAAhBh9fPesAAAAAAAAAAEIKODr86GFwzYgiAAQAIkddDCAwAAAAAAAAAg9HR4Wfq5xFGAAwAwBAQAgMAAAAAAABA/wh/I4MAGACAIfJ6/KwJDAAAAAAAAAC98HoJfyMlNtIFAAAwmnV4/TL9puLiY2QYRqTLAQAAAAAAAICIMk1TXo9fPp8Z6VLGLQJgAABukM9nyufyKS4+RrGxTK4BAAAAAAAAYHxiyufoQAAMAMAw8Xr88nWYio2LkcXCaGAAAAAAAAAA44PPZ6rD65ffz6jfaEAADADAMPL7TXncPsVYDMXGEgQDAAAAAAAAGLt8PlMdHX75me45qhAAAwAQBn6fKY/PJ8OQLFeD4JgYwmAAAAAAAAAAo5vfbwaWxevwyyT3jUoEwAAAhJFpSh1evzq8kmFIMTGBINiIMWQYkmEEvgMAAAAAAABANDFNyTTNwHe/Kf/VL0Lf6EcADADACDHNwJQoPqZDAQAAAAAAAACESUykCwAAAAAAAAAAAAAADI9RMQK4zeXWjl37VVpWqTaXe1j7LsxfrE3rVyvJmjCs/QIAAAAAAAAAAADASIv6ALje4dS3vvvssAe/nYpKymWvqdM3vvqZsPQPAAAAAAAAAAAAACMl6gPgp/97VzD8tSYmyJadIUmyZWUOedRuRZVdkmSvrpOr3S17da2KSspVmL94eIoGAAAAAAAAAAAAgAiI6gDYXl0re3WtJMmWlaEntmwa1qmaj5VVatv2XZKkK46mYesXAAAAAAAAAAAAACIhJtIF9OdYWWVwe+2awmFfp5d1fwEAAAAAAAAAAACMJVEdAHdFWAsAAAAAAAAAAAAA/YvaAPhYWaVOVV0I7heVlAengwYAAAAAAAAAAAAA9BSVawDXO5zBtXk7FZWUy15Tp2989TN9XldUUq7Sskq1udyyZWfq3ttXKD0tJdzlAgAAAAAAAAAAAEBUiMoA2GpNkDUxQa52d/fjifG9tm9zubX1xzu7jRCuqLKrqKRMT3xxo2zZmWGtFwAAAAAAAAAAAACiQVQGwEnWBH37Hx7Vjl37VVRSLknatP4u3XvHLb223723qNfpoTuD4X998tGoWUPY1e7RD37+girPVPc4FxtrUWb6ZK26ZaFW37pM1sTuNXu9Hdr3xmFdvtKgFUvnatmSvJEqGwAAAAAAAAAAAMAoEJUBsBQIgdNTr03f3N8o3tfeOipJsiYm6OtbAiN+tz//sopKytXmcqu0rFKF+YvDXnOo5ufalJaaHNyvdzh19sJl/e4PB/XqgaP6wqc/qsXzZwXPd/j8Kqs4q8oz1cpInxyxAHjPvmLt3luk/GXz9Vef+XhEagAAAAAAAAAAAADQU9QGwEOxfGleMCguzF8cHD18xdEUybL6dPdty7Xiprndjnk8Xu1947D+8Noh/fzXf9CXPr9BubOyJAWmwP7bLz0ciVIBAAAAAAAAAAAAjAIxkS6gLzt2vaGiw+Xd9o+VVfZ7TUWVXW2uwLrBneGvJE1JmxSeIsMgPj5OH/9IgR6498NqbWvXb39/QK52T6TLAgAAAAAAAAAAADAKROUIYHt1rV49cKTHsR0v7tfyXqY97hztW+9w6iv/8KNu56yJCaNurVzDkG5ftVTvHHlf9upaXaip1dw5MyRJP/vl71VSWqEvfm5dcPRw57FH//wBNTa16JUDR+R2e/SVRz+l3FlZcrW7tevlIh06ekItrS7Fx8fplqVz9cmP367JKRO73fv6trGxFtmyMvWJj92mtrZ2/eTZPcG2JaUVKimtkKRu9dQ3OLXrj2/r+PtVanO5FR8fp7mzs/Xg2js0Y3pG8Poz5y/qez/9X2VPn6KN6+7Ui398W6dOX9DNi3J1Z+HNevoXL2rypIn6+pZNmpQyoVudH5y+oO8/84KmT03T3/yfh6JmjWcAAAAAAAAAAAAgkqJyBLAtO1Pzcmf0ON7bOr5tLrdcV0f99sYwJHtN7bDWNxImTrBqWmaa3B6vzlcPrv7f/eGgfrPnTXk8XlkTE+Rqd6vN5daP/utFvX7wmJKsiVq1YqFmZmfq0LET2rptpxwNzuD1dfVN+ufv/UqvvXVUsbEW5S+br6ULZutSbb1+/N+71O72qGDlouA02+lpKSpYuUgFKxcp7ep6zafPXdRT//lrvXP0hFInJ6tg5SLNzM7UiQ/O6V9/8JxKjp3sUfflOoe+99Pf6mTleU1MsspvmpoxbYpmz5yu2iuNKq842629aUrFh9+Xx9uh1bcuJ/wFAAAAAAAAAAAArorKEcCS9PUtm7R7b5H27CuWJD2xZaPm59p6tNv6452yXxeQpqemqP5qsNnmcmvrtp19Xh+tLJYYxccF/nna+gm4u2p3e/TlL3xCSxfOkWEEgtJfv/CqTp2+oAfuXaV1a25VTIwhSXr32Eltf/5l7S86rk89cLs6fD7t3P2Gaq80qmDlIn12432KtVgkBdYlrjxbo3m5M3Trh5Zoz75i2atrNWfmdH3+kY8G7+/xeLV7b5FaWl1at6ZQD9z7YRmB2wXvt+eVYs3Ls2lS8rURvc0tLt1y0zx9btN9siZeC3MLVi5SRZVdx8urtGrFQlksgc8r1NU3quzkWWVOmazF82cN/YcMAAAAAAAAAAAAjDFRGwAPxu69RcHw15qYoMc/vz4Y8tY7nHp+136VXl03ePvzL+vbTz4asVpHwt23LddNi+YE91ta21RRadeklAkqzF8cDH8laenC2ZqZnanTZ2vkdnt1xdGkqrPVmpQyQR//yIeD4a8UWJd40bycAe9/sdahM+cvKXPKZN2+amkw/JWkZYtzlTcrWxVVdp05d7HbtNzpqSnauP6ubuGvJC2eP0uZUybr1OkLqrl0JTjy+L0Tp9XQ1Kz77/5Qj6mhAQAAAAAAAAAAgPFsVAfAr711NLj99S0bgwGhFJie+PHN6/X09l0qLatUvcOpopLyXqeRjkY+n18eb4ckDXqK4+xpU7rtOxqb5WxuU5urXU/+6y96vWZK2iS1uz2qq29US2u7cmdlKXni0ELVhsZmudrdypqWrvj4uG7n4uPjlDzRKtM0Za+p6xYAp05O7hH+StKklAlavnSuXn79Xb1bWiFbdqY8Hq9Ky6o0cYJVH1o2f0h1AgAAAAAAAAAAAGNV1AbAW7ftVEWVvdv+2vsKtG5NoSSposoenBo5PS1FpeVVKi2v6tFP1/C0oso+agLgllaXLtU6lBAfp5ldgu1Q+P1+maaphPg4LVkwW/HxPf+5JyRZFRdnkd9vyjTNG6p5OPq43oeWzdfBQ++ptKxS9915iy7VOnTm/EUtnj9LWdcF3gAAAAAAAAAAAMB4F5UBsL26tlv42+nVA0eDAXBX9Q6ndu8tGrDfK46mYakv3ExTeuvQe6q90qj5uTblzJg6pH7SJqdoQlKi3B6P1t5XoOzpfQem6WkpSrImqq6+Uc0trbImxvfZtnMt3r76aG5pk8fj7daHx+NVc4tLhmHIlpUx6GfImjZF8+bM0PH3q3T63EUdL69Sh8+nwvzFfdYBAAAAAAAAAAAAjFdRmaDZsjN1z+0rlJ6acu1YVoYe3rA6uD8ldVKv0wb3Z3mXaYcDfQ5tZG04eTxe/f6VYr306juakJSoDR+9tcd0yoOVkjxBixfMUnOLS3vfKFGHz9ftfM2letVeaZAkTc9M0+yZ09TkbNXvX3mnW1uPx6uTlXb5fH5JUtbUdBmGoctXGtXS6gq26+yj9kqj3jr0nroOBi4tr1Ll2WpNy0zV7Jzpg34GiyUmOGr7d384qOPvV8mWlaG5c2aE/PMAAAAAAAAAAAAAxrqoHAEsSQ9vWK0ka4L27CuWJG3asFrzc23B8+lpKfrBU1/qdo29ulZt7e7gvi0rs9/1cwe7tm64vH7wmErLK4P79Q6nzl64LI/Hq+SJSfrCpz+q3FlZQ+7fMKSP3f0hnTl3UcWH31d5xVnNz7UpJiZGZ85fUl19owpWLtLnNq5RfHyc1q0p1PnqWhUffl8nPjivubOz1dHh08nK8zKMGH31sQeVM2OqZudM17TMVJ2/cFn/8v1fa05OllbePE/LluQF+9i9t0iHj1doZnam6uqbdPpcjWJjY7X2IwWalBzaGsNz58yQLStDZ+2XJUlr7sqP+L8dAAAAAAAAAAAAEI2iNgAeCtsQ1sq95/YVqm9w6tb8JWGoqH/XT3MdG2tRZvpkrbploVbfuizkEc69SUtN0RNbNuq1t47p4KH3dPj4qcDxyclat6ZQ99y+XDExhiRpTs50PfnXf6Zdf3xbx9+vUklphWJjLbJlZeoTH7tNM7MDU1FPSp6grzz6Ke14cb/eO3lGh46e0NSMVC1bktejj+qLVxQfH6eFc3P04No7NGP64Kd/7pRkTVD+sgU6a7+s1EnJWnbdSG4AAAAAAAAAAAAAAYZpdp2oN3q0udzasWu/ikrKJQVGBN9z+4pe227dtrPXNYO7emLLxm4jiDG67HvjsH6z503dvmqpPvPQfTKMSFcERJ/SsjMhtU+dGC/DMIJfkvrdVtdtSYb6aNfl+0DHrt8ezP5Ax/sSansAAAAAAAAAAEajqFwDuM3l1t899Uww/JWk51/cr63bdvbafqDwV5IqKgdug+jU5nKrpPSkEuLjVLByEeEvAABolsKCAAAgAElEQVQAAAAAAAAA0IeonAK63tGkNpe7x/ErjqZe299z+wrZa2r77TMSUzxjeHxw+oLsNXW6eVGu5uQMfU1kAIg0w5BiYgzFxBgyYgwFBlYbfLAFAAAAAAAAQNQxTck0zcB3vyn/1a/onFsYXUVlAGzLztSWzev16oEjOlV1QZJUmL9Y9/YxBfTDG1YP+V7HyirlaHCqYOViJVlvfM1dDC+Px6v9b5dKCvwOWCxROWgdAPpkGJIlNkYWixFccx0AAAAAAAAAol3nABZJkuXau02/35TPZ8rX4ScMjlJRGQBL0vIlebJX13YLgG3ZmcN6j3qHU9u275IU+ATDvXfcMqz948bFx8fpr//qU5EuAwBCFmMxFHs1+AUAAAAAAACAsaJzlsO4uBj5fKY6Ovzy+0iCo0nUBsDX621K6Bt1peHalNLh6B8AMP7ExBiKjSP4BQAAAAAAADD2WSyGLBZLIAj2+uX3EwRHg6ieT7friN89+4qHPaQl9AUADKe4+BglJFoIfwEAAAAAAACMKxaLoYREi+Liozp6HDeiegTw8iV5smVlyF5TJ3t1rf7uqWdky8rU/DzbDfd9xdGk0rLK4P6UtEk33CcAYHyyWAzFxcdcWw8DAAAAAAAAAMahzmXxvB6/fEwLHTGGaUb38sz26lr9+7adcrWHb7SuLStD3/jaZ8PWPwCMhNKyMyG1T50YL8Mwgl+S+t1W121Jhvpo1+X7QMeu3x7M/kDH+xKucDY2LkZxcXyqDQAAAAAAAAC68nr96vD6I13GuBT1AbAUmKp5x679OvZe5bAHwYX5i7Vp/WolWROGtV8AGGkEwP0LRwAcFx+j2FjCXwAAAAAAAADoTUeHX14PIfBIGxUBMABgYATA/RvuAJjwFwAAAAAAAAAGRgg88nhzDQBAiAh/AQAAAAAAAGBwYmNjFBfP+9SRxE8bAIAQxMYR/gIAAAAAAABAKGJjYxQbx3vVkcJPGgCAQbJYDMXxRwoAAAAAAAAAhCwuLkYWy/Au1Yfe8RYbAIBBYpoSAAAAAAAAABg63rGODH7KAAAMQlx8jAyDT6cBAAAAAAAAwFAZhkEIPAL4CQMAMICYGIN1fwEAAAAAAABgGMTGxigmhsE24cTbbAAABhDLur8AAAAAAAAAMGx45xpe/HQBAOhHjMWQxcKn0QAAAAAAAABguFgshmJ47xo2BMAAAPSDqZ8BAAAAAAAAYPjx7jV8+MkCANAHwxCjfwEAAAAAAAAgDCwWQwavX8OCABgAgD5Y+AQaAAAAAAAAAIQN72DDg58qAAB9YPQvAAAAAAAAAIQP72DDgwAYAIBeGIYUE8MfHwAAAAAAAAAQLjExTAMdDgTAAAD0gvAXAAAAAAAAAMKPd7HDjwAYAIBe8EcHAAAAAAAAAIQf72KHHwEwAAC9MPijAwAAAAAAAADCjnexw48AGADGCCOEhRJCaTte8SMCAAAAAAAAgPDjXezwIwAGgDEiIT4uLG3HK0JyAAAAAAAAAAg/3sUOPwJgABgjkickhaXteMXfHAAAAAAAAAAQfryLHX4EwAAwRqRNTlZiQvyA7RIT4pU2OXkEKgIAAAAAAAAAACONABgAxpCszPR+Q+DEhHhlZaaPYEUAAAAAAAAAAGAkxUa6AADA8ImLi1VO9lQ5GpvV3Nomt8crKbDmb/KEJEb+AgAAAAAAAAAwxhEAA8AYlDY5mbAXAAAAAAAAAIBxaEwEwBVVdu3Y9Ybs1bXBY+lpKdr88P2an2uLYGUAAAAAAAAAAAAAMHJG/RrAx8oqtXXbzm7hryTVO5zaum2njpVVRqgyAAAAAAAAAAAAABhZoz4A3rFrf3DblpWhtfcVyJaV0et5AAAAAAAAAAAAABjLRsUU0G0ut15766gqKu2SJFt2ptbeV6Aka4LqHc7AsawMfeNrn5UkrVtTqG/9x7Oy19QFz7e53Nqzrzg4Unh+nk333L5CSdaECDwRAAAAAAAAAAAAAAy/qA+A21xubf1x9ymeK6rsqqiya9P6u4LHli3J63bdsiV5stfUSZJKyyq1u0v429nHsbJKPfHFjYTAAAAAAAAAAAAAAMaEqJ4Curfwt5O9ulZbt+0M7l8f4nbdf3r7rr77+PFOtbncw1g1AAAAAAAAAAAAAERGVI8AfvXAkWBwa8vK0OObN8hqTdDWbTuCo3s7zxXmL+l2bWH+EhWVlPdo98SWTZIU7MNeXatXDxzRujWFI/BEAABEVqvXoSpHsc47S3WppUIOl10tnivy+Npkyox0eRhGhgzFW5I0MX6K0qw2TZs4XzNTlik3rUAT4tIiXR4AAAAAAACAMDFM04zat73/vm2HTlVdkCR9+8lHlZ6WIikwMriopExtLreSrAkqzF/S6zTO/bVrc7n1lX/4kSRpXu4Mff1qMAwAo5WrrSOk9rW1l2UYRvBLUr/b6rqtQLjUa7su3wc6dv32YPYHOt6XUNtbk6L6M1IhO1zzG5Ve3qMPHAcjXQqiwNy027Rs6lqtzHoo0qUAAAAAAAAAIb/fRv9Gzdtta5eAN8maoHvvuKXb+TaXWxeujva1JsbLlp3ZazsAAMaTN879RAfPb1ezp27gxhg3PnAc1AeOg3q5aqtum7lZd+U8FumSAAAAAAAAAAyTqA6AbVmZwRHAW3+8U098cWOvI32ff3G/XnvraI/jy5fk6Z47Vmh+rq3b8c61hbveZ6S42j36wc9fUPXFK/qb//MpzZ45vd/2Tc5W/fu2HfJ2+PR3X35EkydNDOl+dfWN2ru/RJK0ZnW+MtInD7l2AMDo8afLL+nlqq2qd52LdCmIYs2eOv2x8t/0bvUO3Z/7hG6a+kCkSwIAAAAAAABwg2IiXUB/1q0plC0rQ5Jkr65VUUlZr+2KSsp7PX6srFJbt+3U9udfVpvL3aV9Wbe1hSOx/q+r3a2XXy+Rz+fvt92Bd/6ky3UNQ75PS6tL7x6r0LvHKtTS6hpyPz/75e/16Nf+Q3v2FQ+5DwDAyHjh5JP6ddmXCX8xaPWuc/p12Zf1wsknI10KAAAAAAAAgBsU1QFwkjVBa7uEs11D3K4e3rC62356akowOJYCAfGOXft77WfThtW9jioeCeUVZ/XBmQt9nr9U69CB4j/d0D1mz5yuHzz1Jf3gqS8NONoYADC6NbRXa9vhB3Wo+rlIl4JR6lD1c9p2+EE1tFdHuhQAAAAAAAAAQxSVU0AfK6vUjl37Ve9wdjveV1BbmL9YkrT9+ZclSfUNTq1bc7+kwPTQrna3ikrKZcvK0L133NKtn63bAlNBp6elaNP61Vq+JG/Yn6cvbo9XL79eojkzpys+Pq7bOdOUDh56T43OlhGrBwAwel1u/UD/c/yvGPWLG3au6aieOfrn+tzNP9PUCXMjXQ4AAAAAAACAEBmmaZqRLqKriip7MJTtypaVoSe2bFKSNSG45m9h/mJtfvj+YJuikvJgCCxJ3/jqZyRJ3/ruLyUFQt5vP/loYA3gbTtkr6nrcZ8tm9eHNQTuXAO4rr5R0zLSVHm2Wl945KPKX76gWzt7TZ2+99PfKnPKZHm8HWpta++2BrDH41VJaYX2v12q6ktX1NHhU3x8nFbePE8Prb1TEydYJUmNTS361x8GRoJ1Xt/12Jc+v0GvHjiiw8dPyePxavKkifrkA7frwysWyTCkPfuKtXtvUY/nsCYmBNcwNk3pZOV5vfDSWzpffVmmKWWkT9b6+wuVv2yBDCNwzZnzF/W9n/6vsqdP0SOfuFu/+8NbOllpl8/n17TMVD2y4W4tnJcTvIffb+p4eaVeP1iq0+cvyuPxKjbWogV5Nn36k/d0W8+4s87OacN/s+eA6uobZbHEaOmC2fr0p+7R5JTu6ye72t3a9XKRDh09oZZWl2JjLbJlZeoTH7tNC/JmyjA06GcDooGrrSOk9rW1l2UYRvBLUr/b6rotyVAf7bp8H+jY9duD2R/oeF9CbW9NisrPSPWqob1azxz9c8JfDKt0a44eXfErpSZmR7oUAAAAAAAAjHGhvt9G/yzf/OY3vxnpIrra+uOdcl2dotmWlaE7C27W8iV52rTh7uDI3e8/84KkQEha3+AMBra27EzVNziDwW7+8gWak5MVPOZyubV8SZ6mpE1S/vIFmpScpDk50+VyueVsbpMknT5/UffecUvYnq+jw6dDR0/I7fHqkx+7XeUVZ1VX36RbbpqnuFiLJMnn8+t/Xzqg6otX9NC6u3TOflmudo9uX7VUiYnxkqQ9r7yj3+x+UzKlBXk25cyYKperXRWVdl2oqdOKpXNlsVjU7vbo4LuBtZM7r+885nK59af3q+RocGrRvBxZExN0qdahP71/WtOnpilrarpcLrdiYy1ytbvlcrlly87U4vk5mpmdqUXzcjQhKVElpSf102f3qKWtXQvyZipnRqYu1zn0zpETio2N0dw5MyQFwuh3jpyQx+PVoaMn5PebWjQvR37T1MXLDr134owW5NmCIfe7x07qZ796SW2uduXNzlburCz5fH6dPndR7586qxU3zVNiQuDncarqgiqq7GpuaVPx4cBo75wZU+VsbtW5C5d1/kKtli+dG/wZ19U36d+efl5lJ88oKSlRSxfOVkbaJJ21X9Lh0grNz7UpbXLyoJ8NiAYd3v7XFL9ea2srAXA/4uKiepWEbraXfl4XW05GugyMMa6OJtmdx5WftTHSpQAAAAAAAGCMC/X9NvoXdcObOqd9tmVl6Btf+2yP8/bq2m77RSXlkhQcCXzF0RQ8Z8vKlBRYE7hTW3sgXE6yJgSD3nVrCvWt/3g2EChfN+10OGVPn6LClYu0780jOnK8QretWipJOl99WcfLT2v50jzNmzND+9443OPaO1Yt1YeWL9D0zPTgKFSPx6sf/teLOnX6gk6fv6QFebZ+7+9qd2vZklx9duN9irVYZJrSnn1F2rOvWCXHKrRi6TwtW5KnZUvy9LNf/l71jkDYvva+gmAf9po6Pf/ifk1OmaivPPpJTctMkxRYZ/npX7yoN94+rpU3z1fmlGujdZuaW7VuTaEeuPfDMgypw+fT9ude1rvHTup4eZVm2aZJkpYunKO/+/8+rZwZUxUTE3hI05R++Zt9euvQe3rvxBnd9qEl3Z7J2dKmrzz6KeXOypIk1dU36rs/+a3OV19WzaUryp2VpQ6fTzt3v6HaK40qWLko+PydP8PKszXKsU0d0rMBwEh74eSTOtd0NNJlYIw613RUL5x8Up9c8FSkSwEAAAAAAAAwSFE7vGlZH9Mwdwa4XRWVlGvrtp3aum2nTlVdkBQIkDtHDNc3XAt1kxJ7X0e4r/uFU4xhaPWtyzUlbZL2vXlYTc2t6vD59IfX3lVsrEX33ZWvjg6fGpt6rgOclpqirKnXwl9Jio+PU/JEq7zeDrW1tQ94/+SJVq25Kz8YfhqGNC/Xpri4WDU1t6rd7Rmwj1NXR90uX5oXDEilQMB+V+HNanS2qObSlW7XTM1I1Z0FNwVrj7VYglM/X65r6NbH7JnTguFvZ42pk5MlSQ2NzT3qWbF0bjD8laS0ySnKnj5FrnaPmpytgXvUNqjqbLUmpUzQxz/y4eDzS4Gf4aJ5OYq1WIb0bAAwkv50+SUdqn4u0mVgjDtU/Zz+dPmlSJcBAAAAAAAAYJCibgRwp9LyKq1bU9jjeOeo3sB2hq44nHK1u1VRZe/Wbl5uYPRrvcMZHCWcnpoiW3amelNaXjVcpYckPS1F99y+XDt2vaFDR05o+tR0lZ08o3tuW64Z0zPU5GyRv5dlmtvdHu1/u1SHjpxQQ1Oz2lw9g/GBxMXFaUJSYrdjCfGx3QLRgZy1X5IkvfLmEb3y5pFe29Rcru8WsE+cYFVsbPdfvd6C+Q6fT+8ePan9bx/TFYdTLa2uAevpnD66k8USo/i47veqq29US2u7cmdlKXnihD77GsqzAcBIerlqa6RLwDjxctVW3TT1gUiXAQAAAAAAAGAQoi4ATk9NCazZW12rrdt2an6eTUnWBBWsXKwka4KSrAmyJibI1e5WW7tbX9+yUf++badcV0cGz8udIVtWZjA8Plb2QbBvV7tbbS53cGSwFJjOd9v2XcGppbtOFz1SVq1YqKLD7+uVN48oMTFeqZOStfrW5epruUqPx6uf/M8elVecVWysRdnTpihrWrok6dTpCyM6jbXPF5iT3ZadqRnTp/TaJmtqesj9mqb0/Iv79WbRccXEGJqakarF82cpJsbQhYtXekwFHgq/35TZS6h+vXA9GwAMhzfO/UT1rnORLgPjRL3rnN449xPdlfNYpEsBAAAAAAAAMICoC4A3bVitbdt3SZIqquzBkb1vl5TriS9uVJI1QcuX5qmopFz1Dqcqquz6x699VlcamjQ/t+eat4X5S1RUUi57TZ3aXG793VPP6Btf/azS0wJB76sHjnQbPbxpw+oReErJ5/PJ4/VKCoyIvf+ulfqv5/6opuZWbVp/V7C+3jQ6W3ThYp1SkpP09S2bgtMTm6b002f3hCUAtlh6ny18RlaGSkorNNs2TZ956CPDdr82V7vOnLuouLhYPb55vRbPnxU8t+vlt28oAE5PS1GSNVF19Y1qbmmVNTG+13bhejYAGA4Hz2+PdAkYZw6e304ADAAAAAAAAIwCUbcG8PIledqyeX2Pkbj26loVlZRJktbdd21q6D37inuEv/UOp15762hwtO8TWzbJlpUhKTDi9+n/vjbi15adKWtigtJTU7Rl83otH6HpfD2eDrV2Wad3+U1z9aFlC5Q3O1srl83v99qE+HjFxfbM7k+fq+kxFfZwmX51pOv56lp1+HzB40sXzlHyxCQdfe8DVZ2t6XaNx+PVyUp7cCRtKGItFiUm9Axm6+qb9O6xkyH319X0zDTNnjlNTc5W/f6Vd7o9T9eaw/VsAHCjDtf8Rs2eukiXMSrlLnlT37nntL5z+y+UfwP9PPjh0/rOPaf1zRV/ObgLFu0L3PfOX+uOG7hvJDV76nS45jeRLgMAAAAAAADAAKJuBLAUCIE7g9hjZZXBEcGd69wG1s1dEQx5t27bKVt2ppYvyZO9ulYVVXa1udzdRg0/sWWTtm7bIXtNXWB66R/v1BNf3Bi411Nfitizdoq1WPT5T390UG1Tkido8YJZerPouL79w+e0aF6OXO1unTl/qc+Rujdq6cI5evXAUR0vr9I/f+9XmpmdqbtvW6GcGVN1/+p8/e6PB/VvTz+vOTlZykifpOYWl06dvqBYi0VffexB5cyYGtL9EhLitOKmufrgTLW2/fduLZw7UzGGoYoqu6zWnusFhyI+Pk7r1hTqfHWtig+/rxMfnNfc2dnq6PDpZOV5GUaMvvrYg5qZHZ5nA4AbVXp5T6RLGKU26o7Uqx8Yiy9Q/myp5ExkKxptSi/v0cqshyJdBgAAAAAAAIB+RN0I4K7aXG7t2Vcc3O+6du/DG1arMH9xcN9eXavde4t0rKwyGBR3Br39jQTubDuaGIa0ce2d2nD/rTIMQyWlFbpc16C/2LRG83qZBns42LIy9NXHHtScnOm6eLlexYffl6PBKcOQPnLnSn3tsYe0cG5OMFQ9dfqC5s7O1pe/sEEzs4cWkK6+dbn+YtMaJVkTdLy8SlXnarT+/ltVuHLxwBcPYE7OdD3513+mglsWyePxqqS0Qu+dPKNpmel67HNrNTN7alifDQCGqtXr0AeOg5EuY3SavVF58ZJMSUpQTsY/KS3CJY02HzgOqtXriHQZAAAAAAAAAPphmKZpRrqIvjz/4n699tZRSYEA8oktm7qFwFJghPCevUWy11ybCjM9NUVJ1oTgMVt2ZnAkcGDE8I7guSRrgp744kbZsjNH6KkAIDxcbR0hta+tvSzDMIJfkvrdVtdtSYb6aNfl+0DHrt8ezP5Ax/sSantrUlROkqE/XX5Jvy77cqTLCKs7lh3SHXpG/1z682Hs1aYNH3pTBcmS4/JOtWduVJZhV+mxO/XcEPLMBz98WvkTJFfDv+ibRwdR56J9+s70PKmjWC+9+Wc6EPoto8afLfmhbpr6QKTLAAAAAAAAwBgS6vtt9C86325fZa+pDW73Fv5K3aeLrnc4lZ4WWDu4a9Dbdcrn66eD7hwJ/PhfrCcEBgBEvfPO0kiXEHaZiRlKVt7wdpr2Nc1PlmSWq6Lq/8qZsF5Zk23KnblRcuwc3nuNceedpQTAAAAAAAAAQBSL6img+9Lmcuu1t45qz77i4DrAkoLhr6QeUz73Nx10vcOpp/97l+odzpF/GAAAQnCppSLSJYxK+TMLAtM9txTrRZf0ek2xmiUlT96ou/u8yqZlc3+hr91xQt+557S+c89pffPWX+uBqX0vt5A29e+1+cOleuruQPvv3Pmm/mruujE11TS/gwAAAAAAAEB0i+oAeH6X9Ww7w9s2l1tbf7xTz7+4X7v3Fun5F/cHz10v1BD4W999dlSuCQwAGD8cLnukSxiFHlf+5AxJbp2r+5fAoYvPqMolybJCS+f1HuguWPRfemjmXcqMS5BMtzp8bsUlFOiORf+lHEsvF0z5tjYv+kstmJCiWEPq8LnVEWNT7szvaHNyz1lMRit+BwEAAAAAAIDoFtUB8L133NItvP3KP/xIX/mHH8leXdutnb26VkUlZb32EUoI3OZya/vzL4fxiQAAuDEtniuRLmGY2ZSbuU7Lpl37ssZIipnU7diyzIIhj6JNm3d/ILD1FKvkTOfRYu1trJQkZU35mnJ7XPRtPTAtT7GSXA3/oe+/vlBPvrFQTxb/tUpdNmUmXn9BgR7M26jMGEneYu0tmRNov/9OPXfJrrSJfY8aHm3G3u8gAAAAAAAAMLZEdQB8fUDblS0rQ09s2Rjcv37kbuc00fUO56BC4PTUwPTRpWWVYXwiAABujMfXFukShtfs7+nzS/9Tjyy+9rXEKsm6ptuxR5b+Qg/PHsoNCrRmymJJkqPhGZV0OeM4U6waU5K1QHdM735VbnaBMg1JvqM6cPRp1XSecO3Wc6f2ynH9bdI+q9wJkuTWOfuf6fXgqhJ2lZb/o8pcQ6k9Oo2530EAAAAAAABgjImNdAED6QxoXz1wRBVVgSkHbVmZWremUEnWa9MplpZXad2awuD+tu27VFFl1ysHjujbTz4a7Gfrth2y19QFQ+DH/2K90tNSlJSUqPoG1gAGAGBEnfkb/aJ1uZK7fCRt6Zz/1BLt1XOn/3jtoL9O52t7Xj6g6Y8q1yrJLFdFVXH3c65/1HtNG5U1OUN5WY9LF58OnspLyAxstB3V69f36XhdtZ51SovvcmxyhlIkyazUuTPXX1CsE611Wmbt+YE2AAAAAAAAABhuUR8AS4EQuGu421V6aorqG5yyV9fqW9/9pZYvydOxsspr00Sb3fu5PgT+1nefVXrapGD7zpHAAABEo3hLkty+1kiXMYzsqqrtvqZs3qz/lNSk0ku7b7j3u7MKlBzoVfmrTij/+gZG4MNksZPu1wbr03rx6kjd5NjAcVdHb6nzbjV7/1PqGgAnpgT+qPI51dzLFaXeJj2isREAx1uSIl0CAAAAAAAAgH5E9RTQg7Fpw+rgtr26Vrv3FnVbI7jreanntNJtLne/7QEAiCYT46dEuoTRw/pPWjrp6mwhRoJiLb18df4lZCzW/NyC4KXNHYGlJayxmb10vE7JcdcdaneqQ5IsKVcD5+6WxU26sWeJIvwOAgAAAAAAANFtVIwA7s/yJXnasnm9dry4v9sUzumpKdq0YbWWL8nrcU1nCLxj134de69Srna3bFkZ2rRhtebn2kayfAAAQpJmtanedS7SZYwKubl3KcuQ5HlDv33r893W/+0qbdE+/e30PKWlPqp8FatEUkmbXXdPypOSVuhuqfs00Gl3KzP+uk4uVsoxe4UyjTzlzJbUbRroAi2cMDZG/0qB30EAAAAAAAAA0WvUB8BSIATuLejtT5I1QZsfvl+bHw5TUQAAhMG0ifP1geNgpMsIq9r2OjWr8gZ72ag7UgNBpaPhmT7DX0lynClWzbQ8ZcUXKH+2VHKmyzHLCt2x8u9Vc/hfdFKSrOv0yLw1Sru+E9fTqmreqMzkBOXYfqsHmh/US1ckyaZli/9JS6w3+DhRZNrE+ZEuAQAAAAAAAEA/xkQADADAeDEzZVmkSwi7A6WrdOBGO5m9UXnxksxyVVQV99/W9Y96r2mjsiYnKCfj76Uz/yK5/lF7LxXoM9PzZJ30l9p892fU4ZcUk6BYs1K17jxlJnTtxK4XT+9U7tKNyoxboTtuPq1Cnzsw9XSMW7WtdcocI6OAx8PvIAAAAAAAADCajfo1gAEAGE9y0woGbjTu2bQhY0XgU24txXrRNfAVr9cUq1mSJhZow9XRuiffv0+/PPeGar3u4BrCXs9RFb//BZ3r6KWTK/9X//Hez3Wy1akOU4E1hv11Onfhb7Xd2TRsTxdp/A4CAAAAAAAA0c0wTdOMdBEAgBvnaustkepbbe1lGYYR/JLU77a6bksy1Ee7Lt8HOnb99mD2Bzrel1DbW5Oid5KMnx/77JifBhrRaW7abfrL5c9GugwAAAAAAACMMaG+30b/GAEMAONUqIEooseyqWsjXQLGKX73AAAAAAAAgOhHAAwACFnn6F9Exsqsh5QcPzbWk8XokRyfoZVZD0W6DAAAAAAAAAADIAAGAGAUum3m5kiXgHGG3zkAAAAAAABgdCAABgD0wPTQ0e+unMeUbs2JdBkYJ9KtObor57FIlwEAAAAAAABgEAiAAQBDRlAcWffnPhHpEjBO8LsGAAAAAAAAjB4EwAAAjFI3TX1Aq7IfiXQZGONWZT+im6Y+EOkyAAAAAAAAAAwSATAAAKPYJxc8pZxJKyJdBsaonEkr9MkFT0W6DAAAAAAAAAAhIAAGAGCUe2TJ91kPGMMu3ZqjR5Z8P9JlAAAAAAAAAAgRATAAAKNcamK2PnfzzwiBMWzSrTn63M0/U2pidqRLAQAAAAAAABAiAimkQ+4AAAc1SURBVGAAAMaAqRPm6tEVv2I6aNywnEkr9OiKX2nqhLmRLgUAAAAAAADAEBAAAwAwRqQmZmvLyt9qVfYjkS4Fo9Sq7Ee0ZeVvGfkLAAAAAAAAjGKGaZpmpIsAAIwsh6NJLc2tkiTDMGQYRrftrvvB713bqJfzvXwf6Nj124PZH+h4X0Jtb02KDal9tPnT5Zf0ctVW1bvORboUjALp1hzdn/uEbpr6QKRLAQAAAAAAwDjkauuIdAljCgEwAIxDly9dkdvtkdR76DtcAfBgQl8C4PB649xPdPD8djV76iJdCqJQcnyGbpu5WXflPBbpUgAAAAAAADCOEQAPLwJgABhnTNNU9YXL8vv9kgiA+zJWAuBOh2t+o9LLe/SB42CkS0EUmJt2m5ZNXauVWQ9FuhQAAAAAAACAAHiYEQADwDjjdnt06WJdv6EvAfDYC4A7tXodqnIU67yzVJdaKuRw2dXiuSKPr02m+JNgLDFkKN6SpInxU5RmtWnaxPmambJMuWkFmhCXFunyAAAAAAAAgCAC4OFFAAwA40xLc5vq6xuiMgDuLaQlAAYAAAAAAACAsY0AeHjFRLoAAMDI6lz7FwAAAAAAAAAAjD0EwAAwzrg9oQXAoY6cDVcfAAAAAAAAAABgYATAADCOtLe75fV4I13GoBEcAwAAAAAAAAAQGgJgABhH2l3uSJdAqAsAAAAAAAAAQBgRAAPAONLefmMBMOEtAAAAAAAAAADRjQAYAMaJ9nZ3SAEwYS8AAAAAAAAAAKMPATAAjBOutvYB2wxH6EtwDAAAAAAAAABA5BAAA8A40NHhU5ur9wD4RgNbAl8AAAAAAAAAAKIHATAAjAOuNpc8bs/QOyDkBQAAAAAAAABgVCAABoAxzjRNtba6uh0Lx6hdRgIDAAAAAAAAABB5BMAAMMa1trrkcrUT0AIAAAAAAAAAMA4QAAPAGNfS0jpgm67h8GCD4kgGyoTZAAAAAAAAAAD0jgAYAMYwZ1OL2q6b/rnTUENUQ8MXvhLkAgAAAAAAAAAwvAiAAWCM6ujwqaWldUijewEAAAAAAAAAwOhEAAwAY5TT2az2dvcN9UFgDAAAAAAAAADA6EIADABjUHu7Wy3NbRGtIdTwmLAZAAAAAAAAAIAbRwAMAGOMaZpyNrXI6/VGupQeCHkBAAAAAAAAAAgvAmAAGGMaG51qbm7p83xfawIPtFbwUMNbQl8AAAAAAAAAAEYOATAAjCFtrS45mwLh70CB7qAR4AIAAAAAAAAAMGoQAAPAGOH1etXY5BzU1M+hjPwdbD9DuX6kRGtdAAAAAAAAAAAMNwJgABgDTNNUQ4NTba2uYQt3+zNagl8AAAAAAAAAAMYbAmAAGAMaGprU1OiMdBkjgrAZAAAAAAAAAIC+EQADwCjX2NAkh6Np2PvtLWg1NPrCVwJjAAAAAAAAAMB4QgAMAKNYU1OzHI4mmX7/oKZ7HonpoQdroPsT3AIAAAAAAAAAEDoCYAAYpZqamuWob5TP5+u3XahB6nCEsYS3AAAAAAAAAABEBgEwAIxCjY1OOeob5fV6ux0fzAjfkEYB9xPkEgoDAAAAAAAAABB9YiNdAAAgNA2ORjU0ONXR0RHpUrphGmcAAAAAAAAAACKPABgARpErVxwDrvkbrtDVkNFr/yMZ8hIoAwAAAAAAAADQPwJgABgFPB6PHI4mNTY4ZRjXgtCBAtGhhsQ3ErQS0gIAAAAAAAAAEDkEwAAQ5Vpb2+RwNKm1pa3fdkNd5zeU8wAAAAAAAAAAILoRAANAlDJNUw5HoxobnPJ6A+v99pbFDjWgHXBEcD/93mgoTKgMAAAAAAAAAEB4EAADQBRqa3OpwdEkp7NFUu9hbSijecO2LvAQaumv3WDah4KgGQAAAAAAAAAw3hAAA0AU8Xo71NjYpKamZnk9naN+O0PWvq8L95TPhga35jAAAAAAAAAAAIgsAmAAiAKmaaqx0ammJqfaWtslDS5sDSWQHVLwG2LgS0AMAAAAAAAAAEBkEQADQASZpqmmpmY1O1vkdLb0CFCvH/3b25TL/R0bjFDX/40UwmUAAAAAAAAAAAZGAAwAEeDxeNXS3Cpnc4tamlv7DH5DFUowPNh7dE7/HMp1oa75C+D/b+8OchqGgSiAzhHYIO5/PMQGiSSOUzth0QWCtsFR0xak9zaO5IztZaQvTwAAAAAA9iEABrijruuj++ij74dIKUfEaVB7Osbq/M/nc1rbP28Jbltqtq7Zsh4AAAAAAHCZABjghpZliWFI0XXH0Lfv0q+3dLe4thX0WvtnQezf9Pr2/ugjAAAAAAD/2Mvz06OPwI0JgAF2NM9zpDTGOObjmMYYhrE5nN3r9u+e/wi+tO6WuWv35YuPMwAAAAAA1giAATaotcY8L1FriVJqTNMhSikxTYfIOUfOU5RD/Vbz2y3ftXC3pa7l3Zaas3OxfqZ7tXAWHAMAAAAAQJtPEBq5thH0xw8AAAAASUVORK5CYII=" height="600" width="800"/>
Actualtrue:Expected:True]]>
  </system-out>
</testsuite> <!-- testcases.LoginTest -->
