<?xml version="1.0" encoding="UTF-8"?>
<!-- Generated by org.testng.reporters.JUnitReportReporter -->
<testsuite skipped="0" hostname="DESKTOP-OT8VNT7" name="testcases.LoginTest_cb" tests="2" failures="0" timestamp="2022-10-31T16:17:25 EDT" time="26.181" errors="0">
  <testcase name="LoginSuccess_001" time="10.306" classname="testcases.LoginTest_cb"/>
  <system-out>
    <![CDATA[Login Testcase
<img src="data:image/png;base64,iVBORw0KGgoAAAANSUhEUgAABzoAAANRCAYAAACbW7qvAAAAAXNSR0IArs4c6QAAIABJREFUeJzsvXuQLcdd5/nNqvPq7tOP29330fctXelasi2B0HoAG8ssg+1hwMCuF8d6Ca+HCNb7x8ps7AQEC8NueBdimR0m5gGOHfOYYb0RjAkNTDAYFiSDsY2NvbYlWbZkyZKu7r3Sffbtvv3uPo+qyv2jKutUZWVWZb1Pd+fX4Zv6nVNVmb/M3/mcX1Zm9SGUUgotLS0trWRRB3SwAzLcAd1dBfbugm7dALZuABtX4axeAl27BGxej70MIar1ASBc6f1n8G3+8LjTY0vqtk1UGoZnR5vjtynOjkpwRqgCiZ3Oo3Sl73CgQ0I9WrBUmlXA5aV2zHhHur+gkinUvUr+qkacyvjGlEqeyHo0QSWPd6b6FQ6POz0rT1TjiykTX4Q8yTLeaUvWYQeLJ7LqfNtzN/bjptjMvDzxh1eqDPyonCcJ8TLmPFH1rkyeMGXiB39GXTyJ1BPokH3Mk8T4KOD7oyieJPurGnF18iRB48CPMeeJKl+SVSNP/A47WDyRVefbFfCDjy/2Aj+c452fSHswweZU0ThnrXcceMKUnieCM8bhfskB4klifFTAE6YknlTyudLSGgOZv33N/++761vY2tlFfzAEALRbTUxPTWJ+bto/huiFTi0tLa0C1d+Cc+dFYPmbcG4+B9x6Fs6tb8aeorzwGT4LRGlhcHR83tSLENWJFLjMTKzcE40CEk2+d2S2WoOkrhajXPWrepxy4pwpnniHJO561fDVh+wMtSuXMe4m36goQLXG1/6bOKfmB18WwBNVvig3sEyVwpMs410WTzhbUj3PkzTdUxZPShn+SuNLwo9aeMKXGA1IBp7wdpk8CfTm/uSJslQ9VhnfsnjCuSvih4AnpUV5Cp6Uolrjq06eYDQAaeJFcnQqfuTkiSpf1BoodbUY5apfgR+pvzeK5glnS5pRK08SejOXao0vCT9q4QkfX0zZeMLbZfIk0Jv7kyfKUvVYkSMV5CdaWgdR5m9fw3Bo4cbyKnr9gfCYTruFk8cW0Gw29EKnlpaWVqmy+6DXvgr6xpfgXP1b0Ktf9N/i8x4gW+KJhPfjJjbsBdUdYtkWZSUqNfHNmIiWMrFh/rJ6MBqAkC3uHt4uciJb6ESG1zhObCITWSaFeCliIptrR7XYPaldwEQ2VXxk4EmhKrU+gcfCGyV18iRcyhbueLtMnsT0XvrhGWue8PVXxJNU/EjJEwV8aZ5klYwnWb4vMvIjkSdhu46NAKniRaXbgxprnrDxZjo4PImrXvNEVUmfAL5Dy+SJJF50flJ/fO1jniQeLRrfmngyNuNdmGQ8SSiL5EciT9TipVB+pIwvWW8qqe740tIaQ5m/fQ1Xr9+WLnIyddotnDt1XC90amlpaVUp5/JnQS//Dehrfw3n9vOBd8KZCyEZUjNK3fNyJ6JMvM3aJnGu4sRMNvHhJ9JFTnSSEmF2QPE76mUTD9agMicekvhIWKgtXDnjK/dEqICJT66JUCp/ZTWk40mxC7VinqTyt8KJ3jjzJL/7Mp4U8f2R8vsl0gEBO028pFVJPFG+fAE8YSqeJ6o17HOelCjZwk6VPInwQ8KT9FKID52fFMKTPN8feXuTSdj8VP7uB56kVMZxzltdnTwZu/ykUn4cDJ4oX74AnjBVx5Mcpc5PDmF+UgVP+PgKdECVPNHSOgDa+D9fxJ2760rHHp2f0wudWlpaWnWIblwDvfSXoC//OZzXPis5CCAGpIlQ3MSFPy3rRFY20TFIholMkkIN4jPdMhNPvgx0SJ6JSyp/JWUBl5faBUxkU010YyY26f1VnUoXMZFNKv0ejbcrnsgqhb+8tYVMZBO721Mh/AiJD2gZT3i7DJ7w8cU03jxRje7Y8VZsVl6e5Pd3P/CE0z7hSWGlQnfHxkuh/st4UmB5SPOTceBJeflJEd8fRfGEs/cJTxRPL4QnTMXzhA/oOnnCxxfTePNENbrTfF/k4gdvF+qvUo3hUucnSjwprMwQX0yZuie2QXXyJNAh+4gnsstLqyuBJ7HxEXgjf36ipbU/de1/fTrxaU6mTrulFzq1tLS0atVgB853/hTOi38C55W/iD2UhHLEQGYTTGy5kpSR4PotECS2OXaoJaXFSolm3RPZMpUqsZd5UMbERi1eku10/h/sG2GKDc0shQjf5zteC+FJTq8CvanGj33HE94uiCcVPJHDqkniSWFlDp4Uokrji/8AVckT5m81PMkz3qXwZV/zpIjvj7TxxTsgs9P5eyjzk8IkaHFtPOHjC9wAZPNfNfpixzunV4HejdqpPs8lqBCe8HadPEnnr85Piq4gqDp5wvythiepxrtgbwO9fUB4UsT3R1J88Q1WtbW0Dr4u/c9fgerSJSFEL3RqaWlpjYWGe3BeeAL0hSfgXPliNA8PlCDp0yzhE56BF/i8K7IhUCKSJ88qNPHNMNEtbWLDO5jNX9U0t8iJbOxEJcZW0lhNbPgAL2FCW/GO18jVKpjIJsVXWp7kUiU8KWIim5EfEZ7w8ZTO3zp4UihfauUJ7+Dh4UmoOcV7GXVnX/IkbYSXyRNFvqT0V5VWZfJEtXeVpHlSC0+qzE/GjieZlZEfY5yfjANPVPmiJM0TpIqXtO561fDVh+zivRxvnijHW1KEx/ClcJ4o8iWlv5XwRLE5mXiSa3y1tA6mXv3FL6c6Xi90amlpaY2R6MY1ON/693Ce/0PQ1VcRl+kQkm7iQUqaePiLnXUnZiL35W8XMtEpb0d9zERDZcIxhjcyClfO+lJPhBS6O21vMynFR+gC/ExaIV6KuHFR4Y2MunkyDjdSsu+oTxthZfJEkS/jwI8SeJLn+yNvbzMp88Q/sASeqHClSH7E+ispy5SoG1I2Ly8/Dld+Iji9TFXEE2l1JfCEKTNPImdUxJHDmp+kbF5enrADystPquCJIl8OKE/yfH/k7W2m7Dzh7Tp5klOaJzo/0dLSipVe6NTS0tI6CHr9i7Cf/SScF56QJkLsZbbQqDqRgeT1LBMbpqTf7IxKkIiKdqBGJjqFptrhMrJwV/BEhlfJE5vEtLuCiWzsxDaVv0lTnSInslknMgmqeSKbtj5VnuSZyKaKlxg7KhlPipjIKsbHAeOJrDrf9tyN/bgpNjMvT5J31GfgR+U8SYiXMeeJqndl8oQpEz/4M+riSaSeQIfsY54kxkcB3x9F8STZX9WIq5MnCRoHfow5T1T5kqwaeeJ32MHiiaw6366AH3x8sReSFoajysCPwngi7cEEm1NF45y13nHgCVN6ngjOGIf7JXE8SQ76dCqZJ4nxUQFPmJJ4UsnnSktrDKQXOrW0tLQOioZ7cJ75PdjP/B7o3cvcm9HE1v3NzJEt3gE5KklhiS4N1K8+cc490Sgg0eR7R2arNUjqajHKVb+qxyknzpnih3dI4q5XDV99yM5Qu3IZ427RczZxBwgaVll9+2DiLGm+0B2VsgCeqPJFuYFlqhSeZP/+KJ4nnC2pnudJmu4piyelDH+l8SXhRy084UuMBiQDT3i7TJ4EenN/8kRZqh6rjG9ZPOHcFfFDwJPSojwFT0pRrfFVJ08wGoA08SI5OhU/cvJElS9qDZS6Woxy1a/Aj9TfG0XzhLMlzaiVJwm9mUu1xpeEH7XwhI8vpmw84e0yeQIAMFugE7NwuovA5BHQzizQngJtTQGNFmA2R9ykNog1BJwByHAPxNoD6e+CDLZB+lsg9jBmzHIqV3wlfQJScqSC/ERLJur2PXVAbRtwLMAaAvYQdNgHhv26G6gVI73QqaWlpXXA5Fz6K9CvfwL2q59RS4OI+sQGBCBxeVdKkTR5V6kTnYyJaCkTG+YvqwejAQjZ4u7h7SInsqrdn2miW+tENql+biavEi9FTGRz7agWuye1C5jIpoqPwBu17DgttT6Bx8IbJXXyJFzKFu54u0yexPRe+uEZa57w9VfEk1T8SMkTBXxpnmSVjCdZvi8y8iORJ2G7jo0AqeJFpduDGmuesPFmOjg8iate80RVSZ8AvkPL5IkkXnR+Un987WOeJB4tGt+aeDI2412YZDxxS6e7CDqzBDp7EnTmmLu4GTovfUmGuzB6mzB66yB7azD21hDPE7V4KZQfKeNL1ptKqju+Dq0o6KAHDPZA+7t64XPMpBc6tbS0tA6iVl+B9dX/C/Yz/w7SJzG5TGz0hKXaxJZIU0VFeYcTxFRToGQTH34iXeREJykRZgcUv6NeNvFgDUoz0cxbekpYqC1cORP/3BOhEibWTErdl8pfWQ0pysIXarPxpK6J3jjzJL/7Mp5kGe+M/PA7lu+AgJ0mXtKqJJ4oX74AnjAVzxPVGvY5T0qUbGGnSp5E+CHhSXopxIfOTwrhSZ7vj7y9ySRsfip/9wNPUirjOOetrk6ejF1+Uik/DgZPlC9fAE+YquNJjlLnJ7E8cdrToEfOwFk4D3rkjPukZq4GIGY4KIztFRg77v/JYDvlxRUisDKe8PHFXq6YJ1qZRK0B0NsG7W27T35q1Sq90KmlpaV1UGX1YH/5X8H+u38JWD0AyRMXg6RIx6h3fFy+D3Fextv8b3YqKdQgbuZcauLJl4EOKfLGSKy/krKAy0vtAiayqSa6gTfy76hXnUoXMZFNKv0ejbcrnsgqhb+8tfnHX6W7PSWNZnrxAS3jCW+XwRM+vpjGmyeq0R073orNysuT/P7uB55w2ic8KaxU6O7YeCnUfxlPCiwPaX4yDjwpLz8p4vujKJ5w9j7hieLphfCEqXie8AFdJ0/4+GIab56oRnea74tc/ODtQv1VqjFc6vxEiSeFlRniiylT98Q2qDieOFOLcI7eB7p4L+jUPNehojLQIQXwhAx3YG7fgbF9G8buXUX/kTveEr9vSuBJbHwE3sifn2hlEe3vgO5uAv3duptyaKUXOrW0tLQOuOyv/RvYX/5XoFs33UQsmNhKJjKEqKdYyb/d6Slhh1ralFZ54spXN04T2TKVKrFXmAinLTNPmHkHZHY6/w/2jTDFhmaWQoTv8x2vhfAkp1eB3lTjx77jCW8XxJMKnshh1STxpLAyB08KUaXxxX+AquQJ87canuQZ71L4sq95UsT3R9r44h2Q2en8PZT5SWEStLg2nvDxBW4AsvmvGn2x453Tq0DvRu1Un+cSVAhPeLtOnqTzV+cnRVcQVJ08Yf5Ww5NU4x1435lcgHP8IpzjbwLa3XSNiWtgVp7YA5hbN2Fs3oCxt15y/QXwIzNP+Aar2lpViQ72gJ1190/balUqvdCppaWldQhkP/tJ2F/6Z8DGNVAABhTSaxJNdNkLfN7FnuzMKxKXhxU6kc4w0S1tYsM7mM1f1TS3yImsrDlJtpIqnchK6uMntr5KmNBWtONVdnYVO06T4ivClzJVCU+KmMhm5EfijZJ0/tbBk0L5UitPeAcPD09CzSney6g7+5InaSO8TJ4o8iWlv6q0KpMnqr2rJM2TWnhSZX4ydjzJrIz8GOP8ZBx4osoXJWmeIFW8pHXXq4avPmQX7+V480Q53uQRTpuTcI5dhLP0FtCpI9z7WXnC15OBL55JBjswN2/A3LgOYu3Vy5OE85J7O0a5xlerCtH+DujWXcAa1N2UQyO90KmlpaV1SOR88w8w/MI/BTauAhA8iSlJREeLj8kTj1TTEElCRoBqEjOR+8nNyzXRKW9HvcIEYZ/dyChcOetLPRFS6O60vc2kFB+hC/Az6SwTyoRSOb5UezSlap7ojcONlOw76tNGWJk8UeTLOPCjBJ7k+f7I29tMyjzxDyyBJypcKZIfsf5KyjIl6oaUzcvLj8OVnwhOL1MV8URaXQk8YcrMk8gZFXHksOYnKZuXlyfsgPLykyp4osiXA8qTPN8feXubKTtPeLtOnuTUGPCEzp2Gc/q74Czek6o+y3GwNrCxTk1skjZ2jAnsmR0MzDaGpAVKCAwYMB0LbaeHCauHKXsHM+hjlliYbxloECOVv8buCsz112Fs3Ra8WydP/B6Nt6vmiVZpott3QbfX6m7GoZBe6NTS0tI6RLKf/SScz/8a6M6yny+xVCoxHSNqE5vgRFZ1ohKxI/MBwRmiHaiRiU6hU/dwGVm4K3giw6vkiU1i2l3BRDY2XlL5qxpxRUxks05kElTzRDZtfTJvlcsC4ospyY5KxpMiJrKK8XHAeCKrzrcD3xfSj5tiM/PyJHlHfQZ+VM6ThHgZc56oelcmT5gy8YM/oy6eROoJdMg+5klifBTw/VEUT5L9VY24OnmSoHHgx5jzRJUvyaqRJ36HHSyeyKrz7Qr4wccXeyFpYTiqDPwojCfSHkywOVU0zlnrHQeeMKXnieCMHPdLaKMD58QDsE89AnSmlM7bGVi4YZm4acxipb0IEAju8wCAAVAKQhqgrM101H63qQSLvds4Ya/hZNPGVLMR6717DYA4A5hrV2GuXwWxhoXGWWJ8VMATpiSeVPK50ooVHfZAN1eAYb/uphxo6YVOLS0trUMm+6v/BtbnfxXob4cSXSLcARktCUlOuUiqiRS4zMxrAZcE555oFJBo8r0js9UaxJ9QsHLVr+pxyolzphSed0jirlcNX33IzlB7nolrZKJRpmqNr3wT50yliB8pbsSl5gdfFsATVb4oN7BMlcKTLONdFk84W1I9z5M03VMWT0oZ/krjS8KPWnjClxgNSAae8HaZPAn05v7kibJUPVYZ37J4wrkr4oeAJ6VFeQqelKJa46tOnmA0AGniRXJ0Kn7k5IkqX9QaKHW1GOWqX4Efqb83iuYJZ0uaUStPEnozl2qNLwk/auEJH19M2XjC20k8cTpzcM48AmfpLUo9d23PxlVjHrfbJwDCBskBEa9y+iLEDFoIDTAloXg71ruJc85dnO4YSm0yNq+jcfcKSH9TflCu+Er6BKTkSAX5iVY9opt3QHdj4lArl/RCp5aWltYhlP23/xTWF35dmhbJJjbsBcOQ5F0BFZFSEVGeVspEJ2MiWsrEhvnL6sFoAEJ22IPEiUvaUpRvJ5yX1JuxqnUim1Q/N5PPc2Mkyw2TTDuqxe5J7QzjnbYM9VbgjVp2nJZan8Bj4Y2SOnkSLmULd7xdJk9iei/98Iw1T/j6K+JJKn6k5IkCvjRPskrGkyzfFxn5kciTsF3HRoBU8aLS7UGNNU/YeDMdHJ7EVa95oqqkTwDfoWXyRBIvOj+pP772MU8SjxaNb008GZvxTiln+jicc38PzsI57p2ox1d3HbzcXMJ2cyZ6IQIQEPgLn5R6YecOhPue4R3q/siSQYDREoQBUMBhA0wBSh10h5u4OLyBcxPBgQU3AN4VdlfQuPsajJ1Vaffk5kfK+JL1ppLqji+tzKI766Bbq3U340BKL3RqaWlpHULRwQ6sv/oVOM/+O2FGRhQmtqMnO/2rcjZv8Y2IvbyfmCVs/FOWbOLDT6SLnOgkJcLsgOJ31AtS53G8kVGmcib+suiucuKTayKUyl9ZDSnKwhdqozxJ7W+FE71x5kl+92U8yTLeGfnhdyzfAQE7TbykVUk8Ub58ATxhKp4nqjXsc56UKNnCTpU8ifBDwpP0UogPnZ8UwpM83x95e5NJ2PxU/u4HnqRUxnHOW12dPBm7/KRSfhwMnihfvgCeMFXHkxzlIctP7JmTcO59O+jMidj+vtWz8WJjCRvteYiWDNi9JdtxYJojfymlMAwDztBCs9kEhQHqOAAAwzABUP96lLrnUf/mEIXjUO9eEcFsfxUP2jdwoh18KjQq0t9AY+USjO1liOMjYFfGEz6+2MsV80SrUtHeFuj6ct3NOHDSC51aWlpah1T07iXYT/0irFc/4+6WQzTdMhCTjtHRk51xN14BYdqYPJEJvi/K/0MN4mbOpSaefBnokCJvjMT6KykLuLzULmAim2qiG3gj/4561QgsYiKbVPo9Gm9XPJFVCn95a/OPv0p3e0rLj2TxAS3jCW+XwRM+vpjGmyeq0R073orNysuT/P7uB55w2ic8KaxU6O7YeCnUfxlPCiwPaX4yDjwpLz8p4vujKJ5w9j7hieLphfCEqXie8AFdJ0/4+GIab56oRnea74tc/ODtQv1VqjFc6vxEiSeFlRniiylT98Q2KJ4nzuwZ2BfeDjp9THqhoW3jhcEkrk6eh7cO6S5MeoewvqTMd8N7VpMAxHuXEALiuJc1YMBxbACAQQxQSuFQBxSAaZiuTYJ/qpYGXHD/49zuFby1uYOmaUr9N3qbaNx9Fcbm7bQ9Kuxe3s4z3rn4Engjf36iVYVofwd07VbdzThQ0gudWlpaWodY9qtPwXryF0DXrrhJpyCFkr0eLAmJe9/7N+cONX6xU3niylc3ThPZMpVq4qwwEU5bZp4w8w7I7HT+H+wbYYoNzSyFCN/nO14L4UlOrwK9qcaPfccT3i6IJxU8kcOqSeJJYWUOnhSiSuOL/wBVyRPmbzU8yTPepfBlX/OkiO+PtPHFOyCz0/l7KPOTwiRocW084eML3ABk8181+mLHO6dXgd6N2qk+zyWoEJ7wdp08Seevzk+KriCoOnnC/K2GJ3xpzyzBue8x0O5RaX/f6dt4rnUee40uKDBa6Bz1XqAiAsP0FiptbyHTNGEQgjsrK1hbWcVwOETTNNCd7uLo4iI6nQlQG7CpDdNsYDgcwjQN2P5CJ4W4RopJawff1b+MY23573eS/hYaK9+BsX0nuUNS8aSI74+k+OIbrGprjaP0Ymex0gudWlpaWodc1ld+C/Zf/cooDSLRdMpAOM/i8y5+EVKk3CkWhfuzDYVMpDNMdEub2AQcDE1sFE6Xn608kckzkZU1J8lWUqUTWUl9/MTWVwkTWmlHYzQgBU5cIldTGN9Cy5iPU6S7y1DKz1e8Mkx0C+MJ75DEFt0YSeFvHTwplC+18oR38PDwJNSc4r2MurMveZI2wsvkiSJfUvqrSqsyeaLau0rSPKmFJ1XmJ2PHk8zKyI8xzk/GgSeqfFGS5glSxUtad71q+OpDdvFejjdPEuLNmVqEfd9joHOnuANGJ1zeA56fenBUTfAjHTiUsPMoAfsztZZtYWdnB9euXcMzzzyD5eVlDPoDELh/LWzpxAmcPnUK3e40Tpw4iWNHF9GZ6IBS4tZDAvWASO5DuQ6+detF3DtBpf6Svbto3nkZxt5aqLvSdF8iTxS7PxNPMoyv1nhK/xnb4qQXOrW0tLQOu4Z7GP6//yPsb/6hn5ERQzzxIMLUb6SkBc/Q2xkTM5VFVSWJ5l0pm1f0RNr3EWkTXdkZCRPLMb6RUbhy1qfqbZrxTtvbTErxEboAP5NWiJciblxUeCOj7oneONxIyb6jPm2ElckTRb6MAz9K4Eme74+8vc2kzBP/wBJ4osKVIvkR66+kLFOibkjZvLz8OFz5ieD0MlURT6TVlcATpsw8iZxREUcOa36Ssnl5ecIOKC8/qYIninw5oDzJ8/2Rt7eZsvOEt+vkSU6VzBPamoJ932Nwjl6Q1v/tfgOvTF0ACd2UMULHgADufSMCOO5f/6I2xc2bt/Dcc8/hjTdex8rdVdiOg06ng+3tbbRaLRxdXMD5s6fRajRw7fo1bG6u4dTJJXzXww/jzD3nAaMB02jCoQ6IYcKhFAZxSzb23F+2xX3br+DN7aHAGbfDjO3baCy/BDLcQ/bxLogfdfNEq1bRnXXQrdW6m7HvpRc6tbS0tLRAX/8iBp/+H4C1K6E8SvTbnWC2JN8D5BMbdq7SxCWk8BEkUoHELuOGSSTxDXRIkRMZXmVPbJCQdlcwkY2d2KbyNynCipzIZp3IJKjk8c5Uv8LhcafHlgXEF1Mmvgh5UsREVjE+DhhPZNX5Nvu+iPu4KTYzL0+Sd9Rn4EflPEmIlzHniap3ZfKEKRM/+DPq4kmknkCH7GOeJMZHAd8fRfEk2V/ViKuTJwkaB36MOU9U+ZKsGnnid9jB4omsOt+ugB98fLEXkhaGo8rAj8J4Iu3BBJtTReOctd5x4AlTep4Izoi7X0IM2Pe8HfaZR6QefKvXwpXpe13fA8FJ0XBrCB5OKRqmCcuysLa6hmeffgZf/9rXYdsUU9NdWLYNEILBcAAbNjqtFiYnOji+OA/TJLhz+xYcZ4jTS8dhGgSnzp3Hvfc/gHZnAu1WBzYFKCEAMUAduPeHiOO1yEFQ9+xcxkOtgXS8G+tX0Lj9YmxvipQYHxXwhCmJJ5V8rrRyi27eAd3drLsZ+1p6oVNLS0tLCwBg/e0/g/W5X/OsUUZESDRDIgkpl/A3OwMZHgllfOAyM7Ei75KUE40CEs1A1ckTjTQXLEO56lf1OOXEOVMKzzskcderhq8+ZGeoPc/EVf1GRQGqNb4SJs5llCJ+5OBJEeNd6EQ1tr8TLlCGSuFJlvEuiyecLame50ma7imLJ6UMf6XxJeFHLTzhS4wGJANPeLtMngR6c3/yRFmqHquMb1k84dwV8UPAk9KiPAVPSlGt8VUnTzAagDTxIjk6FT9y8kSVL2oNlLpajHLVr8CP1N8bRfOEsyXNqJUnCb2ZS7XGl4QftfCEjy+mbDzhbQrAOfFm2Bd/SNqc5wdtvDZ1wbs3xNdjuj3mvUUoQCkFpRQvvfgSPvuZv8bqnRUAQHdqBgNrCGIaGNoWbNuB0W5gptsFtYeg1gCTEy0QCkx2Ojh/6gT6gx42tvdgkwbmjx7BAw++GUsnTwNmA6CAYTThODaIQd3PA2jE23u2L+GtzYG0rxrL34Z592qO+Er6BKTkSAX5idZ4ylm9Bgz7dTdj30ovdGppaWlpAQDo1g0M/+S/g3P1i5F0yeDyrGD+JUsESUJOlTrlEuRxkd/szKyMiWgpExvmL6uHvc3b4u7h7SInsqrzzEwT3Vonskn1czP5PDdGstwwybSjWuye1M4w3mnLUG8JeFL7eBcmgcfCGyV18iRcyhbueLtMnsT0XvrhGWue8PVXxJNU/EjJEwV8aZ5klYwnWb4vMvIjkSdhu46NAKniRaXbgxprnrDxZjo4PImrXvNEVUmfAL5Dy+SJJF50flJJX7TDAAAgAElEQVR/fO1jniQeLRrfmngyNuMtkDO1CPvB94BOzQvff7ln4qXumxD+c7WB80FheD1vUACUwhoO8fIr38Ff/PlfYHdnF1OTU2g1m9jp7WFzewuTE5OwbAtD24ZDDUxMTGE4GIJQG92JFqYmJnHu7Bk4wz62NzcwhAMLFNvbu+gNBnjnY+/CI488ilanA0oBwzDhLle4T4pS6oAQI/ClArxp6zu42LKFPhiDbZi3noe5t5aPHynji2lf8kSrFNFhD3T1et3N2LdKu9BpfuxjH/tYSW3R0tLS0qpRpD0Nag9hv/wXkYkHpeInO4Hgr3byUws/pxSL5Zx5EjOaUEf40OQbKQnNKXoiHbmRUpgEqfM43sgoUzkTf9nEucqJT66JUCp/ZTWkKAtfqI3yJLW/FU70xpkn+d2X8STLeGfkh9+xfAcE7DTxklYl8UT58gXwhKl4nqjWsM95UqJkCztV8iTCDwlP0kshPnR+UghP8nx/5O1NJmHzU/m7H3iSUhnHOW91dfJk7PKTSvlxMHiifPkCeMJUHU9ylAcxPyEE9j3fDzp/VljftT7F890H/UVOQkjk/yCAQQgIdUvHsvDcc8/hs5/9LKzhEPNHFjAxMYH19XVsbW1jemYGk5OTaJgmYBgwG000G03YtoN+bwBraME0GpicmMT0VBe93h529/YAmCAGwaDfx/KdO9jZ2cXS0hIazRZA3CHwmgNiGB53TBDvf6vto5jcu4UZE5EOpGbb9WP7NuuYCnnCxxd7uWKeaI2FiOn+KWgMevU2ZJ/q7g/8bKrj9ROdWlpaWgdZwz0M/vjDcF59EoAkTSfRiY0hyQNDxweqCdoEGfO24MTZf+SUr6GMxJMvMeqQIm+MxPhbxg2TxGlYARPZVBPd4PjK5hXKUp1KFzGRTSr9Ho23y5jIxkkl/OWtzT/+Kt3tKWk004sPaBlPeLsMnvDxxTTePFGN7tjxVmxWXp7k93c/8ITTPuFJYaVCd8fGS6H+y3hSYHlI85Nx4El5+UkR3x9F8YSz9wlPFE8vhCdMxfOED+g6ecLHF9N480Q1utN8X+TiB28X6q9SjeFS5ydKPCmszBBfTJm6J7ZBbgPsYxdhP/ge4YGbAwufn3wYgOFumBC2CgBsGIYBAwSObeE7L72EP/2TP4HjUJw7dxaGaeKVl17FYDDEkYUjOLI4j9mZGfR6fVy7cR2zs0dwa3kFO9s9DIcDNImJmekpnDtzEtOTExgMdrF6dw07e3swDGC334NpNmE2W7j4wAP4of/872NyctK9KQXXN9MwYNluu8LcsvHY9nOYbjaEHdq89S2YG9dSda+0u0vgSWx8BN7In59o1S1n5Q3Akv+5ZS2x9BOdWlpaWlojmU3AsWC/9GeInQFwr7u/2hkz0QllemGbZEy8goll3LRKaQJb10S2TKWaOCtMhIu8UZJpYpwwUU7w/2DfCFNsaGYpRPg+3/GqGn1lTlwDvanGj33HE94uiCcVPJHDqkniSWFlDp4Uokrji/8AVckT5m81PMkz3qXwZV/zpIjvj7TxxTsgs9P5eyjzk8IkaHFtPOHjC9wAZPNfNfpixzunV4HejdqpPs8lqBCe8HadPEnnr85Piq4gqDp5wvwtlydOswN679tBOzPC479Oj2GvMQ3Ae3IT4v8T90c5QR0Hm+tr+Mazz+LO8jIIAe6/7wJeeP4F7PWGmJtbQHd6EobZwF6vh52dHWxtb2PQt7C1vQ3Ldryed39rc319DbZjYW5uFkNriFaziUazgYlOB8dPLGHx6FHs7fWws72D2ZlZTE5OghAThmHAcSiM0O8vjYZ10wbOYEfcSWYDZPsOQK2MPCni+yMpvmQjmpMvWuMlswH0tutuxb5T2ic6GyW1Q0tLS0trTGS++SfReP4JWK99FgBAQWAAoJR4+RVLlka2m4exP2MbeN+Tm6uR8MuezS6bmINx+R3/l3QJl+jzrfCr9yoj3gkR2/uXLdz6pb8wGygFx0FmE67hJCERTXnjIHI1rl+Dwxcq/csRbiIbGFdZGTpv1OPu9UcdztuSEeIc4huYMknnLkuI+G3flgwP8Sa2hCbEB1ErpfEhvWPADkuIl6Ru5buXv5qoesTEB28HxjlUQlIK4onnSawjEp7I/I2oLJ54/0biQ5EnqfnhNyiJJ4IbIzE8iXRXYTyBMk9CZQxPQrYyT+L95cVfXsYTfjhC/KiQJ/I7kOywjDyRSMYT/sarNPz8cczOkwg/lHjCzGp4Im5FTD6iypes+Un8F5/AQbG/ByY/kQZ+Ek8SAiThsunyk+p5Ulp+IlHu/KQ2nnADWiRPAorEB1+GmpGRH2Ocn5THEyjzJFQWzhPES8aPBJ7wwzFW+UlcfOTliSgf4W1AHn4HPD+hxy7CmTslPPWVnom708c9TwwQYnrvONGDCQEBwbC/h9deuwSAwrFtvPnBB7F2dxW2baHb7WJ9fRODwRADawhKKRzqYHdvDxSb7meHGKDEAQwCYjhotZqwqY2dvW3Mzk5jZ2sHMFpoNBro7e5ie3sXq6ursPpD7Gzv4B3v/AEcObKAoW2BUgrTMN3RCH0wKNYmT+DVjTXcJ/i9TmdiAXT2JIy7V4rJTxATH4GBTMcT5grfIIGttW9F2lNAexK0v1t3Uw609EKnlpaW1kFXYwLGxX8IXPprP/lyAHei4iVL7hyIpWjMjk5NYhVItKkg8RZO9Ki4pE50YpdYeag+yu2Apd7bXEm5UnacqKQAIbJy1KcIuu/5R2jYjvYN8dsctsMzOUoSSu48d/IVU7Lx9/+NsbMstEj9zaAc8QV/vEcHsnHlbbXxZvGWEF9+GezTYPN5W+avH2CeJPEiHF/FUjm+Rm2nHE/CfEmpuLhKPd7pKw/fOBmNc5gvBfIkVAJqPAmAOlTyHSS2Q/FSGk/4UsaTUTMjzZcPU7hMo1zxxfe7nCfZvj+y8SQUP4EGKvPEPzCeJ8jCExWu8PHB84N1+9jzhD+AcvXp/KT8/ATJ48trH/CEt8vkSZQfKXniSxAf0vEtLz/h5zu15yeZJclP+PiQjm9ennh95gVKUflJPTxJn58cJJ5k+/5Q5Ako1+yc+YkvNo7s2ALyk9w8GTlRd35CGxNwjj8grGZnaOOl6Tf7rCCGu2htOAA13MocGKAATNiAY2NjYwOfefJJzM3M4PobV9BsmhgOB1hbW8PszBzurKzDcYDd3R1s7OyAEgLqUHSnp9ButNGz+qAmQGHDpBQwAQc2Ot0JUMPEtRu3YA+G6PeGcKgFwzBhA9je2cPtlTV0p7vY2dvDj/7Yj2JycgoOpSCmAeq4N4qIPxwEoMBLsw/ixNY30G2wBdxRR1rTJ0A2b4IMe/l5koYfWXgiGd9MPNEaP03NAXqhs1TphU4tLS2tQyDj/h+B8fS/Bb3zYiCv8p7sZHZghxi/MdP/zc7Q8QhtQhQ8GOqmdYHXRxJMdEMVeP8RmejEzAS4nceyHajJT2Sxy7D3w833S6JWBj0O2YkTm8gZ4TKhYrYjdZRcc7b0yQmM7FCzknbYS8qAW0FPhMMpleAKoUdqSHKHBgM6sLM9ZMfFix9XrJt5OzQ60VIcpuHw5TwWvsAHoPQM7gTRAMW02I8fLp6iO54l8RGJJ0EJ6WgJeSK0hRLwRNSAmBbwTzTI7ChPvBak5QlfpuSJsAOVeJJQYaQB8Txh9cp3QMt4kswPVZ5E7otFFMMP2Qc0I0+k3zeJPEmIF0lzQyXXR8IXIgEnOyMdTyLxgbw8ieGIhCfBlsfxJOqu4Ao5eZI5P+HiS+cnGNmhZpXHk8gBEcl4wtv5eVJpfsL1SZwtDUDZAYmJYwJPxjg/EXcQ1xdl5SeJ8x2vBQXxhP+4I/zySJnzEzWeqOYnyU9kFcQTUT7C21LF8KP0/IR1Z4n5SeA4QGyr84Sza+NJDEckPAm2vMj8xDl2H+j0MURrJHiZznimAULcpWcDFAahcOCAwgQ1DNgOhelYcKwevvDZv8Ibl1/Die95BIOdbSzMzcIkFHMzs7h69Qb2dvfgUMCigE0IzHYHsB3s7O6hTyzsOgOQFkG7RTDVbKM7NYXd3V28fu0WHAsgNgVxANgWDNhwHAs2MTB0KGzSxG7PwjeeewFvecvDeOCBiyCmAdtx/N/tJHDj2SHE74tXyRF8N7Yi8UE7R0C7x2Gsv+69LOZIpvwkLj4y8CQ02jE8iZygtS9EWhOg7Um92Fmi9EKnlpaW1iEQmT0N48K7YS2/CGC0A83xJjj8jjVwtnAHm7fjjWC0A87NwLwk3X9fJMkOU5asUeo/Feq+rrjjFILjYkqWHfq2N/vkd7T7/xk7s009LKNzZCV/bMr6Ry+xceNs7wWlHc8qOx4TytGkwfuXzeZEbffCiQWG0Pavqjju/I5j6Q5kcXzJdrArK+9455VyfWycOTvleKfaUe/H1YgfPE/C8SNuPrMCw5V5vHM9kQnW5oPDk5FkPPFOrJkno89m4Nsn5J+MJ6MOq5Mno+5PCIKx5YmEHxXzBFx8yXgickzGE9eshid+PNB9mp8oXj5TfiLih85PhDxRVtz4io6tOL7q5kkkP+HjRcoT/l2F/ETED52fKNYfn5/EPpFVJE9inyDm4iXknzw/qYYnYX7w+Uju/CTir6TMqsT4GtP8RJkncfkJAV24N9oBFFgbDnFt6jwAAoOYcP+cLAVA3dyXeBkwITAJ0CAUN27fxtXLlzAzNQFr0MP05ASsvV0s7/XQ6c6hbznoWYBDCIx2CwAwsB2YILBtCsvoA9RAgzbRtIFhfxO7wz46E1Nu/QZgGgaG/QFMGzBAYBpNUGICzRbWdykcStDf7WN5eQUPvOkBmIYJx7HcHiAEBMT9TxbRBLjWvQfnNp/FkaYR6T17+pi70EnjgyzCD972XlCe36TkCXhbwpNcnxWtWkUmZ/Sfry1ReqFTS0tL65DIuPDDwJd/00sMveSMuKVBRjZoZG9nxHYLlpSHd0KODpNP+gGIn2gL2uHaoiWRlN6//p9mCdnRJyXYhCPpN2vUHqERzdg8BW60gojscP/w0xyVDfCx80blJyJGJetR9/qjjg7ZshFKbGBCfIjDLWJLWxE7TGy8Y+KFf3IvYQd9pOTiS1jGxYtfH+eYp0h88LaoWnlrBcNFxLYsPgIXYPEVuXDciMn4kYcn8try88Tr0FA88WWlPAmXbLz9w8HZpfFEEh8xPAmVhfGEiM0EnkgOV36CsiieROIlLT/y8kQBX/E8kfCjcp4k8EUi1Sfui+VJtCw+P2FKl5/IeCL//kiID75Mm5/I8pHSeBLWgcxPKuBJbHokb+345iejDkGcUucnMn4QzyeSEB86P8mWn1TGEyI2x40nkvjInZ9E+BG2KQkdPdb5ibSMGzFpfIE7XiwZT5wjZ+AcOSM4AXgNsyCEAMRwOejVS+Eu4hkAYBiwKEXTIGgA2FpbxemlY9jZ2kJ3agJnz57FjZvLeOPmMmZbs1jdtbDrmGi1J9B3LHcB0rEB6vZUyxrCoA2YQwsNMkQTA8xPtrA400SnM4GhPUSj1YRhdDE/OQUTDmZmupjqzuD167fxzItXsb69A5MSbG6swnYGoHYDMEYLmDTgIwEbA4or5jyOYCPSFc7kUTjdYzC3l2P4wcfT/spPtPaHSHsKtNEErGHdTTmQ0gudWlpaWodE5j3vgnH+MdiXPw//joO3E82h3sQluEOMuzHGTzQiSrifMspGuXMkpTc/S6zOt0M3UhR31MftcE0qKSDfUc92+3FO+1sAJbake5gno+5xO3b0ABWzudI/zytVdjQjZkeh1+M02OHB8ZY5ICvTSDojUavfD2mv7eHTZXb8eGf/DSw2luxmQ9iOOiD2V340G2fmrtp4p92RGomP2B2niQSJOpNjvPNKiSd+XFXLE9/9CE/CZWJ8+K+rjXdansTyg9n+YTxPBPEytjzho7sansj4MWp+Vp5I+HHQeKJyTrBMIdnCTjxPEsqUPInwI+mJv4T8JJYfQp7AG7Zq85PQAKT5vhgbnhSUnyTFSUJ8xfIkEE8yf2U8wVjyJKXSjHPwnIz1+dEd5Mdhz0+S4iRPfiLKRw4AT9gBVfBkFA/ZeEI5f2U8SfcbrMXzBEKehHs8UWk4EjwnWAKgC+eFh+4MLdyYOgsDDijYnyAmIAYBYIA67p+NdWUAcEDtIWan2jgyPQkDNja2NnH7zl0MHAMDp4Hl1U1YNkBtCjg2TKuHJiw0YaMJGy3TRIfYmGq3MTfVxZmTJ3D2zBLOnD2K7kwHjmNjenYakzNTMFsNzE504Qz7aDUaMJttXL+9gt4f/gm+8e2XMexTvPTSC3jnu96JufkjsD23TfaRJIC//E7cGLjRPY/7t55B1zS5DiVwJuZhbC/H8yTNE7pJfKmbJ1pjK9Lpgm6v1d2MAym90KmlpaV1iGSeewfsK19wDX7Hov9kJ7sRRmAYQXt0nUheFszpifd+wA6VMoUSfa5CwUwvssNUsqM98iQnKz3H1H8Di7OJuARvK/krKUPiLijbYe6V2X9jIqlk48vvgJU3n+X17A3pht84hfqXjbPAHtUYKoVPyAh2uEvjRbLjedTtCfESDk/pE0Jq/iucINoBGijZeEvjI7ATNbaUxYdoB2zIDrsWGT2Zv0r+s4pYg2Q84e0yeMLHF6sxH08i7hfGE44fCTwJfn+o8QRh2w9L2Y76ZJ6o+Stxv2CeoDSecCXnb/E84V7IyJPgDveyeRIbL2n5ySttfiJ7wq7i/CTCDwlP4v0VlfwFZDzh7aJ5sp/yE3mHlpaf+M0qOD+RginpBE9jl59Ey2DLU+cnseKBpcAThAdI5ycJ8RHHkVieyPgR5UmwpYcmP/FrLDg/KYwn4rKW/CQyKgXmJ4IL0mbbe5ozWsPrdssLHbddbI2NwgABBSEmCBxQAIZhgFAb1LZgwoFjDbG8vIwjjgmbNLG+uYKN9TUY7QGsvoUJ00HT2kPT6aNj2liYaeP4wjzOLi1h4fgxLB1bxOLcDI4uHsXUzCwmJqbQaDbQbrfRmmjCaJlA03B/ctMeAraDgUWBziR+4kffi7vrm3j+8g2s313Hyso6Zubm0Wg1YDmO777rGhl1jdcF1+kk3oR+pEPp1AJwtwliD9nJoY6X8iSOK8L44ONIzpPY+Mibn2iNrzpdQC90liK90KmlpaV1iETOfD/8nWuBLcFsBxp7spPtWHMc4u+OGx3nKbAjjRIADnV3BzI7kHgFk1GZKAKTIbYjlDURijtO8+5o90vWfPffkTsBu4hEkyaUkQ5KKH2x8eLt8AmpdijG7XiVnDeaJHj/5tlRH/J3tIOdvRmOsbTjnS2+YuND5Fjc+Mb6KylVriEsZfERsLPsoOfLhB2x4OIrxBOVHa8xjot4IoqX2PFO4kdCfLGbl9Ed7owfNN/4Rt2OL/ljE+IrNj4CdqYnshR20KvyRMlf3n323ZLAk2zfH8XyRO6Eur9VxFeUH/CGqRqe0GB8FMoTP0w8QyE+FMa7lPxkjHkyUnx+UhhPEuIpV34S66+MJzRi18GT0vKTtJLGlywfYfUdlvwkYbyT+JEQX4cmP8nyRJZyPlJQfsL5p/MThXOS6uNKGU9Ky0+Ex2H02cvLk4B/FACdWQKdPCI4meLaxCmAEBBiAtRwqyAUgOHGF2w4aMIkLVDYaDYo7F0HfauP+YU5rK9vYHFhHkPHxMuvvIpevw/TophoN3FiYRanjsxgyhzg3NEZnJybxMJMF4sLC5g/toju/BTMbhOkOYFmcwrNdhcw2mg02qAwQQ0T1AGGZg8mDFBqA8RBq0Vx4S0P4LG3fzdeubWG9T7F1vodEOM+OI4F03D/BK9BiddpDgghICCglIKC4trkabxp8Gqk65z2NJyJORhby2OWnwQ/WznyE619I9JogTbbwLBfd1MOnPRCp5aWltYhknn2+0COvxVYfgGUjvZksh1p8Er/Nzvhlu5iIwlfTLpjH+FSJm5io7oDNFKd1zb/N2t42/tXaYez4DjIbOEW+KDTnK0wcRd1j28TzyZhW74jULbjVH2HM+tx9/qjDudtyQhxDvENTAoQTtxlk3aQy4bHLdl4x8SH9Ikrbvxl8eFPXPmSHZYQL0ndyncvfzVR9YiJD95W3tEs3+HKxtm34xwZV554/0p3vifwJDU//AYl8URwYySGJ5HuKownUOZJqIzhSchW5km8v7xUn0jhhyPEjwp5Iv5AF8ATiWQ8CTUHkIefdAe7Ok8i/FDiCTOr4Ym4FTH5iCpfsuYn8V98AgfF/h6Y/EQa+Ek8SQiQhMumy0+q50lp+YlEufOT2njCDWiRPAkoEh98GWpGRn6McX5SHk+gzJNQWThPEC8ZPxJ4wg/HWOUncfGRlyeifIS3AXn4HcD8xJk7JTx0pW+h1+3CIEagKjau7v8NGKBwAOr+UVh7aIGAorezi6PzC9jZ3kOj2cT116/DJAQLM9OYmZ7GxQcv4nseuoj5iQ6cjZuYbTjoNix0GgSdDkWr0YNBTdAh0Gh1YTQIKAEoKCxqg1IHoBYICOxgOBCg1SRwbIKHH7yIhbmnsbm8jeU7KzAaJiilAIXbftYlXDhRAP3WNFZ3KBaao9/09Ltw4giwfSclTxT5ERjIdDwJOBMO2KitdWBE2pOgeqGzcOmFTi0tLa3DJLMN4+SjsG6/4E5U6GiPOTwbANvoO3qHIjTR4qcs/unsdcHMIrwjNXChuFJQt1iUq0++oz5Uxu1wTSopIN8By/pwNLkMmKMnMgT+InAGjdjhDs39m3pxT8QERlloZ1lokfqbQVnq80v5DnreVhtvyQ576Y7qYJ8Gm8/bMn/9APMkiZc0O075Ujm+Rm2nIX7IeaKkuLhKPd7pKxfuqPefcFAc7zQ8CZWAGk+oxF++g8R2KF5K44nijuXAuEaaLx+mcJlGueKL73c5T7J9f2TjSSh+Ag1U5ol/YDxPkIUnKlzh44PnB+v2secJfwDl6tP5Sfn5CZLHl9c+4Alvl8mTKD9S8sSXID6k41tefiJ7IqY2nmSWJD/h40M6vnl54vWZFyhF5Sf18CR9fnKQeJLt+0ORJ6Bcs3PmJ77YOLJjC8hPcvNk5ERdPKHd48JLL6MDQgx/UZPAHQtCAPbnXgEDhDgAAUxigFoO7OEAW2vrOHP2DBzbguPYaDVbOHFsAdOTU+hOdHDP0hFcOHMMLWrBdlpoWbvoNikm2yaabYJWk6JJDAyHJmA30Wi0YVEAJoEDBzalMCjQNE1Q2wSoA5MSwLZAHAst2sd8t4Vj83O4trqLq6+/Dtum7p/X9dpOPBASbyGXsvhl/pMpLGA30qFOZw5mHp6k4UcWnkS4yZVaB0etCQD6z9cWLb3QqaWlpXXIZJ58BPY3/h9QEBgI5kwkMIFFaALLSu8v04byMzA7YPB2qBydEbaDN1q5G69sIkIInxkGSm7nsWwHavITWewy7H2xG+Ed1vIy6HHITpzYRM4IlwkVZ/qNztB4czsakbTDXlIG3Ap6QkV+SyW4QuiRGpLcocFADuxsD9lx8eLHFetm3g6NTrQUh2k4fDmPhS/wASg9gztBNEAxLZb9RmN0x7MkPiLxJCghHa1Yngg/HrzvQp5wZUwLsv/GnteCtDzhy5Q8EXagEk8SKow0IJ4nrF75DmgZT5L5ocqTyH2xiGL4IfuAZuSJ9PsmkScJ8SJpbqjk+kj4QiTgZGek40kkPpCXJzEckfAk2PJy8hN1nmTOT7j40vkJRnaoWeXxJHJARDKe8HZ+nlSan3B9EmdLA1B2QGLimMCTMc5PxB3E9UVZ+UnifMdrQUE84T/uCL88Uub8RI0nqvlJ6t8Q55uryhNRPsLbUsXwo/T8hHVniflJ4DhAbKvzhLNr40kMRyQ8CbY8b35CGx3Q6UXufbdcbi64/02J558Bdyy9xU9QuIvXBkANOLaDjtnEysY2Jtpt9AcDzB45gs7ULG6vbuDo4gKWFhZhWH3Q3g52N+5icraLoWXBbDZBCTCgBLZjAFYLht0EIS0QuwEMW2g2GwABbGKDGO6dKMM00LC8SHTg/XKoBYohJhsEs1NtzM1MwaAUgLvQSfkVZt97Euqvlc5RwHo90qG0MwO0JkGGexGOZMpP4uIjA09Cox3Dk8gJWvtOpNXRQ1iC9EKnlpaW1iETOf5Wf/et401wZDut+Z2SDnUn1MEdkCSwAw7ETVLdFVR2vZFGr0h2mPp5a3hnufJvikBwXEzJskPf9hJnf0f79/4pGu9+TN6Zu1dBX/0tOH/6u+GJ6/u+isZ3vwn0G7OwP81e/CjMX/g1EHwBzm+8D86oemlpfOh1GOcB+tRZ2F9BNLFNSHRHLxG/j0M2Zd0dHmfhjkWVHY8J5Wj0vX/ZbE7Udi+hZ4EgtP2rKo47v+NYugNZHF+yHezKShjvyLFFT2SU62PjzNkpxzvVjno/rhh2WEcH7FD8iJvPLCE/Uo53ricywdoc4Emw5XGf46zjnTe+lOuX8UT8vVE1T0afzcD3T8g/GU9GHVYnT0bdnxAEY8sTCT8q5gm4+JLxROSYjCeuWQ1P/Higkvxk3HmiePlM+YmIHzo/EfJEWXHjKzq24viqmyeR/ISPFylP+HcV8hMRP3R+olh/fH4S+0RWkTyJfYKYi5eQf/L8pBqehPnB5yO585OIv5IyqxLja0zzE2WeRPMTp7sIarYijvdsG1udee9YAoCAENO1iXsMMai38G0AMNFsNuAMhhj2hzgyP4f1rW20Jzrozk7j5Kkl7PX6mGg0sH3nLrrtLva2d2AeOQKj04WFAZpTc6AA1nZ6aFIb0xhiasqBaQ1h9wZowr2PRBomYACO5WA4sNB2AMdbwCQGgeMAxLHQIA4aoOg0DCwemUVvdwfd6WkQQsB+i3PknzfCbMGSUmx15tHbuIyOGf7ztdRowGlOwhjsSno5EC9CnnjHqc5vUvIEvC3hSa7PitaYiAD6dzoLl17o1AP2CT0AACAASURBVNLS0jpkMo8/BGP2FJyN616+P/pNTje1Il5+FdnjGS6lO2tZDi9O0ln6Jnyijbe5Wv3JX3z1XqupwI4+KcEuKt4x72n1KdAbGwEvOsDiRZCjbwJ5+J/DPHIC9id/dXS+36bRDlj/cp3HQP7BeZC/vAJ241U0saPzvwFydhbAhtch/rDEl5CUyk9EjErWo+71Rx0dsmXxkdhA2STOryZ0OZktbQUXV+GSjXdMvPBP7iXsoI+UXHwJS+H5vAOcY574aXDEFlUrb61guIjYlsVH4AIsviIXjhuxyIBKbIlU+BFbpuWJ16GheOLLCE/4BiqUsvgILNxIwy/QP5H4KI0nkviI4UmoLIwnRGwm8ERyuPITlEXxJBIvafmRlycK+IrniYQflfMkgS8SqT5xXyxPomV8fpKFJ0xJPAnbMp7Ivz8S4oMv0+YnsnykNJ6EdSDzkwp4EpseyVs7vvnJqEMQp9T5iYwfxPOJJMSHzk+y5SeV8YSIzXHjiSQ+cucnEX6EbUpCR491fiIt40ZMGl/gjhcrwpOpBeFxm1ag1cQtR79r6T3NCcAgBDY14FAKxyEwKIHlOLCGQwxtCxvb20CzDaPZwN7aGq5fv44LSyfQbrVAqQGjNYXO3DHcvnYVb9y6gYbZBDUaMFoWFgZDTG5vY6qzje70AHPzcyB9C7RBYKMJG00MLYoeIWi1J2BRB80mhWPbaBkmhoSCEgftVhNmw0C70QQh3m+Ket1N/H9c0eDIUYJNx0DHjPYpbXdBdlcF/ODjaX/lJ1r7T6TZ1r/TWbD0QqeWlpbWYVNzApi/H9i4BraF0aHexIWSwITC/S/pDQtms/f5eY8DEIN7XXROXBmj+Bspijvq43a4Bq+/9QXY/+m3oonwwk/B+K9/D+TM4zB+4Fdhf5ECgQk8paNdf0GRB38D5C9/Co6/JTB6jPHeHwcJbUCkge5xM+7RA1TM5kqvxdIdp/z7XAmh7TVXdCNDNEhxZRpJZ6xq9Xth4dmUO11mxz9Bkf03sNhYspsNYTvqgNhf+dFsnJm7auOddkdqJD5id5zyn9gE5RzvvFLiiR9XqjyJKQXxNHpCh476NOg+zw+uTIwP/3W18U7Lk1h+MDsEVM7m42VsecJHdzU8kfFj1PysPJHw46DxROWcYJlCsoWdeJ4klCl5EuFH0hN/EZ6E7Vh+CHkCb9iqzU9CA5Dm+2JseFJQfpIUJwnxFcuTQDzJ/JXxBGPJk5RKM87BczLW50d3kB+HPT9JipM8+YkoHzkAPGEHVMGTUTxk4wnl/JXxJN1vsBbPEwh5Eu7xRKXhSPAcVvXErPCQTTRACIG74EZADO9pSkoAuIt37h+ydZ+upAZAiQlKGxjCwk6vB8uhoDawsb6B6zdv4/KrVzDdaqDRMmAYBhaOn8Lkwgl88/U38MWvPIvlW7cBGKDUwGBIceJoF8eOTOHCmdM4u3QMZ84sYKJDMNFswaEdbA8NXLtzBytb29ja6sFotzE3P42G3ccDZ0+iD2B5ZQWDAQElQMtswQCBAwOABcDbrM/dmGLRSQjFFmnhGAbem4HIb0z4n/c0T+g2//sn0bzQFY/LzhVYf/UxDL70CoLxVRhPfuoPMPm283C+9g70nhA3YaQlNN77UTTe9iiM6a472F4b7ef/I4Z/9MfuXxdT1WO/iYn3PQpc+jj2PvEpAEDrF76ExrErsH7hpzEAQC68C+ZcG3T9W7Av3Uxz9cMts1l3Cw6c9EKnlpaW1iGUOX8P7Mt/4/3m5miHouHfAANYEhza2QZxDk8wyvFBonaolCmU6IcagugMQLDDVLKjPfIkJys9x+J/AyvcAiDwfCsBcPeP4LzwEZjv/HsgZz8Cgt8N9wsJPNEZVPcxkPecB/nMVfEEZ+HXQM4f5+rnLiTbYe6V2X9jIqlk48vvgJXP01hez96QbviNUyiO2DgL7FGNoVL4hIxgh7s0XiQ7nkfdzo5nLeDscHhKnxBS81/hBNEO0EDJxlsaH4GdqLGlLD5EO2A5ngRdi4yezF8l/zlgSXnC22XwhI8vViNnE3EJ3pa5L/o8xX6+ZDzh+JHAk+D3hxpPELb9sJTtqE/miZq/EvcL5glK4wlXcv4WzxPuhYw8Ce5wL5snsfGSlp+80uYnsifsCs1PknkS4YeEJ/H+ikr+AjKe8HbRPNlP+Ym8Q0vLT/xmFZyfSMGUdIKnsctPomWw5anzk1jxwFLgCcIDpPOThPiI40gsT2T8iPIk2NJDk5/4NRacnxTGE3FZS34SGZUC8xPugrQ9zV8RALBjTPivuPcjiGt5/02CA+O13yYUNnGwO+xjbWsLy3dW0B9YmJtbwK1r1zHo7eDY6XvRbLewcGwBJ0+fxMrdO/j8330Vb9xcQdPswGx0sL29h5XbG7izsYeGuYzL11Zx8fQsvmfnLM6dXACZnsHmhoUrV5dx+fotvHDrBq7dXsHE9CzOnTqJM8cXMGkBkwuT2NsbgpAJTHW7aDQb3niwTnALw2BjC8Dx3nLcsdhtTAEYcn0EoDXhfaTCHS/lSSDmAYC+/hScldFwYP4hGGfPo/ETH4fR+Efoff6mMk9i44PLT4IuyHny/Wj9Tx9D42QXcLZBbzwN5/YqMH8RxsnzML/3H8O85yL6v/HrsEWnZ1Tj3b+M5oUu6KWPY+/Spwq8clG6iMZPfgSNC0tqh+/dhPPc72DwpZfLbVZDL3QWLb3QqaWlpXUYNXsGoIBDqbepzM2UgjvW3F2crs2e+KQYJZKjiRPgkLDt7+QPJmWcAilq4JrMkO1ATdhxmndHu19G80Ya+DeUeO713AO6D4FyO5iFT3Te/SbozMMgb/kNkKd+SvhbneQH3wfS6IFevw1yas4bE0QzYenEmfh9FrbDJ6TaARu341VyHgLxMgoMdk9nZCdO+tkx/mVHO9jZm4nxgrjxzhZfoXiA3A75kMlfSalyDWEpi4+AnWUHPV/G7IgNxSGbYYf4MbKV/Q04rsYTdvmM/EiIL/bhj+5wZ/yg+cY36nZ8yR+bEF+x8RGwMz2RpbCDXpUnSv7y7rPvpgSeZPv+KJYncifU/a0ivqL8gDdM1fAkmJ8UyxM/TDxDIT4Uxjt/fiKIlzHmyUjx+UlhPEmIp1z5Say/Mp7QiF0HT0rLT9JKGl+yfITVd1jyk4TxTuJHQnwdmvwkyxN/yvlIQfkJ55/OTxTOSaqPK2U8KS0/ER6H0WcvL08C/tF2V/AGsGtOwCDuk5eGYYDAW+BkT3R6x/sRZXjvN0z0Bn0sr6xibX0T/aEN6hiYbLcxe+okfuAdb0d3oo03XbwPNhz83d9+AdevvIbp6VksLJ7A7Nwibt66jfXtHQwJgWN28MadHnbW19FqAAsL85idaeLOnTu49OobuL28CtvqY2npFM6cPo/zx07g1OIRdDsdrK6twbIpYBo4euwoAArbtt1hNNzuIiChey3uZ4cABCAGwV5jErDWIl3omG3X91B/q+QnXk8vfwz9J8KBS971W+j86KMw3v5RmJ//Jdip8pPgZysuPwmPv0iNn/kld5Fz5fMY/NtfhrUSfHcJjf/y/0Bj6nOFLnICgPPSk7DWp4FbJS8MZtU7HkfzHY8GRjFJ52Eca8H50s/BKrFZMPSyXNHSPaqlpaV1CEVmTnv/4SZNhuFOBikBCLfzdZRscTvZmM3mciRs+68D4sVOL2/jd5IjaAfbHDgPZHRN1kb/N2t42/tXaYdz5Di+/lED/R3VpnfA7svwf5fUbxsZ+c4u5zwHevk4yP2PgfzgeZDPXeUmNj8P475zwPqnQe9cBDnlXZCA62/vNL70Wynbcaq+w5k5415/1OG8HR4hvmT+8w1UTzNFl03aQS58QsEv2XjHxIf0iStu/LnzwMUXIiU7bDSR8ToobCd1K9+9/NVE1SMmPnhbeUezfOc8G2ffjnOE++xEbcRLxA8FnkSqU+WHIk+k8SENUNaghPgQ3Rjhy7juKownUOZJqIzhSchW5km8v7xUn0jhhyPEjwp5Iv5AF8ATiWQ8CTUHkIefdAe7Ok8i/FDiCTOr4Ym4FTH5iCpflPITQbzEf/EJHBT7m8STyNUK40nB+Yk08JN4khAgCZdNl59Uz5PS8hOJcucntfGEG9AieRJQJD74MtSMjPwY4/ykPJ5AmSehsnCeIF4yfiTwhB+OscpP4uIjL09E+QhvA/LwO2D5CZod4WG9xoT7PiGh+xGEeF9xXqcRSkC8PjMAEIuiAQMmTHS7s+ivbWCqO425mS66ExN44IGLmJpoo2ma+ObXnsY3vvIVDHd3sUca2JvaxfETTbz1oQcxc2QSX3/2m+jtDQCLYnWvj+X1IaYWT2Px7CmsbDjYHV7CwDFhOwST3VnMHVnAuROncPb4IizsobfTw/TMNKjdxPnz5wEAhmGAEnfQDTL6rAc6GKMNIUCvMQlYgk5ttN1oVuYJ4T6Lgrzk81+G80OPwjxyDiYIHKThCRtfvkGcnajH0XhgAcBN2J/mFzkB4Cas//gzpSzc2Z/7F4UvnhaqL30ZzrsfhTmlfgq99eXSfSKmmXYaq5UgvdCppaWldQhFusdBveQWAByHevmut7znfdv6kweJQu9ThBYulW6804RSWZSrT76jPlTG7XCFaFrG74A9C3Lhu9z37/ypW0+gXvZEZ9h9CvrUE6D3fBTkLb8CfO5nwzsR/4sPgbR6oP/fP4Ez/R9gBM/jJpa5f1Mv7omYQA8I7SwLLZnHV3KtzPEl30HP2+HxTiiT4ssvg30abD5vy/zlZ3Vs/Dg7zQ52vlSOr1Hb2eTe3/3N70BNo7i4qoAnwh31/hMOiuMt405iCS6+An0adJ91bMRfvoPEdiheSuOJ4o7lwLhGmi8fpnCZRrnii+93OU+kZQk8CcVPoIHKPPEPjOcJsvBEhSt8fEh2sI8/T/gDKFdfUflJ1viS8cRtjf/9JPVXEh9jlZ8geXx57QOe8HaZPInyIyVPfAniQzq+5eUnsid2a+NJZknyEz4+pOOblyden3mBUlR+Ug9P0ucnB4kn2b4/FHkCyjU7Z37ii40jO7aA/CQ3T0ZO1MKTRlt42aHJLYASAnepzV34dP/aK/vFS4ImMeAYJgCCY7NHsDw1hcHmDtY3NnHixHF0zAaWTp7A0sklOMMBLr/yCp756lexs74OyzGxvbqOlc1dfOs7r+D0mVP4h//gR7C2toFb129ja3UDaAA7gwEmpuYwMT2LoyeX8La3fy+++Y0XcOfaFVy5uwzHbKC918fe1l2cPrWA2dkuFhfn0aYTmJycdNttGKCgcAiFQQwATjDA4S/FE4BSAqsxIexoajR8VqXjyWgQxPwIHrGExnseR+Nt/9nodzKdbdDLn8bgEx+HTQDQD6L9vz8Oc2L0W5fuhT6I9v8mej1B730IhgFg5VsYfFvheABYfD9aP/1hmCcX4HbpAHTlaVh//vMYql4DAD7A/4ao5xuexvDJVZjvfg8Mb5GRLn8e1u//Mob+QuwSGu/7JTTf9ijIhNeGq5/G8O6jaD163v1zuN5vg+LNj6P9k++DOev1qbUN+saTGD7xLwQLu0F9Cv3fa6H9sx9RWuykl34H/U98KhPGU4kYycdopZJe6NTS0tI6hDK6RxFcwSRwk3P3yU74eWBo91/gW144TSUjg7cpDVUHfqpD/IPYCxI7bibA7TyW7UBNfiKLXSbgYfMEjIc+4LccAEjnTSAPfwhkaRbY/QLok6979Qa8DO6gHL0IrP0voK99AOTi+2C8k8D5Imvm46OnOT/3Osj7gj0W6FB2nZgy0290BsYq+hsjSTvsJWVotEceCIdTKsEVQo/UBMZfFh/BOzSBne0hOy5e/Lhi3czbodGJluIwDYcv57HwBb/kj5DZXikaoJgWy36jMbrjWRIfkXgSlJCOVixPQrZQMp5wZUwLsv/GntcCIU8in2J5Kfl4gzvOl6gDhR0quUICT/hHDGQ8YfXKn6CQ8SSZH6o8ie7u5hXDD9kHNCNPpN83iTxJiBdJc0Ml10fCFyIBJzsjHU8i8YG8PInhiIQnwZbH8STqruAKOXmSOT/h4kuZJ6ofZ5H7SA5/OU/UKi4/PymOJ5EDIpLxhLfz86TS/ITrkzhbGoCyAxITxwSejHF+Iu4gri/Kyk8S5zteCwriCf9xR/jlkTLnJ2o8Uc1PUv+GON9cVZ6I8hHeliqGH6XnJ6w7S8xPAscBYludJ5xdG09iOCLhSbDlufITYoASU/A+gUU6AGULKI57TwLUe5rTcS9rGLApgUkB2zDh2ENMGsDJueMYnr+I5197Df2Bhb3tXRw5sYCp6Sm02w2sbK7h9sodbGzu4tTJe7C83Ye9NwBpt9E0gNnFo/iRn/hxdJoOXn3um7h65Rpe+84lOHs2ttY2sbc0h5mTM5hcm8bVlWWs0QZe/M4rOHn6HLbawDeefw6k+zCWjl7AxMwkWs15wGmCGBSEENgOBaEUxKAwCAG/UETg/t4oIQSO2RJ2KDHM0Lir5ifBWiL5yP0XYUwA2Fl1fyr0/o+g+cM/CLK3Cufy06AbLZD7H4Vx4YNofWQVvd/9lB+mwaYE/QgOK8/eSEABMI8tuO3eeDk+dWFa/CDajz8Ocwqga8/Dfm0VOPVWmCe+H80P/QHI7/80Bnn/Eq3xEJo/DtAbX4b1EmBcfBTGsXeh+aHHYf3Lj4MCMD/wz9F623nA2YZz6Wk4wwWY596P1skBd7EPo/PffBBGewB67cuwbwPGvQ/BuOf9aL7veVi//1R8W659Ev0nTqLzoR+L/4uxy3+GwSc+6f7EVNmKME4rr/RC55jIAYXlWBg6NoaODcuxYFMHbH8bAYFpmJgwW2gbTTQMM+GKWlpaWnKRzhyCO9ZGk0EAoF7SFtgh6R3H77AFIaAOBYyAHZnpiSTZYcoyMm5nOb9DlM0S8/5mDXzGctelXN546nEYpySurD8F549/Ck7wBMrcoNEJLaXu6595AuTej4K89TeBv/2o2673fgCk0wP92j+Bg/AFk+6jirLZ0Uts/DjbbyezuTI47io7HhPK0aTB+5fN5kRtZwm9FwhC27+q4rjzO46lO5DFO5hlO9iVRRNK/tiE8U0t5frYOHN2yvFOtaPejysvLPw7BAE7FD/i5jNLyI+U453riUywNgd5Emh5hs9zovLGl3L9Mp54J9bMk9FnM/D9E/JPxpNRh9XJk1H3JwTB2PJEwo+KeQIuvmQ8ETkm44lrVsMTPx6oLD8Zc54oXj5TfiLih85PhDxRVtz4io6tOL7q5kkkP+HjRcoT/l2F/ETED52fKNYfn5/EPtFZJE9inyDm4iXknzw/qYYnYX7w+Uju/CTir6TMqsT4GtP8RJknXH5CHXeXuqADKHEX4thSNqXUX08xAFAQEIct4zmAPUSDOCCDHv7mz/8Ml177Di689a043u2iv7UNc+ko2p0JkEYTFBTthoG3PfIWHOnO4KVXX8O1W3dw8uw5nDx9EieWjuLua9/CI/ecwP2zbTwzPYnh+irs4Q6Wb97E/fedAZoNnDl3Hh/+mQ/hpeVlvHL1Ci7edz/OHVtA7/ZtzC1Mod3pAMR9irPd6YDCvW9OCcB+LohIusu7kwVKDFEggBIDNHKTJtyLYp54/9V6N8xHAoE7+z1ovP0H3TOuPgWLUuCV38Hwib+D/fXPuHURAiz8Y3R+4f0wTn4/TPopWIHrh/kQqJcG3w8Nc0TG1LTQJ5nM97zffbrx6ifR+/jv+Jc0P/RHaD98Ho0f/jAGL38y1TUjardAn/557P3hl1178ZfQ+cUfg7HwEBoAhvgwmg+fB7AK+49+HP2veectfhDtn3scoZWPxx4FaQO49sfY+9cf918mj7wf5k7CIifTt38d/SeX0PlRye917jyN4e//eoV/hleeP2hlk17orEkOdWBRG317iL4zxJ49wPZwD7tWD3vWAHt2H0PHgk3dj5dBTEw1Orhn+gQW2zNoGBMJNWhpaWnFqD0DSom7AS6wNdVNwYk3DxjtYHNzM/Yl7JXSnbUI20y8GZjQUBK2wezg5fgytnqW1vN29EkJNuEQ75j3tPoU6I2NsAMrT4Je/xrolSvu8UEH/DaNdsCOLkfcvrz7K6CXPwBy/0/A+L6fg/OVD8F48GFg+ynQz3lPhxod/xywYUoqISmVn4gYlX57AaT+zZrEBsYnddId47Jw48tgHEVKNt4x8cI/uZewgz5ScvElLIXn8w5wjnni53URW1StvLWC4SJiWxYfgQuw+IpcOG7EZPyQ8YRTan7wZVqeeB0aiie+jPCEb6BCKYuPwMKNNPwC/ROJj9J4IomPGJ6EysJ4QsRmAk8khys/QVkUTyLxkpYfeXmigK94nkj4UTlPEvgikeoT98XyJFrG5ydZeMKUxJOwLeOJ/PsjIT74Mm1+IstHSuNJWAcyP6mAJ7Hpkby145ufjDoEcSpsfkM8n0hCfOj8JFt+UhlPiNgcN55I4iN3fhLhR9gOPuGG6NljlZ9Iy7gRk8YXuOPFin78qOAacJ949O5DGMQAIQSUwPtJHPcpTnin2gQwTArDsdDbXMWNSy/jex96M37gPT+MdsPAK69dxvXrN3Dy3Gn0hxYmJydx9Og8unSIhuPgfX//+3Br+Q5ef/0a5s1dTOzdxeDWALPtBvp7G+iaDpaOL2B19SYuX3oZj37Pd6ExNYlOu4PjpxZhTxBcOHMC80cWMDXRQfve02gQB5u9Pigo+v0+Gs0GHAJQg7hjQdw/vAtHvhxFCADHkfSp+5SrrDtD/CDRbiYPfwyth/lrDkAvfQqD//vPPJ7chPX1m35jyIV3wZwdAH0ABrte8KIQxBHXwAQ5O1sAuskHejJPLQHYhv38aJETAOy/+Bbow0sgxx5FA5/M+ZueV2CzRU4AWLkCugdgouu6xBYvV57G4GuB01Y+BfuNfwTzYsCfb78M+iOPgpx4Dzr/1RaGzz4F+9JN0Gf/OFUb6ed+DoNjf4D2286H37CuwHri5wJ/UrcK0eRDtFJJL3TWpD17gJX+Bi5v3cJr2zdxdfs2bvfWsDncdRc77YG30Ok+LG0SA6cmF/Hf3vtudObvxVRDL3RqaWllF2m0AVBQx53Q+IuaFKCB1H705zrCCZ5w0gH4iZho4ZI6gjycJpQxYg+Shtrg16e4oz5uh2vQx60vwP5PvxWTCHM76v02jZ5KCDrNdhDSp54A+f/Ze7NgSZLrPPNzj8jt7lX31q19767eG0A3sRMQJUgAKVLLiLSxkdHGNC+SXqB5Gc6LzGZMfJgnSg9jgsmGMyYbG5NJkEgDJVGjkQBBFASJBED0gkbv1VXVXXvdqrvfvLlFhPs8REZkbB4RmXft6jxtfU+dTA/3c/yc/PN4+vGIi38H8cLvwMznEVMd9E9+KzzNKWbm4teF//IHHhygCuQEj/jRHzfBk+8nOJly3z1ZP2SkTc3nw5BxxVpu/MA99HWPX26S809QjP4MrMCXwY8NcTltQLa95taBnwNzy/m7dGV74oeMogp2ArnMCi3H3mH8vVMqhSdhXJXFkxyeEU+DEzp6MKdR80MHZ9tfGB/h6+X8PSye5OJHIKcANSIn4+XQ4kkyuvcHT0z4MVB/VDwx4MfjhidlronyIci0sZOPJwV8SDxJ4UfRib8UnsTlXPzIxBP6btvf/CTmgGG+Lw4NnuxSflIUJwXxlYsnkXgy2WvCEw4lngxJw/g5es2I44XRHcWPT3p+UhQnO8lPsvKRxwBPggb7gSeDeBgNT3TCXhOeDPcM1t3HEzLxJD7jhTQMjkSv6XOhHHR4e9YB2dpBiTpCCBARjQQZe/gSpTxsBJONBtMTk7z06c/Q3NpASrh8+RIPt9a5ffsOzc1NbBTzR2bZam0iez3qVcmzVy5x5eI5NBqlXISwUa0m25ubtNsdPK1xlMJxerS2mizMTONKwezMFI2JOltbbbAklYpFpWYjPcffqFWaRr2OZdtgW3hCopRCC1CAlCI22/5vLxrfXxpb9SITFplozw0/78Od0O2Pc+t7eOFmWA99+xXUzf+AdycSL/PfoPIbfxP7/ClEcuelnfBlwq8mfxeR93AFOImYvVIinJ6HSv+fyXu0Lvf8mZJDRXM2tVfy9ajW/DFUL9XO3VimGt24Xf4W3T+cp/aNryM//7eoff5vgdtEXfs3uP/6WwXP6IyT93u/hTP5u1Sene8PtoL33d8q/2zT3aL0j4Vj2iGNNzr3mTyt2HY7vLpylZ88epePtpdYaq+x2t1iy23R9Rw8rahbVXqeQ9vr4mnFkeo0pxsLzFQnaVjZD5we05jGNKbSZFUJKlfDClYduwMtg2euDX4Yy1pvEfCIkJQDrokk1QmKL9xF4ks/PbLoJ5xFFe2pk5wB7w+Y/wysuAb+9X1ZZPNoNhg70Tl40V90aCLP6vxvsWZm/dOc37s1eD82vkj1ExsvochIz8CKtDPzvhdSFbDmdVoQX8EbxoLfPEoGW6wkPiIPRozxzBMyGRXuxngxVDwPpj1oH2iQkOPhaTwhVM7+EhdkVZRHePTENmTER6SyPZeb4iOroj4mx01Lec9kbyn7k4BlwpOkHImXXcOTZHwFIybkAjxJ4kjK/KzPU+7ny4QnCfwowJOQl8YT4nIYlqaK+mI8KWevwfxdxhP2DE8SPGHv7uNJ4oUR8SR6Am+v8SQ3XobFzyTF5tuEJ8X4sbv5STGepPDDgCf59mbxZAcmPEnKu40nH6f8xDyhe5afhGrtcn5iBKaiC/p06PKTNI9qPnR+kktJwCqBJ8QdNM5PCuIjD0dy8cSEH2k8iWr6iclPwhF3OT/ZNTzJ5geSn6S8sov5SbJDt+f/rjPoEYCa6tIRDd/nCILfe4QAIfxN3EAXqS2QAk851KoN5k+cptt1+eD6dW68/wFHFuY5c/oUHgq33aE2WQOrihAWjuPQabWYrFaZmaiD0LS70HM0yu3hdXs4nS7r15xs0QAAIABJREFUq6scWzjGpScvA10qlsJzFapnMdFoMDV9FCUEGg/tOTjdFspxwVNcufwEtrToui7CtvzfSYTw22uBjD4/SOj+HGjQmorXTkxqPxqU2/9IxSfeiCeRmAfQD38b5/dJ5Z9E2tu/+k0ql+eh/RHeO1fBBc001vNfHPQlIq43YWl/gNRvTVl48t03Ub/0PHLhBarPQjd30+4tcPr/lIm3Fqr+MKoYsnZMva4/f7KaMsmeXUg11z/6bTo/+m0480XsK1/E+sw3sJ7+61RrW7j/aJjb7N7H+b//NvzN36VyCbzv/m26P7i/Q2NGIL0vTwL9RNF4o3MfydOKptPmWvMe//H+6/y/t3/ESm8TR3lIIajJChVpU5UV6lYVTymU1iitOVaf45m5c5yZWGC6Mj7NOaYxjWnnpIOVWGSHUfWTc6V0mKz7iWLkfdFPQCIVrloASiOkiDYvzNVj+hBZDBkrUNMVp0qBlLtU0R7ydFKnI3+NC9l4YzJPdE6eR2jtF85pBs/qnIic5oyuaQP7h1o4i3DO4nL8gqEqYPMqXg3XDRYJgbEicG9MLpVBx+wdVLCH85OcL4bxd8mK5mRFezQeMMsxG0ay18DL9JHJTfERkUepoE/y3IrYSBxGcSjEj4Fc2t6I4eXwJOh+RPwoiK/gw5+ucA/wQ+/Mv2mz83mybUF85cZHRB7pRFaJCvqyeFLK3qT5Ovzay8WT0b4/dhdPzEaUt3c/4iuNH/TdtD94oqPxsat4EoZJXygRHyX8vfP8JCNeDjGeDCg/P9k1PCmIpx3lJ7n2mvBEp+SDwJM9y0+GJWN8mfKRYLxPSn5S4O8i/CiIr09MfjLKib/S+cgu5ScJ+8b5SYlrisZLcBOe7Fl+ktmOwWdvp3gStc9pQ20q8QbUvQ6dfpf+vqDwb/UKKCEQUqDQCO0XUcn+xiFWheNnztHcbvP+O++wdPcOSw8e8M2/8HXOXTxLo1ZBKIXjOHQdB6fn0OuuMlWrYGkHu1oB5aIR1OoNJicnWLp3n2azya/85b/IuQunqVRtlNdDUAEh0Bp6vS5KSgQKoRyUp1Cux/zsHBfPn8cSgqpl4SJ8fBLCdye+bcn58WddUHdb2ZPq+rfFjb9VJj8ZDFKEJ6LhH1BSb/8m3X/R1/mZ/43GS/gnOjXAD1Db30Q2FuArwA/9QBC/9EVEIxzKZ2XwhG/hvPNL1F48ifUbf5/KP/qtxG1YT2L/pb+HNfl/0v3nr+LdvY+9eBLr+b+F+EHkGZ2/8oJv7cNXd3jb2hL0w1fRX38ZsfAy1c8Se0andTZ5G95fw/7yVdw/vgp3foR750e4f1Sj/ju/hpy7kOy5BN3H+b/+crjfexCkvf17GugnhcYbnftIW06Lq5t3+L2PfsifLr/HSm8TVykEULeqXJw6wanGPA2rxo3mA7acFp5WNOwqLx69yNdOfobZ6iTxWpIxjWlMYxqVhF/sGC0l7CfY0crE4OeZFPb0KwEH1WUi7CbGExRek1jYiH7CX1RRnhpO+AvZ8Jk1fZ2zn2FTUOGcapccf6BwsqJ6UMIaYUIM5ifaXeRkBqv/C/qP52D6pn+aM7ZYjozed0/Qt7GANdTSVHFavsI5GNvvfzDhSdngoZgFmRX8w1Ci26IKcpN7RD8As59ZU6KiOVlRn7iORHyR4kGzSLz4ExSXi6Y1vaaL95Y1PDnxkZRLVzSbK+cDPw+KJnIMSeFHOTxJTUDy4zgCnpTCj5J4YowPY4AGChXER9YPI0meN127hieUxpMYz8GTmFwaT/LtTVKyexOeJN0Rw499xJPsD/Qu4ImBTHgSUwfM4Rf6cXQ8SeFHKTwJxP3Bk2wtcvKRsvhSKj/JiJf8L74MA7PtLcKTVG+7hie7nJ8YA78ITwoCpKDb4fKT/ceTPctPDLTj/OTA8CTh0N3Ekwil4iPJY2qMiB+HOD/ZOzyhNJ7E+K7jCflkwo8CPEm641DlJ3nxsVM8ycpHkjKYw+9xy096rcwQm/BarPe9FcxJgCGAv8nZt1VI+vEuwLY5fekiDz66jlYuVVugbRsLzbG5OVqdFk6vS6e9zUZzi621NaYqFZrNJnhVGkwCAtuCysQkE3OLrLV6fO6rX2Pu+FnajsLTEjwLpTSOaGNTpWJLPDRaezhuF0+5aM/lsy+9xNT0FI4A4WlsS6KFxhN+JiA1cVDVGv/5m4CEidSJzv40e10/mkvjiUh8Fs1xErzv3btH5fIV5Kf/kPrUq+jKFeTZUwgVNgHu4925j71wEuvP/1Nqp66iJy9gPXFloHVUoRLk/ZN/gPPNv0fl/Bep/M/fxb73PmppBeYuIE9cQUwCy7+G5FW8730H78o3sc7/Dep/92XUjRU4/TzWiXn/eZXfH+aE5Kj0/+D8/OvUPnsB6ze+S/3lV1HOPNb55xGyBwxuzSz+6q9T/fIVqn/2I9T9q6jtaeSVl5GAXr26D7ruAak930r+xNF4o3Mf6U5rmT9dfp/XVz/gbmsZDSzUZzk/ucjJiXk8rWi5HR61HrLc3aDldqlZFZ6ePceLRy5xefoU9Yz7r49pTGMa02ikwx9zgqpNdH97L2dRNtgAzeiOyOK0331sfZRxTS4vTTqR+Jsr6mM8r8KVeD6Zer8/Z9mV1v1rtI4tuAad6dg86x9+M2FP1oQlKoezKlCTvN9+pBMxkRnIlEfZaBnZv4a+hh0v5OYK+qRcyt+mCntjRXV0TqPqJ2WTvcEPCQEF/kvIw1SwJ3np+BroriN4ksSXoSkvrvYBTzIr6sMTDiX9bcKdQk4iviJzGjU/mNiUvckJypZj8bJneGKoaE/hyUDNlPpmN8X5MLSj+ErOuxlPjHwP8CQWPxEFS+NJ2DAfTxgFT8rgSjI+kvgRTPuhx5NkA50Yb7fyk1Hjy4Qnvjbh95PRXkN8HKr8hGL/JuljgCdJeS/xJI0fQ+JJSBnxYfTv3uUnphO7B4YnI5MhP0nGh9G/O8WT/pz1A2W38pODwZPh85PHCU9G+/4oiSfohNo7zE9CCvwYtN2F/GTHeDIw4iDwRHQ2M7udUu3w30IEMRD+A0uDpf3NTaUlnlYIu4LjOhw7d46b197Brtp4bg8pK7z75ttM1eucPn8az3ERSDabHZrbPWTDZau1jSWhWmtg1+pM2BVUpcGrV19npacRDzd47w/+PZfOHOHJs8e4dPo0s0fmmJidRAqbim5QqdVQnkAp8JwOQnicu3ieBy0Pz7LR0vJ/WxICC4HUgWeCncP+xAjVxyfNpLedOdGi1w6xajg8GTihCD/Uv/m79Cb/PpUXLyCf/rr/LMmffAf10l/HivjS+6f/AGf6f8K+eAHr5QvQXUH99NuoT/91rEbc3+XoRzjf+h/Q3/g72J99GXnqZawz/be276Ne/Q7O97/tz9ryt+l+q0f1N/8G1qnnsV7Gf1bmwx/h/tvfwtmnvUPv936Lnvv3qHz6eeTlP4NUPfSH36a3/kWq/TkB0P/12zjzfwP7iQvIpy/4d9x1m6j3voPzj7+9P8ruNrkHeZ708aTxRuc+kdaaO9uPwk1OpRWL9TmuzJzhhbmLHG8c5Y2161zbvMv1rXsorZBCslg/wsvzT/LM7HnmazMIRPFgYxrTmMZUhsSgYk0CWgukJOOHsEFlrCQ77xaEOX+YQ+cVNGoGFcnhm/1f/vzxB3J8oZOzEkhUHpsqUItPZAXdxLPJAH9Dc0Q+9/89qP6LoXdkHPPCJo73IjmRBQqM9IxOEfV/oqKRogp7A4+YNbDF4E4jZfQQO1IT8b9pQqOBHalsj8l58RLGVTDNSTnmnTTPDtN4+CYsznwhGYDGKxIXZDkoR2PTMxrTFc+G+EjFUwbH6K1cPMn4eKRtz8KPzIrzbD76M/b6GmTiSepTbOY5uBJtF1LWBObgSaqHIkBLHDEw4UkwrvkEhQlPivGjLJ6kfhdLUQ5+mD6gI+KJ8fumEE8K4sWgbown5ijzhVTAma4YDk9S8cFO8SQHRwx4EtV8mPwks4cd4snI+UkivkrjSdmPc5b5FIe/GU/KDbz3+cnu4UmqQYpMeJKUd44n+5qfJOYkTzYGoKlBYeJYgCeHOD/JnqDEXOxVflK43ulrsEt4kvy4E395QCPnJ+XwpGx+MvQzxJPqlsWTrHwkKRspBz/2PD8JpnMP85NIO8iWy+NJQj4wPMnBEQOeRDXfaX4i2hsZ7wum6YWv6r59Qvj2SEBogRWYLQRC2jh4uFJSm5rk3MVLdJtrbK+vY1cnuPb2O5w5fownn7iI0g6bjovjQbPjUhHQbveYqNdwPBcLga5PcGdlk3/277/PSktwde0aTrfD3QcN3npL89TZM0xO1Pj6L/85Ls8fx+l2kVLieS5SCAQKrTU9zwO7hqs1tm3heAppCaBvBwIlovYHPvI3xKdVr//8yfiESrcd83vZ/MT53W/gZuJJVnzcx/3nv4n3zxOf0n/9rVD2/f4jnN/9Ddykd//lt+L48fu/Sev3EqYY8eQ+7nf/Lu53Te9HaPk79P737+S3+eH/SPuH8Zd6v/PlSJQBv9fXL6Rv0/1fszYfM15fAO8P/jbuH0RfPEnlm78O9ND3vtfX9Xs4//h7B3qr2V0n77Gy5lDQeKNzH0hrTU+5rPa2eNBeA+Dy9Elenr/CZxeeYstp8+7GLV5b+YAH7VWUVmhgwq5zamKezxx5gjMTC5F0YkxjGtOYdk5a9TNwNKqfECrlL5iDZ3UOqjf9dkHlmv++f71OZPRaEeyckrF8CUYn/u6gktwX45XlZZ4pohRIMVylcpAdhnJ/9RlWtP/kL+H+JFSxYGUbMe8PP4f7h0mb/yHe7/zD5DTkcv1PzoU1ikONn+guaJCSg3HKVDyXqXgs4INFQ/9vsJrL0n0QngxO1CXksNeSfk9WHBsrkLMrmE0V7KWpwN+ptgX+HZpKjxf4OSEP6e+hKurDuOqHRYgrETkWP9nqB1Imfgzp7x2dyCTQOYInUc1H+DwX0k7jq/T4JjzpX3jAeBIt0sm214Qngwk7SDwZTH9BEBxaPDHgxz7jCYn4MuFJlmEmPPHF/cGTMB60IT857HhSsvuR8pMs/BjnJ5l4Upry/JvVdp/j66DxJJWfJOPFiCfJd0vkJ1n4Mc5PSo6fn5/knujcTTzJPUGciJeYfeb8ZH/wJI4fyXxkx/lJyl4DH5UK4+uQ5iel8SQjP2mtZk7AlBz4bNC+/y8hEFJC//ceoUFpjdYKhMBFc+6pp7n+wbs88/yLfP0v/DI//M8/YGX5EZYlqdgW0pIgJF1H0dQeG80W1YqkVqtRbTToacXte/fYarZwvAqtbpdGrcrD5WVOP3WRr/zZr3Hs6CxPPHEez3GpVmyU0wXl4rldOt0ePc+iJwWOAt3P0i3LAvwTmxLhb0zGNsM1ItjkBiaFR3+nM07dpv8bVuYsR+erRH5SFkdKxhdJ2YAnO/qsHCo6SeW/+2dUzvbQD++hHn6EdqaRl15AHqnC1o/Kbdh+TEk73YNW4bGj8UbnPpBC0/F6KK04Wp3i9PEXuTJzmrOTiyx3Nnhv4zZvrX/IUnuNttdFCEFDVnlh7iK/dOJTPD13jiPV5EN4xzSmMY1ppzSo4fQXVEFSKAjzcAb5eLS9f/mA+2uDQCb2vjFd18SOiJpOuIXdJXlajUD1vpY60t58UiIwsOiZNeWO0GSt2AJ7g/GCt5NyenpiaXvftmFOUMZ46RMRAx7MuN9/ZHEUlU0eKlTQtIgLh4l1Z5KNWuS6KfB3TrwkT+4VVNCneCK+MnlevITjJQzrUyo+knLWsGZtM9wlsmVTfEQ6COIr1XGexwz4kZINNDR+JHkWnoTvZ8RHf0Jj8ZTk+4oncR74O2xOQt4zPDHERw6exPiu4YnIFgvwxNC89AnK3cKTVLwMix87xZMS8JWPJwb82Hc8KcAXA5U9cb+7eJLmu5+fBDRcfmLCE/P3R0F8JPmw+YkpH9kzPInTY5mf7AOe5KZHZm0Pb34ymBDyaFfWNyEP/FuEJ4l4GucnxfnJvuGJyBYPG54Y4mPH+UkKP+JyZI/KlxMzdpjyEyPP85gxvki0z6bkx09uPUK5PbQdf8RZ3ZJM91ZpTxzz4yA6jgClFAiJBrTwEFogpe9/7Wna1RovfOlL3Hr3HTbdLndXH+J22ywt3WPq6DQTkw2mp2ewrRV6jsP6RhNbuNSqNvWJGtNVmzlLc2GmwcONDt2G5PyFE7z4/FN8+unLXD53iqmJGk57E2HV0QIUHp7Xw3FaKCw0Nh4SYVWwEKBVfDZDk4JtjX5sC/806GRrmZqwSJJQDqK3jRCpaM6Ip49XfvLxpPs4/+pbiF/7a1jnr2CduOK/7DbRd76H809/m8f3KZYaxhudu07jjc59IP9Ep8OU3eCZufO8eOQi87VZNp0W3737Cm+sXQ9PcoKgblU4NbHAF489yy+f+gXOTR4fP5tzTGMa0x6Q7idPg4pDoUVkQZFcWiSu1oncPJIphlcmVxgZKuTyfO0zFz7+GyUr6vMqXIu4BnNFfVDtlzAkLAE0yIbpCSwZTI+fcQ8OUAVygofX9XmZimZyKgojkVG0URu308CHIeOKtdz4gXvo6x6/3CTn+3v0Z2AFvgx+bIjLaQOy7TW3DvwcmFvO38NWpKbiI7fiNB9PUrRDf++USuFJGFf7iyeh+Sk8ifPC+AhfL+fvYfEkFz8COWyWxJOMeDm0eJKM7v3BExN+DNQfFU8M+PG44UmZa6J8CDJt7OTjSQEfEk9S+FF04q8gP8nFj0w8oe+2/c1PYg4Y5vvi0ODJLuUnRXFSEF+5eBKJJ5O9JjzhUOLJkDSMn6PXjDheGN1R/Pik5ydFcbKT/CQrH3kM8CRosB94MoiH0fBEJ+w14clwz2DdfTwhE0/iM15Iw+BI9Jo+F04b0VxGz51KNVvoLnN74jhSACiC048C5Y8l/OdzIjQI7W8OaIlnS9A9GseO8/LJk2zev89TTz+D43Z49e03+cqf+QpCWEw0qkw2JFurHh0hWN/sULHXqNUs5qYnqFmKl557imbb4/ipM1x56govvPAcUnt4vS4TtQqe59LrOmjlYVcU2tlG9VzQgi51OqLmz6YAtO3rDoD050FLhPT6r4l+LEk0ivn2w8SE+hMsOhsIp10+H9lJfnLQePJxoTvfofd/FNw+9zEk3esctAqPJY03OveBhBBUpM2zc+c5N7XI2YlFfr52nf94/zXeWLvOo856eLtaW0rm6zP8hVMv8eXF5zg3dZyqrBy0CWMa05geQwqe0aARSEFmxVpkxQoMbqCdzMsEJA+EEm2sIfsARfS12AJnUIEaH3HAUxWmhor21EnOgPcNLf8MrIQssjlJ2URDL2QTHZoqzPt8pGdgRdqZeeDvZAWsWf0grw/eMBb85lFsfgM/Z8iDEWM884RMRoW7MV4MFc+DaS+Il3h4Gk8IlbO/xAVZFaARHvjbGB+RStRcboqPrArYmBw3LQtPcu3OtT8YKFAoMWD2iDG+e3iSjK9gxJ3hScr8XcOTBH4U4EnIS+MJcTkMS1NFfTGelLPXYP4u4wl7hicJnrB39/Ek8cKIeBKtcN9rPMmNl2HxM0mx+TbhSTF+7Hd+ksIPA57k25vFkx2Y8CQp7zaefJzyE/OE7ll+Eqq1y/mJEZiKLujToctP0jyq+dD5SS4lAasEnhB30Dg/KYiPPBzJxRMTfqTxJKrpJyY/CUfc5fxk1/Akmx9IfpLyyi7mJxkdiuYSzJ1KjbCgtrlt6Mbf8BS+0hljelhYlSpd5eFYNg/WNrn90TW+8tUvoTyFUopKvUp9aoKtrSYumu12F7nqUrEt5o8cQWjNM08/gVWZolKrgdvhw/ffY35uFpTD5opidm4Ge3IWLInSLhpQQtJzNcqy+vMvI75IK5sFIUIL5t0m/V3e2Juys4EwAJoRT/JwJatdKr7MeJIbHzvNT8Z0uKnXPmgNHksab3TuAwkEDavGicZROl6Pttfl5vZDbm4/ZLY6xXxtlulKg4XaDPP1Gc5MLPDS0Stcmj45Psk5pjGNae9IR57Nqf2FTPDszeBZnWHypvHlaHLZr4ALk/RIhZoWgEovfjNUCNtoIoshYwVqQcXpTivaQx7kjf7fQR4ZkXcj0dQFPNm29MJZhHMWl+MXDFWhmFfxarhusEjo/91JRX3M3kEFe/BmYbyQ5+/R4is3PrIMy/Nvrr0GXqaPTG6Kj4g8SgV9khdUxJKIrxh+lKl4zTG8HJ4E3Y+IHwXxFfx4ma5wD/BD78y/abPzebJtQXzlxkdEHulEVokK+rJ4UsrepPnBd08Bnoz2/bG7eGI2ory9+xFfafyg76b9wRMdjY9dxZMwTPpCifgo4e89yU8OMZ4MKD8/2TU8KYinHeUnufaa8ESn5IPAkz3LT4YlY3yZ8pFgvE9KflLg7yL8KIivT0x+MsqJrNL5yC7lJwn7xvlJiWuKxktwE57sWX6S2Y7BZ2+neBKxTwNi/S6c+Uzq4qMVqDlbuNZ0ug8hgGCzM/22JyyUBi0tJhaO8+xnP48WFl/+xV/Cc1tYlsSq2Nj1GlajSmurhfQcXKeHJdY5Nr+KXanxaOkem80O7VaHbqfDkZlZpiYmqVWrOMqhMTnJ/LkLPPXCszRqAg9QSBwt8GQVjUX0trvBNuTgNyQdszp4v+psMScVWSTaa+jggxWbsoPMT6KfrR3kJ2P6WJHutg5ahceSxhudu006Aqb9Lw8pBDWrQs2ysYVgqfmQTmuVuV6Hi9VZjlanWKwf4eLMSc5Mn+T45CIT9VnkeJNzTGMa055SP7HtV6RlykTy7jCh7L9mrNgfdJ+VOIek423LVoCmhuvrGj6zJin3/5aqcM5oh0nOLIGPGpyQSyzcTdMDxE7MRmVzRaCp4rR8hXMw437/gwlPygYPJQxKKpgXHBmU6LaogtzkHp8H/s6JD+OJq4T/TfERLlyTPGhWEC9F05qc3mRvWcOTEx9JuXRFs7nCNYonuugIRBk8yaMs/NgNPOn/NVa+F+DJ0PgRKlSEJxk/jOTgSWq6dg1PKI0nMZ6DJzG5NJ7k25uksidSku6I4cc+4kn2B3oX8MRAJjyJqQPm8DNWsJfHkxR+lMKTQNwfPMnWIicfKYsvo+Yn+V98GQZm2/vY5CfGwC/Ck4IAKeh2uPxk//Fkz/ITA+04PzkwPEk4dDfxJEKp+EjymBoj4schzk/2Dk8ojScxvut4Qj6Z8KMAT5LuOFT5SV587BRPsvKRpAzm8HsM8xOxcQ/RWkNPHEk1P7l9i9v15xIdgOjbaYpPgQCriuMpsG1mj5+C2gSbzQ5zszXsjsCyNFZVYtdreK0OiBrNdpOJusfSo3UWj59ACI3QPZ68fIZj84scXzxBtVqj0WigpEQh6NgW1XoVpbooDR6SLhVcKmj/6ZwDnUL9B5qGDbT/rgZObH6UOZmiu4XVWkvHQTitJfITcuIjqe2O1zcZ8pgeC9Jub/x8zj2i8UbnbpJW4PXA84/ci0odpEUUvOrAZWGxKOr8smdjbT1EenewLZva5DFq08epzp2F48/B1DGoTh6UNWMa05gec9Jah8uV4E9cTi+u8jvs52IlF7bBNbH3knyowSNLp5yK+hjPq3At4hrMFbBkV8AG86rjctpeEeocl+MruR0/Uy/vRExkIZopj7LRMrJ/DX0NO17IzRX0Sbmcvw0V9saK6uicRtVPyiZ7wwDrkyFehqk4TfLS8TXQPVjcJytOdZZviigvrob29/CDZ1bUhyccSvp7GDyJcSiHJ9pgb3KCsuVYvOwZnpSsWI74NaW+2U1xPgztKL6S827Gk9G+P0bDk1j8RBQsjSdhw3w8YRQ8KYMryfhI4kcw7YceT5INdGK8cX6y9/kJxf5N0scAT5LyXuJJGj+GxJOQMuLD6N+9y09MJ2IODE9GJkN+kowPo393iif9OesHym7lJweDJ8PnJ48Tnoz2/VEST9AJtXeYn4QU+DFouwv5yY7xZGDEgeGJ20Ou3cbL2Og8pZrh7WuDzc0yv+9IwNMapI2nFVJWmTx6FEcKLNtG4GFJRbUqsSwbJSy6vR5SSag28LRFY3KaT33qUzxcesCJY4vMzM7RdVyWlh9y7MQpFk6exK7WULUKXaeD02mjlMZV4Igq2qqhkUjo+yNbV9H/PUKhfSdozaK7GQXKkMvtZbRyd4Ynw+DHKHiSws0EH9PjQZ3mQWvw2NJ4o3OnpBx0ax29/QjdfATNZbTTBgGiNoOYnIfJeURjDmpTSGnTsOvU63PMTy2iPRe9vYzeXoWth/DoA3TjCGr5Bnr+EuLoBcTMSURtCsYnPMc0pjHtJgmRKOBOVsBGF7T4DfsvRvNMrf3HH0QLGAW+HC7G+/LguvhSR6RKugVa60h+mlQkgycqj00VqMUnsoJugvcHGse4KMejFsfkwoVN6oo4Lxh4pGd0xvyeqGikqMLewCNmRS3JdKeRMnqIHakRxROaCGzTM2uM8RLGVTDNSTnmnTTPDtN4+CYsznwhGYDGKxIXZDkoR2PTMxrTFc+G+MjBk9THPYtn4EmmnElpPMkHtjQf/Rl7fQ2GxZMkHxJPMiewFJ4UDJhSIB9PgnHNFdAmPCnGj7J4kvpdLEU5+GH6gI6IJ8bvm0I8KYgXg7oxnpijzBdSAWe6Yjg8ScUHO8WTHBwx4ElU8zw8SZub0cMO8WTk/CQRX+P8hIEcU2vv8CTVIEUmPEnKO8eTfc1PEnOSJxsD0NSgMHEswJNDnJ9kT1BiLvYqPylc7/Q12CU8SX7cib88oJHzk3J4UjY/GfoZ4kl1y+JJVj6SlI2Ugx97np8E07mH+UmkHWTL5fEkIR8YnuTgiAFPoprvVn4ilj+E058iGQ8NG45v3uDh3OX+byvBfPWbGfBKaLAQ/mOOhETYkrMXzoEtQCgsCZaEasXCsiRdx6HnKpztNoueRkuLR6ur1GoVqo0aruqhhaYeEaOBAAAgAElEQVTSqFFxPKzJCXS1irYreErheh5KebieR88FUan5t88VEolGJixPaItG+d4RgsX1a0wkgarPrfZKzN+7kp+QEx8j4EnM2zl4krpgTB8r0uONzj2j8UbnyKTB6aBbK6iH76MfXUUtX0dv3AWnDUIi6rMwexpx5Bxy7ixi7ixMHwNpw/QiQjlQm4LNadi8j964i956iF6/g165gTh6AXn8WeSpT8HR84ipY/5mp5BxTbRGqcEtc6WU4euu64ZfaJVKhej9zYPrPM9DKRW2k1JiWRZSylj7ojGFEGF/nuel+rMsq3BWlVIoz8Pr6xP9Mo5xrRFSIvv/J/XUWod2RW0TQoS6ZNnmaYXXv/2wFAJLyEgal5gDNErrWHuJRGmFwtc9i6QQSCGRQoR9K61RWuFqD0tIbGkZx02Sq7zwOktIZCI+xjQmI+nIszn7C53g2ZzGZ3Xip5JBBWTwedSxjL6fpIeZWObgxN8dVJIHugWyz0tWnJLRLocH2WEo9z+3yYr28J+5K9tRfFDAk22HHH/wkt8gJfdfKFXxXKbisYAPFg39v8FqLkv3fjgFgZAph72W9Lsu4AXxZapgL0079fdOqfR4gZ8T8pD+HqqiPoyrCH4Y8CRP/UDKxI8h/b2jE5kEOj8+eDIgE570LzxgPBl8NiPfPzH7THgymLCDxJPB9BcEwaHFEwN+7DOesOf5yd7iSRgP+mOan5TsfqT8JAs/xvlJJp6Upjz/ZrXd5/g6aDxJ5SfJeDHiSfLdEvlJFn6M85OS4+fnJ7knsnYTT3JPECfiJWafOT/ZHzyJ40cyH9lxfpKy18BHpcL4OqT5SWk8MecncuMOcu0W6sjZ+ARoON1b5iGX+1Mg+j0ERnv45zeTVMHWLhqFKyXYksZkHU95eMr/DdYWkqoU2LaFXa3TbG/jWjb3llfBdlh0epw6cYyjiwvMTE7SqDWgMUF94TiyNomyLJAKx+3hKUXPUbQ7Dq5tg13HxUJJCzwvw/Y0Bb+fnmovRZK2AcntZURz2fg77WBWBz1m40m/Xdn1zZB4QlI24MmOPitjOlDS3W1wnYNW47Gl8UbnSKRBK9TyNdTNH6Gu/QC1cQ96TbTWCKsCdg3dXoe1j+Dmj1C1acSJZ5FnXkKe+hRi+iRi7hx4Drgd6G6hNu+jVz70N03v/Qx192eopXeRd15DXvwy1sUvI46eB7se00YpRavVwnVdpBBMTE4ipaTX67GyskK308G2bU6eOkW1OjgV6jgOrVaLjY0N2u02rutSrVSYnJxkamqayalJbDs7RJxej263i+d52LZNpVqlUqnQbrfZ2tpic2MDx3GRlmRmeobZuVkmJyeNG6eBHb1ej82NDbZbLbqdLp7ykEJi2f7mpBXZ1KzVakxMTDA5NRXbRA02eDc2NthuNul0OjiOi2VJ6vU6c3NzTExOUqvVEl7VNN02mz3/gcCTdo2pSoOKtEluOmo0rlI03TbbbgelFdN2g4ZdY9Np0fV6uNqvKvJ18q+RQlCVFWYqk9StKhXp691VDltOi5XuJrOVSY7V57CleZM1SutOk9XuFlOVOjOVSabsRuE1YxoTgCaozoyfxIE+T1VA9l8OFmCRCjj/tX67sBsRvTzWB5B9oi0pR9snucjjQYVq0N58UiIwqOiZNeWO0GSt2ALjg/ESE2lY2CWT+TIF8LnrxtInIgY8mHG//8EEx2SThwoVzMc3Y8V40t8mLXLdFPg7GR8ROXlyr6CCPsUT8ZXJ8+IlHC9hWJ9S8ZGUs4Y1a5vhLpEtm+Ij0kEQX6mO8zyWcqhBNtDQ+JHkJjwJbUzER39CY/GU5PuKJ3Ee+DtsTkLeMzwxxEcOnsT4ruGJyBYL8MTQvPQJyt3Ck1S8DIsfO8WTEvCVjycG/Nh3PCnAFwOZ8CR8v4iPhCdpvvv5SUDD5ScmPDF/fxTER5IPm5+Y8pE9w5M4PZb5yT7gSW56ZNb28OYngwkhj3Z9fSMK4mOcn4yWn+wbnohs8bDhiSE+dpyfpPAjLmsRa32o8xMjz/OYMb5ItM8mY36iNWL5Ohw5m+puxoITG9dZmnsi9pZ/GCT7kITEQ6AINka1llTqE1i1Kroi6CoXW0rqokLVsmjUKmwAjqd5tL6FA7gdxUyjxtG5SSYnJ6nU6mi7iqw1kJUKCsefb7eD52q2e5qmU8Gqz4KoILREKg1CQb8s3zgv/Rg6tnqVaZE9j1bzIeAX6pvxIxlPH6/8ZEwfD9KtzYNW4bGm8UbnKOT20Bt3Ubf+FO+D/4R+dNU/xVmZQM5fRkyfgMaM37azhW6v+vzRB6j2OrTXkee/gDzxHH5yoMBbQE4eQ8+eRh89D7VJ1O1XUMvXUb0WKBfcDtbTv4KYPRludiql2G5u8+abP2dleZlKpcJnXn4ZgPv37vHqq6/S3Npifn6Bv/hrv8r8/Dye59Fut7n50Udcv3adBw8e0Gxu0ev2QMCRI0c5e/YsL7z4AgvHjtFopDfOlh4+5MMbN1hdWeXY4jFOnz6NbdvcvHmTq1ev8uD+fTqdLrZts7h4jCevXOHKlSscW1ykWq2S3PBUSvFwaYmbN29x/fo1ut2uf6pUSDqdjr8R63lMTkwwMTGB67osLi5y/sJ5Ll2+HNNxbXWV23fu8N6777K5uYnyPCqVKkoppBQcOXqUixcvcuHCBaZnZrAsC43/Rf/u+i1+uvI+AM/MnuPFI5c4Wp3GlvHTqJ5WNJ02b65/yNvrH9FVDp8+cpknZ07z2uoH3GutsO12mLIbTNp1bCFZd7bpeg5VaXNuapEnp89wfmqRirRZ7za5unmH19c+4Mr0GT537GnmKlOpcaPkb7Z6/HztQ362eo1nZs/z7Ny58UbnmIYgDTpe4yt0NPHzU7bwB4rsHgZppGlBq/APomtDB/TbiEibrLZ5Y5P8IaVkRX1ehWsR12CuqA+q/RKGhCWABjl7ehh4JHjdz7gHB6gCOcEjnoSSFc0RTqbc16tgozZup4EPQ8YVSbnxA/fQ1z1+uUnO9/foz8AKfBn82BCX0wZk22tuHfg5MLecv4etSE3FR27FafITW0A79PdOqRSehHG1v3gSmp/CkzgvjI/w9XL+HhZPcvEjkMNmSTzJiJdDiyfJ6N4fPDHhx0D9UfHEgB+PG56UuSbKhyDTxk4+nhTwIfEkhR9FJ/4K8pNc/MjEE/pu29/8JOaAYb4vDg2e7FJ+UhQnBfGViyeReDLZa8ITDiWeDEnD+Dl6zYjjhdEdxY9Pen5SFCc7yU+y8pHHAE+CBvuBJ4N4GA1PdMJeE54M9wzW3ccTMvEkPuOFNAyORK+J8j7JRzdQJ55BTx9PXXKu+4glngKkr2/w444W/d9m4zpL3EFRhZBoLCrVBhqNQtPudlh68JDOZptatUqjWkdIG6waXUextOVSocPc0hr1iQY9z2JqaoLG1CTSc6jW6siKoOf28DyLjabD6rZHfeYYrj2DlBUqykIj0FL5s68FWacxBQMXnG0/iJgymFDRWUM0H5bDk2FO6Bbhy0HjyZgOHeleG7qtg1bjsabxRuew5Dno1irqzmt4H/4J6u7PAI2YOIo8ehF58cuIoxcRE0dBCHR7Hb35AL12E7V6A7V+G9wuoj6HnjuLqE6BtMCuIeya/0zP2dOI2jQIie5to7eWUPd/ju41EbNnkHYVMXs6VKm53eT1117ng6tXqVRsjs4v4LoO77zzDv/lP/+Qra0tLly4wJ/5s7/E3Nwc7Xab27du8d5773H1vfdZWVmmtd2i3emwvb1NtVrl1KlTgObZ557j9Jkz2LYd25xcevCAV155hQ/ev8oTTzzBC596ESkE16/f4N133uHBg/tsb2/jeR61Wp3bt++w3Wzy0i/8AgsLC7HTlI7jsLq6yjvvvMPP3/g5d+7c6Z+8nKVSqbK+vs7Sgwfcu3+fyclJ5ufnmZqawnVd5o4cwXP92+R6nker1eLq1av87PWfce3aNZTn0Wg0mJ6ZxnEc2u0OSn3Ao0ePaLVaPHnlCrOzs1SqVTTw3sYt/tWtPwY0ndOf4/zkcWYqk9jENxyV9k9/vrl2g3979yc0nTaWEByrz/LK8lXeWLvOeq/JkzNnODe5yIw9wb32Cg8767S9Losbc6wf28aWklMTC6z1tnhv8xb/4d5rrC80OT25wMR0PXej01Uey51NXll+n+/eewVHeRxvzHF+Mp3YjGlMmRStWBT+YiG/gs2ch4vwj8+jCSdJnqtTMECwsEi9EfJUhamhoj11kjPgfcPKPwMrIYtsTlI20dAL2USHpgrzPh/9GRNFPPBvsgI2Pz4i60RzwW8exeY38HOGPBgxxjNPyGRUuBvjxVDxPJj2gniJh6fxhFA5+0tckFUBGuGBv43xEalEzeWm+CiBJ1HTUt4z2VvK/iRgmfAkKe8FniTjKxhxZ3iSMn/X8CSBHwV4EvLSeEJcDsPSVFFfjCfl7DWYv8t4wp7hSYIn7N19PEm8MCKeRCvc9xpPcuNlWPxMUmy+TXhSjB/7nZ+k8MOAJ/n2ZvFkByY8Scq7jScfp/zEPKF7lp+Eau1yfmIEpqIL+nTo8pM0j2o+dH6SS0nAKoEnxB00zk8K4iMPR3LxxIQfaTyJavqJyU/CEXc5P9k1PMnmB5KfpLyyi/lJTsfCbSOX3scLNzoHDRoWXFx+g5vHXooPbEgItAARFohopAApBUIrcFx0z2Nzq8X16x+y7cD03HEak9NstBx6ooIWknsrTTrbHVbbLpcvSU6fkChpITo9ag0PaQs8z2N1q8ty22J28RyiOoWigYeLVB5SCpx+EEnNYBM8nETdt1Rwfuk1Gil7fNneWkK6nUJAM+JJHq5ktUvFlxlPcuNjp/nJmA4fba8ftAaPPY03Oock3VpF3X8T961/hX74HqARjSP+rWWf/Jp/SrM+4z+HExDK829P63XR63dQS++ibv0pauUa3F1AnnnZ39SMUqUR9iPmL+G9/i9Qazdh9SO8N/8ALBtr9hQB+Hqex8OlJa5fv47rOJy/8BOazS1u3bzJ3Nwcs7OzHF2Yp2LbdNpt7t65w3/6o//E1NQUv/jVr3LixAmqVf+2szdu3OBPf/wT3n7rLVZWV1hdXeXPfe1rHFtcpFKphCq2220ePlji3Xff9W8Ru72NtCRnz53jr/61v0a1UmFjY53r12/wve9+lz/+L/+FD2/cQAMvvfQSZ84ObqmwsbHBv/v//h2vvfoKW1tb/PKv/ArPPPMMx48fRwhBu93h1q2b/P7v/T5ra6vU63X+yl/9K5w/f4Gp6SkmGg08z2N9bZ3XXnuNP/r+97l27Rrf+OVv8NwLL3Dm9Gl/I1NrVlZW+KPvf59Xf/pTfvwnf8J/8+u/zmc+8xnOnD2LFJJtt8P91goazWZvGxW5/WySlNZsOi3utZbZdNo0nQ5SCLrKYa3XpOm0uTR1gl9cfIErM2foeA5vrt/gjx++xQ+X3uTW9kPutVb47y/9eTqqx3qvyUp3k3fXb3F24iqnGgs07Jox12m6Hf7k0du8uXaD5e4GK90NWm53tMAe0yeTdOTZnNpfyATP5gwq1lJyP2lTun8jFyEgSDqVRkhfVhkLm3BYsnN4Hb0mrAgdpJn+dQUVp0KjFEg5YkV7yINPvg51SMm7kWjqAp5sW3rhLMI5i8vxC4aqUMyreDVcN/Be/+9OKupj9g4q2IM343E1rL/Lx1esoj0vPrIMy/Nvrr0GXqaPTG6Kj4g8SgV9khdUxJKIrxielKl4zTE8+Bz7YomK9iw/F+FHQXwFP16mK9wD/NA782/a7HyebFsQX7nxEZFHOpFVooK+LJ6Usjdpfj+8ivBktO+P3cUTsxHl7d2P+ErjB3037Q+e6Gh87CqehGHSF0rERwl/70l+cojxZED5+cmu4UlBPO0oP8m114QnOiUfBJ7sWX4yLBnjy5SPBON9UvKTAn8X4UdBfH1i8pNRTmSVzkd2KT9J2DfOT0pcUzRegpvwZM/yk8x2DD57O8WTiH1JPBEPP0AuXEbNnU5NxFmarDfvsTl9miJSQiK06m/EaYRWSA0WGtFzoeuyvtHk3uomSw836Km7VCbmkHYVhcTpdXF7iu1Wh0fbd7n/aIPji3McP3WcRqPGxOQk1VoVVylqM7PMnbiAJxtoJUEotPBAS1AqMofmCZrZustpdyvzPdlaQWzc96M+N94OMj+JfrZ2kJ+M6VCT7m6jx6c595zGG51DkUZv3EbdeRW9+hG6vYmoTyHPfR7r4i8iT38aMTEPViX78uoUVmMOMXEUvf0IvXEfTmY8gFZIqE4ijpxDAnr5Brg91MoN/5mdjz5An/0sYuIIIAmeSdntdGhub3P71i3OnD3Ll7/yFebn57Esi4mJCaZnZkAIarUaFy9e4OjReS5cusjRo0exbRvXdZntn/hcXV3lvffe4+233ubcufNMz8zENjrB3+hot1qsrqzQ3N7m81/4PE8++SQnTp6kVq3S6XRYOHaMBw/u8+orr3Lr5k3eefttTp8+E250bm9vc+fOHX7y4x+ztPSAM2fO8OSVK1y8dInpaX8D2HVdbNvmqaeu8Oorr3L3zh3W1ze4cAGmpqYAWFtZ4YMPPuAHf/RHfPTRR8zOzvLc88/z9NNPMzc3h5T+veenp6f5zEsvcfOjm/z0pz/lJz/+MUeOHOHkqVNIKVFa4ygPjUKhcqNBCFBoHOXS8xwUGktYSARKKzytmLDrHKlNc7xxBKU1Ha/L/fYqP3jwBh81l5irTtHyOrTdLuu9Jm23y63th/xs9RrPzl3AlhZHqlOpsT2tWO81+fGjd7i2dY+u57DptOh4vVydxzSmOIl+/hacIhnI4ft97ufgInF5P+nqX5au4I8PlaKsRFMOZFMFaMhFlAcVpxly/2+pCueMdpjkzBL4qKEJucTCPWt6Qjmc57hsrgg0VZyWr3AOZtzvfzDhSdngoYRBSQWzgiKHEt0WVZCb3OPzwN858WE8cZXwvyk+woVrkgfNCuKlaFqT05vsLWt4cuIjKZeuaDZXuEbxRRcdgTCeAMq2N0WJz1PZivJCPOn/NVa+F+DJ0PgRKlSEJxk/jOTgSWq6dg1PKI0nMZ6DJzG5NJ7k25uksidSku6I4cc+4kn2B3oX8MRAJjyJqQPm8DNWsJfHkxR+lMKTQNwfPMnWIicfKYsvo+Yn+V98GQZm2/vY5CfGwC/Ck4IAKeh2uPxk//Fkz/ITA+04PzkwPEk4dDfxJEKp+EjymBoj4schzk/2Dk8ojScxvut4Qj6Z8KMAT5LuOFT5SV587BRPsvKRpAzm8HvM8xPptNH334a5rM1MweXt67w+fRodWpRNwvM3HD3AQ4C2sKVHVWgst0d3u8XmRofllTar211cJN3mI4SoUG/UmarXUdUpdL2CZynWOg5bt1e4fusBVVtTn6ixcOoMz77waaaOXcSlipYVlKyA0thIRAUUYCmJZnAjZAg24PHtEHBp87px8qzN+0ivC4jdyU/IiY+II4fDk8C0pEIZ8pg+tqS3Vg9ahU8EjTc6y5LWoBz02i3UvZ+jO5uAhvoc8tIvIs+85D+bM4dEfQZq01hHz6PuvIZau5XfvjIBM6eQZ19Gr9+G5Wvo7RXU2i3k2i1EdRLsOgKBkBKEQCuF67o8+eSTfPHLX2J6ehrLGtz+tNvtcuTIET77uc/RmJhgcnIyfK9SqXDy5Emeevpp7t27xxtv/Izbt27x4Y0bPPf8czA9OHlq2fbgWZtCMD01xZe+9CVOnjoVtpkF6vU6n//CF1haWuL1V1/joxsfsrKyHLZpNpvcvXOHD65epd6oc+bMGU6ePBlucgLYts3U9BSXLl/mzTff5IMPPuC9d9/l1KlTHD/hz/nyo2Xefust/vQnP2F6ZobPfvazXL58maNHj8bmdGJighc/9SleeeUV/vi//lfeevNNnn32WV7+hV+gVqshBEgh0EgEApnMLKP+QfithPSTCgS2sKjKCpawEIAUMuxDCsFsdZIT9SPUrSobzjYbvW1cpWh7PTZ62zjK5VGnw7ubt3hj7Tpz1cnURqdGs+12uNda4efrH3K/vUpV2my7Hbpexsb5mMZkIK11uFxB4y9kIhVjOeE/uD7aKGdBa1zi6MgLWby8NYlxzRX1MZ5X4VrE+3OWzcmugO3bFZ7IMNorQp3jcnwlt+Nn6uWdiIl4LVMeZaNlZP8a+hp2vJCbK+iTcjl/GyrsjRXV0TmNqp+UTfaGAdYnQ7wMU3Ga5KXja6C7juCH/5mMykNSXlwN7e/hB8+sqA9POJT09zB4EuNQDk/CVX6CJycoW47Fy57hScmK5ej3hcm/aTfF+TC0o/hKzrsZT0b7/hgNT2LxE1GwNJ6EDfPxhFHwpAyuJOMjiR/BtB96PEk20InxxvnJ3ucnFPs3SR8DPEnKe4knafwYEk9CyogPo3/3Lj8xnYg5MDwZmQz5STI+jP7dKZ7056wfKLuVnxwMngyfnzxOeDLa90dJPEEn1N5hfhJS4Meg7S7kJzvGk4ERhyU/sR5dQx85izrxTOrCCQlXln7M1RNfyNdLCIRloRyFsAWWlFRqDTqdDrar2XZcttod2q6L6ygcrdHCwhOKZqtDr9PDqjjUahN4lkZWPOqWYqJWod6wOH/hHM9+6jMsnjpLR1RQ2LjSQiP7+KIicDGIYIG/WSn7L2kNT9z7EROZEyaQm7eRG3cHEbgbeDIMfoyCJwX+HdPHk3RzFdzxwaT9oPFGZ1nSHrq9gd68j96459+OttJATC8ijz2JmDpWrh8hQFYRi09jzZ1F1NKn9WLN7Sri6AXEzElEdQLda6GbS6hHVxHzF8Gug/Dvlw5QbzT49Euf4ckrTzI9PR2eZAyoWq1i2zZa69R7AU1OTHL0yFEsy6bb67HdaqFU/HSjFBLLshBCcPz4Ik9euUKtXk/1Va3VuHjpEgsLC3iex8bmJq1+f1JKWq0W6+sbuJ5HvV5nanoa20o/l9KyLGZmZ2k0JnBdl+XlZZrNJgBaa5aWHvD+e+/RbDa5eOmSUR8pJVNTUyzML3DkyBG2trZYWVlhc2ODo/PzgAg3bqSQCCHIqnQSgCWlv5GJIGglhaBi2Vj9ay0hkQzmues5bDltespltjLF+anj1K0KHa/HpttGC+gpl6X2Gn/y8C3OTCzw9MzZUCeNxlWKG1v3eWXlfZq9NkprlNZsO206Xg+lde4G7ZjGFJIQiQJugZR+whgkj8H6QkY5g4OXYVeEOT+IgSyCN6N8cEVcjv7QmirxDlfWZGeIgmhJq191F3+//ImsoJvg/bj6IRfleNTimFy4sEldEecFA4/0jM5g2gM5plZRhb2BR8yKWpLpTiNl9BA7UiOKJzT6C02ksj0m58VLWNkcTHNSjnknzdNhmg7fhMWZLyQD0HhF4oIsB+VobHpGY7ri2RAfqXjK4Bi9lYknmXImmfAkwXM0GP0Ze30NhsWTJB8STzInsBSeFAyYUiAfT4JxzRXQJjwpxo+yeJL6XSxFOfhh+oCOiCfG75tCPCmIF4O6MZ6Yo8wXUgFnumI4PEnFBzvFkxwcMeBJVPM8PEmbm9HDDvEk6aDS+Ukivsb5CQM5ptbe4UmqQYpMeJKUd44n+5qfJOYkTzYGoKlBYeJYgCeHOD/JnqDEXOxVflK43ulrsEt4kvy4E395QCPnJ+XwpGx+MvQzxJPqlsWTrHwkKRspBz/2PD8JpnMP85NIO8iWy+NJQj4wPMnBEQOeRDXfk/xEa+SdN9DTJ9CTR0hqcEz06D56nVvHXsJECo32FNK28ITFVqvNVGMa7AmarS02th2abQfHUQjsvn+lf088rXA1eDh0exvY2qWpW8xNVjnx5CW++pXPc/bCWaxaA2VVUJ5AIVC6b78QsXvrJT8yftT624vnHr7OMXoZEwiy18RevxvGuH9xPh8pPyEnPkbAk4h3c/EkdcGYDi1pp4Nurh20Gp8YGm90liXlQWcT3VpDd9ZBuYjJeX8DsjEHVrV8X0L4z+WsToI03OY2bGv5/TfmoNIAtwOtNf+Ep9dD9IE44JVKhTNnznC0f8va9NAi8/XQTKXodNo0t7bwPBetlP9/op2UAsvyT5FOTU2zcGwB206Hk23ZHDlyhImJSfxb7Dp4ngdAcJostIH+CcpUMjPQTWmF1hrP81BKEdy2d3VllXv37tHr9Xz7pGD50SM67ba/oSsEWmuUUnieR6fTxq5U2NraYnu7RafT6evjn8x0tabldljubFKTVWqJ2xG7ymWlu0XL7RDWIArfFltILOFvbvobnuAqj3WnyTsbN3lj7TpSSJ6bO8dXj7/IVGWCttel6bQ5Up2iJisorXh/8w7Xt+6x0ttkrjKFLS1c5bHc3eTN9Q95ffUaJyaO0lUOq71Ntt0uHa+Hpz2EsCLp55jGZCAdeTZnkDImKyOJy/EKSMIMLFoBF+aYOpJUpgcn/u6gkjzQLZB9XrLilIx2OTzIDkO5v/pMVrSH/8xd2Q41+4M+83iy7ZDjD14K/JaQ+y+UqnguU/FYwAeLhv7fYDGSpXs/oQ8CIVMOey3p92TFsbECOTu+TBXspWmn/t4plR4v8HNCHtLfQ1XUh3EVwY+kHIufbPUDKRM/hvT3jk5kEuj8+ODJgEx40r/wgPFk8NmMfP/E7DPhyWDCDhJPBtNfEASHFk8M+LHPeEIivkx4kmWYCU98cX/wJIwH/THNT0p2P1J+koUf4/wkE09KU55/s9ruc3wdNJ6k8pNkvBjxJPluifwkCz/G+UnJ8fPzk9wTWbuJJ8l8ZBfyk/3Bkzh+JPORHecnKXsNfFQqjK9Dmp+UxpOS+Qkasb2MvPM63pU/FwWckJ/xNnFX3uL+wvOZ4wmhkULiaMHmdovXXnmVv/T1r3Fy/jTX7txms61wHNAeeMr//VShQGn8u/4pECC1pmJpjs3N8KXPvcxXf/ELHFuYodPrIuwKngSrf9+x4q8AACAASURBVL3QCsRgtvJIIDi5/Can3Y3o9MRIrt9EtFYj/k23yZ7lwSjZeBJM95A4UjK+SMoGPNnRZ2VM+0p6c7m40Zh2jcYbnWVJe+heE93dgl4btEbUphFTi2DVQGSfjjSSLDn1Qvq3p600oFKHtkB3NtFbS+C5/TYCgQAhsKVkdnaWRqOR261Sil6vR7fbxXXccANReR737t1jaWkJx3H8TUgpU199Qkpk//Vqrcrk5CRWxglRIQWNeoNq//meWsfRuFarMTU1RbVaxVMe7XYb13VJ3hLTdV02NzZot9rhqcxarYbWGsdx2NzaZG111X9WabfL2uoqH974kEajgWX5pys95W+Quo7DxsYGjUaDTqOBZVnhpqno/6e1Yr23za3th3SVQ01WwoRTA672WO82Wett4fUfkB1QcJrTU/5zNO+3/Ptw39l+xM9Wr3Nz+yHnJhf50uKzfGnxOabsOi23y7bbYbE+h9KKLafFze2HXN+6y0dbD3hm7jy2tOgqh5vNJd5cu8FHzQd85fiLaDTLKxu0vR4dz8FRnn/rXPN6a0xj6pPo57WDkzh+atV/PefE12At4H9WfVkkmiWCMCkmFjaD2+8N5KzLk91nV6z3OxYD2XRSIlhwFD2zptwRmqwVW58iP7T6byfluL3JZU6ZAvjcdWPpExEDHsyo3/9gomNyRnzkK8xAziFjxXimvzN4rpsCfyfjIyInT+4VVNCneCK+MnlevITjJQzrUyo+knLWsGZtM9wlsmVTfEQ6COIr1XGex0z4YcKTBJlOyBaMWhpPUvHRn9BYPCX5vuJJnAf+DpuTkPcMTwzxkYMnMb5reCKyxQI8MTQvfYJyt/AkFS/D4sdO8aQEfOXjiQE/9h1PCvDFQCY8Cd8v4iPhSZrvfn4S0HD5iQlPzN8fBfGR5MPmJ6Z8ZM/wJE6PZX6yD3iSmx6ZtT28+clgQsijofMTE36Ivk2iID7G+clo+cm+4YnIFg8bnhjiY8f5SQo/4rIWsdaHOj8x8jyPGeOLRPtsGiY/sR68AxNH8c5+OlOdC+4yeuVtlhaezxzLUx52tcajlYesrW/S8wQ9UaE+d5ym8y4bnS4dz8OTgPKVkoDQCltopFZUbMnRmQm+8Asv8sXPfYYjc5O43TbKdbArVbSnsaVEI/E8BdoLf1sKp0yndTux/Bbnu8vG+bLWb2Kv3crwbxF+JOPp45WfjOnwkd58BE73oNX4RNF4o7MsaQ1ez79lre5vbFkVhF3P+HLaZRKiD5R9wHfb6O4maC/eBkD4t2fNu3WpUopOu82t27f56MMPefBgiU6njfI8lNJsbmywtLSE67hIKf0NzER/Aghv8Sr929ga5yHEboGUFtENzLkjc5w7f46FYwtsbGxw9949mltbOPPzVKv+KVmtNZ1Oh+vXr7O8vEy9XufyE5dZXDwWbnT2ej0c10Frzfr6Ojeu32BleZlKpYKQEq01Wmn/dKrWdLtdnnjiCZTWXLp8icbERHgrX43GQ/Gws867G7dY6qxRlZX+94tCaY2rPLacNvdbqzjaRUdMlcK/me2m0+L7917jZ6vXqVkVmk6bxcYcnz/2NC8dfZLL0yeZr05jS4uO16Ptdjg3eYyjtRk6Xo8HnXWubd7nTx69zbmp40zYNZpOh5+uvM+t7UdMVyb44rFnaLtdXl2+Sk85dFUPR7vUqGD60h/TmALSaIT2M2Q/adNhMhVWjwbJHfHkz9BhbuaoVfxaTSRx1Rl9FOqfvfAJOo4vdEpWvJraZXEN5or6oNovYUhYAmiQM2z0ybdkME2+kwYHqAI5wcPr+rxMRXOEkyn39SrYqI3baeDDUEF8FY0fjzeduNwk5/t79GdgBb4MfmyIy2kDsu01tw78HJhbzt/DVqSm4iO34jT5iS2gHfp7p1QKT8K42l88Cc1P4UmcF8ZH+Ho5fw+LJ7n4EchhsySeZMTLocWTZHTvD56Y8GOg/qh4YsCPxw1PylwT5UOQaWMnH08K+JB4ksKPohN/BflJLn5k4gl9t+1vfhJzwDDfF4cGT3YpPymKk4L4ysWTSDyZ7DXhCYcST4akYfwcvWbE8cLojuLHJz0/KYqTneQnWfnIY4AnQYP9wJNBPIyGJ8kTeCY8Ge4ZrLuPJ2TiSXzGC2kYHIleE+U5JO/8DF2fRh27nDnexd4j7Ec/5+6xT/nvD455Y1cqLK+vs73dwq7WeevqBywc/yL23ByLFy5SvXqV7t37uELgag8pBBL/BrZSKKrSYqZe4/K5U5w+sUijboP28DwXKUGgUJ7C0xJXWkhZR2l/lhUQv0OdDqf19MOfcba3mmGtb5hsLmGtfRjG2tB4MswJ3SJ8OWg8GdOBkt5eR7c2D1qNTxyNNzpLUpj0aE2IMJ6Ddjv4G597OLLn+GMp15eV52+66gHSCQZfp3m3LF1eXubWzVu88/ZbbGxuYkmLxeOLnDp10t9Y1LCysoKQgjfeeMPfxLSzb4OqywKtHuhoWVa4oSiEoFqtcurkSX7lV3+VN3/+czbW/3/23jxIjiu/7/xkZl1d3dV3ow9042KT3SAIkhgSECloqBnOjETJ0tAeabwre2Jty94Ny7Gxcjg25IiVZv9Y/+PVPys5HJpdhayIlSVNWNJSojT2UKKGnKEG5AwJDkgcxEEQIK5GA32gz+quK3P/yMqqzKzMqqy7Gv37MIjXryoz3/XLb/5evffyrfLd736Pmdl59u7dSygUYmVlhU+vX+eTT64xOjrKs8ePc+TIEQYGBz2TGxsb4+mnn6avv59wOGTOCDLAKLRf8XGnKCrj42MkEonCK33NvTU19sT6Ody3jz2x/sKraw0MDMPIv4p2k/ntZS6shtjOpQtF1fM2ElFDTHWPsJ3LcH19ngfpdaJamL5wN4d6xtkTGyCkaGT0LJvZbbZyaXrDcWZ6p4iqIa5vzLOS2uD00hVO7jlKVs9xJ7nIxdWbxLQwR/r3c6hnnB9FrqIoCmk9w3YuTSqXoVuLVeVfCbsU24xFcw9OxbE3pzXzuRi364zrUrYPDfJ7eFo+nP2kcnZp7xcUf4mznez0zEtmmHrNaFc8VnJaYd7RDL4HliuueIe445XKG7gj67qg3wzzfFj7HhOVwnz2AsyQtOfc1k/0n/BbDkf9Wu3sES+m6Ag9V8h4zHD3tRefGc/Faq9gL07z9J2BG6z8AU7wmgFqC6329rUP20zUsqGffXjNgHXEnUUraT2/8gYqv5WQlSE/PXHHK+hJOfsoZ1cO+7JSrE9PSorfMD1x6UcFPSmEgfUEZ7xgln4z6ivrSbDy+hS/wXpC0/TEFbrK23g9cX1Qo57YZ7g3W0/K2ku1+unGUd9+elJZP+rXE+sywfSkRD989KR8eb1C9wX89MQdb7Se7CT/xL9Cm+afFLLVYP/EV5gqnZCn4/yT0tCe86r9k7K4BSuAnuBsIPFPKthHOR0pqyd++lGqJ/ac7hr/pJBig/2ThumJd9gW/6SkVRron5S1r1I9UdIbqDdOY0S6MPr2egr+VHaZ8L13uT5+Ij/OqWMokNzKcWtugeRWioHhPZz6wXtMTu4l0a1BVzeJ0Qmic/fZfLCKroJmGITIohg5dFWjJ6ZycGyQfeOjZNNp7s/fRTNGiUTCEFYxVIPNzAYpRUUP9aAbSmElKKhkUVEUFc0AQ9ExFJ2Dd99lNLeRz3tpPajJFULLn6Kmt7wrtIKg+epJOV3xtA+3HfnrSVn7qNc/EdqGsb2Osb7U7mzsSmSgMyCmCFkrG01FMdKbkFwGawCy4lOpBgwDsimMzBZkU8UHl6uDaWDXOH+1u3XzJt99803+7q23GBoa4plnn2X28GGmpqbo6elBURRu3LhBNpshFo3aVmu6s2UO+FVIrngsYO0PqmnFVZ2apjE4NMRP//RPE9JCfO+73+W9d99lfW2Nzcc3iEQi3L9/n5s3bwIGTx87xvM//jyPTE/T1dVFLpdD0zRCWghNMwc1x8bHeeb4s4yNjRVWhVaLpqjsjQ/zzNCjTMZHSvbozOhZllJrfLx2m4gadqyg1Q1z1Wc8FOPJwUOspZNs5VLMby2zmt5kNb1JLj84rmMUXlub0bP0hOMc7BljT1c/l9dv8/1757i0eouLqzdYTq9zN7nE/NYSs337+MnRpxiNDRIPRQmr5oCpNdBZuquqIHhQZgZbwXMyzA6OteLT4dw7DwPDMO/tQrzK7Diu6TcDtcKM03pntBdCK/vmv8Xi2OKNcDSNCmFJBVUIC1jt6o47T6hqhmK5Ga8+5xU7Cfl/65lR7yhvcQa79WVFe6Fce9dmX2Xtw6tg5dq3bHl9wiDX8Az97MMWr6KdA8+od4W47AuHfhTj1d9fxfvYjAaY0V6LflSwL8tnK53hbumHUV/7lha7fOg+toJ9lbUPW7ymFVnl9MTH3vz0JFB53cXPm1clPant+dFYPfEvRPDytsK+SvWDfDO1Rk8Mu300VE8KZpKPBLCPAO3dFP+kg/WkSHn/pGF6UsGe6vJPypbXT0+Mkng79KRp/km1+NqXnz9ipbdb/JMK7V1JPyrY167xT2pZkRXYH2mQf+Iqn/gnAc6plJ4r9NOTpvknnsdRvPfq1RNb+fz0xN7O6uYCxrV30Kc/i9Gzx3Z/WzeTwVhug/jtt7g6+CTpWD/ZrMH1T2+wsLCKFo4SCkVR0Pjd/+c/8bVf+gVQw2wmU3Qn+thO50in02ytr4GiEA6FiUdjTI4N8+SRWYaG+gmFFchus7W1TiicQCOGooTJZhTUaARFi5BL66iKAUrWLIWiYg5ZqERTqxxcPEOfkfFtd2V7DW35E5St5WI1BtCTIu30T+z3Vh3+idARGKlNjJX77c7GrkUGOoOiqBCKmP+rKug6bK1grNyG9Ka5yjLovpvVYOQwUhuwvWYOrBo6qCGUcBTH9Dmj+BQ38NY8Xde5ePEib77xBslkkueef57Pv/gik1OTdHV1FQYfdV0nl9NNiVcUFKV0j05zoLM4nGaUEVlz/0/znZWh/IpO++trVVWlq6uLwcEBxsfHyek5ItEIa2tr6LpOLBbj+PHjjI6NMTQ0RF9fH9FotHBuJBIhHu8i3tWFqqpsJZM8ePCAkeFhqHKg08DIr8gMcqy3D2fk/wMIKyGeGXqMgz1j3N9e4dONe/zdvbPM9k0R08IMRhOspDdIZrdRFIVuLUZ/pIe9XcP8xJ4nmNtc5O2Fj/i7e+foDsXYzqXpDXdzpO8gTw4coicUo0uL0qVFiwOduvkKX0GojGLOIrNPJVTAWslpFJyqfBzFoQXWDLTChyUz+EtTNGyHuR1NxXCea58B6vrKmVw+E4U9a+xxK48EnOHscRx+cc8p8I4acsarcrRLzi6pb98JrIXL+c04DT7D2apx8/rFCnfHXS3jCl0FKGTIw0DK4bpspRnkfs2j5I3Qe8+aADOa3TPq/eyj0HF1h9ZhFeylUrW6q9d9Na/kKWMf7njgGc3+M1y99MS3ICX6UVlPPCvAfTva4zYC60n+X9+Z7xX0pGr9KGSokp54/DBSRk9KqqthekJgPXGEZfTEEQ+sJ+XL6yboihR3czj0o4V64n1DN0BPfPDTE0d2wN/8fGewB9eTEv0IpCdWtDV64p0LH3/EK24d3yj/pPyDz6OA3uV9aPwTX8OvpCcVDKTCZavzT1qvJ03zT3yo2z9pm564GrSRemKjxD7coSMbNepHB/snzdMTAuuJI2y4nlAeP/2ooCfu5ugo/6ScfdSrJ17+iDsO/ua3S/0Tbe0uyidvk3vkJzASw8WbzCZIveR4avlHXA+N88PkIHNzCyyvbrC2nmRgaJB0Os38/H3+6q/+G1/43EmSW2m2ttNkdQXUMF09fYTIEYuEGNszzJNPzXJo/yihkIJKlmgsRKQriqqFzG3g1AgPlpPsnR7k4o15RkfHMMihGoCqm3kzVPYsf8TU1hyaolDQItf9pabWCS19grKxkG+pfHU1TE8C6oet5qvTE1eG7f6IOy50NEZqE+PBfLuzsauRgc6gKCpKpAclmoBwHDJJjOw2xuYi+v3LqJEelN5xcxC04tMpOEY2jbFyE2Nzofi62kgcpasfVC1/UH5gLe/EePlS1l6Wy8vLzM/P05tI0NfXx8jICLFYrPDaVoBcLkc6k8HQDRSl6FS7r6fncmCYA4N6fu9Lr3Rz+b0/FUBRzdcP2Eltb/PJ1U+4eeMmmUyGZ48/y+jYGN3xeGGgM5FIMDA4SDS/ytRCURRCoRDDw8NM7d/H3NwcCwsLXL1yhX379tEVj/vXrWGQSadRNY1QKJSvO/M/HR0do+yAoblyU88P5Jpn64ZBRs+i5/dxNTAYjfWzr3sPz488zo+WPmZua5m37p0jqkU42n+ApdQ6yWwKFYWuUISYFqYnHOPxvv0cSozzo+WP+Wj1BpqikgjHeW74MI8kxukNx1EVhS4tQk+4i6XtVbZzabazaXSa+Tpl4WHBMIpDl8VZm5YTX+48Z6fLMIorOS1HrNCFcXdASi7mEQbpFHpdyOHo+8+od4TlZrhWCgt15hVS0AXsRbI6H4YzXlpepZBnZ9zZk6t7T71yK2JsHVHPeC0DLb7lrYFa0iuE/jPo3fFg7e0zw953RrW9Tu3Zd8f9ylswsDw+9lLNjFN3GNi+inkvTo7If+qIV0k5u6q6vatP3HNGvW0GdKD2rkZPHCEE0xPDp7zuCvKOO+ylaXoScMay/fkR9BlQj57UZV/uevfXk9qeH7XpicN+bBkMrCeFA8vrCbXoSRBdcduHWz+sau94PXEfYLjSE/+k+f4JldvXzQ7QE3e8mXpSqh9V6kkBD/vwbd/m+Sd+K2Lapic14+OfuO3Dt33r1ZN8neUNpVH+SXv0pHr/5GHSk9qeHwH1BMOV7Tr9kwJWO1rHNsA/qVtPioXodP9EXb0Nn/wduYPPYfSNmyc40jPQgOnsXfTVj7m3qXFlKY2iKqwsLROJhOjuifPDd99jY32V1NYGW+ksSiiCnskQjUUZ6u/hyMw0B/dNcXBPgmgoQ0gxyKY2iUXjRGIxlHAUIxRjc1tnYWmNycPdXLryKfHuAQZ6wqAYKOTo2Vxg3/InDFirOH10RdleRVv6BGXjPi3Rk2r0oxY9qbF9hfZjbK/LSs4OQAY6g6JqEOtF6RpA6erDyKYgl8bYWkG/dRqivWixBER6igOQ9WLkIL2JvvAxxtq8uWoUzMHWnhFQw1ivhdUNoyjpHgJoDThm0hnSqRQkEuYXSukxGxsbrK48IJvNYrg6Oxa6rpPN5TAw0HVzQ2k/zIFOc+BNUZWSWWlb29tcvHiRS5cusZVMMjk5xcFDB4nFYlgrPxVFQVVVvAYeVVVlbHycw4cf55Orn7C8vMS5c+d46tgx4vF4YfWnnWw2y/b2NqsrK3R3d9PX34+iKPm6NFez6kZ+sNOjQg3M187qhvm/kQ9zhk5az5LNr3bNGTpdoSiT8RFeHH+ajJ7l3cXL/HDxIv2RbuJalOX0OslcClVRiWtRwmqIsBpib3yIQ4kJxroG+WR9DgODQz0THO7fx2T3cOF1uTEtQiLUxQIrbOXSJHPbgVelCrscpXg/5u+00gHJfNx7xrXrMKUYUYoX9QmLHVsrbccvfyUJFnrWeHuICu6Zx9Yendb3wVdkWZexvvcphhIstNeRI16xY1NyhjOskHBNe3Ra1W7FHdmqNMPeJ7QVy14Sz+b0xeMKjimrSuUKtf9CY5vZ7ojbjvef8WxVszvuaJ3S0NtMnebrKrHnB24D9D3DdYJXA5XJsd8ejaUznn3so8SePEJ8W6tET3zjnvjoh+eMc++w9j328jmoVk/cYZV64lmBgfSkQoIlGSivJ1a6/jOg/fSksn4E1ZOS38VKKKMffjdojXri+7ypqCcV7MUnu47QVUeeH5QYnN8Z1elJiX1Qr56U0REfPbHnvJyelBbX4wp16omnf2LXm4p+ifgn1fknjdOTkgNK8NMTd7x+PWmpf+Kqk3JxXwP0O6Ci41hBTzrYP/GuIFddNMs/qdjfyeegQXrivt1xflykZv8kmJ4E9U+q3kPcnd2geuLlj7jjvpTRj6b7J1Z1NtE/sR0H3vHgeuKKt01PyuiIj57Yc94U/6SMfaird+CTU+j7j6MPHfBtsMf29PBv9ii8cWmFb91WuLMBWggURUfTFC6c/4iRkSF0HcKRGLF4N6MjQ0xNjHHixDM8NvsY0dQKqaU7ZLeSRDUNNA1VjWKoYXQ1zNraFk995gSGEkInxLunz/C5k8/Qr68xvnKJEX271AZcxVI3FwktX0PdXGqIntTkn1DGPmrQE0drl9GTkhOEtmJsrsienB2CDHQGRdFQor0oPXtQekYxksvmQGdqg9wnb0EoitLVh7pnFiL+qwirIpPC2LiPMX8eY9229LlrAKVvCqx9Iw0DI6dj6AZo4KV2iqIQiUSIdcUIRyJsbGzwYHmZlQcr9PT0EAqFyOVyrK6s8snHH3Pu7DmSW0l0XUfP5UqumM2ag6aGbmDo5gCp34rObCZjrv70Qc/lWF9bY2lxkcXFRd55+22WlhYZGRkp7OkZDoeJd3fT29tLT0+PY1UnwMTevRw/cYL5+buc/fAsZ350hieffIpIOMzk1FTJ8aurq9y+dYtLly7x2GOP8fSxY4X86oaRH8TU8yszvTGP1QurJw3DIKfnzIHO/KC0da3ucIznhg+zncuQzKZ4d/ESb8x/wGJqjf3do2xn04TVEPFQjIgaQkFBVVQO9Yzz7NAMd5KLaIrGVPcIj/TsZTDSW8hHVAvTE+oCYCu7zVqmuAeoIJTFcM1ws3V4TOctH+Izg63gwed9yvxMOCUfL/4w45k4zm+dM8kVd7xkhmjAGaYVQksvC/G8jrlntBf+LNuzraUNKoTuY6tMv/iR1W6ueP6DQDOeg8x4rBAWOw35f63OiFfe8+ZlGYJnvHDVgO3unnHsDivYl98M9sDU2971Ejg9q51d8Srbu6oZ9QW7KuqJW1+c9uOdfSvmqR9VtnddKzKx8vzw6EkRPz3Jn9hmPSnem34/jPjpSbHC2qknxeqvYAQdqyc++tFiPcFlX3564lUwPz0xo63Rk4I9GDvUPwl4+Zr8Ey/9EP/EU08CU659vY5tsX21W09K/BO3vfjqifvbAP6Jl36IfxIw/fL+SdkVWY3Uk7IriF324iifv3/SGj1x6ofbH6nbPykpr09YKxXtq0P9k8B6EtA/8W1fM1TX5+Hq30FqA338SJmKM3hxZpwXZ+Dta3f53lyKUyvQ0x1nPbfOdipLT18/XV0xhkf38PjhGWYeO8SeoQHi0RhabJRwTz+r926RWV1EC2uk1C40NUoqp6FrXfSPTbG4DZlQlO6lq/ScucGTkwOB2lldvUPowaco22v4PvZqsK8S/XDHDau6q9SRgPaFO+6jJ3XdK0JDMdYWMJJr7c6GkEcGOoOiKOZ7xPv2oo7OYjy4gZHeAj2DsXEf/fYZCHdBKIIysN9cdVkrhg7ZNPq9C+Su/R36wlWMrdVCPpTEKOrwNEoohgEYRvHVsQbOFZTF7Ctomsa+fft46qmnuHr1KleuXOGvX3uNw48fpquri3Q6zcrKKisrq4xPjHP9+jU21te5cvkKly9dgtlZhoeHAchls6TTaQorRTPe+0Jar8zN5QdLc9nSvEWjUQ498gjXr19nfn6et99+m48++qgwoKmqZt4j0Si9iV4GhwaZnJrikUceYWpqCkVR6O7uZv+B/Xzhi18kEo5w9uxZvvvdN7l58wYHDx1ieHiYSCSCruusrKywtLjI5uYmvb3F/T71fP2pioKKioKK7vv0MPIrP0FTVMLm9CbSepa0nkVBIaxqZA2zvCFFoz/Sw5H+/aymN7i+Mc9yap0zyx+zuL3K/e0VurQIUS1CSDFXBCsoTHWP8JmhRzl1/zx9kW6O9h9kONZH1BrkBrq0KP2RHqJahJyhk8ymyw7QCkKR4hxOa0Ya+dCc1KYUjzNMHbGONz9WCn0CK47jNG8n3TrHc0WbO267XDHXruTcYf5fBcO8jj1uD+09ujIz5ksyWCks8aitglvpWV+74x71ZI/ny1LNCkpHGHhFRDG0atS8frGiHXF8wooZ9OvEFZJxXM4v7puLss1ktbfbPmxx98q9CjPoS0KXfXmG5eylkJ6rYHlK7MMd90rWP7cezaV4x/3sw3YBu54EXUHqqx8V9MRdXX76UTEMoif2eL5CHfbkDluqJ87Qau/C4bjiTdMTH/sooyeOsGF6onhHK+iJz+GBV1A2Sk9K7KVa/ahXTwLIV3k98dGPlutJBX3xwU9PCt9XCmvSk9Kw8f6JRXX+iZ+e+D8/KtiHO6zWP/HzR5qmJ04eSv+kBXpS1j3yz23n+ifFCqEcVfsnfvqh5MukVLAP8U9q809apieKd7TT9MTHPur2T0r0wxk3FMfRHe2f+IblWszXvnAd703V/olPcur2Cuq1U+S2HpCbPAbRbtuFbVfLV+yPHxrnxx9RmF9e5dRVjQsPRvnhXIbJ/QfYO7WXWFcX43v30jcwjBaJsJ7KEu/uIRyO0zuqsGGARoZQOEJWV1hYXGF8egb97iX2LN/ifx65xciBIUpa3MM/UfQM2oMbhJZvYOgZFNvxdfsnJfa0s/wTobUYmW2MtUXIpNqdFcGGDHRWg6Kg9E2gjB9FuX0GI70JmS3IpdEXr0AuhRIfQM2mYWCfOdiphcG1J6Uvhg65DEZ6E2Ntntz1U+Quv46xegey26BqKNEelL69KEMHIBQBQAuFGBgcYGLvBOFwhHAk4pN9henpaT73+c8RCmmsrq7x/unTJJNJuru7sfasHBsf49njx1lbXWNpaYm19TXm5uYYH58oDHRGolH6+/uZmppiaHiIcCSCUvKQNlFVjYGBAfbtm2JkZISuri4Ke/rlr3Xw4AH27dvHlStXmJ+fZ/7uXUKhEIXXyeo6mfzK0Hg8zuNPHOGL6XNGMwAAIABJREFUX/wSfX199PT0EA6HGRoa4seeew5VMV9xe+7cOZaXlrl16xZTU1PE493ohs7C/ftsbW2RSCQ4/PjjDA+PgKJgGDqD0QSP9U6iKSpjXQNE1bDjwWmrTUKKxkisj0d7J0nl0oxE+wipGsPRXg4lxsgaOQYiCSKaeZupispU9x5OjOhcWbvN1fU5trIptrIp+iLdDER6GIwmiNgGMffE+nmi/yBPDT7CSKyfzww9Sm84jmazqcFogkd797KeTTIRHyamRVCD2pywyzHyzlNxxqFjhljJD2O2Mw0cfnlhv8+ynqN3FsqG5XPv2fGx8u7s6ASc8ep3nFdogP+Memu2n6sghSmAPnGf6rFKUqwe0+MuNpsVd4WF8/JhkBnNlJlRmK9xw17hTWpfz2vVYV8Fk87n3Xm6X7x8e9e+B5bVltaPDc54aQG8y+t/tNXOVnGDtXe1M1JL7KPsjFN/PfGkzvaul0B6UrCr1upJofgleuIMK9pH4fNg7V2tnpTVDyteOMytJx720rF64rbu1uiJn34Us1+rnvjox8OmJ0HOsYdV4DewU15PKoRV6kmJflRa8VfBPymrH556Qr7ZWuufOBqgmudFx+hJg/yTSnZSwb7K6onNnvzK66cndKSeVEk17Ww/p8b0CtZt14/d7p9UspN6/BMvf+Qh0BPrgFboSdEeatMTw1VePz2pbg/WxusJnnrirPGKVKMj9nPsYRU49COXRr31AcrGIvrep9CHD7quaRRPyodjA738wvFefgHYTme4s5Ym15tlPrWJoq4T2lwi2j3OxnaWnJYl0d0NGYOhni5yi4uoSw/oI8NeI0f4o0soel7A4lGKje0qmE1P1M0FtNXbqOvzHtUQ1D+p0h+pxz9pt54ITcPYWMbYeNDubAgeKIbXMjzBn8wW+oMb5M78F3Kfvo2xeNX8XFEhHDNXW47MoE4eQ33kJ1F79wZ7la2hm6/CXbuLPv8RuUvfRr930dybM5cGQ0eJJlCnnkF78hfQZn4KVA3DgK2tLW58+ilra2tomsYj09MkEglCodJx7O3tbdbW1rg3P8/tW7e4f/8+mhaif2CAPaN7GBsbo6enBwy4d/8ea2trGLrB5OQkg4MDxLu7AVhcWGB+/h4bG+v09PQwPDLC0NAQ4XDYkV4ulyOZTHL37l0WFxbp7o4zNj7O6Oho4ZiNjQ0+/OBDfvT++9y4cYOpqSkm9u5lZGSYcCiMrutsJpPcvn2LMz/6EefPnyeTzvDZF17g7/3cz/H0sadJJBLmoKhhsLm5yYMHD5i/O8/y0hJra2tks1k0TaOrq4vhkWEGBgbo7++nJ5EgGo0SDocxgKXUKkupNVRFpTccpy/cTUQNF/bDLDSXYZDWs6xkNlhLJzEw6I/00BPuYjm1RipnbpidCMfpCXURDxVXjab0NPe3V0nnMhhASFExMNAUlcFogq78Pp1gPh5TuQz3t1cIqxo9oTjxUNQx0LmR3WItnSSZTRELhQtpajLYKVTg/td7TTdcKXagVdX0v9S8X2aP5w8thrbPzLjiiBvFj0rcffstVfjT5vApVgYcRxXnzFXuAeaPV8p8X3A03aF1mLujUmXHpRK1dGRruLxv3Kv4AbMVNLRwVKctvdrL65mCRzxIe5fLUJCwUKPl4w1u34pUyLbV3j65rb/9g1R3nkqtWT1ug/bWk9J4HWFg+7LobD0Jat1l2ztgturVk/rLuxP0xMUO0ZOGhQGqu6y9NLT8fnrSwHCX+iedoCfN808a8fxolJ644jtETwKe3hA9sWi8nrgNup164rYvi87Wk6DWXc3zoi79cMcbWt5AKTpD8U8C6UnDwhrsy6Km6imbodr1xAjH0PfMoI8fwegerFChXqGtQgo1btjyUR9KJom2egdt9TZKdrtheuKm4vOmCXpS1j5sX9TvnwiNwEhtYqwvQzbd7qzsGq7+23eqOl4GOqvF0DG2V9FvvW8ORn7yPYztNdBzpvKoIZTuIZSBA6j7jqMOP4rSP2mu7gzHIRQ1V2YChqGDnoV0EmN7FWPlNsbyNfT7l9Fv/whjc8kc5AQIxVAGpggd/Qrqoc+ijh4uZCmXy7G9vU0ul0NRFGKxWGE1pBe6rpNKpVh5sMLq6iq5XJaueJze3l76+vrMQT/DIJ1Ok0ql0HWdrq4uwqEwqmYOnqXTaTLpNLquo2oaoVCIiMeqTuvVtul0mmw2i6qqRCIRIvlVp+vr69y4cYO//vZrZLNZxsbHOHLkCHtGR0kkEmiahqEbpNIpHiwv88EHH/DO22/zztvvMDM7y0+/9BJf/NIXGR4eRtM0RxmTySQb6xtsbG6QSZv1GIlE6Ovvp6enh1gsVtq8OGe9ea/mtI6l9MmWL7P1qgIL93X0/G2nKIrt+WRUTNM7H0YxQ0r15wu7l3u/kcB8ba1pPIVXuiq2l3DkBwqdx5koeY/L8cYZW9xyyCgcb/vbZabubpTdX7YwANV2XNAfPq28taQj20yqyXCQjnC1Yc0dZncB/OLVlf/h/iEsYEZrJoCFN+yHkWrtC1cD1FbeoNbXzI6rrTaD6ceO0xN3vEF6Utbe3AWosfj5ZCrpScPCOvSkIbTUvtw3UCv1xCpva/SknvZuir7saD1pxPOjWvtyF8AvXl15d6V/0jA8ctw2PXHbF64GqK38Qa2vbHvXWSpb7ZbGq7qfm0BD9MQdb6eeVFde8U8anYCdduqJVd7W6ElV7W37Xu8eQt/zGProDER7qstMuQzWqie5FNr6POraXdStGlbPNURPGvH8qGRf7gwHjQutwkhvweYKRirZ7qzsOqod6JRX11aLoporKyc/A5uLsDaPfv8SRmrDHLTMZTDW72FsrWJs3McYnkYZnkbt2QPxAZRYL2gRDBTQsxiZLYzkA1ibM6/z4CbG+jxGaj0/eKrm9wadQB17AnXqGdS+vY4saZpGd36lZRBUVaWrq4uuri7GJ8a9i6koRKPRwv6VbuyDlWWrS1EIhUKeq0sBlhYXuXjhI94/fZojTxzh6NGjzMzMEO/uLhk0HR4epqurC03TuHD+AqntbVZXVzz3B1VVlZ6eHnN1ahUoBB8mVMwC2iL5P30GmB35cx2juC9SBcX9Ems6XdjVKHn/S0FVobgphm0PG+s4zLjDdN32n4/bLuNvlx7+nX2A1MuFU9yhYg9te9b4xfNXde/R6d6zxn0cfvGq98DyLrefo19yNXu92uL+e0641r/a9ibyDR3nFWvcvH6xwt1xnxZyFcidwSpFy3VZr8FyR9ynecrvWeMc8A8S+tpHVTNeoaTFK1Wru3rdV6vQkS1dH+2K29rZEeITetiT1c5eeuLboCU3uHd5SyijJ4W4jcB6kv+3xD4C6knV+lHIUCU98fhhpIyelFRXw/SEwHriCMvoiSMeWE/Kl9eN+/J+euJuDueeZ63Tk+pm0GOrGL8Cla8fPz1xZAf8za/QjrXrSYl+BNITK9oaPfHORQB/pJK+1Oqf1LxHp7N8D41/4mv4lfSkgoFUuGx1/knr9aRp/okPdfsnbdMTV4M2Uk9slNiHO3Rko0b96GD/pHl6QmA9cYQN1xPK46cfFfTE3Rwd5Z+Us4969cTLH3HHwd/8xD+xJVuqJ2pyCfXTd9AXPkYfeRRj+JC5wrPqiYkB/RIfPVEySbSN+6jr91C3lvMf++iKR/UU4g3Tk4D6Yavx6vTElWG7P+KOCy3FSG1iJNdABjh3DDLQWQuqhhLrRT3wPIRj8MF/QV/4GGNrFQzdFPtsCmP1DvrmItz5gFwoihKJ51d15gcIcznIbpkrOjNbkEliZNOgZ0DXzWO0CEr/JNr059Ee+yLK8DREgg9qdjq3b9/h3LlzpDMZBoeG2Ds5SSQaxWuwUFVVRsfGeGxmht7eXqKxKJFIBE1VPY8XBKESRsFZMjsFRsGZsrZL8Dkr7/i5Ol8V/Fy7I+rolOATVnVbG670invWWN+bX1e3R1G1e9YUw7zfT7HzYIsWtiIpKXcBpZBnZ9zZk6t7Tz3PPSes7BQbwTNey0CLb3lroJb0CqHfnjVGSTxYe/vsYeO2r0Jor1N79t1xv/IWDCyPj700ec8at70YNj1x60vVVKEnjnPKhVUk7vzhpNjOTn1poJ44QgimJ4ZPed0V5B132EvT9MQd+ulJMZsl2fdvJmdYDXXZl7ve/fWktudHbXri3suvaj0pHFheT6hFT4Loits+3PphVXvH64n7AMOVnvgnzfdPqNy+bnaAnrjjzdSTUv2oUk8KeNiHb/s2zz/x26OzbXpSMz7+ids+fNu3Xj3J15nPnr+1+ift0ZPq/ZOHSU9qe34E1BMMV7br9E8KWO1oHdsA/6RuPSkWYif6J956AurGIurGIvrdCxj9k+hDBzD6J83fsg13gasI7Q8ad4iOurmEmlxE3VxETW1g2M7uGP+kGv2oRU9qbl+hURjZNGxvYGxvQDbT7uwIVSIDnTWhmK+oTYyiTjyFsbkMsT70+Y8wNhYKe2qSTWFkU8AaKCqGGkLRQqCGzAdI/tW1hp41V2+6lSvchdI7jnboJ1APPIc68ihEekDVvDK1I9naSrKysoKeyxEOhYlGo6iq/96SoVCIaH4g1NobNOozMCoIQiWUQmDNUCvsxZl3vMrPuDYxsF4pm5/LpuS/V5zJ4LhNFZxTmt0JWBmwxY0KPQHXzEBrBqqB+Qre4CuyrMtY33sXwznD2j901XYxXrFjU3KGM6yQsDUjtehcu+K+KyeK9uDMVqUZ9j6hrVj2kng2py8eV3BMWVUqV6jDkEtXNPjNcC+d8WxVszvuaJ3S0NtMnebrKrHnB24D9D3DdYJXA5XJccF+XPZUOuPZxz5K7Kmynniav0d2PW8Pd9ndeuKVgTI5cK9o8IuX6kk+B9XqiTusUk88KzCQnlRIsCQD5fXEStd/BrSfnlTWj6B6UvK7WAll9MPvBq1RT3yfNxX1pIK9+GTXEbrqyPODEoPzO6M6PSmxD+rVkzI64qMn9pyX05PS4npcoU498fNPfJ83JX6J+CfV+SeN05OSA0rw0xN3vH49aal/4qqTcnFfA/Q7oKLjWEFPOtg/8a4gV100yz+ppCdWDhqkJ+7bHefHRWr2T4LpSVD/pPKKrAbpiZc/4o77UkY/mu6fWNXZRP/Edhx4x4PriSveNj0poyM+emLPeVP8k/IW6ggr6YmaWoN7F9HufYTePYzRO47RN4HeOwaxRD4biscN4IP79s5toW6vom6toCQfoG6v2I5VSq7Ukf6JIxv164k95+X0pOQEoQ4MjPQ2pLfMV9NmUu3OkFAHMtBZD6EYSu8E2vTnUSLdoMUw7n2EkVw2V2haA55ghrk0Rq64Ya2nJlmvqo30oPSOo4w9jjr9edQ9sxDra0mxWomqaoRCGtlsllQqRSqVoru727HfpoVhGGxsbLC0uATA0NAQU5OTxLq6yg6OCoLgR35o0nDOWDNna5odH10343o+7p4BaXlchsPBzfuYhlFwAr3TtrvBxZnkZtQwHT8jf1nDmp1n/us747Rw3WCh43r5dKGYrkOpg/QXqm+C8qH72CrTL35ktZsrnv8g0IznIDMeK4TFTkP+X6sz4pX3vHlZhuE347Sa9q5qhruHffnNYA9Mve1dL4HTs9rZFa+yvauaUW/TEUs/cMcd9uOdfStma66a27uuFZlYeX549KSIn544HgBt05PivWl7+DjK56cnxQprp54Uq7+CEXSsnvjoR4v1BJd9+emJV8H89MSMtkZPCvZg+T87TU8CXr4m/8RLP8Q/8dSTwJRrX69jW2xf7daTEv/EbS++euL+NoB/4qUf4p8ETL+8f1J2RVYj9aTsCmKXvTjK5++ftEZPnPrh9kfq9k9KyusT1kpF++pQ/ySwngT0T3zbtz49UTcWMTYWYe4cWiiCEetH7xmCrgGMrl6I9mBE4qBFzJWfimK+JgwdJZsGPY2S3kbJbqGkkyiZDZTtDZRKv5GXVkP50H1ss/2ToDoS0L5wx330pK57ZddhmBVo6Bi5nLntYDZjbj2YScnA5kOGDHTWixYx98987Iso40+g3/4R+twH6PMXMB7cgux2FRdTzMHTxCjawZOo+38MdewJc2/PcFfTitBORvaMsP/AAc6fO8+dO3e4dfMWiZ4E4XDYcZxhGGQyGc6dPcv3vvc9Yl1dPPrYY8zMzhLz2UdUEITyFAchLXdZyfv/Coq1Zyeu7+1hxanirs9dFJLO+3MlK9zKp+4/IS//r/WjtZL/0m+lhNXhqLRnTbAlNF49tjy2H1pRvOLO+nF3c4JMgC/bbwy8IqIYWjVqXr9Y0Y64XwtVzKBfJ66QjONyfnHfXJRtJqu9fewF+woJZ+g347UkdNmXZ1jOXgrpuQqWp8Q+3HGvZP1z69Fcinfczz5sF7Dsq+TC5VqspEF94j74rZCtqCPu5ILoSUE/XPbkDluqJ87Qau/C4bjiTdMTH/sooyeOsGF6onhHK+iJz+GBV1A2Sk9K7KVa/ahXTwLIV3k98dGPlutJBX3xwU9PCt9XCmvSk9Kw8f6JRXX+iZ+e+D8/KtiHO6zWP/HzR5qmJ04eSv+kBXpS1j3yz23n+ifFCqEcVfsnfvqh5MukVLAP8U9q809apieKd7TT9MTHPur2T0r0wxk3FMfRHe2f+IblWszXvnAd703V/kmFZGv2T7JplM0F1I37zgzVEBqOMgfwT2zf+z2tag7rtS9XW7iapzJBMioIQlkUwzDkVmkEhgHZbYy1OfSVOxgrtzAe3MBYv2vOeklvYKSTkNnKv6ZWAU0zX08b6YFYL0rPHvP/3nHUkUdRBg6gJPZgjjg8nCwuLnLl8mVe/5u/IZ3OMLJnhOnpafbs2UOitxdN08ik02xsbHJ/4T5zd+6wurrK6OgYn/nMZ3ji6BPIa2sFoTbmfz2B45Wuiu3lHAq2z83j7Q5zifMMYICiFh1RR78l75jZ71b7ret1F/vd2tbHgX5IsR+n+PuLjXKEC+W04g3Dw3V2FNDHE29siSnf8WhkeT2o0/GvuyPUgI5PXR2hqsrrl0IVYb0DtRXjNZS3hR29SnrS8LAKPam/+H56Ukt716gfhYp1V4AtXo29VEuT9CTw5RugJxaN15OgKexwPWkifgM7rdSTEv3w0ZPqCWAf4p80RE/qeX7UW5sWntmvqrw7QU+qpMZ2rje5dupJx/knLdWPh0NPAl++AXpi0To9qSMU/2QX+iet0BO3fdkqoJV6IggPAVf/7TtVHS8Dnc0il8HYWMBY/gR96Zr59+YSbD2AXMYUt1AUpWsAuofNwc3hR1H696LEh/L7cFbxgNzBbG5ucu7cOU6/9x5Xrlyht7eX0T2jDI8MEw6F2d7eYmV1lfm78/T29TI9Pc3Jn/gJhoaGCIVkUbIg1Mr8b/SiAihFtVHz/piq5sP8F5YDrLiOtwYjzT06KUw8sKuX34BmyecOv7A4o7B4hHlAyUzSgGHJDHffDo11WJ0dl0rU2ZENennfeAM6slV1dMt0bKovb9CudCM6spXCQo2Wj7e4Ixuo3+Wf24Z0ZCtWd55KrVk9boN295wD2EvTfiix6Gw9CWrdZds7YLbq1ZP6y7sT9MTFDtGThoUBqrusvTS0/H560sBwl/onnaAnzfNPGvH8aJSeuOI7RE8Cnt4QPbFovJ64DbqdeuK2L4vO1pOg1l3N86Iu/XDHG1reQCk6Q/FPAulJw8Ia7Muipuopm6F26omtQnaQnvhd3je5JuhJWfuwfVG/fyIIOxMZ6OwUDAP0LEZmGzJJjPQmpNYhnQTDWtEZgki3ub9npAfFep+5FqKhD4MOJ5fLkUwmmbtzhxs3b3Lr1i3WVldJbW+jKApaKEQ8Hmfv3r3s27ePib17GRgYIBwOI6s5BaF2rBWdYK7kLK7oNEo+B/vKT/P8witMoDgQ6l7RaX2Xx37Het2+bsdSVZxxxXZctT98orSgI9tMqnLsA3SEG/lDSU0d4yo7PgE7rj6HN6bj6i52noZ0XCuUt7EduQAWvsNnvAa1vmZ2XG21GUw/dpyeuOMN0pMWrMixkqmkJw0L69CThtBS+3LfQK3UE6u8rdGTetq7Kfqyo/WkEc+Pau3LXQC/eHXl3ZX+ScPwyHHb9MRtX7gaoLbyB7W+su1dZ6lstVsar+p+bgIN0RN3vJ16Ul15xT9pdAJ22qknVnlboydVtXeDS2ur7YdETxrx/KhkX+4MB40LwsOPDHR2GoYBhm5udpvLYOhZMHQUFAxVBTWEoobMwU1FZbeKlmEYJJNJ1lbXWFxaZGN9nVTK3BBY0zRiXV0MDw8zMDBAT08PmqbJIKcg1Mn8r/cWBhsLA4oKKEZxRWfhY8X5d/7Qkrj9vnR/b/8MACMve0YxXbffV2kw1Plp+Y5uoBWdjezIlHRsApzuf3b1HRl3GKAjW7ajUiYeiI7q2FjtbdGEDm2LZ7yWXK0FHdlK9mW/j5vubTa0I11DR7dheuIukE/c64eRKsrbDj1pqL60VU/cBdw9euLITuNLWVqcHakn1Vp4M/UkoL5UWd6gatVMPQlau4EQPWmLnrTSP+k4PamZGvWjg/2TTtCToPoSCNETqrKXaoubT8advCPe+FJ2tp4EtrdKFl5GXxquJwH1pcrytkRPAmanJj2pq30F4eFEBjoFQRCEQMz/egJQCoOYxZWbVBjM9Pku74Ap5j8V9+i0n2u/nt/35Y4DvPtdrhMb3dFp3oz6Mh2NHfpDRsOpM72qO0IBqrva2rYIZB+OC7h70gHspRE/XLTwh4x2d/Q64YeU2mfUV2thzdSTgPrSCfrRBD2p5/lRb21bBNaTwoFN0JMgutJI/ShbXp+wmXhVQ5XZq1c/dpd/4nF6M2mRnvgm1wQ9sahZT0rOaJGO7Fb/pMrs1asn1gHN809aoScB9eUh1ZN6nh/11rZF7XrijrdTT+pE9ET8E0EQyiIDnYIgCEIg5n+jt+B22ffmxHDu0WnY4wCK031TSuJKyfeFvx1/GbbvlPyrcHF0bIorPp2Op1KDA1qyotPX8bU+bnBHxk2TOzYV3e4WdGTLdmyrKm+lrk4jO7K1dmQq0OaObLXp+ZW2kR3ZquylTLwUdwKN7MgGtI+HTE/8kivE88Ute7sFzGa9elJ5Rn0N+tFyPalgLx2uJ0FL10w9sahJP9xntEtPStKxVcgO1pOK9tGA50ej9KRyeYNaXDv1pAKdoB8dridB9aUybdSTQoU9XHril1wh3gL9cNuX9UGlgeFSatCPhumJbw1WiLtoUTvXmm4n6IlF9XricYaXnjTTwr304yHSk4r20QI9saikJy25rwShA5CBTkEQBCEQxRWdzr05i3txVtizM+/hKXnPq3RFp3WdYppux1F1+cFe33v5cyrVO5r5bNXe0WiyY12RutIPWuIqO841ufDuAvkUN5+MO3lHvIbU6+m4lnQ0mklb7WvndZz9rKue9m5oR7VsfVe4QDNoip7U0t7N0hNX3Cd5t55UUz3N0pOmNH9L7ctHP9qiJ+6QYoPUoCfueDP1xFabO1NPAhO0xEHat1l64iqul3546EnTrLwKPWkKbbWvduoJxQaoxl58jq5KP+rUk6D6EiyDvkVtDHWlH0A/qn5uNFpPXHGfbLRVTyrUZl201b589KMteuK2L4va9MQdb6ae2GpzZ+pJYIKWOKCOtMA/EYSHERnoFARBEAIx/+u9oJiukrVyU1FxvnLW/LMwWOn+G8+44vm9/TMA8ulZ/lrQPTpLruN7hNMRbd0enT6OacWBHGcJKnZcqg1r6Nj412aAfkIndmxKOrIWAToujejI1jWj2rt4vvEGdGSrsg/XfdvyGadNTc+jxJ4/lLRTT5yh38CdO95MPSlTe9U3T0friTv9FulJVfpRpZ4EkC/Rk1rx05Nanhc16kdFPXHG2zERoCp7CVLtdjpaT6z2tnh49KRc8qInQal0B7grtJl64mMv4p+03752sJ5UPNqrfdukJx3T3g3DT08qhI3Uj4p6EsxeGqofVdqXX20Got32JQgdiAx0CoIgCIFYWFgAQFGU4uCk6+9qP/MK/T7zO8bv+yCfl6OWcwRBEARBEARBEARBEARBEITW8cH561UdrzYpH4IgCEKHU+88l1rOl7k1giAIgiAIgiAIgiAIgiAIQqOQgU5BEAShKQOQ1V5TBkEFQRAEQRAEQRAEQRAEQRCEapCBTkEQBMGBDDgKgiAIgiAIgiAIgiAIgiAIOwEZ6BQEQRAqIoOfgiAIgiAIgiAIgiAIgiAIQqchA52CIAi7nEYNYspgqCAIgiAIgiAIgiAIgiAIgtBKZKBTEARBCEyjBzNlcFQQBEEQBEEQBEEQBEEQBEGoFRnoFARBEArYBx6DDkK6j2vF4KUMkAqCIAiCIAiCIAiCIAiCIAgy0CkIgiAIgiAIgiAIgiAIgiAIgiAIwo5DBjoFQRCEjkVWbgqCIAiCIAiCIAiCIAiCIAh+yECnIAiCUBYZbBQEQRAEQRAEQRAEQRAEQRA6ERnoFARB2MXIIKYgCIIgCIIgCIIgCIIgCIKwUwm1OwOCIAiC8DBhGAa6YWDoZggGMp4s2FEUAAVVUVDUfGh++HCg5yCXhlwG9KwZN/R250qoFUUFVQM1BFoYtIgZfwgQvd4dPMyaKzZcysPc3oIgCIIgCIIgeCMDnYIgCAJg/lgW9Icg69ig51Rz7Z1KTtfRc3r+h0ZB8Mc0EYOcYUB+/E9VFFRNRVN38Ms2MknIbJsDnMLDg6FDTjfbNbNlfqaFIRyDcLy9easR0evdxcOouWLD/jyM7S0IgiAIgiAIQnlkoFMQBEFoKQ/boGcup5PTc7t+BYVQH7phoGdz5JQcmqqhaTvox9h0EtKbsmpzN5HLmP+nNiHSDZGdMeApei1Y7FTNFRuujZ3a3oIgCIIgCIIgBEMGOgVBEHYpD9uAY6vRDYNsNif7nAoNxTAgm8uR03X/438QAAAgAElEQVRCIQ21k+/RXAZS67KCczdj6KYNZLchmjBXenYgoteCHztFc8WGG8NOaW9BEARBEARBEKpDpjIKgiAIQpXkcjqZTFZ+cBSahmEYZDJZcrkOXSWZTkJyWQY5BZNcxrSHdLLdOSlB9FoIQidrrthw4+nk9hYEQRAEQRAEoXpkoFMQBEEooV0/pu2EH/GyuRzZXK7d2RB2CR1pb6kNcxWfILhJrZv20SF05P0jdDSdZjOdlp+HDalfQRAEQRAEQXg4kIFOQRAEQQhINpeT2f9Cy8nl9M75ITa1Ye7HKQh+pDc7YrBT9FqolU7RXLHh1tAp7S0IgiAIgiAIQu3IQKcgCIKwI1ZStptcTpcfHIW20RH2l07KIKcQjPRmW19j2xH3i7CjabcNtTv93YbUtyAIgiAIgiDsbGSgUxAEQQjEbh4M1Q1DZvsLbSeby6G36z7MZeR1tUJ1pNbbsoer6LXQKNqluWLD7aGtz1hBEARBEARBEOpCBjoFQRCEpvGwDI5ms/KDo9AZtM0WZZBTqIU22I3otdBI2mFPYsPtQ+peEARBEARBEHYmMtApCIIgCGXI5fSHZsBW2PkYhtH61+ulk21ZmSc8BOQyLX2Frei10Gharbliw+2lLc9YQRAEQRAEQRDqRgY6BUEQBKEMOV1m9wudRcttUvblFOqhhfYjei00g1baldhw+5E2EARBEARBEISdhwx0CoIgCIIPOV1HFlYInYZhmLbZEjJJMGR1i1AHhm7aUZMRvRaaRas0V2y4M2jpM1YQBEEQBEEQhIYgA52CIAiC4IMury8TOpSW2WZmuzXpCA83LbAj0WuhmbTCvsSGOwdpC0EQBEEQBEHYWchApyAIgiB4YBgGuiytEDoU3TCav4+bnpO9OYXGkMuY9tQkRK+FZtNszRUb7ixa8owVBEEQBEEQBKFhyECnIAiCIHggPzgKnU7TbTSXbu71hd1FE+1J9FpoBc20M7HhzkPaRBAEQRAEQRB2DjLQKQiCIAgeGLr8wCV0Nk23UVnNKTSSJtqT6LXQCpppZ2LDnYe0iSAIgiAIgiDsHGSgUxAEQRA8kJn8QqfTdBvVs829vrC7aKI9iV4LrUBWdO4upE0EQRAEQRAEYecgA52CIAiCA/ueRLt7f6LdXHZhZ9CCPToFoVE01Z5Er4VW0Ew7ExvuPKRNBEEQBEEQBGGnEGp3BgRBEAShE2nKGG92gUs/usjZa6uspPM/+odiDE9N8tyxw0z0aE1ItEjy9hneeP82c6s56JnkK0eTvPLOsvn3V55luKmpN4FskvXtDGhxEl3hduem5TR9HoKhN+5arx6HS2W+/+xr8ONDjUuvEld+H/78G/AP3oPHWpdsw3j1OFz6PPyL3wS/asumIZWCUAKiLc2dN420J/elm3ovzPHWn77Lpa04x17+KY73VXPuZb71BxeZC6KxS6f55n+9zfr4Yf6nL82Uv57vRWIc+XsvcbKFtxIfv8XvvrPMxPN/n597tIXptoFm2lljr13GThSN+MAwx37iBEf6m+tz7HR29Vw/QRAEQRAEQdhhyECnIAiCILSChbO88p1rLKYhPtjH7N4xhkKb3Lu9yPVPr/KtT29z5Kdf4uSeJqW/dIZX37zBejjOvtkJpvr6iY7ByRMjEBmkt0nJNoZVLr1znk+3Ejz54pNMWB9fP80331mGsgMDQudwHD73zyDh8dWI14dCXVz7Q3Mwd/b34eWjwc8784dwJwGffxm6m5e9HcP163y8BZDk8kdzHH9+otIZzSfax7GnxoiXfBFmWG4lwaLETjIs3Zrn2vw9Tv3V66z/7Es818pB8RqYO3uKs4thDpw4wWxPu3MjCIIgCIIgCEKnIgOdgiAIQlUYhoGiKO3Oxs7CuMbr37nGYibG7Isv8MJk8WfHI0eB7BzvvTXH6EjzsjB3eY51Q+Pgj32BLx0sruI4Mtu8NBtHmqW7C9zcyHEAigOdY4fMgdrEWBvzJgSnB6aP+69AFBrL+Ofh549C/4Hqzrv52+Zq0edloBNWee/cAjklRqJ7m/Xr17n63ATT7X4EhhMcnD2881bhC63Fy05mn+TZy2/yzR+ucunybZ778cl25S4Qa/cWuHk3RuIpQAY6BUEQBEEQBEHwQfboFARBEIQms/7hVa6nIf7IE45BzgKhCY6/+Cz7mvjj+dpmBggT732IXlWXmOTI7GGO7K3qXZIN4FP+/N//Hn90OVnFOUkuvPJ7/G//9dOm5UoQHCQOwuPHYUKW+NXM/GUur4A29Rgvz/ZBdoELF7fbnStBqIv4cII4kN7cbHdWBEEQBEEQBEEQGoKs6BQEQRCEprLN9btJIMbBR4OvnHDspwloXQkOPnmMF2cGiwdZe6P92Bc4snqaU5dXSRpAV4LZZ5/nhYPxwjFWXi7817/ggjsxx6tfc6zfPMMbP7zLva0cKGGGp2f40uAc3/zhMonZk/zSiRH8954r/fzS63/BW3cHOfmVCZa+e5mPH2SIz5zkl04Msj5/kfdO3+b6g21yBqCFGX30Cb50Yj9xYPHd13jlkjWwsMxbf/AXvAXmfnCD5p52FPJk5n/l8ru8cXaRxa183fUN8uQzz3LcNshczNN+Vr5/ngv3MwDEByd47gsnmO4q1zoHeOnn9/Dv/vCP+aOv/SP+8YzH4LWzNbnwyh/ze5f28E/+TZWr63Yb1t6ZP/8GfPqbcOE10Cfg0K/Al1+ChdfgW78Pq9chdBI+92vwjLXGdwl+7yXg38FX98Jf/F8wfw5CR+Hwr8BPHa/s+X70p/DWn5rXZwLGXoYvfA0mI6DPwe++DOu/DL/6KxCxnzgH//fLsP2r8L98zZxKePtN+M5/NvPABEz+Mvx91ypJfR3+9htw4Q1IL0HkJfjcr8CxBrwedek1+L2vO/c/1dfhtd+Gy9/Pp3ccZv4xfOEk3MjXPQBvwu8dN/9s9f6pHUOOq5fukSTM7Mwh4mMZJt5fZe7SeRYf99hvc+sG733/ImfnTS3T+kZ47id91lyuXOaN71/l6nLG3DNxZJwXnmhw9gvPhxc4eOddfnDHzFd8zyQv/OSzDC+d5vV3ijo/evRZXn56NH/yAqdeOcUFJnn5xQRnvneFm6s5UDT6907z4guHGS57L1XQYeM2b/3ZaS5t9/Hcf/d5nnTdS2/96btcyozw4i+dZFopfR7GByd47nPPMG3f19pY5sL3z3Dm5jrJHKDFmHjySX7m6AQP0fSexpDWSQFaxLm3dcV6XrKeuc/zM31X+Zv3F1jJAqE4+z5zjC/Njjjqulo/Znb5XX5wbZ1kl20PccDuuxR8EGOZC2+e5r27SdI5QNPoHz/ITz7/BKNln9+CIAiCIAiCIDyMyIpOQRAEQWgqi6ysAcQZCvhq2uTHb/Enb9xgbjvKvtlpTh6dYEBZ5+oP3+Kb7y+UHL9y9i1ev61x8OkZjs/2Ed9e59L3v897q+Rf7zrDdD9AmImjM5w8kf//aJ9zrAZIfnyK/++7t7m3HWZidpqTT4yg3T3Pq2fX66oFWOfMt89zaU1jYGyE4a4MpK/wxutXub4VZu/MNCdPHGK6R+fepTO8mi9n78FpTp7Yz0QUIM50Pu9Per6tNse9d1/nT354j0Wth9mjMxyfHSGxtcyZN77Da9fcK7HWOfPtM9zURjl+YpojY2GSy3O88fpZViqUpuvIl/n6fz/IB3/wxxVWdpqDnN/4aJB/8m++zNOxoPX1kLK57v2/7jrub/8tLD0Jf++34MBeuPZ1+LPfhP/yl+ag54u/BuFT8Le/Ae5FsvpZ+M/fgKF/CD//m7AnBuf+FfznN8vn7e2vw1/9pjmA+uLvwGe/CqvfgD/6l3A1DeoEPPMy6L8PH7ruh2tvwCpw8mXTu776+/BHvwbrh8xrvfg1ePAN+E+/D2nrpCX4f78KZ07BoX8NP/9bcCgFf/PL8IOlWmu4DGn486/CufeK6T16AC7+a3jzcv5Vt7+Tfzf0cfjc75jxR3fpitD0FS7cykHXCNPjgDLN7JQGG3c5cz3nPNa4x6nXznDm7jbRwQmOnZhmNrHJe399hUX3dbcu863XLnJ1Wad/cpLjx/ezz1jk9e/fJfAacV1nfWO19P9k6WrTxTPv8N5GH08en2Z2KEzy/m1ef/07vPrmPVJj+zl5dJT+cIZ7Z9/l9RuucunLfO+vr7KWGOf4iUNM96ms3L7MK391prRcBQLosDLJk9NxMFa5dGHVeXp+T9T+w08wrUD6WvF5OH10hpNHR4lszvHGt05xtXAvLfCDv3iLU9fX0fZMmnq+B+bOvMufeDwzdw0edrJ45zyvnZojTZhHH9tfODRYPZvk5j/kLz7YpHd62rQfLcnNd0856roWP+aNq0no62PfYIycj+9y/GAC2ObsX7/FqdtJolZ7j8dJ37nKt9691py6FARBEARBEASho5EVnYIgCILQVDZZS1Vz/BynP1gmrSR47stf4Mn8yoQjT+dXwHx0nrNHnStgktooL/+DZxlVAA4zxWu8cinJ3O1tODLJkVnQbl3m6orGwL7DHLEWZy1tcvbcanHcpZB2nGNf/imO91lp3+PUn79TuhK0KjJk+w/ztS/NUFz/OMqLf3+SRKI4kHJkpofcN89y/eZtVp4ZoX9kmiMjC6x8dIO5VIyJ2cMUthV1jwWlr/CDy9vQNcHP/YMTTORfBXzs6Hle/bOr3Hz/LHOHThT3+CSDtu95funH8quYZkfhlVNcWFngZhr63aPALrqOfIX/4x+9wv/+B38M/4PXys7iIOe/+F+/IoOcvAnf9Bps/Dz8i9907t05/s/gq/kVhbPD8B++BrffgJ/9Sziab5i+dXMF4rU5OGBbAfnAddzjJ+HVfwmX/k+4cBKOeDRs+j049Rr0/Qb8cn6wkuPwzAz8h38Ff/ttmH4Znvpp+O6r8OEpOP6SdTKc+UNQfxmeSgBz5irN6C/D//grEM1fa3YYfufX4NxX4ZkEXPgTuL8EP/4qfHaimNfw1+AH34bnvlZbNftyGa4uwb7fgpdPFtN76Z/D1hAkgMcPwsfAnOynunLhFvcM6J+eyWuGxvTsKD+4Ocf1y1dIHzxcmCiyfv48F9YhPv0sX7P2PJx9gmMXvsMfvu8cFL95+gpzaRh95gu8fCSvGbNHmH77Nb511TXQ6EdyjtdfmSv9vGSFPaT79vO1n3nC1N2ZOKlvnuX6yjrxZ36qkP6RHnNV3Z07d2G/7c0DySRR23HMTjPx+nd46+4NTn10mJcf9xC1oDp8ZIrR85e5d/1jFo9Zed7m7OUFckofs0f6gDl+8P4y6VAfJ7/8eY5Yz8NDZ/iTV2/wo49WmX66j/RH5zm7DokZu54fZvS7/403Ll/h+jMjHAxWsw8XfnYSTXDkxec5OW6tvwxWz4XLrmo894s2/2T2Mt969SJzBf+kBj8ml+CFX3yBWdtqzFE/34XL3LwPDE3z8pfytj37BCezCyxuNXGzc0EQBEEQBEEQOhZZ0SkIgiAITaWb3mgVhy/NcWcLGJ0s/DgIgDLJzL4YGKvM3Xaekti/Pz/IaTI8YP4ondyschVmIe39hUFOM+1Rjuyvd5QuxqNP2wc5ATTHICfpddY3NaIRwMiRrTaJGwvcMyC+b3/hx3UAug4zPQpsLXPTsVQzxsGZUVt8hKEEQIb1gFVnDnZ6reyUQc5SbKsEHf//c3OQzc7UoeLf6jD0ALzsHKQcyg8OrrtHvF3HEYHjLwNLcP26d9Y+PWeuKj1y3OkdR4/DNLB6Gh5gvur1mZPma2Hv549ZP2UOIB550Xyd7YPL5urOqScha1u1qh6AAeB2fgnq9VeBz8P+hHN1696TkDpbOpBfNwdgcghu/yl8eB2sCRihodL63+0Y13jvYhIKA255xmaY6QPu3+JD20LEO/PreL2ePP74JM6XEC9wayEH9DH9uF0NNSYeHaXSS7ALRPs4dsK2Ot/6/+kpel2HJvbYrqskiMcoTX8wTgKvPRvd+Ywz+8QoEeDevOtBZBFUhyOPcfyRMGzc46P5/DGrF7l0H7Sp/eYg2Mo985k0OMK+nG1lojbIWBxWFswTb86vAjH2jsdsqxc3GB3qgew6c81YIL0TcNjJIfb1AEqc2ZPPc9K+X3jAei7g9k+6ZvjMvnDRP6nBj4kfnHEMcpZnjNF+YPkGb527zeKW+ep5QiMMi5YJgiAIgiAIwq5EVnQKgiAIQlMZpr8XWEiytABUWmyQ0ckBKKVfafnPsq5FP4neBq1gKJN2f28cKH0tYnA8Xt1rrHP9vdOcurpK0j2q2VN9CrlMfh8wxT2PSyvUXc5Rd3H6+6tPx03pyk5kkNOTKlYJDnodFA02Ra9vovS4aH62QS5dcjgAmfzItuYxK0EFSBVfr3v8ZXjv1+D0ZfjZGXj/VeAkPJvf5za1ZoZX/zX8R4+01DvADGwt4b/KFXOgs6ErKhPwi9+Av/xteO0fwmtA5CQc+cfwYoD9S3cR6Ys3uJ4FRobYl15l3WY2o3tisJrk8kdzHH9+AsiYewRCqd2VaGkmr0FFTSqgEnwvyXCCg7OHS/cJ9cD7+eCRvhdd3Qy4j4uoRIF0znv1aXAd1pg4MkH/1Rt8fOkaL4wdYu6jOVYIMzubn+iwnTGfSfev8s1XrpYmpq6zSIZkGmCbS999k0seeXqwzO5cneyykyOHonzrzy5y6a3T7PnFF5i15oMEqmcK14knSkcTIyENyJj+SQ1+TP/gaOnBvvRx/EvHSH/vPBfOnObmGUALM7zvEC88X2n/WEEQBEEQBEEQHkakGyAIgiAITSXGwckEP1hY5/rHtzk5Mln+8LBq/thtlH6Vy38WCvxreJWUSXtlLeDucR7n+rF+/l1ev7QOPYMceXSE/jDANtc/vIHHy/YqooXNiskZ7g0fc4W605pUd11HvsLX/+Er/Ls/+GOWHoErc4P801+VQc62sDpnDkrax1lS+eWLms/7iMP5H+5zHu+Z1sExyJo4CdNDcOEN+ALwwSmY/h3YY10rP1g68WvwzIHS68UOARFz9SfH4XP/zHtF5bhP+eohehC++lugp2H1Dnz4p/DDfwXrvwO/cLwJCe5EVvnw4/xyzYVr/Mkr3nv+Ja9e5uwzEzwZCROxdMUtPSV6GM5rUF6T7ANBOgR8cW3r2NrkgYFzZWZaNxcD+4hpVTrcd5jZPTf4wa0bnN2Ce9czsGeG56w9mK1nUv8oJx/zmJUSGaSXMIsamPs4HuKgx6rAhOeezruQyAzPTV/nlUvLnH5/jtnn8+uNA9VzkaTHKw/S+ZHLkEZr/Jiu/Zx8aT8njW2SDxa5fvky7318mVc24Z++dLhk/3FBEARBEARBEB5uZKBTEARBEJpM4okZZi+d5tLVD3l9fJAvHXS9oDC7wJl3bjP62WNMDE2wt+s2l+7d5uzWTPG1b8ZtLt/cBqWPiQpjpTVTSPsG763OFF9fa9zjwg33as5+BuIwt5lk0YDh/A/hyStz3AuYXCr/urmJoy9w8tH8h1vnufoeEHYea64CybC1Bfi93m7/CKM/WObezRvMnRgt/ji/dZGr94CuQfY1YAWnH71PfYWv85f8+2/DP/3VL/OsvEKvTbwKF/55cY9OgLOvAkNw0GenvgNHzYHMC+/ByZeLg5qp9+Aq0Pes+dpZACJw7Gtw9bfhj+f4/9m79/io6jv/4+8zM7lCCAQIkEAgECCYRAhXRUABBayotN5da1er223rrt3abvvbbe1v63a33dU+tv21dXtZ27XW+65cvEAsIghBQBIuQRJIQBIIEEgghGRymcvvj8lMZiaT+0xmBl7PPuicOfM938s535yM55Pv96uW6VK+V5Bw5LVSsqQLLVK231S43rGfrEel0nWSJVu6xq+z2BSCb+mtrjqNSJJMsdKITOmmL0vlb0jnvP60wDxS0mXJGuzyo8SZMpXVSxo6WvOuSQkYMGn4rFwHaupVeqhe1+Yna3J6sradrtfRT4/phhs7pl1u+vSk3x9tjFbmuBgdOlqvQ/vrleNZ99Cu6qNn1cs/JxlE9Sr/tEk57jU6ZdfxI2fVKmnM2C5+EfXpPhyva6eP1p6aczq08YgabGZlTp/Wcc7dv5OaHEqcPkOZ3gFXZ5vsipFZ8pz/JiNNOdne865LdlubzPwXr8eoWZlKKz+sak+gXr0+zx6dvp8c06HKto7vJ7HB+x5jaf/DgBarXR1jnpt1sa5Nw1OSJCNeiSnjlXN9nC6e3qFDDa7Rp2ld5ggAAADgSsR/9gEAEGrGeC255aIubCzX8Y8K9NKhZGWkj9XIhDbVVp1T5ZkGNTljlDM9X2mpaZo7K0XHdtbp4/UFqs5M04SYJpUfr9ZZq5SUk+t6MBkSHWUXr9+os9PHK7O97AZ7jKQ2r7RjlJkeo0NH6/Txu7tlnZIkXTqjQ2X1vR6VNGpMkmJLm1VdVKAPLk/QiLY6HT1xUU2dRnqMVnZmog4caNCe93bIdk2KRozMVJb/zIix03Td9BNaV1qtt9/aouzMsUpqq9PR4+d00WlWxpxrQ/7wc9jMO/QvM0NcSNS6LJXvUcBI+OiZ0uggdeykedLWb0gn7pAmx0l735CqD0qpz0gzuigjdp50wyrpo3+WXvhMmrlQaiuTil6SHHnSzbf6pp+8TEr+mVSzUUr+njTZ+8M0adlXpbd+Jv3qM2n2Umm4pJOfuEaBLnlJmpMkzbhT2r1O+vND0rFHpZw0qbFaOrJFqp0rPfFQD1P1VksfviQFWgN47kOd/lhADTuk3/xEGn2rlD3XVaej61xT5GZ7NSD3IenQz6S1P5MWL5RGZ0tpV0vU3q7y0rNqklmZ+dcpP7OLYWcT7Tr7ZrnOlpepOn++0mZco5yynTp04oD+sP6scqYlqbW6WkfPtShWkveEyWmzspR24rCqD2zRK+fGK3tCrBqOV+tovUNm9XJUZ1uDjpceDvCjFKNRk7M0Jli/I+Li1VSyRa+fHaOpabG6cKRK5RftUtJ4XTeji+Hqfb0PZ2Zq6ifnVNrQLCWkKcfnnLt/J53T+68XKCMzTROGSRfPnVNlZb3MOUt176xkxbrP/4EteuV0mrIyk5RobdDxU+dUfXm4brnvBt/g3dXMM6qzXgf2Vuva69PU2/PsyWJom4o8308adOjIWV1slZKyr2n/fhK87zFZU0Zr+8lzKt/xoSzXpGlkSppyhh5Twdsn1JCUrMz00RozTLpYdVKHLkvmccm9mtIZAAAAwJWFQCcAAINheK7uvHuMSosO68CxepUeLHPtt8RrVPpE3TAvV5ntsYTEqUt0b0KxPth7UpWl5aqUZE5IUtaCfC2bnhLSaiZOvUF3mffq/b1nVV1armojRmOm5+vO5BN6ZVedzLEdTyfTrrteN1g/0cenqrWnVjInpWj2LdN1qqCsd1PPTrxOaxZ8rIK951R+sEyyJCrr+lzFFRfrkF/S4bMWaZl1pz4+dk7Fu88pKXuUsqb4Z2jWmPm36N7k3frgwHnPOTYnpyj/hrmaN555ZMNrj/ThnsAfLd4ojQ7SInqxN0j3pEv/84x06LhkyZOy/0O67YbuA4cLn5GGXytte0P64CVJadLYe6U1D0nj/Z/Kp0k5S6XCLdKcZZ3zmvao9Mh06b0/STu+4RrJmbBUyvmeNLP9B92UJn3pDWnbC9KBF6Rj1ZIpU0pdJa25sxfrkZZJ5WWBP5r2UOc1CZOWSqvPSzvfkz56qeNc5b8g3ZzXkW7SQ9KqVmnrOmnjS1L2C9Kdeboq1B9QUaVdSp6oeV0FOSUpYYbmTTmht8vP6tBxu9Iyx+iG22/Q8G3F+vjUWRXvPitz8mhdt3Kijq8/7Hs/TJiu1avjtWN7iUrPnNSeM2Yljh6nWxZJOz44qc6TggbQUq/i3fUBPohXzugsjQnWepQxo7RsWZKKtxzRnpN2yTBr+LgsLVqaqzFdBg77eh9O0/SMeJWWNWt41vROf4ySOHWJ7k0u0badx3WqrFyVTrl+b2ZM15Lc9uCbMUY3rFmiMR/v18fHq1V8TpJhVuywZOUvvJYgp59RsyZqTFmZzpYf1oFZabo2oZfnuV1cer5uTS7Xe5+Uq9IuyZKotPxc3ZrXsc5m0L7HTLxOt87Zoa3761RaXCaNMynnllwtm9+sbSXnVV5ar3LJtUZn5gwtWzSdaWsBAACAq5DhdDr7sJoWAOBKcfbsWRmGIcNwPQHs7XZvP3frbp//dm/e97S/K31N39La1nOiK5HT9TDbl13VhRv1drmUfcttWhKKtQPRL3Gx/sP2gqiht5MQR4pa6XerJD0jPbYqxGU1SP+9TLrwpPS3PY28hEfSmJ7T9MNVe78OmXPa8b87dEjj9YUvzA3xCLl67Vm3RcWNo7XsgRuUFeFByVDdc6OiD9d+olfeOSll36AH5o8Od20GRUh/xwIAAADo0r6S431Kz4hOAADQzq7qnRv19nGzxoxL1qjRwzU8pk21x6tVeq5NGj5Z1xLkBKRj66QzkhYsI8gJDMTxEh2olxKnZkZ8kBMAAAAAEJkIdAIAEIBhSFffnAdmpc2fryWWwzpw7LwOnWwf0WeJ90wJNzy8FYSXPg5S7kcBJsnpCHEh0ahV2vuSpDulOaFe9fUKYoQuInx13q+vBE06UHpOdiVq+jWR/7MUynsufTjyhPx3LAAAAICgYepaALhKMXVt91rbbOJXJCKZYRiKjQnh36w11Un2KJhOEdHBHCMlhmaNYe7XGAyhvOfShyNPyH/HAgAAAOhSX6euZbItAAACMPGn/IhwIe+jJh7wIohC2J+4X2MwhLKf0YcjD9cEAAAAiB4EOgEACMAw8YALkS3kfdQcE9r8cXUJYX/ifo3BEMp+Rh+OPFwTAAAAIHoQ6AQAIAD+kh+RLuR91Bwb2vxxdQlhf+J+jcHAiM6rC9cEAAAAiB4EOgEACMAwDB5yIWKZvNbGDV0hZkZ1IjjMMa7+FCLcrxFqoQ79WiEAACAASURBVL7n0ocjy6D8jgUAAAAQNAQ6AQDogsnMr0lEpkHrmzHxg1MOrmyD0I+4XyOUBqN/0YcjB9cCAAAAiC58gwcAoAtmk0n8QT8ijWG4+uagiEmUDL4uYgAMk6sfhRj3a4TKYN1z6cORYVB/xwIAAAAICr7BAwDQDXMIp1sE+mPQ+2TskMEtD1eWQew/3K8RCoPZr+jD4cc1AAAAAKIPgU4AALphNptYpwkRwzAMmQd7Sr3YRNbqRP+YY1z9Z7CK436NIBvsey59OLzC8jsWAAAAwIDxLR4AgB5YLPx1PyJD2PpiXFJ4ykV0C0O/4X6NYApHf6IPhw/nHgAAAIhOBDoBAOiByTBkMfPwC+FlMZtlCtdIH3MMwU70TVxSWEYCc79GsITrnksfDo+w/o4FAAAAMCAEOgEA6AWz2cR0ZgibiOh/sYms14neiR0yqFPW+ouInxdEtXD3oXCXf7XhfAMAAADRjW/zAAD0ksVs5kEYBp3ZbIqc0T1xQwl2onuxQ1z9JMy4X6O/IuWeSx8eHJFyvQEAAAD0H//lBABAH1jMZh6IYdBEZH+LG8o0tggsLikigpxuEfnzg4gWaX0m0upzpeH8AgAAAFcGS7grAABAtDGbTTJMhmw2u5xOZ7irgyuQYRiyWCJ4vbDYRNf6iy0Nkr0t3LVBuLnXcA3Dmpw94X6N3ojkey59OPgi+XoDAAAA6DsCnQAA9IPJMBQbY5Hd7pDdYRfPHhEMhiGZTVEyXaE5RkpMkVqbpNZGyekId40w2AxT2Nfj7A3u1+hKtNxz6cPBES3XGwAAAEDfEOgEAGAAzGaTzGaT7A6HHHaHHDx9RD+YDEMms0lmUxQ+fI1NdP1ra5LamhnheTUwx0gx8VJMZAc4/XG/hlu03nPpw/0TrdcbAAAAuFoZhtHrGW0MwyDQCQBAMJhNrgdoTqdTDqdTToez/QGkk5EX8OGaKc+QyTBkmNpfr4Tp82ISXf8cdsne6gp4Omyu94z2jF6GSTKZJZPFFeA0x7reRzHu11eXK/GeSx/u2pV4vQEAAICrTVxsjJpbWnudlkAnAABBZBiGzIYhMWgAVyuTWTIlSDEJ4a4J0C3u14h29GEAAAAAV6KkIYm9DnQmDUkk0AkAVzR7q1T2gfTZLun0IanuhNRYK9lalWqOkTMhRfbk8bKlTldb+mzZJi+R0xwT7loDAAAAAAAAAK5CKcOT1NDY1GOwMz4uVinDk2Q4ezvRbZTYV1Ku4pJylVVUqbbukmd/YkKcJqSlKj8vS7NysjQyZVgYawkAIXZyn7TnT9L+tyRb7/76RZJkiVVL9ufUcu3dso/Lk+QaLeCe8sv7tatt79ee9vlv9+Z9T/u7wrRlAAAAAAAAABDZrE02tbXZVF1T22WwMz4uVmmpIxUTY7lyAp3FJeV6bd0Wn+BmdxbOy9EdKxYS8ARwZblQKf35OVeAc4BaZ9ym5hu+Lsfw8QQ6AQAAAAAAAAAhZ22yebbrLjaoobFJLa1tklxrciYNSVTK8CRPmqgPdDZZW/SHVzequKTcZ39CfJwmpI/2vLdaW1RVfc4nTWJCnO67c6kWzssZlLoCQEjteVl65+m+jeDsiSVW1mX/R60z75ZEoBMAAAAAAAAAEDregc7eiOpAZ5O1Rc8+/7qqTtV49i2cl6OF83I0fcqEgOkL95Toz9uKVHuhY+TnI/evItgJILq9+09S4X+FLPuWOQ+pedl3CHQCAAAAAAAAAELmqgp0/vCnf/QEORPi4/T1R+8MGOD012Rt0fpNhdr8UZFnH8FOAFHrrW9Le18LeTGteZ9X863PSCLQCQAAAAAAAAAIvr4GOi0hqkfIrd9U6AlyTkgbrW997T4lJsT5pKk6VaPX1n0oyTVN7azcLC2cl6PEhDjdv2apMtJT9ftXN0qSXlu3RdOnTGDNTgDR5d1/GpQgpyTFHnxLihuq5mXfGZTyAAAAAAAAAADojincFeiP2rpL2lCwU5JrJOcj96/qFOSUpOKScpVVVKmsokrFJeX6/asb9d0f/dYTIF04L0fLF8+W1D7Ks6Bw8BoBAAO15+WQTlcbSOwnf1Ts/jcHtUwAAAAAAAAAAAKJykCnd0DyjpXXa0J6asB0+blZmjZlvEaO6BilWVt3yWddzztWLvR8XrjnkGrrLgXMCwAiyoVK6Z2nw1J0/OZ/keniybCUDQAAAAAAAACAW1Su0fnk936hJmuLEuLj9PMfPdGrY2rrLumXv1+rqupzkqSRKcP04398XJIrwOmewvb2FdfrjpULQ1Nxbw3l2rbuHW2tOKuGRtd8w5YhSRozZaGW33yjcsdGw6zCJXrx719UybUP698eyg13ZYCryxtPSvvfClvxtpzb1Xz7TySxRicAAAAAAAAAIDj6ukZn1I3oLKuoUpO1RZJr6tneGpkyTE8/9bCmTRkvyRX4LNxzSJI0KzfLJ/9Qs5a8omd+9Bu9fdyirBvW6IEHH9ADDz6gNTdkyXJis1786T/ox6+XqiHkNQEQlU7uC2uQU5IshzbIfPpgWOsAAAAAAAAAALi6RcOwQR/uKWclaXrWhD4f/+j9t+q7P/qtJFfwU5ISE+I0IW20qqrP6UhFiKdjdJTqnTeK1TBqub71zZVK9Qk152v+zfeorugNvXk6QUmhrQmAaLXnT+Gugcuel9Ww7HvtIzrdOxnRCQAAAAAAAADonxhzfJ/SR12g0z2aU3IFKPvKPWVtk7XZZ23PhH7k1S8VJTpolSauWOgX5HSzKGX2A/qrwakNgGhjbw3uaM7Fv5bG7ZVe/02fD0048p6alj0tpymWqWsBAAAAAAAAAIMu6gKdwTAyZZhGalh4Co+Ll0WS1WqV+jJm01Gn0vfW6u1PylXTaJMsCUq/ZrnW3LVEExO809lU8+lWbfygUBVnGmS1SYpL0cTZK/XAnflK8Qqulrz093rxQK4e/pfVatvwijYVnVBd/BJ9/R9Xa6Ik2epU7N7fIsmSoNTx+Vp+32rlj/TtOrbaYq3901oVnbTKJskyNler739QC9Ouyi4GhE7ZB5KtNTh5LX5VuiVXev+f+3e8rVUxx7epNevm4NQHAAAAAAAAAIA+IAo12MZna8aQbdr95xf0SsqjumdWqiw9rZTqqNHmnz+rTTWpyl22RstHxUgtp7Sn4G398t9q9Fffv1tZ7Xk07HpBz244q4nZ+Vq+JF1JktpO7dGmj17RzxxJ+qe7svwyr9HmX/xYZxsnKnv2Si3LzFKKJFlL9OK/vagSa5ImLlitlZlJUkudDn60Wa/8+yXpnx9Wvrv3nNmsXz53SZZ5y3XPkiSp4YS2fVCotT//tfR/vq6FycE8gcBV7rNdwcnHHeTccp/0Uf/XJo6p3kugEwAAAAAAAAAQFlEX6PSebrbqVI2mT+n7Op2B1F64JEkaOSLEIz1NWbr7bx+Q/usN7X71WRW/blFKRrayp+UpPz9b6SMTOl2Umg9e1KYz6Vr5jSe1fKx7b77yr03Xiz9+Re/sWKknF7tGhyYteFT/Ms8ii3cms/I1xvGMfrmjUCWfz1KuT2C1RnWjHtb3v5GrjoGhNpX8zxsqaUzV8m9+SyvHdqTOX3CjTp2sU7p3/jVWTXni+1qd4VW30Tb94IXdKi5p0MIbWG0UCJrThwaeh3eQc8vA8rPUlA68PgAAAAAAAAAA9EPUBToz0joCnftKKnTzkjkDzrO27pJq61yBzulZwQmcdmtEvu7+Vp5uq/5Me4q3qbioVIUFJSoskGRJUvayB3TPsiwlmSTphHbvqpGm3a0bx/rlk5Cv2VNf0YsHD6ph8ULXRLgmS8ARogkJCZKjRmfPS7mp3p+kaskK7yCnpNYi7T5glbJv8wqsulmUPj7Vd9ekJboxwy/Z5AxN1G6dOHNWfZqiF0D36k4M7PggBjklyVx/csB5AAAAAAAAAADQH1EX6ByZMkwT0karqvqcyiqqVFt3SSNTBjYKc31BoWd7Vq7/1K6hYlFCWpaWpGVpyW2SbFbVVR/UtvWbVFjwGz17/lF9//5sWdSgunpJ9W/qH/7+zcBZpVrlWfHT0aDyHW/pnW0VOlvvWi/TK2GggzXGf/fFBtVJSs2Y1LsOMmxY51BmbGL7WqTNvckBQG811vb/WM+anLcOaLpab6bmuqDkAwAAAAAAAABAX0VdoFOSbl4yR79/daMk6fevbtS3vnZvv/Oqrbukwj2uUU0jRwxT/qAFOv1YEpSSMV9rnshT2gs/0JtFm7X7tmwtdEcQr7lb379rRuBjTQntgUabSl9/Vi8UWZWUsVCrbpuopCGpyho7TGc//KV+89HgNAVACNla+3ngM9ItC6Wi4AU5B1YfAAAAAAAAAAAGJioDnbNys5SYEKcma4vKKqq0flOh7li5sF95JSTEKSE+TtbmFt23ZmmQa9ofCZo0PkUqtcnaKklJSkmWdKlZSkrqYRLYchXvs0rjV+sbTyzxSWuN60MVhicpRVJp9SkFHgUKIPp8X3p/qnTLa1JtkIOdAAAAAAAAAACEQYDVHCNbbd0lPfv862qytnj2bSjYqQ0FO/uVX2JCnH78vcf19De/ODijOesL9eKLu1Vn6+Jza4k27qyTRkxR9khJmqj8WSnSyc16q8QaIH2d6jy7LYqJk9TaJp+U7jx7K3a28q+RVLJZm850/rjuQkPv8wIQXJbY/h/70f3S+yXSLe9JS3PCXx8AAAAAAAAAAAYgqkZ0llVU6Ve/X+cJcrpHYkrS+k2FKiuv0iP3r+pxzc4jFSc1bcp4z/vEhDglpg/OyEVbTZ1qSrfpx99bq9Rp85WfM1Ep7aMtG04Va/eOUtU40rXyK6uV3n5M+q2PauXRZ7XppWf1ywU3amFmkqQ21ZXuUeG+E9INX9f3b58oKUtLbkrX7vc26de/tWrlvHTFtJzSnoI9ujQkSWrsbS0tyv/8Ayo+8Yo2/8czKneX2VKngzs2q6QmWw/888PKj6reA1whhoyU6k/3//iP7pf0qmtkp+6TthwaUHUc8SkDOh4AAAAAAAAAgP6KmlDVhoKdWr+p0PN+Qtpo3bdmqU/gs6yiSt/90W+Vn5ul6VkTNCEtVU45ZciQJBWXlKu45Khq6y5p+eLZuj8MU9Vapq7Wt354o07s3arNu4q1bV2hrO2jOy1JqUqfd7eevHm+0r3nnTWlavnfflfpH7ytTTs26pWdNkkWJaSmK//zT2r5vHRP0tSlX9eT8S/rzYJCvfmyTYpL1fy7ntSa8y/o2YI+VDQ5X49+M0nb1r2jrUVv65WdkiwJSh0/Xw98ezVBTiBcUiYOLNApBTXYaU8e33MiAAAAAAAAAABCwHA6nc5wV6I7TdYWvbZuiwr3dDyIXzgvR3esWKhf/mGdqk7VSPId3dkbs3Kz9PVH7gx6fQEgpN79J6nwv4KT1+JXpVtypff7v2anNf8hNS75jgzD9Qcl/q897fPf7s37nvZ3pa/pAQAAAAAAAACRLaLX6GyytujZ51/3CXI+cv8qPXL/Kq0vKPQEOSekjdaPv/e4Hrl/lSakje4x34XzcnT/nYM/mhMABmzSguDl9dH90vs7pHG39juLtrQ5wasPAAAAAAAAAAB9ELEjOqtO1ejZ51/3WY/z21+7VxPSU/XnbXv12roPPft/8NTDPuty1tZdUllFlc7X1fvkOT1rgqZPmTB4jQCAYLO3Ss9cI9law10TyRKr2r/eKac5lhGdAAAAAAAAAIBBF5ErLfoHOSekjdbXH1mjkSnDVHWqxhPklKRHHljlE+SUpJEpw7QwJWcwqwwAg8McK838vLT3tXDXRC3TV8thihHhQwAAAAAAAABAOETc1LW1dZc6BTm/9bX7NDJlmOczt9tXXK/83KxwVRUAwmPeX4S7BpIka+7d4a4CAAAAAAAAAOAqFnGBzlfXbekU5ExMiFOTtUW//MM6z2ezcrN0x8qF4awqAITH+FmuUZ1h1JK9Wm1jcsNaBwAAAAAAAADA1S3iAp37SsolSSNHDPMJcj77/OuqOlUjyRUAfeT+VeGsJgCE181PSZbY8JRtiVXjgq+Fp2wAAAAAAAAAANpFXKDTLTExPmCQMyE+Tl9/ZI0SE+LCXEMACKMRGdJtPwxL0Q2LvytbcnpYygYAAAAAAAAAwM0S7gr4GzlimGovXFLVqRo9+6vXdf5CvWrrLklyBTm//bV7NTJlWJhrCQARYN6D0rmjUuF/DVqRTbP+Qk25X5AxaCUCAAAAAAAAABBYxI3ovG/NUs92WUVVpyDnhPTUcFUNACLP534gzblvUIqyzlijhsXfHpSyAAAAAAAAAADoieF0Op3hroS/4pJyvbZ2i2ovuIKc06aM1/13LiXICQBdefefQjqys3Hmg7q8+NuS4RrLaRiGDHlte+33fu1pn/92b973tL8rfU0PAAAAAAAAAIhsERnoBAD0w56XpXeelmytwcvTEqtLi74ja+4XXO8JdAIAAAAAAAAAIgSBTgC4klyolP78nLT/rQFnZZ32OV2e/1XZk9M7goQEOgEAAAAAAAAAEYJAJwBciU7uk/b8yRXw7MsIT0usmrJuVWPOF2QbkyvJN5BJoBMAAAAAAAAAECkIdALAlczeKpV9IH22Szp9SKo7ITXWSrZWOc0xcsSnyDYsXa2jpqllXL5aJy6W0xzTKXhJoBMAAAAAAAAAEGkIdALAVerEZ6c8QcpAQc1OAUz/YCaBTgAAAAAAAABAGJnCXQEAAAAAAAAAAAAA6CsCnQAAAAAAAAAAAACiDoFOAAAAAAAAAAAAAFGHQCcAAAAAAAAAAACAqEOgEwAAAAAAAAAAAEDUIdAJAAAAAAAAAAAAIOoQ6AQAAAAAAAAAAAAQdQh0AgAAAAAAAAAAAIg6BDoBAAAAAAAAAAAARB0CnQAAAAAAAAAAAACiDoFOAAAAAAAAAAAAAFGHQCcAAAAAAAAAAACAqEOgEwAAAAAAAAAAAEDUIdAJAAAAAAAAAAAAIOoQ6AQAAAAAAAAAAAAQdSyhLuDChQuhLgIAItaIESPCXQUAAAAAAAAAAK5IIQ908pAfAAAAAAAAAAAAQLAxdS0AAAAAAAAAAACAqEOgEwAAAAAAAAAAAEDUIdAJAAAAAAAAAAAAIOoQ6AQAAAAAAAAAAAAQdQh0AgAAAAAAAAAAAIg6BDoBAAAAAAAAAAAARB0CnQAAAAAAAAAAAACijiXcFQAABIe1yebZrrvYoIbGJrW0tkmS4mJjlDQkUSnDk8JVPQAAAAAAAAAAgopAJwBcQdrabKquqVVzS6vP/uaWVjW3tKqhsUlpqSMVE8PtHwAAAAAAAAAQ3Zi6FgCuIIGCnN6aW1pVXVM7iDUCAAAAAAAAACA0CHQCwBWi7mJDt0FOt+aWVtVdbBiEGgEAAAAAAAAAEDoEOgHgCtHQ2BSStAAAAAAAAAAARCICnQBwhWhpbQtJWgAAAAAAAAAAIpEl3BUAAASH0+kMSVoEj2FIJpMhk8mQYTJkGJJhuF4BAAAAAAAAhIfT6Xpm6nRKTodTjvZ/PEaNfAQ6AQAIIcOQzBaTzGZXgBMAAAAAAABAZHEPSJAkmTue4TkcTtntTtltDoKeEYpAJwAAIWAyG7K0BzgBAAAAAAAARB/37GwxMSbZ7U7ZbA457EQ8IwmBTgAAgshkMmSJIcAJAAAAAAAAXEnMZkNms9kV8GxzyOEg4BkJCHQCABAkMbEmWSymcFcDAAAAAAAAQIi4A542m0NtrY5wV+eqR6ATAIABMpsNxcSaOubxBwAAAAAAAHBFcy9b1dbqkJ3pbMMm4gOd23eX6Nhn1ao+W6uTp8+rpaW1T8ePHzda6eNGKXXUcN2xcmGIagkAuFpZYkyKiWEUJwAAAAAAAHC1MQxDsXFmtbU5ZGtjdGc4RHSg8xcvrNX+QxUDyuPk6XM6efqcJGn/oQo98eXPa0Ty0GBUDwBwlWOqWgAAAAAAAAAxMSYZhpjKNgwMp9MZkeNpH3/qOZ/3UyalaXLGOMXHx/Ypn2MnTqviRLWamztGgv7701/RcIKdAK4w+0qO9yn9iKGxMgzD809St9vy3pZkqIt0Xq897fPf7s37nvZ3JdjTyhLkBAAAAAAAAOCNdTsHX0SO6Fy/qdCznZkxTp//3CLNmJrR7/zO1V7UW+9u1559ZZKkn//XW3r6m18ccD0BAFcngpwAAAAAAAAA/LmfGRLsHDwR95R2V9FhbSjYKUmaO3Oa/uHJBwcU5JSk0SOH66++uFp/ef9KSVLVqRr9z9vbBlxXAMDVxxJDkBMAAAAAAABAYBaLSZYYnh8Olog7058eOeHZXn3L9UHN+4Z5uZqUMVaSVHSwPKh5AwCufGazoRi+pAAAAAAAAADoRkyMSWZzcJfSQmAR97S2+kytJGni+DFKHzfK57Oy8iqVlHZeg279pkLVnL/os+/YidP6cMe+TmmnTkqXJNWcvyBrc0uwqg0AuArExEbcr00AAAAAAAAAEYhniYMj4tboPH3WFeicMinNZ/+Jk2f17POvS5JuX3G97li5UJL07K9eV1lFlTYU7NRvn3tKkisg6k7b2mbTipvmevKZPClN2rZXknSm5oIy20d4AgDQnZhYkwyDv8ICAAAAAAAA0DPDMBQTa2K9zhCLuHByS2ubJGlIYrzP/obLTZ7tmJjO8dmkIQlquGyVJNnsds/+5pZWn3RzZ07TxPFjlDZ2lEYkDw1avQEAVy6TyWBdTgAAAAAAAAB9YrGYZDIxeCKUIm5EZ1dyszN1+4rrdbH+siZnjPPsv33F9VKBdO01k5U0NEGSNGVimlYtnadLl5u0cF5Op7y+93cPDVq9e6PqVI1++us3ZRiG/u4rd2tC2ug+53Gx/rL+9f+9Iqu1RX/3lbuU6XWOBurDHft0rPK0JmeM0003zApavgAQLVg8HAAAAAAAAEB/WGJMam2x95wQ/RI1gU5JnulqvU3PmqDpWRN89sXHx+qu1UsGq1oD4nRKu4oO63KjazTq7uLSfgU6Q+nIsZPas69MNpudQCeAq47JbLBwOAAAAAAAAIB+MZsNmcyGHHZnuKtyRYqqQOdAnau9qJPV53WhvkFTJqVp4vgx4a6SztVe1O7iMs9o1L37j+im62dqZMqwMNesw199cbX+6ourw10NAAgLpqwFAAAAAAAAMBAWi0mtdkZ1hkLUBDobLlv16xc3KGlogvLzpmp+frYkaf2mQm0o2KlblszRvXfeFPDY5pZWvfLWByrcc8hn/5RJafrL+1dp7OgRIa9/V3YVHdaF+gbdc/uNkqQ3NmzV3gNHtOKmuWGrEwDAxTDEaE4AAAAAAAAAA2I2GzIM1yyfCK6oCXTu3V+msooqSZLD4fQEOj/adVCS9P62vVo4L0fj/aZ9tdnsevZXr+vEybOd8qz4rFrf//EL+td/fEyjUpJD3ILO6i81alfRYY1ITtKs3CxJ0p+3FWn77oNaMGeGkpOGdDrG4XBqd3GpNhTs1Lnai4qJsWjuzGm6ecmcTmnd63ZK0l8/fLve27xLB0uPy+FwaPLEND36wColDU3Uuo2F2rH7oKzNrRqePFQPfH6Z8nOnymh/tr+hYKfWbyrUHSsXutZE9ds3IW203tiwTedqL8psNikvO1MP3rVcw4cNDdGZA4DBYWY0JwAAAAAAAIAgMFtMsrU5wl2NK07UPMGdP3uGZ/vanMme7cwJYyVJE8eP6RTklFwBUHeQM23sKH3p3hX6my9/XtfPvcaT5nd/ele2MAwZPnj4mGrOX1Ru9iSNHjlco0cOV272JJ2puaBDpZ91Su90Su9u3qUXXnlPdRcvKWf6ROXnZunosZN6/g/rZLW2BCznUkOj/uM3b6qm9qLmXDtNw5OTVH78lH75wjr98oW12l18WLnZmcrKTNelhka98PJ7Kj9+sldt+GRfmV545T2ljkrW3JnTlJgQp+KScv3upXdlbW4d0PkBgHBjNCcAAAAAAACAYOBZY2hEzYjOxIQ4/fa5p9Rw2epZz1KSvvbInSorr9L0rAkBj3NPVzt9ygR962v3evZfe81kTZs8Xv/9eoEqPqvWjl0lunHhzNA2wkuTtUVbd+5XfFysFl+X5xk9ef3ca7S7uFQf7Tqo/LypSoiP9RxzsrpGmz8q0pDEeD3x6BpNmZQmSbLZ7Xrx9QLt/ORTJcTHdSrLZrPr1mXzdfuKhTIM10jSf//Vazp15rwy0lP1g6e+pGFJiXI6pT++UaCPdh1UcUm5pk4e32M7Ll1u0pOP3+Wpy7nai/rpf76pylNnVX3mvGc/AEQbw5BMJr58AAAAAAAAABg4k4npa0MhakZ0unkHOd26CnKeq72oMzV1kqR5+dM7fe4dhCv/7FSQatg7R4+dVFX1Oc2YmqGM9DGe/ZMnpiln+iQdrzytI+1T9bodLD2uy41W5edmafLEjrpbzGbdsmSOhg7pfG4k1zmbc+00TzB1WNIQjR/nGv06Z+Y0DUtKlOR6qD9jaoYk17S3vTE7b6rPeUwZPkzp40bJ2tyq+kuNvcoDACIRQU4AAAAAAAAAwcQzx+CLqkBnWXmVDpV9pma/KVHXbyrU6bO13R47JLFzEDDea/SjyTR4p6K1tU1/3lYkSVo4L0dmc0fZZrNJC+flSJK27y7xmVL3ZPU5SdKI4UmeoKVb0tBExcbGBCwvJiZGQxLjPe+9RymNHZ3ik9ZsNvepLcOTfdfhNJtNio2JmoHCANAlvnQAAAAAAAAACCaeOQZf1ESkysqr9Ozzr0uSVi2dp7tWL5Ek/eKFtdp/qEK7i0v1g6ceVoxXkG30yOEamTJMtXWXtHd/mebOnOaT5+7iUs/25InjBqEVLscqT+t45WnZ7Q794oW1XaY7fOSEjp847ZlC1jsgCgAILYMvHQAAAAAAAACCiGeOwRc1gU7vEZuXLjd5to99Vi1JOnvuguobGjUqJdnnuLzsyfqwcJ8+2X9E4zYVKj83S8OTk1RWUaU3ieJJEgAAIABJREFUN2yVJFksZk2aMHYQWiHZ7Q5t2b5PrW02zZia0WlEpNvF+ssqLa/Sto8PaPLENJnNJo0bM1KSdKamTk6nfEZ1NlxuUmtr22A0AQCuCv4j5wEAAAAAAABgIHjmGHxRE+i86YZZam2z6VxtvVYunevZ/52/eUB/fON9zZ+d3SnIKUkrbpqjvfvL1NBo1YaCndpQsLNTmntuv1ETx4/ptD8Uqs+c15FjJ5U6ari+/ODnlDxsSMB09Zca9e+/ek0lpZ+p+sx5TUhPVd6MyfrztiIdPHxcR45VafoU19qkNrtd72/bq8uNViV4TccLAOg/g28dAAAAAAAAAIKIZ47BFzWBTklacdPcTvvGjB6hb33t3i6PGT1yuL7+6Bq9vv5DHTtx2uezuLhYffVLtytn+qSg1zUQp1PasmOfLjdatWhBXpdBTklKHjZE+XlTtfGD3dpVdFjj01I1ftxoLVuUr/WbCvXT/3xDkyemaeSIYTp2wjWqlSAnAAQP3zkAAAAAAAAABBPPHIMvqgKd/TVlUpq++ZW7dejICV2sv6yW1jaNSE7S+LRRGj9u9KDV4+y5Oh08fFwjkpO0eEFej+kXL8jTrr2HtauoVIsW5Glsaopuu/k6pY4arnUbC1XxWbU+qzqjOddO0/LFs/WfL26Q1doyCC0BAAAAAAAAAAAAwstwOp3OcFfC2+NPPSdJun3F9bpj5UKfz156889qs9l04/UzNXniOEnS+k2FOlJxUpkZY3XX6iWDXl8AiBT7So73Kf2IobEyDMPzT1K32/LelmSoi3TynYKhu33+271539P+rvQ1fULiVfG3QAAAAAAAAAAGkbXJFu4qXFGi5inuR7sOauvO/ZIku93hCXR+tOugLtZfVllFlRZfd61SRw0PePyFiw06XVOnk9Xn1NzSqrGpKa5/o0coNjZm0NoBAAAAAAAAAAAAYOAiLtAZFxerlpZWNTe3+uyfOH6MZ3t8Wsd0s2ljRupi/WVJChjkbLPZ9Ls/vauiA0cDljc8eagWL8jrNHoUAAAAAAAAAAAAQOSKuKlrf/z/XlHFZ9WaMilN3/2bB3w+O3vughwOh8aNGenZ19zSqhNVZ5U2dpSShib4pK86VaMf/vSPvSp3ePJQ/fvTXxl4AwAgTJi6tntMXQsAAAAAAAAg3Ji6Nrgi7ilu2piRqvisWhWfVevw0UrNmJrh+WzM6BGd0sfHxWp61oSAeT37/Oue7UkZY3Xz4tnKzc7UkMR4HTtxWiWlx7WhYKck6WL9Za3fVMjITgAAAAAAAAAAACAKmMJdAX+TJ6V5tt96d3u/83nlrQ/UZG2RJN2+4nr945N/oQWzZ2hIYryrnInjdMfKhfrh3/+l55gNBTt19NipfpcJAAAAAAAAAAAAYHBEXKBz0fxczcyZIkk6Xnlav35xg06dPt+nPM7X1euD7cWSpJk5U7odpTluzEj9zZc/73m/q+hwP2oNAAAAAAAAAAAAYDBF3NS1kvTEo2v0+FPPSZI+2X9En+w/oonjx2jKpDTPiEx/UyalKWf6JEnS6bN1nv35eVk9lnftNZM1IT1VVadqdPL0uSC0AAAAAAAAAAAAAEAoRWSgU5J++9xTWr+p0LOG5omTZ3Xi5Nku049MGaYf/+PjkqTqMx0jQKdPCbx+p7/pUya0Bzr7NnoUAAAAAAAAAAAAwOCL2ECnJN2xcqHGjB6hT4+cUPWZWp0+W6uW1raAaRfOzfFsr1w6T4WffKpJE8ZoVEpyr8rKmT5RxSVHffIBAAAAAAAAAABA/9gdDtlsdtntdtntDjmcTjmdTkmSYRgyGYbMZpPMZrMsFrPMpohbcRERznC6exQAIKrtKznep/QjhsbKMAzPP0ndbst7W5KhLtJ5vfa0z3+7N+972t+VvqZPSIzovwUCAAAAAAAAIlZrW5taW22y2e19Os5iNis21qLYmJgQ1Sz8rE22cFfhisJTXAAAAAAAAAAAAAxYm82m5uZW2R2Ofh1vs9tls9rV0tKm+PhYxVgIY6F79BAAAAAAAAAAAAAMSFNzi1q7WH6wr+wOhxqbmhUbG6PE+Lig5IkrE4FOAAAAAAAAAAAA9IvD6VRTU3Ofp6ntjdbWNjnsDiUmxsvUx6WpcHVgVVcAAAAAAAAAAAD0mcPpVGOjNSRBTjeb3a7GRqscTmfIykD0ItAJAAAAAAAAAACAPmtqau73epx9YXc41NTUHPJyEH0IdAIAAAAAAAAAAKBPmppbQjqS05/NbldTc8uglYfoQKATAAAAAAAAAAAAvdZms6m1tW3Qy21tbVObzTbo5SJyWcJdAQAAAMBXvSqKj+t8+7tRk2dpSnJYKwQAAAAAALw0N7eGteyYoYS34EJPAAAgqhzU808VqKjHdMla853HdFvqIFSpOwff0ON/qHRtp87SD7+zXOPCW6MQ8L0ms//yKX01b4BZ1h3WO29/rC3ldapvlCSLFn3lSX1p2gDzjRqVKnhps9c5nTXwcwoAAAAAAIKita1tUNbl7Ird4VBrW5tiY2LCVgdEDgKdAAAAkeTMZj3z3D5V+vz3gk1NV9oSFDWb9fRP9um0JClDX33uHs0Oc5UAAAAAAEDPWlvDP3Vsa6uNQCckEegEACCKxWn26kWaPTzwZxlM9RmFWrTrXa8gZ1KKZudlKG/ySI3LCGvFBlmevvocQzgBAAAAAIg0dodDNrs93NWQzW6X3eGQ2WQKd1UQZhbnz4fKkOSUfF+dkmG4Xn34v/fe7znAKyfPe69kfvm7U/ecv//nAcrzlNvxsX+7usy/kx7y77y3c3m9aZd3eZ3Om9/5C5C/f7k9t8u9P1C7urlefc7fX+f8e9Ou/uXv3QH6cL0C9rOuyvXOv5fXq0/5+1W4N9eru5+rQOV21/+MLvLvXIvBuV8Eakawfp67YZhjpPghMpJHyxg1Xqa0aTJPypV56jwZqZO6PRYIvXhl5MzSgnBPT4sgqlTpMfd2nFY88ojumRjO+gAAAAAAAHSw2QYY5HSc1ebfb9BW5eiJR65X6gDilDabXeZYAp1XO4vR/ozf/ajfaA8QuPYbMgy/AITRReDDcL+2f+Y0vDPy6Cp/o9f5+wU+PPn7l+tbvOH0a49/YMV9uDrn70rdRf7e1fYur/3/O7XLP/Bm+NRGTv/z5p2gU/4Bzqdf/p5q+wfADL/y/E9YwHZ5tUf+7fJqngJcJ/dRfvl3apf7vfv8+fc/+V2vLvP37wCB8u+mf/iV25F/F/3Pv9w+5u/WOf8+XC/v8vyvV6dy/cqTX/6d2hXwdA7+/UJ9vF906vdd3C+64bS3SY0X5Wy8KFUflf3AFrW1f2ZKmypz/i2yzL9D5smzeswLCI8avfOTP2ptjevd7Ice06JT6/VyYY3Ot0iKS9bsOz6nr16Xprbz+/TyS1u1q8qmNpNFo6bl6rGHlmtKQntW/uttPj5SW17+WNtPNKrNISVOyNBtd35OKzKH9K5qjnpV7t6hl7ceVWWNTW2SYoYMUcbMfD24YoEykiSpRbte+IV+d8h1SPKSe/Tsnb5DG0+//zs9vbFekpQ4/3P62X0zJEn15dv18tt7dbCqPe+kFC24/TY9OCdV/hOb9CVtr/VwvmJS0nTbg3fotswhCrz2aosKfv6cCtzHu9c37dV563xuNHOFfra4Rr97uUQH62xS+lz96zdT9Ian3GSt+eYKJW7erLWH6tRkk2KSU7X03i/onuwhqi/frP9+rf1Yi0UZs2/UV++ZpVFe/z3RVn9cuz76WFuKanS63rtu1+mxO2dplEV+U9a6Ver5p57z1PO3D8vrfHReb7bt/EEVvPuJtpTWqb5Fksmi5PQ0LV1+o1bkeV+zg775fPsLGrXjHa3d6+7/Q5S3dKUeuyVTiX27ugAAAAAAXJXsAxnN6Tirwj++q40n7ZIO6Bd/tOiJL87rd7DTVRemr73amf/vrbH/V1LvR7y5j+zlCDP5pA+wu08jtQIEvPwDez2U2+WIt4DpDd8Dehj51VX+PgGXntrjNyK1x/YEyL/r8xjgvPkX1N15NDrVsocRl/3vH+Hsf/7ldujhegUsoOd2dZ0+ULt6d716N0K2//n3b4RsL65XpwvdQ7u6Td9Fed3dL/rI2VAnx9E9sn34kuyHtsmwWGTKyAlO5v1wpuZin9InxJplGIbnn6Rut+W9LVfoOWA6r9ee9vlv9+Z9T/u70tf0MTGR+tdgNfqkoKI9SBSv7EWzNa3buGKjju44oNJG17v6ikPafuSSmtzfSe0tOv3pUZ0yXVTBix/rYL1DDklyOtR0/oy2H3foxvkZipekmk+1YV970MxiVUXhYe2vaZOj/Weq7VK9Pt19UKfScjRvTGx7db2OGTJWSxdNVpIkOar1zs9f1G92nteFxvYyJTna2nShqlLbtpfJnJevaUMtGp9wXpuL6tQmqaWmTZk3TdcYz+Ws1MZXi1RhlaQhWnrfrcoZJp3e/Hs9/Uq5Tl3yyrvVqsqDB7TlbJJunDnG8zW4L2l7vibSuFkLNW+MX9sdF1S07ahK6zrOl8PaoNLdR2XOn61pQ3zz6MR97np93lz7Lx8r0pby9sU9nef16dYTOtrUflRCqm5cNESlnnLtqjxQoqIqq9rakzhaGlWx76hajAr996tlOmV1f+BQ/anj2tkwWrfmjJQktR36Xz35HztV9FmD6lv863Zcmw9bNW/BZCU1HdeWHWd0uau2jp2iO2aqy37edPB/9b1f7dX+M1a1uPux06GWS/Uq3XdA22uTtCjPfc28z6tdpw8WaWdFo1f/b1NN+WHtN2Vp6ZReBugBAAAAALiKNbe0ytllYKA7TTr45lq9drTVs8d28bSKzw/VdTmj+h2ujIuNvkCnzf3gBUHR8RTXkGR4Hlt3vHr2G55XQ+4H42p/1/Gq9v3tm/LN37947/zd5Xrnb8j3f975e71vz7/zM2zD0y6f8trzV6f8/cv1zt+rXX5FdOzwzt+vXYbhefXO33MeO7VLnlefAg3vf37Xye96+bSny/Pm1y6//H3Oo39/6JR/5/4R8Hp5l+HTro6O06n/+V8v7/7n1Q+98++y//lfL++6el8vw6ssv+vVuV2+p8vnvAVsVy/6X6Dz5n7vf73ke70C/Vx16n/eP7+9yd9bb+4X3ueuN/cL73PX4/0iUP7+ZzPQdQpwvYLEfmS3mv/zb9T0D0tl+3htcDMHulSvtT95To8/FeDfTzYHDJo1NbZo1LQ8rVmVqQxPXKdFRRsPqjIhRQtWzdIK78jp8VJtrwlUdL0qrXGaMmeW7lmVqSlJXnm99q6KWrqvecWG9Vpb1f7GFCAfW53W/mq9Sh2SsmdpUUr7futxFR3xyujIPm2va9+ekKsV6ZJOFOjn77oCox15z1Be+4jApv1b9YY7j76kHQhri+odQ5S9cJbWLE31GgVZr4KtRyVlaMVDy/XYQzM0xXNQnGavXq7HHlqux+6coVF9PW/+auo9a3/GDIlTcoL/Uu02NTXGKWOOXx0d9SrYWKmmUalasWqWFkyI8xzRtHufitx5zpihBQmS4oZoSl6mlq5apHuWpmmcu5hT+7T2kKTkGbrnoeV6bHWGOpaRTdHSh9rbemM3i5FaP9HvXjyueneZqWlacecCrchO9vwHUf3eAv3c0yl821ffII2aNkNrVuUpe1THJ6e3fqzSrksFAAAAAADtHP0Kcko129bqxU9bO+23frpVv952dlDrgiuLxXcElbP9rddr+365X7oaQeWUK3LgdLZP8+p0TYPZ7RqdzvYRWv7lBeBVrid/+ZXnHRlxSuoif/f7rvLvECh/d7mB0gcoz515r0b8BW6X/Nvl2dtVu5yd0ncq0v88erfLuz0B8u947d2IzsDXK3ClXJeti/7XKb3/duDrJf92OdVtuzpdry62Pe3x6/cd06H65e90+vX7HkZ0OgPn7z5/nU5Np/x76A+dfp79rpPR+efXN71f/zACXK9uf54DtKtP94se+p8nf/cu3/4Xql+BjqrDav7lX8tS+L+Kvf9pmdKyQlQS0E/ZN+r7j89VoqQVya/oa69Vt38wRCu+7F4Pcqr0wzdUUC9J9ao8K6nTOqAWzX7wEX013xUUXbFon57/0WYVWSVZK7V9f4tmz4/zP8jFcVAF2xs9+Sz68hP6Urbr3Yrlh/XfT7+r7VZJjUdVUNyi7DkZWrE4RQXr6iTZtL3wEz2YPVcxkg4WH1dTe055i+cpWVLR1oM6767jw4/rq3lx7Xlntufdou2fHNaXps3oU9qBGaIVT/y1Z73NRcN+r2+tcwXjmqqqdV5TNSV/lqbIrKKXDrcf47cGa5/PW+fzn7HkDv3t7VOV7Am0HvT5fNSSO/T99qmBs+2/0I+3tUesTWn60jce0KIESUuS1fQPW11HOup1+rxc/cM0Q/d8O00PJid7/RXmAi1N7ehnFccqpbwM5eWnSTW1euftSrnGvA5Vdv4sze7hLJ7evk8H3UHcCQv0r99Y5AqWLlmkFds6zmnF1k9UuWiF/EOmo5bco39tb99t8xP1zA93qVKSrDWqOC+f4CcAAAAAAOisP6M5raVv6xdbGrr8/NSWd/Vi6n16OLtvC8v0b2QprjQW3+Fb6lhLsD2U0HnNPd/0wV6j0zACBFa8y3OX4zR8y/Mk8GuPf7vc5SlwuwKtwegKwxiecr3z97z6tMu92+hyLUFPwNJdnrpol98aneoif5/zaBid0nuK9b9e3otABkjf1Rqgna6XX+C303WSf7sUuF1O77d+/c878Obf/9zZGR3XyZXcr11d5O9pj3zz94+GBWuNzk5r03oO8C3X0x7Dr/91kd63Ot75+/VD/+sU4Oeq0/XyLs8vf/929br/hfx+YQS+Xv7pQ8BWXCD7gS2K/dK/KGbpF0NXEK5ycZq9epFmDw/wUUKqAsVs8mbmedYijPEe0ZeQpryJ7jfxSuwiRtmRPlNL871GfibM0op521XUHhirOFEpzZ8a+NiaGs/IQiVkakG212emGVows0DbP7ZJkipPnpXmZCh5QZ7yNmx1BbkOH1VRy1wt0Cfa8omtPZ+pWpofJ6lalafcmdl08H9+q2+91ZF9k3ukaVW1Tiu5D2lnuNbH7K/kyZo90evtiKGS2kcdttk8a/92qx/nzceoWXrszqleoyj9xWn2rI5jEhPjJbWfhIkTlOdeqzUursvpZBJN9dr1/g4VlVWqoq792tg6hvfW19d328SeVJ7qOH7K3DyftiTnT9WUdbtUIUl1tapskTJ8+rFv+5ScrFGSKt3vmTUGAAAAAICgs53Zrl+/cUrWblO16uAba7Xx8fu0aqx5kGqGK0XHE06fB/7dj+TrSO81EquLEVmB8/cqJ0D+HeX6H+Y9IqubEXtdltu7EZCdRiC2Bw67aELn9/+fvbePj6q88/4/ZzJ5BqMxRhJkNCCYFEdCQEIxSlMkVbBIdbNVtkq7pbt17962v9rerfvAqy/dlfbe9d7Ve7furljrQ23d3LWohdq4NEXjQzREMCLRCJFBiMQYjZhgSMj5/THn4Xo6MxPIA5HP21ecmTPXfL/X97quc3Ey33zO1+t4kEJWiSdAsWf0kUxRBwiKSFXxZohLUiAa4pH8JlFcep+V7QcqRoOeCwc1RaTbOMH68xR7I7V/kqw/JXWrxRVsXz2eRKFttJ9AMZqifUlxaYhrVPcLZ12a2xvi0jo2ttjHBjHws+9jeP9uZN54x/g4JacYiuIvBdKzAzKYU3MTJMBSay8mxvqPfBL82fd6HBWl2U7e6bmAo/PzEmOZC1EV3YbWnQCGD6Lh5V5UZLd76r6CxeWIhgDg/bjC0GHw8ACCU2sjaXuCZKZhZH+TaOB4xk1kemGSZG0WcrID3jotL+n6GNz1GG79uX9b2dGnC93CnWzy8pQeTRX72IfeXihK5ATxEUIIIYQQQgghJCUsy0pdSdn9Av713l04kMp3BcOHsfXeR5H+l2uwLMXvuqzRrk9GJiV+otNRTLmJB1XR6QqnLDFHAghJMic5IiqoXHMG+0hiX1bCCVhuEstX7MmKNKmxoGBT4wqyL8flK9sUJZ8bhaSoE/xpSkE5Lj/XJCvZfAWkyb4wjpqyzTxu2nmuKOd0xZsyGIoiVZovo305LklhKY4jIM+XGxeU+bKU8TOtP6HjvgLXZN99w2TfHJcnGFTny0umGtaf195SDBjmS7OPAPv6eaWtD0nxmsL6Ew2ksv60fupKWDWuEe0XgvmU9gsxHvU88dwFrD/jfjF2DD79M9gfHkLWzfeNj0NCxoPDfegFpMRZf7+f3MzJzgr+7Fn5KEAsnrQz2On9sM97LiazKhbNRs7OdvQD2NP8HOrg3nY3H9WXukq9M1FUAMSN52Ll97+J1dOCOnJwBG1PAo5z3MaHXjQ2+EnOyGWrcNMVs1GQCeCVOnzj4VjCT6dGIQrOBuDUjI0nc4U4D/cKiepcjPsQEEIIIYQQQgghpwAhy8KxFL9Y7WnrSC3J6TJ8GK1vfoBlhWek3BdCwnLiLknNPRtaIsFDSLQE1+g02/eUbUnty++79gMVdoE1QA1OUlWECcowt7vS+Kn+XOOJ4hL9GRR2QvZrhArEoLjc46a4EsyXGE9K9uWniWokJoor6XyJ2TFTzUfhVr7xZZFAsWxYZ4HPXX+p1uj07Nsp2hfM2ZDPK9N8JarRGRRXovWn1ui05YRk8H4RZF95L2mNzlSV5QH2ladm5ap8fo0lQy9vxpF/vB7Z3//luPgjZMw50oGGV/pQ6t6+drgdjdv9W5TOOletjihQWIhICOgejttpagNK3duwDrejqXXItzNTsFNajqr8dtT3ANi/Gw3u8blRVHtJrWJEpsNJXvahqSmG1VfLfendHwNmRJA3orYnAcc7buPCAPq9PGsmSsudJCf60LTzoPkj2ZmCyrUXnV0w1IKViUzPA1rj6cw9za3orary5qZ3Z3v8trUAUFiIWcluv0wIIYQQQgghhJARk5YWwrHh1LKX+Ytr8JenH0JwdU6VHJxbmlqS0+0LIWG5piQUpZSpRqcp8SYqpdykiKwUc0lWcy+5fV+JJfmD6ld2r9ZI9BOirl/n49Dtx1sH2Be7Lfpz/q/FpSbeLKk3Qk1JS2+g2TeMZ0CNTpMSUPKnDpgxriQ1H432lfgCanRqSlR3/NT1B2W+Au2rC8BkP8H6UPz69gPW3whrdKr2XXT7I5gv0Z86X5pfxR8U+1pcxuEc//0CI9wvtHUfsF+ME8debcAnd3+dyk4yinyC2K4daDpgei8Tkc+UoWjMkj1DaHnkfvx4dxkqzupFy3Md2OMmukLFqJyXwHEoipqq59DyTB+AITTe96/onG+wkx9FzVzxgxHUXJqP+sd7hGNhVC1ZKNWMrFgaRcHOVnQD6H6mDt/bF0FFWRHyPupE664Y9vTmoua730Tt9JG1nXCOe9zGgzwUnAVHbTmA+vvvx+AlEfTv3o2mfUPmj0yNYFZ+E/b0AEAvNt33GNKvmIm83GJUzDF/pKiqHNF6p1br/ibc+pP9qP7sDOCNNjS0+XrOaPXiE6upSgghhBBCCCGEECNpaWnAYMDv+irhApx/YcHY9oWc8mg1OuV0UjKFYrzlaNfo9O3LHzUqstTEXkK/CRRvQnvNn6psS+BDTqyYa2hK91NNqEg1xKDEKSVmlRqaet/kcfNqdIpxBfmKGzYq+aTF4z7Y0OLSFYjJ4hrr9acmShMrWBMqAlNdfwnsS6EBWlxGBWLCuI6vRmcq9lPeL5x1k/J8iQYNTlNRyGrjpypgE+0X48DQy5sx8OBfs2YnGSUG0PLbrWgxvpeH1T8ow8oR1O8cEXl5iAz1Ys/2Hb6KDgCQiYobV6EySYJ11hdXYXXHL7FpP4DhAd1OOB+rv16DWcof5uVVRhF9cptXmxP5Zaguldvg3BrcvOIAbt/Sg0EAvftiaNgn3jq1D03NHaidXjKyticBxztuY08mKleUo373DsSGARzuQcNT8YT0rJJ87OnoMXwmgpVXFKPhkYMYBIDuDtQ93AHMq8G9AYlOZC/EuhtjWP9g/Da5g10HUf+4rBjNW1CDdYtyRzE2QgghhBBCCCGEuITDJ09y8WTqC5k4/K/BLACWW8tPePSOW96jBQuWFX/Pecd7hKXXi/Ttq+5F+65f0b4F+T/RvvDasa/fjtny4pL8Ofah2Vf9ivaFuBQX/gHRvhKXZXmPon1vHLW44D1KDi3xR5knZb6keALHTYlLsS+No7oeNPv6+jDOl+hDistfONr6U+dLXH/COhTtB64/db7EvorzZQm+lPnS45KHSxo3Y1wprD/TuLmv1fmCPF+m80pbf+L5m4p9kVT2C3HsUtkvxLFLul+Y7KujaZonw3xNAINP/wyDDQ9NXAcIGQ0yS7Du+ytQU5KLdOdqIj2/GKtvugE3RVNIMoWKsfI738aGNWWYVRj2FJnpubmYtaQKf/e3X8NKU73MzDJUzPRfRi5dCNNNWouWfQ133boM1SW5yHH/rCsURt6MYtSsuR4bvlhyXG0nnOMdt/Fg2jLc8leVqJjh9Cuci1nVK3Dz0imBH8lZcD023CR8JgVyotfgn9avQu28fOS5CfVQGHkzIlj91RuwYU1UuCUuIYQQQgghhBBCRpO0UAjhk0BJGU5LQ1qIt64lgGXflesLuaAqtATxoUuQ4soGPCmjaEG9NadgV7qlZJA/o1+TfbMyzGTf1H1zXCb7iuJSVSKq/kT7QXGJ/lKJS+/NCdXo1OJSmqn2U54vo/3EisuR2VdJMl8pxhVsXz3uLrDg+TKuP2Vdnoh94/pL2b4auDJPJiWzMlCmuBL6k+yM9X6hdijB+psArLR0ZN/RgFDx+aNmc8drHSNqf8aUDOkPFQAkfA7xOYQUt9pOeEx2TH2eyutkx4MYafvsnHDyRqcarXX4xs8dtWNhOW77wbLxvz1obyNuv60JMQAIFWPd31+fVD1KCCFxpE8bAAAgAElEQVSEEEIIIYQQQkaPo4OD6D8yMKF9yMnOREZ6qn82fXJxpD/FW/+SlAipCirl62tfbegcVRVUnjZLUAhK0iz3tWTf/b7cpKTzvzTXFIKuH0voo2dfMK64l+Jy/QXEBSkuv63oV7TvxQbFnxCXlSAuSa1oiguGuBT76jjqysqA+ZLsW5J943wJc6yvD1NcylqS4oI5LuktZZ7U+RLjUecLQnymeTKMG6Db1zSChvXhDZDoTxo3xZ86X+J/kl9lzA32jetPmS9xhKT5cuMxzZd2PitzZlp/BvsJ159p3EZ1v3DHTZkvcY1PIPaxQRz91W0T2wlCJiGxZ1+De2PZnIXlTHISQgghhBBCCCGEjDMZ6ekTqqZMC4UmbZKTjD7+SrQhydls99EGYAuv3f9sv96fLX7Gts0qLsm+4Eez7x63nePif05bxS8AIH0KcPosWJEq4IxZQMaUlOOSPKj23b7ZAeoxNS5bPG6Oy7aVeIxxGWwmsq/12Zb9BcUFW7cv/kh+9c/Gp0lYE6Y24qNo1+RXCVxaH+J8JVh/7jzZI7V/IuvPaF89nnz9uXHZCI4r2L563BQX5HkKjMub8hHbl9afEteo7xfuWEnnVYL5shPZH3+GXqnH0IubJrobhEwehnej4cU+50UuqqrKJrQ7hBBCCCGEEEIIIacqWVkZp6RvcvLh35fPVVU5t3a04DxazmP8If7otQdgyxo821FSabeyVOwjiX1PmaYmI5w3bNty7FsIVd8BLPyWHAoAu/nfYP/h1oC4guzLcXnxOEIw7daZXnsIAfiPludXjstLskgSPCeuQPvCOKr2LcWcMo4etuJPnC/Rn+vMVuIR58toX47Lt6+MI/zxlOJy37EVf24z0/oTOu75M9p33zDZN8dleYbkuLz1rsYltbcUA4b50uwjwL5+XmnrQ4grpfUnGkhl/Wn9FO2b4xrRfiGYT2m/EONRzxPPXcD6E+drgjn6xF0IL1490d0gZFLQ+/yLaDzivJhxIWqmT2h3CCGEEEIIIYQQQk5Z0sNhZGSk4+jRwXH1m5GRjvQwS04RH2v4rlxbSmwAWkJFIigxoCZalISV1EyxLyU4EtpX37dgrXoA1gVfir/sbIa9tx7WzBqgaGH8Y22/gf34Wj3xZbKvYYjHi0vvljERmkpcoj9t3JTxM9g3JopS8muKK8F8jdi+im4/lbiOz74QjzWC+TKusyC/ov0U52tE9pUOpzJfic4rk99E688KsK/3Ynz2C1MYo3U+TzBZ3/y/CF9Se8J2WKMzMazRSQghhBBCCCGEEELI6PJx3xEMHTs2Lr7CaWmYkps9Lr7GEtboHF1CXg1B99F5Q6+5F/9SW62J5xzFaNTcS27feXSPn/d5L8lpb/1fGH7487Cf+zGGH/o87K3/K+6n9EuwSj7vfh0v2Ffjsrwv8oNqdMpxCfGocXnjaaqN6D4q8bh+1HETjWv2Vb+6fWkc1fEU/Wl+E9iHKS6TfbW1bl+LS3rLME/qfAXaF+JR5wtqXIo/g19zXKJ9xe8I7Wvrwbjuk8yX0h1t/anzlWz9BdkPWn+muLzzbRT2C+FcTMm+tu5F++b5migG//DQRHeBEEIIIYQQQgghhBBCRkxOTta41OtMC4WQk5M15n7I5EOr0WkLL2Gqief8fyxrdIo19+BV29Nr7lmX/HX8U79aAXv7v0v27e3/DvtXKwAAVtVfy/4Uv1JVP8mv0LeguPzBgtvMe1RqCXrxqbUsbUhxqTa158KPN1/iXIi1CsV4tDaqccG2sQ9Jaj6K85XK+jDFJb011uvPnScY4xLXh2n9SeMXYF8+nrxGp7b+DH5Tj+v4anSmYl9bf4a4PH8jmS/RYCr7hWTfsF8Y1n3CuCaIY2++hGN7d0x0NwghhBBCCCGEEEIIIWREhCwLubnZCKeljZmPcFoacnOzHeUeITJ+olNQSnnqJ4gKKl9d5ivqFJUdICjDfFGYb191Lyu0JG2bq9KS9W6+/YypQPEi4ON3gf2NvspMwI49F3+/eBGQMcX356q8NPuqX6FvYlxyCMIB0b4Sl6AuE+1L6lL3s45dS7MvvNbs6/MlxaPZD4hLse+9Y7APzb6+PmDyK/qQ4vIXjrb+1PkS15+wDkX7getPnS9FKaitD8N86XHJwyWNmzGuFNafadzc1+p8QZ4v03mlrT/x/E3Fvkgq+4U4dqnsF+LYJd0vTPbV0TTNk2G+ThKGXnpiortACCGEEEIIIYQQQgghIyZkWZiSm42MjPRRt52RkY4pTHKSBIRhI55QEFRPlvioqgyl9gI24pkD24btNLBtC4lrdNpO7T3Vn4+15FZYpbVA/mzg0CvAW7+D/fyPYZ1dHm/Q0y4otoSFbgOwbNg9b8GaMg2YVg7EGmFdcius86+Mv+5ug73vGQw//b2AuJR4xEdje0M8bmeC1GOqP8++7w9qXN5Redwkf0b7wiEbwXGJ8Rjs+4/Q5kt2YrKvzJPSqfi0Baw/rb363DxfUOOykTAubb4CnnvxKOsetuW1kOw7qkZ/3RtFi8Jzs313/LSh0ewnWQ/a+azMk6Wfv4H7heA32frz7RjiGtF+kWT9efbdQ/L6O4kEnQCAY688DVy3fqK7QQghhBBCCCGEEEIIIcdFTlYm0sNp+OSTozg2PHxCttJCIWRlZSA9HB6l3pFPK2FZvgVYTsLDclIJluUmipxHpb2XsLHcR/cNX8UmYtniYd++ZSv+AFh/ugWYUeV/+Oz5sM6eD+vsizD8xFdhDR0BCspkKZibvXDdF5QCQ0eAAy/BuuaXsGav9O0VlMIqKEVo6nTYj63xuu0lVpx44mkY59GLS/YDKS4vAi8uuHGedxlCV/8HMLUIRgaPwH5vN4afvxv265u8DqXd8DiskqWw32vDsZ8ujuvZLroO4RX/BNjHMPz0egxvfzDuz7K0cQCA0KX/H0Kf+19A/wcYeuybwN5n4vG4E6i0N86XY1+bLyXx64+jMn6WME9ips9S/LnjJ64/MfGmrj/XnOXPU7y5EleAfS8eKOtcyYaZ1ocwQEKSUz7snVeWPG6WmkhU/HrxWMr6C2gvd0e0L69DbZ7U+bIM8yX6U+yrcZnWH6RxG/39wtRPf9wUf2r7k4Dhg+2wu96GVXjeRHeFEEIIIYQQQgghhBBCjov0cBjpU8I4OjiIo0eHMHTs2Ig+H05LQ0ZGGBnpo68OJZ9OtBqd7gtXCabX+vPrMZ54jURzDUbABj77w3iS8+BLsJ+8EcP/NBX2k2vjHzv/KliV34W9749ATgGsRd8x2rcWfQfIKYD99h9hLb7FS3Laj6/FsR+fBvu/roX9zguw5qyEVfVD+DUS5XhckZpRPab6tcXjphqJwgc+OgD70C7/5702wB6GVVyBtKvuQmjBn8s2Vb8uWXmwLrpO6bPt+bNtG8ifBSv6J0A4S47LpF4UfyR/tvZZtUanbWojPop2TX6VIKX1Ida0TLD+vDKMI7WvzpMXjxKX4jfYvnrcfF5JPhz7NoLjCravHjfFBSSr0SlNz3HYl9afEteo7xfuWNni+kswX3Yi+xPPsfaXJ7oLhBBCCCGEEEIIIYQQcsJkpMdvOTt1Sg6yszKRkR5GWijklPmLY1kW0kIhZKSHkZ2VialTcuK3wGWSk4wAX/PrqiIVZZuvoIIvCPPaw1diubeDFBVUrjmDfSSxb+WdG7e3/d+ANzbF9YBv/CZeb3PB/wDy5wAv/iMw60pYS28Djh4Gdtzn+bPKvw7rc7fFbbzwT7AW3hR/3vxvsNs2wbIs2B3/DSsUBv7ks0D+nLgPJS5f2aYo+dwoJEWdoJjTlIJOv7wClYC95w8Y/u3/lGekoBSha+6DdfZcWAu+CrT+F3D0Y2XaxIlwjhTNQ6jymxhu+o/4a3ccHMehi78Gq2C2NxXuZqIr3hQ/qiJVnC/Bvoc336p9ZRzhj6fXKfEdVSnoNjOtP6HjvgLXZN99w2TfHJcnGFTi8uZQjUtqbykGRCVikH0E2NfPK239SYrXoPUnthcMWIo/mOyr/dSVsGpcI9ovBPMp7RdiPIqy1SVw/YnzdRJx7O3XEL6kdqK7QQghhBBCCCGEEEIIIaNCWiiEtIwQACYvydgQcgWGJqWUpgCzDT+iYguQFVSOTU89FWAfJvvZBfGW7zwn2Ldhd7XGe551OuyDzbCfuwMAYC3/Z1g3vYnQdZsR+qs3YdX8c/zzjRuAgy8DGVPjrw80S36GO1vi9jKnGOIS4jEow2xv3CDHJX4G0GITWivjCdjv7Yb95u+AY0dhTSmENX2hrjwzqfsycmDN+zLsjFxtXlBwAawLrgDS0h2/8BV2WlwJ5svtozrvQevBVUXatmRfWnN+SNq4SesvwL60Nkzz5ToR5ykgLqg2Nfv6fHm2hHH058tkHyOwb3vnhnZeqfOl9MG4/kx+1XjEcdTsC+s98HxOZF+JU+1ziusPqp3jWn/CfJ1EDB98c6K7QAghhBBCCCGEEEIIIYRMGkKuwNB7dN7wa+LF1X/xt4XXzo9zFHDaxBvEPwvxdQL7MNn/4K14u7l/Jti3YF3k3L72g71xRdbzP8bwLy4H3nkBGB4CIpfGH995AcO/uBz28xviTl17F/2Z0/e4n1A0XpsTPXvi8UhxOX2zTHEJ8ahxeeNpiAu+DS8uz6/z3sdd8RjSc4DcswSVHzzfkpKy/32g/31YZ89F2iU3O36c/ywLocp1sM44D3bPXuBonxyX33N5voxxCfFocRnWg6W21u1Dsq++ZVh/nt9k9mWlorb+jH4dfwa/5rhE+4rfEdq3jPb9dZ/SfCnd0dafOl9B688YlxJPgvN5zPYL4VxMyb77Wp0vK3i+Jhq7+52J7gIhhBBCCCGEEEIIIYQQMmnQanQK4i2oyjBXFeUrpvxjRoWZiC9klA4G2n9rMwDAqvwusPoRWDOqYH15CzD9s/GWO+6NfyacDQwPwW68HfaWv4D9qxXxx8bbgWNH4+/bANodeyWXI3T9ZmBGFawv/QLW4u/G7bX/VlDOKQqwRHH5gwW3mfdoUrxJowuzwqywFAhnAQMfA73vGBSdylgOHcXwm/WAlQar9CpY+bM8ZRtKLoVVuhIYGoDd9jtZgah2XrVtK8fVuXbiEhV8cP2msj5U+7b8cuzXn6BQNMQlKiI1RaAyl0H25ePB9r35UtefwW/qcSWZrxOw7x5Pul/YI5wv0WAq+4VkX1h/6liL/hLFNcHYve9NdBcIIYQQQgghhBBCCCGEkEmDVqNTr7nnPMYfTrBGJ5Tkgmjf9evwTiPshy6B9adbYJ1/FXD+VfHjH78L+4kbYJ1+Hqwv3g+cdWFgcJ6tQ6/CfvZ2DN9XidDVDwCRKoTWbIm/90kvhn9WBXS1OkowuZ9+jU4hLjEMqb0QjxqXJ1izvA9Z3mvn1WnFsCr/B0IX/glgWbDffRX2/hd00ZlBhGa/sRn2jEWwCmbDuvhrsJ76WwBAWvn1sKaeDbvjWdjvtvofD4pLsu1OoDvxynqAL/zzOyL30YZrX/FnbG95C8cfN3ldjE6NTujzhYD5ktr7AetxCf4E+54BLS4lHmHIxX7qNTqV+KT2/nwFnVeWNg6ygjOhfa2fSfYL0V8q+4X+doL9Isi+3E29Rqdhvk4mPumb6B4QQgghhBBCCCGEEEIIIZOGsJz4sZ2XwqOo8nJVUFKmCv57TqLFdhrYtpAoE5vBzfvYToJD9edw6FXYj1wOa9oC4LQI0NMGe089cOYFCK34TyDrDNhvNwDdu4GBDyU/sAFk5ABnXQirZBmsq/4T9qOrceznlyJ0wdXAGbNg98aAzu2wu9sC4lLiER+N7Q3xuJ3xlGq+lMyafwPS5t9gmBYb9jvNGP7vH2njJ5oTj9pHPoL92q9hVX0HVulVwGubYE09G9bsy+PJ3O0PAmeeD6Slawo+LS6xH8K8qHElTBS5iT7Nvvva1N6xawesP629+tw8X1Dj8sYvhfkK9AU/HmXdi9lByb4z5v66N0Qm+TLbd8dPGxrNvkG1q8aiJmbFeRISp9JnTPuF4DfQnxqnKa4R7RdJ1p9n3z0kr7+TLccJAPaxwYnuAiGEEEIIIYQQQgghhBAyaQj7Ui/nwVW6KQotX9kntxeVWK5iKv6GrBRzkZVYJuWj42daBayKvwJKlgNZZ/if7+8GPnk/fuy5DfEanCKm7MUlt8K65FaErroXyDodyC30Q+jvht2+BWjfDPutpySll6xA9JVhYvyqksyS3vbj8hWRlv+hjw7APvKh3NcPY7Dbn8JwywO+AzUvaDpkAcPP/19Ys5fDKpqHUPkaWKcVATlnwt71OOzXHkPo838NsTai5SgGZWWfYledrwDFpZr49cdRGT9vfcjt5fUnjJ+iiFTXoZgwlObLFuIT4wqwryoTgxWC+voQBgiKJFZRbgYrfv0PyH51RbE6QUpcUndE+/I61OZJnS/LMF+iP8W+GpfW3u3mWO0XngPZr64YVTuEkworLX2iu0AIIYQQQgghhBBCCCGETBr8W9eOQMnntxcVZmZFltm+4MdgP7Tkh8Bn/9rc45yC+E9/N4af3wCjYk/xazdugFXxF8CZc4z2rHk3AvNuBBo3wH52g65AtCxN5BcYV5DizX0UFJ3De/6A4Se/JSfwYBg/k2M1AWcDGDiM4Z2PIq3gAoSi1wBWGuzDh3Cs+f64X1v4qFDnUErOJVTIJVFcep8Vxk1bHwExpLI+pD47fgzrz1PsjdS+tu7Vj4n2EyhGZReyP+jnldRIiAsBcQXbV48nUWgb7SdQjKZoX1JcGuIa1f3CWZfm9oa4tI6dZGTlTnQPCCGEEEIIIYQQQgghhJBJg1aj06vxB1V5Bl8Q5rWHkCRzkiMJa3TqCT3N/swrvSSn/fS3gfYngf5uv8czqmB9eQvwfpun2JMVaWJ4goLtvd1ApAr2L1fAjj3nN8k6A9aCv4RVdWv8Z0890NnixWWq6ScrCN1xUPwF1ki0vLGyvNfwlGyBNRIlxIkAkBaGlZkLGxbspv+AfcGVsGYuBYaPwd75K6Dj2bgfQdzo+h27Gp2qfWUcAXm+3PXhJQ4Vf24z0/oTOp5ajU6TfXNcQTU6vfWeao1OKOsh0D4C7Ovnlbb+JMVr0PoT2wsGUqnRqfXTVKNTjmtE+4VgPqX9QoxHOg99Atefcb+YeKy8sya6C4QQQgghhBBCCCGEEELIpCEsJ+6S1NyzoSUSPIRES3CNTrN9T9lmA9bMK+Itn78D9s6fKfbF/J7Tt0QKu4CafraY3TjSE1d89uxBaNVGWBXrMPzbm5w3DYowQRlm+94CFG2Ja3TasOW+SPaVeKSxtuWj4WwgM887PvzSvQjllwCDRzC881Hfh+31BnZgjc4E8yXGI86LCUOTRDUSEykrjU5s03PDfHmZQb+pqkjVFYJB9tWuOP5SrdEZpEAMtC+YsyGfV6b5SlSjMyguNR5x/ak1Om05IRm8XwTZV95LWqMzVWV5gH3lqVm5aji/JhCr4JyJ7gIhhBBCCCGEEEIIIYQQMmkIyzUlEVgTT1WKuYx6zb3IZfEGrz0Ey7I0+6LiTfIH1a/sXlK0WWJC1Hk80BR/P3Kp4tevMWm0ryRgk9bolN8FNAWi0nEvcHEQDakZJy7LtmG3bcax3Zv9t5x4XJuWY1+qYakOmDGuJDUfLcN6kBJj4voQzIjj5r52R0hdf55fx0ygffMCkO2rfgV/il/fvhLXcdboVO276PZVvwnmS/SnzpfmV/EHxb4Wl3E4x3+/gLxfJLXv5rnV+VLP55OEULHh9tqEEEIIIYQQQgghhBBCCDGi1eiU00nJFIrxlqNZcw+nz4q/89E72kdtWLKiE9AUe8n8eipGVfHWuy/eIC/iKSADlW0JfMiJFYPiTfiA2/9gRao5BmOsblyAUMtSaWuLTcW+WFob43NLXgdBNTrdQ2YlrOAvyJfXq7Fef2qiNLGCNaEiMKX1l5pCVlzvYlxGBWLCuI6vRmcq9lPeL5x1k/J8iQYNTlNRyGrjpypgE+0XE0zaeRdOdBcIIYQQQgghhBBCCCGEkEmDVqNTr7nnKqjgC6i89hAUUZbzMlGNTigJBl3R6b2jKMnkfjqfFf0JCi6psaXadRKmisJP+pR4q1NL8WMreRgpLiEeVanqttv3LI7d9RnPgKUozEy1BAHg2INXa2Ngv/oohnb+CmKqSa1hKOaQhhvuwLE/3CEr+MasRqf7Uq2RaMnjJ7X3E1H+uLnr0WlmWn9Cx1Or0Ql9vmCer6AanXpcgj/BvqTctALsK0Mu9lOv0ZmohqY/X9r6k7uvG0ilRqfWzyT7hegvlf1CfzvBfhFkX+6mXqMz0X4x8aTNvniiu0AmAYfe+3Ciu0AIIYQQQgghhBBCyKTg7LNOn+gukDEmLCd+UlDsBSmuhERLcI1OOQGl1hK0BKO2moFQE62uGk5T2IntzTU6fTWjYl/zbRns+zU69XFIoUZnAr+S4i2Jws40T6nW0HSnNDAuMR6DfW08A+My2VfmSelUfNpGsUanlzGU2yeKS5uvgOeq4jdpjU6thqYhMsmX2b5U41Rqn6BGZ1AsamJWnCeTkjlovxD8Jlt/vh1DXCPaL5KsP8++e0hefydZjhOh4tmwCs+b6G6QSQAvzgghhBBCCCGEEEIIISRO2Jd6OQ9OwkNVaPnKPrn9aNfo9Nqpik5VuQVL9gdze1ONzriqKyAux7epRqerDDP2R1GYWW4fA2oJeglLd9wAz742jmJGLMC+NI7irTmVnKJew9DyDxjaG2t0GhSXauJXtC+NX0CNTnn9CfEpikh1vkw1Oj2/lmG+AuyrykS1vTd+XlzKeh9hjc6gda/61RXF6gQpcUndSVJTVYxHnS/LMF+iP8W+GlfK6+9Ea/oGnFfe+tAUo2qHcNKQNn/5RHeBEEIIIYQQQgghhBBCCJlUaDU63ReJFW9ue0GJFaDIMtsX/Cj2vXdsX4/nY6jRaVLsJfDrfiZQ8QZ4qjRZ2RYYgv7a63iQQtaPJ5Fiz+gjmaIOEBSRquJNnqd40seWk3MJFXJJFJfeZ2X7gYrRoOfCQU0R6TZOsP48xd5I7WvrXl9/41GjU0ndanEF21ePH1+NzkDFaIr2JcWlIa7R3C9MNTp9DHFpHTt5CC9aNdFdIIQQQgghhBBCCCGEEEImFSHvmQVBTeXW9HNqCVpW/IjzaMGCZcXfc97xHmFZUEVuJvsIsI+PYvF3IpfK/jz7kD8rHNfqRcJS/IpKPjmeUOTSeIPDB6S4YOn2FVGb1Ce/sfBZcZQs58c9YgmPYjxG+wi2b/n2vfEU/anzZQnxWQZ/6nx5ijoksK/HBTUudxzV+XL9qevQ9afMlxSPOl+B9t3nJvt6XJ4/NS7LMF+WZFYeNyEu4/ozxaXZ188rbX2o85Vs/anrIdn6M8yXb1+Pa8T7BXT78jsB6087ryyDfWGe1Pk6CUibswhpM8snuhuEEEIIIYQQQgghhBBCyKQiLN/6M0nNPRuJFV6qMlGr0Wm27ynbbACd22GdFoH1p1sS93xGFazvfaTlYJLlLqzrtyRsY7/+65RrdLrDIY2fUQEbpDiDcly0b67ROTIFoumAeNwUV4L5ClQgJo7L9h7FuBRBZ4K4jE6Mak3DfCm38jUpUnWFYJB9tSuWUZEbWKMzSIGYSHnqmrMhn1em+UpUozMorkTrz1LtQ1pnwftFkH3lPZOSOYX1pyvLA+wrT83K1QBF6TiT/vkbJroLhBBCCCGEEEIIIYQQQsikI6ypFJ2sgFoTz6+NaEq8YfRqdP72RuDwPwAXXAtMnT6asSamNwa7swXDDX+HoBqdAKDWsrTEYQEUdZql1+hUE2/uuDmfsdVxU2p0Jp2vgBqdYolLab68pJzq1xSXlbjmo9G+Ep9iX4vLfe2On7r+PL9CXEb7SjxG+6pfwZ/i17evxKXKLFOs0anad9Htj2C+RH/qfGl+FX9Q7GtxGYdz/PcLKPtFMvvaulfGT615OgGEZpQhfEntRHeDEEIIIYQQQgghhBBCCJl0aDU65XRSMoVivOWo1twDYG/7G+CPf2Nob0h4qYm9JH61xIehvaYAU5VtCXzI9s01NH3ZmxWsMJOFbcHxQEzoqLUs1b7J8+TV6BTjCvIVN2xU8kmLx32wocWlKxCTxTXW609NlCZWsCZUBKa0/lJTyErrT5wvJJkvLa7jq9GZiv2U9wtn3aQ8X6JBg9NUFLLa+KkK2ET7xQSQserbE90FQgghhBBCCCGEEEIIIWRS4ic6FQWYp5zyFJfwBVReewiKKMt5aWlKKrm96F5XdFpI1F60b3kKLVXBJdpXlXOeP0lpJ39E9OvbF+ISuyW1F+0rcamCNW9clPGzlXi09nJnLS0uYb609qZxU+JS7KvKPNW+VudQ8WsjYL6M7f1ElBaX28y0/oSOi/al9SCOo9cB0X7AfKmJN+cNPS7Bn2BfVfIa7StDLvZTGzdbiU9qb1jnynllaeMgL8yE9rV+JtkvRH+p7Bf62wn2iyD7cjdHtl+MP+H5NQgvXj2xnSCEEEIIIYQQQgghhBBCJilhOfGTgmIvSHElJFqCa3TKCSi1lqDvz4DgN0jpZgt+4Ci9jMpKT0lntu9jsu/X6NTbj32NTllJd3w1NN0pDYxLjMdg339MkChyE30GBZ80T0qn4tM2ijU6vYyh3D5RXNp8BTxXFb9Ja3RqNTQNkUm+zPalGqdS+wQ1OoNiUROz4jyZlMxB+4XgN9n68+0Y4hrRfpFk/Xn23UPy+pvgHCestHRkXLd+gntBCCGEEEIIIYQQQgghhExewr7Uy3lwEh6qQstX9sntR7tGp+fPxc1GCGZVhZbcQIlHjUtR8KlxmWowxtMwvjJMtK8qyZLW6FTiMtVI1MZRzIgF2JfG0VCj03OrzpcqHVXaB9UA1eZLSfxq8wQ1LpjjssWXyvoTE2/q+nPNiQo+yzBfAfZVZaLa3syz3LcAACAASURBVBs/w/oQBkhIcsqHtfWn1qb1PiD71ZW36gQpcUndSVJTVYzHcF5p8yX6U+yrcaW8/sZ8v1AVo2qHMGFkrL0DoeLzJ64DhBBCCCGEEEIIIYQQQsgkR6vR6b5IrHhz2wtKrABFltm+4Mdg3/erfkxUZI1ljUQ5HttJHAaEoL/2Oh6kkFXiCVDsGX0kU9QBgiJSVbwZ4pIUiIZ4JL9JFJfeZ2X7gYrRoOfCQU0R6TZOsP48xd5I7Z8k609J3WpxBdtXjydRaBvtJ1CMpmhfUlwa4hrV/cJZl+b2hri0jk0M6cv/HOnVN0xsJwghhBBCCCGEEEIIIYSQSY5Wo9Or8QdVeQZfEOa1h5Akc5IjCWt0iomNxPaDaxi6SSxfsScr0qTGgoJNjSvIvhyXqaaflIaSFHWCv1RqJEqBCnEF2hfGMUkN0OAamoq/MavRqdpXxhGQ58uNC8p8jUmNTpN9c1xBNTq99Z5qjU4EzJdmHwH29fNKWx+S4jWF9ScaSGX9af001eiU4xrRfiGYT2m/EONRzxPPXcD6M+4X40P44pXIvPGO8XdMCCGEEEIIIYQQQgghhHzKCMuJuyQ192xoiQQPIdESXKPTbN9TtiW1L7/v2g9U2AXWADU4SVURJijD3O5K46f6c40nikv0Z1DYCdmvESoQg+Jyj5viSjBfYjwp2ZefJqqRmCiupPMlZsdMNR+FW/nGl0UCxbJhnQU+d/2lWqPTs2+naF8wZ0M+r0zzlahGZ1BcidafWqPTlhOSwftFkH3lvaQ1OlNVlgfYV56alavy+TXWpF1Ujayb7xs3f4QQQgghhBBCCCGEEELIp5mwXFMSilLKVKPTlHgTlVJuUkRWirkkq7mX3L6vxJL8QfUru1drJPoJUdev83Ho9uOtA+yL3Rb9Of/X4lITb5bUG6GmpKU30OwbxjOgRqdJCSj5UwfMGFeSmo9G+0p8ATU6NSWqO37q+oMyX4H21QVgsp9gfSh+ffsB62+ENTpV+y66/RHMl+hPnS/Nr+IPin0tLuNwjv9+gRHuF9q6D9gvxoHwxSuZ5CSEEEIIIYQQQgghhBBCRhGtRqecTkqmUIy3HO0anb59+aNGRZaa2EvoN4HiTWiv+VOVbQl8yIkVcw1N6X6qCRWphhiUOKXErFJDU++bPG5ejU4xriBfccNGJZ+0eNwHG1pcugIxWVxjvf7URGliBWtCRWCq6y+BfSk0QIvLqEBMGNfx1ehMxX7K+4WzblKeL9GgwWkqCllt/FQFbKL9YoxIX/7nvF0tIYQQQgghhBBCCCGEEDLKaDU69Zp7roIKvoDKaw9BEWU5LxPV6ISSYNAVnRYStRftK7ULBQWXaF+r0enVmnRaqAkPxa9vP1EtQXiJHN++EpcqWPPGRRk/Qy1Bub3cWUuLS5gvrb1p3MaqRqf7MmC+jO39RJQWl9vMtP6EjqdWoxP6fCFgvtTEm1vLUotL8CfYV5W8RvvKkIv91Gt0JqqhaVjnynl1QjU6tX4m2S9Ef6nsF/rbCfaLIPtyN0e2X4w+Vlo6MtbegfTqG8bWESGEEEIIIYQQQgghhBByChKWEz8pKPaCFFdCoiW4RqecgFKVlb4/A4LfIKWbLfiBo/QyKis9JZ3Zvo/Jvl+jU28/9jU6ZSXd8dXQdKc0MC4xHoN9/zFBoshN9BkUfNI8KZ2KT9so1uj0MoZy+0RxafMV8FxV/Cat0anV0DREJvky25dqnErtU1MsS8/VxKw4TyYlc9B+IfhNtv58O4a4RrRfJFl/nn33kLz+xjjHifD8GmRctx6h4vPH2BMhhBBCCCGEEEIIIYQQcmoS9qVezoOT8FAVWmotS/dxtGt0+jU0HdxshGBWVWjJDZR41LgUBZ9Wo1NQekkKMPjKMNG+qiRLWqNTictUI1EbRzEjFmBfGkdDjU7PrTpfqnRUaR9UA1SbLyXxq80T1LhgjssWXyrrT0y8qevPNScq+CzDfAXYV5WJantv/AzrQxggIckpH9bWn1qb1vuA7FdX3qoTpMQldSdJTVUxHsN5pc2X6E+xr8aV8vob8/1CVYyqHcKoE5pRhoxV30Z48erRN06IRivuuaUeLYHv52H1D9ZhZeF4dqkO3/h5DBVfvQU3RcfR76jgjGfpUtz1jYXIMTaZzPERMrlpefBO3LMz+P2iK27AbcvHccPr2or1P9kBjLffUSI+nqn9OzGStoSQE6fz6Y1Y/1RvcIN5Nbj3xvG8EOnC5p88hE0ox20/WIaicfQ8KTgcQ2P9Nmze3oXugfih9Kn5KF04H7XLy1GUObHdI+Skxrme6hyjfS1+DRPBTXfWomJUbfK6iBBCTia0Gp3ui8SKN7e9oMQKUGSZ7Qt+DPZ9v+rHREXWWNZIlOOxncRhQAj6a6/jQQpZJZ4AxZ7RRzJFHSAoIlXFmyEuSYFoiEfym0Rx6X1Wth+oGA16LhzUFJFu4wTrz1PsjdT+SbL+lNStFlewffV4EoW20X4CxWiK9iXFpSGuUd0vnHVpbm+IS+vY6JE2ZxHSP38DwpfUjr5xQpKRF0HtF2cjT3sjExH9IElG2zbc+XQx/m558UT3hBCikYmKq6pQcbr+Tk4RNzxCyKeLWVXLUH2e4Y38yLj35ZRifxM2PnsABfOWYfXcJP+2vLsNt/9zM2LDmZg1N4rqeYXIO9yFllf3orVhK9Y/uxtr11+PqlwA6EXrlq1o+nA6atZUYsSzeLgVm55sR/d5C7FuCdcAIYQQQoiLVqPTq/EHVXkGXxDmtYeQJHOSIwlrdIqJjcT2g2sYukksX7EnK9KkxoKCTY0ryL4cl6mmn5SGkhR1gr9UaiRKgQpxBdoXxjFJDdDgGpqKvzGr0anaV8YRkOfLjQvKfI1JjU6TfXNcQTU6vfWeao1OBMyXZh8B9vXzSlsfkuI1hfUnGkhl/Wn9NNXolOMa0X4hmE9pvxDjUc8Tz13A+jPuFyMnVDwbafOXI7xoFdJmlp+YMUJOhMx8ROeX86/rR5HYU1uwKboOq6dNdE8IITJZiMwtRyX/ep4QcgqQd345KnkHifHnwxiatsdQdNYAVs9N1HAATVuaERvKw8rvy9eNlZcBONyOuvoeRHP99rHWDjR1HUPF8SQ6j3ShZXsHOodmY92SkX6YEEIIIeTTS1hO3CWpuWdDSyR4CImW4BqdZvuesi2pffl9136gwi6wBqjBSaqKMEEZ5nZXGj/Vn2s8UVyiP4PCTsh+jVCBGBSXe9wUV4L5EuNJyb78NFGNxERxJZ0vMTtmqvko3Mo3viwSKJYN6yzwuesv1Rqdnn07RfuCORvyeWWar0Q1OoPiSrT+1BqdtpyQDN4vguwr7yWt0ZmqsjzAvvLUrFyVzy8TVlo6kJULK+8sWAXnIFQ8B2nnXYi02RfDKjT9eTUhZNJTmIdIdy82/7QOkVtrUZE90R0ihBBCCCEnH3vRuhtAQQkqTX8cN3U2aq8d7z4RQgghhJx6hK2bPwbgf9Uf9DhajJcfQgghhPi4tUnW/c1stN23DY3vDgHhXEQv/wLWLS9E59NPYGPDQXQPAOl5xaj9i+tR7X5h49Whux43F7yIe37TgVgfkJ6bj8qrV2LNgkKkJ3I+3IOm32zGJrduUTiMyNwFWFNbhVnZAPbV49a7W9E9dyl++ucLZVsH6nHr/2lF/6IVuOvLZQCA7le2YOOWduzpGQJCYRRFF2PdmkpEwsLnjnSgvu6P2LyrB/1DQHpeIaqvXYXaZLcfA4CiStyyog23/jyGB+paUXpj1Fyv02WoCy0N27D5uYOIHR4CAOTMKMGaG69BZb46htdgLV7EPf99EL1DQPq0Eqz9+jWoxA488OA2NO0fwmAojKLFNfjhtWWS3/6ORjzw+Ha07h/CIIC8kijWrq1BdGrykAg5pXBr6X7la6h48zE80NyLwWEgr7QcN31lGYre3YqNj7yG1h5nH/ziKtxc5d6qWqhD940zUe+el+EwIhVLcdO15SgIJ/Qu71EAcmZEsPLqFagpyQWGY6jbUIf6D4ux7u+vR6VUty2Gun+oQ/2R2bj5tlWIhlI879U9NjMPFVfVYN2SSOK92Ugf9jyzBQ88FUPngLPPf+lqlI7YDiFkXDjB6wuvdt3fL0Tnw7/H5jf7MIgwCuZciLXXLUNpkmsMdY9Kzy9E1YqVWDM/H0AfGu/9dzzQloua734TtdPFTw6g6Wf/io278lG7/muoGRiH6yRvrGpxc34z7v51BzrdPXPVCty0uBhevXbnI51PPYRvPAWgMKg2aS7ypgLo7kDTu0h4JxC57moM99xyJwB4dd979zdh8+OvoGl/H/qHAGTmIlr9BaxbXoIc99+mLufjO+vxjVvqATh1B51/97Ra1abjRzqw+eHfo/6tuJ/03FyULlqKNSvKUBBKNNuEjB/e764/Kkf3r7Zic1uff15/vQZR8Q9Rh3vR1liPuv+OIdYHIBxG0YzZWHldDSpNF20jOV9Gcl10Ir9/EkIIOWHSfvSjH/1oojtBCCHkxHm368MRtc/OSINlWd4PgITPIT6Hf1NkrZ3wmOyY+jyV18mOBzHS9unpk+E3/S401+9BZ/ZZqCgvQPrRAQyIP0MWsjLiv9x17nwBzYc+QduOGFBagWsX56N/3zt4/fV2tO99A0/tHsbFy5fg4jN7seetLrTs7MacpRegwALQ14GG597F4LGDeOaVAZRULcCVc3Pxwdv7sXP7q2gNn4+lM517cnW9jid39KKofAkuPhvA8EFs/peH8MjrfcibHcWVV8zBnLSP0PrKW2hoehclS8pw9plnYHj3Drz+1mHkLJ6PWVl+hK2/+y0aDpyO1V9fjllZQOfWjfjbX7+Dj6eeg1UrFqJyxiD2NLVi865BXPzZ8zAVAAZ2Y+MdT6D+wDAilQtx7dJzMLVrH7b+8VV0nTMPFYVBWQpnPKfNwrU1S3DO+zvR+MqbeD1RfABiWx7CnX/8EHnnlaHmiiguLj6Gt3fsQ+N2J76wP4a9nXvR+P5pqLliIaJTetD2xrtofmMP2p99DZ3TL8Lqy6Yh7dBBtL/RjvbcUlRF4r/FD+56DD/4j9cQs0/H0iuX4PLSLHTt2oWnnhN8EPIpJ76PhRG5aDbOSVf2u6PHkJaegTQL3nnau2c32uwIVl5VinM+OYTX3ziAlo492PmHdzA8rwLXVpyG7thBtL/ajg9KFqH8TADoQ/tzr6Jt+Chiz+/Bx5G5WLnsXOR/0IWdr7dj625hr3HOa5w/D9Wz4ntE59Mb8bePvYOPp07D5ZcvQlUJ0PXGPrzwXGt8/zn7TJyDN1Df1oXuKaVYeq7wTV3bNvzncz0oWnk1as/LTvG878Lmf34gvsdeWI5rl5+PkuEuNDa0YKe4dwWOZxZKqyowx2nW+fSDuH1zFz4+oxA1yxdjyfQjeP3p5/HC+8cwOCi3JYSMHR/vbUHDWwMomD0XpXnqfjeA4bQspIdwwtcX8X0gDR90vIq3w3NQ84U5mIMP0LprHxpfFvcaZ2/ENFRXzcRUAP2tdbj1P19HzD4dF39+Aa6cm4eP3+lA84s7nP3nDERyu7G15V3Ejp2BKy88yw+w90Xc//8OYHBRNb614KzxuU5yfPT37EP97iFULI+36377HbTtcP8dyEJ+4RkoPa0XLbEjyItW4oaaUlRceB5mFUxFmjZTecgfeh0N7b1of/FlNO/7CINTs1E0ZSrSlWuzrNxsFM3MB/YdQOdAPqq/sgSXXzQT0fOmId9qxn9ueBYt1hkov3Q+rlxchLzug2hqec25Ds3D1IKpmFV8DHve7MXAuWVY98V5qLhoJuYUnYEs59+9qcK/RwC8fw/94zHU/e9fY/OBkHeNnN/Xg+aW17Andy6qIlkgZNxxzs2Pp83CqnnxX7Die9MQYq++hs78uVi9/HyU2O9j5xvvoKljGEsXRRBfrT1o2vgL/NtzPUBxCa6sWYDKc4bR+UY7tr6bhSvnF6Nr5wtoPpSHi78wN/7HCimfLyO4Ljru3z8JIacyQ4PDE92FTxXcaQkhhJDJTncr7vxRq35c++vzAcxa8U3cvCj+i1vl6Z/g2/e2Y8/eXKy97XpUZQNAOQr67sQ9O2No3Q+Uniu42ZcltAMqL56BezbUo+WprWiqUpVJcQZf2YZNB4CCy2px29VOJaL5lag+/5f49qMdeOTpGDZcFUH1pcWoe+QgGl/qQo37F7QDzWhoHgLmRlGdF39d91QvUFiOv/v+MhSF4v2tmvEEvn3vDtS/uRRr5wCxp7ehqS+Miq98DTfNd2Kd/xkU/Mv9qGt4GbVzq5D872ozEb3uGqx+95fY9NQT2Dx3HVYG/JV+ZNn1+Kcr8pDnXVWVI5p5P773eAea3gKiQm2n/sw5+OH3azArBGBxBOi8H3X7u9B9WS02OONTNRNY/5Md2LN7Lwar8pGOGDZt6kB/dgTrflCLSmeeKuedhttva8Lml3sRreJfCpNThT7U37MR9drxPKz+wTqsFP4wv3/GYtz1jYVxxc+809C/fgsaO7qQ92VhHzyjD9/4eQytu2PAHKFaWncPcoR2mD8fpQ/ej3t2NqNu+2LcvMCw4Q00o66+F8iP4hb3PEc5qqqacff6bWjatA01c2sQqYwi+uQ2tL7wCjovc/foATQ9347+UDFqKvOBFM/7we1bsekAULT8etx2haNKnV+JyKN34e6GF9G2bFXqaszDTXjE6f8Pf6D33/CvDCFkjGmt24jv1enHXRWgy/FdX7j0oHeG3w7zK1Hx9Easf8q/TtOJYfMTMfSHirH2B8K1YVVpXLXuXhuWlqMqvx31za+hpbYMFc7fEcaefQ0x5KKmqkyyOh7XSb1HzsS6vxHaKf8OzJpfjlnhdmxs7EHO9DmonJ+4KHTRsq9iw+lPxBWiba2oa2tFHRx167KlWLkogrwQkD6tDJXTutBd34QWTEHp/HJUeFYWYu3fzkZent/PynlnYnD9FjTu3I3uZUtRVFqOovz3sfm3MfSePgOV84+jeGtXO1p7gJyqlfjhl0rifuZXofZwF7ozeC1JTjb6kL5AvL4pAX7yEDZ17EfrAFCVCQxu/z02tg0gJ7oMt3213FF5l6NqWS96+/KO484WAiO4Lhqd3z8JIYScCEx0EkIIIZOdvAhqvzhb/+UpuxAFckPMEtU9+bnIA9A/t8z7ggoAiorygJ296P5Isae0Q3YUNQu2oeWZg2h9C6icC43WXQcB5KKyUv6SLGdhGSoePYiWNzvQjQgK5l+CmqfqUP/SDsSW1yACoLepFa3DYVQtcW5n+1YMrcNAQWkEOX29cG/+helnYxbasWdfFzAnjNY3+wAUI3r+EHoPu63SECnJBZ7pxB5A+GIpAaFirFxTjpY7d2DTffUovbUGs0ztsvOEsR9C/+E+ICP+N8baH+iVzHB+SQaAfBTkA9ivjE9hIYoAdPb0ohtAUXcH2noAzI2gdKgXvYfd/p2N0gKgfm8MqDqOL7sImZRkouKqKlScrh+PKJtgZOZM/7aGoTNRMBXAkQgqFwr74Nn5KEIMnb29UD4tt0MuKpbOQd7OVrS+sRdYUAaNNzvie9SCC4XzHED2QlTO3YbW1hhau4FIwUKsrGpG6zPtaDywLH47x96XUb8LyFlUHv+jkRTP+7Y34nts9PxcYb8DIucWAi91YU8XUJr4O3qft2NoS9j/FO0QQkaNWVXLUH2efrxAzT0ez/WF94Z+nVZ0WTmiT21Dq3udpnbASZghqlwbhiKoWpCL+qfda8MIVi4vRv2jMTS+MoCKBZnA8G40vNgHzKhEzXTF7nhcJ33mQifJ6RD470CqhFGw4BrctmAI/d37sef1djS07Ebb/i401NWh4fly3PYd9w/0ghGTnBjoQ+/RMHJyAQzGb8U7KhREMCt3BxpfaUTd+ZlYOacYOZkApqq/MxByMpCHyoXFwutCFBUB6OpDby+AQjjXQZmoqi6XS42E8uK3lT4RUr4u6hm93z8JIYQcN0x0EkIIIZOdzHxE55cb6gap5KHI9C1GSL8Rl4mCwnztWE5OFoABPaEHABjC4AAAhKHdCdj16X55E4qg5tJ81D++Gw1tNVhbGkP9sz1AfhTVjhxp8JMBAED3M0/ge88Y3HUeApCH/iMAcBAP/GijoVEYnV0AUv3if9oy3LKmB7c+3Iq7Hy7Chvl6k8HuHXjk4UY0HQgaB5+is8409inhnZKPDKAfAHY14nu7GvX3Q13oBFKYf0I+DWQhMrcclSmcw6Y9C0Di880lP0//Ujo7DTkAeoeGjB8ZPBo/np6m/4rl+XT2iFmfuxCRZ5rQ2LgbtV8u09VNKZ33Q+jvA4JVrkDsEFLe71LqPyFkXMk7vxyVKfwt03FdX/he9OvDzMz4H5kFJdkGjjnXb4ZrSGcPca+JchaWo+qJg2h89mX0LqhCzis70HgEiF56sfZHeuNxnWT2MRqEkVNQguhlJYheVgMMxLDp3+qw+cAO1L1SZb4TgMtwL9q2bsEjzx5EZ5/yXqrXrKkQmo2131kG3LcN9T//JeoRrzkYvbwKa6pmI497PTmpCPjd1cO9DspCTnaidsdH6tdFH4/u75+EEEKOCyY6CSGEEJIS3V09AOS/+O/v/wRA0JfgYaRnAsCQngAcPhZ/TA97txTKc27n2Ph8M2pxEI09QHTNUs9julNvNC9aidp5U3R3+REAA8gJA0A+qr8y36DA1FVfyciZvwJrW+/HPTv/gAeG1cRJB+ru3orGI5mYtbgS1TOdfr39CjY29ozMURCZafExOrcM6y4t1t/XlLuEkBOmpxedw0BE3NuOHIt/mR42/wrl7lGDx/REqLcHuvbyLkbN3CZsbN6BplVA24t9wNylWO2qm1I678PozASCVa4G1VcCUuo/IeRTSC86uwGIt+gfGIgnMoXrNAl3j3Kv50ScPcS7NgyVoXrxNjQ2vIb6A59B3rMHgfwoVidK/I2Ek/U6KTOC1dURbH44hu4eR34WQO+LT+DOp7qQXhjB6hWzUZAJAB+j5ckmtJxIH0x/l5NfjrXfL8faoT70HjqIpm1bUff4E4h9VBtwm2JCTlbc3zU/cRKNJ4hyvqR+XZQ16r9/EkIIGTlMdBJCCCEkNXbtRuORcv8WZcPtaNw+AISKET3f/JHo3GJg50E0NcWw+mr/y5P+5t1oAVAwp8T/8ilzIaoXPofWl3bgzg970Z89G9XzhS/B5pQgGoqh9WOgdH65rAIYGsKgk3yIzs3Fpq4+DOaWo3KO3J/BISB9xFc/uaj4yjVY2flLbG7tUt77GL19AArLsPbaKk8tsCf24kidBFM4G9H8HejsHkLevHKUiomX4SEMIuBLSELICRBDU3MfKhf5t69te+lN9AKIXjDT/BF3j9r+GvbUFPu3OTvSjKZdAPIjiPobHiqXzMYju9qx+Z4+dB4RbtMNpHzeu3tsb3oElfPlP8QYHBoa2X7n9v/5ZrTVrPJ9uv0nhHxK6dOu03pfbkUrlOs0EXeP0q4NY2jc3qddG0YuvRCRhiY0PvoYcg4AkasXYtRSamNxneQoVfs/VuWVKgNoenwzcMkqVBaoG24fmnYeBBDGrHPdJGcY8c44iRln3Pr74nctia6oxUpXwXukGU2PABDzwSEnlr5+9AP+rTrPykcBYujsFGX8rn+RXnR356KgIAyEc5E3fTZq1nyCPdvr0dLZhUFEeE1JJhXudVBjww6s/Kpw+9rheI1O4+1rUz1fUr4uKhyD3z8JIYSMFG61hBBCyGRnoAetr+xATHsjE5HPlKFolP5gPq+oD5t+cj/aLvkMopnvo+EPu7GnD4hcsTReU85A+vylWL3tl9j0TB3Wd0VRtTAPg7tfR8MrPUBuCdYsl7/milaVoeClVsQOAAXV5YiKX1ZlLkRtzQ60PtWEW3+yH9WfLUNk6seI7exA0+5eRL/+LaydA0SWXYKKl+rReO+/onN+GarKzgS6D6JlRzvashdgw7eq9HqmyQgVY/XacrTeuQMx6S94p6O0BGjp2IF7HgRqopnobG5D037zrS2PjwhWroqg8eftuPO2+1F5yWcQLQC69+5F0/aDyFnxNfywynyLTkI+fXyC2K4daDqgv5NTVIbotNHa8PLQu+V+/PitMlSVZSL27A407BsAppejdn6AD2+PasWd//g+qj9bhqKBvWh8rgN7hjNRuXqp/MV+aTmq8ttRf6BXuk13nNTOe2+P/c39WL87iqqFhcg73IWWV/eitasYN/9olfylfyK8/sd9Vn9+PiIDe9H43EF0ZgNI9n0/IWTU6X1rB5qMqrwSVJ47WhKhPOTs+Q3W31sWv05rbcXmnb1AbgS1y4LSke4eFcMD3rVhL5peaEVrDxBZsUy+NnRV7Lt60R8qxrrK0bxuGYPrpLIoqnI70Pj8ZtyZfjGqpheidH6Jfv3Y14qm5zvQ+sxdeGRGMaLnz0B0+hQMdh9ES8tutHYBOfNqUOslPvJRtSgfm37ThUfufgz9NTNRVFSG6LmFyEEvWn59Px75wNl7XzjoqPYFCqKoKmnGI2814sePDmLlnDPj1/rTZqMifwfqd27Dnb/tR9V0oHvnK9i8S1k8bdtw+73tSC+JoPKi2YhM/Rh7nt2BFgBF5zHJSSYf3nVQ61asv3svqhfNRN5h59orshQ//fOF+odSPV9GcF00Jr9/EkIIGRFMdBJCCCGTnd4Y6h7W05xAHlb/oAwrR6keSE50BW4ueBF31zWiaSBe06fi2mVYt8RwmzCXUDFWfudrKPjNZmza3oq6NgDhMCLRStxUW4VZ6hc40y9EZUErNnfno/pS/cu1ouXrsKG4Ho/8djcaHj+IQQDpU/MRXfkFrHaVA9lR3HTrmWh84vfYtHMHHtge91k0YzbWXrf4+H/JnLYMt9R24duPin/tm4/qr1+D/od/j82tO/BAaxgFcxbgli91Yr1xTo6PnGgtNny3CXV1L6OpvhFNw0B6bi4irTOdVAAAIABJREFUC5Zh3WImOcmpxABafrvVeCu/oiuKEZ02ShteZgnWfeNM1N+3DQ9sH4rvW/OqsHZNpV67U+zD8nXYULAFG7e0o/7x+F6RMyOC2rUrUFOibngRVC3IRf3TfYhcqqubUjrvnT02suX3qHvJ2WNDYeRNL8bqG5emnuT0+v9VbMh/Avc83oGGx7ciPTcflV9ag+rW+7Fx58hsEUJOnD2NW7HHUHYS82pQeWMKxTtTIg8rb1qGzod/j00P92EwFEZBSRRr1tYgmqDuXU60Fhu+1YgHHt+Olqca0QQgPb8Q1V9ZiTXz1WuTTFTOj2DjrhhyFpYH/oHc8TLq10mh2Vj7V0vR/6vn0NrQiDZEcNP8ElSo7XIX4uZ/iKCloRH1LQfRsu0gmtzapIWFqF7zBdQuKJQSiHlVf4qbP3wMjzzfgbqHO+L/di1fhb/7ymO45zf+3lu1ZiWijz+GTZLDfFR/fQW679uGhuYmbHzJvdaPoPamZeh/cBuaGhrRFgqjKLoYP7wuhtsfEa5H5yzFTVcPoO4PB1H/ePx4em4+Kq5eibWXsYAgmYRIv2t2YFNdh/N7XxnWrSoPSN6neL5gBNdFY/X7JyGEkJSxbNu2J7oThBBCTpwdr3WMqP0ZUzJgWZb3AyDhc4jPAVgIaCc8JjumPk/ldbLjQYy0fXYO/xbIo2sr1v9kB3DFDbht+Rh/CdLbiNtva0L3ohW468tlY+uLEEI0urD5Jw9hE8px2w+WebejHht6UP8v96OuezZuvm2VrGAnhJBxoOXBO3HPzghuurNWT+KNMq2P3oW7XzoNteu/hhp+608IIYSQU5wj/aN5JzDCX6cJIYQQctLQ+tR2xJCLqiomOQkhn3LaGrF5P1CwuJxJTkLIp5veRmx6aQiYG0U1k5yEEEIIIWSU4a/UhBBCCDk5ONKMhuYhYMaFqJk+0Z0hhJCxpA+Nz7ajH+bbdBNCyKeJPX98DTGEUbVkIetAEkIIIYSQUWfS37q2eeeb+N3WJrz73gc4enTQO56ZkY6iaWdiwUVzcEX1xRPYQ0IIGR9469rE8Na1hBBCCCGEEEIIIYSQiYa3rh1dJvW3uL//YzP+35PbjO8NHB3E27F38XbsXRTk52HhvDnj3DtCCCGEEEIIIYQQQgghhBBCyFgxaROd+945JCU5L1t8EfJOy/Vev//BR3j+5V0AgP948EkUfW8tphcVjHs/CSGEEEIIIYQQQgghhBBCCCGjz6RNdL7b1eM9/7NrluFzl5RrbUpmTMMvHtsKAHj7nXeZ6CSEEEIIIYQQQgghhBBCCCHkU0JoojtwvBx67wMAwJn5p2HBvAuMbRbMuwC5OVkAgPd7Phq3vhFCCCGEEEIIIYQQQgghhBBCxpZJq+hccvFcvP/BR1j62XmYOiXb2GbqlGzc8s1a/PezLVhy8dxx7iEhhBBCCCGEEEIIIYQQQgghZKywbNu2J7oThBBCTpwdr3WMqP0ZUzJgWZb3AyDhc4jPAVgIaCc8JjumPk/ldbLjQYy0fXbOpP1bIEIIIYQQQgghhBBCyEnKkf6hie7Cp4pJe+taQgghhBBCCCGEEEIIIYQQQsipy0kvV3nn4HvoiHWis6sH73Z9gKNHB0/YZkZGOmZMPwuFBadjRnEhItMLR6GnhBBCCCGEEEIIIYQQQgghhJDx4qROdLa0tuOBR3+P/iMDo267dfdeAPGk5xc+txCrvrBk1H2YOPLJUdy98TG81XEAN61dhYqLZo+LX0IIIYQQQgghhBBCCCGEEEI+TZy0ic6f3v84XnntLenYOcVnITc764RtfzJwFPveOQQAOHp0EE/Wv4C9+zrxnb+49oRtE0IIIYQQQgghhBBCCCGEEELGnpMy0flfj//RS3JmZqTj+muWYe6cc3F63pRR89F7uA8vtbThsS3PYmjoGHa98TaaWnajsqJs1HwQQgghhBBCCCGEEEIIIYQQQsaG0ER3QOX1N/fh6We2AwCm5GbjXzfcjEsunjuqSU4AyJuai+VLF+Cen3wHZ+afBgDY+Ist2Luvc1T9EEIIIYQQQgghhBBCCCGEEEJGn5NO0blz1x7v+ZdWVI2Lz7V/+gX8n3+vAwC80Pw6Zp5bNC5+U8G2gba3Ynhs87OIHTgE2wbOOvN0XH3FElxcXgrL8tt+2Psxnn5mO7bvfBM9Hx6Gbds4PW8Krvz8InxuSTlCIQuNTa14sO5pXDBrBv7n11cjIyNd8vf8y7vw80d/j8qKUnz1y1cgLS2E9z/4CI//7jlsb23H0aODmJKbjcULPoOrr1iCrMyMcR4RQgghI2Xo2DEcHRjC0aEhDA0dw/CwDdu2J7pbhJAxxrIshEIWwuE0ZITDyMgMI5yWNtHdGlO43xFyasL9jvsdIacK3O+43xFyKnEq7nnk+DjpEp2H3vsAAFA8rQCXLb5oXHyWzY7g7LPOwKH3PkDnoffHxWeqvLyjDff/6imEQiF8Zs55yM7KwBt79mPjL7agu6cXK5ZVAgCOfDKAn/78Cex7512cfdYZWDS/FEePDqLtrRh+takBtm1j2aUViJbNRGHB6eiIdWLfO4cwe+Y5nq+jRwfxQvPryEgP47LFF+H/Z+/e46Mqz73/f2YyySQTwpAQAkkgHCOJMEICEsQIRTRYUcRDrLBVrIXu0rq1v0IPdj/wtPpr1W7oVna7aStWAQvaICIIhWhEIAJRCGBAwjESDJEQAkPIYZJJ8vyRAzkfICEzyff9evFisuZea11rINesta5137eHh5HzF+y8+re15ObZ6R/ch9DgQDKzckjamcqZrBx+8vQMfLxV7BQRcUUORymFxQ6cznK8zZ54m70w+XrgYTRgqP2kjIh0SRUVFZSVV+B0llFa6uTipQJMJiMWbzNms2fLG3Ajynci3ZvynfKdSHehfKd8J9KddKecJ9fH5QqdZ87mAFxTr8pVCR+xY8+XxI4byezvTW3TuoMG9OPc+Yuc/Ta3zfvtKGfOnued9dvo1bMHz819iH5BAQAUFjn489/X8+lnBxk7ajhBgb3w8TYz66E7CQyw0sPX5+o2snL441/XsuuLw4wfczPWnr5E2cLZ8snn7N77FcMG96/pFXr6m3NkZGYzOCyYgf37UlJSyj/e+5gLFy8z+9Gp3DZ2BAZDZS/TTR/vYWPibvanHWfCrSM64+MREZEmlJWVk3+liPLyciwWs3rfi3RTBoMBk4cBk4cRb7Mnfj18KHaUUFBYTFFxCX49fPDwcLmZLNpE+U5EQPlORLoP5TsR6U66Q86T9uFy/wsu5xcC4F9vTs7PvjjE3PlLWJXwUZPr7j14tPLvL4+1eb9Bgb0AyC8oavO6HeXYyTPkXykkyjaspsgJYPEx850Jo7h0+UqdwuygAf3qFDkB/HpY8PLy5EphMaWlTgDGjR5OD18fjp36hsv5BUBl8XL33q8oKXVy29ib8fLy5PwFO5lZ5wjtF8ioEUNrCqIGA0wYezNWP1+OHD/dwZ+CiIi0RbGjlAsX8/H0NBHg76eLQhGpw9vsRYC/H56eJi5czKfYUdrZIV0z5TsRaY7ynYh0F8p3ItKddKWcJ+3H5Xp0NmV/2gkAduz5kofvuwOLj3eDNsF9e3Py67OE9O3d4vY+++IQt986subn/iF98PP1wXbzkPYL+jp9feZbAD7avo+Ptu9rtM3ZcxcYPXIYUDns7+akFI6ePIP9cgFOZ1lNuwD/njWv+4cEETVyGMmfH+Lw0a+ZcOsIzl+4xKH0rwkK7MWI4YMAOH/hElcKism/UsRPF/650f3nXczH4ShVV3ERERdQVFzClYIiell98fJ0m694EekEvhYznp4e2C8XUFHh43ZTESjfiUhrKd+JSHehfCci3Ym75zxpX27zrTGwf18OHj4JwPkLdgb2b1jo/NV/zOToiTMMHzag2W3950tvkJN7iaIiB3dNHANAtC2caFt4+wd+HcrKygEYEBpE/+DARttUF3XPnD3Pf/91LflXCrH4mIkYFoZfDx9KSpwcSs+os47BALeNvZnP96eze+9XjB11EwcOneCiPZ/pUydg7ekLUDO5t18PC5HhYY12A+8b6I/RqHHxRUQ6W7GjlCsFRfhbe2AyaWJ2EWmZl6cJf2sPLtqvYDAY8HaTB9eU70SkrZTvRKS7UL4Tke7EXXOetD+3KXT26+Nf8/rTzw40OQdnS0VOgJzcS0DlXJeurH9IH744cJTBA/rxRPzdzbY9/c058q8UYosczI+//wAmj8qTgryLlzl1OrtB+4H9+zI4LJiMzGy+OnaaLw6k42/1IyY6sqZN74CeWHy88bV489iMyfj1sLTvAYqISLsoKyvncn4hvay+uigUkTYxmTyw9vTlkr0AT5Ofy89vonwnItdK+U5EugvlOxHpTtwt50nHcJtCZ5QtnAGhQZzJyiH580OMHT28ZojV5hw9cQaoLICeOXue9zcn17y3OSkFLy9P7pl8a03bgQP6usz477bIIXy8I5XUtONMuHUEQweF1LxXUlLKqcxvCR8cioeHkR4WbwyGuj0rKypg196vuHT5Cv69/Oq85+XlyW1jb+boyTP8Y10S+VcKmTB2BH1696ppExwUwOCwfnx17DTbd3/JtLvG18zTWVFRObRub/+e9PRTAVREpDPlXynC1+Kt4X1E5Jp4eZrwtXiTf6VyqDBXpnwnItdD+U5ErkV5eTlOZxnOsnLKy8upqKigoqLj9mcwgMFgwGg0YvIwYjJ5YDS27ca98p2IXKsbmfPaI9+Be+U86Rhu8w1iMnnwoyfv5z9fegOAV//2HiOGD2LIwGCGD73ai7NvH396WXsAlfN6/u9bHwAwfszN7Nn3VZ1tlpWV896HO/h4+z6GDAxm/6ETDOzfl//z/z1+Q45p1dqPePeDbY2+90T83YwYPph7Jt/K+/9K5g9/fochA0Po09tK/pUijp36BpOHBz/70SOVvTMHBtMvyJ+0Ixm8sGQlgwb0IzMrhytXipo8URgxfBBBgb04d/4i5qrCZ+1aqZeXJzO+G0v2uQt8sOUzdn1xiCEDQygvL+d4RhaX7Fd48N5Y7p0S0xEfj4iItILDUUp5eTm+FnNnhyIibszXYibvYolLz72ufCci7UH5TkRay+kso6TEibOs7Ibut6ICKioqKC8vw+ksA0cpJg8PvLxMberxqHwnIm3RGTmvvfIduEfOk47jNoVOgKDAXiz82RO88qd3KCkp5fDRrzl89Gs2srumTUi/QH7789kAlJSW1iyvXeR85P5JhPTtTUZmNhsTd2PPL2D/oRMA9OltvUFHA1cKipp8r6TEicEAd08ay5CBwXz40R6OZ2RxIiMLLy9PwgeHct/d4wkL7QuA1c+X5+Y+zLvrt5GWnsG58xeJDB/IrIem8MbqfzW6D2tPX6Js4Wz55HMGhwUzsH/fBm0GDejL88/OYnNSCqlfHicl9QhGo4G+ffyZHnd3naFuRUTkxissdmDRRaGItAOLxUxhscNlLwqV70SkvSjfiUhzyssrKHaUVN50dxHOsjKcRWWYTB54m70wGg0tr4TynYi0zNVy3rXmO3D9nCcdx1BR0ZGDLbTd3PlLALg/7jamT53QaJvCwmJWJCRyIiOLy/mFdd6rXegE2HvwGH9dubHm59eXzK/Tfu3G7Wz9dG+L+xQRcXUHDmW0qb1/Dy8MBkPNH6DZ19R+DRhool2tv1taVv91a35uaXlT2trex+L6zwI5y8q4eKmAPr17dnYoItJFnL9wGf9evjXzvbsK5TsRaW/KdyLSmFJnGcXFjg4dmvZ6GQzg7W3Gs5W9nZTvRKQprp7z2prvwHVzXn1Fhc7ODqFLcf27uI2wWLyZN3s6ALl5di7kXa55r28f/zpta89reX/cbQ229cj9k9i97ysu5xeSW2s7IiIirq7E4cRbT6mJSDvyNntS4nBisrjWRaHynYi0N+U7EamvpNRJcXFJZ4fRoooKKCpyUOHt1ap5LZXvRKQx7pDz2prvwHVznnQslyt0ms1eOBwlrf4lCwywEhjQ9HCzFy/lt7iNXj17cDm/kCsFhS22FRERcRUlTifeZq/ODkNEuhBPTxPFjhIsuNYQYsp3ItLelO9EpLbKXk2ufcO/vuLiEgwGQ4s9nZTvRKQ+d8t5rc134Lo5TzqWsbMDqK9/cCAApzKz22V7QwYGN/t+9rkLfHv+ItCwN6iIiIgrczrL2jw5u4hIc0wmD5eZm6U25TsRaW/KdyJSrby8guJiR2eHcU2Kix2Ulzc/5qTynYjU5q45rzX5Dlw350nHcrlCZ0jf3gCc/PosR45nXvf2fvW712teb0zczdqN22t+zj53gb+s/JCSklKgcj7PvQePXfc+RUREboTy8go82jApu4hISzyMhlZdPN5oynci0t6U70SkWrGjxGXnp2tJRUVl/M1RvhOR2tw157Um34Hr5jzpWC43dO2QQSHsTEkD4P3NyUQ+N+uat/XpZwfqzN8JsPXTveze9xUBvXqSfe4CjqoiJ8Al+xX+unIjY5fMv+Z9ioiI3CgVFRUYDLowFJH2YzAYqHDBq17lOxFpb8p3IgKVvQrdvedP9TE01TtS+U5Eqrl7zmsp34Hr5jzpWC7XozN23EhGjRgKQEZmNn9duZGs7Nxr2tbIyMFMuHUEUbZh/P7Xc4i+JRyAy/mFfH3m25oi53cmjOapx6YyfOgAnnpsavsciIiIiIiIiIiIiLiskhJnZ4fQLrrKcYhIx+oKuaIrHIO0P5fr0QnwzNMzmDt/CXB1ONmB/fsydFAIvhbvZtf17+VHUO9eDB82gMAAK99/7J6a9+bNns6JjCxe+dM7ANwfdxv3TompeQLg9ltHdtARiYiIiIiIiIiIiKsoLy/HWea+PZtqc5aVUV5ejtHocn1aRMRFdJWcp3wnjXHJQifA60vms2HrLjYm7gbg9DfnOP3NuVat+8h9Exk+bECj7w0bHFrnZ016LSIiIiIiIiIi0r248/CNjXE6y/Dy0o1/EWlcV8p5yndSn8sWOgGmT51A3z7+fHXsNGe/vdBgTs3G9A7oSXDf3s22uT/uNnbtPcygAf3aM1wRERERERERERFxA86y8s4OoV05y8rx6uwgRMRldaWcp3wn9bl0oRMgJjqSmOjIdt3m9KkTmD51QrtuU0RERERERERERNxDeXnXuekPXe94RKR9daUc0ZWORdqH+veKiIiIiIiIiIhIt1JRUdHZIbSrrnY8ItK+ulKO6ErHIu1DhU4RERERERERERHpVrraffKudjwi0r66Uo7oSsci7UOFThERERERERERERERERFxOyp0ioiIiIiIiIiIiIiIiIjbUaFTRERERERERERERERERNyOqbMDEBERkRsnafEv2JrTcruguAUsuCuo4wNqFSdZu1ezNjGdrAJnh8V26O1fsPLbqSxYMAVXOXIRERGRzuMkd18iyz8+TmaOk1IAs5mwiEim3TuJ6MC23VJKXbmEZdmjeeGXUwjukHhFpNvJP07ixj0kp+eQXVC5yBIURMykSUwbF4a1C3fxSV25hGUHm34/+J4neOHuG3hlm5bA3LfszPjlHKZ14Qtq+4lkVn94gLQsB6XlgMlE2LBI4h68k5g2fi/WyEli0SsHCH5qPvNs7RquSLehQqeIiEg3MmneQsaV11rwVQIvvpfDxH//CZNqXYyYzH43PLamOA+t5m/vnyR00iyemziQgE6OLefjxSxOzGHkk3/gyZFtXPmbXaxJzidq2lQiXOcjFhEREamngNSVb7IsDSImTWL+DwYTaAZ7dhrJWw6w7KUjRMTPYv74gM4OFLCTtjmJlF5jmTMhrLODEZEbpDB9Ay++cRx7YBjTHnyImGEBeDrySN+/l03vJ7BtWyS/+vm9DHWnu9/5aazfeBzrHQ8xeUAr2gfamP9MTKMPj3h6Wds7um6ugNTVb7Jsn4PgcTE8G28juOfV78XlLx0j9fEnmBelz12kM7hTqhcREZHrZPL1o059zdcEmPDx88PPRQtvaamHKIp4hKenjXSJE5egiT9hYYwTk881rHzpBPtTcwi6U4VOERERcWFZn5FwsIzox+cwL8q3ZrHVL5ZZN8Uy7XASqb1cocgJ4CAzLYOU4HDmTOjsWKQ7yz97iJT9pzlX0orGXj2JjBpFdEjPDo+rSyray/I3jlNoi2PxkzYs1cv9rMTcPZiYyZkkbrMT7AoXkG1RlEPqvgyCbbSu0Gn0wOpnRaW1jmdP/ifL9kH0Uz9inq3+9+J4Yre8xYurE9gU2rV7tNa4kkXqviMcyXO0orGZvsMiiRkRil8X7mUtncvd0r2IiIh0Kznk5QD9LK5z0uLlg59XZwchIiIi0nHsGVnkEsSMWjdza7OOmMLkGxyTiGs7zoblO0ktb7lltdR9l/FZNI3Ijguqy8pM2ksaIcz5Xq0iZ22mMOLuvtFRSdeVSeL2PCyj4pjT6PeiibC4OOL2JZC47QjTvtf1f6uPfLSBfzQzdHIDB49zzmse/za8w0KSbs5l7hmKiIiIi7Dv4LXffQj3L+S5O+p1OyzZz98XrYFHfsvTY/NJWryYrf1msjD6NH9P+JysAieYA4iYNJOZdw2kTqdHZx77161i/YEsipxg8o9gysyZTBnUeNfI6iFiK39YyS9+ARDE1AULmBIERV/vIGFDEunfFOHEhE//CKZMj2dire1Vz7v5k0c82b4hifRvTEx4ZiH3NTOqWdHXSfx9TRLpF51g8iF09AyeeCSKgOonDw+t5Bcrc2riICeJxYu3EjRrIeOyVpLw2WnyGxzfIVb+YiWHqjaxdfEv2Apwy5P84fGRUHSaHe+tJ+mrqs/GN5SIO6fx4O3D9MSjiIiI3HBWfytwhtS0AmKiGi921lFuJz1pMyu2nSXXAZ6+AcQ8+ACzo1ro9enMIeW9TaxOzaPQCZ4BIUybNZ1pg+vu034iiRXvHiItzwmAZUAY0+6Lw5aRwKIt9spGOYnMnZ8IWLv8HHHiisKItplJPdia3k2VfCKHMKgDI+q6zpKaVgAjxhNjbk37HDa9sor1wXG8/qStwfKU6Oq5LKvbTeEl21mWbz7OybwgZv9+JrHHquaffGYKnjs/ZdPhPDwnxLP4gbBW5L+r2108Jodl76Vx0g6YfbFNnsqcuwdjqW5Tdfmb/dYS5gIEtcO8xmlXY+fjrWxKL6DUZCJsXBzzH46kcP86liZkkO0AT2sI056onYNrx36Wpe8eIbOgfuzNKMogMaHy8yp0Vn42tru+w+yJVeulb+C51zOInvscsyPqrZuVyPN/PEX0sz8ifiDX9n1hMhEWPYl58aMJrHVdnbt/c9W/rxOMJgIHhjPjsbim59j89jipeRAx3YZnU8dqDCN6pJnEL46T/r1IImp/9j+Lw5KUSEKandJysAwYzKwnHyKm0a/IPBJffZMEYlj809h6vXUdpPz9Tywvm8Rrc8c2/9l3sPCbw/A5mElRa1ewhHLLwI6MSLo7FTpFRESkLusEJt78IWuSt5N1x32E1norP2UH6eZxPB3tA+RXLjyzlT9nDeTO7y8g0h/yDnzIyk1/5mX7D/ntw8Mq25TnkPSnxWx1RPHIj54g0h/Opaxl1f++RtEzv2q08Fg5RGwW2//3b+zo+wgLH44ETPj4AsfXs/iNXXiOfoR//7dIAsjjyEdrWPuXxeT9YCEzwmsHvYO/v+HH0EnTiJ8YwMCQZo49fwcr/xFK1AM/IX6gD3lffcia99bwN98gfjUttJkV4eQHr5ITOZUn5z9JgOM029cnsPUvawh44WmivCKIX7iQB+vPiWqq/Bx3vflnPsy/+tnkndzF1o2r2NrntzxS/4JPREREpKNFjmdGaAbr3/4Li9JGM2PKeGzBvng2+gBWAalvr2LZCStxM2cSN8gX+7Eklq1+k6WlP+LZcU0USsvPsmnpGtY7BjP7x9OwBUD2nq0s+9MqCqtvbAOFaQkseisTy5hYfvXvEQSSR9r2T1mfkELEz2ayePxZEv+0gcS+sSyOjwBMWFpRmxVpX2YiH3iEf3Ou5R+HWy52+oy4g18+HMm1zIYhF8jOheCxzV3YXYcTybx8ypfoOycxuXcAETWVrQIS39yAddhI4h+LInBACG3KfyeSeTE7hBmzn2BegJOTn2xlxZZ1LA94hmfHBBH3zBxis1N4eVkawfFzmD0CMHq307C0BSSuSMJ2z1ReeMwX+/4kln6wmSW5e7EXWJn1kzkMNeew7Z3NrH8jibAXpmOrne/P7OHlrCCm/eAJbAGQu387yzau4/lL03ktPrzxXZYfZ/UrG9hmvprjcw8ns/y9dSw6P53FD4dDxGhiA46TuGsvsyLG1ikipiUfIXfAGOIG0sbvi3OETb6ThZPCsF7OIGFlEs+/4bxaGDy2gRffzqzVJoeU5O2seHsPEQ0Ki1XO55GLldi+zX/KYcG9oSiHk7kQEVjrs399M2Fjb+dXi8Kw5KWT8HYyy5clEvyfcTS8FRLA5DtCSFh9iMSsWOJr34awf0HiYROxnVzkBDANn8YvH97AK+9ltVzstITybz+ejs37RkQm3ZUKnSIiIlKPiai4iWx9dT/7M+8jtObMO4vtyVkEjHuEiNoXPfYg7vy/MxlXdZXud8eT/JTXeHHjJnbc9RwTrZD/2Rq2fhvBI7Xb3fVDni56mT9/sp97nopqeFLi5YOfV098PACTBb+aSUTz2fGvXeTf9Ai/fWxc1c0BP8Y99hwU/l/W/msHU8InXp2LtMiHW59Z0GwvzhpFAUz62Q+ZWHV14xfzJFOP/oI1x9PJI5Rm+yRExrPg0eqq5EjueyiLQ39MIv0ERN1cOQ9q43OinubE1xDxWDzjwio/Bb/R9/HDW+4D9eYUERGRzmAMYdqzTxD4wVbW7zvAsoMHALAMCCF2/Hjixg7GWn3ylp7EioMm4p59ouZms3XMQywsW8NzH31G5rjGbuSCPXkr67NDmP2rcHLwAAAgAElEQVTCQ8RWnR9a736CZwv/wstJe5nx9Fg8y4+Q8G4mjIrjhVnVPWmsxD48mBinE0+TCcxWLEbAZMHqp5nqpBMZexL98DTyLqzjX982067fSP7j4ZEaucVVFfVmxgsza/LSVU4sY+J54YFaGS19c+vzX3kYs39+tYAY/cBUMr9aw6ajp2BMJJ6+Vqw9PfCEytf1BldqVM4BFs0/0MgbYcxbEk90rdgD73yIOeMrr2gDJ04hbvcq1p8wMfuF6UT7AFiZcX8kyUuPkHoCbDfV2twlK9Nq5+qJ8SzkTRZ8kExiXDhxjaRee3Iy2wpCmP3LWuuNf4iFxjU8924yiXeFE2cNY8Y9ISSuPk6KYyyx1T10HXvZtteJ7bFbsdK27wvLxHjmV1/8+41mzk+dFC7ay6asscSHQvbpHAoDbiL+Plvlv42flbjvhRPXhmGnm+LpU/XFWGdbTgLvfIL5E6vuJvjFMO/eTOa+nUlaLoQF1t8KeI65nbgtCaTszST+6g0ZMnceIjMgsmHv107iZ5vOf+T9gz9su9x0I2NPvvvUdKJ73Li4pHvSV6qIiIg0FDKJCf3z+WJP+tVl6bv5wh7BnXfW69l408iqC6Or/EbfykCyOHHcCeSTlpbVaLuBQwdCxkm+bkts+WmkfQMRt0TXewLah+hbIuCbExwpqbW4dxTjWlPkBAgaSUS9i7TQkCBwgrOFVYfeXO9qo18oIUBpixdMQYQGQfqODzl0tghndXudpYmIiEhnMgUR8/ATvPT7+fzvfz7Esw/YiDDZ2ZawjgUvJJBa1YUjPS2DQusQousNSWcZEkJYXhYn8xvbuJ3UL/PgpnBi6p0fDh0WBKfOchLgxHFSi0xEj284XKCnSc/uiwsy9uWup76DranuVpZQnnrqDvrqXN91jYhspMgJ4EtMTN0Lyzblv5sG1+0lSQhhoYCzpSvNZgTamP+bOSxu8OdebHUaWomOqP3YbhDBwUBgEENrH6uPBxacFNbvlNxIrrZGhTOUPNKPNtaDuekcbxkVjq3Wep5Ro4n1Ocu2lLyra6ekkdbLxrQoc7Pbavh9YSZ6dL2Lf58hDA0u4GRG5TDngf2sWPKOsX5HBrlFtT77dvidLK3eXp1t1f/sgdCAyuGIm7xXEEbcHQHYvzhAWnWb8iNs21OA7e7bG314qLP0nfQgT41oagxpM7b4B7lLQ8nLDaCzQhEREWmEHxNiI/jwn7vYPyOCKC8n+/d8DtFP1/TIrOFlaXhC4dcTPyDnUuXFSlEh8PVafv2LtY3sayTFbQmtqIgiwM+74WmMydsE5JB/Cag+mfZw9dOdIKb85CewJoGEP+2iyFk53+jEu+5jys0tzGslIiIiApCTxKJXDpBde1ntud3SEpj7VmbddUbVn6+uaZ4Bg7FNHIxtIpCXwtI/JrPs/SO8PiuSwiIn2NN4eX5aI2taKSwCGvRMclBYAGRs58fztzeyXhiFAA4HhfgS2KtVYbYodeUSlh2suyz6qfnMswH15sirjl/zfUqbeUfy1FO5/PEvh8iqXcio6tmk4RuvV2+CAyE16yxXL/rakdGjiTdMDYbvvrb8146MHlj9rO00vG0zzOaGc1NW7Tfbbqfhv0NVju/ZyHpV26pZzxjJ5PHbeXHnXjInxhFGJok78wi74wGGGmttq1XfFw4Sly4hsZFWwUVVhVVbPAsfX8eyDzbw/AdOMPsydEwUs+6NIaypsaT7BBBIJpnnGjnUWjKzL4BPGEMb6aXZVtYYG7aN29m234FtjJnS/QdIJpxnx7ra2OwWbA9P47uN9GQPnTyNpyI7e5Bd6S5c/c6fiIiIdBLT6AmM++Dv7EjJJ+qW/ez4KoBbf9rIGCklhTipd1KRf5l8IKBXAFCEjwW4uXqezQZ7atvcND4++ADO4gZ7rVoWgF873Qy7YXwGMuXpBUwBnAVZpH+6iYS3Xub0Y7/n6WidromIiEgLAmP51W/GUlp7We253SLvZfFv6vUaMl3jzdKAGGKGJZP2bQ65RGLxMUFgJPOfiaksqtbdSRPzZZorl4+onlezkfUAzGYsFJBb+yG262CLn8PiB+su86w5Ea2aI69ODxvN9ynXKOgO5s0s5I9rTpFXDhgtxMxUz6b2EUK0zZdN24+Q4hhNTFOdyVpkJ7fRHuetd235zw05HJRC3aJlvh07EGhtrMxaleMbW69qWe31wu4YSdi2fWxLj2M2B0i+FMKsmIC622rV94UvsfNmEtfIXJqeXlf3Fxj1EAujAGcBuVmHWL86mRfT7SxsdM5MoF840QEHSPxiL6W2sQ2LtwDlGaQcdGCxhdMuI8uaxzJ57Gcs3fkF9jE3k7LzLIHj4+v1CnYRxr7c9dRd5P3tY6o75gaMuYt5k1qY1FSkHbnir4aIiIi4AmMEt40LICt5O7uSd5HVfwKTQhppd+xQzdBl1fK/3M9pQhkWbgL8sNlCISOTLF8//Pzq//Fp25NXfjZs/SH9y9R6k94XkfplOvQfRqRXG4/1RjFb8KGIojpdWJ11Risy+YYyctoMJgZB+rETNzpCERERcUdGMxY/a2XPnuo/vrXu/pt8677nZ8Xq08wZWE4ayRkFjb9XfoT0E5XzdQYCEbbBWHKzyCy3NtyHn2+DHlCVrETfEgCnzpHp28R6AMPCifZxkrr/SCNxVL+oe0O9OZ4+DfdlqfUxeDaIpan4RVrmEz6Vn8WH4WexEBMfz6Ph6tnUXsKmjMXGWVa/m1bZm6++cjtp+49X5YQmcsTpDNKLGlu59a4t/zXDx4wFKC1qbDjYTnTsOCn1Piv7weOcJICI4Y1VmqtyfCPrFR48Tlr99ay3EjfCSfKuFLbtOg5jaxew2/J9UUD62bJG2lixVG+v7sU3gQNjmHNfGORVzpnZuDCm3R0Ch/ewPK2x70YnmYlJbMu3Eje5sYe7r40tNpLAM4dI3LWXbWcCmHyHKw1aW493OI/+8DvE9PTAL+o7/Oz+8LY90C5ynXS6JiIiIk0KjZ1A6MUdrN+eR0TshMZH3bHm8MnSNXyemUd+fh6nU9bw542n8YmeyoSqhyb9bp/GBNPnrPzjWnYczyI/P5/8syfY8f6feXHl/hbnv6zLj4nfnYDfsbW89s7nnL6QT/6F03z+zmusPebHhO9O7NDRga7L0NHYfPPZsW49h87mk1/ghLNbWLxoMWt3plceS34ep3d+yI4ciLhpWOV66et58Xcv8rfP8hr/mXTW/+5FXnx9F3mN7lhERESk9XLT97L6T39hwZ82k3g4g9x8O/b8HE7uT2LZf20m2RjG7PvCKxtHxDJjWB4J/72KhP1VbXMzSPkogUWvJJLZxD6ssbFMNh1n2X+tI/HYWez5duxZx0l8700WvLW3siBhjGTGvUGUfr6Z51encDK3atsfrmJBzbatRI8OgPQ9LNtRuf/C65jyTqQ9+URO4ze/mM2jGr6xffmMZc4PwrGkJbLglQQ21co9aTs28/ILy1n6fhrpDmgsR2SmJbLkzWMUXm8l5hrzX5P8biZmMKR9uI7E0znY8wuaf4CjvKwydzbyp8E8m9ejl51Nr64j+XRO5XfBnnW8/EEeljHjmdzEuLnW2Fgm+55lRb31Xkw4i3VCLHF11jMTMyEcy+FkVh/2JTY2suG2Wvl9kb1xNUs+PFD5fVH9vfXKchKyABykrHyNBX9NJLlmO2ms/igTAsKwNTPkrGXcdJ4dbyL1rb+w6N1k0rMqP+fMY8msXvoXXkwqJubJme071HnoWCYPKCDxvTRyR9ia/Kxdhnckj/7sh/zmgUgVOeWG01hoIiIi0jTrBG6L+JC1Z8YxcXQTpw0DpvKT6CxWrlrMWrsTzAFE3PVD4u8cdvVEwziMGc//ioHrVvHhytf40AGYfAi9eQozH4xq+wlJ+AwW/CiAhA2b+Osra3FSOa/ljGdnMaGxXqeuwjiMGXPv4/KKLax8dRcETWXBgnv44SNO1nyyhr9uLKocBtg3lIgHn2NW9bC1zsvk2/PxKXI2/jNOLtvzyTcXtbFoLCIiItJQ4MTv89rNaSRu3kviu0dIqOrA4unrS9ioWBbWmcssgMn/PofgpM2sfn8diQWA0UTgwHBm/ODOxocBBDCGM+v/PMHQ9zaR8NYaEhyAyUTYiDHMefjq0IDWCU/wgs9mlm/ew8svJYPRhDU0hLj4mJptWyc8xLPn1rF80zqe/6D2vJsi0lVZIqbz0qLjJG7cQ/L761hfnaf8ArDdHsdLk20EVl1OWWMf5dlz/6zJEZ4BIcyYO52ItxNIua4orjH/Nbe92feS/UYi65euIoEw5i2JJ7qp5rlpLPlNY/ODQvA9T/DC3e1UdRswnl+NyWHZilWssANmX2xx05k9JbzxYVyhMsf/8iECEz4l4X9XscIJnr4B2B6MZ86ERj6ZiNHEWo+TGDCSuNBGttXK74uXgpJY8d52lmxLqhw2NyCI2HumMyMUwExM/HTs7yez/q00Vjio+vey8ezcJoatreGLLf5HLI5KZvWHB1j6agql5YDZTFhEJPNmTSI6sL1LLQFMnhBCwrsXiI1tYshcEQHAUFFRUdHZQYiIyPU7cCijTe39e3hhMBhq/gDNvqb2a8BAE+1q/d3SsvqvW/NzS8ub0tb2PhbXfxbo3PlL9O3TwZNRlqez9rd/J+uuhTx3R/1+kjkkLV7M1n5P8ofHR3ZsHCJyw9yQ3NJGrhiTiLg/V8wtrhiTSFd1Ob/RQU/dWk+/xnuOumJuccWYpL4cNr2yivXBcbz+ZAc/PWJP5sUX9hE29zlmt8skl11D2ruvsTR7DIt/Gsv1dujsajmvqXwH7pFfijT8RLvS0LUiIiLSpPzdSXzuiGBijMsOBisiIiIiIiIibiw98QCZAZFMVpHzKnsym/Y6sd1x63UXOUW6OhU6RUREpHHlp9m+4zQ+0ROI8ursYERERERERESkyynaS+LnDsLuGHsNw/12XSc/PcRJcziTo8ydHYqIy9PQtSIiXYSGrm2ehq4VEWkdV8wtrhiTiLg/V8wtrhiTSFfV1YZxBA1dKyJN62o5T0PXSm3q0SkiIiIiIiIiIiIiIiIibsf1u6u0IPObHL7+5luysnP5+sy3nDqdzZCBwQwa0I/Q4EAG9e9HWP+gzg5TRERERERERERERERERNqRWxc63/1gG58kH6C8vLzO8lOnszl1OhsAo9HInbGj+d4DkzsjRBEREREREREREXExBgN0pQm92jhbi4h0M10p5ynfSX1uWej8+sw5Xv3bWgoKiwG4P+42QvoFEtqvN8F9e5N97gJZ317g7Le5bEzczcc7Utm99yt++sNHGDSgbydHLyIiIiIiIiIiIp3JYDBQ0VXu+lN5PCIiTelKOU/5Tupzy0Ln7159GwBfizezvzeVqJHDADh64kzNpLpjR90Eo25iQGgQK97dSkFhMb979W1eXzK/0+IWERERERERERGRzmc0GikvL+vsMNqN0Wjs7BBExIV1pZynfCf1ud3/iH998jkAIf0CefXFn9QUOQGOnjzD4mX/5OjJMzXLokYO49UXf0JIv8A664uIiIiIiIiIiEj3ZPJwu9uizepqxyMi7asr5YiudCzSPtzqf8SxU9+wbtNOAH4696E2rVvdft2mnRw79U27xyYiIiIiIiIiIiLuwWTy6OwQ2lVXOx4RaV9dKUd0pWOR9uFWhc7PU9MBmPngnfj38mvTuv69/Jj54J11tiMiIiIiIiIiIiLdj9FoxOTRNW6Wmzw8NJSjiDSrq+Q85TtpjFv9jzj9zTkAIsPDrmn96vWqtyMiIiIiIiIiIiLdk5eXqbNDaBdd5ThEpGN1hVzRFY5B2p/b/K8oLy8nMysHH28vgvv2brH90RNnGiwbPmwAPt5eZGblUF5ersq/iIi4NYPBQEVFBQaDobNDEZEuwlVzivKdiLQ3V80pynciN5bJ5IHJ5IHTWdbZoVyz6mNoiqvmFOU7kRvP3XNeS/kOXDfnScdym0JndXGybx//FttuTNzNRnbXWbZg3qMA9O3jz9dnzpGZlcOgAf06JNampH55nGUrNrS6/a2jh/P9x+4h8dO9nMu9SLQtnNEjh3VghCIi4k6MRgNl5RWYPHQCJyLto6y8AqPR9XKK8p2ItDflOxGp5m32oqCsiIqKzo6k7QyGyvibo3wnIrW5a85rTb4D18150rHcptDpb62ck7OgsLjZdsOHDmj2/er1q7d3IwX49+S2sTfXWZZ3MZ+jJ8/QO6AnNw3pX+e9IWHBOMvKOXT0a05kZNGndy8VOkVEpEb1U3gmD41QICLtw+ksa/EJ2c6gfCci7U35TkSqGY0GvL3NFBU5OjuUNvP2Nrd4Q1/5TkRqc9ec15p8B66b86RjuU2h09rTl94BPTl/wU5hkQOLj7lBm+lTJzS7jcIiB+cv2Okd0BNrT9+OCrVJgwb05emZ362zLPXL4xw9eYYhYcEN3qv2y2ceuxHhiYiIm/EymSgtdeJt9uzsUESkiygtdeJlcr1LBOU7EWlvynciUpunyYMKby+Ki0s6O5RW8/b2wrMVN/OV70SkPnfLea3Nd+C6OU86lls9MlM91Gz2uQvXtH71ejd6yFoREZGO4GU2Uewo7ewwRKQLKXaU4mV2vYtC5TsRaW/KdyJSn5enCR8fM64+tZvBAD4+Zrw8W5fDlO9EpDHukPPamu/AdXOedCy3+hcP6dubfcD7m5NZ8ONH27z++5uTa7bjTv626kO+OHCUebOnE31LeJ1lcx+fRm6enY+27+NKQRG9rD2Y+eCdjB4xjL0Hj7L+X8mcv2DHy8uTSeNvYcZ3b8fL6+qTUuXlFXy+P52Nibs5f+ESBgOEhfblkfsntjgMsIiIdC6Thwcmk5FiR0mr5ikQEWlOsaMEk8mIycP1hvlRvhOR9qR8JyJN8TR54GHxodhRgtNZ1tnhNGAyeeBt9mr1/HPKdyLSHFfOeW3Nd+DaOU86llv16Jw+dQKhwYEcPXmGdz/4tE3rvvvBpxw9eYbQ4MAWh7h1J++s/4SknalEhocxZGAw9ssF/H31v1jxz62s+Gciffv4EzVyGB5GAx/t2MfGj/bUrFtRAZuTUvj7mn9RWFTM6BFDGXXzUM6dz+PVv73Hvi+PdeKRiYhIa1i8zRQWute8CiLimgoLHVi8G04P4SqU70SkvSjfiUhzjEYDFh8zFh+zy9wsN3l41MTUlpv+ynci0hJXy3nXmu/A9XOedBy36tEJ8GR8HC8tXc3HO/YxdFAIY0fd1OI6ew8e4+Md+2rW70qCAv15ds5DWHzMVFTAqoREdqakse/gMX781HRGDB8EwMHDJ1m2YgNfHf2aeybfiq/Fm0PpGWz6eA+Dw/rxHz94kB6+PgCcv2Dn1b+tZcsnnxMZPrDR+VBFRMQ1mM2eFBWXUFDowNeifC0i16ag0IHRaMTswnMkKd+JSHtQvhOR1jKZPDCZPCgvL8fpLMNZVk55eTkVFRVUVHTcfg0GMBgMGI1GTB5GTCYPjMa291VRvhORtuiMnNde+Q7cI+dJx3G7QueQgcHcH3cbGxN389eVGzkeG8U9k2/Fv5dfg7YXL+WzZdsXfJK8H4D7425jyMDgGx1yh7p19PCaQqTBAJHhYexMSWNg/74MGxRa025ASB969vDlSmExpaVOAA4cOoHTWcYd42+pKXIC9OltZVxUBJ8kH+D8hUsM7N/3xh6UiIi0iV8PHy5czMfT06NN8xaIiACUlDopKCymt3/D82lXo3wnItdD+U5EroXRaMTLy4g7Da6qfCci10o5T9yRW357TJ86gXFREbz5zhY+Sd7PzpQ0+vbxJ6h3L0KDA8nKziXnwiXOnb9IaamTIQOD+f5j99AvKKCzQ293/ta6v7weVd3LrT196zy9YDQaMdTq6u1wlPJtTh4AK97dyop3tzbYtsFg4OKlfBU6RURcnIeHkZ5+FuyXC/C39sBk6vyhRkTEPTidZdgvF9DTz4KHh+vPaqF8JyLXSvlORLoL5TsR6U7cLedJx3DLQidAv6AAnn92Fms/3MG+g8f45ux5vjl7ntS04zVtAgOsjBl1E4/cN7ETI3VN5RUVlFf1OR8+dAABTTzt0MuqpyBERNyBt9mTigofLtqvYO3pqydhRaRFJaVO7JcL6OHrg7cbDe+jfCcibaV8JyLdhfKdiHQn7przpP25/bfGI/dN5JH7JpKbZ+fM2fOcycphQGgQA0L6EBhg7ezwXJaPtxeBAT05kZFFlG0YU+6I7uyQRETkOvl4e2EwGLhkL8DX4q05TkSkSQWFDgoKi+npZ3HLC0LlOxFpLeU7EekulO9EpDtx95wn7cvtC53VAgOsBAZYiRo5rLNDcRvjoiLZe/AYnyTv55abh9Kn99XCcFGxg8ysHIYPHdCJEYqISFt5mz3xNPmRf6WIvIslWCxmvM3uNLOCiHSkYkcJhYUOjEYjvf393HpoH+U7EWmO8p2IdBfKdyLSnXSlnCftx6ULnUeOZ5J36TL2ywU4nWXtvn1Pk4kAfz96+vkSGR7W7tt3dZE3hTFx/C1s++wAi/7wJhHDBuDXw0Ju3mUyMrMJ6OXH/HmPEtBLw9eKiLgTDw8jvay+OBylFBY7yL9SXHnB6GnCZPLAw2jAYDC0vCERcWsVFRWUlVfgdJZRWuqk2FGKyWTE1+JdZy53d6Z8JyKgfKd8J9J9KN8p34l0J90h50n7cNlC5yfJ+1nz/ic3bH/jx0Tyg1n33rD9uQKThwffe2AyEcMG8K9PviD9xBmczjIsPmaibeFMu2u8ipwiIm7MbPbEbPbEWVZGicNJsaMEZ0EZ5eUVVFTN0ywiXZfBYMBoNGAyeeBlMuHfyxeTh0dnh9UhlO9EujflO+U7ke5C+U75TqQ76U45T66PocIFvxmW/2MzKalHABgXFcGoEUOx+vmyeNk/GT50APfH3VanfWPLNybu5ujJMyyY92idtrWXFxQVc/DwSXZ9cRiA++NuY/rUCR18dCIiHePAoYw2tffvUTn/RfUfoNnX1H4NGGiiXa2/W1pW/3Vrfm5peVPa2t7H4rLPAomIiIiIiIiIiIibKip0dnYIXYrL3cX98qtTNUXOl/5zDoEBlfNGHj1xpqbN8GFX5410lpXRq2cPTn9zjl7WHvTt48+58xc5/c05egf0ZNjg0DrjNG9M3F3zOtoWTrQtnEm3jeKlpavZmLibEcMHMXRQSEcfpoiIiIiIiIiIiIiIiIhcB5csdAI8fN/EmiJnc0weHoQGB3L46NesSvioZnmxowRb5OBWTUY7ZGAwTz02lbfe2Ury54dU6BQRERERERERERERERFxcS5X6DyVmQ3AmFvCW71OdaHz6MkzdZb39u/Z6m0MGxRauf/T2a1eR0REREREREREREREREQ6h8sVOs9k5QDQp3evVq9z9tsLADw6fRJhoX3JyMzmvU07ycm91Opt9O3jX7Wt3DZEKyIiIiIiIiIiIiIiIiKdweUKndciN88OwOCwYIYNDuVKYREAORdaX+gUEREREREREREREREREffR8gSWLu5KQREX8i4DMDisHwC33DwEgHPnL1JY5Oi02ERERERERERERERERESkY7h9oTMn9xKlTif+vfzw8PAAwNNkooevD6WlTs6dv9jJEYqIiIiIiIiIiIiIiIhIezNUVFRUdHYQtc2dv6SzQ+D1JfM7OwQRkTY7cCijTe39e3hhMBhq/gDNvqb2a8BAE+1q/d3SsvqvW/NzS8ub0tb2PpYuMbq7iIiIiIiIiIiIuJCiQmdnh9CluH2PThERERERERERERERERHpflyuR6eIiFwb9ehsnnp0ioiIiIiIiIiISGdTj872pR6dIiIiIiIiIiIiIiIiIuJ2VOgUEREREREREREREREREbejQqeIiIiIiIiIiIiIiIiIuB0VOkVERERERERERERERETE7ajQKSIiIiIiIiIiIiIiIiJuR4VOEREREREREREREREREXE7KnSKiIiIiIiIiIiIiIiIiNtRoVNERERERERERERERERE3I4KnSIiIiIiIiIiIiIiIiLidlToFBERERERERERERERERG3o0KniIiIiIiIiIiIiIiIiLgdFTpFRERERERERERERERExO2o0CkiIiIiIiIiIiIiIiIibkeFThERERERERERERERERFxOyp0ioiIiIiIiIiIiIiIiIjbUaFTRERERERERERERERERNyOCp0iIiIiIiIiIiIiIiIi4nZU6BQRERERERERERERERERt2Pq7ABERETkejjJTdtOQtIh0s44KQUwmQgeMIDYuClMvsmKZ2eHeN2cFOYXUIoJi59v5x5PThKLXjlA6cR4XnogrNEm2R8tZ9EWmPHLOUwLusHxiXR1aQnMfSuT4Hue4IW72/YLlrpyCcsOhjFvSTzR17DPllkrf++tBdhLnHh6WbGYOygmEen68jNJTtzOpn055DoqF3n6BRAxNor4u0cT3EJ+aaDqHIZryJ9Qna+sTZ/fVG0/e1Qcrz9pa9vGnQXYi5xg8sXqo9tUIiIiItI2OoMUERFxWwWkrn6TZfsceAaFEHvPEIYGQu6pU6TsyyDhr8tJnPwQi+8b3NmBXqcjrPhNIqm4TjEgd8cGlg35PvNsvp0dioh0tLCxzHk8vNaCs2x7+wgnrWHE3x+OtWa5mTArZO9Yw6It9rrF2DMpLN+ZReCoKcwYYUVEpFnfbufF/95LZrmZoSNsTB4VhDU/h9QvT5G2LYlFO48we9FMYrvKaciRzSx4KxNqF0mVN0VERESklVToFBERcVdZn5Gwz4HFNoWXnhqNpXp5VAzTHnaSu2cDyQHuXuQECCPu8SlEY2VoZ4dSw0Hqu5tJGRZPjE9nxyIiHco6mJio2gs8SH37CJgDsEWNJrhe81Lb7cwJdGAJrnVj/lImKfsyCe7jYMaIGxCziLgxBymb95LptDLt53OY0e/qOzETgYfI4pwAACAASURBVPzjJCTm0aWetap+oCSg1mgZypsiIiIi0koqdIqIiLip3PRMcoHoUbWKnDVMBI5/iBk3PqwOYGVo1GgXKnKCNdRKaVYmy5clEfbTKQRr1nMRqeLZL5KYfi23ExFp3CnSjgCBgxvPJX7hxD98o2PqYA0eKBERERERaT0VOkVERNyU1c8XsJN+8ACFUY0VO2tLY9n8RFKDRvPCL6fU6oHUcHnNnHH//1iy397KpmOV82MG3jSS2Y9NIcKv7pZz929m+ebjnMxzgtFEsG08c2bFEFZ9llE1v13043OIzdrA6l055FpH8+vJOfz+3bMETo7npfvqzndZum8NP159lrAHvs/CiU42vbKK9dSKvTyPlIQPSDiYh90BmM2EjbqV2dNjCPNpIjbAMiCMaQ/cS9zg6m4QOTXbXvh4DzYl7CHtjBPbU/OZ18z0UhbbvcyzbWbRlgMsT4pk4d0hzX769jMpbPpgPylnCih0AmZfbJOnMufuwVf/3Wo+p+8TfWwdK/baKS0Ha8Ro5j0+heBvk1i++hBpeZVzWNnun86zsXX32+K/hUgXVZiRzIoP9tXMVewZEETsvdOYFRXQsHFRBptq57aBkcyaHYfNr2HTa1L9u/zUfObZqnJs1VvZW1YxdwtQlXMbVZ5HyvubWF89L5/ZSvR9ccyZENYF5lwWkZb5YvUDcjNI+ZY6PTobUzk3uL0q57S8HJzk7l/HsvczyCwAT98AbPdM6ZAcU31OOec3o8l9J4lN6QWUAtbBNmb/IA5b9TlbnflDzzWbN+v3ohcRERER6RL9D4qLSzh89GvWbd7Jy/+zhl///g2e+fX/8Myv/4df//4NXv6fNWzYuovjp7I6O1QREZF24zlqNDG+UJiWxIIXVrH8owOczK28gXT9rpD4xgZSGMKMWbHMsPliTz/Akv9aR5rjaqvspOU8//YRMk0hzIifwuy4EDiczItLt5Ndb4uZm9ewdGceniFhxAzqgcfY0cT6QG5qOifrtMxj286zYAwhLqaRIgUOUt56k+Wf52GJGM3sx2OZMdKKPTWZJR8evxrbR9WxBRH3wBRm3zOYwLxMEv70JssPO+pt8jjLXk0m7VJPIsYMJtizoIXPx0Tw3dOZEQqZW9Y13F6dbe9lxdJkku2+2O6KZc7jMUwOcpK2ZR1LknIaNE9/fzUJ50KYMSuWuJvM2NMPsPSNVSz5yxEKI8Yw54FIwswFpL2/jhXHrq7Xln8Lka6kMC2B5/+UQuqlnkTfE8ucB2wMNeaw7e03ebHB71gjuS0jjaX/lUBqUUdEVzn09pzYylxmtcUw5/EpzHkgksBG2+ew6dU3Wb4rB8/q/BYBae8l8HIj+UJEuqIwYm+3AnY2LXmNRa8nknjsLIXNnGq0RenRrbz8gZ3gO2IrzymMeaS+l8DLH51tnx00cIH1SzeQYg5n1uO18u4bydgbbd/WvCkiIiIi3Z1bP99vv1zA9t0H2ZmSxiX7lUbbnHeUcP7CJU5+fZaNibsZ2L8vE2+7hYnjb7nB0YqIiLQzcyRzfm4i+J0kNqXnkLIliZQtSWAyETZiJNPunUR04LV+1edhHxDPSw9U9bSMiiH6o+Us2pLB6o8yK3tgOvaSsMUOQaNZ+PPq4VtHEztgA8+9foDEY5OYfdPVLeY6ejPvN/FE1+pxOXn8dpK3HSE5PY6hEVULs/ay7QwETrydGHNjsR0j9TAwLJZfPRlT2SMyKoZpj+aQWxBU2cSxl4REOwTYmP/zOIZWxxa7l6WLtpOyfjtxI+Ko6UdqL8Byz0xeaqFnZl1BTJsXR+ZLiaS8u4Ho5+seWw3zWGb/n3Cs1qvz9cWM6k3pos0kHzxC7pSgOjfuCgeM57W5YyuPa1RPChdtJjkjB+v3fsSz4yp7osb4FzD3rUzSjmTCTW3/txDpOjLZtCGTQmMIs385k9iq38GY2AgSXkogcUsSKbEza+WShrktNvlNFryfSUJSJtH1epdfv6qht03HWZ6chyX0JmKigppsXbovifVZEHz3TF64J6QmxrB3X2Pptj2kT5lORJNri0hXETzlKV7qtYGl72WQnZ5GQnoaCVT1Vp8yiWnjwrBe42Pruae9mf1C7XwZzorfbCA5cTspE2c2ce51PQrwHFM7pw2GV1axPuMMaQ6IbbC/tuVNERERERG3LXRu332QDz/aU1Pg7NvHn1EjhnJL5BB6WXtg7ekLFXDRns+3ORc5fPRrvjp2mtPfnGNVwkfs2P0l0+4eT9TIYZ18JCIiItfBL5xpc8OZ5igg8/Qh0vYeI/lQDpkHD7Ds4BGin/o+82y+LW+nAV9iYure8A+eOBrblu2kHcsglzACT2SSVg6BEWFYCuxXn8oP7ctQjnPydA7cdPXGVOCE2xsUAsPuGEnYthSSd+1lVsRYPIGTe4+RSwDx32mq4BBKxGBIPbWf1XuCmDFqAIE+JjAFEVhdSzyWURnbmJFVRc4qPmOJGbGdtLRM0nIhrKbCGEbclLYUOau3Z2N2fDrpb2Wy7O29vDZ3bKPNahc5+X/s3XtYVOe59/Evw3AWRhFRQEFEFMVRwQNKUGNMMFFjTIxpYhtNrGmbNk32btJ0991Ndne7u9ODaXfSQ9omzbkmqWliYjRKYqwEUTygiAcUEEUBQUQBYRwYhvePAQKCAoow4O9zXVzOrPWsNfeacW4W617P81irKK8x4u0D1Npa9cANHTHiq+FsDQMJ8AUsocRNbvY5DvYniHyKyhve9U5+FiJ9Rkk2mWWAeUzTRXsADKEkTPIh6bNCMnMgLrpxRevcZppixvxhs9zWTaG3JetIIeCDeaQP5ZVf9XUKDQuEnSXklkCUvsoiNwAjAZPu4WeTbFSXniT3UDZb0g+TdbKELWvWsCV1Ij+72jnCoy/Nl5EkTPIgJfnSfNlVTMRNbn6OFUhQEFBSRXk5oJwmIiIiIteoVxY6P96Uyrqk7QCX7aF55mw5rgYDQYMHEjR4IDFmR0Ezecd+krfv58SpYv702kd87a7Z3DozttuPQUREpEt5+BA6Ko7QUXHMx0b5ng95dnU+6R9vI9/crOdih5kIuvRqv4eHY+6mhuJc7UXHGGqlyR/zVHIbuygqpvnVq9CQNgqJpikkRqfxysFMtpRPJtH3MCm7rBA9jdmm1s0d/Jn9zXuofnsT69d8QNoawMOHiEnTWHnXRAKMUFvjmJPTzbX1qY5b40VBe7OFgf6EXmXPCG/zEv7jtld49rOtPP9ZMCsvbWAvJ2vzBlZ/WUjRpSPitnFxLyCwreF6m8Xdhs5+FiJ9hrXOcbOAwbX1uobvf23z73oHclvPsVFdBVBF0kuvkNRGi3x9lUVuMEa8A8IxzwzHPDMRrPms/eMa1hfsY83eBB6f1Pnul22dZ3h7ewLWS/JlSyaTB3CR6k4P891G3hURERER6UK9rtC5/9CxpiLnjDgzy+5LBMBy0crufUfJzisgJ+8UZ8467oAePGgAUSNDCQ8dgnnMCGZOcxRF//LmOnZnHOW9j7YQGNCf8WNH9NgxiYiIdC0jpkk3MTspn/Wl5ZTC5Qud9rrLrCinqBQY0myR1eooArgZcQPc3B2nESZzHEsm9Gu9C/+OlFc9iIuPZPXBbNIyypjts48Ui5GEeEfvzsvyCmf+I99hvt1KdVkhmTtSWL1lMz8ut/GnFZObYquts7XatOkiXhfOVB6UOI9Fh95h7cYNrDXbaH6KVb7jY57fWIJbYCiL5kUS4AFwgfR1aaR30et3zWch0gt5uDpyRVu5rOH73/ImgfZzW88x4uYB4EHsggRi+7duEaCvssiNzSOURbNDWf92PqVl7XSHbOMcCKC0pIxLzwyrqy8CV76pKmCgD1BG7slyCGvjbrTiMoqAgMCBVzwEEREREZGu1qsKnXn5p/n93z4E4LEVi5gQHQHAgaw81n66jROnipvaBvibMBhcKD5zjuIz59i6PYOBA/yYnRDD3Jsn8+1ldxLU0DP093/7kP/3xNcJDx3S5uuKiIg4pYIU3jg0mEVzIlvP03T6MOmlQHgQjt+WAx1305eWUWSnaaiz6oxsstrceRVpafksuuurC2HluzLJBAJGhTuGdhwVjtmQT+YFiIqZSItLXjYbtcYOnmZETSTBP5ukLzfzik8h+JuZfcVJ6KyUll4kIMAEBg+8A8KJW+BD6cG3WFvkuMgW2hjbngPkJgZ/NXytZTdpBwH/UMxd2bvAEMz8R+eQ/4vNpGcCzd6N6ipHb0vzvCXMNzeLYzXQVfNgddVnIeLkcnMc5/sBjcNBB0Zi9t9H0cHDpFgmfjUcoz2flD1VYAjG3GKmita5rSh5X8vcdj009DitvnBpt+6WzNHBkFFIuVsocTEte13V2my46asscgOwkvbRerhpIXGt5lqvIi2jEDASEeYocgYFmIByik6XgLmh8GkvJC3jMvnm0nxpySRpj7WNfNmSyRxJxEdp5CYlkT7pknnJ7YWs3ZAP+BBrvoqpANrSwbwpIiIiItKr/lT++z8/B+BbDy5oKnL+4dW1ZBzMBRw9PEePDCVieBAB/o6LH+fKL5B7vJB9B3JISz/M++u2smP3If7rqWUsnBtPXZ2dDZvT+Ps/P+cn//6NnjkwERGRq5C79wApW9JI2eJDxKhQzFHBBHhcID8jm7SDZZQbTCy6N6Gh6BVMrNmH9VvyeeMvSVRPC4TSbNZ/nk91m3s34Z37Ic++PIaEySZqMzNZn1EOPqEsmdNQIPCYzJLEfWRuTOPHvzrJ7OljCPW9QH5GHmmHyzF/8zGWj+rIkYSSOMOfpI/ySS+D0LsmX3mo3fJdvPRcGkVDgkmYOIKIACjNzGR9CXhPCCKoRWyZPP+bs8yePoYg6zFStuWRa/cgbtGsqxjOtx1eE1n+tWyyXm/5ngaFBeJNOen/fI3V52IItR4jZXshRV1V5IQu/CxEnFB5HmnHShzf8wzHxfi4CY1foFDmLwwl5fV83vjVa2TdNBazRzlp2zPJLIPQeXOIa/Fdu1xuC2fpbdexu+QYMwk+eaSkrud5tykkhAQSFRPeqplbzCwWbX2HtR++xrOHzSRMDsRUWUL6/mNklgTz+E8XEtWFvdFFxAlVZZKWmkdm8gusHhaMeeQwzCH9qC0tJD39MJkl4D0hkSWNv9fHNtzslPQBr3hMw+x7gdyt+9hS2vbuTUFVrG3Kl2fZ8sVhcqvaypeXbpjA8tuz+fmGfF766SuYZ0QRF9KP8oLDpKQWUmSF0NsXsiSki96Hy+TNy85sICIiIiI3rF5T6Eze4ZhXc+a08UyZOBqAn/zyVYrPnMPTw53HVixi9MhhAFRbrJwsKMFodCVgYH8mTxjF5AmjCAzoz7qk7ZwqOsMfXl3LYysWcfe8BA4eOc6JU8Uk79jfaq5PERERZxWx4DusmpBG0sZDpB07zNrMw44VHh6EmuNYeXcCUb5ftQ+ddx8rqz5idXomb+SA25BQljw+h6zfbm5jCFUT8x+dQ9Hbm1j7dhW1BiMB4WaWLk/E3OwO/qDbVvJccBKrPznMlo8KqQXcfP0xz5/Loiv0Cmj1anFmzOu2kkkwiXFtz1H5VeNpPLq0glc+zyZlYyFbwDFHZ/wcVt5tbhp6Mui2lTwXsIFXNmST9FEhAN7DQlmyfB6J4V1ZZfyKt3kJj8/8M79sPk/mqIU8840PeOnDPLZ8tBk3H38Sls7H/NEHrO3C1+6qz0LE6ViPsf7tfRQBbv7BLHloSYuL8d7mJTz3WApvfLSH9I0ppAFu/oHM/sZ8lsZcmk/ayG1RE1l+/xyirk9acDBEsvy7s6h+dxuZW1LIIpRH2yh0Yghm/r89TOiGTazZmcmaLMBgxBQSzKJls1TkFLkR+Ezm8V+Ekr4lhaT0QtK3FpLWMOy+d2Ags5fOZcmkwK+G2vaYzMrvlvPK6gOkfbSZNKMPETPm8GTUNp7/rLzV7r3N83g8YAcvrkkhzUrTecnSSe1PABw052GeC0thzcYDZH6ZRqaNhhwVypIFiSSO7MIy5GXyZmzXvYKIiIiI9BEu9fX19T0dREf8z+/e5sSpYn7y798gbOhg/vHxv/hs6x76m/rxm2e/3dRud8ZR/vLmuqbn/U39WHDbNGZNn9C07JEnnwfgiUfuYVxUOMk79vPWms8IGzpYvTpFpNfadyCvU+0H9HPHxcWl6Qe44mOaPwZcuEy7Zv+2t+zSxx153t7yy+lsey/vXnMvUJdLf/N5XsoI5dHnl+hikoiIiIiIiIiISBeyVLc9n7pcnV5xFXf77kOcOFXMlImjCRs6mMPZ+Xy2dQ8Aj3/z7qZ2HzfMuQng398Xe30958sv8Pb7nzNkkH9Tj8/HViziD6+uZe2n24gYHszMaePZ8HkaJ04Vc/DIcaJHD79ux2K5WMOLr3xATl5Bm+vd3d0YERrEvFvjiBoZSievy/eY4yeL+SIlHR9vL+5MnIa3l2dPhyQiIiIiIiIiIiIiIiJ9WK8Y/Cgt3TEU36gRQwHYm5kNwOIFMxkW4hhexXLR2lTkfOrR+/jVM9/iN89+m4fuvx2AtRu3Ne1vQnQECVPHceJUMbv3HQUgsmHfh4+e6IYjAldXA+Yx4UyfPLbFz5BBAzh67CQvvvIBKWn7uyWWrlB2roLtuw+RnplNTc1XdyP89a1PeOTJ55s+m95kXdJ2Hnnyef761ic9HYqIiIiIiIiIiIiIiIhcwul7dNrq6jh45DgAkyY45uYsPH0WgInjvppwquxcJQCDBvZv6rkJcNOUaP7+z885XVLWYr9RkWGk7DxAdl4BM6aZmRAdwY49h8g5Xnhdj6eRu5sbdyZOJzw0qNW6vZnZ/G31pyRt3cPEcSPx7efdLTFdi9jxkbz8/JM9HYaIiHSB2GVP8nJPByEiIiIiIiIiIiLSDqfv0VlRWQ2Ar48Xvv28ADhxqhg3NyNDBg1oamcwOMZ4rbW1Htu4ttbWtL5RxHBHgTEn7xQAIUMGtni9nhQVGUpIUADlFVWUlpX3dDgiIiIiIiIiIiIiIiIiTsfpe3Q2Fh79B/gBUHzmHBetNQwNHtSiXcDA/vQ39eN8+QW27TrITVOiAce8nQARYcEt2/ubCPA3ceZsOWfOljPA5Ot4vQs9X+i8nPp6yMrJ54P1X5JfUEx9vaMH6123xzNlYlSL+TwvbWu312Py9WHyxNHcdXs8Xp4e5OUX8bu//JOQoADuWziLtZ9u4+ixU0wYG8Gy++by+7855hJ9dPlCYsdHNu37fPkFnvv9OwD8+PsP0N/Ur8W+Hl95D58n72l678HxOXy8KRUvTw/+/duLGWDybdrHd5bdyaeb08jMysNutzMiLJgVD9yObz9vPtqYyradmVgu1tDf1I8H7r6FmHGRLY7VctHKRxtTSUs/zIUqC+7ubkwyR3LPghn09+vX1O6vb33Crn1H+PaDC6i4UM2nX+zkfPkF3N3diJ88lsULZuLp4U76/mxeeuPjpu127TvCrn1HAFq9FyIiIiIiIiIiIiIiItIznL7Q6eXp3uZyo6tri+duRlcW3DaNt9//nNff3cjf//k5tbVf9e68M3F6G/to1qHVpdXqHpN5OI/8ghKGBgUweJB/0/Jd+7J47d2NGAwGxo4ajpenO0dyT/LK3zdQWlbOvDlxgKPIuf7zHXy8KRVXVwMRw0MI8Pcjv6CEL1L2Ul5xgUe+saBpv8VnyvjdX97HWlOLXz8f7PX11NbWXtMxDAsexPTJYzl67BRnyyoYFhLI0KAA3N2M9PPxampXUVnF//31fQb092XS+FFk5xWQk1fAH1/9CN9+XhQWn2VcVDjnyi9w7EQhr67+lCce8WqaU7XaYuWPr64lO6+AQQP7Ez16OGfPVZC29zDH8ov4wbfvbSqSN9rwxU7OlpUzOmIYDHMUhP+VmkGtrY4H770N/wF+TJ88llNFpZwsKGGgv1/T/LCX7ktERERERERERERERER6htMXOgcPGoCnhzvllVUtnldWte55OWv6BIYM8mftxm2cLinDx9uToUGDmH3TRIaFBLZoe9Faw+kz5xg00MSggSaKz5wDwK+b5sOsqa1lXdL2FkU/u72evPzTnDl7Hk8Pd+bNicPbywOAk4VneHftFvr79eOJR+5hSKCjANpY6PvXtgwmTxhNYEB/juTms/GLnfh4e/LYikVEDP+qN2vh6bPgQouhfCsvWJg0fhTLv5aIl6fj9SwXa67p+CaOG8nEcSP561ufcLasgphxI1sUm8+XXwDAZqvjjlumcmdiPC4uUF5RxW/+9B4Fp0sJDQnkv55cjp+vN/X18NaaJL5My2TvgRwiRwylvh4+2PAlR4+dYv6tcSyce1PTce3c6ygKb0nNYPH8GS1is1pr+Mm/P8iggSYAcvIKePGVDzl05ATlFRcYPmwwKx64g3VJ2zlZUMKI0CBWPHDHNb0fIiIiIiIiIiIiIiIi0rWcvtAJEDZ0MEdyT7Z4fvzk6Tbbjh45jB89dn+7+zxVeAaAkeGOnnqNhTc/3+4pdNbV2ck8nNdqubu7GzdNiWZB4nQGNus9eDT3JJUXqpk2a1JTkRPA28uDm+Mn8PLfN1B4upTAgP7s2nsEa00tM6ePb1HkBAhumIu0uYED/LjvrpubipzdybefF5PGj2oaitbP14ehQYMoPnOOSRNGNX0eLi4wJjKUL9Mymz6rC1XVHMk5icnPh/gp0S2Kt+Yx4YSGBHLseCFWay0eHm5N625JiGkqcgIEDR7IoIGOYYzLK6vUa1NERERERERERERERKQX6BWFzuAhAzmSe5K9mdnEmCObnm/csovbZ0+5qn1u330IgMjwEAD2Hz4GwKiIoV0TdAc0n++x2mLlgw1fkrx9P3V2OyY/nxZtGwu7n23dw2db97S5v8Lis4yJDON0SRkAI4eHdCiOAf19e6TICeDm5oaPt2fTc5dmvU2HNBu2F8D1kuGKy85XUlFZTbXlIv/53Ktt7j/A38RFa02LQmfjfKyNDAYD7u5ul24qIiIiIiIiIiIiIiIiTqxXFDojRwxly7Z97D2QQ4w5khhzJFu27WNTQ6Ezecd+krfv58Sp4ivuZ3TEMKZPGcuQQf4k79hP2NDBTJ44CoCMg7lNbXqCt5cHi+fPpKColB17DhM2dDBzZsQ2ra+rswM0zXXZluDBA7HX12Ovr++WmHua3W6nvr4eD3c3xkWF4+7e+r+zj7cXbm6ubWwtIiIiIiIiIiIiIiIivVmvKHROmTiaDzeksH33IebMiGVMZCi3zZrEZ1v38MiTz3d4P0dyT7YYAnfRHTfh5elB8o79FJ85R39TPyLCgq+wh+vLy9OdW26aSF5+EVu3ZzB54mhMvo6enUODB7Fr3xHChw3hwSW3XXE/Af5+5OQVkHO8oKnHaGcZXQ24u7X93+PsuQoslot4eXm2ub45V1fDVb1+R/j398PH2xNrTQ13Jk4n5DIF4Kt1PWMXERERERERERERERGRa9MrCp0Ak8ZHsnHLLpK37+fBJbdx38Kb2X/oGNaaWmbEmZk1fUKr4V4vdeJUMcnb95O8Yz8ToiMYFxUOQPL2/QDMiDPj6el+3Y/lSiZERxAZPpSsnHySt+/nzsTpAJjHjODz5HTSM7OJnxLdYu7NmppajuWfJjI8BFdXA1NjxrA74yjbdx9i0vhRLdoWnj6L0WggMGDAFeNwczMS4O+Yx/LYiUJizJG4uICtro6t2zOwXKzpUKEzaLBjTtD8ghJsdXUYXbuud6Wfrw/RUcPZmprBpn/tYtl9iS3239FjvZzgwQNxcXGhuPQ8F6os9PPx6qrQRURERERERERERERE5Br1mkLnnBmxjkLnjv0EDRnIrTNi+Z//WMGv//ge65K282VaJjPizEyMjiA4KKCp4GW11nCqqJTUXQdJ3uEoaA4eNIDHViwC4M1/JHHiVDH9Tf2YNX1Cjx1fI3d3NxJvnkzO8QKSt+9nysTRDAn0Z2jQIG6fPYUPP03h1398lxFhwQwaaKLygoWjx05hdHXlB9+5l7ChgxkzKpS42DGk7jrIqpf+QXhoEAH+fuQXlFB4+izTJ49l+X1z241lSsxo0tIP81nyHk4VleLn683xk6c5X16F0dixgmVjgTbjYC7/87u3CQ0J5JaEWPq3U5TuCBcXmHfLVPJOFLF99yEOHjnO6IhhGAwG8vJPc+bs+aZjbZz3szPCw4IYEjiA/FPF/O8Lf2dEWDCTJ4xi4riR1xy7iIiIiIiIiIiIiIiIXJteU+h8/b1NTY/fW7uFWxvmr3z6e18jJS2TN/6RxLqk7axL2o6rq4HAgP64uBgoPF3aYj+3zZrEfQtvBhzzcn6ZlgnAgtumtdsjtLuMGRXKuKhw9h3IISUtk8ULZuHiArfNmsyIsCA++WwH2XkF5OQV4O7uRmR4CAtum0ZoyGAAjK6uLFuSSNTIUDZs3kHu8QKyj53C5OvDLQkx3HV7fIcKf6MjQln59XmsWZfMoaMncHU1YI4KZ/l9c/nr2+s7dCzDggfxg+/cy9vvf05efhEFRaVMjB7ZJYVOAP8Bfjz13fvY/OVeUtIy2Z1x1LG8vy8L58YzZ0bMVRU5AUy+PjzxyGLeW7uFzKw80tIPM3jQABU6RUREREREREREREREnIBLfX19fU8H0Z4/vf4xezOzGWDqR0KcmXVJ2wF44pF7moafzT1eyPbdhzhVdIZTRaVYrTUAeHq4EzZ0MMFDBhJjjmRMZCgAu/Yd4a9vfQLAnYnTWTg3vgeOTESk6+w7kNep9gP6uePi4tL0A1zxMc0fAy5cpl2zf9tbdunjjjxvb/nldLa9l3evuRdIREREREREREREeglLta2nQ+hTnP4q7it/38DezGxcXQ0s/9pcokcPB2Bd0nZeePkDZk4bz8zp44kYHtxiLsqi4jIMBhcGD2o5P2PzeToBvv/Nuxk/dkT3HZCIiEg3s9XVUWO1UWOzYbPVYbfX0wvucxKRa+Ti1lCKhgAAIABJREFU4oLB4ILR6Iq70Yi7h7FL50t3Rsp3Ijcm5TvlO5EbxY2Y70RERNrj1IXOt9Z8Rlr6YYKHBFB4upSUhmFmG/8FSN7hKFpOjYli7OgwbpoyDoCgwf5NbSovWNiTcYSjx06xa98RAMKGDubri28lPHRINx6RiIhI97Faa6m+aMVms+Pp4YanhztGH1dcDS6d7uEqIr1PfX09dfZ6bLY6amttnDtfhdFowNvTAw8Pt54Or0sp34nc2JTvlO9EbhQ3Ur4TERHpKKcduva1dzeSuusgAwf48cQj9/DnNz+h8HQprq4G6ursRI8ezsMP3E7qzoOk7j7I6ZKypm37m/ph8nXMAVl2roLKKkvTurChg5k5fTwzp43v9mMSEbmeNHTtld1IQ9fW1dmpvGDBbrfj7e2Bp4d7T4ckIk7iorWG6morBoMB335euLoaejqka6J8JyKXo3wnIjeKvpbvRERuBBq6tms5ZaHz5bfXs3NvFv18vPj+N+9mRFgQRcVnm4qdMeZIvvvQwhbbpGdmc+jIiVZzdDaKHj2cuNgxTJ88tjsPRUSk26jQeWU3SqHzorWWispqfLw98fH26OlwRMRJVVVbqaq+iJ+vN5699O5/5TsR6QjlOxG5UfSFfCcicqNQobNrOd1V3E+/2MnOvVm4uxl55BvzGREWxLETRfz1rU84e66CuNgxrPz6vFbbxZojiTVHNj0vKi7DWlOLn683fr7eGq9eRET6PMvFGi5UWehv8sHdzel+xYuIE/Hx9sDNzZXyiirq673w8uxdPYOU70Sko5TvRORG0dvznYiIyNVyurPktPTDAKx44A7Gjgrj0NETvPz2ei5UWZg5bTwPLrmtQ/tpPkeniIhIX3fRWsuFKgsDTP0wGnVzj4i0z93NyABTP86VX8DFxaXX3PmvfCcinaV8JyI3it6a70RERK6F0w3a7uHu+AXcz8eLPRlH+eOra7lQZSF+SnSHi5wiIiI3kro6OxWV1Zj8fHQRTEQ6xWh0xeTnQ0VlNXV19p4Op13KdyJytZTvRORG0dvynYiIyLVyuh6dMeZIjp0oYtVL/2haNjUmiofvv70HoxIREXFelRcs+Hh7ajgzEbkq7m5GfLw9qbzgGBrRmSnfiTgPu92OzVaHrc6O3W6nvr6e+vrr93qOKeNdMBgMGF0NGI2uGAydu3db+U5ErobynYiIiHNzujPm8GFDSLx5MhkHczEaXYmLHcMdt0zt6bBEREScktVai91ux8fbo6dDEZFezMfbg7JzNVittXg46RBnyncizsFmq6Omxoatrq5bX7e+Hurr67Hb67DZ6sBai9HVFXd3Y6d6PCrfiUhHKd+JiIj0Di719dfzHiQREeku+w7kdar9gH7uuLi4NP0AV3xM88eAC5dp1+zf9pZd+rgjz9tbfjmdbe/l7XT3ArXpXPkFvDzd8fRw7+lQRKSXu2itwXKxhgGmfj0dSpuU70R6lt1ez0VrjeOiu5MxGl3x9HDHYOjY+Z7ynYhcifKdiIhcb5ZqW0+H0Kc43RydIiIi0jG2ujpsNrsugolIl/D0cMdms3d7r4WOUL4T6Vm1tjqqqi1OedEfHL2uqqot1HYwPuU7Ebkc5TsREZHeR4VOERGRXqrGasNTQxCJSBfy9HCjxup8d5Yq34n0nJpaGxaL9brOR9cV6uvBYrFSU9uxHKZ8JyKXUr4TERHpnVToFBER6aVqbDbc3HrHELsi0ju4uRmpsTnfhTDlO5GeUWur4+LFmp4Oo1MuXqzpUE8n5TsRaU75TkREpPdSoVNERKSXstnqMBpdezoMEelDjEZXpxyqTflOpPvZ7fVcvGjt6TCuysWLVuz2K3fJUr4TkUbKdyIiIr2bCp0iIiK9lN1ej6vBpafDEJE+xNXg0u7Fsp6gfCfS/S5aa5x++MbLqa93xH8lynci0kj5TkREpHdToVNERKSXqq+vx8VFF8JEpOu4uLhQ74RX+pTvRLqXzVbX63v/tHcMynciAsp3IiIifYEKnSIiIiIiIiLSpKamb8zl1leOQ0Sun76SJ/rKcYiIiFwNFTpFREREREREBAC73Y6trnf3bmpkq6vDbrf3dBgi4qSU70RERPoGFTpFREREREREBKDXD+F4qb52PCLSdfpafuhrxyMiItJRKnSKiIiIiIiICAC2ur7VI6ivHY+IdJ2+lh/62vGIiIh0lAqdIiIiIiIiIgLQ54Y+7GvHIyJdp6/lh752PCIiIh2lQqeIiIiIiIiIAFBfX9/TIXSpvnY8ItJ1+lp+6GvHIyIi0lEqdIqIiIiIiIgIAH3tOnlfOx4R6Tp9LT/0teMRERHpKBU6RURERERERERERERERKTXUaFTRERERERERERERERERHodFTpFREREREREREREREREpNcx9nQAIiIi0n02r3qaTSXttwtMfIqnbg28/gF1iI2C7at5PymLgirbdYvtwNtP8+bpuTz11Byc5chFxAnZy8lKSWLNF4XkV9oAcPPxIXRCDEsT4wj17czOSlj/q7dYG5TIy8vM1yVcEZGrZ6N0TxKvfJ5NfomNWgAPD0KjxjB/3ixiAzp3SSn9zed5qWgiP/vRHIKuS7wiIiIiciNSoVNEROQGMuvRZ5hqb7bg0Bp+/s8SZn77e8xqVt0zenTqSv11ZTuwmr9+mEvIrKU8MTMM/x6OreTzVaxKKmHcsl+zbFwnNz6VyjsplcTMn0uU87zFItJR9kLW/987rC02kTB/HstjAjFhpTQnk6SkFH6+Yy+J313JknAn+DOrMpO167IxzbiH2cN6OhgR6X2qSH/zNV7KhKhZs3jym+EEeEB5USYpG/fx0nOHiVqylCen+fd0oEA5mRs2k9Z/MivjQ3s6GBERERHpZk7wF7iIiIh0F6OPLy3qaz5GwIiXry++Tlp4y0w/gCXqXlbMH+cUJy6BM7/HM3E2jF5XsfH5HPamlxB4iwqdIr1R7d6trC0wMf+HK1k05Kvlppg5PBozi/zkbZQHO0OmAiwlpO/JI8iMCp3Sg+ooy93Dtv1nqOhI836DiJs0iZH+rtc7MGlPwTbWZNQR+42VPBrj07TY5JvA0lEJzD+4mfT+zlDkBLCSn5lHWlAkK+N7Oha5kVUWHiBt7wmKazrQ2N2PMTETiA32u+5xiYiI9HVO8le4iIiISFtKKCsBhng7z0mLuxe+7j0dhIj0hNxjJeA/htghba01EjpzVneHJOLcytJ4/a0MCjq8QT7puTb+8zvxOEsJ7UZVnldAKYEsMvu0ud4UPYfZ3RyTiHPL5uNXviTd3n7LRul7KvB6dj5jrl9QIiIiNwSnuWYoIiIiTqI8mRd+8Qnc+QxPzLik22HNXl599h24979ZMbmSzatWsWnIAzwTe4JX1+ykoMoGHv5EzXqAB24No0WnR1sZez94i7X7CrDYwDggijkPPMCc4W13jWwcItbx5E2efhogkLlPPcWcQLAcT2bNx5vJOmXBhhGvoVHMWbiEmc321zjv5vfudWPrx5vJOmUk/rFnWHCFUc0sxzfz6jubyTpnA6MXIRMX8eC9MfgbGnf6Jk+/WdIUByWbWbVqE4FLn2FqwZus2XaCylbHd4A3n36TAw272LTqaTYBjF/Gr78xDiwnSP7nWjYfanhvfEKIumU+d980El9DW1GKSE8I8PeBsnzST0Nom8XOS9hKSPvnelanl1FtAzf/YOYvXcj88LYLB41qS/ex+u2tpJ20UWswEjBqHCu/MYeI5unSXk7W5g28saWQUitgNBIaPYkld48i909vsbYhfRa9/jyPAARqXjzpAf6jGD8kg4LTHd8kZEyEipxOwDTABJwkPbOKuJgr5yygVU5y8/En7u67WB7TzqfZwTxZnrOZN947QGaZY25k72GhzF+QiDlvDc9uLHc0KknikSeTABOLfrSS+Zp0XbpVKLFmD9IzrB3ewmvMCIZfx4hERERuFK4//elPf9rTQYiIyLU7XXK+U+293F1xcXFp+gGu+JjmjwEXLtOu2b/tLbv0cUeet7f8cjrb3s3N+atLVdUX6efjeW07Kcngs4wqRsbHM6LxepJnCB4Fm0k9BGNnjKL5YEqVqf/gg/wxLHxgAgEuVeSlppJ7rpAD2T7MfHAZi+cmYPYpImXTepLLw5k9tuHilr2Ezb//NWtLR7Lo4YdYPDeBUfUHWPfuv6gancAoU+vQfIbGMO2mUXBwDyfC7+WZ7yxm1qxpjOzvhiFnLb98eTPVEYt4aNlibk+IZkDxdtZ+kkJV2CyiBjYc3v7PyCgq5EB6Kf5TbmN23FTMEf54tfHxNrbNOmRj5MKvs2zhbMwDS9m7+Qv21I4lYZRf2+9ZVR6pqbmcPraXE6aZLP36Ym6fMhz78VS+2HySgJkxBLn6M2paPDMGlZB82M7Mbz/FsnmzmDUuCA+3KlJfXsXHzd6b6MAqjiR9SuGQ2YwNuLaPWKSzuiS3dDFnick7yI2CtEMkJ6dzqLKeoMAB+Hq70+Ygm/ZC1r/wd1aXDmHpijt58I4JRNdn897q3VyImkx0f4AqsrftJ8s3goUTBju2O72Z//3NdopGxvPYQ4ksSgiGAzt45YvzRCdE4O/i2C79rTd4cXst5rvv5LH7buLWcZ6cy0gnqSKClV+LZ3ZULem7S4hYspKn74slMW4EAe66z1XaZ62p7cK9eTNiYjD2o0c4dqH91iGzFvL4zUF09VmYh4dbm8udJbc05zQxBZhwPbSfLdt2s7vYgilgMAH93HFt85S6ISftcyfhawt5dNE0pgwqZOM7WzjUfwJxIY6hMIoytrP7whBmJ4xwTKXQoTwJ1Zlr+MkrR7COjefxhxJZNGM4AeeOsv7LCqbcP4+FM4LhwBFywxNY9b1EEm+eQFT/y8Uq8pWuzXdGBo2OYFDpUTLP1LXb2it6Bj9aHI1PF/8/7U35TkTkRmar7cQQANIu/aUrIiIilzASkziTTf+3l735Cwhp6v1YwNaUAvyn3ktU8yuQ5YHc8l8PMLWhp5HvjGX8Gy/w83XrSb71CWaaoHLbO2w6HcW9zdvd+i1WWH7JH7/Yy+0PxbQ+KXH3wtfdDy9XwOiNb9MkopUkf5pK5ah7+e/7pzb0GvVl6v1PQPV/8f6nycyJnPnVXKQWL6Y89tQVe3E2sfgz6wffYmZD4dU3bhlzjzzNO9lZlBFy5R4mY5bw1H1RDU/GseCeAg78djNZORAz1jEPattzop4g5zhE3b+EqaGOd8F34gK+NX4BXX6lV0SujZeZR3/oSdKHKazfmcIvU1PAYCQgbBgJs6aRGB1M430y5SmbWFsUzPKf3UNCQ94z3fYgj1f/mV9u3s2iFZNpfSmyjKR395E/ahYvLJ2Mt2Mr5n/bg+rn1rB+7ywen+QBWZt5I6OO2IceYaXZw7GpbxxLH59Erc2ImxFMfq64AW4+JkyaE1h6kjGEOx66meIX/0Vm9eWbeUXfzKOzQ3SRwlkYgpn/+IMEfLSJtXv28VLGPgC8hwWTMG0aiZPDMTV+WFmbeSPDSOLjD7IkzLHINOkenql7hyc+20b+1ETaOg3rUJ60H2bNe/kwIZGfLTU35E0TCYvDibPZcDMawcOEtwEwemPybePuOZHuYvAjdvF8ys5+wKdX6sk+ZBzfXzxOI7eIiIh0kV7/K/VI7kmO5p7iaO4pqi0dHx5CREREriB4FvFDK9m1I+urZVnb2VUexS23hLRsO2ocsZeMPus7cQphFJCTbQMqycwsaLNdWEQY5OVyvDOxVWaSeQqixse2HBoXL2LHR8GpHA7XNFs8MIapHSlyAgSOI+qS62MhwYFgA1s7m0aMjWq5YEgIwUD7N+kFEhIIWcmfcKDQgq2xfa8/SxPpo3wjSVz2MC/86gle+MFClidGEmQ5ydrX3+G7/7eZIjtAOen7y2BUJHGX5L2IkYFwrJDctvZdeYj0k2CeYG4ocjYwhBIVDrnH8gHIysyj2iuc2Y1FziaOIqeI0/Ecw0MPjSPkcr/bhozj+4vH0PZg9tJjjIHELX6Q5/73Sf70n/fw+F1moozlbFnzAU/9bA3pFkezrMw8qk0jiA1rubn3iGBCywrIrWxr5x3MkznZpFuMxE4zt7o5xM2ohCdOyDCYWx+6GbP3ZdZ7h/DQQzMYrHN9ERGRLtMrzwqrLVbWJW0nddeBVsXN+CnR3DojlmEhmoxBRETk6vkSnxDFJ/9IZe+iKGLcbezdsRNiVzT1yGzi7t36hMLXD1+g5HwZAJZq4Pj7/L+n32/jtcZxsTOhWSxYAF/P1qcxRk8jUELleaDxVMDV2U93Apnzve/BO2tY84dULDbHfKMzb13AnLGapUzkmmSu4ZHX81sum5DIy8vMAKS/+TwvZbRcHfvQkzxq7sjOjXiHRJIQEknCbVCdt4Ff/mEfr2yJ4Zk5NqqrgLytfPfJrW1sG0qbHdssVqqB3Pf+wCPvtbF+giNbVlts4OtD1/RbKmH9r76a09Oh2fx2JZt59lf7KGq+WvN9ytUInMGjS87xi/cKsDRfrov+XaO972o7+bA9bv7hmGeGY54JlKXx4m9TeOnDw7y8dIwjJ5Vn8ssnM9vY0kS1BWjVs9zasTxptVKNDwH9OxRmu66c99vJhyId5TmGhx4q5bd/PkBB85seDX7c8dBCzBpBVkREpEs5+5W/Vk4WlLDqpX9ctvdm6q6DpO46yMP33078lOhujk5ERKTvME6MZ+pHr5KcVknM+L0kH/Jnyr9FtW5YU42NS04qKiuoBPz7+wMWvLyBsffyzOIxbb1S53pweHnhBdgutnrVhmX++HbRxbBu4xXGnBVPMQewVRWQ9a/1rHn9l5y4/39ZEdvrTtdEnMeYeaz66SX9sY0+TQ/NS1ay6u6Wq92uskuZd/hEYgMOs764GAjG2weITmDVkjbyJkba7Ojh5YF3Q1zL2/pTpiF2by8jVFZRDl1QbAwk8bGVJLTofW50xA8QkMB//HQyLWYxM3h2UZFVbjReYxby/TvW8PtPSx3FTu8A7tFF/67R3ne1nXzYKf5xxI1MIfN0CaWMceSkgDE8+VhcGzmpWT5pwaNjedLDA2+qKG1+E9s1uHLebycfinRG4AwefaCa375zjDI7YPAm7oG7uVVFcxERkS7Xq66cnS2raCpyenl6cOvMWG6aMo6B/n5UW6zsO5DDx5tSOXuugtfe3YiXlwcx40b2dNgiIiK9kyGK6VP9eSFlK6kVBygYGs+K4DbaHT1AumVqi56elfv3coIQFkQaAV/M5hDWfp5Pgc/UlvN7Xg1fM+aha/lkfzqWyVObFUktpO/PgqELGON+ja9xvXh444UFS4surDZsNiONo68ZfUIYN38RxYdXseloDsS2dfFPRDrE6HPF+SndvEydKtjVHt1NesBk4trqbF1+jMxSiJgRDJiIHe/P6qRi8n3iMHc07/mOJXZYGutPFGKa1taNIQ5R5nC8d+SRlgVRl6YIO46hrxuKprUWK3DpELctuflc4X0weODte+XtRTpjcNwSvl/zLr/fDjc/tISbdNG/a7T3XW0nH7ZSkklK1QgSwtuo8tkPk5UD3hOCCQACzOF47ygg325qNQXA5XUwT46MJNYrm/S9h1k+6pK82JjvGoumViu10Mb8x19pL+9fMR+KdJJX5Fx+sGQ9v1pXytg7l3Bf5OXGsxUREZFr0asGh3n13U+bipw//O59LJwbz0B/PwC8vTyInxLNs08uY1jwIABef3ej5u0UERG5BiEJ8YScS2bt1jKiEuJbjzoGYCrhixffYWd+GZWVZZxIe4c/rjuBV+xc4huuFPneNJ94407e/O37JGcXUFlZSWVhDskf/pGfv7m33fkvW/Jl5h3x+B59nxfe3cmJs5VUnj3Bzndf4P2jvsTfMbPtOJ1BxETMPpUkf7CWA4WVVFbZoHAjq55dxftfZjmOpbKME19+QnIJRI1quGEray0//8XP+eu2srafk8XaX/ycn7+cSlmbLywi185GVsYOXnnuBZ59czMpRwspryynvLKQrOQN/PJ3aeSHTGR5Q+IzJSQw25jNS7/5gKTGtgXZJP3zNZ56fXfLXldN/EmcNwa33Rt49r0UsgrKKa8sJ/9oCqtf/DMv7Wn42yYqgUUjbaT87c+8siOP0spySk/sY81f/sCPNzQMTek7lrhwyPzkA5JOlFBeWXWZ1xTpfoNn3M//PH2/ejY5sdKs3az+w5956g8bSDroyDPllSXk7t3MS7/ZQIohlOULIh2NoxJYNLKMNb97izV7G9qW5pH22Rqe/VUS+Zd5jQ7lScMYFs0LpHbnBn68Oo3c0oZ9f/IWTzXt20TsRH/I2sFLyY7Xr+7cyaXIdeM1Zj4/fXo5941RkVNEROR66TU9Ok8WlHA09xQADz9w+2Xn4PT28uB7Dy/iv59/k2qLldRdB7h15qTuDFVERKTvMMUzPeoT3j85lZkTL3PaMGwu34st4M23VvF+uQ08/Im69VssuWXkVycahpEs+vF/EPbBW3zy5gt8YgWMXoSMncMDd8d0/oQkchFPfcefNR+v5y+/eh8bjnktFz2+lPi2ep06C8NIFj2ygIo3NvLm/6VC4Fyeeup2vnWvjXe+eIe/rLM4hgH2CSHq7idY2jhsra2CyvJKvCy2tp9jo6K8kkoPSyeLxiLScUbMSx5j1bQ01n+0l7Wv7+ONhrqjm68/5pvm8dycMQQ03kpqiGTpTx4k4p/rWfP6O6yxAkYjodGTWLl48uV7HI2ax3M/Cmb12ym8+H9p1NrBzccf861zWBrT2FvLn9nffhjvD9ez9uMP+PEawMOD0KiJLJ8V+lWb5fMo+lsSa198izWE8ujzS4i9Tu+OiPQtATMf5oWxmSRt2E3Se4dZU+VY7ubjQ+iEBJ6ZF0do07Aa/sz+9kqCNm9g9YcfkFQFGIwEhEWy6Ju3EHqZ1+honjTFP8jPvDbwyoYd/PK5FDAYMYUEk7gkrmnfpvh7eLz4A15Z/wE//qgz8y2LiIiISG/nUl9fX9/TQXTEx5tSWZe0nYED/PjlTx5pt/1r724kdddBRkUM5Yff/Vo3RCgi0rP2HcjrVPsB/dxxcXFp+gGu+JjmjwEXLtOu2b/tLbv0cUeet7f8cjrb3svb+e8FKj5znsGDrvNklPYs3v/vVym49RmemHFpP8kSNq9axaYhy/j1N8Zd3zhEpNt0S27pJGeMSaSvqqis7ukQupyfb9s9qZwxtzhjTCJ9lfKdiIj0FIuGn+hSvWbo2rPnKgAYPXJYh9pPbJib81ThmesWk4iISF9XuX0zO61RzIxz2sFgRURERERERERE5AbVawqdjXNtenl6tNPSwdvLo8V2IiIi0kn2E2xNPoFXbDwx7j0djIiIiIiIiIiIiEhLzj8uX4NhwYPYdyCHo8dOdaj9kZyTAIyKGHo9w+o0y8UaXnzlAwqKSvn3by8mPDToiu3LK6r4zZ/eo9ZWx4+//wD9Tf26JI51Sdv5eFMqUyaO5lsPLrjq/djt9ezcm8W6pO2cOXseL08PfvCdewkbOrhL4hQRkR5kCGPBj3/N5X9LBDLnqV8zpxtDEhEREREREREREWnUa3p0DgsJBOBkQQlnyyrabZ+666Bju+DA6xrX1bJctLLxi13U1dmv2C55x36Kz5zrpqg6b+OWnbz6zqecr7hA9OjhTJk4qqk3rYiIiIiIiIiIiIiIiMj10mt6dMaMG8nAAX6cPVfBH1//iKceve+yBbXX3t3YNKfnbTMndWeYnXLwyHGy804RNTK0zfWnS8pI3r6/m6PquMoL1WzffQh3NyOPfXPRZY9DREREREREREREREREpKv1mh6dAA8/cDvg6NW56qV/cCT3ZIv11RYrr727sak355wZsQz09+v2ODvKWlPLxi92UVNT22pdfT2kpGVyvuJCD0TWMRWV1VRVW/Dx8WLIIP+eDkdERERERESukYtLT0fQtfra8YhI1+lr+aGvHY+IiEhH9ZoenQCjI4bx8P2389q7Gx3Fzj/9g4H+fgQMMAG0KHzGT4nm/kWzeyrUdpn8fBgyyJ+snHwyDuYyJSaqxfpTRWdI3X2IiOHB1NTaqKq+CMCFKgu/++s/KSg6w6PLFzIhOqLFdtUWK7/7yxqKist44pF7iBzR8TlKG+ftXDg3nmHBg1izLpkzZ8/j6mrAHBXO0sVz6O/Xj/PlF3ju9+9Qdq5xCGELP/zZXwBazPl59lwFH326jYxDuVRbrLi7uxEZHsK9d85kaNCgq3znRERERERE5HpxcXGhvr6+p8PoMi668i8il6F8JyIi0jf0qkLnkdyT7DuQ02LZ2bKKFnN2enl6sHDudG5tGLL2VNEZDmfnc+x4IbnHC8HFhZHhIYQNHczQoACiRw/v1mNo5OrqytzZUyh89yxfbNvHuDEj8PJ0B6Cuzk7Svxw9PefOnkLSv3Y3FTr7+XgRFxPFmlPFpO46yLiocFxdv+qYm33sFCcLzzBhbAQjwoKvKrbd+47w2dbdRAwPJmxoIEdyT7L3QA7VFivfW7EId3cjseZIis+UcejoCYyuroyLCsfd3ciI0CAAjp0o4g+vruVClYXgIQOZEB3BmbPlHM4+wXMvvsND9yW2Ku6KiIiIiIhIzzIYDNjtdT0dRpcxGHrVQFYi0o2U70RERPqGXlHoPFtWwXsfbWHvJUXOURFDCfA3MXCAY3jaYSGBjI4Y1jR35/bdh1j9wWYuWmtabLdrbxa79mYBjp6fD99/ezccRWshQQHETx5L0tY97Mk4QkKcGYD8gmIyDh4jxjySUSOGkvSv3S22mzhuJJ8np5OXf5qz5yoIDOgPOAqkjcP2xk+JblEA7YyKC9U88chiIoY7CqVnzp7nt39+n/yCYgpPlxIxPJiv3XUzeflF5OQV4uXlwf2LZtPf1A+AmppaPt6UyoUqCwvnxjP/1mlNw2fs3JvFa+9uZN1n2xk1chgmX5+rilFERETtw+lUAAAgAElEQVRERES6ntHVgM3Wdy78G6/y72IR6fuU70RERPoGpy90Ns7HWW2xAjAseBC3zpzExHEjmwqabfntn9dwODsfgDsTpxMU6E/o0MH09/PhVFEpp4rOkLwjk9RdB9mTcZQffGcJI8KCuuWYGhlcXJh9UwzpmTkkbd2NeewIfLw92bB5J0ajK4k3T8Fmq+N8ect5OgcN7M+4qOF8mZbJvgM5JN48GYDTJWVk551iWPCgTg1Ze6lYc2RTkRPAv78fIUEBZBzMpbyiqt3ti0rKyMs/TWBAf2bEmVvMETAxOoKRw0M4knuSvBNFTBw38qrjFBERERERka5lNLqCtbanw+gyRqNrT4cgIk5K+U5ERKRvcOpbfZoXOb08PfjaXTfz7JPLiJ8SfcUi509/8waHs/MZEujPz3/0MAvnxjMlJorMw8f42+pPcXczMmv6BJ75928wLmo41ppanntxNXV19m48OoeB/n7MmRHD6ZJzpO05zOGj+RzIyiN+8liGBg2ivr4e+yXzBbi4wPTJY/Fwd2PXvqymIvDBI8epvGBhysSoK74/7WnsmdnI1dWAu1vHa+LnzldiuWjFt5837u5uLda5u7vh28+L+vp6ThaeueoYRUREREREpOsZDAaMrn3jYrnR1VVDOYrIZSnfiYiI9A1O+xuweZFz4AA/fvjd+5rm3bySDZvTKDhdipenBz//0cMMCfRvWvfeR/9i74GcFkPgPvHIYuKnRDes39L1B9IBcbFjGBYSyGdb9/CPj//FAJMvs2+K4UpziIcNHUx4aBAnC89w7EQh1RYru/ZlMcDk2+O9JO32+j41mbuIiIiIiMiNxN3d6Qd/6pC+chwicv30lTzRV45DRETkajhtofO1dzc29eR89sllDAsJbHebujo7KWmZAHztrptbrZ8zI5ZREUOJuaQQuPSeOQz092PLtn0cPHK8aw6g3VjrqKl1DI/Rz8eL22+eTGVVNcVnzjFnRgwD/f2uuL27uxvTJ4/Fbq8nfX822cdOcbLwDOOihjNoYP/uOITLGujvh7eXJ5UXqqmpaTkESE1NLZUXLLi4uDAseFAPRSgi0je4uLjoxhIR6VL19fW4XOluux6ifCfSvYxG114/BGJ7x6B8JyKgfCciItIXOGWh8+NNqU3Dmn5vxV0dHoY142AuZ86WE2MeyU1Tx7Vaf/+i2fzwu19rVTT1cHdjzoxYANLSD19j9B1TU2Ojqvpi0/OY8ZFMnRjFyPAQJk8c3aF9RI8eTmBAfzIO5fLhhhSMrq5Mnzz2ij1Bu0NQoD/hoUMoKT3Pl2mZNP8bbd/BXHKOFzAkcADh3TwnqohIX2MwuFBn14UwEek6dfZ6DAbnuxCmfCfS/Tw93Hv8b8ur5eLiiP9KlO9EpJHynYiISO/mdOMaVFusbP4yHXD0wBwdMazD236RsheAoUEtewqeLavg46RU9h3IYaC/iaceva9V8XTUiKEAbN99iBUP3HEth3BVjK6urFjaudc1+fkQY45k4xc7qaisJmpkKGFDB1+nCDvO3d2NhXPjyS8o4eNNqezOOEJoSCBnzpZz7EQhRqORO2+bjsnXp6dDFRHp1YxGV2y2OoyuTnnfkoj0QjZbnVP2alC+E+l+BoMLnp4eWCzWng6l0zw9Pdq9qK98JyKNlO9ERER6N6c7c953IIfqhhOLhXPjr2ofwUMCWjwvPVdO/JRoqi1WThaUcLKwpNU2YUMHM8DU76perydNnTiafj5euLi4MH3yWNzd3Xo6JABGhAXxn//2dabFjuHc+Uq27z5EfkEJYyLD+PHjDzAlJqqnQxQR6fXcjUZqa209HYaI9CG1tTbcjU53L6TynUgPcTO64ul55Z5CzsbT0x23DlzQV74TkeaU70RERHovp/stt/dADgDxU6I7PGTtpWy2ln8UdLRXqMFw/eu+Xp7u/Oix+zvcvr+pH7/6ySPttgsM6E/06OEd3u+didO5M3F6u8safevBBXzrwQUtloWHBvHiLx677GsMHODX6V6qIiLSce4eRs6dr8K3n1dPhyIifcRFay0D+jvfqBvKdyI9x93NiIuLCxcvWnHmqSNdXBw9mzpy0R+U70SkNeU7ERGR3snpenQeyTkJdLw42ZzJz/FLOyevoNPbFhWf5ey5Cvr59K4/JnbuO8KFKgsx5sim4xcRkRuD0dUVo9HARWtNT4ciIn3ARWsNRqMBo6vzDW2mfCfSs9yMrvh4eznt0IfGhvg6ftFf+U5E2qZ8JyIi0vs4XaHTctExbK3XVfTmnDR+FAA5eYWt1p0tq2h63FYRtXGbWHNkp1+3p5RXVLE3M5sBJl9mxJl7OhwREekB3p4eVFf3vrlkRMT5VFdb8fa8uhFVuoPynUjPMhhc8PbywNvLw2kumBtdXZtiam+OuuaU70TkSpTvRETk/7N37/FRVff+/9+TTDKZ3DMhARImAXJDgxACiEEEBAWrImoRa1tsrdqealtttac96q8Xv631+z3am9We1lur9WCprYJXsChyFYEQIBECCZcMCZD7fTLJJPP7I8mQACGEXGYmeT0fjzwys/faa3/2sBxw3rP2gm/xulvXpiaN08HC4/rL6x9ofVzsBR+XlmzVwjnTFBUZpuKT5fp4S46uvjLDvb+8qsb9uKKyVo32JlnjT/e/PXu/JCljcvIAXMXQ2LknX6Xl1Zpz+WTFREd6uhwAgAeYTAGyNzWrodGhkGD+BxbAxWlodMjPz08mk3es934uvN8B3sFo9JfR6K+2tjY5na1ytrapra1NLpdrUG/1aDBIBoNBfn5+Mvr7yWj0v6jlZ3i/A3CheL8DAMA3GFwu77rrvK24VP/93Cr3zM6+eP7ph7Ruw0794+1P5O/vp//5f9/vtv/xp1+RraRM0VHhuv3mqzWtI9R87Z//1oate3T5tEm696s3DMh1AMBQy8k90qf2UaGBMhgM7h9J532sro8lGdRDuy6/e9t25uMLed7b9p70tb052Ou+C9Sj1tY2VVTVKTIiRIEBvlM3AO/Q3OJUdU2DoqPC5O/vdTd86Yb3OwD9wfsdgJHCl97vAGAksjc6PV3CsOJ1QafUPuNyy47cPh0zyhKh2TPT5XS26lfPrFTR8VOamDhWD9xzq4KDg7r1HW0Jdz//69/XavNn7ed65IEva0LC2IG5CAAYYgSd5zecg05JanK0qK6+UVERoV67ngwA7+N0tqqqpl5hocEK8pFv+/N+B+Bi8H4HYKTwxfc7ABhpCDoHllcGnf114lSF/ueVd1RyslyS9JUvXqMJCWNkiQyXOShQVTV1qqlt0Ko1n+hI0QlJ0rfuXKIZU1M9WTYA9AtB5/kN96BTkuxNzapvsCsinG/+A+hdc4tTNbUNCg0xyxwU6Oly+oT3OwB9wfsdgJHCl9/vAGAkIegcWMMy6JTaw85VazYo98DR87aLHzNKNy7KIuQE4PMIOs9vJASdUvs3/2vrGhUSHMSaTgB61NDoUENjk8LDfPeb/rzfAbgQvN8BGCmGw/sdAIwUBJ0Da9gGnZ227fxcn2zbo+MnyuVwNEuSjP7+ihsbrelTUrXwqkyZAvnLH4DvI+g8v5ESdErtazrV1dvV1tam4GCTgkx8kxdAuyZHsxobHfLz81NYqNnn12zi/Q5AT3i/AzBSDLf3OwAYCQg6B9awDzq7OnGqQpIUOypS/v6sbwFgeCHoPL+RFHR2cjha1NjkkNPZpiBTgAICjDIa/eXvZ+jz6wHA97hcLrW2ueR0tqqlxakmR4uMRj8FB5lkGmbf8uf9DhjZeL/j/Q4YKUbS+x0ADGcEnQNrRAWdADCcEXSe30gMOjs5W1vV7HCq2emU09mqtjaX+OsfGP4MBoP8/AwyGv0VaDQq0GSUcZh/2Y/3O2Bk4v2O9ztgpBiJ73cAMBwRdA6s4fMpLgAAOCejv7+Mwf4KFms6ARjeeL8DMFLwfgcAAAC046btAAAAAAAAAAAAAHwOQScAAAAAAAAAAAAAn0PQCQAAAAAAAAAAAMDnEHQCAAAAAAAAAAAA8DkEnQAAAAAAAAAAAAB8DkEnAAAAAAAAAAAAAJ9D0AkAAAAAAAAAAADA5xB0AgAAAAAAAAAAAPA5BJ0AAAAAAAAAAAAAfA5BJwAAAAAAAAAAAACfQ9AJAAAAAAAAAAAAwOcQdAIAAAAAAAAAAADwOQSdAAAAAAAAAAAAAHwOQScAAAAAAAAAAAAAn0PQCQAAAAAAAAAAAMDnEHQCAAAAAAAAAAAA8DkEnQAAAAAAAAAAAAB8DkEnAAAAAAAAAAAAAJ9D0AkAAAAAAAAAAADA5xB0AgAAAAAAAAAAAPA5BJ0AAAAAAAAAAAAAfA5BJwAAAAAAAAAAAACfY/R0Af21J69QJ0ordeJUhWwlZbIVl8oaHytrXIzGjo7W2FiLpqYnebpMAAAAAAAAAAAAAAPIZ4POquo6/XXVOuXlHz1rn624VLbiUvfz9LTx+tryRYqKDBvKEgEAAAAAAAAAAAAMEoPL5XJ5uoi+2rbzc7208n1J0njrGGXNuFSxoyIVOypKsaMiVVperdLyKpWWV2vbzs911HZSkvSNO76grBmXerJ0ABg0OblH+tQ+KjRQBoPB/SPpvI/V9bEkg3po1+V3b9vOfHwhz3vb3pO+tjcH++x3gQAAAAAAAAB4KXuj09MlDCs+9ylu4dESd8g5Y2qavnXnje59ztZW5RfYlDQhTrGjIiVJC+ZM059eeUc79+TrpZXvK3ZUpJLGx3mkdgAAAAAAAAAAAAADw+dmdH7nkWfkcDTrO9+42b32ZllFtf6+eoM+P3hMLS1OBQQYdWlqom5fOl8x0e2B5568Qv3hpbdkMgXqD09815OXAACDghmd58eMTgAAAAAAAACexozOgeXn6QL64s33NsvhaNb1C2e5Q87Kqlo98sSL2pNXqKDAAKUlWRUUGKA9eYV65IkXVVlVK0mamp6k6xfOksPRrDff2+zJywAAAAAAAAAAAADQTz4TdOblH9V767drTKxFN157hXv7a/9cL0maMTVVv378Pj1833L9+vH7NGNqarf9knTjtVdoTKxF763frrz8o0N7AQAAAAAAAAAAAAAGjM8EnYVHSyRJc2ZdpoCA9tsJVtXUa+/+w7o0NVHfunNJt/bfunOJLk1N1N79h1VVUy9JCggwas6sy7r1BwAAAAAAAAAAAMD3+EzQefjYCUmSNS7Gva3ztrRxY0ad85jO7Z3tuh7f2R8AAAAAAAAAAAAA32P0dAEXqvBY+wzM5PFx7m2jY6MkSbV1Dec8pnN7Z7uux3f2N9TsTc36/Qv/UsGR4nPujwgLUeaUFC1ZlKWw0OBBrMOh1R9s1fbs/apvsCt14jh9755bZTIFDNo5AQAAAAAAAAAAgIHiE0HnseOn1NTUrIT4WAUGng7iQoPNmpg4Vp/tPqBpl6W41+WUpJ17Duqz3Qc0MXGsQoPN7u2BgQFKiI9VUXGpjh0/pcRxo4f0WrpKS7LKEhXmfu50turQkWJ9vCVHeflH9eA3lykmOmLAz2tvatazL61WfqFNkRGhmpmRpvgxo+TnZxjwcwEAAAAAAAAAAACDwSeCzvCwEElSZXXdWfvmz87Q4WMn9KdX3tan6UnuEHNPXqF7/5k6++ns11MWzJmmzCkp3bY5W1v1yqp12rbzc72/frtW3LZIhgHOHwuPFqvgaLESxo3W97/5RYWGmHs/CAAAAAAAAAAAAPAiPrFGZ1REqGKiI1XfYNex46e67RtvHa3LLpkgSdqTV6i3121zh5yXXTJB463dZ2weO35K9Q12xURHKioidGguoA+M/v6alzVV5qBAFZ8sV5PDMeDnOFVWpdbWNo0eFUnICQAAAAAAAAAAAJ/kEzM6JWli4liVVVTr0OFi9+1m9+0/ojfe2aiSk+WS2m8Fm5o0TgcLjyu/0KZ9+4+ooqpOy26c6w5DDx0udvfnrcJCzQoMDFBtXaOam50yB5nkckkHCor0r3c3qaj4lFwuKSY6Ukuvm62ZGZPcsz6PFJ3Qb/70T8WPHaXlN83TW+9v0cHDxzX10iTNzEjT/7zytvs8O3LytSMnX5L07a/dpMwpKe7zvPneZtlKSuV0tioiLEQzMtK09LrZMgeZ3Me/vW6b1qzdqpsWz9bomCit/mCryiqqde9XrlfKxHH61TMrJUn/cecSvb9+u/YdOKK2tjZNTIzTN+64TmGhwVr9wVZt+Wyf7E3NiowI1R23LNC0ySnu62lrc2lPXoE+2pyjw0Un1NzcIqPRX5OSrfryrQsVEx15znqscTH6x9sbVVZRLX9/P102aYK+/MWFigzvHm6fuVap0egva1ysbrl+jiYlJ8hg0AW/9gAwFE6VVXu6BAAAAAAAAMAnjI6J7L0RfJrPBJ2XXTJB27P3a9P2fbpmbqbq6u36y98/UG1do+ZeMUVzs6Z0W2/z2PFT2rhtrzZ+uld/+fsH+tnDX1dYqFmbtu9z9+etTpyqVH2DXUmJcQoyBUqSduQc0MuvfyA/Pz9dmjpe5qBA5Rfa9MJr76m8skbXL5zVrY9TZZX6zZ/ekKO5ReGhIWpzuRQWGqysGZfq+Ily2YpLFW0JV+rEcZIkS1S4XC7p/Y+2a/UHW+Tn56dJyVaFBJt1+FiJ1m/K1ucHj+q7d9961rqhW3bkqrKqTgEBRkVFhKq2vtG9r7auQb/98xuKigzT9CmpOnSkWAVHivXsS6sVFmpWyakKTZ40QVU19Tp8rEQv/e/7euBes1I66tqRc0Av/u/7MgcFKnXiOIWFmlVUXKq8/GN65sU39dC3lyvijFsQ78zJ14ef7FTS+DgljotVfqFNu3ML1Gh36P5v3CxzUPtrWlZRo9/++Q2Vlle71yp1Olt1oKBIf/zLaj1w7xeVND6uz689AAwm/nEGAAAAAAAAAO18JuicPGmCLJFhKjlZrjVrt6q5uUW1dY2aPiVVK2679qz2ieNGa8Vt16qhsUm79h7U2o8/U2BggEpOlssSGabJk7wv6Gxrc+ngYZtef+tjtbW5lDklRSZTgGwlZXr9rY8VGR6qB+69VWNiLZKkRrtDz770ljZs2aMZU9MUO+r0h9919XZNn5Kqr92+qNsszNSkcXp73TbZiks1MWGsvnHHF9z7bCVl+vfGbAWbg/Sdb9yspPFxkrqvG7p2ww595dZrus1irKlt0JdvWaC5WVPl59e+o7qmvv1YZ6u+sOByLVk0WwZDe9v/fu7vKj5ZroT4WP30oa8pPCxYLpf06j/WadP2fdqdW+AOOi+7ZKL+63tfVuK40e6+u7bdt/+I5lw+udvrWFvf6A4pJamsolq//p83VFR8SiUny5U0Pk7O1latWrNBpeXVyppxqe5cvkhGf39JUnNziwqOlijROvqiXnsAAAAAAAAAAAAMPp8JOkOCg3T9NVfob298qA837lJra5sk6dr508973LXzp2vX3oP6aEuO/P3blyS9/porFBIcNOg19+aPf11zzu1+fgYtmDNN82ZPlSQdLLSprr5RV8yb7g7aJCnYbNL82VP1/GvvqeRkebewLToqXMuXzu8WcvZm3/7Dqqtv1FWzLtPExDj3dqO/v66dO1379h9R3oGjqq1rUET46VmUmZelaN7sjHPewjUs1KzpU1Ld+8LDQjRubIxOlVVp+tRUhYcFS5IMBumSlARt2r7PHZJ2XuOEhDHd+jQYpKjIMElSVXXdWefMvCzFHXJKkiUyXPFjR2lPXqFqahskSadKq1R4tFgR4SG68dor3CGnJAUGBujS1ERJF/faAwAAAAAAAAAAYPD5TNApSfOypujAoWPaueegpPbwM6lLIHcuSYlxCgkOUkNjk1papBlTUzUva8pQlNurtCSrLFFh3bYljhutjPRkRVvC3duO2k5Kkj78ZJc+/GTXOfsqOVWhjMnJ7udRkWF9Cjkl6cSpCvexZ4aWYaHBCgwMUENjkyqra7sFnWNiLT2uUxkQENAtVDYY5J6ZOSbG0q2tf5ewsZOztVWfZR/Qx1t2q7yyVvUN9l6vIzKi+zqc/v5+CgzoPtTLKqpV39CkpPFxCgvtfuvbri7mtQcAAAAAAAAAAMDg86mgU5K+decS+b/2nrZn71dDY5Nefv0DXTXrMiVPiD+rbcGRYm3avk8NjU2SpFmZl+ier1w/1CX3aMGcacqcktJru87Zq9b4WI0bO+qcbeJGR/e7ns7zeAuXS3r9rY/1ydY98vMzaHRMlNLTxsvPz+BeZ/RitbW55HK5em03VK89AAAAAAAAAAAA+sbngk5Juucr1ys1aZw2bturrTvytHVHnqIt4YobHa3x1jE6ajupklMVqqisldQ+S3Ju1hTNvcI7ZnL21bi4GO3IydcE65hzrkc60Oepqq6Ty6VuszTr6hvV3NyikOAgWSLDe+5kADXam3Tk2AkFBBh1/11LlZ423r1v9Qdb+hV0RlvCFWwOUllFterqG2QOCjxnu6F67QEAAAAAAAAAANA3fp4u4GLNvWKKHvv+V7XitmuVPCFeDkeL9u0/orfXbdO+/UfkcLQoeUK8Vtx2rR77/ld9NuSUpMsumaiw0GBl7zukwqMl3fY1N7foQIFtQGZjdp5nd26BDh87fR5na6s+3LhL9Q12pU8ar/Cwnm/1OpCM/v4KMp0dQJZV1Oiz3Qf61ffYWIsmJIxRTW2D3vnwUzlbW937ur6mQ/XaAwAAAAAAAAAAoG98YkZno92hYPO515uce8XpmZrVNfU6VlyqxPjYs9Zp7Gu/3mTc2Bhdd/VMvfn+Zv2/Z1/XxMQ4xURHqK7eroOHj8vo768f/McyJY4b3e/zXDM3U6s/2KKn/rhKk5KtCgk26/CxEpVV1GjsaIsWz5/Z43qcA81kClDmlBQdOlKs5/6yRpekJMjPYFB+oU3mfv65BQYG6KbFs1VUXKptOz/X/kNFSpkQL6ezVQcKimQw+OkH/7FMCfGjh+S1BwAAAAAAAAAAQN94fdBZUVmrx3/9iqxxsXr4vuXnbXvEdlLPvbxaSxZl6abFs8/b9qnnVslWUqqf/OBORVuG5lasF8tgkK6dN0MTE8fqnQ8/1aEjxSo4UqzAwAClTIjXjddeoYT4/gdtBoP0hQWzNCFhrN58b7MOFNjkdLYqIixEC6/K1NLrZsscNLTB8NVXTpM5yKQ339+sPXmFCg8L1tLrrlR9g11vr9vWr74nJo7Vow9+Ravf36I9nxdqR06+jEZ/WeNidcv1c5QQP3rIXnsAAAAAAAAAAAD0jcHlcrk8XcT5vPz6B9q6I0+S9PB9y5WWZO2x7Y9/+bwqKmsVbDbpV4/e2+NszfxCm556bpUkafbMdN31pesGvnAAGGI5uUf61D4qNFAGg8H9I+m8j9X1sSSDemjX5Xdv2858fCHPe9vek762Nwd7/XeBAAAAAAAAAPgYe6PT0yUMK169RmdFZa075JSkt9f2PINv6448VVTWSmq/Je2/N+7qsW3XfroeBwAAAAAAAAAAAMA3eN2Mzn9v3KWc3EKVV9W4A8jZM9OVX2BTRVX7c2t8rIKDTIq2hKuislb5hTb38UsWZXW7pWlaktXdrrHJIVtxqSQpOipcaclWd5AabQnXqKgIZUxO0jVzpw/V5QLAgGFG5/kxoxMAAAAAAACApzGjc2B53ae4a9Zuk73JIUkyB5mUlmzV7UuvVn6hTW+v3SpbSZk7rFTh6eOio8KVMTlZNy2erUa7Qzm5Baqo6ghBC7ufwxoXoyWLZystyapGu6M9RK2sVUVlrYqKSwk6AQAAAAAAAAAAAC/ndTM6bcWl+u/nVsne5Dhr/cxGu0NP/XGVbMWlssbFaPbMdP199QZJ0l1fuk6zZ6a72+7OLdBfXv9Ajfb2fmzFpbKVlMkaH6uHv7282/qdneuAmoNM+uF9y2WNjx26CwaAAcKMzvNjRicAAAAAAGerbirR4ertstXuVWn9IVU22dTQXKnm1ka55FUfHeMcDDIo0D9YIYEWWYKsig1NkTV8iiZGzlJkUJyny+s3xufwN9zH8Lkwo3NgeV3QKXUPO++7a6mmTU6WJD378mrl5BbIGhejh++7XcFmk7buyNPLr38gSXr+6YfcfTzw2B/UaHfo9qXzdc3c6e0h6XN/l62kTBmTk3X/XUslSfmFNj313CpCTgA+j6Dz/Ag6AQAAAABo19BSpewT/9Le0ndV0VikJEuWEsIzNCY0TRazVaGBoxToH+z+f394L5dcam5tVH1zuSrtNp2sz1dRbY4KK7cpOjhBU2JvUObYWxUSEOXpUi9Y1/FZVJPj6XLgQQkRGT45hntD0DmwvPJTXGt8rNKSrcrJLVCw2aT1m7I1Li5G0VHhkqRr5k53z8icPTPdHXRWVNZq6848zZ6RLnOQqWM252RJUrDZpCWLZ+u5l1cr2GxSfqFNx0vKZOno0xofQ8gJAAAAAAAAYNiqbirRJ0XPa5vtFU2PW6ZFE3+gFMscT5eFfjDIIJN/iEzmEEWbE7v9eR6q3KycU2/r/2ycoSzrnZqXcK9Xz5DrOj6ZrQlJKqrJUVFNjt499IRPjGF4hlcGnZJkK2lfh/O5l1er0d6+ZmdnuFleWXO6Xcd6ncFmk378y+clSWvWbnW3tZWUKi3J2q1tTm6Btu7I69ZnRVXtoF4PAAAAAAAAAHjK+iPP6MPDv9W8xG/p0as+VVhgjKdLwiBLscxRimWOrkt6WJuLXtaTW67StRMf1MIJ3/V0aWfpHJ8EnDgXl1zaavurttle8doxDM/x83QBPamobA8eG+0OpSaNU3RUuDvwzC+0uduVV51uJ0kZk5Pdszml0+Fm1+Ma7Q5FR4UrNWmcu13n+QAAAAAAAABguCiuy9WzO2/VyYaD+uHsj/SF5P8k5BxhwgJj9IXk/9QPZ3+kkw0H9ezOW1Vcl+vpsiSdHp/rDv+GkBO9csmldYd/41VjGJ7ntTM6rXExMptNumnxbPeMzDpYPsQAACAASURBVK078vT6Wx/LGnf6FrOjOm49O3tmum5aNFvRlnBVVNZqzbqt2rojT9GWiC59xspWXKabFmfpmrnTJbWHn2vWbpW9I/AEAAAAAAAAgOEg++SbWpX3sG6Z9AvNir/D0+XAw6LNifrK5Ge0vXilnvlsqZanP6XMMbd4rJ7O8UnAib4qqsnxijEM72BwuVy8iwDAMJCTe6RP7aNCA2UwGNw/ks77WF0fq30NiHO26/K7t21nPr6Q571t70lf25uDvfa7QAAAAAAA9GpT0YvaYvuL7pj8OyVGZHq6HHiZYzXZWpn7gK60fl1XJdw95OffVPSi3jn0yyE/L4afG1Me9cgY7g97o9PTJQwrXnvrWgAAAAAAAABA320qelE7Slbp3sy/EXLinBIjMnVv5t+0o2SVNhW9OKTnJuTEQHrn0C+HfAzDuxB0AgAAAAAAAMAwkX3yTW2x/UVfm/pnRZsTPV0OvFi0OVFfm/pnbbH9Rdkn3xySc2affJOQEwPunUO/HLIxDO9D0AkAAAAAAAAAw0BxXa5W5T2sOyb/jpATFyTanKg7Jv9Oq/IeVnFd7qCeq3N8AoNhKMYwvBNBJwAAAAAAAAAMA2/l/0S3TPoFt6tFnyRGZOqWSb/QW/k/GdTzvJX/E7nkGtRzYORyyTXoYxjeiaATAAAAAAAAAHzc+iPPKDIoXrPi7/B0KfBBs+LvUGRQvNYfeWZQ+l9/5BkV1eQMSt9Ap6KanEEbw/BeBJ0AAAAAAAAA4MOqm0r04eHf6rokbguKi3dd0sP68PBvVd1UMqD9do5PYCgMxhiGdyPoBAAAAAAAAAAf9knR85qX+C3W5US/RJsTNS/xW/qk6PkB7feToue5ZS2GjEuuAR/D8G5GTxcAAAAAAAAAALg4DS1V2mZ7RY9e9amnS+mX0rxv6OmTG3rYa5LRf74mjfmObk5NVxjTdwbNnIS79MtNV+iaCd9TSEBUv/vrHJ8+L3yF7ki5R2nhVpk7x5/LIbsjT4UnV2l94Sr5zhzCJ/XQwuWKVa0KD2Xoz0WermfgbbO9MmBjGN6PvxIAAAAAAAAAwEdln/iXpsctU1hgjKdLGRiGZIUZ07v/+IfL2bpWucVL9Iutq1Ta5ukih6+wwBhNj1um7BP/GpD+sk/8y+dnc1oSX9NjM36ujMj2kNPZ6mj/kUnmoExNHv+k7p/zkhaEe7pSdHLJNWBjGN6PGZ0AAAAAAAAA4KP2lr6rRRN/4OkyBk74k3psRubZ2+u36dWdX1Gu48daefA6PTDJe1KlztmosWO266F03w+cM0Yv0brDv9ZVCXf3u6+9pe8OQEUeZH5EKyZmKcwg2Wte0Ft5TyjH3rnTqoyJj2ihdbFiTUkaTdriVfaWvjsgYxjejxmdAAAAAAAAAOCDqptKVNFYpBTLHE+XMvhCs3THuBWSpJLKbarzcDnDWYpljioai1Td1L+bsVY3laioJmeAqvKQxPmK85PUmq2NO7uGnJJkU87hb+vpzx7UtuNrtLbSQzXinIpqcvo9huEbCDoBAAAAAAAAwAcdrt6uJEuWp8sYMkZLumIlqbVG9t4ao1+SLFk6XL29X33093hvMDc4tv1BU4E+6qmRfY3eyn9a5JzeZziMQfSOydQAAAAAAAAA4INstXuVEJ7h6TKGTpvkPOcOh0oOvaB/FL+iktYySTGyhNyrxZfco4yIM5raC7Qx72ltrNugujaHZEhWbPByLUy7RxlRZzQt26B3Dz6t3U15csokY8BizbQ+qpsntN+etvOWtZ1KT87Sj062P56cdFgrxg/QdXtAQniGbLV7lTnmlovuw1a7dwAr8oxcR41uULgUnKU7Rkkryy/8WMu4n+tLiUsVbwqX0SCprValVav0bs4TOtC1YfhyLR6/QjOjkhVmNLVva6tVZc0qrd3ffRbpsisOa2aIVHpinta3PKnFcZmyGE2yV/5UP9v9qiQpzvpb3ZY4X7GBHed1OWRv3KYdR36qd0/ZuhdpuEk3ZD6kmZFWmQ2SXLWqrD77vL6qv2MYvoEZnQAAAAAAAADgg0rrD2lMaJqnyxgydeUft8+aMycr1r3VodydS/S7oqdV0iqFGdMV5i9VNjyhlTu/oY+6BlOObK3cvkjv1qxVnZLb2/qVqrThCa3MXqJ3T55uaj/6hP7v3m9oR1OB5J+uMGOy1LJG2w7P1e/y2sMiozG2o4+OcMovvf15Rw2+bExomkrrD/Wrj/4e7w0qT+xuH3MGqzKm5OihKQ9pZpS11+Msia/pe2krlBgULqPLIWerQ05DuGKj79GKK57UJHfLe/TNaU9qQUy6woym9natDskvXJaoe3TblCeVdI7+zeEv6raELFk6g9EOky5dp/tTb1KcKVxGdZxXJplD5mtu+ota1i34Nyku8f9qbpRVAW0OOdskGTrOm/6QLBfxenmb4TAG0TtmdAIAAAAAAACAD6psssli7j108XlOh0qK/qBXi9dKStbMMZnuXXUHf6RXawok05N64Irliuv4xNt+4gU99/kTWnt4m+aOypJRUt2xV5TTKin0JT02c77COqYBOSu26R8HspXUmZ7WrtXLhS/IrvlaMOUlLY7p2G4v0Fs7F2nbyReUk/xzZaQ9qcfSTs/sjI19SQ+lx2g4sJitqmyy9d7wPPp7vFeofFCrbUn6kjVdZkO4YmPu17KY+7WsrVaVtdnKL39eG49t637bWvMjWjExS2Y5VHryR3o5b01HQL9CKzJ/rskhS7Vgwo914IgkvaADFVfLbl+t9YWr5F5RctQf9aOpi2UJzdJsi1R4xn1xw0KSZa9fo/WFz+uj8jz3MUvHJssoyV71tP6c/WxHf+mamfpzLYjI00c1XXsxyexfoJzcu7XylE2SVRlT/qY7Yqwyhs9Xlp7WuwP8cg61YTEG0SuCTgAAAAAAAADwQQ3NlQoNHOXpMgZWzTL9aH1PO5OVZH1Ry8Z1Pi/TjlNrJKVrbsrpkFOSzGPv0cLjT2hl7Qfa7cjSTJPU4qyVJIWZx7lDTkkyRmfpjitPr3Vaavu7jkkKi3nkdMgpSeZk3TzuHm07/IJ22x5RRnL32XTDSWjgKDU092/Vyf4e7y0OHFyi35fdo8UTVygtouMWr37hskTOV1bkfGWNL1BO4d1aebw9VLNMmK84P0lNG/RWZ8gpSfZX9erx6/Sz5CzFRz8kHXlakrQx9ytnn7R8l6qci2UxWmWJls5aANSxVq9vf7DbLXDnJmS1z8Js3qB33SGnJOVpx8Fl2nGOaysp7gw5JcmmnEO7tTjGKovBqvgESUV9eqm8znAZgzg/gk4AAAAAAAAA8EHNrY0K9A/2dBkDy5CsMP/TAaLdmSenpLDQ32pF+k1KDO3Stq1Axc2SZNOOA0u0+0D3rpyt7fvqGiSZJMuYmxV3YoNKyr6v53Lu1YIxWUocFSPzGZ+SlzS2r7tpr/y+fvHJGfW52kOhSketpOExe/NcAv2D1dza2K8++nu8N6msekErd70gSYobtUKXjb5Ok6MyFWsyScZkZaS8qJbGRXqjUpoc1DE12DRf35i/v3tHBlN7KGPsOnbSNTNphSZHZsoSEKGwoHAFSDJ23P7YGHB2PfbGXd3X+ZRV8UHh7fsatp4z1Dxbrexnzni0N/WwDq5vGk5jED0j6AQAAAAAAAAAeIfwJ/XYjNO3ppXTprWfLtJH9T/SW8em6YH0LrfqrbapVJJUK7szr4cOt+lUvSSLJMtN+ualTXr94BM6UPGgXq6QJJOMphVanPSQ5o41SSpTZVPHqVvzVNdDr6VNNg3noBM9Kyl/VSXlr2qtpDjrH7UiZbEsfsmaZL1Jqlyj2MD2wFEGkzusPEugVVmStukerZjzkCab+js7eLHCzhGIAiMBQScAAAAAAAAA+KDOWXcm/xBPlzJ4jFYtvvTnyt39Y5Wc/Kk+GvuSFlg69oXEyiKpVCu0bM7PNfMCsiLz2OW6a+xyOZvKVHwqT4Vlr2h9zQt69/Ns1fm/oRtiwxUWKKlZmpS4X3cN49vTns9AzBYO9A+Wo7VhgCryTiW2b6sw/rAsIZLRv30mZ53TIckkZ82zenTn0+fvIGVpR8hZq5Li5/VJ+QbllOdJukffnPeIki44wcmT3SkSnzMMuxnvOCe/3psAAAAAAAAAALxNSKBF9c3lni5j8FmWanGEVdIGrT20QfbO7aYkxQZI0gYdK+1bl8agGCUmzteCGS/px/GLJWXrQFmZJJPig9tnlB6rLehTn3XNfSzCi9U3lysk0NJ7w/Po7/FewXyPFk9IP0+DLJk7Zm06W9v//Aua2n8bzema2Vv/AR1Bun2DXj3wbEfIKUkRMhr6Uug2FTc52ksOmd37eUeIYTEG0SuCTgAAAAAAAADwQZYgqyrttt4b+jyTJqc+pDhJqv+DPjrVud2quWNukmTTjsKfakdV96Pqjq/Sq/tO39LWWfis/rwvW6XN3duVNh2XJHewFJd4rxIl2au+r5cPlXVbs9BZm6ePdryqA22nt8WGJEuS7DUbdGCYLHBYabfJEmTtveF59Pd4bzAz9V4tmPiGfjT9Sc2NOuN6zFmaO+VJTQqSJJuOFa+RJBUWrlVJm6TA+bphxiPKMJ8+xBJ1j+6YtU53je3Y0NIeTipomhaP7uw/XQsyVyixp9ve9uCjkm3tt1oOnK8bMu9v/+9FkmRVRspr+tH0n2ukxX7DYQyid0xkBgAAAAAAAAAfFBuaopP1+UqxzPF0KYMv/CbdaPmD/lyZrY2FazV39GKFSQpLfkg3V36utxpe1RvZq/SWf7LMBkltBaprc0h+D6lQ6UqSQ7mVf1Bh7dN6utQk45ntdJMuH9ex5mb4Yi2zLtdztlU6UDRLjx5PV5ifJFep6lrLJMVoZskKTRrXUVvCUs08+oJ2tD6tlzd9rMTQLEWFL9UdackeeKEGxsn6fMWGpvSrj9jQFBVUbR2gijyjzl4quytGlsjluiFzuW5oc8jp6tjpZ+oIxx0qPfFTvdo5udr+hNYWZ+lL1nSZI+7RHVkrdFtHMG70b5/BWRe7XDqxSjr0qg6MeVKTAq3KmPyJJl/iaO/XVaDSpnDFBvWh2BM/1cbYN7R4VIzMUQ/pgQXfkbOtS52uGC2IkN6oGYhXxjf0dwzDNzCjEwAAAAAAAAB8kDV8iopqczxdxpBJSnpIiVJ7kNQ5kdXPqqwr1ulHEx5RYqBVas1TnTNPdkOmEqNf00NX3q8kSZJJGdO364GE7u3qXFbFhv1cd834rbLCT58rNvVJPZb5mrJCsmR2dbRti1BsyCO6I2Ojlo3rUphfupbNeFuLw7JkdmXrWO2zKnFGDNGrMjiKanNkDZ/Srz76e7w3OHBwiX6288f6qCxblS0OOQ0mGf07fly1qqvfoI25i/T05xvOOu73uS/oQEOtnDp9jLOlQAdsP9ZLe1Z1tFyll3f+VDn1tXK62oNQo7NAOYfu1rHWvlZr08Y9y/SPI2tV2uKQOmtVR515d4+okFMaHmMQvTO4XC5X7818w8HC48ovtMkaF6PUJKuCzSNzoWgAI1NO7pE+tY8KDZTBYHD/SDrvY3V9LMmgHtp1+d3btjMfX8jz3rb3pK/tzcHc9AAAAAAA4N2qm0r0+89u0k/m7vR0KRhmHt84Q9+7fI0ig+J6b9yD6qYS/WrLCJhtDK/1X1du7tcYHiz2xmFyj2svMSw+xbUVl+rZv6xWRWWte1u0JVz3f32prPGxHqwMAAAAAAAAAAZHZFCcooMTdKhy88i4fS2GxKHKzYoOTuh3QBQZFKeEiAwV1YycWcfwHgkRGV4ZcmLg+fyta23FpXrqj6u6hZySVFFZq6f+uEq24lIPVQYAAAAAAAAAg2tK7A3KOfW2p8vAMJJz6m1Nib1hQPoaqH6AvmLsjRw+HXR2hpyNdockyRoXo4fvW66Mye2LPDfaHYSdAAAAAAAAAIatzLG3alfJG6prLvN0KRgG6prLtKvkDWWOvXVA+ssce6t7+SNgqBhkGLAxDO/ns0HnuUPO25WWZNX9dy0l7AQAAAAAAAAw7IUERCnLeqc2F73s6VIwDGwuellZ1jsVEhA1IP11jk9gKA3kGIb388mgs6eQM9hscre5/66lmj0zXRJhJwAAAAAAAIDha17Cvfrk2J9UYT/m6VLgwyrsx/TJsT9pXsK9A9rvvIR7mdWJIWOQYcDHMLybzwWdFxJydrrrS9cRdgIAAAAAAAAY1iKD4nTtxAf1QeFTni4FPuyDwqd07cQHFRkUN6D9do5PYCgMxhiGd/OpoLMvIWcnwk4AAAAAAAAAw93CCd9VdVOxthev9HQp8EHbi1equqlYCyd8d1D6Xzjhu0qIyBiUvoFOCREZgzaG4b18Jui8mJCz0+1LrybsBAAAAAAAADCs3Zz2uN488JiO1WR7uhT4kGM12XrzwGO6Oe3xQT3PzWmPcwtbDBqDDIM+huGdDC6Xy+XpInrTn5Czq8effkW2kjJJUrDZpIe/vVzW+NgBr/d87E3N+v0L/1LBkeKz9hmN/oqNjtSs6Zfo6iszZA7q2/VdjOqaev3qmfZvef3Xd+9QZEToedsfKTqh3/zpn4ofO0rfu+dWmYMCB73Ggfb2um1as3arZmak6ZsrbvR0OcCAyck90qf2UaGBMhgM7h9J532sro8l9z9Mz2rX5Xdv2858fCHPe9vek762Nwcb+9QeAAAAAABvkH3yTa0r/LXuzfybos2Jni4HXq7CfkzPZ39Vi5J+oMwxtwz6+bJPvqm/5z006OfByHN7+tNDMoYHgr3R6ekShhWvn9E5UCGnJD183+2yxsVI8o6ZnWlJVmXNuNT9MzFhrMqravXme5v16K9eUl7+UY/VBgAAAAAAAMD3ZI65RVdav66/7vmmKuzHPF0OvFiF/Zj+uuebutL69SELiDLH3KIbUx4dknNh5Lgx5VGfCTkx8Lx6uspAhpxSxyzO+27XU8/9XbaSMnfY6YmZnZK0YM40ZU5J6batublFazfs1Hvrt+uF197Td75xs5LGs3AuAAAAAAAAgAtzVcLdkqTns7+qOyb/TokRmR6uCN7mWE22VuY+oCutX3ePl6HSeb53Dv1ySM+L4enGlEeHfAzDu3jtjM6BDjk7dYad3jSzs6vAwADdeG2WbrjmCjU0NumNdzbK3tTs6bIAAAAAAAAA+JCrEu7WoqQf6I87b9P24pWeLgdeZHvxSv1x521alPQDjwVEVyXcrdvTn2bNTlw0gwy6Pf1pQk5454zOM0PO6KjwAQk5O3WGnY8//Yoqqmo9PrPzTAaDdNWsy/Tprs9lKy7V8ZJSpUwcJ6l9xueOnHx9vCVHxSfL5XS2KjAwQDOmpuq2JfMUGmJ29+NsbdVHm3bro827VVldJ4NBGh0TpesXXqHLp02Sn1/3v0TqGux68/3N2rnnoJqbWxQZEapbb7hKV2ReqnMtbVdZVavVH2zRvgNH1NrapjGxUbp96dW6NHV8t/ZtbS59tvuA3lv/qU6VVcnlkiyRYbp6zjRdPXuqAgMD3G37cn1/fvUd7cjJ171fvUHVNfX6cOMuORzNeuDeLyppfJwqqmq1+v0t2rXvkFpanIqJjtRtS+YO0J8SAAAAAAAA4N0yx9yi0SEpeiv/Jyqo2qrrkh5m3c4RrMJ+TB8UPqXqpmJ99/LVig+b7NF6uo7Popocj9YC35IQkaGb0x73+BiGd/D/2c9+9jNPF9HVmSGnJFnjYzR/9tQBPU9AgFG7cwtUUVUrSWpxtmpHTr4mp41XRHjIgJ6rK6ezVduz96uyuk4zM9I0dnT0ueszGnWgoEjFJ8tljY/VxMSxkqS3P/xU/1jzieSSJiVblThutOz2JuUX2HS8pEyZl6XI399fLpe08s2P9N767QoI8NeUSyYqNjpSJ0ortT17v/z8DEpLsqrJ0azNn+XKbndo7+eFqqyq1aWpiTIHmXSytFJ7Pz+ssaMtiuuos7qmXp/u2q+2tjZ9uutzNTQ6dGlqooKCAnW8pEzbs/crwOiv5Anx7dfb2qpX3/hQa9ZuldPZqslpEzQuLkalFdXava9AR4pOaGp6sgICjH26PknatfegSk5WqOh4qXbuyZefn0HmIJMuTUuUweCn3/zpDeUX2mSJDNPkSRMUGOCvjzbvVlV1neoa7IofM0rTp6YO2p81MNROllb3qb050F8Gg8H9I+m8j9X1seT+xt1Z7br87m3bmY8v5Hlv23vS1/YBAV570wMAAAAAAC5YuClWl8fdrrKGQr2699tqaXNoTGiqTP6D9xkovEtdc5k+OvKs/jf3e5o6+gbdnv5rhZs8P+FHOj0+/Qx+Oly13dPlwMsZZNCiid/3qjF8MZwtbZ4uYVjxuhmdZ4acQ6lzZufvfvEdj5y/K39/PwV2hH9dX4+5sy7T5dMmaWxstHvWZHNzi5558S0dPHxch4tOalKyVbV1Dco7cFSWqHD95323K9oSLql9duXOPfka13Hr3k72JocyJifpzuWLZOwISt9et1Vvr9umHbvzlXlZardZmuWVNbrhmlm6afGV7pmhn+0+oJdf/0Afbc5R5pRUxY6K1P6DRdqevV8x0RF68JvLFBMd4b6mZ196SwcKbNq2M08Lr8rs0/V11eRo1nfvvkWXXTJRBoPkckmv/mOdSsurlTXjUvc1SVLh0RL94aW3BuBPCAAAAAAAAPAdCyd8V9PHflGfFD2vX266QtPjlilj9BKlWOZ4ujQMkkOVm5Vz6m3tKnlDWdY79eMrNykyKM7TZZ1T1/G5zfaKXHJ5uiR4EYMMyrLeqXkJ93rtGIbneF3Q2XVNTkmylZQN+jm7nstTIeuFskSFn7UtMDBAYaFmtbQ41djYJEny8zPIaPRXfYNd9Y12d9Dp52fQ5dMmndVHWKhZi+fPdAeCBoOUmmRVQMAO1dQ1qMnRLHNQoLt9dFS45mZN7Xb722mTk7Vl4jh9fvCYDh4+rthRkfps9345na2alzXVHXJK7bcPXjR/hgqPlSh77yHNufwymUwBF3x9XS2YM01TLp3ofl5b16D9h4oUGmLWtXOnu69JkiYmxmna5GRt2r6v5xcZAAAAAAAAGIYig+K0NPWnumbC95R94l9ad/jXWpn7oJIsWUoIz9CY0DRZzFaFBo5SoH8w6yf6AJdcam5tVH1zuSrtNp2sz1dRbY4KK7cpOjhBU2Jv0P83d6dCAqI8XWqvzhyfe0vf5Za2I1xCRIamxN6gzLG3+sQYhmd4XdD58H3LZSsu1eyZk/Xsy0Mz885sNun+u27W1h25XrFGpyS1trapucUpSd3WJm1yNOvjLTnavmu/qmrqegxmw0KDNS9riv757ib98revddy+dbymXZaitGRrt/BPkgICAhQSHNRtmynQeFa7TlGRYTIHdV8zNSDAqFGW9jCzqrpODkeLKqvqJMm9vavwsGAFBgSovKpW9iaHTKaAC76+ruLHjOr2vLK6Vg2NTTKbTQoLDe62z2Borx0AAAAAAAAYqUIConRVwt26KuFuVTeV6HD1dtlq9+pA+ceqbLKpoblSza2NzKrzAQYZFOgfrJBAiyxBVsWGpuiSUQt0Q/J/+ezMt57GZ2n9IcbnMHSuMWwNn6KJkbN8dgxjaHld0JmWZFVakrX3hpIqKmv1+K9f6TUMe/i+5b32GWw26Zq50y+4zsFW32DXydJKmQIDlNARvjY3t+h//vq28vKPymj0V/yYUYob07525sHDx1VRWdutj2vmTte0ySnavnu/8g4c1bZd+/XJtr2yRIbp219fqvHW0YN6DW0ul9pcF/6XTV+vryd+fn59XosPAAAAAAAAGIkig+KUOeYWZY65xdOlAGdhfALojdcFnX1RXlVzQTP+8gtsFxyeegOXS9q0fZ9Ky6uVlmRV4rj2QLK6tl7HT5QpPCxYP7zvdo2Jtbjb/+mVt88ZBEZbwnX9wlm6fuEstbW5tHVHrv72z3/r/fXb9c0VN150jVXVdbI3Obrdzra5uUWl5dWSpDExUTIHBWqUJVwFR4pVXllzVh+1dY1qbmmRNS5G5iDTRV3fuUSGhyrYbFJDY5OqauoUGRHq3udytdcOAAAAAAAAAAAA3+bn6QIGyuyZ6VqyKMv9M3tmuqdLuijNzS1658NtevffnyokOEg3f+FKBQYGSJJMgYEKMJ6dTR8+VqL8Qlu3bY12hz7dtV9Njmb3Nj8/g8aOjlZggFH1DXY5na0XXWdFVa02btujtrbTMzZz8gpVcLRYURFhSrSOkSRdPu0SGY3++mTbHpVVnA47G+0OrduwU21tLmVOSZHJFNCn6zuf8LAQpU8aL3uTQx9uzFZzc0u3vnbnFlzMJQMAAAAAAAAAAMCL+PSMzq5mz0zvNmszv9CmrTvyznuMNS5WBwuPyxrnmXU5P9q8Wzl5p0O3ispaHT1+Ss3NLQoLDdbdX/6Cksafvgd1Z4D3ydY9evKZlbo0NVH2JoeOFJ2Uv3/3zPqo7aT+umqt/rpK7lvANjU160BBkZocLe5w0d7U+4zYc4kMD9Xmz3K1I+egJiSMUUVVrQ4fK5Gfn5+WLZmr2FGRkqRLUhM0K/MSbd2Rp//z61c0KTlBRqO/8gttqq1r1CUpCcqakd7n6zsfg0FaPH+m9h88ph27Dyi/oEhpSVbZmxwqPFqiqIgw1TfYL+q6AQAAAAAAAAAA4B2GTdB5Mb5089X60s1Xe+z8Z85SNBr9FRsdqVnTL9HVV2bIHGTqtt9gkJYvmaeo8FD9e1O2duTkKyY6Ql+/fbG27z6gnTn57raXpCTqof+4Te98+KkOHSnWseOn5Odn0OiYKN14bZZmZkzqV+2joiN0xy0L9OZ7m7Rr70G1tbUpIX60br3hKk1KTjh9Tf7+uvO2RZqUnKD31n+qPZ8XyuWSLJFhWrZknq6ePdU9Y7Uv19ebmOgI/fD+2/WvdzZp175D7r6+uuxanSqr0pq1W/t1/QAAAAAAUAd9qgAAIABJREFUAAAAAPAsg8vlcvXezDP++7m/62DhcaUmjdMP77v9rP35hTY99dwqSdLD9y0/a0Zn574li7J00+LZQ1M0AHhITu6RPrWPCg2UwWBw/0g672N1fSzJoB7adfnd27YzH1/I896296Sv7c3BI/q7QAAAAAAAAAAGgb3R6ekShpVhs0YnAAAAAAAAAAAAgJFjxAedFZW1ni4BAAAAAAAAAAAAQB+N6Pvyvf7Wx1q/KVuzZ6brri9d5+lyAAAAAAAAAAAAAFwgn5jRWVE1OLMuDx4+Lkkqr6wZlP4BAAAAAAAAAAAADA7fCDora5VfaBvQPvMLbbIVl0qSgs1BA9o3AMD3uVyergAAAAAAAADAcMJnjgPPq29de+XMyTpY2D7r8rmXV+v2pVdrlCXCvf94SdkF9VNRVevuR5JsJaVas3ar+/m0yckDVDEAYLhwuVwyGAyeLgMAAAAAAADAMOEi6RxwXh10zp6Zri07cnWw8Lga7Q69/PoHF9XP1h152roj75z7UpPGafbM9P6UCQAYhvg3BwAAAAAAAICBxGeOA8/rb117/103a+FVmX0+LjjI1GubhVdl6v67br6YsgAAw5yrjX91AAAAAAAAABg4fOY48AwuH5knW1FZq6KSUve6ml2NskScc1ZmfqFN+QVnr+1pjY9VQlysoi3hg1IrAHhCTu6RPrWPCg2UwWBw/0g672N1fSzJoB7adfnd27YzH1/I896296Sv7f39DQo0+ffpGAAAAAAAAADoSbOjVa2tPhHL+QyfCToBAOdH0Hl+fW8vBZm9+g7vAAAAAAAAAHxIk93J7WsHmNffuhYAAE9wuaQ2biUBAAAAAAAAYAC0tbkIOQcBQScAAD3gNhIAAAAAAAAABgKfNQ4Ogk4AAHrQ6mzzdAkAAAAAAAAAhgE+axwcBJ0AAPTA5eKbVgAAAAAAAAD6p7WV29YOFoJOAADOw8k3rQAAAAAAAAD0A58xDh6CTgAAzqOt1cWsTgAAAAAAAAAXpbXVpTY+Xxw0BJ0AAPTC2cI3rgAAAAAAAAD0HZ8tDi6CTgAAetHW5uL2EgAAAAAAAAD6xOlsU1sbszkHE0EnAAAXoKW5TS5WDAcAAAAAAABwAVwul1qamTwx2Ag6AQC4QPzDBAAAAAAAAMCF4LPEoUHQCQDABWptdamFe+oDAAAAAAAAOI+Wlja1tnJ3uKFA0AkAQB84W9pYrxMAAAAAAADAOTmdbXIyWWLIEHQCANBHLc2EnQAAAAAAAAC6czrbuGXtECPoBADgIhB2AgAAAAAAAOhEyOkZBJ0AAFykluY21uwEAAAAAAAARriWFkJOTzF6ugAAAHyZ8/9v797Dojzv/I9/HobToKCCoIIjKniIh0SNNMUkJiZpTJtGbZto0m7Ttd3sL7Xtr7utvfbXTa+222vTbXftcRvTNm3tps2VaLqph6aN5mBiDMTgAROIkoCnERSQAQaYYU7M74+RCcP5MDADvF/XxcUzz9zP/Xwf5A+v+XB/b0+b/G1+xcXHyDCMSJcDAAAAAAAAYIT4/X553G3y+fyRLmXcIugEAGCIfD6/fE6f4uJjFBtLswQAAAAAAABgrKNVbXQg6AQAIEw87jb5vH7FxsXIZGJ1JwAAAAAAADDW+Hx+eT1tamtjFWc0IOgEACCM2tr8crt8ijEZio0l8AQAAAAAAADGAp/PL6+3TW20qY0qBJ0AAAyDNp9fbp9PhiGZrgaeMTGEngAAAAAAAMBo0dbmD2xb5W2Tn3wzKhF0AgAwjPx+yetpk9cjGYYUExMIPI0YQ4YhGUbgOwAAAAAAAIDI8Pslv98f+N7mV9vVL8LN6EfQCQDACPH7Ay0ufLS3AAAAAAAAAIAhi4l0AQAAAAAAAAAAAAAwUKNiRafD6dLOPQdVXFIuh9MV1rlX5S3WpvVrlGROCOu8AAAAAAAAAAAAAIZP1AeddTa7vvfjJ8MecLYrKCqVtapW3/7aZ4dlfgAAAAAAAAAAAADhF/VB52O/3xMMOc2JCbJkpUuSLJkZg16FWVZhlSRZK2vlbHXJWlmjgqJSrcpbHJ6iAQAAAAAAAAAAAAyrqA46rZU1slbWSJIsmenaumVTWFvMnigp1/YdeyRJV2yNYZsXAAAAAAAAAAAAwPCKiXQBvTlRUh48vmftqrDvo8m+nAAAAAAAAAAAAMDoFNVBZ0eEkgAAAAAAAAAAAADaRW3QeaKkXO9VXAy+LigqDbaxBQAAAAAAAAAAADC+ReUenXU2e3DvzHYFRaWyVtXq21/7bI/XFRSVqrikXA6nS5asDN1x8wqlpaYMd7kAAAAAAAAAAAAARlhUBp1mc4LMiQlytrpCzyfGdzve4XRp2+O7QlZ8llVYVVBUoq1f3ChLVsaw1gsAAAAAAAAAAABgZEVl0JlkTtAPvvWQdu45qIKiUknSpvW36o7V13c7fu/+gm7b2rYHoP/xyENRs8ens9Wtn//mOZWfrezyXmysSRlpk3XD9ddozY3LZE4Mrdnj8erAq0dVfaVeK5bO07IluSNVNgAAAAAAAAAAABBVojLolAJhZ9qUD9rO9rYq8+XXj0uSzIkJ+saWwArOHc+8oIKiUjmcLhWXlGtV3uJhr3mgFuRYlDolOfi6zmbXuYvV+vNfD+ulQ8f1hU9/VIsXzA6+7/W1qaTsnMrPVio9bXLEgs59Bwq1d3+B8pYt0D9+9uMRqQEAAAAAAAAAAADjW9QGnYOxfGluMBBdlbc4uBr0iq0xkmX16LablmvFtfNCzrndHu1/9aj++vIR/eapv+rLn9+gnNmZkgKte//ly/dHolQAAAAAAAAAAAAgqsREuoCe7NzzqgqOloa8PlFS3us1ZRVWOZyBfT3bQ05Jmpo6aXiKHAbx8XH6+EfydfcdH1aLo1V/+sshOVvdkS4LAAAAAAAAAAAAiCpRuaLTWlmjlw4d63Ju5+6DWt5Nu9b21Zt1Nru++q1fhLxnTkwYdXtZGoZ08w1L9eaxd2WtrNHFqhrNmztTkvTrP/xFRcVl+uLn1gVXg7afe+jv7lZDY7NePHRMLpdbX33oU8qZnSlnq0t7XijQkeOn1NziVHx8nK5fOk+f/PjNmpwyMeTencfGxppkyczQJz52kxyOVv3yyX3BsUXFZSoqLpOkkHrq6u3a87c3dPLdCjmcLsXHx2nenCzde89qzZyRHrz+7IVL+smv/ldZM6Zq47pbtPtvb+i9Mxd13aIc3bLqOj32u92aPGmivrFlkyalTAip8/0zF/WzJ57TjGmp+uf/c1/U7MEKAAAAAAAAAACAkRGVKzotWRmanzOzy/nu9tl0OF1yXl3F2R3DkKxVNWGtbyRMnGDW9IxUudweXajsX/1//uthPbvvNbndHpkTE+RsdcnhdOkXv92tVw6fUJI5UTesuEazsjJ05MQpbdu+S7Z6e/D62rpG/ftP/qiXXz+u2FiT8pYt0NKFc3S5pk6P/36PWl1u5a9cFGwPnJaaovyVi5S/cpFSr+6neub8JT3606f05vFTmjI5WfkrF2lWVoZOvX9e//Hzp1V04nSXuqtrbfrJr/6k0+UXNDHJrDa/XzOnT9WcWTNUc6VBpWXnQsb7/VLh0Xfl9ni15sblhJwAAAAAAAAAAADjUFSu6JSkb2zZpL37C7TvQKEkaeuWjVqQY+kybtvju2TtFASmTUlR3dUAz+F0adv2XT1eH61MphjFxwX+eRy9BLkdtbrc+soXPqGl18yVYQQCwaeee0nvnbmou++4QevW3qiYGEOS9NaJ09rxzAs6WHBSn7r7Znl9Pu3a+6pqrjQof+UiPbjxTsWaTJIC+4aWn6vS/JyZuvFDS7TvQKGslTWaO2uGPv/AR4P3d7s92ru/QM0tTq1bu0p33/FhGYHbBe+378VCzc+1aFLyBys0m5qduv7a+frcpjtlTvwgtMxfuUhlFVadLK3QDSuukckUyOVr6xpUcvqcMqZO1uIFswf/QwYAAAAAAAAAAMCoFbVBZ3/s3V8QDDnNiQn60ufXB8PMOptdz+w5qOKr+3rueOYF/eCRhyJW60i47ablunbR3ODr5haHysqtmpQyQavyFgdDTklaes0czcrK0JlzVXK5PLpia1TFuUpNSpmgj3/kw8GQUwrsG7pofnaf979UY9PZC5eVMXWybr5haTDklKRli3OUOztLZRVWnT1/KaSdcNqUFG1cf2tIyClJixfMVsbUyXrvzEVVXb4SXEn6zqkzqm9s0l23fahLS1sAAAAAAAAAAACMD6M66Hz59ePB429s2RgMwqRAW9UvbV6vx3bsUXFJuepsdhUUlXbb/jYa+Xxtcnu8ktTv1qxZ06eGvLY1NMne5JDD2apH/uN33V4zNXWSWl1u1dY1qLmlVTmzM5U8cXDhYX1Dk5ytLmVOT1N8fFzIe/HxcUqeaJbf75e1qjYk6JwyOblLyClJk1ImaPnSeXrhlbf0VnGZLFkZcrs9Ki6p0MQJZn1o2YJB1QkAAAAAAAAAAIDRL2qDzm3bd6mswhry+p4787Vu7SpJUlmFNdjSNS01RcWlFSouregyT8eQsKzCOmqCzuYWpy7X2JQQH6dZHQLcgWhra5Pf71dCfJyWLJyj+Piu/9wTksyKizOprc0vv98/pJrDMUdnH1q2QIePvKPiknLdecv1ulxj09kLl7R4wWxldgp2AQAAAAAAAAAAMH5EZdBprawJCTnbvXToeDDo7KjOZtfe/QV9znvF1hiW+oab3y+9fuQd1Vxp0IIci7JnThvUPKmTUzQhKVEut1v33JmvrBk9B4NpqSlKMieqtq5BTc0tMifG9zi2fa/MnuZoanbI7faEzOF2e9TU7JRhGLJkpvf7GTKnT9X8uTN18t0KnTl/SSdLK+T1+bQqb3GPdQAAAAAAAAAAAGDsi8qkyJKVodtvXqG0KSkfnMtM1/0b1gRfT50yqdt2p71Z3qFdamDOwa2UHE5ut0d/ebFQz7/0piYkJWrDR2/s0ga2v1KSJ2jxwtlqanZq/6tF8vp8Ie9XXa5TzZV6SdKMjFTNmTVdjfYW/eXFN0PGut0enS63yudrkyRlTkuTYRiqvtKg5hZncFz7HDVXGvT6kXfUcXFncWmFys9VanrGFM3JntHvZzCZYoKrcP/818M6+W6FLJnpmjd35oB/HgAAAAAAAAAAABg7onJFpyTdv2GNkswJ2negUJK0acMaLcixBN9PS03Rzx/9csg11soaOVpdwdeWzIxe97fs796Xw+WVwydUXFoefF1ns+vcxWq53R4lT0zSFz79UeXMzhz0/IYhfey2D+ns+UsqPPquSsvOaUGORTExMTp74bJq6xqUv3KRPrdxreLj47Ru7SpdqKxR4dF3der9C5o3J0ter0+nyy/IMGL0tYfvVfbMaZqTPUPTM6bowsVqff9nT2ludqZWXjdfy5bkBufYu79AR0+WaVZWhmrrGnXmfJViY2N1z0fyNSl5YHuAzps7U5bMdJ2zVkuS1t6aF/F/OwAAAAAAAAAAAERW1Aadg2EZxF6Wt9+8QnX1dt2Yt2QYKupd5/a8sbEmZaRN1g3XX6M1Ny4b8IrV7qROSdHWLRv18usndPjIOzp68r3A+cnJWrd2lW6/ebliYgxJ0tzsGXrknz6jPX97QyffrVBRcZliY02yZGboEx+7SbOyAi10JyVP0Fcf+pR27j6od06f1ZHjpzQtfYqWLcntMkflpSuKj4/TNfOyde89qzVzRv/b1rZLMicob9lCnbNWa8qkZC3rtDIXAAAAAAAAAAAA44/h93dsMBo9HE6Xdu45qIKiUkmBFZ6337yi27Hbtu/qdk/PjrZu2RiyIhSjy4FXj+rZfa/p5huW6rP33SnDiHRFQPQpLjk7oPFTJsbLMIzgl6Rej9XxWJKhHsZ1+N7Xuc7H/Xnd1/meDHQ8AAAAAAAAACC6ReUenQ6nS9989IlgyClJz+w+qG3bd3U7vq+QU5LKyvseg+jkcLpUVHxaCfFxyl+5iJATAAAAAAAAAAAA0dm6ts7WKIfT1eX8FVtjt+Nvv3mFrFU1vc4Zida0CI/3z1yUtapW1y3K0dzswe9ZCgCRZhhSTIyhmBhDRoyhwEJZgz/gAAAAAAAAACLI75f8fn/ge5tfbVe/orMnKjqKyqDTkpWhLZvX66VDx/RexUVJ0qq8xbqjh9a1929YM+h7nSgpl63ervyVi5VkHvqemAgvt9ujg28USwr8DphMUbkIGQB6ZBiSKTZGJpMR3BMZAAAAAAAAQPRoX5AgSTJ98BleW5tfPp9fPm8boWeUisqgU5KWL8mVtbImJOi0ZGWE9R51Nru279gjKZDU37H6+rDOj6GLj4/TP/3jpyJdBgAMWIzJUOzVgBMAAAAAAADA6NPenS0uLkY+n19eb5vafCSe0SRqg87OumtlO1RX6j9ohTsc8wMAxp+YGEOxcQScAAAAAAAAwFhiMhkymUyBwNPTprY2As9oENV9QDuu4Nx3oDDsYSThJgAgnOLiY5SQaCLkBAAAAAAAAMYok8lQQqJJcfFRHbGNG1G9onP5klxZMtNlraqVtbJG33z0CVkyM7Qg1zLkua/YGlVcUh58PTV10pDnBACMTyaTobj4mA/6+AMAAAAAAAAY09q3rfK42+SjnW3EGH5/dG+faq2s0X9t3yVn6/CtvrRkpuvbX39w2OYHgJFQXHJ2QOOnTIyXYRjBL0m9HqvjsSRDPYzr8L2vc52P+/O6r/M9Ga4QMjYuRnFx/PUWAAAAAAAAMF55PG3yetoiXca4FPVBpxRoMbtzz0GdeKc87IHnqrzF2rR+jZLMCWGdFwBGGkFn74Yj6IyLj1FsLCEnAAAAAAAAMN55vW3yuAk7R9qoCDoBAH0j6OxduINOQk4AAAAAAAAAHRF2jjw+oQUAYIAIOQEAAAAAAAB0Fhsbo7h4PjccSfy0AQAYgNg4Qk4AAAAAAAAA3YuNjVFsHJ8fjhR+0gAA9JPJZCiO/6QAAAAAAAAA6EVcXIxMpvBupYXu8WktAAD9RNsJAAAAAAAAAP3BZ4kjg58yAAD9EBcfI8Pgr7AAAAAAAAAA9M0wDMLOEcBPGACAPsTEGOzLCQAAAAAAAGBAYmNjFBPD4onhxKe2AAD0gc3DAQAAAAAAAAwGny0OL366AAD0IsZksHE4AAAAAAAAgEExmQzF8PnisCHoBACgF7SsBQAAAAAAADAUfMY4fPjJAgDQA8MQqzkBAAAAAAAADInJZMjgY8ZhQdAJAEAPTPylFQAAAAAAAIAw4LPG4cFPFQCAHrCaEwAAAAAAAEA48Fnj8CDoBACgG4YhxcTwnw8AAAAAAAAAQxcTQ/va4UDQCQBANwg5AQAAAAAAAIQTnzmGH0EnAADd4D8dAAAAAAAAAMKJzxzDj6ATAIBuGPynAwAAAAAAAEAY8Zlj+BF0AgDQDfrlAwAAAAAAAAgnPnMMP4JOAAC6YfC/DgAAAAAAAABhxGeO4UfQCQBAN/g/BwAAAAAAAIBw4jPH8CPoBAAAAAAAAAAAADDqEHQCAAAAAAAAAAAAGHUIOgFgjBhIf3d6wQMAAAAAAAAARjuCTgAYIxLi44ZlLAAAAAAAAAAA0Sg20gWEQ1mFVTv3vCprZU3wXFpqijbff5cW5FgiWBkAjJzkCUlqdbn7PdbrdgxzRQAAAAAAAAAADJ9Rv6LzREm5tm3fFRJySlKdza5t23fpREl5hCoDgJGVOjlZiQnxfY5LTIhX6uTkEagIAAAAAAAAAIDhM+qDzp17DgaPLZnpuufOfFky07t9HwDGusyMtF7DzsSEeGVmpI1gRQAAAAAAAAAADI9R0brW4XTp5dePq6zcKkmyZGXonjvzlWROUJ3NHjiXma5vf/1BSdK6tav0vR89KWtVbfB9h9OlfQcKgys/F+RadPvNK5RkTojAEwHA8IiLi1V21jTZGprU1OKQy+2RFNiTM3lCEis5AQAAAAAAAABjRtQHnQ6nS9seD21NW1ZhVVmFVZvW3xo8t2xJbsh1y5bkylpVK0kqLinX3g4hZ/scJ0rKtfWLGwk7AYw5qZOTCTUBAAAAAAAAAGNaVLeu7S7kbGetrNG27buCrzuHlR1fP7ZjT89zPL5LDqcrjFUDAAAAAAAAAAAAGG5RvaLzpUPHggGlJTNdX9q8QWZzgrZt3xlcrdn+3qq8JSHXrspbooKi0i7jtm7ZJEnBOayVNXrp0DGtW7tqBJ4IAIDIavHYVGEr1AV7sS43l8nmtKrZfUVun0N++SNdHsLIkKF4U5Imxk9Vqtmi6RMXaFbKMuWk5mtCXGqkywMAAAAAAACGzPD7/VH7qeZ/bd+p9youSpJ+8MhDSktNkRRY6VlQVCKH06Ukc4JW5S3ptv1sb+McTpe++q1fSJLm58zUN64GoAAwWjkd3gGNr6mplmEYwS9JvR6r47ECIUq34zp87+tc5+P+vO7rfE8GOt6cFNV/CzRgR6ueVXH1Pr1vOxzpUhAF5qXepGXT7tHKzPsiXQoAAAAAAMC4MtDPcdG7UfMprrlDkJlkTtAdq68Ped/hdOni1dWb5sR4WbIyuh0HAMB48ur5X+rwhR1qctf2PRjjxvu2w3rfdlgvVGzTTbM269bshyNdEgAAAAAAADBgUR10WjIzgis6tz2+S1u/uLHblZvP7D6ol18/3uX88iW5un31Ci3IsYScb9/7s+N9Roqz1a2f/+Y5VV66on/+P5/SnFkzeh3faG/Rf23fKY/Xp29+5QFNnjRxQPerrWvQ/oNFkqS1a/KUnjZ50LUDAEaPt6uf1wsV21TnPB/pUhDFmty1+lv5f+qtyp26K2errp12d6RLAgAAAAAAAPotJtIF9Gbd2lWyZKZLkqyVNSooKul2XEFRabfnT5SUa9v2XdrxzAtyOF0dxpeE7P0Zif05na0uvfBKkXy+tl7HHXrzbVXX1g/6Ps0tTr11okxvnShTc4tz0PP8+g9/0UNf/5H2HSgc9BwAgJHx3OlH9FTJVwg50W91zvN6quQreu70I5EuBQAAAAAAAOi3qA46k8wJuqdDCNkxrOzo/g1rQl6nTUkJBqRSIAjduedgt/Ns2rCm21WiI6G07JzeP3uxx/cv19h0qPDtId1jzqwZ+vmjX9bPH/1yn6tHAQCjW31rpbYfvVdHKp+OdCkYpY5UPq3tR+9VfWtlpEsBAAAAAAAA+hSVrWtPlJRr556DqrPZQ873FEiuylssSdrxzAuSpLp6u9atvUtSoK2ts9WlgqJSWTLTdcfq60Pm2bY90MI2LTVFm9av0fIluWF/np643B698EqR5s6aofj4uJD3/H7p8JF31GBvHrF6AACjV3XL+/qfk//IKk4M2fnG43ri+N/pc9f9WtMmzIt0OQAAAAAAAECPDL/f7490ER2VVViD4WNHlsx0bd2ySUnmhOCenKvyFmvz/XcFxxQUlQbDTkn69tc+K0n63o//ICkQZv7gkYcCe3Ru3ylrVW2X+2zZvH5Yw872PTpr6xo0PT1V5ecq9YUHPqq85QtDxlmravWTX/1JGVMny+3xqsXRGrJHp9vtUVFxmQ6+UazKy1fk9foUHx+nldfN13333KKJE8ySpIbGZv3HfwdW9rRf3/Hclz+/QS8dOqajJ9+T2+3R5EkT9cm7b9aHVyySYUj7DhRq7/6CLs9hTkwI7jHq90unyy/ouedf14XKavn9UnraZK2/a5Xyli2UYQSuOXvhkn7yq/9V1oypeuATt+nPf31dp8ut8vnaND1jih7YcJuumZ8dvEdbm18nS8v1yuFinblwSW63R7GxJi3MtejTn7w9ZL/R9jrb2x0/u++QausaZDLFaOnCOfr0p27X5JTQ/U2drS7teaFAR46fUnOLU7GxJlkyM/SJj92khbmzZBjq97MB0cDp8A5ofE1NtQzDCH5J6vVYHY8lGephXIfvfZ3rfNyf132d78lAx5uTovJvgbpV31qpJ47/HSEnwirNnK2HVvxRUxKzIl0KAAAAAADAmDHQz3HRO9N3v/vd70a6iI62Pb5LzqutZS2Z6bol/zotX5KrTRtuC67E/NkTz0kKhIF19fZgMGnJylBdvT0YYOYtX6i52ZnBc06nS8uX5Gpq6iTlLV+oSclJmps9Q06nS/YmhyTpzIVLumP19cP2fF6vT0eOn5LL7dEnP3azSsvOqbauUddfO19xsSZJks/Xpv99/pAqL13Rfetu1XlrtZytbt18w1IlJsZLkva9+Kae3fua5JcW5lqUPXOanM5WlZVbdbGqViuWzpPJZFKry63DbwX2Nm2/vv2c0+nS2+9WyFZv16L52TInJuhyjU1vv3tGM6alKnNampxOl2JjTXK2uuR0umTJytDiBdmalZWhRfOzNSEpUUXFp/WrJ/ep2dGqhbmzlD0zQ9W1Nr157JRiY2M0b+5MSYHQ9c1jp+R2e3Tk+Cm1tfm1aH622vx+Xaq26Z1TZ7Uw1xIMc986cVq//uPzcjhblTsnSzmzM+XztenM+Ut6971zWnHtfCUmBH4e71VcVFmFVU3NDhUeDazezZ45TfamFp2/WK0LF2u0fOm84M+4tq5R//nYMyo5fVZJSYlaes0cpadO0jnrZR0tLtOCHItSJyf3+9mAaOD19L7nb2ctLS0Enb2Ii4vq7u4hdhR/XpeaT0e6DIwxTm+jrPaTysvcGOlSAAAAAAAAxoyBfo6L3kXdcpX2drWWzHR9++sPdnnfWlkT8rqgqFSSgis7r9gag+9ZMjMkBfbsbOdoDYSoSeaEYKC5bu0qfe9HTwaC007tcodT1oypWrVykQ68dkzHTpbpphuWSpIuVFbrZOkZLV+aq/lzZ+rAq0e7XLv6hqX60PKFmpGRFlxV6HZ79N+/3a33zlzUmQuXtTDX0uv9na0uLVuSowc33qlYk0l+v7TvQIH2HShU0YkyrVg6X8uW5GrZklz9+g9/UZ0tECrfc2d+cA5rVa3lZuNXAAAYp0lEQVSe2X1Qk1Mm6qsPfVLTM1IlBfZBfex3u/XqGye18roFypj6werLxqYWrVu7Snff8WEZhuT1+bTj6Rf01onTOllaodmW6ZKkpdfM1Tf/76eVPXOaYmICD+n3S3949oBeP/KO3jl1Vjd9aEnIM9mbHfrqQ59SzuxMSVJtXYN+/Ms/6UJltaouX1HO7Ex5fT7t2vuqaq40KH/louDzt/8My89VKdsybVDPBgAj7bnTj+h84/FIl4Ex6nzjcT13+hF9cuGjkS4FAAAAAAAA6CJql6ss66F9bHtQ2VFBUam2bd+lbdt36b2Ki5ICQWn7CtC6+g/Cy6TE7vf57Ol+wynGMLTmxuWamjpJB147qsamFnl9Pv315bcUG2vSnbfmyev1qaGx6z6dqVNSlDntg5BTkuLj45Q80SyPxyuHo7XP+ydPNGvtrXnBkM8wpPk5FsXFxaqxqUWtLnefc7x3dRXl8qW5wSBQCgTJt666Tg32ZlVdvhJyzbT0Kbol/9pg7bEmU7BlbXVtfcgcc2ZND4ac7TVOmZwsSapvaOpSz4ql84IhpySlTk5R1oypcra61WhvCdyjpl4V5yo1KWWCPv6RDwefXwr8DBfNz1asyTSoZwOAkfR29fM6Uvl0pMvAGHek8mm9Xf18pMsAAAAAAAAAuoi6FZ3tiksrtG7tqi7n21dpBo7TdcVml7PVpbIKa8i4+TmB1Yx1Nntw1WfalBRZsjLUneLSinCVPiBpqSm6/ebl2rnnVR05dkozpqWp5PRZ3X7Tcs2cka5Ge7PautlGtdXl1sE3inXk2CnVNzbJ4ewaAPclLi5OE5ISQ84lxMeGBH99OWe9LEl68bVjevG1Y92OqaquCwmSJ04wKzY29FevuwDa6/PpreOndfCNE7pis6u5xdlnPe1tb9uZTDGKjwu9V21dg5pbWpUzO1PJEyf0ONdgng0ARtILFdsiXQLGiRcqtunaaXdHugwAAAAAAAAgRNQFnWlTUgJ7albWaNv2XVqQa1GSOUH5KxcryZygJHOCzIkJcra65Gh16RtbNuq/tu+S8+pKz/k5M2XJzAiGpCdK3g/O7Wx1yeF0BVd6SoE2pNt37Am2xO3Y5nak3LDiGhUcfVcvvnZMiYnxmjIpWWtuXK6etpNzuz365f/sU2nZOcXGmpQ1faoyp6dJkt47c3FE2+/6fIFe0pasDM2cMbXbMZnT0gY8r98vPbP7oF4rOKmYGEPT0qdo8YLZiokxdPHSlS4tjAeirc0vfzfhcWfD9WwAEA6vnv+l6pznI10Gxok653m9ev6XujX74UiXAgAAAAAAAARFXdC5acMabd+xR5JUVmENrtR8o6hUW7+4UUnmBC1fmquColLV2ewqq7DqO19/UFfqG7Ugp+uelKvylqigqFTWqlo5nC5989En9O2vPai01ECg+dKhYyGrQTdtWDMCTyn5fD65PR5JgRWOd926Ur99+m9qbGrRpvW3BuvrToO9WRcv1SolOUnf2LIp2FbV75d+9eS+YQk6TabuuxzPzExXUXGZ5lim67P3fSRs93M4W3X2/CXFxcXqS5vXa/GC2cH39rzwxpCCzrTUFCWZE1Vb16Cm5haZE+O7HTdczwYA4XD4wo5Il4Bx5vCFHQSdAAAAAAAAiCpRt0fn8iW52rJ5fZeVldbKGhUUlUiS1t35QUvbfQcKu4ScdTa7Xn79eHD15tYtm2TJTJcUWMH52O8/WMFpycqQOTFBaVNStGXzei0foTakbrdXLR320Vx+7Tx9aNlC5c7J0splC3q9NiE+XnGxXTPqM+erurTwDZcZV1cuXqiskdfnC55fes1cJU9M0vF33lfFuaqQa9xuj06XW4MrIwci1mRSYkLXALK2rlFvnTg94Pk6mpGRqjmzpqvR3qK/vPhmyPN0rHm4ng0Ahupo1bNqctdGuoxRKWfJa/rh7Wf0w5t/p7whzHPvh8/oh7ef0XdX/EP/Llh0IHDfW57S6iHcN5Ka3LU6WvVspMsAAAAAAAAAgqJuRacUCDvbA8cTJeXBFZ7t+1AG9rVcEQwzt23fJUtWhpYvyZW1skZlFVY5nK6QVaBbt2zStu07Za2qDbTFfXyXtn5xY+Bej345Ys/aLtZk0uc//dF+jU1JnqDFC2frtYKT+sF/P61F87PlbHXp7IXLPa68HKql18zVS4eO62Rphf79J3/UrKwM3XbTCmXPnKa71uTpz387rP987BnNzc5UetokNTU79d6Zi4o1mfS1h+9V9sxpA7pfQkKcVlw7T++frdT23+/VNfNmKcYwVFZhldncdT/PgYiPj9O6tat0obJGhUff1an3L2jenCx5vT6dLr8gw4jR1x6+V7OyhufZAGCoiqv3RbqEUWqjVk+5+odR8fnKmyMVnY1sRaNNcfU+rcy8L9JlAAAAAAAAAJKicEVnRw6nS/sOFAZfd9xb8/4Na7Qqb3HwtbWyRnv3F+hESXkwEG0PNHtb2dk+djQxDGnjPbdow103yjAMFRWXqbq2Xn+/aa3md9O+Nxwsmen62sP3am72DF2qrlPh0Xdlq7fLMKSP3LJSX3/4Pl0zLzsYHr535qLmzcnSV76wQbOyBhcErrlxuf5+01olmRN0srRCFeertP6uG7Vq5eK+L+7D3OwZeuSfPqP86xfJ7faoqLhM75w+q+kZaXr4c/doVta0YX02ABisFo9N79sOR7qM0WnORuXGS/JLUoKy0/9NqREuabR533ZYLR5bpMsAAAAAAAAAJEmG3+/3R7qInjyz+6Befv24pEDQtnXLppCwUwqs+Ny3v0DWqg9a+KVNSVGSOSF4zpKVEVzZGVgBujP4XpI5QVu/uFGWrIwReioAGB5Oh3dA42tqqmUYRvBLUq/H6ngsyVAP4zp87+tc5+P+vO7rfE8GOt6cFJVND/R29fN6quQrkS5jWK1edkSr9YT+vfg3YZzVog0fek35yZKtepdaMzYq07Cq+MQtenoQud29Hz6jvAmSs/77+u7xftS56IB+OCNX8hbq+dc+o0MDv2XU+MyS/9a10+6OdBkAAAAAAACj0kA/x0XvovNT3KusVTXB4+5CTim0zW2dza601MDenh0DzY6taju3sW1f2fmlv19P2AkAiHoX7MWRLmHYZSSmK1lh3jM79etakCzJX6qyiv8ne8J6ZU62KGfWRsm2K7z3GuMu2IsJOgEAAAAAABAVorp1bU8cTpdefv249h0oDO7TKSkYckrq0qq2tza2dTa7Hvv9HtXZ7CP/MAAADMDl5rJIlzAq5c3KD7SpbS7Ubqf0SlWhmiQlT96o23q8yqJl836nr68+pR/efkY/vP2MvnvjU7p7Ws9t4lOn/as2f7hYj94WGP/DW17TP85bN6Za5PI7CAAAAAAAgGgR1UHngg77TbaHlA6nS9se36Vndh/U3v0Femb3weB7nQ007Pzej58clXt2AgDGD5vTGukSRqEvKW9yuiSXztd+P3Dq0hOqcEoyrdDS+d0HlwsX/Vb3zbpVGXEJkt8lr8+luIR8rV70W2Wburlg6g+0edE/aOGEFMUaktfnkjfGopxZP9Tm5K5dKUYrfgcBAAAAAAAQLaI66Lxj9fUhIeVXv/ULffVbv5C1siZknLWyRgVFJd3OMZCw0+F0acczLwzjEwEAMDTN7iuRLiHMLMrJWKdl0z/4MsdIipkUcm5ZRv6gV0Wmzr8rEEy6C1V0tv1sofY3lEuSMqd+XTldLvqB7p6eq1hJzvof6WevXKNHXr1GjxT+k4qdFmUkdr4gX/fmblRGjCRPofYXzQ2MP3iLnr5sVerEnleBjjZj73cQAAAAAAAAo1VUB52dg8iOLJnp2rplY/B155WY7e1t62z2foWdaVMCbW+LS8qH8YkAABgat88R6RLCa85P9PmlP9UDiz/4WmKWZF4bcu6Bpb/T/XMGc4N8rZ26WJJkq39CRR3esZ0tVJVfkjlfq2eEXpWTla8MQ5LvuA4df0xV7W849+rp9/bL1vk2qQ8qZ4IkuXTe+hm9EuyGb1Vx6XdU4hxM7dFpzP0OAgAAAAAAYNSKjXQBfWkPIl86dExlFYFWaZbMDK1bu0pJ5g/awBWXVmjd2lXB19t37FFZhVUvHjqmHzzyUHCebdt3ylpVGww7v/T365WWmqKkpETV1bNHJwAAI+rsP+t3LcuV3OFPr5bO/amWaL+ePvO3D0621epCTdfL+zTjIeWYJflLVVZRGPqe8zt6p3GjMienKzfzS9Klx4Jv5SZkBA4cx/VK5zltr6jGvU6p8R3OTU5XiiT5y3X+bOcLCnWqpVbLzF3/cAsAAAAAAADA4EV90CkFws6OIWZHaVNSVFdvl7WyRt/78R+0fEmuTpSUf9De1h86T+ew83s/flJpqZOC49tXdgIAEI3iTUly+VoiXUYYWVVRE7rnY+7sn0pqVPHlvUOe/bbMfCUHZlXeDaeU13mAEfijqdhJd2mD+THtvrryMjk2cN7p7S5d3asmz0+ljkFnYkrgP1U+u5q6uaLY06gHNDaCznhTUqRLAAAAAAAAACRFeeva/ti0YU3w2FpZo737C0L28Oz4vtS1Ha7D6ep1PAAA0WRi/NRIlzB6mP9NSydd7f5gJCjW1M1X+/+EjMVakJMfvLTJG2iJb47N6GbidUqO63Sq1S6vJJlSrgaroZbFTRras0QRfgcBAAAAAAAQLUbFis7eLF+Sqy2b12vn7oMhrWfTpqRo04Y1Wr4kt8s17WHnzj0HdeKdcjlbXbJkpmvThjVakGMZyfIBABiQVLNFdc7zkS5jVMjJuVWZhiT3q/rT658P2Z+zo9RFB/QvM3KVOuUh5alQRZKKHFbdNilXSlqh26TQ9rWptykjvtMkl8plm7NCGUausudICmlfm69rJoyN1ZxS4HcQAAAAAAAAiAajPuiUAmFnd4Fmb5LMCdp8/13afP8wFQUAwDCYPnGB3rcdjnQZw6qmtVZNKh/iLBu1ekogkLPVP9FjyClJtrOFqpqeq8z4fOXNkYrOdjhnWqHVK/9VVUe/r9OSZF6nB+avVWrnSZyPqaJpozKSE5Rt+ZPubrpXz1+RJIuWLf43LTEP8XGiyPSJCyJdAgAAAAAAACBpjASdAACMF7NSlkW6hGF3qPgGHRrqJHM2Kjdekr9UZRWFvY91fkfvNG5U5uQEZaf/q3T2+5LzO9p/OV+fnZEr86R/0ObbPitvm6SYBMX6y1XjylVGQsdJrNp9Zpdylm5URtwKrb7ujFb5XIGWuTEu1bTUKmOMrOocD7+DAAAAAAAAGB1G/R6dAACMJzmp+X0PGvcs2pC+IvDXXM2F2u3s+4pXqgrVJEkT87Xh6urL0+/eqT+cf1U1Hldwj0+P+7gK3/2Cznu7meTK/9OP3vmNTrfY5fUrsAdoW63OX/wX7bA3hu3pIo3fQQAAAAAAAEQLw+/3+yNdBABg6JyO7pKXntXUVMswjOCXpF6P1fFYkqEexnX43te5zsf9ed3X+Z4MdLw5KXqbHvzmxINjvn0totO81Jv0D8ufjHQZAAAAAAAAo9ZAP8dF71jRCQDj1ECDP0SPZdPuiXQJGKf43QMAAAAAAEA0IegEAGCUWZl5n5Ljx8Z+jxg9kuPTtTLzvkiXAQAAAAAAAAQRdAIAMArdNGtzpEvAOMPvHAAAAAAAAKINQScAAKPQrdkPK82cHekyME6kmbN1a/bDkS4DAAAAAAAACEHQCQDAKHVXztZIl4Bxgt81AAAAAAAARCOCTgAARqlrp92tG7IeiHQZGONuyHpA1067O9JlAAAAAAAAAF0QdAIAMIp9cuGjyp60ItJlYIzKnrRCn1z4aKTLAAAAAAAAALpF0AkAwCj3wJKfsV8nwi7NnK0Hlvws0mUAAAAAAAAAPSLoBAAMmCEj0iWggymJWfrcdb8m7ETYpJmz9bnrfq0piVmRLgUAAAAAAADoEUEnAKALw+hfkNnfcRh+0ybM00Mr/kgbWwxZ9qQVemjFHzVtwrxIlwIAAAAAAAD0iqATAIAxYkpilras/JNuyHog0qVglLoh6wFtWfknVnICAAAAAABgVDD8fr8/0kUAAIbO6fAOaHxtbY2kwKrM9pWZ7ccdXwe/dxyjbt7v5ntf5zof9+d1X+d7MtDx5qTYAY2PNm9XP68XKrapznk+0qVgFEgzZ+uunK26dtrdkS4FAAAAAABgTBvo57joHUEnAIwRQw06O4ed7cfB74MIOvsTbhJ0Dq9Xz/9Shy/sUJO7NtKlIAolx6frplmbdWv2w5EuBQAAAAAAYFwg6Awvgk4AGCMIOns3XoPOdkernlVx9T69bzsc6VIQBeal3qRl0+7Rysz7Il0KAAAAAADAuELQGV4EnQAwDtXVNail2SGJoLMnYy3obNfisanCVqgL9mJdbi6TzWlVs/uK3D6H/OK/BGOJIUPxpiRNjJ+qVLNF0ycu0KyUZcpJzdeEuNRIlwcAAAAAADAuEXSGF0EnAIxD1ZevyOVy9xhuEnSO3aATAAAAAAAAQOQQdIZXTKQLAACMLL/fL6/XF+kyujXQMBIAAAAAAAAAMH4RdALAOON2e+T18ldDAAAAAAAAAIDRjaATAMYZt8szoPGssgQAAAAAAAAARCOCTgAYZ9zugQWd4UZwCgAAAAAAAAAIB4JOABhn3J6RDzoJNwEAAAAAAAAA4UbQCQDjSGurS26XO9JlAAAAAAAAAAAwZASdADCOtDpdkS4BAAAAAAAAAICwIOgEgHGktZWgEwAAAAAAAAAwNhB0AsA44XS2DijoZF9NAAAAAAAAAEA0I+gEgHEiHG1rRzr8JGwFAAAAAAAAAPSEoBMAxgGv1yeHs7XPcQSLAAAAAAAAAIDRgqATAMYBR4tDHrcn+LpjoNmvcDPKAlACWQAAAAAAAAAAQScAjHF+v18tLc5hm79z6DiQEJLAEgAAAAAAAAAwWASdADDGNTc71No69P05AQAAAAAAAACIJgSdADCGBVZzOgZ0zWBXWbI6EwAAAAAAAAAwkgg6AWAMa25yyNGPtrUDajcrY8DX9GteglIAAAAAAAAAwAAQdALAGOX1+tTc3BISIPZ0DAAAAAAAAADAaEPQCQBjVFNTs5zO1iHNQRgKAAAAAAAAAIhWBJ0AMAY5na2yNzZHugwAAAAAAAAAAIYNQScAjDF+v1/2xmZ5vd5BzxGOlZzdzcEKUQAAAAAAAABAuBB0AsAY09BgV3NzS4/vD3bPzsGGlISbAAAAAAAAAIDhQNAJAGOIo8UZbFk7kBCzV1EWVBKcAgAAAAAAAAAkgk4AGDM8Ho8a7U3yeDwDum4ogWjn8YSQAAAAAAAAAICRQtAJAGOA3++XzdaolmZHv1rTDjWQDPcengSkAAAAAAAAAICBIugEgDGgvr5R9samsM7ZXfhoqPtAcjiCSsJPAAAAAAAAAEBvCDoBYJRrqG9Uvc0e6TKiGqEpAAAAAAAAAIw9BJ0AMIo1NjbJZmtUW5tvwC1raR0LAAAAAAAAABjNCDoBYJRqbGySra5BPp8vrPN227J2gEFoOOYAAAAAAAAAAKA3BJ0AMAq1h5wejyfkfNhXchJOAgAAAAAAAACiVGykCwAADEy9rUE2W+OIrOQc6vhoWMUZDTUAAAAAAAAAAMKPoBMARgm/36+6unrV19vV5ut5T87h1vle7a8JFAEAAAAAAAAAI4mgEwBGAbfbLZutUQ31dhlG7+FiONrXdntOoy/IJHwFAAAAAAAAgLGLoBMAolxLs0P1DXY1N7X0umXmsAWcwxAWEkACAAAAAAAAAIaKoBMAopTf75fN1qCGers8Hm+P48IRGnY7Ry/z9nbP4djrEwAAAAAAAACAzgg6ASAKORxO1dsaZbc3S+p+JWY42taONqO5dgAAAAAAAABAeBF0AkAU8Xp9amhoVH19ozxurwzD6BBs9nzdYEPNge7P2fm9wYSu/UGgCQAAAAAAAADoC0EnAEQBv9+vhga7GhvtcrS0Supf2DeQQLCvMHSk9ucEAAAAAAAAACAcCDoBIILa2tpktzeryd4su725S+jYeTVnd6Fkb+c6H/fbIAPOcIez6Kq6tiHSJQAAAAAAAACjwrT0yZEuAcOMoBMAIsDt9qi5qUWN9iY5WpySwtPedSCrNgcbOBJURhb/OQMAAAAAAACAAIJOABhBzc0tam5qUUuLQ06nS1Lf+172tpqz8zX90dv1I70/51DrBgAAAAAAAACMXwSdADCM/H6/Wloccjicam5uUUuLMxgcSr2Hhf0xlJCxx/eHWNNQEWgCAAAAAAAAAPqDoBMAwqitrU1OZ6taW12B785WORyt/W4d29/VnJFqW9sb9ucEAAAAAAAAAIwkgk4AGACf16c2v18+r1cer1der08ej0dut0cul1tut1setzfkmr6Cxr5CzJ7CwcEEmINtW9vf+fs7BgAAAAAAAACAofr/BBbjPNa1oc0AAAAASUVORK5CYII=" height="600" width="800"/>
Actualtrue:Expected:True]]>
  </system-out>
  <testcase name="LoginSuccess_001" time="15.875" classname="testcases.LoginTest_cb"/>
  <system-out>
    <![CDATA[Login Testcase
<img src="data:image/png;base64,iVBORw0KGgoAAAANSUhEUgAAB4AAAANOCAYAAADwDxERAAAAAXNSR0IArs4c6QAAIABJREFUeJzsvXuQLcdd5/nNqvPq7tOPe7vv+ynrbVtijMLLYmN5hsUwDBiIdUAsSzi8RDDsHyuzsRMQLCy74Zkhlt2BmAd27AADS3gjCBMemGAwDCN5MMg2NmAkS7Zky5KudK9079W9fbtvvx/nUZX7R1XWqcrKrMqsyqpzuju/Dt9U9qmqfPx+53N+v6rMcwillMLKysrKKl/UB+3vgAx2QHdXgf27oFs3gc2bwOY1+CtXQNevABs3AAKAIl0CIKRcN6Sni9oTtM8fnlenAByicHkajC2zlHQnry6eBe6MRAOSeu4ElSijgfITojSg8tK0v6nmono43NR0ZNi/bMnEppu9IDV38gyFehH7Z3VApZTNcI4qtrfp9rN4U6gs4G9MlfGnFt7wZWxCdPxHVxPCG53PG6NlBm+iulQV8aYQf6QzzNU51Wz/su3Xwps6+SOMd0x8/uj6Hz8hsfoB5k/uu2OC+ZM//nHyR3mGuTqnCecPsz9/uE73TfOHqRBv+DPGxh82gTXzhlfF/laIP5JumSqZeP4U5w1fL8kfHf85ZLzh21cd7cHmDVev8h1g7+8coPs7VlZHS+5vXo/+++76FrZ2dtHrDwAA7VYTszPTOL4wGx1D7ANgKysrK4PqbcFf+SZw+2vwbz0P3Poq/FtfEx8bBi4EKBTQlUt19QNqQqoKqPkSXMQnVukEp0BCYy7BUZymKlWqPdmIS9q/kD/xA5LVueGLEhrB2ZWVooRGMruVaKwJVD5vjJfavDHMHwO8KcWfSeRNnfyp/YEpV5d0pzb+ZAy3Fv5MlP+Nkz/gDBKrZ/iPNm/40vKnAt7wdU3+FPInfkCyelKTEO+khq84u0Y0kbxhqpI3fImRQQ4Yb1T5o9ZB/gTDKtW+LmF17F8Vf7jhi3gj4E+dvFHljxGN1f8kvEnxp0ILHIL7O1q8kQ3gUPOniP3r4Y+V1VGS+5vXMRgMcXN5Ffu9vvCYTruFsycX0Ww27ANgKysrq0rl9UCv/w3om18CvfYF+Ne+GHsxGcAQLpbJDYBjCVVtOxDCDiTi9wMZ4OZJIQA2HthqBsA5K1BLJ1B5pYK/qc5mIdXtb1rtF0iYTCTYWglTdgKlyp8jswK4Vt5p8mZcO24K8Mcob+rkT632L9t+BfxR9j++w6p18XCjegH7W/4U1Tj5ww+YVWvmDV8W8LeM2TTDnzpViDd83TB/dPznAPCG9zcZb1LPj6vQRPCGtVclbyT+I+IN746xHhvnjwH/k82ukmq1v277/BugAv4U/rzjB5A9PGl9DPxJzFYGf8Zv/7LtK/jLxOVbyXIS+SObzUIaN3+srA6Q3N+8jms3bksf/jJ12i1cOnfKPgC2srKyqlP+658DvfoXoK/9OfzbLyRfjAfcDnICHnHIRcqEfIoBb3onMD8AWT1HNQd4soSLD7CrCvNVAm4m89OhmPBUmeDkJjya/lNWmv6n6v0mEyzVfEgpISuVYMlaMM8bZf/R5c+YE0whb+rkT8Z0m7/BLOMN69AY+KP5QNu4SvrfJPCHSYk3pcav2uI4+aMpy580b4zxR8FfJo4/grJKlWyvEv6onCforjH+KF/RgB8U9jd+AAVVN2/A9X4MvFGNd8pPxyTxhvc3fkKMDDhfOm/ojNPz6lq8qZM/WuOviTcVLqhJqaT9daXEm5L2r4o/5SXjTxH7ly1DjZs/VlaHWBv/9zdx5+660rEnji/YB8BWVlZW4xDduA565T+Dvvyn8F/7nPQ4ohFfQxBQihJsweHapfA3gQsE1NE4YSD+SzTAR9SVhvaQBtgmE6g8GU6oVHtfxv66JZOwbnT8shZNJNSKCVNefRJvICvwRvH0Qgn1+FYo8w3WwB/pwGMTVDdv6uRPAftXzpvC41dqMVmOnT8mx19AB4A/TOb5I+HNRPPHsMbEnzKfP5PDH1Xe8PUc+xvxL6Yc/6mbN5rtG+cNXyr4G1Nt/Em1UAdveP9jMsyfI8CbTP+JvSB9uyvLEG/q5E/F9s+VyttD/XAzvKmTP4kOyfhTAXdy/S82QQeIP3m9nWT+1PJ+s7I6QLr+fzyTu/uXqdNu2QfAVlZWVmNVfwf+t/4Y/kt/BP/lP8sMcLQeBrNzEv/FhVTCG4jqCVXx3wQOZXhF4CQGtLHZVgtoJyihTLavmtKZSKjy/I8fgKyuN/4qF0wIS5Xhc7MrqxdSpf6n4C8l+VO8ZOOvmTd8WQFvVPkj7WCdqps3KvzR8Z9DyBst/9FVpbzhNUm84f0NnEGKjV+bPwXsXzlv6uSPVvs18cbGO0rxjhFNBH9q5A3vH4YXaBjhT8nRMRXmT53Sat8AfyrnTY7/qHRP4erj4I0R96iVN7z4N1id/AmVG+9Uwx8d+1fKn7HaP6fdVPuqRJ0k/lhZWTFd+V//GqqPdAkh9gGwlZWV1URosAf/xU+Dvvhp7neC02IPgoU3cCQBruwbpUsnWOGF+XgutSC8ChkNsAsEwIUDXMUEKq+uOf7chEm3NJBgqc6+UBOVYPED5t8ARt95yPY/dpjZhCnlPwbsX9b/ZLypw/z18Iav59jfyMzyA5SoIG+yTi/NH83r8LObKcub/De8jv8oDjeqh81kdsf8qLN5I+FPJTLqf4Z4Uyd/NMdvnD8KwzfKG14Hgj8VvgO1450a+FPdaNP+UjdveBn1NwXeqNi/St6o8CdDpflTIW+UzDdRvOFL/g0wibwpyR8Rb+rkj4g3dfLHqP+pviNU7F+WP/wAJXXN8ZfmDV8edf5YWR0gvfrzX9Y63j4AtrKyspog0Y034X/9U/Bf+H3Q1VczE55gB+6onhcxkcIJDx/wRr0N+2Fq8ArDqFKS6eATLp3ulg24ZQlX/nRMUsKjmABNmP3Ltq+dkBVIsIwmYIkLpHmT6z9ly9IrhEtqzAnmJPDG3A6Jg8Ab1k7G6VVqEnlTJ38yLyDjT8W80XqgXZI/hu2v3byINwL+GOcOKw8tf6IZzq4fcP5o84Yvx8if/A6Okz+xCTLJG63xYzz80eyeaf4w6Q8/z+MU7W9kZPwMSup184ZXyfYL82cieMM3KOMNX6+CN7z/yWa0pMbMG9l01MafjLd7dfd3YvWx51sKp1tZWRWSfQBsZWVldRj0xhfhPfdJ+C98OvfQ6AGsYoDFH46cukrpKMaXqglToQBYlFClEiyjIX2yFN3A4W/wVamaA+yUv4gSKsMJdqb/iBIq6fhVPbCI/csmVLIZztG4EyrN9svwRjXB1vKfjHpaivyphTd8GZsQHf/R1YTwpsobenn+JuNN/g6JinhTiD/SGebqnGq2f9n2a+FNnfwRxjsmPn90/Y+fkFj9APMn990xwfzJH/84+aM8w1yd04TzR/ZAQaf7pvnDVIg3/Blj4w+bwJp5w6tifyvEH0m3TJVMPH+K84avl+SPjv8cMt7w7auO9mDzhqtX+Q6o6v5OfrIQqGb/k/Em8+NfsZtleaMf71hZHW7ZB8BWVlZWh0WDPfjP/ja8Z38b9O7ruYcTkntI/GgQwwG19m8Cl3yAUTrBKZDQmEtwFKepSpVqTzbikvYvlCrwA5LVueGLEhrB2ZWVooRGMruVaKwJ1DgTeFXeGOaPAd6U4s8k8qZO/tT+wJSrS7pTG38yhlsLfybK/8bJH3AGidUz/EebN3xp+VMBb/i6Jn8K+RM/IFk9qUmId1LDV5xdI5pI3jBVyRu+xMggB4w3qvxR6yB/gmGVal+XsDr2r4o/3PBFvBHwp07eqPLHiMbqfxLepPhToQUOwf0dLd7wclrwp+dBZ5aAmWOgnXmgPQPanAGaLcBtjkZEPZDhAPD6IMM9kMEeSH8XpL8N0tsC8QZ5raVVC3+K2L8e/ljpigY2oT6o5wH+EBgOAG8AOugBg964O2iVIfsA2MrKyuqQyX/tv4B+5TfgXflsMvyRxFWAXoCLnNelAbDgAML/2HCVqjTBUgiAjQe2mgFwzgrU0glUXqmQUKnOZiHVmlDrtl8gYTKRYGslTCUTcAMJdVHejGUFcKW84aXJm3HtuCnAH6O8qZM/tdq/bPsV8EfZ//gOq9bFw43qBexv+VNU4+QPP2BWrZk3fFnA3zJm0wx/6lQh3vB1w/zR8Z8DwBve32S8Ud00VkoTwRvWXpW8kfiPiDe8O8Z6bJw/BvxPNrtKqtX+uu3zb4AK+FP4844fQPbwpPUx8CcxWxn8Gb/9y7av4C8F7O/PLIHOnwGdOws6fxK0PR8atTh/yGAPzv4GnL11kP01OLvrE8sf2WwW0rj5Y8WJgvb3gf4eaG/XPhCeMNkHwFZWVlaHUXdfwfBv/h94z/5OGOTlJzi6O3KJoYSHkGRdWTUHeLKEi0/wTSZYugE3k/npUEx4KhkpkzjhSUyIjv+Ulab/5SbwgsuVTbC0EviMuloHs0afz5/c0vgNlry6yfGXl5A3dfInY7rN32CW8YZ1aAz80XygbVwl/W8S+MOkxJtS41dtcZz80ZTlT5o3xvij4C8Txx9BWaVKtlcJf1TOE3TXGH+Ur2jADwr7Gz+AgqqbN+B6PwbeqMY75adjknjD+xs/IUYGnC+dN3TG6Xl1Ld7UyR+t8dfEmwoX1KRU0v66UuJNSfsTAH57FvTYBfiLl0GPXQh39mZ0qNT4KZydlej/pL8tOU7GnyL2L1uyro+ZP1ZGRYd9YH8bdH872ClsNVbZB8BWVlZWh1XDfXhf/tfwvvyvgOF+OvQWxPuOk6znJUz8Bt6iCbbjqAXUTEbiv0QDLKDlW6gjweYDar6DsnpJGU6oVHsvsn8tK5T5utHxKyTglSVUTDn1SbyBzE+PvPfl/UFh+mvnTZ38kQ48NkF186ZO/hSwf+W8KTx+pRaT5dj5Y3L8BXQA+MNknj8S3kw0fwxrTPwp8/kzOfxR5Q1fz7G/Ef9iyvGfunmj2b5x3vClgr8x1cafVAt18Ib3PybD/DkCvMn0n9gL0re7sgzxpk7+VGz/XKm8PdQPN8ObOvmT6JCMPxVwR+J//swS/BP3gS7eC9o9Vjt/SH8H7s4dOFu34ezd1Z7QvN5OMn/G8nlvJRXt7YDubgK93XF35cjKPgC2srKyOuTyvvJv4X35X4NuvaUcXhIiCKmENxC5ncAlQjj5DuRQhlcETmJAG5tttYB2ghLKZPuqKV3xhEo9oecHIKvrjZ81O0kJNT+7snohVep/Cv4i4Y/5Gzqq/NEboTZv+LIC3qjyR9rBOlU3b1T4o+M/h5A3Wv6jq0p5w2uSeMP7GziDFBu/Nn8K2L9y3tTJH632a+KNjXeU4h0jmgj+1Mgb3j8ML9Awwp+So2MqzJ86pdW+Af5Uzpsc/1HpnsLVx8EbI+5RK2948W+wOvkTKjfeqYY/OvYvMjp/ehH+qQfgn3oQaHfzO1i1/b0+3K234GzehLO3XrB9VaJOEn+sJk20vwfsrAdfEW1Vq+wDYCsrK6sjIO+5T8L74r8ANq8DigEuiHr4prQTOPYHPp6L96MyGQ2wCwTAhQNcxQQqr645/tyESbc0kGCpzr5QdSVYSu3zA2b2ZzKZYOf5HzvMbMKU8h8D9i/rfyn+hKrD/PXwhq/n2N/IzPIDlKggb7JOL80fzevws5spy5v8N7yO/ygON6qHzWR2x/yos3kj4U8lMup/hnhTJ380x2+cPwrDN8obXgeCPxW+A7XjnRr4U91o0/5SN294GfU3Bd6o2L9K3qjwJ0Ol+VMhb5TMN1G84Uv+DTCJvCnJHxFv6uSPiDd18seo/6m+I+T2p42p4MHv6XeAdo+X4E98gIj9TYE3GeMngx24Gzfhbt4AGezp84Yvjzp/rAqL9nZAt+4Cw/64u3JkZB8AW1lZWR0R+V/7PQw+/yvAxhsACIhiaCfdmSuI8IiBG7zKD4HHHfBJpoNPuHS6WzbgliVc+dNRPuGZ9Bu8xmW4/bx3i1LCpdgtIwlY4gJ8hq/gP2XL0iuES2rMCeYk8MbcDomDwBvWTsbpVWoSeVMnfzIvIONPxbzRindK8sew/bWbF/FGwB/j3GHloeVPNMPZ9QPOH23e8OUY+ZPfwXHyJzZBJnmjNX6Mhz+a3TPNHyb94ed5nKL9jYyMn0FJvW7e8CrZfmH+TARv+AZlvOHrVfCG9z/ZjJbUmHkjmw4V/tCF8/DOfxvo4j1aTQ59H2t9D+vUxSba2HGnsOd20HfbGJAWKCFw4MD1h2j7++gM99H1djCHHubJEMeaDpqOI7iy3OOc3RW462/C2bqVfH3s+ZbC6VaHSnT7Luj22ri7cSRkHwBbWVlZHSF5z30S/tO/DLqzHAVS0m9e5mlP1NPFogk1K2W/CQzu+rJ6WoIzRAlVKsEycutAXIpu4PA3+KpUzQF2yl9ECZXhBDvTf2IvSM2dPEOhXjLBNplA5WncCZVm+7LRFi4L+BtTZfyphTd8GZsQHf/R1YTwpsobenn+JuNN/g6JinhTiD/SGebqnGq2f9n2a+FNnfwRxjsmPn90/Y+fkFj9APMn990xwfzJH/84+aM8w1yd04TzR/ZAQaf7pvnDVIg3/Blj4w+bwJp5w6tifyvEH0m3TJVMPH+K84avl+SPjv8cMt7w7auO9mDzhqsb9nja6MA//RC8c+8C2jNp3gju7+wMhrg5dPGWM4+V9hJAgsPSCm6KEdIAZSfT0YWCIREs7d/GaW8NZxseZloNJfsTrw93/RrctWsg3iBzpmWS8Sbz49/IrOfzRj/esRqX6GAfdHMFGPTG3ZVDLfsA2MrKyuqIyfvKv8XwL/8Z0N9J/D07FR5FbATIDaiJgZAutfO45AOM0glOgYTGXIKjOG1VqlR7shFrlJU/MM3xH1FCIzi7slKU0EhmtxKNNYGqJ4EvxxvD/DHAm1L8mUTe1Mmf2h+YcnVJd2rjT8Zwa+HPRPnfOPkDziCxeob/aPOGLy1/KuANX9fkTyF/4gckqyc1CfFOaviKs2tEE8kbpip5w5cYGeSA8UaVP2od5E8wrFLt6xJWx/5V8Ycbvog3Av7UyRtV/hjRWP1PwpsUfyq0wAG/v+NPLcA//y74Z9+hNOPX9zxcc47jdvs0gl0YAOCDiJ/+RiLEjdeQcAxKEn56cv8tXPLv4nxHtCs4LWfzBhqrV0H6mxXxp4j96+GP1WSJbt4B3d0cdzcOrewDYCsrK6sjKO8L/xeGn/8VYYAL5IdVDlEPu6LrFUhwcmJhPVWaYCkEwMYDW80AWLICNXo5ebR+ApVXKiRUqrNZSLUm1LrtF0iYTCTYWglTyQRcM6EuUiZmL/bCWFYAV8obXpq8GdeOmwL8McqbOvlTq/3Ltl8Bf5T9j++wal083KhewP6WP0U1Tv7wA2bVmnnDlwX8LWM2zfCnThXiDV83zB8d/zkAvOH9Tcab1PPjKjQRvGHtVckbif+IeMO7Y6zHxvljwP9ks6ukWu2v2z7/BqiAP4U/7/gBZA9PWh8DfxKzlcGf8du/bPvZ/uLPnoZ/6d3wFy/n2v/ano+Xm2ew3ZwTNkNAED0QpjR03+D84DUnPDT4ETeHAKNHMw5AAZ85BgUo9dEdbOL+/k1cnpL7F5Ozu4LG3ddAdlYr549sdgtp3PyxMi66sw66tTrubhxK2QfAVlZWVkdQtL+D4Z//Evxn/1+IIiWVHbwE+RGf+DpRL3LqgaQPgWsO8GQJF5/gm0ywdANuJvPTIQjZ677BknvDJTuBNi5N/1P1fpMJllYCn1FX62DW6GUtaJTGb7Co8cfM+MtLyJs6+ZMx3eZvMMt4wzo0Bv5oPtA2rpL+Nwn8YVLiTanxq7Y4Tv5oyvInzRtj/FHwl4njj6CsUiXbq4Q/KucJumuMP8pXNOAHhf2NH0BB1c0bcL0fA29U453y0zFJvOH9jZ8QIwPOl84bOuP0vLoWb+rkj9b4a+JNhQtqUippf10p8UZgf2/+LPy3vQd07nTm9W/te/hm4ww22schepTCHvJ6vg/XHfWEUgrHceAPhmg2m6BwQH0fAOA4LgAaXY/S4Dwa3TSj8H0a3kMjmO+t4mHvJk6347uIAX5CSW8TjTuvwtlZLmD/siVngHHxx2oiRPe3QNeXx92NQyf7ANjKysrqiIrevQLvsz8P75XPgjgQBrzxL44RhWuqO4GVE6ycdsBdr9wExBviMvpqby1AmlGYTKDyZDih0k64DSTUpRJuo+NXSMALJ9SKCVNefRJvIPPTI+99eX9QmH5V/yk/fr7BGvgjHXhsgurmTZ38KWD/ynlTePxKLSbLsfPH5PgL6ADwh8k8fyS8mWj+GNaY+FPm82dy+KPKG76eY38j/sWU4z9180azfeO84UsFf2OqjT+pFurgDe9/TIb5cwR4k+k/sRekb3dlGeJNnfyp2P65Unl7qB9uhjd18ifRIRl/yo3Un78A7973gM6elEwwwWDo4cXBNK5NX0b4fDZ4YMveG7HuUgoQh22uAEj4KiEExA8u68CB73sAAIc4oJTCpz4oANdxgzpJ3rkboTb4j0u7V/HO5g6aDv8geCSnt4nG6qtwtm4nppOfXuF0AxPFn7F83lsZE+3tgK7dGnc3DpXsA2ArKyurIyzv1acwfOrnQO++DhKP5mIRE2H/Cm8gBiVxsgPqcr8JzHrE2gOSESYKBXiTGNCOxqoY0E5QQplsXzWl0ygLJ/T8AGR1vfGLFkxk+k/ZUmX43OzK6oVUqf8p+EsGf8a2A0tD2rzhywp4o8ofaQfrVN28UeGPjv8cQt5o+Y+uKuUNr0niDe9v4AxSbPza/Clg/8p5Uyd/tNqviTc23lGKd4xoIvhTI294/zC8QMMIf0qOjqkwf+qUVvsG+FM5b3L8R6V7ClcfB2+MuEetvOHFv8Hq5E+o3HinGv7o2D9+vDd3Bv59j4POnpC2eafn4fnWZew1uqDA6AFw+HpiNJTAccMHuF74gNd14RCCOysrWFtZxWAwQNN10J3t4sTSEjqdKVAP8KgH121gMBjAdR140QNgCnGLFNPDHXxb73WcbMt/H5j0ttC48y04O3c4/1Ml6iTxx+ogyz4ENiv7ANjKysrqiGv41x+H9+e/NEqwSDrMcpAfxonOS7we+wMfz6UWhEtEysRzRhOsAgFw4QBXMYHKq2uOfxwJtmr3CiXgY02w+fYkCXekChJt6cSzw8wmTCn/MWD/sv4n400d5q+HN3w9x/4mb+DkJdwFeZN1emn+aF6Hn91MWd7kv+F1/EdxuFE9bCazO+ZHnc0bCX8qkVH/M8SbCd6BZZw/CsM3yhteB4I/Fb4DteOdGvhT3WjT/lI3b3gZ9TcF3qjYv0reqPAnQ6X5UyFvlMw3UbzhS/4NMIm8KckfEW/q5I+IN3Xyx6j/Zb8D/JkT8O57H+jCOaQmPCxf36V4ofvwqHscGqK5YdenBOzrnofeEDs7O7h+/TqeffZZLC8vo9/rgwBwHODM6dM4f+4cut1ZnD59FidPLKEz1QGlJGiHxNoBkdw3C/r9zq1v4m0d+eSQvbto3nkZZG/N8sdqrLJfB21O9gGwlZWV1VHXYA+D//Q/w/v674NFSoSII6jETl5BhBftBJbc4CUQRqJaioLZcQd8kvyPT7gkhxtJuGT3N/QfcKmG4CoJr6BDVdxwmTD7l21f9fZAZsKl2C0jCVjiAnyGr+A/Vdxw0fGfshpzgjkJvDG3Q+Ig8Ia1k3F6lZpE3tTJn8wLyPhTMW+0HmiX5I9h+2s3L+KNgD/GucPKQ8ufaIaz6wecP9q84csx8ie/g+PkT2yCTPJGa/wYD380u2eaP0z6w8/zOEX7GxkZP4OSet284VWy/cL8mQje8A3KeMPXq+AN73+yGS2pMfNGOh3NGXj3Pw5/6V7pqd/Yb+CV7r3hfTSm2E7b8JrB/TAC+ME9N+pRvPXWLTz//PN48803sHJ3FZ7vo9PpYHt7G61WCyeWFnH54nm0Gg1cv3Edm5trOHf2DL7t0Udx4Z7LgNOA6zThUx/EceFTCocEJfMZ7huicd/2q3h7ux/7Y3Kine1lNG5/E2S4Vx9/xm1/q4kU3VkH3VoddzcOvOwDYCsrKysr0De+iMFn/ifQ9auJAIsI4jHC1fnXg8A2O9zLTawkCRaT/m8CCxIkUUKVSrAqvKUguoHD3+CrUjUH2Cl/Yf6VlW8qdrNQws35udDcyTMU6iUTbKM3cHI07oRKs33ZaAuXBfyNKa+eliJ/auENX8YmRMd/dDUhvKnyhl6ev8l4k79DoiLeFOKPdIa5Oqea7V+2/Vp4Uyd/hPGOic8fXf/jJyRWP8D8yX13TDB/8sc/Tv4ozzBX5zTh/JE90NTpvmn+MBXiDX/G2PjDJrBm3vCq2N8K8UfSLVMlE8+f4rzh6yX5o+M/h4w3fPuqoz3YvOHqun5EHHj3vAfehXdJj/v6fgtXZ98WzFksqKdoBD2LH04pGq6L4XCItdU1fPWZZ/F3X/k7eB7FzGwXQ88DCEF/0IcHD51WC9NTHZxaOg7XJbhz+xZ8f4DzZ07BdQjOXbqMt93/ENqdKbRbHXgUoIQAxAH1ETyQJn7YIx9x3bPzOh5p9iFTY/0qGre/KX1dxpvMj3+92S/MG/14x2qSRTfvgO5ujrsbB1r2AbCVlZWVFQBg+MV/geFf/nLq78FD4GTERnICatkO4uh1Awmc8DeBMxKy0glOgYTGXIKjOE1VqlR740zg+ZIfkKzODV+U0AjOrqwUJTSS2a1EY02gDCXwZf2txI4bbf4Y4E0p/kwib+rkT+0PTLm6pDu18SdjuLXwZ6L8b5z8AWeQWD3Df7R5w5eWPxXwhq9r8qeQP/EDktWTmoR4JzV8xdk1oonkDVOVvOFLjAxywHijyh+1DvInGFap9nUJq2P/qvjDDV/EGwF/6uSNKn+MaKz+J+FNij8VWkCbP0nVwR//9NvhPfjd0j680Gvjte69ICRtLAo3mOnwJUIBSikopXjpmy/hc5/9c6zeWQEAdGfm0B8OQFwHA28Iz/PhtBuY63ZBvQHdksmBAAAgAElEQVTosI/pqRYIBaY7HVw+dxq9/j42tvfgkQaOnziGhx5+O86cPQ+4DYACjtOE73sgDg3v6dHULN2zfQXvzHoIfPsbcNeuCV4pwJsJ44/VwZK/eh0Y9MbdjQMr+wDYysrKygoAQLduYvBH/xj+tS+mwii24zb1d2SEXbFYKxG/hyURnagpohPPVZpgKQTAxgNbzQA4lVAlR1A6gcorRcOHuDt59UKqNaHWbb9AwmQiwdZKmEom4Ar2L1smZi/2wlhWAFfKG16avBnXjpsC/DHKmzr5U6v9y7ZfAX+U/Y/vsGpdPNyoXsD+lj9FNU7+8ANm1Zp5w5cF/C1jNs3wp04V4g1fN8wfHf85ALzh/U3Gm9Tz4yo0Ebxh7VXJG4n/iHjDu2Osx8b5Y8D/ZLOrpFrtr9s+/waogD+FP+/4AWQPT1ofA38Ss5XBn/Hbv2z7BP7MIryHvxd05rjgggQv7zt4qfsgkl/7PJIPCie0mEMBUIrhYICXX/kW/uxP/wy7O7uYmZ5Bq9nEzv4eNre3MD01jaE3xMDz4FMHU1MzGPQHINRDd6qFmalpXLp4Af6gh+3NDQzgYwiK7e1d7Pf7eN/j78e73vUYWp0OKAUcx0XwGCfYWUypD0KckZMAeHDrW3ig5QnH4PS34d56Ae7emhH+jGbPgHuMmz9WtYoO9kFXb4y7GwdWug+A3Y997GMfq6gvVlZWVlZjFGnPgnoDeK/8GfjIiYKEqxqTCQ8lBCQj4hPv9GXifxM4OwFKKQzoCPun4gBPlnDxCX5VtxlUAm4m89MhCNnrvsGSe8NF03/KSjPByE3gBZcrm2BpJfAZdbUOZo1e1oJGafwGS17d5PjLS8ibOvmTMd3mbzDLeMM6NAb+aD7QNq6S/jcJ/GFS4k2p8au2OE7+aMryJ80bY/xR8JeJ44+grFIl26uEPyrnCbprjD/KVzTgB4X9jR9AQdXNG3C9HwNvVOOd8tMxSbzh/Y2fECMDzpfOGzrj9Ly6Fm/q5I/W+GviTYULalIqaX9dZfLGIfAufyfo8YvC9q/3KF7oPhw9/CWEpP4PAjiEgNCg9IdDPP/88/jc5z6H4WCA48cWMTU1hfX1dWxtbWN2bg7T09NouC7gOHAbTTQbTXiej95+H8PBEK7TwPTUNGZnutjf38Pu3h4AF8Qh6Pd6WL5zBzs7uzhz5gwazRZAgjGF3QFxnJBnLkj4v9X2CUzv3caci9SEU7cNAHC2lyvkD2eAcfHHaqJF3OAr1dHfH29HDqjuftdPaR1vdwBbWVlZHWYN9jD4w4/Au/JkEBjGXorCM5IO2/J2AmclWPGEunACpZFXpAYUT7BTLdSRYPMJFd9BWb2kDCdU2gm3gYS6VMJtdPwKCXjhhFoxYcqrT+INZH565L0v7w8K06/qP+XHzzdYA3+kA49NUN28qZM/BexfOW8Kj1+pxWQ5dv6YHH8BHQD+MJnnj4Q3E80fwxoTf8p8/kwOf1R5w9dz7G/Ev5hy/Kdu3mi2b5w3fKngb0y18SfVQh284f2PyTB/jgBvMv0n9oL07a4sQ7ypkz8V2z9XKm8P9cPN8KZO/iQ6JOOP2oi8kw/Ce/gDwtc3+0M8Pf0oACe8DyXqPQB4cBwHDgh8b4hvvfQS/viP/gi+T3Hp0kU4rotXXnoV/f4AxxaP4djScczPzWF/v4frN29gfv4Ybi2vYGd7H4NBH03iYm52BpcunMXs9BT6/V2s3l3Dzt4eHAfY7e3DdZtwmy088NBD+O5/8N9geno6+Do/BHPgOg6GXtCvJA89PL79PGYbDeHUNm99Hc7G9QPDn7F83lvVIn/lTWAo/9pyK7HsDmArKysrq5HcJuAP4X3rT5AKqTJWJEc7gWWZRkboRlQTrIwVgaRAgJeTvo0loI3NtlpAO0EJZbL9Agm7sRs6igl6qq43/sQK4QlJqPnZldULqVL/U/CXDP6MbQeWhrR5w5cV8EaVP9IO1qm6eaPCHx3/OYS80fIfXVXKG16TxBve38AZpNj4tflTwP6V86ZO/mi1XxNvbLyjFO8Y0UTwp0be8P5heIGGEf6UHB1TYf7UKa32DfCnct7k+I9K9xSuPg7eGHGPWnnDi3+D1cmfULnxTjX8ybO/3+iAvu09oO054XX/Diex15gFEO70hfj/JPjRX1Dfx+b6Gp776ldxZ3kZhAD333cvXnzhReztD7CwsIju7DQct4G9/X3s7Oxga3sb/d4QW9vbGHo+AIAg+C3f9fU1eP4QCwvzGAwHaDWbaDQbmOp0cOr0GSydOIG9vX3sbO9gfm4e09PTIMSF4zjwfQrHIem5JcCmB1wgO+LJdJpwdu4A/nB0wsTzx+pQym0A+9vj7sWBk+4OYPFSECsrKyurQyP37T+CxgufxvC1zwEIwigHCB7yAqCxJIEk/k7CncDsi59HZSACdoEgniNh3EeC3ximseMSJasS7mW+njMwLm7kv9GacAlWqjckXrKvxBbUw3/Zg+2oDAPZzDLWIf7BePQV3KmSdTAnANZMMFNXG5kvu4wux30BeGR3RPZPlRD7D/MvNuGZdZlDpDqY6nC2uMvyzRGSeThnNmZ3rh4dL/AfolZK/UeaWLHDchIm2fTKppv7U35+x39hPFeP8YfnTqKU+U/MUSP+RHPNcUo0IF3ecNLmTaJU5Y0mfwTHyfwnzR3NhFuXN3xdlzdS/ijyRpU/MssdEd5I/Uf5hg4TVzfEm8z7S8jwlyp4I+GPsDzi8Y6UN6r8MRTvpN7OqvwR8UaHPxnxTqKUviEOAn8EfmMo3pFzhx02Bv4AGe4o448ib2Idk/JHZ0Ay/qhKkTd8PZc/4b9Sv8mJd2T+Uj7eUeCPwnRFdRl/BJdN8gbGeZOoF+ZNjv/kuKWMN1E902yTmF/xvGEdzpkPiWTxjjJ/xhbvsKqEN6r8yfm8Lxrv0FMPwF84j+QbOLjwK/su7s6eCmfAASFu+Lqf7h8hICAY9Pbw2mtXAFD4noe3P/ww1u6uwvOG6Ha7WF/fRL8/QH84AKUUPvWxu7cHis3gPUgcUOIDDgFxfLRaTXjUw87eNubnZ7GztQM4LTQaDezv7mJ7exerq6sY9gbY2d7Be9/3XTh2bBEDbwhKKVzHBUCR/O1iirXp03h1Yw33CX4P2J8+Dn/+LBp3rx4g/qRNYnXwRdozQHsatLc77q4catkHwFZWVlaHXY0pOA/8I+C1Pw9vKlD4YcLD6hQE8CnCJ7dBcEYp/DDRYnV2UyLIwWiUBEaracPSp7n5TVqxwC5KpfICPppT6jSeSDAol3CF9VgDwZ9zSmiUNJjT5P30oF9RHaOkN1YVlPyEMTvz9VgZt7Os5M+jOaWonahno4SZxqs01v3a7C9pT7l9mqonbweM7MzXxfYf+Vum30j9Lz7H6e4Lh5MYLxmNKXZGyn8K2V9Sqvgb7z88fzizaEnF3qJzCjXInyDjTex1KNi/MG8k/MnzH+n4s3kDmb2V7J/Bnxx/SdRjN/QsbxT5o/x5p8CfzPGTaEyxMyI7oyreCP1Pxhs5f5RUyv6SUqNxIW8E8U4x+1fEn3Cc0edb3fxR+ryT8Cb2DuX5U7/9Je1p8Cd0k2Q9izd8aZQ/4K6fzZ/88SvyR4c3yvxhl+f8pSxvtMYvmrDY30q3L+dN9DoMxzt8qcIbfqA5vOHr2vwpxBt5vJPynwR/oG9vY/Yv236BeAciu1fNm9igBHxJ1SMxO7NzDfCndLwzGs5BjHdAAdqagn/yoag+ap9ie+Dhpdm3Rz5EnOAemeMD1AkO9uGAAnDhAb6HjY0NfPbJJ7EwN4cbb15Fs+liMOhjbW0N83MLuLOyDt8Hdnd3sLGzA0oIqE/RnZ1Bu9HG/rAH6gIUHlxKARfw4aHTnQJ1XFy/eQtef4De/gA+HcJxXHgAtnf2cHtlDd3ZLnb29vADP/gDmJ6egU8piOuA+j7Yg9bAjMHnykvzD+P05nPoNhspA3jd03A23gIZ7lfDn1hzY8m3rA6OZhYA+wC4UtkHwFZWVlZHQM793w/nmd8BvfNNjIKyYIdvVA+DRLZyMLUTOFoxyuK1cKcvq8cSaVY6XF0W7wXtjCpk1K10OTojWRclVKkEKyMD4ZYa8zt0ZSuG0yvU2Wl8XTycqCTiEnxdNB0QDYuk68IrSBrO6RBb6RnVw5WhrF35itGR/wi7m1fGhhkfSdy8UnMnz0jWEwZK+0NqyxVfcm8A1R0K6RXrbLrZ60JrpUtRd7kRZ9WlDpl7hbAUGSyjxyn/UV6hLvEfAX8yrJXLn+wNDor8ye1BzB8K84Yv2WVy/Ef17c6dF9Vzh1UPb/J35Ml4w++QyOcN728y3qTu56VUEW8U+JPLG1X+SLqrzJ9coBXgTQZ/lHmT4o+MN/wOCU3+yHijyh9hvMOVRXiTsyNcPd452Pxh9tfnD0b1RLfq409USlWeP0LeCPiT9h82zePlj/zCUQezT8gxHLO/Pn84/4CMPxnckfAnPpIs/qQnTHCFqvgj4w3vP7q84UtN3qSkzBu+nsMfmb+o8AcZ/pLijyZvuJFo80Y131KNl3Xjncjv2HSPmzdEXJddwVC8w3++qcc7k8gbrp7lN4TCP3Ef6NzJqB4vX6Fz4eEOCAke7TugcAiFDx8ULqjjwPMpXH8If7iPz3/uv+DN11/D6W9/F/o721hcmIdLKBbm5nHt2k3s7e7Bp8CQAh4hcNsdwPOxs7uHHhli1++DtAjaLYKZZhvdmRns7u7ijeu34A8B4lEQH4A3hAMPvj+ERxwMfAqPNLG7P8Rzz7+Id7zjUTz00AMgrgPP96PfBSbh+8QnJJrDV51j+HvYSk08nToGOnsKzvobYv85UPd3rA6ySGsKtD1tHwJXKPsA2MrKyuoIiMyfh3PfBzC88w32F4BS+FH8G9QpAagPELYTOIysZKVPg8RdtmLQp0HiJVwxGMscaCKTCIPB2Ar4tCQrgFkQyK/UFa0Yp0HSp7UimCtZ1BnVw7v+ox0qFLHD+CHk57m6ojllXvvKYnbk6jo7tFRWwOeUo2QXsXbZtI/q6bHJdiDEXke+/UvtUIg5KPO3kT/FxqSjLHuLjjWdQCm3P+IN4vzRtL/WjlCBv8V5gxhvRnNfkj+GeZPiT8QbCX/ihphE3mi2n+ZN+PeivCnEn3zejN7LMf9JjFfGn9EEFuJNFn8E/pb7DRN5RqnZ/mXbT/Em+rgqyB+dHRKRn8V4o8EfJd5o2t8cf3Aw+aN4eXm8Ex5XU7yjyh/R2GqJd5T9L5s3tfGnrLLaz+DNKN5hhxuKd+JlyXhHyBu+Tpk7CexfAW9SOy7r5g0vXX9Tbl/CG77O86eSeGdUpvxFlzcC/hSzf9nPu2z+SFWWN7V93kl4k+JPtfFO1v2dOH9EA5XxJqhK+JNpfwK69DYkTgwnbq0/wPXuZQAEDnERfC1zAHGCoN8Uwby5BGgQipu3b+Pa61cwNzOFYX8fs9NTGO7tYnlvH53uAnpDH/tDwCcETrsFAOh7PlwQeB7F0OkB1EGDNtH0gEFvE7uDHjpTM0H7DuA6Dga9PlwPcEDgOk1Q4gLNFtZ3g/trvd0elpdX8NCDD8F1XPj+MJg5QkBAgv9kM0OA6917cGnzqzjWdFKz7nVPBg+A6WjOI3+K8abw/R1N/oCva8Q7VgdbZHrOfg10hbIPgK2srKyOiJy3fQ/wpV8PA0IkVpxn/iZwFIaPyiB+J2GeQUCc8ETCldx5iVK6AwPJukT8gmFhXd56zgYQtiKdHc9WEMfq8UyS3wGB0YpjaQaotKRYdH6oWEIlSij59CpVF5grL19NlNIdL2m/EdZzVsDnlqkO8/6S4z8Sd+TPlpYic0WvC/wFSb9Q3QEhtQDnf6OEWuIvfD1qXzxduf4jaF7Lf6Q7XiT+EnNU5m/V8kYyITm84c9W4w3fHTlv+DLBnyz/Mc4bTf7IeKPKn5S/afInNtGF+CPijQ5/ZLxR5Y+K+aLjBf7D7+zU5Y/wDS/iD1MebzT5o9B8Nm/4clz8QXZ9NGHJmiJ/pL2QuPvk8Ycpjz/J2ZKdLbd/jr/wpZQ37LiC/JFbLFkeyHhHgT8Sf1Hij9BSTHn8SY5/fLyR+E8Gb6J6lsVKxjuTwRvWroQ/Rngj8R8Rb3h3jM1Xyn9kvFHlj4g3OvwxFu/IOsz7T1JS3sjckS8zzcbsn+E/LH8n8bo6f9TjHYn/yHjDTS+Tef5IeMPXY37DOsj8T8afpP0lpTZ/kjLNH3r8AvxjF0ZHxRK218g8CCEAcYLxhidSBA9BHQBwHAwpRdMhaADYWlvF+TMnsbO1he7MFC5evIibby3jzbeWMd+ax+ruELu+i1Z7Cj1/GDyY9T2ABjPcGg7g0AbcwRANMkATfRyfbmFprolOZwoDb4BGqwnH6eL49Axc+Jib62KmO4c3btzGs9+8hvXtHbiUYHNjFZ7fB/UagDN6sBuNkPlasLMCV93jOIaN1Jz7Myfgd0/C3V7W4I/m/Z2a+GN1sEXaM6CNJjAcjLsrh1L2AbCVlZXVEZF7z/vh3PM4vNefDoOv0co6P0y4Eyv0BL8JzEI9fkVeEGkK6rG0Kld8/uXn5gijCFdWKjQX1Wk0LZCvUObqopXvieM1SgqkdmhFSS1bjckNLFoCnj096TqzI/t70s6mfoMTwjpiY4lZQPSAKc9zNOydK1EmnXd4rP1kbyX+kmPvsr8BLPOX0XBig2IDkN5BUPAf5n4S+2eWCiuEU/6TuQI49Y5Gpv9kjFtq/xK8SV0qwRtF/sh4U4Q7It5IdqQnOp0Ytyp/ZLxBaEZF/ujsQMjjj+YD7eS4JaWOSvrfWPjD84bdhE3xR8Abvq7FHwlvJoo/mrL8SfNGsiM90emM8Wbypgr+5PiZHn8EpWyARfxNdC2NeIdvX8Ybvq7Fnzy/KRPv8PW6eaPCHyFvRv6W4k9WfJOnunkDLjpT4g17ud54J5qOVLyTLOXeNZ54J5M/hyreUeVNrC7ijWa8Uz7fSpaUr0cHy/ijZ/96860clbS/sFRojslfvBx7gUYHbA+GuDlzEQ58ULCvBCfBt+DBAfWDr18O5ADwQb0B5mfaODY7DQceNrY2cfvOXfR9B32/geXVTQw9gHoU8D24w300MUQTHprw0HJddIiHmXYbCzNdXDh7GhcvnMGFiyfQnevA9z3Mzs9iem4GbquB+aku/EEPrUYDbrONG7dXsP/7f4TnvvEyBj2Kl156Ee97//uwcPwYvHCILntrEyBa3hDuhL7ZvYz7N59Ft+GmDOFPHYeztYwi/JHFO8G8j5k/VgdOpNMF3V4bdzcOpewDYCsrK6sjJPfie+G//vkoMgzirtGKveRO4HQZiF/5h9Hf43lmaoWyPN4Prh+rsFLn/kaiAZbQJFpIlKkdB5IdUamdm7IyHDi/Qn00nJw6EZfxEaiPHwpBMt9AsuHc38Dj/SC2Uli2QjTZPa6eu0Mi2fNUXXv8kukIE8Dklk6B/4wcPWF3pOwvKSUr0kdmyPGXqJ1Yd2PdlO1IFY83o5RJuiMyKIv/Bh5XyvxHe4dEcuh5C9jzxx+7cGpJvgJ/ZDswVfkj4k3CHwryRsKf7PFLyoRkvBF3qPhvcCryJ3eHRLLnSrzR4Y+MNweGP8lu5fEne/wZZeqEUBPHn3QZ77lZ/kh4M9H84UoZb4zxh7+AGf5kxjul+JMu4z03yx9V3vD1HP7EX88rZfyJWszxH914RzAFwlJ6BRl/eINJeMP7gTJvNPgDsfm1+KOkArwpm29JecN/3rEelIt3UtMxpninPG94P8vhj2A4PG+454UKvImPO/xnYuIdRf5wcU71+ZYCb2KlLN7J5Y2xfCvHf2LjLMSfxHzL+CPmDW10QI9dgMiAb3qt0AWD8RISXIHCAQEFIS4IfFAAjuOAUA/UG8KFD384wPLyMo75LjzSxPrmCjbW1+C0+xj2hphyfTSHe2j6PXRcD4tzbZxaPI6LZ85g8dRJnDm5hKWFOZxYOoGZuXlMTc2g0Wyg3W6jNdWE03KBphP8pK83ADwf/SEFOtP44R/4Ptxd38QLr9/E+t11rKysY27hOBqtBoa+H40+GBoZTWE4RTcwjQfRSxmAziwCjSbgDQzxR8ab4vxR4o3VwVenC9gHwJXIPgC2srKyOkIiF/5rRGtjfRp+9zOiFaB+mEhFdRokRvGVfgQKK465FYJ+4rwwdoutAKQkWWeXi1aJK4giloRJVwjn7EDQ3ZHAl9IVwkjXWYeVbygoTkK8zDtW1i6b/+hgZk9xvdAOGYUVyWL/is8lV9fZkcWNV7YjgR2sYm/d3wAu+htVUT1nh4LO+Av5n6xdmu0viOyPBH9K70BXWqGc5k+R95uQNwL+aNm/JG9IrB9Z/BkNAIXHn7icKf+LpOA/BeyvvQMrjz88b7LGX4g3Gf4DTf5k8ob3PwX/yRq3wvir9b9s3qAobzT5A87f8uIdnYFr80fL/gXjnfDziOdP9J+12V9yrHL7Mv6U+PypI95RHv8ozjDKnyx/UfC/XN6IxqRwWHr8klJX0vZl/CnJmzz/U4x3Iv7ELK47cBlvEq/n2d8Yb9hcZ/hP3bwRnZvTfpo37O/18CaRn2fwJnqvZuVbme83OW+S9WrjnZG/KPhPvGr880ZROe2neYPQTPXEO6r3dwrzh+dNij9i+9P506BTx8LJQCxAobjeOQcQAkJcgDrBSAkF4AR+Cg8+mnBJCxQemg0Kb9dHb9jD8cUFrK9vYGnxOAa+i5dfeRX7vR7cIcVUu4nTi/M4d2wOM24fl07M4ezCNBbnulhaXMTxk0voHp+B222CNKfQbM6g2e4CThuNRhsULqjjgvrAwN2HCweUegDx0WpR3PuOh/D4e/4eXrm1hvUexdb6HRDnPvj+EK4TfJW1Q0k4xz4IISAgoJSCguL69Hk82H915C/h5PrtWfidY3C2b08sfwq9d6wOnEijBdpsA4PeuLty6GQfAFtZWVkdIbkXvxPk5DuB5RfDIAwACcO/2ErQxE5gkOCboBGrAyj+G1WsSriX+br4tEhcQqW6IjfVHAn+Kv7NIHZ88RXp4M6L6rIlxVEH+QSJq2smmKmrjcyVXUaXU10RrL4inU14Zl3mCNIdYOLxp8RdVnVHAG+eoGR25+rR8cVXpEv9J/6kOFGyw3ISbNn0yqab+5O0+bg/IMN/pCuCFXfEZPCGHZc5IBlvFKXNm0SpyhtN/giOk/mPfEsDU47/6PKGr+vyRsofRd6o8kdmuSPCG6n/5L/hY70FUhY3xBv2grAbyPCXKngj4Y+wVI13ZDrg8Y6UN6r8MRTvpN7OqvwxsAOPTThfT5TSN8RB4I/AbwzFO3LusMPGwB8gwx1l/FHkTaxjUv7oDEjGH1Up8oav5/In/LfoNyzJ/KV8vKPAH4Xpiuoy/ggum+QNjPMmUS/Mmxz/yXFLGW+ieqbZJjG/4nnDOpwzHxLJ4h1l/owt3mFVCW9U+ZPzea8T7/jz57gDggus9IbY73bhECd2DvOP4P8OHFD4AA2+XNkbDEFAsb+zixPHF7GzvYdGs4kbb9yASwgW52YxNzuLBx5+AN/+yAM4PtWBv/EW5hs+uo0hOg2CToei1diHQ13QAdBodeE0CCgBKCiG1AOlPkCHICDw4m5FgFaTwPcIHn34ASwuPIPN5W0s31mB03BBKQUogv6zqYyfH46w15rF6g7FYtOJvRIeP70AbC9POH9gdQRE2tOg9gGwcdkHwFZWVlZHSW4bzrnHMFx+EdGO3FiCI1upx+/g9YEgYUqsCEb0u71UEJzx6ZL0AP6+jw+QcKey8JysUlmUa1e2Q2LUQPBnjRXJeSUFUjtACQvm2ZyOkt5YVVDyETKJ+pysx8oiKzYL7cBjPRt5BI1Xaaz7eQG/MftL2lNun6bqSX8f2Zmvi+2vuENC6n/xOU53XzicxHj5N7HEf8rswFTxvzz/4fjDm0VLKvYWnVOoQf4EGW9ir0PB/oV5I+FPnv9Ix5/NG8jsrWT/DP7k+Ev2DgXk2/+w8yaPP8qfdwr8yRw/icYUOyOyM6rijdD/ZLyR80dJpewvKTUaF/JGEO8Us39F/AnHGdvAIxl/RfzR2QElqCfjnRF/6re/pD0N/oRukqxn8YYvjfIH3PWz+ZM/fkX+6PBGmT/s8py/lOWN1vhFExb7W+n25byJXofheIcvVXjDDzSHN3xdmz+FeCOPd1L+k+AP9O1tzP5l2y8Q70Bk96p5ExuUgC+peiRmZ3auAf6UjndGwzlo8Q6dPcW1FxhwGR0Q4kQPewkCmxICsK9NBhwQ4gMEcIkDOvThDfrYWlvHhYsX4HtD+L6HVrOF0ycXMTs9g+5UB/ecOYZ7L5xEiw7h+S20hrvoNimm2y6abYJWk6JJHAwGLuA10Wi0MaQAXAIfPjxK4VCg6bqgngtQHy4lgDcE8Ydo0R6Od1s4eXwB11d3ce2NN+B5NPia6rDvJAQsCR9wU+b/4ciWyQwWsZsyhN9egGuaP7H5H0u+ZXUw1ZoCYL8G2rTsA2ArKyurIyb3zLvgffX/A9vJGySjAFuZF186SQDBTmAW1vE7JBKnJhLrVL4DQbpMRhW+Hr927IxkXZRQpRKsjAyEW2os/Y288Hj5CnV2Gl8f9VxYEnEJvs6dFyk1LJKuC68gaTinQ2ylZ1QPV4ayduUrRlm3+B0SimVsmPGRxM0rNXfyjGQ9YaC0P6S2XPEl5/CqOxTSK9bZdLPXhdZKl6LuciPOqksdMvcKYSkyWEaPU/6jvEJd4j8KvCnEH6EU+ZPbg5g/FOYNX7LL5PiP6tudOy+q5w6rHt7k78iT8YbfIZHPG97fZLyRLYJKzEUVvFHgTy5vVPkj6a4yf3KBVoA3GfxR5k2KPzLe8Du0NPkj440qf4TxDlcW4U3OjnD1eOdg86f4b5BjVE90qz7+RKVU5flT/Dc52TSPlz/yC0cdzD4hx3DFf4Oc8w/I+L0tRJ8AACAASURBVJPBHQl/4iPJ4k96wgRXqIo/Mt7w/qPLG77U5E1Kyrzh6zn8kfmLCn+Q4S8p/mjyhhuJNm9U8y3VeFk33on8jk33uHlDxHXZFQzFO/znm3q8M4m84eoCP6HNDmh3Ke1nhGK5uRhem4Tz4iDwifChMCiCxQEOQB34no+O28TKxjam2m30+n3MHzuGzsw8bq9u4MTSIs4sLsEZ9kD3d7C7cRfT810MhkO4zSYoAfqUwPMdYNiC4zVBSAvEawCDFprNBkAAj3ggTnCHznEdNIahB/sIf5l4CIoBphsE8zNtLMzNwKEUQPAAmPJP7KNZJIl5XumcAIZvpAxBp+ZAW9NwBnsj/zlQ93esDotIq2NNW4HsA2ArKyurIyZy6p3BByql8KN4mCR+E5iPsGQrS1Ovc0v7+BWDiZ3EscyBJjIJpFbAh92N5UiSFcB0dDCrB2XBHQjf8cdwP/C4fDJ3r4Fe+Tjof/x38FknAZAf/Fu43/Yg6PPz8D4TTgk+CvdnfxkEn4f/ax+Er5DnOh9+A85lgD51Ed7fKBiXj/vFecDob4UDaGZ3rq6zQ0tlBbyS/7Gus3aZGUb19NhkOxBir4PzF5VSZ4dCzEEL/wZeeliS8UqONZ1AKbfP7M7aL2Z/rR2hAn+T8WY094m7EomBKvFHlzea/hbxhvJ1gf8o8EZbZXmj2X6aN+Hfi/KmEH/yeTN6L8f8JzFeGX9GE1iIN1n8Efhb7jdM5BmlZvuXbT/Fm+jjqiB/dHZIRH4W440Gf5R4o2l/c/zBweSP4uXl8U54XE3xjip/RGOrJd5R9r9s3tTGn7LKaj+DN6N4hx1uKN6JlyXjHSFv+Dpl7iSwfwW8Se24rJs3vHT9Tbl9CW/4Os+fSuKdUZnyF13eCPhTzP5lP++y+SNVWd7U9nkn4U2KP9XGOzr3d/iByngTVCX8Edjfn1kCbbTAnYD9oYetqeNhGwQAASFuUCdBm8Sh4cICB4CLZrMBvz/AoDfAseMLWN/aRnuqg+78LM6eO4O9/R6mGg1s37mLbruLve0duMeOwel0MUQfzZkFUABrO/toUg+zGGBmxoc7HMDb76OJYCEMabiAA/hDH4P+EG0f8MMHu8Qh8H2A+EM0iI8GKDoNB0vH5rG/u4Pu7CwIIWC/9TsaX+gZbAEApdjqHMf+xuvouA7iok4TtDkN2t8d+VOMN4Xv72jyB3xdI96xOiwigP0dYOOyD4CtrKysjpjcU4/AmTsHf/NGEFYRRL/5y2IuwuoAgNEOvCB3COuUBKv2BEv5aHRWcH68jFamSndgIFmPicYP4xIqYT3Vevry4jJckc4OXn0K9OZGrCcdYOkBkBMPgjzyayALp0E/+c/jmWU0c6Odn+zUx0G+7zLIk1eTHefLxV8FuTgPYAMg8RXybDJGCZUooeTTq1Q9bbbcfDVRSne8jMrRLAjqOSvgc8tUh3l/kSWX4uZkOwCkpchs0evM7nw9vQMvbweE1ALxOxmZOy6YuHrUvni6cv1H0LyW/0h3vEj8JeaozN9SDpy0ULLU5o1kQnJ4w5+txhu+OwL/CSeaLxGvZ/mP0haGDP9J8UaTPzLeqPIn5W+a/IlNdCH+iHijwx8Zb1T5o2K+6HiB//A7O3X5I3zDi/jDlMcbTf4oNJ/NG74cF3+QXR9NWLJWabzDd2ec/GHK409ytmRny+2f4y98KeUNO64gf+QWS5YHMt5R4I/EX5T4I7QUUx5/kuMfH28k/pPBm6ieZbGS8c5k8Ia1K+GPEd5I/EfEG94dY/OV8h8Zb1T5I+KNDn+MxTuyDvP+k5SUNzJ35MtMszH7Z/hP6KCJfF6DP+rxjsR/ZLzhppfJPH8kvOHrMb9hHWT+J+NP0v6SUps/SRnjT3dRcADBphcbLQnK0e/mhrt/ATiEwKMOfErh+wQOJRj6PoaDAQbeEBvb20CzDafZwN7aGm7cuIF7z5xGu9UCpQ6c1gw6Cydx+/o1vHnrJhpuE9RpwGkNsdgfYHp7GzOdbXRn+1g4vgDSG4I2CDw04aGJwZBinxC02lMYUh/NJoXveWg5LgaEghIf7VYTbsNBu9EEIeFvFodmIgSJuaZxi1OCTd9Bx03bgra6ILurRvKtzLIi/lgdHpFm2/4OsGHZB8BWVlZWR03NKWDxfmDzOtjKOh9BQkUJCXcCB5EeFSQ8NL6Ulz3spYjqYP8JCiIJ8vlkJ/FHyQ0+6YWyypxTRQkXGxCloyQDW5+H9x8/nk60jv8onP/ut0EuPAHnff8c/hckK1dBE10iD/8qyJM/Cor0ilVWku/9IRC2MJOy1ZfcwKIl4PIxiusk6lvw96S9Tf0GJ4R11o+8Gy5CLxEPSMVX8qTpfyO/R+jvIruzv+uuUFfcIcGtgGedHvnb6KZIvJ4YgPQOgoL/MPeT2D+zVFghnPKfzBXAqXc0Mv0nY9xS+5fgTepSCd5I+BO9LNnxwJd5/pLjf7Id6YlOJ8atyh8ZbxCaUZE/OjsQ8vij+UA7OW5JqaOS/jcW/vC8YTdhU/wR8Iava/FHwpuJ4o+mLH/SvJHsSE90OmO8mbypgj85fqbHH0EpG2ARfxNdSyPe4duX8Yava/Enz2/KxDt8vW7eqPBHyJuRv6X4kxXf5Klu3oCLzpR4w16uN96JpiMV7yRLuXeNJ97J5M+hindUeROri3ijGe+Uz7eSJeXr0cEy/ujZv958K0cl7S8sVZqbmhe0T7FBG8H9KRIs0ydOuPuWEgDBw87gC6GD3bjUAShxQWkDAwyxs7+PoU9BPWBjfQM33rqN11+9itlWA42WA8dxsHjqHKYXT+Nrb7yJL/71V7F86zYAB5Q66A8oTp/o4uSxGdx74TwunjmJCxcWMdUhmGq24NMOtgcOrt+5g5WtbWxt7cNpt7FwfBYNr4eHLp5FD8Dyygr6/WAzRsttwQGBDwfAEED4s23x+3B09G4hhGKLtHASg5RBaHMqsrtOvtX8H59E896u2Cg7VzH87D9F/0svV8OfH/s9TL/7MvyvvBf7n5YcE+kMGt/3UTTe/Ric2S7A7rXtXIX3wn/A4A/+MPhWP1U9/uuY+uBjwJVPYO83PgUAaP3cX6Fx8iqGP/cT6AMg974f7kIbdP3r8K68pXP1oy23Oe4eHDrZB8BWVlZWR1DusXvgvfYX4W/6jlbssZ3AJKsMg+PRyj+WT+atUE6WcQXXj1UgOAg5f080wBKaRAuJMrXjQLQjKtaXaCVx/Py1P4D/jZ+G+13/FciFfwyQ345WJrMThcPpPg7ygUugn31j9DqJlcd/GeTyqdhlSN6CWbWEKiHugtzKzNzfwAO3AjS2Uli2QjTZPa6eu0Mi2fNUXXv8kukI7Zzc0inwn5GjI74zIVHn/SVeSlakj8zAjmc94OpRO7Huxrop25EqHm9GKZN0R2RQFv8NPAFvIPAX7R0SyaHnLWDPH3/swqkl+Qr8ke3A5P1B5j+c3+X/Jh5XJ+ISfF1p/JIyIRlvxB0q/hucivzJ3SGR7LkSb3T4I+PNgeFPslt5/Mkef0aZOiHUxPEnXcZ7bpY/Et5MNH+4UsYbY/zhL2CGP5nxTin+pMt4z83yR5U3fD2HP/HX80oZf6IWc/xHN94RTIGwlF5Bxh/eYBLe8H6gzBsN/kBsfi3+KKkAbxT5o88b/vOO9aBcvJOajjHFO+V5w/tZDn8Ew+F5wz0vVOBNfNzhPxMT7yjyh4tzqs+3FHgTK2XxTi5vjOVbOf4TG2ch/iTmW8afNG9oexYiw+26U1GzhJDgYTBI4EuE+cOob5QCHqHwiI/dQQ9rW1tYvrOCXn+IhYVF3Lp+A/39HZw8/zY02y0snlzE2fNnsXL3Dp7+0t/izbdW0HQ7cBsdbG/vYeX2Bu5s7KHhLuP166t44Pw8vn3nIi6dXQSZncPmxhBXry3j9Ru38OKtm7h+ewVTs/O4dO4sLpxaxPQQmF6cxt7eAIRMYabbRaPZCO3I5iIoHIf5BAA/fMkPbLjbmAGwnjIEbU0l7/Mp8icy1xtPwV8ZmQ3HH4Fz8TIaP/JxOM3/AftPv1WYP0q8ydR3ovW/fAyNs13A3wa9+Qz826vA8QfgnL0M9zv+Cdx7HkDvV38FXplmODU+8Ito3tsFvfIJ7F35lMErm9IDaPzIT6Nx7xm1w/fegv/8b6H/Vy9X262GfQBsWvYBsJWVldVR1PwFgAI+aBT8x1eCJn6rF4I6DQLk1OvcCkH+OPY1MRQAaLhDmIbJgMqKwAxRxJIw6QrhnB0IfElHF5fuUNjbD46ZfTTVLgVND+fu10DnHgV5x6+BfPZHhb8FTP7BB0Ea+6A3boOcWwiuqzIflCtzJyy7HF2G2U9cL7RDRmFFsnhFO+uXoK6zI4sbr2xHAjs4ZXeg3I6oTP/DaNU14v7D1XN2KOiMX1iqXENYZvsLIvsjNJua/c3sCI3NnWneCPijZf8sfxGVUv+T+Et8kCYSaqn9Fc+Vtq/gPwXsr70DK48/PG+yxl+INxn+A03+ZPKG9z8F/8kat8L4q/W/bN6gKG80+QPO32As3pHwJos/WvYvxh/2ecTzJ/rP2uwvOVa5fRl/Snz+1BHvKI9/FGcY5U+Wvyj4Xy5vRGNSOCw9fkmpK2n7Mv6U5E2e/ynGOxF/YhbXHbiMN4nX8+xvjDdsrjP8p27eiM7NaT/NG/b3eniTyM8zeBO9V7Pyrcz3m5w3yXq18c7IXxT8J141/nmjqJz207xBaKZ64h3+/o4s3inMH543Kf4I7N/qhpOAUWBCKHbdKTgk2KnrOA4Iwge/bAdw2GDkmU74esPFfr+H5ZVVrK1vojfwQH0H0+025s+dxXe99z3oTrXx4AP3wYOPL33h87hx9TXMzs5jcek05heW8Nat21jf3sGAEPhuB2/e2cfO+jpaDWBx8Tjm55q4c+cOrrz6Jm4vr8Ib9nDmzDlcOH8Zl0+exrmlY+h2OlhdW8PQo4Dr4MTJEwAoPM8LzO8Es0tAEveOgs98AhCAOAR7jWlguJ7wHoCAum1Qyt4FevYHAHr7Y+j9exKzOwX5+x9H5wceg/Oej8L9y1+AV5A/hd47MTV+8heCh78rT6P/O7+I4Ur81TNo/Lf/Jxozf2n04S8A+C89ieH6LHCr4gemRfXeJ9B872Ma78rLcE624P/Vz2BYYbfg2MeVpmVn1MrKyuoIisydDwJABLFU9BvAABBbCZrYIYxwhzBiKwKDExMrAeN1IPZ3Pqwg4TpFMqojfpgkConO4RIq1RW5qebCvgl/Myh2UvT3sIFo5Xn01TEvY7QSmZ0WX4nMBvAc6OunQO5/HOT9l0Ge5n8L+Gfh3HsJWP9j0JUHQc4FnUr/BnByvHkJJp9u5SwoFqzIVF0RrL4inU14Zl3mENIdYOLxp8RdVnVHQFQm/I75A1ePji++Ih3ceeD8D6mSHZaTYMumVzbd3J+kzcf9ARn+I92RoLgjJuaocd4gdlzmgBR5I5M2bxKlhDfx15HjP4w/8VJwnMx/5FsamHL8R5c3fF2XN1L+KPJGlT8yyx0R3kj9J/8NH+stkLK4Id6wF4TdQIa/VMEbCX+EZYo3mvypI96JjlfkjYA/2rxR5Y+heCf1dlblj4EdeGzC+XqilL4hDgJ/BH5jKN6Rc4cdNgb+ABnuKOOPIm9iHZPyR2dAMv6oSpE3fD2XP+G/uTvGNXlTPt5R4I/CdEV1GX8El03yBsZ5k6gX5k2O/+S4pYw3UT3TbJOYX/G8YR3OmQ+JZPGOMn/GFu+wqoQ3qvzJ+bxXjXfQ6iRPCN+E+42p4L8JQbDjd3QeJYgmm1ACdivIAUCGFA04cOGi251Hb20DM91ZLMx10Z2awkMPPYCZqTaarouvfeUZPPfXf43B7i72SAN7M7s4dbqJdz7yMOaOTePvvvo17O/1gSHF6l4Py+sDzCydx9LFc1jZ8LE7uIK+78LzCaa781g4tohLp8/h4qklDLGH/Z19zM7NgnpNXL58GQDgOA4oCZzFISOGxGdqtAAH2G9MB98WzdvPbYMQos2fUTNp3tCnvwz/ux+De+wSXELCB6xF+YOCegKNhxYBvAXvM/zDXwB4C8P/8JOVPND0/vJfGn+obFR/9WX4H3gM7oz6KfTWlysfE3Hd4ua2Eso+ALaysrI6giLdU4ivufVpcicwixqjnb1hPbVCL7EiOJaUFPm01rzBF+uIvNRpPNEev0KZjW3UQHDYRZB7vy34y50/Rt5K+Oivn/006D0fBXnHLwFP/1RwHEWQlP7Ih0Fa+6B/80vw5/59+NMkkh0S0vHzE0aiviTrsbLIivFCO/Bi/hOvx+af1m5/SXvK7dNUXeYHfD0qQ/tr7ZCQroiPz3G6+8LhJMbLZ40S/ymzA1PF//L8h+MPbxYtqdhbdE6hBvkTmN1Z+7IdEjn2z/OXPH/L3YGOZF06/mzeQGZvJftn8CfHX7J3KCDf/oedN3n8kfKGv74CfzLHT6Ixxc6I7IyqeCP0Pxlv5PxRUin7S0qNxoW8SfGnqP0r4k84zujzrW7+6OyAEtST8c6IP/XbX9KeBn9CN0nWs3jDl0b5A+762fzJH78if3R4o8wfdnnOX8ryRmv8ogmL/a10+3LeRK/DcLzDlyq84Qeawxu+rs2fQryRxzsp/0nwB/r2Nmb/su0XiHcgsnvVvIkNSsCXVD0SszM71wB/Ssc7o+EcqHin0Q5OSLRHMXA7yeMIQfCoMnggHHxrMvtFXYImceA7LgCCk/PHsDwzg/7mDtY3NnH69Cl03AbOnD2NM2fPwB/08forr+DZv/1b7KyvY+i72F5dx8rmLr7+rVdw/sI5/KN/+P1YW9vArRu3sbW6ATSAnX4fUzMLmJqdx4mzZ/Du93wHvvbci7hz/Squ3l2G7zbQ3uthb+suzp9bxPx8F0tLx9GmU5ieng767TigoPAJhUMcAH78jYJoqQMBKCUYNqaEBqJuI2KiLn+S1+N4k3j5DBrfy/0Or78N+vpn0P+NT8CjAPDjaP/TJ+BOjX5LF+zv/4z7u4q+7xE4DoCVr6P/DcVzlj6E1k98BO7ZxWDDh98HXXkGwz/9WQxUrwEIfqM4HAOeweDJVbgf+F444cNXuvw0hr/7ixhED6jPoPHBX0Dz3Y+BTIV9uPYZDO4+htZjl4OvlQ5/exhvfwLtH/kg3PlwTofboG8+icGn/6XggXdcn0Lvt1to/9RPKz0Epld+C73f+JSRj4NMRbtsrEzJPgC2srKyOoJyuifAorEoJgtX6vEr99IrhlmYSKIKu1/BEnp+4WzyvGS8T8F2ICN5vVg92VGMGopfWZRQpRKsjAyEW2qc+A2Yxmk4j/5o4njSeRDkkQ+DnJkHdj8P+uS1YK4S0RCbQ8T+ToC7/zvo6z8Gcv8H4byPwP8Cm/Yn4Nx3CVj/DOjTb4B8MHad+Pi56YgmMjEskq4LrzCyt1IZBfVsxSdLEsM+hu3KV4yO/EfY3bwyNsz4SOLmlZo7eUayzq0Qlu8YkJRxh9fYoZBesc6mm70utFa6FHWXG3FWPX3BvDO4E0QGy+hxyn+UV6hL/EfAnQxrpf1Hxh+hFPmT24OYPwj5k+EvcT9LlOwyOf6j+nbnzovqucOqhzf5O/JkvOF3SOTzhvc3GW/Sq+55VcQbBf7k8kaVP5LuKvMnF2gFeJPBH2XepPgj4w2/Q0uTPzLeqPJHGO9wZRHe5OwIT/OHnXa4+FP8N8gxqie6VR9/olKq8vwp/pucbJrHyx/5haMOZp+QYzjZb3Lm84fzD8j4k8EdCX/iI9HKt0RXqIo/Mt7w/qPLG77U5E1Kyrzh6zn8kfmLCn+Q4S8p/mjyhhuJNm9U8y3VeFk33on8jk33uHlDxHXZFQzFO/znm3q8M4m84ep8D4gDSlyIDDYkHYCyB0s+CAl8JNj96wfdcRx4lMClgOe48L0Bph3g7MIpDC4/gBdeew29/hB727s4dnoRM7MzaLcbWNlcw+2VO9jY3MW5s/dgebsHb68P0m6j6QDzSyfw/T/8Q+g0fbz6/Ndw7ep1vPatK/D3PGytbWLvzALmzs5hem0W11aWsUYb+Oa3XsHZ85ew1Qaee+F5kO6jOHPiXkzNTaPVPA74TRCHghACz6cglII4FA4h4B+gEQS/Z0wIge+2xIZw3NBVkrzJu78TbyXFm/sfgDMFYGcVPgHI/T+N5ve8H2RvFf7rz4ButEDufwzOvT+O1k+vYu/ffSrpGsyszNwyd8mQe3IxGM/Gy2qnLP042k88AXcGoGsvwHttFTj3TrinvxPND/8eyO/+BPplv9HZeQTNHwLozS9j+BLgPPAYnJPvR/PDT2D4rz4BCsD9sV9D692XAX8b/pVn4A8W4V76EFpn+UffH0Hnv/9xOO0+6PUvw7sNOG97BM49H0Lzgy9g+LtPZffl+ifR+/RZdD78g9nfvLz8J+j/xifhlxy6klJstCor+wB4QuSDYugPMfA9DHwPQ38Ij/pg6wcJCFzHxZTbQttpouG4Y+6xlZXVQRbphL8rGwXwBPBp+CQWUUJFo8A7iLBomEjxK0uj1zN26KR+CziWOSR3HrPTWeiYFg2D/9Grkh0JNByOaMU4DZK+zJJd79wTcM5JJnP9Kfh/+KNBIEQZs0e9ogAXnAZ/pU99GuSej4K849eBL3w0aO8f/hhIZx/0K/8bfEpH51GaDHhlojklf6xyAs+L2ZGr6+zQUlkBn1OOkl3E2mVmGNXTY5PtQIi9Ds5fVEqdHQoxBy38G3jpYUnGKzm2sP3Lts/sztovZn+tHaECf5PxZjT3ssRDsgOB548ubzT9LeIN5esC/xHZu6z9y/JGs/00b8K/F+VNIf7k82b0Xo75T2K8Mv6MJrAQb7L4I/C3EX/ifdbgT832L9t+ijfRx1VB/ujs0Ir8LMYbDf4o8UbT/ub4g4PJH8XLy+Od8Lia4h1V/ojGVku8o+x/2bypjT9lldV+Bm9G8Q473FC8Ey9LxjtC3vB1ytxJYP8KeJPacVk3b3jp+pty+xLe8HWeP5XEO6My5S+6vBHwp5j9y37eZfNHqrK8qe3zTsKbFH+qjXeK3t/J4k1QlfCHtz98hL9TBu6E4IE3AdjSAEpp9Jwp+qkznz0G9wFvgAbxQfr7+Is//RNcee1buPed78Spbhe9rW24Z06g3ZkCaTRBQdFuOHj3u96BY905vPTqa7h+6w7OXryEs+fP4vSZE7j72tfxrntO4/75Np6dncZgfRXeYAfLb72F+++7ADQbuHDpMj7ykx/GS8vLeOXaVTxw3/24dHIR+7dvY2FxBu1OByDBrt92pwOK4HkCJQju6bE5E0wzu5NH2fzw/kMcsN8A5nmTfX8nPKP1AbjfHnP4+W9H4z1/P7jStacwpBR4+bcw+PSX4H3lsyOLL/0TdH7uQ3DOfica9FMYxrkX8S5W4f4zT87MrPrBANzv/VCwG/baJ7H/id+KmnI//AdoP3oZje/5CPovf1Lrmim1W6DP/Cz2fv/LQX3pF9D5+R+Es/gIGgAG+Aiaj14GsArvD34Iva+E5y39ONo/8wQST4QefwykDeD6H2Lv33wi+jN514fg7uQ8/GX6xq+g9+QZdH5A8nvAO89g8Lu/UuPXWcs4YVVU9gHwmORTH0PqoecN0PMH2PP62B7sYXe4j71hH3teDwN/CI8Gby+HuJhpdHDP7GkstefQcKZyWrCysrLKUHsOFCTaeUuARHIQ1Ee/+QsA0cpRdp7mitRUGVv5HDRLuMOyP/QJ+yeMG/kFxIkFxqIy3Y1YGa5IZwevPgV6cyPZgZUnQW98BfTq1XDOEpll2FZ85ycSf8faL4W7gH8Yznf8DPy/+TCchx8Ftp8Kdv8SAOxrikh8hXyoWEIlSij5VlN1mdmgWEp3vIzK2GjT9ZwV8LllqsO8v+T4j8Qd+bOlJed3SX9jdufr6R14eTsgpBaI38nI3HHBxNWj9sXTles/gua1/Ee640XiLzFHZf5WlDfJEsn6aILEE5LDG/5sNd7w3RH4TzjRfIl4Pct/lLYwZPhPijea/JHxRpU/KX/T5E9sogvxR8QbHf7IeKPKHxXzRccL/Iff2anLH+EbXsQfpjzeaPJHofls3vDluPiD7PpowpI1Rf5IeyFx98njD1Mef5KzJTtbbv8cf+FLKW/YcQX5I7dYsjyQ8Y4CfyT+osQfoaWY8viTHP/4eCPxnwzeRPUsi5WMdyaDN6xdCX+M8EbiPyLe8O4Ym6+U//z/7L1ZkCTJeZj5eUTkVXd3VVffN7rnwByYGQEgTlKCOCAlUtKKtLWV0Xall6VesHpZ7otsbY182RdJD2uCyaRdk+3KZBRWkIEridJSACESApcEQMwBYAZz9Ez39N1d3XVXVl4R4b4PcWRcHkdWdvWB/Memvf7MiHD//f/jy9/T3TN0vCnLnyzeVOHP2PIdXYOT8RMXLW904Zgsc90W+D8nfvwAjY3nK/CnfL6jiR8dbxLdG8j4+aPhTVKPxE3QwCD+dPyJ+19TVuZPXMbFn+EJ0QO8+Ame/WsIAyEESuA/csvb9Yvf164Aw1QY0qG3vcbty5f49PPP8vlX/zINy+CDKx9x69Ztjp0+Qd92mJqa4tChg8woG0tKfvVLP8fde/e5fv0mB80Ore46g7sD5hsW/e4WM6bk6OFF1tbu8NHlS7zy8otY01M0G00OH1/CbQnOnzzCwQOLTLeaNM6dwBKS7V4fhaLf72PVLKQAZQjPPuH9gDVSP00nBCBlpNci4vdP9fGWf+0Xfpv6C8mLDlCXv8bg//oPfuV3cF67M/TJ+Z/HnB9AHzD8Q6KcqcAfncjdHWCm9PHm8aNAG/ft4eQvgPsHb6FeOIpYfgWLf7HHZwZfxQ0mfwFWr6K6QGvG65pgUnf1dQY/jJy2+jXcG38H82LEnncuoX75FcSRV2n++g72m9/CvXwH9eY3KrVRfefvMVj+XRqfPBN/w7mK8/W/lq65qAAAIABJREFUF/lp6v0QVXzIRCrJZAL4IUnXHbDa3+Kjnbtcad/hWnuFld4G23bHmwR2B/4EsLe53hQGx6eW+O/O/SLNg+eYtiYTwBOZyERGF+E/FyVYsSkR3uJIgb8T2Mv0pD/QUokBd7giONiBIPEGVJEdCcmJz3AFsE6yRjIlDg+VrLLs+dH2KQhXKAfX2fku7r/7x/oBV2ol8rAWT1eJJvl68CzgF/4BzH0aMdND/eC3UHj1G7MLYeNSqx6DRufYm3x5qAd+DF73/D3uZ3Cm4sXvGRX+G/FA1gRT1sAky6Bx5IejxF+k/my/B69XXaFecodEIu6CRg/jbfilSFSPGaD9BqFE/AThp/F/bllih4KWN8G9ENuBkLqjyY2fHLu1/tdxZoT4i/NGw5/wbc2Oh7wdEEVlRrzpdqTHGh2zuyx/dLzBd2NJ/lTZgVDEn4oT2nG7NWUV2WP8PRT+JHkTfAmb4k8Gb5J6Jf5oePNI8aeiTPiT5o1mR3qs0Tn25vLmQfCnIM6q8Sej1Bk4SrxlXatCvpOsX8ebpF6JP0Vxs5d8J6nvN2/K8CeTN8N4S/EnL78pkv3mDYnsrBRvgrf3N98JuyOV78RLfXQ9nHwnlz9PVL5TljcRPYs3FfOdvY+34qVK6uHBOv5U8//+jrcKZI/+zyxLVCekjTLrifoUlrKRookQAkTEEkHGGgkDKV0sBNOtFrNT07z8iZdo72xhGHD+/Dnu7Wxy48ZN2tvbWEgWD8yz09nGGAxo1g2evXiOi2dPoVBI6SCEhey02d3eptvt4SqFLSW2PaCz02ZpbhbHEMzPzdCaarKz0wXToFYzqTUsDNf2JrClotVsYloWWCauMJBSogRIwDDiP82slMLb2atQKCwZ/IRwwiHSCf1ebbzlX+36t3DDScIB6vpryOt/iHsjqEbB0pep/fpvYp0+ikjOSHUz/LwX/vji3lsDjiLmL5ZIe56Dmv9n8reOVweexcaePoU96a7lt6Pe8OqQg9RxztYq9eiE9upX6f/7RRpffhXj079J49O/CU4b+eHv4/y7rxY8Azgu7td/C3v6n1F7dtGvbA33m79V/tnJ4xK1B4dPJFMmE8D7LK6S7Do9Xl+7xA/uv8vV3RVWuhus93fYcTr0XRtXSZpmnYFr03X7uEpyoD7L8dYSc/VpWmbjYZsxkYlM5HEXs473rR8MVwiT2BE8fGaMlygJb144THdEIu2LrxAktUJ5qCQTLxGpN3L5QvGbH1EiL6pUDbEyteMga0dUpC3hSuLE+WHpGy4S9abNEcPzwmcB/9eYs/Pe7t8/vB725fCUhK7tjESZK4kLJkY9hc/AI7ECNLJSWLdCNN68hF64QyLe8pRe2X5NdwRBKAriJ/wCJeL3pJ4XL5oV6UM3BMcHLUjoYT2R5kaaqduRmm1vTqkT7Y5Irxz9GXiJUhc/lXdIxE0vWsBebH/kwqkl+SX4o9uBmYyHMryJlcFlCuJHZJck9VL2a8qY6HiT3aDRn8FZkj+FOyTiLS/Fmyr80fHmseFPvFlF/Mm3P6dMneDLI8efdBlt+Xj5o+HNI82fRKnjzdj4k7zAePiTm+/siT/pMtry8fKnLG+SegF/ou8XlTr+hDUWxE/VfCejCzJL7RV0/Ek6TMObZByU5k0F/pDt/kr8KSUj8KYkf6rzJvl5F7Rgb/lOqjseUr6zd94k46yAPxnmJHmTmC8swZuo3f4/j0y+U5I/iTznwY+3SvAmUurynULejG28VRA/ETtH4k+sv3X8yeCNMwCzkXJcQ/bpiZYXOwiC77mEACG8SfHABkOZYAhcadOot1g8cpx+3+GDy5e58v4HHFha5MTxY7hInG6PxnQDzDpCmNi2Ta/TYbpeZ26qCULR7cPAVkhngNsfYPf6bK6vc2jpEOcunAf61EyJ60jkwGSq1WJm9iBSCBQuyrWx+x2k7YAruXj+Y1iGSd9xEJaJN6ktvOOVwJARbwjl95ECpai53UxHCOl43VqRP6G77v0O9tfTmBz6X2D91a9QO78I3au471wCBxSzmM99Jjw2FhpVeKOTb76F/IXnMJaep/4s9HMnM98G2//TSLy1VPfaJUdvSmkZ9D2zjXrKdGt+KXW4+t7v0Pve78CJz2Bd/AzmS1/GfPpvUW/s4PyTKj9XfQf7//y78N//M2rnwP3m36X/nTt7NGYEUfvypOGfKZlMAO+juErStrt82L7Nf77zJv/hxvdYG2xjSxdDCBpGjZphUTdqNM06rpRIpZBKcai5wDMLpzgxtcRsbbL7dyITmcjeJXiOrrdM0Eugpf8FniRY0xfPuMrtcIisWM84L0xgIiuQlYjrVRK82Glq+GKYcHov+HrBDoRkGV4vGG+U3KEQqTVlzvRpBArpNzh8FvCUt/tXRgY2YfvVcDVwfmckyqJj0+PsWDm8TOC/bH2kHTIlViTrVpiqmAERvcqOrIS9uh0JwcG5/h5lh0Ju/DFcdU00fhJ6wQ6FKvZnlmWukVnmxwuh//HdVs7/49kRmubPKAPKTN5k8KeS/4v4Ujr+NPESNXIUf2d1Ql5ZdK62/hLxM4L/K+/AKuJPkjd59o/Em5z4oSJ/cnmTjL8S8ZNndwn7H2z85fOGUXlTkT8k4m0c+U5gaGX+VPL/aPwJPo+S/An/3Df/a44tXb+OP3v4/NmPfKe0/cM8Y6z8yYuXEvFXyJssm0oclrZfU1YVbf06/uyRN0XxVzLfCfkT8XhVw3W8ib1f5P+x8Sbo65z42W/eZJ1bUH+aN8Hr+8MbFY2XHN6E92reeCv3ftPzJq4/2HxnGC8l4ieqjv3zpqQU1J/mDb6b9ifficVPTr4zMn+SvEnxJ+1/Bl1ozIRxF5RNt0fPb4E3Xyq8n0wG73swQ3jfgynvOzHDn1DFrHH4xCnau13ef+cdVm7dZOXuXb7yi69y6uxJWo0aQkps26Zv29gDm0F/nZlGDVPZWPWat7sWQaPZYnp6ipXbd2i32/zyX/srnDpznFrdQroDBDUQAqVgMOgjDQOBREgb6Uqk47I4v8DZ06cxhaBumjgIz04hvDDAsy3Zj563BE2nk+hcP36cPsEzgKv6f+iTfP6IlrehTb79G/S/7sfDs/8rrZeJ7AD+DnL3KxitJcQXgO96r4tf+AyjPQ3zq9jv/AKNF45i/vo/pPZPfivxc8ZHsX71tzGn/3f6//fruLfuYC0fxXzuNxHfiTwD+Jef96y99/oef/65hHz3ddSrryCWXqH+SWLPADZPJn/O+lewPncJ508vwc3v4dz8Hs4fNWj+g1/BWDiTvHIJuYP9f/y1cB78YYhy9+9pwz8rMpkA3kfZsTtc2r7J169+lz9ffY+1wTaOlAigadY5O3OEY61FWmaDK+277NgdXCVpWXVeOHiWLx19ifn6NKLqB+ZEJjKRiWRJZAWwnyV6dBF+Wp6xIjR2XmQFarACMKXjXzBShl88ZayIVpGXC1EXGUiFQ4nIAEu3IjdSXaQMVgAn9MhJ4et+Bfkr0YPToiuR460JV8Bv/M+oP12AuauoP7w+TNajBojI8Rn2lxlgJodbBQuKM1aEl10RXH5Femhbnp7yXNIAdA3Ol8Rly+4ICMtonIX+T+jh8aOvSCdxHon4I1UGhxUMsHXdq+vuxEva6qPxQE78aHcklNwRk8ObGK90BqX4o++qLCm7AyC71PAm+j4F8ZPJnfRxuvjRb2kIpCB+qvImqVfljZY/JXlTlj86z/2M8EYbP8U3fKS1kPL4mHgTvJHZDHLi5UHwRsOfzDIj38mzPyWa23es+U54fEneZPCnMm/K8mdM+U7qdi7LnzHswAs6PKnHSu0N8TjwJyNuxpTv6LkTHPYQ+AM54ajjT0neRBqm5U8Vg3T8KSsleZPUC/nj/1u4Y7wib/ae75TgT4nuCnUdfzIuG+cNY+dNTB+ZNwXxUxCWOt6Eeq7bHsXxVZI3QYML+kMjunynNH8eWr4TqBrelOVPwed96XzH7ngsTew4n3I7bPpeD/oyYBP4myD8PhIG/n0jwLI4fu4sd69eRkmHuiVQloWJ4tDCAp1eB3vQp9fdZau9w87GBjO1Gu12G9w6LaYBgWVCbWqaqYVlNjoDPvXFL7Fw+CRdW+IqA1wTKRW26GJRp2YZuCiUcrGdPq50UK7DJ19+mZnZGWwBwlVYpoESCld4nyCGIt5ZSgHSs9WAqdQOYF9z+mQ/AzifP8MLFPPHuX2b2vmLGC/9e5qzr6NqFzFOHkMEGz4FoO7g3ryDtXQU8y//Lo1jl1DTZzA/drHoFtKK+y//EfZXfpva6c9Q+5++iXX7feTKGiycwThyETENrP4KBq/jfusbuBe/gnn6b9P8+68gr6zB8ecwjyx6z8P9dpUdtaPKv8D+yas0PnkG89e/SfOV15H2Iubp5xDGAKiHR4q/8WvUP3eR+l+8irxzCbk7i3HxFe/XHdcv7UNbH4DIBz7F/jMnkwngfZSbnVX+fPV93lz/gFudVRSw1Jzn9PQyR6cWcZWk4/S437nHan+LjtOnYdZ4ev4ULxw4x/nZYzTNemE9E5nIRCZSTvxn/+KvBYyszEOI7GcBh8med36YBPr5pfcs4IhO4Tgn2pyCEY3mnOS5aI4tqjxWX3KFcjBIGFbgHaZbiUz8OFSiSYnX/+QryKzxZvR4NTQsNDVpb1gmO0yEdcb1SDnKivGRduAN44eoHul/NYr/s8oqsqf4UyldFwdJPSwV7PWZeMU7QMnU0/ZHbuLIGan42csOzDLxVxQ/sR0JabdUkjL+zjpnpAqTJ6jwvs/mT0n/F8VLUbwV7kAnrmvtz+cNOn+X8n8OfwriJX+HAsX+f9J5U8QfLW+S1y/Bn1z7RWhT5IzQzzwo3mTGn443ev6Ukj35X1NWqDyTNyn+jOr/B8Qf387w822/+VNlB1SGHs93hvzZf/9r6qvAHz9M4noeb5LlWPlD4vr5/Cm2vyR/qvCmNH+CyyfiZa+8qWR/VodFXttz/XrehO8z5nwnWZbhTdLQAt4k9cr8GYk3+nwnFT8x/lDd32Pz/17rHyHfIcvvD5o3EaMy+JLSQwn8HJw7Bv7sOd8ZmvM45Tuit+2dEKtPMS27w2NEEEvhH5gKTOVN+kpl4CqJsGrYjs2hU6e49uE7WHUL1xlgGDXefeunzDSbHD99HNd2EBhst3u0dwcYLYedzi6mAfVGC6vRZMqqIWstXr/0JmsDhbi3xXu/9584d+IAF04e4tzx48wfWGBqfhpDWNRUi1qjgXQFUoJr9xDC5dTZ09ztuLimhTJMb8JfCEwEhgo8Gsyo+h0nvN8tFkIx7ez6NscdIuxuyMSq/BnWlc2bMIx//+8zmPqH1F48g/H0q96zan/wDeTLfwsz0lz3d/8R9uz/iHX2DOYrZ6C/hvzh15Cf+FuYI+0C/h72V/8O6sv/A9YnX8E49grmCf+t3TvI17+B/e2veb22+jX6Xx1Q/42/jXnsOcxX8J7Fe+97OP/xt7D3aU7V/fpvMXB+m9onnsM4//MYcoD66GsMNj9D3e8TAPX/fQ178W9jfewMxtNnvF+udtrI976B/c+/tj+NHbc4D3P/8ZMpkwngfRKlFDd374eTv1JJlpsLXJw7wfMLZzncOsiPNy7z4fYtLu/cRiqJIQyWmwd4ZfECz8yfZrExR2J9zUQmMpGJ7EFEmPR6+ZjwkgXNytHwdQifBSzCKzEc0BMZ3/gnJMc7idFbWB9+aUR0kuXwjLReOMDKGYEklhoLEb1+YFskQU6WvsHx04K+I/v1qHkiuwyPT+A/9WmQMkuk9cwraCou2KEy9H8wSPTb6NerXzEaNCu5Q6JkGTEzaknUvVp3x8+I64kVwvodA5oy+k1ShR0K6RXrQXcH72d6K11mNTdhcZ6uDcjCK0Ru3KTDclqcip/SK9Q18RPv/vjtrymjlkSbm3m7pGxPXKEqb5LxkMmfMrxJlsFlCuKn7O2eOC/UC83aH94U78jT8Sb5OVfMm2S86XiT+j4vJQ+INyX4U8ibsvzRNLc0fwqBNgJvcvhTmjcp/uh4k9yhVZE/Ot6U5U8Wb5LlKLwp2BGeme8EvHmC+DP6M8gZ6rFm7R9/wlIre+fP6M/kDLr54fJHf+GwgfknFDhO90zOYv4k4gMdf3K4o+FP1JI8/qQ7LOMKD4o/Ot4k46cqb5JlRd6kpDRvknoBf3TxUoY/5MRLij8VeZOwpDJvyo63yubLVfOdMO6C7n7YvBHZuu4KY8p3kp9v5fOdR5E3CT0rTrpbZDlsjsGwa/1+EcLrBwMQSmAG3SUEwrCwcXEMg8bMNKfOnqPf3mB3cxOrPsWHP32HE4cPceFjZ5HKZtt2sF1o9xxqArrdAVPNBrbrYCJQzSlurm3zr/7Tt1nrCC5tfIjd73Hrbou331Y8dfIE01MNXv2lv8T5xcPY/T6GYeC6DoYQCCRKKQauC1YDRyksy8R2JYYpAN8OBFJE+jH0rbfAYFYNhvdg5BjhdP1QifOm6Psd+599GScrfjLD9g7Ov/4N3H+d8Nq/+6rvk6BF38P+p7+O7R8Quvv/+Wr8xK//Bp2vU1Lu4Hzz7+N8s8Shq99g8L99I/+Y7/49ut+NvzT4B5+LRFlW+75G/3/JmpTNeH0J3N/7uzi/F33xKLWv/BowQN3+lt/Wb2H/82891J9sHru4T5Q1j4RMJoD3QZRSDKTD+mCHu90NAM7PHuWVxYt8cukpduwu725d5421D7jbXUcqiQKmrCbHphZ56cDHODG1FElLJjKRiUxk76Kk8mdaCTOq4QJTb2AtlfLeSiTWyZV/4esqrQuyVwxGB3CxnceK1Ar4jNYTf1d5jzIO1cRK3awV48ob9OWW3/9VnO9HhxPx6wSDlFD3v/UXv/8pnN+PNRf4x7j/8B/HXysY56p/eSpcu1lKVEGZPLb0AD4pgR8TepUdWmVWwBeUwwENkXoDNwz1tG26HQiR90n7u/KO3LzjIwE68jPw0mZp7NUcO7L/91p/nDeM6P9KO0Iz4k3Hm2Hfl+dP4E5PHZE3FeMt5I1K6hnxU4I3lWWvvKlYf5o3/uuj8mYk/hTzZngvR+InZq+OP8MOHIk3efzJiLchf6JtrsCfffb/XutP8SaS74zEnyo7tMI4i/CmAn9K8aai/8fHHx5P/pS8vD7f8Y/bp3ynLH+ybNuXfKd0/OXzZt/4s1fJqz+HN8N8Jzh8TPlOtNxjvpPJm6SugnDK8P8D4E1qx+V+8yYpVeOtdP0a3iT1JH8eSL4zLFPxUpU3GfwZzf97/bzL549W9sqbffu80/AmxZ8Hm++M8/udgDeequFPlv931z2j4ycwYwx9P6zH/0sIhGGAP6kZfBem/J+4c1CceuppLn/wLs889wKv/uIv8d3/8h3WVu9jmgY1y8QwDRAGfVvSVi5b7Q71mkGj0aDeajFQkhu3b7PT7mC7NTr9Pq1GnXurqxx/6ixf+Itf4tDBeT72sdO4tkO9ZiHtPkgH1+nT6w8YuCYDQ2BL7zNEAaZpAt4OXwPhfZcXW1ygEMEsLDAtXCLfnIX9IPptgmcAJ3kz8vc7FflDUq+Q7zxZcpTaf/OvqJ0coO7dRt67irJnMc49j3GgDjvfKzeR/ZiKsvsPuwlPnEwmgPdBJIqeO0AqycH6DMcPv8DFueOcnF5mtbfFe1s3eHvzI1a6G3Rd7zf3W0ad5xfO8gtHXuTphVMcqCcf8j2RiUxkInsUPxkPs9+ILhiWiuGOX+/t8AT/AOGt5tOsSE2uRB0OIuMrUotXxCaanxhQZeqpWtOXzy6DFemEbQ++nA/16EgyuQMiPD5nBFhqSXHW+b5EBlRZA8rk8CqlZ7iraLwaK7U7XoZl0OOZesEK+MIy1eBkvBTET+Jyuh0A2jLLXeH7GfFCPC7K7oDQeiARf8MBtSZeknpYf3Z3FcZPRvWV4ke740UTL5FADeItizdaj2lveOL6sIOyO6SAN8mzy/Em2Rw9b5JljD958TN23lTkj443ZfmTireK/Il09Ej8yeJNFf7oeFOWP2XcFx6fET/JnZ1V+ZN5w2fxJ5Ai3lTkT4nq83mTLB8Wf8jXhx0W10ryR9sKTbg/evwJpIg/8d7Sna33f0G8JEstb4LjRuSP3mPx8rHMd0rwRxMvpfiT6alAivgTt//h8UYTPzm8CfU8j+0x33k0eBPUq+HPWHijiZ8s3iTDMdJfqfjR8aYsf7J4U4U/Y8t3dA1Oxk9ctLzRhWOyzHVb4P+c+AnG7yKql+dP+XxHEz863iS6N5Dx80fDm6QeiZuggUH86fgT97+mrMyfuIyLP0b7PtIZoKx65ABB0zSYHazTnTrkxVO0PQKklCAMFKCEi1ACw/DiRrmKbr3B85/9LNfffYdtp8+t9Xs4/S4rK7eZOTjL1HSL2dk5LHONgW2zudXGEg6NukVzqsFs3WLBVJyZa3Fvq0e/ZXD6zBFeeO4pPvH0ec6fOsbMVAO7u40wmygBEhfXHWDbHSQmCgsXA2HWMBGgZLwfQpOC6Z7gnvB2D093VmkIM9330kb0d8l+BnCSPxW/39kn/jxZcgf7334V8St/E/P0RcwjF72XnTbq5rewf/d3eHKfkqtgMgE8dplMAO+DeDuAbWasFs8snOaFA2dZbMyzbXf45q3X+PHG5XDnr/ehVOPY1BKfOfQsv3TsL3Bq+vDk2b8TmchEHoAowp+C8QfcSgxL/YrN4Yq8cDJY+f8Ek76SyACrdHPSI5ky5+SVJaoLdd9c7w3dCuWEnrXyPXZ8hVJ5fRYtw4SdYPV3wrBwCXh+96T1wI/B656/x/0MzmS8BD0+tCXigawJpqL4qeDvQqkYf36YhEq8tZp4KfD3Xp8BrIuXoTkRowIDtN8glIifIPw0/s8tS6wQTsVP7grg1B1Nbvzk2K31/x54k7pUjDcl+aPjzSjcyeKNZkd6rNExu8vyR8cbfDeW5E+VHQhF/Kk4oR23W1NWkT3G30PhT5I3wZewKf5k8CapV+KPhjePFH8qyoQ/ad5odqTHGp1jby5vHgR/CuKsGn8ySp2Bo8Rb1rUq5DvJ+nW8SeqV+FMUN3vJd5L6fvOmDH8yeTOMtxR/8vKbItlv3pDIzkrxJnh7f/OdsDtS+U681EfXw8l3cvnzROU7ZXkT0bN4UzHf2ft4K16qpB4erONPNf/v73irQPbo/8yyRHXC7iLaq6j5Y5H6vM5e6q9yY+owhgCQ4W5ZgfRP9p7/i1AglDdpogxcywA1oHXoMK8cPcr2nTs89fQz2E6P13/6Fl/4+S8ghMlUq850y2Bn3aUnBJvbPWrWBo2GycLsFA1T8vLHn6LddTl87AQXn7rI889/HEO5uIM+U40arusw6Nso6WLVJMreRQ4cUII+TXqi4XlBAMry2g6A4dmqDITh+q8J33YDhWSxey/TEaK7hXC6xRwqme94DnnI/Hnc5eY3GPzTgp+hfgJFDXoPuwlPpEwmgPdBhBDUDItnF05zamaZk1PL/GTjMv/5zhv8eOMy93ub4c8+W4bBYnOOXzz2Mp9b/jinZg5TN2oP24SJTGQiT6AovGeEKCW8Hb7C14PXIytGg2RNRN9HJPI5/zrBwB6Ryut0+X5Yj68ogmtUMihSQTCg0dWcseNAsyMqtXNTVwZ9FC2J7pcu0EV2GbWgvP2USJKTFcQrLnwGHokVoJGVwroVoolhRlwv3CERb3lKr2y/pjuC0ZQoiJ9wABP3Oyn/a0rNivShGwriJawn0txIM3U7UrPtzSl1ot0R6ZWjPwMvUerip/IOibjpRQvYi+2PXDi1JL8Ef3Q7MMvyJ4s3sXgYkTca/uTbryljouNNdoNGfwZnSf4U7pCIt7wUb6rwR8ebx4Y/8WYV8Sff/pwydYIvjxx/0mW05ePlj4Y3jzR/EqWON2PjT/IC4+FPbr6zJ/6ky2jLx8ufsrxJ6gX8ib5fVOr4E9ZYED9V852MLsgstVfQ8SfpMA1vknFQmjcV+EO2+yvxp5SMwJu9jre0vEl+3gUt2Fu+k+qOh5Tv7J03yTgr4E+GOUneJOYLS/Amarf/zyOT75TkTyLPefDjrRK8iZS6fKeQN2MbbxXET8TOkfgT628df7J5I3ZWYOEYSQcuyV1uaKrzJoKFd+2MtrmYmLU6felimxZ3N7a5cfVDvvDFzyJdiZSSWrNOc2aKnZ02Dordbh9j3aFmmSweOIBQimee/hhmbYZaowFOj4/ef4/FhXmQNttrkvmFOazpeTANpHJQgBQGA0chTdP3mxHxYbqxWWgSSrDotPFnv2OOMPpbkIyHfRhvleVPKd5M5MmQQfdht+CJlMkE8D6IQNAyGxxpHaTnDui6fa7t3uPa7j3m6zMsNuaZrbVYasyx2JzjxNQSLx+8yLnZo5OdvxOZyEQenGSsSJb+QCrUY0lcesWfVN7ASbdS0BvcKqI7jfGvF6x4DgcDZVYE5plDZBCmXSFcsAOh6o6EZKldIUxaDxpc+guFkp0QLYuO1dUbxEV4cODHbH2kHTIlViRnrzCN9mVCr7IjK2GvbkdCcHAZf1d9BvCoz6gK9YIdClXsHyn+dPWq/Hgh9D8x/ux5B3qpFcqRvhs3bzL4U8n/e+SNiLQjjz9DAxjZ/tjlxhV/oZSInxH8X3kHVhF/krzJs38k3uTEDxX5k8ubZPyViJ88u0vY/2DjL583jMqbivwhEW8Bb/ae72h4k8efSv4fMd/xP4+S/An/3Df/a44tXb+OP3v4/NmPfKe0/cM8Y6z8yYuXEvFXyJssm0oclrZfU1YVbf06/uyRN0XxVzLfCfkT8XhVw3W8ib1f5P+x8Sbo65z42W/eZJ1bUH+aN8Hr+8Ob2Pg8hzfhvZo33sq93/S8iesPNt8ZxkuJ+ImqY/+8KSkF9ad5g++m/cl3kt/v6PKdkfmT5E2KPxr/b92CEy8NExO/PGhBw97BMWfTdQkBBJPA6bddYSIVKMP2GnzrAAAgAElEQVRkaukwz37y0yhh8rnP/wKu08E0DcyahdVsYLbqdHY6GK6NYw8wxSaHFtexag3ur9xmu92j2+nR7/U4MDfPzNQ0jXodW9q0pqdZPHWGp55/llZD4AISA1sJXKOOwiT689XBBHD4+R7hSPT9ur3DgiHDV2PR09kM+9S7wqPFn5HunYk8lqL6nYfdhCdSJhPA4xYlh3/7Hx6GEDTMGg3TwhKClfY9ep11FgY9ztbnOVifYbl5gLNzRzkxe5TD08tMNecxJpO/E5nIRB6kRFckK08XwetRPXJI8CxgL38PEuPhCkDvjYgenh0tM+rP1AvanxhQlV2Rm6outEFl6/6/o65IJ3FeqOuWFIcNTA6QEnrFAWbqakN35Zfh5cquCC6/Ij3o8FxdFxDaHWDZ9qckcdmyOwKS7hHBveJ/oxHTw+NHX5GujZ/oTHGsDA4rGGDrulfX3YmXtNVH44Gc+NGuCC65IyaHN8FxuQZV5U1CKvMmVpblTUX+ZBynix/9loZACuKnKm+SelXeaPlTkjdl+aPz3M8Ib7TxU3zDR1oLKY+PiTfBG5nNICdeHgRvNPzJLH/G8x0tb8ryZ0z5Tup2LsufMezACzo8qcdK7Q3xOPAnI27GlO/ouRMc9hD4AznhqONPSd5EGqblTxWDdPwpKyV5k9QL+eP/O+ovLOniZe/5Tgn+lOiuUNfxJ+Oycd4wdt7E9JF5UxA/BWGp402o57rtURxfJXkTNLigPzSiy3dK8+eh5TuBquFNWf4UfN5XyXfE5h1EdwM1dWB4E/oXOLp7nRvNjycqBhF8/6W5zwUCzDq2K8GymD98DBpTbLd7LMw3sHoC01SYdQOr2cDt9EA0aHfbTDVdVu5vsnz4CEIohBpw4fwJDi0uc3j5CPV6g1arhTQMJIKeZVJv1pGyj1TgYtCnhkMN5T39d9imsP2Rngn+Vt67CjiyfZW4z/w7qb+D2V334uCR5k+2Xyby5IhyBpPn/z4gmUwAj1OUBHcArvcTDaLWBMMkCrUmcF6YLIsmv+RamDv3MNybWKZFY/oQjdnD1BdOwuGPw8whqE8/LGsmMpGJPPESXymefPZv5rOA/TO9J5YrUCKWh4WDklGSs4KEPzPhU/HSe/aw5tiiymP16XZIDCv0Xq6wIrmoVJDaAeqvVA31ILkP/krYPyyTnSDCNsf1SDnKis2RduAFLRsOmFVUVZHmV/R/qqwie4o/ldLjXwcM/ZzUs/1fcoeENv6ifZxufqY5MXsF8ZtYEz972YFZJv6K4ie2IyHtlkpSxt9Z54xUYfIEHW8i71PC/yPzRsOfovjR2p/PG0blTRF/CuIlf4cCxf5/0nlTxJ/Sn3cl+JNrvwhtipwR+pkHxZvM+NPxRs+fUrIn/2vKCpVn8iYj3xnN/w+IP76d4efbfvOnyg6oDD2e7wz5s//+19RXgT9+mMT1PN4ky7Hyh8T18/lTbH9J/lThTWn+BJdPxMteeVPJ/qwOi7y25/r1vAnfZ8z5TrIsw5ukoQW8SeqV+TMSb/T5Tip+Yvyhur/H5v+91j9CvkOW3x80byJGZfAlpYcS+Dk4dwz82XO+MzTnsct33D7G+g3cqQMhb4J6j8l2+DPQwaRvmbUxBuAqBYaFqySGUWf64EFsQ2BaFgIX05DU6wamaSGFSX8wwJAG1Fu4yqQ1PcuLL77IvZW7HDm0zNz8An3bYWX1HoeOHGPp6FGsegPZqNG3e9i9LlIqHAm2qKPMBgoDA3w/ZrdV+J8rEuU5TymW7W3/55/jjjB2V1Guw9j5E6nmoYy3JvL4Sa/9sFvwxMpkAnivIm1UZxO1ex/Vvg/tVZTdBQGiMYeYXoTpRURrARozGIZFy2rSbC6wOLOMch3U7ipqdx127sH9D1CtA8jVK6jFc4iDZxBzRxGNGZjsCJ7IRCYyRgme2QvDlXsGEK7QI+NZwKjw/eF5kfGMCA+JDRIC3SCd7ynl7ywOkldBWJ/fvPD1yBWJZ4GRAVW0wtQAK2cEklhqrH1Gnn+8foV6cFpSj5uRKkV2SVLP6g6yzBJpPfMKmooLGhSs9Ax1f2VoUK9+xWjQrOQOiZJlxMyoJVH3at0dPyOuxxyUjofUlqtkGf0mqcIOhfSK9aC7g/czvZUus5qbsDhP1wZk4RX8MsthOS1OxU/pFeqa+Il3f/z215RRS7L4o5cc/pTlTTIeRuZNsgwuUxA/ZW/3xHmhXmjW/vCmeEeejjfJHRLFvEnGm443qe/zUvKAeFOCP4W8KcsfTXNL86cQaCPwJoc/pXmT4o+ON8kdEhX5o+NNWf5k8SZZjsKbgh3h5fOdx5s/oz+DnKEea9b+8ScstbJ3/oz+TM6gmx8uf/QXDhuYf0KB43TP5CzmTyI+0PEnhzsa/kQtyeNPusMyrvCg+KPjTTJ+qvImWVbkTUpK8yapF/BHFy9l+ENOvKT4U5E3CUsq86bseKtsvlw13wnjLujuh80bka3rrjCmfCf5+VY+33kUeZPQ8+Jl7SM48WLKcS0LDm9f4d7CeZRShD+nHJyuAYFQYCK8x6QJA2EZnDxzCiwBQmIaYBpQr5mYpkHfthk4Enu3y7KrUIbJ/fV1Go0a9VYDRw5QQlFrNajZLub0FKpeR1k1XClxXBcpXRzXZeCAqDW8n6EWBgYq/G5N01oU0vOqECxvfshUxrN/AczumtedGt48Ht/vTORJEDWZAH5gMpkAHlkU2D1UZw15733U/UvI1cuorVtgd0EYiOY8zB9HHDiFsXASsXASZg+BYcHsMkLa0JiB7VnYvoPauoXauYfavIlau4I4eAbj8LMYx16Eg6cRM4e8SWBhxFuiFFIOf3raMIzwdcdxwg+0Wq1G9DkBwXmu6yKlDI8zDAPTNDEMI3Z8UZ1CiPB6ruumrmeaZmGvSimRrovrtyf6YRwrlUIYBob/f7KdSqnQrqhtQoiwLVm2uUri+j/jbQiBKYxIOpjoAxRSqdjxBgZSSSRe27PEEAJDGBhChNeWSiGVxFEupjCwDFNbb1Ic6YbnmcLASMTHRCaiFaX8nbx+8h+sIFQR3c+sdM8CDjKv6IplQXyloLe6NnFcmNB7ZWqncSzjy2w88XcjOxL8cwPdK8e0AyFRBllnqPv3/XCHiiJyWNKE4nFuVVEFZVH9pSXwY0KvskNLuwK5fDkc7BKpN+j2oZ62TbcDIfI+xf7f0w6FSICO/Ay8tFkaezXHjnsAVbr+wO9B/aP5v9KO0Ix40/Fm2Pcj8AeG/Bkzb1L8CXmj4U/UEY8ibyrWn+aN//qovBmJP8W8Gd7LkfiJ2avjz7ADR+JNHn8y4q3wFyaKnLLP/t9r/SneRPKdkfhTZYdEGGcR3lTgTyneVPT/+PjD48mfkpfX5zv+cfuU75TlT5Zt+5LvlI6/fN7sG3/2Knn15/BmmO8Eh48p34mWe8x3MnmT1FUQThn+fwC8Se243G/eJKVqvJWuX8ObpJ7kzwPJd4ZlKl6q8iaDP6P5f6+fd/n80cpeebNvn3ca3qT482DznQfy/Q6E7Kzy/Y7YvImxcR25cDKasABwvL/KPc77XSf8moPOcvG2LiSlhqUcFBLHMMAyaE03caWLK73vpi1hUDcElmVi1Zu0u7s4psXt1XWwbJbtAceOHOLg8hJz09O0Gi1oTdFcOozRmEaaJhgS2xngSsnAlnR7No5lgdXEwUQaJrhuRp+lJfhe+Vh3JdKZQzF2VxHt1fDe0PFm5O93KvKHpF4h35nI4y2qvwuO/bCb8cTKZAJ4JFGgJHL1Q+S17yE//A5y6zYM2iilEGYNrAaquwkbV+Ha95CNWcSRZzFOvIxx7EXE7FHEwilwbXB60N9Bbt9BrX3kTSbf/hHy1o+QK+9i3HwD4+znMM9+DnHwNFjNWGuklHQ6HRzHwRCCqelpDMNgMBiwtrZGv9fDsiyOHjtGvT7cRWzbNp1Oh62tLbrdLo7jUK/VmJ6eZmZmlumZaSwrO0TswYB+v4/ruliWRa1ep1ar0e122dnZYXtrC9t2MEyDudk55hfmmZ6e1k4oB3YMBgO2t7bY7XTo9/q40sUQBqblTdqakcneRqPB1NQU0zMzscnlYOJ7a2uL3XabXq+HbTuYpkGz2WRhYYGp6WkajUbCq4q202V74D1wfNpqMFNrUTMskpOxCoUjJW2ny67TQyrJrNWiZTXYtjv03QGO8lZbeW3yzjGEoG7UmKtN0zTr1Ayv3X1ps2N3WOtvM1+b5lBzAcvQTz5HZdNus97fYabWZK42zYzVKjxnIhMBIFwR6ieNfnIe06PHJc6LPhPGO034447ISkH8CvwyPC5x/XhJXNc1PzGgEtHsVwzz23QrCqr3O6XwmZzRkaRI6OHxOSPAUkuKs873JTKgyhpQJgcDKX3ovniZ3+phqd3xMiyDHs/UC1bAF5apBifjpSB+EpfT7QDQllnuCt/PiBficVF2B4TWA4n4Gw6oNfGS1MP6s7urMH4yqq8UP+HK84Sui5dIoAbxlgrguIfiZWXeaDpEc3vqdgCU402yOXreJMsYf/LiZ+y8qcgfHW/K8icVbxX5k/g8q8yfLN5U4Y+ON2X5U8Z94fEZ8ZPc2VmVP5k3fBZ/AiniTUX+lKg+nzfJ8mHxh3x92GFxrSR/tK3QhPujx59AivgT7y3d2Xr/F8RLstTyJjhuRP7oPRYvH8t8pwR/NPFSij+ZngqkiD9x+x8ebzTxk8ObUM/z2B7znUeDN0G9Gv6MhTea+MniTTIcI/2Vih8db8ryJ4s3VfgztnxH1+Bk/MRFyxtdOCbLXLcF/s+Jn2D8LqJ6ef6Uz3c08aPjTaJ7Axk/fzS8SeqRuAkaGMSfjj9x/2vKyvyJy9j5g0KsXoYDJ+MXAOYswZGty6wsfCzWBm/zUPamGgMXQfDMMYFSBrXmFGajjqoJ+tLBMgyaokbdNGk1amwBtqu4v7mDDTg9yVyrwcGFaaanp6k1miirjtFoYdRqSGzPT04P11HsDhRtu4bZnAdRQygDQyoQEsJtGpr+9GPx0PolZkW0p4Zitu8BSs+bTP5U/H5nn/gzkcdbVGf7YTfhiZbJBPAo4gxQW7eQ1/8c94M/Rt2/5O36rU1hLJ5HzB6B1px3bG8H1V33yvsfILub0N3EOP1zGEc+jpdkSHCXMKYPoeaPow6ehsY08sZryNXLyEEHpANOD/PpX0bMHw0ngaWU7LZ3eeutn7C2ukqtVuOlV14B4M7t27z++uu0d3ZYXFzir/zKX2VxcRHXdel2u1y7epXLH17m7t27tNs7DPoDEHDgwEFOnjzJ8y88z9KhQ7Ra6QnFlXv3+OjKFdbX1jm0fIjjx49jWRbXrl3j0qVL3L1zh16vj2VZLC8f4sLFi1y8eJFDy8vU63WSE8FSSu6trHDt2nUuX/6Qfr/v7UIWBr1ez5ugdl2mp6aYmprCcRyWl5c5feY0586fj7VxY32dGzdv8t6777K9vY10XWq1OlJKDENw4OBBzp49y5kzZ5idm8M0TRTeB/27m9f54dr7ADwzf4oXDpzjYH0Wy4jvXnaVpG13eWvzI366eZW+tPnEgfNcmDvOG+sfcLuzxq7TY8ZqMW01sYTBpr1L37WpGxanZpa5MHuC0zPL1AyLzX6bS9s3eXPjAy7OnuBTh55moTaTqjcq3iS0y082PuJH6x/yzPxpnl04NZkAnkhpUZqBTvDs32SJ8lI9FVnKG/7MmcJLqGMr8rzrh4fntSUYTCdHMsVGpMuS5+oGXIEt2SuUE3rWyvfY8RVKBakdWuGgNliNmTAsXAKe3z1p3fdf+Lrn33E/g5NMnYgtEQ9kTTDlDGhiBpWJlSLJGkkXHR6pP95aTbwU+HuvzwDWxcvQnIhR4T2bYbcY2pS0mcgVw/DT+D+3LLFCOBU/uSuAU3c0ufGTY7fW/1m8QXNsgcR5U5I/Ot6Mwp0s3mh2pMcaHbO7LH90vMF3Y0n+VNmBUMSfihPacbs1ZRXZY/w9FP4keRN8CZviTwZvknol/mh480jxp6JM+JPmjWZHeqzROfbm8uZB8KcgzqrxJ6PUGThKvGVdq0K+k6xfx5ukXok/RXGzl3wnqe83b8rwJ5M3w3hL8ScvvymS/eYNieysFG+Ct/c33wm7I5XvxEt9dD2cfCeXP09UvlOWNxE9izcV8529j7fipUrq4cE6/lTz//6Otwpkj/7PLEtUF+oKjPtXkIefQc0dTtSvONW/zwpPAYZnZ/CllRL+d9ZxWw2cyCIDA4VJrd5CoZAouv0eK3fv0dvu0qjXadWbCMMCs0HflqzsONTosbCyQXOqxcA1mZmZojUzjeHa1BtNjJpg4AxwXZOtts36rktz7hCONYdh1KhJE4VAGdLzmvK/n0uIYOi6k527mc/+Fd11xM69OIfGNN4KHfAw+TORx0bUoAv9zsNuxhMtkwngquLaqM468uYbuB/9GfLWjwCFmDqIcfAsxtnPIQ6eRUwdBCFQ3U3U9l3UxjXk+hXk5g1w+ojmAmrhJKI+A4YJVgNhNbxnBs8fRzRmQRiowS5qZwV55yeoQRsxfwLDqiPmj4dNau+2efONN/ng0iVqNYuDi0s4js0777zDn/yX77Kzs8OZM2f4+b/4CywsLNDtdrlx/Trvvfcel957n7W1VTq7Hbq9Hru7u9TrdY4dOwYonv34xzl+4gSWZcUmbVfu3uW1117jg/cv8bGPfYznX3wBQwguX77Cu++8w927d9jd3cV1XRqNJjdu3GS33eblv/AXWFpaiu2+tW2b9fV13nnnHX7y459w8+ZNf6fuPLVanc3NTVbu3uX2nTtMT0+zuLjIzMwMjuOwcOAAruP93LTrunQ6HS5dusSP3vwRH374IdJ1abVazM7NYts23W4PKT/g/v37dDodLly8yPz8PLV6HQW8t3Wdf3v9TwFF7/inOD19mLnaNBbxiVipvN3Cb21c4T/e+gFtu4spBIea87y2eokfb1xmc9DmwtwJTk0vM2dNcbu7xr3eJl23z/LWApuHdrEMg2NTS2wMdnhv+zp/ePsNNpfaHJ9eYmq2mTsB7EiX1d42r62+zzdvv4YtXQ63Fjg9fXhMwT6RJ1/SK4YDPXj2r5HQw7RODM/zruRfLzrOTK1QJnZ8NIcTJN6MlmUlVkEwoInWkEh4k7pmR1Rq56au9A1PrlAfmlOgi+wy1kdl7M9LqPOumKi48Bl4yfiJrBTWrRCNNy+ha1coZ8dLSq9sv6Y7gmAUBfEzDPSY30n5X1NqVqQP3VAQL2E9keZGmqnbkZptb06pE+2OSK8c/Rl4aR5lxkvlHRJx04sWsBfbH7lwakl+Cf7odmCW5U8Wb2LxMCJvNPzJt19TxkTHm+wGjf4MzpL8KdwhEW95Kd5U4Y+ON48Nf+LNKuJPvv05ZeoEXx45/qTLaMvHyx8Nbx5p/iRKHW/Gxp/kBcbDn9x8Z0/8SZfRlo+XP2V5k9QL+BN9v6jU8SessSB+quY7GV2QWWqvoONP0mEa3iTjoDRvKvCHbPdX4k8pGYE3ex1vaXmT/LwLWrC3fCfVHQ8p39k7b5JxVsCfDHOSvEnMF5bgTdRu/59HJt8pyZ9EnvPgx1sleBMpdflOIW/GNt4qiJ+InSPxJ9bfOv4U8MbuYtx7H3fuSMqRLRPOrv6Ya4dejjdQk4goASKcIFcYAgxDIJQE20ENXLZ3Oly+/BG7NswuHKY1PctWx2YgaihhcHutTW+3x3rX4fw5g+NHDKRhInoDGi0XwxK4rsv6Tp/Vrsn88ilEfQZJCxcHQ7oYhsD2g89QDBcVhJ2v/O4VnF55g5bu2b/tFQy3N+TR2Pij483o/CnFm4k8vrK7+bBb8MTLZAK4oqjOOvLOWzhv/1vUvfcAhWgd8H6i+cKXvF29zTnvOb+AkK73M89uH7V5E7nyLvL6nyPXPoRbSxgnXvEme6NSa4XXEYvncN/818iNa7B+Ffet3wPTwpw/RgBt13W5t7LC5cuXcWyb02d+QLu9w/Vr11hYWGB+fp6DS4vULItet8utmzf54z/6Y2ZmZvj8F7/IkSNHqNe9n2++cuUKf/79H/DTt99mbX2N9fV1/tKXvsSh5WVqtVrYxG63y727K7z77rveTy3v7mKYBidPneJv/M2/Sb1WY2trk8uXr/Ctb36TP/2TP+GjK1dQwMsvv8yJkyfDa21tbfEH/+8f8Mbrr7Gzs8Mv/fIv88wzz3D48GGEEHS7Pa5fv8a/+fq/YWNjnWazyV//G3+d06fPMDM7w1Srheu6bG5s8sYbb/BH3/42H374IV/+pS/z8eef58Tx494Er1Ksra3xR9/+Nq//8Id8/8/+jP/q136Nl156iRMnT2IIg12nx53OGgrF9mAXGfkZ56RIpdi2O9zurLJtd2nbPQwh6EubjUGbtt3l3MwRPr/8PBfnTtBzbd7avMKf3nub7668xfXde9zurPHfnvvL9OSAzUGbtf42725e5+TUJY61lmhZDW1O1HZ6/Nn9n/LWxhVW+1us9bfoOP3RAnsiP5uiFNLPf4MVoNIfSOlWJAc/MiOVikwCp1cAShV/PV4O6/cv4ifTQz24XPBnKXMgsqFIt0K4YAdC1R0JyVK7Qpi0Hm9wiS8USnZCtCzssPxyeJnAf9n6SDtkSqxIzl5hGu3LhF5lR1bCXt2OhODgMv6u+gzgUZ9RFeoFOxSq2D9S/OnqVfnxQuh/fLeV8/94doRG+i7BmyoS3L7418rUw1pL+n+PvBGRduTxZ2gAI9sfu9y44i+UEvEzgv8r78Aq4k+SN3n2j8SbnPihIn9yeZOMvxLxk2d3CfsfbPzl84ZReVORPyTiLZrv7I0/Gt7k8aeS/0fMd/zPoyR/wj/3zf+aY0vXr+PPHj5/9iPfKW3/MM8YK3/y4qVE/BXyJsumEoel7deUVUVbv44/e+RNUfyVzHdC/kQ8XtVwHW9i7xf5f2y8Cfo6J372mzdZ5xbUn+ZN8Pr+8EZF4yWHN+G9mjfeyr3f9LyJ6w823xnGS4n4iapj/7wpKQX1p3mD76b9yXdi8ZOT74zMnyRvUvwp9r9Y+QBj6Txy/niqA0/SZrN9m+3Z4xSJFAZCSX/iUiGUxFBgohADB/oOm1ttbq9vs3Jvi4G8RW1qAcOqIzGwB32cgWS30+P+7i3u3N/i8PICh48dptVqMDU9Tb1Rx5GSxtw8C0fO4BotlDRASJRwQRkgZaTv9YE1t3OL485O5ntGZx1j6w7D3cOPNn9Guncm8liI6u+iJrt/H7hMJoAriUJt3UDefB21fhXV3UY0ZzBOfRrz7Ocxjn8CMbUIZi379PoMZmsBMXUQtXsftXUHjmY84FoYUJ9GHDjl7bpbvQLOALl2xXsm8P0PUCc/iZg6ABgEz7zt93q0d3e5cf06J06e5HNf+AKLi4uYpsnU1BSzc3MgBI1Gg7Nnz3Dw4CJnzp3l4MGDWJaF4zjM+zuE19fXee+99/jp2z/l1KnTzM7NxSaAwZsA6nY6rK+t0d7d5dM/92kuXLjAkaNHadTr9Ho9lg4d4u7dO7z+2utcv3aNd376U44fPxFOAO/u7nLz5k1+8P3vs7JylxMnTnDh4kXOnjvH7Kw3Me44DpZl8dRTF3n9tde5dfMmm5tbnDkDMzMzAGysrfHBBx/wnT/6I65evcr8/Dwff+45nn76aRYWFjAM7xkOs7OzvPTyy1y7eo0f/vCH/OD73+fAgQMcPXYMwzCQSmFLF4VEInOjQQiQKGzpMHBtJApTmBgIpJK4SjJlNTnQmOVw6wBSKXpunzvddb5z98dcba+wUJ+h4/boOn02B226Tp/ru/f40fqHPLtwBsswOVCfSdXtKsnmoM3377/Dhzu36bs223aHnjvIbfNEJhKTYMVxOCgJdBHq/oHx48NXhD/OEBh+6V1L+F8sJc5PJvuJFdHhinnN4SlJDKjKrsgNSxEtgxXAGbr/76gr0kmcF+q6JcVhA5MDpIRecYCZutrQXflleLmyK4LLr0gPOjxX1wWEdgdYtv0pSYd3tq5pRdxtgd8Tenj86CvStfETnSmOlcFhBQNsXffqujvxkrb6aDyQEz/aFcEld8QkeBN9Jl5wXK5BqR0Z+q7Kksq8iZVleVORPxnH6eJHv6UhkIL4qcqbpF6VN1r+lORNWf7oPPczwhtt/BTf8JHWQsrjY+JN8EZmM8iJlwfBGw1/MssUbyry5zHPd7S8KcufMeU7qdu5LH/GsAMv6PCkHiu1N8TjwJ+MuBlTvqPnTnDYQ+AP5ISjjj8leRNpmJY/VQzS8aeslORNUi/kj//vqL+wpIuXvec7JfhTortCXcefjMvGecPYeRPTR+ZNQfwUhKWON6Ge67ZHcXyV5E3Q4IL+0Igu3ynNn4eW7wSqhjdl+VPweT9qvmM4XdSdd2DheOJs78Lndy/z5uxxVNgT2SJcbyLWBVwEKBPLcKkLhekM6O922N7qsbrWZX23j4NBv30fIWo0W01mmk1kfQbVrOGako2ezc6NNS5fv0vdUjSnGiwdO8Gzz3+CmUNncaijjBrSqIFUWBiIGkjAlAaK4TIGCBY44Nkh4Oz2ZVI+8sXcvo1w+wgRuQseef5oXTORx1jUzvrDbsLPhGQ/2XwiaVHK+/nnjevI2z9B9bYBBc0FjHOfxzjxsvfsX93kLyCac4ilC5hPv4px+Bkw8rtf1KYQc8cwTr6COHAKlETtriE3rqM2roPjTfYJBMIwQAiUlDiOw4ULF/iVX/1VXv3yl3n1y1/m81/4AjMzM1iWxYEDB/jkpz7Fcy88z+HDh6nVagghqNVqHD16lKeefpoLT12k3+9x4/p1PrpyhUE/vrPUtKzhs3yFYHZmhs9+9rO88OKLLC8vM7+wwOEjR7h48SKf/rmf48TJE3S7Xa5e+Yi1tdXwOu12m1s3b/LBpUsMBgNOnDjB0aNHw8lfAMuymJmd4dz589Qbda5fv857777LvVchgscAACAASURBVHv3w2NW76/y07ff5s9/8AP6/T7PPvss58+f5+DBg+HkL8DU1BQvvPgiJ06dZNDv8/Zbb3H92jUGgwFKeR+ShhAYwkAgMHISFIHAQCCEAQIMBJYwqRs1TGEiAEMY4TUMIZivT3OkeYCmWWcgbbYGuzhS0nUHbA12saXD/d4W725f58cbl7nbTYNQodh1etzurPGTzY+4011HKsmu06PvZiwomMhENKL8VZMqSBtVidI7IbICOLhWcNGEjkbPbFCJMvp/mXNKi0qcqxI2Bbb7x5XpK//k0mVYjwp1ldSVrysVvpddBn4N/gvqSuqRsrT/o20tKDNtJdSJ6pE3k3pYPjD/l7ymtn6V0uNNUAmb8/wfKZN9Hi3RlSrUh95ORoNK/xeLoWGsqVjdEX1k/1eIv0zbc/iTcEslKfJ3mfirXNlQz+ZN8H9J/1fpc63vNLyJ/K/lTyTCdLwJ9aq8KcOfTFvJ1iP37IQ3JfhDiTL0bgn+5H6GBXWneaPy2qyzNassHX863uj5U0r25H9NWaHyTN4k9ZH8X7Ksyp9IjDwU/pS5Z2LuSOtE9dQ9nFE+wvxRWXrkwNH9HylLxZ+K1V+GP3ruVORPWVuzSq1NkfjI5c8eZRz82UPlOt6Q9Hue//figyLeRHRtrGgjjMQrw7pz+TMSb5KlhjdJfb95k5Q91a8STajAn33jTSImEnwpHG/Fzhm2cWT+lP68y+HNXvgzDt6MHH8qdq55/wOMO+9GrjXkzpRQXFz5fvElhUCYJtJVCCEwTZNas0XPVXQdxa7tsNPt0XUcHFtiD1yUFDhS0u70WN/cZmt7h263x263T8+2cVxJrVajOdXi9JkzfPKTn+TsuXOYVg3DtFCGicJACe977eEajOF31QLve3nD8P8Xggu3v8+0phONrRsYW7cePH8ibz4S/JnIIyeqvR7ObU3kwcpkB3BZUS6qu4XavoPauu39rHOthZhdxjh0ATFzqNx1hACjjlh+GnPhJKKR3t0ZO9yqIw6eQcwdRdSnUIMOqr2CvH8JsXgWrKY3+ej/pn+z1eITL7/EhYsXmJ2djU1+AtTrdSzLQimVei+Q6alpDh44iGla9AcDdjsdpIzvhjWEgWmaCCE4fHiZCxcv0mg2U9eqNxqcPXeOpaUlXNdla3ubjn89wzDodDpsbm7huC7NZpOZ2VksM/3cW9M0mZufp9WawnEcVldXabfbgJc0razc5f333qPdbnP23DltewzDYGZmhqXFJQ4cOMDOzg5ra2tsb21xcHERb5VYMGFrIITIXAEmANMwvAlebwren/AV1EwL0z/XFAZGZJ1F37XZsbsMpMN8bYbTM4dpmjV67oBtp4sSMJAOK90N/uze25yYWuLpuZNhmxQKR0qu7NzhtbX3aQ+6SKWQSrFrd+m5A6RSuRPXE5nIUILoHq7cMyBcoRddqRd9XYH/bGC8nb8MF8QmF8wa0ZWrxBfwxVsSSWZFWo+VsStFdKXCl4Ofph5W6L9fuKR0WGqfkecfr1+hHpyW1LPNyV6xGlkgm9SzuoMsszJWUGZeQVNxQYOG62N9PbrzO3fFaNCs5A6JkmXEzKglUfdq3R0/I67HHJSOh9SWq2SZuAHK7lBIr1gPujt4P9Nb6TKruQmL83RtQBZewS+zHJbT4lT8lF6hromfDP7keCsdPzr+ZEo+f0rxJhkPI/MmWQaXKYifsrd74rxQLzRrf3hTvCNPx5vkDoli3iTjTcebUNfKA+JNCf4U8qYsfzTNLc2fQqCNwJsc/pTmTYo/Ot4kd0hU5I+ON2X5k8WbZDkKbwp2hJfPdx5v/oz+DHKGeqxZ+8efsNTK3vkz+jM5g25+uPzRXzhsYP4JBY4b/RnkifhAx58c7mj4E7VknOOtsfJHx5tk/FTlTbKsyJuUlOZNUi/gjy5eyvCHnHhJ8acibxKWVOZN2fFW2Xy5ar4Txl3Q3Q+bNyJb111hTPlO8vOtfL7zKPImoefFTdRRSmHc+jFq7ghq+kD8fRSHGNC//ybXD72MTiQK5UoMy8QVJjudLjOtWbCmaHd22Nq1aXdtbFsisPz4MLzfllQSR4GLTX+whaUc2qrDwnSdIxfO8cUvfJqTZ05iNlpIs4Z0BRKBVH6/CRH7jcrkredFu/cbEqfuvckhNcjoaIExaGNt3fLujSfq+52JPG6i7B6qvfGwm/EzI5MJ4LIiXehtozobqN4mSAcxvehNzLYWwKyXv5YQ3nN/69Ng6HcMe8ea3vVbC1BrgdODzgZq8wa4A4T/gR2UtVqNEydOcND/6ed01SLz9dBMKen1urR3dnBdByWl93/iOMMQmKa363hmZpalQ0tYVjqcLNPbcTw1NY33U9U2rusCoJT38RDagL/jNpUEDdsmlUQpheu6SCkJfv56fW2d27dvMxgMPPsMwer9+/S6XW+iWwiUUkgpcV2XXq+LVauxs7PD7m6HXq/nt8fbyesoRcfpsdrbpmHUaSR2djvSYa2/Q8fpEa55Ep4tljAw/dVZ3kQwONJl027zztY1frxxGUMYfHzhFF88/AIztSm6bp+23eVAfYaGUUMqyfvbN7m8c5u1wTYLtRksw8SRLqv9bd7a/Ig31z/kyNRB+tJmfbDNrtOn5w5wlYsQZiSNnchENKIUkiD58gZQKppQyyAp9FNJldAJcq5AV0jpDeSznhEixPA4lRjAqdhIwk9ywwwvs/HE3/X1AFa+LUL55qjg+EipYK/PxAt6INT9b/2DesNZgKzktMw4t6qogrKo/tIS+DGhBwGU4f9onJR9BmdRSSIOg1HlcAWz0NivouEMob8j71Ps/70+Ey8IlJGfgZc2S2Ov5thxD6BK1x/4Pah/NP9XeiZeRrzpeDPs+z3wh/HzJsWfkDca/kQd8SjypmL9ad74r4/Km5H4U8yb4b0ciZ+YvTr+DDtwJN7k8Scj3ob8iba5An/22f97rT/Fm/DjakT+6OIuN/4ivKnAn1K8qej/8fGHx5M/JS+vz3f84/Yp3ynLnyzb9iXfKR1/+bzZN/7sVfLqz+HNMN8JDh9TvhMt95jvZPImqasgnDL8/wB4IyLteCi8SUrVeCtdv4Y3ST3JnweS7wzLVLxU5U0Gf0bz/14/7/L5o5W98mbfPu80vEnx58HmOw/0+x0y+FPa/wrRXsW48SbuU38ps0NPuNs4a29zZ+m5zHYKoTCEga0E27sd3njtdX711S9xdPE4H968wXZXYtugXHCl972yRIL0dgwjJAgwlKJmKg4tzPHZT73CFz//cxxamqM36COsGq4Bpn++UBLEsJfzRCA4uvoWx50t7THGxjVEZz3jSvm8Gfn7nYr8IalXyHcm8niJ2l4tPmgiY5PJBHBZUS5q0Eb1d2DQBaUQjVnEzDKYDRAVf03bKNn1wgCriai1oNaErkD1tlE7K+A6/jECgQAhsAyD+fl5Wq1W7mWllAwGA/r9Po7thBOr0nW5ffs2Kysr2LbtTc4aRuqjTxgGhv96vVFnenoaM2NHsTAErWaLuv/84OED5j1pNBrMzMxQr9dxpUu328VxHLyfYx7W6jgO21tbdDvdcBdvo9FAKYVt22zvbLOxvu49C7nfZ2N9nY+ufESr1cI0vd24rvQmjh3bZmtri1arRa/VwjTNcDJZ+P8pJdkc7HJ99x59adMwamHiqgBHuWz222wMdnClJPrpE+z+daX3nN47He9nnG/u3udH65e5tnuPU9PLfHb5WT67/HFmrCYdp8+u02O5uYBUkh27w7Xde1zeucXVnbs8s3AayzDpS5tr7RXe2rjC1fZdvnD4BRSK1bUtuu6AnmtjS9f7CWpdXjWRiQQSrgj101s/OQ9veOGv7GO4Ay84IZa/K+FPtg7fD173L5RdZqyADgeJkdd1w4TkgmHdAmJtK/TN8GwUKnJ8sII4okdHkiKhh8fnjABLLSnOOt+XyIAqa0CZ7LeUHnFTrMxv9bDU7niJxEvYdxl6wQr4wjLV4NQnFXmSrE63A0BbZrkrfD8jXojHRdkdEFoPJOIvckMmykASelh/dncVxk9G9ZXiJ1x5ntB18RIJ1CDeUgEc91C81N7wxPVhB2V3iOb21O0AKMebZHP0vEmWMf7kxc/YeVORPzrelOVPKt4q8ifS0SPxJ4s3Vfij401Z/pRxX3h8Rvwkd3ZW5U/mDZ/Fn0CKeFORPyWqz+dNsnxY/CFfH3ZYXCvJH20rNOH+6PEnkCL+xHtLd7be/wXxkiy1vAmOG5E/eo/Fy8cy3ynBH028lOJPpqcCKeJP3P6HxxtN/OTwJtTzPLbHfOfR4E1Qr4Y/Y+GNJn6yeJMMx0h/peJHx5uy/MniTRX+jC3f0TU4GT9x0fJGF47JMtdtgf9z4icYv4uoXp4/5fMdTfzoeJPo3kDGzx8Nb5J6JG6CBgbxp+NP3P+asjJ/4vJg+eP531x5B6YP4p58iXhC4XXwGWcNtfZTVpaey2yjK12seoP7a/fY2Nxm4AoGokZz4TD/P3tvHiTHld93fjKzrr670d3oAxcBNokGQfAYEhQpSKMZzow0sg7aI2t3ZU+sw7J3w3JsrB2ODTlid7R/rP/Z1T9r+w/Jq5AVsbKkCUvekcYaW5SoIWeoITnDY8ABCRIAQYK4Gg30gT6ru47Mt39kZVVWVmZlZt0N/D4I4OFVZea7fvnN36v3Xr6twoes7+bYNU1MHbDszOuApiwSmkJXFsmEzr7hfp59+jGee+ZJxkYHKOZ2sIoFEskUylQkdB2FjmlaoEycvXrLVa1q8za9/D5HcsuuGqnGWLtKYu2az3Morv7E/H2nQ/oj7B3UxhIUcuEHCi1DBoCjohSYefvVz6o04Gck0RKZ0IdY02hayYErCX5xB5XbAGVWHwOg2a85rvcKYMuy2N3Z4dr163x65QqLi7fZ3d3BMk0sS7Gxvs7t27cpForoum4P7HqupwHlVyXr9uugA+vB9TTWdQP3wO7o2CiHjxxmYnKC9fV1bi4ssLW5SWF8nFTKXlWtlGJ3d5ePP/6Y5eVlMpkMD849yP79k+UB4Hw+T6FYQCnF2toan3z8CSvLy/b+xrqOUgplKXs1s1Lkcjnm5uawlOLYg8fo6+8vvxJboTCxuLO7xofr17i9e5eUniw9dywspShaJpuFHW5lVymoYtlt0KC8f/BGIctfL/yQd1c/Jm0k2SrssL9vlB+bnOcz+x7iwaEZxlNDJHSDXTPPTnGXwwOT7EsPs2vmWdxd4/LGLV5fOs/hwSn6E2m2Cru8tXKRa9tLDCX7eW7yBDvFHO8sXyJvFchZeQqqSJokQQ99QXBQro6PsyK3shLYDq3S95anw1129hSuUFU7aZ4uTdXgbs23rg/cYXgh6ochp/p1uOwvgmYoe+LeGch+M1GjhgpqVmiVO7XObExPwZxJNQHl9X5ciTvt6Hxue/axZ4jXmwHqqrHAGeTuFvAbYArTsRjtHUpM+yuZSTnisXZ/ewlp79grJDx2F2QvleK4CuUUIPAXhAj245hfQPvXDSPMEK6xn7ozgGvuaOraT51yB7Z/E3pTc6kqvYmoP0F604ju+OlNwIr0qkxXlTuq/gTpDaVmjKg/cVYghOlPzAHt6nIHhHFo0v66oj9evXF+hK3RHx+98cZj6U+A3vSU/sRE9KdWbwJWpFdluk556+pNO/QnxM7i6Y9PGFTARuzN71ox/B1v+kF6443H0p8wu2nG3/HGO603UfTHV28q9lajP/X8mzA6rTd4vLNIeuN83Vl/p1wdNf5OdRhsXd3xd+rqzz3l70TVG1fcT29i+jvN97eqQ+WNlw8O0p947d/Z/lYITba/bxghuXLcT2800G68i54Zwpp4sDZhpTiaXyKxdI6bk4/bn1VeN0AimWR5bY3t7SyJVIb3L33ExNRzJEZH2f/AUVKXLpG7eYuiplFUJrpmb6emY6FrFindYDiT5sHDsxyY3k9fJgHKxDSL6DpoWFimhal0irqBrmewlN069tv7tOo8l6IH7vyIQ/kV13fVFa1v3cFYvVLWuHb3t6oaoFv6I/QkansNld3odjbuO2QAOCJlR1ApyspjFlDFXewB4TambBbstKyiHbdMezBaVRRQoyKz9V79u7y8zLWr1/jg/Pusb2xg6Ab7p/YzOztjD7gqWFlZQdM1fvSjH9mDuwn/1wmrqAKsKnk0DKM80KppGqlUitmZGX72536O986dY31tne9857scn1/kwIEDJBIJ1tbW+PTKFT7++BOmpqZ4+vRpTp48ydi+fb7JTU9P88QTTzAyOkoymbBnSilQ5faruOWapjMzM83Q0FD51dj23r0G+zOjnBg5zP7MaPkV0AqFUqr0SudtFndXOb+eYNfMl4tqlWwkpSc4NDDJrlngyuYid/ObpI0kI8kBjg3OsD8zRkIzKFhFtou77Jh5hpP9HB8+RFpPcGVrkbXcFm+vXOLM/lMULZOb2WU+XL9GxkhycvQIxwZn+GHqMpqmkbcK7Jp5cmaBASPTVL9QuF+ozPTUNfDu9esX4g4B2+ksfe+aIajrTqfFSam+v69R6VvgDaNSlYDmEanaHNSsOAhYEVWzcjMoLDm03hnqleKExDX/0F2C6OUngpPsTaA64dA98Bz7cdlR9UzR2hmi1dnzxANnKAfYizceu/wB1aGV/tFC7Kfcgalud2raPyAMmJFeaYYQeymn48quK5tBK1L9y1snDCJwRaQdNr4HnicMsp/YKySqix42gT28/K4L10zJj6A/QSswo+qPn95U2UODehOgP/XLHxBWEaQ3/hlqfA/OiPoTpDcuM3bnPJLexNGfIL3ZM/pTna0w/alf/jphzQklek5/akN3zlurPwF609P64wmD9KZl+uO9QGv0p66/05T+1IbunLdWf6LqjTceoj/u78PCIP0ppxhiP3H9HZ8q8A0DrxCkP94GC9Abrx1E1psY+oN/88fSn0g0oDfN9rcC9cb7vHNy0Jy/U1MdXfJ3mtcbr52F6I9Pcbx64xkvjKA37nKX/ukZfyei/nj8nPb3tyLojSsM8ndC9aZl/a0Q+3GVsyH9qarvIP2Jrzd6fguuvo1K9aFGDngTAhSHiqskF9/kyuwzpfFfC6VBdsfk+sIS2Z0cYxP7ee37b3Hw4AGGBgzoG2Boapb0wh22765j6WAoRYIimjKxdIPBjM7R6X0cnpmimM9zZ/EWhpoilUpCUkfpiu3CFjlNx0oMYimtvHIYdIroaJqOoUBpFkqzOHrrTaaKWz4Vasf1nTUSq1fQCjulW6/d+hOkN43rTyS9EXoetbuJ2lwJP1BoOTIAHBFbnJyVsLbyqPw2ZFfBGZgNfXo1gFJQzKEKO1DMVRxsT8dW4dbCYFW8fu0a33nlFf7m1VcZHx/nqaefZv7ECQ4dOsTg4CCapnH16lWKxQKZdNq1utebLXsgNCS5yrGAs/+wYVRWARuGwb7xcX7mZ36GhJHgu9/5Dm+9+SabGxtsP7JFKpXizp07XLt2DVA88eSTPPfjz/Hg3Bx9fX2YpolhGCSMBIZhD/ZOz8zw1OmnmZ6eLq8ijouh6Rzon+Cp8Yc42D9ZswdwwSqyktvgo40bpPRk1YprS9mrhPsTGR7bd4yNfJYdM8fizirr+W3W89uYpUkDFqr8+ueCVWQw2c/RwWn2941ycfMG37v9HhfWr/Ph+lVW85vcyq6wuLPC/MhhfmrqcaYy++hPpEnq9kCyMwBcu2uzIPgQNCPZUqBrpVmutiPtHzrKFzxj3X085bAkG64ZgEqrjjfi4ClcnbDAGcIhKxDirkjwhoEzhKmNOxmO/INCxEpwh2HHBqXrNGf5YKf9/OMNrZCJMCPZf4apuy498Tgrsjzl9Z0h7Do4SnvH3QO40T2qynHvc7jF7R/pGr5hfXuh3P7U6k+9GcnesKEZyrX60zK98dGfWO3fpN5ornzU059KAWi4/FWXa5X9lYlgPw20f+wVWGH649WbeuVvSG/q2A8x9aeu3njtL4L91Ct3hPK31/7q6w2N6k1M/cFjb63zdwL0pp7+xGr/Bv2d0vPIqz/l/3as/QOOjZx+kP408fzphL8TufwVP6Ol+lPPXiLYX6je+JUpwmG15Q8I4xKYfpD+NKk3YfYX0d8p64+rxeMWPEhvqr4Pa/+W6Y1T13Xsp9N643duSPq1euN83hm9qeqf19Gb8r1ar79V934L1pvqeHv9nYq9RLAfd7Tlz5uIhKRfqzeUmqkz/k7U33ca1h+v3tToT7z2d47Xt5ZQH7+BNfeTqKH9vhU8rbbov/Eql/c9Rj4zSrGouPLpVZaW1jGSaRKJNBoGv/P//Hu++iu/BHqS7WyOgaERdvMm+Xyenc0N0DSSiST96QwHpyd47OQ84+OjJJIaFHfZ2dkkkRzCIIOmJSkWNPR0Cs1IYeYtdE2BVrTrTtOxh3J00rl1ji6fZUQVAqtPy21grHyMtrNqt4PbXlx60+v609C9I/QUKreNWrvT7Wzct8gAcFQ0HRIp+6+ug2XBzhpq7Qbkt+1VuVH39Y2DMlG5LdjdsAeclQV6Ai2Zpmq6outHYIW/NlqWxYcffsgrL79MNpvl2eee4/PPP8/BQwfp6+srD8paloVpWrb0axqaVrsHsD0AXBlmVHXE2N5f2AJNI1FaAex+DbSu6/T19bFv3xgzMzOYlkkqnWJjYwPLsshkMpw+fZqp6WnGx8cZGRkhnU6Xz02lUvT399Hf14eu6+xks9y9e5fJiQmIOQCsUKUVvFGO9ff9VOkPQFJL8NT4wxwdnObO7hqfbt3mb26fY37kEBkjyb70EGv5LbLFXTRNY8DIMJoa5EDfBD+x/1EWtpd5fekD/ub2ewwkMuyaeYaTA5wcOcpjY8cYTGToM9L0GenKALBlvwpbEEJxz0hWdlyDqhmhVSuCKYVOvOyfVWYAlk6sxMsJ2GH5Rydv+r7xSlZ9uwqeDlXUGbk1yZXLoPzj5bKr6rBUmLAZ6XjOK8eDphSXM+gttSces4NZc7VKc9UPy5eLOiM4+ox0p8Lrxv0MoqoABGW4Pp7LRl0R4G0ezbl3Sr9oVMXLxzc+Iz3QftwjxVWhc1hIBzuoeoOq2/NRYPJue6CO/QTOCI64IqaO3jjH1S1QHb2JQmy9qQqj6k1M/fE5Lsh+gpc0OITYT1y98cbj6k2g/kTUm6j6E9Ry94neBNpP+A3vyi3UtHiL9Mb5wjcb1LGXduhNgP74hjH8HV/2uL8TqDdR9adF/k7N7RxVf1qwAs+pcG+8Kgy8IfaC/vjYTYv8nWDdcQ7rgv5AHXMM0p+IeuPKWKD+xClQkP5EJaLeeOOh+lP6t9E3LAXZS/P+TgT9iVBd5XiQ/vhctlpvaLneVMUb1psQ+wkxyyC9KcfrNlsv9q+8euNkOKQ+AgjydyLrT9f8HScaoDdR9Sfked9qf8fYvIX2yeuYD/4EamjS93kzrJk8vvJDriRn+EF2HwsLS6yub7GxmWVsfB/5fJ7FxTv8+Z//V77wuTNkd/Ls7OYpWhroSfoGR0hgkkklmN4/wWOPz3PsyBSJhIZOkXQmQaovjW4k7G0m9RR3V7McmNvHh1cXmZqaRmGiK0C37EpQOvtXP+DgzgIJtNp2cOojt0ly5WO07SXb2mv0J8jf6VX98S2msAdQuW3U3cVuZ+O+RgaAo6LpaKlBtPQQJPuhkEUVd1Hby1h3LqKnBtGGZ+zB4bCnegxUMY9au4baXqq89jnVj9Y3CrpROqg04Fhyhvw00dkrd3V1lcXFRYaHhhgZGWFycpJMJlN+/TGAaZrkCwWUpdC0ysPSez3LNEHZA6ZWaW9dv3TN0t7CGqDp9usq3OR2d/n48sdcu3qNQqHA06efZmp6moH+/vIA8NDQEGP79pEurUp20DSNRCLBxMQEh44cZmFhgaWlJS5fusThw4fp6+8PrlulKOTz6IZBIpEo1Z39x8LCQtUdSLVX+lqlAW77bEspClYRq7RPtEIxlRnl8MB+npt8hB+ufMTCziqv3n6PtJHi1OgDrOQ2yRZz6Gj0JVJkjCSDyQyPjBzh2NAMP1z9iA/Wr2JoOkPJfp6dOMGDQzMMJ/vRNY0+I8Vgso+V3XV2zTy7xTwW7XwtuXCvoJyONPbMO01V9vr1WxHsdHgqvpdCU+41Q+UvsKyKA+7tJgVniJAeTcA59cLIKE96ytPhqswYdY63P44xIzksVFCzArS0lKYcp9JpcUV9Qm+FaeU8V8ddYSMzNhtagVexH9xxV/2rjrd/QHqR01c18Wq7r7SzN+7f/tUzlFu3AhTfeG35tUqZXGfU2E8zKzCj2F+Y/VStSKhtllhEaW+/cxpK0HtCkN64vidC+zesNwH6E2Y/geWvrzc0qjdh+hNiL/VXKBDe/ve63oTpT+TnXQT9qVt+rVwm1xnldq5500ir9MbX/oL0Jlh/ItFU+weEMRL31Rsff6ex9m+T/pTKWX6+dVp/4qyA8olX+zsV/el8+wekF0N/SmZSHa+nN96wpfqD5/r19Se8/BH1J47eRNYf5/Iee2lWb2KV36/CXJ81nX6w3pS/p8X+jjeMojfegobojTceW38a0ptgf6fGfqr0h/jt3bL2bzb9Bvwd/Nq93XrjKpSPvtTEyzjt7JzbAv1p2t+pFGcv+jvV6fnrj752Ay7/DebRZ1EjM5WCukJDg7niLcz1j7i9bXBpJY+ma6ytrJJKJRgY7OcHb77F1uY6uZ0tdvJFtEQKq1AgnUkzPjrIyeNzHD18iKP7h0gnCiQ0RTG3TSbdTyqTQUumUYkM27sWSysbHDwxwIVLn9I/MMbYYBI0hYbJ4PYSh1c/ZkwVPRVTXaHa7gaJlctoW3citH+b9MdV/13pbwk9gdrdlJW/PYAMAEdFNyAzjNY3htY3girmwMyjdtawrr8N6WGMzBCkBisDs82iTMhvYy19hNpYtFcZgz0IPTgJehLn9cqWUhVX00cYnYHYQr5AbykTYQAAIABJREFUPpeDoSH7C632mK2tLdbX7lIsFlHK3wm2LIuiaaJQWJa9YX0Q9gCwPSCp6VrNpK+d3V0+/PBDLly4wE42y8GDhzh67CiZTAZnpbCmaei6jt+ArK7rTM/McOLEI3x8+WNWV1d47733ePzJJ+nv7y+vFnZTLBbZ3d1lfW2NgYEBRkZH0TStVJf26mdLlQaBfSpUYb++2VL2X1UKTWWRt4oUS6ujTWXRl0hzsH+S52eeoGAVeXP5Ij9Y/pDR1AD9RprV/CZZM4eu6fQbaZJ6gqSe4ED/OMeGZpnu28fHmwsoFMcGZzkxepiDAxPl105njBRDiT6WWGPHzJM1dyOvYhbud+zBXM0RgtLMPK38o1TQjNHSeDCuGYNOf8YV4vd5OWX7PMf3s69f+dIbrwqrruCK+3WoajpYdXognqnGgXvklY4PnqHunOaN+xenHGr+Id64X3XgVyytNu57hYCEQzLktH85XpoZ6qQbPGPUyZZ3hUTE0FVMd0nczRvY3NVnVMerGqjWHmqWXHlDzw0QdYVC7Yx1p7qd731bqzb0y66nxPXigQYZeoVS6NdgdXJcYz+RZ6gH2I9Hf6pu/4DQXZJA/fElov6E5sBlDw3rjTd0LhNiP1Fvd8955XhosTqjN+Er8oL0xrtCIlxvvPYWpDc1v+fV0Ca9iaA/oXoTVX8CshtZf0IFrQG9qaM/kfXGx9/x1xvvComY+hOkN1H1x9ff8YSN6E3IivDo/s7e1p/G9yCnEq/KVuf0pxwG0rz+NL4np1PN3dWf4AuXM1j/hJCGa3wPco99EKQ/dXQnQH/cJWlPf6sF+hOkN177ias33jCm3tQQWW+88RD9CbKXKPpDHXup0Z+YeuMpSWy9idrfiuovx/V3ynbnVHe39UbzjwddoUX+jvf5Ft3f6UW98cTr2U1Ef0ffuAmfvIZ15DTW+AOV88sFtaPHJwc5vl/j5Q/X+dZNuLkFRgI0zcIwNM6//wGTk+NYFiRTGTL9A0xNjnNodppnnnmKh+cfJp1bI7dyk+JOlrRhgGGg62mUnsTSk2xs7PD4Z55BaQksErz59lk+d+YpRq0NZu5eYFLthuqPnl0msfIJera01+p98fuO0Iuo7TXZ87dHkAHgqGgGWnoYbXA/2uAUKrtqDwDntjA/fhUSabS+EfT985AKXnUai0IOtXUHtfg+atO1VL5vDG3kEDj70iqFMi2UpcAAPxXUNI1UKkWmL0MylWJra4u7q6us3V1jcHCQRCKBaZqsr63z8Ucf8d6598juZLEsC8s0a65YLNqDycpSKMseOA5aAVwsFOzVwgFYpsnmxgYry8ssLy/zxuuvs7KyzOTkZHnP4GQySf/AAMPDwwwODlatAgaYPXCA0888w+LiLc796Bxnf3iWxx57nFQyycFDh2qOX19f58b161y4cIGHH36YJ558spxfS6nS4K5VWsnrj32sVV5tq5TCtEx7ALg0WO9cayCZ4dmJE+yaBbLFHG8uX+DlxXdZzm1wZGCK3WKepJ6gP5EhpSfQ0NA1nWODMzw9fpyb2WUMzeDQwCQPDh5gX2q4nI+0kWQw0QfATnGXjUJlj2FBqItSqLJfq5VW/lJ2qDWlsEodp/ozTB3VUViqdLyyHWq/GYPl67l6DsrVk1AWoOPy8HwzT/W3ASsSVKk4ThxXqKDZPfGckpfjJR2srFBRuA7zFiG8nxsXFRKGpR8Zpz098TgrtKLMQA0J8dhf0Aqt2rIFrUBwfU94+ze1QsFloA3vgVdbrIDyBhzb6g5U5PSddnfSb6z9Y60I9bE3p0MfuOKmWf1psd7U6E9ZbwL0x90Qvag3MdOv1ZvS543qTUP6E643lXvZZT9V5Q3Sn0oFNqQ39fTHx95C3zAR1igdbv9m06/Rm/LjqkH9ibNComxnLr2JoT+R9CZm+7dOf9ib+hPx8sH+Tum4Dvk7UfXHr2wd8Xci2199vemY/jRLvfTr6E3F33EOb5G/4w6b9Hd89cYbV445+bR/G/SmZsVlp/XGS1x7i5x+gN544179aYu/Uwlr7CWu3vjoT2Pt3+zzrr7+BNKs3nTseRegNzX6015/x+/3HT/98StokN7Y0QD9idz+9fVH31iEy38Du1tYsycrFez9PUcpnp+f5vl5eP2TW3xnIcfrazA40M+muclursjgyCh9fRkmpvbzyInjHH/4GPvHx+hPZzAyUyQHR1m/fZ3C+jJG0iCn92HoaXKmgWX0MTp9iOVdKCTSDKxcZvDsVR47OOZvFx70jZskVj9Fy21UqrsZ/SmXu0F/J6b+4I3H8HeE3kJtLKGyG93OhlBCBoCjomn2+/hHDqBPzaPuXkXld8AqoLbuYN04C8k+SKTQxo7Yq3QbRVlQzGPdPo/5yd9gLV1G7ayX86ENTaFPzKElMihAqcormBXVK24r2dcwDIPDhw/z+OOPc/nyZS5dusRfvvgiJx45QV9fH/l8nrW1ddbW1pmZneHKlU/Y2tzk0sVLXLxwAebnmZiYAMAsFsnn85RXFhf89511Xj1tlgaRzWJt3tLpNMcefJArV66wuLjI66+/zgcffFAe6NV1O++pdJrhoWH2je/j4KFDPPjggxw6dAhN0xgYGODIA0f4whe/SCqZ4ty5c3znO69w7dpVjh47xsTEBKlUCsuyWFtbY2V5me3tbYaHK/sJW6X60zUNHR0NHSvwqaJKK4XB0HSS9rQv8laRvFVEQyOpGxSVXd6EZjCaGuTk6BHW81tc2VpkNbfJ2dWPWN5d587uGn1GirSRIqHZK8g1NA4NTPKZ8Yd47c77jKQGODV6lInMCGln8B/oM9KMpgZJGylMZZEt5usOXAtCGddsRtu9svf8VRq1e/9qoMrueGXGX7WfplWHruPdYXkmYeBMRKrjJbzdBe+EYd94YC7qJK85ZVSu450ZxK64uyfpXQFRPr5ODzDSlGK/850KqXSo/Bx6b33VxD3NFWUGeFUYuOKlEjo17hsPmYEaGvrZXxVBnUv/5IJWAASGfs1V/t7HXqi2i6grIAJbwGN//j28OhZQTt+/ukLtxyf5WPYTuOIlwF5chlqtP66wuoWqw5h6E1ghIXrjPTua3nizE6w33rBKf+rZT8v1Jqb+BOlNVP2psbeY+uOq6Ib0J/B554pXUV9QYutPlOYrH+9jP96VnXH1x/eG99MfhzC9iak/EZKvrzfesFv6Q/14pcKqYxH1JzAXAebee/rjEKY/1bUVdHZw+4fYizcM1BvnuAb1J7jFqsM96e9E0J8Ae4mkP74t5RCmP9Xl757eBNhPHb0px+u1WJP+Tm/ojZNugP60RG8C7MdPb7zm6KqvGvsJ0puo+uOnN3H0p2X+TlCGvfZTTaDeBJmjN6zbbE7717Efp/+uuePR9Se6vxNgP0F646leh9brT4DeeOMuu3Ey6NhfkP5Ut39AGFt/qun27zv6zhr6ldcxd+5iHnoSUgN12//Hj83w48c0Fu+u89plg/N3p/jBQoGDRx7gwKEDZPr6mDlwgJGxCYxUis1ckf6BQZLJfoanNLYUGBRIJFMULY2l5TVm5o5jLVxg/93r/E8T15l8YDzQ/6mqOyuPfvcqydWrKKtgl65t+hPz950O6Y/QG6jCLmpjGQq5bmdFcCEDwHHQNLSRWbSZU2g3zqLy21DYATOPtXwJzBxa/xh6MQ9jh+1BYCMJnj1vA1EWmAVUfhu1sYh55TXMiy+h1m9CcRd0Ay09iDZyAG38AUikADASCcb2jTF7YJZkMkUylQrIvsbc3Byf+/znSCQM1tc3eOftt8lmswwMDODsiTs9M83Tp0+zsb7BysoKG5sbLCwsMDMzWx4ATqXTjI6OcujQIcYnxkmmUmgBD3NdNxgbG+Pw4UNMTk7S19eHUqp8fCqd5ujRBzh8+DCXLl1icXGRxVu3SCQSlF/LbFkUSiuJ+/v7eeTRk3zxi19iZGSEwcFBkskk4+Pj/Nizz6Jr9qui33vvPVZXVrl+/TqHDh2iv38AS1ks3bnDzs4OQ0NDnHjkESYmJkHTUMpiX3qIh4cPYmg6031jpPUkGn7l0khoBpOZER4aPkjOzDOZHiGhG0ykhzk2NE1RmYylhkgZ9m2mazqHBvbzzKTFpY0bXN5cYKeYY6eYYyQ1wFhqkH3pIVKuwd39mVEeHT3K4/seZDIzymfGH2I42Y/hsql96SEeGj7AZjHLbP8EGSOFHtXmhPschXdFrnuGnuYK3SuBq1YEO05gac/wqhl5NT/ohWan1hONck69MEJy5XjJsXXy7j9D2RP3zkD2m4kaNVRQs0Kr3ClxZmN6CuadkRpQPbXxUvuVP69t/0gzhOvNAHXVWOAMcncL+A0whdlPjPYOJab9lU28FKnObYC9hLR3s3sAB9lLpTiuQjkFCOwBRrAfx/wC2r9uGGGGcI391J0BXHNHU9d+6pQ7sP2b0JuaS1XpTUT9CdKbRnTHT28CVqRXZbqq3FH1J0hvKDVjRP2JswIhTH9iDmhXlzsgjEOT9tcV/fHqjfMjbI3++OiNNx5LfwL0pqf0JyaiP7V6E7AivSrTdcpbV2/aoT8hdhZPf3zCoAI2Ym9+14rh73jTD9IbbzyW/oTZTTP+jjfeab2Joj++elOxtxr9qeffhNFpvcHjnUXSG+frzvo75eqo8Xeqw2Dr6o6/U1d/7il/J6reuOJ+ehPT32m+v1UdKm+8fHCQ/sRr/872t0Josv19wwjJleN+elO+LQL0p5hDv/Eu2tYy5sHHUeNHKxcLyNj02DC/dHqYXwJ28wVubuQxh4ss5rbR9E0S2yukB2bY2i1iGkWGBgagoBgf7MNcXkZfucuIKnAAk8T5C+hOWgPpWj3yQd9ewli/gb656KM/IWGT+hPk71Q1QLf0R+g4amsVtXW329kQfNCU37JNIZjCDtbdq5hn/yPmp6+jli/bn2s6JDP26tzJ4+gHn0R/8KfQhw9EeyW0suxXSm/cwlr8APPCX2Dd/tDe+9fMg7LQ0kPoh57CeOyXMI7/NOgGSsHOzg5XP/2UjY0NDMPgwbk5hoaGSCRqx/d3d3fZ2Njg9uIiN65f586dOxhGgtGxMfZP7Wd6eprBwUFQcPvObTY2NlCW4uDBg+zbN0b/wAAAy0tLLC7eZmtrk8HBQSYmJxkfHyeZTFalZ5om2WyWW7dusby0zMBAP9MzM0xNTZWP2dra4kfv/ogfvvMOV69e5dChQ8weOMDk5ATJRBLLstjOZrlx4zpnf/hD3n//fQr5Aj/52c/ycz//8zzx5BMMDQ3Zg8VKsb29zd27d1m8tcjqygobGxsUi0UMw6Cvr4+JyQnGxsYYHR1lcGiIdDpNMplEASu5dVZyG+iaznCyn5HkACk9Wd5vt9xcSpG3iqwVttjIZ1EoRlODDCb7WM1tkDMLAAwl+xlM9NGfqKwyzll57uyukzcLKCCh6SgUhqazLz1EX2kfYLAfozmzwJ3dNZK6wWCin/5EumoAeKu4w0Y+S7aYI5NIltM0ZBBYCOHObwzb7plWeuMyzt6+zgrgivumeeK6Vu3eaaV/HQfbcazd13P7ec7nzrle/y9ocmjd7kZVh8LOQOU6YT2PFoTVPQpXh8qbwaB4k0TpUDVwubB4jT/vDgOy1Wjo4BtvafmDUgxp70gzxMNCh5B4Iz8gt5Iot0Nw7pu3hwjVH9V+mi+/N0Gn/b0ptllv6k6g6IDedFJ/Gmj/tutNw+WPlGJ12HX9aWX5G2AP6I9D6/UnQG96Wn9aTJf0p5nnT+/oT1S98cZD2r8l9uUQYj+d1puY6bdcb7xhBHtz6Jj+1KTQCb3x2p9Di/XnPtCbuvbj+iLwdo9Mi/Smk/rT5vYPJcrtEf3w1uhNJ/WnKkNB+tMG3SmFKpHBmjqONXMSNbDPVXBXBcXWnxgaFZJNLZ/FWL+JsXEDrbAb+XJh8V7Un47cb0LDqNw2anMVivluZ+W+4fK/fCPW8TIAHBdloXbXsa6/Yw/Sfvxd1O4GWKatgHoCbWAcbewB9MOn0SceQhs9aK8GTvZDIm2v5AWUssAqQj6L2l1Hrd1ArX6Cdeci1o0forZX7MFfgEQGbewQiVNfQT/2k+hTJ8pZMk2T3d1dTNNE0zQymUx59awflmWRy+VYu7vG+vo6plmkr7+f4eFhRkZG7MFQpcjn8+RyOSzLoq+vj2QiiW7Yg4r5fJ5CPo9lWeiGQSKRIOWzCth5RXQ+n6dYLKLrOqlUilRplfLm5iZXr17lL//iRYrFItMz05w8eZL9U1MMDQ1hGAbKUuTyOe6urvLuu+/yxuuv88brb3B8fp6f+fKX+eKXvsjExASGYVSVMZvNsrW5xdb2FoW8XY+pVIqR0VEGBwfJZDK1zUv1rEL/1b/OsdQ+8UplRqs+03sdq3TbaZrmeo6p0DT986EqGdLiny/cv9z+2hCaVjJdzV7pq+m2J6dprhB73W/51UklY6vEbezbv/pVSs751Z+XjnU50DVxZ8TYQz3rDnJgHVnqhkPrznckh7aHOpTV6Uft0sUIG+7QewsQFI9XfifZXupQe2s3KN4QbbW/CPbiO4ARpf2bDZ3yV/SmkfJGtcZY7d/i0jr4Fq/TehMr/TboTRT9iWM/96DexLKfuLRVb7z0kt547Q1PgzRW/tj600D7t11vOqk/sdLvkN6IvxPJ32kJPaE/HdQbr320eIJGS/SnydI5NKw/nSRW+i3Qn7brTYj9RMlehKt3Q29aYh4d1Rsv3husk/pTItTfaY/+xGn/RkpnDYxj7X8Ya+o4pAfDM9ju9jdzGJuL6Bu30Hdcqy1jpR9VUXtJf4ReQ+V3YHsNlct2Oyv3HXEHgOUV0HHRdHsl7sHPwPYybCxi3bmAym3Zg7lmAbV5G7Wzjtq6g5qYQ5uYQx/cD/1jaJlhMFIoNLCKqMIOKnsXNhbs69y9htpcROU2S4PKemnv4Vn06UfRDz2FPnKgKkuGYTBQWpkbBV3X6evro6+vj5nZGf9iahrpdLq8P64X9yBu3erSNBKJhO9qZICV5WU+PP8B77z9NicfPcmpU6c4fvw4/QMDNYPJExMT9PX1YRgG598/T253l/X1Nd/9h3VdZ3Bw0F7NHAON6MOnml1AV6T034CB96r8eY7RvBeJQTnH8lwUYlOZgODs+et0FjSwX/+sgbPHR2ViQyV0LuAM/tp+n2av8A3cI8aJemzXFS//OFUPj9/Y3J6cQXsG4Sqzqg6dyR71QleGavY4C9zkyMlgiAMcs4NRczWn+cLC8uU8e04F7hHjCqvOi75HVVU8yH5C9+SkPp7LepPz2l9NbqqaLWDPsvLxPvYTsCdV5D3yAjtWzmEhHaag6g2qbs9H4f27oD3KnOYK2qPKEwbZT5098Zzj6haoRn+Cq8qP2HpTFUbVm5j643NckP3E3oPTS1y98cbj6k2g/kTUm6j6E9Ry94neBNpP5B90HDzxFulN3d+XqGMv7dCbAP3xDev4O37lr2GP+zvN7wFcfblG/Z2a2zmq/vjpTRz9qePvVIWBN8Re0B8fu2mRvxOsO85hXdAfqGOOQfoTUW9cGQvUnzgFCtKfqETUG288VH9K/wbaTYi/E2Qvzfs7EfQnQnWV40H643PZar2h5XpTFW9Yb0LsJ8Qsg/SmHK/bbL3Yv/LqjZPhkPoIIMjfiaw/XfN3nGiA3kTVn5Dnfbf8HX17Bf3T72Pd+Qhr8iHU5DFU/76ADPqFTgab83e0fBZj6w761m307Go59+XTg/TGG5YvG+Tv9Kr+IPQIKreNym6ADPzuGWQAuBF0Ay0zjP7Ac5DMwLv/EWvpI9TOOijLVstiDrV+E2t7GW6+i5lIo6X6S6uASwOnpgnFHXsFcGEHCllUMQ9WASzLPsZIoY0exJj7PMbDX0SbmLM3or9HuHHjJu+99x75QoF94+McOHiQVDqN3yCqrutMTU/z8PHjDA8Pk86kSaVSGLrue7wgCGFU7+FRteevVonjhJaqOG9gO9CuPWI0l1OmQpwz3wHeEIfX1+FTIWFklCc95elwVfYIco63Pw4JiREqu06rf0+381WOU+m0uKI+obfCnHb2xl2ht739Qu95De1R5eSs0uFR7qhyZb9j7R+QXuT0VU28ujtXaWdv3L/9A/ak8oaB9ueu49rs+xanqrwa1TdxgP00uUdZ3D3xauynao+q2maJRZT29junoQS9JwTpjet7IrR/w3oToD9h9hNY/vp6Q6N6E6Y/IfZSFXf9oCd6E1F/Ij/vIuhP3fJr5TK5zii3s3dvzHbtiVdfb4L1JxJNtX9AGCNxX73x8Xcaa/826U+pnOXnW6f1J9LzLkBvXHeoV3863/4B6cXQn5KZVMfr6Y03bKn+4Ll+ff0JL39E/YmjN5H1x7m8x16a1ZtY5ferMNdnTacfrDfl72mxv+MNo+iNt6AheuONx9afhvQm2N+psZ8q/SF+e7es/ZtNvwF/B792b7feuArloy818TJOOzvntkB/mvZ3KsXZi/5OdXoR9aeOv6NtL5PYXsZaPI8aPYg1/gBq9GDpN36fDFcbjn88TG+UZQ9AZ1fQt5fQclulr4P0xhW/33/fEVqKKuZhdwu1uwXFQrezI8REBoAbQrNf9Tw0hT77OGp7FTIjWIsfoLaWynv2UsyhijlgAzQdpSfQjAToCftBU3oFtLKK9mpfr6Il+9CGZzCO/QT6A8+iTz4EqUHQDb9M7Ul2drKsra1hmSbJRJJ0Oo2uB+9dm0gkSJcGiJ29h9MBA8aCIIThzBcshaXB3fL95DdjtPR7le7+vhRXSqHrWlWH2h2iqv296pyU+xqglb53xavCyhnVcb8OlRPoTgerTg/EM1PTu0I3aMZw7YxR5zRv3L845VDzD/HG/aoDv2JptXHfKwQkHJKh8spwJ16aGeqkGzxj1MmWd4VExNBVTHdJ3M1bGUAPOMHvClUNVGsPNUuuvKHH4KOuUKidse5Ut/O9b2vVhn7Z9ZS4XjzQIEOvUAr9GqxOjmvsJ/IM9QD78dMdAlur1n48+lN/gUNE/QnNgcseGtYbb+hcJsR+ot7unvPK8dBidUZvwlfkBemNd4VEuN547S1Ib2p+z6uhTXoTQX9C9Saq/gRkN7L+hApaA3pTR38i602N/gTpjXeFREz9CdKbqPrj6+94wkb0JmRFeHR/Z2/rj9P+8fWHSrwqW53Tn3IYSPP646s3PvpTaz9ONXdXf4IvXM5g/RNCGs5p//j647EPgvSnju4E6I+7JPX0p7bCfK7QLv0J0huv/cTVG28YU29qiKw33niI/gTZSxT9oY691OhPTL3xlCS23kTtb0X1l+P6O2W7c6q723qj+ceDrtAif8f7fIvu7/Si3nji9eymTb/v6LubcPtDjMUPsQbGUSOzqJEZrOFpSA/5tHNI6EEr7qDvrqNn19B27qLvrHnK7a1gdx26oyG6c0/9viO0HoXK70J+x37FcyHX7QwJTSADwM2QyKANz2LMfR4tNQBGBnX7A1R21V7R6wwEgx2aeZRZ2RDbV6ucVz6nBtGGZ9CmH0Gf+zz6/nnIjHSkWJ1E1w0SCYNisUgulyOXyzEwMFC1n6+DUoqtrS1WllcAGB8f59DBg2T6+uoOGguCEERphmCAQ635zQh0hVrN55RnUTszBC3Ldqxt59BzvqvnoKp6EiVn0DUDvpLjinta/W3AigRVOsdvxriC2CsQPKGj5OV46Vf/ygoVheswb/XX7a805NCqkDAs/cg47eiJx1mhFWUGakhYsQZc6VbssNwpqilb0Axg1/eEt39TKxRcBurYW8WeXGWKQ7329ju21R2oyOk77e6k31j7x1oR6mNvbr3BpTeVug/olUfVnxbrTY3+lPUmQH/cDdGLehMz/Vq9KX3eqN40pD/helO5l132U1XeiCsQ4upNPf3xsbeK/rjzHEN/Otz+zaZfozflx1WD+hNnhUTZzlx6E0N/IulNzPZvnf6wN/Un4uWD/Z3ScR3yd6Lqj1/ZOuLvRLa/+nrTMf1plnrp19Gbir/jHN4if8cdNunv+OqNN64cc/Jp/zboTc2Ky07rjZe49hY5/QC98ca9+tMWf6cS1thLXL3x0Z/G2r/Z5119/QmkWb3p2PMuQG9q9Ke9/k6933fc+uNX0CC9saMB+hO5/Vvr7zj1r20vo20vw8I5DCOF1TeKGhiH/jFUZhgygyjnTaBGqmKIykIz82Dm0Qq7aMUdtHwWLb+Fltuyv3M3ddvtr77eNPz7Tkz9wRuP4e8IcVFlW1SmaW9rWizYW5sWcjLge48hA8DNYqTs/Xkf/iLazKNYN36ItfCu/UqIu9ehuBvjYpo9qDw0hXH0DPqRH0OfftTeOzjZ17YidJPJ/ZMceeAB3n/vfW7evMn1a9cZGhwimUxWHaeUolAo8N65c3z3u98l09fHQw8/zPH5eTIB+xQLghCGVvaxNHDNEC053q6Zgbb7Vf7CjisNTQfflaZO6KTjFwbORKQ6HpR7j0PrGw9OPWQipDMj1DnemQnqirt7kt4VEFRmjgZ64JGmFPudX8LVofJz6L3dq5q4q5mqwvq5roSBK15c9lKuO594yAzU0NDP7qoIsZ8Ac/SeHRj6NVf5ex97odouos5ADmwBj/1VOtQB9uKNl9P3r65Q+/FJPpb9BK54CbAXl6E69tZevQmokBC98Z4dTW+82QnWG29YpT/17KflehNTf4L0Jqr+1NhbTP3xPs/i6k/gc84Vr6K+oMTWnyjNVz7ex368Kzvj6o/vDe+nPw5hehNTfyIkX19vvGG39If68UqFVcci6k9gLgLMvff0xyFMf6prK+js4PYPsRdvGKg3znEN6k9wi1WHe9LfiaA/AfYSSX98W8ohTH+qy989vQmwnzp6U47Xa7Em/Z3e0Bsn3QD9aYneBNiPn954zdFVXzX2E6Q3UfXHT2/i6E/L/J2gDHvtp5pAvQkyR29Yt9mc9q9jP06EW22UAAAgAElEQVT/XXPHo+tPdH8nwH6C9MZTvQ6t158AvfHGXXbjZNCxvyD9qW7/gDC2/lTTK7/vRPV3akIzj7G1BFt36h8XQX+Uz2Gh+hMz1Vr9iW9/5bbzxBsiSkYFQWgITSklt1ArUAqKu6iNBay1m6i166i7V1Gbt1Bby5DfQuWzUNgpve5ZA8OwX/OcGoTMMNrgfvvv8Az65ENoYw+gDe3HHmG5N1leXubSxYu89Fd/RT5fYHL/JHNzc+zfv5+h4WEMw6CQz7O1tc2dpTss3LzJ+vo6U1PTfOYzn+HRU48ir38WhMa4/bUhHEdYK3l05VB3Ob5UHF77fnN1GTTHXbZx34/eVy65j7OP9XzudfAD8t3oHe+ViqAOl9fBbtqRjhr69S9dZW7tw9rHZY/cwW02dAju8JQrpOHWboCYHYyQ0rSlgxW1PxSpQ9ZUBysohRhhsz+wxI63svzN46s3ndSfOtXt1Z/mCdIbJ0Nd0J+YA9otp0n76wX9cYikN02VP2qK3dSfmIj+1OpNy/Qngr30nP74hO2kyfTaoj9RzvPJbsv0J/IVW2AHDdubtwAN0mm9wZP7LuhNVH+n+eroJb3x2pu3QlpS4HDi3NB1Tg+Lx9KbTupPrPJ3SG9a2t8Kocn2j0skvWmy/dulP80TpD+NtH+zYYlu648g3MNc/pdvxDpeBoDbhVlAbS2hVj/GWvnE/v/2CuzcBbNgi14ijdY3BgMT9qDvxENoowfQ+sdL+/zGeLDuYba3t3nvvfd4+623uHTpEsPDw0ztn2JicoJkIsnu7g5r6+ss3lpkeGSYubk5zvzETzA+Pk4iIYvYBaFRFr82XNrLt6Q2WmkvX0Av+WVV33s+9x6nFFV7AKMq13X8O+c853MH53M3QXM7ApWxyu/0etS1M37b18H2OtTeDAbFm6TFHarYHe4OdKgcfOMtLX+EDnjbOlQOIfFe/AHZWz3BuW9Lh7p7M5S9CdbqT0f0pu4Eig7oTSf1p4H2b7veNFz+SClWh13Xn1aWvwH2gP44tF5/AvSmp/WnxXRJf5p5/vSO/kTVG288pP1bYl8OIfbTab2JmX7L9cYbRrA3h47pT00KndAbr/05tFh/7gO9qWs/ri8Cb/fItEhvOqk/bW7/UKLcHtEPb43edFJ/qjIUpD9t0J1Q+3NV0B7Sn7Dc9rL+dOR+E4Q9hAwA9wpKgVVEFXahkEXltyG3CfksKGcFcAJSA/b+walBtFS/vSeAkaClD40exzRNstksCzdvcvXaNa5fv87G+jq53V00TcNIJOjv7+fAgQMcPnyY2QMHGBsbI5lMIqt/BaFxFv+3ITStpDaavdLXvQIYZa/0Lb8yiaAVwE6cctw5HqoHXjWXtjkrix2HTqtxqPEdBA6660Pdb63zDq07z5Ec2h7qUFanH7VL14oOlSuM00GP2+EKyE4vdai9tRsUb4i22l8Ee/EdwIjS/s2GTvlr9SYOsTvQ3rDTHeigAnSrQ91pvYmiP3Hs5x7Um1j2E5e26o2XXtIbr73haZDGyh9bfxpo/7brTSf1J1b6HdIb8Xci+TstoSf0p4N647WPFk/QaIn+NFk6h4b1p5PESr8F+tN2vQmxnyjZi3D1buhNS8yjo3rjxXuDdVJ/SoT6O+3Rnzjt31b96Wr7h6Rbk35URe0l/REEwUEGgHsNpUBZ9mbaZgFlFUFZaGgoXQc9gaYn7EFfTed+FTelFNlslo31DZZXltna3CSXszccNwyDTF8fExMTjI2NMTg4iGEYMvgrCE3SyArgquNUSbZK/hyK0sBxJQ5UDeJ679p633m/rzkupoNdXzIacIDbNiPZW8CAeMzyd6OD3VQHihB6qoPlLbDT/g7NdjXj2J9zWGs7TDX204EOdpj9OR905AdkL03ZW9w7IGL7t6RmvQUMoEG9qXd60/oT8zre2q2L6E34DR/HfiIWtxwvJVM3O60vdX29CdCfttBS+2uR3nRSf2KWv+X6E6H4LdUbL3tCf9p4B8b2dzqgP+0rba29dFpvvLTU3iLoTZT2b6feRNGfOjStP23Um0jN11N64w29N0Av6k2T+uOnN53UHz+96aT+tNT+ot4RUdq/Wf3xFjAgHrP8TeuNN7zf9UcQ9hAyACwIgiBEYvFrQ3hX+KKV9vp1VgBr1Z9DZU/fyopgJ14KS59V4tQcg993Pg6eplPj8DXapQqdMxLg/3s7XAGHt6TDFdS/iD/A1UsdnogdoG47/C1OP3aHrIEOVks7YFUX8PbwI9hPs2HTM4SbpMsdzF7Qm9atkNgLeuOkU+f0dtKLetNJ/al7gSD9abPexBrQblJ/Wtz+sZP30xsf/Wm57jjhPas/5RquH9/j+hNbb7xhF/UnPIPd1B9XBbVSb2KVn+7oT8zstVp/HOIXP8ziIrZ/S0rmrcGAeKf1xkuT6TesPz2hN94Eg/TGG2+H3njtL6hGm6TLehNUHR3Tnzq3e/t+33HFu97finC6IAgNIQPAgiAIQiTKK4ApOcKa7YdppbiiekUwpe+c42rijkONVnasy4PFJf/SO56rua/rwvu9Fy3QwXWd6IlrTTu2UTtYzsfeuH9ZWkaHHewad9+vQ9XiDnbdDrdfhyqw/FE7UE12sFvZgQqj2x2qmOkHlbaVHexY9lMnXktE/emI3nhDV4XEsZ+49IjetPMHvTB7C9Kb8BUSbdKbhvQnsIY9cQ8dbv9m0++I3nRSf3z9nVY8f+Lan7dCXPE9rD+hd0cP6094+bupP5Fr2BP30OP6EzSgECf7rdYfh4b0xntG1/THqcAO642XNttbQ/oTkK1WhQ5e/Wlcb7zxJvUnjv3cY3rjTT9qafe23nji7bwD5PedPfT7jiDcX8gAsCAIghAJZw9ggMpKX0orcUt7/pY8K/dev1UrhqvizrXw/R7X9RwP0llpjKb57AFcvcLYTZzuXPlzrfkOTes6OCEX7laHIjLd7MDXtKynQEFxT/H9OjQ+Z7ct9OvQBNRuW+hqB6qbHXhviKdBHELsJ+Rov/Zu9YCBqzbD9acX9aaT+tPxAVNPPCA7HdOfOsXtiP70lP11U3/wNIgrXsd+YuuNNxT9aYPeeOMx9ache/IWKCheTS/4OzXFj1i7LaEn9cahnXrjDak0yB7Tm6j6Ey2D3hNaTFPpx1XYOO3fLv3xFN9Pb3z0p5N6E1V/WkJX7S9Ab2r0p40tEFt/qulF/XHVbnjz3Rf600j7d0Z/BOF+QgaABUEQhEgsfm247D6V9/wtfaCV/vHuCaxh+24alD9wjtXKca0SLx3v4HXX6n3n/b7qc1f6UR3coGsFpxDiALfcsY3pAIfMQG26AxUWRuhQRa3Nhuh0hypW+g10mFrRwY7VYWqyA96CDnWsDrfri67MAO5ohz6m3nRrxU0D+tNSvemk/nS0/ZtNvw36E9n+vBmOGvcvbjneQPuL/jRKN/XHW2An2mG98YYN2Fud2myN/nSShvTGG2+x/sSxnz2gN157C9KbmvHjdtATeuOk1069CbAfP73xmqMrxy3XnxbYX1DtRqKj7R83fe8N0Ab9afh55y1A/eIFxrugP1W1VUd/ut/+zaYfwV56rr9VHfai/gTVZkN0W38EYQ8hA8CCIAhCJJaWlgDQNI3yvr11/l/vs3ph0GdBxwR9H+XzejRyjiAIgiAIgiAIgiAIgiAIgiB0m3ffvxLreD38EEEQBOF+pdVzhGTOkSAIgiAIgiAIgiAIgiAIgiC0FxkAFgRBENpC3MFeGRwWBEEQBEEQBEEQBEEQBEEQhOaRAWBBEAQhFjJQKwiCIAiCIAiCIAiCIAiCIAi9iwwAC4Ig3KcEDeTKAK8gCIIgCIIgCIIgCIIgCIIg7F1kAFgQBEFoaNDXe44MHAuCIAiCIAiCIAiCIAiCIAhC95EBYEEQBKFryKCxIAiCIAiCIAiCIAiCIAiCILQWGQAWBEEQQqk3UNuNlcAycCwIgiAIgiAIgiAIgiAIgiAI/sgAsCAIgiAIgiAIgiAIgiAIgiAIgiAIwj2CDAALgiDc57hX0wb9v1v0Qh4EQRAEQRAEQRAEQRAEQRAEYS8hA8CCIAiCIAiCIAiCIAiCIAiCIAiCIAj3CDIALAiCIAiCIAiCIAiCIAiCIAiCIAiCcI+Q6HYGBEEQBOFeQimFpRTKskNQyJusBTeaBqChaxqaXgrtD+8NLBPMPJgFsIp2XFndzpXQKJoOugF6AowkGCk7fg8gen1/cC9rrthwLfdyewuCIAiCIAiCIMRBBoAFQRCEyCilGvoRrdHz9hKmZWGZVukHWEEIxjYRhakUlMZFdU1DN3QMfQ+/nKWQhcKuPfAr3DsoC0zLbtfCjv2ZkYRkBpL93c1bg4he31/ci5orNhzMvdjegiAIgiAIgiAIjSADwIIgCEJHudcGg03TwrTM+37FjdAcllJYRRNTMzF0A8PYQz9S57OQ35ZVvvcTZsH+m9uG1ACk9sZAsOi14LBXNVdsuDH2ansLgiAIgiAIgiA0gwwAC4IgCEIDWEpRLJoo+RVWaCFKQdE0MS2LRMJA7+XJEmYBcpuy4vd+Rlm2DRR3IT1krwzuQUSvhSD2iuaKDbeGvdLegiAIgiAIgiAIrUCmvgqCIAh1kR8bazFNi0KhKHUjtA2lFIVCEdPs0VW1+SxkV2XwV7AxC7Y95LPdzkkNotdCFHpZc8WGW08vt7cgCIIgCIIgCEKrkAFgQRAEoWfYCz9uFk2Toml2OxvCfUJP2ltuy171KQhecpu2ffQIPXn/CD1Nr9lMr+XnXkPqVxAEQRAEQRCEexkZABYEQRCEiBRNU1aLCB3HNK3e+YE6t2Xv9ysIQeS3e2IQWPRaaJRe0Vyx4c7QK+0tCIIgCIIgCILQamQAWBAE4T5mL6y47RVM05IfYoWu0RP2l8/K4K8Qjfx2V18H3RP3i7Cn6bYNdTv9+w2pb0EQBEEQBEEQ7kVkAFgQBEEQQrCUktUhQtcpmiZWtyZtmAV57bMQj9xmV/aIFr0WWkW3NFdsuDt09RkrCIIgCIIgCILQBmQAWBAEQQDasxr4XllhXCzKD7FCb9A1W5TBX6ERumA3otdCK+mGPYkNdw+pe0EQBEEQBEEQ7iVkAFgQBEEQ6mCa1j0zkC3sfZRSnX9NZT7blZWcwj2AWejoq6BFr4VW02nNFRvuLl15xgqCIAiCIAiCILQJGQAWBEEQhDqYlqwGEXqLjtuk7PsrNEMH7Uf0WmgHnbQrseHuI20gCIIgCIIgCMK9ggwAC4IgCA1zr69SMS2Le7yIwh5EKds2O0IhC0pWQwlNoCzbjtqM6LXQLjqluWLDvUFHn7GCIAiCIAiCIAhtRAaABUEQBCEAS14DKPQoHbPNwm5n0hHubTpgR6LXQjvphH2JDfcO0haCIAiCIAiCINwLyACwIAiCEJt7feUv2GW07oNyCnsTS6n234eWKXv/Cq3BLNj21CZEr4V2027NFRvuLTryjBUEQRAEQRAEQWgzMgAsCIIgCD7ID7FCr9N2GzXz7b2+cH/RRnsSvRY6QTvtTGy495A2EQRBEARBEARhryMDwIIgCILgg7Lkhz+ht2m7jcrqX6GVtNGeRK+FTtBOOxMb7j2kTQRBEARBEARB2OvIALAgCIIg+CArP4Rep+02ahXbe33h/qKN9iR6LXQCWQF8fyFtIgiCIAiCIAjCXkcGgAVBEIQaZN8zAKkDodfpwB7AgtAq2mpPotdCJ2innYkN9x7SJoIgCIIgCIIg7G0S3c6AIAiCIPQibRkDLy5x4Ycfcu6TddbypcGQRIaJQwd59skTzA4abUi0QvbGWV5+5wYL6yYMHuQrp7J8441V+/9feZqJtqbeBopZNncLYPQz1Jfsdm46TtvnaSirddf65mm4UOf7n3wRfny8demFcen34E9/G/7OW/Bw55JtGd88DRc+D//4NyGo2op5yOUgMQTpjubOn1bak/fSbb0XFnj1T97kwk4/T77w05weiXPuRb71+x+yEEVjV97m6//lBpszJ/gfv3S8/vUCL5Lh5M99mTMdvJX46FV+541VZp/72/z8Qx1Mtwu0085ae+06dqIZ9I9N8ORPPMPJ0fb6HHsdmQspCIIgCIIgCMJeRwaABUEQBKETLJ3jG9/+hOU89O8bYf7ANOOJbW7fWObKp5f51qc3OPkzX+bM/jalv3KWb75ylc1kP4fnZzk0Mkp6Gs48MwmpfQy3KdnWsM6FN97n050hHnv+MWadj6+8zdffWIW6AyZC73AaPvcPYcjnq0m/D4Wm+OQP7EHu+d+DF05FP+/sH8DNIfj8CzDQvuztGa5c4aMdgCwXP1jg9HOzYWe0n/QITz4+TX/NF0km5FYSHGrspMDK9UU+WbzNa3/+Ept/68s828nJAg2wcO41zi0neeCZZ5gf7HZuBEEQBEEQBEEQ9hYyACwIgnCfopRC07RuZ+P+QH3CS9/+hOVChvnnP8tnD1Z+jj15Cigu8NarC0xNti8LCxcX2FQGR3/sC3zpaGXVz8n59qXZOvKs3Fri2pbJA1AZAJ4+Zg9gD013MW9CdAZh7nTwilWhtcx8Hn7hFIw+EO+8a//GXl38nAwAwzpvvbeEqWUYGthl88oVLj87y1y3H53JIY7On9h7b20QOoufncw/xtMXX+HrP1jnwsUbPPvjB7uVu0hs3F7i2q0MQ48DMgAsCIIgCIIgCIIQC9kDWBAEQRDazOaPLnMlD/0PPlo1+FsmMcvp55/mcBsHFTa2C0CS/uF76JWPQwc5OX+CkwdivZO1BXzKn/6fv8sfXszGOCfL+W/8Lv/rf/m0bbkShCqGjsIjp2FWloQ2zOJFLq6BcehhXpgfgeIS5z/c7XauBKEp+ieG6Afy29vdzoogCIIgCIIgCILQRmQFsCAIgiC0lV2u3MoCGY4+FH2lTdV+vYDRN8TRx57k+eP7Kgc5ey/+2Bc4uf42r11cJ6uAviHmn36Ozx7tLx/j5OX8f/kzznsTq3qFssnmtbO8/INb3N4xQUsyMXecL+1b4Os/WGVo/gy/8swkwXtb1n5+4aU/49Vb+zjzlVlWvnORj+4W6D9+hl95Zh+bix/y1ts3uHJ3F1MBRpKphx7lS88coR9YfvNFvnHBGXBZ5dXf/zNeBXu/yX32npmU82Tnf+3im7x8bpnlnVLdjezjsaee5rRr8L2SpyOsfe99zt8pANC/b5Znv/AMc331WucBvvwL+/lXf/BH/OFX/x5//7jPoH51a3L+G3/E717Yzz/4FzFXY95vOHvz/sLL8OlvwvkXwZqFY78Gv/hlWHoRvvV7sH4FEmfgc78OTzlrwlfgd78M/Cv45QPwZ/83LL4HiVNw4tfgp0+He74f/Am8+if29ZmF6RfgC1+FgymwFuB3XoDNX4V/9muQcp+4AP/uBdj9Z/A/f9WeYnnjFfj2f7DzwCwc/FX4255VtdYm/PVvw/mXIb8CqS/D534NnmzBa4ZXXoTf/Y3q/ZWtTXjx38DF75XSOw3H/z584QxcLdU9AK/A7562/9vp/Zl7BpPLF26TJcn88WP0TxeYfWedhQvvs/yIz36+O1d563sfcm7R1jJjZJJnfypgje7aRV7+3mUurxbsPVknZ/jsoy3Ofvn58FmO3nyT79+089W//yCf/amnmVh5m5feqOj81KmneeGJqdLJS7z2jdc4z0FeeH6Is9+9xLV1EzSD0QNzPP/ZE0zUvZdCdFjd4NX/9DYXdkd49r/9PI957qVX/+RNLhQmef5XzjCn1T4P+/fN8uznnmJu0DWhSa1y/ntnOXttk6wJGBlmH3uMnz01yz007ak15C1ygJFKVn0cWs8rzjP3OX525DJ/9c4Sa0Ug0c/hzzzJl+Ynq+o6rh8zv/om3/9kk2zfQb5yKss3fHyXsg+iVjn/ytu8dStL3gQMg9GZo/zUc48yVff5LQiCIAiCIAiCcP8gK4AFQRAEoa0ss7YB0M94xFc8Zz96lT9++SoLu2kOz89x5tQsY9oml3/wKl9/Z6nm+LVzr/LSDYOjTxzn9PwI/bubXPje93hrndJrko8zNwqQZPbUcc48U/p7aqR6DAvIfvQa/993bnB7N8ns/BxnHp3EuPU+3zy32VQtwCZn/+J9LmwYjE1PMtFXgPwlXn7pMld2khw4PseZZ44xN2hx+8JZvlkq5/DROc48c4TZNEA/c6W8P+b71meT22++xB//4DbLxiDzp45zen6SoZ1Vzr78bV78xLtyb5Ozf3GWa8YUp5+Z4+R0kuzqAi+/dI61kNL0nfxFfuO/28e7v/9HISuB7cHf3/5gH//gX/wiT2Si1tc9yvam/1/Lc9xf/0tYeQx+7l/DAwfgk9+A//Sb8B//sz0Y/PyvQ/I1+OuvgXdRtXUO/sNvw/h/A7/wm7A/A+/9U/gPr9TP2+u/AX/+m/bA8vO/BT/5y7D+2/CH/wQu50GfhadeAOv34Eee++GTl2EdOPOC7V1f/j34w1+HzWP2tZ7/Ktz9bfj3vwd556QV+H9/Gc6+Bsf+OfzCv4ZjOfirX4XvrzRaw3XIw5/+Mrz3ViW9hx6AD/85vHKx9Mro3yq9Y/00fO637PhD9+kK4vwlzl83oW+SuRlAm2P+kAFbtzh7xaw+Vt3mtRfPcvbWLul9szz5zBzzQ9u89ZeXWPZed+ci33rxQy6vWowePMjp00c4rJZ56Xu3iPxOActic2u99m+2dnXy8tk3eGtrhMdOzzE/niR75wYvvfRtvvnKbXLTRzhzaorRZIHb597kpaueclmrfPcvL7MxNMPpZ44xN6KzduMi3/jzs7XlKhNBh7WDPDbXD2qdC+fXq08v7bk8euJR5jTIf1J5Hs6dOs6ZU1Okthd4+Vuvcbl8Ly3x/T97ldeubGLsP2jr+X5YOPsmf+zzzLxv8LGT5Zvv8+JrC+RJ8tDDR8qHRqtnG3PxR/zZu9sMz83Z9mNkufbma1V13Ygf8/LlLIyMcHhfBjPAdzl9dAjY5dxfvsprN7Kknfae6Sd/8zLfevOT9tSlIAiCIAiCIAjCHkRWAAuCIAhCW9lmIxfn+AXefneVvDbEs7/4BR4rrWQ5+URpxdQH73PuVPWKqawxxQt/52mmNIATHOJFvnEhy8KNXTh5kJPzYFy/yOU1g7HDJzjpLOZb2ebce+uV8ahy2v08+Ys/zekRJ+3bvPanb9SuHI5FgeLoCb76peNU1stO8fzfPsjQUGWA6eTxQcyvn+PKtRusPTXJ6OQcJyeXWPvgKgu5DLPzJyhvW+wdI8tf4vsXd6Fvlp//O88wW3ql9pOn3ueb/+ky1945x8KxZyp7CFPAOPwcv/JjpVVv81Pwjdc4v7bEtTyMekfHPfSd/Ar/x9/7Bv/77/8R/Pd+K4Erg7//+H/5igz+8gp83W8Q9vPwj3+zem/gmX8Iv1xagTo/Af/2q3DjZfhb/xlOlRpmZNNesfrJAjzgWjF713PcI2fgm/8ELvxfcP4MnPRp2Pxb8NqLMPI1+NXSIC6n4anj8G//Kfz1X8DcC/D4z8B3vgk/eg1Of9k5Gc7+Aei/Co8PAQv2qt70r8L/8GuQLl1rfgJ+69fhvV+Gp4bg/B/DnRX48W/CT85W8pr8Knz/L+DZrzZWzYFchMsrcPhfwwtnKul9+R/BzjgMAY8chY+ABdmvee38dW4rGJ07XtIMg7n5Kb5/bYErFy+RP3qiPIFm8/33Ob8J/XNP81VnT9X5R3ny/Lf5g3eqJwtce/sSC3mYeuoLvHCypBnzJ5l7/UW+ddkzABtEdoGXvrFQ+3nNGxkgP3KEr/7so7buHu8n9/VzXFnbpP+pny6nf3LQXoV58+YtOOJ6U0U2S9p1HPNzzL70bV69dZXXPjjBC4/4iFpUHT55iKn3L3L7ykcsP+nkeZdzF5cwtRHmT44AC3z/nVXyiRHO/OLnOek8D4+d5Y+/eZUffrDO3BMj5D94n3ObMHTcrecnmPrOf+Xli5e48tQkR6PV7L1FkJ2khzj5/HOcmXHW60ar5/Jl1w2e/bsu/2T+It/65ocslP2TBvwYc4jP/t3PMu9avTsV5LtwkWt3gPE5XvhSybbnH+VMcYnlnYgz7QRBEARBEARBEO4DZAWwIAiCILSVAYbTMQ5fWeDmDjB1sPyjKQDaQY4fzoBaZ+FG9SlDR46UBn9tJsbsH+uz2zFX7ZbTPlIe/LXTnuLkkWZHLzM89IR78BfAqBr8Jb/J5rZBOgUok2LcJK4ucVtB/+Ej5UEHAPpOMDcF7KxyrWppb4ajx6dc8UnGhwAKbEasOnsQ2G8lsAz+1uJaVVr19x/9/+zdeXhU533o8e8sWkEIJJBA7CAjbIGNsPECNo5xvMVrEq+pm8Zu0twsve6Nk6b3Nklvm7Y3vbX7NLlZbpPUaR3HTmzf2Hg3iU2MDRiwwWYxkhFgNgECBEIgoWU094+RhFYkgUYjie/neYTOnHnP+77nzOHM6Pzm976x4GNrE6edXA6OhuEAt7YN3mY3BU2r2n8ToF05kmHercAh2L698659tCGWhVw4r+2n45R5kA9UvgOHiQ2ZfOGC2PDK5U1lqpbHAquFi2LDQh8uiWUDTzwfGlplOQenwChgd1PK8vbFwFUwOaNtNvT4BVC7vuMXHM7YFJiQDbufgve3Q/MXU8LZHY//2S66jTWbq6ElENlkbAEFmUD5Lt5vlbi6Z18VnQ3zn37eBNoO5n2AXQciQCb557W+GobIOyeX7gaTb5GSSdHFrUZzaP6ZM5ER7Ypm5LSqN5BBeiod289KJ4PO5oRt3890Zs7KJRnYv6/dG1Gznl6Hk2cwb3oSHNvPB/uaylRuprgcQhMnx4KDR/bH3pOyxjAp0iqTNZTF2HQ4ciC24c59lUAq48eltsp2PUZu9nBoqKIsHgn1g0Gb82Qak4YDgXRmLriMBa2mROjpcW7R/vNJWgFzJyWd/HxyGp9j0qcWtAn+ntpYckcCFYzclfoAACAASURBVDtYtmE3B2tiUzgQHsNor2WSJEmS1MIMYEmS4mo0I0cAB6o5dADoLjmlvpEIQKDjU6GmdQ3tksQyRvRRxssp2h45Ih3oOLxoz3UyBHa0iu1r3mF5aSXV7aO9w3vfQqS+aZ7BQPvvt4Vajl2kzbFLZ+TI3rfTXsdMYAz+dqoXWaVZnRVK6dlXFzPzOpZLafoWRqSuQ3EA6psi/qFOvq0RBKg9OUz1vFthzV/COyXwiQJ4dzGwAC5qmke79mjsd+lfwA87aSu4ByiAmkN0nRVNLADcpxm4GXD7T+C578Mrd8IrQPICKPwjWNSD+ZHPInWbd7C9ARiTzaS6SqpanTa5OalQWU3JB2XMuywPqI/NQQodz7sO19L6pmvQyWtSiyA9n6s2KYOpM8/tOA9xJzp/f+ik/c6kDWNU+3LJQVKAukjn2co9vw6HyCvMY2TpDrYUb2Ph2GmUfVDGEZKYObPpCyAn6mPvSeWlPPHb0o6NBas4SD3VdQAnKP7DUoo76dPhCs7ObPZ250nhtBReeHozxcveIef2hcxs/p5Mj44zLfWkZ3SMsiaHQ0B97PPJaXyOGZmV27FwlzKZd00RdW9sZNO6d9i5DgglMXrSNBZe1t381JIkSZJ09vDPI0mS4iqVqRMyePtAFdu37GbBmAmnLp4UjAUBoh2fijStC/c4StBLp2j7yNEezk7ZybZdqdq4mt8VV8HwLArPGcPIJIATbH9/B50MWtmtUFLswESi7SeUjbQcu1Ccjl1a4af49p2/5buPPs6h6fBhWRafe8Dgb0JUlsWCta3jT7VN6a6hLsb1TmoKaEQ6Ga+9EdoEnzMWQH42bHodrgbeWw75P4ac5rqagsh5fwkXTulYX+o0IDmWLcw8+Nh9nWfgjuti/85EylS441+hsQ4q98D7T8GqL0PVj+HT8+LQ4GBUyftbmtJ7D2zjyd92PqdodWkJ6y/M4/zkJJKbryvtLz0drodJTdegpmtS6wBZI/RwAOj+U3Ocw1HaZvLWNcaSx7u4mPbqOpx5LjNzdvD2rh2sr4H92+shp4BLm+d4b35PGpnLghmdfFsnOYsRJHEwBLF5YqcxtZMs0oxO54w/CyUXcGn+dn5bXME775Yx87Km/PQeHeeTqjsZIqOuKaIbDtE/n2PSJrPg+sksiJ6g+vBBtpeUsGZLCb89Dp+7/uTw7JIkSZJ0NjMALElSnGXMKmBm8TsUl77P78Zlcc3UdgN9Nhxg3crd5F5RRF52HuPTdlO8fzfrawpODp8Y3U3JzhMQyCSvmxjyaWtpewdrKgtODgMd3c+mHe2zf0cyKh3KjldzMAqjmwIE1R+Wsb+HzdU2DduYN3shC85pWlmzkdI1QFLbsrGsoXpqaoCuhomcPIbctyvYv3MHZRfnngxa1GymdD+QlsWkPsj47cqICz7Ft3mO770Mn3vgFi5yKMoEWQyb/vTkHMAA6xcD2TC1i5lAp8yOBXg3rYEFt54M9taugVIg86LY8M0AJEPRvVD6fXi8DGoLoKhV8DT7fMgEDtfCzHZDSreOieXfD8WLITwTzmt3sjQQh0/pdbE+jcqAYDKMmgof+1MofQoOtPrKRSgbOAY1fd3+ILGvhJJKYPgY5p2X1WkgqeqjUtaXV1K8qZLzizKZNj6TZXsr2fLBNhZceXL48uoPdrf7MssYpo5LYtOWSja9X0lhy7yqEcq27KeHX7PpR5WUflBNYfMcwETY/uF+6oDcsV28EfXqOpzK+QVjWFN+gE2vfEhVQ4ipBTNOHvPm96TqRtILzmVq60B0tJ4ISYSg5fhXB/IonNl6/gKINNQT8i/eFqPnTCWvdDNlLV9goMfHuUWHzyfb2LSz/uTnk+S++xwTbvrCRG1NhJM58ic4UlHPyKwMCKSSnjWBwstSOLJ3OZuqYtnKeV3WKEmSJElnD/8cliQp3gITWHjNEQ6/Usr2N5fw2KZMJo0fS3ZaPYd2HWDnviqqo0kUFhSRl5PHRXOy2LaygrefW0LZ1DwmJlVTur2M/TWQUTgrdsM2Lk62ve65V9hfMIGpTW1XRZKA+lZlc5k6PolNWyp4+6XV1EzPgKP72FRS2eMsttG5GSQXn6Bs7RJePzaRUfUVbNlxhOoOmUFjmDk1nfXrq1jz8nIazstiVPZU8tuPMJo8g0sLdrC4uIwXnlnKzKljyaivYMv2AxyJhph04flxvyk84oJb+McL4tzIoHUMStfQ6TcExlwAY/roxM6YB2/8Bey4BaalwLtPQdkGyPkunNtFG8nzYMH18ObfwyMfwQXzob4E1j4GjbPh4ze0LT9tEWR+H8pfgcxvwbTWT+bBoi/BM9+HH38Ec6+CkcDud2JZwwsfgwsz4NxbYfVi+P29sO1+KMyD42Xw4VI4dBF89d5uhrwugz88Bp3NMX7RvR2+REHVcvjpP8GYG2DmRbE+bVkcG2p6ZqsdmHUvbPo+PPt9uGI+jJkJeWfLtxkilBbvp5oQU4supWhqF2mKkyPsf7qU/aUllBVdTN6551FYspJNO9bzH8/tp3BGBnVlZWw5UEsy0Hrg8bw5+eTt2EzZ+qU8cWACMycmU7W9jC2VjYToYRZwfRXbizd38l8pidHT8sntq/eIlFSqNy7lyf25nJOXzOEPd1F6JAIZE7j03C6GN+jtdXjqVM555wDFVScgLY/CNse8+T3pAL97cgmTpuYxcQQcOXCAnTsrCRVexZ1zMkluPv7rl/LE3jzyp2aQXlPF9j0HKDs2kmvuWtA2qHk2a8kCrmT9u2Wcf1kePT3OLVUMr2dty+eTKjZ9uJ8jdZAx87ymzyd99zkmf/oY3tp9gNLlfyB8Xh7ZWXkUDt/Gkhd2UJWRydTxY8gdAUd27WbTMQiNy+zR0OiSJEmSdDYwACxJUn8YOYtbb8+leO1m1m+rpHhDSWx9OJXR4yezYN4spjbFWNLPWcidaet4/d3d7CwuZScQSssg/5IiFhVkxbWb6ecs4NOhd/ndu/spKy6lLJBEbkERt2bu4IlVFYSST961zbv0MhbUvMPbe8pYcwhCGVnMvaaAPUtKejaE8+RLue2St1ny7gFKN5RAOJ38y2aRsm4dm9oVHTnnchbVrOTtbQdYt/oAGTNHkz+9fYUhci++hjszV/P6+oMtxziUmUXRgouYN8HxmBNrDfxhTedPXfEKjOmjSTqTF8Ad4+H/fRc2bYfwbJj5r3DjglMHVOd/F0aeD8uegtcfA/Jg7J1w270woX20Ig8Kr4IVS+HCRR3rmnE/3FcAL/8Klv9FLPM37Soo/BZc0PQfPZgHf/IULHsE1j8C28ogOBVyrofbbu3BfMclUFrS+VMz7u0452nGVXDTQVj5Mrz52MljVfQIfHz2yXJT7oXr6+CNxfDKYzDzEbh1NmeFyvWs3RmBzMnM6yr4C5B2LvOm7+CF0v1s2h4hb2ouC25ewMhl63h7z37Wrd5PKHMMl143me3PbW57PUwr4KabUln+1kaK9+1mzb4Q6WPGcc3lsPz13XQcXLcTtZWsW13ZyROpFI7JJ7ev5rtNGs2iRRmsW/oha3ZHIBBi5Lh8Lr9qFrldBlR7ex3Oo2BSKsUlJxiZX9DhSzrp5yzkzsyNLFu5nT0lpeyMEnvfnFTAwllNQclALgtuW0ju2+/z9vYy1h0AAiGSR2RSNP98g7/tjJ4zmdySEvaXbmb9nDzOT+vhcW6SMr6IGzJLefmdUnZGgHA6eUWzuGH2yXl8++xzzORLueHC5bzxfgXF60pgXJDCa2ax6OITLNt4kNLiSkohNgfw1HNZdHmBwz9LkiRJUpNANBrtxWx9kqShYv/+/QQCgZYfoMfL7X939Vx369ov9+Rxd+u70tvytXX13RcaiqKxm/xtRShb8QovlMLMa25kYTzmJtVpSUlun+bZh6p6Opj3QHEIfn498F34/PVxbqsK/nMRHH4A/mt3mbpqkZHbfZnTcNZer+PmAMt/u5xNTOBTn7oozhmVlaxZvJR1x8ew6J4F5A/wYG28rrmD4hw+9A5PvLgbZi7gnovHJLo3/SKu77GSJEmS1Evvbdzeq/JmAEuSpCYRyla+wgvbQ+SOy2T0mJGMTKrn0PYyig/Uw8hpnG/wV4Jti2EfcMkig7/Smdi+kfWVkH7O1AEf/JUkSZIkaTAxACxJUicCATj7xsgIkXfxxSwMb2b9toNs2t2UARpObRlacWRiO6hWepnUfhoNBCHaGOdGBqM6ePcx4Fa4MN6zSg8hgfhFys/O6/VQUM364gNESKfgvIH/fyme11zP4YEn7u+xkiRJkhRnDgEtSWcph4A+tbr6BnyL1EAWCARITorjd/mqKyAyCIYl1eAQSoL0+Mxh7vVa/SGe11zP4YEn7u+xkiRJktRLvR0C2kHrJEnqRNDUDw1wcT9Hg974Vh+K4/nk9Vr9IZ7nmefwwONrIkmSJGmwMwAsSVInAkFv/Glgi/s5GkqKb/06u8TxfPJ6rf4Qz/PMc3jg8TWRJEmSNNgZAJYkqRNmfmigi/s5GkqOb/06u8TxfPJ6rf5gBvDZxddEkiRJ0mBnAFiSpE4EAgFv/mnACraaezt+jYTMAlbfCCXFzqc48XqteIv3NddzeGDpl/dYSZIkSYozA8CSJHUhGPJtUgNTv52bSan9046Gtn44j7xeK5764/zyHB44fC0kSZIkDQX+ZSNJUhdCwSAmgGigCQRi52a/SEqHgB8XdQYCwdh5FGderxUv/XXN9RweGPr1PVaSJEmS4si/bCRJOoVQHIctlU5Hv5+TycP6tz0NLf14/ni9Vjz053nlOZx4vgaSJEmShgoDwJIknUIoFHQeOA0YgUCAUH8PTZmc7lzAOj2hpNj501/Neb1WH+vva67ncGIl5D1WkiRJkuLEv24kSepGOGw2iAaGhJ2LKRmJaVeDWwLOG6/X6kuJOJ88hxPHYy9JkiRpKDEALElSN4KBAOGQNwWVWOFQiGCiMsNCSQaB1TspGQnJHPd6rb6SqGuu53BiJPQ9VpIkSZLiwACwJEk9EAoFHRZQCTMgzr/kdOcDVs8kD+vXoZ/bGxD/XzSoJfocSnT7ZxuPtyRJkqShyL9yJEnqoXAo5A1C9btQKDhwssFShhsE1qklD4udJwnm9Vqna6Bccz2H+8dAeb0lSZIkqa/5F6UkSb0QDoW8Uah+MyDPt5ThDgetzqVkDIjgb7MB+f9HA9pAO2cGWn+GGo+vJEmSpKEsnOgOSJI02IRCQQLBAA0NEaLRaKK7oyEoEAgQDg/g+QiT02Pzu9ZWQaQ+0b1RojXPEZ2AOX+74/VaPTGQr7mew31vIL/ekiRJktRXDABLknQagoEAyUlhIpFGIo0RvCervhAIQCg4SIb9DCVBehbUVUPdcYg2JrpH6m+BYMLn++0Jr9fqymC55noO943B8npLkiRJUmcCgUCPvxgcCAQMAEuSdCZCoSChUJBIYyONkUYavSur0xAMBAiGgoSCg/CmdHJ67Ke+GupPmBF8NgglQVIqJA3swG97Xq/VbLBecz2HT89gfb0lSZIkqbWU5CRO1Nb1uKwBYEmS+kAoGLuxGI1GaYxGiTZGm27MRs3UURuxEScDBAMBAsGm30NhGMqk9NhPYwQidbFAcGND7LHZwYNXIAjBEATDscBvKDn2eBDzen12GYrXXM/hrg3F11uSJEmSADKGpfc4AJwxLN0AsCRJfSkQCBAKBMAkE52tgiEIpkFSWqJ7Ip2S12sNdp7DkiRJknT2yBqZQdXx6m6DwKkpyWSNzDAALElDWqQOSl6Hj1bB3k1QsQOOH4KGOnJCSUTTsohkTqAhp4D68XNpmLaQaCipJVMiGo12WG69TpIkSZIkSZIkxV9eTjZl5Ye6DAKnpiSTl5MNQCDa0xmDB4n3NpaybmMpJVt3cajiaMv69LQUJublUDQ7nzmF+WRnjUhgLyUpzna/B2t+Be8/Aw09GxYCgHAytTM/Qe35txMZNxuIZZc0B3xb/+5qufXv7ta1X+7J4+7Wd8WgtSRJkiRJkiRpMKqpbmhZrjhSRdXxamrr6oHYnL8Zw9LJGpnRUmbIBIDXbSzlN4uXtgn6nsr8eYXccu18A8GShpbDO+H3D8cCv2eo7twbObHgKzSOnGAAWJIkSZIkSZKkBGkdAO6JQR8Arq6p5T9+/QrrNpa2WZ+WmsLE8WNaHtfU1LKr7ECbMulpKdx161XMn1fYL32VpLha8zi8+J3eZfx2J5xMzaL/Tt0FtwMGgCVJkiRJkiRJ6m9nVQC4uqaWh37yJLv2lLesmz+vkPnzCimYPrHT8ivWbOT3y9Zy6PDJTOH77r7eILCkwe2lv4UV/x636msvvJcTi75pAFiSJEmSJEmSpH52VgWA/+5fftkS/E1LTeEr99/aaeC3veqaWp57dQWvvbm2ZZ1BYEmD1jPfgHd/E/dm6mZ/khM3fBcwACxJkiRJkiRJUn/pbQA4HKd+xN1zr65oCf5OzBvD1798F+lpKW3K7NpTzm8W/wGIDfc8Z1Y+8+cVkp6Wwt23XcWk8Tn84tevAPCbxUspmD7ROYElDS4v/W2/BH8Bkjc8AynDObHom/3SniRJkiRJkiRJ6r1gojtwOg5VHOX5JSuBWObvfXdf3yH4C7BuYyklW3dRsnUX6zaW8otfv8Jf/cPPWgLH8+cVcvUVc4GmrOAlK/pvJyTpTK15PK7DPncm+Z1fkvz+0/3apiRJkiRJkiRJ6rlBGQBuHai95brLmDg+p9NyRbPymTF9AtmjTmb1Hqo42mbe4Fuum9/y/Io1mzhUcbTTuiRpQDm8E178TkKaTn3tHwke2Z2QtiVJkiRJkiRJ0qkNyjmAH/jWD6muqSUtNYUf/MNXe7TNoYqj/OgXz7Kr7AAA2Vkj+N5ffwGIBX6bh4K++drLuOW6+fHpeGtVpSxb/CJvbN1P1fHYuN3hYRnkTp/P1R+/klljB8Po3Bt59C8fZeP5n+V/3zsr0Z2Rzi5PPQDvP5Ow5hsKb+bEzf8EOAewJEmSJEmSJEnx1Ns5gAddBnDJ1l1U19QCsSGceyo7awTfefCzzJg+AYgFhFes2QTAnFn5beqPt5qNT/Ddf/gpL2wPk7/gNu75zD3c85l7uG1BPuEdr/Hov/wPvvdkMVVx74mkQWn3ewkN/gKENz1PaO+GhPZBkiRJkiRJkiR1NBjSTNtoHroZoCB/Yq+3v//uG/irf/gZEAsKA6SnpTAxbwy7yg7w4dY4D2vaWMyLT62javTVfP1r15HTJgRfxMUfv4OKtU/x9N40MuLbE0mD1ZpfJboHMWsep2rRt5oygJtXmgEsSZIkSZIkSVJfSgql9qr8oAsAN2f/Qixw21vNQz9X15xoM3dw2mnUdVq2bmRDDUy+dn674G+zMFlz7+HP+qc3kgabSF3fZv9e8W8w7l148qe93jTtw5epXvQdosFkh4CWJEmSJEmSJGmAGHQB4L6QnTWCbEYkpvGUVMJATU0N9CbHt7GC4pef5YV3Sik/3gDhNMafdzW3fXohk9Nal2ug/IM3eOX1FWzdV0VNA5CSxeS513HPrUVktQo6b3zsL3l0/Sw++483Uf/8E7y6dgcVqQv5yl/fxGSAhgrWNa+vBcJp5Ewo4uq7bqIou+2p03BoHc/+6lnW7q6hAQiPncVNd3+G+Xln5SkmxU/J69BQ1zd1XfFruGYW/O7vT2/7hjqSti+jLv/jfdMfSZIkSZIkSZJ0xozO9bcJMzl32DJW//4Rnsi6nzvm5BDubibmxnJe+8FDvFqew6xFt3H16CSo3cOaJS/wo/9dzp99+3bym+qoWvUIDz2/n8kzi7h64XgygPo9a3j1zSf4fmMGf/vp/HaVl/PaD7/H/uOTmTn3OhZNzScLoGYjj/7vR9lYk8HkS27iuqkZUFvBhjdf44l/Pgp//1mKms+efa/xo4ePEp53NXcszICqHSx7fQXP/uDf4L9/hfmZfXkApbPcR6v6pp7m4O/Su+DN05/7PKnsXQPAkiRJkiRJkiQNIIMuANx62OZde8opmN77eYA7c+jwUQCyR8U5MziYz+3/9R7496dY/euHWPdkmKxJM5k5YzZFRTMZn53W4UUpf/1RXt03nuv+4gGuHtu8toii88fz6Pee4MXl1/HAFbFs4oxL7ucf54UJt65kThG5jd/lR8tXsPGT+cxqE3Aup2L0Z/n2X8ziZCJxAxv/31NsPJ7D1V/7OteNPVm66JIr2bO7gvGt6y+vYfpXv81Nk1r1bUwDf/PIatZtrGL+AmczlvrM3k1nXkfr4O/SM6svXF585v2RJEmSJEmSJEl9ZtAFgCflnQwAv7dxKx9feOEZ13mo4iiHKmIB4IL8vgkon9KoIm7/+mxuLPuINeuWsW5tMSuWbGTFEiCcwcxF93DHonwyggA7WL2qHGbczpVj29WTVsTcc57g0Q0bqLpifmxA6WC404zitLQ0aCxn/0GYldP6mRwWXts6+AvUrWX1+hqYeWOrgHOzMOMn5LRdNWUhV05qV2zaJCazmh379tOroa4lnVrFjjPbvg+DvwChyt1nXIckSZIkSZIkSeo7gy4AnJ01gol5Y9hVdoCSrbs4VHGU7Kwzy9p9bsmKluU5s9oPkRwvYdLy8lmYl8/CG4GGGirKNrDsuVdZseSnPHTwfr5990zCVFFRCVQ+zf/4y6c7ryqnhpYZhRurKF3+DC8u28r+yth8vK0KdrYxue1XH6miAsiZNKVnJ8iIER1DvMnpTXMdn+hJDZJ66vih09+2Zc7fG85o2OfWgicq+qQeSZIkSZIkSZLUNwZdABjg4wsv5Be/fgWAX/z6Fb7+5TtPu65DFUdZsSaWBZc9agRF/RYAbiecRtaki7ntq7PJe+RveHrta6y+cSbzmyOr593Otz99bufbBtOaArANFD/5EI+srSFj0nyuv3EyGcNyyB87gv1/+BE/fbN/dkVSHDXUneaG34Vr5sPavgv+nll/JEmSJEmSJElSPAzKAPCcWfmkp6VQXVNLydZdPPfqCm65bv5p1ZWWlkJaago1J2q567ar+rinpyONKROyoLiBmjqADLIygaMnICOjm8GUS1n3Xg1MuIm/+OrCNmVrUnrRhZEZZAHFZXvoPGtY0uDzbfjdOXDNb+BQHweBJUmSJEmSJEnSgNHJbLED26GKozz0kyeprqltWff8kpU8v2TladWXnpbC9771Bb7ztT/un+zfyhU8+uhqKhq6eL5mI6+srIBR05mZDTCZojlZsPs1ntlY00n5CipaVodJSgHq6mlTsrnOnkqeS9F5wMbXeHVfx6crDlf1vC5JfSucfPrbvnk3/G4jXPMyXFWY+P5IkiRJkiRJkqQ+N6gygEu27uLHv1jcEvxtztwFeO7VFZSU7uK+u6/vdk7gD7fuZsb0CS2P09NSSB/fP5muDeUVlBcv43vfepacGRdTVDiZrKbs3Ko961i9vJjyxvFc98WbGN+0zfgb7ue6LQ/x6mMP8aNLrmT+1AygnoriNax4bwcs+ArfvnkykM/Cj41n9cuv8m8/q+G6eeNJqt3DmiVrODosA473tJdhij55D+t2PMFr//pdSpvbrK1gw/LX2Fg+k3v+/rMUDaqzRxoihmVD5d7T3/7Nu4FfxzKBuQuWbjqj7jSmZp3R9pIkSZIkSZIkqW8NmhDe80tW8tyrK1oeT8wbw123XdUmIFyydRd/9Q8/o2hWPgX5E5mYl0OUKAECAKzbWMq6jVs4VHGUq6+Yy90JGPI5fM5NfP3vrmTHu2/w2qp1LFu8gpqmbOBwRg7j593OAx+/mPGtx28O5nD1f/0rxr/+Aq8uf4UnVjYAYdJyxlP0yQe4et74lqI5V32FB1If5+klK3j68QZIyeHiTz/AbQcf4aElvehoZhH3fy2DZYtf5I21L/DESiCcRs6Ei7nnGzcZ/JUSJWvymQWAoU+DwJHMCd0XkiRJkiRJkiRJ/SYQjUajie7EqVTX1PKbxUtZseZkgGL+vEJuuXY+P/qPxezaUw60zQbuiTmz8vnKfbf2eX8lKa5e+ltY8e99U9cVv4ZrZsHvTn9O4Jqiezm+8JsEArEv2rT/3d269ss9edzd+q70trwkSZIkSZIkSYPRgJ4DuLqmlod+8mSb4O99d1/PfXdfz3NLVrQEfyfmjeF73/oC9919PRPzxnRb7/x5hdx9a/9n/0rSGZtySd/V9ebd8LvlMO6G066iPu/CvuuPJEmSJEmSJEk6YwM2A3jXnnIe+smTbeb7/caX72Ti+Bx+v+xdfrP4Dy3r/+bBz7aZ9/dQxVFKtu7iYEVlmzoL8idSMH1i/+2EJPW1SB189zxoqEt0TyCczKH/spJoKNkMYEmSJEmSJEmSBogBOZNr++DvxLwxfOW+28jOGsGuPeUtwV+A++65vk3wFyA7awTzswr7s8uS1D9CyXDBJ+Hd3yS6J9QW3ERjMAnDqpIkSZIkSZIkDRwDbgjoQxVHOwR/v/7lu8jOGtHyXLObr72Moln5ieqqJCXGvD9KdA8AqJl1e6K7IEmSJEmSJEmS2hlwAeBfL17aIfibnpZCdU0tP/qPxS3PzZmVzy3XzU9kVyUpMSbMiWUBJ1DtzJuoz52V0D5IkiRJkiRJkqSOBlwA+L2NpQBkjxrRJvj70E+eZNeeciAWGL7v7usT2U1JSqyPPwjh5MS0HU7m+CVfTkzbkiRJkiRJkiTplAZcALhZenpqp8HftNQUvnLfbaSnpSS4h5KUQKMmwY1/l5Cmq674KxoyxyekbUmSJEmSJEmSdGrhRHegvexRIzh0+Ci79pTz0I+f5ODhSg5VHAViwd9vfPlOsrNGJLiXkjQAzPsMHNgCK/6935qsnvNHVM/6FIF+a1GSJEmSJEmSJPXGgMsAvuu2q1qWS7bu6hD8nTg+J1Fdk6SB5xN/Axfe1S9N1Zx7G1VXfKNf2pIkSZIkSZIkSacnEI1Go4nuRHvra8tvrQAAIABJREFUNpbym2eXcuhwLPg7Y/oE7r71KoO/ktSVl/42rpnAxy/4DMeu+AYEYrm/gUCAAK2WW61v/bu7de2Xe/K4u/Vd6W15SZIkSZIkSZIGowEZAJYknYY1j8OL34GGur6rM5zM0cu/Sc2sT8UeGwCWJEmSJEmSJGlAMwAsSUPJ4Z3w+4fh/WfOuKqaGZ/g2MVfIpI5/mTw1ACwJEmSJEmSJEkDmgFgSRqKdr8Ha34VCwT3JiM4nEx1/g0cL/wUDbmzgLYBXgPAkiRJkiRJkiQNbAaAJWkoi9RByevw0SrYuwkqdsDxQ9BQRzSURGNqFg0jxlM3ega144qom3wF0VBSh6CuAWBJkiRJkiRJkgYHA8CSdJba8dGeluBtZ8HeDoHd9kFeA8CSJEmSJEmSJA04wUR3QJIkSZIkSZIkSZLUNwwAS5IkSZIkSZIkSdIQYQBYkiRJkiRJkiRJkoYIA8CSJEmSJEmSJEmSNEQYAJYkSZIkSZIkSZKkIcIAsCRJkiRJkiRJkiQNEQaAJUmSJEmSJEmSJGmIMAAsSZIkSZIkSZIkSUOEAWBJkiRJkiRJkiRJGiIMAEuSJEmSJEmSJEnSEGEAWJIkSZIkSZIkSZKGCAPAkiRJkiRJkiRJkjREGACWJEmSJEmSJEmSpCHCALAkSZIkSZIkSZIkDREGgCVJkiRJkiRJkiRpiAjHu4HDhw/HuwlJGrBGjRqV6C5IkiRJkiRJkqSzSNwDwAY/JEmSJEmSJEmSJKl/OAS0JEmSJEmSJEmSJA0RBoAlSZIkSZIkSZIkaYgwACxJkiRJkiRJkiRJQ4QBYEmSJEmSJEmSJEkaIgwAS5IkSZIkSZIkSdIQYQBYkiRJkiRJkiRJkoYIA8CSJEmSJEmSJEmSNESEE90BSVLfqKluaFmuOFJF1fFqauvqAUhJTiJjWDpZIzMS1T1JkiRJkiRJktQPDABL0hBSX99AWfkhTtTWtVl/oraOE7V1VB2vJi8nm6QkL/+SJEmSJEmSJA1FDgEtSUNIZ8Hf1k7U1lFWfqgfeyRJkiRJkiRJkvqTAWBJGiIqjlSdMvjb7ERtHRVHqvqhR5IkSZIkSZIkqb8ZAJakIaLqeHVcykqSJEmSJEmSpMHDALAkDRG1dfVxKStJkiRJkiRJkgaPcKI7IEnqG9FoNC5l1XcCAQgGAwSDAQLBAIEABAKx35IkSZIkSZI0kESjsXvJ0ShEG6M0Nv14e3ngMwAsSVIcBQIQCgcJhWKBX0mSJEmSJEkaDJoTWAAInby32dgYJRKJEmloNBg8QBkAliQpDoKhAOGmwK8kSZIkSZIkDRXNoxwmJQWJRKI0NDTSGDESPJAYAJYkqQ8FgwHCSQZ+JUmSJEmSJA19oVCAUCgUCwTXN9LYaCB4IDAALElSH0lKDhIOBxPdDUmSJEmSJEnqV82B4IaGRurrGhPdnbOeAWBJks5QKBQgKTl4cj4MSZIkSZIkSToLNU+LV1/XSMRhoRNmwAeA31q9kW0flVG2/xC79x6ktrauV9tPGDeG8eNGkzN6JLdcNz9OvZQkna3CSUGSksz6lSRJkiRJkiSAQCBAckqI+vpGGurNBk6EAR0A/uEjz/L+pq1nVMfuvQfYvfcAAO9v2spX//STjMoc3hfdkySd5RzyWZIkSZIkSZI6l5QUJBDAIaETIBCNRgdk/vUXHny4zePpU/KYNmkcqanJvapn2469bN1RxokTJzOH//k7X2SkQWBJQ8x7G7f3qvyo4ckEAoGWH+CUy7ReBgJ0Ua7V7+7WtV/uyePu1nelr4dnNvgrSZIkSZIkSd1zXuD+NyAzgJ97dUXL8tRJ4/jkJy7n3HMmnXZ9Bw4d4ZmX3mLNeyUA/ODfn+E7X/vjM+6nJOnsZPBXkiRJkiRJknqm+V6qQeD+M+DuXq9au5nnl6wE4KILZvA/HvjMGQV/AcZkj+TP/vgmPnf3dQDs2lPO/3th2Rn3VZJ09gknGfyVJEmSJEmSpN4Ih4OEk7yv2l8G3JH+4MMdLcs3XXNZn9a9YN4spkwaC8DaDaV9WrckaegLhQIk+SFFkiRJkiRJknotKSlIKNS3U/WpcwPuLnbZvkMATJ6Qy/hxo9s8V1K6i43FHee4fO7VFZQfPNJm3bYde/nD8vc6lD1nyngAyg8epuZEbV91W5J0FkhKHnBvm5IkSZIkSZI0aHiPtX8MuDmA9+6PBYCnT8lrs37H7v089JMnAbj52su45br5ADz04ycp2bqL55es5GcPPwjEAsXNZevqG7j2Yxe11DNtSh4sexeAfeWHmdqUESxJ0qkkJQcJBPx2miRJkiRJkiSdrkAgQFJy0PmA42zAhdlr6+oBGJae2mZ91bHqluWkpI5x64xhaVQdqwGgIRJpWX+itq5NuYsumMHkCbnkjR3NqMzhfdZvSdLQFQwGnPdXkiRJkiRJkvpAOBwkGDTZJp4GXAZwV2bNnMrN117GkcpjTJs0rmX9zddeBkvg/POmkTE8DYDpk/O4/qp5HD1Wzfx5hR3q+tZ/u7ff+t0Tu/aU8y//9jSBQID/9sXbmZg3ptd1HKk8xv/6P09QU1PLf/vip5na6hidqT8sf49tO/cybdI4PrZgTp/VK0mDRdh5fyVJkiRJkiSpz4STgtTVRrovqNMyaALAQMuwz60V5E+kIH9im3Wpqcl8+qaF/dWtMxKNwqq1mzl2PJa9vHpd8WkFgOPpw227WfNeCQ0NEQPAks46wVCAUMhvo0mSJEmSJElSXwmFAgRDARoj0UR3ZUgaVAHgM3Xg0BF2lx3kcGUV06fkMXlCbqK7xIFDR1i9rqQle/nd9z/kY5ddQHbWiAT37KQ/++Ob+LM/vinR3ZCkhHDoZ0mSJEmSJEnqe+FwkLqIWcDxMGgCwFXHavi3R58nY3gaRbPP4eKimQA89+oKnl+ykmsWXsidt36s021P1NbxxDOvs2LNpjbrp0/J43N3X8/YMaPi3v+urFq7mcOVVdxx85UAPPX8G7y7/kOu/dhFCeuTJCkmEMDsX0mSJEmSJEmKg1AoQCAQGy1XfWvQBIDffb+Ekq27AGhsjLYEgN9ctQGA3y17l/nzCpnQbvjkhoYID/34SXbs3t+hzq0flfHt7z3C//rrzzM6KzPOe9BR5dHjrFq7mVGZGcyZlQ/A75et5a3VG7jkwnPJzBjWYZvGxiir1xXz/JKVHDh0hKSkMBddMIOPL7ywQ9nmeYEB/stnb+bl11axoXg7jY2NTJucx/33XE/G8HQWv7KC5as3UHOijpGZw7nnk4somnUOgaaYx/NLVvLcqyu45br5sTmX262bmDeGp55fxoFDRwiFgsyeOZXPfPpqRo4YHqcjJ0n9I2T2ryRJkiRJkiTFTSgcpKG+MdHdGHIGzZ3ti+ee27J8fuG0luWpE8cCMHlCbofgL8QCw83B37yxo/mTO6/lz//0k1x20XktZX7+q5doSECK+YbN2yg/eIRZM6cwJnskY7JHMmvmFPaVH2ZT8Ucdykej8NJrq3jkiZepOHKUwoLJFM3KZ8u23fzkPxZTU1PbaTtHq47zrz99mvJDR7jw/BmMzMygdPsefvTIYn70yLOsXreZWTOnkj91PEerjvPI4y9Tun13j/bhnfdKeOSJl8kZnclFF8wgPS2FdRtL+fljL1Fzou6Mjo8kJZrZv5IkSZIkSZIUP96DjY9BkwGcnpbCzx5+kKpjNS3z5QJ8+b5bKSndRUH+xE63ax72uWD6RL7+5Ttb1p9/3jRmTJvAfz65hK0flbF81UaunH9BfHeileqaWt5Y+T6pKclccenslmzbyy46j9Xrinlz1QaKZp9DWmpyyza7y8p57c21DEtP5av338b0KXkANEQiPPrkEla+8wFpqSkd2mpoiHDDoou5+dr5BAKxzON//vFv2LPvIJPG5/A3D/4JIzLSiUbhl08t4c1VG1i3sZRzpk3odj+OHqvmgS98uqUvBw4d4V/+79Ps3LOfsn0HW9ZL0mATCEAw6IcPSZIkSZIkSYqXYNBhoONh0GQAN2sd/G3WVfD3wKEj7CuvAGBeUUGH51sHJ0s/2tNHPeyZLdt2s6vsAOeeM4lJ43Nb1k+bnEdhwRS279zLh01DXjfbULydY8drKJqVz7TJJ/seDoW4ZuGFDB/W8dhA7JhdeP6MliDziIxhTBgXy5a+8IIZjMhIB2LBjnPPmQTEho/uibmzz2lzHLNGjmD8uNHUnKij8ujxHtUhSQORwV9JkiRJkiRJij/vxfa9QRUALindxaaSjzjRbmjh515dwd79h0657bD0jsHR1FbZssFg/x2Kurp6fr9sLQDz5xUSCp1sOxQKMn9eIQBvrd7YZmjq3WUHABg1MqMlmNssY3g6yclJnbaXlJTEsPTUlsets9rGjslqUzYUCvVqX0Zmtp3nNxQKkpw0aBLLJalLfuiQJEmSJEmSpPjzXmzfGzSRupLSXTz0kycBuP6qeXz6poUA/PCRZ3l/01ZWryvmbx78LEmtgo9jskeSnTWCQxVHeff9Ei66YEabOlevK25ZnjZ5XD/sRcy2nXvZvnMvkUgjP3zk2S7Lbf5wB9t37G0Zirl1oFiSFF8BP3RIkiRJkiRJUtx5L7bvDZoAcOsM36PHqluWt31UBsD+A4eprDrO6KzMNtvNnjmNP6x4j3fe/5Bxr66gaFY+IzMzKNm6i6effwOAcDjElIlj+2EvIBJpZOlb71FX38C550zqkEHb7EjlMYpLd7Hs7fVMm5xHKBRkXG42APvKK4hGaZMFXHWsmrq6+v7YBUk6K7QfaUGSJEmSJEmS1Pe8F9v3Bk0A+GML5lBX38CBQ5Vcd9VFLeu/+ef38MunfsfFc2d2CP4CXPuxC3n3/RKqjtfw/JKVPL9kZYcyd9x8JZMn5HZYHw9l+w7y4bbd5IweyZ9+5hNkjhjWabnKo8f55x//ho3FH1G27yATx+cw+9xp/H7ZWjZs3s6H23ZRMD0293FDJMLvlr3LseM1pLUa1lqSdPoCfuqQJEmSJEmSpLjzXmzfGzQBYIBrP3ZRh3W5Y0bx9S/f2eU2Y7JH8pX7b+PJ5/7Ath172zyXkpLMl/7kZgoLpvR5XzsTjcLS5e9x7HgNl18yu8vgL0DmiGEUzT6HV15fzaq1m5mQl8OEcWNYdHkRz726gn/5v08xbXIe2aNGsG1HLAva4K8k9R0/c0iSJEmSJElS/Hkvtu8NqgDw6Zo+JY+vffF2Nn24gyOVx6itq2dUZgYT8kYzYdyYfuvH/gMVbNi8nVGZGVxxyexuy19xyWxWvbuZVWuLufyS2YzNyeLGj19KzuiRLH5lBVs/KuOjXfu48PwZXH3FXP7vo89TU1PbD3siSZIkSZIkSZIkaSAKRKPRaKI70doXHnwYgJuvvYxbrpvf5rnHnv499Q0NXHnZBUybPA6A515dwYdbdzN10lg+fdPCfu+vJA0U723c3qvyo4YnEwgEWn6AUy7TehkI0EU52g7Zcap17Zd78ri79V3pbfm09LPiO1KSJEmSJEmSlHA11Q2J7sKQMmjubr+5agNvrHwfgEiksSUA/OaqDRypPEbJ1l1ccen55Iwe2en2h49Usbe8gt1lBzhRW8fYnKzYz5hRJCcn9dt+SJIkSZIkSZIkSVK8DLgAcEpKMrW1dZw4Uddm/eQJuS3LE/JODtucl5vNkcpjAJ0Gf+sbGvj5r15i7fotnbY3MnM4V1wyu0O2sSRJkiRJkiRJkiQNNgNuCOjv/Z8n2PpRGdOn5PFXf35Pm+f2HzhMY2Mj43KzW9adqK1jx6795I0dTcbwtDbld+0p5+/+5Zc9andk5nD++TtfPPMdkKQEcQjoU3MIaEmSJEmSJEkamBwCum8NuLvbebnZbP2ojK0flbF5y07OPWdSy3O5Y0Z1KJ+akkxB/sRO63roJ0+2LE+ZNJaPXzGXWTOnMiw9lW079rKxeDvPL1kJwJHKYzz36gozgSVJkiRJkiRJkiQNWsFEd6C9aVPyWpafeemt067niWdep7qmFoCbr72Mv37gj7hk7rkMS0+NtTN5HLdcN5+/+8vPtWzz/JKVbNm257TblCRJkiRJkiRJkqREGnAB4MsvnsUFhdMB2L5zL//26PPs2XuwV3UcrKjk9bfWAXBB4fRTZvWOy83mz//0ky2PV63dfBq9liRJkiRJkiRJkqTEG3BDQAN89f7b+MKDDwPwzvsf8s77HzJ5Qi7Tp+S1ZPC2N31KHoUFUwDYu7+iZX3R7Pxu2zv/vGlMHJ/Drj3l7N57oA/2QJIkSZIkSZIkSZL634AMAAP87OEHee7VFS1z9O7YvZ8du/d3WT47awTf++svAFC272TGcMH0zucHbq9g+sSmAHDvso0lSZIkSZIkSZIkaaAYsAFggFuum0/umFF88OEOyvYdYu/+Q9TW1Xdadv5FhS3L1101jxXvfMCUibmMzsrsUVuFBZNZt3FLm3okSZIkSZIkSZKkvhRpbKShIUIkEiESaaQxGiUajQIQCAQIBgKEQkFCoRDhcIhQcMDN6KoBLhBtPqMkSYPaexu396r8qOHJBAKBlh/glMu0XgYCdFGu1e/u1rVf7snj7tZ3pbfl09IH9HekJEmSJEmSJA0ydfX11NU10BCJ9Gq7cChEcnKY5KSkOPUs8WqqGxLdhSHFu9uSJEmSJEmSJElSnNQ3NHDiRB2RxsbT2r4hEqGhJkJtbT2pqckkhQ3v6dQ8QyRJkiRJkiRJkqQ4qD5RS10X05v2VqSxkePVJ0hOTiI9NaVP6tTQZABYkiRJkiRJkiRJ6kON0SjV1Sd6PdxzT9TV1dMYaSQ9PZVgL6e+09nBWaMlSZIkSZIkSZKkPtIYjXL8eE1cgr/NGiIRjh+voTEajVsbGrwMAEuSJEmSJEmSJEl9pLr6xGnP99sbkcZGqqtPxL0dDT4GgCVJkiRJkiRJkqQ+UH2iNq6Zv+01RCJUn6jtt/Y0OBgAliRJkiRJkiRJks5QfUMDdXX1/d5uXV099Q0N/d6uBq5wojsgSZIktVXJ1nXbOdj0aPS0OUzPTGiHJEmSJEmSunXiRF1C204abthPMZ4JkiQNKhv4yYNLWNttuUxu++bnuTGnH7p0Khue4gv/sTO2nDOHv/vm1YxLbI/ioO1rMvdzD/Kl2WdYZcVmXnzhbZaWVlB5HCDM5V98gD+ZcYb1Dho7WfLYa62O6ZwzP6aSJEmSJElxVFdf3y/z/nYl0thIXX09yUlJCeuDBg4DwJIkSQPJvtf47sPvsbPN3wsNVA+1qVzKX+M7//QeewGYxJcevoO5Ce6SJEmSJEnS6aqrS/wQzHV1DQaABRgAliRpEEth7k2XM3dk589NcsjcQaiWVS+1Cv5mZDF39iRmT8tm3KSEdqyfzeZLD5vyK0mSJEmSBodIYyMNkUiiu0FDJEKksZFQMJjorijBwtEfDCcARKHt7ygEArHfbbR/3Hp9ywatamp53KpYu/qbS3dff/vnO2mvpd2TT7ffry7r76Cb+juu7dheT/ardXsdjlu749dJ/e3b7X6/mtd3tl+neL16XX97HevvyX6dXv2tT4BevF6dnmddtdu6/h6+Xr2qv12He/J6ner/VWftnur8C3RRf8de9M/1orPd6Kv/z6cQCCVB6jACmWMIjJ5AMG8GoSmzCJ0zj0DOlFNuK8VfKpMK53BJood5Vh/aSfG25uUUrr3vPu6YnMj+SJIkSZIkqTsNDWcY/G3cz2u/eJ43KOSr911GzhnEbxsaIoSSDQCf7cKBpthHcwgk0BQ4ia0PEAi0C8wEuggIBZp/Nz0XDbSuqEVX9Qd6XH+7gFBL/e3bbdt8INpuf9oHnJo3p2P9sdJd1N+6263ba/q3w361D0gG2vSGaPvj1rpAh/o7OZ7t6m/pdvvAYKBde+0PWKf71Wp/aL9frXaPTl6n5q3a1d9hv5ofNx+/9ucf7V6vLutvfwJ0Vv8pzo927Z6sv4vzr327vay/Wcf6e/F6tW6v/evVod127dGu/g771enh7P/rBb28XnQ477u4XpxCNFIPx48QPX4EyrYQWb+U+qbngnnnECq6hvDFtxCaNqfbuqTEKOfFf/olz5bHHs299/Ncvuc5Hl9RzsFaICWTubd8gi9dmkf9wfd4/LE3WLWrgfpgmNEzZvH5e69melpTVe3n8/1CNksff5u3dhynvhHSJ07ixls/wbVTh/Wsa42V7Fy9nMff2MLO8gbqgaRhw5h0QRGfufYSJmUA1LLqkR/y802xTTIX3sFDt7ZNhd37u5/znVcqAUi/+BN8/65zAagsfYvHX3iXDbua6s7I4pKbb+QzF+bQfiCc3pTtsW6OV1JWHjd+5hZunDqMzud2rmXJDx5mSfP2zfMn9+i4dTw2XHAt37+inJ8/vpENFQ0w/iL+19eyeKql3Uxu+9q1pL/2Gs9uqqC6AZIyc7jqzk9xx8xhVJa+xn/+pmnbcJhJc6/kS3fMYXSrvyfqK7ez6s23Wbq2nL2Vrft2KZ+/dQ6jw7Qb+rnZTn7y4MMt/fzZZ2l1PDrOZ11/cANLXnqHpcUVVNYCwTCZ4/O46uoruXZ269dsQ9t6vvEpRi9/kWffbT7/hzH7quv4/DVTSe/dqytJkiRJktQicibZv437WfHLl3hldwRYzw9/GearfzzvtIPAsb44DPTZLvQ/b0j+n0DPMySbt+xhRiJtyneyuleZfZ0EAtsHPLtpt8sMyU7LB9pu0E2mYFf1twlEdbc/7TKYu92fTurv+jh2ctzaN3Sq4xjo0MtuMnRP//xI5PnXvt2Tunm9Om2g+/3qunxn+9Wz16tnGdWnX//pZVT34PXq8EJ3s1+nLN9Fe6e6XvRStKqCxi1raPjDY0Q2LSMQDhOcVNg3lZ+GfeVHelU+LTlEIBBo+QFOuUzrZWIh+U7Ltfrd3br2yz153N36rvS2fFLSQP2WXDnvLNnaFDxLZeblc5lxynjrcbYsX0/x8dijyq2beOvDo1Q3fyaN1LL3gy3sCR5hyaNvs6GykUaAaCPVB/fx1vZGrrx4EqkA5R/w/HtNwcRwDVtXbOb98noam/5P1R+t5IPVG9iTV8i83OSm7rbaZthYrrp8GhkAjWW8+INH+enKgxw+3tQm0Fhfz+FdO1n2Vgmh2UXMGB5mQtpBXltbQT1QW17P1I8VkNvycu7klV+vZWsNwDCuuusGCkfA3td+wXeeKGXP0VZ119Wwc8N6lu7P4MoLcls+BvembPevCYybM595ue32vfEwa5dtobji5PFqrKmiePUWQkVzmTGsbR0dNB+7Hh+32Ppj29aytLRp8uDoQT54Ywdbqpu2SsvhysuHUdzSboSd6zeydlcN9U1FGmuPs/W9LdQGtvKfvy5hT03zE41U7tnOyqox3FCYDUD9pt/ywL+uZO1HVVTWtu/bdl7bXMO8S6aRUb2dpcv3cayrfR07/f+z9/7xdVVlvv97n5w0bUINhBBIag+U0JpYjk3SQhAC3FiJ2GKpejNKr9BxrPfKXC/6Fb2KM/Lyhfda/d7hO1evM8wMOIhyQW6uWNAyTJgaCwEJtGlKgBZKqaS0gRgqsSQlJM3+/nH2j7XWXvuck5IfLTxvX/Wcs/faz7OetdZenOTJZz+sWUbsOh/pvZe//vvt7HzlCKP+OnYnGP3TELt7nqLztfk0pf05U8f1KP293fxu77Cy/scYeGEXOxPn0Fyd5x8uCIIgCIIgCIIgCIIgGLw5+hZubMIkGyP0/t9N3LPnreDI+Ov97Bg8iQuWlh9zGrdozomXAB73fyElTAnhb7cdwAl+nR++Bsed4NXBTxjgfQpf8Y57b9Htm+5V+75f1b6D/j/VvvLZsx/93b4TxKX58+wTsW/6Ve0rcRkuwgOqfSMuxwleVfvBOEbiInjVHDrqP2OejPnS4okdNyMuw742juZ6iNiPrg/rfKk+tLjChRNZf+Z8qetPWYeq/dj1Z86X2ld1vhzFlzFf0bj04dLGzRpXHuvPNm7+Z3O+0OfLdl9F1p96/+ZjXyWf/UIdu3z2C3Xscu4XNvvmaNrmyTJfU8TR55/gzX/4L4x8s5nxxzdNrXFBiGWITd+/mc9fb/n3/S3WZOLI8CjlS9KsvXwRqSDfNUr3g730zSuj8fI6WtSM8r7ddA7YXA/Rd6SI6uV1tF6+iOr5iq17HqB7NHvP9/7qfjbt9z4kLHbGD7Hp7+9n9wRQU0dTmXf8yD66n1cMPd9D5yHv/cJzaVkAvNTODx/IJIxD27WkPQXpyM6ttPk2JtP27XBklKGJEmourGNtc4Wimh2ifeseIEXLZ1ay4TO1VAcXFdFwxUo2fGYlG66spXyy42YyMBTUFi4sKaJ0XtJoMM7IcBGp5UYfJ4Zof7CPkfIKWi6vo3FhUXDFyBM9dPs2a2tpnAcUlVCdXkTz5U20NldR6bs50MOmZ4DSWlo/s5INV6QIy1SX0fwZL9ZLsxQ7PrKN2366jyHfZ0UVLVc20lJTGvxANLS9nR8Gi0KPb+gwlC+pZe3laWrKwzP9Wx9nd7xXQRAEQRAEQRAEQRCErEwcU/IXBh7exE+ffSty/MizW/nHh1+d0b4I7yySuuLO9T4qr95x/Jc4xZ1LJqPiut7jkt3M42Sz1gB2PUWf6c+C4jewj+FPzRi5QIx9/3Oc/RCbfd+vrb3Fn288L4WoPS7MuIKjcXG5kfYRl+Y4qnGp8Vjsh6/5KYDt82XvVGbaYtZfpL353j5fmHG5ZI0rMl8x74N4jHUfPlbYsO+6xrrPoQB27fb98YsMTcR+jvUQuZ+NeXKi96/e3lgfjmW+st7PlrgmtV/kWH+Bff+Qvv6m6z+BE/t38ebffYHkY/cy59M3kqg6Z5o8CcIxUnMp3/r8CoqBltK7+ct7DnonSmj5nF9vdjHc1Eb7EMAQfa8CkTrDSRrWfZZr6zPJ4pamHm7571voPgIc6aNz5ygN5xeZF2W+8+6SAAAgAElEQVSY6KW9cziw0/S5L7K+JvOpZeUu7rjxATqPAMN7aN8xSs3yFC0Xl9F+3yFgnM7HtrGuZgWFQO+OfYx4ltIXn0cp0L21l0G/j9d8nmvTRZ7tRZ7tUTq37WL9ktpJtX17lNDyxS8E9Xyb3nM7X70vk6Qc2X+QQRZTXV9HNQV037nLu8ao8TzpcYuOf+qSNVz3scWUBgnoXu18+SVr+Jb3iO2aoz/iew97mfxEFeu/fBVN84BLShn55tbMlRND9A+SWR+JWlq/VsW60lLlr1Mbaa4I19neF/sgnSJdXwUDr7H5131kNNInUVNfR0OOUezv7KHXT24vbGTjl5sySeRLmmh5OBzTvVu30dfUgplKLr+klY1efKvPL+Y7N3XRB3BkgL2DaElhQRAEQRAEQRAEQRCEfDkW9e+R3b/mRx2HY88f6HiAn1Z8imtqJle46tiUyMI7jaQu9yOsVeqlWKI1PfX2U10D2HEsCSfVn+/HdXR/QQMjHjMu3x/2uGw1XjPpKSfwq9oPXrW4/MNObK3SIJHr+yMmLqMGMDH2tXF0nEj7wK05X2qRWUv7uBrDkfkyEuKRecKMC3tcrvrRWH9qQtJcf745J5ynTHMjrhj7QTzo9s0s4VTVAI7Uvg4u0P0G8TjG+otpr3dHtW+sQ3OeLPdVZL5Uf4Z9M66819+07xeOfb7M9tPA+I52jj7VwZz136Ww+erpcyS8yymi4YomGk62nJpXgS2XlV6WDmqdFqoK0HlVpM/0P8ylOCZ3G7ZfRHO9ohSeV0fLeZ10ewnDvS/1wfmL7dcODARKVOYtorFGOZeopXFZO52PjwPQ9/KrsDxFaWOa9K+2ZpJ/u/bQPbqCRrbRsW3cs7OY5voi4CB9B3xj4/T+4la++svQ/IivTN5/kH5KJ9G2NlN/91gpPZuGM5WPp5wEeCrVsfGgtnhWjmHcNMrr2HDlYkV1a1JEQ114TXHxXMAbhDMXkvZrQRcVxT5+qDgxRNdDj9L9XB97D3lzMx7KwYeGhrKGmIu+A+H11SvSWiyl9Yupvq+LvQCHXqNvFFLaOtbjo7SUcqDP/yxPGRIEQRAEQRAEQRAEYYYYf6WTf2w7wJGsrd6it20TD37+U1x+RsEM9Ux4pxD+5ldLhGRXfobtFeVejILPbl/xY7Ef+jUvUxV8WRSesX7zU8xGFKteQjUmhOjnoONximojnhiFp9VHLgUmKApaUyFpiUtTrFri0fzmUOgG1+r2YxXGce+VgxEFrd84y/oLFJ6TtX+crD8jpR2JK96+eTyHot9qP4vCOE/7mkLXEteU7hfeurS3t8QV6dj04h4dY/Sfv8bE/l0UXfPdmXEqvMswFKJ5UDgvJrM7vyRLYjC/9mrCcOTIm/HX/uGQp7q12yk9uQQ8XWiQMCxaQVN6K707gYmDdDw5RMO8PYEatPyCOtIJgNcyilSPscOjxKccJ9P2bVJUwOT+VtPCsYybyoKKHEnsuRTPizn1ntKc62PsmXu54Sfh45mnngEGlScflZYaPZqv9nGYoSEM5XqW+ARBEARBEARBEARBEN4GjuPkr7wd/B0/uvUZDuTzO5SJw2y59R4K/9M6Vub5O0BnqusfCickYQLYU9j5CRlTAewL7Rw1dwRK8tBLGqmKO9+cxT457OvKSQXHT+6FCk9dwag1VhSPZlxx9vW4QiWkofz0o9AUmIq/iLJUjyvMwenKx1Axa7OvjGNECWkft8h9bigtowpJYzAMBbM2X1b7elyaIlcdR9Dny48LY74cY/xs60/peKjYttn3T9js2+MKBKbmfAVJZsv6C9o7hgHLfEXsE2M/el9F1oemkM5j/akG8ll/kX5GldNmXJPaLxTzee0XajzmfRK4i1l/1v1i+hh76J9xX3+Vudf9eGYcCsJMcHiYIdASiiMjYdK3eN7c+GtPK6Ocvkwy02Jn6PXh4L2a5Gs4fzHFO/cwAuzd9iht+I+vLqP5Yl/ZeSqV5ZAxXsLqr32BtWfEdeTgJNoeBxzjuM0MQ3R2hMnf1CVruPbyxZQXATva+PydfVmvzo8Kyk8HvJrUmSS3EufhISWBX8KMD4EgCIIgCIIgCIIgCO9aEo7D0Tx/4Xxo9778kr8+E4fpff6PrKw4Je++CEJST2jmqOnpEkmwBCgJqPgawHb7gRIyp339vG8/VpEZW2PY4iRfBaGiJPS7q42f6c83ni0u1Z9FkalkBSepWI2Lyz9uiyvLfKnx5GVff5utBmu2uHLOl5o1tNWUVR6JnVkWWRTulnUW+973l28N4MC+m6d9xZyLfl/Z5itbDeC4uLKtP7MGsKsnauP3izj7xrmcNYDzfRJBjH3jrV3prN9f08n4k5s58j+uYt7X7p4Rf4Iw7RzZR8eOYWr8x0BP7KFze/io3+ozzeqrChUVpBIwOJGx07UbavzHGU/soat3PLRztmKnpo6msj20HwL276LDP740TXOQ7KsitQAvqTtMV1cfa6/U+zK0vw8WpiidVNvjgGMdtxlhlJEg/1xETZ2X/GWYrp0H7ZfMK1JU0UP0D2CpNa2TWlAKvZk0795tvQw1NQVzM7RzT+bxzwAVFVTneoy5IAiCIAiCIAiCIAjCFFFQkODoRH5Z3bILWvhPJ79KfPVfk2LOrMkv+ev3RRCSes1aDGWdrQawLSGpKuv8ZJGuLPTJVdMzt/1Quaf5w/SruzdrsIaJYt+vdzlR+5nWMfbVbqv+vP+PxGUmJB2tN0rNWifaIGLfMp4xNYBtylHNnzlg1rhy1JS12jfii6kBHFEu++Nnrj+M+Yq1by4Am/0s68PwG9qPWX+TrAFs2veJ2p/EfKn+zPmK+DX8YdiPxGUdzpnfL5jkfhFZ9zH7xQxx9KkO3vzh50QJLEwhb9L3TA9dB2zniki9v5bKaUuCjdN91+18b1ctDacN0f3oPvb6CcBEFY3LsjhOpGlpepTuh4eBcTp//CP66y12ytK0LFUvTNFycRnt9x1SjiVpunCFVpO24dI05Tt7GQQGH27jqy+laKitpPRP/fQ+08feoRJavvIFWhdMru2sc8zjNhOUUn4anjp3lPbbb2fsohQju3bR9dK4/ZL5KarLuth7CGCITT++l8LLz6a0pIqGJfZLKpvqSLd7taD3d3HD9/fT/MGF8NxuOnaH+t908wVvr2azIAiCIAiCIAiCIAjCJCgoKICxmN+BmCTLOefc8unti/CuJ1IDWE+z5VK0ZlpOdQ3g0L5+qVXBZyY8s/rNopBU2kf8mUrILD70hJO9Rq/2XOKsCmZLDEacWsLaqNEb7Zs+bkENYDWuOF8Zw1blp7Z4/BeXSFxRxWquuKZ7/ZkJ5OyK56wK0nzXXxb7WmgQicuqWM0a17HVAM7Hft77hbdu8p4v1aDFaT6K6sj4mYrpbPvFDDD+5GZGf/pNqQksTBGjdP96C93Wc6Ws/XotqydRH3hSlJaSGh9i7/aeUHUJQBEN16yhMUfiufpja1i772427QcmRqN2kmWs/VwL1cYfLJY2pkn/amtQ+5eyWppr9Dac2cJ1qw7wnQcOMQYMvdRHx0vqI4iH6dq2j9YFiybX9jjgWMdt+imicVUd7bt66JsADh+i48FMor56URl79x2yXJNi9eVVdNx1kDGAwX203bkPlrVwa0wCmHkr2HBNHzf+NPO46bGBg7TfpyuMS5e3sOH8kimMTRAEQRAEQRAEQRAEITvJ5PGTdD2e+iLMHuGvBx3A8WuFKq/BcSd4dXBwnMw570zwihOtRxvaN92r9n2/qn0H/X+qfeWzZz/6WHMniEvz59knYt/0q9pX4jJchAdU+0ZcjhO8qvaDcYzERfCqOXTUf8Y8GfOlxRM7bkZchn1tHM31ELEfXR/W+VJ9aHGFCyey/sz5Utefsg5V+7Hrz5wvta/qfDmKL2O+onHpw6WNmzWuPNafbdz8z+Z8oc+X7b6KrD/1/s3Hvko++4U6dvnsF+rY5dwvbPbN0bTNk2W+ZoGxh/6ZsY6fzV4HBGEqKFrEhq+tomVRCYXet4nCsirWXns116bzSL4lqlj95S+xcV0t1RXJQMFbWFJC9YVNfOuvP8tqWz3eoloazg4/pi5ege1hx5UrP8sPblhJ86ISiv0/d0skKV1YRcu6q9j4sUXH1HbWOdZxmwnOWMn1f9lIw0KvX8kSqptXcd2lJ8VeUrz8KjZeq1yTB8XpT/A3N66hdVkZpf4fGiSSlC5MsfbPr2bjurTyaGlBEARBEARBEARBEITppyCRIHkcKG+TBQUUJOQR0AI47g9KQuEfpqJPEav6xCn0XAikr6oF8xG3il3t0axx/qx+bfbtSkKbfVv37XHZ7BsKXVO5avpT7cfFpfrLJ65ob95WDeBIXEYz037e82W1n12hOzn7JjnmK8+44u2bx/0FFj9f1vVnrMu3Y9+6/vK2bwZuzJNN+W4MlC2urP40O9O9X5gdyrL+ZgGnoJB53+0gUXXOlNnseXrfpNqfctIc7Q84gKzvUd+jpP7NdsprrmPm+3w+5zoex2TbzytO5m70bqO3jc//xFPHVtRx09dXzvxjdoc6+c5NXfQBJKrY8N+uyqk2FgRBEARBEARBEARBEITp5q2xMUaOjM5qH4rnFTGnMN8/sz++ODKS5yO0hbxImIo749f6oTrVO2oq7gItn6Io1aR8/mfNvp9HsCkvw2RCRFHq+3GUPgb2FeOGey0u319MXGhxhW1Vv6r9IDYMf0pcTpa4NHWrLS4scRn2zXGMKnFj5kuz72j2rfOlzHF0fdjiMtaSFhf2uLRTxjyZ86XGY84XSny2ebKMG0TtRzSllvURDJDqTxs3w585X+r/NL/GmFvsW9efMV/qCGnz5cdjm6/I/WzMmW39WexnXX+2cZvS/cIfN2O+1DU+i7hHx3jr5zfNbicE4QSk75Gn8R/QXLyiTpK/giAIgiAIgiAIgiAIwnHBnMLCWVXfFiQSJ2zyV5h6wpXooskfXf/VBVzls/8/N6wn6qrXuK5d9afZV/xE7PvHXe+4+j+vreEXgMKT4ORqnFQTnFINc07KOy7Ng2nf75sbozY043LV4/a4XNeIxxqXxWY2+5E+u7q/uLhwo/bVf5rf6LWZaVLWhK2N+qratfk1AtfWhzpfWdafP0/uZO2/nfVntW8ez73+/Lhc4uOKt28et8WFPk+xcQVTPmn72voz4pry/cIfK+2+yjJfbjb7M8/4jnbGH980290QhBOHiV10PD7sfSihqal2VrsjCIIgCIIgCIIgCIIgCCpz5855V/oWjj/C51v6KjzvEakO3qvjvWZeMq9Be8DVNZuup7yLPBLWsE8O+4GS0UzSeCdc1/HsOySavwsrvqiHArjb/g73NzfExBVnX48riMcTDkYeQRu0RwkgfHUCv3pcQfJJk2x6ccXaV8bRtO8Y5oxxDHANf+p8qf58Z64RjzpfVvt6XKF9YxwJx1OLyz/jGv78Zrb1p3Q88Ge175+w2bfH5QSG9LiC9W7GpbV3DAOW+YrYJ8Z+9L6KrA8lrrzWn2ogn/UX6adq3x7XpPYLxXxe+4Uaj3mfBO5i1p86X7PMW/f/gOQFa2e7G4JwQjD02ON0HvE+LDyXlgWz2h1BEARBEARBEARBEARB0ChMJpkzp5C33hqbUb9z5hRSmJSSdkKIM/GDEldL+EAk0aQRlzAxE1BGIk9rZtjXEj9Z7ZvnHZw1d+C87+OZj/3bcF9sxzm7BSpXZC7b/Uvc+9ZHE4I2+xEs8QRxRbtlTRDnE5fqLzJuxvhZ7FsTaHn5tcWVZb4mbd8kaj+fuI7NvhKPM4n5sq6zOL+q/Tzna1L2jQ7nM1/Z7iub32zrz4mxH+3FzOwXtjCm6n6eZeZ+4X+RvKj1bduRGsDZkRrAgiAIgiAIgiAIgiAIgiDMBG8MH2H86NEZ8ZUsKOCkknkz4ms6kRrAU0siqFHqv3onojU9M7/sN2tuekeZipqeue17r/7xsz4UJH/dLf+ViTs/hPvo95j42Ydwt/zXjJ+aj+Ms+pCfplDsm3E5QYIjrgawHpcSjxlXMJ622qv+qxGP78ccN9V4xL7pN2pfG0dzPFV/Eb9Z7GOLy2bfbB21H4lLO2WZJ3O+Yu0r8ZjzhRmX4c/i1x6Xat/wO0n7kfVgXfc55svoTmT9mfOVa/3F2Y9bf7a4gvttCvYL5V7My35k3av27fM1W4z95mez3QVBEARBEARBEARBEARBEARhiigunjsj9YALEgmKi+dOux/hxCNSA9hVPmKruen9/3TWAFZrehJU84zW9HQu+mbmqp+vwt3+D5p9d/s/4P58FQBO0zd1f4ZfrWqo5lfpW1xc4WDhNwtejVqlQXxmrVwXLS7TZuS98i+YL3Uu1FqoajyRNqZxxba1Dzlqyqrzlc/6sMWlnZru9efPE9a41PVhW3/a+MXY14/nrgEcWX8Wv/nHdWw1gPOxH1l/lrgCf5OZL9VgPvuFZt+yX1jWfda4Zomjzz/B0Rd7ZrsbgiAIgiAIgiAIgiAIgiAIwhSQcBxKSuaRLCiYNh/JggJKSuZ5Sk9B0AkTwIqyLlDLoSruQjViqMA0VJmgKAlDEWFo33SvK/o0LaSv6tP1kaH9OfOh6nx44xXY3xmqEhXcvkcz56vOhzknhf58VWDEvulX6Zsalx6CckC1b8SlqBFV+5oa2b/Ws+tE7CufI/aj86XFE7EfE5dhPzhjsU/EfnR9YPOr+tDiChdOZP2Z86WuP2UdqvZj1585X4ayNLI+LPMVjUsfLm3crHHlsf5s4+Z/NucLfb5s91Vk/an3bz72VfLZL9Sxy2e/UMcu535hs2+Opm2eLPN1nDD+xP2z3QVBEARBEARBEARBEARBEARhikg4DieVzGPOnMIptz1nTiEnSfJXyEISl0yiRVHJOeqrqUrV2iu4ZDIqrovrNXBdh+w1gF2vtqfpL8S58AacmlYoWwyv7oAX/gX3se/hnF6XaXBoj6LwUxa6Czgu7qEXcE46A86og75OnItuwDnno5nPg7txX3qYiYe+GhOXEY/6am1vicfvTJza0PQX2A/9YcYVHNXHTfNnta8ccomPS43HYj98JTJfuhObfWOejE5lpi1m/UXam+/t84UZl0vWuCLzFfM+iMdY97hO0EKz76lgw3VvFbkq7+32/fGLDE3Efo71ELmfjXlyovdv7H6h+M21/kI7lrgmtV/kWH+Bff+Qvv6OIwEwAEd3PASfvnG2uyEIgiAIgiAIgiAIgiAIgiBMIcVziyhMFvDmm29xdGLibdkqSCSYO3cOhcnkFPVOeKeS1OV+4HiJIMdLsTiOn0DzXo32QSLL8V/9E6HqUcVx1cOhfcc1/AHOnz0AC5vCi0+vxzm9Huf0DzBx/5/jjB+B8lpdOuhndXz35TUwfgQOPIHzibtxFq8O7ZXX4JTXkJi/APfedUG3g4STF08mPeW9BnHpftDiCiII4sKP86xLSFz5jzC/EitjR3D/sIuJx36I++ymoEMFV9+Hs+hS3D/s5ujfX5DRP37g0yRX/Q24R5l46EYmtv80489xIuMAkLj4/yHx7/4rjPyR8Xu/AC8+nInHn0CjvXW+PPuR+TIS4uE4GuPnKPOkZkAdw58/fur6UxOS5vrzzTnhPGWaG3HF2A/iwVjnRpbQtj6UAVKSv/rh4L5y9HFzzASr4TeIxzHWX0x7vTuqfX0dRubJnC/HMl+qP8O+GZdt/aGN29TvF7Z+huNm+DPbHwdMHNyDO/B7nIqzZrsrgiAIgiAIgiAIgiAIgiAIwhRSmExSeFKSt8bGeOutccaPHp3U9cmCAubMSTKncOrVxMI7k0gNYP+DrxyM1hIN672+/Rqs9hqv4MIHv5FJ/h58AvdX1zDxN/Nxf7U+c9k5V+A0fgX3pd9CcTnO+V+22nfO/zIUl+P+/rc4F1wfJH/d+9Zz9Hvvwf0/n8R9+Xc4S1bjNH2DsAarHo8varSqDU2/rnrcVoNVueBPB3BffSb894fd4E7gVDVQcMUPSCz/C92m6ddnbinOBz5t9NkN/LmuC2XVOOl/D8m5elw2tav6T/PnRq41awC7tjbqq2rX5tcIUlsfas3cLOsvKPM6WfvmPAXxGHEZfuPtm8ft95Xmw7PvEh9XvH3zuC0uyFUDWJueY7CvrT8jrinfL/yxctX1l2W+3Gz2Z5+je56c7S4IgiAIgiAIgiAIgiAIgiAI08Scwsyjm+efVMy8uUXMKUxSkEh4ZUQzOI5DQSLBnMIk8+YWMf+k4syjpCX5K0yCUCPuq2gNJWSouCMUEAbtCZV7/mNVVcWdb85inxz2ndIzM/a2/x08tymjH33ul5l6vsv/M5Qtgcf/B1R/FOfSm+Ctw9Dz48CfU/c5nH93U8bG7/4GZ8W1mffb/g539yYcx8Hd9284iST8+w9C2ZKMDyOuUAlpKD/9KDQFpqKwjChLvX4FBXDB3fsbJn79X/QZKa8h8Ykf45y+FGf5n0Pv/4G33jCmTZ0I70jlMhKNX2Ci6x8zn/1x8BwnzvssTvniYCr8zSSqkDT8mApmdb4U+wHBfJv2jXEkHM+gU+oZU1nqN7OtP6XjoWLbZt8/YbNvjysQmBpxBXNoxqW1dwwDqnI1zj4x9qP3VWT9aQrpuPWntlcMOIY/bPbNfkaV02Zck9ovFPN57RdqPIYS2id2/anzdRxx9PdPk7yodba7IQiCIAiCIAiCIAiCIAiCIEwjBYkEBXMSgCR1hekh4QtSbcq6iGLQtfxTFX6gK+48m4HaLsY+NvvzyjMtX35Use/iDvRmej73ZNyD23Af/S4AzmV/i3Pt8yQ+vZnEXz6P0/K3mes7N8LBJ2HO/MznA9s0PxP93Rl7RSdZ4lLisSgJ3WDc0ONSr4FIbEprYzzB/cMu3Of/BY6+hXNSBc6CFVGlok0NOqcYZ9mncOeUROaF8vfhvO9yKCj0/BIqMiNxZZkvv4/mvMetB19F67qafW3NhSFFxk1bfzH2tbVhmy/fiTpPMXFh2ozYj85XYEsZx3C+bPaZhH03uDci95U5X0YfrOvP5teMRx3HiH1lvcfez9nsG3Gafc5z/WHaOab1p8zXccTEwednuwuCIAiCIAiCIAiCIAiCIAiCIJzgJHxBavDqnQhrbmbUopnTymfvn3cUvDaZBplrUT9nsY/N/h9fyLRb+h8U+w7OB7zHQP/xxYyC77HvMfG/Pwwv/w4mxiF1ceb15d8x8b8/jPvYxoxT394H/oPX94yfRDpT+5dDezPxaHF5fXNscSnxmHEF42mJi9BGEFfg1zv3xkAmhsJiKDlNUYUS+NaUtyOvwchrOKcvpeCi6zw/3v8ch0TjBpxTzsI99CK8NazHFfZcny9rXEo8kbgs68ExW0fto9k3T1nWX+A3l31d2RpZf1a/nj+LX3tcqn3D7yTtO1b74brPa76M7kTWnzlfcevPGpcRT5b7edr2C+VezMu+/9mcLyd+vmYbd/Dl2e6CIAiCIAiCIAiCIAiCIAiCIAgnOJEawIrYD1NJ6KvoQoVdeMyqSFQJha/awVj7L2wGwGn8Cqy9C2dhE86nHoAFH8y07Lk1c01yHkyM43Z+B/eB/4j781WZ187vwNG3MuddYI9nb9GHSVy1GRY24Xz8f+Nc8JWMvT2/VpSWhmIwW1zhYOE3C15tCkltdLErEitqIDkXRt+AoZctCmBjLMffYuL5dnAKcGquwCmrDpSQLLoYp2Y1jI/i7v4XXbFqdt607RrHzbn24lIVn/h+81kfpn1X/zj9609RtFriUhW0EQWpMZdx9vXj8faD+TLXn8Vv/nHlmK+3Yd8/nnO/cCc5X6rBfPYLzb6y/syxVv1li2uWcYf+MNtdEARBEARBEARBEARBEARBEAThBCdSAzha09N7zby8zRrAGEkX1b7v1+PlTtyfXYTzZw/gnHMFnHNF5vgbr+DefzXOyWfhfOx2OO3c2OACW68+hfvId5j4cSOJK++AVBOJdQ9kzr05xMQ/N8FAr6cc1PsZ1gBW4lLD0Nor8ZhxBQJHJ7jICT57n95ThdP4n0mc++/BcXBfeQp3/++iIkWLaNF9bjPuwvNxyhfjnPdZnAf/GoCCuqtw5p+Ou+8R3Fd6w8vj4tJs+xPoT7yxHgiFomFH9D66+PYNf9b2TrBwwnHT18XU1AAmOl/EzJfWPgw4GpfiT7EfGIjEZcSjDLnaz2gNYCM+rX04X3H3lRMZB13xm9V+pJ859gvVXz77RfR0lv0izr7ezWgNYMt8HU+8OTzbPRAEQRAEQRAEQRAEQRAEQRAE4QQnqSfEXO+j8qqqAn3VnJbBIzznJaBcr4HrKglEtRl+Psz1Ej+mP49Xn8K968M4ZyyH96Tg0G7cve1w6vtIrPonmHsK7u87YHAXjL6u+cEF5hTDaefiLFqJc8U/4d6zlqM/uZjE+66EU6pxh/qgfzvu4O6YuIx41Fdre0s8fmcCZWMoPXTqr6ag/mrLtLi4L29j4t++HRk/1Zx61D3yJ9ynf4HT9GWcmivg6U0480/HWfzhTJJ7+0/h1HOgoDCi+IzEpfZDmRczrqwJND8BGrHvf7a19+y6Mesv0t58b58vzLiC8ctjvmJ9EcZjrHs1a6rZ98Y8XPeWyDRfdvv++EWGJmLfovI2YzET1uo8KQll7RrbfqH4jfVnxmmLa1L7RY71F9j3D+nr73jL/QK4R8dmuwuCIAiCIAiCIAiCIAiCIAiCIJzgJENpoPfiKyMNRV+oBNXbq8o9X2GXOaErC3105Z5NKev5OaMBp+EvYdFlMPeU8PqRQXjztcyxRzdmavyq2LI6F92Ac9ENJK64FeaeDCUVYQgjg7h7HoA9m3FfeFBTBuqK1VBJqMZvKg8d7XQYV6igdcKL/nQA98jrel9f78Pd8yAT3XeEDsx8qe2QAxOP/S+cxZfhVC4jUbcO5z2VUHwq7jP34T59L4kPfRO19qrjKUx1JUvMwk4AACAASURBVKhh15yvGIWumRAPx9EYv2B96O319aeMn6GgNdehmkjV5stV4lPjirFvKlnjFaXR9aEMEIaE2lD6xivEwwt0v1EFujlBRlxad1T7+jqMzJM5X45lvlR/hn0zrkh7v5vTtV8EDnS/UYWx2SGOK5yCwtnugiAIgiAIgiAIgiAIgiAIgiAIJzjhI6AnofwM26uKRLuCz25f8WOxn7jwG/DBb9p7XFye+TcyyMRjG7EqPA2/budGnIb/CKcusdpzll0Dy66Bzo24j2yMKlYdJyIKjY0rTiHpvyoK4Im9v2HiV1/UE5tYxs/m2ExMusDoYSZ23kNB+ftIpD8BTgHu4Vc5uu32jF9XuVSpo6olLbMqKnModINrlXGLrI+YGPJZH1qfPT+W9RcoPCdrP7LuzctU+1kUxroL3R/R+0prpMRFTFzx9s3jORT9VvtZFMZ52tcUupa4pnS/8Nalvb0lrkjHjjPmlsx2DwRBEARBEARBEARBEARBEARBOMGJ1AAOaohiKhUJBYRBe5TkoZc0yloDOJrojNg/+6NB8td96Euw51cwMhj2eGETzqcegNd2BwpPXcGohqcoHv+wC1JNuHevwu17NGwy9xSc5f8Jp+mGzL+97dDfHcRlqxmqK079cTD8xdZgdYKxcoLPBMrH2BqsGupEAAVJnKISXBzcrn/Efd9Hcc6+FCaO4u78Oex7JONHEcP6fqevBrBp3xhH0OfLXx9BQtXw5zezrT+l4/nVALbZt8cVVwM4WO/51gDGWA+x9omxH72vIutPU0jHrT+1vWIgnxrAkX7aagDrcU1qv1DM57VfqPFo92FI7Pqz7hezj1N62mx3QRAEQRAEQRAEQRAEQRAEQRCEE5ykntDMUdPTJZJgCVASUPE1gO32AyWkC87Zl2daPvZd3J3/bNhX855e37IpMmNqhrpq1ufIoYxC+NBeEmtuw2nYwMSvr/VOWhSEipLQDb3FKCCz1wB2cfW+aPaNeLSxdvWjyXlQVBocn3jiVhJli2DsCBM77wl9uEFvcGNrAGeZLzUedV5sWJpkq8GaTYlrdeLa3lvmK8iYhk1NBXNUURpn3+yK5y/fGsBxitVY+4o5F/2+ss1XthrAcXGZ8ajrz6wB7OqJ2vj9Is6+cS5nDeB8n0QQY994a1c6W+6vWcQpf+9sd0EQBEEQBEEQBEEQBEEQBEEQhBOcpF6zltiam6ay0GfKa3qmLsk0ePpnOI4Tsa8qJDV/mH5195oC0lETxd7rga7M+dTFht+whq3VvpGYzlkDWD8LEcWq0fEgcHUQLSkrLy7HdXF3b+bors3hKS8e36bj2ddq5JoDZo0rR01Zx7IetIShuj4UM+q4+Z/9ETLXX+DXMxNr374AdPumX8Wf4Te0b8R1jDWATfs+Ufum3yzzpfoz5yvi1/CHYT8Sl3U4Z36/QN8vctr38//mfJn383FCosrymHpBEARBEARBEARBEARBEARBEIRJEKkBrKfZcilaMy2nsqYnJ1dnzvzp5cilLo6uAIaIwjOX30D1aiokh17KNChNBYrZWCVkFh96wsmikFQu8Psfr2C2x2CN1Y8LlFq5RltXbar2xYm0sb539HUQVwPYP2RXTiv+4nwFvZru9WcmkLMrnrMqSPNaf/kpqtX1rsZlVaxmjevYagDnYz/v/cJbN3nPl2rQ4jQfRXVk/EzFdLb9YpYpOOvc2e6CIAiCIAiCIAiCIAiCIAiCIAgnOJEawNGanr7ijlBwF7RHUdA53sdsNYAxEi9RBXBwxlAe6v30rlX9KYo/rbFj2vUSyYYiVLtKfWSwY/hxjfyUFpcSj6ls9tu99AhHf/D+wIBjKBJttUoBjv70ysgYuE/dw/jOn6Om4MwaqWpubaLjuxz9zXd1xee01QD2P5o1WB19/LT2YYIuHDd/PXrNbOtP6Xh+NYCJzhf2+YqrARyNS/Gn2NeUvk6MfWPI1X5GawBnq9Ebzldk/endjxrIpwZwpJ859gvVXz77RfR0lv0izr7ezWgN4Gz7xexTsPi82e6CcALw6h9en+0uCIIgCIIgCIIgCIIgCIJwAnP6aSfPdheEaSapJ8TyUHjGKfSUBFR8DWA9MWfWKnUUo66ZmTET0L56MqLIVNvbawCH6lfDfsS3Y7Ef1gCOjkMeNYCz+NUUkjkUmbZ5yrdGrz+lsXGp8VjsR8YzNi6bfWOejE5lpm0KawAHmVS9fba4IvMV895UiOesARyp0WuJTPNlt6/VUNbaZ6kBHBeLmbBW58mmfI/bLxS/udZfaMcS16T2ixzrL7DvH9LX33GW+yVRtRin4qzZ7oZwAiBfzgRBEARBEARBEARBEARBEIRsJENpoPfiJYJMRV+oBNXbT3UN4KCdqQA2lX44uj/s7W01gDMqwJi4PN+2GsC+ktDaH0OR6Ph9jKlVGiRy/XGDwH5kHNVMYYx9bRzVR9waudZojVQnPGBpb60BbFHomglx1b42fjE1gPX1p8RnKGjN+bLVAA78Opb5irFvKlnN9sH4BXEZ632SNYDj1r3pN6pANyfIiEvrTo6azWo85nw5lvlS/Rn2zbjyXn9vt2Z4zH0VrI+IwtjsEMcNBfWXzXYXBEEQBEEQBEEQBEEQBEEQBEF4BxCpAex/yK6Q9Nsryr0YBZ/dvuLHsB+ccUP9ZoilBrBN4ZnFr39NrEISAhWjroSMDSH6Oeh4nKI6jCebwtPqI5cCExQFramQ1Ocpkwxz9aRlVkVlDoVucK1uP1ZhHPdeORhR0PqNs6y/QOE5WfuRdR9dfzNRA9hIaUfiirdvHj+2GsCxCuM87WsKXUtcU7lf2GoAh1jiinTs+CF5/prZ7oIgCIIgCIIgCIIgCIIgCIIgCO8AEsE7B0V959cM9WqVOk7miPfq4OA4mXPemeAVx8EURdrsE2OfP/VlzqQu1v0F9tGvVY5H6tHiGH5V5aceTyJ1cabB4QNaXDhR+4YIUutT2Fi5Vh0lx/vnH3GUVzUeq33i7Tuh/WA8VX/mfDlKfI7FnzlfgQKTLPajcWHG5Y+jOV++P3Md+v6M+dLiMecr1r7/3mY/Glfgz4zLscyXo5nVx02Jy7r+bHFF7Efvq8j6MOcr1/oz10Ou9WeZr9B+NK5J7xdE7etnYtZf5L5yLPaVeTLn6zigYMn5FJxdN9vdEARBEARBEARBEARBEARBEAThHUBSf4RujpqeLtkVgaaSNVID2G4/UEK6QP92nPekcP7sgew9X9iE89U/RXJTuXI6zlUPZG3jPvuLvGsA+8OhjZ9VMR2nUMQ4rtq31wCenGLVdkA9bosry3zFKlazx+UGr2pchgA4S1xWJ1Z1r2W+jEdi2xTMUUVpnH2zK45VwR1bAzhOsZpNqeybc9HvK9t8ZasBHBdXtvXnmPbR1ln8fhFn3zhnU77nsf6iTyKIsW+8tSudYxTIM0zhh66e7S4IgiAIgiAIgiAIgiAIgiAIgvAOIRlRtXrZErPmZlh71ZaQZOpqAP/6Gjj83+F9n4T5C6Yy1uwM9eH2dzPR8S3iagADmLVyHXVYwFAzOtEawGZC0h837xrXHDejBnDO+YqpAayW0NXmK0hWmn5tcTnZa8pa7RvxGfYjcfmf/fEz11/gV4nLat+Ix2rf9Kv4M/yG9o24TFlunjWATfs+UfuTmC/VnzlfEb+GPwz7kbiswznz+wXGfpHLfmTdG+Nn1lSeBRILa0le1Drb3RAEQRAEQRAEQRAEQRAEQRAE4R1CpAawnmbLpWjNtJzSmp6Au/Wv4Ld/ZWlvSQSaCc8cfiMJIUv7iGLQVEJm8aHbt9foDWWSTrwiURdCxseDmugya+WafdPnKagBrMYV5ytj2Kr81BaP/+ISiSuqWM0V13SvPzOBnF3xnFVBmtf6y09Rra0/db7IMV+RuI6tBnA+9vPeL7x1k/d8qQYtTvNRVEfGz1RMZ9svZoE5a740210QBEEQBEEQBEEQBEEQBEEQBOEdRJgANhSDgdIuUOgSCu6C9igKOsf76ESUd3p71X1UAeyQrb1q3wkUfabiT7VvKi0Df5oyU79E9RvaV+JSu6W1V+0bcZkCx2BcjPFzjXgi7fXOOpG4lPmKtLeNmxGXYd9Ucpr2I3VUDb8uMfNlbR8m6CJx+c1s60/puGpfWw/qOAYdUO3HzJeZkPRORONS/Cn2TeW31b4x5Go/I+PmGvFp7S3r3LivnMg46Aszq/1IP3PsF6q/fPaL6Oks+0Wcfb2bk9svZp5kfQvJC9bObicEQRAEQRAEQRAEQRAEQRAEQXhHkdQTYnkoPOMUekoCKr4GsJ6YM2uVhv4sKH7jlJGu4gdPGWhV4gbKS7v9EJv9sAZwtP301wDWlZfHVqPXn9LYuNR4LPbD1ywJND8BalF8avNkdCozbVNYAzjIpOrts8UVma+Y96ZCPGcN4EiNXktkmi+7fa2GstY+Sw3guFjMhLU6Tzble9x+ofjNtf5CO5a4JrVf5Fh/gX3/kL7+Zjn3i1NQyJxP3zjLvRAEQRAEQRAEQRAEQRAEQRAE4Z1GMpQGei9eIshU9IVKUL39VNcADvz5+Fkaxayp6NMbGPGYcRmKTzMuW43XTHoqVBKq9k3lYc4awEZcthqskXFUM4Ux9rVxtNQADtya82VKjY32cTWGI/NlJMQj84QZF/a4XPWjsf7UhKS5/nxzquLTscxXjH1TyWq2D8bPsj6UAVKSv/rhyPoza18HF+h+o0ptc4KMuLTu5KjZrMZjua8i86X6M+ybceW9/qZ9vzAVxmaHmDXmrP8uiapzZq8DgiAIgiAIgiAIgiAIgiAIgiC8I4nUAPY/ZFdI+u0V5V6Mgs9uX/FjsR/6NS9TFXzTWYNVj8f1EqoxIUQ/Bx2PU1Qb8cQoPK0+cikwQVHQmgpJS1yaYtUSj+Y3h0I3uFa3H6swjnuvHIwoaP3GWdZfoPCcrP3jZP0ZKe1IXPH2zeM5FP1W+1kUxnna1xS6lrimdL/w1qW9vSWuSMdmh8LL/oLC5qtntxOCIAiCIAiCIAiCIAiCIAiCILwjidQADmqIYioVCQWEQXuU5KGXNMpaA1hN+GS3H18j1U/uhQpPXcGoNVYUj2Zccfb1uGw1Q7X0nKbAVPzlU4NVC1SJK9a+Mo45agzH1+g1/E1bDWDTvjGOoM+XHxfGfE1LDWCbfXtccTWAg/Webw1gYuYrYp8Y+9H7KrI+NIV0HutPNZDP+ov001YDWI9rUvuFYj6v/UKNx7xPAncx68+6X8wMyfNWU3TNd2fesSAIgiAIgiAIgiAIgiAIgiAI7wqSekIzR01Pl0iCJUBJQMXXALbbD5SQOe3r5337sYrM2BrDFif5KggVJaHfXW38TH++8Wxxqf4sikwlKzhJxWpcXP5xW1xZ5kuNJy/7+ttsNVizxZVzvtSsoa2mrPJI7MyyyKJwt6yz2Pe+v3xrAAf23TztK+Zc9PvKNl/ZagDHxZVt/Zk1gF09URu/X8TZN87lrAGc75MIYuwbb+1KZ/3+mm4KPtDM3Ot+PGP+BEEQBEEQBEEQBEEQBEEQBEF495HUa9ZiKOtsNYBtCUlVWecni3RloU+ump657YfKPc0fpl/dvVmDNUwU+369y4naz7SOsa92W/Xn/X8kLjMh6Wi9UWrWOtEGEfuW8YypAWxTjmr+zAGzxpWjpqzVvhFfTA3giHLZHz9z/WHMV6x9cwHY7GdZH4bf0H7M+ptkDWDTvk/U/iTmS/VnzlfEr+EPw34kLutwzvx+wST3i8i6j9kvZoDkeasl+SsIgiAIgiAIgiAIgiAIgiAIwrQTqQGsp9lyKVozLae6BnBoX7/UquAzE55Z/WZRSCrtI/5MJWQWH3rCyV6jV3sucVYFsyUGI04tYW3U6I32TR+3oAawGlecr4xhq/JTWzz+i0skrqhiNVdc073+zARydsVzVgVpvusvi30tNIjEZVWsZo3r2GoA52M/7/3CWzd5z5dq0OI0H0V1ZPxMxXS2/WKaKLzsL+Sxz4IgCIIgCIIgCIIgCIIgCIIgzAiRGsDRmp6+4o5QcBe0R1HQOd7HbDWAMRIvUQWwQ7b2qn2jNqqi+FPtR2oAB7VsvRZmIsjwG9rPVquUIMEV2jfiMgWOwbgY42epVaq31zvrROJS5ivS3jZu01UD2P8YM1/W9mGCLhKX38y2/pSO51cDmOh8ETNfZkLSr5UbiUvxp9g3ld9W+8aQq/2M1gDOVqPXss6N++pt1QCO9DPHfqH6y2e/iJ7Osl/E2de7Obn9YupxCgqZs/67FDZfPb2OBEEQBEEQBEEQBEEQBEEQBEEQPJJ6QiwPhWecQk9JQMXXANYTc6YSN/RnQfEbp4x0FT94ykCrEjdQXtrth9jshzWAo+2nvwawrrw8thq9/pTGxqXGY7EfvmZJoPkJUIviU5sno1OZaZvCGsBBJlVvny2uyHzFvDcV4jlrAEdq9Foi03zZ7Ws1lLX2+SnctfdmwlqdJ5vyPW6/UPzmWn+hHUtck9ovcqy/wL5/SF9/05z7JVnfwpxP30ii6pxp9iQIgiAIgiAIgiAIgiAIgiAIghCSDKWB3ouXCDIVfWatXP91qmsAhzV6PfwsjWLWVPTpDYx4zLgMxWekBrCiDNQUg4RKQtW+qTzMWQPYiMtWgzUyjmqmMMa+No6WGsCBW3O+TKmx0T6uxnBkvoyEeGSeMOPCHperfjTWn5qQNNefb05VfDqW+YqxbypZzfbB+FnWhzJASvJXPxxZf2bt6+AC3W9UqW1OkBGX1p0cNZvVeCz3VWS+VH+GfTOuvNfftO8XpsLY7BBTTmJhLXPWfInkBWun3rggROjlluvb6Y49X8rar29gdcVMdqmNz/+kj4Y/v55r0zPod0rwxrPmUn7w+RUUW5ucyPEJgsDAFm78fg/9sQ1SXHtzKw0z2KXun97MLTtn3u+U4I/nshZuvSbHpjiZtoIgHDf0P3QbNz44FN9gxu/pATZ//2dsoo6bvr6Syhn0fEJwuI/O9q1s3j7A4GjmUOH8MmpW1NN6WR2VRbPbPUF4N5D5bjdNP4t736e4/GpuumyKjMt3NEEQhHcskRrA/ofsCkm/vaLci1Hw2e0rfiz2Q7/mZaqCbzprsOrxuF5CNSaE6Oeg43GKaiOeGIWn1UcuBSYoClpTIWmJS1OsWuLR/OZQ6AbX6vZjFcZx75WDEQWt3zjL+gsUnpO1f5ysPyOlHYkr3r55PIei32o/i8I4T/uaQtcS15TuF966tLe3xBXp2NRRsOR8Cj90NcmLWqfeuCDkojRF68cWUxo5UUQqelDIxe6t3PxQFd+6rGq2eyIIwnRxZi0bLrbd46VUz3hnBEEQjn+qm1bSfJblRFlqxvvyrmJ/F7c9coDyZStZuzTHF/tXtvKdv91G30QR1UvTNC+roPTwAN1PvUhvxxZufGQX62+8iqYSgCF6H9hC1+sLaFnXyKRn8XAvm361h8GzVrDhQlkDgiAIgiAIxyORGsBBDVFMpSKhgDBoj5I89JJGWWsAqwmf7Pbja6T6yb1Q4akrGLXGiuLRjCvOvh6XrWaolp7TFJiKv3xqsGqBKnHF2lfGMUeN4fgavYa/aasBbNo3xhH0+fLjwpivaakBbLNvjyuuBnCw3vOtAUzMfEXsE2M/el9F1oemkM5j/akG8ll/kX7aagDrcU1qv1DM57VfqPGY90ngLmb9WfeLyZOoWkxB/WUkz19Dwdl1b8+YILwdispI19eJAmIK6XvwATalN7D2jNnuiSAI08LJC2msF4WDIAhCvpSeU0ejbJszz+t9dG3vo/K0UdYuzdZwlK4HttE3Xsrqr+nfYRsvAQ7voa39EOmSsH1f7z66Bo7ScCwJ4CMDdG/fR//4YjZcONmLBUEQBEEQhJkgqSc0c9T0dIkkWAKUBFR8DWC7/UAJmdO+ft63H6vIjK0xbHGSr4JQURL63dXGz/TnG88Wl+rPoshUsoKTVKzGxeUft8WVZb7UePKyr7/NVoM1W1w550vNGtpqyiqPxM4siywKd8s6i33v+8u3BnBg383TvmLORb+vbPOVrQZwXFzZ1p9ZA9jVE7Xx+0WcfeNczhrA+T6JIMa+8daudNbvLxtOQSHMLcEpPQ2n/L0kqpZQcNa5FCw+D6fC9ifwgiCc8FSUkhocYvPft5G6oZWGebPdIUEQBEEQBEHIxov07gLKF9Fo+wPG+Ytp/eRM90kQBEEQBEGYTZLOdW8AYQok7nWqmCk/giAIgiCE+DUmN/zVYnb/eCudr4xDsoT0hz/Chssq6H/ofm7rOMjgKBSWVtH6H6+i2f/lUVBn6CquK3+cW365j75hKCwpo/HK1axbXkFhNucTh+j65WY2+bXIkklSS5ezrrWJ6nnAS+3c8MNeBpdeyt//xQrd1oF2bvj/ehk5fxU/+FQtAIM7HuC2B/aw99A4JJJUpi9gw7pGUknluiP7aG/7LZufOcTIOBSWVtD8yTW05np0HkBlI9ev2s0NP+njjrZeaq5J2+sB+4wP0N2xlc2PHqTv8DgAxQsXse6aT9BYZo7hJ1jP49zybwcZGofCMxax/nOfoJEe7vjpVrr2jzOWSFJ5QQvf+GSt5ndkXyd33Led3v3jjAGli9KsX99Cen7ukARBmCxhjclv/Bls/lkPvUNAUSlNrZ9g/TLoaruPu7q9PeaMWq794irS/h+MBPXCv0DLK8r+WlbF6k+tYvU5OfYiYw+jqITq5Rew4eN1lCdg5Im7+dI9BylvbmXjFbpua2z73fzlXQdJXflZvnVJWXQPLiql4YoWNlyY0vbbKd1jDvVw112P07lvmLFEkvIl57Lhw8dgRxCEE4e3+V0nqIf+31bQf+e/svn5YcbI7B/rP72Smhx7kbmHFZZV0LRqNevqy4BhOm/9B+7YXULLV75A6wL1ylG6/vlH3PZMGa03fpaW0Rn4zhaMVSvXlW3jh7/YR7+/P69ZxbUXVAG93HJ9O93eJf0P/ozPPwhUxNU+LqF0PjC4j65XyPoUG72ucx+3XH8zAA1/fj3XpmFofxeb79tB1/7h4L9B6eaPsOGyRRT7/30c8C7f2c7nr28HvFr23n//Ks36pLbjR/ax+c5/pf2FjJ/CkhJqzr+UdatqKU9km21BOMHI654PGRvsoe3nj9P50jBjE5k63ukPNbGuyVb2yb8nvXsw1/FJfEfL6+duQRAE4bim4Nvf/va3Z7sTgiAIwtvnlYHXJ9V+3pwCHMcJ/gFZ36O+J3y4eKSd8prrmPk+n8+5jscx2faFhSfCbx0G2Na+l/55p9FQV07hW6OMqv/GHebOyfx01r/zd2x79U129/RBTQOfvKCMkZde5tln97Dnxed4cNcE5112IeedOsTeFwbo3jnIkkvfR7kDDO+j49FXGDt6kId3jLKoaTkfXVrCH3+/n53bn6I3eQ6Xnu09T27gWX7VM0Rl3YWcdzowcZDN//Nn3PXsMKWL03z08iUsKfgTvTteoKPrFRZdWMvpp57CxK4enn3hMMUX1FM9N4yw919+TceBk1n7ucuongv9W27jr3/xMm/Mfy9rVq2gceEYe7t62fzMGOd98CzmA4zu4rbv3k/7gQlSjSv45KXvZf7AS2z57VMMvHcZDRVxP7F643lGNZ9suZD3vraTzh3P82y2+IC+B37Gzb99ndKzamm5PM15VUf5fc9LdG734kuGYzjU/yKdr72HlstXkD7pELufe4Vtz+1lzyNP07/gA6y95AwKXj3Inuf2sKekhqZUJps09sy9fP0fn6bPPZlLP3ohH66Zy8Azz/Dgo4oPQRBy492Lb5RXcuk58/U9861RRieSzC1MAMPsefQpdh/+I93b3+D0i89j9dIC+p97hWd79rFn3w46Xi3jo5enqSl4jWdfPEjXvgkuPT/FXAj2isKhF2nvS3Jh8/k0LTpK/66X2fbEM9pelNmfSznvI0szv9A/0sstG3/NlgMTpOrSrFl5JqcPD7Ct5zm2PJvZ68oqk/yxcw+7Xx5j0b97H6cH/4k7xJb/8wjPji1m/fo6TncG2Py3d2T24HPr+ORl57BoYoDOjm52KnvbMe8x/nieUc2aZd6meKSXW/7m3/jdQIL3Lk+z9kMLmX/wBe7a+gpjY0cZU9sKgnDc88aL3XS8MEr54qXUlI5G9s2Jgrlkts23910nsxcW8Md9T/H75BJaPrKEJfyR3mdeovNJdS/y9mfOoLnpbOYDI71t3PBPz9Lnnsx5H1rOR5eW8sbL+9j2eI+3151CqmSQLd2v0Hf0FD567mlhgEOPc/v/PcDY+c18cflpM/OdzfMxcugl2neN03BZpt3g719md88e/rjofOpOnUtZxSnUvGeI7r4jlKYbubqlhoZzz6K6fD4FkZkqpWz8WTr2DLHn8SfZ9tKfGJs/j8qT5lNo7OFzS+ZReXYZvHSA/tEymj9zIR/+wNmkzzqDMmcb/7TxEbqdU6i7uJ6PXlBJ6eBBurqf9r4TlzK/fD7VVUfZ+/wQo2fWsuFjy2j4wNksqTyFud5//+afs4zm6pLQaeR4H23/7y/YfCARfF8vGz7Etu6n2VuylKbUXAThRCWzn82lpqmBJSXkec97F7/Uzl//7eM8e7iYpZfUsabpvZS98Qe6Ht3LRHoFSwsytgjuJW9PHFa+S4L9+CS+o+X1c7cgCMI0MD42MdtdeEchvy4UBEEQhBOdwV5u/nZv9HhEITBK9aovcN35mV/GNJ78Jl+6dQ97Xyxh/U1X0TQPoI7y4Zu5ZWcfvfuh5kzFzUtzlXbQeN5CbtnYTveDW+hquorGomgXxnZsZdMBKL+klZuu9FRq9Y00n3M3X7pnH3c91MfGK1I0X1xF210H6XxigBZfFTC6jY5t47A0TXNp5nPbg0NQUce3vraSykSmv00L7+dLt/bQ/vylrF8CfQ9tpWs4ScNnPsu19V6s9e+n/H/eTlvHk7QubbL85bRJEelPlZFmFwAAIABJREFUf4K1r9zNpgfvZ/PSDayOUVKkVl7F31xeSmnwraqOdNHtfPW+fXS9AGmlXttI0RK+8bUWqhPABSnov522/QMMXtLKRm98ms6GG7/fw95dLzLWVEYhfWzatI+ReSk2fL2VRm+eGpe9h+/c1MXmJ4dIN+WhbBYEIeSZTr76TGf0+LIWbr1GKXJ5JEnTdRto9fbCGm7nq/cdYvehNN+4wb+XF8H3f8amffvpHYUmZS/sG1oQtqOOpvQWvnNzD12bttKytMVac7Fvy6N0D0P6U58N9mvqm2i47x/43sPbaNt+Adctr6X5gq10duyh8xlI+10+sI2O/VDeXEc6AWPbt7DpAFRedhU3Xe6pS+obSd3zA37Y8Ti7V66hZor3mL0PbM3S/9G87QiCcHzR23YbX22LHvdVoz7H9l3H5xBDC8N21DfS8NBt3Phg+J0xSh+b7+9jJFHF+q8r31Obamjb2Ea7/z21po6msj20b3ua7tZaGry/9ex75Gn6KKGlqVazOhPf2YaOnMqGv1LanTLM53/SR++uPliSorq+jurkHm7rPETxgiU01leQjcqVf87Gk+/PqAt399K2u5c2PDX0yktZfX6K0kTmqRWNZwww2N5FNydRU1+nqAZXsP6vF1NaGvazcdmpjN34AJ07dzG48lIqa+qoLHuNzb/uY+jkhTTWH0Nx6IE99B6C4qbVfOPjizJ+6ptoPTzA4Bz5Xiu8M8l1z0MfbXf2MjhRyurrw1rejfVNrB0aYqwUGIi3n4u8v6Pl+XO3IAiCcPwjCWBBEARBONEpTdH6McvjoOZVUK43pPps5S/xy0ooBUaW1ga/LAOorCyFnUMM/smwZ7RjXpqW5VvpfvggvS9A41Ii9D5zECihsVH/hV3xiloa7jlI9/P7GCRFef1FtDzYRvsTPfRdlkmKDHX10juRpOlC77HQL/TROwHlNSmKh4fwH1zHgtOpZg97XxqAJUl6nx8GqkifM87QYb9VAalFJfBwP3tB+SVXFhJVrF5XR/fNPWz6cTs1N7RQbWs3r1QZ+3FGDg/DnIxqIfKHi4sWeokggDLKy4D9xvhUVFAJ9B8aYhCoHNzH7kPA0hQ140MMHfb7dzo15dD+Yh80HcMv3gTh3cyZtWy4uCp6vMxILiQqtD+EKT3lJOAQ5cvPVe7lCiorgYFhhoYA5ffzejvgjCaal/Rwx+4+egchpW/SwAC9zwwDKRpXlGhnqhsXU/5wD73PvQjLa0mtXEF661a6n9zGWDqzT/Z27mKQMlovzsSx+7nMHpw+p0TZDyF1ZgU8McDeAahJTOUeM8DuF0az9n8wT0uCIBxfVDetpPms6PFyMyd7LN91ghPR74yVl9SRfnArvf53RrMDXiKRtPE9NZGiaXkJ7Q/531NTrL6sivZ7+ujcMUrD8iKY2EXH48OwsJGWBYbdmfjO9v5zvUSQx+llVNJH/9AQx0aS8uWf4Kbl44wM7mfvs3vo6N7F7v0DdLS10fFYHTd92U/mxKMmfxkdZuitJMUlwFjmkdZTQnmK6pIeOnd00nZOEauXVFFcBMw3f34RhHcQue55fw+pqYv88XFhaWn2sks5mcR3tLx+7s7+BymCIAjC8YEkgAVBEAThRKeojHR9naUWmEkplbbfqCSiD5GzUV5RFjlWXDwXGI0mOgEYZ2wUIEnkidq+T/8XSYkULReX0X7fLjp2t7C+po/2Rw5BWZrmGq/pm5m/Sh58+H6++rDFXf+rQCkjRwAOcse3b7M0StI/gJagycoZK7l+3SFuuLOXH95Zycb6aJOxwR7uurOTrgNx4xBSedqplqOW8VE5MsoIxCsWEwP0Qx7zLwhCQL6KpfJS6y+iCwvy+zGq8jRzsynK/IIbwLpfvJmptwiWfZPML/7GvQbzVtC84lF6n+ilY2gFLXONpyYwzsgwwDDtt9xGu8Vb36vAyVO5x+TRf0EQTkhKz6mjMY9t85i+64Reot9Vi4oye0dc8nH0qPdd0vJ91tur/e9nxSvqaLr/IJ2PPMnQ8iaKd/TQeQTSF58X+UPKmfjOZvcxFSQpLl9E+pJFpC9pgdE+Nv1dG5sP9NC2o4nrllse2+MzMcTuLQ9w1yMH6R82zk1lviexmPVfXgk/3kr7T+6mHSgsKSP9Ya/O6YlQjUcQJknOe97fQ/x9b0rJ/ztafj93SwJYEAThREASwIIgCIIg5MXgwCEwHlg6MvImYPkhEoAkhUUA49HE6MTRzGthMvhhs7QxTfpXW+l8bButHKTzEKTXXRp4LPTqGZemG2lddlLUXVkKGKU4CVBG82fqLYrdIlKTfKpccf0q1vfezi07f8MdE2YSfB9tP9xC55Eiqi9opPlsr1+/38FtnYcm5yiOooLMGMUpFiNKb0EQjhf6/zAAqPftKCP+E/as++Zcbw/zEhZqmwkySY5k+CNcuqmW8id66Xikj8b39NI7UULLR7ynJgR7cBENVzTRcHLUW3kKGJ3KPSaP/guCIMQyRP8goCrfRkcze4fynVHD/57kf7dUOZrJdgTfUxP+4/Ofpv3A+yl95CCUpVmbLSE6GY7X72xFKdY2p9h8Zx+Dh4xHVRgMPX4/Nz84QGFFirWrFlNeBPAG3b/qovvt9GHccqysjvVfq2P9+DBDrx6ka+sW2u67n74/tcY87lsQ3uH4e4i37729JLD5M3j+39Hy+7lbEARBOBGQBLAgCIIgCPnxzC46j9SFj9eb2EPn9lFIVJE+x35JemkV7DxIV1cfa68Mf1Ac2baLbqB8yaLwF2FFvpqth5tfH2Jk3mKa65VfyC1ZRDrRR+8bUFNfpys1xscZ85Ii6aUlbBoYZqykjkajNtHYOBRO+ttPCQ2f+QSr++9mc69ZdOkNhoaBilrWf7IpUHTs7Xt8sk7iqVhMuqyH/sFxSpfVUaP9sD7OGDG/EBUEYdYZ3P40e1uqwseIDj1J5/NAWYq0NQtQ4e1hfXRtG6bx/PARfXu79jAIpN93dth8wQqaF/bS9ng7P5w3FHmMqb8HDxWmaKzX/4BlbHzc2w+nco8J+9/x2CEam0Kffv8FQRDiGY58Zxx6spdejO+MKv73pMj31D46tw9HvqemLj6XVEcXnffcS/EBSF25wlqP/ZiYju9snrJ55A1TjmsyStd9m+GiNTSWm192h+naeRBIUn2mn/xNetmlNzNPz/HGbWQ481dK6VWtrPYV30e20XUXoObJE14swyOMAMX+8dPKKKePfk0h6PtXGWJwsITy8iQkSyhdsJiWdW+yd3s73f0DjJGS77fCuw9/D9ndw+ZXVgQ1gAHGhoYYKy0N77XwIspPBwaG9CddvbKL7kG9Xd7f0fL8uVsQBEE4/pEdWxAEQRBOdEYP0bujh77IiSJS76+lcopEDaWVw2z6/u3svuj9pIteo+M3u9g7DKnLL6Uxxkdh/aWs3Xo3mx5u48aBNE0rShnb9SwdOw5BySLWXab/ys1Xs/UdgPLmOtLqL86KVtDa0kPvg13c8P39NH+wltT8N+jbuY+uXUOkP/dF1i+B1MqLaHiinc5bf0R/fS1NtafC4EG6e/awe95yNn6xKVovOReJKtaur6P35h76tL+kXkDNIuje18MtP4WWdBH923bTtd8mczhWUqxek6LzJ3u4+abbabzo/aTLYfDFF+nafpDiVZ/lG03Rx3MLgpCF1/fTtcOiFqOUmvpFk98jYqic18fN/+Numj9YS+XoHtr/rY/+iSIa1lwUm3Dw97Duttv53gu1NNVm9pWO3cOwYAWtmlKtjOaLq2i76yB9RyB9uf4Y02AP/uXt3LgrTdOKCkoPD9D91Iv0DlRx3bfXUJOY2j0m6P8vb+fGF+uCfbFj/zjFkHm0oSAIJxxDL/TQZVVxLqLxzKnaNUsp3vtLbry1NvOdsbeXzTuHoCRF68rYXdPbw/q4I/ieOkTX73rpPQSpVSv176ml59GytIvbnhliJFHFhsap/A41Dd/ZatM0leyj87HN3Fx4Hk0LKuz/nRrupeuxffQ+/APuWlhF+pyFpBecxNjgQbq7d9E7AMXLWmgN/jiyjKbzy9j0ywHu+uG9jLScTWVlLekzKyhmiO5f3M5df6wnNfoinb87SL/5Xb88TdOibdz1Qiffu2eM1UtOzfzcccZiGsp6aN+5lZt/PULTAhjcuYPNzxiLZ/dWvnPrHgoXpWj8wGJS899g7yM9dAOVZ0nyV3i3Eu5nm//2NvourqFxAfRt203H7nGav/IFWi03R0O6CnoPsunH91J4+dmUHj5I+7/toj+BVnIk7+9oef7cLQiCIBz/SAJYEARBEE50hvpouzOa/oVS1n69ltVTVJ6nOL2K68of54dtnXSNZup0NXxyJRsutDzizidRxeovf5byX25m0/Ze2nYDySSpdCPXtjZRbf4yacG5NJb3snmwjOaLo7/oq7xsAxur2rnr17vouO9g5tFY88tIr/4Ia311x7w0195wKp33/yubdvZwx/aMz8qFi1n/6QuOPbFzxkqubx3gS/eoCoYymj/3CUbu/Fc29/ZwR2+S8iXLuf7j/dxonZNjozjdysavdNHW9iRd7Z10TUBhSQmp5SvZcIEkfwVh0ry0i9te2mU5keLa+kU0TJGbysuuYv0r93PL5i0MjUNhWQUta9fQurQk/qJ5aa694STa237LZn8PKyqh+sKVbPh4XUQBV1hfS8NdB+k2n5oAwR6ceuBfaXvC24MTSUoXVLH2mksDddqU7jHz0lz7tbls/vkWZV88l+s/C3f8qEcSwIJwgrK3cwt7LWVtWdZC4zV5FAfOi1JWX7uS/jv/lU13DjOWSFK+KM269S2k58VfVZxuZeMXO7njvu10P9hJF5n9tvkzq1lXb+5hRTTWp7jtmT6KV9TF/hHjsTLl39kSi1n/l5cy8vNH6e3oZHfcf6dKVnDdf0/R3dFJe/dBurcepMuvfVxRQfO6j9C6vEJLrJY2/RnXvX4vdz22j7Y791F5eRXpy9bwrc/cyy2/3EfHfVsoLCmjad1q0vfdyybNYRnNn1vF4I+30rGti9ue8H/uSNF67UpGfrqVro7/n727j4uqzvs//pphYGAQRxBBQPAWBZVUvI1I1yxss8xu2C2vLdvW2nVvqt/qtdtee+Xv2vrt1baX7lU92nUrd0trLRdrTdOSQlNJoxQ1TPEWRRFFRBG5GRhmfn8gCAgKCsxN7+fjwYOZM99zzueM+Dln5nO+328muUYTEQkTePqBfJ5b1ujaePAk5txtI239CdI/qFvuGxhC4t3TmDVRc4vKt1fjfJazIYscLn7evXsSKRHQ0nAqvqOn83TJKhZvqPu/7GsNY/L3p5Pw4SrWNB7Aqh3XaG363C0iIm7P4HQ6na4OQkRErt/O3Xntah/czQ+DwdDwA1zxMY0fAwZaadfo99WWNX/cludXW96a9rYPsOgeqQZFGcx/YSfc/hDP3tbJX8iUZvLcs1kUj7uDl74f37n7EhHpLDlpPPZmPomPzGVOR9VFWpO7iidfP0Do3T/kmYm6IUREPFP20oUs2hXDnIWpHXYTTmtylr/Ey192J3X+D0npqM7LIiIiInLdKis6ckQ9MV69iYiIiEjXyPl4O/kEkpys4q+IyNWVkP7xASqMkaR06DCmIiJeqjSTlV/aYVgCk1X8FREREREvpgKwiIiIuIfKbWzYZofo4aREuToYEREPcHQbG47RKcOYioh4o0Of7SYfE8lJYzTPrIiIiIh4NY8fAnrbrv18lJHFydNnqa6uaVhu9vMlondPRt8wmNsnj3VhhCIiXUNDQF+ZhoAWERERERERERERcU8aArpjefS32+s+28aK1RtbfM1WXcOR/JMcyT9JaIiVMSMGd3F0IiIiIiIiIiIiIiIiIiJdy2MLwEePn2pS/J044Qas3QMbnp85e54tX30DwKtLVxMxbxZREaFdHqeIiIiIiIiIiIiIiIiISFfx2ALwyaKShsf/du8UvnPTyMva9I/uzT/ezwDgyPGTKgCLiIiIiIiIiIiIiIiIiFczujqAa3Xq9FkAeoZ0Z/SIIS22GT1iCIEWfwDOlJzvsthERERERERERERERERERFzBY3sAJ40dxpmz55l04wiCugW02CaoWwBzf5LKp5uzSRo7rIsjFBERERERERERERERERHpWgan0+l0dRAiInL9du7Oa1f74G5+GAyGhh/gio9p/Bgw0Eq7Rr+vtqz547Y8v9ry1rS3fYDFY++REhEREREREREREfEolRV2V4fgVTx2CGgREREREREREREREREREWnK7bs3HT9xmrz8QgqLSjhZdJbq6prr3qafny/RUb0IC+1BdGQYMVFhHRCpiIiIiIiIiIiIiIiIiIhruXUBODvnAEuWr6Oi0tbh287ZexioKwZP/c4Ypk9N6vB9tKSyqpqXF7/PwbwC5syaTuINsV2yXxERERERERERERERERHxfm5bAP7LGx+wY/fBJsv6RPYiMMD/urddZavm6PFTAFRX17A6fSuHjxby1OP3Xfe2RURERERERERERERERERcxS0LwP/84LOG4q/Zz5cH753CsMF96WHt1mH7KC0r58vsXN5fuxm7vZZv9h0hK3sv4xPjO2wfIiIiIiIiIiIiIiIiIiJdyejqAJrbs/8on2zaDkC3wABeef4Jbho7rEOLvwDWoEBumzSaRS88Rc+Q7gAs/sdaDh8t7ND9iIiIiIiIiIiIiIiIiIh0FbfrAbzrm0MNj++5I7lL9jnre1P501/TANi6bQ8D+kZ0yX7bwumE3IP5vL9mM/kFp3A6oVfPHtx9exJjR8ZhMFxqe670Ap9s2s72XfspOVeG0+mkh7Ub371lHN9JGonRaCAzK4elaZ8wZGA0v/jRDPz8fJvsb8tX3/Dm8nWMT4zjke/fjo+PkTNnz/PBR5+zPecA1dU1dAsMYMLoodx9exL+Zr8ufkdERKS97LW1VNvsVNvt2O21OBxOnE6nq8MSEQ9gMBgwGg2YTD74mUz4mU2YfHxcHVanUs4UkeuhvKm8KSLto7ypvCki7fNtzJtybdyuAHzq9FkAInuHMnHCDV2yz/jYGMJ7BXPq9FkKT53pkn221Vc7c3nj3Y8xGo0MHdyPAH8/9h06xuJ/rKW4pJQ7powHoLLKxl/eXMXR4ycJ7xXMuFFxVFfXkHswn3dXbsDpdDLl5kQS4gcQFtqDvPxCjh4/ReyAPg37qq6uYeu2Pfj5mpg44QZ8fIycPlPKi6+toLiklD4RvYiKCCW/oIiMzdkcKyjiZ4/OIMBfRWAREXdks9VQUWXDbnfgb/bF3+yHKdAHH6MBQ+M7iEREWuF0Oql1OLHba6mpsXP2XDkmkxGLvxmz2ffqG/Agypki0hGUN5U3RaR9lDeVN0Wkfb5NeVOuj9sVgI+dKAK4pl64b6V9wqYvviZ53HBmfX9qu9btF92bU6fPcuJkcbv321mOnTjNuys30KN7N5587F56h4UAUFFp489/X8lnn+9izIghhIX2IMDfzMx7byE0xEq3wIBL2ygo4k+vrmDLV98wYfRQrN0DGZUQy8frv2Trtj0M6t+noRfx0eOnyMsvpH9MBH37hFNdXcM/3vuUM2fPM+t7U7lxzDAMhrpeyWs+/YLV6VvZkXOApLHDXPH2iIhIK2prHZRdqMThcGCxmDVag4hcM4PBgMnHgMnHiL/Zl6BuAVTZqimvqKKyqpqgbgH4+LjdrDLtopwpIh1JeVNEpH2UN0VE2ufbkDelY7jdX8H5sgoAgpvN+fv5V7t5bO5C3kr7pNV1t+3aV/f76/3t3m9YaA8Aysor271uZ9l/6BhlFyoYlTCoofgLYAkw852kEZw7f6FJwbpfdO8mxV+AoG4W/Px8uVBRRU2NHYBxI4fQLTCA/YePc76sHKgr6m7dtofqGjs3jhmKn58vp8+Ukl9wiqjeoYwYNrChUGwwQNKYoViDAtl74GgnvwsiItIeVbYazpwtw9fXREhwkD5YikiH8zf7ERIchK+viTNny6iy1bg6pGumnCkiXUF5U0SkfZQ3RUTax5vypnQct+sB3JodOQcB2PTF19x3581YAvwvaxMR3pNDR04QGd7zqtv7/Kvd3DR2eMPzPpG9CAoMIGHogI4L+jodOXYSgE82bueTjdtbbHPi1BlGDh8E1A2fvTYji32HjlF6vhy7vbahXUhw94bHfSLDGDV8EJlf7uabfUdIGjuM02fOsTv3CGGhPRg2pB8Ap8+c40J5FWUXKnnqmT+3uP+Ss2XYbDUaWkBExA1UVlVzobySHtZA/Hw95hQvIh4q0GLG19eH0vPlOJ0BHjctiHKmiHQ15U0RkfZR3hQRaR9Pz5vSsTzmzNO3Tzi7vjkEwOkzpfTtc3kB+OlfPMi+g8cYMij6itv67fN/o6j4HJWVNm6dOBqAxIRYEhNiOz7w61Bb6wAgOiqMPhGhLbapL3YfO3Ga/311BWUXKrAEmIkbFENQtwCqq+3szs1rso7BADeOGcqXO3LZum0PY0YMZufug5wtLWP61CSs3QMBcDicOJ1OgrpZiI+NaXHYgPDQYIxGzVEhIuJqVbYaLpRXEmzthsnk4+pwRORbws/XRLC1G2dLL2AwGPD3kJsClTNFxFWUN0VE2kd5U0SkfTw1b0rH85gCcO9ewQ2PP/t8Z6tz/F6t+AtQVHwOqJtL1531iezFVzv30T+6Nw+l3nbFtkePn6LsQgUJ8f356Q/vxuRTd2FRcvY8h48WXta+b59w+sdEkJdfyJ79R/lqZy7B1iDGJ8Y3tOkZ0h1LgD+BFn8emDGZoG6Wjj1AERHpELW1Ds6XVdDDGqgPliLS5UwmH6zdAzlXWo6vKcjt5xpSzhQRV1PeFBFpH+VNEZH28bS8KZ3DYwrAoxJiiY4K41hBEZlf7mbMyCENQxVfyb6Dx4C6wvCxE6f519rMhtfWZmTh5+fL7ZPHNrTtGx3uNnMxJMQP4NNN2WTnHCBp7DAG9otseK26uobD+SeJ7R+Fj4+RbhZ/DIamPXGdTtiybQ/nzl8guEdQk9f8/Hy5ccxQ9h06xj/ez6DsQgVJY4bRq2ePhjYRYSH0j+nNnv1H2bj1a6bdOqFhHmCns26I6p7B3ekepMKwiIgrlV2oJNDiryGlRMRl/HxNBFr8KbtQN8SdO1POFBF3oLwpIq7kcDiw22ux1zpwOBw4nU6czs7Zl8EABoMBo9GIyceIyeSD0dj+QoTypoi4kvKmeCKPOQuZTD785OG7+O3zfwPgxdfeY9iQfgzoG8GQgZd6/Yb3CqaHtRtQN2/wX978AIAJo4fyxfY9TbZZW+vgvQ838enG7QzoG8GO3Qfp2yec//w/P+iSY3prxScs/2BDi689lHobw4b05/bJY/nXR5n88c/vMqBvJL16Wim7UMn+w8cx+fjwy5/cX9ebt28EvcOCydmbx7MLl9Ivujf5BUVcuFDZ6sXGsCH9CAvtwanTZzFfLAg3riH7+fky47vJFJ46wwcff86Wr3YzoG8kDoeDA3kFnCu9wD13JHPHlPGd8faIiEgb2Gw1OBwOAi1mV4ciIt9ygRYzJWersdlqMLvpEFPKmSLiTpQ3RaSr2e21VFfbsdfWdtk+nU5wOp04HLXY7bVgq8Hk44Ofn6ndvWOVN0WkqylviifzmAIwQFhoD5755UO88Mq7VFfX8M2+I3yz7wir2drQJrJ3KL/791kAVNfUNCxvXPy9/65JRIb3JC+/kNXpWyktK2fH7oMA9Opp7aKjgQvlla2+Vl1tx2CA2yaNYUDfCD785AsO5BVwMK8APz9fYvtHcedtE4iJCgfAGhTIk4/dx/KVG8jJzePU6bPEx/Zl5r1T+Nuyj1rch7V7IKMSYvl4/Zf0j4mgb5/wy9r0iw7nN0/MZG1GFtlfHyArey9Go4HwXsFMT7mtyZDRIiLS9SqqbFj0wVJE3ITFYqaiyua2HyyVM0XE3ShvikhXcDicVNmq6woJbsBeW4u9shaTyQd/sx9Go+HqK12kvCkiXUF5U7yBwensrI7q1+axuQsBuCvlRqZPTWqxTUVFFUvS0jmYV8D5soomrzUuAANs27WfV5eubnj++sK5TdqvWL2RdZ9tu+o+RUTc3c7dee1qH9zND4PB0PADXPExjR8DBlpp1+j31ZY1f9yW51db3pr2tg+wuP89UvbaWs6eK6dXz+6uDkVEpMHpM+cJ7hGIyce95jtTzhQRd6W8KSKdqcZeS1WVrdOGKr1eBgP4+5vxbUevNuVNEelMypuuU1lhd3UIXsX9v91ugcXiz5xZ0wEoLinlTMn5htfCewU3adt43ty7Um68bFv33zWJrdv3cL6sguJG2xEREXF31TY7/rp7T0TcjL/Zl2qbHZPFvT5YKmeKiLtS3hSRzlJdY6eqqtrVYVyR0wmVlTac/n5tnjNXeVNEOovypngTtysAm81+2GzVbf5PFhpiJTSk9WGbz54ru+o2enTvxvmyCi6UV1y1rYiIiLuottvxN/u5OgwRkSZ8fU1U2aqx4F5D3ylnioi7Ut4Ukc5Q14PNvYsYjVVVVWMwGNrUo015U0Q6g/KmeBujqwNork9EKACH8ws7ZHsD+kZc8fXCU2c4efoscHnvYREREXdmt9fN/SEi4k5MJh+3mSepMeVMEXFXypsi0tEcDidVVTZXh9FuVVU2HI6rj7mqvCkiHU15U7yR2xWAI8N7AnDoyAn2Hsi/7u09/fvXGx6vTt/KitUbG54XnjrDX5d+SHV1DVA3X/C2Xfuve58iIiJdweFw4mNs39zGIiKdzcdoaNMH0K6mnCki7kp5U0Q6WpWt2m3nrrwSp7Mu9qtR3hSRjqa8Kd7I7YaAHtAvks1ZOQD8a20m8U/OvOZtffb5zibzAwOs+2wbW7fvIaRHdwpPncF2sfgLcK70Aq8uXc2YhXOveZ8iIiJdxel0YjDow6WIuBeDwYDTDT85K2eKiLtS3hSfI85QAAAgAElEQVSRjmS313p0L6/6+K/Uk1Z5U0Q6kvKmeCu36wGcPG44I4YNBCAvv5BXl66moLD4mrY1PL4/SWOHMSphEP/9H7NJvCEWgPNlFRw5drKh+PudpJE88sBUhgyM5pEHpnbMgYiIiIiIiIiIiIh0oepqu6tDuG7ecAwi4jm8Ied4wzFIx3O7HsAAP390Bo/NXQhcGpa5b59wBvaLJNDif8V1g3sEEdazB0MGRRMaYuWHD9ze8NqcWdM5mFfAC6+8C8BdKTdyx5TxDXdG3DR2eCcdkYiIiIiIiIiIiEjncTgc2Gs9txdbPXttLQ6HA6PR7fouiYiXUd4Ub+aWBWCA1xfOZdW6LaxO3wrA0eOnOHr8VJvWvf/OiQwZFN3ia4P6RzV5fqVu8SIiIiIiIiIiIiKewJOHMG3Obq/Fz0+FDBHpXMqb4s3ctgAMMH1qEuG9gtmz/ygnTp65bM7elvQM6U5EeM8rtrkr5Ua2bPuGftG9OzJcEREREREREREREZew1zpcHUKHsdc68HN1ECLi9ZQ3xZu5dQEYYHxiPOMT4zt0m9OnJjF9alKHblNERERERERERETEVRwO7ylkeNOxiIj78qZc403HIh1D/cFFREREREREREREPJzT6XR1CB3Gm45FRNyXN+UabzoW6RgqAIuIiIiIiIiIiIh4OG/67t+bjkVE3Jc35RpvOhbpGCoAi4iIiIiIiIiIiIiIiIh4CRWARURERERERERERERERES8hArAIiIiIiIiIiIiIiIiIiJewuTqAERERKTrZCz4FeuKrt4uLGUe824N6/yA2sROwdZlrEjPpaDc3mmx7X77Vyw9OZV586bgLkcuIiIiIgB2irens/jTA+QX2akBMJuJiYtn2h2TSAxt39db2UsXsqhwJM/+egoRnRKviMi1sFO8fT3LNu8nt8BGjYPrynUepSiD+S/spLDVBjHMWZhKYtcFxJoX3mJlRAqvP5zQZXvtcvYisj5Yx5pdRRSW1y3yDQkj8eYJpCbHYr3G7oM6z4q4By8+a4iIiEhzk+Y8wzhHowV70njuvSIm/vhnTGpU9TSZg7o8ttbYdy/jtX8dImrSTJ6c2JcQF8dW9OkCFqQXMfzhP/Lw8HaufHwL72SWMWraVOLc5y0WERERcWPlZC99g0U5EDdpEnN/1J9QM5QW5pD58U4WPb+XuNSZzJ0Q4upAgVJy1maQ1WMMs5NiXB2MiHgSxwk2vPo+yw7DwAkjeSI1gYju7prr2i5/y/ukn4sl9Y4ErG1on5A6m1nDWnrFhKWDY/vWO7mR5/53G/kBYaTccy9PDArB11ZC7o5trFmzinnbRvLME1OIUQVJxGPpv6+IiMi3iCkwiCZ1x0ATYCIgKIggNy1I5mTvpjLufh6dNtwtLlzCJv6MZ8bbMQVcw8rnDrIju4iwW1QAFhEREWmTgs9J21VL4g9mM2dUYMNia1AyMwcnM+2bDLJ7uEtBxEZ+Th5ZEbHMTnJ1LCLXyV7Mwa92k3WyvE3Nu/eO56axAwhxhw9tHujQ6lUsO+zPjLmzmdb70vImua6bu+S6tis+mEdWoZVpd9CmArBvoBWrPit3PscBlvxlG/nhI3n2qSlE1Pf0DbIy/rb+jJ+wk0X/k8HCf0ayYGY8vi4N1oNcKCB7+172ltja0NhM+KB4xg+LIkgTtUon0SlZRERE3FgRJUVAb4v7XLT4BRDk5+ogRERERL4dSvMKKCaMGQmBLb5uHTaFyV0ck8i3QcnWdSzKON/2FXblc8D+AL+8ObjzgvJWtm2sySwndFJqk+JvY8p10pFqdmwjs9zKjJ83Kv42FjSSWXfu5cnlX7BhWjwpbaneC3s/WcU/drVjhV0HOOU3h38b0mkhybec23yXKiIiIm6idBMv/f5DuOsZnry52a231Tv4+/x34P7f8eiYMjIWLGBd7wd5JvEof0/7koJyO5hDiJv0IA/e2pcmnWTtJex4/y1W7iyg0g6m4DimPPggU/q13JW2fqjluidL+dWvAMKYOm8eU8Kg8sgm0lZlkHu8EjsmAvrEMWV6KhMbba9+Xt+f3e/LxlUZ5B43kfTzZ7jzCiPyVR7J4O/vZJB71g6mAKJGzuCh+0cRUv+haPdSfrW0qCEOijJYsGAdYTOfYVzBUtI+P0rZZce3m6W/Wsrui5tYt+BXrAO44WH++IPhUHmUTe+tJGPPxfcmMIq4W6Zxz02DdCeoiIiIfKtZg63AMbJzyhk/quUicBOOUnIz1rJkwwmKbeAbGML4e+5m1qir9JyzF5H13hqWZZdQYQffkEimzZzOtP5N91l6MIMly3eTU2IHwBIdw7Q7U0jIS2P+x6V1jYrSeWxuOmBlxq9nMy0MEY8TEt+fqA27KHBcvS0Axu7cMETF32uyJ48cRyDTxrRx6PicNB57s/Ty/JKTxmNvcmmu3Pp2P5+C7+bPWPNNCb5JqSy42//i/LZTeD7hBIvXHuBQSRiz/vtBks1QU7yTZW9vJOuYnRqjidDBw5n9gykMDGi2/1+mYMlIJy2nlBoHWKL7M/PhexkfUt8m/+IKO5k/dycAiY/MZc51Talb1Cj2w7yclkehrS5np/7oQSZb81jz9jrW5JZTYzQRMWYST6SOJLT+c3Wj2H3XrmXl/vLLY7+C4h1rL75fdjCaCO0by4yZd1xcr4T0F98gjfEseCq5WY9nG1l/f4XFtZN46bExWGh2PjGZiEmcxJzGsULbzk2VeaSn1f37VtjrznsJtyYz8wpz+GbnnICwkSRe4fxkGRFLwvKNZOeUkpJsbfLeLxhdxKL3cjhUCpgDSZg8ldm39W95mO7cVTz5eh6Jjz3JrLhmrxWk85s/HSbxiZ+Q2rf1WDxF7NAYAnblU9nWFSxR3OAFxy3uSwVgERERacqaxMShH/JO5kYKbr6TqEYvlWVtItc8jkcTA4CyuoXH1vHngr7c8sN5xAdDyc4PWbrmz/yh9HF+d9+gujaOIjJeWcA62yju/8lDxAfDqawVvPWXl6j8+dMtFmTrhlouYONfXmNT+P08c188YCIgEDiwkgV/24LvyPv58b/FE0IJez95hxV/XUDJj55hRmzjoDfx978FMXDSNFInhtA38grHXraJpf+IYtTdPyO1bwAlez7knffe4bXAMJ6eFnWFFeHQBy9SFD+Vh+c+TIjtKBtXprHur+8Q8uyjjPKLI/WZZ7in+ZzLprr3ccsbf+bDskvvTcmhLaxb/Rbrev2O+5t/QBIRERH5NomfwIyoPFa+/Vfm54xkxpQJJEQE4tvil9rlZL/9FosOWkl58EFS+gVSuj+DRcve4OWan/DEuFYKyI4TrHn5HVba+jPrp9NICIHCL9ax6JW3qGj0pXRFThrz38zHMjqZp38cRygl5Gz8jJVpWcT98kEWTDhB+iurSA9PZkFqHGDC0oaatYhbCk3iicdrefm13VcvAhu7c+vjD3Crbna4JoXFpUBPYlrp/Xt9ykl/YxXWQcNJfWAUodGRQEndSwcz+cPhQBJvmcTkniHE+QInM/jDwp1UjEpm7g/iCKWIzLR1/OFPtTz9mxQGGhtt9/W1xIy5iafnx2ApySXt7UwWL0on4rcpxMTfwYL/spOTtpglpxKY+/PxRAC+1zKVUksOZvJy+WBm/Gw2A8lnzfJ0lv3lLbJ7lOI7ZhrPPhBCxf50Fi3LYFFEDM9MbFzZrSLzzVWEjpjE0w/EYD2fz5q0dBY//wYV//lDJrfS27V0y1vMf6+UgZNv4ZlJdeulr9rI4hfeouI/HmKyNYTJN0eStmw36QXJpDb+CqH0K9K/MZF8sfhbdz45RUzDtvJIW5rBb/5mbygQt+3cVMKGv71PWtmlNsUHd7Lyg3WsDIu9vOAKQBHFp4CIMCKu9B6bw4iwQnr+CZoM4H0wk+cKI5kx6yHmhNg5tH4dSz5+n8UhP+eJ0ebLtxM3kuSQA6Rv2cbMuDFNhpPOydxLcfRoUrykCGoaMo1f37eKF94ruHoR2BLFv/10Ogn+XRGZfFupACwiIiLNmBiVMpF1L+5gR/6dRDUUZwvYmFlAyLj7iWv8hVtpGLf83wcZd/GDXNDND/MUL/Hc6jVsuvVJJlqh7PN3WHcyjvsbt7v1cR6t/AN/Xr+D2x8ZdflFiV8AQX7dCfABTBaCGiYpLmPTR1soG3w/v3tg3MVexkGMe+BJqPi/rPhoE1NiJ16a67gygLE/n3fFXr8NKkOY9MvHmXjxs03Q+IeZuu9XvHMglxKiuOLNwPGpzPte/aer4dx5bwG7/5RB7kEYNbRunuWW51w+ysEjEPdAKuNi6t6FoJF38vgNd4J6/4qIiMi3nTGSaU88ROgH61i5fSeLdtX1IrNER5I8YQIpY/pjrb+QzM1gyS4TKU881FC0tY6+l2dq3+HJTz4nf1wKLV0SlmauY2VhJLOevZfki9eq1tse4omKv/KHjG3MeHQMvo69pC3PhxEpPDsz4eIX2FaS7+vPeLsdX5MJzFYsRsBkwRqk8TLF85l638yc1LP8fvmVihlmElLv4bu9fbowMmk7O5bRqTx7dwvZr7InM559sCHvQQnp7+4kf/AkXpp5sQiJlWk/NlPxfBprdkxqVOCzE3rLQ8ytL6wGjWfOHfk89nY+OcUQExqINQgsJsDogzXI2qY5gLPfXMhjLSyPuP0hnr2t0R0GjhhSf5xCghEggZm35bLhzXyKR6fy/MSLxzp6OtOyX2HJ13sondi4R64Nhqcyt/5LgqAEZj5homb+WlZ+vJfJ34+/PADHXlauLcI6sel6qT+2wvNpDev5jr6JlI/TyNqWT+qlL1PI37yb/JD4uoLsxfOJpcm2RjL7KTsV87expmAMqVFtPDdRQG4eJMycTnLfupOhdVQKc0ekdMD3Cf5YzIDd3uy9iGHWv0+/+N5D4t1Tyd/zDmv2HYbRLbx3xDDj9kjSlx0gyzaG5Po/Ids2Nmyzk/DA2Db9bXiKoITp/KLkH/xxwxWG0Dd257uPTCexW9fFJd9O+lpRRERELhc5iaQ+ZXz1Re6lZblb+ao0jltuadYTdvBwEpvdxRs0cix9KeDgATtQRk5OQYvt+g7sC3mHONKe2MpyyDkOcTckNh1imgASb4iD4wfZW91occ9RjGvjSFqEDSeu2SePqMgwsIO95TUaDBza7Nba3lFEAjVXHTItjKgwyN30IbtPVGKvb6+rNBEREZE6pjDG3/cQz//3XP7y23t54u4E4kylbEh7n3nPppF9sTKVm5NHhXUAic16ElkGRBJTUsChspY2Xkr21yUwOJbxza5VBw4Kg8MnOARw8ADZlSYSJyQ06b0E1BV/RbxUQPx0fjG5e6uvR02exiPxLQ78Km4hkPHjW/lAPCy+UfEXKNtD9jFIGJHQdChfYwxx/eHQ4fxGC60kxjW7RToqpK5HaVuHDW9BQupsFvzX5T9PT2zWvXxw/4YCJADhdfuOGdD4WM11BcxyGxVNVjaTOLLZe2KMZ/wIExX7jtXl/OYOHiC7sqX1Ykgcbm60XgwpN4dQ+tVOcurfB8deNnxRTsJtN9XdhNTatgIGMDCinEN5pbT53EQ4MWGQs3Et2QXll75/6JDvE6qosAHNz3HN33siiYni8kJxI76jRpIccIINWSUNy0qzcsjpkcC0US30GvZw4ZPu4ZFhrR1X3U0zGjFBuoKuUEVERKQFQSQlx/HhP7ewY0Yco/zs7PjiS0h8tKEHbwM/y+UXFEHdCQKKztVd3FdWAEdW8B+/WtHCvoZT1Z7QKiupBIL8L7+MMfmbgCLKzgH1F9M+7n65E8aUn/0M3kkj7ZUtVNrr5jOeeOudTBl6lQmIRERERNxNUQbzX9hJYeNlYSN59tdT6goDTeaFvGhECq8/3LZJIX1D+pMwsT8JE4GSLF7+UyaL/rWX12fGU1Fph9Ic/jA3p4U1rVRUwqVhYurZqCgH8jby07kbW1gvpq5wYLNRQSChPdoU5lVlL13Iol1Nl12aG/PiPItFTePXfMLiKuGT7uGRond58xtbk+UBw77DnEnhLorKe0SEWoEz5J+ExA4fBtrUypD5gLFZr+3KukLpoeWv8NjyFtqPaNcn92viG2jFelme7mj+WFoYitraIxBKSyltaRWbjYpW1rNY/JusZx2fQMLqjWzYYSNhtJmaHTvJJJYnxgQ22paN9JcXkt7CriIq6/6ftencRBjTnrgX3l7Hkpf/SoW9bm76lNumMG1Ya98nhBEaDhQWUQitDwNtK6KwFAbGXGkerTYyxjN5wkae27yN/IkpxJBP+uYSYm6+u9Gw4t7EQsJ90/jumff56GTTV3TTjHQld/9GVERERFzENDKJcR/8nU1ZZYy6YQeb9oQw9qkWJpCprsBOs4uKsvOUASE9QoBKAizA0Pp5fC/bE+2aBigggADAXnXZXi8uCyGog76Y6zIBfZny6DymAPbyAnI/W0Pam3/g6AP/zaOJulwTERERDxKazNP/NYaaxsuM/peGd7w4L2QTpmucKDdkPOMHZZJzsohi4rEEmCA0vmGuyWY7aWU+XnPd8mH18/a2sB6A2YyFcoob32h4HRJSZ7PgnqbLLs2NGUbKz2eT3KQXneYTFleqK2bcW7GG9/PqilMB/Ufzi/vi2/dZTlo2tD8JxnyytuUzo01zF7WstPQCcB1jygaYsVCXn2YNa+H1a83Vbqeq7oagZkrPlYM1puXhiM1mLK2sV1FR1XQ98xgmj/mclzd/RenooWRtPkHohNRLvWbNZiwEkjznQVJauH/C188KlLbt3AQQ0J9pj/2EaUBN+QlyNmSw5O9vcGhmK3PyAokJkZBzgMyCKU3nKm58XDv2kkMIqQkdM0BzzM3DidmwnQ25KcxiJ5nnIpk53otvejeGc+sjt1Ly2qfUd3wOGX2rbpqRLuWV91eIiIhIBzDGceO4EAoyN7IlcwsFfZKY1NKNn/t3Nwy7V6/s6x0cJYpBsSYgiISEKMjLpyAwiKCg5j8B7bsjLSiBhD6Q+3V2s3moKsn+Ohf6DCLer53H2lXMFgKopLLJjdP2JiMlmQKjGD5tBhPDIHf/wa6OUEREROT6GM1Ygqx18z3W/wQ2+gLaFNj0tSAr1oArXA0W5ZCZV97ya4695B6smw84FIhL6I+luIB8h/XyfQQFttILzkriDSFw+BT5ga2sBzAolsQAO9k79rYQR/2Di8Vkm61pAbwFvgGX78vS6G3wvSyW1uIX6SLGcG56aBrf7eNDQJ8R/OKhcYTrb7JjmMcwLTmQ4o3prDnZcpOagp1k148K0GIxspycvSUtrNkOQUNJjIZDR0+0kAuvkqtbYQkwga222RDMrmYje2ezkSgcB8jKsWMZEs3AllYZFEtiQEvr5ZO923bZegnJ8YQe2036lm1sOBbC5Jtjmm2rnNwTtS2+zxYztPnchJ2aRt8n+AZGknjnVFLCIGff4VbfAd9RN5ESUk768gwKWxqyu2wnS9YWYRk9gckdNUGvdSwpw+xkbsliw5YDMGYk471v9Oem/GP53uPfYXx3H4JGfYdf3hWrm2akS+k0LSIiIq2KSk4i6uwmVm4sIS456fIR8wCsRax/+R2+zC+hrKyEo1nv8OfVRwlInErSxQ8KQTdNI8n0JUv/tIJNBwooKyuj7MRBNv3rzzy3dMdV59dtKoiJ300iaP8KXnr3S46eKaPszFG+fPclVuwPIum7E1uO0x0MHElCYBmb3l/J7hNllJXb4cTHLJi/gBWbc+uOpayEo5s/ZFMRxA0eVLde7kqe+/1zvPZ5ScvPyWXl75/jude3cJ0f+UVERETcSnHuNpa98lfmvbKW9G/yKC4rpbSsiEM7Mlj0P2vJNMYw687YusZxycwYVELa/75F2o6LbYvzyPokjfkvpJPfyj6syclMNh1g0f+8T/r+E5SWlVJacID0995g3pvb6oq5xnhm3BFGzZdr+c2yLA4VX9z2h28xr2HbVhJHhkDuFyzaVLf/ivZd6Iq4N2M4t85+nP83O0nF3w428K7pzBxQxcqFr/CH9zLJLSiltKyU/P1ZrFm6mCf/lMGaby5WgAfFkxhoI/29VWQX1OWizGVvsfLY9VbTQki5Ix7fbWuZv7xxDJkse/mvLNpuu/ommokb0R9LaQ7L3sshv6y0bk7ZK6gpr9vn5T/lV72xpu3MsHsVCz+si6m0IIe0V9eRWWklZXJLo5bRcA4o3dR8vVWknw9jxu3N1osaw+ToctLfy6F4WELTIurFbRWuXsbCD3fWnU/qz2svLCatoK5Zm85NBeuZ/9vFLNmUc2k7mzJIL4KEIQNafwuMMaT+aDxx53Yy/9kWzpn/L4OckDE8/UD8ZfPeXzsz45NisXyTybJvAklObuW99jb+8Xzvl4/zX3drxATpehpTUERERFpnTeLGuA9ZcWwcE0e2ctkQPZWfJRaw9K0FrCi1gzmEuFsfJ/WWQZcuNIyDmPGbp+n7/lt8uPQlPrQBpgCihk7hwXtGtf+CJHYG834SQtqqNbz6wgrs1M2bO+OJmSR1wPQ0ncY4iBmP3cn5JR+z9MUtEDaVefNu5/H77byz/h1eXV1ZN5x2YBRx9zzJzPrhn+3nKSstI6DS3vJz7JwvLaPMXNnOYrqIiIiIewud+ENeGppD+tptpC/fS9rFzsC+gYHEjEjmmTvGE9PwjWoIk388m4iMtSz71/uklwNGE6F9Y5nxo1todWBVYywz//MhBr63hrQ33yHNBphMxAwbzez7xjR8+W1NeohnA9ayeO0X/OH5TDCasEZFkpI6vmHb1qR7eeLU+yxe8z6/+aDxvL4iIldgjGTynJ+QsH09yzbv5OUvsqhxACYTEdGxzHwqleToi1VEYyyzfjqe0r9tZ9GfDtTlq3EpPHPPbua9fZ1xDL6D538dybK3M3n5xboYfANDSLh1CjNHXUOBefAdzL07jUUfp/PcFoi4/SGeva31cfRz0hYzL62lV2KYszCVxPZH0AJ/kh9JwZKRzh+eTafGAZbo/sz+9XTGh7a+1qVzwHqe22C/eH6J54n/TCHhsrvQQ5icFEna8jMkJ4+5rIhqTXqI58MyWPLeRhZuyKAG8A0JI/n26cyoH5K5LeemqFuY+710Fn+6noUf2Ou2ExhCwn2pzG5l+OcGvZOZO38wWR+sY039OROwhIUx/p5Upo2LwdrRN3rEjSTZeoD0kOGktDL0tIh0HIPT6XS6OggREbl+O3fntat9cDc/DAZDww9wxcc0fgwYaKVdo99XW9b8cVueX215a9rbPsDi/vdInTp9jvBenTzZrSOXFb/7OwW3PsOTNzf/RFNExoIFrOv9MH/8wfDOjUNEPEqX5Kd2cseYRETquWOOcseYROTKzpe510C716t7kKXV19wxR7ljTNJMThqPvVnKjF/PZloHzOd+xV0tf4mXC0ez4KnklucV/jYqzeS5Z7cT89iTzGppamMXUN50L5UaOqVDabAOERERaVXZ1gy+tMUxcbzbDqosIiIiIiIiIuI+SjNZs81Ows1jVfxtJDd9J/kh8Ux2k+KviLdTAVhERERa5jjKxk1HCUhMYpSfq4MREREREREREXF/hz7bzSFzLJOvZdhsb1W5jfQvbcTcPKb1KRlEpENpCGgRES+hIaCvTENAi4h0HXfMT+4Yk4hIPXfMUe4Yk4hcmYYydS13jElErkx5071oCOiOpR7AIiIiIiIiIiIiIiIiIiJewv27N11F/vEijhw/SUFhMUeOneTw0UIG9I2gX3RvoiJC6denNzF9OnlGdxERERERERERERERERERN+DRBeDlH2xgfeZOHA5Hk+WHjxZy+GghAEajkVuSR/L9uye7IkQRERERERERERGRTmcwgLdM9tfOWZxERK6J8qZ4M48sAB85dooXX1tBeUUVAHel3Ehk71CievckIrwnhafOUHDyDCdOFrM6fSufbspm67Y9PPX4/fSLDndx9CIiIiIiIiIiIiIdy2Aw4PSSSoZBlQwR6QLKm+LNPLIA/PsX3wYg0OLPrO9PZdTwQQDsO3isYdLuMSMGw4jBREeFsWT5Osorqvj9i2/z+sK5LotbREREREREREREpDMYjUYcjlpXh9EhjEajq0MQkW8B5U3xZh73F/HR+i8BiOwdyovP/ayh+Auw79AxFiz6J/sOHWtYNmr4IF587mdE9g5tsr6IiIiIiIiIiIiItzD5eNxXva3ypmMREfflTbnGm45FOoZH/UXsP3yc99dsBuCpx+5t17r17d9fs5n9h493eGwiIiIiIiIiIiIirmIy+bg6hA7jTcciIu7Lm3KNNx2LdAyPKgB/mZ0LwIP33EJwj6B2rRvcI4gH77mlyXZEREREREREREREvIHRaMTk4/kFAJOPj4YyFZEuobwp3syj/iKOHj8FQHxszDWtX79e/XZEREREREREREREvIWfn8nVIVw3bzgGEfEc3pBzvOEYpON5zF+Fw+Egv6CIAH8/IsJ7XrX9voPHLls2ZFA0Af5+5BcU4XA4dEeEiIh4NIPBgNPpxGAwuDoUEZEG7pqXlDNFxF25a25S3hTxTCaTDyaTD3Z7ratDuSb18V+Ju+Ym5U0Rz6S8Kd7KYwrA9UXb8F7BV227On0rq9naZNm8Od8DILxXMEeOnSK/oIh+0b07JdbWZH99gEVLVrW5/diRQ/jhA7eT/tk2ThWfJTEhlpHDB3VihCIi4kmMRgO1DicmH13AiYj7qHU4MRrdLy8pZ4qIu1LeFJGO5m/2o7y2EqfT1ZG0j8FQF/vVKG+KSEdT3hRv5DEF4GBr3Zy/5RVVV2w3ZGD0FV+vX79+e10pJLg7N44Z2mRZydky9h06Rs+Q7gwe0KfJawNiIrDXOti97wgH8wro1bOHCsAiItKg/u5Ek49GtBAR92G311717mNXUM4UEXelvCkiHc1oNODvb6ay0ubqUNrF39/cpgKF8qaIdDTlTfFGHlMAtnYPpGdId/jv2Z0AACAASURBVE6fKaWi0oYlwHxZm+lTk664jYpKG6fPlNIzpDvW7oGdFWqr+kWH8+iD322yLPvrA+w7dIwBMRGXvVbv1z9/oCvCExERD+NnMlFTY8ff7OvqUEREGtTU2PEzud/HDOVMEXFXypsi0hl8TT44/f2oqqp2dSht4u/vh28bixPKmyLSGZQ3xdt41O1I9UM2F546c03r16/X1UM/i4iIdAY/s4kqW42rwxARaaLKVoOf2f0+WCpnioi7Ut4Ukc7i52siIMCMO0/7aDBAQIAZP9+250HlTRHpLMqb4k086l88Mrwn24F/rc1k3k+/1+71/7U2s2E7nuS1tz7kq537mDNrOok3xDZZ9tgPplFcUsonG7dzobySHtZuPHjPLYwcNohtu/ax8qNMTp8pxc/Pl0kTbmDGd2/Cz+/SXWgOh5Mvd+SyOn0rp8+cw2CAmKhw7r9r4lWH0xYREdcy+fhgMhmpslW3ab4PEZHOVmWrxmQyYvJxv6GllDNFxB0pb4pIZ/M1+eBjCaDKVo3dXuvqcJowmXzwN/u1a15K5U0R6WzKm+ItPKoH8PSpSURFhLLv0DGWf/BZu9Zd/sFn7Dt0jKiI0KsOFe1J3l25nozN2cTHxjCgbwSl58v5+7KPWPLPdSz5ZzrhvYIZNXwQPkYDn2zazupPvmhY1+mEtRlZ/P2dj6iorGLksIGMGDqQU6dLePG199j+9X4XHpmIiLSFxd9MRYVnzU8iIt6rosKGxf/yqVrchXKmiLgb5U0R6QpGowFLgBlLgNktCgAmH5+GeNpTxADlTRHpGsqb4g08qgcwwMOpKTz/8jI+3bSdgf0iGTNi8FXX2bZrP59u2t6wvjcJCw3midn3Ygkw43TCW2npbM7KYfuu/fz0kekMG9IPgF3fHGLRklXs2XeE2yePJdDiz+7cPNZ8+gX9Y3rzix/dQ7fAAABOnynlxddW8PH6L4mP7dvifMsiIuIezGZfKquqKa+wEWhRvhYR1ymvsGE0GjG78Zxnypki4k6UN0Wkq5lMPphMPjgcDuz2Wuy1DhwOB06nE6ezc/ZpMIDBYMBoNGLyMWIy+WA0XlufJOVNEelqypviyTyuADygbwR3pdzI6vStvLp0NQeSR3H75LEE9wi6rO3Zc2V8vOEr1mfuAOCulBsZ0Deiq0PuVGNHDmko0BoMEB8bw+asHPr2CWdQv6iGdtGRvejeLZALFVXU1NgB2Ln7IHZ7LTdPuKGh+AvQq6eVcaPiWJ+5k9NnztG3T3jXHpSIiLRLULcAzpwtw9fXp13zf4iIdJTqGjvlFVX0DL78mtzdKGeKiDtQ3hQRVzIajfj5GfGkQYqVN0XElZQ3xRN55Blo+tQkxo2K4413P2Z95g42Z+UQ3iuYsJ49iIoIpaCwmKIz5zh1+iw1NXYG9I3ghw/cTu+wEFeH3uGCrU3/8/pcHI7A2j2wyV0dRqMRQ6OhAWy2Gk4WlQCwZPk6lixfd9m2DQYDZ8+VqQAsIuLmfHyMdA+yUHq+nGBrN0wm1w9NIyLfHnZ7LaXny+keZMHHx/1nmFHOFBFXU94UEWkf5U0RkfbxtLwpncMjC8AAvcNC+M0TM1nx4Sa279rP8ROnOX7iNNk5BxrahIZYGT1iMPffOdGFkbonh9OJ4+IYBUMGRhPSyl0gPay6O0RExBP4m31xOgM4W3oBa/dA3WUsIl2iusZO6flyugUG4O9BQ0opZ4qIqyhvioi0j/KmiEj7eGrelI7n8Wee+++cyP13TqS4pJRjJ05zrKCI6KgwoiN7ERpidXV4bivA34/QkO4czCtgVMIgptyc6OqQRETkOgX4+2EwGDhXWk6gxV/zDYlIpyqvsFFeUUX3IItHfqhUzhSRrqa8KSLSPsqbIiLt4+l5UzqWxxeA64WGWAkNsTJq+CBXh+Ixxo2KZ9uu/azP3MENQwfSq+elgnlllY38giKGDIx2YYQiItJe/mZffE1BlF2opORsNRaLGX+zJ81QIiLurspWTUWFDaPRSM/gII8eTko5U0S6gvKmiEj7KG+KiLSPN+VN6ThuXQDeeyCfknPnKT1fjt1e2+Hb9zWZCAkOontQIPGxMR2+fXcXPziGiRNuYMPnO5n/xzeIGxRNUDcLxSXnycsvJKRHEHPnfI+QHhoGWkTEk/j4GOlhDcRmq6GiykbZhaq6D52+JkwmH3yMBgwGw9U3JCLfek6nk1qHE7u9lpoaO1W2GkwmI4EWf8xecjexcqaIdCTlTeVNEWkf5U3lTRFpn29D3pSO4bYF4PWZO3jnX+u7bH8TRsfzo5l3dNn+3IHJx4fv3z2ZuEHRfLT+K3IPHsNur8USYCYxIZZpt05Q8VdExIOZzb6Yzb7Ya2upttmpslVjL6/F4XDivDgPvIjIlRgMBoxGAyaTD34mE8E9AjH5+Lg6rE6hnCkiHUF5U3lTRNpHeVN5U0Ta59uUN+X6GJxueHZZ/I+1ZGXvBWDcqDhGDBuINSiQBYv+yZCB0dyVcmOT9i0tX52+lX2HjjFvzveatG28vLyyil3fHGLLV98AcFfKjUyfmtTJRyci0jl27s5rV/vgbnVz0dT/AFd8TOPHgIFW2jX6fbVlzR+35fnVlremve0DLG57j5SIiIiIiIiIiIiIV6mssLs6BK/idt9uf73ncEPx9/nfziY0pG5e2n0HjzW0GTLo0ry09tpaenTvxtHjp+hh7UZ4r2BOnT7L0eOn6BnSnUH9o5qMd746fWvD48SEWBITYpl04wief3kZq9O3MmxIPwb2i+zswxQRERERERERERERERER6XBuWQAGuO/OiQ3F3ysx+fgQFRHKN/uO8FbaJw3Lq2zVJMT3b9Nk1wP6RvDIA1N58911ZH65WwVgEREREREREREREREREfFIblcAPpxfCMDoG2LbvE59AXjfoWNNlvcM7t7mbQzqF1W3/6OFbV5HRERERERERERERERERMSduF0B+FhBEQC9evZo8zonTp4B4HvTJxETFU5efiHvrdlMUfG5Nm8jvFfwxW0VtyNaERERERERERERERERERH34XYF4GtRXFIKQP+YCAb1j+JCRSUARWfaXgAWEREREREREREREREREfF0V58g181dKK/kTMl5APrH9AbghqEDADh1+iwVlTaXxSYiIiIiIiIiIiIiIiIi0pU8vgBcVHyOGrud4B5B+Pj4AOBrMtEtMICaGjunTp91cYQiIiIiIiIiIiIiIiIiIl3D4HQ6na4OorHH5i50dQi8vnCuq0MQEWm3nbvz2tU+uJsfBoOh4Qe44mMaPwYMtNKu0e+rLWv+uC3Pr7a8Ne1tH2DxilkSRERERERERERERNxeZYXd1SF4FY/vASwiIiIiIiIiIiIiIiIiInXcrgewiIhcG/UAvjL1ABYRERERERERERFxT+oB3LHUA1hERERERERERERERERExEuoACwiIiIiIiIiIiIiIiIi4iVUABYRERERERERERERERER8RIqAIuIiIiIiIiIiIiIiIiIeAkVgEVEREREREREREREREREvIQKwCIiIiIiIiIiIiIiIiIiXkIFYBERERERERERERERERERL6ECsIiIiIiIiIiIiIiIiIiIl1ABWERERERERERERERERETES6gALCIiIiIiIiIiIiIiIiLiJVQAFhERERERERERERERERHxEioAi4iIiIiIiIiIiIiIiIh4CRWARURERERERERERERERES8hArAIiIiIiIiIiIiIiIiIiJeQgVgEREREREREREREREREREvoQKwiIiIiIiIiIiIiIiIiIiXUAFYRERERERERERERERERMRLqAAsIiIiIiIiIiIiIiIiIuIlTK4OQERERK6HneKcjaRl7CbnmJ0aAJOJiOhoklOmMHmwFV9Xh3jd7FSUlVODCUtQoGuPpyiD+S/spGZiKs/fHdNik8JPFjP/Y5jx69lMC+vi+ESkDYpY88JbrCyKYc7CVBLbtWpdDuD2h3j2tvb8B6/fZxuajkjh9Yfj2573rjkmEZE2KssnM30ja7YXUWyrW+QbFELcmFGk3jaSCHM7t3edeSt76UIW7bK2fq11cfuFI1J4/eGE9m3cXk5ppR1MgVgD9JWZiIiIiHguXc2KiIh4rHKyl73Bou02fMMiSb59AANDofjwYbK255H26mLSJ9/Lgjv7uzrQ67SXJf+VTjbXUKzpJMWbVrFowA+ZkxDo6lBExCNYSbx7CqGVl5aU7sokLcfGwOQpTO7XqGlIDC3nvVJy1maQdS6KlJnjafkWFBGRDnZyI8/97zbyHWYGDktg8ogwrGVFZH99mJwNGczfvJdZ8x8k2VsuifauZd6b+RdvxrlYPD6WxeLNBYSOmMKMYVbXxiciIiIi0kYqAIuIiHiqgs9J227DkjCF5x8ZiaV++ajxTLvPTvEXq8gM8fTiL0AMKT+YQiJWBro6lAY2spevJWtQKuMDXB2LiLg/MxFxI4lotKSweBtpOTasg0Yy/rIOai3lPRv5OXlkFdWSqAKwiHQJG1lrt5FvtzLt32czo/elV8ZPBMoOkJZeglfdDxczhtk/iL14M85F5/LJ2p5PRC8bM4a5LjQRERERkfZQAVhERMRDFefmUwwkjmhU/G1gInTCvczo+rA6gZWBo0a6UfEXrFFWagryWbwog5inphBhdHVEIuJd3C/vifx/9u49LKrz3Pv4FxhAQBhFRAHFIKKgjgIeUIMaQ0SrxpgY0sQm0aTa1jZN9q62u+3bZHenu03axt2d9OBuY3My1aQkxkM0iiFWQlCiojge8IAoCigiOiLgwADvHwMIggoGYSC/z3VxMbPWM2vda0buWa57Pc8jX0cnMB8G/EKI6dvMau8wEua2d0x3mDGEmKiODkJERERE5KtTAVhERKSTMnp7ARayMvdRFtVcEbghM8uXJJHhH8mL/xHXoBda0+X2edWCWfzfoyl4dwsbj9rnofQbPJz5j8YR7t14y0V7N7Fi0zGyi23gbCDANI6F82IIrjvLMCey6K1coh9fSGzeelalFVJkjOTnUwr5zfv5+E1J4KVZjfuyVe5ZzfdX5RP8wFM8P8lmnzuTBrFXF5OeuI7EzGIsVsDdneCRY5g/O4ZgjxvEBnj2D2bmAzOID6nrqlJYv+3nH+/OxsSdmE/bMC1YwuKbTBnnaZrBYtMmXti8jxXJETw/NfCm777ldDob1+0l/XQpZTbA3QvTlGksnBpy7XOrf5+eIvroGt7ebaGyGozhkSx+PI6As8msWHUAc7F9XjrT/bN5Nrbxfm/5WYjIjVUXk/7RRtbWzXFpMBA8bBTzEmIJbdLT30bR3jUs/yiH3FJw9fLFND2OhROC22ie8sJGeY+tK3hhs6V2XS7LlywDIHrBEhb3aX4LZTmpvL1uT/388MYQE/Pnx2Pybr69iEhTXhi9gaIc0s/SqAdwcwpqc1X0dedRN1p+53PpNXXntwt/GUnRe8lszCq9lhu/HY+pLs83mp/4nP08ue44Nq9k0Wagyfm0iIiIiIjj6RL9Va5ereDgkZOs2fQ5L/9xNT//zd955ud/5Jmf/5Gf/+bvvPzH1azfksaxE3kdHaqIiEibcR0ZSYwXlJmTWfriSlZs3Ud2kf1i1ld3haS/ryedgcyZF8sckxeWrH0s+/0azNZrrQqSV/Czdw+TawhkTkIc8+MD4WAqv3ptOwXXbTF302pe+7wY18BgYu7qjsvoSGI9oCgji+xGLYvZ9nk+OAcSH+PbTGxW0t96kxVfFuMZHsn8x2OZM9yIJSOVZR8fuxbb1rrY/Il/II7500PwK84l8U9vsuKg9bpNHmP5/6ZivuRD+KgQAlxLb/H+GAiYOps5QZC7eU3T7TXa9m7efi2VVIsXpvtiWfh4DFP8bZg3r2FZcmGT5lkfrSLxXCBz5sUSP9gdS9Y+Xvv7Spb932HKwkex8IEIgt1LMX+0hrePXntdaz4LEblOdT4b//dNVqQV4hpiIuHxWOaM9KEoM52XX2qc9wAqj2zh5XUWAibG2v8mnYvJ+DCRl7fm35Hw/Ex3s/DxGKKNAL5MeTyOhY/HEX+DcaArD67hZ39KJ+OSD7EPxLHwgQj8isy89vumxyIicmPBxN5tBCxsXPYqL7yeRNLRfMraKI+0dy6FC6x9bT3p7mHMe7z2/DbHzGt/T8XSbHv7cPwLY+3no0ZTDAsfr82pdyhCEREREZG20qn7g1gul7J9Ryafp5u5ZLnSbJvz1grOX7hE9sl8NiTtYEC/PkwaP4JJ40a0c7QiIiJtzD2ChT82EPBeMhuzCknfnEz65uTaXmvDmTljMtF+t/tVX4ylfwIvPVBbXYiKIXrrCl7YnMOqrbn2HrvW3SRutoB/JM//uG4Y5Ehi+6/nudf3kXR0MvMHX9tikbUXi3+ZQHSDnnRTxm0nddthUrPiCQ2vXZi3m22nwW/S3cS4NxfbUTIOAoNi+emTMfYetFExzHykkKJSf3sT624Skyzga2LJj+MJrYstdjevvbCd9LXbiR8Wf20OTUspntMf46Vb9ORtzJ+Zi+PJfSmJ9PfXE/2zxsdWz300838RhtForF8UM7IXlS9sIjXzMEVx/o0uIpb1H8eri0bbj2ukD2UvbCI1pxDjN7/Hs2PtPZdjepay6K1czIdzYXDrPwsRaaxy73bW5oHfpARebJD3pgxazXPvN8h7tYpOdWP+i48RW/s3HxMbxtu/XE9q0nbSJz12g9x1+1z7RhDTt5CipHQy6E54VCTRdSub3EeSy9q1OZR5BLPwP+rmKY8kZqQPv3oxnY27LJhijde/SESkWQFxC3ipx3pe+zCHgiwziVlmEgFXX39i4yYzc2wwxtvsWtDeuRRKcR31GC9Orz3fiwqB365kbc5pzFaIbbK/2uH4DcdYkVqMZ9BgYqL82zooEREREZE7otMWgLfvyOTjrTvrC799evdk5LBQRkQMpIexO0YfL6iBi5YSzhZe5OCRkxw6eopTZ86xMnErKTv2M3PqOKKGD+rgIxEREfkKvMOYuSiMmdZSck8dwLz7KKkHCsnN3MfyzMNEL3iKxSavW2+nCS9iYhp3LQuYFIlp83bMR3MoIhi/47mYq8EvPBjPUsu1nhNBfQjlGNmnCmHwtYtkfhPublIgDZ44nOBt6aSm7WZe+GhcgezdRynCl4R7btC1jSDCQyDjxF5W7fRnzsj++HkYwOCPX11N42iOPbZRw2uLv7U8RhMzbDtmcy7mIgiur7wGEx/XmuJv3fZMzE/IIuutXJa/u5tXF41utlnD4i/WUiwVBjy9gEpbkx7bwQMHXhsW2rkXft5AeTAxoxt8jn18CSCXAkvtu97Kz0JEGjMfzKe5vOc5OoLo9/PJqMt7dSuGRdQXLABwDiN2lDupKfmYj0PMsHYKvDlFOWQVA8OCCbdZsJTUxdiHcD9IOpELsTcZ415EpBEDfqMe4sVRNsqKTpN96BjbMg6TdbqQbYmJbEuL5MV/q7v5rJXaPZcaiRnd8HzPn4AAoLAUiwXQqZKIiIiIdCGdsgC8fksaG5J2ANywR+/5CxZcnJ0J6NOLgD69iDLZC70pO/eTsmM/p86c4y9vruObD0zhvknRTfYhIiLSqbh7ETw4huDBMczEhmXPR7ywKpeM9V+Qa2rQ07XFjARcP7adu7t9PrbaomXlVfv4f0Up61ma0swmCs7R8EpacFAzBVbjGOKHpbPioJltltHEex8mdZcVho1jyg07qPky5dsPUfbuFjYmriE9EXD3InTUOBY+EImfASor7HP+uro0PdVxrbtAWd1gob8vwbfZe8XTlMBPp67gha3bWbY1kIXXN6i2kJW8iVWf51Nw/cjSzVxo9PNvbtjrBnE3o7WfhYg0ZKPSCmBo+nfm7GL/fd3NGs39nXp6dgOsVFY3WdW+yq2UARxMZenB1KbrnQspAM1dKSKtZMDTLwTTpBBMk+LBmsvaPyeyMW8fiXtjeXZU67vr3m4uNRrdgauUlbd2j82c34qIiIiIdFGdrgC8/9CJ+uLvxBgTTz4SD0D5VSu79x3lWE4ex3POcP6Cve9Ln949CR8UTEhwX0wRA5k0zl4s/us7G9ideZT3123D368HI4YO7LBjEhERaVsGjKPuZkpSLhuLLBTBjQvA1VU3WGGhoAjo22CR1WovgLgacAVc3eynEUZTDAkjuzfdhG9Lys7uxEwIY9XBY6RnFjPFax+p5QZiJ9h7A9+QRwgzF32PmdVWyorzMe9MZdW2ZH5msfGXp0fXx1ZZZWvy0voLirdZ8G1OQPwM5hxazdrNm1hrstHwFMuycz3LNhfi6h/MnBlh+LkDXCFjQzoZbbT/tvksRL6uDLi6A9iaFhzqcmRt3qtTVFjM9Zm1rOyqvWkb5pbb4u5ij3VABAsnNnPjjYe/5q4Uka/OPZg5U4LZ+G4uRcW36D7bzPkY3H4u9evlBRSTfdoCA5q5Y/BcMQWAn3+vmx6CiIiIiEhX1qkKwDm5Z/nj3z8C4Jmn5zByWCgAB7JyWPvJF5w6c66+rZ+vEWdnJ86dv8i58xfZviOTXj19mBIbxbR7RvPdJ+8noLYn8R///hE/f+5bhAT3bXa/IiIiDikvlbcP9WFOXFjTudfOHiajCAgJwP5t2cve46GomIJq6ofpK8s8RlazGy8lPT2XOQ9cuyhn2WXGDPgNDrEXDwaHYHLOxXwFwqMiaXT5zWaj0tDC04zwSGJ9j5H0eTIrvPLB18SU8Ju9wEpR0VX8/Izg7I6nXwgxs7woOriStQX2C37BdbHtOUB2fOC1YaDLd5N+EPANxtSWFRDnQGYujiP318lkmIEG70ZZqb13rmlGAjPrRl0t3036KqCt5rZrq89C5OugPIesQsBorP9bMQ0LhMz8JnmvbPdhMmiQ9+ocPExqeeS1oUvLzSTtsYJzIKY7NsOMAXtlt7bXW3NzjgP4h2Hy3UdBkQ3jyEjCG34/VNuoxHDzG2xEROpZSV+3Ee6eTYzf9ecSpaRn5gMGQgfYi78BfkbAQsHZQjDVFoSr80nPvH4IlFq3mUuNpjBC16WTnZRExqiExlOMVOezdlMu4EW06Tam92hO7WgQZVducBwiIiIiIg6oU10N/MeHnwLwnSdm1Rd///TGWjIPZgP2HsFDBgUTelcAfr72yzkXLVfIPpnPvgPHSc84zAcbtrNz9yH+c+mTzJ42gaqqajYlp/OPDz/lF//+eMccmIiIyG3I3nuA1G3ppG7zInRwMKbwQPzcr5CbeYz0g8VYnI3MeTi2tsARSLTJi43bcnn7r0mUjfOHomNs/DTXPlRoE0Y8sz/ihdcjiB1tpNJsZmOmBbyCSYirLY64jyYhfh/mzen87LenmTI+gmDvK+Rm5pB+2ILp288wf3BLjiSY+Im+JK3LJaMYgh8YffMhqy27WP5SOgV9A4mNHEioHxSZzWwsBM+RAfZhTetjM7Ps9xeYMj6CAOsJUr/IIbvanZg5k29jWOxb8Ihk/jePkfVW4/c0YIA/nljI+PBNVl2MIth6gtQd+RS0VfEX2vCzEOmqrBRkHSa3MJ9tnx0mG/CLDq+9QQZcoyYzZ/tq1qYk8kKhyZ73Dh9i295i8Aph3tTGGcMYUMra375J1t1DMblfsG+zFIJnxBHTln/bjfgSO9aXtR8Vsuq1NZTFDyQgIAJTk15ywcycHUzqW8dY9uKbxNw9FJMfFJ04QfqefDxnPMVPY5sfal5EpJFSM+lpOZhTXmVV/0BMg/pjCupOZVE+GRmHMReC58h4EurOMYbW3pCWtIYV7uMweV8he/s+thU1v/nbzqXGWOZPP8avNuWy/JcrME0MJyaoO5a8w6Sm5VNgheDps0kIaqP3IcJErFcOqWkbWeY6htggf8KjQrjhbCUiIiIiIg6g0xSAU3ba5+2dNG4EYyKHAPCLl9/g3PmLdHN345mn5zBkUH8AysqtnM4rxGBwwa9XD0aPHMzokYPx9+vBhqQdnCk4z5/eWMszT8/hwRmxHDxyklNnzpGyc3+TuYRFREQcVeis7/HKyHSSNh8i/cRh1poP21e4uxNsimHhg7GEe19rHzzjERaWrmNVhpm3j4Nr32ASno0j63+SmxmK2MjMxXEUvLuFte+WUulswC/ExLz58Zga9LIImLqQlwKTWPXxYbaty6cScPX2xTRzGnNa0QvOGGPCtGE7ZgKJj7lFYcI4jsXzLrPi02Okbs5nG9jnAJ4Qx8IHTfU92wKmLuQlv02s2HSMpHX5AHj2DyZh/gziQ+5MhcbTlMCzk/6PlxvOwzt4Ns8/voblH+WwbV0yrl6+xM6biWndGta24b7b6rMQ6ZrcKfgymRWZgMFA8IR4np3RoKjrHMjMf3sKv482snaPmcSs2namGBYnxBJ6XcrwNM3gWb+dvJaYSrqV+r/reaPu7FzbxthHePbSGlal5ZD4bg4B0wMxjWzaztOUwEs/SicxcRfpSamkV4OrlxfBo+JYOE7FXxFpIa/RPPvrYDK2pZKUkU/G9nzSa4fK9/T3Z8q8aSSM8r82qoD7aBZ+38KKVQdIX5dMusGL0IlxLAn/gmVbLU02/1VyaUDcU7w0IJXEzQcwf56O2QY4GzAGBZMwK574QW1YnnUOY/73J1P23heYt6WSRTCLo0KIbrs9iIiIiIi0Oaeampqajg6iJf77D+9y6sw5fvHvjzOgXx/+uf5fbN2+hx7G7vz+he/Wt9udeZS/vrOh/nkPY3dmTR3H5PHXrowsWrIMgOcWPcTw8BBSdu5nZeJWBvTro17AItJp7TuQ06r2Pbu74eTkVP8D3PQxDR8DTtygXYPft1p2/eOWPL/V8htpbXsPz05zj1Sby3hnGcszg1m8LEEXtkREREREREREROSOKy+zdXQIXUqnuLq9Y/chTp05x5jIIQzo14fDx3LZun0PAM9++8H6dutr5/QF8O3hTXVNDZcsV3j3g0/p29u3vofwe9QEOQAAIABJREFUM0/P4U9vrGXtJ18Qelcgk8aNYNOn6Zw6c46DR04ybMhdd+xYyq9W8NqKNRzPyWt2vZubKwODA5hxXwzhg4JpZb2iw5w8fY7PUjPw8vTg/vhxeHp06+iQRERERERERERERERERL52mswY5YjSM+xDWg4e2A+AveZjAMydNYn+QfahgcqvWuuLv0sXP8Jvn/8Ov3/huyx4dDoAazd/Ub+9kcNCiR07nFNnzrF731EAwmq3ffjoqXY4InBxccYUEcL40UMb/fTt3ZOjJ07z2oo1pKbvb5dY2kLxxcvs2H2IDPMxKiqu3aXxt5Ufs2jJsvrPpjPZkLSDRUuW8beVH3d0KCIiIiIiIiIiIiIiIiIt4vA9gG1VVRw8chKAUSPtc//mn70AQOTwaxPaFV8sAaB3rx71PX0B7h4zjH98+ClnC4sbbTc8bACpXx7gWE4eE8eZGDkslJ17DnH8ZP4dPZ46bq6u3B8/npDggCbr9pqP8fdVn5C0fQ+Rwwfh3d2zXWL6KqJHhPH6siUdHYaIiLSB6CeX8HpHByEiIiIiIiIiIiIit8XhewBfLikDwNvLA+/uHgCcOnMOV1cDfXv3rG/n7GwfK7nS1nSM8MpKW/36OqF32Quvx3POABDUt1ej/XWk8LBgggL8sFwupajY0tHhiIiIiIiIiIiIiIiIiEgn4fA9gOsKsr49fQA4d/4iV60V9Avs3aidX68e9DB255LlCl/sOsjdY4YB9nmBAUIHBDZu72vEz9fI+QsWzl+w0NPobd/flY4vAN9ITQ1kHc9lzcbPyc07R02NvcfzA9MnMCYyvNF8wde3ra6uwejtxejIITwwfQIe3dzJyS3gD3/9kKAAPx6ZPZm1n3zB0RNnGDk0lCcfmcYf/26fq3jx/NlEjwir3/YlyxVe+uNqAH72w8foYezeaFvPLnyIT1P21L/3YP8c1m9Jw6ObO//+3bn0NHrXb+N7T97PJ8npmLNyqK6uZuCAQJ5+bDre3T1ZtzmNL740U361gh7G7jz24L1EDQ9rdKzlV62s25xGesZhrpSW4+bmyihTGA/NmkgPn+717f628mN27TvCd5+YxeUrZXzy2ZdcslzBzc2VCaOHMnfWJLq5u5Gx/xjL315f/7pd+46wa98RgCbvhYiIiIiIiIiIiIiIiIgjcfgCsEc3t2aXG1xcGj13Nbgwa+o43v3gU956bzP/+PBTKiuv9Qa+P358M9to0AHaqcnqDmM+nENuXiH9Avzo09u3fvmufVm8+d5mnJ2dGTr4Ljy6uXEk+zQr/rGJomILM+JiAHvxd+OnO1m/JQ0XF2dC7wrCz9eH3LxCPkvdi+XyFRY9Pqt+u+fOF/OHv36AtaISn+5eVNfUUFlZ+ZWOoX9gb8aPHsrRE2e4UHyZ/kH+9Avww83VQHcvj/p2l0tK+d+/fUDPHt6MGjGYYzl5HM/J489vrMO7uwf55y4wPDyEi5YrnDiVzxurPuG5RR71czaXlVv58xtrOZaTR+9ePRg25C4uXLxM+t7DnMgt4Efffbj+5oE6mz77kgvFFoaE9of+9kL5v9IyqbRV8cTDU/Ht6cP40UM5U1DE6bxCevn61M8/ff22RERERERERERERERERByJwxeA+/TuSTd3NywlpY2el5Q27ak7efxI+vb2Ze3mLzhbWIyXZzf6BfRmyt2R9A/yb9T2qrWCs+cv0ruXkd69jJw7fxEAn3aab7eispINSTsaFUOrq2vIyT3L+QuX6Obuxoy4GDw93AE4nX+e99Zuo4dPd55b9BB9/e2F4boC6L++yGT0yCH4+/XgSHYumz/7Ei/Pbjzz9BxC77rW+zn/7AVwotGQ2CVXyhk1YjDzvxmPRzf7/sqvVnyl44scPojI4YP428qPuVB8majhgxoV4S9ZrgBgs1XxjXvHcn/8BJycwHK5lN//5X3yzhYRHOTPfy6Zj4+3JzU1sDIxic/Tzew9cJywgf2oqYE1mz7n6IkzzLwvhtnT7q4/ri/32ovl29IymTtzYqPYrNYKfvHvT9C7lxGA4zl5vLbiIw4dOYXl8hXu6t+Hpx/7BhuSdnA6r5CBwQE8/dg3vtL7ISIiIiIiIiIiIiIiItIeHL4ADDCgXx+OZJ9u9Pzk6bPNth0yqD//8cyjt9zmmfzzAAwKsffsrCtI+ni3TwG4qqoa8+GcJsvd3Fy5e8wwZsWPp1eD3qZHs09TcqWMcZNH1Rd/ATw93Llnwkhe/8cm8s8W4e/Xg117j2CtqGTS+BGNir8AgbVzHTfUq6cPjzxwT33xtz15d/dg1IjB9UM6+3h70S+gN+fOX2TUyMH1n4eTE0SEBfN5urn+s7pSWsaR46cx+ngxYcywRkVtU0QIwUH+nDiZj9Vaibu7a/26e2Oj6ou/AAF9etG7l304cEtJqXr5ioiIiIiIiIiIiIiISKfVKQrAgX17cST7NHvNx4gyhdU/37xtF9OnjLmtbe7YfQiAsJAgAPYfPgHA4NB+bRN0CzScT7as3MqaTZ+TsmM/VdXVGH28GrWtK3hv3b6Hrdv3NLu9/HMXiAgbwNnCYgAG3RXUojh69vDukOIvgKurK16e3eqfOzXondy3wfDXAC7XDftdfKmEyyVllJVf5f+99Eaz2/fzNXLVWtGoAFw333MdZ2dn3Nxcr3+piIiIiIiIiIiIiIiISKfTKQrAYQP7se2Lfew9cJwoUxhRpjC2fbGPLbUF4JSd+0nZsZ9TZ87ddDtDQvszfsxQ+vb2JWXnfgb068PoyMEAZB7Mrm/TETw93Jk7cxJ5BUXs3HOYAf36EDcxun59VVU1QP1cus0J7NOL6poaqmtq2iXmjlZdXU1NTQ3ubq4MDw/Bza3pP2cvTw9cXV2aebWIiIiIiIiIiIiIiIhI19MpCsBjIofw0aZUduw+RNzEaCLCgpk6eRRbt+9h0ZJlLd7OkezTjYaSnvONu/Ho5k7Kzv2cO3+RHsbuhA4IvMkW7iyPbm7ce3ckObkFbN+RyejIIRi97T2B+wX2Zte+I4T078sTCVNvuh0/Xx+O5+Rx/GRefQ/j1jK4OOPm2vw/jwsXL1NefhUPj27Nrm/IxcX5tvbfEr49fPDy7Ia1ooL748cTdIPC+O26k7GLiIiIiIiIiIiIiIiI3AmdogAMMGpEGJu37SJlx36eSJjKI7PvYf+hE1grKpkYY2Ly+JFNhk2+3qkz50jZsZ+UnfsZOSyU4eEhAKTs2A/AxBgT3bq53fFjuZmRw0IJC+lH1vFcUnbs5/748QCYIgbyaUoGGeZjTBgzrNHcvhUVlZzIPUtYSBAuLs6MjYpgd+ZRduw+xKgRgxu1zT97AYPBGX+/njeNw9XVgJ+vfZ7cE6fyiTKF4eQEtqoqtu/IpPxqRYsKwAF97HMO5+YVYquqwuDSdr1xfby9GBZ+F9vTMtnyr108+Uh8o+239FhvJLBPL5ycnDhXdIkrpeV09/Joq9BFRERERERERERERERE7ohOUwCOmxhtLwDv3E9A317cNzGa//7p0/zuz++zIWkHn6ebmRhjInJYKIEBfvWFQKu1gjMFRaTtOkjKTnuht0/vnjzz9BwA3vlnEqfOnKOHsTuTx4/ssOOr4+bmSvw9ozl+Mo+UHfsZEzmEvv6+9AvozfQpY/jok1R+9+f3GDggkN69jJRcKefoiTMYXFz40fceZkC/PkQMDiYmOoK0XQd5Zfk/CQkOwM/Xh9y8QvLPXmD86KHMf2TaLWMZEzWE9IzDbE3Zw5mCIny8PTl5+iyXLKUYDC0r5NYVrjMPZvPff3iX4CB/7o2NpsctivUt4eQEM+4dS86pAnbsPsTBIycZEtofZ2dncnLPcv7CpfpjrZtXuDVCBgTQ178nuWfO8ZtX/8HAAYGMHjmYyOGDvnLsIiIiIiIiIiIiIiIiIndCpykAv/X+lvrH76/dxn218+P+5AffJDXdzNv/TGJD0g42JO3AxcUZf78eODk5k3+2qNF2pk4exSOz7wHs8/5+nm4GYNbUcbfsQdxeIgYHMzw8hH0HjpOabmburMk4OcHUyaMZOCCAj7fu5FhOHsdz8nBzcyUsJIhZU8cRHNQHAIOLC08mxBM+KJhNyTvJPpnHsRNnMHp7cW9sFA9Mn9CiguiQ0GAWfmsGiRtSOHT0FC4uzpjCQ5j/yDT+9u7GFh1L/8De/Oh7D/PuB5+Sk1tAXkERkcMGtUkBGMC3pw9Lv/8IyZ/vJTXdzO7Mo/blPbyZPW0CcROjbqv4C2D09uK5RXN5f+02zFk5pGccpk/vnioAi4iIiIiIiIiIiIiIiMNyqqmpqenoIG7lL2+tZ6/5GD2N3YmNMbEhaQcAzy16qH4Y5+yT+ezYfYgzBec5U1CE1VoBQDd3Nwb060Ng315EmcKICAsGYNe+I/xt5ccA3B8/ntnTJnTAkYmItJ19B3Ja1b5ndzecnJzqf4CbPqbhY8CJG7Rr8PtWy65/3JLnt1p+I61t7+HZae6REhEREREREREREenUystsHR1Cl+LwV7dX/GMTe83HcHFxZv43pzFsyF0AbEjawauvr2HSuBFMGj+C0LsCG811W3CuGGdnJ/r0bjz/a8N5gAF++O0HGTF0YPsdkIiISDuzVVVRYbVRYbNhs1VRXV1DJ7j/S0QcgJOTE87OThgMLrgZDLi5G+qnWumqlDNF5KtQ3lTeFJHW+TrmTRERkfbg0AXglYlbSc84TGBfP/LPFpFaO1xz3W+AlJ32Yu7YqHCGDhnA3WOGAxDQx7e+TcmVcvZkHuHoiTPs2ncEgAH9+vCtufcREty3HY9IRESk/VitlZRdtWKzVdPN3ZVu7m4YvFxwcXZqdY9oEfl6qqmpoaq6BputispKGxcvlWIwOOPZzR13d9eODq9NKWeKSFtQ3lTeFJHW+TrlTRERkfbksENAv/neZtJ2HaRXTx+eW/QQ//fOx+SfLcLFxZmqqmqGDbmLpx6bTtqXB0nbfZCzhcX1r+1h7I7R2z7HbPHFy5SUltevG9CvD5PGj2DSuBHtfkwiIneShoC+ua/TENBVVdWUXCmnuroaT093urm7dXRIItKFXLVWUFZmxdnZGe/uHri4OHd0SF+JcqaI3GnKmyIirdPV8qaIiLSMhoBuWw5ZAH793Y18uTeL7l4e/PDbDzJwQAAF5y7UF4GjTGF8f8HsRq/JMB/j0JFTTeYArjNsyF3EREcwfvTQ9jwUEZF2owLwzX1dCsBXrZVcLinDy7MbXp7uHR2OiHRhpWVWSsuu4uPtSbdO2jtDOVNE2pPypohI63SFvCkiIi2nAnDbcrir25989iVf7s3CzdXAosdnMnBAACdOFfC3lR9z4eJlYqIjWPitGU1eF20KI9oUVv+84Fwx1opKfLw98fH21NwRIiLS5ZVfreBKaTk9jF64uTrcV7yIdDFenu64urpguVxKTY0HHt06Vw8w5UwRaW/KmyIirdPZ86aIiEhHcrgz9vSMwwA8/dg3GDp4AIeOnuL1dzdypbScSeNG8ETC1BZtp+EcwCIiIl3dVWslV0rL6WnsjsGgm55EpH24uRroaezORcsVnJycOk3PDOVMEekoypsiIq3TWfOmiIhIR3O4CRTc3exf4t29PNiTeZQ/v7GWK6XlTBgzrMXFXxERka+TqqpqLpeUYfTx0gU5EWl3BoMLRh8vLpeUUVVV3dHh3JJypoh0NOVNEZHW6Wx5U0RExBE4XA/gKFMYJ04V8Mryf9YvGxsVzlOPTu/AqERERBxXyZVyvDy7aSg+Eekwbq4GvDy7UXLFPjSoI1POFOl6qqursdmqsFVVU11dTU1NDTU1d25/Tk7g5OSEs7MzBhdnDAYXnJ1bd3+98qaIdKT2zJttkTOhc+VNERERR+BwZ+8h/fsSf89oMg9mYzC4EBMdwTfuHdvRYYmIiDgkq7WS6upqvDzdOzoUEfma8/J0p/hiBVZrJe4OOjSfcqZI12KzVVFRYcNWVdWu+62pgZqaGqqrq7DZqsBaicHFBTc3Q6t6yCpvikh764i82VY5EzpH3hQREXEUTjU1d/K+WBERaS/7DuS0qn3P7m44OTnV/wA3fUzDx4ATN2jX4Petll3/uCXPb7X8Rlrb3sPT4e6RatZFyxU8urnRzd2to0MREeGqtYLyqxX0NHbv6FCapZwp0jVUV9dw1VphLyQ4GIPBhW7ubjg7t+zcU3lTRNqDo+bN1uZMcPy8KSIit6+8zNbRIXQpDjcHsIiIiLSMraoKm61aF+RExGF0c3fDZqtu9954LaGcKdI1VNqqKC0rd7giRh1bbXyVLYxPeVNE7jRHzputzZng2HlTRETEkagALCIi0klVWG1007BXIuJgurm7UmF1vLt2lTNFOr+KShvl5dY7Or9vW6ipgfJyKxWVLcuFypsicqd0hrzZ2pwJjps3RUREHIkKwCIiIp1Uhc2Gq2vnGKpaRL4+XF0NVNgc74KccqZI51Zpq+Lq1YqODqNVrl6taFGvNuVNEbkTOlvebGnOBMfNmyIiIo5EBWAREZFOymarwmBw6egwREQaMRhcHHaIQeVMkc6purqGq1etHR3Gbbl61Up19c273ilvikhb66x5syU5Exw3b4qIiDgSFYBFREQ6qerqGlycnTo6DBGRRlycnVp04a69KWeKdF5XrRUOPXzpzdTU2OO/GeVNEWlrnTVvtiRnguPmTREREUeiArCIiEgnVVNTg5OTLsqJiGNxcnKixgGvOCpninRONltVp+/ldatjUN4UkbbU2fNmS+J31LwpIiLiSFQAFhERERERERGHVFHRNeZ47CrHISKOryvkm65wDCIiIh1NBWARERERERERcTjV1dXYqjpvL7aGbFVVVFdXd3QYItLFdZW8qZwpIiLy1akALCIiIiIiIiIOpzMPYdqcrnY8IuJ4ulKe6UrHIiIi0hFUABYRERERERERh2Or6lq9v7ra8YiI4+lKeaYrHYuIiEhHUAFYRERERERERBxOVxv+s6sdj4g4nq6UZ7rSsYiIiHQEFYBFRERERERExOHU1NR0dAhtqqsdj4g4nq6UZ7rSsYiIiHQEFYBFRERERERExOF0tWv/Xe14RMTxdKU805WORUREpCOoACwiIiIiIiIiIiIiIiIi0kWoACwiIiIiIiIiIiIiIiIi0kWoACwiIiIiIiIiIiIiIiIi0kUYOjoAERERaT/Jr/yELYW3bucfv5Sl9/nf+YBaxEbejlV8kJRFXqntjsV24N2f8M7ZaSxdGoejHLmIdF2VRftIfG8n6adLKbMBzgaMQYFMiZtMvMkf19ZszJzIorcszPmPhcxUAhORLslG0Z4kVnx6jNxCG5UA7u4Eh0cwc8Zkov1ad3kr451lLC+I5MX/iCPgjsQrIiIiItKxVAAWERH5Gpm8+HnGVjdYcCiRX31YyKTv/oDJDYoGBnfvdo/tRmwHVvG3j7IJmjyP5yYNwLeDYyv89BVeSSpk+JO/48nhrXzxmTRWp5YQNXMa4Y7zFotIOyszJ/Kzt3JxHWxi3vcjCfd1h8uFpO9MJemdlSQNmszz3x2NX0cHCuSmrSHpUhgJM0wYOzoYEfmaKiXjnTdZbobwyZNZ8u0Q/NzBUmAmdfM+lr90mPCEeSwZ59vRgQIWzJuSSe8xmoUTgjs6GBERERH5GlMBWERE5GvE4OVNo7qjlwEw4OHtjbeDFiTNGQcoD3+Yp2cOd4gTF/9JP+D5GBsGj9t48aXj7M0oxP9eFYBFvr5y2bg+F0xxvLggEs+6xd5G4ueGER9/mI1mL4co/gIUHc8hvcDIzBmoACydXBXF2Xv4Yv95LrekeffexIwaxSBflzsdmNxK3hckZlYR/fhCFkd51S82escyb3AsMw8mk9HDEYq/AFZyzTmkB4SxcEJHxyLyFdmKOL7rAOlnS1vU3KdvBHePGYivI/ynTURERBziOqqIiIjIDRRSXAj09XSckxY3D7zdOjoIEem0SnLJLobQ6cOvFX8b8o5gpooGIm2vOJ23VmaS1+IX5JKRbeP/fW8CjlJa/Lqy5ORRhD9zTF7NrjcOi2NKO8ck8nVQvGMLy5NbdMuMXWYux2yP8qOJPe9cUCIiItJiDnMtVURERByEJYVXf/0x3P88z028rptqxV7eeGE1PPxfPD26hORXXmFL38d4PvoUbyR+SV6pDdx9CZ/8GI/dN4BGnWRtxexds5K1+/Iot4GhZzhxjz1G3F3Nd6WtG2rZ/uQdfvITAH+mLV1KnD+Un0whcX0yWWfKsWHAo184cbMTmNRge3Xz+v7gYVe2r08m64yBCc88z6ybjMhXfjKZN1Ynk3XRBgYPgiLn8MTDUfg61230HX7yTmF9HBQm88orW/Cf9zxj894h8YtTlDQ5vgO885N3OFC7iS2v/IQtACOe5HePD4fyU6R8uJbkQ7XvjVcQ4ffO5MG7B+Ht3FyUItJpeffCzxnM5gOUjYpsvgh8HcvxZN5+/wDmYhsYDARHT2ZxQiR+N8sP1Raykjfx9rZ8iqzg6uVLzIMPMD+qcSmrsmgfq97dTvpp+5yarr7+xE6fRoLbdr7/Vm5tq328sGQfANELlrDYdDsHLtLBfAczom8meWdb/pKgiFAVfx2AsacROE2GuZSYqOaLwI20MP81YSsk/cONrMoopswGrr6BzJw3m5khjffZKCcDnv2DmTkrHlNOIi9sttgbFSaxaEkSYNT87NJp+UaEELQtk7zqW7cFwNmHEUNU/BUREXEULr/85S9/2dFBiIjIV3e28FKr2nu4ueDk5FT/A9z0MQ0fA07coF2D37dadv3jljy/1fIbaW17V1fHr7qVll2lu1e3r7aRwky2ZpYyaMIEBtZd2+oWhHteMmmHYOjEwfg0aF6S9k/W5EYw+7GR+DmVkpOWRvbFfA4c82LSE08yd1osJq8CUrdsJMUSwpShtRfaqgtJ/uPvWFs0iDlPLWDutFgG1xxgw3v/onRILIObGVfUq18U4+4eDAf3cCrkYZ7/3lwmTx7HoB6uOB9fy8uvJ1MWOocFT85leuwwep7bwdqPUykdMJnwXrWHt38rmQX5HMgownfMVKbEjMUU6otHMx9vXdusQzYGzf4WT86egqlXEXuTP2NP5VBiB/s0/56V5pCWls3ZE3s5ZZzEvG/NZfqYu6g+mcZnyafxmxRFgIsvg8dNYGLvQlIOVzPpu0t5csZkJg8PwN21lLTXX2F9g/dmmH8pR5I+Ib/vFIY6yjiwIq3QJvmpjTlOTL0JcDpEUtphkvflgbEn/Xp443qDW3PLzIn8YsVJvMdNYfGCKcyONJL7r2TePuLGfaMCcQUoPMSGfVbCY6MZ7AVQSsbKt3ltnxux35zN4jnjGNM7n82rt3Gox0higmqHMTibzG9+v4Ps3sN4esFsHp02hJCaAlI3ZeP9wCzmTY4k4HwGmTUmlvxkNnPviSY6oBud4CtSughrRWUbbs2TgZGBVB89wokrt24dNHk2z94TQFv/c3d3d212uePkqGscJiY/Iy6H9rPti93sPleO0a8Pft3dcGn29L5l+a8gcwe7r/RlSuxA+/Qo1flsfPUfrCrqy7yn7+eJb4xkWM0x3l+1myvhoxnWw751e04+gnXoBJ5dEM+ciXfhd/EoGz+/zJhHZzB7YiAcOEJ2SCyv/CCe+HtGEt7jRrGKtL02zZue/Rkz5CqHMwopqblFW2cf7vvOo0zr07ZZ80Y5ExwoR4mISJuxVbb0riNpCfUAFhERkesYiIqfxJb/3cve3FkE1feWzWN7ah6+Yx8mvOH/6y3+3PufjzG2tuOt98Qn+Tde5VcbNpJy33NMMkLJF6vZcjachxu2u+87PF3+Mn/+bC/TF0Q1PSlx88DbzQcPF8DgiXf9JMUlpHySRsngh/mvR8fW9jL2Zuyjz0HZf/LBJynEhU26NtdxuQdjnll6016/9cp9mfyj7zCptiDtHfMk0478hNXHsigm6Oa9gCISWPpIeO2T4cx6KI8D/5NM1nGIGmqfZ7n5OZdPcfwkhD+awNhg+7vgHTmL74yYRZtfdRYRhxAwdQEv+SaxYvMx1r61mrXYe6iFjx3KzImjCDXWZsTqwyS+n4vnpASW1CUx70gW/puNshd2szFvNAlBzewgK5m3Mw3EP/sECQPsi4yjHuL5qtU8t/ULcsfGE0wxSe/tI9cvkhcXxxFgb0X01ASip9h7GgN4GgBnF4zeRs0BLJ2fIYhvLLiHc6/9C3PZjZt5DLuHxVOCdMHEUTgHMvPZJ/Bbt4W1e/axPNM+IoFn/0Bix40jfnQIdWmzZfmvKUvqFtYWBDL/xYeIrT1XNU59gmfL/o+Xk3cz5+nRuNbmZEbG8+I8k/0GHIzEzg0hxmbD1WAAdyOezoDBE6O3sqZ0foa+E1mccJFfv59H+Q1buWNKeJBv9NWc6SIiIo6k019WPJJ9mqPZZziafYaycmtHhyMiItI1BE5mQr8Sdu3MurYsawe7LOHce+911YbBw4m+bhRn78gxDCCP48dsQAlmc16z7QaEDoCcbE62JrYSM+YzED4iuvEQ03gQPSIczhzncEWDxb2iGNuS4i+A/3DCr7tWFxToDzaw3eKloUPDGy/oG0QgcOubF/0J8oeslI85kF+Ora59pz9LE5EbM+A3agY//X/P8fpvnuKnT8cwZaCB3M9TefnF/2O5udTe7PgxMsrdiY68Lol5DCQ0oJTsHEuzW88y51BmHEj0gMbLPQcGElycR3YJUHKIjNMQevfo2uJvw/BU9pIurFsECxYMJ+hG37N9h/PDuRE0P0GFdBiDPzFzn+Cl3yzhL//vIZ59wES4wcK2xDUsfTGRjNrKVIvyXxMWMvYXw+AwYq774EMH+cOJfLKhNicbiB5XV/y9xlV5U7owj4jZ/HCKzw3XB02ZyYKIlkxqISIiIu2pU56hlpVb2ZC0g7RdB5oUfSeMGcZ9E6PpH6QJVkRERG6fNxNiw/lacuw3AAAgAElEQVT4n2nsnRNOlJuNvTu/hOin63vw1nPzbHpC4e2DN1B4qRiA8jLg5Af8/CcfNLOv4VxtTWjl5ZQD3t2ansYYuhmAQkouAXWnAi6OfrrjT9wPfgCrE0n8UxrlNvt8xpPum0XcUM08KNLxCtn425WsLWy4rMGcjoXJvPDbfRQ0XO0fyYv/Ede0sNocd19Ch8USOiyWhOpiUv++krff2YL59w9hslopw0rSa8tIaualATe4Abas3AYWMy8vMTez1khZOYCVMiDA2EY91MyJLKqfM7jWyHhef9I+YXDGO8tYntl4teYTlg7jf4MebZ5BLFgwkTYewfTr51Z58Rb54lZcfUMwTQrBNAkoTue1/0ll+UeHeX1eRMvyn/f1y62UlQI52/n+ku3NvC6YMgCrlTK88OvRojBv6eZ58RbfPSLtrM/kB1lQ+B5vHWx87uEx7B4WT+7TQVGJiIjIzTj6FdEmTucV8sryf96wt2/aroOk7TrIU49OZ8KYYe0cnYiISNdhiJzA2HVvkJJeQtSIvaQc8mXMv4U3bVhRho3rTipKLlMC+PbwBcrx8ASGPszzcyOa21Pretl4eOAB2K422WvtMl+82+jCXLvxGEDc00uJA2yleWT9ayOJb73MqUd/w9PRne50TaSL8Sf+mYXENurNb8Czbt50v1h++svRNJpxz7nb7Q2X7OxL7OhA3s4qJrcITO7ueOJF7OLHiG/m2qqrW/N78fQwgF8ES56JaaYIXRt7qTuegMVigbYY3DliBq/88rqxEgxe9Q9NCQt55cHGq13VxVI6kEfEbH74jUT++EmRvQjs6cdDC2Zj0nSSX92t8uIt8kWr+MYQMygV89lCiohoWf5rwt2+fFgsryQ0c66LAU8Ad3c8KaWo4Y2GX8HN8+ItvntE2p0nprkzeahsI2ty7NdkPUJGacQEERERB9apriheKL5cX/z16ObOfZOiuXvMcHr5+lBWbmXfgeOs35LGhYuXefO9zXh4uBM1fFBHhy0iItI5OYczfqwvr6ZuJ+3yAfL6TeDpwGbaHT1ARvnYRj2DS/bv5RRBzAozAN6YTEGs/TSXPK+xjecPvh3eJkz91vLx/gzKR49tcMGhnIz9WdBvFhFuX3Efd4q7Jx6UU96oy7MNm81QP+KqwSuI4TPncO7wK2w5ehyim7sQKSLtydXrJvPfOrvj6e3eiq0VkrGzlPBxITQ3WKL5aD54hBDqB/iGEe1xjKz8KhIGtXxEgHBTCJ4788itNjYZ1r6e91Ci+6eTuNuMJTa28fFVUz8MvaeHAaxV3GS6VDuDF8YmvequcfXQHMLiePrEJPDDivf44w64Z0ECd6tnZdu4VV68Rb5ootBMaulAYkOaqX5WHybrOHiODMQP8GtJ/mvCSPQIX1YlnSPXKwbTjc5VB9lzcsbew8wffN1NjfV5s7aYbLVSCU2Gim7oVnnxpt89Ih3BuQ93PzGT8jfW8S+G88MnxmrEBBEREQfWqb6m33jvk/ri74+//wizp02gl699DgpPD3cmjBnGC0uepH9gbwDeem+z5gUWERH5CoJiJxB0MYW124sJj53QdMQ8AGMhn722mi9ziykpKeZU+mr+vOEUHtHTmFB71cr77plMMHzJO//zASnH8igpKaEk/zgpH/2ZX72z95bz6zbmzaRvTMD76Ae8+t6XnLpQQsmFU3z53qt8cNSbCd+Y1HycjiA0EpNXCSlr1nIgv4SSUhvkb+aVF17hg8+z7MdSUsypzz8mpRDCB9feyJa1ll/9+lf87Yvi5p+Txdpf/4pfvZ5GcbM7FhGHUXSUpI/WsPTFlaxKMZNdZMFSYqHo1D42vrOC5V+6EP3NOMIBnCOYM8Ofgg2rWPbxvtq2hWTvTWb5b1eQmHeDfYTHMmdQMYl/WEni3hyKSixYinJI35rIC79Nwj7wqi/xMyIw5qXzwvIkMvIsWEryyUpZwwu/WE167X+jwkeG4Gkxs+pDM7klFsr03yvpYvpMfJT//smj3Kfir8MqytrNqj/9H0v/tImkg7U5rS4X/n4Tqc7BzJ8VZm/covzXlDE2limGYyz//RqSjuZjKbFgyTtG0odvsvSt3fbezLU5ufLLTfxsVbo9JxflkP7xSpbWb9tIdKQvZO1keYp9/2WtO9EVcWzOfbhv4Xf474UTVPwVERFxcJ2mB/DpvEKOZp8B4KnHpt9wjl9PD3d+8NQc/mvZO5SVW0nbdYD7Jo1qz1BFRES6DuMExod/zAenxzIp8ganDf2n8YPoPN5Z+QofWGzg7kv4fd8h4d5B1040nAcx52c/ZcCalXz8zqt8bAUMHgQNjeOxB6Naf0ISNoel3/Mlcf1G/vrbD7Bhnzd3zrPzmNBcL2VH4TyIOYtmcfntzbzzv2ngP42lS6fznYdtrP5sNX/dUG4fTtsriPAHn2Ne3fDPtsuUWErwKLc1/xwbly0llLiXt7KYLiLtzi+Wn/56MBnbtrPxX5+Rus5mLywYDAT0D2PejyYTG3Stl5txwhO85J/M2x9uZ9m2ZHuPMl9/YqfPZk7QjXbiy5TvLiQgeROrPlpDUingbMBvQBhzvn0vwXXNBs/gxe/78Pa6Paz4HzOVgKe/PzFzpxHtfq3NkgcSWb45iV+lQcD0J3hxqiplItJ+/CY9xatDzSRt2k3S+4dJLLUvd/XyInhkLM/PiCG4fkiYFua/6zmHMe8XTxD64UYS31pNohUwGAgeNoqFc0fX9+Q1TniCFz02sWLTTl5+KRWcDRiDAolPiKnftnHCQzx7bg0rNq7hZ+s037mIiIiIdAynmpqamo4OoiXWb0ljQ9IOevX04eVfLLpl+zff20zaroMMDu3Hj7//zXaIUESkY+07kNOq9j27u+Hk5FT/A9z0MQ0fA07coF2D37dadv3jljy/1fIbaW17D0/Hv0fq3PlL9Ol9hye7rc7ig/96g7z7nue5idf3qy0k+ZVX2NL3SX73+PA7G4eIdCrtkp9ayRFjEpGbu1xyy8HHOx0f7+YGf3fMHOWIMYnIzXW1vHmjnAnKUSIiXVG5hk5pU51msI4LFy8DMGRQ/xa1j6yd+/dM/vk7FpOIiEhXV7IjmS+t4UyKcdhBlUVERERERERERESkgU5TAK6by9ejm/stWtp5erg3ep2IiIi0UvUptqecwiN6AlFuHR2MiIiIiIiIiIiIiLSE449vWat/YG/2HTjO0RNnWtT+yPHTAAwO7Xcnw2q18qsVvLZiDXkFRfz7d+cSEhxw0/aWy6X8/i/vU2mr4mc/fIwexu5tEseGpB2s35LGmMghfOeJWbe9nerqGr7cm8WGpB2cv3AJj27u/Oh7DzOgX582iVNERDqQ8wBm/ex33Phbwp+4pb8jrh1DEhEREREREREREZGb6zQ9gPsH+QNwOq+QC8WXb9k+bddB++sC/e9oXLer/KqVzZ/toqqq+qbtUnbu59z5i+0UVett3vYlb6z+hEuXrzBsyF2MiRxc3/taRERERERERERERERERNpXp+kBHDV8EL16+nDh4mX+/NY6li5+5IaFxjff21w/Z/DUSaPaM8xWOXjkJMdyzhA+KLjZ9WcLi0nZsb+do2q5kitl7Nh9CDdXA898e84Nj0NERERERERERERERERE2ken6QEM8NRj0wF7L+BXlv+TI9mnG60vK7fy5nub63v/xk2MppevT7vH2VLWiko2f7aLiorKJutqaiA13cyly1c6ILKWuVxSRmlZOV5eHvTt7dvR4YiIiIiIiEgX4uTU0RG0ra52PCLieLpSnulKxyIiItIROk0PYIAhof156tHpvPneZnsR+C//pJevD349jQCNCsITxgzj0TlTOirUWzL6eNG3ty9Zx3PJPJjNmKjwRuvPFJwnbfchQu8KpKLSRmnZVQCulJbzh799SF7BeRbPn83IYaGNXldWbuUPf02k4Fwxzy16iLCBLZ8DuW5e4NnTJtA/sDeJG1I4f+ESLi7OmMJDmDc3jh4+3blkucJLf1xN8cW6objL+fGLfwVoNKfwhYuXWffJF2Qeyqas3IqbmythIUE8fP8k+gX0vs13TkRERERERL4OnJycqKmp6egw2oyTqhkicod1pbypnCkiIvLVdKoC8JHs0+w7cLzRsgvFlxvNCezRzZ3Z08ZzX+3Qz2cKznP4WC4nTuaTfTIfnJwYFBLEgH596Bfgx7Ahd7XrMdRxcXFh2pQx5L93gc++2MfwiIF4dHMDoKqqmqR/2XsGT5syhqR/7a4vAHf38iAmKpzEM+dI23WQ4eEhuLhc68h97MQZTuefZ+TQUAYOCLyt2HbvO8LW7bsJvSuQAf38OZJ9mr0HjlNWbuUHT8/Bzc1AtCmMc+eLOXT0FAYXF4aHh+DmZmBgcAAAJ04V8Kc31nKltJzAvr0YOSyU8xcsHD52ipdeW82CR+KbFL1FRERERERE6jg7O1NdXdXRYbSZ/8/encdHVd/7H39NZjKTyZ4JCSRhEiAJQcISAohBRBQFW0XUKta2eOvW3mpbbfX+7FV/Xbyt9f6udrPaxa3Va1XqrYJ1AS+KiCACISyRBBKWDAmQfZ9MMsn8/kgyJGwhZJnJ8H4+Hnlkcs73nPM5w9cvmPd8zzcoaEQ9hE1ERqBAGjc1ZoqIiAzMiAiAq6rreX3lR2w/IfydmDqWUbYoYmM6H/NsT4onI9XuXRt409Yv+Ns/1tLiau113JbtBWzZXgB0zhS+7atXDcNdnCwpYRRzZ01mzcfb2LajkHlzpgJQUnqMHfn7mTE1jYkTxrJm3dZex2VNSeN/1+dyoOQoVTX1xI+KBjqD4+7HX8+dndkrGO6P+sZm7r3rK6SO6wyQK6pq+dUf36Ck9BhlRytJHZfIzUsXcKDkCEUHyrBaLXz1usuIjgoHoLW1jVWrN9LY5OTaxXO5+oqLvI9t+Xx7AS++9j5vf7CJiWl2oiLCzqlGERERERERCWwmYxBud2AEGdB5PyIiQymQxk2NmSIiIgPj9wFw93q/zU4XAPbEOK6YP5OsKWneoPdUfvXHv7NnXwkASxblkBBvI3nsaKIjwzh8pJLDRypY/9kuNm7JZ9uOvfzwX29iQkrCsNxTtyCDgcsunkHuriLWfLyVqZMnEBYawrtrP8dkMrJowWzc7nZq63qvAxwXG82USeP4ZPMu8nYXsWjBLACOllez78Bh7Ilx/Xr084myp6Z7w18AW3QkSQmj2JFfTF19U5/HHymv5kDJUeJHRXPJnKm91uzIykwlbVwShcUODhw6QtaUtHOuU0RERERERAKXyWQEV5uvyxg0JpPR1yWISIALpHFTY6aIiMjA+PVHqXqGv9YQCzcvXcCP77+VubMzzxj+/vS//sqefSWMibfxHw/exrWL5zJ7xiR27dnP8397D3OwiUtzpvN/f/ANpkwah6u1jV/+7m+0t3cM4911irVFsvCSGRwtr2Hztj3s2VvC7oIDzJ01mbEJcXg8HjpOWLvDYICcWZOxmIPZklfgDcfzCw/S0OhkdtakM74/femeydvNaAzCHHz2nxWoqW3A2eIiIjwUszm41z6zOZiIcCsejwdHWcU51ygiIiIiIiKBLSgoCJMxMAIAk9Gox5mKyJALlHFTY6aIiMjA+e3fpD3D39iYSP7t7mXedX3P5N21myk9Wok1xMJ/PHgbY+Jt3n2vr1zH9t1FvR4lfe9dX2Hu7Myu/R8N/o2chTnZF2BPiueDj7exYtU6YqIiuOziGb1mzp4oZexoxicn4CirYP+hMpqdLrbkFRATFeHzWbUdHR48J4TWIiIiIiIiIv1lNvv9g8vOSqDch4j4v0AYbwLhHkRERHzNbwPgF1973zvz98f334o9Kb7PY9rbO9iweRcANy9dcNL+hZdkMzF1LDNOCEi/dsNCYm2RfPRpHvmFBwfnBvqstZ3Wts5HsoSHWblqwSwampo5VlHDwktmEGuLPOPxZnMwObMm09HhIXfnPvbtP4yjrIIpk8YRFxs9HLdwWrG2SEKtITQ0NtPa2vuxM62tbTQ0OjEYDNgT43xUoYhIYDAYDPrAjYj4HY/Hg+FMn2T0EY2ZIiOTyWQc8Y8B7eseNG6KyGAa6ePm2dTvr+OmiIiIP/HLAHjV6o3exwPfc/vSs36c8Y78Yiqq6pgxNY2LL5xy0v6vXncZ/3b3zSeFyRZzMAsvyQZgc+6eAVZ/dlpb3TQ1t3h/njEtnQuzJpE2PolZWRlndY7MjHHEj4pmxxfFvPnuBkxGIzmzJp9x5vBwSIi3MT55DOWVtXyyeRc9/38xL7+YooOljImPYfwwr7ksIhJogoIMtHfol3Ii4l/aOzwEBfnfL+Q0ZoqMXCEWs8//P/dcGQyd9Z+Jxk0RGWwjddw8mzET/HfcFBER8Sd+9zyNZqeLtZ/kAp0zdjNS7Wd97IcbtgMwNqH3zNKq6npWrdlI3u4iYm1RPPCdZSeFyhMnjAVg09YvuP2WLw3kFs6JyWjk9q/177pRkWHMmJrO+x9+Tn1DM5PSkkkZO3qIKjx7ZnMw1y6eS0lpOatWb2TrjkKSk+KpqKpj/6EyTCYTS67MISoizNelioiMaCaTEbe7HZPRLz/PJSLnKbe73S9nnWjMFBm5goIMhIRYcDpdvi6l30JCLH2GFBo3RWSwjdRx82zGTPDfcVNERMSf+N2/4vN2F9Hc9Y+TaxfPPadzJI4Z1evnypo65s7OpNnpwlFajqOs/KRjUsaOJiYq/Jyu50sXZmUQHmbFYDCQM2syZnOwr0sCYEJKAg/f93Uuyr6AmtoGNm39gpLSci5IT+Hfv38Ls2dM8nWJIiIjntlkoq3N7esyRER6aWtzYzb53edMNWaKjHDBJiMhIX3PCvMnISFmgs8ioNC4KSJDYaSNm2c7ZoL/jpsiIiL+xO/+pty+uwiAubMzz/rRzydyu3v/D8rZziIOChr6PNwaYubB7371rNtHR4Xzn4/c1We7+FHRZGaMO+vzLlmUw5JFOX1u6/at5dfwreXX9No2PjmB3/3iu6e9RmxMZL9nNYuIyNkzW0zU1DYREW71dSkiIl4trjZiov3vSS8aM0VGPnOwCYPBQEuLC39emtZg6JzFdrZBhsZNERkqI2Hc7O+YCf47boqIiPgTv5sBXFjkAM4+tO0pKrLzL/6iA6X9PvbIsSqqauoJDxtZ/2PzeV4hjU1OZkxN996/iIicH0xGIyZTEC2uVl+XIiICQIurFZMpCJPR/x7JpzFTJDAEm4yEhVr99tGfpq76zj781bgpIkPLn8fN/o6Z4N/jpoiIiD/xuwDY2dL5+GfrOcz+nTltIgBFB8pO2ldVXe99fapwufuY7Knp/b6ur9TVN7F91z5ioiK4ZM5UX5cjIiI+EBpiobl5ZK3rJCKBq7nZRWjIuT3FZzhozBQJDEFBBkKtFkKtFr8JAExGo7ems1m/spvGTREZDv42bp7rmAn+P26KiIj4C797BPTE1LHsLT7MX157n7WJ8Wd9XEaanYXzZhATHUHp0Uo++jSPyy7O8u6vrKnzvq6qrqfZ2YI96fj5N+fuASBrStog3MXw2LqjkPLKWuZdOIW42GhflyMiIj5gsQTjbGmlqdlFWKj+J1hEfKep2UVQUBAWS7CvSzktjZkigcVkMmIyGeno6MDtbsfd3kFHRwcej2dIH3VqMIDBYCAoKAiTMQiTyXhOS0pp3BSR4eaLcXOwxkwYGeOmiIiIvzB4PP61AoSjtJz/emaFdyZwfzz75P2sWbeVv7/9MUZjEH/8fz/otf/RJ1/CUVZBbEwkN193GTO6wt5X/ud/WbdxBxfOmMRd37h6UO5DRGS45e0+0K/2MeFmDAaD9ws442t6vgYMnKZdj+99bTvx9dn83Nf20+lve2uo331G6rTa2zuoqmkgOioMc/DIqVtEAkdrm5vauiZiYyIwGv3uIUO9aMwUEX+gcVNEpH9G0rgpIiLnxtns9nUJAcXvAmDonKH76Zbd/TpmlC2KubMzcbvb+eVTr1Jy+BgTUhK4984bCA0N6XXuWFuk9+e/vr6aDZ93Xuuhe7/G+OSEwbkJEZFhpgD4zAI5AAZocbXR0NhMTFS4X67tJCKBy+1up6aukYjwUEJGyGwMjZki4ksaN0VE+mckjpsiItJ/CoAHl18GwAN15FgVf3zpn5QdrQTg61+5gvHJY7BFR2INMVNT10BdfRMrVn3MgZIjAHz71iXMmj7Rl2WLiAyIAuAzC/QAGMDZ0kpjk5OoSM3OEJHh0drmpq6+ifAwK9YQs6/L6ReNmSLiCxo3RUT6ZySPmyIi0j8KgAdXQAbA0BkCr1i1jt0FB8/YLmnMKK5ZlKPwV0RGPAXAZ3Y+BMDQOTujvqGZsNAQrdMmIkOqqdlFU3MLkREjdyaGxkwRGU4aN0VE+icQxk0RETl7CoAHV8AGwN02bf2Cjzft4PCRSlyuVgBMRiOJCbHMnDaRhZdkYzHrHxAiMvIpAD6z8yUAhs512hoanXR0dBAaaiHEok9Ji8jgaXG10tzsIigoiIhw64hfg01jpogMNY2bIiL9E2jjpoiInB0FwIMr4APgno4cqwIgflQ0RqPWrBGRwKIA+MzOpwC4m8vVRnOLC7e7gxBLMMHBJkwmI8YgQ7/fDxE5P3k8Hto7PLjd7bS1uWlxtWEyBREaYsESYLMwNGaKyGDQuKlxU0T653waN0VE5MwUAA+u8yoAFhEJZAqAz+x8DIC7udvbaXW5aXW7cbvb6ejwoL/+ReRsGAwGgoIMmExGzCYTZosJU4B/kFJjpogMhMZNjZsi0j/n47gpIiKnpgB4cAXOb7dFRETklExGI6ZQI6FonTYRkb5ozBQR6R+NmyIiIiIi/kcLKIiIiIiIiIiIiIiIiIiIBAgFwCIiIiIiIiIiIiIiIiIiAUIBsIiIiIiIiIiIiIiIiIhIgFAALCIiIiIiIiIiIiIiIiISIBQAi4iIiIiIiIiIiIiIiIgECAXAIiIiIiIiIiIiIiIiIiIBQgGwiIiIiIiIiIiIiIiIiEiAUAAsIiIiIiIiIiIiIiIiIhIgFACLiIiIiIiIiIiIiIiIiAQIBcAiIiIiIiIiIiIiIiIiIgFCAbCIiIiIiIiIiIiIiIiISIBQACwiIiIiIiIiIiIiIiIiEiAUAIuIiIiIiIiIiIiIiIiIBAgFwCIiIiIiIiIiIiIiIiIiAUIBsIiIiIiIiIiIiIiIiIhIgFAALCIiIiIiIiIiIiIiIiISIBQAi4iIiIiIiIiIiIiIiIgECAXAIiIiIiIiIiIiIiIiIiIBQgGwiIiIiIiIiIiIiIiIiEiAUAAsIiIiIiIiIiIiIiIiIhIgFACLiIiIiIiIiIiIiIiIiAQIBcAiIiIiIiIiIiIiIiIiIgHC5OsCBmpHfjFHyqs5cqwKR1kFjtJy7Enx2BPjSBgdS0K8jemZqb4uU0RERERERERERERERERkyI3YALimtoG/rlhDfuHBk/Y5SstxlJZ7f87MGMe/LFtETHTEcJYoIiIiIiIiIiIiIiIiIjKsDB6Px+PrIvpr09YveOHV9wAYZx9DzqzJxI+KJn5UDPGjoimvrKW8sobyylo2bf2Cg46jANx+y5fImTXZl6WLiAyZvN0H+tU+JtyMwWDwfgFnfE3P14CB07Tr8b2vbSe+Ppuf+9p+Ov1tbw0dsZ+REhERERERERERERlRnM1uX5cQUEbcb7eLD5Z5w99Z0zP49q3XePe529spLHKQOj6R+FHRAFw+bwZ/eumfbN1RyAuvvkf8qGhSxyX6pHYRERERERERERERERERkaE04mYAf/ehp3C5Wvnu7dd51/atqKrl9ZXr+GLvIdra3AQHm5g8MYWbly4gLrYzCN6RX8zvX3gLi8XM7x/7ni9vQURkSGgG8JlpBrCIiIiIiIiIiIiIf9IM4MEV5OsC+uPNdzfgcrXy5YVzvOFvdU09Dz32PDvyiwkxB5ORaifEHMyO/GIeeux5qmvqAZiemcqXF87B5WrlzXc3+PI2RERERERERERERERERESGxIgJgPMLD/Lu2s2MibdxzZUXebe/8j9rAZg1fSK/evRuHrh7Gb969G5mTZ/Yaz/ANVdexJh4G++u3Ux+4cHhvQERERERERERERERERERkSE2YgLg4oNlAMybM5Xg4M7HctbUNbJzz34mT0zh27cu6dX+27cuYfLEFHbu2U9NXSMAwcEm5s2Z2ut8IiIiIiIiIiIiIiIiIiKBYsQEwPsPHQHAnhjn3db9eOfEMaNOeUz39u52PY/vPp+IiIiIiIiIiIiIiIiISKAw+bqAs1V8qHPGbtq4RO+20fExANQ3NJ3ymO7t3e16Ht99vuHmbGnld8/9g6IDpafcHxURRva0dJYsyiEiPHQI63Cx8v2NbM7dQ2OTk4kTxvL9O2/AYgkesmuKiIiIiIiIiIiIiIiIyNAaEQHwocPHaGlpJTkpHrP5eEAZHmplQkoCn28vYMbUdO+6vwBbd+zl8+0FTEhJIDzU6t1uNgeTnBRPSWk5hw4fI2Xs6GG9l54yUu3YYiK8P7vd7ew7UMpHn+aRX3iQ+751I3GxUYN+XWdLK0+/sJLCYgfRUeHMzsogacwogoIMg34tERERERERERERERERERk+IyIAjowIA6C6tuGkfQvmZrH/0BH+9NLbfJaZ6g13d+QXe/efqPs83ef1lcvnzSB7Wnqvbe72dl5asYZNW7/gvbWbWX7TIgyDnMsWHyyl6GApyWNH84NvfYXwMGvfB4mIiIiIiIiIiIiIiIiI3xsRawDHRIUTFxtNY5OTQ4eP9do3zj6aqReMB2BHfjFvr9nkDX+nXjCecfbeM3wPHT5GY5OTuNhoYqLCh+cG+sFkNHJpznSsIWZKj1bS4nIN+jWOVdTQ3t7B6FHRCn9FREREREREREREREREAsiImAEMMCElgYqqWvbtL/U+tnnXngO88c/1lB2tBDofqTwxdSx7iw9TWK5odM0AACAASURBVOxg154DVNU0cOM1870h8b79pd7z+auIcCtmczD1Dc20trqxhljweKCgqIR/vPMJJaXH8HggLjaapVfNZXbWJO8s4QMlR/j1n/6HpIRRLLv2Ut5671P27j/M9MmpzM7K4I8vve29zpa8QrbkFQLwnX+5luxp6d7rvPnuBhxl5bjd7URFhDErK4OlV83FGmLxHv/2mk2sWr2RaxfPZXRcDCvf30hFVS13ff3LpE8Yyy+fehWAf711Ce+t3cyuggN0dHQwISWR22+5iojwUFa+v5FPP9+Fs6WV6Khwbrn+cmZMSffeT0eHhx35RXy4IY/9JUdobW3DZDIyKc3O125YSFxs9CnrsSfG8fe311NRVYvRGMTUSeP52lcWEh3ZO/Q/cS1kk8mIPTGe6788j0lpyRgMnPV7LyIyHI5V1Pq6BBERERERERERERnBRsdF991IRrQREwBPvWA8m3P38MnmXVwxP5uGRid/ef196huamX/RNObnTOu1nu+hw8dYv2kn6z/byV9ef5+fPvBNIsKtfLJ5l/d8/urIsWoam5ykpiQSYjEDsCWvgBdfe5+goCAmTxyHNcRMYbGD5155l8rqOr68cE6vcxyrqObXf3oDV2sbkeFhdHg8RISHkjNrMoePVOIoLSfWFsnECWMBsMVE4vHAex9uZuX7nxIUFMSkNDthoVb2Hypj7Se5fLH3IN+744aT1iX+dMtuqmsaCA42ERMVTn1js3dffUMTv/nzG8RERzBz2kT2HSil6EApT7+wkohwK2XHqpgyaTw1dY3sP1TGC397j3vvspLeVdeWvAKe/9t7WEPMTJwwlohwKyWl5eQXHuKp59/k/u8sI+qER3lvzSvkg4+3kjoukZSx8RQWO9i+u4hmp4t7br8Oa0jne1pRVcdv/vwG5ZW13rWQ3e52CopK+MNfVnLvXV8hdVxiv997EZGhpH+ciYiIiIiIiIiIiMiZjJgAeMqk8diiIyg7Wsmq1RtpbW2jvqGZmdMmsvymK09qnzJ2NMtvupKm5ha27dzL6o8+x2wOpuxoJbboCKZM8r8AuKPDw979Dl576yM6OjxkT0vHYgnGUVbBa299RHRkOPfedQNj4m0ANDtdPP3CW6z7dAezpmcQP+p4KNDQ6GTmtIn8y82Les3anZg6lrfXbMJRWs6E5ARuv+VL3n2Osgr+d30uodYQvnv7daSOSwR6r0u8et0Wvn7DFb1mvdbVN/G16y9nfs50goI6d9TWNXYe627nS5dfyJJFczEYOtv+1zOvU3q0kuSkeH5y/78QGRGKxwMv/30Nn2zexfbdRd4AeOoFE/j373+NlLGjvefu2XbXngPMu3BKr/exvrHZG94CVFTV8qs/vkFJ6THKjlaSOi4Rd3s7K1ato7yylpxZk7l12SJMRiMAra1tFB0sI8U++pzeexERERERERERERERERFfGTEBcFhoCF++4iL++40P+GD9NtrbOwC4csHMMx535YKZbNu5lw8/zcNo7Fzy+MtXXERYaMiQ19yXP/x11Sm3BwUZuHzeDC6dOx2AvcUOGhqbuejSmd4AEiDUamHB3Ok8+8q7lB2t7BVCxsZEsmzpgl7hb1927dlPQ2Mzl8yZyoSURO92k9HIlfNnsmvPAfILDlLf0ERU5PFZt9lT07l0btYpH4UcEW5l5rSJ3n2REWGMTYjjWEUNM6dPJDIiFACDAS5IT+aTzbu84XH3PY5PHtPrnAYDxERHAFBT23DSNbOnpnvDXwBbdCRJCaPYkV9MXX0TAMfKayg+WEpUZBjXXHmRN/wFMJuDmTwxBTi3915ERERERERERERERETEV0ZMAAxwac40CvYdYuuOvUBnKJzaI6g8ldSURMJCQ2hqbqGtDWZNn8ilOdOGo9w+ZaTascVE9NqWMnY0WZlpxNoivdsOOo4C8MHH2/jg422nPFfZsSqypqR5f46JjuhX+Atw5FiV99gTw9yI8FDM5mCamluorq3vFQCPibeddh3c4ODgXmG7wYB3Ju+YOFuvtsYeIWw3d3s7n+cW8NGn26msrqexydnnfURH9V7n12gMwhzcu6tXVNXS2NRC6rhEIsJ7P0K6p3N570VERERERERERERERER8ZUQFwADfvnUJxlfeZXPuHpqaW3jxtfe5ZM5U0sYnndS26EApn2zeRVNzCwBzsi/gzq9/ebhLPq3L580ge1p6n+26Zzvbk+IZmzDqlG0SR8cOuJ7u6/gLjwdee+sjPt64g6AgA6PjYsjMGEdQkMG7jvG56ujw4PF4+mw3XO+9iIiIiIiIiIiIiIiIyGAYcQEwwJ1f/zITU8eyftNONm7JZ+OWfGJtkSSOjmWcfQwHHUcpO1ZFVXU90Dmrdn7ONOZf5B8zf/trbGIcW/IKGW8fc8r1jgf7OjW1DXg89JrV29DYTGtrG2GhIdiiI09/kkHU7GzhwKEjBAebuOe2pWRmjPPuW/n+pwMKgGNtkYRaQ6ioqqWhsQlriPmU7YbrvRcREREREREREREREREZDEG+LuBczb9oGo/84Bssv+lK0sYn4XK1sWvPAd5es4ldew7gcrWRNj6J5TddySM/+MaIDX8Bpl4wgYjwUHJ37aP4YFmvfa2tbRQUOQZl9m73dbbvLmL/oePXcbe388H6bTQ2OcmcNI7IiNM/MnkwmYxGQiwnB7MVVXV8vr1gQOdOiLcxPnkMdfVN/PODz3C3t3v39XxPh+u9FxERERERERERERERERkMI2IGcLPTRaj11OvZzr/o+Mze2rpGDpWWk5IUf9I6sP09rz8ZmxDHVZfN5s33NvD/nn6NCSmJxMVG0dDoZO/+w5iMRn74rzeSMnb0gK9zxfxsVr7/KU/8YQWT0uyEhVrZf6iMiqo6EkbbWLxg9mnX+x1sFksw2dPS2XeglGf+sooL0pMJMhgoLHZgHeCfm9kczLWL51JSWs6mrV+wZ18J6eOTcLvbKSgqwWAI4of/eiPJSaOH5b0XERERERERERERERERGQx+HwBXVdfz6K9ewp4YzwN3Lztj2wOOozzz4kqWLMrh2sVzz9j2iWdW4Cgr58c/vJVY2/A80vhcGQxw5aWzmJCSwD8/+Ix9B0opOlCK2RxM+vgkrrnyIpKTBh5AGgzwpcvnMD45gTff3UBBkQO3u52oiDAWXpLN0qvmYg0Z3sD8sotnYA2x8OZ7G9iRX0xkRChLr7qYxiYnb6/ZNKBzT0hJ4OH7vs7K9z5lxxfFbMkrxGQyYk+M5/ovzyM5afSwvfciIiIiIiIiIiIiIiIig8Hg8Xg8vi7iTF587X02bskH4IG7l5GRaj9t2x/94lmqqusJtVr45cN3nXZ2b2GxgyeeWQHA3NmZ3PbVqwa/cBGRYZa3+0C/2seEmzEYDN4v4Iyv6fkaMHCadj2+97XtxNdn83Nf20+nv+2toX7/GSkRERERERERERGRgOBsdvu6hIDi12sAV1XXe8NfgLdXn37G58Yt+VRV1wOdj3b+3/XbTtu253l6HiciIiIiIiIiIiIiIiIiMpL53Qzg/12/jbzdxVTW1HmD2bmzMyksclBV0/mzPSme0BALsbZIqqrrKSx2eI9fsiin16OBM1Lt3nbNLS4cpeUAxMZEkpFm9wbMsbZIRsVEkTUllSvmzxyu2xURGTSaAXxmmgEsIiIiIiIiIiIi4p80A3hw+d1vt1et3oSzxQWANcRCRpqdm5deRmGxg7dXb8RRVuENcSk+flxsTCRZU9K4dvFcmp0u8nYXUVXTFQ4X976GPTGOJYvnkpFqp9np6gyXq+upqq6npLRcAbCIiIiIiIiIiIiIiIiIjEh+NwPYUVrOfz2zAmeL66T1eZudLp74wwocpeXYE+OYOzuT11euA+C2r17F3NmZ3rbbdxfxl9fep9nZeR5HaTmOsgrsSfE88J1lvdYH7l5n2Bpi4d/uXoY9KX74blhEZJBoBvCZaQawiIiIiIiIiJyt2pYy9tduxlG/k/LGfVS3OGhqraa1vRkPfvUrdTkFAwbMxlDCzDZsIXbiw9OxR05jQvQcokMSfV3egKl/Br5A78OnohnAg8vvAmDoHQLffdtSZkxJA+DpF1eSt7sIe2IcD9x9M6FWCxu35PPia+8D8OyT93vPce8jv6fZ6eLmpQu4Yv7MzvD4mddxlFWQNSWNe25bCkBhsYMnnlmh8FdERjwFwGemAFhEREREREREzqSprYbcI/9gZ/k7VDWXkGrLITkyizHhGdisdsLNozAbQ72/ExH/5cFDa3szja2VVDsdHG0spKQ+j+LqTcSGJjMt/mqyE24gLDjG16WetZ79s6Quz9fliA8lR2WNyD7cFwXAg8svf7ttT4onI81O3u4iQq0W1n6Sy9jEOGJjIgG4Yv5M7wzeubMzvQFwVXU9G7fmM3dWJtYQS9fs3ykAhFotLFk8l2deXEmo1UJhsYPDZRXYus5pT4pT+CsiIiIiIiIiIiJynqltKePjkmfZ5HiJmYk3smjCD0m3zfN1WTIABgxYjGFYrGHEWlN6/Xnuq95A3rG3+Y/1s8ix38qlyXf59YzKnv1Ts3sFoKQuj5K6PN7Z99iI6MPiG34ZAAM4yjrX+X3mxZU0OzvXBO4OfSur646361oPONRq4Ue/eBaAVas3ets6ysrJSLX3apu3u4iNW/J7nbOqpn5I70dERERERERERERE/MvaA0/xwf7fcGnKt3n4ks+IMMf5uiQZYum2eaTb5nFV6gNsKHmRxz+9hCsn3MfC8d/zdWkn6e6fCn7lVDx42Oj4K5scL/ltHxbfCfJ1AadTVd0ZyDY7XUxMHUtsTKQ3CC4sdnjbVdYcbweQNSXNO/sXjoe+PY9rdrqIjYlkYupYb7vu64mIiIiIiIiIiIhIYCtt2M3TW2/gaNNe/m3uh3wp7f8o/D3PRJjj+FLa/+Hf5n7I0aa9PL31Bkobdvu6LOB4/1yz/9cKf6VPHjys2f9rv+rD4nt+OwPYnhiH1Wrh2sVzvTN4N27J57W3PsKeePxRzaO6HuE8d3Ym1y6aS6wtkqrqelat2cjGLfnE2qJ6nDMeR2kF1y7O4Yr5M4HOUHjV6o04u4JgEREREREREREREQlcuUffZEX+A1w/6efMSbrF1+WIj8VaU/j6lKfYXPoqT32+lGWZT5A95nqf1dPdPxX8Sn+V1OX5RR8W/2DweDwaRUREAkDe7gP9ah8TbsZgMHi/gDO+pudrOtdSOWW7Ht/72nbi67P5ua/tp9Pf9tZQv/2MlIiIiIiIiIico09KnudTx1+4ZcpvSYnK9nU54mcO1eXy6u57udj+TS5JvmPYr/9JyfP8c98vhv26EniuSX/YJ314IJzNbl+XEFD89hHQIiIiIiIiIiIiIiKD5ZOS59lStoK7sv9b4a+cUkpUNndl/zdbylbwScnzw3pthb8ymP657xfD3ofFvygAFhEREREREREREZGAlnv0TT51/IV/mf5nYq0pvi5H/FisNYV/mf5nPnX8hdyjbw7LNXOPvqnwVwbdP/f9Ytj6sPgfBcAiIiIiIiIiIiIiErBKG3azIv8BbpnyW4W/clZirSncMuW3rMh/gNKG3UN6re7+KTIUhqMPi39SACwiIiIiIiIiIiIiAeutwh9z/aSf67HP0i8pUdlcP+nnvFX44yG9zluFP8aDZ0ivIecvD54h78PinxQAi4iIiIiIiIiIiEhAWnvgKaJDkpiTdIuvS5ERaE7SLUSHJLH2wFNDcv61B56ipC5vSM4t0q2kLm/I+rD4LwXAIiIiIiIiIiIiIhJwalvK+GD/b7gqVY/XlXN3VeoDfLD/N9S2lA3qebv7p8hwGIo+LP5NAbCIiIiIiIiIiIiIBJyPS57l0pRva91fGZBYawqXpnybj0ueHdTzflzyrB79LMPGg2fQ+7D4N5OvCxARERERERERERERGUxNbTVscrzEw5d85utSBqQ8/3aePLruNHstmIwLmDTmu1w3MZMITfcaMvOSb+MXn1zEFeO/T1hwzIDP190/R7zI5dySficZkXas3f3P48Lpyqf46ArWFq9g5Mw5fZz7Fy4jnnqK92Xx5xJf1zP4NjleGrQ+LP5PfyWIiIiIiIiIiIiISEDJPfIPZibeSIQ5ztelDA5DGhGmzN5fxkjc7avZXbqEn29cQXmHr4sMXBHmOGYm3kjukX8Myvlyj/xjxM/+taW8wiOzfkZWdGf46253dX5hwRqSzZRxj3PPvBe4PNLXlUo3D55B68Pi/zQDWEREREREREREREQCys7yd1g04Ye+LmPwRD7OI7OyT97euImXt36d3a4f8ereq7h3kv+kbd2zl+PHbOb+zJEfxGeNXsKa/b/ikuQ7BnyuneXvDEJFPmR9iOUTcogwgLPuOd7Kf4w8Z/dOO1kTHmKhfTHxllRGK4XyKzvL3xmUPiz+TzOARURERERERERERCRg1LaUUdVcQrptnq9LGXrhOdwydjkAZdWbaPBxOYEs3TaPquYSalsG9lDj2pYySuryBqkqH0lZQGIQ0J7L+q09w18AB3n7v8OTn9/HpsOrWF3toxrllErq8gbch2VkUAAsIiIiIiIiIiIiIgFjf+1mUm05vi5j2JhsmcQDtNfh7KuxDEiqLYf9tZsHdI6BHu8P5ofGd75oKeLD0zVyruKtwidR/ut/AqEPSt80+V5EREREREREREREAoajfifJkVm+LmP4dID7lDtclO17jr+XvkRZewUQhy3sLhZfcCdZUSc0dRaxPv9J1jeso6HDBYY04kOXsTDjTrJiTmhasY539j7J9pZ83FgwBS9mtv1hrhvf+Zjn7kc/dys/OocHj3a+npK6n+XjBum+fSA5MgtH/U6yx1x/zudw1O8cxIp8Y7erjquJhNAcbhkFr1ae/bG2sT/jqylLSbJEYjIAHfWU16zgnbzHKOjZMHIZi8ctZ3ZMGhEmS+e2jnqq61awek/vWcc3XrSf2WFQfuRS1rY9zuLEbGwmC87qn/DT7S8DkGj/DTelLCDe3HVdjwtn8ya2HPgJ7xxz9C7ScC1XZ9/P7Gg7VgPgqae69uTrjlQD7cMyMmgGsIiIiIiIiIiIiIgEjPLGfYwJz/B1GcOmofKjzlmW1jTivVtd7N66hN+WPElZO0SYMokwQnXTY7y69XY+7BnYuXJ5dfMi3qlbTQNpnW2DyilveoxXc5fwztHjTZ0HH+M/d97OlpYiMGYSYUqDtlVs2j+f3+Z3hmgmU3zXObpCu6DMzp+7ahjJxoRnUN64b0DnGOjx/qD6yPbOPmewkzUtj/un3c/sGHufx9lSXuH7GctJCYnE5HHhbnfhNkQSH3snyy96nEnelnfyrRmPc3lcJhEmS2e7dhcERWKLuZObpj1O6inOb418npuSc7B1B8ZdJk1ewz0TryXREomJrutiwRq2gPmZz3Njrw9EWEhM+U/mx9gJ7nDh7gAMXdfNvB/bObxf/iYQ+qD0TTOARURERERERERERCRgVLc4sFn7DqNGPLeLspLf83LpaiCN2WOyvbsa9j7Iy3VFYHmcey9aRmJXEuA88hzPfPEYq/dvYv6oHExAw6GXyGsHwl/gkdkLiOiaNuau2sTfC3JJ7U6V61fzYvFzOFnA5dNeYHFc13ZnEW9tXcSmo8+Rl/YzsjIe55GM4zOB4+Nf4P7MOAKBzWqnusXRd8MzGOjxfqH6PlY6UvmqPROrIZL4uHu4Me4ebuyop7o+l8LKZ1l/aFPvxz9bH2L5hBysuCg/+iAv5q/q+uDCcpZn/4wpYUu5fPyPKDgA8BwFVZfhdK5kbfEKvCvWjvoDD05fjC08h7k2KD7h+dIRYWk4G1extvhZPqzM9x6zNCENE+CseZI/5z7ddb5MZk/8GZdH5fNhXc+zWLAai8jbfQevHnMAdrKm/Te3xNkxRS4ghyd5Z5DfzuEWEH1Q+qQAWEREREREREREREQCRlNrNeHmUb4uY3DV3ciDa0+3M41U+/PcOLb75wq2HFsFZDI//Xj4C2BNuJOFhx/j1fr32e7KYbYF2tz1AERYx3rDXwBTbA63XHx8LeVyx+scAiLiHjoe/gJY07hu7J1s2v8c2x0PkZXWe/ZlIAk3j6KpdWCr2g70eH9RsHcJv6u4k8UTlpMR1fWo5KBIbNELyIleQM64IvKK7+DVw51ho238AhKDgJZ1vNUd/gI4X+blw1fx07QckmLvhwNPArB+99dPvmjlNmrci7GZ7Nhi4aQFhl2reW3zfb0eJT0/Oadz1m7rOt7xhr8A+WzZeyNbTnFvZaXd4S+Ag7x921kcZ8dmsJOUDJT0663yO4HSB+XMFACLiIiIiIiIiIiISMBobW/GbAz1dRmDy5BGhPF4sOp05+MGIsJ/w/LMa0kJ79G2o4jSVgAHWwqWsL2g96nc7Z37GpoAC9jGXEfikXWUVfyAZ/Lu4vIxOaSMisN6QnpQ1ty5rq+z+gf8/OMT6vN0hmXVrnogMGb7norZGEpre/OAzjHQ4/1Jdc1zvLrtOQASRy1n6uirmBKTTbzFAqY0stKfp615EW9Uw5SQrqnklgXcvmBP7xMZLJ1hlaln38lkdupypkRnYwuOIiIkkmDA1PUYcVPwyfU4m7f1XkcYO0khkZ37mjaeMuw9WT3OE2fIOltOs872yBRIfVBOTwGwiIiIiIiIiIiIiIg/i3ycR2Ydf8QzbgerP1vEh40P8tahGdyb2eOR17UOygGox+nOP80JN3GsEbABtmv51uQWXtv7GAVV9/FiFYAFk2U5i1PvZ36CBaiguqXr0u35NJzmrOUtDgI5AJbTK6t8mbLKl1kNJNr/wPL0xdiC0phkvxaqVxFv7gxiMVi8Ie5JzHZygE3cyfJ59zPFMtDZ5IuJOEVQLHI+UAAsIiIiIiIiIiIiIgGje5amxRjm61KGjsnO4sk/Y/f2H1F29Cd8mPACl9u69oXFYwPKWc6N837G7LPI0KwJy7gtYRnulgpKj+VTXPESa+ue450vcmkwvsHV8ZFEmIFWmJSyh9sC+DHPZzIYs8vNxlBc7U2DVJF/KnN8h+Kk/djCwGTsnPnb4HYBFtx1T/Pw1ifPfIL0pV3hbz1lpc/yceU68irzgTv51qUPkXrWyVY+TjdKwk4QcE9IkFMK6ruJiIiIiIiIiIiIiMjIEGa20dha6esyhp5tKYuj7MA6Vu9bh7N7uyWV+GCAdRwq798pTSFxpKQs4PJZL/CjpMVALgUVFYCFpNDOGciH6ov6dc6G1n4W4ccaWysJM9v6bngGAz3eL1jvZPH4zDM0yMHaNcvX3d7551/U0vndZM1kdl/nD+76gIFzHS8XPN0V/gJEYTL0p9BNlLa4OksOm9v3dc8TAdEHpU8KgEVEREREREREREQkYNhC7FQ7HX03HPEsTJl4P4kAjb/nw2Pd2+3MH3Mt4GBL8U/YUtP7qIbDK3h51/FHQ7uLn+bPu3Ipb+3drrzlMIA3cEtMuYsUwFnzA17cV9FrTVR3fT4fbnmZgo7j2+LD0gBw1q2jIEAWUK12OrCF2PtueAYDPd4fzJ54F5dPeIMHZz7O/JgT7seaw/xpjzMpBMDBodJVABQXr6asAzAv4OpZD5FlPX6ILeZObpmzhtsSuja0dYa2hMxg8eju82dyefZyUk73+OjT+LBsU+cjy80LuDr7ns7/XgCwk5X+Cg/O/BnnWxwaCH1Q+qaJ7yIiIiIiIiIiIiISMOLD0znaWEi6bZ6vSxl6kddyje33/Lk6l/XFq5k/ejERQETa/VxX/QVvNb3MG7kreMuYhtUAdBTR0OGCoPspJpNUXOyu/j3F9U/yZLkF04ntuJYLx3at6Ru5mBvty3jGsYKCkjk8fDiTiCDAU05DewUQx+yy5Uwa21Vb8lJmH3yOLe1P8uInH5ESnkNM5FJuyUjzwRs1OI42FhIfnj6gc8SHp1NUs3GQKvKNBmc5Tk8ctuhlXJ29jKs7XLg9XTuDLF0fGnBRfuQnvNw9Gd/5GKtLc/iqPRNr1J3ckrOcm7o+MGAyds74bYhfBkdWwL6XKRjzOJPMdrKmfMyUC1yd5/UUUd4SSXxIP4o98hPWx7/B4lFxWGPu597Lv4u7o0ednjguj4I36gbjnRkZBtqHZWTQDGARERERERERERERCRj2yGmU1Of5uoxhk5p6PynQGbB1T3wOspNz0RoeHP8QKWY7tOfT4M7HacgmJfYV7r/4HlIBsJA1czP3Jvdu1+CxEx/xM26b9RtyIo9fK37i4zyS/Qo5YTlYPV1tO6KID3uIW7LWc+PYHoUFZXLjrLdZHJGD1ZPLofqnKXNHDdO7MjRK6vOwR04b0DkGerw/KNi7hJ9u/REfVuRS3ebCbbBgMnZ9eeppaFzH+t2LePKLdScd97vdz1HQVI+b48e424oocPyIF3as6Gq5ghe3/oS8xnrcns6A2OQuIm/fHRxq72+1DtbvuJG/H1hNeZsLumulq878O86r8BcCow9K3wwej8fTd7ORYW/xYQqLHdgT45iYaifUen4uRC8i56e83Qf61T4m3IzBYPB+AWd8Tc/XgIHTtOvxva9tJ74+m5/72n46/W1vDdVDMkRERERERERGotqWMn73+bX8eP5WX5ciAebR9bP4/oWriA5J7LvxadS2lPHLT8+D2enit/794g0D6sNDxdkcIM+K9xMB8dttR2k5T/9lJVXV9d5tsbZI7vnmUuxJ8T6sTERERERERERERESGU3RIIrGhyeyr3nB+PAZahsW+6g3EhiYPODiLDkkkOSqLkrrzZ5a6+I/kqCy/DH9l8I34R0A7Sst54g8reoW/AFXV9TzxhxU4Sst9VJmIiIiIiIiIiIiI+MK0+KvJO/a2r8uQAJJ37G2mxV89KOcarPOI9Jf63vljRAfA3eFvs9MFgD0xjgfuXkbWlM5F5JudLoXAIiIiIiIiIiIiIueZ7IQb2Fb2Bg2tFb4uRQJAQ2sF28reIDvhQsITvQAAIABJREFUhkE5X3bCDd7l1USGiwHDoPVh8X8jNgA+dfh7Mxmpdu65balCYBEREREREREREZHzVFhwDDn2W9lQ8qKvS5EAsKHkRXLstxIWHDMo5+vunyLDaTD7sPi/ERkAny78DbVavG3uuW0pc2dnAgqBRURERERERERERM43lybfxceH/kSV85CvS5ERrMp5iI8P/YlLk+8a1PNemnyXZgHLsDFgGPQ+LP5txAXAZxP+drvtq1cpBBYRERERERERERE5D0WHJHLlhPt4v/gJX5ciI9j7xU9w5YT7iA5JHNTzdvdPkeEwFH1Y/NuICoD7E/52UwgsIiIiIiIiIiIicn5aOP571LaUsrn0VV+XIiPQ5tJXqW0pZeH47w3J+ReO/x7JUVlDcm6RbslRWUPWh8V/jZgA+FzC3243L71MIbCIiIiIiIiIiIjIeei6jEd5s+ARDtXl+roUGUEO1eXyZsEjXJfx6JBe57qMR/UoaBkyBgxD3ofFPxk8Ho/H10X0ZSDhb0+PPvkSjrIKAEKtFh74zjLsSfGDXu+ZOFta+d1z/6DoQOlJ+0wmI/Gx0cyZeQGXXZyFNaR/93cuausa+eVTnZ9++/fv3UJ0VPgZ2x8oOcKv//Q/JCWM4vt33oA1xDzkNQ62t9dsYtXqjczOyuBby6/xdTkigyZv94F+tY8JN2MwGLxfwBlf0/M1eP9helK7Ht/72nbi67P5ua/tp9Pf9tZQU7/ai4iIiIiIiIj/yj36JmuKf8Vd2f9NrDXF1+WIn6tyHuLZ3G+wKPWHZI+5fsivl3v0TV7Pv3/IryPnn5sznxyWPjwYnM1uX5cQUPx+BvBghb8AD9x9M/bEOMA/ZgJnpNrJmTXZ+zUhOYHKmnrefHcDD//yBfILD/qsNhEREREREREREZFAkT3mei62f5O/7vgWVc5Dvi5H/FiV8xB/3fEtLrZ/c9iCs+wx13NN+sPDci05f1yT/vCICX9l8Pn19KbBDH+ha9bv3TfzxDOv4yir8IbAvpgJDHD5vBlkT0vvta21tY3V67by7trNPPfKu3z39utIHaeFuUVEREREREREREQG4pLkOwB4Nvcb3DLlt6REZfu4IvE3h+pyeXX3vVxs/6a3vwyX7uv9c98vhvW6EpiuSX942Puw+Be/nQE82OFvt+4Q2J9mAvdkNgdzzZU5XH3FRTQ1t/DGP9fjbGn1dVkiIiIiIiIiIiIiI94lyXewKPWH/GHrTWwufdXX5Ygf2Vz6Kn/YehOLUn/os+DskuQ7uDnzSa0JLOfMgIGbM59U+Cv+OQP4xPA3NiZyUMLfbt0h8KNPvkRVTb3PZwKfyGCAS+ZM5bNtX+AoLedwWTnpE8YCnTOEt+QV8tGneZQercTtbsdsDmbW9InctORSwsOs3vO429v58JPtfLhhO9W1DRgMMDouhi8vvIgLZ0wiKKj3XyINTU7efG8DW3fspbW1jeiocG64+hIuyp7MqZbOrK6pZ+X7n7Kr4ADt7R2MiY/h5qWXMXniuF7tOzo8fL69gHfXfsaxiho8HrBFR3DZvBlcNnc6ZnOwt21/7u/PL/+TLXmF3PWNq6mta+SD9dtwuVq5966vkDoukaqaela+9ynbdu2jrc1NXGw0Ny2ZP0h/SiIiIiIiIiIiIjISZY+5ntFh6bxV+GOKajZyVeoDWhf4PFblPMT7xU9Q21LK9y5cSVLEFJ/W07N/ltTl+bQWGVmSo7K4LuNRn/dh8Q/Gn/70pz/1dRE9nRj+AtiT4lgwd/qgXic42MT23UVU1dQD0OZuZ0teIVMyxhEVGTao1+rJ7W5nc+4eqmsbmJ2VQcLo2FPXZzJRUFRC6dFK7EnxTEhJAODtDz7j76s+Bg9MSrOTMnY0TmcLhUUODpdVkD01HaPRiMcDr775Ie+u3UxwsJFpF0wgPjaaI+XVbM7dQ1CQgYxUOy2uVjZ8vhun08XOL4qprqln8sQUrCEWjpZXs/OL/SSMtpHYVWdtXSOfbdtDR0cHn237gqZmF5MnphASYuZwWQWbc/cQbDKSNj6p837b23n5jQ9YtXojbnc7UzLGMzYxjvKqWrbvKuJAyRGmZ6YRHGzq1/0BbNu5l7KjVZQcLmfrjkKCggxYQyxMzkjBYAji1396g8JiB7boCKZMGo852MiHG7ZTU9tAQ5OTpDGjmDl94pD9WYsMt6Pltf1qbzUbMRgM3i/gjK/p+Rq8n0Q8qV2P731tO/H12fzc1/bT6W/74GC/fUiGiIiIiIiIiAxQpCWeCxNvpqKpmJd3foe2DhdjwidiMQ7d74bFvzS0VvDhgaf52+7vM3301dyc+SsiLb6fIAbH+2eQIYj9NZt9XY74OQMGFk34gV/14XPhbuvwdQkBxe9mAJ8Y/g6n7pnAv/35d31y/Z6MxiDMXaFoz/dj/pypXDhjEgnxsd5Ztq2tbTz1/Fvs3X+Y/SVHmZRmp76hifyCg9hiIvk/d99MrC0S6JyNu3VHIWO7HoHdzdniImtKKrcuW4SpK0B+e81G3l6ziS3bC8meOrHXrN7K6jquvmIO1y6+2DuT+PPtBbz42vt8uCGP7GkTiR8VzZ69JWzO3UNcbBT3fetG4mKjvPf09AtvUVDkYNPWfBZekt2v++upxdXK9+64nqkXTMBgAI8HXv77Gsora8mZNdl7TwDFB8v4/QtvDcKfkIiIiIiIiIiIiIx0C8d/j5kJX+Hjkmf5xScXMTPxRrJGLyHdNs/XpckQ2Ve9gbxjb7Ot7A1y7Lfyo4s/ITok0ddlnVLP/rnJ8RIePL4uSfyIAQM59lu5NPkuv+3D4jt+FwD3XPMXwFFWMeTX7HktX4XPZ8sWE3nSNrM5mIhwK21tbpqbWwAICjJgMhlpbHLS2Oz0BsBBQQYunDHppHNEhFtZvGC2Nyg1GGBiqp3g4C3UNTTR4mrFGmL2to+NiWR+zvRej5GeMSWNTyeM5Yu9h9i7/zDxo6L5fPse3O52Ls2Z7g1/ofMx3IsWzKL4UBm5O/cx78KpWCzBZ31/PV0+bwbTJk/w/lzf0MSefSWEh1m5cv5M7z0BTEhJZMaUND7ZvOv0b7KIiIiIiIiIiIicN6JDElk68SdcMf775B75B2v2/4pXd99Hqi2H5MgsxoRnYLPaCTePwmwM1fqsI4AHD63tzTS2VlLtdHC0sZCS+jyKqzcRG5rMtPir+b/ztxIWHOPrUvt0Yv/cWf6OHg19nkuOymJa/NVkJ9wwIvqw+IbfBcAP3L0MR2k5c2dP4ekXh2emptVq4Z7brmPjlt1+sQYwQHt7B61tboBeax+3uFr56NM8Nm/bQ01dw2kD64jwUC7Nmcb/vPMJv/jNK12PQR7HjKnpZKTZe4WiAMHBwYSFhvTaZjGbTmrXLSY6AmtI7zWZg4NNjLJ1hrw1tQ24XG1U1zQAeLf3FBkRijk4mMqaepwtLiyW4LO+v56Sxozq9XN1bT1NzS1YrRYiwkN77TMYOmsXERERERERERER6SksOIZLku/gkuQ7qG0pY3/tZhz1Oymo/IjqFgdNrdW0tjdrFuYIYMCA2RhKmNmGLcROfHg6F4y6nKvT/n3EzpQ8Xf8sb9yn/hmATtWH7ZHTmBA9Z8T2YRlefhcAZ6TayUi1990QqKqu59FfvdRnSPjA3cv6PGeo1cIV82eedZ1DrbHJydHyaizmYJK7QunW1jb++Ne3yS88iMlkJGnMKBLHdK7Nu3f/Yaqq63ud44r5M5kxJZ3N2/eQX3CQTdv28PGmndiiI/jON5cyzj56SO+hw+Ohw3P2f9n09/5OJygo6P+zd+9hUd53/v9fN8NpUFBAUMERFTxrokZqIUeTNKZNPbRNNOlu27Xd7Dc17a+7bXrtdzd7dbv9bnbbXbfdHmIP6dbdtL0SbTeN2rTRHEyMgRg8YANRDHgaQQUZYIAZZoaZ+f0xMoIcB2eYAZ6P6+LiPnzuz/2+gT+47td8Pp+Q1/oEAAAAAAAAgC6Tk3O0YtontGLaJ6JdCtALf58ABhNzAXAorjS1DGmEaFW1dcihcizw+6W3Dr2n+ivNmp9vUd6MQFDbbG/ThYsNSktN0de3bNK07Ixg+58+u6fPgDQzI00fu2eVPnbPKvl8fpWUVehX//uq/vjaIf3VZz4+7Bqbmlvl7HD1mBba7fao/kqzJGlaVrrMyYmakpGm6jO1umJr6dWHvdUht8cjS06WzMlJw3q+vkxOm6gUc5LaHR1qamnV5EkTg+f8/kDtAAAAAAAAAAAAwFgUF+0CwqW4cLHW3lcU/CouXBztkobF7fbo96+U6qVX39GElGRt+OitSkxMkCQlJSYqIb53Zn/6XJ2qaqw9jjmcLr1z5IQ6XO7gsbg4Q9OnZioxIV5t7U51dnqHXWdjk10HSo/L57s2wre8skbVZ2uVPilVeZZpkqQPLV+o+HiT3iw9robGayGww+nSvjcOy+fza8VNc5WUlBDS8w0kLXWCFi+YJWeHS68cOCq329Ojr2MV1cN5ZAAAAAAAAAAAACDmjeoRwN0VFy7uMcq3qsaqkrLKAa+x5GTrVM0FWXKis+7v6wePqbzyWhjZaLPr7IXLcrs9Sp2Yoi98+qPKn3VtLveuYPPNkuP69g+f06J5eXJ2uHTm/CWZTD2z/LPWS/qfnXv1PzsVnEq5o8Otk9Xn1eHyBENXZ8fgI6j7Mjltog6+W6Gy8lOaPXOaGpvsOn2uTnFxcXpw7R3KnjJZkrRw3kytWrFQJWWV+n/ffVYLCmYqPt6kqhqr7K0OLZw7U0UrF4f8fAMxDGnNXYU6ceqcyo6dVFX1ec3Pt8jZ4VLN2TqlT0pVW7tzWM8NAAAAAAAAAAAAxLIxEwAPx8MbVuvhDaujdv/rR7XGx5uUnTlZq25ZqNW3LpM5OanHecOQNq69U+lpE/XqW0dVVl6lrMxJ+otNa3To2EkdLq8Ktl04N09fe+wh/f6Vd/TBmVqdu3BZcXGGpmal6+MfKVLhsgU3VPuUzEl65BN363d/eEtH/nRKPp9PM3On6pMP3K4FBTOvPZPJpM8+dJ8WFMzUH157R8ffr5HfL2VMTtWDa+/U6uKbgyOcQ3m+wWRlTtLXH9+kF37/lo6890Gwrz9/8CO63NCk3XtLbuj5AQAAAAAAAAAAgFhk+P1+/+DNouPft+3QqZoLmpc/Q1/fsqnX+aoaq7Zu2ylJemLLxl4jgLvOrb2vSOvWFI9M0QAQJeUVZ0Jqnz4xUYZhBL8kDbit7tuSDPXTrtv3wY5dvz2U/cGO9yfU9uaUcf0ZKQAAAAAAAAAYMU5HZ7RLGFPGzBrAAAAAAAAAAAAAADDejfsAuNFmj3YJAAAAAAAAAAAAABAW43p+y+df3K/X3jqq4sLF2vzw/dEuBwAAAAAAAAAAAABuyKgYAdzYFJlRuqdOX5AkXbG1RKR/AAAAAAAAAAAAABhJoyMAttlVVWMNa59VNVZZa+slSSnm5LD2DQAY/fz+aFcAAAAAAAAAAGMf72LDL6angL61cIlO1QRG6W7bvkub1q/WlIxJwfMX6hqG1E9jkz3YjyRZ6+q1e29JcH/5koIwVQwAGCv8fr8Mw4h2GQAAAAAAAAAwpvlJgMMupgPg4sLFerusQqdqLsjhdGn78y8Pq5+SskqVlFX2eW5e/gwVFy6+kTIBAGMQ/3MAAAAAAAAAQOTxLjb8Yn4K6Mc3b9A9t68I+bqU5KRB29xz+wo9vnnDcMoCAIxxfh//dQAAAAAAAABApPEuNvwM/ygZV91os+t8XX1w3d7upmRM6nMUb1WNVVXVvdcOtuRma2ZOtjIz0iJSKwBEQ3nFmZDap09MlGEYwS9JA26r+7YkQ/206/Z9sGPXbw9lf7Dj/Qm1vclkKDHJFNI1AAAAAAAAAIDQuF1eeb2jIq4cNUZNAAwAGBgB8MBCby8lm2N6pQQAAAAAAAAAGPU6nJ1MAx1mMT8FNAAA0eD3Sz6mHgEAAAAAAACAiPH5/IS/EUAADABAP5h2BAAAAAAAAAAih3ewkUEADABAP7ydvmiXAAAAAAAAAABjFu9gI4MAGACAfvj9fAINAAAAAAAAACLB62X650ghAAYAYACdfAINAAAAAAAAAMKOd6+RQwAMAMAAfF4/o4ABAAAAAAAAIIy8Xr98vHeNGAJgAAAG0enhk2gAAAAAAAAAEC68c40sAmAAAAbh8/mZjgQAAAAAAAAAwqCz0yefj9G/kUQADADAEHjcPvn9/FMCAAAAAAAAAMPl9/vlcTPYJtIIgAEAGCL+MQEAAAAAAACA4eMd68ggAAYAYIi8Xr88rE0BAAAAAAAAACHzeHzyepllcSQQAAMAEIJOj4/1gAEAAAAAAAAgBJ2dPnUyuGbEEAADABAij5sQGAAAAAAAAACGorPTx9TPI4wAGACAYSAEBgAAAAAAAICBEf5GBwEwAADD5HH7WBMYAAAAAAAAAPrg8RD+Rkt8tAsAAGA06/T45Pf5lZAYJ8Mwol0OAAAAAAAAAESV3++Xx+2T1+uPdinjFgEwAAA3yOv1y+v0KiExTvHxTK4BAAAAAAAAYHxiyufYQAAMAECYeNw+eTv9ik+Ik8nEaGAAAAAAAAAA44PX61enxyefj1G/sYAAGACAMPL5/HK7vIozGYqPJwgGAAAAAAAAMHZ5vX51dvrkY7rnmEIADABABPi8frm9XhmGZLoaBMfFEQYDAAAAAAAAGN18Pn9gWbxOn/zkvjGJABgAgAjy+6VOj0+dHskwpLi4QBBsxBkyDMkwAt8BAAAAAAAAIJb4/ZLf7w989/nlu/pF6Bv7CIABABghfn9gShQv06EAAAAAAAAAACIkLtoFAAAAAAAAAAAAAADCY1SMAHY4Xdqxa7/KK6rlcLrC2ndx4WJtWr9aKeaksPYLAAAAAAAAAAAAACMt5gPgRptd3/rus2EPfruUlFXKWtegb3z1MxHpHwAAAAAAAAAAAABGSswHwE//965g+GtOTpIlN0uSZMnJHvao3aoaqyTJWtsgZ4dL1tp6lZRVqrhwcXiKBgAAAAAAAAAAAIAoiOkA2FpbL2ttvSTJkpOlJ7ZsCutUzccqqrVt+y5J0hVbS9j6BQAAAAAAAAAAAIBoiIt2AQM5VlEd3F67pjjs6/Sy7i8AAAAAAAAAAACAsSSmA+DuCGsBAAAAAAAAAAAAYGAxGwAfq6jWqZoLwf2SssrgdNAAAAAAAAAAAAAAgN5icg3gRps9uDZvl5KySlnrGvSNr36m3+tKyipVXlEth9MlS2627r19hTIz0iJdLgAAAAAAAAAAAADEhJgMgM3mJJmTk+TscPU8npzYZ3uH06WtP97ZY4RwVY1VJWUVeuKLG2XJzY5ovQAAAAAAAAAAAAAQC2IyAE4xJ+nb//Coduzar5KySknSpvV36d47bumz/e69JX1OD90VDP/rk4/GzBrCzg63fvDzF1R9prbXufh4k7IzJ2vVLQu1+tZlMif3rNnj6dS+Nw7r8pUmrVg6V8uWFIxU2QAAAAAAAAAAAABGgZgMgKVACJyZfm365oFG8b721lFJkjk5SV/fEhjxu/35l1VSVimH06XyimoVFy6OeM2hmp9vUUZ6anC/0WbX2QuX9bs/HNSrB47qC5/+qBbPnxU83+n1qaLqrKrP1Corc3LUAuA9+0q1e2+JCpfN11995uNRqQEAAAAAAAAAAABAbzEbAA/H8qUFwaC4uHBxcPTwFVtLNMvq1923LdeKm+b2OOZ2e7T3jcP6w2uH9PNf/0Ff+vwG5c/KkRSYAvtvv/RwNEoFAAAAAAAAAAAAMArERbuA/uzY9YZKDlf22D9WUT3gNVU1VjmcgXWDu8JfSZqSMSkyRUZAYmKCPv6RIj1w74fV7ujQb39/QM4Od7TLAgAAAAAAAAAAADAKxOQIYGttvV49cKTXsR0v7tfyPqY97hrt22iz6yv/8KMe58zJSaNurVzDkG5ftVTvHHlf1tp6Xair19w5MyRJP/vl71VWXqUvfm5dcPRw17FH//wBNbe06ZUDR+RyufWVRz+l/Fk5cna4tOvlEh06ekJt7U4lJibolqVz9cmP367JaRN73Pv6tvHxJllysvWJj90mh6NDP3l2T7BtWXmVysqrJKlHPY1Ndu3649s6/n6NHE6XEhMTNHd2rh5ce4dmTM8KXn/m/EV976f/q9zpU7Rx3Z168Y9v69TpC7p5Ub7uLL5ZT//iRU2eNFFf37JJk9Im9Kjzg9MX9P1nXtD0qRn6m//zUMys8QwAAAAAAAAAAABEU0yOALbkZmte/oxex/tax9fhdMl5ddRvXwxDstbVh7W+kTBxglnTsjPkcnt0vnZo9f/uDwf1mz1vyu32yJycJGeHSw6nSz/6rxf1+sFjSjEna9WKhZqZm61Dx05o67adsjXZg9c3NLbon7/3K7321lHFx5tUuGy+li6YrUv1jfrxf+9Sh8utopWLgtNsZ2akqWjlIhWtXKSMq+s1nz53UU/956/1ztETSp+cqqKVizQzN1snPjinf/3Bcyo7drJX3ZcbbPreT3+rk9XnNTHFLJ/frxnTpmj2zOmqv9KsyqqzPdr7/VLp4ffl9nRq9a3LCX8BAAAAAAAAAACAq2JyBLAkfX3LJu3eW6I9+0olSU9s2aj5+ZZe7bb+eKes1wWkmelparwabDqcLm3dtrPf62OVyRSnxITAr8cxQMDdXYfLrS9/4RNaunCODCMQlP76hVd16vQFPXDvKq1bc6vi4gxJ0rvHTmr78y9rf8lxfeqB29Xp9Wrn7jdUf6VZRSsX6bMb71O8ySQpsC5x9dk6zcufoVs/tER79pXKWluvOTOn6/OPfDR4f7fbo917S9TW7tS6NcV64N4PywjcLni/Pa+Ual6BRZNSr43obW1z6pab5ulzm+6TOflamFu0cpGqaqw6XlmjVSsWymQKfF6hobFZFSfPKnvKZC2eP2v4P2QAAAAAAAAAAABgjInZAHgodu8tCYa/5uQkPf759cGQt9Fm1/O79qv86rrB259/Wd9+8tGo1ToS7r5tuW5aNCe439buUFW1VZPSJqi4cHEw/JWkpQtna2Zutk6frZPL5dEVW4tqztZqUtoEffwjHw6Gv1JgXeJF8/IGvf/FepvOnL+k7CmTdfuqpcHwV5KWLc5XwaxcVdVYdebcxR7Tcmemp2nj+rt6hL+StHj+LGVPmaxTpy+o7tKV4Mjj906cVlNLq+6/+0O9poYGAAAAAAAAAAAAxrNRHQC/9tbR4PbXt2wMBoRSYHrixzev19Pbd6m8olqNNrtKyir7nEY6Fnm9Prk9nZI05CmOc6dN6bFva26VvdUhh7NDT/7rL/q8ZkrGJHW43GpobFZbe4fyZ+UodeLwQtWm5lY5O1zKmZapxMSEHucSExOUOtEsv98va11DjwA4fXJqr/BXkialTdDypXP18uvv6t3yKllys+V2e1ReUaOJE8z60LL5w6oTAAAAAAAAAAAAGKtiNgDeum2nqmqsPfbX3lekdWuKJUlVNdbg1MiZGWkqr6xReWVNr366h6dVNdZREwC3tTt1qd6mpMQEzewWbIfC5/PJ7/crKTFBSxbMVmJi71/3hBSzEhJM8vn88vv9N1RzOPq43oeWzdfBQ++pvKJa9915iy7V23Tm/EUtnj9LOdcF3gAAAAAAAAAAAMB4F5MBsLW2vkf42+XVA0eDAXB3jTa7du8tGbTfK7aWsNQXaX6/9Nah91R/pVnz8y3KmzF1WP1kTE7ThJRkudxurb2vSLnT+w9MMzPSlGJOVkNjs1rb2mVOTuy3bddavP310drmkNvt6dGH2+1Ra5tThmHIkpM15GfImTZF8+bM0PH3a3T63EUdr6xRp9er4sLF/dYBAAAAAAAAAAAAjFcxmaBZcrN1z+0rlJmedu1YTpYe3rA6uD8lfVKf0wYPZHm3aYcDfQ5vZG0kud0e/f6VUr306juakJKsDR+9tdd0ykOVljpBixfMUmubU3vfKFOn19vjfN2lRtVfaZIkTc/O0OyZ09Rib9fvX3mnR1u326OT1VZ5vT5JUs7UTBmGoctXmtXW7gy26+qj/kqz3jr0nroPBi6vrFH12VpNy07X7LzpQ34GkykuOGr7d384qOPv18iSk6W5c2aE/PMAAAAAAAAAAAAAxrqYHAEsSQ9vWK0Uc5L27CuVJG3asFrz8y3B85kZafrBU1/qcY21tl6ODldw35KTPeD6uUNdWzdSXj94TOWV1cH9RptdZy9cltvtUerEFH3h0x9V/qycYfdvGNLH7v6Qzpy7qNLD76uy6qzm51sUFxenM+cvqaGxWUUrF+lzG9coMTFB69YU63xtvUoPv68TH5zX3Nm56uz06mT1eRlGnL762IPKmzFVs/Oma1p2us5fuKx/+f6vNScvRytvnqdlSwqCfezeW6LDx6s0MzdbDY0tOn2uTvHx8Vr7kSJNSg1tjeG5c2bIkpOls9bLkqQ1dxVG/XcHAAAAAAAAAAAAxKKYDYCHwzKMtXLvuX2FGpvsurVwSQQqGtj101zHx5uUnTlZq25ZqNW3Lgt5hHNfMtLT9MSWjXrtrWM6eOg9HT5+KnB8cqrWrSnWPbcvV1ycIUmakzddT/71n2nXH9/W8fdrVFZepfh4kyw52frEx27TzNzAVNSTUifoK49+Sjte3K/3Tp7RoaMnNDUrXcuWFPTqo/biFSUmJmjh3Dw9uPYOzZg+9Omfu6SYk1S4bIHOWi8rfVKqll03khsAAAAAAAAAAABAgOH3d5+oN3Y4nC7t2LVfJWWVkgIjgu+5fUWfbbdu29nnmsHdPbFlY48RxBhd9r1xWL/Z86ZuX7VUn3noPhlGtCsCYk95xZmQ2qdPTJRhGMEvSQNuq/u2JEP9tOv2fbBj128PZX+w4/0JtT0AAAAAAAAAAKNRTK4B7HC69HdPPRMMfyXp+Rf3a+u2nX22Hyz8laSq6sHbIDY5nC6VlZ9UUmKCilYx1g3SAAAgAElEQVQuIvwFAAAAAAAAAAAA+hGTU0A32lrkcLp6Hb9ia+mz/T23r5C1rn7APqMxxTPC44PTF2Sta9DNi/I1J2/4ayIDQLQZhhQXZyguzpARZygwsNrggy0AAAAAAAAAYo7fL/n9/sB3n1++q1+xObcwuovJANiSm60tm9fr1QNHdKrmgiSpuHCx7u1nCuiHN6we9r2OVVTL1mRX0crFSjHf+Jq7CC+326P9b5dLCvwNmEwxOWgdAPplGJIpPk4mkxFccx0AAAAAAAAAYl3XABZJkunau02fzy+v1y9vp48wOEbFZAAsScuXFMhaW98jALbkZof1Ho02u7Zt3yUp8AmGe++4Jaz948YlJibor//qU9EuAwBCFmcyFH81+AUAAAAAAACAsaJrlsOEhDh5vX51dvrk85IEx5KYDYCv19eU0DfqStO1KaUj0T8AYPyJizMUn0DwCwAAAAAAAGDsM5kMmUymQBDs8cnnIwiOBTE9n273Eb979pWGPaQl9AUAhFNCYpySkk2EvwAAAAAAAADGFZPJUFKySQmJMR09jhsxPQJ4+ZICWXKyZK1rkLW2Xn/31DOy5GRrfoHlhvu+YmtReUV1cH9KxqQb7hMAMD6ZTIYSEuOurYcBAAAAAAAAAONQ17J4HrdPXqaFjhrD74/t5ZmttfX692075eyI3GhdS06WvvG1z0asfwAYCeUVZ0Jqnz4xUYZhBL8kDbit7tuSDPXTrtv3wY5dvz2U/cGO9ydS4Wx8QpwSEvhUGwAAAAAAAAB05/H41OnxRbuMcSnmA2ApMFXzjl37dey96rAHwcWFi7Vp/WqlmJPC2i8AjDQC4IFFIgBOSIxTfDzhLwAAAAAAAAD0pbPTJ4+bEHikjYoAGAAwOALggYU7ACb8BQAAAAAAAIDBEQKPPN5cAwAQIsJfAAAAAAAAABia+Pg4JSTyPnUk8dMGACAE8QmEvwAAAAAAAAAQivj4OMUn8F51pPCTBgBgiEwmQwn8kwIAAAAAAAAAIUtIiJPJFN6l+tA33mIDADBETFMCAAAAAAAAAMPHO9aRwU8ZAIAhSEiMk2Hw6TQAAAAAAAAAGC7DMAiBRwA/YQAABhEXZ7DuLwAAAAAAAACEQXx8nOLiGGwTSbzNBgBgEPGs+wsAAAAAAAAAYcM718jipwsAwADiTIZMJj6NBgAAAAAAAADhYjIZiuO9a8QQAAMAMACmfgYAAAAAAACA8OPda+TwkwUAoB+GIUb/AgAAAAAAAEAEmEyGDF6/RgQBMAAA/TDxCTQAAAAAAAAAiBjewUYGP1UAAPrB6F8AAAAAAAAAiBzewUYGATAAAH0wDCkujn8+AAAAAAAAACBS4uKYBjoSCIABAOgD4S8AAAAAAAAARB7vYsOPABgAgD7wTwcAAAAAAAAARB7vYsOPABgAgD4Y/NMBAAAAAAAAABHHu9jwIwAGgDHCCGGhhFDajlf8iAAAAAAAAAAg8ngXG34EwAAwRiQlJkSk7XhFSA4AAAAAAAAAkce72PAjAAaAMSJ1QkpE2o5X/M8BAAAAAAAAAJHHu9jwIwAGgDEiY3KqkpMSB22XnJSojMmpI1ARAAAAAAAAAAAYaQTAADCG5GRnDhgCJyclKic7cwQrAgAAAAAAAAAAIyk+2gUAAMInISFeeblTZWtuVWu7Qy63R1Jgzd/UCSmM/AUAAAAAAAAAYIwjAAaAMShjciphLwAAAAAAAAAA49CYCICraqzasesNWWvrg8cyM9K0+eH7NT/fEsXKAAAAAAAAAAAAAGDkjPo1gI9VVGvrtp09wl9JarTZtXXbTh2rqI5SZQAAAAAAAAAAAAAwskZ9ALxj1/7gtiUnS2vvK5IlJ6vP8wAAAAAAAAAAAAAwlo2KKaAdTpdee+uoqqqtkiRLbrbW3lekFHOSGm32wLGcLH3ja5+VJK1bU6xv/cezstY1BM87nC7t2VcaHCk8v8Cie25foRRzUhSeCAAAAAAAAAAAAADCL+YDYIfTpa0/7jnFc1WNVVU1Vm1af1fw2LIlBT2uW7akQNa6BklSeUW1dncLf7v6OFZRrSe+uJEQGAAAAAAAAAAAAMCYENNTQPcV/nax1tZr67adwf3rQ9zu+09v39V/Hz/eKYfTFcaqAQAAAAAAAAAAACA6YnoE8KsHjgSDW0tOlh7fvEFmc5K2btsRHN3bda64cEmPa4sLl6ikrLJXuye2bJKkYB/W2nq9euCI1q0pHoEnAgAguto9NtXYSnXeXq5LbVWyOa1qc1+R2+uQX/5ol4cwMmQo0ZSiiYlTlGG2aNrE+ZqZtkz5GUWakJAR7fIAAAAAAAAARIjh9/tj9m3vv2/boVM1FyRJ337yUWVmpEkKjAwuKauQw+lSijlJxYVL+pzGeaB2DqdLX/mHH0mS5uXP0NevBsMAMFo5HZ0hta+vvyzDMIJfkgbcVvdtBcKlPtt1+z7Yseu3h7I/2PH+hNrenBLTn5EK2eG636j88h59YDsY7VIQA+Zm3KZlU9dqZc5D0S4FAAAAAAAACPn9NgY2at5um7sFvCnmJN17xy09zjucLl24OtrXnJwoS252n+0AABhP3jj3Ex08v12t7obBG2Pc+MB2UB/YDurlmq26beZm3ZX3WLRLAgAAAAAAABAmMR0AW3KygyOAt/54p5744sY+R/o+/+J+vfbW0V7Hly8p0D13rND8fEuP411rC3e/z0hxdrj1g5+/oNqLV/Q3/+dTmj1z+oDtW+zt+vdtO+Tp9OrvvvyIJk+aGNL9GhqbtXd/mSRpzepCZWVOHnbtAIDR40+XX9LLNVvV6DwX7VIQw1rdDfpj9b/p3doduj//Cd009YFolwQAAAAAAADgBsVFu4CBrFtTLEtOliTJWluvkrKKPtuVlFX2efxYRbW2btup7c+/LIfT1a19RY+1haOx/q+zw6WXXy+T1+sbsN2Bd/6kyw1Nw75PW7tT7x6r0rvHqtTW7hx2Pz/75e/16Nf+Q3v2lQ67DwDAyHjh5JP6dcWXCX8xZI3Oc/p1xZf1wskno10KAAAAAAAAgBsU0wFwijlJa7uFs91D3O4e3rC6x35melowOJYCAfGOXfv77GfThtV9jioeCZVVZ/XBmQv9nr9Ub9OB0j/d0D1mz5yuHzz1Jf3gqS8NOtoYADC6NXXUatvhB3Wo9rlol4JR6lDtc9p2+EE1ddRGuxQAAAAAAAAAwxSTU0Afq6jWjl371Wiz9zjeX1BbXLhYkrT9+ZclSY1Ndq1bc7+kwPTQzg6XSsoqZcnJ0r133NKjn63bAlNBZ2akadP61Vq+pCDsz9Mfl9ujl18v05yZ05WYmNDjnN8vHTz0nprtbSNWDwBg9Lrc/oH+5/hfMeoXN+xcy1E9c/TP9bmbf6apE+ZGuxwAAAAAAAAAITL8fr8/2kV0V1VjDYay3VlysvTElk1KMScF1/wtLlyszQ/fH2xTUlYZDIEl6Rtf/Ywk6Vvf/aWkQMj77ScfDawBvG2HrHUNve6zZfP6iIbAXWsANzQ2a1pWhqrP1uoLj3xUhcsX9GhnrWvQ9376W2VPmSy3p1Ptjo4eawC73R6VlVdp/9vlqr10RZ2dXiUmJmjlzfP00No7NXGCWZLU3NKmf/1hYCRY1/Xdj33p8xv06oEjOnz8lNxujyZPmqhPPnC7PrxikQxD2rOvVLv3lvR6DnNyUnANY79fOll9Xi+89JbO116W3y9lZU7W+vuLVbhsgQwjcM2Z8xf1vZ/+r3KnT9Ejn7hbv/vDWzpZbZXX69O07HQ9suFuLZyXF7yHz+fX8cpqvX6wXKfPX5Tb7VF8vEkLCiz69Cfv6bGecVedXdOG/2bPATU0NstkitPSBbP16U/do8lpPddPdna4tOvlEh06ekJt7U7Fx5tkycnWJz52mxYUzJRhaMjPBsQCp6MzpPb19ZdlGEbwS9KA2+q+LclQP+26fR/s2PXbQ9kf7Hh/Qm1vTonJz0j1qamjVs8c/XPCX4RVpjlPj674ldKTc6NdCgAAAAAAAMa4UN9vY2Cmb37zm9+MdhHdbf3xTjmvTtFsycnSnUU3a/mSAm3acHdw5O73n3lBUiAkbWyyBwNbS262GpvswWC3cPkCzcnLCR5zOl1avqRAUzImqXD5Ak1KTdGcvOlyOl2ytzokSafPX9S9d9wSsefr7PTq0NETcrk9+uTHbldl1Vk1NLbolpvmKSHeJEnyen3635cOqPbiFT207i6ds16Ws8Ot21ctVXJyoiRpzyvv6De735T80oICi/JmTJXT2aGqaqsu1DVoxdK5MplM6nC5dfDdwNrJXdd3HXM6XfrT+zWyNdm1aF6ezMlJulRv05/eP63pUzOUMzVTTqdL8fEmOTtccjpdsuRma/H8PM3MzdaieXmakJKssvKT+umze9Tm6NCCgpnKm5Gtyw02vXPkhOLj4zR3zgxJgTD6nSMn5HZ7dOjoCfl8fi2alyef36+Ll21678QZLSiwBEPud4+d1M9+9ZIczg4VzM5V/qwceb0+nT53Ue+fOqsVN81TclLg53Gq5oKqaqxqbXOo9HBgtHfejKmyt7br3IXLOn+hXsuXzg3+jBsaW/RvTz+vipNnlJKSrKULZysrY5LOWi/pcHmV5udblDE5dcjPBsSCTs/Aa4pfr729nQB4AAkJMb1KQg/byz+vi20no10GxhhnZ4us9uMqzNkY7VIAAAAAAAAwxoX6fhsDi7nhTV3TPltysvSNr32213lrbX2P/ZKySkkKjgS+YmsJnrPkZEsKrAncxdERCJdTzEnBoHfdmmJ96z+eDQTK1007HUm506eoeOUi7XvziI4cr9Jtq5ZKks7XXtbxytNavrRA8+bM0L43Dve69o5VS/Wh5Qs0PTszOArV7fboh//1ok6dvqDT5y9pQYFlwPs7O1xatiRfn914n+JNJvn90p59Jdqzr1Rlx6q0Yuk8LVtSoGVLCvSzX/5ejbZA2L72vqJgH9a6Bj3/4n5NTpuorzz6SU3LzpAUWGf56V+8qDfePq6VN89X9pRro3VbWtu1bk2xHrj3wzIMqdPr1fbnXta7x07qeGWNZlmmSZKWLpyjv/v/Pq28GVMVFxd4SL9f+uVv9umtQ+/pvRNndNuHlvR4JnubQ1959FPKn5UjSWpobNZ3f/Jbna+9rLpLV5Q/K0edXq927n5D9VeaVbRyUfD5u36G1WfrlGeZOqxnA4CR9sLJJ3Wu5Wi0y8AYda7lqF44+aQ+ueCpaJcCAAAAAAAAYIhidnjTsn6mYe4KcLsrKavU1m07tXXbTp2quSApECB3jRhubLoW6qYk972OcH/3i6Q4w9DqW5drSsYk7XvzsFpa29Xp9eoPr72r+HiT7rurUJ2dXjW39F4HOCM9TTlTr4W/kpSYmKDUiWZ5PJ1yODoGvX/qRLPW3FUYDD8NQ5qXb1FCQrxaWtvV4XIP2sepq6Nuly8tCAakUiBgv6v4ZjXb21R36UqPa6ZmpevOopuCtcebTMGpny83NPXoY/bMacHwt6vG9MmpkqSm5tZe9axYOjcY/kpSxuQ05U6fImeHWy329sA96ptUc7ZWk9Im6OMf+XDw+aXAz3DRvDzFm0zDejYAGEl/uvySDtU+F+0yMMYdqn1Of7r8UrTLAAAAAAAAADBEMTcCuEt5ZY3WrSnudbxrVG9gO0tXbHY5O1yqqrH2aDcvPzD6tdFmD44SzkxPkyU3W30pr6wJV+khycxI0z23L9eOXW/o0JETmj41UxUnz+ie25ZrxvQstdjb5OtjmeYOl1v73y7XoSMn1NTSKoezdzA+mISEBE1ISe5xLCkxvkcgOpiz1kuSpFfePKJX3jzSZ5u6y409AvaJE8yKj+/5p9dXMN/p9erdoye1/+1jumKzq63dOWg9XdNHdzGZ4pSY0PNeDY3NamvvUP6sHKVOnNBvX8N5NgAYSS/XbI12CRgnXq7ZqpumPhDtMgAAAAAAAAAMQcwFwJnpaYE1e2vrtXXbTs0vsCjFnKSilYuVYk5SijlJ5uQkOTtccnS49PUtG/Xv23bKeXVk8Lz8GbLkZAfD42MVHwT7dna45HC6giODpcB0vtu27wpOLd19uuiRsmrFQpUcfl+vvHlEycmJSp+UqtW3Lld/y1W63R795H/2qLLqrOLjTcqdNkU50zIlSadOXxjRaay93sCc7JbcbM2YPqXPNjlTM0Pu1++Xnn9xv94sOa64OENTs9K1eP4sxcUZunDxSq+pwEPh8/nl7yNUv16kng0AwuGNcz9Ro/NctMvAONHoPKc3zv1Ed+U9Fu1SAAAAAAAAAAwi5gLgTRtWa9v2XZKkqhprcGTv22WVeuKLG5ViTtLypQUqKatUo82uqhqr/vFrn9WVphbNz++95m1x4RKVlFXKWtcgh9Olv3vqGX3jq59VZkYg6H31wJEeo4c3bVg9Ak8peb1euT0eSYERsffftVL/9dwf1dLark3r7wrW15dme5suXGxQWmqKvr5lU3B6Yr9f+umzeyISAJtMfc8WPiMnS2XlVZptmabPPPSRsN3P4ezQmXMXlZAQr8c3r9fi+bOC53a9/PYNBcCZGWlKMSerobFZrW3tMicn9tkuUs8GAOFw8Pz2aJeAcebg+e0EwAAAAAAAAMAoEHNrAC9fUqAtm9f3Golrra1XSVmFJGndfdemht6zr7RX+Ntos+u1t44GR/s+sWWTLDlZkgIjfp/+72sjfi252TInJykzPU1bNq/X8hGaztft7lR7t3V6l980Vx9atkAFs3O1ctn8Aa9NSkxUQnzv7P70ubpeU2GHy/SrI13P19ar0+sNHl+6cI5SJ6bo6HsfqOZsXY9r3G6PTlZbgyNpQxFvMik5qXcw29DYonePnQy5v+6mZ2do9sxparG36/evvNPjebrXHKlnA4AbdbjuN2p1N0S7jFEpf8mb+s49p/Wd23+hwhvo58EPn9Z37jmtb674y6FdsGhf4L53/lp33MB9o6nV3aDDdb+JdhkAAAAAAAAABhFzI4ClQAjcFcQeq6gOjgjuWuc2sG7uimDIu3XbTllys7V8SYGstfWqqrHK4XT1GDX8xJZN2rpth6x1DYHppX+8U098cWPgXk99KWrP2iXeZNLnP/3RIbVNS52gxQtm6c2S4/r2D5/Tonl5cna4dOb8pX5H6t6opQvn6NUDR3W8skb//L1faWZutu6+bYXyZkzV/asL9bs/HtS/Pf285uTlKCtzklrbnDp1+oLiTSZ99bEHlTdjakj3S0pK0Iqb5uqDM7Xa9t+7tXDuTMUZhqpqrDKbe68XHIrExAStW1Os87X1Kj38vk58cF5zZ+eqs9Ork9XnZRhx+upjD2pmbmSeDQBuVPnlPdEuYZTaqDvSr35gLLFIhbOlsjPRrWi0Kb+8RytzHop2GQAAAAAAAAAGEHMjgLtzOF3as680uN997d6HN6xWceHi4L61tl6795boWEV1MCjuCnoHGgnc1XY0MQxp49o7teH+W2UYhsrKq3S5oUl/sWmN5vUxDXY4WHKy9NXHHtScvOm6eLlRpYffl63JLsOQPnLnSn3tsYe0cG5eMFQ9dfqC5s7O1Ze/sEEzc4cXkK6+dbn+YtMapZiTdLyyRjXn6rT+/ltVvHLx4BcPYk7edD3513+molsWye32qKy8Su+dPKNp2Zl67HNrNTN3akSfDQCGq91j0we2g9EuY3SavVEFiZL8kpSkvKx/UkaUSxptPrAdVLvHFu0yAAAAAAAAAAzA8Pv9/mgX0Z/nX9yv1946KikQQD6xZVOPEFgKjBDes7dE1rprU2FmpqcpxZwUPGbJzQ6OBA6MGN4RPJdiTtITX9woS272CD0VAESG09EZUvv6+ssyDCP4JWnAbXXflmSon3bdvg927PrtoewPdrw/obY3p8TkJBn60+WX9OuKL0e7jIi6Y9kh3aFn9M/lPw9jrxZt+NCbKkqVbJd3qiN7o3IMq8qP3annhpFnPvjh0yqcIDmb/kXfPDqEOhft03emF0idpXrpzT/TgdBvGTP+bMkPddPUB6JdBgAAAAAAAMaQUN9vY2Cx+Xb7KmtdfXC7r/BX6jlddKPNrsyMwNrB3YPe7lM+Xz8ddNdI4Mf/Yj0hMAAg5p23l0e7hIjLTs5SqgrC22nG1zQ/VZK/UlU1/1f2pPXKmWxR/syNkm1neO81xp23lxMAAwAAAAAAADEspqeA7o/D6dJrbx3Vnn2lwXWAJQXDX0m9pnweaDroRptdT//3LjXa7CP/MAAAhOBSW1W0SxiVCmcWBaZ7bivVi07p9bpStUpKnbxRd/d7lUXL5v5CX7vjhL5zz2l9557T+uatv9YDU/tfbiFj6t9r84fL9dTdgfbfufNN/dXcdWNqqmn+BgEAAAAAAIDYFtMB8Pxu69l2hbcOp0tbf7xTz7+4X7v3luj5F/cHz10v1BD4W999dlSuCQwAGD9sTmu0SxiFHlfh5CxJLp1r+JfAoYvPqMYpybRCS+f1HeguWPRfemjmXcpOSJL8LnV6XUpIKtIdi/5LeaY+LpjybW1e9JdaMCFN8YbU6XWpM86i/Jnf0ebU3rOYjFb8DQIAAAAAAACxLaYD4HvvuKVHePuVf/iRvvIPP5K1tr5HO2ttvUrKKvrsI5QQ2OF0afvzL0fwiQAAuDFt7ivRLiHMLMrPXqdl0659meMkxU3qcWxZdtGwR9FmzLs/ENi6S1V2putoqfY2V0uScqZ8Tfm9Lvq2HphWoHhJzqb/0PdfX6gn31ioJ0v/WuVOi7KTr7+gSA8WbFR2nCRPqfaWzQm033+nnrtkVcbE/kcNjzZj728QAAAAAAAAGFtiOgC+PqDtzpKTpSe2bAzuXz9yt2ua6EabfUghcGZ6YPro8orqCD4RAAA3xu11RLuE8Jr9PX1+6X/qkcXXvpaYJZnX9Dj2yNJf6OHZw7lBkdZMWSxJsjU9o7JuZ2xnSlXnl2Qu0h3Te16Vn1ukbEOS96gOHH1adV0nnLv13Km9sl1/m4zPKn+CJLl0zvpnej24qoRV5ZX/qArncGqPTWPubxAAAAAAAAAYY+KjXcBgugLaVw8cUVVNYMpBS0621q0pVor52nSK5ZU1WremOLi/bfsuVdVY9cqBI/r2k48G+9m6bYesdQ3BEPjxv1ivzIw0paQkq7GJNYABABhRZ/5Gv2hfrtRuH0lbOuc/tUR79dzpP1476GvQ+frelw9q+qPKN0vyV6qqprTnOec/6r2WjcqZnKWCnMeli08HTxUkZQc2HEf1+vV92l5XvXudMhK7HZucpTRJ8lfr3JnrLyjVifYGLTP3/kAbAAAAAAAAAIRbzAfAUiAE7h7udpeZnqbGJrustfX61nd/qeVLCnSsovraNNH+nv1cHwJ/67vPKjNjUrB910hgAABiUaIpRS5ve7TLCCOraup7rilbMOs/JbWo/NLuG+797pwipQZ6VeGqEyq8voER+DBZ/KT7tcH8tF68OlI3NT5w3NnZV+q8W62e/5S6B8DJaYF/qrx2tfZxRbmnRY9obATAiaaUaJcAAAAAAAAAYAAxPQX0UGzasDq4ba2t1+69JT3WCO5+Xuo9rbTD6RqwPQAAsWRi4pRolzB6mP9JSyddnS3ESFK8qY+vrv+EjMWan18UvLS1M7C0hDk+u4+O1yk14bpDHXZ1SpIp7Wrg3NOyhEk39iwxhL9BAAAAAAAAILaNihHAA1m+pEBbNq/Xjhf395jCOTM9TZs2rNbyJQW9rukKgXfs2q9j71XL2eGSJSdLmzas1vx8y0iWDwBASDLMFjU6z0W7jFEhP/8u5RiS3G/ot299vsf6v91lLNqnv51eoIz0R1WoUpVJKnNYdfekAillhe6Wek4DnXG3shOv6+RitWyzVyjbKFDebEk9poEu0sIJY2P0rxT4GwQAAAAAAAAQu0Z9ACwFQuC+gt6BpJiTtPnh+7X54QgVBQBABEybOF8f2A5Gu4yIqu9oUKuqb7CXjbojPRBU2pqe6Tf8lSTbmVLVTStQTmKRCmdLZWe6HTOt0B0r/151h/9FJyXJvE6PzFujjOs7cT6tmtaNyk5NUp7lt3qg9UG9dEWSLFq2+J+0xHyDjxNDpk2cH+0SAAAAAAAAAAxgTATAAACMFzPTlkW7hIg7UL5KB260k9kbVZAoyV+pqprSgds6/1HvtWxUzuQk5WX9vXTmXyTnP2rvpSJ9ZnqBzJP+Upvv/ow6fZLikhTvr1a9q0DZSd07serF0zuVv3SjshNW6I6bT6vY6wpMPR3nUn17g7LHyCjg8fA3CAAAAAAAAIxmo34NYAAAxpP8jKLBG417Fm3IWhH4lFtbqV50Dn7F63WlapWkiUXacHW07sn379Mvz72heo8ruIawx31Upe9/Qec6++jkyv/Vf7z3c51st6vTr8Aaw74Gnbvwt9pubwnb00Ubf4MAAAAAAABAbDP8fr8/2kUAAG6c09FXItW/+vrLMgwj+CVpwG1135ZkqJ923b4Pduz67aHsD3a8P6G2N6fE7iQZPz/22TE/DTRi09yM2/SXy5+NdhkAAAAAAAAYY0J9v42BMQIYAMapUANRxI5lU9dGuwSMU/ztAQAAAAAAALGPABgAELKu0b+IjpU5Dyk1cWysJ4vRIzUxSytzHop2GQAAAAAAAAAGQQAMAMAodNvMzdEuAeMMf3MAAAAAAADA6EAADADohemhY99deY8p05wX7TIwTmSa83RX3mPRLgMAAAAAAADAEBAAAwCGjaA4uu7PfyLaJWCc4G8NAAAAAAAAGD0IgAEAGKVumvqAVuU+Eu0yMMatyn1EN019INplAAAAAAAAABgiAmAAAEaxTy54SnmTVkS7DIxReZNW6JMLnop2GQAAAAAAAABCQAAMAMAo98iS77MeMMIu05ynR5Z8P9plAAAAAAAAAAgRATAAAKNcenKuPnfzzwiBETaZ5jx97uafKT05N9qlAAAAAAAAABXcfNYAAAc6SURBVAgRATAAAGPA1Alz9eiKXzEdNG5Y3qQVenTFrzR1wtxolwIAAAAAAABgGAiAAQAYI9KTc7Vl5W+1KveRaJeCUWpV7iPasvK3jPwFAAAAAAAARjHD7/f7o10EAGBk2WwtamttlyQZhiHDMHpsd98Pfu/eRn2c7+P7YMeu3x7K/mDH+xNqe3NKfEjtY82fLr+kl2u2qtF5LtqlYBTINOfp/vwndNPUB6JdCgAAAAAAAMYhp6Mz2iWMKQTAADAOXb50RS6XW1LfoW+4AuChhL4EwJH1xrmf6OD57Wp1N0S7FMSg1MQs3TZzs+7KeyzapQAAAAAAAGAcIwAOLwJgABhn/H6/ai9cls/nk0QA3J+xEgB3OVz3G5Vf3qMPbAejXQpiwNyM27Rs6lqtzHko2qUAAAAAAAAABMBhRgAMAOOMy+XWpYsNA4a+BMBjLwDu0u6xqcZWqvP2cl1qq5LNaVWb+4rcXof84l+CscSQoURTiiYmTlGG2aJpE+drZtoy5WcUaUJCRrTLAwAAAAAAAIIIgMOLABgAxpm2VocaG5tiMgDuK6QlAAYAAAAAAACAsY0AOLziol0AAGBkda39CwAAAAAAAAAAxh4CYAAYZ1zu0ALgUEfORqoPAAAAAAAAAAAwOAJgABhHOjpc8rg90S5jyAiOAQAAAAAAAAAIDQEwAIwjHU5XtEsg1AUAAAAAAAAAIIIIgAFgHOnouLEAmPAWAAAAAAAAAIDYRgAMAONER4crpACYsBcAAAAAAAAAgNGHABgAxgmno2PQNuEIfQmOAQAAAAAAAACIHgJgABgHOju9cjj7DoBvNLAl8AUAAAAAAAAAIHYQAAPAOOB0OOV2uYffASEvAAAAAAAAAACjAgEwAIxxfr9f7e3OHsciMWqXkcAAAAAAAAAAAEQfATAAjHHt7U45nR0EtAAAAAAAAAAAjAMEwAAwxrW1tQ/apns4PNSgOJqBMmE2AAAAAAAAAAB9IwAGgDHM3tImx3XTP3cZbohqKHzhK0EuAAAAAAAAAADhRQAMAGNUZ6dXbW3twxrdCwAAAAAAAAAARicCYAAYo+z2VnV0uG6oDwJjAAAAAAAAAABGFwJgABiDOjpcamt1RLWGUMNjwmYAAAAAAAAAAG4cATAAjDF+v1/2ljZ5PJ5ol9ILIS8AAAAAAAAAAJFFAAwAY0xzs12trW39nu9vTeDB1goebnhL6AsAAAAAAAAAwMghAAaAMcTR7pS9JRD+DhboDhkBLgAAAAAAAAAAowYBMACMER6PR80t9iFN/RzKyN+h9jOc60dKrNYFAAAAAAAAAEC4EQADwBjg9/vV1GSXo90ZtnB3IKMl+AUAAAAAAAAAYLwhAAaAMaCpqUUtzfZolzEiCJsBAAAAAAAAAOgfATAAjHLNTS2y2VrC3m9fQauh0Re+EhgDAAAAAAAAAMYTAmAAGMVaWlpls7XI7/MNabrnkZgeeqgGuz/BLQAAAAAAAAAAoSMABoBRqqWlVbbGZnm93gHbhRqkhiOMJbwFAAAAAAAAACA6CIABYBRqbrbL1tgsj8fT4/hQRviGNAp4gCCXUBgAAAAAAAAAgNgTH+0CAAChabI1q6nJrs7OzmiX0gPTOAMAAAAAAAAAEH0EwAAwily5Yht0zd9Iha6GjD77H8mQl0AZAAAAAAAAAICBEQADwCjgdrtls7Wouckuw7gWhA4WiA43JL6RoJWQFgAAAAAAAACA6CEABoAY197ukM3WovY2x4DthrvObyjnAQAAAAAAAABAbCMABoAY5ff7ZbM1q7nJLo8nsN5vX1nscAPaQUcED9DvjYbChMoAAAAAAAAAAEQGATAAxCCHw6kmW4vs9jZJfYe1oYzmjdi6wMOoZaB2Q2kfCoJmAAAAAAAAAMB4QwAMADHE4+lUc3OLWlpa5XF3jfrtCln7vy7SUz4bGtqawwAAAAAAAAAAILoIgAEgBvj9fjU329XSYpejvUPS0MLWUALZYQW/IQa+BMQAAAAAAAAAAEQXATAARJHf71dLS6ta7W2y29t6BajXj/7ta8rlgY4NRajr/0YL4TIAAAAAAAAAAIMjAAaAKHC7PWprbZe9tU1tre39Br+hCiUYHuo9uqZ/DuW6UNf8BQAAAAAA/397d5DTMAxEAXSOwAZx/+MhNkgkcZzaCYsuELQNjpq2IL23cSRnbC8jfXkCALAPATDAHXVdH91HH30/REo5Ik6D2tMxVud/Pp/T2v55S3DbUrN1zZb1AAAAAACAywTAADe0LEsMQ4quO4a+fZd+vaW7xbWtoNfaPwti/6bXt/dHHwEAAAAA+Mdenp8efQRuTAAMsKN5niOlMcYxH8c0xjCMzeHsXrd/9/xH8KV1t8xduy9ffJwBAAAAALBGAAywQa015nmJWkuUUmOaDlFKiWk6RM45cp6iHOq3mt9u+a6Fuy11Le+21Jydi/Uz3auFs+AYAAAAAADafAJ+mY+49yYPAQAAAABJRU5ErkJggg==" height="600" width="800"/>
Actualtrue:Expected:True]]>
  </system-out>
</testsuite> <!-- testcases.LoginTest_cb -->
